<?xml version="1.0" encoding="UTF-8"?>
<testsuite xmlns:xsi="http://www.w3.org/2001/XMLSchema-instance" xsi:noNamespaceSchemaLocation="https://maven.apache.org/surefire/maven-surefire-plugin/xsd/surefire-test-report-3.0.xsd" version="3.0" name="TestContainersBrowserTest" time="56.924" tests="1" errors="0" skipped="0" failures="0">
  <properties>
    <property name="java.specification.version" value="21"/>
    <property name="sun.cpu.isalist" value="amd64"/>
    <property name="sun.jnu.encoding" value="Cp1252"/>
    <property name="java.class.path" value="C:\Users\Elena\OneDrive\Escritorio\calidadPresentacion\testcontainers-browser\target\test-classes;C:\Users\Elena\OneDrive\Escritorio\calidadPresentacion\testcontainers-browser\target\classes;C:\Users\Elena\.m2\repository\org\junit\jupiter\junit-jupiter-api\5.10.0\junit-jupiter-api-5.10.0.jar;C:\Users\Elena\.m2\repository\org\opentest4j\opentest4j\1.3.0\opentest4j-1.3.0.jar;C:\Users\Elena\.m2\repository\org\junit\platform\junit-platform-commons\1.10.0\junit-platform-commons-1.10.0.jar;C:\Users\Elena\.m2\repository\org\apiguardian\apiguardian-api\1.1.2\apiguardian-api-1.1.2.jar;C:\Users\Elena\.m2\repository\org\junit\jupiter\junit-jupiter-engine\5.10.0\junit-jupiter-engine-5.10.0.jar;C:\Users\Elena\.m2\repository\org\junit\platform\junit-platform-engine\1.10.0\junit-platform-engine-1.10.0.jar;C:\Users\Elena\.m2\repository\ch\qos\logback\logback-classic\1.4.14\logback-classic-1.4.14.jar;C:\Users\Elena\.m2\repository\ch\qos\logback\logback-core\1.4.14\logback-core-1.4.14.jar;C:\Users\Elena\.m2\repository\org\slf4j\slf4j-api\2.0.7\slf4j-api-2.0.7.jar;C:\Users\Elena\.m2\repository\org\seleniumhq\selenium\selenium-java\4.20.0\selenium-java-4.20.0.jar;C:\Users\Elena\.m2\repository\org\seleniumhq\selenium\selenium-api\4.20.0\selenium-api-4.20.0.jar;C:\Users\Elena\.m2\repository\org\seleniumhq\selenium\selenium-chrome-driver\4.20.0\selenium-chrome-driver-4.20.0.jar;C:\Users\Elena\.m2\repository\org\seleniumhq\selenium\selenium-chromium-driver\4.20.0\selenium-chromium-driver-4.20.0.jar;C:\Users\Elena\.m2\repository\org\seleniumhq\selenium\selenium-devtools-v122\4.20.0\selenium-devtools-v122-4.20.0.jar;C:\Users\Elena\.m2\repository\org\seleniumhq\selenium\selenium-devtools-v123\4.20.0\selenium-devtools-v123-4.20.0.jar;C:\Users\Elena\.m2\repository\org\seleniumhq\selenium\selenium-devtools-v124\4.20.0\selenium-devtools-v124-4.20.0.jar;C:\Users\Elena\.m2\repository\org\seleniumhq\selenium\selenium-devtools-v85\4.20.0\selenium-devtools-v85-4.20.0.jar;C:\Users\Elena\.m2\repository\org\seleniumhq\selenium\selenium-edge-driver\4.20.0\selenium-edge-driver-4.20.0.jar;C:\Users\Elena\.m2\repository\org\seleniumhq\selenium\selenium-firefox-driver\4.20.0\selenium-firefox-driver-4.20.0.jar;C:\Users\Elena\.m2\repository\org\seleniumhq\selenium\selenium-ie-driver\4.20.0\selenium-ie-driver-4.20.0.jar;C:\Users\Elena\.m2\repository\org\seleniumhq\selenium\selenium-safari-driver\4.20.0\selenium-safari-driver-4.20.0.jar;C:\Users\Elena\.m2\repository\org\seleniumhq\selenium\selenium-support\4.20.0\selenium-support-4.20.0.jar;C:\Users\Elena\.m2\repository\org\seleniumhq\selenium\selenium-remote-driver\4.20.0\selenium-remote-driver-4.20.0.jar;C:\Users\Elena\.m2\repository\com\google\auto\service\auto-service-annotations\1.1.1\auto-service-annotations-1.1.1.jar;C:\Users\Elena\.m2\repository\com\google\guava\guava\33.1.0-jre\guava-33.1.0-jre.jar;C:\Users\Elena\.m2\repository\com\google\guava\failureaccess\1.0.2\failureaccess-1.0.2.jar;C:\Users\Elena\.m2\repository\com\google\guava\listenablefuture\9999.0-empty-to-avoid-conflict-with-guava\listenablefuture-9999.0-empty-to-avoid-conflict-with-guava.jar;C:\Users\Elena\.m2\repository\com\google\code\findbugs\jsr305\3.0.2\jsr305-3.0.2.jar;C:\Users\Elena\.m2\repository\org\checkerframework\checker-qual\3.42.0\checker-qual-3.42.0.jar;C:\Users\Elena\.m2\repository\com\google\errorprone\error_prone_annotations\2.26.1\error_prone_annotations-2.26.1.jar;C:\Users\Elena\.m2\repository\com\google\j2objc\j2objc-annotations\3.0.0\j2objc-annotations-3.0.0.jar;C:\Users\Elena\.m2\repository\io\opentelemetry\semconv\opentelemetry-semconv\1.25.0-alpha\opentelemetry-semconv-1.25.0-alpha.jar;C:\Users\Elena\.m2\repository\io\opentelemetry\opentelemetry-api\1.37.0\opentelemetry-api-1.37.0.jar;C:\Users\Elena\.m2\repository\io\opentelemetry\opentelemetry-context\1.37.0\opentelemetry-context-1.37.0.jar;C:\Users\Elena\.m2\repository\io\opentelemetry\opentelemetry-exporter-logging\1.37.0\opentelemetry-exporter-logging-1.37.0.jar;C:\Users\Elena\.m2\repository\io\opentelemetry\opentelemetry-sdk-common\1.37.0\opentelemetry-sdk-common-1.37.0.jar;C:\Users\Elena\.m2\repository\io\opentelemetry\opentelemetry-sdk-extension-autoconfigure-spi\1.37.0\opentelemetry-sdk-extension-autoconfigure-spi-1.37.0.jar;C:\Users\Elena\.m2\repository\io\opentelemetry\opentelemetry-sdk-extension-autoconfigure\1.37.0\opentelemetry-sdk-extension-autoconfigure-1.37.0.jar;C:\Users\Elena\.m2\repository\io\opentelemetry\opentelemetry-api-incubator\1.37.0-alpha\opentelemetry-api-incubator-1.37.0-alpha.jar;C:\Users\Elena\.m2\repository\io\opentelemetry\opentelemetry-sdk-trace\1.37.0\opentelemetry-sdk-trace-1.37.0.jar;C:\Users\Elena\.m2\repository\io\opentelemetry\opentelemetry-sdk\1.37.0\opentelemetry-sdk-1.37.0.jar;C:\Users\Elena\.m2\repository\io\opentelemetry\opentelemetry-sdk-metrics\1.37.0\opentelemetry-sdk-metrics-1.37.0.jar;C:\Users\Elena\.m2\repository\io\opentelemetry\opentelemetry-sdk-logs\1.37.0\opentelemetry-sdk-logs-1.37.0.jar;C:\Users\Elena\.m2\repository\net\bytebuddy\byte-buddy\1.14.14\byte-buddy-1.14.14.jar;C:\Users\Elena\.m2\repository\org\seleniumhq\selenium\selenium-http\4.20.0\selenium-http-4.20.0.jar;C:\Users\Elena\.m2\repository\dev\failsafe\failsafe\3.3.2\failsafe-3.3.2.jar;C:\Users\Elena\.m2\repository\org\seleniumhq\selenium\selenium-json\4.20.0\selenium-json-4.20.0.jar;C:\Users\Elena\.m2\repository\org\seleniumhq\selenium\selenium-manager\4.20.0\selenium-manager-4.20.0.jar;C:\Users\Elena\.m2\repository\org\seleniumhq\selenium\selenium-os\4.20.0\selenium-os-4.20.0.jar;C:\Users\Elena\.m2\repository\org\apache\commons\commons-exec\1.4.0\commons-exec-1.4.0.jar;C:\Users\Elena\.m2\repository\org\testcontainers\junit-jupiter\1.19.3\junit-jupiter-1.19.3.jar;C:\Users\Elena\.m2\repository\org\testcontainers\testcontainers\1.19.3\testcontainers-1.19.3.jar;C:\Users\Elena\.m2\repository\junit\junit\4.13.2\junit-4.13.2.jar;C:\Users\Elena\.m2\repository\org\hamcrest\hamcrest-core\1.3\hamcrest-core-1.3.jar;C:\Users\Elena\.m2\repository\org\apache\commons\commons-compress\1.24.0\commons-compress-1.24.0.jar;C:\Users\Elena\.m2\repository\org\rnorth\duct-tape\duct-tape\1.0.8\duct-tape-1.0.8.jar;C:\Users\Elena\.m2\repository\org\jetbrains\annotations\17.0.0\annotations-17.0.0.jar;C:\Users\Elena\.m2\repository\com\github\docker-java\docker-java-api\3.3.4\docker-java-api-3.3.4.jar;C:\Users\Elena\.m2\repository\com\fasterxml\jackson\core\jackson-annotations\2.10.3\jackson-annotations-2.10.3.jar;C:\Users\Elena\.m2\repository\com\github\docker-java\docker-java-transport-zerodep\3.3.4\docker-java-transport-zerodep-3.3.4.jar;C:\Users\Elena\.m2\repository\com\github\docker-java\docker-java-transport\3.3.4\docker-java-transport-3.3.4.jar;C:\Users\Elena\.m2\repository\net\java\dev\jna\jna\5.13.0\jna-5.13.0.jar;C:\Users\Elena\.m2\repository\org\testcontainers\selenium\1.19.3\selenium-1.19.3.jar;"/>
    <property name="java.vm.vendor" value="Eclipse Adoptium"/>
    <property name="sun.arch.data.model" value="64"/>
    <property name="user.variant" value=""/>
    <property name="java.vendor.url" value="https://adoptium.net/"/>
    <property name="user.timezone" value="Europe/Madrid"/>
    <property name="os.name" value="Windows 11"/>
    <property name="java.vm.specification.version" value="21"/>
    <property name="sun.java.launcher" value="SUN_STANDARD"/>
    <property name="user.country" value="ES"/>
    <property name="sun.boot.library.path" value="C:\Users\Elena\AppData\Roaming\Code\User\globalStorage\pleiades.java-extension-pack-jdk\java\21\bin"/>
    <property name="sun.java.command" value="C:\Users\Elena\AppData\Local\Temp\surefire16236807346578290721\surefirebooter-20250502094547571_3.jar C:\Users\Elena\AppData\Local\Temp\surefire16236807346578290721 2025-05-02T09-45-47_345-jvmRun1 surefire-20250502094547571_1tmp surefire_0-20250502094547571_2tmp"/>
    <property name="jdk.debug" value="release"/>
    <property name="surefire.test.class.path" value="C:\Users\Elena\OneDrive\Escritorio\calidadPresentacion\testcontainers-browser\target\test-classes;C:\Users\Elena\OneDrive\Escritorio\calidadPresentacion\testcontainers-browser\target\classes;C:\Users\Elena\.m2\repository\org\junit\jupiter\junit-jupiter-api\5.10.0\junit-jupiter-api-5.10.0.jar;C:\Users\Elena\.m2\repository\org\opentest4j\opentest4j\1.3.0\opentest4j-1.3.0.jar;C:\Users\Elena\.m2\repository\org\junit\platform\junit-platform-commons\1.10.0\junit-platform-commons-1.10.0.jar;C:\Users\Elena\.m2\repository\org\apiguardian\apiguardian-api\1.1.2\apiguardian-api-1.1.2.jar;C:\Users\Elena\.m2\repository\org\junit\jupiter\junit-jupiter-engine\5.10.0\junit-jupiter-engine-5.10.0.jar;C:\Users\Elena\.m2\repository\org\junit\platform\junit-platform-engine\1.10.0\junit-platform-engine-1.10.0.jar;C:\Users\Elena\.m2\repository\ch\qos\logback\logback-classic\1.4.14\logback-classic-1.4.14.jar;C:\Users\Elena\.m2\repository\ch\qos\logback\logback-core\1.4.14\logback-core-1.4.14.jar;C:\Users\Elena\.m2\repository\org\slf4j\slf4j-api\2.0.7\slf4j-api-2.0.7.jar;C:\Users\Elena\.m2\repository\org\seleniumhq\selenium\selenium-java\4.20.0\selenium-java-4.20.0.jar;C:\Users\Elena\.m2\repository\org\seleniumhq\selenium\selenium-api\4.20.0\selenium-api-4.20.0.jar;C:\Users\Elena\.m2\repository\org\seleniumhq\selenium\selenium-chrome-driver\4.20.0\selenium-chrome-driver-4.20.0.jar;C:\Users\Elena\.m2\repository\org\seleniumhq\selenium\selenium-chromium-driver\4.20.0\selenium-chromium-driver-4.20.0.jar;C:\Users\Elena\.m2\repository\org\seleniumhq\selenium\selenium-devtools-v122\4.20.0\selenium-devtools-v122-4.20.0.jar;C:\Users\Elena\.m2\repository\org\seleniumhq\selenium\selenium-devtools-v123\4.20.0\selenium-devtools-v123-4.20.0.jar;C:\Users\Elena\.m2\repository\org\seleniumhq\selenium\selenium-devtools-v124\4.20.0\selenium-devtools-v124-4.20.0.jar;C:\Users\Elena\.m2\repository\org\seleniumhq\selenium\selenium-devtools-v85\4.20.0\selenium-devtools-v85-4.20.0.jar;C:\Users\Elena\.m2\repository\org\seleniumhq\selenium\selenium-edge-driver\4.20.0\selenium-edge-driver-4.20.0.jar;C:\Users\Elena\.m2\repository\org\seleniumhq\selenium\selenium-firefox-driver\4.20.0\selenium-firefox-driver-4.20.0.jar;C:\Users\Elena\.m2\repository\org\seleniumhq\selenium\selenium-ie-driver\4.20.0\selenium-ie-driver-4.20.0.jar;C:\Users\Elena\.m2\repository\org\seleniumhq\selenium\selenium-safari-driver\4.20.0\selenium-safari-driver-4.20.0.jar;C:\Users\Elena\.m2\repository\org\seleniumhq\selenium\selenium-support\4.20.0\selenium-support-4.20.0.jar;C:\Users\Elena\.m2\repository\org\seleniumhq\selenium\selenium-remote-driver\4.20.0\selenium-remote-driver-4.20.0.jar;C:\Users\Elena\.m2\repository\com\google\auto\service\auto-service-annotations\1.1.1\auto-service-annotations-1.1.1.jar;C:\Users\Elena\.m2\repository\com\google\guava\guava\33.1.0-jre\guava-33.1.0-jre.jar;C:\Users\Elena\.m2\repository\com\google\guava\failureaccess\1.0.2\failureaccess-1.0.2.jar;C:\Users\Elena\.m2\repository\com\google\guava\listenablefuture\9999.0-empty-to-avoid-conflict-with-guava\listenablefuture-9999.0-empty-to-avoid-conflict-with-guava.jar;C:\Users\Elena\.m2\repository\com\google\code\findbugs\jsr305\3.0.2\jsr305-3.0.2.jar;C:\Users\Elena\.m2\repository\org\checkerframework\checker-qual\3.42.0\checker-qual-3.42.0.jar;C:\Users\Elena\.m2\repository\com\google\errorprone\error_prone_annotations\2.26.1\error_prone_annotations-2.26.1.jar;C:\Users\Elena\.m2\repository\com\google\j2objc\j2objc-annotations\3.0.0\j2objc-annotations-3.0.0.jar;C:\Users\Elena\.m2\repository\io\opentelemetry\semconv\opentelemetry-semconv\1.25.0-alpha\opentelemetry-semconv-1.25.0-alpha.jar;C:\Users\Elena\.m2\repository\io\opentelemetry\opentelemetry-api\1.37.0\opentelemetry-api-1.37.0.jar;C:\Users\Elena\.m2\repository\io\opentelemetry\opentelemetry-context\1.37.0\opentelemetry-context-1.37.0.jar;C:\Users\Elena\.m2\repository\io\opentelemetry\opentelemetry-exporter-logging\1.37.0\opentelemetry-exporter-logging-1.37.0.jar;C:\Users\Elena\.m2\repository\io\opentelemetry\opentelemetry-sdk-common\1.37.0\opentelemetry-sdk-common-1.37.0.jar;C:\Users\Elena\.m2\repository\io\opentelemetry\opentelemetry-sdk-extension-autoconfigure-spi\1.37.0\opentelemetry-sdk-extension-autoconfigure-spi-1.37.0.jar;C:\Users\Elena\.m2\repository\io\opentelemetry\opentelemetry-sdk-extension-autoconfigure\1.37.0\opentelemetry-sdk-extension-autoconfigure-1.37.0.jar;C:\Users\Elena\.m2\repository\io\opentelemetry\opentelemetry-api-incubator\1.37.0-alpha\opentelemetry-api-incubator-1.37.0-alpha.jar;C:\Users\Elena\.m2\repository\io\opentelemetry\opentelemetry-sdk-trace\1.37.0\opentelemetry-sdk-trace-1.37.0.jar;C:\Users\Elena\.m2\repository\io\opentelemetry\opentelemetry-sdk\1.37.0\opentelemetry-sdk-1.37.0.jar;C:\Users\Elena\.m2\repository\io\opentelemetry\opentelemetry-sdk-metrics\1.37.0\opentelemetry-sdk-metrics-1.37.0.jar;C:\Users\Elena\.m2\repository\io\opentelemetry\opentelemetry-sdk-logs\1.37.0\opentelemetry-sdk-logs-1.37.0.jar;C:\Users\Elena\.m2\repository\net\bytebuddy\byte-buddy\1.14.14\byte-buddy-1.14.14.jar;C:\Users\Elena\.m2\repository\org\seleniumhq\selenium\selenium-http\4.20.0\selenium-http-4.20.0.jar;C:\Users\Elena\.m2\repository\dev\failsafe\failsafe\3.3.2\failsafe-3.3.2.jar;C:\Users\Elena\.m2\repository\org\seleniumhq\selenium\selenium-json\4.20.0\selenium-json-4.20.0.jar;C:\Users\Elena\.m2\repository\org\seleniumhq\selenium\selenium-manager\4.20.0\selenium-manager-4.20.0.jar;C:\Users\Elena\.m2\repository\org\seleniumhq\selenium\selenium-os\4.20.0\selenium-os-4.20.0.jar;C:\Users\Elena\.m2\repository\org\apache\commons\commons-exec\1.4.0\commons-exec-1.4.0.jar;C:\Users\Elena\.m2\repository\org\testcontainers\junit-jupiter\1.19.3\junit-jupiter-1.19.3.jar;C:\Users\Elena\.m2\repository\org\testcontainers\testcontainers\1.19.3\testcontainers-1.19.3.jar;C:\Users\Elena\.m2\repository\junit\junit\4.13.2\junit-4.13.2.jar;C:\Users\Elena\.m2\repository\org\hamcrest\hamcrest-core\1.3\hamcrest-core-1.3.jar;C:\Users\Elena\.m2\repository\org\apache\commons\commons-compress\1.24.0\commons-compress-1.24.0.jar;C:\Users\Elena\.m2\repository\org\rnorth\duct-tape\duct-tape\1.0.8\duct-tape-1.0.8.jar;C:\Users\Elena\.m2\repository\org\jetbrains\annotations\17.0.0\annotations-17.0.0.jar;C:\Users\Elena\.m2\repository\com\github\docker-java\docker-java-api\3.3.4\docker-java-api-3.3.4.jar;C:\Users\Elena\.m2\repository\com\fasterxml\jackson\core\jackson-annotations\2.10.3\jackson-annotations-2.10.3.jar;C:\Users\Elena\.m2\repository\com\github\docker-java\docker-java-transport-zerodep\3.3.4\docker-java-transport-zerodep-3.3.4.jar;C:\Users\Elena\.m2\repository\com\github\docker-java\docker-java-transport\3.3.4\docker-java-transport-3.3.4.jar;C:\Users\Elena\.m2\repository\net\java\dev\jna\jna\5.13.0\jna-5.13.0.jar;C:\Users\Elena\.m2\repository\org\testcontainers\selenium\1.19.3\selenium-1.19.3.jar;"/>
    <property name="sun.cpu.endian" value="little"/>
    <property name="user.home" value="C:\Users\Elena"/>
    <property name="user.language" value="es"/>
    <property name="java.specification.vendor" value="Oracle Corporation"/>
    <property name="java.version.date" value="2025-01-21"/>
    <property name="java.home" value="C:\Users\Elena\AppData\Roaming\Code\User\globalStorage\pleiades.java-extension-pack-jdk\java\21"/>
    <property name="file.separator" value="\"/>
    <property name="basedir" value="C:\Users\Elena\OneDrive\Escritorio\calidadPresentacion\testcontainers-browser"/>
    <property name="java.vm.compressedOopsMode" value="Zero based"/>
    <property name="line.separator" value="&#10;"/>
    <property name="java.vm.specification.vendor" value="Oracle Corporation"/>
    <property name="java.specification.name" value="Java Platform API Specification"/>
    <property name="java.awt.headless" value="true"/>
    <property name="surefire.real.class.path" value="C:\Users\Elena\AppData\Local\Temp\surefire16236807346578290721\surefirebooter-20250502094547571_3.jar"/>
    <property name="user.script" value=""/>
    <property name="sun.management.compiler" value="HotSpot 64-Bit Tiered Compilers"/>
    <property name="java.runtime.version" value="21.0.6+7-LTS"/>
    <property name="user.name" value="Elena"/>
    <property name="stdout.encoding" value="UTF-8"/>
    <property name="path.separator" value=";"/>
    <property name="otel.metrics.exporter" value="none"/>
    <property name="os.version" value="10.0"/>
    <property name="java.runtime.name" value="OpenJDK Runtime Environment"/>
    <property name="otel.traces.exporter" value="none"/>
    <property name="file.encoding" value="UTF-8"/>
    <property name="java.vm.name" value="OpenJDK 64-Bit Server VM"/>
    <property name="java.vendor.version" value="Temurin-21.0.6+7"/>
    <property name="localRepository" value="C:\Users\Elena\.m2\repository"/>
    <property name="java.vendor.url.bug" value="https://github.com/adoptium/adoptium-support/issues"/>
    <property name="otel.logs.exporter" value="none"/>
    <property name="java.io.tmpdir" value="C:\Users\Elena\AppData\Local\Temp\"/>
    <property name="java.version" value="21.0.6"/>
    <property name="user.dir" value="C:\Users\Elena\OneDrive\Escritorio\calidadPresentacion\testcontainers-browser"/>
    <property name="os.arch" value="amd64"/>
    <property name="java.vm.specification.name" value="Java Virtual Machine Specification"/>
    <property name="sun.os.patch.level" value=""/>
    <property name="native.encoding" value="Cp1252"/>
    <property name="java.library.path" value="C:\Users\Elena\AppData\Roaming\Code\User\globalStorage\pleiades.java-extension-pack-jdk\java\21\bin;C:\WINDOWS\Sun\Java\bin;C:\WINDOWS\system32;C:\WINDOWS;C:\Users\Elena\AppData\Roaming\Code\User\globalStorage\pleiades.java-extension-pack-jdk\java\21\bin;C:\Users\Elena\bin;C:\Program Files\Git\mingw64\bin;C:\Program Files\Git\usr\local\bin;C:\Program Files\Git\usr\bin;C:\Program Files\Git\usr\bin;C:\Program Files\Git\mingw64\bin;C:\Program Files\Git\usr\bin;C:\Users\Elena\bin;C:\Users\Elena\OneDrive\Escritorio\php-8.4.5-Win32-vs17-x64;C:\Program Files\Java\jdk-23\bin;C:\Program Files\MySQL Server 9.2\bin;C:\WINDOWS\system32;C:\WINDOWS;C:\WINDOWS\System32\Wbem;C:\Program Files\Zulu\zulu-22\bin;C:\WINDOWS\System32\WindowsPowerShell\v1.0;C:\WINDOWS\System32\OpenSSH;C:\Program Files\Java\jdk-21\bin;C:\Program Files\Git\cmd;C:\FPC\3.2.2\bin\i386-Win32;C:\Program Files\MySQL\MySQL Server 9.2\bin;C:\Program Files\Docker\Docker\resources\bin;%NVM_HOME%;%NVM_SYMLINK%;C:\Users\Elena\OneDrive\apache-maven-3.9.9\bin;C:\Users\Elena\AppData\Local\Programs\Microsoft VS Code\bin;C:\Users\Elena\AppData\Roaming\npm;C:\Users\Elena\AppData\Local\Programs\mongosh;C:\Users\Elena\.fly\bin;C:\Program Files\heroku\bin;C:\Users\Elena\AppData\Local\Microsoft\WindowsApps;C:\Users\Elena\AppData\Local\nvm;C:\nvm4w\nodejs;C:\Program Files\Git\usr\bin\vendor_perl;C:\Program Files\Git\usr\bin\core_perl;."/>
    <property name="java.vm.info" value="mixed mode, sharing"/>
    <property name="stderr.encoding" value="UTF-8"/>
    <property name="java.vendor" value="Eclipse Adoptium"/>
    <property name="java.vm.version" value="21.0.6+7-LTS"/>
    <property name="sun.io.unicode.encoding" value="UnicodeLittle"/>
    <property name="java.class.version" value="65.0"/>
  </properties>
  <testcase name="testHttpCat404Direct" classname="TestContainersBrowserTest" time="56.347">
    <system-out><![CDATA[09:45:49.069 [main] DEBUG org.testcontainers.utility.TestcontainersConfiguration -- Testcontainers configuration overrides will be loaded from file:/C:/Users/Elena/.testcontainers.properties
09:45:49.118 [main] INFO org.testcontainers.images.PullPolicy -- Image pull policy will be performed by: DefaultPullPolicy()
09:45:49.126 [main] INFO org.testcontainers.utility.ImageNameSubstitutor -- Image name substitution will be performed by: DefaultImageNameSubstitutor (composite of 'ConfigurationFileImageNameSubstitutor' and 'PrefixingImageNameSubstitutor')
09:45:50.019 [main] INFO org.testcontainers.dockerclient.DockerClientProviderStrategy -- Loaded org.testcontainers.dockerclient.NpipeSocketClientProviderStrategy from ~/.testcontainers.properties, will try it first
09:45:50.026 [main] DEBUG org.testcontainers.dockerclient.DockerClientProviderStrategy -- Trying out strategy: NpipeSocketClientProviderStrategy
09:45:50.313 [main] DEBUG org.testcontainers.shaded.com.github.dockerjava.core.command.AbstrDockerCmd -- Cmd: 
09:45:50.345 [main] DEBUG com.github.dockerjava.zerodep.shaded.org.apache.hc.client5.http.impl.classic.InternalHttpClient -- ex-00000001: preparing request execution
09:45:50.351 [main] DEBUG com.github.dockerjava.zerodep.shaded.org.apache.hc.client5.http.protocol.RequestAddCookies -- Cookie spec selected: strict
09:45:50.359 [main] DEBUG com.github.dockerjava.zerodep.shaded.org.apache.hc.client5.http.protocol.RequestAuthCache -- Auth cache not set in the context
09:45:50.359 [main] DEBUG com.github.dockerjava.zerodep.shaded.org.apache.hc.client5.http.impl.classic.ProtocolExec -- ex-00000001: target auth state: UNCHALLENGED
09:45:50.361 [main] DEBUG com.github.dockerjava.zerodep.shaded.org.apache.hc.client5.http.impl.classic.ProtocolExec -- ex-00000001: proxy auth state: UNCHALLENGED
09:45:50.362 [main] DEBUG com.github.dockerjava.zerodep.shaded.org.apache.hc.client5.http.impl.classic.ConnectExec -- ex-00000001: acquiring connection with route {}->npipe://localhost:2375
09:45:50.362 [main] DEBUG com.github.dockerjava.zerodep.shaded.org.apache.hc.client5.http.impl.classic.InternalHttpClient -- ex-00000001: acquiring endpoint (3 MINUTES)
09:45:50.365 [main] DEBUG com.github.dockerjava.zerodep.shaded.org.apache.hc.client5.http.impl.io.PoolingHttpClientConnectionManager -- ex-00000001: endpoint lease request (3 MINUTES) [route: {}->npipe://localhost:2375][total available: 0; route allocated: 0 of 2147483647; total allocated: 0 of 2147483647]
09:45:50.370 [main] DEBUG com.github.dockerjava.zerodep.shaded.org.apache.hc.client5.http.impl.io.PoolingHttpClientConnectionManager -- ex-00000001: endpoint leased [route: {}->npipe://localhost:2375][total available: 0; route allocated: 1 of 2147483647; total allocated: 1 of 2147483647]
09:45:50.388 [main] DEBUG com.github.dockerjava.zerodep.shaded.org.apache.hc.client5.http.impl.io.PoolingHttpClientConnectionManager -- ex-00000001: acquired ep-00000000
09:45:50.388 [main] DEBUG com.github.dockerjava.zerodep.shaded.org.apache.hc.client5.http.impl.classic.InternalHttpClient -- ex-00000001: acquired endpoint ep-00000000
09:45:50.388 [main] DEBUG com.github.dockerjava.zerodep.shaded.org.apache.hc.client5.http.impl.classic.ConnectExec -- ex-00000001: opening connection {}->npipe://localhost:2375
09:45:50.389 [main] DEBUG com.github.dockerjava.zerodep.shaded.org.apache.hc.client5.http.impl.classic.InternalHttpClient -- ep-00000000: connecting endpoint (3 MINUTES)
09:45:50.390 [main] DEBUG com.github.dockerjava.zerodep.shaded.org.apache.hc.client5.http.impl.io.PoolingHttpClientConnectionManager -- ep-00000000: connecting endpoint to npipe://localhost:2375 (3 MINUTES)
09:45:50.402 [main] DEBUG com.github.dockerjava.zerodep.shaded.org.apache.hc.client5.http.impl.io.DefaultHttpClientConnectionOperator -- http-outgoing-0: connecting to localhost/127.0.0.1:2375
09:45:50.404 [main] DEBUG com.github.dockerjava.zerodep.shaded.org.apache.hc.client5.http.impl.io.DefaultHttpClientConnectionOperator -- http-outgoing-0: connection established 
09:45:50.404 [main] DEBUG com.github.dockerjava.zerodep.shaded.org.apache.hc.client5.http.impl.io.PoolingHttpClientConnectionManager -- ep-00000000: connected http-outgoing-0
09:45:50.404 [main] DEBUG com.github.dockerjava.zerodep.shaded.org.apache.hc.client5.http.impl.classic.InternalHttpClient -- ep-00000000: endpoint connected
09:45:50.405 [main] DEBUG com.github.dockerjava.zerodep.shaded.org.apache.hc.client5.http.impl.classic.MainClientExec -- ex-00000001: executing GET /v1.32/info HTTP/1.1
09:45:50.406 [main] DEBUG com.github.dockerjava.zerodep.shaded.org.apache.hc.client5.http.impl.classic.InternalHttpClient -- ep-00000000: start execution ex-00000001
09:45:50.406 [main] DEBUG com.github.dockerjava.zerodep.shaded.org.apache.hc.client5.http.impl.io.PoolingHttpClientConnectionManager -- ep-00000000: executing exchange ex-00000001 over http-outgoing-0
09:45:50.407 [main] DEBUG com.github.dockerjava.zerodep.shaded.org.apache.hc.client5.http.headers -- http-outgoing-0 >> GET /v1.32/info HTTP/1.1
09:45:50.407 [main] DEBUG com.github.dockerjava.zerodep.shaded.org.apache.hc.client5.http.headers -- http-outgoing-0 >> x-tc-sid: bfc2ed12-23ce-401f-a1df-f57c73ebd58a
09:45:50.408 [main] DEBUG com.github.dockerjava.zerodep.shaded.org.apache.hc.client5.http.headers -- http-outgoing-0 >> User-Agent: tc-java/1.19.3
09:45:50.408 [main] DEBUG com.github.dockerjava.zerodep.shaded.org.apache.hc.client5.http.headers -- http-outgoing-0 >> Accept-Encoding: gzip, x-gzip, deflate
09:45:50.408 [main] DEBUG com.github.dockerjava.zerodep.shaded.org.apache.hc.client5.http.headers -- http-outgoing-0 >> Host: localhost:2375
09:45:50.408 [main] DEBUG com.github.dockerjava.zerodep.shaded.org.apache.hc.client5.http.headers -- http-outgoing-0 >> Connection: keep-alive
09:45:50.409 [main] DEBUG com.github.dockerjava.zerodep.shaded.org.apache.hc.client5.http.wire -- http-outgoing-0 >> "GET /v1.32/info HTTP/1.1[\r][\n]"
09:45:50.409 [main] DEBUG com.github.dockerjava.zerodep.shaded.org.apache.hc.client5.http.wire -- http-outgoing-0 >> "x-tc-sid: bfc2ed12-23ce-401f-a1df-f57c73ebd58a[\r][\n]"
09:45:50.409 [main] DEBUG com.github.dockerjava.zerodep.shaded.org.apache.hc.client5.http.wire -- http-outgoing-0 >> "User-Agent: tc-java/1.19.3[\r][\n]"
09:45:50.409 [main] DEBUG com.github.dockerjava.zerodep.shaded.org.apache.hc.client5.http.wire -- http-outgoing-0 >> "Accept-Encoding: gzip, x-gzip, deflate[\r][\n]"
09:45:50.409 [main] DEBUG com.github.dockerjava.zerodep.shaded.org.apache.hc.client5.http.wire -- http-outgoing-0 >> "Host: localhost:2375[\r][\n]"
09:45:50.410 [main] DEBUG com.github.dockerjava.zerodep.shaded.org.apache.hc.client5.http.wire -- http-outgoing-0 >> "Connection: keep-alive[\r][\n]"
09:45:50.410 [main] DEBUG com.github.dockerjava.zerodep.shaded.org.apache.hc.client5.http.wire -- http-outgoing-0 >> "[\r][\n]"
09:45:50.517 [main] DEBUG com.github.dockerjava.zerodep.shaded.org.apache.hc.client5.http.wire -- http-outgoing-0 << "HTTP/1.1 200 OK[\r][\n]"
09:45:50.517 [main] DEBUG com.github.dockerjava.zerodep.shaded.org.apache.hc.client5.http.wire -- http-outgoing-0 << "Api-Version: 1.47[\r][\n]"
09:45:50.517 [main] DEBUG com.github.dockerjava.zerodep.shaded.org.apache.hc.client5.http.wire -- http-outgoing-0 << "Content-Type: application/json[\r][\n]"
09:45:50.518 [main] DEBUG com.github.dockerjava.zerodep.shaded.org.apache.hc.client5.http.wire -- http-outgoing-0 << "Date: Fri, 02 May 2025 07:45:50 GMT[\r][\n]"
09:45:50.518 [main] DEBUG com.github.dockerjava.zerodep.shaded.org.apache.hc.client5.http.wire -- http-outgoing-0 << "Docker-Experimental: false[\r][\n]"
09:45:50.518 [main] DEBUG com.github.dockerjava.zerodep.shaded.org.apache.hc.client5.http.wire -- http-outgoing-0 << "Ostype: linux[\r][\n]"
09:45:50.518 [main] DEBUG com.github.dockerjava.zerodep.shaded.org.apache.hc.client5.http.wire -- http-outgoing-0 << "Server: Docker/27.5.1 (linux)[\r][\n]"
09:45:50.518 [main] DEBUG com.github.dockerjava.zerodep.shaded.org.apache.hc.client5.http.wire -- http-outgoing-0 << "Transfer-Encoding: chunked[\r][\n]"
09:45:50.519 [main] DEBUG com.github.dockerjava.zerodep.shaded.org.apache.hc.client5.http.wire -- http-outgoing-0 << "[\r][\n]"
09:45:50.521 [main] DEBUG com.github.dockerjava.zerodep.shaded.org.apache.hc.client5.http.headers -- http-outgoing-0 << HTTP/1.1 200 OK
09:45:50.521 [main] DEBUG com.github.dockerjava.zerodep.shaded.org.apache.hc.client5.http.headers -- http-outgoing-0 << Api-Version: 1.47
09:45:50.521 [main] DEBUG com.github.dockerjava.zerodep.shaded.org.apache.hc.client5.http.headers -- http-outgoing-0 << Content-Type: application/json
09:45:50.521 [main] DEBUG com.github.dockerjava.zerodep.shaded.org.apache.hc.client5.http.headers -- http-outgoing-0 << Date: Fri, 02 May 2025 07:45:50 GMT
09:45:50.521 [main] DEBUG com.github.dockerjava.zerodep.shaded.org.apache.hc.client5.http.headers -- http-outgoing-0 << Docker-Experimental: false
09:45:50.521 [main] DEBUG com.github.dockerjava.zerodep.shaded.org.apache.hc.client5.http.headers -- http-outgoing-0 << Ostype: linux
09:45:50.521 [main] DEBUG com.github.dockerjava.zerodep.shaded.org.apache.hc.client5.http.headers -- http-outgoing-0 << Server: Docker/27.5.1 (linux)
09:45:50.521 [main] DEBUG com.github.dockerjava.zerodep.shaded.org.apache.hc.client5.http.headers -- http-outgoing-0 << Transfer-Encoding: chunked
09:45:50.530 [main] DEBUG com.github.dockerjava.zerodep.shaded.org.apache.hc.client5.http.impl.classic.MainClientExec -- ex-00000001: connection can be kept alive for 3 MINUTES
09:45:50.539 [main] DEBUG com.github.dockerjava.zerodep.shaded.org.apache.hc.client5.http.wire -- http-outgoing-0 << "acc[\r][\n]"
09:45:50.540 [main] DEBUG com.github.dockerjava.zerodep.shaded.org.apache.hc.client5.http.wire -- http-outgoing-0 << "{"ID":"7723e164-43b6-4a01-b297-f325e35cecd5","Containers":2,"ContainersRunning":2,"ContainersPaused":0,"ContainersStopped":0,"Images":6,"Driver":"overlayfs","DriverStatus":[["driver-type","io.containerd.snapshotter.v1"]],"Plugins":{"Volume":["local"],"Network":["bridge","host","ipvlan","macvlan","null","overlay"],"Authorization":null,"Log":["awslogs","fluentd","gcplogs","gelf","journald","json-file","local","splunk","syslog"]},"MemoryLimit":true,"SwapLimit":true,"KernelMemory":true,"KernelMemoryTCP":true,"CpuCfsPeriod":true,"CpuCfsQuota":true,"CPUShares":true,"CPUSet":true,"PidsLimit":true,"IPv4Forwarding":true,"BridgeNfIptables":true,"BridgeNfIp6tables":true,"Debug":false,"NFd":79,"OomKillDisable":true,"NGoroutines":110,"SystemTime":"2025-05-02T07:45:50.41810441Z","LoggingDriver":"json-file","CgroupDriver":"cgroupfs","CgroupVersion":"1","NEventsListener":18,"KernelVersion":"5.15.167.4-microsoft-standard-WSL2","OperatingSystem":"Docker Desktop","OSVersion":"","OSType":"linux","Architecture":"x86_64","IndexServerAddress":"https://index.docker.io/v1/","RegistryConfig":{"AllowNondistributableArtifactsCIDRs":null,"AllowNondistributableArtifactsHostnames":null,"InsecureRegistryCIDRs":["127.0.0.0/8"],"IndexConfigs":{"docker.io":{"Name":"docker.io","Mirrors":[],"Secure":true,"Official":true},"hubproxy.docker.internal:5555":{"Name":"hubproxy.docker.internal:5555","Mirrors":[],"Secure":false,"Official":false}},"Mirrors":null},"NCPU":8,"MemTotal":8170528768,"GenericResources":null,"DockerRootDir":"/var/lib/docker","HttpProxy":"http.docker.internal:3128","HttpsProxy":"http.docker.internal:3128","NoProxy":"hubproxy.docker.internal","Name":"docker-desktop","Labels":["com.docker.desktop.address=npipe://\\\\.\\pipe\\docker_cli"],"ExperimentalBuild":false,"ServerVersion":"27.5.1","Runtimes":{"io.containerd.runc.v2":{"path":"runc"},"nvidia":{"path":"nvidia-container-runtime"},"runc":{"path":"runc"}},"DefaultRuntime":"runc","Swarm":{"NodeID":"","NodeAddr":"","LocalNodeState":"inactive","ControlAvailable":false,"Error":"","RemoteManagers":null},"LiveRestoreEnabled":false,"Isolation":"","InitBinary":"docker-init","ContainerdCommit":{"ID":"bcc810d6b9066471b0b6fa75f557a15a1cbf31bb","Expected":"bcc810d6b9066471b0b6fa75f557a15a1cbf31bb"},"RuncCommit":{"ID":"v1.1.12-0-g51d5e946","Expected":"v1.1.12-0-g51d5e946"},"InitCommit":{"ID":"de40ad0","Expected":"de40ad0"},"SecurityOptions":["name=seccomp,profile=unconfined"],"CDISpecDirs":["/etc/cdi","/var/run/cdi"],"Warnings":["WARNING: No blkio throttle.read_bps_device support","WARNING: No blkio throttle.write_bps_device support","WARNING: No blkio throttle.read_iops_device support","WARNING: No blkio throttle.write_iops_device support","WARNING: daemon is not using the default seccomp profile"]}[\r][\n]"
09:45:50.688 [main] DEBUG com.github.dockerjava.zerodep.shaded.org.apache.hc.client5.http.wire -- http-outgoing-0 << "0[\r][\n]"
09:45:50.688 [main] DEBUG com.github.dockerjava.zerodep.shaded.org.apache.hc.client5.http.wire -- http-outgoing-0 << "[\r][\n]"
09:45:50.690 [main] DEBUG com.github.dockerjava.zerodep.shaded.org.apache.hc.client5.http.impl.classic.InternalHttpClient -- ep-00000000: releasing valid endpoint
09:45:50.690 [main] DEBUG com.github.dockerjava.zerodep.shaded.org.apache.hc.client5.http.impl.io.PoolingHttpClientConnectionManager -- ep-00000000: releasing endpoint
09:45:50.690 [main] DEBUG com.github.dockerjava.zerodep.shaded.org.apache.hc.client5.http.impl.io.PoolingHttpClientConnectionManager -- ep-00000000: connection http-outgoing-0 can be kept alive for 3 MINUTES
09:45:50.691 [main] DEBUG com.github.dockerjava.zerodep.shaded.org.apache.hc.client5.http.impl.io.PoolingHttpClientConnectionManager -- ep-00000000: connection released [route: {}->npipe://localhost:2375][total available: 1; route allocated: 1 of 2147483647; total allocated: 1 of 2147483647]
09:45:50.692 [main] INFO org.testcontainers.dockerclient.DockerClientProviderStrategy -- Found Docker environment with local Npipe socket (npipe:////./pipe/docker_engine)
09:45:50.693 [main] DEBUG org.testcontainers.dockerclient.DockerClientProviderStrategy -- Transport type: 'httpclient5', Docker host: 'npipe:////./pipe/docker_engine'
09:45:50.693 [main] DEBUG org.testcontainers.dockerclient.DockerClientProviderStrategy -- Checking Docker OS type for local Npipe socket (npipe:////./pipe/docker_engine)
09:45:50.695 [main] INFO org.testcontainers.DockerClientFactory -- Docker host IP address is localhost
09:45:50.695 [main] DEBUG org.testcontainers.DockerClientFactory -- Docker info: {CDISpecDirs=[/etc/cdi, /var/run/cdi], NGoroutines=110, Name=docker-desktop, Swarm={NodeID=, NodeAddr=, LocalNodeState=inactive, ControlAvailable=false, Error=, RemoteManagers=null}, RuncCommit={ID=v1.1.12-0-g51d5e946, Expected=v1.1.12-0-g51d5e946}, OSVersion=, Runtimes={io.containerd.runc.v2={path=runc}, nvidia={path=nvidia-container-runtime}, runc={path=runc}}, ID=7723e164-43b6-4a01-b297-f325e35cecd5, DriverStatus=[[driver-type, io.containerd.snapshotter.v1]], BridgeNfIptables=true, LiveRestoreEnabled=false, SystemTime=2025-05-02T07:45:50.41810441Z, NoProxy=hubproxy.docker.internal, Architecture=x86_64, NEventsListener=18, HttpsProxy=http.docker.internal:3128, Images=6, ContainersRunning=2, Labels=[com.docker.desktop.address=npipe://\\.\pipe\docker_cli], InitCommit={ID=de40ad0, Expected=de40ad0}, NFd=79, KernelVersion=5.15.167.4-microsoft-standard-WSL2, LoggingDriver=json-file, OSType=linux, SecurityOptions=[name=seccomp,profile=unconfined], ContainerdCommit={ID=bcc810d6b9066471b0b6fa75f557a15a1cbf31bb, Expected=bcc810d6b9066471b0b6fa75f557a15a1cbf31bb}, GenericResources=null, KernelMemory=true, OperatingSystem=Docker Desktop, RegistryConfig={AllowNondistributableArtifactsCIDRs=null, AllowNondistributableArtifactsHostnames=null, InsecureRegistryCIDRs=[127.0.0.0/8], IndexConfigs={docker.io={Name=docker.io, Mirrors=[], Secure=true, Official=true}, hubproxy.docker.internal:5555={Name=hubproxy.docker.internal:5555, Mirrors=[], Secure=false, Official=false}}, Mirrors=null}, ServerVersion=27.5.1, OomKillDisable=true, CpuCfsQuota=true, Containers=2, Driver=overlayfs, KernelMemoryTCP=true, IPv4Forwarding=true, ExperimentalBuild=false, DockerRootDir=/var/lib/docker, CPUSet=true, CpuCfsPeriod=true, DefaultRuntime=runc, CPUShares=true, Debug=false, NCPU=8, Plugins={Volume=[local], Network=[bridge, host, ipvlan, macvlan, null, overlay], Authorization=null, Log=[awslogs, fluentd, gcplogs, gelf, journald, json-file, local, splunk, syslog]}, SwapLimit=true, CgroupDriver=cgroupfs, ContainersPaused=0, MemTotal=8170528768, IndexServerAddress=https://index.docker.io/v1/, MemoryLimit=true, HttpProxy=http.docker.internal:3128, InitBinary=docker-init, CgroupVersion=1, PidsLimit=true, Isolation=, BridgeNfIp6tables=true, Warnings=[WARNING: No blkio throttle.read_bps_device support, WARNING: No blkio throttle.write_bps_device support, WARNING: No blkio throttle.read_iops_device support, WARNING: No blkio throttle.write_iops_device support, WARNING: daemon is not using the default seccomp profile], ContainersStopped=0}
09:45:50.697 [main] DEBUG org.testcontainers.shaded.com.github.dockerjava.core.command.AbstrDockerCmd -- Cmd: 
09:45:50.700 [main] DEBUG com.github.dockerjava.zerodep.shaded.org.apache.hc.client5.http.impl.classic.InternalHttpClient -- ex-00000002: preparing request execution
09:45:50.700 [main] DEBUG com.github.dockerjava.zerodep.shaded.org.apache.hc.client5.http.protocol.RequestAddCookies -- Cookie spec selected: strict
09:45:50.700 [main] DEBUG com.github.dockerjava.zerodep.shaded.org.apache.hc.client5.http.protocol.RequestAuthCache -- Auth cache not set in the context
09:45:50.700 [main] DEBUG com.github.dockerjava.zerodep.shaded.org.apache.hc.client5.http.impl.classic.ProtocolExec -- ex-00000002: target auth state: UNCHALLENGED
09:45:50.700 [main] DEBUG com.github.dockerjava.zerodep.shaded.org.apache.hc.client5.http.impl.classic.ProtocolExec -- ex-00000002: proxy auth state: UNCHALLENGED
09:45:50.700 [main] DEBUG com.github.dockerjava.zerodep.shaded.org.apache.hc.client5.http.impl.classic.ConnectExec -- ex-00000002: acquiring connection with route {}->npipe://localhost:2375
09:45:50.700 [main] DEBUG com.github.dockerjava.zerodep.shaded.org.apache.hc.client5.http.impl.classic.InternalHttpClient -- ex-00000002: acquiring endpoint (3 MINUTES)
09:45:50.700 [main] DEBUG com.github.dockerjava.zerodep.shaded.org.apache.hc.client5.http.impl.io.PoolingHttpClientConnectionManager -- ex-00000002: endpoint lease request (3 MINUTES) [route: {}->npipe://localhost:2375][total available: 1; route allocated: 1 of 2147483647; total allocated: 1 of 2147483647]
09:45:50.701 [main] DEBUG com.github.dockerjava.zerodep.shaded.org.apache.hc.client5.http.impl.io.PoolingHttpClientConnectionManager -- ex-00000002: endpoint leased [route: {}->npipe://localhost:2375][total available: 0; route allocated: 1 of 2147483647; total allocated: 1 of 2147483647]
09:45:50.701 [main] DEBUG com.github.dockerjava.zerodep.shaded.org.apache.hc.client5.http.impl.io.PoolingHttpClientConnectionManager -- ex-00000002: acquired ep-00000001
09:45:50.701 [main] DEBUG com.github.dockerjava.zerodep.shaded.org.apache.hc.client5.http.impl.classic.InternalHttpClient -- ex-00000002: acquired endpoint ep-00000001
09:45:50.701 [main] DEBUG com.github.dockerjava.zerodep.shaded.org.apache.hc.client5.http.impl.classic.MainClientExec -- ex-00000002: executing GET /v1.32/version HTTP/1.1
09:45:50.701 [main] DEBUG com.github.dockerjava.zerodep.shaded.org.apache.hc.client5.http.impl.classic.InternalHttpClient -- ep-00000001: start execution ex-00000002
09:45:50.701 [main] DEBUG com.github.dockerjava.zerodep.shaded.org.apache.hc.client5.http.impl.io.PoolingHttpClientConnectionManager -- ep-00000001: executing exchange ex-00000002 over http-outgoing-0
09:45:50.701 [main] DEBUG com.github.dockerjava.zerodep.shaded.org.apache.hc.client5.http.headers -- http-outgoing-0 >> GET /v1.32/version HTTP/1.1
09:45:50.701 [main] DEBUG com.github.dockerjava.zerodep.shaded.org.apache.hc.client5.http.headers -- http-outgoing-0 >> accept: application/json
09:45:50.702 [main] DEBUG com.github.dockerjava.zerodep.shaded.org.apache.hc.client5.http.headers -- http-outgoing-0 >> x-tc-sid: bfc2ed12-23ce-401f-a1df-f57c73ebd58a
09:45:50.702 [main] DEBUG com.github.dockerjava.zerodep.shaded.org.apache.hc.client5.http.headers -- http-outgoing-0 >> User-Agent: tc-java/1.19.3
09:45:50.702 [main] DEBUG com.github.dockerjava.zerodep.shaded.org.apache.hc.client5.http.headers -- http-outgoing-0 >> Accept-Encoding: gzip, x-gzip, deflate
09:45:50.702 [main] DEBUG com.github.dockerjava.zerodep.shaded.org.apache.hc.client5.http.headers -- http-outgoing-0 >> Host: localhost:2375
09:45:50.702 [main] DEBUG com.github.dockerjava.zerodep.shaded.org.apache.hc.client5.http.headers -- http-outgoing-0 >> Connection: keep-alive
09:45:50.702 [main] DEBUG com.github.dockerjava.zerodep.shaded.org.apache.hc.client5.http.wire -- http-outgoing-0 >> "GET /v1.32/version HTTP/1.1[\r][\n]"
09:45:50.702 [main] DEBUG com.github.dockerjava.zerodep.shaded.org.apache.hc.client5.http.wire -- http-outgoing-0 >> "accept: application/json[\r][\n]"
09:45:50.702 [main] DEBUG com.github.dockerjava.zerodep.shaded.org.apache.hc.client5.http.wire -- http-outgoing-0 >> "x-tc-sid: bfc2ed12-23ce-401f-a1df-f57c73ebd58a[\r][\n]"
09:45:50.702 [main] DEBUG com.github.dockerjava.zerodep.shaded.org.apache.hc.client5.http.wire -- http-outgoing-0 >> "User-Agent: tc-java/1.19.3[\r][\n]"
09:45:50.702 [main] DEBUG com.github.dockerjava.zerodep.shaded.org.apache.hc.client5.http.wire -- http-outgoing-0 >> "Accept-Encoding: gzip, x-gzip, deflate[\r][\n]"
09:45:50.702 [main] DEBUG com.github.dockerjava.zerodep.shaded.org.apache.hc.client5.http.wire -- http-outgoing-0 >> "Host: localhost:2375[\r][\n]"
09:45:50.702 [main] DEBUG com.github.dockerjava.zerodep.shaded.org.apache.hc.client5.http.wire -- http-outgoing-0 >> "Connection: keep-alive[\r][\n]"
09:45:50.702 [main] DEBUG com.github.dockerjava.zerodep.shaded.org.apache.hc.client5.http.wire -- http-outgoing-0 >> "[\r][\n]"
09:45:50.728 [main] DEBUG com.github.dockerjava.zerodep.shaded.org.apache.hc.client5.http.wire -- http-outgoing-0 << "HTTP/1.1 200 OK[\r][\n]"
09:45:50.729 [main] DEBUG com.github.dockerjava.zerodep.shaded.org.apache.hc.client5.http.wire -- http-outgoing-0 << "Api-Version: 1.47[\r][\n]"
09:45:50.730 [main] DEBUG com.github.dockerjava.zerodep.shaded.org.apache.hc.client5.http.wire -- http-outgoing-0 << "Content-Type: application/json[\r][\n]"
09:45:50.730 [main] DEBUG com.github.dockerjava.zerodep.shaded.org.apache.hc.client5.http.wire -- http-outgoing-0 << "Date: Fri, 02 May 2025 07:45:50 GMT[\r][\n]"
09:45:50.730 [main] DEBUG com.github.dockerjava.zerodep.shaded.org.apache.hc.client5.http.wire -- http-outgoing-0 << "Docker-Experimental: false[\r][\n]"
09:45:50.730 [main] DEBUG com.github.dockerjava.zerodep.shaded.org.apache.hc.client5.http.wire -- http-outgoing-0 << "Ostype: linux[\r][\n]"
09:45:50.730 [main] DEBUG com.github.dockerjava.zerodep.shaded.org.apache.hc.client5.http.wire -- http-outgoing-0 << "Server: Docker/27.5.1 (linux)[\r][\n]"
09:45:50.730 [main] DEBUG com.github.dockerjava.zerodep.shaded.org.apache.hc.client5.http.wire -- http-outgoing-0 << "Transfer-Encoding: chunked[\r][\n]"
09:45:50.730 [main] DEBUG com.github.dockerjava.zerodep.shaded.org.apache.hc.client5.http.wire -- http-outgoing-0 << "[\r][\n]"
09:45:50.731 [main] DEBUG com.github.dockerjava.zerodep.shaded.org.apache.hc.client5.http.headers -- http-outgoing-0 << HTTP/1.1 200 OK
09:45:50.731 [main] DEBUG com.github.dockerjava.zerodep.shaded.org.apache.hc.client5.http.headers -- http-outgoing-0 << Api-Version: 1.47
09:45:50.731 [main] DEBUG com.github.dockerjava.zerodep.shaded.org.apache.hc.client5.http.headers -- http-outgoing-0 << Content-Type: application/json
09:45:50.731 [main] DEBUG com.github.dockerjava.zerodep.shaded.org.apache.hc.client5.http.headers -- http-outgoing-0 << Date: Fri, 02 May 2025 07:45:50 GMT
09:45:50.731 [main] DEBUG com.github.dockerjava.zerodep.shaded.org.apache.hc.client5.http.headers -- http-outgoing-0 << Docker-Experimental: false
09:45:50.731 [main] DEBUG com.github.dockerjava.zerodep.shaded.org.apache.hc.client5.http.headers -- http-outgoing-0 << Ostype: linux
09:45:50.731 [main] DEBUG com.github.dockerjava.zerodep.shaded.org.apache.hc.client5.http.headers -- http-outgoing-0 << Server: Docker/27.5.1 (linux)
09:45:50.731 [main] DEBUG com.github.dockerjava.zerodep.shaded.org.apache.hc.client5.http.headers -- http-outgoing-0 << Transfer-Encoding: chunked
09:45:50.731 [main] DEBUG com.github.dockerjava.zerodep.shaded.org.apache.hc.client5.http.impl.classic.MainClientExec -- ex-00000002: connection can be kept alive for 3 MINUTES
09:45:50.732 [main] DEBUG com.github.dockerjava.zerodep.shaded.org.apache.hc.client5.http.wire -- http-outgoing-0 << "362[\r][\n]"
09:45:50.732 [main] DEBUG com.github.dockerjava.zerodep.shaded.org.apache.hc.client5.http.wire -- http-outgoing-0 << "{"Platform":{"Name":"Docker Desktop 4.38.0 (181591)"},"Components":[{"Name":"Engine","Version":"27.5.1","Details":{"ApiVersion":"1.47","Arch":"amd64","BuildTime":"2025-01-22T13:41:17.000000000+00:00","Experimental":"false","GitCommit":"4c9b3b0","GoVersion":"go1.22.11","KernelVersion":"5.15.167.4-microsoft-standard-WSL2","MinAPIVersion":"1.24","Os":"linux"}},{"Name":"containerd","Version":"1.7.25","Details":{"GitCommit":"bcc810d6b9066471b0b6fa75f557a15a1cbf31bb"}},{"Name":"runc","Version":"1.1.12","Details":{"GitCommit":"v1.1.12-0-g51d5e946"}},{"Name":"docker-init","Version":"0.19.0","Details":{"GitCommit":"de40ad0"}}],"Version":"27.5.1","ApiVersion":"1.47","MinAPIVersion":"1.24","GitCommit":"4c9b3b0","GoVersion":"go1.22.11","Os":"linux","Arch":"amd64","KernelVersion":"5.15.167.4-microsoft-standard-WSL2","BuildTime":"2025-01-22T13:41:17.000000000+00:00"}[\n]"
09:45:50.732 [main] DEBUG com.github.dockerjava.zerodep.shaded.org.apache.hc.client5.http.wire -- http-outgoing-0 << "[\r][\n]"
09:45:50.732 [main] DEBUG com.github.dockerjava.zerodep.shaded.org.apache.hc.client5.http.wire -- http-outgoing-0 << "0[\r][\n]"
09:45:50.732 [main] DEBUG com.github.dockerjava.zerodep.shaded.org.apache.hc.client5.http.wire -- http-outgoing-0 << "[\r][\n]"
09:45:50.746 [main] DEBUG com.github.dockerjava.zerodep.shaded.org.apache.hc.client5.http.impl.classic.InternalHttpClient -- ep-00000001: releasing valid endpoint
09:45:50.746 [main] DEBUG com.github.dockerjava.zerodep.shaded.org.apache.hc.client5.http.impl.io.PoolingHttpClientConnectionManager -- ep-00000001: releasing endpoint
09:45:50.746 [main] DEBUG com.github.dockerjava.zerodep.shaded.org.apache.hc.client5.http.impl.io.PoolingHttpClientConnectionManager -- ep-00000001: connection http-outgoing-0 can be kept alive for 3 MINUTES
09:45:50.746 [main] DEBUG com.github.dockerjava.zerodep.shaded.org.apache.hc.client5.http.impl.io.PoolingHttpClientConnectionManager -- ep-00000001: connection released [route: {}->npipe://localhost:2375][total available: 1; route allocated: 1 of 2147483647; total allocated: 1 of 2147483647]
09:45:50.746 [main] DEBUG org.testcontainers.DockerClientFactory -- Docker version: {Components=[{Name=Engine, Version=27.5.1, Details={ApiVersion=1.47, Arch=amd64, BuildTime=2025-01-22T13:41:17.000000000+00:00, Experimental=false, GitCommit=4c9b3b0, GoVersion=go1.22.11, KernelVersion=5.15.167.4-microsoft-standard-WSL2, MinAPIVersion=1.24, Os=linux}}, {Name=containerd, Version=1.7.25, Details={GitCommit=bcc810d6b9066471b0b6fa75f557a15a1cbf31bb}}, {Name=runc, Version=1.1.12, Details={GitCommit=v1.1.12-0-g51d5e946}}, {Name=docker-init, Version=0.19.0, Details={GitCommit=de40ad0}}], KernelVersion=5.15.167.4-microsoft-standard-WSL2, ApiVersion=1.47, Platform={Name=Docker Desktop 4.38.0 (181591)}, GitCommit=4c9b3b0, Os=linux, Version=27.5.1, MinAPIVersion=1.24, Arch=amd64, GoVersion=go1.22.11, BuildTime=2025-01-22T13:41:17.000000000+00:00}
09:45:50.746 [main] INFO org.testcontainers.DockerClientFactory -- Connected to docker: 
  Server Version: 27.5.1
  API Version: 1.47
  Operating System: Docker Desktop
  Total Memory: 7792 MB
09:45:50.762 [main] DEBUG org.testcontainers.utility.RyukResourceReaper -- Ryuk is enabled
09:45:50.763 [main] DEBUG org.testcontainers.utility.PrefixingImageNameSubstitutor -- No prefix is configured
09:45:50.763 [main] DEBUG org.testcontainers.utility.ImageNameSubstitutor -- Did not find a substitute image for testcontainers/ryuk:0.5.1 (using image substitutor: DefaultImageNameSubstitutor (composite of 'ConfigurationFileImageNameSubstitutor' and 'PrefixingImageNameSubstitutor'))
09:45:50.767 [main] DEBUG org.testcontainers.shaded.com.github.dockerjava.core.command.AbstrDockerCmd -- Cmd: ListImagesCmdImpl[filters=org.testcontainers.shaded.com.github.dockerjava.core.util.FiltersBuilder@0,imageNameFilter=<null>,showAll=false]
09:45:50.778 [main] DEBUG com.github.dockerjava.zerodep.shaded.org.apache.hc.client5.http.impl.classic.InternalHttpClient -- ex-00000003: preparing request execution
09:45:50.779 [main] DEBUG com.github.dockerjava.zerodep.shaded.org.apache.hc.client5.http.protocol.RequestAddCookies -- Cookie spec selected: strict
09:45:50.779 [main] DEBUG com.github.dockerjava.zerodep.shaded.org.apache.hc.client5.http.protocol.RequestAuthCache -- Auth cache not set in the context
09:45:50.779 [main] DEBUG com.github.dockerjava.zerodep.shaded.org.apache.hc.client5.http.impl.classic.ProtocolExec -- ex-00000003: target auth state: UNCHALLENGED
09:45:50.780 [main] DEBUG com.github.dockerjava.zerodep.shaded.org.apache.hc.client5.http.impl.classic.ProtocolExec -- ex-00000003: proxy auth state: UNCHALLENGED
09:45:50.780 [main] DEBUG com.github.dockerjava.zerodep.shaded.org.apache.hc.client5.http.impl.classic.ConnectExec -- ex-00000003: acquiring connection with route {}->npipe://localhost:2375
09:45:50.780 [main] DEBUG com.github.dockerjava.zerodep.shaded.org.apache.hc.client5.http.impl.classic.InternalHttpClient -- ex-00000003: acquiring endpoint (3 MINUTES)
09:45:50.782 [main] DEBUG com.github.dockerjava.zerodep.shaded.org.apache.hc.client5.http.impl.io.PoolingHttpClientConnectionManager -- ex-00000003: endpoint lease request (3 MINUTES) [route: {}->npipe://localhost:2375][total available: 1; route allocated: 1 of 2147483647; total allocated: 1 of 2147483647]
09:45:50.785 [main] DEBUG com.github.dockerjava.zerodep.shaded.org.apache.hc.client5.http.impl.io.PoolingHttpClientConnectionManager -- ex-00000003: endpoint leased [route: {}->npipe://localhost:2375][total available: 0; route allocated: 1 of 2147483647; total allocated: 1 of 2147483647]
09:45:50.802 [main] DEBUG com.github.dockerjava.zerodep.shaded.org.apache.hc.client5.http.impl.io.PoolingHttpClientConnectionManager -- ex-00000003: acquired ep-00000002
09:45:50.806 [main] DEBUG com.github.dockerjava.zerodep.shaded.org.apache.hc.client5.http.impl.classic.InternalHttpClient -- ex-00000003: acquired endpoint ep-00000002
09:45:50.810 [main] DEBUG com.github.dockerjava.zerodep.shaded.org.apache.hc.client5.http.impl.classic.MainClientExec -- ex-00000003: executing GET /v1.32/images/json HTTP/1.1
09:45:50.812 [main] DEBUG com.github.dockerjava.zerodep.shaded.org.apache.hc.client5.http.impl.classic.InternalHttpClient -- ep-00000002: start execution ex-00000003
09:45:50.812 [main] DEBUG com.github.dockerjava.zerodep.shaded.org.apache.hc.client5.http.impl.io.PoolingHttpClientConnectionManager -- ep-00000002: executing exchange ex-00000003 over http-outgoing-0
09:45:50.812 [main] DEBUG com.github.dockerjava.zerodep.shaded.org.apache.hc.client5.http.headers -- http-outgoing-0 >> GET /v1.32/images/json HTTP/1.1
09:45:50.813 [main] DEBUG com.github.dockerjava.zerodep.shaded.org.apache.hc.client5.http.headers -- http-outgoing-0 >> accept: application/json
09:45:50.813 [main] DEBUG com.github.dockerjava.zerodep.shaded.org.apache.hc.client5.http.headers -- http-outgoing-0 >> x-tc-sid: bfc2ed12-23ce-401f-a1df-f57c73ebd58a
09:45:50.813 [main] DEBUG com.github.dockerjava.zerodep.shaded.org.apache.hc.client5.http.headers -- http-outgoing-0 >> User-Agent: tc-java/1.19.3
09:45:50.813 [main] DEBUG com.github.dockerjava.zerodep.shaded.org.apache.hc.client5.http.headers -- http-outgoing-0 >> Accept-Encoding: gzip, x-gzip, deflate
09:45:50.813 [main] DEBUG com.github.dockerjava.zerodep.shaded.org.apache.hc.client5.http.headers -- http-outgoing-0 >> Host: localhost:2375
09:45:50.813 [main] DEBUG com.github.dockerjava.zerodep.shaded.org.apache.hc.client5.http.headers -- http-outgoing-0 >> Connection: keep-alive
09:45:50.813 [main] DEBUG com.github.dockerjava.zerodep.shaded.org.apache.hc.client5.http.wire -- http-outgoing-0 >> "GET /v1.32/images/json HTTP/1.1[\r][\n]"
09:45:50.813 [main] DEBUG com.github.dockerjava.zerodep.shaded.org.apache.hc.client5.http.wire -- http-outgoing-0 >> "accept: application/json[\r][\n]"
09:45:50.813 [main] DEBUG com.github.dockerjava.zerodep.shaded.org.apache.hc.client5.http.wire -- http-outgoing-0 >> "x-tc-sid: bfc2ed12-23ce-401f-a1df-f57c73ebd58a[\r][\n]"
09:45:50.813 [main] DEBUG com.github.dockerjava.zerodep.shaded.org.apache.hc.client5.http.wire -- http-outgoing-0 >> "User-Agent: tc-java/1.19.3[\r][\n]"
09:45:50.813 [main] DEBUG com.github.dockerjava.zerodep.shaded.org.apache.hc.client5.http.wire -- http-outgoing-0 >> "Accept-Encoding: gzip, x-gzip, deflate[\r][\n]"
09:45:50.813 [main] DEBUG com.github.dockerjava.zerodep.shaded.org.apache.hc.client5.http.wire -- http-outgoing-0 >> "Host: localhost:2375[\r][\n]"
09:45:50.813 [main] DEBUG com.github.dockerjava.zerodep.shaded.org.apache.hc.client5.http.wire -- http-outgoing-0 >> "Connection: keep-alive[\r][\n]"
09:45:50.813 [main] DEBUG com.github.dockerjava.zerodep.shaded.org.apache.hc.client5.http.wire -- http-outgoing-0 >> "[\r][\n]"
09:45:50.951 [main] DEBUG com.github.dockerjava.zerodep.shaded.org.apache.hc.client5.http.wire -- http-outgoing-0 << "HTTP/1.1 200 OK[\r][\n]"
09:45:50.951 [main] DEBUG com.github.dockerjava.zerodep.shaded.org.apache.hc.client5.http.wire -- http-outgoing-0 << "Api-Version: 1.47[\r][\n]"
09:45:50.952 [main] DEBUG com.github.dockerjava.zerodep.shaded.org.apache.hc.client5.http.wire -- http-outgoing-0 << "Content-Type: application/json[\r][\n]"
09:45:50.952 [main] DEBUG com.github.dockerjava.zerodep.shaded.org.apache.hc.client5.http.wire -- http-outgoing-0 << "Date: Fri, 02 May 2025 07:45:50 GMT[\r][\n]"
09:45:50.952 [main] DEBUG com.github.dockerjava.zerodep.shaded.org.apache.hc.client5.http.wire -- http-outgoing-0 << "Docker-Experimental: false[\r][\n]"
09:45:50.952 [main] DEBUG com.github.dockerjava.zerodep.shaded.org.apache.hc.client5.http.wire -- http-outgoing-0 << "Ostype: linux[\r][\n]"
09:45:50.952 [main] DEBUG com.github.dockerjava.zerodep.shaded.org.apache.hc.client5.http.wire -- http-outgoing-0 << "Server: Docker/27.5.1 (linux)[\r][\n]"
09:45:50.952 [main] DEBUG com.github.dockerjava.zerodep.shaded.org.apache.hc.client5.http.wire -- http-outgoing-0 << "Transfer-Encoding: chunked[\r][\n]"
09:45:50.952 [main] DEBUG com.github.dockerjava.zerodep.shaded.org.apache.hc.client5.http.wire -- http-outgoing-0 << "[\r][\n]"
09:45:50.953 [main] DEBUG com.github.dockerjava.zerodep.shaded.org.apache.hc.client5.http.headers -- http-outgoing-0 << HTTP/1.1 200 OK
09:45:50.953 [main] DEBUG com.github.dockerjava.zerodep.shaded.org.apache.hc.client5.http.headers -- http-outgoing-0 << Api-Version: 1.47
09:45:50.953 [main] DEBUG com.github.dockerjava.zerodep.shaded.org.apache.hc.client5.http.headers -- http-outgoing-0 << Content-Type: application/json
09:45:50.953 [main] DEBUG com.github.dockerjava.zerodep.shaded.org.apache.hc.client5.http.headers -- http-outgoing-0 << Date: Fri, 02 May 2025 07:45:50 GMT
09:45:50.953 [main] DEBUG com.github.dockerjava.zerodep.shaded.org.apache.hc.client5.http.headers -- http-outgoing-0 << Docker-Experimental: false
09:45:50.953 [main] DEBUG com.github.dockerjava.zerodep.shaded.org.apache.hc.client5.http.headers -- http-outgoing-0 << Ostype: linux
09:45:50.953 [main] DEBUG com.github.dockerjava.zerodep.shaded.org.apache.hc.client5.http.headers -- http-outgoing-0 << Server: Docker/27.5.1 (linux)
09:45:50.953 [main] DEBUG com.github.dockerjava.zerodep.shaded.org.apache.hc.client5.http.headers -- http-outgoing-0 << Transfer-Encoding: chunked
09:45:50.953 [main] DEBUG com.github.dockerjava.zerodep.shaded.org.apache.hc.client5.http.impl.classic.MainClientExec -- ex-00000003: connection can be kept alive for 3 MINUTES
09:45:50.954 [main] DEBUG com.github.dockerjava.zerodep.shaded.org.apache.hc.client5.http.wire -- http-outgoing-0 << "95f[\r][\n]"
09:45:50.954 [main] DEBUG com.github.dockerjava.zerodep.shaded.org.apache.hc.client5.http.wire -- http-outgoing-0 << "[{"Containers":-1,"Created":1744725854,"Id":"sha256:1f7571f033006f8a6e474fa5b5c5e3a3f523fb738ef85330fecafcdc19fd9c26","Labels":{"org.opencontainers.image.ref.name":"ubuntu","org.opencontainers.image.version":"24.04"},"ParentId":"","RepoDigests":["elenacabe/dreamlife@sha256:1f7571f033006f8a6e474fa5b5c5e3a3f523fb738ef85330fecafcdc19fd9c26"],"RepoTags":["elenacabe/dreamlife:latest"],"SharedSize":-1,"Size":814725558,"VirtualSize":814725558},{"Containers":-1,"Created":1684336262,"Id":"sha256:533abc56c07b52a26c955d1e7ae428d810582ab01c156384ae79960eb5fa0775","Labels":{"org.testcontainers.ryuk":"true"},"ParentId":"","RepoDigests":["testcontainers/ryuk@sha256:533abc56c07b52a26c955d1e7ae428d810582ab01c156384ae79960eb5fa0775"],"RepoTags":["testcontainers/ryuk:0.5.1"],"SharedSize":-1,"Size":20121218,"VirtualSize":20121218},{"Containers":-1,"Created":1669211008,"Id":"sha256:97fba4daa01bdb900a0716e48765e32c39e26d9357522a5b6004da7799f0822e","Labels":{"Description":"This image can be used to create a sidekick container for recording videos of VNC sessions hosted in other containers","maintainer":"Richard North \u003crich.north@gmail.com\u003e"},"ParentId":"","RepoDigests":["testcontainers/vnc-recorder@sha256:97fba4daa01bdb900a0716e48765e32c39e26d9357522a5b6004da7799f0822e"],"RepoTags":["testcontainers/vnc-recorder:1.3.0"],"SharedSize":-1,"Size":994785423,"VirtualSize":994785423},{"Containers":-1,"Created":1654903374,"Id":"sha256:7d6fdd0bd7e64229c9cf9feabc394a6d0a7fc15a671e84993d86fd91ed52422e","Labels":null,"ParentId":"","RepoDigests":["testcontainers/sshd@sha256:7d6fdd0bd7e64229c9cf9feabc394a6d0a7fc15a671e84993d86fd91ed52422e"],"RepoTags":["testcontainers/sshd:1.1.0"],"SharedSize":-1,"Size":18078780,"VirtualSize":18078780},{"Containers":-1,"Created":1610446310,"Id":"sha256:0fd2898dc1c946b34dceaccc3b80d38b1049285c1dab70df7480de62265d6213","Labels":null,"ParentId":"","RepoDigests":["mysql@sha256:0fd2898dc1c946b34dceaccc3b80d38b1049285c1dab70df7480de62265d6213"],"RepoTags":["mysql:8.0.22"],"SharedSize":-1,"Size":721468812,"VirtualSize":721468812},{"Containers":-1,"Created":0,"Id":"sha256:98a4acf36526b42162e80e32b36ba7e5cd93e15cb0f2ca510d6fc3fe655edf92","Labels":null,"ParentId":"","RepoDigests":["sha256:98a4acf36526b42162e80e32b36ba7e5cd93e15cb0f2ca510d6fc3fe655edf92"],"RepoTags":["selenium/standalone-chrome:4.20.0"],"SharedSize":-1,"Size":486731910,"VirtualSize":486731910}][\n]"
09:45:50.954 [main] DEBUG com.github.dockerjava.zerodep.shaded.org.apache.hc.client5.http.wire -- http-outgoing-0 << "[\r][\n]"
09:45:50.955 [main] DEBUG com.github.dockerjava.zerodep.shaded.org.apache.hc.client5.http.wire -- http-outgoing-0 << "0[\r][\n]"
09:45:50.955 [main] DEBUG com.github.dockerjava.zerodep.shaded.org.apache.hc.client5.http.wire -- http-outgoing-0 << "[\r][\n]"
09:45:50.968 [main] DEBUG com.github.dockerjava.zerodep.shaded.org.apache.hc.client5.http.impl.classic.InternalHttpClient -- ep-00000002: releasing valid endpoint
09:45:50.968 [main] DEBUG com.github.dockerjava.zerodep.shaded.org.apache.hc.client5.http.impl.io.PoolingHttpClientConnectionManager -- ep-00000002: releasing endpoint
09:45:50.969 [main] DEBUG com.github.dockerjava.zerodep.shaded.org.apache.hc.client5.http.impl.io.PoolingHttpClientConnectionManager -- ep-00000002: connection http-outgoing-0 can be kept alive for 3 MINUTES
09:45:50.969 [main] DEBUG com.github.dockerjava.zerodep.shaded.org.apache.hc.client5.http.impl.io.PoolingHttpClientConnectionManager -- ep-00000002: connection released [route: {}->npipe://localhost:2375][total available: 1; route allocated: 1 of 2147483647; total allocated: 1 of 2147483647]
09:45:50.971 [main] DEBUG org.testcontainers.images.AbstractImagePullPolicy -- Using locally available and not pulling image: testcontainers/ryuk:0.5.1
09:45:50.972 [main] DEBUG tc.testcontainers/ryuk:0.5.1 -- Starting container: testcontainers/ryuk:0.5.1
09:45:50.973 [main] DEBUG tc.testcontainers/ryuk:0.5.1 -- Trying to start container: testcontainers/ryuk:0.5.1 (attempt 1/1)
09:45:50.975 [main] DEBUG tc.testcontainers/ryuk:0.5.1 -- Starting container: testcontainers/ryuk:0.5.1
09:45:50.976 [main] INFO tc.testcontainers/ryuk:0.5.1 -- Creating container for image: testcontainers/ryuk:0.5.1
09:45:50.985 [main] DEBUG org.testcontainers.utility.RegistryAuthLocator -- Looking up auth config for image: testcontainers/ryuk:0.5.1 at registry: https://index.docker.io/v1/
09:45:50.986 [main] DEBUG org.testcontainers.utility.RegistryAuthLocator -- RegistryAuthLocator has configFile: C:\Users\Elena\.docker\config.json (exists) configEnv: DOCKER_AUTH_CONFIG (does not exist) and commandPathPrefix: 
09:45:50.987 [main] DEBUG org.testcontainers.utility.RegistryAuthLocator -- RegistryAuthLocator reading from configFile: C:\Users\Elena\.docker\config.json
09:45:50.987 [main] DEBUG org.testcontainers.utility.RegistryAuthLocator -- registryName [https://index.docker.io/v1/] for dockerImageName [testcontainers/ryuk:0.5.1]
09:45:50.987 [main] DEBUG org.testcontainers.utility.RegistryAuthLocator -- Executing docker credential provider: docker-credential-desktop to locate auth config for: https://index.docker.io/v1/
09:45:51.012 [main] DEBUG org.testcontainers.shaded.org.zeroturnaround.exec.ProcessExecutor -- Executing [cmd, /c, docker-credential-desktop, get].
09:45:51.056 [main] DEBUG org.testcontainers.shaded.org.zeroturnaround.exec.ProcessExecutor -- Started Process[pid=14504, exitValue="not exited"]
09:45:51.260 [WaitForProcess-Process[pid=14504, exitValue="not exited"]] DEBUG org.testcontainers.shaded.org.zeroturnaround.exec.WaitForProcess -- Process[pid=14504, exitValue=0] stopped with exit code 0
09:45:51.264 [main] DEBUG org.testcontainers.utility.RegistryAuthLocator -- Credential helper/store provided auth config for: https://index.docker.io/v1/
09:45:51.268 [main] DEBUG org.testcontainers.utility.RegistryAuthLocator -- found creds store auth config [AuthConfig{username=elenacabe, password=hidden non-blank value, auth=blank, email=null, registryAddress=https://index.docker.io/v1/, registryToken=blank}]
09:45:51.268 [main] DEBUG org.testcontainers.utility.RegistryAuthLocator -- Cached auth found: [AuthConfig{username=elenacabe, password=hidden non-blank value, auth=blank, email=null, registryAddress=https://index.docker.io/v1/, registryToken=blank}]
09:45:51.268 [main] DEBUG org.testcontainers.dockerclient.AuthDelegatingDockerClientConfig -- Effective auth config [AuthConfig{username=elenacabe, password=hidden non-blank value, auth=blank, email=null, registryAddress=https://index.docker.io/v1/, registryToken=blank}]
09:45:51.284 [main] DEBUG org.testcontainers.shaded.com.github.dockerjava.core.command.AbstrDockerCmd -- Cmd: org.testcontainers.shaded.com.github.dockerjava.core.command.CreateContainerCmdImpl@5215cd9a[aliases=<null>,argsEscaped=<null>,attachStderr=<null>,attachStdin=<null>,attachStdout=<null>,authConfig=AuthConfig(username=elenacabe, email=null, registryAddress=https://index.docker.io/v1/, stackOrchestrator=null),cmd={},domainName=<null>,entrypoint=<null>,env={},exposedPorts=ExposedPorts(exposedPorts=[8080/tcp]),healthcheck=<null>,hostConfig=HostConfig(binds=[//var/run/docker.sock:/var/run/docker.sock:rw], blkioWeight=null, blkioWeightDevice=null, blkioDeviceReadBps=null, blkioDeviceWriteBps=null, blkioDeviceReadIOps=null, blkioDeviceWriteIOps=null, memorySwappiness=null, nanoCPUs=null, capAdd=null, capDrop=null, containerIDFile=null, cpuPeriod=null, cpuRealtimePeriod=null, cpuRealtimeRuntime=null, cpuShares=null, cpuQuota=null, cpusetCpus=null, cpusetMems=null, devices=null, deviceCgroupRules=null, deviceRequests=null, diskQuota=null, dns=null, dnsOptions=null, dnsSearch=null, extraHosts=[], groupAdd=null, ipcMode=null, cgroup=null, links=[], logConfig=LogConfig(type=null, config=null), lxcConf=null, memory=null, memorySwap=null, memoryReservation=null, kernelMemory=null, networkMode=null, oomKillDisable=null, init=null, autoRemove=true, oomScoreAdj=null, portBindings={8080/tcp=[Lcom.github.dockerjava.api.model.Ports$Binding;@38d5b107}, privileged=true, publishAllPorts=null, readonlyRootfs=null, restartPolicy=null, ulimits=null, cpuCount=null, cpuPercent=null, ioMaximumIOps=null, ioMaximumBandwidth=null, volumesFrom=[], mounts=null, pidMode=null, isolation=null, securityOpts=null, storageOpt=null, cgroupParent=null, volumeDriver=null, shmSize=null, pidsLimit=null, runtime=null, tmpFs=null, utSMode=null, usernsMode=null, sysctls=null, consoleSize=null, cgroupnsMode=null),hostName=<null>,image=testcontainers/ryuk:0.5.1,ipv4Address=<null>,ipv6Address=<null>,labels={org.testcontainers=true, org.testcontainers.lang=java, org.testcontainers.version=1.19.3},macAddress=<null>,name=testcontainers-ryuk-bfc2ed12-23ce-401f-a1df-f57c73ebd58a,networkDisabled=<null>,networkingConfig=<null>,onBuild=<null>,platform=<null>,portSpecs=<null>,shell=<null>,stdInOnce=<null>,stdinOpen=<null>,stopSignal=<null>,stopTimeout=<null>,tty=<null>,user=<null>,volumes=Volumes(volumes=[]),workingDir=<null>]
09:45:51.433 [main] DEBUG com.github.dockerjava.zerodep.shaded.org.apache.hc.client5.http.impl.classic.InternalHttpClient -- ex-00000004: preparing request execution
09:45:51.433 [main] DEBUG com.github.dockerjava.zerodep.shaded.org.apache.hc.client5.http.protocol.RequestAddCookies -- Cookie spec selected: strict
09:45:51.434 [main] DEBUG com.github.dockerjava.zerodep.shaded.org.apache.hc.client5.http.protocol.RequestAuthCache -- Auth cache not set in the context
09:45:51.434 [main] DEBUG com.github.dockerjava.zerodep.shaded.org.apache.hc.client5.http.impl.classic.ProtocolExec -- ex-00000004: target auth state: UNCHALLENGED
09:45:51.435 [main] DEBUG com.github.dockerjava.zerodep.shaded.org.apache.hc.client5.http.impl.classic.ProtocolExec -- ex-00000004: proxy auth state: UNCHALLENGED
09:45:51.435 [main] DEBUG com.github.dockerjava.zerodep.shaded.org.apache.hc.client5.http.impl.classic.ConnectExec -- ex-00000004: acquiring connection with route {}->npipe://localhost:2375
09:45:51.435 [main] DEBUG com.github.dockerjava.zerodep.shaded.org.apache.hc.client5.http.impl.classic.InternalHttpClient -- ex-00000004: acquiring endpoint (3 MINUTES)
09:45:51.435 [main] DEBUG com.github.dockerjava.zerodep.shaded.org.apache.hc.client5.http.impl.io.PoolingHttpClientConnectionManager -- ex-00000004: endpoint lease request (3 MINUTES) [route: {}->npipe://localhost:2375][total available: 1; route allocated: 1 of 2147483647; total allocated: 1 of 2147483647]
09:45:51.435 [main] DEBUG com.github.dockerjava.zerodep.shaded.org.apache.hc.client5.http.impl.io.PoolingHttpClientConnectionManager -- ex-00000004: endpoint leased [route: {}->npipe://localhost:2375][total available: 0; route allocated: 1 of 2147483647; total allocated: 1 of 2147483647]
09:45:51.435 [main] DEBUG com.github.dockerjava.zerodep.shaded.org.apache.hc.client5.http.impl.io.PoolingHttpClientConnectionManager -- ex-00000004: acquired ep-00000003
09:45:51.435 [main] DEBUG com.github.dockerjava.zerodep.shaded.org.apache.hc.client5.http.impl.classic.InternalHttpClient -- ex-00000004: acquired endpoint ep-00000003
09:45:51.435 [main] DEBUG com.github.dockerjava.zerodep.shaded.org.apache.hc.client5.http.impl.classic.MainClientExec -- ex-00000004: executing POST /v1.32/containers/create?name=testcontainers-ryuk-bfc2ed12-23ce-401f-a1df-f57c73ebd58a HTTP/1.1
09:45:51.436 [main] DEBUG com.github.dockerjava.zerodep.shaded.org.apache.hc.client5.http.impl.classic.InternalHttpClient -- ep-00000003: start execution ex-00000004
09:45:51.436 [main] DEBUG com.github.dockerjava.zerodep.shaded.org.apache.hc.client5.http.impl.io.PoolingHttpClientConnectionManager -- ep-00000003: executing exchange ex-00000004 over http-outgoing-0
09:45:51.436 [main] DEBUG com.github.dockerjava.zerodep.shaded.org.apache.hc.client5.http.headers -- http-outgoing-0 >> POST /v1.32/containers/create?name=testcontainers-ryuk-bfc2ed12-23ce-401f-a1df-f57c73ebd58a HTTP/1.1
09:45:51.437 [main] DEBUG com.github.dockerjava.zerodep.shaded.org.apache.hc.client5.http.headers -- http-outgoing-0 >> X-Registry-Auth: eyJ1c2VybmFtZSI6ImVsZW5hY2FiZSIsInBhc3N3b3JkIjoiZGNrcl9wYXRfTFNweVg2VU02ekszeDNEYzlzNW5QWWNmeVE0IiwiZW1haWwiOm51bGwsInNlcnZlcmFkZHJlc3MiOiJodHRwczovL2luZGV4LmRvY2tlci5pby92MS8iLCJhdXRoIjpudWxsLCJyZWdpc3RyeXRva2VuIjpudWxsLCJpZGVudGl0eXRva2VuIjpudWxsLCJzdGFja09yY2hlc3RyYXRvciI6bnVsbH0=
09:45:51.437 [main] DEBUG com.github.dockerjava.zerodep.shaded.org.apache.hc.client5.http.headers -- http-outgoing-0 >> accept: application/json
09:45:51.437 [main] DEBUG com.github.dockerjava.zerodep.shaded.org.apache.hc.client5.http.headers -- http-outgoing-0 >> content-type: application/json
09:45:51.437 [main] DEBUG com.github.dockerjava.zerodep.shaded.org.apache.hc.client5.http.headers -- http-outgoing-0 >> x-tc-sid: bfc2ed12-23ce-401f-a1df-f57c73ebd58a
09:45:51.437 [main] DEBUG com.github.dockerjava.zerodep.shaded.org.apache.hc.client5.http.headers -- http-outgoing-0 >> User-Agent: tc-java/1.19.3
09:45:51.437 [main] DEBUG com.github.dockerjava.zerodep.shaded.org.apache.hc.client5.http.headers -- http-outgoing-0 >> Accept-Encoding: gzip, x-gzip, deflate
09:45:51.437 [main] DEBUG com.github.dockerjava.zerodep.shaded.org.apache.hc.client5.http.headers -- http-outgoing-0 >> Content-Length: 1955
09:45:51.437 [main] DEBUG com.github.dockerjava.zerodep.shaded.org.apache.hc.client5.http.headers -- http-outgoing-0 >> Host: localhost:2375
09:45:51.437 [main] DEBUG com.github.dockerjava.zerodep.shaded.org.apache.hc.client5.http.headers -- http-outgoing-0 >> Connection: keep-alive
09:45:51.437 [main] DEBUG com.github.dockerjava.zerodep.shaded.org.apache.hc.client5.http.wire -- http-outgoing-0 >> "POST /v1.32/containers/create?name=testcontainers-ryuk-bfc2ed12-23ce-401f-a1df-f57c73ebd58a HTTP/1.1[\r][\n]"
09:45:51.437 [main] DEBUG com.github.dockerjava.zerodep.shaded.org.apache.hc.client5.http.wire -- http-outgoing-0 >> "X-Registry-Auth: eyJ1c2VybmFtZSI6ImVsZW5hY2FiZSIsInBhc3N3b3JkIjoiZGNrcl9wYXRfTFNweVg2VU02ekszeDNEYzlzNW5QWWNmeVE0IiwiZW1haWwiOm51bGwsInNlcnZlcmFkZHJlc3MiOiJodHRwczovL2luZGV4LmRvY2tlci5pby92MS8iLCJhdXRoIjpudWxsLCJyZWdpc3RyeXRva2VuIjpudWxsLCJpZGVudGl0eXRva2VuIjpudWxsLCJzdGFja09yY2hlc3RyYXRvciI6bnVsbH0=[\r][\n]"
09:45:51.437 [main] DEBUG com.github.dockerjava.zerodep.shaded.org.apache.hc.client5.http.wire -- http-outgoing-0 >> "accept: application/json[\r][\n]"
09:45:51.437 [main] DEBUG com.github.dockerjava.zerodep.shaded.org.apache.hc.client5.http.wire -- http-outgoing-0 >> "content-type: application/json[\r][\n]"
09:45:51.437 [main] DEBUG com.github.dockerjava.zerodep.shaded.org.apache.hc.client5.http.wire -- http-outgoing-0 >> "x-tc-sid: bfc2ed12-23ce-401f-a1df-f57c73ebd58a[\r][\n]"
09:45:51.437 [main] DEBUG com.github.dockerjava.zerodep.shaded.org.apache.hc.client5.http.wire -- http-outgoing-0 >> "User-Agent: tc-java/1.19.3[\r][\n]"
09:45:51.438 [main] DEBUG com.github.dockerjava.zerodep.shaded.org.apache.hc.client5.http.wire -- http-outgoing-0 >> "Accept-Encoding: gzip, x-gzip, deflate[\r][\n]"
09:45:51.438 [main] DEBUG com.github.dockerjava.zerodep.shaded.org.apache.hc.client5.http.wire -- http-outgoing-0 >> "Content-Length: 1955[\r][\n]"
09:45:51.438 [main] DEBUG com.github.dockerjava.zerodep.shaded.org.apache.hc.client5.http.wire -- http-outgoing-0 >> "Host: localhost:2375[\r][\n]"
09:45:51.438 [main] DEBUG com.github.dockerjava.zerodep.shaded.org.apache.hc.client5.http.wire -- http-outgoing-0 >> "Connection: keep-alive[\r][\n]"
09:45:51.438 [main] DEBUG com.github.dockerjava.zerodep.shaded.org.apache.hc.client5.http.wire -- http-outgoing-0 >> "[\r][\n]"
09:45:51.438 [main] DEBUG com.github.dockerjava.zerodep.shaded.org.apache.hc.client5.http.wire -- http-outgoing-0 >> "{"Hostname":null,"Domainname":null,"User":null,"AttachStdin":null,"AttachStdout":null,"AttachStderr":null,"PortSpecs":null,"Tty":null,"OpenStdin":null,"StdinOnce":null,"Env":[],"Cmd":[],"Healthcheck":null,"ArgsEscaped":null,"Entrypoint":null,"Image":"testcontainers/ryuk:0.5.1","Volumes":{},"WorkingDir":null,"MacAddress":null,"OnBuild":null,"NetworkDisabled":null,"ExposedPorts":{"8080/tcp":{}},"StopSignal":null,"StopTimeout":null,"HostConfig":{"Binds":["//var/run/docker.sock:/var/run/docker.sock:rw"],"BlkioWeight":null,"BlkioWeightDevice":null,"BlkioDeviceReadBps":null,"BlkioDeviceWriteBps":null,"BlkioDeviceReadIOps":null,"BlkioDeviceWriteIOps":null,"MemorySwappiness":null,"NanoCpus":null,"CapAdd":null,"CapDrop":null,"ContainerIDFile":null,"CpuPeriod":null,"CpuRealtimePeriod":null,"CpuRealtimeRuntime":null,"CpuShares":null,"CpuQuota":null,"CpusetCpus":null,"CpusetMems":null,"Devices":null,"DeviceCgroupRules":null,"DeviceRequests":null,"DiskQuota":null,"Dns":null,"DnsOptions":null,"DnsSearch":null,"ExtraHosts":[],"GroupAdd":null,"IpcMode":null,"Cgroup":null,"Links":[],"LogConfig":null,"LxcConf":null,"Memory":null,"MemorySwap":null,"MemoryReservation":null,"KernelMemory":null,"NetworkMode":null,"OomKillDisable":null,"Init":null,"AutoRemove":true,"OomScoreAdj":null,"PortBindings":{"8080/tcp":[{"HostIp":"","HostPort":""}]},"Privileged":true,"PublishAllPorts":null,"ReadonlyRootfs":null,"RestartPolicy":null,"Ulimits":null,"CpuCount":null,"CpuPercent":null,"IOMaximumIOps":null,"IOMaximumBandwidth":null,"VolumesFrom":[],"Mounts":null,"PidMode":null,"Isolation":null,"SecurityOpt":null,"StorageOpt":null,"CgroupParent":null,"VolumeDriver":null,"ShmSize":null,"PidsLimit":null,"Runtime":null,"Tmpfs":null,"UTSMode":null,"UsernsMode":null,"Sysctls":null,"ConsoleSize":null,"CgroupnsMode":null},"Labels":{"org.testcontainers":"true","org.testcontainers.lang":"java","org.testcontainers.version":"1.19.3"},"Shell":null,"NetworkingConfig":null}"
09:45:51.568 [main] DEBUG com.github.dockerjava.zerodep.shaded.org.apache.hc.client5.http.wire -- http-outgoing-0 << "HTTP/1.1 201 Created[\r][\n]"
09:45:51.569 [main] DEBUG com.github.dockerjava.zerodep.shaded.org.apache.hc.client5.http.wire -- http-outgoing-0 << "Api-Version: 1.47[\r][\n]"
09:45:51.569 [main] DEBUG com.github.dockerjava.zerodep.shaded.org.apache.hc.client5.http.wire -- http-outgoing-0 << "Content-Type: application/json[\r][\n]"
09:45:51.569 [main] DEBUG com.github.dockerjava.zerodep.shaded.org.apache.hc.client5.http.wire -- http-outgoing-0 << "Date: Fri, 02 May 2025 07:45:51 GMT[\r][\n]"
09:45:51.569 [main] DEBUG com.github.dockerjava.zerodep.shaded.org.apache.hc.client5.http.wire -- http-outgoing-0 << "Docker-Experimental: false[\r][\n]"
09:45:51.569 [main] DEBUG com.github.dockerjava.zerodep.shaded.org.apache.hc.client5.http.wire -- http-outgoing-0 << "Ostype: linux[\r][\n]"
09:45:51.569 [main] DEBUG com.github.dockerjava.zerodep.shaded.org.apache.hc.client5.http.wire -- http-outgoing-0 << "Server: Docker/27.5.1 (linux)[\r][\n]"
09:45:51.569 [main] DEBUG com.github.dockerjava.zerodep.shaded.org.apache.hc.client5.http.wire -- http-outgoing-0 << "Transfer-Encoding: chunked[\r][\n]"
09:45:51.569 [main] DEBUG com.github.dockerjava.zerodep.shaded.org.apache.hc.client5.http.wire -- http-outgoing-0 << "[\r][\n]"
09:45:51.569 [main] DEBUG com.github.dockerjava.zerodep.shaded.org.apache.hc.client5.http.headers -- http-outgoing-0 << HTTP/1.1 201 Created
09:45:51.569 [main] DEBUG com.github.dockerjava.zerodep.shaded.org.apache.hc.client5.http.headers -- http-outgoing-0 << Api-Version: 1.47
09:45:51.569 [main] DEBUG com.github.dockerjava.zerodep.shaded.org.apache.hc.client5.http.headers -- http-outgoing-0 << Content-Type: application/json
09:45:51.569 [main] DEBUG com.github.dockerjava.zerodep.shaded.org.apache.hc.client5.http.headers -- http-outgoing-0 << Date: Fri, 02 May 2025 07:45:51 GMT
09:45:51.570 [main] DEBUG com.github.dockerjava.zerodep.shaded.org.apache.hc.client5.http.headers -- http-outgoing-0 << Docker-Experimental: false
09:45:51.570 [main] DEBUG com.github.dockerjava.zerodep.shaded.org.apache.hc.client5.http.headers -- http-outgoing-0 << Ostype: linux
09:45:51.570 [main] DEBUG com.github.dockerjava.zerodep.shaded.org.apache.hc.client5.http.headers -- http-outgoing-0 << Server: Docker/27.5.1 (linux)
09:45:51.570 [main] DEBUG com.github.dockerjava.zerodep.shaded.org.apache.hc.client5.http.headers -- http-outgoing-0 << Transfer-Encoding: chunked
09:45:51.571 [main] DEBUG com.github.dockerjava.zerodep.shaded.org.apache.hc.client5.http.impl.classic.MainClientExec -- ex-00000004: connection can be kept alive for 3 MINUTES
09:45:51.571 [main] DEBUG com.github.dockerjava.zerodep.shaded.org.apache.hc.client5.http.wire -- http-outgoing-0 << "58[\r][\n]"
09:45:51.571 [main] DEBUG com.github.dockerjava.zerodep.shaded.org.apache.hc.client5.http.wire -- http-outgoing-0 << "{"Id":"b1c7acea15f221cd512b78ec344654ac5065b47c75ff9f0b30b1507786e93589","Warnings":[]}[\n]"
09:45:51.571 [main] DEBUG com.github.dockerjava.zerodep.shaded.org.apache.hc.client5.http.wire -- http-outgoing-0 << "[\r][\n]"
09:45:51.571 [main] DEBUG com.github.dockerjava.zerodep.shaded.org.apache.hc.client5.http.wire -- http-outgoing-0 << "0[\r][\n]"
09:45:51.571 [main] DEBUG com.github.dockerjava.zerodep.shaded.org.apache.hc.client5.http.wire -- http-outgoing-0 << "[\r][\n]"
09:45:51.575 [main] DEBUG com.github.dockerjava.zerodep.shaded.org.apache.hc.client5.http.impl.classic.InternalHttpClient -- ep-00000003: releasing valid endpoint
09:45:51.576 [main] DEBUG com.github.dockerjava.zerodep.shaded.org.apache.hc.client5.http.impl.io.PoolingHttpClientConnectionManager -- ep-00000003: releasing endpoint
09:45:51.576 [main] DEBUG com.github.dockerjava.zerodep.shaded.org.apache.hc.client5.http.impl.io.PoolingHttpClientConnectionManager -- ep-00000003: connection http-outgoing-0 can be kept alive for 3 MINUTES
09:45:51.576 [main] DEBUG com.github.dockerjava.zerodep.shaded.org.apache.hc.client5.http.impl.io.PoolingHttpClientConnectionManager -- ep-00000003: connection released [route: {}->npipe://localhost:2375][total available: 1; route allocated: 1 of 2147483647; total allocated: 1 of 2147483647]
09:45:51.581 [main] INFO tc.testcontainers/ryuk:0.5.1 -- Container testcontainers/ryuk:0.5.1 is starting: b1c7acea15f221cd512b78ec344654ac5065b47c75ff9f0b30b1507786e93589
09:45:51.582 [main] DEBUG org.testcontainers.shaded.com.github.dockerjava.core.command.AbstrDockerCmd -- Cmd: b1c7acea15f221cd512b78ec344654ac5065b47c75ff9f0b30b1507786e93589
09:45:51.584 [main] DEBUG com.github.dockerjava.zerodep.shaded.org.apache.hc.client5.http.impl.classic.InternalHttpClient -- ex-00000005: preparing request execution
09:45:51.585 [main] DEBUG com.github.dockerjava.zerodep.shaded.org.apache.hc.client5.http.protocol.RequestAddCookies -- Cookie spec selected: strict
09:45:51.586 [main] DEBUG com.github.dockerjava.zerodep.shaded.org.apache.hc.client5.http.protocol.RequestAuthCache -- Auth cache not set in the context
09:45:51.587 [main] DEBUG com.github.dockerjava.zerodep.shaded.org.apache.hc.client5.http.impl.classic.ProtocolExec -- ex-00000005: target auth state: UNCHALLENGED
09:45:51.587 [main] DEBUG com.github.dockerjava.zerodep.shaded.org.apache.hc.client5.http.impl.classic.ProtocolExec -- ex-00000005: proxy auth state: UNCHALLENGED
09:45:51.587 [main] DEBUG com.github.dockerjava.zerodep.shaded.org.apache.hc.client5.http.impl.classic.ConnectExec -- ex-00000005: acquiring connection with route {}->npipe://localhost:2375
09:45:51.587 [main] DEBUG com.github.dockerjava.zerodep.shaded.org.apache.hc.client5.http.impl.classic.InternalHttpClient -- ex-00000005: acquiring endpoint (3 MINUTES)
09:45:51.587 [main] DEBUG com.github.dockerjava.zerodep.shaded.org.apache.hc.client5.http.impl.io.PoolingHttpClientConnectionManager -- ex-00000005: endpoint lease request (3 MINUTES) [route: {}->npipe://localhost:2375][total available: 1; route allocated: 1 of 2147483647; total allocated: 1 of 2147483647]
09:45:51.588 [main] DEBUG com.github.dockerjava.zerodep.shaded.org.apache.hc.client5.http.impl.io.PoolingHttpClientConnectionManager -- ex-00000005: endpoint leased [route: {}->npipe://localhost:2375][total available: 0; route allocated: 1 of 2147483647; total allocated: 1 of 2147483647]
09:45:51.588 [main] DEBUG com.github.dockerjava.zerodep.shaded.org.apache.hc.client5.http.impl.io.PoolingHttpClientConnectionManager -- ex-00000005: acquired ep-00000004
09:45:51.588 [main] DEBUG com.github.dockerjava.zerodep.shaded.org.apache.hc.client5.http.impl.classic.InternalHttpClient -- ex-00000005: acquired endpoint ep-00000004
09:45:51.589 [main] DEBUG com.github.dockerjava.zerodep.shaded.org.apache.hc.client5.http.impl.classic.MainClientExec -- ex-00000005: executing POST /v1.32/containers/b1c7acea15f221cd512b78ec344654ac5065b47c75ff9f0b30b1507786e93589/start HTTP/1.1
09:45:51.589 [main] DEBUG com.github.dockerjava.zerodep.shaded.org.apache.hc.client5.http.impl.classic.InternalHttpClient -- ep-00000004: start execution ex-00000005
09:45:51.589 [main] DEBUG com.github.dockerjava.zerodep.shaded.org.apache.hc.client5.http.impl.io.PoolingHttpClientConnectionManager -- ep-00000004: executing exchange ex-00000005 over http-outgoing-0
09:45:51.589 [main] DEBUG com.github.dockerjava.zerodep.shaded.org.apache.hc.client5.http.headers -- http-outgoing-0 >> POST /v1.32/containers/b1c7acea15f221cd512b78ec344654ac5065b47c75ff9f0b30b1507786e93589/start HTTP/1.1
09:45:51.589 [main] DEBUG com.github.dockerjava.zerodep.shaded.org.apache.hc.client5.http.headers -- http-outgoing-0 >> accept: application/json
09:45:51.589 [main] DEBUG com.github.dockerjava.zerodep.shaded.org.apache.hc.client5.http.headers -- http-outgoing-0 >> content-type: application/json
09:45:51.589 [main] DEBUG com.github.dockerjava.zerodep.shaded.org.apache.hc.client5.http.headers -- http-outgoing-0 >> x-tc-sid: bfc2ed12-23ce-401f-a1df-f57c73ebd58a
09:45:51.589 [main] DEBUG com.github.dockerjava.zerodep.shaded.org.apache.hc.client5.http.headers -- http-outgoing-0 >> User-Agent: tc-java/1.19.3
09:45:51.589 [main] DEBUG com.github.dockerjava.zerodep.shaded.org.apache.hc.client5.http.headers -- http-outgoing-0 >> Accept-Encoding: gzip, x-gzip, deflate
09:45:51.589 [main] DEBUG com.github.dockerjava.zerodep.shaded.org.apache.hc.client5.http.headers -- http-outgoing-0 >> Host: localhost:2375
09:45:51.589 [main] DEBUG com.github.dockerjava.zerodep.shaded.org.apache.hc.client5.http.headers -- http-outgoing-0 >> Connection: keep-alive
09:45:51.590 [main] DEBUG com.github.dockerjava.zerodep.shaded.org.apache.hc.client5.http.wire -- http-outgoing-0 >> "POST /v1.32/containers/b1c7acea15f221cd512b78ec344654ac5065b47c75ff9f0b30b1507786e93589/start HTTP/1.1[\r][\n]"
09:45:51.590 [main] DEBUG com.github.dockerjava.zerodep.shaded.org.apache.hc.client5.http.wire -- http-outgoing-0 >> "accept: application/json[\r][\n]"
09:45:51.590 [main] DEBUG com.github.dockerjava.zerodep.shaded.org.apache.hc.client5.http.wire -- http-outgoing-0 >> "content-type: application/json[\r][\n]"
09:45:51.590 [main] DEBUG com.github.dockerjava.zerodep.shaded.org.apache.hc.client5.http.wire -- http-outgoing-0 >> "x-tc-sid: bfc2ed12-23ce-401f-a1df-f57c73ebd58a[\r][\n]"
09:45:51.590 [main] DEBUG com.github.dockerjava.zerodep.shaded.org.apache.hc.client5.http.wire -- http-outgoing-0 >> "User-Agent: tc-java/1.19.3[\r][\n]"
09:45:51.591 [main] DEBUG com.github.dockerjava.zerodep.shaded.org.apache.hc.client5.http.wire -- http-outgoing-0 >> "Accept-Encoding: gzip, x-gzip, deflate[\r][\n]"
09:45:51.591 [main] DEBUG com.github.dockerjava.zerodep.shaded.org.apache.hc.client5.http.wire -- http-outgoing-0 >> "Host: localhost:2375[\r][\n]"
09:45:51.591 [main] DEBUG com.github.dockerjava.zerodep.shaded.org.apache.hc.client5.http.wire -- http-outgoing-0 >> "Connection: keep-alive[\r][\n]"
09:45:51.591 [main] DEBUG com.github.dockerjava.zerodep.shaded.org.apache.hc.client5.http.wire -- http-outgoing-0 >> "[\r][\n]"
09:45:52.430 [main] DEBUG com.github.dockerjava.zerodep.shaded.org.apache.hc.client5.http.wire -- http-outgoing-0 << "HTTP/1.1 204 No Content[\r][\n]"
09:45:52.431 [main] DEBUG com.github.dockerjava.zerodep.shaded.org.apache.hc.client5.http.wire -- http-outgoing-0 << "Api-Version: 1.47[\r][\n]"
09:45:52.431 [main] DEBUG com.github.dockerjava.zerodep.shaded.org.apache.hc.client5.http.wire -- http-outgoing-0 << "Date: Fri, 02 May 2025 07:45:52 GMT[\r][\n]"
09:45:52.431 [main] DEBUG com.github.dockerjava.zerodep.shaded.org.apache.hc.client5.http.wire -- http-outgoing-0 << "Docker-Experimental: false[\r][\n]"
09:45:52.431 [main] DEBUG com.github.dockerjava.zerodep.shaded.org.apache.hc.client5.http.wire -- http-outgoing-0 << "Ostype: linux[\r][\n]"
09:45:52.431 [main] DEBUG com.github.dockerjava.zerodep.shaded.org.apache.hc.client5.http.wire -- http-outgoing-0 << "Server: Docker/27.5.1 (linux)[\r][\n]"
09:45:52.431 [main] DEBUG com.github.dockerjava.zerodep.shaded.org.apache.hc.client5.http.wire -- http-outgoing-0 << "[\r][\n]"
09:45:52.432 [main] DEBUG com.github.dockerjava.zerodep.shaded.org.apache.hc.client5.http.headers -- http-outgoing-0 << HTTP/1.1 204 No Content
09:45:52.432 [main] DEBUG com.github.dockerjava.zerodep.shaded.org.apache.hc.client5.http.headers -- http-outgoing-0 << Api-Version: 1.47
09:45:52.432 [main] DEBUG com.github.dockerjava.zerodep.shaded.org.apache.hc.client5.http.headers -- http-outgoing-0 << Date: Fri, 02 May 2025 07:45:52 GMT
09:45:52.432 [main] DEBUG com.github.dockerjava.zerodep.shaded.org.apache.hc.client5.http.headers -- http-outgoing-0 << Docker-Experimental: false
09:45:52.432 [main] DEBUG com.github.dockerjava.zerodep.shaded.org.apache.hc.client5.http.headers -- http-outgoing-0 << Ostype: linux
09:45:52.432 [main] DEBUG com.github.dockerjava.zerodep.shaded.org.apache.hc.client5.http.headers -- http-outgoing-0 << Server: Docker/27.5.1 (linux)
09:45:52.432 [main] DEBUG com.github.dockerjava.zerodep.shaded.org.apache.hc.client5.http.impl.classic.MainClientExec -- ex-00000005: connection can be kept alive for 3 MINUTES
09:45:52.433 [main] DEBUG com.github.dockerjava.zerodep.shaded.org.apache.hc.client5.http.impl.classic.InternalHttpClient -- ep-00000004: releasing valid endpoint
09:45:52.433 [main] DEBUG com.github.dockerjava.zerodep.shaded.org.apache.hc.client5.http.impl.io.PoolingHttpClientConnectionManager -- ep-00000004: releasing endpoint
09:45:52.434 [main] DEBUG com.github.dockerjava.zerodep.shaded.org.apache.hc.client5.http.impl.io.PoolingHttpClientConnectionManager -- ep-00000004: connection http-outgoing-0 can be kept alive for 3 MINUTES
09:45:52.434 [main] DEBUG com.github.dockerjava.zerodep.shaded.org.apache.hc.client5.http.impl.io.PoolingHttpClientConnectionManager -- ep-00000004: connection released [route: {}->npipe://localhost:2375][total available: 1; route allocated: 1 of 2147483647; total allocated: 1 of 2147483647]
09:45:52.446 [main] DEBUG org.testcontainers.shaded.com.github.dockerjava.core.command.AbstrDockerCmd -- Cmd: b1c7acea15f221cd512b78ec344654ac5065b47c75ff9f0b30b1507786e93589,false
09:45:52.450 [main] DEBUG org.testcontainers.shaded.com.github.dockerjava.core.exec.InspectContainerCmdExec -- GET: DefaultWebTarget{path=[/containers/b1c7acea15f221cd512b78ec344654ac5065b47c75ff9f0b30b1507786e93589/json], queryParams={}}
09:45:52.452 [main] DEBUG com.github.dockerjava.zerodep.shaded.org.apache.hc.client5.http.impl.classic.InternalHttpClient -- ex-00000006: preparing request execution
09:45:52.453 [main] DEBUG com.github.dockerjava.zerodep.shaded.org.apache.hc.client5.http.protocol.RequestAddCookies -- Cookie spec selected: strict
09:45:52.453 [main] DEBUG com.github.dockerjava.zerodep.shaded.org.apache.hc.client5.http.protocol.RequestAuthCache -- Auth cache not set in the context
09:45:52.453 [main] DEBUG com.github.dockerjava.zerodep.shaded.org.apache.hc.client5.http.impl.classic.ProtocolExec -- ex-00000006: target auth state: UNCHALLENGED
09:45:52.453 [main] DEBUG com.github.dockerjava.zerodep.shaded.org.apache.hc.client5.http.impl.classic.ProtocolExec -- ex-00000006: proxy auth state: UNCHALLENGED
09:45:52.453 [main] DEBUG com.github.dockerjava.zerodep.shaded.org.apache.hc.client5.http.impl.classic.ConnectExec -- ex-00000006: acquiring connection with route {}->npipe://localhost:2375
09:45:52.453 [main] DEBUG com.github.dockerjava.zerodep.shaded.org.apache.hc.client5.http.impl.classic.InternalHttpClient -- ex-00000006: acquiring endpoint (3 MINUTES)
09:45:52.453 [main] DEBUG com.github.dockerjava.zerodep.shaded.org.apache.hc.client5.http.impl.io.PoolingHttpClientConnectionManager -- ex-00000006: endpoint lease request (3 MINUTES) [route: {}->npipe://localhost:2375][total available: 1; route allocated: 1 of 2147483647; total allocated: 1 of 2147483647]
09:45:52.454 [main] DEBUG com.github.dockerjava.zerodep.shaded.org.apache.hc.client5.http.impl.io.PoolingHttpClientConnectionManager -- ex-00000006: endpoint leased [route: {}->npipe://localhost:2375][total available: 0; route allocated: 1 of 2147483647; total allocated: 1 of 2147483647]
09:45:52.454 [main] DEBUG com.github.dockerjava.zerodep.shaded.org.apache.hc.client5.http.impl.io.PoolingHttpClientConnectionManager -- ex-00000006: acquired ep-00000005
09:45:52.454 [main] DEBUG com.github.dockerjava.zerodep.shaded.org.apache.hc.client5.http.impl.classic.InternalHttpClient -- ex-00000006: acquired endpoint ep-00000005
09:45:52.455 [main] DEBUG com.github.dockerjava.zerodep.shaded.org.apache.hc.client5.http.impl.classic.MainClientExec -- ex-00000006: executing GET /v1.32/containers/b1c7acea15f221cd512b78ec344654ac5065b47c75ff9f0b30b1507786e93589/json HTTP/1.1
09:45:52.455 [main] DEBUG com.github.dockerjava.zerodep.shaded.org.apache.hc.client5.http.impl.classic.InternalHttpClient -- ep-00000005: start execution ex-00000006
09:45:52.455 [main] DEBUG com.github.dockerjava.zerodep.shaded.org.apache.hc.client5.http.impl.io.PoolingHttpClientConnectionManager -- ep-00000005: executing exchange ex-00000006 over http-outgoing-0
09:45:52.456 [main] DEBUG com.github.dockerjava.zerodep.shaded.org.apache.hc.client5.http.headers -- http-outgoing-0 >> GET /v1.32/containers/b1c7acea15f221cd512b78ec344654ac5065b47c75ff9f0b30b1507786e93589/json HTTP/1.1
09:45:52.463 [main] DEBUG com.github.dockerjava.zerodep.shaded.org.apache.hc.client5.http.headers -- http-outgoing-0 >> accept: application/json
09:45:52.464 [main] DEBUG com.github.dockerjava.zerodep.shaded.org.apache.hc.client5.http.headers -- http-outgoing-0 >> x-tc-sid: bfc2ed12-23ce-401f-a1df-f57c73ebd58a
09:45:52.464 [main] DEBUG com.github.dockerjava.zerodep.shaded.org.apache.hc.client5.http.headers -- http-outgoing-0 >> User-Agent: tc-java/1.19.3
09:45:52.464 [main] DEBUG com.github.dockerjava.zerodep.shaded.org.apache.hc.client5.http.headers -- http-outgoing-0 >> Accept-Encoding: gzip, x-gzip, deflate
09:45:52.465 [main] DEBUG com.github.dockerjava.zerodep.shaded.org.apache.hc.client5.http.headers -- http-outgoing-0 >> Host: localhost:2375
09:45:52.465 [main] DEBUG com.github.dockerjava.zerodep.shaded.org.apache.hc.client5.http.headers -- http-outgoing-0 >> Connection: keep-alive
09:45:52.465 [main] DEBUG com.github.dockerjava.zerodep.shaded.org.apache.hc.client5.http.wire -- http-outgoing-0 >> "GET /v1.32/containers/b1c7acea15f221cd512b78ec344654ac5065b47c75ff9f0b30b1507786e93589/json HTTP/1.1[\r][\n]"
09:45:52.465 [main] DEBUG com.github.dockerjava.zerodep.shaded.org.apache.hc.client5.http.wire -- http-outgoing-0 >> "accept: application/json[\r][\n]"
09:45:52.465 [main] DEBUG com.github.dockerjava.zerodep.shaded.org.apache.hc.client5.http.wire -- http-outgoing-0 >> "x-tc-sid: bfc2ed12-23ce-401f-a1df-f57c73ebd58a[\r][\n]"
09:45:52.465 [main] DEBUG com.github.dockerjava.zerodep.shaded.org.apache.hc.client5.http.wire -- http-outgoing-0 >> "User-Agent: tc-java/1.19.3[\r][\n]"
09:45:52.466 [main] DEBUG com.github.dockerjava.zerodep.shaded.org.apache.hc.client5.http.wire -- http-outgoing-0 >> "Accept-Encoding: gzip, x-gzip, deflate[\r][\n]"
09:45:52.466 [main] DEBUG com.github.dockerjava.zerodep.shaded.org.apache.hc.client5.http.wire -- http-outgoing-0 >> "Host: localhost:2375[\r][\n]"
09:45:52.466 [main] DEBUG com.github.dockerjava.zerodep.shaded.org.apache.hc.client5.http.wire -- http-outgoing-0 >> "Connection: keep-alive[\r][\n]"
09:45:52.466 [main] DEBUG com.github.dockerjava.zerodep.shaded.org.apache.hc.client5.http.wire -- http-outgoing-0 >> "[\r][\n]"
09:45:52.485 [main] DEBUG com.github.dockerjava.zerodep.shaded.org.apache.hc.client5.http.wire -- http-outgoing-0 << "HTTP/1.1 200 OK[\r][\n]"
09:45:52.485 [main] DEBUG com.github.dockerjava.zerodep.shaded.org.apache.hc.client5.http.wire -- http-outgoing-0 << "Api-Version: 1.47[\r][\n]"
09:45:52.486 [main] DEBUG com.github.dockerjava.zerodep.shaded.org.apache.hc.client5.http.wire -- http-outgoing-0 << "Content-Type: application/json[\r][\n]"
09:45:52.486 [main] DEBUG com.github.dockerjava.zerodep.shaded.org.apache.hc.client5.http.wire -- http-outgoing-0 << "Date: Fri, 02 May 2025 07:45:52 GMT[\r][\n]"
09:45:52.486 [main] DEBUG com.github.dockerjava.zerodep.shaded.org.apache.hc.client5.http.wire -- http-outgoing-0 << "Docker-Experimental: false[\r][\n]"
09:45:52.486 [main] DEBUG com.github.dockerjava.zerodep.shaded.org.apache.hc.client5.http.wire -- http-outgoing-0 << "Ostype: linux[\r][\n]"
09:45:52.486 [main] DEBUG com.github.dockerjava.zerodep.shaded.org.apache.hc.client5.http.wire -- http-outgoing-0 << "Server: Docker/27.5.1 (linux)[\r][\n]"
09:45:52.486 [main] DEBUG com.github.dockerjava.zerodep.shaded.org.apache.hc.client5.http.wire -- http-outgoing-0 << "Transfer-Encoding: chunked[\r][\n]"
09:45:52.486 [main] DEBUG com.github.dockerjava.zerodep.shaded.org.apache.hc.client5.http.wire -- http-outgoing-0 << "[\r][\n]"
09:45:52.487 [main] DEBUG com.github.dockerjava.zerodep.shaded.org.apache.hc.client5.http.headers -- http-outgoing-0 << HTTP/1.1 200 OK
09:45:52.487 [main] DEBUG com.github.dockerjava.zerodep.shaded.org.apache.hc.client5.http.headers -- http-outgoing-0 << Api-Version: 1.47
09:45:52.487 [main] DEBUG com.github.dockerjava.zerodep.shaded.org.apache.hc.client5.http.headers -- http-outgoing-0 << Content-Type: application/json
09:45:52.487 [main] DEBUG com.github.dockerjava.zerodep.shaded.org.apache.hc.client5.http.headers -- http-outgoing-0 << Date: Fri, 02 May 2025 07:45:52 GMT
09:45:52.487 [main] DEBUG com.github.dockerjava.zerodep.shaded.org.apache.hc.client5.http.headers -- http-outgoing-0 << Docker-Experimental: false
09:45:52.487 [main] DEBUG com.github.dockerjava.zerodep.shaded.org.apache.hc.client5.http.headers -- http-outgoing-0 << Ostype: linux
09:45:52.487 [main] DEBUG com.github.dockerjava.zerodep.shaded.org.apache.hc.client5.http.headers -- http-outgoing-0 << Server: Docker/27.5.1 (linux)
09:45:52.487 [main] DEBUG com.github.dockerjava.zerodep.shaded.org.apache.hc.client5.http.headers -- http-outgoing-0 << Transfer-Encoding: chunked
09:45:52.488 [main] DEBUG com.github.dockerjava.zerodep.shaded.org.apache.hc.client5.http.impl.classic.MainClientExec -- ex-00000006: connection can be kept alive for 3 MINUTES
09:45:52.494 [main] DEBUG com.github.dockerjava.zerodep.shaded.org.apache.hc.client5.http.wire -- http-outgoing-0 << "1082[\r][\n]"
09:45:52.495 [main] DEBUG com.github.dockerjava.zerodep.shaded.org.apache.hc.client5.http.wire -- http-outgoing-0 << "{"Id":"b1c7acea15f221cd512b78ec344654ac5065b47c75ff9f0b30b1507786e93589","Created":"2025-05-02T07:45:51.484134645Z","Path":"/bin/ryuk","Args":[],"State":{"Status":"running","Running":true,"Paused":false,"Restarting":false,"OOMKilled":false,"Dead":false,"Pid":18484,"ExitCode":0,"Error":"","StartedAt":"2025-05-02T07:45:51.86468222Z","FinishedAt":"0001-01-01T00:00:00Z"},"Image":"sha256:533abc56c07b52a26c955d1e7ae428d810582ab01c156384ae79960eb5fa0775","ResolvConfPath":"/var/lib/docker/containers/b1c7acea15f221cd512b78ec344654ac5065b47c75ff9f0b30b1507786e93589/resolv.conf","HostnamePath":"/var/lib/docker/containers/b1c7acea15f221cd512b78ec344654ac5065b47c75ff9f0b30b1507786e93589/hostname","HostsPath":"/var/lib/docker/containers/b1c7acea15f221cd512b78ec344654ac5065b47c75ff9f0b30b1507786e93589/hosts","LogPath":"/var/lib/docker/containers/b1c7acea15f221cd512b78ec344654ac5065b47c75ff9f0b30b1507786e93589/b1c7acea15f221cd512b78ec344654ac5065b47c75ff9f0b30b1507786e93589-json.log","Name":"/testcontainers-ryuk-bfc2ed12-23ce-401f-a1df-f57c73ebd58a","RestartCount":0,"Driver":"overlayfs","Platform":"linux","MountLabel":"","ProcessLabel":"","AppArmorProfile":"","ExecIDs":null,"HostConfig":{"Binds":["//var/run/docker.sock:/var/run/docker.sock:rw"],"ContainerIDFile":"","LogConfig":{"Type":"json-file","Config":{}},"NetworkMode":"bridge","PortBindings":{"8080/tcp":[{"HostIp":"0.0.0.0","HostPort":"0"}]},"RestartPolicy":{"Name":"no","MaximumRetryCount":0},"AutoRemove":true,"VolumeDriver":"","VolumesFrom":[],"ConsoleSize":[0,0],"CapAdd":null,"CapDrop":null,"CgroupnsMode":"host","Dns":null,"DnsOptions":null,"DnsSearch":null,"ExtraHosts":[],"GroupAdd":null,"IpcMode":"shareable","Cgroup":"","Links":null,"OomScoreAdj":0,"PidMode":"","Privileged":true,"PublishAllPorts":false,"ReadonlyRootfs":false,"SecurityOpt":["label=disable"],"UTSMode":"","UsernsMode":"","ShmSize":67108864,"Runtime":"runc","Isolation":"","CpuShares":0,"Memory":0,"NanoCpus":0,"CgroupParent":"","BlkioWeight":0,"BlkioWeightDevice":null,"BlkioDeviceReadBps":null,"BlkioDeviceWriteBps":null,"BlkioDeviceReadIOps":null,"BlkioDeviceWriteIOps":null,"CpuPeriod":0,"CpuQuota":0,"CpuRealtimePeriod":0,"CpuRealtimeRuntime":0,"CpusetCpus":"","CpusetMems":"","Devices":null,"DeviceCgroupRules":null,"DeviceRequests":null,"MemoryReservation":0,"MemorySwap":0,"MemorySwappiness":null,"OomKillDisable":false,"PidsLimit":null,"Ulimits":null,"CpuCount":0,"CpuPercent":0,"IOMaximumIOps":0,"IOMaximumBandwidth":0,"MaskedPaths":null,"ReadonlyPaths":null},"GraphDriver":{"Data":null,"Name":"overlayfs"},"Mounts":[{"Type":"bind","Source":"//var/run/docker.sock","Destination":"/var/run/docker.sock","Mode":"rw","RW":true,"Propagation":"rprivate"}],"Config":{"Hostname":"b1c7acea15f2","Domainname":"","User":"","AttachStdin":false,"AttachStdout":false,"AttachStderr":false,"ExposedPorts":{"8080/tcp":{}},"Tty":false,"OpenStdin":false,"StdinOnce":false,"Env":["PATH=/usr/local/sbin:/usr/local/bin:/usr/sbin:/usr/bin:/sbin:/bin"],"Cmd":["/bin/ryuk"],"Image":"testcontainers/ryuk:0.5.1","Volumes":null,"WorkingDir":"","Entrypoint":null,"OnBuild":null,"Labels":{"org.testcontainers":"true","org.testcontainers.lang":"java","org.testcontainers.ryuk":"true","org.testcontainers.version":"1.19.3"}},"NetworkSettings":{"Bridge":"","SandboxID":"b9455165441b8043744ba39e53bb251e6debfb5b13ed297426ac19c4e6572143","SandboxKey":"/var/run/docker/netns/b9455165441b","Ports":{"8080/tcp":[]},"HairpinMode":false,"LinkLocalIPv6Address":"","LinkLocalIPv6PrefixLen":0,"SecondaryIPAddresses":null,"SecondaryIPv6Addresses":null,"EndpointID":"396ea8d83c173c4045cb3fb86fb836289e77ed349b17faded3cd0652a0a5b2d7","Gateway":"172.17.0.1","GlobalIPv6Address":"","GlobalIPv6PrefixLen":0,"IPAddress":"172.17.0.2","IPPrefixLen":16,"IPv6Gateway":"","MacAddress":"02:42:ac:11:00:02","Networks":{"bridge":{"IPAMConfig":null,"Links":null,"Aliases":null,"MacAddress":"02:42:ac:11:00:02","DriverOpts":null,"NetworkID":"89e707fbd0b1d4022ac819612d06620bf315f4973f7b027aed52ff20550be23d","EndpointID":"396ea8d83c173c4045cb3fb86fb836289e77ed349b17faded3cd0652a0a5b2d7","Gateway":"17"
09:45:52.652 [main] DEBUG com.github.dockerjava.zerodep.shaded.org.apache.hc.client5.http.wire -- http-outgoing-0 << "2.17.0.1","IPAddress":"172.17.0.2","IPPrefixLen":16,"IPv6Gateway":"","GlobalIPv6Address":"","GlobalIPv6PrefixLen":0,"DNSNames":null}}}}[\n]"
09:45:52.653 [main] DEBUG com.github.dockerjava.zerodep.shaded.org.apache.hc.client5.http.wire -- http-outgoing-0 << "[\r][\n]"
09:45:52.653 [main] DEBUG com.github.dockerjava.zerodep.shaded.org.apache.hc.client5.http.wire -- http-outgoing-0 << "0[\r][\n]"
09:45:52.653 [main] DEBUG com.github.dockerjava.zerodep.shaded.org.apache.hc.client5.http.wire -- http-outgoing-0 << "[\r][\n]"
09:45:52.709 [main] DEBUG com.github.dockerjava.zerodep.shaded.org.apache.hc.client5.http.impl.classic.InternalHttpClient -- ep-00000005: releasing valid endpoint
09:45:52.709 [main] DEBUG com.github.dockerjava.zerodep.shaded.org.apache.hc.client5.http.impl.io.PoolingHttpClientConnectionManager -- ep-00000005: releasing endpoint
09:45:52.710 [main] DEBUG com.github.dockerjava.zerodep.shaded.org.apache.hc.client5.http.impl.io.PoolingHttpClientConnectionManager -- ep-00000005: connection http-outgoing-0 can be kept alive for 3 MINUTES
09:45:52.710 [main] DEBUG com.github.dockerjava.zerodep.shaded.org.apache.hc.client5.http.impl.io.PoolingHttpClientConnectionManager -- ep-00000005: connection released [route: {}->npipe://localhost:2375][total available: 1; route allocated: 1 of 2147483647; total allocated: 1 of 2147483647]
09:45:52.716 [main] DEBUG org.testcontainers.shaded.com.github.dockerjava.core.command.AbstrDockerCmd -- Cmd: b1c7acea15f221cd512b78ec344654ac5065b47c75ff9f0b30b1507786e93589,false
09:45:52.717 [main] DEBUG org.testcontainers.shaded.com.github.dockerjava.core.exec.InspectContainerCmdExec -- GET: DefaultWebTarget{path=[/containers/b1c7acea15f221cd512b78ec344654ac5065b47c75ff9f0b30b1507786e93589/json], queryParams={}}
09:45:52.720 [main] DEBUG com.github.dockerjava.zerodep.shaded.org.apache.hc.client5.http.impl.classic.InternalHttpClient -- ex-00000007: preparing request execution
09:45:52.721 [main] DEBUG com.github.dockerjava.zerodep.shaded.org.apache.hc.client5.http.protocol.RequestAddCookies -- Cookie spec selected: strict
09:45:52.721 [main] DEBUG com.github.dockerjava.zerodep.shaded.org.apache.hc.client5.http.protocol.RequestAuthCache -- Auth cache not set in the context
09:45:52.721 [main] DEBUG com.github.dockerjava.zerodep.shaded.org.apache.hc.client5.http.impl.classic.ProtocolExec -- ex-00000007: target auth state: UNCHALLENGED
09:45:52.721 [main] DEBUG com.github.dockerjava.zerodep.shaded.org.apache.hc.client5.http.impl.classic.ProtocolExec -- ex-00000007: proxy auth state: UNCHALLENGED
09:45:52.721 [main] DEBUG com.github.dockerjava.zerodep.shaded.org.apache.hc.client5.http.impl.classic.ConnectExec -- ex-00000007: acquiring connection with route {}->npipe://localhost:2375
09:45:52.721 [main] DEBUG com.github.dockerjava.zerodep.shaded.org.apache.hc.client5.http.impl.classic.InternalHttpClient -- ex-00000007: acquiring endpoint (3 MINUTES)
09:45:52.721 [main] DEBUG com.github.dockerjava.zerodep.shaded.org.apache.hc.client5.http.impl.io.PoolingHttpClientConnectionManager -- ex-00000007: endpoint lease request (3 MINUTES) [route: {}->npipe://localhost:2375][total available: 1; route allocated: 1 of 2147483647; total allocated: 1 of 2147483647]
09:45:52.721 [main] DEBUG com.github.dockerjava.zerodep.shaded.org.apache.hc.client5.http.impl.io.PoolingHttpClientConnectionManager -- ex-00000007: endpoint leased [route: {}->npipe://localhost:2375][total available: 0; route allocated: 1 of 2147483647; total allocated: 1 of 2147483647]
09:45:52.722 [main] DEBUG com.github.dockerjava.zerodep.shaded.org.apache.hc.client5.http.impl.io.PoolingHttpClientConnectionManager -- ex-00000007: acquired ep-00000006
09:45:52.722 [main] DEBUG com.github.dockerjava.zerodep.shaded.org.apache.hc.client5.http.impl.classic.InternalHttpClient -- ex-00000007: acquired endpoint ep-00000006
09:45:52.722 [main] DEBUG com.github.dockerjava.zerodep.shaded.org.apache.hc.client5.http.impl.classic.MainClientExec -- ex-00000007: executing GET /v1.32/containers/b1c7acea15f221cd512b78ec344654ac5065b47c75ff9f0b30b1507786e93589/json HTTP/1.1
09:45:52.722 [main] DEBUG com.github.dockerjava.zerodep.shaded.org.apache.hc.client5.http.impl.classic.InternalHttpClient -- ep-00000006: start execution ex-00000007
09:45:52.722 [main] DEBUG com.github.dockerjava.zerodep.shaded.org.apache.hc.client5.http.impl.io.PoolingHttpClientConnectionManager -- ep-00000006: executing exchange ex-00000007 over http-outgoing-0
09:45:52.722 [main] DEBUG com.github.dockerjava.zerodep.shaded.org.apache.hc.client5.http.headers -- http-outgoing-0 >> GET /v1.32/containers/b1c7acea15f221cd512b78ec344654ac5065b47c75ff9f0b30b1507786e93589/json HTTP/1.1
09:45:52.722 [main] DEBUG com.github.dockerjava.zerodep.shaded.org.apache.hc.client5.http.headers -- http-outgoing-0 >> accept: application/json
09:45:52.722 [main] DEBUG com.github.dockerjava.zerodep.shaded.org.apache.hc.client5.http.headers -- http-outgoing-0 >> x-tc-sid: bfc2ed12-23ce-401f-a1df-f57c73ebd58a
09:45:52.722 [main] DEBUG com.github.dockerjava.zerodep.shaded.org.apache.hc.client5.http.headers -- http-outgoing-0 >> User-Agent: tc-java/1.19.3
09:45:52.722 [main] DEBUG com.github.dockerjava.zerodep.shaded.org.apache.hc.client5.http.headers -- http-outgoing-0 >> Accept-Encoding: gzip, x-gzip, deflate
09:45:52.722 [main] DEBUG com.github.dockerjava.zerodep.shaded.org.apache.hc.client5.http.headers -- http-outgoing-0 >> Host: localhost:2375
09:45:52.722 [main] DEBUG com.github.dockerjava.zerodep.shaded.org.apache.hc.client5.http.headers -- http-outgoing-0 >> Connection: keep-alive
09:45:52.723 [main] DEBUG com.github.dockerjava.zerodep.shaded.org.apache.hc.client5.http.wire -- http-outgoing-0 >> "GET /v1.32/containers/b1c7acea15f221cd512b78ec344654ac5065b47c75ff9f0b30b1507786e93589/json HTTP/1.1[\r][\n]"
09:45:52.728 [main] DEBUG com.github.dockerjava.zerodep.shaded.org.apache.hc.client5.http.wire -- http-outgoing-0 >> "accept: application/json[\r][\n]"
09:45:52.728 [main] DEBUG com.github.dockerjava.zerodep.shaded.org.apache.hc.client5.http.wire -- http-outgoing-0 >> "x-tc-sid: bfc2ed12-23ce-401f-a1df-f57c73ebd58a[\r][\n]"
09:45:52.728 [main] DEBUG com.github.dockerjava.zerodep.shaded.org.apache.hc.client5.http.wire -- http-outgoing-0 >> "User-Agent: tc-java/1.19.3[\r][\n]"
09:45:52.728 [main] DEBUG com.github.dockerjava.zerodep.shaded.org.apache.hc.client5.http.wire -- http-outgoing-0 >> "Accept-Encoding: gzip, x-gzip, deflate[\r][\n]"
09:45:52.728 [main] DEBUG com.github.dockerjava.zerodep.shaded.org.apache.hc.client5.http.wire -- http-outgoing-0 >> "Host: localhost:2375[\r][\n]"
09:45:52.728 [main] DEBUG com.github.dockerjava.zerodep.shaded.org.apache.hc.client5.http.wire -- http-outgoing-0 >> "Connection: keep-alive[\r][\n]"
09:45:52.728 [main] DEBUG com.github.dockerjava.zerodep.shaded.org.apache.hc.client5.http.wire -- http-outgoing-0 >> "[\r][\n]"
09:45:52.748 [main] DEBUG com.github.dockerjava.zerodep.shaded.org.apache.hc.client5.http.wire -- http-outgoing-0 << "HTTP/1.1 200 OK[\r][\n]"
09:45:52.748 [main] DEBUG com.github.dockerjava.zerodep.shaded.org.apache.hc.client5.http.wire -- http-outgoing-0 << "Api-Version: 1.47[\r][\n]"
09:45:52.749 [main] DEBUG com.github.dockerjava.zerodep.shaded.org.apache.hc.client5.http.wire -- http-outgoing-0 << "Content-Type: application/json[\r][\n]"
09:45:52.749 [main] DEBUG com.github.dockerjava.zerodep.shaded.org.apache.hc.client5.http.wire -- http-outgoing-0 << "Date: Fri, 02 May 2025 07:45:52 GMT[\r][\n]"
09:45:52.749 [main] DEBUG com.github.dockerjava.zerodep.shaded.org.apache.hc.client5.http.wire -- http-outgoing-0 << "Docker-Experimental: false[\r][\n]"
09:45:52.749 [main] DEBUG com.github.dockerjava.zerodep.shaded.org.apache.hc.client5.http.wire -- http-outgoing-0 << "Ostype: linux[\r][\n]"
09:45:52.749 [main] DEBUG com.github.dockerjava.zerodep.shaded.org.apache.hc.client5.http.wire -- http-outgoing-0 << "Server: Docker/27.5.1 (linux)[\r][\n]"
09:45:52.749 [main] DEBUG com.github.dockerjava.zerodep.shaded.org.apache.hc.client5.http.wire -- http-outgoing-0 << "Transfer-Encoding: chunked[\r][\n]"
09:45:52.749 [main] DEBUG com.github.dockerjava.zerodep.shaded.org.apache.hc.client5.http.wire -- http-outgoing-0 << "[\r][\n]"
09:45:52.749 [main] DEBUG com.github.dockerjava.zerodep.shaded.org.apache.hc.client5.http.headers -- http-outgoing-0 << HTTP/1.1 200 OK
09:45:52.749 [main] DEBUG com.github.dockerjava.zerodep.shaded.org.apache.hc.client5.http.headers -- http-outgoing-0 << Api-Version: 1.47
09:45:52.749 [main] DEBUG com.github.dockerjava.zerodep.shaded.org.apache.hc.client5.http.headers -- http-outgoing-0 << Content-Type: application/json
09:45:52.749 [main] DEBUG com.github.dockerjava.zerodep.shaded.org.apache.hc.client5.http.headers -- http-outgoing-0 << Date: Fri, 02 May 2025 07:45:52 GMT
09:45:52.749 [main] DEBUG com.github.dockerjava.zerodep.shaded.org.apache.hc.client5.http.headers -- http-outgoing-0 << Docker-Experimental: false
09:45:52.749 [main] DEBUG com.github.dockerjava.zerodep.shaded.org.apache.hc.client5.http.headers -- http-outgoing-0 << Ostype: linux
09:45:52.749 [main] DEBUG com.github.dockerjava.zerodep.shaded.org.apache.hc.client5.http.headers -- http-outgoing-0 << Server: Docker/27.5.1 (linux)
09:45:52.749 [main] DEBUG com.github.dockerjava.zerodep.shaded.org.apache.hc.client5.http.headers -- http-outgoing-0 << Transfer-Encoding: chunked
09:45:52.750 [main] DEBUG com.github.dockerjava.zerodep.shaded.org.apache.hc.client5.http.impl.classic.MainClientExec -- ex-00000007: connection can be kept alive for 3 MINUTES
09:45:52.751 [main] DEBUG com.github.dockerjava.zerodep.shaded.org.apache.hc.client5.http.wire -- http-outgoing-0 << "10a9[\r][\n]"
09:45:52.752 [main] DEBUG com.github.dockerjava.zerodep.shaded.org.apache.hc.client5.http.wire -- http-outgoing-0 << "{"Id":"b1c7acea15f221cd512b78ec344654ac5065b47c75ff9f0b30b1507786e93589","Created":"2025-05-02T07:45:51.484134645Z","Path":"/bin/ryuk","Args":[],"State":{"Status":"running","Running":true,"Paused":false,"Restarting":false,"OOMKilled":false,"Dead":false,"Pid":18484,"ExitCode":0,"Error":"","StartedAt":"2025-05-02T07:45:51.86468222Z","FinishedAt":"0001-01-01T00:00:00Z"},"Image":"sha256:533abc56c07b52a26c955d1e7ae428d810582ab01c156384ae79960eb5fa0775","ResolvConfPath":"/var/lib/docker/containers/b1c7acea15f221cd512b78ec344654ac5065b47c75ff9f0b30b1507786e93589/resolv.conf","HostnamePath":"/var/lib/docker/containers/b1c7acea15f221cd512b78ec344654ac5065b47c75ff9f0b30b1507786e93589/hostname","HostsPath":"/var/lib/docker/containers/b1c7acea15f221cd512b78ec344654ac5065b47c75ff9f0b30b1507786e93589/hosts","LogPath":"/var/lib/docker/containers/b1c7acea15f221cd512b78ec344654ac5065b47c75ff9f0b30b1507786e93589/b1c7acea15f221cd512b78ec344654ac5065b47c75ff9f0b30b1507786e93589-json.log","Name":"/testcontainers-ryuk-bfc2ed12-23ce-401f-a1df-f57c73ebd58a","RestartCount":0,"Driver":"overlayfs","Platform":"linux","MountLabel":"","ProcessLabel":"","AppArmorProfile":"","ExecIDs":null,"HostConfig":{"Binds":["//var/run/docker.sock:/var/run/docker.sock:rw"],"ContainerIDFile":"","LogConfig":{"Type":"json-file","Config":{}},"NetworkMode":"bridge","PortBindings":{"8080/tcp":[{"HostIp":"0.0.0.0","HostPort":"0"}]},"RestartPolicy":{"Name":"no","MaximumRetryCount":0},"AutoRemove":true,"VolumeDriver":"","VolumesFrom":[],"ConsoleSize":[0,0],"CapAdd":null,"CapDrop":null,"CgroupnsMode":"host","Dns":null,"DnsOptions":null,"DnsSearch":null,"ExtraHosts":[],"GroupAdd":null,"IpcMode":"shareable","Cgroup":"","Links":null,"OomScoreAdj":0,"PidMode":"","Privileged":true,"PublishAllPorts":false,"ReadonlyRootfs":false,"SecurityOpt":["label=disable"],"UTSMode":"","UsernsMode":"","ShmSize":67108864,"Runtime":"runc","Isolation":"","CpuShares":0,"Memory":0,"NanoCpus":0,"CgroupParent":"","BlkioWeight":0,"BlkioWeightDevice":null,"BlkioDeviceReadBps":null,"BlkioDeviceWriteBps":null,"BlkioDeviceReadIOps":null,"BlkioDeviceWriteIOps":null,"CpuPeriod":0,"CpuQuota":0,"CpuRealtimePeriod":0,"CpuRealtimeRuntime":0,"CpusetCpus":"","CpusetMems":"","Devices":null,"DeviceCgroupRules":null,"DeviceRequests":null,"MemoryReservation":0,"MemorySwap":0,"MemorySwappiness":null,"OomKillDisable":false,"PidsLimit":null,"Ulimits":null,"CpuCount":0,"CpuPercent":0,"IOMaximumIOps":0,"IOMaximumBandwidth":0,"MaskedPaths":null,"ReadonlyPaths":null},"GraphDriver":{"Data":null,"Name":"overlayfs"},"Mounts":[{"Type":"bind","Source":"//var/run/docker.sock","Destination":"/var/run/docker.sock","Mode":"rw","RW":true,"Propagation":"rprivate"}],"Config":{"Hostname":"b1c7acea15f2","Domainname":"","User":"","AttachStdin":false,"AttachStdout":false,"AttachStderr":false,"ExposedPorts":{"8080/tcp":{}},"Tty":false,"OpenStdin":false,"StdinOnce":false,"Env":["PATH=/usr/local/sbin:/usr/local/bin:/usr/sbin:/usr/bin:/sbin:/bin"],"Cmd":["/bin/ryuk"],"Image":"testcontainers/ryuk:0.5.1","Volumes":null,"WorkingDir":"","Entrypoint":null,"OnBuild":null,"Labels":{"org.testcontainers":"true","org.testcontainers.lang":"java","org.testcontainers.ryuk":"true","org.testcontainers.version":"1.19.3"}},"NetworkSettings":{"Bridge":"","SandboxID":"b9455165441b8043744ba39e53bb251e6debfb5b13ed297426ac19c4e6572143","SandboxKey":"/var/run/docker/netns/b9455165441b","Ports":{"8080/tcp":[{"HostIp":"0.0.0.0","HostPort":"62207"}]},"HairpinMode":false,"LinkLocalIPv6Address":"","LinkLocalIPv6PrefixLen":0,"SecondaryIPAddresses":null,"SecondaryIPv6Addresses":null,"EndpointID":"396ea8d83c173c4045cb3fb86fb836289e77ed349b17faded3cd0652a0a5b2d7","Gateway":"172.17.0.1","GlobalIPv6Address":"","GlobalIPv6PrefixLen":0,"IPAddress":"172.17.0.2","IPPrefixLen":16,"IPv6Gateway":"","MacAddress":"02:42:ac:11:00:02","Networks":{"bridge":{"IPAMConfig":null,"Links":null,"Aliases":null,"MacAddress":"02:42:ac:11:00:02","DriverOpts":null,"NetworkID":"89e707fbd0b1d4022ac819612d06620bf315f4973f7b027aed52ff20550be23d","EndpointID":"396ea8d83c173c4045cb3fb86fb836289e77ed34"
09:45:52.754 [main] DEBUG com.github.dockerjava.zerodep.shaded.org.apache.hc.client5.http.wire -- http-outgoing-0 << "9b17faded3cd0652a0a5b2d7","Gateway":"172.17.0.1","IPAddress":"172.17.0.2","IPPrefixLen":16,"IPv6Gateway":"","GlobalIPv6Address":"","GlobalIPv6PrefixLen":0,"DNSNames":null}}}}[\n]"
09:45:52.754 [main] DEBUG com.github.dockerjava.zerodep.shaded.org.apache.hc.client5.http.wire -- http-outgoing-0 << "[\r][\n]"
09:45:52.754 [main] DEBUG com.github.dockerjava.zerodep.shaded.org.apache.hc.client5.http.wire -- http-outgoing-0 << "0[\r][\n]"
09:45:52.754 [main] DEBUG com.github.dockerjava.zerodep.shaded.org.apache.hc.client5.http.wire -- http-outgoing-0 << "[\r][\n]"
09:45:52.757 [main] DEBUG com.github.dockerjava.zerodep.shaded.org.apache.hc.client5.http.impl.classic.InternalHttpClient -- ep-00000006: releasing valid endpoint
09:45:52.758 [main] DEBUG com.github.dockerjava.zerodep.shaded.org.apache.hc.client5.http.impl.io.PoolingHttpClientConnectionManager -- ep-00000006: releasing endpoint
09:45:52.758 [main] DEBUG com.github.dockerjava.zerodep.shaded.org.apache.hc.client5.http.impl.io.PoolingHttpClientConnectionManager -- ep-00000006: connection http-outgoing-0 can be kept alive for 3 MINUTES
09:45:52.758 [main] DEBUG com.github.dockerjava.zerodep.shaded.org.apache.hc.client5.http.impl.io.PoolingHttpClientConnectionManager -- ep-00000006: connection released [route: {}->npipe://localhost:2375][total available: 1; route allocated: 1 of 2147483647; total allocated: 1 of 2147483647]
09:45:52.760 [main] DEBUG org.testcontainers.shaded.com.github.dockerjava.core.command.AbstrDockerCmd -- Cmd: sha256:533abc56c07b52a26c955d1e7ae428d810582ab01c156384ae79960eb5fa0775
09:45:52.765 [main] DEBUG com.github.dockerjava.zerodep.shaded.org.apache.hc.client5.http.impl.classic.InternalHttpClient -- ex-00000008: preparing request execution
09:45:52.765 [main] DEBUG com.github.dockerjava.zerodep.shaded.org.apache.hc.client5.http.protocol.RequestAddCookies -- Cookie spec selected: strict
09:45:52.766 [main] DEBUG com.github.dockerjava.zerodep.shaded.org.apache.hc.client5.http.protocol.RequestAuthCache -- Auth cache not set in the context
09:45:52.766 [main] DEBUG com.github.dockerjava.zerodep.shaded.org.apache.hc.client5.http.impl.classic.ProtocolExec -- ex-00000008: target auth state: UNCHALLENGED
09:45:52.766 [main] DEBUG com.github.dockerjava.zerodep.shaded.org.apache.hc.client5.http.impl.classic.ProtocolExec -- ex-00000008: proxy auth state: UNCHALLENGED
09:45:52.766 [main] DEBUG com.github.dockerjava.zerodep.shaded.org.apache.hc.client5.http.impl.classic.ConnectExec -- ex-00000008: acquiring connection with route {}->npipe://localhost:2375
09:45:52.766 [main] DEBUG com.github.dockerjava.zerodep.shaded.org.apache.hc.client5.http.impl.classic.InternalHttpClient -- ex-00000008: acquiring endpoint (3 MINUTES)
09:45:52.766 [main] DEBUG com.github.dockerjava.zerodep.shaded.org.apache.hc.client5.http.impl.io.PoolingHttpClientConnectionManager -- ex-00000008: endpoint lease request (3 MINUTES) [route: {}->npipe://localhost:2375][total available: 1; route allocated: 1 of 2147483647; total allocated: 1 of 2147483647]
09:45:52.766 [main] DEBUG com.github.dockerjava.zerodep.shaded.org.apache.hc.client5.http.impl.io.PoolingHttpClientConnectionManager -- ex-00000008: endpoint leased [route: {}->npipe://localhost:2375][total available: 0; route allocated: 1 of 2147483647; total allocated: 1 of 2147483647]
09:45:52.766 [main] DEBUG com.github.dockerjava.zerodep.shaded.org.apache.hc.client5.http.impl.io.PoolingHttpClientConnectionManager -- ex-00000008: acquired ep-00000007
09:45:52.766 [main] DEBUG com.github.dockerjava.zerodep.shaded.org.apache.hc.client5.http.impl.classic.InternalHttpClient -- ex-00000008: acquired endpoint ep-00000007
09:45:52.766 [main] DEBUG com.github.dockerjava.zerodep.shaded.org.apache.hc.client5.http.impl.classic.MainClientExec -- ex-00000008: executing GET /v1.32/images/sha256:533abc56c07b52a26c955d1e7ae428d810582ab01c156384ae79960eb5fa0775/json HTTP/1.1
09:45:52.766 [main] DEBUG com.github.dockerjava.zerodep.shaded.org.apache.hc.client5.http.impl.classic.InternalHttpClient -- ep-00000007: start execution ex-00000008
09:45:52.766 [main] DEBUG com.github.dockerjava.zerodep.shaded.org.apache.hc.client5.http.impl.io.PoolingHttpClientConnectionManager -- ep-00000007: executing exchange ex-00000008 over http-outgoing-0
09:45:52.766 [main] DEBUG com.github.dockerjava.zerodep.shaded.org.apache.hc.client5.http.headers -- http-outgoing-0 >> GET /v1.32/images/sha256:533abc56c07b52a26c955d1e7ae428d810582ab01c156384ae79960eb5fa0775/json HTTP/1.1
09:45:52.766 [main] DEBUG com.github.dockerjava.zerodep.shaded.org.apache.hc.client5.http.headers -- http-outgoing-0 >> accept: application/json
09:45:52.766 [main] DEBUG com.github.dockerjava.zerodep.shaded.org.apache.hc.client5.http.headers -- http-outgoing-0 >> x-tc-sid: bfc2ed12-23ce-401f-a1df-f57c73ebd58a
09:45:52.766 [main] DEBUG com.github.dockerjava.zerodep.shaded.org.apache.hc.client5.http.headers -- http-outgoing-0 >> User-Agent: tc-java/1.19.3
09:45:52.767 [main] DEBUG com.github.dockerjava.zerodep.shaded.org.apache.hc.client5.http.headers -- http-outgoing-0 >> Accept-Encoding: gzip, x-gzip, deflate
09:45:52.767 [main] DEBUG com.github.dockerjava.zerodep.shaded.org.apache.hc.client5.http.headers -- http-outgoing-0 >> Host: localhost:2375
09:45:52.767 [main] DEBUG com.github.dockerjava.zerodep.shaded.org.apache.hc.client5.http.headers -- http-outgoing-0 >> Connection: keep-alive
09:45:52.767 [main] DEBUG com.github.dockerjava.zerodep.shaded.org.apache.hc.client5.http.wire -- http-outgoing-0 >> "GET /v1.32/images/sha256:533abc56c07b52a26c955d1e7ae428d810582ab01c156384ae79960eb5fa0775/json HTTP/1.1[\r][\n]"
09:45:52.767 [main] DEBUG com.github.dockerjava.zerodep.shaded.org.apache.hc.client5.http.wire -- http-outgoing-0 >> "accept: application/json[\r][\n]"
09:45:52.767 [main] DEBUG com.github.dockerjava.zerodep.shaded.org.apache.hc.client5.http.wire -- http-outgoing-0 >> "x-tc-sid: bfc2ed12-23ce-401f-a1df-f57c73ebd58a[\r][\n]"
09:45:52.767 [main] DEBUG com.github.dockerjava.zerodep.shaded.org.apache.hc.client5.http.wire -- http-outgoing-0 >> "User-Agent: tc-java/1.19.3[\r][\n]"
09:45:52.767 [main] DEBUG com.github.dockerjava.zerodep.shaded.org.apache.hc.client5.http.wire -- http-outgoing-0 >> "Accept-Encoding: gzip, x-gzip, deflate[\r][\n]"
09:45:52.767 [main] DEBUG com.github.dockerjava.zerodep.shaded.org.apache.hc.client5.http.wire -- http-outgoing-0 >> "Host: localhost:2375[\r][\n]"
09:45:52.767 [main] DEBUG com.github.dockerjava.zerodep.shaded.org.apache.hc.client5.http.wire -- http-outgoing-0 >> "Connection: keep-alive[\r][\n]"
09:45:52.767 [main] DEBUG com.github.dockerjava.zerodep.shaded.org.apache.hc.client5.http.wire -- http-outgoing-0 >> "[\r][\n]"
09:45:52.798 [main] DEBUG com.github.dockerjava.zerodep.shaded.org.apache.hc.client5.http.wire -- http-outgoing-0 << "HTTP/1.1 200 OK[\r][\n]"
09:45:52.798 [main] DEBUG com.github.dockerjava.zerodep.shaded.org.apache.hc.client5.http.wire -- http-outgoing-0 << "Api-Version: 1.47[\r][\n]"
09:45:52.798 [main] DEBUG com.github.dockerjava.zerodep.shaded.org.apache.hc.client5.http.wire -- http-outgoing-0 << "Content-Type: application/json[\r][\n]"
09:45:52.798 [main] DEBUG com.github.dockerjava.zerodep.shaded.org.apache.hc.client5.http.wire -- http-outgoing-0 << "Date: Fri, 02 May 2025 07:45:52 GMT[\r][\n]"
09:45:52.798 [main] DEBUG com.github.dockerjava.zerodep.shaded.org.apache.hc.client5.http.wire -- http-outgoing-0 << "Docker-Experimental: false[\r][\n]"
09:45:52.798 [main] DEBUG com.github.dockerjava.zerodep.shaded.org.apache.hc.client5.http.wire -- http-outgoing-0 << "Ostype: linux[\r][\n]"
09:45:52.798 [main] DEBUG com.github.dockerjava.zerodep.shaded.org.apache.hc.client5.http.wire -- http-outgoing-0 << "Server: Docker/27.5.1 (linux)[\r][\n]"
09:45:52.798 [main] DEBUG com.github.dockerjava.zerodep.shaded.org.apache.hc.client5.http.wire -- http-outgoing-0 << "Transfer-Encoding: chunked[\r][\n]"
09:45:52.798 [main] DEBUG com.github.dockerjava.zerodep.shaded.org.apache.hc.client5.http.wire -- http-outgoing-0 << "[\r][\n]"
09:45:52.799 [main] DEBUG com.github.dockerjava.zerodep.shaded.org.apache.hc.client5.http.headers -- http-outgoing-0 << HTTP/1.1 200 OK
09:45:52.799 [main] DEBUG com.github.dockerjava.zerodep.shaded.org.apache.hc.client5.http.headers -- http-outgoing-0 << Api-Version: 1.47
09:45:52.799 [main] DEBUG com.github.dockerjava.zerodep.shaded.org.apache.hc.client5.http.headers -- http-outgoing-0 << Content-Type: application/json
09:45:52.799 [main] DEBUG com.github.dockerjava.zerodep.shaded.org.apache.hc.client5.http.headers -- http-outgoing-0 << Date: Fri, 02 May 2025 07:45:52 GMT
09:45:52.799 [main] DEBUG com.github.dockerjava.zerodep.shaded.org.apache.hc.client5.http.headers -- http-outgoing-0 << Docker-Experimental: false
09:45:52.799 [main] DEBUG com.github.dockerjava.zerodep.shaded.org.apache.hc.client5.http.headers -- http-outgoing-0 << Ostype: linux
09:45:52.799 [main] DEBUG com.github.dockerjava.zerodep.shaded.org.apache.hc.client5.http.headers -- http-outgoing-0 << Server: Docker/27.5.1 (linux)
09:45:52.799 [main] DEBUG com.github.dockerjava.zerodep.shaded.org.apache.hc.client5.http.headers -- http-outgoing-0 << Transfer-Encoding: chunked
09:45:52.799 [main] DEBUG com.github.dockerjava.zerodep.shaded.org.apache.hc.client5.http.impl.classic.MainClientExec -- ex-00000008: connection can be kept alive for 3 MINUTES
09:45:52.799 [main] DEBUG com.github.dockerjava.zerodep.shaded.org.apache.hc.client5.http.wire -- http-outgoing-0 << "5c3[\r][\n]"
09:45:52.800 [main] DEBUG com.github.dockerjava.zerodep.shaded.org.apache.hc.client5.http.wire -- http-outgoing-0 << "{"Id":"sha256:533abc56c07b52a26c955d1e7ae428d810582ab01c156384ae79960eb5fa0775","RepoTags":["testcontainers/ryuk:0.5.1"],"RepoDigests":["testcontainers/ryuk@sha256:533abc56c07b52a26c955d1e7ae428d810582ab01c156384ae79960eb5fa0775"],"Parent":"","Comment":"buildkit.dockerfile.v0","Created":"2023-05-17T15:11:02.784684507Z","ContainerConfig":{"Hostname":"","Domainname":"","User":"","AttachStdin":false,"AttachStdout":false,"AttachStderr":false,"Tty":false,"OpenStdin":false,"StdinOnce":false,"Env":null,"Cmd":null,"Image":"","Volumes":null,"WorkingDir":"","Entrypoint":null,"OnBuild":null,"Labels":null},"DockerVersion":"27.5.1","Author":"","Config":{"Hostname":"","Domainname":"","User":"","AttachStdin":false,"AttachStdout":false,"AttachStderr":false,"Tty":false,"OpenStdin":false,"StdinOnce":false,"Env":["PATH=/usr/local/sbin:/usr/local/bin:/usr/sbin:/usr/bin:/sbin:/bin"],"Cmd":["/bin/ryuk"],"ArgsEscaped":true,"Image":"","Volumes":null,"WorkingDir":"","Entrypoint":null,"OnBuild":null,"Labels":{"org.testcontainers.ryuk":"true"}},"Architecture":"amd64","Os":"linux","Size":5872785,"VirtualSize":5872785,"GraphDriver":{"Data":null,"Name":"overlayfs"},"RootFS":{"Type":"layers","Layers":["sha256:5bc340f6d4f5a3bc999dfbc790a0bdf0920b9103ef794645034de4260ee4e9c8","sha256:399f3aa1fc62064e0be857829b8e7284408be4b60db81996e105a78e2059e5c9","sha256:2ad1a08beb0cf8625d0ffd3d2847150709df6fdb34c6a2ef514106ad08c5d785"]},"Metadata":{"LastTagTime":"2025-05-01T17:42:37.328430936Z"}}[\n]"
09:45:52.800 [main] DEBUG com.github.dockerjava.zerodep.shaded.org.apache.hc.client5.http.wire -- http-outgoing-0 << "[\r][\n]"
09:45:52.800 [main] DEBUG com.github.dockerjava.zerodep.shaded.org.apache.hc.client5.http.wire -- http-outgoing-0 << "0[\r][\n]"
09:45:52.800 [main] DEBUG com.github.dockerjava.zerodep.shaded.org.apache.hc.client5.http.wire -- http-outgoing-0 << "[\r][\n]"
09:45:52.808 [main] DEBUG com.github.dockerjava.zerodep.shaded.org.apache.hc.client5.http.impl.classic.InternalHttpClient -- ep-00000007: releasing valid endpoint
09:45:52.809 [main] DEBUG com.github.dockerjava.zerodep.shaded.org.apache.hc.client5.http.impl.io.PoolingHttpClientConnectionManager -- ep-00000007: releasing endpoint
09:45:52.810 [main] DEBUG com.github.dockerjava.zerodep.shaded.org.apache.hc.client5.http.impl.io.PoolingHttpClientConnectionManager -- ep-00000007: connection http-outgoing-0 can be kept alive for 3 MINUTES
09:45:52.810 [main] DEBUG com.github.dockerjava.zerodep.shaded.org.apache.hc.client5.http.impl.io.PoolingHttpClientConnectionManager -- ep-00000007: connection released [route: {}->npipe://localhost:2375][total available: 1; route allocated: 1 of 2147483647; total allocated: 1 of 2147483647]
09:45:52.812 [main] DEBUG org.testcontainers.shaded.com.github.dockerjava.core.command.AbstrDockerCmd -- Cmd: 
09:45:52.813 [main] DEBUG com.github.dockerjava.zerodep.shaded.org.apache.hc.client5.http.impl.classic.InternalHttpClient -- ex-00000009: preparing request execution
09:45:52.814 [main] DEBUG com.github.dockerjava.zerodep.shaded.org.apache.hc.client5.http.protocol.RequestAddCookies -- Cookie spec selected: strict
09:45:52.814 [main] DEBUG com.github.dockerjava.zerodep.shaded.org.apache.hc.client5.http.protocol.RequestAuthCache -- Auth cache not set in the context
09:45:52.814 [main] DEBUG com.github.dockerjava.zerodep.shaded.org.apache.hc.client5.http.impl.classic.ProtocolExec -- ex-00000009: target auth state: UNCHALLENGED
09:45:52.814 [main] DEBUG com.github.dockerjava.zerodep.shaded.org.apache.hc.client5.http.impl.classic.ProtocolExec -- ex-00000009: proxy auth state: UNCHALLENGED
09:45:52.814 [main] DEBUG com.github.dockerjava.zerodep.shaded.org.apache.hc.client5.http.impl.classic.ConnectExec -- ex-00000009: acquiring connection with route {}->npipe://localhost:2375
09:45:52.814 [main] DEBUG com.github.dockerjava.zerodep.shaded.org.apache.hc.client5.http.impl.classic.InternalHttpClient -- ex-00000009: acquiring endpoint (3 MINUTES)
09:45:52.814 [main] DEBUG com.github.dockerjava.zerodep.shaded.org.apache.hc.client5.http.impl.io.PoolingHttpClientConnectionManager -- ex-00000009: endpoint lease request (3 MINUTES) [route: {}->npipe://localhost:2375][total available: 1; route allocated: 1 of 2147483647; total allocated: 1 of 2147483647]
09:45:52.814 [main] DEBUG com.github.dockerjava.zerodep.shaded.org.apache.hc.client5.http.impl.io.PoolingHttpClientConnectionManager -- ex-00000009: endpoint leased [route: {}->npipe://localhost:2375][total available: 0; route allocated: 1 of 2147483647; total allocated: 1 of 2147483647]
09:45:52.815 [main] DEBUG com.github.dockerjava.zerodep.shaded.org.apache.hc.client5.http.impl.io.PoolingHttpClientConnectionManager -- ex-00000009: acquired ep-00000008
09:45:52.815 [main] DEBUG com.github.dockerjava.zerodep.shaded.org.apache.hc.client5.http.impl.classic.InternalHttpClient -- ex-00000009: acquired endpoint ep-00000008
09:45:52.816 [main] DEBUG com.github.dockerjava.zerodep.shaded.org.apache.hc.client5.http.impl.classic.MainClientExec -- ex-00000009: executing GET /v1.32/version HTTP/1.1
09:45:52.816 [main] DEBUG com.github.dockerjava.zerodep.shaded.org.apache.hc.client5.http.impl.classic.InternalHttpClient -- ep-00000008: start execution ex-00000009
09:45:52.816 [main] DEBUG com.github.dockerjava.zerodep.shaded.org.apache.hc.client5.http.impl.io.PoolingHttpClientConnectionManager -- ep-00000008: executing exchange ex-00000009 over http-outgoing-0
09:45:52.816 [main] DEBUG com.github.dockerjava.zerodep.shaded.org.apache.hc.client5.http.headers -- http-outgoing-0 >> GET /v1.32/version HTTP/1.1
09:45:52.816 [main] DEBUG com.github.dockerjava.zerodep.shaded.org.apache.hc.client5.http.headers -- http-outgoing-0 >> accept: application/json
09:45:52.816 [main] DEBUG com.github.dockerjava.zerodep.shaded.org.apache.hc.client5.http.headers -- http-outgoing-0 >> x-tc-sid: bfc2ed12-23ce-401f-a1df-f57c73ebd58a
09:45:52.816 [main] DEBUG com.github.dockerjava.zerodep.shaded.org.apache.hc.client5.http.headers -- http-outgoing-0 >> User-Agent: tc-java/1.19.3
09:45:52.816 [main] DEBUG com.github.dockerjava.zerodep.shaded.org.apache.hc.client5.http.headers -- http-outgoing-0 >> Accept-Encoding: gzip, x-gzip, deflate
09:45:52.816 [main] DEBUG com.github.dockerjava.zerodep.shaded.org.apache.hc.client5.http.headers -- http-outgoing-0 >> Host: localhost:2375
09:45:52.816 [main] DEBUG com.github.dockerjava.zerodep.shaded.org.apache.hc.client5.http.headers -- http-outgoing-0 >> Connection: keep-alive
09:45:52.816 [main] DEBUG com.github.dockerjava.zerodep.shaded.org.apache.hc.client5.http.wire -- http-outgoing-0 >> "GET /v1.32/version HTTP/1.1[\r][\n]"
09:45:52.816 [main] DEBUG com.github.dockerjava.zerodep.shaded.org.apache.hc.client5.http.wire -- http-outgoing-0 >> "accept: application/json[\r][\n]"
09:45:52.816 [main] DEBUG com.github.dockerjava.zerodep.shaded.org.apache.hc.client5.http.wire -- http-outgoing-0 >> "x-tc-sid: bfc2ed12-23ce-401f-a1df-f57c73ebd58a[\r][\n]"
09:45:52.816 [main] DEBUG com.github.dockerjava.zerodep.shaded.org.apache.hc.client5.http.wire -- http-outgoing-0 >> "User-Agent: tc-java/1.19.3[\r][\n]"
09:45:52.816 [main] DEBUG com.github.dockerjava.zerodep.shaded.org.apache.hc.client5.http.wire -- http-outgoing-0 >> "Accept-Encoding: gzip, x-gzip, deflate[\r][\n]"
09:45:52.816 [main] DEBUG com.github.dockerjava.zerodep.shaded.org.apache.hc.client5.http.wire -- http-outgoing-0 >> "Host: localhost:2375[\r][\n]"
09:45:52.816 [main] DEBUG com.github.dockerjava.zerodep.shaded.org.apache.hc.client5.http.wire -- http-outgoing-0 >> "Connection: keep-alive[\r][\n]"
09:45:52.816 [main] DEBUG com.github.dockerjava.zerodep.shaded.org.apache.hc.client5.http.wire -- http-outgoing-0 >> "[\r][\n]"
09:45:52.835 [main] DEBUG com.github.dockerjava.zerodep.shaded.org.apache.hc.client5.http.wire -- http-outgoing-0 << "HTTP/1.1 200 OK[\r][\n]"
09:45:52.835 [main] DEBUG com.github.dockerjava.zerodep.shaded.org.apache.hc.client5.http.wire -- http-outgoing-0 << "Api-Version: 1.47[\r][\n]"
09:45:52.835 [main] DEBUG com.github.dockerjava.zerodep.shaded.org.apache.hc.client5.http.wire -- http-outgoing-0 << "Content-Type: application/json[\r][\n]"
09:45:52.835 [main] DEBUG com.github.dockerjava.zerodep.shaded.org.apache.hc.client5.http.wire -- http-outgoing-0 << "Date: Fri, 02 May 2025 07:45:52 GMT[\r][\n]"
09:45:52.835 [main] DEBUG com.github.dockerjava.zerodep.shaded.org.apache.hc.client5.http.wire -- http-outgoing-0 << "Docker-Experimental: false[\r][\n]"
09:45:52.835 [main] DEBUG com.github.dockerjava.zerodep.shaded.org.apache.hc.client5.http.wire -- http-outgoing-0 << "Ostype: linux[\r][\n]"
09:45:52.835 [main] DEBUG com.github.dockerjava.zerodep.shaded.org.apache.hc.client5.http.wire -- http-outgoing-0 << "Server: Docker/27.5.1 (linux)[\r][\n]"
09:45:52.835 [main] DEBUG com.github.dockerjava.zerodep.shaded.org.apache.hc.client5.http.wire -- http-outgoing-0 << "Transfer-Encoding: chunked[\r][\n]"
09:45:52.835 [main] DEBUG com.github.dockerjava.zerodep.shaded.org.apache.hc.client5.http.wire -- http-outgoing-0 << "[\r][\n]"
09:45:52.836 [main] DEBUG com.github.dockerjava.zerodep.shaded.org.apache.hc.client5.http.headers -- http-outgoing-0 << HTTP/1.1 200 OK
09:45:52.836 [main] DEBUG com.github.dockerjava.zerodep.shaded.org.apache.hc.client5.http.headers -- http-outgoing-0 << Api-Version: 1.47
09:45:52.836 [main] DEBUG com.github.dockerjava.zerodep.shaded.org.apache.hc.client5.http.headers -- http-outgoing-0 << Content-Type: application/json
09:45:52.836 [main] DEBUG com.github.dockerjava.zerodep.shaded.org.apache.hc.client5.http.headers -- http-outgoing-0 << Date: Fri, 02 May 2025 07:45:52 GMT
09:45:52.836 [main] DEBUG com.github.dockerjava.zerodep.shaded.org.apache.hc.client5.http.headers -- http-outgoing-0 << Docker-Experimental: false
09:45:52.836 [main] DEBUG com.github.dockerjava.zerodep.shaded.org.apache.hc.client5.http.headers -- http-outgoing-0 << Ostype: linux
09:45:52.836 [main] DEBUG com.github.dockerjava.zerodep.shaded.org.apache.hc.client5.http.headers -- http-outgoing-0 << Server: Docker/27.5.1 (linux)
09:45:52.836 [main] DEBUG com.github.dockerjava.zerodep.shaded.org.apache.hc.client5.http.headers -- http-outgoing-0 << Transfer-Encoding: chunked
09:45:52.836 [main] DEBUG com.github.dockerjava.zerodep.shaded.org.apache.hc.client5.http.impl.classic.MainClientExec -- ex-00000009: connection can be kept alive for 3 MINUTES
09:45:52.836 [main] DEBUG com.github.dockerjava.zerodep.shaded.org.apache.hc.client5.http.wire -- http-outgoing-0 << "362[\r][\n]"
09:45:52.836 [main] DEBUG com.github.dockerjava.zerodep.shaded.org.apache.hc.client5.http.wire -- http-outgoing-0 << "{"Platform":{"Name":"Docker Desktop 4.38.0 (181591)"},"Components":[{"Name":"Engine","Version":"27.5.1","Details":{"ApiVersion":"1.47","Arch":"amd64","BuildTime":"2025-01-22T13:41:17.000000000+00:00","Experimental":"false","GitCommit":"4c9b3b0","GoVersion":"go1.22.11","KernelVersion":"5.15.167.4-microsoft-standard-WSL2","MinAPIVersion":"1.24","Os":"linux"}},{"Name":"containerd","Version":"1.7.25","Details":{"GitCommit":"bcc810d6b9066471b0b6fa75f557a15a1cbf31bb"}},{"Name":"runc","Version":"1.1.12","Details":{"GitCommit":"v1.1.12-0-g51d5e946"}},{"Name":"docker-init","Version":"0.19.0","Details":{"GitCommit":"de40ad0"}}],"Version":"27.5.1","ApiVersion":"1.47","MinAPIVersion":"1.24","GitCommit":"4c9b3b0","GoVersion":"go1.22.11","Os":"linux","Arch":"amd64","KernelVersion":"5.15.167.4-microsoft-standard-WSL2","BuildTime":"2025-01-22T13:41:17.000000000+00:00"}[\n]"
09:45:52.837 [main] DEBUG com.github.dockerjava.zerodep.shaded.org.apache.hc.client5.http.wire -- http-outgoing-0 << "[\r][\n]"
09:45:52.837 [main] DEBUG com.github.dockerjava.zerodep.shaded.org.apache.hc.client5.http.wire -- http-outgoing-0 << "0[\r][\n]"
09:45:52.837 [main] DEBUG com.github.dockerjava.zerodep.shaded.org.apache.hc.client5.http.wire -- http-outgoing-0 << "[\r][\n]"
09:45:52.837 [main] DEBUG com.github.dockerjava.zerodep.shaded.org.apache.hc.client5.http.impl.classic.InternalHttpClient -- ep-00000008: releasing valid endpoint
09:45:52.837 [main] DEBUG com.github.dockerjava.zerodep.shaded.org.apache.hc.client5.http.impl.io.PoolingHttpClientConnectionManager -- ep-00000008: releasing endpoint
09:45:52.838 [main] DEBUG com.github.dockerjava.zerodep.shaded.org.apache.hc.client5.http.impl.io.PoolingHttpClientConnectionManager -- ep-00000008: connection http-outgoing-0 can be kept alive for 3 MINUTES
09:45:52.838 [main] DEBUG com.github.dockerjava.zerodep.shaded.org.apache.hc.client5.http.impl.io.PoolingHttpClientConnectionManager -- ep-00000008: connection released [route: {}->npipe://localhost:2375][total available: 1; route allocated: 1 of 2147483647; total allocated: 1 of 2147483647]
09:45:52.852 [docker-java-stream--815902762] DEBUG com.github.dockerjava.zerodep.shaded.org.apache.hc.client5.http.impl.classic.InternalHttpClient -- ex-0000000A: preparing request execution
09:45:52.852 [docker-java-stream--815902762] DEBUG com.github.dockerjava.zerodep.shaded.org.apache.hc.client5.http.protocol.RequestAddCookies -- Cookie spec selected: strict
09:45:52.852 [docker-java-stream--815902762] DEBUG com.github.dockerjava.zerodep.shaded.org.apache.hc.client5.http.protocol.RequestAuthCache -- Auth cache not set in the context
09:45:52.853 [docker-java-stream--815902762] DEBUG com.github.dockerjava.zerodep.shaded.org.apache.hc.client5.http.impl.classic.ProtocolExec -- ex-0000000A: target auth state: UNCHALLENGED
09:45:52.853 [docker-java-stream--815902762] DEBUG com.github.dockerjava.zerodep.shaded.org.apache.hc.client5.http.impl.classic.ProtocolExec -- ex-0000000A: proxy auth state: UNCHALLENGED
09:45:52.853 [docker-java-stream--815902762] DEBUG com.github.dockerjava.zerodep.shaded.org.apache.hc.client5.http.impl.classic.ConnectExec -- ex-0000000A: acquiring connection with route {}->npipe://localhost:2375
09:45:52.853 [docker-java-stream--815902762] DEBUG com.github.dockerjava.zerodep.shaded.org.apache.hc.client5.http.impl.classic.InternalHttpClient -- ex-0000000A: acquiring endpoint (3 MINUTES)
09:45:52.853 [docker-java-stream--815902762] DEBUG com.github.dockerjava.zerodep.shaded.org.apache.hc.client5.http.impl.io.PoolingHttpClientConnectionManager -- ex-0000000A: endpoint lease request (3 MINUTES) [route: {}->npipe://localhost:2375][total available: 1; route allocated: 1 of 2147483647; total allocated: 1 of 2147483647]
09:45:52.853 [docker-java-stream--815902762] DEBUG com.github.dockerjava.zerodep.shaded.org.apache.hc.client5.http.impl.io.PoolingHttpClientConnectionManager -- ex-0000000A: endpoint leased [route: {}->npipe://localhost:2375][total available: 0; route allocated: 1 of 2147483647; total allocated: 1 of 2147483647]
09:45:52.853 [docker-java-stream--815902762] DEBUG com.github.dockerjava.zerodep.shaded.org.apache.hc.client5.http.impl.io.PoolingHttpClientConnectionManager -- ex-0000000A: acquired ep-00000009
09:45:52.853 [docker-java-stream--815902762] DEBUG com.github.dockerjava.zerodep.shaded.org.apache.hc.client5.http.impl.classic.InternalHttpClient -- ex-0000000A: acquired endpoint ep-00000009
09:45:52.853 [docker-java-stream--815902762] DEBUG com.github.dockerjava.zerodep.shaded.org.apache.hc.client5.http.impl.classic.MainClientExec -- ex-0000000A: executing GET /v1.32/containers/b1c7acea15f221cd512b78ec344654ac5065b47c75ff9f0b30b1507786e93589/logs?stdout=true&stderr=true&follow=true&since=0 HTTP/1.1
09:45:52.853 [docker-java-stream--815902762] DEBUG com.github.dockerjava.zerodep.shaded.org.apache.hc.client5.http.impl.classic.InternalHttpClient -- ep-00000009: start execution ex-0000000A
09:45:52.853 [docker-java-stream--815902762] DEBUG com.github.dockerjava.zerodep.shaded.org.apache.hc.client5.http.impl.io.PoolingHttpClientConnectionManager -- ep-00000009: executing exchange ex-0000000A over http-outgoing-0
09:45:52.853 [docker-java-stream--815902762] DEBUG com.github.dockerjava.zerodep.shaded.org.apache.hc.client5.http.headers -- http-outgoing-0 >> GET /v1.32/containers/b1c7acea15f221cd512b78ec344654ac5065b47c75ff9f0b30b1507786e93589/logs?stdout=true&stderr=true&follow=true&since=0 HTTP/1.1
09:45:52.853 [docker-java-stream--815902762] DEBUG com.github.dockerjava.zerodep.shaded.org.apache.hc.client5.http.headers -- http-outgoing-0 >> x-tc-sid: bfc2ed12-23ce-401f-a1df-f57c73ebd58a
09:45:52.853 [docker-java-stream--815902762] DEBUG com.github.dockerjava.zerodep.shaded.org.apache.hc.client5.http.headers -- http-outgoing-0 >> User-Agent: tc-java/1.19.3
09:45:52.853 [docker-java-stream--815902762] DEBUG com.github.dockerjava.zerodep.shaded.org.apache.hc.client5.http.headers -- http-outgoing-0 >> Accept-Encoding: gzip, x-gzip, deflate
09:45:52.853 [docker-java-stream--815902762] DEBUG com.github.dockerjava.zerodep.shaded.org.apache.hc.client5.http.headers -- http-outgoing-0 >> Host: localhost:2375
09:45:52.853 [docker-java-stream--815902762] DEBUG com.github.dockerjava.zerodep.shaded.org.apache.hc.client5.http.headers -- http-outgoing-0 >> Connection: keep-alive
09:45:52.853 [docker-java-stream--815902762] DEBUG com.github.dockerjava.zerodep.shaded.org.apache.hc.client5.http.wire -- http-outgoing-0 >> "GET /v1.32/containers/b1c7acea15f221cd512b78ec344654ac5065b47c75ff9f0b30b1507786e93589/logs?stdout=true&stderr=true&follow=true&since=0 HTTP/1.1[\r][\n]"
09:45:52.853 [docker-java-stream--815902762] DEBUG com.github.dockerjava.zerodep.shaded.org.apache.hc.client5.http.wire -- http-outgoing-0 >> "x-tc-sid: bfc2ed12-23ce-401f-a1df-f57c73ebd58a[\r][\n]"
09:45:52.854 [docker-java-stream--815902762] DEBUG com.github.dockerjava.zerodep.shaded.org.apache.hc.client5.http.wire -- http-outgoing-0 >> "User-Agent: tc-java/1.19.3[\r][\n]"
09:45:52.854 [docker-java-stream--815902762] DEBUG com.github.dockerjava.zerodep.shaded.org.apache.hc.client5.http.wire -- http-outgoing-0 >> "Accept-Encoding: gzip, x-gzip, deflate[\r][\n]"
09:45:52.854 [docker-java-stream--815902762] DEBUG com.github.dockerjava.zerodep.shaded.org.apache.hc.client5.http.wire -- http-outgoing-0 >> "Host: localhost:2375[\r][\n]"
09:45:52.854 [docker-java-stream--815902762] DEBUG com.github.dockerjava.zerodep.shaded.org.apache.hc.client5.http.wire -- http-outgoing-0 >> "Connection: keep-alive[\r][\n]"
09:45:52.854 [docker-java-stream--815902762] DEBUG com.github.dockerjava.zerodep.shaded.org.apache.hc.client5.http.wire -- http-outgoing-0 >> "[\r][\n]"
09:45:52.860 [docker-java-stream--815902762] DEBUG com.github.dockerjava.zerodep.shaded.org.apache.hc.client5.http.wire -- http-outgoing-0 << "HTTP/1.1 200 OK[\r][\n]"
09:45:52.860 [docker-java-stream--815902762] DEBUG com.github.dockerjava.zerodep.shaded.org.apache.hc.client5.http.wire -- http-outgoing-0 << "Api-Version: 1.47[\r][\n]"
09:45:52.860 [docker-java-stream--815902762] DEBUG com.github.dockerjava.zerodep.shaded.org.apache.hc.client5.http.wire -- http-outgoing-0 << "Content-Type: application/vnd.docker.raw-stream[\r][\n]"
09:45:52.860 [docker-java-stream--815902762] DEBUG com.github.dockerjava.zerodep.shaded.org.apache.hc.client5.http.wire -- http-outgoing-0 << "Date: Fri, 02 May 2025 07:45:52 GMT[\r][\n]"
09:45:52.860 [docker-java-stream--815902762] DEBUG com.github.dockerjava.zerodep.shaded.org.apache.hc.client5.http.wire -- http-outgoing-0 << "Docker-Experimental: false[\r][\n]"
09:45:52.860 [docker-java-stream--815902762] DEBUG com.github.dockerjava.zerodep.shaded.org.apache.hc.client5.http.wire -- http-outgoing-0 << "Ostype: linux[\r][\n]"
09:45:52.860 [docker-java-stream--815902762] DEBUG com.github.dockerjava.zerodep.shaded.org.apache.hc.client5.http.wire -- http-outgoing-0 << "Server: Docker/27.5.1 (linux)[\r][\n]"
09:45:52.860 [docker-java-stream--815902762] DEBUG com.github.dockerjava.zerodep.shaded.org.apache.hc.client5.http.wire -- http-outgoing-0 << "Transfer-Encoding: chunked[\r][\n]"
09:45:52.860 [docker-java-stream--815902762] DEBUG com.github.dockerjava.zerodep.shaded.org.apache.hc.client5.http.wire -- http-outgoing-0 << "[\r][\n]"
09:45:52.861 [docker-java-stream--815902762] DEBUG com.github.dockerjava.zerodep.shaded.org.apache.hc.client5.http.headers -- http-outgoing-0 << HTTP/1.1 200 OK
09:45:52.861 [docker-java-stream--815902762] DEBUG com.github.dockerjava.zerodep.shaded.org.apache.hc.client5.http.headers -- http-outgoing-0 << Api-Version: 1.47
09:45:52.861 [docker-java-stream--815902762] DEBUG com.github.dockerjava.zerodep.shaded.org.apache.hc.client5.http.headers -- http-outgoing-0 << Content-Type: application/vnd.docker.raw-stream
09:45:52.861 [docker-java-stream--815902762] DEBUG com.github.dockerjava.zerodep.shaded.org.apache.hc.client5.http.headers -- http-outgoing-0 << Date: Fri, 02 May 2025 07:45:52 GMT
09:45:52.861 [docker-java-stream--815902762] DEBUG com.github.dockerjava.zerodep.shaded.org.apache.hc.client5.http.headers -- http-outgoing-0 << Docker-Experimental: false
09:45:52.861 [docker-java-stream--815902762] DEBUG com.github.dockerjava.zerodep.shaded.org.apache.hc.client5.http.headers -- http-outgoing-0 << Ostype: linux
09:45:52.861 [docker-java-stream--815902762] DEBUG com.github.dockerjava.zerodep.shaded.org.apache.hc.client5.http.headers -- http-outgoing-0 << Server: Docker/27.5.1 (linux)
09:45:52.861 [docker-java-stream--815902762] DEBUG com.github.dockerjava.zerodep.shaded.org.apache.hc.client5.http.headers -- http-outgoing-0 << Transfer-Encoding: chunked
09:45:52.861 [docker-java-stream--815902762] DEBUG com.github.dockerjava.zerodep.shaded.org.apache.hc.client5.http.impl.classic.MainClientExec -- ex-0000000A: connection can be kept alive for 3 MINUTES
09:45:52.862 [docker-java-stream--815902762] DEBUG com.github.dockerjava.zerodep.shaded.org.apache.hc.client5.http.wire -- http-outgoing-0 << "c0[\r][\n]"
09:45:52.862 [docker-java-stream--815902762] DEBUG com.github.dockerjava.zerodep.shaded.org.apache.hc.client5.http.wire -- http-outgoing-0 << "[0x2][0x0][0x0][0x0][0x0][0x0][0x0]&2025/05/02 07:45:52 Pinging Docker...[\n]"
09:45:52.862 [docker-java-stream--815902762] DEBUG com.github.dockerjava.zerodep.shaded.org.apache.hc.client5.http.wire -- http-outgoing-0 << "[0x2][0x0][0x0][0x0][0x0][0x0][0x0]02025/05/02 07:45:52 Docker daemon is available![\n]"
09:45:52.862 [docker-java-stream--815902762] DEBUG com.github.dockerjava.zerodep.shaded.org.apache.hc.client5.http.wire -- http-outgoing-0 << "[0x2][0x0][0x0][0x0][0x0][0x0][0x0]-2025/05/02 07:45:52 Starting on port 8080...[\n]"
09:45:52.862 [docker-java-stream--815902762] DEBUG com.github.dockerjava.zerodep.shaded.org.apache.hc.client5.http.wire -- http-outgoing-0 << "[0x2][0x0][0x0][0x0][0x0][0x0][0x0][0x1d]2025/05/02 07:45:52 Started![\n]"
09:45:52.862 [docker-java-stream--815902762] DEBUG com.github.dockerjava.zerodep.shaded.org.apache.hc.client5.http.wire -- http-outgoing-0 << "[\r][\n]"
09:45:52.864 [main] DEBUG org.testcontainers.containers.output.WaitingConsumer -- STDERR: 2025/05/02 07:45:52 Pinging Docker...
09:45:52.865 [main] DEBUG org.testcontainers.containers.output.WaitingConsumer -- STDERR: 2025/05/02 07:45:52 Started!
09:45:52.866 [main] DEBUG com.github.dockerjava.zerodep.shaded.org.apache.hc.client5.http.impl.classic.InternalHttpClient -- ep-00000009: cancel
09:45:52.867 [main] DEBUG com.github.dockerjava.zerodep.shaded.org.apache.hc.client5.http.impl.io.DefaultManagedHttpClientConnection -- http-outgoing-0: close connection IMMEDIATE
09:45:52.868 [main] DEBUG com.github.dockerjava.zerodep.shaded.org.apache.hc.client5.http.impl.classic.InternalHttpClient -- ep-00000009: endpoint closed
09:45:52.868 [main] DEBUG com.github.dockerjava.zerodep.shaded.org.apache.hc.client5.http.impl.classic.InternalHttpClient -- ep-00000009: discarding endpoint
09:45:52.868 [main] DEBUG com.github.dockerjava.zerodep.shaded.org.apache.hc.client5.http.impl.io.PoolingHttpClientConnectionManager -- ep-00000009: releasing endpoint
09:45:52.868 [main] DEBUG com.github.dockerjava.zerodep.shaded.org.apache.hc.client5.http.impl.io.PoolingHttpClientConnectionManager -- ep-00000009: connection is not kept alive
09:45:52.868 [main] DEBUG com.github.dockerjava.zerodep.shaded.org.apache.hc.client5.http.impl.io.PoolingHttpClientConnectionManager -- ep-00000009: connection released [route: {}->npipe://localhost:2375][total available: 0; route allocated: 0 of 2147483647; total allocated: 0 of 2147483647]
09:45:52.868 [docker-java-stream--815902762] DEBUG com.github.dockerjava.zerodep.shaded.org.apache.hc.client5.http.wire -- http-outgoing-0 << "end of stream"
09:45:52.874 [main] DEBUG com.github.dockerjava.zerodep.shaded.org.apache.hc.client5.http.wire -- http-outgoing-0 << "[read] I/O error: java.nio.channels.ClosedChannelException"
09:45:52.874 [main] DEBUG com.github.dockerjava.zerodep.ApacheDockerHttpClientImpl$ApacheResponse -- Failed to close the response
java.io.IOException: java.nio.channels.ClosedChannelException
	at java.base/java.nio.channels.Channels$1.read(Channels.java:166)
	at com.github.dockerjava.zerodep.shaded.org.apache.hc.client5.http.impl.io.LoggingInputStream.read(LoggingInputStream.java:81)
	at com.github.dockerjava.zerodep.shaded.org.apache.hc.core5.http.impl.io.SessionInputBufferImpl.fillBuffer(SessionInputBufferImpl.java:149)
	at com.github.dockerjava.zerodep.shaded.org.apache.hc.core5.http.impl.io.SessionInputBufferImpl.readLine(SessionInputBufferImpl.java:280)
	at com.github.dockerjava.zerodep.shaded.org.apache.hc.core5.http.impl.io.ChunkedInputStream.getChunkSize(ChunkedInputStream.java:261)
	at com.github.dockerjava.zerodep.shaded.org.apache.hc.core5.http.impl.io.ChunkedInputStream.nextChunk(ChunkedInputStream.java:222)
	at com.github.dockerjava.zerodep.shaded.org.apache.hc.core5.http.impl.io.ChunkedInputStream.read(ChunkedInputStream.java:147)
	at com.github.dockerjava.zerodep.shaded.org.apache.hc.core5.http.impl.io.ChunkedInputStream.close(ChunkedInputStream.java:314)
	at com.github.dockerjava.zerodep.shaded.org.apache.hc.core5.io.Closer.close(Closer.java:48)
	at com.github.dockerjava.zerodep.shaded.org.apache.hc.core5.http.impl.io.IncomingHttpEntity.close(IncomingHttpEntity.java:111)
	at com.github.dockerjava.zerodep.shaded.org.apache.hc.core5.http.io.entity.HttpEntityWrapper.close(HttpEntityWrapper.java:120)
	at com.github.dockerjava.zerodep.shaded.org.apache.hc.core5.io.Closer.close(Closer.java:48)
	at com.github.dockerjava.zerodep.shaded.org.apache.hc.core5.http.message.BasicClassicHttpResponse.close(BasicClassicHttpResponse.java:93)
	at com.github.dockerjava.zerodep.shaded.org.apache.hc.client5.http.impl.classic.CloseableHttpResponse.close(CloseableHttpResponse.java:200)
	at com.github.dockerjava.zerodep.ApacheDockerHttpClientImpl$ApacheResponse.close(ApacheDockerHttpClientImpl.java:256)
	at org.testcontainers.shaded.com.github.dockerjava.core.DefaultInvocationBuilder.lambda$null$0(DefaultInvocationBuilder.java:272)
	at com.github.dockerjava.api.async.ResultCallbackTemplate.close(ResultCallbackTemplate.java:77)
	at org.testcontainers.containers.output.FrameConsumerResultCallback.close(FrameConsumerResultCallback.java:69)
	at org.testcontainers.containers.wait.strategy.LogMessageWaitStrategy.waitUntilReady(LogMessageWaitStrategy.java:49)
	at org.testcontainers.containers.wait.strategy.AbstractWaitStrategy.waitUntilReady(AbstractWaitStrategy.java:52)
	at org.testcontainers.containers.GenericContainer.waitUntilContainerStarted(GenericContainer.java:912)
	at org.testcontainers.containers.GenericContainer.tryStart(GenericContainer.java:503)
	at org.testcontainers.containers.GenericContainer.lambda$doStart$0(GenericContainer.java:357)
	at org.rnorth.ducttape.unreliables.Unreliables.retryUntilSuccess(Unreliables.java:81)
	at org.testcontainers.containers.GenericContainer.doStart(GenericContainer.java:347)
	at org.testcontainers.containers.GenericContainer.start(GenericContainer.java:333)
	at org.testcontainers.utility.RyukResourceReaper.maybeStart(RyukResourceReaper.java:78)
	at org.testcontainers.utility.RyukResourceReaper.init(RyukResourceReaper.java:42)
	at org.testcontainers.DockerClientFactory.client(DockerClientFactory.java:232)
	at org.testcontainers.DockerClientFactory$1.getDockerClient(DockerClientFactory.java:106)
	at com.github.dockerjava.api.DockerClientDelegate.authConfig(DockerClientDelegate.java:109)
	at org.testcontainers.containers.GenericContainer.start(GenericContainer.java:332)
	at org.testcontainers.junit.jupiter.TestcontainersExtension$StoreAdapter.start(TestcontainersExtension.java:280)
	at org.testcontainers.junit.jupiter.TestcontainersExtension$StoreAdapter.access$200(TestcontainersExtension.java:267)
	at org.testcontainers.junit.jupiter.TestcontainersExtension.lambda$null$4(TestcontainersExtension.java:82)
	at org.junit.platform.engine.support.store.NamespacedHierarchicalStore.lambda$getOrComputeIfAbsent$5(NamespacedHierarchicalStore.java:147)
	at org.junit.platform.engine.support.store.NamespacedHierarchicalStore$MemoizingSupplier.computeValue(NamespacedHierarchicalStore.java:372)
	at org.junit.platform.engine.support.store.NamespacedHierarchicalStore$MemoizingSupplier.get(NamespacedHierarchicalStore.java:361)
	at org.junit.platform.engine.support.store.NamespacedHierarchicalStore$StoredValue.evaluate(NamespacedHierarchicalStore.java:308)
	at org.junit.platform.engine.support.store.NamespacedHierarchicalStore$StoredValue.access$200(NamespacedHierarchicalStore.java:287)
	at org.junit.platform.engine.support.store.NamespacedHierarchicalStore.getOrComputeIfAbsent(NamespacedHierarchicalStore.java:149)
	at org.junit.jupiter.engine.execution.NamespaceAwareStore.lambda$getOrComputeIfAbsent$2(NamespaceAwareStore.java:57)
	at org.junit.jupiter.engine.execution.NamespaceAwareStore.accessStore(NamespaceAwareStore.java:90)
	at org.junit.jupiter.engine.execution.NamespaceAwareStore.getOrComputeIfAbsent(NamespaceAwareStore.java:57)
	at org.testcontainers.junit.jupiter.TestcontainersExtension.lambda$startContainers$5(TestcontainersExtension.java:82)
	at java.base/java.util.ArrayList.forEach(ArrayList.java:1596)
	at org.testcontainers.junit.jupiter.TestcontainersExtension.startContainers(TestcontainersExtension.java:82)
	at org.testcontainers.junit.jupiter.TestcontainersExtension.findTestLifecycleAwareContainers(TestcontainersExtension.java:115)
	at org.testcontainers.junit.jupiter.TestcontainersExtension.beforeEach(TestcontainersExtension.java:100)
	at org.junit.jupiter.engine.descriptor.TestMethodTestDescriptor.lambda$invokeBeforeEachCallbacks$2(TestMethodTestDescriptor.java:167)
	at org.junit.jupiter.engine.descriptor.TestMethodTestDescriptor.lambda$invokeBeforeMethodsOrCallbacksUntilExceptionOccurs$6(TestMethodTestDescriptor.java:203)
	at org.junit.platform.engine.support.hierarchical.ThrowableCollector.execute(ThrowableCollector.java:73)
	at org.junit.jupiter.engine.descriptor.TestMethodTestDescriptor.invokeBeforeMethodsOrCallbacksUntilExceptionOccurs(TestMethodTestDescriptor.java:203)
	at org.junit.jupiter.engine.descriptor.TestMethodTestDescriptor.invokeBeforeEachCallbacks(TestMethodTestDescriptor.java:166)
	at org.junit.jupiter.engine.descriptor.TestMethodTestDescriptor.execute(TestMethodTestDescriptor.java:133)
	at org.junit.jupiter.engine.descriptor.TestMethodTestDescriptor.execute(TestMethodTestDescriptor.java:69)
	at org.junit.platform.engine.support.hierarchical.NodeTestTask.lambda$executeRecursively$6(NodeTestTask.java:151)
	at org.junit.platform.engine.support.hierarchical.ThrowableCollector.execute(ThrowableCollector.java:73)
	at org.junit.platform.engine.support.hierarchical.NodeTestTask.lambda$executeRecursively$8(NodeTestTask.java:141)
	at org.junit.platform.engine.support.hierarchical.Node.around(Node.java:137)
	at org.junit.platform.engine.support.hierarchical.NodeTestTask.lambda$executeRecursively$9(NodeTestTask.java:139)
	at org.junit.platform.engine.support.hierarchical.ThrowableCollector.execute(ThrowableCollector.java:73)
	at org.junit.platform.engine.support.hierarchical.NodeTestTask.executeRecursively(NodeTestTask.java:138)
	at org.junit.platform.engine.support.hierarchical.NodeTestTask.execute(NodeTestTask.java:95)
	at java.base/java.util.ArrayList.forEach(ArrayList.java:1596)
	at org.junit.platform.engine.support.hierarchical.SameThreadHierarchicalTestExecutorService.invokeAll(SameThreadHierarchicalTestExecutorService.java:41)
	at org.junit.platform.engine.support.hierarchical.NodeTestTask.lambda$executeRecursively$6(NodeTestTask.java:155)
	at org.junit.platform.engine.support.hierarchical.ThrowableCollector.execute(ThrowableCollector.java:73)
	at org.junit.platform.engine.support.hierarchical.NodeTestTask.lambda$executeRecursively$8(NodeTestTask.java:141)
	at org.junit.platform.engine.support.hierarchical.Node.around(Node.java:137)
	at org.junit.platform.engine.support.hierarchical.NodeTestTask.lambda$executeRecursively$9(NodeTestTask.java:139)
	at org.junit.platform.engine.support.hierarchical.ThrowableCollector.execute(ThrowableCollector.java:73)
	at org.junit.platform.engine.support.hierarchical.NodeTestTask.executeRecursively(NodeTestTask.java:138)
	at org.junit.platform.engine.support.hierarchical.NodeTestTask.execute(NodeTestTask.java:95)
	at java.base/java.util.ArrayList.forEach(ArrayList.java:1596)
	at org.junit.platform.engine.support.hierarchical.SameThreadHierarchicalTestExecutorService.invokeAll(SameThreadHierarchicalTestExecutorService.java:41)
	at org.junit.platform.engine.support.hierarchical.NodeTestTask.lambda$executeRecursively$6(NodeTestTask.java:155)
	at org.junit.platform.engine.support.hierarchical.ThrowableCollector.execute(ThrowableCollector.java:73)
	at org.junit.platform.engine.support.hierarchical.NodeTestTask.lambda$executeRecursively$8(NodeTestTask.java:141)
	at org.junit.platform.engine.support.hierarchical.Node.around(Node.java:137)
	at org.junit.platform.engine.support.hierarchical.NodeTestTask.lambda$executeRecursively$9(NodeTestTask.java:139)
	at org.junit.platform.engine.support.hierarchical.ThrowableCollector.execute(ThrowableCollector.java:73)
	at org.junit.platform.engine.support.hierarchical.NodeTestTask.executeRecursively(NodeTestTask.java:138)
	at org.junit.platform.engine.support.hierarchical.NodeTestTask.execute(NodeTestTask.java:95)
	at org.junit.platform.engine.support.hierarchical.SameThreadHierarchicalTestExecutorService.submit(SameThreadHierarchicalTestExecutorService.java:35)
	at org.junit.platform.engine.support.hierarchical.HierarchicalTestExecutor.execute(HierarchicalTestExecutor.java:57)
	at org.junit.platform.engine.support.hierarchical.HierarchicalTestEngine.execute(HierarchicalTestEngine.java:54)
	at org.junit.platform.launcher.core.EngineExecutionOrchestrator.execute(EngineExecutionOrchestrator.java:198)
	at org.junit.platform.launcher.core.EngineExecutionOrchestrator.execute(EngineExecutionOrchestrator.java:169)
	at org.junit.platform.launcher.core.EngineExecutionOrchestrator.execute(EngineExecutionOrchestrator.java:93)
	at org.junit.platform.launcher.core.EngineExecutionOrchestrator.lambda$execute$0(EngineExecutionOrchestrator.java:58)
	at org.junit.platform.launcher.core.EngineExecutionOrchestrator.withInterceptedStreams(EngineExecutionOrchestrator.java:141)
	at org.junit.platform.launcher.core.EngineExecutionOrchestrator.execute(EngineExecutionOrchestrator.java:57)
	at org.junit.platform.launcher.core.DefaultLauncher.execute(DefaultLauncher.java:103)
	at org.junit.platform.launcher.core.DefaultLauncher.execute(DefaultLauncher.java:85)
	at org.junit.platform.launcher.core.DelegatingLauncher.execute(DelegatingLauncher.java:47)
	at org.apache.maven.surefire.junitplatform.LazyLauncher.execute(LazyLauncher.java:50)
	at org.apache.maven.surefire.junitplatform.JUnitPlatformProvider.execute(JUnitPlatformProvider.java:184)
	at org.apache.maven.surefire.junitplatform.JUnitPlatformProvider.invokeAllTests(JUnitPlatformProvider.java:148)
	at org.apache.maven.surefire.junitplatform.JUnitPlatformProvider.invoke(JUnitPlatformProvider.java:122)
	at org.apache.maven.surefire.booter.ForkedBooter.runSuitesInProcess(ForkedBooter.java:385)
	at org.apache.maven.surefire.booter.ForkedBooter.execute(ForkedBooter.java:162)
	at org.apache.maven.surefire.booter.ForkedBooter.run(ForkedBooter.java:507)
	at org.apache.maven.surefire.booter.ForkedBooter.main(ForkedBooter.java:495)
Caused by: java.nio.channels.ClosedChannelException: null
	at java.base/sun.nio.ch.WindowsAsynchronousFileChannelImpl.implRead(WindowsAsynchronousFileChannelImpl.java:521)
	at java.base/sun.nio.ch.AsynchronousFileChannelImpl.read(AsynchronousFileChannelImpl.java:229)
	at com.github.dockerjava.transport.NamedPipeSocket$AsynchronousFileByteChannel.read(NamedPipeSocket.java:117)
	at java.base/java.nio.channels.Channels$1.read(Channels.java:164)
	... 103 common frames omitted
09:45:52.879 [main] INFO tc.testcontainers/ryuk:0.5.1 -- Container testcontainers/ryuk:0.5.1 started in PT1.9038637S
09:45:52.896 [docker-java-stream--815902762] DEBUG com.github.dockerjava.zerodep.shaded.org.apache.hc.client5.http.wire -- http-outgoing-0 << "[read] I/O error: java.nio.channels.ClosedChannelException"
09:45:52.897 [docker-java-stream--815902762] DEBUG com.github.dockerjava.zerodep.ApacheDockerHttpClientImpl$ApacheResponse -- Failed to close the response
java.io.IOException: java.nio.channels.ClosedChannelException
	at java.base/java.nio.channels.Channels$1.read(Channels.java:166)
	at com.github.dockerjava.zerodep.shaded.org.apache.hc.client5.http.impl.io.LoggingInputStream.read(LoggingInputStream.java:81)
	at com.github.dockerjava.zerodep.shaded.org.apache.hc.core5.http.impl.io.SessionInputBufferImpl.fillBuffer(SessionInputBufferImpl.java:149)
	at com.github.dockerjava.zerodep.shaded.org.apache.hc.core5.http.impl.io.SessionInputBufferImpl.readLine(SessionInputBufferImpl.java:280)
	at com.github.dockerjava.zerodep.shaded.org.apache.hc.core5.http.impl.io.ChunkedInputStream.getChunkSize(ChunkedInputStream.java:261)
	at com.github.dockerjava.zerodep.shaded.org.apache.hc.core5.http.impl.io.ChunkedInputStream.nextChunk(ChunkedInputStream.java:222)
	at com.github.dockerjava.zerodep.shaded.org.apache.hc.core5.http.impl.io.ChunkedInputStream.read(ChunkedInputStream.java:147)
	at com.github.dockerjava.zerodep.shaded.org.apache.hc.core5.http.impl.io.ChunkedInputStream.close(ChunkedInputStream.java:314)
	at com.github.dockerjava.zerodep.shaded.org.apache.hc.core5.io.Closer.close(Closer.java:48)
	at com.github.dockerjava.zerodep.shaded.org.apache.hc.core5.http.impl.io.IncomingHttpEntity.close(IncomingHttpEntity.java:111)
	at com.github.dockerjava.zerodep.shaded.org.apache.hc.core5.http.io.entity.HttpEntityWrapper.close(HttpEntityWrapper.java:120)
	at com.github.dockerjava.zerodep.shaded.org.apache.hc.core5.io.Closer.close(Closer.java:48)
	at com.github.dockerjava.zerodep.shaded.org.apache.hc.core5.http.message.BasicClassicHttpResponse.close(BasicClassicHttpResponse.java:93)
	at com.github.dockerjava.zerodep.shaded.org.apache.hc.client5.http.impl.classic.CloseableHttpResponse.close(CloseableHttpResponse.java:200)
	at com.github.dockerjava.zerodep.ApacheDockerHttpClientImpl$ApacheResponse.close(ApacheDockerHttpClientImpl.java:256)
	at org.testcontainers.shaded.com.github.dockerjava.core.DefaultInvocationBuilder.lambda$executeAndStream$1(DefaultInvocationBuilder.java:277)
	at java.base/java.lang.Thread.run(Thread.java:1583)
Caused by: java.nio.channels.ClosedChannelException: null
	at java.base/sun.nio.ch.WindowsAsynchronousFileChannelImpl.implRead(WindowsAsynchronousFileChannelImpl.java:521)
	at java.base/sun.nio.ch.AsynchronousFileChannelImpl.read(AsynchronousFileChannelImpl.java:229)
	at com.github.dockerjava.transport.NamedPipeSocket$AsynchronousFileByteChannel.read(NamedPipeSocket.java:117)
	at java.base/java.nio.channels.Channels$1.read(Channels.java:164)
	... 16 common frames omitted
09:45:52.906 [testcontainers-ryuk] DEBUG org.testcontainers.utility.ResourceReaper -- Sending 'label=org.testcontainers%3Dtrue&label=org.testcontainers.lang%3Djava&label=org.testcontainers.version%3D1.19.3&label=org.testcontainers.sessionId%3Dbfc2ed12-23ce-401f-a1df-f57c73ebd58a' to Ryuk
09:45:52.909 [testcontainers-ryuk] DEBUG org.testcontainers.utility.RyukResourceReaper -- Received 'ACK' from Ryuk
09:45:52.910 [main] INFO org.testcontainers.utility.RyukResourceReaper -- Ryuk started - will monitor and terminate Testcontainers containers on JVM exit
09:45:52.911 [main] DEBUG org.testcontainers.DockerClientFactory -- Checks are enabled
09:45:52.911 [main] INFO org.testcontainers.DockerClientFactory -- Checking the system...
09:45:52.912 [main] INFO org.testcontainers.DockerClientFactory -- ✔︎ Docker server version should be at least 1.6.0
09:45:52.923 [main] INFO org.testcontainers.containers.SeleniumUtils -- Selenium API version 4.20.0 detected on classpath
09:45:52.964 [main] DEBUG org.testcontainers.utility.PrefixingImageNameSubstitutor -- No prefix is configured
09:45:52.964 [main] DEBUG org.testcontainers.utility.ImageNameSubstitutor -- Did not find a substitute image for selenium/standalone-chrome:4.20.0 (using image substitutor: DefaultImageNameSubstitutor (composite of 'ConfigurationFileImageNameSubstitutor' and 'PrefixingImageNameSubstitutor'))
09:45:52.965 [main] DEBUG org.testcontainers.images.AbstractImagePullPolicy -- Using locally available and not pulling image: selenium/standalone-chrome:4.20.0
09:45:52.965 [main] DEBUG tc.selenium/standalone-chrome:4.20.0 -- Starting container: selenium/standalone-chrome:4.20.0
09:45:52.965 [main] DEBUG tc.selenium/standalone-chrome:4.20.0 -- Trying to start container: selenium/standalone-chrome:4.20.0 (attempt 1/3)
09:45:52.965 [main] DEBUG tc.selenium/standalone-chrome:4.20.0 -- Starting container: selenium/standalone-chrome:4.20.0
09:45:52.965 [main] INFO tc.selenium/standalone-chrome:4.20.0 -- Creating container for image: selenium/standalone-chrome:4.20.0
09:45:52.965 [main] DEBUG org.testcontainers.utility.RegistryAuthLocator -- Looking up auth config for image: selenium/standalone-chrome:4.20.0 at registry: https://index.docker.io/v1/
09:45:52.966 [main] DEBUG org.testcontainers.utility.RegistryAuthLocator -- Cached auth found: [AuthConfig{username=elenacabe, password=hidden non-blank value, auth=blank, email=null, registryAddress=https://index.docker.io/v1/, registryToken=blank}]
09:45:52.966 [main] DEBUG org.testcontainers.dockerclient.AuthDelegatingDockerClientConfig -- Effective auth config [AuthConfig{username=elenacabe, password=hidden non-blank value, auth=blank, email=null, registryAddress=https://index.docker.io/v1/, registryToken=blank}]
09:45:52.968 [main] DEBUG org.testcontainers.shaded.com.github.dockerjava.core.command.AbstrDockerCmd -- Cmd: <null>,true,<null>,false,<null>,<null>,{org.testcontainers=true, org.testcontainers.lang=java, org.testcontainers.version=1.19.3, org.testcontainers.sessionId=bfc2ed12-23ce-401f-a1df-f57c73ebd58a},680d18ca-38a1-4057-a5d5-0ccd248aa2e8,{}
09:45:52.974 [main] DEBUG com.github.dockerjava.zerodep.shaded.org.apache.hc.client5.http.impl.classic.InternalHttpClient -- ex-0000000B: preparing request execution
09:45:52.974 [main] DEBUG com.github.dockerjava.zerodep.shaded.org.apache.hc.client5.http.protocol.RequestAddCookies -- Cookie spec selected: strict
09:45:52.977 [main] DEBUG com.github.dockerjava.zerodep.shaded.org.apache.hc.client5.http.protocol.RequestAuthCache -- Auth cache not set in the context
09:45:52.977 [main] DEBUG com.github.dockerjava.zerodep.shaded.org.apache.hc.client5.http.impl.classic.ProtocolExec -- ex-0000000B: target auth state: UNCHALLENGED
09:45:52.977 [main] DEBUG com.github.dockerjava.zerodep.shaded.org.apache.hc.client5.http.impl.classic.ProtocolExec -- ex-0000000B: proxy auth state: UNCHALLENGED
09:45:52.978 [main] DEBUG com.github.dockerjava.zerodep.shaded.org.apache.hc.client5.http.impl.classic.ConnectExec -- ex-0000000B: acquiring connection with route {}->npipe://localhost:2375
09:45:52.978 [main] DEBUG com.github.dockerjava.zerodep.shaded.org.apache.hc.client5.http.impl.classic.InternalHttpClient -- ex-0000000B: acquiring endpoint (3 MINUTES)
09:45:52.978 [main] DEBUG com.github.dockerjava.zerodep.shaded.org.apache.hc.client5.http.impl.io.PoolingHttpClientConnectionManager -- ex-0000000B: endpoint lease request (3 MINUTES) [route: {}->npipe://localhost:2375][total available: 0; route allocated: 0 of 2147483647; total allocated: 0 of 2147483647]
09:45:52.978 [main] DEBUG com.github.dockerjava.zerodep.shaded.org.apache.hc.client5.http.impl.io.PoolingHttpClientConnectionManager -- ex-0000000B: endpoint leased [route: {}->npipe://localhost:2375][total available: 0; route allocated: 1 of 2147483647; total allocated: 1 of 2147483647]
09:45:52.978 [main] DEBUG com.github.dockerjava.zerodep.shaded.org.apache.hc.client5.http.impl.io.PoolingHttpClientConnectionManager -- ex-0000000B: acquired ep-0000000A
09:45:52.978 [main] DEBUG com.github.dockerjava.zerodep.shaded.org.apache.hc.client5.http.impl.classic.InternalHttpClient -- ex-0000000B: acquired endpoint ep-0000000A
09:45:52.978 [main] DEBUG com.github.dockerjava.zerodep.shaded.org.apache.hc.client5.http.impl.classic.ConnectExec -- ex-0000000B: opening connection {}->npipe://localhost:2375
09:45:52.978 [main] DEBUG com.github.dockerjava.zerodep.shaded.org.apache.hc.client5.http.impl.classic.InternalHttpClient -- ep-0000000A: connecting endpoint (3 MINUTES)
09:45:52.978 [main] DEBUG com.github.dockerjava.zerodep.shaded.org.apache.hc.client5.http.impl.io.PoolingHttpClientConnectionManager -- ep-0000000A: connecting endpoint to npipe://localhost:2375 (3 MINUTES)
09:45:52.978 [main] DEBUG com.github.dockerjava.zerodep.shaded.org.apache.hc.client5.http.impl.io.DefaultHttpClientConnectionOperator -- http-outgoing-1: connecting to localhost/127.0.0.1:2375
09:45:52.979 [main] DEBUG com.github.dockerjava.zerodep.shaded.org.apache.hc.client5.http.impl.io.DefaultHttpClientConnectionOperator -- http-outgoing-1: connection established 
09:45:52.979 [main] DEBUG com.github.dockerjava.zerodep.shaded.org.apache.hc.client5.http.impl.io.PoolingHttpClientConnectionManager -- ep-0000000A: connected http-outgoing-1
09:45:52.979 [main] DEBUG com.github.dockerjava.zerodep.shaded.org.apache.hc.client5.http.impl.classic.InternalHttpClient -- ep-0000000A: endpoint connected
09:45:52.980 [main] DEBUG com.github.dockerjava.zerodep.shaded.org.apache.hc.client5.http.impl.classic.MainClientExec -- ex-0000000B: executing POST /v1.32/networks/create HTTP/1.1
09:45:52.980 [main] DEBUG com.github.dockerjava.zerodep.shaded.org.apache.hc.client5.http.impl.classic.InternalHttpClient -- ep-0000000A: start execution ex-0000000B
09:45:52.980 [main] DEBUG com.github.dockerjava.zerodep.shaded.org.apache.hc.client5.http.impl.io.PoolingHttpClientConnectionManager -- ep-0000000A: executing exchange ex-0000000B over http-outgoing-1
09:45:52.980 [main] DEBUG com.github.dockerjava.zerodep.shaded.org.apache.hc.client5.http.headers -- http-outgoing-1 >> POST /v1.32/networks/create HTTP/1.1
09:45:52.980 [main] DEBUG com.github.dockerjava.zerodep.shaded.org.apache.hc.client5.http.headers -- http-outgoing-1 >> accept: application/json
09:45:52.980 [main] DEBUG com.github.dockerjava.zerodep.shaded.org.apache.hc.client5.http.headers -- http-outgoing-1 >> content-type: application/json
09:45:52.980 [main] DEBUG com.github.dockerjava.zerodep.shaded.org.apache.hc.client5.http.headers -- http-outgoing-1 >> x-tc-sid: bfc2ed12-23ce-401f-a1df-f57c73ebd58a
09:45:52.980 [main] DEBUG com.github.dockerjava.zerodep.shaded.org.apache.hc.client5.http.headers -- http-outgoing-1 >> User-Agent: tc-java/1.19.3
09:45:52.980 [main] DEBUG com.github.dockerjava.zerodep.shaded.org.apache.hc.client5.http.headers -- http-outgoing-1 >> Accept-Encoding: gzip, x-gzip, deflate
09:45:52.980 [main] DEBUG com.github.dockerjava.zerodep.shaded.org.apache.hc.client5.http.headers -- http-outgoing-1 >> Content-Length: 360
09:45:52.980 [main] DEBUG com.github.dockerjava.zerodep.shaded.org.apache.hc.client5.http.headers -- http-outgoing-1 >> Host: localhost:2375
09:45:52.980 [main] DEBUG com.github.dockerjava.zerodep.shaded.org.apache.hc.client5.http.headers -- http-outgoing-1 >> Connection: keep-alive
09:45:52.980 [main] DEBUG com.github.dockerjava.zerodep.shaded.org.apache.hc.client5.http.wire -- http-outgoing-1 >> "POST /v1.32/networks/create HTTP/1.1[\r][\n]"
09:45:52.980 [main] DEBUG com.github.dockerjava.zerodep.shaded.org.apache.hc.client5.http.wire -- http-outgoing-1 >> "accept: application/json[\r][\n]"
09:45:52.980 [main] DEBUG com.github.dockerjava.zerodep.shaded.org.apache.hc.client5.http.wire -- http-outgoing-1 >> "content-type: application/json[\r][\n]"
09:45:52.980 [main] DEBUG com.github.dockerjava.zerodep.shaded.org.apache.hc.client5.http.wire -- http-outgoing-1 >> "x-tc-sid: bfc2ed12-23ce-401f-a1df-f57c73ebd58a[\r][\n]"
09:45:52.980 [main] DEBUG com.github.dockerjava.zerodep.shaded.org.apache.hc.client5.http.wire -- http-outgoing-1 >> "User-Agent: tc-java/1.19.3[\r][\n]"
09:45:52.980 [main] DEBUG com.github.dockerjava.zerodep.shaded.org.apache.hc.client5.http.wire -- http-outgoing-1 >> "Accept-Encoding: gzip, x-gzip, deflate[\r][\n]"
09:45:52.980 [main] DEBUG com.github.dockerjava.zerodep.shaded.org.apache.hc.client5.http.wire -- http-outgoing-1 >> "Content-Length: 360[\r][\n]"
09:45:52.980 [main] DEBUG com.github.dockerjava.zerodep.shaded.org.apache.hc.client5.http.wire -- http-outgoing-1 >> "Host: localhost:2375[\r][\n]"
09:45:52.980 [main] DEBUG com.github.dockerjava.zerodep.shaded.org.apache.hc.client5.http.wire -- http-outgoing-1 >> "Connection: keep-alive[\r][\n]"
09:45:52.980 [main] DEBUG com.github.dockerjava.zerodep.shaded.org.apache.hc.client5.http.wire -- http-outgoing-1 >> "[\r][\n]"
09:45:52.980 [main] DEBUG com.github.dockerjava.zerodep.shaded.org.apache.hc.client5.http.wire -- http-outgoing-1 >> "{"enableIPv6":false,"Name":"680d18ca-38a1-4057-a5d5-0ccd248aa2e8","Driver":null,"IPAM":null,"Options":{},"CheckDuplicate":true,"Internal":null,"EnableIPv6":false,"Attachable":null,"Labels":{"org.testcontainers":"true","org.testcontainers.lang":"java","org.testcontainers.version":"1.19.3","org.testcontainers.sessionId":"bfc2ed12-23ce-401f-a1df-f57c73ebd58a"}}"
09:45:53.321 [main] DEBUG com.github.dockerjava.zerodep.shaded.org.apache.hc.client5.http.wire -- http-outgoing-1 << "HTTP/1.1 201 Created[\r][\n]"
09:45:53.321 [main] DEBUG com.github.dockerjava.zerodep.shaded.org.apache.hc.client5.http.wire -- http-outgoing-1 << "Api-Version: 1.47[\r][\n]"
09:45:53.321 [main] DEBUG com.github.dockerjava.zerodep.shaded.org.apache.hc.client5.http.wire -- http-outgoing-1 << "Content-Type: application/json[\r][\n]"
09:45:53.321 [main] DEBUG com.github.dockerjava.zerodep.shaded.org.apache.hc.client5.http.wire -- http-outgoing-1 << "Date: Fri, 02 May 2025 07:45:53 GMT[\r][\n]"
09:45:53.321 [main] DEBUG com.github.dockerjava.zerodep.shaded.org.apache.hc.client5.http.wire -- http-outgoing-1 << "Docker-Experimental: false[\r][\n]"
09:45:53.321 [main] DEBUG com.github.dockerjava.zerodep.shaded.org.apache.hc.client5.http.wire -- http-outgoing-1 << "Ostype: linux[\r][\n]"
09:45:53.321 [main] DEBUG com.github.dockerjava.zerodep.shaded.org.apache.hc.client5.http.wire -- http-outgoing-1 << "Server: Docker/27.5.1 (linux)[\r][\n]"
09:45:53.321 [main] DEBUG com.github.dockerjava.zerodep.shaded.org.apache.hc.client5.http.wire -- http-outgoing-1 << "Transfer-Encoding: chunked[\r][\n]"
09:45:53.321 [main] DEBUG com.github.dockerjava.zerodep.shaded.org.apache.hc.client5.http.wire -- http-outgoing-1 << "[\r][\n]"
09:45:53.322 [main] DEBUG com.github.dockerjava.zerodep.shaded.org.apache.hc.client5.http.headers -- http-outgoing-1 << HTTP/1.1 201 Created
09:45:53.322 [main] DEBUG com.github.dockerjava.zerodep.shaded.org.apache.hc.client5.http.headers -- http-outgoing-1 << Api-Version: 1.47
09:45:53.322 [main] DEBUG com.github.dockerjava.zerodep.shaded.org.apache.hc.client5.http.headers -- http-outgoing-1 << Content-Type: application/json
09:45:53.322 [main] DEBUG com.github.dockerjava.zerodep.shaded.org.apache.hc.client5.http.headers -- http-outgoing-1 << Date: Fri, 02 May 2025 07:45:53 GMT
09:45:53.322 [main] DEBUG com.github.dockerjava.zerodep.shaded.org.apache.hc.client5.http.headers -- http-outgoing-1 << Docker-Experimental: false
09:45:53.322 [main] DEBUG com.github.dockerjava.zerodep.shaded.org.apache.hc.client5.http.headers -- http-outgoing-1 << Ostype: linux
09:45:53.322 [main] DEBUG com.github.dockerjava.zerodep.shaded.org.apache.hc.client5.http.headers -- http-outgoing-1 << Server: Docker/27.5.1 (linux)
09:45:53.322 [main] DEBUG com.github.dockerjava.zerodep.shaded.org.apache.hc.client5.http.headers -- http-outgoing-1 << Transfer-Encoding: chunked
09:45:53.325 [main] DEBUG com.github.dockerjava.zerodep.shaded.org.apache.hc.client5.http.impl.classic.MainClientExec -- ex-0000000B: connection can be kept alive for 3 MINUTES
09:45:53.325 [main] DEBUG com.github.dockerjava.zerodep.shaded.org.apache.hc.client5.http.wire -- http-outgoing-1 << "57[\r][\n]"
09:45:53.325 [main] DEBUG com.github.dockerjava.zerodep.shaded.org.apache.hc.client5.http.wire -- http-outgoing-1 << "{"Id":"40fa9c662d55c1f903d10321bbbff97566ce50ab076c1b1f83516e59086538b7","Warning":""}[\n]"
09:45:53.325 [main] DEBUG com.github.dockerjava.zerodep.shaded.org.apache.hc.client5.http.wire -- http-outgoing-1 << "[\r][\n]"
09:45:53.325 [main] DEBUG com.github.dockerjava.zerodep.shaded.org.apache.hc.client5.http.wire -- http-outgoing-1 << "0[\r][\n]"
09:45:53.325 [main] DEBUG com.github.dockerjava.zerodep.shaded.org.apache.hc.client5.http.wire -- http-outgoing-1 << "[\r][\n]"
09:45:53.331 [main] DEBUG com.github.dockerjava.zerodep.shaded.org.apache.hc.client5.http.impl.classic.InternalHttpClient -- ep-0000000A: releasing valid endpoint
09:45:53.331 [main] DEBUG com.github.dockerjava.zerodep.shaded.org.apache.hc.client5.http.impl.io.PoolingHttpClientConnectionManager -- ep-0000000A: releasing endpoint
09:45:53.332 [main] DEBUG com.github.dockerjava.zerodep.shaded.org.apache.hc.client5.http.impl.io.PoolingHttpClientConnectionManager -- ep-0000000A: connection http-outgoing-1 can be kept alive for 3 MINUTES
09:45:53.332 [main] DEBUG com.github.dockerjava.zerodep.shaded.org.apache.hc.client5.http.impl.io.PoolingHttpClientConnectionManager -- ep-0000000A: connection released [route: {}->npipe://localhost:2375][total available: 1; route allocated: 1 of 2147483647; total allocated: 1 of 2147483647]
09:45:53.333 [main] DEBUG org.testcontainers.shaded.com.github.dockerjava.core.command.AbstrDockerCmd -- Cmd: org.testcontainers.shaded.com.github.dockerjava.core.command.CreateContainerCmdImpl@5972d253[aliases=[tc-6DidaMrm],argsEscaped=<null>,attachStderr=<null>,attachStdin=<null>,attachStdout=<null>,authConfig=AuthConfig(username=elenacabe, email=null, registryAddress=https://index.docker.io/v1/, stackOrchestrator=null),cmd={/opt/bin/entry_point.sh},domainName=<null>,entrypoint=<null>,env={no_proxy=localhost,TZ=Europe/Madrid},exposedPorts=ExposedPorts(exposedPorts=[4444/tcp, 5900/tcp]),healthcheck=<null>,hostConfig=HostConfig(binds=[], blkioWeight=null, blkioWeightDevice=null, blkioDeviceReadBps=null, blkioDeviceWriteBps=null, blkioDeviceReadIOps=null, blkioDeviceWriteIOps=null, memorySwappiness=null, nanoCPUs=null, capAdd=null, capDrop=null, containerIDFile=null, cpuPeriod=null, cpuRealtimePeriod=null, cpuRealtimeRuntime=null, cpuShares=null, cpuQuota=null, cpusetCpus=null, cpusetMems=null, devices=null, deviceCgroupRules=null, deviceRequests=null, diskQuota=null, dns=null, dnsOptions=null, dnsSearch=null, extraHosts=[], groupAdd=null, ipcMode=null, cgroup=null, links=[], logConfig=LogConfig(type=null, config=null), lxcConf=null, memory=null, memorySwap=null, memoryReservation=null, kernelMemory=null, networkMode=40fa9c662d55c1f903d10321bbbff97566ce50ab076c1b1f83516e59086538b7, oomKillDisable=null, init=null, autoRemove=null, oomScoreAdj=null, portBindings={4444/tcp=[Lcom.github.dockerjava.api.model.Ports$Binding;@6ef81f31, 5900/tcp=[Lcom.github.dockerjava.api.model.Ports$Binding;@6075b2d3}, privileged=null, publishAllPorts=null, readonlyRootfs=null, restartPolicy=null, ulimits=null, cpuCount=null, cpuPercent=null, ioMaximumIOps=null, ioMaximumBandwidth=null, volumesFrom=[], mounts=null, pidMode=null, isolation=null, securityOpts=null, storageOpt=null, cgroupParent=null, volumeDriver=null, shmSize=536870912, pidsLimit=null, runtime=null, tmpFs=null, utSMode=null, usernsMode=null, sysctls=null, consoleSize=null, cgroupnsMode=null),hostName=<null>,image=selenium/standalone-chrome:4.20.0,ipv4Address=<null>,ipv6Address=<null>,labels={org.testcontainers=true, org.testcontainers.lang=java, org.testcontainers.version=1.19.3, org.testcontainers.sessionId=bfc2ed12-23ce-401f-a1df-f57c73ebd58a},macAddress=<null>,name=<null>,networkDisabled=<null>,networkingConfig=org.testcontainers.shaded.com.github.dockerjava.core.command.CreateContainerCmdImpl$NetworkingConfig@1473b8c0,onBuild=<null>,platform=<null>,portSpecs=<null>,shell=<null>,stdInOnce=<null>,stdinOpen=<null>,stopSignal=<null>,stopTimeout=<null>,tty=<null>,user=<null>,volumes=Volumes(volumes=[]),workingDir=<null>]
09:45:53.354 [main] DEBUG com.github.dockerjava.zerodep.shaded.org.apache.hc.client5.http.impl.classic.InternalHttpClient -- ex-0000000C: preparing request execution
09:45:53.354 [main] DEBUG com.github.dockerjava.zerodep.shaded.org.apache.hc.client5.http.protocol.RequestAddCookies -- Cookie spec selected: strict
09:45:53.354 [main] DEBUG com.github.dockerjava.zerodep.shaded.org.apache.hc.client5.http.protocol.RequestAuthCache -- Auth cache not set in the context
09:45:53.355 [main] DEBUG com.github.dockerjava.zerodep.shaded.org.apache.hc.client5.http.impl.classic.ProtocolExec -- ex-0000000C: target auth state: UNCHALLENGED
09:45:53.355 [main] DEBUG com.github.dockerjava.zerodep.shaded.org.apache.hc.client5.http.impl.classic.ProtocolExec -- ex-0000000C: proxy auth state: UNCHALLENGED
09:45:53.355 [main] DEBUG com.github.dockerjava.zerodep.shaded.org.apache.hc.client5.http.impl.classic.ConnectExec -- ex-0000000C: acquiring connection with route {}->npipe://localhost:2375
09:45:53.355 [main] DEBUG com.github.dockerjava.zerodep.shaded.org.apache.hc.client5.http.impl.classic.InternalHttpClient -- ex-0000000C: acquiring endpoint (3 MINUTES)
09:45:53.355 [main] DEBUG com.github.dockerjava.zerodep.shaded.org.apache.hc.client5.http.impl.io.PoolingHttpClientConnectionManager -- ex-0000000C: endpoint lease request (3 MINUTES) [route: {}->npipe://localhost:2375][total available: 1; route allocated: 1 of 2147483647; total allocated: 1 of 2147483647]
09:45:53.355 [main] DEBUG com.github.dockerjava.zerodep.shaded.org.apache.hc.client5.http.impl.io.PoolingHttpClientConnectionManager -- ex-0000000C: endpoint leased [route: {}->npipe://localhost:2375][total available: 0; route allocated: 1 of 2147483647; total allocated: 1 of 2147483647]
09:45:53.355 [main] DEBUG com.github.dockerjava.zerodep.shaded.org.apache.hc.client5.http.impl.io.PoolingHttpClientConnectionManager -- ex-0000000C: acquired ep-0000000B
09:45:53.355 [main] DEBUG com.github.dockerjava.zerodep.shaded.org.apache.hc.client5.http.impl.classic.InternalHttpClient -- ex-0000000C: acquired endpoint ep-0000000B
09:45:53.355 [main] DEBUG com.github.dockerjava.zerodep.shaded.org.apache.hc.client5.http.impl.classic.MainClientExec -- ex-0000000C: executing POST /v1.32/containers/create HTTP/1.1
09:45:53.355 [main] DEBUG com.github.dockerjava.zerodep.shaded.org.apache.hc.client5.http.impl.classic.InternalHttpClient -- ep-0000000B: start execution ex-0000000C
09:45:53.355 [main] DEBUG com.github.dockerjava.zerodep.shaded.org.apache.hc.client5.http.impl.io.PoolingHttpClientConnectionManager -- ep-0000000B: executing exchange ex-0000000C over http-outgoing-1
09:45:53.355 [main] DEBUG com.github.dockerjava.zerodep.shaded.org.apache.hc.client5.http.headers -- http-outgoing-1 >> POST /v1.32/containers/create HTTP/1.1
09:45:53.355 [main] DEBUG com.github.dockerjava.zerodep.shaded.org.apache.hc.client5.http.headers -- http-outgoing-1 >> X-Registry-Auth: eyJ1c2VybmFtZSI6ImVsZW5hY2FiZSIsInBhc3N3b3JkIjoiZGNrcl9wYXRfTFNweVg2VU02ekszeDNEYzlzNW5QWWNmeVE0IiwiZW1haWwiOm51bGwsInNlcnZlcmFkZHJlc3MiOiJodHRwczovL2luZGV4LmRvY2tlci5pby92MS8iLCJhdXRoIjpudWxsLCJyZWdpc3RyeXRva2VuIjpudWxsLCJpZGVudGl0eXRva2VuIjpudWxsLCJzdGFja09yY2hlc3RyYXRvciI6bnVsbH0=
09:45:53.355 [main] DEBUG com.github.dockerjava.zerodep.shaded.org.apache.hc.client5.http.headers -- http-outgoing-1 >> accept: application/json
09:45:53.355 [main] DEBUG com.github.dockerjava.zerodep.shaded.org.apache.hc.client5.http.headers -- http-outgoing-1 >> content-type: application/json
09:45:53.355 [main] DEBUG com.github.dockerjava.zerodep.shaded.org.apache.hc.client5.http.headers -- http-outgoing-1 >> x-tc-sid: bfc2ed12-23ce-401f-a1df-f57c73ebd58a
09:45:53.355 [main] DEBUG com.github.dockerjava.zerodep.shaded.org.apache.hc.client5.http.headers -- http-outgoing-1 >> User-Agent: tc-java/1.19.3
09:45:53.355 [main] DEBUG com.github.dockerjava.zerodep.shaded.org.apache.hc.client5.http.headers -- http-outgoing-1 >> Accept-Encoding: gzip, x-gzip, deflate
09:45:53.356 [main] DEBUG com.github.dockerjava.zerodep.shaded.org.apache.hc.client5.http.headers -- http-outgoing-1 >> Content-Length: 2490
09:45:53.356 [main] DEBUG com.github.dockerjava.zerodep.shaded.org.apache.hc.client5.http.headers -- http-outgoing-1 >> Host: localhost:2375
09:45:53.356 [main] DEBUG com.github.dockerjava.zerodep.shaded.org.apache.hc.client5.http.headers -- http-outgoing-1 >> Connection: keep-alive
09:45:53.356 [main] DEBUG com.github.dockerjava.zerodep.shaded.org.apache.hc.client5.http.wire -- http-outgoing-1 >> "POST /v1.32/containers/create HTTP/1.1[\r][\n]"
09:45:53.356 [main] DEBUG com.github.dockerjava.zerodep.shaded.org.apache.hc.client5.http.wire -- http-outgoing-1 >> "X-Registry-Auth: eyJ1c2VybmFtZSI6ImVsZW5hY2FiZSIsInBhc3N3b3JkIjoiZGNrcl9wYXRfTFNweVg2VU02ekszeDNEYzlzNW5QWWNmeVE0IiwiZW1haWwiOm51bGwsInNlcnZlcmFkZHJlc3MiOiJodHRwczovL2luZGV4LmRvY2tlci5pby92MS8iLCJhdXRoIjpudWxsLCJyZWdpc3RyeXRva2VuIjpudWxsLCJpZGVudGl0eXRva2VuIjpudWxsLCJzdGFja09yY2hlc3RyYXRvciI6bnVsbH0=[\r][\n]"
09:45:53.356 [main] DEBUG com.github.dockerjava.zerodep.shaded.org.apache.hc.client5.http.wire -- http-outgoing-1 >> "accept: application/json[\r][\n]"
09:45:53.356 [main] DEBUG com.github.dockerjava.zerodep.shaded.org.apache.hc.client5.http.wire -- http-outgoing-1 >> "content-type: application/json[\r][\n]"
09:45:53.356 [main] DEBUG com.github.dockerjava.zerodep.shaded.org.apache.hc.client5.http.wire -- http-outgoing-1 >> "x-tc-sid: bfc2ed12-23ce-401f-a1df-f57c73ebd58a[\r][\n]"
09:45:53.356 [main] DEBUG com.github.dockerjava.zerodep.shaded.org.apache.hc.client5.http.wire -- http-outgoing-1 >> "User-Agent: tc-java/1.19.3[\r][\n]"
09:45:53.356 [main] DEBUG com.github.dockerjava.zerodep.shaded.org.apache.hc.client5.http.wire -- http-outgoing-1 >> "Accept-Encoding: gzip, x-gzip, deflate[\r][\n]"
09:45:53.356 [main] DEBUG com.github.dockerjava.zerodep.shaded.org.apache.hc.client5.http.wire -- http-outgoing-1 >> "Content-Length: 2490[\r][\n]"
09:45:53.356 [main] DEBUG com.github.dockerjava.zerodep.shaded.org.apache.hc.client5.http.wire -- http-outgoing-1 >> "Host: localhost:2375[\r][\n]"
09:45:53.356 [main] DEBUG com.github.dockerjava.zerodep.shaded.org.apache.hc.client5.http.wire -- http-outgoing-1 >> "Connection: keep-alive[\r][\n]"
09:45:53.356 [main] DEBUG com.github.dockerjava.zerodep.shaded.org.apache.hc.client5.http.wire -- http-outgoing-1 >> "[\r][\n]"
09:45:53.356 [main] DEBUG com.github.dockerjava.zerodep.shaded.org.apache.hc.client5.http.wire -- http-outgoing-1 >> "{"Hostname":null,"Domainname":null,"User":null,"AttachStdin":null,"AttachStdout":null,"AttachStderr":null,"PortSpecs":null,"Tty":null,"OpenStdin":null,"StdinOnce":null,"Env":["no_proxy=localhost","TZ=Europe/Madrid"],"Cmd":["/opt/bin/entry_point.sh"],"Healthcheck":null,"ArgsEscaped":null,"Entrypoint":null,"Image":"selenium/standalone-chrome:4.20.0","Volumes":{},"WorkingDir":null,"MacAddress":null,"OnBuild":null,"NetworkDisabled":null,"ExposedPorts":{"5900/tcp":{},"4444/tcp":{}},"StopSignal":null,"StopTimeout":null,"HostConfig":{"Binds":[],"BlkioWeight":null,"BlkioWeightDevice":null,"BlkioDeviceReadBps":null,"BlkioDeviceWriteBps":null,"BlkioDeviceReadIOps":null,"BlkioDeviceWriteIOps":null,"MemorySwappiness":null,"NanoCpus":null,"CapAdd":null,"CapDrop":null,"ContainerIDFile":null,"CpuPeriod":null,"CpuRealtimePeriod":null,"CpuRealtimeRuntime":null,"CpuShares":null,"CpuQuota":null,"CpusetCpus":null,"CpusetMems":null,"Devices":null,"DeviceCgroupRules":null,"DeviceRequests":null,"DiskQuota":null,"Dns":null,"DnsOptions":null,"DnsSearch":null,"ExtraHosts":[],"GroupAdd":null,"IpcMode":null,"Cgroup":null,"Links":[],"LogConfig":null,"LxcConf":null,"Memory":null,"MemorySwap":null,"MemoryReservation":null,"KernelMemory":null,"NetworkMode":"40fa9c662d55c1f903d10321bbbff97566ce50ab076c1b1f83516e59086538b7","OomKillDisable":null,"Init":null,"AutoRemove":null,"OomScoreAdj":null,"PortBindings":{"4444/tcp":[{"HostIp":"","HostPort":""}],"5900/tcp":[{"HostIp":"","HostPort":""}]},"Privileged":null,"PublishAllPorts":null,"ReadonlyRootfs":null,"RestartPolicy":null,"Ulimits":null,"CpuCount":null,"CpuPercent":null,"IOMaximumIOps":null,"IOMaximumBandwidth":null,"VolumesFrom":[],"Mounts":null,"PidMode":null,"Isolation":null,"SecurityOpt":null,"StorageOpt":null,"CgroupParent":null,"VolumeDriver":null,"ShmSize":536870912,"PidsLimit":null,"Runtime":null,"Tmpfs":null,"UTSMode":null,"UsernsMode":null,"Sysctls":null,"ConsoleSize":null,"CgroupnsMode":null},"Labels":{"org.testcontainers":"true","org.testcontainers.lang":"java","org.testcontainers.version":"1.19.3","org.testcontainers.sessionId":"bfc2ed12-23ce-401f-a1df-f57c73ebd58a"},"Shell":null,"NetworkingConfig":{"EndpointsConfig":{"40fa9c662d55c1f903d10321bbbff97566ce50ab076c1b1f83516e59086538b7":{"IPAMConfig":null,"Links":null,"Aliases":["tc-6DidaMrm"],"NetworkID":null,"EndpointID":null,"Gateway":null,"IPAddress":null,"IPPrefixLen":null,"IPv6Gateway":null,"GlobalIPv6Address":null,"GlobalIPv6PrefixLen":null,"MacAddress":null}}}}"
09:45:53.933 [main] DEBUG com.github.dockerjava.zerodep.shaded.org.apache.hc.client5.http.wire -- http-outgoing-1 << "HTTP/1.1 201 Created[\r][\n]"
09:45:53.933 [main] DEBUG com.github.dockerjava.zerodep.shaded.org.apache.hc.client5.http.wire -- http-outgoing-1 << "Api-Version: 1.47[\r][\n]"
09:45:53.933 [main] DEBUG com.github.dockerjava.zerodep.shaded.org.apache.hc.client5.http.wire -- http-outgoing-1 << "Content-Type: application/json[\r][\n]"
09:45:53.933 [main] DEBUG com.github.dockerjava.zerodep.shaded.org.apache.hc.client5.http.wire -- http-outgoing-1 << "Date: Fri, 02 May 2025 07:45:53 GMT[\r][\n]"
09:45:53.933 [main] DEBUG com.github.dockerjava.zerodep.shaded.org.apache.hc.client5.http.wire -- http-outgoing-1 << "Docker-Experimental: false[\r][\n]"
09:45:53.933 [main] DEBUG com.github.dockerjava.zerodep.shaded.org.apache.hc.client5.http.wire -- http-outgoing-1 << "Ostype: linux[\r][\n]"
09:45:53.934 [main] DEBUG com.github.dockerjava.zerodep.shaded.org.apache.hc.client5.http.wire -- http-outgoing-1 << "Server: Docker/27.5.1 (linux)[\r][\n]"
09:45:53.934 [main] DEBUG com.github.dockerjava.zerodep.shaded.org.apache.hc.client5.http.wire -- http-outgoing-1 << "Transfer-Encoding: chunked[\r][\n]"
09:45:53.934 [main] DEBUG com.github.dockerjava.zerodep.shaded.org.apache.hc.client5.http.wire -- http-outgoing-1 << "[\r][\n]"
09:45:53.934 [main] DEBUG com.github.dockerjava.zerodep.shaded.org.apache.hc.client5.http.headers -- http-outgoing-1 << HTTP/1.1 201 Created
09:45:53.934 [main] DEBUG com.github.dockerjava.zerodep.shaded.org.apache.hc.client5.http.headers -- http-outgoing-1 << Api-Version: 1.47
09:45:53.934 [main] DEBUG com.github.dockerjava.zerodep.shaded.org.apache.hc.client5.http.headers -- http-outgoing-1 << Content-Type: application/json
09:45:53.934 [main] DEBUG com.github.dockerjava.zerodep.shaded.org.apache.hc.client5.http.headers -- http-outgoing-1 << Date: Fri, 02 May 2025 07:45:53 GMT
09:45:53.934 [main] DEBUG com.github.dockerjava.zerodep.shaded.org.apache.hc.client5.http.headers -- http-outgoing-1 << Docker-Experimental: false
09:45:53.934 [main] DEBUG com.github.dockerjava.zerodep.shaded.org.apache.hc.client5.http.headers -- http-outgoing-1 << Ostype: linux
09:45:53.934 [main] DEBUG com.github.dockerjava.zerodep.shaded.org.apache.hc.client5.http.headers -- http-outgoing-1 << Server: Docker/27.5.1 (linux)
09:45:53.934 [main] DEBUG com.github.dockerjava.zerodep.shaded.org.apache.hc.client5.http.headers -- http-outgoing-1 << Transfer-Encoding: chunked
09:45:53.934 [main] DEBUG com.github.dockerjava.zerodep.shaded.org.apache.hc.client5.http.impl.classic.MainClientExec -- ex-0000000C: connection can be kept alive for 3 MINUTES
09:45:53.935 [main] DEBUG com.github.dockerjava.zerodep.shaded.org.apache.hc.client5.http.wire -- http-outgoing-1 << "58[\r][\n]"
09:45:53.935 [main] DEBUG com.github.dockerjava.zerodep.shaded.org.apache.hc.client5.http.wire -- http-outgoing-1 << "{"Id":"24142d801f7361732eafc1b45b9f4f07b8ea5bcf8bb59ea6ef508f83b3b4fc02","Warnings":[]}[\n]"
09:45:53.935 [main] DEBUG com.github.dockerjava.zerodep.shaded.org.apache.hc.client5.http.wire -- http-outgoing-1 << "[\r][\n]"
09:45:53.935 [main] DEBUG com.github.dockerjava.zerodep.shaded.org.apache.hc.client5.http.wire -- http-outgoing-1 << "0[\r][\n]"
09:45:53.935 [main] DEBUG com.github.dockerjava.zerodep.shaded.org.apache.hc.client5.http.wire -- http-outgoing-1 << "[\r][\n]"
09:45:53.936 [main] DEBUG com.github.dockerjava.zerodep.shaded.org.apache.hc.client5.http.impl.classic.InternalHttpClient -- ep-0000000B: releasing valid endpoint
09:45:53.936 [main] DEBUG com.github.dockerjava.zerodep.shaded.org.apache.hc.client5.http.impl.io.PoolingHttpClientConnectionManager -- ep-0000000B: releasing endpoint
09:45:53.936 [main] DEBUG com.github.dockerjava.zerodep.shaded.org.apache.hc.client5.http.impl.io.PoolingHttpClientConnectionManager -- ep-0000000B: connection http-outgoing-1 can be kept alive for 3 MINUTES
09:45:53.937 [main] DEBUG com.github.dockerjava.zerodep.shaded.org.apache.hc.client5.http.impl.io.PoolingHttpClientConnectionManager -- ep-0000000B: connection released [route: {}->npipe://localhost:2375][total available: 1; route allocated: 1 of 2147483647; total allocated: 1 of 2147483647]
09:45:53.937 [main] INFO tc.selenium/standalone-chrome:4.20.0 -- Container selenium/standalone-chrome:4.20.0 is starting: 24142d801f7361732eafc1b45b9f4f07b8ea5bcf8bb59ea6ef508f83b3b4fc02
09:45:53.937 [main] DEBUG org.testcontainers.shaded.com.github.dockerjava.core.command.AbstrDockerCmd -- Cmd: 24142d801f7361732eafc1b45b9f4f07b8ea5bcf8bb59ea6ef508f83b3b4fc02
09:45:53.938 [main] DEBUG com.github.dockerjava.zerodep.shaded.org.apache.hc.client5.http.impl.classic.InternalHttpClient -- ex-0000000D: preparing request execution
09:45:53.938 [main] DEBUG com.github.dockerjava.zerodep.shaded.org.apache.hc.client5.http.protocol.RequestAddCookies -- Cookie spec selected: strict
09:45:53.938 [main] DEBUG com.github.dockerjava.zerodep.shaded.org.apache.hc.client5.http.protocol.RequestAuthCache -- Auth cache not set in the context
09:45:53.938 [main] DEBUG com.github.dockerjava.zerodep.shaded.org.apache.hc.client5.http.impl.classic.ProtocolExec -- ex-0000000D: target auth state: UNCHALLENGED
09:45:53.938 [main] DEBUG com.github.dockerjava.zerodep.shaded.org.apache.hc.client5.http.impl.classic.ProtocolExec -- ex-0000000D: proxy auth state: UNCHALLENGED
09:45:53.938 [main] DEBUG com.github.dockerjava.zerodep.shaded.org.apache.hc.client5.http.impl.classic.ConnectExec -- ex-0000000D: acquiring connection with route {}->npipe://localhost:2375
09:45:53.938 [main] DEBUG com.github.dockerjava.zerodep.shaded.org.apache.hc.client5.http.impl.classic.InternalHttpClient -- ex-0000000D: acquiring endpoint (3 MINUTES)
09:45:53.938 [main] DEBUG com.github.dockerjava.zerodep.shaded.org.apache.hc.client5.http.impl.io.PoolingHttpClientConnectionManager -- ex-0000000D: endpoint lease request (3 MINUTES) [route: {}->npipe://localhost:2375][total available: 1; route allocated: 1 of 2147483647; total allocated: 1 of 2147483647]
09:45:53.938 [main] DEBUG com.github.dockerjava.zerodep.shaded.org.apache.hc.client5.http.impl.io.PoolingHttpClientConnectionManager -- ex-0000000D: endpoint leased [route: {}->npipe://localhost:2375][total available: 0; route allocated: 1 of 2147483647; total allocated: 1 of 2147483647]
09:45:53.939 [main] DEBUG com.github.dockerjava.zerodep.shaded.org.apache.hc.client5.http.impl.io.PoolingHttpClientConnectionManager -- ex-0000000D: acquired ep-0000000C
09:45:53.939 [main] DEBUG com.github.dockerjava.zerodep.shaded.org.apache.hc.client5.http.impl.classic.InternalHttpClient -- ex-0000000D: acquired endpoint ep-0000000C
09:45:53.939 [main] DEBUG com.github.dockerjava.zerodep.shaded.org.apache.hc.client5.http.impl.classic.MainClientExec -- ex-0000000D: executing POST /v1.32/containers/24142d801f7361732eafc1b45b9f4f07b8ea5bcf8bb59ea6ef508f83b3b4fc02/start HTTP/1.1
09:45:53.939 [main] DEBUG com.github.dockerjava.zerodep.shaded.org.apache.hc.client5.http.impl.classic.InternalHttpClient -- ep-0000000C: start execution ex-0000000D
09:45:53.939 [main] DEBUG com.github.dockerjava.zerodep.shaded.org.apache.hc.client5.http.impl.io.PoolingHttpClientConnectionManager -- ep-0000000C: executing exchange ex-0000000D over http-outgoing-1
09:45:53.939 [main] DEBUG com.github.dockerjava.zerodep.shaded.org.apache.hc.client5.http.headers -- http-outgoing-1 >> POST /v1.32/containers/24142d801f7361732eafc1b45b9f4f07b8ea5bcf8bb59ea6ef508f83b3b4fc02/start HTTP/1.1
09:45:53.939 [main] DEBUG com.github.dockerjava.zerodep.shaded.org.apache.hc.client5.http.headers -- http-outgoing-1 >> accept: application/json
09:45:53.939 [main] DEBUG com.github.dockerjava.zerodep.shaded.org.apache.hc.client5.http.headers -- http-outgoing-1 >> content-type: application/json
09:45:53.939 [main] DEBUG com.github.dockerjava.zerodep.shaded.org.apache.hc.client5.http.headers -- http-outgoing-1 >> x-tc-sid: bfc2ed12-23ce-401f-a1df-f57c73ebd58a
09:45:53.939 [main] DEBUG com.github.dockerjava.zerodep.shaded.org.apache.hc.client5.http.headers -- http-outgoing-1 >> User-Agent: tc-java/1.19.3
09:45:53.939 [main] DEBUG com.github.dockerjava.zerodep.shaded.org.apache.hc.client5.http.headers -- http-outgoing-1 >> Accept-Encoding: gzip, x-gzip, deflate
09:45:53.939 [main] DEBUG com.github.dockerjava.zerodep.shaded.org.apache.hc.client5.http.headers -- http-outgoing-1 >> Host: localhost:2375
09:45:53.939 [main] DEBUG com.github.dockerjava.zerodep.shaded.org.apache.hc.client5.http.headers -- http-outgoing-1 >> Connection: keep-alive
09:45:53.940 [main] DEBUG com.github.dockerjava.zerodep.shaded.org.apache.hc.client5.http.wire -- http-outgoing-1 >> "POST /v1.32/containers/24142d801f7361732eafc1b45b9f4f07b8ea5bcf8bb59ea6ef508f83b3b4fc02/start HTTP/1.1[\r][\n]"
09:45:53.940 [main] DEBUG com.github.dockerjava.zerodep.shaded.org.apache.hc.client5.http.wire -- http-outgoing-1 >> "accept: application/json[\r][\n]"
09:45:53.940 [main] DEBUG com.github.dockerjava.zerodep.shaded.org.apache.hc.client5.http.wire -- http-outgoing-1 >> "content-type: application/json[\r][\n]"
09:45:53.940 [main] DEBUG com.github.dockerjava.zerodep.shaded.org.apache.hc.client5.http.wire -- http-outgoing-1 >> "x-tc-sid: bfc2ed12-23ce-401f-a1df-f57c73ebd58a[\r][\n]"
09:45:53.940 [main] DEBUG com.github.dockerjava.zerodep.shaded.org.apache.hc.client5.http.wire -- http-outgoing-1 >> "User-Agent: tc-java/1.19.3[\r][\n]"
09:45:53.940 [main] DEBUG com.github.dockerjava.zerodep.shaded.org.apache.hc.client5.http.wire -- http-outgoing-1 >> "Accept-Encoding: gzip, x-gzip, deflate[\r][\n]"
09:45:53.940 [main] DEBUG com.github.dockerjava.zerodep.shaded.org.apache.hc.client5.http.wire -- http-outgoing-1 >> "Host: localhost:2375[\r][\n]"
09:45:53.940 [main] DEBUG com.github.dockerjava.zerodep.shaded.org.apache.hc.client5.http.wire -- http-outgoing-1 >> "Connection: keep-alive[\r][\n]"
09:45:53.940 [main] DEBUG com.github.dockerjava.zerodep.shaded.org.apache.hc.client5.http.wire -- http-outgoing-1 >> "[\r][\n]"
09:45:54.852 [main] DEBUG com.github.dockerjava.zerodep.shaded.org.apache.hc.client5.http.wire -- http-outgoing-1 << "HTTP/1.1 204 No Content[\r][\n]"
09:45:54.852 [main] DEBUG com.github.dockerjava.zerodep.shaded.org.apache.hc.client5.http.wire -- http-outgoing-1 << "Api-Version: 1.47[\r][\n]"
09:45:54.852 [main] DEBUG com.github.dockerjava.zerodep.shaded.org.apache.hc.client5.http.wire -- http-outgoing-1 << "Date: Fri, 02 May 2025 07:45:54 GMT[\r][\n]"
09:45:54.852 [main] DEBUG com.github.dockerjava.zerodep.shaded.org.apache.hc.client5.http.wire -- http-outgoing-1 << "Docker-Experimental: false[\r][\n]"
09:45:54.852 [main] DEBUG com.github.dockerjava.zerodep.shaded.org.apache.hc.client5.http.wire -- http-outgoing-1 << "Ostype: linux[\r][\n]"
09:45:54.852 [main] DEBUG com.github.dockerjava.zerodep.shaded.org.apache.hc.client5.http.wire -- http-outgoing-1 << "Server: Docker/27.5.1 (linux)[\r][\n]"
09:45:54.852 [main] DEBUG com.github.dockerjava.zerodep.shaded.org.apache.hc.client5.http.wire -- http-outgoing-1 << "[\r][\n]"
09:45:54.852 [main] DEBUG com.github.dockerjava.zerodep.shaded.org.apache.hc.client5.http.headers -- http-outgoing-1 << HTTP/1.1 204 No Content
09:45:54.852 [main] DEBUG com.github.dockerjava.zerodep.shaded.org.apache.hc.client5.http.headers -- http-outgoing-1 << Api-Version: 1.47
09:45:54.852 [main] DEBUG com.github.dockerjava.zerodep.shaded.org.apache.hc.client5.http.headers -- http-outgoing-1 << Date: Fri, 02 May 2025 07:45:54 GMT
09:45:54.852 [main] DEBUG com.github.dockerjava.zerodep.shaded.org.apache.hc.client5.http.headers -- http-outgoing-1 << Docker-Experimental: false
09:45:54.852 [main] DEBUG com.github.dockerjava.zerodep.shaded.org.apache.hc.client5.http.headers -- http-outgoing-1 << Ostype: linux
09:45:54.852 [main] DEBUG com.github.dockerjava.zerodep.shaded.org.apache.hc.client5.http.headers -- http-outgoing-1 << Server: Docker/27.5.1 (linux)
09:45:54.852 [main] DEBUG com.github.dockerjava.zerodep.shaded.org.apache.hc.client5.http.impl.classic.MainClientExec -- ex-0000000D: connection can be kept alive for 3 MINUTES
09:45:54.852 [main] DEBUG com.github.dockerjava.zerodep.shaded.org.apache.hc.client5.http.impl.classic.InternalHttpClient -- ep-0000000C: releasing valid endpoint
09:45:54.852 [main] DEBUG com.github.dockerjava.zerodep.shaded.org.apache.hc.client5.http.impl.io.PoolingHttpClientConnectionManager -- ep-0000000C: releasing endpoint
09:45:54.853 [main] DEBUG com.github.dockerjava.zerodep.shaded.org.apache.hc.client5.http.impl.io.PoolingHttpClientConnectionManager -- ep-0000000C: connection http-outgoing-1 can be kept alive for 3 MINUTES
09:45:54.853 [main] DEBUG com.github.dockerjava.zerodep.shaded.org.apache.hc.client5.http.impl.io.PoolingHttpClientConnectionManager -- ep-0000000C: connection released [route: {}->npipe://localhost:2375][total available: 1; route allocated: 1 of 2147483647; total allocated: 1 of 2147483647]
09:45:54.853 [main] DEBUG org.testcontainers.shaded.com.github.dockerjava.core.command.AbstrDockerCmd -- Cmd: 24142d801f7361732eafc1b45b9f4f07b8ea5bcf8bb59ea6ef508f83b3b4fc02,false
09:45:54.854 [main] DEBUG org.testcontainers.shaded.com.github.dockerjava.core.exec.InspectContainerCmdExec -- GET: DefaultWebTarget{path=[/containers/24142d801f7361732eafc1b45b9f4f07b8ea5bcf8bb59ea6ef508f83b3b4fc02/json], queryParams={}}
09:45:54.854 [main] DEBUG com.github.dockerjava.zerodep.shaded.org.apache.hc.client5.http.impl.classic.InternalHttpClient -- ex-0000000E: preparing request execution
09:45:54.854 [main] DEBUG com.github.dockerjava.zerodep.shaded.org.apache.hc.client5.http.protocol.RequestAddCookies -- Cookie spec selected: strict
09:45:54.854 [main] DEBUG com.github.dockerjava.zerodep.shaded.org.apache.hc.client5.http.protocol.RequestAuthCache -- Auth cache not set in the context
09:45:54.855 [main] DEBUG com.github.dockerjava.zerodep.shaded.org.apache.hc.client5.http.impl.classic.ProtocolExec -- ex-0000000E: target auth state: UNCHALLENGED
09:45:54.855 [main] DEBUG com.github.dockerjava.zerodep.shaded.org.apache.hc.client5.http.impl.classic.ProtocolExec -- ex-0000000E: proxy auth state: UNCHALLENGED
09:45:54.855 [main] DEBUG com.github.dockerjava.zerodep.shaded.org.apache.hc.client5.http.impl.classic.ConnectExec -- ex-0000000E: acquiring connection with route {}->npipe://localhost:2375
09:45:54.855 [main] DEBUG com.github.dockerjava.zerodep.shaded.org.apache.hc.client5.http.impl.classic.InternalHttpClient -- ex-0000000E: acquiring endpoint (3 MINUTES)
09:45:54.855 [main] DEBUG com.github.dockerjava.zerodep.shaded.org.apache.hc.client5.http.impl.io.PoolingHttpClientConnectionManager -- ex-0000000E: endpoint lease request (3 MINUTES) [route: {}->npipe://localhost:2375][total available: 1; route allocated: 1 of 2147483647; total allocated: 1 of 2147483647]
09:45:54.855 [main] DEBUG com.github.dockerjava.zerodep.shaded.org.apache.hc.client5.http.impl.io.PoolingHttpClientConnectionManager -- ex-0000000E: endpoint leased [route: {}->npipe://localhost:2375][total available: 0; route allocated: 1 of 2147483647; total allocated: 1 of 2147483647]
09:45:54.855 [main] DEBUG com.github.dockerjava.zerodep.shaded.org.apache.hc.client5.http.impl.io.PoolingHttpClientConnectionManager -- ex-0000000E: acquired ep-0000000D
09:45:54.855 [main] DEBUG com.github.dockerjava.zerodep.shaded.org.apache.hc.client5.http.impl.classic.InternalHttpClient -- ex-0000000E: acquired endpoint ep-0000000D
09:45:54.855 [main] DEBUG com.github.dockerjava.zerodep.shaded.org.apache.hc.client5.http.impl.classic.MainClientExec -- ex-0000000E: executing GET /v1.32/containers/24142d801f7361732eafc1b45b9f4f07b8ea5bcf8bb59ea6ef508f83b3b4fc02/json HTTP/1.1
09:45:54.855 [main] DEBUG com.github.dockerjava.zerodep.shaded.org.apache.hc.client5.http.impl.classic.InternalHttpClient -- ep-0000000D: start execution ex-0000000E
09:45:54.855 [main] DEBUG com.github.dockerjava.zerodep.shaded.org.apache.hc.client5.http.impl.io.PoolingHttpClientConnectionManager -- ep-0000000D: executing exchange ex-0000000E over http-outgoing-1
09:45:54.855 [main] DEBUG com.github.dockerjava.zerodep.shaded.org.apache.hc.client5.http.headers -- http-outgoing-1 >> GET /v1.32/containers/24142d801f7361732eafc1b45b9f4f07b8ea5bcf8bb59ea6ef508f83b3b4fc02/json HTTP/1.1
09:45:54.855 [main] DEBUG com.github.dockerjava.zerodep.shaded.org.apache.hc.client5.http.headers -- http-outgoing-1 >> accept: application/json
09:45:54.855 [main] DEBUG com.github.dockerjava.zerodep.shaded.org.apache.hc.client5.http.headers -- http-outgoing-1 >> x-tc-sid: bfc2ed12-23ce-401f-a1df-f57c73ebd58a
09:45:54.855 [main] DEBUG com.github.dockerjava.zerodep.shaded.org.apache.hc.client5.http.headers -- http-outgoing-1 >> User-Agent: tc-java/1.19.3
09:45:54.855 [main] DEBUG com.github.dockerjava.zerodep.shaded.org.apache.hc.client5.http.headers -- http-outgoing-1 >> Accept-Encoding: gzip, x-gzip, deflate
09:45:54.855 [main] DEBUG com.github.dockerjava.zerodep.shaded.org.apache.hc.client5.http.headers -- http-outgoing-1 >> Host: localhost:2375
09:45:54.856 [main] DEBUG com.github.dockerjava.zerodep.shaded.org.apache.hc.client5.http.headers -- http-outgoing-1 >> Connection: keep-alive
09:45:54.856 [main] DEBUG com.github.dockerjava.zerodep.shaded.org.apache.hc.client5.http.wire -- http-outgoing-1 >> "GET /v1.32/containers/24142d801f7361732eafc1b45b9f4f07b8ea5bcf8bb59ea6ef508f83b3b4fc02/json HTTP/1.1[\r][\n]"
09:45:54.856 [main] DEBUG com.github.dockerjava.zerodep.shaded.org.apache.hc.client5.http.wire -- http-outgoing-1 >> "accept: application/json[\r][\n]"
09:45:54.856 [main] DEBUG com.github.dockerjava.zerodep.shaded.org.apache.hc.client5.http.wire -- http-outgoing-1 >> "x-tc-sid: bfc2ed12-23ce-401f-a1df-f57c73ebd58a[\r][\n]"
09:45:54.856 [main] DEBUG com.github.dockerjava.zerodep.shaded.org.apache.hc.client5.http.wire -- http-outgoing-1 >> "User-Agent: tc-java/1.19.3[\r][\n]"
09:45:54.856 [main] DEBUG com.github.dockerjava.zerodep.shaded.org.apache.hc.client5.http.wire -- http-outgoing-1 >> "Accept-Encoding: gzip, x-gzip, deflate[\r][\n]"
09:45:54.856 [main] DEBUG com.github.dockerjava.zerodep.shaded.org.apache.hc.client5.http.wire -- http-outgoing-1 >> "Host: localhost:2375[\r][\n]"
09:45:54.856 [main] DEBUG com.github.dockerjava.zerodep.shaded.org.apache.hc.client5.http.wire -- http-outgoing-1 >> "Connection: keep-alive[\r][\n]"
09:45:54.856 [main] DEBUG com.github.dockerjava.zerodep.shaded.org.apache.hc.client5.http.wire -- http-outgoing-1 >> "[\r][\n]"
09:45:54.866 [main] DEBUG com.github.dockerjava.zerodep.shaded.org.apache.hc.client5.http.wire -- http-outgoing-1 << "HTTP/1.1 200 OK[\r][\n]"
09:45:54.866 [main] DEBUG com.github.dockerjava.zerodep.shaded.org.apache.hc.client5.http.wire -- http-outgoing-1 << "Api-Version: 1.47[\r][\n]"
09:45:54.866 [main] DEBUG com.github.dockerjava.zerodep.shaded.org.apache.hc.client5.http.wire -- http-outgoing-1 << "Content-Type: application/json[\r][\n]"
09:45:54.866 [main] DEBUG com.github.dockerjava.zerodep.shaded.org.apache.hc.client5.http.wire -- http-outgoing-1 << "Date: Fri, 02 May 2025 07:45:54 GMT[\r][\n]"
09:45:54.866 [main] DEBUG com.github.dockerjava.zerodep.shaded.org.apache.hc.client5.http.wire -- http-outgoing-1 << "Docker-Experimental: false[\r][\n]"
09:45:54.866 [main] DEBUG com.github.dockerjava.zerodep.shaded.org.apache.hc.client5.http.wire -- http-outgoing-1 << "Ostype: linux[\r][\n]"
09:45:54.866 [main] DEBUG com.github.dockerjava.zerodep.shaded.org.apache.hc.client5.http.wire -- http-outgoing-1 << "Server: Docker/27.5.1 (linux)[\r][\n]"
09:45:54.866 [main] DEBUG com.github.dockerjava.zerodep.shaded.org.apache.hc.client5.http.wire -- http-outgoing-1 << "Transfer-Encoding: chunked[\r][\n]"
09:45:54.866 [main] DEBUG com.github.dockerjava.zerodep.shaded.org.apache.hc.client5.http.wire -- http-outgoing-1 << "[\r][\n]"
09:45:54.866 [main] DEBUG com.github.dockerjava.zerodep.shaded.org.apache.hc.client5.http.headers -- http-outgoing-1 << HTTP/1.1 200 OK
09:45:54.866 [main] DEBUG com.github.dockerjava.zerodep.shaded.org.apache.hc.client5.http.headers -- http-outgoing-1 << Api-Version: 1.47
09:45:54.866 [main] DEBUG com.github.dockerjava.zerodep.shaded.org.apache.hc.client5.http.headers -- http-outgoing-1 << Content-Type: application/json
09:45:54.866 [main] DEBUG com.github.dockerjava.zerodep.shaded.org.apache.hc.client5.http.headers -- http-outgoing-1 << Date: Fri, 02 May 2025 07:45:54 GMT
09:45:54.866 [main] DEBUG com.github.dockerjava.zerodep.shaded.org.apache.hc.client5.http.headers -- http-outgoing-1 << Docker-Experimental: false
09:45:54.866 [main] DEBUG com.github.dockerjava.zerodep.shaded.org.apache.hc.client5.http.headers -- http-outgoing-1 << Ostype: linux
09:45:54.866 [main] DEBUG com.github.dockerjava.zerodep.shaded.org.apache.hc.client5.http.headers -- http-outgoing-1 << Server: Docker/27.5.1 (linux)
09:45:54.866 [main] DEBUG com.github.dockerjava.zerodep.shaded.org.apache.hc.client5.http.headers -- http-outgoing-1 << Transfer-Encoding: chunked
09:45:54.867 [main] DEBUG com.github.dockerjava.zerodep.shaded.org.apache.hc.client5.http.impl.classic.MainClientExec -- ex-0000000E: connection can be kept alive for 3 MINUTES
09:45:54.877 [main] DEBUG com.github.dockerjava.zerodep.shaded.org.apache.hc.client5.http.wire -- http-outgoing-1 << "16b9[\r][\n]"
09:45:54.878 [main] DEBUG com.github.dockerjava.zerodep.shaded.org.apache.hc.client5.http.wire -- http-outgoing-1 << "{"Id":"24142d801f7361732eafc1b45b9f4f07b8ea5bcf8bb59ea6ef508f83b3b4fc02","Created":"2025-05-02T07:45:53.48258996Z","Path":"/opt/bin/entry_point.sh","Args":[],"State":{"Status":"running","Running":true,"Paused":false,"Restarting":false,"OOMKilled":false,"Dead":false,"Pid":18601,"ExitCode":0,"Error":"","StartedAt":"2025-05-02T07:45:54.230295165Z","FinishedAt":"0001-01-01T00:00:00Z"},"Image":"sha256:98a4acf36526b42162e80e32b36ba7e5cd93e15cb0f2ca510d6fc3fe655edf92","ResolvConfPath":"/var/lib/docker/containers/24142d801f7361732eafc1b45b9f4f07b8ea5bcf8bb59ea6ef508f83b3b4fc02/resolv.conf","HostnamePath":"/var/lib/docker/containers/24142d801f7361732eafc1b45b9f4f07b8ea5bcf8bb59ea6ef508f83b3b4fc02/hostname","HostsPath":"/var/lib/docker/containers/24142d801f7361732eafc1b45b9f4f07b8ea5bcf8bb59ea6ef508f83b3b4fc02/hosts","LogPath":"/var/lib/docker/containers/24142d801f7361732eafc1b45b9f4f07b8ea5bcf8bb59ea6ef508f83b3b4fc02/24142d801f7361732eafc1b45b9f4f07b8ea5bcf8bb59ea6ef508f83b3b4fc02-json.log","Name":"/gracious_yalow","RestartCount":0,"Driver":"overlayfs","Platform":"linux","MountLabel":"","ProcessLabel":"","AppArmorProfile":"","ExecIDs":null,"HostConfig":{"Binds":[],"ContainerIDFile":"","LogConfig":{"Type":"json-file","Config":{}},"NetworkMode":"40fa9c662d55c1f903d10321bbbff97566ce50ab076c1b1f83516e59086538b7","PortBindings":{"4444/tcp":[{"HostIp":"0.0.0.0","HostPort":"0"}],"5900/tcp":[{"HostIp":"0.0.0.0","HostPort":"0"}]},"RestartPolicy":{"Name":"no","MaximumRetryCount":0},"AutoRemove":false,"VolumeDriver":"","VolumesFrom":[],"ConsoleSize":[0,0],"CapAdd":null,"CapDrop":null,"CgroupnsMode":"host","Dns":null,"DnsOptions":null,"DnsSearch":null,"ExtraHosts":[],"GroupAdd":null,"IpcMode":"shareable","Cgroup":"","Links":null,"OomScoreAdj":0,"PidMode":"","Privileged":false,"PublishAllPorts":false,"ReadonlyRootfs":false,"SecurityOpt":null,"UTSMode":"","UsernsMode":"","ShmSize":536870912,"Runtime":"runc","Isolation":"","CpuShares":0,"Memory":0,"NanoCpus":0,"CgroupParent":"","BlkioWeight":0,"BlkioWeightDevice":null,"BlkioDeviceReadBps":null,"BlkioDeviceWriteBps":null,"BlkioDeviceReadIOps":null,"BlkioDeviceWriteIOps":null,"CpuPeriod":0,"CpuQuota":0,"CpuRealtimePeriod":0,"CpuRealtimeRuntime":0,"CpusetCpus":"","CpusetMems":"","Devices":null,"DeviceCgroupRules":null,"DeviceRequests":null,"MemoryReservation":0,"MemorySwap":0,"MemorySwappiness":null,"OomKillDisable":false,"PidsLimit":null,"Ulimits":null,"CpuCount":0,"CpuPercent":0,"IOMaximumIOps":0,"IOMaximumBandwidth":0,"MaskedPaths":["/proc/asound","/proc/acpi","/proc/kcore","/proc/keys","/proc/latency_stats","/proc/timer_list","/proc/timer_stats","/proc/sched_debug","/proc/scsi","/sys/firmware","/sys/devices/virtual/powercap"],"ReadonlyPaths":["/proc/bus","/proc/fs","/proc/irq","/proc/sys","/proc/sysrq-trigger"]},"GraphDriver":{"Data":null,"Name":"overlayfs"},"Mounts":[],"Config":{"Hostname":"24142d801f73","Domainname":"","User":"1200","AttachStdin":false,"AttachStdout":false,"AttachStderr":false,"ExposedPorts":{"4444/tcp":{},"5900/tcp":{}},"Tty":false,"OpenStdin":false,"StdinOnce":false,"Env":["no_proxy=localhost","TZ=Europe/Madrid","PATH=/usr/local/sbin:/usr/local/bin:/usr/sbin:/usr/bin:/sbin:/bin","DEBIAN_FRONTEND=noninteractive","DEBCONF_NONINTERACTIVE_SEEN=true","SEL_USER=seluser","SEL_UID=1200","SEL_GID=1201","HOME=/home/seluser","SEL_DOWNLOAD_DIR=/Downloads","SE_BIND_HOST=false","SE_REJECT_UNSUPPORTED_CAPS=false","SE_OTEL_JAVA_GLOBAL_AUTOCONFIGURE_ENABLED=true","SE_OTEL_TRACES_EXPORTER=otlp","LANG_WHICH=en","LANG_WHERE=US","ENCODING=UTF-8","LANGUAGE=en_US.UTF-8","LANG=","SE_ENABLE_BROWSER_LEFTOVERS_CLEANUP=false","SE_BROWSER_LEFTOVERS_INTERVAL_SECS=3600","SE_BROWSER_LEFTOVERS_PROCESSES_SECS=7200","SE_BROWSER_LEFTOVERS_TEMPFILES_DAYS=1","SE_DRAIN_AFTER_SESSION_COUNT=0","SE_NODE_MAX_SESSIONS=1","SE_NODE_SESSION_TIMEOUT=300","SE_NODE_OVERRIDE_MAX_SESSIONS=false","SE_NODE_HEARTBEAT_PERIOD=30","SE_OTEL_SERVICE_NAME=selenium-standalone","SE_OFFLINE=true","SE_SCREEN_WIDTH=1360","SE_SCREEN_HEIGHT=1020","SE_SCREEN_DEPTH=24","SE_SCREEN_DPI=96","SE_START_XVFB=true","SE_START_VNC=true","SE_STA"
09:45:54.880 [main] DEBUG com.github.dockerjava.zerodep.shaded.org.apache.hc.client5.http.wire -- http-outgoing-1 << "RT_NO_VNC=true","SE_NO_VNC_PORT=7900","SE_VNC_PORT=5900","DISPLAY=:99.0","DISPLAY_NUM=99","CONFIG_FILE=/opt/selenium/config.toml","GENERATE_CONFIG=true","DBUS_SESSION_BUS_ADDRESS=/dev/null","SE_SESSION_REQUEST_TIMEOUT=300","SE_SESSION_RETRY_INTERVAL=15","SE_HEALTHCHECK_INTERVAL=120","SE_RELAX_CHECKS=true"],"Cmd":["/opt/bin/entry_point.sh"],"Image":"selenium/standalone-chrome:4.20.0","Volumes":null,"WorkingDir":"","Entrypoint":null,"OnBuild":null,"Labels":{"authors":"","org.opencontainers.image.ref.name":"ubuntu","org.opencontainers.image.version":"22.04","org.testcontainers":"true","org.testcontainers.lang":"java","org.testcontainers.sessionId":"bfc2ed12-23ce-401f-a1df-f57c73ebd58a","org.testcontainers.version":"1.19.3"}},"NetworkSettings":{"Bridge":"","SandboxID":"969510a295a632d4e36730a78033a44c609e4eaf3270bb0469489e1d5734e3b0","SandboxKey":"/var/run/docker/netns/969510a295a6","Ports":{"4444/tcp":[],"5900/tcp":[]},"HairpinMode":false,"LinkLocalIPv6Address":"","LinkLocalIPv6PrefixLen":0,"SecondaryIPAddresses":null,"SecondaryIPv6Addresses":null,"EndpointID":"","Gateway":"","GlobalIPv6Address":"","GlobalIPv6PrefixLen":0,"IPAddress":"","IPPrefixLen":0,"IPv6Gateway":"","MacAddress":"","Networks":{"680d18ca-38a1-4057-a5d5-0ccd248aa2e8":{"IPAMConfig":null,"Links":null,"Aliases":["tc-6DidaMrm","24142d801f73"],"MacAddress":"02:42:ac:13:00:02","DriverOpts":null,"NetworkID":"40fa9c662d55c1f903d10321bbbff97566ce50ab076c1b1f83516e59086538b7","EndpointID":"ed90e352e9a2a13399450553ebfffd298997ed084f710b10e181bc518ac6cacb","Gateway":"172.19.0.1","IPAddress":"172.19.0.2","IPPrefixLen":16,"IPv6Gateway":"","GlobalIPv6Address":"","GlobalIPv6PrefixLen":0,"DNSNames":["gracious_yalow","tc-6DidaMrm","24142d801f73"]}}}}[\n]"
09:45:54.882 [main] DEBUG com.github.dockerjava.zerodep.shaded.org.apache.hc.client5.http.wire -- http-outgoing-1 << "[\r][\n]"
09:45:54.882 [main] DEBUG com.github.dockerjava.zerodep.shaded.org.apache.hc.client5.http.wire -- http-outgoing-1 << "0[\r][\n]"
09:45:54.882 [main] DEBUG com.github.dockerjava.zerodep.shaded.org.apache.hc.client5.http.wire -- http-outgoing-1 << "[\r][\n]"
09:45:54.882 [main] DEBUG com.github.dockerjava.zerodep.shaded.org.apache.hc.client5.http.impl.classic.InternalHttpClient -- ep-0000000D: releasing valid endpoint
09:45:54.882 [main] DEBUG com.github.dockerjava.zerodep.shaded.org.apache.hc.client5.http.impl.io.PoolingHttpClientConnectionManager -- ep-0000000D: releasing endpoint
09:45:54.882 [main] DEBUG com.github.dockerjava.zerodep.shaded.org.apache.hc.client5.http.impl.io.PoolingHttpClientConnectionManager -- ep-0000000D: connection http-outgoing-1 can be kept alive for 3 MINUTES
09:45:54.882 [main] DEBUG com.github.dockerjava.zerodep.shaded.org.apache.hc.client5.http.impl.io.PoolingHttpClientConnectionManager -- ep-0000000D: connection released [route: {}->npipe://localhost:2375][total available: 1; route allocated: 1 of 2147483647; total allocated: 1 of 2147483647]
09:45:54.904 [main] DEBUG org.testcontainers.shaded.com.github.dockerjava.core.command.AbstrDockerCmd -- Cmd: 24142d801f7361732eafc1b45b9f4f07b8ea5bcf8bb59ea6ef508f83b3b4fc02,false
09:45:54.905 [main] DEBUG org.testcontainers.shaded.com.github.dockerjava.core.exec.InspectContainerCmdExec -- GET: DefaultWebTarget{path=[/containers/24142d801f7361732eafc1b45b9f4f07b8ea5bcf8bb59ea6ef508f83b3b4fc02/json], queryParams={}}
09:45:54.905 [main] DEBUG com.github.dockerjava.zerodep.shaded.org.apache.hc.client5.http.impl.classic.InternalHttpClient -- ex-0000000F: preparing request execution
09:45:54.906 [main] DEBUG com.github.dockerjava.zerodep.shaded.org.apache.hc.client5.http.protocol.RequestAddCookies -- Cookie spec selected: strict
09:45:54.906 [main] DEBUG com.github.dockerjava.zerodep.shaded.org.apache.hc.client5.http.protocol.RequestAuthCache -- Auth cache not set in the context
09:45:54.906 [main] DEBUG com.github.dockerjava.zerodep.shaded.org.apache.hc.client5.http.impl.classic.ProtocolExec -- ex-0000000F: target auth state: UNCHALLENGED
09:45:54.906 [main] DEBUG com.github.dockerjava.zerodep.shaded.org.apache.hc.client5.http.impl.classic.ProtocolExec -- ex-0000000F: proxy auth state: UNCHALLENGED
09:45:54.906 [main] DEBUG com.github.dockerjava.zerodep.shaded.org.apache.hc.client5.http.impl.classic.ConnectExec -- ex-0000000F: acquiring connection with route {}->npipe://localhost:2375
09:45:54.906 [main] DEBUG com.github.dockerjava.zerodep.shaded.org.apache.hc.client5.http.impl.classic.InternalHttpClient -- ex-0000000F: acquiring endpoint (3 MINUTES)
09:45:54.906 [main] DEBUG com.github.dockerjava.zerodep.shaded.org.apache.hc.client5.http.impl.io.PoolingHttpClientConnectionManager -- ex-0000000F: endpoint lease request (3 MINUTES) [route: {}->npipe://localhost:2375][total available: 1; route allocated: 1 of 2147483647; total allocated: 1 of 2147483647]
09:45:54.906 [main] DEBUG com.github.dockerjava.zerodep.shaded.org.apache.hc.client5.http.impl.io.PoolingHttpClientConnectionManager -- ex-0000000F: endpoint leased [route: {}->npipe://localhost:2375][total available: 0; route allocated: 1 of 2147483647; total allocated: 1 of 2147483647]
09:45:54.906 [main] DEBUG com.github.dockerjava.zerodep.shaded.org.apache.hc.client5.http.impl.io.PoolingHttpClientConnectionManager -- ex-0000000F: acquired ep-0000000E
09:45:54.906 [main] DEBUG com.github.dockerjava.zerodep.shaded.org.apache.hc.client5.http.impl.classic.InternalHttpClient -- ex-0000000F: acquired endpoint ep-0000000E
09:45:54.906 [main] DEBUG com.github.dockerjava.zerodep.shaded.org.apache.hc.client5.http.impl.classic.MainClientExec -- ex-0000000F: executing GET /v1.32/containers/24142d801f7361732eafc1b45b9f4f07b8ea5bcf8bb59ea6ef508f83b3b4fc02/json HTTP/1.1
09:45:54.906 [main] DEBUG com.github.dockerjava.zerodep.shaded.org.apache.hc.client5.http.impl.classic.InternalHttpClient -- ep-0000000E: start execution ex-0000000F
09:45:54.906 [main] DEBUG com.github.dockerjava.zerodep.shaded.org.apache.hc.client5.http.impl.io.PoolingHttpClientConnectionManager -- ep-0000000E: executing exchange ex-0000000F over http-outgoing-1
09:45:54.906 [main] DEBUG com.github.dockerjava.zerodep.shaded.org.apache.hc.client5.http.headers -- http-outgoing-1 >> GET /v1.32/containers/24142d801f7361732eafc1b45b9f4f07b8ea5bcf8bb59ea6ef508f83b3b4fc02/json HTTP/1.1
09:45:54.906 [main] DEBUG com.github.dockerjava.zerodep.shaded.org.apache.hc.client5.http.headers -- http-outgoing-1 >> accept: application/json
09:45:54.906 [main] DEBUG com.github.dockerjava.zerodep.shaded.org.apache.hc.client5.http.headers -- http-outgoing-1 >> x-tc-sid: bfc2ed12-23ce-401f-a1df-f57c73ebd58a
09:45:54.907 [main] DEBUG com.github.dockerjava.zerodep.shaded.org.apache.hc.client5.http.headers -- http-outgoing-1 >> User-Agent: tc-java/1.19.3
09:45:54.907 [main] DEBUG com.github.dockerjava.zerodep.shaded.org.apache.hc.client5.http.headers -- http-outgoing-1 >> Accept-Encoding: gzip, x-gzip, deflate
09:45:54.907 [main] DEBUG com.github.dockerjava.zerodep.shaded.org.apache.hc.client5.http.headers -- http-outgoing-1 >> Host: localhost:2375
09:45:54.907 [main] DEBUG com.github.dockerjava.zerodep.shaded.org.apache.hc.client5.http.headers -- http-outgoing-1 >> Connection: keep-alive
09:45:54.907 [main] DEBUG com.github.dockerjava.zerodep.shaded.org.apache.hc.client5.http.wire -- http-outgoing-1 >> "GET /v1.32/containers/24142d801f7361732eafc1b45b9f4f07b8ea5bcf8bb59ea6ef508f83b3b4fc02/json HTTP/1.1[\r][\n]"
09:45:54.907 [main] DEBUG com.github.dockerjava.zerodep.shaded.org.apache.hc.client5.http.wire -- http-outgoing-1 >> "accept: application/json[\r][\n]"
09:45:54.907 [main] DEBUG com.github.dockerjava.zerodep.shaded.org.apache.hc.client5.http.wire -- http-outgoing-1 >> "x-tc-sid: bfc2ed12-23ce-401f-a1df-f57c73ebd58a[\r][\n]"
09:45:54.907 [main] DEBUG com.github.dockerjava.zerodep.shaded.org.apache.hc.client5.http.wire -- http-outgoing-1 >> "User-Agent: tc-java/1.19.3[\r][\n]"
09:45:54.907 [main] DEBUG com.github.dockerjava.zerodep.shaded.org.apache.hc.client5.http.wire -- http-outgoing-1 >> "Accept-Encoding: gzip, x-gzip, deflate[\r][\n]"
09:45:54.907 [main] DEBUG com.github.dockerjava.zerodep.shaded.org.apache.hc.client5.http.wire -- http-outgoing-1 >> "Host: localhost:2375[\r][\n]"
09:45:54.907 [main] DEBUG com.github.dockerjava.zerodep.shaded.org.apache.hc.client5.http.wire -- http-outgoing-1 >> "Connection: keep-alive[\r][\n]"
09:45:54.907 [main] DEBUG com.github.dockerjava.zerodep.shaded.org.apache.hc.client5.http.wire -- http-outgoing-1 >> "[\r][\n]"
09:45:54.912 [main] DEBUG com.github.dockerjava.zerodep.shaded.org.apache.hc.client5.http.wire -- http-outgoing-1 << "HTTP/1.1 200 OK[\r][\n]"
09:45:54.912 [main] DEBUG com.github.dockerjava.zerodep.shaded.org.apache.hc.client5.http.wire -- http-outgoing-1 << "Api-Version: 1.47[\r][\n]"
09:45:54.913 [main] DEBUG com.github.dockerjava.zerodep.shaded.org.apache.hc.client5.http.wire -- http-outgoing-1 << "Content-Type: application/json[\r][\n]"
09:45:54.913 [main] DEBUG com.github.dockerjava.zerodep.shaded.org.apache.hc.client5.http.wire -- http-outgoing-1 << "Date: Fri, 02 May 2025 07:45:54 GMT[\r][\n]"
09:45:54.913 [main] DEBUG com.github.dockerjava.zerodep.shaded.org.apache.hc.client5.http.wire -- http-outgoing-1 << "Docker-Experimental: false[\r][\n]"
09:45:54.913 [main] DEBUG com.github.dockerjava.zerodep.shaded.org.apache.hc.client5.http.wire -- http-outgoing-1 << "Ostype: linux[\r][\n]"
09:45:54.913 [main] DEBUG com.github.dockerjava.zerodep.shaded.org.apache.hc.client5.http.wire -- http-outgoing-1 << "Server: Docker/27.5.1 (linux)[\r][\n]"
09:45:54.913 [main] DEBUG com.github.dockerjava.zerodep.shaded.org.apache.hc.client5.http.wire -- http-outgoing-1 << "Transfer-Encoding: chunked[\r][\n]"
09:45:54.913 [main] DEBUG com.github.dockerjava.zerodep.shaded.org.apache.hc.client5.http.wire -- http-outgoing-1 << "[\r][\n]"
09:45:54.913 [main] DEBUG com.github.dockerjava.zerodep.shaded.org.apache.hc.client5.http.headers -- http-outgoing-1 << HTTP/1.1 200 OK
09:45:54.914 [main] DEBUG com.github.dockerjava.zerodep.shaded.org.apache.hc.client5.http.headers -- http-outgoing-1 << Api-Version: 1.47
09:45:54.914 [main] DEBUG com.github.dockerjava.zerodep.shaded.org.apache.hc.client5.http.headers -- http-outgoing-1 << Content-Type: application/json
09:45:54.914 [main] DEBUG com.github.dockerjava.zerodep.shaded.org.apache.hc.client5.http.headers -- http-outgoing-1 << Date: Fri, 02 May 2025 07:45:54 GMT
09:45:54.914 [main] DEBUG com.github.dockerjava.zerodep.shaded.org.apache.hc.client5.http.headers -- http-outgoing-1 << Docker-Experimental: false
09:45:54.914 [main] DEBUG com.github.dockerjava.zerodep.shaded.org.apache.hc.client5.http.headers -- http-outgoing-1 << Ostype: linux
09:45:54.914 [main] DEBUG com.github.dockerjava.zerodep.shaded.org.apache.hc.client5.http.headers -- http-outgoing-1 << Server: Docker/27.5.1 (linux)
09:45:54.914 [main] DEBUG com.github.dockerjava.zerodep.shaded.org.apache.hc.client5.http.headers -- http-outgoing-1 << Transfer-Encoding: chunked
09:45:54.914 [main] DEBUG com.github.dockerjava.zerodep.shaded.org.apache.hc.client5.http.impl.classic.MainClientExec -- ex-0000000F: connection can be kept alive for 3 MINUTES
09:45:54.914 [main] DEBUG com.github.dockerjava.zerodep.shaded.org.apache.hc.client5.http.wire -- http-outgoing-1 << "1707[\r][\n]"
09:45:54.915 [main] DEBUG com.github.dockerjava.zerodep.shaded.org.apache.hc.client5.http.wire -- http-outgoing-1 << "{"Id":"24142d801f7361732eafc1b45b9f4f07b8ea5bcf8bb59ea6ef508f83b3b4fc02","Created":"2025-05-02T07:45:53.48258996Z","Path":"/opt/bin/entry_point.sh","Args":[],"State":{"Status":"running","Running":true,"Paused":false,"Restarting":false,"OOMKilled":false,"Dead":false,"Pid":18601,"ExitCode":0,"Error":"","StartedAt":"2025-05-02T07:45:54.230295165Z","FinishedAt":"0001-01-01T00:00:00Z"},"Image":"sha256:98a4acf36526b42162e80e32b36ba7e5cd93e15cb0f2ca510d6fc3fe655edf92","ResolvConfPath":"/var/lib/docker/containers/24142d801f7361732eafc1b45b9f4f07b8ea5bcf8bb59ea6ef508f83b3b4fc02/resolv.conf","HostnamePath":"/var/lib/docker/containers/24142d801f7361732eafc1b45b9f4f07b8ea5bcf8bb59ea6ef508f83b3b4fc02/hostname","HostsPath":"/var/lib/docker/containers/24142d801f7361732eafc1b45b9f4f07b8ea5bcf8bb59ea6ef508f83b3b4fc02/hosts","LogPath":"/var/lib/docker/containers/24142d801f7361732eafc1b45b9f4f07b8ea5bcf8bb59ea6ef508f83b3b4fc02/24142d801f7361732eafc1b45b9f4f07b8ea5bcf8bb59ea6ef508f83b3b4fc02-json.log","Name":"/gracious_yalow","RestartCount":0,"Driver":"overlayfs","Platform":"linux","MountLabel":"","ProcessLabel":"","AppArmorProfile":"","ExecIDs":null,"HostConfig":{"Binds":[],"ContainerIDFile":"","LogConfig":{"Type":"json-file","Config":{}},"NetworkMode":"40fa9c662d55c1f903d10321bbbff97566ce50ab076c1b1f83516e59086538b7","PortBindings":{"4444/tcp":[{"HostIp":"0.0.0.0","HostPort":"0"}],"5900/tcp":[{"HostIp":"0.0.0.0","HostPort":"0"}]},"RestartPolicy":{"Name":"no","MaximumRetryCount":0},"AutoRemove":false,"VolumeDriver":"","VolumesFrom":[],"ConsoleSize":[0,0],"CapAdd":null,"CapDrop":null,"CgroupnsMode":"host","Dns":null,"DnsOptions":null,"DnsSearch":null,"ExtraHosts":[],"GroupAdd":null,"IpcMode":"shareable","Cgroup":"","Links":null,"OomScoreAdj":0,"PidMode":"","Privileged":false,"PublishAllPorts":false,"ReadonlyRootfs":false,"SecurityOpt":null,"UTSMode":"","UsernsMode":"","ShmSize":536870912,"Runtime":"runc","Isolation":"","CpuShares":0,"Memory":0,"NanoCpus":0,"CgroupParent":"","BlkioWeight":0,"BlkioWeightDevice":null,"BlkioDeviceReadBps":null,"BlkioDeviceWriteBps":null,"BlkioDeviceReadIOps":null,"BlkioDeviceWriteIOps":null,"CpuPeriod":0,"CpuQuota":0,"CpuRealtimePeriod":0,"CpuRealtimeRuntime":0,"CpusetCpus":"","CpusetMems":"","Devices":null,"DeviceCgroupRules":null,"DeviceRequests":null,"MemoryReservation":0,"MemorySwap":0,"MemorySwappiness":null,"OomKillDisable":false,"PidsLimit":null,"Ulimits":null,"CpuCount":0,"CpuPercent":0,"IOMaximumIOps":0,"IOMaximumBandwidth":0,"MaskedPaths":["/proc/asound","/proc/acpi","/proc/kcore","/proc/keys","/proc/latency_stats","/proc/timer_list","/proc/timer_stats","/proc/sched_debug","/proc/scsi","/sys/firmware","/sys/devices/virtual/powercap"],"ReadonlyPaths":["/proc/bus","/proc/fs","/proc/irq","/proc/sys","/proc/sysrq-trigger"]},"GraphDriver":{"Data":null,"Name":"overlayfs"},"Mounts":[],"Config":{"Hostname":"24142d801f73","Domainname":"","User":"1200","AttachStdin":false,"AttachStdout":false,"AttachStderr":false,"ExposedPorts":{"4444/tcp":{},"5900/tcp":{}},"Tty":false,"OpenStdin":false,"StdinOnce":false,"Env":["no_proxy=localhost","TZ=Europe/Madrid","PATH=/usr/local/sbin:/usr/local/bin:/usr/sbin:/usr/bin:/sbin:/bin","DEBIAN_FRONTEND=noninteractive","DEBCONF_NONINTERACTIVE_SEEN=true","SEL_USER=seluser","SEL_UID=1200","SEL_GID=1201","HOME=/home/seluser","SEL_DOWNLOAD_DIR=/Downloads","SE_BIND_HOST=false","SE_REJECT_UNSUPPORTED_CAPS=false","SE_OTEL_JAVA_GLOBAL_AUTOCONFIGURE_ENABLED=true","SE_OTEL_TRACES_EXPORTER=otlp","LANG_WHICH=en","LANG_WHERE=US","ENCODING=UTF-8","LANGUAGE=en_US.UTF-8","LANG=","SE_ENABLE_BROWSER_LEFTOVERS_CLEANUP=false","SE_BROWSER_LEFTOVERS_INTERVAL_SECS=3600","SE_BROWSER_LEFTOVERS_PROCESSES_SECS=7200","SE_BROWSER_LEFTOVERS_TEMPFILES_DAYS=1","SE_DRAIN_AFTER_SESSION_COUNT=0","SE_NODE_MAX_SESSIONS=1","SE_NODE_SESSION_TIMEOUT=300","SE_NODE_OVERRIDE_MAX_SESSIONS=false","SE_NODE_HEARTBEAT_PERIOD=30","SE_OTEL_SERVICE_NAME=selenium-standalone","SE_OFFLINE=true","SE_SCREEN_WIDTH=1360","SE_SCREEN_HEIGHT=1020","SE_SCREEN_DEPTH=24","SE_SCREEN_DPI=96","SE_START_XVFB=true","SE_START_VNC=true","SE_STA"
09:45:54.916 [main] DEBUG com.github.dockerjava.zerodep.shaded.org.apache.hc.client5.http.wire -- http-outgoing-1 << "RT_NO_VNC=true","SE_NO_VNC_PORT=7900","SE_VNC_PORT=5900","DISPLAY=:99.0","DISPLAY_NUM=99","CONFIG_FILE=/opt/selenium/config.toml","GENERATE_CONFIG=true","DBUS_SESSION_BUS_ADDRESS=/dev/null","SE_SESSION_REQUEST_TIMEOUT=300","SE_SESSION_RETRY_INTERVAL=15","SE_HEALTHCHECK_INTERVAL=120","SE_RELAX_CHECKS=true"],"Cmd":["/opt/bin/entry_point.sh"],"Image":"selenium/standalone-chrome:4.20.0","Volumes":null,"WorkingDir":"","Entrypoint":null,"OnBuild":null,"Labels":{"authors":"","org.opencontainers.image.ref.name":"ubuntu","org.opencontainers.image.version":"22.04","org.testcontainers":"true","org.testcontainers.lang":"java","org.testcontainers.sessionId":"bfc2ed12-23ce-401f-a1df-f57c73ebd58a","org.testcontainers.version":"1.19.3"}},"NetworkSettings":{"Bridge":"","SandboxID":"969510a295a632d4e36730a78033a44c609e4eaf3270bb0469489e1d5734e3b0","SandboxKey":"/var/run/docker/netns/969510a295a6","Ports":{"4444/tcp":[{"HostIp":"0.0.0.0","HostPort":"62212"}],"5900/tcp":[{"HostIp":"0.0.0.0","HostPort":"62213"}]},"HairpinMode":false,"LinkLocalIPv6Address":"","LinkLocalIPv6PrefixLen":0,"SecondaryIPAddresses":null,"SecondaryIPv6Addresses":null,"EndpointID":"","Gateway":"","GlobalIPv6Address":"","GlobalIPv6PrefixLen":0,"IPAddress":"","IPPrefixLen":0,"IPv6Gateway":"","MacAddress":"","Networks":{"680d18ca-38a1-4057-a5d5-0ccd248aa2e8":{"IPAMConfig":null,"Links":null,"Aliases":["tc-6DidaMrm","24142d801f73"],"MacAddress":"02:42:ac:13:00:02","DriverOpts":null,"NetworkID":"40fa9c662d55c1f903d10321bbbff97566ce50ab076c1b1f83516e59086538b7","EndpointID":"ed90e352e9a2a13399450553ebfffd298997ed084f710b10e181bc518ac6cacb","Gateway":"172.19.0.1","IPAddress":"172.19.0.2","IPPrefixLen":16,"IPv6Gateway":"","GlobalIPv6Address":"","GlobalIPv6PrefixLen":0,"DNSNames":["gracious_yalow","tc-6DidaMrm","24142d801f73"]}}}}[\n]"
09:45:54.918 [main] DEBUG com.github.dockerjava.zerodep.shaded.org.apache.hc.client5.http.wire -- http-outgoing-1 << "[\r][\n]"
09:45:54.918 [main] DEBUG com.github.dockerjava.zerodep.shaded.org.apache.hc.client5.http.wire -- http-outgoing-1 << "0[\r][\n]"
09:45:54.918 [main] DEBUG com.github.dockerjava.zerodep.shaded.org.apache.hc.client5.http.wire -- http-outgoing-1 << "[\r][\n]"
09:45:54.918 [main] DEBUG com.github.dockerjava.zerodep.shaded.org.apache.hc.client5.http.impl.classic.InternalHttpClient -- ep-0000000E: releasing valid endpoint
09:45:54.918 [main] DEBUG com.github.dockerjava.zerodep.shaded.org.apache.hc.client5.http.impl.io.PoolingHttpClientConnectionManager -- ep-0000000E: releasing endpoint
09:45:54.918 [main] DEBUG com.github.dockerjava.zerodep.shaded.org.apache.hc.client5.http.impl.io.PoolingHttpClientConnectionManager -- ep-0000000E: connection http-outgoing-1 can be kept alive for 3 MINUTES
09:45:54.918 [main] DEBUG com.github.dockerjava.zerodep.shaded.org.apache.hc.client5.http.impl.io.PoolingHttpClientConnectionManager -- ep-0000000E: connection released [route: {}->npipe://localhost:2375][total available: 1; route allocated: 1 of 2147483647; total allocated: 1 of 2147483647]
09:45:54.919 [main] DEBUG org.testcontainers.shaded.com.github.dockerjava.core.command.AbstrDockerCmd -- Cmd: sha256:98a4acf36526b42162e80e32b36ba7e5cd93e15cb0f2ca510d6fc3fe655edf92
09:45:54.920 [main] DEBUG com.github.dockerjava.zerodep.shaded.org.apache.hc.client5.http.impl.classic.InternalHttpClient -- ex-00000010: preparing request execution
09:45:54.920 [main] DEBUG com.github.dockerjava.zerodep.shaded.org.apache.hc.client5.http.protocol.RequestAddCookies -- Cookie spec selected: strict
09:45:54.920 [main] DEBUG com.github.dockerjava.zerodep.shaded.org.apache.hc.client5.http.protocol.RequestAuthCache -- Auth cache not set in the context
09:45:54.920 [main] DEBUG com.github.dockerjava.zerodep.shaded.org.apache.hc.client5.http.impl.classic.ProtocolExec -- ex-00000010: target auth state: UNCHALLENGED
09:45:54.920 [main] DEBUG com.github.dockerjava.zerodep.shaded.org.apache.hc.client5.http.impl.classic.ProtocolExec -- ex-00000010: proxy auth state: UNCHALLENGED
09:45:54.920 [main] DEBUG com.github.dockerjava.zerodep.shaded.org.apache.hc.client5.http.impl.classic.ConnectExec -- ex-00000010: acquiring connection with route {}->npipe://localhost:2375
09:45:54.920 [main] DEBUG com.github.dockerjava.zerodep.shaded.org.apache.hc.client5.http.impl.classic.InternalHttpClient -- ex-00000010: acquiring endpoint (3 MINUTES)
09:45:54.920 [main] DEBUG com.github.dockerjava.zerodep.shaded.org.apache.hc.client5.http.impl.io.PoolingHttpClientConnectionManager -- ex-00000010: endpoint lease request (3 MINUTES) [route: {}->npipe://localhost:2375][total available: 1; route allocated: 1 of 2147483647; total allocated: 1 of 2147483647]
09:45:54.920 [main] DEBUG com.github.dockerjava.zerodep.shaded.org.apache.hc.client5.http.impl.io.PoolingHttpClientConnectionManager -- ex-00000010: endpoint leased [route: {}->npipe://localhost:2375][total available: 0; route allocated: 1 of 2147483647; total allocated: 1 of 2147483647]
09:45:54.920 [main] DEBUG com.github.dockerjava.zerodep.shaded.org.apache.hc.client5.http.impl.io.PoolingHttpClientConnectionManager -- ex-00000010: acquired ep-0000000F
09:45:54.920 [main] DEBUG com.github.dockerjava.zerodep.shaded.org.apache.hc.client5.http.impl.classic.InternalHttpClient -- ex-00000010: acquired endpoint ep-0000000F
09:45:54.920 [main] DEBUG com.github.dockerjava.zerodep.shaded.org.apache.hc.client5.http.impl.classic.MainClientExec -- ex-00000010: executing GET /v1.32/images/sha256:98a4acf36526b42162e80e32b36ba7e5cd93e15cb0f2ca510d6fc3fe655edf92/json HTTP/1.1
09:45:54.920 [main] DEBUG com.github.dockerjava.zerodep.shaded.org.apache.hc.client5.http.impl.classic.InternalHttpClient -- ep-0000000F: start execution ex-00000010
09:45:54.920 [main] DEBUG com.github.dockerjava.zerodep.shaded.org.apache.hc.client5.http.impl.io.PoolingHttpClientConnectionManager -- ep-0000000F: executing exchange ex-00000010 over http-outgoing-1
09:45:54.920 [main] DEBUG com.github.dockerjava.zerodep.shaded.org.apache.hc.client5.http.headers -- http-outgoing-1 >> GET /v1.32/images/sha256:98a4acf36526b42162e80e32b36ba7e5cd93e15cb0f2ca510d6fc3fe655edf92/json HTTP/1.1
09:45:54.920 [main] DEBUG com.github.dockerjava.zerodep.shaded.org.apache.hc.client5.http.headers -- http-outgoing-1 >> accept: application/json
09:45:54.920 [main] DEBUG com.github.dockerjava.zerodep.shaded.org.apache.hc.client5.http.headers -- http-outgoing-1 >> x-tc-sid: bfc2ed12-23ce-401f-a1df-f57c73ebd58a
09:45:54.920 [main] DEBUG com.github.dockerjava.zerodep.shaded.org.apache.hc.client5.http.headers -- http-outgoing-1 >> User-Agent: tc-java/1.19.3
09:45:54.921 [main] DEBUG com.github.dockerjava.zerodep.shaded.org.apache.hc.client5.http.headers -- http-outgoing-1 >> Accept-Encoding: gzip, x-gzip, deflate
09:45:54.921 [main] DEBUG com.github.dockerjava.zerodep.shaded.org.apache.hc.client5.http.headers -- http-outgoing-1 >> Host: localhost:2375
09:45:54.921 [main] DEBUG com.github.dockerjava.zerodep.shaded.org.apache.hc.client5.http.headers -- http-outgoing-1 >> Connection: keep-alive
09:45:54.921 [main] DEBUG com.github.dockerjava.zerodep.shaded.org.apache.hc.client5.http.wire -- http-outgoing-1 >> "GET /v1.32/images/sha256:98a4acf36526b42162e80e32b36ba7e5cd93e15cb0f2ca510d6fc3fe655edf92/json HTTP/1.1[\r][\n]"
09:45:54.921 [main] DEBUG com.github.dockerjava.zerodep.shaded.org.apache.hc.client5.http.wire -- http-outgoing-1 >> "accept: application/json[\r][\n]"
09:45:54.921 [main] DEBUG com.github.dockerjava.zerodep.shaded.org.apache.hc.client5.http.wire -- http-outgoing-1 >> "x-tc-sid: bfc2ed12-23ce-401f-a1df-f57c73ebd58a[\r][\n]"
09:45:54.921 [main] DEBUG com.github.dockerjava.zerodep.shaded.org.apache.hc.client5.http.wire -- http-outgoing-1 >> "User-Agent: tc-java/1.19.3[\r][\n]"
09:45:54.921 [main] DEBUG com.github.dockerjava.zerodep.shaded.org.apache.hc.client5.http.wire -- http-outgoing-1 >> "Accept-Encoding: gzip, x-gzip, deflate[\r][\n]"
09:45:54.921 [main] DEBUG com.github.dockerjava.zerodep.shaded.org.apache.hc.client5.http.wire -- http-outgoing-1 >> "Host: localhost:2375[\r][\n]"
09:45:54.921 [main] DEBUG com.github.dockerjava.zerodep.shaded.org.apache.hc.client5.http.wire -- http-outgoing-1 >> "Connection: keep-alive[\r][\n]"
09:45:54.921 [main] DEBUG com.github.dockerjava.zerodep.shaded.org.apache.hc.client5.http.wire -- http-outgoing-1 >> "[\r][\n]"
09:45:54.937 [main] DEBUG com.github.dockerjava.zerodep.shaded.org.apache.hc.client5.http.wire -- http-outgoing-1 << "HTTP/1.1 200 OK[\r][\n]"
09:45:54.937 [main] DEBUG com.github.dockerjava.zerodep.shaded.org.apache.hc.client5.http.wire -- http-outgoing-1 << "Api-Version: 1.47[\r][\n]"
09:45:54.937 [main] DEBUG com.github.dockerjava.zerodep.shaded.org.apache.hc.client5.http.wire -- http-outgoing-1 << "Content-Type: application/json[\r][\n]"
09:45:54.937 [main] DEBUG com.github.dockerjava.zerodep.shaded.org.apache.hc.client5.http.wire -- http-outgoing-1 << "Date: Fri, 02 May 2025 07:45:54 GMT[\r][\n]"
09:45:54.937 [main] DEBUG com.github.dockerjava.zerodep.shaded.org.apache.hc.client5.http.wire -- http-outgoing-1 << "Docker-Experimental: false[\r][\n]"
09:45:54.937 [main] DEBUG com.github.dockerjava.zerodep.shaded.org.apache.hc.client5.http.wire -- http-outgoing-1 << "Ostype: linux[\r][\n]"
09:45:54.937 [main] DEBUG com.github.dockerjava.zerodep.shaded.org.apache.hc.client5.http.wire -- http-outgoing-1 << "Server: Docker/27.5.1 (linux)[\r][\n]"
09:45:54.937 [main] DEBUG com.github.dockerjava.zerodep.shaded.org.apache.hc.client5.http.wire -- http-outgoing-1 << "Transfer-Encoding: chunked[\r][\n]"
09:45:54.937 [main] DEBUG com.github.dockerjava.zerodep.shaded.org.apache.hc.client5.http.wire -- http-outgoing-1 << "[\r][\n]"
09:45:54.937 [main] DEBUG com.github.dockerjava.zerodep.shaded.org.apache.hc.client5.http.headers -- http-outgoing-1 << HTTP/1.1 200 OK
09:45:54.937 [main] DEBUG com.github.dockerjava.zerodep.shaded.org.apache.hc.client5.http.headers -- http-outgoing-1 << Api-Version: 1.47
09:45:54.937 [main] DEBUG com.github.dockerjava.zerodep.shaded.org.apache.hc.client5.http.headers -- http-outgoing-1 << Content-Type: application/json
09:45:54.937 [main] DEBUG com.github.dockerjava.zerodep.shaded.org.apache.hc.client5.http.headers -- http-outgoing-1 << Date: Fri, 02 May 2025 07:45:54 GMT
09:45:54.937 [main] DEBUG com.github.dockerjava.zerodep.shaded.org.apache.hc.client5.http.headers -- http-outgoing-1 << Docker-Experimental: false
09:45:54.937 [main] DEBUG com.github.dockerjava.zerodep.shaded.org.apache.hc.client5.http.headers -- http-outgoing-1 << Ostype: linux
09:45:54.937 [main] DEBUG com.github.dockerjava.zerodep.shaded.org.apache.hc.client5.http.headers -- http-outgoing-1 << Server: Docker/27.5.1 (linux)
09:45:54.937 [main] DEBUG com.github.dockerjava.zerodep.shaded.org.apache.hc.client5.http.headers -- http-outgoing-1 << Transfer-Encoding: chunked
09:45:54.937 [main] DEBUG com.github.dockerjava.zerodep.shaded.org.apache.hc.client5.http.impl.classic.MainClientExec -- ex-00000010: connection can be kept alive for 3 MINUTES
09:45:54.938 [main] DEBUG com.github.dockerjava.zerodep.shaded.org.apache.hc.client5.http.wire -- http-outgoing-1 << "1008[\r][\n]"
09:45:54.938 [main] DEBUG com.github.dockerjava.zerodep.shaded.org.apache.hc.client5.http.wire -- http-outgoing-1 << "{"Id":"sha256:98a4acf36526b42162e80e32b36ba7e5cd93e15cb0f2ca510d6fc3fe655edf92","RepoTags":["selenium/standalone-chrome:4.20.0"],"RepoDigests":["selenium/standalone-chrome@sha256:98a4acf36526b42162e80e32b36ba7e5cd93e15cb0f2ca510d6fc3fe655edf92"],"Parent":"","Comment":"buildkit.dockerfile.v0","Created":"2024-05-05T16:13:12.316890032Z","ContainerConfig":{"Hostname":"","Domainname":"","User":"","AttachStdin":false,"AttachStdout":false,"AttachStderr":false,"Tty":false,"OpenStdin":false,"StdinOnce":false,"Env":null,"Cmd":null,"Image":"","Volumes":null,"WorkingDir":"","Entrypoint":null,"OnBuild":null,"Labels":null},"DockerVersion":"27.5.1","Author":"","Config":{"Hostname":"","Domainname":"","User":"1200","AttachStdin":false,"AttachStdout":false,"AttachStderr":false,"ExposedPorts":{"4444/tcp":{},"5900/tcp":{}},"Tty":false,"OpenStdin":false,"StdinOnce":false,"Env":["PATH=/usr/local/sbin:/usr/local/bin:/usr/sbin:/usr/bin:/sbin:/bin","DEBIAN_FRONTEND=noninteractive","DEBCONF_NONINTERACTIVE_SEEN=true","SEL_USER=seluser","SEL_UID=1200","SEL_GID=1201","HOME=/home/seluser","TZ=UTC","SEL_DOWNLOAD_DIR=/Downloads","SE_BIND_HOST=false","SE_REJECT_UNSUPPORTED_CAPS=false","SE_OTEL_JAVA_GLOBAL_AUTOCONFIGURE_ENABLED=true","SE_OTEL_TRACES_EXPORTER=otlp","LANG_WHICH=en","LANG_WHERE=US","ENCODING=UTF-8","LANGUAGE=en_US.UTF-8","LANG=","SE_ENABLE_BROWSER_LEFTOVERS_CLEANUP=false","SE_BROWSER_LEFTOVERS_INTERVAL_SECS=3600","SE_BROWSER_LEFTOVERS_PROCESSES_SECS=7200","SE_BROWSER_LEFTOVERS_TEMPFILES_DAYS=1","SE_DRAIN_AFTER_SESSION_COUNT=0","SE_NODE_MAX_SESSIONS=1","SE_NODE_SESSION_TIMEOUT=300","SE_NODE_OVERRIDE_MAX_SESSIONS=false","SE_NODE_HEARTBEAT_PERIOD=30","SE_OTEL_SERVICE_NAME=selenium-standalone","SE_OFFLINE=true","SE_SCREEN_WIDTH=1360","SE_SCREEN_HEIGHT=1020","SE_SCREEN_DEPTH=24","SE_SCREEN_DPI=96","SE_START_XVFB=true","SE_START_VNC=true","SE_START_NO_VNC=true","SE_NO_VNC_PORT=7900","SE_VNC_PORT=5900","DISPLAY=:99.0","DISPLAY_NUM=99","CONFIG_FILE=/opt/selenium/config.toml","GENERATE_CONFIG=true","DBUS_SESSION_BUS_ADDRESS=/dev/null","SE_SESSION_REQUEST_TIMEOUT=300","SE_SESSION_RETRY_INTERVAL=15","SE_HEALTHCHECK_INTERVAL=120","SE_RELAX_CHECKS=true"],"Cmd":["/opt/bin/entry_point.sh"],"ArgsEscaped":true,"Image":"","Volumes":null,"WorkingDir":"","Entrypoint":null,"OnBuild":null,"Labels":{"authors":"","org.opencontainers.image.ref.name":"ubuntu","org.opencontainers.image.version":"22.04"}},"Architecture":"amd64","Os":"linux","Size":486731910,"VirtualSize":486731910,"GraphDriver":{"Data":null,"Name":"overlayfs"},"RootFS":{"Type":"layers","Layers":["sha256:629ca62fb7c791374ce57626d6b8b62c76378be091a0daf1a60d32700b49add7","sha256:a25242d5070a760747f23e99a8c86546066dda565543af51976443ed9ec793cf","sha256:8b3b521e4c157f2233c7fe04fa5565dd696379d9a23a07af6ec3aa35f9653ae0","sha256:ca3542aa1d5ba3542b4eea19f2f9e2507fa5dad0e6c53f82048dbddba5fcebee","sha256:e20b882a1af372bda62a35e1f8dad857fa3ff1046966502299ea306de717aec4","sha256:e79f0fc9542f8195579e9673964e7767fae95d4051a40c0d39c5138a60c9b2b0","sha256:9e15a6ed5565a3a1c78289a0699684db5f7e574ed1c18a1d2f6401d926352190","sha256:26fc035b79c9c0cdeed70556055cfb5a85ce02ec3d52f0b6b01256917943780e","sha256:16941824af824f10499f517fc3e992d9d22f02d9be03035b96277e9f468f337e","sha256:0dc5b6d291cd7a9cc456f38d1c959a7636ab8f6464df3ae6e00b0b134b69dc2a","sha256:274c90e5be014fca102f5762f477211ab485db199dbe02c9f009a7237000b9d3","sha256:76859307447b2fdfe5848c864d9832d42d3bd74bd343482650747d6eebbfb6e6","sha256:a3780efe0f3097328f4efa1fcdf0da2b73538d630f3020282dea6fda13264d96","sha256:ece5443c2fa8b1a60bf3de857c5e8c0f97298c23794a603dd3c14072f49334f2","sha256:b65512a72b111f35daeed09292cb9b37f206c8341f76e06d3b402ac7bf6d5837","sha256:ea39e5fb7be218aea5cd80ec2066a0f7e5480bfaa515061d46cc45d0f067790b","sha256:662334cc38d52b187b451460ab405d1f2539019458ea224bdbfa014b6feb4e31","sha256:90cf5d8b7fd5f45f5805158b8e7d72231f6c89a3b2a4dc8e72fae205e832abc7","sha256:5e95dc8e9d3019cc4694fe1b8082b9b96c4ecaf3e9a916491fea624734743cdb","sha256:76cb11ac99c4123765ca714e247f6f87b4f32543bfff51d6efb8b5564b256574"]},"Metadata":{"LastTagTime":"2025-05-01T17:44:01.461349581Z"}}[\n]"
09:45:54.938 [main] DEBUG com.github.dockerjava.zerodep.shaded.org.apache.hc.client5.http.wire -- http-outgoing-1 << "[\r][\n]"
09:45:54.938 [main] DEBUG com.github.dockerjava.zerodep.shaded.org.apache.hc.client5.http.wire -- http-outgoing-1 << "0[\r][\n]"
09:45:54.938 [main] DEBUG com.github.dockerjava.zerodep.shaded.org.apache.hc.client5.http.wire -- http-outgoing-1 << "[\r][\n]"
09:45:54.939 [main] DEBUG com.github.dockerjava.zerodep.shaded.org.apache.hc.client5.http.impl.classic.InternalHttpClient -- ep-0000000F: releasing valid endpoint
09:45:54.939 [main] DEBUG com.github.dockerjava.zerodep.shaded.org.apache.hc.client5.http.impl.io.PoolingHttpClientConnectionManager -- ep-0000000F: releasing endpoint
09:45:54.939 [main] DEBUG com.github.dockerjava.zerodep.shaded.org.apache.hc.client5.http.impl.io.PoolingHttpClientConnectionManager -- ep-0000000F: connection http-outgoing-1 can be kept alive for 3 MINUTES
09:45:54.939 [main] DEBUG com.github.dockerjava.zerodep.shaded.org.apache.hc.client5.http.impl.io.PoolingHttpClientConnectionManager -- ep-0000000F: connection released [route: {}->npipe://localhost:2375][total available: 1; route allocated: 1 of 2147483647; total allocated: 1 of 2147483647]
09:45:54.940 [main] DEBUG org.testcontainers.shaded.com.github.dockerjava.core.command.AbstrDockerCmd -- Cmd: 
09:45:54.940 [main] DEBUG com.github.dockerjava.zerodep.shaded.org.apache.hc.client5.http.impl.classic.InternalHttpClient -- ex-00000011: preparing request execution
09:45:54.940 [main] DEBUG com.github.dockerjava.zerodep.shaded.org.apache.hc.client5.http.protocol.RequestAddCookies -- Cookie spec selected: strict
09:45:54.940 [main] DEBUG com.github.dockerjava.zerodep.shaded.org.apache.hc.client5.http.protocol.RequestAuthCache -- Auth cache not set in the context
09:45:54.941 [main] DEBUG com.github.dockerjava.zerodep.shaded.org.apache.hc.client5.http.impl.classic.ProtocolExec -- ex-00000011: target auth state: UNCHALLENGED
09:45:54.941 [main] DEBUG com.github.dockerjava.zerodep.shaded.org.apache.hc.client5.http.impl.classic.ProtocolExec -- ex-00000011: proxy auth state: UNCHALLENGED
09:45:54.941 [main] DEBUG com.github.dockerjava.zerodep.shaded.org.apache.hc.client5.http.impl.classic.ConnectExec -- ex-00000011: acquiring connection with route {}->npipe://localhost:2375
09:45:54.941 [main] DEBUG com.github.dockerjava.zerodep.shaded.org.apache.hc.client5.http.impl.classic.InternalHttpClient -- ex-00000011: acquiring endpoint (3 MINUTES)
09:45:54.941 [main] DEBUG com.github.dockerjava.zerodep.shaded.org.apache.hc.client5.http.impl.io.PoolingHttpClientConnectionManager -- ex-00000011: endpoint lease request (3 MINUTES) [route: {}->npipe://localhost:2375][total available: 1; route allocated: 1 of 2147483647; total allocated: 1 of 2147483647]
09:45:54.941 [main] DEBUG com.github.dockerjava.zerodep.shaded.org.apache.hc.client5.http.impl.io.PoolingHttpClientConnectionManager -- ex-00000011: endpoint leased [route: {}->npipe://localhost:2375][total available: 0; route allocated: 1 of 2147483647; total allocated: 1 of 2147483647]
09:45:54.941 [main] DEBUG com.github.dockerjava.zerodep.shaded.org.apache.hc.client5.http.impl.io.PoolingHttpClientConnectionManager -- ex-00000011: acquired ep-00000010
09:45:54.941 [main] DEBUG com.github.dockerjava.zerodep.shaded.org.apache.hc.client5.http.impl.classic.InternalHttpClient -- ex-00000011: acquired endpoint ep-00000010
09:45:54.941 [main] DEBUG com.github.dockerjava.zerodep.shaded.org.apache.hc.client5.http.impl.classic.MainClientExec -- ex-00000011: executing GET /v1.32/version HTTP/1.1
09:45:54.941 [main] DEBUG com.github.dockerjava.zerodep.shaded.org.apache.hc.client5.http.impl.classic.InternalHttpClient -- ep-00000010: start execution ex-00000011
09:45:54.941 [main] DEBUG com.github.dockerjava.zerodep.shaded.org.apache.hc.client5.http.impl.io.PoolingHttpClientConnectionManager -- ep-00000010: executing exchange ex-00000011 over http-outgoing-1
09:45:54.941 [main] DEBUG com.github.dockerjava.zerodep.shaded.org.apache.hc.client5.http.headers -- http-outgoing-1 >> GET /v1.32/version HTTP/1.1
09:45:54.941 [main] DEBUG com.github.dockerjava.zerodep.shaded.org.apache.hc.client5.http.headers -- http-outgoing-1 >> accept: application/json
09:45:54.941 [main] DEBUG com.github.dockerjava.zerodep.shaded.org.apache.hc.client5.http.headers -- http-outgoing-1 >> x-tc-sid: bfc2ed12-23ce-401f-a1df-f57c73ebd58a
09:45:54.941 [main] DEBUG com.github.dockerjava.zerodep.shaded.org.apache.hc.client5.http.headers -- http-outgoing-1 >> User-Agent: tc-java/1.19.3
09:45:54.941 [main] DEBUG com.github.dockerjava.zerodep.shaded.org.apache.hc.client5.http.headers -- http-outgoing-1 >> Accept-Encoding: gzip, x-gzip, deflate
09:45:54.941 [main] DEBUG com.github.dockerjava.zerodep.shaded.org.apache.hc.client5.http.headers -- http-outgoing-1 >> Host: localhost:2375
09:45:54.941 [main] DEBUG com.github.dockerjava.zerodep.shaded.org.apache.hc.client5.http.headers -- http-outgoing-1 >> Connection: keep-alive
09:45:54.941 [main] DEBUG com.github.dockerjava.zerodep.shaded.org.apache.hc.client5.http.wire -- http-outgoing-1 >> "GET /v1.32/version HTTP/1.1[\r][\n]"
09:45:54.941 [main] DEBUG com.github.dockerjava.zerodep.shaded.org.apache.hc.client5.http.wire -- http-outgoing-1 >> "accept: application/json[\r][\n]"
09:45:54.941 [main] DEBUG com.github.dockerjava.zerodep.shaded.org.apache.hc.client5.http.wire -- http-outgoing-1 >> "x-tc-sid: bfc2ed12-23ce-401f-a1df-f57c73ebd58a[\r][\n]"
09:45:54.941 [main] DEBUG com.github.dockerjava.zerodep.shaded.org.apache.hc.client5.http.wire -- http-outgoing-1 >> "User-Agent: tc-java/1.19.3[\r][\n]"
09:45:54.941 [main] DEBUG com.github.dockerjava.zerodep.shaded.org.apache.hc.client5.http.wire -- http-outgoing-1 >> "Accept-Encoding: gzip, x-gzip, deflate[\r][\n]"
09:45:54.941 [main] DEBUG com.github.dockerjava.zerodep.shaded.org.apache.hc.client5.http.wire -- http-outgoing-1 >> "Host: localhost:2375[\r][\n]"
09:45:54.941 [main] DEBUG com.github.dockerjava.zerodep.shaded.org.apache.hc.client5.http.wire -- http-outgoing-1 >> "Connection: keep-alive[\r][\n]"
09:45:54.941 [main] DEBUG com.github.dockerjava.zerodep.shaded.org.apache.hc.client5.http.wire -- http-outgoing-1 >> "[\r][\n]"
09:45:54.963 [main] DEBUG com.github.dockerjava.zerodep.shaded.org.apache.hc.client5.http.wire -- http-outgoing-1 << "HTTP/1.1 200 OK[\r][\n]"
09:45:54.963 [main] DEBUG com.github.dockerjava.zerodep.shaded.org.apache.hc.client5.http.wire -- http-outgoing-1 << "Api-Version: 1.47[\r][\n]"
09:45:54.963 [main] DEBUG com.github.dockerjava.zerodep.shaded.org.apache.hc.client5.http.wire -- http-outgoing-1 << "Content-Type: application/json[\r][\n]"
09:45:54.963 [main] DEBUG com.github.dockerjava.zerodep.shaded.org.apache.hc.client5.http.wire -- http-outgoing-1 << "Date: Fri, 02 May 2025 07:45:54 GMT[\r][\n]"
09:45:54.963 [main] DEBUG com.github.dockerjava.zerodep.shaded.org.apache.hc.client5.http.wire -- http-outgoing-1 << "Docker-Experimental: false[\r][\n]"
09:45:54.963 [main] DEBUG com.github.dockerjava.zerodep.shaded.org.apache.hc.client5.http.wire -- http-outgoing-1 << "Ostype: linux[\r][\n]"
09:45:54.963 [main] DEBUG com.github.dockerjava.zerodep.shaded.org.apache.hc.client5.http.wire -- http-outgoing-1 << "Server: Docker/27.5.1 (linux)[\r][\n]"
09:45:54.963 [main] DEBUG com.github.dockerjava.zerodep.shaded.org.apache.hc.client5.http.wire -- http-outgoing-1 << "Transfer-Encoding: chunked[\r][\n]"
09:45:54.963 [main] DEBUG com.github.dockerjava.zerodep.shaded.org.apache.hc.client5.http.wire -- http-outgoing-1 << "[\r][\n]"
09:45:54.963 [main] DEBUG com.github.dockerjava.zerodep.shaded.org.apache.hc.client5.http.headers -- http-outgoing-1 << HTTP/1.1 200 OK
09:45:54.963 [main] DEBUG com.github.dockerjava.zerodep.shaded.org.apache.hc.client5.http.headers -- http-outgoing-1 << Api-Version: 1.47
09:45:54.963 [main] DEBUG com.github.dockerjava.zerodep.shaded.org.apache.hc.client5.http.headers -- http-outgoing-1 << Content-Type: application/json
09:45:54.963 [main] DEBUG com.github.dockerjava.zerodep.shaded.org.apache.hc.client5.http.headers -- http-outgoing-1 << Date: Fri, 02 May 2025 07:45:54 GMT
09:45:54.963 [main] DEBUG com.github.dockerjava.zerodep.shaded.org.apache.hc.client5.http.headers -- http-outgoing-1 << Docker-Experimental: false
09:45:54.963 [main] DEBUG com.github.dockerjava.zerodep.shaded.org.apache.hc.client5.http.headers -- http-outgoing-1 << Ostype: linux
09:45:54.963 [main] DEBUG com.github.dockerjava.zerodep.shaded.org.apache.hc.client5.http.headers -- http-outgoing-1 << Server: Docker/27.5.1 (linux)
09:45:54.964 [main] DEBUG com.github.dockerjava.zerodep.shaded.org.apache.hc.client5.http.headers -- http-outgoing-1 << Transfer-Encoding: chunked
09:45:54.964 [main] DEBUG com.github.dockerjava.zerodep.shaded.org.apache.hc.client5.http.impl.classic.MainClientExec -- ex-00000011: connection can be kept alive for 3 MINUTES
09:45:54.964 [main] DEBUG com.github.dockerjava.zerodep.shaded.org.apache.hc.client5.http.wire -- http-outgoing-1 << "362[\r][\n]"
09:45:54.964 [main] DEBUG com.github.dockerjava.zerodep.shaded.org.apache.hc.client5.http.wire -- http-outgoing-1 << "{"Platform":{"Name":"Docker Desktop 4.38.0 (181591)"},"Components":[{"Name":"Engine","Version":"27.5.1","Details":{"ApiVersion":"1.47","Arch":"amd64","BuildTime":"2025-01-22T13:41:17.000000000+00:00","Experimental":"false","GitCommit":"4c9b3b0","GoVersion":"go1.22.11","KernelVersion":"5.15.167.4-microsoft-standard-WSL2","MinAPIVersion":"1.24","Os":"linux"}},{"Name":"containerd","Version":"1.7.25","Details":{"GitCommit":"bcc810d6b9066471b0b6fa75f557a15a1cbf31bb"}},{"Name":"runc","Version":"1.1.12","Details":{"GitCommit":"v1.1.12-0-g51d5e946"}},{"Name":"docker-init","Version":"0.19.0","Details":{"GitCommit":"de40ad0"}}],"Version":"27.5.1","ApiVersion":"1.47","MinAPIVersion":"1.24","GitCommit":"4c9b3b0","GoVersion":"go1.22.11","Os":"linux","Arch":"amd64","KernelVersion":"5.15.167.4-microsoft-standard-WSL2","BuildTime":"2025-01-22T13:41:17.000000000+00:00"}[\n]"
09:45:54.964 [main] DEBUG com.github.dockerjava.zerodep.shaded.org.apache.hc.client5.http.wire -- http-outgoing-1 << "[\r][\n]"
09:45:54.966 [main] DEBUG com.github.dockerjava.zerodep.shaded.org.apache.hc.client5.http.wire -- http-outgoing-1 << "0[\r][\n]"
09:45:54.966 [main] DEBUG com.github.dockerjava.zerodep.shaded.org.apache.hc.client5.http.wire -- http-outgoing-1 << "[\r][\n]"
09:45:54.966 [main] DEBUG com.github.dockerjava.zerodep.shaded.org.apache.hc.client5.http.impl.classic.InternalHttpClient -- ep-00000010: releasing valid endpoint
09:45:54.966 [main] DEBUG com.github.dockerjava.zerodep.shaded.org.apache.hc.client5.http.impl.io.PoolingHttpClientConnectionManager -- ep-00000010: releasing endpoint
09:45:54.966 [main] DEBUG com.github.dockerjava.zerodep.shaded.org.apache.hc.client5.http.impl.io.PoolingHttpClientConnectionManager -- ep-00000010: connection http-outgoing-1 can be kept alive for 3 MINUTES
09:45:54.966 [main] DEBUG com.github.dockerjava.zerodep.shaded.org.apache.hc.client5.http.impl.io.PoolingHttpClientConnectionManager -- ep-00000010: connection released [route: {}->npipe://localhost:2375][total available: 1; route allocated: 1 of 2147483647; total allocated: 1 of 2147483647]
09:45:54.971 [docker-java-stream--574984962] DEBUG com.github.dockerjava.zerodep.shaded.org.apache.hc.client5.http.impl.classic.InternalHttpClient -- ex-00000012: preparing request execution
09:45:54.972 [docker-java-stream--574984962] DEBUG com.github.dockerjava.zerodep.shaded.org.apache.hc.client5.http.protocol.RequestAddCookies -- Cookie spec selected: strict
09:45:54.972 [docker-java-stream--574984962] DEBUG com.github.dockerjava.zerodep.shaded.org.apache.hc.client5.http.protocol.RequestAuthCache -- Auth cache not set in the context
09:45:54.973 [docker-java-stream--574984962] DEBUG com.github.dockerjava.zerodep.shaded.org.apache.hc.client5.http.impl.classic.ProtocolExec -- ex-00000012: target auth state: UNCHALLENGED
09:45:54.973 [docker-java-stream--574984962] DEBUG com.github.dockerjava.zerodep.shaded.org.apache.hc.client5.http.impl.classic.ProtocolExec -- ex-00000012: proxy auth state: UNCHALLENGED
09:45:54.973 [docker-java-stream--574984962] DEBUG com.github.dockerjava.zerodep.shaded.org.apache.hc.client5.http.impl.classic.ConnectExec -- ex-00000012: acquiring connection with route {}->npipe://localhost:2375
09:45:54.973 [docker-java-stream--574984962] DEBUG com.github.dockerjava.zerodep.shaded.org.apache.hc.client5.http.impl.classic.InternalHttpClient -- ex-00000012: acquiring endpoint (3 MINUTES)
09:45:54.973 [docker-java-stream--574984962] DEBUG com.github.dockerjava.zerodep.shaded.org.apache.hc.client5.http.impl.io.PoolingHttpClientConnectionManager -- ex-00000012: endpoint lease request (3 MINUTES) [route: {}->npipe://localhost:2375][total available: 1; route allocated: 1 of 2147483647; total allocated: 1 of 2147483647]
09:45:54.973 [docker-java-stream--574984962] DEBUG com.github.dockerjava.zerodep.shaded.org.apache.hc.client5.http.impl.io.PoolingHttpClientConnectionManager -- ex-00000012: endpoint leased [route: {}->npipe://localhost:2375][total available: 0; route allocated: 1 of 2147483647; total allocated: 1 of 2147483647]
09:45:54.973 [docker-java-stream--574984962] DEBUG com.github.dockerjava.zerodep.shaded.org.apache.hc.client5.http.impl.io.PoolingHttpClientConnectionManager -- ex-00000012: acquired ep-00000011
09:45:54.973 [docker-java-stream--574984962] DEBUG com.github.dockerjava.zerodep.shaded.org.apache.hc.client5.http.impl.classic.InternalHttpClient -- ex-00000012: acquired endpoint ep-00000011
09:45:54.975 [docker-java-stream--574984962] DEBUG com.github.dockerjava.zerodep.shaded.org.apache.hc.client5.http.impl.classic.MainClientExec -- ex-00000012: executing GET /v1.32/containers/24142d801f7361732eafc1b45b9f4f07b8ea5bcf8bb59ea6ef508f83b3b4fc02/logs?stdout=true&stderr=true&follow=true&since=0 HTTP/1.1
09:45:54.975 [docker-java-stream--574984962] DEBUG com.github.dockerjava.zerodep.shaded.org.apache.hc.client5.http.impl.classic.InternalHttpClient -- ep-00000011: start execution ex-00000012
09:45:54.975 [docker-java-stream--574984962] DEBUG com.github.dockerjava.zerodep.shaded.org.apache.hc.client5.http.impl.io.PoolingHttpClientConnectionManager -- ep-00000011: executing exchange ex-00000012 over http-outgoing-1
09:45:54.977 [docker-java-stream--574984962] DEBUG com.github.dockerjava.zerodep.shaded.org.apache.hc.client5.http.headers -- http-outgoing-1 >> GET /v1.32/containers/24142d801f7361732eafc1b45b9f4f07b8ea5bcf8bb59ea6ef508f83b3b4fc02/logs?stdout=true&stderr=true&follow=true&since=0 HTTP/1.1
09:45:54.978 [docker-java-stream--574984962] DEBUG com.github.dockerjava.zerodep.shaded.org.apache.hc.client5.http.headers -- http-outgoing-1 >> x-tc-sid: bfc2ed12-23ce-401f-a1df-f57c73ebd58a
09:45:54.978 [docker-java-stream--574984962] DEBUG com.github.dockerjava.zerodep.shaded.org.apache.hc.client5.http.headers -- http-outgoing-1 >> User-Agent: tc-java/1.19.3
09:45:54.978 [docker-java-stream--574984962] DEBUG com.github.dockerjava.zerodep.shaded.org.apache.hc.client5.http.headers -- http-outgoing-1 >> Accept-Encoding: gzip, x-gzip, deflate
09:45:54.978 [docker-java-stream--574984962] DEBUG com.github.dockerjava.zerodep.shaded.org.apache.hc.client5.http.headers -- http-outgoing-1 >> Host: localhost:2375
09:45:54.978 [docker-java-stream--574984962] DEBUG com.github.dockerjava.zerodep.shaded.org.apache.hc.client5.http.headers -- http-outgoing-1 >> Connection: keep-alive
09:45:54.978 [docker-java-stream--574984962] DEBUG com.github.dockerjava.zerodep.shaded.org.apache.hc.client5.http.wire -- http-outgoing-1 >> "GET /v1.32/containers/24142d801f7361732eafc1b45b9f4f07b8ea5bcf8bb59ea6ef508f83b3b4fc02/logs?stdout=true&stderr=true&follow=true&since=0 HTTP/1.1[\r][\n]"
09:45:54.978 [docker-java-stream--574984962] DEBUG com.github.dockerjava.zerodep.shaded.org.apache.hc.client5.http.wire -- http-outgoing-1 >> "x-tc-sid: bfc2ed12-23ce-401f-a1df-f57c73ebd58a[\r][\n]"
09:45:54.978 [docker-java-stream--574984962] DEBUG com.github.dockerjava.zerodep.shaded.org.apache.hc.client5.http.wire -- http-outgoing-1 >> "User-Agent: tc-java/1.19.3[\r][\n]"
09:45:54.978 [docker-java-stream--574984962] DEBUG com.github.dockerjava.zerodep.shaded.org.apache.hc.client5.http.wire -- http-outgoing-1 >> "Accept-Encoding: gzip, x-gzip, deflate[\r][\n]"
09:45:54.978 [docker-java-stream--574984962] DEBUG com.github.dockerjava.zerodep.shaded.org.apache.hc.client5.http.wire -- http-outgoing-1 >> "Host: localhost:2375[\r][\n]"
09:45:54.978 [docker-java-stream--574984962] DEBUG com.github.dockerjava.zerodep.shaded.org.apache.hc.client5.http.wire -- http-outgoing-1 >> "Connection: keep-alive[\r][\n]"
09:45:54.978 [docker-java-stream--574984962] DEBUG com.github.dockerjava.zerodep.shaded.org.apache.hc.client5.http.wire -- http-outgoing-1 >> "[\r][\n]"
09:45:54.984 [docker-java-stream--574984962] DEBUG com.github.dockerjava.zerodep.shaded.org.apache.hc.client5.http.wire -- http-outgoing-1 << "HTTP/1.1 200 OK[\r][\n]"
09:45:54.984 [docker-java-stream--574984962] DEBUG com.github.dockerjava.zerodep.shaded.org.apache.hc.client5.http.wire -- http-outgoing-1 << "Api-Version: 1.47[\r][\n]"
09:45:54.984 [docker-java-stream--574984962] DEBUG com.github.dockerjava.zerodep.shaded.org.apache.hc.client5.http.wire -- http-outgoing-1 << "Content-Type: application/vnd.docker.raw-stream[\r][\n]"
09:45:54.984 [docker-java-stream--574984962] DEBUG com.github.dockerjava.zerodep.shaded.org.apache.hc.client5.http.wire -- http-outgoing-1 << "Date: Fri, 02 May 2025 07:45:54 GMT[\r][\n]"
09:45:54.984 [docker-java-stream--574984962] DEBUG com.github.dockerjava.zerodep.shaded.org.apache.hc.client5.http.wire -- http-outgoing-1 << "Docker-Experimental: false[\r][\n]"
09:45:54.984 [docker-java-stream--574984962] DEBUG com.github.dockerjava.zerodep.shaded.org.apache.hc.client5.http.wire -- http-outgoing-1 << "Ostype: linux[\r][\n]"
09:45:54.984 [docker-java-stream--574984962] DEBUG com.github.dockerjava.zerodep.shaded.org.apache.hc.client5.http.wire -- http-outgoing-1 << "Server: Docker/27.5.1 (linux)[\r][\n]"
09:45:54.984 [docker-java-stream--574984962] DEBUG com.github.dockerjava.zerodep.shaded.org.apache.hc.client5.http.wire -- http-outgoing-1 << "Transfer-Encoding: chunked[\r][\n]"
09:45:54.984 [docker-java-stream--574984962] DEBUG com.github.dockerjava.zerodep.shaded.org.apache.hc.client5.http.wire -- http-outgoing-1 << "[\r][\n]"
09:45:54.984 [docker-java-stream--574984962] DEBUG com.github.dockerjava.zerodep.shaded.org.apache.hc.client5.http.headers -- http-outgoing-1 << HTTP/1.1 200 OK
09:45:54.985 [docker-java-stream--574984962] DEBUG com.github.dockerjava.zerodep.shaded.org.apache.hc.client5.http.headers -- http-outgoing-1 << Api-Version: 1.47
09:45:54.985 [docker-java-stream--574984962] DEBUG com.github.dockerjava.zerodep.shaded.org.apache.hc.client5.http.headers -- http-outgoing-1 << Content-Type: application/vnd.docker.raw-stream
09:45:54.985 [docker-java-stream--574984962] DEBUG com.github.dockerjava.zerodep.shaded.org.apache.hc.client5.http.headers -- http-outgoing-1 << Date: Fri, 02 May 2025 07:45:54 GMT
09:45:54.985 [docker-java-stream--574984962] DEBUG com.github.dockerjava.zerodep.shaded.org.apache.hc.client5.http.headers -- http-outgoing-1 << Docker-Experimental: false
09:45:54.985 [docker-java-stream--574984962] DEBUG com.github.dockerjava.zerodep.shaded.org.apache.hc.client5.http.headers -- http-outgoing-1 << Ostype: linux
09:45:54.985 [docker-java-stream--574984962] DEBUG com.github.dockerjava.zerodep.shaded.org.apache.hc.client5.http.headers -- http-outgoing-1 << Server: Docker/27.5.1 (linux)
09:45:54.985 [docker-java-stream--574984962] DEBUG com.github.dockerjava.zerodep.shaded.org.apache.hc.client5.http.headers -- http-outgoing-1 << Transfer-Encoding: chunked
09:45:54.985 [docker-java-stream--574984962] DEBUG com.github.dockerjava.zerodep.shaded.org.apache.hc.client5.http.impl.classic.MainClientExec -- ex-00000012: connection can be kept alive for 3 MINUTES
09:45:55.603 [docker-java-stream--574984962] DEBUG com.github.dockerjava.zerodep.shaded.org.apache.hc.client5.http.wire -- http-outgoing-1 << "e4[\r][\n]"
09:45:55.604 [docker-java-stream--574984962] DEBUG com.github.dockerjava.zerodep.shaded.org.apache.hc.client5.http.wire -- http-outgoing-1 << "[0x1][0x0][0x0][0x0][0x0][0x0][0x0]m2025-05-02 09:45:55,570 INFO Included extra file "/etc/supervisor/conf.d/chrome-cleanup.conf" during parsing[\n]"
09:45:55.604 [docker-java-stream--574984962] DEBUG com.github.dockerjava.zerodep.shaded.org.apache.hc.client5.http.wire -- http-outgoing-1 << "[0x1][0x0][0x0][0x0][0x0][0x0][0x0]g2025-05-02 09:45:55,570 INFO Included extra file "/etc/supervisor/conf.d/selenium.conf" during parsing[\n]"
09:45:55.604 [docker-java-stream--574984962] DEBUG com.github.dockerjava.zerodep.shaded.org.apache.hc.client5.http.wire -- http-outgoing-1 << "[\r][\n]"
09:45:55.605 [docker-java-stream--574984962] DEBUG com.github.dockerjava.zerodep.shaded.org.apache.hc.client5.http.wire -- http-outgoing-1 << "100[\r][\n]"
09:45:55.605 [docker-java-stream--574984962] DEBUG com.github.dockerjava.zerodep.shaded.org.apache.hc.client5.http.wire -- http-outgoing-1 << "[0x1][0x0][0x0][0x0][0x0][0x0][0x0]D2025-05-02 09:45:55,585 INFO RPC interface 'supervisor' initialized[\n]"
09:45:55.605 [docker-java-stream--574984962] DEBUG com.github.dockerjava.zerodep.shaded.org.apache.hc.client5.http.wire -- http-outgoing-1 << "[0x1][0x0][0x0][0x0][0x0][0x0][0x0]h2025-05-02 09:45:55,585 CRIT Server 'unix_http_server' running without any HTTP authentication checking[\n]"
09:45:55.605 [docker-java-stream--574984962] DEBUG com.github.dockerjava.zerodep.shaded.org.apache.hc.client5.http.wire -- http-outgoing-1 << "[0x1][0x0][0x0][0x0][0x0][0x0][0x0]<2025-05-02 09:45:55,587 INFO supervisord started with pid 8[\n]"
09:45:55.605 [docker-java-stream--574984962] DEBUG com.github.dockerjava.zerodep.shaded.org.apache.hc.client5.http.wire -- http-outgoing-1 << "[\r][\n]"
09:45:55.619 [ducttape-0] DEBUG org.testcontainers.containers.output.WaitingConsumer -- STDOUT: 2025-05-02 09:45:55,587 INFO supervisord started with pid 8
09:45:55.628 [ducttape-0] DEBUG org.testcontainers.containers.output.WaitingConsumer -- STDOUT: 2025-05-02 09:45:55,585 CRIT Server 'unix_http_server' running without any HTTP authentication checking
09:45:55.629 [ducttape-0] DEBUG org.testcontainers.containers.output.WaitingConsumer -- STDOUT: 2025-05-02 09:45:55,585 INFO RPC interface 'supervisor' initialized
09:45:55.630 [ducttape-0] DEBUG org.testcontainers.containers.output.WaitingConsumer -- STDOUT: 2025-05-02 09:45:55,570 INFO Included extra file "/etc/supervisor/conf.d/selenium.conf" during parsing
09:45:55.630 [ducttape-0] DEBUG org.testcontainers.containers.output.WaitingConsumer -- STDOUT: 2025-05-02 09:45:55,570 INFO Included extra file "/etc/supervisor/conf.d/chrome-cleanup.conf" during parsing
09:45:56.599 [docker-java-stream--574984962] DEBUG com.github.dockerjava.zerodep.shaded.org.apache.hc.client5.http.wire -- http-outgoing-1 << "80[\r][\n]"
09:45:56.600 [docker-java-stream--574984962] DEBUG com.github.dockerjava.zerodep.shaded.org.apache.hc.client5.http.wire -- http-outgoing-1 << "[0x1][0x0][0x0][0x0][0x0][0x0][0x0]82025-05-02 09:45:56,592 INFO spawned: 'xvfb' with pid 9[\n]"
09:45:56.600 [docker-java-stream--574984962] DEBUG com.github.dockerjava.zerodep.shaded.org.apache.hc.client5.http.wire -- http-outgoing-1 << "[0x1][0x0][0x0][0x0][0x0][0x0][0x0]82025-05-02 09:45:56,596 INFO spawned: 'vnc' with pid 10[\n]"
09:45:56.600 [docker-java-stream--574984962] DEBUG com.github.dockerjava.zerodep.shaded.org.apache.hc.client5.http.wire -- http-outgoing-1 << "[\r][\n]"
09:45:56.603 [docker-java-stream--574984962] DEBUG com.github.dockerjava.zerodep.shaded.org.apache.hc.client5.http.wire -- http-outgoing-1 << "42[\r][\n]"
09:45:56.603 [docker-java-stream--574984962] DEBUG com.github.dockerjava.zerodep.shaded.org.apache.hc.client5.http.wire -- http-outgoing-1 << "[0x1][0x0][0x0][0x0][0x0][0x0][0x0]:2025-05-02 09:45:56,602 INFO spawned: 'novnc' with pid 11[\n]"
09:45:56.603 [docker-java-stream--574984962] DEBUG com.github.dockerjava.zerodep.shaded.org.apache.hc.client5.http.wire -- http-outgoing-1 << "[\r][\n]"
09:45:56.622 [ducttape-0] DEBUG org.testcontainers.containers.output.WaitingConsumer -- STDOUT: 2025-05-02 09:45:56,602 INFO spawned: 'novnc' with pid 11
09:45:56.625 [ducttape-0] DEBUG org.testcontainers.containers.output.WaitingConsumer -- STDOUT: 2025-05-02 09:45:56,596 INFO spawned: 'vnc' with pid 10
09:45:56.626 [ducttape-0] DEBUG org.testcontainers.containers.output.WaitingConsumer -- STDOUT: 2025-05-02 09:45:56,592 INFO spawned: 'xvfb' with pid 9
09:45:56.640 [docker-java-stream--574984962] DEBUG com.github.dockerjava.zerodep.shaded.org.apache.hc.client5.http.wire -- http-outgoing-1 << "d1[\r][\n]"
09:45:56.641 [docker-java-stream--574984962] DEBUG com.github.dockerjava.zerodep.shaded.org.apache.hc.client5.http.wire -- http-outgoing-1 << "[0x1][0x0][0x0][0x0][0x0][0x0][0x0]H2025-05-02 09:45:56,607 INFO spawned: 'selenium-standalone' with pid 16[\n]"
09:45:56.641 [docker-java-stream--574984962] DEBUG com.github.dockerjava.zerodep.shaded.org.apache.hc.client5.http.wire -- http-outgoing-1 << "[0x1][0x0][0x0][0x0][0x0][0x0][0x0]y2025-05-02 09:45:56,613 INFO success: xvfb entered RUNNING state, process has stayed up for > than 0 seconds (startsecs)[\n]"
09:45:56.641 [docker-java-stream--574984962] DEBUG com.github.dockerjava.zerodep.shaded.org.apache.hc.client5.http.wire -- http-outgoing-1 << "[\r][\n]"
09:45:56.641 [docker-java-stream--574984962] DEBUG com.github.dockerjava.zerodep.shaded.org.apache.hc.client5.http.wire -- http-outgoing-1 << "192[\r][\n]"
09:45:56.641 [docker-java-stream--574984962] DEBUG com.github.dockerjava.zerodep.shaded.org.apache.hc.client5.http.wire -- http-outgoing-1 << "[0x1][0x0][0x0][0x0][0x0][0x0][0x0]x2025-05-02 09:45:56,613 INFO success: vnc entered RUNNING state, process has stayed up for > than 0 seconds (startsecs)[\n]"
09:45:56.641 [docker-java-stream--574984962] DEBUG com.github.dockerjava.zerodep.shaded.org.apache.hc.client5.http.wire -- http-outgoing-1 << "[0x1][0x0][0x0][0x0][0x0][0x0][0x0]z2025-05-02 09:45:56,613 INFO success: novnc entered RUNNING state, process has stayed up for > than 0 seconds (startsecs)[\n]"
09:45:56.641 [docker-java-stream--574984962] DEBUG com.github.dockerjava.zerodep.shaded.org.apache.hc.client5.http.wire -- http-outgoing-1 << "[0x1][0x0][0x0][0x0][0x0][0x0][0x0][0xffffff88]2025-05-02 09:45:56,613 INFO success: selenium-standalone entered RUNNING state, process has stayed up for > than 0 seconds (startsecs)[\n]"
09:45:56.641 [docker-java-stream--574984962] DEBUG com.github.dockerjava.zerodep.shaded.org.apache.hc.client5.http.wire -- http-outgoing-1 << "[\r][\n]"
09:45:56.643 [ducttape-0] DEBUG org.testcontainers.containers.output.WaitingConsumer -- STDOUT: 2025-05-02 09:45:56,613 INFO success: selenium-standalone entered RUNNING state, process has stayed up for > than 0 seconds (startsecs)
09:45:56.778 [ducttape-0] DEBUG org.testcontainers.containers.output.WaitingConsumer -- STDOUT: 2025-05-02 09:45:56,613 INFO success: novnc entered RUNNING state, process has stayed up for > than 0 seconds (startsecs)
09:45:56.778 [ducttape-0] DEBUG org.testcontainers.containers.output.WaitingConsumer -- STDOUT: 2025-05-02 09:45:56,613 INFO success: vnc entered RUNNING state, process has stayed up for > than 0 seconds (startsecs)
09:45:56.779 [ducttape-0] DEBUG org.testcontainers.containers.output.WaitingConsumer -- STDOUT: 2025-05-02 09:45:56,613 INFO success: xvfb entered RUNNING state, process has stayed up for > than 0 seconds (startsecs)
09:45:56.781 [ducttape-0] DEBUG org.testcontainers.containers.output.WaitingConsumer -- STDOUT: 2025-05-02 09:45:56,607 INFO spawned: 'selenium-standalone' with pid 16
09:45:57.693 [docker-java-stream--574984962] DEBUG com.github.dockerjava.zerodep.shaded.org.apache.hc.client5.http.wire -- http-outgoing-1 << "7e[\r][\n]"
09:45:57.693 [docker-java-stream--574984962] DEBUG com.github.dockerjava.zerodep.shaded.org.apache.hc.client5.http.wire -- http-outgoing-1 << "[0x1][0x0][0x0][0x0][0x0][0x0][0x0]2Appending Selenium options: --heartbeat-period 30[\n]"
09:45:57.693 [docker-java-stream--574984962] DEBUG com.github.dockerjava.zerodep.shaded.org.apache.hc.client5.http.wire -- http-outgoing-1 << "[0x1][0x0][0x0][0x0][0x0][0x0][0x0]<Appending Selenium options: --reject-unsupported-caps false[\n]"
09:45:57.693 [docker-java-stream--574984962] DEBUG com.github.dockerjava.zerodep.shaded.org.apache.hc.client5.http.wire -- http-outgoing-1 << "[\r][\n]"
09:45:57.693 [ducttape-0] DEBUG org.testcontainers.containers.output.WaitingConsumer -- STDOUT: Appending Selenium options: --reject-unsupported-caps false
09:45:57.695 [ducttape-0] DEBUG org.testcontainers.containers.output.WaitingConsumer -- STDOUT: Appending Selenium options: --heartbeat-period 30
09:45:57.718 [docker-java-stream--574984962] DEBUG com.github.dockerjava.zerodep.shaded.org.apache.hc.client5.http.wire -- http-outgoing-1 << "27[\r][\n]"
09:45:57.718 [docker-java-stream--574984962] DEBUG com.github.dockerjava.zerodep.shaded.org.apache.hc.client5.http.wire -- http-outgoing-1 << "[0x1][0x0][0x0][0x0][0x0][0x0][0x0][0x1f]Setting up SE_NODE_GRID_URL...[\n]"
09:45:57.718 [docker-java-stream--574984962] DEBUG com.github.dockerjava.zerodep.shaded.org.apache.hc.client5.http.wire -- http-outgoing-1 << "[\r][\n]"
09:45:57.718 [ducttape-0] DEBUG org.testcontainers.containers.output.WaitingConsumer -- STDOUT: Setting up SE_NODE_GRID_URL...
09:45:57.737 [docker-java-stream--574984962] DEBUG com.github.dockerjava.zerodep.shaded.org.apache.hc.client5.http.wire -- http-outgoing-1 << "31[\r][\n]"
09:45:57.738 [docker-java-stream--574984962] DEBUG com.github.dockerjava.zerodep.shaded.org.apache.hc.client5.http.wire -- http-outgoing-1 << "[0x1][0x0][0x0][0x0][0x0][0x0][0x0])Selenium Grid Standalone configuration: [\n]"
09:45:57.738 [docker-java-stream--574984962] DEBUG com.github.dockerjava.zerodep.shaded.org.apache.hc.client5.http.wire -- http-outgoing-1 << "[\r][\n]"
09:45:57.738 [ducttape-0] DEBUG org.testcontainers.containers.output.WaitingConsumer -- STDOUT: Selenium Grid Standalone configuration: 
09:45:57.740 [docker-java-stream--574984962] DEBUG com.github.dockerjava.zerodep.shaded.org.apache.hc.client5.http.wire -- http-outgoing-1 << "245[\r][\n]"
09:45:57.740 [docker-java-stream--574984962] DEBUG com.github.dockerjava.zerodep.shaded.org.apache.hc.client5.http.wire -- http-outgoing-1 << "[0x1][0x0][0x0][0x0][0x0][0x0][0x0][\n]"
09:45:57.740 [docker-java-stream--574984962] DEBUG com.github.dockerjava.zerodep.shaded.org.apache.hc.client5.http.wire -- http-outgoing-1 << "[network][\n]"
09:45:57.740 [docker-java-stream--574984962] DEBUG com.github.dockerjava.zerodep.shaded.org.apache.hc.client5.http.wire -- http-outgoing-1 << "[0x1][0x0][0x0][0x0][0x0][0x0][0x0][0x14]relax-checks = true[\n]"
09:45:57.740 [docker-java-stream--574984962] DEBUG com.github.dockerjava.zerodep.shaded.org.apache.hc.client5.http.wire -- http-outgoing-1 << "[0x1][0x0][0x0][0x0][0x0][0x0][0x0][0x1][\n]"
09:45:57.740 [docker-java-stream--574984962] DEBUG com.github.dockerjava.zerodep.shaded.org.apache.hc.client5.http.wire -- http-outgoing-1 << "[0x1][0x0][0x0][0x0][0x0][0x0][0x0][0x7][node][\n]"
09:45:57.740 [docker-java-stream--574984962] DEBUG com.github.dockerjava.zerodep.shaded.org.apache.hc.client5.http.wire -- http-outgoing-1 << "[0x1][0x0][0x0][0x0][0x0][0x0][0x0][0x18]session-timeout = "300"[\n]"
09:45:57.740 [docker-java-stream--574984962] DEBUG com.github.dockerjava.zerodep.shaded.org.apache.hc.client5.http.wire -- http-outgoing-1 << "[0x1][0x0][0x0][0x0][0x0][0x0][0x0][0x1e]override-max-sessions = false[\n]"
09:45:57.740 [docker-java-stream--574984962] DEBUG com.github.dockerjava.zerodep.shaded.org.apache.hc.client5.http.wire -- http-outgoing-1 << "[0x1][0x0][0x0][0x0][0x0][0x0][0x0][0x17]detect-drivers = false[\n]"
09:45:57.740 [docker-java-stream--574984962] DEBUG com.github.dockerjava.zerodep.shaded.org.apache.hc.client5.http.wire -- http-outgoing-1 << "[0x1][0x0][0x0][0x0][0x0][0x0][0x0][0x1e]drain-after-session-count = 0[\n]"
09:45:57.740 [docker-java-stream--574984962] DEBUG com.github.dockerjava.zerodep.shaded.org.apache.hc.client5.http.wire -- http-outgoing-1 << "[0x1][0x0][0x0][0x0][0x0][0x0][0x0][0x11]max-sessions = 1[\n]"
09:45:57.740 [docker-java-stream--574984962] DEBUG com.github.dockerjava.zerodep.shaded.org.apache.hc.client5.http.wire -- http-outgoing-1 << "[0x1][0x0][0x0][0x0][0x0][0x0][0x0][0x1][\n]"
09:45:57.741 [docker-java-stream--574984962] DEBUG com.github.dockerjava.zerodep.shaded.org.apache.hc.client5.http.wire -- http-outgoing-1 << "[0x1][0x0][0x0][0x0][0x0][0x0][0x0][0x1e][[node.driver-configuration]][\n]"
09:45:57.741 [docker-java-stream--574984962] DEBUG com.github.dockerjava.zerodep.shaded.org.apache.hc.client5.http.wire -- http-outgoing-1 << "[0x1][0x0][0x0][0x0][0x0][0x0][0x0][0x18]display-name = "chrome"[\n]"
09:45:57.741 [docker-java-stream--574984962] DEBUG com.github.dockerjava.zerodep.shaded.org.apache.hc.client5.http.wire -- http-outgoing-1 << "[0x1][0x0][0x0][0x0][0x0][0x0][0x0][0xffffff99]stereotype = '{"browserName": "chrome", "browserVersion": "124.0", "platformName": "Linux", "goog:chromeOptions": {"binary": "/usr/bin/google-chrome"}}'[\n]"
09:45:57.741 [docker-java-stream--574984962] DEBUG com.github.dockerjava.zerodep.shaded.org.apache.hc.client5.http.wire -- http-outgoing-1 << "[0x1][0x0][0x0][0x0][0x0][0x0][0x0][0x11]max-sessions = 1[\n]"
09:45:57.741 [docker-java-stream--574984962] DEBUG com.github.dockerjava.zerodep.shaded.org.apache.hc.client5.http.wire -- http-outgoing-1 << "[0x1][0x0][0x0][0x0][0x0][0x0][0x0][0x1][\n]"
09:45:57.741 [docker-java-stream--574984962] DEBUG com.github.dockerjava.zerodep.shaded.org.apache.hc.client5.http.wire -- http-outgoing-1 << "[0x1][0x0][0x0][0x0][0x0][0x0][0x0]%Starting Selenium Grid Standalone...[\n]"
09:45:57.741 [docker-java-stream--574984962] DEBUG com.github.dockerjava.zerodep.shaded.org.apache.hc.client5.http.wire -- http-outgoing-1 << "[0x1][0x0][0x0][0x0][0x0][0x0][0x0][0x14]Tracing is disabled[\n]"
09:45:57.741 [docker-java-stream--574984962] DEBUG com.github.dockerjava.zerodep.shaded.org.apache.hc.client5.http.wire -- http-outgoing-1 << "[\r][\n]"
09:45:57.761 [ducttape-0] DEBUG org.testcontainers.containers.output.WaitingConsumer -- STDOUT: Tracing is disabled
09:45:57.761 [ducttape-0] DEBUG org.testcontainers.containers.output.WaitingConsumer -- STDOUT: Starting Selenium Grid Standalone...
09:45:57.763 [ducttape-0] DEBUG org.testcontainers.containers.output.WaitingConsumer -- STDOUT: 
09:45:57.763 [ducttape-0] DEBUG org.testcontainers.containers.output.WaitingConsumer -- STDOUT: max-sessions = 1
09:45:57.763 [ducttape-0] DEBUG org.testcontainers.containers.output.WaitingConsumer -- STDOUT: stereotype = '{"browserName": "chrome", "browserVersion": "124.0", "platformName": "Linux", "goog:chromeOptions": {"binary": "/usr/bin/google-chrome"}}'
09:45:57.763 [ducttape-0] DEBUG org.testcontainers.containers.output.WaitingConsumer -- STDOUT: display-name = "chrome"
09:45:57.763 [ducttape-0] DEBUG org.testcontainers.containers.output.WaitingConsumer -- STDOUT: [[node.driver-configuration]]
09:45:57.765 [ducttape-0] DEBUG org.testcontainers.containers.output.WaitingConsumer -- STDOUT: 
09:45:57.765 [ducttape-0] DEBUG org.testcontainers.containers.output.WaitingConsumer -- STDOUT: max-sessions = 1
09:45:57.766 [ducttape-0] DEBUG org.testcontainers.containers.output.WaitingConsumer -- STDOUT: drain-after-session-count = 0
09:45:57.768 [ducttape-0] DEBUG org.testcontainers.containers.output.WaitingConsumer -- STDOUT: detect-drivers = false
09:45:57.768 [ducttape-0] DEBUG org.testcontainers.containers.output.WaitingConsumer -- STDOUT: override-max-sessions = false
09:45:57.768 [ducttape-0] DEBUG org.testcontainers.containers.output.WaitingConsumer -- STDOUT: session-timeout = "300"
09:45:57.768 [ducttape-0] DEBUG org.testcontainers.containers.output.WaitingConsumer -- STDOUT: [node]
09:45:57.769 [ducttape-0] DEBUG org.testcontainers.containers.output.WaitingConsumer -- STDOUT: 
09:45:57.769 [ducttape-0] DEBUG org.testcontainers.containers.output.WaitingConsumer -- STDOUT: relax-checks = true
09:45:57.770 [ducttape-0] DEBUG org.testcontainers.containers.output.WaitingConsumer -- STDOUT: [network]
09:45:59.577 [docker-java-stream--574984962] DEBUG com.github.dockerjava.zerodep.shaded.org.apache.hc.client5.http.wire -- http-outgoing-1 << "c3[\r][\n]"
09:45:59.577 [docker-java-stream--574984962] DEBUG com.github.dockerjava.zerodep.shaded.org.apache.hc.client5.http.wire -- http-outgoing-1 << "[0x1][0x0][0x0][0x0][0x0][0x0][0x0]\09:45:59.539 INFO [LoggingOptions.configureLogEncoding] - Using the system default encoding[\n]"
09:45:59.577 [docker-java-stream--574984962] DEBUG com.github.dockerjava.zerodep.shaded.org.apache.hc.client5.http.wire -- http-outgoing-1 << "[0x1][0x0][0x0][0x0][0x0][0x0][0x0]W09:45:59.565 INFO [OpenTelemetryTracer.createTracer] - Using OpenTelemetry for tracing[\n]"
09:45:59.577 [docker-java-stream--574984962] DEBUG com.github.dockerjava.zerodep.shaded.org.apache.hc.client5.http.wire -- http-outgoing-1 << "[\r][\n]"
09:45:59.578 [ducttape-0] DEBUG org.testcontainers.containers.output.WaitingConsumer -- STDOUT: 09:45:59.539 INFO [LoggingOptions.configureLogEncoding] - Using the system default encoding
09:45:59.580 [ducttape-0] DEBUG org.testcontainers.containers.output.WaitingConsumer -- STDOUT: 09:45:59.565 INFO [OpenTelemetryTracer.createTracer] - Using OpenTelemetry for tracing
09:46:01.550 [docker-java-stream--574984962] DEBUG com.github.dockerjava.zerodep.shaded.org.apache.hc.client5.http.wire -- http-outgoing-1 << "5e[\r][\n]"
09:46:01.550 [docker-java-stream--574984962] DEBUG com.github.dockerjava.zerodep.shaded.org.apache.hc.client5.http.wire -- http-outgoing-1 << "[0x1][0x0][0x0][0x0][0x0][0x0][0x0]V09:46:01.546 INFO [NodeOptions.getSessionFactories] - Detected 8 available processors[\n]"
09:46:01.550 [docker-java-stream--574984962] DEBUG com.github.dockerjava.zerodep.shaded.org.apache.hc.client5.http.wire -- http-outgoing-1 << "[\r][\n]"
09:46:01.550 [ducttape-0] DEBUG org.testcontainers.containers.output.WaitingConsumer -- STDOUT: 09:46:01.546 INFO [NodeOptions.getSessionFactories] - Detected 8 available processors
09:46:01.692 [docker-java-stream--574984962] DEBUG com.github.dockerjava.zerodep.shaded.org.apache.hc.client5.http.wire -- http-outgoing-1 << "10c[\r][\n]"
09:46:01.693 [docker-java-stream--574984962] DEBUG com.github.dockerjava.zerodep.shaded.org.apache.hc.client5.http.wire -- http-outgoing-1 << "[0x1][0x0][0x0][0x0][0x0][0x0][0x1][0x4]09:46:01.691 INFO [NodeOptions.report] - Adding chrome for {"browserName": "chrome","browserVersion": "124.0","goog:chromeOptions": {"binary": "\u002fusr\u002fbin\u002fgoogle-chrome"},"platformName": "linux","se:noVncPort": 7900,"se:vncEnabled": true} 1 times[\n]"
09:46:01.693 [docker-java-stream--574984962] DEBUG com.github.dockerjava.zerodep.shaded.org.apache.hc.client5.http.wire -- http-outgoing-1 << "[\r][\n]"
09:46:01.693 [ducttape-0] DEBUG org.testcontainers.containers.output.WaitingConsumer -- STDOUT: 09:46:01.691 INFO [NodeOptions.report] - Adding chrome for {"browserName": "chrome","browserVersion": "124.0","goog:chromeOptions": {"binary": "\u002fusr\u002fbin\u002fgoogle-chrome"},"platformName": "linux","se:noVncPort": 7900,"se:vncEnabled": true} 1 times
09:46:01.762 [docker-java-stream--574984962] DEBUG com.github.dockerjava.zerodep.shaded.org.apache.hc.client5.http.wire -- http-outgoing-1 << "5a[\r][\n]"
09:46:01.762 [docker-java-stream--574984962] DEBUG com.github.dockerjava.zerodep.shaded.org.apache.hc.client5.http.wire -- http-outgoing-1 << "[0x1][0x0][0x0][0x0][0x0][0x0][0x0]R09:46:01.761 INFO [Node.<init>] - Binding additional locator mechanisms: relative[\n]"
09:46:01.763 [docker-java-stream--574984962] DEBUG com.github.dockerjava.zerodep.shaded.org.apache.hc.client5.http.wire -- http-outgoing-1 << "[\r][\n]"
09:46:01.763 [ducttape-0] DEBUG org.testcontainers.containers.output.WaitingConsumer -- STDOUT: 09:46:01.761 INFO [Node.<init>] - Binding additional locator mechanisms: relative
09:46:01.852 [docker-java-stream--574984962] DEBUG com.github.dockerjava.zerodep.shaded.org.apache.hc.client5.http.wire -- http-outgoing-1 << "9a[\r][\n]"
09:46:01.852 [docker-java-stream--574984962] DEBUG com.github.dockerjava.zerodep.shaded.org.apache.hc.client5.http.wire -- http-outgoing-1 << "[0x1][0x0][0x0][0x0][0x0][0x0][0x0][0xffffff92]09:46:01.850 INFO [GridModel.setAvailability] - Switching Node 9d682761-20e3-4ff2-8a27-abefcc97b1c3 (uri: http://172.19.0.2:4444) from DOWN to UP[\n]"
09:46:01.852 [docker-java-stream--574984962] DEBUG com.github.dockerjava.zerodep.shaded.org.apache.hc.client5.http.wire -- http-outgoing-1 << "[\r][\n]"
09:46:01.853 [docker-java-stream--574984962] DEBUG com.github.dockerjava.zerodep.shaded.org.apache.hc.client5.http.wire -- http-outgoing-1 << "96[\r][\n]"
09:46:01.853 [ducttape-0] DEBUG org.testcontainers.containers.output.WaitingConsumer -- STDOUT: 09:46:01.850 INFO [GridModel.setAvailability] - Switching Node 9d682761-20e3-4ff2-8a27-abefcc97b1c3 (uri: http://172.19.0.2:4444) from DOWN to UP
09:46:01.853 [docker-java-stream--574984962] DEBUG com.github.dockerjava.zerodep.shaded.org.apache.hc.client5.http.wire -- http-outgoing-1 << "[0x1][0x0][0x0][0x0][0x0][0x0][0x0][0xffffff8e]09:46:01.851 INFO [LocalDistributor.add] - Added node 9d682761-20e3-4ff2-8a27-abefcc97b1c3 at http://172.19.0.2:4444. Health check every 120s[\n]"
09:46:01.853 [docker-java-stream--574984962] DEBUG com.github.dockerjava.zerodep.shaded.org.apache.hc.client5.http.wire -- http-outgoing-1 << "[\r][\n]"
09:46:01.854 [ducttape-0] DEBUG org.testcontainers.containers.output.WaitingConsumer -- STDOUT: 09:46:01.851 INFO [LocalDistributor.add] - Added node 9d682761-20e3-4ff2-8a27-abefcc97b1c3 at http://172.19.0.2:4444. Health check every 120s
09:46:02.438 [docker-java-stream--574984962] DEBUG com.github.dockerjava.zerodep.shaded.org.apache.hc.client5.http.wire -- http-outgoing-1 << "82[\r][\n]"
09:46:02.439 [docker-java-stream--574984962] DEBUG com.github.dockerjava.zerodep.shaded.org.apache.hc.client5.http.wire -- http-outgoing-1 << "[0x1][0x0][0x0][0x0][0x0][0x0][0x0]z09:46:02.431 INFO [Standalone.execute] - Started Selenium Standalone 4.20.0 (revision 866c76ca80): http://172.19.0.2:4444[\n]"
09:46:02.440 [docker-java-stream--574984962] DEBUG com.github.dockerjava.zerodep.shaded.org.apache.hc.client5.http.wire -- http-outgoing-1 << "[\r][\n]"
09:46:02.440 [ducttape-0] DEBUG org.testcontainers.containers.output.WaitingConsumer -- STDOUT: 09:46:02.431 INFO [Standalone.execute] - Started Selenium Standalone 4.20.0 (revision 866c76ca80): http://172.19.0.2:4444
09:46:02.441 [ducttape-0] DEBUG com.github.dockerjava.zerodep.shaded.org.apache.hc.client5.http.impl.classic.InternalHttpClient -- ep-00000011: cancel
09:46:02.441 [ducttape-0] DEBUG com.github.dockerjava.zerodep.shaded.org.apache.hc.client5.http.impl.io.DefaultManagedHttpClientConnection -- http-outgoing-1: close connection IMMEDIATE
09:46:02.442 [ducttape-0] DEBUG com.github.dockerjava.zerodep.shaded.org.apache.hc.client5.http.impl.classic.InternalHttpClient -- ep-00000011: endpoint closed
09:46:02.442 [ducttape-0] DEBUG com.github.dockerjava.zerodep.shaded.org.apache.hc.client5.http.impl.classic.InternalHttpClient -- ep-00000011: discarding endpoint
09:46:02.442 [ducttape-0] DEBUG com.github.dockerjava.zerodep.shaded.org.apache.hc.client5.http.impl.io.PoolingHttpClientConnectionManager -- ep-00000011: releasing endpoint
09:46:02.442 [ducttape-0] DEBUG com.github.dockerjava.zerodep.shaded.org.apache.hc.client5.http.impl.io.PoolingHttpClientConnectionManager -- ep-00000011: connection is not kept alive
09:46:02.442 [ducttape-0] DEBUG com.github.dockerjava.zerodep.shaded.org.apache.hc.client5.http.impl.io.PoolingHttpClientConnectionManager -- ep-00000011: connection released [route: {}->npipe://localhost:2375][total available: 0; route allocated: 0 of 2147483647; total allocated: 0 of 2147483647]
09:46:02.442 [docker-java-stream--574984962] DEBUG com.github.dockerjava.zerodep.shaded.org.apache.hc.client5.http.wire -- http-outgoing-1 << "end of stream"
09:46:02.444 [ducttape-0] DEBUG com.github.dockerjava.zerodep.shaded.org.apache.hc.client5.http.wire -- http-outgoing-1 << "[read] I/O error: java.nio.channels.ClosedChannelException"
09:46:02.444 [ducttape-0] DEBUG com.github.dockerjava.zerodep.ApacheDockerHttpClientImpl$ApacheResponse -- Failed to close the response
java.io.IOException: java.nio.channels.ClosedChannelException
	at java.base/java.nio.channels.Channels$1.read(Channels.java:166)
	at com.github.dockerjava.zerodep.shaded.org.apache.hc.client5.http.impl.io.LoggingInputStream.read(LoggingInputStream.java:81)
	at com.github.dockerjava.zerodep.shaded.org.apache.hc.core5.http.impl.io.SessionInputBufferImpl.fillBuffer(SessionInputBufferImpl.java:149)
	at com.github.dockerjava.zerodep.shaded.org.apache.hc.core5.http.impl.io.SessionInputBufferImpl.readLine(SessionInputBufferImpl.java:280)
	at com.github.dockerjava.zerodep.shaded.org.apache.hc.core5.http.impl.io.ChunkedInputStream.getChunkSize(ChunkedInputStream.java:261)
	at com.github.dockerjava.zerodep.shaded.org.apache.hc.core5.http.impl.io.ChunkedInputStream.nextChunk(ChunkedInputStream.java:222)
	at com.github.dockerjava.zerodep.shaded.org.apache.hc.core5.http.impl.io.ChunkedInputStream.read(ChunkedInputStream.java:147)
	at com.github.dockerjava.zerodep.shaded.org.apache.hc.core5.http.impl.io.ChunkedInputStream.close(ChunkedInputStream.java:314)
	at com.github.dockerjava.zerodep.shaded.org.apache.hc.core5.io.Closer.close(Closer.java:48)
	at com.github.dockerjava.zerodep.shaded.org.apache.hc.core5.http.impl.io.IncomingHttpEntity.close(IncomingHttpEntity.java:111)
	at com.github.dockerjava.zerodep.shaded.org.apache.hc.core5.http.io.entity.HttpEntityWrapper.close(HttpEntityWrapper.java:120)
	at com.github.dockerjava.zerodep.shaded.org.apache.hc.core5.io.Closer.close(Closer.java:48)
	at com.github.dockerjava.zerodep.shaded.org.apache.hc.core5.http.message.BasicClassicHttpResponse.close(BasicClassicHttpResponse.java:93)
	at com.github.dockerjava.zerodep.shaded.org.apache.hc.client5.http.impl.classic.CloseableHttpResponse.close(CloseableHttpResponse.java:200)
	at com.github.dockerjava.zerodep.ApacheDockerHttpClientImpl$ApacheResponse.close(ApacheDockerHttpClientImpl.java:256)
	at org.testcontainers.shaded.com.github.dockerjava.core.DefaultInvocationBuilder.lambda$null$0(DefaultInvocationBuilder.java:272)
	at com.github.dockerjava.api.async.ResultCallbackTemplate.close(ResultCallbackTemplate.java:77)
	at org.testcontainers.containers.output.FrameConsumerResultCallback.close(FrameConsumerResultCallback.java:69)
	at org.testcontainers.containers.wait.strategy.LogMessageWaitStrategy.waitUntilReady(LogMessageWaitStrategy.java:49)
	at org.testcontainers.containers.wait.strategy.AbstractWaitStrategy.waitUntilReady(AbstractWaitStrategy.java:52)
	at org.testcontainers.containers.wait.strategy.WaitAllStrategy.waitUntilNestedStrategiesAreReady(WaitAllStrategy.java:66)
	at org.testcontainers.containers.wait.strategy.WaitAllStrategy.lambda$waitUntilReady$0(WaitAllStrategy.java:58)
	at java.base/java.util.concurrent.Executors$RunnableAdapter.call(Executors.java:572)
	at java.base/java.util.concurrent.FutureTask.run(FutureTask.java:317)
	at java.base/java.util.concurrent.ThreadPoolExecutor.runWorker(ThreadPoolExecutor.java:1144)
	at java.base/java.util.concurrent.ThreadPoolExecutor$Worker.run(ThreadPoolExecutor.java:642)
	at java.base/java.lang.Thread.run(Thread.java:1583)
Caused by: java.nio.channels.ClosedChannelException: null
	at java.base/sun.nio.ch.WindowsAsynchronousFileChannelImpl.implRead(WindowsAsynchronousFileChannelImpl.java:521)
	at java.base/sun.nio.ch.AsynchronousFileChannelImpl.read(AsynchronousFileChannelImpl.java:229)
	at com.github.dockerjava.transport.NamedPipeSocket$AsynchronousFileByteChannel.read(NamedPipeSocket.java:117)
	at java.base/java.nio.channels.Channels$1.read(Channels.java:164)
	... 26 common frames omitted
09:46:02.446 [docker-java-stream--574984962] DEBUG com.github.dockerjava.zerodep.shaded.org.apache.hc.client5.http.wire -- http-outgoing-1 << "[read] I/O error: java.nio.channels.ClosedChannelException"
09:46:02.451 [docker-java-stream--574984962] DEBUG com.github.dockerjava.zerodep.ApacheDockerHttpClientImpl$ApacheResponse -- Failed to close the response
java.io.IOException: java.nio.channels.ClosedChannelException
	at java.base/java.nio.channels.Channels$1.read(Channels.java:166)
	at com.github.dockerjava.zerodep.shaded.org.apache.hc.client5.http.impl.io.LoggingInputStream.read(LoggingInputStream.java:81)
	at com.github.dockerjava.zerodep.shaded.org.apache.hc.core5.http.impl.io.SessionInputBufferImpl.fillBuffer(SessionInputBufferImpl.java:149)
	at com.github.dockerjava.zerodep.shaded.org.apache.hc.core5.http.impl.io.SessionInputBufferImpl.readLine(SessionInputBufferImpl.java:280)
	at com.github.dockerjava.zerodep.shaded.org.apache.hc.core5.http.impl.io.ChunkedInputStream.getChunkSize(ChunkedInputStream.java:261)
	at com.github.dockerjava.zerodep.shaded.org.apache.hc.core5.http.impl.io.ChunkedInputStream.nextChunk(ChunkedInputStream.java:222)
	at com.github.dockerjava.zerodep.shaded.org.apache.hc.core5.http.impl.io.ChunkedInputStream.read(ChunkedInputStream.java:147)
	at com.github.dockerjava.zerodep.shaded.org.apache.hc.core5.http.impl.io.ChunkedInputStream.close(ChunkedInputStream.java:314)
	at com.github.dockerjava.zerodep.shaded.org.apache.hc.core5.io.Closer.close(Closer.java:48)
	at com.github.dockerjava.zerodep.shaded.org.apache.hc.core5.http.impl.io.IncomingHttpEntity.close(IncomingHttpEntity.java:111)
	at com.github.dockerjava.zerodep.shaded.org.apache.hc.core5.http.io.entity.HttpEntityWrapper.close(HttpEntityWrapper.java:120)
	at com.github.dockerjava.zerodep.shaded.org.apache.hc.core5.io.Closer.close(Closer.java:48)
	at com.github.dockerjava.zerodep.shaded.org.apache.hc.core5.http.message.BasicClassicHttpResponse.close(BasicClassicHttpResponse.java:93)
	at com.github.dockerjava.zerodep.shaded.org.apache.hc.client5.http.impl.classic.CloseableHttpResponse.close(CloseableHttpResponse.java:200)
	at com.github.dockerjava.zerodep.ApacheDockerHttpClientImpl$ApacheResponse.close(ApacheDockerHttpClientImpl.java:256)
	at org.testcontainers.shaded.com.github.dockerjava.core.DefaultInvocationBuilder.lambda$executeAndStream$1(DefaultInvocationBuilder.java:277)
	at java.base/java.lang.Thread.run(Thread.java:1583)
Caused by: java.nio.channels.ClosedChannelException: null
	at java.base/sun.nio.ch.WindowsAsynchronousFileChannelImpl.implRead(WindowsAsynchronousFileChannelImpl.java:521)
	at java.base/sun.nio.ch.AsynchronousFileChannelImpl.read(AsynchronousFileChannelImpl.java:229)
	at com.github.dockerjava.transport.NamedPipeSocket$AsynchronousFileByteChannel.read(NamedPipeSocket.java:117)
	at java.base/java.nio.channels.Channels$1.read(Channels.java:164)
	... 16 common frames omitted
09:46:02.496 [testcontainers-wait-0] DEBUG org.testcontainers.containers.ExecInContainerPattern -- /gracious_yalow: Running "exec" command: /bin/sh -c while true; do ( true  &&  (grep -i ':0*115c' /proc/net/tcp* || nc -vz -w 1 localhost 4444 || /bin/bash -c '</dev/tcp/localhost/4444') &&  (grep -i ':0*170c' /proc/net/tcp* || nc -vz -w 1 localhost 5900 || /bin/bash -c '</dev/tcp/localhost/5900') ) && exit 0 || sleep 0.1; done
09:46:02.498 [testcontainers-wait-1] DEBUG org.testcontainers.shaded.com.github.dockerjava.core.command.AbstrDockerCmd -- Cmd: 24142d801f7361732eafc1b45b9f4f07b8ea5bcf8bb59ea6ef508f83b3b4fc02,false
09:46:02.500 [testcontainers-wait-1] DEBUG org.testcontainers.shaded.com.github.dockerjava.core.exec.InspectContainerCmdExec -- GET: DefaultWebTarget{path=[/containers/24142d801f7361732eafc1b45b9f4f07b8ea5bcf8bb59ea6ef508f83b3b4fc02/json], queryParams={}}
09:46:02.501 [testcontainers-wait-1] DEBUG com.github.dockerjava.zerodep.shaded.org.apache.hc.client5.http.impl.classic.InternalHttpClient -- ex-00000013: preparing request execution
09:46:02.501 [testcontainers-wait-1] DEBUG com.github.dockerjava.zerodep.shaded.org.apache.hc.client5.http.protocol.RequestAddCookies -- Cookie spec selected: strict
09:46:02.502 [testcontainers-wait-1] DEBUG com.github.dockerjava.zerodep.shaded.org.apache.hc.client5.http.protocol.RequestAuthCache -- Auth cache not set in the context
09:46:02.502 [testcontainers-wait-1] DEBUG com.github.dockerjava.zerodep.shaded.org.apache.hc.client5.http.impl.classic.ProtocolExec -- ex-00000013: target auth state: UNCHALLENGED
09:46:02.502 [testcontainers-wait-1] DEBUG com.github.dockerjava.zerodep.shaded.org.apache.hc.client5.http.impl.classic.ProtocolExec -- ex-00000013: proxy auth state: UNCHALLENGED
09:46:02.502 [testcontainers-wait-1] DEBUG com.github.dockerjava.zerodep.shaded.org.apache.hc.client5.http.impl.classic.ConnectExec -- ex-00000013: acquiring connection with route {}->npipe://localhost:2375
09:46:02.502 [testcontainers-wait-1] DEBUG com.github.dockerjava.zerodep.shaded.org.apache.hc.client5.http.impl.classic.InternalHttpClient -- ex-00000013: acquiring endpoint (3 MINUTES)
09:46:02.502 [testcontainers-wait-1] DEBUG com.github.dockerjava.zerodep.shaded.org.apache.hc.client5.http.impl.io.PoolingHttpClientConnectionManager -- ex-00000013: endpoint lease request (3 MINUTES) [route: {}->npipe://localhost:2375][total available: 0; route allocated: 0 of 2147483647; total allocated: 0 of 2147483647]
09:46:02.502 [testcontainers-wait-1] DEBUG com.github.dockerjava.zerodep.shaded.org.apache.hc.client5.http.impl.io.PoolingHttpClientConnectionManager -- ex-00000013: endpoint leased [route: {}->npipe://localhost:2375][total available: 0; route allocated: 1 of 2147483647; total allocated: 1 of 2147483647]
09:46:02.499 [testcontainers-wait-0] DEBUG org.testcontainers.shaded.com.github.dockerjava.core.command.AbstrDockerCmd -- Cmd: true,<null>,true,{/bin/sh,-c,while true; do ( true  &&  (grep -i ':0*115c' /proc/net/tcp* || nc -vz -w 1 localhost 4444 || /bin/bash -c '</dev/tcp/localhost/4444') &&  (grep -i ':0*170c' /proc/net/tcp* || nc -vz -w 1 localhost 5900 || /bin/bash -c '</dev/tcp/localhost/5900') ) && exit 0 || sleep 0.1; done},24142d801f7361732eafc1b45b9f4f07b8ea5bcf8bb59ea6ef508f83b3b4fc02,<null>,<null>,<null>,<null>,<null>
09:46:02.503 [testcontainers-wait-1] DEBUG com.github.dockerjava.zerodep.shaded.org.apache.hc.client5.http.impl.io.PoolingHttpClientConnectionManager -- ex-00000013: acquired ep-00000012
09:46:02.504 [testcontainers-wait-1] DEBUG com.github.dockerjava.zerodep.shaded.org.apache.hc.client5.http.impl.classic.InternalHttpClient -- ex-00000013: acquired endpoint ep-00000012
09:46:02.504 [testcontainers-wait-1] DEBUG com.github.dockerjava.zerodep.shaded.org.apache.hc.client5.http.impl.classic.ConnectExec -- ex-00000013: opening connection {}->npipe://localhost:2375
09:46:02.504 [testcontainers-wait-1] DEBUG com.github.dockerjava.zerodep.shaded.org.apache.hc.client5.http.impl.classic.InternalHttpClient -- ep-00000012: connecting endpoint (3 MINUTES)
09:46:02.505 [testcontainers-wait-1] DEBUG com.github.dockerjava.zerodep.shaded.org.apache.hc.client5.http.impl.io.PoolingHttpClientConnectionManager -- ep-00000012: connecting endpoint to npipe://localhost:2375 (3 MINUTES)
09:46:02.507 [testcontainers-wait-1] DEBUG com.github.dockerjava.zerodep.shaded.org.apache.hc.client5.http.impl.io.DefaultHttpClientConnectionOperator -- http-outgoing-2: connecting to localhost/127.0.0.1:2375
09:46:02.510 [testcontainers-wait-1] DEBUG com.github.dockerjava.zerodep.shaded.org.apache.hc.client5.http.impl.io.DefaultHttpClientConnectionOperator -- http-outgoing-2: connection established 
09:46:02.511 [testcontainers-wait-1] DEBUG com.github.dockerjava.zerodep.shaded.org.apache.hc.client5.http.impl.io.PoolingHttpClientConnectionManager -- ep-00000012: connected http-outgoing-2
09:46:02.511 [testcontainers-wait-1] DEBUG com.github.dockerjava.zerodep.shaded.org.apache.hc.client5.http.impl.classic.InternalHttpClient -- ep-00000012: endpoint connected
09:46:02.511 [testcontainers-wait-1] DEBUG com.github.dockerjava.zerodep.shaded.org.apache.hc.client5.http.impl.classic.MainClientExec -- ex-00000013: executing GET /v1.32/containers/24142d801f7361732eafc1b45b9f4f07b8ea5bcf8bb59ea6ef508f83b3b4fc02/json HTTP/1.1
09:46:02.511 [testcontainers-wait-1] DEBUG com.github.dockerjava.zerodep.shaded.org.apache.hc.client5.http.impl.classic.InternalHttpClient -- ep-00000012: start execution ex-00000013
09:46:02.511 [testcontainers-wait-1] DEBUG com.github.dockerjava.zerodep.shaded.org.apache.hc.client5.http.impl.io.PoolingHttpClientConnectionManager -- ep-00000012: executing exchange ex-00000013 over http-outgoing-2
09:46:02.512 [testcontainers-wait-1] DEBUG com.github.dockerjava.zerodep.shaded.org.apache.hc.client5.http.headers -- http-outgoing-2 >> GET /v1.32/containers/24142d801f7361732eafc1b45b9f4f07b8ea5bcf8bb59ea6ef508f83b3b4fc02/json HTTP/1.1
09:46:02.512 [testcontainers-wait-1] DEBUG com.github.dockerjava.zerodep.shaded.org.apache.hc.client5.http.headers -- http-outgoing-2 >> accept: application/json
09:46:02.512 [testcontainers-wait-1] DEBUG com.github.dockerjava.zerodep.shaded.org.apache.hc.client5.http.headers -- http-outgoing-2 >> x-tc-sid: bfc2ed12-23ce-401f-a1df-f57c73ebd58a
09:46:02.512 [testcontainers-wait-1] DEBUG com.github.dockerjava.zerodep.shaded.org.apache.hc.client5.http.headers -- http-outgoing-2 >> User-Agent: tc-java/1.19.3
09:46:02.512 [testcontainers-wait-1] DEBUG com.github.dockerjava.zerodep.shaded.org.apache.hc.client5.http.headers -- http-outgoing-2 >> Accept-Encoding: gzip, x-gzip, deflate
09:46:02.512 [testcontainers-wait-1] DEBUG com.github.dockerjava.zerodep.shaded.org.apache.hc.client5.http.headers -- http-outgoing-2 >> Host: localhost:2375
09:46:02.513 [testcontainers-wait-1] DEBUG com.github.dockerjava.zerodep.shaded.org.apache.hc.client5.http.headers -- http-outgoing-2 >> Connection: keep-alive
09:46:02.513 [testcontainers-wait-1] DEBUG com.github.dockerjava.zerodep.shaded.org.apache.hc.client5.http.wire -- http-outgoing-2 >> "GET /v1.32/containers/24142d801f7361732eafc1b45b9f4f07b8ea5bcf8bb59ea6ef508f83b3b4fc02/json HTTP/1.1[\r][\n]"
09:46:02.513 [testcontainers-wait-1] DEBUG com.github.dockerjava.zerodep.shaded.org.apache.hc.client5.http.wire -- http-outgoing-2 >> "accept: application/json[\r][\n]"
09:46:02.513 [testcontainers-wait-1] DEBUG com.github.dockerjava.zerodep.shaded.org.apache.hc.client5.http.wire -- http-outgoing-2 >> "x-tc-sid: bfc2ed12-23ce-401f-a1df-f57c73ebd58a[\r][\n]"
09:46:02.513 [testcontainers-wait-1] DEBUG com.github.dockerjava.zerodep.shaded.org.apache.hc.client5.http.wire -- http-outgoing-2 >> "User-Agent: tc-java/1.19.3[\r][\n]"
09:46:02.513 [testcontainers-wait-1] DEBUG com.github.dockerjava.zerodep.shaded.org.apache.hc.client5.http.wire -- http-outgoing-2 >> "Accept-Encoding: gzip, x-gzip, deflate[\r][\n]"
09:46:02.513 [testcontainers-wait-1] DEBUG com.github.dockerjava.zerodep.shaded.org.apache.hc.client5.http.wire -- http-outgoing-2 >> "Host: localhost:2375[\r][\n]"
09:46:02.513 [testcontainers-wait-1] DEBUG com.github.dockerjava.zerodep.shaded.org.apache.hc.client5.http.wire -- http-outgoing-2 >> "Connection: keep-alive[\r][\n]"
09:46:02.513 [testcontainers-wait-1] DEBUG com.github.dockerjava.zerodep.shaded.org.apache.hc.client5.http.wire -- http-outgoing-2 >> "[\r][\n]"
09:46:02.519 [testcontainers-wait-1] DEBUG com.github.dockerjava.zerodep.shaded.org.apache.hc.client5.http.wire -- http-outgoing-2 << "HTTP/1.1 200 OK[\r][\n]"
09:46:02.519 [testcontainers-wait-1] DEBUG com.github.dockerjava.zerodep.shaded.org.apache.hc.client5.http.wire -- http-outgoing-2 << "Api-Version: 1.47[\r][\n]"
09:46:02.519 [testcontainers-wait-1] DEBUG com.github.dockerjava.zerodep.shaded.org.apache.hc.client5.http.wire -- http-outgoing-2 << "Content-Type: application/json[\r][\n]"
09:46:02.519 [testcontainers-wait-1] DEBUG com.github.dockerjava.zerodep.shaded.org.apache.hc.client5.http.wire -- http-outgoing-2 << "Date: Fri, 02 May 2025 07:46:02 GMT[\r][\n]"
09:46:02.519 [testcontainers-wait-1] DEBUG com.github.dockerjava.zerodep.shaded.org.apache.hc.client5.http.wire -- http-outgoing-2 << "Docker-Experimental: false[\r][\n]"
09:46:02.519 [testcontainers-wait-1] DEBUG com.github.dockerjava.zerodep.shaded.org.apache.hc.client5.http.wire -- http-outgoing-2 << "Ostype: linux[\r][\n]"
09:46:02.519 [testcontainers-wait-1] DEBUG com.github.dockerjava.zerodep.shaded.org.apache.hc.client5.http.wire -- http-outgoing-2 << "Server: Docker/27.5.1 (linux)[\r][\n]"
09:46:02.519 [testcontainers-wait-1] DEBUG com.github.dockerjava.zerodep.shaded.org.apache.hc.client5.http.wire -- http-outgoing-2 << "Transfer-Encoding: chunked[\r][\n]"
09:46:02.519 [testcontainers-wait-1] DEBUG com.github.dockerjava.zerodep.shaded.org.apache.hc.client5.http.wire -- http-outgoing-2 << "[\r][\n]"
09:46:02.519 [testcontainers-wait-1] DEBUG com.github.dockerjava.zerodep.shaded.org.apache.hc.client5.http.headers -- http-outgoing-2 << HTTP/1.1 200 OK
09:46:02.519 [testcontainers-wait-1] DEBUG com.github.dockerjava.zerodep.shaded.org.apache.hc.client5.http.headers -- http-outgoing-2 << Api-Version: 1.47
09:46:02.519 [testcontainers-wait-1] DEBUG com.github.dockerjava.zerodep.shaded.org.apache.hc.client5.http.headers -- http-outgoing-2 << Content-Type: application/json
09:46:02.519 [testcontainers-wait-1] DEBUG com.github.dockerjava.zerodep.shaded.org.apache.hc.client5.http.headers -- http-outgoing-2 << Date: Fri, 02 May 2025 07:46:02 GMT
09:46:02.519 [testcontainers-wait-1] DEBUG com.github.dockerjava.zerodep.shaded.org.apache.hc.client5.http.headers -- http-outgoing-2 << Docker-Experimental: false
09:46:02.519 [testcontainers-wait-1] DEBUG com.github.dockerjava.zerodep.shaded.org.apache.hc.client5.http.headers -- http-outgoing-2 << Ostype: linux
09:46:02.519 [testcontainers-wait-1] DEBUG com.github.dockerjava.zerodep.shaded.org.apache.hc.client5.http.headers -- http-outgoing-2 << Server: Docker/27.5.1 (linux)
09:46:02.519 [testcontainers-wait-1] DEBUG com.github.dockerjava.zerodep.shaded.org.apache.hc.client5.http.headers -- http-outgoing-2 << Transfer-Encoding: chunked
09:46:02.519 [testcontainers-wait-1] DEBUG com.github.dockerjava.zerodep.shaded.org.apache.hc.client5.http.impl.classic.MainClientExec -- ex-00000013: connection can be kept alive for 3 MINUTES
09:46:02.521 [testcontainers-wait-1] DEBUG com.github.dockerjava.zerodep.shaded.org.apache.hc.client5.http.wire -- http-outgoing-2 << "1707[\r][\n]"
09:46:02.522 [testcontainers-wait-1] DEBUG com.github.dockerjava.zerodep.shaded.org.apache.hc.client5.http.wire -- http-outgoing-2 << "{"Id":"24142d801f7361732eafc1b45b9f4f07b8ea5bcf8bb59ea6ef508f83b3b4fc02","Created":"2025-05-02T07:45:53.48258996Z","Path":"/opt/bin/entry_point.sh","Args":[],"State":{"Status":"running","Running":true,"Paused":false,"Restarting":false,"OOMKilled":false,"Dead":false,"Pid":18601,"ExitCode":0,"Error":"","StartedAt":"2025-05-02T07:45:54.230295165Z","FinishedAt":"0001-01-01T00:00:00Z"},"Image":"sha256:98a4acf36526b42162e80e32b36ba7e5cd93e15cb0f2ca510d6fc3fe655edf92","ResolvConfPath":"/var/lib/docker/containers/24142d801f7361732eafc1b45b9f4f07b8ea5bcf8bb59ea6ef508f83b3b4fc02/resolv.conf","HostnamePath":"/var/lib/docker/containers/24142d801f7361732eafc1b45b9f4f07b8ea5bcf8bb59ea6ef508f83b3b4fc02/hostname","HostsPath":"/var/lib/docker/containers/24142d801f7361732eafc1b45b9f4f07b8ea5bcf8bb59ea6ef508f83b3b4fc02/hosts","LogPath":"/var/lib/docker/containers/24142d801f7361732eafc1b45b9f4f07b8ea5bcf8bb59ea6ef508f83b3b4fc02/24142d801f7361732eafc1b45b9f4f07b8ea5bcf8bb59ea6ef508f83b3b4fc02-json.log","Name":"/gracious_yalow","RestartCount":0,"Driver":"overlayfs","Platform":"linux","MountLabel":"","ProcessLabel":"","AppArmorProfile":"","ExecIDs":null,"HostConfig":{"Binds":[],"ContainerIDFile":"","LogConfig":{"Type":"json-file","Config":{}},"NetworkMode":"40fa9c662d55c1f903d10321bbbff97566ce50ab076c1b1f83516e59086538b7","PortBindings":{"4444/tcp":[{"HostIp":"0.0.0.0","HostPort":"0"}],"5900/tcp":[{"HostIp":"0.0.0.0","HostPort":"0"}]},"RestartPolicy":{"Name":"no","MaximumRetryCount":0},"AutoRemove":false,"VolumeDriver":"","VolumesFrom":[],"ConsoleSize":[0,0],"CapAdd":null,"CapDrop":null,"CgroupnsMode":"host","Dns":null,"DnsOptions":null,"DnsSearch":null,"ExtraHosts":[],"GroupAdd":null,"IpcMode":"shareable","Cgroup":"","Links":null,"OomScoreAdj":0,"PidMode":"","Privileged":false,"PublishAllPorts":false,"ReadonlyRootfs":false,"SecurityOpt":null,"UTSMode":"","UsernsMode":"","ShmSize":536870912,"Runtime":"runc","Isolation":"","CpuShares":0,"Memory":0,"NanoCpus":0,"CgroupParent":"","BlkioWeight":0,"BlkioWeightDevice":null,"BlkioDeviceReadBps":null,"BlkioDeviceWriteBps":null,"BlkioDeviceReadIOps":null,"BlkioDeviceWriteIOps":null,"CpuPeriod":0,"CpuQuota":0,"CpuRealtimePeriod":0,"CpuRealtimeRuntime":0,"CpusetCpus":"","CpusetMems":"","Devices":null,"DeviceCgroupRules":null,"DeviceRequests":null,"MemoryReservation":0,"MemorySwap":0,"MemorySwappiness":null,"OomKillDisable":false,"PidsLimit":null,"Ulimits":null,"CpuCount":0,"CpuPercent":0,"IOMaximumIOps":0,"IOMaximumBandwidth":0,"MaskedPaths":["/proc/asound","/proc/acpi","/proc/kcore","/proc/keys","/proc/latency_stats","/proc/timer_list","/proc/timer_stats","/proc/sched_debug","/proc/scsi","/sys/firmware","/sys/devices/virtual/powercap"],"ReadonlyPaths":["/proc/bus","/proc/fs","/proc/irq","/proc/sys","/proc/sysrq-trigger"]},"GraphDriver":{"Data":null,"Name":"overlayfs"},"Mounts":[],"Config":{"Hostname":"24142d801f73","Domainname":"","User":"1200","AttachStdin":false,"AttachStdout":false,"AttachStderr":false,"ExposedPorts":{"4444/tcp":{},"5900/tcp":{}},"Tty":false,"OpenStdin":false,"StdinOnce":false,"Env":["no_proxy=localhost","TZ=Europe/Madrid","PATH=/usr/local/sbin:/usr/local/bin:/usr/sbin:/usr/bin:/sbin:/bin","DEBIAN_FRONTEND=noninteractive","DEBCONF_NONINTERACTIVE_SEEN=true","SEL_USER=seluser","SEL_UID=1200","SEL_GID=1201","HOME=/home/seluser","SEL_DOWNLOAD_DIR=/Downloads","SE_BIND_HOST=false","SE_REJECT_UNSUPPORTED_CAPS=false","SE_OTEL_JAVA_GLOBAL_AUTOCONFIGURE_ENABLED=true","SE_OTEL_TRACES_EXPORTER=otlp","LANG_WHICH=en","LANG_WHERE=US","ENCODING=UTF-8","LANGUAGE=en_US.UTF-8","LANG=","SE_ENABLE_BROWSER_LEFTOVERS_CLEANUP=false","SE_BROWSER_LEFTOVERS_INTERVAL_SECS=3600","SE_BROWSER_LEFTOVERS_PROCESSES_SECS=7200","SE_BROWSER_LEFTOVERS_TEMPFILES_DAYS=1","SE_DRAIN_AFTER_SESSION_COUNT=0","SE_NODE_MAX_SESSIONS=1","SE_NODE_SESSION_TIMEOUT=300","SE_NODE_OVERRIDE_MAX_SESSIONS=false","SE_NODE_HEARTBEAT_PERIOD=30","SE_OTEL_SERVICE_NAME=selenium-standalone","SE_OFFLINE=true","SE_SCREEN_WIDTH=1360","SE_SCREEN_HEIGHT=1020","SE_SCREEN_DEPTH=24","SE_SCREEN_DPI=96","SE_START_XVFB=true","SE_START_VNC=true","SE_STA"
09:46:02.525 [testcontainers-wait-1] DEBUG com.github.dockerjava.zerodep.shaded.org.apache.hc.client5.http.wire -- http-outgoing-2 << "RT_NO_VNC=true","SE_NO_VNC_PORT=7900","SE_VNC_PORT=5900","DISPLAY=:99.0","DISPLAY_NUM=99","CONFIG_FILE=/opt/selenium/config.toml","GENERATE_CONFIG=true","DBUS_SESSION_BUS_ADDRESS=/dev/null","SE_SESSION_REQUEST_TIMEOUT=300","SE_SESSION_RETRY_INTERVAL=15","SE_HEALTHCHECK_INTERVAL=120","SE_RELAX_CHECKS=true"],"Cmd":["/opt/bin/entry_point.sh"],"Image":"selenium/standalone-chrome:4.20.0","Volumes":null,"WorkingDir":"","Entrypoint":null,"OnBuild":null,"Labels":{"authors":"","org.opencontainers.image.ref.name":"ubuntu","org.opencontainers.image.version":"22.04","org.testcontainers":"true","org.testcontainers.lang":"java","org.testcontainers.sessionId":"bfc2ed12-23ce-401f-a1df-f57c73ebd58a","org.testcontainers.version":"1.19.3"}},"NetworkSettings":{"Bridge":"","SandboxID":"969510a295a632d4e36730a78033a44c609e4eaf3270bb0469489e1d5734e3b0","SandboxKey":"/var/run/docker/netns/969510a295a6","Ports":{"4444/tcp":[{"HostIp":"0.0.0.0","HostPort":"62212"}],"5900/tcp":[{"HostIp":"0.0.0.0","HostPort":"62213"}]},"HairpinMode":false,"LinkLocalIPv6Address":"","LinkLocalIPv6PrefixLen":0,"SecondaryIPAddresses":null,"SecondaryIPv6Addresses":null,"EndpointID":"","Gateway":"","GlobalIPv6Address":"","GlobalIPv6PrefixLen":0,"IPAddress":"","IPPrefixLen":0,"IPv6Gateway":"","MacAddress":"","Networks":{"680d18ca-38a1-4057-a5d5-0ccd248aa2e8":{"IPAMConfig":null,"Links":null,"Aliases":["tc-6DidaMrm","24142d801f73"],"MacAddress":"02:42:ac:13:00:02","DriverOpts":null,"NetworkID":"40fa9c662d55c1f903d10321bbbff97566ce50ab076c1b1f83516e59086538b7","EndpointID":"ed90e352e9a2a13399450553ebfffd298997ed084f710b10e181bc518ac6cacb","Gateway":"172.19.0.1","IPAddress":"172.19.0.2","IPPrefixLen":16,"IPv6Gateway":"","GlobalIPv6Address":"","GlobalIPv6PrefixLen":0,"DNSNames":["gracious_yalow","tc-6DidaMrm","24142d801f73"]}}}}[\n]"
09:46:02.525 [testcontainers-wait-0] DEBUG com.github.dockerjava.zerodep.shaded.org.apache.hc.client5.http.impl.classic.InternalHttpClient -- ex-00000014: preparing request execution
09:46:02.525 [testcontainers-wait-0] DEBUG com.github.dockerjava.zerodep.shaded.org.apache.hc.client5.http.protocol.RequestAddCookies -- Cookie spec selected: strict
09:46:02.525 [testcontainers-wait-0] DEBUG com.github.dockerjava.zerodep.shaded.org.apache.hc.client5.http.protocol.RequestAuthCache -- Auth cache not set in the context
09:46:02.525 [testcontainers-wait-0] DEBUG com.github.dockerjava.zerodep.shaded.org.apache.hc.client5.http.impl.classic.ProtocolExec -- ex-00000014: target auth state: UNCHALLENGED
09:46:02.525 [testcontainers-wait-0] DEBUG com.github.dockerjava.zerodep.shaded.org.apache.hc.client5.http.impl.classic.ProtocolExec -- ex-00000014: proxy auth state: UNCHALLENGED
09:46:02.525 [testcontainers-wait-0] DEBUG com.github.dockerjava.zerodep.shaded.org.apache.hc.client5.http.impl.classic.ConnectExec -- ex-00000014: acquiring connection with route {}->npipe://localhost:2375
09:46:02.525 [testcontainers-wait-0] DEBUG com.github.dockerjava.zerodep.shaded.org.apache.hc.client5.http.impl.classic.InternalHttpClient -- ex-00000014: acquiring endpoint (3 MINUTES)
09:46:02.525 [testcontainers-wait-0] DEBUG com.github.dockerjava.zerodep.shaded.org.apache.hc.client5.http.impl.io.PoolingHttpClientConnectionManager -- ex-00000014: endpoint lease request (3 MINUTES) [route: {}->npipe://localhost:2375][total available: 0; route allocated: 1 of 2147483647; total allocated: 1 of 2147483647]
09:46:02.526 [testcontainers-wait-0] DEBUG com.github.dockerjava.zerodep.shaded.org.apache.hc.client5.http.impl.io.PoolingHttpClientConnectionManager -- ex-00000014: endpoint leased [route: {}->npipe://localhost:2375][total available: 0; route allocated: 2 of 2147483647; total allocated: 2 of 2147483647]
09:46:02.528 [testcontainers-wait-0] DEBUG com.github.dockerjava.zerodep.shaded.org.apache.hc.client5.http.impl.io.PoolingHttpClientConnectionManager -- ex-00000014: acquired ep-00000013
09:46:02.528 [testcontainers-wait-0] DEBUG com.github.dockerjava.zerodep.shaded.org.apache.hc.client5.http.impl.classic.InternalHttpClient -- ex-00000014: acquired endpoint ep-00000013
09:46:02.528 [testcontainers-wait-0] DEBUG com.github.dockerjava.zerodep.shaded.org.apache.hc.client5.http.impl.classic.ConnectExec -- ex-00000014: opening connection {}->npipe://localhost:2375
09:46:02.528 [testcontainers-wait-0] DEBUG com.github.dockerjava.zerodep.shaded.org.apache.hc.client5.http.impl.classic.InternalHttpClient -- ep-00000013: connecting endpoint (3 MINUTES)
09:46:02.528 [testcontainers-wait-0] DEBUG com.github.dockerjava.zerodep.shaded.org.apache.hc.client5.http.impl.io.PoolingHttpClientConnectionManager -- ep-00000013: connecting endpoint to npipe://localhost:2375 (3 MINUTES)
09:46:02.528 [testcontainers-wait-0] DEBUG com.github.dockerjava.zerodep.shaded.org.apache.hc.client5.http.impl.io.DefaultHttpClientConnectionOperator -- http-outgoing-3: connecting to localhost/127.0.0.1:2375
09:46:02.528 [testcontainers-wait-1] DEBUG com.github.dockerjava.zerodep.shaded.org.apache.hc.client5.http.wire -- http-outgoing-2 << "[\r][\n]"
09:46:02.528 [testcontainers-wait-1] DEBUG com.github.dockerjava.zerodep.shaded.org.apache.hc.client5.http.wire -- http-outgoing-2 << "0[\r][\n]"
09:46:02.528 [testcontainers-wait-1] DEBUG com.github.dockerjava.zerodep.shaded.org.apache.hc.client5.http.wire -- http-outgoing-2 << "[\r][\n]"
09:46:02.528 [testcontainers-wait-0] DEBUG com.github.dockerjava.zerodep.shaded.org.apache.hc.client5.http.impl.io.DefaultHttpClientConnectionOperator -- http-outgoing-3: connection established 
09:46:02.529 [testcontainers-wait-1] DEBUG com.github.dockerjava.zerodep.shaded.org.apache.hc.client5.http.impl.classic.InternalHttpClient -- ep-00000012: releasing valid endpoint
09:46:02.529 [testcontainers-wait-1] DEBUG com.github.dockerjava.zerodep.shaded.org.apache.hc.client5.http.impl.io.PoolingHttpClientConnectionManager -- ep-00000012: releasing endpoint
09:46:02.529 [testcontainers-wait-1] DEBUG com.github.dockerjava.zerodep.shaded.org.apache.hc.client5.http.impl.io.PoolingHttpClientConnectionManager -- ep-00000012: connection http-outgoing-2 can be kept alive for 3 MINUTES
09:46:02.529 [testcontainers-wait-0] DEBUG com.github.dockerjava.zerodep.shaded.org.apache.hc.client5.http.impl.io.PoolingHttpClientConnectionManager -- ep-00000013: connected http-outgoing-3
09:46:02.529 [testcontainers-wait-0] DEBUG com.github.dockerjava.zerodep.shaded.org.apache.hc.client5.http.impl.classic.InternalHttpClient -- ep-00000013: endpoint connected
09:46:02.529 [testcontainers-wait-1] DEBUG com.github.dockerjava.zerodep.shaded.org.apache.hc.client5.http.impl.io.PoolingHttpClientConnectionManager -- ep-00000012: connection released [route: {}->npipe://localhost:2375][total available: 1; route allocated: 2 of 2147483647; total allocated: 2 of 2147483647]
09:46:02.529 [testcontainers-wait-0] DEBUG com.github.dockerjava.zerodep.shaded.org.apache.hc.client5.http.impl.classic.MainClientExec -- ex-00000014: executing POST /v1.32/containers/24142d801f7361732eafc1b45b9f4f07b8ea5bcf8bb59ea6ef508f83b3b4fc02/exec HTTP/1.1
09:46:02.529 [testcontainers-wait-0] DEBUG com.github.dockerjava.zerodep.shaded.org.apache.hc.client5.http.impl.classic.InternalHttpClient -- ep-00000013: start execution ex-00000014
09:46:02.529 [testcontainers-wait-0] DEBUG com.github.dockerjava.zerodep.shaded.org.apache.hc.client5.http.impl.io.PoolingHttpClientConnectionManager -- ep-00000013: executing exchange ex-00000014 over http-outgoing-3
09:46:02.530 [testcontainers-wait-0] DEBUG com.github.dockerjava.zerodep.shaded.org.apache.hc.client5.http.headers -- http-outgoing-3 >> POST /v1.32/containers/24142d801f7361732eafc1b45b9f4f07b8ea5bcf8bb59ea6ef508f83b3b4fc02/exec HTTP/1.1
09:46:02.532 [testcontainers-wait-0] DEBUG com.github.dockerjava.zerodep.shaded.org.apache.hc.client5.http.headers -- http-outgoing-3 >> accept: application/json
09:46:02.532 [testcontainers-wait-0] DEBUG com.github.dockerjava.zerodep.shaded.org.apache.hc.client5.http.headers -- http-outgoing-3 >> content-type: application/json
09:46:02.532 [testcontainers-wait-0] DEBUG com.github.dockerjava.zerodep.shaded.org.apache.hc.client5.http.headers -- http-outgoing-3 >> x-tc-sid: bfc2ed12-23ce-401f-a1df-f57c73ebd58a
09:46:02.532 [testcontainers-wait-0] DEBUG com.github.dockerjava.zerodep.shaded.org.apache.hc.client5.http.headers -- http-outgoing-3 >> User-Agent: tc-java/1.19.3
09:46:02.532 [testcontainers-wait-0] DEBUG com.github.dockerjava.zerodep.shaded.org.apache.hc.client5.http.headers -- http-outgoing-3 >> Accept-Encoding: gzip, x-gzip, deflate
09:46:02.532 [testcontainers-wait-0] DEBUG com.github.dockerjava.zerodep.shaded.org.apache.hc.client5.http.headers -- http-outgoing-3 >> Content-Length: 514
09:46:02.532 [testcontainers-wait-0] DEBUG com.github.dockerjava.zerodep.shaded.org.apache.hc.client5.http.headers -- http-outgoing-3 >> Host: localhost:2375
09:46:02.532 [testcontainers-wait-0] DEBUG com.github.dockerjava.zerodep.shaded.org.apache.hc.client5.http.headers -- http-outgoing-3 >> Connection: keep-alive
09:46:02.532 [testcontainers-wait-0] DEBUG com.github.dockerjava.zerodep.shaded.org.apache.hc.client5.http.wire -- http-outgoing-3 >> "POST /v1.32/containers/24142d801f7361732eafc1b45b9f4f07b8ea5bcf8bb59ea6ef508f83b3b4fc02/exec HTTP/1.1[\r][\n]"
09:46:02.532 [testcontainers-wait-0] DEBUG com.github.dockerjava.zerodep.shaded.org.apache.hc.client5.http.wire -- http-outgoing-3 >> "accept: application/json[\r][\n]"
09:46:02.532 [testcontainers-wait-0] DEBUG com.github.dockerjava.zerodep.shaded.org.apache.hc.client5.http.wire -- http-outgoing-3 >> "content-type: application/json[\r][\n]"
09:46:02.532 [testcontainers-wait-0] DEBUG com.github.dockerjava.zerodep.shaded.org.apache.hc.client5.http.wire -- http-outgoing-3 >> "x-tc-sid: bfc2ed12-23ce-401f-a1df-f57c73ebd58a[\r][\n]"
09:46:02.532 [testcontainers-wait-0] DEBUG com.github.dockerjava.zerodep.shaded.org.apache.hc.client5.http.wire -- http-outgoing-3 >> "User-Agent: tc-java/1.19.3[\r][\n]"
09:46:02.532 [testcontainers-wait-0] DEBUG com.github.dockerjava.zerodep.shaded.org.apache.hc.client5.http.wire -- http-outgoing-3 >> "Accept-Encoding: gzip, x-gzip, deflate[\r][\n]"
09:46:02.532 [testcontainers-wait-0] DEBUG com.github.dockerjava.zerodep.shaded.org.apache.hc.client5.http.wire -- http-outgoing-3 >> "Content-Length: 514[\r][\n]"
09:46:02.532 [testcontainers-wait-0] DEBUG com.github.dockerjava.zerodep.shaded.org.apache.hc.client5.http.wire -- http-outgoing-3 >> "Host: localhost:2375[\r][\n]"
09:46:02.532 [testcontainers-wait-0] DEBUG com.github.dockerjava.zerodep.shaded.org.apache.hc.client5.http.wire -- http-outgoing-3 >> "Connection: keep-alive[\r][\n]"
09:46:02.532 [testcontainers-wait-0] DEBUG com.github.dockerjava.zerodep.shaded.org.apache.hc.client5.http.wire -- http-outgoing-3 >> "[\r][\n]"
09:46:02.532 [testcontainers-wait-0] DEBUG com.github.dockerjava.zerodep.shaded.org.apache.hc.client5.http.wire -- http-outgoing-3 >> "{"containerId":"24142d801f7361732eafc1b45b9f4f07b8ea5bcf8bb59ea6ef508f83b3b4fc02","AttachStdin":null,"AttachStdout":true,"AttachStderr":true,"Tty":null,"Privileged":null,"User":null,"Cmd":["/bin/sh","-c","while true; do ( true  &&  (grep -i ':0*115c' /proc/net/tcp* || nc -vz -w 1 localhost 4444 || /bin/bash -c '</dev/tcp/localhost/4444') &&  (grep -i ':0*170c' /proc/net/tcp* || nc -vz -w 1 localhost 5900 || /bin/bash -c '</dev/tcp/localhost/5900') ) && exit 0 || sleep 0.1; done"],"Env":null,"WorkingDir":null}"
09:46:02.537 [testcontainers-wait-1] DEBUG org.testcontainers.containers.wait.strategy.HostPortWaitStrategy -- External port check passed for [4444, 5900] mapped as [62212, 62213] in PT0.0435867S
09:46:02.545 [testcontainers-wait-0] DEBUG com.github.dockerjava.zerodep.shaded.org.apache.hc.client5.http.wire -- http-outgoing-3 << "HTTP/1.1 201 Created[\r][\n]"
09:46:02.545 [testcontainers-wait-0] DEBUG com.github.dockerjava.zerodep.shaded.org.apache.hc.client5.http.wire -- http-outgoing-3 << "Api-Version: 1.47[\r][\n]"
09:46:02.545 [testcontainers-wait-0] DEBUG com.github.dockerjava.zerodep.shaded.org.apache.hc.client5.http.wire -- http-outgoing-3 << "Content-Type: application/json[\r][\n]"
09:46:02.545 [testcontainers-wait-0] DEBUG com.github.dockerjava.zerodep.shaded.org.apache.hc.client5.http.wire -- http-outgoing-3 << "Date: Fri, 02 May 2025 07:46:02 GMT[\r][\n]"
09:46:02.545 [testcontainers-wait-0] DEBUG com.github.dockerjava.zerodep.shaded.org.apache.hc.client5.http.wire -- http-outgoing-3 << "Docker-Experimental: false[\r][\n]"
09:46:02.545 [testcontainers-wait-0] DEBUG com.github.dockerjava.zerodep.shaded.org.apache.hc.client5.http.wire -- http-outgoing-3 << "Ostype: linux[\r][\n]"
09:46:02.545 [testcontainers-wait-0] DEBUG com.github.dockerjava.zerodep.shaded.org.apache.hc.client5.http.wire -- http-outgoing-3 << "Server: Docker/27.5.1 (linux)[\r][\n]"
09:46:02.545 [testcontainers-wait-0] DEBUG com.github.dockerjava.zerodep.shaded.org.apache.hc.client5.http.wire -- http-outgoing-3 << "Transfer-Encoding: chunked[\r][\n]"
09:46:02.545 [testcontainers-wait-0] DEBUG com.github.dockerjava.zerodep.shaded.org.apache.hc.client5.http.wire -- http-outgoing-3 << "[\r][\n]"
09:46:02.545 [testcontainers-wait-0] DEBUG com.github.dockerjava.zerodep.shaded.org.apache.hc.client5.http.headers -- http-outgoing-3 << HTTP/1.1 201 Created
09:46:02.545 [testcontainers-wait-0] DEBUG com.github.dockerjava.zerodep.shaded.org.apache.hc.client5.http.headers -- http-outgoing-3 << Api-Version: 1.47
09:46:02.545 [testcontainers-wait-0] DEBUG com.github.dockerjava.zerodep.shaded.org.apache.hc.client5.http.headers -- http-outgoing-3 << Content-Type: application/json
09:46:02.545 [testcontainers-wait-0] DEBUG com.github.dockerjava.zerodep.shaded.org.apache.hc.client5.http.headers -- http-outgoing-3 << Date: Fri, 02 May 2025 07:46:02 GMT
09:46:02.545 [testcontainers-wait-0] DEBUG com.github.dockerjava.zerodep.shaded.org.apache.hc.client5.http.headers -- http-outgoing-3 << Docker-Experimental: false
09:46:02.545 [testcontainers-wait-0] DEBUG com.github.dockerjava.zerodep.shaded.org.apache.hc.client5.http.headers -- http-outgoing-3 << Ostype: linux
09:46:02.545 [testcontainers-wait-0] DEBUG com.github.dockerjava.zerodep.shaded.org.apache.hc.client5.http.headers -- http-outgoing-3 << Server: Docker/27.5.1 (linux)
09:46:02.545 [testcontainers-wait-0] DEBUG com.github.dockerjava.zerodep.shaded.org.apache.hc.client5.http.headers -- http-outgoing-3 << Transfer-Encoding: chunked
09:46:02.546 [testcontainers-wait-0] DEBUG com.github.dockerjava.zerodep.shaded.org.apache.hc.client5.http.impl.classic.MainClientExec -- ex-00000014: connection can be kept alive for 3 MINUTES
09:46:02.547 [testcontainers-wait-0] DEBUG com.github.dockerjava.zerodep.shaded.org.apache.hc.client5.http.wire -- http-outgoing-3 << "4a[\r][\n]"
09:46:02.547 [testcontainers-wait-0] DEBUG com.github.dockerjava.zerodep.shaded.org.apache.hc.client5.http.wire -- http-outgoing-3 << "{"Id":"f892488fce43505332299f9c498805f0acc5296e3f0192d38d40f72b50b1377f"}[\n]"
09:46:02.547 [testcontainers-wait-0] DEBUG com.github.dockerjava.zerodep.shaded.org.apache.hc.client5.http.wire -- http-outgoing-3 << "[\r][\n]"
09:46:02.547 [testcontainers-wait-0] DEBUG com.github.dockerjava.zerodep.shaded.org.apache.hc.client5.http.wire -- http-outgoing-3 << "0[\r][\n]"
09:46:02.547 [testcontainers-wait-0] DEBUG com.github.dockerjava.zerodep.shaded.org.apache.hc.client5.http.wire -- http-outgoing-3 << "[\r][\n]"
09:46:02.550 [testcontainers-wait-0] DEBUG com.github.dockerjava.zerodep.shaded.org.apache.hc.client5.http.impl.classic.InternalHttpClient -- ep-00000013: releasing valid endpoint
09:46:02.551 [testcontainers-wait-0] DEBUG com.github.dockerjava.zerodep.shaded.org.apache.hc.client5.http.impl.io.PoolingHttpClientConnectionManager -- ep-00000013: releasing endpoint
09:46:02.551 [testcontainers-wait-0] DEBUG com.github.dockerjava.zerodep.shaded.org.apache.hc.client5.http.impl.io.PoolingHttpClientConnectionManager -- ep-00000013: connection http-outgoing-3 can be kept alive for 3 MINUTES
09:46:02.551 [testcontainers-wait-0] DEBUG com.github.dockerjava.zerodep.shaded.org.apache.hc.client5.http.impl.io.PoolingHttpClientConnectionManager -- ep-00000013: connection released [route: {}->npipe://localhost:2375][total available: 2; route allocated: 2 of 2147483647; total allocated: 2 of 2147483647]
09:46:02.560 [docker-java-stream-1581788528] DEBUG com.github.dockerjava.zerodep.shaded.org.apache.hc.client5.http.impl.classic.InternalHttpClient -- ex-00000015: preparing request execution
09:46:02.560 [docker-java-stream-1581788528] DEBUG com.github.dockerjava.zerodep.shaded.org.apache.hc.client5.http.protocol.RequestAddCookies -- Cookie spec selected: strict
09:46:02.561 [docker-java-stream-1581788528] DEBUG com.github.dockerjava.zerodep.shaded.org.apache.hc.client5.http.protocol.RequestAuthCache -- Auth cache not set in the context
09:46:02.561 [docker-java-stream-1581788528] DEBUG com.github.dockerjava.zerodep.shaded.org.apache.hc.client5.http.impl.classic.ProtocolExec -- ex-00000015: target auth state: UNCHALLENGED
09:46:02.561 [docker-java-stream-1581788528] DEBUG com.github.dockerjava.zerodep.shaded.org.apache.hc.client5.http.impl.classic.ProtocolExec -- ex-00000015: proxy auth state: UNCHALLENGED
09:46:02.561 [docker-java-stream-1581788528] DEBUG com.github.dockerjava.zerodep.shaded.org.apache.hc.client5.http.impl.classic.ConnectExec -- ex-00000015: acquiring connection with route {}->npipe://localhost:2375
09:46:02.561 [docker-java-stream-1581788528] DEBUG com.github.dockerjava.zerodep.shaded.org.apache.hc.client5.http.impl.classic.InternalHttpClient -- ex-00000015: acquiring endpoint (3 MINUTES)
09:46:02.561 [docker-java-stream-1581788528] DEBUG com.github.dockerjava.zerodep.shaded.org.apache.hc.client5.http.impl.io.PoolingHttpClientConnectionManager -- ex-00000015: endpoint lease request (3 MINUTES) [route: {}->npipe://localhost:2375][total available: 2; route allocated: 2 of 2147483647; total allocated: 2 of 2147483647]
09:46:02.561 [docker-java-stream-1581788528] DEBUG com.github.dockerjava.zerodep.shaded.org.apache.hc.client5.http.impl.io.PoolingHttpClientConnectionManager -- ex-00000015: endpoint leased [route: {}->npipe://localhost:2375][total available: 1; route allocated: 2 of 2147483647; total allocated: 2 of 2147483647]
09:46:02.561 [docker-java-stream-1581788528] DEBUG com.github.dockerjava.zerodep.shaded.org.apache.hc.client5.http.impl.io.PoolingHttpClientConnectionManager -- ex-00000015: acquired ep-00000014
09:46:02.561 [docker-java-stream-1581788528] DEBUG com.github.dockerjava.zerodep.shaded.org.apache.hc.client5.http.impl.classic.InternalHttpClient -- ex-00000015: acquired endpoint ep-00000014
09:46:02.561 [docker-java-stream-1581788528] DEBUG com.github.dockerjava.zerodep.shaded.org.apache.hc.client5.http.impl.classic.MainClientExec -- ex-00000015: executing POST /v1.32/exec/f892488fce43505332299f9c498805f0acc5296e3f0192d38d40f72b50b1377f/start HTTP/1.1
09:46:02.561 [docker-java-stream-1581788528] DEBUG com.github.dockerjava.zerodep.shaded.org.apache.hc.client5.http.impl.classic.InternalHttpClient -- ep-00000014: start execution ex-00000015
09:46:02.561 [docker-java-stream-1581788528] DEBUG com.github.dockerjava.zerodep.shaded.org.apache.hc.client5.http.impl.io.PoolingHttpClientConnectionManager -- ep-00000014: executing exchange ex-00000015 over http-outgoing-3
09:46:02.561 [docker-java-stream-1581788528] DEBUG com.github.dockerjava.zerodep.shaded.org.apache.hc.client5.http.headers -- http-outgoing-3 >> POST /v1.32/exec/f892488fce43505332299f9c498805f0acc5296e3f0192d38d40f72b50b1377f/start HTTP/1.1
09:46:02.561 [docker-java-stream-1581788528] DEBUG com.github.dockerjava.zerodep.shaded.org.apache.hc.client5.http.headers -- http-outgoing-3 >> accept: application/json
09:46:02.561 [docker-java-stream-1581788528] DEBUG com.github.dockerjava.zerodep.shaded.org.apache.hc.client5.http.headers -- http-outgoing-3 >> content-type: application/json
09:46:02.561 [docker-java-stream-1581788528] DEBUG com.github.dockerjava.zerodep.shaded.org.apache.hc.client5.http.headers -- http-outgoing-3 >> x-tc-sid: bfc2ed12-23ce-401f-a1df-f57c73ebd58a
09:46:02.561 [docker-java-stream-1581788528] DEBUG com.github.dockerjava.zerodep.shaded.org.apache.hc.client5.http.headers -- http-outgoing-3 >> User-Agent: tc-java/1.19.3
09:46:02.561 [docker-java-stream-1581788528] DEBUG com.github.dockerjava.zerodep.shaded.org.apache.hc.client5.http.headers -- http-outgoing-3 >> Accept-Encoding: gzip, x-gzip, deflate
09:46:02.561 [docker-java-stream-1581788528] DEBUG com.github.dockerjava.zerodep.shaded.org.apache.hc.client5.http.headers -- http-outgoing-3 >> Content-Length: 26
09:46:02.561 [docker-java-stream-1581788528] DEBUG com.github.dockerjava.zerodep.shaded.org.apache.hc.client5.http.headers -- http-outgoing-3 >> Host: localhost:2375
09:46:02.561 [docker-java-stream-1581788528] DEBUG com.github.dockerjava.zerodep.shaded.org.apache.hc.client5.http.headers -- http-outgoing-3 >> Connection: keep-alive
09:46:02.562 [docker-java-stream-1581788528] DEBUG com.github.dockerjava.zerodep.shaded.org.apache.hc.client5.http.wire -- http-outgoing-3 >> "POST /v1.32/exec/f892488fce43505332299f9c498805f0acc5296e3f0192d38d40f72b50b1377f/start HTTP/1.1[\r][\n]"
09:46:02.562 [docker-java-stream-1581788528] DEBUG com.github.dockerjava.zerodep.shaded.org.apache.hc.client5.http.wire -- http-outgoing-3 >> "accept: application/json[\r][\n]"
09:46:02.562 [docker-java-stream-1581788528] DEBUG com.github.dockerjava.zerodep.shaded.org.apache.hc.client5.http.wire -- http-outgoing-3 >> "content-type: application/json[\r][\n]"
09:46:02.562 [docker-java-stream-1581788528] DEBUG com.github.dockerjava.zerodep.shaded.org.apache.hc.client5.http.wire -- http-outgoing-3 >> "x-tc-sid: bfc2ed12-23ce-401f-a1df-f57c73ebd58a[\r][\n]"
09:46:02.562 [docker-java-stream-1581788528] DEBUG com.github.dockerjava.zerodep.shaded.org.apache.hc.client5.http.wire -- http-outgoing-3 >> "User-Agent: tc-java/1.19.3[\r][\n]"
09:46:02.562 [docker-java-stream-1581788528] DEBUG com.github.dockerjava.zerodep.shaded.org.apache.hc.client5.http.wire -- http-outgoing-3 >> "Accept-Encoding: gzip, x-gzip, deflate[\r][\n]"
09:46:02.562 [docker-java-stream-1581788528] DEBUG com.github.dockerjava.zerodep.shaded.org.apache.hc.client5.http.wire -- http-outgoing-3 >> "Content-Length: 26[\r][\n]"
09:46:02.562 [docker-java-stream-1581788528] DEBUG com.github.dockerjava.zerodep.shaded.org.apache.hc.client5.http.wire -- http-outgoing-3 >> "Host: localhost:2375[\r][\n]"
09:46:02.562 [docker-java-stream-1581788528] DEBUG com.github.dockerjava.zerodep.shaded.org.apache.hc.client5.http.wire -- http-outgoing-3 >> "Connection: keep-alive[\r][\n]"
09:46:02.562 [docker-java-stream-1581788528] DEBUG com.github.dockerjava.zerodep.shaded.org.apache.hc.client5.http.wire -- http-outgoing-3 >> "[\r][\n]"
09:46:02.562 [docker-java-stream-1581788528] DEBUG com.github.dockerjava.zerodep.shaded.org.apache.hc.client5.http.wire -- http-outgoing-3 >> "{"Detach":null,"Tty":null}"
09:46:02.594 [docker-java-stream-1581788528] DEBUG com.github.dockerjava.zerodep.shaded.org.apache.hc.client5.http.wire -- http-outgoing-3 << "HTTP/1.1 200 OK[\r][\n]"
09:46:02.594 [docker-java-stream-1581788528] DEBUG com.github.dockerjava.zerodep.shaded.org.apache.hc.client5.http.wire -- http-outgoing-3 << "Api-Version: 1.47[\r][\n]"
09:46:02.594 [docker-java-stream-1581788528] DEBUG com.github.dockerjava.zerodep.shaded.org.apache.hc.client5.http.wire -- http-outgoing-3 << "Content-Type: application/vnd.docker.raw-stream[\r][\n]"
09:46:02.594 [docker-java-stream-1581788528] DEBUG com.github.dockerjava.zerodep.shaded.org.apache.hc.client5.http.wire -- http-outgoing-3 << "Date: Fri, 02 May 2025 07:46:02 GMT[\r][\n]"
09:46:02.594 [docker-java-stream-1581788528] DEBUG com.github.dockerjava.zerodep.shaded.org.apache.hc.client5.http.wire -- http-outgoing-3 << "Docker-Experimental: false[\r][\n]"
09:46:02.594 [docker-java-stream-1581788528] DEBUG com.github.dockerjava.zerodep.shaded.org.apache.hc.client5.http.wire -- http-outgoing-3 << "Ostype: linux[\r][\n]"
09:46:02.594 [docker-java-stream-1581788528] DEBUG com.github.dockerjava.zerodep.shaded.org.apache.hc.client5.http.wire -- http-outgoing-3 << "Server: Docker/27.5.1 (linux)[\r][\n]"
09:46:02.594 [docker-java-stream-1581788528] DEBUG com.github.dockerjava.zerodep.shaded.org.apache.hc.client5.http.wire -- http-outgoing-3 << "Transfer-Encoding: chunked[\r][\n]"
09:46:02.594 [docker-java-stream-1581788528] DEBUG com.github.dockerjava.zerodep.shaded.org.apache.hc.client5.http.wire -- http-outgoing-3 << "[\r][\n]"
09:46:02.594 [docker-java-stream-1581788528] DEBUG com.github.dockerjava.zerodep.shaded.org.apache.hc.client5.http.headers -- http-outgoing-3 << HTTP/1.1 200 OK
09:46:02.594 [docker-java-stream-1581788528] DEBUG com.github.dockerjava.zerodep.shaded.org.apache.hc.client5.http.headers -- http-outgoing-3 << Api-Version: 1.47
09:46:02.594 [docker-java-stream-1581788528] DEBUG com.github.dockerjava.zerodep.shaded.org.apache.hc.client5.http.headers -- http-outgoing-3 << Content-Type: application/vnd.docker.raw-stream
09:46:02.594 [docker-java-stream-1581788528] DEBUG com.github.dockerjava.zerodep.shaded.org.apache.hc.client5.http.headers -- http-outgoing-3 << Date: Fri, 02 May 2025 07:46:02 GMT
09:46:02.594 [docker-java-stream-1581788528] DEBUG com.github.dockerjava.zerodep.shaded.org.apache.hc.client5.http.headers -- http-outgoing-3 << Docker-Experimental: false
09:46:02.594 [docker-java-stream-1581788528] DEBUG com.github.dockerjava.zerodep.shaded.org.apache.hc.client5.http.headers -- http-outgoing-3 << Ostype: linux
09:46:02.594 [docker-java-stream-1581788528] DEBUG com.github.dockerjava.zerodep.shaded.org.apache.hc.client5.http.headers -- http-outgoing-3 << Server: Docker/27.5.1 (linux)
09:46:02.594 [docker-java-stream-1581788528] DEBUG com.github.dockerjava.zerodep.shaded.org.apache.hc.client5.http.headers -- http-outgoing-3 << Transfer-Encoding: chunked
09:46:02.595 [docker-java-stream-1581788528] DEBUG com.github.dockerjava.zerodep.shaded.org.apache.hc.client5.http.impl.classic.MainClientExec -- ex-00000015: connection can be kept alive for 3 MINUTES
09:46:02.692 [docker-java-stream-1581788528] DEBUG com.github.dockerjava.zerodep.shaded.org.apache.hc.client5.http.wire -- http-outgoing-3 << "18a[\r][\n]"
09:46:02.692 [docker-java-stream-1581788528] DEBUG com.github.dockerjava.zerodep.shaded.org.apache.hc.client5.http.wire -- http-outgoing-3 << "[0x1][0x0][0x0][0x0][0x0][0x0][0x1][0xffffff82]/proc/net/tcp6:   2: 00000000000000000000000000000000:115C 00000000000000000000000000000000:0000 0A 00000000:00000000 00:00000000 00000000  1200        0 153129 1 0000000000000000 100 0 0 10 0[\n]"
09:46:02.692 [docker-java-stream-1581788528] DEBUG com.github.dockerjava.zerodep.shaded.org.apache.hc.client5.http.wire -- http-outgoing-3 << "/proc/net/tcp6:   3: 0000000000000000FFFF0000020013AC:115C 0000000000000000FFFF0000010013AC:EC5A 08 00000000:00000001 00:00000000 00000000  1200        0 154796 1 0000000000000000 21 4 0 10 -1[\n]"
09:46:02.693 [docker-java-stream-1581788528] DEBUG com.github.dockerjava.zerodep.shaded.org.apache.hc.client5.http.wire -- http-outgoing-3 << "[\r][\n]"
09:46:02.695 [docker-java-stream-1581788528] DEBUG com.github.dockerjava.zerodep.shaded.org.apache.hc.client5.http.wire -- http-outgoing-3 << "211[\r][\n]"
09:46:02.695 [docker-java-stream-1581788528] DEBUG com.github.dockerjava.zerodep.shaded.org.apache.hc.client5.http.wire -- http-outgoing-3 << "[0x1][0x0][0x0][0x0][0x0][0x0][0x2][0x9]/proc/net/tcp:   1: 00000000:170C 00000000:0000 0A 00000000:00000001 00:00000000 00000000  1200        0 152287 2 0000000000000000 100 0 0 10 0                    [\n]"
09:46:02.696 [docker-java-stream-1581788528] DEBUG com.github.dockerjava.zerodep.shaded.org.apache.hc.client5.http.wire -- http-outgoing-3 << "/proc/net/tcp:   4: 020013AC:170C 010013AC:9670 08 00000000:00000001 00:00000000 00000000     0        0 0 1 0000000000000000 21 4 0 10 -1                         [\n]"
09:46:02.696 [docker-java-stream-1581788528] DEBUG com.github.dockerjava.zerodep.shaded.org.apache.hc.client5.http.wire -- http-outgoing-3 << "/proc/net/tcp6:   0: 00000000000000000000000000000000:170C 00000000000000000000000000000000:0000 0A 00000000:00000000 00:00000000 00000000  1200        0 152288 1 0000000000000000 100 0 0 10 0[\n]"
09:46:02.696 [docker-java-stream-1581788528] DEBUG com.github.dockerjava.zerodep.shaded.org.apache.hc.client5.http.wire -- http-outgoing-3 << "[\r][\n]"
09:46:02.703 [docker-java-stream-1581788528] DEBUG com.github.dockerjava.zerodep.shaded.org.apache.hc.client5.http.wire -- http-outgoing-3 << "0[\r][\n]"
09:46:02.703 [docker-java-stream-1581788528] DEBUG com.github.dockerjava.zerodep.shaded.org.apache.hc.client5.http.wire -- http-outgoing-3 << "[\r][\n]"
09:46:02.713 [docker-java-stream-1581788528] DEBUG com.github.dockerjava.zerodep.shaded.org.apache.hc.client5.http.impl.classic.InternalHttpClient -- ep-00000014: releasing valid endpoint
09:46:02.713 [docker-java-stream-1581788528] DEBUG com.github.dockerjava.zerodep.shaded.org.apache.hc.client5.http.impl.io.PoolingHttpClientConnectionManager -- ep-00000014: releasing endpoint
09:46:02.713 [docker-java-stream-1581788528] DEBUG com.github.dockerjava.zerodep.shaded.org.apache.hc.client5.http.impl.io.PoolingHttpClientConnectionManager -- ep-00000014: connection http-outgoing-3 can be kept alive for 3 MINUTES
09:46:02.713 [docker-java-stream-1581788528] DEBUG com.github.dockerjava.zerodep.shaded.org.apache.hc.client5.http.impl.io.PoolingHttpClientConnectionManager -- ep-00000014: connection released [route: {}->npipe://localhost:2375][total available: 2; route allocated: 2 of 2147483647; total allocated: 2 of 2147483647]
09:46:02.717 [testcontainers-wait-0] DEBUG org.testcontainers.shaded.com.github.dockerjava.core.command.AbstrDockerCmd -- Cmd: f892488fce43505332299f9c498805f0acc5296e3f0192d38d40f72b50b1377f
09:46:02.719 [testcontainers-wait-0] DEBUG org.testcontainers.shaded.com.github.dockerjava.core.exec.InspectExecCmdExec -- GET: DefaultWebTarget{path=[/exec/f892488fce43505332299f9c498805f0acc5296e3f0192d38d40f72b50b1377f/json], queryParams={}}
09:46:02.730 [testcontainers-wait-0] DEBUG com.github.dockerjava.zerodep.shaded.org.apache.hc.client5.http.impl.classic.InternalHttpClient -- ex-00000016: preparing request execution
09:46:02.731 [testcontainers-wait-0] DEBUG com.github.dockerjava.zerodep.shaded.org.apache.hc.client5.http.protocol.RequestAddCookies -- Cookie spec selected: strict
09:46:02.731 [testcontainers-wait-0] DEBUG com.github.dockerjava.zerodep.shaded.org.apache.hc.client5.http.protocol.RequestAuthCache -- Auth cache not set in the context
09:46:02.731 [testcontainers-wait-0] DEBUG com.github.dockerjava.zerodep.shaded.org.apache.hc.client5.http.impl.classic.ProtocolExec -- ex-00000016: target auth state: UNCHALLENGED
09:46:02.731 [testcontainers-wait-0] DEBUG com.github.dockerjava.zerodep.shaded.org.apache.hc.client5.http.impl.classic.ProtocolExec -- ex-00000016: proxy auth state: UNCHALLENGED
09:46:02.731 [testcontainers-wait-0] DEBUG com.github.dockerjava.zerodep.shaded.org.apache.hc.client5.http.impl.classic.ConnectExec -- ex-00000016: acquiring connection with route {}->npipe://localhost:2375
09:46:02.731 [testcontainers-wait-0] DEBUG com.github.dockerjava.zerodep.shaded.org.apache.hc.client5.http.impl.classic.InternalHttpClient -- ex-00000016: acquiring endpoint (3 MINUTES)
09:46:02.731 [testcontainers-wait-0] DEBUG com.github.dockerjava.zerodep.shaded.org.apache.hc.client5.http.impl.io.PoolingHttpClientConnectionManager -- ex-00000016: endpoint lease request (3 MINUTES) [route: {}->npipe://localhost:2375][total available: 2; route allocated: 2 of 2147483647; total allocated: 2 of 2147483647]
09:46:02.733 [testcontainers-wait-0] DEBUG com.github.dockerjava.zerodep.shaded.org.apache.hc.client5.http.impl.io.PoolingHttpClientConnectionManager -- ex-00000016: endpoint leased [route: {}->npipe://localhost:2375][total available: 1; route allocated: 2 of 2147483647; total allocated: 2 of 2147483647]
09:46:02.735 [testcontainers-wait-0] DEBUG com.github.dockerjava.zerodep.shaded.org.apache.hc.client5.http.impl.io.PoolingHttpClientConnectionManager -- ex-00000016: acquired ep-00000015
09:46:02.735 [testcontainers-wait-0] DEBUG com.github.dockerjava.zerodep.shaded.org.apache.hc.client5.http.impl.classic.InternalHttpClient -- ex-00000016: acquired endpoint ep-00000015
09:46:02.736 [testcontainers-wait-0] DEBUG com.github.dockerjava.zerodep.shaded.org.apache.hc.client5.http.impl.classic.MainClientExec -- ex-00000016: executing GET /v1.32/exec/f892488fce43505332299f9c498805f0acc5296e3f0192d38d40f72b50b1377f/json HTTP/1.1
09:46:02.737 [testcontainers-wait-0] DEBUG com.github.dockerjava.zerodep.shaded.org.apache.hc.client5.http.impl.classic.InternalHttpClient -- ep-00000015: start execution ex-00000016
09:46:02.737 [testcontainers-wait-0] DEBUG com.github.dockerjava.zerodep.shaded.org.apache.hc.client5.http.impl.io.PoolingHttpClientConnectionManager -- ep-00000015: executing exchange ex-00000016 over http-outgoing-3
09:46:02.737 [testcontainers-wait-0] DEBUG com.github.dockerjava.zerodep.shaded.org.apache.hc.client5.http.headers -- http-outgoing-3 >> GET /v1.32/exec/f892488fce43505332299f9c498805f0acc5296e3f0192d38d40f72b50b1377f/json HTTP/1.1
09:46:02.737 [testcontainers-wait-0] DEBUG com.github.dockerjava.zerodep.shaded.org.apache.hc.client5.http.headers -- http-outgoing-3 >> accept: application/json
09:46:02.738 [testcontainers-wait-0] DEBUG com.github.dockerjava.zerodep.shaded.org.apache.hc.client5.http.headers -- http-outgoing-3 >> x-tc-sid: bfc2ed12-23ce-401f-a1df-f57c73ebd58a
09:46:02.738 [testcontainers-wait-0] DEBUG com.github.dockerjava.zerodep.shaded.org.apache.hc.client5.http.headers -- http-outgoing-3 >> User-Agent: tc-java/1.19.3
09:46:02.738 [testcontainers-wait-0] DEBUG com.github.dockerjava.zerodep.shaded.org.apache.hc.client5.http.headers -- http-outgoing-3 >> Accept-Encoding: gzip, x-gzip, deflate
09:46:02.738 [testcontainers-wait-0] DEBUG com.github.dockerjava.zerodep.shaded.org.apache.hc.client5.http.headers -- http-outgoing-3 >> Host: localhost:2375
09:46:02.741 [testcontainers-wait-0] DEBUG com.github.dockerjava.zerodep.shaded.org.apache.hc.client5.http.headers -- http-outgoing-3 >> Connection: keep-alive
09:46:02.741 [testcontainers-wait-0] DEBUG com.github.dockerjava.zerodep.shaded.org.apache.hc.client5.http.wire -- http-outgoing-3 >> "GET /v1.32/exec/f892488fce43505332299f9c498805f0acc5296e3f0192d38d40f72b50b1377f/json HTTP/1.1[\r][\n]"
09:46:02.741 [testcontainers-wait-0] DEBUG com.github.dockerjava.zerodep.shaded.org.apache.hc.client5.http.wire -- http-outgoing-3 >> "accept: application/json[\r][\n]"
09:46:02.741 [testcontainers-wait-0] DEBUG com.github.dockerjava.zerodep.shaded.org.apache.hc.client5.http.wire -- http-outgoing-3 >> "x-tc-sid: bfc2ed12-23ce-401f-a1df-f57c73ebd58a[\r][\n]"
09:46:02.741 [testcontainers-wait-0] DEBUG com.github.dockerjava.zerodep.shaded.org.apache.hc.client5.http.wire -- http-outgoing-3 >> "User-Agent: tc-java/1.19.3[\r][\n]"
09:46:02.741 [testcontainers-wait-0] DEBUG com.github.dockerjava.zerodep.shaded.org.apache.hc.client5.http.wire -- http-outgoing-3 >> "Accept-Encoding: gzip, x-gzip, deflate[\r][\n]"
09:46:02.741 [testcontainers-wait-0] DEBUG com.github.dockerjava.zerodep.shaded.org.apache.hc.client5.http.wire -- http-outgoing-3 >> "Host: localhost:2375[\r][\n]"
09:46:02.741 [testcontainers-wait-0] DEBUG com.github.dockerjava.zerodep.shaded.org.apache.hc.client5.http.wire -- http-outgoing-3 >> "Connection: keep-alive[\r][\n]"
09:46:02.741 [testcontainers-wait-0] DEBUG com.github.dockerjava.zerodep.shaded.org.apache.hc.client5.http.wire -- http-outgoing-3 >> "[\r][\n]"
09:46:02.779 [testcontainers-wait-0] DEBUG com.github.dockerjava.zerodep.shaded.org.apache.hc.client5.http.wire -- http-outgoing-3 << "HTTP/1.1 200 OK[\r][\n]"
09:46:02.779 [testcontainers-wait-0] DEBUG com.github.dockerjava.zerodep.shaded.org.apache.hc.client5.http.wire -- http-outgoing-3 << "Api-Version: 1.47[\r][\n]"
09:46:02.780 [testcontainers-wait-0] DEBUG com.github.dockerjava.zerodep.shaded.org.apache.hc.client5.http.wire -- http-outgoing-3 << "Content-Type: application/json[\r][\n]"
09:46:02.780 [testcontainers-wait-0] DEBUG com.github.dockerjava.zerodep.shaded.org.apache.hc.client5.http.wire -- http-outgoing-3 << "Date: Fri, 02 May 2025 07:46:02 GMT[\r][\n]"
09:46:02.780 [testcontainers-wait-0] DEBUG com.github.dockerjava.zerodep.shaded.org.apache.hc.client5.http.wire -- http-outgoing-3 << "Docker-Experimental: false[\r][\n]"
09:46:02.780 [testcontainers-wait-0] DEBUG com.github.dockerjava.zerodep.shaded.org.apache.hc.client5.http.wire -- http-outgoing-3 << "Ostype: linux[\r][\n]"
09:46:02.780 [testcontainers-wait-0] DEBUG com.github.dockerjava.zerodep.shaded.org.apache.hc.client5.http.wire -- http-outgoing-3 << "Server: Docker/27.5.1 (linux)[\r][\n]"
09:46:02.780 [testcontainers-wait-0] DEBUG com.github.dockerjava.zerodep.shaded.org.apache.hc.client5.http.wire -- http-outgoing-3 << "Transfer-Encoding: chunked[\r][\n]"
09:46:02.780 [testcontainers-wait-0] DEBUG com.github.dockerjava.zerodep.shaded.org.apache.hc.client5.http.wire -- http-outgoing-3 << "[\r][\n]"
09:46:02.780 [testcontainers-wait-0] DEBUG com.github.dockerjava.zerodep.shaded.org.apache.hc.client5.http.headers -- http-outgoing-3 << HTTP/1.1 200 OK
09:46:02.780 [testcontainers-wait-0] DEBUG com.github.dockerjava.zerodep.shaded.org.apache.hc.client5.http.headers -- http-outgoing-3 << Api-Version: 1.47
09:46:02.780 [testcontainers-wait-0] DEBUG com.github.dockerjava.zerodep.shaded.org.apache.hc.client5.http.headers -- http-outgoing-3 << Content-Type: application/json
09:46:02.780 [testcontainers-wait-0] DEBUG com.github.dockerjava.zerodep.shaded.org.apache.hc.client5.http.headers -- http-outgoing-3 << Date: Fri, 02 May 2025 07:46:02 GMT
09:46:02.780 [testcontainers-wait-0] DEBUG com.github.dockerjava.zerodep.shaded.org.apache.hc.client5.http.headers -- http-outgoing-3 << Docker-Experimental: false
09:46:02.780 [testcontainers-wait-0] DEBUG com.github.dockerjava.zerodep.shaded.org.apache.hc.client5.http.headers -- http-outgoing-3 << Ostype: linux
09:46:02.780 [testcontainers-wait-0] DEBUG com.github.dockerjava.zerodep.shaded.org.apache.hc.client5.http.headers -- http-outgoing-3 << Server: Docker/27.5.1 (linux)
09:46:02.780 [testcontainers-wait-0] DEBUG com.github.dockerjava.zerodep.shaded.org.apache.hc.client5.http.headers -- http-outgoing-3 << Transfer-Encoding: chunked
09:46:02.780 [testcontainers-wait-0] DEBUG com.github.dockerjava.zerodep.shaded.org.apache.hc.client5.http.impl.classic.MainClientExec -- ex-00000016: connection can be kept alive for 3 MINUTES
09:46:02.781 [testcontainers-wait-0] DEBUG com.github.dockerjava.zerodep.shaded.org.apache.hc.client5.http.wire -- http-outgoing-3 << "29d[\r][\n]"
09:46:02.781 [testcontainers-wait-0] DEBUG com.github.dockerjava.zerodep.shaded.org.apache.hc.client5.http.wire -- http-outgoing-3 << "{"ID":"f892488fce43505332299f9c498805f0acc5296e3f0192d38d40f72b50b1377f","Running":false,"ExitCode":0,"ProcessConfig":{"tty":false,"entrypoint":"/bin/sh","arguments":["-c","while true; do ( true  &&  (grep -i ':0*115c' /proc/net/tcp* || nc -vz -w 1 localhost 4444 || /bin/bash -c '</dev/tcp/localhost/4444') &&  (grep -i ':0*170c' /proc/net/tcp* || nc -vz -w 1 localhost 5900 || /bin/bash -c '</dev/tcp/localhost/5900') ) && exit 0 || sleep 0.1; done"],"privileged":false,"user":"1200"},"OpenStdin":false,"OpenStderr":true,"OpenStdout":true,"CanRemove":false,"ContainerID":"24142d801f7361732eafc1b45b9f4f07b8ea5bcf8bb59ea6ef508f83b3b4fc02","DetachKeys":"","Pid":18801}[\n]"
09:46:02.781 [testcontainers-wait-0] DEBUG com.github.dockerjava.zerodep.shaded.org.apache.hc.client5.http.wire -- http-outgoing-3 << "[\r][\n]"
09:46:02.781 [testcontainers-wait-0] DEBUG com.github.dockerjava.zerodep.shaded.org.apache.hc.client5.http.wire -- http-outgoing-3 << "0[\r][\n]"
09:46:02.781 [testcontainers-wait-0] DEBUG com.github.dockerjava.zerodep.shaded.org.apache.hc.client5.http.wire -- http-outgoing-3 << "[\r][\n]"
09:46:02.813 [testcontainers-wait-0] DEBUG com.github.dockerjava.zerodep.shaded.org.apache.hc.client5.http.impl.classic.InternalHttpClient -- ep-00000015: releasing valid endpoint
09:46:02.815 [testcontainers-wait-0] DEBUG com.github.dockerjava.zerodep.shaded.org.apache.hc.client5.http.impl.io.PoolingHttpClientConnectionManager -- ep-00000015: releasing endpoint
09:46:02.816 [testcontainers-wait-0] DEBUG com.github.dockerjava.zerodep.shaded.org.apache.hc.client5.http.impl.io.PoolingHttpClientConnectionManager -- ep-00000015: connection http-outgoing-3 can be kept alive for 3 MINUTES
09:46:02.816 [testcontainers-wait-0] DEBUG com.github.dockerjava.zerodep.shaded.org.apache.hc.client5.http.impl.io.PoolingHttpClientConnectionManager -- ep-00000015: connection released [route: {}->npipe://localhost:2375][total available: 2; route allocated: 2 of 2147483647; total allocated: 2 of 2147483647]
09:46:02.818 [testcontainers-wait-0] DEBUG org.testcontainers.containers.wait.strategy.HostPortWaitStrategy -- Internal port check passed for [4444, 5900] in PT0.3323415S
09:46:02.819 [main] INFO tc.selenium/standalone-chrome:4.20.0 -- Container selenium/standalone-chrome:4.20.0 started in PT9.8535928S
09:46:02.819 [main] DEBUG org.testcontainers.containers.BrowserWebDriverContainer -- Starting VNC recording
09:46:02.822 [main] DEBUG org.testcontainers.utility.PrefixingImageNameSubstitutor -- No prefix is configured
09:46:02.822 [main] DEBUG org.testcontainers.utility.ImageNameSubstitutor -- Did not find a substitute image for testcontainers/vnc-recorder:1.3.0 (using image substitutor: DefaultImageNameSubstitutor (composite of 'ConfigurationFileImageNameSubstitutor' and 'PrefixingImageNameSubstitutor'))
09:46:02.822 [main] DEBUG org.testcontainers.images.AbstractImagePullPolicy -- Using locally available and not pulling image: testcontainers/vnc-recorder:1.3.0
09:46:02.822 [main] DEBUG tc.testcontainers/vnc-recorder:1.3.0 -- Starting container: testcontainers/vnc-recorder:1.3.0
09:46:02.822 [main] DEBUG tc.testcontainers/vnc-recorder:1.3.0 -- Trying to start container: testcontainers/vnc-recorder:1.3.0 (attempt 1/1)
09:46:02.822 [main] DEBUG tc.testcontainers/vnc-recorder:1.3.0 -- Starting container: testcontainers/vnc-recorder:1.3.0
09:46:02.822 [main] INFO tc.testcontainers/vnc-recorder:1.3.0 -- Creating container for image: testcontainers/vnc-recorder:1.3.0
09:46:02.822 [main] DEBUG org.testcontainers.utility.RegistryAuthLocator -- Looking up auth config for image: testcontainers/vnc-recorder:1.3.0 at registry: https://index.docker.io/v1/
09:46:02.822 [main] DEBUG org.testcontainers.utility.RegistryAuthLocator -- Cached auth found: [AuthConfig{username=elenacabe, password=hidden non-blank value, auth=blank, email=null, registryAddress=https://index.docker.io/v1/, registryToken=blank}]
09:46:02.822 [main] DEBUG org.testcontainers.dockerclient.AuthDelegatingDockerClientConfig -- Effective auth config [AuthConfig{username=elenacabe, password=hidden non-blank value, auth=blank, email=null, registryAddress=https://index.docker.io/v1/, registryToken=blank}]
09:46:02.824 [main] DEBUG org.testcontainers.shaded.com.github.dockerjava.core.command.AbstrDockerCmd -- Cmd: org.testcontainers.shaded.com.github.dockerjava.core.command.CreateContainerCmdImpl@6ff37443[aliases=[tc-zJHYALcj],argsEscaped=<null>,attachStderr=<null>,attachStdin=<null>,attachStdout=<null>,authConfig=AuthConfig(username=elenacabe, email=null, registryAddress=https://index.docker.io/v1/, stackOrchestrator=null),cmd={-c,echo 'c2VjcmV0' | base64 -d > /vnc_password && flvrec.py -o /screen.flv -d -r 30 -P /vnc_password tc-6DidaMrm 5900},domainName=<null>,entrypoint={/bin/sh},env={},exposedPorts=ExposedPorts(exposedPorts=[]),healthcheck=<null>,hostConfig=HostConfig(binds=[], blkioWeight=null, blkioWeightDevice=null, blkioDeviceReadBps=null, blkioDeviceWriteBps=null, blkioDeviceReadIOps=null, blkioDeviceWriteIOps=null, memorySwappiness=null, nanoCPUs=null, capAdd=null, capDrop=null, containerIDFile=null, cpuPeriod=null, cpuRealtimePeriod=null, cpuRealtimeRuntime=null, cpuShares=null, cpuQuota=null, cpusetCpus=null, cpusetMems=null, devices=null, deviceCgroupRules=null, deviceRequests=null, diskQuota=null, dns=null, dnsOptions=null, dnsSearch=null, extraHosts=[], groupAdd=null, ipcMode=null, cgroup=null, links=[], logConfig=LogConfig(type=null, config=null), lxcConf=null, memory=null, memorySwap=null, memoryReservation=null, kernelMemory=null, networkMode=40fa9c662d55c1f903d10321bbbff97566ce50ab076c1b1f83516e59086538b7, oomKillDisable=null, init=null, autoRemove=null, oomScoreAdj=null, portBindings={}, privileged=null, publishAllPorts=null, readonlyRootfs=null, restartPolicy=null, ulimits=null, cpuCount=null, cpuPercent=null, ioMaximumIOps=null, ioMaximumBandwidth=null, volumesFrom=[], mounts=null, pidMode=null, isolation=null, securityOpts=null, storageOpt=null, cgroupParent=null, volumeDriver=null, shmSize=null, pidsLimit=null, runtime=null, tmpFs=null, utSMode=null, usernsMode=null, sysctls=null, consoleSize=null, cgroupnsMode=null),hostName=<null>,image=testcontainers/vnc-recorder:1.3.0,ipv4Address=<null>,ipv6Address=<null>,labels={org.testcontainers=true, org.testcontainers.lang=java, org.testcontainers.version=1.19.3, org.testcontainers.sessionId=bfc2ed12-23ce-401f-a1df-f57c73ebd58a},macAddress=<null>,name=<null>,networkDisabled=<null>,networkingConfig=org.testcontainers.shaded.com.github.dockerjava.core.command.CreateContainerCmdImpl$NetworkingConfig@21719a0,onBuild=<null>,platform=<null>,portSpecs=<null>,shell=<null>,stdInOnce=<null>,stdinOpen=<null>,stopSignal=<null>,stopTimeout=<null>,tty=<null>,user=<null>,volumes=Volumes(volumes=[]),workingDir=<null>]
09:46:02.850 [main] DEBUG com.github.dockerjava.zerodep.shaded.org.apache.hc.client5.http.impl.classic.InternalHttpClient -- ex-00000017: preparing request execution
09:46:02.850 [main] DEBUG com.github.dockerjava.zerodep.shaded.org.apache.hc.client5.http.protocol.RequestAddCookies -- Cookie spec selected: strict
09:46:02.850 [main] DEBUG com.github.dockerjava.zerodep.shaded.org.apache.hc.client5.http.protocol.RequestAuthCache -- Auth cache not set in the context
09:46:02.850 [main] DEBUG com.github.dockerjava.zerodep.shaded.org.apache.hc.client5.http.impl.classic.ProtocolExec -- ex-00000017: target auth state: UNCHALLENGED
09:46:02.850 [main] DEBUG com.github.dockerjava.zerodep.shaded.org.apache.hc.client5.http.impl.classic.ProtocolExec -- ex-00000017: proxy auth state: UNCHALLENGED
09:46:02.851 [main] DEBUG com.github.dockerjava.zerodep.shaded.org.apache.hc.client5.http.impl.classic.ConnectExec -- ex-00000017: acquiring connection with route {}->npipe://localhost:2375
09:46:02.851 [main] DEBUG com.github.dockerjava.zerodep.shaded.org.apache.hc.client5.http.impl.classic.InternalHttpClient -- ex-00000017: acquiring endpoint (3 MINUTES)
09:46:02.851 [main] DEBUG com.github.dockerjava.zerodep.shaded.org.apache.hc.client5.http.impl.io.PoolingHttpClientConnectionManager -- ex-00000017: endpoint lease request (3 MINUTES) [route: {}->npipe://localhost:2375][total available: 2; route allocated: 2 of 2147483647; total allocated: 2 of 2147483647]
09:46:02.852 [main] DEBUG com.github.dockerjava.zerodep.shaded.org.apache.hc.client5.http.impl.io.PoolingHttpClientConnectionManager -- ex-00000017: endpoint leased [route: {}->npipe://localhost:2375][total available: 1; route allocated: 2 of 2147483647; total allocated: 2 of 2147483647]
09:46:02.852 [main] DEBUG com.github.dockerjava.zerodep.shaded.org.apache.hc.client5.http.impl.io.PoolingHttpClientConnectionManager -- ex-00000017: acquired ep-00000016
09:46:02.852 [main] DEBUG com.github.dockerjava.zerodep.shaded.org.apache.hc.client5.http.impl.classic.InternalHttpClient -- ex-00000017: acquired endpoint ep-00000016
09:46:02.852 [main] DEBUG com.github.dockerjava.zerodep.shaded.org.apache.hc.client5.http.impl.classic.MainClientExec -- ex-00000017: executing POST /v1.32/containers/create HTTP/1.1
09:46:02.852 [main] DEBUG com.github.dockerjava.zerodep.shaded.org.apache.hc.client5.http.impl.classic.InternalHttpClient -- ep-00000016: start execution ex-00000017
09:46:02.852 [main] DEBUG com.github.dockerjava.zerodep.shaded.org.apache.hc.client5.http.impl.io.PoolingHttpClientConnectionManager -- ep-00000016: executing exchange ex-00000017 over http-outgoing-3
09:46:02.852 [main] DEBUG com.github.dockerjava.zerodep.shaded.org.apache.hc.client5.http.headers -- http-outgoing-3 >> POST /v1.32/containers/create HTTP/1.1
09:46:02.852 [main] DEBUG com.github.dockerjava.zerodep.shaded.org.apache.hc.client5.http.headers -- http-outgoing-3 >> X-Registry-Auth: eyJ1c2VybmFtZSI6ImVsZW5hY2FiZSIsInBhc3N3b3JkIjoiZGNrcl9wYXRfTFNweVg2VU02ekszeDNEYzlzNW5QWWNmeVE0IiwiZW1haWwiOm51bGwsInNlcnZlcmFkZHJlc3MiOiJodHRwczovL2luZGV4LmRvY2tlci5pby92MS8iLCJhdXRoIjpudWxsLCJyZWdpc3RyeXRva2VuIjpudWxsLCJpZGVudGl0eXRva2VuIjpudWxsLCJzdGFja09yY2hlc3RyYXRvciI6bnVsbH0=
09:46:02.852 [main] DEBUG com.github.dockerjava.zerodep.shaded.org.apache.hc.client5.http.headers -- http-outgoing-3 >> accept: application/json
09:46:02.852 [main] DEBUG com.github.dockerjava.zerodep.shaded.org.apache.hc.client5.http.headers -- http-outgoing-3 >> content-type: application/json
09:46:02.852 [main] DEBUG com.github.dockerjava.zerodep.shaded.org.apache.hc.client5.http.headers -- http-outgoing-3 >> x-tc-sid: bfc2ed12-23ce-401f-a1df-f57c73ebd58a
09:46:02.852 [main] DEBUG com.github.dockerjava.zerodep.shaded.org.apache.hc.client5.http.headers -- http-outgoing-3 >> User-Agent: tc-java/1.19.3
09:46:02.852 [main] DEBUG com.github.dockerjava.zerodep.shaded.org.apache.hc.client5.http.headers -- http-outgoing-3 >> Accept-Encoding: gzip, x-gzip, deflate
09:46:02.853 [main] DEBUG com.github.dockerjava.zerodep.shaded.org.apache.hc.client5.http.headers -- http-outgoing-3 >> Content-Length: 2441
09:46:02.853 [main] DEBUG com.github.dockerjava.zerodep.shaded.org.apache.hc.client5.http.headers -- http-outgoing-3 >> Host: localhost:2375
09:46:02.853 [main] DEBUG com.github.dockerjava.zerodep.shaded.org.apache.hc.client5.http.headers -- http-outgoing-3 >> Connection: keep-alive
09:46:02.853 [main] DEBUG com.github.dockerjava.zerodep.shaded.org.apache.hc.client5.http.wire -- http-outgoing-3 >> "POST /v1.32/containers/create HTTP/1.1[\r][\n]"
09:46:02.856 [main] DEBUG com.github.dockerjava.zerodep.shaded.org.apache.hc.client5.http.wire -- http-outgoing-3 >> "X-Registry-Auth: eyJ1c2VybmFtZSI6ImVsZW5hY2FiZSIsInBhc3N3b3JkIjoiZGNrcl9wYXRfTFNweVg2VU02ekszeDNEYzlzNW5QWWNmeVE0IiwiZW1haWwiOm51bGwsInNlcnZlcmFkZHJlc3MiOiJodHRwczovL2luZGV4LmRvY2tlci5pby92MS8iLCJhdXRoIjpudWxsLCJyZWdpc3RyeXRva2VuIjpudWxsLCJpZGVudGl0eXRva2VuIjpudWxsLCJzdGFja09yY2hlc3RyYXRvciI6bnVsbH0=[\r][\n]"
09:46:02.856 [main] DEBUG com.github.dockerjava.zerodep.shaded.org.apache.hc.client5.http.wire -- http-outgoing-3 >> "accept: application/json[\r][\n]"
09:46:02.856 [main] DEBUG com.github.dockerjava.zerodep.shaded.org.apache.hc.client5.http.wire -- http-outgoing-3 >> "content-type: application/json[\r][\n]"
09:46:02.856 [main] DEBUG com.github.dockerjava.zerodep.shaded.org.apache.hc.client5.http.wire -- http-outgoing-3 >> "x-tc-sid: bfc2ed12-23ce-401f-a1df-f57c73ebd58a[\r][\n]"
09:46:02.856 [main] DEBUG com.github.dockerjava.zerodep.shaded.org.apache.hc.client5.http.wire -- http-outgoing-3 >> "User-Agent: tc-java/1.19.3[\r][\n]"
09:46:02.856 [main] DEBUG com.github.dockerjava.zerodep.shaded.org.apache.hc.client5.http.wire -- http-outgoing-3 >> "Accept-Encoding: gzip, x-gzip, deflate[\r][\n]"
09:46:02.856 [main] DEBUG com.github.dockerjava.zerodep.shaded.org.apache.hc.client5.http.wire -- http-outgoing-3 >> "Content-Length: 2441[\r][\n]"
09:46:02.856 [main] DEBUG com.github.dockerjava.zerodep.shaded.org.apache.hc.client5.http.wire -- http-outgoing-3 >> "Host: localhost:2375[\r][\n]"
09:46:02.856 [main] DEBUG com.github.dockerjava.zerodep.shaded.org.apache.hc.client5.http.wire -- http-outgoing-3 >> "Connection: keep-alive[\r][\n]"
09:46:02.856 [main] DEBUG com.github.dockerjava.zerodep.shaded.org.apache.hc.client5.http.wire -- http-outgoing-3 >> "[\r][\n]"
09:46:02.856 [main] DEBUG com.github.dockerjava.zerodep.shaded.org.apache.hc.client5.http.wire -- http-outgoing-3 >> "{"Hostname":null,"Domainname":null,"User":null,"AttachStdin":null,"AttachStdout":null,"AttachStderr":null,"PortSpecs":null,"Tty":null,"OpenStdin":null,"StdinOnce":null,"Env":[],"Cmd":["-c","echo 'c2VjcmV0' | base64 -d > /vnc_password && flvrec.py -o /screen.flv -d -r 30 -P /vnc_password tc-6DidaMrm 5900"],"Healthcheck":null,"ArgsEscaped":null,"Entrypoint":["/bin/sh"],"Image":"testcontainers/vnc-recorder:1.3.0","Volumes":{},"WorkingDir":null,"MacAddress":null,"OnBuild":null,"NetworkDisabled":null,"ExposedPorts":{},"StopSignal":null,"StopTimeout":null,"HostConfig":{"Binds":[],"BlkioWeight":null,"BlkioWeightDevice":null,"BlkioDeviceReadBps":null,"BlkioDeviceWriteBps":null,"BlkioDeviceReadIOps":null,"BlkioDeviceWriteIOps":null,"MemorySwappiness":null,"NanoCpus":null,"CapAdd":null,"CapDrop":null,"ContainerIDFile":null,"CpuPeriod":null,"CpuRealtimePeriod":null,"CpuRealtimeRuntime":null,"CpuShares":null,"CpuQuota":null,"CpusetCpus":null,"CpusetMems":null,"Devices":null,"DeviceCgroupRules":null,"DeviceRequests":null,"DiskQuota":null,"Dns":null,"DnsOptions":null,"DnsSearch":null,"ExtraHosts":[],"GroupAdd":null,"IpcMode":null,"Cgroup":null,"Links":[],"LogConfig":null,"LxcConf":null,"Memory":null,"MemorySwap":null,"MemoryReservation":null,"KernelMemory":null,"NetworkMode":"40fa9c662d55c1f903d10321bbbff97566ce50ab076c1b1f83516e59086538b7","OomKillDisable":null,"Init":null,"AutoRemove":null,"OomScoreAdj":null,"PortBindings":{},"Privileged":null,"PublishAllPorts":null,"ReadonlyRootfs":null,"RestartPolicy":null,"Ulimits":null,"CpuCount":null,"CpuPercent":null,"IOMaximumIOps":null,"IOMaximumBandwidth":null,"VolumesFrom":[],"Mounts":null,"PidMode":null,"Isolation":null,"SecurityOpt":null,"StorageOpt":null,"CgroupParent":null,"VolumeDriver":null,"ShmSize":null,"PidsLimit":null,"Runtime":null,"Tmpfs":null,"UTSMode":null,"UsernsMode":null,"Sysctls":null,"ConsoleSize":null,"CgroupnsMode":null},"Labels":{"org.testcontainers":"true","org.testcontainers.lang":"java","org.testcontainers.version":"1.19.3","org.testcontainers.sessionId":"bfc2ed12-23ce-401f-a1df-f57c73ebd58a"},"Shell":null,"NetworkingConfig":{"EndpointsConfig":{"40fa9c662d55c1f903d10321bbbff97566ce50ab076c1b1f83516e59086538b7":{"IPAMConfig":null,"Links":null,"Aliases":["tc-zJHYALcj"],"NetworkID":null,"EndpointID":null,"Gateway":null,"IPAddress":null,"IPPrefixLen":null,"IPv6Gateway":null,"GlobalIPv6Address":null,"GlobalIPv6PrefixLen":null,"MacAddress":null}}}}"
09:46:03.066 [main] DEBUG com.github.dockerjava.zerodep.shaded.org.apache.hc.client5.http.wire -- http-outgoing-3 << "HTTP/1.1 201 Created[\r][\n]"
09:46:03.066 [main] DEBUG com.github.dockerjava.zerodep.shaded.org.apache.hc.client5.http.wire -- http-outgoing-3 << "Api-Version: 1.47[\r][\n]"
09:46:03.066 [main] DEBUG com.github.dockerjava.zerodep.shaded.org.apache.hc.client5.http.wire -- http-outgoing-3 << "Content-Type: application/json[\r][\n]"
09:46:03.066 [main] DEBUG com.github.dockerjava.zerodep.shaded.org.apache.hc.client5.http.wire -- http-outgoing-3 << "Date: Fri, 02 May 2025 07:46:03 GMT[\r][\n]"
09:46:03.066 [main] DEBUG com.github.dockerjava.zerodep.shaded.org.apache.hc.client5.http.wire -- http-outgoing-3 << "Docker-Experimental: false[\r][\n]"
09:46:03.066 [main] DEBUG com.github.dockerjava.zerodep.shaded.org.apache.hc.client5.http.wire -- http-outgoing-3 << "Ostype: linux[\r][\n]"
09:46:03.066 [main] DEBUG com.github.dockerjava.zerodep.shaded.org.apache.hc.client5.http.wire -- http-outgoing-3 << "Server: Docker/27.5.1 (linux)[\r][\n]"
09:46:03.066 [main] DEBUG com.github.dockerjava.zerodep.shaded.org.apache.hc.client5.http.wire -- http-outgoing-3 << "Transfer-Encoding: chunked[\r][\n]"
09:46:03.066 [main] DEBUG com.github.dockerjava.zerodep.shaded.org.apache.hc.client5.http.wire -- http-outgoing-3 << "[\r][\n]"
09:46:03.067 [main] DEBUG com.github.dockerjava.zerodep.shaded.org.apache.hc.client5.http.headers -- http-outgoing-3 << HTTP/1.1 201 Created
09:46:03.067 [main] DEBUG com.github.dockerjava.zerodep.shaded.org.apache.hc.client5.http.headers -- http-outgoing-3 << Api-Version: 1.47
09:46:03.067 [main] DEBUG com.github.dockerjava.zerodep.shaded.org.apache.hc.client5.http.headers -- http-outgoing-3 << Content-Type: application/json
09:46:03.067 [main] DEBUG com.github.dockerjava.zerodep.shaded.org.apache.hc.client5.http.headers -- http-outgoing-3 << Date: Fri, 02 May 2025 07:46:03 GMT
09:46:03.067 [main] DEBUG com.github.dockerjava.zerodep.shaded.org.apache.hc.client5.http.headers -- http-outgoing-3 << Docker-Experimental: false
09:46:03.067 [main] DEBUG com.github.dockerjava.zerodep.shaded.org.apache.hc.client5.http.headers -- http-outgoing-3 << Ostype: linux
09:46:03.067 [main] DEBUG com.github.dockerjava.zerodep.shaded.org.apache.hc.client5.http.headers -- http-outgoing-3 << Server: Docker/27.5.1 (linux)
09:46:03.067 [main] DEBUG com.github.dockerjava.zerodep.shaded.org.apache.hc.client5.http.headers -- http-outgoing-3 << Transfer-Encoding: chunked
09:46:03.067 [main] DEBUG com.github.dockerjava.zerodep.shaded.org.apache.hc.client5.http.impl.classic.MainClientExec -- ex-00000017: connection can be kept alive for 3 MINUTES
09:46:03.067 [main] DEBUG com.github.dockerjava.zerodep.shaded.org.apache.hc.client5.http.wire -- http-outgoing-3 << "58[\r][\n]"
09:46:03.067 [main] DEBUG com.github.dockerjava.zerodep.shaded.org.apache.hc.client5.http.wire -- http-outgoing-3 << "{"Id":"97e7ea18bb67ea513dac811eeb33380abfe4258bada5cedf68fc3ea86d7fd30b","Warnings":[]}[\n]"
09:46:03.067 [main] DEBUG com.github.dockerjava.zerodep.shaded.org.apache.hc.client5.http.wire -- http-outgoing-3 << "[\r][\n]"
09:46:03.067 [main] DEBUG com.github.dockerjava.zerodep.shaded.org.apache.hc.client5.http.wire -- http-outgoing-3 << "0[\r][\n]"
09:46:03.068 [main] DEBUG com.github.dockerjava.zerodep.shaded.org.apache.hc.client5.http.wire -- http-outgoing-3 << "[\r][\n]"
09:46:03.068 [main] DEBUG com.github.dockerjava.zerodep.shaded.org.apache.hc.client5.http.impl.classic.InternalHttpClient -- ep-00000016: releasing valid endpoint
09:46:03.069 [main] DEBUG com.github.dockerjava.zerodep.shaded.org.apache.hc.client5.http.impl.io.PoolingHttpClientConnectionManager -- ep-00000016: releasing endpoint
09:46:03.069 [main] DEBUG com.github.dockerjava.zerodep.shaded.org.apache.hc.client5.http.impl.io.PoolingHttpClientConnectionManager -- ep-00000016: connection http-outgoing-3 can be kept alive for 3 MINUTES
09:46:03.069 [main] DEBUG com.github.dockerjava.zerodep.shaded.org.apache.hc.client5.http.impl.io.PoolingHttpClientConnectionManager -- ep-00000016: connection released [route: {}->npipe://localhost:2375][total available: 2; route allocated: 2 of 2147483647; total allocated: 2 of 2147483647]
09:46:03.070 [main] INFO tc.testcontainers/vnc-recorder:1.3.0 -- Container testcontainers/vnc-recorder:1.3.0 is starting: 97e7ea18bb67ea513dac811eeb33380abfe4258bada5cedf68fc3ea86d7fd30b
09:46:03.070 [main] DEBUG org.testcontainers.shaded.com.github.dockerjava.core.command.AbstrDockerCmd -- Cmd: 97e7ea18bb67ea513dac811eeb33380abfe4258bada5cedf68fc3ea86d7fd30b
09:46:03.073 [main] DEBUG com.github.dockerjava.zerodep.shaded.org.apache.hc.client5.http.impl.classic.InternalHttpClient -- ex-00000018: preparing request execution
09:46:03.076 [main] DEBUG com.github.dockerjava.zerodep.shaded.org.apache.hc.client5.http.protocol.RequestAddCookies -- Cookie spec selected: strict
09:46:03.077 [main] DEBUG com.github.dockerjava.zerodep.shaded.org.apache.hc.client5.http.protocol.RequestAuthCache -- Auth cache not set in the context
09:46:03.077 [main] DEBUG com.github.dockerjava.zerodep.shaded.org.apache.hc.client5.http.impl.classic.ProtocolExec -- ex-00000018: target auth state: UNCHALLENGED
09:46:03.077 [main] DEBUG com.github.dockerjava.zerodep.shaded.org.apache.hc.client5.http.impl.classic.ProtocolExec -- ex-00000018: proxy auth state: UNCHALLENGED
09:46:03.077 [main] DEBUG com.github.dockerjava.zerodep.shaded.org.apache.hc.client5.http.impl.classic.ConnectExec -- ex-00000018: acquiring connection with route {}->npipe://localhost:2375
09:46:03.077 [main] DEBUG com.github.dockerjava.zerodep.shaded.org.apache.hc.client5.http.impl.classic.InternalHttpClient -- ex-00000018: acquiring endpoint (3 MINUTES)
09:46:03.077 [main] DEBUG com.github.dockerjava.zerodep.shaded.org.apache.hc.client5.http.impl.io.PoolingHttpClientConnectionManager -- ex-00000018: endpoint lease request (3 MINUTES) [route: {}->npipe://localhost:2375][total available: 2; route allocated: 2 of 2147483647; total allocated: 2 of 2147483647]
09:46:03.077 [main] DEBUG com.github.dockerjava.zerodep.shaded.org.apache.hc.client5.http.impl.io.PoolingHttpClientConnectionManager -- ex-00000018: endpoint leased [route: {}->npipe://localhost:2375][total available: 1; route allocated: 2 of 2147483647; total allocated: 2 of 2147483647]
09:46:03.077 [main] DEBUG com.github.dockerjava.zerodep.shaded.org.apache.hc.client5.http.impl.io.PoolingHttpClientConnectionManager -- ex-00000018: acquired ep-00000017
09:46:03.077 [main] DEBUG com.github.dockerjava.zerodep.shaded.org.apache.hc.client5.http.impl.classic.InternalHttpClient -- ex-00000018: acquired endpoint ep-00000017
09:46:03.077 [main] DEBUG com.github.dockerjava.zerodep.shaded.org.apache.hc.client5.http.impl.classic.MainClientExec -- ex-00000018: executing POST /v1.32/containers/97e7ea18bb67ea513dac811eeb33380abfe4258bada5cedf68fc3ea86d7fd30b/start HTTP/1.1
09:46:03.077 [main] DEBUG com.github.dockerjava.zerodep.shaded.org.apache.hc.client5.http.impl.classic.InternalHttpClient -- ep-00000017: start execution ex-00000018
09:46:03.079 [main] DEBUG com.github.dockerjava.zerodep.shaded.org.apache.hc.client5.http.impl.io.PoolingHttpClientConnectionManager -- ep-00000017: executing exchange ex-00000018 over http-outgoing-3
09:46:03.079 [main] DEBUG com.github.dockerjava.zerodep.shaded.org.apache.hc.client5.http.headers -- http-outgoing-3 >> POST /v1.32/containers/97e7ea18bb67ea513dac811eeb33380abfe4258bada5cedf68fc3ea86d7fd30b/start HTTP/1.1
09:46:03.079 [main] DEBUG com.github.dockerjava.zerodep.shaded.org.apache.hc.client5.http.headers -- http-outgoing-3 >> accept: application/json
09:46:03.079 [main] DEBUG com.github.dockerjava.zerodep.shaded.org.apache.hc.client5.http.headers -- http-outgoing-3 >> content-type: application/json
09:46:03.079 [main] DEBUG com.github.dockerjava.zerodep.shaded.org.apache.hc.client5.http.headers -- http-outgoing-3 >> x-tc-sid: bfc2ed12-23ce-401f-a1df-f57c73ebd58a
09:46:03.079 [main] DEBUG com.github.dockerjava.zerodep.shaded.org.apache.hc.client5.http.headers -- http-outgoing-3 >> User-Agent: tc-java/1.19.3
09:46:03.079 [main] DEBUG com.github.dockerjava.zerodep.shaded.org.apache.hc.client5.http.headers -- http-outgoing-3 >> Accept-Encoding: gzip, x-gzip, deflate
09:46:03.079 [main] DEBUG com.github.dockerjava.zerodep.shaded.org.apache.hc.client5.http.headers -- http-outgoing-3 >> Host: localhost:2375
09:46:03.079 [main] DEBUG com.github.dockerjava.zerodep.shaded.org.apache.hc.client5.http.headers -- http-outgoing-3 >> Connection: keep-alive
09:46:03.079 [main] DEBUG com.github.dockerjava.zerodep.shaded.org.apache.hc.client5.http.wire -- http-outgoing-3 >> "POST /v1.32/containers/97e7ea18bb67ea513dac811eeb33380abfe4258bada5cedf68fc3ea86d7fd30b/start HTTP/1.1[\r][\n]"
09:46:03.079 [main] DEBUG com.github.dockerjava.zerodep.shaded.org.apache.hc.client5.http.wire -- http-outgoing-3 >> "accept: application/json[\r][\n]"
09:46:03.080 [main] DEBUG com.github.dockerjava.zerodep.shaded.org.apache.hc.client5.http.wire -- http-outgoing-3 >> "content-type: application/json[\r][\n]"
09:46:03.081 [main] DEBUG com.github.dockerjava.zerodep.shaded.org.apache.hc.client5.http.wire -- http-outgoing-3 >> "x-tc-sid: bfc2ed12-23ce-401f-a1df-f57c73ebd58a[\r][\n]"
09:46:03.081 [main] DEBUG com.github.dockerjava.zerodep.shaded.org.apache.hc.client5.http.wire -- http-outgoing-3 >> "User-Agent: tc-java/1.19.3[\r][\n]"
09:46:03.081 [main] DEBUG com.github.dockerjava.zerodep.shaded.org.apache.hc.client5.http.wire -- http-outgoing-3 >> "Accept-Encoding: gzip, x-gzip, deflate[\r][\n]"
09:46:03.081 [main] DEBUG com.github.dockerjava.zerodep.shaded.org.apache.hc.client5.http.wire -- http-outgoing-3 >> "Host: localhost:2375[\r][\n]"
09:46:03.082 [main] DEBUG com.github.dockerjava.zerodep.shaded.org.apache.hc.client5.http.wire -- http-outgoing-3 >> "Connection: keep-alive[\r][\n]"
09:46:03.082 [main] DEBUG com.github.dockerjava.zerodep.shaded.org.apache.hc.client5.http.wire -- http-outgoing-3 >> "[\r][\n]"
09:46:03.839 [main] DEBUG com.github.dockerjava.zerodep.shaded.org.apache.hc.client5.http.wire -- http-outgoing-3 << "HTTP/1.1 204 No Content[\r][\n]"
09:46:03.839 [main] DEBUG com.github.dockerjava.zerodep.shaded.org.apache.hc.client5.http.wire -- http-outgoing-3 << "Api-Version: 1.47[\r][\n]"
09:46:03.839 [main] DEBUG com.github.dockerjava.zerodep.shaded.org.apache.hc.client5.http.wire -- http-outgoing-3 << "Date: Fri, 02 May 2025 07:46:03 GMT[\r][\n]"
09:46:03.839 [main] DEBUG com.github.dockerjava.zerodep.shaded.org.apache.hc.client5.http.wire -- http-outgoing-3 << "Docker-Experimental: false[\r][\n]"
09:46:03.839 [main] DEBUG com.github.dockerjava.zerodep.shaded.org.apache.hc.client5.http.wire -- http-outgoing-3 << "Ostype: linux[\r][\n]"
09:46:03.839 [main] DEBUG com.github.dockerjava.zerodep.shaded.org.apache.hc.client5.http.wire -- http-outgoing-3 << "Server: Docker/27.5.1 (linux)[\r][\n]"
09:46:03.839 [main] DEBUG com.github.dockerjava.zerodep.shaded.org.apache.hc.client5.http.wire -- http-outgoing-3 << "[\r][\n]"
09:46:03.841 [main] DEBUG com.github.dockerjava.zerodep.shaded.org.apache.hc.client5.http.headers -- http-outgoing-3 << HTTP/1.1 204 No Content
09:46:03.841 [main] DEBUG com.github.dockerjava.zerodep.shaded.org.apache.hc.client5.http.headers -- http-outgoing-3 << Api-Version: 1.47
09:46:03.841 [main] DEBUG com.github.dockerjava.zerodep.shaded.org.apache.hc.client5.http.headers -- http-outgoing-3 << Date: Fri, 02 May 2025 07:46:03 GMT
09:46:03.841 [main] DEBUG com.github.dockerjava.zerodep.shaded.org.apache.hc.client5.http.headers -- http-outgoing-3 << Docker-Experimental: false
09:46:03.841 [main] DEBUG com.github.dockerjava.zerodep.shaded.org.apache.hc.client5.http.headers -- http-outgoing-3 << Ostype: linux
09:46:03.841 [main] DEBUG com.github.dockerjava.zerodep.shaded.org.apache.hc.client5.http.headers -- http-outgoing-3 << Server: Docker/27.5.1 (linux)
09:46:03.841 [main] DEBUG com.github.dockerjava.zerodep.shaded.org.apache.hc.client5.http.impl.classic.MainClientExec -- ex-00000018: connection can be kept alive for 3 MINUTES
09:46:03.842 [main] DEBUG com.github.dockerjava.zerodep.shaded.org.apache.hc.client5.http.impl.classic.InternalHttpClient -- ep-00000017: releasing valid endpoint
09:46:03.842 [main] DEBUG com.github.dockerjava.zerodep.shaded.org.apache.hc.client5.http.impl.io.PoolingHttpClientConnectionManager -- ep-00000017: releasing endpoint
09:46:03.842 [main] DEBUG com.github.dockerjava.zerodep.shaded.org.apache.hc.client5.http.impl.io.PoolingHttpClientConnectionManager -- ep-00000017: connection http-outgoing-3 can be kept alive for 3 MINUTES
09:46:03.842 [main] DEBUG com.github.dockerjava.zerodep.shaded.org.apache.hc.client5.http.impl.io.PoolingHttpClientConnectionManager -- ep-00000017: connection released [route: {}->npipe://localhost:2375][total available: 2; route allocated: 2 of 2147483647; total allocated: 2 of 2147483647]
09:46:03.843 [main] DEBUG org.testcontainers.shaded.com.github.dockerjava.core.command.AbstrDockerCmd -- Cmd: 97e7ea18bb67ea513dac811eeb33380abfe4258bada5cedf68fc3ea86d7fd30b,false
09:46:03.843 [main] DEBUG org.testcontainers.shaded.com.github.dockerjava.core.exec.InspectContainerCmdExec -- GET: DefaultWebTarget{path=[/containers/97e7ea18bb67ea513dac811eeb33380abfe4258bada5cedf68fc3ea86d7fd30b/json], queryParams={}}
09:46:03.849 [main] DEBUG com.github.dockerjava.zerodep.shaded.org.apache.hc.client5.http.impl.classic.InternalHttpClient -- ex-00000019: preparing request execution
09:46:03.850 [main] DEBUG com.github.dockerjava.zerodep.shaded.org.apache.hc.client5.http.protocol.RequestAddCookies -- Cookie spec selected: strict
09:46:03.851 [main] DEBUG com.github.dockerjava.zerodep.shaded.org.apache.hc.client5.http.protocol.RequestAuthCache -- Auth cache not set in the context
09:46:03.851 [main] DEBUG com.github.dockerjava.zerodep.shaded.org.apache.hc.client5.http.impl.classic.ProtocolExec -- ex-00000019: target auth state: UNCHALLENGED
09:46:03.851 [main] DEBUG com.github.dockerjava.zerodep.shaded.org.apache.hc.client5.http.impl.classic.ProtocolExec -- ex-00000019: proxy auth state: UNCHALLENGED
09:46:03.851 [main] DEBUG com.github.dockerjava.zerodep.shaded.org.apache.hc.client5.http.impl.classic.ConnectExec -- ex-00000019: acquiring connection with route {}->npipe://localhost:2375
09:46:03.851 [main] DEBUG com.github.dockerjava.zerodep.shaded.org.apache.hc.client5.http.impl.classic.InternalHttpClient -- ex-00000019: acquiring endpoint (3 MINUTES)
09:46:03.856 [main] DEBUG com.github.dockerjava.zerodep.shaded.org.apache.hc.client5.http.impl.io.PoolingHttpClientConnectionManager -- ex-00000019: endpoint lease request (3 MINUTES) [route: {}->npipe://localhost:2375][total available: 2; route allocated: 2 of 2147483647; total allocated: 2 of 2147483647]
09:46:03.858 [main] DEBUG com.github.dockerjava.zerodep.shaded.org.apache.hc.client5.http.impl.io.PoolingHttpClientConnectionManager -- ex-00000019: endpoint leased [route: {}->npipe://localhost:2375][total available: 1; route allocated: 2 of 2147483647; total allocated: 2 of 2147483647]
09:46:03.858 [main] DEBUG com.github.dockerjava.zerodep.shaded.org.apache.hc.client5.http.impl.io.PoolingHttpClientConnectionManager -- ex-00000019: acquired ep-00000018
09:46:03.858 [main] DEBUG com.github.dockerjava.zerodep.shaded.org.apache.hc.client5.http.impl.classic.InternalHttpClient -- ex-00000019: acquired endpoint ep-00000018
09:46:03.859 [main] DEBUG com.github.dockerjava.zerodep.shaded.org.apache.hc.client5.http.impl.classic.MainClientExec -- ex-00000019: executing GET /v1.32/containers/97e7ea18bb67ea513dac811eeb33380abfe4258bada5cedf68fc3ea86d7fd30b/json HTTP/1.1
09:46:03.860 [main] DEBUG com.github.dockerjava.zerodep.shaded.org.apache.hc.client5.http.impl.classic.InternalHttpClient -- ep-00000018: start execution ex-00000019
09:46:03.860 [main] DEBUG com.github.dockerjava.zerodep.shaded.org.apache.hc.client5.http.impl.io.PoolingHttpClientConnectionManager -- ep-00000018: executing exchange ex-00000019 over http-outgoing-3
09:46:03.863 [main] DEBUG com.github.dockerjava.zerodep.shaded.org.apache.hc.client5.http.headers -- http-outgoing-3 >> GET /v1.32/containers/97e7ea18bb67ea513dac811eeb33380abfe4258bada5cedf68fc3ea86d7fd30b/json HTTP/1.1
09:46:03.863 [main] DEBUG com.github.dockerjava.zerodep.shaded.org.apache.hc.client5.http.headers -- http-outgoing-3 >> accept: application/json
09:46:03.863 [main] DEBUG com.github.dockerjava.zerodep.shaded.org.apache.hc.client5.http.headers -- http-outgoing-3 >> x-tc-sid: bfc2ed12-23ce-401f-a1df-f57c73ebd58a
09:46:03.863 [main] DEBUG com.github.dockerjava.zerodep.shaded.org.apache.hc.client5.http.headers -- http-outgoing-3 >> User-Agent: tc-java/1.19.3
09:46:03.863 [main] DEBUG com.github.dockerjava.zerodep.shaded.org.apache.hc.client5.http.headers -- http-outgoing-3 >> Accept-Encoding: gzip, x-gzip, deflate
09:46:03.863 [main] DEBUG com.github.dockerjava.zerodep.shaded.org.apache.hc.client5.http.headers -- http-outgoing-3 >> Host: localhost:2375
09:46:03.863 [main] DEBUG com.github.dockerjava.zerodep.shaded.org.apache.hc.client5.http.headers -- http-outgoing-3 >> Connection: keep-alive
09:46:03.863 [main] DEBUG com.github.dockerjava.zerodep.shaded.org.apache.hc.client5.http.wire -- http-outgoing-3 >> "GET /v1.32/containers/97e7ea18bb67ea513dac811eeb33380abfe4258bada5cedf68fc3ea86d7fd30b/json HTTP/1.1[\r][\n]"
09:46:03.863 [main] DEBUG com.github.dockerjava.zerodep.shaded.org.apache.hc.client5.http.wire -- http-outgoing-3 >> "accept: application/json[\r][\n]"
09:46:03.863 [main] DEBUG com.github.dockerjava.zerodep.shaded.org.apache.hc.client5.http.wire -- http-outgoing-3 >> "x-tc-sid: bfc2ed12-23ce-401f-a1df-f57c73ebd58a[\r][\n]"
09:46:03.863 [main] DEBUG com.github.dockerjava.zerodep.shaded.org.apache.hc.client5.http.wire -- http-outgoing-3 >> "User-Agent: tc-java/1.19.3[\r][\n]"
09:46:03.863 [main] DEBUG com.github.dockerjava.zerodep.shaded.org.apache.hc.client5.http.wire -- http-outgoing-3 >> "Accept-Encoding: gzip, x-gzip, deflate[\r][\n]"
09:46:03.863 [main] DEBUG com.github.dockerjava.zerodep.shaded.org.apache.hc.client5.http.wire -- http-outgoing-3 >> "Host: localhost:2375[\r][\n]"
09:46:03.863 [main] DEBUG com.github.dockerjava.zerodep.shaded.org.apache.hc.client5.http.wire -- http-outgoing-3 >> "Connection: keep-alive[\r][\n]"
09:46:03.863 [main] DEBUG com.github.dockerjava.zerodep.shaded.org.apache.hc.client5.http.wire -- http-outgoing-3 >> "[\r][\n]"
09:46:03.885 [main] DEBUG com.github.dockerjava.zerodep.shaded.org.apache.hc.client5.http.wire -- http-outgoing-3 << "HTTP/1.1 200 OK[\r][\n]"
09:46:03.885 [main] DEBUG com.github.dockerjava.zerodep.shaded.org.apache.hc.client5.http.wire -- http-outgoing-3 << "Api-Version: 1.47[\r][\n]"
09:46:03.885 [main] DEBUG com.github.dockerjava.zerodep.shaded.org.apache.hc.client5.http.wire -- http-outgoing-3 << "Content-Type: application/json[\r][\n]"
09:46:03.885 [main] DEBUG com.github.dockerjava.zerodep.shaded.org.apache.hc.client5.http.wire -- http-outgoing-3 << "Date: Fri, 02 May 2025 07:46:03 GMT[\r][\n]"
09:46:03.886 [main] DEBUG com.github.dockerjava.zerodep.shaded.org.apache.hc.client5.http.wire -- http-outgoing-3 << "Docker-Experimental: false[\r][\n]"
09:46:03.886 [main] DEBUG com.github.dockerjava.zerodep.shaded.org.apache.hc.client5.http.wire -- http-outgoing-3 << "Ostype: linux[\r][\n]"
09:46:03.886 [main] DEBUG com.github.dockerjava.zerodep.shaded.org.apache.hc.client5.http.wire -- http-outgoing-3 << "Server: Docker/27.5.1 (linux)[\r][\n]"
09:46:03.886 [main] DEBUG com.github.dockerjava.zerodep.shaded.org.apache.hc.client5.http.wire -- http-outgoing-3 << "Transfer-Encoding: chunked[\r][\n]"
09:46:03.886 [main] DEBUG com.github.dockerjava.zerodep.shaded.org.apache.hc.client5.http.wire -- http-outgoing-3 << "[\r][\n]"
09:46:03.886 [main] DEBUG com.github.dockerjava.zerodep.shaded.org.apache.hc.client5.http.headers -- http-outgoing-3 << HTTP/1.1 200 OK
09:46:03.886 [main] DEBUG com.github.dockerjava.zerodep.shaded.org.apache.hc.client5.http.headers -- http-outgoing-3 << Api-Version: 1.47
09:46:03.886 [main] DEBUG com.github.dockerjava.zerodep.shaded.org.apache.hc.client5.http.headers -- http-outgoing-3 << Content-Type: application/json
09:46:03.886 [main] DEBUG com.github.dockerjava.zerodep.shaded.org.apache.hc.client5.http.headers -- http-outgoing-3 << Date: Fri, 02 May 2025 07:46:03 GMT
09:46:03.886 [main] DEBUG com.github.dockerjava.zerodep.shaded.org.apache.hc.client5.http.headers -- http-outgoing-3 << Docker-Experimental: false
09:46:03.886 [main] DEBUG com.github.dockerjava.zerodep.shaded.org.apache.hc.client5.http.headers -- http-outgoing-3 << Ostype: linux
09:46:03.886 [main] DEBUG com.github.dockerjava.zerodep.shaded.org.apache.hc.client5.http.headers -- http-outgoing-3 << Server: Docker/27.5.1 (linux)
09:46:03.886 [main] DEBUG com.github.dockerjava.zerodep.shaded.org.apache.hc.client5.http.headers -- http-outgoing-3 << Transfer-Encoding: chunked
09:46:03.886 [main] DEBUG com.github.dockerjava.zerodep.shaded.org.apache.hc.client5.http.impl.classic.MainClientExec -- ex-00000019: connection can be kept alive for 3 MINUTES
09:46:03.922 [main] DEBUG com.github.dockerjava.zerodep.shaded.org.apache.hc.client5.http.wire -- http-outgoing-3 << "1271[\r][\n]"
09:46:03.922 [main] DEBUG com.github.dockerjava.zerodep.shaded.org.apache.hc.client5.http.wire -- http-outgoing-3 << "{"Id":"97e7ea18bb67ea513dac811eeb33380abfe4258bada5cedf68fc3ea86d7fd30b","Created":"2025-05-02T07:46:02.914200013Z","Path":"/bin/sh","Args":["-c","echo 'c2VjcmV0' | base64 -d \u003e /vnc_password \u0026\u0026 flvrec.py -o /screen.flv -d -r 30 -P /vnc_password tc-6DidaMrm 5900"],"State":{"Status":"running","Running":true,"Paused":false,"Restarting":false,"OOMKilled":false,"Dead":false,"Pid":18839,"ExitCode":0,"Error":"","StartedAt":"2025-05-02T07:46:03.323575949Z","FinishedAt":"0001-01-01T00:00:00Z"},"Image":"sha256:97fba4daa01bdb900a0716e48765e32c39e26d9357522a5b6004da7799f0822e","ResolvConfPath":"/var/lib/docker/containers/97e7ea18bb67ea513dac811eeb33380abfe4258bada5cedf68fc3ea86d7fd30b/resolv.conf","HostnamePath":"/var/lib/docker/containers/97e7ea18bb67ea513dac811eeb33380abfe4258bada5cedf68fc3ea86d7fd30b/hostname","HostsPath":"/var/lib/docker/containers/97e7ea18bb67ea513dac811eeb33380abfe4258bada5cedf68fc3ea86d7fd30b/hosts","LogPath":"/var/lib/docker/containers/97e7ea18bb67ea513dac811eeb33380abfe4258bada5cedf68fc3ea86d7fd30b/97e7ea18bb67ea513dac811eeb33380abfe4258bada5cedf68fc3ea86d7fd30b-json.log","Name":"/jolly_easley","RestartCount":0,"Driver":"overlayfs","Platform":"linux","MountLabel":"","ProcessLabel":"","AppArmorProfile":"","ExecIDs":null,"HostConfig":{"Binds":[],"ContainerIDFile":"","LogConfig":{"Type":"json-file","Config":{}},"NetworkMode":"40fa9c662d55c1f903d10321bbbff97566ce50ab076c1b1f83516e59086538b7","PortBindings":{},"RestartPolicy":{"Name":"no","MaximumRetryCount":0},"AutoRemove":false,"VolumeDriver":"","VolumesFrom":[],"ConsoleSize":[0,0],"CapAdd":null,"CapDrop":null,"CgroupnsMode":"host","Dns":null,"DnsOptions":null,"DnsSearch":null,"ExtraHosts":[],"GroupAdd":null,"IpcMode":"shareable","Cgroup":"","Links":null,"OomScoreAdj":0,"PidMode":"","Privileged":false,"PublishAllPorts":false,"ReadonlyRootfs":false,"SecurityOpt":null,"UTSMode":"","UsernsMode":"","ShmSize":67108864,"Runtime":"runc","Isolation":"","CpuShares":0,"Memory":0,"NanoCpus":0,"CgroupParent":"","BlkioWeight":0,"BlkioWeightDevice":null,"BlkioDeviceReadBps":null,"BlkioDeviceWriteBps":null,"BlkioDeviceReadIOps":null,"BlkioDeviceWriteIOps":null,"CpuPeriod":0,"CpuQuota":0,"CpuRealtimePeriod":0,"CpuRealtimeRuntime":0,"CpusetCpus":"","CpusetMems":"","Devices":null,"DeviceCgroupRules":null,"DeviceRequests":null,"MemoryReservation":0,"MemorySwap":0,"MemorySwappiness":null,"OomKillDisable":false,"PidsLimit":null,"Ulimits":null,"CpuCount":0,"CpuPercent":0,"IOMaximumIOps":0,"IOMaximumBandwidth":0,"MaskedPaths":["/proc/asound","/proc/acpi","/proc/kcore","/proc/keys","/proc/latency_stats","/proc/timer_list","/proc/timer_stats","/proc/sched_debug","/proc/scsi","/sys/firmware","/sys/devices/virtual/powercap"],"ReadonlyPaths":["/proc/bus","/proc/fs","/proc/irq","/proc/sys","/proc/sysrq-trigger"]},"GraphDriver":{"Data":null,"Name":"overlayfs"},"Mounts":[],"Config":{"Hostname":"97e7ea18bb67","Domainname":"","User":"","AttachStdin":false,"AttachStdout":false,"AttachStderr":false,"Tty":false,"OpenStdin":false,"StdinOnce":false,"Env":["PATH=/usr/local/sbin:/usr/local/bin:/usr/sbin:/usr/bin:/sbin:/bin"],"Cmd":["-c","echo 'c2VjcmV0' | base64 -d \u003e /vnc_password \u0026\u0026 flvrec.py -o /screen.flv -d -r 30 -P /vnc_password tc-6DidaMrm 5900"],"Image":"testcontainers/vnc-recorder:1.3.0","Volumes":null,"WorkingDir":"","Entrypoint":["/bin/sh"],"OnBuild":null,"Labels":{"Description":"This image can be used to create a sidekick container for recording videos of VNC sessions hosted in other containers","maintainer":"Richard North \u003crich.north@gmail.com\u003e","org.testcontainers":"true","org.testcontainers.lang":"java","org.testcontainers.sessionId":"bfc2ed12-23ce-401f-a1df-f57c73ebd58a","org.testcontainers.version":"1.19.3"}},"NetworkSettings":{"Bridge":"","SandboxID":"4e0f6888aa7d502377ad8794ceb4b1d50821c80a193b1f8ed8e940fb5f025146","SandboxKey":"/var/run/docker/netns/4e0f6888aa7d","Ports":{},"HairpinMode":false,"LinkLocalIPv6Address":"","LinkLocalIPv6PrefixLen":0,"SecondaryIPAddresses":null,"SecondaryIPv6Addresses":null,"EndpointID":"","Gateway":"","Glo"
09:46:03.929 [main] DEBUG com.github.dockerjava.zerodep.shaded.org.apache.hc.client5.http.wire -- http-outgoing-3 << "balIPv6Address":"","GlobalIPv6PrefixLen":0,"IPAddress":"","IPPrefixLen":0,"IPv6Gateway":"","MacAddress":"","Networks":{"680d18ca-38a1-4057-a5d5-0ccd248aa2e8":{"IPAMConfig":null,"Links":null,"Aliases":["tc-zJHYALcj","97e7ea18bb67"],"MacAddress":"02:42:ac:13:00:03","DriverOpts":null,"NetworkID":"40fa9c662d55c1f903d10321bbbff97566ce50ab076c1b1f83516e59086538b7","EndpointID":"35339b3e0b1931e870e5dffb76a022728ed6d07df4da8fe436f1ce6eb44d5646","Gateway":"172.19.0.1","IPAddress":"172.19.0.3","IPPrefixLen":16,"IPv6Gateway":"","GlobalIPv6Address":"","GlobalIPv6PrefixLen":0,"DNSNames":["jolly_easley","tc-zJHYALcj","97e7ea18bb67"]}}}}[\n]"
09:46:03.954 [main] DEBUG com.github.dockerjava.zerodep.shaded.org.apache.hc.client5.http.wire -- http-outgoing-3 << "[\r][\n]"
09:46:03.954 [main] DEBUG com.github.dockerjava.zerodep.shaded.org.apache.hc.client5.http.wire -- http-outgoing-3 << "0[\r][\n]"
09:46:03.954 [main] DEBUG com.github.dockerjava.zerodep.shaded.org.apache.hc.client5.http.wire -- http-outgoing-3 << "[\r][\n]"
09:46:03.954 [main] DEBUG com.github.dockerjava.zerodep.shaded.org.apache.hc.client5.http.impl.classic.InternalHttpClient -- ep-00000018: releasing valid endpoint
09:46:03.954 [main] DEBUG com.github.dockerjava.zerodep.shaded.org.apache.hc.client5.http.impl.io.PoolingHttpClientConnectionManager -- ep-00000018: releasing endpoint
09:46:03.954 [main] DEBUG com.github.dockerjava.zerodep.shaded.org.apache.hc.client5.http.impl.io.PoolingHttpClientConnectionManager -- ep-00000018: connection http-outgoing-3 can be kept alive for 3 MINUTES
09:46:03.954 [main] DEBUG com.github.dockerjava.zerodep.shaded.org.apache.hc.client5.http.impl.io.PoolingHttpClientConnectionManager -- ep-00000018: connection released [route: {}->npipe://localhost:2375][total available: 2; route allocated: 2 of 2147483647; total allocated: 2 of 2147483647]
09:46:03.957 [main] DEBUG org.testcontainers.shaded.com.github.dockerjava.core.command.AbstrDockerCmd -- Cmd: sha256:97fba4daa01bdb900a0716e48765e32c39e26d9357522a5b6004da7799f0822e
09:46:03.963 [main] DEBUG com.github.dockerjava.zerodep.shaded.org.apache.hc.client5.http.impl.classic.InternalHttpClient -- ex-0000001A: preparing request execution
09:46:03.965 [main] DEBUG com.github.dockerjava.zerodep.shaded.org.apache.hc.client5.http.protocol.RequestAddCookies -- Cookie spec selected: strict
09:46:03.965 [main] DEBUG com.github.dockerjava.zerodep.shaded.org.apache.hc.client5.http.protocol.RequestAuthCache -- Auth cache not set in the context
09:46:03.965 [main] DEBUG com.github.dockerjava.zerodep.shaded.org.apache.hc.client5.http.impl.classic.ProtocolExec -- ex-0000001A: target auth state: UNCHALLENGED
09:46:03.965 [main] DEBUG com.github.dockerjava.zerodep.shaded.org.apache.hc.client5.http.impl.classic.ProtocolExec -- ex-0000001A: proxy auth state: UNCHALLENGED
09:46:03.965 [main] DEBUG com.github.dockerjava.zerodep.shaded.org.apache.hc.client5.http.impl.classic.ConnectExec -- ex-0000001A: acquiring connection with route {}->npipe://localhost:2375
09:46:03.965 [main] DEBUG com.github.dockerjava.zerodep.shaded.org.apache.hc.client5.http.impl.classic.InternalHttpClient -- ex-0000001A: acquiring endpoint (3 MINUTES)
09:46:03.966 [main] DEBUG com.github.dockerjava.zerodep.shaded.org.apache.hc.client5.http.impl.io.PoolingHttpClientConnectionManager -- ex-0000001A: endpoint lease request (3 MINUTES) [route: {}->npipe://localhost:2375][total available: 2; route allocated: 2 of 2147483647; total allocated: 2 of 2147483647]
09:46:03.968 [main] DEBUG com.github.dockerjava.zerodep.shaded.org.apache.hc.client5.http.impl.io.PoolingHttpClientConnectionManager -- ex-0000001A: endpoint leased [route: {}->npipe://localhost:2375][total available: 1; route allocated: 2 of 2147483647; total allocated: 2 of 2147483647]
09:46:03.968 [main] DEBUG com.github.dockerjava.zerodep.shaded.org.apache.hc.client5.http.impl.io.PoolingHttpClientConnectionManager -- ex-0000001A: acquired ep-00000019
09:46:03.968 [main] DEBUG com.github.dockerjava.zerodep.shaded.org.apache.hc.client5.http.impl.classic.InternalHttpClient -- ex-0000001A: acquired endpoint ep-00000019
09:46:03.968 [main] DEBUG com.github.dockerjava.zerodep.shaded.org.apache.hc.client5.http.impl.classic.MainClientExec -- ex-0000001A: executing GET /v1.32/images/sha256:97fba4daa01bdb900a0716e48765e32c39e26d9357522a5b6004da7799f0822e/json HTTP/1.1
09:46:03.968 [main] DEBUG com.github.dockerjava.zerodep.shaded.org.apache.hc.client5.http.impl.classic.InternalHttpClient -- ep-00000019: start execution ex-0000001A
09:46:03.968 [main] DEBUG com.github.dockerjava.zerodep.shaded.org.apache.hc.client5.http.impl.io.PoolingHttpClientConnectionManager -- ep-00000019: executing exchange ex-0000001A over http-outgoing-3
09:46:03.970 [main] DEBUG com.github.dockerjava.zerodep.shaded.org.apache.hc.client5.http.headers -- http-outgoing-3 >> GET /v1.32/images/sha256:97fba4daa01bdb900a0716e48765e32c39e26d9357522a5b6004da7799f0822e/json HTTP/1.1
09:46:03.970 [main] DEBUG com.github.dockerjava.zerodep.shaded.org.apache.hc.client5.http.headers -- http-outgoing-3 >> accept: application/json
09:46:03.970 [main] DEBUG com.github.dockerjava.zerodep.shaded.org.apache.hc.client5.http.headers -- http-outgoing-3 >> x-tc-sid: bfc2ed12-23ce-401f-a1df-f57c73ebd58a
09:46:03.971 [main] DEBUG com.github.dockerjava.zerodep.shaded.org.apache.hc.client5.http.headers -- http-outgoing-3 >> User-Agent: tc-java/1.19.3
09:46:03.972 [main] DEBUG com.github.dockerjava.zerodep.shaded.org.apache.hc.client5.http.headers -- http-outgoing-3 >> Accept-Encoding: gzip, x-gzip, deflate
09:46:03.973 [main] DEBUG com.github.dockerjava.zerodep.shaded.org.apache.hc.client5.http.headers -- http-outgoing-3 >> Host: localhost:2375
09:46:03.973 [main] DEBUG com.github.dockerjava.zerodep.shaded.org.apache.hc.client5.http.headers -- http-outgoing-3 >> Connection: keep-alive
09:46:03.973 [main] DEBUG com.github.dockerjava.zerodep.shaded.org.apache.hc.client5.http.wire -- http-outgoing-3 >> "GET /v1.32/images/sha256:97fba4daa01bdb900a0716e48765e32c39e26d9357522a5b6004da7799f0822e/json HTTP/1.1[\r][\n]"
09:46:03.974 [main] DEBUG com.github.dockerjava.zerodep.shaded.org.apache.hc.client5.http.wire -- http-outgoing-3 >> "accept: application/json[\r][\n]"
09:46:03.974 [main] DEBUG com.github.dockerjava.zerodep.shaded.org.apache.hc.client5.http.wire -- http-outgoing-3 >> "x-tc-sid: bfc2ed12-23ce-401f-a1df-f57c73ebd58a[\r][\n]"
09:46:03.974 [main] DEBUG com.github.dockerjava.zerodep.shaded.org.apache.hc.client5.http.wire -- http-outgoing-3 >> "User-Agent: tc-java/1.19.3[\r][\n]"
09:46:03.974 [main] DEBUG com.github.dockerjava.zerodep.shaded.org.apache.hc.client5.http.wire -- http-outgoing-3 >> "Accept-Encoding: gzip, x-gzip, deflate[\r][\n]"
09:46:03.974 [main] DEBUG com.github.dockerjava.zerodep.shaded.org.apache.hc.client5.http.wire -- http-outgoing-3 >> "Host: localhost:2375[\r][\n]"
09:46:03.974 [main] DEBUG com.github.dockerjava.zerodep.shaded.org.apache.hc.client5.http.wire -- http-outgoing-3 >> "Connection: keep-alive[\r][\n]"
09:46:03.974 [main] DEBUG com.github.dockerjava.zerodep.shaded.org.apache.hc.client5.http.wire -- http-outgoing-3 >> "[\r][\n]"
09:46:04.013 [main] DEBUG com.github.dockerjava.zerodep.shaded.org.apache.hc.client5.http.wire -- http-outgoing-3 << "HTTP/1.1 200 OK[\r][\n]"
09:46:04.013 [main] DEBUG com.github.dockerjava.zerodep.shaded.org.apache.hc.client5.http.wire -- http-outgoing-3 << "Api-Version: 1.47[\r][\n]"
09:46:04.013 [main] DEBUG com.github.dockerjava.zerodep.shaded.org.apache.hc.client5.http.wire -- http-outgoing-3 << "Content-Type: application/json[\r][\n]"
09:46:04.013 [main] DEBUG com.github.dockerjava.zerodep.shaded.org.apache.hc.client5.http.wire -- http-outgoing-3 << "Date: Fri, 02 May 2025 07:46:04 GMT[\r][\n]"
09:46:04.013 [main] DEBUG com.github.dockerjava.zerodep.shaded.org.apache.hc.client5.http.wire -- http-outgoing-3 << "Docker-Experimental: false[\r][\n]"
09:46:04.013 [main] DEBUG com.github.dockerjava.zerodep.shaded.org.apache.hc.client5.http.wire -- http-outgoing-3 << "Ostype: linux[\r][\n]"
09:46:04.013 [main] DEBUG com.github.dockerjava.zerodep.shaded.org.apache.hc.client5.http.wire -- http-outgoing-3 << "Server: Docker/27.5.1 (linux)[\r][\n]"
09:46:04.013 [main] DEBUG com.github.dockerjava.zerodep.shaded.org.apache.hc.client5.http.wire -- http-outgoing-3 << "Transfer-Encoding: chunked[\r][\n]"
09:46:04.013 [main] DEBUG com.github.dockerjava.zerodep.shaded.org.apache.hc.client5.http.wire -- http-outgoing-3 << "[\r][\n]"
09:46:04.014 [main] DEBUG com.github.dockerjava.zerodep.shaded.org.apache.hc.client5.http.headers -- http-outgoing-3 << HTTP/1.1 200 OK
09:46:04.014 [main] DEBUG com.github.dockerjava.zerodep.shaded.org.apache.hc.client5.http.headers -- http-outgoing-3 << Api-Version: 1.47
09:46:04.014 [main] DEBUG com.github.dockerjava.zerodep.shaded.org.apache.hc.client5.http.headers -- http-outgoing-3 << Content-Type: application/json
09:46:04.014 [main] DEBUG com.github.dockerjava.zerodep.shaded.org.apache.hc.client5.http.headers -- http-outgoing-3 << Date: Fri, 02 May 2025 07:46:04 GMT
09:46:04.014 [main] DEBUG com.github.dockerjava.zerodep.shaded.org.apache.hc.client5.http.headers -- http-outgoing-3 << Docker-Experimental: false
09:46:04.014 [main] DEBUG com.github.dockerjava.zerodep.shaded.org.apache.hc.client5.http.headers -- http-outgoing-3 << Ostype: linux
09:46:04.014 [main] DEBUG com.github.dockerjava.zerodep.shaded.org.apache.hc.client5.http.headers -- http-outgoing-3 << Server: Docker/27.5.1 (linux)
09:46:04.014 [main] DEBUG com.github.dockerjava.zerodep.shaded.org.apache.hc.client5.http.headers -- http-outgoing-3 << Transfer-Encoding: chunked
09:46:04.014 [main] DEBUG com.github.dockerjava.zerodep.shaded.org.apache.hc.client5.http.impl.classic.MainClientExec -- ex-0000001A: connection can be kept alive for 3 MINUTES
09:46:04.015 [main] DEBUG com.github.dockerjava.zerodep.shaded.org.apache.hc.client5.http.wire -- http-outgoing-3 << "62c[\r][\n]"
09:46:04.015 [main] DEBUG com.github.dockerjava.zerodep.shaded.org.apache.hc.client5.http.wire -- http-outgoing-3 << "{"Id":"sha256:97fba4daa01bdb900a0716e48765e32c39e26d9357522a5b6004da7799f0822e","RepoTags":["testcontainers/vnc-recorder:1.3.0"],"RepoDigests":["testcontainers/vnc-recorder@sha256:97fba4daa01bdb900a0716e48765e32c39e26d9357522a5b6004da7799f0822e"],"Parent":"","Comment":"buildkit.dockerfile.v0","Created":"2022-11-23T13:43:28.996024796Z","ContainerConfig":{"Hostname":"","Domainname":"","User":"","AttachStdin":false,"AttachStdout":false,"AttachStderr":false,"Tty":false,"OpenStdin":false,"StdinOnce":false,"Env":null,"Cmd":null,"Image":"","Volumes":null,"WorkingDir":"","Entrypoint":null,"OnBuild":null,"Labels":null},"DockerVersion":"27.5.1","Author":"","Config":{"Hostname":"","Domainname":"","User":"","AttachStdin":false,"AttachStdout":false,"AttachStderr":false,"Tty":false,"OpenStdin":false,"StdinOnce":false,"Env":["PATH=/usr/local/sbin:/usr/local/bin:/usr/sbin:/usr/bin:/sbin:/bin"],"Cmd":["--help"],"ArgsEscaped":true,"Image":"","Volumes":null,"WorkingDir":"","Entrypoint":["flvrec.py"],"OnBuild":null,"Labels":{"Description":"This image can be used to create a sidekick container for recording videos of VNC sessions hosted in other containers","maintainer":"Richard North <rich.north@gmail.com>"}},"Architecture":"amd64","Os":"linux","Size":266546989,"VirtualSize":266546989,"GraphDriver":{"Data":null,"Name":"overlayfs"},"RootFS":{"Type":"layers","Layers":["sha256:07cab433985205f29909739f511777a810f4a9aff486355b71308bb654cdc868","sha256:6ff66b407081b5472634abfe9f44925eea53e23873c8e7ce81870c1d1e50ee3c"]},"Metadata":{"LastTagTime":"2025-05-01T17:44:31.817576144Z"}}[\n]"
09:46:04.015 [main] DEBUG com.github.dockerjava.zerodep.shaded.org.apache.hc.client5.http.wire -- http-outgoing-3 << "[\r][\n]"
09:46:04.017 [main] DEBUG com.github.dockerjava.zerodep.shaded.org.apache.hc.client5.http.wire -- http-outgoing-3 << "0[\r][\n]"
09:46:04.018 [main] DEBUG com.github.dockerjava.zerodep.shaded.org.apache.hc.client5.http.wire -- http-outgoing-3 << "[\r][\n]"
09:46:04.019 [main] DEBUG com.github.dockerjava.zerodep.shaded.org.apache.hc.client5.http.impl.classic.InternalHttpClient -- ep-00000019: releasing valid endpoint
09:46:04.019 [main] DEBUG com.github.dockerjava.zerodep.shaded.org.apache.hc.client5.http.impl.io.PoolingHttpClientConnectionManager -- ep-00000019: releasing endpoint
09:46:04.019 [main] DEBUG com.github.dockerjava.zerodep.shaded.org.apache.hc.client5.http.impl.io.PoolingHttpClientConnectionManager -- ep-00000019: connection http-outgoing-3 can be kept alive for 3 MINUTES
09:46:04.019 [main] DEBUG com.github.dockerjava.zerodep.shaded.org.apache.hc.client5.http.impl.io.PoolingHttpClientConnectionManager -- ep-00000019: connection released [route: {}->npipe://localhost:2375][total available: 2; route allocated: 2 of 2147483647; total allocated: 2 of 2147483647]
09:46:04.019 [main] DEBUG org.testcontainers.shaded.com.github.dockerjava.core.command.AbstrDockerCmd -- Cmd: 
09:46:04.025 [main] DEBUG com.github.dockerjava.zerodep.shaded.org.apache.hc.client5.http.impl.classic.InternalHttpClient -- ex-0000001B: preparing request execution
09:46:04.025 [main] DEBUG com.github.dockerjava.zerodep.shaded.org.apache.hc.client5.http.protocol.RequestAddCookies -- Cookie spec selected: strict
09:46:04.025 [main] DEBUG com.github.dockerjava.zerodep.shaded.org.apache.hc.client5.http.protocol.RequestAuthCache -- Auth cache not set in the context
09:46:04.025 [main] DEBUG com.github.dockerjava.zerodep.shaded.org.apache.hc.client5.http.impl.classic.ProtocolExec -- ex-0000001B: target auth state: UNCHALLENGED
09:46:04.025 [main] DEBUG com.github.dockerjava.zerodep.shaded.org.apache.hc.client5.http.impl.classic.ProtocolExec -- ex-0000001B: proxy auth state: UNCHALLENGED
09:46:04.025 [main] DEBUG com.github.dockerjava.zerodep.shaded.org.apache.hc.client5.http.impl.classic.ConnectExec -- ex-0000001B: acquiring connection with route {}->npipe://localhost:2375
09:46:04.025 [main] DEBUG com.github.dockerjava.zerodep.shaded.org.apache.hc.client5.http.impl.classic.InternalHttpClient -- ex-0000001B: acquiring endpoint (3 MINUTES)
09:46:04.025 [main] DEBUG com.github.dockerjava.zerodep.shaded.org.apache.hc.client5.http.impl.io.PoolingHttpClientConnectionManager -- ex-0000001B: endpoint lease request (3 MINUTES) [route: {}->npipe://localhost:2375][total available: 2; route allocated: 2 of 2147483647; total allocated: 2 of 2147483647]
09:46:04.026 [main] DEBUG com.github.dockerjava.zerodep.shaded.org.apache.hc.client5.http.impl.io.PoolingHttpClientConnectionManager -- ex-0000001B: endpoint leased [route: {}->npipe://localhost:2375][total available: 1; route allocated: 2 of 2147483647; total allocated: 2 of 2147483647]
09:46:04.031 [main] DEBUG com.github.dockerjava.zerodep.shaded.org.apache.hc.client5.http.impl.io.PoolingHttpClientConnectionManager -- ex-0000001B: acquired ep-0000001A
09:46:04.031 [main] DEBUG com.github.dockerjava.zerodep.shaded.org.apache.hc.client5.http.impl.classic.InternalHttpClient -- ex-0000001B: acquired endpoint ep-0000001A
09:46:04.034 [main] DEBUG com.github.dockerjava.zerodep.shaded.org.apache.hc.client5.http.impl.classic.MainClientExec -- ex-0000001B: executing GET /v1.32/version HTTP/1.1
09:46:04.034 [main] DEBUG com.github.dockerjava.zerodep.shaded.org.apache.hc.client5.http.impl.classic.InternalHttpClient -- ep-0000001A: start execution ex-0000001B
09:46:04.034 [main] DEBUG com.github.dockerjava.zerodep.shaded.org.apache.hc.client5.http.impl.io.PoolingHttpClientConnectionManager -- ep-0000001A: executing exchange ex-0000001B over http-outgoing-3
09:46:04.035 [main] DEBUG com.github.dockerjava.zerodep.shaded.org.apache.hc.client5.http.headers -- http-outgoing-3 >> GET /v1.32/version HTTP/1.1
09:46:04.035 [main] DEBUG com.github.dockerjava.zerodep.shaded.org.apache.hc.client5.http.headers -- http-outgoing-3 >> accept: application/json
09:46:04.035 [main] DEBUG com.github.dockerjava.zerodep.shaded.org.apache.hc.client5.http.headers -- http-outgoing-3 >> x-tc-sid: bfc2ed12-23ce-401f-a1df-f57c73ebd58a
09:46:04.035 [main] DEBUG com.github.dockerjava.zerodep.shaded.org.apache.hc.client5.http.headers -- http-outgoing-3 >> User-Agent: tc-java/1.19.3
09:46:04.035 [main] DEBUG com.github.dockerjava.zerodep.shaded.org.apache.hc.client5.http.headers -- http-outgoing-3 >> Accept-Encoding: gzip, x-gzip, deflate
09:46:04.035 [main] DEBUG com.github.dockerjava.zerodep.shaded.org.apache.hc.client5.http.headers -- http-outgoing-3 >> Host: localhost:2375
09:46:04.035 [main] DEBUG com.github.dockerjava.zerodep.shaded.org.apache.hc.client5.http.headers -- http-outgoing-3 >> Connection: keep-alive
09:46:04.035 [main] DEBUG com.github.dockerjava.zerodep.shaded.org.apache.hc.client5.http.wire -- http-outgoing-3 >> "GET /v1.32/version HTTP/1.1[\r][\n]"
09:46:04.035 [main] DEBUG com.github.dockerjava.zerodep.shaded.org.apache.hc.client5.http.wire -- http-outgoing-3 >> "accept: application/json[\r][\n]"
09:46:04.035 [main] DEBUG com.github.dockerjava.zerodep.shaded.org.apache.hc.client5.http.wire -- http-outgoing-3 >> "x-tc-sid: bfc2ed12-23ce-401f-a1df-f57c73ebd58a[\r][\n]"
09:46:04.036 [main] DEBUG com.github.dockerjava.zerodep.shaded.org.apache.hc.client5.http.wire -- http-outgoing-3 >> "User-Agent: tc-java/1.19.3[\r][\n]"
09:46:04.036 [main] DEBUG com.github.dockerjava.zerodep.shaded.org.apache.hc.client5.http.wire -- http-outgoing-3 >> "Accept-Encoding: gzip, x-gzip, deflate[\r][\n]"
09:46:04.036 [main] DEBUG com.github.dockerjava.zerodep.shaded.org.apache.hc.client5.http.wire -- http-outgoing-3 >> "Host: localhost:2375[\r][\n]"
09:46:04.036 [main] DEBUG com.github.dockerjava.zerodep.shaded.org.apache.hc.client5.http.wire -- http-outgoing-3 >> "Connection: keep-alive[\r][\n]"
09:46:04.036 [main] DEBUG com.github.dockerjava.zerodep.shaded.org.apache.hc.client5.http.wire -- http-outgoing-3 >> "[\r][\n]"
09:46:04.073 [main] DEBUG com.github.dockerjava.zerodep.shaded.org.apache.hc.client5.http.wire -- http-outgoing-3 << "HTTP/1.1 200 OK[\r][\n]"
09:46:04.073 [main] DEBUG com.github.dockerjava.zerodep.shaded.org.apache.hc.client5.http.wire -- http-outgoing-3 << "Api-Version: 1.47[\r][\n]"
09:46:04.075 [main] DEBUG com.github.dockerjava.zerodep.shaded.org.apache.hc.client5.http.wire -- http-outgoing-3 << "Content-Type: application/json[\r][\n]"
09:46:04.075 [main] DEBUG com.github.dockerjava.zerodep.shaded.org.apache.hc.client5.http.wire -- http-outgoing-3 << "Date: Fri, 02 May 2025 07:46:04 GMT[\r][\n]"
09:46:04.075 [main] DEBUG com.github.dockerjava.zerodep.shaded.org.apache.hc.client5.http.wire -- http-outgoing-3 << "Docker-Experimental: false[\r][\n]"
09:46:04.075 [main] DEBUG com.github.dockerjava.zerodep.shaded.org.apache.hc.client5.http.wire -- http-outgoing-3 << "Ostype: linux[\r][\n]"
09:46:04.075 [main] DEBUG com.github.dockerjava.zerodep.shaded.org.apache.hc.client5.http.wire -- http-outgoing-3 << "Server: Docker/27.5.1 (linux)[\r][\n]"
09:46:04.075 [main] DEBUG com.github.dockerjava.zerodep.shaded.org.apache.hc.client5.http.wire -- http-outgoing-3 << "Transfer-Encoding: chunked[\r][\n]"
09:46:04.075 [main] DEBUG com.github.dockerjava.zerodep.shaded.org.apache.hc.client5.http.wire -- http-outgoing-3 << "[\r][\n]"
09:46:04.077 [main] DEBUG com.github.dockerjava.zerodep.shaded.org.apache.hc.client5.http.headers -- http-outgoing-3 << HTTP/1.1 200 OK
09:46:04.077 [main] DEBUG com.github.dockerjava.zerodep.shaded.org.apache.hc.client5.http.headers -- http-outgoing-3 << Api-Version: 1.47
09:46:04.077 [main] DEBUG com.github.dockerjava.zerodep.shaded.org.apache.hc.client5.http.headers -- http-outgoing-3 << Content-Type: application/json
09:46:04.077 [main] DEBUG com.github.dockerjava.zerodep.shaded.org.apache.hc.client5.http.headers -- http-outgoing-3 << Date: Fri, 02 May 2025 07:46:04 GMT
09:46:04.077 [main] DEBUG com.github.dockerjava.zerodep.shaded.org.apache.hc.client5.http.headers -- http-outgoing-3 << Docker-Experimental: false
09:46:04.077 [main] DEBUG com.github.dockerjava.zerodep.shaded.org.apache.hc.client5.http.headers -- http-outgoing-3 << Ostype: linux
09:46:04.077 [main] DEBUG com.github.dockerjava.zerodep.shaded.org.apache.hc.client5.http.headers -- http-outgoing-3 << Server: Docker/27.5.1 (linux)
09:46:04.077 [main] DEBUG com.github.dockerjava.zerodep.shaded.org.apache.hc.client5.http.headers -- http-outgoing-3 << Transfer-Encoding: chunked
09:46:04.081 [main] DEBUG com.github.dockerjava.zerodep.shaded.org.apache.hc.client5.http.impl.classic.MainClientExec -- ex-0000001B: connection can be kept alive for 3 MINUTES
09:46:04.082 [main] DEBUG com.github.dockerjava.zerodep.shaded.org.apache.hc.client5.http.wire -- http-outgoing-3 << "362[\r][\n]"
09:46:04.083 [main] DEBUG com.github.dockerjava.zerodep.shaded.org.apache.hc.client5.http.wire -- http-outgoing-3 << "{"Platform":{"Name":"Docker Desktop 4.38.0 (181591)"},"Components":[{"Name":"Engine","Version":"27.5.1","Details":{"ApiVersion":"1.47","Arch":"amd64","BuildTime":"2025-01-22T13:41:17.000000000+00:00","Experimental":"false","GitCommit":"4c9b3b0","GoVersion":"go1.22.11","KernelVersion":"5.15.167.4-microsoft-standard-WSL2","MinAPIVersion":"1.24","Os":"linux"}},{"Name":"containerd","Version":"1.7.25","Details":{"GitCommit":"bcc810d6b9066471b0b6fa75f557a15a1cbf31bb"}},{"Name":"runc","Version":"1.1.12","Details":{"GitCommit":"v1.1.12-0-g51d5e946"}},{"Name":"docker-init","Version":"0.19.0","Details":{"GitCommit":"de40ad0"}}],"Version":"27.5.1","ApiVersion":"1.47","MinAPIVersion":"1.24","GitCommit":"4c9b3b0","GoVersion":"go1.22.11","Os":"linux","Arch":"amd64","KernelVersion":"5.15.167.4-microsoft-standard-WSL2","BuildTime":"2025-01-22T13:41:17.000000000+00:00"}[\n]"
09:46:04.083 [main] DEBUG com.github.dockerjava.zerodep.shaded.org.apache.hc.client5.http.wire -- http-outgoing-3 << "[\r][\n]"
09:46:04.083 [main] DEBUG com.github.dockerjava.zerodep.shaded.org.apache.hc.client5.http.wire -- http-outgoing-3 << "0[\r][\n]"
09:46:04.083 [main] DEBUG com.github.dockerjava.zerodep.shaded.org.apache.hc.client5.http.wire -- http-outgoing-3 << "[\r][\n]"
09:46:04.086 [main] DEBUG com.github.dockerjava.zerodep.shaded.org.apache.hc.client5.http.impl.classic.InternalHttpClient -- ep-0000001A: releasing valid endpoint
09:46:04.086 [main] DEBUG com.github.dockerjava.zerodep.shaded.org.apache.hc.client5.http.impl.io.PoolingHttpClientConnectionManager -- ep-0000001A: releasing endpoint
09:46:04.087 [main] DEBUG com.github.dockerjava.zerodep.shaded.org.apache.hc.client5.http.impl.io.PoolingHttpClientConnectionManager -- ep-0000001A: connection http-outgoing-3 can be kept alive for 3 MINUTES
09:46:04.103 [main] DEBUG com.github.dockerjava.zerodep.shaded.org.apache.hc.client5.http.impl.io.PoolingHttpClientConnectionManager -- ep-0000001A: connection released [route: {}->npipe://localhost:2375][total available: 2; route allocated: 2 of 2147483647; total allocated: 2 of 2147483647]
09:46:04.109 [docker-java-stream--1346732985] DEBUG com.github.dockerjava.zerodep.shaded.org.apache.hc.client5.http.impl.classic.InternalHttpClient -- ex-0000001C: preparing request execution
09:46:04.112 [docker-java-stream--1346732985] DEBUG com.github.dockerjava.zerodep.shaded.org.apache.hc.client5.http.protocol.RequestAddCookies -- Cookie spec selected: strict
09:46:04.113 [docker-java-stream--1346732985] DEBUG com.github.dockerjava.zerodep.shaded.org.apache.hc.client5.http.protocol.RequestAuthCache -- Auth cache not set in the context
09:46:04.114 [docker-java-stream--1346732985] DEBUG com.github.dockerjava.zerodep.shaded.org.apache.hc.client5.http.impl.classic.ProtocolExec -- ex-0000001C: target auth state: UNCHALLENGED
09:46:04.114 [docker-java-stream--1346732985] DEBUG com.github.dockerjava.zerodep.shaded.org.apache.hc.client5.http.impl.classic.ProtocolExec -- ex-0000001C: proxy auth state: UNCHALLENGED
09:46:04.114 [docker-java-stream--1346732985] DEBUG com.github.dockerjava.zerodep.shaded.org.apache.hc.client5.http.impl.classic.ConnectExec -- ex-0000001C: acquiring connection with route {}->npipe://localhost:2375
09:46:04.115 [docker-java-stream--1346732985] DEBUG com.github.dockerjava.zerodep.shaded.org.apache.hc.client5.http.impl.classic.InternalHttpClient -- ex-0000001C: acquiring endpoint (3 MINUTES)
09:46:04.115 [docker-java-stream--1346732985] DEBUG com.github.dockerjava.zerodep.shaded.org.apache.hc.client5.http.impl.io.PoolingHttpClientConnectionManager -- ex-0000001C: endpoint lease request (3 MINUTES) [route: {}->npipe://localhost:2375][total available: 2; route allocated: 2 of 2147483647; total allocated: 2 of 2147483647]
09:46:04.115 [docker-java-stream--1346732985] DEBUG com.github.dockerjava.zerodep.shaded.org.apache.hc.client5.http.impl.io.PoolingHttpClientConnectionManager -- ex-0000001C: endpoint leased [route: {}->npipe://localhost:2375][total available: 1; route allocated: 2 of 2147483647; total allocated: 2 of 2147483647]
09:46:04.115 [docker-java-stream--1346732985] DEBUG com.github.dockerjava.zerodep.shaded.org.apache.hc.client5.http.impl.io.PoolingHttpClientConnectionManager -- ex-0000001C: acquired ep-0000001B
09:46:04.116 [docker-java-stream--1346732985] DEBUG com.github.dockerjava.zerodep.shaded.org.apache.hc.client5.http.impl.classic.InternalHttpClient -- ex-0000001C: acquired endpoint ep-0000001B
09:46:04.116 [docker-java-stream--1346732985] DEBUG com.github.dockerjava.zerodep.shaded.org.apache.hc.client5.http.impl.classic.MainClientExec -- ex-0000001C: executing GET /v1.32/containers/97e7ea18bb67ea513dac811eeb33380abfe4258bada5cedf68fc3ea86d7fd30b/logs?stdout=true&stderr=true&follow=true&since=0 HTTP/1.1
09:46:04.116 [docker-java-stream--1346732985] DEBUG com.github.dockerjava.zerodep.shaded.org.apache.hc.client5.http.impl.classic.InternalHttpClient -- ep-0000001B: start execution ex-0000001C
09:46:04.116 [docker-java-stream--1346732985] DEBUG com.github.dockerjava.zerodep.shaded.org.apache.hc.client5.http.impl.io.PoolingHttpClientConnectionManager -- ep-0000001B: executing exchange ex-0000001C over http-outgoing-3
09:46:04.116 [docker-java-stream--1346732985] DEBUG com.github.dockerjava.zerodep.shaded.org.apache.hc.client5.http.headers -- http-outgoing-3 >> GET /v1.32/containers/97e7ea18bb67ea513dac811eeb33380abfe4258bada5cedf68fc3ea86d7fd30b/logs?stdout=true&stderr=true&follow=true&since=0 HTTP/1.1
09:46:04.116 [docker-java-stream--1346732985] DEBUG com.github.dockerjava.zerodep.shaded.org.apache.hc.client5.http.headers -- http-outgoing-3 >> x-tc-sid: bfc2ed12-23ce-401f-a1df-f57c73ebd58a
09:46:04.116 [docker-java-stream--1346732985] DEBUG com.github.dockerjava.zerodep.shaded.org.apache.hc.client5.http.headers -- http-outgoing-3 >> User-Agent: tc-java/1.19.3
09:46:04.116 [docker-java-stream--1346732985] DEBUG com.github.dockerjava.zerodep.shaded.org.apache.hc.client5.http.headers -- http-outgoing-3 >> Accept-Encoding: gzip, x-gzip, deflate
09:46:04.116 [docker-java-stream--1346732985] DEBUG com.github.dockerjava.zerodep.shaded.org.apache.hc.client5.http.headers -- http-outgoing-3 >> Host: localhost:2375
09:46:04.117 [docker-java-stream--1346732985] DEBUG com.github.dockerjava.zerodep.shaded.org.apache.hc.client5.http.headers -- http-outgoing-3 >> Connection: keep-alive
09:46:04.117 [docker-java-stream--1346732985] DEBUG com.github.dockerjava.zerodep.shaded.org.apache.hc.client5.http.wire -- http-outgoing-3 >> "GET /v1.32/containers/97e7ea18bb67ea513dac811eeb33380abfe4258bada5cedf68fc3ea86d7fd30b/logs?stdout=true&stderr=true&follow=true&since=0 HTTP/1.1[\r][\n]"
09:46:04.117 [docker-java-stream--1346732985] DEBUG com.github.dockerjava.zerodep.shaded.org.apache.hc.client5.http.wire -- http-outgoing-3 >> "x-tc-sid: bfc2ed12-23ce-401f-a1df-f57c73ebd58a[\r][\n]"
09:46:04.117 [docker-java-stream--1346732985] DEBUG com.github.dockerjava.zerodep.shaded.org.apache.hc.client5.http.wire -- http-outgoing-3 >> "User-Agent: tc-java/1.19.3[\r][\n]"
09:46:04.117 [docker-java-stream--1346732985] DEBUG com.github.dockerjava.zerodep.shaded.org.apache.hc.client5.http.wire -- http-outgoing-3 >> "Accept-Encoding: gzip, x-gzip, deflate[\r][\n]"
09:46:04.117 [docker-java-stream--1346732985] DEBUG com.github.dockerjava.zerodep.shaded.org.apache.hc.client5.http.wire -- http-outgoing-3 >> "Host: localhost:2375[\r][\n]"
09:46:04.117 [docker-java-stream--1346732985] DEBUG com.github.dockerjava.zerodep.shaded.org.apache.hc.client5.http.wire -- http-outgoing-3 >> "Connection: keep-alive[\r][\n]"
09:46:04.117 [docker-java-stream--1346732985] DEBUG com.github.dockerjava.zerodep.shaded.org.apache.hc.client5.http.wire -- http-outgoing-3 >> "[\r][\n]"
09:46:04.125 [docker-java-stream--1346732985] DEBUG com.github.dockerjava.zerodep.shaded.org.apache.hc.client5.http.wire -- http-outgoing-3 << "HTTP/1.1 200 OK[\r][\n]"
09:46:04.126 [docker-java-stream--1346732985] DEBUG com.github.dockerjava.zerodep.shaded.org.apache.hc.client5.http.wire -- http-outgoing-3 << "Api-Version: 1.47[\r][\n]"
09:46:04.126 [docker-java-stream--1346732985] DEBUG com.github.dockerjava.zerodep.shaded.org.apache.hc.client5.http.wire -- http-outgoing-3 << "Content-Type: application/vnd.docker.raw-stream[\r][\n]"
09:46:04.126 [docker-java-stream--1346732985] DEBUG com.github.dockerjava.zerodep.shaded.org.apache.hc.client5.http.wire -- http-outgoing-3 << "Date: Fri, 02 May 2025 07:46:04 GMT[\r][\n]"
09:46:04.126 [docker-java-stream--1346732985] DEBUG com.github.dockerjava.zerodep.shaded.org.apache.hc.client5.http.wire -- http-outgoing-3 << "Docker-Experimental: false[\r][\n]"
09:46:04.126 [docker-java-stream--1346732985] DEBUG com.github.dockerjava.zerodep.shaded.org.apache.hc.client5.http.wire -- http-outgoing-3 << "Ostype: linux[\r][\n]"
09:46:04.126 [docker-java-stream--1346732985] DEBUG com.github.dockerjava.zerodep.shaded.org.apache.hc.client5.http.wire -- http-outgoing-3 << "Server: Docker/27.5.1 (linux)[\r][\n]"
09:46:04.126 [docker-java-stream--1346732985] DEBUG com.github.dockerjava.zerodep.shaded.org.apache.hc.client5.http.wire -- http-outgoing-3 << "Transfer-Encoding: chunked[\r][\n]"
09:46:04.126 [docker-java-stream--1346732985] DEBUG com.github.dockerjava.zerodep.shaded.org.apache.hc.client5.http.wire -- http-outgoing-3 << "[\r][\n]"
09:46:04.126 [docker-java-stream--1346732985] DEBUG com.github.dockerjava.zerodep.shaded.org.apache.hc.client5.http.headers -- http-outgoing-3 << HTTP/1.1 200 OK
09:46:04.126 [docker-java-stream--1346732985] DEBUG com.github.dockerjava.zerodep.shaded.org.apache.hc.client5.http.headers -- http-outgoing-3 << Api-Version: 1.47
09:46:04.126 [docker-java-stream--1346732985] DEBUG com.github.dockerjava.zerodep.shaded.org.apache.hc.client5.http.headers -- http-outgoing-3 << Content-Type: application/vnd.docker.raw-stream
09:46:04.126 [docker-java-stream--1346732985] DEBUG com.github.dockerjava.zerodep.shaded.org.apache.hc.client5.http.headers -- http-outgoing-3 << Date: Fri, 02 May 2025 07:46:04 GMT
09:46:04.126 [docker-java-stream--1346732985] DEBUG com.github.dockerjava.zerodep.shaded.org.apache.hc.client5.http.headers -- http-outgoing-3 << Docker-Experimental: false
09:46:04.126 [docker-java-stream--1346732985] DEBUG com.github.dockerjava.zerodep.shaded.org.apache.hc.client5.http.headers -- http-outgoing-3 << Ostype: linux
09:46:04.126 [docker-java-stream--1346732985] DEBUG com.github.dockerjava.zerodep.shaded.org.apache.hc.client5.http.headers -- http-outgoing-3 << Server: Docker/27.5.1 (linux)
09:46:04.126 [docker-java-stream--1346732985] DEBUG com.github.dockerjava.zerodep.shaded.org.apache.hc.client5.http.headers -- http-outgoing-3 << Transfer-Encoding: chunked
09:46:04.126 [docker-java-stream--1346732985] DEBUG com.github.dockerjava.zerodep.shaded.org.apache.hc.client5.http.impl.classic.MainClientExec -- ex-0000001C: connection can be kept alive for 3 MINUTES
09:46:04.127 [docker-java-stream--1346732985] DEBUG com.github.dockerjava.zerodep.shaded.org.apache.hc.client5.http.wire -- http-outgoing-3 << "de[\r][\n]"
09:46:04.127 [docker-java-stream--1346732985] DEBUG com.github.dockerjava.zerodep.shaded.org.apache.hc.client5.http.wire -- http-outgoing-3 << "[0x2][0x0][0x0][0x0][0x0][0x0][0x0]5write_header: flv_version=1, audio=False, video=True[\n]"
09:46:04.127 [docker-java-stream--1346732985] DEBUG com.github.dockerjava.zerodep.shaded.org.apache.hc.client5.http.wire -- http-outgoing-3 << "[0x2][0x0][0x0][0x0][0x0][0x0][0x0]]write_metadata: {'duration': 0, 'width': 0, 'framerate': 30, 'videocodecid': 3, 'height': 0}[\n]"
09:46:04.127 [docker-java-stream--1346732985] DEBUG com.github.dockerjava.zerodep.shaded.org.apache.hc.client5.http.wire -- http-outgoing-3 << "[0x2][0x0][0x0][0x0][0x0][0x0][0x0][0x10]start recording[\n]"
09:46:04.127 [docker-java-stream--1346732985] DEBUG com.github.dockerjava.zerodep.shaded.org.apache.hc.client5.http.wire -- http-outgoing-3 << "[0x2][0x0][0x0][0x0][0x0][0x0][0x0][0x1c]Connected: tc-6DidaMrm:5900[\n]"
09:46:04.127 [docker-java-stream--1346732985] DEBUG com.github.dockerjava.zerodep.shaded.org.apache.hc.client5.http.wire -- http-outgoing-3 << "[\r][\n]"
09:46:04.127 [main] DEBUG org.testcontainers.containers.output.WaitingConsumer -- STDERR: write_header: flv_version=1, audio=False, video=True
09:46:04.149 [main] DEBUG org.testcontainers.containers.output.WaitingConsumer -- STDERR: Connected: tc-6DidaMrm:5900
09:46:04.149 [main] DEBUG com.github.dockerjava.zerodep.shaded.org.apache.hc.client5.http.impl.classic.InternalHttpClient -- ep-0000001B: cancel
09:46:04.149 [main] DEBUG com.github.dockerjava.zerodep.shaded.org.apache.hc.client5.http.impl.io.DefaultManagedHttpClientConnection -- http-outgoing-3: close connection IMMEDIATE
09:46:04.150 [main] DEBUG com.github.dockerjava.zerodep.shaded.org.apache.hc.client5.http.impl.classic.InternalHttpClient -- ep-0000001B: endpoint closed
09:46:04.150 [main] DEBUG com.github.dockerjava.zerodep.shaded.org.apache.hc.client5.http.impl.classic.InternalHttpClient -- ep-0000001B: discarding endpoint
09:46:04.150 [main] DEBUG com.github.dockerjava.zerodep.shaded.org.apache.hc.client5.http.impl.io.PoolingHttpClientConnectionManager -- ep-0000001B: releasing endpoint
09:46:04.150 [main] DEBUG com.github.dockerjava.zerodep.shaded.org.apache.hc.client5.http.impl.io.PoolingHttpClientConnectionManager -- ep-0000001B: connection is not kept alive
09:46:04.150 [main] DEBUG com.github.dockerjava.zerodep.shaded.org.apache.hc.client5.http.impl.io.PoolingHttpClientConnectionManager -- ep-0000001B: connection released [route: {}->npipe://localhost:2375][total available: 1; route allocated: 1 of 2147483647; total allocated: 1 of 2147483647]
09:46:04.150 [docker-java-stream--1346732985] DEBUG com.github.dockerjava.zerodep.shaded.org.apache.hc.client5.http.wire -- http-outgoing-3 << "end of stream"
09:46:04.150 [main] DEBUG com.github.dockerjava.zerodep.shaded.org.apache.hc.client5.http.wire -- http-outgoing-3 << "[read] I/O error: java.nio.channels.ClosedChannelException"
09:46:04.150 [main] DEBUG com.github.dockerjava.zerodep.ApacheDockerHttpClientImpl$ApacheResponse -- Failed to close the response
java.io.IOException: java.nio.channels.ClosedChannelException
	at java.base/java.nio.channels.Channels$1.read(Channels.java:166)
	at com.github.dockerjava.zerodep.shaded.org.apache.hc.client5.http.impl.io.LoggingInputStream.read(LoggingInputStream.java:81)
	at com.github.dockerjava.zerodep.shaded.org.apache.hc.core5.http.impl.io.SessionInputBufferImpl.fillBuffer(SessionInputBufferImpl.java:149)
	at com.github.dockerjava.zerodep.shaded.org.apache.hc.core5.http.impl.io.SessionInputBufferImpl.readLine(SessionInputBufferImpl.java:280)
	at com.github.dockerjava.zerodep.shaded.org.apache.hc.core5.http.impl.io.ChunkedInputStream.getChunkSize(ChunkedInputStream.java:261)
	at com.github.dockerjava.zerodep.shaded.org.apache.hc.core5.http.impl.io.ChunkedInputStream.nextChunk(ChunkedInputStream.java:222)
	at com.github.dockerjava.zerodep.shaded.org.apache.hc.core5.http.impl.io.ChunkedInputStream.read(ChunkedInputStream.java:147)
	at com.github.dockerjava.zerodep.shaded.org.apache.hc.core5.http.impl.io.ChunkedInputStream.close(ChunkedInputStream.java:314)
	at com.github.dockerjava.zerodep.shaded.org.apache.hc.core5.io.Closer.close(Closer.java:48)
	at com.github.dockerjava.zerodep.shaded.org.apache.hc.core5.http.impl.io.IncomingHttpEntity.close(IncomingHttpEntity.java:111)
	at com.github.dockerjava.zerodep.shaded.org.apache.hc.core5.http.io.entity.HttpEntityWrapper.close(HttpEntityWrapper.java:120)
	at com.github.dockerjava.zerodep.shaded.org.apache.hc.core5.io.Closer.close(Closer.java:48)
	at com.github.dockerjava.zerodep.shaded.org.apache.hc.core5.http.message.BasicClassicHttpResponse.close(BasicClassicHttpResponse.java:93)
	at com.github.dockerjava.zerodep.shaded.org.apache.hc.client5.http.impl.classic.CloseableHttpResponse.close(CloseableHttpResponse.java:200)
	at com.github.dockerjava.zerodep.ApacheDockerHttpClientImpl$ApacheResponse.close(ApacheDockerHttpClientImpl.java:256)
	at org.testcontainers.shaded.com.github.dockerjava.core.DefaultInvocationBuilder.lambda$null$0(DefaultInvocationBuilder.java:272)
	at com.github.dockerjava.api.async.ResultCallbackTemplate.close(ResultCallbackTemplate.java:77)
	at org.testcontainers.containers.output.FrameConsumerResultCallback.close(FrameConsumerResultCallback.java:69)
	at org.testcontainers.containers.wait.strategy.LogMessageWaitStrategy.waitUntilReady(LogMessageWaitStrategy.java:49)
	at org.testcontainers.containers.wait.strategy.AbstractWaitStrategy.waitUntilReady(AbstractWaitStrategy.java:52)
	at org.testcontainers.containers.GenericContainer.waitUntilContainerStarted(GenericContainer.java:912)
	at org.testcontainers.containers.GenericContainer.tryStart(GenericContainer.java:503)
	at org.testcontainers.containers.GenericContainer.lambda$doStart$0(GenericContainer.java:357)
	at org.rnorth.ducttape.unreliables.Unreliables.retryUntilSuccess(Unreliables.java:81)
	at org.testcontainers.containers.GenericContainer.doStart(GenericContainer.java:347)
	at org.testcontainers.containers.GenericContainer.start(GenericContainer.java:333)
	at org.testcontainers.containers.BrowserWebDriverContainer.containerIsStarted(BrowserWebDriverContainer.java:323)
	at org.testcontainers.containers.GenericContainer.containerIsStarted(GenericContainer.java:724)
	at org.testcontainers.containers.GenericContainer.tryStart(GenericContainer.java:545)
	at org.testcontainers.containers.GenericContainer.lambda$doStart$0(GenericContainer.java:357)
	at org.rnorth.ducttape.unreliables.Unreliables.retryUntilSuccess(Unreliables.java:81)
	at org.testcontainers.containers.GenericContainer.doStart(GenericContainer.java:347)
	at org.testcontainers.containers.GenericContainer.start(GenericContainer.java:333)
	at org.testcontainers.junit.jupiter.TestcontainersExtension$StoreAdapter.start(TestcontainersExtension.java:280)
	at org.testcontainers.junit.jupiter.TestcontainersExtension$StoreAdapter.access$200(TestcontainersExtension.java:267)
	at org.testcontainers.junit.jupiter.TestcontainersExtension.lambda$null$4(TestcontainersExtension.java:82)
	at org.junit.platform.engine.support.store.NamespacedHierarchicalStore.lambda$getOrComputeIfAbsent$5(NamespacedHierarchicalStore.java:147)
	at org.junit.platform.engine.support.store.NamespacedHierarchicalStore$MemoizingSupplier.computeValue(NamespacedHierarchicalStore.java:372)
	at org.junit.platform.engine.support.store.NamespacedHierarchicalStore$MemoizingSupplier.get(NamespacedHierarchicalStore.java:361)
	at org.junit.platform.engine.support.store.NamespacedHierarchicalStore$StoredValue.evaluate(NamespacedHierarchicalStore.java:308)
	at org.junit.platform.engine.support.store.NamespacedHierarchicalStore$StoredValue.access$200(NamespacedHierarchicalStore.java:287)
	at org.junit.platform.engine.support.store.NamespacedHierarchicalStore.getOrComputeIfAbsent(NamespacedHierarchicalStore.java:149)
	at org.junit.jupiter.engine.execution.NamespaceAwareStore.lambda$getOrComputeIfAbsent$2(NamespaceAwareStore.java:57)
	at org.junit.jupiter.engine.execution.NamespaceAwareStore.accessStore(NamespaceAwareStore.java:90)
	at org.junit.jupiter.engine.execution.NamespaceAwareStore.getOrComputeIfAbsent(NamespaceAwareStore.java:57)
	at org.testcontainers.junit.jupiter.TestcontainersExtension.lambda$startContainers$5(TestcontainersExtension.java:82)
	at java.base/java.util.ArrayList.forEach(ArrayList.java:1596)
	at org.testcontainers.junit.jupiter.TestcontainersExtension.startContainers(TestcontainersExtension.java:82)
	at org.testcontainers.junit.jupiter.TestcontainersExtension.findTestLifecycleAwareContainers(TestcontainersExtension.java:115)
	at org.testcontainers.junit.jupiter.TestcontainersExtension.beforeEach(TestcontainersExtension.java:100)
	at org.junit.jupiter.engine.descriptor.TestMethodTestDescriptor.lambda$invokeBeforeEachCallbacks$2(TestMethodTestDescriptor.java:167)
	at org.junit.jupiter.engine.descriptor.TestMethodTestDescriptor.lambda$invokeBeforeMethodsOrCallbacksUntilExceptionOccurs$6(TestMethodTestDescriptor.java:203)
	at org.junit.platform.engine.support.hierarchical.ThrowableCollector.execute(ThrowableCollector.java:73)
	at org.junit.jupiter.engine.descriptor.TestMethodTestDescriptor.invokeBeforeMethodsOrCallbacksUntilExceptionOccurs(TestMethodTestDescriptor.java:203)
	at org.junit.jupiter.engine.descriptor.TestMethodTestDescriptor.invokeBeforeEachCallbacks(TestMethodTestDescriptor.java:166)
	at org.junit.jupiter.engine.descriptor.TestMethodTestDescriptor.execute(TestMethodTestDescriptor.java:133)
	at org.junit.jupiter.engine.descriptor.TestMethodTestDescriptor.execute(TestMethodTestDescriptor.java:69)
	at org.junit.platform.engine.support.hierarchical.NodeTestTask.lambda$executeRecursively$6(NodeTestTask.java:151)
	at org.junit.platform.engine.support.hierarchical.ThrowableCollector.execute(ThrowableCollector.java:73)
	at org.junit.platform.engine.support.hierarchical.NodeTestTask.lambda$executeRecursively$8(NodeTestTask.java:141)
	at org.junit.platform.engine.support.hierarchical.Node.around(Node.java:137)
	at org.junit.platform.engine.support.hierarchical.NodeTestTask.lambda$executeRecursively$9(NodeTestTask.java:139)
	at org.junit.platform.engine.support.hierarchical.ThrowableCollector.execute(ThrowableCollector.java:73)
	at org.junit.platform.engine.support.hierarchical.NodeTestTask.executeRecursively(NodeTestTask.java:138)
	at org.junit.platform.engine.support.hierarchical.NodeTestTask.execute(NodeTestTask.java:95)
	at java.base/java.util.ArrayList.forEach(ArrayList.java:1596)
	at org.junit.platform.engine.support.hierarchical.SameThreadHierarchicalTestExecutorService.invokeAll(SameThreadHierarchicalTestExecutorService.java:41)
	at org.junit.platform.engine.support.hierarchical.NodeTestTask.lambda$executeRecursively$6(NodeTestTask.java:155)
	at org.junit.platform.engine.support.hierarchical.ThrowableCollector.execute(ThrowableCollector.java:73)
	at org.junit.platform.engine.support.hierarchical.NodeTestTask.lambda$executeRecursively$8(NodeTestTask.java:141)
	at org.junit.platform.engine.support.hierarchical.Node.around(Node.java:137)
	at org.junit.platform.engine.support.hierarchical.NodeTestTask.lambda$executeRecursively$9(NodeTestTask.java:139)
	at org.junit.platform.engine.support.hierarchical.ThrowableCollector.execute(ThrowableCollector.java:73)
	at org.junit.platform.engine.support.hierarchical.NodeTestTask.executeRecursively(NodeTestTask.java:138)
	at org.junit.platform.engine.support.hierarchical.NodeTestTask.execute(NodeTestTask.java:95)
	at java.base/java.util.ArrayList.forEach(ArrayList.java:1596)
	at org.junit.platform.engine.support.hierarchical.SameThreadHierarchicalTestExecutorService.invokeAll(SameThreadHierarchicalTestExecutorService.java:41)
	at org.junit.platform.engine.support.hierarchical.NodeTestTask.lambda$executeRecursively$6(NodeTestTask.java:155)
	at org.junit.platform.engine.support.hierarchical.ThrowableCollector.execute(ThrowableCollector.java:73)
	at org.junit.platform.engine.support.hierarchical.NodeTestTask.lambda$executeRecursively$8(NodeTestTask.java:141)
	at org.junit.platform.engine.support.hierarchical.Node.around(Node.java:137)
	at org.junit.platform.engine.support.hierarchical.NodeTestTask.lambda$executeRecursively$9(NodeTestTask.java:139)
	at org.junit.platform.engine.support.hierarchical.ThrowableCollector.execute(ThrowableCollector.java:73)
	at org.junit.platform.engine.support.hierarchical.NodeTestTask.executeRecursively(NodeTestTask.java:138)
	at org.junit.platform.engine.support.hierarchical.NodeTestTask.execute(NodeTestTask.java:95)
	at org.junit.platform.engine.support.hierarchical.SameThreadHierarchicalTestExecutorService.submit(SameThreadHierarchicalTestExecutorService.java:35)
	at org.junit.platform.engine.support.hierarchical.HierarchicalTestExecutor.execute(HierarchicalTestExecutor.java:57)
	at org.junit.platform.engine.support.hierarchical.HierarchicalTestEngine.execute(HierarchicalTestEngine.java:54)
	at org.junit.platform.launcher.core.EngineExecutionOrchestrator.execute(EngineExecutionOrchestrator.java:198)
	at org.junit.platform.launcher.core.EngineExecutionOrchestrator.execute(EngineExecutionOrchestrator.java:169)
	at org.junit.platform.launcher.core.EngineExecutionOrchestrator.execute(EngineExecutionOrchestrator.java:93)
	at org.junit.platform.launcher.core.EngineExecutionOrchestrator.lambda$execute$0(EngineExecutionOrchestrator.java:58)
	at org.junit.platform.launcher.core.EngineExecutionOrchestrator.withInterceptedStreams(EngineExecutionOrchestrator.java:141)
	at org.junit.platform.launcher.core.EngineExecutionOrchestrator.execute(EngineExecutionOrchestrator.java:57)
	at org.junit.platform.launcher.core.DefaultLauncher.execute(DefaultLauncher.java:103)
	at org.junit.platform.launcher.core.DefaultLauncher.execute(DefaultLauncher.java:85)
	at org.junit.platform.launcher.core.DelegatingLauncher.execute(DelegatingLauncher.java:47)
	at org.apache.maven.surefire.junitplatform.LazyLauncher.execute(LazyLauncher.java:50)
	at org.apache.maven.surefire.junitplatform.JUnitPlatformProvider.execute(JUnitPlatformProvider.java:184)
	at org.apache.maven.surefire.junitplatform.JUnitPlatformProvider.invokeAllTests(JUnitPlatformProvider.java:148)
	at org.apache.maven.surefire.junitplatform.JUnitPlatformProvider.invoke(JUnitPlatformProvider.java:122)
	at org.apache.maven.surefire.booter.ForkedBooter.runSuitesInProcess(ForkedBooter.java:385)
	at org.apache.maven.surefire.booter.ForkedBooter.execute(ForkedBooter.java:162)
	at org.apache.maven.surefire.booter.ForkedBooter.run(ForkedBooter.java:507)
	at org.apache.maven.surefire.booter.ForkedBooter.main(ForkedBooter.java:495)
Caused by: java.nio.channels.ClosedChannelException: null
	at java.base/sun.nio.ch.WindowsAsynchronousFileChannelImpl.implRead(WindowsAsynchronousFileChannelImpl.java:521)
	at java.base/sun.nio.ch.AsynchronousFileChannelImpl.read(AsynchronousFileChannelImpl.java:229)
	at com.github.dockerjava.transport.NamedPipeSocket$AsynchronousFileByteChannel.read(NamedPipeSocket.java:117)
	at java.base/java.nio.channels.Channels$1.read(Channels.java:164)
	... 104 common frames omitted
09:46:04.156 [main] INFO tc.testcontainers/vnc-recorder:1.3.0 -- Container testcontainers/vnc-recorder:1.3.0 started in PT1.3333283S
09:46:15.769 [main] INFO org.testcontainers.containers.BrowserWebDriverContainer -- Screen recordings for test %5Bengine%3Ajunit-jupiter%5D%2F%5Bclass%3ATestContainersBrowserTest%5D%2F%5Bmethod%3AtestHttpCat404Direct%28%29%5D will be stored at: target\videos\PASSED-%5Bengine%3Ajunit-jupiter%5D%2F%5Bclass%3ATestContainersBrowserTest%5D%2F%5Bmethod%3AtestHttpCat404Direct%28%29%5D-20250502-094615.flv
09:46:15.777 [main] DEBUG org.testcontainers.containers.ExecInContainerPattern -- /jolly_easley: Running "exec" command: ffmpeg -i /screen.flv -vcodec libx264 /newScreen.flv
09:46:15.779 [main] DEBUG org.testcontainers.shaded.com.github.dockerjava.core.command.AbstrDockerCmd -- Cmd: true,<null>,true,{ffmpeg,-i,/screen.flv,-vcodec,libx264,/newScreen.flv},97e7ea18bb67ea513dac811eeb33380abfe4258bada5cedf68fc3ea86d7fd30b,<null>,<null>,<null>,<null>,<null>
09:46:15.781 [main] DEBUG com.github.dockerjava.zerodep.shaded.org.apache.hc.client5.http.impl.classic.InternalHttpClient -- ex-0000001D: preparing request execution
09:46:15.781 [main] DEBUG com.github.dockerjava.zerodep.shaded.org.apache.hc.client5.http.protocol.RequestAddCookies -- Cookie spec selected: strict
09:46:15.782 [main] DEBUG com.github.dockerjava.zerodep.shaded.org.apache.hc.client5.http.protocol.RequestAuthCache -- Auth cache not set in the context
09:46:15.782 [main] DEBUG com.github.dockerjava.zerodep.shaded.org.apache.hc.client5.http.impl.classic.ProtocolExec -- ex-0000001D: target auth state: UNCHALLENGED
09:46:15.784 [main] DEBUG com.github.dockerjava.zerodep.shaded.org.apache.hc.client5.http.impl.classic.ProtocolExec -- ex-0000001D: proxy auth state: UNCHALLENGED
09:46:15.784 [main] DEBUG com.github.dockerjava.zerodep.shaded.org.apache.hc.client5.http.impl.classic.ConnectExec -- ex-0000001D: acquiring connection with route {}->npipe://localhost:2375
09:46:15.784 [main] DEBUG com.github.dockerjava.zerodep.shaded.org.apache.hc.client5.http.impl.classic.InternalHttpClient -- ex-0000001D: acquiring endpoint (3 MINUTES)
09:46:15.784 [main] DEBUG com.github.dockerjava.zerodep.shaded.org.apache.hc.client5.http.impl.io.PoolingHttpClientConnectionManager -- ex-0000001D: endpoint lease request (3 MINUTES) [route: {}->npipe://localhost:2375][total available: 1; route allocated: 1 of 2147483647; total allocated: 1 of 2147483647]
09:46:15.796 [main] DEBUG com.github.dockerjava.zerodep.shaded.org.apache.hc.client5.http.impl.io.PoolingHttpClientConnectionManager -- ex-0000001D: endpoint leased [route: {}->npipe://localhost:2375][total available: 0; route allocated: 1 of 2147483647; total allocated: 1 of 2147483647]
09:46:15.798 [main] DEBUG com.github.dockerjava.zerodep.shaded.org.apache.hc.client5.http.impl.io.PoolingHttpClientConnectionManager -- ex-0000001D: acquired ep-0000001C
09:46:15.798 [main] DEBUG com.github.dockerjava.zerodep.shaded.org.apache.hc.client5.http.impl.classic.InternalHttpClient -- ex-0000001D: acquired endpoint ep-0000001C
09:46:15.798 [main] DEBUG com.github.dockerjava.zerodep.shaded.org.apache.hc.client5.http.impl.classic.MainClientExec -- ex-0000001D: executing POST /v1.32/containers/97e7ea18bb67ea513dac811eeb33380abfe4258bada5cedf68fc3ea86d7fd30b/exec HTTP/1.1
09:46:15.798 [main] DEBUG com.github.dockerjava.zerodep.shaded.org.apache.hc.client5.http.impl.classic.InternalHttpClient -- ep-0000001C: start execution ex-0000001D
09:46:15.798 [main] DEBUG com.github.dockerjava.zerodep.shaded.org.apache.hc.client5.http.impl.io.PoolingHttpClientConnectionManager -- ep-0000001C: executing exchange ex-0000001D over http-outgoing-2
09:46:15.798 [main] DEBUG com.github.dockerjava.zerodep.shaded.org.apache.hc.client5.http.headers -- http-outgoing-2 >> POST /v1.32/containers/97e7ea18bb67ea513dac811eeb33380abfe4258bada5cedf68fc3ea86d7fd30b/exec HTTP/1.1
09:46:15.798 [main] DEBUG com.github.dockerjava.zerodep.shaded.org.apache.hc.client5.http.headers -- http-outgoing-2 >> accept: application/json
09:46:15.798 [main] DEBUG com.github.dockerjava.zerodep.shaded.org.apache.hc.client5.http.headers -- http-outgoing-2 >> content-type: application/json
09:46:15.798 [main] DEBUG com.github.dockerjava.zerodep.shaded.org.apache.hc.client5.http.headers -- http-outgoing-2 >> x-tc-sid: bfc2ed12-23ce-401f-a1df-f57c73ebd58a
09:46:15.798 [main] DEBUG com.github.dockerjava.zerodep.shaded.org.apache.hc.client5.http.headers -- http-outgoing-2 >> User-Agent: tc-java/1.19.3
09:46:15.798 [main] DEBUG com.github.dockerjava.zerodep.shaded.org.apache.hc.client5.http.headers -- http-outgoing-2 >> Accept-Encoding: gzip, x-gzip, deflate
09:46:15.798 [main] DEBUG com.github.dockerjava.zerodep.shaded.org.apache.hc.client5.http.headers -- http-outgoing-2 >> Content-Length: 284
09:46:15.798 [main] DEBUG com.github.dockerjava.zerodep.shaded.org.apache.hc.client5.http.headers -- http-outgoing-2 >> Host: localhost:2375
09:46:15.798 [main] DEBUG com.github.dockerjava.zerodep.shaded.org.apache.hc.client5.http.headers -- http-outgoing-2 >> Connection: keep-alive
09:46:15.798 [main] DEBUG com.github.dockerjava.zerodep.shaded.org.apache.hc.client5.http.wire -- http-outgoing-2 >> "POST /v1.32/containers/97e7ea18bb67ea513dac811eeb33380abfe4258bada5cedf68fc3ea86d7fd30b/exec HTTP/1.1[\r][\n]"
09:46:15.798 [main] DEBUG com.github.dockerjava.zerodep.shaded.org.apache.hc.client5.http.wire -- http-outgoing-2 >> "accept: application/json[\r][\n]"
09:46:15.798 [main] DEBUG com.github.dockerjava.zerodep.shaded.org.apache.hc.client5.http.wire -- http-outgoing-2 >> "content-type: application/json[\r][\n]"
09:46:15.798 [main] DEBUG com.github.dockerjava.zerodep.shaded.org.apache.hc.client5.http.wire -- http-outgoing-2 >> "x-tc-sid: bfc2ed12-23ce-401f-a1df-f57c73ebd58a[\r][\n]"
09:46:15.798 [main] DEBUG com.github.dockerjava.zerodep.shaded.org.apache.hc.client5.http.wire -- http-outgoing-2 >> "User-Agent: tc-java/1.19.3[\r][\n]"
09:46:15.798 [main] DEBUG com.github.dockerjava.zerodep.shaded.org.apache.hc.client5.http.wire -- http-outgoing-2 >> "Accept-Encoding: gzip, x-gzip, deflate[\r][\n]"
09:46:15.798 [main] DEBUG com.github.dockerjava.zerodep.shaded.org.apache.hc.client5.http.wire -- http-outgoing-2 >> "Content-Length: 284[\r][\n]"
09:46:15.798 [main] DEBUG com.github.dockerjava.zerodep.shaded.org.apache.hc.client5.http.wire -- http-outgoing-2 >> "Host: localhost:2375[\r][\n]"
09:46:15.798 [main] DEBUG com.github.dockerjava.zerodep.shaded.org.apache.hc.client5.http.wire -- http-outgoing-2 >> "Connection: keep-alive[\r][\n]"
09:46:15.798 [main] DEBUG com.github.dockerjava.zerodep.shaded.org.apache.hc.client5.http.wire -- http-outgoing-2 >> "[\r][\n]"
09:46:15.798 [main] DEBUG com.github.dockerjava.zerodep.shaded.org.apache.hc.client5.http.wire -- http-outgoing-2 >> "{"containerId":"97e7ea18bb67ea513dac811eeb33380abfe4258bada5cedf68fc3ea86d7fd30b","AttachStdin":null,"AttachStdout":true,"AttachStderr":true,"Tty":null,"Privileged":null,"User":null,"Cmd":["ffmpeg","-i","/screen.flv","-vcodec","libx264","/newScreen.flv"],"Env":null,"WorkingDir":null}"
09:46:15.879 [main] DEBUG com.github.dockerjava.zerodep.shaded.org.apache.hc.client5.http.wire -- http-outgoing-2 << "HTTP/1.1 201 Created[\r][\n]"
09:46:15.879 [main] DEBUG com.github.dockerjava.zerodep.shaded.org.apache.hc.client5.http.wire -- http-outgoing-2 << "Api-Version: 1.47[\r][\n]"
09:46:15.879 [main] DEBUG com.github.dockerjava.zerodep.shaded.org.apache.hc.client5.http.wire -- http-outgoing-2 << "Content-Type: application/json[\r][\n]"
09:46:15.879 [main] DEBUG com.github.dockerjava.zerodep.shaded.org.apache.hc.client5.http.wire -- http-outgoing-2 << "Date: Fri, 02 May 2025 07:46:15 GMT[\r][\n]"
09:46:15.879 [main] DEBUG com.github.dockerjava.zerodep.shaded.org.apache.hc.client5.http.wire -- http-outgoing-2 << "Docker-Experimental: false[\r][\n]"
09:46:15.879 [main] DEBUG com.github.dockerjava.zerodep.shaded.org.apache.hc.client5.http.wire -- http-outgoing-2 << "Ostype: linux[\r][\n]"
09:46:15.879 [main] DEBUG com.github.dockerjava.zerodep.shaded.org.apache.hc.client5.http.wire -- http-outgoing-2 << "Server: Docker/27.5.1 (linux)[\r][\n]"
09:46:15.879 [main] DEBUG com.github.dockerjava.zerodep.shaded.org.apache.hc.client5.http.wire -- http-outgoing-2 << "Transfer-Encoding: chunked[\r][\n]"
09:46:15.879 [main] DEBUG com.github.dockerjava.zerodep.shaded.org.apache.hc.client5.http.wire -- http-outgoing-2 << "[\r][\n]"
09:46:15.880 [main] DEBUG com.github.dockerjava.zerodep.shaded.org.apache.hc.client5.http.headers -- http-outgoing-2 << HTTP/1.1 201 Created
09:46:15.880 [main] DEBUG com.github.dockerjava.zerodep.shaded.org.apache.hc.client5.http.headers -- http-outgoing-2 << Api-Version: 1.47
09:46:15.880 [main] DEBUG com.github.dockerjava.zerodep.shaded.org.apache.hc.client5.http.headers -- http-outgoing-2 << Content-Type: application/json
09:46:15.880 [main] DEBUG com.github.dockerjava.zerodep.shaded.org.apache.hc.client5.http.headers -- http-outgoing-2 << Date: Fri, 02 May 2025 07:46:15 GMT
09:46:15.880 [main] DEBUG com.github.dockerjava.zerodep.shaded.org.apache.hc.client5.http.headers -- http-outgoing-2 << Docker-Experimental: false
09:46:15.880 [main] DEBUG com.github.dockerjava.zerodep.shaded.org.apache.hc.client5.http.headers -- http-outgoing-2 << Ostype: linux
09:46:15.880 [main] DEBUG com.github.dockerjava.zerodep.shaded.org.apache.hc.client5.http.headers -- http-outgoing-2 << Server: Docker/27.5.1 (linux)
09:46:15.880 [main] DEBUG com.github.dockerjava.zerodep.shaded.org.apache.hc.client5.http.headers -- http-outgoing-2 << Transfer-Encoding: chunked
09:46:15.880 [main] DEBUG com.github.dockerjava.zerodep.shaded.org.apache.hc.client5.http.impl.classic.MainClientExec -- ex-0000001D: connection can be kept alive for 3 MINUTES
09:46:15.881 [main] DEBUG com.github.dockerjava.zerodep.shaded.org.apache.hc.client5.http.wire -- http-outgoing-2 << "4a[\r][\n]"
09:46:15.881 [main] DEBUG com.github.dockerjava.zerodep.shaded.org.apache.hc.client5.http.wire -- http-outgoing-2 << "{"Id":"d71f134ee99e4254f0a671b22c424f02cc61056df247c2ad87eecbd517a2166e"}[\n]"
09:46:15.881 [main] DEBUG com.github.dockerjava.zerodep.shaded.org.apache.hc.client5.http.wire -- http-outgoing-2 << "[\r][\n]"
09:46:15.881 [main] DEBUG com.github.dockerjava.zerodep.shaded.org.apache.hc.client5.http.wire -- http-outgoing-2 << "0[\r][\n]"
09:46:15.881 [main] DEBUG com.github.dockerjava.zerodep.shaded.org.apache.hc.client5.http.wire -- http-outgoing-2 << "[\r][\n]"
09:46:15.882 [main] DEBUG com.github.dockerjava.zerodep.shaded.org.apache.hc.client5.http.impl.classic.InternalHttpClient -- ep-0000001C: releasing valid endpoint
09:46:15.882 [main] DEBUG com.github.dockerjava.zerodep.shaded.org.apache.hc.client5.http.impl.io.PoolingHttpClientConnectionManager -- ep-0000001C: releasing endpoint
09:46:15.882 [main] DEBUG com.github.dockerjava.zerodep.shaded.org.apache.hc.client5.http.impl.io.PoolingHttpClientConnectionManager -- ep-0000001C: connection http-outgoing-2 can be kept alive for 3 MINUTES
09:46:15.884 [main] DEBUG com.github.dockerjava.zerodep.shaded.org.apache.hc.client5.http.impl.io.PoolingHttpClientConnectionManager -- ep-0000001C: connection released [route: {}->npipe://localhost:2375][total available: 1; route allocated: 1 of 2147483647; total allocated: 1 of 2147483647]
09:46:15.915 [docker-java-stream--1813474869] DEBUG com.github.dockerjava.zerodep.shaded.org.apache.hc.client5.http.impl.classic.InternalHttpClient -- ex-0000001E: preparing request execution
09:46:15.915 [docker-java-stream--1813474869] DEBUG com.github.dockerjava.zerodep.shaded.org.apache.hc.client5.http.protocol.RequestAddCookies -- Cookie spec selected: strict
09:46:15.915 [docker-java-stream--1813474869] DEBUG com.github.dockerjava.zerodep.shaded.org.apache.hc.client5.http.protocol.RequestAuthCache -- Auth cache not set in the context
09:46:15.916 [docker-java-stream--1813474869] DEBUG com.github.dockerjava.zerodep.shaded.org.apache.hc.client5.http.impl.classic.ProtocolExec -- ex-0000001E: target auth state: UNCHALLENGED
09:46:15.916 [docker-java-stream--1813474869] DEBUG com.github.dockerjava.zerodep.shaded.org.apache.hc.client5.http.impl.classic.ProtocolExec -- ex-0000001E: proxy auth state: UNCHALLENGED
09:46:15.916 [docker-java-stream--1813474869] DEBUG com.github.dockerjava.zerodep.shaded.org.apache.hc.client5.http.impl.classic.ConnectExec -- ex-0000001E: acquiring connection with route {}->npipe://localhost:2375
09:46:15.916 [docker-java-stream--1813474869] DEBUG com.github.dockerjava.zerodep.shaded.org.apache.hc.client5.http.impl.classic.InternalHttpClient -- ex-0000001E: acquiring endpoint (3 MINUTES)
09:46:15.916 [docker-java-stream--1813474869] DEBUG com.github.dockerjava.zerodep.shaded.org.apache.hc.client5.http.impl.io.PoolingHttpClientConnectionManager -- ex-0000001E: endpoint lease request (3 MINUTES) [route: {}->npipe://localhost:2375][total available: 1; route allocated: 1 of 2147483647; total allocated: 1 of 2147483647]
09:46:15.916 [docker-java-stream--1813474869] DEBUG com.github.dockerjava.zerodep.shaded.org.apache.hc.client5.http.impl.io.PoolingHttpClientConnectionManager -- ex-0000001E: endpoint leased [route: {}->npipe://localhost:2375][total available: 0; route allocated: 1 of 2147483647; total allocated: 1 of 2147483647]
09:46:15.916 [docker-java-stream--1813474869] DEBUG com.github.dockerjava.zerodep.shaded.org.apache.hc.client5.http.impl.io.PoolingHttpClientConnectionManager -- ex-0000001E: acquired ep-0000001D
09:46:15.916 [docker-java-stream--1813474869] DEBUG com.github.dockerjava.zerodep.shaded.org.apache.hc.client5.http.impl.classic.InternalHttpClient -- ex-0000001E: acquired endpoint ep-0000001D
09:46:15.916 [docker-java-stream--1813474869] DEBUG com.github.dockerjava.zerodep.shaded.org.apache.hc.client5.http.impl.classic.MainClientExec -- ex-0000001E: executing POST /v1.32/exec/d71f134ee99e4254f0a671b22c424f02cc61056df247c2ad87eecbd517a2166e/start HTTP/1.1
09:46:15.916 [docker-java-stream--1813474869] DEBUG com.github.dockerjava.zerodep.shaded.org.apache.hc.client5.http.impl.classic.InternalHttpClient -- ep-0000001D: start execution ex-0000001E
09:46:15.916 [docker-java-stream--1813474869] DEBUG com.github.dockerjava.zerodep.shaded.org.apache.hc.client5.http.impl.io.PoolingHttpClientConnectionManager -- ep-0000001D: executing exchange ex-0000001E over http-outgoing-2
09:46:15.916 [docker-java-stream--1813474869] DEBUG com.github.dockerjava.zerodep.shaded.org.apache.hc.client5.http.headers -- http-outgoing-2 >> POST /v1.32/exec/d71f134ee99e4254f0a671b22c424f02cc61056df247c2ad87eecbd517a2166e/start HTTP/1.1
09:46:15.916 [docker-java-stream--1813474869] DEBUG com.github.dockerjava.zerodep.shaded.org.apache.hc.client5.http.headers -- http-outgoing-2 >> accept: application/json
09:46:15.916 [docker-java-stream--1813474869] DEBUG com.github.dockerjava.zerodep.shaded.org.apache.hc.client5.http.headers -- http-outgoing-2 >> content-type: application/json
09:46:15.916 [docker-java-stream--1813474869] DEBUG com.github.dockerjava.zerodep.shaded.org.apache.hc.client5.http.headers -- http-outgoing-2 >> x-tc-sid: bfc2ed12-23ce-401f-a1df-f57c73ebd58a
09:46:15.916 [docker-java-stream--1813474869] DEBUG com.github.dockerjava.zerodep.shaded.org.apache.hc.client5.http.headers -- http-outgoing-2 >> User-Agent: tc-java/1.19.3
09:46:15.916 [docker-java-stream--1813474869] DEBUG com.github.dockerjava.zerodep.shaded.org.apache.hc.client5.http.headers -- http-outgoing-2 >> Accept-Encoding: gzip, x-gzip, deflate
09:46:15.916 [docker-java-stream--1813474869] DEBUG com.github.dockerjava.zerodep.shaded.org.apache.hc.client5.http.headers -- http-outgoing-2 >> Content-Length: 26
09:46:15.917 [docker-java-stream--1813474869] DEBUG com.github.dockerjava.zerodep.shaded.org.apache.hc.client5.http.headers -- http-outgoing-2 >> Host: localhost:2375
09:46:15.930 [docker-java-stream--1813474869] DEBUG com.github.dockerjava.zerodep.shaded.org.apache.hc.client5.http.headers -- http-outgoing-2 >> Connection: keep-alive
09:46:15.931 [docker-java-stream--1813474869] DEBUG com.github.dockerjava.zerodep.shaded.org.apache.hc.client5.http.wire -- http-outgoing-2 >> "POST /v1.32/exec/d71f134ee99e4254f0a671b22c424f02cc61056df247c2ad87eecbd517a2166e/start HTTP/1.1[\r][\n]"
09:46:15.931 [docker-java-stream--1813474869] DEBUG com.github.dockerjava.zerodep.shaded.org.apache.hc.client5.http.wire -- http-outgoing-2 >> "accept: application/json[\r][\n]"
09:46:15.931 [docker-java-stream--1813474869] DEBUG com.github.dockerjava.zerodep.shaded.org.apache.hc.client5.http.wire -- http-outgoing-2 >> "content-type: application/json[\r][\n]"
09:46:15.931 [docker-java-stream--1813474869] DEBUG com.github.dockerjava.zerodep.shaded.org.apache.hc.client5.http.wire -- http-outgoing-2 >> "x-tc-sid: bfc2ed12-23ce-401f-a1df-f57c73ebd58a[\r][\n]"
09:46:15.932 [docker-java-stream--1813474869] DEBUG com.github.dockerjava.zerodep.shaded.org.apache.hc.client5.http.wire -- http-outgoing-2 >> "User-Agent: tc-java/1.19.3[\r][\n]"
09:46:15.932 [docker-java-stream--1813474869] DEBUG com.github.dockerjava.zerodep.shaded.org.apache.hc.client5.http.wire -- http-outgoing-2 >> "Accept-Encoding: gzip, x-gzip, deflate[\r][\n]"
09:46:15.932 [docker-java-stream--1813474869] DEBUG com.github.dockerjava.zerodep.shaded.org.apache.hc.client5.http.wire -- http-outgoing-2 >> "Content-Length: 26[\r][\n]"
09:46:15.932 [docker-java-stream--1813474869] DEBUG com.github.dockerjava.zerodep.shaded.org.apache.hc.client5.http.wire -- http-outgoing-2 >> "Host: localhost:2375[\r][\n]"
09:46:15.932 [docker-java-stream--1813474869] DEBUG com.github.dockerjava.zerodep.shaded.org.apache.hc.client5.http.wire -- http-outgoing-2 >> "Connection: keep-alive[\r][\n]"
09:46:15.932 [docker-java-stream--1813474869] DEBUG com.github.dockerjava.zerodep.shaded.org.apache.hc.client5.http.wire -- http-outgoing-2 >> "[\r][\n]"
09:46:15.932 [docker-java-stream--1813474869] DEBUG com.github.dockerjava.zerodep.shaded.org.apache.hc.client5.http.wire -- http-outgoing-2 >> "{"Detach":null,"Tty":null}"
09:46:15.963 [docker-java-stream--1813474869] DEBUG com.github.dockerjava.zerodep.shaded.org.apache.hc.client5.http.wire -- http-outgoing-2 << "HTTP/1.1 200 OK[\r][\n]"
09:46:15.963 [docker-java-stream--1813474869] DEBUG com.github.dockerjava.zerodep.shaded.org.apache.hc.client5.http.wire -- http-outgoing-2 << "Api-Version: 1.47[\r][\n]"
09:46:15.963 [docker-java-stream--1813474869] DEBUG com.github.dockerjava.zerodep.shaded.org.apache.hc.client5.http.wire -- http-outgoing-2 << "Content-Type: application/vnd.docker.raw-stream[\r][\n]"
09:46:15.963 [docker-java-stream--1813474869] DEBUG com.github.dockerjava.zerodep.shaded.org.apache.hc.client5.http.wire -- http-outgoing-2 << "Date: Fri, 02 May 2025 07:46:15 GMT[\r][\n]"
09:46:15.963 [docker-java-stream--1813474869] DEBUG com.github.dockerjava.zerodep.shaded.org.apache.hc.client5.http.wire -- http-outgoing-2 << "Docker-Experimental: false[\r][\n]"
09:46:15.963 [docker-java-stream--1813474869] DEBUG com.github.dockerjava.zerodep.shaded.org.apache.hc.client5.http.wire -- http-outgoing-2 << "Ostype: linux[\r][\n]"
09:46:15.963 [docker-java-stream--1813474869] DEBUG com.github.dockerjava.zerodep.shaded.org.apache.hc.client5.http.wire -- http-outgoing-2 << "Server: Docker/27.5.1 (linux)[\r][\n]"
09:46:15.963 [docker-java-stream--1813474869] DEBUG com.github.dockerjava.zerodep.shaded.org.apache.hc.client5.http.wire -- http-outgoing-2 << "Transfer-Encoding: chunked[\r][\n]"
09:46:15.963 [docker-java-stream--1813474869] DEBUG com.github.dockerjava.zerodep.shaded.org.apache.hc.client5.http.wire -- http-outgoing-2 << "[\r][\n]"
09:46:15.964 [docker-java-stream--1813474869] DEBUG com.github.dockerjava.zerodep.shaded.org.apache.hc.client5.http.headers -- http-outgoing-2 << HTTP/1.1 200 OK
09:46:15.964 [docker-java-stream--1813474869] DEBUG com.github.dockerjava.zerodep.shaded.org.apache.hc.client5.http.headers -- http-outgoing-2 << Api-Version: 1.47
09:46:15.964 [docker-java-stream--1813474869] DEBUG com.github.dockerjava.zerodep.shaded.org.apache.hc.client5.http.headers -- http-outgoing-2 << Content-Type: application/vnd.docker.raw-stream
09:46:15.964 [docker-java-stream--1813474869] DEBUG com.github.dockerjava.zerodep.shaded.org.apache.hc.client5.http.headers -- http-outgoing-2 << Date: Fri, 02 May 2025 07:46:15 GMT
09:46:15.964 [docker-java-stream--1813474869] DEBUG com.github.dockerjava.zerodep.shaded.org.apache.hc.client5.http.headers -- http-outgoing-2 << Docker-Experimental: false
09:46:15.964 [docker-java-stream--1813474869] DEBUG com.github.dockerjava.zerodep.shaded.org.apache.hc.client5.http.headers -- http-outgoing-2 << Ostype: linux
09:46:15.964 [docker-java-stream--1813474869] DEBUG com.github.dockerjava.zerodep.shaded.org.apache.hc.client5.http.headers -- http-outgoing-2 << Server: Docker/27.5.1 (linux)
09:46:15.964 [docker-java-stream--1813474869] DEBUG com.github.dockerjava.zerodep.shaded.org.apache.hc.client5.http.headers -- http-outgoing-2 << Transfer-Encoding: chunked
09:46:15.964 [docker-java-stream--1813474869] DEBUG com.github.dockerjava.zerodep.shaded.org.apache.hc.client5.http.impl.classic.MainClientExec -- ex-0000001E: connection can be kept alive for 3 MINUTES
09:46:16.773 [docker-java-stream--1813474869] DEBUG com.github.dockerjava.zerodep.shaded.org.apache.hc.client5.http.wire -- http-outgoing-2 << "52c[\r][\n]"
09:46:16.774 [docker-java-stream--1813474869] DEBUG com.github.dockerjava.zerodep.shaded.org.apache.hc.client5.http.wire -- http-outgoing-2 << "[0x2][0x0][0x0][0x0][0x0][0x0][0x5]$ffmpeg version 4.1.10-0+deb10u1 Copyright (c) 2000-2022 the FFmpeg developers[\n]"
09:46:16.774 [docker-java-stream--1813474869] DEBUG com.github.dockerjava.zerodep.shaded.org.apache.hc.client5.http.wire -- http-outgoing-2 << "  built with gcc 8 (Debian 8.3.0-6)[\n]"
09:46:16.774 [docker-java-stream--1813474869] DEBUG com.github.dockerjava.zerodep.shaded.org.apache.hc.client5.http.wire -- http-outgoing-2 << "  configuration: --prefix=/usr --extra-version=0+deb10u1 --toolchain=hardened --libdir=/usr/lib/x86_64-linux-gnu --incdir=/usr/include/x86_64-linux-gnu --arch=amd64 --enable-gpl --disable-stripping --enable-avresample --disable-filter=resample --enable-avisynth --enable-gnutls --enable-ladspa --enable-libaom --enable-libass --enable-libbluray --enable-libbs2b --enable-libcaca --enable-libcdio --enable-libcodec2 --enable-libflite --enable-libfontconfig --enable-libfreetype --enable-libfribidi --enable-libgme --enable-libgsm --enable-libjack --enable-libmp3lame --enable-libmysofa --enable-libopenjpeg --enable-libopenmpt --enable-libopus --enable-libpulse --enable-librsvg --enable-librubberband --enable-libshine --enable-libsnappy --enable-libsoxr --enable-libspeex --enable-libssh --enable-libtheora --enable-libtwolame --enable-libvidstab --enable-libvorbis --enable-libvpx --enable-libwavpack --enable-libwebp --enable-libx265 --enable-libxml2 --enable-libxvid --enable-libzmq --enable-libzvbi --enable-lv2 --enable-omx --enable-openal --enable-opengl --enable-sdl2 --enable-libdc1394 --enable-libdrm --enable-libiec61883 --enable-chromaprint --enable-frei0r --enable-libx264 --enable-shared[\n]"
09:46:16.774 [docker-java-stream--1813474869] DEBUG com.github.dockerjava.zerodep.shaded.org.apache.hc.client5.http.wire -- http-outgoing-2 << "[\r][\n]"
09:46:16.777 [docker-java-stream--1813474869] DEBUG com.github.dockerjava.zerodep.shaded.org.apache.hc.client5.http.wire -- http-outgoing-2 << "179[\r][\n]"
09:46:16.777 [docker-java-stream--1813474869] DEBUG com.github.dockerjava.zerodep.shaded.org.apache.hc.client5.http.wire -- http-outgoing-2 << "[0x2][0x0][0x0][0x0][0x0][0x0][0x1]q  libavutil      56. 22.100 / 56. 22.100[\n]"
09:46:16.777 [docker-java-stream--1813474869] DEBUG com.github.dockerjava.zerodep.shaded.org.apache.hc.client5.http.wire -- http-outgoing-2 << "  libavcodec     58. 35.100 / 58. 35.100[\n]"
09:46:16.777 [docker-java-stream--1813474869] DEBUG com.github.dockerjava.zerodep.shaded.org.apache.hc.client5.http.wire -- http-outgoing-2 << "  libavformat    58. 20.100 / 58. 20.100[\n]"
09:46:16.777 [docker-java-stream--1813474869] DEBUG com.github.dockerjava.zerodep.shaded.org.apache.hc.client5.http.wire -- http-outgoing-2 << "  libavdevice    58.  5.100 / 58.  5.100[\n]"
09:46:16.777 [docker-java-stream--1813474869] DEBUG com.github.dockerjava.zerodep.shaded.org.apache.hc.client5.http.wire -- http-outgoing-2 << "  libavfilter     7. 40.101 /  7. 40.101[\n]"
09:46:16.777 [docker-java-stream--1813474869] DEBUG com.github.dockerjava.zerodep.shaded.org.apache.hc.client5.http.wire -- http-outgoing-2 << "  libavresample   4.  0.  0 /  4.  0.  0[\n]"
09:46:16.777 [docker-java-stream--1813474869] DEBUG com.github.dockerjava.zerodep.shaded.org.apache.hc.client5.http.wire -- http-outgoing-2 << "  libswscale      5.  3.100 /  5.  3.100[\n]"
09:46:16.777 [docker-java-stream--1813474869] DEBUG com.github.dockerjava.zerodep.shaded.org.apache.hc.client5.http.wire -- http-outgoing-2 << "  libswresample   3.  3.100 /  3.  3.100[\n]"
09:46:16.777 [docker-java-stream--1813474869] DEBUG com.github.dockerjava.zerodep.shaded.org.apache.hc.client5.http.wire -- http-outgoing-2 << "  libpostproc    55.  3.100 / 55.  3.100[\n]"
09:46:16.777 [docker-java-stream--1813474869] DEBUG com.github.dockerjava.zerodep.shaded.org.apache.hc.client5.http.wire -- http-outgoing-2 << "[\r][\n]"
09:46:16.859 [docker-java-stream--1813474869] DEBUG com.github.dockerjava.zerodep.shaded.org.apache.hc.client5.http.wire -- http-outgoing-2 << "ac[\r][\n]"
09:46:16.859 [docker-java-stream--1813474869] DEBUG com.github.dockerjava.zerodep.shaded.org.apache.hc.client5.http.wire -- http-outgoing-2 << "[0x2][0x0][0x0][0x0][0x0][0x0][0x0][0xffffffa4]Input #0, flv, from '/screen.flv':[\n]"
09:46:16.859 [docker-java-stream--1813474869] DEBUG com.github.dockerjava.zerodep.shaded.org.apache.hc.client5.http.wire -- http-outgoing-2 << "  Duration: 00:00:00.00, start: 0.000000, bitrate: N/A[\n]"
09:46:16.859 [docker-java-stream--1813474869] DEBUG com.github.dockerjava.zerodep.shaded.org.apache.hc.client5.http.wire -- http-outgoing-2 << "    Stream #0:0: Video: flashsv, bgr24, 1376x1024, 30 fps, 30 tbr, 1k tbn[\n]"
09:46:16.859 [docker-java-stream--1813474869] DEBUG com.github.dockerjava.zerodep.shaded.org.apache.hc.client5.http.wire -- http-outgoing-2 << "[\r][\n]"
09:46:16.861 [docker-java-stream--1813474869] DEBUG com.github.dockerjava.zerodep.shaded.org.apache.hc.client5.http.wire -- http-outgoing-2 << "73[\r][\n]"
09:46:16.861 [docker-java-stream--1813474869] DEBUG com.github.dockerjava.zerodep.shaded.org.apache.hc.client5.http.wire -- http-outgoing-2 << "[0x2][0x0][0x0][0x0][0x0][0x0][0x0]kStream mapping:[\n]"
09:46:16.861 [docker-java-stream--1813474869] DEBUG com.github.dockerjava.zerodep.shaded.org.apache.hc.client5.http.wire -- http-outgoing-2 << "  Stream #0:0 -> #0:0 (flashsv (native) -> h264 (libx264))[\n]"
09:46:16.861 [docker-java-stream--1813474869] DEBUG com.github.dockerjava.zerodep.shaded.org.apache.hc.client5.http.wire -- http-outgoing-2 << "Press [q] to stop, [?] for help[\n]"
09:46:16.861 [docker-java-stream--1813474869] DEBUG com.github.dockerjava.zerodep.shaded.org.apache.hc.client5.http.wire -- http-outgoing-2 << "[\r][\n]"
09:46:16.926 [docker-java-stream--1813474869] DEBUG com.github.dockerjava.zerodep.shaded.org.apache.hc.client5.http.wire -- http-outgoing-2 << "70[\r][\n]"
09:46:16.927 [docker-java-stream--1813474869] DEBUG com.github.dockerjava.zerodep.shaded.org.apache.hc.client5.http.wire -- http-outgoing-2 << "[0x2][0x0][0x0][0x0][0x0][0x0][0x0]h[libx264 @ 0x55635e807580] using cpu capabilities: MMX2 SSE2Fast SSSE3 SSE4.2 AVX FMA3 BMI2 AVX2 AVX512[\n]"
09:46:16.927 [docker-java-stream--1813474869] DEBUG com.github.dockerjava.zerodep.shaded.org.apache.hc.client5.http.wire -- http-outgoing-2 << "[\r][\n]"
09:46:17.015 [docker-java-stream--1813474869] DEBUG com.github.dockerjava.zerodep.shaded.org.apache.hc.client5.http.wire -- http-outgoing-2 << "59[\r][\n]"
09:46:17.015 [docker-java-stream--1813474869] DEBUG com.github.dockerjava.zerodep.shaded.org.apache.hc.client5.http.wire -- http-outgoing-2 << "[0x2][0x0][0x0][0x0][0x0][0x0][0x0]Q[libx264 @ 0x55635e807580] profile High 4:4:4 Predictive, level 4.0, 4:4:4 8-bit[\n]"
09:46:17.015 [docker-java-stream--1813474869] DEBUG com.github.dockerjava.zerodep.shaded.org.apache.hc.client5.http.wire -- http-outgoing-2 << "[\r][\n]"
09:46:17.019 [docker-java-stream--1813474869] DEBUG com.github.dockerjava.zerodep.shaded.org.apache.hc.client5.http.wire -- http-outgoing-2 << "411[\r][\n]"
09:46:17.022 [docker-java-stream--1813474869] DEBUG com.github.dockerjava.zerodep.shaded.org.apache.hc.client5.http.wire -- http-outgoing-2 << "[0x2][0x0][0x0][0x0][0x0][0x0][0x4][0x9][libx264 @ 0x55635e807580] 264 - core 155 r2917 0a84d98 - H.264/MPEG-4 AVC codec - Copyleft 2003-2018 - http://www.videolan.org/x264.html - options: cabac=1 ref=3 deblock=1:0:0 analyse=0x1:0x111 me=hex subme=7 psy=1 psy_rd=1.00:0.00 mixed_ref=1 me_range=16 chroma_me=1 trellis=1 8x8dct=0 cqm=0 deadzone=21,11 fast_pskip=1 chroma_qp_offset=4 threads=12 lookahead_threads=2 sliced_threads=0 nr=0 decimate=1 interlaced=0 bluray_compat=0 constrained_intra=0 bframes=3 b_pyramid=2 b_adapt=1 b_bias=0 direct=1 weightb=1 open_gop=0 weightp=2 keyint=250 keyint_min=25 scenecut=40 intra_refresh=0 rc_lookahead=40 rc=crf mbtree=1 crf=23.0 qcomp=0.60 qpmin=0 qpmax=69 qpstep=4 ip_ratio=1.40 aq=1:1.00[\n]"
09:46:17.023 [docker-java-stream--1813474869] DEBUG com.github.dockerjava.zerodep.shaded.org.apache.hc.client5.http.wire -- http-outgoing-2 << "Output #0, flv, to '/newScreen.flv':[\n]"
09:46:17.023 [docker-java-stream--1813474869] DEBUG com.github.dockerjava.zerodep.shaded.org.apache.hc.client5.http.wire -- http-outgoing-2 << "  Metadata:[\n]"
09:46:17.023 [docker-java-stream--1813474869] DEBUG com.github.dockerjava.zerodep.shaded.org.apache.hc.client5.http.wire -- http-outgoing-2 << "    encoder         : Lavf58.20.100[\n]"
09:46:17.023 [docker-java-stream--1813474869] DEBUG com.github.dockerjava.zerodep.shaded.org.apache.hc.client5.http.wire -- http-outgoing-2 << "    Stream #0:0: Video: h264 (libx264) ([7][0][0][0] / 0x0007), yuv444p, 1376x1024, q=-1--1, 30 fps, 1k tbn, 30 tbc[\n]"
09:46:17.023 [docker-java-stream--1813474869] DEBUG com.github.dockerjava.zerodep.shaded.org.apache.hc.client5.http.wire -- http-outgoing-2 << "    Metadata:[\n]"
09:46:17.023 [docker-java-stream--1813474869] DEBUG com.github.dockerjava.zerodep.shaded.org.apache.hc.client5.http.wire -- http-outgoing-2 << "      encoder         : Lavc58.35.100 libx264[\n]"
09:46:17.023 [docker-java-stream--1813474869] DEBUG com.github.dockerjava.zerodep.shaded.org.apache.hc.client5.http.wire -- http-outgoing-2 << "    Side data:[\n]"
09:46:17.023 [docker-java-stream--1813474869] DEBUG com.github.dockerjava.zerodep.shaded.org.apache.hc.client5.http.wire -- http-outgoing-2 << "      cpb: bitrate max/min/avg: 0/0/0 buffer size: 0 vbv_delay: -1[\n]"
09:46:17.023 [docker-java-stream--1813474869] DEBUG com.github.dockerjava.zerodep.shaded.org.apache.hc.client5.http.wire -- http-outgoing-2 << "[\r][\n]"
09:46:17.425 [docker-java-stream--1813474869] DEBUG com.github.dockerjava.zerodep.shaded.org.apache.hc.client5.http.wire -- http-outgoing-2 << "5f[\r][\n]"
09:46:17.426 [docker-java-stream--1813474869] DEBUG com.github.dockerjava.zerodep.shaded.org.apache.hc.client5.http.wire -- http-outgoing-2 << "[0x2][0x0][0x0][0x0][0x0][0x0][0x0]Wframe=   11 fps=0.0 q=0.0 size=       0kB time=00:00:00.00 bitrate=N/A speed=   0x    [\r][\r][\n]"
09:46:17.934 [docker-java-stream--1813474869] DEBUG com.github.dockerjava.zerodep.shaded.org.apache.hc.client5.http.wire -- http-outgoing-2 << "5f[\r][\n]"
09:46:17.935 [docker-java-stream--1813474869] DEBUG com.github.dockerjava.zerodep.shaded.org.apache.hc.client5.http.wire -- http-outgoing-2 << "[0x2][0x0][0x0][0x0][0x0][0x0][0x0]Wframe=   28 fps= 27 q=0.0 size=       0kB time=00:00:00.00 bitrate=N/A speed=   0x    [\r][\r][\n]"
09:46:18.477 [docker-java-stream--1813474869] DEBUG com.github.dockerjava.zerodep.shaded.org.apache.hc.client5.http.wire -- http-outgoing-2 << "5f[\r][\n]"
09:46:18.477 [docker-java-stream--1813474869] DEBUG com.github.dockerjava.zerodep.shaded.org.apache.hc.client5.http.wire -- http-outgoing-2 << "[0x2][0x0][0x0][0x0][0x0][0x0][0x0]Wframe=   47 fps= 30 q=0.0 size=       0kB time=00:00:00.00 bitrate=N/A speed=   0x    [\r][\r][\n]"
09:46:18.971 [docker-java-stream--1813474869] DEBUG com.github.dockerjava.zerodep.shaded.org.apache.hc.client5.http.wire -- http-outgoing-2 << "6b[\r][\n]"
09:46:18.971 [docker-java-stream--1813474869] DEBUG com.github.dockerjava.zerodep.shaded.org.apache.hc.client5.http.wire -- http-outgoing-2 << "[0x2][0x0][0x0][0x0][0x0][0x0][0x0]cframe=   65 fps= 31 q=29.0 size=       2kB time=00:00:00.20 bitrate=  76.4kbits/s speed=0.096x    [\r][\r][\n]"
09:46:19.501 [docker-java-stream--1813474869] DEBUG com.github.dockerjava.zerodep.shaded.org.apache.hc.client5.http.wire -- http-outgoing-2 << "6b[\r][\n]"
09:46:19.501 [docker-java-stream--1813474869] DEBUG com.github.dockerjava.zerodep.shaded.org.apache.hc.client5.http.wire -- http-outgoing-2 << "[0x2][0x0][0x0][0x0][0x0][0x0][0x0]cframe=   92 fps= 35 q=29.0 size=      13kB time=00:00:01.10 bitrate= 100.2kbits/s speed=0.422x    [\r][\r][\n]"
09:46:19.993 [docker-java-stream--1813474869] DEBUG com.github.dockerjava.zerodep.shaded.org.apache.hc.client5.http.wire -- http-outgoing-2 << "6b[\r][\n]"
09:46:19.993 [docker-java-stream--1813474869] DEBUG com.github.dockerjava.zerodep.shaded.org.apache.hc.client5.http.wire -- http-outgoing-2 << "[0x2][0x0][0x0][0x0][0x0][0x0][0x0]cframe=  114 fps= 36 q=29.0 size=      15kB time=00:00:01.83 bitrate=  69.2kbits/s speed=0.587x    [\r][\r][\n]"
09:46:20.500 [docker-java-stream--1813474869] DEBUG com.github.dockerjava.zerodep.shaded.org.apache.hc.client5.http.wire -- http-outgoing-2 << "6b[\r][\n]"
09:46:20.500 [docker-java-stream--1813474869] DEBUG com.github.dockerjava.zerodep.shaded.org.apache.hc.client5.http.wire -- http-outgoing-2 << "[0x2][0x0][0x0][0x0][0x0][0x0][0x0]cframe=  143 fps= 39 q=29.0 size=      18kB time=00:00:02.80 bitrate=  52.9kbits/s speed=0.771x    [\r][\r][\n]"
09:46:21.006 [docker-java-stream--1813474869] DEBUG com.github.dockerjava.zerodep.shaded.org.apache.hc.client5.http.wire -- http-outgoing-2 << "6b[\r][\n]"
09:46:21.006 [docker-java-stream--1813474869] DEBUG com.github.dockerjava.zerodep.shaded.org.apache.hc.client5.http.wire -- http-outgoing-2 << "[0x2][0x0][0x0][0x0][0x0][0x0][0x0]cframe=  175 fps= 42 q=29.0 size=      21kB time=00:00:03.86 bitrate=  44.6kbits/s speed=0.935x    [\r][\r][\n]"
09:46:21.534 [docker-java-stream--1813474869] DEBUG com.github.dockerjava.zerodep.shaded.org.apache.hc.client5.http.wire -- http-outgoing-2 << "6a[\r][\n]"
09:46:21.534 [docker-java-stream--1813474869] DEBUG com.github.dockerjava.zerodep.shaded.org.apache.hc.client5.http.wire -- http-outgoing-2 << "[0x2][0x0][0x0][0x0][0x0][0x0][0x0]bframe=  204 fps= 44 q=29.0 size=      24kB time=00:00:04.83 bitrate=  40.0kbits/s speed=1.04x    [\r][\r][\n]"
09:46:22.049 [docker-java-stream--1813474869] DEBUG com.github.dockerjava.zerodep.shaded.org.apache.hc.client5.http.wire -- http-outgoing-2 << "6a[\r][\n]"
09:46:22.050 [docker-java-stream--1813474869] DEBUG com.github.dockerjava.zerodep.shaded.org.apache.hc.client5.http.wire -- http-outgoing-2 << "[0x2][0x0][0x0][0x0][0x0][0x0][0x0]bframe=  234 fps= 45 q=29.0 size=      26kB time=00:00:05.83 bitrate=  37.0kbits/s speed=1.13x    [\r][\r][\n]"
09:46:22.583 [docker-java-stream--1813474869] DEBUG com.github.dockerjava.zerodep.shaded.org.apache.hc.client5.http.wire -- http-outgoing-2 << "6a[\r][\n]"
09:46:22.583 [docker-java-stream--1813474869] DEBUG com.github.dockerjava.zerodep.shaded.org.apache.hc.client5.http.wire -- http-outgoing-2 << "[0x2][0x0][0x0][0x0][0x0][0x0][0x0]bframe=  255 fps= 45 q=29.0 size=      28kB time=00:00:06.53 bitrate=  35.5kbits/s speed=1.14x    [\r][\r][\n]"
09:46:23.091 [docker-java-stream--1813474869] DEBUG com.github.dockerjava.zerodep.shaded.org.apache.hc.client5.http.wire -- http-outgoing-2 << "6a[\r][\n]"
09:46:23.092 [docker-java-stream--1813474869] DEBUG com.github.dockerjava.zerodep.shaded.org.apache.hc.client5.http.wire -- http-outgoing-2 << "[0x2][0x0][0x0][0x0][0x0][0x0][0x0]bframe=  284 fps= 46 q=29.0 size=      31kB time=00:00:07.50 bitrate=  33.8kbits/s speed=1.21x    [\r][\r][\n]"
09:46:23.591 [docker-java-stream--1813474869] DEBUG com.github.dockerjava.zerodep.shaded.org.apache.hc.client5.http.wire -- http-outgoing-2 << "6a[\r][\n]"
09:46:23.591 [docker-java-stream--1813474869] DEBUG com.github.dockerjava.zerodep.shaded.org.apache.hc.client5.http.wire -- http-outgoing-2 << "[0x2][0x0][0x0][0x0][0x0][0x0][0x0]bframe=  311 fps= 46 q=29.0 size=      43kB time=00:00:08.40 bitrate=  41.7kbits/s speed=1.25x    [\r][\r][\n]"
09:46:24.146 [docker-java-stream--1813474869] DEBUG com.github.dockerjava.zerodep.shaded.org.apache.hc.client5.http.wire -- http-outgoing-2 << "6a[\r][\n]"
09:46:24.146 [docker-java-stream--1813474869] DEBUG com.github.dockerjava.zerodep.shaded.org.apache.hc.client5.http.wire -- http-outgoing-2 << "[0x2][0x0][0x0][0x0][0x0][0x0][0x0]bframe=  343 fps= 47 q=29.0 size=      52kB time=00:00:09.46 bitrate=  44.7kbits/s speed=1.31x    [\r][\r][\n]"
09:46:24.626 [docker-java-stream--1813474869] DEBUG com.github.dockerjava.zerodep.shaded.org.apache.hc.client5.http.wire -- http-outgoing-2 << "6a[\r][\n]"
09:46:24.626 [docker-java-stream--1813474869] DEBUG com.github.dockerjava.zerodep.shaded.org.apache.hc.client5.http.wire -- http-outgoing-2 << "[0x2][0x0][0x0][0x0][0x0][0x0][0x0]bframe=  369 fps= 48 q=29.0 size=      56kB time=00:00:10.33 bitrate=  44.7kbits/s speed=1.34x    [\r][\r][\n]"
09:46:25.122 [docker-java-stream--1813474869] DEBUG com.github.dockerjava.zerodep.shaded.org.apache.hc.client5.http.wire -- http-outgoing-2 << "6a[\r][\n]"
09:46:25.122 [docker-java-stream--1813474869] DEBUG com.github.dockerjava.zerodep.shaded.org.apache.hc.client5.http.wire -- http-outgoing-2 << "[0x2][0x0][0x0][0x0][0x0][0x0][0x0]bframe=  395 fps= 48 q=29.0 size=     117kB time=00:00:11.20 bitrate=  85.6kbits/s speed=1.36x    [\r][\r][\n]"
09:46:25.632 [docker-java-stream--1813474869] DEBUG com.github.dockerjava.zerodep.shaded.org.apache.hc.client5.http.wire -- http-outgoing-2 << "6a[\r][\n]"
09:46:25.633 [docker-java-stream--1813474869] DEBUG com.github.dockerjava.zerodep.shaded.org.apache.hc.client5.http.wire -- http-outgoing-2 << "[0x2][0x0][0x0][0x0][0x0][0x0][0x0]bframe=  423 fps= 48 q=29.0 size=     130kB time=00:00:12.13 bitrate=  87.9kbits/s speed=1.39x    [\r][\r][\n]"
09:46:26.155 [docker-java-stream--1813474869] DEBUG com.github.dockerjava.zerodep.shaded.org.apache.hc.client5.http.wire -- http-outgoing-2 << "6a[\r][\n]"
09:46:26.155 [docker-java-stream--1813474869] DEBUG com.github.dockerjava.zerodep.shaded.org.apache.hc.client5.http.wire -- http-outgoing-2 << "[0x2][0x0][0x0][0x0][0x0][0x0][0x0]bframe=  455 fps= 49 q=29.0 size=     133kB time=00:00:13.20 bitrate=  82.2kbits/s speed=1.42x    [\r][\r][\n]"
09:46:26.663 [docker-java-stream--1813474869] DEBUG com.github.dockerjava.zerodep.shaded.org.apache.hc.client5.http.wire -- http-outgoing-2 << "6a[\r][\n]"
09:46:26.663 [docker-java-stream--1813474869] DEBUG com.github.dockerjava.zerodep.shaded.org.apache.hc.client5.http.wire -- http-outgoing-2 << "[0x2][0x0][0x0][0x0][0x0][0x0][0x0]bframe=  480 fps= 49 q=29.0 size=     134kB time=00:00:14.03 bitrate=  78.4kbits/s speed=1.44x    [\r][\r][\n]"
09:46:27.248 [docker-java-stream--1813474869] DEBUG com.github.dockerjava.zerodep.shaded.org.apache.hc.client5.http.wire -- http-outgoing-2 << "6a[\r][\n]"
09:46:27.249 [docker-java-stream--1813474869] DEBUG com.github.dockerjava.zerodep.shaded.org.apache.hc.client5.http.wire -- http-outgoing-2 << "[0x2][0x0][0x0][0x0][0x0][0x0][0x0]bframe=  502 fps= 49 q=29.0 size=     136kB time=00:00:14.76 bitrate=  75.4kbits/s speed=1.44x    [\r][\r][\n]"
09:46:27.679 [docker-java-stream--1813474869] DEBUG com.github.dockerjava.zerodep.shaded.org.apache.hc.client5.http.wire -- http-outgoing-2 << "6a[\r][\n]"
09:46:27.680 [docker-java-stream--1813474869] DEBUG com.github.dockerjava.zerodep.shaded.org.apache.hc.client5.http.wire -- http-outgoing-2 << "[0x2][0x0][0x0][0x0][0x0][0x0][0x0]bframe=  526 fps= 49 q=29.0 size=     138kB time=00:00:15.56 bitrate=  72.5kbits/s speed=1.44x    [\r][\r][\n]"
09:46:28.194 [docker-java-stream--1813474869] DEBUG com.github.dockerjava.zerodep.shaded.org.apache.hc.client5.http.wire -- http-outgoing-2 << "6a[\r][\n]"
09:46:28.194 [docker-java-stream--1813474869] DEBUG com.github.dockerjava.zerodep.shaded.org.apache.hc.client5.http.wire -- http-outgoing-2 << "[0x2][0x0][0x0][0x0][0x0][0x0][0x0]bframe=  548 fps= 48 q=29.0 size=     139kB time=00:00:16.30 bitrate=  70.0kbits/s speed=1.44x    [\r][\r][\n]"
09:46:28.740 [docker-java-stream--1813474869] DEBUG com.github.dockerjava.zerodep.shaded.org.apache.hc.client5.http.wire -- http-outgoing-2 << "6a[\r][\n]"
09:46:28.740 [docker-java-stream--1813474869] DEBUG com.github.dockerjava.zerodep.shaded.org.apache.hc.client5.http.wire -- http-outgoing-2 << "[0x2][0x0][0x0][0x0][0x0][0x0][0x0]bframe=  572 fps= 48 q=29.0 size=     141kB time=00:00:17.10 bitrate=  67.6kbits/s speed=1.44x    [\r][\r][\n]"
09:46:29.247 [docker-java-stream--1813474869] DEBUG com.github.dockerjava.zerodep.shaded.org.apache.hc.client5.http.wire -- http-outgoing-2 << "6a[\r][\n]"
09:46:29.247 [docker-java-stream--1813474869] DEBUG com.github.dockerjava.zerodep.shaded.org.apache.hc.client5.http.wire -- http-outgoing-2 << "[0x2][0x0][0x0][0x0][0x0][0x0][0x0]bframe=  593 fps= 48 q=29.0 size=     143kB time=00:00:17.80 bitrate=  65.6kbits/s speed=1.44x    [\r][\r][\n]"
09:46:29.750 [docker-java-stream--1813474869] DEBUG com.github.dockerjava.zerodep.shaded.org.apache.hc.client5.http.wire -- http-outgoing-2 << "6a[\r][\n]"
09:46:29.753 [docker-java-stream--1813474869] DEBUG com.github.dockerjava.zerodep.shaded.org.apache.hc.client5.http.wire -- http-outgoing-2 << "[0x2][0x0][0x0][0x0][0x0][0x0][0x0]bframe=  610 fps= 47 q=29.0 size=     144kB time=00:00:18.36 bitrate=  64.2kbits/s speed=1.43x    [\r][\r][\n]"
09:46:30.273 [docker-java-stream--1813474869] DEBUG com.github.dockerjava.zerodep.shaded.org.apache.hc.client5.http.wire -- http-outgoing-2 << "6a[\r][\n]"
09:46:30.273 [docker-java-stream--1813474869] DEBUG com.github.dockerjava.zerodep.shaded.org.apache.hc.client5.http.wire -- http-outgoing-2 << "[0x2][0x0][0x0][0x0][0x0][0x0][0x0]bframe=  629 fps= 47 q=29.0 size=     145kB time=00:00:19.00 bitrate=  62.7kbits/s speed=1.42x    [\r][\r][\n]"
09:46:30.778 [docker-java-stream--1813474869] DEBUG com.github.dockerjava.zerodep.shaded.org.apache.hc.client5.http.wire -- http-outgoing-2 << "6a[\r][\n]"
09:46:30.778 [docker-java-stream--1813474869] DEBUG com.github.dockerjava.zerodep.shaded.org.apache.hc.client5.http.wire -- http-outgoing-2 << "[0x2][0x0][0x0][0x0][0x0][0x0][0x0]bframe=  649 fps= 47 q=29.0 size=     147kB time=00:00:19.66 bitrate=  61.1kbits/s speed=1.42x    [\r][\r][\n]"
09:46:31.283 [docker-java-stream--1813474869] DEBUG com.github.dockerjava.zerodep.shaded.org.apache.hc.client5.http.wire -- http-outgoing-2 << "6a[\r][\n]"
09:46:31.283 [docker-java-stream--1813474869] DEBUG com.github.dockerjava.zerodep.shaded.org.apache.hc.client5.http.wire -- http-outgoing-2 << "[0x2][0x0][0x0][0x0][0x0][0x0][0x0]bframe=  668 fps= 46 q=29.0 size=     159kB time=00:00:20.30 bitrate=  64.2kbits/s speed=1.41x    [\r][\r][\n]"
09:46:31.829 [docker-java-stream--1813474869] DEBUG com.github.dockerjava.zerodep.shaded.org.apache.hc.client5.http.wire -- http-outgoing-2 << "6a[\r][\n]"
09:46:31.838 [docker-java-stream--1813474869] DEBUG com.github.dockerjava.zerodep.shaded.org.apache.hc.client5.http.wire -- http-outgoing-2 << "[0x2][0x0][0x0][0x0][0x0][0x0][0x0]bframe=  689 fps= 46 q=29.0 size=     161kB time=00:00:21.00 bitrate=  62.7kbits/s speed=1.41x    [\r][\r][\n]"
09:46:32.308 [docker-java-stream--1813474869] DEBUG com.github.dockerjava.zerodep.shaded.org.apache.hc.client5.http.wire -- http-outgoing-2 << "6a[\r][\n]"
09:46:32.309 [docker-java-stream--1813474869] DEBUG com.github.dockerjava.zerodep.shaded.org.apache.hc.client5.http.wire -- http-outgoing-2 << "[0x2][0x0][0x0][0x0][0x0][0x0][0x0]bframe=  714 fps= 46 q=29.0 size=     162kB time=00:00:21.83 bitrate=  60.9kbits/s speed=1.42x    [\r][\r][\n]"
09:46:32.812 [docker-java-stream--1813474869] DEBUG com.github.dockerjava.zerodep.shaded.org.apache.hc.client5.http.wire -- http-outgoing-2 << "6a[\r][\n]"
09:46:32.812 [docker-java-stream--1813474869] DEBUG com.github.dockerjava.zerodep.shaded.org.apache.hc.client5.http.wire -- http-outgoing-2 << "[0x2][0x0][0x0][0x0][0x0][0x0][0x0]bframe=  735 fps= 46 q=29.0 size=     164kB time=00:00:22.53 bitrate=  59.6kbits/s speed=1.41x    [\r][\r][\n]"
09:46:33.344 [docker-java-stream--1813474869] DEBUG com.github.dockerjava.zerodep.shaded.org.apache.hc.client5.http.wire -- http-outgoing-2 << "6a[\r][\n]"
09:46:33.344 [docker-java-stream--1813474869] DEBUG com.github.dockerjava.zerodep.shaded.org.apache.hc.client5.http.wire -- http-outgoing-2 << "[0x2][0x0][0x0][0x0][0x0][0x0][0x0]bframe=  756 fps= 46 q=29.0 size=     165kB time=00:00:23.23 bitrate=  58.3kbits/s speed=1.41x    [\r][\r][\n]"
09:46:33.840 [docker-java-stream--1813474869] DEBUG com.github.dockerjava.zerodep.shaded.org.apache.hc.client5.http.wire -- http-outgoing-2 << "6a[\r][\n]"
09:46:33.840 [docker-java-stream--1813474869] DEBUG com.github.dockerjava.zerodep.shaded.org.apache.hc.client5.http.wire -- http-outgoing-2 << "[0x2][0x0][0x0][0x0][0x0][0x0][0x0]bframe=  774 fps= 46 q=29.0 size=     167kB time=00:00:23.83 bitrate=  57.3kbits/s speed=1.41x    [\r][\r][\n]"
09:46:34.363 [docker-java-stream--1813474869] DEBUG com.github.dockerjava.zerodep.shaded.org.apache.hc.client5.http.wire -- http-outgoing-2 << "6a[\r][\n]"
09:46:34.363 [docker-java-stream--1813474869] DEBUG com.github.dockerjava.zerodep.shaded.org.apache.hc.client5.http.wire -- http-outgoing-2 << "[0x2][0x0][0x0][0x0][0x0][0x0][0x0]bframe=  794 fps= 45 q=29.0 size=     168kB time=00:00:24.50 bitrate=  56.2kbits/s speed= 1.4x    [\r][\r][\n]"
09:46:34.893 [docker-java-stream--1813474869] DEBUG com.github.dockerjava.zerodep.shaded.org.apache.hc.client5.http.wire -- http-outgoing-2 << "6a[\r][\n]"
09:46:34.894 [docker-java-stream--1813474869] DEBUG com.github.dockerjava.zerodep.shaded.org.apache.hc.client5.http.wire -- http-outgoing-2 << "[0x2][0x0][0x0][0x0][0x0][0x0][0x0]bframe=  814 fps= 45 q=29.0 size=     170kB time=00:00:25.16 bitrate=  55.2kbits/s speed= 1.4x    [\r][\r][\n]"
09:46:35.424 [docker-java-stream--1813474869] DEBUG com.github.dockerjava.zerodep.shaded.org.apache.hc.client5.http.wire -- http-outgoing-2 << "6a[\r][\n]"
09:46:35.424 [docker-java-stream--1813474869] DEBUG com.github.dockerjava.zerodep.shaded.org.apache.hc.client5.http.wire -- http-outgoing-2 << "[0x2][0x0][0x0][0x0][0x0][0x0][0x0]bframe=  841 fps= 45 q=29.0 size=     172kB time=00:00:26.06 bitrate=  53.9kbits/s speed=1.41x    [\r][\r][\n]"
09:46:35.908 [docker-java-stream--1813474869] DEBUG com.github.dockerjava.zerodep.shaded.org.apache.hc.client5.http.wire -- http-outgoing-2 << "6a[\r][\n]"
09:46:35.908 [docker-java-stream--1813474869] DEBUG com.github.dockerjava.zerodep.shaded.org.apache.hc.client5.http.wire -- http-outgoing-2 << "[0x2][0x0][0x0][0x0][0x0][0x0][0x0]bframe=  866 fps= 46 q=29.0 size=     174kB time=00:00:26.90 bitrate=  52.8kbits/s speed=1.41x    [\r][\r][\n]"
09:46:36.422 [docker-java-stream--1813474869] DEBUG com.github.dockerjava.zerodep.shaded.org.apache.hc.client5.http.wire -- http-outgoing-2 << "6a[\r][\n]"
09:46:36.423 [docker-java-stream--1813474869] DEBUG com.github.dockerjava.zerodep.shaded.org.apache.hc.client5.http.wire -- http-outgoing-2 << "[0x2][0x0][0x0][0x0][0x0][0x0][0x0]bframe=  886 fps= 45 q=29.0 size=     175kB time=00:00:27.56 bitrate=  52.0kbits/s speed=1.41x    [\r][\r][\n]"
09:46:36.939 [docker-java-stream--1813474869] DEBUG com.github.dockerjava.zerodep.shaded.org.apache.hc.client5.http.wire -- http-outgoing-2 << "6a[\r][\n]"
09:46:36.939 [docker-java-stream--1813474869] DEBUG com.github.dockerjava.zerodep.shaded.org.apache.hc.client5.http.wire -- http-outgoing-2 << "[0x2][0x0][0x0][0x0][0x0][0x0][0x0]bframe=  909 fps= 45 q=29.0 size=     188kB time=00:00:28.33 bitrate=  54.2kbits/s speed=1.41x    [\r][\r][\n]"
09:46:37.448 [docker-java-stream--1813474869] DEBUG com.github.dockerjava.zerodep.shaded.org.apache.hc.client5.http.wire -- http-outgoing-2 << "6a[\r][\n]"
09:46:37.448 [docker-java-stream--1813474869] DEBUG com.github.dockerjava.zerodep.shaded.org.apache.hc.client5.http.wire -- http-outgoing-2 << "[0x2][0x0][0x0][0x0][0x0][0x0][0x0]bframe=  933 fps= 45 q=29.0 size=     189kB time=00:00:29.13 bitrate=  53.2kbits/s speed=1.42x    [\r][\r][\n]"
09:46:37.945 [docker-java-stream--1813474869] DEBUG com.github.dockerjava.zerodep.shaded.org.apache.hc.client5.http.wire -- http-outgoing-2 << "6a[\r][\n]"
09:46:37.945 [docker-java-stream--1813474869] DEBUG com.github.dockerjava.zerodep.shaded.org.apache.hc.client5.http.wire -- http-outgoing-2 << "[0x2][0x0][0x0][0x0][0x0][0x0][0x0]bframe=  954 fps= 45 q=29.0 size=     191kB time=00:00:29.83 bitrate=  52.4kbits/s speed=1.42x    [\r][\r][\n]"
09:46:38.460 [docker-java-stream--1813474869] DEBUG com.github.dockerjava.zerodep.shaded.org.apache.hc.client5.http.wire -- http-outgoing-2 << "6a[\r][\n]"
09:46:38.460 [docker-java-stream--1813474869] DEBUG com.github.dockerjava.zerodep.shaded.org.apache.hc.client5.http.wire -- http-outgoing-2 << "[0x2][0x0][0x0][0x0][0x0][0x0][0x0]bframe=  976 fps= 45 q=29.0 size=     192kB time=00:00:30.56 bitrate=  51.6kbits/s speed=1.42x    [\r][\r][\n]"
09:46:38.991 [docker-java-stream--1813474869] DEBUG com.github.dockerjava.zerodep.shaded.org.apache.hc.client5.http.wire -- http-outgoing-2 << "6a[\r][\n]"
09:46:38.991 [docker-java-stream--1813474869] DEBUG com.github.dockerjava.zerodep.shaded.org.apache.hc.client5.http.wire -- http-outgoing-2 << "[0x2][0x0][0x0][0x0][0x0][0x0][0x0]bframe=  998 fps= 45 q=29.0 size=     194kB time=00:00:31.30 bitrate=  50.8kbits/s speed=1.42x    [\r][\r][\n]"
09:46:39.491 [docker-java-stream--1813474869] DEBUG com.github.dockerjava.zerodep.shaded.org.apache.hc.client5.http.wire -- http-outgoing-2 << "6a[\r][\n]"
09:46:39.492 [docker-java-stream--1813474869] DEBUG com.github.dockerjava.zerodep.shaded.org.apache.hc.client5.http.wire -- http-outgoing-2 << "[0x2][0x0][0x0][0x0][0x0][0x0][0x0]bframe= 1017 fps= 45 q=29.0 size=     195kB time=00:00:31.93 bitrate=  50.1kbits/s speed=1.41x    [\r][\r][\n]"
09:46:40.037 [docker-java-stream--1813474869] DEBUG com.github.dockerjava.zerodep.shaded.org.apache.hc.client5.http.wire -- http-outgoing-2 << "6a[\r][\n]"
09:46:40.037 [docker-java-stream--1813474869] DEBUG com.github.dockerjava.zerodep.shaded.org.apache.hc.client5.http.wire -- http-outgoing-2 << "[0x2][0x0][0x0][0x0][0x0][0x0][0x0]bframe= 1036 fps= 45 q=29.0 size=     197kB time=00:00:32.56 bitrate=  49.5kbits/s speed=1.41x    [\r][\r][\n]"
09:46:40.534 [docker-java-stream--1813474869] DEBUG com.github.dockerjava.zerodep.shaded.org.apache.hc.client5.http.wire -- http-outgoing-2 << "6a[\r][\n]"
09:46:40.535 [docker-java-stream--1813474869] DEBUG com.github.dockerjava.zerodep.shaded.org.apache.hc.client5.http.wire -- http-outgoing-2 << "[0x2][0x0][0x0][0x0][0x0][0x0][0x0]bframe= 1057 fps= 45 q=29.0 size=     198kB time=00:00:33.26 bitrate=  48.8kbits/s speed=1.41x    [\r][\r][\n]"
09:46:41.075 [docker-java-stream--1813474869] DEBUG com.github.dockerjava.zerodep.shaded.org.apache.hc.client5.http.wire -- http-outgoing-2 << "6a[\r][\n]"
09:46:41.076 [docker-java-stream--1813474869] DEBUG com.github.dockerjava.zerodep.shaded.org.apache.hc.client5.http.wire -- http-outgoing-2 << "[0x2][0x0][0x0][0x0][0x0][0x0][0x0]bframe= 1079 fps= 45 q=29.0 size=     200kB time=00:00:34.00 bitrate=  48.2kbits/s speed=1.41x    [\r][\r][\n]"
09:46:41.606 [docker-java-stream--1813474869] DEBUG com.github.dockerjava.zerodep.shaded.org.apache.hc.client5.http.wire -- http-outgoing-2 << "6a[\r][\n]"
09:46:41.607 [docker-java-stream--1813474869] DEBUG com.github.dockerjava.zerodep.shaded.org.apache.hc.client5.http.wire -- http-outgoing-2 << "[0x2][0x0][0x0][0x0][0x0][0x0][0x0]bframe= 1100 fps= 45 q=29.0 size=     201kB time=00:00:34.70 bitrate=  47.6kbits/s speed=1.41x    [\r][\r][\n]"
09:46:42.071 [docker-java-stream--1813474869] DEBUG com.github.dockerjava.zerodep.shaded.org.apache.hc.client5.http.wire -- http-outgoing-2 << "6a[\r][\n]"
09:46:42.071 [docker-java-stream--1813474869] DEBUG com.github.dockerjava.zerodep.shaded.org.apache.hc.client5.http.wire -- http-outgoing-2 << "[0x2][0x0][0x0][0x0][0x0][0x0][0x0]bframe= 1125 fps= 45 q=29.0 size=     203kB time=00:00:35.53 bitrate=  46.9kbits/s speed=1.41x    [\r][\r][\n]"
09:46:42.597 [docker-java-stream--1813474869] DEBUG com.github.dockerjava.zerodep.shaded.org.apache.hc.client5.http.wire -- http-outgoing-2 << "6a[\r][\n]"
09:46:42.598 [docker-java-stream--1813474869] DEBUG com.github.dockerjava.zerodep.shaded.org.apache.hc.client5.http.wire -- http-outgoing-2 << "[0x2][0x0][0x0][0x0][0x0][0x0][0x0]bframe= 1149 fps= 45 q=29.0 size=     205kB time=00:00:36.33 bitrate=  46.2kbits/s speed=1.41x    [\r][\r][\n]"
09:46:42.861 [docker-java-stream--1813474869] DEBUG com.github.dockerjava.zerodep.shaded.org.apache.hc.client5.http.wire -- http-outgoing-2 << "81[\r][\n]"
09:46:42.861 [docker-java-stream--1813474869] DEBUG com.github.dockerjava.zerodep.shaded.org.apache.hc.client5.http.wire -- http-outgoing-2 << "[0x2][0x0][0x0][0x0][0x0][0x0][0x0]y/screen.flv: corrupt input packet in stream 0[\n]"
09:46:42.861 [docker-java-stream--1813474869] DEBUG com.github.dockerjava.zerodep.shaded.org.apache.hc.client5.http.wire -- http-outgoing-2 << "Error while decoding stream #0:0: Invalid data found when processing input[\n]"
09:46:42.861 [docker-java-stream--1813474869] DEBUG com.github.dockerjava.zerodep.shaded.org.apache.hc.client5.http.wire -- http-outgoing-2 << "[\r][\n]"
09:46:43.155 [docker-java-stream--1813474869] DEBUG com.github.dockerjava.zerodep.shaded.org.apache.hc.client5.http.wire -- http-outgoing-2 << "cf[\r][\n]"
09:46:43.156 [docker-java-stream--1813474869] DEBUG com.github.dockerjava.zerodep.shaded.org.apache.hc.client5.http.wire -- http-outgoing-2 << "[0x2][0x0][0x0][0x0][0x0][0x0][0x0][0xffffffc7]frame= 1162 fps= 44 q=-1.0 Lsize=     221kB time=00:00:38.63 bitrate=  46.9kbits/s speed=1.47x    [\n]"
09:46:43.156 [docker-java-stream--1813474869] DEBUG com.github.dockerjava.zerodep.shaded.org.apache.hc.client5.http.wire -- http-outgoing-2 << "video:198kB audio:0kB subtitle:0kB other streams:0kB global headers:0kB muxing overhead: 11.604157%[\n]"
09:46:43.156 [docker-java-stream--1813474869] DEBUG com.github.dockerjava.zerodep.shaded.org.apache.hc.client5.http.wire -- http-outgoing-2 << "[\r][\n]"
09:46:43.156 [docker-java-stream--1813474869] DEBUG com.github.dockerjava.zerodep.shaded.org.apache.hc.client5.http.wire -- http-outgoing-2 << "443[\r][\n]"
09:46:43.156 [docker-java-stream--1813474869] DEBUG com.github.dockerjava.zerodep.shaded.org.apache.hc.client5.http.wire -- http-outgoing-2 << "[0x2][0x0][0x0][0x0][0x0][0x0][0x4];[libx264 @ 0x55635e807580] frame I:6     Avg QP: 7.61  size:  8806[\n]"
09:46:43.156 [docker-java-stream--1813474869] DEBUG com.github.dockerjava.zerodep.shaded.org.apache.hc.client5.http.wire -- http-outgoing-2 << "[libx264 @ 0x55635e807580] frame P:293   Avg QP:11.06  size:   339[\n]"
09:46:43.156 [docker-java-stream--1813474869] DEBUG com.github.dockerjava.zerodep.shaded.org.apache.hc.client5.http.wire -- http-outgoing-2 << "[libx264 @ 0x55635e807580] frame B:863   Avg QP:14.48  size:    58[\n]"
09:46:43.156 [docker-java-stream--1813474869] DEBUG com.github.dockerjava.zerodep.shaded.org.apache.hc.client5.http.wire -- http-outgoing-2 << "[libx264 @ 0x55635e807580] consecutive B-frames:  0.9%  0.0%  0.3% 98.8%[\n]"
09:46:43.156 [docker-java-stream--1813474869] DEBUG com.github.dockerjava.zerodep.shaded.org.apache.hc.client5.http.wire -- http-outgoing-2 << "[libx264 @ 0x55635e807580] mb I  I16..4: 95.3%  0.0%  4.7%[\n]"
09:46:43.156 [docker-java-stream--1813474869] DEBUG com.github.dockerjava.zerodep.shaded.org.apache.hc.client5.http.wire -- http-outgoing-2 << "[libx264 @ 0x55635e807580] mb P  I16..4:  0.4%  0.0%  0.1%  P16..4:  0.0%  0.0%  0.0%  0.0%  0.0%    skip:99.4%[\n]"
09:46:43.156 [docker-java-stream--1813474869] DEBUG com.github.dockerjava.zerodep.shaded.org.apache.hc.client5.http.wire -- http-outgoing-2 << "[libx264 @ 0x55635e807580] mb B  I16..4:  0.0%  0.0%  0.0%  B16..8:  0.2%  0.0%  0.0%  direct: 0.0%  skip:99.8%  L0:55.0% L1:45.0% BI: 0.0%[\n]"
09:46:43.156 [docker-java-stream--1813474869] DEBUG com.github.dockerjava.zerodep.shaded.org.apache.hc.client5.http.wire -- http-outgoing-2 << "[libx264 @ 0x55635e807580] coded y,u,v intra: 5.2% 2.8% 1.0% inter: 0.0% 0.0% 0.0%[\n]"
09:46:43.156 [docker-java-stream--1813474869] DEBUG com.github.dockerjava.zerodep.shaded.org.apache.hc.client5.http.wire -- http-outgoing-2 << "[libx264 @ 0x55635e807580] i16 v,h,dc,p: 93%  6%  2%  0%[\n]"
09:46:43.157 [docker-java-stream--1813474869] DEBUG com.github.dockerjava.zerodep.shaded.org.apache.hc.client5.http.wire -- http-outgoing-2 << "[libx264 @ 0x55635e807580] i4 v,h,dc,ddl,ddr,vr,hd,vl,hu: 26% 25% 20%  4%  5%  4%  5%  4%  6%[\n]"
09:46:43.157 [docker-java-stream--1813474869] DEBUG com.github.dockerjava.zerodep.shaded.org.apache.hc.client5.http.wire -- http-outgoing-2 << "[libx264 @ 0x55635e807580] Weighted P-Frames: Y:0.0% UV:0.0%[\n]"
09:46:43.157 [docker-java-stream--1813474869] DEBUG com.github.dockerjava.zerodep.shaded.org.apache.hc.client5.http.wire -- http-outgoing-2 << "[libx264 @ 0x55635e807580] ref P L0: 55.3%  7.3% 35.7%  1.7%[\n]"
09:46:43.157 [docker-java-stream--1813474869] DEBUG com.github.dockerjava.zerodep.shaded.org.apache.hc.client5.http.wire -- http-outgoing-2 << "[libx264 @ 0x55635e807580] ref B L0: 55.8% 44.1%  0.2%[\n]"
09:46:43.157 [docker-java-stream--1813474869] DEBUG com.github.dockerjava.zerodep.shaded.org.apache.hc.client5.http.wire -- http-outgoing-2 << "[libx264 @ 0x55635e807580] ref B L1: 98.2%  1.8%[\n]"
09:46:43.157 [docker-java-stream--1813474869] DEBUG com.github.dockerjava.zerodep.shaded.org.apache.hc.client5.http.wire -- http-outgoing-2 << "[libx264 @ 0x55635e807580] kb/s:41.74[\n]"
09:46:43.157 [docker-java-stream--1813474869] DEBUG com.github.dockerjava.zerodep.shaded.org.apache.hc.client5.http.wire -- http-outgoing-2 << "[\r][\n]"
09:46:43.207 [docker-java-stream--1813474869] DEBUG com.github.dockerjava.zerodep.shaded.org.apache.hc.client5.http.wire -- http-outgoing-2 << "0[\r][\n]"
09:46:43.207 [docker-java-stream--1813474869] DEBUG com.github.dockerjava.zerodep.shaded.org.apache.hc.client5.http.wire -- http-outgoing-2 << "[\r][\n]"
09:46:43.208 [docker-java-stream--1813474869] DEBUG com.github.dockerjava.zerodep.shaded.org.apache.hc.client5.http.impl.classic.InternalHttpClient -- ep-0000001D: releasing valid endpoint
09:46:43.208 [docker-java-stream--1813474869] DEBUG com.github.dockerjava.zerodep.shaded.org.apache.hc.client5.http.impl.io.PoolingHttpClientConnectionManager -- ep-0000001D: releasing endpoint
09:46:43.208 [docker-java-stream--1813474869] DEBUG com.github.dockerjava.zerodep.shaded.org.apache.hc.client5.http.impl.io.PoolingHttpClientConnectionManager -- ep-0000001D: connection http-outgoing-2 can be kept alive for 3 MINUTES
09:46:43.208 [docker-java-stream--1813474869] DEBUG com.github.dockerjava.zerodep.shaded.org.apache.hc.client5.http.impl.io.PoolingHttpClientConnectionManager -- ep-0000001D: connection released [route: {}->npipe://localhost:2375][total available: 1; route allocated: 1 of 2147483647; total allocated: 1 of 2147483647]
09:46:43.208 [main] DEBUG org.testcontainers.shaded.com.github.dockerjava.core.command.AbstrDockerCmd -- Cmd: d71f134ee99e4254f0a671b22c424f02cc61056df247c2ad87eecbd517a2166e
09:46:43.209 [main] DEBUG org.testcontainers.shaded.com.github.dockerjava.core.exec.InspectExecCmdExec -- GET: DefaultWebTarget{path=[/exec/d71f134ee99e4254f0a671b22c424f02cc61056df247c2ad87eecbd517a2166e/json], queryParams={}}
09:46:43.210 [main] DEBUG com.github.dockerjava.zerodep.shaded.org.apache.hc.client5.http.impl.classic.InternalHttpClient -- ex-0000001F: preparing request execution
09:46:43.210 [main] DEBUG com.github.dockerjava.zerodep.shaded.org.apache.hc.client5.http.protocol.RequestAddCookies -- Cookie spec selected: strict
09:46:43.210 [main] DEBUG com.github.dockerjava.zerodep.shaded.org.apache.hc.client5.http.protocol.RequestAuthCache -- Auth cache not set in the context
09:46:43.210 [main] DEBUG com.github.dockerjava.zerodep.shaded.org.apache.hc.client5.http.impl.classic.ProtocolExec -- ex-0000001F: target auth state: UNCHALLENGED
09:46:43.210 [main] DEBUG com.github.dockerjava.zerodep.shaded.org.apache.hc.client5.http.impl.classic.ProtocolExec -- ex-0000001F: proxy auth state: UNCHALLENGED
09:46:43.210 [main] DEBUG com.github.dockerjava.zerodep.shaded.org.apache.hc.client5.http.impl.classic.ConnectExec -- ex-0000001F: acquiring connection with route {}->npipe://localhost:2375
09:46:43.210 [main] DEBUG com.github.dockerjava.zerodep.shaded.org.apache.hc.client5.http.impl.classic.InternalHttpClient -- ex-0000001F: acquiring endpoint (3 MINUTES)
09:46:43.210 [main] DEBUG com.github.dockerjava.zerodep.shaded.org.apache.hc.client5.http.impl.io.PoolingHttpClientConnectionManager -- ex-0000001F: endpoint lease request (3 MINUTES) [route: {}->npipe://localhost:2375][total available: 1; route allocated: 1 of 2147483647; total allocated: 1 of 2147483647]
09:46:43.210 [main] DEBUG com.github.dockerjava.zerodep.shaded.org.apache.hc.client5.http.impl.io.PoolingHttpClientConnectionManager -- ex-0000001F: endpoint leased [route: {}->npipe://localhost:2375][total available: 0; route allocated: 1 of 2147483647; total allocated: 1 of 2147483647]
09:46:43.210 [main] DEBUG com.github.dockerjava.zerodep.shaded.org.apache.hc.client5.http.impl.io.PoolingHttpClientConnectionManager -- ex-0000001F: acquired ep-0000001E
09:46:43.210 [main] DEBUG com.github.dockerjava.zerodep.shaded.org.apache.hc.client5.http.impl.classic.InternalHttpClient -- ex-0000001F: acquired endpoint ep-0000001E
09:46:43.210 [main] DEBUG com.github.dockerjava.zerodep.shaded.org.apache.hc.client5.http.impl.classic.MainClientExec -- ex-0000001F: executing GET /v1.32/exec/d71f134ee99e4254f0a671b22c424f02cc61056df247c2ad87eecbd517a2166e/json HTTP/1.1
09:46:43.210 [main] DEBUG com.github.dockerjava.zerodep.shaded.org.apache.hc.client5.http.impl.classic.InternalHttpClient -- ep-0000001E: start execution ex-0000001F
09:46:43.210 [main] DEBUG com.github.dockerjava.zerodep.shaded.org.apache.hc.client5.http.impl.io.PoolingHttpClientConnectionManager -- ep-0000001E: executing exchange ex-0000001F over http-outgoing-2
09:46:43.211 [main] DEBUG com.github.dockerjava.zerodep.shaded.org.apache.hc.client5.http.headers -- http-outgoing-2 >> GET /v1.32/exec/d71f134ee99e4254f0a671b22c424f02cc61056df247c2ad87eecbd517a2166e/json HTTP/1.1
09:46:43.211 [main] DEBUG com.github.dockerjava.zerodep.shaded.org.apache.hc.client5.http.headers -- http-outgoing-2 >> accept: application/json
09:46:43.211 [main] DEBUG com.github.dockerjava.zerodep.shaded.org.apache.hc.client5.http.headers -- http-outgoing-2 >> x-tc-sid: bfc2ed12-23ce-401f-a1df-f57c73ebd58a
09:46:43.211 [main] DEBUG com.github.dockerjava.zerodep.shaded.org.apache.hc.client5.http.headers -- http-outgoing-2 >> User-Agent: tc-java/1.19.3
09:46:43.211 [main] DEBUG com.github.dockerjava.zerodep.shaded.org.apache.hc.client5.http.headers -- http-outgoing-2 >> Accept-Encoding: gzip, x-gzip, deflate
09:46:43.211 [main] DEBUG com.github.dockerjava.zerodep.shaded.org.apache.hc.client5.http.headers -- http-outgoing-2 >> Host: localhost:2375
09:46:43.211 [main] DEBUG com.github.dockerjava.zerodep.shaded.org.apache.hc.client5.http.headers -- http-outgoing-2 >> Connection: keep-alive
09:46:43.211 [main] DEBUG com.github.dockerjava.zerodep.shaded.org.apache.hc.client5.http.wire -- http-outgoing-2 >> "GET /v1.32/exec/d71f134ee99e4254f0a671b22c424f02cc61056df247c2ad87eecbd517a2166e/json HTTP/1.1[\r][\n]"
09:46:43.211 [main] DEBUG com.github.dockerjava.zerodep.shaded.org.apache.hc.client5.http.wire -- http-outgoing-2 >> "accept: application/json[\r][\n]"
09:46:43.211 [main] DEBUG com.github.dockerjava.zerodep.shaded.org.apache.hc.client5.http.wire -- http-outgoing-2 >> "x-tc-sid: bfc2ed12-23ce-401f-a1df-f57c73ebd58a[\r][\n]"
09:46:43.211 [main] DEBUG com.github.dockerjava.zerodep.shaded.org.apache.hc.client5.http.wire -- http-outgoing-2 >> "User-Agent: tc-java/1.19.3[\r][\n]"
09:46:43.211 [main] DEBUG com.github.dockerjava.zerodep.shaded.org.apache.hc.client5.http.wire -- http-outgoing-2 >> "Accept-Encoding: gzip, x-gzip, deflate[\r][\n]"
09:46:43.211 [main] DEBUG com.github.dockerjava.zerodep.shaded.org.apache.hc.client5.http.wire -- http-outgoing-2 >> "Host: localhost:2375[\r][\n]"
09:46:43.211 [main] DEBUG com.github.dockerjava.zerodep.shaded.org.apache.hc.client5.http.wire -- http-outgoing-2 >> "Connection: keep-alive[\r][\n]"
09:46:43.211 [main] DEBUG com.github.dockerjava.zerodep.shaded.org.apache.hc.client5.http.wire -- http-outgoing-2 >> "[\r][\n]"
09:46:43.218 [main] DEBUG com.github.dockerjava.zerodep.shaded.org.apache.hc.client5.http.wire -- http-outgoing-2 << "HTTP/1.1 200 OK[\r][\n]"
09:46:43.219 [main] DEBUG com.github.dockerjava.zerodep.shaded.org.apache.hc.client5.http.wire -- http-outgoing-2 << "Api-Version: 1.47[\r][\n]"
09:46:43.219 [main] DEBUG com.github.dockerjava.zerodep.shaded.org.apache.hc.client5.http.wire -- http-outgoing-2 << "Content-Type: application/json[\r][\n]"
09:46:43.219 [main] DEBUG com.github.dockerjava.zerodep.shaded.org.apache.hc.client5.http.wire -- http-outgoing-2 << "Date: Fri, 02 May 2025 07:46:43 GMT[\r][\n]"
09:46:43.219 [main] DEBUG com.github.dockerjava.zerodep.shaded.org.apache.hc.client5.http.wire -- http-outgoing-2 << "Docker-Experimental: false[\r][\n]"
09:46:43.219 [main] DEBUG com.github.dockerjava.zerodep.shaded.org.apache.hc.client5.http.wire -- http-outgoing-2 << "Ostype: linux[\r][\n]"
09:46:43.219 [main] DEBUG com.github.dockerjava.zerodep.shaded.org.apache.hc.client5.http.wire -- http-outgoing-2 << "Server: Docker/27.5.1 (linux)[\r][\n]"
09:46:43.219 [main] DEBUG com.github.dockerjava.zerodep.shaded.org.apache.hc.client5.http.wire -- http-outgoing-2 << "Transfer-Encoding: chunked[\r][\n]"
09:46:43.219 [main] DEBUG com.github.dockerjava.zerodep.shaded.org.apache.hc.client5.http.wire -- http-outgoing-2 << "[\r][\n]"
09:46:43.219 [main] DEBUG com.github.dockerjava.zerodep.shaded.org.apache.hc.client5.http.headers -- http-outgoing-2 << HTTP/1.1 200 OK
09:46:43.219 [main] DEBUG com.github.dockerjava.zerodep.shaded.org.apache.hc.client5.http.headers -- http-outgoing-2 << Api-Version: 1.47
09:46:43.219 [main] DEBUG com.github.dockerjava.zerodep.shaded.org.apache.hc.client5.http.headers -- http-outgoing-2 << Content-Type: application/json
09:46:43.219 [main] DEBUG com.github.dockerjava.zerodep.shaded.org.apache.hc.client5.http.headers -- http-outgoing-2 << Date: Fri, 02 May 2025 07:46:43 GMT
09:46:43.219 [main] DEBUG com.github.dockerjava.zerodep.shaded.org.apache.hc.client5.http.headers -- http-outgoing-2 << Docker-Experimental: false
09:46:43.219 [main] DEBUG com.github.dockerjava.zerodep.shaded.org.apache.hc.client5.http.headers -- http-outgoing-2 << Ostype: linux
09:46:43.219 [main] DEBUG com.github.dockerjava.zerodep.shaded.org.apache.hc.client5.http.headers -- http-outgoing-2 << Server: Docker/27.5.1 (linux)
09:46:43.219 [main] DEBUG com.github.dockerjava.zerodep.shaded.org.apache.hc.client5.http.headers -- http-outgoing-2 << Transfer-Encoding: chunked
09:46:43.220 [main] DEBUG com.github.dockerjava.zerodep.shaded.org.apache.hc.client5.http.impl.classic.MainClientExec -- ex-0000001F: connection can be kept alive for 3 MINUTES
09:46:43.225 [main] DEBUG com.github.dockerjava.zerodep.shaded.org.apache.hc.client5.http.wire -- http-outgoing-2 << "1a9[\r][\n]"
09:46:43.225 [main] DEBUG com.github.dockerjava.zerodep.shaded.org.apache.hc.client5.http.wire -- http-outgoing-2 << "{"ID":"d71f134ee99e4254f0a671b22c424f02cc61056df247c2ad87eecbd517a2166e","Running":false,"ExitCode":0,"ProcessConfig":{"tty":false,"entrypoint":"ffmpeg","arguments":["-i","/screen.flv","-vcodec","libx264","/newScreen.flv"],"privileged":false},"OpenStdin":false,"OpenStderr":true,"OpenStdout":true,"CanRemove":false,"ContainerID":"97e7ea18bb67ea513dac811eeb33380abfe4258bada5cedf68fc3ea86d7fd30b","DetachKeys":"","Pid":19113}[\n]"
09:46:43.225 [main] DEBUG com.github.dockerjava.zerodep.shaded.org.apache.hc.client5.http.wire -- http-outgoing-2 << "[\r][\n]"
09:46:43.225 [main] DEBUG com.github.dockerjava.zerodep.shaded.org.apache.hc.client5.http.wire -- http-outgoing-2 << "0[\r][\n]"
09:46:43.225 [main] DEBUG com.github.dockerjava.zerodep.shaded.org.apache.hc.client5.http.wire -- http-outgoing-2 << "[\r][\n]"
09:46:43.229 [main] DEBUG com.github.dockerjava.zerodep.shaded.org.apache.hc.client5.http.impl.classic.InternalHttpClient -- ep-0000001E: releasing valid endpoint
09:46:43.230 [main] DEBUG com.github.dockerjava.zerodep.shaded.org.apache.hc.client5.http.impl.io.PoolingHttpClientConnectionManager -- ep-0000001E: releasing endpoint
09:46:43.230 [main] DEBUG com.github.dockerjava.zerodep.shaded.org.apache.hc.client5.http.impl.io.PoolingHttpClientConnectionManager -- ep-0000001E: connection http-outgoing-2 can be kept alive for 3 MINUTES
09:46:43.230 [main] DEBUG com.github.dockerjava.zerodep.shaded.org.apache.hc.client5.http.impl.io.PoolingHttpClientConnectionManager -- ep-0000001E: connection released [route: {}->npipe://localhost:2375][total available: 1; route allocated: 1 of 2147483647; total allocated: 1 of 2147483647]
09:46:43.256 [main] DEBUG org.testcontainers.shaded.com.github.dockerjava.core.command.AbstrDockerCmd -- Cmd: 97e7ea18bb67ea513dac811eeb33380abfe4258bada5cedf68fc3ea86d7fd30b,.,/newScreen.flv
09:46:43.262 [main] DEBUG com.github.dockerjava.zerodep.shaded.org.apache.hc.client5.http.impl.classic.InternalHttpClient -- ex-00000020: preparing request execution
09:46:43.263 [main] DEBUG com.github.dockerjava.zerodep.shaded.org.apache.hc.client5.http.protocol.RequestAddCookies -- Cookie spec selected: strict
09:46:43.263 [main] DEBUG com.github.dockerjava.zerodep.shaded.org.apache.hc.client5.http.protocol.RequestAuthCache -- Auth cache not set in the context
09:46:43.263 [main] DEBUG com.github.dockerjava.zerodep.shaded.org.apache.hc.client5.http.impl.classic.ProtocolExec -- ex-00000020: target auth state: UNCHALLENGED
09:46:43.263 [main] DEBUG com.github.dockerjava.zerodep.shaded.org.apache.hc.client5.http.impl.classic.ProtocolExec -- ex-00000020: proxy auth state: UNCHALLENGED
09:46:43.263 [main] DEBUG com.github.dockerjava.zerodep.shaded.org.apache.hc.client5.http.impl.classic.ConnectExec -- ex-00000020: acquiring connection with route {}->npipe://localhost:2375
09:46:43.263 [main] DEBUG com.github.dockerjava.zerodep.shaded.org.apache.hc.client5.http.impl.classic.InternalHttpClient -- ex-00000020: acquiring endpoint (3 MINUTES)
09:46:43.263 [main] DEBUG com.github.dockerjava.zerodep.shaded.org.apache.hc.client5.http.impl.io.PoolingHttpClientConnectionManager -- ex-00000020: endpoint lease request (3 MINUTES) [route: {}->npipe://localhost:2375][total available: 1; route allocated: 1 of 2147483647; total allocated: 1 of 2147483647]
09:46:43.264 [main] DEBUG com.github.dockerjava.zerodep.shaded.org.apache.hc.client5.http.impl.io.PoolingHttpClientConnectionManager -- ex-00000020: endpoint leased [route: {}->npipe://localhost:2375][total available: 0; route allocated: 1 of 2147483647; total allocated: 1 of 2147483647]
09:46:43.266 [main] DEBUG com.github.dockerjava.zerodep.shaded.org.apache.hc.client5.http.impl.io.PoolingHttpClientConnectionManager -- ex-00000020: acquired ep-0000001F
09:46:43.267 [main] DEBUG com.github.dockerjava.zerodep.shaded.org.apache.hc.client5.http.impl.classic.InternalHttpClient -- ex-00000020: acquired endpoint ep-0000001F
09:46:43.267 [main] DEBUG com.github.dockerjava.zerodep.shaded.org.apache.hc.client5.http.impl.classic.MainClientExec -- ex-00000020: executing GET /v1.32/containers/97e7ea18bb67ea513dac811eeb33380abfe4258bada5cedf68fc3ea86d7fd30b/archive?path=%2FnewScreen.flv HTTP/1.1
09:46:43.267 [main] DEBUG com.github.dockerjava.zerodep.shaded.org.apache.hc.client5.http.impl.classic.InternalHttpClient -- ep-0000001F: start execution ex-00000020
09:46:43.267 [main] DEBUG com.github.dockerjava.zerodep.shaded.org.apache.hc.client5.http.impl.io.PoolingHttpClientConnectionManager -- ep-0000001F: executing exchange ex-00000020 over http-outgoing-2
09:46:43.268 [main] DEBUG com.github.dockerjava.zerodep.shaded.org.apache.hc.client5.http.headers -- http-outgoing-2 >> GET /v1.32/containers/97e7ea18bb67ea513dac811eeb33380abfe4258bada5cedf68fc3ea86d7fd30b/archive?path=%2FnewScreen.flv HTTP/1.1
09:46:43.268 [main] DEBUG com.github.dockerjava.zerodep.shaded.org.apache.hc.client5.http.headers -- http-outgoing-2 >> accept: application/x-tar
09:46:43.268 [main] DEBUG com.github.dockerjava.zerodep.shaded.org.apache.hc.client5.http.headers -- http-outgoing-2 >> x-tc-sid: bfc2ed12-23ce-401f-a1df-f57c73ebd58a
09:46:43.268 [main] DEBUG com.github.dockerjava.zerodep.shaded.org.apache.hc.client5.http.headers -- http-outgoing-2 >> User-Agent: tc-java/1.19.3
09:46:43.268 [main] DEBUG com.github.dockerjava.zerodep.shaded.org.apache.hc.client5.http.headers -- http-outgoing-2 >> Accept-Encoding: gzip, x-gzip, deflate
09:46:43.268 [main] DEBUG com.github.dockerjava.zerodep.shaded.org.apache.hc.client5.http.headers -- http-outgoing-2 >> Host: localhost:2375
09:46:43.268 [main] DEBUG com.github.dockerjava.zerodep.shaded.org.apache.hc.client5.http.headers -- http-outgoing-2 >> Connection: keep-alive
09:46:43.268 [main] DEBUG com.github.dockerjava.zerodep.shaded.org.apache.hc.client5.http.wire -- http-outgoing-2 >> "GET /v1.32/containers/97e7ea18bb67ea513dac811eeb33380abfe4258bada5cedf68fc3ea86d7fd30b/archive?path=%2FnewScreen.flv HTTP/1.1[\r][\n]"
09:46:43.268 [main] DEBUG com.github.dockerjava.zerodep.shaded.org.apache.hc.client5.http.wire -- http-outgoing-2 >> "accept: application/x-tar[\r][\n]"
09:46:43.268 [main] DEBUG com.github.dockerjava.zerodep.shaded.org.apache.hc.client5.http.wire -- http-outgoing-2 >> "x-tc-sid: bfc2ed12-23ce-401f-a1df-f57c73ebd58a[\r][\n]"
09:46:43.269 [main] DEBUG com.github.dockerjava.zerodep.shaded.org.apache.hc.client5.http.wire -- http-outgoing-2 >> "User-Agent: tc-java/1.19.3[\r][\n]"
09:46:43.271 [main] DEBUG com.github.dockerjava.zerodep.shaded.org.apache.hc.client5.http.wire -- http-outgoing-2 >> "Accept-Encoding: gzip, x-gzip, deflate[\r][\n]"
09:46:43.271 [main] DEBUG com.github.dockerjava.zerodep.shaded.org.apache.hc.client5.http.wire -- http-outgoing-2 >> "Host: localhost:2375[\r][\n]"
09:46:43.271 [main] DEBUG com.github.dockerjava.zerodep.shaded.org.apache.hc.client5.http.wire -- http-outgoing-2 >> "Connection: keep-alive[\r][\n]"
09:46:43.271 [main] DEBUG com.github.dockerjava.zerodep.shaded.org.apache.hc.client5.http.wire -- http-outgoing-2 >> "[\r][\n]"
09:46:43.307 [main] DEBUG com.github.dockerjava.zerodep.shaded.org.apache.hc.client5.http.wire -- http-outgoing-2 << "HTTP/1.1 200 OK[\r][\n]"
09:46:43.308 [main] DEBUG com.github.dockerjava.zerodep.shaded.org.apache.hc.client5.http.wire -- http-outgoing-2 << "Api-Version: 1.47[\r][\n]"
09:46:43.308 [main] DEBUG com.github.dockerjava.zerodep.shaded.org.apache.hc.client5.http.wire -- http-outgoing-2 << "Content-Encoding: gzip[\r][\n]"
09:46:43.308 [main] DEBUG com.github.dockerjava.zerodep.shaded.org.apache.hc.client5.http.wire -- http-outgoing-2 << "Content-Type: application/x-tar[\r][\n]"
09:46:43.308 [main] DEBUG com.github.dockerjava.zerodep.shaded.org.apache.hc.client5.http.wire -- http-outgoing-2 << "Date: Fri, 02 May 2025 07:46:43 GMT[\r][\n]"
09:46:43.308 [main] DEBUG com.github.dockerjava.zerodep.shaded.org.apache.hc.client5.http.wire -- http-outgoing-2 << "Docker-Experimental: false[\r][\n]"
09:46:43.308 [main] DEBUG com.github.dockerjava.zerodep.shaded.org.apache.hc.client5.http.wire -- http-outgoing-2 << "Ostype: linux[\r][\n]"
09:46:43.308 [main] DEBUG com.github.dockerjava.zerodep.shaded.org.apache.hc.client5.http.wire -- http-outgoing-2 << "Server: Docker/27.5.1 (linux)[\r][\n]"
09:46:43.308 [main] DEBUG com.github.dockerjava.zerodep.shaded.org.apache.hc.client5.http.wire -- http-outgoing-2 << "X-Docker-Container-Path-Stat: eyJuYW1lIjoibmV3U2NyZWVuLmZsdiIsInNpemUiOjIyNjMzMSwibW9kZSI6NDIwLCJtdGltZSI6IjIwMjUtMDUtMDJUMDc6NDY6NDMuMTQyNzM0NTU5WiIsImxpbmtUYXJnZXQiOiIifQ==[\r][\n]"
09:46:43.308 [main] DEBUG com.github.dockerjava.zerodep.shaded.org.apache.hc.client5.http.wire -- http-outgoing-2 << "Transfer-Encoding: chunked[\r][\n]"
09:46:43.308 [main] DEBUG com.github.dockerjava.zerodep.shaded.org.apache.hc.client5.http.wire -- http-outgoing-2 << "[\r][\n]"
09:46:43.308 [main] DEBUG com.github.dockerjava.zerodep.shaded.org.apache.hc.client5.http.headers -- http-outgoing-2 << HTTP/1.1 200 OK
09:46:43.308 [main] DEBUG com.github.dockerjava.zerodep.shaded.org.apache.hc.client5.http.headers -- http-outgoing-2 << Api-Version: 1.47
09:46:43.308 [main] DEBUG com.github.dockerjava.zerodep.shaded.org.apache.hc.client5.http.headers -- http-outgoing-2 << Content-Encoding: gzip
09:46:43.308 [main] DEBUG com.github.dockerjava.zerodep.shaded.org.apache.hc.client5.http.headers -- http-outgoing-2 << Content-Type: application/x-tar
09:46:43.308 [main] DEBUG com.github.dockerjava.zerodep.shaded.org.apache.hc.client5.http.headers -- http-outgoing-2 << Date: Fri, 02 May 2025 07:46:43 GMT
09:46:43.308 [main] DEBUG com.github.dockerjava.zerodep.shaded.org.apache.hc.client5.http.headers -- http-outgoing-2 << Docker-Experimental: false
09:46:43.308 [main] DEBUG com.github.dockerjava.zerodep.shaded.org.apache.hc.client5.http.headers -- http-outgoing-2 << Ostype: linux
09:46:43.308 [main] DEBUG com.github.dockerjava.zerodep.shaded.org.apache.hc.client5.http.headers -- http-outgoing-2 << Server: Docker/27.5.1 (linux)
09:46:43.308 [main] DEBUG com.github.dockerjava.zerodep.shaded.org.apache.hc.client5.http.headers -- http-outgoing-2 << X-Docker-Container-Path-Stat: eyJuYW1lIjoibmV3U2NyZWVuLmZsdiIsInNpemUiOjIyNjMzMSwibW9kZSI6NDIwLCJtdGltZSI6IjIwMjUtMDUtMDJUMDc6NDY6NDMuMTQyNzM0NTU5WiIsImxpbmtUYXJnZXQiOiIifQ==
09:46:43.308 [main] DEBUG com.github.dockerjava.zerodep.shaded.org.apache.hc.client5.http.headers -- http-outgoing-2 << Transfer-Encoding: chunked
09:46:43.308 [main] DEBUG com.github.dockerjava.zerodep.shaded.org.apache.hc.client5.http.impl.classic.MainClientExec -- ex-00000020: connection can be kept alive for 3 MINUTES
09:46:43.325 [main] DEBUG com.github.dockerjava.zerodep.shaded.org.apache.hc.client5.http.wire -- http-outgoing-2 << "8000[\r][\n]"
09:46:43.325 [main] DEBUG com.github.dockerjava.zerodep.shaded.org.apache.hc.client5.http.wire -- http-outgoing-2 << "[0x1f][0xffffff8b][0x8][0x0][0x0][0x0][0x0][0x0][0x0][0xffffffff][0xffffffd4][0xfffffffd][0x5]XT{[0xffffffd7][0xffffffff][0x1]o[0xffffffba]C[0xffffffba][0x19]B[0xffffff94][0xffffff90]n[0x18][0xffffffba];[0xffffff95]Pz[0xffffffe8][0xffffffee]N[0x9][0x1])[0xffffffe9][0xe][0xffffff91][0x14][0x4]A@@Z[0xffffffba]$[0xffffffa4][0xffffffa4]$[0xffffffa5][0xffffffbb][0xffffffe1][0xffffffbd][0xfffffff4][0xfffffff6][0xffffffdc][0xffffffb7][0xffffff87][0xffffffe7]y[0xffffffde][0xffffffff][0xffffffb9][0xffffffcf][0x1][0xffffffaf][0xfffffff7][0xffffff9d]k.f[0xffffffdc]3{[0xffffffed][0xffffffd9][0xffffffeb][0xffffffb7]~k[0x7f]~k[0xffffffbe][0xffffffb3][0xffffffb4][0xffffff86][0xffffffb8][0xffffffa8][0x1a][0xffffffda]C [0xffffffd6][0xffffff8c][0xffffffc6][0xffffff96][0xffffffce][0xffffffc0][0xffffffed][0xffffffdc][0xffffff98][0xffffff99][0xffffff99][0xffffff99]9[0xffffffd9][0xffffffd9][0x7f]<233[0xffffffff][0xfffffff9][0xffffff91][0xffffff93][0xffffff8b][0xffffff95][0xffffff99][0xffffff8d][\r]`[0xffffffe1]`f[0xffffffe6]`[0xffffffe6]bgag[0x3][0xffffff98]YX[0xffffffb8]X[0xffffff99][0x1][0x10][0xfffffff3]-}[0xffffff9e]?[0xffffffdd][0xffffff9c][0x1c][0x1c][0xfffffff5][0xffffffed][0x1][0xffffffe6][0x7f]|[0xffffffac][0xffffffeb]'[0xfffffff7][0xffffffff]'7[0x9][0xffffffb9][0xffffff87]PP[0x0][0x0] }[0xffffffff][0x7][0x16][0x0]T[0xffffffff][0xffffffdc][0xe][\r] [0xffffffdb]X[0xffffffcb]C[0x1c][0xfffffff5][0xffffffc5][0xfffffff4][0x1d][0xfffffff5][0x11][0x1][0x0]@[0x4][0x10][0xffffff8d][0xffffff9c][0xffffffec][0xfffffff5][0x1d][0xffffffcd]l[0xffffffac][0x1]!Q[0xffffffe3][0x1f]7[0x0][0xffffffce][0xffffffc5][0xffffffcc][0xffffffc8][0xffffffd1][0x14][0x10][0xffffff8a][0xfffffff3][0xfffffffd][0xffffffd7]^[0xfffffff0][0xffffffa6][0x10]3[0x13]SG@([0xffffffea][0xffffffa7][0x19]4g3#[0xffffff88][0xffffff8d][0xffffff91][0xffffffbe][0xffffffa3][0xffffffbe][0xffffffbd][0xffffffbe]#[0xffffffe4]?[0xffffff87]E2[0xffffffb6][0xffffffd7][0xffffffb7][0xffffff82][0xfffffffc][0xffffffd8]&$[0xfffffff0]s[0x1b][0xffffffea][0xffffff8f][0xfffffff7][0x1a][0xffffffda][0x18]A[0xc][0xffffffcd][0xffffff8c][0x0]![0xffffff92][0xffffff9f][0xffffff9b][0x11] [0xffffffd6][0xffffffdf][0xffffffb7][0xffffffd9]C[0x3]hr[0xfffffffa][0xffffffce][0xffffffc6][0x1c][0xffffffdc][0xffffff8c][0xffffffac][0xffffffcc][0xffffff8c],[0xffffffcc][0xffffffcc][0x0][0xffffffa2][0xffffffb1][0xffffff99]%[0xffffffc4][0xffffffc1][0xffffffcc][0x1d][0x2][0x8][0xffffffa3]d[0xffffff8e][0xfffffffd][0xffffffb4][0xb][0x0]@[0xb][0x12][0x0]<[0xfffffff8][0xffffffb9]3[0xfffffffe][0xfffffff7]?P[0xfffffffb][0xffffffc0][0xfffffffd][0xffffffab]9[0xffffff80][0xffffffc0]d[0x1f][0xffffffb8][0x1f][0xffffff9d]r[0x1f][0xffffffb9]Qh[0xffffffc0][0x17][0x0]`[0x0]_[0x0] C[0x8]'[0xffffffe8][0xffffff86][0x2][0xffffffe0]L[0xffffffd7][0xffffffbe][0xffffffb6]J[0x1][0x0][0xffffffc0][0xffffff8d][0x4][0xffffffc0]R[0xfffffffe][0xffffffb1]/[0x14][0x0][0xffffff88][0x2][0x0]t[0x9]<[0xffffffdc][0xffffffd5]U[0xffffffe1][0xffffff94][0xfffffff8]j[0xfffffffd][0xffffffd2][0xffffffb8]TU<[0xffffffc3][0x18]h[0xffffff9c]js[0xffffffcb][0xffffff95][0xffffff95][0xffffff93][0x1d][0xfffffff4][0x0]dhc[0xf][0x1][0xffffffb1]pp[0xffffff80][0xffffffec]YyX[0xffffffb8]@[0xffffffcc][0xfffffffa][0xffffffdc][0xffffffec]F<[0xffffffdc][0xffffffa0][0x7] )FVNv&y%q[0xffffffc9][0x7][0xffffffec] [0xffffffe1][0xffffff87][0xffffffa2][0xffffffa0][0x1f]'[0x6]z[0x0][0x12][0xffffffb5][0xffffffb1]u[0xffffffb3][0xffffff84][0x18];[0xffffff82]X[0xffffff99][0xffffff99][0xffffffd9][0x1e][0xffffffb0]2[0xffffffb3]|[0x7f][0xffffffb7][0xffffffa9][0xffffffa3][0xffffffa3]-/[0x13][0xffffff93][0xffffff8b][0xffffff8b][0xb][0xffffffe3][0xf]/X[0xffffffea][3[0xffffffda][0xffffffd8][0xffffff9b]0}?[\n]"
09:46:43.325 [main] DEBUG com.github.dockerjava.zerodep.shaded.org.apache.hc.client5.http.wire -- http-outgoing-2 << "[0xffffffa3][0xffffffa9][0xffffffa3][0xffffff95]%[0xffffffe8][0x1][0xffffffc8][0xffffffc6][0xfffffff6][0xffffffbb][0xfffffff3][0x1d]xA[0xffffff86][0xfffffffa][0x6][0xfffffffa][0xffffff86]`[0x16][0xffffff90]=[0xffffffc4][0x18][0xffffffcc][0x6]2[0xffffff82][0x18]X[0xffffffda][0x18]Z[0xffffff80]Yx[0xffffff99]y[0xffffff99]A[0xfffffffa][0xffffffd6][0xfffffffa][0xffffff96]n[0xe][0x10]0[0xffffffb3]+[0xb]/[0xffffffb3]+[0xb][0xb][0xb][0xffffffc8][\n]"
09:46:43.325 [main] DEBUG com.github.dockerjava.zerodep.shaded.org.apache.hc.client5.http.wire -- http-outgoing-2 << "[0x2]6[0xffffff85][0xffffffb8][0xffffff82][0x1c][0xffffff9c][0xc][0xffffffac] `.[0xffffff90][0xffffffad][0xffffff83][0x1b][0xffffff98][0xffffffe5][0xfffffffb]_]{#0[0xb]#33/3#33[0xffffffc8][0xffffffca][0xffffffcc][0x15]b[0xffffffa4][0xfffffffb][0xffffffdd][0xffffffe2][0xfffffff7]=t[0xffffffed][0xfffffff5][0xffffffad]M `[0x16]N[0xffffff90][0xffffffa1][0xffffffa9][0xffffffbd][0xffffff8d][0xffffff95][0xffffffbe][0xffffffae][0x15][0x4][0xffffffcc][0x2]r[0xffffffb4][0xffffff87]XZ[0xffffff9a]9[0xffffff80]Y@[0xffffffdc][0xffffffae][0xffffffdc]F[0xffffff86][0xffffff8e]`f[0xffffff90][0xffffffa1][0xffffff9d][0x15][0xffffff98][0x19]d[0x4][0xffffffd1]7r[0xffffffb7][0xffffffb1][0xffffff86][0xffffff80]YY[0x18]XX@[0xffffffc6][0xfffffffa][0xe][0xffffff8e][0xffffffba][0xffffffb6][0xe][0x16]f[0xffffffb6]`[0xffffff96]?[0xc][0xffffffd8][0xffffffd9][0xffffffea][0xffffffda][0x18][0x1b];@[0x1c][0xffffffc1][0xffffffec] GS{[0xffffff88][0xffffffbe][0xffffff91][0x3][0xffffff98][0xffffff85][0x15]dicc[0xffffffa1]o[\n]"
09:46:43.325 [main] DEBUG com.github.dockerjava.zerodep.shaded.org.apache.hc.client5.http.wire -- http-outgoing-2 << "[0xffffffd1]7[0xffffffd2][0xfffffffd]c#+[0xffffffc8][0xffffffc1][0xffffffd2][0xffffffcc][0x10][0xfffffff2][0xffffff9f][\r][0xffffffcc] k[0xfffffffb][0x1f][0xffffffc7]04[0xffffffb3][0xffffffd2]w[0xfffffffc][0xfffffffe]9[0xffffffcc][0xffffffac][0x1d]![0xfffffff6][0xffffff96][0xfffffffa][0xffffff86][0x10]#03[0xffffffc8][0xffffffc0][0xffffffd2][0xffffffc9]^[0xffffffdf]M[0xffffffd7][0xffffffd0][0xffffffc6][0xffffffca]V[0xffffffff][0xffffffc7]'[0xffffffb2][0xffffffb1]vp[0xffffffb4][0xffffffd7]7[0xffffffb3][0xffffff86][0x18][0xffffffe9][0xffffff9a]Y;[0xffffffda][0xffffffeb][0x7f][0x7f][0xffffffcf][0xffffff8f]hs[0x0][0xffffffb3][0xffffff81][0xc]tm[0xffffffdd][0xffffffec][0xfffffff5][0xffffffad][0xffffffcc][0xffffff8c][0xffffffc0][0xffffffac] [0x3]]}#}[G0[0xb][0xffffffc8]@[0xffffffd7][0xffffffc0]L[0xffffffff][0xfffffffb][0xffffff91][0xffffff8c][0xffffffcc][0xffffffec]![0xffffff86][0xffffffdf][0xffffffb7][0xffffffb8][0xfffffffc][0xffffff88]c[0x3]0[0xb][0xffffffc8][0xffffffc6][0x16]b[0xffffffad]kbc[0xb]f[0xfffffffe][0xffffffb9][0xffffffd1][0x16][0xffffffcc][\n]"
09:46:43.325 [main] DEBUG com.github.dockerjava.zerodep.shaded.org.apache.hc.client5.http.wire -- http-outgoing-2 << "[0xffffffb2][0xffffff80][0xffffffb8][0xffffff99]Y;[0xffffff82]Y9[0xffffff98][0x7f]>[0xffffffd5][0xffffffb5]2[0xffffffb3][0x6][0xffffffb3]r[0xffffff80][0x1c][0xc]![0xffffffd6][0x10]C'G0;3[0xffffffe8][0xffffffc7][0xffffffd1][0xffffffbf][0xffffffbb][0xffffffd4][0x1e][0xffffffe2]`[\n]"
09:46:43.326 [main] DEBUG com.github.dockerjava.zerodep.shaded.org.apache.hc.client5.http.wire -- http-outgoing-2 << "f[0x6][0xffffffd9][0x1b][0xffffffea][0xfffffffe][0xfffffffb]t[0xffffffbf][0xffffffbf]no[0x8]6[0xffffffb4]7[0x6]Y[0x19]8[0xffffffda]C[0xffffffbe][0xffffff9f][0xffffff96][0xffffffa1][0xffffffbd]1[0xffffff98][0xffffff95][0xffffff8d][0xffffff91][0x19]d[0xfffffff7][0xfffffffd]d[0xffffffc0][0xffffffcc][0xffffff8c][0xffffff9c][0xffffffcc] ;[0xffffffdb][0xffffffef][0xffffff86][0x7f]<[0xffffffea][0xffffffbb][0xffffff82]9y@v[0xffffffb6][0xe][0xffffff8e][0x10][0;[0xffffffc8][0xffffffcc]V[0xfffffff7][0xffffffc7]l[0x4][0xffffffb3]0[0xffffffb2]3[0xffffff83][0xfffffff4][0xffffffed][0xffffffc0],[0xffffffbc][0xffffffdf]G[0xfffffff3]{PC[0xffffff99]@B[0xffffff9e][0x2]\W[0xffffff97][0xffffff87][0xffffffc1][0xffffffc7]8[0xffffffe3][0x1a][0xffffffd8][0xffffff97][0xffffff9a][\r][0x17]h>S[0xffffff91][0xffffff93][0xffffff91][0xffffffc5][0x17]v[0xffffff86][0x14][0xffffffb0]3Z[0xffffffa5][0x14]+[0xffffff8d][0xffffffdf]g[0xffffffc0][0xffffffaf]w[0xffffffd8][0x6][0xc]w[0xffffffa6][0x5][0xfffffff2]$[0xfffffff7]O[\r]Ft[0xb]k[0xffffffcf]c[0xffffffdf][0xfffffffc][0xfffffffa]2[0xc]}[0x8][0x0][0xffffffc4][0xffffffd3][0x1][0xffffff80][0xffffffe9]![0x0][0xffffffe4]m[0x3][0xffffffd0][0xfffffffe]B[0x0][0xffffffda]7[0x0][0x8]P[0x2][0xffffffe0]f[0x1]@[0x1b][0x0][0x10][0xffffffd1][0x0][0xffffffa0]S[0xf] [0xffffffb2][0x5][0xffffffa0]+[0xffffffae][0xffffffdb][0xfffffffe][0xfffffff7]=[0xffffffa0][0xffffffbc][0xffffffe7][0xffffffff]|[\r][0xffffff90][0xffffff90]Y[0xfffffff9][0xffffffbf]_[0xfffffffc][0xffffffff][0xffffffbd];[0x12][0xf][0x0][0xffffffc0]>@[0x2][0x0]^[0x0][0xfffffff8][0xffffff91]3[0xffffffee]A[0x1][0xffffffc0]+[0x0][0x0]X[0xffffff84][0xffffff93][0xffffffa9]-E}.[0xfffffff3][0xffffff9e][0xfffffffe]5S[0x1][0xffffffdf][0xffffffb3][0xffffffa7]8[0x12][0x0]p[0xfffffffd]H8[0xffffffff]2[0xfffffff4][0xfffffffd][0x9][0xffffffa3]p[0xffffffba][0xffffff88]k[0xffffffa0][0xffffffcf]_[0xffffffb3]b[0xffffffd9][0x4][0x0][0xffffff80][0xffffffc8][0xffffffbf][0xffffffac][0x18][0xfffffffd]a[0xffffffe5][0xfffffffb][0xffffff8d][0x11]*][0xffffffdf]Q[0xffffffe4]/Z[0x9][0xfffffff3][0xfffffffd][0xffffff8f][0xffffff95][0xffffffa0]?[0xffffffac]P[0xfffffffc][0xffffffcb][0xffffff8a][0xffffffa1][0xfffffff9]_[0xffffffb6][0xffffffe2][0xfffffff7][0xffffffd3][0xffffff8a][0x10][0x0][0xffffffe4][0xfffffffd]a[0xffffffe5][0xfffffffb][0x13].[0xffffffe1]dS[0xffffffe9]|a[0xffffffd3]$9D[0xffffff9b][0xffffffab][0xffffffbf][0xffffffee][0xffffffa0][0xffffffef][0xffffffe6]d[0xffffff91][0x0][0xffffff80][0x7][0x0]:~u[0x10][0xffffffb3]pz[0xffffff90][0xfffffff8][0x1d][0x6][0xfffffffa][0xffffffab][0xffffffff][0xffffffc2]Eb[0xffffffff]:[0xffffffb9]o[0xffffffd7]\[0xffffff94][0xfffffffb][0xffffffd7]][0xffffffe4][0xfffffff7]o[0x17]A[0xffffffa1]\sQ[0xffffffde]_w[0xffffffd1]OGS~[0x1][0xffffffa0][0x18]~q[0x11][0xffffffe5][0xffffffb0]pr[0xffffffb1]t[0xffffffbe][0xffffffb0][0xffffffe5][0xffffffff]t[0x11][0xffffffca][0x15]RK[0x0][0x1d][0xffffff80][0x3][0xffffff96][0xffffffe6][0xfffffff1][0xffffff8d][0xffffff98].[0xffffffb7]f[0xffffffd9][0xffffffe3][0xffffffb7][0xffffffd1][0xffffffae]U[0x2]0[0xffffffd9][0xfffffff7]M[0xffffffd4][0xffffffca][0xffffffa3]f>O[0xffffffaf]Z[0xffffffce][0xffffffd7][0xffffffd0][0xffffffb8]<[0xffffffba]RI+[0xffffffdd][0xfffffff6][0xffffffa7][0xffffff80][0xffffff89][0xc]r[0xffffff8e]fe[0x18][0xffffffc7][0xffffff9b][0xfffffffe][0xffffffaa][0xffffffc7][0xffffffa3]l[0xffffff98][0xffffff80]b[0xffffffc9]J8[0x6][0x7][0xffffffa5]>][0xfffffff9][0xffffffe8]^[0xffffffbc][0xfffffff6][0xffffffdc],[0xffffffdc][0xffffffd7][0xffffffe6][0xffffffe0][0xffffffc8][0xffffffa6][0xffffffac][0xffffffe5][0xffffff97][0xffffffff][0xffffffb2][0xf]E!Q[0xffffffdf][0xffffffbf]6[0xffffffc4]QZ[0xffffffce][0xfffffffb]M`[0x18]jrM[0xfffffff1][0x14][0xffffff9f][0xffffffa6][0xffffffb9][0xffffffc2][0xffffff90]ry [0xfffffff7]s[0xfffffffb]kC[0xffffff98][0xffffffd3]'V[0xffffffbc]A[0xffffff9b].[0xfffffff1]/[0xffffffa1]t0[0xffffffa6]T{[0xffffffa1][0x4][0x13]B[0xfffffff2][0xfffffff4][0xffffffd2]J+[0xffffff8e][0xffffffbb]J+[0xffffff9e][0xffffff91][[0x16][0xffffffa9][0xffffffbc]T[0x2][0xffffffce]f[0x19][0xffffffa7]/q[0xfffffffb][0x17][0xffffffbe][0xffffffaa][0x1a]dW[0xffffffbd][0xffffffa4]W[0xffffff8c][0x1]f[0xfffffff8][0xffffff80]X[0xffffffa3][0xffffffde]%T[0xfffffffc]I[0x1c]:[0xffffffd3][0x16]G2[0xffffffe5][0xffffffac][0xffffffed];+[0xfffffff5],[0xffffff9f]P[0xffffff9e][0xffffffdd]ii[0xffffffff][0xffffffd0][0xffffffbd]5[0xfffffffc]~[0xffffffaa][0xfffffffe][0xffffff91][0xffffffe9][0x10][0xffffffe1]I[0xffffff96][0xffffffad]e[0xffffff95][0xffffffc1][0x13][0xffffffc9]:[0xffffff8e]f[0xffffffbd][0xffffffe3][0xffffffec][0xffffff8b][0xfffffffe][0xffffffe4]/3[0xffffffc7][0xffffffa5][0xffffffa4]Q[0xffffffa9][0xffffffae][0xffffffd3]C{[0xffffffe7]8[0xffffffb2][0xffffff99][0xffffffe1][0xfffffff8][0xfffffff4]l[0xffffffa2]5[0xffffff9e][0xfffffff3]d![0xffffffd4][0xffffff93][0xfffffff2][0xffffffa0]E-Fu[0x16][0xffffffbf]o[0xffffff9a][0xffffffab][0x13][0xfffffff6]D[0xfffffffd][0xffffffac][0xffffff92][0xffffff97][0xffffff87][0xfffffff4]j[0xffffffda][0xffffffa1]o[0x0][0x11]I[0xfffffffa] c[0xffffffc3],Kf[0x1b]0[0xffffffef][0xffffffc4][0xffffffbe]_S[0x1b]2[0xffffffab]/[0xffffffe7][0xffffffb9][0xffffffae][0xffffffe6]T]1[0xffffffb4]D[0x5][0xffffffdb]WW[0xffffffc2]([0xffffffd8][0xffffffe7][0xffffff9e]r[0x8]d[0xb][0xffffff86][0xffffff90];O/[0xfffffff0][0xffffffa2]Mz[0xffffffec][0xffffffcf][0xffffffd4][0xffffffdf]>[0xffffffd3]@[0xfffffff4].[0xffffff80][0x7f][0xffffffc6][0xe][0xffffffc7]@I[0xffffffe6][0xffffffb3][0xffffffce][0x14][0xffffffc4][0xffffffda]Ku[0xffffff9c][0xffffffb7]b[0xffffffec]1j[0xffffff92]DJ*[0xffffffe8][0x1b][0xffffffe6]E[0xffffff96][0xffffff8a]s|[0x17][0xffffffab][0x13][0xffffffb7],e[0xffffffd9]fM[0xffffffef][0x1d][0xffffffdb][0xffffffa9]}Q[0xffffffc3][0xffffffe0][0xffffffa5]9[0xffffffbc][0x7f][0xffffffc2][0xffffffe3][0xffffffa3][0xffffff85][0x4]U[0xffffffb3][0xffffffe2][0xfffffffa][0xffffffee]w[0x1e]e0[0x17][0xffffffd6]O[0x12]?3?![0xffffffb4][0xffffffa3][0xffffffe0]v[0xffffffec][0xffffffb5][0xfffffff7][0xffffffba],[0xffffff9c][0xffffffa0][0xffffffc2]Q`b[0xffffffb8][0xffffff8f]c[0xffffffd1][0xffffffde][0xffffff8b]7[0x14][0xffffffc5]6k[0xffffff88]([0xffffffa3][0xffffffe7][0xffffffe5][0xffffffe9][0xffffffdd]u[0xfffffff5]VZ[0xfffffff4]i}[0xffffff87][0xffffff83][0xffffff99]g[0xffffff84][0xffffffb6]>l[0x7][0x9][0xffffffb4][0xffffffc4][0xffffffb3][0xfffffff8]xx[0xffffff84][0x8]m[0xffffffa4]~[0xffffff91][0x15][0xffffffe3]r[0x18][0x1c][0xffffffb1]"[0xffffffea][0xffffffd0][0xffffffa4][0xffffffce]s9A{Z&[0xffffffb5]j[0xffffff86]G[0xffffffb2][0x1][0x12][0xffffff91][0xffffffae]9}*wG[0xffffffbc]y[0xffffffaa]N[0xffffffbf][0xffffffb0][0xffffff9d][0xffffffc4][0xfffffff2][0x5]W[0xffffffd7][0xffffffde][[0xffffff97][0xffffff83][0x18][0xfffffff2]6[0xffffffbf][0xffffffce] =>[0xffffffca][0xffffff83][0xffffff96][0x18]4WW"[0xffffffe2]n"[0xffffffb7][0x7f]E[0xffffffdc]{[0xffffffaa][0xffffff93][0x2]"[0xffffffcf][0xfffffff3]vkF[0x15]4[0xb][0xffffffcb]!T[0xffffffbf]X[0xffffffd0][0xffffff99][0xffffff84][0xffffffbd]_E[0xffffff8f][0xffffffb8][0x1e][0xffffffde].>[0xffffff83]ZIYm[0xffffff8b][0xffffffeb][0xffffff9a][0xffffff95][0xffffff9f]`[0xffffffee]][0xffffffc4][0x1][0x4]S[0xffffff83][0xffffffc2]^X[0x9][0x1c][0xffffffee][0x11][\r]|[0x10][0xffffffd9][0xffffffdc]e[0x9][0xffffff9e][0xffffffc0]G[0xffffffa9][0xf][0xffffffaf][0x2][0xffffffb6];[0x18][0xffffffa0][0xffffffb3]*[0xffffff90][0xffffffa4][0xffffffac][0xffffffdc]'[0xffffffeb][0xffffff9d]p[0xffffffa3]B9[0x7]M[0xffffffec][0xffffffdb][0x1]_Za[0xffffffcc][0xfffffff9][0xffffffd9][0xffffffd4][0xffffffa6][0xffffffe7]N[0xffffffd2][0x18]8[0xffffffd6][0x8]D[0xffffffed][0x18][0xffffffe7]`[0xffffffd6]K[0xffffff90][0xffffffa6]D1[0x1c][0xffffffff]][0xffffff82][0xfffffff9][0xffffff95]y[0xffffff98][0x19][0xffffff8d][0xffffffa4][0xffffffcf][0xffffffd2][0xffffffe4][0xffffffa1][0xffffffea][0xffffffbc][0xffffffd0][0xfffffffc][0x1c]p[0xffffffd1][0x1f]0[0xffffffea][0xffffffa0]y%![0xfffffff0]gep[0x16][\r]CD[0x1b][0xffffff8d]B;N[0xfffffff8][0xf][0xffffffe9][0xfffffff8][0xfffffff0][0x3][\n]"
09:46:43.327 [main] DEBUG com.github.dockerjava.zerodep.shaded.org.apache.hc.client5.http.wire -- http-outgoing-2 << "[0x7][0xffffffc7]G[0xffffffdc]g{[0xffffffbd]Fm[0xffffffd3]:[0xffffff88]^ [0xffffffce][0xffffffc4][0x5]<[0xffffffe3][0xffffffe6][0xffffffa3][0x1b]x[0xffffffc7][0x9][0xffffffe3][0xffffffd4]C[0xffffff9f][0xfffffffc][0xffffffc9]cA[0xffffffca][0xffffff97][0xffffffd8][0xffffffc3][0xfffffff1]H[0xffffffdd][0xffffffe6][0x10][0[0xffffffe4][0xffffffcd]fT[0xffffff86][0x19]k[0xfffffff2][0xffffffb8][0xffffffe2]0[0xfffffffa][0xfffffff6][0xffffffdd][0xffffffc7][0xffffffce][0xffffffc5][0xffffff83]6[0x19][0xffffff86][0xffffffa7][0xffffffd5][0xffffffe5][0xfffffff9][0xffffff9b]T]A[0xffffffcb][0xfffffff0][0xffffffba][0xffffff86][0xffffffc9][0xf]k[0xffffff9e][0x13]S![0xffffffbd][0xffffffc6]z[0xffffffa2][0x1a][0x17][0xffffff91][0xffffffc2]I[0xffffffe2]*[0x15][0x4][0xffffff9d][0xffffffd2]+%_[0xffffffb3]:^[0x1f][0xffffffa7]j[0xfffffffc][0xffffffb6].B[0x2][0xffffffaa][0xe]a_[0xfffffff0][0xffffffce]g[0xffffff8b]NG[0xffffff94][0xffffffa5][0x1a][0x6][0x1f]^[0xffffff95][0xffffff9c][0xffffffc2][0xffffffbb]2p[0xffffffe3]$x[0x3][0xffffff86]X[0xffffff92][0xffffffc4]k[0xb]_N[0xffffff9e][0x7f][0xffffffb3][0x10]s3[0xffffffc1][0xffffffad][0xfffffff1]][0x7f]_6~[0xffffffce] v[0xffffff86][0x7f]VJ[0xffffffda][0x10][0xfffffffe][0xffffffc4]g[0xffffffc1][0x2]{"un[0xffffffc9][0x5]{[0x16]N[0xffffffab]9[0xffffffd6][0xfffffff6]k$[0xfffffff5][0xffffff95][0x12][0xffffff9c][0xffffffbc][0x8][0xffffffab]U[0x1a][0x19]Mt[0xffffffef]0&>~[0xffffffee][0xffffff95]\[0xffffffb9][0xffffff8b][0xffffffb9][0xfffffff7][0xb][0xffffff9f][0xffffffb3][0xffffffd2]e[0xffffff89][0xffffffb7][0xfffffff9][0xffffff94][0xffffffe5][0x1f][0xffffffa7][0xfffffff3]C[0xffffffb0][0xffffff90][0x1c]F[0x1f][0xf][0x16]W>e&P[0xffffffac]~[0xf][0xffffff95][0xffffff9b][0xfffffffe][0xffffff84][0xffffff89][0xffffff8a][0xffffffb6][0xffffff9e][0xffffffc2]j[0xffffffaa]1[0xffffff95]0[0xffffffbd]6[0xffffffe4][0xffffffc9][0xffffffe8]q[0xffffffc7][0xffffffd8]}8s[0x16][0xffffffc9]p[0xffffff9b][0xfffffffd]9[0xfffffffa].[0xffffff98]b[0xfffffffc]m[0xffffffff][0xffffff84][0x6]T[0xffffff89][0xffffff99]Y[0xfffffff7][0xffffffd6][0xffffffd2]G[\n]"
09:46:43.327 [main] DEBUG com.github.dockerjava.zerodep.shaded.org.apache.hc.client5.http.wire -- http-outgoing-2 << "[0x6]r[0xffffffc6]qz[0xffffffed][0xffffffaa]W[0xffffffb2][0xffffff8a][0xffffffca][0xfffffff0][0xffffffbc];[0xfffffff3][0xffffffc3]d][0xffffffcb][0xffffff82][0xfffffff7])[3U[0xffffffcc][0xffffffe9]Ap#v[0xffffffcb][0xffffffaf][0xfffffff8]x[0xffffff8b][0x4][0xffffffb8]$u={[0xffffff9d]pN[0xffffff8c]!o8[0x11]u[0xffffffd8]Q[0x1f][0xffffffea][0xffffffe9][0xffffffaa]*[0x9][0xffffff88]o[0xffffff8a][0xffffffbc][0xffffffd0]G[0xffffffab][0xc][0x1c]kg[0xffffffce][0xffffff8a][0xffffffac][0x16][0xffffff94][0xffffffc6][0xffffff94]v[0xffffff9d][0x7f]C[0xffffffb7][0xffffffdd][0xffffff97][0xffffff98]AX[0xffffffbf]E[0xffffffd9][0xffffffe4][0xffffffae]xat[0xfffffff6][0xffffffa2][0xffffffaa][0xffffffa5]=,[0xffffff97]OZ}[0xffffffb5][0xffffffb3]<[0x6][0xc]3[0x8]6[0xffffffd7][0xffffffe9][0xffffffb8]rn[0xffffffc5]j&:c88@n[0xfffffffb]J[0x13][0xffffffc6][0x8][0xfffffffd]p[0xffffffca][0xffffff8b][0xffffffe8]N[0xffffffbc][0xffffffea][0xffffffe1][0xfffffff1]i8[0xffffffb3][0x1c][0xffffffaa][0xffffffeb][0xffffff93][0xffffffcc][0xfffffff3]E[0xffffffb5]w[0xffffff80]1j[0xffffffa1][0xfffffff5])[0xffffff8b][0x10][0xffffffa6]H[0xfffffffe][0xffffff82],[0xffffff9c]p[0xffffffd8][0xffffffb7][0x0][0x1a]%EF_[0xfffffff1](q[0x1]/c[0xffffff88][FM[0x7f][0xffffffb2][0xffffffed]'[0xffffff8a][0xffffff86];[0xffffffab]8[0xffffff8f][0xffffffb0][0xfffffff8]#"[0xffffffc7][0xffffff89][0xffffffe7]![0x4]g[0xffffff9e]|[0xffffffec];[0x15]1[0x1c][0xffffffab]V[0xfffffff1][0xffffffa8][0xffffff8b]\,[0x1][0xfffffff2][0xffffff9f][0xfffffffb][0xfffffff2][0xffffffe5][0xffffffa6][0xffffffea][0xffffffce]@%[0xffffff85][0xf]Y[0xffffffd5],[0xfffffffd][0xf][0xffffffa8]r[0xffffff81][0x14][0xffffffe9][0x8][0xffffffab]C:[\n]"
09:46:43.327 [main] DEBUG com.github.dockerjava.zerodep.shaded.org.apache.hc.client5.http.wire -- http-outgoing-2 << "&[0xffffffde][0xf]qX[0xffffffca][0xffffffb5]H,[0xffffff96][0xffffffe4][0xffffffef]e`[0xffffffef][0xfffffff7][0xffffffc9]?C\[0xffffff8d]j[0xffffff89][0xffffffd5][0xffffffc6]x[0x1e]A[0x9][0x12]AE5=Wk[0x1d][0xfffffff1]N[0xfffffff8]2[0xffffffca][0xffffffc0]m[0xffffffbf]-[0xffffffa1][0xffffff82]*[0xffffffad]qRs[0xffffff82][\r]2[0xffffff88]|[0xffffff92][0xffffffa9][0xffffff96][0xffffffea][0xffffffaa][0xffffffe2][0xffffff92]<>)6[0xffffff92]kt[0xffffffe1]s[0x14][0xffffff83][0xffffffa3][0xffffffb3][0xffffff99][0xfffffff9][0xffffffae]bG[0xfffffff2][0xffffffcd][0xffffffa5]F[0xffffff8e]k&^'[0xffffffce][0xffffff82][0xffffff9d]u[0xffffffbc][0xfffffffe][0x1d][0xfffffff1]Xq5[0xffffffae][0xffffff92][0x1][0xffffffae][0xffffffa7][0xfffffff7][0xffffffdc][0xffffffe0][0xffffffe2]g[0xffffff87][[0xffffffde][0xffffffa5]S[0xffffffdb][0x9]MT)[0xfffffff4][0xb]*[0xffffffe5][0xffffffc0]s[0xffffffbe][0xffffffe5][0x1c]p{[0xffffffa0][0xffffff83][0x2]q[0xffffffe8]Xg[0x5][0x4][0xffffffdb][0xfffffff0][0xe][0x12][0xffffffa1][0xffffff8e].[0xffffffd8]]#BI[0xffffffe1][0xffffff89]5G[0xffffff96][0xffffffac][0xfffffff8]S[0xffffffe4][0xffffffaa][0xffffff88]H[0xffffffef][0xffffff9c][0xffffffd1]\[0xffffffbe]x[0x15][0x2]R[0xffffffe5]u[0xffffffbe][0xffffffb3][0xffffffc8][0xffffff82]?<[0xfffffff0][0xffffffec][0xffffff9e]X[0xffffffb1]jJH[0xffffffdb][0x2][0xffffff8e][0xffffffad][0xffffffbd]30[0xffffffec]d[0xffffff88]~h[0xffffffe7]T;[0xfffffff7]R[0xffffffcd][0xffffffc5][0xffffffbb][0xe][0xffffff81][0x0][0xffffffb1]v[0xffffffe2][0xffffff99][0xf]c[0xfffffffa][0xffffffda][0xffffff8e][0xffffffe1][0x10][0xfffffff2][0xffffff9e]+[0x17][0x15][0xffffffaf][0x9][0xffffffc9]BD[0xfffffff9][0xfffffffc][0xffffff97][0xffffffc3][0xffffffde][0xffffffdd][0xfffffff4][0xffffffcc][0xfffffffe][0xffffffd6]V[0xffffff87]wrbK[0x13][0xffffff8a][0xffffff8d][0x16][0xffffff8c][0xfffffff3][0xffffff9d][0xfffffff6][0xffffffdf]6[0xfffffff2],[0xffffffed][0xffffff9f]4[0xffffffa8][0xffffffab]p-M[0x5][0xffffff96][0x7f]H[0xffffff85][0xffffffa7][0xfffffff8][0xffffff86][0xfffffff7][0xffffff81]pc[0xffffffbf][0xffffffdc][0xffffff9a][0xffffffed][0xffffff8b]U[0xffffffba] A[0xffffff9b][0xffffffbb][0xffffffd2]|[0xffffffcb][0xffffff95]y[0xffffffc3][0x7][0xffffffa5][0xffffff8f][0xffffffd0]>[0x1b][0xffffffaa][0xfffffff0][0xffffffe4]HxC[0x11][0xffffffa7]R[0xffffff8d]z}[0xffffffd2][0xffffff8a][0xffffffe1]Z[0xffffffed][0x17]f[0xffffffd0][0xffffffb4]wf*4[0xffffffe2]\[0xffffffa4][0xffffff93][0xb][0xffffffc6][0xfffffffa][0xffffff9b]$,[0xffffffaf][0x2][0xffffff95]>[0xffffffcd]5[0xffffff9a][0xfffffff8]`[0xfffffffa]qx*\[0xffffffb2]L[0xffffffae]^[0xffffffb6][0xffffffd4]^ao[0xffffff80][0xffffffde]Cy[0xffffffb9][0xffffff96]![0xffffffc8][0xffffffcb][0x15][0xfffffff1][0xfffffff8]_R[0xb][0xffffffd4][0xffffff8d][0xffffffe9][0xffffffd7][0x19]O;[0xfffffff3]Z[0xffffffe6]Er[0xffffffc7][\n]"
09:46:43.327 [main] DEBUG com.github.dockerjava.zerodep.shaded.org.apache.hc.client5.http.wire -- http-outgoing-2 << "[0xffffffbc][0xffffff89][0xffffffcb][0x1e]j0i[0xffffff81][0xe][0xffffffa6][0xffffffdd][0xb][0x15][0xf][0xf]y;[0x6]{vh[0xffffffc7]E[0x18]kL[0xffffff93]xL[0xffffffe7]T| [0xffffffbf]P[0xffffffd1][0xffffffe7][0xffffffc3]g[0x1e]hb[0xffffff86]8[0xffffff8e][0xffffffb1][0xfffffff2][0xffffffe4][0xffffffd9][0xffffffc9][0xfffffff8]g[0xffffff87]wj[0xffffffc8]*[0xffffffed][0x9]+[0xffffffe2]w2[0xfffffff4]O[0xffffffd1][0xffffffd6]_=8 "i[0x14][0xffffffb0][0x1e]4O[0xffffffcd][0xfffffffe][0xfffffff8]z%[0xffffffb8]&ToE[0xffffff90][0xffffffa6][0xfffffff7][0xffffffd8]W[0xffffffbb][0xfffffffc]q[0xffffffc3][0xffffffeb]i[0x10];[0xffffffbf][0xffffff86]xp[0xffffffaf][0xffffffc7][0xffffff82]UOKZ[0x8][0xc][0xffffffef][0xfffffff8]P[0xffffffea][0xffffffc8]@U[0xffffffaa]s[0xffffffcc][0xffffff98][0x1f][0xffffff9f][0xffffffce][0xffffffe2][0xffffff98][0xffffffff][0xffffffb4][0xffffffe6][0xffffffeb][0xfffffff8][0xffffffae][0xffffffbb][0xffffffd8][0xffffffdb][0xffffffcb].[0xffffffef][0xffffffc5][0xffffff89][0xffffff83][0xffffffed]p[0xffffffeb][0xffffffd1][0xfffffffb][0xffffffda][0xffffff9d][0xffffffe1][0xffffffee][0xffffffe2][0xffffffcf][0xffffffcc][0xffffff9d]$[0xffffffd1][0xffffff9c]r[0xffffffb7][0xffffffb5][0xffffffc4][0xffffffd6]q[0xffffffa8][0xffffff90][0xffffffda][0xffffffac]0[0xffffffef]D[0xffffffbd][0xffffff8a][0xffffffe3]j[0xc]|[0xe][0xffffff93]%[0xfffffff2]0[0xffffffdb][0xffffff97]i[0xffffffd1][0x10][0xffffffdb][0x14]ul[0xffffffd9][0xffffffb7];[0xffffff9c][0xffffffbe][0xffffffa0][0x17]2K[0xc][0xffffffae]0py[0xfffffff7][0xfffffff6]S[0xffffffdf]#[0xffffffd9][0xfffffff0]h[0xffffffa6][0xffffffc4][0xffffffcc][0xffffffc1][0xffffff82][0xffffffae][0xffffffb7]A[0xffffffca][0xffffffa7][0x18]'S[0xffffffbc][0xffffffda][0xffffffd0][0xffffff83]T[0xffffff8d][0x1a][0xffffffab][0xffffffab][0xffffff84]UlOK[0x1b][0xfffffff8]_[0xffffffe6][0xffffffe2]{[0xffffffb6][0xffffffc8][0xffffffa2]4`[0xffffffbf]OFh0[0xffffff94][0xffffffb3]Qv[0xffffffc8][0xffffff82][0xffffffd2][0xffffffe4][0xffffffb5][0xffffffe0]:[0xffffff95][0xffffff88][0xffffff88][0xfffffff1][0xffffffcf][0xffffff9f]P[0xffffffa8][0xffffff8a]0[0xffffffa3]+u[0xffffff99]d[0xffffff89][0x11][0xffffff94]x[0xffffffe4][0xffffffb4]R[0xffffffd5][0xffffff85]H[0xffffffaf][0xffffffab][0xffffffba][0xffffffd8][0xffffffc0][0x17][0xffffffd5][0xffffff85]og[0xffffffd1][0x10]R^[0xffffff81]?[0x14][0xffffff89][0xffffff97][0xffffff81][0xffffffd5][0xffffffac][0xffffff81][0xffffffcc]R[0xffffffed][0xffffffc7][0xffffffe2]y[0xffffffa1][0x14][0xffffff8d]I[0xffffffc2]UZy$[0xffffff9f][0xffffff91][0xffffff8e][0xffffff93][0xffffffb5][0xffffffd4][0xc][0xffffff99][0xffffffe2][0xffffffaf][0xffffffff][0xffffff9a][0xffffffb5][0xfffffffc][0xfffffff0][0xffffffde][0xffffffe0][0xffffffab]"[0xffffffc3]~[0xffffff8f])[0xffffffef][0xffffff98][0xffffffcb]@r[0xffffffcc][0xffffffe0][0xffffffac][0xffffff84][0xffffffce][0xffffffc1][0xffffffac][0x7]9[0x1e]o[0xffffffbf][0xffffffa8]>[0x5][0xffffffdf][0x1][0xffffffc5]:H[0xffffff8f][\n]"
09:46:43.327 [main] DEBUG com.github.dockerjava.zerodep.shaded.org.apache.hc.client5.http.wire -- http-outgoing-2 << "[0xffffffcd][0xffffff85]}[0xffffffee])[0xffffffa4][0xffffffcf][0x13][0xffffffd6][0xffffffcf]:[0xffffffcd][0x1b]X[0xffffffd2][0xffffffe2]{|G[0xffffff9a][0xffffffda][0xffffffba][0xffffff81][0xffffffc1][0xffffffb0] [0xffffff8f]g[0xffffffb6][0xfffffff1]$[0xffffffd9]=[0xffffffc5][0xffffffee][0xffffffde][0xffffffb3][0xffffffb6][0x6].[0xffffffa7][0xffffff92]a[0x7f][0xfffffffb][0x14][0xfffffff0][0xffffffd3][0x7][\r][0xffffffdc]L[0xffffffaf]<[0xffffffa7][0xffffffa9]V[0xffffff87][0xffffffa9]C+[0x1d][0xffffff84][0xffffffd1]-[0xffffffd2]C[0x0][0xffffffdf]9[0x13][0xffffffd3][0xffffffca][0xffffffca][0xffffffd8][0xffffff86]{[0xffffff9a]4[0xffffffcd]b[0xffffffc1]/![0xffffffc4]G[0xffffffcf]?[0x0]b[0x1f][0xffffffb7]|[0xffffffca][0xffffffb4][0x1a][0xffffffe4][0xffffffd7][0x1d]Z[0xffffffd3]z[0xffffffcb]h[0xffffffe5][0xffffffef]Q[0xffffff89][0xffffff88][0x19][0xffffffbf][0xc][0xffffff9e][0xffffffbf][0x1f][0xffffffb0][0x1b][0xffffffe0][0xffffff82][0xffffffe1]![0xfffffff4][0xffffff8c][0xffffff8a];[0x17][0x13]g[0xffffff89][0xffffff8c]5[0xffffffcc]b[0xffffffb3]$cE[0xffffff8c][0xffffffa4]Z[0xffffffeb]E[0xffffffeb][0xfffffff8][0xfffffffe][0xffffff86][0xffffff8a][0xfffffff2][0x6][0xffffffe9][0xffffffcc]F[0xffffffbd][0xffffffe4]#[0xffffff90][0xffffff8b][0xffffffeb][0xffffffd1][0xffffffe8]g[\n]"
09:46:43.327 [main] DEBUG com.github.dockerjava.zerodep.shaded.org.apache.hc.client5.http.wire -- http-outgoing-2 << "[0xffffffe1]-\[0xffffffa1][0xffffff8c]>[0xffffffb8][0xffffffda][0xfffffff4][0xffffffbd]K~[0x2][0x2][0xffffffcd][0x1c]&[0xffffffec][0x7][0xffffffe0]o}/[0xffffffac][0xffffffb7][0x1d][0xffffff9f][0xffffff8e][0xffffffe3]S-6[0xfffffff3][0xffffff88][0xfffffffa][0xfffffffb][0xffffffc2][0xffffff85][0xfffffffb][0xffffffb0][0xffffffa9][0xfffffff1][0x1d][0x1d][0xffffffc1][0xffffffca][0xffffffee][0xfffffffb][0xffffff9b][0xffffff86][0xfffffffb]"=[0xffffffed]i[0xffffffa9][0xfffffffb][0xffffffe2]K[0x17][0xffffffc6][0xffffffa9]7[0xffffffb6][0xffffffe3]]O[0xffffffe6][0xffffffd5]b[0xffffffd0][0x0]B[0xffffffdc]z[0xffffffcf][0xffffffbd][0xffffffec]8[0xffffff80]Wcs[0xffffff95][0xffffffc7][0xffffffbb][0xffffffad][0xffffff84]g[0xfffffffe][0x1c][0xffffffe0][0xffffff8e]f/[0xfffffff7]F<7[0xffffff93][0xffffffca][0xffffff82]6l*gNi[0xffffffd8][0xffffffb0][0xffffff87]s[0xffffffb1][0xffffff96][0xffffffd1][0xffffffc8]%[0xffffffe2]g[0xffffffab]c[0xffffff9f][0xffffffe1]`[0xffffffdb]*[0xffffff85]5#[0xffffffab][0x7f][0xffffff83][0xffffffa7][0x3]w[0xffffffb1][0xffffffe0]o[0xffffffa8][0xffffffb5]'[0xffffff99][0xffffff88][0xffffff92][0xffffffae][0xffffffc6]N[0xffffffdd]m}[0xffffffff]3[0xffffffd8][0xffffffd5]0,[0x1a]![0xffffffe6][0xffffffeb]sZ:[0xffffffcc][0x16][0xffffff91][0xffffffe3][0xffffff8b][0xffffffca][0xffffffd9][0xffffffb1]~[0xffffffb6]a~[0x15][0xffffff96][0xffffffa4][0xffffff99]>[0xffffff9d][0xffffffa2]}Y[0xffffffc7][0xffffff92][0xffffffc5]$[0xffffff98][0xffffff87]-[0xffffffb2][0xffffffb3]![0xffffff9f][0xffffff92]c[0xffffff8b][0xffffffb5][0xfffffffa]i9hh*[0xffffffdd][\n]"
09:46:43.327 [main] DEBUG com.github.dockerjava.zerodep.shaded.org.apache.hc.client5.http.wire -- http-outgoing-2 << "5lWF[0xffffff85][0xffffffb9][0xffffffd2][0x18][0xffffffb2]_[0xffffff8e][0xffffff91][0xffffffda][0xffffffae]'w[0xffffffa7]?[0xffffff9c]<#l[0xffffffcf]6[0xffffff98]X[0xffffffd0][0xffffff87]{[0xffffffdd][0xffffffdf]R[0xffffffe2][0xffffffd5][0x17]Um.h[0xffffffd5]g[0xffffff83][0xffffffa8]-[0xffffffbe][0xffffffe2]f[0xffffffbc]A[0xffffff9a]Ee7j=[0xffffff87][0xfffffffb][0xffffffce][0x13][0xffffff9e]N("[0xffffffcb][0x0][0xffffffbd][0x9]QR[0x1][0xffffff85][0xffffffa7][0x0][0x11]n[0x3][0xffffffad] [0xffffffc7]/t[0xffffffd3]BGO[0x12]-[0xffffffad]Y[0xffffffa0][0xffffff84][0xffffffdf][0xffffff90][0x15][0xffffffed][0x15][0xffffffaa]t[0xf][0x1f]h[0x7][0xffffffaa][0xfffffff3]ctMC[0xfffffff4]T(y?c[0xffffffd2][$[0xffffffbf][0xfffffff3][0xffffffdd]G[0xffffffe7][0xffffffdc][0xfffffff2]l[0xffffffb2]J[0xfffffff1][0xffffff92][0xffffff88][\n]"
09:46:43.328 [main] DEBUG com.github.dockerjava.zerodep.shaded.org.apache.hc.client5.http.wire -- http-outgoing-2 << "[0xffffff9b]ohS[0xffffffaa][0x17][0xfffffff9][0xffffffd8]p[0xffffffc3][0x1a]a[[0xffffffec][0xffffffce][0xfffffff1][0xfffffff6][0x4]][0xffffff93][0xffffff94][0xffffffaa][0xffffffcb][0xffffffee]vq6#[0x1f][0xffffffb0][0xffffffb1][0xffffffee][0xffffffd1]pbY[0x1][0xffffff97];[0xffffffa9]+[0xffffffc1]&=6[0xffffffb6]x[\r][0xffffff8b][0x11][0xffffff92][0xffffffa6][0xffffffd8][0xffffffab][0xffffffdd][0xffffffee][0xffffffd5][0xffffff82]~og[0x3]p[0xffffffd5]4[0x8][0xffffffbc]]Q0[0xffffffd2][0xffffffea][0x12][0xfffffff2]>[0xffffffee][0x16][0x19]S[0xffffff8a]\[0xffffff91][0xffffff95][0xffffffa6][0xffffffbd][0xffffffcd][0xffffff88]p)%[0xffffff9e][0xffffffb7][0xffffff96][0xffffff9e][\n]"
09:46:43.328 [main] DEBUG com.github.dockerjava.zerodep.shaded.org.apache.hc.client5.http.wire -- http-outgoing-2 << "D[0xffffffc0][0x7f]7[0xffffffe1]e6[0xffffff99][0xffffffcc][0xffffffac][0xffffffce]>9[0x1e][0xffffffa5]c![0xffffff81][0xffffffdc]Jl[0xfffffff2][0xfffffffe][0x1d][0xffffff90][0xffffffbb]fF[0xfffffff9]1[0xffffffa6]w2[0x5]![0xffffffe3][0xffffffc8]][0xfffffff3][0xffffff93]&[0xfffffff2][0xffffff90][0xffffffff]+[0xffffff8b]o[0x5]-%[0xffffff92][0xffffffce]9[0xf][0xfffffff5][0xffffffba][0xffffffa6][0xffffff94][0xffffffc4][0x2][0xffffff81][0xffffff86][0xffffffca][0x1a][0xfffffff3][0xb]N[0xffffff8c][0xffffffb7]C[0xffffffad]5[0xffffffbe][0xffffff98][0xffffff89][0xffffffd4]";[0xffffff84][0xffffffcc][0xffffffea]3[0xffffffc6]_[0xffffffbb][0x10]G[0xfffffffd][0x6](^6[0x1d][0xffffffb9][0xffffff97]*[0xffffffd0]G[0xffffffa7]Q[0xffffffbd]}h[0xffffffbc]=[0xffffffe5]F&[0xffffffba]:[0xffffffe2][0xffffffc5]AJ[0xffffffc0][0xffffffd1]B[0xffffffed][0xffffffae][0xffffffa0]*N[0xffffffef][0xfffffff7][0xc][0xffffff8d][0xffffffe5])[0xffffffcf]:eV[0xffffff9e]|W,[0x1b][0xffffffe7][0xffffffa4][0xffffff8b][0xffffffc6]=[0xffffffca][0xffffffa9]}[0xffffff95]U,[0xffffffce][0x19][0xffffff8d][0xffffff98]8[0x1d][0xffffff9c][0xfffffff2][0x4]}[0xffffffd8][0xffffffac][0xffffffa7]O[0x18][0x10][0xffffffec][0xffffffe6][0xffffffc5]k[0xffffffe4][0xffffffc4][0xffffffe2][0xffffffb1]?[0xffffff83]>[0xffffffce]bl[0x1c][0xffffffe2][0xffffff8a]m[0xffffffbf]I,[0xfffffff7][0xffffff9f][0xffffffac][0xffffff9c][0xffffff83][0xffffff8d][0xffffff99][0xffffffa6][0xf][0xffffffb3][0xffffffb8][0xfffffffa][0xffffff9c][0xffffffdd][0xffffffc7][0x8]([0xe][0xffffff94][0xffffff86]>[0xffffffe4][0xffffffaf][0xffffff94][0xffffff9b]|<NUA[0xffffffb7]x[0x19][0xffffff86]B[0xffffff88][0xffffffde][0xffffffbc][0xffffffa2]=[0xfffffff3][0xffffffa6][0xffffff9d]La[0xffffffd7][0xffffffd7]c[0x1d][0xffffffab][0xfffffffd]Y[0xfffffff7][0xffffffb9][0xffffffd0]p[0x10][0xffffff86][0xffffffc1][0xffffff94][0xffffffa6]9[0xffffffd3][0xfffffff3][0xffffffee])O5K[0x8][0xfffffffb][0xffffffc8]T[0xffffffb2][0xffffff82][0xfffffffc][0xffffffbc]P[0x12][0xffffffa5][0xffffffd6]{[0x1][0xfffffffd][0x0][0xffffff84][0xffffffbc][0xffffff84]1[0xffffffc5][0xffffffe7][0xffffffdc][0xffffffa5]/[0xffffffda][0xfffffffc][0xffffffa0][0xffffff9e][0xffffffdc][0xffffffdb][0x0][0xffffffcb][0xffffffee][0xc]?[0xffffffac]\[0x15][0xffffffb2][0xffffffc3][0xffffff97]`[0xffffffec][0x0][0x13][0xfffffff5][0xffffffac][0xffffff91][0xfffffff3][0xffffffb9]t[0xffffffc1]VmW[0xfffffffa]"[0x1b][0xffffffac][0xffffffcd][0x1c][0xfffffff3][0xffffff8f][0xfffffff5]G[0xffffffd7]i[0x7f][0xffffffca]q[0xffffffef][0xffffffec][0xffffffdf][0xffffffd6][0xfffffffc][0xffffffe6][0xffffffbd][0xffffffce][0xffffffd6][0xffffffde][0xffffffdd]f[0xffffffd7][0x1b]WZ[0xffffff94]pb[0xffffff9a][0x1][0xffffffb4]D[0x15]*/[0xffffffa3][0xffffffa8][0xffffffc1]~[0xffffffbe][0xffffff87]-[0xffffffc3]X`L[0xfffffffc][0xffffff9d][0xffffffa4]W[\n]"
09:46:43.328 [main] DEBUG com.github.dockerjava.zerodep.shaded.org.apache.hc.client5.http.wire -- http-outgoing-2 << ")[0xffffffd9][0xffffffe3][0xffffffc8][0xffffffd7]LD0;[0xffffff92][0xffffffe0][0xffffffd0][0xffffffb8][0xffffff94]X_[0xfffffff3][0x1f][0xffffffec][0xffffffd9][0xffffffe7]&[0xffffffed][0x10][0x16][0xc][0xfffffff5][0xffffffae][0xffffff8e][0xffffffe0][0xffffff91][0xffffffaf]5[0xe][0xffffffee]I[0xffffff87][0x13][0xffffffc2]R[0xffffff8d][0x1a][0xffffffc9][0xffffffa3][0xffffff8b][0x18][0x17]I[0xffffffeb][0xffffffed]S[\n]"
09:46:43.328 [main] DEBUG com.github.dockerjava.zerodep.shaded.org.apache.hc.client5.http.wire -- http-outgoing-2 << "[0xffffffb8][0x19][0x1e][0xffffff96]b[0xb]>[0x9][0x15]f[0x7][0xffffffd7]IU[0xffffffe2]>[0xffffff85][0x9][0x13]mWy[0xffffffa3]W[0xffffffd3][0xffffffba][0xfffffffb][0xffffffaa][0xb]|<D[0xffffffc9][0xffffff8a]xW[0xfffffffa][0xffffff9c]7[[0x19][0xffffff8b][0xfffffff6]Yg[0xffffff92]_[0x19][0xfffffffa]C:H[0xffffffe7][0xffffffb7]C2[0xffffffe9][0x11]l[0x19][[0xffffff98]x[0x1f][0xffffffe5][0xffffff8e][0xffffffbe]A[0xf][0xffffffed][0x6][0xfffffffa][0xffffffb4]BzD[0xffffffa7]O[0xfffffffa][0xffffffa5]Sz[0xffffff82]g[0xffffff99]f[0x1][0xffffffeb]][0xffffffd5][0xffffffae][0xffffffa2][0xffffff88][0xffffff83]O[0xffffffc9][0xe][0xffffff99]h![0xffffffa6][0x11][0xffffff80][0xffffff8a][0xe][0xffffffc2][0xffffffd6][0x6][0xffffffd1][0x1e]"[0xffffffd5][0xffffff93][0xfffffffa][0x3]d6[0xffffffe3][0x12][0xffffffb0][0xffffffa5]%[0xffffffd7][0xffffff90][0xffffffba][0xffffff8b][0xffffff9c][0xffffff99]b[\r][0xffffffb5][0xffffff8e] ([0xffffff8d][0xffffffed][0xffffff99]h[0xfffffffd]dK[0xffffffc2]^[0x19][0xffffffdb][0x17][0xffffffaf][0xffffffe5]#[0xfffffffe][0xffffffd6][0x16][0xfffffffb]-e[0xffffffa6]Q[0xffffffa8]|2f[0x1c][0xffffffc7][0xc][0xffffffdb]3[0xfffffff5][0xffffff92]w[0xffffffb5][0x6][0xffffff91]I[0xffffff81][0xffffffd1]C-[0xffffff95][0xffffffb1]b.[0x1a]Ia[0xffffffb0][0xfffffffd][0x4][0x1][0xffffffd9][0x1b][0xffffffcd][0xffffffb4],[0xffffffb5][0xffffffe4][0xffffffd8][0xffffffed][0xffffff8c]Vu[0xffffff9c][0xffffffcd]bzd1[0xffffffe6]I[0xffffff9e][0xfffffffa]0[0xffffffe4][0xffffff94]x[0xffffffb4][0xffffffec]2[0xffffffdc][0x1f]h[0xffffff96][0xffffffe9])[0xffffffcf][0xffffffee][0xffffffe7][0xffffff9f][0x1a][0xffffffc4][0xffffff9d][0xffffffb2][0xffffff8f][0xffffffce][0x1b][0x10][0xffffffd2][0xfffffffb][0xffffff8e]?[0xffffffc4][0xffffffe6] [0xffffff80][0xffffff90][0xffffffe6][0xffffffdd]}[0x1c]ly?[0xffffff94]US[0xffffffa5]i[0xffffffe2][0xffffff99][0xffffffb7][0xffffff9e][0xffffff95][0x5],6C[0xffffff97]c4[0xffffff95][0xffffffa8][0xffffff84]ek)#[[0xffffffd7][0xffffff97][0xffffffd0]$[0xffffffb1][0xffffff81][\n]"
09:46:43.328 [main] DEBUG com.github.dockerjava.zerodep.shaded.org.apache.hc.client5.http.wire -- http-outgoing-2 << "~[0xffffffc5][0x7]s[0x1f][0xffffffd7][\r][0xffffffa5][0xffffff9d][0xffffffd8]e[0xffffffe1]M[0xffffffec][0xffffffa6][0xffffff8d][0xffffffd8]>z[0xfffffffb][0x1d]-[0x13]q[0xffffffd9][\n]"
09:46:43.328 [main] DEBUG com.github.dockerjava.zerodep.shaded.org.apache.hc.client5.http.wire -- http-outgoing-2 << "[0xffffffa8][0xffffff85][0xffffff8e][0x12][0xffffffe1][0x8]0[0xffffffcf][0xfffffff7]4[0xffffffd6]P[0xffffffa6]d[0xffffffcc][0xffffff96][0xffffffe7]t[0xfffffff3][0xc][0xffffffc6]%W [0xffffffc7]<[0xfffffff3][0xffffffab][0xffffffdd][0xffffffa2][0xffffffcf][0xffffffd8][0xffffffd2]ox[0xffffffc5][0xffffffac][0x14];b[0xffffffc0]"[0xffffffc1]8[0xffffffce][0xffffff9e]o[0xfffffff4][0xc][0xfffffff0]yJ{[0xfffffffc][0xffffffb8][0xffffffa6][\n]"
09:46:43.328 [main] DEBUG com.github.dockerjava.zerodep.shaded.org.apache.hc.client5.http.wire -- http-outgoing-2 << "[0xffffff89]~[0xffffffce]I[0xffffffe0][0x14]['Y[0xffffff9d]'[0xffffffa1][0xffffffaf][0xf]~0[0xc][0x15][0xffffffef][0x1][0xfffffff6][0xffffffe1]+[0xffffffc0][0xffffffcd]am[0xffffffb7][0xfffffff3]C[0xffffffaf]T&[0xffffffc5]2[0xffffff95]|[0x1]Br[0xffffffd9]tW[0xffffffe8][0x5]E[0xffffffb2]2*[0xffffffce]b/[0xffffff94]#g[0x16][0xffffffa9][0xffffff89][0xffffffcd][0xfffffffa]T[0xffffffff]c[0xffffffe6]j[0x13][0xffffffa8][0xffffffc9][0xffffff87]f[0xffffffbe][0xffffff92][{[0xffffff81][0xffffffed][0xffffff95]L[0xfffffff3]>[0xffffff9f][0xffffffc8][0xffffff9d]N|[0xfffffffa](>[0xffffffc4][0xffffffbf][0xffffffa6][0xffffffba][0x17][0xffffff84][0xffffffb5][0xffffff95]p[0x9][0xffffff9d][0xffffffba][0xffffffc6][0xffffff87]Gb[0xfffffffd]T [0xffffff9e][0xffffff86][[0xffffffad][0x10][0xffffff8f]8[0xffffffeb][0xffffffce]W7Jm[0x1c][0xfffffff5]![0xffffff94][0xffffff81]@[0xffffffd7][0x1d][0xffffffa5][0xffffff8b]b[0xffffff83][0xfffffff8][0xffffffb9]JT[0xffffff9e][0xffffffb8];[0xffffff80]"[0xffffff86][0x1b]6[0xffffffe2]'K[0xffffffcd]fZq2[0x18][0xffffffac][0xffffff86](lZ[0xffffffac][0xffffffc6][0xffffffc9][0xffffffe5][0xffffffb0]/[0xffffffde][0x18]9%[0xffffff91]L[0xffffffeb][0xffffffb0]r_[0xffffff8c][0xffffff9c][0xffffffeb][\n]"
09:46:43.328 [main] DEBUG com.github.dockerjava.zerodep.shaded.org.apache.hc.client5.http.wire -- http-outgoing-2 << "7HU[0xffffffcd]4[0xffffffd3][0xffffffd0][0xb][0x15][0x13]_[0xffffffa4][0xffffffbd][0xffffffe2][0x1b].=d[0xffffffdd][0xffffffef][0xffffffef]m[0xffffffb9][0xffffffbb][0xffffffa6][0xffffffdf][0xffffffa8]H[0xfffffffd][0xffffffcc]j[0xffffffe6][0xffffff80][0xc][\r][0xffffffc1];[0xffffffab][0xffffffb3][0xffffff9a]H\[0xffffffaa][0xfffffff7][0xffffffd0][0xfffffffd][0xffffff8d]eb[0xffffffcd][0xffffff9e][0xfffffff3]T[0xffffff9b]UL<[0xffffffd9]y[0xffffffd7]s[0xffffffc5][0xffffffad]S[0xffffffa5]G[0xffffff88][0xc][0x14][0x12][0xffffffa2]2[0x7][0xffffffb2][0xffffffe1][0xffffff9b][0xffffff96][0xffffffc4][0xffffffef]c[0xffffff88]=[0xfffffff5][0x18][0x18][0xffffffe0]&L[0xffffffc9]^[0xfffffff5]|N[0x1e][0xf]J-3[0xffffff92][0xffffffc7][0xfffffff5][0xffffffd0][0xffffffe4][0xffffffee][0xffffffe1]#[0xffffff8a][0x1e]uo[0xfffffffa]p[0xfffffff6][0xffffffc5][0xffffffa2][0xffffffa2]#[0xffffffab]j[0xffffffbd]\[0x8][0xffffffb4][\r];[0x11]<C[0xffffffaf][0xffffff93][0x17][0x1][0xffffff91][0xffffff95][0xffffffe6]n[0xffffffc5][0xffffffa2][0xffffff91][0xffffffd9][0x1a][0xffffff9c][0xffffffec]#[0xffffff8a]E'[0xffffffa1][0xffffffe2]a[0xfffffff3][0xffffffe0]ahok}&;[0xffffffa0][[0x7f][0xffffff8a][0xffffffb4][0xffffffbf]d[0xffffffd0][0xffffffbf]'[0xfffffffc][0x18][0x13][0xffffff9e][0xffffffb4][0xffffffd0]R[0xffffffea][0xffffff99][0xffffffd9][0xffffffe5].[0x3][0xffffffd2][0xffffff9b][0xffffffba][0xffffff82][0xffffff84][0xffffffa4]\[0xffffffaa]|Vb[0xffffffc1][0xffffffd1]B[0xffffff9b][0xffffffcc]F[0x0][0xffffff9a]\[0xffffffae]?Q[0xffffffc5][0xffffff88][0xc][0xffffffe9][0x5]V[0xffffff8f][0xffffffa6][0xffffffa8]a[0xffffffbc][0x5][0xffffffec][0x1a][0xffffffaf][0xffffffe3][0xffffffe3][0x8]F[0xffffffe4][0xffffffa7]}[0xffffffcf][0x1a][0x1b][0xffffff8b]0}q[0xfffffff1][0x11]:[0xffffff9c]Y[0x6][0x0][0xffffffd4][0x4][0xffffffed][0x3][0xffffffb4]e[0xffffffe5][0xffffffb7][0xffffff87][0xffffff91][0x6][0xffffffe5]\[0xffffffcb][0xffffffa7]e_l<[0xffffff93][0x9][0xfffffffd][0xffffffdd]s[0xffffffe2][0xfffffff7][0xffffffd2][0xfffffff7][\r][0xffffff8b])[0xffffffed][0xffffff84][0xfffffff1][0xffffff9e][0xffffffe7][0xffffffcd]Y[0xffffffde][0xfffffff5][0xffffffc5][0xffffffb4][0xffffffb4]WX[0xffffff89]\[0x2][0xffffff85]k[0xffffff8e][0xffffffa0]#3;[0xffffff9e][0x1e][0xffffffce][0xffffff95][0xffffffbe][0xffffffe0][0xffffff9c][0xffffffd9]r[0xffffffe7]9.[0xffffffe7][0x15]j[0xffffffff][0xfffffff0][0xffffffb5][0xffffff8c][0xffffffb3][0xffffff90][0xffffffa1][0xffffffb6][0xfffffffa]#l[0xffffffbe]Q[0x2][0xffffffb5][0xffffff88]l[0xffffffad][0xffffffdc][0xffffff99][0xfffffff8]0[0xffffffd0]T[0xffffffa1]x[0xffffffa2][0xffffff82]d[0xffffff87][0x14]6s[0xffffffb1][0xfffffff1]\[0xffffff82][0xffffffc7][0xffffff81][0xffffffdc][0x1d]5[0xffffffec][0xffffff91][0xffffffba][0xfffffff2][0xffffff9a]m[0xfffffff6]J[0xffffffdc]JT[0xffffff81][0xffffffbf][0xfffffff4][0xffffff83][0xfffffff6][0xffffff8a][0xfffffff7]m[0xfffffff5][0x12]6[0x17]5[0xffffffaf]Xu,][0xffffff89][0xffffffdb]D[0xffffffaf][0x6][0xffffffc4](c{[0xffffffc2][0xffffff8e][0xffffff93][0xfffffffa]J[0xffffffcf][0xffffff91]%[0xfffffff3]T[0xffffffd4]l[0xffffff8a][0xffffffd1]Q&[0xffffff83][0x9][0xffffffbd][0xfffffff5];[0xffffff83][0xffffffc8]l[0xffffffef]O.0[0xffffffde]wt[0xffffff82][0xffffff95][0xffffff85]Kd[0xffffff83]R[0x7][0x10][0xffffffdd][0xffffff9b][0xfffffff7]b*[0x1b][0xffffffa8][0xffffffa9][0x8][0xffffff96][0x2][0xffffffea][0xffffffec]R[0xfffffff1][0xffffffa5]q[0xffffff96]=[0xffffffd0][0xffffff9a]t[0x1e]:P[0xffffffb3]].>[0x19]HX[0xf]*&I[0xffffffae]W[0x11][0xffffffc2]s0[0xffffffe3][0xfffffff7][0xffffff8f]y[0x1d]h#S[0xffffffd4][0xffffffd9]=o`!>[0xffffffbf].N[0xffffffcf]M[0xffffff89]:w4[0xffffffe1]K[0xffffffc8][0x13]2Q)[0xffffffd4]s0[0xffffffc8][0xffffffa2][0xffffffe4][0xffffff8f]1[0xffffff87][0xffffffff][0x1a]}[0xffffffc9]u[0xffffffec][0xffffffb5][0xffffffcc][0xffffffdd][0xffffffcf]~[0xffffffbb][0xfffffff4]U[0x5]e[0x18][0xffffffb3]F[0xffffffd5][0xffffff9a]wa([0xffffffdf][0xffffff9a][0x6][0xffffffef]~t9[0xffffffcb]1[0x15][0xffffffa5][0xffffffa4][0x1e]>S[0xffffff86][0x1b]@[0xffffffc6]Q[0xffffff81]7[0xffffffa0]{:[0xffffffca][0xffffff88]z[0xffffff99][0xffffffd4][\r]k[0xfffffff5][0x1a][0xffffff9d][0xffffffbd][0xfffffff6]K[0xffffff9d][0xffffffb3][0xffffffae][0xffffffe8][0xb][0x12][0xffffffc6]%[0xffffff9a][0xffffffb6][0xffffffe0][0xffffff98][0xffffffde]`[0xffffffa6][0xffffffae][0x19][0xffffff9a]=[0xffffffc9]p[0xffffffb1]lPf[0xffffff8f][0xffffff82]D^[0xffffffa7][0xffffff85][0xffffffa7][0xffffffa3][0xffffffd4][0xffffffc9][0xfffffff6]j[0xffffffe5]p[0xffffffda]%[0xffffff87].j[0xfffffffd][0xffffffc3][0xc]r[0xffffff87][0xffffff99](r[0x9][0xffffff96][0xffffffb1]@[0xffffff81]4[0xffffffff][0xffffffe9]K[0x1d][0xffffff8c][0xffffffe4][0xffffffd3][0xffffffe2][0xffffff9c][0xb][0xffffffb6][0xfffffff6]Y'[0xffffff83][0xffffffd7][0xffffffee][0x14][0x4][0xffffff8c][0xffffffb8][0xffffff8a][0xffffffcc](Uo[0xffffffa9]GkXi[0x16][0xfffffff0]7.[0xfffffffa][0xffffff99][0xfffffffb][0x6][0xffffffaa][0xfffffffc]e![0x17]b[0xffffffed]}[0xffffffaf][0xffffffd8]M[0xffffffdc]"W[0x19][0xffffffee]j[0xffffffda]p[0xffffffbf]V[0xffffff96]6[0xffffffc0][0xffffff88]|54[0xfffffff8][0xffffffc6][0xffffffe3][0xffffffc3][0xffffff84][0xffffff8c][0xffffffa7][0xffffff8b]n[0x1e]`[0xffffffcf][0xffffffa9]a[0x4][0x1f][0xffffffd0]#[0xe][0xffffffc9]Ef[0xffffffeb]O^?:[0xffffff93][0x4]N%[0x12][0xffffffb6][0x1c][0xffffffb0][0xffffffd5][0xffffff93][0xffffffb0]3[0xffffff98][0x9][0xffffffb0]/[0xffffffdf]N;[0xffffff88][0xffffffe7]|M;);[0xffffffe7][0xffffffe2]@[0x1c]i[0xffffffa6]L[0x1c][0xffffffd2][0xffffff8a][0xc]">+[0x16][0xffffffec][0xffffff8d][0xfffffffb][0xffffffbc][0xffffffb8][0xffffffc7]X[0xffffffa3][0x7][0xffffffdf][0xffffffb0]+Jp[0xffffffc0][0xffffffd6][0xffffff98]S[0xffffff9e]5[0xffffffe9][0xffffff8a]+8[0xc][0xffffffd6][0x12],m[0x1f][0xffffffd2][0xffffff8a][0xffffff8c]T@[0xffffffd2][0xffffff90]'Q[0x1d]Y[0xfffffff0] e [0xffffffdf]/[0xfffffff3]cH[0xffffffdb][0xffffff8b][0xffffffe4][0xffffff99]+S[0xffffffed]k[0xffffffde][0xffffffeb][0x1c][0xffffffae][0xffffffc9]?[0xffffffb7]x[0xffffffac][0xffffff99][0xffffffcd]J#h[0xffffffa4]_[0xffffffa2]u[0xffffffe1][0xffffffe2][0x12][0xffffff87][0xffffffab][0xffffffe4][0xb][0xfffffffb][0xffffffa1]h}[0xffffffb8][0xffffffb2][0xffffff83]I[0xffffff9a][0xfffffff2]P2nB?s[0xffffff9a][0xffffff8f][0xffffffee]<[0xffffffb6]G[0x1]{[0xffffff9b][0xffffffb4]c-O&[0x12][0x14][0x11][0xffffffdb][0xffffffb1][0xffffffae]]C^[0xffffffe7])[0x12]Z[0xffffff9c][0xffffffcd][0xfffffffb][0xffffffac]-[0xfffffff4][0xffffffc1]6m[0xffffffe1])9L[0xffffffd8][0xfffffff2].[0xffffffb3]f[0x17][0xffffffb1]F"[0xffffff87]xC0[0x9]{[0xffffffeb]<[0xffffff9c][0xffffffcc]L[0xffffffeb][0xffffff9d][0xffffff8c](>{K[0xffffffe9][0xffffffa8]tT[0xffffff99][0xffffff95][0xfffffffc]8<[0xffffff8a][0xfffffffe][0xffffffa8][0xffffffaa][0x13]X"{[0x5]|[0xffffffbb]`4[0xffffff93][0xffffffc6][0xffffffa2]J/"[0xffffff89]g[0xffffff85]g[0xffffffc9][0xffffffe6][0xffffff81][0x1][0x1e][0xffffffe8]&[0xfffffff8]1[0xffffffed]D[0xffffffad]"[0xffffffe7][0xffffffc8]![0xffffffe2][0xffffffca]n[0xffffffb5]][0x11][0xffffffbd]F[0xffffff9d]K[0xffffffeb][0xffffffd3][0xffffff86][0xffffffe6][0xffffffc8]Sj[0xffffff84][\n]"
09:46:43.328 [main] DEBUG com.github.dockerjava.zerodep.shaded.org.apache.hc.client5.http.wire -- http-outgoing-2 << "K[0xffffffdc][0xffffff8c][0xffffffbe]}[0xffffffa2][0xf]Ja[0x1]*[0xffffffd7][0xffffff93][0xf][0xffffffdf][0xffffffde][0xffffffaa][0xffffffe6][0xffffffe3]6[0xffffff94]i2[0x1c]P[0xffffffdb][0xffffffe0][0x7f][0xffffffe4][0x1b]U8"[0x11][0xffffffd1]G[0xffffff91][0xffffffda]3[0xffffffe5][0xffffff89][0xffffff9d]rW[0xffffffc9]P[0xffffffdc][0xffffff93],[0xffffff9a][0xffffffca][0x1f][0xffffffda].[0xffffffb0]gO[0xffffff8e]/[0x1c]j[0x1a][0xffffffd1][0xfffffffd][0xffffff80]eT[0xc][0xfffffff7][0xffffff99]K[0xffffff80][0xffffffc1][0x1f][0xffffff97]5'[0xffffff8e][0x1a][0xffffffb6][0xffffffe7]h[0x1c]j[0xffffffaf][0xffffffd5][0xffffffe0]^[0xffffffb7]|E[0xffffffd6][0xfffffffb]Z[0xffffff93]i[0xffffff94][0xffffffbc][0xfffffffa]<v[0xfffffffe][0xffffff98]lOKC*'[0xffffffb3][0xc]kM[0xffffff89][0xfffffff3]2[0x1]H/[0xfffffffc][0xffffffc5][0xffffffa7][0xfffffffa]F[0xfffffff7][0xffffff8b]*[0x19][0xffffffff][0xffffffc4][0xffffffc4]h[0x19]J6[0xfffffff2][0xffffffce]Xn[0xfffffffe]*1&[0xffffffa5];[0xffffffc3][0x5][0xffffff82]F[0xffffffd6][0xffffffb0][0xfffffff0][0xffffff82][0xffffffcc][0xffffffe4][0xffffffa8][0xffffffdb][0xffffffb3][0xffffffeb][0xffffffbe]Y1[0xfffffff7][0xffffffa8]&[0xfffffff0][\n]"
09:46:43.328 [main] DEBUG com.github.dockerjava.zerodep.shaded.org.apache.hc.client5.http.wire -- http-outgoing-2 << "H^[0xffffffbb]Q9[0xfffffff9][0xffffffee][0xffffffde][0xffffff91]R[0xffffff99]x}"+[0x9]SM[0x4]h[0x1e]4.[0xb]L[0xfffffff7][0xffffff85][0xffffffc4][0x1d][0xffffffa8][0xffffffe0]O[0xb]*[0xffffff94][0xffffffa8][0x5][0xffffff89]N[0xffffffa3][0xffffffb7][0x1a]=[0xffffffdb]^[0xffffffad][0xffffff84][0x1f]{[0xfffffff0]<<[0xc][0xffffffe9][0x15][0xffffff93][0xffffffff][0x1c][0xfffffff3]d[0xffffff99]@[0xffffff97]O[0xffffff93]F[0xffffffd3][0xffffffa3]Oe[0xffffffcf][0xffffff87]'I[0x3][0xfffffff7][0xffffffa8][0xffffffd7][0x14]y[0xffffffde]N{X[0xffffffbc][0xfffffff4]IK[0xffffffbd][0xffffff94][0xffffffea][0xffffff97][0xffffffaf]z[0xffffff9e]kf[0xffffffb9]M="[0xffffff83].[0x1a]\[0xffffffd7][0xffffff8e]'[0xffffffa3][0x1b][0xffffffd1][0x6]/[0xffffffa8]Y[0xffffffe8][0x18][0xfffffffd]z[0xffffff9e][0xffffffa2][0xffffffed][0xffffffb3]Uf[0xffffff9d][0x3][0xffffff87][0xffffff91]%8[0xffffffd9]b4[0xffffffa8][0x10]$G5[0xffffffca]~&[0xffffffb9][0xffffffda][0x5][0xffffffc6][0xffffffef]L[0x1f][0xffffffe2]([0x7f][0xffffff88][0xe]PQc[0x11][0xffffffa2][0xfffffff1]v[0xffffffe8]o~[0xffffffa0][0x6]o2[0x4]R[0x8][0xffffffc7][0xffffff87][0xfffffff8]?[0xfffffff0][0xffffffb5][0xffffff98][0xffffffd0][0xffffff85][0xffffffe3][0xffffff9c]?[0xffffffd4][0xffffffc6]e[0xfffffffe],R[0xffffffbd][0xffffffdc][0xffffffa7]d[0xffffffbd]:[0xffffffb5][0xffffffde][0xffffffc9][0xffffff8a]R07C[0xffffffe8][0xffffffba]~[0xfffffff4][0xfffffffc][0xffffffa1][0xfffffffe][0xffffffab][0xffffffe5][0xffffff93][0xfffffff0][0xffffff9c]T[0xffffff82]'[0x1f]ANxb[0x4]P[0xffffffa5]Q[0xffffffbb]"T.[0xfffffff8][0x5][0xffffff8d]#[0xfffffff9]o3{m[0xffffff9d][0xffffff8c][0xfffffff4]V[0xffffffdf][0xffffffa4]2.[0xffffff8a]D[0xffffffbe][0xffffffa9]'Q5[0xffffff9b][0xffffffa8][0xffffff81]f[0xffffffdb]yN[0xffffffab][0xffffff9f][0xffffffd8][0xffffffb9][0x3][0xffffffd5]Gw1[0xffffffd3]Iz[0xffffff80][0xffffff91]n[0xffffffc4]#[0xffffffc2][0xffffffaf][0xffffff96]P[0xfffffffc]@[0xffffff82][0xffffffad][0xffffffc7][0xffffffb7][0xffffffea][0x1e][0xffffff87][0xffffffd1]V[0xffffffd4][0xffffffd3]-[0xffffffd2][0x10][0xffffffbc][0xffffffa2][0xffffffb0][0x6]Y[0xffffffdb]*[0xffffffb8]g{[0x1b]Y:M[0xffffffc4][0xffffffd3]ASe[0xffffff9b][0xffffff96]N[0xffffffb1]U[0xffffff87][0xffffff86]VS)[0xffffff85][0xffffffb0][0x7][0xffffffc9][0xffffffd5][0x9][0xffffff9b][0xc][0xffffffad][0xffffffd8]0[0xffffffc2][0xffffffca][0xffffffb6]fz[\n]"
09:46:43.329 [main] DEBUG com.github.dockerjava.zerodep.shaded.org.apache.hc.client5.http.wire -- http-outgoing-2 << "4[0xffffff91]V[0xffffff9f][0xffffffa8]U[0xffffffe4][0x2][0xfffffffc][0xffffffb2]Wl[0xffffffdc]IE[[0xe][0xffffffd8][0xffffffb2][0xffffffd3][0xfffffffb][0xffffffe7][0xffffff8e][0xffffff93]0[0xffffffcb][0xfffffff8][0xffffff8a]w[0x12]1I[0xffffffe3][0xffffff91][0x13][0xffffffc9][0xffffffdf][0xffffffef][0xb]?[0xffffffb2]{[0xffffffdf][0xffffff81]W[0xffffffb4][0xffffffff][0xffffffa9][0xffffff9a][0xffffffe4][0xffffffc2][0xffffffe7]j[0xffffff8f][0xffffff82]h[0xb]#[0xffffffa2][0xffffffb3][0xffffffb0]yQz[0xffffffa1][0xffffffe5][0xffffffc5]P[0x14]rP[0xfffffffb]x[0xffffffc0][0xffffffae][0xffffffe5][0xffffffd8]%[0xffffffd3][0xffffffc5][0x13][0xffffffb9][0x1][0xffffff8b][0xffffffba]Mjm[0xffffffaa][0xffffffbb][0xffffff86][0xffffffe7][0xffffffbb]tw[0xffffffab]|[0xfffffffd]$[0xffffffc3][0xffffffb6][0xffffffe5]8[0xfffffffb]L[0xffffffe9][0x16][0xffffff96][0xffffffac][0x16][0xffffffc8][0xffffffe0]1[0xffffffd6][0xffffffa7]L:Q[0xffffff8d]Z[0xffffffb2]@[0xffffffef][0xffffffb2]J*e|[0x0][0x1][0x3]W[0xffffff97]1[0xffffffc5][0xffffff97][0xfffffffa]I[0xffffff9c][0xffffffa5][0xfffffffc][0xffffff87][0xffffffda][0xffffffd6][0xffffffc1]R[0xffffffc2]-,'>[0xffffffea][0xffffff81]Bp[0xffffffdc][0xffffffdb][0xffffffa3]5U[0xffffff8f]z[0x1f]U=[0xffffff94][0xffffffe0][0xffffffeb][0xffffff9c]1[0x5][0x1f]m[0xffffffdf][0xffffff93][0x11]~[0x1f]S[0xffffffc9]dM[0xffffff80][0x1c]>[0xffffffbd]Q[0x19][0x0]u&[0xfffffff3].[0xffffffa9][0xffffffc0][0xffffffc8]^N[0xffffffcb][0x18][0xffffffc5]][0x14]_[0xffffffa6][0xffffffe1]\9[0xffffffc9][0xffffffe5]e;[0xfffffff5][0xffffffa9]mo[0xffffffa2][0xb][0x8]N[0xffffffc4][0xffffff8f]([0xfffffff8][0x10][0xe][0xffffffda][0xfffffff0][0xffffffe9][0xffffffa2][0xffffffda]a[0xfffffff0]PH[0xffffffaf][0xffffffde]|[0xffffffb2][0xffffffdc][0xffffffb4][0xffffffa9][0x8]Vq[0xfffffff2][0x15]t[0x0][0xffffffeb]Q[0x7f][0xfffffff1][0xfffffff2][0xffffff93]-[0xffffffa9][0xffffffe8][0xffffffca][0xffffff93][0x18][0xffffffae][0xffffffb1]j[0xffffff8a]4[0xffffffcc][0xfffffffd]Y[0xffffffe8] [0xfffffffe][0xffffffbd][0x13][0xffffffef][0x3][0xffffffe1](o[0xffffffcb][0xffffffde][0xffffffa7]K[0xffffffec][0xfffffff1].[0xffffffcd][0xfffffff2][0xffffff9c][0x17][0xffffffc3]\[0xffffffc9][0xffffff8b][0x1a]G[0xfffffff0][0x14][0xb]T[0xffffffad][0xfffffff4]s[0xffffff85][0xffffffe7]}[0x5][0x18]Q[0xfffffff9][0xffffffac][0xffffffaa][0xb][0xffffffb8][0xffffffad][0xfffffff7][0xfffffffd][0xffffffae][0x1a]2[0xfffffff6][0xffffffa7]e[0xffffffab][0xffffffeb][0xfffffffb]Y[0xffffffaa][0xffffffc1][0xffffffbe]UjWB[0xffffff81]K[0xffffffd3][0xffffffc5][0xffffffcd][0xfffffffd]&[0xffffffc7][0xffffffca][0xffffffe6]h[0xfffffffa][0xfffffff7][0xffffff91][0x1e][0xffffffd4][0xffffffaa][\r]P}[0xffffffed][0x1e][0xffffffe2]u[0x2]E[0xffffffdd][0xffffffbf]K[0xffffffe3][0xffffff98][0xffffffb8][0xffffffb2]1[0xffffffe3][0x18][0xffffffcf]Qlm[0xffffff98][0x1d]QS[0xffffffc8][0xfffffffe]N[0xffffff94][0xffffffe1][0xffffffd5][0x10][0xffffffc2][0xffffffa6][0xfffffff0]h2[0xfffffffb][0xffffffdd][0xffffff97][0x15]4[0xffffff9f][0xffffffbc]-FaR[0xffffff8d]_42[0xffffffd2][0xffffffc5]{[0xffffffe0][0xfffffff4][0xffffffb3][0x15]=T0*J[0xffffffb7][0x12][0xffffff88]q[0xffffffee]M[0xffffff8c][0x1d][0xffffffd9]&[0xffffffb8][0xffffffb0]5*[0xffffffe0][0xffffff85]P[0x3].[0xffffff9b]>[0xffffffe6]*a}[0xffffffce][0x7]{[0xffffffd3]XE[0xffffffb3][0xffffff88][0xffffffc1][0xfffffff5][0xffffffe5]hZ|[0xffffff8a][0xfffffff6][0xfffffffe][0xffffff9a][0xffffffa5][0xffffffc6]i[0xffffffd9]uG/[0xffffff98]F[0xffffffbc][0xffffff9e][0xfffffff4][0xffffffb8][0xffffffaf][0xffffff86][0xf]y[0xffffffc1][0xffffffa8]i[0xfffffff4][0xffffff84][0xffffffd3][0xffffff98]Ks[0xffffffca] t[0xffffffd9][0xffffff96]b[0x17]S|[0xffffffa2]![0xffffffb9][0xffffffa4]B)[0xffffff90][0xffffffdd][0xffffff83]V[0xfffffffb]$[0xffffffd0][0xfffffff5][0xffffffca][0xffffffc6]yQ[0xffffffc9][0xffffffee][0xffffffad][0x1]G#[0xffffff84]9IL~W[0xffffffd4]f[0xffffff85][0x3]W|[0xffffffd3][0xfffffff4][0xffffff85][0xffffffd2][0xfffffff3][0xffffffa5][0x16]s[0xffffff92][0xffffffc1]y[0xffffffb3]Q[0xfffffffb]-*[0xffffffd6]Y[0x16][0xffffffdf]([0xffffffb7]m[0xffffffce]u[0xffffffe1]`[0xffffffe4][0xb][0xffffff95][0x12][0xffffff86]`[0xffffffcb][0xffffffe5]o[0xffffffba][0xffffff96][0xffffffb8][0xffffffd1][0xffffffac][0xffffffe4]8[0xfffffff7][0xffffffd2][0xffffffc7]G[0xffffffbf]8?[0xffffffde][0xffffffe5][0xffffffc5][0x14][0xffffffba][0xffffffdb]{[0xffffffa2]!`[0xffffffbd],[0xffffff94]V[0xffffffaa][0xffffffa4][0xffffffb2][0xffffff93][0xffffffec][0x1d][0xffffff90][0x4][0xffffffc9][0xffffffa4]e[0x7f][0xffffffc3][\r]?D[0xffffffc0]]fg}[0xffffffb9][0xffffff9d][0x4][0xfffffff1][0xfffffffb]h[0xffffffd5][0x14]J[0xffffffee][0xffffffd4][0xffffffff][0xe][0xffffffd1]&S[0x19]e([0xffffffdd][0x2][0xffffffd3][0xffffffa4][0xffffffcc][0x7f]B[0xffffffd0][0xffffffec]s[0xffffff94]9<[0xffffffb2]~$q[0xc][0xffffffa4]6&[0xffffffa9][0xffffffb2]^[0xffffffbd][0xffffffa8][0x1f]g[0x11][0xffffffd3][0xffffffa4][0x1e][0xffffffc1]rL[0xffffffb1]`.l[0xffffff9f][0xffffffea]kJZ[0xffffff82]iw[0xffffff87][0x12][0xffffff92][0xffffffb7][0xffffffd5][0xffffffab][0xffffffb4][0xfffffffc]Od B[0xffffffd6]&[0xfffffff4][0xffffffb7][0xfffffffa][0xffffff88]iKL*[0xffffffc1][0x1][0xffffffa9][0x1b]N[0xffffff9e]B[0xffffffe8][0xffffff94][0x1d][0xffffff9e]p[0xffffff99][0xfffffffc][0xffffffd5]M[0xffffffcf][0xffffff86]5[0x1a]_\[0xffffff85][0x1c]It[0xffffffb7][0x16][0x1a][0xf][0xffffff9b][[0xfffffffb][0x9][0xffffff9f][0xffffff99]@[0xffffffd0][0xffffffd7]l.[0xffffffa0]}:[0xffffff8d][0xffffffd8]KQ$F[0xffffffbe][0xffffffbe]-[0xffffffc1][0x9]'u3{[0xffffffef],9-[0xfffffff3]X[0xffffffbb][0xffffffb4]{n[0xffffff9c];f[0xffffffd9][0xffffffa4]T[0xffffffd2]6[0xffffff8f][0x6][0xffffffc2]y[0xffffff90][0xffffff9a][0xffffffd7][0xffffff88][0xffffffd5][0xffffffeb]B[0xffffffc0][0xffffff97][0xfffffffd]xB[0xffffffb2])[0xffffff99][0x17]}[0xffffffbe][0xffffff8f][0xffffffcc][0xffffffb8][0x1]m[0x9][0xffffffac]4[0x10]T[0xffffffce]4[0xffffffdd][0xffffffd4][0xfffffff7]0[0xffffffab]cO[0x4]z[0xfffffff9][0xffffffee][0xfffffff4]R[0xffffffd5][0xffffffeb]Hc;[0x4][0xffffffb0]Bj[0xffffff98][0x10][0xfffffff1][0x1c]l[0xffffffc9]b[0xffffff8b][0x12][0xfffffff0][0xfffffff8][0xffffffb2][0xffffff87]A[0xffffff8f][0xffffff80][0xffffffcf][0xfffffff2][0xfffffff4][0xffffffec][0xffffffc0]K[0xffffff87]][0x1][0xfffffff5]c`[0xffffffab]1[0x9][0x3][0xffffffbc][0xffffffc5][0xffffff83][0xffffffb7]bH[0xffffff87][0xffffffe8][0xffffff86]|wC[0xffffff84]G[0xffffffdc][0xffffffe9]r[0xffffff85][0xffffffdf]c[0xffffffd0][0xffffffdf][0xffffffe5]L[0xffffffdd]O[0xffffffaa]}[0xffffffd3]K[0xffffffdb][0xffffffbb]`[0xffffff8b][0xfffffff8][0x15]1O-[0x1d][0xffffffab][0x5][0xffffff82][0xfffffff3]V[0xffffffd5]~[0x14]~[0xffffffd8][0xffffff91][0xffffffcb][0xfffffff2][0xffffff8c][0xffffffa4][0xffffffb9][0xfffffff1][0xffffff94][0xffffff90][0xffffff80]TJOz; T[0xffffff99][0x7][0xffffffc9][0xffffffa4][0xfffffffe]8[0xffffffaf]?[0xffffffa4]P[0xffffff9c]v[0xffffffe9][0xffffffd0][0x1c][0xffffffef]t[0xffffffd7][0x17][0xffffff9e][0x0]^|^Tj[0xffffffa9]Uk[0xffffff8a][0xffffff8b][0xffffffbf]^[0xffffff9d][0xffffffaa][0xffffff9b][0xffffff86][0xffffffe9]I[0xffffff93]$[0x1c][0xffffff8a][0xffffffb0][0xffffff84][0xffffffa9][0x1a]z[0xffffffd5]#[0x11][0xffffffdb]'[0xffffffb3][0xffffffa8]{[0xffffffab][0xffffffec]s[0xffffffad][0x17][0xffffffe4]|[0xffffffd6][0xffffffc3][0xffffffc9]@_[0xffffff9a]`[0xffffffad]7[0xb][0x2][0xffffffb4][0xffffffa5][0x1f][0xffffff82][0xffffff96][0xffffffee][0xffffff9b][0xfffffff8][0x12][0x1b]s[0xffffffde][0xffffffb6]t[0xfffffff4][0xffffffa1][0xffffffd0]d[0xffffffb7][0xffffffb0][0xffffff86]#;[0xffffff96]l[0xffffff9b][0xfffffff1][0xffffffb8][0xffffff82][0xffffffb3]5[0xffffffb9]x[0xffffffc4][0x3]v[0x8][\r][0xffffff9a][0xffffff81] 6:OJ,[0xffffffec][0x17][0xffffffd4][0xffffffa3]S3[0xffffffb4][0xffffffe7]R[0xffffff91]~e[0xffffffa3][0xffffffd6][0xffffffcb][0x14]{SZ[0xffffffd5]:zS4I[0xf][0xffffffe3][0xffffffcd][0x2][0xffffff9f][[0xffffffef]w%[0xffffff8f][0x15]~[0xffffffa3]<;[\n]"
09:46:43.329 [main] DEBUG com.github.dockerjava.zerodep.shaded.org.apache.hc.client5.http.wire -- http-outgoing-2 << "[0xfffffff0]#[0xffffffe9]u[0xffffffdb]WM[0xffffffae][0xffffff89][0x18][0xfffffffb][0xffffffea](X&"_[0x11]$[0x15][0xffffff8c]pl[0xffffffcb]v[0xfffffff2]>P:6[0xffffffe4]U[0x1a]*V[0xfffffff0][0xffffffb3][0xffffffb7][0xffffffcd]{[0x14][0x13][0xffffffe5]p`q[0xfffffff5][0xffffff88][0xffffffa9][0xffffff84]l[0x19][0xffffffcd][0xfffffffd][0x14][0xffffff9a]y[0xffffffd2]h[0xffffffd3]slY[0xffffff8b][0xffffffaf][0x1e]P3[0xffffffc3][0x18][0xffffffe0]|2![0xffffffdc]>[0xffffffcd][0xffffff94][0xffffffbd][0xffffffc9][0xfffffff3][0xffffffe0][0xffffffaa];V[0xffffffc4]i[0xffffffc4][0xffffffd4][0xfffffff5]2[0xfffffff4]Hd3[0xffffffca][0xffffffed][0xffffffad][0xffffffb5]et[0x8][0xffffff8f][0xffffff9b][0xffffffb9][0xffffffdf][0x1b][0xffffffa7]i[0xffffffb3]L[0xffffff81][0xfffffff8][0xffffff98]NfM[0xffffffae][0xe][0xffffffc0][0xffffffac][0xffffff82]^[0xffffffd5][0xffffffe8][0xffffffe7]'[0xffffffdd]w[0xffffffd9]v[0xffffffd2];[0xffffffeb][0xffffffac][0xffffff92]>a[0xffffffb3][0xffffffb3]R[0xffffffd1][0xffffffe6]c[0x1e][0xffffffa1]Z[0xffffffd0][0xffffff89][0xffffffc6][0xffffffb0][0x11]/[0xffffffee][0xffffffb9][0xffffffbc](([0xffffffd5][0x1c][0xffffffcb]NJ[0xfffffffa]P[0xffffffdb]9[0xffffffb5]{[0xffffff85][0xffffffd2]|[0x11]C[0xfffffff3][0x5][0xffffff94][0xffffffec][0xffffffc0] F:a[0xffffffe4][0xfffffff8][0x1c]!.[0xffffff91][0x1f]O[0xffffffe8]E[0xffffffed].[0x15]E[0xffffffba]9[0xffffffda][0xffffff87][0xffffffb3][0xfffffff8][0x6][0xfffffff2][0xffffff96][0xffffffa9][0xffffff84][0x1d][0x17]F[0xfffffff7][0xc]u[0xfffffffa][0xffffffb9][0xffffffca][0xc]][\n]"
09:46:43.329 [main] DEBUG com.github.dockerjava.zerodep.shaded.org.apache.hc.client5.http.wire -- http-outgoing-2 << "?@[0xffffffa3]-[0x12][0xffffffc5][0xffffffb6]9[0xffffff8c]c U[0x7f]U[0xffffffa0]D*D[0xfffffff9]kf.h[0xffffffe9][0xffffff8c]5[0xffffffab]_&[0xffffffbb]\[0xffffff8f][0xffffffe4][0xffffffea]^[0xffffffe2]X[0xffffff8a][0xffffffb2]K[0xffffffbe]O>'[0xfffffff1]&[0xffffffa5]:[0xffffffd1][0xc][0xffffffd3]Ae[0xffffffda][0xffffff84][0xffffffa4][0x7f][0xffffffc2][0xffffffc1][0xffffffe1]z[0x5][0xffffffc4][0xfffffff4][0xffffff9e][0xffffffdd][0xfffffffd]z[0xffffffe3]b[0xffffffd3][0xffffffdc]O[0xffffff9d][0xffffffe2][0x18][0xfffffff6]G[0x11][0xffffffd4]4[0xffffff8b][0xffffff99][0xffffff97][0x1c]4EW[0xffffffbd][0x5]d[0xffffffb5][0xffffff96][0x1f][0xffffffd3][0xffffffae]Z[0xffffffd1][0x16]'=[0xffffffca][0xffffff9b][0x1d][0x1d][0xc][\r]f[0x0]U[0xffffffc9][0x1][0xffffffa6][0xffffff94]p[0xfffffffa][0x15][0x1e][0x13]!\[0xffffff9c][0xffffff83]x-[0xffffff85][0xffffffa6][0xffffffaf][0xffffffc1]~[0xffffffdc][0xffffffcd]P[0xffffffbd]kh[0xffffffe5]CxV9&"[0xffffffb4][0xffffff97][0xffffff88][0xffffff97][0xfffffff1][0xf]FC[0xffffffa5][0xffffffdc][0xc][0x19][0xffffffa6][0xfffffff7][0x1e][0xffffffd7][0xffffffcb][0xb][0xffffffcb][0xc][0xffffffc8][0xffffff9c]fh[0xffffffe8][0xffffff89]}[0xffffffd9]Y[0xfffffff9][0x6][0xffffff9d][0xffffffbb]p[0x19][0xffffff98][0xf][0xe]mc[0xffffffa8][0xffffffb4][0x1c]o6[0xfffffff7][0xffffff87][0xfffffff9][0xfffffff6]-[0xffffffb8][0xffffffe4].n[0xffffffa9][[0xffffffc3][0xffffffe3][0xffffff91][0x3][0xffffffaf]W[0xffffff91][0xc][0xffffffe0][0xffffff8f][0xffffff85][0xffffff95][0xffffff8f]5[0xffffffbd][0xffffff88][0xffffffab]2=H[0xffffffa2][0x13][0xfffffff9][0xffffffe0]}?[0xffffffb2]8[0xffffff85]f[0xffffffc3][0xfffffff0][0xffffffda][0xfffffff1][0xffffff9d][0x12]Rf[0xffffffe5][0x19][0x1d]{ch[0x15])[0xc][0xfffffff8][0x4]<[0xffffffc3]N[0x15]q[0xffffffcc][0xffffff8b][0x1a][0xfffffff6][0xffffffb8]p[0xffffffe3][0xfffffff9]H[0x1b]f[0xffffffba][0xffffff8a][0x7][0xffffff85]C[0xffffffa1]lbq4#[0x17][0x1e]U[0xffffffea][0xffffffd2][0xffffffd4]D[0xffffffed][0xffffffd8] [0xffffffe8][0xffffffcf][0xffffffcb][0x6][0xffffffff] f[0xffffffa4][0xffffff9a],[0xffffffaf]q[0xfffffff5][0xffffffaa]K[0xffffffcf][0x13][0xffffffa4][0xfffffff5]b[0xffffffe4]+[0xffffff9d][0xffffffb7][0xf][0xffffffa4]=[0xffffff90][0xffffffb7][0xffffff80]8[0xffffffba] [0x13][0xffffffbb][0xfffffff9]j|A[0xffffffec][0xffffff9c][0xffffffd4]U[0x5][0xffffff8c][0xffffffd7]>[0xffffff80][0xffffffd1]+[0xffffff87][0x7f][0x2]u9[0xffffff82][0xffffffb6][0xffffffa0][0xffffffcc][0xfffffff6]9[0xffffff95][0x15][0xffffffeb]1[0xfffffff1][\n]"
09:46:43.329 [main] DEBUG com.github.dockerjava.zerodep.shaded.org.apache.hc.client5.http.wire -- http-outgoing-2 << "*GR[0xffffffac][0xffffff83][0xfffffffc][0xffffffbd][0xffffffd4][0xffffffed]K_[0xffffff85][0xffffffe2][0xffffffa1][0xffffffb2][0xffffffbd][0xffffffc7]sT[0xffffffee][0xfffffff0]F'[0xffffff97][0xffffffdd]E[0xffffffe3]H5[0xffffffb9][0x9].q[0xffffff8b][0x1]y[0xffffffd1][0x1e][0x1f][0xffffffdd][0xffffffc9][0xffffff8a][0xfffffff5]w7[0xffffffe6][0xffffffc3])[0xffffff9f][0xffffffc2]=E@[0xffffffc6]u41[0xffffffff][0xfffffff4][0xffffff9a]k[0xffffffda]XH[0xffffffd5][0xffffffd7][0xffffff86]&<@[0xffffffeb][0xffffffe1][0xffffffd4][0xfffffff9][0x8][0xfffffffd][0xfffffffe][0xffffffe1][0xffffffa2][0x13]1[0x9]"P[0xffffffac]"*>[0xffffff8a][0xffffff93]s@[0x12]N`[0xffffffe6]*[0xffffff82][0x11]+"
09:46:43.376 [main] DEBUG com.github.dockerjava.zerodep.shaded.org.apache.hc.client5.http.wire -- http-outgoing-2 << "[0xffffffc6]8[0xffffff89][0xffffff8c]Y[0xffffffa5]_[0xffffffbf][0xffffff83][0xffffff85][0x13]K[0xffffff9f]x9[0x7][0xffffffb5][0xffffffff][0xfffffff5][0x11]ek[0x1][0xffffffad]#[0xfffffffe]7[0xffffff8b]][0xffffffcd]K[0x4][0xffffff9d]-[0x13][0xffffffda][0xffffff80]E[0x7f][0xffffffea]oV[0xffffffc6][0x6][0xffffffdd][0xffffff97]EMh[0xffffffb5][0xffffffec][0x11]D[0xfffffff1][0x7][0xffffffe9][0xffffffb6]N[0xfffffff1]S9[0xffffffe5]r[0xffffffb2]Kc[0xffffffa8]x[0xffffffb2][0xffffff89][0xffffffe3]-[0xffffffe3][0x13][0xffffffde][0xffffffd0][0xffffff8d][0x16][0xffffffa5][0xffffffb8]2[0xffffffcf][\r][0xffffffe9]X[0xfffffffc][0xffffffb7]Q[0xffffffc9][0x6][0xffffff9d][0xffffffc1][0xffffffdf][0xffffffca][0x1e][0xffffffb2]s[0xffffffbc][0x14][0x1b][0xe][0xffffffcf][0xffffff81]r+}[0xb][0xffffffd5]_s?[0xffffffbb][0xffffffd6]9O[0xffffffbb]fY[0xffffffa8][0xffffffd7]mB'[0xffffffe1][0xffffffdd]v[0x1][0xfffffff7][0xffffffdc]1[0xffffffc3]H[0xffffff80][0xffffffc5][0xffffff8b]Y[0xffffff92]d[0xffffff95]@[0xffffffbe][0xffffff8f][0x1c]/[0xffffffa6][0xffffffa1][0xffffffa1]@_[0xffffffb5][0x18]$[0xffffffb5][0xfffffff3],[0xffffff8a][0xffffffdc]E_^[0xffffffe4]3[0xffffffba][0xffffffe2]k@][0xffffffac]Su[0xffffffd7][0xffffffdd]S[0xffffffca]=[0xffffffaf][0xffffffb2]z[0xffffffb4]U[0x7][0xffffffd9]w.|4[0xffffff89]7[0xffffffed]h5w[0x7][0xffffff9a][0xffffff90][0xffffff9a]a;L[0xffffffe7]Nr[0xffffffd9]r[0x4]ri[0xffffffc6][0xffffffd3]jA[0xffffff93][0x11]Aw[0xffffffaf][0xe]h[0xfffffff1][0xffffffcf][0xffffffc8][0xffffffa6][0xfffffffc][0xffffffa8][0xffffffb0][0xffffff9d]m[0x1b]S[0x14][0x2]t[0xffffffe7][0x5]X[0xffffff92][0xc]w^NF[0xffffffdd]q[0x17][0xffffff8a][0x1][0x19][0xffffffcb][0xffffff85][0xffffffe7]&[0xffffffc5][0xffffffaf][0xb]4[0xffffffc6][0xffffffd3][0x18]U[0xffffffa6][0xffffff8b]DSf[0x1c]MaD([0xffffffe1]:[0x16]V=[0xffffffa2][0xffffff84][0xffffffb9]Ot:[0xffffffdf]NZ#[0xffffffc0][0xffffff9e]yr[0xffffffd4][0xffffffff][0xffffffd0][0x2][0xffffffb9][0x5][0xffffffae][0xffffffea][0xffffffce][0xffffffd9][0xffffff9a]6[0xffffffbb][0xfffffffe]Z[0xffffff86]o[\r][0xfffffff1][0xffffffe8][0xffffff84][0x3]ymuI[0xffffffd6][0x1c][0xffffffa6][0x1b][0xfffffff9][0xffffffdb][0xffffffe5][0xffffffde]@[0xffffffd2]4[0xffffffbc]0[0xffffffff][0x1d][0xffffff81]-[0x1e][0xffffffd7]g[0xffffffc2][0xffffff85][0xffffff96]}[0xffffffc6][0x7]+/'/[0xffffffb9][0xffffffbb][0xffffffa1][0xfffffff1][0xffffffb6][0x14][0xe]? [0xffffffad][0xfffffff3][0xffffff97][0xb][0xffffffa3]D[0xffffff82]:w[0x5][0xffffffbc]x[0xffffffee][0xffffffc5][0xffffffce]i[0xffffffe4][0xffffffdc][0xffffffcd][0xffffff8e][0xffffff9b][0xffffffd4][0xe][0x15][0xffffffa8][0xffffff8e]Bf[0xffffffe5]9`[0xffffffa8][0xffffffde]u[0xffffff8f][0x1a][0xffffffdd][0xffffffcb][0x1e]0[0x7][0xfffffffb][0xffffffa3][0xffffff99]M[0x8][0xffffffd5][0xffffff85]m2[0xffffffdc]Q[0xffffffda][0xffffffcb][0xffffffe8]<+[0xffffffe5]m[0xffffffc2]g[0x4][0xfffffffd][0xfffffff1][0xffffffd5][0xffffffe2][0xfffffff6][0x3]B[0xfffffff4][0xfffffff9][0xffffff99][0xffffff9e][0xffffffd3][0xffffffaa].P[0xffffffe2][0x14][0xfffffff5]3^[0xffffffa6][0xffffffbe][0xffffffc3][0xfffffff2][0xffffff90][0xffffffca]Z'[0xffffffa3][0xb]L^[0xffffff99]Z[0xffffffc7][0x14])S[0x1c][0xffffffef]i[0x5][0xffffffb5]hSV[0xffffff9d][0xffffffc7][0xc][0xffffff91][0xffffffef]}[0xffffffda][0xffffffdf]a[0xffffffaa][0xffffff89]rR[0xffffffae][0xffffff95]b[0xffffff9a]'[0xffffffe7]@[0x18][0x7]p+[0xffffffd2]{[0xfffffff3][0xffffffb8][0xfffffff7][0xfffffff1][0xffffff9d][0xffffff9c][0xfffffffc][0xffffffb0][0x1a][0xffffff89](k[0xffffffb0][0xffffffd3][0xffffff8a][0xc]`[0xffffffec][0xffffff8b][0xfffffffc]P[0xffffffcd][0xffffffbd][0xffffff8a][0xfffffff9][0xffffffd7][0xffffffda][0xffffffec]%W|[0xffffffe5]m^4[0xffffffe5][0xe][0xffffffd2][0xffffffa7];xm[0xffffffb1]{[0x15]N[0xffffffd6][0xffffffc6][0xfffffff4][\r][0x15]-[0x14][0xffffffd3][0x1c][0xffffff8b]*[0xffffffc9][0xffffffac]`m[0xfffffff1]&6$Yu[0xf][0xffffff89][0xffffffcf]?[0x11][0xffffff87][0x19][0xffffffef]k[0xffffff99]5[0xffffffec][0xffffffe0][0xffffff85][0x17][0xb][0xffffffee][0xe][0x18][0xffffff8d][0xffffffb9][0xffffffd8][0xffffffaf]  *[0xffffffa9][0xffffffc9].[0xffffff91]K[0x18][0xffffff8d][0x7f]6[0xffffffc8]O[0xffffffd5]K[0xffffff9f][0xffffffb1][0x14][0xffffff93][0x10][0x1a][0xffffffa9]5[0xffffff94](#[0xfffffffb][0xffffffc8][0xfffffff8][0xffffffad][0x9][0xffffffce][0xffffffba][0xffffffac]H[0xffffffe3][0xffffff8e][\r]~[0xffffffde][0xffffffec][0xffffff82]zp[0x17][0x1a][0xffffffdb][0x19][0xffffffc0][0xfffffff7][0xffffff85]P[0xffffffd2]OeX[0x13]7[0xffffffb5]~W[0xffffff80][0x10]^[0xc]f"[\n]"
09:46:43.377 [main] DEBUG com.github.dockerjava.zerodep.shaded.org.apache.hc.client5.http.wire -- http-outgoing-2 << "Q[0x18]Y`[0xffffff87]H[0xffffffde]b[0xffffffab][0xffffffa2][0x4][0xffffffb4][0xffffffcf][0xffffffe0][0xffffffdd]tT[0xffffffd6][0xffffffb6][0xfffffffe][0xffffffb2]$0[0xffffffde]d[0xffffffa6]z[0xffffffec][0xffffffe1][0xffffffaa]aG[0xffffffe8][0xffffffa6]34x[0xffffffc1][0xffffff9e]5[0x1b][0x5][0xffffffcf][0xffffffdb][0xffffffd4]0V[0x11][0xffffffe9][0xffffffb1][0xffffffed][0xffffffb6][0xffffffb6]I[0xfffffff5]j[0xffffffe8][0xe][0x11]zj[0xffffffac][0x1e]r[0xffffffbf][0xffffffd0][0xffffffec][0xffffffe7]3[0xffffff93][0x14][0xffffffa2][0xffffffc2][0xffffffc2][0xffffffc5][0xffffffb0][0xfffffffc][0xffffffaf][0xffffffd9][0xffffffe9][0xfffffff3][0xffffffbe][0xffffff97]4]N[0xffffff86]([0xffffffbc]|I[0xffffff8b]8[0x16][0xffffffd3][0xb][0x8][0xffffffc4]c[0xffffffce][0xffffffd5]i[0xffffffea]\[0xffffffe4]DI[0xffffff94]4GL[0xffffffad][0xffffff92][0x11][0xffffff9d]Z[0xffffff83][0xffffff90][0xffffffa6][0xffffffa8][0xffffffaf][0xffffffd8][0xfffffffd]tD:[0xffffffa2]:`[[0xfffffff9]+[0xfffffffe]f[0xffffffbd]i[0xffffffa1][0xffffffd2][0xffffffb7][0xffffffc4]z[0xffffff92]/|[0xffffff8e][0xffffffa4][0xfffffffc][0xfffffff5][0xffffffb4]v[0xffffff84][0xffffffa6]wX&,[0xfffffff0]E[0xfffffff1]s4<[0xffffffb1]B[0xffffff9b][0xffffffe0][0xffffff98]lz!Z[0xffffff83]v[0xffffff85]JN[0xffffff9a]w9_p[0xffffffb3][0x18]>[0xffffff9d][0xffffffd9][0x8][0xffffffb6][0xffffffb1][0xffffff8e][0xffffffea][0xffffffec]GB[0xffffffd0]R[0xffffff84][0xffffffea]~[0xffffff90][0xffffffa7][0xffffff85][0xffffffe6] [0xffffff88][0xffffffb0]lO[0xffffffcb][0xffffffeb][0xffffff9d][0xffffffff][0xfffffffe][0xffffffec][0xffffffab]S[0xfffffff7];[0xffffffe3][0xfffffffb]=[0xffffffaa]F[0xffffff89]S[0xffffffee]([0xffffffa5]u[0x2][0xffffffbb]e[0xffffffdf]X>[0xffffffb2][0x8]v[0x2][0x2]![0xc]wi3[0xffffff96]x[0xffffff8a]u[0xffffffb6][0xffffffb0][0xfffffff4]?[0xffffffdf]5[0xffffffb0][0xffffff80][0xffffffb3]2[0xfffffff4]u]L[0xffffff91][0xfffffff6]4[0xffffffd0][0x12][0xffffffae][0xffffffcb]m~NX[0x5]*[0x17][0xfffffff5][0xffffffe3][0xffffffc9]=[0xffffff8a]s[\n]"
09:46:43.377 [main] DEBUG com.github.dockerjava.zerodep.shaded.org.apache.hc.client5.http.wire -- http-outgoing-2 << "[0xffffffb8]+%[0xffffff92]j[0x1b][0xffffffbb]W[0xfffffff0][0xffffffcd][0xffffffd9]~[0xffffff93]r[0xffffffe3][0xffffff83]"#45[0xffffffb8][0x12]&[0x1c]d[0xffffffaf][0xffffffe8][0xffffffc1][0xfffffff9]^wrK-[0xffffffd1][0xfffffff2]m[0xffffff89][0xffffffd1]J[0xffffffe8]+[0x7][0xffffffcc][0xffffffd0]wd[0xffffffc9]N[0xffffffd6]y[0xfffffff3]0[0xffffffd0]nD[0x1a][0x17][0xffffffc6]o[0xfffffff2].\[0x1][0xffffffe3][0xffffffec]6[0xfffffff7]|;[0xffffffc7][0xffffffb6]}[0xffffff98][0xffffffab][0xffffffcb][0xfffffffe]3[0xffffff99][0xffffffce]{[0xffffff91][0x16][0xffffffa9]b[0xfffffff2][0xb][0xffffffde]D[0xffffff97]_>[0xffffff9b]F?[0xfffffff7][0xfffffff6][0xffffffc0][0xffffffcd]7[0xffffffce][0x1e][0xffffff8b][0x1b][0xffffffcc][0xffffffa3]b[0xffffffac][0xffffff89][0xffffffa1] }[[0x1d][0xffffff9c]TOMC[0xffffffef][0xffffffa2],T[0xffffffbd][0x19]/u[0x1a][0xffffffb8]z[0xffffff82]G@50[0xffffffd8][0xffffffa3]L[0xfffffffd][0xffffffc5]I[0xffffffab]v[/[0x8][0xffffffb7][0xfffffff1]u[0xffffffcb][0xffffffe6][0xffffff8e]Dk[0xfffffff5][0xffffffbe][0xffffffc2][0xffffffe7][0xffffffbe]l[0x1a]h[0xffffffb5]fU[0xffffff86][0xffffff98][0xffffffea][0xffffff99]S[0xffffffbc][0xffffffd1][0xffffffb2][0x1a][0xffffffd6][0xffffff8a][0xffffffad][0xffffffbc][0xffffffb4][0xffffffe9]q[0xffffff92][0xffffffe6][0xffffffce]'_[0xffffff97][0xffffffc0]q#6q1d[0xffffffdd]6[0xffffffc7]J[0xffffffe9]V[0xffffffd4][0xffffffd0]L[0xffffffdf][0xffffff98][0xfffffff0][0xffffffcb][0xffffffc2][0xffffffbb][0x2])>[0xffffffb1][0xffffff8b]9 Wc[0x12]1[0xffffff81]![0xffffffd9]B[0xffffff89][0xffffffae][0xffffffeb]~[0x1c]mSV([0xffffffd6]"[0x19]#[0xffffffc6][0xffffff97][0xffffffcd][0xffffffb0]`[0xffffffaa][0x1d]_[0xffffffe6][0xffffffb3][0xfffffff7][0xffffffe7][0xffffff8c]4y[0xffffffd0][0xffffffb8]B[0xffffffe3][0xffffff9c][0xffffffc2][0x13]`d[0xfffffffd][0xffffff82][0xffffffa8]^[0xffffff9a][0xffffff92][0xffffffc5][0xffffffe2][0xfffffff7][0xffffff9f][0xffffff8b][0xffffffdd]HJ<'3[0xffffff99]L[0xffffffba]6[0xffffff80][0xfffffffa]$[0xffffff9f]>[0xffffffbf]'[0xfffffff1][[0xffffffbd][0xffffffef]"[0xffffffc6]R[0xffffffa3]eG}[0x1a]G[0xffffffc8]#=[0xfffffff4][0xffffff9c][0xffffffab][0xffffffea]tb[0x3][0x17][0xffffffd6](c[0xffffffed]--[0xffffffd6][0xffffffe2][0xffffffe6][0xffffffc6][0xffffff8e]K[0xffffffd3][0xffffff8c][0xffffffca]h[0xffffff9d][0xfffffffd][0xffffffd9]RB[0xfffffffc]I[0x2][0xfffffffa]^[0xffffffaf][0x1e][\n]"
09:46:43.377 [main] DEBUG com.github.dockerjava.zerodep.shaded.org.apache.hc.client5.http.wire -- http-outgoing-2 << "[0xffffff94][0xffffffef][0xffffffe9][0xffffffb6][0xffffffda][0xffffff83]@[0xffffff8f]8[0xffffffd7][0xffffffc5][0xffffffca]zJ[0xffffffd1][0xfffffffd][0xffffff8f][0xf]K[0xffffffac][0xffffffa2][0xffffffc9]8[0xffffffa2][0xffffff8a][0xffffffc3][0xffffffad][0x6]l[0xffffff97][0xffffffb5]<[0x5][0x11][0xffffffb5]{B[0xffffffb0])[0x9][0xfffffff2][0xffffffc5]'1[0x2]Z[0xffffffaf][0xffffffe4]m[0xffffff9d][0xffffffa4]R[0xffffffb2][0xffffff8c][0xffffffab]x.[0xffffffd6]H[0xffffffa3][0xffffffe4][0xffffff83]^[0xffffffba][0xffffff93][0xfffffff3][0xffffff9f]6[0xffffff9d][0xffffffde][0x19]wd[0x11][0xffffff87][0xffffffb1](xHm[0xffffffe8][0x19][0x1c][0xffffffba][0xffffff90]2[0xffffffc5][0xffffffbc][\r]%[0xffffffd1][0xffffffd6]]uv[0xffffffaf][0xffffff93][0xffffffd5][0x6][0xffffffdc][0xffffffe0]M[0xfffffff8][0xffffffe1][0xe]"6[0xffffffd0][0x16]ik[0xffffff92][0xfffffff6][0xffffffb0].[0x4][0xffffffac][0xffffffbd][0xffffffa3][0x15]v[0xfffffffc][0xffffff8a]%[0xffffff82][0xffffff9e][0xffffffaa]D[0xffffffb6])>[0xffffffe8]0[0xffffff98][0xffffff90]N[0xffffffb6][0xffffffb0]][0xffffff9b][0xffffffde][0xffffffe9][0xffffff8d][0xfffffff3][0xffffffb6][0xffffffa4]N[0xffffffd5]+[0x2]\=[0xffffffc4][0x17][0xffffffa0]o[0xffffff9b][0xffffff9f]}s[0xffffffb0][0xfffffffc][0xffffffc9][0xffffffa0]E[0xffffffab][0xffffff90][0xffffffd1][0xffffffbf]=[0xffffffdd]W[0x8][0xffffffb1]7c3&:[0xffffffd4]c[0x1][0xffffffcf][0xffffffd7]{[0xffffffd9][0xffffffe9][0xffffff9b]8[0xffffffbb]l[0xffffffbf][0xffffffb9][0xffffffa0]?n[0xffffffaf][0xffffffde],[0xffffff8c]NF[0xffffffac]U[0xffffffc5]6[0xffffffcb][0xffffffb6][0xffffffe7]DA[0xffffff83][0xffffff8f][0xffffffa5][0xffffffbb][0xffffffea][0xffffffa0][0xffffffbf][0xffffffdf]P[0xfffffff9]@i8v[0xffffffce][0xffffffb6][0xffffffb7][0x7f]^W[0xffffffb3][0xffffff9a][0xffffffcd][0xffffff81][0xffffffb9]x@j[0xffffffde][0xffffffda][0xffffffd0][0xffffffe7]t[0x12][0xffffffbd][0xffffffd1][0xffffffc7]=[0xffffffa2][0xffffffc6] 3[0xffffffbb]4[0xffffffb4][0xffffff85][0xffffffdc]x,41.[0x17]q[0xffffffc4][0xffffff9d]W[0xffffff88][0xfffffff5]q[0xffffff96][0xfffffff7][0xffffffa9][0xffffffd0][0xffffffdc][0xffffffe8][0x18][0xffffffc5]+[0xffffffcd][0xffffff99]6[0xffffffaf][0xffffffd5][0xffffffcd][0xffffffd9][0xffffffa8][0xffffffe3][0xffffffd3][0x1e][0xffffff97]b*[0x5]A[0xffffff92][0x17][\r]E[0xffffffa5]~[0xffffffdb][0x13][0xffffffca][0xfffffffa][0xffffffda][0xfffffffb][0xffffffc7][0xffffffe7]p*[0xffffff8f][0xf][0xc]e[0x11]6[0xffffff9d]a[0xffffffbd][0xfffffff8][0x9])_[0xffffffdb]h~Q7[0xffffffb7][0xffffffe9]L[0xffffffd0]<[0xffffff86][0xf][0xfffffff9][0xfffffffc][0x8][0xffffff8f][0xffffffbc][0xffffffa3]M[0xffffff84][0xffffffc1][0xffffffee][0xffffff8b]+=[0xffffffbd][0xffffffd0][0xfffffffa][0xffffffbe][0xffffff91]U[0x11]Q[0xfffffff7][0xffffffb6]D{[0xfffffff1]'Zt[[0x17][0xffffffa5][0xffffffd7]5[0xfffffff5][0xfffffff3]A,,o'U[0xffffffac][0x15][0xffffffd7][0xffffff8f]B[0xffffff8f]#?[0xffffffe7][0xffffffac][0xffffffbf][0xffffffb3][0xffffffc1]K[0xffffffb9]'Fa[0xffffff8a]a&[0xffffffe5][0xffffffd1][0xffffffb8][0xffffff9a][0xffffffb8][0xffffffde][0x6]I[0xffffffcc][0xffffffb0][0xfffffff5][0xffffffe1]T}[0xffffffdc]I[0xb][0x1e][0xffffff82][0xffffff95][0x6]+[0xffffffcc][0xffffffa3][0xffffffb9]|`[0xffffff9a]][0xffffffdc][0xffffffe7][0xffffffd1][0xffffffe7][0x10][0xffffffdb]~V[0xffffff89][0xffffff9b]W[0xffffffcb][0xfffffff5] ,[0xffffffab][0xfffffffc][0xffffffbd][0xffffffd7][0xfffffffe][0xffffff95][0xfffffff1][0xffffffd0]>[0x19]Iy[0xffffff90][0xffffffcf][0xffffffb9]LG[0xffffffd9]p"[0xffffff8f][0xffffffe7][0xffffffeb][0x1d][0xfffffffe][0x8]a[0xffffffdd][0xffffffee]}Q[0xffffff87][0xffffff90]:[0xffffff85][0xffffffd7][0xffffffd0][0xffffff95][0xffffffa2]F[0xffffff9a]Z[0xffffffaa][0xffffff99][[2[0xffffffef][0xffffffb7][0x1b][0xffffffac]#[0xffffff8b]9[0xffffffbb][0xffffffa5][0x12][0xffffffca][0xf][0xffffffbb][0x11][0xffffffd0][0xffffff9d][0x1a][0xffffffc1][0x11][0xffffffd9][0xffffffe6][0xffffffcb][0xffffffdb]l5[0x13]E|[0xffffffee][0x17]m[0x14](qt*[0x11][0x2][0xffffffb0][0xffffffc8][0x19][0xffffffa8]Z[0xc][0xffffffaf][0xffffff9f][0xffffffa8]n[0xffffffd1][0xffffffe3]1[0xffffff97][0x11][0xffffffbf][0xfffffff7]D[0xffffffca][0xffffffd8][0xfffffff1][0xffffffc3]J[0xffffffd8][0xffffffd7]|[0x1][0xffffff8c][0x16]G[0xffffffdf]?[0xc]i[0xffffff9a]O[0x1b][0xffffffd8]k[0xffffff8a][0xfffffff6][0x2][0xffffff94]*[0x18][0xffffffaf][0xffffffaa][0xffffffbd][0xffffff9f]V%H[0xffffffaf][0xffffff8c]U[0xffffffb4][0xffffffd7]T[0xfffffff7][0xffffff81]z[0xfffffffc][0xffffffbc]O[0xfffffff7][0xffffffb0]s[0x7][0xffffffa1][0xffffffec][0xffffff97][0xf])[0xffffffd4][0xffffffd5][0xfffffff6] "~3+[0xffffffd5][0xffffffa3][0xffffffd1][0xffffffed]E[0xffffffde]U[0xffffffa8][0x1f][0xffffffe6][0xffffffd8]J[0xffffffc8]G[0xffffffb6]8[0xffffffe5][0x3][0xffffffdb]x#[0xffffff98]2[0xffffffa5][0xffffffa7][0xffffff9e][0x1b][0xffffffa8][0xffffffb1][0xffffffa3]>[0xffffffca]l*E[0xffffff8e][0xb][0xffffff9e][0xffffffe4][0xffffff84]uNIC[0xffffffac][0x16]1K[0x1b][0x9][0xffffffc5]A[0xffffff91]=[0xffffffbd][0xffffff93]^[0xffffffc3]w![0xffffffa6][0xffffffcb][0xffffffaf][0xffffffbf][0xffffffb2]TA[0xffffffdc][0xffffffbe]B[0xffffffae][0xffffff9a][0xfffffff0][0xffffffd2]p[0xffffffe5][0xb][0x1b][0xffffffe6][0xffffffc5][0xffffffee][0xffffffe2][0x1a][0xffffffdd][0xfffffffd][0xffffffcd][0xffffffc5]7[0xffffffd0][0xffffff8b]pi[0xffffffe1][0xfffffff6]m[0xffffffb4][0xffffffa7]P[0xffffffc2]Z8>([0x3][0xffffff8f][0x13]S[0xffffffd6][0x12]9;/[0xffffffe1]sx[0xffffff87][0xffffffee]>l[0xffffffb3][0xffffff91]W[0xffffff86][0x15][0xffffff87][0xffffffa2]&[0x0][0xffffffa5][0xffffff80][0xffffffbe]X<[0xfffffffa]*[0xffffffa9][0xffffffd1]}[0xffffffa9][0x5][0xffffffd6][0x10][0xffffffa5][0xffffffed]X[0xffffff97][0xffffffa0]x[0xffffffbd][0xffffffc0][0xfffffff1][0xffffffc6][0x7f][0x1f][[0x1f][0xfffffffc][0xffffffcd][0x19][0xffffffc7]g[0xffffff8c][0xffffffc2]o[0xffffff81]KA9o[0xffffffb6][0xfffffff4]4[0x13][0xffffffd9][0xffffffa1]B7[0xffffffc8];[0xffffffb8][0x11][0x0](W[0xffffff90][0x0] [0xb][0xffffff80]R[0xfffffff8]C[0xffffffeb]"[0x2][0x0]@[0xffffffa2]pz[0xffffff97]8[0xffffffee][0xffffff9f][0xfffffff4];[0x1a][0xffffffc5]F[0xffffffee]-[0xffffff83]S[0xffffffaf][0xffffffdd][0x0]@[0xffffffe8][0xfffffff5]aA[0xffffffe2]7D{[0xfffffffc]G[0xffffffe6][0xffffffc3]':[0x19][0xffffffcb][0xffffff93]S=h[0xfffffff8][0x1b]e[0xffffffe7][0xffffff8b][0xffffff8e]f[0xffffff99][0x8]9[0x3]X[0xffffff92][0xffffffa3][0xffffffce][0xffffffda][0x1b][0xffffff8a][0x1]b[0xffffffdc][0xe][0xfffffff7][0xffffffb1][0x1a][0xffffffee][0xfffffff9][0xffffffd4][0xffffffcc][0xffffff94]$[0xffffffca][0x1d][0xffffffe1][0xffffffca][0x16]c[0xffffffef][0x1d][0xffffffda]ByF@[0xffffff9f]g;[0xffffffd5]K>[0xffffff8b][0x1c]C[0xffffff84][0xffffffea][0xffffffd2][0xffffffdc]a[0x13][0x7f][5[0xffffff9d]b[0xffffffb4][0xffffffc6][0xf][0x3]_Mj[0x7f][0x9][0xffffff8b][0xffffffe0]2{[0xffffff9f][0xfffffffb][0xffffffa7][0xfffffff0][0xffffff85]P[0xffffffb1][0xffffffe6][0xffffffc5][0xffffff8f][0xffffffa7]'[0xffffff8b]_*[0xffffffe5][0xffffffde][0xffffffc0]|[0xffffffba][0xb][0x0]@1[0x12][0x0]X[0x3]P6[0xffffffbf][0xffffffea][0xffffff84] P[0xffffffe9][0xffffffab][0x7f][0xffffffd2][0x9][0xffffffa1]Ff[0xffffff8d]A!Nn,[0x0][0x0]F[0xffffffdd][0xfffffff4]h[0xfffffff8]0[0xffffffa3][0xffffff89]y[0xffffffeb]`[0xffffff8e]>d[0xffffff92][0xffffffcb]h[0xffffff98][0x8][0xffffffcd][0xffffff93][0xffffff93]![0xfffffff5]0[0xffffffb3][0x1a][0xffffffb8][0xffffffe3]&[0x10]6[0xfffffff5][0xffffff86][0xffffffd7][0xffffffad][0xffffffd5][0x17][0x1f] [0xffffffba]+4[0xffffffc1]6[0xffffffa8]-[0xffffff97][0xfffffff7]S[0xffffff81][0x7]U`[0xffffff93][0xffffffaa][0xfffffff7][0xffffffc3][0xffffffd6][0xffffff91][0xfffffff3][0x8]k#[0xfffffffa][0xffffffc6],[0x0][0x0]nH[0x0] [0xf]@E[0xfffffffd]qpJ[0x0][0x0][0xffffffc4][0xffffffa0][0xffffffd2][0xffffffd7][0xfffffffe]$/[0xffffffb2][0xffffffd3])[0xffffffab]$K[0xffffffeb][0x7][0xffffff82][0x16]2[0xffffffd9][0xffffffd1][0x8]t[0xffffff9e][0xfffffff7]*6[0xb][0xffffffee][0x9]q[0xffffffdb][0xffffff96][0xffffff98]C[0xffffff91][0x0][0xffffff80][0xffffff82][0xffffffc6]J"4[0xfffffff4][0xffffffb7]Sx~_[0xffffffdf][0xffffff9f];[0xffffffb0]<[\r][0x7][0x0]@[0x3][0x9][0x0][0x16][0x1][0xffffffa8][0xfffffff2]_%kS[0xffffffc2][0xffffffc9][0xffffffdb][0xffffffff][0xffffff87][0xffffffe8]([0xffffff9d]^[0xffffff8a][0xffffffe6]q[0xffffffae][0xffffff82][0xffffffaf][0x8]K[0x11]C[0xfffffffc]&V[0xffffff8f][0x1b]qjL[0xffffff8d]M[0xffffffef]YW[0xffffffa1]([0xfffffff9]K[0xffffffc0][0xe][0xffffffb9]=T[0xffffffa5]HA[0xfffffff1][0xffffffa5][0xffffffb4][0xffffff97]l[0xffffffd8][0xffffffd2]W[0x11][0xffffff83][0xffffffcd]5[0xfffffffa][0xffffffd6][0x14][0xffffffc5][0xffffff97][0x17][0xfffffff5]B[0xffffff80]0[0xffffffab][0xffffffba]GS[0xffffff95]oB[0xffffffc4][0xffffffd7][0xffffffee][0xfffffff7][0x15][\r][0xffffff86][0x19][0xffffffa5]-[0xffffffe4][0xffffffd6]_[0xffffffac][0xfffffff1][0xffffff85][0xffffffe6][0xffffff98]s[0xffffffb9][0xfffffff8][0xffffffea]<e[0x11][0x7]mX[0xffffffc6][0xffffffb5][0x3][0x15]7[0xffffffc7][0xffffffbf][0x1f][0xffffff88][0xffffff8b][0xe][0x5][0x0]=ET[0xffffffe2]!~[0xffffff91]6[0xffffffb2][0xffffffc6][0x5]L[0xffffff97][0xffffffbc]+[0xffffff9d][0xffffffb6][][0xffffffe8][0xffffffeb]*[0xffffffed][0xffffffb7][0xfffffffa][0xffffffca][\n]"
09:46:43.377 [main] DEBUG com.github.dockerjava.zerodep.shaded.org.apache.hc.client5.http.wire -- http-outgoing-2 << "8[0x17][0xffffffec][0xffffffb6]H[0x15]O5[0xfffffff0][0xffffff90][0xffffffe0]#Z8[\n]"
09:46:43.377 [main] DEBUG com.github.dockerjava.zerodep.shaded.org.apache.hc.client5.http.wire -- http-outgoing-2 << "~[0xfffffff0]~1[0x10]y[0xffffffa4][0xffffff90][0xffffff88][0xffffffd7]],RJ[0xffffffb0][0xffffffb8]?[0xfffffffb][0xfffffff3][0xfffffff3]B?[0xffffff9b][0xffffffd1]8[0xffffff97]{[0xffffffbc]][0x1a][0x1d]B[0xfffffffa][0xffffff94][0xffffffea]A[0x11][0xfffffff1][0xffffffc3]2[0x0][0x0][0xffffffb6][0xffffff91][0x0][0xffffffc0][0x14][0xffffff80][0x1a][0xfffffffa]U<[0xffffffa6]+[0xffffff9c][0xffffff81]~=[0xfffffff8]jT[0xffffffc2]wE[0xffffffc7][0xffffff86][0xffffffa2][0x10][0xffffffa8][0xffffff86][0xffffffc1]GO[0x17][0xffffffee][0xffffffb2][0x4]~p([0x1b][0xfffffffc][0xffffffd0][0x4]a[0xe][0xffffffc3]Siz1|[0xffffffc0][\r][0x6]0[0x7][0x0]4[0xffffffa5][0xffffffa5][0xffffffbe][0xffffffe5]G[0xffffffa2]2[0xffffffbc][0xffffff96]#*[0xffffffad]Z[0xffffffe4][0xffffffdb]e[0xfffffffd][0x1e][0x7]0faJ?[0xffffffcd][0xffffffc0][0xffffffd2]4jq[0xfffffffb][0x1][0x0][0xffffffe0][0xffffff80][0x4][0x0][0x1a][0x0][0xffffffd4][0xfffffffe][0xffffffaf]1[0xffffffa4][0x8][0xffffff95][0xfffffff1][0xffffffe0]O1d[0xffffffc7][0xffffffc5]o[0x12]@x|[\n]"
09:46:43.377 [main] DEBUG com.github.dockerjava.zerodep.shaded.org.apache.hc.client5.http.wire -- http-outgoing-2 << "[0xffffffe4]U[0xffffffc3]P[0xffffffd7][0x9]Q[0xffffffbc][0xffffffc7][0xfffffffd]`_\[0xffffffe1][0xffffffbb][0xffffffc5][0xffffffcc][0xffffff92][0xffffffda]Bt[0xffffff96][\n]"
09:46:43.378 [main] DEBUG com.github.dockerjava.zerodep.shaded.org.apache.hc.client5.http.wire -- http-outgoing-2 << "07[0x2]D[0x18]S([0xffffffd5]2S[0xffffff89][0xffffffe8]i][0x13]s[0xfffffff4][0xffffffec][0x7f][0xffffffec]K![0x3][0xffffffdb][0xffffff90][0x5][0x0][0xffffff80]![0x12][0x0][0xffffffc8][0x1][0xffffffd0]x[0xffffffbf][0xffffff8a][0xffffffd1]D[0xffffffa1]2[0xffffff98][0xfffffffe][0xffffffd7]h[0xffffff81][0xffffffa6][0x7f]^g[0xffffffc8][0xffffffed]}[0xfffffff1]H[0xffffff9f][0xffffffe1][0xffffffd3][0xffffff97][0xffffff9a][0xffffffd4][0xffffffc8]`<([0x1e][0x0]P'[0xfffffff8][0x1e]-[0xffffffee][0xffffffb0][0xffffff96]:[0x7f][0xffffffec]Aj[0xffffffff]}[0xffffffaa]>B[0x2][0xffffff80][0xffffffc7][0x0]4[0xffffffd7][0xffffffaf]">U[0xffffffe1][0x14][0xfffffff6][0xffffffff]=X[0xfffffffe]s[0xffffff87]e[0x1f][0xffffffc8][0xffffff84]Z[0xffffffb5][0xffffffd3][0xffffffa0][0xffffffbf]:Jji[0x7f]6[0xffffffd5]H;[0x4][0xffffffd2][0x3]Xiy[0xffffffcb][0x1e][0xffffffe1][0xffffffa4][0xffffffd5][0x10][0xffffffba]?[0xffffffd7]b[0xffffff9a][0xffffffaf][0xffffffec][0xfffffff8][0xffffffe3][0xffffffdd][0xffffff88][0xffffff89][0x0][0x0][0xffffff98] [0x1][0xffffff80]6[0x0][0xffffffad][0xfffffff1][0xffffffeb][0x18][0xffffffa9][0x8]g[0xffffffa8][0xfffffffc][0xffffffcf]1z[0xffffff8a][0xffffff87]M>[0xb][0xffffffdc][0xffffffbf][0xffffffac][0x7f][0x19][0xffffffba][0x3]k[0xffffff82]2[0x1][0x1d][0x1a][0xffffffe4][0x1f]~_[0x5]=;[0xffffffe7]^'AYH&[0x0][0xffffffcf]oF[0xffffffb0]([0xffffffc5][0xffffffe2]SH6[0xffffffa2]:[0xe]V[0xffffff95]![0xffffffb5][0xfffffffd][0xffffffb9]3R'1[0x0][0x0][0xffffffc6]H[0x0][0xffffffa0][0x8]@[0xffffffbb][0xffffffff]:,[0x12]P[0x19]v[0xffffffd7][0xffffff87][0x5]ThH[0x3][0xffffffc0]x[0xffffff91][0xffffff94] [0x1f]t[\r]K"=[0xffffff8b][0xffffffe4]>[0xffffffe9]l"[0xffffffd6][0x3][0x1f][0xfffffffb][0xffffffe6][0xfffffffa][0x2][0xffffffe0][0xffffff87][0xffffffeb][0xffffff88]5[0xffffffd0]2m[0xffffffa8]5[0xffffffb2][0x7f][0xffffffec][0xffffff94][0xffffff8e][0xffffff8d][0x9][0x0][0xffffff80][0xffffffd6][0xffffffbf]F#[0xffffffe5][0xffffffda]h8[0xffffffdc][0xffffffd0]ht[0x1][0xffffffd0]u[0xffffffbf][0xffffff8e]F[0xffffff93]p[0xffffff8a][0xffffffeb][0xffffffff]k4[0xfffffffe][0xffffffc7][0xffffff9d]d[0x17][0x16][0xffffff84][0xffffffb2]s[0xffffffb8]N4[\r]w[0xffffffd5][0xffffffc6][0xffffff92][0xffffffe4]s[0xffffff99][0xffffff89][0xffffffef]i[0xffffffd0]T[0xffffffeb] Fx[0xffffffa9][0xffffff82]8[0xffffffec][0xfffffff3][0xffffffae]/a>nOi[0xffffffaf]5^,[0xfffffffd][0xffffffc2][0xffffffdf]a[0xffffff88]K[0xffffffc6][0xffffffc2][0xffffffe4][0xffffff91][0xffffff96]6[0xffffffed]`[0xfffffffd][0xffffffdc][0xffffffa8]2J[0xffffffcc]7[0xffffff98][0xfffffffb][0xffffffe6][0xffffffe7]dE[0xfffffff6][0x8][0xb][0xfffffff3][0xffffffea][0xffffffdd][0xffffffb4][0xfffffff7][0x1c][0xffffffa5][0xffffffd3][0x1a]|>[0xffffffc0]3[0xffffffda]"[0xffffffd3]*^P[0x10][0xffffff96][0xffffff80][0xffffffdb][0x19][0x13]wlL[0xffffffc1][0xffffff8f][0xffffffe5][0xffffffec][0xffffff8a]>m$[0x6]g[0xffffffcd]t[0xfffffff5]*[0xfffffffa][0xffffffd0][0xb][0x7][0xffffffed][0xffffff88][0xffffffec]jzi[0xffffffe2][0xffffff9a]Qd[\r][0xffffffc9]z[0xffffffbb][0xffffffd6]E[0x3][0xffffffdb][0xffffff96][0xffffffd2][0x1b]p`[0x0][0x0]F[0xfffffffe][0x15]f[0xffffffd3][0xffffffbf]^[0x1c]T[0xffffff85]3[0xffffffe2][0xffffffff][0xffffff9b][0xffffffb1][0xffffffa7][0xffffff84]1[0x5][0xffffffa0][0xffffffe2][0xfffffff1][0x3][0x9][0x19][0xffffffa1][0xffffffa0]H[0xffffff9c][0xffffff98][0xffffffe5][0xffffffef][0xffffff80][0xfffffff5][0x8][0xfffffffe][0xffffffd0]0s[0xffffff91]0$QJ[0xffffffc3][0xffffffeb][0xfffffffd][0xc]39[0x0][0xfffffffa][0xffffffea][0xffffffd7][0xffffffc1][0x17][0xffffff85][0xffffffca][0xffffffa8][0xfffffffc]k[0xffffff83]/D[0x12][0x5][0xffffffc0][0xffffffbf]#[0x1a][0x0]8[0xffffffe4][0xffffffb8][0xffffff9f][0xffffff85][0xffffffff]a[0x1e][0xffffffe6][0xffffff9b]J[0xffffffd3][0xffffffcf][0xffffffe1]Q[0x2]`@[0xffffffbf]fmI[0xffffffa8][0xffffff8c][0xffffffaa][0x7f]4[0xfffffff2][0xffffff95][0x6][0xffffff83][0xffffffc4][0xffffffab][0xffffffae][0xfffffffa][0x0][0x0]h[0xffffffff][0x10][0xffffffd4][0xffffffc2][0xffffff88][0xfffffffc][0xffffff9a][0xffffffb8][0xffffffb9][0xffffff84]S[0xffffffea][0xfffffffe][0xffffffeb][0xffffffd1][0xffffffff][0xffffff97][0xffffffe2]X[0xfffffff6]Gr[0xffffff82]1[0xfffffffc]u[0xffffffbe])[\n]"
09:46:43.379 [main] DEBUG com.github.dockerjava.zerodep.shaded.org.apache.hc.client5.http.wire -- http-outgoing-2 << "gL[0xffffffdc][0xffffff94][0xffffffcf][0xffffff91][0x10]7[0xfffffffc][0xfffffffe][0xffffff9d][0xffffff9c]`[0xffffff9e]^[0xfffffff3][0xfffffff7][0xffffffc9]?[0xfffffff4]w[0xffffffe3]O[0x7f][0xffffffcb][0x1]0[0xffffffaf][0xffffffae][0xffffffcd][0xffffffb4][0xffffffb3][0x7f]8[0xffffffd3][0x14][0x7f][0xffffff9a][0xe][0x0]`[0xffffffda][0x7f][0xffffff9d]i[0xffffffee][0xffffffc2])[0xffffffb3][0xffffffff][0xfffffffd]L[0xffffffe3][0xfffffff7][0xffffff89][0xffffffc1][0xffffffd0][0x4]`[0xffffffb2]Rq[0xffffffeb][0xffffffdd]vr[0xfffffff3][0xf][0xf][0xffffffee][0x1b][0xffffffd6].)[0xffffff9e]'[0xffffffd7][0xffffffcc][0xffffffec]8_[0xfffffff6][0xffffff96][0x1f][0xffffffa8]E[0xf]y[0xffffffcf]x?[0x17]4)[0xffffffa8]][0xffffffda]b[0xffffff8c][0xffffffcf][0x12][0xffffffca][0xffffff8d][0xffffff9e][0x1a]V~[0xffffff81][0xffffffb4] [0x14][0xffffffd6][0xffffffa7][0xffffffb5][0xffffff98][0x11][0xffffffd3]p[0xffffffa9][0x11][0xffffffd8][0x0][0x0]@[0x4][0x12][0x0]h[0x1]0+[0xffffffbf][0xe][0xffffff97][0xffffffb2]p:[0xffffffd9]M[\r][0x17][0xffffffc7]J[0xffffffeb][0x3][0x1f][0xfffffff4][0xffffffef][0xffffff90][0xfffffff3]#;[0xffffffc2]"[0xffffffff]9;[0xffffffa6][0xffffff83][0xffffffff][0xffffffc9][0xffffff80][0xffffffe1]wT[0xffffffda]e[0xffffffd9][0xfffffff8][0xfffffffe];;[0xffffffc2][0xffffffd2][0xffffffff]y[0xffffffcc][0xffffffd2][0x5]oh[0xffffffcc][0xffffff84][0x0]X[0xffffffb9]k[0xffffff82]s[0xffffffea][0x7f]4?`[0xffffffad][0x7f][0xffffffcd]I[0xffffff8a][0xffffffc2][0xffffffe9]"[0xffffffb7]2?`#[0xffffffff]<?[0xffffffae]I[0xfffffff6][0xffffffff][0xffffffc9][0xfffffffc][0xffffff80]}[0xfffffff3]k>[0x12][0xffffffbd][0xffffffae][0xffffffe3][0xffffffff]G[0xffffffbe][0xfffffffe][0xfffffff4][0xffffffe7]\[0xfffffff4]C[0xffffffdc][0xffffffff][0xffffffdf][0xfffffffa][0xffffffda][0xffffffef]?[0xffffffbe][0xffffffde][0xfffffffb]s.J[0xf][0xffffffba][0x15]_[0xffffffc3][0xffffffe1]\[0xfffffff3]u[0xffffffee][\r][0xffffffe5]~9[0x0][0xffffff8e][0xfffffff3]Z\[0xffffffe7][0xffffffdd][0xffffffd0]U_[0x8][0xffffff80]{t-[0xffffffae][0xffffffff][0xffffff8f]_[0x9][0xfffffffc][0xffffffc5][0xffffffb8][0xffffff86]s[0xffffffbd][0xffffffe6][0xffffffeb][0xffffffff][0xffffffb1][0x10][0xffffffbb][0x19]_'_[0xfffffff3][0xfffffff5][0xffffffea][0xffffff8d][0xffffffc5]5\[0xffffffed]5_[0xffffffff][0xffffffef][0xffffffab][0xffffffa3][0xffffffbf][0xffffffe5][0xffffffeb][0xffffffa9]k[0xffffffbe][0xfffffffe]?[0x16]G[0x7f]1[0xffffffae][0xffffffe1].[0xffffffff][0xffffff9c]C[0xfffffffe][0xffffffb7]u[0xffffffc7][\r][0xfffffff8][0x1a][0xffffff9e][0xfffffffc][0xffffffda]5[0xfffffff6][0x7f][0xffffffac]3[0xfffffffe]v\[0xffffffc3][0xb][0xfffffffd]9[0xffffff87][0xffffffdc][0xffffffd8][0xffffffda]B[0x8][0xffffff80]7[0xffffffb8][0xffffffc6]3[0xffffffff][0xffffffcf][0xffffffb5][0xffffffc5][0xffffffff][0xffffffd7][0xffffffb8][0xffffff86][0xf][0xffffffb8][0xffffffc6]3[0xffffffff][0xffffffd5][0xfffffffa][0xffffffe1][0xffffffaf][0xfffffffb][0xfffffffa][0xffffffe5]5_[0xffffffff][0xffffffc5][0xffffffc5][0xffffffc3]_[0xffffff88]k[0xfffffff8][0xffffff8f][0xffffffb7][0xffffffb4]r[0x10][0x2][0xffffffe0][0xffffff97][0xffffffff][0x1c][0xffffffd7][0x7f]c[0xffffffe5][0xfffffff0]k\# ^[0xfffffff3][0xfffffff5][0xffffff8d][0xfffffff1]:[0x12][0xffffffe2][0xffffff86][0xffffffef][0xffffffbf]}[0xffffff8d]@wK[0xffffffac].[0x7] [0xffffffc8]^[0xfffffff3][0xfffffff5]?c[0xfffffff5][0xffffffff]\[0x1b]C[0x1][0x4][0xffffffcb]_}[0xffffffed][0xfffffff7]w8[0xffffff9d]D[0x4][0x16][0xffffff84][0xffffffb2][0xb][0xffffffc3]#[0xffffffea][0xffffffb0][0xffffff85][0x1b][0xffffffa0][0x3]%[0xffffff86]![0xffffffb6][0xffffffc0]r[0xfffffff8][0xffffff9a]\[0xffffffb6][0xffffffa7][0xfffffff3][0xffffff82]E[0xffffffa9][0xffffffd3][0xffffff82]L[0xffffffa5]1[0xffffffeb][0xfffffff4]<[0xffffffae]][0xffffffb9]E[0xffffffea][[0xffffffad][0xffffffe9][0xffffffaa][0xffffffbe][0xffffffcd][0xffffffdc][0x1d][0xffffff84][0xffffff93][0xffffff89][0xffffffc6],[0xffffff8f][0x3][0xffffffec]7[0xffffffc4]M[0x1c][0x14]]([0xffffffd8][0xffffffc6][0xfffffffb][0xffffffcf][0xffffffd2]M[0xffffffe1][0xffffffb3][0xffffffdd][0xffffffc6][0xffffffdb][0xffffffbf][0x7f][0xffffff9a][0xffffffb8][0x1f][0x8][0xffffff89][0x10][0xfffffff1]k6R[0xffffffbe]A[0xffffffe2][0xffffffe7]h3[0xfffffff4][0xffffff92][0xffffffc5][0xfffffffd][0xffffff89][0xffffff90]r[0x0]B[0xffffffe9]-1[0xffffffbf]"[0xffffff80]0[0xfffffff0]k>[0xffffff92][0xfffffff8][0xffffffa7][0xffffffcc]_[0xffffffb6][0xffffffd0][0x1d][0x14][0xffffffd1][0xfffffff9][0xffffff93]N[0xffffff85][0x0][0xffffff84][0xffffffdd]k)[0xffffffe9][0xffffffbf][0xffffffc7][0xfffffffe]_[0xffffffa7][0x9]"[0xfffffff6][0xffffffb5]K[0xffffffed][0xffffff8d]1[0xfffffffb][0xffffff9f][0xffffffa6][0x9]"[0xfffffffb][0xffffffb5]K[0xffffffed]?"[0xfffffff6]?[0xffffffa5]$[0xffffffc4][0xffffff87][0xffffffb7][0xffffff86][0xffffffeb][0xffffff88].7[0xffffff8a][0xffffffeb]?*I[0xffffffbf][0xfffffffa][0xfffffffa]vp[0x1d][0xfffffff1][0xfffffffd][0xffffffad][0xffffffe1]:[0xffffffe2][0xffffffe4]5_[0xffffffdf][0x1c][0xffffffae]#[0xffffff9e][0xffffffff]/[0xffffffbf][0xffffffc5][0xfffffffd][0xfffffffb]q[0xffffff8d]Dvmit;[0xffffffb8][0xffffff8e]$xk[0xffffffb8][0xffffff8e][0xffffffa4]wmits[0xffffffb8][0xffffff8e][0xffffffe4][0x7f]mi[0xfffffff4][0xffffffcf]p[0x1d])[0xffffffe7][0xffffffb7][0xffffffe0]:R[0xffffffeb][0xffffffad][0xffffffe1]:[0xffffffd2][0xffffffd2][0xffffffad][0xffffffe1]:2[0xffffffc2][0xffffff8d][0xffffffe2]:[0xfffffff2][0xfffffffd]kXs;[0xffffffb8][0xffffff8e],sk[0xffffffb8][0xffffff8e]lqK_[0x5][0x8][0x1][0xffffffc8][0xffffffe1][0xffffffd7][0x10][0xfffffff2][0xffffff9f][0xffffffe1]:r[0xffffffc9][0xffffffb5][0xffffffa5][0xffffffd1][0xffffffed][0xffffffe0]:r[0xffffffff][0xffffffad][0xffffffe1]:[0xfffffff2][0xfffffff6][0xffffffb5][0xffffffa5][0xffffffd1][0xffffffcd][0xffffffe1]:[\n]"
09:46:43.379 [main] DEBUG com.github.dockerjava.zerodep.shaded.org.apache.hc.client5.http.wire -- http-outgoing-2 << "[0xffffffd6]5[0xe][0xfffffff9]g[0xffffffb8][0xffffff8e][0xffffffc2][0xfffffff6][p[0x1d]E[0xffffffed][0xffffffd6]p[0x1d][0xffffffc5][0xfffffff9][0xffffff96]p[0xffffffdd][0x15]@I[0xfffffff8]5[0xffffffae]m[0xfffffffe][0x16][0xffffffae][0xfffffff3]?[0xffffff91]:[0x14]"[0xffffffc9]+[0x6]'?P[0xffffff93][0xffffff9f][0xffffffad][0xffffffb9][0xffffffc7][0xffffffca][0xffffffec]3^[0xffffff8d][0x5][0xffffff9f][0xffffffe9][\r][0xffffff8d][0xfffffffb]*Sr[0xffffff95],mi[0xffffffba][0xffffffa1]]Pj[0xffffffa3]R=[0xffffffd2]\[0xffffff90][0xffffff85]XM[0xffffffac][0xffffff91][0xffffff8c]?&[0xffffffc3][0xffffffe3]S>[0x8][0x0][0xffffff80][0xffffff80][0x1f]p[0xffffff8e]R[0xfffffffd][0xffffffe7][0xfffffffa][0xffffffee][\r][0xffffffc2][0xfffffff9]J[0xffffffeb][0x3][0x1f][0xffffff8c][0x7f][0xffffffd7]wQ&[0xffffffae]}[0xfffffffb][0xfffffff5][0xffffff8f][0xffffffe0][0xfffffffc]z}[0x17][0xffffffe5][0xffffffec][0xffffff96]j[0xfffffff2]B[0x0]*[0xffffffc9][0xffffffb5][0x4][0xfffffff4][0xffffffcf][0xffffffe0][0x1c]U[0xffffffe0][0x1a][0xffffffc4][0xffffffdc][0xe][0xffffff9c][0xffffffa3][0xffffffea][0xffffffde][0x1a][0xffffff9c][0xffffffa3][0xfffffffa]^[0xffffff83][0xffffff98][0xffffff9b][0xffffff83]s[0xffffffd4][0xffffffec]k[0x10][0xfffffff3][0xffffffcf][0xffffffe0][0x1c][0xffffffb5][0xffffffe5][0xffffffb7][0xffffffc0]9[0xffffffea][0xffffffc2][0xffffffad][0xffffffc1]9[0x1a][0xfffffffc][0xffffffad][0xffffffc1]9[0xffffffda][0xffffffbd][0x1b][0xffffff85]s4[0xffffffa9][0xffffffdf]RKG3[0xffffffbf]58G[0xb][0xffffffbb][0xffffffb5]Z:Z[0xfffffff1][0xffffff8d][0xffffffd6][0xffffffd2][0xffffffd1][0xfffffffa][0xffffffae][0xffffffe5][0xffffff90][0xffffffdb][0xffffff81]s[0xffffffb4][0xffffffad][[0xffffff83]st[0xffffffcc]k9[0xffffffe4][0xffffffe6][0xffffffe0][0x1c][0xffffff9d][0xfffffff5]Z[0xe][0xfffffff9]gp[0xffffff8e][0xffffffae][0xfffffffa][[0xffffffe0][0x1c][0xffffffdd][0xfffffff1][0xffffffd6][0xffffffe0][0x1c]=[0xfffffffe][0xffffffd6][0xffffffe0][0x1c][0xffffffbd][0xffffffea]F[0xffffffe1][0x1c]}[0xffffffec][0xffffffb7][0xffffffd4][0xffffffd2][0xffffffd1]Oo[\r][0xffffffce]1[0xffffff88]o[0xffffffa9][0xffffff96][0x1e][0xc]`[0xfffffff0][0xffffffff][0xffffffea]k[0xffffffef][0xffffffbf][0xffffffa5][0xffffffc2][0x11][0xffffff81][0x5][0xffffffa1][0xffffffec][0x1c]QU[0x3][0xffffff8c]<[0xffffffe7]_/[0x17]s[0xffffffa9][0xfffffff9]S8[0xffffffdb][0xffffffa1])[0xffffffd9].[0xffffff9e].[0xfffffffa][0xffffff89][0xffffffd9][0xffffff86][0xf]:[0xffffffc3]q[0xffffffee]~y[0xffffffc1][0x2]J[0xffffffe3][0xffffffd2][0xffffffbb][0xfffffffb]Rp4=m>[0xffffffe7][0xffffffb5][0xffffff9e][0xfffffff8]7[0xfffffffb][0xffffffbb][0xfffffff4][0x1][0x8][0xffffffd8][0xffffffb2][\r]*[0xfffffffd][0xf]$[0xffffffb1]D[0xffffff8d]b][0xffffffd4][0x1][0x0][0xffffff88][0xfffffff9]![0xffffff9f][0xffffffc2][0xffffffd0][0xfffffff9]5[0x15][0xffffffa9][0xffffffdc] [0xffffffe3]sL[0xe]y}[0xffffffa8][0xfffffff2][0xfffffffd])[0xffffff9f][0xffffff92][0x3]0|n[0x9][0xfffffff3][0x15][0x1][0xffffff8c][0xffffffcc]k[0xffffffd5][0xffffffdd][0x7f][0xffffff86][0xfffffff9][0xffffffe5]w[0xffffffb5]7KM[0xfffffffe]][0xffffffdd][0xffffffc5]h[0x6]nR@[0xffffff83][0xfffffff1][0x15][0xfffffff8][0x1d][0x2][0x1a]L[0xffffffd8][*[0xffffffa6][0xffffffcb][0x1][0xffffff98]4[0xffffffb7][0x6][0xffffffeb][0xffffff98][0xffffff92]7[\n]"
09:46:43.379 [main] DEBUG com.github.dockerjava.zerodep.shaded.org.apache.hc.client5.http.wire -- http-outgoing-2 << "[0xffffffeb][0xffffff98][0xffffffa6][0xffffffbf][0xffffffa5][0xffffff92][0xffffff8e][0x19]zk[0xffffffb0][0xffffff8e]Ytk[0xffffff95]t[0xffffffcc][0xffffff9e][0x1b][0xffffffad][0xffffffa4]cn[0x2][0xffffffbf]C[0xfffffff8]r[0x7][0xffffffe3][0xffffffd6]`[0xfffffffd][0xe]3p[[0xffffffc2][0xffffff97];*[0xffffffc0]M[\n]"
09:46:43.379 [main] DEBUG com.github.dockerjava.zerodep.shaded.org.apache.hc.client5.http.wire -- http-outgoing-2 << "_[0xffffffee]8[0xfffffffc][0x16]X[0xffffffbf][0x13]{k[0xffffffb0]~[0xffffffe7][0xffffffdd][0xffffffad][0xffffffc1][0xfffffffa][0xffffff9d][0xffffffcf]7[\n]"
09:46:43.379 [main] DEBUG com.github.dockerjava.zerodep.shaded.org.apache.hc.client5.http.wire -- http-outgoing-2 << "[0xffffffeb]w[0xffffff8e][0x7f]K%[0x1d][0xffffff8b][0xffffffe8][0xffffffd6]`[0x1d][0xffffff8b][0xffffffef][0xffffffd6]*[0xffffffe9]X[0xffffff8f]o[0xffffffb4][0xffffff92][0xffffff8e][0xffffffe5][\r][0xfffffffc][0xe][0xffffffe1][0xb]V[0xffffffc6][0xffffffad][0xffffffc1]:V#p[[0xffffffc2][0x17][0xffffffac]y[0xffffffe0]&[0xffffff85]/[0xffffffd8]0[0xffffffbf][0x5][0xffffffd6][0xffffffb1][0xffffffa9]o[\r][0xffffffd6][0xffffffb1]%n[0x9][0xffffffd6][0xffffffe3][0x1]l[0xffffff93]_[0xffffffe3][0xfffffffa][0xfffffff9][0xffffffdf][0xffffff82]uy[0xffffffed]X[0xffffff80][0xffffffe7][0xffffffac][0xffffff99]d[0xffffffb9][0xffffffc3][0xffffffa0]+[0xffffffc4]y[0xffffffc3][0xffffff88]q[0xffffff9f][0xb]:[0xffffff94][0xffffffe5][0xfffffff2][0x1b]V,[0xffffffee]KU[0xffffff8c][0xffffffcc][0xffffffb5]{[0xffffffad]E[0xffffffad][0xffffff8b][0xffffffb5][0xfffffff7][0xffffffcc][0xfffffffd]3[0x1a][0xffffffc8][0xffffffb0][0xffffffaa]N[0xffffffc5][0xffffffd4][0x1c]J-M,[0xffffffdf][0xffffffb4][0xfffffff7][0xffffffc7][0xffffffd2]_[0xffffff82][0x5]t[0xffffffda][0xffffffaf][0xffffff82][0xffffffbf]a[0xffffff87][0xffffff88]=z[0x2]da[0xfffffff0]/fu[0xffffffb3][0xffffffa2]AomX[0xffffffe5][0x4][0x7f]wm[0xffffffd6][0xf]v[0xffffffc7][0xe][0xfffffff9]u[0x4]o[0xffffff93][0xffffffdd][0xffffffb1][0xb]o[0xffffff8d][0xffffffdd][0xffffffb1][0xffffffbb][0x7f][0x1d][0xffffffc4][0xffffff9b]fw[0xffffffec][0xfffffff5]k<[0xfffffff9][0xffffffcf][0xffffffd8][0x1d][0x7][0xfffffffd]Z~[0xffffffba][0x1d]v[0xffffffc7]a[0xffffffba]5v[0xffffffc7]Q[0xffffffba][0xffffff96][0xffffff9f]n[0xffffff8e][0xffffffdd]q[0xffffffec][0xffffff81][0xffffff9b]T[0xffffffc1][0xffffffe0][0xffffffbc][0xfffffff8]-[0xffffffec][0xffffff8e]Sqk[0xffffffec][0xffffff8e]3zk[0xffffffec][0xffffff8e]st[0xffffffa3][0xffffffec][0xffffff8e]K[0xfffffff0][[\n]"
09:46:43.379 [main] DEBUG com.github.dockerjava.zerodep.shaded.org.apache.hc.client5.http.wire -- http-outgoing-2 << "[0xffffffed][0xffffffb8][0xffffffbc][0xffffffb7][0xffffffc6][0xffffffee][0xffffffb8][0xffffffda][0xffffffb7]Vh[0xffffffc7][0xfffffff5][0xffffffbc][0xffffffd1]B;n:[0xfffffff0];T0[0xffffffb8][\r][0xffffffb7][0xffffffc6][0xffffffee][0xffffffb8][0xffffffb3][0xffffffc0]m[0xffffffa9]`[0xfffffff0][0xffffffa0][0xffffff81][0xffffff9b]T[0xffffffc1][0xffffffe0]Q[0xfffffffd][0x16]v[0xffffffc7][0x13][0xffffffbb]5v[0xffffffc7]3[0xffffffbe]5v[0xffffffc7][0xb][0xffffffbe]Qv[0xffffffc7][0xffffffcb][0xffffffff]-[0xffffff85]v[0xffffffbc][0xffffffae][cw[0xffffffbc][0xffffffb5][+[0xffffffb4][0xffffffe3][0xffffffa3][0xffffffde]h[0xffffffa1][0x1d][0xffffff9f][0x11][0xfffffff8][0x1d]*[0x18]|[0xffffffc5][cw|[[0xffffffe0]vT0N[0x0]~[0xffffffcc][0xffffffaf]9[0xffffffc4][0xfffffff2]o[0xffffffb1][0xffffffbb][0xffffff9c][0xffffffbb][0x18][0xffffff94]7[0xffffffeb][0x10][0xffffff9d][0xfffffffc][0xffffff85]wW[0xfffffff1][0xffffffa4][0xffffffb1]C [0xb][0xffffffe5]K9[0xfffffffb] [0xffffffd8]F[0xffffffab][0xffffffea][0x1c][0xffffffd1][0xffffffe7]M[0xfffffff7]S[0xffffff89]Q[0xe]|[0xffffff93][0x15][0xffffff91][0xffffffc5][T[0xffffff96]i[0xffffff9a][0xffffffaf][0xffffffde]+T[0xffffffde][0xf][0xfffffffb][0xffffff94][0xffffffff]=l|[0x7f][0xffffffc8]2[0xfffffff0][0xffffffdf][0x2][0x7f][0xffffff96]e[0xffffffdc][0x1c][0xffffff9a][0xffffffff][0xfffffffa][0xffffffb3];[0x5][0x0][0x7f][0xfffffff8][0xffffffd7]![0x12][0xffffffff][0xffffff87]d[0xffffff8e][0x1f][0x10]K=3[0x7][0x0][0xffffff80][0xffffffe6][0xffffffbf][0x6][0xffffffe9][0x10][0xffffffb8][0x1d][0xfffffff9][0xffffff8c][0x10]@[0xffffff80][0x7f][0xffffffa3]`N[0xffffffc0][0xfffffffd][[0xffffff8a][0xffffffea][0x4]Z[0xffffffb7][0x6][0xffffffe6][0x4][0x1e][0xffffffb7]VT'H[0xffffffbd][0xffffffd1][0xffffffa2]:[0xffffffc1][0x7][0xffffffe0]w(`[0x8]fn[\r][0xffffffcc][0x9][0x1][0xffffffe0][0xffffffb6][0x14]0[0xffffff84][0xffffff94][0xffffffc0]M*`[0x8]E[0x7f][0xb][0xffffff98][0x13][0x1a][0xffffffdd][0x1a][0xffffff98][0x13][0x6][0xffffffdd][0x1a][0xffffff98][0x13][0xfffffffe]o[0xffffffff]U[0xffffffd4][0xffffffdf][0xffffff8f]k[0xffffffc2][0xffffff8e][0xffffffdf]RT'[0xfffffffc]vk`N[0xffffff84]rkEu"[0xffffff86][0x1b]-[0xffffffaa][0x13])[0x0][0xffffffbf]C[0x1]Cdsk`N[0x14][0x5][0xffffffdc][0xffffff96][0x2][0xffffff86][0xffffffa8][0x1c][0xffffffb8]I[0x5][0xc][0xffffffd1][0xffffffd0]o[0x1]s[0xffffffa2][0xfffffffd][[0x3]s[0xffffffe2][0xffffffdb][0xffffffea]T[0xffffff93][0xc][0x10][0xffffffff][0xffffffa9]SM[0xfffffff4][0xffffffdf][0x1]s[0x12][0xffffffc1][0xffffffa0]L[0xffffffb8][0xffffffe3]v>U[0xffffffbf]}[0xffffffce]N[0x1f][0xffffffa7]8s[0xffffffea]/[0xffffffc8]0[0xffffffec]g[0xffffffe3]bt[0xffffffae][0xffffffb9][0xffffffc9]`[0xffffffa4]U[0xffffffaa]*[0xffffffd0][0xffffff99]d[0xffffffdd]"[0xffffffdb]h[0xffffffc2][0xffffff87][0xfffffff7]l[0xffffffda]P[0xffffffe8][0xfffffffe]2[0xffffff93][0xffffff9f][0xffffffb7][0xffffffe1][0xffffff9c][0x19][0xffffffdb][0x1e]P[0xfffffff2][0xffffffbc][0xffffffdf]-/[0xfffffff3]W[0xffffffa5]-[0xffffffc5]`m[0xffffffa5][0xfffffffc][0xffffffc6][0xffffffb7][0xffffffbb]~[0xffffffc7]:[0xffffffee][0x15][0x1b][0xfffffff7][0xffffff8b]SL[0xffffffcb][0xffffffbb][0xfffffff9][0xffffffd0]a[0xffffffea]t[0xffffffa7][0x0][0x0][0xffffffe4][0xfffffffe] Jb[0xffffff8d]kDyc[0xffffffc8][0xffffffcf][0xffffffd1]f[0xffffffe8]J[0xffffffe0][0xfffffff7][0xffffffef]_[0xffffffe1][0x11][0xffffffbb][0xffffffdf][0x12][0xfffffff4]+[0x2][0xffffffc4])[0xffffffd7]j[0xffffffbd][0xffffffff][0xc][0xfffffffa][0x7f][0xfffffffc][\n]"
09:46:43.379 [main] DEBUG com.github.dockerjava.zerodep.shaded.org.apache.hc.client5.http.wire -- http-outgoing-2 << "[0xffffffaf][0xffffffe3][0xffffffdf][0xffffffb5]^[0xffffffe2][0xffffffba]k[0xffffff98][0xfffffff3][0xffffffcf][0xffffffd4][0xffffffef][0xffffffc4][0xffffffd3][0xffffffd7][0xffffffd6]X[0xffffffb7][0xffffffa3]~'[0xffffffbe][0xffffffad][0xffffffc6]2r[0x0][0x9][0xffffffe8][0xffffffda][0x1a][0xffffffeb][0xffffffe6][0xfffffff0][0xffffff9d][0xffffffe4]f[0xffffff9b][0xffffffca][0xffffff90][0xfffffffc][0xffffff9e][0xffffffa6]2$[0xffffffb7][0xffffffd7]T[0xffffff86][0xffffffe4][0xffffffb6][0xffffff9a][0xffffffca][0x8][0x1]$[0xffffffed]7[0xffffff8a][0xffffffef]$+[0xffffffbf][0xffffffa5][0xffffffae]N[0xffffff8a]|k[0xfffffff8]Nz{[0xffffffcd]`Ho[0xffffffb6][0x19][0xc][0xffffffe9][0xffffffef]i[0x6]Cz{[0xffffffcd]`Ho[0xffffffaf][0x19][0xc][0xffffffe9][0xffffffcd]6[0xffffff83]![0xfffffffd]=[0xffffffcd]`[0xffffffc8]n[0xffffffaf][0x19][0xc][0xffffffd9][0xffffffed]5[0xffffff83]![0xffffffbb][0xffffffd9]f0d[0xffffffbf][0xffffffa7][0x19][0xc][0xffffffd9][0xffffffed]5[0xffffff83]![0xffffffbb][0xffffffad]f0[0xffffffa1][0x0][0xffffffd9][0xffffff9f][0xffffff9a][0xffffffc1][0xfffffff8][0xfffffffd][0x1d]|[0xffffffff][0xffffff97]v`[0xffffff8d][0xe][0xffffffac][0xffffffa9]G/[0xffffffe0]%d[0xffffff9c]1y$r[0xffffff90]>[0xffffff92][0xffffffab][0xffffff98][0x1c][0xffffff9e][0xffffffda]^Yi[0xffffffad]s[0xffffff8a]*[0xffffffcf]"[0xffffffd7][0xffffffc0][0xffffffe4][0xffffffa5][0xfffffff7]1Bx[0x10][0xffffffce]i[0xfffffffd]~Mpmo[0x1d]f[0x15]l[0xb][0xffffffe4][0xffffffad][0xffffffad][0xffffff93]6[0xffffff86][0xffffffd3][0xffffff9b][0x0]J[0xffffffc2]"[0xffffffee][0xffffffc8]jj}[0xffffffe9][0xffffff9f][0xffffff8d][0x1c][0x1e][0x3]d[0x7f]j+[0xffffffa3]z[0xffffff83][0xb][0x1][0xffffff8e])[0xffffffec][0xfffffff1][0xffffffae][0x7]\Y[0xffffffff]n[0xffffff97]G~[[0xffffffad]e[0x14][0x1][0xfffffff2]?[0xffffffb5][0xffffff96][0xffffff91][0xfffffff8][0xffffffa7][0xffffff8b][0xffffff81]7[0xffffffe3][0xffffffb4]%{[0xffffff8d]?!R[0x12] [0xffffffff]Sw[0x19][0xffffff81][0xffffffbf][0xffffffb3][0x1e][0xffffff80]n[0xffffffa9]z[0xffffff9a]yUD4D[0x2][0x0][0xffffff80][0xffffffca][0xffffff8f][0xfffffff9]B[0xfffffffe]{[0xffffff9a][0xffffffcc][0xffffff90][0xffffffdf]^[0xffffff93][0x19][0xfffffff2][0xffffffdb]j2[0xffffffa3][0x6][0xffffff90][0xffffffff][0xffffffa9][0xffffffc9][0xffffff8c][0xffffffec][0x7f][0xffffffb8][0xffffffdd][0xffffffe4][0xffffffea]2[0x1d][0xfffffff3]/[0xffffffb9][0x1c][0xfffffff9][0xffffffa3]J[0x3][0xfffffff5][0xffffffa4][0xffffffb8]#rQ[0xfffffff6][0x5][0xffffff8a][0xffffffc7][0x1e][0xffffff84]%%[0xffffff8d][0xffffffc5][0xffffffd9][0xffffffee][0xffffffbb]ct[0x7f][0xfffffff8][0x1f][0xfffffff4]{[0x1a][0xffffffcf][0xffffff80]n[0xffffffaf][0xfffffff1][0xc][0xffffffe8][0xffffffb6][0x1a][0xffffffcf][0x8][0x2] [0xffffffcb]_[0xffffff9d][0xffffffc3])[0xffffff9c]R[0xfffffff3][0xffffffd3][0xffffffff][0xffffff8a]W[0x17];[0x7f][0xffffffed][0xffffffd2][0xffffff80]m[0xb][0x0][0xffffff80][0xc][0x12]@&[0x5][0xffffff80]~t[0xffffff8b][0xffffffc1][0xffffffff]W[0xffffff92]![0x13][0xffffff84][0xffffff84][0xfffffff8][0x3][0xffffffe8]W[0xffffff97][0xffffff87][0xffffffe7][0xffffffe7][0xffffffc8]V[0xffffffaa]HW[0xf]2.C[0x1a][0x16]m[0xffffffb6][0x14][0xffffffc7]K*[0xffffffab][0xffffff95][0xfffffff9][0xffffffd8]*[0xffffff88][0x1c]`[0x6][0xffffffae][0xffffff9b]{[0xfffffff8][0xffffffc9]-n[0xffffff86]@p[0xffffff88][0xffffffcb]..[0xffffffcb][0xffffffab]C[0xffffffbd][0xfffffff3]31[0xffffffad][0xffffffde]/o[0xffffff80][0x7f]D[0x0]@[0x11]<[0x6][0xffffff80][0xffffffd6]s[0x0][0xffffff8a][0xffffffd7][0x17][0xffffff80][0xffffff81][0x17][0x2][0xffffffd0][0xffffffbe][0x1]@[0xffffff80][0x12][0x0]7[0xb][0x0][0xffffffda][0x0][0xffffff80][0xffffff88][0x6][0x0][0xffffff9d]z[0x0][0xffffff91]-[0x0]][0xfffffff1]g[0xffffffe3][0xffffff95]>[0xffffffc1][0xffffff88]h[0xffffff99]Pr[0xffffffb4][0xffffffca][0xffffffc1]&[0xffffffaf],[0xffffffe2][0xffffffe3]z|[0xffffffe6][0xffffffd0]3[\n]"
09:46:43.380 [main] DEBUG com.github.dockerjava.zerodep.shaded.org.apache.hc.client5.http.wire -- http-outgoing-2 << "[0xffffffa3][0xffffffac][0xffffffa0]Suj>[0xffffff87]A-[0xffffffea]$'[0xffffffbe][0xfffffffc]2qN[0xffffff85]t[0xffffffa9][0xffffffc5]"4l2[0xffffffa2][\n]"
09:46:43.380 [main] DEBUG com.github.dockerjava.zerodep.shaded.org.apache.hc.client5.http.wire -- http-outgoing-2 << "[0xffffffeb][0x7f][0xffffffd2]L[0xffffffee][0xffffffc2]}/[0xffffffcd][0x17][0xffffff80][0xfffffffe][0xffffffb0][0xffffffdf][0xffffff91][0x19][0x1c]`[0x11][0xffffffdd]%[0xffffff84]g[0xfffffffd]P[0xffffff96][0xffffff84]FG][0xffffffb0][0x3]Mz[0xffffffe5]s[0xffffffc5]X[0x10][0xffffffda]B[0x7f]e[0xffffffea][0xffffff8b][0xffffffbb]|}[0x17][0xffffffb6][0xffffff94][0xffffffce]j[0xffffffeb][0xffffffa8][0xffffffc1]c[0xffffff92][0x1][0x5][0xffffffee]Q[0x17][0xffffffca]iP[0xffffffa1][0x1f]![0xfffffff2][0xffffff8a]p[0xffffffa7][0x0]<[0xffffffbb][0xffffffda][0xffffffa3][0xffffffaf][0xfffffffc][0xffffff9b]f\[0xffffffcb][0xffffffab][0xffffffaf]T[0xffffffd5]G[0xffffffb2][0xffffffc8]E[0xffffffcc]FL[0xffffff94][0xffffffb2][0xffffffce][0x1a][0x8][0xffffffb2],[0xffffffc5][0xffffff8f][0xffffffad][0xffffffc2]|[0xffffffe7]h[0xffffffe0][0xffffffa0][0xffffff92][0xffffff89]O[0xfffffff0][0x19][0xffffff80][0xffffff98][0xffffffd1]8[0xfffffff7]}W[0xffffffc2]H[0xffffffd5]![0xffffff9a][0xffffff94]D[0xffffffa6][0xffffffee]$[0xfffffff6][0xffffff8f][0xffffffa5][0xffffffca][0xffffff9d]3[0xffffff81][0xffffffde][0xffffffad][0xc][0xfffffff1][0xffffff82][0xffffff8c]U0[0xffffffe9][0xffffffdc]V[0x1][0xffffffd9][0xfffffff1]<[\r]N[0x10]%[0xfffffff4]<4[0xffffff9c][0xffffffb9][0xffffffc0][0x11]I[0x5][0xfffffff4]BD[0xfffffff3][\r][0xffffff95]M[0x0][0x18][0xfffffff0][0xffffffc3][0xffffffa4]7&[0xffffff95]p<`[0xffffffab][0xffffff95][0xffffffde][0xffffffd7]*[0xffffff85][0xffffffeb][0xb][0x1c][0xc]\,B[0x19]'][0xfffffff7][0xffffffdb]Nb[0xffffffee][0x16][0xfffffff6]`[0xffffffc9][0xffffffdc]rB[0x9][0xffffffba]4dxcj[0xffffffa4][0xfffffffc][\r][0xffffffe4]W{[0x7][0x7f]9L|[0xffffffa2][0xffffff8d][0xffffff95]\[0xffffffdb][0xffffffb7]E[0xffffffab][0xfffffff8][0xffffffc9]2[0xffffff83][0xffffff90][0x18][0x1e]:V[0x7f][0xfffffff5][0xffffffae][0xfffffffa][0xffffff87][0xffffffc3][0xffffffb2][0x1c][0xffffffa4][0xffffff98]sqWR[0xffffff8e][0xffffff8b][0xffffffd5]'H.[0xffffff94]uH[0xffffffa7]<X[0xffffff97]%[0xfffffff7][0xffffffcb][0xfffffff1][0xffffff91]p[0x13]6[0xffffffa0][0xffffffd0][0xffffffa1][0xffffff8e]?G[0xffffff80][0xffffff80][0xfffffffb][0xffffffc4][0xffffff9c][0xffffffe0][0xffffffe2][0x12][0xffffff8d]<[0xffffffbe]Q&[0xffffffae]~[0xffffffd6][0xffffffb3][0x10][0x1c][0xffffffbf]`p[0xffffffb4][0xffffffe7][0xffffffbb][0xffffffce][0xffffffd1]Q[0xffffff8d][0xffffffac][0x11]:i[0x17][0xffffffb5][0xffffff84][0xffffffd5][0xffffff9a][0xffffff93][0x1e][0xffffffea][0xffffffd9]c[0xffffffdb][0xffffffe7][0x1c][0xffffff8a][0x1a][0x7][0xffffff8e]4ZR[0xc][0xffffffa0][0xfffffff4][0xffffffd7])[0xffffffa7][0xffffffde][0xffffffa0]9.[0xffffffd8][0xffffffd5][0xfffffff2][0xffffffc8][0x7][0xffffffa7];[0x10][0x19]2j[0xffffffdc][0xffffffa5][0xffffffe1]H[0xffffffcf][0xffffffb8][0xffffffb7]k[0xffffff8a][0xffffffa5][0xffffffa2][0xffffffb3][0xffffffcf][0x18][0xffffff8e]U[0xfffffff1][0x1b][0xffffffd4][0xffffffcf]*[0x1d]J[0xffffffb6][0xffffff93]?b[0xffffffac][0xffffff97][0xffffff87][0xffffff85]W[0xffffffaa][0xffffffb2]*[0x14]z[0xfffffffb]-[0xffffff9e]V[0xffffff97]Q[0xb][0xffffff90]r[0xffffff86][0xffffffdb]0>b[0xfffffff8]ji[0xffffffad][0xffffffc7][0xffffffe0][0xffffff89][0xfffffff5][0xfffffff5][0xffffffe3][0xffffffe1][[0xffffffef]q[0x1f][0xffffffd7] `^Rz[0x1e][0xffffff80][0xffffff9f]2Z[0x11][0xffffff9b][0xffffffc9][0xffffffe0]~[0xffffffa2][0xffffffd6][0x14]x[0xffffffa0]Yq"[0xffffffa7]6[0x1][0x2][0xffffffa6][0xffffffc7]_{W[0xfffffffa]#][0xffffffbd][0xffffffd7]uWw[0x1c][0xffffffec]~[0xfffffff7]u[0x1f]z[0xffffffec]1[0xfffffff2][0xffffffd7][0xffffffce]W[0xffffff9b][0xffffffaf])y[0xffffff84][0xfffffffc][0xffffffec][0xffffffc4].[0x6]#[0xffffff8d][0x15][0xffffff9c][0x1d][0xffffffdb]LEN[0xffffff8e])%[0xffffffe5]_[0xffffff9d]p[0xffffffd5][0xffffff86][0x1e][0xfffffff3]{a[0x2]=[0xffffffe6][0xffffff98][0xffffffae][0xfffffff0][0xffffffa5]A[0xfffffff1][0xffffffaf][\r]b[0xffffff88]k[0x17][0xfffffff9][0xffffff92]'Qu[0xffffffe1][0xfffffff0][0xffffffd8][0xffffff8c])[0xffffffd7]:[0xffffffaa]?[0xffffffa1]}[0xffffff91][0xffffff9c][0xffffff93][0xffffff9b][0xffffffde][0xffffffc7][0xfffffff0][0x15]N[0x7f]2[0xfffffffe])[0xffffffc6]J[0xffffff99][0xffffffa0]&?N I[0xffffff88]#[0xffffffd5][0xffffffd8]M[0xfffffff3][0xfffffff2]0`[0xffffff90][0xfffffff5][0xffffffd2]{5[0xffffffc4][0xffffffee]YJ[0xf][0xf]bY[0xffffffed][0xffffffe6][0xe][0xffffff80][0x1a]D/[0xffffff8c][0x13][0x10]jY[0xffffff80]#[0xfffffff5]T[0xfffffff4][0xfffffff8][0xffffffed]}5Gz[0xffffff86]#[0xffffff88][i[0xffffffa5][0xfffffffd][0xffffffd7][0xffffffcd][0xffffffab]@[0xffffffbd][0xfffffff8][0xc][0x16]m[0xffffffa1][0x1][0xffffffe0]I[0xffffffb9][0xffffff94][0xffffff88]9[0x1c]tK[0xfffffff0]2[0xffffffbf][0xffffff86][0xfffffffd]S[0xffffffa5][0xffffff83][0xfffffff6]S[0xffffff9a][0xffffffaf]"[0xffffffa1]R[0xffffffe8][0x1e][0xffffffe7][0x1a]][0xffffffa4][0xfffffff8][0xffffffd0][0xffffffe3]`[0xffffffd2][0xffffffa5][0xffffffd1][0xffffff84][0x19][0xffffffb2][0xffffffda][0xffffffca]e[0xffffffd9][0xffffffd7]8Yk[0xffffffae]j[0xffffff9f][0xffffffe6][0xffffffd2][0xffffff92]_[0xffffffac]?[0x16][0xffffffca][0xfffffff1][0xfffffffc][0xffffffb4][0xffffff98]E[0xfffffff7]qD[0x5][0xffffffca]+[0xffffff96][0xffffffa7]Xl[0xffffffa8]M[0xffffffd0][0xffffffc3][0xffffffd5]2[0xffffffa2][0xffffffe2][0xffffff85][0xffffffc9]@P[0xffffffc1][0xffffffba]7[0xffffffcc]c[0xffffffbc]/[0xffffffa6][0xffffff82]($[0xc]d^.[0xffffffe1][0xffffff9b][0xc][0xffffffd2][0xffffffdf][0xc][[0xfffffff2][0xffffffc7]-/bQ[0xfffffff4][0xffffff80]w[0x1][0x11][0xffffff88][0xfffffffb][0xffffffe7]X*a[0xffffffaa][0xffffffae][0xffffffee]#[0x13][0x2][0xffffffe8][\r][0x2]+[0xffffffd0]2[0xffffffd4][0xffffffbe][0x1e]Wz0[0xffffffd5][0xffffffef]\Y[0xffffffe6]qP[0xffffffa2]W[0xffffffb1][0xffffffbc]v2[0xffffffa6];[0xfffffff0][0xffffff92][0xffffff80]U[0xffffff82][0x6]C[0xffffffc2][0xffffff90]p[0xffffffbd][0xffffffe6][0xffffffd7][0xffffff88][0x11][0xffffff90][0xffffff97]F[0xe][0xc][0x5][0xffffffd1] [0xffffffb2]G+UGGX_[0xfffffffc]6[0xffffffdc][0xffffffee][0xffffff9e][0xffffff9e][0x16][0xffffff80][0x1e]-[0xffffffd3][0x7f]n[0x6][0x1e][0x1a][0xffffffdd];[0xb][0xffffff8a]R![0xfffffffa][0xffffffbc][0xffffff8c][0xffffffed][0xffffffaf][0xffffff8b][0xffffffbb][0xffffffdd]E[0xffffff8d][0xc][0x0][0x10][0xffffffbd][0xffffffb4][0xfffffffa][0xffffffda][0xffffffcc][0xc]t[0xffffffae]-[0xffffff8c]=[0xffffff89][0xffffff87][0xfffffff6][0xfffffff6][0x15][0xffffffbc][0xf][0xffffffcb]\[0xffffff82]s[0xffffffc6][0xc]L[0xffffffb1][0xffffff89]^6[0xffffff96][0xffffffa6][0xffffffd8]lp+[0x13][0xfffffff3]f[0xffffff80][0xffffffbb][0xffffffc3][0xffffff9d]5[0xffffff8f][0xffffffdd]2j[0xffffffa7][0xe]:[0x17][0xfffffffb][0xffffffb7].[0xffffffe0]aj[0xffffff90]:r[0xffffffbb][0x8][0xffffffab][0xffffffaa][0xffffffe7][0xffffffa7][0xffffffd6][0xffffffde][0xffffffdc][0xffffffbb][0x1b]X9[0xffffff86]:[0xffffff87]NT[0xfffffffb][0xffffffb0]:0-[0xffffffec][0x15][0xffffffc2][0xb][0xffffffaf][0xffffffda][0xffffff82]Fx[0xffffff96][0xfffffff7][0xffffffd9][0x9]D}[0xfffffff2]W[0xfffffff2]#[0xffffffea]P[0x12][0x9][0x7][0xffffffae][0xfffffff8][0xffffffb3][0xffffffdc][0xffffffb0][0xffffffd4][0xffffff8e]Z[0x9][0xffffffd1]A[0xffffffb3][0xfffffff8]^[0xffffff94][0xffffffd2][0xffffffbc]L[0xffffffc8]0x[0xfffffffb][0xf]m[0xffffff8c][0xffffff91][0xffffffc5]}r0[0xffffffe6][0xffffffde][0xffffffc3][\n]"
09:46:43.380 [main] DEBUG com.github.dockerjava.zerodep.shaded.org.apache.hc.client5.http.wire -- http-outgoing-2 << "`'U[0xffffffb2]r[0xffffff91][0xffffffc3][0x2][0x1c][0xffffffe2][0xffffffa3][0xffffff9b][0xffffffce]g8[0xffffff94][0xffffffbb][0xffffffb6]K{JH[0xffffffd3]=K[0xffffff9f]p[0xfffffff2][0xe];B[0x0][0xffffffc2]"1"r#[0xfffffff3][0xffffffcc]F[0xffffff94]OZ[0xffffffad]s[0x8][0xffffff9a][0xffffffac][0xffffffa6][0x1]%z[0xffffff9f]w<[0xffffffc4][0xffffffcd]:,P)[0xffffffa6][0xffffffe4][0xfffffff8][0xffffffde][0xffffff85](l[0xffffffd1]x[0xfffffff0][0xffffff89][0xffffffcc][0xffffff9a][0x17]W[0xffffffa0]WU-is3[0xffffff81][0xffffffd6][0xffffffe4]9[0xffffffa2][0xffffffbc][0xffffff89][0xffffffbe][0xffffffbc]O[0xffffff9d][0x16]y[0x15][0xffffffe3][0xffffff8e][0xffffffb4][0xffffffc1][0xffffffc6][0xffffffd8][0xffffffec]T[0xffffff9f][0xffffffd2][0xffffff99][0xffffffbf][0xffffffda]W8[0xffffffc3][0xffffff95][0xfffffffa][0xffffffb9]f[0xffffffbd]4[0xffffffdb][0xffffff97][0x3][0x1a]#[0xfffffffb][0xfffffff5][0xffffffbd][0x19][0xffffffb3]Y[0xffffffcd][0xffffffd3][0x1]#n[0xffffff81][0x1][0xffffffab]a1q[0xffffffdf]h[0xfffffffb][0xc]_[0xffffffef][0xffffffcd]4[0xffffffb1][0xffffff93][0xffffffed][0xffffffda]A[0xc]\[0x10][0x12][0xb][0xf][0xffffffc1][0xfffffff2][0xffffff95]/[0xffffffac][0xffffffba][0xffffffbc][0xffffffab][0xffffff8e]h[0xffffffb5][0xffffffcc]U[0xffffffd3]n[0x6]l[0x1f][0xffffffaf][0xffffffdc]QkO;[0xffffff9b][0xffffff8c]lE[0xffffff93][0xffffff98][0x10][0xffffffc5][0xffffffda]z[0x1d][0xffffffc7][0xffffffd3]m6[0xffffff98][0xffffffe7][0x1c])St[0x6][0xffffff81][0x6][0xffffff83][0xffffff8b][0xffffffb2][0xffffff9d][0xffffffe5][0x9]\a[0xffffff8a]Z[0xfffffffc][0x8][0xffffffef][0xffffffb8][0xffffffac][0xffffff84]I[0xffffffdd]sle[0xffffffd9][0xffffffb4][0xffffffe0][0xffffffec]t[0xffffff87][0xffffff89]vtg+7[0xffffff9f]L[0xffffff85]a[0x1a][0xffffffc4]0[0xffffffd7]R[0xffffffa9]f[0xffffffe6][0x8][0xffffffbb]=[0xffffffed]`N[0xfffffffa]0[0xffffffac]R&@_[0xffffffb8][0xfffffff8]i[0xffffff9f]B[0xffffffcd]:|[0xfffffffe]1[0xffffff8e][0xffffffb7]l[0xffffff82]_[0xffffffbb]EL[0xffffffd9]FGo[0xffffffc0]q![0xffffffa7][0x3]w)F[0xffffffb5][0x7f]F#[0xffffffb6][0xffffffea][0xffffff9d][0xffffffbb][0xffffffe1][0xe]-[0xffffffd5][0xffffffcc]m[0xffffffa9][0xffffffe1]S[0xffffffc6][0xffffffeb],!"n#K[0xffffff84][0xffffffd2][0xc][^8[0xffffff90][0xfffffff3]-}[0x1a][0xffffffc3]i[0x2][0xffffffa1][0xffffffca]*z\[0xffffffef][0xfffffff5]o[0xffffff93][0x14]U[0xffffffdd]IW[[0xffffffc6]|[0xffffffa6][0xffffff9f][0xffffffbf][\r]V[0xffffffeb]T[0x14]6[0xffffffa7][0xffffffcf]R[0xffffffaa][0xffffff95]!)[0x8][0x13];F[0xffffffd1]vo[0xffffffd3][0xffffff9f]@<[0xffffffe0]s<qIP[0xffffff80][0xffffffed][0xffffffb1][0xffffffb8][0xffffffa2][0xffffffee][0xffffffbb]i[0xffffff90][0xffffffce][0xffffffc1][0xffffffb6][\n]"
09:46:43.380 [main] DEBUG com.github.dockerjava.zerodep.shaded.org.apache.hc.client5.http.wire -- http-outgoing-2 << "[0xffffffe9]n[0xfffffffa][0xffffff8a]O[0xffffffce][0xf][0xffffffb4][0xffffffe7][0xffffffdf]+[0xffffffb0][0xffffffa8][0x17][0xffffff9e][0xffffff99][0xffffffec]x[0xfffffff8][0xffffffa5][0xffffffd0][0xffffffe9]G[0xffffffb7][0xffffffa3][0xffffff88][0xffffffb3][0xffffffcf][0xffffffd8][0xffffff94][\n]"
09:46:43.380 [main] DEBUG com.github.dockerjava.zerodep.shaded.org.apache.hc.client5.http.wire -- http-outgoing-2 << "[0x1b][0xffffffbd][0x1e][0xffffffcc]I[0xffffff86][0xffffffb7]0[0xffffffe1][0xffffffe6]mL[0xffffff8b]'GV.[0xffffff9b]v[0xffffffa9][0xffffffc8][0xffffffa5]9w[0xffffffba]s[0xffffffcc][0xffffffaa][0xffffff85]P[0xffffffea][0x10][0xffffff92]"[0xffffff97][0xfffffff3][0xffffff80][0xffffffe0]c[0xffffffd5][0xfffffffc]A[0x7f][0xfffffff1]Ia[0xffffffee][0x1a][0xffffffa3][0xfffffff3]<[0xffffff83][0xffffff95],[0xfffffff6][0xffffffe7][0x18].[0xffffff9f][0xffffffcb][0x19][0x8]M5[0xffffff85]-[0x7],[0x1b][0xffffff89]a[0xffffff9a][0xfffffffe]7[0xffffffe3][0xffffffc7][0x8]&B[0xffffff9e]0[0xffffff90][0x1e][0x6][0xffffffa3][0xffffffe3][0xfffffffe][0xffffffd8][0xffffffa9][0xffffffca][0x10]K[0xffffffbe][0xffffffd7]t[0xffffffe7]V[0xfffffffe]IW[0xfffffffd][0xffffffc9][0xffffffc4][0x16]5][0xfffffff7][0x8]-z[0xffffffb4]/[0xffffffce][0xffffff97]r[0xffffff83][0x18][0xffffffed]?[0xffffffee]T-u[0xffffffc9]P[0xffffffe3][0x8][0xffffffd4]][0xffffffaa][0xffffffb6]f<~[0xffffffdb][0xc][0xffffffdd][0xffffff88][0xffffffa8][0xffffffd9][0x18][0xffffff88]nTp[0xffffffe5][0xffffff9c][0xffffffa9]p[0x1c][0xffffffad][0xffffffef][0xffffffb5]a[0xffffffc6][0xffffff89][0xffffffcb]h[0xffffffb0][0xffffffab]s[0xffffff8c][0xc][0xf][0xfffffff5][0xffffff92][0xffffffa1]<[0x19][\r][0xffffffa6][0xffffff90]2[0xffffff8c][0xffffffbc]Kl[0xffffffde][0xffffff8b][0xffffffc1][0xffffffb3][0xffffff8a][0xffffff92][0xffffffa5][0xffffffdd][0xfffffff1][0xb][0x7f][0xffffff93][0xffffffa9][0xffffffd7][0xffffffbd][0xffffff90]f^[0xffffffe0][0xffffffde]v[0x5][0xffffffc5][0x3][0xffffffed][0xffffff8d][0x6][0xffffffd9][0xf][0x17][0xffffffdc]S0DW^q[0xffffff9b][0xffffffd0][0x1d][0x1f]vRS[0xffffffc6][0xffffffe7][0xffffffbb][0xffffffd9][0xffffffd4]}[0xffffff99]$[0xffffffae][0xffffff8a]h[0xffffffd6][0xffffffc4][0xffffffd3]P[0xffffffa5][0xffffffad]{[0xffffffa9]c[0xffffffb4][0xffffff85][0xffffffc9][0xffffff87][0xffffffa6]gqs[0xffffffe1][0xffffff9f][0xffffffdc]QK\X[0x1b]$mE[0xffffff96][0xffffffe1][0xffffffcd][0xffffffb8][0xffffffcb]Rg[0xffffffa0]1[0x19][0x17][0xffffffb4]7z[0xffffffc4])y[0xfffffffa]f[0xffffff8a]@[0xffffffc1]=[0xfffffff6][0xffffff93][0xffffffa9][0x8][0xfffffff9][0xffffffc0][0xfffffffb][0xffffff8a][0xffffff94][0xffffffc2][0xffffff9c]7-[0x1c]K[0xffffff87]M,[0xffffffa6][0xffffffad][0xffffff94]h[0xffffffca]f.f[0xffffffc3][0xffffffea]j[0xffffffec]t[0x6])[0xffffffdd]Q}[0xffffff84]r[0xffffffda][0xffffff91]}{[0xffffffbb][0xfffffff5][0xffffff84][0xfffffffc][0xffffff9b][0xffffffcb][0xffffffb9]</f[0xffffffc7][0xffffffa3][0xffffff9e]Qc[0x3][0xffffffee]w[0xfffffff3][0x14]Js[0xffffffe1][0xffffffa0][0xfffffff2][0xffffffaa][0x3]^<xK[0x18][0x3]C9Z7\[0xffffffaf]kX[0xffffff9b].N[0xffffffd6][0xffffffce][0xffffffe3]a[0xffffffbe][0x1e]$O[0xffffff8a][0xffffffcd]C[0xffffff91]<[0xffffff84][0xfffffff3]"[0xffffffa9][0xffffffaa]m[0x13][0xffffffdf]-[0xffffff9c]>[8[0xffffffe0]R|v[0xffffffca]N[0xffffffc5]1$[0x0][0xffffffc3][0xffffffa0][0xfffffffe][0xe][\r][0xffffffad]m[0x14][0x1d][0xffffffc2][0xffffffa0][0xffffff8f][0xffffff95][\r][0xffffffd4][0xffffffe3][0x3][0xffffffae],.le[0xffffffde][0xffffffcf]\[0xffffffd6][0xffffffc8]a[0xffffffa6][0xffffffb9][[0xffffff81][0xffffff9f][0xffffffe8]5t[0xffffffd2][0xffffffd0][0xffffffd8][0xffffffe6]z[0x1a]=d6[0xffffffe8][0x17][0xffffffea]5[0xffffffcb][0xffffffb2]w[0xffffffdd][0xffffffce][0xffffffee]nj[0xffffffb3]}%[0xffffffc9]*[0xffffffcd]}[[0xffffffc1]6t[0xffffffbf][0xfffffff6][0xffffffd9]f&[0xfffffffc][0xffffffbb][0xffffffd8][0xffffffc4]S+[0xffffffdf][0x19][0xffffffd4]`7[0xffffffe4][0xffffff84][0xffffff88][0x1c][0xffffff82][0xffffffba][0xffffffc5][0xfffffff5],[0xffffff95][0xfffffff1]$[0xffffffbd][0xffffffe2]'[0xffffffc3][0xc][[0xfffffff1]R[0xffffff9c][0xffffff9d]o[0xffffffe9]@[0xffffffb8][0xffffff86][0x1d]][0xffffffbd][0x17][0xffffff99]i[0xffffffa1][0xffffffa5]I[0xfffffff3][0xffffff9d][0xffffffc9][0xfffffff5][0xffffffcb][0xffffff9f][0xffffffde]\[0xffffffa5][0xffffff92][0xfffffff9][0xffffffb4][0xffffffb4]$[0xffffffb0][0xffffffd2][0x1d][0xffffffee][0x6]Mv[0xfffffff2][0xffffffbb][0xffffff91][0xffffff9c][0xfffffff9]3[0x13][0xffffff9e][0x15][0x19][0xffffffcf]LP[0xffffffc6]%$pk6[0xfffffff9][0xffffffea]X[0xffffffc6][0x1d]Ix[0xffffff99][0x3][0x12][0xffffff8f][0xfffffff2][0xffffffe3][0xffffff93][0x2][0xf][0xffffff89]v[0x3][0xffffff9a][0xc][0x3][\n]"
09:46:43.380 [main] DEBUG com.github.dockerjava.zerodep.shaded.org.apache.hc.client5.http.wire -- http-outgoing-2 << "[0xffffffdf]%>([0xffffff85][0x1a]c[0xffffffa0][0xffffff8e]a~$4)[0xffffff85][\r]b^@[0xffffffdf][0xffffffe6][0x1b][0xffffffa9][0x1]{r[0xffffffe9][0xffffffd6][0xffffff9f]8[\r]|[0xffffffeb][0xffffff97]K[0xffffffc7][0xffffffd3][0x9][0xfffffff3]fG[0xffffff92]r[0x14][0xf][0xffffffc1]~[0xffffffcf][0xffffffef]`[0xffffff8d]C[0xffffffe0]'[0xffffffa4]L[0xffffffb7][0xffffffa0][0xffffff84]:[0xffffffdd][0xfffffff5][0xffffffa5]>[0xffffffad])[0xfffffff5][0xffffffa5]AH[0xffffffbd])[0xffffffea][0xffffff9b][0xffffffcb]W[0xffffff96][0xffffffa4][0xffffffa2][0xfffffff1]g[0xfffffff1]n[0x11][0xffffffec][0xffffffc1]j[0xffffff96]Y[0xffffffdd][0xffffff8e][0xffffffcd][0xffffffaa][0xffffff87][0xffffffa3][0x15]UR[0xffffff8e][0xffffffad][0xffffff82][0xffffffd6]B[0xffffff82]St[0xffffffcb]5[0xfffffff4]X[0xffffff86][0xffffffbe][0xffffffea][0xffffff88][0xffffffaf][0xffffffb5][0xffffff9f][0xffffffee]s[0xffffffbf][0xffffffd2]`q[0xffffff99][0x1b][0xffffff89][0xffffffd9][0xffffffbf][0xffffff8c][0x1b]m[0xffffffa2][0xffffff93][0x1]A[0xffffffdc][0xffffff90][0xffffffe0][0xffffffbc][0xffffff9a],S[0xffffffea][0xffffffe6]5q)^3[0xffffffca][0xffffffbd][0xffffff96][0xffffffd2][0xffffffcb][0xfffffff2][0xffffffd1][0xffffffc5]9[0x15][0xffffff8a][0x1b][0xffffff87][0xffffffeb][0xffffffc3][0xffffff96][0xffffff96][0xffffffe7][0xffffffeb][0xffffffeb][0xffffffc8][0xffffffb7][0xffffffce][0xffffffff][0x1c][0x1e]we!MgG[0xffffffd3][0xffffffed]>7y[0x1f][0xfffffff1]=B[0xffffff8b][0xffffffcc][0x3]g[0xffffff9f][0xffffffda][0xffffff8b]HN[0xffffff9a][0xffffffe7]_s[0xffffff96][0xffffff83]Y%[0xffffffc0]r[0xffffff98]V[0xffffffa5][0xfffffff6][0xfffffffa][0xffffff98][0x10]~[0xffffffa0](o?[0xffffff8d][0xffffffdb][0xffffffc0][0xffffffdc][0xfffffff3]QJn[0xffffff9d][0xffffffc7][0xffffff91][0xffffffed]G[0x1a][0x7f][0xffffffd7][0xffffffa5]N!RP[0xffffff9e][0xffffffdf][0xffffffa0]hb&[0xffffff8f]*[0xffffffa3][0xffffffe3][0xffffff8e][0xffffffbf][0xffffffe0][0x19][0xffffffd9][0xffffffa3]0[0xffffff82]ZN[0xffffff90][0xffffffcb][0xffffffe2][0xfffffff3][0xffffff86][0x17][0x13]8[0xffffff94][0xffffffb5][0xffffffd0][0xffffff93][0xffffff8e]\/z[0xffffff9b][0xffffffa1]jpaY4[0xffffff9e][0xffffffe2][0xffffff86]g"
09:46:43.391 [main] DEBUG com.github.dockerjava.zerodep.shaded.org.apache.hc.client5.http.wire -- http-outgoing-2 << "[0x9][0xffffffd8]?[0xffffffeb][0xffffff80]$fs[0x19][0xffffffb6][0xffffff93]H[0xfffffff7][0xffffff98]y?{\[0xffffff91]4[0xffffff8e]c[0xffffffdb][0xffffffb3][0xffffffec][0xffffff92]+[0xffffff87][0xffffff9e][0xffffffaa][0xc]_[0x2][0xffffff97]_[0xffffffe7]3[0x17]I[0xffffff86][0xffffffa2][0xffffffc4]`))w[0xffffff9e]Q2[0xfffffff7][0xffffffa0]1[0xffffffce][0xffffffa2][0xffffff9d][0xffffffef][0xffffffeb][0xffffffdb][0xffffff97][0xfffffffe]eO[0xffffffd7][0xffffffa7]@[0xffffffe3]v[0xffffffae]D[0xffffffe4][0xffffffd0][0xffffff8f]^}*[0x16]y[0xffffffaf].[0x1b][0x1e][0xffffff91]<[0xffffff95][0xffffffab][0x7]m0\[0xffffff8f][0xffffffb6][0xffffffce][0x16][0xffffff8a][0xffffffaf][0x10][0x18]T[0xfffffff8][0xffffffaa][0xfffffffb][0xb][0xffffffd8][0xffffffd8][0xfffffffe][0x3][0xffffff87]4[0x14][0xffffffe2]G[0xffffffa7]tt=RZ6M[0xffffff9a]9[0xffffffcf]![0xffffffd5][0xffffff8c][0xffffff94][0xffffff80][0xffffffa3][0xffffff8f][0xffffff9f]yV[0xffffff90]V[0xffffff91][0x11][0x13]Md[0xffffffd2]vQ[0xffffffac][0xffffffb3]T[0xffffffd7]t[0xffffffa4][0xffffffc3][0x9]@[0xffffffc3]rT[0xfffffff2][0x11])[0xffffffaf][0xffffffe2]M[0xffffffc1][0xffffffa3]}[0xffffffb2][0x1a][0x16][0xffffffe6][0xffffffea]1[0xffffff9a][\r]lmK[0x11][0xffffff99][0xffffff85]1[\r][0x1e]c[0xffffffd1][0xfffffffe][0xfffffff4]Q[0xfffffffb][0xfffffffc]N[0xffffffab]Z[0xffffffef]3[0xffffffbb][0xffffffb9][0xffffff84][0xffffffbe]a[0xffffffdd]C[0xffffffae]:[0xfffffffa][0xffffffa2][0xffffff8f]|[0x1a][0xffffff8b]6%[0xffffff9e][0xffffff84][0xffffffe7][0xffffff99][0xfffffff2]%[0xffffffc4]Qd[0x12]G/[0x5]qf[0xe]E0B[0xffffff82][0xffffff8b]T[0xffffffd1][0xffffffd8])u[0xfffffff5]r|[0xfffffff8][0x3][0xffffffa1][0xffffffcd][0xffffffb3][0xffffff88]P[0xfffffff8]+!Uu[0x4][0xffffffbe][0xfffffffc][0xfffffff4][0xffffffa4][0x2][0xffffffd3]I+M[0xffffffdd]E[0xffffff93]r>:"[0xffffffa8]`T([0xffffffd0] [0xffffffa2]B[0xffffffc7][0xfffffff8][0xffffffdd]{[0xffffffb6][0xffffffd6][0xffffff96][0xe][0xffffffe8]+[0xffffffc5]<[0xffffffb2]L[0xffffff8c][0xffffff92][0xffffffbb][0xfffffff7][0xffffffbe]Q[0xffffff86][\r][0xffffffb8]][0xffffffd0]J[0x1e]:R[0xb]w[0xffffffaf][0xffffffda]]N[0xffffffe4][0xffffffb4]yI9[0xffffffd1][0xffffffaf][0xffffff87][0xffffffba],[0x1b]@[0x10][0xffffffad][0xffffff95][0xffffff87]y[0x1f][0xffffffdb][0xffffffbd][0xffffff9d][0xffffffa6]Y[0xffffff96]R[0xfffffffe]:[0xffffff84]W2[0xffffff96][0xffffffb6][0x3]"[0xffffff98][0xffffffc6][0xffffffd8][0xffffffae]6y[0xffffffbc][0xffffffd4]s[0xffffffff]M[0xfffffff0][0xffffff8c]N[0xfffffff6][0xffffff87][0xffffffbe][0xffffffa9][0xffffff88]P[0xffffffd4]7[0xffffff83][\r][0xffffff93][0x1d]:s[0xffffffed][0xffffffa3][\r])[0x1b][0xffffff8d]~g[0xffffffcd][0x10][0xffffffc5][0xffffffea]hnOTFn[0xffffffbf][0xf]MMs([0xfffffff6][0xffffffdb][0xffffffc6][0xffffff9c][0xffffffd3][0xc]V%01[0xffffffa8][0xffffffe4][0xffffff97][0xffffffed][0xffffff9f][0xfffffff4]O[0x1f]K[0xffffffe6][0xffffffe7][0xffffffe7][0xffffff92][0xffffff8d][0xfffffff2][0xffffffaf]U[0x19]4[0xfffffff2]2A}[0xfffffffe][0xffffff80]?EC[0xffffff80]B[0xffffffa3][0xffffffa0][0xffffffef]%[0x16][0x17][0x5][0xfffffffa][0xffffffa2][0xffffff90][0xfffffffc][0xc][0xffffffb9][0xffffffa7]`[0x6][0x5][0x1d]v[0xffffffe4][0xffffff89][0xffffffa6]$[0xfffffff9][0x1a]%*[0xffffffeb]7h[0xffffff9c]Y[0xffffffbe][0xffffff95][0xfffffffd][0xfffffffc][0xfffffffd][0xffffffaf][0xffffff9e]-[0xffffffa4][0xffffffb5][0xffffff9d]zp[0xffffffc5][0x1][0xffffffb0][0xffffff9d]2[0xffffffb9]l[0xffffffd0][0xffffffd5][0xffffffa9])`[0xffffff98]~[0xfffffffa][0xffffffe0][0x16][0x1e]*[0xffffffc2];[0xffffff9f][0xfffffff5][0xffffffa6]:[0xffffffad][0xffffffba][0xffffffec][0xffffffe0][0xffffffdb]0[0x1e][0xffffffef][0xf]<`b[0x17][0xb][0xffffff9a][0xffffffe5][0xffffff9b][0xffffffce][0xfffffff4]J'[0xffffffc0][[0xffffffaf]i[0xffffffcb][0xffffffef];[0xffffffb1][0xffffffd3][\n]"
09:46:43.391 [main] DEBUG com.github.dockerjava.zerodep.shaded.org.apache.hc.client5.http.wire -- http-outgoing-2 << "[0xffffffbe][0x10][0xffffffcd]3[0xfffffff7][0xffffffe0][0xffffffb2][0xffffffef]r[0xffffffcb]5k[0xffffffb7]D[0xffffffd4][0xffffff97]C[0xfffffffe]p[0xfffffffa][0xffffffca][0xfffffff7][0x1e]o81[0xf][0x17][0xffffffab]QyA[0xffffffc5][0xffffffa1][0xffffffb8][0xffffffdd][0xffffff9c]6:[0x7f]{VK{[0xffffffef]j[0xffffffca][0xffffffab]O[0xffffffdb][0xffffffd9]6t[0xffffffbd][0xfffffff9][0xfffffff7][0x13][0xffffffd6]m[0xb][0xffffffa0][0x1][0xffffff91]w2[0xffffffc6]v3[0xffffff82]/'[0xfffffff7][0xffffffd6][0xffffff9a][0xfffffffb]Qhl5[0xffffffce]i1[0xffffffbe][0xffffffd2]/[0xffffffc5]F[0x9]g[0xffffffb0]9[0xffffff85][0x1f][0xffffff9f][0xffffff9f][0xfffffff8]zD+[0x8][0x1e][0x1d]-i[0xffffffb5][0xfffffff6][0xffffffe8][0xffffff8f][0xffffffe3][0xffffff85][0xffffff8a]p[0xffffffc7]e[0xffffffbb]T[0xffffff95][0xffffffda][0xffffff95][0xffffffe8][0x1]P3[0xffffffbe]@%?1h[0xfffffff0][0xffffff91][0xffffffaf][0x19][0x11][0xfffffff4][0xffffff8b]IeW)AR[0xfffffff3][0xffffffd3]$[0xfffffff6]^[[0xffffffb6][0xffffff84];[0xffffffd4][0xffffffa6][0x1f][0xfffffffa]5[0xffffffcf]1[0xffffff8c][0xffffffa7]3k[0xffffffc2][0x13][0xffffffdb][0xffffffc5][0xffffffb0]0[0x1][0xfffffff4],[0x0][0x7][0x1f][0xffffffc7][0xffffffa2]![0xc]A[0xffffffec][0xfffffffa][0xffffffaa][0x2][0xe][0xffffffc6]f[0xffffffd8][0xfffffffb][0xffffffa2][0xffffff8e][0xffffffb5][0xffffff86].]|[0xffffffc6][0x17][0xffffffd9]j[0xffffffe5]d[0x5][0xffffffc5][0x12][0x1c][0xffffff87]$E$YMX[0x15]%\[0xffffffaa][0xffffffde]]D[0xfffffffb]`[0xfffffff8][0xffffffa9][0xffffffeb]Q[0xffffffe1]T[0xffffffd1][0xfffffffd]t[0xffffffd6][0xffffff8c]A[0xffffffd4][0xfffffffc][0xffffffba][0xffffffd9]d{[0xffffff8f]Y[0xffffffee]2;[0xffffff94][0xb][0xffffff87]o[0xffffffe6][0x4]fWa[0x6][0xffffffab]oiM[0xffffff90][0xffffffce][0xffffffaa][0x1e][0xffffffa1]Xm[0xffffff84]M[0xffffffb1][0xffffffe5]c[0xffffff86][0x13][0xffffff98]F[0xffffffd0][0x11]F[0xffffffee][0xffffff93][0xffffffa8]Uf[0xffffffc1][0xffffffae]r#~<Lxc[0xffffff8c][0xffffff95]Br[0xffffffb6][0xffffffca]1[0xfffffff5][0xfffffff0][0xffffffcb][0xffffffcb][0xffffffe7][0xffffffef][[0xfffffffd]7^$[0x18][0xffffffd4]N[0x10][0xffffffe1]3[0xffffffd4]_][0xe][0x17][0xffffff9b][0x4]v[0xffffffc3]r[0x1e][0xffffff8a][0xffffffc7]ZJ[0xc]t[0xffffffd6]R(B[0xffffffc3])s[0xffffff9d][0xffffffaf][0xffffffec][0x1f]Ag[0x0][0xffffff84]u[0xc]6[0xffffffe5]4V[0xffffffd2]t[0xfffffff5][0x12]/[0xffffff91]}[0xffffffba]r1[0xffffffe1][0xfffffffa]?6IN[0xffffffcd][0xffffffda][0xffffffe2][0xffffffb5][0xffffffec]>a[0xffffff87][0xfffffffd]`/[0xfffffffd][0xffffffde]l[0xfffffff3][0xffffffce]Q[0xfffffff8][0x9][0xffffffbf]x[0xffffffd7]q[0xffffffe4][0xffffff9c][0x8][0xffffffaf][0xffffffdb]~g[0xffffffc7]Y[0xffffff87][0x0]y[0xffffff90][0xfffffffc]=[0xfffffff7][0xffffffb0][0xffffffe5][0xfffffffe]JO[0xffffffbc]7[0x13]K[0x13][0xffffffce][0xffffff8e]/[0xffffffb9]YQ[0xffffffad]M2[0xfffffff4]u}![0xfffffff7]m<[0x4][0xffffff8f][0xffffffa7][0xfffffffa][0x1c]1[0xffffffa2][0xb][0xffffff8f]0[0xffffffb7]C[0x5]"Y[0xb][0x19][0xffffffd5][0x1f]v[0xffffff96][0xffffff90][0xffffff94][0xffffffe4][0xffffff99][0xffffffda]z[0xb]A[0xffffffc1]c[0xffffffb2]P [0xfffffff6]hT[0x1a][0xffffff84][0xffffffbd]7[0xffffffae]y[0xffffff87][0xffffffa9][0xffffffef]F[0xffffffca][0xffffffc1]A[0xffffffb7][0xffffffc6][0xffffffd6]#n[0xffffffe5]v_lb[0xffffff95]DXB[0x11][0xfffffff3][0xffffffa4]} [0x10][0xffffffe5][0xffffffd5]S[0xffffffdc][\r]x)[0x4][0xffffffcb][0xfffffff3][0xffffffb7][0xffffffc7][0xffffff94][0xffffffb8][0xffffff89][0xfffffffb]R4[0xffffffe1][0xffffff95][0xffffffca]5&H[0xffffffa8][0xffffffdc]0[0xffffffc8][0xffffffde][0xffffffa9][0xfffffff9]ip[0xffffffd4]$mhc[0x1e]I[0x14][0xffffffcf][0xffffffef][0xffffff99]z[0xffffffbe]Yp[0xffffffe3][0xffffffb7][0xffffffa3]X,o[0xffffffd0][0x12]6[0x12][0x13][0xfffffff9][0xffffffe2][0xffffffe7]9[0xffffffc8][0xffffffcc][0xfffffffb][\n]"
09:46:43.392 [main] DEBUG com.github.dockerjava.zerodep.shaded.org.apache.hc.client5.http.wire -- http-outgoing-2 << "~[0xffffffce][0xffffffbb][0xffffffec]%9[0xffffffd5]\[0x17]m4[0xffffffd1][0x10]uNnT[0xffffffe6]Je^[0xffffffd2][0xffffffee][0xffffffe7]th[0xffffff88][0xfffffffb][0x14]S[0x1a]U[0xffffffec][0xffffffff][0xffffff87][0xffffffb3][0xffffffb7][0xffffff8e][0xffffffca]#[[0xfffffff6][0xffffffbf][0x1b][0xfffffff7][0xffffffe0][0xffffffee][0xffffffee][0x10][0xffffffdc]%[0x4][0xb][0x12][0xffffffdc][0xffffffdd][0xffffffdd][0xffffffdd][0xffffffdd]=[0xffffffb8][0x7][0x9][0xffffffc1][0xffffffdd]-[0xffffffb8][0x13][0xffffffdc][0xffffffdd][0xffffffdd][0x1d][0x2][0xffffffbc][0xffffffeb][0xffffffcc][0xffffffcc]=[0xffffff93][0xffffffc9]Y[0xffffffef][0xffffffcd][0xfffffff9][0xffffffdd][0xffffffb5][0xfffffff6]_[\r][0xfffffff4]~v}[0xffffffab]v[0xfffffff1]t}v[0xffffffb5][0xffffffac][0x1f]r[0xffffffa7]F[0xffffffaf][0xffffffa0]+[0xffffffb2][0xffffff83]h>[0xb][0xffffffbb][0xffffffa9][0xffffffc1][0xffffffc4][0x17][0xffffffac]y[0xffffffb3][0xffffffa5][0xffffffa9]Yd[0x12][0xffffffc6]0[0xffffffbe]n}#[0xffffffad][0xffffffe0][0xffffffb6](5[0xffffffb4]:[0x1d][0xffffffba][0xffffffbe][0xffffff84]k[0xffffff96][0x7][0xfffffffb]*[0xffffffca]Y[0xffffffe8][0xffffff8f][0xffffff8f]4O[0xffffffc4][0x19][0xfffffff8][0x4][0x1][0x15]p"aC[0xffffffa0][0xffffff83]O[0xffffffcd][0xffffffef][0xfffffff1][0x1a][0xffffff92][0xffffffc1][0xffffffa9][0xfffffff2][0xffffffd2][0xffffffbe][0xffffffa7][0xffffffd7][[0x16][0x4][0xffffff99]h[0xffffff88])[0x1e]![0xffffffcb]`0[0x15]^[0xffffffb8][0xfffffff3][0x17]X1F[0xffffffa9][0xffffff8c][0x10][0xffffffee][0xffffffe2]9[0xfffffff8][0xffffff90]m[0xffffffae][0xffffffa9]Z[0xffffffcb][0xffffffd5]C[0xffffff96]/[0x18]z[0xffffff97][0xffffffc6][0xffffffd2][0xffffffbb][0xffffffcf]%[0x19]p[0xffffff8a][0xffffff8c][0x4]s[0xffffffcc]a[0xffffffe9]][0xc][0xffffffa0][0xffffffa5][0xffffff8d],c[0x10][0xffffff81]Q[0xffffffa2][0xfffffff9][0xffffffd3]c[0xffffffaa][0xffffffda][0xffffff99]1[0xfffffff9]\BN[0xfffffffe]X[0xffffffa2]![0xffffff93]/[0x13][0xffffff99]i[0xffffffbe][0xffffffca]+[0xffffffb1]g~[0x10][0xffffffd5]*[0x9][0xffffff85]5[0xffffffbb]{[0xffffffd8][0xfffffff3][0xffffff9a]I[0xfffffff2][0xffffffe9]`[0xfffffff8]H[0xffffffc6][0xf][0xffffff8a][0xffffff8d][0xffffff9a][0x14]ORZ[0xffffffac][0xfffffff5][0xffffff83][0xfffffffe][0xfffffff1][0xffffffc7];[0xc][0xffffffe3][\r][0x8]b[0xffffffdb][0xffffffae]IH[0xffffffa7][0x1][0xffffff97][0xffffffd1]V5[0xffffff8c][0xffffffdd]N[0xfffffff1]IC[0x16]i[0xffffff96][0xffffffc6]2[0xfffffff1][0xffffff90]OP[0xffffffae][0xffffffc6][0xffffffcd][0xffffffe0][0x17]A[0xffffffdf][0xffffffb8][0x8][0xffffff86][0xffffff97][0xe][0xffffffe6]r[0xffffffd8]S[0xfffffff9]?P[0xfffffffb][0xffffffdf][0xffffff80]x[0xffffffd6]59[0xffffffb1][0xffffff8d][0xffffffe6]Y[0x17][0xffffff88]lip[0xffffffde][0xffffff93])(,jy}[0xffffff9d]+<#[0xffffffe3][0xffffff8e][0xffffff9a][0xffffffb0]s[0x1e]M[0xffffffb1][0xffffff91]*[0x1b]4[0xb][0x8][0xffffffda][0xfffffff0][0xffffffcd][0xffffffa8][0xffffffc4]d[0xffffffee][0xffffffca][0xffffffb0]}[0xffffffd4][0xffffffe0]XN[0xffffffbe]#[0xffffffb2]O[0xffffff91][0xffffff91][0xffffffdf][0xffffffa5][0xffffffb4]<[0xffffff8b][0xb]X[0xffffffc4][0xfffffff7][0xffffffed]g[0xffffff8c][0x19][0xffffffeb][0xffffffee]<9[0xffffff8d][0xffffffa5][0xffffffb5][0xffffffab][0xffffffe8][0xffffffbc][0xffffffa8]N[0xffffffaa][0x10]s[\r]N[0x18][0xfffffff5][0xffffffb6]RV[0xffffffa7]~[0xffffffa1][0xffffffb6]tS[0x8][0xffffff8c]PT[0xffffff81][0xffffff89][0xb]O[0xffffffac][0x11]}l[0xffffff82][0xffffffba]:"[0xffffff89]jJ+[0x15][0xffffff8c]x[0x15][0xffffffdb][0xffffffe2][0xffffffad]W4-@[0x1][0xffffffcd][0xffffffd6]{U[0x5][0xffffffb1][0xffffffd3]Tx|[0x7]^[0xffffff80][0xffffffc9][0x1]}[0xffffffbc][0xffffffbf]\[0xffffff94][0xffffffdc]u[0x6]&[0xffffffac][0xffffffcf][0xffffffb0][0xffffffe6][0x13].[0x7f]K[0xffffffc8]$[0xffffffb2][0x13]7e[0xffffffcf][0xffffffba]swG5y7el[0xffffffbb][0xfffffff3][0x2][0xffffffb2]!{[0xffffffea]z[0xffffffe7][0x1]3[0xffffffed][0xffffffc8][[0xffffffaa][0xffffffdc][0xffffff8e]Cf9[0xffffffb0]7[0xffffffad]{W[0xffffff8b][0xfffffff2]r[0x7]X[0xffffff95]);[0xffffffa4],P[0xffffffc0][0x1b]y}[0xffffffe0][0xfffffffa]j[0xffffffce][0xffffffe0][0xffffffb4][0xffffffa4][[0xffffff86]0[0xfffffff2]D[0xffffffdc][0x16]2[0xffffffa7][0xffffffc4][0xffffffe7][0xffffffaa]rjk[0xffffffc4]5[0xfffffff8][0xffffffa0][0xffffffef]-A[0xffffffc5][0xffffff95]7[0xffffffe9][0xffffff9e][0xffffff97][0xffffff90]bu&+O[0xffffff83]9[0xffffffe7][0xffffff97][0xffffff89]][0x14][0x9][0xfffffff1]1[0xffffffdf]W[0xfffffffb]nP[0xffffff90][0xffffff81]N[0xffffff8c]G[0xffffffbe]sg[0xb][0xffffffb3][0xfffffff9][0x15]R'[0xffffffa4][0xffffffad]{[0x19]C[0xffffffc7]qu![0xfffffff1]p[0xffffffee]0[0xffffffe7]F[0xffffffee][0xffffffb9][0xffffff96][0xffffffdb][0xffffffe0]D[0x16][0xffffffe4][0x6][0xffffff8d][0xffffffd8]=T[0x13]G[0xffffffbd]U[0xffffffc7]Ze[0xf]}C[0xffffff86][0xffffff8b][0xffffff82]b[0xffffffec]K[0x7]p[0xffffffe1]'{[0xffffffda][0x9]NA[0x1e][0xffffff99][0xfffffff6][0xffffffee][0xffffff91]F[0xffffffd2][0x13][0xffffff95]q[0x1d]~[0xffffffa4]{[0xffffffb1][0xffffffe9][0xffffff96][0x1][0xffffffb7][0xffffff91]8[0xffffff89][0xffffff99]3l[0x9][0x1e][0xffffffc2]"(^&[0xffffffcf][0x2].[0xffffff81]U[0xffffffe1]B[0xffffff99][0x16][0xffffffb4][0xffffffae][0xffffff99]K[\n]"
09:46:43.392 [main] DEBUG com.github.dockerjava.zerodep.shaded.org.apache.hc.client5.http.wire -- http-outgoing-2 << "[0x12][0xffffffcf]![0xffffffea][0xffffff83][0xffffffe1][0xffffffe5]#5[0x15][0xffffffe8][0xfffffff0][0xffffff9b][0xfffffff7]p[0xffffffdb][0x3][0x16][0xffffffc3][0xffffff88]'[0xfffffffa]3[0xffffffe0]G[0x19][0xffffffa6]q 9[0x6][0xffffff84][0xffffffd7][0xffffffdf][0xffffffde]![0xffffffb5][0x12][0xffffffcb][0xffffffef]TI[0xffffffa2]koe[0xffffffcb][0xffffffc8][0xffffffbb]B[0xffffff9a][0xffffffbc][0xffffffba][0xffffff8f]:[0x8][0xb]&[0xffffffa1].[0xffffff91][0xffffff85][0xffffffa9][0xfffffffe][0xffffffa8][0xffffffbd]I[0x12][0xffffffd6]G[0x1c][0xffffffca][0xffffff88]6[0xffffffc0]UZ[0xfffffffb](C[0xffffffed]5[0xffffffae][0xfffffff1]M[0xffffffab]")[0xffffffec][0xffffff9e]v[0xffffffbb]nb[0xfffffff1][0xffffff86][0xffffff9f][0xffffffe8][0xffffffd6]_[0xffffffc4][0xffffff83][0xffffffe0][0xffffffbd][0xffffffba]j[0xffffff93][0xffffff92][0x15][0xffffffb1][0xb][0xffffffcb]'8kO[0xfffffff6][0xffffff99][0xffffff89][0xffffffea][0x10]O3[0xffffffb8][0xffffffcd][0xffffffe2][0xffffff92]j[0xffffffd2][0xffffff80][0x11][0xffffffda]E[0x7][0xffffffe1][\r][0xffffffed][0xfffffffa]v[0xffffff8d][0x14][0xffffffe4][0xffffffe0][0x18][0x9][0xffffff95][0xffffffb1][0xffffff9c][0xffffffcb]/a{[0xffffffc5][0xffffffeb][0xffffffa3][0xb][0x1b][0xffffffa3][0xffffffaa][0xffffffcb]&[0xffffffc8][0xfffffff4][0xfffffffb][0xffffffa6]Ot[0xffffffab]pC[0xffffffb8][0xfffffff9][0xffffffd9]l[0xffffffa8]-[0x1d][0xffffffb7][0x1c][0xfffffffc]j[0xffffffe0][0x7]W[0xf][0xffffffdf]9[0xffffffb3]?[0x13][0x8]-[0xfffffff3]M[0xffffffd0]R[0xffffff9b]W[0xffffff87][0xffffffde][0x7f][0xffffffc2]A[0xffffffc6][0xffffff95][0xffffffa5]9 =[0xe][0x16]{[0xffffffa1]<[0xfffffff2][0xffffffa5]Cz[0xffffffbc][0xffffffe9]o[0xffffff86]}[0xffffffc6]]!y[0xffffffb4]x[0xffffffcf]![0xffffff9f][0xffffffbf][0x1d][0xffffffed][0xffffffef][0xfffffff7][0xffffffa5][0xffffffd8][0xffffff9e]![0xffffffe6]"[0xffffff96][0xfffffffd]%[0xffffffea][0xffffff8b][0xffffffe8][0xffffff83][0x1d][0xfffffffa][0xffffffb1]![0xffffffd8][0x14]+[0xffffff93][0xffffffa8][0xffffff82][0xffffff83][0xffffffed][0x10][0xffffffd4][0xffffff81]r[0xfffffffd]d[0xffffffa3][0xffffffd9][0x13]Ny[0xffffffca]HyN[0xffffffac][0xffffffc9]-[0xffffffc1]*[0xffffffe9][0xffffff9d][0xffffffa8][0x17][0xffffff9f][\n]"
09:46:43.392 [main] DEBUG com.github.dockerjava.zerodep.shaded.org.apache.hc.client5.http.wire -- http-outgoing-2 << "[0xffffffbf]W[0xffffffa9][0xffffff9e]"[0xffffff9b]?Z[0xffffffe4][0x1a][0xffffffa3][0xffffffb3]K{[0xffffffc2][0xffffffe0]f8[0xffffff84]L[0xffffffea][0xfffffff4][0x0][0xfffffff2]~$[0xfffffff6]wg[0xffffffaf]y[0xffffffcf][0xffffffa7][0x1f]0[0xffffffbc][0xffffffed]o[0xffffffd9]z[0xc][0xffffffa6][0xffffffd4][0xffffffc7][0xffffffea][0xffffff9f][0xffffffdf][0xfffffff2][0xffffff99][0x4][0xffffffd1][0xffffffbf][0xffffffe3][0xffffffce]s[0x4][0xffffffdf]0![0xe][0xffffffbe][0x11][0x18]X1i[0x4]Y@[0xffffffc0][0xffffff87][0x7f][0xffffffbc][0xffffff89]V[0xffffffc7]Y[0x9][0xffffff90][0xffffffa8]_[0xfffffffe][0xffffffd6]F[0x1] [0xffffffa9]c^[0xffffffcb][0xffffffa8][0xfffffff9][0x7]X![0xffffff80][0x1f][0xffffffde][0xffffffab][0xffffffd1]j[0xffffff82].l?[0xffffffcf]|[0x2][0xffffffc2][0xffffffd9][0x7]/Q[>,X[0x15]([0xfffffff6][0xffffff9f][0xffffffdf][0xffffffd5][0x1b][0xffffffe9]or3.[0xffffffcc][0xfffffff6][0xffffffe1]D}+[0xffffffc1][0xffffffd2][0xffffffd1]w[0x0][0xe][0xffffffab][0xffffffda]/)[0xfffffff4][0xffffffbf][0xffffffdb]o){[0x5][0x3][0xffffff9e]Z[0xffffffab]W[0xffffff97]Nr.[0xffffffbb][0x5]U[0xffffffa2][0xffffff90][0xffffffaf][0xfffffffd][0xfffffff3][0xffffffaa]OF[0x17][0xffffffd2][0x17][0xffffffe0]~[[0x5][0xffffff8a][0xffffffd8]iA[0xffffffaf][0xffffffa4]ez[0xffffffd3][0x18]_z[0xb]j[0xffffffd3][0xfffffff5][0xffffffec][0x3][0x14][\n]"
09:46:43.392 [main] DEBUG com.github.dockerjava.zerodep.shaded.org.apache.hc.client5.http.wire -- http-outgoing-2 << "=[0xffffffa9][0x18]=oX"[0xffffff97]`[0xffffffe1]t[0xffffffc1]R@[0xffffffcb][0xffffffe2][0x15]4[0xffffffb0]:[0xffffffbc]@[0x6][0xffffffe9][0xffffffcd][0xffffffb2][0xe]Sc[0xffffffdc]"d[0xffffffcd][0xe][0xe][0x16][0xffffffd6][0xffffffbd]N[0xffffffa2][0xffffffd3][0xffffffb2]$Q[0xb]D[0xffffffc6]Y[0xffffffea][0xffffff84][0x5]1[0xffffffae][0x1d]G[0x6][0xffffff8d]4jq[0xffffff9c][0xfffffff5]k[0xffffffde][0xffffffc9]r'[0x13]c[0xffffff9e][0xfffffffa][0xffffffdc]g[0xffffff9a]"[0xffffffd4][0xffffff87][0x1b][0xfffffff8][0xffffffee][0xfffffff2][0xffffff8f]aw[0xffffffc1][0xffffffc0][0x6][0xfffffffa]Wcyn[0xffffffb2]q[0x0]=pA[0x16][0xffffffa5]^[0xffffffcd][0x1][0xffffffba][0xffffffde]m[0xffffffa0][0xffffffcb][0xffffffde]-[0xffffffc7][0xffffffdf][0x6][0x3][0xffffffb9][0xffffffc3]({%[0xfffffff6]g[0xffffffa4][0xffffffb2] -[0x1a]Q[0xffffffe6];[0xfffffff7][0xffffffe5][0xffffffa8]g[0xffffffb4][0xffffff8b][0xffffff81][0xffffffea]@zw[0x8]%[0xffffffb3]KC'[0xffffffc5][0xffffffc2]2[0xffffffac][\n]"
09:46:43.392 [main] DEBUG com.github.dockerjava.zerodep.shaded.org.apache.hc.client5.http.wire -- http-outgoing-2 << "i[0xfffffff7],X?[0x15][0xffffffe3][0xffffffae][0x15][0x13][0xffffffbb]s[0xffffffea][0xffffff92][0xffffffca][0xffffffea][0xffffffd2]DK3[0xffffff84][0xffffffe2][0xfffffffe][0xffffffe8][0xe]/[0xffffffcb]E[0xffffff96][0xffffffd8][0xffffffad][0xffffffc5][0xffffff92][0xffffffb8][0xffffffaf][0xffffffcb][0xffffffce]'[0x2][0xffffffae][0x1e]R[0xffffff97]J[0xffffffe5][0x1b][0xffffffa4][0xffffff9f][0xffffffa9][0xffffffc4][0xffffffe1][0x17][0xfffffff6][0xffffffce][0xffffff9c][0xffffffed]0;[0xf][0xffffffc3]<;[0xffffffb1]%_[0xffffffa2][0xffffffa4]W [0xffffff92][0x18][0xffffffa8]K[0xfffffff5][0x5][0x8][0xffffffde][0xffffffdd][0x5][0xffffffe8]&[0xffffffbf][0xe][0xffffffcf][0xffffff9d][0xffffffc0]y`x`[0xffffffc6]nQfG[0xffffffda][0xfffffff6][0xffffffd0][0x15]O|U[0x16]`[0xffffffea][0xffffff9d][0xffffffe4][0xffffffdf][0xffffffc8][0x4]1a8[0xffffffec]$[0xffffffa7][0xffffffcd]Jq[0xffffffa8]P[0xffffffe1]T#Q2"[0x6][0xfffffffa][0xffffffbf][0xffffffba]1[0xffffffd9][0xfffffff9]^[0xfffffff0][0x1a][0xffffff8e]D[0xffffff8c]~[0xffffffa7](j![0xffffffa5][0xffffff8e][0xffffffe2]@[0x0][0xfffffff9]~B^"[0x14][0x1e][0xffffffa5]D[0xffffffc6][0xffffffe6]A[0xffffffce][0xffffffb5][0xffffffb9]f[0xffffffdf][0xffffffad]7[0x17][0xffffffaa][0xffffffb1][0xffffffdb]?[0xffffffea][0xffffff93][0xffffffd3]"5[0xfffffff1]![0xfffffffe][0xffffff9e][0xffffffbd]{[0xffffffe8]D^][0xffffffcd]x[0xb]9:[0xffffffe9][0x6][0xffffff95][0xffffffff]>[0xfffffff4]vI[0xffffffd0][0xb][0xffffff81][0xffffffb9][0xffffffe2][0xfffffffd]qAY[0x10][0x1f][0xffffffa3]&[0xffffffdf][0xfffffff8]5[0xffffffe5][0xb][0x6][0xffffffcb]7[0xffffffcf][0xfffffff0][0xe][0xffffffbd]d[0xffffff8d]c[0xffffffb1][0x1c][0x7][0xffffffed]I[0x16][0xffffffa6][0xffffffd9][0xffffffc9][0xfffffff1][0xffffffa2]-1[0xfffffff4][0xffffffe1][0xffffffaf][0xfffffff2]E[0xffffff8f][0xffffffc1][0xfffffff7]n[0xfffffffa][0x1c][0xffffffd4]xw[0xfffffff9]9[0xffffffa2]k[0xffffffc1][0xffffffea]W[0xfffffff7][0xffffffa5][0xffffffd4]0R[0x0][0xffffff98][0x8][0xffffffc0]J[0xffffffb3][0xffffffed][0xffffffb5]6[0xffffffc3][0xffffff97][0xffffffb3][0xffffff86][0x1e][0xffffffc5][0xffffffa0]2[0xffffffef]w<[0xffffff8f][0xffffff8e][0xffffffec][0xffffffb4][0xffffff8c]&a[0xffffffee][0x10][0xffffffb4][0xffffffd2]*[0xfffffffc][0xffffff9c]<[0x11]!f[0x0]-[0xffffffa9][0xfffffff8][0xffffff89][0xffffff9b][0xffffff9a]Y[0xffffffe8][0xffffffc6][0xffffffad]r [0x4]b[0x7f][0xffffffcd]!M[0xf][0x11]C[0xffffffba][0xfffffff4]@[0xffffffe0][0xfffffff4][0x9]e[0xffffffdb]_[0xffffff8b]_0[0xffffff9d][0xffffffb8][0x1a][0xffffffa6][0xffffffb6][0x17]g[0xe]v[0xffffffd0].[0xffffffb6]I}[0xffffffe0][0xffffffe3][0xffffffea][0xfffffff8][0xfffffff1][0xffffffc8][0xe][0xffffffef][0xffffffc4][0xffffffc6][0xffffffe0]L+[0xffffffce][0xffffffbc][0xffffffe1][0xffffffe0][0x5][0xffffffe7][0x1b][0xffffff87][0xffffffc8]o[0xffffff91][0xffffffa7][0xffffffd5][0xffffffa4][0xffffff8e]f[0xfffffffe]g[0xffffffa3][;[0xffffffb7]A[0xffffff87][0xffffffc9][0xffffff88][0xffffffdd]P[0xffffffc7][0xffffffb6]^[0xffffffb4][0xffffffce]F[0xffffff9c]J[0xfffffffe]"[0xffffffd6][0xfffffffd]i[0xffffffc8][0x1e]][0xffffffc7]Y[0xffffffba][0xffffffed]l'[0xffffffb8][0xffffff98]m[0xffffffb3]4[0xffffffb8]C[0xffffffb9][0x7]wY5}1[0x1a][0xffffffab]Z!M"*L[0xffffff9e][0xffffffdf][0x1f]q[0xffffff86][0xffffffc3]-[0xffffff87][0xfffffff3]:,[0xffffffc6],X[0xc][0xfffffff0][0xffffffd6][0xffffffc3][0xffffffbd][0xffffffd6][0xfffffff5][0xffffffd9]n[0xffffff86]/[0xffffffbb]G~[0x14][0xffffffe1]y[0xffffff9f]x[0xffffffb2]I[0x11][0xffffff8a][0xffffffb3]JR[0xffffff91][0xffffffb7]L[0xffffffe9][0x1b]-[0xffffffd2][0xffffff9d][`1[0xffffffb5][0xffffffed][\r][0xffffffde][0x13][0xffffffbb][0xffffffc2]h[0xffffffcc][0xffffffb3][0xffffff9c][0xffffffae]K[0xffffff99][0x1b]~[0xffffffa4]1[0xffffffaf][0xffffffff]6&j_[0xffffffb1][0xffffff96][0xfffffff0][0xffffff82][0xffffffa4]i[0x1d][0xffffffbc][0xffffffd0][0xffffffab]z[0xffffffb9][0xffffffae][0xffffff91]+[0x1e][0xffffff9b]Cd[0xffffffa8]nt[0xffffff99]>[0xffffffc4][0xffffffed][0xffffffda][0x6][0xffffff92]7[0x2][0xffffffce]"[0xffffffb4][0xffffffe5][0xffffff91]U[0x10][0xffffffb4][0xffffffd8][0xffffff93]W)T[0xffffffde]K[0xffffffbe][0x18][0x15]/[0xffffffe1][0xffffffaf]6[\r]o[0xffffffbf][0x1b],[0xe][0x15]n9[0xffffffd1][0xffffff98]q:[0x1c]i[0xffffffa4][0xffffffe5][0xffffff9a]Me[0xffffffe7][0xffffff8c]ni![0xffffff88][0xfffffffd]La[0xffffff90][0xffffffa5][0xffffffbe][0xffffffe0][0xffffffe5][0xfffffffd][0xffffffa8][0xffffffbe]^[0xffffffec][0xffffffd1][0xffffffc1][0x7f](8PUN[0xffffff93]5[0xffffffda][[0x1b][0x1b][0xffffffd9]@[0xffffffc9]C/[0xffffff93][0x10]%;[0xffffffea]w[0x14][0xffffffb2]sXx[0xffffff86][0xffffffaf][0xffffffdf]V[0xffffffd2][0xffffffe1][0x1b]=[0xffffffb0][0x9][0xffffffc1]Bf{[0xfffffff7][0xffffffba][0xffffff8c][0xffffffd0][0xfffffff8][0x1e]TAg[0xffffffb8][0xffffffb9]%[0x8]f[0xffffff81][0xffffff8f]~$[0xffffff81]![0x4][0x7f][0xffffff93][0xffffffb0][0xffffffb0][0xffffffcb][0xffffff95][0x1e]#[0xffffffdb][0xffffff8d]@[0x18]'[0xe]=[0xffffffe5]S[0xffffff8a][0x14]9=[0xffffffa8][\r][0xffffffda]a[0x18]]S,[0xffffffe9][0xffffffa8][0xffffffbe][0xffffffe8][0xfffffff4][0xffffffda][0xb]|~[0xffffffbe][0xffffffff][0xffffff9d]R[0xffffffb5]}J[0xffffffb8][0xffffffa8][0xffffffad][0xffffffff]'D[0x6][0xffffff9b]#[0xffffff81][\r]![0xffffff82][0xffffffd1][0xffffffbd]2[0xffffffb3][0x1d][0xffffffbf]-[0xffffffa2][0xffffffb7])a?[0xffffffa4][0x0]tL[0xe]u[0xffffffbb]0-6X[0xe][0xffffff99].[0xfffffff6]8[0x17][0xffffff9e][0xfffffffb][0xffffff9b]@C1[0xffffff9b][0xffffffaf][0xffffff92]O[0xfffffff5]6[0xffffffa4][0xffffffe7]A[0xffffffc4][0x17][0xffffffeb][0x1d]M[\n]"
09:46:43.392 [main] DEBUG com.github.dockerjava.zerodep.shaded.org.apache.hc.client5.http.wire -- http-outgoing-2 << "6.[0xffffffc0][0xffffffee]=#[0xffffff9c][0x1a][0x11][0xfffffffc][0x13][0xffffffcd]5cg[0xffffff85][0xffffffa4][0xffffffc2]h[0xffffffee][0xffffffc3][0xffffffa9][0xffffffd6][0xffffffe3];[\n]"
09:46:43.392 [main] DEBUG com.github.dockerjava.zerodep.shaded.org.apache.hc.client5.http.wire -- http-outgoing-2 << "[0x1f][0xffffff95][0xfffffff9][0xffffffa6][0xffffffe1]7[0xffffff97][0xffffffae]S[0xffffff8f][0xffffffc4]Kd[0xffffffd6]b[0xffffff83]4[0xfffffffa][0xffffff89][0x1c][0xffffff9d]?f<Rb}[0xffffffa2][0x1c][0xffffffae][0x7]A[0x1f][0xffffffd1][0xffffffc9] uO[0xffffffe4]Y[0xffffff82][0xffffff96]Z1[0xffffffcb][0x15]M`[0xffffffa9][0xffffffe5][0xffffff85] 1[0x14]$F<@|[0xffffffb8]"[0xffffff8f][0xffffffab][0xffffffbc]z[0xffffff8d][0xe]{[0xffffffd1]N[0xffffff82][0xffffffdf][0xffffffc5][0x6][0xffffffd4]W[0xffffff9f][0xffffffa3]4[0xffffffd0][0xffffffc5]4[0x1][0xffffff83][0xffffff86]=C[0xffffffd1][0x1f][0xffffffac][0xfffffffb]m2[0xffffffc9]bl[0xffffff8c]dq:[0xffffffa9][0xfffffff9]q[0xffffffa2][0x1b][0xffffff9b]>p[0x1e][0xffffffa5][0x16][0xffffffa8][0x1]#[0x7][0xfffffff8][0xfffffff0]D[0xffffffdd]*[0xffffffcc][0xfffffffb]l[\r]*/}G?[0xffffff80]/[0xffffffe7]as[0xffffffeb]*[0xffffffad]R[0xffffffa5]rIug[0xfffffffa]"[0xffffffcf][0xffffff9a][0x19][0x4][0x6][0xffffff8b][0xffffffd1][0x17][0xffffffb8][0xffffffd7][0xffffff82][0x0][0xfffffff7][0xffffffb8][0xffffffef][0x7f][0xfffffff7][0xffffffb4][0xfffffffc][0xffffffff]o|[0xffffffe7]U[0xffffffb3]9[0xffffffdd]<[0xffffffaf]x][0x17][0xffffff80][0xffffffde][0xffffff91]K[0x14][0xffffff8a][0xffffff88]e[0xffffffc8][0xffffffda]&'[0xffffffea][0xffffffbf][0xffffffb0][0xffffff8b][0xffffffd9][0x1e])[0xffffff92]{[0xffffff87]STT[0xffffffcd]k[0x1c][0x18][0xffffffca]\n[0xffffff9b]][0xfffffffd]J[0xffffffb2]0[0xffffff88][0xffffffbb][0xffffffb8][0xffffffe5]f[0xffffff81][0x4][0xffffffc2][0xffffffaa][0xffffffba][0xffffff92][0xffffffad]7[0xffffffcd]G[0xffffff83]R=[0xffffffe3][0xffffffe4]?+6j[0xffffff91]u#[0xffffffb5][0x7]o[0xffffff98][0xffffff85]>}a[0x1c][0xffffffb6]6[0xffffffb4]0kX.ze[0xffffff9b]lx[0xffffffc8][0x16]A[0xffffffa9]j[0xfffffffb] [0xfffffff5]l[0xffffff81][0xfffffff0][0xffffffc8]d8[0xffffffb9][0xffffff8b][0xffffffc4]mV0[0xffffffb4][0x1c][0xfffffff7][0xffffffbe][0xffffffac]V[0xffffff9d][0xfffffffe][0xffffffd9][0xffffffb8][0xffffff94]5[0x10][0xc][0xfffffffa]*f[0xffffffc9][0xb][0xffffffa2]VN[0xffffff81][0xffffff84]>L[0xffffffd8][0xffffffe6][0xffffffb3]'[0xffffffad][0xffffffe9][0xffffffee][0xffffff93][0x5][0xffffffe4]8[0xffffffbc]Al=EO-aI[0xffffff88][0xffffffbd][0xffffffa1][0xffffffa0][0xffffff85][0xffffffbe][[0xffffff99][0xffffff91][0xffffffca][0xffffffb2][0xffffffb9]q[0xffffff89][0xffffffb2][0xffffffc0]%o[0x17]e[0xffffffb1][0xffffff9c][0xffffff9d]Ze[0xffffffd9][0xffffffd1]-?x[0xffffffa8][0xffffffdd][0xffffffee][0xfffffff4][0xb][0xffffff89][0xffffff9b][0xffffffe1]S[0xffffffa7]}[0xffffffe6][0xffffffb9][0xffffff89]Tx\[0xffffffa3]z[[0xffffff87]F[0xffffffa8]ta[0xffffffb1][0xffffff8d][0xffffffc1][0xffffffa7]@>[0xffffffe8][0xffffff8c][0xffffffa0][0xffffffdc][0xffffffca][0xffffffd7]*[0xffffffa0][0xfffffffa][0xffffffc5]+[0xffffffc1][0xfffffff8][0x11][0xffffff89][0xfffffff3]J[0xffffffea]^JQf[0xffffffc1]>[0xffffffea][0xffffffdb][0xffffff9a][0x1]K[0xffffffe0]BH[0xfffffff2][0xffffffac][0x0][0x10][0xffffff89][0xffffffe5][0xfffffffc]![0xffffffbc]B[0xffffffda][0xffffffa0]a[G_[0xb]v[0xffffffbf]5[0x2][0xffffffc5]?}[0x15][0xffffffc5][0xffffffcc][0xffffffd6][0xfffffff0]f[0xfffffff3]I[0xffffffe7][0xffffff85]r[0xffffffe2][0xffffffcb][0xffffff91][0xfffffffd]9[[0x3]zo[0xffffff99][\n]"
09:46:43.392 [main] DEBUG com.github.dockerjava.zerodep.shaded.org.apache.hc.client5.http.wire -- http-outgoing-2 << "[0xfffffff9]*[0xffffffcb][0xffffffab]g#[0xffffffa5]N[0xffffffd2][0x17][0xffffffca]Dt[0xffffffa2]\[0xffffffdd]<[0xffffff87]{j[0x1e]q[0xffffffb2][0xffffffe0][0x17][0x5]zMmR[0x15][0xb][0xffffffc7][0xfffffff7]+[0xffffffa1]?<[0xffffffd9][0xffffffcc]O[0xffffffb2]mn[0x16]J=j[0xffffffe3][0xffffffc9][0xffffffb0]V[0xffffff94]=[0xffffff9d][0xffffffae][0xffffffe2][0xffffffb8][0xffffffd2]Y[0x4][0xfffffff1][0xffffffdf]\[0xffffffeb][0xffffff87]V8_o[0xfffffff2][0xffffff86]U[0xffffff87][0xffffffd7][0xffffffac]W[0xffffffbe]K[0xffffffcb]"[0xffffffc9][0xffffffd7]`JN[0xfffffff3][0xffffff84][\r][0x18][0xffffffe9][0x9]#[0xffffff9e]h[0xffffffe5][0xffffff8a][0xffffffae]b[0xffffffd0][0xffffff8a][0xffffff90][0xffffffe7][0xfffffff1][0xffffff8b]\[0xffffffd0][0xffffffbe][0xfffffff2]u[0xffffffc8][0xffffffe8][0xffffffe7][0xffffffd5][0x1][0xffffff89]v}[0xffffff85]iay[0xffffffd6][0xffffffb1][0xffffffda]=[0x1b][0xffffff95]3[0xffffffe8][0xffffffbd][0xffffff8c][0xffffffce]oiI[0x1d][0xffffffd0]`4&(Q[0xffffff9c][0xffffffa1][0xffffffe6][0x3][0xffffff8b][0xffffff82][0xffffff83][0xffffffdc][0xfffffff6]Cu[0xffffffdd][0x14][0xffffff93]O[0xffffff86][0xfffffff0]P[0xffffff88][0xffffffa2][0x4][0xffffffbf][0xffffffef][0xffffff9e][0x13][0xffffff93][0xffffffc2]+[[0xffffffdd][0xffffffae]1[0xffffffe2]^[0xfffffff7]l[0x2][0xffffffeb][0xffffff9e][0xffffffea]q+$k=#[0xfffffffc][0xffffffa4][0xffffffbe][0x12]~|S[0xffffff93][0xffffff8a][0x5][0xffffff89]B*m[0xffffffff][0xfffffff6][0x11][0xffffffec]%[0xffffffbc][0xffffffd4][0x18][0xffffff95][0x2]D[0x12]i[0x10])[0xfffffff4][0xffffffab][0x13]N[0xfffffffe][0xfffffff7][0xfffffff6][0x7]z[0xffffff83][0xffffffcf][0xffffffe1][0xffffffce]][0xfffffffd][0x19][0x2][0xffffff8b]W[0xffffffaf][0x15]E[0xffffffaf]Y[0xffffffc5][0xffffffba][0xffffffb8][0x1d][0xffffffe4][0xffffff92]Z[0xffffffb2][0xffffffc5]8^t[0xfffffff1]o'[0xffffff8f]5[0x2]t[0xffffffde][0xffffffd7][0xfffffff8][0x9][0x17]dw[0xffffffcc]1[0xffffffd2]g[0xffffffbf][0xffffffca]_[0xffffffec]$[0xffffffa4]/t[0xffffffeb]|[0xffffff80]k[0xffffffdd][0xffffffbc][0xc][0xffffffb6][0xffffff99][0xffffffc9][0xffffffbc],$[0xfffffff1]j[0xffffffed][0xfffffffb]v[0xfffffff3]C|[0xfffffffc][0xfffffffb][0xffffffad][0xffffffa1]w[0xffffffaf][0xffffff95][0xb][0xffffffb9]Py[0xffffff98][0xffffff87][0xffffff90]<[0xffffffa2]br[0xffffff85][0xffffff98][0xffffffcc][0xffffffa8][0xffffffb8][0x1c][0x1f]l[0xffffffe7][0xffffffcb][0xffffffa2][0xf]}[0xffffffa2]4[\r][0xffffff99]O?-j?[0x13][0xffffffb3][0xffffffa8]([0xffffff94][0xffffffa7][0xfffffffa][0xfffffffa][0xffffffeb][0xffffff97][0xfffffffb][0xffffffa6][0xfffffff9][0xffffffb5][0x0][0x16]Zx[0x7f][0xffffffeb][0xffffff9b][0xffffffa2]d|r[0xffffffba]b[0xfffffff1]Z[0xfffffff2][0xffffffd1][0xffffffd7]G[0xffffff9c]v[0xffffffd5]m=[0xffffffc3]he[0x3][0xffffffc1][0xffffffc8]!$[0xffffffa2]w[0xffffffcf][0xffffff9e][0xffffffca][0xffffffb7][0xffffffa5][0xffffffa8]t[0xffffffe8]|[0xffffffa4][0xfffffff3]\D[0xffffffbe][0x0]h[0xfffffffc]~[0xffffffca]qVN[0xffffff91][0xffffffa5][0xffffffc1]n[0xfffffff6][0xffffffce]%>[0x18][0x9][0xffffffe9][0xffffffbe]NO[0xffffff8d][0xffffff89][0xffffff8b][0xffffff9c][0x2]-v[0xffffff95][0xffffff9d][0xffffffe6]![0xffffffa3][0xffffffa5][0xffffffda][0x1c][0xfffffff5][0xffffffe1][0xc][0xffffff87]`[0xffffffd5][0xfffffff7]g6[0xffffff96][0xffffff8c]G[0xfffffff2][0xffffff8d][0x0][0xffffff9b]wNf[0xffffffa8]n7[0xffffffd5][0xffffffa2][0x7][0xffffffa2][0xffffffd9]r[0xffffffd3]][0xffffffc7][0xffffffdf]z[0xffffff8e][0xffffffec][0xffffffa3][0xffffffa7]jJ[0x11][0xffffffc9][0x7][0x19][0xffffff8d]eI/[0xfffffff5][0xffffff82][0x9][0x16][0xffffffa4][0xffffffb6][0xffffffa2]F[0xffffff89][0xffffff8c][0xffffffe6][0xffffff8b]A[0xfffffffc][0xffffff97][0xffffffab][0xffffff87]M[0xffffffdf]n[0xffffffa1] [\n]"
09:46:43.392 [main] DEBUG com.github.dockerjava.zerodep.shaded.org.apache.hc.client5.http.wire -- http-outgoing-2 << "5d[0xffffffe6][0xffffff91]5~^[0xfffffffd][0x1a][0xfffffff4][0xffffffb9][0xffffffef][0xffffff9b]*j[0xffffffae][0x11][0xffffffc1]35[0x11][0xffffffdf][0xffffffd3]q[0x1d][0x4][0xffffff8d][0xc]k[0xffffffd5][[0xffffffe9][0xffffffde]k[0xffffffc1])[0xf][0xffffffd9][0xffffff8c][0xffffffa4][0x19]Zj9g[0xffffffd7]y[0xffffffca][0xffffffd5]F[0xffffffe2][0x4][0xfffffff6][0xffffff9c][0xffffffd8][0xb][0xffffffbd]~[0xffffffc7]a[0xffffff8c][0xffffffb8][0xffffffaa]uP[0xffffffbf]B[0xffffffe6]~TO)+[0xffffffe9]G[0xffffff84]GVZ[0xffffff9c][0xffffff87][0xffffffbe][0xffffffc0][0xffffff95]Z>#U[0xffffffcc]v[0xffffffa9][0xffffffd0][0xffffff8e][0xffffff8c][0xffffff82][0x1c][0x13]&z[0xfffffffd]C[0x1][0xffffffb5][0xffffffc8][0xffffffde][0xffffff98][0xfffffffa]o}[0xffffffd7][0xffffffb7][0x6][0xffffffeb][0xffffffc4]s"[0xffffffa4][0xffffff99][0xffffffc2][0xffffffc2])[0xffffffc6][0x4][0xffffffdc][0xffffff9a]zz[0xfffffff9])[0x16]u[0xffffffd1][0xffffffd2][0xffffffb7][0xffffffc9][0x14][0xfffffff9]([0xffffffca]e[0xb],[0x16][0xffffffd2][0xffffff9c][0x14][0xffffffed]f[0xffffffb3][0xffffffe0]X[0xffffffa0][0x1][0xffffffcc][0xffffff8c][0xffffff9a][0xffffff83][0xffffffbb]"[0xffffff95]\{4%&N[0xffffffd3]7[0xffffffd7]z[0xf]|f[0xfffffff6],[0xffffffb4][0xffffffd5][0xffffff9c][0xffffff96]$[0xffffffe3][0xffffff8c][0xffffffae][0xffffff84][0xffffffb0]6VU^[0xffffffc5][0xffffffda][0xffffffdc]![0xffffff8e]y[0xffffffdd][0xffffffb8][0x5][0xffffffb3]G[0xffffffcd]"[0xffffffb9]MD[0xfffffffc][0xffffff8b][0xfffffff8][0xffffff98]|0[0xffffff83][0xffffffa9][0xffffff8c][0xffffffaf]r[0xffffffa1][0xffffffe8]Yd[0xffffff8e][0xffffffc7][0xffffffe3][\n]"
09:46:43.392 [main] DEBUG com.github.dockerjava.zerodep.shaded.org.apache.hc.client5.http.wire -- http-outgoing-2 << "[0xfffffffd][0x14][0xffffffa7]hX[0xffffffd3]SOg[0xffffffb9][0xffffffe2]2[0xffffff83][0x6][0xffffff8e][0x1e]k[0xfffffff2][0xffffffa5]D[0xffffffd2][0x1d][0xffffffa2]q[0x3]$V[0xffffff94]M7[0xffffffe1]@[0xf]\[0xffffffbc][0xffffffe4][0xffffffb6][0xffffffc1]I[0xfffffff6]+[0x17][0xffffff84][0xffffff8e][0x15][0xffffffbe][0xffffff90]7[0xffffffeb][0xffffffad]r[0xffffffda][0xffffffa9][0xffffff97][0xffffff89][0xffffffb9][0xffffff89][0xffffff8e][0xfffffff8]8[0xffffffbb]~4[0xffffffbf][0xffffff87][0xffffffac]T[0xffffffd4]N[0xffffff84][0xffffff93]"[0xffffffe4]UP<L&[0xffffffff][0xe][0xffffffba][0xffffff93]E[\n]"
09:46:43.392 [main] DEBUG com.github.dockerjava.zerodep.shaded.org.apache.hc.client5.http.wire -- http-outgoing-2 << "6[0xffffff8b]6J[\r][0xfffffff6][x[0xffffff9b][0xffffffc6][0xffffffa9][0xffffffb7][0xffffff91]KoJ[0xffffffd4][0xffffffc7][0xffffffce][0xffffff82][0x8][0xffffff9a][\n]"
09:46:43.392 [main] DEBUG com.github.dockerjava.zerodep.shaded.org.apache.hc.client5.http.wire -- http-outgoing-2 << "[0xffffffce]e[0x17][0xffffffbc][0xffffffe4][0xffffffae]s[0xffffffc6][0xffffffba][0xffffffbc][0xffffffeb][0xffffff98][0xffffffd2]%B[0xffffffdd][0xffffffe0][0xffffffa4][0xffffffe8][0xffffffda]r[\n]"
09:46:43.393 [main] DEBUG com.github.dockerjava.zerodep.shaded.org.apache.hc.client5.http.wire -- http-outgoing-2 << "[0xffffff8d]e[0xfffffffd][0xffffffd1][0x7f]8[0xffffffb6]-<L[0xffffffd5][0xffffffdb]b&[0x13]f[0xffffffde][0xffffffbe][0xffffff85]\,H?[0xffffffde]x*[0xffffff8b]_[0xffffffec][0xffffffbd]L [0xffffffd2]9_[0xffffffa4]r\[0xffffffdd][0xffffff86][0x7f][0xffffffaa]9[0xffffffc3]v% [0x18]p[0xffffff96]G[0xffffffd6][0xffffff88]C[0xffffffbc][0xffffffe3]7jW'}[0xfffffff0][0xffffffc6][0xffffffbd][0xffffffe2][0x1a][0xffffffc4],2Nn^[0xfffffff5][0xffffffb2][0xffffffce][0x16][0x13]Q[0x0][0xffffffb2][0xffffffad]->[0xffffffd5][0x6][0xffffffaa][0xffffffde]Z[0xffffffb0]@9D7][0xffffffa4][0x14][0xffffffd9][0xffffffe1][0xffffffb2]X[0xffffffa4][0x7f]j[0xffffffae][0xffffff89][0xffffffb1][0x10][0xffffffc9][0xffffffc0]H[0xffffff9c][0xffffffb0]|[0x18][0xffffffbe][0xffffffbf][0xffffffa6]4[0xffffffc6][0xffffffce][0xffffffc7][0xffffffe5][0xffffffd1][0xffffff96][0xf][0xffffffc7][0xffffff8d]`[ +p[0xffffffb3][0xffffffb6][0xffffff93][0xffffffcc][0xffffffa8][0xffffff8b][0xffffff9a][0xffffff99][0xfffffffa]b[0xffffff92][0xffffffa9]{[0xffffffac]W[0xffffff93]5=[0xffffff85][0xffffffb5][0xffffffa0]`q,[0xffffffb0][0xffffff91]X[0xfffffff1][0xfffffffe][0xffffffe1]nX[0xe]}[\r][0xffffffc1]D[0xffffffa8]ay[0xffffffec][0xffffffd0][0xfffffff2][0xffffffea][0xffffffbe]&[0xffffff9f][0xffffffbe][0xfffffff3][0xe]+&xpS[0xffffffb7][0xffffffa0][[0xffffffc5][0xffffffa5][0xffffffca][0xffffffcb][0x9][0xffffff81][0xffffffc8][0xf]|[0x11][0xffffffb7]l[0xffffffb7][0xffffff91]h[0xffffff8e][0xffffffbd][0xffffffce]N(4[0xffffff84]Sh[0x0]5P>x[0xffffffda][0x12][0xffffffa1][0xffffff8c]?[0x7f][0xffffffd2][0xffffffe4][0xffffffd0][0x2]&q[0xffffff93][0xffffff97][0xffffffaf][0xffffffbe][0x2][0xffffffc3][0xffffffd2][0xffffffbb][0xfffffff4][0xfffffff2]3.[0x5][0xfffffff7][0x18]Nv[0xfffffff2][0x6]#b[0xe][0xffffffef]8X[0xffffffda][0xffffff8f][0xffffffb1][0xb][0xfffffff9][0xffffffb7]5[0xffffffb5][0xc]HC[0xffffffe8][0x4][0xffffffd7][0xffffff90]*O[0xffffff98][0xffffffda][0xffffff9f][0xfffffff4]Q[0xffffff97][0xffffffea][0xffffffde][0xffffff81][0xffffffb3][0xffffffb0][0xffffffa7][0xfffffff2][0xffffffab]\`[0xffffffdd][0xffffffcb]{R[0xffffffcf][0xfffffff3][0xffffffe3][0xffffffd4][0xffffffc8]~[0x4][0xffffffb7]%[0xffffff88]/[0xfffffff8][0xffffffbc]3[0xffffffa4][0xffffffb1][0xffffffca][0xffffffaf][0xffffffe6][0xffffff8b]^<[0x7]y[0xffffffce]8[0x1][0xfffffffa][0xffffffc8][0x11][0xffffffa6][0xffffff97][0x7][0xffffffa7][0xffffffca][0xffffff82][0xffffffab][0xffffffc3][0xffffffa7][0xffffff90]|[0xfffffffa][0x14][0x2]="h[0xffffffb5][0xffffffdf][0xfffffff8][0x0] )[0xffffffe2][0xffffff92][0xffffffea][0xffffff8e][0xffffff97]v[0xffffffa8][0x14]:$hb![0xffffff86][0xffffff97]\[0xffffffe9][0xffffff8e]ld[0x11]-[0xf]-><>[0xffffffbc][0x10]w[0xffffffd4][0xffffffc6][0x6]W[0xfffffff2][0xfffffff8][0xffffffed][0xffffffb7][0xffffffcd][0x12]1[0xffffff9e][0xffffffca][0x13][0xffffffd7][0x7]V[0xffffffd2][0xffffffb5][0xffffffeb]"n[0xffffffee]6[0xffffff95]E\[0xffffffce][0xffffffb3][0x1a][0xffffff9e][0xfffffff6][0xffffff81]\[0xffffffc0]s$[0xffffff9f][0x1e][0xffffffeb][0xffffffab][0x16])[0xffffffd3][0x9][0xffffff91][0xffffffbf][0xfffffff7]e`[0xffffffd2][0xffffffd6][0xffffffb7]m[0xffffffc5][0xffffff88][0x10]f[0xffffffc6][0xffffffaa]*[0xffffff98][0x7f]%q[0xffffff8f][0xffffff8d]y20[0xffffff89][0xffffffb1]9 w[0x19][0xffffff93]JmQ[0x19]m[0xffffffe4]p-[0xf][0xffffffcf][0x14][0xfffffff4][0xffffffdf][0xffffffce][0xffffffd9][0xfffffff8][0xffffff8e]y[0xffffffda][0xfffffff2]~[0xffffff8e][0xffffffda][0xffffffd0][0xffffffd9]@[0xffffffe5][0xffffff8b][0x7]9[0xffffffbc]xu[0xfffffffd][0xffffffd7][0xffffffbd][0xffffff93][0xffffff93]C[0xc][>d[0xffffffd9]![0xffffffcc]/[0x1d]![0xffffff91][0xffffffb9][0xffffffcf]~[0xfffffff7];$[0xffffffd2][0xffffff86][0xffffffd4]l[0xffffffb0][0x19]dK[0x6][0xfffffffa]^[0xffffffdd][0xffffffb3][0xffffffbe][0xc][0xffffffa8][0xffffffcc]LVX[0xffffff89][0xffffff8d][0xffffffa7][0x1][0xffffffa4]^[0xffffffc4][0x3][0xffffffae][0xfffffff0][0xfffffffb]v[0xffffffdb]R[0xffffff95]mD[0xfffffff8][0x0][0xffffff8b][0xc]9[0xffffffee][0xffffffe2][0xffffffa2][0xffffffe7][0xffffffb1][0xffffff8a][0xffffffc6][0xffffffd2]5[0xffffff93][0xffffffb9]5[0xffffff88]]W[0x7][0xffffffa2][0xfffffffd][0xffffffea]s[0xffffff9b][0xffffffc1][0xffffff80]-9[0xffffffee][0xf][0xffffffe2][0xfffffff2][0xffffffae][0xffffff8f][0xffffffed]T[0xffffff90][0x5]~[0xffffffc9]~[0x12].PL[0x14][0xffffff98]-[0xffffffd8][0xffffffb2][0x1e][0xffffff9c][0xffffffed][0x15]ZD[0xffffff85][0xffffffef][0xffffffb7]&^Xf[0xfffffff3][0xffffffae]t[0xffffffd9]n[0xffffff83]D[0xffffffac]B[0xffffffd6][0xfffffffb][0x7]0.[0x18][0xffffff92][0xffffffb2]>p[0xffffff92]l[0xffffffcf]%[0xffffff84]yc-[0xffffffa5][\n]"
09:46:43.393 [main] DEBUG com.github.dockerjava.zerodep.shaded.org.apache.hc.client5.http.wire -- http-outgoing-2 << "[0xc][0xffffffcb][0xffffffc3][0x9]@[0xfffffff2][0xffffffec][0x3][0xffffffe8][0x15][0xffffffe9][0x13][0x0]@[0xffffffa0][0x0][0x3]@[0xffffff99][0x0]D[0x15]?A[0x2]P[0xffffffda][0xffffffef][0xffffffd2][0xffffffc8],[0xffffffdf][0xfffffffb][0xc][0xffffffe9]j[0x1b]%[0xffffffe1]b[0xffffffba][0xffffffbc][0xfffffff0][0xffffffef][0xffffffd9][0xffffff88][0xffffffc0]y[0xffffffe0][0xffffff98][0x1f]K[0xffffffd2][0xffffff80][0xffffffb0][0xffffff8b]i[0xffffff97][0x0][0xffffff82][0xffffffe5][0xffffffd0][0xffffffc4]s[0xffffffc2][0xffffffa3][0xffffffa0]c[0xffffffa9][0xffffff94][0xffffffe1][0xffffffc5]^*[0xffffffcc][0xffffff9a][0xffffffe4]c0|^[0xffffffb9]8[0xffffffb1][0xffffffd2]O[0xffffff84][0xffffffb9][0xffffffb0][0xffffffba][0xffffffe0][0xffffffb4]y[0xffffffaf]v~P[0x17]<1[0xffffffaf][0xffffffaf]g[0xffffffb5]F)[0xffffff87][0xffffffaf][0xffffff91][\n]"
09:46:43.394 [main] DEBUG com.github.dockerjava.zerodep.shaded.org.apache.hc.client5.http.wire -- http-outgoing-2 << "[0xffffffac][0x1f][0xffffffd6][0xffffff9c]@-z?[0xffffffff]O6[0xffffff86]x;[0xffffffb4][0xe]@rr[0x0] Qp[0x0][0xffffffc8]6'[0x0]q#[0xb][0xffffffa0][0x7][\n]"
09:46:43.394 [main] DEBUG com.github.dockerjava.zerodep.shaded.org.apache.hc.client5.http.wire -- http-outgoing-2 << "[0x2]a[0xffffffb5][0x0][0xffffffb8][0xffffff82],@[0xffffff8b][0x4][0xffffff80][0xffffffec][0xfffffff9][0x2][0xffffffb8][0xffffffe3][0x0](7[0x0]Pt[0x0][0xffffffe0][0xfffffff0][0x0][0xffffffa0][0x7][0x0]0[0xffffffa1][0x0][0xffffff88][0x8][0x0]0[0x3][0x0][0xffffffc4]9[0x0]B[0x8][0x0][0xfffffffc][0x0][0x0]+[0x8][0xffffff80]R[0x0][0xffffff80][0x5][0x0]`[0x7f][0x6][0xffffffa0][0xffffff88][0x0][0xffffff90]B[0x0]p[0xfffffff0][0x5]H[0xffffffd7][0x1][0xfffffff8]q[0x8],[0x14][0xffffffcf][0xffffff85]S[0xffffffad][0xffffff99][0xffffffe7]Z[0xb]7[0xffffffd2]#:!V[0x13]q&<[0xffffffc4]sM[0xffffffd0]@[0xffffff90][0xf]l[0xffffffef][0xffffff87]6[0xffffffa6][0xffffff91][0xffffff8e][0xffffff96][0xffffffb1]'1[0x9]h0[0x3][0xffffffac][0xffffffc8][0x15][0xffffffd9][0xffffff95][\n]"
09:46:43.394 [main] DEBUG com.github.dockerjava.zerodep.shaded.org.apache.hc.client5.http.wire -- http-outgoing-2 << "6[\r]T[0xffffffc7][0xffffff83]1[0xffffffc3][0x8][0xffffffa3][0x6][0xffffffae]?N9=[0x7][0xffffff98]3Nk([0xffffffaf][0xffffffa5][0xffffffc4][0xffffffb7][0x16][0xffffffcb][0xffffffb7][0x16]&[0xffffff80]qZ[0xffffff87]?[0xffffffc8][0xffffff82] G: :o[0xffffffba][0xffffffb1]'[0xffffffb3][0xffffff92]B[0xffffffc2][0xffffffe7][0xffffffbd]}[0xffffff97]C[0xfffffff5][0xffffffe5]h[0x15]q[0xffffff93][0xffffffde][0x16][0xffffffc7]D[0xffffffba][0xffffffc8]c[0xffffffe1]p[0xfffffffc]+[0xfffffff1]g[0xffffff84]z[0xffffffc1][\r][0x0][0xffffff90][0x3][0x0][0xfffffffc]u[0x0][0xffffff96][0x8][0x0];[0x6]@[0xffffffd2][0x0] [0xffffffd4][0x17]`[0xfffffff2][0x5][0xffffffd0][0x4][0x1][0xffffffe8]J[0x0][0xffffff9c][0xffffffec][0xffffff8f][0xffffff8f]:[0x0][0x0][0x1f][0x1][0xffffff80]D[0x17]@$[0x2] [0xffffffdf][0x2]`o[0x1][0xffffff90][0x14][0x0][0xffffff98][0x6][0x0]s[0x0]`[0x3][0x0][0x1c]_[0x0]A[0x10][0xffffff80][0xfffffffc][0xc][0xffffff80][0xffffffc5][0xfffffffe][0xffffffeb][0xffffffd7]Ap@[0x4][0xffffffb8][0xffffffc3]?C[0xffffffc3]y[0xffffff84]p[0xffffffb7][0xffffffa8][0xffffffc8][0xffffff9e][0xfffffffb][0xfffffff5][0xffffffec]?[0xffffffc5][0x1d][0xffffffd5][HH[0xffffffa7][0xffffffb3][.[0xffffffd4][0x18][0xffffff8f][0xffffffa6][0xffffffb3][0xffffffbb]<QaK[0xffffffc7]&[0xffffffe8];[[0xffffffc0][0xffffffb1][0xffffffac][0xf][0xffffff8c][0x1a][0xffffffa5]X[0xffffffe6][0xffffffeb]5[0x10][0xffffffb0][0xffffffb7][0xffffff83][0xffffffa4][0x2]U|[0x17]t [0xffffffdf]t[0xffffffb4]R4[0xffffffd4]A[0xfffffffc][0xfffffffb][0xffffff8c][0xffffffdb][0xffffff90][0x1b][0x1c]kh[0xffffffc4]<[0xffffffa6][0xfffffff8]([[0x3][0xffffffd9][0xffffffcc][0xffffff92]L'Y+<[0xffffffe0][0x18][0x1c]F[0xffffffbe][0xffffffd9][0xffffffe0]42[0xffffff89][0x8][0xffffffe7]k[0xffffff86][0x15]l[0xffffffc7][0xffffffa2][0xffffffaf]pmpz.j{ 8H[0xffffffa3]c][0xffffff9c][0xffffffa4] [0xb]*[0xffffff9c][0xffffffd0][0xffffff98][0xffffff9a]x55y[0xffffffc4]f[0xffffffd1][0xb][0xffffffee]K[0xffffffad]s[0xffffffdc]x[0xffffff9e][0xffffff9b]sY[0xffffffa0][0xffffffc1][0xffffffa0][0xffffffe9][0xffffffb8][0xffffff95][0xffffff82][0x1c][0x6][0xffffffd5]{T[0xffffffe9]MNr[0xfffffff1][0xffffffde][0xffffffdf][0xffffffbf][0xffffffbd][0xffffffa4][0xffffffd9][0xffffffce]q[0xffffffd1]X[0xffffff9d]@[0x3][0xfffffff3][0xffffff8f][0xfffffff7][0xffffffa1]V[0xffffff83][0x1f][0x9][0xffffff82]D~[0xffffffd9][0xffffff8c][0x17][0xffffffa8][0xffffffbd]u^S/[0xffffff87]%[0xffffffce]_5[0xfffffff6][0x1a][0xffffffcd]X5[0xffffff9e]w[0xffffff90]Q[0x6][0xfffffffb]6[0x18][0xffffff84][0xfffffff5].;[0xffffff82][\r]d[0xe][0x7f][0xfffffff0]B[0xffffffd1][0xffffffab]Z[0xffffffa5]R$[0x1a][0xffffffa4]A$[0xffffffcf]S[0xffffffaa][0xffffff8f][0x2][0xffffff95]k[0xffffffca][0xffffffef][0x1d]|[0xffffffd0][0xffffff8b]j[0xfffffff1][0xffffffdb][0xffffffbe]q[0xffffffd0]1[0xfffffff5][0xfffffff2]+[0xfffffffd]e[0xffffffe9][0xc][0x0][0xffffff89]T[0x7][0xffffff97][0xffffffde][0xffffffbf][0xffffffa1]gv[0xffffffc6][0xffffffcf][0xffffffe4][0xffffffb0][0xffffffb7][0xffffffa7]E[0xffffffbe]@[0xffffffe8][0xffffff83][0xffffffe4][0xffffff9a]i[0xffffffa7]p[0xffffff94][0xffffffa0]G[0xfffffff8][0x17][0xffffffdc]H[0xffffffd4][0xffffff9d][0xffffffcd]&[0xffffff84]L>BVi[0xfffffffe][0x14][0x7][0xffffff9d][0x7]A[0xffffffeb][0xfffffffb]Y[0xfffffffd]~$[0xfffffffc][0xffffffa0]$[0x1d][0x17]~[0xffffff92]-[0xffffff8a]z9[0x7]~[0xffffffd5][0xffffffac]'[0xffffffe9][0xffffffc3]x[0x18]U7[0xffffffb6][0xffffffae][0xffffff97][0xffffffbe][0xffffffbd][0xffffffaf]$[0xffffff8e][0xffffff93][0xffffffce]K[0xffffffc6][0xffffffb6][0xffffffc1][0xffffff90]8[0xfffffff9][0xffffff9f][0xffffff95]?[0xffffffa2][0x16]x[0xfffffff9]M[0xffffffb8][0xffffff89]d[0xffffffdf][0xe][0x6][0xffffff9f][0xffffffe2][0x18][0xffffffb6]w[0xffffffab]M[0xffffffbf]][0xffffff8c]b[0xffffffe9][0xffffffc6]g[0xffffffff]`[0xffffffaf][0x1c]S[0xffffffae][0xffffffc4][0xffffffba][0xffffffe4][0xffffffc8][0x1a]|[0x1f]![0xffffffd8][0xffffffbb][0xfffffff1][0xffffffb8]Xy[0xffffffe6][0xffffffa0]lP[0xffffff90]i[0xffffffd4][0xffffffe5][0xffffffe1][0xffffffad]<[0xffffff9e][0xffffffa1][0xffffff94]L[0x15][0xffffffe1][0xffffffe1]3[0xffffffdd]Vp=[0xffffffa9][0xffffff92][0xffffff9d]?P_[\n]"
09:46:43.394 [main] DEBUG com.github.dockerjava.zerodep.shaded.org.apache.hc.client5.http.wire -- http-outgoing-2 << "[0x1][0xffffff97][0xfffffffa][0xffffffed][0xc][0xffffff9c]5[0xfffffff8][0x9][0xffffffc6][0xffffff8b][0xffffffed]2[0x14]+[0x1][0xffffffa5][0xffffffc1]F;ZH[0xffffff91][0x19][0x6][0xffffffc1]K[0xffffffb3]#[0xffffffb8][0x15][0xffffffb3]n9[0xffffffea]P[0xffffffda]D[0xffffffaa]Q[0xffffff82][0xffffffe1]D[0xffffffdd]).[0xffffffd0]:[0xffffffb4]([0x13]M[0xffffffd0][0x14][0xffffffbf][0xfffffff9]-\j[0xffffffbb]}[0xffffffd6][0xffffffcc][0xffffff84]EX[0x7f][0xc][0xffffffba][0xffffff9f][0xffffffcf][0xffffff99][0xffffffbb][0x8]S[\r]5[0xffffffd8]~i[0x9][0xffffffe2][0xffffffb6][0xffffff8b][0xffffffcc][0xffffffa7][0x9][0xffffff8d][0xffffffd5][0xffffffb6]<[0xffffffca]B[0xfffffff7][0xfffffff8]u[0x10][0xffffffdd][0xffffff93][0xffffff91][0x5][0xfffffffb][\n]"
09:46:43.394 [main] DEBUG com.github.dockerjava.zerodep.shaded.org.apache.hc.client5.http.wire -- http-outgoing-2 << "[0xf][0xffffff98]r}[0xfffffff3][0x8]G[0xffffff81]r[0xffffffeb][0xffffffea][0x6][0xffffffb1]~)[0xffffff86][0xffffffb0][0xffffffe6]f[0xfffffff3]g.[0xffffffa1]R[0xffffffd9][0x18]2[0xffffffd7]b[0xffffff82][0x19][0xffffffe2]S3[0xffffffb9][0x1b]E[0xffffffd8]~[0xffffffd5]6x[0xffffff96][0xffffffb9][0xffffffe0][0xffffffb7]ZK[0x3] [0xffffffc7][0xffffffa6][0xffffff9f]|[0xffffffb2]0[0xffffffc9][0xffffffee]:[0x18]&[0xb][0xffffff9d][0xffffffd8]:"<[0x4][0x14]Q[0xffffffe5]5[0xffffff8c][0xffffffb0]-[0xffffff88][0xffffffce]QDZ[0xfffffff0][0xffffffeb]J[0xffffffbe][0xffffffc4][0xffffffee];M[0xffffff9c][0xb][0xffffffc7][0xffffffbe]v[0xffffffcf][0xffffff92][0xffffffa7][0xffffffc7]O[0xffffffbc][0xffffffea]M[0xffffffb9][0x1a][0x11][0xffffff93][0xffffffea]_[0xffffff89][0x1a][\n]"
09:46:43.394 [main] DEBUG com.github.dockerjava.zerodep.shaded.org.apache.hc.client5.http.wire -- http-outgoing-2 << "[0xfffffff9]E[0xffffffdb]hG[0xffffffd3]5[0xffffffa4][0xffffffda][0xffffffe8][0x15][0xffffffc9]F[0xffffffbc][0xffffffa8][0xffffff97][0xffffffe0]e4[0xffffff89]U[0xffffffbe][0xffffffa3].[0xffffffe1]x/B[0xffffff99][0xffffffc7]x[0xffffffb5][0x11][0x1d]M[0xffffffeb][0xc][0xffffffdb]KXy[\n]"
09:46:43.394 [main] DEBUG com.github.dockerjava.zerodep.shaded.org.apache.hc.client5.http.wire -- http-outgoing-2 << "[0xffffff92]#[0xfffffffb][0xffffff8e]5[0xffffffc7][0xffffffef][0x1c][0xffffff8d]l[0xffffff90]u[0x7f][0xffffffc3][0xffffffd0][0xffffff9b][0x7f]lS8[0xffffffee]d[0xffffff8c][0xffffff96][0xffffff92][0xffffffd7][0x8][0xffffffe4][0xffffffde][0xffffffe9][0xffffff83][0xffffffeb][0xfffffff3][0xffffff90]sT[0xffffffe9][0xc][0xffffff92]|[0xffffffee]y@[0xffffffb1][0xffffffe7]K[0xffffffae]#3[0xffffffcc][0xffffff89][0x7f]t?[0xffffff99][0xffffffc1]A[0x16][0xffffff82][0x5][0xfffffff3]+[0x16]Fb[0xffffffee]}[0xffffff99][0xffffffb8]z_D[0xffffff81][0xffffffd1][0xffffffe0][0xfffffff8][0xffffffc7][0xfffffff4][0xb]n[0xffffffed][[0xffffffc5][0xfffffff2]S[0xfffffffe][0xffffffde]r[0xffffffca][0xffffffa5]^[0xffffffdb][0x1b][0xffffffcb][0xffffff9e][0xfffffffd][0xffffffad][0xffffffd6][0xffffffb3][0xffffffe6][0xfffffff4][0xffffffb5][0xffffff92]{[0xffffffbf][0xffffffd6][0xfffffff5][0x1f][0xffffffd2][0xffffff8d]1kG[0xffffffd7]X[0x1a]d[0xffffffa8][0xffffffcc][0xffffffc1][0xffffff89]wE[0x10][0xffffffde][0x1e][0xffffffa2]B[0xffffff92]6[0xffffffe3][0xffffffdc][0xffffffa1][0xffffffec][0xffffffc9][0x19][0xffffffba][0xffffff9f][0xffffffb8][0xffffffc8]?~Q]`8[0xffffff85]W[0xfffffffa][0xfffffff4][0xffffffc1][0x1][0xffffffa6]!}[0xffffffba][0xffffffd5][0xffffff9a]8.[0xffffffa5][0x11][0xffffffcd]i[0xffffffdb]*ce`[0xffffffd5][0xffffffeb][0xffffff98][0xffffff8d]([0xffffff9e][0xfffffff9]`[0xffffffb6]B>.[\r]1u6[\n]"
09:46:43.394 [main] DEBUG com.github.dockerjava.zerodep.shaded.org.apache.hc.client5.http.wire -- http-outgoing-2 << "[0xffffffba]0[0xffffffc2][0xffffffb8][0xffffffbb]j[0xffffffa5]L[0xfffffffb]Z[0xffffffed]{[0x1e][0xffffffc3][0xffffffb1]Pj[0xffffffb2][0xfffffff5]F[0xffffff97][0xffffff8e][0xffffffca][0xffffff9b][0xffffffd2][0xfffffff4]x[0xfffffffa]/4$06b[0xffffff9b][0x1f][0xffffff87][0xf][0xffffffeb][0xffffffef][0x19]d"6[0xffffffa6]$[0xfffffff5]=z[0xffffff87]d'[0xffffffa9][0x0][0x1][0x9]f[0xffffffe3][0xffffffa1][0xffffff82][0xfffffffa][0xffffff8f][0x4][0xffffffee][0x18][0xffffffe1]e[0xffffffdd][0xffffff8f][0xfffffff7][\n]"
09:46:43.394 [main] DEBUG com.github.dockerjava.zerodep.shaded.org.apache.hc.client5.http.wire -- http-outgoing-2 << "[0x18][\n]"
09:46:43.394 [main] DEBUG com.github.dockerjava.zerodep.shaded.org.apache.hc.client5.http.wire -- http-outgoing-2 << "[0xffffff96][0xffffffa9]m[0xffffffaf]'[0x16][0xffffff9a]MC[0xffffffc1][0xffffffcf][0xffffffeb][0xffffff95]_[0xffffffab][0xffffff90][\n]"
09:46:43.394 [main] DEBUG com.github.dockerjava.zerodep.shaded.org.apache.hc.client5.http.wire -- http-outgoing-2 << "[0xffffffa3]y[0xfffffff6][0xffffffc7][0xffffff90][0xfffffff2]p[0xffffff8e][0xffffff83][0xfffffff2][0x6][0xffffffb1][0xffffff9d][0xfffffffb][0xffffffc8]=ye[0xfffffff1][0x17][0xffffffe9][0xffffff94]<4*V,[0xffffffb4]C[0xffffff9a]"[\n]"
09:46:43.394 [main] DEBUG com.github.dockerjava.zerodep.shaded.org.apache.hc.client5.http.wire -- http-outgoing-2 << "[0xffffff96]Zn[0xffffffbf][0xffffff9c][0xffffffe1]SR[0xffffff80][0xffffffb0][0xfffffff2][0x16]'z[0xffffff89][0xffffffe9][0xffffffd7][0xffffffc6]bN[0xfffffff3]R[0xffffff9d][0xfffffff3][0xffffff92]m[0xffffffaa][0xffffffbf][0xffffff87][0xffffffc3][0xffffffad]pN<g[0x9][\r][0xffffffaa][0x9][0xffffffcc]v@[0xffffffbd][0x11][0xffffffb0]O[0xfffffff5]Iz[0xffffffa4][0xffffffec]@[0xfffffff6][0xffffff8c][0xffffffd9]'lL[[0xfffffff0]t[0xffffff8f]M[0xfffffff3][0x11]6[0xffffff82][0x13]@g[0x7f]mA?/"[0xffffffd1][0xffffffca][0xffffff9c][0xffffffbe]z[0xffffffd8]f[\n]"
09:46:43.394 [main] DEBUG com.github.dockerjava.zerodep.shaded.org.apache.hc.client5.http.wire -- http-outgoing-2 << ";V[0xffffff83] [0xffffffc5][0xffffff9e]0[0xe][0xffffff90][0xffffff94][0xffffff81][0x7f][0xfffffffb][0xffffff95]=[0x1f][0xffffffb7][0xffffffc6][0xb][0x9][0xffffffac][0xffffffaa][0xffffff99]k[0xffffffef][0x1a]9[0xffffffc5][0x16][0xffffff81][0xffffffdd][0xffffff9d][0xffffff99]9[0xffffff8c][0xc][0xffffffbb]2w[0x1c]o[0xffffffba][0xffffffa5][0xffffffaa][0xffffffa0][0xfffffff0][0xffffffae][0xffffff9f][0x10]>8[0xffffffe4][0xffffffc7]Fh[0xffffffe1][0xfffffffe]9[0x4][0xffffffce][0xffffffd7]:yH[0xffffffe7]0[0xffffffcd]fCo[0x5]b[0xffffff8e][0xffffffcf][0xffffff8f]P[0xffffffae][0xfffffffc]f_[0xffffff87]e[0xffffff87][0xffffffca][0xffffff84]I[0xffffff86][0xffffffb8]i[0xe]sX%[0xffffff87]O[0xffffffc3]#;[0xffffffcd][0xffffffdd]Z[0xffffff83]5[0xfffffffd]J[0xf]M[0xffffffb6]Ni[0xfffffff9][0xffffff9a][0xffffffef][0xffffffde][0xffffff94][0xfffffff6]$$[0xffffffcc][0xffffffd9][0xffffffaa][0xffffff8e]2[0xffffffdf][0xffffffca][0x1b]#[0x7f][0x14]|[0xffffffdb]c[0x12][0x2][0xffffffc7][0xffffffd6]B2[0x1d][0xffffff92]j[0xffffff97][0xffffffe7][0xffffff88][0xffffffec][0xffffffa6]9[0xffffff81][0xffffffdb][0xffffffbf][0xfffffffe]fc[0x1c][0xffffff94]_[0xffffffa7][0xfffffffe]([0x1e]p[0xffffffe1](G[0x6]k=[0xe]]q[0xffffffea][0xffffffa1][0x1e][0xffffffa5][0xfffffffc][0xfffffffa][0xffffffa6][0xffffffb5][0xffffffb2][0xffffff82][0xffffff95][0xffffff8e][0xffffff95][0xfffffff2][0xffffffb2][0xffffff92][0xffffffd8]&g[0xffffffc0][0xffffffb2]>[0x13][[0xffffffb7]i'[0xffffffc2][0xffffffa9][0xffffff80]`c[0xfffffffd][0xffffff95][0xffffff97][0x4][0xfffffff4][0xffffffd8][0xfffffff6]v[0xffffffea]e[0xffffff87][0x7][0xffffffda]N[0x1a][0xffffffdc][0x15][0xfffffff5][0x1a][0xffffffc1]MF'[0xffffffbc]K[0xfffffffc]nS[0xffffffa0][0xffffffd1][0xffffff80][0xfffffff9][0x5][0xffffff87][0xfffffffc][0xffffff87]H[0xffffff90]tj[0xffffffa7]CWT[0xffffffbe]EN[0xffffffad][0xfffffffb]D[0xffffffd0][0xffffff9b]u:[0x1][0xffffffde][0x1a]H[0xffffffa3][0xffffffab][0xffffff82]B[0xffffff8d]k[0xffffffb8][0xffffffcd]w[0xffffffc1]ur[0xffffff8c]EHi[0xffffffca][0xfffffffe]*[0xfffffffb]n[0xffffffc4][0xe]q[0xc][0xffffffef][0x1b]T[0xffffffc2][0xffffffc9][0xffffffc5]*B&s[0x14]*B5m3[0xffffff90]mN[0xffffffd8][0xfffffff3]R/[0xffffffdc].[0xffffff85]Y[0xffffffed][0xffffffaa][0xffffffc5][0xffffff94];1a[0xffffffab][0xffffffac]^[0xffffff8e][0xffffff99][0xfffffff7])[0xffffffc5].:H[0xffffffae]$[0x1e][0xffffffe4][0x18][0xffffffa6][0x1f][0xffffffec][0xfffffff0][0xffffffc7][0xffffffbf][0xffffffc3][0xffffff8f]{[0x13][0xffffffa7][0xffffffd7][0xffffff84][0xffffff99][0xffffff87][0xffffffb8][0xffffffc5]BK[0xffffffef]t[0xfffffff0][0xffffffc4]=[0xffffff82]R[0xffffffc8][0xffffff94][0xffffffef][0xffffffc7]v[0xffffffed]6[0xffffff9e][0xffffff9e][0xffffffc1][0xffffffee]~sD[0xffffffbd]![0x1e][0x15][0xffffff96][0xffffff86][0xfffffff7]x[0xffffff90]O[0xffffffdc][0xffffffa3][0xfffffff5][0x5][0x0]({[0x18][0x0][0xffffffd0][0x5][0xffffff88][0xffffffc6][0x7f]F[0xffffffc3]T[0xffffffde]e[0x9][0xffffffb9][0x6][0xfffffff9][0xffffffdc][0xffffffcc][0xffffffc7]G[0xffffffb8][0xfffffffe][0xffffff99]%A[0xffffff94]B?*=E[0xffffffef]e_[0xffffff90]M0u[0xffffff8e][0xffffffb5][0xffffffe3]A"[\r][0xffffff91][0xfffffff9][0xffffffc4][0xffffffc1][0x1a][0xffffffc9]_[0xffffffc7][0xffffffa4]`[0xffffffc6][0xffffffa5][0xffffff9e][0xffffffd7][0xfffffff5][0xffffff95][0xffffff88][0x3][0xffffffe0][0xffffffe6]BZK[0xc][0xfffffffc][0xffffffc1][0xffffff8b][0x2][0xffffff81][0x0][0xffffff80][0xfffffff3]*[0xffffffa4]xY[0xffffffaf][0xfffffffa][0xfffffff7][0xffffffd7]^[0xffffffe1]N[0x0][0x0],[0xfffffffe][0xffffffa0][0xffffff94][0xffffff89].[0x7f][0xffffffe6][0xffffffe7]8~[0xffffffe5][0xffffffd8]A[0xffffffd4][0xffffffc4]E;$[0x15][0xffffffb0][0xffffff99][0xffffffa6][0x13][0xffffffb2]x[0xffffffc6][0xffffffae][0xffffffe3][0x17][0xffffffc5][0xffffffe6]:[0xffffffff][0xfffffff8] [0xffffffcc]`[0xffffff91][0xffffffde][0xffffffff][0xfffffff3][0xffffffdd][0x1b][0x4][0xfffffff1]/JY[0x9] F[0xfffffffd][0xffffff99][0xffffff99][0xffffff93][0xfffffffa][0xffffff93]][0xffffffbf][0xfffffffa]`[0xffffffc5][0x1a][0xffffff87][0x17][0xffffffc6].-[0xffffff80][0xffffffef][0x17][0x12]2[0xffffffad][0xffffffa1]V[0xffffffa0]y[0xffffff9d]~[0xffffffe3][0xffffffea][0xffffffae][0xffffff9b][0x16][0xffffffea][0xffffffec][0xffffffa8][0xfffffff8][0xffffffee]=[0x3][0xfffffffa][0x6][0xfffffffe][0xffffff97][0xffffffa2][0x3][0xffffffd4]"[0xffffff81]-%_[0xffffff85]m>[0xfffffff7][0xffffffd6]/![0xffffff90][0xffffffc8]#[0xfffffff4][0xffffff81][0xffffffa7]%[0xffffffb7][0xffffffed][0x0]Z[0xffffffae][0xffffffe6]I/[0xfffffff3][0x3]%[0x0][0x0][0xffffffba][0x7f][0xffffffc0][0xffffffbe][0xffffffc4][0xffffffac][0xffffffbf][0xffffffc0][0xffffffbe][0xffffffa6][0x1f][\n]"
09:46:43.394 [main] DEBUG com.github.dockerjava.zerodep.shaded.org.apache.hc.client5.http.wire -- http-outgoing-2 << "[0xffffffdf][0xffffff99][0xfffffffe][0xf]/[\n]"
09:46:43.394 [main] DEBUG com.github.dockerjava.zerodep.shaded.org.apache.hc.client5.http.wire -- http-outgoing-2 << "b[0xffffffac]h[0xffffffd9][0xfffffff3][0xfffffff9][0xffffffd7]/[0xfffffffa][0xffffff84][0xffffff8c]~[0x2][0xfffffff7][0xffffffc8][0xffffffff][0xffffffbc][0xffffff8a]v[0xfffffff7]"[0x8][0xffffffd6]O[0xffffffe7]L=[0xffffffb2][0xffffffe8]k[0xfffffffa][0xffffffda][0xfffffff2][0xffffff85]n[0xffffffda][0xffffff9c][0x8][0xffffffc9][0xffffff96];8[0x6]Q[0x9],[0xffffff8c][0xffffff9d]&[0xffffffc2]Si[0xffffffb4]{[0xffffffca][0xffffff85][0xfffffff8][\r][0xffffffa4].[0xffffffdc][0x19][0xffffff9f]a[0xffffff94][0xffffffd4][0x11][0xfffffffd]{h_[0xffffff95][0xffffffc1]r[0xffffffc7][0xffffffc9][0xffffffea]b[0xffffffbc]jQg[0xffffffba];[0x16][0x8]fi[0xffffff8e][0xfffffff5][0xffffffbf]`[0xffffffdf][0xfffffff7][0x0][0xffffffb1][0xfffffff2][0xffffffcf][0xffffffb0]/[0xfffffff7][0xffffffbb][0xffffffac]`[0x11][0xffffffe4][0x7f] [0xffffff8f][0xffffffff][0xffffffcb][0xffffffe0][0xffffffba]}}[0x1c][0xffffffe6][0xffffffaa][0xffffff9b]`[0x16][0xffffffcc][0xffffff9f][0xffffff9b][0x0][0x0][0xffffffe0]#[0xc][0x0][0xfffffff0][0x2][0xffffffc4].?[0xffffffab][0xffffffc3][0xfffffff2]+[0xfffffff9][0xfffffffe][0xffffffbf][0xc][0xffffff9c]W[0xfffffff5]0[0xffffffd5][0xffffff85][0x1f][0xffffffbe][0x0][0x0][0xffffff88][0xffffffc1][0x0][0x0][0x17]@[0xffffff9c][0xfffffff2]3[0xffffffc3][0xfffffffb][0xfffffff6]W[0xffffffd2][0xfffffffd][0x7f][0x19][0x10][0x4]S{[0xffffffff]r[0x18]a[0xffffff98][0x7f]-[0xffffff8c][0xffffffb8][0xfffffff9]gZ[0xffffff97][0xffffffeb][0xffffffff][0xffffff82][0xffffffb5][0xffffff83][0xffffffce][0xffffffaa][0xffffff8f][0xffffff96][0x2][0x0] [0xfffffffd][0x7][0xb]I[0xffffffbc][0xfffffff4]O[0x16][0xfffffff2]?[0xffffffc0][0xfffffff6][0xffffffff][0xffffffd5]j[0xfffffff7]mp[0xffffffd3][0xffffffcf][0xfffffff3][0xffffffa3][0x7f][0xffffffb2][0xffffff90][0xffffffff]Z[0xffffffe6][0xffffff8f][0xffffff9f]-[0xfffffff6][0xfffffff6]W~[0xfffffffd][0x7f][&>[0x1c][0xffffffbe][0xffffffdf]_[0xffffffcb][0xffffffe4][0x2]H[0x8]~v[0xffffffe4][0xffffffb7][0xffffffbf][0xffffffc2][0xffffffea][0xffffffff][0xffffffa5][0xffffffb9]$[0x1][0x12][0xffffff81][0xffffff9f][0xffffff9d]U[0xffffffe8]o2[0xfffffffd][0xffffffbf]'m!b[0xffffff82][0x11][0xffffffad]Q[0xffffffa0][0xffffffc1][0xffffffa1][0xffffffa7][0x4]^*[0xffffffdf][0x1][0x0][0xffffffa0][0xfffffffc][0xffffff87][0xffffffdd]Ht[0xffffffff]i[0xffffffb7][0xffffffff]@[0xffffffcb][0xffffffff][0xb][0xffffffbb][0xffffff8d][0xfffffffc][0xffffffdb]n$[0xfffffffe][0xffffffff][0xffffffb4][0xffffffdb]/[0xfffffff4][0xfffffff8]o[0xffffffec][0xffffffe6][0xfffffffb][0xffffffb7][0xffffffdd][0xfffffff2][0xfffffffe]i[0xffffffb7]_P[0xfffffff1][0xffffffff][0xffffffda][0xffffffcd]Hz~[0xffffffb6][0x1b][0xffffffd7][0xffffffdf]P[0xffffffb8][0xffffffce][0xffffffeb][0xffffffcb][0xffffffbf]q[0xffffffdd][0xffffffdf][0xffffffdc]0[0x1d][0xfffffff9]z[0xfffffffa][0xffffffdf]nF[0xffffffb2][0xfffffffb]sp[0xffffffb2][0xffffffff]'[0xf][0xfffffffe][0xffffffff]d.R[0xffffffa8]_[0xffffffcc]e[0xfffffff7][0x7f]s3R[0xffffffaa][0x7f]F[0xffffffe5]/[0xffffff8c][0xfffffff7][0x7f]i[0xffffffae]d[0xffffff80]T[0xffffffe2][0xffffffe7][0xffffffa8][0xffffff8c][0xfffffffe][0x1b][0xffffffe8]Vy}[0xffffffe1][0x14][0xfffffffc][0xffffff8f]?[0xffffff87][0xfffffff8][0xffffffae][0xffffffa2][0xffffff98][0xffffffc6][0xffffff89]Kb[0xffffffbe]sP[0xffffffa9][0xffffffaf][0xfffffff8][0xffffffcf][0xffffff9f][0xffffff91][0xffffff84][0xffffff83][\n]"
09:46:43.395 [main] DEBUG com.github.dockerjava.zerodep.shaded.org.apache.hc.client5.http.wire -- http-outgoing-2 << "[0xffffff92]%[0xffffff80][0xffffffd3]L[0xffffffbd]u[0xffffffab][0x12][0xffffffef]~[0xffffffc0][0x1][0xffffffbb][0xffffff8e]u[0xffffffcf]i[0x17][0xffffffe4][0xffffff8c][0xffffff93]r[0x16][0x7][0x1a]K[0xffffffe0][0xc]c[0xffffffc4][0xfffffff1][0xffffffa3][0xffffffa6][0xfffffff9]|[0xffffffcb][0xffffffd3]g@r5sWe[0xffffffd5][0x7][0xfffffff1]3`[0xffffffaa][0xffffff94]\"[0xffffff9c]1[0xffffffdd]hJ)[0xffffffd5][0x11][0xffffffaa]-:[0x7][0x5][0xffffff97][0xfffffff9][0x9][0x1b]$[0xfffffff0][0xffffffc5][0xffffffc6][0xffffffc7][0xffffffec][0xffffffff][0xffffffb5][0xffffff87][0xffffffe5][0xffffffc2][0x0][0xffffff80]0@j[0xfffffff1][0xffffffb3][0xffffffcb][0xfffffff2][0xfffffffc]'[0x13][0xfffffffe][0xffffffef]![0xffffff93][0xfffffffe][0x1]jS[0xfffffffc][0xffffff9f]W1[0xffffff88][0xe][0xffffffcd][0x1f][0xffffff92][0xffffffee][0xffffff98][0xffffffa8]\[0xffffffe8][0xfffffffe][0xffffffe5]o2[0x7f][0xffffffc8]J[0x1a][0xfffffff9][0xffffffb3][0x10][0xffffffec][0xffffffbf][0xfffffff2][0xffffffdf][0xffffffff][0x1e][0xffffffc6][0xffffffcf][0xffffffba][0xffffffee]UI[0xffffffbf]\[0x5]ml[0xffffffb2][\r][0xffffffca]G`[0xffffffff][[0xffffffd6][0xfffffff2]_[0xffffffbc][0xffffffb7][0xffffffe1][0xffffffff]"[0xffffffc7]0@:[0xfffffff6][0xffffffb3][0xfffffff7]v[0xfffffffd]}V[0xfffffff3]/[0xffffffef]e[0xffffffd3]n[0xffffffe8]@[0x1f]\X[0xffffff9d][0xfffffff8]g[0xffffffa2]r;[0x16][0x0][0xffffffef][0xffffff81][0xffffff86][0xffffff86]{}x[0x5][0xfffffff5])[0xffffffa5]g[0xffffffce]>Fzm[0xffffffd0][0xffffff8a][0xffffffe3]}[0xfffffffb][0xffffff8c]<p[0xffffffc5][0x17][0xffffffaa][0xffffffdd]&-}[0xffffffa9]A[0xffffffe7][0xffffffcf][0x1]F?[0xffffffae]is[0xffffffe9]Jg[0xffffffcf]%[0xffffffe9]G[0xffffffa8][0x17][0xfffffff4][0xffffffa9][0xffffffba][0xffffffb2][0x1d]V[0xffffffdf][0xffffff88][0xffffff9c][0xffffff83]H[0xffffffb9]Y[0xffffffbe][0x19]aJ[0xffffff84][0x2][0xffffffef][0xffffff80][0xffffffd6][0xfffffffc]e[0xffffffa6][0xffffffa2][0x10][0xfffffff4][0x5]k[0x4][0xfffffffe][0xfffffff3][0xffffffd6][0xffffff8e]c[0xffffff93]vF[0x17][0xffffffd6]3[0xffffff96][0xffffff90]([0xffffffdf]C>$[0xfffffffa][0x19][0xffffffb6]7[0x19]/[0xffffff99][0xffffffa7]"[0xffffffca],[0xfffffff9]:/[0xfffffff5]/[0xffffffee]q[0xffffffbf]'[0xffffffe1][0x15][0xffffffa7]\[0xffffffc2][0xffffffcd]X[0xffffff9b][0x4][0xffffffa3][0xffffffc2][0xffffffda][0xffffffdb]:[0xffffffaf]=[0xffffff83][0xffffffb9][0xf][0x0][0xffffffc0],[0xc][0x0][0xffffffbc][0x3]H[0xffffffcf][0x7f][0xffffff96][0xffffff90][0xfffffff3]?[0xffffff8f][0xffffff8d][0xfffffffe]-a[0xffffffda][0xffffff92][0xffffff8d]Z[0xffffffa3][0xffffffee]?/_~[0xffffff89]X"
09:46:43.414 [main] DEBUG com.github.dockerjava.zerodep.shaded.org.apache.hc.client5.http.wire -- http-outgoing-2 << "-[0xffffff9f]ew[0xfffffffd][0xffffffd7]?[0x7][0x7f]d82[0xffffff94][0x7f]f[0xffffffb8]_[0xffffffce][0xffffff87][0xfffffffe][0xffffffa4][0x1f][0xffffffa2]\k[0xffffffff]/[0xffffffae][\n]"
09:46:43.415 [main] DEBUG com.github.dockerjava.zerodep.shaded.org.apache.hc.client5.http.wire -- http-outgoing-2 << "[0x6]&W`[0xfffffff3][0xffffffef][0xc]G[0xffffffc6][0xfffffff2][0xffffff8b]xO[0xffffffff]/[0xffffffe2]u[0xfffffffc])[0x1e]F[0xf]@[0xffffffa6][0xfffffff8][0xffffff93]x[0x18]-[0x7f][0x1f][0xfffffffe][0xffffffcc]N\[0xffffffa8][0xc]\[0xffffffe0][0xffffffe4]l[0xffffffea]p[0xffffffb8][0xffffffc2]d[0xffffff97] [0xffffff96][0xffffffd8]gq[0x0][0xffffffdb][0xffffff92]O[0x16]G|_=[0xffffffbd][0xe]#|[0xfffffff6][0xffffffdc][0xfffffff0][0xffffffe2][0xffffffe3][0x1e][0xfffffff2]xv[0xffffffef][0xffffffbc][0x1][0xffffffe4][0xffffffa4][0xffffff95][0xffffffc9][0xffffffac][0xffffffc0]7[0xffffffb8]0$[0xffffffde][0xffffffb5]s[0xffffffee]x[0xffffffe4][0x4]+[0xffffff97][0xffffff92][0xffffffc3]A[0x8][0xffffffed]j[0xffffffa2]m[0xffffffa9][0xffffffdc][0xffffff89]z[0x1b])[0xffffffd0]`[0xffffff95][0xffffff9f][0xffffffca][0xffffffce][[0xffffffdb][0xffffff95]>~[0xffffff94]G[0xffffffd3][0x2]q[0xffffffd8]~[0x1]W[0x11]sJ[0xffffff92]v[0xfffffff6]?[0xffffff9a]n[0x12][0x18][0xc][0xffffffb9][0xfffffff7][0xffffffbc]Q[0xffffff81]S[0xffffff88][0xffffff82][0xffffffa2][0xfffffff8][0xffffff96]"[0xffffffee][0xffffffe7][0xfffffffb][0xffffffed]#g[0xfffffff8]I[0xfffffff5][0xffffffce][0xffffffb8]FL[0xffffffd0]VX[0x4][0x1][0xffffffbd][0xffffffec]L[0x6][0xf]n[0x16]J [0xffffffca][0x1c][0xffffffbf][0xffffff8c]z\[0x1d][0xffffff97]r[0xffffffd8][0xffffff88]AW[0xffffff80][0xffffffe2][0xffffffa0][0xffffff8d]j[0xffffffbf]r+[0xffffffa5][0x15][0xffffffe4][0xffffffdd]l![0xffffff92][0x10][0xffffffe4][0xffffff93]V[0xffffff9e][0xffffff82][0xffffffd4][0xffffffa7][0xffffffbc][0xffffffa1][0xffffffef][0x4][0xffffffc4]r?[0xffffff82][0xffffff94][0xffffffd0]K[0x1b]AunV^[0x7][0xffffffb0][0xffffffcf]>[0xffffffa6][0xffffffae][0xffffff86][[0xffffff82][0xffffffc3],[0xffffffd1][0x18][0xffffffa5][0xffffff8d][\r]Fj[0xfffffff6][0xffffffb5]s[0xffffffb0][0xfffffff6][0x4]p6[0xffffffbd][0x11][0xffffff9a][0xfffffff0]9[0x12][0xffffff82][0xffffff9f][0xffffff9f]$[0x1e][0xffffff97][0xffffffb3]F6[0x6][0xffffffed]_[0xffffff83]H[0xffffffe8][0xffffffb0]([0xffffff98]!~[0xffffffc0]{[0xf][0x3][0xffffffee][0x12][0xffffffc2][0xffffff87]][0xffffff90][0xffffffda][0x1][0xffffff97]J[0xfffffffd]jk?_[0xffffffea]7[\n]"
09:46:43.415 [main] DEBUG com.github.dockerjava.zerodep.shaded.org.apache.hc.client5.http.wire -- http-outgoing-2 << "[0xffffffdc]p6|[0xffffff8a][0xffffffbe][0xc][0xffffffd8][0xc]1a[0xffffff98][0x1c][\r]1[0x1a][0xffffffa7][0xfffffff0][0xffffffc7][0xffffffd5][0xfffffff6][0xffffff96]![0xffffffd9][0x15][0xffffffd5][0x12]|[0xffffffc7]H[0xfffffff4]([0xffffffb3][0xffffffd9][0x13][0xffffff99]P[0xffffffe0][0xfffffffb]MeA[[0xffffffd6][0xffffff89][0x7f]#[0xffffffe5][0x7][0xffffff89][0xffffffb0][0xffffffc4]+[0x13][0xffffffde][0xffffffc1][0xffffffa9][0xffffffc8][0xffffff90]{[0xffffffe3]r[0xffffffdf]C:[0x7]S[0xffffff99][0x10][0x11][0xffffffd7][\n]"
09:46:43.415 [main] DEBUG com.github.dockerjava.zerodep.shaded.org.apache.hc.client5.http.wire -- http-outgoing-2 << "8[0xffffffb3][0xffffffef]19[0xffffffbd]j[0xffffffe1][0xfffffffa][0xffffffe6][0xffffffbe]->[0xffffff9d][0xffffffe0]d[0x15]X[0xffffffe4][0xffffff9b][0x18][0xffffff99][0xffffff90] i'[0xffffffe7][0xffffff95]gw9[0xffffff89][0xb][0xffffffc7]S[0x8]][0x12][0x14][0xffffffcd][0xc][0xffffffae][0x1e]z$8[0xffffff87][0xffffffc4][0x6][0x1d]0B[0xffffffd3]/[0xfffffff7][0x3]D[0x1f]h/[0xffffffe6][0x0][0xfffffff6][0xc]a[0x1e][0xffffffff][0x12][0xffffff94][0x14]h[0xffffffd4][0xffffff8f][0xffffff80][0xffffffe1][0xffffff8a][0xffffffda][0xffffffd3][0xffffffbe][0xb][0xffffffa5][0xffffffd3][0xffffffeb][0xffffff88][0xffffffb7][0xfffffffb][0xfffffffd]2[0xffffffb4]*[0xffffffdc]h[0xffffffdd]}[0xffffffcb]V[0xffffffa2][0x4][0xffffff8c][0xfffffffb][0xffffffb9][0xffffffc4]'[0xffffffcf][0xffffffb7][0xffffffed]s3b[0xffffffad]*[0x1a][0xffffffef][0x9][0xffffffec][0xffffff96][0xffffffaf]>C[0xffffff88]y[0x1e][0x1c][0xffffffdd][0x18]r[0x8][0x12][0xffffffd5]/D[0xffffffc5]f8[0xb] id|[0x15]G[0xffffff8a]YO"z[0xffffffea]w[0xffffff94]I3M[0x11]l[0xffffffc4][0x1e] [0xffffff81][0xffffffa8]6[0xffffffa1][0x2]%)[0xffffffeb][0xffffffdf]+[0xffffff9c]R[0xffffffcd][0xffffffb6][0xffffff8a]F[0xffffffd2]i%p[0x1][0xffffffe7]*[0xffffff8a]T[0xffffff83][0xffffffa9][0xffffffce]e <!6<:[0xffffffbc]~o[0xffffffcc]8[0xffffffa8]f7[0xffffffcf]L4[0xffffffe3]as"D[0xffffffa9][0xffffffee][0xffffff8b][0xffffffa9][0xffffffd6]M[0xfffffff0][0xffffffe9]C[0xffffff82]8G[0x13][0xffffff8b][0x0]/[0xfffffff5][0xffffffc0][0xffffffc1][0x1b]"[0xfffffff3][0xfffffffa][0xffffffe9]]}[0xffffffce][0xffffffb7][\n]"
09:46:43.415 [main] DEBUG com.github.dockerjava.zerodep.shaded.org.apache.hc.client5.http.wire -- http-outgoing-2 << "[0xffffffe5][0xffffffdf][0xffffffae]$.[0xfffffff0]y[0xffffffa3][0x12][0xffffffa1][0xffffffa0][0xffffffaf][0xe]aA[0xffffffa2]?[\n]"
09:46:43.415 [main] DEBUG com.github.dockerjava.zerodep.shaded.org.apache.hc.client5.http.wire -- http-outgoing-2 << "[0xffffffed][0xffffffc5][0xfffffff3]@o[0xffffffc4][0xffffffae]Ijw[0xffffffd1][0xffffffe6][0x15][0x12]g\4[0xffffffcd]3[0x7f][0xffffffe6][0xffffffe5]b[0x10]H[0xffffffef][0xffffffce][0xffffff91]n[0xffffff88]l[0xffffffac]3[0xffffff93][0xffffffc8]G[0xffffffe0]8}[0xffffffaa][0xffffffef]F"[0xffffffa4][0xffffffa1][0xffffffaa][0xfffffff6]W[0xffffffc7]E<[0x19]2Y[0xffffffff]1T[0xffffffbb][0xc][0xffffff96][0xffffff8c][0xffffffe5]Y[0xffffffec][0xfffffff8][0xffffffc6]N[0x1a]_[0x7f]N[0xffffffc2][0x13]t[0xffffff83]&[0xffffffba][0xffffffcb][0xffffffe6]+I[0xffffffa0]o[0xffffff95]5[0xffffffc0][0xffffffaa][0xffffffc1][0xffffff9e] r[0x8]=[0xffffffcc]8[0xffffff98][0xffffffbe]H[0x7f][0xffffffee][0xffffffef][0xffffffd2][0xffffff98]sK[0xffffffbb][0xc]1[0xffffffc6]_[0xffffffd8]WS_j#<[0xffffffe8][0xffffffa9][0xffffffdb]nS]8H=f2[0xffffffad][0xffffffa6][0xffffffb5]8[0xffffff99],a[0xffffff8f][0x17][0xffffffe1]D[0xffffff8a][0x7]YK[0xffffffd6][0xb][0x1f]3[0xffffff96]l[0xffffffbe][0xffffffc7]oeA[0xffffff96][\n]"
09:46:43.415 [main] DEBUG com.github.dockerjava.zerodep.shaded.org.apache.hc.client5.http.wire -- http-outgoing-2 << "[0xffffffb5]yI[0xffffffe9][0xffffffcb][0xffffffed]bz[0xfffffff1][0xfffffffc][0xffffffe8]k[0xffffffae][0xffffffc0]H(l"zt2%M[0xffffff89]"2[0xffffffc2]~Qq[0xffffffc4]o[0xffffffbe][0xffffffff][0xffffffd4][0xb]A[0xffffffe6][0xffffffea][0xffffffe7][0xffffffeb][0xfffffffa]?[0xffffffd1][0x4]>[0xffffffbb][0xffffff9b][0x15]H[0xffffffcc][0xffffffcb]n[0xffffffa2]Fug[0xffffffa8]u[0x1d]2[0xffffff84][0xffffffce][0xffffffda]c[0xffffffc3][0xffffffc3][0xffffffb7]80[0xffffffa1][0xffffff99]t[0xffffffbe]S[0xffffffb2][0xffffffb7][0xffffffc3][0xffffffa0]F0[0xffffff8d][0xffffff8a][0xffffff8b][0x7]'[0xffffff95][0xffffffbf][0x12]HS[0x15][0xffffff96]Z[0xffffffe3][0xffffffd5][0xffffffc5]:[0xffffff96][0xffffffa3][0xffffff98][0xffffffdd]M[0xffffffa2]D[0x10][0x0]}[0x0][0xffffffe7][0xc]|[0xffffff93]uA<[0xffffffd6]@[0xffffff83]3[0xffffffe6]i[0xffffffe2]*[0xffffffe2][0xffffffa5]c[0x5]/[0xffffff8c]>[0xffffffe7]}[0xffffffc6]c[0xffffff80][0xffffff98]/k+[0x1a]#[0xffffffc9][0xfffffff4][0x9]h[0xffffffd5]][0xffffff9e][0x14]pM[0xffffffd8][0xffffffe5][0xffffff8a][0xffffffe8][0xffffffb6][0xffffffb3][0xffffffca][0xffffffd3]&[0xfffffff4][0xffffffba][0xffffffef][0xffffff84][0xffffff83][0xffffffda][0x14]J'[0xffffff80]uE0[0xffffff8c][0xffffffb0]1[0xffffff9b]G[0x14][0xffffffe7]lR>uS{[0xffffffa9]TS[0xffffff9a][0xffffffd7][0xffffffd4]|[0xffffffa3]=[0xffffffe8][0xffffff8e][0x3][[0xffffff96]j[0xffffffa9][0xffffffeb][0xffffffc3][0xffffffec][0xffffffc4][0xffffffc4][0xffffff86][0xffffffb1]*a[0xffffffe3][0xffffffcf][0xffffffe7]F[0xfffffff8]![0xffffffcb][0xffffffe1]~w`[0x9];[0xfffffffb][0xffffffde][0xffffffbe].[0xffffffed][0xffffffc1][0xffffff97]w[0x15][0xffffffaf][0xffffffad]J[0xffffffaf]P[0xffffffe2][0xffffffbc]h([0x17][0xffffff81]`[0xffffffb2]{[0xffffffe0]y[0xffffffdc][0xffffff9e][0xffffff83][0xffffffca][0xffffff92]0C[0xffffffcd]o[0xffffffdd][0xffffff85][0xffffffd6]Tj,zlV[0xffffff82][0xffffffef]S[0x0][0x1e][0xffffff91][0xffffff82][0x11][0x18]6[0xffffffce]GntOFhbC[0xffffff86][0xffffff9a]A[0xffffff9c][0xfffffffc][0xffffffa1][0xffffff95][0xfffffff9][0xffffff94][0xffffffbd]U[[\r][0xffffff8d]8[0xffffffa6][0xffffffaf]St[0x3][0xe]\5[0xffffff9c][0xffffffa3][0xffffff80][0xffffffbb][0xffffffed][0xffffffe7][0xffffff92][0xffffffbb][0xffffffc4][0xffffff9b][0x18]\[0xffffffb2][0xffffffa4][0xffffffcf][0xffffffcc][0xfffffff4][0x2][0x2][0xffffff81][0xffffffcd]w"[0xffffff8c][0x1a][0xfffffff0]Q[0xffffffee]/[0xffffffa2]-6[0xffffff9f][0xffffffb2][0xffffffda][0xffffffea][0xffffffdf]CB[0xffffffb8][0xffffffab]$[0xffffffba][0xffffffd1][0xffffffe5]HW[0xfffffffc][0xffffff80][0xffffff90][0x4][0xffffffff][0xffffffa4][0xfffffffe][0xc][0x16][0xffffffe3]_[0xffffff9d][0xfffffff4][0xe]q[0x1c][0xffffffd5][0xffffffac][0xffffffe8]*[0xffffffca][0xffffff9f][0xffffffe5]=[0xffffffef]|<[0xffffffb1]l[0xffffffdc][0xffffffca][0xffffff96]<[0xffffff8d][0xffffffb9][0xfffffffe][0xffffffd1]x3CK[0xffffffe5]x[0xffffffb4]=[0xffffffd5]W[0xffffffe6]<4y[0xffffffcb]*[0x1e][0x18]8b#fS]H[0xffffffbb]|.[0xffffff86][0xffffffd4][0xffffff90]8[0xffffffbf][0xffffff97][0xb][0xffffffe1]-[0xffffffe2][0xfffffff7]^[[0xffffff9e][0xffffffc4][0xffffffcc]s[0x9]$[0x2]w[0xffffffdc]*dh[0xffffffe0][0x14]>[0x11][0xfffffff0][0xffffff8c][0xffffffa2][0xffffff9d]U[0xffffff94]995'[0xffffffae][0x1a]:[0x16][0xffffffcd]:[0xffffffcc]@[0xfffffff7]5D[0xffffffe1][0xfffffffa][0x12][0xffffffa3][0xfffffff1][0xffffffec][0xffffffd6]9[0xffffffdf][0xffffffa6]L[0xffffffdc][0x1]uBU[0xfffffffc]+g[0xffffff89][0xfffffff2][0xffffff87][0xfffffffd]oi[0xffffffaa][0xffffffbc][0x17]LE[0xfffffffb][0xffffff94][0xffffff92]{[0xffffff98][0x16][0xffffffb1]w[0xffffffb3]w[0x1][0xffffff94][0xffffffd9][0xffffff88][0xffffff8c]c~[0xfffffff3]Ld9[0xfffffff3][0xffffffa0]u[0x3]Qv[0x12]+2[0x8]0[0xffffffea]a[0xffffffdd].[0x8]"[0xfffffff9][0xffffff88][0xffffffc5][0x11][0xffffff9c][0xffffffb6][0xffffffa3]8[0xffffffc2][0xffffffd4][0xffffff96]Ls[0xffffff9a][0xffffffa1][0xffffffe5][0xffffffd3]:[0xffffffc3]&[0xffffff8b][0xffffffad][0x12][0xffffffb5]O[0x7][0xffffffb8]tP[0x3]VtD[0xffffffd8][0xffffffc2][0xfffffff3][0xfffffffa]h[0xffffffad][0xffffff88]F[0xfffffff8]-t[<[0xffffff8e][0xfffffff0]o&z[0xffffff91]%N[0xfffffff4]Pr[0xffffff8c]L[0xffffffcc][0xffffffb1][0xffffffb3][0xffffffa9][0xffffffd7][0xffffffc0][0xffffffb2][0xffffff90][0xffffffbc][0xffffffd4][0xffffff96][0x1d]([0xffffffb5].U[0xffffffe8][0xffffff92][0xffffffba][0x7f]X[0xffffffc4][0x7f]*[0xffffffa4]|Y[0xfffffff3][0xffffffd1]/C[0xffffff8b]8[0x18][0xffffffe1]wQ![0xffffff80]*[0xffffffcc]d[0xffffffd1][0xffffffa4][0xffffffb8]i[0xffffffa1][0xffffffb6]0[0xffffffe2]-[0xffffff8e][0xffffffda]][0xffffffc3][0xffffffbf][0xffffffe5][0xfffffffc]A[0xffffff9b]H[0x7][0xfffffffd]c=r[\r]/7[0xffffffa2][0xffffffcf]Y9g[0xffffffbf][0x10]Y}?,Q[0xffffffff][0xffffffbb][0xffffffe1]d[\n]"
09:46:43.419 [main] DEBUG com.github.dockerjava.zerodep.shaded.org.apache.hc.client5.http.wire -- http-outgoing-2 << "[0xffffffde].3[0xffffffb0]f[0xffffffed]}\;[0x12]}[0xffffffef][0xffffffac][0xffffffed][0xffffffd1]Sx[0xfffffff5]D[0xffffffa9]d[0x5]n[0xffffffc8]2Z[0x8][0xf][0xffffffa6]w[0xffffffc6]i[0xffffffea][0xb]~[0xffffff9b][0xffffffbd][0x8]2I[0xffffffc6][0xffffffb3]Q[0x1f][0xffffff8e][0xffffffcd]c|[0x0]Yzm[0x1a][0xffffffe9][0xffffffc4]K[0xffffffa2][0xffffffcb][0xffffff86][0xffffffc8][0xffffff8b][0xffffff8a]F[0xffffffa1][0xffffffc9][0xffffff8b][0xffffffc2][0xffffffbe]?[0xffffffb9]r[0xffffffee]kY[0xffffffae][0xfffffff2][0x15][0xffffffef][0xffffffb3][0xffffffc6][0xffffff8e][0xffffffe4][0xffffff98]`Y[0x16]_Xm[0xffffffd2][0xffffff91][0xffffffc4][0xffffff95][0xffffff8d]h[0xb][0xffffff9d][0xffffffbb]WL|"[0xffffffb3][0x1a]][0xffffffb6]B[0xfffffff3][0x14][0xffffff85][0xffffffb3][0x15][0xffffff8c][0xfffffff5][0xffffffd0]gE[0x9][0xffffffc4][0xffffff99]~X[0xfffffff2][0xffffffcc][0xffffffec][0xffffffdc][0xffffff8b]G[0xffffffdb][0xffffff8e][0xffffff9c][0x12][0xffffffdc][0xffffffab][0xffffffa5]0$L[0xffffffef][0xffffffce][0xffffffd1][0xffffffc2]U[0x1b][\r][0xfffffffe]$iH[0xffffffc2][0xffffffb9][0xfffffff9]"[0xffffffbf].+[0xffffff8a][0xffffffd7][0x16]1[0x19][0xffffff80][0xffffffca][0xffffffae]Q[0xffffffff]%[0xffffffe1][0x12][0x1f]f[0xffffffaa]B[0xffffffc4]'f$[0xffffff97]5[0x3][0xfffffff6][0xffffffcc]v[0xffffffdb][0x7][0xffffffdb][0xffffffa8][0xffffff8b][0xfffffff7]8[0x14][0xffffffbf][0xfffffffa][0x12]}[0xffffff8b][0x7f][0xfffffff2]t[0x1c]9[0xffffff8e][0xffffffb9]h[0xffffffd3]_[0xffffffe6][0xffffffaa]@[0xffffff9c][0xffffffb1][0xffffff84]~[0xfffffff1]q[0xffffff8b]m)M<}[0xffffff99]G[0xffffffe9][0x18]Q[0xffffff84][0xffffffd8][0xffffffce][0xffffffcf][0x1c]![0xfffffff3][0x10][0xffffffcd][0xffffffe0][0xffffffcd][0xffffffc0]\>[0xffffffc8][0xffffff95]bZ[0xffffffb3][0xffffff9f]$%[0xffffffc2][0xffffffba][0xffffffa8]1[0xffffffd9][0xb]Ac4[0xffffffd4][0xffffffe7][0xffffffa1][0xffffff9c][0xffffffb1][0xffffffe9][0xffffff8f][0xfffffffa]Q[0xffffffe9]}[0xffffffa0][0x1a][0xffffff91]p[0xfffffff7][0x1f]8&0;0[0xffffffba][0xffffffd6][0xffffffd6]([0xffffffca][0xffffffae][0x12]AD1[0xffffffe6]V[0xffffffac][0xffffff94]s[0xffffff8a][0xffffff8a]MU[0xffffffbf][0x1a][0xffffffd7][0xffffffef][0xffffffb5][0xffffffeb][0xffffffb2][0xffffffd3][0xe][0xfffffff5][0xffffff84][0x18]D[0xffffffa4]77[0x16][0xfffffff9][\r][[0xffffff86]l[0xffffffc9][0x16]>[0xffffffc3]a[0x7][0xffffffe7]&[0xfffffffd][0xffffffa8]R[0xffffffe6][0xffffffcd][0xffffffb5][0x17][0xffffffbf][0x17][0xffffffb7][0xfffffff0]MYnpgQ[0xffffff8f][0xffffffad]u&[0x6][0x5][0xffffffef]h[0xffffff94][0xffffffcd]7O[0xfffffff2],[0xffffff8c]m-[0xffffffa0][0xffffff8d][0xffffffd9][0xfffffffa][0x4][0xffffffa2]-H[0xffffffc6]ZF[0xfffffffd][0xffffffe3][0xffffffcd]v[0xffffffce]m[0xffffffd4][0x1e][0xffffff8b][0xffffffe1][0xffffff86][0xffffff95]uoK[0xfffffff6][0xffffffbc][0xfffffffa][0xffffffe4][\n]"
09:46:43.420 [main] DEBUG com.github.dockerjava.zerodep.shaded.org.apache.hc.client5.http.wire -- http-outgoing-2 << "X[0xffffffc3][0xffffff82]6[0xfffffff7][0xfffffffb]1[0xfffffffb]n[0xffffffcd][0xffffff85]S[0xffffff94]a[0xffffffde]F[0xffffffed][\r]y[0xffffffb0][0xffffff8a]Ff'~[0xffffff98]Y[0xffffff9a][0x6][0x1b]?N3[0xffffffe2][0xffffffb1]3[0xffffffe7][0xffffff80]X[0xffffff8e][0xfffffffc]d[0xffffffa0]!{[0xffffffe8][0x7][0xfffffff7][0xffffff86]j)[0x1a][0xffffffee][0x16][0xffffffe8][0xffffffd9]K[0xffffffb6][0xffffffa4][0xffffffe6]:[0xffffff8d]_:I[0xffffff81][0x1a]H[0xfffffffd][0xffffffe4]][0xffffffa9][0x5]v][0xffffff8f]<[0xffffffc2][0xffffffed][0xffffffc8][0xffffffb2][0xffffffa2][0xffffffac][0xffffffc6]4[0xffffffdd][0xffffffeb]J[0xffffffac]V[0xffffffd4]][P[0xffffff8f][0xffffffd4][0xfffffffb][0xffffffe2][0x14]D[0xffffffa6][0x8]q[0xffffff80][0xffffffcc][0xffffffad][0xffffffa8]xf[0xffffff88][0xffffff89][[0x7]*[0x1b][0x14]_][0x3][0xffffffdd]w[0xfffffffd]\g[0xffffffd6]F[0xffffffd1][0x15][0xf][0xfffffff8][0x14][0xffffffcc][0xffffff8e],qX*[0xffffff83]pH[0xffffffab]X[0xffffffde][0x1][0xffffffa7][0xffffffdd]o[0xffffffc8]r][0xffffffe9][0xffffff93][0x1b][0xffffffdb][0xffffff99][0x13]~S[0xfffffffc][0xffffffee]V[0xffffffe7][0xffffffa8]~[0x17]S[0xffffffb2][0xffffffa7].[0xffffffdb]3)[0xffffffa7][0xffffffc7][0xffffff9a]>$A[0xffffff88][0x14][0x1f][0xffffffd3][0xffffff9e][0xffffffe5][0xffffff87]z[0xffffff93]m[0x1a][0xffffffc2][0xffffffc0][\r][0xfffffffd][0xffffff99][0x9][0xffffff8a]|[0x7][0x19][0xffffffbd][0xffffffc5]R [0x7]e;"[0xffffffe5][0xffffffa1]Y[0xffffffbd]^[0x11][0xfffffff6]A[0xfffffff7][0xffffffa1]<^[0xffffffa2][0x16][0xfffffff9][0xffffffd9][0xffffff8c][0x17][0xffffffe1][0xffffffe7]dD[0xffffffdf][0xffffff8e][0xffffff8e][0x7][0xffffffb1][0xffffffb2][0xffffffdc][0xfffffff0]"[0xffffffc5][0xffffffcd]=[0xffffffe8][0xb][0xffffffcd]0[0xffffffb9][0xffffff96]/5[0xffffff8b][0xffffffb2][0xffffffe8][0xffffffd8][0xffffffb6][0xffffff83][0xffffff9a][0xffffff95]n[0xffffffb7]s[0x1]o[0xffffff88]N[0xffffffc5][0x12]Bm1<l[0xffffffd8]Z[0xffffffe1][0xffffff84]r[0xffffffc0][0xffffffc8][[0xffffffaf]P[0xffffffa7]%E[0xffffffc6]R[0xffffffa8]+[0xfffffffb][0xffffffd7]t/L[0xffffffb1]21S[0x14][0xfffffff7][0xffffff84])O[0xffffffd3][0xffffffb7]>[0xffffffac][0xffffffc7][0xffffffaf][0xfffffff4]U[0xffffff93][0x6][0xfffffff5][0xffffffed][0xffffffa6][0xffffff90]T[0xffffff82][0xffffffed][0xffffffac]l[0xfffffff2].[0xffffffeb]^[0xffffffa0][0xffffffe4][0xc][0xb][0xfffffff8][0xffffffe4][0xffffffaa]"r[0xffffff9c][0xffffffc2][0xe]I:L[0xffffffda]5[0x7][0xffffff80][0xffffffbe][0xffffffbc][0xc][0xffffff9c][0xffffff9f][0xffffffcc].[0xffffff92]-[0x18][0xffffffde][0xffffffa2][0xffffff89][0xffffffb8]k[0xffffffe4][0xffffffbc].V[0xffffffde][0xffffffaa][0x18][0xffffff98][0xffffffc8][0xffffffb7][0xffffffc2]5[[0xffffffa6][0xffffffae] [0xffffff91]ds[0xfffffff6][0xffffffa9][0x11]CfQ;[\r]i[0x14][0xffffffa9][0xfffffffc][0xffffffa0][0xfffffff2]"[0xffffffe6][0xffffffb8][0x1e][0xffffff81][0xffffffc0][0xffffffcb]O[0xffffff8d][0xffffffc2][0xffffff85][0xffffffe2][0xc][0xfffffff5][0xffffff94][0xffffffe7]R[0xffffff8a][0xffffffb2]{[0xffffffd8]>eZ[0x16]0kV-[0xffffffc1][0xffffff84][0xfffffffd][0xfffffff0]0[0x1f]G[0xffffffb8][0xffffff91];[0x1d] [0xffffffaf][0xffffff9d][0xfffffff3][0xffffffd5][0xffffff81]Tp[0xffffff85]v[0xffffffee][0xffffffb4][0xffffffbf]/l[0xffffffed]m[0xffffffa2][0xffffffb3]f[0x17][0xffffffdd]n[0xffffffff][0xffffffe7][0xffffff9e][0x4][0xffffff9d][0xffffffba]4&[0xffffffbb][0xffffffc0][0xffffff97][0xffffffb6][0xffffff89]P[0xffffffa4][0xffffff92][0xffffffa9][0x1a]f[0xffffffea][0xfffffff6][0x5]f[0xffffffd6][0xffffff8c][0x4])[0xffffffe8][0xffffffde]h[0x7]?[0xffffffa3]o[0xffffff8a][0xb]'Q[0xffffff9c]1[0xffffff9f]?[0xffffffb8][0x15]4[0xffffffbd][0xffffffcd][0xffffffd7]~[0xffffffbf][0xffffff89]b[0xffffff9d]x$[0xfffffff0][0x18][0xffffff9c]q[0xffffffd2][0x2][0xffffffff][0xffffffd6][0x7][0x1c][0xffffffac][0xffffff9a][0x14][0xffffff94]c[0xfffffff6][0xfffffff9][0xffffffdb][0xffffffa1][0xffffffec]J[0xffffffc0][0xffffffec]@[0xffffffc0][0xffffffcb][0xffffffa6][0xffffff9e][0xffffff88][0xfffffffd]{[0xffffffef]-[0x6]![0xffffffca]O![0xfffffffc][0x19]y[0xffffffa0][0xc][0xffffffb1]1/}[0xffffffe6][0x14][0xffffff99]t[0xffffff91][0xffffff99][0xffffff84]+/2[0x7]i[0xffffff92]YkN [0xffffffe5]V[0xffffffd4][0xffffffa1];/[0x0][0xffffff80]JOP[0x1e]I[0xffffff87][0xffffffdd]+'[0xffffff8d][0xffffffed][\n]"
09:46:43.420 [main] DEBUG com.github.dockerjava.zerodep.shaded.org.apache.hc.client5.http.wire -- http-outgoing-2 << "[0xffffff96]*[0x9][0xffffffd5][0xffffffa1][0xffffffb6]0[0xffffffce][0x0][0x1]i[0xffffffb6]A[0xffffffa8][0xffffffde][0x17][0xffffffb7]N[0xffffffc5])_[0xffffffe7][0xffffffc9]y[0xffffff8e][0xfffffff3][0xffffff8c][0xffffffda]6\[0xffffffe4][0xfffffff5][0xffffff89][0xffffff98][0xffffffb5]..*[0xffffffb6][0xffffffd5]j[0xffffffeb]N[0xffffffbf][0xffffffa8][0xffffffd6]s[0x5][0xfffffff1]y[0xffffff9c][0x1b]Z[0x15];[0xffffff80][0xffffff89][0xffffff81][0xffffffd7]D[0x5][0xffffffa1]#-M][0xffffffc5][\r][0xffffffab][0xffffff8e][0xffffff90][0xfffffffa]+[0xffffff9f][0xffffffab][0xffffffa7][0xffffff96][0x7]Jq]e[0xffffff90]F[0xffffffcf][0xffffffca][0xffffffc9]u%[0xffffffaa]ZvK[0xfffffff5]3[0xffffff8e][0xffffffcf][0xffffff83][0xffffff9a][0xffffffe0][0x1d]#[0x3][0xfffffff2][0xffffff89][0xffffffb1][0xfffffff4][0xffffff96][0xffffff80][0xffffffac][0x3]&[0xc][[0xffffffda];VT[0xfffffff6][0x2][0xffffffbc][0xb][0xffffffde][0xffffffbd]Y<[0xffffffc7]N[0x13]2[0xffffffbc][0xffffffdd][0xffffffa3]W[0xffffff96]Nk[0xffffffa8]r[0xffffffc6]L[0xffffff95][0xfffffffe][0xffffffcf]%@[0xffffffb1][0xfffffff3];=`EM[0xffffff9d][0xffffff87].[0xffffff87]^[0xffffffae]N@t[0xffffffef][0xffffffa9][0xffffffbe][0xffffffcd][0xffffffbf][0xffffffbb][0x8][0xffffff92][0xffffff84][0xffffffea][0xffffff80]P[0xffffffd7][0xffffffb3][0xffffffa6][0xffffff8a]{[0xffffff8a][\n]"
09:46:43.420 [main] DEBUG com.github.dockerjava.zerodep.shaded.org.apache.hc.client5.http.wire -- http-outgoing-2 << "[0xfffffff7][0xffffffdb][0x7][0xffffffba][0xffffffe7][0xffffffa3]&:[0xffffffa7]k[0xffffffff].yj[0xfffffffb]E[0xfffffff7]<\a[0x1f]R[0xffffffa5]M[0xffffff91][0xffffffa9]t[0xfffffffc][0xffffffae]l&.F[0xffffffb6][0xffffff92][0xffffffd8][[0xffffffad][0xffffffa5][0x19]9FZ[0xffffffda][0xffffffef]B[0xffffffe1][0xffffff9f]'[0xffffffc1]c_2R>Z[0xffffffb4][0x14][0xffffffd3][0xffffffee]#"[0xffffffbe]*[0xffffffed]]:[0x1c][0xffffffbd][0x6][0xffffffa6]E[0xfffffff1]R[0xffffff86][0xffffff94][0xffffffb1]d$[0xfffffff6][0xffffffb4]v[0x7f][0xffffffa7]F[0xffffffe0][0x17]f[0xffffffe1]\l[0xffffff9f][0xffffffb5]!x8[0xffffffcb][0xffffffa4][0xffffff89][0xffffff9f] [0x11]NNJf[0xffffff8d])YZ[0xffffffe8][0xffffffcb]f[0x8][0xffffff98][0xffffff84][0xffffff80]7[0xffffffbd][0xffffff9c][0xffffffa5][0xffffffbb]\[0xffffff95]q[0xffffffe7][0xe]SJ[0xffffff8f][0xfffffff6][0x10]vbH[0xffffff9f][0xffffff91][0xffffffc1][0xffffff96][0x14]'O[0xffffffaa].[0xffffffc9][0xffffffef]u#[0xffffff90]y[0xffffffcd][0xffffff93];{}[0xffffffd5][0xffffffba]E;[0xfffffff7]GKyi[0xffffffb6]=[0xffffffb0]u[0xffffffa3][0xffffff9a][0xffffff95][0xffffffec]&[0xffffffe6]t[0xffffffbb][0xffffffb4][0xffffffbf][0xffffffb1]_Y[0xffffffb9][0x9][0xffffffe0]q[0xffffff8b]>[0xffffffe1][0xffffffc0]i)[\r][0xffffff94]tA-[0x6][0x1d][0xffffff89][0x9]%[0xffffffc5][0xfffffff6][0x13][0xc][0xffffff9e][0xffffffd0][0xfffffffe][0xffffff82][0xffffff81][0xffffffc9]9.<[0xffffffc6][0xffffffb5][0x17][0xffffffe7].8[0xfffffffd]:[0xffffff8d][0xffffffc5][0xffffffa2][0xffffff8d]Sr9 [0x1][0xffffffe1][0xffffffe7]4[0xffffffb9]f[0xffffffd5]\[0xffffffc8][0x13]T[0xfffffffa][0xffffff92][0xffffffe5]j[0xffffffde]}[0x15][0xffffffa0][0xfffffffb]L[0xffffffee][0xffffffa5][0xffffff84][0x17][0xffffffd0][0xffffffa0]0[0x7][0xffffffcf][0x19][0xffffffa2][0xffffffe9]X.[0xffffffe2]d[0xffffffd1] 7-a[0xffffff9b]-[0xffffffd1]3L[0xffffff8b][0xffffffec]%[0xffffff87]a[0xffffffb6]&[0xffffff84][0xffffff82][0xfffffff5][0xffffffd6]w[0xe]6[0xffffffe1]D[0xffffff91]YQ[0xffffffb6][0x9][0xffffffb1][0x10][0xfffffff2]{([0x1a][0xffffffa7]][0xffffff8c]!!7[0xffffffc1][0x19][0xffffffae][0xffffff8d][0xfffffff2][0xffffffd1][0xffffffdd]#[0xffffffd1][0xffffffa7][0xffffffed]V[0xffffffa9][0xfffffff7][0xffffff9e]0[0xffffff90][0xffffff9e][0xfffffffe][0x2][0xffffff8c]L[0xffffffa3][\n]"
09:46:43.420 [main] DEBUG com.github.dockerjava.zerodep.shaded.org.apache.hc.client5.http.wire -- http-outgoing-2 << "+cm[0xffffff8c][0xfffffff1][0xffffffcc][0xffffffdc][0x1a][0xffffffad][0xffffff82][0xffffffd5][\r][0xffffff84][0xb][0xffffffd1][0xfffffffc][0xfffffff2][0x1f][0xffffff88]:[0x1b][0xffffff8f][0xffffffaa][0xffffffeb]=[0xffffff8b]=9[0xffffffa3][0xffffffb6]()6i1[0x1d]A&F[0xffffffee][0xffffffd4][0x1f][0xffffffec][0xfffffffc]S[0xffffff87]9[0xffffffad]*Y][0xffffffa7][0x10]P[0xffffffc3][0xffffffc8][0xffffffd3][0xffffffeb]"@[0xffffffc5][0xffffffb0]*j=][0xffffff94]IG[0xffffff8b]f[0xffffffc1]mJ[0xffffff92][0xffffffee][0xffffffb3]i[0xffffffd3][0xffffffd1][0xffffffdb][0x19]\[\n]"
09:46:43.420 [main] DEBUG com.github.dockerjava.zerodep.shaded.org.apache.hc.client5.http.wire -- http-outgoing-2 << "[0xffffffc0][0xffffffc0][0xf]t5b[0xffffff91]*[0xffffffb6]L[0xffffffd3][0xffffff97][0x12][0xffffffa6][0xffffffea]O[0xffffffdf]P[0xffffff97]f}~[0x1b]|[0xffffffc5]{[0x1b][0xffffffe5][0xffffffe3]N[0xffffffc9]?[0xffffffd3][0xc][0xffffffd7][0xffffffa3][0xffffff83][0xffffff94]@[0xffffff9f][0x1][0xffffff8a][0xffffff8b][0xffffff9b]U1[0xffffffee][0xffffffe4][\r]zF[0xffffffe7][0xfffffff5][0xffffffd5][0xffffffd9][0xfffffffc][0xffffffb9][0xfffffff4][0xffffff8b][0x8]G[0x1e][0xffffffa5]}H[0xffffffe4][0xffffffd3][0xffffff82];/T5<z[0xffffff83][0xffffffa1][0x17]bI[0x6][0x3][0xfffffff8][0xffffffc9][0xffffffbe]j[0xffffffc8][0xffffffb6]l[0xffffffda][0xffffff85]kw[0xffffffd7][0xffffffe2]\[0xfffffff9][0x9]![0x5][0xffffff8b][0xffffffb9][0xffffffde][0xffffffc1]}[0xffffffa4][0xffffffcf][0x1b][0xffffffcc]}[0x19]w@[0xffffff94]IN1)"[0xffffff98][0xfffffffe]![0xfffffff8][0xffffffed]Rs[0xffffffe7][0xffffffb3]Uh[0xffffffd2]3[0xffffffba][0xffffffa5]W[0x11][0xffffff99][0xffffffb7]Q[0xffffffd5][0xffffffe0][0x16][0xffffffb5][0xffffffb1][0xffffffeb]p[0x18][0xffffffaa][0xfffffff4][0xffffffc7]D\-[0xfffffff3]4[0xffffff9a][0x1f][0xffffff87]A[0xffffff9b][0xffffffbe]|[0xffffffc3][0xffffffba][0xffffffa1][0xc][0xffffffaf][0x5]m[\n]"
09:46:43.421 [main] DEBUG com.github.dockerjava.zerodep.shaded.org.apache.hc.client5.http.wire -- http-outgoing-2 << "[0xffffffae][0xffffffc5]6M[0xffffffdc][0xffffffef]|W@%v[0xffffff98][0xffffffe1]c[0xffffffd9].[0xffffffe0]r[0xffffff8c]e[0xffffffcd][0x19][\n]"
09:46:43.421 [main] DEBUG com.github.dockerjava.zerodep.shaded.org.apache.hc.client5.http.wire -- http-outgoing-2 << "U[0xffffff98][0xffffff98][0xffffffe2][0xfffffff7][0xffffff90][0xfffffffb][0xffffffcd][0xffffffec]?[0xffffffc1][0xffffffeb]![0xffffff9b]c[0xffffffa3][0xffffffe4]=[0x15][0x9][0x7][0xffffff88]O[0xffffff89]dA[0xffffff9d]K&[0xffffffd2]4V[0xffffff89][0xfffffff5][0xffffffed][0xffffff97][0x1d]?h[0xffffff80]9)[0xffffff81]B[0xffffffbc]K[0xffffff8d]#h[0xffffffc0] [0xffffffbe][0xffffffd1][0xffffff8d][0xffffff8a]!=[0xffffff9a]o[0xffffffa3][0xffffffe1]Zi[0xffffffb9]6o[0xffffffeb]7[0xffffffb7][0xffffff93][0xffffffbe][0xffffff81][0xffffffdd][0xffffff9a][0xfffffff8]D[0xffffffe9][0xffffffbe][0xffffffcd][0xffffffd3];[0xffffffd3][0xffffff8e][0xffffff8c][0xffffffa1]-[0xffffffa7]n,S[0xffffffd7][0xfffffff5]n"[0x18][0xffffffbc][0xfffffff3][0xffffff90]F[0xfffffff8][0xffffff83][0xffffffd8]u[0xffffffae]S[0xffffff84][0xffffffb0]Hd[0xffffffd4][0x12][0xffffffa7][0xffffffe6][0xffffffe5]G[0xffffffbc]4[0xffffff83][0x17]FD[0xffffffd4][0xffffffe6][0xffffffdc]o[0xffffffd0][0xfffffff1][0xffffffea]A,[0xffffffd1][0xffffff87][0x9][0xffffffb5]f[0xffffffda][0xffffffdd][0xffffffeb][0xffffff97][0x2][0x8]a[0xfffffff7][0xffffff85]$[0xffffff92] [0xf][0xffffffd8][0x2][0xffffffd2]d[0xffffffe9][0xffffffee][0xffffffa4]I[0x13]{[0x5][0xffffff8a][0xffffffdd]&o[0xffffff8f][0xffffffcf][0xfffffff6][0xffffffc4][0xffffffe1][0xf][0xffffffea]a[0xffffffea][0xffffff98][0x4]$[0xffffffe2][0xffffff9d]([0x7]n<[0xffffffca][0xb][0xffffffbd][0xffffff8c]\[0xffffffed][0xffffffb3][0xfffffff9][0x14]o[0x12];[0xffffff87][0xffffffba][0xfffffff1][0x5][0xffffff9f][0x1c][0x6]'?[0xffffffca][0xffffff98][0xffffffef]d[0xe]9m[0x11][0xffffffdb][0xb]_[0x15][0xffffffe5][0x5][0xffffffee]n[0xfffffff4][0xffffff9c][0xfffffff5]Tk[0xffffffc2][0xffffffbb][0xffffffe2][0xffffff82][0x19][0xffffffac][0xffffffde][0xffffffa6]L[0xffffffae][0xffffff94].[0xffffffd7]kf[0xffffffcb]c[0xffffffc0][0xffffffe6]t[0xffffffd0][0xffffffbe]z[0x1f]6[0xffffffce][0xffffffa6][0xc][0x1b][0xffffffa7][0xffffff8f][0xffffff95][0xfffffff5]+[0xffffffb4]T[0xffffffbd]*[[0xffffff8e][0xffffffd1]R[0x10]([0x16][0xffffffdd]-[0xffffffbc]D[0xfffffff3][0xffffff80][0xffffffd1][0xffffffb8]V*[0xffffffa1]GY[0xffffffcf]k[0xe][0xfffffffe][0xffffff98][0xffffff9f][0x19]/[0xffffffe7][\r]d[0xffffffc4][0xffffff9e]{[0xffffffdb][0xffffff9d][0xffffffd0][0x1e][0xffffffe0][0xffffffde][0xfffffff5][0xfffffff1]X[0xffffff85][0xffffff9b][0xffffffda][0xfffffff2][0xffffff84]w[0x15][0xffffff95][0x1][0x17][0x15][0xffffffe9][0xffffffad][0xffffffff][0xffffffec][0xffffffd0][0xfffffff1][0xf][0xffffff88][0x10].[0x15]1[0xfffffff0][0xffffffb0][0xffffff9c][0xffffffef][0xffffffcf][0xffffffe1]fz[0xffffff8b][0xffffff9e][0xffffffe0][0xffffffd9][0xfffffff7]s[0xffffffbc]u[0xffffffd4]/[0x12][0xffffffdc]YC[0xffffffb1][0x1f]8[0xfffffff7][0xffffffee][0xffffffb0][0xffffffd3][0xfffffff6][0xffffffe8]j[0xffffffcf][0x6][0xffffff9d][0xffffff96][0xfffffff1][0xffffff90]iz[0xffffff87][0xffffffeb]%[0xffffffa2][0x10]HW[0xffffffd8];[0xffffffdf].[0xffffffd7][0xffffffe9][0xffffff92][0xffffffd0][0xffffff94][0xffffffad]?u[0xfffffff1][0xffffffba][0xffffffaf][0x1d][0xfffffff0][0xffffffd6]9[0xffffffed][0xffffff9d][0xffffffda][0xffffff9b][0x1e][0x13]d_[0xffffffd3][0xffffffa7][0xffffffb4][0xffffffe3][0xffffffdd].n[0xffffffd5][0xfffffffb]k[0x1c]1>[0xffffffe6][0x16]T[0x7f]}[0x1a][0xffffff89][0xffffff82][0xffffffd0][0xffffff87][0xffffffe0]rY[0xffffff9b][0xffffffe5]&{[0x1d][0xffffffbe][0xffffff89][0xffffffa8]~5[0xffffff9e][0xffffffdc]y[0xffffff87][0xffffffdd]U<Z[0xffffff8c][0xffffff9d][0xffffff9e][0xffffff9c]`[0x13]([0xffffffd9][0xffffffcd][0xffffffcb][0xffffffb8][0xfffffff3]I][0xffffff88]~[0x9][0xffffffd3]6[0xffffffc0][0xfffffff3][0x13][0x1d][0xffffffb6]Ei[0xffffff83][0x6]([0xffffffd6][0xffffff81]Df[0xfffffff8]9[0xffffffd6][0xffffff88][0xffffff8a][0xfffffff5][0xffffff9b][0xffffff8b]}[0xffffffea][0xffffff8c]aP4g[0xffffffe8][0xffffff8b][0x5][0xffffffe7]G[0xffffffe6][0xffffff98][0x18]b[0xfffffff9][0x6][0x3][0xffffffbe]:2QCW[0xffffffc9][0xffffffd2][0xffffffc6][0xffffffdc]#VM|[0xffffff93][0xfffffff2][0xffffffe1][0xfffffff9][0xffffffae]{[0xffffffa3]B[0xffffff92][0xffffffc8]j[0xfffffff8][0xffffff82]w[\r]V[0x14]K[0x1b][0x18][0xffffff9f]g[0xfffffff0][0xffffffbd][0xffffffe8][0xffffffe8][0xffffff9f][0xffffffdd]v[0xffffffc6],k,Q[0xffffff95][0x17][0xffffffc4][0x1c][0xfffffff6][0xffffff9b][0xffffffa1][0xffffffb2]z[0x9][0xffffffc9][0x3][0xfffffff7][0x4]?[0xc][0xffffff9b][0xfffffffb]}[0xffffffe8]-[0xffffffc9]#[0xffffffdd]W[0x13]R[0xffffffb7][0x1d][0xffffffae]uF@[0xffffff92])3[0xffffffd2]:[0xffffff88][0xffffffe0][0xfffffffb]r0[0x16][0xffffffa8][0xffffffce][0xffffffb1]sv[0xffffffd5]7[0xffffffa9]T[0xffffffe9]9B_H[0xffffffd9][0xb][0xffffff8a][0xffffffee]C[0xffffffb9]Z`[0xffffff93][0xffffffb6][0xffffffde]$[0xffffffea]E[0xffffffe7][0xffffffbc][0xffffffa2]rKd9[0x7f][0xffffff9c];[0xffffffd0][0xffffff94]r[0xffffffe4][0xffffffc7]CX[B[0xffffffcf]![0x2][0xffffffe6][0xfffffffe][0xfffffff9]4[0xffffffcf][0xffffffcf][0xffffffc2][0xffffff93][0x2][0xffffffe3][0xffffffd3][0x1c]2[0x1e][0xffffff97][0xffffffc4]!5[0xffffffc7][0xffffffc8]xT[0xffffff83][0xfffffffd]`[\n]"
09:46:43.421 [main] DEBUG com.github.dockerjava.zerodep.shaded.org.apache.hc.client5.http.wire -- http-outgoing-2 << "[0xffffff8f][0xffffffcb][0xffffff95]w[0x2]4J[0xffffffb0][0xffffffde]LB~[0x19][0xffffffdb]C[0xffffff90][0xffffffff][0xffffffb5]5[0xffffffb1]H[0xffffff94][0xffffffc6]biC[0xfffffffc]C[0xffffff9f][0xffffffd0][0xfffffff9][0xffffffce][0xffffffe7][0xffffffbd]vu[0xffffffba][0xffffffa3]oO[0xffffffeb]#"[0xffffffcf][0xffffffc9][0xffffff96][0x2][0xffffff82][0xffffffda][0xffffff9c][0xffffffaa]r[0xffffffd2][0xffffffa8][0xffffff96]}[0xffffffab][0x8]c[0xfffffff1]I[0xfffffffc]O[0xffffffc6]q5[0x7][0x15][0xffffffd0][0x2][0xfffffff4]bj~F!U[0xffffff8e]>[0xffffffca][0xffffff98][0xfffffff3][0xffffffa8]1[0xfffffffe]"[0xffffffd2][0xffffff89]#[0xffffffd9][0xffffffcd][0xffffff9a]V[0xffffffea]z[0xffffffa7][0xffffffc4][0xffffffa0][0xffffff9e][0xffffffa9]7#3[0xffffffed][0xffffffc8][0xffffffe6]~[0xffffffa7]l[0x11]`9:[0xffffffc1][0xffffff8d][0xffffffa5][0xffffffbe][0xffffff87][0xffffffa8]V[0xffffffa3]o[0xffffff8f]K[0xffffffc6]n[0xffffffbe]4[0xffffffeb]!){[0xffffffc5]@}s[0xffffffa2][0xffffffa8]:h> [0xffffff90]U[0xffffff9b][0xfffffff0]:Oy|[0xffffff90][0xffffffe7]F[0xffffffbc]"[0xffffffa4]_[0xffffffc6]\@[0xffffffa1]Xw[0xfffffffc][0xfffffff2][0xffffff96][0xffffffaa]+[0xffffff96][0xffffff8e]JE[0xffffffc6][0xffffffe5][0xffffff9e][0xffffffae])5[0xffffffd9][0xffffffae]8[0xffffff98][0x7f][0xffffffd3]=<[0xffffff9b][0xffffffac][0xffffff88][0xffffff9f][0xffffffa0][0xffffffb8][0xffffffa3][0xffffffc8][0xffffffe7]K_d[0xffffffa5]R[0xfffffff4]-[0xffffffd3][0xffffffe9][0xffffffb8][0xffffff84][0xffffff8b][0xffffff8c][0xffffffa9][0xffffffaf]p[0xffffff88][0xc][[0xffffff92][0x1][0xffffffc4][0xffffffc5][0xffffffbb]/[0xffffff8f]P[0x1] [0xffffffc1][0x2][0x19][0xffffffdb][0xffffffd6][0xffffffa7]h[0xffffffd6][0xffffff99]~[0xffffffb2]K[0xffffff9e][0xffffffa1][0xffffffbb][0xffffffa1][0xffffff8e][0xffffffc5][0xffffff97]`[0x9][0xffffffd4];=[0xffffffc8]r[0xffffffd1][0xffffff86][0x1b]48[0xffffffe7]Y[0xffffffd4]_2&[0x1e],[0xfffffff6]9Ib0[0xffffffb5]3[0x4]rDS[0xffffffd2]J[0xffffff8b][0xffffffc3]LP[0xffffff96][0xffffffbe]*[0xffffff9d][0xffffffec]%[0x7][0xffffffc7][0xffffff9c][0x7f]c[0xffffffbc][0x1e]<[0xffffffa6][0xffffff89]([0xffffff8f][0xffffffcf][0x12]UU[0x12][0xffffffb3][0xffffffcf]4^[0xffffffca]X4[0x10]qm[0xffffffd3][0xffffffc8]|[0xffffffdd][0xffffffb7][0x7f][0xffffffd8][0xffffffa8][0xffffff96][0xffffffb8][0x1e][0xffffff9b],[0xffffffe7]Dc[0x7f][0x18]T O[0xfffffff0][0xffffffe6]`k[0xffffffc9][0xffffffc7][0xffffffdf]c[0xffffffb2][0xffffffeb][0xffffffcf][0xffffffcc]<=8[0xffffff9e][0xffffffc0][0xfffffff4][0xffffffc4],[0xffffff87][0xfffffff7]8[0xffffff83][0xffffffee] t[0xffffffef]a[0xffffffde][0x8]hsx[0xffffffc9]%[0xfffffffc][0xffffffd2][0xfffffff6][0xffffff86]9[0x4]_[0x1a]'[0xffffffe8][0xffffffbb]Bn[0xffffffb5][0x14]I[0xffffffee]{[0xfffffff5]u'[0xffffffab][0xfffffff3][0xffffff8e][0x11]V[0xffffffb8]%[0xffffffef][0xffffffba][0xfffffff3]9[0xffffffe4]W/[0xffffffe3][0xffffffaa]PH[0xffffffde]s@[0xfffffff1][0xb][0xfffffff8][0xfffffffe][0xfffffff4][0xffffff98][0xffffffe1]{[0xffffffdc][0xfffffff5][0xfffffff6]x[0xfffffffd][0xffffffcd]L[0xffffff9d][0xfffffff7][0xffffff89][0xffffffe0][0xfffffff1]~[0xffffffee]+[0xffffff95][0xffffff91][0xffffffea][0x11][0xffffffac][0xffffff9c][0x9][0xffffffc8]t[0xfffffffa][0xffffffcb][0x14][0xffffffd9]9[0xffffffe0][0xffffffaf][0x14][0xffffffd0]g; [0x10][0xffffffa1]o[0xffffffee].[0xc][0xffffffe4]V[0xffffffa1][0xffffffe7][0xfffffffd]y[0xffffffbe][0xfffffff6][[0xffffffef][0xffffffbe][0xfffffff8][0xffffffd5][0xffffff87]#[0xffffffb2]\[0xffffffca][0xffffffde][0x11][0x19]x[0xc][0x5][0xffffffd0]5F4@[0xffffffda][0x5][0x8]E[0xffffffeb]4[0x1f]Yw[0xffffffc0]B1[0xb]B[0xf]7;_[0xffffff8d]}[0xffffffc0][0x17]+1[0xffffffe3]mY[0xffffffe4][0xfffffff7][0xffffffff][0xffffffda]E[0xffffffff]as[0xffffffe7][0xffffffe3]j[0x8][0xffffffb2]0[0xffffffd8][0xffffff98][0xffffff90]1C&#[0xffffffd2]([0xfffffff7]e[0xfffffff5]9[0xffffff9c][0xffffffb4]U[0xffffffc4]a[0xffffffec][0xffffff94]Y[0xffffffc3][0xfffffff9][0xffffff99]#[0xffffff89]_*[0xffffffb7]_l]e|][0xffffffa9][0x8][0xffffff8d]|}[0xfffffff4][0xffffffa5]@ [0xffffffd7][0xffffffae]%[0xffffffc6]}B[0xffffffeb][0x1b][0xfffffff5][0xffffff88]>7[0xffffff93][$[0xffffff93]"[0xffffff94][0xffffff9c]|[0xffffffcb][0xffffffb9][0xffffffe4][0xffffffcf][0xffffff88][0x15]'e[0x2][0xffffffd5]d-[0x17]d[0x3][0xffffff89][0xfffffffc][0xfffffffa][0xffffffc1]l>[0xfffffffa]'+[0xffffffaf];,d[0xffffffec]^[0xffffffc4][0xffffff93][0xfffffff9][0xfffffff5]w[0xffffff97][0xffffffb9][0xffffffc2]q[0x19][0xffffff98]T[0xffffffe2][0xffffffb5][0xffffffe4]k[0xffffffe6]I(jN[0xffffffdc]Q^[0xffffffd3][0xffffffaa][0xffffffe0][0xffffffd1]m[0xffffff9f]t[0xffffff80][0x3]N[0xffffffd4][0x8][0x1e]~[0xffffff8c];[0xffffff8e][0xffffffc2]$[0xffffff9b]p[0xffffffaa][0xfffffff3]I[0xffffff87][0x1e]Rt[0xffffffa8]*R[0xffffffc9][0xffffff82][0xffffff9e]X[0x19][0xffffffc5]H[0xffffffa1][0xffffffe5][0xffffffb6][0xffffffe5][0xffffff8d][0xffffffe9]{Q[0xffffffbf]bRSLf[0xffffffde][0xffffffce]. [0xffffffc1][0xffffffba]%pVh[0xffffffdd][0x7f]`/Q0h[0xffffffdc][0xe][0xffffff8e]i[0xffffffc8][0x10][0xffffffde][0x19]A[0xffffffe3][0xb][0x17][0xffffffa6][0xffffffbb][0x1d]%*Y[0xffffffdd]>[0xffffff84][0xffffff86][0xffffffb8][0xffffffa4][0xfffffff3][0xffffffc0][0x10][0xffffff81]B[0xffffffc2][0xffffff8b][0xffffffcd][0xffffff99]=l6[0xffffff9e][0x14][0x8][0xffffffa4]o#5LP[0xffffffa8]Nh[0xffffffb3]<[0xffffffb1][0xffffffb9][0xffffffa2]<[0xffffff9d][0xffffffbd][0xffffffce][0xffffffa6]Z[0xfffffff6][0xffffffe6][0xffffff82][0xffffffec][0xffffff8f]}?-[0xffffff86]a[0xffffffed]W[0xffffffd9][0xffffffe5][0xffffffa8][0xffffff9c][0xffffffd4][0xffffff90][0xffffff8c]0[0xb]Hj[0xffffffbe][0x9][0xffffffe5]#[0xffffffa6][0xffffff8c][0x13][0xffffffc9][0x14]+[0xfffffff8][0xffffff82][0xffffffdb][0x1f][0xffffffe2][0xffffffb7][0xffffffcf][0xffffffd7][0xffffff85][0xffffffda]H[0xffffffc7][0xffffffd0][0xffffffdf][0xfffffffa][0xfffffffc].[0xffffffeb][0xfffffff8][0xffffffd8][0xfffffff4][0xffffffe2][0xffffffbf][0xffffffb2]7[0xffffffd4][0xffffffcc]j[\n]"
09:46:43.423 [main] DEBUG com.github.dockerjava.zerodep.shaded.org.apache.hc.client5.http.wire -- http-outgoing-2 << "9[0x13]<[0xffffffd5][0xffffffae]6[0xfffffff3]=[0xffffffe6][0x7][0xffffffa0][0xffffff8f]@[0xffffffb5]L[0x1c]HH[0x9]A}[0xffffffcf][0xffffff8d]0[0xffffff9f]W;[0xffffff9e]c[0xffffff94]j7u[0x1a].C[0x1c]J5u[0xffffffb1]f[0xffffff85]]i[0xffffffc1][0xffffffa1]M[0xffffff82]")f[0xffffffc5]aP[\n]"
09:46:43.424 [main] DEBUG com.github.dockerjava.zerodep.shaded.org.apache.hc.client5.http.wire -- http-outgoing-2 << "p[0xfffffff2] [0xffffffc8]s[0xffffff87][0xffffffb5][0xffffffd9]'[0xffffff91][0xffffffed]6[0xffffffe3][0xffffff99][0xffffffe2]"[0xffffffc7]kS}[0xffffff97][0xffffffd5]w[0xffffff99]1;[0xffffff85]6[0xffffffcc]=%m`U[0xffffffa9][0x1e][0x17][0xfffffff6][0xffffffad][0xffffffaa][0xffffff83]'Jk[0xffffffcc]u[0x17]*[0xffffffbc][0xffffffb5]([0xffffffae]N[0xffffff82]O_[0xfffffffb][0xffffff9d]e[0x7][0xffffff84][0xffffffc3][0xffffffd6][0xffffffc5][0xfffffff4]\U[0xffffffed][0xffffffc7][0xffffff97]6[0xffffff85][0xffffffe8][0xffffffd8]Y@2x[0xfffffff2][0xffffff82][0xffffffdc][0xffffffe2][0xffffffb5][0xffffffff][0xffffffb6][0x16][0xfffffff2]0e[0xffffffe9][0xffffff87]a[0xffffffc0][0xffffff9d][0xfffffff3]H[0xfffffff5][0xffffffe4]LM1VX[0x1e]{a[0xffffffc5]H[0xffffffcd][0xffffff91][0xffffff84][0xffffff8a]>[0xffffff92][0xffffffda][0x17][0x1c][0xffffffd6][0xffffffea]$1K[0x7](~B[0xffffffbf][0xffffffd9][0xfffffffd]]/[0xffffffd4][0xffffffbe][0xffffffd5]v[0x1a][0xffffffc5]/[0xffffffa5][0xffffffd5]'![0xffffff8d][0xffffff8c]\[0xffffffdc]R1z[0xffffffe0]M[0xffffffa0]6[0xffffff90][0xffffffd3][0xffffffd1]/A[0xffffffaa][0xffffff81][0xfffffff0]m_[0x1b][0xffffffa4]i[0x2][0x1b]j[0xffffffaf]e[0xffffffbc]Y[0xffffffb2][0xffffffd4][0xffffffba][0x1d][0xffffffaa][0xffffff9e][0xffffff97]0a[0xffffffd7]}[0xffffffd8][0xffffffc5]5e[0xffffffa9][0xffffffac][0xfffffff1]G[0xffffff8c]C[0xffffffa6]l[0xffffff8d]E[0xfffffffd][0xfffffff2][0xffffffea][0xf]m[0xffffffa9]s[0xffffff9a][0xffffffb6][0xffffff94]sI;[0xffffffc3][0xffffffb5][0x8][0xfffffff8]X0[0xffffff99]E[0x1d][0xffffffb8][0xffffffee][0xffffffa0]LM[0xfffffff0][0xfffffff9],@[0xffffffd9]f[0xffffffe9][0xc]n[0xffffffd1]g[0xffffffef][0xffffffd2]}@[0xffffffa4][0x1a]m3[0xffffff93][0xffffffc1][0xffffffe7]E[0x1d]JD[0xffffffea][0xffffffb1][0x1b]fb[0x2][0xffffffcb]_[0xffffffd5]')?8c[0xffffffb2]X,[0xffffffb5][0xffffff99]UZ[0xffffffd2]<[0xffffffce][0x12][0xfffffff2]&[0xfffffff1][0x1d][0xb][0x6][0xffffffdc][0xffffffcb]m[0xffffffaa]|'B[0xffffffad][0xffffffa5]D[0x7f]=[0xffffff85]>[0xffffffff]n[0x18][0x19]R[0xfffffffb][0xffffffb5][0xfffffff6]f/[0xffffffa7]a[0xffffffec][0xffffff99]on[0xffffffe5]c[0xffffffa1][0xffffffb2]*/:>6[0xffffffc6][0xffffffce]E[0xffffff86] [0xffffffd7][0xffffffc7][0x1b][0xffffffac][0xffffffd0][0xffffffad]Led-[p[0xfffffff8][0xffffffad]t7[0xfffffff9]}[0xffffffa2][0xffffff90][0xffffffbc]F[0xfffffff8]0Dt[0xffffff8a]r[0xb][0xffffff8b][0xffffffe6][0xffffffb0][0xffffffda]Y[0xffffffdb]a[0xffffffc4]8[0x0][0xffffffff][0xffffffc3]{[0xffffff9f][0x2]$[0xffffffe6][0xffffffae][0xffffff80][0x1e][0x1b]g[0xffffffb1]`wE=[0xffffff9f][0xfffffffb][0xffffff8c][0xffffffdd][0xffffffda]O`A[0xffffffa7][0x9][0xffffffd1])[0x8]4e[0xfffffffd][0x1d][0x1a][0xffffffa9][0xffffff99]S[0xffffffa5]g;[0xffffff8b][0xffffffa6][0xfffffffe]"[0xffffffb0]gM[0xffffffc5][0xfffffff2]%[0xffffffe0][0x1]$[0xffffffe2]p0&5[0xffffffc6]D[0xffffff90]n[0xffffff95][0xfffffffb][0x14][0xffffffef][0xffffffd2][0xffffffa0][0xffffffbd]}[0xc]-[0xffffff89][0xffffffd0][0xffffffe6]f>[0xffffff9c][0xfffffff8][0xffffff90]~[0xffffffdb]{[0xfffffff1][0xffffff85][0xffffff93][0x15]N[0xfffffff5][0xffffffcd]A!<[0xffffffb8][0xffffffdf]M![0xffffffa8][0xffffff91][0xffffffdc][0xffffffd2][0xffffffb8][0xffffff99]1=*[0xffffff97]|[0xffffffea][0xfffffffb][0xffffffac][0xffffffb8][0xffffffb7]?[0x6][0xffffff95][0xffffff80][0xffffffc7][0xffffffc3]$6[0xffffffd2][0xffffffa5]#$[0xffffffd6][0xffffffc5]?[0xffffffbd]L[0xffffff99]i[0xfffffff1]0[0xffffffa0]&?[[0xffffffbd][0xffffffa4][0xffffff8b][0xffffff8e][0xf]")[0xffffffcf][0xffffff8b][0xffffffdb]0w[0xffffff96][0x1f]G[0x1b][0xffffff9f]C[0xffffff99][0xffffffb7]Z[0x10]fpG*[0x2][0xffffffa7]>[0xffffffb9]N[0xffffffc0]5[0xfffffff1]f[0x19][0xffffff82][0xffffffd1]<[0xffffff98][0x1e][0x1d]10,&[0xfffffff6][0xfffffff9]UP[0xffffff9f][0xffffffec]{[0xffffff99])[0xffffffa9]U[0xffffff8b]U,[0xfffffffb][0xffffffa3][0xfffffff6][0xfffffff4]t[0xfffffffb]7[0xfffffffb][0xffffffbc][0xffffff85][0x6]u[0xffffffc3][0xffffffbc][\n]"
09:46:43.424 [main] DEBUG com.github.dockerjava.zerodep.shaded.org.apache.hc.client5.http.wire -- http-outgoing-2 << "v[0xffffffe6],Fx[0x15]7[0xffffffbe]&[0xffffffe3][0xffffff85][0xfffffff8][0xffffffa0]J,[0xfffffff0][0xffffff98]9[0xfffffff3][0xffffff82]/[0xfffffffb]3[0xffffffc5][0x10]p[0xffffff8b][0xfffffffd][0x1e][0x1b][0xffffffc1][0xffffffc6][\n]"
09:46:43.424 [main] DEBUG com.github.dockerjava.zerodep.shaded.org.apache.hc.client5.http.wire -- http-outgoing-2 << "[0x17][0xffffffd6]n[0xfffffffc][0xffffff9c][0x1b][0xffffffdb][0xffffff88][0x4][0xffffffa8][0xffffffb6][0xffffffc4]c^[0xffffffe6][0xffffffd6][0xffffff90][0xfffffff5][0x7f]bF[0x1c][0xe][0xffffffac][0x13][0xfffffffe]Q[0xffffff8f]c[0xffffffeb][0xffffffd6][0xffffff92]k[0xffffff8a][0xffffffc3][0xffffff80][0xffffffc1][0xffffffbe]z[0x6][0xffffff8b][0xffffffd6];/[0xffffff83]s[0x12]h[0xffffff9a]y[0xffffffb4][0xffffff9d]M[0xffffff9e]L[0xffffff81]xY{[0xffffffec][0x0][0xffffff8b][0xffffffa8]'[0xffffff9b]H[0xffffffc6][0xffffffa8][0xffffffbe][0xffffffa4][0xffffffbc][0x9][0xffffffdb]So,[0x19]A3[0x17][0xffffffc5]^[0xffffff95][0xf][0x1d][0xffffffbe][0xffffffa6][0x18]o[0xfffffff4]+[0xffffffb6][0xffffff97][l[0xffffffad][0x17]][0xfffffff9][0xffffffec]XY{[0xffffffb0][0x9][0xfffffff3]i[0xffffffe9][0xffffffaa]xN[0xfffffff0][0xffffffc6][0xffffffab][0x1b][0xffffff8c][\r]_[0xffffffd3][0xffffffc5]([0xffffffca]~,[0x5][0xffffff8e] [0xffffffd5][0xffffffed][0xffffff89][0x10][0xffffffe7][0x8]Gu[0xffffffec]5[0xffffffbb][0xfffffff3]f[0xffffff8a]}/;@[0xfffffff6][0x16]Q[0xffffff91][0xffffffee]2[0xffffff9c][0xffffff8a]pEQ[0xfffffff6][0x11][0xffffffb5]%[0x1][0xfffffff3]TD4E[0xfffffff6]j[0xffffff92][0xffffffc2][0xffffff8b][0xffffff95]h[0xffffff93][0xffffffd2]L\5[0xffffffc2][0xffffffcb][0xffffffa0][\n]"
09:46:43.424 [main] DEBUG com.github.dockerjava.zerodep.shaded.org.apache.hc.client5.http.wire -- http-outgoing-2 << "K9e[0xffffff9c]&&[0xffffffac][0x1c]\[0xffffffad][0xffffff90][0x18][0xfffffffd]7[0x1b]e%[0xffffffea][0x16][0xffffffca]6o*[0xfffffffd]^M[0xffffffc1]n[0xffffffc1]G_[0xffffffb3]N[0xffffffaa][0x12][0xffffffd9]_[0xffffffe9]}J[0xffffffef][0xffffff85]w[0xfffffff6][0xffffff8b][0xffffffa4]:[0x2][0xffffff92][0x0]J[0xffffffce]2[0xffffff84]8h+[0xffffffc1][0xffffffc8][0xffffffaa]@[0x2][0xfffffff8][0x7][0x0][0xffffffb3][0xffffffd3]F[0xffffffc6]w[0xffffffad][0xffffffb2]([0x7][0xffffffdf][0xffffff97]'[0xffffffb9]&J,x[0xffffffb1]a<[0xffffff86]x[0x1][0xffffff8a]Ol[0xffffffbd][0xffffffa8][0xffffffad]([0xffffffa3][0xfffffff1]Z[0xffffffc2][0x17][0xfffffff9][0xffffffc6]d[0xffffffba];[0xffffff8f]y[0xf]KV[0xffffffee][0xffffffc8]ZG|Q83[0xffffffbc]I[0x1c][0x1c]9[0xffffffd3]![0xffffffe8]z[0xffffff81][0xffffffa4]`?[0x3]T[0xffffffc8][0x1f][0xffffffff][0xffffffc1]d[0xffffffb1][0xffffffd9]d2[0xffffff84]N[0xfffffffa][0xffffffcd][0xffffffae]i([0xfffffff3][0xffffffcd][0xffffffd5][0xffffff80][0xffffff8e][0x1e][0xffffffc9][0x17][0xffffffc7]nM^3[0xffffffe3][0x18][0xffffff85]4&[0xffffffc7]`YI[0xffffffb2][0xffffffa5]@[0xffffffb9][0xffffffef][0xffffff8f][0xffffffab][0xffffff8e][0xffffffd6][0xffffffbc][0xffffffca][0xffffffef][0xffffff90][0xffffffee][0xffffff82][0xfffffff6]J[0x3][0xffffffb9][0xffffffa5][0xfffffff5][0xffffffdd][0xffffffac][0x10]vc[0xffffffc2][0xffffffa7][0xffffffee]W[0xffffff89]p[0xffffffb9][0xfffffff8]|[0xfffffffa]p[0xffffffa5][0x4][0x3][0xffffffc3][0xffffffcd][0xffffffdd][0xfffffffd][0xffffff99][0x14]g[0x6][0xffffffbe][0xffffffce]t.[0xffffffd0]_3][0xffffffad][0x16][0xffffffb8]nL[0x0][0x0][0xffffffc6][0xffffffd8][0x1f][0xffffff9d]L[0xffffffc9][0xffffff9c][0x7f].~[0xffffffc9][0xfffffffd]O[0x3][0xffffffc2][0xffffffeb][0xffffff82][0xf][0xffffffbd][0xffffffad][0xffffffbf]>[0xc][0xffffffc7][0xffffff93][0xfffffffe]f[0xfffffffd][0xfffffff4]R;o[0xffffffc3][0xffffffe9][0xffffffc9][0xffffffba]Mp[0xffffffc0]em[0x1a]x-[0xffffff86][0x1b]c?[0xfffffffa][0xffffffc3][0xffffffad][0xffffffd7][0xffffffe9][0xffffffce]d[0xffffffe3][0xffffffcf][0xffffffaa][0xffffffbf]\[0xffffffda][0xffffffe9]ld%bb[0xffffff98](Q[0xffffffdf][0x1f]EI[0xffffffa3]?[0xffffff9f][0xffffffc1]'[0xffffffff]R~[0xffffffe5][0xfffffffb][0xffffffbf][0xffffff94][0x11][\r][0x1][0xffffffb2][0xffffffc6][0xffffff9f][0xffffffeb]b[0x1a] Y[0x2][0xffffffe6]b>G'X[0xffffffa0]B;[0xffffffce][0xffffffd0] cn[0xffffffda][0xffffffca]W[0xffffffdf]<r[0xffffffae][0xffffffb6][0xffffff86]d[0x10][0xffffff93][0xffffffc0][0xfffffff3],4[0xffffffed][0xffffffa7][0x16]B[0xffffff9f][0xffffffaf]4[0xffffffdc][0xffffffef]ws(M2[0xffffffc3][\r]csuO[0xffffffca][0xffffffb0]u[0x7f]3'Mb[0xffffffbf][\r][0x0][0x0]60[0x0][0xffffffa8][0x18]@[0xffffffb6][0xfffffff8]S[0x9][\r][0xffffff94][0xffffffff][0xffffffef]>[0xffffff84][0xffffffd9]G[0xffffffd3]I[0xffffff95][0xffffff92][0xfffffffc]`@[0x1][0x5][0xffffff8e]_[0xffffff81][0xfffffff3]M>)\[0xfffffff1]X[0xffffff8c][0xffffffe9]J[0xffffffc8][0xffffffc3]E[0xffffff8b][0xffffffd8][0xffffffc4][0xffffffde]N[0x14][0xffffffad][0xfffffffb]~[0x7][\n]"
09:46:43.424 [main] DEBUG com.github.dockerjava.zerodep.shaded.org.apache.hc.client5.http.wire -- http-outgoing-2 << "[0x5][0xffffff81]W[0xffffffa5]/[0xffffffac][\n]"
09:46:43.424 [main] DEBUG com.github.dockerjava.zerodep.shaded.org.apache.hc.client5.http.wire -- http-outgoing-2 << "$[0xffffff85]c[\n]"
09:46:43.424 [main] DEBUG com.github.dockerjava.zerodep.shaded.org.apache.hc.client5.http.wire -- http-outgoing-2 << "qe[0xf][0xffffff8f][0xffffffb8]M[0xffffffb3][0xffffffe1][0xffffff9b][[0xffffff96][0xffffffb5]T4[0xffffffaa]17[0xffffffbd]^>[0xffffff90][0xffffff8e][0x2][0xffffffe4][0xffffffb7][0xffffffd5]l[0xfffffff5][0x9]v][0x9]8[0xffffff9f]$[0xffffffe6][0xffffffbe]G[0xffffffcb]G[0x1a][0x5][0xffffffeb]B[0xffffff83][0xffffffcb][0xffffff84][0xffffffb8]0q[0xffffff8c][0xffffff99]t[0xffffffc1][0xffffffde]+[0xc][0xffffffe3][0xffffffe0][0xffffffa5][0xfffffff3][0x1f][0x0] [0xfffffff6][0xffffffe9][0xfffffff1]ml[0xffffffef][0x12][0xfffffff3][0xffffff82]af[0x18][0xffffffba][0xffffffa4]Y[0xffffffca][0xffffffe3]Nc[0xffffffe3]9[0xffffffdd]4[0xffffffef][0xffffffe2]g[0x7][0xffffffa3]|[0xffffffbd]x>[0xffffffd2][0xfffffff4])[0xffffff9f]kX<Kv[0x8][0xffffff8a][0xfffffffb]\[0xffffffca][0xffffff82][0xffffffd9][0xe][0xffffffa3][0xffffffa2][0xffffffbe]<[0xfffffff6][0xffffff87][0xffffff9f]N[0xffffffc9][0xfffffff9][0xb][0xffffffc5]N.V[0xffffff8c][0xffffff96][0xffffffdd][0xffffffab][0x1a][0x1d]l[0xffffffbc][0xffffff8f][0xffffffcf][0xffffffb8]D[0xffffffbd]:[0xffffffc2][0xffffff9b]^[0xffffffb5]6[0xffffffbf][0x17][0x1e]|[0xffffff9a];[0xffffffe0][0x1e][0xffffffcc][0xffffffe7]:![0xffffffc3]{[0xffffff8c]N[0xffffffcf][0xffffffa5][0xffffffb4][0xffffffc8]N[0xffffffbb][0xfffffffd]n[0xffffffd5]Q[0x1b][0xfffffff9][0xffffffbc][0xffffff9d][0xffffff96]MZ[0xffffffae][0xffffffb2][0xfffffffe]c[0xfffffffd][0xfffffff6]#M[0xffffffec][0xffffffa6][0xffffffaa][0x16][0xffffff8f][0x19][0xffffffc5][0xffffffb6]E[0x1f][0xffffff8a]7[0x17]{[0xffffffeb][0xffffff93]h[0xffffffd0][0xffffffa7][0xffffff9a][0xffffffd0]'[0xffffffc3]nI[0x11]c[0xffffffad]P[0xffffffe5]A[0xffffffa0][0xffffff80][0xfffffff1].[0xffffff89],[0xffffffbe][0xffffffe1][0xffffffa8][0xffffffdb]:2[0xffffff80][0xffffffbd][0xffffff92]Yd[0xffffffc4]z>Q'**[0xb][0xffffff82][0xffffff9f][\r][0x17][0xffffff89][0xffffffd2][0x9][0xffffff9a]r[[0xffffff98][0xfffffff2]N[0x14]Q3_V[0x4]A[0xffffffbc]!'[0xffffff9b]K[0xffffffd5]>b[0xfffffff8]A[0xffffffe1]|[0xffffffcf][0xffffff91][0xffffff96][0x18]-[0xfffffff6][0xffffffee]x),[0xffffff89][0xb][0xffffff82][0xffffffaf][0xffffffa4][0xffffffb0][0xffffffd7][0xffffffa7][0xffffffb5][0x8][0xffffff9f][0xffffffa2][0xffffffe1][0x1d][0xffffffb2][0xb][0xffffffb2][0xfffffff1]Ry[0xffffffb2][0xffffffb7]9[0xffffffc4]1[0xfffffff7][\n]"
09:46:43.424 [main] DEBUG com.github.dockerjava.zerodep.shaded.org.apache.hc.client5.http.wire -- http-outgoing-2 << "M[0x9][\r][0xffffffa2]2[0xffffffb9]hw[0xffffffea]RD[0xffffff86][0xffffff90][0xfffffffa]w[0xffffffdd][0x18][0xffffffd2][0xffffffd1]UH[0xffffffb3]`[0xffffff9d][0xfffffffd][0xfffffff6][0xffffff82]nT70k\[0xb][0xffffffa2][0xffffff89][0xffffffe1][0xffffffed][0xffffffbc][0xffffffb7][0x1b][0x1c]a[0x1a]n[0xffffff9d]K[0xffffff91][0xffffff88][0xffffff97][0xffffffec]Xkc?[0xffffff82]q[0xffffff8a]'A0[0x3]/[0x12][0xffffffd3][0xffffffea]v[0xffffffeb]F[0xfffffffa][0xfffffff8]][0xffffff99]![0xffffffb5]Y[0xffffffa7]U[0xffffffbd][0x11][0xffffffa2][0xffffffa1][0xffffff9f][0xffffffa9][0xffffffe9][0xffffffc6][0xffffff92]J[0xfffffffd]b[0xffffff99]_I[0xffffff82];5[0xffffffd7][0xfffffff1][0xffffffd9][0xffffff9b][0xffffff89][0xb]f[0xffffff92][0xffffffe1](u@84[0xfffffff0][0xffffffbb],AB[0xffffffa9]|q[0xffffffde]dL[0xffffffdc]qf[0xffffffe5][0xffffffee][0xffffff9d]z[0xffffffab][0x17]{[0xffffffe5]h[0xffffffa4][0xffffff9b][0xffffffb1]ou[0xffffffa4]A[0xfffffff1][0x1a][0x16][0xffffffb4][0xffffffc7].[0xffffffb3][0xffffffa1][0x8][0x14]D[0xffffff80]o[0xffffffe3][0xffffffc1].[0xffffffd2][0xffffffb5]|[0xffffffe6]p[0xffffffff][0xffffff9d][0x17]+[0x14][0xffffffe2]][0x1a][0x1c][0xffffffa5]By [0x2][0x0][0xffffffa8]<[0xc][0x0][0xffffff98][0x2]dO?[0xffffffd7][0xffffffcb]t[0xfffffffe]lG[0xffffffa9]R#8N[0x0]S[0x16][0xffffffcf][0xffffff8c][0xffffff88][0xffffff80][0xffffff9f][0x7f][0xffffffe9]g\[0xffffff81][0xffffff84][0xffffff8a][0xffffffa5];[0xffffff89],0.\l[0xffffff8b][0xfffffffe][0xffffffa4][0xffffffff]5 (3[0xffffff8d][0xffffffab][0x1a]t[0xffffff9c]][0xffffffe6]*[0xffffffd6][0xffffff95][0xffffff84][0xffffffcb][0x19]D-[0xffffffdd][0xffffffdc][0xfffffff5]?[0xffffffab][0xffffffb8][0xffffffff][0x1c][0xffffff8a]zC[0xffffff98][0x0][0x0]8[0xfffffffc]Qi%[0xffffffc7][0xfffffffb]9[0xe]y@[0xffffffb2][0xfffffff4][0x1c][0xffffffc5]|[0xffffffd2][0x1e][0x2][0x14][0xffffffe1][0xffffffd1][0xffffffb4][0xfffffff1][0xffffffc0][0xffffffa9][0x1b][0xffffff94][0x6][0xf][0xffffffff][0xffffffe3][0xffffffb4][0xfffffff6][0x7f][0xe]\[0xffffffc1]Z[0xffffffbf][0xffffffbf]*[0xffffffad][0xffffff82][0x0]9[0xffffffff][0xffffffcf][0xffffffe5]5[0xe][0xffffff90],[0x3]s1[0xffffff9f]jE[0xffffff86][0xffffffeb][0xe][0xffffff90][0xe][0xffffff99]R[0xffffff91][0x1][0xffffffec][0xffffffdf][0xffffffde][0xf]T[0xffffff97][0xffffffe3][0xfffffffe][0xffffffdf][0xfffffffd][0xc][0xffffffc9]u~.[0xffffff91][0xffffffca][0xfffffffc][0xffffffdd][0xffffff8a]2[0xfffffffb][0xffffff8a][0x8][0xffffffd0][0x2][0xffffffd7][0xffffffa7][0xfffffff0]|[0x16]}[0xffffffe3][0xfffffff3][0xffffffa3][0xffffffc5]D[0xffffffbb]M[0xffffff91][0x1a][0xffffffbd][\r][0xffffffba][0xffffffa1][0xffffffe3]u[0x8][0x7]|[0x7f][0x7]-w;[0xfffffffe]wq[\r]=[0xffffffff]W[0x7f]0[0x15][0xffffff80][0xffffffdc][0xfffffff7]g[0xfffffffb][0x7f][0xfffffffc][0xffffffb3]E[0xffffffa5][\n]"
09:46:43.425 [main] DEBUG com.github.dockerjava.zerodep.shaded.org.apache.hc.client5.http.wire -- http-outgoing-2 << "[0xffffffd0]T[0x3]o[0xffffff85][0xffffffc6]jK)[0xffffffaf][0xffffff89][0x1b]#%[0xffffff9e][0x1]O[0xfffffff4][0xffffffcd][0xffffffbc][0x1d][0xffffffa0][0xffffffae];/}[0xffffffb5]1[[0xffffffa1][0xffffffaf][0xffffff9f]a[0xffffffee][0xfffffff8][0xffffffcd][0x14]J[0x14][0xffffff93][0xffffffa9][0xffffffff][0xffffffb2][0xffffff8d]>[0xc][0x0]p[0x3][0xffffffe4][0xffffffb9]?[0xffffff9b][0xffffff9b][0x9]$[0xffffffeb][0xffffff8b][0xffffffa3][0xffffff98][0xf]0[0xffffffc3][0xffffff85]L[0x1f][0xffffff83][0xffffffff];[0xffffffdd][0x0]5[0xffffffbf][0x1b][0x0][0x0]D`[0x0][0xffffff80][0x3] [0xffffffef][0xfffffffe][0xffffffd9][0xffffffc8][0xc] Y_[0xffffffcd][0xffffffc5]|[0x0][0xffffffb0][0xffffff9e]%[0xffffff9a][0xffffffdf][0xffffffdd][0xffffffe5]R[0x16][0x17][0x0][0x0]![0x18][0x0][0xffffffe8][0x2][0xffffffc8][0xffffffb7][0x7f][0xffffffb6]m[0xffffffd3][0xffffffdf][0xffffff8c]N[0xfffffff6]Q[0xffffffcb][0xffffffe4]a[0xe][0xffffffc0]ZO[0xffffffba]d[0xffffffb4][\n]"
09:46:43.425 [main] DEBUG com.github.dockerjava.zerodep.shaded.org.apache.hc.client5.http.wire -- http-outgoing-2 << "[0xffffff97]5Q[0xfffffff9][0xffffffe5][0xffffffae]+[0xe][0xffffffe3]+J[0xffffff99][0xffffff8b][0xffffff99][0xffffffc8][0xffffffed]j.1[0x0][0x1f]][0xfffffff6]m[0xffffffd6][0xffffff93][0xffffffe1]![0x2]S[0xffffff97][0x1d][0xffffff85][0xffffff9b][0xffffffc7][0xffffffaf][0xffffff8d][0xffffffae]_`M[0xffffffde][0x9][0xfffffff0][0x1d]e3[0xffffff92]sk[0x7f]-2@K[0x1]*[0xffffffdb][0x1f][0xffffff98]4[0xffffffaf][0xffffff9e][0xb]@+[0x15]t[0xffffffe6][0xffffff9e]Q[0xfffffffb][0x1d][0xffffff9c][0xffffffb1]E[0xffffff8e][0xffffffbf]C[0x16][0xffffffc2]f=[\n]"
09:46:43.425 [main] DEBUG com.github.dockerjava.zerodep.shaded.org.apache.hc.client5.http.wire -- http-outgoing-2 << "[0x13][0xffffffd4]S&[0xffffffe8]2R#[0x11][0x0]%d[0xfffffff4][0xffffffd2]~)[0x13][0xffffffb2]W[0xffffffc4]f[0xc][0xffffffcf][0xffffffad]k[0xffffffe1][0xfffffff7][0x7][0xffffffe9] [0xffffff89][0xffffff84][0xffffff8b][0xffffff96][0x15]s![0xfffffffd]a[0xffffffd3].[0xffffffd5][0xffffff93][0xffffffb6][0xffffffbf]Y[0xffffffd2][0x1f]X[0xffffffd9]([0xc][0x0][0xffffffe8][0x0][0x14][0xffffff90]?[0xffffffe7]/[0xffffffe5]?[0x19]![0xffffff95][0xffffffa6][0xffffffa6][0x1a][0xffffff85][0xffffffa0][0xffffffd9][0xffffffc0]9[0xffffff86][0xffffff9b][0x1c][0xffffffa7][0xfffffff7][0xffffff8a][0xffffffbe]0[0xfffffff1][0xffffffa6][0x1d][0xffffffd6]%z[0xffffff8c][0xffffffaf][0xffffffad]=[0xfffffffb]f[0xffffff84]*[0xfffffffe][0xffffff9c][0xffffffbb]9[0x1a]G[0xffffffc2][0xf][0xffffff91]p[0xffffffe6][0xffffff89][0xffffffbf][0xffffffd3][0xffffff80]&[0x1]\[0xffffffa8][0x13][0x0][0x0]s[0x18][0x0][0xffffffe0][0x1](([0x7f]V[0xffffff93][0x19]$[0xffffffeb][0xffffffc0]Q[0xffffffcc][0xffffffe7][0xffffffdb]z[0xffffffdf][0xffffffd5]hv[0xffffff93][0xffffffc6][0xffffffef][0xe][0xffffff9c]A[0x1a][\n]"
09:46:43.425 [main] DEBUG com.github.dockerjava.zerodep.shaded.org.apache.hc.client5.http.wire -- http-outgoing-2 << "T[0x1][0x0] [0xfffffffa]G[0xffffffcc]P[0xffffff88][0xffffffff][0xffffff9c][0xffffffc6]8@[0xffffffb2][0xffffff8e][0xffffffcc][0xffffffc5]|:X[0xffffffa3][0xffffffdc][0xffffffb4][0xffffffeb][0xffffffa2][0x1b][0xffffffe2][0xffffffd1][0xffffffb7]5[0xffffffb8]~'+Q[0xffffffb2][0xffffffcf][0xffffffbb][0xffffffbf]bF[0x1f][0xffffffa0]0[0xffffffff][0xffffff99][0xfffffff2]P[0xfffffffb][0x1b]&[0xffffffca][0xffffffbe][0xfffffffc][0xffffffb6]w[0xffffffb5]<[0x16][0x19][0xffffff9d][0x18]|[0xffffffa9][0x10][0xffffff92]T[0x3][0xffffffdb][0x1a]e[0xffffffa3][0xffffffcd][0xffffffd2][0xffffffa8]](P[0xffffffed][0xffffff8b][0xffffffa8][0xffffffd4];->[\r][\n]"
09:46:43.425 [main] DEBUG com.github.dockerjava.zerodep.shaded.org.apache.hc.client5.http.wire -- http-outgoing-2 << "[0xffffffa4]b[0x19][0xf][0xffffffff]>[0xffffffe4]1x[0xffffff90][0xffffffd8][0xffffffd5][0x0][0x0][0xffffffb0][0xfffffffa][0xffffffe3]u[0xffffff97][0x14][0x11]?G[0xffffff8f][0xfffffffc][0xffffff9f][0xffffff8c][0xffffff91]J[0xffffff93]9Y[0xffffffb2][0xffffffc5][0x4][0x1e][0xffffffe6][0x10][0xffffff9f][0xffffff91][0x17]h[0xffffffb0]W[0xffffffe4][0xffffff94]"[0xfffffff2][0xffffffb2][0xe]5j[0xffffffd6][0xf]CX[0xffffffc8]/![0xffffff97][0xffffffd8]![0x3]>[0xfffffff0]K[0xffffff8a][0xffffffbf][0xffffff9b][0xc]D1Y[0xffffffe9][0xffffffe8][0xffffffaf][0xffffffd7]]r[0x3][0x14][0xffffffa5][0xffffffff][0xffffff8c][0xffffffa0]lzG1[0xffffff9f]j\[0xffffff96][0xffffffdc][0xffffffad][0xffffffb0]v[0xffffffe7][0xffffffdf][0xffffffdd][0xffffff89][0xb]"[0xffffffe1][0xffffffaf][0x8][0xffffffe2][0x1]([0xffffffbe][0xffffffff][0x1c]A[0xffffffcc] [0xffffffd9][0xffffff8c][0xffffffe6]b>[0xffffff8d][0xffffff95][0xffffff8b]v[0xffffff8f][0xffffffe2][0xffffffd1][0xffffffc6][0xffffffbf][0xffffff8d]E;w[0xffffff84][0xffffffbf][0xffffffc4]K[0x2]([0xffffffce]~[0xffffff8e][0xffffffa2][0xffffffa8][0xffffffbf][0x11][0xffffffa4][0xffffffec]M[0x18]9$[0xffffffd0][0x3][0xffffff97][0xffffffd0][0xffffffd6]7[0xffffff80][0xffffffea][0xe][0xffffffb1]sv]NL[0xffffffb7]e[\r][0xffffffa5]7U[0xfffffff3]S[0x1c][0xffffffd5][0x18][0xffffffdc]R[0xfffffff3]SGS[0xffffffb1][0xffffffe6][0xffffffef][0xffffffe6][0xffffff82][0xffffff89][0x8][0xffffffc3]R[0xfffffffe][0xffffffcc][0xffffffb8]B[0xffffff82][0x13][0xfffffffc][0xffffffee][0xffffffe9]D1[0xfffffffc][0xffffffc9]y[0xffffff8f][0xffffff9e][0xc]o[0xffffffae][0xffffffc1][0xffffff82]^][0xffffffb3][0xfffffff3][0xffffffdb][0xffffffe8][0xffffffe2][0xffffffb3][0xffffffe1][0xffffffb6][0xfffffff6]i,[0xffffffd3]G[0xffffff80][0xffffff9a][0xffffffae][0xffffffc1][0xffffff8a][0xffffffd6]k[0xffffffe8]vi[0xffffffd6]lm[0xffffffa9]:[0x1d][0xffffff84]9[0x2][0xffffffff][0xffffffaf][0x17][0xffffff92][0xffffffea][0x3][0xffffff94]H?+[0xffffffa4][0xfffffff6]'[0xffffffd6][0xffffffa4][0x2][0xffffffe3][\r][0xffffffaa][0xffffffc2]p[0x11][0xffffffb7][0xffffff96]?[0xffffffbc][0xffffffb2][0xffffffaa][0xffffffc7]&[0x8][0xffffff90][0xffffff89][0xffffffa5]K[0xfffffff5]j{S%[0xffffff89]n[0x7f][0xffffffd0]Ayoq[0x9]+[0xffffffc6][0x13][0xffffffdd][0xffffffc1]Uke[0xfffffffa];[0xffffff95][0xffffffa0]<f[0xffffffb9]Yx[0x1e][0x13][0xfffffffe]r[0x9]y[0xffffff80][0xffffff92][0xfffffff9]g[0xffffffa1]>[0xffffff80]d[0xffffffdb]9[0xffffff8a][0xfffffff9][0xffffffc0]A[0xffffff93][0xffffffa8][0x13][0xffffff80][0xffffff8f][0xffffffc5][0x1][0x10][0xffffffdc][0x9][0xffffffae][0x7f]3- [0x1f]'[0xffffffea][0xfffffff2][0xffffffe8]~3[0x3][0xfffffffe][0xffffffad]p[0xffffffd3]K[0xffffffd4][0xffffffbf][0xffffffa2]O[0xffffffeb][0xffffff8f]f[0xffffffa3][0xffffff94][\n]"
09:46:43.426 [main] DEBUG com.github.dockerjava.zerodep.shaded.org.apache.hc.client5.http.wire -- http-outgoing-2 << "[0xffffffc0][0xffffffaf][0x1d][0xffffffeb][0xffffffc5]|[0xffffffe0] [0xffffff83][0xffffffd3][0xfffffffb]bo[0xffffffc5][0xffffffd0][0x0][0xffffffc6]0[0xffffffc9][0xffffff92][0xffffffbf]c[0x10][0xffffffc4][0xffffffc7][0xffffffcf]J[0xffffffbe][0xfffffff0]73@py[0xfffffffd][0xffffffd5]l[0xffffffd4][0x2][0xffffffa0]t[0xfffffffc]YT[0xfffffffd][0xffffffbf]A[0xffffffa9][0xffffffec]+"0q"[0x6]y[0xffffffcd]R[0xffffffa8][0xffffff83]K[0xffffff9f][0xfffffff9][0xffffffca][0xffffffed]\[0xffffffcf][0xffffffdf]G[0xffffff8b]tc[0xffffffd8]2b[0xffffffb2][0x9][0xfffffff9][0x1a][0xfffffff6]u[0xb][0xffffff89]Z[0xffffff86][0xffffffbf]Z[0xffffff89][0xffffffa9][0x8][0xfffffff9]Q+[0x1]8Ue[0xffffff8e][0xffffffe3][0x4]k-[0x12][0xffffffc4][0xffffffbf][0xffffff82][0xffffffd7][0x19][0x6][0x0][0xffffffd4][0x0][0xffffffca][0xffffffa4][0xffffff9f][0xfffffff7]0[0xffffffd9]?[0xffffffe1]'[0x15][0x18]Kz[0xffffff83]D[0x15][0xfffffffb]ZM[0xffffff80][0xffffffa6]N[0x19]eO$[0xffffff9b]{[0xffffffb4][0xffffffcf]@o[0xffffffd0]r[0xfffffff7] [0xe]T[0xfffffffd]#5V[0xffffffb7]U[0x1d]/[0xffffffd1][0xffffffef]v/[0xffffff96][0xffffff96])A[0x0][0x0][0xc]a[0x0][0xffffff80][0xf][0xffffffa0]l[0xfffffff8]Y V[0xffffff90][0xffffffec][0xffffffba]?[0x4]"[0xffffffc2][0xffffffa8] [0xffffffe2][0xffffffe0]N[0xffffffff]]^[0x3][0xffffffb0]:[0xfffffffc][0xfffffffe][0xffffff95]2[0xffffffc5][0xffffffff][0xffffffa0]s([0xffffffe7][0x7f][0xffffffde][0xffffffbf]X@[0xffffffb2][0x1b][0xffffffcc][0xffffffc5]|[0xffffffa0][0xffffffb8]%[0xffffff8e][0xffffffa9][0x14]j[0x7f]o[0x1e]P[0xf][0x8][0xffffffea][0xffffffbf][0xffffffe8][0x1c]=[0xffffff80][0xfffffff2][0xfffffff1][0xffffffe7][0xffffffbd]K[0xfffffff5][0xffffffdf]H[0x14][0xffffffcc][0xffffffeb][0xffffffb6] ,[0xffffffff][0x2][0xffffffdc][0xffffffa8]5H[0xffffffc2]G[0x12]Uq[0xffffffb6][0xffffffa9]eK[0x9][0x18][0xfffffff3][0xffffff93]F[0x1f][0xffffffa4] [0x8][0xffffffb4][0xffffffc8][0xffffffd4]Rs[0xffffffb3]b{[0xffffff90][\r][0xffffff8e][0xffffffaf][0xffffffae]9[0xffffffbf][0xffffffd7][0x3]Z[0x15][0x0][0x0][0xffffffcb]?:[0xffffffef]R[0xffffffe1][0xfffffffe][0x1c][0x18][\n]"
09:46:43.426 [main] DEBUG com.github.dockerjava.zerodep.shaded.org.apache.hc.client5.http.wire -- http-outgoing-2 << "[0x7f][0xffffff82]J*0Q[0xfffffffd]*[0xfffffff4][0xffffff8d]1[0x4][0xffffffc7][0xffffffdb]~H[0xffffffa0][0xffffff98][0xffffffc5]'sZs[0xffffff86][0x1f];+[0x19][0xffffffdc]Ro[0xffffffce][0xffffffbe][0xffffffff]`N[0x1d]0[0xffffff9d][0xffffffd0][0x1d][0xffffffad][0xffffff93][0xfffffffa][0x1d]`[0xffffff88][0xfffffffe][0xffffffa1][0xffffffd6]X[0xfffffff7][0xffffffaf][0xffffffce][0xffffffbb][0xffffffdc][0x0][0x15][0xffffffef]/{[0xffffffd7][0xffffff83][0xffffffa3][0xffffff98][0xf][0x14][0xffffffad][0xffffff9a][0xffffff80][0xffffffce]u[0xffffffd2][0xffffffef][0xffffffd2][0x5][0xffffffba][0xffffff92]f[0xffffffe7][0xffffffbf][0xfffffff7].*[0xffffffed]_[0xfffffff6][0xffffffae]'s1[0x1f][0xffffffd8][0xffffffe3][0x7][0xffffff86]qZ[0xffffffeb][0xffffffdf]eK[0x0]2[0xffffff91]F[0xfffffff6][0xffffffcf][0xffffffbd][0xb][0xffffffba][0x8][0xffffffa0][0xfffffff2][0xfffffff9][0xffffffc9][0xffffffcd][0xffffffa1]?[0xffffffff][0xffffff9b]a[0xffffff82]y}4W[0x16]R[0xffffffe3]{![0xffffffde][0xffffff99][0xffffff90][0xffffffcc][0xffffffd7][0xffffffc7][0xffffffb3]y[0xb][0xfffffff3]i[0xffffffa2][0x15][0xffffff94][0xffffff86])[0xffffffb8]oD[0xffffffd4][0xffffffeb]Y[0xffffffff][0xfffffff3]X[0xfffffff5][0xffffffd4]5h[0xfffffff0][0xffffffd5][0xffffff87][0xffffffb8][0xffffffc6][0xffffff9d]s[0xffffffec][0xffffffc0][0xffffff84]v[0xffffffb8][0xffffff8b][0xffffffb5][0xffffffec][0xffffffdc][0xffffffde]z[0xffffffd7][0xffffffb2][0xffffffb7][0xffffffa5]tv[0x15][0xffffffd0][0xffffff91]H\o;[0xffffff91]e$[0x12]78z[0xffffffcd][0xffffffeb][0x12][0xffffff94][0xffffffbc]c[0xffffffce][0xffffffb3]H[0xffffffdc][0xffffff9b][0x1d]1n[0xffffffa7][0xffffffdc]+[0xffffffc7][0xfffffff4][0xffffff94][0x11][0xffffffba]([0xffffffb4]x[0x15][0xffffffbf][0x7][0xffffff92][0xffffffdc]B[0xffffff8d][0xffffffff](=[0xffffffd1]i[0xffffff86][0x13][0x12][0xffffffd9][0xffffffac][0x8][0xffffffbb][0xffffffcb]"
09:46:43.429 [main] DEBUG com.github.dockerjava.zerodep.shaded.org.apache.hc.client5.http.wire -- http-outgoing-2 << "[0xffffffa6][0x1e][0x7][0xffffff9f]H?[\r][\n]"
09:46:43.429 [main] DEBUG com.github.dockerjava.zerodep.shaded.org.apache.hc.client5.http.wire -- http-outgoing-2 << "8000[\r][\n]"
09:46:43.430 [main] DEBUG com.github.dockerjava.zerodep.shaded.org.apache.hc.client5.http.wire -- http-outgoing-2 << "[0x1a][0xffffffd7][0xffffff9c][0xffffff87]j+[0xffffff97][0xffffffeb]C:l[0xffffff8f][0xffffffbd][0xffffffcb]1[0xffffffd5][0xffffffba]I?`[0x17]P[0x8][0xffffffba]b[0xffffffc4][0xffffffa2][0xffffffa4]&[0xffffffc6][0xffffffd7]J[0xffffff94][0xffffff9f][0xffffff8e][0xffffff85][0xffffffcf][0xffffff86][0xb][0xffffffda][0xffffff94][0xffffffa2][0x1b][0xffffffb1][0xffffffcf]H[0xffffffda]a[0xfffffff6][0x1c][0xffffffd0][0xffffff99]L[0x13][0xffffff92]#%#[0xffffffc2][0x1b][0xffffffb0]u[0xffffffa1]*[0xffffffa3][\n]"
09:46:43.430 [main] DEBUG com.github.dockerjava.zerodep.shaded.org.apache.hc.client5.http.wire -- http-outgoing-2 << "[0xffffff87][0x18][0xffffff82][0x12][0xffffffc3][0x6][0xffffffad][0xffffffbc][0xffffffe1][0x17]BME[0xffffffce][0xffffffcc][0xffffffed][0xffffff93][0x1]p[0xffffffa0]$[0xffffffd5][0xffffffc2][0xffffffca][0xffffffa0][0x18][0xffffff9f][0xffffffe5][0xffffffce][0xffffffb8][0xffffffc6][0xffffffd4][0xffffffa4]D[0xffffff8c]"i[0xfffffffa][0xffffffd5]\[0xffffff95][0x1d]AH[0xffffff84]+[0x19],[0xffffff99]\z[0xffffffbe]}Gz[0xffffff8d][0xffffff94][0xffffff83][0xffffffbc][0xffffffc0][0xffffffdf]WG[0xffffff83][0xffffff9d][0xffffffa8]e[0xffffffea][0xfffffffc][0x4][0xffffffea][0xffffffca][0xffffff96][0xffffffcb][0xffffff88][0xffffffed][0xffffffc4][0xffffff81]q[0xffffffa5][0xffffffd2]^c*[0xffffffd3]WA'[0xffffff81]s[0xffffff84][0xffffffad][0xffffff9a].^[0xffffffda]i[0xffffff94][0xffffffee]G/J[0xc][0xffffffb7][0x15]?[0xffffffe2]:[0xffffffb3][0xffffffb7][0xffffffd3][0xffffff9c]W[0xfffffffb][0xffffffc3][0xffffff9b][0xffffffd4],[0xffffff86][0xffffff8a][0xffffffdc]j{[0xffffffc9]-4[0xffffffe1][0xffffffd9];[0xffffffc0][0xffffff97][0xffffff8d][0xffffff93][0xffffff91]![0xffffff8e][0xffffffe8][0xffffffad]w[0xffffff9d][0xfffffffb][0xffffffde][0x2][0xffffffe3][0x12][0x11]d^%Z[0x11][0xffffffe9][0xffffffcc][0xffffffd4][0xffffffa6][0xb][0xffffffc9]tw[0x1]o3j*[0xffffffdd][0x1e][0x19]([0xffffffa5][0xffffffc1][0xffffffe5][0xffffff86][0xffffffd7][0xffffff8f]i[0xffffffee][0xffffffaf]py9v[0x13]8[0xffffff89][0xffffff95][0xffffffa5]O[0xffffffe2][0xfffffff9][0xffffffce][0xffffffb9]}L[0xffffff9b][0xffffff99][0xffffffda][0x9][0xffffffab]+[0x18]o[0xffffffd0]A[0xffffff96][0x19][0xc];4[0xffffffb0][0xffffffbd][0xffffffda][0x1e][0xffffffaf]D;[0xb]"r[0xffffffaf][0xffffffc8]]&[0xffffffd8][0xffffffd3]![0xffffffa2]{[0x13][0xffffffa7][0xfffffff9]C[0xffffffb1]y[0xffffffbc][0xffffffd7][0xffffffaa][0xfffffffb]v[0xffffff8c][0xffffffdf][0xffffffc8]M[0xffffff8d][0xffffffb7]t[0xffffffdc]8E0[0xffffffd8][0xffffff8f][0xffffffd6][0xffffffc2][0xffffffb0]~A[0xffffff88]1s[0x7][0xffffffe7][0xffffffb9]?7[0xffffffc4][0xffffffeb]c[0xffffffb0]f[0x1b][\n]"
09:46:43.430 [main] DEBUG com.github.dockerjava.zerodep.shaded.org.apache.hc.client5.http.wire -- http-outgoing-2 << "[0xffffffb3]V[0xffffffbd]cE*[0xffffffc7][0xffffffe7][0xc]|[0xffffffb9]/[0xffffffc7]E[0xffffffea]m[0x19][0xffffff9c]&m[0xffffff8e]5d[0xffffffb9]o[0xffffffdf],[0xffffffbf]=A[\r][0x9][0xffffff8a][0x1b][0xffffffdc][0x6]E@[0xe][0xffffff85][0xffffffac][0xffffffca]\[0xb][0xffffffa6]|y[0xffffffd9]w[0xffffffac][0xffffffa8][0xffffff92][0xffffffbe]h[0xffffffe6]J[0xffffffc3][0xffffffc0][0xffffffa5]e5[0xffffffc3][0xffffff9d][0xfffffff5][0xffffffc7][0xffffff9a][0x16].4[0xffffff81][0xfffffffc][0x1e][0xffffffb2][0x10][0x10][0xffffff80][0x1][0xffffffc2]x.n[0xffffff88]{[0xffffffc5][0x4]rc3[0xffffffb4][0xffffffc6]([0xffffffbb]D[0xffffffef]*[0xffffffa4]3[0x10][0x1d])Z[0x1e][0x9]-[0xffffff92][0x1d]==A=L[0x9][0xfffffff9][0xffffffc1][0xffffff8f]Z[0xffffffd7][0xffffffc5][0x9]L1[0xffffffd4]+[0xfffffffe][0xffffff8d][0xffffffc2]~[0xffffff9b]r[0xffffff99]&[0xffffffa7]Z`U[0xffffffa4]_Zv![0xffffff81][0xffffffa0][0xffffffb2][0xffffffda][0xffffffdb][0xffffff8f].[0xffffffde]$[0x1])f[0xfffffffe]7"[0xffffffe6],[0x1e]Sv!bL>[0xffffff91]n%n[0xffffff9f]M[0xffffffef][0xffffff91][0xffffffc2][0xffffffd9]s`[0x1a]@[0xffffffaf][0xffffffcc]v[0xffffff9c][0xffffff8e]L[0xffffff8b][0xf][0xffffffb3][0xffffffc4][0xffffffc4] N[0xffffff83][0xffffffd3][0xffffffe1][0x8][0xffffffbb][0xffffff90];)[0xffffffd0][0xffffffc7][0x1][0xffffff99][0x18]M[0xffffff8d]-[0xffffff85][0xffffffbd][0xffffffe4]{[0xffffffb2][0xfffffffc]-[0xc]}%[0x6]sA[0xfffffff5][0xffffffa2]c[0xffffffaf][0xffffffdb]w[0xffffff96]oV[0xffffffd3][0xffffffb1]1[0xffffffac][0x4]o[0xfffffffb][0xfffffff0][0xb][0x12][0xffffffab]'[0xffffffa6][0xffffffaf][0xffffff8f][0x5][0x1b][0x10]![0xffffff88]P[0xffffffa9][0xffffffef][0xffffffe5]?[0xffffff8a][0xffffffea]\[0xffffffc4][0xffffffd1][0xffffff9f]|[0xffffffed][0xfffffff5][0xffffffb0]s[0xffffffca][0xfffffffc]0[0xffffffcc][0xc][0x16][0xfffffff0][0xffffffe2][0xffffff9b]H/5[0xffffff9d]c[0x5][0xffffff8d]q9c[0xffffffca][0xffffffb7][0x6][0x6]15[0xffffffb1][0x1f][0x14][0xfffffff3][0x1d][0xffffffd2]Q[0xffffffb1][0xffffff98]N[0xffffffeb]M6[0xfffffffe][0xfffffff3][0xffffffbe]^[0xffffff97][0xffffff92][0xffffff9b]m'[0xffffffaf][0xffffff85][0xffffff94]~[0xffffffa1]K[0xffffffe2]}i#[0x15][0xffffffc2][0xffffffcb]tk[0x16]{D>[0xffffffe4][0x6][0xffffffe6][0xffffffdb]i$a_[\n]"
09:46:43.431 [main] DEBUG com.github.dockerjava.zerodep.shaded.org.apache.hc.client5.http.wire -- http-outgoing-2 << "1[0xffffff85][0xffffffad][0xffffff80][0xffffff80][0xc]D[0xffffffe5]7[0xffffff9c][0xffffffa3]<[0xffffffc1][0xffffffd8]S[0xfffffff5]J.[0xffffffa3][0xffffffa6][0x5]v[0x8][0x11]|[0x1a][0x7]>[0xffffffe8][0x1f][0x12][0xffffffbf]]J)[0xffffffc8]6PO[0xffffff89][0xffffff85]n[0xfffffff0]c[0xffffffbd][0xffffffb6][0xffffffd3]\[0xffffffc9]6[0xffffff94][0xffffff84][0xffffffbb]R][0xfffffff6]x[0xffffffdf]yB[0xffffffb2][0xffffffca]b[0xffffffb1]u[0x1c][0xffffffb0][0xffffffeb][0x1d]<;[0x13][0x1][0x18]3[0xffffff89][0x17][0xfffffff8][0xffffff84][0xffffff96][0xffffffe7][0xffffffe2][0x4][0xfffffff5][0x18][0xffffffa3][0xffffffd4]z[0xffffffd3][0xffffffb5]p[0xffffffc7][0xffffffad]D[0xffffffb4][0x1f][0xffffffa9][0x16]#[0xffffffc3]p[0x1b]6(g[\n]"
09:46:43.431 [main] DEBUG com.github.dockerjava.zerodep.shaded.org.apache.hc.client5.http.wire -- http-outgoing-2 << "7|[0x16][0xffffffd7]"v[0xfffffff5][0xffffff85][0xfffffffc][0xffffff99]e[0xffffffcf][0xffffffb3][0xffffff89][0xffffffab][0x4][0xffffffb0][0x16][0xffffffa3][0xffffffc5]l[0x1][0xffffffad]}:[0xffffffd0][0x6][0xffffff83][0x1e][0xfffffff0]*[0xffffffe3][0xffffffb9]&[0xffffffce][0xffffff89][0xffffffde]:[0xffffff96][0x1a][0xffffffdb]'%l[0x17][0x13][0x2][0xffffffa8][0xffffffaa]o[0xffffffe3]cXX2:[0x16][0xffffffb2]A[0xffffffaa][0xffffffd3][0xffffff9d]][0x1f]Ub[0xffffff9d]Z[0x1c][0xffffff87][0xffffffc2][0xffffffad]I[0xffffffa6][0xc]>7[0xffffff83]QF[0xffffff96][0xffffffd1]#[0xffffffc1][0xffffffb7][0xffffff9a]:F[0xfffffff2][0x11][0xffffff95][0xffffffbd][0xffffffe1][0x11]p[0xc]P7[0xffffffa3][0xffffffea]|8CG[0xffffff86]Ga[0xffffffa2]0[0xffffffab][0x16][0xffffffa2][0xffffffbc]]1[0xffffffab][0xffffff87]/[0xfffffff7][0xffffff95][0xffffff91]j[0x11]2[0xffffff8d][0xffffffb8][0xffffffd5][0xffffffd8][0x1b][0xffffffa5]-a[0xffffffcb][0x1a]A[0x13][0xffffff87]G[0xffffff93][0xffffffd6][0xffffffbc][0x7f][0x17][0x7][0xffffffdb]V[0xffffffab][0xffffffe9][0xffffffaa][0xfffffffe][0xffffffd9][0xffffffbb][0x17][0xffffffea][0x7]`uW;[0x13][0xffffff8f]v[0x1f]Ts[0xffffffbf][0x1e] R[0x17]t[0x1e][0x1e]$[0xffffffa1][0xffffffbe]8[0xffffffd2]Y[0xffffffb1][0xffffffbb][0x13][0xffffff83]@[0xffffffc4]G[0xffffff9c]4[0xffffff89]U<[0xffffffed]n[0x10][0x18][0x7][0xfffffffa][0xffffffea]_[0xffffffaa]5s[0x14][0xffffffd9][0xffffffa6][0xffffffe6]tJ[0xffffffb0][0xffffffa5]g[0xffffff88]~[0xfffffffd]0[0xfffffff0]q[0xffffffc9][0x1b][0xffffffd9][0xffffffad]J[0xffffff89][0xffffffc1]J[\n]"
09:46:43.431 [main] DEBUG com.github.dockerjava.zerodep.shaded.org.apache.hc.client5.http.wire -- http-outgoing-2 << "d[0xffffffed][0xffffffd6][0xffffff8c][0x3][0xffffff96][0xffffffab][0xffffffc9][0xffffffae][0xffffff95][0x1e]G[0xffffff97]c[0xffffff8b]u[0xffffffe0]i[0xffffffe1][0xffffffa8]#_[0xc][0xffffff9c][0xffffffd7][0xffffffec][0xffffffbb]Kq[0xe][0xffffff8e][i[0x2][0xffffffc2][0x1][0xf][0xffffffdd][0xffffff94][0xc][0xffffffe4][0xfffffff8][0xffffffc4]Bj[0xffffffe8]Z[0xfffffffc][0x11][0xffffffcf][0xffffffd9]n[0xfffffffc]hx[0x4][0xffffff8f]}=[0x14][0xffffffb8][0xffffffb1][0xfffffff2]6[0xfffffff2][0xffffffed][0xffffff88]6[0xfffffff8][0xffffffc0][0xffffff82][0xffffffc4]gM[0xffffffe4][0xffffffc2][0xffffffb8][0xffffff96][0xffffff9a][0x1][0x7][0xffffff98]L[0xffffff89]ld [0xffffff89]|[0xffffffa5][0xfffffff9][0xffffff8b]C[0xffffffb9][0xffffffc2][0xffffff90]#[0xffffffe2][0xffffffac][0xffffffee][0xffffffdd][0x10][0xffffffb0]E[0x8]uRH[0xfffffffa],[0x6]UU[0x18][0x1][0x1b][0xffffffb5]TC[0xffffffbc][0xffffff82][0xffffffce][0xffffff9f]'6mP[0xffffffb4]|[0xffffffe2]^)[0xffffffd9]c[0xffffffa5][0xffffffd1][0xffffff81]9y[0x12]C[0x1b][0xffffff83][0xffffffc2][0xffffff9f]~[0xffffffab]P[0xffffff99][0x7f]H[0xffffffc4][0xfffffff8]#{[0x7f][0xffffff84]~F[0xffffff98][0xffffff90][0xffffff80]>~[0xffffff80][0xffffffc3][0xffffff82][0xffffffee][0xffffff93][0xffffffe7][0xffffffcc][0x12][0xffffff89][0xffffffba]s[0xffffffa4][0xffffffb2]T[0xffffff99]W[0xffffffa3][0xffffff95][0xfffffff9][0xffffff99]l[0xffffffec][0xffffffbb]@[0x1b][0xffffffad]A[0xffffffc3]W[0xffffffe6][0x17][0x10][0xffffffef][0xffffff9e].[0xffffffeb][0xffffffb7][0xffffffc1][0x17])[0xffffffaf][0x12][0x6][0xffffffe9]G[0xffffffde][0xffffffbb]_g[0xffffffaa][0x11][0xfffffffa][0xffffffe0][0x5][0xffffffc7][0xffffffe4][0x1b][0xffffffc9][0x17]<$Ef7[0x1f]y[0xffffffb6]_F[0xffffffc6]#"=[0x12][0xffffffac][0xffffffeb][0xfffffff2][0x18]bG[0xffffffcb]L[0xfffffff4]Y\[0xffffff88]<[0xffffffe5]P#[0xffffff85][0xffffff96][0x1d][0xffffffa3][0xffffffbe]7[0xffffff9f][0xffffffc6]~o[0xffffffa8][0x9]MbO[0xffffffb4] [0xfffffff1]Q[0xffffff8c][0xffffffda][0xffffffff][0xffffff98];[0x1a][0xffffff9c]#7I[0xffffffcc][0x1d]*[0xffffff8b]s[0xffffff9f]#[0xffffffa5][0x7][0xffffffd7][0xffffff8a][0x12]?[0x4]d>[0xffffffc0]*[0xffffff88]1[0xffffffb6][0xffffffa3][0x1b][0xffffff90][0xffffff84][0xffffffce]y[0xffffffb4][0x18]x[0xffffff8e][0xffffffb1][0xfffffff9][0xffffffef][0xffffffee][0xffffffc9];[0xffffffaf][0x1b]-2:[0xffffff8b]pc[0x5]|[0x0][0xffffff9f][0x16]G[0xffffffa4]>[0xffffffd4][0xffffffa1][0xffffffb9][0xfffffff0]gz[0xfffffff6][0xffffffde][0xffffffe8][0xffffffdd][0xffffffb2][0xffffffe5][\n]"
09:46:43.435 [main] DEBUG com.github.dockerjava.zerodep.shaded.org.apache.hc.client5.http.wire -- http-outgoing-2 << "[0xffffffe5][0x6][0xffffffcd][0xf][0xffffffeb]:[0xffffffaa]6j[\n]"
09:46:43.435 [main] DEBUG com.github.dockerjava.zerodep.shaded.org.apache.hc.client5.http.wire -- http-outgoing-2 << "[0xffffffb7][0xffffffc4][0xffffffc2]Of[0xffffff8b][0x1a][0x3]6[0xffffffce] %A[0x4][0xffffffc3][0xffffffb7]U[0xffffff95][0xffffff9b]%$[0xb]Q7@[0xffffff9d][0xffffff82]auLLTZ[0xffffff9f][0xffffffbd][0xffffff95]e[0xfffffff1][0xffffffbd][0xffffffbc][0xfffffffd]?[[0xffffff83][0xffffffb1]n[0xb][0xffffff82]T[0xffffff98]H[0xffffff9a][0xffffffb0][0x12]yfL[0xffffffc4][0xfffffff6][0xffffffd4]~[0xffffff9e][0xffffffa2][0xffffffb3][0xffffff9a][0x1b][0x1e][0xffffffcd]Y[0xffffffd0][0xffffff9e][0x7f]3[0xffffffff]E[0xffffffec]+[0xffffffe9][0xffffffc9][0xffffffb2]aS[0xffffffb2][0x3][0xffffff83]s[0xffffffb9][0xfffffff2]*[0xffffffa9][0xffffffc5]X[0xffffffa6][0xffffffdd]a^![0xfffffff8]M[0xffffffe5]MU][0xffffffec]P[0xb][0xffffff83][0xffffff93][0xffffffd6][0xffffff95]j[0xffffffd1]'[0xffffffb2][0xfffffffa]u[0xffffff83]F[0xffffffae][0x6][0x3][0xffffffd0]`"k[0xffffff9c][\n]"
09:46:43.436 [main] DEBUG com.github.dockerjava.zerodep.shaded.org.apache.hc.client5.http.wire -- http-outgoing-2 << "9!1[0xffffffde]O#Z[0xffffff8a]<V[0x1a]uR[0xffffffe0][[0xffffffc2][0x1d][0xffffffbe]w[0xffffffc5][0xffffff89][0xffffffbd][0xffffff9f][0xffffffba]I9#[0xffffff9e]\[0xffffffe5]xwf/[0xffffff90][0xffffffc6]Q[0xffffff9f]Qs3[0xffffffc8][0xffffffe4]# [0xffffffac][0xffffffb2]G[0xffffffd7][0xffffff96]pn$[0x14][0x16][0x3]9$[0x8]([0xffffffef]$[0xffffffc2][0xffffffea]4[0xb][0x1b]SG[0xffffffa3][0xfffffff3][0xffffffea][0x3]a[0xffffffad]H[0xfffffffd]j[0x1f][0xffffffbf][0x1b][0xffffffee][0xffffff8b]/CU+[0xffffffe1][0x11]'?=[0xffffffc3][0xffffff89][0xffffffad][0x6][0xffffffa4][0xfffffff8]~[0xfffffff4][0xffffff99][0xffffff84][0xffffff97][0x12]U[0xffffff97][0xffffff9e][0xffffffc3][0xffffffbb][0x7f][0xffffffdc][0xffffffef][0xffffff9c][0xfffffff2]jN[0xffffffed][0xffffffe3]V~[0xffffffae]I[0xffffffbe][0x17][0xffffffb7]<[0xffffffc5][0x16][0xffffff86]|#[0xffffff81]b[0xffffff88]c[0xffffffe2]/w[0xffffffe5]Q[0x15][0xf][0xffffffcf][0x16][0x7]20[0xfffffff3][0xffffffe5]y_v[0xfffffff7]C[0xffffff86][0xffffffcb]z[0xffffffc3][0xffffff86][0xffffffe6][0xffffffd6][0xffffffff]G[0xffffffd8];[0x5]I[0xfffffff6][0xffffffbd][0xffffffeb][0xffffffba]Y[0xffffffb6][0xffffffd5]e[0xffffffdb][0xffffffb6]mWu[0xffffffd9]6[0xffffffba]l[0xffffffdb][0xffffffee][0xffffffb2]m[0xffffffdb][0xffffffb6]m[0xffffffdb][0xffffffc6][0xffffff89]?b[0xffffffc7]o[0xffffffc5][0xffffffd9];[0xffffffd6]e^d[0xffffff8e][0xffffffab]/[0xffffffe3][0xffffff99][0xffffffef]x[0xffffffde][0xfffffff9]-[0xfffffff2]yd[0xffffffc6][0xfffffff4][0xffffffa6]{@[0xfffffff9][0xffffffaa]$fv4g[0xffffffd5]/[0xffffff94][0x9][0xffffffbc]:n[0xfffffff3][0xffffff97][0xffffffe4][0x13][0xffffff8b][0xffffff92][0xfffffffa][0xfffffff0][0xffffffd1]-q3][0xffffff95][0xfffffffb]m[0xffffff99][0xffffffc8]F[0xfffffff3]S[0xffffff99]U[0xfffffffc]:[0xffffffdc][0xffffffbc][0xffffffd2][0xffffffae][0xffffffcf][0xffffffb9][0xffffff9a][0xffffffb8][0xffffffee]k[0xffffff83][0xf]t[0xfffffffe][0xffffffbe]"[0xffffff94]k[0xffffff9d][0xfffffffa]N[0x11]#[0xffffffa1]h[0xffffffdb][0xffffffeb]b[0xffffff94][0xffffff94][0xffffffec][0xffffffce][0x1b][0xffffffd1][0xfffffff9]j[0xfffffff9][0xffffffe1][0xffffffcb][0xffffff93][0xffffffaf][0xffffffa2][0xffffffa6][0xffffffc1][0xffffffb7][0x14][0xffffffb9][0xffffffc5][0xffffffc3][0xffffffd4]}[0xffffff93][0xffffffcb][0xffffff8b][0x18][0xffffff92]S[0xffffffb3]^h[0xffffffbd][0xffffffc6][0xffffffc1][0xffffff9c][0xfffffff5][0x1c][0xffffffed][0xffffffff][0x1d][0xfffffff5]e[0xc][0x1c][0xfffffff1][0xffffff9b][0xffffffaf][0xffffffb1]U[0x14][0x1c][0xffffffdb][0xffffffb4][0xfffffff7][0xffffffb4]U[0xffffffb6]^[0xffffffa3][0xffffff9a]a[0x17][0xfffffff5][0xffffffa9][0xffffffaa]7[0xffffffe9][0xfffffffa][0xffffff8c]G[0xffffffbd]=[0xffffffc4]k[0xffffff9f][0xffffff90][0xffffffe2]z[0xffffffdf][0x9][0xffffff9b]*[0xffffffba]v[0xffffffff]:[0xffffffcd][0x12][0x7]7[0x13][0xffffffc7]0s[0xffffffc6]Q[0xffffffd8][0xffffffd6][0xfffffffd]{[0xffffff93][0xffffffe9][0xffffffc9][0xffffffe0][0xffffffaf]^[0xffffffe4]7oM[0xffffff95][0xfffffff8]5$*[0xfffffff4];[0xffffffeb]v[0xffffffa2]&[0xffffff97]![0xffffffc0][0xffffffd4][0xffffffed][0xfffffff5]_[0xffffffb8]{[0xffffffc6]\[0xffffffed][0xffffff8f][0xffffff8c][0xffffffe5][0xffffffa4][0xffffffc3][0xfffffff7] oL[0xffffffb3]^8[0xffffffba][0xfffffff6]t[0xffffffcf]X[0xffffffab][0xfffffff9]=[0xffffffb2]k[0xffffff9d][0xffffffb8]z.[0xffffffba][0xffffffe2][0x1e][0xfffffffc][0xffffffef]<[0xffffffdb]z=[0xffffff9a][0xffffffb7][0xffffffed]$[0xffffff96][0xffffffa4][0xffffffd4]):[0xffffffde]s[0xffffffdf]o8v[0xffffffd2][0xffffff87]@[0xffffffc7][0xffffffe4]0[0xffffffc3]t[0xffffffcf]mdqK[0xffffffb9]p([0xffffffc6]:[0xffffffb0][0xffffff82][0xffffffe9][0xffffffac][0xc][0xffffffb7]m[0xffffffa3]6S[0xffffffa8][0xffffff9b]\[0xffffff8a]rf[0xffffff89][0xffffffa9][0x17][0xb]Z[0xffffff8a]O[0xffffffee][0xffffffc4]`5[737Er"[0xffffffc5]^[0xffffff8c][\n]"
09:46:43.436 [main] DEBUG com.github.dockerjava.zerodep.shaded.org.apache.hc.client5.http.wire -- http-outgoing-2 << "[0xffffffa5]nn[0xffffffd1]LLF[0xffffffe4][0xffffff89]Z-p)[0xffffffcb]kT[0x7]b2z[0xffffffe6]l[0xffffffad][0xe][0xffffffa8]N[0xffffffc6]@[0xffffffc1][0xffffffe5]t[0xffffff96][0xffffffb9][0x1d][0x14]0[0xffffffa5]K[0xffffffaf][0xffffffcd][0xffffff8a]6[0xffffffc4][0xffffffe3]4[0xffffff82][0x1c][0xffffffd0]Zy6[0xffffffd4][0xffffffc5].[0xffffffda][0xffffffdd]e[0xffffffee][0xfffffff3]m[0x4][0xffffffec]E[0xffffffd2][0x10][0xffffffa9]mM[0x15]W[0xfffffff1]f[0x7]J[0xffffff8c]2[0xfffffff1][0xfffffff9][0xfffffff8]Z[0x1e][[0xffffffe7][0xffffffb6][0xffffff9e],[0x0]f[0xfffffff5][0x5]3[0xffffffed][0x13][0xffffffa8]y[0xfffffff1][0xffffffb0][0xfffffffa]a[0x7]/[0xffffffbb][0xffffffcf][0x8][0x0]@6B[0x1][0x0]Q[0x0][0xffffff8a][0xffffffdc][0x7f]R[[0xffffffe0][0x7f][0xffffff82]j[0xfffffff5][0x6][0xffffffdc]9`[0xffffff84][0x1b]*[0x1b][0xffffffc7][0x7f][0xffffff81][0xe]TR[0xffffffa5][0xffffff8e][0xffffffd7][0xffffffc8][0xffffffbf][0xffffff91][0xffffffe7][0x16][0xffffffc5][0xffffff9a][0xffffffda]R[0x15][0xffffffc8][0xffffffab].[0xffffffcd]?1[0xb]=[0xffffff83][0x18][0xffffff8d]["xQ[le/[0xfffffff1]x[0xffffff84][0xffffffc2][0xffffffba][0xffffffd0][0xfffffffd]X[0xffffffda]3[[0x18][0xfffffff2]kC[0xffffffa5][0xfffffffc][0x7f][0x1]U^[0xffffffc3][0x9]T[0x5][0xffffffb9][0xffffffa7][0xfffffff3](C[0xffffffce][0xffffffff][0xffffffc4]b[0x19][0x19]E[\n]"
09:46:43.436 [main] DEBUG com.github.dockerjava.zerodep.shaded.org.apache.hc.client5.http.wire -- http-outgoing-2 << "@T[0xffffffb4][0xffffff8d][0xffffffc9]H[0x0][0x0] [0xfffffff5][0xffffffdf]k_)[0xfffffffa][0xffffffff]Iy[0xffffffa2]@[0xffffffd9][0xffffffbc][0xffffffff][0xffffffa2]<[0xffffffee]o[0xffffff95]u[0xffffff8b]![0x9]@RI[0xffffffd8]?[0xffffffd0]Z\[0xffffffcc][0xffffffa6]l[0xffffffef][0x7f][0x1]6 i][0xffffff81][0xffffffff][0xffffffae]}[0xffffffd5][0x0]P[0x1c][0xfffffffc][0xffffff93][0xfffffffc][0x14][0xfffffffe][0xffffff93]ww[0xfffffffd]""[0xffffffd9]+[0xc][0xffffffdb]]T[0xffffffda][0xffffffbb][0x1c][0x4][\r]0[0xffffffaa][0xfffffffe][0xffffffef]7[0xffffffb9][0xffffff89]z[0xffffffb9][0xffffff99][0xffffff9b]dj[0x5][0xffffffcb]I[0xffffffed]{'[0xffffff88][0xffffffa6][0xffffffff][0xffffff97][0xffffff83]j[0x9][0xfffffff6][0xfffffffe][0xfffffff3]p[0xffffff80][0x1d][0xf][0xffffffa0][0x4][0xfffffffd][0x7][0x17]b[0xffffff87][0xfffffffd][0xffffff9f][0xffffff90][0x1b][0xffffffea][0xffffffe7]5[0xffffffbd][0x10][0xffffff9c]j7[0x16][0xffffffbc][0xffffff87][0xffffff88][0x12]iRP[0xffffffd4][0xffffffb9][0xffffffd6][0xffffffc5]5[0xffffffb7][0xffffffa4][0xffffffcd]?[0xffffffb3][0xffffffd7][0x1]K>[0x1e][0x6][0xffffffc4][0x3][0x5]B[0xffffff9c][0xffffffbf]*[0x19]g[0x14][0xffffffb8][0x17]4qe> b[0xfffffffe] [0xffffffda]Zh[0xffffffc3][0xffffffd0][0xf][0xffffff90]{[0xfffffff6][0x0][0xffffffea]G_y[0xfffffffb][0xffffffbe]L[0xffffffe8]j[0xfffffff5][0xffffffc1]5[0xfffffffd][0xffffffd2][0xffffff9a][0xffffffae][0xffffffe8][0xffffffc7]-[0xffffffcd][0xffffffdf]g[0xffffff8c][0xfffffffb][b[0xffffff98]Qf[0xffffffdc][0xffffffed][\n]"
09:46:43.436 [main] DEBUG com.github.dockerjava.zerodep.shaded.org.apache.hc.client5.http.wire -- http-outgoing-2 << "Av[0xffffffbe][0x18][0xffffffb8])[0xfffffff9][0xfffffff4][0x7][0xffffff87]W}m[0xffffffd4]@[0xfffffffe][0x7][0x12][0xc][0xfffffff2][0xffffff92]K[0xfffffff4][0xffffffe8]c([0xffffffd8][0x5][0x2][0xffffffe5][0xffffff86]4/[0xffffffa7][0xffffff96]>T[0xffffffe9]o[0xffffff8e][0x16]Vqj[0xffffffaf]OT[0xffffffa4],>[0xe][0xffffffd6][0x16][0xffffffea][0xffffffed]&[0xffffffbe][0xffffffee]J[0xffffff8f]1[0xfffffff5][0x15][0x7]pR[0xffffffbc]7iI[0x7]C[0xffffff90][0xfffffff0][0xffffffc4][0x3][0x16][0x0][0xffffffbc][0xffffffc6][0xffffff8b]'}/([0xffffffd4][0xfffffffe]=i[0xffffffae][0xfffffff9][0x14]_[0x17][0xffffff82][0x7][0x18][0xffffffce][0xffffffeb]:[0xffffffc2][0x1b][0xffffffda]@[0xffffffc0][0xfffffffd][0x1d]hn[0xfffffffe][0x0][0xffffff8c]?[0xffffffdc][0xe][0xffffffa0][0xffffff93]t[0x13][0xffffffe5][0xfffffff2]+[0xfffffffa][0xffffff94]!kk[0xffffffb9]Z[0x1]P[0x12].[0xffffffd5][\r][0xffffffe7]3[0xffffff81]o[0xffffff8e]B[0xffffff83]t[0xffffffcf]%[0xffffffae]l[0xffffff94][0xffffffc3]_[0xffffffdd][0xffffffd6]Ru=[0x1a][0x6]$[0xffffffd8][0xffffffa4][0xfffffff5][0xffffffc7][0xffffffbd]~[0xffffffa6][0x15],[0xffffff8b][0xffffffab]e[0xffffffae])Z[0xffffffaf][0x17]t[0xfffffffa]9[0xffffffc4][0xffffffcb]I[0x1]c[0xffffffdf][0xffffff81][0xffffffe0]D[0xffffffd2][0xffffffb6]2[0xffffffe2][0xffffffa9]i"Q[0xffffffb3][0xffffffce]`([0xffffffc6][0xffffff88]{[0xffffff87][0x5][0xffffffd3]+[0x7f]5[0xffffffe6]cpW[\r]H[0xffffffef][0xffffff86][0xffffffca]!{>[0xffffffdb]qp[0xffffffec][0xffffffb8](q[0xffffffdf][0xffffff8a]o{w&[0xfffffff6][0xffffffae]x4P[0xffffffc6][0xfffffffb][0xfffffffe][0x6][0xffffffe7]#[0xffffff84]x[0xffffff82][0xffffffd0][0x1c][0xffffff90][[0xffffffa5][0xffffffdf][0xffffff83]n[0xffffffdc][0x16]8[0xffffffa0][0x9]Y[0xffffffe3]|[0xffffff88]ho[0xffffffd8][0x9]Y[0xffffffb4][0xffffffc8][0xffffff8c][0xffffffeb][0xffffffab][0xffffff9b][0xffffffaf][0xe][0x3]u[0xffffffca][0xffffff89][0xffffff80][0xffffffb6]p[0xffffffcc]9W[0xffffffc0][\n]"
09:46:43.436 [main] DEBUG com.github.dockerjava.zerodep.shaded.org.apache.hc.client5.http.wire -- http-outgoing-2 << "IL[0x5][0xffffffde]L[0xffffffc8]g[0xffffffd0][0x19][0xffffff86][0xffffffe1][0xffffff89]r[0xffffff85][0xffffffe4]-[0xffffff9b]pi[0xffffff86][0x1b][0xfffffffa][0xffffff88][0xffffff8d][0xffffffcf][0xffffffa0][0x1a][0xfffffffd][0xffffffc4]%*[0xffffffa2][0xffffffa1];[0xffffffa4][0xffffffd7][0xffffffc0][0xffffffe2]|J[0xffffffbe][0xffffff9d]1[0x5][0xffffffe8]wz[0x6]Im[0xffffffe6]*[0xfffffff3][0xffffff89][0xffffff86][0xffffffaa]AD[0xfffffffd]t*Zl[0xffffff96][0x18][0x14][0xffffffbd]`[0xffffffe2]>[0xffffffd6][0xffffffd3]'*[0xffffffee][0xffffffc6][0xffffffee][0x11][0xffffffc2][0xffffffbf][0xffffffc6][0xfffffff5][0xc][0xffffffbe][0xffffffb7][0xffffffcf]w~(%[0xffffffd9][0xffffffa4][0xffffffc2]Y[0xffffffd9][0xffffffbb]Kh[0xfffffff0][0xffffff96][0xffffff84][0xffffffa8]DT[0x1f][0xffffffb9]q5[0xffffffe5]N[0xffffffe2])[0xffffffd0][0xffffff90]5[0xffffffe5][0xffffffe3]b[0x1e][0xb]u[\r]b.W[0xfffffff6][0xffffffd3][0xffffffec][0xfffffff5][0xffffffe7].[0xffffffe8][0xffffffde][0xffffffcd][0xfffffffc][0xffffffb4]:[0xffffffc5][0xffffff93]}[0xffffff8f]U[0xffffffc9][0xffffff89][0xffffffe2][0xffffff83]#[0xfffffff1][0xffffff99][0xffffff8a][0xffffffe3][\r][0xffffffc8][0xffffff96]d[0xffffffca][0xffffffe5]|F[0xffffffc0][0xffffffa4][0xfffffff8][0xffffffbc][0xffffffc7][0xffffffa7]y[0x12][0xffffffeb][0xffffff9e][0xffffffda]Z1[0xffffffa5][0xffffffa3]i[0xffffffd8]R#[0xffffffdb][0xffffffec]w[0xfffffffd][0xffffffdc][0xffffffbd][0xffffff89][0x3][0xffffffc1][0xffffffd5][0xffffffc8][0x8]]s*i[0xffffffb2][0xffffffe5][0xffffffe5][0xffffff99]w[0xffffff93][0xffffffa7]s[0xffffff92][0xffffffe7][0xffffffd4]l[0xffffffe7][0xfffffff0][0xffffffc0][0xffffffa4][0xffffffbe][0xffffff9f][0xffffffa8][0xffffffb3][0x7f][0xffffffad][0xffffffd3]Uk_[0xffffffd1]%[0xf][0xffffffdc]2[0xfffffffd][0x4][0xffffffaa][0xffffff98]V[0xffffffa2][0x5][0xffffffc6][0xffffffc4][0xffffffde][0xffffffd5][0xffffff9e]Vn[0xffffff8f][0xffffffbe][0x1b]z[0xffffffeb]$[0xffffff94][0xb][0xffffffc9]0V.[0x1c]x4D[0x0][0xf]6[0xffffff94]:[0xfffffff8]"[\r][0xffffffd4][0xfffffffd][0xffffffc9]#[0xffffffff][0xffffffbd][0xffffffd1][0xffffffca]ON"[0xffffff97][0xffffffe7][0xffffff9b]`[0xffffffd2]w[0x1b]4[0xffffffc5][0xffffffa7][0xffffffb3]GI[0xffffffc7][0x7f]:<8v3%[0xffffffb5][0xffffffc5][0x5][0xffffffe6][0xffffffd7][0xffffffd4][0xfffffffe][0xffffffdc][0xfffffff4][0xffffff9c]j[0xfffffffc]v[0xffffffc7][0xffffffb3][0xffffffc1]pCU[0x7f][0xffffffc2]B,9)[0xffffffcf][0xffffffb6] [0xffffff8d][0xffffffe3][0xffffffd4][0xffffffe9]{$qLY[0x6]\[0xffffffd4]a[0xffffffe9][0xffffff83]1;[0xfffffff3][0xffffff87]S[0xffffffcb][0xffffffee]gN[[0x17][0x14]>[0x17][0xffffffa7]w[0xffffff80]%yt[0xffffffc0][0xfffffffd][0xffffff9c]X[0xffffffe1][0xc]}[0xffffffb3][0xffffff8b][0x7]H[0xffffffa7]C([0xffffffc7]T)[0xffffff9b][0xffffffda][\r]a[0x1b]LTU[0xffffffb0]\E.[0xffffffde][0xffffffd2]1[0xffffffdb][0xf][0xffffffb6][0xffffff84][0xffffffc2]A[0x12]o[0xffffff91][0xffffffa1][0xffffffb6]/[0xffffffe8][0xffffff9a][0xffffffa3][0xffffff95][\n]"
09:46:43.436 [main] DEBUG com.github.dockerjava.zerodep.shaded.org.apache.hc.client5.http.wire -- http-outgoing-2 << "[0xffffffa0][0xffffffe1]k[0xffffff98][0xffffffda][0xffffffce][0xffffffcf][0x6]e`[0xffffffef][0xffffff93][0xffffffe9][0x3]W;[0x19]N[0xffffff8a][0x9][0x1][0xffffff96]R[0xffffffa8][0xffffff80]$[0xffffffa4][0xffffffb5][0xffffffb2][0xffffff9e][0x4][0xffffff93]>[0xffffff95]|[0xffffffb2][0xffffffd3][0xfffffff3]SW[0xffffffbe][0xffffffbf]\[0xffffff8c]/;>{,][0xffffffdf]3L[0xffffffbd][0x13]h[0xffffffd1][0xffffffd3]Pi@9[0xffffff97][0xffffffe2][0xffffff8b][0xffffffdc][0xffffff92][0xfffffff2][0xffffff8c]r[0xffffffad][0xffffffbb][0xffffffd3][0xfffffff8][0xffffffd1][0xfffffff1]h[0xffffffbc][0x5][0xffffffdd]x[0x13][0x10]][0xffffff82][0xffffffce][0xfffffff4] #ae9[0xfffffff5][0x13][0xffffffcd]x[0xffffff86]l[0x1b][0x0]~[0xfffffff0][0xffffffa0][0xffffffc2][0xffffff90][0x1c][0x18][0x19]M[0xffffffd7][0xffffffa0][0xffffffb2][0xffffffb8]S[0xffffffdc][0x6][0x19][0xffffffeb]=y[0xffffff85][0x19]%[0xfffffff3]>[0xfffffff6]6[0xffffff81]I[0xffffff82]K0p[0x13]0ch[0xffffffe2][0xffffffa6][0xffffffa9][0xffffffb6][0xffffffff]\g[0xffffffcf][0xffffffff][0xffffffda][0xffffffb8][\n]"
09:46:43.437 [main] DEBUG com.github.dockerjava.zerodep.shaded.org.apache.hc.client5.http.wire -- http-outgoing-2 << "[0xffffffba]m[0xffffffe2][0xffffffe2]U[0xffffff90][0xfffffff7][0xfffffffa]?[0xffffffc7][0x1c][0x3]%[0x1d]*[0xffffffc7][0x1a][[0x16][0xfffffff9][0xffffffe4]-uV[0x3]x+[0xffffffb5][0xffffffc9]g[0xffffffda]D[0xffffffbb][0x1e]][0xffffffc7]5M[0xffffff93][0x12]j[0xffffffa3]ybkM&;X[0xffffffc5] [0xfffffffc]G[0xffffffd7]n[0xfffffff8]_[0x7f]y[0xffffffca][0xffffff98]h[0xffffff81]q[0x0][0x0][0xffffff9b][0xffffff82][0xffffffba][0xffffffc9]U~[0xffffff95][0xffffffe6][[0xffffffbf]QOB3[0xffffffe0][0xffffffc6][0xffffffd8][0x1e][0x0]DH=[0xfffffffd]T[0xe]\[0xffffffdc][0xb][0x0][0xffffffc0]Xg[0xffffffa0][0xffffffac][0xffffffe0][0xffffffdd][0xfffffff3]e[0xffffffae][0xfffffff7][0xe][0xffffff9e]L[0xffffffb8];[0xffffff93]F[0x0][0x0][0xfffffffc]=[0xffffffd5][0xffffffd7][0xffffff92][0xffffffae][0x15]is?}[0xffffff81]R[0xffffffe3][0xffffff97][0xfffffff6][0xffffffb9]s'[0xffffff97][0x1c]Qq[0x12]f>[0xffffff93][0xffffffea]d[0x12]B([0xffffffdc][0xffffffd3][0xffffffcb][0x7f][0x1a]5$_[0x1b]q[0x4]vj[0xffffffa5][0x18][0xffffff9e] Zt[0xfffffff4]p[0xffffffb3]{[0xfffffffe][0xffffff9a]f[0xffffffe5]k[0xffffffac]![0xffffffc3][0xffffffed][0xe][0xfffffff1][0x1e]v[0xffffffec][0x14][0xffffffb2]F[0xfffffffc]$[0xffffff8e][0xffffffe6]j[0xffffff88][0xffffffa0][0xffffffb1],[0xffffffa6]z[0xffffffb3][0xffffffc6][[0xffffffc1][0xffffffa5][0xffffffd5][0xffffffda][0xffffff82]![0xfffffff7][0x13][0xffffffeb][0x19]gy[0xffffffb2][0xffffffb9][0x1e][0x11]c`[0xffffffe4][0xffffffa7][0xfffffff2]S,[0xffffffac][0xffffff99][0xffffff8a][0xffffffa8][0xffffff8f]X[0xffffffba][0xffffffb0]t[0xffffffce][0xffffffe1]>[0xfffffffd][0xffffffb2]h[0xffffffd4][0xffffff95]I7N[0xffffffda]Im[0xfffffff9][0x1][0xffffffb3][0x0][0xffffffaf][0x7f][0xffffffb0][0xfffffff8][0xffffffbb]P[0xffffff97][0xffffffaf]<[0xffffffe6]5[0xffffff95][0x1][0xffffffe1][0x12]Bv.[0xffffffcf][0xffffffc5]g[0x9][0xffffff88][0xffffff84][0xffffffbb])h[0xffffff85][0xffffffd7]A[0xffffff8f][0xffffffa6]Qp[0xffffffdb]YSu[0xffffff89]rR[0xffffffb7][0xffffffb9]O[0xffffff93]M[0x1][0xffffffe2].BEs[0xffffffcc][0xffffffd8][0xffffffe3][0xffffffc1][0xffffffee][0xffffffa5][0xffffffdb]7/[0xfffffffa][0xfffffff3][0xffffffe7]h[0xffffff9a][0xffffff88][0xffffff88][0xffffffca][0xffffffb0][0xffffffa0][0xffffffce][0xfffffff3]})[0x14]niS[0xffffffbc][0x1e]WQ[0xffffffa3][0xffffffa3][0xffffffb4][0xffffffb5][0xffffff8d][0xffffffd2][0xfffffffe][0xffffff97][0xffffffa3][0x7f][0xffffffe7][0xffffff80][0xfffffff6]m[0xffffff82][0xffffff90]S!'8e[0xffffffb8][0x15][0xffffffad][0xffffff98][0xffffff80][0xfffffffa][0xffffffe6][0xffffffb4][0xffffffd0][0xffffff86][0x11]J0X[0xffffff83][0x17][0xffffffb8][0x13][0xffffffa1]=[0xffffffc0]>k"[0xffffffa0][0xffffffb8].[0xffffffd3]F[0x3]o[0x1a]z&[0x1d]T%[0xffffffa8]N7[0xffffff88][0xffffffdf]-![0xfffffff7]5[0xffffff90].%[0xffffffda][0xffffffcb]A[0xffffffab][0xffffff9c][0xffffff80][0xffffffd5][0xffffffec]D[0xffffffcd]![0x6][0xffffffe4][0x8][0x14]=[0xfffffff4][0xffffffe7]o'[0xffffffb1]f$[0x7][0x1a][0xffffff9d][0xffffff81][0xfffffff9][0xffffffb8][0xffffff95][0xffffffda][0xffffffeb][0x18]qW[0xffffff8b]gqG@[0xffffff8b][0xffffff91][0xffffff8d][0xffffffaf][0xffffffa6][0xffffffbd]lP[0x15][0xffffffe5][0x5]e[0xffffff96][0xffffffdf]yh[0xffffffcc][0xffffffc4][0xffffff82][\n]"
09:46:43.437 [main] DEBUG com.github.dockerjava.zerodep.shaded.org.apache.hc.client5.http.wire -- http-outgoing-2 << "[0xffffffd5][0xffffff8a][0xfffffff6]n$v[0xffffffd4]`[0xffffffc5][0xffffffe5]m[0xffffffba][0xffffffe6][0xffffffbd][0x14]8o1Id[0xffffff8c][0xffffff8a]![0xffffffbf]g[0xffffff83][0xffffff9a][0xffffffc8]K[0xffffff83]S[0xfffffff4][0xfffffffe][&[0xffffff9d][0xffffffe2][0xffffff9a][0xffffffca][0xffffffe3]Z[0xffffffbc]37l[0xffffffcd]"[0xffffffc1][0xf][0xffffffe7][0xffffffca] [0xffffffd1][0xffffffaa]o[\n]"
09:46:43.437 [main] DEBUG com.github.dockerjava.zerodep.shaded.org.apache.hc.client5.http.wire -- http-outgoing-2 << "[0x16][0xffffffe5]Z[0xffffffac]Z[0xfffffff2][0xffffff82][0xffffffde][0xffffffd9][0x13][0xffffffd7][0xffffffdf] ;n[0xffffffff][0xffffffd9][0xfffffff3][0xffffffeb][0xffffffcf]D[0xffffffac][0xffffffac][0xfffffff2]3[0xffffff88]R+j[0xffffffe7]y[0xffffffbd][0xffffff98]g[0x0]^3|w[\n]"
09:46:43.437 [main] DEBUG com.github.dockerjava.zerodep.shaded.org.apache.hc.client5.http.wire -- http-outgoing-2 << "V1[0xffffff85]@[0xffffffd7]yd3r[0xffffffd8][0xffffff96][0xffffff9c][0xffffffcc][0x8][0xffffffee][0xffffff9b]|[0xffffffc5][0xffffffd0]I[0xe][0xffffffd3];Ml[0x5]|[0xffffffa3][0xffffffdd]M[0xffffff9b]'<[0x16][0xffffff89]m[0xffffffd1][0xffffffd0]y[0xffffffe2]p[0x11][0xffffffbc][0xfffffff5][0xffffffd1][0xffffffad]y[0x9][0xffffffa9]z[0xffffffe6][0xffffffa0]B[0x10][0xffffffc8][0xffffffc1][0xffffff87][0xfffffff8][\n]"
09:46:43.437 [main] DEBUG com.github.dockerjava.zerodep.shaded.org.apache.hc.client5.http.wire -- http-outgoing-2 << "A[0xffffff91][0xfffffff0][0xffffffbe][0xffffffaa][0xffffff9b][0xffffffea][0xffffffd2]zR[0xfffffffb][0xffffff98][0x8][0xffffff92][0xfffffff8][0xffffffdc][0xffffffa9][0xffffffc1][0xffffffb1][0xffffffff]E[0xffffffd5][0xffffffca]A1[0x13][0xffffff9a][0xffffffeb][0xffffffa2][0xffffffdb]'[0xffffff9e]Y[0xffffffb5][0xffffffe2]1[0xffffffa5][0xfffffff9]0[0xffffffb0][0xffffffb4][0xffffffcf]0[0xffffffb6]o[0x1c]}[0xffffffa7] [0xffffffa6][0xffffffb4]g[[0x18][0xffffffaf][0x10][0xffffffaf][0xffffff92])FGD[0x9][0xffffffa6][0xffffff9b][0xffffffa8][0x6]:[0x3]a[0x1c][0xffffffbe][0xffffffe2]l[0xffffffec][0xffffffd8][0xfffffffb]K8[0xffffffca][0xfffffff1][0xffffffd6]c[0xffffff90][0xffffffa2]m\[0xffffffbd]g[0xf][0x4]x[0xffffff9e]2s'[0x17][0xffffffde]c[0xffffffde][0x1b][0xffffffa3][0x1c][0xffffffad][0xffffffff][0xffffffef]+,[0xffffffb4]SS[0xffffffa6][0x18][0x7][0xfffffff7]jH[0xffffffa4][0xfffffff0][0xffffff98][0x1c][0xffffffc5][0xffffffe7]!1{[0xffffffd0]#[0x19][0xffffffa8]2EZ[0xffffffc9][0xffffffc5][0xffffffb4]r[0xfffffff8][0xffffffd6][0xffffffed][0xffffffe1],[0xffffffdf][0x15][0xffffff9e][0xffffffec]u[0x18][0xffffffd7][0xffffffd5][0xffffffe9][0x6][0xffffff92][0xffffffc8]X][0xfffffffe]a[0x14]{[0xffffffcc][0xfffffff9][0x8]DQ[0xfffffff8]h[0xffffffec][0x1d],[0xffffffb0]X[0x8][0xffffffe1][0xfffffffe][0xfffffff1][0x14][0xffffffdd]O[0x1b]@[[0x1c]X[0xffffffb0][0xffffff83][0xffffff94][0xffffffbd][0x10]S[0xffffffd2]l[0x17]9[0xffffff94]'!a[0x7f][0x1d][0xffffffff][0xffffffa0][0xffffffdd][0x14]d[0xffffffe8][0xffffff85]![0xffffffc4][0xffffff95]n[0xffffffa6][0xffffffc7][0xfffffff9][\r][0xffffffd2]V[0xffffff82][0xffffffaa]h[0xffffffca][0xffffffa0]T[0xfffffff4][0xffffffed]rxN[0xffffffa9][0xffffffe7][0xfffffffd]2[0x9][0xffffffb1];[0xffffff8f][0xffffffc4]+[0xffffffc3][0xffffffb5][0xffffffb8]X[0xffffffc7][0x7]D[0xfffffffb]M[0xffffffa8][0xffffffa9][0xffffff8e][0xffffffdd][0x1f][0x18][0xffffffb7]$^[0xffffffb7][0xffffffeb][0xffffffbe][0xffffffa6]W[0xffffffa4][0xfffffff6][0xffffffc3][0xffffffdf][0xffffffc1][0xffffffba]9t[0xffffffa1]|[0xffffffc5][0xffffff81]\[\r][0xfffffffd]=[0xffffffd4][0xffffffc0]S{&[0xffffffe7][0xffffffd3]_[0xffffff97]E[0xe][0xfffffff5][0xfffffffb][0xfffffff0]~[0xffffff8d][0xffffffa7]F[0xffffffd5]'[0xffffff9b]X[0xffffffea] [0xffffff8e][0xfffffff3][0xffffff98]'[0xffffffa1][0xffffffbf][0xffffffa0][0xfffffff7][0xffffffa4]c[0xffffffb0][0xffffffff][0xffffff96]^rx([\n]"
09:46:43.441 [main] DEBUG com.github.dockerjava.zerodep.shaded.org.apache.hc.client5.http.wire -- http-outgoing-2 << "jC[0xfffffff1]3[0xffffffa0][0xffffffca]=[0xfffffff6]q[0xffffffe9]'[0xffffffd0][0xffffffbe][0xffffffc6]Y[0xffffffaa][0xffffff8e][0xffffffa3]o[0xffffff9c][0xffffff9c][0xffffffe8][0xffffffcd]b[0xfffffffd]m[\n]"
09:46:43.441 [main] DEBUG com.github.dockerjava.zerodep.shaded.org.apache.hc.client5.http.wire -- http-outgoing-2 << "[0xfffffffc]jP)[0xffffff85]Q[0xffffff82][0xffffffba][0x16]0[0xffffffad][0xffffffb5][0xffffffcf])[0xffffffab][0xffffffbf][0x6]/[0xfffffff9][0x2][0xffffffa0]W[[0x18]@[0xffffffe0]^[0xffffff9b][0xe][0xffffff95][0xffffffb6][0x2][0xffffff87]^[0xffffff81][0x15].[0xffffffc4][0xfffffff9][0xffffffc7][0xffffffe6][0xffffff90][0xffffff8e]d[0xffffffd7]q[0xffffffac]9[0x14][0xffffff98]uSW[0xffffffa6][0xffffffd9]I[0xffffff8d]L[0xffffffcc] [0xffffffaf][0xffffffae][0xffffffda][0xffffffa6][0xffffffac]8e<[0x15]V[\n]"
09:46:43.441 [main] DEBUG com.github.dockerjava.zerodep.shaded.org.apache.hc.client5.http.wire -- http-outgoing-2 << "[0xffffffd1]O[0xffffffee][0xffffffc1][0xffffffa9][0xffffffcb]F[0xffffff8b][0xfffffff2]?[0xffffff98]V[0x2]=}[0xffffffa1][0xffffffa8][0xffffff9b][0xffffffd7][0xffffffad]hD[0xffffffca][0xffffffd1]g[0xffffffa0][0x1f][0xffffffcc][0xffffffc3]#G[0xffffffb1][0xfffffffc][0xffffffa1]K'[0xffffffcf]4G[0xffffffa2]Q3[0xffffffbf][[0xffffffdb][0xffffffde]\.[0xe]][0xffffff92]G[0xffffffdd][0xffffff9d][0x19]y[0x7f][0xfffffff4][0x19]}[0x15][0xffffff98][0xffffffbd][0x4][0xfffffff3][0xffffffd0][0xffffff8f]+[0xffffffb7][0xffffffa6][0x15][0xffffffff][0xffffffda][0xffffffcf][0xffffffca]qP[0xfffffff9]bZ[0xffffffd9][0xffffffef]\[0xffffffb1][0xffffffbb]][0xffffffba][0xfffffff6]U[0xffffffaa]QHT@[0xffffff86][0xffffff92][0xffffffde][0xffffffb3][0x16][0xffffff99][0xffffffc8][0xfffffff7]8[0x3][0xffffffd6]S[0xffffffc1]e[0xffffffbf]?[0xffffffe5][0x6][0xffffffb5][0xffffffeb][0xfffffff9][0x1d][0xffffffc2]+[0xc][0xffffffcb]q[0x8]no4[\n]"
09:46:43.441 [main] DEBUG com.github.dockerjava.zerodep.shaded.org.apache.hc.client5.http.wire -- http-outgoing-2 << "%[0xffffff83][0xffffff9a]S[0xffffffd4][0xffffffa5][0x1f]9[0xffffff8b]R~[0xffffff91][0x10][0xffffffb6][0xfffffffb]+:[0xffffff88]-ZpQ[0xffffffb3][0xffffffef][0xffffff98]/[0xffffffcb]L[0xffffff89]P[0xffffff97]i[0x19]B[0xffffffbc]GT[0xffffff89][0xffffffb9][0x17]}[0xffffffcb]R[0xffffffd5]L[0x18])[0xffffffcc]@[0xffffff89][0xffffffd8][0xffffffd0][0xffffff89][0xffffff91]a[0xffffffa6][0xffffffbc][0xffffffff]x[0x3][0x5]H[0xffffffd6][\n]"
09:46:43.441 [main] DEBUG com.github.dockerjava.zerodep.shaded.org.apache.hc.client5.http.wire -- http-outgoing-2 << "_8G[0xffffff88][0xffffffb7][0xffffff96]A[0xffffff86][0xffffff95][0xffffff8c][0xffffffb3][0xffffffcb]jZ[0xffffffd1]/Ki[0xffffff8e][0xffffffea]-[0xffffffab][0x1a][0xffffffab][0xffffff87][0xffffffe3]W~[0xffffff9f][0x1d]K[0xffffffed][0xffffffe4][0x1f][0xffffffd5]=B[0x13][0xffffff83][0xf][0xffffffd0][0xffffffe7][0xffffffbf][0xffffffbd][0xffffffdc]_[0xffffff9f][0xffffffad][0xffffffbc]zg[0x10]^\[0xffffffc2]A[0xffffffbb]0[0x8][0xffffffed]+~[0xffffffa5]p-U[0xffffffbb][0x1b]p[0xfffffff0]y[0x1c]S6[0xffffff9e][0xffffffd9][0xffffffb0][0xffffffca][0x1a][0xffffff83]M4=[0xffffffbd]m[0x1e][0x16][0xffffff9a][0xffffffee]wu[0x12]W/[0xffffff83][0xfffffff2][0xffffffa9][0xffffff9d][0xffffffa5]4[0xffffff89][0xffffff8b]Cw\[0x14][0xffffffb1]X_[0xffffffc1]P[\n]"
09:46:43.441 [main] DEBUG com.github.dockerjava.zerodep.shaded.org.apache.hc.client5.http.wire -- http-outgoing-2 << " ~[0x16][[0xffffffd1][0xffffffbb]S>I[0xffffff90]i[0xffffff9b][0xffffffed]b[0xffffffea][0xfffffff8][0x1a]([0xffffffc6][[0xffffffc5][0x10][0xffffffbc]e[0x2][0xffffffb6][0xffffff89][\r][0xffffffae]I[0x13][0x15]r[0xffffff82][0xffffff94]8[0xffffffc8][0xf]^[0xffffffe9]![0xffffffd2][0xffffffbe]4[0xffffffdd]b[0xffffffca][0x11][0xffffffad][0xfffffff7]T\;[0xe][0xffffff92][0xffffffde][0xffffff81][0xfffffffe][0x7f]b[0xffffff8d][0xffffffce][0xffffffb1]d[0xffffffe7][0xfffffffd])[0x2]^,[0xffffffcd]D8[0xffffffa9]?g[0xffffffe6][0xffffff8f][0xffffff8d][0x1a]6p[0xffffffb4]K[0xffffff91]'[0xffffffd0][0x19]7[0xffffffeb]M[0x6][0xffffff86][0xffffffec]wK[0x4]"[0xffffffcc][0xffffff90][0xffffffd7]_fg[0xfffffff0]jj[0xffffffaf][0x5][0xffffff9c][0xe][0xffffff9f]e_[0x1b]v[0xfffffff9]i[0xffffffec]n[0xffffff92][0xffffff98][0xffffff9c][0xffffffa8]N[0xffffffb0][0x11],[0xffffffef],[0xffffff93][0xffffffb8]k[0xffffffd5][0xe]ub?[0xfffffff9]g[0xffffffdc](M[0xffffffaa]R[0x8]PC[0xffffffa9][0xffffffc8][0xffffff8c][0xffffffe3][0xffffffec][0xffffffb3][0xffffffdb][0xffffffae][0xffffff83];[0xffffffea][0x5][0xffffffab][0xffffff8e][0xffffff9d][0xffffffe5][0xfffffff1][0xfffffff2][0xffffffe2][0xffffffc6][0xffffffe1]0[0xfffffff3]|[0xfffffffc][0xffffffa9][0xffffff8f][0xffffff97][0xffffffb4]T[0x5][0xffffffb3][0x14][0x1a]3[0xffffff9c]-[0xffffffe3][0x7][0x1c][0xffffffe3]o>[0xffffffbe][0xfffffff2][0xffffffd6]QsVz[0xffffffe7].[0x7f][\r][0xfffffffe]t[0xffffffac][0xffffff8f])E[0xffffffae]6U[0xffffffcd]Y[\r][0xffffff84][0xffffffdd]74[0xffffffdc][0xfffffff8]V[0xffffffd7][0xffffffe4]0[0x7f]pB&[0xffffff8a][0xfffffff9]e[0xffffffed][0xffffffd8][0x13][0x13][0xffffffb2]H[0xffffff8a][0xffffff9b][0xffffffe4]|ha[0xffffffb4][\n]"
09:46:43.442 [main] DEBUG com.github.dockerjava.zerodep.shaded.org.apache.hc.client5.http.wire -- http-outgoing-2 << "*5y[0x16]G[0x15][0xffffffbc][0xffffff89][0xffffff99]A[0xffffff8f]R[0x1f][0xffffffce][0xffffffe1][0xffffffb3][0xffffff9e][0xffffffdc][0xffffffe2][0x7][0xffffff83]Nz[0xf][0x10][0x1f]g6[0xffffffa3]}hC[0x1d]x[0xffffffa7]6I[0xffffffa5][0xffffff9d][0x17]9.q[0xffffffc1][0xffffffd9][0xffffffa5][0x16][0x1e]U4[0xffffffdb][0xfffffff7][0xffffffa6][0xffffffc8]}[0xffffffe1]<LB[0xffffff8d]KlX[0xfffffff8][0xffffffcb][0x1a][0x6]m6Y[0x1e][0xffffff88][0xffffffa5]&C[0xffffffc4][0x1a][0xfffffffd]X[0xffffffb0]'W[0xffffffe9]$[0xc][0xffffff92][0xfffffff7][0xffffffd8][0x0]O[0xffffffe5][0xffffff93][0xffffffca])[0xffffffc7]o[0xffffffe2]U/[\r][0xffffffae][0xffffffe4]I [0xffffffad][0xffffffdd][0xffffffef]C[0xffffff84],h[0xffffffa0]>G[0xffffff9e][0xffffffcb]Y[0xffffffee]h[0xffffffec][0xffffff86][0xffffffc1][0xffffffbd]6[0xffffff87][0xffffffe0][0xffffffe9]d[0xffffffbd]a[0xffffff9f]I\[0xfffffff2]b[0xffffffeb][0xffffffa6]|[0xffffffef]}[0xffffffdf][0xffffff86]l_W[0xffffff8d][0xffffffc1][0xffffff9c][0xffffffab]z[0xffffff89][0xffffffc7][0x2]II`;[0xffffff85][0xffffffb0][0xfffffff6][0xffffffeb]d[0xffffffe7][0xffffffa7][0xffffff85][0xfffffffd][0x6][0xffffffff][0xffffff92][0xffffffe6]2[0x12]F[0x7f][0xfffffff0][0xffffffc3]4)[0xffffff9c][0xffffffa5][0xffffffd5][0xffffffac][0xfffffffd]j#U[0xffffffe8][0xffffffc6]o-#zN[0x8]W[0xffffffb8][0xffffff84][0xffffffb0][0xffffffaa]p[0x3][0xffffffdd]*SS'[0xffffffdb](k[0xfffffff6][0x2][0xffffff94]>[\r][0xffffff95][0xfffffffb][0xffffffc6]7'[0xffffffde][0xffffffa5][0xffffffe1][\r][0xffffffae]=[0xffffffc2][0x9]k[0xffffffe3]3e[0xf][0xffffffe5][0xb][0xffffffda][0xffffffb5][0xfffffff7][0xffffffd0][0xffffffd9][0xffffffb2][0x1c][0x11])0A[0x1b][0xffffffa1][0xffffffd1][0xb][0x1b][0x19][0xffffffbb][0x9]/[0xffffff89]=[0xffffffcc][0xb][0xe][0xf][0xffffffd7][0xffffffa1][0xffffffc6]Z[0xffffff97]=>[0xffffff93][0xffffffc9][0xffffff99][0x7][0xffffffd9]|/[0x1e]k[0xffffffee][0xffffffe1][0xffffff93]'[0xffffff89]7[0xffffffe5]y[0xe][0xffffffd5]k;[0xffffffd5][0xffffffb9]l} [0x11]n[0xffffffcc][0xffffff80]?(!5[0xffffffb6][0xfffffff0][0xffffffb3][0xffffffaf]-[0x1e]5[0x3][0xffffffb7]X[0xffffff9d]7[0xffffffef]fB|[0xfffffff5]?[0xffffffb3][0x17][0xffffffcd][0x1e]I+A[0x1d][0xffffffdf] [0xffffff94][0xffffff9c][0xffffff84]z[0xffffffea][0xffffffaa][0xffffffac]v[0x1e]l[0xffffffcb][0xfffffffa][0xffffffa4]m[0x6][\r][0xffffffef]"[0xffffff93][0xfffffffc][0x19][0x19][0xffffffdc][0xffffffa2][0xffffffef][0xffffffaa]3[0x1f]|s[0xffffffa5]X[0xffffffe2][0xffffffd5].bQh[0xffffff9d][0xffffffa5][0xffffffbb]U[0xffffffe2][0xffffffad][0xffffffe6][0xffffffb6]N|[0xffffff9c][0xffffffae][0xffffff94][0xffffffba][0xffffffec]F[0xfffffff8][0x9]"[0xffffffff][0xffffffe5]mE..[0x5][0xffffffd4][\n]"
09:46:43.442 [main] DEBUG com.github.dockerjava.zerodep.shaded.org.apache.hc.client5.http.wire -- http-outgoing-2 << "LOJ[0xffffff8f]G0h[0xfffffff3]cm[0xffffff97];n%[0xfffffff6]7[0xffffff8b]F46[0xffffff8d]Pn[0xffffffe1]g[0xffffffd0][0xffffff83][0xffffff80][0xffffffaf][0xffffff8c]z[0xffffffaf][0xffffff80]0[0xffffffd5][0xffffffa8][0xffffffda]I[0xffffffd2]d[0xffffffdd]p0\'J[0xffffffe9][0xffffff84]!\#I[0xffffffee][0x14][0xffffffd4][0xffffffef][0xffffff8e]E[0xfffffffa]+i[0xffffffdf][0x9][0xffffffb7]s[0xffffffa9][0x16][0xfffffff4][0xffffffe0][0x17]oV[0xfffffff7]V[0xffffffce][0xffffffcf][0x1f][0xffffffcb]A[0xffffffdb][0xffffff8e][0xfffffff4][\n]"
09:46:43.442 [main] DEBUG com.github.dockerjava.zerodep.shaded.org.apache.hc.client5.http.wire -- http-outgoing-2 << "[0x7f]I4B4[0xffffffa9]Y[0xffffff91][0x10]%[0xffffff83][0xffffff85][0xffffffe3][0xffffffad][0xffffffdb]_c>;[0xffffffaa][0x8]N4W[0xffffffbe]NZ[0x18][0x16][0x7f]O{&[0xffffffb1]h3[0xffffff9b].-[0x10]K[0xffffffa8][0xffffffbf][0x7]][0xffffffaa]J[0xffffff85]E[0xffffffb3]U[0xffffffc1][0xfffffff8][0xffffffae][0xffffffbc][0x11][0xb][\r][0x12][0xffffffb7][0xffffffa2][0xffffff99][0x5][0xffffffa7]OE[0xffffffd0][0xffffffc4][0xffffff82]!^~eEy[0xfffffff3][0xffffffbc]]4[0xffffff96]ve[0x6][0xffffffd5][0xffffffdc]n[0xffffffb6][0xffffff94]K%RY[0x17][0xffffffd9]h[0xffffffa9]-[\n]"
09:46:43.442 [main] DEBUG com.github.dockerjava.zerodep.shaded.org.apache.hc.client5.http.wire -- http-outgoing-2 << "Z[0xfffffff9][0x15][0xffffff93]TM[0xffffffb3][0xffffff91][0xffffffc9][0xfffffff7][0xffffffa6][0xffffffa6]zg?[0xffffffd8][0xffffffa9][0xffffffcb]\^[0xffffff9c][0xffffff82][0x19]:z[0xfffffff9],T[0xffffffbe][0xfffffffe][0xffffffb9][0xffffffd1]z[0xb]J[0xffffff81]$[0xffffffd5][0xffffffcf][0xffffffb6][0xffffff8a]E =O[0xffffffaa][0x1][0xffffffb3][0xffffffb6]Pa[0x13]Y[0xffffffec]<Qz[0x1a][0xffffffa0]([0xffffff94][0xffffff8f][0xffffffb9]|`[0xffffffd4][0x3]uv^_[0xffffff92][0xf]S[0xffffffb8][0xe][0xfffffff8][0xffffffb3]:[0xffffffab]V[0xffffffcd][0xffffffa1][0xffffff90][0xffffffaa][0xffffffad][0x19][0x1a][0x4][0xffffffa7][0xffffff94][0xffffff99][0xffffffb2]B,[0x14][0x8][0x7f][0xfffffff0]~[0xffffffc8][0xffffffe6][0xffffffbb][0xffffffd6]k[\n]"
09:46:43.442 [main] DEBUG com.github.dockerjava.zerodep.shaded.org.apache.hc.client5.http.wire -- http-outgoing-2 << "[0xfffffff0][0xffffff88][0xffffffd9]`T[0xfffffffc][0xffffffc9]O[0xfffffff5][0xfffffff3]"[0xffffff85]j[0x17][0xffffffa9]F [0xffffff84][0xffffffd2][0x1][0xffffffad][0xffffffd3][0xfffffffa]j(1[0xe][0xffffffa8][0x8] |[0xffffffcd]`R[0xffffffb7][0xffffffd8][0x1b][0xffffffd9][0xffffffdd][0x9][0xffffffec][0xffffff8d]#@[0xffffffa5][0xffffffc2]Yp[0xffffff86][0xffffffdb]^[0xfffffffe][0xffffffc9][0xffffffa2]DT>[0xfffffff2][0xffffff95]@G[0x2]88-67[0xffffff82][0xffffffea][0xe][0xffffffdd][0x10][0xfffffffa][0xffffff81][0xffffffe8][0xffffffb7]2[0xffffffe5][0xffffff8c][0x9][0xffffffd7]U[0x2][0xffffff8c][0x16][0xffffffe3][0xffffff8e][0xffffffde]JCwV[0xffffffb8][0xffffff95];[0xffffffa5]^gx[0xffffff88]I*[0x12][0xffffffd5]64[0xffffffac][0xfffffff4]v[0xfffffff3][0xffffffe0][0xffffffa3]n[0xffffffdb][0xffffffce][0xffffff80]D[0xffffffda][0xffffffdc][0xfffffffe][0xffffff96]M[0x11][0xffffffcb][0xffffffc4]t^[0xffffffeb][0xffffffe6][\r]O_[0xffffffcf][0xffffffe7]2rp[0xffffffb9]4[0xffffff85][0xfffffff3][0x6][0x12][0xffffff81][0xffffffe0]l\[0xffffffa4][0xffffff8f][0xffffff94]^[0xfffffff1]n[0x18]Oy[0xffffffd3][0xfffffff1]+{[0x16][0x8][0xffffffa3]*[0xffffff8a][0xffffff89]z[0xffffffcc][0x1d]H[0xffffffd0][0xffffff8c][0x15][0xffffffa4][0x17][0xffffffa5][0xffffffcd],mS[0xffffffe1]][0xffffffc4]J[0x1f][0xffffffc1],[0xfffffffc][0xffffffc6][0xffffff89][0xffffffa1]Jk[0x15]N[0xfffffff3]t[0xffffffb5][0xffffffad][0xffffffc2]i[0xffffffd9][0xffffffb2]W`[0xffffff85]Zke[0xffffffd3][0xffffffe2]O[0xfffffff8]h[0xffffffa2]U[0xffffff9d][0xffffff99]A%[0xffffff8f][0x4][0xffffffa3][0x4][0xffffffa6][0xffffff83][0x12]@[0xc][0xfffffff4]F[0xffffffa8]08y[0xffffffab][0xffffffbf]([0xffffffa2][0xffffffc0]OS[0xfffffffc][0xffffffa5]&p[0xfffffffe]~k\2[0xffffffdf][0xffffffc3][0xffffffd8]x[0xffffff82].[0xffffff95][0xffffff9c][0xffffff91]py0[0xffffffb1][0xb][0xffffffe4][0xffffff91][0x7f]l[0xffffffab][0xffffffc4][0xffffff97][0xffffff96][0x12][0x18][0xffffffc0][0xffffffce]o$[0xffffffa4] [0x3][0xffffff84][0xffffffd4][0x6][0xffffff99][0xffffffa0][0xffffffb0][0xfffffff7]Xi[0x19]Y[0xfffffff3][0xffffffa5][0xfffffff1][0xffffff9b]j^[0xffffffff][0xffffffdb][0xffffffbf][0xffffffd0][0xe]%[0x4][0xc]}[0xffffff9e][0xffffffb8][0xffffff82]7[0xffffff81][0xffffffb7]@tL[0xffffffef]E[0xffffff81]e[0xffffff97][0xffffffaa][0xffffffa7][0xfffffffa][0x9]Ln[0xffffffae]I[0xffffffd1][0xffffff8f][0xffffffa8][0xffffffd7]oO[0xffffff92][0xffffffdc][0x18][0xffffffba][0x18][0xffffffb2][0xffffffb0][0xffffffa9]?[0xffffffeb]c[0xffffffcd]c[0xfffffff4][0xffffffe5][0xffffffad]`[0xffffff97]X[0xffffffbc]F[0xffffff82]!8[0xffffff9c][0xfffffffe][0x8]_[0xffffffed][0xffffffcb]#^I[0xffffffe4][0xffffffc9][0xffffffea][0xffffffde]V[0xffffff9d]M[0xffffffe8][0xffffffae][0xffffffda][0x1a]5[0x2]:[0xfffffff1][0xffffff84][0xfffffff2]v[0xffffff86]Ua[0xffffffea][0xfffffff8]SP[0xffffffa5][0xffffffa7]{Zl<WL[0x1e][0x1f][0xffffff8e]Z!tH[\r]&[0xffffffb9][0x18]0[0xffffff94]m[0xffffff93][0xfffffff3][0x18]r5W[0xf]c[0xffffffd5][0xffffff81][\n]"
09:46:43.442 [main] DEBUG com.github.dockerjava.zerodep.shaded.org.apache.hc.client5.http.wire -- http-outgoing-2 << "9[0xffffffe7][0xffffffea][0xffffffd4]=[0xc][0x14]2[0xffffffdd][0xffffffad][0xffffffef][0xfffffff3][0xffffffb5][0xfffffff6]'[0xffffffb4][0x5][0xffffffc2][0xffffffb3][0xffffff93][0x15][0xffffffab]J[0xffffffce]8`1[0xffffffb9][0xffffffc6]=:)[0xffffffe1][0xffffff8e]0[0x9][0xffffffff][0x17][0x19]$[0x3][0xffffff97]h[0x8][0xffffffad][0xffffff84][0xffffffff][0xfffffff2]y[0xffffff8b]d[0xffffffec]|[0xffffffe8]l^[0x9]~>}CnX[0xffffff98][0xfffffff7]_[0xffffff8d][0xffffffd7][0xfffffff7]K0[0x5]@[0xffffffcb][0xffffffbd]l[0xffffffd4]cq1[0xffffff9d]%P[0xffffffe5]Jfj#[0xfffffffa][0x11]j[0xffffffe1][0xffffff87][0xffffff80]/[0x10]H[0xfffffff3][0xfffffff7]][0xfffffff2][0xffffffca][0xffffff88][0xffffffd8][0x4]m;[0xffffffac](s_][0x7][0xffffffdc][0x5]^)[0xfffffff8][0x9][0xffffffc6]*[0x13][0xfffffffe][0xfffffff1][0xffffffa7]{[0xffffff99]$[0x19][0xffffff9b][0x8][0xfffffffa][0xfffffff9]K[0xffffffeb][0xffffffbb]qxQ[0xffffffee][0xffffffb1]@y[0xffffffc1],e[0xffffff8c][0xffffff9e]?[0xfffffff3][0x8]_jD[0xffffffb6]&[0xffffff91][0xffffffa5]s[0xffffffbb]![0xffffff97]X~e>B[0xffffffc6][0x18][0xffffffdc]2[0xfffffff4][0xffffffa1][0xffffff97]bco[0xffffffc0][0xffffffc4][0xfffffffa][0xffffff8c]W5|[0xffffffb1][0xffffffc7] [0xffffffdd][0x0][0xffffffee][0x15]![0xfffffff1][0xffffffa6][0xffffffdf][0x5]H[0xffffffc3]Q[0xfffffff2][0xffffff94]C<[\n]"
09:46:43.442 [main] DEBUG com.github.dockerjava.zerodep.shaded.org.apache.hc.client5.http.wire -- http-outgoing-2 << "[0xffffffab][0x19]([0xffffffd8][0x7][0xffffffcd][0xffffffb6]j,][0xffffffd9][0xffffffaf][0xffffffee][0xfffffffd]mqjb"[0xffffff84][0x3]x[0xffffffc1]v[0xffffffa2][0xffffffaf]&[\r][0xffffffb6][0xffffff84][0xffffffdb][0xffffff88][0xffffff80]([0xffffffe7]T[0xffffffd3][0xffffffaf][0x1d][0xffffffcb][0xffffffc9][0xfffffffe][0xffffffab][0x1f][0xffffffec]e"[0xffffff86][0xfffffff8]][0x1c][0xffffffc4]S[0xffffffc0][0xffffffdf]m[0xffffffed][0xffffff82][0x1][0xffffffe2][0xffffff9a][0xffffffdb][0xffffff97]M[0xffffffb9][0xfffffffe][0x1a]xb[0xffffffb7][0x8][0xffffffff][0xffffffbf][0xfffffff1][0xffffffe4]8[0xffffff9a][0xffffffd9]6[0xffffffd2]&L[0xffffffcb][0xffffffd5]q[0xffffff98][0xffffffbd][0xffffffc4][0xffffff89][0xffffffc3]v[0xffffffca][0x5]`[\n]"
09:46:43.443 [main] DEBUG com.github.dockerjava.zerodep.shaded.org.apache.hc.client5.http.wire -- http-outgoing-2 << "g[0xffffff9c]*[0xfffffff6][0xfffffff1][\r][0x8][0x11][0xffffffd3],i,[0xffffffc8] l[0xffffffe9][0x1b][0xffffffd9]$%[0xffffff94]B[0xffffffed][0xfffffffc][0xffffffed]qX_{][0xf][0xffffffbf][0xffffffb6]Iu[0xffffff80]([0x9][0x18][0xffffff88][0xffffffd9][0xffffffce][0xffffff80][0xffffffa7]o[0xffffffe3][0xe][0xffffffd9][0xb]1[0xffffff8e][0xc][0xfffffffa]B[0xffffffc5][\n]"
09:46:43.443 [main] DEBUG com.github.dockerjava.zerodep.shaded.org.apache.hc.client5.http.wire -- http-outgoing-2 << "[0xffffffe5][0xffffffad]*[0xffffffa3][0xffffffb3][0x1][0xffffffbb][0xffffff8b]eA[0x1e]M[0x16][0xffffffaf][0xffffffb5][0x1b][0xb][0xe][0xffffffe0][0xffffffa7][0xffffffba][0xffffffbb][0xffffffdd][0xffffffd5]4seT.R[0xffffff8d][0x4][0xffffffe4][0xffffffe0]aseu[0xffffffe8][0xffffffad][0xffffffd3]CD[0xffffffcb][0xc][0xffffff88][0xffffffe2][0xfffffffb][0xffffff82][0xffffffc9][0xffffffbf][0xffffffd5][0x0][0x17][0xffffffd3][0x14]AcT[0xffffff8b][0xffffff9f][0xffffffb9]@[0x10]O[0xffffff82][0xffffff98][0x9][0xc]A[0xffffffd6]\zKG[0x6][0xffffffdb][0xffffff9c]V[0xffffff92][0xffffffd7]I[0xffffff92][0xffffffe6]_Na[0xffffffa9][0xffffffa1]7[0xffffff8b]s[0xffffffe0]:[0x4][0xffffffac][0x1b][0xffffffac][0xffffffc9][0x7][0xffffff8d][0xffffffa4][0xffffff85]z[0xfffffff8][0xffffff93][0xfffffff2]HF[0xffffffb4][0xffffff97]&[0x1e]k[0xffffff84]v[0x18]0j[0xffffffd2][0xffffffc0][0xffffffc3][0xffffff8d][0xffffffe4][0xffffffd8][0xffffffb3][0xffffffd7][0x12][0x1c][0xffffffb0][0x13][0xffffff83][0xffffffbf][0xffffffa4][0xffffffa8][0xffffffa8][0xfffffffe][0xffffffb2][0xffffffd2][0xffffffb1][0xffffffe7]"[0xffffffd7][0xffffff9d][0xffffffa2]~[0xffffffd5]%[0xffffffd2]CO[0xfffffff1]Ekg[0xfffffff3]`[0xffffffed][0xfffffff6][0xfffffff7][0xfffffffa][0xffffffb1]_[0x19]E[0xffffff80][0xfffffff4][0xffffff8c][0xffffffff]L([0xfffffff3][0x8][0xfffffffd][0xffffff86][0xffffffdd][0xffffffb3]0[0xffffffaf]C[0xffffffbf][0xffffffd9][0xfffffff5][0x16][0x19]#m[0xfffffffc][0xffffffeb][0xffffffa0]+[0xffffff95]Bo[0xffffffc1]I+n[0x13][0xffffffb9][0xffffff9c][0xffffffd4][0xffffffc3][0xffffffe2][0xf][0xffffff87][0xffffffc9][0xffffffd7]z[0xffffff86][0x1d][0xffffffbe][0xffffffb3][0x14][0xffffffeb]h[0xffffffdb]}e*i[0x19]i0[0xffffff9d][0xffffffb9][0xfffffff1][0xffffffbc][0xffffffe4]# [0xffffffdb]b[0xffffffc1]?[0x7]sQ[[0xffffffee][0xffffffce][0xfffffff8]g[0x17][0xffffffa9]_]h[0xffffffe5]yX{[0xffffff86][0x12]s_![0x13]"I[0xffffffe2][0xfffffff5][0xffffffcf]]8%[0xffffff87][0xffffff83]`J[0xffffffe2][0xffffffe8]r[0xffffffdd][0xfffffff1][0xffffffea][0xffffffb9][0xffffffc5][0xffffffad][0xffffffe0][0xffffff8e][0xffffffdc][0x6]i[0xffffff8b][0xffffffaa][0xffffffe3]U[0x3][0xffffffc7]4[0xffffffb1][0xffffffc7][0xffffffa9][0xffffffbe]v[0xffffff81][0x7f]D[0xffffffc8][0xe][0xffffffe1]Y[0xffffffc5][0xffffff84][0xffffffa8][0xffffff94],[0xffffffd7]f[0xffffffc7]`~s'[0xffffffbc]E[0xffffffaa][0xffffff9b]v[0xffffffd9][0xfffffff2]p[0xffffffc9]M[0xfffffffe][0xffffffef][0xffffff82][0xffffffe7][0xfffffff5][0xffffffd8][0xffffffc8]o[0xffffffe4][0xffffffc2][0x8]N l[0xfffffff5][0x4][0x1f][0xffffffe5][0xfffffffe][0xffffffd9]7K[0xffffffff]#x[0x16]S5[0xffffff91][0xfffffff1]8[0xffffffdb][0xffffffa4][0xffffffb0]R[0xffffffea][0xffffffcf]:[0x10][0x15]{[0xffffffa7]b{M+[0xffffff95]u[0x18][0xffffff9f]#[0xfffffff8][0xffffffac][0xffffffaa][0xffffff9a][0x1a][0xffffffab]t[0xffffffe0][0xffffffe0][0xffffffb0]=/!\[0xffffffaa]MN=\<[0xffffffca]@[0xffffff82]|[0x5][0xffffffb4][0xffffffdd][0x7][\n]"
09:46:43.443 [main] DEBUG com.github.dockerjava.zerodep.shaded.org.apache.hc.client5.http.wire -- http-outgoing-2 << "[0x13](?[0xffffff8b]T[0xffffffd1])[0xffffffbd][0xffffffb2]M[0xffffff85]1L[0xffffffc9][0xffffff96][0xffffffa3][0xffffff89][0xffffffc7][0xfffffffd]`lE[0xfffffff0][0xfffffff0]_[0xffffff84][0xffffff8f][0x8]Ro[0xffffffb6]k[0x4][0xffffffb1][0xffffffee][0xffffffdd]A[0xffffffac][0xffffffde]H1[0xffffffa5]tu7[0x19][0xfffffffd][0x1c][0xffffffa1][0xffffffeb][0xffffffa9][f[0xffffffab]&[0xffffffd1]o[0xffffff9b][0xffffffb4][0x13]9%v8'[0xffffffe5][0xffffffa1][0x2]#[0xffffffda](gT[0xffffff9b] 1[0xfffffff2]*[0x1b]h[0xffffffc9][0xffffff95]Q[0xffffffbf]P[0xffffff9a]x[0xffffff86][0xffffffdb]?[0xffffff9d][0x16]T[0xffffffda]@\y'[0xffffffd7][0xffffff9f][0xffffffb1][0xfffffffc][0xffffffba][0xffffffa7][0xffffffc4][0xffffffb9][0xffffffe8]lLk[0xffffffce][0x1c][0x4]H0[0x7f][0xffffffda][0x8];[0xffffff9a][0xffffffa6][0xffffffb2]u[0xffffffe8][0xffffff8d][0x4][0xffffffd5][0xffffffba]A[0xffffff96]>[0xffffffa1]WU-[0xfffffff4][0xffffffa9][0xffffffed][0x18][0xffffffcf].[0xffffffe9]z[0xffffffec][0x8][0xfffffff9]a[0xffffffae][0x11][0xc][0xffffff88][0xffffffe3][0x18]~[0xffffffe7][0xffffff83]'Y[0xffffffef]I[0xffffffe9][0xffffff96][0xfffffff9][0xffffff9f][0xffffffbc]N[0xffffffbb]:[0xffffffca][0xffffffed][0xffffffba][0xffffffef][0xffffffa2]]S[0xffffff90][0xffffffb2])R9#sk[0xffffffb2][0xffffffcb]8[0xffffff9b]%`[0xe]:[0xffffffcf][0xfffffffa]X[\r]^[[0xffffffa1][0xffffffdd][0xffffffd0][0x3][0xffffffe5][0xffffff9f][0xfffffff6][0xfffffffa][0xffffff8e][0xffffffba][0xffffffbe][0x17][0xffffffc3][0xffffff93][0xffffffdc][0xffffffe8][0x1d][0xffffffdf][0xffffffb4][0xfffffff5][0xffffffb0][0xffffff8b][0xffffffa8][0xffffff93]8[0xffffff87][0xffffff89]7[0xffffff95]0j[0xffffffb1][0xfffffff1][0xffffff99]#[0xffffff8d]U&[0x17]K[0xffffffbf]vm[0x6][0x4][0xffffff9b][0xffffff8e]dy5[0xffffffae][0xffffffb6][0x18]"'[0x14][0x4][0xffffffde][0xffffffe6][0xffffffa9][0xffffffa4][0xffffffac][0xffffff95]][0xffffffd4][0xffffffee][0xffffff99][0xffffffa5]?[0xffffffc3][0xffffff94][0xfffffffc][0x14]Ui[0xffffffbd]$[0xffffff84][0xffffff8c]=9[0xffffffa5][0xffffffb9]ZU[0xffffff96][0xffffff98][0xffffffda][0xffffffab][[0xffffff88][0x3][0x11]t[0xffffff8d]>,[0xffffffaf]<[0xffffff85][0xffffffc4][0xffffffda][0xffffff9a]@g:[0xffffffdd][0xffffffec]1}[0x1e][0x19])"[0xffffffdd][0xffffffc6]O4[0xf]4[0xfffffffb][0xffffffcb][0xffffffdd]k[0xfffffff3][0xffffffa0]@~[0xfffffffe][0xffffffd8]>[0xffffff88][0xffffff99][0xffffffee][\r][0xffffffab][0xffffff87][0xffffff81]U [0xffffffb4]w[0xffffffea]"D[0xffffffdb]e[0xffffffed][0xffffff8c]S[0xffffffda]20[0x8][0xfffffff9]j[0xfffffff7][0xffffff85][0x17][0xffffff8c]_u[0xfffffffd]F|[0xffffffbb][0x13][0x7f][0xffffffaf][0x4]- V[0xffffffd9][0xffffffea][0xffffff9a][0xffffff82][0x1d][0xffffffc9]B)[0xffffffb1][0xffffffa9][0xffffffbe][0xffffffce]Bdt[0xffffffb6]%[0xffffffcb],s[0xffffff8a][0xffffffc3]a[0xffffffa3][0xffffffa9][0xffffff94][0xffffffad][0xfffffff6][0xffffffe0][0x2]?[0xffffff81][0xffffffca]*#t[0xffffffba]![0xffffffe2][0xffffffa1][0x12][0xffffff84]F[0xffffffcd]I[0xfffffff2]3[0xffffff93][0xffffffdb]b=[0xffffff80][0xffffffa0][0xffffff88]n[0xffffffec][0x0][0xffffff80]>[0xffffffbe][0xffffffde][0xffffffd9][0xffffff93][0xffffffeb]Z[0xffffffb8][0x1b][0xffffff96]1[0xffffffbf][0x1d][0xffffffba][0xffffffe8][0xffffff85][0xffffffdf][0xffffff8e][0xfffffff0]f[0xffffffb4]c[0x10][\n]"
09:46:43.443 [main] DEBUG com.github.dockerjava.zerodep.shaded.org.apache.hc.client5.http.wire -- http-outgoing-2 << "$&3[0xffffffbb]7[0xffffffe8][0xffffffad]F4[0xfffffffd][0xffffffac][0xffffffcc][0xffffff81][0xffffffae][0x15][0xffffff9c][0xffffffde][0xfffffffe][0x9][0xfffffffc]=[0xffffffc9][0xffffff96][0xffffffd2]9[0xffffffea]D[0x0]F[0xffffffba][0xffffffd0][0xc][0xffffffd3][0xffffffbb][0xffffffdb]-[0xffffffbd][0xffffff8d][0xffffffdd][0xffffffaa][0xffffffad][0xffffffb2]h[0xffffffcb][0xffffffae][0xfffffffc]uT[0xffffffd8]3[0xffffffcf][0xffffffc3][0xffffffd9][0x17]q3&[0xffffffab][0xffffffb7][0xffffffdb][0xf][0x7f]`e[0xfffffffb]<[0xffffff94]{[0x7f]+[0x17][0xffffffe6]P[0xfffffff4][0xfffffffc][0xffffffed]GwoV[0xffffffe1]J[0xffffffb1][0x1d][0xffffff9d]s]T[0xffffffbd][0xfffffff4][0xffffffd0][0xffffffac][0xe][0xffffffe5]Z[0x1b][0xffffff86][0xffffffe2][0xffffffcd][0xffffff94][0x15]3[0x1]A[0xffffffe2][0xffffffcc][0xffffff9a]tU|[0xffffff85])[0x7f]]([0xb]W[\r][0xffffff9f][0x12][0xffffffb0])[0xffffffd1][0xffffffea][0x11][0xffffffd4][0xffffffe0][0xffffffc0][0xffffffa8]:z9[0xfffffffe][0xffffffd2][0xffffff91]-[0x14]uw[0x15][0xffffffb2]?[0xffffffd8]W9[0xffffff82][0xffffffa9][0xffffffab][0xfffffff6][0x16][0xfffffff2][0xffffffb3][0xffffff89]A[0xffffff9f]h[0xffffffa3]v[0xfffffffb]Z[0xffffffdc][0xffffffab]B[0xffffffaa][0xffffffda]a2[0xffffffa3][0xffffff82]7A[0xffffffe3]([0xffffffc8][0xfffffff3][0xffffffe7]oCW[0xffffff91]M[0x1a]Oi[0xffffffec][0xffffffde]K[0xffffffa2][0xffffffc2][0xffffff80]g[0xffffffcf][0xffffffd4][0xffffffad][0xffffffc3][0xffffffa8]0[0xffffffbb]?[0xffffff9f][0xffffffa1][0xe][0x13][\n]"
09:46:43.443 [main] DEBUG com.github.dockerjava.zerodep.shaded.org.apache.hc.client5.http.wire -- http-outgoing-2 << "[0xffffff94][0xffffffdc][0xffffffdc][0xffffffba][0xffffffa0][0xffffffee]0[0xffffffcf][0xffffffd0]wY[0xffffff93];[0xffffffa8][0xffffffc1]A0[0xfffffff5][0xffffffef]m[0xffffffe8][0xffffffc0][0x19][0xffffffbe][0xffffff9f][0xffffff9e][0xffffffbb][0xffffffd9]UX[0xffffffee][0xffffffb1]t[0xfffffff9][0xfffffff5][0xffffff89][0xffffffdb][0x17]X[0xffffff84][0xfffffffc][0x1b]kRg[0xffffffe2]$[0xffffff83]q[0xffffffa6]b[0xffffffd5][0xffffffba];$U[0xffffffb7][0xc]X[0xffffff9d]d[0x3][0xffffffea][0x6]O[0xffffffdb]{[0xffffff81])[0x14]_[0x13][0xffffffed]a[ [0xffffffe6][0xffffffd1][0xffffffce][0x1f][0xffffffac][0xffffffe7]"[0x2][0xffffffc4]<[0xffffffbe][0xffffffe4][0xffffffc2]Rdp6/[0x10][0xffffffe0][0x18]'[0xffffffbf]>7cAX[0xffffff9a][0xffffffd3]M[0xffffff8c][0xfffffff4][0xffffffc2][0xffffffad][0xfffffff8][0xffffff8f]/[0xffffffa9]r[0xffffff81][0xb][0xfffffff8][0xffffffd8][0xfffffff9]C[0xffffffa7][0xc][0xe][0xffffffe8][0x0]4[0xffffff8f][0xffffffa5][0xfffffff8][0x16][0xffffffe0][0xffffffe7].[\n]"
09:46:43.443 [main] DEBUG com.github.dockerjava.zerodep.shaded.org.apache.hc.client5.http.wire -- http-outgoing-2 << "[0xffffffce],[0xffffffa0][0xffffff90][0xffffffbe]0[0xffffffb0]+[0x4][0xffffffd8][0xffffff96]j[0xffffffbf]g[\n]"
09:46:43.443 [main] DEBUG com.github.dockerjava.zerodep.shaded.org.apache.hc.client5.http.wire -- http-outgoing-2 << "[0xffffff8c]k|$G[0xfffffffa][0xfffffff5][0xffffffea][0xffffffb9]KO[0x2][0x8]5\[0xc][0x1a][0x0]H:[0x10][0xffffff83]e[0xffffffa9]f[0xfffffffa][0xffffff83][0xfffffffa]=[0xffffffd1]n[0xffffffcb][0xffffffd7][0x1a][0xffffff87][0xffffffb1][0xffffffcc][0x3][0xfffffffa]=q[0xffffffea]^[0x18]0i5`[0xffffffc0]_u:[0xffffffb5][0x1d][0xffffffb2]l[0xffffffaa]%[0x9][0xffffffa5][0xffffff8d][0xffffff8a]e[\r],wp[0xffffffe9][0x1a]i%[0xfffffff6]~ey[0xffffffe1]H[0xffffffb7]!g[0xffffffb3][0xffffffc8][0xffffffe1]Z[0xffffffea][0xfffffffb][0x4][0xffffffbb][0xffffffe6][0xffffffe9]T[0xffffffc1][0xffffffde][0xffffffdb]cy[0x1c]U[\r]0[0xffffffb3];R[0xffffffcd]eJ[0xffffff94][0xffffffc6][0xffffffaf][0x1e]v[0xffffffd2]I[0xfffffff5][0x7][0xffffffaf][0xffffffab][0xffffffc4][0x1d]S|p&[0xffffff81]Y[0xb][0xffffffc6][0x4]I[0xffffffe0][0xffffffab]%[0xffffffb9][0xffffffce]?[0xffffff88]vn[0xffffffc8][0xffffff8d][0xfffffffd]F[0xffffff80]d[0xffffff96]@[0xfffffffd][0xffffff83][0xffffffed][0x10]ds;[0xfffffffe][0xffffffaa]tyu[0xffffffb4][0xfffffff3]P[0xfffffff6]u[0xffffffb0][0xffffffeb][0xffffffba][0x0]{[0xffffffbc][0x1a][0x7f][0x3][0xffffff9c][0xffffffd1][0xffffff96][0xffffffa8][0xffffffa7]'Gy[0xfffffff9][0xffffffe1][0xffffffae][0x16][0xffffffb7][0xfffffff7]N[0xffffff9a][0xb]z[0xffffffea]L[0xffffffcd]h[0x18][0xffffff99]C[0xffffff89][0xffffffd0]{[0xffffffcc][0xffffff80]/[0xffffff84]^[0xffffff95]([\r]\[0xffffffa3]P[0x17][0xffffff8a]Xz[0xffffffb9][0xffffff9e][0xffffffce]j[0xffffff89][0xffffffd4][0xfffffffa][0xf][0xffffffb4][0xffffffb4]][0xffffffda][0x14][0xffffffba]z[0xffffff8c][0xffffffbb][0xe]<[0xffffffdd]-W[0xffffffed][0xffffff9c][0xffffffdf]7[0x1b]9[0xffffffaa][0xffffffee][0xffffffa4]+N[0xffffffc7]Y[0xffffffe9]l [0x9][0xffffffbd][0xffffff81][0xffffff98][0xffffffa5]o3[0xfffffff6]sl5[0x16][0xffffffdb][0xffffff99][0xffffffee][0xffffffab]B[0xffffffc6][0xffffffa8]Q|j[0xffffffe7][0xffffff81][0xfffffffc][0xffffffcc][0xffffffc4]e[0x7][0xffffff91][0xffffffd8]~[0xffffffb2]n3[0xffffffd9][0xffffffed]L[0xfffffff5][0x4]$1D|6+[0xffffffd8][0x1b]0A0[0xffffff89]L[0xffffffeb]F[0xffffff96]d[0xffffffe4][0xfffffff2][0xffffffcf][\n]"
09:46:43.444 [main] DEBUG com.github.dockerjava.zerodep.shaded.org.apache.hc.client5.http.wire -- http-outgoing-2 << "[0xffffffae][0xffffff94]g[0xffffff92][0xffffffbe][0xffffffc3]t[0xffffffec]t[0xfffffff3][0xffffff8c]e[0xffffffeb][0xfffffff4]h[0x5][0xffffffca][0xffffffad][0xffffff95]U[0xffffff9a][\n]"
09:46:43.444 [main] DEBUG com.github.dockerjava.zerodep.shaded.org.apache.hc.client5.http.wire -- http-outgoing-2 << "[0xb][0xffffffeb][0xffffff9c][0xffffffb5]p5S[0xffffffa4][0xffffffd6][0xffffff9c][0x9][0xffffffa3][0xffffffe0][0xffffff8f][0xffffffad][0xffffffaa][0xffffffd7][0xffffffec][0xfffffff8][0xffffff8e][0x10][0x7f][0xffffffe9][0x17][0xffffffe9].[0x11][0xe][0xffffffed][0xffffffb9][0xffffffc8][0xffffffa5]&[0xffffffc6][0x8][\n]"
09:46:43.444 [main] DEBUG com.github.dockerjava.zerodep.shaded.org.apache.hc.client5.http.wire -- http-outgoing-2 << "f[0xfffffffb][0xffffff89][0xffffff85][0xffffff9a]B[0xffffffe1]Ae[0xffffffb3][0xffffffce][0xfffffff5][0xfffffffa][0xffffff80][0xffffffd7][0xffffffe8][0xffffffae][0xffffffb6][0x0]|[0xffffffd8]g[0xffffff95][\n]"
09:46:43.444 [main] DEBUG com.github.dockerjava.zerodep.shaded.org.apache.hc.client5.http.wire -- http-outgoing-2 << "[0xffffff8b]+[0xffffff8a][0xffffffe4]N?h[0xffffff9f]Zwf[0xffffff9f][0xffffffb6][0x10][0xffffff8c]q[0xfffffff4][0xffffff8d][0xffffffaf][0xffffff92][0xffffff85][0xffffff8c][0x13][0xffffffbc][0xffffff9a][0xffffffa8][0xffffffcb][0xffffffe4]7[0xffffffc2][0xffffff9d][0x1b][0xffffffd4]p[0xffffff98][0x9]h[0xffffff8d][0xffffffe9][0xffffffe4]O+[0x5][0xffffffb0][0xffffffc8]~x[0xffffffbb]o[0xffffffe7]H[0xffffffd2][0xffffff9b][0xffffffea]^e[0xffffff92][0xfffffffd][0xffffffef]t[0xffffff8e][0xffffff8f][0xfffffffa][0xffffffad][0x5]'[0x14][0xffffff8e]X[0xffffff93][0x10][0xffffffd5][0xfffffff0][0xffffffe8]i[0xffffff9e]|[0xffffffe8]:Db[0xffffff97]9[0xffffffb1];m[0xffffffbf][0xffffff9d].[0xe]j[0xffffff94][0x1a][0x7f][0xffffffca]1[0xffffff9e]}G[0xffffff88][0xffffffc4]_N&f[0x5];[0x1c][0xfffffffe]O[0xffffff90]y[0xffffff8f][0x17][0xffffffdb][0xffffff82][0x1a]:[0xffffffec][0xffffffb0]^[0xffffffd4][0xfffffff0][0x9][0xffffff8d][0xffffff95][0x16][0xfffffff4][0xffffffb2]z[0xffffffc2][0xffffffee]D[0xffffffdf]=[0xffffffe6][[0xffffffcb];[0xffffff97]oin[0xffffff88][0xffffff86][0xffffffb7][0xffffffb6][0x1f][0xffffffa6][0x1c][\r]se [0xffffff85][0x1a][0xffffff8f][0x15][0xffffffbb][0xfffffff0][0xffffff83][0xffffffc7]Q[0xffffffd6][0xffffffc0][0xffffffbc][0xffffffbe]<bC[0xffffffe1][0x13][0x19][0xffffffda]}[[0x13][0xfffffff2]R[0xffffff9e][0x1d][0xffffff88]([0xffffffdc][0xffffffde]p[0xfffffff0],[0xffffffd1][0xffffff93][0xffffffa5]NR[0xfffffffb][0xffffffb0]yk\[0xffffffb4][0x1e][0xffffffeb][0xffffffa7]~[0x7f]y[0x5]"7 8W[0xfffffffb][0xffffffc2][0xffffff8c][0xfffffff4][0xffffffff][0x16][0xffffff97][0xffffffb7]v<[0xffffffb4]Qu6[0x7]p[0xffffff8d][0xffffffd4]"
09:46:43.448 [main] DEBUG com.github.dockerjava.zerodep.shaded.org.apache.hc.client5.http.wire -- http-outgoing-2 << "+[0xffffff8f]h[0xffffffc7][0xffffffcd][0xffffff8d][0xfffffffa][0xffffffba][0x1e]y[0xffffffda][0xffffffab]\[0xffffffa5]7[0xffffff88]ZNZ'[0xfffffffe][0xffffffe2]2[0xffffffaf][0xffffffe2][0xffffffa2]@G[0xfffffff1][0xffffffcc][0xffffffe7][0xffffff99][0xfffffff5][0xffffffe4][0xffffffdf][0xffffff81][0xffffffd2]W0vv  [0x1e][0xffffff94][0xffffffbb][0xffffffa9][0xffffffef][0xffffffb0][0xffffffb6]-[0xffffffd3]"ur[0xffffffee][0xffffffc7][0xfffffffe][0xffffff8b][0xffffffdb]w[\r][0x4]q[0x9][0xfffffff1][0xffffffd7][0xffffffd9]|b[0xffffff82][0xffffff92][0x7f]6[0x2][0xffffff83][0xffffffbc][0xffffff80][0x1a]q[0xffffffd2]4[0xffffff84]%[0xffffffe6]^=[0xffffffbc]<[0xffffffb1][0xffffff93][0xffffffc1][0xf][0xffffffdd]O[0xfffffffb][0x11]? Q[\n]"
09:46:43.448 [main] DEBUG com.github.dockerjava.zerodep.shaded.org.apache.hc.client5.http.wire -- http-outgoing-2 << "[0xffffffc3][0xffffffac]\[0xfffffffd]~[0xffffffa7][0xffffff96][0xffffffe5][0xfffffff5][0xffffffc7]M[0x6][0x4][0xffffffc6][0xffffffae][0xffffffcc][0x19][0xffffffc5]&[0x19][0xffffffda]1ssE_J[0xffffff83]i[0xffffffb6]UZ6[0xffffffeb][0xffffffa4]@[0xfffffffb][0x19][0xffffffd7][0xfffffff7]c[0xffffffe9]sk&[0xffffff9c][0xffffff90][0xffffffa5][0xffffffa9][0xffffffae]6[0xffffffc1])l[0xffffffed][0xffffffe8][0xffffffef]-C[0xffffffa6][\n]"
09:46:43.448 [main] DEBUG com.github.dockerjava.zerodep.shaded.org.apache.hc.client5.http.wire -- http-outgoing-2 << "[0xffffffb3][0xffffffd9]g[0xffffff90][0xffffffdd][0xffffffb8]g6[0xffffff9c][0xffffff9f][0xffffffd4][0x14][0xffffffdd]9[0xffffffd4]%[0xffffffff][0xffffffd3][0xffffffa7][0xffffffaf][0xffffffc2][0xffffffa3]&[0xffffffed][0xffffffeb][0x1e][0x1a][0xffffff9d][[0xffffffed]P[0xffffffae]3[0xffffffec][0xffffffd6]L4[0xffffffa2][0x6][0xffffff8d][0xfffffffe][0xffffffc0][0xffffff9a]4[0xffffffb7]@LC[0xffffff82][0xffffffc9][0xffffff8f]9[0xffffff8c]3[0xfffffffe]>b [0xfffffff8][0xffffffd7]L[0xffffffa4][0xffffffc9][0xffffffe2]3[0xffffffe9][0xffffffa4][0xffffffcf]Q[0xffffffa1]K[0xffffffb4]K [0xffffffe0]|[0xffffffd7]Fl[0xffffffde][0x13]A [0xffffff96][0xfffffffe][0xffffffd5][0xffffffd0][0x1d][0x5]B[0xffffffb3]J+[0xffffffa6][0x7]2[0xfffffff9][0xffffff90][0xffffffff]C[0xffffffa6][0xffffff95]-[0xffffffc2]%7[0xffffff80][0xffffffd2]F[0x11]y[0xffffff9e][0xffffffbc]<d[0xffffffe0][\r][0xffffffdd][0xffffffc4]([0xffffffb1]a[0xffffffc5][0xffffffb4]8Hw[0xffffff91]u[0xfffffff3][0xffffffbb]9[0xffffff8b]W[0xffffffac]{i[0xffffffed][0xffffff9e][0x1]F[0xffffffc4]|[0xffffffcc][0xffffffe5][0xffffffca][0xffffffb1][0xffffffba]-[0xffffffd1][0xffffff8e][0xffffffa9]}YtTQ[0xffffffe8]{[0xffffffcb][0xffffff90][0xffffff9e][0xffffffc1][0xffffffc8][0xffffffc9]Za[0xffffffa2]}[0xffffff8d]Ez[0xfffffff3][0xffffffbb]m[0x2][0x14]~[0xffffff81]M[0x8][0x19][0xffffffa2][0xffffffa1]F[0xffffffbe][0xffffffa6]_[0xffffffcc]M[0xffffffa7][[0xffffff85][0xffffffe8]5c[0xffffffde]$-[0xffffffd5]nj[0xfffffff7][0xffffffc1][0x14]V[0xffffffbe]][0xfffffff2][0xffffff96]/Tr[0xffffff92][0xffffffd9]~[0x14][0xffffff8b][0xffffffa0][0x7f]G[0xffffff8e][0xffffffb5][0xffffffbf]*[0xffffff8a][0xffffff89]fK[0xfffffff0][0xffffff8c]M[0xffffff9e]([0xffffffaa]([0xffffffdc][0xffffffe8][0x14]vG'[0xffffff90][0xffffffab]_:B[0xb][0xffffffe6]$[0xffffffc7][0xffffff99]u[0xffffffdf][0xffffff85][0xffffff9e][0xffffffdc][0xffffffe2][0xfffffffa]w[0xffffffc5]u/[0x8][0x13][0xffffff84]~hiw[0xffffffde][0xffffffb4]p[0xffffffa4][0xfffffffe]p)[0xffffff89][0xffffffa8]V[0xfffffffd]uQG[0xfffffff3][0xffffff8b]c[0xffffff8a][0xffffffad] [0x14]y[0xfffffff6][0xffffffe9][0xffffffb4][0x19][0xffffffb3] }[0xffffffbb][0xffffffc2]"[0x8][0x19][0xfffffff2][0xffffff80][0xffffffe9]]?_6[0xffffff9d][0xffffff95][0xffffffc6][0x1]QR[0xfffffffb]kX`$[0xfffffff3][0x17][0xffffffd4][0xf]u[0xffffffb6]q[0xffffffd6]Z[0xffffffcd][0xffffffc7][0xffffff84][0xffffff84][0x0]<[0xffffffe2]H]`Y[0xffffffa9][0xffffffd5][0xffffffe6]4c[0xffffffbf][0xffffffee][0xffffffd5]h[0x7f][0xfffffff0][0xffffffdf][0x2][0xffffffdf][0xfffffff2]/3[0xffffffe8][0xffffffa3][0xffffffc9][0xffffffc9]G[0xffffffbb][0xffffffe2]b[0xffffffff][0xffffffa2][0xffffff9c]-Se[0xffffff94]C[0x1d]IS[0xffffffb5][0xffffffec][0xffffff94]D[0xe][0xffffffdd][0x0]r[0xffffff8c].[0x10][0xffffffea]J[0xfffffff5][0xffffffd4]Q[0xffffff99][0xffffffe0][0xffffffed]XB[0x8][0xffffffdf]X[0xffffffb6][0xffffffb8][0x1a][0x7f]([0x1b]E[0x1c][0xffffffe8][0xffffffd3][0x1b][0xffffffb5][0xffffff81][0x12][0xffffffdc].O[0xffffff96]XT[0xffffffe3][0xfffffff4][0xffffff89][0xffffffcf][0xffffffb6][0xffffffe3][0xffffffa8]![0x5][0xffffff9e][0xffffffec][0xffffffb0]x[0xffffff8e][0xffffff8e]:[0x8][0xffffffa6][0xffffff9a][0xffffffdd][0xffffff9b][0xffffffdf]O[0xffffffc9])[0xffffffa6][0xffffff86]2aM_&m[0xffffffce][0xffffff8a]f[0xffffff8e]f.[0x17][0x14]^<[0xffffffeb]4[0xfffffff0][0xffffffd0]5[0xffffffd8][0xffffff93]Z[0xffffffc5][0xffffff99] [0xffffffb1][[0x1c][\r]i[0xffffffbb]|q[0xffffffda][0xffffffbd][0xffffffe0]c[0xffffffd0][0x13][0xffffffec][0x1a][0xffffffde][0xfffffff4]8[0xffffffce][0xffffffb8][0x1b][0xfffffffc][0xffffff8a][0xffffffab][0xffffffc2][0xffffffe1][0xffffffa2][0xffffff8f]<[0xffffffe6][0xffffff85]`[0xffffffc7][0xffffff83]A[0xffffffb0]k[0x1]{X<[0xfffffff5][0xffffffb0][0x15][0xffffffaf][0xfffffffa][0xffffffb6] [0xffffffb4]T[0xffffffea][0xffffff9e]sj[0xffffffcd][0xffffffd2][0xffffffb0]_[0xffffffc7][0x10]o[0xffffffb0][0xffffffdb][0xe]N[0xffffffe6][0xffffffe6]"[0x3]N;[0xffffff9b]~2[0xffffff83][0xffffff8b]e[0x1c][0xffffffed]+[0xffffff9e][0xe]=[0xffffffe6][0xffffff95][\n]"
09:46:43.448 [main] DEBUG com.github.dockerjava.zerodep.shaded.org.apache.hc.client5.http.wire -- http-outgoing-2 << "[0xffffffe8][\r][0x2][0xfffffff8][0xffffff86][0xffffffa4][0xffffff8e][0x2]JQ,[0xffffffcc][0xffffffc6]@[0x11][0xffffffaa]Hi[0xb]x$*&[0xffffffc7]g>g[0xffffffd2][0x10]w?4[0xffffff80][0xffffffa0]e[0xffffff85][0xffffff8b][0xffffffac][0x1c][0xffffffcc][0xffffffa9][0xffffffeb][0xffffffcb][\r][0xffffffba])a[0xffffff8f]T3$:[0xffffff8c][0x3][0xffffffe0][0xffffffa8][0xffffffa6][0x14][0xffffff9e][0x15][0xffffffff][0xffffffa3][0xfffffff4]e ;&=,[0xffffffe9]1[0x8]Qz[0xffffffdd][0xffffff80][0xffffff9c][0xfffffff3][0xffffff8f][0xffffffdc][0xffffffa2]I[0xffffffa3][0xffffffc3][0xffffffbd][0xffffffe2][0xffffff89]&[0xffffffbd]J[0xffffffa5][0xffffffe3]v[0xffffffe8][\n]"
09:46:43.448 [main] DEBUG com.github.dockerjava.zerodep.shaded.org.apache.hc.client5.http.wire -- http-outgoing-2 << "l[0xfffffff9][0xffffffa5][0x6][0x1a]s[0xffffffab][0xffffffde][0xffffffa1]2[0xffffffe2][0xffffff95]*[0xffffffb8][0xffffffc1]0][0xffffff87][0x5][0xfffffff0][0xffffff85][0xffffffd9][0xffffff9e]K:[0xffffff8c]^=[0xfffffff3][0xffffffb2][0xfffffff2][0xffffff8e]"-[0xffffffb8][0xffffff8f][0xffffffda]kV![0xffffffcc][0xffffff97]n?[0xffffffc8][0xc]S[0x1b]0[0xfffffff3][0xfffffff1]q[0x1e]8[0xffffffcd][0x6][0xffffffa9][0xffffff99][0xffffffd0][0x11][0xffffff94]9e[0xffffff92][0xffffff99][0xffffff8c][0xfffffff1][0x11][0xffffffc8][0xffffffd1][0xffffffaf][0xffffffe8][0xffffffc7]@>~[0x9]HN[0xffffffb3][0xffffffbe][0xffffffc9]~[0x1b]`[0xffffff9b]l5[0xffffffe0][0xffffffde][[0xffffffe3]U[0xffffff9b][0xffffffe7][0xffffffbb][0xffffff8c][0xffffff81][0xffffffa3][0x0][0xffffffb2]F[0x1b].36[0xffffff8c][0x6][0x6]yf[0xfffffffc][0xffffffb1]Ku[0xffffffe0],k>[0x14]?Q[0xffffffbb][0xffffffaa]e[0x4][0x17]|[0xffffff9b]9[0xffffff9f][0xffffffad][0xffffffca][0xfffffffb]n`[0xffffffcc][0x11][0xffffffed]#wa[0xffffffe4][0x2][0xffffffe2]N[0xffffffbd][0x15]4}k[0xffffff96][0xfffffff7][0xffffff9b][0x15]a|[0xb]([0xffffffef][0xffffff8e]I[0xffffff8c][0xffffff81][0xffffffe4]:i[0xffffff8e][0xffffffb0][0x5]][0xffffffd7][0xffffffcd]T-z[0x12][0xffffffa3]=vF:[0x15][0xffffffb5][0x7]Y4[0xc][0xffffffb4][0xffffffb8][0xffffff9a][0xffffff98][0xfffffff3]~I[0xffffffe3][0xffffffa6]G~[0xffffffd1][0xffffffc1]{=[0xffffffd8][0xffffffcb][0xffffffe5]k[0xffffffb7]K[0xffffffc6][0xffffffd5][0xffffffcc][0xffffffba][0xffffffcb][0xffffff86][0xffffff84][0xffffffb9][0xffffffe4][0xffffffbc][0xffffffee][0x10][0xfffffff0][0x1c][0xffffffd2]nC[0xffffffd3][0x1c][0xfffffff6]4[0xffffffa5]p5[0xffffff88]%[0xffffffaa]li[0xffffffa8][0xffffffea][0x18][0xfffffff9][\r][0xe][0xffffffdb][0xffffff96],[0xffffffd2]y[[0xffffffeb][\r][0xffffffbc][0xffffff80][0xffffffd7]O[0x7][0xffffff92][[0xffffff87][0xfffffff2]:[0xffffff96][0xffffffde][0xffffffcf]z [0xffffffec]V[0xffffffcf][0xffffffbd][0xffffffbd][0xfffffff1]^[0xffffff8e]f[0x16][0xffffffd8][0x16][0x1b][0xffffffb5][0xffffff9e]'j}@W[0x6]8[0xffffffa2]'1[0x1d][0xffffff88][0xffffffb9][0xffffffaa]@[0xffffffe1][0xffffff9a]jm[0xffffff97][0x1d]4[0xffffffca]o[0xffffffa1][0xffffffc1]`[0xffffffe4][0xffffff89][0x18][0xffffffac][0xffffffae][0x1]T[0xffffffba][0xffffffb0][0x0][0xffffffb2][0x2]}&QI[0x4][0xffffff86]C[0xffffff80][0xffffff8a]Ir[0xffffffc9][0xffffff97]v[0xffffffe4]S[0xffffff9e][0xffffffb6][0xffffffaf]>ZO[[0xffffff8e]`[0xffffff80][0xffffffda][0xffffff80][0xffffff89]=[0xffffffcb][0xffffffca][0xffffff9c][0x6]eM[0xfffffff3]py[0xffffff8c][0xffffff91]K[0xffffffde].[0xffffffb6][0xffffffde]C[0xfffffff0][0x0][0xffffffed][0xffffff9b][0xffffffa4]O[0xffffffef]e1[0xffffffb1][0xffffffaf][0xffffffb4][0xffffffea]Yq[0xffffffda]h[0xf][0xffffffb6]+F7[0x0][0xffffff80][0xffffff9d][0x9][0x5][0x0][0xffffffa4][0x3]([0xffffffc9][0xfffffffe])[0x9][0xffffffc6][0xfffffffd][0xffffffb7].PP[0xffffffd1][0xffffffad][0xffffff97]g'[0xffffffbd][0xfffffff8][0xffffffd0][0xffffff86][0xfffffff1][0xffffffcb]{[0xffffffab]{[0xffffffc4][0xffffffe4][0xffffffdf][0xffffff91]?i[0x13][0xffffffb0][0x3][0xfffffffa][0xffffffd0][0xffffffcb][0xffffff9e][0xffffffcc][0xffffffbf]>[0xffffffe5][0xfffffff2]6[0xffffff97][0x4][0x1]%c[0x15]-4[\r][0xffffffba][0xffffffd2][0x4]Q[0xffffffda][0xffffffab][0xffffffee][0xfffffff5]~[0xffffffe1]R[0xfffffffc][0xffffffff][0xffffffaf][0x3][0xffffff81][0xfffffff2]L=5[0xffffff99]z[0xffffffb1]-8f[0x1f]v@[0xffffffbf][0xffffffa7]][0xffffffc0][0xffffffe2][0xffffffad][0xffffffcf]0[0xfffffff6]9-[0xffffff86][0xffffffa8][0xffffffd1]4X[0xffffffd5]t[0xffffffa2]\?[0xffffffcd][[0xffffffd0][0xb][0xffffffdc][0xffffff83][0xffffffdf]W5g[0xfffffffb][0xffffffda][0xffffff93][0xffffff82][0xfffffff4][0x7f][0x15]:[0xfffffff9]O[0xffffff9a][0xffffffaa][0xffffffb8][0xffffffab][0xfffffffd]"[0x4][0x0][0x0][0xffffff85][0xffffffff][0x16][0xffffffb2])[0xffffffc5][0xffffffff]y[0x19][0xffffffaa][0xfffffff6][0xffffff9f]~[0x1][0x4][0xffffffe9][0xfffffff8][0xffffffbd][0x19][0xfffffff2]+[0x17][0xffffffda][0xffffffff]8[0xffffff92][0xffffffc7]a9[0xffffffaa][0x16][0x0][0xffffff91]u9}[0xffffff8d][0xffffffc3][0xfffffff0][0xffffffef]7[0x1e]2R\[0xfffffffd][0xffffffaf][0xffffffde])[0xffffff90][0xffffff9c][0xffffffae][0xffffffe0][0x7f][0xffffff85][0xffffffec]6[0x0][0xffffffa5][0xfffffff9]?5[0xffffffc4][0xffffffda][0xffffffff]V[0xf]F[0xffffffa7][0xffffffc0]iP[0xffffff96][0xffffffbb]N)M,=[0x2][0xb]=[0xffffff92][0xfffffff1][A[0xffffffc5][0xffffff8c][0xffffff9b][0xffffff9b]0[0xffffffaa]v[0xffffffff][0xfffffff5][0x3][0xffffffc0][0xffffff98][0xffffff88][0xffffffab]wG[0xffffffe5]n[0x2][0xfffffff7][0xffffff85][0x9]~[0xffffffb0][0xffffffed]o[0xffffff91]n`Ib[0x18]~[0xffffffa2][0x1e][0xfffffffa][0xffffffe1]Z[0xfffffff0]1[0xffffffd7][0xffffffdb][0xffffffdd]R%a[0x3][0xffffff82][0xffffffe4][0xfffffff5][0xffffffd2][0x15]D[0xffffffd7]Jm[0xffffffb8][0xffffffcf]0[0xffffffad][0xffffff9a][0xfffffffd][0xffffff89]6[0x15]L[0xffffff87][0xffffff8b][0xfffffff7][0x1][0xffffffb6][0xffffffc1][0xffffffd0]2o[0xffffff9b]kL[0xffffffbb]>[0xffffff84][0xfffffff2][0xffffffb7]G[0x9][0xffffffce]6G[0xffffffe0][0xffffffa0]m[\n]"
09:46:43.449 [main] DEBUG com.github.dockerjava.zerodep.shaded.org.apache.hc.client5.http.wire -- http-outgoing-2 << "\8h[0xffffff88]5[0xffffff8f]4[0xffffffb1][0xffffffc8]C[0x9][0xffffffd0]1[0x6]nh[0xffffffc2][0xfffffffc]X[0x13]X$[0xffffffb0][0xfffffff6]hh[0x1a][0xffffffce]Wj[0x17][0xffffffb7]&)v[0x9][0xffffffa4][0xffffffb5]tn[0xffffffc6][0xe][0x12]3[0xffffffb0][0xfffffffc]p[0xffffff9c]e[0xffffffbb]7G[0xffffffed][0xffffff9c][0x3][0xb][0x4][0x0][0x0]`[0x10][\n]"
09:46:43.449 [main] DEBUG com.github.dockerjava.zerodep.shaded.org.apache.hc.client5.http.wire -- http-outgoing-2 << "[0x0]t[0x6][0xffffffa0][0xffffff8c][0xfffffff8][0xffffff87][0x3][0x9][0xffffffb4][0xfffffffb][0x7f]:[0xf]P[0xffffffbe]E&j[0xffffffc8]B[0xffffffb5];c[0xffffffe8]81a[0xffffffb7][0xffffff80][0x1b]_^[0xffffff88][0xffffffe9][0xfffffff1][0x2]+[0xffffffe2]@[0xffffff8e]q[0xffffffa3][0xffffffa7][0xffffffc5][0xffffffd6][0xffffffa2][0xffffff9a]q[0xffffffc9][0x16][0xffffffd3][0xffffff95][0xffffff89]t[0x0]\mG[0xfffffff2][0x1e]O[\r]l"-[0x1d][0xffffffab]OHo[0xffffffc9][0xffffffa1]5_[0xffffffff]M[0xffffff8a] :u[0xc][0xffffffac]*#[0xffffffff][0x7][0xffffffcd][0x8][0xffffffa8][0xfffffff2][0xffffff82][0xffffffce][0xffffffaf][0xffffffed][0x10][0x6][0xffffff99][0xffffff87]y*[0xfffffff3][0xffffffd8][0xffffffdd]1q[0xfffffffa][0xffffffb0]~}[0xffffffa0][0xffffffb9][0xffffffa1][0xffffff8c][0xffffff97]e[0xffffff8b][0x11]S[0xffffffa3][0xffffffd1]M[0xffffffbb][0xffffff94]F[0xffffffd9]"[0xffffffd2][0xffffffbd]>c[0xffffffe5][0xffffffe6]$[0xffffff88][0xffffff8e]@l[0xffffff92][0xfffffffd][0xffffff96][0xffffffa9][0xffffff9f][0xffffff80][0x1b][0xfffffff2][0xffffffb0].W,[0xffffffbf][0xffffffd6][0x8][0xffffff9b]QG+S[0xfffffffd][0xfffffff3][0xffffff85]1[0xfffffff8][0xffffffe5]_c[0x19][0xffffffef][0xffffff97][0xffffffcd]j[0xffffff87]=[0xffffff94]k[0xffffffc8][0xffffff90]U[0xffffffe8],[0xffffffc4]0[0xffffffd4][0xffffffa4]p[0xffffffab]2[0xfffffff7]q=[0xffffffcc]{!IT[0xffffffe7]b[0xffffffef]_6[0xffffffd0]9[0xfffffffd][0x17][0xffffffa8][0xffffffbb][0xffffffdc][0xffffffee][0xffffffc4]gJ[0x11]+[0x1e]0X[0x13][0xffffffea]E[0xfffffffc][0xffffffc4][0x1][0x7f]<3[0xffffffed]?[0xffffffcb][0xffffff9e][0xffffffec]\'D[0xfffffff8][0xffffffd4][0xffffffa5]~/[0xffffffaa][0xe]d[0xfffffff7][0xfffffff6][0xffffffc0]k[0x9][0xffffffa5][0xfffffffa] b[0xffffff82]'R[0xffffff8c][0xffffffd2]Y[0xfffffff6][0x2][0xffffffc8]iQ[0x7]G5[0xffffffa7]v[0xffffffeb][0xffffffec][0xffffffea][0xffffffe4]Lg[0xffffff9c][0xffffff89][0xfffffff8][0xffffffb1][0xffffffec]W[0xffffffdc]2"[0xffffffc9]&&K[\n]"
09:46:43.449 [main] DEBUG com.github.dockerjava.zerodep.shaded.org.apache.hc.client5.http.wire -- http-outgoing-2 << "[0xffffffe6]y|[0xffffffc9][0x18]t[0xffffff8a]#?T[0xffffffcc][0xfffffffb][0x9][0xfffffffb]Xs[0xffffffbc]a[0xffffffdb]W4][0xffffff93][0xffffffbc][0xffffffeb][0xfffffff7][0x17][0x13][0xfffffff0][0xffffffd6][\r]B[0xffffff8f]\[0x4][0xfffffff7]WF[0xffffffbe]TW[0xffffffd9][0xffffffc8][0xffffffa2][0x5][0xffffffde][0xfffffff3][0xffffffab]-[0xffffff91]l[0xffffffaf]o[0xffffffe4][0xffffffc4]3[0xffffffc0][0x17]?[0xe]L[0xffffff8e]x[0x17]6[0xffffff89][0xffffff92][0xffffffe6]$f[0x3][0xffffff92]1F[0x2]G[0xfffffff2][0xffffffe1][0xffffff9a][0xffffffe1][0xffffffff][0xffffffaf][0x2]-[0x18]}[:j[0xffffffd9]\[0xfffffffe][0xffffff8e]e[0xffffff92]tMM[0xffffffba][0xffffffae][0xffffff8e][0xffffffae]E[0xffffffd6][0x1f][0xffffffb6]&L[0xffffff82][0x12]G[0xffffff8b][0xfffffffe][0xffffff9a][0xffffffdb]&d[0xffffff96][0xffffffc4][0xfffffffd][0xffffff88][0xffffffb5]$[0xffffffe0][0xffffffb4]=[0xffffffe8][0xffffffa3]%[0xffffffa7][0xffffffdf][0xffffffe2]Ix}H[0xffffffb2][0xffffffb9]ct[0xffffff93][0xffffffdf][0xffffffa1]O[0x4]^[0xffffffb0][0xffffffc1][0xffffffb5][0xffffff8b][0xffffffa1][0x1a][0xffffffab][0xffffff94][0x18][0xffffff86][0xffffffcf][0xffffffec]T[0xf]j]^[0xffffffca]O[0xfffffffe]n}[0xffffffcb][0xffffffcb][0xffffff83][0x2][0xffffffc6]z[0x1b][0xffffffc7]([0xffffffb2]$[0xffffff93]$[0xffffffb9][0x0][0x0][0xffffffd0]#[0x14][0x0]`[0x7][0xffffffa0][0xffffffac][0xfffffff8][0xffffffa7][0xffffffd5]`[0xfffffffa][0xffffffdf][0x12]J[0x3][0x1e][0x6][0xffffffb6]7"4[0xffffff8d][0xffffffa8]V[0xffffffdc]C[0xffffff85]We[0xffffffa4]j[0xffffffd2][0xffffffd2][0xffffffc5]Q[0x2][0xffffffd2]J7[0x0][0x0][0x2]r[0xffffff81][0x6][0xffffffb1][0xffffffa2][0xffffffbd][0xffffffa2][0x4][0xffffff88][0xffffff85]V#[0xffffff91]#Mbt[0x3][0x0][0xffffffb9][0x7f][0x6]&~[0xfffffff3][0xffffffac][0xffffffc9][0x5][0x1e]@[0xffffffb8][0x5][0x19]R[0xffffff99][0xffffffc4][0xfffffffd]_'[0x7][0xffffffc8][0x0][\r][0xffffffa4]t[0xffffffb0][0xffffffb9][0xffffffab][0xe][0x0][0x0]x[0xfffffffc][[0xffffffe2][0xffffffa7][0xffffff9c][0xfffffffc][0xffffffe7][0xffffffac]*[0xfffffffd][0xffffffa7][0xffffff9c][0x2][0x3][0xffffffe9][0xffffffb1][0x7][0xe][0x0][0xfffffff8]j[0xffffff83]g[0xffffffef]h[0xffffffe5][0xffffffc1]b[0xffffffd9]DcN[0x2][0xffffffe4]<8[0x0][0xffffffe0]![0xffffffc1][0xffffff9a][0xffffffba][0xffffffee][0xfffffffe][0xffffffc0]M?[0xfffffffa]dc[0xffffffc6]S[0xfffffffa][0x10]1[0x1f][[0xffffffe9][0x1c][0xffffffff][0xffffff8f]9[0xfffffff5][\n]"
09:46:43.449 [main] DEBUG com.github.dockerjava.zerodep.shaded.org.apache.hc.client5.http.wire -- http-outgoing-2 << "[0x3][0xffffffe5]#l[0xfffffffd][0xffffffaf][0xffffffc4]/[0x3][0xffffffa0][0xffffffbc][0xfffffffe][0xffffff9f][0x1b][0xfffffff3][0xffffffff][0xffffffdd]^[0xffffffa9]W[0xffffffa1][0x1b][0x5][0x0]2[0xffffffd7]l[0xffffff82][0xffffff88][0xffffff8d]{[0x15]@[0xffffffa7]V[0x1]d[0xffffffb1]m[0xffffffdf]$[0xffffffbe][0xffffffed][0xffffff95]+[0xffffff81][0xffffffb3]_|9[0xffffffff]O'[0x1f][0xffffff98][0x9]E[0xfffffff1]?[0x1b][0xfffffff3][0xffffffc7]:[0x0]T[0x8][0xffffffff][0x10][0x17][0xffffffc6][0xffffffea][0xffffffff]O[0xffffffa5][0x5][0xffffffca][0xffffffb7]=[0xffffffd5][0xffffffc3][0xffffff96][0xffffffb8]D`*O[0xffffff92]@[0xb][0xffffff94]uc[0xffffffae]Uw[0xffffffcb]v[0xffffffa1]Ff[0xc][0x4][0x1][0xffffffe1][0xffffff9e][0xffffffbc][[0xffffffe8][0xffffffe4]@u[0x11]V[0xffffffe2][0xffffffb4]P[0x1]0[0xfffffff1][0x3][0xffffff89]6[0xffffffaf][0x1f][0xffffff82]9![0xffffffd9][0xfffffff3][0x17][0x1a][0xfffffff6][0xffffff8b][0xffffff8d][0xffffff9d][0xffffffff][0xfffffff3][0x4][0xffffff87][0xffffffab][0xffffffc3][0xffffffc2][0xffffffc5]u[0xffffffd8][0xffffffb7]8z[0xffffffd9][0xffffffcd][0x8][0xfffffff8]9[0xfffffffb]P[0x1d][0x1f][0xffffffd9][0xffffffc1]R[0xffffffab][0xf]~:b[0x18][0xffffffcd][0xfffffff4][0x15]Q~`J4[0xffffffb3]I[0xffffff9f]/E[0xffffffb1][0x1b][0xffffffb7][0xffffff82][0xffffffa5]-[0xffffff83][0xfffffffe][\r][ \[0xffffffaa][0xffffff82][0xfffffff6][0x1e][0xffffffad][0xc][0xfffffff8]g[0xffffffcd][0xb][0xffffff99]CO[0xffffffaf][0xffffff99][0xffffff83]b[0xffffffcb]Tb[0xffffff9d][0xffffff9e][0x1a][0xffffffe4][0xffffff95][0xffffffad][0xffffffbc][0xffffffaa][0xffffff9f]5[0xffffffc9][0xffffffa6][0x2][0xffffffcc]5[0xffffff94][0xffffffca][0x12]?[0x18][0xffffff8a]t[0xfffffff2][0xffffff8b][0xffffffe8][0xffffff8a][0xffffffd0][0xfffffffb]7[0xc][0x4][0xffffffa8][0x1b]r[0xffffffbe][0xffffffba][0xffffffbc][0x14][0xffffffc0][0xffffffed]}[0xffffffb7]f[0xffffff83][0xffffffe1][0xffffff8f]D[0xffffffd3][0xffffffae][0xfffffff8][0xffffffeb][0xffffffbd][0xffffff97][0xffffff9b][0xffffffd8][0x1][0xffffffda][0xffffffa3]x[0xffffffc5][0xffffffbd][0xffffff81][0xffffffca][0xffffffea] [0xffffffcd][0x1e][0xffffffdd][0xffffff96]^[0xffffffae][0xffffff9f]x[0x13][0xffffff90]A[0xffffffcb][0x2][0xffffffee][0xffffffb2][0x3][0xffffffb2][0xe][0x19][0xffffffaa][0xffffff91]8X[0xffffff9a][0xffffffda][0xffffff93][0xb];[0xffffff9e][0xffffffca]iC[0x1][0xffffff9a][0xffffffc8][0xffffffb0][0xffffff84]qR[0x10][0x9][0xffffffbb][0xffffff9c]f[0x17]E![0xffffff83][0xffffff8b]?S[0xffffffb8][0xf][0x9][0xffffff89][0xffffffa9][0xfffffff8]I[0xffffffee]3[0xffffffcc]C[0x1b][0xffffffbb]"8[0xffffffde] [0x0]|xI[0xffffffd6][0xffffffd9][0x19][0xffffffd2][0x9][0xffffffa9]nFr[0xffffff8c][0xffffffba][0xffffffb9]+H[0xffffffc6][0xffffffa1][0xffffff8d]r[0xffffffbe]1[0xffffff96][0xffffffa0]*[0xffffffcd]w[0x15]X[0x16][0xffffffe2][0xffffff9e][0x1f]}[0xffffffae][0x13][0xffffffbb][0xffffff9f][0xffffffa7][0xffffffd8][0xffffffe5][0xffffffb5]P>[0x1b][0xffffffdd]u{1[0xffffffae])[\r][0x1e]K[0xfffffffa][0xffffffcb]X[0xffffffc4]ta[0xffffffed][\r]r[0xffffffab][0xfffffff8][0xffffff8c][0xffffffc8]J}e[0x7][0xffffff8e][0xffffffd9][0xffffff9d][0xffffffb4]t"t~[0xffffff84][0xffffffa5]{|[0xffffffee][0xffffff88][0xffffff8c]L[0x18][0x13][0xfffffff8][0xfffffffe][0xffffff86]}[0xffffffbb][0xffffff9d][0xffffffa3][0xffffff99][0xffffffa4][0xffffffa0]R[0xfffffff5]na@1g=[0xffffffb6]C'u[0xffffffbc]X[0xffffffb1][0xffffffcd][0xffffff91]5[0xfffffff6][0xffffffab]ko}[0xffffffab][0xffffffea][0xffffffc5][0xffffff88][0x18]h[0x1a]~[0x16][0x0]j[0xffffff86][0xffffffee][0xffffffa4]iF[0xffffffc6][0xffffffb3][0xffffffc7][0xffffffb5]CP[0xffffffe5]sRP[0xfffffff0]l[0xffffffe8]Kt$Z^[0xffffffcc][0xffffff83][0xffffffb0]yW[0xffffffa2]2[0xffffffb0][0xffffffbb][0xffffffa0]h[0xffffffd2]?0[Sb[0xffffff8b][0xffffffb2][0x19]1N[0x1e][0xffffff9e][0xffffff98]7E:w[0xffffff9b]jl[0xffffffd8]_;[0xffffffeb][0xffffff98][0xffffffb4]][0x4]C[0xffffffc0]57[[0xffffffea]^[0xffffff80]^[0xffffff86]Q[0xffffff8c][0xffffff90]N[0xffffffd2][0x1][0x10]=-[0xffffffc7][0xffffff95][0x13]CF[0xffffffa9]4=[0xffffffa2][0xfffffffc]9cy[0xffffffa8][0x14]qT[0xffffff88][0xffffffb6][0xffffffe5][0xffffff8c]^[0xffffffbe]^[0xffffff93][0xffffffba][0xffffffa6][0xffffff9a]EAf[0xffffff90][0xffffffaa][0xffffff9e]vku[0x0][0xffffffe0][0xfffffffa]D[0xfffffff9][0xffffff96][0xffffff83],0sz[0x12][0x13][0xffffffab]-Rz[0xffffff8f][0x1a]3V[0xffffffc1][0xffffffd7][0xfffffff2][0xffffffb2]d[0x1f][0xffffffa2][0xffffff99];[0xffffffd1]S[0xfffffff9]fE[0xffffff96]U[0xfffffff9][0x9][0xffffff83][0xffffff8d]m[0xffffff8e][0xffffffdc][0xffffffc7][0xffffffa0][0xffffff8a]m[0xffffff9d][0xc][0x9][0xffffffc5][0x1c][0xffffffaa][0x3]'[0xffffffde][0xffffff9d][0x17][0xffffffdf][0xffffffde][0xffffffbd][0xffffffa8][0xfffffffa][0xffffffc5]+[0xffffffba][0xffffffc8]y[0xffffffd7][0xfffffff8][0xffffffe6][0xffffffe1]/Qi@|[0x15][0xffffffd9][0xffffffde][0xffffff84][0xffffff9e]J[0xf][0xffffffec]H[0xffffffc2][0xffffff92][0xffffffc9]``[0xffffff83]t$[0xffffff94][0xffffff95]o[0xffffffbe][0xffffffbb][0xffffffd3][0xffffffd0][0xffffffef][0xffffff87]Y[0x17][0xffffffa2][0xffffffe3][0xffffff95][0x1e][0x16][0xffffffbf][0xffffff90][0x1]p[0xffffff8a][0xffffffdb];-[0xffffffb1][0xffffffdd][0xb]Lh[0xffffffaf][0xffffffec]1[0xffffffca][0xffffffe1][0xffffffda][0xfffffff8]=[0xffffff85][0xffffffe3][0xffffffc2][0xffffffd6]3S[0x3]?[0xffffffc2][0xffffff84][0xffffffb9]G[0xffffffcb][0x17];[0xffffff9f][0xfffffff0]$shfT[\n]"
09:46:43.449 [main] DEBUG com.github.dockerjava.zerodep.shaded.org.apache.hc.client5.http.wire -- http-outgoing-2 << "tl[0xffffffa0][0xfffffff4]D[\n]"
09:46:43.449 [main] DEBUG com.github.dockerjava.zerodep.shaded.org.apache.hc.client5.http.wire -- http-outgoing-2 << "[0xffffff81][0xffffffe2][0xffffff9e]"[0xffffffe2]l[0xffffffe7]eN[0xffffff93][0x2][0xffffffa5][0xffffffef]B[0xffffffbc][0xffffff87][0xfffffffd][\r][0xffffff90]n[0xffffffeb][0xffffff8e]t0[0xfffffffa][0xffffff82][0xffffffd1][0xffffffb6][0x4]<x[0xffffff91][0xffffffbc][0xffffffce][0x7f][0xffffff9d]k[0xffffffda][0xffffffb2][0xffffff9e]H%[0xfffffffd][0xffffff84]`[0x3]E`[0xffffffa0][0x10][0x9][0xfffffffd][0xffffffae][0xfffffff8][0xfffffff0]sLhbil[0xffffffa7][0xffffffad][0xffffffc2][0xffffffa6]}[0xffffffb3][0xffffff86][0xffffffba][0x19]sys[0x13]v[0xffffff8f]I[0xffffffcf][0xffffffd6][0xffffffa4]py[0xffffffdf][0xffffffc3][0xffffffbe][0xffffff84]5[0xfffffff7][0xfffffffe]B[0xffffff85]:[0xffffffdd][0xffffffd0][0xffffff9f]W:[0xfffffff5]?[0xffffffad][0xb]Tt[0x1b][0xffffffaa][0xffffff84][0xffffffbe][0xffffffa1]5_[0xffffffa6][0xffffffb7][0xffffffc4][0x12]*[0xffffffed][0xfffffffe][0xffffffe9][0xffffffea]**[0xffffff88]p[0xffffff9c][0xffffffb3][0x7][0xfffffff7][0xffffff83]f[0xffffffc6]6A[0x17][0xffffffa7][0xffffffd5][0xffffffb6][0x1e][0xffffffc0][0xffffffb3][0xffffff87][0xffffffb7][0x14][0xffffffce][0x1f][0x14]p[0x1b]7[0xffffffb5][0xffffffa7]c[0xfffffffc]*G[0xffffffad]zA*C[0xfffffff5]W[0x13][0xffffffaf][0xffffff94]N[0xffffff8c]y[0x0]u[0xffffff89]o[0x6][0xffffffc1][0xfffffffb][0x1d][0x5][0xffffff99][0xfffffffd]J[0xffffffe7][0xffffffba][0xffffffe2][0xffffffb9][0xffffffbb] [0xffffffab]P5[0xfffffff1][0xfffffffe]z[0xffffffe7]&[0x19][0xffffffbf]m[0xffffffe1]tV[0xffffffc3][0xffffffea][0xffffffd8]U1[0xffffff88]{{[0xffffff98][0xffffff98][0xffffff90][0x14]9[0x10]_3[0xffffffcc]aB[0x0]VRQ[0xffffffae][0xffffff85][0xffffff89][0xffffffd8][0xfffffffe][0x7]#[0xffffffd7]RSJ$[0xfffffffc][0xffffffc6][0xffffff92][0xfffffff4]V[0x3][0xffffffb2][0x1e][0xffffffd2][0xffffffed][0xffffffa0]-[0xffffffae]~[0xffffffe8]R[0xffffffa0] [0x5][0xfffffffc]qy[0xffffffe3][0xffffff88][0xffffffbc][0xffffffd4][0xffffffcd][0xffffffd6][0xffffffca]|[0x10]W[0xc][0xffffffd2][0xffffffbc]w\[0xffffffcf][0xffffffeb]SjpT[\r][0xffffff8e][0xfffffff9][0xffffff89]wlz[0xffffffc2]1[0xffffff91][0xffffffec][0xffffffc4]m[0xffffffaf]W[0xffffffac][0xffffff99][0xffffff92][0xffffff87][0xfffffffc][0xffffff9b]7[0xffffffa0][0x1][0xffffffc3][0xffffffec]([0xffffffb2][0xffffffba]([0xffffff88][0xffffff88]52*[0xffffffce][0xfffffff1][0xfffffff5]LY[0xffffff83][0xffffff9a][0xfffffffd][0xffffff89][0xffffffd5][0xffffffef]B[0xffffffc5]F6[0xffffff8e]u[0xffffffb2]"[0xffffffe5]crp[0xffffffc0]x[0xffffff8c][0xfffffff8][0xffffffdc][0xffffffb6]&|[0xffffffa7]-`_[0xffffffd5]V[0xffffffe0][0xffffffdc][0xffffffa2][0xffffffd9][0xfffffff6]=f[0xffffffce][0x1][0xffffff85]r[\n]"
09:46:43.449 [main] DEBUG com.github.dockerjava.zerodep.shaded.org.apache.hc.client5.http.wire -- http-outgoing-2 << "f[0xffffffcf][0xffffffb4][0xffffffe7][0xffffffec][0xffffff8f][0xffffffdd](s[0x2]Hy[0xffffff82]p[0x13]Q[\r][0xffffffab]X[\r][0xffffff9a]%[0x6][0xffffff8d][0xffffffe5][0xffffffca]C2[0xffffffe7][0xffffffb1][0x1f]G[0xffffff83][0x1][0x1e][0xffffff8b][0xffffffcf][0xffffff8d]][0x0]0[0xffffffbf]@[0xffffffa7][0xffffffa9]'I[0xc][0xffffff90]hb[0xffffffa8][0xffffffc9][0xffffff8f][0xffffffa7][0x2][0xffffff85][0xffffffb1]h:"Z[0xffffffe4]~[0xffffffa4]P[0xfffffff1][0xffffffe3]<[0x1][0xffffff99][0xffffffcf][0xffffffc4],[0xffffffae][0xffffffbf]#[0xffffff96]<6[0xffffff87][0xffffffdb][0xfffffffe][0x2][0xffffffbf][0xffffffea]c[0xffffffc2]U@[0xffffffc2];[0xffffffc6][0x17][0xffffff97]C[0xffffffa0][0xfffffffe][0xffffffca][0x8]+R([0xffffff83][0xfffffff1][0xffffffe1][0x9]h5\[0xffffffc2][0xffffffba][0x6]t[0x1b][0xffffff9f]:y[0xffffffbe][0xffffffae]%[0xffffffda]\[0xffffffe4][0xfffffffd]'[0x1f][0xffffff91][0xffffff98][0xffffff9b][0xffffff9b][0xffffffe4][0x1f][0x1b][0xffffffbb][0xffffffaa][0x8]%;[0x1f][0xffffff8e]xOr,^[0xffffff9a][0xffffffaa][0xffffffbd][0xffffff9e]EGb[0xffffffee][0xffffffd4][0xffffff90]u[0xfffffffd]1[0xffffffc6]6@[0xffffffa6][0xffffffe3][0xffffff99]kEE[0x1e][0xfffffff1][0xffffff9d][0xffffffd6][0x12][0xffffff87][0x8][0xffffffc7][0xffffffc0][0xffffffe1][0xfffffff1][0x2][0xffffffdd]~9[0xffffffab][0xffffffb1]_[0xffffffb0][0x1d][0x5][0xffffffb1]/'c[0xfffffff7]"[0xffffffd7][0xffffffab]\[0xffffffb7]3[0xffffffef][0xffffffe5][0x13]VB7[0xffffffe7][0xffffffbc]![0xffffffba]5[0xffffffb4]![0xffffffa1][0xffffffe9][0xffffffe7][0x11]4[0xffffffa4][0xffffff92][0xe]*[0x16]s@w[0xf][0xffffffd3][0xffffffb8]p[0xffffff9a]>[0x7f]=z[0xffffffbe][0xffffffad][0xffffffeb][0xffffffc8];[0xffffffbf]Xi[0xc][0xffffffed][0xffffffea][0xffffffb7][0xffffffae][0xffffffb7][0xc]-[0xffffffc7][0xffffffcd]$[[0xffffff8b][0xffffffc2]@[0x0]A7[0xffffff8d][0xffffffeb]N3p[0xffffff93](T[0xffffff88][0xffffffbc]^[y[0x4][0xffffffa1][0xffffffd8]S[0x1c][0x15][0xffffff95][0xffffffa5](O[0xffffffd7][0xffffff8d]X*P[0xffffff9d]n[0xffffff81]h[0xffffffa8][0xffffff82]/?[0xffffffe2]a[0xffffff88]<[0xfffffff7][0xffffff92][0x1a],[0xffffffe3]d[0xffffffff][0x13][0xffffffdd][0x5]QAgw[0xfffffff4]l[0xffffffac][0x2][0xffffff9a][0xffffffcc][0xffffffb3][0xffffff84]L[0x1b][0xffffffb6][0xffffffd9]ih[0xffffff9e][0xffffffad]d[0x1e]1m[0xffffffee][0xffffff8d][0xffffffc1]TT[0xffffffe5][0xffffffa2][0xfffffffc][0xffffffce]N[0xffffffbe]E[[0xffffffde][0xfffffff4][0xffffffea][0xffffffdd][0xfffffffd][0x2][0xffffffb3]{W[0xffffffb9][0xffffffe8][0xffffffa0][0xffffffe6][0xffffffd6]M[0xffffffc8]W[0x1][0x18][0xfffffff4][0xffffff96][0xffffffbe][0xffffff97][0xffffffff][0xffffff93]>[0xffffff81][0xffffff96][0xffffff85][0xffffffa8][0xffffffe4]@[0xffffffc6][0xffffffa1]/[0xffffff8f][0xffffffbb][0xffffff81][\n]"
09:46:43.456 [main] DEBUG com.github.dockerjava.zerodep.shaded.org.apache.hc.client5.http.wire -- http-outgoing-2 << " [0xffffffed][0xffffffee][0xffffffe8]6[0x1e][0xffffffa9][0xffffffa9]W[0xffffffd5]S[0xfffffff3][0xffffffab][0xffffff9e][0x7][0xffffffb4][0xffffff8d][0xfffffffc][0xffffffb4][0xffffffb8]H[0xfffffff4][0xffffffb8][0xb][0x1f]\kAl94[0xffffffe1][0xffffff94][0xffffff97]e4%[0xffffffe0][0xffffff9c][0xffffff98][0xfffffff0]jyQX[0xffffffd1][0xffffffc8][0xffffff8e]u[0xffffffd8][0xffffff9b][0xffffffc9]r[0xfffffff8][0xffffff9e]r[\n]"
09:46:43.456 [main] DEBUG com.github.dockerjava.zerodep.shaded.org.apache.hc.client5.http.wire -- http-outgoing-2 << "u5R[0x1a][0x1b]{[0xffffff94]~Lo[0xffffffc3]Kz[0xffffffd7]m[0xffffffc0][0xffffffb2][0xffffffc9]n[0xffffffd5]FH[0xffffff93][0xffffffee][0x1d][0xffffffef][0xffffff97][0xffffff80]T[0x17]zO[0xffffff82][0xfffffff4][0x4]2[0xffffffcd]U[0xffffffbd][0x5][0x3][0xffffffd7][0x16][0xffffff84][0xffffffdf][0xffffffc0][0xfffffff5]VE[0xffffffec]u[0x4][0xfffffff5]e[0xffffffab][0x19]8[0xffffffa1][0x8][0xffffff85]#>[0x19][0xffffffa2]U[0xffffff90]RO[0xffffffaa][0xffffffff](([0xfffffffd][0x1][0xffffffb7][0xffffffc4]d[0xffffffcd][0xfffffff8]l[0xffffff86][0xffffff86][0xffffffb4][0xffffffca][0x8]>9[0xffffffe6][0x11]wh[0xffffffc8]4N[0xffffff95][0xffffff91]q[0x6]W[0xffffffa5]*nk[0xf][0xffffffb8][0xffffffcf][0x2][0xffffff8a][0xffffffcd][0xffffffe4][0xfffffff1][0xffffff8b]d[0xffffff88][0xfffffffb][0xffffffc0]MP[0x17][0xffffffaf]4[0xffffffd0][0xffffffaa][0xffffffa7]a[0xffffff83]H[0x12][\r][0xffffffef][0xfffffff4][0xffffffb8]![0xffffff93]Gp&[0xc]$[0xffffffe9]O;[0xffffffd4]K[0x13][0xfffffff7][0x1b][0x0]([0xffffffb7]e[0xffffffa7][0x1d][0xffffff81]N[0xffffff84]JP[0xffffff81][0xffffff9d][0xffffffbc][0xb]-b[0xffffffda][0xffffffe0][0xffffffb7][0x6][0xffffff87][0xfffffffb][0xffffffba][0xffffffb3][0xffffff84]_[0xffffff8a][0xffffffdc]>P[0xffffffee][0xffffffee][0xffffffaf]>[0xffffffe3][0xffffff87][0xfffffffd]-[0xffffffc2]7[0x19][0xffffffb8][0xfffffff9][0xffffffbc][0x2][0xffffff9e]ZAz[0xffffff94]U[0xfffffffd][0x8][0xffffffd7]L[0xffffffd7]xME[0xffffffe8][0xffffff8b]>[0xffffffd7]@$[0xffffffd7][0xffffffa6]m[0xffffffbe])[0x1d]BR^[0x0][0xffffffbb]GS[0xffffffea]#[0xffffffbe][0xffffffd4]@;._[0xffffff94]T[0xffffffe1][0xfffffff5]21A[0xffffffa3]=6[0xffffffdd][0xffffffa6]J[0x2]mn=[0xffffffa4][0xfffffff5][0xffffffe3][0xffffffa4][0xffffffec][0x10][0xfffffffc][0xffffffc0][0x8][0xffffffed][0x16]G[0xffffffb4][0xffffff83][0xffffffc2][0xffffffb1][0xffffffcd]+v[0xffffffb3]3[0xffffff9c]=j[0xffffffb6][0x1d][0xffffff95][0x8],]Hn[0xffffffd0]}t[0xffffffc8][0xffffffce][0xffffff86]?[0x11]0[0x1]^[0xffffffd0]Ej[0x14][0xffffff8e][0x1b],[0xffffffca]i&:[0xffffff82][0xffffffed][0xffffffee][0xffffffaf][0xffffffef][0x1a][0xffffff87][0xffffffce][0xffffffdb][0xffffffd0][0xffffffcb][0xffffffc9][0xffffffbd][0x7]q"[0xfffffff5][0xffffff80][0xffffffe4][0xffffff9a][0x2]:!,X[0xe]a#[0xffffffcb]H[0xffffff81][0xffffffe5]:[0xffffffac][0x7]X[0xffffffc2]Z[0xffffff91]*C[0xffffffbb][0xfffffffa][0xffffff8c][0xffffffd5][0x1][0xffffffbe][0xffffff9b][0xffffff8f][0xffffffd8][0x0]y [0x1]O[0xffffffe2][0xfffffff4][0xffffffbb][0xffffffb9][0x18][0xffffffb1]=soN[0xffffffc2]c[0xffffffa3]wG[0xffffffe0]7[0xfffffff9][0xfffffff7]t[0xffffffdb]6X,[0x1c]i[0x17][0xfffffff7][0xffffffb6]_[0xffffffef]/[0xffffffba]G[0xffffff8b][0xffffffe5][0xffffffb7]T[0xffffffba]D[0xffffff8e][0xffffff86]k[0xffffffa2][0xffffffa1][0xe]&pC[0xffffffbd][0xffffffbc][0xffffffc6][0xffffffac][0xffffff85]{[0xffffffb0][0xffffffc5][0xfffffff4]0[0xffffff95][0xffffff83][0xffffff94][0xffffffd9][0xffffffce][0xf]J\[0xffffffe3][0xffffffba][0xffffff88][0xfffffff9]-P[0xffffff8d][\n]"
09:46:43.458 [main] DEBUG com.github.dockerjava.zerodep.shaded.org.apache.hc.client5.http.wire -- http-outgoing-2 << "[0x1e][0x1e][0x13]<*[0xffffff84][0xffffffaa]TQWL?T[0xffffffd1][0xffffffcb][0x18][0x1]:u([0xffffff91][0xffffff9a]a[0x17]y[0xffffff81][0x8][0xffffffca][0xffffffc0][0xffffffc7][0xffffffbb][0x18][0xffffff9c][0xffffffa7]m[0x1d][0x4][0xfffffff0]'1[0xffffffb6][0xfffffff5][0xffffff89][0xffffffb7][0xffffffe4][0xffffffb8][0xffffff84][0xffffff8c][0x5]aa[0xffffff8f][0xc][0xffffffbe][0xffffffa6]kKP[0xffffff9c][0x1][0xffffffac]>[0x7f][0x4]+\t[0xffffffab]W[0xffffff86]kR[0xffffff89][0xffffff93][0xffffff99]o[0x12][0xffffffee][0xffffffdb][0xffffffbc][0xffffffd7][0xffffff94]9[0xffffffa8][0xffffffa1]XO[0xffffff88][0x1a][0xffffffe5][0xffffffea]P[0xffffff81]V[0xffffffa3][0xffffffec][0xffffff91]-[0x1e][0xffffffb4]t[0x18][0xffffff82]_[0xffffffcd].[0xffffffc8]4[0xffffffa9][0xffffff9e]w[0xffffff90]ra[0xffffff82]([0xffffffbb][0xffffffe0][0xffffffa2][0xffffff8c][0xffffffcf][0xffffffe8]v[0xffffffa5][0xf][0xffffffae]H$[0xffffffc9]U[0xffffff9e][0xffffff8d]^[0xffffffc6]N[0xffffffc2][0xffffffab]Dmg[0xffffffb5]c[0xffffffa7][0xffffff89]x[0x12][0xfffffffd]de[0xffffffd1]8[\n]"
09:46:43.458 [main] DEBUG com.github.dockerjava.zerodep.shaded.org.apache.hc.client5.http.wire -- http-outgoing-2 << "[0xffffff9e]6[0xffffffa1]<&[0xffffffbd][0xffffff90][0x6][0xffffffe7][0xffffff97][0xffffffe1][0x1e][0xffffff99]q[\n]"
09:46:43.460 [main] DEBUG com.github.dockerjava.zerodep.shaded.org.apache.hc.client5.http.wire -- http-outgoing-2 << ";<[0x10]F[0x12][0xffffffd1][0xffffff91][0xffffff85][0xffffffc0][0xffffffd1]gu[0xffffffcc][0xffffffa2][0xf][0xffffff82][0xffffffe6][0xffffffaf][0xffffffa6][0xffffffe6][0xffffffe8]y6[0xffffffb3][0xffffffbf][0xfffffff4]),[0xffffffd9][0xffffffe4]>[0x1d][0x1e]V[0xfffffffa]P,[0xffffffbf][0xffffffc2][0xffffffa2][0xffffffe2][0xffffffd4][0x3]}W:<[0xffffffb8]#;o[0xfffffff2][0xffffff86][0xffffff81][0xffffffaf],O[0xffffffda]o0B[0x7f]ex[0xfffffff2]0B[0xffffffa4][0xffffffb2][0xffffffde]"[0xffffffb1][0xffffffdd][0xfffffff6][0xffffff8d]yl[0xffffffbf]y[0xffffff8a][0xffffff8c][0xffffffc9]7[0xffffffdc]-[0xffffff8d][0xffffff88]n[0xffffffbf][0xffffffb4]][0x17][0xffffffa7][0x10]&[0xffffff9c][0xf]^[0xffffffac][0xfffffff5][0x7f][0xffffff84]%[0x3][0xffffffa7](g[0xffffff86]y[0xffffff82][0xffffffc5][0xffffffa3]MA[0xffffffbc][0xffffffae][0xffffffb6] [0xffffffa7][0xffffff9d]>*%[0x18][0xffffffde]k[0xffffffdf][0xffffffbd][0x7]:54J[[0xffffffb8][0xffffffd4]?[0xc]@S[0x1][0xffffff8e][0x1a][0x8][0x5][0xffffff86][0xffffffbe]N%$[0xffffffdb][0xffffffdb][0x11]U[0xffffffd2]q[0xffffffd8]P E[0x5][0xffffffe1][0xffffffb5][0xffffffb6][0xffffffe5]V[0xffffff89]k_X[0x16].[0xffffff9d]_[0x1][0xffffff8e][0xffffffb6][0xffffff8f]$[0xffffffd6]>[0xffffffec]}[0xffffffa8]t:[0xffffffac][0xffffffbe]k[0x1c]?[0xffffff99]I[0xffffffdf][0xfffffff6][0xffffffc2][0xffffffca][0xffffff81][0x3][0xffffff8f][0x7][0xffffff87]}KJ[0xffffffae][0xffffffc1][0x8]R[0xffffffbc][0xffffffcd]N[0xfffffff9][0x7f]m[0xffffffed][0xffffffd0][0xffffffe3][0x15][0x19][0xffffffb9][0xffffffcd][0xffffffdd]>[0xffffffc4][0xffffffa0]'[0xffffffec];0[0xffffffbc][0xffffffb4]H)[0xffffffd5]W[0xffffffce][0xffffffd5][0xffffffd4][0xffffff88][0x15];a[0xffffffc3]p[0x10]C[0xffffffce]>)[0x18][0xffffffef][0xffffffcd]3[0x16]i[0xfffffff9][0xffffff9d][0xffffffdf][0xffffffef]v[0xffffffa6]&[0x6]I[0xffffffb3]w8&F[0x10][0xffffffbf]$9[0xffffffbb][0xffffffaf]O[0xffffffce][0xffffffe4]r[0xffffffb6]7[0xffffffb2][0x7f][0xffffff81]l8-[0x14] ;%[0xffffff90][0xffffffa9]h>[0xffffffab][0xffffffb5][0xffffffe9][0x1f][0xffffff8a][0xffffffa7][0x12]V[0xffffffa5]],[0xffffffa0]Df[0xffffff92]+[0xffffffba][0xffffffa7]Pb[0xffffff89][0xffffff96]iUF[0xffffff95]5[0xffffff80]oo[0xffffffcb][0x13][0xffffffc5][\r][0xfffffff0]5;G[0xffffff8e]r[0xffffff99][0x9][0xffffffeb][0xfffffffa]L![0x16]][0xffffffea][0xffffffc9][0xffffff80][0x1a]s\[0xffffffca][0x19][0xffffffda][0x10][0xffffffa9][0xfffffffa][0xffffffc5]C[0xffffffba]_[0xffffffe4][0x0][0xffffff99]N[0xffffff89]r[0xffffffb7][0x6][0xffffffd4][0x1d][0xffffff8c]-[0xffffffe5]%|[0x1f][0xffffffa4]m,[0xffffffda][0x18]u[0xffffffaf][0x1d][0xffffff97][0xffffffbd]|y[0xffffffa0][0xffffff91][0xffffff87])[0xffffffd1]dM\[0xffffffbb][0x4]-[0xffffffb6][0xffffffc1][0xffffff91][0xffffffd6][0x12][0xffffffbe][0x9][0xffffffe2]a[[0x7]u[0xfffffff0][0xffffff96][0xffffffdc][0xfffffff7]{I[0xffffffcb]?[0xfffffff2][0xffffffee][0xe][0xffffffbd][0x1a][0xffffffa8][0xffffff9a]$[0xffffffaf]`[0xffffffed][0xffffffe1][0xffffffaf]t[0xffffffa8]"[0x6][0xffffffb7]O[0xffffffce][0xffffffe4][0xffffff99][0xffffffd3][0xffffff8e]c[0x18][0xfffffff3][0xffffff86]][0x0][0xffffffd0]9[0x2][0xffffffe4]u/[0xffffffc9][0xffffffa5]6[0x3]a[0xfffffff1][0xffffffe6]A[0x11]D[0xe][0xffffffbf][0x15])[0xfffffffd][0xffffffd8][0x1d][0xffffffad][0xfffffff0]R[0xffffffb9]Mp[0xffffffdb]W[0xffffffb3][0xffffffc8][0x17][0xffffff94][0xffffffcc][0xffffff82][0x12][0x4][0xffffffd6]3[0xffffffe6][0xffffffd9][0xffffff8e][0xffffffd0][0xffffffc7][0xffffffce]d[0x16][0xffffffa7][0x1e]9[0xffffffe6][0xffffffb5]|%Q[0xffffffb1].$5[0x9][0xffffffb0][0xffffffb0].4![0xffffffba][0xffffff9e][0xffffffaf]'D[0xfffffff5][0xffffffae]M[0x2][0x16]W[0xb]d[0xffffff81][0xffffffeb][0xffffff91][0xfffffff4]R+[0xffffffbe][0x19][0x18][0xffffffc7][0xffffffad][0xffffffa8][0xffffffab]4+[0xffffff93]S[0xffffffcb][0xffffffec]+D[0xffffffeb][0x5].e[0xffffff80][0xffffffaf][0xffffffbd][0xffffffcf][0xffffffa3][0xffffffd9][0xffffffd1][0xffffffb4]9z[0xffffff8e][0x10][0xffffffd9]{=f [0x1f][0xffffffb1][0x1a][0xffffffdf][0xffffff81][0xffffffc2][0xffffffe5]gK[0xffffffba]-[0xffffffe2][0xfffffff2][0xffffffe4]![0xffffff91]23-[0xffffffb1][0xffffffe6][0xffffffa9][0xffffffbe][0xffffffc8]$[0xffffffcc][0xffffffb6]}[0xffffffbd]g[0xffffffd9][0xffffffae][0xffffffda]#mj[!u2LJM[0xffffffe0][0xffffff90]![0xffffffa8]/[0xffffffa2][0xffffffca][0xffffffa8][0xffffffb1][\n]"
09:46:43.460 [main] DEBUG com.github.dockerjava.zerodep.shaded.org.apache.hc.client5.http.wire -- http-outgoing-2 << "[0xffffffdc]+|[0xfffffffe]z[0xffffffda]P[0xffffff88]\[0xffffffc8]1[0xffffffba]n[0xffffffb6][0xffffff92][0xffffffd9][0xb][0xffffffe4]J[0xffffff82][0x9]R[0x8][0xffffff9b][0xfffffff4][0xffffffe5][0x1]W[0xffffffff][0xfffffff9][0xfffffffe]h[0xffffffb4][0xffffffc5][0xffffffed][0xe][0xfffffffa][0xffffffb1][0xffffffa3][0xfffffff9][0xffffff81][0xffffffa6][0xffffffa6][0xffffffa7][0xfffffff1]*([0xffffffc1]R[0xffffff97][0xffffff99][0x12];[0x15]z[0xffffffdf]U_[0xffffffdc][0xffffff89]zdo^.c[0xffffff9e]&t[0x14][0xffffffbd][0xffffffc9][0xffffffc2]U[0xffffff8a][0x7f][0x18][0xffffffc5][0xffffffdd][0xffffffde][0xffffffb7][0xffffffae][0x1e][0x0][0xffffff83]jQ[0x13][0xfffffffe][0xffffffd3][0xffffffd5][0xffffff89]M[0xffffffdd]m[0xffffff8e][0x15]cel[0xfffffff8][0xffffff9d][0xffffff92][0xffffff90]4z[0xffffffa4][0xffffff99][0xffffffd3][0xffffffcc][0xffffffe5][0xffffffc0][0xfffffffc]6[0xffffffcf]V?nS[0xffffffdc][0xffffffb7][0xffffffc5][0xffffffa3][0xffffffe3];1[0x1][0xfffffff3][0xffffffbe][0xfffffff1]"[0x7f][0xffffff8a][0xffffffa4]*[0xffffff9b][0x1][0x19][0xffffff9b]^[0xffffffcd]|[0xffffffbf][0x1a]$[0xffffffee][0x1][0xffffff93][0xffffff86][0xffffffd1]>[0xffffffd2][0xffffffc0]l[0xffffffb4]0F[0xffffffa0][0xffffff91][0xfffffff2][0x1]C[0xffffffd4][0xffffffe3]m=[0xffffffaf]d[62[0xffffff93][0x8]<[0xffffff80]U[0xfffffff1]|[0xffffffb4][0xffffffd1][0xffffffc5][0xffffff96][0xffffffea][0xffffffc9][0xffffffa4]C[0xffffffdb][0xffffffef]XW[0xffffffb7]v[0xffffff8d]}E] [0xffffffca]Y[0xffffff87][0xffffffbc][0x1c][0xffffffd9]C !89;[0xffffffd5]Bq[\n]"
09:46:43.460 [main] DEBUG com.github.dockerjava.zerodep.shaded.org.apache.hc.client5.http.wire -- http-outgoing-2 << "i[0xffffffdd],[0xffffffae]k4:[0x7][0xffffffda][0xffffffcf]Gn[0xfffffff3]K[0xffffffee][0x19][0xffffff8c][0xfffffff1][0x17]"[0xffffffe0][0xffffff8b][0x2]vM[0xffffff80][0xffffffef][0xffffff8c]>[0xffffffb9][0xfffffff4][0xffffff9d][0xffffffe8]U[0xffffffce][0xfffffff8]c[0xffffffac][0xffffffb8][0xffffffad][0xffffffba][0xffffffb3]C&[0xffffffba][0xffffffca]#[0xffffffd7]>u[0x1d][0xffffffff][0xffffffdc][0x17][0xffffffa1][0xffffffe9][0xffffffee]![0x0][0x7f]m[0xffffff90][0xffffffd2]x[0x7f][0x12][0xc][0xffffffef][0xffffff89][0xffffffca][0x16][0xffffff8f][0xffffffbb]:[0xffffffaa]O<{[0xffffff8c][0x6][0xffffff85]#[0xffffffca],_[0xffffffaf]V[0xffffffa8][0xffffffe6][0xffffffc3][0xffffffe2][0x9][0xffffffa6][0xffffffe8][0xb]n[0xffffffc7][0xffffffe6]/[0xffffffd6][0xffffffac][0xffffffda][0xffffffb1][0xffffffc6][0xffffffc1][0x12][0x1d]:[0xffffffad][0xffffffca][\r][0xffffffb9]g[0xffffffd5][0x1][0xffffffc4][0xffffff8c])[0xfffffff0][0xffffffa2]5[0xffffffde][0xffffffc0][0xffffffd2][0xe][0x7f][0xffffffc3][0xffffffc9][0xffffff86]P[0xffffffec][0xffffffc8]c[0xfffffffc]~[0xffffff8f][0xffffffcd][0x1d][0xffffff89]u[0xffffffc1][0xffffff83]E[0xffffff94]"[0xffffffdb][0x1c][0xffffffeb]}[0xffffffaa]s,[0xc][0xffffffb1]O[0x1][0xffffffe9][0x1c]7[0xffffffb0][0xffffffb5]8[0xffffff9a]R[0xffffffe8]_f[0xffffffaa]di[0xffffffd5]>[0x1][0x10][0xffffffd9]u'E[0xffffffc9]y[\r][0x16][0xfffffffe]vRF[0x7][0xffffffa4][0xffffffdd]T[0xffffff92][0xffffff8e][0xfffffff9]~[0xc]|[0xffffffe2][0xffffffbb]wM[0xffffffb8]n[0xffffff9b]dy4Y[0xffffffe7]p[0x3][0xffffffb8][0xffffffca][0xffffffc5][0xffffffef][0xffffffc7]Us[0xffffffd2]![0xffffffb5][0xfffffffe][0xffffffc1][0x17][0xffffffe3][0xffffffd5][0xffffffa0][0xffffff9f][0xfffffffc][\r][0x11][0xffffffdc]n[0xffffffdb][0xffffffc2]6NF>[0xffffffa3][0xffffffb7][0xffffffdc][0xfffffff6]1[0xffffffe8][0xffffffc7]^z[0xffffffdf]?[0xffffff92]t[0xffffffa5]r[0xffffff87][0xffffffa6][0xffffffc7][0xffffffa8][0xffffffde]?[0xffffffa3][0xffffffc3]C[0xffffff81][0xfffffffb]%.[0xfffffff2]][0xffffffbb][0xffffff8c][0xffffffdd][0xffffffe6]E[0x1c]<O[0x5][0xffffffde][0xfffffffd][0xffffffc0]|[0xffffffa3]th[0xffffffdc][0xffffff92][0xffffffcc][0xf]![0x8][0xffffffa1]V[0xffffffde][0xffffffee]X[0xffffffea][0xffffffa5][0xffffffb8][0xffffffe7][0xffffffd2].[0x7f]'L[0xffffffca][0xffffff8e]W[0xffffffed]m[0xfffffff8]?.[0xffffff8a][0xffffff87]]=[0xffffffa8][0xffffffaf]Y[0xfffffffd][0xffffff8b][0xe]7[0x16][0x3][0xffffffcd]'[0xffffffc9]d[0xffffff8d]A[0x2][0xfffffff0]-[0xffffffe4]T[0x19]][0xffffffe2]v[0xffffff88][0xffffff9c]^x[0xffffffdd][0xffffffc1]p+[0x11][0xffffffdc][0xfffffff8][0xffffffcb][0xffffffa7][0xffffff80][0xffffffe5]W[0xffffffeb][0xffffff85][0xffffff85][0xffffffba][0xffffffc7]!!R[0xffffff90][0xffffffcc][0xffffffa1][0x1d]UBYH[0x19][0xffffffde][0xffffffb0]&r!&[0x1d][0xffffffd5][0xfffffff5][0xfffffff9][0x1c][0xf]c[0xffffffc1]u[0xffffffa5]h[0x11][0xffffffb9]*~|9[0xffffffc7][0xffffffe3][0xffffffa4][0xffffffd7][0x1d]w[0xffffff9a]R[0xffffffce][0xffffffc4][0xffffffc7][0xffffffd6]/%[0xffffffea]L:[0xfffffffe][0xffffffee][0xffffffab]U[0xffffffef][0xfffffff4][0xffffffe6]-[0xfffffff9][0xffffffb4]/[0x1f][0x13]Q[0x17][0xf][0xffffffd3][0x7][0xffffffa2][0xffffffdd]'[0xffffffde][0xffffff83][0xffffffcb][0xfffffffa][0xffffffa0][0xffffffbb][0xffffffcd][0xffffffe8]Q[0xffffffe0]c[0xffffffa4][0xffffffc0][0xffffffcc];[0xffffffdb][0xffffffd5][0x13][0xfffffffa][0xffffffd2][0xffffffdc][0xffffffa3]hO[0xffffffdc]d[0xfffffff1]w[0xffffffed][0xffffffa0][0xffffffc9]y[0xffffffdf]![0xffffffdb][0x7f]H.[0x11]PP![0xfffffff1]D[0xffffffed]7[0xffffffea][0x2]1[0xffffffd2][0xb][0xffffffc1]"E[0xffffffcc][0xffffffa0][0x1c][0xffffffa6][0xffffffb4]+[0xffffffd4][0xffffff93]h;qC;a[0xffffffe3][0x1e]!![0xffffffe5][0xffffffff][0xffffffc0][0xffffff88][0xffffffdb]]D[0xffffffe5][0xffffff97]-[0xffffffac][0xfffffffa][0xffffff94]#[0xffffffa5]V[0xffffff93][0x1e]m[0xffffffb5][0xffffff82]D\F<[0xffffff93][0xffffffe4]2[0xfffffff1][0xffffffff]([0xffffffd8]L([0x18]o[0xffffff98][0xffffffcd];K[0xffffffda][0x13][0xfffffff5]/[0xffffffc5][0x17][0xffffff92][0xffffffcd][0x3][0xffffff8d][0xb][0xffffff8e][0xffffffb1]k[0xffffffcb]D[0xffffff8e]A[0x3][0xffffff87]s[0xffffffc5].[0xffffffb8][0x14]MU9[0xffffffad][0xffffffe9][0xffffffbb][0xffffff8a]r[0xffffff91]!$[0xfffffffc][0xffffffd5][0xffffffbf]u[0xfffffff0]y[0xfffffff1]+[0xffffff84][0xf],[0xfffffff1][0xffffffd9]T[0x2]-[0x6]Yj[0xffffffbd][0xffffffb7]2[0x2][0x12][0xfffffff0][0xffffffb3][0xffffffdb],[0xc][0xffffff8d][0xffffffde][0xffffff95]^[0xffffff87]2>[0xffffffd0]J[0xffffffc3][0xffffffc4][0xffffff9f][0xffffff8c]k[0xfffffffe]9G[0x1d]Z[0x1a][0xfffffffc][0xffffffc9][0xfffffff5][0xffffffbf]SF[0xffffffe4][0xffffffd2][0xffffffaa][0xffffffee]m[0xffffffdd][0xfffffff8][0xffffffac][0xffffff9e][0xffffff82][0xffffffb1]#lM[0xffffff91][0x1b][0xffffffc0][0x1d][0xffffffa6][0xffffffe9][[0xffffffab][0x1f]/^X[0xffffff9f][0xffffffd3]l,[0x1c][0xffffff8e])[0xffffffe3]e,bY[0xffffffe6][0xffffffd0]7[0xffffffbc][0x18]O[0xfffffffa]u[0xffffffdd][0xffffffea][0x1b][0xffffffe1]e)e[0xfffffff8]^[0xffffffc5][0xffffffec]d[0xfffffff8][0xffffff95][0xffffffd5][0xe][0xffffff9e][0xffffffb8]ZJ[0xfffffffd][0x12]0[0xffffffa7]%[0xffffffe9]j[0xffffffad][0x16]I[0xffffffcc][0x8][0xffffffa2]G[0xffffffda]\/[0xffffffb8] cQ[0x17][0xffffffbf][0xffffffaf][0xffffffae][0xffffffbd]w[0xffffffee][0xffffffbc][0x15][0xfffffff9]0[0xffffffc2][0xffffffcc]{[0xffffffaf][0xffffffee][0x1e]f[\n]"
09:46:43.460 [main] DEBUG com.github.dockerjava.zerodep.shaded.org.apache.hc.client5.http.wire -- http-outgoing-2 << ".[0xffffffde][0xffffffcd][0xffffffde]]Kt[0xffffff8e][0xffffffd4])[0xfffffff6][0xffffffa7][0xffffff94][0xffffffc9][0xffffff97][0xffffffe5][0xffffffc4]1[0xffffffc5]4[0x1][0xfffffff8][0xffffff96]m[0xfffffffa][0xffffffce]Y[0x19][0x10][0xffffffb6] [0xffffffb1][0xffffff9b][0x1a][0xffffffde][0x18][0xfffffffb][0x15][0xffffff97][0xffffff93][0xffffffcb]pQ[0xe]%[0x14][0xffffff82]C<[0xffffffaf]H[0xffffffbb][0xfffffffc]5[0xffffffcd][0xffffff98][0xffffff9e][0xfffffffb][0xfffffffa][0xffffffd3][0xffffff9f][0xffffff8b][0xffffffda][0xffffffeb]q^[0xffffffc1][0xfffffff6];[0x1c][0xffffffa7]k[0xffffffdc]N4[0xfffffff2] H<sN[0xffffff99]\[0x2][0xffffffc3][0xc][0xffffff8c]9F[0xffffffb8]q[0x12][0x4][0xffffffbc][0x5][0xffffffbf][0x15][0xe][0xffffffcf][0xffffff8e][0xffffff8b][0xffffffa7][0xfffffff4][0xffffffb1][0xfffffff9][0x18][0x14]}DTcb[0xffffffc6]zc[0xffffff93]4[0xf][0x4]'T[0x4][\r]s[0xfffffff3][0xffffff97][0x1b][0xfffffff9][0xf][0xffffffc9]GK[0xffffffcd]0[0xffffffa8]xg;|[0xf][0xffffff8d]O[0xffffffc9][0xffffffc5]|[0xffffffba]-[0x17][0xffffffe9]X[0xffffffeb][0xffffff84]G[0xffffffe0] [0x1d][0xffffffbd][0xffffffe3][0xffffffc8][0xffffffcf][0x1d][0xffffff88][0x1f]l}[0x2][0xffffff9d][0xffffffe6]C[0xffffffd8][0xffffffb7]r[0xffffffad]:[0xffffffdf][0xffffffef]SXY[0x7][0xffffffe8][0xffffffd9]nI6[0xffffffba][0xffffffb1]w[0xffffffd8]b[0x12][0xffffffdb]*[0xffffffb9][0xffffffbb][0xffffff8c]oG[0xfffffff1]+>[0xfffffff1]7[0x1e][0xffffff93]{[0x1d][0xffffffde]^[0xffffffe6]x[0xffffffe4][0xffffffe6][0xffffffaa]-[0xffffffdc]ZP[0x12][0xffffffb1]_x[0x9][0xffffffce]6[0xffffff9b][0xffffffe6][0xffffff95][0xffffff99][0x13]r[0xfffffff0][0xffffff8f]c[0xffffff87]SM+d[0xffffffa2][0xffffffd6][0xfffffff0][0x9][[0x7f][0xffffffcc][0xfffffff3][0xffffffcf]D[0xffffffb6][0xffffffa9]Cw[0xb]WD[0x10]Z[0xffffffec]w[0x1f]7[0xffffffdc][0xffffff98][0xffffffb4]I[0xffffff9a]9F[0xffffff85]RR[0xffffff85][0xffffffa0]5@[0x10][0xffffff8b]k[0xffffffdc][0x9]<[0xffffffb7][0xffffffbd][0xffffff9c]f[0xffffffd7][0xffffff9e]22[0xfffffff7][0xffffffbe][0xffffffb2][0xffffff9c][0xffffff88]@[0xffffffd3]$G[0xffffffb8][0xffffff9c]y|[0xffffffd8]+I[0x11][0xffffffec][0xffffff93][0xffffff85][0xffffffd4][0xffffffb7]z[0xffffff87][0xffffffcb][0xffffffa1][0xffffffa4]+[0xffffff84]c[0xffffffe6][0xffffff87][0xfffffffc]4[0xffffffd1][0xffffffeb]D[0xffffff94]K[0xffffffc3]a[0xffffffaa]t[0xffffffa6]e[0xffffff9b][0xffffffd3][0x18][0x8])[0xffffff81][0xffffffc8][![0xffffff80]R6p[0xffffffe9][4sT[0xffffffa1]r%[0xffffffda][0xffffffed][0x17][0xffffffaf][0xffffffd7]&[0xfffffffd][0x10]rw[0xffffffaf][0xffffffa3]Z[0xffffffe2][0xffffffe4][0xffffffc5][0xffffffda][0xffffff9c][0xffffffcd][0xffffffda][0xffffff86][0x2][0xffffffcf][0xffffffa6][0xffffffd0][0xffffffc5][0xffffffde][0xffffffd1]i[0xffffff8d][0xffffffce]([0xc][0x1c][0xffffffac]p[0x1c][0xffffffa5]X[0x1b][0x18][0xffffffbe][0xffffffef][0xffffffc4][0xffffffe8][0xffffff94]69[0xffffffe3]@t`[0xffffffb8][0xffffff98][0xffffffd9][0xfffffff4]-h[0xffffffe9][0xffffffb3][0xffffffe9][0x4][0xe][0xffffffc0][0xffffff97][0xfffffff1]O&[0xffffffd2][0xffffffe1]aT3X7[0xffffffdc]7a[0xffffffe3][0xffffffff][0xffffffa2]y~v2[0xffffffd8][0xc][0x1f][0x8][0x10][0x8][0xffffffbd][0xfffffff3][0xffffffc4][0xffffffd1][0xffffffa5]&F[0x11][\n]"
09:46:43.461 [main] DEBUG com.github.dockerjava.zerodep.shaded.org.apache.hc.client5.http.wire -- http-outgoing-2 << "[0xffffffa0][0x1e][0xffffffca][0xffffffe1]V9 qy[0xffffff84]Vl[0xffffff91][0x11][0xffffffd7]HE^[0x7][0xffffffd4][0x12],P0[0xffffffed]J![0xffffffde][0xffffff9e]e[0xffffffaa]m[0xffffffe6][0xffffffc9]b&[0xffffff8d][0x1d]z[0xffffffd0]5kz9J[0xb]f0[0xffffffce]Y6* [\n]"
09:46:43.461 [main] DEBUG com.github.dockerjava.zerodep.shaded.org.apache.hc.client5.http.wire -- http-outgoing-2 << "[0xfffffffa][0xffffff80][0xffffffb3][0xfffffff5][0xffffff94][0xffffff87]|[0xfffffff5]b[0xffffffac][0xffffff88]s[0xfffffff4]Lx}[0xffffffca]#[0xfffffff4]E[0xffffffe7] [0xffffffbe][0xffffffc3][0xffffff89]v[0x1f][0xffffffd4][0xfffffff9][0xffffffd3]4du5Y[0xffffffd9]7[0xffffff8c][0xffffffdf][0xffffffde]:[0xffffffef]|[0xffffff98][0xfffffffa]H[0xffffffb0][0xb]:{[0xffffffe9]x[0xffffff94]j[0xffffff95][0xffffff90]h[0xffffffb4][0xffffffca],[0xffffffd1]0[0xfffffff4][0x4]nk[0xffffffc3][0x4]A[0xffffffe1][0xffffffb2][0xffffffe3]zz} [0x9][0x3][0xffffffb5]''[0x7f][0xffffff8b]2[0xffffffa7][0x1c][0xffffffaa]*[0xfffffff3][0xffffffe7]<=[0x8][0xffffff98][0xffffffbf]}T[0xffffffef][0xffffffaa]m[0xffffff8c][0xffffff9b][0xffffff91][0xffffff96]H[0xffffffc5][0xffffffe7]'C%[0x16][0xffffffc7]n[0xffffffe9]*[0xffffffb3][0xffffffe3]q[0x3]w[\n]"
09:46:43.461 [main] DEBUG com.github.dockerjava.zerodep.shaded.org.apache.hc.client5.http.wire -- http-outgoing-2 << "[0xffffffde]%[0xfffffff2]xg[0xffffff9c][0xffffffe0]I[0xffffffac][0xffffffdd]t[0xffffffd1][0xffffffd1]co[0xffffffe5][0x19][0xffffff9d]:[0xfffffffb][0xffffffab][0xfffffff7][0xffffffd0]l[0x0][0xffffffa1][0xffffff95][0xfffffff7][0xffffffc4][0xffffffb4]Ud_Y[0xffffffda]Pj[[0xffffffcf][0xffffff94][0xffffffe5]ut[0x1a][0xffffffda][0xffffff9a]O[0xffffffe6]`[0x16][0xffffffb3][0x1b]m[0x11][0x4][0x17][0xffffff82][0xffffff89]D[0xffffff86][0xffffffa9][0xffffffa7]o[0xffffff80][0xffffffb3][0xffffff81]79 [0xf][0x1c][0xffffff8e][0xffffffde][0x3]K[0xffffff9f][0xffffff9d][0xffffff98]X[0xffffffe6][0xffffffc5]l[0xffffffa1][0xfffffffc][0xffffffb5]:[0xffffff8b]_[0x3]0[0x15][0xffffffcd][0xffffffd2][0xffffffa4]a!cH[[0xffffffec]i[0xffffffcf][0xffffffea][0xffffff96]#2;[0xffffffb2][0x16]l[0x8]>[0xffffffc7][0x1e][0xffffffaa]'[0xffffffee][0xffffff8b][0xffffffc6][0xffffff9d][\r]e[0xffffffad][0xffffffb5][0xffffff9e][0x11]2[0xffffff8a]>s$R[0xffffffea][0xffffff87][0xffffffcf]"[0xffffffd5][0xffffffbb][0x3][0x17][0xffffffb8][0xffffff86]8;[0xffffff9b]\[0xffffff8e][0xe]w[0xffffff94]3[0xffffff88][0xffffff8b]P;[0xffffffb7]S[0xffffffc2][0xffffff97][0xffffffff][0xfffffffd][[0xffffffd1][0xffffff80]j[0xffffffd1][[0xffffffbd][0x6][0xffffffb9][0xffffffdd]-[0xfffffff9]DKcB[0xffffff80]^[0xffffffd5]4R[0x8]v[0xffffffc9]f?[0x17][0xffffffaf][0xffffffe3][0xffffffd4][0xffffffcd][0xffffffc0]R[0x1d][0xffffff9f][0x3][[0xfffffff5][0xffffff87][0xffffffed][0x16]q[0x13]'W0[0xf][0xffffffea]{[0xffffffae]>[0xffffffa7]4[0xfffffff9]L[\r][0xffffffc6][0xffffffd3]1[0xfffffff9][0xffffff8c]s[0xffffffdf][0xffffffe1]eU[0xffffffd6][0xffffff80][0xffffff93][0xffffff97]n[0xffffff9a][0x1d][0xffffff89]~Dxg[0x1d][0xb][0xfffffffb]![0xffffffac]Q[0xffffffaa][0xffffffbe][0xfffffffb]uT[0xfffffffd]][0xffffffcb]PP[0x8].t[0x14][0xfffffff0][0x1b][0xfffffff5][0xffffffb4][0xffffffe9][0xfffffffa].8[0xffffff81][0x15][0xffffff84];[0xffffffca][0x7f]eG[0xffffffa5][0xfffffff6][0xffffff97][0xffffff90][0x8][0xffffff8e][0x1][0xffffff90]T[0xffffffc3][0xffffffb5][0x1][0xffffffc2][0xfffffff0][0xffffffdf]U[0x1b][0xffffffa9][0xffffffc9]mB[0x1][0xffffffd1][0xfffffffd]?E0[0xffffff81]da[0xffffffe9][0xffffffad][0xffffffef][0xffffff96][0xfffffff2][0xffffffb2][0xffffffae][0xfffffffb]Jc![0x5]wJ[0xffffff97][0xffffffc7][0xfffffff2]y[0xfffffff1]zf[0xffffffd9][0xffffffb3][0xffffffbc][0xffffffa7][0xffffff98][0xffffff92]j[0xffffff94][0xffffff86][0xffffffb8][0xffffffb4][0x10]+d[\r][0xffffff9b][0xffffffec][0xfffffff8]-ye[0xffffffe5][0xffffffa3]![0xffffffad][0xf]5[0xffffffce][0xffffffbb][0x7][0xfffffffe][0xffffff90]8[0xffffffea][[0xffffffe1][\r]"yZI[0xc]s<-[0xffffff98][0xffffff80]4[0xffffffc7]M[0xffffff89][0xffffffc8][0x1b]V<~[0xffffffaf][0xfffffff0][0x4]\[0xfffffff9][0xffffffef]5[0xfffffffb][0xffffffb5][0xffffffdf][0xffffffdd]U[0xffffff87][0xffffffeb]N&f[0xffffffa6][0xf])-7P[0xffffff83][0xffffffbb]pk$[0xffffff8a]M[0xffffffd2][0xffffffb4]^\N[0xffffffba]D[0xffffff8c][0xffffffae][0xffffffba][0xffffffdf][\n]"
09:46:43.461 [main] DEBUG com.github.dockerjava.zerodep.shaded.org.apache.hc.client5.http.wire -- http-outgoing-2 << "[0x8][0x1][0xffffffa0]t[0x15]5[0xffffffb5]/[0xb][0xffffff95]Z[0xffffffd8][0xfffffffd][0xc][0xfffffff2][0xffffffa5][0xffffffe0][0xffffffba][0xffffffa8][0xffffff97]R?[0xfffffff9][0xffffff97][0xffffffcb][0xffffffa4]Eh[0x2][0xffffffd6]r[0xffffffad][0xffffff84][0xffffffb5][0xfffffffd][0xc][0xffffffd4]y[0xffffffcb][0xffffffcc][0xffffffad][0x1a]6[0xffffffed] [0xffffffe2][0xe][0xfffffff0]G[0xffffff9b][0xffffffcd][0xffffffb2][0xffffffc2][0xffffffdc][0xfffffff0][0xffffffa3]'[0xffffffe3]Q[0xffffffbc]9[0xffffff90][0xffffffd6][0x1f][0xffffffe1]@u[0xffffff8d]<[0xffffffd1][0xffffffb4][0xffffffe6][0xffffffa8]~[0xfffffff7][0xffffffbf][0xfffffffa]d[0xfffffffb]O[0xffffffcd][0xfffffff5][0xf][0xfffffffa][0xffffffa6]7$[0xfffffffa][0xffffff8e]K@FU[0xffffffd3]U[0x3][0xfffffff8]h[0xfffffff0][0xffffff99]+[0xffffffa7].B[0xffffffeb][0x1c]z[0xffffffee][0x13]Z[0xffffffcd][0xffffff89]u[0x4][\n]"
09:46:43.461 [main] DEBUG com.github.dockerjava.zerodep.shaded.org.apache.hc.client5.http.wire -- http-outgoing-2 << "![0xffffffb9][0xffffffbb]F[\r]M[0x1c]w <[0xffffffe9][0xffffffce][0xffffffa7][0xffffff9c][0xffffffc2][0xffffffe2][0xffffff8e] ][0xffffff92][0x3][0xffffff88]q[0xffffffe3][0xfffffff1]7[0xffffffa9][0x15]e[0xffffff91][0x3][0xffffffac]B@!g![0xffffff99][0xffffff8c]6w[0xffffffce][0xffffffd1]`[0xfffffff9][0x15][0xfffffffb][0xffffffc9]pz[0xffffffc6][0x6]5[0xfffffff9][0xffffffa9]2[0xffffffa9]O=[0xffffffdc][0x18]s[0xffffffe8];![0xffffff8f]B~[0xffffffbf]q[0xfffffffb]&{[0xffffffd5][0xffffffdd][0xf]vS[0xffffffba][0x12]vC[0xffffff91]/[u[0xffffffb2][0xffffff87][0x14]!6[0x4][0xffffffdc][0xffffffa0]TA[0xffffffe5][0xffffff98][0xffffff8e]S[0xc],[0xffffffe6][0xffffffcd][0xffffffcf][0xffffff9c]_[0xffffffaf][0xffffffa6][0x2]ze[0x3]+[0xffffff88][0xffffffe7][0xffffffe7][0x15][0xffffffa0][\n]"
09:46:43.461 [main] DEBUG com.github.dockerjava.zerodep.shaded.org.apache.hc.client5.http.wire -- http-outgoing-2 << "[0x12]p[0x17]y[0xffffffed][0x7f][0xffffff93][0xffffff92][0xffffff88][0xffffffeb][0xffffff99][0xffffffb0]][0xfffffffc][0xfffffffa][0xffffffb6]$[0xffffffb1][0xffffffef][0xffffff84][0xffffffc9][0xffffff82][0xfffffff2][0xffffffa5][0xffffffd4][0xffffffa1][0x13]3[0x4][0xfffffffa][0xffffff84][0xffffffbe]$+[0xffffff9e][0xffffffe2][0xffffffdb][0x9][0xffffffa0][0xffffff82][0xffffff98][0xffffff8d][0xffffffd9][0x6][\n]"
09:46:43.461 [main] DEBUG com.github.dockerjava.zerodep.shaded.org.apache.hc.client5.http.wire -- http-outgoing-2 << "[0xffffffd9]+[0x2][0xffffff9a][0x1][0xffffffec][0xffffff85][0xffffffb9][0xffffffe2][0xffffffb6]#[0xffffff94][0xffffffc4][0xffffffea][0xffffff88][0xffffffd2]_[0xffffffc4]m#[0x10][0xffffff97][0xffffffbc][0x3]m[0x9][0x9][0x7f]Uc[0xffffffb0][0xffffffbc]H[0x5][0xffffff8b]hO[0xffffffe1][0xf]T[0xfffffff4][0xffffffa0]Wa[0xffffff87][0x14][0xfffffff8][0xffffff8b]}[0x1b][0xffffffed][0xffffff8f][0xffffffb4][\n]"
09:46:43.461 [main] DEBUG com.github.dockerjava.zerodep.shaded.org.apache.hc.client5.http.wire -- http-outgoing-2 << "[0xffffffaa][0xffffff85][0xffffffe7][0xffffff84][0xffffffc5]:[0x1b][0xffffffe1][0xffffff9b][0x8][0xffffffb4][0x1d][0xffffff9c]m[0xffffffc4]@[0xffffff97]0[0xffffffd0] [0xffffffea][0xffffff9e][0xffffffb0]9[0xffffff8e][0xffffffd4]:[0xfffffffb][0xffffffcd][0xfffffffb][0xffffffd7][0xffffff8a][0xffffff86]q[0x19]6[0xfffffffb][0xffffffe4]<[0x4]NJ[0xffffff87]Y[0xfffffff2][0xffffffa1][0x3][0xfffffff8]\[0xf][0x1e][0xffffffb8]K[0xffffff9a]u[0xb][0xffffffa0][0x6]D[0xffffffff]Lc[0x0][0xffffffdd]:[0xffffffd2]o6[0xffffffe5]9[0x15][0xffffffe4][0xffffff84][0xffffffe9][0xffffffa8]7[0xfffffff2]\[0xfffffff6][0xffffffb1][0xffffffe4]([0x11][0xffffffb3][0xfffffff4]9~[0xffffff9e][0xffffffd0]n[0xffffffce];Tk[0xfffffffd][0xffffff9c]8[0xffffff8c][0xffffff83][0xffffffa1][0xffffff99]$[0x5][0xffffffce]u[0x1c][0xffffffd6][0xffffffd1][0xffffffb2][0x2][0xffffffc9]a#d[0xffffffd3][0xffffffeb]K[0x5]/[0xffffffb8][0x11]([0xffffffe2]K[0xffffff99][0xffffff98][0xfffffff5]Tr[0x18][0x1c]c[0xffffffdf][0xffffffdb][0xffffff8f][0xffffffc1]4[0xe]n7[0x15][0x12][0xffffffa9][0xffffffaf]6[0xffffffaa]&d[0x1a][0xffffffd4];[0xffffffc1]~[0x5]u[0xfffffff5][0x4]{\[0xffffffee][0xffffff98]=u|t[0xffffffd3][0xffffffd8][0x1]-[0xffffffb7][0xffffffde]6[q[0xffffffe7]a [0xffffffc7]-[0xffffffcb][0xffffffaf]y)[0xffffffdf][0xffffff9d][0xffffffd3][0xffffffff][0xfffffff9][0xffffffd9]Q;[0xffffffd9][0xffffffc2]([0xffffff8c]\#*[0x10][0xffffffd4][0xffffffde]M[0xffffffd1][0x1e]g`[0xffffffb0][0xffffff9b][0x14][0xffffffa6][0x6][0xffffff82]on!F4[0xffffffa6];[0xffffff91][0xffffffa8][0x4]/[0xffffffb8][0x7]1'V[0xffffffa7][0x11]$[0xffffffa3],S,[0xffffff98][0x15][0xe]g[0xfffffffd][0xc]C[0x1a][0xffffffa9][0x1f]2W[0xffffff97]So[0xffffffe2][0x16])O[0xffffff91][0xffffffe7][0xffffffb5]m?[0xc][0xffffff9d]F[0xffffff94]y[0xffffff92][0xffffffa8][0xffffff89]\/[0xffffffe0]TC; [0xffffffa3][0xffffff98]R[0xffffffda]d[0xffffffa6]6[0xffffffaa][0xffffff82][0xffffffe7][0xffffffd8]aE[0xffffff86]}[0xffffffaa][0xffffffe3][0xffffffa0][0xffffffb6][0xffffffe3][0x1e][0x17]S3[0x17][0xffffff9f][0xffffffc2]B[0xfffffff3]hV[0xffffffc6][0xffffffd9]_[0xffffffc7]0*3^[0xffffffdd]x%t[0xffffffa7]E8[0x10][0x5][0xffffffdc]f[0xffffff90][0xffffffae][0x6][0xffffffa1][0xffffff8f][0x16][0xffffffee][0xffffff87]^[0xffffffbd][0xffffffc1][0x0]B3[0xffffffb7][0xffffffd0]&:[0xffffffcc]qZ[0xffffff9f][0x11][0xffffffed]t[/m/#A[0xffffffcb]|[0xffffff9b]<G3[0x2][0x7][0xffffffb3][0xb] 8-[0xffffff8b][0xfffffffc][0xffffff8e][0xffffffc8][0xffffffd0]?UO[0xffffff87][0xffffff87][0xffffffc7][0x12]KL[0xffffffeb][0xffffffe7][0xffffffd1][0xffffffbb]y[0xffffffb0][vjA_dQn[0x15][0xffffff9a][0xffffff91]E[0x10][0xffffff9b][0xffffffa7][0xffffffb7][0xffffffb3]Mlv[0xffffffe8][0xffffff83][0xfffffff1][0xffffff9f]T[0xffffffeb][0x6][0xfffffffc][0xffffffc9][0x12][0xffffff93][0xffffff89][0xffffffec][0xffffffa8][0xffffffa2][0xffffff8e][0xffffffec][0xffffffe7]^~x,[0xffffffdb]&b[0x1c]~[0xc][0xffffffd6][0xffffff93][0xffffffc6][0x12][0x2][0xffffff87]Q1[0xffffffc3][0xffffffd7]_[0xffffffa9][0xffffffe4][0xffffffef]P[0xfffffff8][0xffffffed]^q[0xe][0xffffffe1] [0xffffffb0][0xffffffe6]n[0xffffffcc]d[0xffffffe8]gCW[0xffffffea]%[0x1b][0xffffffb7][0xffffffaf]}[0xffffffa3][0xffffff8e][0xffffffa1][0x6][0xffffffa8]][0xfffffff9][0xffffffd3]r[0xffffffce]X&[0xffffff92][0xffffffcd][0xffffffb1][0xfffffff4]4[0xffffffd3][0xfffffff1]F6[0xffffffa6][0xffffffd1][0xffffffe5][0xffffff94]$[0xffffffd0][0xffffff98]+[0xffffff85][0xc][0xffffff85][0xffffffb6][0x10]1`[0x1b][0xffffffb8]Y[0x14]t[0xffffff96][0x10]Y[0xffffffef][0xffffffd5][0x14][0x5][0xf][0xffffff9c]T[0xffffffdb]$[0xffffffe2]![0xffffffcc]#[0xffffffdf]'c8M[0xffffffdb][0xffffffdf]`[0xffffffd1]c([0x1e][0xffffffb3]v[0xffffffb5][0xffffff96][0xffffffde][0xffffffc3][0xffffffeb][0xffffffa1][0x2][0xfffffff0][0xfffffffa][0xffffffaf]5{[0x15][0xfffffffc][0xffffffd0][0x7f][0xffffffd0][0xffffff97][\r][0x1f]K[0xffffffae]q[0xffffffe6][0xffffff8a][0xffffff95][\r][0x3][0x7f]3s[0x1e][0x16][0xffffffd8][0x17]v[0xffffffc5][0xffffffe7][0xffffffcb][0xffffffe9]eP[0xffffff8a][0xffffff8f]Bd[0xfffffff5][0x5][0x1b]Lw[\r][0x19]C[0xffffffdf];[0x7]r[0xffffffbb][0x1]q[0xfffffffb]J[0xffffffea][0xffffffb6][0xffffffe0]SC[0xffffff94][0xffffffc8][0x1],[0xffffff9d][0xffffffb6][0xffffffd9]5[0xffffffa5][0xffffffe2]([\r]5[0xffffff9e][0x9][0x1f][0x7]b[0xffffffaf][0xfffffff3]9[0xffffffac] [0xffffffbe]u[0x0][0xffffffd7][0xffffffdd]l[0xffffffaa][0x12][0xffffff9b][0xffffffd2](-[0x17][0xffffffa5]u[0xffffffc1][0xffffffec][0xfffffff7][0xffffffb1]1[0xffffffa8][0xffffffe3][0xffffff87][0xffffffaa][0xffffffc9]ee[0xfffffff1][0xfffffff6]+F[0xffffffaa][0xffffffe5][0xffffffbc][0xffffffa7]"[0xffffffad][0xffffffa6][0x2]Mb[0x11][0xffffffe9][0xffffffcb]9[0xffffffa8][0xffffffb0][0xffffff87]P[0xfffffff0][0xffffffa0][0x1d][0x11].[0x1f]'1[0x1d]-[0xfffffffa][\r]/B[0xffffffbf][[0xffffffc1][0x13][0x13][0xffffffe1][0xfffffff6]s-B[0xffffffbc]"[0xffffffe3][0xffffffbe][0xffffffb8]F[0xffffffad][0xffffffc5]Ur[0xffffffc0]k)ID[0x12][0xffffffc8][0xffffff99]"XM[0xffffffb9][0xfffffff4]D@O[0xffffff97][0xffffffb8]z[0xffffffbf][0xfffffffc][0xffffffde][0x7f]([0xffffff82][0x19][0x11][0xffffff9c][0xffffffee][0xffffffde][0xffffff8c]o[0xffffff9e][0xfffffff4][0x11][0xfffffff4][0xffffffde]^;[0xffffff91]9k[0xffffffd3][0xffffffc5]6[0xfffffff5][0xffffffe5][0xffffff97]V[0xffffff9d][0xffffff8d]8<[0xffffffb1][0xffffffc5]@[0xffffffdb][0x9][0xffffffb6][0x19][0x7][0xffffffb9]h3[0xffffffcb][0xffffffe9][0xffffffde][0xffffffc1]@~[0xfffffff9][0xfffffff9]8[0xffffff88]_[0xffffffe8]?M[0xffffffc6][0xffffff9e][0xffffffd3][0xffffff86][0xffffffb0][0xffffffd5][0xffffffe8][0xffffff98]u~n[0x16][0xffffff99][0xffffff92][0xffffffbd][0xfffffff3][0xffffffb7][0x18][0xffffffa4][0xffffff97][0xffffffaa]8[0xffffff9d][0xffffffdc]g:[0xffffff9f][0xffffffbf][0xffffffb2]<[0xffffff9d][0x1f][0xffffffa6]9[0xffffff9a][0xc][0x17][0xffffffbb]C [0x19]"
09:46:43.464 [main] DEBUG com.github.dockerjava.zerodep.shaded.org.apache.hc.client5.http.wire -- http-outgoing-2 << "j[0x17][0xe][0xffffffad][0x12][0xffffffe8][0xffffffeb]y[0xffffff95][0xffffff81][0xffffff94]J[0xfffffff2]n)sD[0xffffffb8]x[0xffffffe3][0xffffffde][0xffffffe7]<G[0xfffffff4][0xffffff87]4[0xffffffc4][0xffffffe1]oEkEq[0x1d][0xffffffb4]F[0xffffffd4][0xffffffa9]m[0x18][\r][0xffffffad][0xffffffef][0xffffffe6]*[0xffffffcb]Yk[0xffffffbf][0xffffffe6]G/[0xffffffdd][0x17][0x10][0xffffffdc][0xfffffffb][0xffffff9f][0xffffffd2][0xffffffd7][0x3]i[0xffffffe4][0xffffffeb][0xffffffda]ezB n[0xffffff8e]=M[0xffffffec]\[0xffffffa8][0xffffffd9]$[0xffffffa7]$[0x3][0xffffff84][\n]"
09:46:43.464 [main] DEBUG com.github.dockerjava.zerodep.shaded.org.apache.hc.client5.http.wire -- http-outgoing-2 << "-[0xffffff9f]MF[0xffffff8d][0xffffffce][0xffffffe1][0xffffffe5][0xffffffb1]8[0xffffffb1],&[0xffffff97][0xffffffb7][0xffffffa7]WH[0xffffff8e] [0xffffffc1][0xffffffd0]-][0x16]&Y[0xffffffd2][0x15]h![0xfffffffe][0xffffff80][0xffffff80]O[0xffffff84]*[0xffffff9d]6l[0xffffffe9][0xffffffea][0xffffffce][0xffffffbd][0xffffffe8][0xfffffff1]$*[0xffffffa5][0xffffffea]Q[0xffffffe8][0xffffffe2]YM}[0xffffff88][0xffffff8f]N[0xffffff86][0xffffff85][0x14]9[0xffffffbf][0xffffffae]1{{}@bP[0xffffffc9][0xffffff8f]\V<[0xffffffd0]K[0xffffff9e][0x9][0xffffffbb][0xffffffba].[0xffffffcb]ut[0xffffff92][0xfffffff2][0xffffffd6][0xffffffdb];[0xffffffbe][0xffffffe0][0xffffffd9][0xffffff90]S[0xffffffa6]^[0xffffff81][0xffffffd2][0xffffff89][0xffffffba]"[0xffffff84][0xffffffc9][0x8][0x1c]}8[0x7]i[0xffffff81]J[0xffffffb3]`<Z#[0xffffffbd][0xffffff8a]*t[0x8]v[0xffffffbd]J[0xffffffa2]F[0x13]<5[0xffffffb8][0xffffff9d][0xffffffce]0[0xffffff98][0xffffff83]E.[0x14][0xffffffd7][0xffffffc0][0xffffffa6][0xffffffbc][0xffffffab]G[0xffffffbd][0x19]>[0xffffffaf][0xffffff92][0xffffff83]@[0xffffffd1][0xf][0xffffffd6][0x7f]ub[0xffffffb1]f[0xffffffb3][0xffffffae][0xffffffdf][0xffffffc0]"7[0xffffffa7][0xffffffcb][0xffffffb6][0xffffffed]<Q[0x9]n[0xffffff85]n[0xffffffb5][0xffffffc6][0xffffff91]kRUI[0xffffff82][0xffffffd5][0xffffffb2][0xffffffda][0xffffff99][0xfffffffe][0xfffffff9][0x2][0xffffff8a],[0xffffffd4][0xffffffe7][0xfffffff7][0xffffff9f][0xffffffdc][0xffffffcf]\[0xc]nC[0xffffffb9]E [0xffffff86]W_[0xffffff83][0x11][0xffffffd5][0xfffffff3][0x1f]Xq[0xffffff82][0xffffffef][0xffffffd2][0xffffffdc][0xffffffda][0xffffff9b][0x1d][0xfffffffa][}:[0xffffffe6][\n]"
09:46:43.467 [main] DEBUG com.github.dockerjava.zerodep.shaded.org.apache.hc.client5.http.wire -- http-outgoing-2 << "[0xb])[0xffffffd0]e`[0x15][0xffffffc0][0x7]_[0x9]#[0x12]Cd[0xffffff9b],g[0xffffffa9][0xffffffdd]@JT[0x7f]@[0xffffffc4][0x12]T[0xffffffbe]b[0xffffffb1]G[0xffffffcb][0x13][0xffffffd5][0x1c]He\}[0xffffffe9][0xffffffcc][0xffffffb9][0xffffff8b][0x1a]m[0xffffffd2][0xffffffbd][0xffffff81][0x12]y[0xffffff8e][0xffffff86][0xffffffe7][0xffffffc4][O[0xffffffe3])[0xffffffed][0xfffffff1][0xffffff97]^[0xffffffd3]Pd[0xffffff9b]Cr[0x19][0x7f]([0x9][0xfffffffe][0xffffffe2][0xffffffc5][0xffffffcc]t[0x11][0xffffffed][0xffffffef][0xffffffbe][0xffffffb2][0xffffffdc][0xffffffb5][0xffffff82][0xffffffae]v`[0xffffff89][0x4]T[0xc][0xffffffa7]V[0xffffffd4][0xffffffe9]*[0xffffffef][0xffffffbe][\n]"
09:46:43.468 [main] DEBUG com.github.dockerjava.zerodep.shaded.org.apache.hc.client5.http.wire -- http-outgoing-2 << "[0xffffffa7][0xffffffe1]rN[0xe][0xffffffbb]v[0xffffff99]T[0xffffffa8]L.i}[0x11][0xffffff82]Y[0xffffffa5][0xffffffaa][0xffffff81]p Ha[0xffffffd9][0xffffffcd][0xfffffff1]lx?>[0xffffffde]%[0x12]P[0xffffffb9]\[0xffffffbe][0xffffff97]"w[0x3][0xffffff85][0xb]\[0xffffff8c][0xfffffffb]AR[0x1f][0xffffffdf][0xc][0xffffffae][0x16][0xffffffa7][0xffffffdf][0xffffffee][0xffffffa6]Z[0x19]X[0xfffffffb][0xffffffab]6c[0x8]Y[0xffffffc5][0xffffff80][0xffffffad]r[0x16][0xfffffff1]p[0xffffffd8]q[0xffffff86][0xffffffeb]Dk[0xffffffdd][0xffffffe1]*esT[0xffffffd3]'[0xffffffb6][0xffffff9c]=[0xffffffcd][0x2][0xffffffcd]3[0xffffffed][0xffffffb2][0x2]$[0xffffffad][0xffffffb9]h[0xfffffff9][0xffffffd3]1[0xfffffff4][0xffffffd8]![0xffffffd3][0x19][0xffffffae][0xffffffab]\R[0xc]i$][0xffffffdb][0xffffffcb][0x14]U[0xfffffffa][0x17][0x14][0x3][0xfffffff2][0xffffffa8][0x12]o8[0xffffffe7]T[\n]"
09:46:43.468 [main] DEBUG com.github.dockerjava.zerodep.shaded.org.apache.hc.client5.http.wire -- http-outgoing-2 << "[0xffffffdf]_[0xffffff98]$[0x1d]~[0xffffff9b][0xffffff8e][0xfffffffd][0xffffffdf]I=[0xffffffcb][0xffffffc6]sS[0xffffff93][0xfffffff0]H[0xffffffa9][0xffffff8f][0xffffff83][0xfffffffa]!J[0x3]B94R[0xffffffb2][\n]"
09:46:43.468 [main] DEBUG com.github.dockerjava.zerodep.shaded.org.apache.hc.client5.http.wire -- http-outgoing-2 << "[0xfffffff1][0xffffffe8][0xfffffffc]?S&"[0x6][0xffffffd1][0xffffffc6]VDJ[0xfffffff3]?[0xffffffa3][0xffffffd2][0xffffff86]"[0xffffffc0][0xfffffffc][0xffffffb8]S[0xffffff93][0xffffffec]?Mnms[0x7f][0xffffff81][0xffffff84][0xfffffff0][0xffffffc7]$=[0xffffff95][0xffffffdd]S[0xffffffcf][0xfffffffa][0xffffffb2][0xffffffef][0xffffffbd]{[0xfffffffe] [0xffffffb0][0xffffffc8]q[0x11][0xffffffea][0x11][0xb][0xffffff95][0xffffffb5]t[0xfffffff4][0xffffffec][0xfffffff3][0xffffff80][0xffffffdc]_[0xffffff97][0xffffff87][0xffffff93]P[0xffffffe5][0xc][0xffffffe9][0xffffff9e][0xffffff90][0xffffff8c][0x17][0x6])[0xffffffe2]nX[0xffffffbb][0xffffffe3][0xc][0x0][0xffffff89][0xfffffffb][0x6]"[0xffffffef]k[0xfffffff8][0xffffffe3][0xffffff89][0x2][0xffffffb1][0xffffffde][0xffffffa7][0xffffffc3]"[0x7f][0xffffff8c]%[0x9][0xffffff86][[0xffffff90]f[0xffffffe9]D[\n]"
09:46:43.468 [main] DEBUG com.github.dockerjava.zerodep.shaded.org.apache.hc.client5.http.wire -- http-outgoing-2 << "[0xffffffed][0xffffff90][0xffffffc3][0xffffffec][0x18][0xffffffdb][0xffffffa6]l)[0x1b]H[0xffffffa4]3[0xffffffbc][0xffffffe8][0xffffffc9]([0x14][0x6][0xffffffbb][0xffffff90]h[0x1d][0xffffffda],[0xffffffb3]L[0xffffffe5] -[0xffffffa3][0xfffffffc][0xffffffa5][0xffffffc4][0x1c][0xffffffad][0x6][0xffffffff][0x3]U-[0xfffffffe][0xffffff81][0xffffff82]9[0xfffffff5][0xffffffd5]n>[0xffffffe3]Z[0xfffffffa]Z[0xffffffce]_[0xffffffd9][0xffffffd2][0xffffffcb][0xffffffcd][0xffffffb7]?:A[0xffffffb3][0x1]K[0xfffffff1]#[0xffffffb5]J[0xffffffd1][0x5]L[0xffffff83][0xffffffd4]x[0xfffffff2]e[0x2][0xfffffff5][0xffffffd5]T[0xffffffc1]L+[0xffffff8f]C[0xffffff84][0xfffffff2][0x10]+[0xffffffee]<0[0xffffffbd][0xffffffb2][0xffffffa1]19[0xffffffa1]T[0x1]y[0xffffffb4][0xffffff9c][0xffffffaa][0x4]I[0x1a]z[0xffffffe8][0xfffffff6]$[0x19]U[0xffffffcd][0xf][0xfffffff6][0xffffffb3][0xffffffbb][0x1a]ZR[0xffffff81]%C[0xffffffb3][0xffffffab]b[0xffffff9a]c[0xffffff81]>[0xffffff87]b_[0xffffffc6]?[0xfffffff0][0xffffffba]9[0xffffff8b][0x10][0xffffffb6][0x17][0xffffff9e][0xffffffb2][0xffffffc5][0xffffffd6]~x[0xffffffc2];[0x10][0xffffff93][0xffffffb6][0xffffffab][0xffffffd3]"[0xffffffc2][0x11][0xffffff84][0xffffff87][0xffffffef][0xffffffce][0xffffffd2][0xffffffa2][0x1]p[0xfffffff8][0xffffffba][0xfffffff0][0xffffffce][0xffffffca][0x7][0xffffff8d][0xc][0xffffffb3][0xffffffa0][0xffffffca]$[0x1][0xffffffca][0xffffff8f][0xfffffff5][0xfffffff2]H[0xffffff8f][0xffffffd1][0x1a][0x1f][0xffffffe1][0x1a][0xffffffc7][0xffffffc2][0xffffffb6][0xffffffb1][0xffffff8a][0xfffffff6]&[0xffffff81][0xffffffa0][0xffffff93][0xc]&[0xffffffc5][0xffffff88][0x12][0xffffffc8]v[0xffffffee][0xffffffc0][0xffffffc1][0x5]A-N][0xfffffff6][0xffffffc0][0xffffff88][0xffffffd4][0xffffff9c][0xffffffb6][0xffffffe3][0xffffff83]|[0xffffff86][0x4]n[0xffffffc2]G[0xffffff9f][0x1a]%[0xffffffa9][0xfffffff7]M<a[0xffffffd6][0xfffffffe][0xffffffa9][0xffffff9a][0x1c][0xfffffff0][0xffffff8a][0x10][0xffffffb3][0xffffffdc]-[0xffffffd9],[0xffffff86]q[0xffffffde]-[0xffffffe8]W[0x11][0xfffffff3][0x15]2[0xffffffcf]a[0xffffffcb][0xfffffffe][0xfffffff2]^[0xffffffc0]J[0xfffffff8][0xffffffba][0x1]3[0xffffffdc][0x10][0x7][0xc][0xffffff9c][0xffffffeb][0xfffffffb][0xffffffc8]Y[0x12]S[0xffffffc9][0xfffffffb][0xffffff95][0xffffffb3][0xffffff83]8[0xe]t=sR[0xffffffe9][0xffffffe2][0x5][0x5]L\[0x16][0x0][0x19][0xffffffd2][0xffffffd8][0xffffff86][0x5][0xffffffe3]B[0xfffffff4]x=[0xffffffca][0xffffffaf][0xffffffe0][0xffffffa8][0xffffff97]2'[0xffffffd4][0xffffffc4][0xffffff91][0xffffffe6]|L[0xffffff8a]N[0xffffffe3]K[0xffffffe2][0xffffffa8]=}[0xffffffd1][\r][0xffffffa2][0xffffffc2]2e[0x7f]f[\r][0xffffffa2][0xffffff86][0xffffffb9]a2[0xffffffdd][0x1c][0xffffff9d]6[0x17]>h[0xffffffea][0xffffffae])_[0xfffffff6]^N-z[0xffffffc4][0xffffffcc][0xffffffeb][0xffffffe5][0xffffffb6][\n]"
09:46:43.468 [main] DEBUG com.github.dockerjava.zerodep.shaded.org.apache.hc.client5.http.wire -- http-outgoing-2 << "[[0xffffffe4]\[0x1][0xffffffad]l[0xffffffda][0xfffffffb]L[0xffffffb6]9[0xfffffffd]M[0xffffffab][0xffffffb5]/v[0xffffff91]'a[0xfffffff0]$[0xe][0xffffffde]P[0xb][0x0]D[0xffffff9f][0x1d][0xffffff9d][0xffffffe4][0xffffffd2][0xffffffef][0x12]4[0xffffffc4]gV[0xffffff8e])LB4[0xffffffa2]I[0xfffffff2][0xffffffd5]D[\r][0xffffff83][0xffffff9c][\n]"
09:46:43.468 [main] DEBUG com.github.dockerjava.zerodep.shaded.org.apache.hc.client5.http.wire -- http-outgoing-2 << "[0xffffffda][0x0]D[0xfffffffc]M[0xffffff87]h4[0xffffffb1][0xffffffdc][0xffffff8a][0xffffffd2][0xffffff85][0x1f][0xffffffba][0xffffff86][0xfffffff2][0xffffffd8][0xffffffe3][0xffffffec]Y[0xffffffdc]u[0xffffff8e][0x13]'0t[0xffffffea][0xffffff83]iK9[0xffffff94][0xffffffee]4J2L[0xffffffa3][0x0]:[0xffffff9a]s[0xffffff8d][0xffffffbc][0xffffffc6][0xffffffa1][0xfffffffd]Cz1t[0xffffffb2]r`|[0xc][0xffffffd5][0xffffffd8][0xffffffd8]iw<u[0xffffff86][0xffffffef][0xffffffd9][0xffffffc7]z[0x9]WL[0xfffffff8].E[0xfffffffc][0xffffffc1][0xffffff93][0xffffffc6][0xffffffab][0x13]Z[0x1][0xffffff8f]V][0xffffffc1][0xffffffa9][0xffffffeb]g[0xffffff90][0xffffffe3][\n]"
09:46:43.468 [main] DEBUG com.github.dockerjava.zerodep.shaded.org.apache.hc.client5.http.wire -- http-outgoing-2 << "e"[0xffffffb2]'x[0xfffffff6]E[0xffffffbd]E[0xffffffa9]Zl4[0xffffffe7][0xffffffaa]%f[0xffffffe9][0xffffffe8][0xffffffad]K[0xffffffb2][0xffffffea][0xffffffc4][0xffffff89]$[0xffffff8e][0xffffffe3][0xfffffff1][0xffffffd9][0xffffff9b]B[0xffffff91][0xffffff80][0xffffffab][0xffffffb0][0xffffffe3][0xffffffd8][0xffffff85][0xffffff84][0xffffffd8][0xffffff8c]:[0xffffffc4][0x1e][0xfffffff5][0xffffffa5][0xffffff92][0xffffffb2][0xffffffbf][0xffffffa1][0xffffffb2][0x3]\[0xffffffa8][0x16]9[0xffffff8b][0xffffffc9]Q[0xfffffff6][0x1d][0xffffffc5]8[0xffffffbb][0x11]4:[0xffffff8b][0x17][0xffffff8e].[0xffffffe4][0xffffff84]S[0xffffff96]EM#V[0xffffffbf]-b[0xffffffb1][0xfffffff2][0xffffffee]r[0xffffffaa]O[0x16]O[0xe][0xffffff8c][0xffffff82][0x1d][0xffffff81]<[0xffffffd1][0xffffff81]"[0xffffffee][0xffffffd8][0xffffff80][0x16]`[0xffffffcb]J[0xffffffb9]#[0xfffffff8][0xffffff81]h8/+[0xffffff94][0x1e][0xb][0xffffffae][0xffffffa9][0xffffffd7]c;[0xffffffe7][0xffffff99][0x13][0xffffffbb][0xffffff8c]"[\n]"
09:46:43.468 [main] DEBUG com.github.dockerjava.zerodep.shaded.org.apache.hc.client5.http.wire -- http-outgoing-2 << "[0xffffffea]Q[0x13][0x12]][0xfffffff6]q[0xffffffb7]hG[0xffffff8d][0xffffffd5][0xffffff82][0xffffffd3][0xfffffffe][0xffffffde][0xfffffff8][0xfffffff0][0xffffff82][0xffffffb0]e[0xffffff88][0xffffff8e][0xffffffc5][0xffffffe3]HSJ,[0xffffff8c][0x1d][0xffffff85][0xffffffad][0x3][0xffffff83][0x19])[0x9][0xffffff91][0xffffffaa][0xffffff81]V=[0xffffff96]~/p[0xffffffcd]h[0xffffffa5],[0xffffffbd][0xffffff82][0xffffffd1][0xffffffcc]3[0xffffffbf]q[0xffffffc7][0xffffffbc][0xfffffffb][[0xffffffad]h[0xffffffbe][0xffffffbc][0xffffffde]H<[0xffffff9f][0xffffff83][0xffffffd4][0xffffff9a]Y[0xfffffffa][0xffffffab][0xffffff9f][0xffffffcd][0xffffff84][0xfffffffe][0xffffffbd][0x1f][\n]"
09:46:43.468 [main] DEBUG com.github.dockerjava.zerodep.shaded.org.apache.hc.client5.http.wire -- http-outgoing-2 << "[0x4];[0xf][0xffffffd5][0xffffffe5]t[0xffffffba]8[0xffffffd6][0xffffff97]J?_[0xffffffee][0x0][0x3];[0xffffff83]JPw[0x1f][0xffffffab][0xffffff92]95Bll[0xffffffae][0xffffffd3][0xffffff86][0xffffffb2][0xffffff8a][0xffffffe1]M[0x13][0xffffffa5][0xfffffffb]@[0xffffff87]Qyi[0xffffffe6]++[0x8][0xffffffad]'[0xffffff8d][0xffffffd6]l[0xfffffffa][0xffffffa5][0xffffffa4][0xffffffdf][0xffffffa7][0xffffffad])[0xffffffef][0xffffff83][0xffffff8f][0xc]z[0xffffffbe]U[0xffffffab][0xffffffed](4[0xffffff8a][0xffffffc8]:[0xffffffaa][0xffffff87][0xffffffe8][0xffffffc8][0xffffff9e]+[0xffffffb3][0xfffffff4][0xffffffde]Y[0x17]JM9[0xffffff8a][0xffffff82][0xffffffc9][0x0]4>_[0xffffffeb]@^[0xffffff86][0xffffff89][0x1f]][0xffffffe7][0xffffffa0][0xffffffbb][0x19]Ab[0xffffffca][0xffffffb2]w[0xffffffa5]B[0xffffffd2]c-[0xffffff97][0xffffffcf][0xffffffe4]O[0x9] [0xfffffff9]c[0xffffff9a])[0xffffff87]O[0xffffff8e]b+[0xffffffaf][0xffffffcf] 0[0xfffffff8]![0xfffffff6][0xffffffa2]w[0xffffff89][0xffffff92]i[0xffffffe2][0xffffffea][0xffffffb4][0xffffffe5][0x15][0x3][0xfffffff9][0x5]2[0xffffffeb][0xffffff90][0xfffffff5][0xc][0xffffff88][0xffffffd1][0xffffff80][0x4][0xffffff95][0xffffff80]jmk[0xffffff97][0xffffffa2]R;f=[0xffffff8d][0xffffffc8]\[0xffffffe2][0xffffff9e][0x1b]k@[0xffffff86]$"q[0xffffffeb][0xffffffb6]Q+[0xfffffff1][0xffffffff]5O[0x6]qa[0xfffffffc]b[0xffffffd4]tT#[0xffffff9c][0xffffff92]~[0x11][0xffffffbd][0xffffff86][0xffffffd6][0xffffffbd][0xffffff93][0xffffffcf]|[0xffffff85]$>[0xffffffd6]5[0xffffffbb][0xffffff9f][0x0][0xffffffb5][0xffffff80]k[0xffffffbc]0[0xffffffe8]|[0xffffffa8][0xffffff8f]u[0xffffffda][0xffffffcb][0xffffff89][0xffffffe8][0xffffff92][0x1f]1[\r][0xffffffae]F[0xffffff82][0xffffff92][0x13][0xffffffb7][0xffffffe7][0x13]/9[0xffffffe4]J[0xffffffb6]n[0xfffffff1]K[0xffffff82]l[0xffffffeb][0x17][0xffffff86][0xc][0x9][0xffffffb9][0xffffffed]%&?[0xffffffc5][0x17][0xffffff95]{X&[0xffffffd5]7[0xffffffbb]o[0xffffffd8][0xfffffff6][0xffffffc6][0x1b]@?[0xffffffa7][0xfffffff2][0xffffffb8]W[0xffffff9c]M7[0xffffffcb][0x13][0xffffff89]7[0x10][0xfffffff9]1[0xffffff88]a[0xffffffe4]s[0xffffffb7]@[0xffffff95][0xffffffda][0x7]r[0xffffffe5][0xffffff87][0xffffffe0]b[0xe][0xffffffd3][0xffffffa9]O+b"[0xffffffa8][0xfffffff9]`[0x3][0xffffffed][0xffffffcc]%[0xfffffffa][0x12][0x13]$4p[0xffffffdb][0xffffffac][0xffffff9a][0xffffffbb][0xffffffd3][0xffffffdb]M[0xffffffc3]vB[0x7]U[0xffffffce]T[0xffffffaf][\n]"
09:46:43.468 [main] DEBUG com.github.dockerjava.zerodep.shaded.org.apache.hc.client5.http.wire -- http-outgoing-2 << "~[0xffffffbd][0xffffffcc][0xffffffbc][0x0][0x16][0xffffffb0][0xffffffc6]S[0x1a][0xffffffc5][0xffffffae][0xffffffd8][0xffffffe9][0x3][0xffffffc1][0x7f][0xffffffcd]Fe0u[0xffffffde]AI[0xffffffaf][0xffffff81][0xffffff9e]uO[0xfffffffd]F[0xffffffb6]7$[0xffffffba]N[0xffffffaf]|f[0xffffffff][0xffffffbb][0xfffffff0]9[0xffffff9b][0x7f][0xffffff95]a[0xffffffb4]G[\n]"
09:46:43.469 [main] DEBUG com.github.dockerjava.zerodep.shaded.org.apache.hc.client5.http.wire -- http-outgoing-2 << "[0xffffffc7][0xfffffff8][0xfffffff4][0xe]T[0xffffff99]KL[0x13][0xfffffff8]X[0x18]X[0xffffffdb]r[0xffffff8e][0xffffff83][0xffffffdb][0x9]jF[0xffffffa5]t<[0x18]\[0xffffffad]ps[0xffffffdf][0xffffffe9][0xffffffff][0x3][0x0]@[0xffffffff][0xffffffbf]S[0xffffff9b]9N[0xffffffe7][0xffffffec][0xfffffff5][0xffffffb5][0xffffffbf][0x7f][0xffffffb7][0x16]<[0xffffff8f][0xffffffd8]S([0xffffff84][0xffffff83][0xffffff98][0xffffff9f]z.[0xffffffb0]w1p[0xffffffd8][0xffffffc1]2|>[0xffffff9b]u[0x9][0xffffffa5][[0xffffffdd][0xffffffc8]&T[0xffffff8b][0xffffffc4][0xfffffff2]!/[0xffffff98][0xffffffa6][0xffffffa7][0xffffffec][0xfffffff7][0xffffffe3]L[0x1e]I[0x13][\n]"
09:46:43.470 [main] DEBUG com.github.dockerjava.zerodep.shaded.org.apache.hc.client5.http.wire -- http-outgoing-2 << "[0xffffffbd][0xf][0xffffffb0]j%[0xffffffd4]4H;[0xffffffc1][0xffffffed][[0xffffffef][0x1a]1[0xffffff9a][0xffffffff][0xffffffe4][0xfffffff6]A[0xffffffd2];[0x1d]|~[0xffffffa8]=[0xfffffff7]8[0xffffffcc][0x1b][0xffffffbe][0xffffff88][0xffffffa2][0xffffff9d][0xffffff8b][0xffffffce][[0xffffff90]D[0xffffffac][0xc]'d/[0xffffffa4][0xffffffce][0x13][0xffffffa4][0xffffffdf]8[0xfffffffb][0xffffffad]Ft[0xffffffa2][0xffffffbd][0xffffffd1][0x12][0xffffff8f]h[0x6][0xffffffac][0xffffffa0][0xffffffc7][0x7][0xffffffc7]I[0xffffff9c]%?[0xffffffdb]&[0x4][0xffffffcb][0xc]5[0xfffffff7][0xffffff9a][0xffffffb1][0x1e]~3b![0xffffffc5][0xffffffdf][0xffffff8c][0xffffff85]2[0xffffffa0]xN[0xffffffe9][0xfffffff5][0xffffffcd]n[0xffffff8d][0xffffffa2][0xffffff88]5[0x3])[0xfffffffb][0x8]dj[0xffffff9d][0xffffffcd][0xffffffa4][0xffffffa5][0xffffffdd][0x5][0xffffff96][0xb][0xffffff90][0xffffff9f][0xffffffc5][0xffffffbc][0xffffff99][0xffffffda][0xffffff8d][0xfffffff2][0xffffff96]{[0xffffffbd][0xffffffeb][0xffffff82]hk[0x10][0xffffffcf][0x1a][0xffffff8d][0xfffffff0][0xffffffd5][0xffffffc4][0xffffff8b][0x18][0xffffffe8][0xffffffcf][0xffffffe9]2[0x1e]p[0xffffff8b]&[0xffffffc5][0xffffffc5]s[0xffffffde]j[0xfffffff5]Z[0xffffffc7]UHDJ[0xffffffe1][0xfffffffa]$I[0xffffffe0]n[0xffffff89]0[0xffffffd8]G7i[0xffffffce]?[0xffffffe8]Te[0xffffffed][0xffffffcf][0x12][0xffffffff][0x15][0xffffffb7]U[0xffffff93]_&[0xffffffda][0x7][0xffffff85][0xffffff87]w[0xffffff86][d&[\n]"
09:46:43.470 [main] DEBUG com.github.dockerjava.zerodep.shaded.org.apache.hc.client5.http.wire -- http-outgoing-2 << "[0xffffffa9][0xffffffb8][0xffffffba];S[0xffffff98][0xffffffa8][0x1e][0x15][0xffffffba][0xc][0xfffffff9]&[0x4]I[0xffffffff][[0xffffff81][0xffffff84][0xffffff90][0xffffffd4]{-6Rr[0x1e][0xb][0xffffffc1][0xffffff94]b[0xffffffdb]]n7H[0xffffffe6][0x16][\n]"
09:46:43.470 [main] DEBUG com.github.dockerjava.zerodep.shaded.org.apache.hc.client5.http.wire -- http-outgoing-2 << "[0xfffffffa][0xfffffffb][0xffffffd3][0x10][0x12][0xffffffa8][0x1d][0xffffffd2][0xffffff8b]``[0xffffffa4][0xffffffe9][0xffffffdf][0xffffff9a][0xffffff8a][0x2]G2[\r][0xffffffd1]W[0xfffffffe][0x8][0xffffff8f][0xffffff8f]9[0xffffff83][0xfffffff7]M4},[0xffffffda]N7[0xffffffdb][0xfffffff5][0x14]q[0xffffff82][0xffffffba][0xffffff8e][0xffffffd4][0xffffff9c][0x11]z[0x2][0xffffff9f]<[0xffffffb4][0xb][0xfffffffb][0xffffffa5][0xffffffa7][0xffffff8f][0xfffffff5][0xffffffd7][0xffffff9c][0x1c][0xffffffe6]ve|[\n]"
09:46:43.470 [main] DEBUG com.github.dockerjava.zerodep.shaded.org.apache.hc.client5.http.wire -- http-outgoing-2 << "[0xffffffd5]<}[0xffffffe0])}[0xffffffca][0x1b]Q[0xffffffa1][0xffffff89].[0xffffff85]H[0xffffffcd][0x8][0x2][0xffffff8e][0x1d]*[0xffffffee][0xffffffc9][0xffffffe3][0xffffff8b]B[0x0][0x11]?[0xffffffa1][0xffffffa3]9[0xffffffae][0xffffffc0]7[0xffffff8a][0xffffff9f]x[0xf][0xffffffb5]c;[0xffffffa6][0xffffffe7][0xfffffff1][0xffffffc3]I'[0xffffff8c]G[0xffffffc8][0xffffffc9]H@[0xffffffa4][0xffffff9a]~[0x15][0xffffff80][0x13][\n]"
09:46:43.470 [main] DEBUG com.github.dockerjava.zerodep.shaded.org.apache.hc.client5.http.wire -- http-outgoing-2 << "[0xffffffc4][0xffffffeb][0xc][0xffffff8d][0x7f][0xffffffd8][0xffffffe1]{[0xffffffa0][0x5][0xffffffde]o;[0x5][0xffffffdc][0xffffffe5]O[0xffffffd8][0xfffffff8]f[0xfffffffb]B[0xffffffa1](^[0xffffffd1]^[0xffffff95][0xffffffa3][0xffffffe2]H[0xffffffa0][0x19][0xfffffffc]f\[0xffffffaa]<[0xc][0xffffffc8]d;[0xffffff98]^[0xfffffffb][0x2][0xffffffbe][0x7][0xffffff91][0xffffffbb][0x0][0x15]xZ[0xffffffc0][0xffffffd8][0xffffffb3]y[0xffffffaf]|:[0x16]-i[0xffffffcb][0xffffffc8]y[0xffffffdf]Q[0xffffffe2][0x1d][0xfffffffa]N[0xffffffc2][0xffffffe0][0x19][0xffffffe2]1[0xfffffff9]1[0xffffffd7][0xffffff82][0xffffff8c][0xffffffc8]+[0xffffffab][0x1f][0xffffffdc]"2[0xfffffff0][0xffffff91][0xffffff8a][0xffffff86][0xffffffee]^[0xffffffbf][0xffffff9c]<[0x17]c[0xffffffb0][0xffffffbd]%[0x9][0xffffffa0][0xffffffe8][0xffffffe6][0xffffffb7][0x18][0x4]m:[0xffffff8d]`[0xffffffd2]}b[0xffffffbe]:[0x10][0xffffff9c][0xffffffa9][0xffffffdc][0x6]Y~[0xffffffa0]+[0xffffffa1]1[0xffffffba]Q[0xffffff9f]@[0xffffffd0][0xffffffb0][0xffffffff]*[0xfffffffc]_[0xffffffcd][0xffffff9f][[0xffffffba][0xffffff9c][[0xffffffd1][_[0xffffffc9][0x1b]2[0xffffffa5][0xfffffff8][0xffffff92][0xffffffdc][0xf][0xfffffff8][0xffffff92]<"[0xffffffc9]1[0xffffffbc]g[0xffffffd4][0xffffffe0][0xffffffed][0xffffff98][0x10])V[0xffffffac][0xffffffe6][0xffffffa0][0xffffffb1][0x2][0xfffffffb][0xffffffef][0x10][0xffffffd4][0xfffffff6][0xffffffff][0xffffffd3][0x19]>-[0x6]([0x10][0xffffffa1]@[0xffffffe2]NO[0xffffffde][0xfffffff4][0xffffff82]t[0xffffff95][0xffffff8d]|_<U[0xffffffee][0xffffffe5][0xfffffffe][0xffffffe8][0xfffffff8]%[0x1e]![0xffffffe3][0xffffff8f][0xffffff84]5[0xffffffe3][0xffffff9a]X[0xffffffc2][0xffffffd8][0xb][0x17][0xffffffeb]cl[0x16][0xffffff99][0xffffffee][0xfffffff5][0xffffff8e][0xffffffc4][0xffffff82][0xfffffff5]l[0xffffffe0][0xffffffd5][0xfffffff6]Q[0x11][0x1e]([0xffffffd7]?cg&[0x15][0xffffff90][0xffffffe0][0xfffffff7][0xfffffff6]^~K[0x11][0x1e][0xffffffcc]f[0x14]2r[0xc][0x1][0xfffffffe][0xffffffe7]yVB[0xffffff87][0xffffffd6]_[0xffffffa7][0xffffffc8][0xffffff92]9\[0xfffffff7]6/[0xffffff80][0xffffffc3]{[0xffffffb7][0xffffffe3][0xfffffff2][0xffffffe8][0xffffffb0][0xfffffff2][[0xb][0xffffffe1]:[0xffffffc1][0xffffff97][0x10][0xffffff9c][0xffffffae])[0xffffffff]z[0xffffffb3]H[0xfffffff4][0xffffffd5]z[0xffffffc4],[0xfffffff3]s[0xfffffffb][0xffffffe2][0xffffffc7][0xffffffd9]Rb[0xffffff9b][0x0][0xffffffb9][0xfffffff2]2zm[0xffffffc2][0x14][0x9][0xffffffb7][0xffffffd0]v[0xffffff9a][0xffffffe3][0xffffffad][0xffffffd1]M[0xffffffb9][0xffffffe2][0xffffffa8][0xffffffd5][0xffffffb8][0x1a][0xffffffdc][0xffffff97][0xffffffe8][0xffffff9a][0xffffffd7][0xffffff98]C[0xffffffe5][0x2][0xffffffa6][0xffffff8d][0x7f][0xffffff93][0xfffffff3]7[0x7]$[0x7f][0xfffffff5]3[0xffffffcc][0xffffffa6]F[0xfffffffa]b[0x17]s0[0xffffffcd][0xffffffd0]5[0xffffffcc][0xfffffffd]8P[0xc]Y[0xfffffff5]i[0xffffffd6])[0xffffffff]![0xffffffcf]b[0x5]L[0xffffffaf]I#>[0xffffffba]/0[0x16]'[0xffffff84][0xffffffbb][0xf]/[0xfffffff3][0xffffffcb][0xfffffff4][0xffffffb8][0xfffffff7]2\;d[0xffffffe5][0xffffffaf][0xffffffcf][0x14][0xffffffda]M[0xffffffe8][0xffffffde][0xffffffc4][0x8][0xe]Q[0xffffff9b]f-[0xfffffffc][0xffffff87][0x19]a5[0xffffffb0]G[0xffffff8b][0xffffff97]G[0x1b][0xffffffae]8w"[0xffffffba][0xffffffdd][0xffffffcc][0xb]`;[0xffffffa5]U0N[0xfffffff4][0xffffffec][0xffffff96][0xffffff90][0xffffffeb]$[0xffffff9c][0xc][0xffffffea]8[0xffffffd4][0xffffffeb]W [0xffffffdc][0xffffffa3][0xffffffbf][0xffffff95]3^[0xffffffde][0xfffffff2][0xffffff99][0x0][0xffffffdb]f[0x2][0x17]q[\r][0x7f][0xffffffbd][0x2][0xffffff98]u[0xffffff9f]a[0xfffffff0][0xffffffc1][0xffffffdf][0xffffffdb]n[0x1f][0xffffffee]X0[0xffffff87][0xffffffc7][0xffffff96][0xffffffc9]LJ[0x14][0xffffff80]X[0xffffffba]W[0xfffffff5][0xffffffa3]9[0xffffffb6][0xffffffb8]1K[0xfffffff7]G[0xffffffdb]l[0xfffffffa]th."[0xffffff80][0xffffffe8][0xffffffcc][m[0xffffff83][0x19][0xffffffe3][0xffffffc1][\n]"
09:46:43.471 [main] DEBUG com.github.dockerjava.zerodep.shaded.org.apache.hc.client5.http.wire -- http-outgoing-2 << "[0xffffffe6][0xffffffdc]z[0x19][0xfffffff6]L[0x9],[0x7f]\[0xffffffa1]"n[0xffffff91][0xffffffff]e9[0xffffffc9]iK&[0xffffff81]GE[0xffffffd8]?Y-[0xffffff91][0xffffffd9][0xffffff87],G[0xffffffa0][0xffffff81][0xffffffad][0xfffffff5][0xffffffd4][0x10][0xffffffb7]$[0x6][0xffffffd5]]l[0xfffffff4][0xffffffbc][0xffffffa9][0xffffff8b][0xffffffe3][0xffffffd6][0xffffffa8][0xffffffcb][0xfffffffa][0x19][0xffffffa4][0xfffffff1][0xffffffc0][0xffffffec][0xffffffd0][0xffffffff]z)%[0xffffffae][0xffffffae][0xffffffef][0xffffff98][0x1a]8[0xffffffba]W[0x13][0xffffff96]6cO\[0xffffffa6][0xffffffbd][0x16]%:[0xffffffd0]E[0x1b][0x18]T[0xffffffd6][0xfffffffd]f[0x1f][0x16]!{[0xfffffff5][0xffffffd7][0xffffffb2][0xffffffcf]B[0xffffffd3][0xffffff94][0xfffffff8]/[0xfffffff4][0x1d]I[0xffffff9e][0xffffffdd][0xffffff80][0xffffff89]l[0xffffffea]X[0xffffff8c][0xffffffc2][0xffffff8f][0xffffffe7][0xffffffa2][0xfffffff0][0x14][0x6][0x9][0xffffffc6][0xffffffa1]_[0xfffffffe][0x9][0xffffffdc][0xffffffc9][0x12][0xffffff85][0xffffffc4]E[0xffffffa4][0xffffffb0][0xffffff93][0xffffff80]{pB5[0xffffffad][0xffffffe5][0xffffffd5]Y[0xffffff90][0xffffffa2]K[0xffffff93][0xffffffde][0x15]'[0xfffffff6][0xffffffb6][0xffffffce]=U[0xffffff80]G[0xffffffff][\r]<<[0xffffff81]HH[0xfffffff4]o[0x7][0xfffffff1]OXMK.[0xffffffb8][0xffffff9c]f[0xffffff8b]P#[0xffffffd5][0xffffffd6][0xfffffffd]8[0xffffff8a][0xffffffa5]W[0xffffffa2][0x18][0xffffffa0][0x17]@[0xffffffb4]l[0xffffffbe][0xffffffc9][0xffffffc8]Y[0x17][0xffffff93][0xffffff92]_W[0xffffffa6]=[0xffffffe4]K[0xffffffdf][0x7][0xfffffffe]qQ[0xffffff84]O[0xffffffb7]M[0xffffffb7][0xffffffa3]v[0x1c]y[0xffffffd9]7[0xffffffdb]H[0xffffff9b][0x18][0xffffffb3](m[0xffffffac]C[0xffffffc4]f[0xfffffffe][0x0][0xffffff87][0xffffffb2][0xffffff9c][0xffffffb8][0xffffff9f]}[0xffffffdb][0xffffffa7][0xffffffb7][0x1d][0xe]O[0x15]7[0xffffffb6]V*>[0xffffffc7][0xffffffe6]%[0x6][0xffffff9d][0xffffffe0][0xffffffea][0xffffffa1][0x4][0xffffff8c]"t[0x0]O-er[0xffffff89][0xffffffbc][0xffffffd3][0xffffffcd][0xffffff91][0xffffffdd]h[0x1f][0xfffffff9][0xfffffffb]"[0x18][0xffffff80]R[0xffffffe3][0xffffffd2]2[0xffffffea][0xffffffc9][0x18]N[0xffffffbf][0xffffffde]0[0x11][0x6][0xfffffff9][0xffffff9c]>[0xffffff86][0xffffffe1][0x1][0xfffffffc][0xffffff8b][0xffffffe0]`[0x3]!.[0xffffffe9]P[0xffffff85][0xffffff82][0x2][0x5]+[0xffffffe7][0xffffffe7].[0xfffffffe][0xffffffd0][0xffffffc1][0xfffffffc][0xe];[0xfffffff9]iw[0xffffffd9]3[0xffffffd0][0x14][0xffffff83]4[0xffffffd0]r~[0x3][0xffffffb3][0x11]t[0xffffff82][0xffffffaa]::i[0xffffffdf][0xfffffff8][0xffffffb6]v[0xffffffa5][0xffffffb1]}[0xffffffa6][0xfffffff2]W@[0xffffff98][0x1a][0xffffffa9][0xffffff80][0x2][0xfffffffc][0xffffffe4]PO[0xc][0xffffffa1][0x13].[0x7][0xffffff97][0x1c][0xfffffffb]%[0xffffff9a][0xfffffff7][0xffffffc2][0xffffffe5]B[0xffffff81][0xffffffe5][0xffffffa2]5[0xffffffaa][0xffffffd5][0xffffffec]Q[0x6][0x1f].[0xffffffa3][0xffffff80][0xffffffe7][0xffffff8d]B[0x19][0x9][0xffffff87][0xffffffd5][0xffffffc2]<[0xffffffb6]h[0xffffffb4][0x0][0xfffffffe][0xffffffe7][0xffffffcf][0xffffffe8][0xffffffb7][0xffffffdb]![0xffffffbe][0xfffffffe]j[0xffffffe9]h[0xffffffb5]3;[0xffffff93][0xffffffca]%p[0xffffffaa][0xffffffee][0xffffffb3]Bs@[0xffffffb6]d[0xffffff9f][0x8][0xfffffff6][0x3][0x6][0xffffff90].[0xfffffffb][0xffffff94]0[0x1][0xffffffec][0xffffff9f]8V[0xffffff84][0x1d][0xffffffc3][0x15][0xffffffb4]Z[0x1]T|R[0xffffffd5][0xffffff8a]X[0xb]Bd[0xffffff86][0xffffffbe]'@c[0xfffffffc][0xffffffbc][0xffffffca][0xffffffe0]>t[0xffffffaa]([0xffffffff]][0xfffffff0]O7H][0xffffffb3]Q[0xffffffaa][0xffffffa3][0x17]![0x0][0xffffffd1][0xffffffc6][0xffffffe6][0xffffffa6]D[0xffffffa1][0x0]X[0xffffff8d][0xffffffeb][0xffffffdc]c6[0xffffff8f][0xffffffee][0xffffffb1][0xffffff92][0xffffffab]y[0xffffff95][0xffffff98][0xffffffe5][0xffffff81][0xfffffffb][0x2]3H[0xffffffb4][0xffffffb1][0xffffff95][0xffffffc5][0xffffff98][0xffffffb6][0xffffffa5]q[0xffffff99][0x1e][0xffffffa4]G[0xffffffe9]b^[0xffffff87][0xffffffc2][0xfffffffe][0xffffffbc][0xffffffab]i[0x1],[0xffffffc9][0xfffffffc][0xffffffd0][0xffffffe8][0xffffffa2][0xffffffcc][0x1c]j|I[0xffffffc3]N-[0xfffffff6][0xffffffa9]d[0xfffffff4]([0xffffffb7]|[0x1e]3k7[0xffffffef][0xffffff81][0x12]q[0xfffffff7][0xffffffb4][0xffffff95][0xffffffdd][0x4]V[0xffffffbf][0xffffffdc][0xb][0xffffffd0][0xffffff80][0xffffff8f]=[0xffffffb9][0xffffff82][0x2][0xffffffe9]*[0xffffff98][0xffffffd7][0xfffffff3][0xffffffc9]"[0xffffff97][0xe][0x1b][0xffffff8d][0x14][0x16]y:D[0xffffffaf][0xffffff89]s[0xffffff91]`[0xffffffb2]T3[0xffffffd2][0xffffffe9]S[0xffffffd1]kC[0xffffffdc]}[0x11]V[0xffffffe8][0xe][0xffffffbe]6yQ[0xffffff88][0x1d]F[0xffffffd3][0x7]F[0xffffffd5]'[0xffffffeb]V[0xffffff85][0xffffff8c][0xffffffc8][0xffffffce]$[0x7f]f&,[0xffffffd8][0xfffffff8][0xffffffc7][0x4].[0xffffffe9]p[0xffffffc0][0xffffffa8])[0xffffff8f].[0x16]K[0x16][0x11][0xffffffb1][0xffffffba]2[0x16]K[0xffffffe2][0xffffffca][0xfffffff3][0xffffffae][0xffffffd4][0x7]n[0x17][0xffffff91]m[0xffffffca]m[0xffffffaa][0xffffff9f][0xf][0x12][0xffffff80][0xffffffdc]l[0xffffffc5]?D[0x2];[0xffffffa2][0xffffffde][0xffffffcd][0xffffff87][0xffffffb1]*9L0[0xb]3[0xffffffd4]r[0xffffffe1][0x13]rq[0x1c]E[0xffffffc8][0xffffffcf]QF[0x17][0x19][0x11] [0xffffffe1]s@[0xffffffc5][0xffffff9c]3p[0x2][0xffffff92][0xfffffff1]`[0x14]s[0xffffffa8][0xffffffe7][0x1c][0xffffffb5]D[0xffffffe0]@[0xffffffc9][0xffffff91] Fk[0xffffffd0][0xffffffd7][0xffffffc1][0xffffffc3][0xffffffda]h[0xffffff98]wj`[0xffffff85][0x7f]&T[0xffffff91][0xffffffe1][0x12]d[0xffffff83][0xfffffffb][0xffffffbf]'[0xffffffe2][0xffffff84][0xffffffe6][0xfffffffe]~<q[0xc][0xffffff8d][0xffffffb8]Ke[0xffffffc3]A[0x14][0x1b][0x12].[0xe][0x1f][0xffffff9c]g[0xffffffe0][0xffffffd0]j[0xffffffa9]~[0xffffff99]F[0xffffffb1]x[0xffffffd6][0xffffff98][0xffffffa7][0xffffffa3][0xffffffe8] G[0xfffffffc][0x0][0xffffff8f][0xffffffea]/[0xfffffffb][0xffffffe4]][0xffffffb9]{[0xffffffa8][0xffffffc8]`S[0xffffff94]&^[0xffffffd6]f<[0xfffffff9][0x1f][0xffffff8e]>a[0xffffffe8][0xffffffa9]/<o[0xffffffa9][0xfffffffd][0xffffffd5],&[0x1d][0xffffffbd][0xffffffa2][0xffffffa0][0xffffffc3]By[0xffffffe5][0xfffffffe]*+[0xffffff84][0xffffffa1]l0[0xffffff84][0xffffff83][0xffffffa4][0xffffff9a][0xffffffcf]w[0xffffffdc][0xffffffeb]Q[0xffffffa0]{[0x14][0x1d][0xffffffde]H3:[0xffffffec]X4[0xffffffe5][0xffffffb4][0xfffffffe]E[0x1a]&[0xfffffff9]ze[0xffffffc8][0xfffffffd][0xffffffb9]h[0x14][0x1f][\r]U[0xfffffff6]a1[0xffffffe0]h[0xffffffb7][0xffffff82]uU[0xfffffff9][0xffffffb8][0xffffff8e]`[0xffffffdc]J[0xffffff97][0xffffffa2][0xffffffac][0xffffffed](n[0x3][0xffffffab]x[0xffffff88][0xffffffeb]\[0xffffff80]1|[0xffffffad][0xffffffbc][0xffffffdf]-[0xffffffd7]A[0xffffffaa][0xffffff80][0xffffffd1][0x1f]&[0xffffff81][0xe][0xffffffb8]*:Sc[0x1d][0xffffffb5][0xffffffa6][0xffffffd0][0xffffff90][0xffffffcb]P[0xffffffda]k[0xfffffff6]z[\r][0xffffffcb][0xffffffcb][0x6][0xf][0xfffffff0][0xffffffc3][0xffffff98][:[\n]"
09:46:43.472 [main] DEBUG com.github.dockerjava.zerodep.shaded.org.apache.hc.client5.http.wire -- http-outgoing-2 << "[0xffffffd5][0xffffffbe][0xffffffc8][0xffffffd9]0[0xffffff97]ho[0xfffffff1][0xffffffdf][0xffffffcc]\{[0xffffffe7][0xf][0xffffffc6]*[0xffffffad][0x1e]5:[0xffffff8d][0xffffffa7][0xffffffa9][0xffffffe7][0xffffffc8]zA[0xfffffff7]f*[0xfffffff4][0xffffffbf][0x3][0xffffff81])[\r]YaC/5[0xffffffa8][0xffffffdf]*__[0xffffffb0]x[0xfffffffb]]u[0xffffffb4][0xffffffb7]v[0xffffffc2]r[0xffffff92]"[0xffffffb7][0xffffffe9][0xffffffee]T[0xe][0x16]Zf[0xffffffa6]P[0xffffffb4][0xffffffbd][0xffffffc4][0xffffffda]Q*[0xffffff9f][0xffffffda]#[0xffffffc0]A[0x7f][0xffffff91][0xffffffeb][0xffffffb2]*[0xffffff87][0xffffff9d][0xffffffae][0xfffffff1][0xffffffeb][0xffffff98]B[0xffffff82][0xffffffc6][0xffffffd5]-[0xffffffef][0xffffffd4]8[0xffffffda]_[0xffffff80]h[0xffffffd0]L[0xffffff8e][0x1c]z[0xffffffc1][0xffffffa1][[0x9]1lb[0x0][0xfffffff5]?:[0x8][0x14][0xffffff8f]s[0xfffffff4]z[0x12][0xffffffcc][0xffffffea]z[0xffffffad]a[0xfffffffa]|Ff[0xffffffa9]gN^[0xffffffc8]L[0xffffffa7]IO[0xffffff80][0xffffffe5]kN[0xffffffc9]j3([0xffffffca] [\n]"
09:46:43.473 [main] DEBUG com.github.dockerjava.zerodep.shaded.org.apache.hc.client5.http.wire -- http-outgoing-2 << "[0xffffffe9][0xffffff82]g[0xe]o][\r][0x17][0xffffffff]K&[0xffffffd6][0x1f]c[0x3]fBZ[0xfffffffc][0xffffffa2]R[0xffffffe4][0xffffff82][0xe][0xffffff85][0xffffff82]z[0xffffff82][0xffffffb3][0x3]}6[0xffffff86][0xffffffe0][0x1d]k?J[0xffffffb1]&,Bml[0xffffffc2][0xffffff9c][0xffffffb6][0xfffffffd][0xffffffb3][0xffffff9a][0xffffffdc]=[0x7f][0xffffff9e][0xffffffc3]a[0x4][0xffffffe2]6[0xffffffbe][0xffffffc8]\y[0xffffffde]H.m[0x11][0xffffffb6][0xffffffff][0xffffffd1][0x19][0xffffff90][0xffffffdc][0x2]-{U[m[0xffffffa6][0xffffff83][0xffffffad][0xffffffcc]L[0xffffff82] [0x1f]E[0xffffffe4][0x15][0xffffff97]O}[0xffffff8b][0xffffffee][0xffffff87][0xffffff85][0xffffffa6][0xffffffb8][0xffffffeb][0xffffffb3][0xffffffc2]c[0x13]#[0x0][0xffffffc0][0x7f][0xffffffae][0xffffffd3]q#[0xffffffac]Cb[0x7].[0xffffff96][0x11][0xfffffff2][0x14]-[0xc][0xffffffe4],[0xffffffe1][0x1f]]+[0xffffff94][0x17][0x14]b`[0x1d][0xffffffc3][0x18]qzF/)[0xffffffc6][0xffffffcd][0xffffffce][0xffffffa1][0xffffffd1][0xffffffee]+[0x10]7[0xffffffe5]E4+g[0xffffffbe]&[0x1e][0x1][0x1d][0x6][0xffffffc7]Cg[0xffffffd1][0xc][0x15][0xffffff8b][0xffffff96][0x19][0xffffffe0][0xfffffff2]+[0x14]T[0xffffff9a][0xfffffff5][0xfffffff1][0xffffffbd]q[0x11]0[0x1b]8[0x1a][0xffffffed]v[0xffffff81][0xfffffff0][0xffffffc0][0xffffffdb][0xffffffca][\r][0xffffffe5](3[0xffffffda][0xfffffffd][0xc][0xffffffa5][0x13][0xfffffffa]C6[0xffffffea][0xffffffea]s[0xe][0xffffff87]f[0xffffffc2]<oynH[0xffffff80][0xffffffae][0xffffff85][0xffffffcb]9v[0x6][0xffffff95][0xffffffc5]|[0xffffff80][0xffffffff]c[0xffffffeb]f[0xffffffe1]B[0xffffff8c]<xL.u[0xfffffff7][0x1b][0xffffffdb][0x17]p [0xffffffbe]f[0xffffffa2][0x9]q[0xffffffc9][0xe][0xfffffff5][0xffffffd5]A[0x2][0xffffffc4][0xffffffbe][0xffffffd4][0x11][0x0][0x0]L[0xf][0x13][3[0x1a][0xffffffd9][0x14][0xffffff9e][0x3][0x15]=[0xffffffd1]2[0xffffff85][0xffffffbf][0xe]v[0xffffff9f][0xffffff8b]L/w[0xffffffcb][0xffffffbc][0xffffffae][0xffffffd3]X6H[0xf][0xffffff93][0xfffffffb][0x8]S)[0xffffffff]k[0xffffff92]1Q[0xffffffb5]C_[0xffffffe3][0x8][0x7][0xffffff8c]<O[0x13][0xfffffffa]k[0xe][0xffffff9b]O5[0xffffffc4][0xffffffa2]2[0xffffffd6][0xe]>>[0xfffffff3][0xffffffcf]I[0xffffff9e]@[0xfffffff4]k[0xffffffeb]"[0x1]Y[0xffffffa1][0xfffffff6],[0xf][0xffffffd7][0xffffffc5][0xffffff9c][0x7f][0xffffffbd]+[0x1a][0xffffff9a][0xffffff9c]7 [0xffffffa9][0xffffffd8][0x9][0xffffff86][0xfffffff2][0xffffff9c]d*Y7[0x10][\r][0xffffffc3]6Ev~h[0xffffffb6][0xffffff96][0xffffffa5][0xe][0x6][0xffffffcf][0xffffffde][0x1][0x0]uR[0xffffffd9]n[0xffffff8a]F[0xffffffb8][0x16][0xffffffb3]&[0xffffffa2][0xfffffff3][0x6][0xffffffcc]q[0xffffff8c][0x8][0xffffffbf][0x7][0x6]IX83[0xffffff93]C[0x1b]4[\r]u[0xffffffa1][0xffffff9b][0xffffffe7][0xffffffa3]W[0xffffff99][0xffffffa1][0x4][0xffffff9a][0xfffffff1]\[0xffffffe1][0xfffffff4][0xffffff9f]c[0xffffff9b][0xffffffaf]m[0xffffff91][0xffffffc9][0xffffffcf][0xffffffcc][0x19][0xffffff84] iB[0xffffffbc]g[0xffffffb0][0xffffffb4][0x4]$[0xffffffee][0xffffffe4][0xffffffb3][0x14][0xffffffb1],[0xf][0x2][0xffffffcd]\[0x14][0xfffffffc][0xffffffb0][0xffffffb0][0xffffff90][0x19][0xffffffc5][0xffffff84][0xffffffe7][0xffffffef]7:*[0xffffffdd]E[0xffffff85][0xffffffc3]R[0x7f][0xfffffff3]f[0xffffffdb][0xffffffe2][0xfffffff2][0xffffff8b]E[0xffffffb9][0xffffffac][0xffffff8d][0xffffffd6]"[0xffffffab]E[0xfffffffe][0xfffffff0][0xffffff85][0xffffff9d][0xffffff97][0x8]I[0x15][0x14][0xffffffe9]F![0x18][0xffffffbb][0xffffffcc]T[0xffffff9a][0xffffffb6][0x4][0xc][0x1b]?[0xffffffb0]C\[0xffffffb8][0xffffffc1][0x2][0xffffffe7]j[0xffffffce][0x16][0xffffffb7][0xffffffe7]N@[0xfffffff3][0xfffffffe]k[0xffffffcc][0xffffffb1][0xffffffff][0xffffffaf][0xffffffd6]1[0xffffff9b]_[0xffffff8a][0x19][0xc][0x17]F[0xffffff83][0xffffffcf][0xffffff8d][0xffffffac](C[0xffffff81]LcOHFE[0x19]4}[0xffffff87][0x15][0x7f]o5[0x13][0xffffffd3][0xffffffad][0xffffffdf]x[0x11]H[0xe].[0xffffff8c]+=[0xffffffde][0xffffff84][0xffffffb2];[0xffffff86][0xffffffa5][0x18][0xffffffa4][0xfffffffe][0x10][[0xe][0xe][0xffffffc7][0xffffffde][0xffffff93][0xffffffc4][[0xfffffffc][0x1a][0x7][0xfffffffb]6[0x19][0xffffffbb]$[0xffffffd5][0xfffffffb][0x0][0x16][0x4]b@([0xffffff82]m[0xffffffe1][0xffffffe1][0x7][0xffffffc0]R[0xffffffa2][\n]"
09:46:43.474 [main] DEBUG com.github.dockerjava.zerodep.shaded.org.apache.hc.client5.http.wire -- http-outgoing-2 << "}[0xffffff87]l[0xffffffc6]m[0xffffffa3][0x7][0x17]-[0xfffffff0]'y[0xffffffd0]=[0xffffffc6][0x1e][0xffffff81]VA`[0xfffffffe]%[0xffffffa4]O)F[0xffffff9b][0x5][0xffffffde][0xffffffa3]9[0xffffffd1][0xffffff8d]G[0xffffffe7][0xe][0xffffff94][0xffffffda]$8[0x14][0xffffff9b][0xffffffde]<[0xffffffbd],#[0xffffff8f]*[0xffffff9a] [0xffffff9f]$A)p[0xffffffd1][0xffffffa7][0xffffffd1][0xffffffd2]q[0xffffffbf][0xffffffe5][0xf][0xffffffbb][0xffffffcb][0xfffffffa][0xffffffd7]A0[0xffffff80][0xffffff82][0xfffffff0]=W[0xffffff81][0xffffff87]][0xfffffff9]$[0xffffffdf][0xffffffbd] f[0xffffff93][0x6][0xffffff93][0xfffffffc][0xffffffa6][0xffffffaa][0xffffff96]-[0xffffffd6]d[0xffffffc1]^[0xffffff9e][0xffffffcd][0xffffffbe][0xffffffd2][0x19]Y[0xffffffc4][0x1b][0xfffffff3]=[0xe][0xffffffa9][0xffffffec]"[0x6][0xffffff85][0xffffff81][0xffffffc2][0xffffffee] [0xffffffc7][0xffffffc6];[0xffffff91][0xffffffdf][0xffffff8c][0xffffff82][0xfffffff8]%6[0xffffffc4][0x10][0xffffffef][0xffffffe0][0xffffffcf]79[0xffffffc5]7[0x11][0x14][0xffffffed]p[0xffffff81]7[0xffffffa0]#[0xffffffba]{[0xffffffdc][0xffffffe5][0xffffff88]n[0xffffffa1][0xffffffff][0xb][0xffffff9c]X[0xffffffef][0xffffffd6][0xffffffe9][0xffffffe2][0xffffff8c][0xfffffffd][0x7];a[0xffffffba][0xffffff97]h%t|[0xffffffea][0xffffffec][0xffffffbf]q[0xffffffd2]K2[0xffffffbf][0xffffff8f][0x11]q[0x13]_-;[0xffffffc9]x[0xffffffaf]~[0xffffffae][0xffffffba][0xffffffc6][0xfffffff5]gu[0x13][0xc]6J[0x6][0xffffffc4][0xffffffed]$[\n]"
09:46:43.474 [main] DEBUG com.github.dockerjava.zerodep.shaded.org.apache.hc.client5.http.wire -- http-outgoing-2 << "[0x0][0xffffffc7][0xffffffb1]>Y{[0xffffffe5]E[0xffffffde][0xffffff84][0xffffffef]2[0xffffff8a]rO[[0xffffffdb]z[0xfffffff1][0xffffffde]M[\r][0xffffffe7][0xffffffaa]m[0xffffff9f]':[0xffffffb0][0xffffffbf]][0xffffffc7]}[0xffffffd1](<[0xffffffab][0xffffffee][0xffffffe9][0xffffffcc][0xffffffc0]j[0xfffffffe]@[0xffffffcb]yu[0xffffffbb]J[0x1]B[0xffffff84]p[0xffffffdd][0xfffffff9][0xffffffc1]M[0xffffffc7]c[0x1a][0xffffff9c][0xffffffae][0x9][\r]Kj[0xffffff9d]=[0x1e][0x1a][0xfffffffe]JM[0x19],|([0xffffffa1][0xffffff83][0xffffffc6][0xffffffa8]<[0xffffffc3][0xffffffb6][0xfffffff7]x3=%[0x1f]1[0xffffffce][0xffffffd3]j[0xffffffe1]n[0xffffff8a][0xc]n=[0xfffffffb][0xffffffb2][0xffffff85][0xffffff96]y[0xffffffe2][0xffffff94]C[0x7]5[0xffffffeb][0x6][0xffffff9e][0xffffff8d]"Ng[0xffffffb7][0xfffffffd][0xffffff98].-k[0xffffff88]>!H[0xfffffffa]{=k[0xfffffffa][0xffffffcc][0xffffffad][0xffffff88]r$<[0x16][0x1c]C#[0xffffffd3][0xffffff93][0xffffff98]n[0x15]W[0xffffffa6]$[0xffffffe4][0xffffffd5]xk[0xffffffad]I[0xf][0xffffff81][0xffffffb4][0xffffffc1][0xffffffa5][0xffffffe3]a[0x7][0xffffffda]rg[0xffffff86][0xfffffff3][0x2][0xfffffffe][0xffffffe7][0xffffffdc]}[0xffffffa2][0x12][0xffffffd7]N[0xffffff8b][0xfffffff6]x[0xffffffd9]|[0xffffffd4][0x5]%[0x6][0xffffff9d][0xffffffea][0x1e][0xfffffff1][0x6]2[0xffffffca][0x15]FM[0xffffff9b][0xffffffc0]+[0x1e]gW[0x1][0x11][0xfffffffc]Sm[0x1e][0xffffffa5][0xffffffef][0xffffffc4][0x18][0xffffffaa][0xffffffd0]#[0xffffffb2][0xffffffaa][0x9][0x1f]=[0xffffffd3][0xffffffae][0xffffffd5][0x18]j[0xffffffda]_[0xffffffc2]l[0xffffffc3][0xffffffd4][0xffffffc4][0xfffffffa][0xffffffeb][0xffffffe0][0xffffffb2]U[0x8]d[0xffffff98][0xffffffa8][0x11]l[0xffffffb6][0x1c]}[0xfffffff9][0xffffffe3]C[0xffffffcd]:[0xffffffb7] [0xffffffd8][0xffffffbd][0xffffffbe]"[0xffffff81]9`[0x12][0x1e][0xffffffcc][0xffffff99]Q[0xffffff9d]O[0xffffffda]&[0xffffffe6]8[0xfffffff1]gn[0xffffffa0]1[0xffffffaa][0x18][0xffffff92](}[0xffffff89][0xffffff89][0xffffff9e]V,[\n]"
09:46:43.475 [main] DEBUG com.github.dockerjava.zerodep.shaded.org.apache.hc.client5.http.wire -- http-outgoing-2 << "Qn[0x18][0xffffff8e]m[0xffffffcc][0xfffffffb][0xffffff80][0x1a][0xffffffc5][0xffffff92][0xffffffac][0xffffffec][0x5]}[0xfffffff5][0xffffff95]9[0xffffffb5][0xffffffa7])[0xfffffff5][0xffffff99][0xffffffb7][0x5][0xffffffef][0xfffffffc]NX[0xffffffe9][0xffffff8a]RIO[[0xffffffbd]'[0xffffffc0][0xffffff9f][0xffffffce];8[0xffffffd9]j[0xfffffff0]\[0xffffffef]F[0xffffffab]2[0xffffffca][0xfffffff9]?[0xffffffd2][0x18][0xffffffcc][0xffffffca]e[0x17][0xfffffff5];HV+[0xffffff95]u[0x1d]m[0xffffff9b][0xffffffd6]g[0xffffffe3][0xfffffffc][0xffffffd7]v[0xffffffdd][0xffffff85][0xffffffa1][0xfffffffe][0xffffffa4]3[0x4][0xffffff85]%W[0xffffffeb][0xffffff99][0xffffffcf]aIG[0x6]<[0xffffffa6][0xffffffa4][0xffffff9d][0xffffffd0][0xfffffffd][0x1a][0xffffffc6][0xfffffffd][0xfffffff8][0x5][0xffffffc1]V[0xffffff88]>1[0xffffffa6]m[0xffffff8d][0xffffffac]Y[0x10]e:[\n]"
09:46:43.475 [main] DEBUG com.github.dockerjava.zerodep.shaded.org.apache.hc.client5.http.wire -- http-outgoing-2 << "kj|[0xffffffc7][0xffffffb4][0xffffffa6][0x0][0xffffffb5][0xffffffb6]^l[0xffffff95]O[0xffffffde][0xffffff8e][0xffffff87]l[0xffffffd7][0x1a][0xffffffd6]\[0xffffff80][0xffffffe7][0xffffff97][0xffffff81][0xffffffab]t[0xffffffbe][0xffffff8e][0xffffffdd][0xffffffb9][0xffffffa9]d[0xffffff8e]%[0xffffffd2]{o[\n]"
09:46:43.475 [main] DEBUG com.github.dockerjava.zerodep.shaded.org.apache.hc.client5.http.wire -- http-outgoing-2 << "[0xffffffc5][0xffffffda]`[0x0][0xffffff8e][0xffffffc6][0x1d][0xf]l[0xfffffff7]fH[0xffffffca]6*SF[0xffffffc8]\[0x1d][0xffffffab][0xffffff97]M[0xffffff87][0xffffffec][0xffffffd8][0x10])[\r][0xffffffe2][0xffffffa8])[0xffffff9e][0xffffffc7][0xffffffa0][0xffffffeb]2[0xfffffffc][0xffffffb4][0xffffffae]P[0x7]-)g[0xffffffde]m[0xc][0x4][0xffffffb5]<v[0x10]H}<oDun[0xffffffa1]28l$[0xffffffe0]jL[0xffffff81][0xffffffb7]k[0xffffffbd][0xffffffca][0xffffffca]8[0xffffff9f][0xffffffd2]*[0xfffffff2][0xffffff98][0xffffffc5][0xffffffd4][0xffffffe8][0xffffffb8]9[0xffffff82]g[0xffffffeb]e[0xffffff97]a[0xffffffeb]:[0xfffffffb][0xb][0xffffffd4]?[0xffffffcf][0x3][0x13][0xffffffd9][0x2][0xffffffa8]pRfe[0x19][0x13][0xffffffdf]*E[0xffffffce][0xffffffdf]E[0x1e][0x10]"[0x1d][0x1e][0xffffff97]@[0xfffffff4]O[0xffffff8a][0x5]p[0xffffff85]z[0xffffffeb]'[0xffffffc9]p[0xffffff93]TIg[0xffffffd1]8[0xffffffbd][0xffffffa1]a[0x0][0xffffffd6]Sl[0xffffffbb][0xffffffc8][0xffffffcf][0xffffffa5]xa[0xffffffe3][0xfffffff1][0xfffffff2]#[0xc]3n[0xffffffcf][0xfffffffb]D[0xffffffab][0xffffffa6][0xffffffa3]JNa"N[0xffffffa0]r[0xffffffc5]X[0xc]wb[0xfffffffd][0xffffffe5][0xffffff98][0x13][0xffffffc4]M[0xfffffffb][0xffffffa2][0xffffffe6][0xffffff8b][0xffffffd9];[0xffffffba]*[0xffffff8a];[0xffffff94][0xffffffb1][0xffffffca][0x7f][0xffffff9e][0xffffffc6]_F[0xfffffff6]g[0x11][0xfffffff2]2[0xfffffffa][0xfffffff0][0xfffffffb].DXq[0xffffffe9][0xffffff92][0x3]}[0xffffffe8][0xffffffdd][0xffffffbc]" [0xffffff86][0xffffffb4][0xfffffff1][0xffffffe8]qD[0xffffff8a]h[0xffffffc7][0xffffff81]1[0xffffffad][0xffffffba] [0xffffffda]=j[0xffffff87]&<[0xfffffff8][0xfffffff4]N[0xffffffae]A8[0xffffff91][0xffffffbf][0xffffff92]UT[0xffffffc8][0x1][0xffffff96][0xffffffb8][0xffffffb5][0x7f][0x8][0xffffff8d]D[0xfffffff0][0xffffffde]2[0xfffffff6][0xfffffff2][0xffffff89](a[S(7[0x19]O*[0xffffffb3]px[0x0]1[0xffffffd6][0xffffffa5][0xffffffd8])[0xfffffffb][0xffffffb0][0xffffffa1][0x0][0xffffffda]:[0xffffffe9][0xffffffd7][0xffffffda][0xffffffcf][0xffffffad][0x17]iEh[0xffffff89]H7[0x1a][0xffffffdb][0xffffff88]`[0xb]A[0xffffffef][0xfffffffc]x[0xffffffd1][0xffffffd2][0xffffffb9][0xffffffd2][0xffffffc1][0xffffffc2][0xffffffca][0xffffff9b][0xffffff83][0xffffffdb]l[0xffffffc6][0xffffff93]-[0xffffffab][0xfffffff1][0xffffffda][0xffffffe4]y[0xfffffff7]b[0xffffffdb][0xc]sf4[0x13][0xffffffb9];q[0xfffffff6][0xffffffef][0xffffffc5][0x19]0[0x1b][0xffffff89][0x9][0x12][0x3][0xffffff9f][0xffffff9f]:NL+kj[0xffffffb5][0xffffffe1][0xffffffb0]K@[0xffffffdc][0xffffffde][0xffffffa5][0xfffffff7][0xf]Q[0x8][0xffffffcd][0x1d][0xffffffa8]a4[0xfffffff0][0xffffffa6]9[0x4]T[0xfffffff1]@[0xffffffd7][0xffffffa8][0xffffff9b]s[0xffffffd3][0x1f]Z5\P[0xffffffed]@[0xffffffaa][\r][0xffffff92][0xffffff96][0x7][0xffffffbd][0x5][0xfffffff2],[0xffffff9a][0xffffff99][0xffffffe7][0xffffffb4][0xffffffbe][0x1a][0xffffffc6]in[0xffffff8f][0xffffff9f][0xffffff90][0xffffffbe]y[0xffffffd4][0xffffffaa]0[0xffffffe6][0xffffffd9]W1[0xfffffff0][0x9][0xffffffcb][0xffffffa1][0xffffffe4][0xffffffb9][0xffffffe5][0xffffffdf][0x4]@[*m[0xffffff92],[0xffffffb6]8[0xffffffb7][0xfffffff3][0xffffff88][0xffffff86][0xfffffffb][0xffffffb1][0x10]#;[0xfffffff1]([0xe][0x18]'[0xffffffb5]d[0xffffff9f][0xffffff84][\r][0xfffffff5]8|[0x1f]g[0xffffffa0][0xffffff8c]Fw[0xc][0xffffffa6][0xffffffaa][0xffffffa7][0xffffff80][0xffffff88][0xffffff81][0xffffffc6][0xffffff81][0xffffffe3]K[0xffffffd5][0xffffff9a]w$[0xffffff92][0xffffff9d][0xffffffe9][0x7][0xffffffe8][0xffffffa6][0xffffffe9][\r][0xffffffc0][0xffffff82][0xffffffe2]!m[0xffffffcd][0xffffff83][0xfffffffd][0xfffffff8][0xffffffa1][0xffffffdd][0x1c][0xfffffff5][0xffffff88]|[0xffffff81][0xffffffe8][0x11][0xffffffa4][0x10]Nw[0xffffffde][0xffffffd6][0xffffffe8][0xffffffd2][0x8]f[0xffffffdb][0x1c][0x6]V[0xffffffbe][0xffffff8a][0x5][0xffffffca])[0x8]2[0xffffffdc][0x0]t[0xffffffd8]=[0xffffffb4][0xfffffffe]d[0xffffffd5][0xffffff8e]v[0xfffffff5][0xffffffa9][0xffffff9e]u[0xffffff81][0xfffffffe][0xffffff9c]Sl[0x8][0xffffffcb][0xffffffbb][0xffffffc6]9[0xffffffcf]H[0xffffffc6]$H[0x19][0xffffffac][0xffffffd0]Tn[0xffffff98]|[0xffffffde][0xffffffb7][0x2][0x8]:[0xffffffec][0xffffffc4]IC[0xffffffce][0xffffffde][0x18][0xffffff8c][0xb]?[0x18][0xffffffcf]ZB[0x1e][0x1][0xffffffeb][0xffffffdc][0x1][0xffffff8b][0xffffff87]M"8[0x16][0x14];e[0xffffffec][0x1c][0xffffff94]\:[0xffffffe3][0xfffffffa]${SB[0xffffffa9]q|[0xffffffca][0xffffffac][0xffffff81][0xfffffff9]h[0xffffffdd][0xffffffd8]sp[0xfffffff7][0x1a][0xffffffc0][\r][0xffffffc1][0xe].j[0x8][0xffffff9a]c[0xfffffff4][0xffffffc5][0xffffffad][0x0][0xffffffda]6[0xffffffeb][0xffffffdf]W%_[0x17][0xffffffc3][0x12][0x10][0xffffffab][0x3][0x5][0xffffff88]j#[0xffffffb2][0xffffffdf][0xffffffff]]][0xffffff85][0x8][0xffffffb0]:][0xffffffc6]("[0x1d]^[0xffffffd1][0xfffffffe]9d[0x0].U[0xffffffc5]l[0x19]y[0xffffff9b]4[0x11]_[0xffffff92][0xffffff8c][0xffffffa9]#[0xffffffc9][0xffffff99][0xffffffb1][0x16][0xe]Bu[0xffffff87][0x4][0xffffffee]2[0xffffffff][0x12]}[0xfffffffe][0xffffffec][0xffffff95][0xffffff88][0xffffff82][0xffffffbc][0xffffffba]#H[0x0]'[0xffffffb2][0xffffff90][0x10][0x0][0xffffffd9][0xfffffffa]][0xffffffa4][0xfffffff3][0x5][0xffffffab]L[0xffffffd0]'e[0xffffff8e][0xffffffa7][0xffffff86][0xffffffd9][0xffffff85]\3[0xffffffe3][0xffffff85][0xffffffc4][0xffffffa1]5/[0x10]m&[0xffffffbc][0xfffffff7][0xffffffc3][0xffffff96][0xffffffaf])[0xffffffcb][0xffffffcc][0xffffff8f]LO[0xffffffdc][0xffffffde]l*@[0xffffff94][0xfffffff8]U[0xffffffeb]y[0x14][0x5]1[0xffffff8d]#[0xffffff80]e5[0x0]H[0xffffffe7][0xffffffc6]69+[0xffffffae][0xffffffae][0xffffff8c][0xfffffff5][0xffffff82]j[0x12]|S[0xffffffcd][0xffffffc4]j[0xffffffbb][0xffffffec][0xffffffd1]w[0xffffffa0]u[0xffffff91]&[0xffffff9d]<[0x1a]W[0xfffffff9][0x1b][0xffffffb5]a)[0x1a][0xffffff85]N[0xffffffe3]W[0x18]6[0xffffff9d]ND[0xffffffdd]5J[0x14][0x1f]*G`[0xffffffae][0xffffffc4][0xffffff9a][0xffffffd7][0xffffffc2][0xffffffbb]/.[0xffffffc2][0xfffffff0][0x7f][0xffffffc2]JQ[0xffffffcb]7[0xffffffa3][0xffffffb3][0x7f][0x15][0xffffffe3][0xffffff85][0xffffff86]OG[0xffffff9b]`[0xffffff98][0xfffffffc][0xffffffbe][0xffffff9f][0xffffffec][0xfffffff8][0xffffffe8][0xffffffaf][0x1e]K4[0xfffffff3]?[0xffffffc3]w[0xfffffffe][0xffffffe2]R[0xffffffaa]y0[0xffffffc2][0xffffffd4]2=[0xffffffef]P[0x14][0x13][0xffffffc6][0xfffffffc][0xffffffe7][0xffffffee][0xfffffffe]&[0xfffffff8][0xffffffc0][0xffffff9d]`[0xffffffb6][0xffffff93]@[0xffffff91][0xffffffae]5[0x1d][0xffffff8b]7[0x6][0xffffffbf][0x3]O[\n]"
09:46:43.477 [main] DEBUG com.github.dockerjava.zerodep.shaded.org.apache.hc.client5.http.wire -- http-outgoing-2 << "[0xffffffd3][0x14]q[0x12],[0xffffffc3][0xffffffbc][0xffffff83]Q[0xffffff86]T8[0xffffffb2][0xffffffad][0xfffffff2][0x12]K7[0x7][0xffffffb0]c`%G-[0xffffffda][0xffffffc7]-|[0xffffffe2][0x7f][0xffffffc0]n[0xffffffe6][0xffffffae]I4[0x17]g[0xffffff8f][0xffffffc5][0xfffffff8]V[0x5][0xffffffb6][0x12][0xffffffd0][0xffffffa9]e<[0xffffffd5][0xffffffe9][0xffffffaa]s5[0xffffffe1][0xffffffad][0x3][0x11][0xffffff96]][0xffffffb2]Q4][0xffffff99]hUN[0xffffffd8][0xffffff9b][0xffffffb7][0xffffffd1][0x12][0x19]v[0x1d][0xffffffd8][0xffffffad][0xffffffdc]+SYn+[0xffffffe0]2K[0xfffffffe]S[0xffffffc3][0xffffff9c][0xffffff96][0xffffff82]*[0xffffffe0][0xffffffa5][0xffffffc1][0x1c][0xffffffc1][0xe][0xffffffa4][0xffffff89]d[0xfffffff7]4[0xffffffac][0xffffff9e][0xffffffac]_)^|T[0xe]y[0xffffffbf][0xffffffc7]![0xffffff89][0xc][0xffffffd9][0xffffff95][0x1d][0xc]l#[0xffffffe1][0xffffffff][0x1c][0xffffffa4][0xffffff9d][0xffffffc1]|[0xffffff89][0xffffffed]d[0x15]D[0xffffff87][0xffffff88]m[0xffffffd9][0xffffffec]Q[0xffffffc4][0xffffffee][0x13][0xffffffe4]j[0xffffff83][0xfffffff8]i|[0xfffffff4]"5[0xffffffc0][0x8]QT[0xffffffb3][0x6][0xffffff9a][0xffffffac][0xffffffa3]&[0x5][0xffffff9e][0xffffffc0]%[0xffffff91]p\[0xffffff84][0xffffff92][0xfffffff9][0xffffff80][0xffffffea][0xffffffe0]S[0xfffffff1][0x10]7[0xffffffd5]P[0xffffffd9]E3[0xffffff84]-[0xffffffe6]W[0xffffffec][0xffffff89] e[0xffffff8a]hM[0xffffff9a]M[0xffffffbb])[0x12][0xffffffe4]E[0xffffff86][0x12]4[0xfffffff4][0xffffffc4]wkk[0xffffff9a][0xffffffee][0xffffffef]![0xffffff8e][0xffffff87][0xffffffc0]bgo[0x6][0xffffff96]&[0xffffffbf]8.~k[0xffffffa2][0xffffffa4][0xffffffe8][0x1e][0xffffffe0][0xffffffe8][0xffffffc1][0xffffffaa]v[0xffffffb8][0xffffffc3][0xffffff93][0xfffffff8][0xffffffbf][0xffffff9e]x[0xffffff8c][0xffffffda]^[0xffffffb3][0xffffff8a]Bi([0x12][0xffffffc4],[0xffffffb4]([0x1f]i[0xffffff98]}[0xffffff9a]L%[0x17]0O[0xfffffffe][0xffffffa5][0xffffffee][0xf]e[0x11][0xffffffcb][0xffffffd2][0xffffffe2][0xffffffb6][0xffffff8c][0xffffff9a]gS2%n$.[0xffffff99][0xffffff9b]G[0x3][0x18][0xffffff99][0xffffffa4][0xfffffff0]_S?[0xffffffcb][0xffffffca]g[0xffffffbe][0xffffffc5][0x18][0xffffffe5]t5[0xffffffbe]k[0xc]m{j[0xffffff8e][0x1a][0xffffffcd]T[0xffffffa9]N[0x14]!6[0xffffffbf][0xffffff9d]K+[0xfffffff0][0xffffffcb]U:)[0xffffff97][0xffffffe7][0xffffff86][0x7f]H[0xffffff8d]c[0xffffffe0][0xfffffffb]7[0xffffffbd][0x1e]1F[0x10][0xffffffac][0xfffffff4][0xffffff86][0xffffff98]ks[0xfffffff8]A[0xffffffd8][0xffffff83][0xffffffe2][0xb][0xffffffd3][0x8]~:[0xffffff86]/M9[0xffffff8e][0x6]P`[0xffffff8b]Sk[0x0][0x1]u[0xffffffed][0xffffffac][0xffffffe1][0xffffffad][0xffffffa5]([0xfffffffc][0xffffffc1][0x16][0x16][0xffffffcc]x[0xffffffbe]s[0xffffff8e][0xffffffe5][0xfffffffa]l<[0xffffff8b][0xffffffd3]L[0xffffffa4]o[0xffffffc4][0xffffffe4][0xc]M[0x17][0xfffffff1][0xffffffd9][0xffffffdc][0xffffffcc]J[0xffffffd1][0xffffff99][0xffffffa3][0x1e][0xffffffd2]6[0xffffffde][0x1d]![0x8]%[0xfffffff1]c[0xfffffff2]z,[0xffffffe0][0xffffffd9][0x18][0x6]Bb[0xffffffa4][0xfffffff9][0xfffffff6][[0xffffffa7]|[0x7f]}:[0xffffff83][0xffffff8d][0xffffffdb]8[0xffffffd4][0xffffffbc][0xf][0xfffffffd][0xffffff82][0xffffffdc][0xfffffff2][[0xffffff92][0xffffffb7]{[0xffffffb7]b[0xffffffda][0x12][0xffffffad][0xffffff81]K.w [0xffffffd6]#u[0xffffff8c][0xffffffdc][0xffffffaa][0xffffffe5][0xffffff9b][0x3][0xffffff98][0xffffffab][0xffffffa8][0xfffffffd][0xffffffb9][0xffffffd5]Ro[\r][0xffffff90]b\[0xffffffe2][0xffffffb2][0xffffff93]&V[0xffffff97][0xffffff88][0xffffff8d]G[0xffffffd8][0x1d]m[0x7f][0xffffff95][0xffffffa4][0xffffffd1][0xffffffb0][0xffffff97]#[0xffffff8a][0xffffffe0]=[0xffffffbf][0xffffffa9]P[0x3]N[0xffffffd0][0xffffffaf]S[0xffffff8d]N[0xffffffcf]v1K[0x9][0xffffffaf][0xfffffffa]7[0xffffffac]mxf+[0xffffffd8][0xffffffdc][0xffffffd6][0xffffffba][0x18]A[0x8]c[0xffffffc0][0xffffffcb]^\[0xffffffa4][0xffffff8b][0xfffffff9]&x[0xffffff93]b[0xffffffb8][0xffffffeb]H[0xffffff8c]n[0xffffffeb][0x18]zeK[0xffffff9b]O>[0xffffff88][0xffffffcd][0xffffff95][0xffffffdd][0xffffff95][0xffffff9a][0x7][0xffffff89][0xfffffff4]`vl[0x13]-|=j)[0x1a][0xffffffee]H,`*[0xffffffd9]4[0xfffffffe][0xffffff8d]pj[0xffffff85]=@f,[0xffffff87][0xfffffffa]o[0xffffffcb]P[0xffffffeb]_EGe~[0xffffffbd]ZJd[0xffffffef][0xffffffa7][0xffffff82][0xffffff8c][0x1c][0xfffffff5][0xfffffff2][0x7f]|[0xfffffffb][0xffffffe9][0xffffff80]if[0xffffffbc][0x1c][0xffffffdf]\`a3IB[0x17]I[0xffffffe7]Y[0xffffffa9]&[0xffffff8b]ab_[0x18][0x1b][0xffffffa6]b_[0xffffff8b][0xffffff86]aM[0xffffffb0][0xffffffe3][0xffffffd4][0xfffffff5][0xffffffb3][0xffffff8a]q[0xffffffad][0xffffffea]f=\K[0xfffffff9]v[0xffffffdf][0xffffffa5][0xffffffe2][0xffffffde][0xffffffa8][0xffffffbb][0xffffff96][0x1f][0xffffffda][0x1f][0xffffff83][0xffffffa0]h'[0xffffffe6][0xffffffb0][0x3][0xffffffb5][0xffffff9f][0x19][0x4][0xffffffab][0xffffffc9]([0xffffff9e]E[0x0][0xffffffa8]}[0xffffffca][0xffffff9b][0xffffffb9][0x11]q[0xffffffc2][0xf][0xfffffff0][0xffffffd7][0xffffffbc]&-E[0xffffffd4]v[0xffffff85][0xffffff91]/0?[0xffffffaf]"P[0xffffffc0][0x2][0xffffffdc]$[0xffffffe3]s[0xffffffff][0x1c][0xffffffa7][0xffffff98]F[0xfffffff0]# [0xffffffff][0xffffff9a]S>&[0xffffffb1])[0x0][0x18]"[0xb]_[0xffffffa4][0x7f][0x1f][0xffffffed]$[0x4]Be[0xffffffe0][0xffffffa0][0xffffff81][0xffffffe9]AqJE[0xffffffd5]B[0xffffffd1][0x14][0x1a][0xffffffc6]8SDq[0xffffffbc][0xffffff90]F[0x19]#-i[0xffffffac][0xffffffa6]Z[0xffffffd2]*[0xffffff81];C[0x2]8ny[0xfffffff3][0xfffffff6][0xffffffb1][0xffffffb4][0xffffffb7][0xffffffab]^pQ[0x14][0xffffffcd][0xffffff9d][0x1e][0xfffffff9][0xffffffd9][0xffffffcf][0xffffff9f][0xffffff87][0x10][0xffffff92]atGV[0xffffffb8][0xffffffc3][0x15][0xffffffcc]X[0x7f][0xffffff8d][0xffffffd0][0xffffffbc][0xffffffc1]DK[0xffffffee]>@`[0xfffffff1]([0xffffffdb]H[0xffffff9d]b[0xffffffc5][0xffffffbb][0xffffff94][0xffffffa4]b[0xffffff8d]%[0xffffffb4]wu[0xffffffdc][\r][0xffffffde][0xffffffc0][0xffffff9b]s[0xffffffb5])[0xffffffde][0xf][0xffffffa2][0x19]S[0xffffffc7][0x1f]T[0xffffff9d][0xffffffa6]pt[0xffffff81]K[0xffffffa3]f[0x15][0xffffff87]m[0xffffffc7]^cT[0xffffffe8];[0xffffff80][0xffffffc2]X[0xffffffbd][0xfffffff3]`[0xfffffff8]sg[0xfffffffc][0xffffffd4]@[0xffffff9a][0xffffff8b][0xffffff9e][0xffffffcd][\r][0x6][0xfffffff2]\|[0xffffffbf]^S$[0xffffffa6][0xffffff80][0xfffffff5][0xffffff90][0xffffff8a]q[0x17]t[0xffffffd3][0x17]0p&x)M[0xffffffc4][0xffffff89][0xffffffad]m[0xffffffdf]0(s~7[0x14][0x1b][0xffffff8c]|[0xffffff8c]r[0xffffffa7]q[0xffffffe3]E-[0xffffffc6][0xffffffc8][0xffffffa2][0xffffffa7]'[0x15][0xffffffdf]p[0x4][0xfffffff6][\r]_[0xffffffee][0xffffffa4]q[0xffffffc8][0x1a]c[0x1f]m[0xffffffe1][0x10][0xffffffb0].[0xffffff95]![0xffffffbe]x#)^[0xffffffef][0xffffffc0]j[0xffffff82][0x1c][0xffffff9e][0xffffffb4][0xffffffbf][0xffffffd9]^[0xffffff9e]b[0xffffffc8][0xffffff87]r[0xffffff8e][0xffffffe8]1[0xffffffd1][0xffffffb7][0xffffffe4][0xffffffae]j[0xffffffd9][0xffffffe4][0xe][0xffffffc6][\n]"
09:46:43.478 [main] DEBUG com.github.dockerjava.zerodep.shaded.org.apache.hc.client5.http.wire -- http-outgoing-2 << "[0xfffffff3][0xfffffff1]EX[0xffffffd3][0xffffffbd][0xfffffffa][0xffffff94][0xffffffa1]x4;[0xffffffe0]z[0xfffffff4][0xfffffffc][0x2][0x7f][0x5]8<[0xffffffe8]V`[0xffffffac][0xffffffdd][0xffffffd9]Z[0x1e][0xffffffef]r [0xffffffa9][0xffffffcc][0xffffff80]eE[0xffffffbc][0xffffffec]4z[0xffffffda][0xffffff8e]-)[0xffffffd1][0xffffffc9]b[0xffffffc5]bG[0x11][0xffffffb1][0xffffffa2]a";[0xfffffffc]D[\n]"
09:46:43.478 [main] DEBUG com.github.dockerjava.zerodep.shaded.org.apache.hc.client5.http.wire -- http-outgoing-2 << "[0x1][0xffffffda][0xffffffa8]6[0xffffffba][0xffffffcc][0xffffffe6][0xffffff96][0xffffff87];[0xffffff8d][0xffffffca]E[0x1f][0x11]0[0xffffff8f][0xffffffb8] [0xffffffd0][0xffffffa6][0x1e]9[0xc][0x9][0xffffffa8]o:[0xffffffd0][0xffffffa3](;[0xf][0xffffffd9]l[0xffffffa1]w[0xffffff82][0xffffffd9][0xffffffd7]v[0xffffffd5][0xfffffffe][0xffffff90]s[0xfffffff8]_[0xffffffd2][0x11][0xffffffe7][0xffffffad][0x2][0xffffffee][0xffffffc9][0x12][0xffffffc6][0xffffffbe][0xffffffdc];1[0xffffffbd][0xffffffe5][0xffffff87]![0xffffffd8][0xfffffffd][0xffffff9b][0x7]/p[0xffffffe1]*[0xffffffca][0xffffffb6][0xffffffd8][0xffffffa2][0xffffffa0]+[0xffffffe5][0xfffffff8]#z[0xffffffe3]C[0xffffff9f][0xffffff89]][0xffffffba]v[0xffffffdb][0xffffff92][0x1a][0xffffffa0][0xffffffec]}[0xffffffa5][0x4],[0xffffffd6][0xffffff88][0xf][0xffffffe8]Q6[0xe]X[0xffffffe2][0xffffffb3][0xffffff85] [0x6][0xffffff81][0xffffffab][\n]"
09:46:43.478 [main] DEBUG com.github.dockerjava.zerodep.shaded.org.apache.hc.client5.http.wire -- http-outgoing-2 << "[0xffffffcf][0xffffff88][0xffffff9f]^nV[\n]"
09:46:43.479 [main] DEBUG com.github.dockerjava.zerodep.shaded.org.apache.hc.client5.http.wire -- http-outgoing-2 << "[0x5][0xffffffd0][0x1f][0x10][0xffffffa4][0xffffffb1][0xffffffdf]C[0xffffffe1][0xc]6}[0x10]bW[0xffffffaa][T[0x0]=[0xffffffe6]_[0xffffffb4][0xffffffcb][0xffffff84][0xe]/%[0xffffffd0]j;[0xffffffc8]_[0xffffffa9][0xffffffc2][0xb]B4u,q[0xffffffdb][0xffffff8e]H[0xffffffb5][0xffffffa2][0xffffffe7]T[0xffffff8c]u[0xffffffe6][0xffffff87][0xffffffce]zUb[0xffffff86][0xffffff82][0xffffffc0][0xb][0xffffff9f][0x7f]b[0xffffffe1][0xffffff94]T[0xffffffe8][0xffffff9f]v[0xffffffa7][0xffffffbf][0xffffffab])[0xffffffc7][0xffffffce]j[0x18][0xffffffb6]&[0xffffffa7][0xffffffab][0xffffff9d];3;[0x10][0xffffffc0][0xffffffab][0x14][0xffffff8e][0xffffffbb]\[0xffffffac][0xffffffa0]E/[0xffffff83].fXC`[0xffffffdb]@[0xffffffcd][0xffffffbc][0xfffffffb])[0xfffffff1]5[0xffffffe6][0xffffffb6][0xffffffcd][0xffffff99][0xffffffb0][0xffffff99][0x11][0xffffffc3][0xffffffc5]RX[0xffffffd3][0xffffffbb][0xffffff98]z[0xffffffbe]q[0xffffffed][0xfffffffb]Z[0xffffff9c][0xffffffc3][0xffffffd5][0x0][0x2][0x1d]q[0xfffffffe][0xffffffd4][0x1f][0xffffffc6]0 r[0xfffffff1];[0xb]/iXj[0xffffffc5][0xffffffe3]k[0xffffffa1][0xffffffa9]K}az[0xfffffffd][0xffffffbf]QT[\r][0xffffffa6][0xffffff85][0xffffffe4][0xffffffdd][0xffffffd3][0xffffff80][0xffffffad]F[0xffffffa7][0x2][0xffffffd9][0xffffffde]Y[0xffffffa6][0xffffffb2][0xfffffff7]|[0xffffff95]C[0xffffffd4]1}[0xffffff97][0xffffffb7][0xffffff94][0xffffffe4][0xfffffffd]Ac%GL[0xffffffdf][0x5][0x6]q[0x5]n[0x1c][0xffffffbd][0xffffff88]*[0xffffff80][[0xffffffef],`r[0xffffffc9][0xfffffffe][0x13]1[0xffffffdc][0xffffffc3][0x13]j[0xfffffff2]:[0xffffff90][0xffffffe5][0xffffff91]3s[0x10]Q[0xffffffd9][0x18]Y[0xffffff86][0xfffffff6]'[0xffffffdd][0xffffff83][0x6][0xffffffe1]b[0xffffffea][0xffffffea][0xfffffffb][0x5],[0x6][0xffffffce]5[0x0]#g[0xffffffbf][0xffffffa1][0xffffffc1]n[0x3]{[0xffffffb4]*[0xffffffd5]n[0xffffffc1][0xffffffbb][0xffffffa5][0xffffff8d]L[0xfffffff6]#[0xffffff9b][0xffffffee][0x1c]![0xfffffff1][0xffffffc5][0xffffff82][0x13]x[0xffffffdc][0xffffffa0][0xffffffdb]*[0xffffffd8]'[0xffffffed][0xffffff99][0xffffff82][0xffffffba][0xfffffffb][0xffffffb0]3[0x1a]c[0xffffff8f]w[0xffffff86]M[0xffffffc5][0xffffff94]=F[0xffffffc9][0xffffffd4][[0xffffff88][0xfffffffa][0x4]\[0xffffffe8]QR[0xfffffff7]G[0xffffffea]jJ$[0xffffffd9][0xffffff93][0xfffffff7])[0xffffff8f][0x10][0xfffffffa][0xffffffb3][0xffffffb2][0xffffff8f]q[0xffffffc0]ER>H[0xffffffb1][0xffffffdd]v[0xffffffd9][0xffffffc4]<[0xffffffad]u[0xffffffa6][0xffffffa1][0xffffff89]_]1o[0xffffff93]*[0xfffffff4][0x19][0x10]U![0xffffffaa][0xffffff81][0xffffffc6][0xffffffa2][0xffffffff]X[0xfffffffd][0xffffffb9][0xffffffd5][0xffffffc8][\r][0x6][0xffffff95]5[0x13]z[0xffffffb6][0xffffffaa][0xffffff87][0xfffffff0][0xfffffff0][0xffffffc2][0xffffffcb][0x1b][0xc][0xffffff8a][0xffffffbe][0xffffff87][0x9][0xffffffab]%B[0xffffff81][0xffffff8c][0x8]3[0x1f] s[0xffffffd8]o[0x9]Nj[0xfffffffb][0xffffffae]{e`[0xffffffef][0x13][0xffffffa2]=[0xffffffbc]k4[0xffffffb4][0xffffffcc][0xffffffac][0xffffffd3]u[0xffffffbd][0xffffffd3][0xfffffff5][0xffffff8d]/.[0x16][0xffffffd0][0xffffffbf][0xffffffb3][0xffffffc4]2n7_[0xffffffa1][0xffffff94][0x1d][0xffffffb7]h/p[0x1f]-[0xffffffd0]Q[0xffffffeb][0xffffffbb][0xfffffff8][0xffffffe8][0xffffff93][0xffffff99]=q[0xffffffa5][0xc][0x9][0xffffffd5]7[0xffffffc7][0xffffffc0][0xffffffe9]z[0xffffffbd][0xffffffdb][0xfffffffc];[0x6] rU[0xffffffd7][0xffffffb8]/[0xfffffff2][0xffffff9f][0xffffffcc][0xffffff8f][0xffffffcc][0xffffffac][0xffffffaf][0xffffffee][0xffffffc0]}"s[0xffffffc5][0xffffff80]$X[0xffffffe3]?>a[0xffffff9f]H#f[0xffffff89][0xffffff92][0xffffffb2][0x7f][0xffffffa2]Z[0xffffffd8]K[0xfffffffa][0xffffffa0][0xffffffe9][0x1b][0xffffffd8]BONG[0xffffffe0][0xffffffbc]Y[0xfffffffe]I[0xffffffe5][0xffffffe5]k[0xffffff85]E[0xfffffffd][0x17][0x18][0x6][0xffffff85][0xffffffae]I<2:[0x11][0xffffffcc]G[0xffffffef][0xffffff92][0xffffff99][0xffffffac]bd[0xffffff8c][0xffffff89][0x9].<[0x13][0xffffffb8][0xffffffe6]C[0x1][0xffffffc4][0x1a][0x11]d[[0xffffff99]I[0xfffffff4][0x3][0xfffffffb][0xffffff81]q[0x18]-[0x1d]?d[0x7f]U[0x17][0xfffffff3]t-[0xffffffce][0xffffff93][0x1d][0xffffffcc]4[0xffffffba][0xffffffc6]T[0xffffffc5]<[0xffffffbd][0xffffffe9][0x11]X[0xffffffcf]Ja[0xffffff9c])[0xffffffb6][0xffffffad]v[0xffffffd8][0xffffffec][0xe][0x7][0xffffffe6]6[0xffffffa1]8[0xffffffd2]%[0xffffffe2]^[0xfffffff0]eh[0xffffffde][0x1d][0xffffff8b]|c[0xffffffc2][0xffffffb6]%[0xffffffed][0xfffffffa][0xffffffa2][0x15][0xffffffc4])[0xffffffcc][0x7f][0xffffffad][0xffffffae][0xffffff80];[0xffffffbc][0xffffff8b][0x8]~x0[0xffffffa1][0x1d]H[0xffffffd8][0x2][0xffffffce]El[0xffffff80]i>Z[0x0][0x18][0x15][0xffffff83]  ]f[0xffffffa4][0xffffffcf]U[0xfffffffb][0xfffffff1]U[0x18][0xffffffcd][0xffffffda][0xffffffac][0x8][0x3][0xffffffe3]hTf[0x9][0xffffffe3][0xffffffa1]gj[0xffffff8b][0xffffffe7][0xffffff8d][0xfffffffb]02[0xffffffe4]E[0xffffffa6]g[0xffffffb6][0xffffff84][0x6][0xe]R[0x15][0xffffff84][0xffffffab]t.<8[0xffffffcc][0xffffffa8][0xfffffff2][0xffffff8f][0xffffff92],C[0x1][0xffffff9c]S[0xffffffd4][0xffffffeb][0x1a][0xfffffff6][0xffffffbd]v([0xffffffb8]u[0xffffffae][0x2]4{[0xffffffca]7[0xffffffaa]i[0xffffffd4][0x10][0xffffffd5]C[0xffffff82]5[0x12]Wn[0xffffff81][0xffffffd7]VP[0xffffff9a]4[0xffffffdc]k`]Z\3[0xffffffa2][0xffffffd0]7[0xe]%[0xffffffb9][0x11]a)K:m[0xffffffa9][0xffffff86][0xffffffc3][0xffffffa2][0xffffffbe]Eh[0x13]Zn[0xffffffcf][0xffffffb0][0xfffffff8][0xffffffcd][0xffffffa7][0xffffffda]g[0x8][0xffffff95] [0xffffff97][0xffffffa2][0xffffffe0][0xffffffa5]Me[0xffffffe2][0xfffffff6]E%[0xffffff8e]{[0x8][0x17][0xffffffe1][0xffffffb1][0xffffffdf][0x7f]f[0x16][0xffffffbe][0x12][0xffffff89][0x8][0xffffff8a]7M[0x16][0x15]a[0x1c][0x12][0xffffff8f][0xffffffd2][0xffffffa5]^N[0xffffffa4]i[0xffffffee][0xffffff9a]Uz[0xffffff9d][0xffffffb0][0xffffff9d]s[0xffffffd6][0xffffffb1][0xffffffe3][0xfffffffb][0xffffffef]J[0x5][0xffffff9d][0x7][0xffffff81][0xffffff99][0xffffffe6][0x11][0xffffffa6]m{{H[0xffffffc1][0xffffff94][0xffffffc3]|[0xffffffeb][0xffffff86][0xffffffbc][0xffffff8f]][0xffffffc8][\n]"
09:46:43.479 [main] DEBUG com.github.dockerjava.zerodep.shaded.org.apache.hc.client5.http.wire -- http-outgoing-2 << "[0xffffffe6][0xffffffdf][0xffffff8b][0xffffffa5][0xffffff84][0xe][0x2]U [0xffffff90]<[0xffffff86]d[0x1][0xffffffaf][0xfffffffd][0xffffffb7][0xfffffff1][0xffffff94][0xffffffdb][0xffffffcd][0x12]H>[0xffffffeb][0xffffff8f]xii[0xffffff96]L&[0xffffffe8][0xffffffd5]nE[0xffffffac][0xffffffdf][0xfffffff6]e[0x1f]qzt2[0xffffff9d][0xffffffc3]h<h"
09:46:43.483 [main] DEBUG com.github.dockerjava.zerodep.shaded.org.apache.hc.client5.http.wire -- http-outgoing-2 << "[0xffffffee][0xffffffb2][0xffffffe6]8A[0xffffffbc][0x5][0xfffffff3]|[0x16]][0xfffffffd][0xffffff81][0xfffffffb][0xfffffffe][0xffffff81][0xffffff99][0xffffffdb][0xfffffff6]%[0xfffffff4][0xffffff82]3qz(aZ[0x18][0xffffffb7]][0xffffffce]K[0xffffffdd][0xffffffc6][0xffffffa0][0xffffffd1]"[0x11][0xffffffc6][0x4]y[0x1e][0xffffff91]lH[0xffffffcb][0xfffffff7][0x14][0xe][0xfffffff2][0xffffffc6][0xfffffff2][0xffffffb4][0xfffffff8]"[0xffffffff]5[0xffffffeb][0xffffff85][0xffffffb6]9[0xfffffff4])[0xf][0xffffff89][0xfffffff2]}[0xffffff95][0xffffffc1][0xffffffa8][0x1d]er[0xffffffbc][0xffffffa6]g[0xffffffe4][0x16]F[0x1a][0xffffffc5]#Ch[0xffffffc6][0xffffff8b]][0xffffffc6][0xf]q[0xfffffff6][0xb][\r][0xffffffcb]>[0x19]Uw.@[0xffffffd1]'[0xffffffe6][0xffffffb9][0xffffffd9][0xffffffec][0xffffffe0][0xffffffed][0xffffffc8]|[0x1b]K\R[0xffffffb4][0xffffffcd][0xffffffb3][0xfffffff2][0x5][0xffffffc7]e"h[0xfffffff7]E[0xffffffd4]6@[0xffffffec][0xf][0xffffffed][0xffffffd2][0xffffffc4][0xffffffe2][0xffffff89][0xc][0xffffffbf][0xffffff90]`[0xffffff8e]*[0x6]CUY[0xffffff8f]y[0xffffff86][0xffffffc3][0x12][0xffffffed][0xffffffab]X[0xffffffbc]o[0xffffffce][0xffffff8b][0x8][0xffffffef][0xffffffa8][0xffffffc5][0xffffffa6][0xffffff8a][0xffffffba]][0xffffffcb][0xffffffac]9Do[0xffffff9a]0[0xffffffb2][0xfffffffd]f([0xffffff96]"PN)3[0xffffffa9][0xffffffc4][0xffffffd0][0xffffffdd][0xffffffa8]8[0xffffffb0]8Yf[0xffffffd1]iFL[0xfffffffd][0xffffffa9][0xfffffff3]a8[0xffffffad][0xffffffea][0xffffffbf]:[0xffffffce][0xffffffce][0xb]i[0xfffffff9][0xffffff82]t[0xffffffb6]&[0xffffff80]@t{$K+[0xf][0xffffffd8]#}[0xffffffe7][0xffffff81]R_H[0xffffff92][0xffffffd2]k7[0x1b][0xffffff8b]n7[0xb][0xffffffc2][0xffffffb0][0xffffffd9][0xfffffff6]p[0xffffffa0][0xffffffd3][0x1a][0xffffffc9][0x16]5[0xffffffea][0x7][0xffffffd5][0xfffffffe]J[0xffffffd3]}[0xffffff81][0xffffff9c][0xffffff9d][0xffffff89][0xffffffb4][0xfffffff9][0x6][0xffffffff][0xffffffdc][0xffffffdf]5[0xffffffff]:d|X[0xffffffea][0xffffff8a]GF[0xfffffff7][0xffffff9b]s[0xb]_[0xffffffbc][0xffffffe5][0xfffffff4]+[0xffffffa1][0x7][0xffffff96]P[0xffffffc6]Mn[0xffffffcc][0xffffffe5][0xfffffffd][0xffffffcd][0xffffffda][0xfffffff9][0xffffff94]hs[0xffffffda]u[0xffffffd5]t[0xffffffa6][0xfffffff8][0xfffffff4][0xffffffdd]Y_[0x18]G([0xffffffc3][0xffffffc9][0xffffff81][0xffffffaf][0xfffffff1][0x5][0xffffffac]1[0xffffff86][0xffffffd6]b[0xffffffe5][0xffffffa5]\u)kV[0xffffffae][0xffffff92][0xffffffbb][0xffffffda][0xffffff90][0xffffffcf][0xffffffcc][0xffffffac]O/z[0xffffffbb][0xffffffa5][\n]"
09:46:43.484 [main] DEBUG com.github.dockerjava.zerodep.shaded.org.apache.hc.client5.http.wire -- http-outgoing-2 << ",N[0x3][0xffffffff][0xffffffaf]2[0xffffffe6][0x1a][0xffffffa1][0xffffffb2][0x19]aY[0xffffff91][0xffffff93][0xffffffe0]A[0x13]a[0xffffffaa]}4%[0xffffffe5][0xfffffff0]yb[0xffffffcb][0xffffffc8]{[0xffffffee]}[0xffffffa4]6[0xffffffae][0xffffff83][0xffffff99]_[0xffffff92].[0x11][0xffffffae]G[0xffffff95][0xffffffb1][0xffffffce][0x0][0xffffffce]U[0xffffffba][0xffffffaf][0xffffffcf]tU[0xffffffb3]<[0x6]i[0x1e]Eg[0xffffffd0][0xffffff8d][0xffffff8e][0xffffffaa]_[0x16]=p[\r][0xffffff93]y[0x3]9[0xffffffeb][0xffffffec][0xffffffb5]yV][0xe][0xffffffdc][0xffffffd5]tt[0xffffffe7][0xffffffa0][0xffffffe7][0xfffffffb]b[0xfffffff2]|[0xffffffc1]v[0xffffffe8]l[0xffffff91][0xffffffd6][\r][0xffffff82][0x1b][0xfffffff0][0xffffffd3][0xffffffc9]-[0xffffff92][0xffffffda]m[0xffffff98][0x8][0xffffffce][0xffffff98]C8[0xffffffd6]x[0x8][0xffffffe8][0xffffff96][0xfffffffe][0xffffffdb][0xfffffff3][0x7f]|T[0xffffffc7]D[0xffffffc0]-[0x8][0xffffffa1]m~&[0xffffff92][0xfffffffc][0xffffffb7][0xffffffc3]?[0xffffffb7]p[0xfffffff8][0xfffffff2]Dqg[0x15]b][0xffffffa9]L1O+[0xffffffa6][0xffffff8a]B[0x1]D[0xffffffb8][0x18]K3[0xffffff8e]j[0x3][0xffffffba]X[0xffffff9a][0xfffffffc]e?t[0xffffffac]R[0x4]`[0xffffffef][0xffffffef][0xffffffec][0xffffff82]SX[0xffffff8b][0xffffffda][0xffffff9b][0xffffff89]g{[0xfffffff8][0xfffffff4]<d[0x10][0xffffffe6][0x12][0x1][0xffffffef][0xffffff99][0xfffffff7][0xfffffff4][0xffffffb8][0xffffffb1]c[0xfffffffe][0xffffff97]be[0xffffffdc]r[0xffffff9d][0xffffffc1][0x4][0x17][0x13][0xffffffeb][0xffffff95][\r]\[0xffffffaf][0x0]c[0xffffffd8]6>[0xffffff89]`/&r[0xffffff90]R[0xffffff92][0xfffffff4]_[0xffffff95][0xffffffd1][0xffffff8d]Q~[0xffffffbb][0xffffff88][0xffffffe1][0xffffffd7][0xfffffffb][0xffffffcb][0xffffffcc][0xffffff85][0xb][0xffffffb0][0x1f][0xffffffab][0xffffffed]9E[0xffffffc6][0xffffff9c][\r][0xffffff9c][0xffffffc0]*[0xffffffd8][0x15][0xffffffc3]P[0xfffffffb]<[0xffffffa2][0xffffff84]T[0x3][0xffffff8f]Nl[0xffffffe8][0xffffff9a][0x7][0xffffff82][0xfffffff5][0xffffffe0][0xffffff9d][0xfffffff3][0x7f][0xffffffcb][0xffffffc1][\n]"
09:46:43.484 [main] DEBUG com.github.dockerjava.zerodep.shaded.org.apache.hc.client5.http.wire -- http-outgoing-2 << "[0xffffffb6][0xffffff85][0xffffffdf]|[0xffffff8b][0xffffffdc][0xffffff8c][0xffffffcf]LUi[0x9]Z[0xffffff84]}[0xffffffe4][0xffffffb6][0xffffff94][0xffffff96]~[0xffffffce][0xffffffd6][0x1e]q1[0xffffffaf][0x7f][0x3]m:[0xffffff86][0xffffffe5][0xffffff80]y,k?[0xffffffe4][0xffffffc1]_?[0xffffffba]g[0xffffff93]SQf&[0xffffffbd][0xffffffac][0x1f][0x10][0x1e][0xffffffd9][0xffffffef]1[0xffffffce][0x8][0x3][0xc]?[0x7][0xffffff82]s[0xffffffb9][0x8]*LP[0xffffffd2][0x16][0xffffffc9]]tV4N[0xffffffa2],;U[0xffffffd4]su[0xffffffcd][0xffffff8e]j[0xffffff85][0xffffffe2]2N[0xffffffc6][0xffffffa6]T>[0xffffff86]-[0xffffff87]]k[0xffffffb5][0xffffffd2]f.}[0xffffffe3][0xffffff89]dLul[0xffffff85][0xffffff85][0xffffffad]HU[0xffffff8f][0xffffffc7][0xffffffbc][0xffffffaa]e[0x1c][0xfffffffd][0xffffffc2][0xfffffff5]{[0xffffffcb]+[0xfffffff1]H,[0xffffffc4][0xffffffab]BV[0xfffffff9][0x2][0xffffffd7][0x1f][0xffffffad]21i[0xffffffd1]'[0xffffff9a]z[0xffffffa8][0xffffffb8][0xffffffad][0xfffffff5][0xffffffd3][0x7f]*[0xffffffe7]k[0xffffffeb]H[0xffffff98]C`1[0xffffffd1][0xfffffffd]C[0xfffffffc][0xffffff8c]R[0xffffff8c][0x10][0xffffff8f]LU,XyiU[0xffffff81][0xffffffbb]{[0xffffff9d][0xffffffe0]^>[0xffffffce]T[0xffffff99]H[0xffffffc9][0xffffff9d][0xffffffa3]`[0x9][0xffffffbf][0xfffffff9][0xffffffd4][0xffffffbb]@%Iz[0xffffffd1][0xffffffb8][0xfffffff3]TY[0xffffffb5][0xfffffff0][0xfffffff0][0xffffffc1]*2[0xffffff89]l[0xffffff97][0xffffffeb][0xffffffbf][0x0]X[0x6][0xb][0x1c][0xffffffa8][0xffffff97][0xffffffd8][0x7f][0xffffffac][0xffffff91][0xffffffb6][0xc]xC[0xffffffd3][0x19];oI[0xffffffc8][0xfffffff5][0xffffff96][0xffffffcd]68[0x1b][0xffffff9d]<[0x5][0xfffffff9],[0x4]1[0xfffffff9][0x1d]`[0x1f][0xffffffaa][0xffffff8e][0xf][0xffffff84][0xffffffd0]l[0xffffffe1][0x0]%[0xffffffea]V[0xffffff89][0xffffffa9][0xffffffd1][0xffffff92][0x11][0xffffffc1][0xfffffffe]Xt[0xffffff90][0xffffffca][0xffffffa6][0xfffffff8]j[0xffffffa9]6[0xffffff87]6[0xffffffcd]H[0xffffffd8]>[0xffffff82].X[0xffffff9c][0xffffffa5]xZ[0xffffffa1][0xffffffba][0xffffffa0][0xffffffaf]{[0xffffffdb]swh[0xffffff92][0xffffffec][0xffffffa8][0x14];[0xffffffb0]/[0xfffffffa][0xffffff83][0xfffffffc]+[0x18][0xffffffc8]g[0xffffff97]D1#[0xffffffa3][0xfffffff3][0xffffffd3][0xffffffb1]<}[0xffffffbc]N[0xffffffb0][0xffffff89][0xffffff9e]S[0xffffffbd][0xffffff86][0xffffffbe][0xfffffff9]LO[0xfffffffc][0xffffff8c][0xffffffc3][0xfffffff0][0xffffffd0]5H[0xffffffab][0xffffffd1][0x7][0x1e][0xffffffef][0x19]'QG1-[0x1d][0xffffffb5]d[0xffffffb5]B[0xffffffe4][0x1]o[0xfffffff6]P[0x15]i[0xffffffe5]TA=[0xffffffa2][0xffffff95]M[0x1a][0xffffffcf]%[0xffffffc8]t[0xfffffff1]?-[0xfffffffc][0xffffffd7][0xffffffec][0xffffffe2][0xffffffcf][0xffffff9d]lT+xa+-w[0xffffffd4]ITQ[0xffffffeb][0xe][0xffffffef][0xfffffff8][0xffffffda][0xffffffc4][0x0]m[0xffffffe5][0xffffffef]T`[0xffffffdb]j[0xffffffad]Y [0x9]P[0x1d][0xffffffb7][0xffffffa9][0xffffffd0]E[0xffffffd4][0xffffffdd][0xffffff8e]r[0xffffffc6][0xfffffff9][0x14][0xffffffc4][0xffffffc1][0x15][0xfffffff9]k[0xffffffaf]W[0xffffffa9][0x11][0xffffffa0][0xffffffc4][0xffffffda][0xffffffa6][0xffffff9c]]V[0x7f]U[0xffffffbf][0xfffffff3]\[0xffffffcc]*"[0xfffffff2][0xffffff88]C[0x11][0xffffffbd]>$[0xffffff8d][0xffffffc6][0xfffffff1]cj[0xffffffd6]b[0xffffffe7][0xffffffd8]b[0xffffffb9][0x1d][0xfffffffe][\n]"
09:46:43.485 [main] DEBUG com.github.dockerjava.zerodep.shaded.org.apache.hc.client5.http.wire -- http-outgoing-2 << "[0xffffffac]`[0xffffffa8][0x13][0xffffffcb]FH[0xffffff8c]b[0xffffffc9]#[0xffffffb9][\r][0xffffffdc][0xffffffda][0x4][0xffffff89][0xffffffa8][0xffffffe4]~^[0xffffffc6]F[0xffffffec]|[0xffffffd6][0xffffffc8][0xffffffa2][0xffffff97][0x19]0[0xffffffd6]U[0xffffffd7][0xffffffd7][0xffffffdc][0xffffffc7]u[0xffffffb2]%[0xffffffb9]z[0xffffffb5][0xffffff94][0xffffff96][0xffffffd0][0xffffff97][0xffffffc1][0xffffffcf][0xffffffbe]N[0xffffffcc]4Z#[0xffffffc7][0xffffff9f][0x12][0xffffffaa]Qj[0xffffffad][\r][0xffffff99]Ql.*[0xffffff9a]i[0xfffffffb][0xffffffcf][0xc]m[0xffffffc3][0xffffff99]:U[0xb][0xfffffff1].t][0x1][0x8][0xfffffff5][0xffffffb1][0xffffffe2]K4[0xfffffff3]&#[0xffffffcb]LM[0xffffff99]{U[%[0xffffffb2]|Fm[0xffffffe3][0xffffffc9]h[0x1d][0xffffffa5]W#[0xffffff8e][0xffffffa2][0xffffff85][0xffffffcb][0xffffffd5]=w)[0xffffff95][0xffffffa5]i[0xfffffff9][0xffffffe7][0xffffffda][0xfffffffa][0xffffffe8]%[0x2][0xffffffdb][0xffffffd6]8[0xffffffb8][0xfffffffc][0x18][0x14][0xffffffe0][0xffffff95][0x1]X[0xffffffce][0xffffffc9][0x14][0xfffffff2]2[0x16][0xfffffffb]>[0xffffffdd][0xffffffac]j[0xfffffff4][0xfffffffb][0xffffffb6][0xffffffb9]OXh][0xffffff84][0x7f],[0xffffff9b][0x10][0xffffffef][0xffffffbf]PY[0xc][0xffffffa5][0xffffffb4]*[0x16][0xffffffed][0xffffffc2]i[0xfffffffd]A+[0x1c][b[0xffffffc2]B[0xffffffac]lp[0xffffff82]|[0xffffffe1][0xffffffe9][0xffffffcf][0xb]0[0xffffffff][0x7f]|[0xffffff9a][0xffffffa5]eT[0xffffffff]?[0xffffffc8]+[0xffffffb5][0xffffff9e][0xffffff8e][0xffffffb4][0xffffffb7]2[0xffffffba][0xffffffb3][0x13][0x1a]=[0xffffffdf][0xffffffc7][0xffffff86]I[0xffffffaf][0xffffffd4]G[0x3][0xffffffd7][0xffffffae]?tRe[0xe][0x1e]L[0xffffffd2][0xffffffe6][0xffffffc1]h[0xffffffd7][0xffffffa8][0xffffff93][0xc]"[0x1b][0x1][0xffffffd0][0xffffffb8][0x12][0xb]PT[0xfffffffb]D[0xffffffdf][0x10]|-[0xfffffffb][0xffffffcd][0xffffffe3][0x10][0xffffffc1][0xffffffea][0xffffffda][0xfffffff7][0xb]p[0xfffffffc][0xffffffb6];[0xfffffff1][0xffffffee][0xffffffa1]?[0xffffffab]+[0xffffffd7][0xffffff94][0xffffff88]W[0x5];*[0xffffff9e][0xffffffd7][0xffffffd4][0xffffffdc]w[0xffffffbe][0x1f][0xfffffff9]|0L[0xffffff9f]S[0xffffff94]U>Rm[0x8][0xffffffe2][0xffffff98]1[0x1a][0xffffffaa][0xffffffb2][0xffffff9b][0xffffffce]oE[0xffffff8b][0xffffff88][0xffffffe2][0x3][0xffffffe3][0xfffffffc][0xffffff99]_[0xffffffdb][0x19][0xffffffdf]>?[0xffffffdb][0xffffffc3][0xffffffa6]r[0xffffffe5]G[0xffffffaf][0xffffff8b][0xffffff82][0xffffffbf][0xffffff95][0xfffffff2]*[0xfffffff0][0xffffffa7][0xffffffdd]Br[0xfffffffc][0xffffffad][0xffffffb5][0x9][0xffffff80]f[0xffffffe5]n[0xffffffb2]8[0xffffffcd][0xffffffbc][0xfffffffe]d[0xffffffda][0xffffff92]c#[0xffffff85][0xffffffa7][0xffffffb5][0xffffff9d]n[0xffffffbe][0xe]3[0xffffffed][0xfffffff2][0xffffffec]lM[0xffffff86]U[0xffffff99][0xffffffe7][0xffffffe9]A[0xffffffc9]9[0xffffffb6][0xffffff9f]|[0xffffffd8][0xffffff8c][D[0xffffff9c][0xffffffad][0xffffffc1][0xffffffc4]0[0xffffffc3][0xffffffeb][0xffffffa7]'[0xfffffff1][0xffffff99]([0x1c]k[0xffffffbf]n'[0xffffffd1],/<[0xffffffd5][0xffffffd8]&[0xfffffff4]S[0xffffff8c]d"=[0xffffff88][0xb][0xffffffea][0xb][0xffffffc3][0xffffff93][0xffffff9a]n[\n]"
09:46:43.489 [main] DEBUG com.github.dockerjava.zerodep.shaded.org.apache.hc.client5.http.wire -- http-outgoing-2 << "U[0xffffffd3]U[0xffffffe9][0xffffffa6]E[0xffffff8a]mt[0xffffffd4]U<^[0xffffffc7].Ie:[0xffffff95][0x0][0xffffffbd][0xffffffa7][0xffffff8b][0xffffffcb]":[0xffffffee]f2[0xffffffba]Xe[0xffffff8e][0xffffffe9][0xfffffff7]%[0xffffffc4]z[0x1c]d[0xffffffc4][0xffffff85][0xb][0xffffffac][0xffffffe3]6[0xfffffffb][0xffffffa3][0x1e][0x11][0x5][0xffffff82][0x4][0x5]fI[0x18]8S[0xffffffe0]IB[0xffffffcf][0xffffffff][0xffffffa9]X[0xffffff8f]tO)[0xfffffff9]$9R[0xffffff97][0xfffffff1]y[0x15][0xffffffa7][0xffffffe8]}[[0x7f][0xffffff9b][0xffffffe0][0xffffffb7][0xffffffba]*[0xffffff84][0x1e][0xffffffa9][0xb][0xfffffff2][0x18][0xffffffd7]X[0xffffffee][0x1d][0x4][0xffffff80]\[0x10][0xffffff88][0xffffff80][0xffffffc6]w~[0xffffffe9][0xffffff88][0xfffffff6]miK[0xffffff8b][0xffffffc9][0xffffffce]P[0x5]U[0xffffffd5][0xffffffe4][0xffffff83]U[0xf]u[0xffffffec]M[0xffffff9e][0xffffffa2]6[0xffffffe1][0x9][0xffffffe0]M[0xffffffdd][0xffffff91][0x19]Jj[0xfffffff3][0xffffffcb][0x10][0xffffff9b]W2[0xffffffa4][0x1c]A:[0x6]5[0xffffffb0]_[0xffffffbc]v"[0xe]O[0xffffffea]V[0xffffffcc]^[0xffffffe2]^[0xffffff94][0xe]j^*[0xffffff92][0xffffffd5][0x1b][0xffffff87][0xffffff9a]!&[0xffffffb0][0xffffffca][0xffffff9f]F[0xffffffd1][0xffffffbf][0xffffff98][0xfffffff5]rN[>HsK[0xffffffb6][0xffffffac]ac[0xfffffff7][0xffffffea][0x18][0x18][0xffffff95]M[0xffffffc0][0xffffffb0])[0xfffffff7][0xffffff9e][0xffffffa2]\[0xffffffa9]N[0xffffff90]O[[0xffffffca]T[0xffffffcd][0x1b][0xffffffcb][0xfffffff9]x[0xffffff88][0x1e]!,[0xffffffde]&|[0x6][0xfffffff6][0xffffffa1][0xffffffbb];[0x7][0xffffffaa][0x7][0xffffffd7][0xffffffc3])[0xffffffd3]KQ[0xffffffff][0xffffffef][0xfffffff7]^[0xffffffa8][0xffffffaf]$,[0xffffffaa]z[0xfffffff5][0xffffff95][0xffffff8e]v[0xffffff99][0xffffffe0][0xffffffb7]@[0xffffffb1][0xffffffe9]-[0xffffffda][0xfffffff3][0xffffffde]Q[0xffffffdb][0xffffffee][0x2][0xffffffe6][0x11]/[0xffffffdc][0x5][0x1f]xH[0xffffffcf]:[0xffffffe1][0xffffff8f][0xffffff88][0x5][0xffffffbe][0xffffffff]'dk[0xffffffb2]"[0x11]Q[0x2][0xfffffff2][0xfffffff8][0xffffffb0]Q[0x18][0x1a]jrK[0xffffffdf][0xffffff84]k&v[0xffffffce][0xfffffff2][0xffffffcd][0xffffffac][0xffffffac][0xfffffffe][0xffffffca][0xffffffc0][0xffffffe8]Nx&[0xffffffab]|[0xffffff85]0[0x8][0xffffff81][0xffffffc2][0xe][[0xffffff89]`[0x1b][0xffffff82]E[0xffffff97]`[0xffffffe6])[0x11][0xffffffad][0xffffffe9]_[0xffffffc4][0xffffffe0][0xffffffa5]B<i[0xffffffcf]e#[0x12][0xb]([0xffffffe6]?[0xffffff85]5[0xffffffcf][0x1c]z[0xffffffca][0xffffffda][0xffffffd7][0xffffff9c]X\z[0xffffffe4]9[0xffffffc3][0xffffffe8][0xffffffb4]{[0xffffffe5]`[0xffffffa0][0x7f]Z[0xffffff88][0x4]/[0xffffffdb]$[0xffffffe7][0xffffff8b][0xffffff94]][0xffffff80][0xffffff9d][\r][0xf][0xffffffec]x[\n]"
09:46:43.490 [main] DEBUG com.github.dockerjava.zerodep.shaded.org.apache.hc.client5.http.wire -- http-outgoing-2 << "[0xffffffac]i[0xffffffa9][0xfffffff9][0xfffffff2][0x14][0xffffffd8]0^\[0xfffffff1]t[0x16][0xffffffb7]][0xfffffff0][0xffffffcc][0xffffffac][0xfffffffd]<[0xffffffa7][0xffffffe4][0xfffffffa][0xffffff8c]4[0xffffffac][0xfffffffb][0xffffffce]\[0xffffffc3]=[0xffffffd8][0xffffffa1][0xffffffdc][0xffffffd6][0xffffffa6][0x1f][0x19][0xffffff85][0x1][0xffffff9b] [0xffffff98][0xffffff95]a[0xffffffe7]B[0x5][\n]"
09:46:43.490 [main] DEBUG com.github.dockerjava.zerodep.shaded.org.apache.hc.client5.http.wire -- http-outgoing-2 << "[[0x15][0xffffff90][0xffffffac]q[0xffffffbb][0xffffffd3][0xffffff93][0xffffffec]2[0xffffff9f][0xffffffc8]i[0xffffffa8][0xffffffaa]#[0xffffff8e]M[0xffffff93][0xffffff8d][0xffffffc6][0xffffff85]][0x7f][0xffffff97][0xffffff8b]z,[0xffffff83][0x19]b[0xfffffff5][0xffffff99][0x8]v[0xffffff9a][0xffffff89]q[0xffffffd7]qb,[0xffffffeb]rD|[0xfffffff8][0x17][0xffffffa6][0xffffffb7][0xfffffff2]K[0xffffff81][0xffffffa3]?[0xffffff9d][0xffffffef][0xffffffb4][0xffffffe6][0xffffffb2][0xffffff9b]V[0xffffffff][0x1b]G[0xffffffd7][0xffffffc9]1[0xffffffd8]Q[0xffffff92][0xffffff93]r:[0xffffffd7]j7!v*[0xffffffed][0xfffffffc][0xffffffec][0xffffff88]kY[0xffffff89][0xffffff96]dW[0xffffffb1][0xffffffbb][0xffffff9d][0xffffffdc]J[0xffffff87][0xffffffa8][Q[0x16]R[0xffffff94]cG[0xffffffff]K[0xffffffc1]H[0xffffffec][0xffffffa9][0xffffffbd][0xffffffac][0x4][[0xfffffff7][0xffffffbe]d[0x1f][0xffffff8b][0xffffffb4]8D[0xffffffd1][0xfffffffb][0xffffffea]H[0x16]?y[0xffffffb6][0xffffffe8]j[0xffffffd0]`[0xffffffde][0xffffffc6]b[0xffffffa5]}g[0xffffff90][0xffffffba][\r] [0xffffff95][0x1d]|[0xffffff84][0xfffffff4]_[0x1b][0xffffffa2][0xffffffe5][0xffffffc1][0xfffffff2]E[0xffffffd7][0xffffffd8][0xffffff99][0xffffff92]m[0xffffffe8][0xffffffcf][0xffffffb1][0xc][0x2][0xffffffde][0xffffffcf][0xffffffc6][0xffffffa9]b[0xffffff85]G.[0xffffffa7][0xffffffcc][0xffffffc0]l[0xffffffff][0xffffff81][0xffffff80]'[0xffffffea][0xfffffff5]gE[[0xffffffba][0xffffffae][0x15].[0xffffffb5][0xffffffff]a[0xffffffe3][0xffffffbf][0xfffffffb][0xffffffdd]S[0xffffffd4][0x9][0x4]Q[0x8][0xfffffff7][0xffffffdb]d[0xffffff9e]*2o[0x12]J=[0xfffffff2]~e(8wh[0x13][\n]"
09:46:43.490 [main] DEBUG com.github.dockerjava.zerodep.shaded.org.apache.hc.client5.http.wire -- http-outgoing-2 << "[0xffffffe5][0xffffffd0][0x1d][0xffffffaa][0xffffff8d][0xfffffff8][0xfffffff3])g1[0xffffffb7][0xffffffb3]^[0xffffffab][0xffffffae][0x8]C[0xffffff8b][0x1c]V%y[0xffffffc5]"K[0xffffff84]Y6[0xffffffd2][0xffffffc9][0xffffff8a]0[0xffffffcf][0xffffffd8]Z[0xffffffb4]z[0xffffff89][0xffffffea][0xffffffc8][0x7f][0xfffffff8]x[0xffffff91]W[0x9][0xffffffd6]S[0xffffff9a][0xf]<"[0xffffffa4]+?[0xffffffb3][0xffffffe3][0x15]J[0xffffff94][0x10]#[Y[0xfffffff8][0xffffff96][0xffffffc5][0xc]|[0xffffff9e]V+"[0xffffff83][0xffffff8a]u[0x11][0xffffffb9]C=#[0xffffffd5][0xfffffffe][0xffffffbe][0xffffffef][0x1][0xffffffe5][0xffffffdb][0xffffff96][0xffffff83][0xffffffa7]X[0xc]h[0xffffffbf][0xffffffe0] nf[0xffffffbc][0xfffffffd]~[0xffffffaf][0xfffffff9][0x13][0xffffffeb]U[0x4][0xffffffd2]ZB[0xffffffbd]l[0xffffffaa][0xffffff98][0xffffffb6][0xffffffea][0xfffffff2][0xfffffff4][0x16][0xffffff89]Fj[0x18]WZX[0xffffff92][0xffffffaf][0xfffffffb][0xffffffb6]R[0xffffffb4]A[0xffffff80][0xffffff9f]9M[0xffffffa7][0xffffffd9][0xffffffc8]w[0xffffff95][0xfffffffe]:[0xffffffb6]=[0xffffffbc][0xffffffac][0xffffffbe][0x1c][0x1][0x7][0xfffffffd]&[0xfffffff3]D[0xffffffd8][0xb]u[0x1f][0xffffffdd][0xffffffc5]HuC[0xffffffce]:?=[0xffffff90][0xffffffca][0xffffffa5][0xffffff92][0xffffffe2]'x[0x3]x[0xffffffd2][0x1e]N[0xffffffc2]x[0x1c][0xffffffd7])[0xffffffa9][0xffffff90][0xc][0xffffffc5]+ir)[0xf]a68[0x2][0xffffffb3]0[0x14][0x14]i[0xffffffdc]q.9[0x11]{[0xffffffd1][0xffffff93]y3[0x13]u[0xffffffe8][0x7f][0xffffffe0][0x3][0xffffff99][0xffffffbc][0xffffff9f][0xffffffd2][0xffffffad][0xffffff80]9[0x1b][0xffffffe2]$[0xffffffc5][0xffffff9b][0xffffffe2]c[0xffffff84]G{[0x1c]L[0xffffff81]-[0xfffffff1][0xffffff8b][0xfffffff0]![0xfffffff5]T[0x13]w[0xffffffbb][0x12][0xffffffa6][0xffffff83][0xffffffa9][0xffffffa9]![0xffffffa7]:[\n]"
09:46:43.490 [main] DEBUG com.github.dockerjava.zerodep.shaded.org.apache.hc.client5.http.wire -- http-outgoing-2 << "+[0xffffffa6][0xffffffd5][0xffffffa0][0xffffff90][0xffffffd0][0xffffff85][0xffffffbc][0xffffffed][0xffffffb9]8sN1c[0xffffff8e][0x13]M[0xffffffb9][0xfffffff9][ ~[0xffffff8e][0xffffffcf][0xfffffff5]R[0xffffffe1]*WM[0xffffffb6][0xffffffe3][0xffffffa2][0x1d][0xffffff84]v[0xffffffe3]OD[0xffffffe1][\r][0xffffffe1]o[0xffffffa0]7[0xffffffc5][0xffffffe0][0xffffffcb]M[0xffffffd6]p[0x14]1Ad[0xffffffce][0xffffffa0][0xffffffc6]y[0x1d]*[0xffffff91]+z%k[0xffffffac][0xffffffd4][0x14][0xffffff81][0xffffff98][0xffffffef]X[0x4][0xffffff95][0xfffffffb][0xffffffa7]+p[0xffffffa8][0xffffff97]3ie[0xffffff97]L[0xffffffe0]:^[0x1a][0xc][0xffffffc4][0xffffff90][0xffffffc4][0xc][0xffffff95][0xffffffc7]&[0xffffffda][0xffffffb4]d[0xffffffab][0xffffffd8][0xffffffa8][0xffffffb4][0x1f][0x3][0xb]FHA[0xffffffec]-^EkN[0xffffff9f][0xfffffffd][0xffffff9d][0xffffffb8]-5?[0xffffffb5][0xffffffa1][0xffffffe3][0x1]H[0xffffffae]jN[0xffffff8e]][0x1d][0xffffffcb]z[0xffffff83]8![0xfffffffa][0x16][0xffffff84]'][0xffffffae][0x6][0x1c]1<[0xffffffa5]Z[0xffffffd8][0xffffff9b][0xfffffff9][0xffffff8b][0xffffffdf].3[0x14]*x[0xffffff9b]5j[0xffffffb5][0xffffffea][0xffffffd1]Gq[0xffffffc2][0xffffffc0][0xffffff90][0xffffffb3]p[0xe]9[0x14][0xffffffde][0xffffffed][0xfffffffb]`[0xffffffaa]Kf[0xffffffe8][0x12]"[0x1f]^0[0xffffffc6][0xfffffff9][0x1d][0xffffffc0]a[0x5]_X[0xfffffffb][0xffffffdb][0xfffffff6][0xffffff98][0xffffffac][0xffffffe0][0xffffff89][0xffffff8c][0xfffffff0][0x8][0xffffffa0][0xffffff99][0xffffff99]LjM[0x18][0xffffffc3][0xffffffca]![0xffffffd6]\2TA[0xffffff91]y[0xffffffa0]r[0xffffffda][0xffffff9b];[0x9][0xfffffff6][0xffffffb0][0xffffff9b][0xffffff96]n4[0xffffffa1][0xffffffee]d[0xb][0xfffffffd][0xffffffdc]O[0xfffffff9][0xffffff88][0xffffff97][0xffffffc5][0xffffffcc][0xffffff94][0xffffff94][0x17][0xffffff85]w[0xffffffe4][0xe][0xfffffff4][0xffffffa3]Ri|[0xfffffff1][0xffffffd7]a[0xfffffff4]][0x16][0xffffff8d][0xffffff85]m[0x12][0xffffff8f][0xfffffffa][0xffffffdd][0xffffff96][0xffffffe7][0xffffffe3][0xffffffb9][0x7f][0xfffffff2]xK[0xffffffc1][0xffffff86][0xfffffffb][0xf][0xffffffc8][0xffffffa1][0xfffffffa][0xffffffb1]6[0xffffffb5][0xffffffe3][0xffffffc2][0xffffff8a][0xffffff83][0xf]8[0x6][0xffffffb9][0xffffffe2]5[0xffffffbf][0x0][0xffffffe8]?[0xffffffd3][\n]"
09:46:43.490 [main] DEBUG com.github.dockerjava.zerodep.shaded.org.apache.hc.client5.http.wire -- http-outgoing-2 << "[0xffffffe4][0xffffffa4][0x6][0xffffffcd][0xffffffa7][0xffffffa0][0xffffffbd]ri[0xffffffca][0xffffff8c]#4[0xffffffe5][0x1c];[0xffffff86][0xe][0xffffffa4][0x16][0xffffffd6]O[0xffffffbd]R[0xffffffea])[0xffffff93][[0x18],[0xffffffe0]`[0xffffffdf][0xffffffde][0xffffffeb][0xffffff8b][0xfffffffd]<[0xffffff80]]x[0x3][0x2][0xffffffe7][0xffffff91][0xffffffcf][0xffffffe3][0xfffffff7](l[0xfffffff9][0xffffffca]'[0xffffffeb][0x6][0xffffffe6][0x7][0x8][0x10][0x13]Y[0xffffffbb][0xffffffd9]p[0xffffffae]d[0xffffffa1][0xffffff96][0xfffffff9][0xffffffed][0x14]^[0xfffffffb][0xffffff94]i[0xffffffeb]P4[0xffffffea]c[0xffffffb5][0xffffffd1][0xffffffc2];[0xfffffff8]Ci[0xffffffd6][0xffffffbe]b|[0xffffffc6][0xfffffff1]B[0xffffffc2][0xffffffa8][0xffffffd1]VI[0xffffffb8][0xfffffff9]FcS[0x1b]hi[0xffffffde][0xffffffe8]N[0xffffffa8]I[0xfffffffe][0xffffffe4][0xffffffcc][0xffffffcc][0xfffffff3]6<[0x17][0xffffffa2][0xffffffa1][0xffffff81]P[0xffffffe7]b[0x1d]81[0xc][0xffffff98]j[0xffffffbc]v~[0xffffffc2][0xffffffaa][0x10][0xfffffff3]I[\n]"
09:46:43.490 [main] DEBUG com.github.dockerjava.zerodep.shaded.org.apache.hc.client5.http.wire -- http-outgoing-2 << "[0xffffff99][0xffffff92][0xffffffdb][0xffffff92][0xffffff9c][0x18][0x6][0xffffffc4][0x9][0x15][0xffffff84]9[0xffffffca]W8[0xffffffed][0xffffffcd]Z[0xffffffe7][0xffffffe4][0xffffffc6][0xffffffe4][0x8]7[0xffffffdd][0xffffff89];B<[0xfffffff0][0xffffffba][0xffffffd9]=[0xffffffe1][0xffffff95][0xfffffff4]:[0x14]<[0xffffff89]Z[0xffffff80][0xffffffa3][0xffffffa4][0xffffff9b][0xffffff99][0xffffffef][0xffffffb6][0xffffff91][0xffffff9d][0xffffffb4]&[0x13][0x6]j[0x4][0xffffffd8][0xfffffff1][0xfffffffd][0xffffffef]8:[0x7][0xffffff9f][0xffffffb8]yZ[0xffffffc1]%=[\n]"
09:46:43.490 [main] DEBUG com.github.dockerjava.zerodep.shaded.org.apache.hc.client5.http.wire -- http-outgoing-2 << "[0xffffff87][0xffffffc3][0xffffff89][0xfffffff8][0xffffffe2]+[0x1][0x10]?:c[0xffffff96][0xffffffc6][0xffffff8e][0xffffffd7][0xffffffca][0xffffffe7]A[0xffffff97]8[0x1e][0xffffffb4][0xfffffff5]q[0xffffffdc][0xffffffaf][0xffffffc3]J[0xf]h7[0xffffffa0][0xffffffe3][0x1a]|4[0xffffffbd]1[0xffffffa5][0xffffffd0][0xffffff9c][0xffffff90][0xffffffd3][0xfffffff7]6N[0xffffffbe][0xffffff9d][0x1f][0xffffff84]#[0x1a]9}[0xfffffff5][0x0][0xffffffed]p[0xfffffff6][0x1c]{[0xffffffac][0xffffffb8]w[0xffffffaa]xw[0xfffffff3]I[0xffffffd3][0xfffffff2][0xffffffa6]b[0x1b]V|[0xffffffd4][0xffffffd1]'S[0xffffffa1][0xffffffc6]G[0xffffffbc][0x19][0x14]7[0xfffffff7]j[\n]"
09:46:43.490 [main] DEBUG com.github.dockerjava.zerodep.shaded.org.apache.hc.client5.http.wire -- http-outgoing-2 << "[0xfffffff9][0xffffff95][0xfffffffd][0xffffffe3][0xffffffff]zL_L[0xffffff93][0xffffffc5][0xffffff93]>![0xffffffd7][0xe][0xffffffa6]3{<:.;[0xffffffec][0xffffffba]`[0x13]R9[0xffffffc9][0xfffffff6]x[0xffffffbd][0xffffffe0]_[0xfffffff8][0xffffffa0][0xffffffc3][0xffffff98][0xffffffc2]y%bGs[0x1f][0xffffff9f]k[0xffffff8a]&|[0xffffff9e]\i[0xffffffaa][0xffffffe9]\n[0xfffffff7]n[0xffffffb4][\n]"
09:46:43.491 [main] DEBUG com.github.dockerjava.zerodep.shaded.org.apache.hc.client5.http.wire -- http-outgoing-2 << "[0x19][0xfffffff4]7[0xffffff96]xN=r[0x19][0xfffffff5][0xfffffff6]$[0xffffff8d]l[0x1b][0xffffffe2]t&[0xffffffb4]'[0xffffff96]6[0xfffffffb][0xffffffc1][0xfffffffd]r[0xffffffe7]=[0xfffffff9][0xffffff95][0xffffff9e]l[0xffffff8b][0xffffffb2][0xffffffd1][0xffffffa7][0xffffffd5][0xffffffcb][0xffffffb4][0xffffffb8][0xffffff89][0xffffff97][0x5]Q[0xffffffeb][0xf][0xffffffc7][0xfffffffa]p[0xffffffef][0xffffffa9][0xffffffe8][0xffffffe9]:[0xffffff95]a[0xffffffca][0xffffff8c]n[0xffffffc0][0xffffffe7][0xffffffab]0[0xfffffff5][0xffffffde][0xb][0xffffffa0][0xffffffb0][0xffffffd2][0xffffffad]Xc}Y[0xffffff8b][0xfffffff4][0xffffffe6][0xffffff94]By|[0xffffffe7]#[0xffffff8e][0xffffffea][0xffffff85][0x7f][0xffffffe3][0xffffffc6][0xffffffd4][0xc][0xffffff8e][0xffffffd9][0xffffff91]G[0x14]f>[0xffffff87][0xffffffcf][0xffffff84][0xffffff92]^_[0xffffffa0][0xfffffffc][0xffffff9a][0xffffffd7][0xffffff96][0x3][0xc]?H[0xfffffff3]R[0xffffffe2][0xffffffb2][0xe][0xffffffb1][0xffffffe3]y[0x19]{|7uu[0xffffffc7]N[0xffffffc8]9k;k[0xffffffa2][0xffffffb7][0x15][0x4][0xffffff9a][0xffffffdc]*w[0xffffff8c]r:E2[0x1e][0xffffffbc]'[0xfffffffc][0xffffffcd][0x1e][0xffffffac]_[0x1b][0x0][0x1a][0xfffffff5]m[0xffffffd1][0xffffffe5][0xffffffb3][0xf]&[0x1e][0xffffff99][0x13]QT?s74[0xffffffb3])g[0xffffff8d]ngzU[0xfffffff6]I[0xffffff93].[0xffffffee][0xffffffbf]([0x4][0xffffffdf]Y[0xffffffd9][0xffffffa2][`[0x10]M[0xffffffbd][0xffffffde][0xffffff8b][0xfffffffc][0xffffffe8][0xffffffbf][0xffffff98]9*1[0x1][0x13][0xffffffec][0x6][0xfffffffc]h[0xffffff9e][0xfffffff9][0xffffff91]c[0xffffffa7][0xffffff85][0xffffffbc][0xffffff84][0xffffffd1][0xffffffb3]q4[0xffffffb0][0xffffffd5][0xffffffcb]j[0xffffffff]P[0x2][[0x1c][0xffffff93][0xffffff86][0xffffff83]7[0xffffffe7][0x6][0xffffff84][0xfffffffb][0x18][0xffffff96][0xffffffd9][0xffffff8c][0xffffffdc][0xffffff93][0xffffffb2]}[0xfffffff0][0xffffffc6][0xffffff98]S[0x14][0xffffffad][0xffffff8e][0x17][0x1b][0xffffffec]#[0xffffffcb]5M[0x8][\r][0xffffffc7][0xffffff93]\[0xffffffce]I[0xffffffbe][0xffffffe6]hY/[0x1a])[0x13][0x18]BE[0x1d][0xffffff9b][0xfffffff4][0xffffff94][\n]"
09:46:43.491 [main] DEBUG com.github.dockerjava.zerodep.shaded.org.apache.hc.client5.http.wire -- http-outgoing-2 << ";[0xffffff8e][0x1a][0xf]s[0xffffffb7]W?[0x0];W0Px[0x0][0x7]Du[0x1c]zZ[0xffffffc9][0xffffffdb][0x2]i#%n[0xffffffe8],[0x7]>0[0xffffff91]w[0xffffffc6][0xffffff9b]\S[0x9][0xb][0xffffff8f][0xffffffbd][[0xffffffb6]X7A[0xffffffa8][0xffffffa7][0xffffffeb][0x17]5p[0xffffffe3][0x16][0xffffffb6]kI_R[0xffffff86][0xfffffff1][0xffffffe1][0xffffff88]3[0xffffffa5][0xffffff92][0xffffff9a]X[0xffffffc4]2[0xffffffea][0xffffffd5][0xffffff84][0x10]9V[0xffffff95]0][0xffffffa1][0xffffffca]G'[0xffffffee][0xffffff92][0xffffff83][0xffffffa7][0xb]|[0xffffffa2][0xffffffd7]|[0xffffffa0][0xffffffda]WN7#[0xffffff91][0xffffffa7]/[0xffffff90][0xfffffffa][0xfffffffb][0xffffffe0][0xffffffde][0x18][0xffffffdf]l#[0xffffffc5]Pg[0xffffffab][0xffffff87]t<[[0x9][0x7]v[0xffffffea][0xffffffef][0x9]py[0xffffffdb][0xfffffff1][0xffffff8f][0xfffffff3]7t[0xffffffc1][0xffffffc5][0xffffff84][0xffffff84]g5[0xffffffa5]W[0xfffffffb] [0x19][0xffffffaa]l0X[0xffffffaa][0xffffffe6][0xffffffeb]*[0xffffffcc][0xffffff91]q[0xffffffc1][0xfffffffd]y?[0xfffffff4][0xffffffaf][0xffffffc5][0xffffffbb]wd[0xffffffc1]h[0x4][0xffffffdb][0xffffffef] [0xffffffe2]#[0xfffffffb]~f[0xffffffce]s[0xffffffcf][0xffffffec]-[0xffffffeb][0xffffff8e][0xffffffdc][0xffffffa7][0xffffff96]R0v[0xffffffcf][0xffffffdb][0x3][0xffffffaa][0xffffff96][0xffffff90][0xffffff97][0xffffff9d][0xffffff90]k5[0xffffffa0][0x1f][0xffffffdb][0xfffffff3][0xfffffffb][0xffffffcd][0x12][0xffffff95][0xffffffe1]?[0xffffffe3]uN[0xffffffda][0xffffffb5][0x6][0xffffff9f]>[0x10][0xffffffac][0xffffffd8]b[0xf]'*[0xffffffa5]e[0xffffffe2])X[0xffffffb7][0x1c][0x8][0x11][0x1e][0xffffffaa][0xffffff99]cxY[0xffffffea][0xffffffc7][0xffffffe7]<-J[0xffffffe0]KG[\r][0xffffffac][0xffffffd9]r[0xffffffcf]L[0xffffffc4]`vHj[0xffffffae][0xffffffe4][0xffffffd2][0xffffff81][0x3]m[0x6][0xffffffb0][0xffffffb2][0xffffffd3][0xffffffbf]M[0xffffffbb]2?[0xffffffa1][0xffffffe9][0xffffff90][0xffffffdf]U[0xfffffffa][0xffffffeb][0xffffffb9][0xffffffa2]q)[0x6][0xffffffdb][0xffffffeb][0xffffffcc].[0xffffff8f]4d[0xffffffe7][0x8][0xffffffc7][0xfffffff1][0xffffff9e][0xffffff9e][0xffffff9c][0xb][0xffffffb8][0xffffffe9]d.bz[0xffffffca]2[0xb][0xffffffe0][0x2]m[0x3]9[0xffffffb7][0xffffffc7]j[0xffffffa2][0xffffff8b][0x7f]$[0xffffffd0]OT[0xffffffd1][0xffffffd8]F[0xffffffc3][0x9]>[0x2][0x8][0xffffffeb][0xffffffb7][0xffffffab] e[0xffffff8c][0xffffffc1][0xffffffa8][0xffffffb8]K[0xffffff9c][0xffffffa1]wJ[0xffffffde][0xffffffd8]2}|[0xffffff86][0x1a]W[0x1c]h[0x2][0xffffff85][0xffffffb4]X[0xfffffff4][0xfffffffd][0x6][0xffffffaa][0xffffffa1]o[0xffffffcf]{[0xffffff92][0xffffffd4]ts[0xffffff99]-[0xffffffea]a[0xffffffd0]<[0xffffffd4][0xffffffca][0xffffffbb][0xfffffff1]0g?[0xffffffa0][0xffffffeb][0xffffffbd][0xe]fx[0xffffffe3][0x12][0xffffff9d]1[0xffffff88][0xfffffff1]w[0xffffffba]q}[0xffffffea]4[0x6]guJ^S[0xffffffc8][0xffffffc5]x3[0xfffffff7][0xffffff91][0xffffff88][0xffffff83][0xffffffa6]^[0x2][0x11][0xffffffa5]n5[0xfffffffa][0xffffffcb][0xc]([0x13][0xffffffb0]o#wSw[0x10][0x17]|5~\[0xfffffff8][0xffffffdc][0xffffffd4]p[0x2][0xffffffa5]{`[0x4]2mg[0x1b][0xffffff99]r[0xfffffffc][0xffffffb0][0xfffffff9]-[0xffffffe1])[0xffffff82][0xffffffff]dcb[0xffffffd2] [0xffffff9a][0xffffffbc]Fs[0xffffff9e][0xffffffca][0x1d][0xffffffa3]de[0xffffffe4]&#[0xffffffb6][0xffffffdf][0xffffff9b][0xffffffe9][0x1][0x1d]UV[0xffffff94][0x0][0xffffffbc]G[0xffffffdd]z[0xffffffde][0xffffffc5][0xffffff89][0x10][0xffffff9c]$M[0x9]*[0xffffffa6][0xffffffd6][0xffffffe4]P[[0xffffffde]P[0xffffff8f]T[0xffffffb8][0xffffffcc][0xfffffff5]4b$[0xffffffb3][[0x14]w[[0xffffffb3][0x1f]~[0xfffffffa][0xffffffb9]{[0xffffffe9]6[0xffffffb6][0xffffffa4][0xffffffb6]0[0x5][0xffffffcf][0x1b][0xffffffe0]/[0xffffff88][0x15]T[0xfffffffc]([0xffffffd3]Q[0xf][0xffffff8d][0x7f][0xffffffa4][0xffffffa4][`[0xffffffda].[0xf][0xffffffa4][0xffffff96][0xffffff95][0x13]m[0xffffff93][0xffffffd6][0x4][0xffffffbe][0xffffff93][0xffffffff]N[0xffffff99][0xffffffbe][0xffffffe0][0xffffffab]<[0xffffffdd][0xffffffcd]QD[0xffffff80][0xffffff8c]w[0x9]I[0xffffffd6][0xffffffc5][0xfffffff2][0xffffffb3]b[0xffffffb7][0x1][0xffffffca][0x3]Y[0xfffffff3][0xffffffb2][0xffffffbb][0xffffff86]X[0xffffffe5][0xffffffca]K[0xffffffb8][0xffffffc1]\[0xffffff8b][0xfffffff5][0xffffffe8]P[0xffffffb1]/[\n]"
09:46:43.492 [main] DEBUG com.github.dockerjava.zerodep.shaded.org.apache.hc.client5.http.wire -- http-outgoing-2 << "d[0xffffffdf]H[\n]"
09:46:43.492 [main] DEBUG com.github.dockerjava.zerodep.shaded.org.apache.hc.client5.http.wire -- http-outgoing-2 << "][0x15][0x2][0x1][0xffffff88]A[0xffffffe4][0x9][0xffffff91][0xffffff88][0xc]/[0xffffffb3][0xffffff93][0xffffffbb][\r][0xffffff94]zA[0x15][0xfffffff9][0x18]zI[0xffffff88][0xffffffb7]l[0x10]/[0xffffff97][0xffffffd6],[0xffffffd5]_[0xffffff8a][0xffffff94][0xffffffbd]o[0x7f][0x3][0x8]N[0xffffffef]M[0x16]"5[0xfffffffb][0xffffffaa][0xffffffcd]_[0xffffff84][0xfffffff6][0xffffff83].[0x1a][0xffffffb1][0xffffffe3][0xffffffcf][0xffffffb2][0x1f]b[0xffffffc8][0xffffffda][0xffffffcc]M[0x19][0xffffffef]'[0xffffff8f]-[0xffffff99][0xfffffffe]8[0xfffffff7]#8|3[0x17]~fZ[0xffffffe5][0xffffff9e][0x4][0xffffff97]h6zo[0x12][0xffffffab][0xffffffcc][0xffffffb0][0xffffffce][0xffffffc6][0xffffff82][0xffffffa6][0xffffffb9][0xffffffc3][0xffffffc6][0xffffffd7]3[0xffffffd3][0xb]I[0xffffffb0][0xffffff80]4o[0xffffffee][0xffffffce])[0xffffffd8][0xffffff8f][0xffffffdd][0x1b]5[0xffffffb5]}[0xffffffbc]:[0x10][0xffffff9a]t[0xffffffc2]([0xffffffe6][0xffffffec]<,\1c[0xffffff83][0xffffff95][0xffffffc2]Kg[0xffffffaa]S[0xffffffc1][0xffffffbd][0xffffffe4][0xfffffff4][0xffffff91][0x1f][0x1b][0xffffffd3][0x1b][0xffffffa7][0xffffffc4][0xffffffef][0xffffffa4][0xffffff92][0xffffffea]P[0xffffffb2][0xffffffaf]n[0xfffffff1][0xffffff91]`[0xffffffd1]W;mn[0xfffffff7][0xffffffff][0xffffffd5][0x10][0xffffffe2][0xffffffe7][0xfffffffc])[0x7][0xffffffc4][0x1c][0xffffffc3]n[0xffffffab][0xffffff9c][0xfffffff4][0xffffffa5][0xffffffe9][0xffffffca]4|[0xffffffd2]Oi<|{[0xffffff80]1[0xffffffe8][0xffffffc8][0xffffff9f]<H[0x6][0xffffffed][0xfffffff3][0xffffffb5][0xfffffff1][0xffffffa0][0xffffffca]|[\n]"
09:46:43.493 [main] DEBUG com.github.dockerjava.zerodep.shaded.org.apache.hc.client5.http.wire -- http-outgoing-2 << "[0xffffffdf][0xffffffb1]k[0xffffffc5][0xffffff8c]u[0xffffffb2]w[0xffffffad][0xffffffe7][0xffffffea](Z_[0x0][0xffffffc3]a[0xffffffbc][0x17][0xffffffd4]j[0xffffffd0][0xffffffb3]|[0xfffffffb].[0xffffffe8]b[0xffffffa8]n7[0xffffff95]/`[0xffffff83]P[0xffffffbf][0xffffffad]B[0xffffffd3][0xfffffff1][0xffffffea][\r][0xffffff98]f[0xf][0xffffff89][0xffffffe6]B[0xffffffe5][0xffffffab]u[0xfffffffe][0xffffffde][0x14]b[0xffffff9f][0xffffff82][0x0]%w>[0xffffffd8]#[0xffffffec][0xffffffbf]p[0x1e][0x16][0xffffffbd]Z[0x16][0xffffffb4]b[0xffffffce][0xffffffd2]f[0xe][0xffffffd4]&[[0x12]O[0xffffffa4][0xffffff99][0x18]K[0xffffffd5][0x1]bP[0xffffffc0]Q[0xffffff8a]MQ[0xffffffc6][0x4][0xffffff8a]-[0xffffffc9][[0xffffff9c]Mk[0xffffffa8][0xffffff95]R[0xffffffa1][0xffffffbc][0xffffffa4]X[0xffffffb3]F[0xffffffa3][0xfffffff9][0xf][0xfffffff5][0xffffffbb]B[0xffffffd4][0xffffffd9][0xffffff94][0xffffffe4][0x1d][0xffffffa3]0[0xffffff88][0x9]s<[0xfffffff7]j[\r][0xffffff82][0xfffffff5][0xffffffdd][0xffffffe7]n[0xffffffbe][0xffffff90][0xffffffbb][0xffffffc6][0xffffffc4]g[0xffffffe2][0x16][0xffffff85]u[0xfffffff2][0xffffff81]3xP;[0xffffffd5][0xffffff8d]I[0x1c][0xffffffde]3[0xffffffaf][0xffffff8e]'[0xfffffffa][0xfffffffb][0xffffffc6]'[0xffffff92][0xffffffa2][0xffffffac][0xffffffe1][0xffffffa2][0xffffffbc][0xffffffc1][0xffffff8d]d([0xffffffac]Bp[0xffffffe9]d[0xffffff81][0x12]K[0xfffffff9][0xffffff84] [0xffffffe0][0x6][0xffffff92][0xffffff9d])[0xffffffb2]`[0xfffffff2][0xfffffff0][0xffffffea][0xffffff86][0xffffffe9]/[0xffffffbf][\n]"
09:46:43.493 [main] DEBUG com.github.dockerjava.zerodep.shaded.org.apache.hc.client5.http.wire -- http-outgoing-2 << "%d[0xffffffbb][0xffffffce][0x15][0xffffffbb][0xffffff82][0xfffffffc]d[\n]"
09:46:43.493 [main] DEBUG com.github.dockerjava.zerodep.shaded.org.apache.hc.client5.http.wire -- http-outgoing-2 << "[0xfffffff0][0x15]Q[0xffffffb7][0xfffffffc]S[0xffffffb9]o[0x1f][0xffffffde]1[0xfffffff2]|[0xfffffff8][0xfffffff0][0xffffffd3][0xffffffca]G[0xfffffff0][0xffffffc1][0xffffff8b][[0xffffffc8][0xffffff8b]h[0xffffffdb][0xffffffae][0xffffffc4][0xffffff9a][0xffffff95][0xffffffa5][0xffffffa6]W[0xffffff9c]$[0xffffffd0][0xffffffeb][0xffffff9c][0xffffffef],[0x11][0xffffffc1][0x0]Dy[0xffffffa4]$[0xffffffd5][0xffffffca]_[0x15][0xffffff9a]j[0xffffff8a]V[0xffffffd1]*+*[0xffffffbc][0x1c][0x1e][0x15]B[0x12][0xffffff8a][0xffffff88]<[0xffffff97][0xffffffd8]u[0xffffff81][0x13][0xffffff8b]@[0xffffffc2][0xfffffff4][0x1c]{[0xffffffbb][0xffffffba][0xffffffc6][0xffffffc7][0xffffffbe][0xffffffe2]%[0xffffffef]Y:#[0xb][0xffffffa0]6j[0xfffffff2][0xffffff8f]i[0x1c][0xffffffce][0xffffff82][0xffffffed][0xffffffdf][0xffffffe7][0xffffffc4][0xffffff8b][0xffffffba][0xffffffbd][0x9]jIM[0xffffff9f]l[0xffffffed][0xffffffee][0xffffffee]n[0xffffff9f][0xffffffaf][0xffffffc8][0x1b][0xffffff9d]N[0xffffff8c][0xffffffee][0xffffff9f][0xfffffffd][0xfffffffc]![0xffffff8d][0xffffff99][0x19][0x13][0xffffffd4][0xffffff8d][0xffffffe5][0xffffffe9][0xfffffff2]\[0x7f]Tr"_G[0xffffffd2][0x3]i[0xffffffd6][0xffffffca][0xffffff83]9[0xffffffef][0xffffff82]5[0xffffff8c]{Y[0xffffffb1]E[0xffffffd4][0xffffff94]p[0xffffff9e]p[0xffffffae])[0xffffffda][0xffffffa7][0xffffffd2][0xffffffa7][0xffffff8e]lDt[0xffffffa9])[0xffffff96][0xfffffffd]/[0xffffff9e][0xffffffc3][0xffffffc8][0x6][0xffffffdc]];6[0xffffffe5][0xffffffaf]O[0x16][0xffffffb3]$[0xffffffaf][\n]"
09:46:43.493 [main] DEBUG com.github.dockerjava.zerodep.shaded.org.apache.hc.client5.http.wire -- http-outgoing-2 << "T[0xffffffb3]klb[0xffffffbd][0x4]mP[0xc][0x4][0x14]P [0xffffff91][0x19][0xffffffba][0xffffffaa][0xffffffef]4[0xffffffa0][0xffffffce][0xfffffff9]{[0xfffffffc][0xfffffff4][0xffffffb6]a[0xffffffd6][0xffffffc2]c[0xffffffbe][0xffffffc8][0xffffffb6][0xffffffb7][0xffffffb4][0xfffffffb][0xffffff9a]_[0xffffffaf][[0xfffffff5][0xfffffffc]A^1v[0xfffffff3]6[0x1b]-Pf,[0xffffff9b]W [0xffffff81]z?u[0x18][0xfffffffa][0x1e]<FS$[0x2][0xffffffa5][0xffffff8d]5J{V[0xffffffa5][0xffffff81]Q[0xffffffa5]?q[0x5][0xffffffad]50[0xffffffb6]O[0xffffffd9])[0xffffffdb][0xffffff90][0xffffff9d][0xffffffce]A-b[0x2][0xffffff89][0x1c][0xffffff9b]3[0xffffffe7][0xffffffc4][0xffffffba][0xffffff9a][0xffffffe2]|[0xffffffe1][0xffffffa2]~P[0xffffff9b]Y<[0x12]I[0xffffffdb][\n]"
09:46:43.493 [main] DEBUG com.github.dockerjava.zerodep.shaded.org.apache.hc.client5.http.wire -- http-outgoing-2 << "q[0x12][0xffffffda]7[0xffffff92][\r][0xffffffd5][0xf][0xffffffca][0xffffffeb][0xffffffe8]M[[0xffffffcd][0xffffff90][0xffffffab][0xffffffa9]s[0xffffffaa]+[0x1f][0xffffffb7][0xffffffcf][0x2][0x11][0xfffffff9]S[0xffffffe1][0xffffffaf]\[0xfffffff9]F[0xffffffc8][0xffffff98][0xffffffff][0xffffffb7][0xffffffc6]4[0x12]d'[0xfffffffe][0xfffffff6][0xfffffff2]#[0xffffffb3][0x0][0xffffff98][\r][0xffffff9b][0xffffffd2][0xffffffdf] I7[0xe][0xffffff96][0xffffffd3][0x11][0xffffff87]dwk{y[0xffffffb8]rt[0xffffffd9][0xffffffb1][0x16][0xffffff90]@[0xffffffbf][0x1a]i[0xfffffff0][0xffffffcb][0x16][0xffffffa7][\r]6a[0xffffffcc]r[0xffffffcd]9[0xffffffb2] w[0xffffffe5][0x12][0xffffff8a][0xffffffb9][0xffffffe1][0xffffffe5][0xffffffd4][0xffffffc8]<p[0xffffffcf]Gy[\r]k*[0xffffffb8][0x1c][0xffffffd7][0xffffff9b][0xfffffffc][0xffffff8a][0x6][0xffffffd1]@[0x1d][0xffffffcf][0xffffff91][0xffffff84]16[0x1f][0xffffffde]{[0xffffffee]pkV[0xffffff81][0xffffffa0]BUz[0x11]L[0x2]\yt[0x12]lkoC8[\n]"
09:46:43.494 [main] DEBUG com.github.dockerjava.zerodep.shaded.org.apache.hc.client5.http.wire -- http-outgoing-2 << "[0xffffff8a][0xffffffe5][0xffffffe7][0x15][0xffffffa8][0xffffffd6][0xffffffee]x[0xffffffe4][0xffffff93][0xffffff9a][0xffffff83]lGbY[0xffffffce]([0xffffffb6][0xffffffbc][0xffffffaa][0xffffff90][0xffffff80][0xffffff9d]R(I[0xfffffff5][0xffffffda]g:}[0xffffffc2][0xffffffa3][0xffffffcd][0x1b]te[0xffffffd7][0xffffff8b][0xffffffbe][0xffffff81]a[0x10][0x12][0xffffff82][0x13]&[0xfffffff0]][0xffffffb5][0xffffff8d]U[0xffffffab]=[0xffffffc2]"[0x9][0xffffff85]~z[0xfffffffc]'n[0xffffffcf][0xffffffc5][0xffffff8a][0xffffff90]^cW[0xffffffd6]%[0xfffffff8][0xffffffa7]0[0xffffffd7][0xffffffb1]ES[0xffffffa5]rt[0xffffff87][0xfffffff0]Z[0xffffffc0][0xffffff8c][0xfffffffb]4[0xffffffd8]U[0x11][0xffffffd5][0xffffff86];[0xffffff85][0xffffffed]0Q;=1>[0xffffff89]&[0xffffffe4][0xffffffdb][0xffffffbc][0x4][0xfffffff3][0xffffffb4][0xffffffe3][0xffffff93][0xffffffa2]X-[0xffffffb2][0xffffff8a]v[0x15][0xfffffffb]j`[0xffffff8c]q9\: [0xffffff81][0xfffffff8][0xffffff9c][0xffffffb0][0x1e][0xffffff92][0xfffffff2][0xffffffed][0x16][0xffffff9d][0xffffff86]F[0xffffff99][0xffffffbf]yb[0xffffffbf]?c<[0xffffffd4][0xfffffffe]D<[0xffffff86][[0xffffff80][0xfffffff1][0xfffffff4][0x15][0xffffffa1][0xffffffce]~[0xffffffcb][0xffffffa4][0x1b]RJ^=&4^[0xffffff87]3[0xffffffe0]`[0xffffffef][\n]"
09:46:43.494 [main] DEBUG com.github.dockerjava.zerodep.shaded.org.apache.hc.client5.http.wire -- http-outgoing-2 << "L[0xffffffcd][0xffffffb8][0xffffffcf]![0xfffffff6]e[0xffffff8b]-[0xffffffae][0xffffffae][0x14]-[0xfffffffd]:B[0xffffffc7]6[0xffffffac][0xffffff92][0xffffffcd]5[0xffffffc6]/[0xffffff8c][0xffffff99][0xfffffff9][0xfffffff9][0x9][0xffffff85]m[0xffffffeb][0xffffffca][0x7f]dZo[0xffffffd5]r[0xfffffffb][0xffffffed]&)[0xffffffd8]#r[0xfffffffc]lP[0xffffff8e]m[0xffffff98]R[0xffffffe6][0x9]U[0xffffffe2][0xffffff9a]x[0xffffff94][0xc][0xfffffffe]PN-[0xffffffbb][0xffffff8c][\n]"
09:46:43.494 [main] DEBUG com.github.dockerjava.zerodep.shaded.org.apache.hc.client5.http.wire -- http-outgoing-2 << "[0xffffffa0]h[0x8][0xffffff9e][0xffffff80]p[0xffffffbb][0xffffffab][0xffffff80]/[0xffffffb3][0xc][0xffffffb7][0xffffffa6]j[0xffffffd6]Y[0xffffffd7][0xffffffdb]~/[0x19][0xffffffa6]RW[0xffffffca][0xffffffe1]QA{![0xffffffc2][0x2][0xffffffda][0xffffff9e][0x12]9}[0xffffff88][0xffffffeb][0xffffff87][0x13]Z[0xffffffd9][0xffffffa8],[0xffffffd3][0xffffff8d][0xffffff90]f[0xffffff9a]1[0xffffffda]w*![0xffffffee]&[0x4][0x15][0xffffffd9][0xfffffff5][0xffffff8c]-[0xffffffc8]y*[0xffffffea][0xffffffd3][0xffffffa0]K[0xffffffb6][0xe][0xffffff87]Y[0xffffffb2][0xffffffc1][0xffffffec][0xffffffe7][0xffffffbe]K[0xffffff92][0xffffffaf][0x19]Ab[0x5]@[0xfffffffc][0xffffffff][0xffffff8f]`[0xffffffca]/[0xffffff95][0xffffffb1][0xffffffe8][0x6]7Q[0xffffff87]mb[0xffffffe8][0xffffff80]V[0x17][0xffffffc8]N[\r][0xffffffb1]E[0xffffffec]zV[0xffffff86][0xffffffa8][0xffffffdf][0xffffff94][0xfffffffc][0x1d][0xffffffaa]S[0xffffffa5]#[0xfffffff2]z[0xffffffd9]1>[0xffffffb4][0xffffffc5][0xffffffcd]W[0xfffffff4]g[0xffffff94]i[0xffffffeb][0xffffffc2][0x4][0xfffffff1]^[0xffffff81]_[0xffffffef][0xffffff8c][0xffffffc9][0xffffffa9]){O[0xffffffa9][0xffffff86]v[0xffffffc6][0xfffffff8][0xffffffa8]h[0xffffffbf][0xffffff86]@[0x4][0x1b][0xffffffbe]i[0xffffffc5][0xffffffe2][0xffffff81][0xffffffc6]!bc[0xffffffa4]-0l50[0xffffffc8][0xffffffef][0xffffffe5][0xfffffff1][0x7f][0x12]p[0xffffffcf]A*[0xffffffcf]"[0xffffffd3]M[0x5][0xffffffeb]I[0xffffffb2][0xffffffa6][0xffffff8e]X[0xffffff96][0xffffffc1][0xffffffe2][0xffffffc4][0xfffffffb][0xffffff90][0xffffffb6][0xffffffb0]y[0xffffffa5][0x16][0x5][0x4][0xffffffbf]*rP[0xffffffb7][0xffffffbb][0x7][0xfffffffc]LP[0xffffffdd] [0xffffffc3][0xffffffc0][0xffffffee][0x8][0xfffffff3][0xffffffe8][0xffffff8d][0xffffff96][0x11][0xfffffff5]![\n]"
09:46:43.494 [main] DEBUG com.github.dockerjava.zerodep.shaded.org.apache.hc.client5.http.wire -- http-outgoing-2 << "[0xffffff95]Z[[0xffffff94][0xffffffa6][0xfffffff7][0xffffff89][0xffffff81]/}[0xffffffe1]W[0xffffffdb][0xffffffdf][0xffffff9d][0xffffff87]-[0xffffffeb][0xfffffff8]Q[0xffffffd8][0xffffffa6][0xfffffffa][0xffffffa6][0xffffffae][0xffffffad][0xffffff99][0xffffffd6][0xffffffd5]|E[0x15]}0n0][0xffffffc6][0xffffffc8]9[0x14][0xffffff9f][0xffffffa5][0xffffffa4]^[0xffffffc9]z[0xffffff8f][0x1b]i[0x13]L[0xffffffaa][0xffffff92][0xffffffa6]Fa&[0xffffff82]{[0xffffffef][0xffffff88][0xffffff93][0xffffffc3]xX[0xffffff80]AE[0xe][0xffffff86][0xffffffba][0xffffffb0][0xffffffd4][0xffffffaa]Ief[0xffffffaf]![0xfffffffa][0xffffffb0]5[0xffffffda][0xffffffce]%[0xffffffc9]9![0xffffffbb]mFJ[0xffffffbf]F[0xfffffff2][0xffffffcc][0xffffffe6][0x1f][0xffffffb2][0x10][0x0]N[0xffffffd1]{[0xffffffa0])~[0xffffffaa]5P[0xffffffb0][0xffffffc8][0xffffff8c][0xffffffe1][0xffffffb7]%[0xffffffae][0x1e][0xffffff97]H[0xfffffffe]DW[0xfffffff9]P[0xffffffe4][0x1d]^[0xffffff94][0xffffff90]j[0xffffffa8]HU[0xffffffb8][0xffffffda][0xffffffce]WCG[0xffffff96]1C)[0x16][0xffffffdc]R[\r]j[0xffffff8d][0xffffff84][0xffffff95]?[\n]"
09:46:43.494 [main] DEBUG com.github.dockerjava.zerodep.shaded.org.apache.hc.client5.http.wire -- http-outgoing-2 << "[0xffffff83][0xffffffd8]^.[0x1b]p[0xffffffe5]I)<[0xffffffd8][0xffffffcd][0xffffff82][0xffffffe4][0xffffffbf][0xffffff9c][0x7f]:[0xffffffa3][0xffffffed][0xffffff8e][0xffffffda]6e%>l*.?[0xb][0xffffffa4]t[0xffffffe3][0xffffffc3][0xfffffffd][0xffffff95]6nc[0xffffffca][0xfffffffe][0xffffffad]$T[0x7]$?[0xfffffffb][0xc][0xffffffc3],[0xffffffdb][0xffffff85][0xffffffd1][0xffffffef]9[0xffffff9f][0xffffffb9]E~f3[0xffffffca][0xffffffcf][0xffffffe5]y[0xffffffd2][0xffffffda][0xffffff83][0xfffffffb]QIG[0xfffffffd]n[0xfffffffe][0xffffffe3][0xfffffff9][0x1f]LZ[0x1a]A[0x12][0xffffff99][0xffffff85](?[0x12][0xffffff8a]M[0xfffffff7]e'[0xffffffcf][0xffffffeb][0xffffffb4][0xffffffad]Ht[0xffffffa2][0xffffffa0]5[0xffffff96][0xffffffc2][0xffffffbe][0xffffffd6][0xfffffff6][0xffffffb2]@[0x17]sh[0xffffffde]:[0x15][0xfffffff8][0xfffffffd][0xffffffd6][0xffffffb3]K[0xffffff9e][0x7]D[0xffffffe6]dp[0xffffffba][0xffffffc6][0xffffff82][0xffffffdc][0xffffffe1][0xffffffc0]g[0x2]$A[0x1d]$[0xffffff86]hh[0xffffff80][0xffffffda][0xffffffb0][0x17][0xffffffcf][0xffffff90][0x18]U[0xffffffa4][0xfffffffd][0xffffffa0][0xffffff9a]Y[0xffffff8e]9[0xffffffbf];[0xfffffff2][0xffffffa4]/x7;C[0xffffffce][0xffffff80][0xffffff91][0x2]q&[0xfffffff0][0xffffff98]0PCy[0xffffffe0][0x1][0xffffffd7][0x8][0xffffffae]U@[0xffffffaf]p[0x7]I[0xffffff8a][0xffffffc7][0xffffff81][0xfffffff0][0xfffffff5]I[0xffffff87][0xfffffff7][0xffffffe2]Jo[0xffffff89][0x13][0xffffffa8][0x1][0xffffffdd]u[0xfffffff7][0xffffffc7][0xffffff9f]F[0xffffffaf][0xffffffd2][0x1a]$[0x1b][0xffffffaa]g[0xfffffff8]dYS[0xffffff9e]v[0xffffff9c][0xffffffa1]m[0xffffff89][0xffffffe1][0xffffffab][0xfffffff0][0xffffffd5][0x5][0xffffffa5][0x7][0xfffffff4]^[0x10][0xffffffeb] [0xffffffc8]n[0xffffffd6][0xffffff8a][0xffffffd0][0x8]9[0xffffffb2][0x18]u[0x18][0xffffffb5][0xffffffde][0xffffffe9][0xffffffd4]d[0xffffffbe][0xffffffaa][0xffffffeb][0xffffffc8][0xfffffff0]0[0xffffffc3]9[0xffffffa6]Kf9>[0xffffffbf][0xffffffb3][0xfffffff5][0xc]K[0xffffff8a]S[0xffffff99][0xffffff88][\n]"
09:46:43.494 [main] DEBUG com.github.dockerjava.zerodep.shaded.org.apache.hc.client5.http.wire -- http-outgoing-2 << "[0xc]MG[0xffffffee][0xfffffff6][0xffffff93][0xf][0xffffffff]-[0xffffffdd]gy[0xffffffbb]|ju[0xffffffb4]e[0x1d][0xffffff8b][0xffffffe1]e[0xffffff8a][0xfffffff2].[0x6][0xffffffd3][0xffffff92][0xffffffcc]k[0xffffffac][0xfffffffa]u]fjl[0xffffff8d]zf\[0x7][0x6][0xffffff82][0x1f][0xffffff9c][0xffffffa1][0xffffff89][0xffffffb8]p[0xffffff98][0xffffffc0]pg[0xffffffe4][0xffffffb5][0x1a][0xffffff84][0xffffffb9][0x4]GL][0xffffffcd][0xffffff85][0xffffffd4]$[0xffffffa9][0xc]Co3m[0xffffffff];[0xffffffb8]I[0xffffff82]F[0x5]?[0xffffff96][0xb]/[0xffffffc3][0xffffffcf]g[0xfffffff7]r[0xffffff90][0xffffffd0]/3[0xffffffb2][\r]r[0xfffffffb][0xffffffac]4[0xffffffb4][0xffffffc1][0xfffffffa][0xffffffa1][0xffffffda]x[0xfffffff8][0xffffffaa]3[0xffffffb0][0xffffffd3][0xffffffdf][0xffffffea][0xffffff9c]R[0xffffffcc][0xffffff9f][0xfffffff1]*[0xffffff9f][0xffffffb1]Lh^[0xffffffab][0xffffff8b][0xffffffda]m[0xffffffa8]T,[0xffffffea]S[0xfffffff0][0xffffffbd][0xffffffe4])[0xffffffc3][0x13]?s[0x1b][\n]"
09:46:43.494 [main] DEBUG com.github.dockerjava.zerodep.shaded.org.apache.hc.client5.http.wire -- http-outgoing-2 << "l^[0xfffffff1]U9[0xffffff85][0xffffffc1][0xffffffea][0x4][0xffffffb1]j[0xffffff99][0xffffffc1]1[0xb]J[0xfffffff9][0x13][0xffffff88][0xffffffae]sm[0x16][0xffffffa2]/|Q6[0xffffffad][0xfffffff0][0x11]aON[0xffffffeb][0xffffff8a][0x1e]@R[0x12][0xffffffa2][0xffffffba][0xffffffec]'[0xffffffe1][0xffffffe6]t[0xffffffd2]4&[0xe][0xffffffc9]~[0xffffffc8][0x14]&][0xffffffcf]-[0xffffffe3][0xffffff89][0xffffffdb][0x10][0x1c]mu[0xffffffe4][0xffffff82]![0xffffffb5]([0xffffff84][0xffffffb4]x[0xffffff88]-X+[0xffffffa6]4[0xfffffff0][0xfffffff1][0xfffffffc][0xffffff84],b[0xffffff85][0xffffffb3]j[0xffffffdb][0xffffffd1][0x18][0xfffffff2][0x13][0xffffff93][0xfffffff1][0xffffffd1][0xffffffb7]G[0xffffffb2][0x16][0xfffffffa][0xffffffc6][0xffffffdf][0xffffff9a][0xffffff8e][0xffffffa0][0xffffff81]1[0x17][0xffffffa8]P5Gt[0xffffff9b][0xffffffb5][0xfffffff0][0x1b][0x2][0x1a]aC[0xffffffc0]O[0xfffffff8][0xfffffffb][0xfffffff2];[0xffffff80][0xffffffa4]U[0xffffff97][0xfffffff5])[0xffffffa7]N[0xffffffd1]U1[\n]"
09:46:43.494 [main] DEBUG com.github.dockerjava.zerodep.shaded.org.apache.hc.client5.http.wire -- http-outgoing-2 << "[0xffffff94][0xffffff86]S[0xffffffe4]}[0xffffffcf][0xffffffe2][0xffffff8b][0xffffffa3]=[0xffffff99][0xffffff95][0x3][0xffffffb5]8l[0xffffffaa][0x1e][0xffffffef][0xffffff89][0x1f][0xffffff99].5[0xffffff88]{h[0xffffffbb][0xffffff97].y[0xffffffe9][0xffffff8c][0xffffffec]A[0x10]'[0xffffffa0]Gy[0xfffffff3][0xffffffcd]U[0xffffffdc][0xffffffe0][0xffffffcb][0xfffffff6][0x19][0x9]>@E[0xffffffa1]B[0xffffffdc][0x14][0xffffffc7][0x0][\n]"
09:46:43.494 [main] DEBUG com.github.dockerjava.zerodep.shaded.org.apache.hc.client5.http.wire -- http-outgoing-2 << "[0xffffffaf]n[0xffffffc3]7[0xffffffc3][0xffffff8d]U[0xfffffff4]L[0x7f][0xffffff9b]wx[0xffffffcc][0xffffff81]Q4'[0x3][0xffffff96]C3[0x14][0xffffff93][0x12][0xffffffe0][\r]_,O[0xffffff92][0xffffffdf][0xffffffff]?[\r][0xffffff9e][0xe][0xffffffa3][0xffffff8b]o[0xffffffc8][0x4]7[0xffffffa9]j[0xffffffb1][0xffffffc8][0xffffff89][0x1a]b[0x19][0xffffff9e][0xffffffbb][0x16][0xffffff99][0xffffff8a]o[0xffffffe4][0x1c][0xffffffa8][0xfffffff6][0xffffffc6]R[0xffffffd1][0xffffffc9][0xffffff97]Kbc,[0xffffffb9][0xffffffbe][0xffffffa2]QN>[0xffffff98][0xb]=.[0xffffff96]D4[0xffffff95]d,[0xffffffc2][0xfffffff1][0xffffffc7][0xfffffff2][0xffffffea]4[0xffffff84][0xffffffdf]]Rs[0x1][0xffffffba][0xffffff82]x![0xffffff90][0xffffffe2]Y[0xffffff8d]T[0xffffffc5]G'1~[0x1d]([0xffffffe6][0xffffffc0]\[0x1]~$[0xffffff83][0xfffffffb][0x14][0x5]*[0xb][0xffffffe8][0xffffffbe][0xffffff91]k[0xffffffcf]y[0xffffffcf]F{[0x19]p[0xfffffff0]~[0xffffff8a]W&oK[0xffffff8f]|a[0x8]j[0xffffffa7][0xffffff80][0xffffff9b]E[0x17]dS[0xffffffe2][0xffffff80][0xffffffde][0xffffffc1][0xf]n[0x1d]0[0x12][0xffffffe8][0x3][0x16][0xffffff9a][0xffffffd2][0xffffffdf][0xffffffe6][0xffffff95]G[0xfffffff3]j(On\lZM[0xffffff9b][0xffffffbc]+[0xffffffdc])[0xffffffd9][i[0xfffffff0][0x10][0x1]:[0xffffffcf][0xffffffa2]>[0xffffff81]PU|X[0x11]T[0xffffffc7]x[0xffffff8c]H[0xfffffffd][0x1a][0xffffffe1][0xfffffff7]@[0x3]}[0xffffff96][0xffffffe8]c[0x12]U[0x9]Fu[0x6][0xffffffa2][0xffffff81]I[0xffffffdb]IU [0xffffffb6][0xfffffff1]q[0xffffff84][0xffffffd1] [0xffffff88]T[0xffffffb7]9[0xffffff89]q-[0xffffffc9][0xffffffc9]v[0xffffffa0][0xffffffbd][0x9][0xffffff99][0xffffffa2][0xffffffe9][0xffffffe7]S[\r].[0xffffffc8][0xffffffc1][0x1][0x1a]\[0xffffffea][0xfffffff2][0xfffffff8][0xffffff87][0xfffffff0]<[0xffffffe4][0xffffff96][0x1d][0xffffff8d]*[0xffffffc1][0xffffffb6][0xffffffe0][0xfffffff7][0xffffff8f][0xffffffb9]D[0xffffffb7][0xffffffa6]T[0xfffffff1][0xfffffff9][0xffffffd5][0x14];[0xffffffb6][0xffffffa0][0xffffffe0]1[0xffffffee][0xffffffff][0xffffff92]^[0xffffffb8]D[0xffffffbe][0xffffffee]KN[0xfffffffb]|I[0x11][0x2][0xfffffff8][\r]R[0xffffff96]y=Na[0x17]%d[0xfffffff9][0xffffffd0][0xffffff80][0xffffff93][0xffffffd9][0xffffffed][0xffffffd7][0xffffffd5][0xf]r[0xffffffbd][0xf][0x1f]x![0xffffffcf]!W[0x1d]SY[0x19][0xfffffff2]G[0xffffffa2][0xffffffb4][0xffffff8f][0xffffff9e]D[0x3][0x11][0xffffffc1][0x4][0x3][0xffffff94]Y$[[0xffffff8f][0x7f][0xffffffa0][0xffffffa1][0xffffffcd][0xffffffa2][0xffffffaf]g[0xc][0xffffffee][0x4]]gs[0xffffff9c]t[0xfffffff3][0xffffff9c][0xffffffcb]k[0xf]"$^[0xffffffee][0xffffffcd][0xffffffb6][0xffffffb9][0xffffff84][0xffffffa5][0xffffffed]>[0xffffffb2]*[0xfffffff7]M[0xffffff99][0xffffff9a]n[0xfffffff6]J[0xffffffdf]{A[0x9]B[0x1a][0xfffffff7]R[0xffffffd5]k|[0xffffffea]kmA[0xffffffa6][0xffffff81]H[0xffffffb3]([0xfffffff8][0xffffff94][0xffffffe1][0xffffffd7]!Z]Joq[0xfffffff3][0xffffffc7]F[0x16]I[0x0][0x4]+i[0xfffffff1][0xffffffd8][0xffffffd2]|(.i[0xffffffdf][0xffffffda][0xffffffbb]8s[0xffffffcd],ih[0xfffffffd]d(/[0xffffffd4][0xffffffef]z,jK[0xfffffff0][0xffffffb9][0xffffffc5]!U[0xffffffb3][0xffffff86]~[0xffffff8a][0xffffffeb][0x1][0xffffff8f][0xffffffdc]\E[0x12]i([0xffffffae][0xffffff8a]i>[0xffffffba][0xffffffa9][0xffffffa7]\K[0xfffffff9][0xffffffb2][0xffffffb5][0xffffffcc][0x15]oM[0xffffffd7][0xffffffa9][0xfffffff1]sn[0x1a][0x2]+b[\n]"
09:46:43.494 [main] DEBUG com.github.dockerjava.zerodep.shaded.org.apache.hc.client5.http.wire -- http-outgoing-2 << "[0x18][0xffffffa2]SA[0x3]?[0xffffffbc]u[0xfffffffd][0xffffffb9]`2[0xffffff8e]"Y[0xfffffffa]JE[0x12](b[0xffffffa5][0xffffffb8][0xffffffba][0xb][0x1c]B[0xffffff88][0xffffff89][0xffffffb2][0x16]g[[0x13][0xffffffed]HE[0xffffff93][0xffffff93][0x19]D[0xffffffd9][0xffffffbc][0xffffffd4]'[0xffffffca][0xfffffffe][0xffffffc2]qi[0xffffffd8][0xffffffc8]][0x14]$[0xffffffe0]#[0xffffff83]4[0xffffff8e][0x2][0xffffffed][\r][0x15][0xffffff83]m[0xffffffe0]P[0xffffff96][0x4][0xffffffdb][0xffffffbe][0x7]][0xfffffff5][0xffffffca]#[0xffffffe2]R[0xffffffc4][0xffffffb6][0xffffffa7]0a[0xffffffc5]`e$[0xffffffa1]R[0xffffffbd][0xffffff9e][0xffffffe2]A[0xffffffbe]wB[0xfffffff8][0xb]"[0xffffffc2]_[0xffffffb1][0xffffffb4][0xffffffa0][0xffffffbb]~[0x3]E\[0xffffffbf]P[0xffffffdf][0xffffff83][0xffffffb5][0xffffff84][0xffffffaa][0x12][0xffffff80]q[0xffffffd1]m`B[0xfffffff2][0xffffffab]#[0xffffffca]:[\r][0xffffff80]g[0x3][0x1a][0xffffffb5][0xfffffffc]%Qp[0xffffff80][0xffffffcb][0xb][0xffffffec][0xffffffd5]v[0xffffff85]tG[0x16][0xffffffc8]b[0xffffffb4][0xffffff98][0xffffffe0][0xfffffff8]}>{[0xffffff90][0xffffffd9]<[0xffffffd9][0xffffffa6]M*[0xffffffc6][0xfffffffa][0xffffffa4]4C[0xffffffc7]%[0xffffffca]";[0xffffffdb][0xffffffd2][0xffffff8f][0xffffffd5]W[0xffffffda])[0xffffffbe][0xffffff98][0xffffffb3]|[0xffffffab],[0xffffffca][0xfffffff1][0x3][0x9][0xffffffd2]2s}[0xffffffd3][0xffffffb2][0xffffffe0][0xffffffba][0xffffff90][0xffffffd5][0xffffffd3][0x10][0xffffffe8]u[0xffffffc7].G[0x1d][0xffffffed]'[0xc][0xffffff8a][0xffffffa1]2>[0xffffffe8][0xffffffc4][0xffffffdb][\n]"
09:46:43.495 [main] DEBUG com.github.dockerjava.zerodep.shaded.org.apache.hc.client5.http.wire -- http-outgoing-2 << "[0xffffffd6]%[0xffffffe9][0x1d][0xffffffb6][0xffffff85]U7[0x13][0xffffffc3][0x1a]x[0x15]P!dD[0xffffffa6][0xffffff95]w[0xfffffff8][0xffffffe2]=[0xffffffb9]\[0x13][0xffffffc0]i[0xffffff9c][0xffffffaf][0xffffffe6]E[0xffffffae]h[0xffffffa9][0x1d][0xffffff86][0xffffffc6][0xffffffa3]S[0xffffffc1][0xfffffff9]_[0xffffffa1][0xffffffe9][0x8][0xfffffff3]Mt[0xffffffce] [0xffffffa8]!&[0xffffff8c][0xffffffe8][0xffffff81][0xffffffb0]}[0xffffffe8][0xfffffff7][0xffffff84]W*D[0xffffffd6][0xffffffcd]U%[0xffffffdc][0xffffffa4][0x15][\r][0xffffffcf][0xfffffff4][0xf][0xffffffe9]+#[0xffffff9f][0x9]$%[0xffffff83][0xffffffaa][0xffffffa9]r[0x11]+[0xffffff8c][0xffffffce][0xfffffffa][0xfffffff6][0xffffff9f][0xffffffe6][0x1f]~[0xffffffe7][0xffffffd6]6[0xffffff99][0xffffffbe]4[0x11][0xffffffce][0xb]b[0xffffffd9][0xfffffff5][0xfffffff2][0xfffffff4][0xffffff82][0xffffff9c][0x5][0xfffffff4]-[0xffffffd6][0xffffffb1]7[0xfffffffd][0xffffffe0][0xffffffb3][0xfffffff4][0xffffffdf][0xffffffcc][0xffffff81][0x18][0xffffffa7][0x15][0xffffff89][0xffffffd2]A[0x5](/u[0x19]H[0xffffff88]k5&[0x2][0xffffff98][0xffffff88][0xfffffff5]uQ[0x1b][0xffffffc7][0xffffff90][0xffffff86][0xffffffa9]w"!^\[0x9]]][0x4][0xffffffb9]?[0xffffffbb][0xfffffff3][0xffffffa7][0xffffff8a][0xffffffa0]7[0xffffffc8]3[0xffffffe0]T4[0xffffff83][0x1a][0xfffffff7]q[0xffffffff][0x11][0xffffffd7][0x12][0xffffff91][0xffffff8a]c0[0xffffffca]jfJ[0xffffff85][0x8][0x1a][0xffffff96][0xffffffa3]h[0x1d]s[0xffffffa2][0xfffffffa][0xffffff99][0xffffff88]q[0xffffff85]%E[0xffffffe1]g;[\n]"
09:46:43.495 [main] DEBUG com.github.dockerjava.zerodep.shaded.org.apache.hc.client5.http.wire -- http-outgoing-2 << "[0xfffffff7][0xfffffffb][0xffffffb8]o[0xffffffb2][0xffffffeb][0xfffffff4]MH\j[0xffffffbe][0xffffffe1]z[0xffffffd9][0x4][0xffffffc9][0xffffffbc][0x11]L[0xffffffe5]6[0xffffffbe][0x1][0xffffffa2][0x6][0xc]>[0x8]'[0xffffffe0][0x16][0xffffffeb][0xffffffc8][0xffffff98][0x7f]d[0xffffffe6][0xffffffac][0xffffffb7][0xffffffcb][\r]\3[0xffffff8a]}[0xb][0xffffffc5]3&[0xffffffe2]6[0x19]g[0xffffff8d][0xffffff94][0xffffff93]=[0xffffffec]D[0xffffff9d]<;[0xffffffc0][0xf][0xffffffd7]jWi|F[0xffffffd8][0x1f]r[0xffffffd7][0xffffff8a][0xffffffe2][0xffffffa3][0xffffffec][0xfffffffc][0xffffffe6][0xffffff85][0xffffffaf]me[0xffffffde]U[0xffffffe0][0xfffffffb]4[0xffffff92][0xffffffc2][0xfffffff7]n[0xffffff98]81[0xffffffd1][0xfffffff2];[0x1b]B[0xffffff8a]-[0xffffffdc][0xffffff9f][0xffffffae][0xf][0xffffff95][0xffffffab][0xffffffa7]JK[0x12][0xfffffffb][0xffffffd6][0x18][0xffffffad]@oQ[0xffffffa2][0xffffffe2]7[0x10][0xffffffee]y[0xffffffcd]2bl[0x19])[0xffffff8c]G[0xffffffdd].[0xffffffde][0xffffffc8] [0xb][0x1c]T[0x8][0x9][0xffffff96][0x16][0x1f]{[0x5][0xffffffcf]@C[0xffffffa4]N[0xffffffd6]o[0xffffffb7][0x11]X[0xffffff9d][0xffffff95][0x1]uO[0x9][0xffffffcd][0xffffffc6][0x5]"Z[0xffffffa0][0xffffffa4]B[0xe])n~l[0xffffffe5][0xffffffc8][0xffffffa4][0xffffffeb][0xffffffb0],k[0xffffffa3][0xffffff90]rzh[0xffffffa5][0x2][0xffffff95][0xffffffae][0xffffffa1][0x1d][0xfffffff7][0xffffffaf]`[0x18][0xffffffff][0xffffff95]ME[0x4][0xffffffe3][0xffffffc3]?[0xffffffd1]H[0xffffffe1]x[0xffffffe0]f[0xfffffffb][0xffffff82];[0xffffffbd]XJ[0xffffff94][0xffffff90][0xffffffa3]Pe[0xffffffaa][\r][0xffffff84]FI[0xffffffc5][0xfffffff6]3[0xffffff90]F[0xffffffb9][0xffffffcf]&[0xffffffcf]{[0x15]hx'8b[0xffffffcb]8[0xffffffba][0xffffffdd][0xffffffd1]vj}[\r][\n]"
09:46:43.495 [main] DEBUG com.github.dockerjava.zerodep.shaded.org.apache.hc.client5.http.wire -- http-outgoing-2 << "B[0x5][0xffffffdf][0x1b]/[0xffffff90]K8[0xffffffb0]x[0xffffffdb][0xfffffff8][0xffffffbd][0xfffffff3]"[0x15][0xffffff80][0xffffffed]i1c[0xffffffa4]+m[0xffffffb5]C![0xffffffe9]|[0x1a]][0xffffffa3]Wb!`[0x3]q[0xffffff90][0xffffffbe] y[0x1c][0xffffffa1][0xffffffb9][0xffffff85]m[0xffffffed][0xffffffec][0x18]<[0xffffffe2][0xfffffff7]=g791[0xf][0xffffffdf][0xffffffda][0xffffffa4]Zz[0xffffffab][0x14][0xffffffa6][0x18][0xffffffaa][0xffffffc3]R[0x1a]-A[0xffffff80][0xfffffff5]m7[0xffffffe9]$d"[0x12][0xffffffad][0xffffff87][0xffffff8d];[0xffffffa0][0xe][0xffffffec][0xffffffea][0xffffffd7][0xffffffd7][0xffffff91][0xffffffe6][0xffffffc5]b[0xfffffff1]gR[0x13][0xffffffd3][0xffffffd7][0x5]+#[0xffffffe0][0xffffff91][0xfffffffd]f[0xfffffff5][0xffffffbc]'[0xffffff98]phQ[0xffffff86]H[0xffffffac][0xffffffc1][0x7f]P[0x3]9[0x1a]cw[0x1e][0xffffffd3]S[0xffffffe8]8[0xffffff9f][0x1c]~F@[0xfffffff6][0xffffffa9]|[0xffffffaf]>[0x18][0xffffffbf]??[0xffffffb3][0xffffffdb][0x15][0xffffff8a][0xfffffff1][0x11][0xfffffffa]_4G[0xffffffda][0x9][0xffffff92],d[0xffffff8e]#[0xffffffdc]a[0xffffffde][0xffffffd7]w[0xffffffaa][0xffffffc4]R[0xffffffcd]+8[0xffffff80][0xffffff8a]G[0xffffffe0][0xfffffff2][0xffffffda]+[0xffffffe2]@[0xffffffdd][0xffffff90][0xffffffd9][0xffffffe9]`[0xffffffc0](lu7[0xfffffffd]=k[0xffffffa3][0xffffffb2]w[0xffffffba][0xffffffb1]9-y[0xffffffdb][0xffffff82][0xffffff87]?[0xffffffd2]El^[0xffffffd1][0xffffffad]-?[0xffffff93][0xffffffa1][0xffffff9f][0xffffffd3][0xffffff9f][0xfffffff3][0xffffff89][0xfffffffa][0xffffffa0]'/[0x7f][0xffffffcc]D([0xffffffcf]N[0xffffffae][0xffffff9b][0xffffffbe][0xfffffffb][0xfffffff1][0xffffffc0]"[0xffffffe0][0x11][0xffffffa1][0x18]H[0xffffffb7][0xffffffcb][0x1][0xffffffdb]3[0x11][0xffffffdb]'7[0xffffff8c][0xffffffd9][0xffffffad]=[0xfffffff0][0x7][0xffffff8e][0L[0xffffff93][0xffffff8c][0x7f][0xffffffbc][0x1d]J[0xffffffbe][0xffffffcb]$[0xffffffc9][0xffffffc1]z[0xffffffaf]z[0xffffffdb]l[0xffffffda][0xffffff9b][0x16][0xfffffff3][0xffffff82]'[0xffffffb2]O|[0xffffff8d][0xffffff8c]T[0xffffff9d][0xffffffb0][0xffffff8a]F^[0xffffffd1][0xffffffa0][0xfffffffd][0xffffffbe][0xffffffb4][0xffffffac]wX^[0xfffffffd][0x17][0xffffffe8])[0x17]=C[0xffffffd5][0x4][0xffffffbc][0x18][0xffffffee][0xfffffff9][0xffffffe2][0xfffffff5]U>[0xffffffb7][0xffffffd3][0xffffff99][0xffffffe7][0xffffffd3]aKA[0xffffffd2][0xffffffec]v[0xffffffd0]D[0xffffffa7][0xffffffb2]>[0xfffffff0]0[0xfffffff4][0xffffff98]X![0xffffffb7][0xffffffff][[0xfffffff9][0xffffff95][0xffffff9a]N[0xfffffff5][0xfffffffc][0xfffffff4][0xffffffde][0xffffff9c];#[0xffffffc4]`[0xf][0xfffffff3][0xffffffa9][0xffffff86][0xffffffcf][0x1f]C[0xffffffdf][0xffffffbd][0xffffff95][0xffffffe5][0xffffff86][0xffffffc8][0xffffffa2][0xffffffe3][0xffffff8d][0xffffff94]\[0xffffffa3]Sz[0xc][0xffffffa1][0xfffffff8]?O[0xffffffbf]Y6ANI?[0xffffffa1]$2\[0xffffffc3][0xb][0x14]KI[0xffffffba]iA[0x7f]rs3[0xffffff84]A;[0x1]h[0x17]5[0xffffffb8]H[0xffffff8d]>[0xffffffdc][0xffffffd4][0xffffffc9]B[0xffffffd8]_=[0xffffffbc]S[0xffffffd0][0xffffffb9]a\[0xe][0xffffffec]@o[0xffffffb2][0x14][0x1b]i[0xffffffda]b[0xffffff85][0xffffffdb][0xffffffb2]|/"N[0x1a][0xffffff85][0x1f][0xffffff92]p[0xffffffd9]}[0xffffffbe]m[0xfffffff3][0x7][0xffffffed][0xffffffe6][0x1a][0xffffffd4]V[0xffffffd4][0xffffffe5][0xffffffdb][0xffffff8e][0xffffffee][0x6][0x16][0xffffffca]w[0x19][0xffffffb9][0xffffff8b][0xffffffc6][0xffffffb6]g[\n]"
09:46:43.495 [main] DEBUG com.github.dockerjava.zerodep.shaded.org.apache.hc.client5.http.wire -- http-outgoing-2 << "F[0xfffffff5][0xffffff87][0xffffffd7]L[0xffffffc6][0xffffffb6][0xffffff87]jW[0xffffffb3][0xffffffeb][0xffffff97][0xffffffd3][0x17]5[0xfffffffb][0xfffffff5][0xffffffd3][0xffffffe6]~[0xffffffb1][0xffffffb8]8[0xfffffff7][0x1b][0xffffffc0]d[0xffffffe4]Y[0x18]w[0xffffff8b]F[0x14][0xffffffa9][0xffffff96][0xffffff9c]}~[0xffffffcf][0xffffffcb]4[0xffffffe6]y[0xffffffc1][0xffffff93][0xffffff97][0xffffffde][0xffffff84][0xffffff87]"z[0xffffffa1][0xffffffa0]5 [0xffffff8d]m[0xfffffff9][0xffffff89]j[0xffffffa2]W[0x9][0xffffffad][\r][0xffffffe2][0xffffffe0][0xffffffec][0xffffffc0][0xfffffffd]([0x7][0xffffffd9]7[0x1d][0x0]O[0xffffff89][0xffffffe1]S[0xffffffae][0xffffffe3][0xffffff9c]1T[0xffffffab][0xf][0xffffffb8]<[0xfffffff3][0xffffffa8][0xffffffc3][0xffffff96][0x1][0xffffffc9]2xo[0x2][0xf][0xffffffba]3[0xffffffc8]o[\n]"
09:46:43.495 [main] DEBUG com.github.dockerjava.zerodep.shaded.org.apache.hc.client5.http.wire -- http-outgoing-2 << "[0xfffffff8][0xffffffa1][0xffffffe7][0xffffffa5][0xffffffa0][0xfffffff6][0xffffff84]%[0xffffffca][0xfffffffe]<[0xffffffbf]S'[0xffffffcf]zO[0xffffff8e]?$[0xffffffab]([0x2][0x9]O`[0xffffffc3][0xfffffff7]m[0xffffff9f]h^[0xffffffea]9[0xffffffb3][0xffffffa9][0xffffffdc][0xffffffcc][0xffffffde][0xffffff96][0xffffff84]F[0xffffffe2]I[0xffffffcc]f[0xffffff97][0xffffff85][0xffffff8b]O[0xffffff8f]yV[0xffffffe2][0xffffffcc]E;c6[0xffffffb8]4[0xffffffb3]}[0xffffffa8]SJ[0xffffff87][0xffffffa9][0xffffffb5][0xffffffa9]h[0x15]Rs3I[0x1e][0xffffff8a]f[0xffffffc7][0xffffffb3][0xffffffaa][0x5][0x7][0xffffffc6][0xffffffc8][0xffffffa4]HJqa[0x1f][0xffffff9f][0xffffffe8][0xffffff87][0xffffffe2]&[0xffffff9f][0xffffffde](_[0xffffffb7][0xffffffb6][0xffffff97][0xffffffb2][0xffffffd5][0xfffffff9][0xffffff91]I[0xffffffc0][0x10][0xffffffe5][0xffffffbd]z8[[0xffffffae][0xfffffff5]if[0x15][0xffffff94]B[0xffffffed]W[0xffffffed]\0UL[0xffffff8e][0xffffff8b][0x1e]bH[0xffffffdf][0xffffffa6][0xffffff95]d[0x15][0xfffffff1][0xffffffe2]K}[0x1b] [0xffffff84]6YJ[0xffffff89][0xffffffd8][0xffffffe6][0x9]X+um[0xffffffcc]/[0xfffffffa][0xffffffb9][0xffffffb6][0xffffffce][0xe][0xffffff83]^E[0xffffffad]h[0x11][0xffffff98][0x9]%[0xffffffd4]Iz[0xffffffa5][0xffffffdc][0x17]A[0xffffffe4][0x7][0xffffff9e]z[0xffffffba]3[0xffffffe6][0xffffffdc][0xffffffb9]Ao[0xffffffa8][0xffffffb2][0xffffffee]o\[0xffffffef]6C p[0xfffffff5][0xffffffde]G^[0xffffff88]K[0xffffffff]"
09:46:43.497 [main] DEBUG com.github.dockerjava.zerodep.shaded.org.apache.hc.client5.http.wire -- http-outgoing-2 << "x[0xffffffee][0xffffffef]S[0xffffff95]`[0x3]l-[0xffffffd1][0xffffff84][0xffffff93][0xffffffc9]l[\r][\n]"
09:46:43.497 [main] DEBUG com.github.dockerjava.zerodep.shaded.org.apache.hc.client5.http.wire -- http-outgoing-2 << "8000[\r][\n]"
09:46:43.497 [main] DEBUG com.github.dockerjava.zerodep.shaded.org.apache.hc.client5.http.wire -- http-outgoing-2 << "~Z{[0xffffffd2][0x16][0xffffffca]ka[0x1b][0xffffffdf]5[0xffffff8f]u[0x11]v=[0xffffffbf][0xffffff92][0xffffff98][0xffffffd5]U[0x1d]:[0xffffffc5][0xffffffbb]![0xffffffcc][0xffffffbc]v[0xffffffe7][0xffffff89]F[0xffffffbb]W[0xffffffc4][0xffffff95][0x18][0xffffffa0][0xffffffa0]W[0x6]`[0xffffff88][0xfffffffd]I[0xffffff9b][0x1a][0xfffffff1]0[0x13][0xffffff99][0xffffffa3]$[0x11]f[0xffffffc3][0x1c][0x11]j,[0xffffff83][0xffffffeb]PK[0x18]s[0xffffffa9][0xffffff8c][0xffffffc0][0xe][0xfffffffb]&<[0xf][0xffffff96][0xffffffdf][0xe]m[0xffffffb7]],[0xffffffab]B[0xffffffbd]?[0xffffffc2]*L[0xffffffbd][0xffffffe9][0xffffffc9])[0xffffffc4][0xfffffff3][0xfffffff9]M[0xffffff80][0xfffffffd][0x7f]n[0xffffffed][0xffffffbd][0xffffff9b][0xffffffe2][0x7f]QO=[0xffffffb2][0xfffffff7]!j[0x1c][0x13][0xffffffc6]|mx[0xffffffa5][0xfffffffa][0xffffff93][0xffffff8c][0xffffff8c][0xffffffed]G[0xffffff98][0xffffff86][0x11][0xffffffda][0xfffffffb]o[0xe][0xffffffde][0xfffffff3][0xffffff9f][0xffffffe8][0xffffffa9][0xffffffec]E[0x19][0xffffffbd]8R[0xffffffa7][0xffffff9f][0xffffffd2]H[0xffffffeb][0xfffffff3]&Pt[0xffffff8c][0x4][0xffffffd7]a[0xfffffffb][0xffffffe3][0xffffffe0]}C[0xffffffa8][0x7f][0xffffff86][0xffffffc1][0xffffff9e][0xffffffaf][0xffffffbb]C[0xffffffed][0xffffffd2][0xffffff96]WAL[0xffffffc8][0xe][0xfffffffc][0xffffffeb][0xffffffdd][0xfffffff3][0xffffffd3]Z[0xffffffdd][0xffffffba][0xffffff8f]"m[0xffffff8d][0xffffffe4]>[0xffffffb3]u[0xffffffa9]=p[\r][0xffffffab]9q[0x1d][0x6]3[0xfffffff6][0xffffff87][\n]"
09:46:43.497 [main] DEBUG com.github.dockerjava.zerodep.shaded.org.apache.hc.client5.http.wire -- http-outgoing-2 << "[0xffffffad][0xffffff9d]5[0xffffff9f][0xffffff90]`zG6,[0xffffffac][0x1c][0x11][0xffffffec]^[0xffffffbf][0xfffffff1][0xffffffd3][0xffffff9b]pd[0x16]#[0xffffffb6][0xffffffbd][0xffffff9f]s[0xffffffbc][0xffffffe5]g[0xfffffff7]w[0xffffffb8]Y,"[0xffffff86][0x3][0xffffffdf]990[0xffffffbf][0xffffff8c][0xffffff85]`:[0xffffff9e][0x16][0xffffff81][0xffffff9b][0x14][0xfffffff6](P[0xffffff90]m[0x13][0xffffff85][0xffffff8a][0xffffffbf]#[0xffffffc1]e[0xffffff88][0xffffffef]UarV[0xffffffa7]{[0xffffffe7][0xfffffffd]P[0x1f][0xfffffffc][0xfffffff2][0xffffffb2][0xffffff9a][0xffffffc5][0xfffffff3][0xe][0xffffff80]a[0xffffff89][0xffffffbd][0x14][0xffffffd7][0xffffffcd][\n]"
09:46:43.497 [main] DEBUG com.github.dockerjava.zerodep.shaded.org.apache.hc.client5.http.wire -- http-outgoing-2 << "[0xffffffed][0xffffffa1][0xffffffc7][0xffffffba][0x10]lJ[0xffffff91][0xffffffc2]k[0xffffffc7][0xffffff83][0xffffff86][0xffffff84]n[0xfffffffc][0x18][0xfffffffe][0xfffffffb]9[0xffffffa4]z[0x1f]6[0xfffffffc][0xffffffbf][0xffffff9f][0xffffffdc][0x7f][0xf][0xffffffeb]|[0xffffffdd][0xffffffbd]Jq[0x10][0xffffffed][0xffffffa8]L[0xffffff9e][0xffffff83][0xffffffda][0xffffffd8][0xffffffe9]-+[0x1b]e[0x0][0xffffff86][0xffffffa8][0xfffffffd]s[0xffffff87][0x1a][0xffffff98][0xffffffb4][0xfffffff6][0xffffff9b][0x2]z O[0xffffffd8][0xffffff93][0xffffffe1][0xffffffe2][0xffffffd1][0x19]:[0xffffffd2][0xffffffbb]~[0xffffffc0][0xffffffc2][0xffffff81][0xffffffed]c[0xffffff8f][0xffffffce]8[0xe][0xfffffffd][0x1].a[0xfffffffc][0xfffffff2][0xffffffd9][0xffffff80]=[0x13][0xfffffff1][0x4][[0xffffffb6]K9Vl[0xffffffcb]][0xffffffdd]R[0x8]}[0x3]C[0x4][0xfffffff6][0xffffffb3]u[0x17]^[0xffffff99]e[0xffffffaa]2d$[0xffffffbb]A"o}[0xffffffc7][0xffffffb0]$[0x2][0x1c][0xffffff8e][0x1d][0xffffffc7]IST[0x15][0xffffffec]H[0xffffffb9][0x13][0xffffffa6][0xffffffe7][0xffffff92][0xffffff81][0xffffff94][\n]"
09:46:43.497 [main] DEBUG com.github.dockerjava.zerodep.shaded.org.apache.hc.client5.http.wire -- http-outgoing-2 << "[0xffffff99][0xffffffaf][0x16][0xffffffbb][0xffffffa6]0|[0x7f]xZ[0xffffffb5][0xffffffe4][0xfffffffb][0xffffffab][0xffffff90][0xffffffa3][0x11][0xffffffaf][0xffffff97][0xffffffae]n$t[0xffffffd8][0xffffffa7][0xffffffb3]s8W8[0xffffffa8]JXa'j[0xffffffbb][0xffffffde][0xffffffd0][0xffffffe2][0xffffffee][0xffffffcd];[0xffffffb0][0xffffff9c]3[0xffffffd4][0x1c][0x1a]j%N[0x1d]J[0xffffffb1]tK[0xffffffab][0xffffffa3]?[0xffffffd9][0xffffff83]w[0xffffffa6][0xfffffffe][0xffffffbe][0x0][0xffffffb8][0xffffffa0][0x15][0xffffffe9][0x11][0xffffffa6][0xffffffcc][0xffffff94][0xfffffff1][\n]"
09:46:43.497 [main] DEBUG com.github.dockerjava.zerodep.shaded.org.apache.hc.client5.http.wire -- http-outgoing-2 << "a[0xffffffde]T[0xffffffd6][0xffffff9d]][0xffffffdd]q[0x1f][0xffffffd2]*[0xffffffba][0xffffff9b][0xffffffde][0x15][0xffffff9b][0x16]/[0xffffffe0][0xffffffa4]>]T[0xffffff8c][0xffffffb6][0xffffffea][r[0xffffffdc]r[0x1f][0xffffffea]gO[0xfffffff3]E[0xffffffe3]Iy[0xffffff94][0xb][0xffffff87]M[0xffffff8f][0xffffffd8][0xffffffda][0xffffffcf]{[0xffffffdd]\[0xffffffc6][0xffffffd2][0xffffff8e][0xffffffbd][0x7][0xffffff97][0xffffffa6]uU[0xb][0x7][0xffffff9b][0x4]r[0xffffffc4] `[0xffffffc3][0xffffff8b]Q[0xffffffe4][0xffffffc0][0xffffffa9][0xfffffffc][0xfffffffc]M[0x6][0xffffffc3]}Z[0xffffffc2]85K[0xffffffec]\i[0xffffffaa][0xffffffe9][0xffffffab][0x8]m.[0xffffffa6]#[0xffffff92]n[0xffffffe7][0xffffffc4][0xfffffff3]DF}J,==z[0xffffffbd]?[0x1][0x1c][0xffffffc8][0xfffffffb][0xffffff9e][0xfffffffa]d[0xffffff81]iWHcO[0xffffffe1]L-:[0xfffffff7][0xffffff8c][0xffffffe8][0xfffffffb][0xffffff99]w<.M7UFq[0xffffff81][0xffffffe1][0xfffffff8]j[0xffffffb1]^[0xffffff8e][0xffffffe3][0xffffff9c][0xfffffff0][0xfffffff4][0xffffffa4][0xffffffde]""M[0x5]l=[0x7][0x8][0xffffffec][0xffffffc1]'[0xe].[0xffffff9e]e[0x0][0xffffffca][0xffffffcb][0x19][0x7f][0xffffffee][0xffffff81]Z@V$Z[0xffffffa0][0xffffff8d]j)[\r]=[0xffffffcb]Wz-T[0x0][0xfffffff4]s[0xfffffff2][0xffffffa7]v&,[0xffffff9d][0xfffffff3]L[0xffffffed][0xffffffb4][0xffffff9c][0xffffffe6]N[0xffffff98]V|[0x1e]"[0xffffffb2][0xfffffffa][0xc][0xffffffcd]yU[0x6][0xffffffad][0xfffffff9][0xffffff9a]Du[0x15][0xffffff8f][0xffffffcf][0xffffffcc][0xffffffa7]Uq[0xffffff8a]q[0xffffff80][0xffffffa5][0xffffffee][0xffffff81]c[0xffffffe7]p[0xfffffffc][0xffffffd4][0xe][0xfffffff5][0xfffffff8][0xffffffc5][0xffffffc1][0xffffffd1][0x10][0xffffff97][0xfffffff1][0xffffffa7][0xffffffdb][0x7]^U[0xffffffda][0xffffff98][0xffffffe8][0xffffffab][0xffffffcd]C[0xffffffa1][0xffffff8b][0xffffffb8][0xffffffdc][0xffffff88][0xfffffff9][0xffffffa8][0xffffff8e]Lb[0xffffff9d]~[0xffffffe9][0xffffffe0]>[0x8][0x4][0xffffffea][0xffffff80][0xfffffff3][0xffffffa8][0xffffffc6][0xffffff9a]<[0xffffffc9][0xffffffe2][0xffffffdd][0xffffffe0][0xffffffdd][0xffffffc5][0xffffff9f][[0xffffffa3]^+[0xffffffc6]([0xffffff9a]GW[0xffffffef]k[0x3][0xffffff8c][0xffffff83][0xfffffff2][0x1d][0xffffffb9]8i[0xffffffb1][0xffffffe1]QBSf[0x12][0xffffffd2][0xffffffd0][0xffffffdd]J[0xffffffba][0xfffffff3][0xffffffe5][0x11][0xffffffa6][0xffffffd9][0x8]XE[0xffffffcf][0xffffffc3][0xc][0xffffffe6][0xfffffffb][0xfffffffc][0x1c][0xffffffc9]0[0xfffffff1][0xffffffcc]0[0xffffff8e][0xffffff94][0xfffffff3][0xffffffc7][0xfffffff7][0xffffff98][0xffffffd6]m[0xffffffe3][0xffffffd9][0x10]J[0x16][0xffffffc7]Q[0xffffffa7][0xfffffff4]"[0xffffffe3][0xffffffd9]`K[0xffffff83]<[0xfffffff6][0xffffffcd]IW[0xffffffdb]zC[0x1f]+z[0xffffffbf][0xffffffed][0xffffff8e]/q[0xfffffffe][0xffffffe8]G[0xffffff83][0xffffffe2][0xffffffc3][0xffffff9c]Wr[0xffffffca][0xfffffff8]<[0xffffffda][0xffffff87][0xffffffa0]3[0xffffffff]b^[0xffffffb5]m+[0xffffffff][0xffffffe1][0xffffff9f][0xffffffef][0xffffffec][0xffffffd9]Q[0xffffffff][0xffffffae][0x1][0xffffff8e][0xe][0xffffffc7]X[0xfffffffb][0xffffff97]7[0xffffff8d][0xffffff99]em[0xffffffce][0xffffffbb]t_[0x8]g[0xffffff8a][0xffffff93][0xffffffbf][0x19][C[0xffffffba]R[0xffffffd4][0xfffffffe][0xffffff9f][0xffffffdf]{[0xffffffe8]41[0xffffffb1][0xfffffffd]^[0xffffffaa][0xffffffe1]*[0x7][0xffffffb2][0xffffffe7];[0xffffffd1]l[0xffffffa2]u{[0xffffff8e][0xffffffb7][0xffffffd5][0x1e][0xffffff99][0xffffffb1]:[0xffffff8a][0x3][0xffffffe0][0xffffffea]N@[0xffffffc4][0x1f]gB[0xffffffc1][0x1a][0xffffffb7]:[0xffffff88][0xffffffbd]^[\r]d[0xfffffff4][0xffffff9c]"#[0xffffffab]Y[0xffffffd0][0xf][0xffffffa0][0xffffffcd][0xfffffffd]Z[0xffffffce][0x15]R]^[0xffffffee][0xffffffd0]ktr[0xffffff94][0xffffffd6][0xffffffbe][0xffffff92]D[0xffffffcc][0x8] \o[0xffffffab][0xffffff87]-[0xffffffc3]Z1[0xe]m[0xffffff85]v[0x1d][0xffffffa7]t[0xffffffba][0x2]5[0x7][0x10][0x15][0xffffff91]jV[0xffffffe8][\n]"
09:46:43.497 [main] DEBUG com.github.dockerjava.zerodep.shaded.org.apache.hc.client5.http.wire -- http-outgoing-2 << " [0x6][0x11][0xffffffc7][0xffffffe4][0xffffff83][0xffffffdf]x[0xffffffab][0xffffffaa][0xffffffb9][\r][0xffffff9c]bT[0xffffffa8][0xffffffe2]{[0xffffffed][0xffffff9d][0x1d]0[0x8][0xfffffffb][0xffffff94][0xffffffce][0xffffffb0]w6)[0x19][0xffffffa2]f[0xffffffd1]a[0xffffff90][0xffffffb1]O[0xffffffb7][0xffffff82]P:[0xffffffde][0xffffffb9]r[0xfffffff9][0xb][0xffffffda][0xffffffdd][0xffffffe8][0xffffffce]2[0xffffffd5][0x1c].n[0xffffffbe][0x15][0xfffffff8]N[0xffffff8e][0xffffffde]x$@[0xffffff8b][0xffffffc5][0xffffff93]K[0xffffff92][0xe][0xffffffc9]^[^?t[0xffffffb8][0x6]?[0xffffffc7].[0xffffffe0][0xffffff98][0xffffffcb][0xffffff91][0xffffff96][0xffffff98][0xffffff86][0xffffffd0]q[0xffffffc9]@[0x1][0xffffffe2][0xffffff84]@][0xfffffffd]T[0x1f]|[0xffffff8f]k[0x1][0xffffff86][0x0][0xfffffff3][0xffffffa8]m[0xffffffd2]Tt[0x17]-\x[0xffffff9b]y[0xffffff8a][0xfffffff7]+[![0xffffff87][0x11]m6[0xffffffd0][0xc][0x10][0xffffffdd][0xffffffe1]?u[0xffffffe2]s]I[0xffffff80][0x1d][0xffffffd4][0xffffffd1][0xffffffc2][0xffffff9d][0xffffffa4]r[0xffffffc3][0xffffff96][0x14][0xe]w'[0x1d][0xffffff88]\[0xffffffef][0xffffffc7]1[0xffffff84][0x7f]_Z[0x11][0xffffffb0][0xfffffff9][0xffffffc2][0xffffffbb][0xffffffb5][0x4]?G[0xffffffd3][0xffffffe7][0xffffffa1][0xffffffff][0xffffffa1]G[0xffffffb3][0xffffffd7][0x5]M[0xffffffa4][0xffffffe8][0xffffffb0][0xffffff9b]0[0x1b][0xffffffea][0xffffffaf][0xfffffffe][0xffffffab][0xfffffff2][0xffffffc8][0xffffff9d][0xffffff9b][\n]"
09:46:43.497 [main] DEBUG com.github.dockerjava.zerodep.shaded.org.apache.hc.client5.http.wire -- http-outgoing-2 << "l[0x1f]'[0xffffffee][0xffffff9f][0xffffffa9][0xf][0xffffffb3][0xffffffdc][0xffffffdf]U>[0xfffffff9][0xffffffd3][0xffffffd9]c[0xffffffcc][0xb][0xffffff90][0xffffffcf][0xffffffca].[0xfffffffd][0xffffffee]>'L[0x1][0xffffffb5][0xffffffa4],[0xffffffc1]&[0xffffffec][0xffffff83][0xffffff86][0xffffffdf]tF[0xffffff81][0xffffff82][0xffffffea][0x8]a[0xffffff88][0xffffffb6][[0xffffff9d]][0xffffffbc]l[0xffffffaa]3[0xffffff92][0xfffffff5][0xffffffc6]4[0xfffffffa][0xffffffe9]-[0xffffff8e][0xfffffff0][0xfffffff3][0xffffff90][0xffffff91]n[0xffffffcc][0x17]q[0xffffff84][0xffffffd1]"[0xffffff99]?[0xffffffba][0x8][0xffffffb6]3[0xffffffca][0xffffffdb][0xffffff99][0xe]w[0x1b][0xfffffff6]r^[0x1d][0xffffff94][0x7]^[0xffffffcc]%[0x18][0xfffffff9][0xffffffb8][0xffffffa2][0xffffffae][\r][0xffffffd2][0xffffff8d]$[0xffffff90]B&[0xffffffd4][0xffffffc3][0x10][0x0]:[0xffffffed][0xffffffa0][0x8][0xffffffdd]IA[0xffffffc1]p[0xffffffa5]e1[0xffffffe7][0xffffff88][0xfffffff3][0xffffffe0][0x7][0xffffffed][0xffffffb0]Tx`[0xffffff8b][0xffffffed][0xffffffb5][0xffffff9d][0xffffffc5]f[0xfffffff2][0xffffffb6][0xfffffffe][0xffffff8b][0xffffffb9]Z[0xffffffd7][[0xffffffd4]^[0xffffff8a][0xffffffd6][0xffffffe5][0xfffffffb][0xffffff81]x4[0xffffff8b][0xfffffff4]Bkw [0xffffffc1][0xfffffff2][0xfffffff9][0xffffff8d]P[0xffffffdd][0xffffffdb]i[0xffffff96][0x1f][0xffffff81][0xffffff92]@u6[0xf]a[0xffffffd5][0xffffffc3][0xfffffff8][0x1]s[0xfffffff5][0xffffffc2][\n]"
09:46:43.497 [main] DEBUG com.github.dockerjava.zerodep.shaded.org.apache.hc.client5.http.wire -- http-outgoing-2 << "\[0xffffffdc][0xffffffbc]~[0x10][0xffffffb7]?[0xffffffb0][0x1a][0xffffffed][0xffffff92][0xffffffb6][0x18][0xffffffe4]n(&[0xffffffbf]V[0xffffff80][0x16][0xffffffac]P[0xffffffa4][[0x13][0xffffffa0][0x3][0xffffff9e][0xffffff9b]_[\r][0xffffffd8][0x5][0x4]ke[0x9][0xffffff9f][0x6][0xffffffce][0xffffffd0][0xffffffeb]k[0xffffff8b]H[0x12]M[0xffffff97]Q[0x11][0xc]{[0xffffffce][0xffffff85]#[\n]"
09:46:43.498 [main] DEBUG com.github.dockerjava.zerodep.shaded.org.apache.hc.client5.http.wire -- http-outgoing-2 << "[0xffffff82][0x18][0xffffffc1][0xffffffa5][0xffffffa2][0xffffffec][0x7]+Pt[0xffffffa3]v[0xfffffffc][0xffffffac][0xffffffbd][0xffffffee][0xffffff83][0xffffffa7][0xfffffff7]""[0xffffffe5][0xffffffb9][0xffffffbd]\[0xffffffe8]wU[0x12]L[0xffffffeb][0x1e]i[0xffffffa2][0xffffffc2]n<[0x14]L"[0xffffffcd][0xffffffbe][0xffffffa8]Yl[0xffffff85]6[0xffffff81][0xffffffcf]v[0xffffff9a]@b[0xf]{jw[0xffffff90]1[0xffffffa7]!/FL[0xffffffc4]=[0xffffffb1][0x9]6a[0xffffffd5][0xffffffce][0xfffffff4][0xffffff86]h[0x7][0xffffffa1]1R[0xffffff85][0xffffffdc][0xffffff8e]t[0x13][0xffffffd1][0xfffffff7][0xffffffa1]'[0xffffffcb]d%[0xffffff9c]D[0xffffff89][0x19][0xfffffff1][0xffffff89][0xffffffe3][0xffffffdb][0x19]k[0x7][0xffffff81]Y[0xffffffe5][0x1]t*[0xffffffc5]1[0xffffffeb][0xffffffda][0xffffff9a][0xffffffc1][0xffffffb8]K7[0xffffffab]H[0xe][0x4]=[0xffffffdd][0xffffffdd][0xffffffac][0xfffffff8][0xffffffec][0xffffffce][0xffffffbb][0xffffffb1]Nr[0xffffffdd][0xffffff9c][0xffffffd7][0xffffff8d]:[0xffffffa0][0x6][0xffffff8a]8q[0xffffffab][0xffffff8f][0xffffffe1][0xffffffc4]0[0xffffff9b][0xffffffda][0xffffffea][0xffffffe6][0xffffff88][0x14][0xffffffd5][0xffffffb8][0xffffff9e][0xffffff8c][0xfffffffc][0x14]Q[0xffffffd8]=[0xffffffeb][0xffffffe1][0x0][0x1]*[\r][0xffffffa4][0xffffff9a]][0xfffffffd]/[0xffffffb5]n8[0xffffffbd]i[0xffffffc3][0xffffffb9][0xffffff9e][0xffffffb9][0xffffffb4][0xffffffd4][0xffffffc9][0xffffffa1],[0xffffffd9]G[0xffffffc3][0xffffffcd][0xffffffc1][0x14][0xffffffbb]U[0xfffffff8][0x1f][0x15][0xfffffff1]^F]c[0xffffffca][0xffffffb7][0x3][0xffffff99][0xfffffff2]m[0xffffffb0]@[0xffffffa3][0xffffffe2][0xffffff85]p\_Tw[0xffffffda]xf[0xc]P[0x1]2[0xffffff96][0xffffffcd][0x12][0x1c][0xffffffb2][0xf][0xffffff95]Q[0xffffff89][0xffffffe9]D}[0xffffff9a][0xffffffcd][0xc],[0x18][0xffffffe8]T[0xffffffda]{[0xffffffc0]p[0xffffff92]e<>[0xffffffb6][0xffffffa3][0xffffffde][0xffffffae][0xffffff8c]k[0xffffffe0][0xffffffcd][0xffffffc2][0xffffffce][0xe]>[0xffffffa6][0xffffff90][0xffffff93]~[0xffffffcf]t[0xffffff96][0xfffffff5]`[0x5][0xffffffee][0xfffffff4]M[0xb]%[0xfffffffe][0xffffffc6][0x16][0x1d]Xm[0xffffffee][0xffffffd4][0xffffffe7]S[0xffffffc0]&@[0x4][0x19][0xfffffff7]p[0x1e]Kk'[0xffffff9b][0xffffffa0][0xb][0xb][0xffffffaa][0xffffffb6]7[0xffffffc1]G[0xffffffef]#[0x16][0xffffffb2][0xffffff8b]6[0xffffff9b][0xc]B[0xffffff88][0xffffffb8]([0xffffffa4]b][0xffffffc2][0x13]G[0xffffffd6][0xffffff8a]+[0xfffffffd]g7[0xffffffd4][[0x0][0x0]@[0xffffffff][0xffffffbf]Z[0xffffffcc]~[0xffffffee]u`[0xffffff96][0xffffffdf][0x10]3|[0x12])[0xffffffc9]BqoF[0xffffffe7][0xffffffcb][0x16][0xffffff97][0xffffffca][0xfffffff9][0xffffffaa][0xfffffff8][0xffffffe3]F[0xffffff8a][0xffffffd3]za[0xffffffc5][0xffffffe4]/[0xfffffff0]T[0x8][0x1a][0xffffff89][0xffffff8f][0xffffffe6]ZX[0x13][0x1c][0xffffffd9]r[0xffffffa0]X[0xffffffcd][0xffffff9b][0xfffffff7][0xb]/l[0xffffffe7][0x16][0xffffffc4]:[0xfffffff7]7+[0xffffffc4][0xffffffd9]"[0x6]'[0xfffffff8][0xffffffa8]9DZv[0x14]@@6uT[0xffffffa6][0xfffffff5]g[0xffffffc6][0xffffff94]h[0xffffffdf][0x0]TR;[0xfffffff4][0xffffff8a][0xffffffc8][0xffffff92]BlL[\n]"
09:46:43.498 [main] DEBUG com.github.dockerjava.zerodep.shaded.org.apache.hc.client5.http.wire -- http-outgoing-2 << "[0xfffffff2][0xfffffff0]m[0x8][0xffffffbd][0xffffffe5][0x1e]{=q[0x12]6[0xfffffff9],w[0xffffffa2][0xffffffcc][0x15].[0xfffffff9][0x10][0xfffffff9][0xffffffa0]|[0xffffff96][0xffffffa6]2[0xffffff84][0x7f][0xffffffd5][0xffffffb3]r[0xffffffe5][0xffffff90][0xffffff8e][0xffffff80]N[0xffffffde][0xffffffc9]Vi<[0x1d][0xffffff8d][0xffffffc7][0xfffffff8]2[0xffffff9b]![0xb]P[0xffffffe3][0xffffff92][0xfffffff2][0xffffffa0][0xffffff99][0xffffffbe][0xffffffed]Y6[0x3]H[0xffffffc5][0xb][0xffffff9a][0xffffffc6]C[0xe]ae[0xffffff9b][0xffffffa1][0xffffffd1][0xffffff8f][0xffffffc6][0xffffffcc]b[0xffffffb2][0xffffff88][0xffffffa2];[0xfffffff2]N<[r[0x4]z[0xffffffce][0xffffffd7][0xffffffc2][0xfffffff3][0xffffffd3][0xffffffa8][0xffffff8a]:[0xffffffe0][0xffffffab][0xffffffb8]I49[0x4][0xfffffff5][0xffffffd8][0xffffffaf][0xffffffd2][0xffffffc8][0x1d]h[0x5][0xfffffffa]l[0x1d][0xffffffcc][0x5][0xffffffbd]W[0xffffffbf][0xffffffac][0xffffffa8][0xffffffda][0xffffffb7]Q[0xffffff90][0x7][0x5][0xffffffa1][0xffffffc0]'[0xfffffff4][0xffffff85][0xffffff9f]b[0xffffffb5][0xffffffe3][0xffffffd3][0xffffffa8][0xffffff8c][0xffffffba]XY[[0xffffffb3][0xffffffd7][0x1d][0xffffffab]e[0xffffffa2]7[0xfffffff2][0xffffffff][0xffffffcb]V$[0xffffffe0]5A[0xffffffb3]?[0x19]B8[0xffffffd6];[0xfffffff0][0xffffffb0][0xffffffcd][0xffffffd4]&6[0xffffffda]G[0x14][0x1a]Au[0xffffffb9][0xffffffa6]?[0x1f][0xffffffc1][0xfffffffc][0xffffffe4]([0xffffffe1]"[0xffffff91][0xfffffff2][0xffffffad]f[0xffffffa4][0xfffffff3][0xffffffcb]D[0xfffffff9][0xffffff9f]b[0x5][0xffffff94]U}[0xfffffff9]A[0x4]z[0xffffff8a][0xfffffff2]kGN[0xffffff9c][0xffffffde][0x17][0xffffffe2]@[0x11][0xffffff81][0xffffff8a][0xffffff84][0xffffffc3][0x2][0x0][0xffffffb6][0xffffffb0][0xfffffff8]Y>[0xe][0xffffffa0]8x[0xffffffd8][0xffffffd5]k[0xffffff83][0xffffff9f]5OU[0x13]2[0xffffffa8]$[0x2]([0x13]?[0x14][0x11]v[0xfffffffc][0xffffffb4]n[0xffffffeb]H[0xffffff97][0xffffffd0]Y[0xffffffde]CdR[0xffffff92]G~[0xfffffffb]^[0xffffff85]&[0x5][0x12][0x6][0xffffffc3][0xffffffaa][0xffffffcb]rCX[0xffffffcd]'0|[0xffffff87][0xffffffe6][0xffffff9c]w[0xffffff98][0xffffff91]-'[0xfffffff2][0xffffffb7]yqx[0xffffffaf][0xfffffff5][0xfffffffe]EO[0x1c]f[0x6][0xffffffa4][0xfffffff4]4[0xb]![0x11][0xffffffe9][0xffffffbe][0xfffffff6][p[0xfffffff4][0xffffff97]iy[0xffffffb1][0x6][0xffffff98]H[0xffffffbe][0xffffffd5][0xffffffe3][0xffffffd6][0xffffffbc][\n]"
09:46:43.501 [main] DEBUG com.github.dockerjava.zerodep.shaded.org.apache.hc.client5.http.wire -- http-outgoing-2 << "[0x1d][0xffffffbb][0xffffffa8][0xffffffac][0xffffffa2][0x17][0xffffffc3][0xffffff92][0xffffffd0]G[0xffffffa9]28[0xffffffcb][0xffffff90][0xffffffe4][0xfffffff2][0xfffffffa][0x4][0x1c][0x8][0xffffffc4][0xffffff95][0xffffffa1][0xffffffb8]\[0xffffffca]g[0xffffffbf][0xffffffff][0xffffffcb][0xffffffa1][0xffffffbc][0x1b][0xffffffd8]>b[0xffffffb6]*>4[0xffffffb4][0xffffff8e][0x8][0xffffffaa][0xffffffb7]<[0xffffffeb]Dz[0xffffffea][0x1f]J[0xffffff86]Vf63[0xffffffb3][0xffffffaf]Ly[0xffffff8d][0xffffffa2]G[0xffffffe8]>[0x14][0xffffff88]rP[0xfffffff8][0xfffffff3][0xffffffdd][0xffffffc7][0xffffffb6][0xf]30[0xffffff98][0xffffffb3][0xffffff86][0xffffffcc][0xffffffd7][0xffffffe9]J{:Bt[0xffffffb2] [0xffffff80][0xffffff85]b[0xffffff82]q[0xffffff92][\n]"
09:46:43.501 [main] DEBUG com.github.dockerjava.zerodep.shaded.org.apache.hc.client5.http.wire -- http-outgoing-2 << "[0xffffffdd][0xffffffb5][0xffffff9c]?[0xffffffdc]H[0xffffff9c][0x15][0xffffffc2]y[0xffffffe5]t[0xffffffd6][0xffffffc8][\r]](5[0xffffffbb]S[0x1c]6[0xffffff81]![0xffffffda][0x4][0xffffffc6][0xfffffffb][0xffffffcb]Om[0xfffffff6][0xffffffcf]30bF[0x17]aj[0x16]a[0xffffffbb][0x15]p[0xffffffc4][0xffffffeb][0xffffffda][0xffffff8a][0xffffffdc][0xffffffc7][0xffffffa8],[0xffffffdc]j][0xffffffc3][0xfffffff8][0x12][0xffffff88][0xffffffec][0xffffffdc]U[0xffffffca]vL\l[0xffffffd2]l[0xffffffcf][0x1e]wt[0xffffffd8][0xfffffff5]bq'V[0x10][0xfffffff7][0xffffffce][0xffffffe7][0xffffffd4][0xffffff8a][0xffffff93][0xffffffc5][0xffffffae]A[0x13][0xffffffe0]C[0xffffffee]9[0xffffffc3]Ucm4[0xffffff97]O[\n]"
09:46:43.501 [main] DEBUG com.github.dockerjava.zerodep.shaded.org.apache.hc.client5.http.wire -- http-outgoing-2 << "[0xffffff81][0xffffff85][0xffffffb8][0xffffffdb]P[0x18]b[0x5]wK[0xffffff8f]Z)[0x1e][0xffffff9b]1[0xffffff84]a[0x1f][0xffffffb0][0xffffffe4][0x1]dSN?[0xffffffdf][0xffffffee][0xffffffc1][0xffffffb6]0se[0xffffffab][0xffffff94]d"[0xffffffa3][0xfffffff2]{[0xffffffa9][0xffffffca]?[0xffffffb1][0xffffffee]/[0x15][0xffffffd3][0xffffffcf][0xffffff8e]lz![0xfffffffb][0xffffffd9][0xffffffd8][0xffffffe0]q[0xffffffbb][0xffffffa8][0x1a][0xfffffff6][0xffffffad]_[0xf][0xffffffef][0xffffffb6]?[0xffffff83]*Y[0xffffffbb]_[0xffffffd5][0xffffffd6]7[0xffffffde][0xfffffff8][0xfffffff0][0xffffffe6]oA[0xfffffff9]u[0xffffffae][[0xe]H[0xffffffdd]h![0xffffff97][0xfffffff6][0x10]L[0xffffffd7][0xfffffffd][0xffffffe0][0xffffffe8]V[0xffffff87][0x2][0xffffff9f][0xffffffbc]7[0xffffffca]?[0x1c];[0xffffff9a][0x12][0x17][0xffffff9a][0xffffff82]n[0xffffffa9]t[0xfffffffb][0x0]6[0x1b]Jcda[0xc][0xffffffe5][0xffffffea]o[\r][0xffffff91][[0xfffffffa][0x1d]?[0x13]/f[0xe])[0xffffffc9][0xffffffe9]V[0xffffffc5][0xffffffa1][0xffffffb7][0xfffffff1][0xffffffd1][0xffffff8d][0xffffffcf][0x4][0xffffffbc]F[0xffffffe8]s7[0x17][\r])p[0x13][0xffffffdb]<[0x18][0xffffffac]{[0x10][0xe][0xffffffc8][0x1b][0x2][0xffffffee][0xffffffe8]Gl^[0xffffff9e][0xffffff8c]`t[0xffffffef][0xffffffda]z!pb[0xffffff8e][0xffffffdb]*_[0xffffffc2][0xffffffb9][0xffffffd5]-[0xffffffde][0xffffffa0][0xffffff99][0xffffffc5][0xffffffba][0xffffffd5]Yz[0xffffffec]NC[0xffffff80][0xffffffdd]%-j}EG[0xffffffda]hFl_[0x1d]\[0xffffffe8][0xffffffd0][0xffffff87][0xffffffa5][0xffffffc1]#5XDq8[0x1][0xffffff9e]-/[0xffffffdc][0xffffff88][0xffffffbf][0x14][0xffffffd4][0xffffffd7]8dS[0xffffffc9][0xffffffc5]D[0xffffff9f][0xfffffff6]%[0xffffffb5]P[0x18]^r6[0xffffffc2][0xffffffd7][0xffffffc4]h[0xffffffe4][0xfffffff1][0xffffffa9][0xffffffbf]^\[0xffffffe0]F[0xffffffb6]Y[0xffffffd2][[0xffffff9c][0x11][0xffffff81]qR[0xffffffcb][0xfffffff9][0xffffffc4][0xffffffb7][0xffffffb8][0xfffffffd][0xffffff98]NZs[0xffffffa7][0xffffffb7][0x0][0xffffffd7][0xffffffb3][0xffffff94]_[0xffffffd3]-V'Op[0xffffff8e][0xfffffffc][0xffffff9f][0xffffffd2][0xffffffcf][0xffffff82] ~[0xfffffff8]F[0xffffff9c]i[0xffffffdf]?[0xffffffda][0xffffffae][0xfffffff5][0xfffffff2][0xffffffd7]0`[0xc][0x4][0xffffff92][0xffffffde][0xffffffed][0xffffffc8]V[0xffffffd9]J[[0xffffffdb][0xffffff84]j[0x1d]c[0xffffff91][0xfffffffd][0xffffffb1][0xffffff83][0xffffffcb][0xffffffbf][0x2]a[0x0]w[0xffffffee]u[0xffffffa9][0xffffff87][0xffffff8a]u%[0xffffffcd][0x19][0xffffff95]G[0xffffffca][0x0]S[0xffffff95][0xffffffca]8[0xffffffcd][0xfffffffb][0xffffffb9]"#[0xffffffaa][0xffffffda][0xfffffff3]Q[0xffffffe1][0xffffff94][0xffffffab][0xffffffaf][0xffffffb8][0xffffffea]D[0xffffff9c][0x16]x[0xfffffff8][0xc][0xfffffffc][0xffffff8e]%m[0xfffffff6][0xffffffd0][0xffffffc4]g[0xffffffc7][0xffffffef]h[0xfffffffd][U[0xc][0xffffff85][0x6][0xffffffae]/[0xffffffdb]:6[0xffffffdc][0xfffffffd][0xffffffe8][0xffffffd7]Z[0x19]r[0xfffffff3][0xfffffff6][0xffffff90][0xffffffb2]I+[0x17][0xffffff84]E[0x13]B[0xffffff8b]lN[0xffffffde][0xffffffe9][0xffffffc2][0xffffffd1]!L[0xfffffffd][0x5][0x11][0xffffff97]t_[0xffffffd0][0xffffff92][0xffffff88][0xffffffdd][0xfffffff0][0xffffffe5][0xffffffbb][0xffffffcd][0x1e][0xffffffa4]^[0xffffffd6]X>[0xffffffb6]\[0xffffff8f].[0xffffffd8][0xffffffd2][0xffffffde][0xfffffff5][0xffffff89][0xffffffcb][0x18][0xffffff95][0x1e]k[0xffffffad][0x19][0x13][0x15]1$[0xffffffd3][0xffffffcd]!TT[0xffffffe9][0xffffffaf][0xffffffab]K2'[0xffffffc3][0xfffffff5]#l$[0xffffffc8]2[0xffffffe5][0xffffffe1][0xffffffe3][0xfffffff5]#[0xffffffd6][0xffffff81]o[0xffffffe6][0xffffffae][0xffffffc9][0xffffffc8] u[0xffffffae][0xffffff8b][0xfffffff7]cV[0xfffffffc]X>[0xffffff96][0xfffffff4]_%6[0x4][0xffffffa7][0xffffffc7]5F[0xffffffb6]Po[0xffffffbd][0xffffffbb]X[0xffffff9e][0xffffffb7][0xffffffc0][\r][0xffffffe1]w[0xffffffea][0xffffffd4][0xffffffab][0xfffffff4]N[0xffffff92][0xffffff8f][0x1a]W[0xffffffd1][0xffffffaf][0xffffffe2][0xffffff95][0xffffffc8]~He[0xffffffa9][0x11][\r][0xffffffbc][0xffffffad]3[0xfffffff6][0xffffffd0][0xffffffb5][0x8][\r]Y[0xffffffe0][0xf][0xffffff85][0xfffffff2][0x3][0xffffffaa][0xffffffda][\n]"
09:46:43.502 [main] DEBUG com.github.dockerjava.zerodep.shaded.org.apache.hc.client5.http.wire -- http-outgoing-2 << "[0xffffff90][0xffffffc4][0xffffffee][0xffffffaf][0xffffff93][0x18][0xffffffcd][0x1d]o"[0xfffffff4]d[0xffffffda][0xffffff9f][0xfffffff7][0xfffffff8][0xffffffd6][0xfffffff9][0xffffffb4]bI[0xffffffb1][0xffffffa9][0xffffffc4][0xffffffe8][0xffffffe0][0x17][0xffffffc8]JY[0xffffff88][0x9][0xffffffb9]$[0xffffff9b]q[0xffffffa3][0xffffffb1][0xffffffe0]##[0xfffffff8][0xffffff86]}[0xffffffcd]w\[0xffffff95]2i[0xffffffe9]}E[0x6][0xffffffd7]Q[0xffffffd4][0xffffffdd][0xffffffe5]i[0xffffffa0]Sz+p!g[0xffffffda][0xffffffe6]w[0xffffff94]{[0xb][0xffffff9f][0xffffff9c][0xffffffd4]h[0xffffffc7][0xffffff90]dm[0x9]>)W[0xffffffc1][0xffffffa2]a[0x14]+[0xfffffff6][0xffffff94][0xffffffe9]J[0xffffffa5]_N[0xffffff81]#[0xffffffc6]B*[0xffffffc2][0x1e][0xfffffff2][0xffffffb7][0xffffffa0][0xf]9T[0xffffff85][0x1b]r[0x8][0xffffff95][0xffffff80][0xffffffb3][0x14][0x18]g[0xffffffb9][0x4]l[0x15][0xffffffa6][0xf]/[0xffffffad][0xfffffff2]R[0x12]@[0xffffff95]hI[0xffffffc0][0xb][0xffffffe9][0x1a]n/,[0xffffff8e][0xffffffee][0xfffffff0]7[0xffffff9c][0x15]l[0xffffffee]][0xffffffc3]#0[0x1][0xffffffca][0xfffffff1]t[0xffffffb0]v^%)[0x5][0xfffffff2]1[0xffffffb9]{[0xffffffe7][0x3][0xffffffef][0xffffffa1][0xffffffe8][0xffffffec][0xc][0xffffff9e][0xfffffff0][0x7f][0xffffffd4][0xffffffd3]B[0xffffff8a]{[0xffffffb5][0xffffffa9]V[0xffffffc5]_[0xffffffd2]cQ[0xffffffaf]Ne[0xffffffa4][[0xffffff97]ye[0xffffffb1][0x10][0xffffffd6][0xffffffc3][0xffffffad]S[0xffffffe5][0x2][0xffffff9f][0x2][0xffffffbe][0xffffffb7]_{[0xffffff87]Pa[0xffffffaf][0x6]/V6'[0xffffff95][0xffffffad][0xffffffe0]R[0xc][0xfffffff3][0xc][0xfffffff6][0x2][0xffffffa5][0x17][0xffffff80]J0[0xffffffbe][0xffffffeb][0xffffffe0][0xffffffad][0xffffffba]K+[0xfffffff4][0xffffffb1]W[0xffffffb5]&[0x16][0xffffffc1][0xffffffb1][0xffffff81][0xffffff89][0xffffffd6][0xfffffff0]a[0xffffffe6][0xffffff9b]Xh[0xffffff86][0xffffff9c][0xfffffffe][0xffffffab][0x1b][0xffffffd2][0xffffffa8][0xffffff9b][0xffffffd4]g~[0xffffff81][0xffffffa5]s[0xffffffdd]pD5[0xffffffad][0xffffffd7]"[0xffffffbe][0xffffffc5][0xffffffbf][0xffffffe3][0xffffffd6]C[0xffffff8a][0xffffffc2]~n[0xffffff8e][0xffffffb4][0xffffffa3][0xffffffb0][0xffffffe6]*%[0xffffffaa][0xffffffbf]S;?[0xffffffe1][0xffffffa1][0xfffffff0][0xffffffb7]#[0xffffffac][0xffffff84][0xffffffe0]^[0xffffffb4]n[0xffffff9f]4)[0xfffffff2]/[0xffffff97][[0xffffffec][0xfffffff9][0xffffffc9]:[0xfffffff6]"[0xffffffc5][0xc][0x10][0xfffffff0][0xffffffc9]h[0xffffff87][0xffffffbc][0xffffff8c]f[0xffffffcb]P[0x11]l[0xffffff92][0xffffffe5]&~[0x1c][0xffffff8a][0xffffffdf][0x16]U[0xffffffc3]4[0xfffffffc]7[0xffffffaa][0xfffffff2][0xffffffb8][0xffffffcd]5t[0xffffffb6][\n]"
09:46:43.502 [main] DEBUG com.github.dockerjava.zerodep.shaded.org.apache.hc.client5.http.wire -- http-outgoing-2 << "[0xffffffe2]%h:[0xffffffa7]Q[0xffffffe9][0x1d][0xffffffea][0x4][0xffffffe5]SB[0x1c]R[0xffffff8c][0xffffffd7][0xffffffc8][0x2]}[0xffffff86][0xffffffe6]F.[0xffffff8f]x[0xffffffd9][0xffffff9d][0xffffffa8]D[0xffffff9a][0xffffffa0]h}[0x1c]ul[0xffffffb9]%wpX[0xffffffa1][0xffffffc2][0xffffffa7][0x7f][0xffffffdc][0x13]I[0xffffff85]vz{[0xffffff8b][0xffffffa3]P [0x5][0x7f][0x16]=F[0xe][0xffffffa5][0x18]%4I[0x1b][0xffffffc9][0xffffffbe][0xffffffbb][0xffffff87][0xffffffe3][0x18][0x19][0xffffffc3]K[0xffffffc7]Z[0xffffff85][0xffffff98]j[0xffffff8c][0xffffffdd][0xfffffffa][0xffffffab][0x7][0xffffff92][0xffffffd5]M;4[0xffffffbf][0xffffff8b]p[0xffffff9a][0xffffffb5][0xffffff84][0x7f][0x1c]|[0xffffffe6][0xffffffd8]H7[0xffffffa4]&,[0xffffffa5][0xffffff8a][0xffffffe7][0xffffff96][0xfffffffa][0xffffffd7]][0xffffffdd][0x15][0xffffffcd]D5<[0xffffffe7][0xffffffac][0xffffff92][0xffffff93][0xffffff97][0x1f][0xffffffc3]"[0xfffffff3][0xffffffaf][0x1c]xa[0xffffffd7]0[0xffffffd6][0xffffffe4]>[0xffffffd2]mW*ah[0x1c][0xffffffa3][0xfffffffa][0xffffffaa][0xffffffc6]^[0x16][0xffffffc6][0x19][0xffffffea][0x9]Z[0xfffffff6]r[0xffffff85][0xffffffb4][0xffffffc3][0xffffffd7]0[0xfffffff8][0xffffffef][0xffffff97]<7[0xffffffe7]O[0xffffffa1][0x18]Dy[0x1e]<[0xffffffa7][0xffffff9b][0x16][0xffffff9c][0x10]o[0xffffff86][0xfffffff9][0xffffffb8][0xffffffe3]@[0x1]q[0x1][0xffffffab][0xfffffffe]QA2[0xffffffbd][0xf]g[0x5]&T[0xffffff80]l;8[0xffffffb2]~[0x4][0xffffffdd][0xffffffdb][0xfffffffe]B[0xffffffbf][0xffffffe5][0xfffffffa][0xffffff9a][0xe]yU[0xffffffd0][0xfffffff1][0xf][0xffffffcd]yrM[0xffffff98]ow[0x1d][0x13]p[0xffffffbf][0xffffffb8][0xffffff87]k[0xffffffb6][0xffffffe8][0x11][0x14]JM[0xffffffda][0xb]r[\n]"
09:46:43.502 [main] DEBUG com.github.dockerjava.zerodep.shaded.org.apache.hc.client5.http.wire -- http-outgoing-2 << "[0xffffffb9][0x5]VE[0x15]x[0xffffffd3]l[0xffffff88]K[0xffffff92]E][0xffffff9d][0x17]Ld[0x19][0xffffffd8]C[0xffffff9d]Rj[0x19]\Aby[0xf]xtq[0x1d]V[0xffffff92][0xffffffbb];!0T[0xffffffb4][0xffffffdb][0x4][0xffffffef]5[0xffffffd8]q[0xe]ib[0xffffffc7]WA[0xffffffe9][0xffffff88][0xb][0xfffffff1]r[0xf][\n]"
09:46:43.502 [main] DEBUG com.github.dockerjava.zerodep.shaded.org.apache.hc.client5.http.wire -- http-outgoing-2 << "[0xffffff81]r[0xffffffee][0xffffff80][0xfffffff2]B44i[0x19][0xfffffff4][0x14][0x1]@[0xfffffffb][0xffffffa4][0xb]@B[0xffffffa2][0x6]e;[0xc][0xffffffe3][0xffffffa7][0xffffff82][0xfffffffc][0x5][0xffffffd8]&[0xffffff9f][0xffffff85]/[0xfffffff1][0xfffffff9][0xffffffa3]ma=7[0xffffffaa][0xfffffff3][0xffffffbf][0x17][0xffffffa3][0xffffff94]M[;g.X[0xffffffa7][0xffffffcf][0xffffff82][0x1]?[\n]"
09:46:43.502 [main] DEBUG com.github.dockerjava.zerodep.shaded.org.apache.hc.client5.http.wire -- http-outgoing-2 << "^:[0xffffffc2][0xfffffffb][0xffffffd7][0xf][0xffffff95][0x0]_E2k[0xffffffaf][0xffffff9f][0x5][0xffffffe1][0x5]+f[0xffffffa1][0xfffffff9]1u[0xffffff82];[0xffffffa9][0xffffffe4][0xfffffffc][0xffffffb9][0x14]|[0xc][0x15][0xffffffef][0xffffffae][0xffffffac]s[0xffffffde][0x1a][0xffffffbe][0xffffffb4]H[0xffffffce]Lf7[0xfffffff8]IB\W[0xffffffb7]B[0xffffff8a]E[0x14][0xffffff8f]WV[0xffffff93]s#[0xffffffb6][0xffffffb3]s[0xffffffc9]+A[0xfffffffc][0xffffffe2]r[0xffffff87][0xffffff93][0xffffffee][0xffffffa3][0xffffffb6][0x10][0xffffff99]K[0xffffffe9]5[0xffffffd3][0x1][0xffffffe0][0xffffffc2]PLE[0xffffffea][0xfffffff9][0xffffffaa][0xfffffff5]'[0xffffff80][0xffffff96]p[0x1c][0xffffff9b][0xffffffb4][0xffffff87][0xffffffee]+@96[0xfffffff7]P[0xfffffffb]o[0xffffff9a][0xffffffc1].[0xffffff80][0xffffff81][0xffffffb3][0xfffffffe]F[0xffffffa9][0xffffffa8][0xfffffff6]oN[0xffffffa6][0xffffffa2][0xffffff80][0xb][0xffffff84]r'[0xffffffbc][0xffffffcc][0x13][0xffffffbb][0xffffffcc][0xffffff8f]>w[0xffffffa7][0xfffffffd][0xffffff93][0xffffff8b]z[0xf][0xffffffb1][0xffffffd6][0x12]z[0xffffffba]'^[0xffffffbf][0xffffffd7]WW[0xffffffd6]S(l2bo [0xffffff9f]~[0xffffff90].[0xffffffa5][0xffffff8f][0xffffffa9][0xffffff85][0xfffffff9]8[0xffffffb9][0xffffffd9]9w[0xffffffaf].=T[0xfffffffc],O[0xffffff91][0xffffff90]+ag7[0x3][0xffffffdc]Q[0x5][\r][0xffffffc8][0x7f]|[0x1]ri[0xfffffffd]o[0x16][0xffffffa9]+[0xffffff95][0x1c]D[0xffffffa2]!&[0x7]7[0xffffffbd][0xffffffef]SM[0xffffff97][0xffffffef][0x10][0xffffffd4]e[0xffffffe8][0xfffffff4][0x1e][0xffffff82][0xffffffee][0xffffffe3][0x10][0xffffffe6]ZR[0xffffff98][0xfffffffd]'b[0xffffffa8]\[0xffffffff]yKwl[0xffffffbf][0xffffffa4]#[0x14][0xffffffc6]0[0xffffffa5]'\[0xfffffff3]H)ty[0xfffffffa]J[0xffffffcb][0xffffffe8][0x19]|[0xffffff8e]}[0xffffff98][0x9][0xffffffe5][0xffffff83]0[0xffffffe9][0xffffff95][\r]h;[0xfffffff5]$D[0xf][0xffffffab][0x12][0xffffff9d][0xfffffffc][0xffffff8a][0xffffffb3][0xffffffc8][0xffffffcb]0<[0xffffffc9][0xffffff88] [0xfffffffd]![0xfffffff8][0xffffffc4][0xffffffb9][0xffffffe4][0xffffffcd][0xffffffac][0xffffffe5]e[0xffffff89][0xffffffbc][0xfffffff8][0xffffff96][0x17][0xffffffa2]g[0xffffff9c][0xffffffcb][0x18]9j[0xffffffeb][0xffffff9e]=[0x13]V[0xffffffdb][0xffffff86]f[0xffffffbc][0xffffffbf]k[0xffffffcf]*z[0xffffffac]J9"[0x2]A[0xffffffbd][0xffffffad];[0xffffffb4][0xe]R[0x1][0x4][0xffffff84][0xffffffcd][0xffffffd3][0xffffffad][0xffffffdb][\r][0xffffffd4][0xffffff8e][0xffffff8c]"[0xffffffb7][0xffffff8f][0xffffff95]OkdZ[0xffffffe9]{[0xffffffce]qz[0x9][0xffffff8a]jN3[0xffffff99][0xffffffd4]Y2[0xfffffff3][0x18][0xffffffdf][0x2][0xffffff97]tO[0xffffffaa][0xffffff86][0x1d][0xffffff9f][0x5] [0xf]F[0xffffffd7][0xc][0xffffffe4][0xffffffbf][0xffffff85][0xffffffd5][0xffffffa2][0xffffff8a][0x16][0x1c][0xffffffc6]f[0xffffff88]$[0xffffffb3][0xffffffab]n[0xfffffff3]9HA[0x14]P[0xffffffe6]7[0xffffffb8][0xffffff99][0xffffffc6] [0x11][0xffffffdf]U8[0xffffffcb][0xffffff98][0xffffff9f][0xffffff9c]-[0xffffff91][0xffffffc3][0xffffffeb][0xffffff90]A7[0xffffff89][0xffffffb0][0xffffffaf]"[0x1a]2 l[0xffffff9c]+[0xfffffff7]$[0xffffffca]P[0xffffffdd]O[0xffffffe3][0xffffffd4][0xffffffc1]8[0xffffffef][0xffffffcf]FM[0x4][0xffffffe8][0xffffff80][0xffffffb8][0xffffffcc][0xfffffff2][0xffffffb9]w[0xffffffec]8R[0xffffffb0][0xffffffa4]]`O[0x4][0xfffffff6][0xffffffe8][0xffffff87][0xffffff9e][0x11]O[0xfffffff9]~[0xffffff90]yS%][0xffffffd0][0xffffffeb][0xfffffffe][0xffffff90][0xffffffa1][0xffffffa8][0xffffffb9][0xffffff84]:[0xffffffd9]8[0x1a][0xffffff80][0xffffffe9]([0xffffff90][0xffffffca][0xffffffee][0xffffff88][0xffffffe8];n.[0xffffffb1]K[0x12][0xffffff9e][0xffffffda][0xfffffffe][0xffffffe2][0x1f]?[0xffffffd6][0xffffff90]j[0xffffffa7][0xffffffab][0x17]&+[0xffffff9a][0xffffffb4][0xfffffffa])"[0xffffffd9]K8$[0xffffffad][0xffffffe7][0xffffffda][0x17]m[0xfffffff5][0xffffffab]J)[0xffffff9c][0xffffffe4][0x1][0xffffff81]S[0x1a][0x1e][0xffffffcc][0xffffffb0]J[0xffffffa0][0xffffff99];[0xffffffaa][0xffffff91][0xffffff80][0x1e]*)[0xffffffdf][0xffffffa4]8[0xffffffef][0xffffffa8]V[0x11][0xffffffb5][0xffffffb6]~[\r])[0xffffffe8]"[0xffffffb9][\r][0xffffffa6][0xffffffec]-[0xffffffda]=[0xffffff9d][0xffffffa2]g*[0xffffff98][0xffffffc6][0xfffffff1][0xffffffe4][0x7][0xffffffb3]C[0x12][0xffffffa1][0xffffffcb][0x12][0xffffffe7][0xffffff8e]][0xffffffd3][0x17]]v[0xffffff86]mSGMe[0xffffffa4][0xffffffa9]Y[0xffffffa5]6[0xfffffff5]/[0xffffffa4][0xffffff87]p[0xffffffaa][0xffffff97][0xffffff8b]2[0xffffffa7]k[0xffffffdc][0xffffffac][0x10]n[0x4]L[0xffffff97][0xffffff87]F[0xffffffec][0xffffff9b][0xffffffc9]&W[0xffffffed]1[0xfffffff5][0xffffffae][0xffffff81][0xffffff89]~Ic[0xffffff9e][0xffffffd5][0xffffffee]@^[0xfffffff5][0xfffffff5]g&rP[0xffffffb2]M[0xffffffe2]9*[0xffffffc0][0xffffffca][0xfffffff8]u[0xffffffcc][0x4]7[0xffffff8a][0xffffff8b][0xfffffff1][0xfffffffc]?4[0xfffffff7]g[0xfffffff6]@][0xffffffd3]`k[0xffffffbf][0xffffffea][0xffffffa5]2[0x1a][0xfffffff9][0x2]![0xffffffa8][0xfffffff9]t![0xffffffdd][\n]"
09:46:43.504 [main] DEBUG com.github.dockerjava.zerodep.shaded.org.apache.hc.client5.http.wire -- http-outgoing-2 << "[0xffffff85][0xffffff84][0xffffffb0][0xffffffa8]w[0xffffff85]T:[0xffffff87]o7o[0xffffffad]<[0xffffffad][0xffffff9b][0xffffffa5]v[0xffffffc6][0xffffffbd].s6[0x13][0x1c][0xfffffffe]n[0xffffff83][0xffffffbe][0xffffff92][0xffffffcf][0xffffff81][0xffffff9b][0xffffffc1][0xffffff91]N4*[0xffffffd0][0xffffffec][0xffffffea]d[\r]T[0xffffff95][0xffffff86][0xffffff99][0xffffffdf][0xffffff98][0x5]U[0xffffff91]3R[0xffffff82][0xffffffd6][0xffffffbe][0xffffffef][0xfffffff6][0xfffffff9][0xffffffa5]:I[0xffffff86][0xfffffff4][0xffffffdb][0xffffffb6]a2[0xffffffb4]=[0xffffffba][0xffffffdd]+t[0x16]l\[0xffffffbd][0xfffffffc][0xffffffec][0xffffffdd]S[0xffffffb3][0xffffff9e][0xffffffe5][0x4]c[0xffffffe9][0xffffffdc]EA[0xfffffffd][0x9][0xffffffe3][0xffffffa8]u[0x1e][0xfffffff9][0x1a][0x8][0xffffffa2][0x10]0i[\n]"
09:46:43.504 [main] DEBUG com.github.dockerjava.zerodep.shaded.org.apache.hc.client5.http.wire -- http-outgoing-2 << "[0xffffffe5][0xffffff8c]Q|[0xffffffe1]V+[0xffffffb2]\5[0x0]Z7}[0xffffffab][0xffffff8c]j[0x13]1[0xfffffff0][0xffffffc2].[0xffffffdd][0xffffffdc]Tr~[0xffffffdc]r[0xfffffff2][0xffffffe3][0xffffff93][0xffffffb0][0xffffffce],[0x15][0x1c][0xffffff81][0xffffffe8][0xffffffae][0x2][0xffffffeb]3[0xffffffd3]G[0xfffffff0]Hj^[0xc][0xffffffda]^@[0xffffffd1]`^[0xffffffe4][0x3][0xffffffc1][0x12][0x1c]![0xffffffdb][0xffffffc7]9[0xffffff8f]s[0xffffffeb][0xffffffd9][0x0]7[0xffffffb4]C][0xffffffda]R[0x7]u[0xfffffff3][0x5]&v[0xf]7[0x19][0x0][0xffffffc9][0xffffffa4]{[0xffffff91][0xfffffff5]%[0xffffffdc][0xffffff9e]U[0xffffffc7]t[0xffffff97],k[0xf]+[0xffffffca][0xffffffee]*-[0xffffffd5][0xffffffd9]![0x18][0xffffffcc]f[0xffffffd7][0xffffffe3][0xffffff98][0xffffffda]L[0xffffffc8][0xfffffff9][0x7][0x0][0xffffffe2][0xffffffc2][0xffffff8e][0xfffffff1][0x12]?[0x5]FB[0xffffffb8][0xffffff87]h[0xffffff91]][0x19]0[0xffffff83][0xffffffd1][0xfffffffa]g,&Q[0xffffff8f][0xffffffd8]W[0xfffffffd]H[0xffffffe2][0xffffff9d][0xffffffca][0xffffffbe]v_[0xffffffac][0xffffff8b][0x1d][0xffffffaa],7[0xffffffe3]@[0x13][0xffffffd6][0xffffffee][0xffffff82][0xfffffff7]U[0xfffffff5][0xffffffbc]$}=[0xffffffd6][0xffffffe4][0xffffffa0]U[0xffffffbd]Wj[0xffffff82][0xffffff95][0xffffff82][0x11][0xffffff9e][0x1b][0x9][0xffffffb0][0xffffffa8][0xe][0xffffff87][0xffffff85][0xffffffe8][0xffffffbd][0xffffffe7][0x1e][0x17][0xffffff89],`[0xffffff9f]Bq[0xffffff9c][0xffffff86][0xffffffd6]q[0xffffff92]t[0xffffffd9][0xffffffe7][0xffffffad]K[0x17]a[0xffffff9e]B[0xffffff8e]XJ[0xffffff99][0xffffff98]![0xffffff8e][0xffffff9a]c[0x6]tW[0xffffff9a][0xffffffc6][0xb][0xffffffd2][0xffffffef]Pl[0xffffffbc][0x12][0xffffff9b]|[\n]"
09:46:43.504 [main] DEBUG com.github.dockerjava.zerodep.shaded.org.apache.hc.client5.http.wire -- http-outgoing-2 << "[0xffffff88][0xffffffbf]{R[0x19]|A[0xffffffc6]('[0xffffffb5][0xffffff9b][0xffffffd4][0xffffffcf][0xffffff84]Vv[0xffffff8f][0xffffffe3]6[0xffffff88]%%[0xfffffff3]P[0x1e]3X[0x8][0xffffffee][0xb]%[0xffffff98][0xffffff93]~[0xffffff92][0xc][0xffffff81]7[0xffffffa8]1[0xfffffffa]?[0xffffff93][0xffffffc2]m[0xffffffdc][0xffffffc2][0xffffffb7][0xffffffa8][0xffffffb7][0xffffff81][0xffffffac][\n]"
09:46:43.504 [main] DEBUG com.github.dockerjava.zerodep.shaded.org.apache.hc.client5.http.wire -- http-outgoing-2 << "S[0x9][0xffffffd4]:[0xffffffa8][0xffffff96][0x1d]-[0xffffffff][0x2][0x12][0xffffffc3][0xffffffbc][\r][0x1f][0xffffffbb]l:[0xffffffba][0xffffffc9][0xffffffa0]y@D[0xffffffd4][0x1]o[0xffffff96]*[0xffffffff][0xfffffff9][0x10]{[0x7f]7^[0x4]z[0xffffffed]i[0xfffffffd][0xffffffe6][0xfffffff9][0xffffffd3]c[0xffffffec][0x1e][0xffffff9c]D.[0xffffff91][0xffffffd7]0[0xffffffc1]`[0xffffff9a][0xffffffd0][0xffffffc6][0x16][0xffffff91][0xffffff83]n[0xffffff82][0xffffffeb][0xffffff91]][0xffffffc3]o%[0xffffff80][0xfffffffd][0xfffffffd][0x3][0x1f][0xffffffbd][0xffffff83]~[0xffffff8b][0xffffff8d]D[0xffffffcf]#i[0xe][0xffffffd3][0xffffffca][0xffffffa6]u[0xffffffae][0xffffff8d][0xffffffaa][0xfffffff1]ba[0x3][0xffffffcc][0xffffffe9][0xffffffb6][0xffffffe4][0xfffffffe]#[0xc]C%[0xffffffce][0xfffffff8] x[0xffffff92][0xffffff89]([0xb]n[0xffffffa1][0xffffff82]`[0xffffff80]7[0xffffffd4]+`[0xffffffb9][0xffffff9b][0x7]Z([0x14][0xffffffd9][0xffffffba][0xffffffa2][0x18][0x2][0xffffffda][0xfffffff0][0xffffffc7][0xffffff9b]`[0xffffffb0]2[0xffffffa9]g[0xffffffa8][0xffffff8a][0x1c][0xffffff9b]<[0xffffffba][0xffffffec][0xffffffa4]j5J[0xffffffc9][0xffffffcd][0xffffffb4][0x14]'\D[0xffffffbb]jJ[0x2][0xffffffb4][0xe]B~[0xffffffd8][0xffffffb4]gym[0x2][0xfffffff6]2[0xffffffa6][0xffffffaf]qAWxZ[0xffffffae]\[0xffffffb9]*[0xffffffe7]`[0xffffffb4][0xffffff90]+[0xffffffc1][0xffffffe8][0xfffffff9][0xffffffdd][0x1f]r[0x14]k[0xffffffcd]q[0x1][0xfffffff5][0x15]F[0x4][0xffffffa0]K[0xffffffb5][0xffffffe8][0x1d]{<O[[0xffffff92])-'[0xffffffff][0xffffffb1][0xffffffcd]5[0xffffff9d][0xffffffe4][0xffffffa7][0xffffffff][0xfffffff8]~>[0xffffff83]'[0xffffffb2][0xffffffe8][0xffffffc9]c[0xffffffff][0xe]1[0xffffffac][0xffffffbf]Yn[0xffffffdd][0xffffffd4][0xfffffffa]-[0xffffffca]hP[0xffffffc0][0xffffffb2]c[0xffffffc2][0xffffffe0][0xffffff93]W[0x8][0xffffff8a][0xffffffe6][0x16]"[0xffffffa3]v[0xffffffce][0xffffffbd]8a[0xffffffda][0xffffffbb][0xffffffe5][0xffffffbc][0xffffffc9][0xffffff8b]u[0xffffffe0]L[0xfffffffd][0x9][0xffffff9c][0xffffffa1][0xffffffe7]<[0xffffff81] [0xffffffd5][0xffffffaf][0x2][0xffffffda]t<[0xffffffad][0xffffff91]t[0xffffff83][0xfffffff6][0xffffffb6][0x1e][0xffffffcf]i[0xffffff9a][0x1e][0xffffffa8][0xffffff8a]E[0xfffffff1]|[0xffffffe5][0xffffffc0][0xffffffff][0xffffffc3][0xffffff8a]|5[0x18],[0xffffffc2]^[0xffffffc1][0xffffff8a][0xffffffc7][0xffffffd6]}[0x1f]?[0xfffffffe][0xffffffd0][0xffffffc3]I[0xffffffd1][0xffffffc5][0xffffff89]"][0xffffffe2]p.\[0xffffff8a][\n]"
09:46:43.504 [main] DEBUG com.github.dockerjava.zerodep.shaded.org.apache.hc.client5.http.wire -- http-outgoing-2 << "[0xffffff98]y[0xffffff80].[0xffffffae][0xffffff8e]0v[0xffffff86][0x7f][0x16][0x1f][0xffffff8d][0xffffffb1][0x7f][0x1b][0xffffffc2][0xfffffff9][0xffffffac][0xffffffe9]C[0xffffffb7]!8[0xffffff83]9P[0x1d]X[0xffffffc2][0x17]J[0xfffffff4][0xffffffaa].[0xffffffe8][0xfffffffd][0x17][0x2][0xffffff99][0xffffffa1][0xffffffa3][0xffffffb2][0x6][0xffffffdc]Bf[0xffffffa6]g[0xffffffa6]2[0xffffff9a]]1jm[0xffffff85][0xffffffdc][0x7][0xffffffb4][0xffffffcb][0xffffffb2][0xffffffd1]N[0xfffffff5]&K[0xffffffcf]6[0x5]I[0x1e][0xffffffe0][0xffffffcc][0xffffffd3]\[0xffffffb4]g[0xffffff82][0xffffff81][0xffffff8e][0xffffffcb](i[0xffffff8d][0xfffffff8][0xffffffe8][0xffffffe0]Y[0xffffffe7][0xffffffe8]yzQ[0x1c]Y[0xffffffcb][0xffffffa5][0x7f][0xffffffba]u},[0xffffffc2][0x19][0xffffff92][0xffffffcd][0xffffffbb][0xffffffe6]{8[0xffffffae][0xffffffe9][0xffffffda][0xffffffef]Q[0xffffff9b][0xffffffb4]"[0xffffffe9][0xffffffb9][0xffffff90][0xffffffaf][0x14][0x1a][0xffffffcc][0xfffffffd][0xffffffa2][0xffffffe1][0xffffffbd]2[0xffffffd5]N[0xfffffffa][0xfffffff2][0xffffffbe][0xffffff8c])5t[0xfffffffc][0xffffff80]([0xffffffbf][0xffffffe7]a[0x9][0xffffffa3]<[0xffffff8f][0x11][0xffffffbe][0xffffff98]`|r[0x9]Q[0xffffffbc][0xffffff9a]w[0xb]c'[0xffffff89][0xffffffab]}v[0xffffffb4][0xffffff85][0xffffffde][0xffffffbd][0xffffffaf][0xffffffa5][0xffffffdd][0xffffffb4]?[0xfffffffa]%[0xffffffdb][0xffffffde][0xffffff98][0xffffffb3][0xffffff90][0x0]-[0xffffffcf][0xffffffee][0xfffffffe][0xffffffe7][0xffffffd5][0xffffffab]XO[0xffffffd3][0xffffff9d][0xffffffaf]m[0xffffffc9].[0xffffffa5]w[0xffffff83][0xffffffd7]c[0xffffffe3][0x1e][0x18][0xfffffff5][0xf][0xfffffff1][0xfffffffb]U[0xffffffa8][0x8]2?8K[0xffffff94]X[0xffffff93][0xffffffad][0x6][0xffffffa0][0xfffffff8][0xffffff9a][0xfffffff7][0xffffffff][0xffffffd8][0xffffffa2][0xffffffd1][-[0xffffffb0][0xffffff83][0x5]g[0xf][0xffffffc3][0xffffffe6]/[0xffffff8b][0xffffff91][0xffffffb1][0xffffffd8]'[0xffffffa8] [0x7]+[0xffffffc9][0xffffff9e]RUo[0xffffffb1]k[0xffffffd8][0xffffff9f][0xffffffce]s[0x1c]0tf[0xffffff80]Q[0xffffffc0][0xffffffc1][0xffffffd5]l[0xffffffbd][0xffffffc0][0xfffffffc][\r][0xffffffe4][0xffffffb3][0xffffffd7]x[0xf][0xffffffb6][0xffffffd6][0x2][0xffffffde][0xffffff98][0xffffff81][0xfffffff5]eO[0x18][0xffffffdf][0xffffffc4][0xffffffe5][[0xfffffff2][0xffffff8d][0xffffffd3][0xfffffffa]#[0xffffff89][0xffffff8d][0xffffffa8]B[\n]"
09:46:43.504 [main] DEBUG com.github.dockerjava.zerodep.shaded.org.apache.hc.client5.http.wire -- http-outgoing-2 << "[0xffffffa3][0x14]&X&n[0xffffff8f]UZ[0xffffff97]A!Ep[0xfffffff6]s[0xffffffeb][0xffffffe8][0x9]]%K[0xffffff8b]R[0xffffff91][0x12][0xffffffb5][0x10][0x8][0xffffffa7][0xfffffff7][0xffffffa7]d*[0xffffffe1][0x0][0xffffffeb]Y{[0xffffff8e]P[0xffffffe2][0x1f][0xffffffa4]u[0xfffffff0][0xffffffe3][0x1b]T[0x11][0xffffffc9][0xffffffb5][0xffffff89][0xfffffff9]][0x1d][0xffffffd0][0xffffffe5]h4[0xffffffb7][0xffffff83][0xffffffeb]O[0xffffff95][0xffffffd7][0x17]2X[0xffffffa9][0xb]T[0xffffffe4]/[0xffffff92][0xffffffb2][0xfffffff3][0xfffffff6][0xffffffd8]![0xffffff85][0xfffffff5][\r][0xffffff82][0xffffff90][0xffffffc5]}q[0xffffffdb]bc[0xffffffe8][0x17][0x13][0xffffff8e]I[0xffffffc8]AZ[0xffffffb7]w5N[0x19][0xffffffe6][0xffffff87][0x6][0x7]+[0xfffffffa]I(p[0xffffffb5]q[0xffffffc9])[0xfffffff2]q[0xffffffa3][0x16]A2g[0xffffffe5][0xffffffe3][0xffffffe3]C[0x1f][0xffffffef][0xffffffdf][0xffffffe3][0xffffff83][0x12][0xffffff95][0xffffff97][0x1c]U0[0xffffffe2][0xffffffd0]~[0xffffffc7][0xffffffb1]`[0xffffffa6]7X[0xffffffac][0xffffffd9][0xffffff89][0xffffffa7]8k[0xffffffab]B[0xffffffe6][0x2][0xffffffd8][0xfffffff6][0xe][0xffffffc2][0xffffffd7][0xffffffd1][0xffffffc3]t[0x2]v[0xffffffd6][0xffffffb7][0xffffffb0]x[0xffffffa1]$Fz[0x13]i[0xffffffe3][0x18][0x8][0x1a][0xffffffa0]e[0x4][0xffffffbf][0x4]4-[0xffffffb7][0xffffffc8][0xffffffe8]s$S[0xffffff97]\[0xffffff97]]:[0xffffffe6]06a[0xffffff95]s[0xffffff8b][0xffffffa2][0xffffffed][0xffffffdc][0xffffff98]G[0xffffffa0][0x16][0xffffffc3][0xffffffeb]4e[0xffffffae][0xe][0x1][0xffffffa5][0x19][0xffffffb7][0xffffffd3]0:[0x6][0xffffff92]z[0xffffffd3][0x19][0xfffffff5];[0xfffffff5][0xffffffcd]g[0xfffffff1]/[0xffffffe7][0xffffffb9]j[0xffffff9e]D[0xffffff99]2l1[0xffffffa9][\r]OK[0xffffff85][0xffffffe9]>)[0xffffffbe][0xffffffe3][0xffffffd6]X[0xffffffcb][0xffffffaf][0xffffffb4]h[0xffffff86][0xffffffd2]W2[0xffffffd7]c[0xffffffe1]p{[0x13]O#Q[0x19]B[0x13]f[0x6][0x9][0xffffff9d]=[0xfffffff8][0xffffffe6][0xb][0x1e]/[0xffffffd4][0xfffffffc][0xffffffb4][0xffffff97][0xffffff94][0xffffffca]6~c[0xfffffffe]U[0xffffffb2]V?%a[0xffffff80][0xffffffe1]4q[0xffffffc2][0x3][0xffffffcc][\n]"
09:46:43.504 [main] DEBUG com.github.dockerjava.zerodep.shaded.org.apache.hc.client5.http.wire -- http-outgoing-2 << "[0x12][0xffffffb0][0xffffffb9]7SE[\n]"
09:46:43.504 [main] DEBUG com.github.dockerjava.zerodep.shaded.org.apache.hc.client5.http.wire -- http-outgoing-2 << "[0xfffffff4]C[0x1b][0xffffffdc]2[0x2][0xffffffa3][0xffffffef][0xffffffbf][0xffffff97]r[0xfffffff9]PH[0xffffff9e]0[0xffffffbd][0xe][0xffffffb8][0xfffffffa][0xfffffff6][0xffffff8d][0xffffff9c]jd9&[\n]"
09:46:43.504 [main] DEBUG com.github.dockerjava.zerodep.shaded.org.apache.hc.client5.http.wire -- http-outgoing-2 << "6[0xffffffd3][0xfffffff9][0xffffffb5]'[0xffffffbe]G[0xfffffff6][0xfffffff4][0xffffffba]6^[0xffffff88]Q[0xb][0xffffff86][0xffffffba][0xffffffe4]VQR[0xffffff89][0xfffffffb]x[0x4][0xffffffaf][0xffffffc6][0x11][0xffffffd2][0x1a]wc[0xffffffcd]U4[0xffffffe3]/[0x13][0xffffffe2][0xffffff88][0xffffffee][0xffffffa1](m[0xffffffe0]EF2[0xffffffc3][0xffffffa3][0x7]5*[0xffffffc6][0xffffffac]f[0xffffff88][0xffffff81]HG\5g[0xffffffb2][0xffffffb4]$i0c>I[0xffffffee][0xffffff98];[0xffffff83][0xffffff97][0xffffffcd][0xfffffff3][0xffffffe1][0xffffff8f][0xffffffae][0x1b][0xfffffffc][0xffffffd5][0xffffffa4][0xffffffea]0[0x7f]$[0xffffff99]z[0xffffffc7]T[0x1b]gk[0xffffff93]^P[0xffffffb7][0xffffffc9][0xfffffffd][0xffffffa8][0xffffff9b][0x3]d[0xc][0xffffffdc]Z[0xffffffef][0xffffff8c]),[0xffffffc8]i[0xffffff8d]8[0xffffffe9][0xffffffcc][0x1c][0xffffffc4]si[0xffffff9d][0xffffff87][0xfffffff4]1$[0xffffffde]d[0x4]&[0xfffffffa]Vrab3[0xffffffbe][0xffffffb8][0xffffff84]$[0xffffffc3]?r5[0x1e]4[0xffffffa3]q[0x1f]i][0xffffff99][0xffffffba][\n]"
09:46:43.504 [main] DEBUG com.github.dockerjava.zerodep.shaded.org.apache.hc.client5.http.wire -- http-outgoing-2 << "[0x0]B[0xffffffec]t[0xfffffff8][0xffffffcc]^[0xffffff8d][0xffffffae][0xffffff89]l[0xffffff88][0xffffffd9][0xffffffdf][0xffffff82]PJl[0xffffffa8]bu[0xfffffff1][0xffffffe2][0xffffffb5][0xffffff8f]c[0xffffffa1]C)[0xfffffff5][0xffffffb0]\[\r]c[0x12][0x19][\r]r2_[0xffffffda]=Sx[0xffffff91]k[0xffffffb9]0[0xffffffa4][0xffffffb6]5[0xffffffaa][0xffffffb5]x[\r][0xffffff84][0xffffffa9][0xffffffa6][0xffffff9a][0xffffff82][0xffffffb2][0xffffffca][\r][0xffffffa2]#[0xfffffff2][0xfffffff3]s[0xffffffe4][0xffffff94]w[0xffffffd6]V[0xffffffd1]`[0xffffffaa][0x1b]Cf[0xffffffd7][0xffffffec]D4[0xfffffffb]lq[0xfffffff3][0xffffffc4][0xffffffb4][0xffffffef][0xffffff9a]"[0x11]N[0x4][0x10][0xffffffa3][0xffffffc1][0xffffff97][0xffffffe0]O$[0xffffff91][0xffffffb7][0xfffffff1][0xffffffe2][0xffffffe6]O[\r][0xffffff84][0x8]d[0xffffff89][0xfffffffe]([0xffffffaa]!fO[0x3][0x18][0xffffffa0][0xffffffb0][0xffffffe5]/[0xffffffec]:[0xffffffd4]s[0xffffffae] [[0x18][0x13][0xffffffab][0xffffff8e][0xffffffac][0xffffff86][0xffffffda]-[0xffffffd2][0xffffff97][0xffffff83]}[ec[0xffffffd5][0xffffffe8][0xffffffa9]z l[0xffffff9b][0xffffff80]*M[0xffffffda][0xffffffa8][0xfffffff9][0xffffffcd]][0x1][0xfffffff4][0xffffffe2]>c[0xffffffd5]IU[0xfffffffd][0xffffffb7][0xfffffffb][0xffffffba][0x1f][0xffffff9d]v[0xffffffd7][0x1b][0xffffffe8][0xffffff83]E[0xffffff94][0xffffffd3][0xfffffff2]b [0xffffff90][0xfffffff0][0xffffffaf][0xfffffff5][0xffffffbf][0x17][0xfffffff4][0xffffff9f]R[0xffffffc0][0xffffffdc]B[0xffffffec][0xb]~[0xffffffc7][0xf][0xfffffff7][0xffffff87][0xfffffffb][0x4][0xffffffca]Ex_~<[0xffffffc8]B[0xffffffbb][0xffffffc4]b[0xffffff9e][0xffffffcc]M[0xffffff8a][0xffffffb3]`[0xfffffff0][0xffffffa6][0xe][0xf][0x1e][0xffffffef]I[0xfffffff1][0xffffff93][0xffffffa0]x[0xfffffff0]6a<[0x13][0xffffffbf][0xffffffee][0xffffff84][0x1e]f[0xffffffaa][\r][0xffffffd6][0xffffffe1][0xffffff8c][0xfffffff9][0xffffff83][0xffffffbb][0xffffffc8]S[0xfffffffd]lM[0xffffffca][0xffffffd8][0xffffffcb]J[0xfffffffe]@I[0xffffffbf][0xffffff82]7[0xffffff91]OOR[0xffffff97][0xffffffd1][0xffffff8e][0xffffff99][0x4][0x1f][0xffffff9e][0xffffffcd][0xffffffa5]:[0xffffff97][0xffffffeb]?1V&[0xfffffff2][0xffffff8a]T[0xffffff9e][0xffffffa0][0x17]D[0xffffff93][0xffffff97]A[0xffffff84][0xffffffbe]n[0xffffffa4]+[0xb][0xffffffde][0xffffffb8][0x11][0xffffff85][0xffffffcc][0xfffffff4][0x13]h[0xffffff96][0x19].[0xffffffc3][0x0]}[0x3]U?[0xffffffc2][0xffffffe8][0xffffffa6]5[0xffffff89]G[0xffffffd7]QQ[0xffffffda][0xfffffff2][0xfffffffa]6@[0xffffffbc][0xffffffd3][0xffffff82][0x15][0xffffffc9][0xffffff83][0xfffffff1][0xffffffbf]o[0xfffffff6]E{[0xffffff8b]9[0x2][0x10][0xffffff9a]0[0xffffffcd][0xffffffb9]AT1[0xffffffc7]j[0xffffff86]L[0xffffffab][0xffffff91]Qf[0xffffffc6][0x0][\n]"
09:46:43.504 [main] DEBUG com.github.dockerjava.zerodep.shaded.org.apache.hc.client5.http.wire -- http-outgoing-2 << "[0x1e][0x2].[0xffffffb1][0xffffff9c]h[0xffffffcd]N[0xffffffa7][0xffffffcc]>[0xffffff91][0xffffff82][0xffffff80]<[\r][0xffffffad][0xffffffd4]vH[0x19]MY[0xffffffd5][0xffffffdd]2[0xffffffb6][0x1][0xffffff81][0xffffffcb][0xffffff96][0xfffffff8]<[0xffffff92]Z[0xffffffb3][0xffffffe1][0xfffffffc][0x19][0xfffffff5][0xffffff95][0xffffffda]tGD[0x9][0xffffff80]s[0x5][0xffffffec][0x9][0xffffffb1][0xffffffce][0xffffffcf][0xffffff90][0x1b][0xffffffc5][0x1a][0xffffffd9][0xffffffa8][0xffffffd8]DG0F;[0xffffff9c][0xffffff9c]F[0xffffffa7][0x6]]a[0x0][0xffffff94]p[0xffffff93]u[0xfffffff7]7C[0xffffffce]B[0xffffff9d][0xffffffeb][0xffffffc8][0xf](L[0xffffff90][0x11]w`[0xfffffff7][0xffffffc6]=[0xffffffba][0xfffffff4]I[0xffffff8c]~[0xffffff8b][0xffffffb1][0xffffffc9]/[0xfffffff4]}[0xffffffe5][0xb]3[0xffffff9c]2>[0xfffffffb]7[0x6]f[0xffffffe4][0x1c][0x11][0xffffffbe]R[[0x1b][0xffffffd6]([0x4].L[0xffffff95] [0xffffffde][0xffffffa1][0xfffffffe][0xffffff82]6x[0xffffff8a][0xffffff89][0xfffffffe]F[0xffffff97][0x6][0xffffffc2][0xf]C[0xffffffa9]X[0xffffff9f][0xffffffc9][0xffffffa2]7[0xffffffe3]F[0xffffffde]ORv[0xfffffff9][0xffffffe3][0xffffffe1][0xffffff8d] 3e[0x18][0xffffffb3][0xffffffee][0xffffff91][0xffffffa4][0xfffffffb][0xffffffcf][0xffffffcb]~y[0xffffff8c][0xffffff9a][0xffffffa2][0xfffffffa]p[0xffffffb0][0xffffffcf][0xffffffd7]{R [0xffffff9a][0xffffffc7][0xffffff9d][0xffffffbb][0xffffff90] [0xffffffc2]\[0xfffffff7][0xffffff87][0xffffffec][0xffffffd6]"[YJ[0xffffffb2][0xffffffc0][0xfffffffe][0xffffffd0][0xffffffb1]dg?[0xffffffdb]r[0xffffffdc]^5[0xffffffb2]7[0xfffffff3]F[0xffffff84][0xfffffff8][0x6][0xffffffda][0xffffffd2][0x6][0xffffffdb][0xfffffff8]F[0x10]w6[0x16][0x1a]U[0x16]5[0xfffffff9]!fV[0x19][0x11][0x0]][0xffffff9e][0xffffffa2][0xffffff8d][0xffffff8c][0xffffff9a]P[0xffffffe2][0xfffffff0][0xffffffb9][0xffffff90][0xffffff93][[0x1f][0xffffff8d][0xffffffc1][0xffffff90]w*[0xffffff86]?[0xffffffa4]T[0xffffffca][0xffffffaa]!z[\r]~[0xffffffcf][0xfffffff5][0x1][0xffffffd9]%U[0xffffff8e][0xfffffffc]>TE[0xffffffc1][0xffffff83]H[0xffffffa5][0x9][0x8]F[0xffffffdc][0xffffffdf]Z4[0xffffffd2][0xffffffe6]Y[0xffffffe3]2[0xffffff9f]~[0xffffff93][0xffffffc1]\/[0xffffffe7]Qj[0xffffffd1][0xffffffef]U[0xffffffb4]I[0xffffff93][0x11][0xffffffba][0xffffffc2]l[0xffffffd5][0xffffffa7][0xffffffbd][0xffffffbb][0xfffffffe]2[0xfffffffb][0xf][0xffffffdd][0x7][0xffffffd0][0xffffffc6][0x10]k1[0x11][0x2][0xffffffec]b[0xffffffd8][0xffffffb3][0xffffffaf][0xffffffd4][0xffffffd8][0xffffffc7][0x1e]B[0xffffffa4]5[0xffffff8e][0xffffff83][0xfffffff7][0xffffffa9][0xffffffd6]!SB[0xffffffda][0xffffffec]+[\n]"
09:46:43.506 [main] DEBUG com.github.dockerjava.zerodep.shaded.org.apache.hc.client5.http.wire -- http-outgoing-2 << "[0xffffffbe][0xffffffa6][0xffffff87][0xffffffda][0xffffffca][0xffffffcf]U[0xffffffcc][0xffffffc7][0xffffffaa][0xfffffff5]n][0xffffffbf]U[0x1e][0xffffff8c][0x15]!X[0xffffffdd][0xffffffc2][0xffffff94][0xffffffd9][0xffffff8c]![0xffffffbc])8$G7h[0xffffffa9]N:[0xffffffa1][0x14][0xffffffb5]x[0xffffffc0][0x1f][0xffffffde]}[0xffffff80]Ls[0xffffffa6][0xffffff9c][0x1f];[0xfffffff1]:[0xffffff87]j[0xffffff8c][0x17]O{8[0xffffffd2]{[0xffffffe2]w4M[0xffffffb5]W[0xffffff8c];%[0xfffffff4][0xffffffd4][0x1b][0x9][0xffffffda][0xffffff92]*+G[0x1f][0xffffffe8][0x12][[0x15][0xfffffff0]VhlQ&[0x6][0xffffff8c]F[0xffffff9b]ie[0x1c][0xffffffd7][0xffffff89][0xffffff95]@[0x1e][0xffffffc4]#[0xffffffaa][0xfffffff8]oA[0xffffff91]ev[0xffffffc1][0xffffffa8][0xffffffe9][0xffffffc6][0xffffffa2][0xffffffef][0xfffffff2] [0xffffff91][0x11]x[0xffffffcd][0x0]k[0xffffffde][0xffffffbc][0xfffffff1].[0x1c][0xffffff93]x[0x11][0xfffffff4]H[0xffffff87][0xffffffe5]@[0xfffffff9][0x1d][0xffffff89][0xffffffce][0xffffff9a][0xb][0xffffffc4][0xffffffcf][0xffffffbf][0xffffffae][0xffffff8a][0x19][0xfffffffb][0x4][0x14][0xffffffb5][0xffffffd5][0xffffff80][0xffffffbd]c[0xffffffa0][0x4][0xffffff96][\n]"
09:46:43.506 [main] DEBUG com.github.dockerjava.zerodep.shaded.org.apache.hc.client5.http.wire -- http-outgoing-2 << ">2[0xffffffc9]][0xffffffc9][0x6]>L[0x5][0xffffffaa][0xffffffc3]4[0xffffffb9]Z4O[0xffffff93][0xffffffc1][0x2][0xffffffdb][0xffffff8b]%{+i8#}[0xffffffd2][0xfffffff4]0[0xfffffff3]W[0xffffffbd]*[\n]"
09:46:43.506 [main] DEBUG com.github.dockerjava.zerodep.shaded.org.apache.hc.client5.http.wire -- http-outgoing-2 << "[0xffffffe3][0xffffffdb][0xc][0xffffffcd][0xffffffa0][0xfffffff0]EU0b[0xffffffab][0xffffff85][[0xffffffcf][0xffffffcd][0xffffffda][0xfffffff7][0xffffff8b][0xffffff9b]z[0x1d]/[0xffffffde][0xffffffa7]3Gn[0x14][0xfffffff2]VZ[0xffffffe6][0xffffff84][0x3][0x16]f][0xffffffa8][0x12]BT.[0x10][0x18][0xffffff99]Q[0xffffffa4][0xffffffdb][0xffffffbe][0x1a][0xffffffea][0xffffffc9][0xf]`[0xfffffff7][0xffffff9f][0xffffff95]][0xffffffe3][0x5][0x5][0xffffffd9]o[0xffffffc2]E[0xffffffbc][0xffffffe0][0xb]3u[0x4]srorJ[0xfffffff7][0xffffffc4]U[0xfffffffd][0xffffff88]([0xffffffdb][0xffffffdb][0xffffffb6]1[0xffffffe5]l[0xffffffe0][0xffffffca]([0x1f]-[0xffffff8e][0xffffff92][0x0][0xffffffdb]|[0xffffffd4][0xffffffbe][0xffffff89]n`[0xffffffa3][0xffffff82][0xffffff84]1t'p[0xffffffa8][0xffffffcf][0xffffffea].[0xffffff87]:[0x7][0xffffff8c][0x5][0x19]}[0xffffffcc][0xffffffd9][0xffffffe5]h_[0xffffff98][0xffffffe1][0xffffffc7][0xffffffb3][0xffffffaa]d[0xffffffeb].[0xffffff8c][0xffffffb6][\n]"
09:46:43.506 [main] DEBUG com.github.dockerjava.zerodep.shaded.org.apache.hc.client5.http.wire -- http-outgoing-2 << "[0xffffff88][0xffffffe1]W[0xffffff99][0xffffffe7]$,[0x7f][0xffffffd8][0xffffffbc][0xffffffe1]R[0xfffffffd][0xffffffbe][0xffffff80][0xfffffffe][0xffffffaf][0xffffff86]B*%H[0xffffffb6]A(O[0x17]:[0x10]v1[0xffffffeb][0x8]![0x7f][0x16][0xffffffb3][0x1e]Z[0x6]yqZB[\r][0xffffffb0][0x1b][0xffffffdf]([0xffffffea]>[0x9][0xffffffb2][0xffffffee][0xffffffc3][0xfffffff3][0xfffffff3]tSu[0xffffff97]:[0xffffffc9]a[0xffffffb2]a<@[0xfffffff3]`[0xffffffcc] x[0xffffffc0]fM[0xb]6[0xffffffed],J[0xffffff9e][0xffffff9e][0xffffffab]du[0xffffffcd]H[0xffffffd5][0xffffffe6][0xfffffffd][0xffffff95][0xffffffd9][0x0]-<[[0xffffffe6]T$[0xffffffc6][0x3][0xffffffab][0xfffffff3]X>[0xffffff99]st[0xffffffda][0xffffff9b][0xffffffac]O[0xffffffe8]&[0xffffffeb]h[0xffffffb3][0xfffffff3]G[0xffffffe3][0xffffff8b]O[0xffffffd0][0xffffffbc][0xffffffc8][0xffffffb9][0xffffffa6]b[0xffffff82][0xffffff8b][0xfffffffa][0x1]K[0x13][0xffffff98][0xffffffd0][0xffffffa6][0xffffffc8]A[0xffffffb3]z[0xffffff9e]M[0xffffff97]>[0xffffffcc][0xffffffc9]?[0xffffffa4][0xffffffd5][0xffffff82][0xffffffb2][0x18][0xffffffbe][0x1d]6"[0xffffff97][0xffffff83][0xffffffe9]7[0xffffffc7]%[0xffffffaa][0x18][0xffffffe4][0xffffffb9][0x19][0xffffff96][0xffffffc4]AA[0xfffffff3]W[0x4][0xffffffbe][0xfffffff1][0xffffff8c]b[0xffffffda][0xfffffff7][0xfffffff6][0xffffffe1].[0xffffffe5][0x7]cC[0xffffffc3]6[0xffffffdf][0xffffff89][0xfffffff0]XQL[0xffffffbc]7[0xffffffb8]D[0x1f][0xfffffff9][0xffffffe7][0xffffffe9][0xfffffffd][0xffffffb5][0xffffffbf]|[0xffffffaf][0xffffffe9]6.7[0xffffffe4]GJ7u[0xffffff98]v[0xffffffc3][0xffffffc3][0xffffffac]`2l[0x17]q[0xfffffffa]|[0xffffffb5][0x1c][0xffffffeb] [0xfffffff1]6[\n]"
09:46:43.507 [main] DEBUG com.github.dockerjava.zerodep.shaded.org.apache.hc.client5.http.wire -- http-outgoing-2 << "2ZC[0xffffffdc]o[0xffffffd0]PU[0xffffff9f][0xffffff96]2[0xfffffff6][0xfffffff2]rdQ[0xffffff99]3[0xfffffffa][0xffffffa2]f[0xffffff87][0x7f][0xffffff98][0x3][0xffffff9e][0xffffffd4]1[0xffffff98]*[0x7f][0xffffff8b]qz[0xfffffff0][0xffffffeb][0xfffffffd][0x0][0xffffff91]}[0xffffffcf]^[\r]-[0xffffffe1][0xffffff86]t[0x13][0xffffffe6][0xffffffbe][0xffffffb7][0x7][0xfffffffa]*&[0xffffff82]_[0xffffff8d][0x14]u([0x1d][0xffffffb1][0xffffffb8][0x13]l[0xffffff95]a[0x1b]y [0xffffffdf]rP[0xffffffaf][0x1a]w;}[0xffffff9c]f[0xffffffe8][0xffffffd7][0x1c][0xffffffbf]P[0xffffffb8][0x15][0xffffff97]B[0x16][0x5][0xffffffec]o[0xffffffc8]")[0x4][0xffffff82][0xffffff9f]WooBj[0xffffff81]mT[0xffffffaf]6[0xffffff91]{>[0xffffffdf]$Y[0xffffffac]/[0xffffffc5][0xffffffbb] ,+G[0xffffffe7][0xffffffe7]u[0xffffff95][0x11][0xffffffb9][0xffffff8a][0xffffffa1]I[0xffffffc0][0xffffffb0][0x1][0xffffffe5][0xffffff99]Fv[0x13][0xfffffffe][0xffffffc8][0xffffffc2]2[0xffffffd7]1[0xffffffe3]_[0x15][0xffffffd4][0xffffffc8]~[0xffffffa3]9[0xffffffa6][0x5]F[0xffffff9e][\r][0xffffffcf][0xffffffc8]P[0xffffffd4]W[0xffffff84][0xffffffcb]5G[0xffffff8f][\r][0xffffffcd][0xfffffff3][0x12][0x18][0xffffffdc][0xffffffa8][0xffffffc3][0x17]B[0xfffffffc][0xffffffa9][0x1c]g[0xffffffaf]X[0x7f][0xffffffcd][0x11][0xffffffee][0xffffffc0]%[0xffffff84][0xffffff8a]0;[0xffffff9b][0xffffffc3][0xffffffa8][0xffffff9a][0xffffff8e][0xffffff8a][0xffffffcd]@|me[0xffffff8e][0xffffff85]9[0x1b]_[0x11][0xffffff8e][0xffffffd4][0xffffffa9]7[0xffffffc5]@dY[0xffffffa2]%[0xffffff93][0xffffff8b][0xffffff8f]0[0xfffffff8]Nm[0xfffffff4]v|\[0xffffffdb][0xffffffab][0xffffff9b][0xffffff83]Q8V`[0x8]F[0xffffffc7][0xffffff93]lN[0xffffffff]$[0x14]H[0xffffff95][0xffffffde]Ss[0xffffffae][0x8][0x17]sw;B[0xffffffc1][0x1b][0xffffffde][0xffffffd7][0xffffff80]4[0xffffff92][0x1e][0xffffff95]j[0xffffffd5][0xffffffbc]H[0xfffffff0]h[0xffffffd4][0xfffffff1][0xffffffc2][0xffffff83]^[0xfffffffa]-[0xf]J:[0xffffffb7]g[0xffffffa6][0xffffffc8]O[0xffffffe3][0xffffffa6][0x1f][0xffffffc8]6[0xffffff8a][0xffffff82][0xfffffff3]lx[0xfffffffc][0xffffff82][0xffffff84][0x9]xJ[0xffffffaa]X[0xffffffd7]q[0xfffffff2]w[0xffffff86]V@[0xfffffff0]X[0xffffffcd][0x1d][0x13]86J[0xffffffba][0xffffffd3]u[0x5][0xfffffffc]j>3[0xffffff9a][0xffffffed][0xffffffb3][0xffffff88][0xfffffff7][0xffffffa5]p[0xffffff9d]#p^[0xffffffd2][0xfffffff6]8GyP[0xffffffc1][0xfffffffe][0xffffffea]M[0xffffffcc]-Z[0xffffffaf]~[0xffffffa0][0xfffffffc][\r][0xffffff88]U[0xffffff80][0xfffffff6][0x1][0xfffffff5][0xffffffa5]$[0x0]dn>L[0xffffff81][0xffffffd5][0xffffff90][0xffffff98]Dl[0xffffffe9][0xc][0x3][0xffffffa2][0xffffff8c][0x7][0xffffffcb][0xffffffbf]0m[0xffffffee][0xfffffffc]Ks[0xffffff87]W[0xffffffa2][0x14][0xffffffce][0xffffff9c]aJ[0xffffff91]o[0xffffffca][0xffffffb9]Rz,[\n]"
09:46:43.507 [main] DEBUG com.github.dockerjava.zerodep.shaded.org.apache.hc.client5.http.wire -- http-outgoing-2 << "[0xffffff83]d[0xffffffa1]-[0xffffff96]\[0xffffff98][0x9][0x12][0xffffffeb]!7)[0xffffff97][0xffffffe3][0x1c][0x16]P[0xffffff80][0xffffffff][0xffffffff][0xffffff9f][0xffffffe8][0xffffffa0]0t[0xfffffffc][0x1c][0xfffffff0][0x10][0xffffffea][0xffffffd1][0xffffff9d][0xffffffdc]Q:r[0x18][0x1f]p[0x1a][0x6]h[0xffffff91][0xffffffa2][0xffffffb0][0xffffffef][0xffffffc7]>[0x1d]s[0xfffffff0][0xffffffeb][0xffffff89]s[0xffffffbd][0xffffffbf]D[0x5][0xfffffff0];[0xfffffff6]%[0xffffffc4][0xffffffee][0xffffffe7][0xffffffed][0xfffffff2]Q[0xfffffff8][\r][0xffffffd7]n[0xffffffc3][0xffffffb8]C[0xffffffa8][0xffffffdb]JISO[0xffffffd2]S[0xffffffdd][0xffffffaf][0xffffffbe]{[0xffffffcf][0xffffff9e][0xffffffde]*[0xffffff84]1[0xffffffde])[0xffffff93][0xfffffffd][0xffffffc6]@[0xffffffc1][0xffffff88][0xffffffa3]~[0xffffff8b][0xffffff89][0x6].eA[0xffffffc3]7[0xffffff95][0xc][0x8][0xffffffac]T[0xffffff81][0xffffff87][0xffffffb3][0xffffffd6][0xffffff91][0xffffffc0][0xf][0xffffffbd][0x1b][0x18]b/'.[0x5]7[0xffffffc8][0x6]d[0x1f][0xfffffff6][0xffffffe7][0x9]o[0xffffffc4][0xffffffe1],%[0xffffff89][0xffffffbb][0xffffffde]"[0x1a][0xffffffcb][0xffffffb3]=[0xffffffba][0xe][0xffffff80][0x7]$v[0xffffffd2]D[0xffffffa4][0xffffffeb][0xffffff87] w[0xffffffc9][0xfffffff4][0xffffff92][0xffffffdc][0xffffffb6]@[0xffffffb1][0x1e][0xffffffe1]][0xffffffc2][0x17]%[0xffffffa2][0xffffffe1][0xe][0x2][0xffffffa8]|[0xffffffb9]h[0x2][0xffffffda][0xffffffff][0xffffffd4][0xffffffee][0xffffffdc][0xffffffd6]J[0xffffffdf]j[0xffffffc5][0xffffffca]s[0xffffff84]-[0x1f][0x12]k[0xffffff8b][0xffffffec][\r][0xfffffffe][\n]"
09:46:43.509 [main] DEBUG com.github.dockerjava.zerodep.shaded.org.apache.hc.client5.http.wire -- http-outgoing-2 << "[0xffffffda][0xffffff85]|[0x18]Da[0xffffffe8][0xffffffa1]3[0xffffff86]E[0xffffffbc]P[0xffffffc4]Y3W[0xffffffb0][0xffffffd8]dn[0xffffff8a][0xffffffaa]z[0xffffff97][0xffffffaa][0xffffffc2][0xfffffff1][0xffffff9c][0xffffffa3][0xffffffbf][0xffffffa1]#[0xffffffc4][0xffffffe9]-~yM[0xffffffc2][0x1b]6[0xffffffbd]7[0xffffffa0]ueL[0xffffff9d][0xffffff81]#[0xffffffe3][0xffffffd4]()"[0x1e]@[0xf][0xffffffa6][0xffffffd3][0xffffff95][0xffffffe0]!d[0xffffffcc][0x5]#[0x1][0xffffffe1][0xffffffd8][0x1b][0xfffffff4][0xffffff84]!$[0xffffffcd][0xffffffa4][0xffffffb8]%[0x8]r[0xffffffcc][0xffffffcf]Fs[0xffffffcc][0x10]+c[0xfffffff0][0xffffffc9][0x7][0xfffffff6][0xffffffbe][0xffffff89][0xffffff8f][0xfffffff0][0xffffff80][0xffffffb0][0xffffffc9][0xffffff99][0xffffffb9][0xffffffbe][0xffffff8c]M[0xffffffbf][0xf]}[0xffffff84][0xffffff86][0xfffffff7][0xffffffac]#v{J[0x6][0xffffffa5][0xfffffffd]3[0xfffffffb][0xffffffbf][0xffffff85][0x8]T[0xffffffde]l[0xf][0xffffff9e][0xffffffa3][0xfffffff9][0xffffff87]zM[0x13]Yx$~[0xffffffd9]o[0xffffffe5][0xffffffe6]{[0xfffffff4][0xffffffd6][0xfffffff9][0xffffff9c],G[0xffffffb2][0xffffffc0][0xffffffb8]%0ZPz[0xffffffb7]w[0xfffffffb][0x19]B[0xfffffff6][0xfffffff8]g%[0xffffff98][0xffffffe1][0xffffffe7];n[0xffffffc6][0xffffffce]tH(K[0xffffffd9][0xffffffc3][0xffffffd7]`[0xfffffff7][0xffffffb7][0x13][0xffffffe9][0xffffff8a]/b[0xffffffec][0xffffff92][0xfffffffa][\r][0xc]:[0xffffffd0]J[0xffffff8d][0xffffffd5]Mg[0xffffffd2][0xffffff98][\n]"
09:46:43.509 [main] DEBUG com.github.dockerjava.zerodep.shaded.org.apache.hc.client5.http.wire -- http-outgoing-2 << "[0xfffffff9][0xffffff8e][0xffffffe6][0xffffffed][0xffffff89][0xffffffcb][0xffffffe0][0x14]"
09:46:43.514 [main] DEBUG com.github.dockerjava.zerodep.shaded.org.apache.hc.client5.http.wire -- http-outgoing-2 << "[0xffffffb8][0xfffffffc][0x1c][0xffffffaa][0xffffff84]:#[0xfffffff1][0xffffffec]T[0xffffffba][0xffffffbb]B[0xffffffb9][0xffffff87][0x1b][0x13]gP:[0xffffff82][0xffffffe1][0xfffffff0]U[0xffffff94]{*>[0xf][0xffffffb7][0xffffffd5]=E[0xffffffbf][0xffffffb0][0xffffffbe][0xffffffa7]j[0xffffff86][0xffffff92][0x15][0xffffffe0][0xb]-W[0xffffff87][0xffffff8a][0xffffffb2][0x3][0xffffffee][0xffffffef]3[0xffffffe2][0xffffffc3]p[0xffffffaf][0xffffff8d][0xffffffa6]([0xffffffbd][0x14][0xffffffa4][0x5]B0W[0xffffff85]b[0xffffffa4]Yb[0xffffffe1][0xf]@[0xffffffc8]j[0xffffffc1]:[0xffffffd0]\[0xffffffd8]o[0xffffffcc][0xffffffc6][0xffffff82][0xfffffff2]m:l[0xffffff95][0xf]/4[0xc]yn[0xffffffe7]D[0x15]M[0xffffffcb][0xffffff8e]*1[0xfffffff9][0xffffffdc][0xffffffa0][0xfffffffb][0xffffffd0][0xffffffb6]8[0xffffffe4][0xffffffc8]a[0xffffffc8]9pp[0xffffffe5]=[0xffffffaf]x[0xffffffed][0xffffffc8]lP[0xffffffa4]6[0xffffffd0]#[0xfffffff6][0xffffff87][0x18]f[0xffffffea][0xffffffbd][0xffffffb1][0xffffffd0][0xfffffffd][0xffffffbf]at[0xffffffa9]V[0xffffffb9][0xffffff90]Z[0xfffffffb][0xffffffb6][0xfffffff4][0xffffffc3][0xffffff91][0xffffffe7][0xffffff98]a[0xffffffc8][0xffffffc5][0xffffffba][0xffffffc8]Z[0x8]R[0xffffffb4]C[0xffffffea][0xffffffe4][0xffffff92]4[0xffffffd1][0xffffffaa][0xffffffbf][0xffffff80]i[0xffffffb7]>[0xffffffa8][0xffffffb4][0xffffff97]L[[0xffffff89][0xffffffd5][0xfffffff2][0xffffffcb]]?*+$[0xffffffa7][0xffffffdb]z [0x3]F[0xffffffa1]t[0x6][0xffffffdc][0xffffffa2]Q5V[0x0][0xffffff8e][0xffffff94][0xc][0xffffffb7]r[0xffffffa4]V[0xffffffc5][0xfffffff7]v[0xffffffe3]:[[0x14]%(e![0xffffffe4][0xffffffd8]X[0xffffffa0]e[0xffffffae][0xffffffa0]h[0xffffffc4]z[0x7][0x18][0xffffffb8][0xffffffe6][0xffffffbe]@:[0xffffffce][0xffffff97]}CF[0xffffffc6]zA[0xffffff9e][0xffffff96][0xffffffba]\[0x3][0xffffffc0][0x7][0xfffffffe]*[0xffffffc5]i[0x1a][0xffffff90][0x7][0xffffffc7][0x0]P>[0xffffff84][0xffffffa2][0xffffffa2][0xf][0x19][0xffffff8b][0x8][0xffffffb2][0x13]F#0[0x1f][0xffffffa7].[0x1e][0xffffffe4]3M[0xffffffb7]6[[0xffffffa5][0xffffff92][0x9][0xffffffba]+[[0xffffffd0][0xffffffe0]`nU{[[0x10][0xffffffaf];8d [0x16]0[0x8][0xfffffff0]K[0x0]:[0xfffffff9][0xffffffde]!S[0xffffff86][0xffffff8e]d[0xffffff84][0xffffffca]9b[0xfffffffb][0xffffffef][0x15][0xfffffff9],Q[0x1b]|[0xffffffc4][0xffffffd6]3R[0xffffff97]<12[0x5]c[0xffffffb3][0xe][0xffffffcb]g[0x17]^&[0xfffffff3][0xffffff9a]][0xffffffa3][0x4][0xffffffab][0xfffffff4][0xffffffd7]*|[0xffffffb4][0xffffffd2][0xffffffbb]cdY[0x17]M[0xffffffd6][0x10][0xffffffe3][0xffffffb8][0xfffffff7]7[0xffffffea][0x13]Xm8[0xffffff97]~2[0xffffffab][0xffffffb7][0xffffffb5][0xffffff82][0xffffffe9][0xffffffb9][0xffffffd7]i[0x7][+e[0xb][0x11][0xffffff90]d/[0xffffffbb][0xe][0xfffffff3].Y/[0xffffffd3]g[0xffffffb7]jC2[0xffffffe3]}I[0xfffffff5][0xfffffff6][0x2][0xffffffa5][0xfffffff2]*N[0xffffff88]J[0xfffffffa]Q[0xffffffb7][0xfffffff4]z[0xffffff85][0x1c]y[0xffffffc4][0x10]=[0xffffffac]n[0x16]D[0x7][0xffffffe5][0xffffffa1]qf^,[0x4]P\[0xffffff99]8[0xffffffb2]:mnm[0x11][\n]"
09:46:43.515 [main] DEBUG com.github.dockerjava.zerodep.shaded.org.apache.hc.client5.http.wire -- http-outgoing-2 << "[0xffffffac][0xffffffd8]V^[0xffffffd8][0xffffff9d][0xffffffb8][0x7][0xffffffd5]7[0xffffff8c]0[0xffffffe4]N[0xffffffb3]4zM[0xfffffff1][0xffffff92][0xffffffee]w[0xffffffd0][0xfffffff3]9[0xffffffb8][0xfffffff3][0xffffffca]S[0x14][0xffffffcd][0x10][0xffffff81][0xffffffc7][0xfffffffc][0xfffffff8]s[0xffffffdf]Y[[0xffffffa1][0xffffffed][0x7f][0xe][0xffffff92][0xffffffa1][0xffffffea][0xffffffc9][0xffffff88][0xffffffb3][0xffffffc1])[0xffffff9b][0xffffffb5][0xffffffa6][0x19][0xffffff81]6[0xffffffa1]w[0xe][0xffffffb9][0x14][0xffffffb9][0xffffffe0][0xffffff97]w[\n]"
09:46:43.515 [main] DEBUG com.github.dockerjava.zerodep.shaded.org.apache.hc.client5.http.wire -- http-outgoing-2 << "[0xffffffeb]SW[0x1][0xffffff91][0x9][0xffffffc8][0xffffffdc]N#[0xffffffc7][0xfffffff4][0xffffffba]%[0xfffffff2][0xffffffe5][0xffffff8b]Y[0xffffffde][0x12][0xffffffe8][0xffffffc6][0xffffff9f][0xfffffff4][0xffffffef][0xffffff9f][0xffffffdf][0xffffff83][0xffffffb5][0xffffffc7]8[0xffffff9e]  [0xffffffbe][0xffffffa1]$[0x1][0xffffffb2]4[0xffffffac][0x11][0xffffffe2][0xffffffe6]>[0xe][0xffffffe2][0xffffff9c][0x19]o[0xffffffee][0xffffff97][0xffffffd6][0xffffff83]k[0xffffffc7][0xfffffff4]J[0xffffffc9][0xffffff8d][0xfffffffe]1[0x7f]d[0xffffff81]/[0xffffffc6][0xfffffffd][0xffffff96][0x2][0xffffffc0][0xffffffc0][0x2][0x15][0xffffff84][0x4]-[0xffffffb9][0xffffffd6]b[0xffffffb9][0xffffff80][0xfffffff6]#[0xffffff89][0xffffffe9][0xffffffcf][0xffffffc2][0xffffff83]J9[0xffffffb7][0xfffffffb][0xffffffa7][0xffffffb3]S[0xffffffcb]=[0xffffffe5][0xffffffd1][0xffffffdc][0x0]Bz|$/[0xffffff8a][0x6][0xffffffde][0x0]Q.[0xffffffa0]f[0xffffffbf]2[0xffffffba][0xffffffb3][0xffffffd1]n[0xffffffd7]hT[0xffffffa4]3[0xffffff8f]d[0xffffffd4]E[0xffffffc1][0xffffff89][0xffffff88](|4[0xffffff94]P[0xffffffd8][0xffffffe7][0xfffffffe][0x15][0xffffffa1][0xffffffdd][0xffffffdb][0xfffffff1][0xffffffc9][0xfffffff1][0xffffffd2]'-[0xffffffff]tl.[0xfffffff9][0xffffff8d][0xffffffd6]p[0xe]U[0xffffffe0][0xffffffa0]w[0x4][0xffffffd6][0xffffff86]<[0xffffff8e]$[0xffffffc5]gr[0xfffffff1][0xffffffa0][0x1][0xffffffc7][0xffffff8d][0xffffffd7]J[0xffffffa7][0xffffffef][0x16]p[0xf]4[0x2];[0xffffffc3][0xffffff8c]L[0xffffffd6][0x18]7[0xffffffa4][0xffffffa1]-T[0xffffffe6][0xffffffee][0x1c]][0xffffffd5][0xffffffe3]l[0xfffffffd][0xfffffffe]K[0xffffff97]Ub[0xffffffeb]+[0xffffffdd][0xffffffa3][0xffffff8f]^a#[0x19][0x5][0xffffffae][0xffffff84][0xffffffdc][0x7][0xffffffbc]:[0xffffffed][0xffffffed][0xffffffdb][0x1b];Q@[AY[0xfffffff1][0xffffffaf][0xffffffbf][0xffffff86][0xf][0xffffffe3][0xffffff85][0xffffffc8][0xffffffd8][0xffffff86]b [0xffffffd8]$[0x18][0xf][0x19][0x12][0xffffff91][0xffffffbd][0xffffffff]?[0xffffff9d]9[0xffffffdc]Ee[0xffffff88]o[0x9]d[0xfffffffe]klmu[0xffffff8c]N[0x10]1H[0xfffffffa][0xfffffffb][0x16]_[0x15][0xffffffd8]GV[0xffffffbd]a[0xffffffc8]i6H[0xffffffdb][0xffffff88]2[0x1b][0xffffffde]i[0x13]x[0xffffffba][0xffffffac]V[0xffffffb6][0xffffffd2][0xffffffc8][0xffffffa6][0xffffff83]?[0xffffffed]s[0x9]w[0xffffffc6][0xffffff9b][0xffffffcd][0x13][0xffffffc1][0x11][0xffffff85]'"0[0xffffff80][0xffffffb9][0xffffffc1]7[0xffffff86][0xffffff9c]s[0xffffffa0]>[0xffffffdb]F[0xffffffd9][0x7][0xffffffee][0x1b][0xffffffeb][0x1c][0xfffffffe]"[0xffffffb6][0xffffffcb][0xffffffaf]H}w[0xffffffad][[0xffffff8f] [[0xffffffed]Z[0xffffff94][0xffffffb6][0xffffffae]a[0x1a][0xfffffff2][0xffffffd1][\n]"
09:46:43.515 [main] DEBUG com.github.dockerjava.zerodep.shaded.org.apache.hc.client5.http.wire -- http-outgoing-2 << "[0xffffffbe][0xffffffae][0xffffff91]l[0xffffffcb]lg[0xffffff9c]~d][0xffffffb9][0xffffff82][0xffffff87][0xffffffd8],[0xffffffbc]B[0xffffffa8][0xfffffff0],A[0xffffffcc][0xffffffc4][0xffffffdf][0xfffffff4][\n]"
09:46:43.515 [main] DEBUG com.github.dockerjava.zerodep.shaded.org.apache.hc.client5.http.wire -- http-outgoing-2 << "[0x7f][0x9]p[0xffffffb9][0xffffffc0][0xffffffc3][0xffffff96][0xffffffa9]-[0xffffffae][0x1]=[0xffffff88]lR[0xfffffff1][0x0][0x3][0xffffffb2]K[0x15][0xffffffed][0xfffffff2][0xffffffd9][0xffffffed][0x1a][0x5][0xffffffca][0xffffffc5]N[0xffffffba][0xffffff9e][0xffffffa1]][0xffffff80]G[0x12]\c,[0xfffffffe][0xffffffb3][0xffffffeb][0xffffffa0]a[0xfffffff3][0xffffffe4][0xffffffc4][0xe]k[0xffffff92]rmc[0xffffff94]P[0xffffffd3][0xffffff98]^[0xffffffef][0xffffffbf]N[0xffffffda][0x17] [0x1d][0xfffffff9]r[0xffffff9d][0xffffffbe][0xffffffe7][0xffffffa7][0xffffffc0],[0xffffff80][0xffffffef]-[0xffffffc5]~z[0xfffffff2]E![0x9][0xffffffbf]r[0x6]-[0xffffff98]~[0xffffffe9]S[0xffffffed]m6[0xffffffb1][0xffffff93][0xffffff9c][0x1b])b[0xffffffe5][0xfffffff6][0xffffffd4]R[0x10]Y,;5[0xffffff8f]Jt2[0xffffff8a]l[0xffffff99][0xffffffdc][0xffffff99][0xfffffff3][0xffffff86]}8>[0xfffffff5]\[0xffffffe0]}[0xffffffd9][0x14](}[0xffffffe7][0xffffffab][0xffffffa9]rQ[0xffffff91]T[0xffffffd0]n[0x1a]^[0xffffffc0][0xffffffe1][0xffffffa6][0xffffff93][0xffffffe9]x[0xffffffea][0xfffffff4][0xffffff97][0xffffffab][0x4]h[0xffffffe2][0x6]w9[0xfffffff2][0x1d]e[0xfffffff5]g[0xffffffcf][0x0][0xffffffd6]V[0xffffffd8]Z[0x13] RR[0xffffffb8][0xffffffda][0xffffffe7][0xffffffb6]z[0xffffff92][0xffffffb8][0xffffff90][0xffffffb8][\n]"
09:46:43.515 [main] DEBUG com.github.dockerjava.zerodep.shaded.org.apache.hc.client5.http.wire -- http-outgoing-2 << "[0xffffff87][0x14]"[0x9][0xffffffb8]@[0xffffffa4][0xffffffdf][0xfffffff1][0x17][0xffffffc0][0xffffffd0]w[0xffffffa2][0xffffff88][0xffffff84][0xffffffe6]c[0xffffffd4][0xffffff93]r[0xffffff91][0xffffffbd][0xfffffff1]x&[0xffffff87][0xffffff8a]Vcw [0xffffffd2][0xffffff9e][0x2][0xffffffa0][0xffffffc4][0xffffff9c][0xffffff83][0xffffffce]][0xffffffe2]&[0xffffffbc]9[0xffffff8a][0xffffff8e]o[0xffffffc5][0xffffffef])^[0x1a][0xffffff8f][0xffffffef][0x13]Wuq>[0x6][0xffffff8f][0xffffffe1]G[0xffffffce]QX4<[0xffffff84][0xffffffa8][0x17][0xffffffff][0xe][0xffffffab]"N[0xffffffc7][0xfffffffb][0xffffffdc]:i[0x1f][0xffffffb5]>[0x8][0xffffffa7]$[0x14]DJ[0xffffffac]~[0xfffffffc]D[0xffffff97][0xffffff91][0xffffff9e][0xffffffc4]Z[0xffffff91][0xffffffda][0xffffffd1][0xfffffff5][0xffffffcd][[0xffffffec][0xffffffe9]1,/[0xfffffff2][0xffffffdf][0xf]m[0xffffffab][0x1f] [0xffffffab]=[0xfffffffb] /[0x8]L[0xffffffce][0xffffff80][0xffffffed][0xc][0xffffffc8][0xfffffffa][0xffffffda][0xffffffb9][0xffffff86]6[0xffffff80][\r][0xffffff9b]=[0xffffffde][0x1f][0xffffff9e]+[0x16][0xffffffc6]j[0xffffffc4][0xffffffa5][0xffffffb5][0xffffffce]xHnT[0xffffffbc][0xffffffcd][0xffffffb8][0xffffff8d]([0xffffffbb][0xffffff8a][0xffffffdc][0xffffffa6][0xffffffc7]4[0xffffffc7]:>'_[0xfffffffd]E[0xffffffac];H[0xffffffc2]V[0xf][0xfffffff6]i[0xffffff9c][0x15][0x1d]/[0xffffff9e][0x0][0x10]2Ba[0xffffffad]a[0xffffff99]x[0xffffffc9][0xffffffa8]&8%K[0xffffffc4][0x5][0x7f]X:[0xffffffee][0xffffffa5][0xffffffcf][0x6][0xffffffdc][0xfffffff8][0xffffff94]U*[0xffffffcd][0xffffff8a][0xffffffdb]/[0xffffff8b]?[0xffffffc6][0xffffff81][0xffffffac][0xffffffb2][0xffffffc0]N[\r][0x1a][0xfffffff3]$[0xffffffc3][0xffffffe6]6.4[0xffffffd6][0xffffff8c][0xffffff86]X[0xffffff8a][0xffffffd8]l@[0xffffffe7][0xffffffa4]Z[0x19][0x1a][0xffffff9e]G]m+[0xffffffdb][0xffffffb6][0xffffffdd]w[0xffffffab]X[0xffffffe1][[0xffffff92][0x18]f?[0xffffffda]?[0x3][0xffffff97][0xffffffeb][0x4],[0x18]u[0xffffffc7][0xffffffc8]z5[0xffffffe0][0x5]=A[0xfffffff1][0xffffff80][0xffffffa7]||M[0xffffff89]E[0xffffff8c][0xffffffeb][0xffffffe8]yJ[0xfffffff1][0xffffffaa]z[0xffffffb6]ii[0x9]+y[0xb][0xfffffffb]i[0x11][0xffffffce]b[\n]"
09:46:43.515 [main] DEBUG com.github.dockerjava.zerodep.shaded.org.apache.hc.client5.http.wire -- http-outgoing-2 << "[0xffffffc5][0xffffffd1][0xffffffb3][0x1e][0xffffffe8][0xffffffb4][0xffffffb7]/G[0xffffffa3][0xffffff8f][0xffffffe6][0xffffffd9][0xffffffc4][0x2][0xffffffef]r}[0xffffff83]wp{vIJb{v[0xffffff88][0xffffffc0][0xfffffffe][0xffffff8e][0xf]7[0xfffffffe]i[0xffffff83][0xffffffae]2[0xffffffad][0xffffffdf]l[0xffffffde][0xffffffb0][0xffffffc5][0xffffffeb][0xffffffb8][0xffffff81][0x4][0xfffffff9]5%[0x1a]u[0x1f][0xffffffae][0xfffffff2][0xffffffc7][0xffffffb3]6[0x7][0xffffffbb]5d[0xffffffea]=C[0xffffffb9][0xffffffa3][0xb][0xffffffa8][0x7].igQ[0xffffffc5]6[0xffffffc9][0xffffffc3][0xffffffb6]\[0xffffff8b][0xffffffe7] m@[0x9][0xffffffd8]0[0xffffff92][0xffffffc9][0xffffffbf]{WQ[0xffffffd1][0xffffffd8]b$;d}[0xffffffc2][0xffffffa9]C[0xffffffd8]W[0x1f][0xffffffd0],F[0xfffffff6][0x1e][0xfffffff9]4[0xffffffc2]@%[0xffffff9a][0xfffffff9][0xffffffc5]Vf[0xffffffa2][0xffffffd3][0x6]A$[0xffffff86]Wt[0xffffffa2]g}0`[0xffffffde]e[0xffffffdd][0xffffff88][0xffffffa6][0xffffffb4][0xffffff81][0xffffffa7]m[0x19][0xffffffa1]`[0xffffffc2][0xfffffff5]Bg[0xffffff98]X[0xffffffd6]}[0xfffffff7]?vf[0xffffffe2][0xffffffc1]A[0xffffffcf][0xffffff99]*V[0xffffffab][0xfffffff4][0xffffffd1][0xffffffbe][0xffffffde][0xe][0x12]nx[0xffffff9f]^[0xffffffb4]4X[0xffffff97]9[0xfffffffe][0xffffff9f]#m%[0xffffff86]<[0xffffffd5]E"[0xffffffdd]-6[0xfffffffc][0xfffffffe]P[0xfffffffa][0xffffff8b][0xffffffe6]S[0x18]Qba[0xffffffa7]c[0xffffffd5]U[0xfffffffb][0xffffffeb][0xffffff97][0x15]n[0xffffffd9],1[0xfffffff0][0xffffffdb][0xffffffb4][0xffffffe4][0xb][0xffffff9c][0xfffffff6][0x16][0xffffffb3]z[0x7f]P[0xffffff96]^S[0xffffffe1][0x12][0xffffff9f][0xffffffdc]>[0xffffffe4]v[0xffffff99]9[0xffffff8f]m[0xfffffff1][0xffffff84]:^[0xffffffc8]E[0xffffff80]ar[0x17][0xffffffe6]"[0x13]h[0xffffffe0]8[0xffffff96][0xffffffe8][0xffffffe2]P[0xffffffbe][\r][0xffffffc7][0xffffffac]t[0xffffffa2][0xffffff9d]x"[0xffffffe6][0xffffffe1]=N[0xffffffac]r[0xffffff82][0x16][0xffffffe0][0xffffffab][0xc]M[0xfffffff6][0xffffffed][\r]bLR.[0xffffffae][0xffffffe6][0xffffffae]i[0x1a][0xffffffcf][0xfffffffd]D[0xffffffef][\r][0xffffffda][0xffffffa2][0xffffffb2]@[0x11][0xffffffbb]n[0xffffffb7][0xffffffcd]Y[0xffffffde][0x19]*[0xffffffdc]l[0xffffffc1][0xffffffc4];[0xffffffd7][0xffffffb1],w[0xffffffda]FUy[0xffffffb2][0x6]gL[0x15]C[0xc][0xffffff92][0xb]/[0xffffffa6]LEJ<-[0x8][0x1f]s[0x7f][0xffffff88][0xffffff8a][0xffffff82][0xffffffbe][0xffffffc1][0xffffffd8][0xffffffd0]O[0xfffffffc]Tk[0x1e]ozX[0xffffff8a]=V'[0xffffff9f][0xffffffaf][0xffffffdf]u[0xffffff86]1~[0xffffff8b][0xffffffa9][0x2][0xffffffbd][0xffffffef][0xffffffd4][0xffffffe7]1[0xffffff84][0xffffff97]K[0xffffffdf][0xffffffaa]f[0x11][0xc][0xffffff84][0xfffffff4][0xffffff8d][0xffffff9a][0xfffffff7][0xffffffcf][0xffffff91][0xffffffe6]a[0x14][0xffffffbe]fx[0xffffffec][0xffffffb1][0xffffff86][0xffffffeb][0xffffff90][0xffffff9e][0xffffff90]0[0x1d][0xffffffb3]S[0xffffffbe][0xffffff8a]j[0xf][0xffffffe0][0xffffffb5][0xffffff8b]1[0xffffffe5][0x1b][0xffffffeb][0xffffffbc]t+[0xffffffec]C[0xffffffb7][0xffffffe0][0xfffffff9][0x13]L[0x2]5[0xffffffc6][0xffffffb0][0xffffffa8][0xffffffce][0xffffffed][0xffffff82][0xffffffac]"[0xffffff8b][0xffffffcd][0x13][0xffffffad]*[0xffffffb0][0xfffffffe][0x13][0x11][0xffffffde]L[0xfffffff6][0xffffffd5]?[0xffffffff][\r][0xffffffc9][0x7][0xffffffd1]9_[0x1e][0xffffffd5][0xffffffe9][0xffffffa9][0xffffffed][0xffffffca]|.~[\n]"
09:46:43.515 [main] DEBUG com.github.dockerjava.zerodep.shaded.org.apache.hc.client5.http.wire -- http-outgoing-2 << "b[0xf][0xffffffe0][0xffffffc8][0xffffffe4][0xffffff9b][0xffffff89][0xffffffdf][0xffffffe5]US[0xffffffd0]_<[0xfffffffe][0xffffff85][0xffffff84][0xffffffed]_>&[0xffffff85][0x12][0xffffff86][0xffffffa7][0xffffffc4][0x1][0xffffffa6][0xc]6=[0xffffffaf][0xffffffb3][0xffffffc2]`[0xffffffdc][\n]"
09:46:43.515 [main] DEBUG com.github.dockerjava.zerodep.shaded.org.apache.hc.client5.http.wire -- http-outgoing-2 << " [0xffffffb2]P[0xffffffa1][0xffffffe0][0xffffffd7][0x2][0xffffffe4][0xffffffe0][0xffffffa6][0xffffffa3]D,@ [0xffffffd4][0xffffffa3][0xffffffdc][0xffffffa2]:[0x15]l/][0xffffffc1][0xffffffee]GZ[0xffffffce][0x1][0x3]T[0xffffffbe]TI[0x6]F;[0xfffffff4],5{[0x2][0xffffffab]][0xffffffd0][0xffffffd7][0xffffffc8][0xffffff90]i3h%X3[0xffffffe7][0xffffffbf]b[0xffffff8b][0xffffff8f][0xffffffa8][\n]"
09:46:43.518 [main] DEBUG com.github.dockerjava.zerodep.shaded.org.apache.hc.client5.http.wire -- http-outgoing-2 << "uk[0x1a][0xffffffb5]f[0xffffffa7];[0xffffff87]vb[0x3][0xffffffa8][0xffffff8b][0xfffffff1]6F[0xffffffaf]Z[0x5][0xffffff99][0x11][0x1e]n[0xffffff9b][0xffffffc1][0x1f][0x16][0xfffffffe][0xffffff96][0xffffff90][0xffffffb7][0xffffffc3][0xffffffb4][0xffffffd7]Tg[0xffffffaa]t[0xffffffbe][0xffffff86]h[0xffffffb0][0xffffffd8][0xffffffdc][0xfffffffc]t[0xffffffcf][0xffffffea]z[0x5]^[0x1b]P[0xffffff8d]3d[0xffffff8d]pt"a[0xffffffc8][0xffffffca][0xffffffec]3[0xffffff9b][0x11][0xfffffff1][0xffffffe1]:[0xfffffff7][0xffffff9e][0xffffffc8][0x1]56/[0xffffffeb]^[0xffffffb5]8%[0xffffff9f][0x1b][0xffffffb4]uG[0x3]cwfM[0xffffffd4][0xffffffa6][0xffffffdc][0xffffffae]2[0x1]?|[0xffffffc5][0xffffffd4][0xffffffc0]J[0x19]Y[0xffffffda][0xffffffc3][0xffffff82]X[0x1d][0x1e][0xffffff84]B[0xffffffbc]L[0x1d][0xffffff90][0xffffffb1][0xffffffde][0xffffffbd][0xffffff9a][0xffffff8d]HJ[0xffffffa1][0xffffffe2][0xffffff98][0x1c][0x6][0xffffff9b][0x0];3[0xffffffc3]![0xffffff8a][0xffffff97][0x13]"H[0xffffff91][0xffffffc7];i[0x1d][0x13][0xffffff8c][0xffffff9e]:![0xffffffef][0xffffffe9][0xffffffad]u[0x2]CKT[0xffffffc4]f[0xffffff90][0xffffffcc][0xffffffff][0xffffffa5][0xffffffb9][0xffffffb7]c[0xffffffbe][0xffffffc6][0xf].G[0xffffff9d]XJ[0xffffffba]x[0xffffffd1][0xffffffb8];'Y[0xffffff98][0xffffff82]7M[0xffffffad]xp6z[0xffffffd0][0x16]-c[0xffffffe0][0xffffff8d]h[0xffffffdd][0x9]<[0xffffff95][0xffffffe1][0x10][0xffffff80] [0xffffffc9][0xffffffcb]Tc[0xffffffd9][0xf][0xffffffec][0xe])[0xffffffb2]-j,.[0xffffff88][\r][0xffffff85]T[0xffffffda][0x1][0xfffffff2][0xffffffb0]V[0xffffffbe][0xffffffad][0xfffffff2][0xffffffa0][0xffffffae][0xffffffde][0xffffff90][0x3][0xffffffb2][0xffffffff][0xffffffba][0xffffffa1][0xfffffffb][0xffffffa1][0xffffffd2][0x3][0x15]3[0xf]wfj[0xffffffde][0xffffff89][0x12][0xffffffdd][0xfffffff2][0x19][0xffffffa7][0xffffffd8][0xfffffff5]C%z[0xf][0xfffffff0][0xffffff8e]O[0x6]%Ri[0xffffffb8][0xfffffff2][0xffffff87]Kg%[0xffffffc8]'D[0xfffffff5][0xffffffe7][0xffffffa0]O[0xffffffcb]4[0xffffffbd]v[0xffffffe9][0x17][0xffffff86])D[0xffffffe4]f_[0xffffffab][0xffffffcb][0xffffffd6][0xfffffff6][0xffffff8e][0xffffffbf][0xffffff89]A[0xffffffb7][0xffffff83]l[0xfffffffe][0xffffffc9][0x18][0xffffffe3][0x5][0xffffffa0]{[0xffffffb5]Fb[0xffffffb7][0x2][0xfffffffb][0xffffffab]U[0xffffff90][0xffffffc9][0xffffff8b][0xffffff84][0xffffff8d][0xffffffb3][0xffffffa4][0x6]b[0x1d]r[0xffffffa4]h[0xffffff88][0x7]e[0xffffff81][0xfffffffa]T/A]V/*A[0xffffffc5][0xffffff86]r[0xffffff8e]}[0xffffffcb]Jh[0xffffffac]6m[0x16][0xffffffe8]n[0xffffffcb][0xffffffdf][0xc][0xf][0xffffffb8]O79[0x1b][)AO[0x7f][0x2]s[0x3][0xffffffcd])<[0xffffffaf]U[0xffffffd7][0xffffffa5][0xfffffff4]t[0xffffffbc]_~[0xffffffff][0xfffffffc][0xffffffe5][0xffffffe5]a9[0xffffffd2],[0x6][0xffffffad][0xffffffc4]+[0xffffffad][0xffffffba][0x9]%5[0xfffffff4][0xfffffff1][0xfffffff5]$[0xffffffe0][\n]"
09:46:43.518 [main] DEBUG com.github.dockerjava.zerodep.shaded.org.apache.hc.client5.http.wire -- http-outgoing-2 << "w[0xffffffba][0xffffffeb]#[0x16][0x7][0xffffffba]l[0xfffffffc][0xffffff9b][0xffffffbf][0xffffffe1][0xffffffd5][0xffffffa8][0xfffffffd]([0xfffffff9]ty[0xffffffb8]J[0xffffffb3][0x8]FZ$[0x8][0xffffff8e]5[0xfffffffc]~[0xffffffd5][0xffffffcf]a[0xffffffc8][0xffffffe7]DY[0x10][0xffffffb5][0x16]4[0xffffff99][0xfffffffe]}.?[0xffffff99][0xfffffff6][0x12]w[0xffffffd2];w0[0xffffff88][0xffffffbe]r[0xffffffdc][0x1b]DD[0xffffffbe][0xffffffa7][0xffffffd5][0xffffffd4][0xffffffa9][0xffffffe8]a[0xffffffbb][0xffffffce][0xffffffbf][0x17]B,4^A[0x14][0xffffffde][0x1a][0xffffffc9][0xffffffb3] [0xffffffb8]p}h`[0xffffff90][0xffffffe7]Z=[0xffffffc6]~[0xffffffdf][0xffffffe8]g[0xffffffc5]Y[0x5][0xffffffa8][0xffffffb7]T%[0xffffffb2][0x11][0xffffffbd]F@[0xfffffff7]|[0xffffffa1][\n]"
09:46:43.518 [main] DEBUG com.github.dockerjava.zerodep.shaded.org.apache.hc.client5.http.wire -- http-outgoing-2 << "P[0xfffffffd][0xffffff95]V[0xffffff84][0xffffffcd]P[0xffffffa7][0xffffffb2]e[0xffffff97][0xffffffdb]g[0xffffff99][0xffffffd7]pn[0x1e][0xffffffd8]U[0xffffffeb][0xffffff8d][0xffffff89][0xffffffcc][0xffffffdc]L[0x6][0xffffffa5]*b[0xffffffe7]q[0x4][0xffffffed][0xffffff84][0x0]a8[0xffffff9d]z[0xffffffc4]gb[0xffffffdc][0xffffffed]E}[0x7f][0xffffffd6]n[0x7][0xffffffe7][0xffffffb1][0xffffffae][[0xfffffffe][0x6][0xffffffdd]5[0xffffffa3][0xffffffde][0xfffffff7]c[0xffffffe5][0x1c]/[0x7][0xb][0xffffff92]v/i[0xffffffae][0xffffffb1][0xffffff88][0xffffffa5]g[0xffffffc5])[0xffffffbc][0xffffff97]m[0xffffffd8])[0xffffff86][0xffffffb5]M[0xffffffed]0[0xffffffdd][0xffffff94]P[0xffffffc1][0x4][0xffffffd4]HD@[0xffffffc6];`K@[0xffffffe1][0xfffffff5][0xffffffde][0xffffff90]ni[0xffffff93][0xffffffea][0xffffffcb][0x2]=[0xffffffae][0xfffffff7][0x0][0xffffffef][0xffffff8d]q[0xffffffa9]`J3;[0xfffffff7]1[0xffffffde]s[0xffffff8d][0xffffffee][0xc][0xffffffa0][0xffffffb8]Ny[0xffffff92][0x5][0x1e][0xffffff91][0x18][0xffffffdc]BI7[0xffffff8f][0xffffff9d]d[0xfffffffe][0xf]j[0xffffffb0][0xffffffb2][\r]g[0xfffffff8][0xffffffb8][0xffffffa0]Z[0xffffffcf][0xffffff9a][0xffffffa7][0x5][0xffffff82]st![0xffffffe0][0xfffffff4].XVA[0xffffffad][0xffffffa3][0x5]4[0xffffffea]$[0xffffff9c][0xffffffee]x=[0xffffffd6][0xffffff89][0xffffffe7][0xffffffc4][0x1c][0x7][0xffffffe5][0xffffffad][0x2][0xffffffdf]gU[0xffffffda][0xffffffe4][0xffffffa8][0xffffff8f][0xffffff8d]s*v[0x0][{[0x1a][0xffffff8c][0x17][0x14][0xffffff93][0xffffffe1][0xffffffc9][0xffffffe4][0xffffff92][0xffffffca]5[0xffffffc1]7[0xffffff92][0xffffff8e][0x10]&,F[0x14]_[0x11][0xffffffd0][0x9][0xfffffffb]&[0xffffffee][0xffffff88]j[0xffffffe9][0xffffff8f][0xffffff83][0x12][0xffffffc8]z[0xffffffa9][0xffffffca][0xffffffbc][0xffffff90][0xffffffb8][0xfffffff3][0xffffffaa]Lz*[0xffffff94]k[0xffffffa8][0xffffffe2];[0xffffff95]^[0xffffffa9][0xffffff94]/Z/[0xffffff95]MO^O[0xffffff89]P[0xffffffac]V[0xffffffde]W[0x7][0xfffffffe][0x1c]jj[0xffffffd5][0xffffff84][0xfffffffc][0x7f][0x9]n[0xffffffc8]e[0x12]:[0x8]:[0x14][0xffffffb9][0xffffffe2][0xffffffcf]xP[0xffffffac][0xffffff9d]1@[0x8][0x4][0xfffffffb]d[0xffffffd2]g[0xffffffe5]U[0xffffff94] [0xffffffd8][0xffffff9a][0xffffffa0][0xffffff9a][0xfffffff0][0x18]A|[0xffffffa5]z[0xffffffc2]X[0xffffffc9]Q[0xffffff92][0xffffffa4]Q[0xffffffb4][0xfffffff1]b_[0xfffffff8][0xffffff8a][0xffffffb3][0xffffffc0]EnA[0xffffffc0][0xfffffff8]1[0xffffffc3]n[0xffffffdb]h[0xffffffdf]CeP[0xffffffc2]y[0xffffffe0][0xffffff85][0x8][0xffffffec][0xffffff95];[0xffffffa5][0xffffffa8][0xffffffaf][0xffffffad][0xffffffcc][0x8]V[0xffffffcc]1[0xffffffa3][0xffffffd3][0xffffffac]R[0x11][0xffffffb9]DM[0xffffff83][0xffffffe2][0xffffffb9][0xffffffc9]#J[0xffffffdf][0xfffffff1][0xffffff90]\N' 7l;[0xfffffff6]-[0xffffff85][0x5][0xffffff8c][0xffffffc8][0xffffffd9]FV[0xffffff8e][0xffffff85][[0xffffffe3]2[0xffffffef]y[0xffffff8f][0xffffffe0][0x14][0x11][0xffffff9a]3[0xffffffd4][0xffffffae]S[0xffffffe4][0xffffffa3][0x0]i[0xfffffff5][0xffffff91]{[0xffffff89][0xe]0[0xffffff84][0x1d][0xffffffcc][0xffffffe1].[[0xfffffff9][0x1b][0xffffffc1][0xffffff97][0xffffffbb][0xffffffac][0xffffffcc][0xfffffff0][0xfffffff1][0xffffffc0][0xffffffab][0xffffff99][0xfffffff6][0xffffffd6][0xffffffc4][0xf][0xffffffbc]6T&[0xffffffc7][0xffffffbd][0xfffffff0]Q[0x9][0xffffffdf][0xffffffa5]E[0xffffff9c]d[0xffffffcc]|[0xffffff9d][0x7f]x[0xfffffff0][0xffffffd9][0x0][0xffffffcc][0xc][0xffffffec]`[0xffffffbb]j[\n]"
09:46:43.518 [main] DEBUG com.github.dockerjava.zerodep.shaded.org.apache.hc.client5.http.wire -- http-outgoing-2 << ";[0xffffffd7][0xffffffb0]g[0xffffffeb][0xffffffaa]r[0xf][\n]"
09:46:43.519 [main] DEBUG com.github.dockerjava.zerodep.shaded.org.apache.hc.client5.http.wire -- http-outgoing-2 << "'Z/5[0xffffffbf]PU[0xffffffdc][0xffffffb5][0xffffff90]!l[0xffffff85][0x1f]D-s.xr_C)Rb[0x9][0xffffff89][0xfffffff9]q[0x12][0xffffffcf][0xffffffb1]<[0xffffffe9]p[0xfffffff0][0xffffffac][0xffffff8d]{O[0xffffffd7]u[0x1f][0xffffffcc][0xffffffe6][0xffffff9c][0xffffffc7][0xfffffffe]k[0x1a][0xffffff86][0xffffff8d]x[0xffffffdd][0xffffff9b][0xffffff87][0xffffffe4][0xffffffea][0xffffff8a]=[0x10][0xffffffe3][0xffffffd4]G[0xffffffce]+[0xffffffb6]I[0xffffffa3][0xffffffdd][0xffffffd6]*[0xffffffb9][0xffffffbc][0xffffffed]$[0xffffffdc][0xfffffffa][0xffffffb4]"[0xffffffab][0xffffffdc][0xffffffcb]7[0xffffff83][0xffffffa1]*[0xfffffff9][0xffffffc8][0xffffffa8][0xffffffd2]6[0xffffff98][0xffffff85][0xffffff8b][0xffffff9f][0x5][0xfffffffe][0x1c][0xffffffd0][0x7][0xffffffde][0xffffffbf][0xffffffe9]"^[0xffffffe3][0xffffffad][0x1b] [0xffffffbd][0x19][0xffffff97]([0xffffffac][0xffffffb5]6[0xffffffb2][0xf][0xffffffd6][0xffffff9c][0x1b][0xffffff94][0x11][0xffffff91]1[0xffffffec]0[0xffffffd4][0xffffffc2];A[0xffffffe0]3[0xfffffffa]nN[0xffffffd2]~u*|[0xfffffffb][0xffffffc4][0xffffffba][0xffffff9a][0xffffffd6]e[0xffffff9c]hY[0x16][0xffffff9f])[0xfffffff8]+>[0xffffffa2][0xffffff99]R[0xfffffff2]/[0xffffffa9][0xfffffffe]\~[0xffffffd4][0xffffff9c]"Z[0xffffff87][0xffffff98][0xffffffee][0xfffffff2][0xffffffe7][0xffffffad][0xffffffdc]A[0xffffff95]]-[0xffffff95]h{[0xffffffdc][0xffffffb3][0xffffffce][0xfffffffa][0xffffffc9]o[\r]h[0xffffffc9][0xffffffaa]?[0xffffffc3]C[0xffffffe3][0xffffffb7][0xffffffbf][0xfffffffe][0xfffffff8][0xffffffe7][0xfffffff6][0xf][0x13][0xffffffc4]^[0x1d]v':}[0xffffff95][T([0xffffff89][0xffffffd9]-[0xffffffea][0x1c][0xffffffec][0xffffff93][0xffffffb8][0xffffff97]Cz[0xffffffeb][0xffffffae][0xffffffd7][0x8][0xffffffad]N[0xffffffc2]q[0xffffffcf]Rn[\n]"
09:46:43.519 [main] DEBUG com.github.dockerjava.zerodep.shaded.org.apache.hc.client5.http.wire -- http-outgoing-2 << "[0xffffffba]m[0x16][0x11][0xffffffbf][0x2][0xffffffab][0xffffff8f]j[0xffffffd0]0[0xffffff9a]e[0xffffffed][0xffffffe2]%[0xffffffae][0xffffff9d][0x7][0xffffff9f]AD[0xffffffaa][0xffffff8d][0xffffffcc][0xfffffff9]}l<\d"&[0xffffff9a]%[0xffffffde]"[0xffffff97][0xfffffff4]}[0x13][0xfffffffd]i[0xffffff8e]T[0xffffffe7]&u[0xffffffbb]*Z[0xf]?XA0 [0xffffffad][0xffffffc5][0x12]j[0xffffff84][0xffffff81][0xffffffc7][0xffffffd3]D[0xffffffe8]3[0xffffffed][0xffffff87]BKL[0xffffff86]}26~#J[0xfffffff2]iH[0xffffffc8][0x7f][0xffffffc4][0xffffffdb]m%[0xffffff9c]D[0xffffff8e][0xffffffad]5[0xffffffdc][0xffffffbc][0xffffffaf][0xffffffa2][0xffffff94]y[0xffffffce][0xffffff97]K[0xffffffa4][0xffffffd2][0xffffffec]6=[0xffffff8a][0x1][0xffffffb4]O[0xffffffae];[0xffffffca]Jp[0xffffffe1][0xfffffff7][0x17][0xffffffc6]9[0x9][0xffffffb6][0x1b][0xffffff98][0xffffff97]P[0xffffffb7]+ldk[0xffffff85][0xffffffd7][0x1b]F[0xffffffac]8[0xffffff9f][0xfffffff4][0xffffff97]#<U:[0xffffff81][0x16][0xffffffd7][0x11][0x4]#[0xfffffff2]J[0xffffff9a]z[0xffffffff]1[0xffffffee][0x1d][0xffffff8d]Z[0xfffffff3]F[0xffffffd5][0xfffffff5]&[0xffffffcf][0xfffffff3][0xffffffc1][0x5][0xffffffd3]K[0xffffffa3][0xffffffe3][0xffffffd4]M[\ir[0xffffff80][0x2]^[0xffffffe1]2[0xffffffb5]T~\[0xffffffe1][0xfffffff5]%[0xfffffffa][0xffffffd6][0x1a][0xffffff9a][0xfffffff2][0xffffffce][0xc][0xffffffc7]u[0x0][0xffffff8a]8[0xffffff90][0xfffffffd]l|^J[0xffffffa5]r;[0xffffffb9][0xffffffda]twA[0xffffffdd][0xffffffff]g[0xffffffa7]]H[0xffffffd9][0xffffffdd],o[0x11][0x9][0x8][0xffffffdc]y[0xffffffcb][0xffffffa6][0xffffffbc]J2[0xfffffff7]=[0xfffffffe][0xffffffa4][0x19][0xffffffef]Z[0x1e][0xffffffc3]R[0xffffffc1][0xfffffffa][0xffffff81]H@[0xffffffd2][0xffffffee]Tj![0xffffff8e][0x8][0x14][0xffffffda][0xffffff80][0xffffffd2]4[0xffffffbf][0xffffff9d][0x18]7[0xffffffe0][0xffffffd9][0xffffff99][0xffffff97][0x15]a[~[0xffffffb2][0xe][0xffffff96][0xfffffff6]g[0xffffffce][0xfffffff6][\r][0xffffffba][0xffffff95][0xffffffc2][0xffffffb5][0xffffff9d][0xffffffcb][0xffffffe6][0xfffffff7][0xffffffb3][0xfffffffd][0xffffff90]![0xffffffa0][0xffffff85]Hz/U[0xffffffee];L[0xffffffa3][0x13][0x18][0xffffffc6][0xffffff8c][0xfffffff8][0xffffffcd][0xffffffdc][0xb][0xffffffc4][0xffffffbf][0x7]|[0xffffffd3][0x3][0xffffffa2][0xffffff89][0xffffffa8][0xfffffff1][0xffffffc3][0xffffffd7][0xffffff8a]z[0xffffff98]@l[0x6][0xffffff82][0xffffffb8][0xffffffe1][0xfffffff1][0xffffff9f]zSO[0xffffff93])Q[0xffffffe0][0xffffffa9]bW[0xffffff9c]v[0xffffffd5][0xffffff85][0x1c][0xffffff96][0xf][0xffffffa8][0x8][0xffffffc1][0x0][0xffffffaa]K[0xffffffb0]a[0xffffffe2]}[0xffffffe8]? [0x13][0xffffffcc][0xffffffa0][0xffffffe6]En[0xffffffed][0xffffffbf]4[0xffffffa9][0xfffffff4]LE[0xffffffc2][0x1a][0xffffff9d]([0x1e][0xfffffff5][0x15][0xffffffae][0xffffffa9][0xffffff91][0xffffffe3][0xffffffc8]c[0x1a][0xffffffc0][0xffffff83]7[0xfffffff4](>[0x13][0xf][0xfffffffc][0xffffffa3]F[0xffffffd2]Wx[0xfffffff0][0xffffffb4][0xffffff98][0xffffffe1][0xb][0xffffffe4][0xffffff9c][0xffffffca]S[0x16]3[0xffffffb3][0xffffffb7][b[0xffffffa9]I[0x16][0xfffffffa][0xffffff97]',z[0x13]T[0xc][0xffffffce][0xfffffff2][0x7][0xffffff80][0xffffffd3]PF9d[0xffffffcc](U[0xffffffbd][0xffffffca]E.[0xfffffffe][0xfffffff3]S[0xffffffb0]1[0x9]z[0xffffffa8][0xffffffc4][0xffffffd9][0xffffffca]1[0xffffff94][0xffffffa4]"#4gY[0x10][0xffffffd7]G[0xffffffec]K[0x1]f|E[0xf][0xffffffd6]b[0xffffffa8]v2[0xffffffc4]q[0x4][0xfffffff5]n[0xffffffad][0x1][0x14]6ht[0xfffffff7]P#gS7d[0xffffffa4][0x16][0xfffffff4]F[0xffffffcb][0xffffffc0]K[0xffffff80][0xf]N[0x1]O[0xffffffcf][0xffffffd1][0xffffffff][0xffffffe0]c[0x3][0xffffff8b][0xffffffbc][0xffffff86][0xffffffbd][0xffffffd1][0xffffff8c][0xffffffa8][0x15][0xffffffc4][0xffffff9b][0xffffffa6]*[0x8][0x1e][0xffffff80][0xffffffa6]&7[0xffffffea]|[0xffffffba][0xffffffc7][0x9][0xffffffa7][0x17][0xffffffdc]N[0xffffff8d][0x9][0x1c][0xffffffc6][0xffffffce]8,[0xffffffa4]'[0x9][0xffffffbd][0xffffffc9]x@[0x16][0xffffff9a]F[0x14][0xffffffcf][0xffffffc0][0xffffffbf][0xffffffbb]L[0xffffffa5]U[0xffffffeb][0xffffffaf][0x1a]<[0xb][0xffffffac]-[0x13]p8[0xffffffbd][0xffffff87][0xffffffde][0x18][0xffffffc8][0xffffffa4][0xffffff99][0xffffffd2]R[0xffffff88][0x5])[0x0][0xffffffa2]BU>[0xffffffe4]u[0xffffffee]=[0xffffffe4]ZuKm[0xffffffa1][0xffffffb1]fLf[0xffffffa5]U[0x3][0xffffffe5][0xfffffff7]9M[0x11]c[0xffffffcc][0xffffffcc][0x8][0xffffff9f]^[0xffffffcc][0xffffffac]I[0xffffffe2][0xffffff81][0x0][0xffffffb7]F"[0x1b][0xffffff9c]V[0xffffffd2]dJ[0xffffff9a]2}[0xfffffff3][0xffffffab]/y[0xffffffd6][0xffffffb9][0xffffff82]$a[0x1]G[0x19][0xffffff80][0xffffff9e][0xffffffb7][0xffffffd9][0xffffffc1]#^3[0x14]t]K[0xffffffa5][0xfffffffa][0xffffff90][0xffffffe2][0xfffffff6]"C[0xffffffca][0xffffffb7][0xffffffd4]r[0xb]U[0xffffffbe]=[0xfffffff9]K[0xffffffd5]E[0xffffffe4]W[0xffffff9f][0x5]g[0xfffffff0][0xffffffac][0xffffffbc][\r][0xffffff8e][0xf]h,[0xffffff89][0x13][0xffffffd8]B[0x7][0x11]E[0x19]c[0xffffffbb]I[0x19][0xffffffbf][0xffffffb7][0x1][0xffffff87][0xffffffa1][0xffffff80][0xffffffdb][0x8][0xffffffaf][0xffffffe5]W[0xffffffb9][0xffffffcc][0xf]{Yj[0xffffffa9][0xffffffb0][0xffffff9c][0xffffffde][0xfffffff8][0xffffff83][0xffffffad][0xffffffbd][0x9][0xffffffd0][0x0][0xffffffdf][0xffffffd0]g[0xffffffeb][0xffffffcc][0xffffff93][0xffffff8b][0xfffffff9] [0xffffff81]r[0xe] J[\r]M[0x1c][0x14][0xfffffff9]34*[0xffffffd3]`?[0xffffffbd]%[0xffffff89][0xfffffffc][0xffffff85]w[0xffffffe6][0x1c][0xffffff9c]"[0xffffffce]0G#q[0xffffffbb][0x13][0xffffffc0][0xffffffb5]T[0xffffffae]*[0xffffff8f]H[0x7f][0xffffffb4][0xffffffa5][0xffffffc9]#[0xffffff84][0xfffffffc]t[0x8]2.[0xffffff93][0x12][0x5][0xffffff8c][0xb][0xffffffb7][\n]"
09:46:43.519 [main] DEBUG com.github.dockerjava.zerodep.shaded.org.apache.hc.client5.http.wire -- http-outgoing-2 << "MRJ0[0xffffffd5][0xfffffff1]Cd[0xffffff89][0xfffffff1]xb[0xffffffcd]dIF9[0xfffffffa]d[0xffffffb1][0xffffffb2][0xffffffe0]u9-0f%[0xffffffd3][0x12]Oz[0xffffff96]yl[0xffffffd9]E>[0x19][0xffffffe0]:`[0xffffff8b]s[0xffffffb0][0xffffffd1]qv6[0x15][0xffffffbd][0xffffff8d][0x5][0xffffff97][0xffffffa9][0xffffffec][0xffffff9e][0xffffffa2][\n]"
09:46:43.519 [main] DEBUG com.github.dockerjava.zerodep.shaded.org.apache.hc.client5.http.wire -- http-outgoing-2 << "t-,>[0xfffffff0][0xffffff8d]X[0xffffff86][0xfffffffd][0x12]f[0xffffffb4][0xf]qb[0xffffffc0][0xffffffe9]t[0x15][0xffffffa2][0xffffffac]rd[0xffffffcc][0xffffffc2][0xfffffff7][0x19][0xffffffdd][0xffffff9e][0xffffffb1][0xffffff95][0xffffffa5][0xffffffeb]a[0xffffffc6][0xffffff8d][0xffffffd0][0x1c]5[0x1e][0x1b][0xffffffd1][0x1c][0xffffffd2][0x9][0xfffffff1]_[0xffffffc8][0xfffffff5]0d[0x1a]a[\n]"
09:46:43.519 [main] DEBUG com.github.dockerjava.zerodep.shaded.org.apache.hc.client5.http.wire -- http-outgoing-2 << ")[0xffffffe7][0xffffff98][0x7f][0xffffff80][0xffffffc2][\r][0xffffffa0][0xffffffde]T[0xffffff8a](b[0xffffffa4]A[0xffffffd7][0xffffffa0]H[0xffffffb2]y[0xffffffee][0xffffffca]g[0xffffff97][0xffffffe9][0xffffffdc][0xffffffac]w[0xfffffff2][0xffffffe6]!G[0x16][0xffffffb5][0xffffff80]jY)[0x4][0xffffffa7][0xc][0xfffffff8][0xffffffe5]B[0xffffff96][0xffffffc8][0xffffffcf]T[0xffffff88][0xfffffff0][0xffffff9a][0xffffffe9][0xffffffa5][0x19][0xffffffc3][0xffffffaf]J{[0xffffff8d]DvF[0xffffff9a][0xffffff8a]l[0x7f][0xffffffed][0xfffffffb][0xffffff9f]aH[0xffffffb7]Q[0x12][0xffffffcc][0xffffffcb]#&[0xffffffa2][0xffffffe3]q[0xfffffffc]Pk[0xffffffd8][0xffffff96][0xffffffd5]5y[0xffffffeb]*[0xffffff8c]J[0xffffff96]n[0xffffffa6][0xffffffb2][0xffffffd6]9[0xffffffca]H[0xffffff80][0xffffffe9][0xffffffec][0xffffff88][0xffffffbd][0xffffffd5]y[0xffffff9b][0x1b][0x2]3[0xffffff91][0xffffffc3][0xfffffffb][0xfffffff8].U?[0xffffffdd][0x18][0xffffff81][0xffffffad] [0xffffffac][0xffffffba]'$[0xffffff84]6[0xf][0x11]k[0xffffffda][0xffffff9f].[0xffffffbe][0xffffffe9]s[0xffffffdd]4[0xfffffff5][0xffffff81]3[0xffffffd9][0xfffffff8][0xffffffe7].[0xffffffc1] [0xffffffd3][0xffffffa7][0xfffffffa][0xffffffa3][0xffffffb8]T[0xffffffcf]'[0xe]D[0xffffffea][0xffffffd3][0xffffffb8][0xffffffc4]&[0x7f][0x1a][0xffffffee][0x1d][0xffffff90][0x9]"[0xffffffda][0xffffffcb][0xffffffc3][0xffffffa8][0xffffff89][0xffffff92][0xffffffea][0xfffffff0][0x4][0xffffffbe][0xffffffee]Hho[0xffffffef][0xffffffa2]B[0xffffffb6][0xffffffcf]Z[0xffffffac]][0xfffffffc][0xffffffc7]Z|[0xffffffae][0xffffffda][0xffffffce]3\[0x8][0xffffff90][0xffffffe2][0x2]}x[0xffffffc6][0xffffffb2][0xffffffc3][0x12]'[0xffffffc4][0xfffffff3][0xffffffd4][0xffffff8f]![0xffffffc4][0xffffff92]v[0xffffffaf][0xffffffcb]9(9%[0xffffffc3][0xffffffa7][0xffffffdc][0xffffff8b][0x5][0xffffffa4][0x17]@[0xffffff91][\n]"
09:46:43.519 [main] DEBUG com.github.dockerjava.zerodep.shaded.org.apache.hc.client5.http.wire -- http-outgoing-2 << "[0xffffffe0][0xfffffffc][0xffffff88][0xffffffe5]:[0xffffffd4]![0xffffffbd][0xffffff90]:-;p[0xffffffda]x[0xffffffa9]5[0xffffffaf][0xffffff98][0xffffffd0][0xffffffc9]*m[0x16][0xffffff8f]H[0x10][0xffffffe4][0x8]*[0xffffffb6][0xffffffdd][0xb][0xffffffb9][0xffffffd7]y[0xffffff95]=w9>[0xffffffa7][0xffffff9e][0xffffffda][0xffffffe2][0xb]T-7[0xffffff8f][0x19][0xffffffe9]@B[0xffffffc3][0xffffffb4][0xffffffd5][0xffffffd7][B[0xffffffe5][0xffffffab]Sf[0xffffff9d][0xfffffffe]l[0x7f]:k~'[0xffffffb5]5[0x15]J[0xffffff8c][0xffffff9f]([0xffffffb5]{ot[0xffffffb0][0xffffffe1][0xffffff89]}[0x5][0xfffffff8][0x17][0x16][0xffffffb2][0xffffffdd][0x12][0xffffffe3][0x12][0xffffffc6]]"[0xfffffff0][0xffffffc4][0xfffffff3][\r][0xfffffff4][0x12][0xffffffc5][0xffffffca][0xffffffbf][0xffffffaa][0xffffffb0]q[\n]"
09:46:43.519 [main] DEBUG com.github.dockerjava.zerodep.shaded.org.apache.hc.client5.http.wire -- http-outgoing-2 << "rp[0xffffff8d]`[0xffffff96][0xffffff8f]QXdy+[0x7f]8[0xffffff92][0xffffff99]z[0xffffffe3][0xffffffb8]TE[0xffffffd3]u[\n]"
09:46:43.519 [main] DEBUG com.github.dockerjava.zerodep.shaded.org.apache.hc.client5.http.wire -- http-outgoing-2 << "[0x7f][0xffffff9a]P[0x1b][0xb][0xffffffc2][0xffffffde][0xffffffbf][0xffffff94]Z[0xffffffbe][0xffffff87]F[0xffffffa4][0x5]qR<m[0xffffffb3][0xffffff8e][0xffffffa4]F[0xffffffe0][0xfffffff8][0xffffffed][0xc]|U<[0x0]{[0xffffff94][0xffffffdc][0xffffffcf][0xffffffbd][0xffffffb1]3[0xffffff87]C[0xfffffff9][\r][0xffffff81][0xfffffff0][[0xffffffe4]="[0xffffffb6][0xffffffe7][0xffffffdd]"[0xffffffbd][0xffffffc9][0x8]I[0xffffffe0]b[0xffffff8f][0xffffffaa][0x11]y[0xffffff84][0xffffffb0][0x12]V[0xffffff99][0xfffffff1][0xffffffa0][0xffffffd3][0xffffff9e][0xffffff9d]Mk[0xffffffca][0xc][0xffffffaa][0x7]d[0xffffff98][0xffffffbb][0xffffffb1][0xffffffe7][0xffffff96]&oxlf#|[0x19];3[0xfffffff4]m][0xffffffe6]^[0xffffffee][0xffffffda][0x19]0[0xc][0xffffffe1]:[0x4]M}[0xffffffc6][0xfffffff3][0xffffff90]y\[0xffffff9f];[0x2][0xffffffaa][0xffffffb3][0xffffffe9]zy[0xffffffea][0xffffffde]l[0x12][0x11][0xffffffd6]8D3[0xffffffa9][0x18][0xffffffcb][0xffffffcb]z[0x17][0x5][0xffffffe8][0xffffffdb]zJo[0xffffffff]][0xffffffec]_[0xffffffff]P[0xffffff88][0xffffffb5]W[0xffffffb6][0xffffffe8];[0xffffffd1][0xffffffff]?[0xffffffb0]i#[0xfffffffb]h!m};p[0xffffff80][0x12][0xffffffee][0xffffff9e][0xffffff86][0xffffffab][0xffffffc2][0xfffffff8]?s[0x7f]OIue[0xffffffbe][0xffffffad][0xffffffaf][0xffffffe3][0xfffffff3][0xfffffff0][0xfffffffa][0xffffffcf]G[0xffffff9d][0xffffff8f];[0xffffff9e][0xffffffcd][0x6][0xffffffaf]1]AO[0xffffffca][0xfffffff1]V[0xffffffef][0xffffff82][0xffffffd9][0xffffff92][0xffffffae][0xffffffaf][0xffffffc1][0xffffffd4][0xfffffff9]UG[0xfffffff9][0xffffffd7]y[0xffffffd5][0xe]}[0xffffffef][0xffffffd0][0xffffffcb]X[0xffffff88][\r]A[0xffffffc1][0xfffffffa][0x11][0xffffffdb]P[0x1b][0xffffffae][0xfffffffa][0xffffff9c][0xffffffb2][0xffffffe9]k[0xffffffc1][0xffffff91][0x6][0xfffffff3][0xffffff9c][0xffffffe2][0xffffffcc]6[0xffffffeb][0xfffffff8]h[0xffffffe3]LC[0xffffffbe][0xffffffd7]U[0xc]W[0xffffff8d]s<[0x11]o![0xffffffde][0x1c][0xffffff90][0xffffffdb][0xffffffb8][0xffffffa7][0x16]v[0xffffffc4]-[0xfffffff3][0xffffff88]E[0xffffffb5][0xffffffb8][0xffffff8d][0x1d][0x1d][0xffffffcc]$[0x19]~[0xfffffff4]Q[0xffffff85][0xc]?[0x7][0xffffffa8][0x18]_[0xffffff9b];[0xffffffba]}[0xffffffd3][0xffffffc6][0xffffffba]gz[0xffffffb6][0x1a])[0xffffffdb][0x10][0xffffff96]Bnq0y[0xffffffcf][0x7][0xfffffff3]h([0xffffff99][0xffffff83][0xffffffae][0xffffff8d][0xffffffd8],[0x1a]D'[0x5]Hh[0x5]w[0xffffffc1]Y[0xffffffe5][0x3]u[0xffffffc8][0xffffff9a][0xffffff9b][0xffffff93][0xffffff9b][0xffffffae]m[0xffffffda]P[0xffffffe3][0xffffff94][0xffffffc5][0xfffffff6]|[0xffffff94][0xffffffd5][0xffffffcd][0xffffffb0][0x0][0xffffffc6][0x7]~/#[0xffffffc3]T[0xffffffa8]]j'[0x12][0xffffffb7][0xffffff8c][0xffffffa3]gGt[0xffffffb9][0xb][0xfffffffb][0xfffffff2][0x16][0xffffff9a]N[0xffffff80]K3[0xffffffa3]&[0xffffff8e][0xffffffc1]1[0xfffffff0]O[0xffffffab][0xffffffd7][0xffffff95][0x1b]%[0xffffff84][0x4]+[0xffffffed][0xffffffd8][0xffffffc8]iW[0xffffffdc]}[0x12][0xffffff83]p[0xffffffd6][0xfffffff1][0xffffff96][0xfffffffb][[0xffffffc7][0xffffff9c]Y[0xffffffad]7U[0xffffffcf][0xffffffc7][0xffffff94][0xffffff98]K[0xffffffa4][0xfffffff3][0xfffffff3][0xffffff92][\r]A[0xffffffbc][0xffffffc0][0x13]i5lG[0xffffffa0]$[0xffffff8c]X[0xfffffff8][0xffffffa9]79[0xffffff8a]l*B[0xffffffb5][0xffffffa2][0xffffffaa]kx[0x6]^W#[0xffffffb6][0xe][0x6][0xffffffa3]k[0xffffffd2]$[0xffffffcb][0xffffffdf][0xffffffb4][0xe][0xffffffb8][0xffffff8b]9][0xffffffe8]*e[0xffffff83][0xfffffff5][0xffffffe1]:>[0x2]s[0xffffffc3]"[0xfffffffa][0xffffffed]M[0xfffffff8][0xffffffb4][0x12][0xffffffe8][0xffffffa0]Jd[0xfffffffd][0xffffffef]W[0xffffffac][0xffffffff]A[0xffffff8c].[0xfffffffd][0xffffffeb][0xffffffa8][0xffffffd9][0x15]X[0xffffff98][0x1b]%#x2[0xffffffe6][0xffffffdd][0x1][0x7]jP[0xffffffb7][0x17][0xffffff8e]=[0xffffff8e][0xffffff99]#%[0x1a]|[0xffffffe9]q[0xf]G@[0xffffffbd]e[0xffffff91][0xffffffe8]<[0xffffffa8][0xffffffb5][0xffffffe6]w9[0xfffffff8]{[0xffffffae][0xffffffbc]y[0xffffffe3]6[0xffffffc2][0x16]+$D[0xffffffd8]s[0x1e][0xffffffd4][0xffffffdd]BMW([0xffffff8d][0xffffffb1][0xffffff9e]mfU[0xe][0xb][0xffffff91][0xffffffdd]([0xffffff9f][0xfffffff8][0xffffffbd][0xffffffc5][0xfffffffd]r[0xffffffc4]1LG[0x1a]e[0xfffffff1][0xffffff8c][0xb][0xfffffffa][0xffffffb9]c[0xfffffffe][0xffffff90]f[[0xffffffa8][0xffffff96]'6-[0xffffff91][0xffffffa2]7[0xffffffa3][0xffffffa5][0xffffff9e][0xfffffff0][0xfffffff1][0x1e][0xffffffbc][0x1c]3c3[0x1c]X[0xffffff94][0x4]2W[0xfffffff1]y10<[0x4][0xfffffffe]2'[0xffffffb2][0xffffffaf][0xffffffc3].[0xffffff86]_*[0x15][0xffffffc0][0xffffffcd]@l5[0xffffff98][0xffffffcb]a[0xffffff8a]}Uq[0xffffff9c][0xfffffffa][0xffffffe7][0xffffffe8][\r][0x19][0xffffffdc][0xffffffd4][0xffffffc4][0xffffff96]"[0x18] [0xffffffc6][0xffffffdd][0xffffffd6]:.R[0xffffff8c][0xffffff90][0xffffffa2][0xffffffe9][0xffffffb0][0xffffffb3][0xffffffd1][\n]"
09:46:43.520 [main] DEBUG com.github.dockerjava.zerodep.shaded.org.apache.hc.client5.http.wire -- http-outgoing-2 << "[0x3]l4N[0xffffffa4][0x5][0xffffffe3][0xffffffd4][0xfffffff6][0xffffffd2][0x4]%[0xfffffff3][0xffffffe7]#[0xffffffb9][0xfffffff1][0xffffff83][0xffffff8b]n[0xffffffae][0x9][0x1f][0xfffffff4][0xffffffc1][0xffffffb1][0xffffffb1]v[0xffffffd5][0xfffffff3]:[0xffffffc9][0xffffff9c][0x8][0xfffffff3]n[0xffffff86]Z<[0xffffff85]&H[0xffffffa1][0xfffffffd]t[0xffffff9f]'[0xffffffae]8[0xffffffdf]SZ[0xffffff84]2B|[0xffffffb5][0x8]U[0x10][0xffffffe2][0xffffffa1]_x[0xffffff87]WD[0xffffffe8]9[0xffffff96]2[0xffffffbe][0xfffffffb][0xffffffec][0xffffffae][0xffffffc8][0xffffff86][0xffffffeb]vTQ,[0xffffffce]Q[0x17]w[0xffffffc8]n'>8Q[0xfffffff7][0xffffffc1][0xffffffdb][0xffffff80][0xffffff97][0xfffffff9][0xffffff97]O7[0xfffffffb][0xfffffff4]<[0xffffff85][0xffffff9a][0xffffffcb]{[0xffffff9d][0xfffffff0][0xffffffc0]dY[0xffffff8f][0xffffff84]"3[0xffffffb6]#[0xffffffe5][0x0]DDbg[0xffffff91][0xffffff9b]F[0xffffffe4][0xffffffaf][0xffffffa6])u[0xffffffb5][0x8][0xffffffdd][0x17]5^[0xffffffd0]7A[0xffffffea][0xffffff8e]r[0xffffffbb][0xffffffeb][0xffffffb3]N[0xffffffdb]O[0xffffff8e]k[0xfffffff7]3[0xffffffb0])[0x11][0xffffffb2][0x8][0xffffff80]=i[0xffffff9b]~&)[0xc][0x19][0xf]_[0xffffffa4][0xffffffeb][0x10]O7[0x8][0x12][0x8][0xffffffb7][[0xffffffc3]4[0xffffffec][0xffffffe3][0x7f]C[0xffffffaa][0x9]([0x13][0xffffffdc]:c[0xffffff9e][0xffffffaf][0xffffffee]x[0xf]o[0xffffffad][0xfffffffa][0xffffffad][0x19][0xffffff98]V[0xe][0xffffffd3][0xffffffd6][0xffffffcb][0xffffffad][0xffffffe5][0xffffff89][0xffffff8d][0xb]([0xffffff92][0xffffffcf]Y^[0xffffffc1]u[0xffffffe9][0x1b]$[0xf]"[0xffffff93]^[0xffffffe5])q2C[0xffffffac][0x18][0xfffffff4]C[0x4]>[0xffffffe0]gzV[0xffffffba][0xffffff85]f[0x8][0xffffffc9]D[0xffffff8b][0xffffffff]#[0x16]n0[0xffffff87]*[0xffffff90][0x1e][0xc][0xffffff9c]0[0xfffffff6]XiK[0xffffffa9]_J%<[0xfffffff2][0xffffffa0][0xffffffbf][0xffffffff]}[0xffffffb6][0xffffffed][0xffffffd0][0xffffff96][0xffffffc0]IS[0x12]o[0xffffff91][0xffffff86][0xffffffd2][0x1f][0xffffffc7]<[0xffffffdb]w[0xffffffb1][0xffffff81]uN[0xffffffc4][0xffffffd0][0x15])8[0xffffffb4][0xffffffae][0x18]:[0xffffffbc][0xffffffaf][0x13][0xffffff8a]t[0xe][\n]"
09:46:43.520 [main] DEBUG com.github.dockerjava.zerodep.shaded.org.apache.hc.client5.http.wire -- http-outgoing-2 << "3[0xffffff8d]{[0xffffffee]Fg[0x1d][0x6][0xffffffc0][0xfffffffb]V@[0xffffffd6]2"~[0xffffff8c][0xffffff83][0xffffffed]A[0xffffffc8]&J[0xffffffd7][0xffffffa2][0xffffffbb][0xffffffe0]e2=[0xffffff97]Nd[0xffffffda][0xffffff98][0xfffffff6][0xffffffca]5[0x13]w[0xffffffd5][0xffffff90]p[0xffffff84][0xffffffac]D%[0xffffffc2][0xffffff8c][0xffffffc3]![0xffffffe3]#[0xffffffd0]A[0xffffff88][0xffffff98]d9[0xffffff85] [0xffffffe4]P[0xffffffa4]z"[0xffffff8d]@[0xffffffbb]6[0xffffff86]j[0xffffffcd][0xffffffc2][0xffffffd8][[0xffffffed][0xffffffb1]%[0xffffffd4]i[0xffffffce]wG[0xffffff90][[0xffffffe8][0xffffffd5][0x0]8}[0xffffffc4][0x13][0xffffffb9]cv[0xffffff8c][0xffffff85][0x1e][0x5][0xfffffffe]S[0xfffffff4][0x14]g[0xffffffce][0xffffff92][\n]"
09:46:43.520 [main] DEBUG com.github.dockerjava.zerodep.shaded.org.apache.hc.client5.http.wire -- http-outgoing-2 << "[0xffffffee][0xfffffffb]]4^[0x0][0xffffffa4][0xffffffe0][0xffffff82][0xffffffae][0xffffffeb]b[0xffffff9f][0xfffffff8][0x1][0xffffff90][0xffffffa2][0xfffffff5][0x11][0xffffffb6][h%[0xffffff90]d[0xffffffe8][0xffffffdc][0x17]a9[0xffffffa3][0xffffffb6]Kdw[0xffffff99]E[0xffffffcb]wT[0x16][0xffffff83][0xffffffe9][0x4][0x0][0x15]o[0xffffff8b]b[0xffffff9b]K[0xfffffff4]-[0xffffff8b][0xfffffffa][0xffffff82][0xffffffe5][0xffffffd5][0xffffffbc]RP[0xfffffff9]N[0xffffffad]Q[0xfffffff2]#[0xffffff9d][0xfffffff2][0x6][0xffffff8b][0xffffff87][0xffffffb7][0xffffffba][0x7f][0xffffff86][0x10][0xffffffc2][0xffffff97][0x1b][0xffffffd1][0xffffffad]U[0xfffffff1][0xffffffd7][0xffffffba]ho[0xffffff8f]z[0xffffffbb][0xffffff9a]j[0xffffffda]~[0xffffffe0][0xffffffe9]+L[0xffffffd5]g[0xffffffc3][0xffffffcb][0x1a]yw8[0x18]yk[0xffffffa2],T[0xffffffa5]O[0xffffffa3][0xffffffe2];jqm[0x18]:[0xffffffe9][0xfffffff2]LL[0x6][0xffffff90][0xfffffff0][0x17][0xffffff9c][0xffffffa1][0xffffffe3][0xffffff92][0xffffff92][0xffffffb1][0xffffffee][0xffffffcd][\r][0xffffffb4][0xffffff97][0x3][0x10][0xffffffb8][0xffffffae][0x1e][0xffffff84][0xffffff97][0x7f][0xffffff9c][[0xffffffed]J[0xffffff92][0xffffffe0]Yj:gO[0xfffffff0][0xfffffff6][0xffffffe5][0x12][0xffffffbf][0xffffffd1][0xffffff9e][0xfffffff2][0x1][0x14][0xffffff97][0xffffff90]|D[0xffffffee]'[0xffffffe1][0xffffffb0]>[0xffffffac]^[0x15][0xffffffc7]C@-[0xffffffcc]I[0xffffffda]i[0xffffffa7][0xffffff80][0xfffffff0][0x16][0xffffffc5]+[0xffffffd9][0xffffffa8]mF[0xffffff90][0xffffffcc][0xffffffe3][0xffffffbe]Z[0xffffffb6][0xfffffff8]/[0xffffffae][0xffffff94][0xffffffb8]W[0xfffffff0]XN[0xffffffcf][0x1b][0xffffffcc]_[0x4][0xffffffa7][0xffffff80][0xffffffe5][0xffffff88]*~R[0xffffff91][0xffffff9e][0xffffffdd]H[0x7f]G[0xfffffff1][0xffffff9f]3[0xffffff8c]rw[0xffffffe1][0x10][0xffffffe8]cP1C[0xfffffff6]C[0xffffff88])>[0xffffffee][0xfffffffc]h[0xffffffec][0x8][0xffffffef]T[0xffffffde]z[0xffffff8a][0xffffffba]~[0xffffffb1]0[0xffffffc2][0xffffffd8]LYh$[0xffffff8d][0xfffffff9][0x0]w[0x19]-[0xffffff8e][0xffffffcc]s[0x6]_B[0xffffffde][1[0xffffff8b][0xffffffe9][0xffffffc3][0xffffff91][0xffffffc6][0xffffffdc][0xffffffa2][0x1c]l[0xffffffc6][0xffffff91]l[0xffffffca][0x5][0xffffffbb]}[0xffffffee][0xffffffcb]Pe[0xfffffff3][0xffffffdc]6[0xffffffbe]A@[0xffffffe0][0x10]9[0xffffffa1][0xffffff93]53iU[0xfffffff5][0xffffffe7][0xffffffe9][0xffffffc2][0xffffffc8][0xffffffdf]Z[0xfffffff5][0xffffffd7][0xffffffc9][0xffffff81]^[\n]"
09:46:43.520 [main] DEBUG com.github.dockerjava.zerodep.shaded.org.apache.hc.client5.http.wire -- http-outgoing-2 << "[0xffffff82]`bT[0xffffffd4][0x1d][0x18][0xffffffa7]`[0xffffffd2][0xffffffe3][0xffffff8e]_[0xffffffa3]C[0xfffffff0][0x6][0xffffffa6][0x1a]j[0x11]-p[0xffffffc4]l[0xffffff92][0x17][0x19]@][0xffffffcc]q[0xffffffdc][0xffffff9c][0xffffffbf][0xffffffc2]$m[0xffffffcd][0xffffff85][0xffffff8b][0xffffffb6]i[0xffffffbb]C[0xffffffe7][0xffffffd3][0x4]ad[0xffffff85][0xffffffae][0xffffffcc]][0xffffffe4][0xffffffb2][0x12]R[0xffffffe4][0xffffffea][0xffffffff]C[0x14] [0xfffffffd][0xfffffff3][0xffffff8c][0xffffffa5][0xfffffff7]`l5[0x18][0xffffff94][0xffffffcf]",[0xffffffe6][0xffffffa9][0xffffff82]F[0xffffffa7][0xffffffce][0x12][0x3][0xfffffff8]2[0xffffffcc]J[0xffffffa5][0xffffffca][0xffffffa8]%[0xffffff83][0xffffffaa][0xfffffff2]![\r]{[0xffffffef][0xffffffa0][0xffffff96]}[0xffffff8d]x2[0xffffff9f][0xffffffd6][0x3][0xffffffcf][0xffffffdc][0xffffffb5] [0xffffffef][0xffffffd5][0xffffffe3]DX[0xffffffcd]m [0xffffff8f][0xffffffde]([0xffffffab]pp[0xffffff80][0xffffffd3]p{[0xffffffd4][0xffffffc0]O[0xffffffa7][0x1e][0xffffffd7]Fq[0x7]h[0x1b][0xffffffa6][0xffffff91][0x7f][0xffffff9b][0xffffffcc]|[0xfffffff1]!?[0xffffffa0][0xffffffd1]E[0xffffff8f][0xffffffed]JIr[0xffffffaf]zqx[0xffffffe1]M[0xfffffff9][0xffffffd1]O[0xffffff80][0xffffffeb][0x19]^}[0xfffffffc]>BJfF[0xffffffb8]C[0xffffffdb][0xffffffa4][0xffffffc9]{[0xffffffc5][0xffffffea][0xffffffb8][0x7]-[0xffffffe6]i[0xffffffc9][0xffffffc1][0xfffffff3]=[0xffffffcc]j[0xffffff86][0xffffff8a]W[0xffffffd0]][0xffffff81]1Xs}`[0xffffffa8][0xffffffcb]G[0xffffffa2][0xffffffc7][0xffffffc3][0xffffffd8]ZJK[0xffffffe4][0x7][0x1d]:[0xfffffffb]B[0xffffffc8][0x7f]h[0xffffff8a][0xffffffb4]F[0xffffffe1][0xfffffff5][0xfffffffa]|x[0xffffffb0][0xffffffd0]a[0xffffff9e][0xffffffcc]aHs[0xffffff95][0xffffffde][0xffffffeb][0xffffffed]([0xffffffa3][0xffffffbf][0xffffffb0]~[0xffffffdc][0xffffffc6]36[0xffffffea]gy[0x7f]%C[0xfffffff0]JM[0xffffff8d][0xffffffac][0xfffffff2][0xffffffd9][0xffffff9b][0xffffff9c]D[0x5]xM[0x1d][0xffffff8c][0xffffffbc][0xffffffc0][0xffffff8a]k[0xffffffb1]^ &[0xffffff81]][0xffffffe8][0xffffffa7][0xffffff82][0xffffffd5][0xffffffe5][0xffffffb5][0xffffff97][0xffffff80][0xffffffc2][0xfffffff4][0xffffffb2]@sa>|cl[0x18] [0xffffffa1]na[0xffffffdb])=$[0xffffffd8][0xffffffff][0x1d][0xffffffd5][0xffffff85]+[0xffffffc7][0xffffffb5][0xffffffe1][0xffffffd2][0xffffff90]@[0xffffffbc][0xffffffb2][0xffffff94][0xffffffa6][0xffffffa1][0xffffffd0][0xffffffbd][0xffffffbb]#2[0xffffffc0][0xffffffbf]g<[0xffffffb3][0xffffffe8][0x19]1[0x1d]z[0xffffffc5]%c[0xffffff8e][0xffffffa9][0xfffffff6]%[0x11][0xffffffdb]R[0x11][0xffffffaa]j[0xffffffb5]qF[0xffffffd7]c[0xffffffbf],s[0xffffffd5][0xffffff86][0x18][0xffffff9c][0xffffffb9][0xffffff88]m[0xffffff9b][0xc].o[0xffffff91][0x18][0xffffff82][0xfffffff7][0xffffffcc][0xfffffffb][0xffffffd7][0xffffffbd][0xffffffd1][0xffffffc8] FG[0xffffffb8]Y[0xffffffef][0xffffffb0]fA![0xffffffb2][0xfffffff4][0xffffffd6]=[0xfffffff3][0x6]=8[0xffffff94]j[0xffffffdd][0xffffff97]H[0xfffffff3]s[0xffffffd7][0xffffffe9]kX[0xfffffff5]l+a[0xffffff82]d[0xffffff9e]i[0xffffff89][0xffffffa7]6[0xffffff90][0xffffffc5][0xffffff8d]'[0xffffffa9]:[0xffffff9f][0xffffffa5],1Hm[0xffffffca][0xffffffd7]]q[0xffffff85]$*[0xffffffa8][0xffffff83][0xffffffd4][0xffffff96][0xffffffc8]?[0xfffffffe][0xffffffb3][0xffffffbd][0xffffffa5][0xffffffa0]t[0xffffffaf][0xffffffe8][0xffffff87][0x7f][0xffffffc8][0xffffffb7]T[0xffffffc8]/[0xffffff8d][0xffffffe7][0xffffffd2][0xffffffef]c[0xfffffff4][0xffffff90][0xffffff9d]f.[0xffffffdd][0xffffffd7].\sh,:B[\n]"
09:46:43.521 [main] DEBUG com.github.dockerjava.zerodep.shaded.org.apache.hc.client5.http.wire -- http-outgoing-2 << "[0xffffffb2][0xffffff91][0xffffffe5]|A/[0xffffffb9][0xffffffc1][0xffffffed]C[0x2][0x9][0xfffffffe]ty[0xffffffa0]o[0xffffffc0]+[0x11]_[0xffffffcc]o#[0xffffffcb]P[0xffffffa4]{0[0xffffffac] "[0xffffffab][0x8][0xffffff9a][0x5][0xffffffd3];[0xffffff99]@|O[0xffffffe1][0xffffffc3][0xffffffa5]qn[0xffffffde][0xffffff90]-[0xffffffea][0x0][0xffffff84][0xffffff91][0xffffffcc]=[0x9][0xffffffbf]6RV[0xffffff8c][0xffffffcf][0xfffffff7][0xffffff97]%[0xfffffffe][0x7]|pmri[0xfffffffc]UA[0xffffffa3][0xffffff83][0xffffffe2][0xffffff97]gV[0xffffffe9]2[0xffffffef][0xffffffda][0xffffffcd][0x7][0xffffffe4][0xffffff93][0xfffffffa]u[0xffffffe6][0xffffff9c][0x1f]m[0xffffffcd][0x1a][0x4][0x10][0x9][0xffffff87]I[0xffffffad][0xffffffda][0xffffff9e];[0xffffffbe]E[0xffffffd3]~N[0xffffffdc][0x16][0xffffffdd][0xffffff87][0xffffffc7][0x1b]n[0xffffff91][0xc][0xffffffdb]4LZ[0xfffffff4][0xffffff9a][0xffffffaa]<[0xffffffbf][0xffffffcb][0xffffff91]d[0xfffffff7]b[0x13]V1[0xffffffd4]`[0xffffffd3][0xffffffb9][0xffffffcb][0xffffffa8][0xffffff9b][0xffffffa0][0xffffffa0][0x1]U[0xffffffcf]`[0xffffffcc]J0P[0xffffffe6][0xffffffac][0xc]"[0xffffffc3][0xffffffff]G[0xffffffe2]qXgW[0x5]I[0xffffffe2][0xf][0xffffffe1]B[0xffffffe4][0xfffffffa][0x15][0xffffffeb][0x1][0xffffff98][0xffffffb6][0xffffff97][0xffffffc3][0x19][0xffffff8c]!t[0x1a]}5[0xffffffa7][0xffffffd0]t[0xffffff8f][0xffffff84]mVJ[0xffffffae]~0+Rj[0x12][0x18][0x17][0xffffff87].[0xffffffc9][0xffffffe4][0xffffffb6][0xfffffffb];[0xffffffd6]O[0xffffffd9][0xffffff9d][0xffffffed][0xffffffa5][0xffffffa2]~14[0xffffffbe]Sr[0xffffffda]\D[0xfffffff6]Dtt[0xffffffe4][0xffffffb8].C[0x12][0xffffffd3]l[0xffffffe4][0xffffffe4][0xffffffcc]H[0xfffffff2][0xffffffed][0xffffffb2][0x17][0xffffffb3]:Aj[0x1b][0xffffff96]:E[0xffffffac]1[0xffffffb8][0xffffffbf][0xf][0xffffffaa][0xffffffbe][0xffffffe8][0xffffffd1][0xf][0xffffff80][0xe][0xffffffab]FCV[0xffffffac]g.[0xfffffff2][0xffffffe2][0xffffffc8][0xffffff87][0xffffffb5][0xffffffe6]Y[0xffffff81][0xffffffe4][0x15][0xffffffea][0xffffff88][0xffffffe5][0xffffffc8][0xffffffbc][0xfffffffa]gO+_1[0xffffffc1][0xf]B[0xffffff90][0xffffffab]}[0xffffffba][0xfffffff5]([0xffffff8c][0xffffffd6]9[0x18]N=[0x7][0xffffff89][0x6][0x1c][0xffffff83][0xffffffe5][0xffffffa9]>[0x1d][0xffffffe2][0xffffff9f][0xffffff88][0xffffffb3]:_[0xffffffa1][0x16][0xffffff9d][0xffffffe5][0xffffffb4]U[0xffffffe3]Q[0xffffffea]a}[0xfffffff5][0xffffffde][0xffffffbf]6[0xffffffc1][0xffffffeb]]Z[0xc][0xffffff9b][0xc]p}0[0xffffffa7][0xffffffc9] [0xe][0xfffffff0][0xffffff8a]g[0xffffff9c]3[0xffffffce]T[0xffffffff]$[0x7]q6[0xffffff98][0xffffff90]6am[0xffffff96]}[0xffffffa8]L[0xffffffcd][0xffffffc1][0xffffffe9][0xffffffb1][0xf][0xffffffaf]hT[0xffffffb4][0xffffff94][0xffffff84]sP[0xffffffd4][0xfffffff4]KJ[0xffffffce][0xffffffb9][0xffffffde][0xffffff90][0xffffff88][0xffffff91]8[0xffffffa1]5[0xffffff9c]K7*[0xffffffa5][0xffffffef]~[0xffffff85][0xffffffe8]+kx[0x2][0xffffff85][0x5]_[0xffffffb7][0xffffffc7][0xffffffc1]<wP[0xffffffc5][0xffffffb2][0x4][0xffffffbf]?[0xffffffdd][0xffffffc6]i[0xffffffff][0xc]fHT[0xffffffe3]^[0x1f]1[0xffffffe0]H[0x5][0x0][0xffffffe5][0xffffffa7][0xfffffff2][0xffffffe3][0x14][0xfffffff7][0xffffffe9][0xffffffa3][0xffffffaf][0xfffffff9]K[0x10]`[0xffffff96][0xffffffce]~W[0xffffffd3][0xffffffe2][0xffffffc1]3$[0xffffffca][0x17][0xffffffcf][0xffffff96]Ess[0xffffffab]j[0xffffffbe][0xfffffff1][0x9]{D[0xffffffaa]h[0xffffffcd][\n]"
09:46:43.521 [main] DEBUG com.github.dockerjava.zerodep.shaded.org.apache.hc.client5.http.wire -- http-outgoing-2 << "[0xffffff92][0x7][0xffffffbc][0xffffffd5][0x5][0xb]TT[0xffffffa3]![0xffffffee][0xffffffd8][0xffffff87]$[0xffffffed]-[0xffffffad][0xffffffc7][0xffffffe3]X%m'[0xfffffff9]A%[0xfffffff3][0xffffffb3]&[0xffffffa0]C[0xffffff8c][0xffffff86][0xffffffaf]V[0xfffffff8]([0x6][0xfffffff0]5[0x2]B[0xffffffa9][0xffffffef][0xfffffff2]A[0xffffffd0]t[0xffffffe8]Un/[0xffffffe7][0xffffffcd][0xfffffffd][0x0][0x17]+[0xffffffc6][0xfffffffb][0xffffffcd]O)[0xffffffae]j[0xffffffe4]~[0xffffffde][0xffffffaf][0xffffff9f][0xc][0xffffff93][0xffffff8e]3G[0x10]g[0xffffffeb][0xffffff88]W+[0xffffff96]C[0xffffffdf]/[0x13][0xffffffd3][0xffffffd5][0x1a][0x11]J:[0xffffffa7]Q[0xffffffa4]1[0xb]|[0x12][0xffffffe5]}[0x16]j[0xffffffa1][0xffffff82][0xfffffff4][0xffffff8c][0xffffffee]?r[0x6][0xffffffd0].[0xffffff92]%f6[0x18][0x11][0x11]4[0xffffffd7][0xffffffbf][0xffffffd4]u[0xffffffb4][0xffffff97][0xffffffb0][0xffffff8e][0x3]B%[0xffffffb5][0xffffffaf][0x1f][0xffffff8e]9[0x1e][0xffffffd9][0xffffffd3][0xffffff89]}[0xe][0x16]>`[0xffffffc5][0xffffffe4][0xffffff8d][0xfffffff7][0xffffffd4]Lqi[0xffffffe3][0xffffffd0]yP6:t[0x14][0xffffff81]f;[0x15]=[0xffffffe4]V[0xffffffc4][0x1d]]U[0xffffff81][0xffffff89][0xffffff87][0xffffff94][0xffffffd8][0xffffffb3][0xfffffff6][0xfffffff1][0xffffff95][0xffffffb6][0xfffffffb][0xffffff8b]b%U1[0x1b][0x13][0xfffffff7][0xfffffff0][0xffffffde][0xfffffff0][0xffffffa9][0x6][0x1][0xffffffd1][0xfffffff0]e[0xffffffd5]r[0xffffff86]`[0xffffffa8][0xffffff83][0xffffffc9][0xffffffce]6[0xffffff83][0xfffffffa]{[0x13][0xffffffc5][0xffffff82][0xffffffc0]h[0xffffffa9][0xfffffffb][0x1e]lk&t[0xffffff86][0xffffffd5][0x19]\I[0xffffffac][0xffffffc7][0xffffffc6][0x3][0xfffffffd][0xffffffb3][0xffffffc9][0x3]S[0xffffffe6][0xffffffe9][0xffffff92][0xc]j[\n]"
09:46:43.521 [main] DEBUG com.github.dockerjava.zerodep.shaded.org.apache.hc.client5.http.wire -- http-outgoing-2 << "V>[0xe][0xffffffbc]p[0xffffffe9]/([0xffffffd3]+ia[0xffffffec][0xffffffe6][0xffffff8f][0xffffffe5][0xffffffce][0xffffff86]pN[0xffffffc2]1[0xffffffc2][0xffffff9f],[0xffffffd7][0xffffff88]J2[0xffffffdd][0xfffffff2][0xfffffffb][0x4]!%N[0x19]h[0xffffffb4]([0xffffffc3][\r]A[0xfffffffa][0x2][0x10][0xffffffbe][0xffffffa7][0xffffffc7][0xffffff84][0xffffffad][0xffffffa3]*f/t[0x15]{[0xffffffab][0xffffffba]}[0xffffff8c]<)C[0xe][0xffffff90][0xffffffff][0xffffff90]o.E;[0xffffff94][0xfffffff2]K^[0xfffffff5]k>>[0xfffffff1]U[0xffffffcc].e[0xffffffc4][0xffffffa7]8[0xfffffff3][0xffffffbf][0xffffffac][0xffffffd0]@[0xffffffb8][0xfffffffa]<b[0xffffffa1][0xb][0xffffffa2][0xffffff97][0xffffff99]Fqp&[0x0][\n]"
09:46:43.521 [main] DEBUG com.github.dockerjava.zerodep.shaded.org.apache.hc.client5.http.wire -- http-outgoing-2 << "h[0xffffffea][0xffffffba]<[0xffffffa8][0xfffffff5][0xffffffc3][0xffffffd2][0xffffffc8][0xfffffffb][0xffffffd6][0x12]9[0xffffffb2]x[0xffffff9b][0xffffffee]R[0x15][0xffffffc4]k[0x19]:}[0xffffffd5]w[0xfffffffe]=[0xc][0xffffffb6]>5[0x1f][0xffffff80]#[0xffffff9a][0xffffffcf][0xffffffdf][0xffffffa7]B[0xffffffd7][0xffffff92]$)q`*g#Y[0xfffffff1]s[0xfffffff0]i1=[0xfffffff6][0x11]Rt[0xffffffc8][0xffffffa7][0xffffffe2][0xffffffad]vT[0xffffffe1])[0xfffffff4][0xffffffc0],Q[0xffffffe2][0x10]u3J[0xffffffd8][0xfffffff2][0x8][0xffffffac][0xffffffc4]~[0xffffff87]y[0xffffff9d]o}[0xffffff9f][0xffffff84][0xffffffea][0xffffff97]U[0x13][0xffffff92][0xfffffff5]nr[0xffffffe4][0xffffffc6][0xffffff95][0xffffffd2][0x3][0xffffffa2][0xffffffa2][0xffffffa5][0xffffff8e][0xfffffff9][0xffffff9e][0xffffffec][0xfffffff0]%[0xffffffa3][0xffffffb9]P[0xffffffa8][0xffffffd8]8[0xfffffff5][0xffffffb0][0x10][0x7f][0xffffffff][0xffffffcc]_`[0xffffffc0][0xffffff82]K[0xfffffff6][0xfffffffe][0xffffffa2][0xffffffbf][0xffffffa6][[0x19]a[0xffffff84][0xfffffffa][0xffffff80]n[0xfffffff4][0xffffffc8][0xffffffb6]R[0xffffffa3][0xffffffa4]0[0xfffffff5]1[0xffffff9d][0xffffffe1]*[0xffffffea][0x19][0xffffffcd]`[0xffffffc6][0xffffffa4][0x7][0xffffffbd][0xffffffaa][0xffffffc4][0xe]?[0xffffff95][0xffffff96]xy[f&[0xffffffe0][0xffffffa0][0x11][0xffffffd6]A[0xffffffb2][0xffffff83][0xffffffc7][0xffffffe6][0x13][0xffffffaf][0x12]<k6d[0xffffff86][0xffffffa7]^?[0xffffffab][0xffffff83][0xfffffff1]g[0x12][0xffffff96][0xffffffbd]O[0xffffffe7]\_[0xffffffd3][0xffffff90]:[0xffffffa7][0xfffffffc][0xffffffac][0xfffffff7]if[0xffffff97][0xffffffdf]^[0xfffffff4]g[0xffffffa2] ~3$[0xffffffed][0xffffff85]~6[0xfffffff8][0xc][0xffffffc1][0xffffffb6]bQp[0xffffffd7][0xffffffbc][0xf][0xfffffff2]#[0xffffffda]86fWJ[0xffffffbf]C![0xffffffca][0xffffffa6][0xffffffc5][0x17][0xfffffff0][0xffffffb7][0xffffff92][0xffffff87]@[0xffffffd2][0xffffffb9]8F[0xfffffff0]_z[0x1f][0xffffffe2]H[0xffffffa5]A7[0xfffffff4][0x7f][0xfffffff5][0xffffffe8][0xffffffa9]z[0xffffff9a][0xfffffff7]=[0x6][0xffffffae][0xffffffff][0xffffffe2]l<[0xffffffa3]*[0xffffffcf][0xffffffe1][0xffffffd7][0xffffffbb][0xffffffb8][0xfffffff7][0xffffffc4][0xffffffdd]Uf[0xffffffb1][0xffffffc4][0xffffffc8][\n]"
09:46:43.521 [main] DEBUG com.github.dockerjava.zerodep.shaded.org.apache.hc.client5.http.wire -- http-outgoing-2 << "[0xffffff86][0xffffffd7][0xffffffe2]FN[0xfffffff8]%[0xffffffea][0xffffffde][0xffffffe8][0xffffffad][0xffffffff][0xffffffa5][0xffffffcf][0xffffffd7][0xfffffff1][0xffffffda][0x1d]q[0xffffff87][0xffffff9c]D[0xffffffc3][0xffffffbf]&[0xffffffe8]~l[0xffffffa3][0xffffffcc]im g[0xfffffff2]7[0xffffffe1]`Y[0xffffffea][0xfffffff8]W[0xffffffb4][0xffffff8b][0xffffffa6][0xffffffe8][0xffffffe0][0xffffffcd]Pjc[0xffffffef]K[0xffffffda]c([0xffffffc8][0xffffffd8][0xffffffe2][0xffffffb9]F[0xffffffc0][0xffffffaa]1wF[0xffffffdc]&[0xffffff8e][0xfffffffb][0x1d][0x7f][0x17][0xffffffd0][0xffffffe7][0xffffffe3][0xffffffd0]8F[0xffffff9f][0xffffffac][0x19][0xfffffff9][0xffffffb8][0xfffffffc][0xffffffcf][0xffffffeb][0x11][0xffffffaf][0xffffffda]T;[0xffffffff][0xffffffe6][0xffffff97][0xffffffc4]E[0xfffffff5][0xffffff88][0xffffffdf][0xe][0xffffffc4][0xffffff91]3[0xfffffffc][0xffffffd4]z[0xffffffe0]!k9[0x1]6[0xffffff95][0xffffffee][0xffffff96]0[0xffffffce][0xffffff9a]Z[0xffffffa1][0x12][0xfffffff1][0xffffffa6][0xffffff8f][0xfffffff5][0xffffffce][0xffffffd3][0xffffffce][0x7][0xffffff9f][0xffffffe1]w[0xffffffea][0xffffffea])3.[0xffffffce][0xffffffe2][0xffffff8c][0xffffffd1]p[0xffffff98][0xffffffb9][0xfffffffb][0xffffffc9][0xffffffd6][0xffffffec]j[0xffffffd4][0xffffffd2][0xffffff85])[0xfffffff7][0xffffff97][0xffffffb8][0xffffff8a]I[0xffffffcd][0xfffffffc][0xffffff92]Y[0xffffffcf][0xfffffffd][0xffffffab][0xfffffff7][0x15]s^~JS[0xffffffa4][0xffffffdc][0xffffffc7][0xffffffec][0xffffff95]y[0xffffffed];[0xffffff9b][0xffffffb6]n[0xffffffac][0xfffffff3].~[0xffffffcd][0x5][0xfffffff5][0xfffffff8][0xffffffea][0xffffff93][0xffffffc6][0xffffffd0][0xffffffdd]E[0xffffffb3][0xffffffeb]4{p`[0xe]0[0xffffff88][0xffffffb3]"[0xffffffab][0xffffff85]14[0xffffffa4]V[0xffffffee]&[0xffffffac]h[0xe][0x1e]v[0xffffffd1][0xffffffad]Hi[0xffffffc8][0x0][0xffffff86];6[0xfffffffc][0xffffff96][0xffffffc3][0xffffffb5][0xfffffffb][0x1c][0xffffffae][0xffffffb0][0xffffff8b][0xfffffffe][0xffffffee]u[0xc][0xffffffdf]6[0xffffff9d][0xffffffc2]([0xffffff8e][0xffffff9b]^[0xffffffa5][0x1c]mP&[0xffffffb0]q[0xffffffef][0xfffffffa][0xffffffd5][0xffffff98]\[0xffffffdc][0x1]U[0xffffffe1][0xffffffda][0xffffffca]n[0x7]KO[0xffffff98]8[0xffffff84]U[0x8]R[0xffffffc0]Z[0xffffffe9][0x2]'[0x7f][0xffffffa0]X@[0xffffffbe][0xffffffa5][0xffffff82][0xffffff88][0xffffffa1]m[0xffffffe3][0xffffffc4][0xffffffb5][0xffffffa1]C[0x19][0xfffffff7]~[0xffffffab]x[0xffffffbd]"[0xffffffef][0xffffffdf][0xffffff91][0xfffffffe][0xfffffffe]\\[0xfffffffc][0xffffff98][0x14]eQ[0xffffffac][0xffffff95]03[0xffffffe4][0xffffff9a][0xffffff92]J[0xffffffc9][0xfffffff9]W[0x3]<>[0xfffffffd][0xffffffb2]4 g[0xffffff90][0xffffffaf][0x10][0xffffffdb][0xffffffb8]#[0xffffffea][0xffffff92][\r][0xffffffc4]-s[0xffffff8b][0xffffffd7];}[0xffffffbf][0xffffff83][0xffffff9a][0xfffffff5]e[0xffffffe0]@[0xfffffff6][0xffffffa4][0x14][0xffffff9d]_RV[0xffffffc2][0xffffffff]Z[0xffffffa2][0x1a][0xffffffac]YZ[0xfffffffa][0xffffffd8]&$O[0xffffff84]V[0xffffffac][\r][0xfffffffb][0xffffff9b]R[0xffffffcc]A[0xffffffb8]l[0xffffffce]~[0xffffffbf][0xffffffab]f[0xffffffbb]K[0xffffffe4][0xffffffc7]([0xffffffca][0xffffffbe][0xffffffd6][0x9][0x19]0[0xfffffffd]-[0xffffff8c][0xfffffff1]<y[0xffffffa5][0xffffffa4][0xffffffae]&[0xfffffff4]S[0xffffff89].[0xffffffca][0xffffffb6][0xffffffd8]?[0xffffffca]!h![0x16][0xfffffff6]j[0xffffffcb][0x13].[0xffffff83][0xffffffb4][0xffffffb7]|[0xfffffffc][0xffffff9f]s.[0xffffffc4][0x4] }[0xffffff86][0xfffffff4][0xffffff9f][0x1d]H[0xfffffffb]A[0x1d][\n]"
09:46:43.522 [main] DEBUG com.github.dockerjava.zerodep.shaded.org.apache.hc.client5.http.wire -- http-outgoing-2 << "x1[0x17]3T{/^P[0x1c][0xffffff99][0xffffffdb][0xffffffcf]t[0xffffff81]`[0xffffff97][0xffffffc7]D[0xffffffac]4[0xffffffb3]>[0xfffffff4]'[0xffffff85][0xffffffab][0x3] 1[0xffffff83],[0xffffffca][0xffffff99][0xffffffee];At[0xffffff98][0xfffffffa][0xffffffaa][0xffffffe5][0xffffffa6][0xffffffce]c[0xffffffa7][0xfffffffe][0xffffffe6][0x10][0xffffffee]#[0x1][0xffffffc5][0xffffff92][0xc]-N[0xffffffb6][0xffffff94]2w[0xffffffe4][0xffffff9e]TT[0xffffff85][0xffffffd7][0xffffffa8][0xffffffbd][0xffffffc0][0xffffff9b]T[0xfffffff7]]rC[0xffffff90]2[0x6][0xffffffea]~[0x12][0xfffffffb][0xffffffb7]n[0xffffff93]Rc[0xffffffc5]@[0xffffff98]d[0x6];[0xffffffe1][0x10][0xffffffd9][0xffffffa7]}[0xffffffc9]9y[0xffffff97]e[0x18]"d[0x3]Zn[0xffffffdd][0x1][0xffffffd8][0xffffffce][0xffffff82]i1[0x1a]?[0xffffffc5][0xffffff9f]X[0xffffff8a][0xffffffcf][0xffffffcd][0xffffffb6]"
09:46:43.525 [main] DEBUG com.github.dockerjava.zerodep.shaded.org.apache.hc.client5.http.wire -- http-outgoing-2 << "[0xffffffc1]~M[0xfffffff7][0xffffffd6]e}[0xffffffed][0x1][0xffffffc7][0xffffffff].[\r][0xffffffd5][0xffffffe7][0xffffff88][0xffffff9a][0xffffffb4][0xffffffc4]2[0x1d][0x1c][0xffffffc2][0x10]m[0xffffffcc][0xffffffc8][0xffffff8a][0xffffffdb][0xffffffa2]hE[0xffffff8a][0xffffffc3][0xfffffff9][0x15][0xffffffd9]<[0x2][0xffffffa2][0xffffff8b][0xffffff99][0xffffffcf][0xffffff98][0xffffffd4][0xffffff98][0xffffffe8]c[0xffffffe5]A[0x1e][0xfffffffd]{S[0xffffffe9][0xffffffec][0x16][0x8][0x3]s[0xffffffa8]R[0xffffffaa][0xffffffa9][0xffffffa1][0xffffffd2][0xffffffa3][0xffffff9b]U[0xb][0xfffffff3][0xfffffff7][0xffffffc9]R[0x10][0xffffffa9]0[0xffffffe5][0x0]Q%[0xffffffec][0xffffff8f][0xffffffe0][0x7f][0xffffffb3].j[0xfffffffb][0xc]d[0xffffff93][0xffffffff][0xffffffcb]'2[0x3]v[0xffffffea][0xffffff92]][0x2]j[0xffffffe2][0xffffffe3][0xffffffce]Q7[0xffffffcd][0x6][0xffffffae][0xffffffb4]=[0xffffff97]O[0xffffffff][0xffffffc0][0xffffffe1][0xffffffd1]Y[0xffffffea][0xffffff88][0xffffffdf]n[0xffffffd4]v[0xfffffff5][0xffffffec][0xffffffc2][0x1c][0xffffff83]q[0xffffff9f][0x9][0xffffffcc][0xffffff84]^[0xb][0xffffff95][0xffffffa4][0x7]@[0xffffff98][0xffffffc4][0xffffffdc]+G[0x1a][0xffffffed]t[0xffffffdf][0x15][0xffffff88][0xffffffe9]j[0x1c][0xffffff8a][0xffffff8f][0xffffff9c]K[0x7][0xffffff9c]wT[0xffffff8f][sP[0xffffffc4]x[0xffffffb3]2[0x1d]@=[0xffffffc7][0xffffffc2]`[0xffffff92]<^R'[0x3]S[0xffffff9c][0xffffffed][0xffffffd3][0x17][0x14]E:[0xffffffbd][0xffffff8d][0xffffffa2]R[0xffffff95]u[0xffffffbc]Q[0xffffffdb][0xffffffce][0xffffffdd]JJ[0xffffffce][0xffffff9c][0xffffff94]x[0x15]_[0xffffff88][0xf]q[0xffffff97][0x0][0xffffffd2][0xffffffea][0xffffffb7]rRH[0xffffff8b]3V[0xffffffab][0x16]-[0xfffffffe]Cf[0x0][0xffffff94]7~5-ov[0xffffff8e][0xffffffb8][0xffffffa5]*[0xffffff9b][0xffffffc8][0x12][0x19][0x3][0xffffff8c]{kN[0xffffff8d][0xffffffdc][0x18][0x14][0x8][0x14]^/[0xffffff8c][0xffffffbb][0xfffffffe][0x7]O[0xffffffc5]G[0xffffffe6][0xffffffc2][0xffffffc7]JY[0xffffffaa][0xffffff85] R[0xffffff8e][0x12][0xffffffe7][0xffffffef][0xffffff97][0xffffff83][0xffffffd4][0xffffffb1][0xb][0x14][0xffffff9b][0xffffff8f]#}[0xffffffe8][0xffffffda][0xffffffce].[0xffffff86]i+[0xffffffbd][0x2][0xffffffef]"#N[0xffffff8b][0xffffffec][0xffffffe1][0xffffffff]O[0xffffffe1][0xffffffa4][0xffffffa7][0xffffffaa][0xfffffffa][0xc]`[0xffffffca]j[0xffffff9a][0xffffffcb]|[0xffffffaa][0xffffffbe]wYyZ[0x1][0xffffffa1][0xffffffc9][0x1a]R[0xffffffcf][0xffffffdb][0xffffffe1][0x3]wjPU[0xffffff8c][0xffffffde][0xffffff9d][\r]][0xffffffd6][0xffffffed][0xffffffff]>-[0xffffffbc][0xc][0xffffffd5][0xffffffe5][0x1e]2[0xffffffc9][0xfffffff9]/[0xfffffff4][0xffffffae][0xffffffbd][0xf]T[0x9][0xffffff84][0xffffffa3]D[0x7][0xffffff8a][0xffffffcc][0xffffffbe][0xffffffed][0xffffffba][[0xffffffb6][0x1d][0xffffffe8]^Q-[0x16][0x1f]%[0xffffffe2][0xffffff9c][0xffffffdf][0xffffffa9][0xe][0xffffffbd][0xffffffdb][0xffffffc9]0[0x7]L[0xc][0x5][0xffffffc9][0xffffffbb]H[0xffffffb3][0xffffff82][0xffffff95][0xffffffa6][0xffffffab][0xfffffff9][0xfffffff3][0xffffff9d][0xffffff98]5[0xffffffd2]hya[0xfffffff8]V[0x18]t[0xffffffb6]<[0xffffffaf][0xffffffd5][0xfffffff4][\n]"
09:46:43.525 [main] DEBUG com.github.dockerjava.zerodep.shaded.org.apache.hc.client5.http.wire -- http-outgoing-2 << "|[0xfffffffa][0x8][0x4][0xffffffd7][0xffffff84][0x5][0xffffffa8][0xffffffda]n[0x6][0xffffff85]>[0xffffff82][0xffffff8a][0xffffffa8][0xfffffff9]]&[0xb][0xffffffa1]]T[0xffffffec]`[0xffffffd2]>[0xfffffff5][0xfffffffc][0x6][0xffffff82][0xffffffdc][0xffffffba][0xffffff95][0xfffffff7][0xffffffef][0xffffff94]JO5n[0xffffffa3][0xffffffac]XU[0xffffffd3]<[0xffffff87][0xffffff85]=[0xffffff93][0x6][0xffffffe1][0xffffffc4]9[0x7]l[0xfffffffc][0xffffffaa][0xffffffc3][0xffffffdd][0xffffffb1][0xffffff89][0xffffffae][0x0][0xffffffc5][0xffffff97][0xffffff8c]!s[0x15]][0x3][0xffffffeb]?[0xffffff85]>[0xffffff93][0xffffffe4][0xffffff8d][0xffffff90][0x18]s&[\n]"
09:46:43.525 [main] DEBUG com.github.dockerjava.zerodep.shaded.org.apache.hc.client5.http.wire -- http-outgoing-2 << "8[0xffffffd6][0xffffffbc][0x5][0xffffffdb]mN~h[0xffffff8f][0x7][0xfffffffb][0xffffffbb]L}![0xffffff9a][0xffffffb1][0xffffffdd]>[0xffffffbb][0xffffffc5][0xffffff9f][0xffffffb5][0xffffffc1]ce[0x12]I[0xffffffc4]bsZe[0xffffffb7][0xffffff83][0xffffff81][0xffffffee][0xffffffd2][0x7f]}[0xffffffeb][0xffffffe2][0x10][0xfffffff2][0xffffffe6]#%[0xffffffa7]O[0xffffffb2]hS[0xffffffe0][0xffffffa3][0xffffffd2]<[0x11][0x2][0xffffff8b][0xffffffea]U/[0xffffffd5][0xffffffff][0xffffffd6][0xffffff8b][0x1f][0xffffffd1][0xffffffd8][0xffffffde]3[0xffffffe0]~[0xffffffd4].[0xffffffd9][0xffffffe8][0xffffff80][0xffffff84][0xffffffa1][0xffffff8a][0xffffffbb]:D[0xffffffa5][0xffffffd2][0xffffffb8][0x18]y[0xffffffd1][0xfffffff3]o[0xffffffe2][0x14]v[0xffffffac]$i[0xffffffef]R[0xffffff94]t|[0xffffffca]-S+[0xffffffcd][0xffffffa3][0xfffffff6][0xfffffff8][0xffffffe3]D[0xffffffdc][0xffffffbf][0xfffffff2][0xffffffca]Q[0xfffffff0][0xffffffd0]/[0xffffff87][0xb]j[0xffffff81][0xffffffe0]&[0xffffffd4][0xffffffa2]?]P[0xffffffd4][0xffffffcb]Q[0xffffffbc][0xffffffaf][0xffffffe4] [0x10]7[0xffffffd3][0xffffffae]#[0xfffffff1]0[0xffffffd6][0xfffffff8][0xfffffff0][0xffffffb6]5[0x18]o[0xffffffee]?$[0xffffff99]W[0xffffff8b]S+y[0xfffffffd]IM[0xffffffd3]]Iv=[0xffffffd9]DfG[0x1e]Y[0xffffffba]bp[0xffffffd3](F_*Wj]Q[0xf]b[\r][0xffffffdc][0x1e][0x1]~[0xffffffaf]R[0xffffffa2]S[0x8][0xffffffe5]/[0xfffffff9][0xffffff9f]@[0xffffff8a][0xffffff87]A[0xffffff9f]"b[0xffffffab][0xffffffc1][0xffffff90]R[0xffffffa5]`[0xffffff87][0xffffffb7][0x8][0xffffffe0][0xffffff8b][0xffffff83]>[0xffffffbe]P\[0xffffffad]l1[0x13][0xffffffed][0xffffff8c][0xffffffbf][0xffffffbe][0xffffff82][0xffffffd6][0xffffff9a][0xffffffcc]`[0xffffff8c]*[0xffffffbd][0xffffff94][0xffffffbc]W[0xffffffa6]Rc[0xffffffb4][0xffffff96]F[0xffffffac]t2[0xffffff8b][0xffffffcf]b[0xffffffc0][0xfffffff9][0xffffff8a][0x7f][0xe][0xffffffa3][0xffffff9b]m[0xc][0x1][0xffffff92][0x16][0xffffff93]?[0xffffffba][0xffffffe1][\r][0xffffffd1][0xffffffa8][0xffffff82][0xffffff86][0xffffff84][0xffffff8d][0xffffffc7]b[0xffffffde]'[0xffffff9c]v[0x1e][0x3][\r][0xfffffff9][0xffffffd2]*[0xffffff96][0xe]Z[0xffffff83]ohF[0xffffffa3][0x1c][0x3][0x15][0xffffffb3][0xffffffea][0xffffffaf][0x1e][0x10][0xfffffffd][0x1c][\r][0xffffff9c][0xffffff97][0x2][0xfffffff7]![0xffffffac][0xffffffe3][0x11]F[0x1f][0xffffffce][0xffffffff][0xffffffe7][0xffffffa3][0xffffffb5][0xffffff8b][0xffffffd4][0xffffffb7][0x1d][0x5][0xffffffdf]1t[0xffffffe8]?[0xffffffdd][0xffffffdf][0xffffffb1][0xffffffc6]D[0xffffffab][0x17][0xffffffa1][0xffffff9e][0xffffffc1][0x13])[0xffffffbd]&}[0xffffffa3][0xffffff98]b{[0xffffffbd]4_{'[0xffffffb6],[0xffffffab][0xffffff94][0xfffffffa][0xffffffb3]E[0xffffff82][0xffffffcf]jmH[0xffffffff][0xffffffcb]g[0xfffffff5]|w[0x10]R[0xffffffa7][0x14]x[0x6][0xffffffce][0xffffffd1]8[0xffffff95]Se[0xffffff83][0xffffff8a]P_wmw[0xffffffa9][0xffffffc8][0x1c][0xffffffdd]4[0xffffffff][0xffffffdf][0x2]%=[0xffffffae][0xffffffd9][0xffffff81][0xffffff8e][0x17][0xfffffff7][0xffffffdc][0xffffffd2]C7[0xffffffb2]vf[0x16]^[0xffffffa6],[0xffffffd8]2p;[0xffffffa7]>[0xffffffb4][0xffffffa6][0xffffffe2]|6+B[0xffffffa7]9m[0x7f]"[0xffffff99][0xffffffd3]}z[0xffffffeb]# [0x2][0x18][0xfffffff2][0x4][0x1c][0x16][0xffffffbf]B[0xfffffff9][0xffffffe7]kZ!C[0xffffff99][0xffffff8e]F[0xffffffaf][0x12]O[0xffffffbe][0xfffffffa][0xffffffc3][0xfffffff0][0xffffffd9][0xffffffbf][0xffffffbf]W[0xffffffb8]v[0xffffffd4]][0xffffff84][\n]"
09:46:43.525 [main] DEBUG com.github.dockerjava.zerodep.shaded.org.apache.hc.client5.http.wire -- http-outgoing-2 << "[0x6][0xffffff87][0xfffffffd][0xffffffca]X[0xffffff9f]P[0x9][0xffffffb6][0xffffffc9][0xffffff94]][0xffffffd9][0xffffff93][0xfffffffd][0xffffffeb][0xffffffc7][0xffffffef]f[0x2]m[0xffffffe4][0xffffffaf][[0xffffffb9]ZR[0xffffffa6][0x1a][0x1b][0xffffffe4][0xffffffc7][0x1][0xffffffd8][0xffffffb3]/[0xfffffff7][0xffffff94]p[0xfffffff4][0x1b][0xffffffa2][0xffffffcd][0x5][0xffffff9a][0xffffffd7]#9[0xffffffa6][0xffffffa9][0xffffff94]@\[0xfffffff6]?t+[0xffffffe5][0xffffffe0][0xffffff93][0x1b][0xffffffc9][0xffffff82][0xffffff90][0xffffffdb][0xfffffff0][0xfffffffe][0xffffffe5]\[0xffffffcb]"[0xffffffdd]F<[0xffffff9c][0xffffffc4][0xffffff8f][0xffffffdc][0xffffffee]5u[0xffffffbc][0x1a]f[0xffffffcc][0x2]Q[0xffffff8d]([0xfffffff0]l[0xfffffff0][0xffffffa8][\n]"
09:46:43.526 [main] DEBUG com.github.dockerjava.zerodep.shaded.org.apache.hc.client5.http.wire -- http-outgoing-2 << "F[0xffffffaf]m[0xffffff8f]!u[0x1f][0xffffffb3][0xffffff82]j[0xffffff99]g[0xb][0xffffff8d][0x1c][0x17][\r]"[\n]"
09:46:43.526 [main] DEBUG com.github.dockerjava.zerodep.shaded.org.apache.hc.client5.http.wire -- http-outgoing-2 << "[0xffffffcc][0xfffffffe],[0xffffffae][^`[0xfffffffe][0xffffffed]d[0xffffffd7][0xffffffd3][0xffffffa0]p[0x1e][0xffffff85][0xffffffb3][0xfffffff8][0xffffffe4]z[0xffffffe1][0xffffffcf][0xffffff8b][0xfffffffa]u[0xffffffc3]M[0xffffff90]=[0x7f]z[0xffffffda]G[0xffffffc2]P[0xffffffd8]Z[0xffffffb1]2^[0xffffffb4][0xffffffb3][0xffffffe2][0xffffff91][0xffffffb0][0xffffffff])[0xffffffbd][0xffffffe5][0xffffffcc][0xffffff95]^[0xffffffd4][0xffffffd1]8[0xb][0xffffffb9][0xfffffff6][0xc][0xffffffc4]QP[0x18]3]|[0xfffffffa][0xffffffc0][0xffffffbe][0xffffffc8]9[0xffffffa7].[0xfffffff1][0xffffffeb]{r[0xffffffb1][0xffffffe1]D[0xffffff92].[0xffffffab][0xffffffae][0xffffffdf][0xffffffd2][0xfffffff0]}D[0xffffffd3][0xffffffa5]|8r[0xfffffffd][0xffffffa0][0xfffffffa][0xffffffea]L[0xffffffbd]"[0xffffffdd][0xffffff94],xm[0x18]U[0xffffffae][0xffffffd2][0xffffffaf]IV[0xffffffea][0xffffff9d]4[0xffffffa3][0xffffff8b][0xffffffaa][0xffffffd7]jJ[0xe][0xffffffc1]j[0xfffffffc]Az$,[0xffffffcf][0xffffffc6]sX1`fdh[0xffffff8a] [[[0xffffffb9][0xffffff8c][0xffffff97]Vz[0xfffffffc][0xc][0xffffffee][0xfffffff3][0xfffffff2][0xffffffd6]a[0xfffffffe][0x1a][0xffffffbe][0xffffffb2][0xffffffd1]z[0x14]?[0x0][0xffffffe5][0xffffffff]r[\n]"
09:46:43.527 [main] DEBUG com.github.dockerjava.zerodep.shaded.org.apache.hc.client5.http.wire -- http-outgoing-2 << "[0xffffff8c][0xffffffb8][0xfffffff5][0xffffffb2]1M|*[0xffffffa9][0xffffffe7][0xffffffa7]3 u[0xffffff87][0xf][0xffffffc0][0xffffffc9][0x3][0xfffffffc]0p[0x2][0x18]l9[0xfffffff2]![0xffffff96][0xffffffaf]hS[0xffffffc1][0x1c]X[0xffffff8c](F[0xffffff8f][0x16][0xffffffe1] [0xffffffd9]N[0xffffff98]s=[0x1f][0xffffffff][0xffffffc4][0xffffff98][0xffffffcb]H[0xffffffe4]\_c)[0xffffff9a]p@X[0xffffffbf][0xf][0x6][\n]"
09:46:43.527 [main] DEBUG com.github.dockerjava.zerodep.shaded.org.apache.hc.client5.http.wire -- http-outgoing-2 << "[0x16][0xffffffb1]o*[0xffffffd8][%[0xffffffa9][0xffffffa5][0xffffffd3]~[0xfffffffc]"[0xffffffd4][0x0][0x4][0xffffff8f][0xffffff90][0xffffff8d]GI[0xffffff9a][0xffffffab][0xffffffd9][0x16][0xffffffd1][0xfffffffd][0xffffffe4][0xfffffff8][0xffffffd8][0xffffffab][0xffffff84][0xffffff81][0xffffffb6]4[0xffffff93][0x1a][0xfffffffa][0xffffffef][0xffffffaf][0xffffff8f][0xffffff85][0xffffffd8]Vh[0xffffff95]8t[0xfffffffa][0xffffff89][0xffffffe3]7&[0x12]0[0xffffffed]\[0xfffffff3][0xfffffffa][0xffffff8b][0xffffffdf][0xffffff88]7yg[0xffffffe0][0x11][0xffffffd2][0xffffffea][0xc]8[0xffffffdb][0xfffffff7][0xffffffdf]w[0xffffffc9][0x8]'[0xffffffba][\r]r[0x10][0xffffffe4][0x11].[0xffffffad] [0x2]U[\r][0xffffffbd][0xffffffbe][0xffffffa7][0xffffffd4][\r][0xffffffa3][0xffffffbe]>C[0xffffffde][0xffffffab]d=[0xffffffdf][0xffffffc5][0xffffffaa][0xf][0xffffff94];[0x2]#[0xfffffff0]&[0xffffffd7][0xffffff9f][0xffffffa0][0x15][0xffffffc9][0xffffffee]y[0x18]8[0xffffffba]?[0xffffff9b]^|[0xffffffe8][0xffffff89][0xffffff9b]l[0xffffff99][0xffffff87][0xffffffe5][0xffffffe4][0xfffffff8][0xffffffbe][0xffffffe8]0[0xffffffe3][0xffffffe0][0xffffff82]o[0xffffff89][0x1c][0xffffffc8][0xffffff82][0xfffffff1]}[0xffffffbb]Y[0xffffff8d][0x8]9[0x6]:[0xffffff8e][0xfffffff6][0xffffffe6]S[0xfffffff1][0xffffffc1]~[0xffffff8f][0x1a][0xffffffb8][0xffffffaa]A[0xfffffffe][0x7f]2[0xfffffffc][0x16]\[0x1c][0x7]w8Pr[0xffffff83]>~[0xffffff87][0xffffffef][0xffffffad][0xffffffe5][0xffffff9a][0xffffffe3][0x1b][0xffffff8b][0xffffffc6][0xffffffe2][0xffffffd9][0xfffffffd]GL[0xffffffc9][0xffffff81][0xfffffffe]3hw[0xffffffc4][0xffffffe3][0xffffffbf]zLB[0xffffffcb]*[0xffffffab][[0xffffffe6][0xffffffb1][0xffffff97][0xffffffdf][0xffffffd5]3[0xffffffd9][0x18][0xffffff92]5[0xffffffb1][0xffffff92]>)7[0xffffff9e][0xffffff86][0xffffffd2][0xffffff91][0xffffff84][0x7]W[0xffffff83][0x15][0xfffffff4][0x3][0x1f][0x1b]a\[0xffffffa4][0x7][0xffffffc1]x[0xffffff8d][0x11]x[0x1e]M[0x18][0xffffffdb][0xffffffca][0xffffffef][0xfffffffb][0xffffffb1][0xffffff88][0xfffffff3]jj<[0xffffff80][0xffffffe0]I1[0x6][\r][0xfffffff1][0xffffff8a][0x2][0xffffffe7][0xffffffc4].[0x10][0xffffffea]&[0xffffffc9][0x16][0xffffff91]#]2[0xffffffd8]%[0xffffffdc]+[0xffffff8a]w[0xffffff84]4[0xffffffbb]/[0x17][0xffffff8f][0xffffffa5][0xffffffb7][0xffffffc8][0xffffff88][0x1e][0xffffffbc]i[0xffffffff][0x15]Q[0x19][0xffffffe9][0x0][0xfffffff7][0xffffffa9]Z[0x17][0x9][0xffffff93][0xffffff87][0xffffff9f]B[0xffffffc8][0xffffffca]zx20[0x7][0xffffffb0][0xffffffc7][0xffffffe9]nD[0xffffff82];@i[0xffffffb5][0xffffffad][0xffffff8b][0xffffff87]M[0xffffffd3][0x16]aH[0xffffff82]%[0xffffffb8][0xffffffe0][0xffffffb9]$[0xffffff9d][0xffffffce]\[0xffffff97][0xffffffaa][0x11][0xffffffd9][0xffffffcd]m[0x1f]_x,y[0xffffffa8][0xffffffca][0xffffff87]J[0x10]t}[0xfffffff5][0xffffffb6][0x15]KpV_[\n]"
09:46:43.527 [main] DEBUG com.github.dockerjava.zerodep.shaded.org.apache.hc.client5.http.wire -- http-outgoing-2 << "#[0xffffffe5][0xffffff8e][0xffffffeb]7i?[0xffffffb3]l[0xfffffff9][0xfffffffb]c[0xfffffffd]B[0xffffffc4]XQpx[0xffffffae] %[0xffffffe7][0xffffffcd][0xffffffd6]e[0xffffff90][0xffffff82][0xffffffc4][0x1b][0xffffffd0][0xffffffb1][0xe][0x3][0x0]p[0xffffffbb][0xffffffb4][0x0][0xffffffc2][0xffffffff]W%1[0xffffffe4][0xfffffff1]J[0xffffff81]bcmI[0x3][0xffffffb6][0xfffffff1][0xffffffc1][0xffffffc6]aG[0xffffffc1]H[0xffffffb1][0xffffffaf]<[0xfffffffc][0x9]8J1[0xffffffb7]][0xfffffffc]Q[0xffffffb7][0xffffffc6]>[0xb][0xffffff8d]P[0xffffffb5][0x1d][0xffffff8d][0xffffff94]F[0xffffff9c][0xffffffc3][0x16][0xffffffc0];#[0xffffff87][0xffffffdd]{[0xffffffbd]0T[0xffffffec][0xfffffff9]9T][0xffffffd6]i-C[0x12]V[0xffffffbf]=[0x5][0xffffffac]Hy[0xffffffbe]E[0xfffffff9][0xffffffb2][0x2][0x0][0xffffffc0][0x7]K[0xfffffff5])>[0xffffff99][0xffffffa7][0x1b][0xffffff87][0xffffffa2][0xfffffff1]][0xffffffe1]]a[0x16][0xffffff83][0xffffffb9][0xffffffcc][0xffffffa1][\n]"
09:46:43.527 [main] DEBUG com.github.dockerjava.zerodep.shaded.org.apache.hc.client5.http.wire -- http-outgoing-2 << "c[0xffffffee]y/mA[0xe][0xffffff87][0xfffffff5][0xffffff9e]t[0xfffffff4][0x3]pe_[0xfffffff3][0xfffffffe][\r][0xffffffef][0xffffffd8][0xffffffb6][0xffffff93][0xffffffc9][0xffffffc4][0xffffffb6][0xffffffed]Ll[0xffffffdb][0xffffffb6][0xffffffed]db[0xffffffdb][0xffffff9e]xb[0xffffffdb][0xffffff9c][0xffffff89]1[0xffffffb1]m'o[0xffffffcd][0xffffff8d]z[0xffffffbf][0xffffffbf][0xffffffff]S[0xfffffff7][0xffffffaa]U[0xffffffa7][0xfffffff6]9gw[0xffffffaf][0xffffffab][0xfffffffb][0xffffffd3][0xffffffd7][0xffffffa2][0xffffffb4]O[0xffffffbd][0xffffff95][0x13][0xffffff8c][0xffffffd3]t[0xfffffff8]s|[0xffffffb4][0xfffffff8][0xffffff87][0xffffffbc][0xffffffd2][0xfffffff8]9[0xffffffba][0x1c][0xffffffe6][0x1a][0xffffff97]JZP=[0xfffffff4]M#[0x12][0xffffff8a]lZ[0xffffffcc][\r]&[0xffffff81]/[0xffffff93][0xffffffc2][0xffffffdc][0xffffffee][0xffffffd2]Lh[0x3][0xffffff97][0x7f][0xfffffff0]:M[[0xffffffa2]OU4[0xffffff96]Y*IF#[0xffffff84][0xffffffc9][0xffffffb1][0x0]T[0x18][0x7f])[0xffffff90]b[0x19][0xffffffd3]Nr[0xffffff97][0xffffff99][0xffffffc3][0x1b]v4[[0xfffffffb]7[[0xffffffb6][0xffffffc4][0xffffffcd]h[\r]N?[0xffffff9c][0xffffff88][0xffffff98]7s[0xffffffb6]E[0xfffffff3][0xffffff94][0xffffff85]T[0xffffffde]k!H[0x18]p[0xffffff96][0x18]Gt[0x16]8[0x1c]7X@[0xffffff89]^[0xffffff8a][0xffffff9d][0xb][0xffffffd1][0xffffffcc][0xffffffaf][0x10][0xffffffac][0x6][0xffffffd4][0xffffffa6][0xffffff89]&_[0xffffffdf][0x13]}h[0xffffffe3][0xffffff92][0xb][0xffffff83][\r][0xffffffdf]I[0xffffffc3][0xfffffff1]s[0xffffff8b][0xffffffba]G!?[0xfffffffe]A[0xffffffbc][0xffffffdb];K)[0xffffffa5][0xffffffe7][0xffffff8f][0x16]|[0xfffffffd][0xffffff80][0xfffffff7][0xffffffad][0x1c]R[\r][0x7f]J[0xffffffb0].V[0xffffff9f]p[0x1b]h[0xfffffffb]yRK[0xffffffca][0xc][0xffffffc6][0xffffff8f][0xffffffc1][0xffffff85]y[0xffffffaf]<w[0xfffffff8][@[0xffffffa2][0xffffffa4]{[0x0]6[0xfffffffb]p[0xffffffdb]C[0xffffffd8][0x1e][0xffffffd9][0xffffffef]b[0xfffffff3][0xffffffde]l[0x4][0x2][0xffffffe4][0xffffffd3]CE/[0xffffff96][0x11]L[0xb][0xfffffffa][0xfffffff3][0xffffffdc][0xffffffb3]9[0xffffffcb][0xffffffc2]n1[0xffffffc9][0x18]'[0xffffffa3][[0xfffffffa][0xffffffdb]nWh[0x1e][0xffffff88][0xffffff9c][0x1c][0xc]r[0xffffff9a]*[0xffffffa5]J[0x8]$4K[0xffffff92][0xffffff99]3[0xffffffcc]![0xfffffff0][0xfffffff1]m[0xffffffff][0x1c]Q[0xffffffd8][0x17][0xffffff89][0xfffffff8][0xffffffa0][0xfffffffc][0xffffff87][0xffffff98][0xffffffff][0xffffffd1][0xffffffd5][0xffffffe6] N[0xffffffa2]n[0xffffff97][0xffffff94]k[0xfffffff0][0xffffff87][0xffffffc1][0xffffffcf][0xffffff96]u[0x1e][0xffffffd1][0xffffff93]k[[0xfffffff2][0xffffff8d][0xffffffc6]k[0xffffffb3][0xffffffdd]Y[0xffffff93]L[0xffffff96]&[0xffffff97]Z[0xfffffffb]9[0xffffffcc]UPd[0xffffffa0][0xffffffaf][0xffffffd3][\n]"
09:46:43.527 [main] DEBUG com.github.dockerjava.zerodep.shaded.org.apache.hc.client5.http.wire -- http-outgoing-2 << "|D[0xfffffff0]i y[0xffffffa4][0xffffffd9][0xffffff99][0xffffffbf]+AE0E[0xffffff87][0xffffffc5][0xffffffea][\n]"
09:46:43.527 [main] DEBUG com.github.dockerjava.zerodep.shaded.org.apache.hc.client5.http.wire -- http-outgoing-2 << "o[0x4]RS[0xffffffa7][0xffffffb0][0xffffff8a][0xffffffba][0xe]SgS[[0xffffff85][0xffffff81]$[0xffffffce][0xffffffeb][0x0]^[0xffffffa9][0xfffffff2][0xffffffc6][0xffffffd4][0xffffffb7][0xfffffff4][0xffffff94]1[0xffffffe1][0xfffffff3]X[0xffffffd2][0xffffffbe][0x1d]<[0xfffffff9] [0xffffff8b][0xffffffc5][0x1f][0xfffffff3]5[0xffffffbb]`[0xffffff94][[0x1d]'[0xffffffa8](i[0xffffffdd]?[0xffffffc6]z[0xffffffbc][0xffffffc6]e[0xffffff8f][0xffffffb6][0xe][0xffffff8f]$[0x17]s[0xffffffc5][0xffffffc4]A[0xffffffec][0xffffffee][0xffffffdd]d[0xffffffa5]9[0xffffffb6][0xffffffbb][0xffffffa6][0xffffffc2][0xffffffd8] M6[0xffffff9b]Y[0xffffff8f]"[0xffffffb8]R[0x1d]Aj[0xffffffa0][0xffffff98][0x1b];[0xffffffbe]V[0xffffffa4][0xffffffb7][0xffffffaf][0xfffffffd][0xffffffd4][0xffffffbe]uZ[0xfffffff8][0xfffffffa][0xffffff84][0xffffffb0]$[0xffffffa6][0xffffff8b][0xfffffff6]$[0xffffffcb]G&[0xffffff9c][0xffffff8b][0xffffffc7][0xffffff99][0xffffffbb]Q[0xffffffe5]k[0xffffffa8]r[0xfffffff4][0xffffff88]MK[0xffffffbe][0xffffffab]D[0xffffffd4][0xffffff96][0xffffff9d][0xffffffdc][0xffffffce][0xffffffa4]i(l[0xffffffd8][0xffffffe8]GU[0xffffffcc][0xffffff88]x[0xffffffc0]:j[0x1b]7H[0xffffff83]+\G[0x3]Z[0x15][0xffffffeb][0xffffffde][0x12][0x9][0xffffffad]][0xffffffd7]Fc[0xfffffff7][0xffffff86]]e[0x2][0xffffffa9][0xffffffb4][0xffffffdc][0xffffffd9],B[0xffffffc1][0xffffff9b][0xffffff90][0x14][0xffffffe9][0xffffffec]*[0x9][0xffffffca][0xffffff91]tO[0xfffffff2][0xffffffe5]R[0x4][0xffffffd5][0xffffffb3][0xfffffff4]^[0xffffffa5];[0xfffffffa][0xffffffe9][0x1c][0xffffffaf][0xffffffb1]![0xffffffa4][0xfffffffe][0xffffffa9][0xffffffce][0xffffffb2][0xffffffc2]mO+Z^%64[0xffffffd6]M[0xffffffa5][0xffffffe2][0xfffffff0][0x3]J[0xffffffd6][0xffffffb4][0xffffffd4][0xffffffa5][0x1e]j[0xfffffff7][0xffffffb7]u[0x2])[0xffffff82][0xffffffcd][0xffffff83][0xffffff81][0xffffffb5] [0x1e][0xfffffffd]*[0xffffff84][0xffffff9a]0[0xffffff94][0xffffffd0]t[0x7f]XO[0xffffffa8][0xffffffd9][0xffffffe9][0xffffffd7][0xffffffb0][0xffffffef]3[0xffffffc5]S[0xffffffcf]D>by<[0xffffffa0][0xfffffff3][0xffffff84]0[0xffffffae]j[0x6]I[0x5][0xffffffb1]_[0x7][0xb][0xffffffc2]([0xffffffdc])Ies[0xfffffff6][0xffffffc2][0xb][0xffffff85][0xffffffd3][0xffffffb3][0xffffff9b][0xffffff85][0x9][0xfffffff4][0xffffffb6]D[0xffffff94][0x9]j[0xffffffca][0xffffff97][0xffffff99]V[0x18]w[0xffffffa2]C[0xffffffdc]_[0x19]f[0xffffffab]h[0xffffff83][0xfffffff4][0xffffffce]S"m[0x7][0xffffffbf][0xffffffce][0xffffffa4][0xffffffc3][0xffffffc5][0xffffffbd][0xffffffee]>[0xffffffb1]1[0xffffffe3][0xffffff97][0xc]0[0xfffffff6][0xffffff8b][0xffffff81][0xffffffab]Ggv[0xe][)r[0x18]Q[0xffffff8f][0xffffff8c] [0xf][0xffffff8f][0xffffffb8]2F[0xffffffd9]3[0xffffffc1][0xffffffc5][0xffffff8d][0xffffff81][0xffffffd1][0xffffffef]*x[0xffffffc7]L[0xffffffb8][0xffffffa8]oW[0xffffff93][0xffffffb0]Ih3?F[0xffffffe5][0xffffffe0][0xf]-[0xffffffbd][0xffffffb4][0xfffffff2][0xffffffb6][0xfffffffc][0x0]X_/!I*Q[0x11][0xffffffca]U[0x1d]#[0xffffff8b]{[0xffffffe0][0xffffffd0][0xffffffc5][0xffffffc5][0xffffff8a][0xc]@f[0xfffffff6]GU[0xffffffb1]{[0xffffff83]}[0xfffffff6][0xffffff8f]v[0x2][0xffffffdc][0xffffffd0][0x18][0x11]a[0xffffffb4]6eJU[0xffffff9b]i[0xffffffc8]h[0xffffffe8]x[0xffffffa7][0xffffffb7][0xffffff95][0xffffffe1][0xffffffa0][0xffffff92][0xffffffdd][0xffffffc1][0x1a][0xffffffce][0xffffffc9]Ve[0x18][0xffffffa1][0xffffffdc]+[0xfffffffb][0xffffff90][0xfffffff6][0xffffffad][0xffffff8d][0xffffff86]7k[0x7f][0xffffff8f][0xfffffff9][0xffffffdf][0xffffffe6][0xffffff9c][0xffffffc0][0xffffff85]2[0xe][0xffffffec]P[0x1f][0xffffffb3][0xffffffd9]X[0xfffffff7][0xfffffff7]l[0xffffffcb][0xffffffb4][0xffffffc2][0xffffff96]>[0x6]m[0xfffffff9][0xffffffd2][0xffffffbc][0xffffffb2]h7[0xffffffd9][0xffffffc7]t[0xffffffa2][0xffffff8b][0xffffffb4]9[0xffffffe6]r[0xffffff89]p[0xffffffbc][0x7][0x1e][0xffffffef]d[0xffffffc9][0xffffff88][0xffffffb3][0xffffffaf][0xffffffa8][0xffffffa7][0xffffffb3][0xffffff81][0xffffffd8][0xffffffdf][0xffffffb0]&[0xffffffea][0xf][0xffffffc3]v,WV[0xffffffc6][0xffffff83]3B[0xffffffc4][0xe][0xffffffd1][0xfffffff7][0xfffffffb][0x11][0x12][0xffffffc7]{[0xffffffe0]ag[0x11][0xffffffe5]x7[0xffffffa1][0xffffff99][0xffffffe9].[0xffffff94]Lk[0xffffffde][0xfffffff4]_d[0xffffffee][0xffffffce]2[0xffffffc9][0xffffff87][0xffffff88][0xffffffac]l[0xffffffaa][0xffffffdc][0xfffffff0][0xffffffe0]}[0xffffff94][0xffffffa4](^-[0xffffff95][0xffffffb7][0xffffff97][0xffffffb4]W[0x9][0xffffffb3][0xffffffd6]OB8p[0xffffff92][0xffffff98][0xfffffff6][0xffffffcc][0xffffffc2][0x1d][0xc][0xffffff9d]i[0xffffffe0][0xffffffc5][0xffffff8d]>[0xffffffd9][0xffffffea]I)[0xffffffd3][0xffffff9b][0xffffffdc]D2*[0x10]5ex[0xffffffba][0xffffff90][0xffffffbf][0xffffffad][0xffffffe2]G5[0xfffffff3][0xffffff94][0xffffffe5][0xffffffc1]1[0xffffffa4]o[0xffffff8d][0x14]/m[0xffffffd0][0x17][0xfffffff8][0xffffff8c]b[0xffffffdd][0x7]j[0xfffffff9]r[0xffffff8d][0x7f][0xfffffffe][0xffffffa1][0xffffff80][0xffffffa7]-[0xffffff97][0xffffff9d][\n]"
09:46:43.528 [main] DEBUG com.github.dockerjava.zerodep.shaded.org.apache.hc.client5.http.wire -- http-outgoing-2 << "[0xffffff97][0xffffffc0]x[0xffffffc5]1[0xffffff94]+^.[0xffffffc7]J[0xe][0xffffffef][0xffffffc5][0x13]A[0xffffffe3][0xffffffb3]U[0xfffffffb][0xffffffe2][0xffffffff][0xffffffd5][0xffffffec][0xffffffe5][0x14][0xffffff87][0xffffffb7][0x16][0xffffffca]Y|[0xffffffe1]g[0xffffff87],,[0xffffff97][0xffffffd4][0x1f],[0xffffff91][0xffffffce][0xffffffab][0xffffffc8]ZX[0xffffff9c]V[0xffffffaa][0xf]2[0xfffffff7][0xffffff92][0xffffffa2][0xffffff8b]x[0x3]n<[0xffffffef][0xffffffb8][0xffffffb8]`[0xffffff88]J[0xffffffa2][0xffffffe0][0x14]"[0x19][0xffffffce][0xffffffe6][0xfffffffe][0x4][0xffffffb6][0xffffffe3]l[0xffffffc3][0xffffffb3][0x1e][0xffffffd5]I[0x4][0xffffffb5][0xffffff95][0xffffffa7]>[0x4]{[0x1d][0xffffffc3][0x7][0x2]V[0xffffff8e] [0xffffffec]RH[0xffffff99][0xffffff95][0x1d]J([0x18]W][0xffffff99][0xffffffaf][0xffffffe1][0xffffffed][0xffffffe8][0xffffff9a]l[0xffffffd9][0xffffffaf]o[0x18]5|[0xfffffff2][0xffffff9a]&4[0xffffffbf]H[0xffffffc0][0xffffffcc][0xffffff8c][0xffffffc3][0xffffffdb][0xffffffa0][0xe][0xffffffaf][0xffffff82]$[0xffffffbf]&e[0xffffff82][0xffffffb6][0xffffffed]8j[0x19]n[0xffffffb7][0xffffffcc][0xffffffcb][0xffffffe7][0xffffff85][0xffffff96][0xffffff89][0xffffffe3]r"[0xffffff8f][0xffffffd3]0[0x7f][0xffffffc5][0xffffffae][0xffffffce]a[0xfffffffc][0x3]jq[0xffffffc5][0x1f].H[0xffffffe0]!?E[0xffffffde][0xffffff8c][0xffffffa4][0xffffffd1][0xffffffe4]c[0xf][0xffffff96]n-'u[0xffffff8b][0xffffffaa]6'[0xffffff8e]~[0xffffffed][0xffffff9c][0x1b][0xffffffd8]=[0x1f][0xffffff95][0xfffffffc][0xffffff82][0x4][0xffffff9c][0xffffff86][0xffffffa8]r[0x15]2}[0xffffff81][0xf][0xffffffec][0xffffffa3]22'[0xffffffb4].[0xffffffcc][0x18][0xfffffff5]2[[0xffffffac][0xffffffbb]m[0xffffffa7][0xffffffce][0xfffffff8]&[0xffffffbb][0xffffff84][0xffffff8c][0xffffffb6][0xffffffaf][0xfffffffa][0xffffff8a][0xffffffd2][0xffffffae]PIU[0xffffff89]L[0xffffffce][0xffffff80]5[0xffffffc1]^[0xfffffffd]Q[0x1d]RQ[0xffffffb2][0xffffffe4]A[0xffffffcb][0xffffffde]1[0xffffffe9][0xffffff8f]#G[0x0][0xffffffc3][0xffffffc4][0xffffffe1]f[0xfffffffd][0xfffffffa][0xffffff98]8\[0xffffffd2][0xffffffac][0x1c][0xfffffff7][0xffffffcb][0xffffffda]Z[0xffffffdb][0xffffff9c][0xffffffcf]0[0xffffffce][0xffffffed][0xffffffe7][0xffffff8b][0xffffffd7][0xffffff9c]k[0xffffffed][0xffffffc0][0xffffffa5][0xffffffd4][0x1c]FW0[[0xffffffe9]P[0x2] /[0xffffffa7][0xffffffb1][0xffffff80][0xffffffc7][0xffffff8c][0xffffffa8][0xffffffe5][0xffffffdb]3[0xffffffa7]yH[0xffffffb3][0xffffffc2])[0xffffffa2][0xffffffd5][0xffffff9a][0xffffff89]4[0xffffffb8][0xffffffea][\n]"
09:46:43.528 [main] DEBUG com.github.dockerjava.zerodep.shaded.org.apache.hc.client5.http.wire -- http-outgoing-2 << "Fu{{rQ[0xffffffb5][0xffffffd8]5;[0xffffff81][0xffffffc3]W2r[0x7][0xffffff91]R[0xffffffe7] [0xfffffff6]$E[0xffffffa6][0xffffff9e]S[0xffffffae][A[0xffffffeb]b[0xffffffa5][0xfffffffb][\n]"
09:46:43.528 [main] DEBUG com.github.dockerjava.zerodep.shaded.org.apache.hc.client5.http.wire -- http-outgoing-2 << "[0xfffffffd]2t~[0xffffffac][0x8]q`[0xfffffff7][0xffffff8a][0xffffff94]$[0xffffffd9]I[0xffffffc3]E[0xffffffd7]K1#[0xffffff90][0x5][0xffffffe3][0xffffffc9][0x1b]&G[0xffffffda]E[0xffffff8c]0[0xffffffc6][0xfffffff8]%_Z[0x18][0xffffffd5][0xffffffd5][0x15]yEk[0xffffffba][0xffffffbc]M![0xffffffdd][0xfffffff6][0x1a][0xffffffb4]m4s[0xffffffba][0xc][0xffffffd1]&8U&[0xffffffef]I:[0xffffff8b][0xffffffc7][0xfffffffc][0x6][0xffffffec]#[0xffffffa4]T[0xffffffb8][0xffffffd1]/[0x7]A[0x3][0xffffffe2][0xffffff94]o[0xffffff92]~?[0xffffffb7][0xffffff83][0xffffffd2]C[0xffffffb3][0xffffffd5][0xffffffc9][0xffffffe4]A0[0xffffff92][0xffffffe5]Z[0x12]_l[0x15]8f[0xffffffcc][0xb][0xffffffca][0xe][0xffffffa6][0xffffffde]5[0xffffffd7]G[0xffffffd2][0xffffffd9][0xfffffff2][0xffffffd7][0xffffffe7][0xe]8$L[0xffffffb7][0xc][0xffffffb2]&[0x17][0xffffffc8][0x19][0xffffffcc][0xffffffcd][0xffffffcf][0x3]{H[0xfffffffe][0xffffffbe][0xffffffc6][0xffffffdf]7nyYn[0xffffffa0][0xffffffcb]v[\r][0xffffff95][0xffffffd6]W[0xffffffde][0x1f][0xffffffc5][0xffffff8f][0xffffff9f][0x13][0xffffff8c]o[0xffffffde][0xffffff91]T[0xffffffbb][0xffffffac][0xfffffff9]\[0xffffffba][0xffffff9c]LP[0xffffffba]7[0xffffff92][0xffffffd3][0xffffff85][0x3][0xffffffe5]j[0xffffffb7]/[0x3][0xffffff93]=V[0xffffff93][0xffffffb7]pk^8[0xffffffde][0xffffff95][0x1f]>[0x14]&[0xffffffdf][0xffffffb2]E[0xffffffc1]}[0xffffffc4][0x2][0x8]A[0xffffffe8][0xffffffc6][0x1a]_[0xffffffb7][0xffffffaf][0xffffff83][0xfffffffe] 7[0xffffffa7][0xffffff9a][0xffffffbd][0xffffffe6][0xffffffa2]Dq"[0xffffffb5]Z[0xffffffac]e[0xffffff9d][0xb][0xffffffab]^[0xfffffff0][0xffffff97][0x1d][0xffffffe9][0xffffffd6][0xffffff91]#bL%[0xffffff97][0xffffff9d]J[0xffffffd7][0xffffffce][0xffffffbd][0xffffffa9]Z[0x13][0xffffffc9][0xffffffc4][0xffffff85][0xffffffa8]4[0xffffff87]1[0xffffffc6][0xffffffe6][0xf]l[0xffffff8d][0xffffffba]P[0x1f][0xffffffd1][0x1a][0xb]&[0xffffffc2][0xffffffc7][0xffffffdb]6[0xfffffffa][0xffffff91][0xffffffcb][0x9]o[0xffffffa6][0x1][0x1e]![0xffffffd4][0x1b]m+[0xffffff82][0xffffffac][0x2]V[0xffffff9f]:[0xffffffed]c[0xffffffe0][0xffffffb1];U[0xffffffd8][0xb]ZV[0xfffffff9][0xffffff9a]UHF[0xffffffba]!Kx$[0xffffff92]e[0xffffffa2][0xffffffbc][0x7f]o[0xffffffdb][0x8]A[0xffffffcb]9[0xffffff9a]I[0xffffffee][[0xffffffe6]}[0xffffffe9][[0xffffffe9][0xb][0xffffffc2]`[0xffffffc6][0xffffff83][0xffffffb6]y[0xffffffb2][0xffffffc6]@?p[0xffffffaf][0xffffffcf][0xffffffab][0xffffff9b][0xffffffa1][0xe][0xffffffc7]i[0xffffff8b][0xffffff96][0xffffffa7]T[0xffffffc2]\[0xffffffbe][0xe][0xffffffe6][0x7f][0xffffffe8]([0x17][0xffffffa4][0xffffffc6];[0xffffffe6][0xffffffaf][0xffffffca][0x6]p[0xffffffdd]nQy[0xffffffef][0xffffffd1][0xffffffd6][0xffffffaa]{[0xffffff8a][0xffffffca][0xfffffff7][0xffffff86]O[0xffffffd8]W=[0xffffffd0][0xffffffc6][0xffffffab]^[0xffffff81][0xffffffde][0xfffffff8]N{*[0xffffff91][0x1d][0xffffffc1][0xffffff83][0xffffffc4]h[0xffffffe1][0xffffff95][0xffffffae][0x1d][0xffffff8c][0xffffff90][0x16][0xffffff97][0x7f])p[0xffffffed][0xffffffbe][0xffffffd2]_[0xffffffce][0xffffffb9][0xffffffd9]0K[0xffffffde]x[0xffffffea]p[0xffffffb2][0xfffffff9][0xffffffe2][0xffffff93]FK5[0x1f]i[0xffffff8f][0xffffffc0][0xffffffc1][0xffffff9c][0x1b][0xffffffac]2[0xffffffcc][0xe][0x12][0xffffffd2]mWFUw[0xffffffc9]Vs'[0xffffffe9]C[0xe]n8[0xffffffb3][0xffffff90][0xffffffa1]]M[0xffffffd2][0xfffffffb]4[0xffffffa2],b[\r]i[0xffffffa2][0xffffffd8][0xffffffb0][0xffffff8c][0x7]o[0xffffffb3] [0xffffffee][0x12][0xffffffa7][0x13][0xffffff97][0xffffff83][0x1b][0xffffffce][0xc]mW[0xffffffd6][0xffffffa2][0xfffffffb][0xffffffe1]aqs[0xffffff94]@[0x12][0xffffffc7]XAw[0xfffffff7][0xffffffdb][0xffffffe1][0xb][0xffffffa6]2[0xfffffff6][0xffffffbc]^[0xffffffd3][0xffffffb2]j4[0xffffff9a][0xffffffa2][0xfffffff1][0xffffffe9][0xffffff98]<[0xffffffaf]6[0x1f]{NM[0xffffff8c][0xffffffb3][0x6][0xf][0xffffff93][0xffffffd9][0xfffffff5][0xffffffa8]hao[0xffffffbe]l[0x1c][0xffffffb3][0xffffffb1]S[0xffffff95] [0xfffffff8][0xffffffc3][0x1d]8O[0x1][0x1e][0xffffff84][0xffffffad]J[0xffffffaf][0xffffffdb]3[0xffffff9e][0x12]q[0xffffff9b]([0xffffffc7]`[0x7f][0xffffffbe]^7[0xffffffe0]U[0xfffffff2][0x5][0xffffffa3][0xffffffb2][0xffffffd7]Gu<[0xffffffc4][0xc]qodZ[0xffffffce] [0xffffffd3]4HF[0xffffffb2][0xffffff8d]vg[0x6][0xffffff9c][0xffffffa2][0xffffff84]yAz[0xffffffe8]=[0xffffffed]3[0xffffffac][0xfffffffe]-[0xffffffd5][0x1f][0xf]E[0xffffffa1][0xffffffa2][0xffffff80][0xffffffb6][\n]"
09:46:43.528 [main] DEBUG com.github.dockerjava.zerodep.shaded.org.apache.hc.client5.http.wire -- http-outgoing-2 << "[0xffffffe4]h]*[0xffffff9d][0xffffffed][0x18]{[0xffffff90][0xffffffa0][0xffffffff][0xffffffa7]zY[0xffffffd2]!y[0xffffffb0]N[0xffffff9d][0xffffffe6][0xffffffc2][0xfffffff0] 8[0xfffffffc][0xfffffffc][0xffffffb4])[0xffffffc4]Lx[0x2]r[\n]"
09:46:43.528 [main] DEBUG com.github.dockerjava.zerodep.shaded.org.apache.hc.client5.http.wire -- http-outgoing-2 << "[0xffffff8a]I?[0xffffff9e][0xffffff95]K[0xffffffad][0x10]g[0xffffff9f]ClSZC[0x17][0xffffff9d]y[0xffffff90][0xffffff81]F[0xffffffdc][0xfffffff8][0xffffffb5][0xffffffed][0x1f][0xffffffa1][0xffffffed][0xffffffb4][0xffffff80]L[0xfffffff3]a[0xfffffff0][0xffffffc5][0xffffffe5][0xffffff99]"[0x12]66[0xffffffe5][0xffffff8d][0x1d][0xfffffffb][0xffffffdb][0xffffff97][0xffffffa2][0xffffff8c][0xffffff92][0xffffff98]/[0xffffffdb]b([0xffffffb6]?[0xffffffc7]~[0xffffffe7]A[0xffffffd7][0x11]}[0x13][0x9]T[0x17][0xffffffa2][0xffffffc8]$[0xffffffd7][0xffffffd4]I[0xffffffb5][0xffffffa7][0xffffffe5]O[0xffffffe4][0xfffffff2]5[0xffffffca]o[0xffffffba]x[0xfffffff8]m[0xfffffff5]U[0xffffffab][0xffffff96][0xe][0xffffffd4][0xffffffee][0xffffff9c]Cp[0x4][\r][0xffffff89][0xffffffe2][0xffffff95]l[0x1f]6Fn]A[0xffffff84]"I[0x15][0x5][0xffffffd1][0xfffffff7][0xffffffc1]w[0xffffffb3][0xffffff86][0xffffffda]][0xc][0xfffffff3]8^[0xffffffa8]_([0xffffff99]?[0xfffffff6][0xffffffb0][0xffffff9f]m[0xffffff9f]R[0xffffffb8]v[0xfffffffe][0x17][0xffffff8c][0xffffffdc][0x0][0xffffff8d]LT>7[0xffffffeb][0xffffff94]}[0xffffffac]Oi[0xffffffd4][0xffffffe1][0xffffffc2][0xffffffb3]n[0xfffffff9][0x3][0xfffffff4][0xffffff81][0xffffffcf]/RD[0x14][0xfffffffa]O"k[0xffffffba]>[0xffffffa5][0x14][0xffffffcb][0xffffffd3][0xffffffbd][0xffffff9d][0xffffffca][0xffffffdc][0xffffffc9][0xffffffe8][0xe]K,[0xffffffa3][0x16][0xffffffa6][0xffffffe2]ep[0xffffff9a][0xffffff84]w[0xffffffc1][0xffffffb0][0xfffffffa]-[0xffffffda]"[0xffffff92];[0xffffffa5][0xffffffb1][0xffffffdc][0xffffffd7][0xffffffaa][0xfffffff3][0xffffffbb][0xffffff90]F[0xffffffaa][0xb][0x6][0xffffffd2]1[0xffffffc8][0xffffffa1]pN;\[0xfffffff9]}[0xffffff82]S[0xffffffe2][0xffffffea][0xffffff80][0xfffffffd]h[[0x8][0xc][0xffffffaf][0x12][0xffffffb3]#[0xffffff9a][0x19][0xffffff90][0xfffffff9]+[0xffffff9b],b[0xffffffef][0xffffff95][0xfffffff3][0xffffff89][0xffffff88]X[0xffffff8e][0xfffffff6][0xf][0xffffffb4][0xfffffff6][0xffffff8a]e[0xffffffbe][0xffffffb2][0xffffff85]0[0xffffff84][0xffffffde][0xffffffae]Z[0xfffffffa]z[0xffffffe2]3[0xffffffde]sx{6H[0xffffffa8][0xffffff9d][0xffffffab][0xffffff8e][0xe]ih[0xffffffa1][0xffffffda]G[0xffffffd2][0xffffffdb][0xffffffa1][0x1f][\n]"
09:46:43.529 [main] DEBUG com.github.dockerjava.zerodep.shaded.org.apache.hc.client5.http.wire -- http-outgoing-2 << "[0xffffffd4][0x10][0xffffff94][0xc]o[0xffffffdc][0xffffff93][0xfffffff6][0xffffffe5][0xffffff88]WD![0xffffff84]b[0xfffffff6][0xffffffb1][0x8][0xffffffc9]/[0xffffffbd][0xffffff93][0xffffffa8][0x17][0x14]P[0xffffff96][0xffffffe6][0xb]O[0xffffffab][0xffffff88][0xffffff95]B9[0xffffffc1]E[0xffffff99][0xfffffff4][0xffffffc0][0xffffff83][0x3]^V:[0xffffffac][0x16]m[0xffffffb5]A[0xffffffc3][0xffffff81][0xffffffa7]1[0xfffffff6]^[0xffffffd2][0x16][0xffffff89]<[0xfffffff5][0xffffffa8][0x16]j[0xffffffe7][0xffffffd3],][0xffffffb6][0xfffffffe]>4[0xffffffa3]([0xffffffeb][0xffffffe2][0x9][0xffffffc2]UO[0x14][0xffffffbc][0xffffffc8][0xffffffc8]Rsr[0xfffffffa][0xffffffcd]M'2[0xffffffad])>Y![0x7f][0xfffffff6][0xffffffcf][0xffffffaf][0x1f][0xffffffc5]c[0x19]U[0xffffffa8][0xfffffffd][0xffffff99][0xffffffb7][0xffffffe4][0xffffffa5][0x1c][0x15][0x19][0x1d][0xffffffc7]z[0xffffff9d][0xffffffb5]A[0xffffff8f][0xffffffd9][0xffffff9a](Z[0xffffff91][0xffffffde]G/[0xffffffa5][0xffffffbb]#[0xffffffc1][0xffffff86][0xffffffb5][0xffffffc7]T[0xffffffe9]l[0x6]E2[[0xffffff9c][0xffffffb1][0x17][0xffffffc8]ci;[0xffffffd2][0xfffffff4][0xffffffeb]I[0xffffffc6]}[0xffffffcd][0xffffffaf][0xffffffe0]`X[0x8][0xffffff86][0xffffffa7]Sm[0xfffffff1][0x18][0xffffff98]v[0xfffffff1]ERn[0xffffffbf][0xffffffdf][0xffffffb9]}[0xfffffffe][0xffffffc8][0xffffffec][0x4],[0x1c][0x13][0xffffff8d]{[0xffffffa8][0xfffffff9][0xffffffc5]@[0xffffffdc][0xffffffd6][0xffffffab][0x13]r[0xffffffe9][0xfffffff0]gU[0xfffffffc]D[0xfffffff7][0xffffffb5][0xffffffa7][0xfffffffd]J[0x13][0x18][0xfffffff9][0xffffff84][0x9][0xffffffc3][0xffffff99][0xffffffc7][0xffffff94][0xffffffbe][0xffffffc0][0xf][0xffffffd9][0xffffffab][0x17][0xffffffe7][0xffffffa3]k[0xffffffd9]nI[0xffffff95][0xffffffa6][0xffffff8c]j[0x5][0xffffff8d],C[0xffffffa5]p[0xffffffdb]F[0xffffffc2][0xffffff84][0xffffffda][1[0xffffffe8]X0b(+[0xffffffc5][0xffffff83]X[0xffffffdf][0x4];i[0xffffffb5][0x0][0xffffffff]{#[0xffffff8f][0xffffffc6][0xfffffff7]g[0x12]H[0xffffff99]dAd[0xffffffa0][0xffffffff]<[0xffffffea][0xffffffe9]:7R[0xffffffb0]c[0x17][0xffffffee][0xffffffec][0xffffffc0][0xffffff8d][0xffffffe1]h[0xffffffce][0x16][0xffffffca][0xffffff81][0xffffffe2][0xffffffb2][0xffffffed][0xfffffff4][0xfffffff5][0xffffffe1][0xffffffd6][0xffffffde][0xffffff9d]^[0xffffff9c][0x9][0xc]8[0xe][0xfffffff5][0xffffff96]@[0xfffffff9]=I[0x1f][0xffffffbe][0xffffffd5][0xffffffe3][0xffffffd5][0xffffffb3][0xffffffbe]MfM[0xffffffe1][0xffffffb8]:[0xffffffb3]AG[0xffffffb2][0xffffffbf][0xffffffba]{\[0xffffffb5]%[0xffffffc4]a[0xffffff8b]eL[0xb][0xffffff9f][0xffffffc1][0xffffffed]s[0xffffff91][0x13][0xffffffea][0xffffffeb]r[0xffffff9d]|[0xffffffd2]P[0xffffffe2][0x11]x[0xfffffff7][0x1a][0xfffffff6][0xffffff8e]So[0xffffffed]Q[0xffffffcb][0xffffff8f][0xffffffe2][0xffffffc7]U[0x13][0xffffff9a][0xfffffff2][0xfffffff9][0xffffffc6][0xffffffcb]!,[0x7][0xffffffdc][0x11][0xffffffbc][0xffffffb9][0xfffffff0][0xffffff9e][0x1d][0xffffffd8][0xffffff82][0xffffffcb][0xffffffc1][0xfffffff5][0xfffffffe][0xfffffff8][0xffffffbd][0xffffffe6]%[0x2]x[0xfffffff2]e[0xffffffd7]Z[0x1a](gs[0xffffffb4]v'4b[0x8][0x1][0xfffffff2]!-[0xffffffc7]Y>2N{v[0xfffffffb]z[0xffffffc7][0xffffffee][0xffffffbb][0xffffff83]3"[0xfffffff8][0x12][0xfffffff8][0xffffffea][0xffffffe0][0xffffffde]3|[0xffffffab]B[0x1a][0xffffff9a][0xffffff9b][0xffffff97][0xffffffcb][0xffffff9f][0xffffffc5][0xffffffa2]j[0xfffffffb][0xffffffb3][0xffffff93][\r][0xffffff8a][0xffffff8d]p[0xfffffffd]![0xffffff8e][0x14][0xffffff99][\n]"
09:46:43.529 [main] DEBUG com.github.dockerjava.zerodep.shaded.org.apache.hc.client5.http.wire -- http-outgoing-2 << "[0xffffffb8][0xffffffef][0xffffffaf][0xffffffcb]X[0xfffffffc]67[0xffffffc8][0xffffff9f]q[0xffffffb9][0xffffffd3][0x1e]ay([0xffffff9c][0xffffffb8][0xffffffe1][0x19][0xffffffad][0xffffffe1][0xffffffa2]9[0xffffffe6]'s[0xffffff93][0xfffffff9]4[0x3]g[0xffffffd3][0xffffff9d]6[0xffffff86][0xffffffe6]y1[0xffffffc8][0xffffffea]"[0xffffff9f][0x11][0x11][0xffffffdd][0xffffffbc] [0xffffff85][0xffffff99]e[0xffffffaf][0xffffff8b][0x13]e[0xffffffc1][0xffffffb3]I[0xffffff94][0xffffffc5][0xffffffbb][0xb][0xffffffd9]t[0xffffff84]i[0xffffff92]2[0xffffffd6]![0xffffffdc]C[0xfffffff1]Jr[0xffffff98][0xffffffb1][0xffffffd9][0xffffff8f][0xffffff82]O[0x7f]h[0xffffff8c][0xffffffe8]"[0xffffff88][0x10][0xffffffb2][0xffffffa1][0x19]!a[\n]"
09:46:43.529 [main] DEBUG com.github.dockerjava.zerodep.shaded.org.apache.hc.client5.http.wire -- http-outgoing-2 << "f[0xfffffff4][0xffffffaf]B[0xfffffff2][0xfffffff5]][0xffffffc5][0xfffffff4][0xffffffe4]w[0xfffffff3][0xffffffc4][0xfffffff1][0xffffffb6][0xffffffac][0xffffffc1][0x7f]9X>[0x14][0xffffffc8]x[0xffffffcf]*N[0xffffffbf][0xffffffeb][0xffffffe4]*[0xfffffff5]Lt[0xffffffcb]o[0xffffffd5][0xffffffde][0xffffffb7][0xffffffbb][0xffffffa5][0xffffffdc][0xffffff87]zB[0xffffffd9]X[ep[0xffffffb4][0xffffffb7][0xffffffc4][0xffffffb7]c[0xffffff94][0xffffff8f][0xffffffdc][0xfffffff3][0xffffffe1]F[0x7f][0xfffffffa]k'[0xffffffa4][0xffffffb2][0xffffff83][0xffffffac][0x6][0xffffff92]E[0x2]_[0xffffffd8][0xffffffe7]Jn[0xffffffb1][0xffffffe6][0xffffffbd][0xffffffcd][0xffffff9a][0xffffffcd][0xffffff95]fU2[0xffffff8f][0xffffffba][0xffffffd6][0xffffff8c][0xffffffaf][0xffffffed]g[0xfffffff6]d+[0xffffff9e][0xffffffaf]i][0xffffffad][0xffffffca][[0xffffffba]r[0xffffffdc][0xffffffe1]mrV[0xfffffffd][0xffffffc8][0xffffffd1]p[0xffffffb0][0x13]t[0xffffffa4][0xffffffcc]"(9xD[0xffffffb7][0x16][0xffffffc9][0xffffff87]'l[0xffffff86][0x14][0x9][0xffffffe6][0xffffffae]M[0xffffffd0][0xffffff95][0x11][0x7f][0x1d][0xffffffcc][0xfffffff8][0xffffffde][0xffffffad]o[0xffffffb3][0xffffffe9][0xfffffffb][0xffffffa4][0x7f][0xfffffffb][0xffffffe5][0x16]b[0xffffffd9][0xffffff9e]4[0xffffffab]B[0xffffffe1][0xffffffb6]FK[0xffffffda]Q[0x6]d[0xfffffffc][0xffffff8e][0xffffffa6]&f[0xffffffc6]8.[0xffffff83][\r]K[0xffffffc2][0xffffffdc]!Qa[0xffffffb3][0xffffff99][0xffffffb9][0xffffffcb][0xffffffbe]([0x9][0xffffffd1]I[0x5]Q[0xffffffe8][0xffffffe7][0xffffffb9][0xffffffc0]{[0x6][0xffffffe5]$4Y[0x19]]d[0x16][0xffffffa6][0xffffffd0][0x1]E[0xffffffca]j'[0xffffffc8]pU;[0xffffffc4][0xffffffb3]6[0xffffffdb]<[0xffffffd0][0xffffff9d]IQ:F$x[0xffffffd1][0xffffffd7][0x17][0xffffffd3]&&[0x14]E[0xfffffff6][0xffffff9b][0xb][0x11][0x7f]zq[0xfffffffd]X![0x18]R[0xffffffeb]L[0x1d]9^ [0xffffff86][0xffffff87][0xffffff9b][0xffffffe8][0xffffffc9][0xffffffea]7[0xffffffba][0xfffffffd][0xffffffea]:[0xffffffa3]}[0xffffffa9][0xffffffaa][0x2][0xffffff93][0xffffffb6][\r][0xffffffb1][0xffffff9f]{[0xffffffa2][0x3]4[0x15][0xffffffd3][0xf][0x1e][0xfffffff7][0xffffffb0][0xfffffffd]t[0xffffffb6][0xe]#[0xffffffa6][0xffffff83]6[0x1b]/[\n]"
09:46:43.529 [main] DEBUG com.github.dockerjava.zerodep.shaded.org.apache.hc.client5.http.wire -- http-outgoing-2 << "5[0xffffffda][0xffffffe8][0xfffffff6][0xffffff93][0xffffff93]wHzoj#A[0xffffffd2][0x15][0xffffffd3][0xffffffa6]qz[0x1f][0xffffffdd][0xffffff86][0xffffffae][0x3]/*][0xffffffd1][0xffffff94]"dN5[0xffffffed][0xffffffef]ojZ[0xffffffbb]E[0xfffffff8]}\>[0xffffffe3]9'[0xfffffffe][0x12][0xffffff94][0x1d][0xffffffc0][0x12][0xffffffc4][0xffffffef][0xffffffe6][0xffffffff]<*[0xffffffec][0xfffffff8][0x1c][0xffffffbe][0xffffffed][0x8][0xffffffef]er@[0xffffffff][0xffffffc3][0xfffffff4][0xffffff80][0xffffff9c][0xffffffdd]I[0xffffffc1][0xfffffff7][0xffffffd6][0xffffffbb][0xffffffc8][0x5]i[0xffffffc5][0xffffffad][0xfffffffa]XTV[0xffffff8c][0x7f][0xffffffed]K[0xfffffff6][0xfffffff3]e[0xb][0xffffff84][0xffffffc0][0xffffffcc][0xffffffd0][0x1f][0xffffff83][0xffffff81]~[0xffffffcf][0xfffffff8][0xffffffd6]4[0x8][0xfffffff9][0xffffffc5][0xffffff84][0xffffff9c][0xffffff99]_[0xffffffca][0xffffff8a][0xffffffe6][0xffffffd3][0xffffffb4][0xffffffd9][0xffffffb2][0xffffffc1][0xffffffb6][0xffffffeb]{[0xffffffdc][0xffffff90]m[0xffffffbd][0xffffffcf]K[0xffffff98][0x10]V_J[0xffffffa7](D[0xffffffc4]l[0xffffffb6][0xffffffbd]z[0x7]Y[0xffffff98][0xffffffd6]L[0xffffff98]8[0x8]{8[0xffffffc9][0x4]sv[0xffffffe3]$$dp[0xffffffec][0xffffffd2][0xffffffd2][0x12]3F[0x16]E[0xffffffcf]1[0xffffffdd][0x6]1i[0xfffffff3][0xffffffe7][0xffffff98]*[0xfffffffd];+B[0xffffffa5]k[0xffffff9c][0xffffff9e][0x11][0xffffffe3][0x18][0xffffffbf][0xffffffaf]6o[0x8][0xffffffbb]4[0xffffffd5][0xe][0xffffff90]h[0x1d]}#[0xffffffc3][0xb][0xffffffc9][0xffffffc5]r[0xffffffaf].v[0xffffff95](Wk[0xffffff8d][0xffffffa3]n8S[0xffffffe1][0x0][0xfffffff5]DV[0xffffffbd]"[0x8]a[0x1c]'[0xffffffc1]h[0xffffff95]_[0xffffff93][0xffffffb1][0xffffff8f]<9[0x1b]M[0xffffffc1][0xffffffb3][0xffffffdc][0xffffff9f][0xfffffffc][0xffffffae][0xffffffd6][0xffffffb6]s%%h [0x1f]u[0xffffff88][0x15][0xffffffff]-[0xffffffda]$[0xffffff83]J[0xffffffb1]5mB[0xffffff85][0xffffffdd]=!:x[0x4]g[0xffffffd7][0xffffffe3][0xffffff8d][0xffffffb6][0xffffff84]W)[0xffffff97][0xffffffa1][0xffffffe6][0xffffffee]G[0xffffffab],[0xffffffba][0x1c]f1|[0xffffff82]W[0xffffffb1][0xffffffc4][0xffffffcc]:#[0xfffffff8][0x18]BE[0xffffff98][0x1a][0xffffff8a][0xffffff8f]dS[0xffffff96][0xffffffae][0x13][0xffffffdd][0xffffffeb][0xffffffd5][0xffffffa3][0x7][0xffffffb1][0xffffffba]c[0xffffffee]S[0xfffffff3][0xffffff83][0xffffffd8][0xffffffcf][0x17][0xffffffb9]![0xe][0xffffff98][0xffffffb3]|B!}U[0x9][0xffffffcf][0xffffffa4];9[0xffffffde][0xffffffdf][0xffffff8e]Om[0xfffffffa]e[0xffffffab][0xffffffb7][0xffffff9b][0xffffff87][0xffffffb4][0xffffff90].J[0x14][0xffffff90]~'c[0xffffff9f][0xffffffa7][0xffffffac][0xffffffcc][0xffffffa1][0xffffffca][0xffffff88]3[0x18]0~p[0x16]?`[0xffffff83]6e[0xfffffffa][0xfffffff3]j,C[0xffffff98][0xfffffff6]-[0xfffffff5]F[0xffffffee][0xfffffff2]w[0x17][0xffffff87][0xffffffb9][0xffffffce]b[0xffffffec](a,g[0x2],[0x1e][0xb][0xffffffbd][0xffffff90][0xffffff9e][0xffffffae]0&k@[0xffffffbf][0xffffffb1][0xffffff9a]8[0xffffff8a][0xffffff92][0xfffffff0][0xffffff96][0xffffffa1][0xfffffffe][0xffffffa1][0xffffffbf][0xffffffae][0x1a][0xffffffe3][0xffffffc4][0xfffffff2][0xffffff97]T[0xffffff8c][0xffffffa7][0xffffff90][0xffffffb7][0xfffffff3]c[0xffffff8e]^[0xfffffffd][0xffffffc0][0x6]%[0xffffffe1][0xfffffff7]`[0xfffffffa][0x1c][0xffffff9d]T/[0x19][0xffffffd3]][0x13][0xffffff8b][0xffffffd1][0xffffffea]_[0xffffff84][0x1d][0xffffffe9][0xffffffb8][0x1e] [0xfffffff5]'[0xfffffffa][0xfffffff3][0xffffffdc]Y[0xffffffc7][0x3][0xffffffaf][0xffffffd9][0xffffff9c]J[0xffffffa2][0xffffffe1][0xffffff95][0xffffffc5][0x1c][0xffffffc2]Z)[0xffffffea][0x6]c([0xffffff92][0xfffffff1][0xfffffff3]kxq[0xffffffe5][0x3]S[0xffffffde][0xffffff8b]{C[0xfffffffc][0xffffffee][0xffffffcc][0xffffffde]K[0xffffffc4]G[0xffffffce][0xffffffc2][0xfffffff3][0xffffffa3][0xffffffe1])[0x1a][0xffffff9c][0xf]hA[0xffffffd5][0x2]j[0xffffff80]:[0xfffffff2][0xffffffa5]Fk0[0xffffff83]Ce)[0xffffffdc][0xffffffea]o{[0xfffffff9][0xffffffe6][0xffffffbe]V[0xffffffa1][0xffffffed][0xfffffff9][0xffffffaf][0xffffff8a]x[0xffffffd8][0xfffffff0][0xffffffdd][0xffffffd2][0xfffffff2]9[0x8][0xffffffaf][0xffffff99]F[0xffffffab]g-[0x10][0xffffffab][0xffffffd5][0xffffffb1]<[0xb][0xffffffa3][0xffffff93]u[0xffffffee][0xffffffdc]vR[0xffffff84]tI[0xffffffa6]&[0xffffffc6][0xffffffa0]`K[0xffffffbb]cja[0xffffffdb][0xffffffc4]}[0xfffffffd]M[0x11][0xffffffa5][0xffffff86][0xffffff96]8[0xffffff9b][0xffffffc9][0xffffffe5][0xffffff92][0xffffffed][0xffffffc3][[0xffffffc8]d[0xffffff9d][0xffffffe5]H[0xffffff88][0xffffffa7][0xffffffb3]v{n[0x13][0xffffffc2]l[0xffffffcc]([0xffffffa4][0x18]u[0xffffffb3]^q[0xfffffff1][0x0][0xffffff8f]<}[0x0][0x11][0xffffffe6]L#[0xfffffff3][0x4]&[[0xffffff89]3[0xffffff9b][0xffffffb1]y[0xffffff8a]c[0x6][0xffffffd4]CJp[0xffffffea][0xffffffec][0xffffff89]Ff[0xffffff88]o05G[0x19]v[0xffffff96][0xfffffff2][0xffffffb6][0xffffffa5][0xffffffa1][0xffffffb9]E[0xffffff81]s[0xffffffe3]i[0xffffffa2]JtML[0xffffffd0]p[0xffffffd6]([0xffffff98][0xffffffc8]#[0xffffffa4]~[0xffffffdf][0x13][0x7f]`[0xfffffffd]=[0xffffffd5][0x10][0xffffffbc][0xb][0xfffffff8][0x1b][0xffffff99][0xffffff91][0xffffff9c][0x13]V[0xffffffd4]5[0xffffff84][0xfffffff3][0xffffff95]/[0xffffff98][0xffffffa7]ht[0xfffffff1][0xffffffa8][0xffffff8d][0xffffff97][0xffffffbf][0xfffffff9][0xffffffd4]0[0xffffffff]6L[0xffffffeb]*n[0x12][0xffffffff][0x15][0xffffffac]XL[0xffffff8b][0xffffffa7]m[0xffffff8a]'+[0xffffffce]X[0xffffffaf][0x0][0xffffffcc][0xffffffe7][0xfffffff9]i"[0xffffff92][0x1e]8[0xffffffca][0xffffffab][0xffffffb7][0xffffffde]q;o[0xffffffbb][0xffffffc0][0xffffffdd][0xffffff93][0xfffffff0][0xffffffe9][0xffffffb6][0xffffffdb]&[0xffffffc1][0xffffffe3][0xffffffc9][0xffffffd1]K[0xffffffff][0xffffffea]SX[0xffffff87][0xffffffc3]q[0xffffffd6]qg[0xffffffc2]o[0xffffff81]a[0xffffff9d]DV[0xffffff99][0x16]+[0xffffffcb][0xffffff88][0xffffffe7]F[0xffffff87][0xffffffcf]#[0xffffffd2]qy[0x6]'[0xffffff9b][0xfffffff1][0xb][0xfffffff2][0xffffffaf][0xffffffcd]n[0xb][0xffffffd3][0x8][0xffffff81][0xffffff91][0xffffffd1][0xffffffd2]j[0xffffffde][0xffffff95][0xffffff9f][0xffffffd4]O[0xffffffa7]GW[0xffffff81][0xfffffff7][0xffffffcd]2[0xffffff8a][0xffffffdb][0x1a][0xffffff8e][0x16]6e[0xffffff9a][0xffffffa3][0xffffffbe][0xffffffbe]q[0xfffffffe]E[0xffffffbf][0x19][0xffffffb4]|[0xffffffd2][0x13]:wF[0xffffffd8]e[0xffffffb6][0xffffff94]2[0xffffff87]h[0xffffffb8][0xffffffd5]*J/[0xffffffc6][\n]"
09:46:43.530 [main] DEBUG com.github.dockerjava.zerodep.shaded.org.apache.hc.client5.http.wire -- http-outgoing-2 << "[0xfffffff9][0xffffffc4]=L+[0xffffffd2][0xffffffc7]W N[0xffffffc7]7[0x1b][0xffffffb2]4[0xffffffd0][0xffffffb2][0xfffffff2][0x9][0x1b][0xffffffc6][0xffffff91][0xffffffd7]|Nw[0xffffff8e][0xffffffee]3[0x1a]@[0x5]=%ai[0xfffffff5][0xffffff84]i[0xffffffbd]Z:[0xffffff8c][0xffffffa3][0xffffff88][0xffffffc9][0x3],[0xfffffff8][0xffffffb9][0xffffff9a]c8[0xffffff9f]k[0xffffffba][0xffffffeb]kU6[0xffffff90]`[0xffffffe5]G[0xffffffab]ib[0xffffff82]d[0xffffffa3][0xffffffbe][0xffffff91][\n]"
09:46:43.530 [main] DEBUG com.github.dockerjava.zerodep.shaded.org.apache.hc.client5.http.wire -- http-outgoing-2 << "[0xffffff81][0xffffffc8][0x16][0xffffffe7]j[0xfffffffb][0xffffffaf][\r][0xffffff8f]_[0xfffffffd][0xffffffbe][0xffffffde][0xffffffcf]dNj[0xffffffaf]|[0xffffffa4]G[0xffffff8b][0xfffffff4][0xffffffdf]8[0xfffffffd]s[0xffffff9e][0xfffffff0]'%[0xffffffbd][0xffffff81][0xffffffbb][0xffffff99][0xffffffc6][0xffffffa8]Z[0xffffffba]G[0xffffff90][0xffffffac][0xfffffff5][0xffffffee][0xffffffa7][0xffffffd3]BYz[0x8]G[0x3][0xffffff95][0xffffffac][0xffffffa4]~[0xffffff81]P[0xfffffff1][0x1c]'[0xffffffa5]2[0xffffff9e]4[0xb].[0xffffffa1]r[0x0]ZK[0x15][0xffffff9d][0xffffff88][0xffffff80][0xffffff9f][0xfffffff1][0xffffffd8]v[0xfffffff0][0xffffffe6][0xffffffe6][0xffffffea]l[0xffffff97]"][0xffffffa1][0xffffffe1]1[0xffffffc7][0xffffffec][0xffffffde]w[0xffffffa6]![0xffffffe5][0xffffffc0][0xffffffc0][0xffffffc6][a[0xffffff8c]$[0xfffffffc][0xffffff9c][m[0xffffffad][0x0][0xfffffff1]m[0xffffffcf][0xffffffcc][0x10]/d[0xffffffbc]y[0xffffffd5][0x11]o[B[0x1a]6[0xffffffab]=[0x14][0xffffffa4][0xffffffb1][\r]\[0xffffffcc][0xfffffff6][0xfffffff4]j[0xffffffaa]y[0xfffffff8]dmH[0xffffff9d]z\[0xffffffae]u[0xffffffeb]-[0xffffffc2]|[0xffffffd6][0xffffffd1][0xffffffde][0xffffff98][0xffffffa8]/[0xffffffd0][0x7][0xffffffca][0xfffffff7]{[0xffffffd9][0x3][0x7f]$#[0xffffffe1][\r][0x1b][0xffffffe2][0xfffffff6]i[0xffffffdc][0xffffffd0][0xfffffff5][0xffffffcc]uB[m[0x17]C. [0xffffffd8][0xffffff8a]~[0xffffffb9]{,>[0xffffffc0][0xffffff87][0xffffffb7][0xffffff8a][0xc][0xffffffc0][0xffffffe8][0xfffffff6]3[0xffffffa2][0xffffffc6][0xffffffa6]5[0x7][0x5]R'[0xffffffae][0xffffff99][0xffffff8d]DP-5[0xfffffffa][0xffffffec][0xffffffea]t[0xffffffb4]:\[0x4]c[0xe][0xffffffc6][0xc][0xffffffe7]/=[0xffffffc4][0xffffffb0][0xffffffc2]i[0x15][0xffffffe9][0xffffffcd][0xffffffdb]<[0x12][0xfffffff8][0xfffffff1]aIE[0x16]We[0xc][0xffffffc2][0xfffffff2][0x3][0xffffffdc]?[0x17]1F[0xffffffd2][[0xffffffd4][0xffffff9d][0xffffffc9][0xffffffd6][0xffffffa1]-[0xffffff93]g^1$1[0xffffff92][0xffffffa6][0xfffffffd]}~[0xffffffc7]l/[0xffffffe7][0xffffffd2]mJq[0xffffffea]J[0xffffffef][0xffffffdc]`[0xffffffe6][0xffffffaf][0xffffffb2][0xffffff8b][0xffffffad][0xffffffa2]:[0xffffff97]v[0xfffffff9][0xffffff88]FU[0xffffffc2][0xffffffdf][0xffffff8a][0xf]U{[0xffffffe6][0xffffff8d][0x1c][0xffffffc4][0xffffff88][0xffffffc2]E^[0xffffffd9][0xffffff8e]|[0xffffffcf][0xffffff8f]v[0xffffffd1]U[0xffffffda]B[0x14][0xffffffe1][0xffffff89][0xffffffda][0xffffffc2]E[0xffffff8e][0xffffffe9]:[0x5]r[0xffffffcc][0xfffffffa]R[0xb]6?[0xffffffeb][0xffffffb9]nwO/[0xffffffe6][0xffffffcb][0xffffffd3][0xffffff97]g[0xffffffa7][0xe]p[0xffffffc6]/[0xffffffb2][0xffffffe4][0xffffffec][0xffffffce][0x7f]Yu[0xffffffc1][0xffffffe0]Z[0x2][0xffffff9b][0x3]T1[0x1f]An[0xffffffca]i[0xffffffa4]`[0xffffffde][0xffffffa1][0xffffffb9][0xffffffcb][0xffffffc5]'[0x1d][0xffffffb0]-[0xffffffbf]l[0xffffff9c][0xffffff93][0xffffffbe][0x11][0xffffffa0][0xfffffff9][0x18][0xffffffb7]8Ij[0xffffffe2][0xffffffdf][\n]"
09:46:43.531 [main] DEBUG com.github.dockerjava.zerodep.shaded.org.apache.hc.client5.http.wire -- http-outgoing-2 << "[0xffffff94][0xfffffff3][0xffffffe3][0xffffffda][0xfffffffd][0xffffff92][0x15][0xffffffb8][0x10][0xffffffad][0xffffffca][0xffffffc2][0xffffffba][0xffffffe7]j$[0xffffffc2],[0xffffff98][0xffffff99]&[0x1f]%[0xffffffac][0xffffffdf][0xffffffd9][0xffffffd6][0xfffffffe] [0xfffffffd]"F[0xfffffff3]B[0xffffffbd][0xffffffc5]6[0xffffffd2][0xfffffffc]LA[0xffffffd3][0x4]C[0xffffffdb][0xffffffcc][0xfffffff7]8O>[0x16][0xffffffa9][0xffffffe6]b[0x4]w[0x1b]`U[0xffffffcb][0xffffffad][0xffffff80][0xffffff90]7[0xffffffe2][0xffffffad][0xffffff9c][0x13][0x1d]F[0xffffffec][0xffffffea][0xffffffc8][0xfffffff0][0xffffffda][0xffffffe1][0xffffffe8]V[0xffffffac][0xfffffff6][0xffffffb1][0xffffffaa][0xffffffaa][0xffffff9a][0xffffffc8][0xffffffef][0x13]MX[0x1c][0xfffffffe][0x2]-y=[0xffffff91][0xffffffdc][0xffffff85][0xfffffff4][0xffffffcc][0xffffffc2][0xfffffff0]bC[0xfffffff6][0x1d][0xffffffb6][[0xffffffe7][0xffffffdc][0x2][0xffffffa7][0xffffff9d][0xffffffe6]^[0x14][0xffffffc0][0xffffff95][0xffffffd0][0xffffffa0]'[0xffffffb9][0xffffffb2][0x1c]_\[0x1b]p[0xffffffc8][0xffffffc9][0xffffffdf][0xffffffb7][0x10][0x1f][0xfffffffc]A[0xffffffd9][0x1f]4[0xffffffe6][0x3]e\[0xffffff98][0xfffffff4][0xffffffa3]AG[0xfffffffe];[0x18]$[0xffffffab][0xffffffba]j[0xffffffc8][0xffffffa0][0xffffffa3]&[0xffffff96][0x15][0xffffffeb]'[0x15]"[0xffffffee]N[0xffffff95][0xffffff90][0xffffff8b][0xfffffff9][0xffffff91][0x10]G[0xffffffee][0x1c][0x7f][0xffffffbd]Oy}[0xfffffff6][0xf]J[0xffffffb8][0xffffff92]j[0xffffffba][0x17]g[0xffffffdf][0xffffffc8]>[0xfffffff2][0xffffff96][0xffffffd2][0xffffffa6][0xfffffff2][0xfffffff6][0xffffffc2][0xfffffffb][0xffffffac]P[0xffffffb8]{a[0xffffffd4]Z[0xffffffa9][0x19]EH[0xffffffb0]R[0x1][0xffffffcd]A[0xffffffaa][0x1e]r[0xffffff8a]P[0xffffffc4]-[0xffffffa2][0xffffff8c][0x13][0xffffff8e][0xffffffe8]>[0x9]v[0xffffffe9][0xffffff8b][0x12][0xffffffcf][0xffffffb9][0xffffffbe][0xffffffed][0xffffff8c][0xffffff93]C[0xffffffbe]v[0x17]f[0x15]e[0xffffffd3][0xffffffab][0xffffffea][0xffffffb0][0xffffff8c]([0x10][0xffffff8e][0x1a][0x5][0xffffff94][0xffffffb0][0xffffff9a]n>(][0x4][0xffffffd8]W[0xffffffd6]O,[0xffffffe0][0xffffffeb]@QW[0xffffffb6]O[0xffffffcc][0xffffffdc]P[0xfffffff1][0x2][0xffffffe5] i[0xffffffa7][0x17]_[0x1e]=[0xffffffcb][0xffffffd7][0xffffffc4]9\3+\[0x15][0xffffff93][0xffffffa6][0x8][0xffffff9e]BSe^[0xffffffbd][0xffffffe3]-[0x19]n=[0xffffffb9]B[0xfffffff2][0xffffffc3][0xffffff89][0xffffffc4][0x3]*Kg{;[0xc][0x6]G[0xfffffff8][0xffffff8d][0xffffffa9]pu%lZ[0x1a]D[0x1f]X[0xffffffa0]{f[0xffffff8c][0xffffffb0]G[0xffffff8b][0x5]!M[0xf](a@D5[0xffffffd2]\[0xffffffff][0xffffffde][0xffffffe3][0xffffffbb]*[0xfffffffe]c&,|\[0x0][0x7f]j{G`[0xffffff94]2[0xffffffe5]W[0x14]'6[0x1f][0xfffffff3]Q[0x4]wTe"Mq[0xffffffc9][0xffffffa4]6[0xffffffa6]{[0xffffffce]D[0xb][0x12][0xffffff99][0xffffff9e][0xffffff82][0xffffffaf]y[0xffffffef][0xffffffaa]![0xffffffe7][0x5]h[0xffffff8e][0x1a]h[0xffffffe4]o[0xffffffab][0xffffffa0]+[0xffffffa4]=Z[0xffffff96][0xffffffca][0xffffffd6][0xffffffbe][\n]"
09:46:43.534 [main] DEBUG com.github.dockerjava.zerodep.shaded.org.apache.hc.client5.http.wire -- http-outgoing-2 << "Z[0xffffffca][0x1a][0xffffffe9][[0xffffffb0]v[0xffffff81][0xffffff89]~Z[0xfffffff1][0xffffffcf][0xffffffa9][0xfffffff7],[0x8]:^[0xffffff9c][0xffffff96]%q[0x15][0xffffffba]G\6[0x1a][0xffffffc5]:[0xffffff91][0xe][0xffffffc1]4[0xffffffe0][0xfffffff6]a5)[0xe]][0xffffffdf][0x14]Kt[0xffffffb0]p[0xffffff82][0xffffffe4][0xffffff8c][0xfffffff5][0xfffffff6][0xffffffc6][0x15][0xfffffffd][0xfffffffc][0xffffff92][0xffffffbb]0&v[0xfffffff2][0xffffffa7][0xffffffb4][0xffffff80]o[0xffffffd8][0xffffffef][0xffffffcd][0xffffffe5][0x11][0xffffffbe][0xffffffe7]W8[0xffffff9b][0x1f][0x1b][0xffffff90][0x7f][0x1e][0xffffff99]9[0xfffffff9]dH[0xffffffd9][0xffffffe2][0xffffffd5]G8[0xffffffdd][0xfffffff7][0xffffffb8]Y[0xb] !^[0xffffffe5]{[0xffffff92][0xffffff9c][0xffffffc8]4[0xffffff9a]~[0xffffff88][0xffffffcf][0xffffffa1][0xfffffff3][0xffffffd2][0xffffffe0][\r]}[0xffffffc3][0xffffff85][0xffffff91][\n]"
09:46:43.535 [main] DEBUG com.github.dockerjava.zerodep.shaded.org.apache.hc.client5.http.wire -- http-outgoing-2 << ")[0x1][0x1]1[0xfffffff7][0xffffff99]p<[0xffffffcc][0xffffff89][0xffffff9a][0xffffffc8]]9K[0xffffffbb][0xffffffb0][0xfffffff5][0xffffffcb]l6[0xffffffe0][0x14][0xffffffe5][0xffffff93]B[0x1f]b[0xffffffd9]_[0xffffff81][0xffffffea][0xffffffdd]5[0xffffff97][0xffffffae]F[0xffffff81][\n]"
09:46:43.536 [main] DEBUG com.github.dockerjava.zerodep.shaded.org.apache.hc.client5.http.wire -- http-outgoing-2 << "[0xffffffa5]N:I[0xffffffea][0xffffffb6]+n[0xffffff95][[0x4]E[0xffffffd7]I[0xffffff90]j[0xffffffe1][0xffffff80][0xffffffe6][0xffffffc0][0xffffffc7][0xffffffd4]d![0xffffffe3][0xfffffff7]?!m[0x15][0xffffffe9]O[0xffffff93]V/[0xffffffeb]3[0xffffffac][0xffffffb3][0x7][0xf][0xffffffaf][0x1e][0x16]Q[0xffffffe7][0xfffffff3]1k[0xfffffff5]\[0x5][0x17][0x1b]GUUR[0xffffffa5][0x18][0xfffffff1] [0x1d][0xffffffc4][0xffffff90][0xffffffe2][0xffffffba][0xffffffb8][0xffffffb5]+G[0x1e][0x1c][0x13]jy[0xffffffb5][0xffffffc8].[0xffffff98]-Za[0x18][0xffffffb1]E[0xffffffed][0xffffffa9]YF[0xffffffaf][0x14]I=tl+}[0xffffffbf]Z<[\n]"
09:46:43.536 [main] DEBUG com.github.dockerjava.zerodep.shaded.org.apache.hc.client5.http.wire -- http-outgoing-2 << "<[0xffffffe9][0x7][0xffffff9d]A[0xffffff94]0[0xffffff8e]$V[0xe][0xffffffa5][0xffffffc1][0xffffffbc][0xfffffffc]z[0xffffffb4][0xffffffd4]?[0xffffffbd][0xffffff87][0x7f][0xfffffff1]}[0xffffffe9]r7[0xffffffd0]h5[0xffffffe9]L{[0xffffffbf][0xffffffdf][0xffffff8a]?[0x14]&[0xffffff88]#[0x1b]$[0xffffff9d][0xffffffb3][0xffffffff]C[0xffffff9b]I[0xfffffffd][0x1c]fV6EI-[0xfffffff4][0xffffffc1]|[0x1a][0xffffffd1][0xffffffbb][0xffffff9e]y8p[0x5]=[0xe][0xffffffc9]^][0xfffffff3]\[0xffffffa4],[0xffffffa8]D[0xffffffdf][0xffffffb8][0xffffffb7]y"[0xfffffff2][0xffffffc4][0xfffffffa][0xffffffe7][0x15][0xffffffdb]:c[0xffffffb3][0xffffff88][0xffffff8b][0xffffff80][0x18][0xffffff94][0xffffffa6]j?[0xffffff84][0xffffffb9][0xffffffce][0xffffffa7][0x17]T[0xffffffa4][0xffffffc5][0xffffffd7]v[0xfffffffc]'[0xffffff8e][0xffffffe5][0xffffffca][0xffffffb4]u[0xffffff82]G[0xffffff9d][0xffffffb5]l[0xffffffde][0xffffffa0][0x8][0x9][0xffffffc9][0xffffffc7][0x18]xd[0xffffffca].[0xffffffdd]\[0xffffffd2]:[0xffffffde]5[0xffffff83][0xffffffe2][0x1f][0x18](q[0xffffff9a][0xffffffdd][0xffffffcc][0xffffffe8]T [0xfffffffe][0x1b][0xffffffc7][0xffffffb9][0xffffffef]s[0xffffffdb][0xffffffe7]u'[0xffffff9b][0x16]N[0xffffff95][0x1b][0xffffffa7][0xfffffffb][0x14][0xffffffc3][0xffffff9c][0xffffff89]>O[0x18]m[0x2]D[0xffffff8d][0xffffffa3][0xffffffb5]=[0xffffffb2][0xffffffd2]m',[0xffffffe0]XW[0xffffffec][0xffffffbd]]gC[0xffffffe2][0xffffffc6][0xfffffffb][0xffffffea][0xfffffff1][0xffffff87]Pd[0xb][0xffffffcd]b[0xffffffcb][0x1e][0xfffffffa][0xffffffbe]4[0x5][0xffffffb5][0xffffffb8][0xffffff8c]][0xfffffffd][0x2];j[0xffffff81]r,[0xffffffb2][0xffffff96][0xffffffc2][0x1][0xffffffec]K[0xffffffc9]i[0xffffffca];l[0xffffffdb]8[0xffffff87]I[0x9]![0x7][0xfffffff2][0xffffff9b][0xfffffffe][0xffffffb7]e4Nd[0xfffffff8]P[0xffffffa5][0xffffffcd][0xfffffff5]=w[0xffffffdb]pg[0xffffffbe]A[0x1]d[0xffffffd7]_Ts'[0xffffffd7]|[0xffffffc7][0xffffff87][0xffffff87] [0xffffff8f][0xffffffc1][0xfffffffc]t?[0xffffffad][0xffffffe0][0x8][0xffffff83]6o[0xffffffcb] [0xffffffb0][0xffffffd7][0x15]K![0xffffffcb][0x15][0xffffffa2][0xffffffad][0xffffff8d][0xffffffc2]L[0xffffff8f][0xffffff9e]H[0xffffff94][0xffffffab][0xfffffff6][0xffffffb2]s[0xffffffdf]9j[0xffffffd4]XJ8[0xffffffdb][0xffffffb3][0xffffffb5][0xffffffc9][0xffffffcd][0x1e][0xffffffc1][0xffffffe1][0xffffffa0][0x2]}D[0xfffffff5][0x10]C_3[0xfffffff0][0xffffffa7][0xffffffc8][0xffffffb0][0xffffffa7]e[0xffffff98][0xffffff9e][0xffffffd1][0xffffff95]IK[0xffffffcb][0xffffff8f]I[0xffffffe1][0xffffff9a][0xffffff8a]W[0x5]G*[0xffffffb1][0x12][0xffffffad][0xffffff9e][0xffffffa0][0xffffffa6][0xffffff96][0x12][0xffffffe6]A[0xffffffbf][0xffffff9a][0xffffffb2][0xffffff8a]bRL[0xfffffff3]8[0xffffffee]Ep[0xffffffad][0x16]N[0xffffff9a]n[0x1][0xffffffd5]`[0xffffffad]9[0xffffff93]]m[0xffffffb2][0xffffffbf][0xffffffbf]'[0xffffffd3]_[0xffffffa0][0xffffffc7][0xffffff96]r[0xffffffcb][0x1a][0xffffff9b][0xffffffa5][0xffffffbd]g[0xffffff92]y|,[0xffffffae][0xffffff88][0xc]k[0xffffff9e][0xffffff82][\r][0xffffffb2][0x10][0xffffffc4][0xffffffa1][0xffffffab][0x1b]2[0x15][0xffffffe0][0xffffffec][0xffffffe6]R![0xffffffd2][0xffffffa8]E[0xffffffca]4b[0xffffff97][0xffffffe5],?[0xffffff9a]\[0xffffff98]6[0xffffffc0][0xffffffb7][0xffffff8d]*[0x11][0xffffff86]wt[0xffffffb0]9[0xffffffb7][0x7]a[\r][0x2][\r]e[0xffffffa3][0xffffff94][0xfffffff8][0x19][0x1f][0xffffffb1]8O[0xffffff8f]%n[0xffffffd0][0xffffffaf]aS[([0xffffffe0][0xffffffcf]<[0xffffffdb][0xffffffde][0xffffffdc][0xfffffff3]g[0xffffff81][0xffffffb9][0xffffffd4][0xf][0xffffffbd]-[0xffffffc3][0xffffff95][0xffffffe8][0xffffffe2][0xffffffd7][0x9][0xffffff97][0xffffffd7][0xffffffa5][0xfffffffd][0x1d][0x3]]hB[0x1d][0x13][0xffffffac][0x1f]{[0xffffffb3]X[0xfffffff8]E[0xffffffe2][0x1a][0xffffffaa][0xffffffbf][0xffffffdc]T[0xffffffc5]q[0xffffff9c][0xffffffd9]F[0xffffffd6]/P[0x16].-[0xffffff8a][0xffffffee][0xffffffdf][0xffffffe1][0xffffff87][0xffffffbf][0xffffff91][0x1][0xffffffe0][0xffffffad][0x1][0xffffffe3]|[0xffffff81][0x1a]_[0xffffffdb][0xffffffd9][0xb][0xffffffe5][0xffffff82][0xffffffb5][0xffffffc9][0xffffffa0][0x15][0xfffffff9][0xffffff8c]9[0xfffffffc][0x17][0x1a][0xfffffff7][0x17][0xffffff90]~[0xffffffbc][0xffffffc2]Y[\n]"
09:46:43.536 [main] DEBUG com.github.dockerjava.zerodep.shaded.org.apache.hc.client5.http.wire -- http-outgoing-2 << "ds[0x13]k3[0x16]7[0xffffffde][0xffffffe6][0xffffffca]7[0xffffff9a][0xb][0xffffff99][0x15]O([0xffffffae][0xffffffe6][0xffffffb2][0xffffffc4]\[0xffffffd9][0xffffffb1][0xffffffc2][0xffffffe8][0xffffff88][0xffffffae][0xffffffa9]a[0x1a]a<`[0xffffffa9]<h[0xfffffffa][0xffffff93]jM[0xffffffc4][0xb]Y[0xffffffd4][0xffffffd9]#%[0xffffffd2]Cg[0xffffffa8][0xffffff84];[0xffffffd0][[0xfffffffe][0xfffffffa][0xffffffae]5[0xffffffc7][0xf][0xffffffe9]=[0xffffffa9][0x11]k[0xffffff80][0xffffffe0][0xffffffec]9{[0xffffffbe]hA[0xffffffe4] [0xffffffb9]2[0xffffffa0]'[0x1b]F[0xffffff88][0x11][0xffffffa4]U;[0xffffffc0][0x19][0xffffffd1][0xfffffffc][0xfffffffd]:?[0xffffffc7][0xfffffff5][0xffffffd4]M[0x1b][0xffffffd1][0xffffffdd][0x2][0xffffffd2] [0xfffffff9][0xffffff88]k[0xffffffb9][0xfffffffc][0x4]La#[0xffffffaa]z[0xffffff99][0xffffffe0])C[0xffffff85][0xffffffad]2[0xffffffbf]1a[0xffffffab]W[0x9][0x7f]A^[0xffffff8a][0xffffffb6][0x19][0xffffffef][0x5]N[0xffffffcd]l[0xffffffc6]F[0xffffff98][0xffffffb6][0xffffffc8]x[0x15]f[0xfffffffa][0xffffffac]C[0xffffff8d][0xffffff8e][0xffffffe7][0xffffff91][0xffffffc3]8 =[0xffffffe2][0xfffffffa][0x7][0x1a][0xffffffd9][0xffffffda]"a[0xffffffc7][0x9][0xffffff8e]q[0xffffffbd][0xffffff83]E8[0xffffffae][[0x5][0xffffff87][0x1f][0xffffffa3][0xffffffbb][0x12]g;%[0x2][0xffffffa4]v[0xffffffb7]b[0xffffffd7]#[0xffffff91][0x4]s[0xffffffc8][0xffffff93][0xffffffcd][0xffffffad]Yc[0xffffff9e][0xffffffce][0xffffffd6]m[0xffffffa2]`[0xfffffffa]Y[0xffffffde]uZ[0xffffffe1][0xffffffd7]#%6a[0xffffffc4][0xffffffe8][0xffffffc6]L[0xffffffaf]q[0xffffff88][0xffffffe7][\n]"
09:46:43.536 [main] DEBUG com.github.dockerjava.zerodep.shaded.org.apache.hc.client5.http.wire -- http-outgoing-2 << "f[0xffffffb2]^[0xffffffdd][0xffffffe9]p[0xffffffb3]f][0xffffffcb][0xffffffe9]y[0xffffff8a][0x1f]M[0xffffff88][0xffffff87][0x12]?[0x5][0xffffffac]=[0xffffffba]B[0xffffffca]3[0xffffff89]A?[0xffffff91][0xffffff9a]]h[0xffffff9d]y<[0xffffffe5]([0xffffff8f][0xffffffe1][0xffffffdd][0xffffffc1][0xffffffa6]Pv[\r]k-c[0xffffff9d]-[0xffffffea]<ImyN[0xffffffe3]][0xffffffab]*[0xffffffdf][0xffffff99][0xffffffc8].w@[0x5][0xffffffb1]<[0xffffffc5][0xffffff98][0xffffff98][0x1b][0xffffff81][0xfffffff6]cnA[0xffffffa4][0xfffffff5]2[0xffffffb8][0xffffffd6]o[0xffffffee][0xffffff9c][0xffffffd6]o[0xffffffa0][0x17][0xffffffe7]4[0xffffffed][0xfffffff7][0xffffffd3][w[0xfffffff7]#[0xffffffd5][0x1] [0xffffffb9][0xffffffbf][0xffffffde][[0xffffff89][0xffffffd0][\n]"
09:46:43.536 [main] DEBUG com.github.dockerjava.zerodep.shaded.org.apache.hc.client5.http.wire -- http-outgoing-2 << "[0x18][0xffffff8c][0xffffff93][0xffffffab][0xffffff93]-8r[0xffffffd0]Zf[0xffffffb7][0xffffffcf]9xc[0xffffff91][0xffffffa9][0xffffff96][0xfffffff6]o[0x1a]%Kb[0xffffffd6][0xffffffd1]S[0x8][0x6][0xffffffed]u[0xffffff9c]uR[0xffffffed][0xffffff93][0x7f] [0xffffff98]h}0[0xffffffa2][0xffffffb1]6/[0xffffffa1]d[0x9][0xffffffa5][0xf][0xffffffcd][0xffffff81]Q[0xffffffbf]=[0xffffffea][0xffffffe3][0x10]Ux5[0xffffffcb][0xffffffef]H[0xffffffcc][0xffffffc9]1[0xffffffe0][0x10][0xffffffa6]:[0xfffffff8]J[0xffffffe2][0x19][0xc][0x16][0xffffffba][0xffffff9e]'[0xfffffff1][0xffffffd2]q[0xffffffca][0x4][0xffffff8f][0xfffffff4][0xffffffc1]j[0xffffff98][0x16][0xffffffab][0xffffffbc] [0xffffffce][0xffffffde][0x5]\[0xffffff98][0xffffffc8]#"
09:46:43.541 [main] DEBUG com.github.dockerjava.zerodep.shaded.org.apache.hc.client5.http.wire -- http-outgoing-2 << "x[0xffffffa9][0xfffffff5])[0xffffffc9];^[0x6]9[0xffffffa9][0xc]j[0xfffffffe][0xffffffba][0xffffffcd][0xffffff8a]?d[0xffffffb6][0x17][0xffffff83][0xffffff93]@[0xfffffffc][0xfffffff4][0xffffff9b],-[0xffffff91][0xffffffaf][0xffffffbe][0xffffffc1][0xffffff83][0xffffff9c][0xffffffdb]2[0xffffffe9]C[0xffffffcf][0xffffffdd]Z+g<[0x4][0x17][0x1f]A[0xffffff9b]/[0x15]b[0xffffffae][0xffffffd3]l[0xffffffe9][0xffffffb5]rt[0xb][0xffffffe1][0xffffff92]O[0xffffffac][0xffffff97][0xffffffb2][0xffffffb7][0xffffffa9][0x19]{d![0xe][0xffffff9f][0xfffffff8][0xfffffffd]8[0xffffffa6][0xfffffff9]a[0xffffffcb]0[0x1d][0xffffffde][0x1d]bd[0xffffffa6][0xffffffa0]c5l[0xffffffe7][0xffffff86][0x1e]Y[0xffffff90][0x1c]sm[0xffffffaa][\n]"
09:46:43.541 [main] DEBUG com.github.dockerjava.zerodep.shaded.org.apache.hc.client5.http.wire -- http-outgoing-2 << "I[0xffffffbd][0xffffffd9]"[0xfffffff0][0xffffffd4]([0xffffffce][0xffffffd4]6[0x1f][0xffffffdf]<[0xffffffb1][0x11][0xffffffae]E[0xffffff97]B[0xffffffd2][0xffffffd3]j[0xffffff90][0xffffffa3][0xffffffa1][0xffffff9e][0xffffffd7][0xffffffae][0xffffffa0][0xfffffffb]Yq[0xffffff80][0xffffff97][0xffffffb8][0xffffffb2]c[0xffffffc6][0xffffff90]Z1P[0xffffffb2][0x1d][0x18][0xffffffa3]j[0xffffffbd][0xffffffc3][0xffffff9a]l[0xffffffe9]e[0xffffffa3][0xffffffe2][0xffffffb3][0xffffffb6]E[0xffffffc4][0xffffffe7][0xffffffd4][0xffffffc4][0xffffffbe]1}[\r][0xffffffd5]M[0xffffffb4][0xffffff9c]8[0xffffffc0][0xffffffa7]ba[0xfffffff9]([0xffffff9a][0xffffff8b][0x7f][0x1c][0xffffff82][0xffffffcb][0xffffff98][0xffffffd8]j[0xffffffb7][0xffffffc4]k[0xffffffe2]M7eP-[\n]"
09:46:43.541 [main] DEBUG com.github.dockerjava.zerodep.shaded.org.apache.hc.client5.http.wire -- http-outgoing-2 << "p[0x1d].'[0xfffffff7][0xffffff8f]+u+[0xffffff8d][0x1a]V[0xffffffe1]d[0xfffffff3]-[0xffffffc6]f[0xffffffb6][0xffffff8e][0xffffff85]\[0xffffffbc][0xffffffef]n1D[0xfffffffe][0xffffffcc][0xffffffcc][0xffffffd4][0x0][0xffffffbd][0xffffff8b][0xffffffde][0xffffff9f]H[0xffffffc3][0xffffffe5][0xffffffab][0xffffff99]f[0xffffffb5]][0xffffffca][0xffffffca][0x1b][0xfffffffe]ap[0xffffffe9][0xfffffff9][0x1d][0xffffff84][0xffffffdb][0xffffffa5][0xffffff9c][0xffffffaf]L[0xffffffdd];[0xffffff9c][0xfffffffa][0xffffffab]$j0[0xffffffa1][0xffffffcd][0xffffffed][0xffffffc7]>[0xffffffa5][0x1a]9M[0xffffffa4][0xffffffa0][0xfffffffd][0xffffffcc][0xffffffb3][0xffffffeb]O[0xffffffed][0x0]T[0xffffffad][0xffffff9a][0xffffff8e][0xffffffa2][0xffffff83][0xffffffa7]<[0xfffffff6][0x16]6[0xffffffc6] *TN[\r][0xffffffd1][0xffffffd4][0xffffffaa][0xffffffe0]7[0xffffffb9][0xffffffa9][0x12][0x1c][0x1]<[0xffffffea]`[0xffffffaf]L[0xffffffd2]R[0xffffffad][0xffffffad][0xffffffd4][0xffffff81][0xfffffff9]@#([0xc]Z[0xffffffef][0xffffffc8]FH[0xfffffff4][0xffffffc2][0xfffffffe][0xffffff90][0xffffff98][f[0xffffff8e]v[0xffffffff]-r5[0xffffffd5]<[0xffffff9a][0xffffff81]K[0xffffffaf]xv[0xffffff9d]4[0x19]M[0xffffffcd]I[0x1b][0xffffffd9][0xffffffea]=[0x4]GU[0xfffffffe]&h[0xffffff95]5[0xffffff88][0xe]O[0xffffff9a][0xffffffca]w3[0xfffffff3][0xffffff96][0x4][0xfffffff4][0xfffffffc][0xfffffff5]'![0x12]Xf7[0xffffff9c][0xffffffe8]Q[0xffffffeb][\r]`[0xfffffff7][0x17][0xffffff93]SQ.[[0x7f][0xffffffde]8k_[0xffffffad][0xffffffaa][0xffffffac][0xffffffeb][0xffffffce]o[0xffffff89]g[0xffffffc8][0xffffffe2]g[0x0]#[0xfffffffd]WpI[0x19].[0xffffff81][0xffffffe9][0xffffffc8][0xffffff92]Y}[0xfffffffd]w[0xffffffd9][0xffffffdf][0xffffffb2][0xffffffa1]HP[0xffffff82][0xffffffe9][0xffffffa1][0xffffffeb][0xffffffe8][\r]![0xfffffff5]E[0xffffffc1][0xffffffab][0xffffffd4][0xffffffdc][0xffffffa2][0xffffffbf][0xffffffc0][0x1c][0xffffffcb][0xffffffc7]^[0x3]7[0xffffffd2]p[0xffffffa9]<J3[0xc][0xffffffe2]>^"[0xfffffff5][0xffffffd7][0x9][0xffffffee][0xffffff9d][0xffffffb8][0x1a][0xffffffe6][0xffffffdf]1[0xfffffffe][0xffffff98][0xffffffa3][0xffffff8b]E[0xffffff85]7[0xffffffe0]u[0xffffffeb][0xfffffffd]V[0xfffffff1]w&QE[0xffffff85]k[0xfffffffe][0xffffffda][0xf][0xffffffb0][0xffffffc3]X[0xffffffe3][0xffffffe6][0x13][0x13][0xffffffbe]&[0x14]-[0xffffffa5][0xffffff9c]c[0xffffffae]l[0x14],lC[0xfffffff7]26[0xffffff94][0xffffffc7][0xffffffdf][0xffffffa1][0xffffffb0][0x1e][0xffffff83][0x2]`[0x12]C[0xc][0x10]g[\r][0xfffffff5][0xffffff98]*[0xffffffad]2[0xffffffbc][0xffffffb4].[0xffffffa7][0xffffffca][0xffffffc5]o[0xffffffb2]-[0xffffff9d]te[0xffffffbf][0xffffffad]H[0x4]xPE[0xb]o[0xffffffa9][0xffffffb9]Xt[0x1a][0xffffff89][0xffffffad][0xfffffff3][0xffffffe8][0xffffff9d][0xffffffbe]c[0xffffff91]$`<P[0xffffff97][\n]"
09:46:43.545 [main] DEBUG com.github.dockerjava.zerodep.shaded.org.apache.hc.client5.http.wire -- http-outgoing-2 << "9[0xffffffd7]>~[0xffffffd1][0xc]MpX[0xffffffca][0xffffff82][0xffffffc0][0xffffffda][0xffffff8e][0xffffff80][0xfffffff5]8+lD[0xffffff83][0xffffffb2][0xffffffe6]%[0xffffffd8][0xffffff85][0xffffff88][0xffffff80]([0xffffff95][0xffffff9d]p[0xfffffff1]B[0xfffffff5][0xffffffe7]*[0xffffff80][0xffffffb4][0xffffffa5][0xffffffc6][0xffffffe5]#rQ[0xffffff81]>[0xffffff80][0x19][0xffffffa0]60[0xffffffda][0x16]1[0xfffffff2][0xffffff9e]_Em[0xffffffd1][0xffffffd9]q[0xffffffb8]Lx[0xffffff99]~[0xffffffe0][0xffffffac][0xffffffea][0xffffffa2][0xffffff8e][0xffffffcf]';z[0x13][0xf]i[0xffffffc8][0xffffffbb]5)[0xffffffb3][0xffffffa8]E[0xffffffdd][0xffffffd3][0xffffff83][0xffffffa5]([0xffffffe9]s[0xffffffca][0xffffffbe][0xffffffb8]@[0xffffffc1][0xffffffca]g%[0xffffffbb]h[0xfffffff6]TFd[0xffffffb3][0xffffffa0][0xffffff90]R[0xffffff9b][0xffffffb4][0xffffffea]N&M[0xffffffba][0xffffff97][0xffffff82]+5[r[0xffffff9c][0xffffffa6][0xffffffd5][0xffffffc6]Tc[0xffffffbb][0xffffffc0]b,u[0xfffffffe]I[0xffffffe5][0xb]R[0x11][0xffffffc4][0xffffff8b][0x10][0xffffffc9][0xffffffcc][0xffffffad]d[0xfffffff5][0xffffffb5]wm[0xffffffa1]'[0xffffffbb][0xffffff88][0xfffffff7][0xffffffb4]o[0xffffffa1][0xffffffa7][0xffffffe8]F[0xffffffbc][0xffffffb3]#[0xffffffaf]=[0x15]Vh[0xffffffb5]I[0x12]>[0xf][0x2][0xffffffcd]n[0xffffffd2][0xffffff86]Q[0xffffffb0][0xffffffbd][0xffffffbc]F[0xffffffa4]P?[0xffffffb1]3.m[0xfffffff5]w[0xffffff8d][0x17][0xffffff8a][0xffffff92][0xfffffff0][0xfffffff4][0xffffffd1]f[0xffffffb4][0x1b]B8[0xffffffb3]EM[0xffffff92]A[0x2]+[0x5][0xfffffff6][0xffffff8d][0xffffff9e][0xffffff90]e[0xffffffc4][0xffffffb6]+jp[0xffffffe3][0xfffffff5]*[0x8][0xffffff9d]o[0xffffff9d][0x6][0x13]F/[0xffffffac][0xffffffd5][0xffffff82][0xffffffa6][0xffffffad]vi#e[0xffffffea][0xffffff8f][0xffffff8b]?[0xffffffb6]a[0xffffffa0][0xffffff90][0xffffffe0][0x6][0xffffff88]^mK[0xffffff8b][0xffffffc9][0xffffff9a][0xffffff9a]U[0xffffffdc][\r][0xffffffb5][0xffffff88]m2[0xffffff90]`[0xffffffbd]~k[0xfffffff7][0x14]bVl[0xffffffde]X[0xffffffcf]C[0xffffffb5]bm[0xfffffffa]q[0xffffffe6][0xffffffb4][0xffffff82][0xffffffdf][0xffffff8e]N[0xfffffffa][0x19]v[0xb]J[0xffffffeb][0xffffff8f]|[0xfffffff4][0xffffff97][0xffffffe3][0xffffff9f][0xffffff88][0xc][0xffffffa1][0xffffffc9][\r][0xffffff95][0xffffff8e][0x1e][0xffffff97][0xffffffcd]+J[0xffffffcb]^[0xffffffc3][0xffffffb4][0xffffffb8][0xffffffc8][0xffffffb0][0x1c]:Z[0xffffff80][0xffffff92][0xffffffb1][0xfffffffa]Sfw$8[0xffffffa9][0xffffff92][0xffffffb6]![0xffffffa8][0[0xffffff8e][0xffffff8a][0xffffffc2][0xffffffe2]t[0xffffffdc][0xffffffa1]h[0xffffff8a]+kf!C[0xffffffcc][0xffffff8d][0xfffffffa][0x2][0xffffff93]do[0xffffff83][0xffffffe4]ny[0xffffffa9][0xffffff9c]On[0x10]O[0xc]g[0xfffffffb]DA[0xfffffff1][0xffffffb2][0xffffff84]k[\n]"
09:46:43.545 [main] DEBUG com.github.dockerjava.zerodep.shaded.org.apache.hc.client5.http.wire -- http-outgoing-2 << ""z[0xffffffaf][0xffffffb6][0xffffffa2]V[0xffffffdb][0xffffffc0]m:Nn[0xffffff91]D[0xfffffff0][0xffffff8a][0xffffff88][0xffffffea]7[0xffffff95];[0xffffffa4][0xffffffa5]V[0xffffffa7][0x1e][0x10][0x17]$[0x9][0x13][0xffffffa5][0xffffffd6][0x1f][0xffffff83]7[0xffffffbf][0xffffff93][0xffffffce][0xffffffcb][0xffffffef].($[0xffffffd2][0xffffff87]RI[0xfffffffa][0xffffffb1][0xffffff84][0xffffffb9]4[0xffffffe6]u[0xffffffe7][0xffffff94]Z[0xfffffffa]rAJ[0xffffffb2]xE/[0xffffffe4][0xffffffa5][0xffffffcf][0xffffffb9]eG[0xffffff87][0xffffffac]v[0xffffffc4][0xffffffbd]fv&[0x1e]}[0xffffffde]`[0xffffffec][0xffffffae]n[0xffffffce][0xffffffe8]*[0xffffffd3][0xffffff93][0xfffffff6][0xffffffd6][0xffffffa7]H3'VZ 'q[0xffffffe4][0xffffffe1][0xffffffdc][0xfffffff7]g~}[0x13]a?[0xffffffba]e[0xffffff91][0x1d]B[0xffffff87][0xffffff9e]<[0x1b][0xffffffdc][0xffffffe3][0xffffffab]8[0xffffffed][0xfffffff5][0xe]~[0x1a][0xffffff9c]:[0xffffffa1][0xffffffdd][0xffffffa3]0[0xffffffb0][0xffffff8a][0xffffffba][0x5][0xffffffb1][0xfffffff0][0xffffffd3][0xffffff96][[0x13][0x1c]O[0xc][0xffffffbf][0x15]t[0xfffffffb]y[0xffffff8f]:[0xf][0xffffffe7][0xffffffc7]6[0xffffff8e][0x14][0x4][0xffffffaf][0xffffffbe]B[0xffffff82][0xffffffb9]N[0xffffffbd],W[0xffffffe2][0xffffff9b]![0xffffff82]V[0xffffff94]>[0xffffffa1]?[0x1d]u[0xffffff86][0xf][0xffffffbe][\r][0xffffffe5][0xfffffffc][0xffffffd1][0xfffffff2][0xffffffb6][0xffffffaa][0xffffff9a][0xffffffd6][0xffffffe8];^[0xffffffa9]}[0xffffffb1]9[0xffffffe6][0xffffffe7]:[0xffffff97][0x16][0xffffffa9]H[0xffffff9b]>&[0x1c][0xffffffa9][[0xffffffec]:[0x1][0x1c][0xffffffe9][0xffffffab]j[0xffffffe2][0x1d][0xffffff9a]q[0xffffffd9]K[0xffffffb3][0xfffffffc] [0xffffffac][0xffffff94][0x8][0x5]Y[0xffffff9d][0xffffff94]*T[0xffffffb4][0xffffffff][0xffffffca]h[0xffffffb9]}[0xffffff88][[0x2]W%'[0xffffffd1][0xffffff8e][0xffffffc3][0xffffff9d]g[0xffffff9b][0x8]oA[0x1a])Dxk[0x12][0xfffffff3][0xffffffb6][0xffffffb5][0xffffff8e][0xffffffb7]c[0x17]o[0xffffff91][0xffffffda][0x0][0xffffff97]P[0xfffffff2][0xfffffffa]!){'Yjg[0x10][0xffffffe8][0xffffff8b]E=t[0xffffffe7]`[0x8][0xffffff8e][0x12]$[0xffffffa0][0xffffffce][0xffffffc1]ew[0xfffffffd][0xffffffcd]48)[0xffffff82][0xffffff99][0xffffff85][0xb][0xffffffbd][0xffffffc5][0xfffffffa]B[0x1e][0xffffffa0][0xffffffbe][0x17][0xffffffeb]W[0xffffffc2][0xffffff9a]M[0xffffffea]y[0xffffffa6];[0xffffffa7][0xffffff88]b[0xffffff91]chi[0xfffffff0][0xffffff8d][0xffffffd7]nZ[0xfffffffe][0xffffffb2][0xffffffb8][0xffffffc4][0xffffffd9]n[0xfffffffa]'[0xffffff8e][0xffffffcd].[0x9][0xffffffce][0xffffffa6]f[0xffffff9b]5[0x15][0xffffffda][0xffffffc9]N[0xffffffa3]a[0xffffffda][0xffffffcf][0xffffffce].[0xffffffcb][0x17][0xffffffdb][0xffffffc0][0xffffff88]Y[0xffffffee]C}[0xffffffed][0xffffffe9],Yq[0xffffff98][\r][0xffffff9a][0xffffffec]F[0xffffffc8][0xffffffdc]U[0x1d]C[0xffffffd5]@[0xffffffae][0xffffff82]-U[0xffffff90][0xffffff84][0xf][0x5]\[0xffffff83][0xffffffa2][0xffffffb2][0x14]{aD[0x1c][0xffffffd4][0xffffffb2]v~a\d[0xffffff88]0/?[0x5]ZEzu [0xffffffdc][0xb][0x11][0xffffff92][0xffffffb2][0xffffffd0][0xffffffe8][0xffffff86][0x19]m[0x1a]+[0xffffffa1][0x1e][0xfffffffe]*[0xffffffc5][0xffffff88][0xffffffee][0xffffffe2]M[0xffffffd7][0xffffffed][0xfffffff1][0xffffffc5][0xffffffb4]B[0xffffffc4][0xffffffa0][0xfffffff7]{R[0xffffffce]WG[0xffffffdd][0xffffffad]n[0xffffffea][0xffffffcf]T[0xffffffbd][0xffffffa8][0xfffffff6]VJ[0xfffffff1][0xfffffff3][0xfffffff6][0xffffffed][0x1f][0xffffffbb][0xffffffca]t[0xffffff94][0x1d][0xffffffad]6[0xffffffee]|/[0x3]a[0xffffffed][0xffffffe1][0xc][0xffffffde][0x17][0xffffffe4],Q"[0x1f][0xffffffe7][0xffffff99][0x17][0xffffffc5][0x1e][0xffffffb2]P[0x5]~v[0xffffffbf][0xffffff95])[0xffffffb0][0xffffffbe][0xffffffab][0xffffffbd][0xfffffff3][0xfffffff0][0xffffffbe][0x15]M[0xffffffda][0xffffffa4]<:[0xffffffc0]x[0xffffffc7]-[0xffffffd8][0xffffffe6]y[0xffffffb6][eJ[0xffffff9f]QZ* [0x11][0xffffffeb][0xfffffffd][0xffffff99][0xffffff86]tm[0xffffff95]&uW[0xffffffce]&[0xffffff9b][0x0][0xffffff9b][0x7f][0xffffffc8][0xffffff92][0xfffffff5][0xffffffd8]I[0xffffff8c][0xffffffd3][0xffffffb8][0xffffffae][0xffffffbd]JI[0xffffff9a][0xffffff86][0xffffffde]}[0xffffffb1]I[0xe][0x1b][0xffffff94][0xfffffff8][0xffffffb1][0xffffffe8][0xffffff88][0xfffffff0][0xfffffff1][0xfffffff5]L[0xffffffe8]J[0xffffffda]J[0xe]m[0xffffff8d]P[0xf][0xffffffc5][0x11][0xffffffca][0xffffff99][0x8]&qN[0xffffff98]?V[0xffffffa0]A[0xffffffc7][0xffffffcf]V[0x13][0xfffffff4][0x13]$U[0xffffffed][0xffffffbd] J[0xffffffb6][0xffffff9b][0xffffffcd]T-G|[0xffffff81][0x1a][0xffffffcc][0xffffffb3][0xfffffffc][0xfffffff0]L[0xffffffc9]?P[0xfffffff3][0xffffffa0])[0xfffffffe][0xffffff9a]([0xffffff98]-[0xffffffcd]f[0xffffff96][0xffffff96][0xffffffb5][0xffffff85][0xb][0xffffffd1][0xffffffc4]\[0xffffffc1]I[0xffffff83][0xffffffa5][0xffffffdb][0xffffffb5][0xfffffff4]M[0xffffffd8]d<[0xffffffdd]\W[0xffffff81][0xffffffba]+[0xffffff9b]@[0xffffffc0]<[0xffffff96][0x2][0xffffff8c]{[0xffffff80][0xffffffa0][0xffffffc0][0xffffffe3][0xffffff89]v[0xffffffbc][0xfffffffa][0xffffff84][0xffffff95][0xffffffca][0xffffff94][0xfffffff2]r[0xffffff9d]9[0x5][0xffffffbf]%[0xffffffab][0xffffff95][0xffffffd5][0x16]n[0xffffff87]+[0xffffffe9][0xffffffda][0xffffff83][0x18][0xffffff9d][0xffffffc9]/[0xffffff88][0x9][0xffffffe3][0xffffffa7]([0xffffff81]nf[0xffffffc8][0xffffffd5][0xffffffa2][0xffffff89]o[0xfffffffe][0xffffffa6]?[0x9][0xffffffee][0xfffffff1][0x11][0xfffffff9][0xfffffff3][0xffffffa9]7<[0xffffff94][0x11]P[0xffffff8e][0x10]NS[0xffffffc3][0xffffff91][0xfffffff1][0xffffff8b][0xfffffff8]-A[0xffffffd7][0xffffffdd]L[0xffffff9d]U[0xffffffdf][0xffffff92][0xffffffe4][0x1a][0xffffffa9]7DIJTt[0xffffff98][0x7]l%^[0xfffffff5]M[[0xfffffffc][0xfffffff4]\[0xffffff94][0xffffffc7][0xffffffdb]9[0xfffffffe].[0xffffffe9][0x11][0xffffffb3][0xf].[0xffffff96]E@F[0xffffffeb]s[0xffffff83][0x16]&[0xffffffb4]#[0xffffffbf][0xffffffc1][0xfffffff1]^[0xffffffc5][0xffffffce][0xffffffd9][0xffffff8f]D[0xffffffac][0xffffffd3][0xffffffb4][0xffffffae][0xffffffc6][0xffffffbe]j[0xffffffb9][0xfffffffc][0xffffffc3]a[0xffffffcc][0xffffff90]#[0xffffffee]q[0xffffff82][0xffffff85][0xffffffc9][0xffffffdc][0xffffffc5][0xffffffb5][0x1d]~[0xffffffaf][0x7][0xffffffe3][0xffffff91][0xfffffff1]C[0xffffffa9][0x5],[0xffffffaa]=[0xffffffc4]g[0xffffffe7][0xffffffe5]G:[0x1a][0xffffffea][0xffffffec][0xffffffeb][0xffffff8f][0xffffffe6])[0xffffffb2][0xffffffab][0xffffffba][0xe][0xffffff80][0x16][0xffffffd3]([0xfffffff1][0xffffff85]ME[0xffffffd9]t[0xffffffd0][0xffffffe7][0x11][0xfffffff2][0xffffffce]g[0xffffffef][0xfffffffa][0xffffffc3]P[0xfffffff9][0x5][0xffffff96]1ot[0xffffffe3]+sA[0xffffffd8][0xffffff8e][0xffffffac][0xffffff81]i[0xffffffff][0xffffffc7][0xfffffff9][0xffffffba]1[0xffffffd0].B[0xffffff93][0xffffff89]\[0xffffffff][0xffffffd9]D[0xfffffff8][0xfffffffd][0x1][0xffffff9c][0xffffffd6]oKR[0xfffffffb][0xffffffbb]+UV[0xffffff98]N3[0xffffffe3]'[0xffffffa9]Y[0xffffffca][0xffffffd6][0xffffffe4]H+[0xffffffbe][0xffffffa5][0xffffffc4][0xfffffff5][0xffffffb3][0xb][0x1a]R[0x16][0x9]rn[0xffffffe6]E[0xffffffe7][0xffffffe2][0x3]z[0xffffff8f][0xffffff94][0xe]'qXf[0xffffffb1]U[0xffffffc4]X[0xffffffd1][0xffffffb0]`@v[0x11][0x12][0xffffffd9][0xe];[0xffffffa1]>[0xffffff9b][0xffffff9e][0x1e](GGOHg[0xffffffbe]M[0xffffff89][0xffffff81][0xffffffc3][0xffffffcc]b<[0xffffffd9]*[0xffffffad][0xffffffb6]\r[0xfffffff7][0xffffff94] [0xffffffc2]<[[0xffffffd1][0xffffff81][0xffffffce]$[0xf]h[0xffffff94]b:Q[0x18][0x14][0xffffffc6]Q_5[0xffffff98][[0x1e]y[0xffffffed][0xffffffc7]#+h[0xffffff92][0xffffffff][0xffffffe2][0xffffffbe][0xffffff82][0xffffff88][0xffffffe3][0xfffffff6]G[0xffffffc0]F[0xffffff9c][0xffffff82][0xffffff89][0xffffffdd][0xfffffffe]c[0x11][0xffffffa4]q[0xffffffda][0xffffffaf]S[0xffffff9b]_[0xffffffbf][0xffffffbd][0x6])[0xffffffa9][0xffffff95][0xffffffd5]>[0xffffffc6][0xffffff93][0x4][0xfffffff3]z:[0xffffffcf]|[0xffffffac]4[0xffffffe8]S[0xffffffbe][0xfffffff0]N2[0xffffffbd]!`0A0[0xffffff85]K[0xffffffe2][0xffffffb3]eM[0xffffffca]W[0xffffffe8][0xc]~[0xffffffff]2[0xffffffcb]%[0xffffff9e][0xffffff83][0xffffffc6]}[0xffffffc1][0xffffff92]d[0xffffffe4][0xffffff83][0xffffffc8][0xffffffca]q[0xe]K0[0xffffff86]G[0x19][0x9][0xfffffff1][0xfffffff5][,P[0xffffffa5][0x1a]-[0xffffffad][0x11][0xffffffce][0xffffffd7]'xzS14[0xffffff8a][0x15][0xffffffe0]luREF[0xffffff80],[0xffffffb5][0xffffffd1][0x13][0xffffffe4][0xffffffd9]^[0xffffff85][0xffffffc6][0xffffffae][0xffffffa5][0x1][0x1e][0xffffffa8]`p#Q[0x1b][0xffffffe7][0xffffff80]X~~_[0xffffff89][0xffffffdb][0x1c][0xfffffff2][0xffffff95]?j[0xfffffffd][[0xfffffff6][0xc]G{[0xffffff82]X$[0xffffff9f][0xffffff90]}[0xffffff9a][0xffffffb4][0xffffffce][0xffffffca][0xffffff90][0xffffffad]<R[0xffffffd4][0xffffffa6][0xffffff9e][0xffffffa8][0x1]b[0xffffffd7][0xffffffe6]Hc[0xffffffb1][0xffffff89]'[0xffffffb1]s[0xfffffffd][0xffffffaa]r[0xffffff9c][0xffffffc0][0xffffff8e]c'[0xffffffe2]/[0xffffff9e][0xffffffdf][0xffffffed]x[0xffffffb9]^{[0xffffffae][0xffffffdf][0x6][0xffffff95][0xffffffd7][0xffffffa7][0xffffffbf]jJa[0x7f][0xffffffcd][0xffffffcf][0xfffffffa][0xffffff8e]{[0xffffffdd][0xffffffa8]nJ[0xffffffbe][0xffffffa2][0xffffffbc]p[0xffffff97][0x17][0xffffffd1][0xfffffff1]%B[0xffffffea][0xffffffcb][0xffffffd3][0x12][0x17][0xffffffc2][0xffffffcb][0x16][0xffffff9a]7[0xfffffff1][0x10][0xffffffba][0xffffffbb][0xffffffcf]s[0xfffffffa][0xffffff8a][0xb][0xffffffb4][0xffffff8b][0xffffffeb][0xffffff83][0xfffffffc]O[0xffffffaf][0xffffffb4][0xc][0xffffffb7][0xffffffa9][0xffffffcc][0x3][0x16][0xffffffa5][0xfffffffa][0x1]AMt[0xffffff83][0xffffffe3]82[0xfffffff8]([0xffffff89][0xffffffcc][0x7]&9[0xffffffaf]Fv[0xffffff81]-W>[0xffffff95]U[0xffffffef]y[0xffffffa4][0xffffffef][0xffffff8a][0xffffffd3][0xffffffaa][0xffffffc5]B[0xffffffdb][0xffffff91]~0'3[0xffffffa9]([0xffffff85][0xffffffdb][0xffffff9b][0xffffffba]bgn[0xffffffab]`:a[0xffffffa4][0xfffffff6][0xffffffa9][0xc][0x6][0x14][0xffffffbe][0x17])[0x4][0x1d][0xffffffbd][\r][0xffffffae]9mI: [0xffffffe9]g[0xffffffbf][0xffffffd4][[0xffffffd0]ew[0xffffffb4]Q)[0xffffffe5]K[0xffffffe4]J[0xfffffffa][0xe][0xfffffff9][0xffffffbf][0xfffffffb]Q|7[0xfffffffa]UK[0x1c]%[0xffffffd4][0xffffff97][0xffffff8b][0xffffff9a]I[0xffffffed][0xffffffc9]>[0xffffffe3]'[0xffffff98][0xfffffffc][\r][0xffffff90][0xffffffd5]u[0xffffffcf][0xffffffae].[0xffffffb0]2[0xffffffd6]B[0xffffffd5][0xffffff81][0xfffffff0][0xffffffbd][0x13][0x16][0xffffffd6][0xfffffff2][0xffffffc2][0xffffffc8][0xfffffff2]4[0xfffffff5][0xffffff91][0xffffff86][0xffffffff][0xffffffd5]p[0x9][0xffffff81]X%5[0xffffffb6]syDN4[0xffffff89][0xffffff8f]i[0xfffffff5][0x7][0xfffffff7][0xffffffd2][0xffffffa4][0xffffffc1][0xffffffab][0xffffff8f]|J[0xffffff9d][0xfffffff4],[0xffffffa0][0xffffffeb][0xffffffc7][0x12]n[0xffffffbf]^[0xffffffaf][0x1][0xffffffab]1[0xfffffff4][0x3][0xffffffe3]0[0xffffff9f]/~[0xffffffde][0xffffffae][0xffffffec][0xfffffff1].t"l[0xffffffff][0xffffffe5]$:[0x6][0xffffffb9][0xffffff9f]}y[0xffffffe8][0xffffff97][0x5]2[0xffffff83][0x1c][\n]"
09:46:43.546 [main] DEBUG com.github.dockerjava.zerodep.shaded.org.apache.hc.client5.http.wire -- http-outgoing-2 << "3[0xffffffa8][0xffffff82][0xffffffab]w[0xffffff97][0xffffffea]u[0xffffffe1][0xffffff9b][0xffffffe3][0xffffff83][0xffffffeb][0xffffff97][0xffffff9f][0xffffffab]?}[0xffffff92][0xffffffae][0x1b][0xffffffc5]H K[0xffffffdc][0xffffff89][0xffffffec][0xffffffa3]io[0xffffffa1][0xffffff88][0x1c][0xffffffa8][0xffffffd1][0xffffffa0][0xffffffa3]U^[0xffffffe2][0x10][0xffffff95][0xffffff95]T[0x17](E[0xffffffe1][0xffffff87]$u[0xffffffa8][0xffffff92]c7>[0xffffff9b][0xfffffff0][0x12][0xffffffcb][0xfffffff1][0xffffff89][0xffffffba]I[0xffffff9e][0x5]Sq[0x1f][0xffffff89][0xffffffa0][0xfffffff7]wq[0xffffff96]*[0x19][0xffffff8b][0xffffffcd][0x4]7_k[0xfffffff5][0xffffff90]K_0[0x1d][0xffffffa7][0xffffffa2][0xfffffff5]Z[0xffffffe1][0x16][0xfffffffc][0xffffffd8][0xfffffff0][0xb][0xffffffff][0xffffffb4][0xffffffbc][\r]`[0xffffff86][0xffffffab][0x9][0xfffffff7][0xfffffff7][0xffffff9a][0x12][0xfffffff7][0xffffffb8][0x13]u[0xffffffc6]Wf[0xffffffc9][0x11]\[0x7f]\[0xffffffde]ks[0x13]^2[0xffffffb1]jV;[0xffffffa8][\n]"
09:46:43.546 [main] DEBUG com.github.dockerjava.zerodep.shaded.org.apache.hc.client5.http.wire -- http-outgoing-2 << "t[0x5]FD=[0xffffff9b][0xfffffff5]Z"A[0xffffffc6]`[0xffffffc9][0xffffff91][0x1d]1[0xffffffea][0xffffffd3][0xffffff99]*[0xffffffd9][0xfffffff6][0xffffffed][0x19]#[0x5]n%I[0xffffffe4][0xfffffff3]`n[0xffffffaa][0xffffffca][0xffffffc0]!W[0xffffff9b]z[0xffffffa8]s[0xfffffff8]Yu[0x18]2[0xffffffd7][0xffffffdb][0xc]S[0xffffff98][0xffffffc3]}G[0xffffff91]A[0xfffffff0][0x16]f7~[0xffffffff][0xffffffba][0x10][0x18]v?PQ.[0xfffffffb][0xffffff83][0x1f][0xffffffe2]C[0xffffffb0]Va[0xffffff88][0xffffffab][0xffffffd7][0x6][0xffffffff][e<[0xffffff9e][0x11][0xfffffff9]<sH3[0x8][0xffffffbc]0[0xffffffa8][0xffffffa3]c[0xffffffd4][0xffffffe2][0xffffff8e][0xffffffc0]|[0xffffffcf][0xffffff82][0xffffffa1][0xffffffba][0xffffff80]J[0xffffffd9]V[0xffffffd2]&[0xffffffdf][0xffffff81][0xffffff84][0xffffffed]1[0xffffff8e][0xb][0xffffffb4][0xffffffa6]M[0xffffffdb][0xffffffe0][0xffffff97]V[0xffffffc0][0xffffffa2][0xffffff9f][0xffffff9d][0xffffffe9]'E[0x14][0xffffffff][0xffffff8f][0xffffffb6][0xffffff9f][0xffffffe3][0xffffff93][0xffffffce][0xffffffd2]%[0x8]KuY[0xffffff8d][0x7f]([0xf]C]+%R*[0xffffffbe][0xffffffef]{[0xffffffc8][0xffffffbd].MS[0xffffff98][0xffffffac][0xffffff8a][0x1c][0xffffffe8]#[0xffffffba][0xffffff84][0xffffffd0][0xffffff90][0xffffffdf]>[0xffffffb5][0xfffffff9][0xffffffad][0x17]p@[0x1f]XHwE[0xffffffbc][0xffffffc1][0xffffff81][0xffffff8a]!O+[0xffffffd5]I[0x11][0xffffffb4]:P[0xffffffc7][0xffffffd9]r[0xffffffeb]j=[0xf][0xffffff86][0xffffffe9][0x1b][0x7][0xffffffb6][0xffffff87]~x[0xfffffff0],[0xffffffe2][0xffffff90]8[0xffffffe2]y[0xffffffbd][0xffffffc1][0xffffff99][0xc][0x5][0xfffffff2][LN6\[0xffffffdd]a|[0x13][0xffffffc3][0xffffffeb][\r]f[0xffffffa8][0xffffffe9][0x19]4[0xffffffcd][0xffffffb3]0[0xffffff8e][0xffffffd0][0xffffff81]%[0xffffffa5][0xffffff88]([0xffffffc8]T-[0xfffffffa]-[0xffffffca][0xffffffb9]30#[0xffffff8d][0xffffffc1][0xe][0xffffffdb][0x11][0xffffffe6]8[0xffffffaf];[0xffffffd1][0x17][0xfffffff2][\n]"
09:46:43.546 [main] DEBUG com.github.dockerjava.zerodep.shaded.org.apache.hc.client5.http.wire -- http-outgoing-2 << "[0xffffffbb][0xffffffda][0xffffffcd]r[0xffffff9f]8R[0xffffffa4]u[0xffffff94])[0xfffffffe]Qokz[0xffffffff];[0xffffff9f][0x15][0xffffffef][0xffffffd7]x[0xffffffdf][0xffffff90][0xffffffbf]z[0x1e][0xfffffff2][0x3]=[0xffffffc2][0xffffffe7][0xffffffd5]1 [0xffffffbe][0xffffff81]][0xfffffff8]&f@[0xffffffaa][0xffffffcd]I-S/[0x3]1.[0xffffffef][0xffffffe8]3[0xffffffa1][0xffffffda][0x10][0xffffffdb][0xffffffc4]n[0xfffffffe])dae[0xffffffec]iB[\n]"
09:46:43.547 [main] DEBUG com.github.dockerjava.zerodep.shaded.org.apache.hc.client5.http.wire -- http-outgoing-2 << "[0xffffffaf]t`[0xffffff93]15Mz^u[0xffffff9b][0xfffffff0][0xffffffe9][0x4]a[0xffffffd6][0xffffffb1][0xffffffa5]T[0xffffffdd][0xffffffc8][0xffffffe0][0xffffffea]5q[0xffffffbf][0xffffff93][0xffffffd7][0xffffffb2][0xffffffe1][0xffffffe2][0xffffffd3][0xf]GmV[0xffffffa1][0x10][0xffffffd6]D$fZ[0xffffffc7][0xffffffe7][0xffffff85]Ec%[0xfffffff5][0xfffffffd][0xffffff8a][0xffffffa5][0xffffffc5]uq: j>G[0x10][0x17]n:b[0xffffffac]F[0xffffffa1]M&[0xffffff98][0xffffff82][0xffffffbc]^[0xffffffac][0x13][0xffffffea][0xfffffff2]<[0xfffffff9]C[0xffffffcc][0x4][0xb][0xffffffb0]i[0xffffff83]qiRl[0xffffffeb][0xffffffb9][0xffffff92][0xfffffff7][0xffffffa2][0xffffffe0][0xfffffff8][0x5][0xffffff86][0xffffffd6][0xffffffd4][0xffffff89][0xffffffea][0xffffffaf]U[0xffffffdc]t[0x1e][0x13][0xfffffffd][0xffffff9d]t[0x5]x$"f$[0xffffff83][0xffffffd9][0xffffff86]`[0xfffffffc][0x10][0xffffffd9][0xffffff83][0xffffffc1][0x17][0xffffffdd][0xffffff8c][0xffffff9a]N[0xfffffff1][0xffffffec]4[0xffffffcb][0xffffffde][0xffffffbe]{[0x5]G[0x13][0xffffffc4][0xffffffff][0xffffffe8][0xffffffde]O[0xffffff88]b[0xfffffff5][0xffffffe3]h>{[0xffffff89]O[0xffffffb9][0xffffffcb][0xffffffbc]l[0xffffffb3][0xffffffab][0xf][0xffffffcb][0xffffff87][0xffffffbf][0xfffffff3]N[0xffffffd2]|[0xffffff97]@s[0xffffffec][0x1f][0xffffffb0][0xffffffe3][0xc][0xffffffd0][0x17][0x16]2Y[0xfffffff2][0xffffff81][0x7f]9>[0xffffffbc][0xffffffbb]Gl[0xffffffe6][\r][0xffffff90]}[0xffffffcc][0xffffffbd][0xb][0xffffffad][0xffffffd2][0xffffff9b]Pzf[0xffffffe7][0xffffffd0][0x13]X[0xffffff9e][0xffffffce][0xffffffe3]xH[0xffffffd7][0xfffffff8][0xffffff86][0xffffffc6][0xffffffbc]0[0xffffff8e][0x3][0xffffffc1][0xffffff90][0xfffffff2][0xffffffe0]w[0xffffffe5][0xffffffe4]J[0xffffffe2][0xffffffcd]GS[0xffffff83][0xfffffffe][0xffffffd4][0xfffffffa]Pc[0x1e]^[0xffffffa0][0xffffffbe]`[0xffffffeb][0xfffffff8][0xffffffb9][0xffffff8b][0xffffffa8]#[0x5]:[0xffffff8a][0xffffffd6]E[0xffffffb1]\[0x12]a[0xffffffe8][0xffffffba]?P[0xffffff88],l[0xffffff87][0xffffff9c][0x1b]c-[0xfffffff9][0xffffffeb][0xffffff8e]#[0xffffffa8]X[0xffffffef][0xfffffff8][0xffffffa7][0xffffffa7][0xffffff95]a[0xffffffa2][0xffffffb4][0xe][0xe][0xffffffe5][[0x3][0xfffffff9][0xffffff8e][0x9]k[0xffffffef][0xffffffc5][0xffffffdc][0xffffffc7][0xffffffcb]J[0x1c]pq[0xf][0xffffff8b]|[0x14][0x1b][0xffffffa2][0xffffffd6]7i,[0xffffffc4][0xffffff93]T[0xffffffb2][0xffffffbe][0xffffffb2][0xffffffcf]K[0xffffffda]}>[0xffffffd7]+[0x1d][0xffffffef][0xffffff85][0xffffff94]w[0xffffffc1]H[0x1f][0xfffffff5]I{q'[0xffffff92][0xfffffff3][0xffffffb2]y/[0xffffff94][0x12]bu[0xffffff9e][0xffffffdd][0xffffff96][0xffffff88]r[0xffffffc1][0xffffffa5]AY|[0xffffffd7][0xffffff8c]lX[0xffffffd1]>[0xffffffbd]8`[0xffffff87][0x1c][0xffffffe5][0xffffffa0][0xffffffee]0d[0xfffffff1][0xffffffed]M[0x4][0x13][0x6][0x5]w[0x17]4[0xffffffe3]V[0xffffffde][0xfffffff9][0xffffffdd][0xffffffe4][0xffffff82][0xffffffda][[0x0][0xffffff8a][0x6]"[0xb]a[0xffffffa1][0xffffffe7][0xffffffc4]J[0xffffffc7]?h[0xffffff88][0x18][0xffffffe3]N[0xffffff86][0x1f]e6\[0xffffffa6][0x9][0xffffffa4][0xffffffa8][0x11]:[0xffffffab][0xfffffff8][0xffffff84][0xffffff9d][0xffffffb2][0xffffffff][0xffffffc1][0xffffffd3]![Hbj[0x1e][0xfffffff5]K[0xffffffd5]q[0x13]>3$'[0xffffffde][0x17][0xffffff8a]'[0xffffffd8]][0xffffffab]ebQ[0xffffff82]x[0xfffffff8][0xffffffcf]N5[0xffffffc3][0xffffffa2][0xffffff83][0xffffff92][0xffffffe1]=[0xffffffcd][0xffffff8c]m_$[0xffffffec][0xffffff9b][0x18][0xe][0xffffffec][0x17]qv[0xffffffd2][0x0])sw;r[0xffffffe3]ibx"[0xffffffee][0xffffffce][0xfffffffd]%K[0xffffffe6][0xffffff8b][0xffffffd7][0xffffffbd][0xfffffff0][0xb]L[0xffffffcf][0xffffff82]L[0x1d][0xfffffffa]V|]e#q[0xffffffbb][0xffffffcf][0xfffffff9][0xffffffb4][0xffffffb2][0xffffffa0]xXR[0x11]U[0xffffffc4]A)u:[0xffffff8f]{[0xffffffd4]B[0xffffff92]?[0xffffffb5][0xffffffe1]B#[0xfffffff4][0xffffff8c] [0xffffffbd][0xffffff90]p[0xfffffff0][0xffffffc7][0xffffffce]/[0xffffffe9][0xffffffee][0xfffffffc][\n]"
09:46:43.547 [main] DEBUG com.github.dockerjava.zerodep.shaded.org.apache.hc.client5.http.wire -- http-outgoing-2 << " 26Y[0xffffff8e]w[0xffffffa1][0xffffffe4][0xffffffb9]S[0xffffffba]nd5[0xffffffab]![0xf][0xffffffd8]Bv[0x1e]f[0x10][0x2][0xffffff94]R0[0xffffff89]u[0xffffff95][0x13]0Yl[0xffffffdf]oGj[0xffffffa1]^[0xffffffe0]b[0x1f]1[0xffffff9c][0xffffffb7][0xffffff8b][0xffffffb7][0x17][0xffffff83][0x13][0xfffffff0]O[0xffffffe7][0xffffffee]G`[0xffffffcc][0xffffffb1]+aY[0xffffffad][0xffffffbd]w[0xffffff88](*[0xffffff89]V[0xffffff88][0xc][0xffffffff][0x8][0xc][0xffffffb1]Q[0xffffffad][0xffffff87][0xffffff89][0x7][0xfffffff0][0xffffffe9])j*[0xffffff8f]D[[0xffffffd8][0xffffffb2][0xffffffd7][0x6]#[0xffffffcc][0xffffffdb][0x13]^KSs[0xffffff8a][0xffffff8d][0xffffffd5][0x19]q[0xfffffff2]H[0x18][0x1c][0x1d][0xfffffffd]2[0xffffffff]ZH[0xffffffcc][0xffffffff][0xffffff90][0xffffffb1][0xfffffff9][0xffffffdc][0xffffffca]W[0xffffff95][0x16][0xffffffec][0xffffffb3][0xffffffef][0xffffff89]l[Z[0xffffffe8]C[0x7f][0xffffffdd][0xffffff8e][0xffffffe1]It[0x5]/-[0xffffff8f][0xfffffff7]D[0x1e][0xffffffca][0x1e]^[0xffffff98][0xffffffba]#[0x1d][0xffffff88][0x1c][0xffffffcb][0x11]}[0xffffff8c]wi(l}[0xffffffbe]-m[0xffffffca]pN [0xffffffdb]t[0xffffffda][0xffffff80][0xfffffff9][0xfffffff4][0xfffffff8][0x1][0xffffffe7][0xffffffa7][0xffffffd7][0x1e][0xffffffc4]=S [0xffffffd5]Ju[0xffffff89]i5[0xffffffd5][0xffffffa0][0xffffff85]/[0x16]W[0xffffffa8][0xffffffd0]e[0xffffffa5]^[0x1b][0xfffffff9].0[0xffffffcd]L[0xffffff81][0xffffffbd][0xffffffaf][0xffffffa2][0xffffffd3]do[0x11][0xffffffbf]_[0xfffffff7]=[0xffffffe9]+k[0xfffffffa][0xffffffe3]s[0xffffffab]z0[0xfffffff3][0xffffff81][0xffffffeb][0x9][0xffffffd6]W[0xffffff98][0xffffffa9]}[0x15][0xffffffa3]a[0xffffff87][0x6][0x1]OE[0x2][0x1e]$[0xffffff86]![0xffffffb6][0xffffffd3]I[0xffffffd4][0xffffff95][0xffffffe5]d[0xffffff82]'[0xffffffc4]<[0x9]M[0xffffff9c]][0xffffff91][0xffffffa0][0xffffff9a][0xfffffffc][0xffffffc1]Nb[0x2][0xffffff8e][0xfffffff1]3n[0xfffffff3]O[0xffffffa2][0xffffffc2]fV[0xffffffb3][0xffffff8c]e[0x1a][0xffffffb5]_[\n]"
09:46:43.550 [main] DEBUG com.github.dockerjava.zerodep.shaded.org.apache.hc.client5.http.wire -- http-outgoing-2 << "[0x17][0xffffff9c][0xffffffbd]|o[0xffffffa7]\[0xffffff96]/[0xfffffff4][0xffffff9f][0xffffff80][0x9][0xffffff8d][0xffffffad]d[0xffffffac][0xffffffa6][0xffffffdd][0xffffffa0][0xffffff84][0xffffffcd][0xffffffd9][0xffffff86][0xffffffb6][0xffffffc6][0x15]E%[0x12][0x9][0xffffffa5]6[0xffffffe3][0xffffffc6]a'*7[0xfffffffa][0xffffff8b][0xffffffd2][0x15][0xffffffc8][0xffffff8c]>J[0xffffffed][0xffffffe7][0x1b]2[0xffffffa3][0xfffffffc][0xffffff9f][0x17][0xffffffbd][0xffffff87]^[0xffffffaa][0x1a]W[0xffffffa8]U\fB>[0x12]i[0xfffffffe];[0xfffffff2]D[0xffffffe5]1[0x11][0xffffffc1]>[0xffffffcf]%1][0xffffffdb]/[0xffffffe4]j[0xffffffa5][0xffffff85]@[0xffffffbd]MMc[0xe][0xffffffac]b[0xffffffbf]|[0xffffff96][0x1f][0xfffffff7]K[0xffffff8a][0xffffffeb][\n]"
09:46:43.551 [main] DEBUG com.github.dockerjava.zerodep.shaded.org.apache.hc.client5.http.wire -- http-outgoing-2 << "[0xffffffda][0xffffff80]x[0xffffffc6][0xffffff9f][0xffffffd6]?[0xffffff87][0xfffffff2][0xfffffffa][0xffffffee][0xffffff9b]{[0xffffffc7][0x1e][0xffffff9f]Qg7[0xffffff85]j[0xffffffcf]X[0x18][0x1d][0xffffff9c][0xffffffac][0xffffffc4]Za[0xfffffffc][0xffffffd8][0xffffffd3][0xffffffda][0xe][0xfffffffc][0xffffff85][0xffffff8f][0xffffffa7][0xfffffff9],[0xffffffca][0xffffffb7]o[0xfffffffc][0x10][\n]"
09:46:43.551 [main] DEBUG com.github.dockerjava.zerodep.shaded.org.apache.hc.client5.http.wire -- http-outgoing-2 << "[0xffffffae][0xffffff97]>[0xffffffee][0xffffffdd][0xffffffaf][0xffffff91][0xffffffd7][0xfffffffb][0xffffffef][0xffffff9b][0x1d][0xffffff81][0xffffffbe]PZR?[0xffffffda](_[0xffffffab][0xffffffd4][0x4]^m$[0xffffff8a][0xffffffc8][0x11][0xe]:[0xffffffaa][0xfffffff8][0xffffffa8][0x19]][0xfffffff1][0xffffffcf]1[0xffffffb1][0xfffffff4][0xffffffdf][0xffffffae][0xe]HU[0xffffff90][0xffffff8a][0xffffffdd]xT[0xfffffff8]~[0xffffffde][0xffffffd9]X[0xffffffa7][0xffffffac]H[0x3][0xffffffcb][0x0]H'z[0xffffff80]o[0xffffffa9][0xffffff94][0xffffffdb][0xffffffcd][0x3][0xfffffffc]DW[0xffffffc1][0xffffffdb]fh[0x19][0xffffff9d]8[0xffffffbe]O[0xffffff8b]wSd[0xffffffd3]b[0xffffffce]O[0xffffff86][[0xffffffeb][0xffffffbc][0xffffffc9][0xffffffb3][0xffffffaa][0xfffffff4][0xffffffaf][0xffffffaf][0xffffffa0]2[0xffffff88]1Tc[0xffffffa7][0xffffffb1]_[0xffffff9e]`[0xffffff8c]n[0xffffffe2][0xffffffc0][0x13]<[0xffffffa1][0x1b][0xffffffe6]o[0x1d]~[0xffffff84][{[0xffffffe6][[0x16]R[0x13]2I[0xffffffe9][0xffffffa1]r[0xfffffff9][0xfffffffa][0x19][0xffffff9a][0xffffffe5][0xfffffff3][0xffffffb4][0xffffffa6][0xffffff91]Yc([\n]"
09:46:43.551 [main] DEBUG com.github.dockerjava.zerodep.shaded.org.apache.hc.client5.http.wire -- http-outgoing-2 << "}[0xffffffcb][0xffffffe2][0xffffffcd]i[0xffffff84][0xffffff88][0xffffffef]o[0xffffffa2][0xffffffe7][0xfffffffd][0xffffffbe][0xffffffe3][0xffffffa4][0xffffff9b]|][0xfffffffd][0xffffffbb][0xffffffe2][0xffffffea][0xffffffdd][0xffffffdd][0x16][0xffffffd5][0xffffffa8].[0xffffffdc]l[0xffffff9d][0xffffffbd]Y[0xffffffa6][0xffffff87]5[0xffffff8d]t[0xfffffff5]R?[[0xffffff82]3[0xffffffa5][0xffffffbb]@[0xffffffa6][0xffffffde][0xffffffe1]<[0xffffff99][0xfffffff9][0xffffffb9][0xffffff88][0xfffffff8]9[\n]"
09:46:43.551 [main] DEBUG com.github.dockerjava.zerodep.shaded.org.apache.hc.client5.http.wire -- http-outgoing-2 << "}[0x13]H&[0xffffffbc]t[0xffffffa0][0xffffffbf][0xffffff89][0xffffff8f]|PS[0xffffffea][0x12][0x1d][0xfffffff5][0xffffff98][0x6]cd[0xffffffcf]E&[0xffffffb8]yO[0xfffffff8][0xffffffc4]Fjuf[0xffffffb3][0xffffffc2][0xffffffd2][0x1][0x11]-[0xffffffe5]%[0xffffffd6]4T([0xffffffb5]I[0xffffffdf]P' [0xffffff81]J[0xfffffff6][0xffffffe4][0x3][0xffffff8c][0x8]#[0x1e][0xffffffbd][0xffffffd5][0xffffffb9]ESe[0xffffff98]S[0xffffffd7]([0x3][0xfffffff5]Z`[0x1a][0x15][0x7f][0x10]`[0xfffffffb][0xffffffed][0xffffff97][0xffffffb9]B[0xfffffff1][0xffffffc3]j*[0xfffffffb][0xffffffbf]y[0xffffffc4][0x1a]L2[0xffffffa4][0xffffff80][0x1b][0xffffffeb][0xe][0x7][0xffffffb8][0x6]y[0xc][0xfffffffa][0x10]l7[0xffffffc3][0xffffffb1][0xffffff9a]_[0xffffffd8][0xffffff96]([\n]"
09:46:43.551 [main] DEBUG com.github.dockerjava.zerodep.shaded.org.apache.hc.client5.http.wire -- http-outgoing-2 << "[0xffffffa4]8w[0xffffffa3]DXKm[0xffffffa6][0xffffffb0][0xffffffd8]~[0xffffffeb][0x17][0xfffffff1][0xffffffca][0xffffffe4][0xffffff97] [0xffffffbd]P[0xffffffd3]1[0xf][0xffffffd0][0xffffffb9][0xffffffb4][0x8][0xffffffa2](S[0xfffffff2]M}[0xfffffff9]p[\n]"
09:46:43.551 [main] DEBUG com.github.dockerjava.zerodep.shaded.org.apache.hc.client5.http.wire -- http-outgoing-2 << "[0xffffffe1][0xfffffff2][0xffffffb6][0xffffffaa][0xffffffcb][0xffffffc3]8[0xffffffee][0xffffffdf][0xfffffff2]F[0x7f]/[0x3][0xffffffbd][0xfffffff6]N[0xffffffdd]?l[0xfffffff2]WTD[0xffffffd6]g[0xffffff83]=[0xffffff9f][0xffffffa3][0x6][0xffffffe3][0xffffffd1][0x18][\n]"
09:46:43.551 [main] DEBUG com.github.dockerjava.zerodep.shaded.org.apache.hc.client5.http.wire -- http-outgoing-2 << "[0xffffff9d]-[0xffffffd3]Z[0xffffffe4]]4w[0xffffffac][0xffffffd5]FX[0x3]@K%[0xffffffd9]k[0xffffffcf][0xffffffaf]\D[0xffffffec]a[0xffffffcb]q[0x8]7jWD[0xffffff82][0xffffffbe][0xfffffff9]&[0xfffffff2]iD[\r]Y[0xffffffed][0xffffff8f][0xffffffe9]A8D[0xffffffed];!$j[0xf]%[0xffffffab][0xffffff8f],W[0x18]j[0x16][0xfffffffa]'[0x1f][0xffffff8d][0xffffffac]pCVj[0xffffffc4][0x7]~[0xb][0xffffffdd]L@[0xffffffa0][0xffffffb1]/dm[0xffffff83][0xfffffffe][0xffffffb1][0xfffffff7]0[0xffffffd9][0xb]rD[0xffffff9e][0xffffffe7][0xffffffb8]a[0xffffffb2]7[)[0xffffffdb][0xffffff9e]NK[0xffffff9d][0xffffff9d][0xffffff9a][\r]>*[0xffffffdc][0xffffffcc]@[0xffffffb6]7[0xffffffa9][0xffffff82][0xffffffa4][0xffffffad][0xffffffe3][0xfffffff3];[0x13][[0x1]{[0x1d][0xc]"{[0x9][0xffffff9d][0x7][0xffffffa3][0xffffffb6][0xffffff8a]J;[0xffffffe2]$[0xffffffbb][0x11][0xffffffdc][0xffffffd7][0x3][0xffffffc5][0xfffffff7]&[0xffffffdb][0xffffffb4][0xffffff97][0xffffff8f](2[0xffffffba]gK[0xffffffaa]}$[0xffffff97][0xffffffe9][0xffffffc5][0xffffffa0][0xfffffff0][0xffffffb7][0xffffffda]B[0xffffffd6][0xffffffbb]U[0xffffffd0]F,[0xffffffd8][0xfffffff5]WFk[0xffffffa4][0xffffff9b][0xffffff99][0xfffffff4][0xffffffb1]g[0xffffffa9][0xfffffff1][0xffffffbb][0xffffff9f][0xffffffa5][0x1e][0xffffff9c]t5_3[0x18][0xffffff98]"[0xffffffa3]#[0xfffffffc][0xffffffec][0xffffffe7][0xffffffa3]:g[0xffffff88][0x19][0xffffffa5][0x1f][0xffffffa4][0xffffff92]9[0xffffffcf]z[0xffffffcd]_[0xffffff94]j[0xffffff8b]h[0xffffffd0][0xffffffc5][0xffffffa9][0xffffffc3][0xffffff8e][0xffffffa6][0xffffffa3]][0xfffffff4]f[0xffffffb7]p~m[0x4]&[0xffffffa4][0xffffffb5][0xffffffec][0xfffffff8]j[0xffffff98][0x1e]&[0xffffff81][0x1e]i[0x19][0xffffffb8][0xffffff8d][0xffffffa4]$[0xfffffff3]rJ[0xffffffdc][0xffffffff][0xffffff86][0x19][0xffffff91]s[0xffffff8e] [0xffffffed][0xffffff94][\n]"
09:46:43.551 [main] DEBUG com.github.dockerjava.zerodep.shaded.org.apache.hc.client5.http.wire -- http-outgoing-2 << "[0xffffffde][0xfffffff2]$n[0xffffffa9][0xfffffffb][0xffffffe6][0xfffffff5]m[0xffffff95]E[0xffffffc7][0xffffffa4]'>Z[0x1b][0xffffffef]G,t[0xffffffc0]%q[0xffffff8f][0xffffff85]R[0xffffffb3]([0xffffffef]r[0x7f][0xffffffda][0xfffffff1][0xffffff8e]@eH"[0xffffff93]([0xffffffa5][0xffffffed][0xffffffdc][0xffffffb8][0xffffffc8][0xffffff93]Q[0x1b][0xffffff8e][0xffffff8f][0xffffffec]f[0xffffffe8][0xffffff81]D[0x10][0xffffff96][0x18]s[0xffffffb9][0xffffffb4][0xffffffc9][0xffffffa6]O[0xffffff90]H[0xfffffff8][0x12][0xffffff9b]1[0xffffffac]9[0xffffffd1][0xffffffdd][0xffffffef]C[0x10]6.[0x7f]l[0xffffffdd][0x14]1u[0xffffffdd]fo[0xffffffe7][0xffffff98]H[0x1c][0xffffff87]og[0x2][0xffffffec]}x[0xffffff82][0xfffffff5][0xffffffb6]m[0xffffffb0][0xffffff95]V[0xffffff84][0xffffffa2][0x8][0xffffffe8]_[0x16][0xffffff9c][0xffffffbd][0xffffffe1][0xfffffff7][0xffffffc5][0xffffff89]>[0xffffffe6]G[0xffffffc1][0xffffff9f][0xffffffe5].[\r][0xffffffae][0xffffff8f][0xffffff90]29[0x7f][0xffffffc6]0[0xffffffbf]y[0xfffffff1][0xffffffc6]Y/[0xffffffa4]R0[0xffffffdf]dT4:[0xffffffdc][0xffffffb0]"[0xfffffffe][0x1e]`i([0xffffffe5][0x12][0xffffffce][0xffffff9a]Y[0x12][0x4]Aa[0xffffffd4][0x12][0xffffffb5][0xffffff9b][0xb][0xffffffcf][0xffffffbb][0xfffffffa][0xfffffff0]'[0xffffffb7]%[0x1f]W[0xffffff9f][0xfffffffc],[0xfffffff1][0xffffffef][0xffffffb8]"[0xffffff9d][0xffffff9f]C+[0xffffffd5][0xffffffc1][0xffffffc7][0xfffffff5]\[0xffffff9d][0xffffff9b]o0(o[0xffffffc0]x[0xffffff8f]([0xffffff96][0xffffffda][0x1a][0xfffffff1],[0xfffffff1][0x14][0xffffffe9][0xffffffbd][0xffffffef][0xffffffc2][0xffffff8e][0xffffffa4][0x17]R[0xffffffa9]Eq[0xffffffeb][0x5][0xffffffd8][\r][0x0]`l[0x18][0x6][0x0]J[0x0]jF[0x0][0x0][0x0][\n]"
09:46:43.551 [main] DEBUG com.github.dockerjava.zerodep.shaded.org.apache.hc.client5.http.wire -- http-outgoing-2 << "[0x10][0x0][0x10][0x1][0x0] [(w\[0xc][0xffffff83]V[0xffffffbd][0xffffffa5]"[0xffffff8c]T[0xffffff89]J[0x2]O[0xffffffc2][0xffffffde]]<1[0xffffff83]#f][0xffffffed] [0xffffffca][0x1a][0x6][0xffffffd4]L[0xffffffaa]xT[0xffffff89][0xffffffe5]'[0xffffffe6][0xffffffd9],[0xffffff8d]Ggi[0xffffffb2]S[0x0][0x0]8B]kn[0xffffff83]/[0xffffffb5][0xffffffd0][0x3] [0xffffff88][0x1d]c[0xffffffee][0xffffffd2][0xfffffff6][0xffffffc2]D#[0xffffffdb][0xffffff9c][0xffffffd0]r[0xffffffeb][0x6]^[y0g[0x1][0x0][0x0][0x6][0xffffffe0][0xffffffbb][0x10]X[0xffffffa9][0x2]9[0xffffffe5]][0xffffffbe][\r])]M[0xffffffa8][0xffffffe6]o.[0xffffff88]%[0xffffffe9][0x17]HH[0xffffffa0][0xffffffc2][0xffffffaa][0xffffffae][0xffffffff]^n[0xffffffa3][0xffffff97][0xb][0xffffffcf][0xffffff89][0x1c][0xffffff9c][0xffffffa3]!Tz[0x7f]rQ[0xffffffae][0xffffffab][0xffffffa1][0xfffffff1][0xfffffff5]*[0xffffffdb]@#[0xfffffff4]a[0xfffffffd][0xffffff95]@TG[0xffffffe7]g[0xffffffa1]r[0xffffffbf][0x6][0x3][0x0]P[0x7][0x3][0x0]f[0x0][0xffffffb5][0xffffffd2][0x7f]5[0xffffffff]][0xffffffba] [0xffffffb9][0xffffffc7].[0x12][0xfffffffe]m[0xffffffbb]l:[0xffffff96][0xffffff81][0xffffffd1][0xffffffea][0x1]@[0x16][0xffffffaf][0xffffffea][0xffffff9a]_[0x1e]u[0xffffff91]^:[0x0][0xffffffb1][0xffffffe3][0xffffff9b][0xffffffc6][0xffffffec][0x1][0xffffffaa][0x4]Ds[0xffffffd9],[0xfffffffb][0xffffffe6][0xffffffff][0x15][0x3]2J[0xffffffd5]$S[0xffffff87][0xffffffd6][0xffffff90][0xfffffff4][0xffffff8d][0xffffffd3]q9[0xffffffa9][0xffffffcf]8[0xffffffe7][0x7f][0xffffffae]T[0xffffff94][0xffffff93]X[0x18][0x0][0x0][0x1c]a[0x0]@[0x12][0xffffffa0]v[0xfffffffe][0xffffffef][0xffffffa1]$[0x0][0x0][0x8][0xffffff80][0xffffffe4][0xffffff9e]ZI[0xfffffff8]7[0xffffffa8][0xffffffb0][0xffffff89]D[0xffffff8e]z[0x0][0x0][0x18][0x18][0xffffffdc][0xffffff8c][0xffffffc9]!2[0x0][0xffffffc5][0xfffffffe][[0xffffffca][0xffffffe1][0xffffffef]1[0xffffffa0][0xffffffc2][0x7f]?[0xffffffff][0xffffffb3][0xffffffc9]L@[0xffffff9d] u[0xffffffbb]u[0xffffffcd][0xffffffa2][0xfffffffe]~[0xffffff85][0x1e]=[0xf][0x4][0x0]@[0x19][0x6][0x0]![0x3][0xffffffa8][0xffffff93][0xffffffff][0xffffff9b][0xffffffb6][0xc][0x0]@[0xfffffff0][0xffffff85]2[0xffffffaf][0xffffffa4][0xffffffca][0xffffff85]l2d[0xffffffe0]>[0x1]@[0xffffff82]t[0xe][0xffffffac]H[0xffffffe3][0xffffff8c][0xffffffe7]s[0xfffffff2][0xffffffe5]o[0xffffff9c][0xffffffcf][0xffffff9f])[0xffffffec]*[0xffffff8e][0xffffff85][0x0][0xffffffe8][0xffffffc6][0x8][0xffffffed];}[0xfffffff5][0xffffffcf][0xfffffff2]/[0xffffff82][0xffffffff]*[0xffffffa8]o[0xffffff81][0xffffffa0]i[0xffffff8c]T/[0xfffffff7]z'[0xffffffac][0xffffff9e][0x19][0xffffffa8]w[0xffffff8d][0xffffffbb][0xffffffcd]|[0xffffff94]`[0xffffffd9]][0xffffffad][0x2][0xffffffd1][0xffffffdd][\r]L7[0x4]9,"[0xffffff84][0x1][0xfffffff4]S[0xffffff92]?[0xffffffcf]w>[0xffffffeb]1j[0xffffffd5][0xf][0xffffffda]N[0xffffffb9][0xffffffc8][0x18]W[0xffffff8f][0x1e][0xffffffe4][0xfffffff9][0xfffffff9][0x12][0xffffffcb][0xffffffcc][0xffffffb9][0xfffffff6][0xffffff8f][0x9]F[0xffffffe1][0xc][0x3][0xffffffa6][0xffffffa8][0x1a]0J[0xfffffff5][0xffffffaf][0x1][0xffffffd1][0xffffffba][0xfffffff2][0xffffffe8][0xfffffff2]oq[0xffffffb5][0xffffffe8][0x1][0xffffffa1][0x15][0xffffffe0][0xffffffb0][\r][0xffffffb4]u[0x1f][0xffffffcd][0xffffff85][0xffffff9d][0xffffffd0][0xffffffbb][0xffffff93]J[0x10]^v[0xffffffc4][0xffffffa0]&]"[0x19][0xffffffbe][0xffffffed]U[0x8][0xfffffffe]-[0xffffff8c]I[\n]"
09:46:43.551 [main] DEBUG com.github.dockerjava.zerodep.shaded.org.apache.hc.client5.http.wire -- http-outgoing-2 << "kX[0xffffffc2][0xffffff8a]M[0xffffff8c][0xffffffa6][0xffffffa5] [0xffffff85][0xffffffc6]~1[0x17]E[0xffffff9b]#[0xffffffbb]4[0x8]e[0xffffffb7]S[0xffffff81][[0x1c]Khnw[0xfffffff6]N[0xffffff88][0xffffffe6][0xffffff96]K+[0xffffff9d][0xffffffce][0xffffffe6]Z[0xffffffb9][0xfffffff7][0xffffff96][0xffffffaa]B[0xffffffb4]Bi[0xffffffcd][0x18]\d[0xffffff89]Z[0x16];[0xffffff9a]2&5[0xffffffa5]+{[0xffffff94]v[0xffffffb1] [0xffffffeb] [0xffffffd0]<5[0xffffffa9][0xffffffac][0xffffffcf][0x3][0xffffffc4][0x14]F[0x10]m[0xffffff8e][0xffffffbe][0xffffffbb][0xffffffef][0xfffffffe][0xffffff83][0xfffffffc]3[0xffffffa2][0xffffffdb][0xffffff97]X0[0xffffffb1][0xffffffe4][0xfffffff8][0xffffffc3][0xffffff8c][0xffffffc8]L}[0xb]_[0xffffffa6][0xffffff93]|[0xffffffbc][0x2][0x1][0x0][0xffffff84][0xfffffff1][0xffffffdf][0xfffffffc][0xffffff9b][0xffffffff][0xffffffdb]3[0xffffffe1][0xffffffbf][0xfffffffc][0xffffff85][0xfffffff2][0x10][0xffffffff][0xffffffce],[0xc]ML.JD[0xffffff99]8[0x0][0xffffff80][0xffffff81]H[0xfffffffc]>[0xffffff8b][0xffffff8a][0x1c]AI:+[0xffffffdd][0x2][0xfffffff0]yy[0xffffffd0][\n]"
09:46:43.551 [main] DEBUG com.github.dockerjava.zerodep.shaded.org.apache.hc.client5.http.wire -- http-outgoing-2 << "[0xffffffb6]hV[0x0][0x0]/[0x0][0xfffffff1]BC[0xfffffff8]&[0xffffffe2][0xffffff9a][0xffffffa1][0xffffffbc][0xfffffffc][0xffffffc1]S[0xf]n[\r][0x12][0xe][0xffffffc4]7R[0xf][0x0][0xffffffe0]b[0xffffff95]i[0xffffffc4][0x18]!T[0xffffffb7]LWi[0xffffffc0][0xe]![0xffffff89][0xffffffa1][0xffffffaf][0x0][0x0][0xf]M[0xffffffdb]:[-[0xfffffffe]?[0xfffffffc][0xffffffd5][0x1][0xffffffea][0xffffffa5][0x7f][0xe][0xffffff9d][0x1c]H[0x1e][0xffffff9d][0xffffff8b][0xffffff84]?[0xffffffa8]3[0xffffffe8]y[0xfffffffb]_[0x8][0xffffffe0][0xfffffffc][0xfffffff9][0x0][0xffffffd4][0xffffff82][0xffffffca]F[0xffffff9b][0xfffffff2][0x16][0x0][0xffffff80][0xffffff81]R[0xffffff80]_[0x6]`[0xffffffab][0xffffff97][0x13][0xffffff85][0xc][0xffffffda][0x2]H|k[0xffffffa2][0xffffffc8] [0xffffffbb][0xffffff91][0xffffffbc][0xffffff94][0x0][0xffffff88]![0xffffffe8]~[0xfffffffa]V[0xffffffec]03[0xffffff9c]*[0x1][0x1a]"3[0xf][0xfffffff6][0xffffffbf][0xffffffa6][0xffffffe3][0x4]w[0x16][0x0][0x0]#[0x18][0x0][0xffffff90][0x1][0xffffffa8][0xffffff9f][0xfffffffe]{[0xffffffca][0x17][0x0][0x0]D@[0xfffffff2][0x18][0xffffffac]$[0xfffffffc]A=S[0xfffffffa]P[0xffffffb6][0x0][0xffffffc0][0xffffffae]Y[0xfffffff5][0xfffffff7][0xffffffb4][0xffffffc9]S[0xffffff8a]U/`[0xffffffe6][0xffffffbb][0x5]*g[0xffffffff]7[0x1c][0x5][0x19][0x0]Ee[0xffffff82][0xe][0x0]N[0x0]p[0xffffffd1][0xffffffbf]? +[0xffffffef][0x4]z[0xffffffff]}[0xfffffff0][0xffffff95][0xfffffff7][0xffffffed]P[0xfffffffc];i[0xffffffea]0[0x0][0xffffffe0][0x3][0xffffffd0][0xffffffe0][0xfffffffe]7u)[0x0][0x0][0xffffffce]BY[0xffffffac][0xffffffff][0xffffff9e]4[0xffffffa4][0xffffffcf][0xffffffff][0xffffff8e])[0xfffffffe][0x1d]fi[0xffffffd5]2[0xffffff9a]I[0xffffff94][0xffffff9a][0xffffffc5][0x5][0xffffffa6][0xc][0xffffffe2]5[0xfffffff8][0xffffffa6]1[0xffffffbf][0xffffffa7][0x0][0xfffffffd]9/2[0xffffffcc][0xffffff86][0xffffffc9][0x7f]^[0x2]k[0xffffff9e]R[0xffffff9f][0xffffff8e]S[0xffffffc7][0xffffffdc][0xffffff8a]#[0xffffff84]S@[0xffffffe9]'q[0xffffff80]i[0x1a]5[0xffffff85][0xffffff88]\[0xfffffff0]b[0x6]Wc[0xffffff95].[0xffffffd9][0xffffff92][0xffffff8f][0xfffffffd]>[0xffffffaf]V[0x3]+X[0xffffff9c][0x1c][0xf][0x11][0xffffffbf][0xffffffad][0xffffffea][0xffffff97][0xffffffdf][0xffffffac][0xfffffff5][0xffffffaf])[0xffffffc5][0xffffffbc][0xffffff9a][0x9][0x0][0x0] [0xfffffffc]_^[0xffffffa2][0xffffffe1][0xfffffff9][0xffffffe7][0xffffffa5]# [0xffffff94][0xffffffa7][0xfffffff4][0x17] [0xffffffe8][0x17][0xffffffaa][0xffffff9d][0x1e][0x19]f[0x0][0xffffff80][0xffffffab][0xfffffff2]{[0xffffffba]2[0xc][0xffffffd8][0x0]@\.[0xffffffa5]c[0xffffff93][0xffffffbf]_[0x9][0x2][0x0][0x14][0xffffffe8][0xffffffd4][0x16][0x0]][0xffffff82][0x12][0xffffffdb][0xfffffffa]o! [0xffffffad]U[0x7f][0x1f][0xfffffff0],[\r][0x2][0xfffffffe][0xffffffed]%@[0x10][0xffffffa0][0xffffffd1][0xfffffff9]'"[0xe][0xffffff90]<[0xffffffc7][0x7f] [0x2][0xffffffe1][0x5][0xffffff97][0xc][0xffffffe0][0x4]`[0xffffffc7][0x7f][0xffffffa2].[0xffffffc5][0xfffffffd][0xffffffc3][0xffffff9b][0xffffffff]wk[0xf][0xffffffe8][0x3][0x0][0xfffffff0][\r][0x6][0x0][0x4][0x0][0x1a][0xffffffbf][0x7f]:[0xffffff9e][0x1d]$[0xffffffcf][0xfffffff9][0x1f],[0xffffffe0][0xffffffe9][0xffffffd8]+[0x0]@e6!y[0xffffffee][0xffffffec][0x7f]e[0x3][0xffffffc1][0xffffff81][0xffffffcc][0x1][0x0]@[0x1a][0x6][0x0][0xffffffee][0x0][0xffffff9a][0xffffffbc][0x7f][0x18][0x1d]8[0x15][0xffffffca][0xfffffff2][0xfffffff8]w[0xfffffffb]a[0x4][0xffffff98].[0x7][0xffffffc2][0xffffff99]:[0xe][0xffffffcc][0xfffffff5][0xffffffe7][0xffffffe1]c2[0xffffffbc][0x10]Dlg[0xffffffa6]IF"6D[0xffffffe6][0xffffffc5][0xffffffc0][0xffffffed]?[0xffffff99][0xe][0xffffff88][0xffffffa6][0xffffff9b][0xc][0xffffffbc][0xffffffbc][0xffffffdf][0xb][\r][0x18][0xffffffee][0xffffff90][0xffffff8c][0xffffffda]W_^[0x7f][0x8]&e[0xffffffa8]x[0xffffff9a][0xffffff94][0xc]K[0xffffffdb][0xffffff99][0xffffff8b][0xffffffc0]t[0x1f][0xffffffbe][0x4]U[0xffffffc7]e[0xfffffff5][0xffffffa6][0xffffffb2][0xffffffdf]][0xfffffff2][0xffffff80][0x1c][0xffffff82][0xffffff9f][0xffffffa8]/[0xffffffd6][0xffffffc6][0xf][0xffffffc5][0xffffffd1]+[0xffffff98][0x1c][0xffffffd6]H[0xffffff82][0xffffffd8][0xffffff83][0xfffffff0][0xffffffa4]K[0xffffffec][0xffffffaf]o([0xffffffab][0xffffff8b][0x1c]P[\n]"
09:46:43.551 [main] DEBUG com.github.dockerjava.zerodep.shaded.org.apache.hc.client5.http.wire -- http-outgoing-2 << "[\r][0xfffffff6][0xc]~[0xfffffff9]Ug[0xffffffaa][0xffffffa3]"6F7[0x1d]\I[0xffffffd1]_[0xffffff9f]JUg[0xffffffb0][0xffffff8f]\i[0xffffffd6]u<[0xffffffb5][0xffffffab]C[0xffffffdb]Q [0xffffffd8][0xffffff95]=[0xffffff93][0xffffffa8][0xfffffff0]W><[0xffffffb9][0xffffff8e]-[0xfffffff5][0x13]\x.[0xffffff9a][0xfffffff2] U[0xffffffce],[0xfffffff8][0xffffffe1]P[0xffffffc3][0x7f][0xb][0xffffffa3][0xffffffa7]5[0xffffffb4][0xffffff8d]mf[0xffffff9f][0xffffff98]hA[0xffffff8e][0xffffff98]$[0xffffffed][0xffffffe2]]G[0xfffffffc][0xffffffff]W[\r].=m[0xffffffd5][0xffffff99][0x1e][0xffffffed][0x19]W[0xffffff95]W[0xffffffda][0xffffff92][0xfffffff4][0xfffffffc][0xfffffffc][0x13][0xffffff82][0xc][0x0][0xffffff80]O[0x18][0x0][0x10][0x3]hz[0xffffffff][0xffffff89][0xffffff9d]W(/[0xfffffff5]/[0xfffffff6][0xffffffaa]"[0xffffffb2][0x5][0xc]uI[0x0]@[0xffffff83]H[0xffffffd1]<{[0xffffffe8][0x5][0xfffffff0]e[0xffffffdc][0xfffffff7]%j[0xffffffbe][0xffffffe7][0x1a][0x0][0x0][0xfffffff8][0xffffffef]A1d[0x0][0xffffff83]o[0xfffffff9][0xffffffff]tVQ[0xffffffa0][0x1e][0x0][0x0][0xffffff85][0x7f]3[0xffffffdf][0xfffffff9][0x7f][0xffffff98]7[0xffffffb9]H[0xfffffff8]7[0xffffffe0][0xffffffb6]v[0xffffffc9][0xfffffff5][0x2][0x0][0xffffffe1][0xffffffea]h[0xffffffbc]^>[0x0]o[0xffffffc3][0x9][0xffffffb3]<[0xfffffff3][0xffffffbf][0xffffff99][0xfffffff7][0xffffff8f][0xffffffff][0xffffff87]9?@[0xb][0xfffffff6]O[0xffffffe6]l y-[0xffffffff]b[0xffffffee]o[0xfffffff0][0xfffffff7]E[0xffffffa2]d"Z[0x0]kZ;@[0xffffffc9]?[0xffffffe0][0x7f]d[0xffffffc3]'.[0xfffffffd][0xffffffeb]8)[0x18][0x0][0xffffffd8][0x0]h[0xffffffbf][0xfffffffe][0x13][0xfffffff9][0xffffffbc]PV[0xffffffe7][0xffffffbf][0xffffff91]C[0xffffffd7][0xffffffca][0xb]m[0xffffffcd][0xfffffffd]#[\n]"
09:46:43.551 [main] DEBUG com.github.dockerjava.zerodep.shaded.org.apache.hc.client5.http.wire -- http-outgoing-2 << "[0xffffffba][0xffffffb9][0x16]@[0xffffffcc]M[0xffffffab]![0x0][0x10][0xffffff88]I[0xffffff93]h[0xffffffa9][0xfffffffc][0xffffffa3]0[0xffffffb7][0x1][0xffffffa2][0x1b][0xffffffff][0xffffffd5][0xffffffc1]}[0xffffffb6][0xffffff95][0x3][0xffffffa1][0x1c][0xffffffed][0xfffffff6][0xfffffff8]TW`s-[0xffffffab]X[0xffffffb7][0xffffffdc]'3[0xffffffa3][0xffffffb3][0xffffffb4]~X[0xffffffcc][0x0]R[0x6][0xffffffbb]S`b[0xffffffd7][0xffffffb9]H[0xffffff97][0xffffffb4][0xffffffab]x[0x3][0xffffff8b][0xffffffce]o[0xffffffbc][0xffffffad][0xffffff8a][0xffffffef][0xffffff9a][0xffffffc6][0xffffffd6][0xffffffc9][0xffffff98]W.[0xfffffff0]ZX[0xffffff8b][0xffffffa1]<[0xffffff9b][\r][0x15][0xffffffd7][0xffffffc8][0xffffffd8][\r]"[0xffffffd1]up[0xb][0xffffffb6]Q[0xffffffab][0xffffffe7][0x17][0xfffffffa]A[0xffffffd7].[0xffffffd7][0xffffffa0]U:XB[0xffffffca][0xffffff9d]H[0xffffff80]R[0xffffffe7][0xffffffaf][0xffffffea][0xffffffdc][0xffffffe4][0xffffffac][0xffffff8f][0xffffffd0][0xffffffe7]_[0xffffffc0]7[0xffffffc2]6E[0xffffff96][0x14][0xffffffef]m[0xffffffc6][0xffffff9c][0xffffffd2][0xffffff85]A[0xffffffd0]6p[0xffffffca][0xfffffff1]pgu[0xffffff8e][0x11][0xffffffc4]s[0xffffff9f][0xffffffd1]>[0xffffff86]i[0xffffff9c][0xffffffdf]h[0xffffff9a][0xffffffe8][0xffffffe9][0x7f][0xffffffa5]j[0xffffffec][0xffffffac][0x18]Wo[0xfffffffd]W[0xffffffb7][0xffffffd5]_[0xffffffa0]G[0xffffffff]bK+[0xfffffffe][0xffffffcf];[0xffffff99]W(o[0xfffffff5][0xffffffdf][0xffffff96]&s[0xfffffffe]k[0xffffff84][0x12]U[0x5][0xffffffa3]Y[0xffffff80][0xf][0xffffffdc];[0xffffffbc]_[0x1c][0xffffffad][0xffffff82][0x18][0x0][0xffffffa0]h[0xffffffe3][[\n]"
09:46:43.551 [main] DEBUG com.github.dockerjava.zerodep.shaded.org.apache.hc.client5.http.wire -- http-outgoing-2 << ".h[0xfffffff0]![0xffffffd2][0xffffffe1][0xffffffff]O[0x3]a[0x1f][0xffffffd3][0xfffffff2][0xffffffff][0xffffffc3][0xffffff96][0xf][0xffffffa0]5[0xffffffff]'[V[0xffffff90][0xffffffbc][0xffffffe7][0xffffffbf]~v[0xfffffffa][0xfffffff3]/%[0xffffffcc][0xffffff84]8[0xffffffb3]b[0xc]y[0xffffff88]{[0xffffffbc][0xffffffff][0x13][0xffffffec]*[0xfffffff8]9[0x0][0x0][0xffffff92][0xffffffff]23m[0xffffffc4]?/Vv[0xffffff90][0xffffffbc][0xffffffd7][0x7f][0xffffff80]%[0x8]Y[0xffffff99][0x15][[0x1d][0xffffffec][0xffffff99]n[0xfffffffe]W$[0xffffff94]@>[0xffffffc2][0xffffffff][0x17][0xfffffff0]^[0xffffffb8][0xffffffc9][0x7f][0xffffffcc][0xffffffcc][0xb][0xffffffd0]V[0xfffffffe][0xffffffb3]Z[0x16][0xffffffa1][0xffffffac][0xfffffff7][0xffffffff][0xffffff90][0xffffffbd][0xfffffffc][0xffffff9f]b[0xfffffffe][0xffffffcf][0xffffffe6]6[0x4][0x0]@[0x2][0x6][0xffffffa0][0xffffffa9][0x2]h'[0xfffffffe][0xffffffa6][0xffffffc2][0xfffffffa][0xffffffb7])h[0xffffff8a]L#B[0x0][0xffffffe4][0xffffffcf][0xffffff8f]Gi[0xffffff9f][0x9][0xffffffba][0xfffffff8][0xffffff8f][0xffffffcf][0x9][0xfffffff3][0xffffffcf]a[0xffffffa2]7[0xffffffba][0xffffff8f][0xffffffa5][0xfffffff7][0xffffffcc][0xffffff9b]s[0xffffff9b]?$[0xffffffa1]f[0xffffffc2][0xffffffa0][0xffffffe5][0xffffffd1][0xffffffc4][0xffffffff]oB[0x4][0xc][0xffffffbd]+[0xfffffffd]5[0xffffffa4][0x14][0xffffffae][0xffffffe8][0xffffffc1][0xffffff84][0xffffffa6][0x17][0x16][0x0][0xffffffd9][0xfffffff5][0xffffffff][0xfffffffc][0xffffff8d][0x1d][0xffffff9d][0xf][0xffffff80][0xffffffc3],[0x3][0xffffffa0][0xffffffc5]u[0x0][0xffffffd8][0x3][0x0][0xffffffc0][0xffffffe3][0x0][0x0]G9[0x0][0xffffff8a] [0x8]`[0x5][0x0] 6[0x0]@[0xffffffcc][\n]"
09:46:43.552 [main] DEBUG com.github.dockerjava.zerodep.shaded.org.apache.hc.client5.http.wire -- http-outgoing-2 << "[0xffffff80][0xffffff91][0x5][0x0][0xffffff96][0xffffffbd][0x0][0xffffffec][0xffffffec][0xffffffff][0x9][0x5]][0xfffffff8]x?[0x7f][0xffffff9d][0x4]_[0xffffffb1][0xffffffe1][0xffffffda]][0xffffff80][0xffffffd6][0xffffffbf]l[0xffffff9f][0xffffffac][0x1d][0xffffffc0][0x15][0x1c][0x10]x#[0xf][0xffffffe0][0xffffff93]?[0xe][0xfffffff6][0xffffffe9]Y0[0xffffffff]<[0xffffffa6]w[0xffffffd8][0xffffffde]S[0xffffffe9]p^[0xfffffff7][0xffffffae][0x11]-ju[\n]"
09:46:43.552 [main] DEBUG com.github.dockerjava.zerodep.shaded.org.apache.hc.client5.http.wire -- http-outgoing-2 << "[0xffffffe0][0x18]:[0xffffff84];vD[0xffffffca][0xfffffffa],[0xffffffa1][0xffffffda][0xffffffd3][0x0]^[0xffffffe7]B[0xffffff8f][0xfffffffe]e>[0xfffffff0][0xffffffde][0xffffffbc][0xffffffeb][0x1e]F[0xffffffff]SQ[0xffffffd0]Q[0xfffffffd]e&[0xffffffae]&[0xffffffde][0xffffffe4][0xffffffd9]1[0x3][0xc]%[0x1e][0xffffffe6][\r][0xffffffd4][0xffffffcf][0xfffffff8][0xffffff8a][0xffffff9a][0xffffffe9][0xffffff86][0xffffffaf][0x5][0xffffffca][0xffffff93][0xffffffd8]n/(*[0x1d][0xfffffffb]S[0xffffff9a]X[0x7]d[0xffffffab][0xfffffff9]kQ)*[0xfffffff6][0xffffffd4]p[0xffffff8f]A)[0xffffffe6]I&;pLS[0xffffff87][0xffffffbe][0xffffff88][0xffffffc6][0xffffffe3]Pc[0xffffffb4]6c[0xffffffd9]3>[0xffffffc4][0x1e][0x0][0x0][0xffffff99][0xfffffffb][\n]"
09:46:43.552 [main] DEBUG com.github.dockerjava.zerodep.shaded.org.apache.hc.client5.http.wire -- http-outgoing-2 << "[0xffffff8d][0x19]ZeR[0xffffff86][0xffffffff]Za[0xffffffaf][0x0]^6[0x0][0xffffff93]>[0xfffffff7]=[0xffffffc6][0xffffffbe][0xffffffc6][0xffffffb6][0xffffffca][0xffffff89]w*[0x7f]G[0xffffffe8],[0xffffff81]p3[0xffffffc2][0x1d][0x3]_[0xffffff87][0xffffffa7]u*b[0xffffffcb][0xffffffc2]R[0xfffffff8][0x6][0xffffffd5][0xffffff8c][0xffffffe2]Vl[0xffffffd7]EO[0x13][0xfffffff0]c[0x9][0xffffffa3][0xffffffbb]y"[0xffffffec][0xffffffe9][0x10]Ia[0xfffffff9][0xffffffd5][0xffffff9e][0xffffffe3][0xffffffca][0xfffffffc][0xfffffff4]][0xffffffb7]%[0xffffffbe][0x1e][0xffffff9b][\n]"
09:46:43.552 [main] DEBUG com.github.dockerjava.zerodep.shaded.org.apache.hc.client5.http.wire -- http-outgoing-2 << "[0x1][0xffffffd6]6[0xffffffa1]N+[0xfffffffe][0xffffffa9]n[0xffffff97]]h[0xffffffa1]s[0x7]&[0xffffffd7]E[0x19]C[0xffffffea]$[0x8][0xffffff8c][0xfffffff3]d[0xffffffaf][0xfffffff0][0xffffff98]N[0xffffffe8][0xffffffea]&[0xffffffa0][0xffffffd1][[0xffffff86]([0xfffffff4]`[0xffffffbd][0xfffffff9][0xffffffc7][0xffffffb7][0xb]Ub:[0xffffffb7][0xffffffa8][0xffffffb3]/[0xffffffbd][0xffffffa2][0xffffffe8][0xffffffb9]e[0xffffffb7][[0xffffffd0][0xffffffbc]&[0xffffffef][0x7f][0xffffff8b][0xffffff85][0xffffff9c]D",;[0xffffffc3]S[0xffffff8f][0xffffffb9]N[0x6]she[0xffffff9d]9[0xffffffd3][0xffffffba]R[0xfffffff9][0xffffff91][\r][0x16][0xffffffa4].[0x16][0xffffffe0][0xfffffff1][0x5][0xffffffa5]j[0xffffffd4][0x6]_[0xffffffe2][0xffffffbd]C[0x3][0xffffff9e];Vz2qK[0xffffffd9][0xffffffc8]O[0xffffffd5][0xfffffffb][0xfffffff5]Oz[0xffffff90][0xffffffc5][0xffffff9f][0xffffffac]`[0xffffffa2]-[0x2][0xffffffdc][0xffffffbb]'[\n]"
09:46:43.553 [main] DEBUG com.github.dockerjava.zerodep.shaded.org.apache.hc.client5.http.wire -- http-outgoing-2 << "[0x1b][0xffffff8a]Zv[0x19][0x17][0xffffffe1][0xffffffad][0xffffffc4][0xffffffef]u[0xffffff92][0xffffffc4][0x6][0xffffffec][0xffffff96]3[0xffffffb0][0xffffffc5][0xfffffffe][0x7f][0xfffffff8]+[0xffffffbc][0xffffffc9][0xffffffa0]23[0xffffff88]f[0xffffff9a][0xffffffa8]DW[0xffffff9a][0xffffff96]#[0xffffffc5][0xffffffa8][0x6]x[0x9][0xffffffca][0x7f][0xfffffff6][0xffffffb9][0x17]4[0xffffff8c]i[0xffffffe1][0xffffffec][0xffffffd1]9"[0xffffffce][0xffffffae][0xffffffbd][0x16][0xffffffb8][\n]"
09:46:43.553 [main] DEBUG com.github.dockerjava.zerodep.shaded.org.apache.hc.client5.http.wire -- http-outgoing-2 << "[0xffffffd0][0xffffff92]VY[0xffffff81]+l[0xffffff92][0xffffffc7][0xffffffe6][0xffffffdd]~[0xffffff9b][0xffffffd3][0xffffff81][0x13][0xffffffaf]V[0xffffffc4][0xffffffcd][0xc][0xffffffc5][0xffffff8c][\n]"
09:46:43.553 [main] DEBUG com.github.dockerjava.zerodep.shaded.org.apache.hc.client5.http.wire -- http-outgoing-2 << "[0xffffffbb][0xffffffb0][0xffffffb0][0xffffffd5]8>[0xfffffff8]jy[0xffffffe2][0xb]1[0xffffffbf][0xfffffffc][0xffffffe1][0xffffffb5]$[0xffffff9f]_[0xffffff8a][0xffffffb5][0x15][0xffffffa9][0xffffffe9][0xffffff90][0x7]5[0xffffffa7][0xffffffc9][0xffffffab]Pi[0x1][0xffffff80][0xffffffa6]N[0xffffff92]Y[0xffffff93]S04"CJ[0xffffffa6][0xffffffec]c[0xffffffbf][0xffffffe7][0x5][0xffffffa4]FQ[0xffffff8a][0x10][0xffffff9b][0xffffffb1]b[0xffffffda]_[0xffffff82]Ui[0xffffffaa][0xffffffd2][0xffffff9f][0xe][0x1b];Y[0xffffff9b]&[0xffffff80][0xffffffd4]/[0xffffffc9][0xffffff8b].*l[\r][0xffffffef]xq?[0x16][0xfffffffc][0xffffff88]W[0xffffffe3][0xffffffdf]R][0xffffff95]6[0xffffffc0][0x6][0xffffff91][0xffffffa8][0xffffff9f]h[0xffffffdd]{ [0xffffff99][0xfffffffe][0x12][0xffffff9b]&[0xffffffbc][0xffffffec][0xfffffffd][0xffffffe9][0xffffffbf][0xfffffff7][0x1c][0xffffff80][0xffffff85]=FR&[0xffffff90]w[0xffffffc4][0xfffffff0]N?L[0xffffffd7][0xfffffffd][0xffffffa7][0xffffffb0][0xffffffc5];^"[0x0]+[0xffffffc2]s[0xffffffad]$[0x15][0xffffffc2][0xffffffae][0x0][0xffffff8b][0xffffffb0][0xffffff81]'[0xffffffe8][\r]WT[0xffffffce][0xffffffce]GV[0xffffffcb][0xe][0xffffffb2]!i[0xffffffd5][0x8]Y[0xffffffc6][0xffffffe0]+X|[0xffffffbf][0xffffff92]N[0x1d][0xfffffff1][0xffffffa3]n[0xffffffc8][0xffffffce]7[0xfffffff5]QWK[0xffffff95][0xffffff94][0xffffffb3][0xffffff94][0xffffffd0][0xffffff8f]R[0xffffffa3]O[0xfffffff5]F[0xffffffbd][0xffffffdf]G[0x1a][0xffffff93]N[0xffffffd9]F(Z3[0xffffffb8]Qa[0xffffffd6]mI[0x1d]J[0xffffff8f][0xffffffcb][0xffffffee][0xffffffd3][0x1][0xffffffbb][0x1c]G[0xffffffbb][0xfffffff9]8o[0xffffffda]K[0xffffffc6][0xffffffc4]c[0xfffffff5][0xffffffce]>[0xffffffcb][0x7f][0xffffffb2]z[0xffffff86][\n]"
09:46:43.553 [main] DEBUG com.github.dockerjava.zerodep.shaded.org.apache.hc.client5.http.wire -- http-outgoing-2 << "ZT[0xffffff89][0xffffffb4][0xffffffaf]'[0xffffffdc][0xffffffd8]F[0xfffffff8][0xfffffff6][0xfffffff3][\n]"
09:46:43.554 [main] DEBUG com.github.dockerjava.zerodep.shaded.org.apache.hc.client5.http.wire -- http-outgoing-2 << "u[0xffffffb8][0x2]l[0xffffffd0]M[0xb][0xffffffdd][0xfffffffa][0xffffffc1](Bo[0xffffff9d][0xffffffa3][0x7f])[0xffffffa5][0xffffffc5][\r][0xffffffa5][0x3][0x0][0x13][0xffffffe7]D[0xffffffa1][0xffffffd0]L[0xffffffbb][0xffffffe1]lc"<[0xffffffb6][0xffffffde][0xffffffee][0xffffffb1][0xf][0xffffffc1]w[0xffffffbc]`[0xffffffae].[0x2][0x1a][0xffffffdf][0xfffffff8][0xffffff84][0xffffff92][0xffffffdd]u[0x5]o[0xffffff9f][0x1e][0xffffffad],7}b[0xffffffbb][0xffffff9a]3[0xffffffac][0x1f][0xffffffee][0xffffffe1]z[0xffffffcb]x[0xffffffa1][0x13][0xffffffdc]%[0xffffffae][0xffffffd8]:Y[0xffffff9d][0x1d]8f/:[0xffffffc1]!F][\n]"
09:46:43.554 [main] DEBUG com.github.dockerjava.zerodep.shaded.org.apache.hc.client5.http.wire -- http-outgoing-2 << "q]0[0xf][0xffffffbc][0xffffffa6][0xffffffdf][0x9][0xffffff83][0xffffff8b]e[0xffffff8e][0xffffffb5]'<J5A[0x19][0xffffff8e][0xffffff81][0xffffffb7]v[0xffffffc4]3[0xfffffff2][0xffffffd4]b[0x17][0xffffff96]&[0xffffff83].[0xffffff81]mIh[0x0]@[0xffffffca][0xfffffffb]E[0xffffff84][0xffffffbc][0xffffffcb]5[0xffffffc2][0xffffffd0][0xffffff85][0xffffff94][0xffffff9d][0xffffffce][0xffffff86]R`[0xffffffcd]b[0xfffffff4][0xfffffff9][0xffffffaa][0xffffff82]x[0xf]v2[0xfffffff0][0xffffff95]u[0xffffffc2]9[0xffffff93][0xffffff99]5i[0xffffffa2]he [0xffffffe5][0xffffffad]#[0xffffff89][0xffffff96][0xffffffc8][0xffffff98][0xffffffeb][0xffffffd4]M[0xc]\[0x1f]-[0xfffffff6][0xffffff9e][0xffffffec][0xffffff83][0xffffff88]K[0xffffffcf]+[0xffffffe8].[0xffffff9a][0xffffffa4]D[0xffffff81][0xffffffaf]/n[0xffffffbf][0xfffffff4][\r][0xffffff96][0xffffffdb][0xffffffb0][0xffffff86][0xffffffeb]x[0xffffffc8]p[0x13][0xffffffbd][0xffffffc3][0xffffffaf][0xffffffe0][0xffffffe6][0xffffff97][0x9][0xfffffff9]9[0xfffffff3]z[0xffffffdf][0xffffffc0][0xffffffb7]o[0xffffffbf]?n[0x16][0xffffff9b][0xc][0xffffffc2]f[0x10][0xffffffed]`[0xffffff9f][0xffffffde][0xffffff8b]x[0xffffff8f][0xffffffb1][0xffffffeb][0x0]PB[0xffffffd0][0xffffff85][0x18][0x8][0xffffffe4]L[0xffffffef]`[0xffffffdc][0xffffffb5]<[0xffffff8d]5[0xfffffffe]=[0x3]E[0xffffffce][0xffffff80][0xffffffe9][0xffffff9f]r[0xffffffd8][0xffffffb0][0xffffff94][\n]"
09:46:43.554 [main] DEBUG com.github.dockerjava.zerodep.shaded.org.apache.hc.client5.http.wire -- http-outgoing-2 << "[0xffffff87]i[0xffffff97][0x1c]1&}[0xffffffb1](]P[0xffffffec]8[0xffffffb5][0xffffff8a],*[0x17][0xffffff82][0xffffffab][0xffffff86][0xffffffaa][0xffffff8c][0x7][0xffffffb7]L[0x16][0x16][0xffffffe5]{[0xffffffcd][0xfffffff6]U[0xfffffff3]}[0xffffff89][0xffffffba])[0xffffffee][0xffffffd5]F8[0xffffffd4][0xffffffed][0xffffffeb]Z[0xffffffb4][0xffffffc2][0xffffffe3][0xffffffbf][0xffffffd0][0xffffffab][0xffffff88][0xffffffdb][0x12][0xffffffcf][0xffffffb2][0xffffffc6][0xfffffffc]Ci[0x8][0xfffffff1]yAO[0xfffffffb][0xffffff9d]%[0xffffffb3]to{>~[0xffffff86][0xffffffd8][0x12]KM[0xffffffb3][0xffffff97][0xffffffed]o[0x18][0xffffff9a][0xffffff8e][0xffffffcd]z[0xffffffc9][0xffffffd9]%[0xffffffbb][0xc][0xffffff99][0x0][0xffffffdb][0x1f][\n]"
09:46:43.554 [main] DEBUG com.github.dockerjava.zerodep.shaded.org.apache.hc.client5.http.wire -- http-outgoing-2 << "/y[0xffffffad]8fEt[0xffffffde][0xffffff81]|[0xffffffb3][0xffffffe4][0x1]s[0x3]h?[0xffffffdc]epV[0xffffffed]2[0xffffffbc][0xffffffe2][0xffffffea][0xffffffc0][0xffffff8c][0xfffffff0][0x10]f[0xffffffd1][0x4]V[0xffffff8c],;[0xfffffffc][0xffffff85]%[0x2][0xffffff8b][Q3[0xffffffaa]?[0xffffffed][0xffffffe1][0xffffff8d]0[0xffffff83]\[0xffffffc7];[0xffffffa8][0xffffffe4][0x1d][0xffffff8b][0xffffffca]?[0x1d]V[0x12][0xffffff99][0xffffffdf]6[0xffffff89][0xffffff8a]4r[0xffffffd4]E[0xfffffff7]Y4O[0xffffffcd][0xffffffb4]N[0xffffffb4]fcX[0xffffff82][0xffffff9a]T[0xffffffe9][0xffffffb1][0xffffffcb];[0xffffff93][0xffffffe3][0xffffffe9][0xffffffce]d[0xfffffff2][0xffffffd5][0xffffff9a][0xffffffbe][0x5]xW[0xc][0xffffff97]q1[0xffffff96][0xffffff8d][0xffffffaf][[0xffffffb5][0xffffffa9]K[0xffffff96][0xffffff83][0xffffffbb][0xffffffe1][0xfffffff8][0x12](H[0xe]n~}[0xffffff90]r<3[0x3][0x0],[0xfffffffa]j1[0xfffffff5][0xffffffa7]hh[0x4][0x19]K?S[0xffffff8a][0xffffffe8] UP[0xfffffffa][0xffffffcc][0x5][0xffffffd0][0xffffffc3][0xfffffff2]*qG[0xffffffad]T[0xffffffb3][0xffffffbb][0xffffffa1]'[0xffffff99][0xfffffffe][0xffffff93]e[0xffffffaa]f[0xffffff88]bo[0xffffffbb][0xffffff92][0xffffffd3][0xffffffd6][0x4][0xffffffc5]G[0xfffffffa][0x16]=[0xffffff92][0xffffff83]3X[0xffffffbd]<[0xffffffb1][0xffffffae][0xffffffe5][0xffffffc5][0xffffffdc]"[0xffffffb4][0xffffffbb][0x1d][0xffffffa6][0xffffffda][0x7][0xfffffff0]u[0xffffffe9] [0xffffff90][0xffffffad][0xffffff80]9[0xffffffdb][0xfffffffc]KZF[0xffffffe5][0xffffffe8][0xfffffff3][0xffffffbc][0x7]Jh[0xffffffd6]3[0xffffffe7][0xffffff9e][0x1e][0x19]0pdq[0xffffff8b]\[0xffffffb1][0xffffffd9][0xffffff8f][0xffffffee]/[0xffffffdd][0x1e][0xffffffed]"
09:46:43.560 [main] DEBUG com.github.dockerjava.zerodep.shaded.org.apache.hc.client5.http.wire -- http-outgoing-2 << "_[0x3][0xffffff9f][0xffffffb8]#/fn[0xffffff81][0xffffff96]`[\r][0xffffffd8]T[0xffffff9a]s*z[0xffffffbe][0xfffffffa]![0xffffff9e][\r][\n]"
09:46:43.560 [main] DEBUG com.github.dockerjava.zerodep.shaded.org.apache.hc.client5.http.wire -- http-outgoing-2 << "4737[\r][\n]"
09:46:43.561 [main] DEBUG com.github.dockerjava.zerodep.shaded.org.apache.hc.client5.http.wire -- http-outgoing-2 << "m[0xffffffba][0xb][0xfffffff3][0xffffffd5][0xffffff88][0x1b][0xffffffa5]x3[0xffffffff][0xffffffc2]/[0xffffffaa]M[0xffffffea][0xffffffa2][0xffffffbd][0x0][0xffffffc4][0xffffffbe][0xffffffcf]3[0xffffffc0]e[0xffffff93][0x5]~[0xffffffdf][0xfffffff4][0xffffff99][0xfffffff2][0xffffff85][0xffffffe8]^I?[0xffffffd4][0xffffff89]|[0xffffffe7][0xffffffca][0xffffff81]R[0xffffffd5][0xffffffc2][0xffffff80]}[0x7f][\r]R[0xffffffbf]t[0xffffffb0]rD/[0xffffff90][0xfffffff5][0x17][0xffffffdc]S&Z[0xffffffaf][0xe][0xffffff8d]/[0x14]7K[0xffffffd0][0xffffffe0]e[\r]R[0xffffffe6][0xffffffe7][0xffffff96],[0xffffffaa]St[0xffffff8d]l8[0xffffffdc][0xb]/[0xffffffbb][0xffffff85][0x7f]c[0x13]e[0xffffffcd]7[0xffffff97]K[0x2][0xfffffffb][0xffffffd7][0xffffff9e]/[0xffffffcb][0xffffffad]jG/-[0xffffff81][0xffffffd4][0xffffffac] [0x3][0x1c]^#[0xffffffb1][0xffffff85][0x3]p[0xffffffb5]+[0xffffff87][0xfffffff0]KPF[0xffffffae]d<`|[0xffffffe1][0x14][0xffffff90]i[0xfffffff2])[0xfffffffe][0xfffffffc][0xc][0xffffffa0][0xffffff8c]v[0xfffffffe][0xffffffd5][0xffffff8d]3[0xf]6[2[0xffffffd9]?[0xffffffd2][0xfffffff8]|[\n]"
09:46:43.561 [main] DEBUG com.github.dockerjava.zerodep.shaded.org.apache.hc.client5.http.wire -- http-outgoing-2 << "[0xffffffcc]-J[0xffffffd0][0xffffffeb][0xffffffbc][0xffffffce][0xffffffd4][0xffffffd1][0xffffffee][0xfffffffb][0xfffffff6][0xffffff96][0xffffffa6][0xffffffe4]F[0x9]0[0xffffff9b][0xffffffbb][0xfffffff6][0xffffffc3][0xffffff89]0[0xffffffee]~[0xffffffdc]$%[0xffffffc7][0xffffffed][0x1a][0xffffff80][0xc][0xffffffb6][0xffffffbe]<[0xffffffe4][0xffffffe3][0xffffffa6][0xffffff96]H[0xffffff8a]b[0x16][0x10][0xfffffff7])[0xffffffd3][0xffffffe7][0x7][0xffffffa3]#[0xffffffd7]OI9[0x13]z[0x0][0x17][0xffffffc9]~[0xffffffd9],[0xffffffd9][0xffffff8f][0xffffffb4]ck[0xffffff9f][0xffffffde][0xfffffff5][0xffffffde]S[0xfffffffe]kd[0xffffffa8][0xffffffe2][0xffffffe4][0x6][0xffffffc1][0xffffff90][0xffffffc8][0xffffffbb][0xffffff98][0xffffffe9][0xffffff8b]a=[0xffffff81][0xffffff98][0xffffffa1][[0x19].a[0xffffff9c][0xffffff88][0x1d][0x1a]:[0xffffffc3][0xffffff82]$?so[0xffffff8a][0xffffffe3][0xffffffcf][0x17][0xfffffff4][0xf]k&[0xffffffbb][0xfffffffb][0xffffffd3][0xffffffe6]*[0xfffffffa][0xffffffce]:H[0xfffffffb]FV[0xffffffab][0xfffffff7][0xffffffd4][0xffffffbc][0xffffff99][0x15][0x18][0xffffff90][0x0]_[0xffffffbd][0xffffffdb][0xffffffe4][0xffffffe2][0xffffff82]c[0xffffffa7][0xffffffab]d[0x0][0xffffff84][0xffffffa1]_[0xffffffa9]w[0xffffffda]: [0xffffffae][0xffffff92]L[0xffffffbe][0xffffffa0]$[0xffffffd8][0xffffff9b][0xffffffb0][0xffffff89][0xffffff95][0xffffffec]h[0xffffff8f][\n]"
09:46:43.561 [main] DEBUG com.github.dockerjava.zerodep.shaded.org.apache.hc.client5.http.wire -- http-outgoing-2 << "[0xffffffff][0xfffffff7]~1[0xffffffa6][0xffffffbf][0x1c]z7[0xffffffbc][0xffffffe0][0xffffff8e][0xffffff93]j[0x17][0x10][0x1c]i([0x1f][0xffffff8b]?V/[0x1b][0xfffffff1]q[0xffffff84][0xffffff9a] p[0xffffffbe][0xffffffca][0xffffffd9]/[0xffffffdb]<:9Y[0xffffffc6][0xfffffff4][0xffffffc4]tfay[0xffffffc7]][0xffffffd5]|[0xffffff9d][0xfffffff8][0xffffffaa][0xffffffa2][0xffffffc8][0xffffffac])nn][0xffffffec][0xffffffec]&[0xffffffa6][0xffffffda][0xffffff93][0xffffffa3][0xffffff8c][0xffffff80][0xffffff84]P[0xffffff96][0x10][0xffffffb9]z[0xffffffc0]i`.[0xffffffb1][0xffffffdd]r[0xffffff80][0xffffffdc][0xffffff83][0xffffff8f][0xffffffad]5[0xffffff9c]#\[0xffffffd9]$[0xffffff83]mo^Uw[0xffffffec][0xffffffdc][[0xffffffbb]=[0xffffffdf][0xffffffe1][0xffffffb0][[0xfffffff7]i[0xffffff80][0xffffffa6][0xffffffb6][0xffffff96]w$[0xfffffff9]'Ii[0xffffff8b][0xffffffa6][0xffffffa1][0x1a]w][0xffffffed][0x6][0xffffffe2][0xffffffad]p[0xffffffd8][0xffffffac][0x0]'[0xfffffff4]$9[0xffffffa3][0x0][0xffffffd5][0xffffffdb][0xffffffec]$D[0xffffffde][0xffffffbc][0xffffffb4][0xffffffcf][0xffffff83][0xfffffff0]([0xffffffe9][0xffffffc2][0xffffffd2][0xffffffee][0xf][0xffffffd4][0xffffffca][0xffffffef][0xffffffe0]I[0x1c][0xffffffce][0xffffff92]=32v8[0xffffffab]TQ[0xffffffb1]$[0xffffffb5][0xffffff9d][0xffffffe2],Yw[0xfffffff2]"T~?[0x0][0xffffffc0][0xffffffbe]u[0xffffffb1][0xffffffc0][0xffffffb2][0xffffffd3][0xfffffff6]G$[0xffffffe9][0x9][0x18]1dB [0xfffffff8][0xffffffe9][0x1b]H[0xffffffff][0xffffffe7][0xffffff82][0x4]eL[0xffffffbb]]E[0xfffffffb]J[0xffffffcd][0xffffffa1][0xffffffb4]5[0xffffffc1][0xffffffc7][0xffffffc1][0xfffffff4][0xffffffb1]gl[0xffffffe9][0xffffffbb]|X[0xffffffe8]M[0xffffffc8][0xffffffbc][0xffffffb4][0xffffffb5][0xffffff83][0x9]r[0xfffffffd][0xffffffcc][0x19]J[0xffffff8e][0xfffffff9]4[0xffffff94][0x15]#[0xffffffeb]v[0x0][0xffffffc1][0xffffffc5][0xc][0x16][0xffffffc4][0xffffffd1][0xffffffb7][0x10][0xffffffdc][0xffffffbb][0x19][0xffffffbf]([[0xffffff85][0xffffffeb][0xfffffff7][0xffffffb4][0xffffffb9][0xe]'I[0x5][0xfffffff0][0xffffff95]o:[0x3]~[0x6][0xffffff9e][0xe][0x17][0x10][0xffffffe9]Q[0xffffffad][0xfffffff5][0x1b]0%![0xffffff86]N[0xffffffec]O[0xffffffb8]#[0x17][0xffffffda][0xfffffffe]"[0xffffff93]T[0xffffffe7][0xffffff96][0xffffffdf][0xfffffff3][0xffffff87]N[0xffffffcd][0xfffffff8][0xffffffbf][0xffffffc9][\r]o[0xffffffce][0xffffff81]X[0xffffff86]/Iv[0xfffffffe][0xffffffb6]j([0xfffffff5]W[0xffffffe1][0xffffffe6][0xffffff94][\r][0xffffffb2][0xffffffdc]e[0xfffffffa][0xffffffee][0xffffff8c]Ish[0xffffffe7][0xffffffed] [0x7][0xffffff9e]![0xffffffe2]k>[0x1f][0xffffff9c][0xffffffd3]A"[0xffffffff]UMq[0x8]-[0x1a]lZ>[0xffffff90][0xffffffb7][0xffffffff][0xffffff8e][0xffffff9b][0xffffffe2][0xffffffc0]![0xfffffffc][0xffffffe6][0xffffffbe][0xffffffe3][0xffffffcd][0xffffffa8][0xfffffff0][0xffffffd8][0xffffffa8]w[0xffffff81]`J[0xfffffffd]U[0xffffffbe][0xffffff98][0xffffff94]>X[0x7](P[0xfffffffd]^[0xfffffff9][0xb][0x6][0xffffffa3]b^{[0xffffffe7][0xffffffe9]n[0xfffffff1]O*[0xfffffff5][0x6]F[0xffffff9e]J[0x0][0xfffffff1][0xffffff85]{[0xffffffd8]N[0xffffffa6][0xffffffd8][0xffffffbd]([0xfffffff6][0xfffffff1]G[0xffffffeb];[0xffffffcb]([0xfffffff6][0xffffff8e][0xffffffd2][0xfffffff7][0x14]b[0xffffffa4][0xffffffc7]&[0xffffffdd]y[0xfffffff6][0xfffffffb][0xfffffffa]B[0xffffffeb]nv[0xffffff85][0x9][0xffffffb2]Y[0xffffffca][0xffffffb3][0xffffffe5][0x1b][0xffffffe6][0xffffffef][0x13][0xffffffa9][0xffffffd4]9[0xffffffda][0xffffff8d][0xffffffd5][0xffffffa5][0x1a][0xffffffbe]\[0xffffffb4]O[0xffffff98]p[0xffffffda][0xffffffcc]7][0xe][0xffffffd8][0xffffffdb][0xffffff8d]R[0xffffff86]aR[0xffffff97][0xffffff91]A[0xffffffec][0x5]O[0x7][0xffffffd8]i[\n]"
09:46:43.561 [main] DEBUG com.github.dockerjava.zerodep.shaded.org.apache.hc.client5.http.wire -- http-outgoing-2 << "x"![0xffffff9b][0xffffffba][0xffffffda][0xffffff81][0x2][0xffffffab]u8[0xffffffd2]uF`/w[0xfffffff8]A[0xe][0xffffffc0]!/Lc[0xffffffc3]c[0xfffffffd]2P[0xffffff84]N[0xffffff95][0xe][0xffffffb5][0xffffff8a][0xffffffbf][0xffffffeb][0xfffffffb][0xffffffae][0xffffffc1][0xffffff98]N[0xffffffc5]#[0xffffffca]?@[0xffffffe1][0xfffffff2]h[0xffffffe8][0x10][0xffffffda][0xffffffed][0xffffffd3][0xffffffad][0xffffffb9][0xffffffa6][0xffffffe3][0xc]R[0xffffffef][0xffffff99]y[0xffffff8e][0xffffffdc]`[0xfffffffe][0xffffffcd][0xfffffff6]Y[0xffffffbb]}[0xffffff97][0xffffff8b][0xffffffed]"8[0xffffffe3][0xffffff92]K[0xffffffec][0xfffffff5]j[0x1e][0x17][0xffffffba]Yo[0xffffffb6].j[0xfffffffe][0xffffffb7][0xfffffff9]D[0x11]R[0xffffffb7]g[0xffffffbf]X[0x18][0xffffffb8]#[0xfffffff7][0xffffffaf]@[0xffffffb9]w[0xfffffff0][0xffffff88]/[0xfffffff7]U&[0xffffff8f][0xfffffff3]pu[\r][0xffffff9d][0xffffffd4]W[\n]"
09:46:43.561 [main] DEBUG com.github.dockerjava.zerodep.shaded.org.apache.hc.client5.http.wire -- http-outgoing-2 << "[0xffffffd6][0x14][0x2][0xe]k[0xffffffa6][0xffffffa9][0x3][0xffffffcf]0?[0xffffffd5][0xffffff9f]c([0xffffffbf][0xffffffc3]_[0xfffffff7]U[[0xffffff9e]h[0xffffff86][0xfffffff3]sW[0xfffffff4][0xffffffa2][0xffffffac]v[0xffffff97]I[0xffffffe9][0x1d][0xffffffd5]}[0xffffff96][0x5]U[0xffffff89][0xffffffbb][z+[0xffffffe1]u[0xfffffff5][Q[0xffffffd5][0x7f][0x13]|%[0x12]2[0xffffffcf][0x3][0xffffffa3][0xffffff87][0xffffffda][0xffffffa7]5[0xffffffa6]B[0xffffffc9][0xffffffc9]*[0xfffffff1][0xffffffc0][0xfffffff4]~[0xfffffffe]A$|[0x1a][0x1b]s[0xffffffe2][0xffffff98][0xffffff98][0xffffffde]l1[0xffffffcf][0xfffffff1])ST[0xffffffeb]&K7[0xffffffa4][0x4][0xffffffce]y[0xffffffc5]-[0xfffffff5][0xffffffd9]$[0xf][0xffffff97]Q[0xffffffa5]3Y[0xffffff8b]MD[0xffffff8f]m[0xffffff84][0xffffffc9]M[0xffffffbf]`[0xffffffea][0xffffffac][0xffffffbc]N[0xffffff85][0xffffffc0]-p[0xffffffa0][0x13][0xffffffb3]TM[0xffffffdb][0xc][0x7f][0xffffff96][0xffffffe7][0xffffff86][0xfffffff8]~A[0xfffffff7]@"[0xffffffd8]z[0xffffff94][0xffffff82][0x17]~[0xffffffe7][0xffffffb6][0xffffffe2][0xffffffd9]1[0x9][0xffffffb4][0xffffffb0]b[0xffffffaa]{[0xffffffb8][0xffffffe1][0xffffffe7].[0xfffffff6][0x8][0xffffff9c]q[0xffffffc8]{h[0x15]4[0xffffffab][0xfffffff2][0xc][0xffffff98][0xffffffeb]Y[0xffffffa5][0xfffffffe][0x8]_[\r]@[0xffffffd7]%[0xfffffff4]*[0xfffffff9]][0x13][0xffffffab][0xffffffbd][0xffffffa7]4=w&Z[0xffffffdc][0x1d]e[0xffffffa5][0xffffff80][0xffffffc6]*E[0xffffffa1][0x15]~[0xffffff83][0xffffff8f]N[0xffffffe9][0xffffff9a][0xfffffff8][0xffffffc0][0xffffffc4]Y;[0xffffffc0]w[0x0]Vy%[0xffffffae]k[0xffffffc5]l[0xffffffc4][0x5][0xffffffa1][0x14]I[0xffffff93] '[0xffffffbc][0x11][0x18]`[0xffffffcb]P;[0xfffffffc][0xffffffa9][0xffffffc8][0x9][0xffffff80]x[0xffffff89]p[0x14]\[0xffffffe6][0xfffffff2][0xffffffb7]Y}([0xffffffd4])[0xffffffb5][0xffffffac][0xfffffffb]>i[0x1a][0xffffffda][0xffffffef][0xffffffcf][0xffffffd0][0xffffff9a]t=[0xffffff88]m[0xffffff88]h71*{Y[0xffffffaf][0xffffffcb][0x8][0xffffff89][0xffffffa0]\[0xffffff82][0x10][0xffffffe7]h[0xffffffd8][0x4][0xffffffed][0xffffff94]\][0xffffffe9]9[0x4][0xffffffa1]bZ[0x6][0xffffffbd]Q[0xffffffbb][0xffffffde][0x12][0xffffff8b][0xf][0xffffffb1][0xffffffac]A[0x9][0x11][0xffffff92][0xffffffbc][0xffffffe5]5-2[0x6][0xffffff92]2[0xffffffeb][0xfffffffe]\[0xffffffdf][0xffffff90][0xffffffd4][0xffffff9e][0xffffffce][0x9][0xffffffa8][0xffffffd8][0xffffffae][0xffffffcd][0xfffffffb][0xffffff90][0xfffffff2][0xffffffc5][0xfffffffd][0xffffffd3][0xffffffde][0xffffffea][0xffffffb7]W[0xfffffff0][0xffffffa4][0xffffffed][0xffffffcf]=d[0xffffff8e]gy38[0xffffffb9][0xffffff81],7[0xffffffc1]F][0x8][0xffffffd1]>.[0xfffffff7]K[0xffffffe9]~{[0xffffffb8]#[0xffffffa3][0xffffffe2][0xffffffa2][0xffffffd9][\r]?[0xffffff8b]_[0x5][0xffffff90][0x7]g[0xfffffff3][0xffffffd8][0xffffffa7][0x3]m[0xffffff97][0xfffffff2]k[\n]"
09:46:43.561 [main] DEBUG com.github.dockerjava.zerodep.shaded.org.apache.hc.client5.http.wire -- http-outgoing-2 << ";}[0x8]v6[0xffffffba][0xffffff82][0xffffff9e]xV([0xffffffed]8[0xfffffffc][0xffffff9c][0xfffffff3]i;q[0xffffffb8][0xfffffff0][0x19]3m[0xffffff95][0x17][0xffffffe3][0xffffffeb][0x1a]|[0xffffffe9][0xffffff9d];[0xffffffe0][0xffffff97][0xffffffaf][0xffffffb2]5[0x1][0xffffffaa][0x18][0xffffffc2]V[0xffffffcc][0x15][0xffffffca]Y[0xffffffce][0xffffffca][0xffffffba][0xffffffa7][0xffffffab][0xffffff83]K[0xfffffff4]S[0xffffffed][0x7f]=[0x17][0xffffffe8][0x1e](]oF[0xffffffb6]|[0x17]C[0xfffffff3][0xffffffee]n[0x1d][0xffffff8b]d[0xffffff8f][0xffffffaf]%[0xffffffd1][0xffffffc2]>f[0xffffffb4][0x1c][0xffffffb3]2e[0xffffffd1][0xfffffff7]z[0x3]Sg[0xffffff81][0x7];[0xffffff8f][0x2][0xffffffdf][0xffffff95][0x10]_TX[0x1][0xffffffa7]Ju$\V[0xffffffc1]0R[0x13]%V[0xffffff8a]][0xffffffee][0xffffffe3]J[0xffffffd0][0xffffffa0]q[0x3][0xffffffa9]4[0xffffff93][0xffffffea][0xffffffc3][0xfffffff1][0x12][0xffffffb8]"[0xffffffa4][0xfffffff8][0xfffffff9]#n&[0xffffffc0][0xffffffc9][0xffffffb4][0xffffffb5][0x0][0x1a][0xffffffda][0x16][0xfffffff6][0x6][0xffffffc7][0xffffffca]U[0xffffffc2][0xffffffa2][0x11]y'[0xffffff84]k[0xffffffc8][0xffffff93][0xffffffe7]`[0xffffffca][0xffffffae][0xffffffb5]n[0xb]g[0x1b][0xffffffe9]:[0xfffffffd][0xffffffac][0xffffff8a][0xfffffffb][0xffffffa7]LU[0xffffff83][0xffffffb2]A[0xffffffec]]v[0xffffffb8][0xffffffe0][0xffffffe1][0xffffffd4]Fg[0xffffff96]"[0xfffffffe],[0x7]Su[0x14][0xffffffa9]],h[0xffffffa1][0xffffffc2][0xffffffa0][0xffffffb8]K2[0xffffffef]*F[0xffffffec][C&[0xffffffea][0xffffff92]Qo)[0xffffffa2][0x4][0x6][0xffffffe7][0xffffffde]P]7[0xffffffef][0xffffffd1][0xffffffa3]5[0xffffffa7][0xffffffea][0x0][0xffffffc0][0xf]d[0xffffffdd]mn[0xffffffea][0xffffffe6]4e[0xffffffd4][0xffffffb5]K[0xb][0xffffffe5][\n]"
09:46:43.561 [main] DEBUG com.github.dockerjava.zerodep.shaded.org.apache.hc.client5.http.wire -- http-outgoing-2 << "[0xffffffa0][F[0xffffffe1][0xffffffec][0xffffffbb][0xffffffbb]i[0xffffffa5][0xffffffbf][0x1a]m1ZwID[0xffffffc8][0x13][0xffffff90]$[0x1c][0x1c][0xffffffbd][0xffffffd5][0xffffffa3][0xffffffc1]po[0x1a][0xffffffd2]V[0x19][0xffffffd8][\r]7[0xffffffff][0xffffffac][0xffffffe9][0xffffffb7]o[0xffffffe5][0x10]f[0x11][0xffffffef][0x1d][0xffffffeb][0x8][0xffffff83]#[0xfffffff2]G,[0x7]q[0xffffff9a]p[0x1f]]7i[0x11]s[0xffffff99]e@[0xb][0xffffffcf][0xffffff9f]/[0xffffffd2][0xfffffffa]a[0xffffffd5]?[0xfffffff2][0xffffffb6][0xfffffffb][0xffffffd2][0xffffffbc]W[0xffffffaa]#[0xffffffbc][0xffffffe3][0xb][0xffffffc3]u[0xfffffff0],[0xfffffff3][0xffffff92][0xffffffd8]lf[0xffffffe2][0xffffffd2][0x1d]'[0xffffffc9][0xffffff93]U[0xffffffc7][0x12]y[0xffffffc1][0xffffffe7]"[\n]"
09:46:43.561 [main] DEBUG com.github.dockerjava.zerodep.shaded.org.apache.hc.client5.http.wire -- http-outgoing-2 << "[0x19][0xffffffd2][0xffffffbd]x$`I[0xffffffcb]bq*[0xffffffce][0xffffffcd]yggp_[0xffffff85][0xffffffdb]f[0xffffffbb]p[0xffffffa6][0xffffffb8]8[0xffffff99][0xffffffc1][0xffffffc4]{[0xffffffa8]X[0xffffffe0][0xffffffa0]|h[0xffffffe7][0xffffffe1]L[0xffffffec][0xfffffff1]u[0xffffffb5]q)[0xffffffd6]6[0xfffffff6])[0xffffffb1][0xffffffde][0xffffffd4][0xffffffb6][0xffffff8c][0xffffffc0],[0xffffffcb][0xffffffba][0x18][0xffffffb3]d[0xffffffe1]+3[0xffffffdf][0xffffffdc][0xffffff9b]Hd[0x3]B[0xffffffd1],[0x17][0xffffffc2][0xffffffd0][0xffffffa4][0xffffffb7][0xffffff9c][0xffffffae][0xffffffef][0xffffffd1]V[0xffffffb3][0xffffffe0][0xffffffc0][0xffffff83][0xffffffb3][0x1f][0xffffffb9][0xffffffb2]}[0xffffff9d][0xffffffc2][0xffffffcd][0xffffffb5][0xffffffa0][0xf]>([0x1b][0xfffffff5][0xffffffa2]T[0xffffffd8][0x8][0xffffffb3][0xffffff96][0xffffff92][0x1]\@[0xffffffec][0xffffffd8][0xffffffdb][0x3][0xffffffcc]C[0xf][0xffffff89]tG0s[0xffffffa4][0xffffffa7]pU[0xffffffb5]O[0xfffffffd][0xffffffcf][0x17][0xffffffbc][0xfffffff6][0xfffffff4][0x1a]%[0xffffffb4]Jw[0x13][0xffffffb0][0xfffffffa][0xffffff9c]a>[0xffffffba])[0xffffffcb][0xfffffffc][0x15][0xffffff81][0xffffffa2]v[0xffffffe2]k[0xffffffe4][0xffffff83]_[0xffffffda]![0xffffff92]2[0xffffff92]J[0xffffffa3][0xffffffca][0xffffff92]kNQ[0x1f]9h[0xffffffc5]?[0xfffffff3][0xffffffd4]S[0xffffff9f][0xffffffbb][0xffffffbe]DwY[0x1d][0xc][0x18][0xffffffdd][0xb][0xffffff82]o![0xffffffd7][0xffffffda]T([0x15][0xffffffdc][0xffffffbd]v[0xffffffdb]k[0xffffffad][0xfffffffd][0x11][0xffffffb5][0xffffff83][0xffffffca]#[0xffffffb0]?ad[0xffffffd8]K[0xfffffff6]Pa[0xffffff9d]nE[0xffffffb5][0xffffffb6]q[0x9]v[0xffffffc6][0xfffffff7][0xffffffb9]Zh[0xffffffb2]h[0xffffffa1]r[0xffffff8b][0xffffffe5][0x1f][0x11]?[0xffffffce][\n]"
09:46:43.561 [main] DEBUG com.github.dockerjava.zerodep.shaded.org.apache.hc.client5.http.wire -- http-outgoing-2 << "#[0xffffffb3][0xffffffe9][0xffffffca][0x11][0xffffff83]x[0xffffffe7][0x16][0xffffff89][0xffffff9b][0x1c][0xffffffe3]@[0xffffffd0][0xffffffd9]VK[0xffffffc9][0xffffffaa][0xffffffc6][0xffffffe9]y7[0x1d][0xffffffe0]k[0xffffffe9]l[0xffffffaf]R[0xffffff96]k[0xffffffb8]5[0xffffffe9][0xffffffd3][0xffffffc5]{[0xffffff82][0xffffff8d]3[0xffffffcf]{[0xffffffcc][0xffffffca][0xffffffd2][0xffffff9e][0xffffff89][0xffffff91][0xfffffff0][0xfffffffa][0xffffffbc][0xffffffd3][0xffffff89][0xffffffcd]_[0xffffff9b][0xfffffffa][0xffffffff][0xffffffb1][0xfffffff7][0xffffffd6]AY[0xffffffae]k[0xfffffffc][0xffffffef][0x3](JH[0x19][0xffffff84][0xffffff94]R[0xffffff82]tKww7Hwwww[0x9][0xffffff82][0xffffff80][0xffffffa2] !![0x8][0xffffff82][0x8][0x8][\n]"
09:46:43.561 [main] DEBUG com.github.dockerjava.zerodep.shaded.org.apache.hc.client5.http.wire -- http-outgoing-2 << "[0xffffffd2]((J[0xb]([0xffffffd2][0xffffffd2] uf[0xffffffb9][0xffffffd7][0x16]d[0xffffffaf][0xffffffdf][0xffffff99][0xffffffc5][0xffffffcb]}[0xffffffce][0xfffffffc][0xfffffffe]xg[0xffffff98][0xffffffd9]3[0xffffffce][0xffffffec]w[0xffffff86][0xffffff8b][0xfffffffb]y[0xffffff9f][0xffffffcf][0xffffffba][0xffffffae][0xfffffffb]s}_[0xffffff93][0xffffffed][0x10][0xffffffa1][0xffffffd8][0xffffffd6][0x17]nG[0xffffff9a][0x7f][0xffffffab]4[0xffffffa1][0xffffffe7][0x16]P[0xffffff9c]Q[0x19][0xffffffa4][0xffffffc1]d[0xffffffad]1w[0x8]KsA[0xfffffff6]A[0xffffffad][0xffffffa1][0xffffffec]t[0xffffffd0]+[0xffffffd7]J[0xffffffe0][0xffffffcb]{[0xffffffa2][0xffffffaa][0xffffff97]N[0xffffff97][0xffffffe3][0xffffffe2][0xfffffff1][0x11]z[0xfffffff2][0xffffffba][0xffffffbd][0x2][0xffffffc7][0xffffffcc]][0xffffffab][0xffffffa4][0xffffffa4]Yi[0xffffff99][0xfffffff5][0xffffffa3][0xfffffffd][0xffffffce]V[0xffffffcf][0xffffffdb]w[0x1a].[0x16]a7K[0xfffffff4][0xfffffff5][0xffffffa7][\r][0xffffffea][0xffffffed][0xffffff9b][0x18][0xfffffff3][0x19][0xffffffa8][0xffffffe6][0xffffffb3][0xffffffd6][0xfffffff7]FTd[0x11][0xffffffd5][0xffffff9f][0x17][0xffffffb1][0xffffffb9]y[0xffffff9e]O[0xffffffc4]`[0xfffffff7][0xfffffffe]b[0xffffff9a][0xffffffbf]Q[0xffffff96][0xffffffbc][0xffffff90][0xffffffed]o6[0x17][0xfffffff2][0xffffffde][0x19][0xffffffdf]>V$r[0xfffffff8]"~m[0xffffffbe][0x4]f[0xffffff90]e^[;g<Z[0x11][0xffffff97][0xffffffe3][0xffffffe8][0xfffffffc]h[0xffffffe7][0xfffffffc][0xffffffb3][0xffffff9b][0x1][0xffffff95][0xfffffff1][0xffffff8a]T[0xfffffff2]!"WS[0x1b][0xffffffa7]U[0xffffffce][0xffffffb7]ow[0xffffffb8]K[0x18][0xffffffd6][0x5]![[0xffffffa6][0xffffff8a]-[0xffffff9e][0xffffff89][0xffffffda][0xf][0xffffffa7][0xffffffa0]A[0x1f]}m[0xfffffff7][0xfffffffd][0xffffffed][0xfffffff8][\r][0xfffffff2][0xffffffbc][0x17][0xfffffff5]v[0xffffffb7]&z0_[0xffffffa9]E8f[0x6]W[0xffffffe6]S[0xffffffe7][0xffffff91][0xffffff89][0xffffffef][0xffffffc4]+[0xfffffff6]a[0xffffffa9][0xffffffc7]{t[0xffffff9b][0xffffffb0][0xffffffc8][0xffffffdc][0xffffffdf][0xffffffad][0xfffffff5][0xfffffff8]y[0xffffffb9][0xffffffae][0x1f][0x1][0xffffff9b][0xffffff81][0xffffffca][0xffffffda][0xffffffd4]R}[0xfffffff4][0xffffff86][0xffffffd1][0xffffff85];Hw[0xffffffda])[0xffffffcc]f[0x12][0x16][0xffffffde]\[0x15][0xffffff9b][0xfffffffa]![0xffffff91]PR[0xfffffff7][0xffffffcc][0xffffff99][0xfffffff3]G'[0xffffff9a][0xffffff82][0xffffff9c][0xfffffff9][0xffffffe4][0xffffff9d]/[0xffffffc4][0x17][0xffffffdc][0xffffffe9][0xffffffb1][0xffffffb9]>[0xffffffd4]<0I[0xffffff97][0xffffffde]=[0xffffffc8][0x14]a.[0xffffffa8][0xffffffd0][0xffffffce][0xfffffffb]<[0xffffffd0]|[0xffffffae][0xfffffffe][0xc][0xffffffe2]S[0xffffff83][0xffffffe8][0xffffff82][0xffffff9e][0xfffffffb][0xffffffb1][0x16][0xffffff9b]O[0xffffffe2]/[0x5][0xffffff87]6[0xfffffff5][0xffffffa3][0xfffffff5][0xffffffdc]S[0xffffffe8][0xffffff9a][0xffffffbe][0xfffffff2][0xffffffee][0xffffffc0]b[0xffffff84][0xffffffda][0xfffffff4][0xfffffffc][0x1c][0xffffff96]R_[0xffffff8c][0xfffffff4][0xffffff8b][0xffffffa0][0xffffffea][0xffffff91]Mk[0xffffffcc][0xffffff82][0xffffff92][0xffffffef][0xffffff94][0x3][0xffffffea][0xffffffb8]Kc92_[0xffffffb1][0xffffff8b]_[0xffffffb1]g[0xffffff99][0xffffff92][0xffffff84]}[0xfffffffc][0xfffffff2][0xffffffd4][0xffffffb6]zK[0xffffff91][0xffffff85][0xffffffe5]KK[0xfffffff0];[0xffffffd2][0xfffffffb];C[0xffffffee][0xfffffffb][0xffffffb3]w[0xffffff9e]=[0xffffffc2][0xffffff99][0xffffffcc]T[0xffffffbb][0xffffffe5]c|[0xffffffef][0xffffffbd][0xfffffffa][0xffffffa3][0xffffffd4][0xffffffbc]u[0x11][0xffffffc1].M,s\[0xffffff89][0xffffffea][0xffffff9a][0xffffffcd][0xffffffc9]MQ[0xffffff82]{[0x19][0xffffffda][0xffffffe9]=R[0x5]rF$M[0x1f]L[0xffffffb2][0x4][\r]s[0x1e][0xffffffdd][0xffffffd7][0xffffffce][0xffffffb0][0x17][0xffffffdf]=[0xffffffc0][0xffffffe0]B[0xffffffed]5Eo[0xffffffcd][0xffffffa2][0xffffff89]N[0xffffff8f]D[\r][0xffffffcc][0x11][0x14]Q[0xfffffff5][0xffffffa9]v[0xffffff90][0xffffffda]r[0xffffffe3][0xffffff8e][0xffffffa0][0xfffffffb][0xffffffc4][0xfffffffd][0xffffff83]r9[0xf]q[0xffffffe8][0xffffffdb][0xfffffff3];[0xffffff91][0xffffffbe]T[0xfffffffe][0xfffffff9]5[0xffffff96]5[0xffffffb7][0xffffff9c][0xffffff84]P>[0xfffffffd][0xffffffcc][0xffffff94][0xffffffd3]o[0x9]g[0xb]yp[0xffffffee][0xffffffeb][0xffffff97][0xffffffe5][0xffffffc1]q[0xffffffa1][0x1][0xffffffa2]WmI[0xffffffe4]$;[0xffffffe6][0xffffff8f][0xffffffce][0xffffff9c][0xffffffc5][0xffffffc1][0xffffffe4][0xffffffc7]%[0xffffffd2]Wl[0xffffffa7][0x1b][0x19]hn[0x19]|}%[0xffffffe0][0xffffff92][0xffffffed][0xffffff96][0xffffff9b]w*[0xfffffff2][0x6][0xffffffbb]g[0xffffff9b][0xffffffbb]p[0xffffffb6]B[0xffffff87][0xffffffb5]w[0xffffffc4][0x1][0xffffff8d][0xfffffff8][0xffffff83][0xffffff81][0xffffff95][0xffffffcd][0xffffffdc][0xffffff91][0xffffffd5][0xffffffb1][0xffffffa4]~[0xffffffdd][0xffffff95][0xffffffaa][0xb][0xffffffa2][0xffffffe4]A[0x13][[0xffffff8c]=[0xffffff82][0xffffff9b]2d[0xffffffc3][0x7]O[0xffffffd2][0xffffffec]n[0xffffffcc]UR[0xffffffcc][0xffffffd9][0x19][0x13][0xffffffed][0x6]<[0xfffffff4]#[0xffffffda]y[0xffffffbf][0xffffffc7][0xffffffd0]y=X[0xffffffa3][0xffffffd3]DDF[0xffffff88]|[0xffffffef][0x11]z[0xffffffa7]d[0xf]c.)[0xfffffffb][0xffffffe6]B[0x18][0xffffffaa].w[0xffffffc9][0xffffffcf]o<[0xffffffc8][0x1b][0xffffffed][0xffffffb2][0xffffffcd][0xffffff93]4D#[0x1f]_[0x8][0xffffff84][0xffffffb3][0xffffffb4]Z=[0xffffff97]wV[0xffffff92]v[0xffffff9e]e[0xffffffa7]{E[0x16]s[0xffffffbb]e[0xffffffdf]p[0xffffffa1][0xffffffff][0xe]}[0xffffffaa]6[0xffffff94]|[0x6][0xffffff85][0xffffffc2]4:M^f[0xffffff95][0xffffff84][0x8]7;n$[0xfffffff3]|[0xffffffbf][0xffffffdd][0xffffffc2][0xffffffd8]g[0xb][0xffffffe9][0xfffffffd][0xffffff90]:[0xffffffff][0xfffffff2][0xffffffa6]g[0xffffff98]kO[0x1f][0xffffffa5]?[0xffffffaf]2[0xffffffa3][0xffffffda]O{[0xffffff9a][0xffffffa7][0x1a][0x1c].[0xffffff86][0x14]o[0xffffffc0]_[0xffffff95][0xffffff9b][0xffffffc3]H[0x14][0xfffffff2][0xfffffff9][0x1d]F>[0xffffffb9][0xffffff86]s[0xffffffa9][0x1a][0xffffffa3]h[0xffffffbd][0xffffffaa][0xffffffc5][0x14][0xffffffae]f[0xf]Y[0x15]2I[0xffffffc5][0xffffffae]][0xffffffe2][0xffffffeb][0xffffffbb][0xffffffb5][0x1c][0xffffffc9][0xffffff84]ye[0xffffffb9]N[0xffffff92][0xffffff92]c[0xffffff9f][0xb][0xffffffbe]b/[0xffffffd6][0xffffffac]a[0xffffffe2][0xffffffed][0xffffffa1]{[0xffffff9c]M[0xffffff99][0xffffffd4]@[0xffffffaa]0[0xffffff85]2[\n]"
09:46:43.561 [main] DEBUG com.github.dockerjava.zerodep.shaded.org.apache.hc.client5.http.wire -- http-outgoing-2 << "#[0xffffff9e][0x4]_[0xffffff97][0xffffffd9][0xffffffbf]Z[0xffffff9b][0xffffffc5]:X[0xffffffe5][0xfffffff3]fDk[0xffffff81][0xffffffe3][0xffffffe6][0xffffff80][0x17][0xffffff92][0xffffffcd][0xffffffbe][0xffffffe8][0xffffff96][0xffffffa7][0x1][0xffffffb2][0xffffff99][0x6]W[0xffffff90][0xffffffb8][0xffffffdb][0xffffffeb][0xffffffbe][0xffffff9e]9[0xffffffee][0xffffffbe][0x1d][0x17][0xffffff8e]D[0x16]|[0xffffffbd][0xffffff9f][0xffffff96][0xffffff8f][0xffffff91][0xffffff8b][0xffffffbf]7K?Ms%[0xffffffd2]Cn[0x17]J[0xffffff8f]*+[0xffffff8f][0xffffffaf][0xffffffc0][0xffffffab][0x11]u[0xffffff8a][0x8][0xffffffe3][0xb]![0xffffffde][0xffffffa4][0xffffff97]hS[0xffffffbd][0xffffffbc][0x12]M[0xffffffa1][0xffffffa8][0xffffffc0]U[0xffffffdd]5[0xffffffa2][O[0x19]d[0xffffff9c][0xffffffd3]Z[0xfffffff5]L[0xfffffff7][0xffffffbd]c[0xfffffffa]7$etR[0xffffffd3][0xffffff8c][0x7][0xffffffdb]w[0xfffffff6][0xfffffff1]H_[0xffffff8d][0x12]u[0x7][0xffffffd3][0xffffffcb][0xffffffa0][0xffffffbc][0xffffffd2][0xfffffff1][0xffffff99][0xffffff97]A[0xffffff8b][0x12][0xfffffff9][0xfffffffe][0xffffffe9][0xfffffffa][0xffffffcc]e7[0x16][0xffffff99]([0x1b][0xffffffb6]X[0xffffffb7][0xfffffff4][0xffffffc9]%[0x1d]D[0xffffff87][0xffffffc7]l[0xc][0xffffff9d][0x13][0xffffffe4][0xffffffbd]~;[0xffffffee][0xfffffff8][0x1b][0xffffffc1]J[0xffffffe3]t[0xffffffaf],[0xffffffc5]G[0xffffff87]X8[0xfffffff9]P[0xffffffce]1[0x18]W[0xffffffbd]![0xffffffc7]NSx&g`E[0xffffffa9][[0xffffffff]~[0xffffff8a][0xffffffd5][0xf][0x19][0xffffffda]_[0xffffffb9][0xffffffa9][0xffffffe4][0xffffffb9]\[0xffffffa5][0xffffff90]%o _j[0x1f]g|[0xffffff80]\[0x16][0x12]l[0xffffff80][0xffffffc0][0xffffff89][0xffffffae]u}O(E[0x7]IV[0xffffff84][0xffffffda][0xffffffd2]%b[0xffffffda]`Su[0xffffffeb][0xffffff96][0xffffffb5]l[0xffffffa4][0xffffff9f][0xffffffde][0xffffffb5][0xffffffab][0xffffffaa][0x5][0xffffff8a][0xffffff8e][0xffffffb3]OJ[0xffffffdb]v[0xffffffc6][0xffffffc3]$[0xc][0xffffff8c]2[0xffffffea]s[0xffffffb9]1>[0xffffff92]JX[0xb]6[0xffffff99][0xffffffd4][0x17][0xffffff99][0xffffffa5]?4[0xc]rk[0xffffff95][0xffffff8d][0x18]<[0xffffffc3][0xfffffff9][0xffffffd0][0xffffffff][0x1d][0xffffffeb]{[0xffffffe5][0xffffff94]e[0xffffffb5][0x16]fn[0xffffffef][0xfffffffb]+k1[0x4][0x1f]hT[0xb][0xffffff8d][0xffffff9e][0xffffff84][0xffffffe8]8[0xffffffe5][0xffffffab][0xffffffec]I[0xffffffba]j^[0xffffffa3]*[0xffffffd1][0xfffffffd][0x1e][0xffffff8d]~[0xffffffe5][0xffffffc6]E.[0xfffffff4][0x1f][0x12]([0x1f][0x1e][0x19]?[0xffffffd4]Z[0xffffffe6][0xffffff8e]L[0xffffffbc]{g[0xffffff82]>([0xffffffb2]za[0xffffff89]5[0xb][0xffffffb7][0xffffffa6][0xffffffde][0xffffffb0][0xffffffef][0xffffffc7][0xffffff96][0xffffffdd]NB[0xf]S[0xffffffa7][0x0][0xffffffff][0xfffffffd]gZ[0xffffffac][0xffffffda][0xfffffff4][0xffffffdd][0xffffff95]&,9[0xffffff8c][0xfffffffe][0x3][0x1b][0xffffffc9][0xfffffff6][0xffffffb6][0xffffff92]?[0x1f]g[0xffffff8d]b[0x5][0xffffffba]'GnZ[0xffffffc5][0xfffffff9]T[0xffffff91][0x7f][0xffffffd2]0Q[0xffffffc8][0xffffffa5]|[0xffffffef][0xfffffff7]E+[0xfffffff6][0xffffffd3][0xffffff87][0xffffffbd][0x10][0xffffffd2]T'Q[0x12][0xffffff99][0x11][0xfffffff1][0xffffffa4][0xffffff99]f[0xffffffc1][0x18]B9[0xffffffc9][0xffffffeb][0xf][0xffffff95][0xffffff89]1[0xffffffb3][0xffffffb7][0xc]g[0xfffffffc][0xffffffbe]|[0x12][0xffffffef][0xffffffbf][0xffffff89][0xffffff88][0xffffffb0]4WD1.[0xfffffff0][0xffffffc9][0xffffff91][0xffffffc9]H[0xffffff8e]p[0xffffff91]([0xfffffffd]9[0x7f]+[0xffffff8b][0xffffffa5][0xffffffbb][0xffffffbf][0xffffffb8][0xffffffa4][0xffffffde][0xffffffd0][\r][0xffffff85]3D[0xffffffba]i[0xffffffb2][0xffffffae][0xffffffb2][0xffffffc8][0xffffffc4][0xffffffd1][0xffffffa5][0xffffffbb][0x2][0xffffff88]7[0xffffffa8][0xfffffffd]![0xffffffa8][0xffffffab][0xffffffb5][0x17]'[\r][0xffffffcd][0xffffffc2][0xffffffd4][0x0][0xffffff97][0xffffffa7]/>[0xffffffe2][0x15][0xffffffdd][0xfffffffa][0xffffff87][0xffffffd7]a_[0xb][0x4][0x7][0xffffffac]tkJ[0x13][0xffffffe9][0xffffffb2]^[0xffffff98][0xffffff8b][0xfffffff3]oK[0xffffff94];G[0xfffffff1][0xffffffc6]h[0xffffffb2]pm[0xffffff84][0xffffffff][0xffffffec]b[0xfffffff9][0xffffffe7]F[0x1a]:[0xffffff83]][0xffffffaf][0xffffffc3][0xffffffb2];[0xffffffdd][[0xffffff85][0x17]1:[0xffffffb1][0xffffff9a]3[0xffffffd2][0xffffffbe]#[0xffffffe6][0xfffffff3][0xffffffef][0xffffffe6]0h[0xfffffff6]U[0xfffffff9][0xffffff92][0xffffffb6][0xffffff98][0xffffffd0][0x1e],[0x4]e[0xffffffdd][0xffffffea][0xffffff96]h$[0x7f][0xffffffcc][0xffffffad]][0xffffffef][0xffffffd0][0xffffffb3][0xfffffff3]|[0xffffffc8]=[0xffffffc6][0x7f]r~a<r![0xffffffff][0xffffffde][0xffffff82]S[0xffffff84][0x15]EC~J[0xffffff80][0xfffffffd][0xffffff9d]7[0xffffffa1][0xffffffd9][0xffffff8b][0xffffff9c]iW/[0xffffffe5][0xffffffa8]3p[0xffffffd4][0xffffffe8]}[0xffffff9b][0xffffff94]#N[0xffffffef][0x8],[0xffffff97][0xffffffdb][0xffffffe7][0xffffffc2][0xffffffae][0xffffffd0][0xffffffd8][0x9][0xffffffd5][0xffffffa3][0xffffff90][0xffffffe2]+K[0xfffffff1]@[0x15]Y[0xffffffd2][0xffffffca]![0xffffffb4]U[0xfffffffc][0xffffff92]HkR[0xfffffff0][0xffffffbd]O[0xffffffef][0x15]5B[0xfffffffb]+[0xffffffca][0x18][0xffffff8b][0xffffffc6][0xffffffa7][0xffffffd7][0xffffffc3]$[0xffffff94][0xffffffee][0x1b]5[0xffffff88][0xffffffdf]W[\r][0xffffffa7][0xffffffcc][0xffffffc5]^[0xffffffda]G*f)p[0xffffffe7][0xffffff97][0xffffffe5]{[0xffffff85][0xffffffd4][0xfffffff8][0xffffffb3][0xffffffed]\$[0xffffffde][0xffffff98][0xffffffd1][0xffffff95][0xffffffa6][0xffffffac][0xffffffd2][0xffffffa2]a[0xffffff91]YF[0x16]QB[0xffffffc7][0xffffffd1]K^F[0xffffff81]|L.H[0xffffffdc][0x13]H[0xffffff9f]mC[0xffffffd4][0xffffffaf]][0xffffffc0][0xffffffb9][0x15]I[0x1c]([0xffffffd0]N:(@e%[0xffffffed][0xffffffc0][0xfffffffc]#[0xffffffc2]0.[0xffffffa1]M[0xffffffed][0xfffffff3][0xffffff8b]f[0x3]=[0xffffff94]g[0xffffffdf][0xfffffffb][0x6][0xffffffd2]._<[0xffffffe7][0xffffff83]xS[0xffffffa0][0xffffff8c],A[0xfffffffb][0xffffff81][0xffffff8b][0xffffffc1][0xffffffd0];[0xffffff84]Bl[0xffffffe4][0xffffffcb][0xffffffc1][0xffffffbb][0xffffffef][0xffffffe7].[0x19]Gn[0x1d]x[0xffffff91][0xffffffef]^[0xffffffbb]p+[0xffffff8c][0xffffffaf][0xffffffb4][0xfffffffb]^[0xffffffc2]C[0xffffff99][0xffffff9f]Yd[0x4]c[0xffffffd3][0xffffffb6]"[0xffffff81][0x1a]d[0xffffffb6]j!Do[0xffffff98][0xffffffbf][0xffffffe2][0xffffffbf]$3[0xffffff95][0x14]j[0xffffffba][0xffffffac]m[0xfffffff3][0xffffffb6]GB%[0xffffff90]q[0xffffffa2][0xffffffb6][0xffffffef]!9[0xf]Zb>[0xffffffcb][0xffffff85]L[0x5][0x16][0xffffff95][0x5]m[0xffffffc6][0xffffffd7][0xffffffa9][0xffffffc4]z[0xfffffff8][0xffffff9d][0xffffffdd][0xffffff99]V[0x9][0xffffffa2][0xc][0xffffffd4][0x8]W[0x9][0xffffffce]l[0xffffff8e][0x11][0xfffffffb][0xffffffdf]_[0xffffffc0]m[0xffffffe0][0x7f]\[0xffffffe5]q[0x3][0xffffffa5]^8[0xffffffd3][0xffffffc2][0xffffff8a]rZeXfs[0xffffffda][0xfffffffa]"~^[0xffffffbb][0xffffff92]S.T[0xffffffd9])[0xffffffe0][0x1e][0xffffffbd][0xffffffb0][0xffffffb4][0x1e][0x17]nX[0xffffffa5]![0xfffffff1]>1)[0xffffff8c][0xffffffbe][0xffffffad][0xffffffc8][0xffffffe2][0x1e][0xffffffe6]W[0xffffffc2][0xc][0xffffffbf][0xffffffc9][0xffffffa7][0xffffffe8][0xffffff8e][0xffffffaf][0xffffffe8][0x19][0x19][0xffffffa7]fu[0xffffff9f][0xffffffb8]h[0xffffff8d][0xffffffb7]M[0xffffffa9][0xffffffbd]*[0xffffffb7]U[0xffffffdb].[0xffffffb5]dZ[0xffffffb0]9oI[0xffffffe2][0xffffffa7][0xfffffff9][0xffffffe1][0xffffffea]ZH/uO[0xfffffff7][0x17][0x9][0xffffffb1][0xfffffffd]Ka[0xffffff9d][0xffffffb7][0x7][0x16]![0x8][0x9]A[0xffffffe3][0xffffffad][0xffffff98]akkw_[0xfffffff6][0xffffffdd][0xffffffae][0xffffffa6]7[0xffffffc6][0x10][0xffffffc6][0x13][0xffffffd1][0xffffff8f][0xffffffc4][0xffffffbc][0xffffffc5]F[0xffffffc4][0xe]ySIA[0xffffffd9]o[0xfffffffb][0xffffffdb]_[0x9]FXH[0x8]i[0xffffff8a][0x1b]m^[0xffffffc4]r[0xffffff9a]6/[0xfffffff1][0xfffffff3][0x17][0xffffff95][0xffffffe8][\r][0xffffff9a][0xffffffe3]B[0xffffffca][0xffffff8b]y[0x13]J[0xfffffffb][0xffffffbd][0xfffffff1]&[0xffffffdf]#K5[0xffffffec]gw>&>[0xffffffba][0xffffffb0][0xffffffaa][0xffffffed]U@[0xffffffc8][0xffffffe4][0x1f]s[0xffffff9b][0xffffffe6][0xffffffa9]!J.[0xffffffe5]zaKKl[0x14][0x1a][0xffffff99][0xffffff90]{[0xfffffff3][0x18][0xffffffb1][0xffffffc6]Pa[0xffffffd3]{[0xfffffff4][0x1c]q[0xffffffb6][0xffffffbb][0xffffffdd]OLW[0xffffffeb][0xfffffff9].[0xfffffff5]X[0xffffffb3][0x5]H1[0xffffffdf]![0x1c][0x1f][0x11]F[0xfffffff0]K[0xffffffdd][0xffffff92][0x1c]6};[0xffffffd5]&y[0xffffffe6][0x1d][0xffffffcd]s[0xe][0xffffffd1]&[0xffffffee][0xfffffffe]![0xffffffb2][0xffffffb3]i[0xffffffb7]E[0xffffff84][0xfffffff0][0xffffffb4]F[0x13][0xffffffe5]~N[0xffffffc7][0x1a][0xffffffd8][0xffffffab][wl[0x4]>Y[0xffffff94][0xffffffcb][0xffffff8b][0xffffffa1][0xffffff96][0x1a][0xffffff97][0xffffffe9][0xfffffffc]1[0xffffffab]}[0xffffffbd][0xffffffd7][0x14][0xffffffef][0xffffffd6]l[0xffffff89]}R[0x1a][[0xffffff95]y[0xffffffb6][0xffffff86]>[0xffffffe1]jS[0xffffffd9]l[0xffffffd9][0xffffffb3][0xffffffb1]1[0xffffff9b][0xffffff99]nf[0x5][0xb][0xffffff96][0xffffffa8][0xffffffde]Q[0xffffffd6])[0xffffffc9][0xffffff8e][0xfffffffa]W[0xffffffec],.[0xffffffc2][0xffffffc5]DUgf[0xffffffaf]O[0xfffffff1]HI[0x1d][0xfffffff8]][0xffffffa4][0xffffffad]|d,[0x10]3[0xffffffd6][0xffffffe5]U2z[0xffffffd7][0xfffffff7][\r]z[0xffffffc6][0xffffffd9]=[0x12][0xffffffca];[0x14][0xffffffa9][0xffffffdf]j3[0x1f][0xffffffdd][0xffffffdf][0xffffffaa][0xffffffda]W[0x1c]"[0xffffffe8])l[0xffffff85][0xffffffa6][0xffffffe4][0x1b]ye[0xf][0xffffffa0][0xffffffcb][\r]h![0xffffff95][\r][0xffffff9f][0x1d][0xffffff86]cy[0x16]:y[0xffffff85][0xffffff84][0xffffffbc][0xffffffb2][0xffffff8d][0xfffffff0][0x2][0xffffffb7]v[0xffffffcd]uxG[0xffffffee][0xffffffb2]I[0xffffffba][0xffffffde]K[0xffffffa8][0xffffffd9][0x18]EW[0x1e]E[0x1b],[0x10][0xffffffe9][0xffffffd9][0xffffff98][0xffffff93]6a[\n]"
09:46:43.562 [main] DEBUG com.github.dockerjava.zerodep.shaded.org.apache.hc.client5.http.wire -- http-outgoing-2 << "C}W[0xfffffffb][0xffffff9e]9[0xffffffc0][0xc][0xffffffa3][0xffffffa5]R$[0xffffff99]Z[0xffffffa4]6X[0xffffffab][0xfffffff4]f[0xfffffffa][0xffffff85][0xffffffc9][0xffffffea][0xffffffaf][0xffffffc8][0x2][0xffffff91][0xffffffe9][0xffffffaf]F[0x7][0xffffffb9][0xffffffdd][0x8][0xfffffffb]][0xffffffb5]v[0xffffffc7]{[0xffffff98][0x7f][0xffffffb4]4[0xffffff90][0xc]K[0xffffff9b])[0xffffffb9]{ol[0xffffff91][0xffffffb3]+5[0xffffffcf]E[0xfffffff1]-y[0xffffffe3]H2^[0xffffffec]L[0xffffffbc]Y[0xffffffb8]Y[0xffffffa1][0xffffffa6]i[0xffffffee][0x7f][0xffffffd7][0xffffffb3]Q[0xffffffd6][0xffffffa8][0xfffffffe]n[0xffffffcb][0xffffffdb][0xffffffb1][0x1b][[0xffffffd1]#t;lw[0xffffff9e][0xffffffdb]kM[0xffffffdf][0xffffffa8]-Z[0x1b]Yx[0xffffffe9][0xffffff84][0xffffff8f][0xffffff92][0xffffffa0][0xffffffa6]}[0xffffffa1][0xffffff8e]O[0xffffffa4]S[0xffffffe0]6!R@DI[0xffffffcd][0xfffffffb][0xffffffbd][0xfffffff3][0xffffffaf][0xffffffd0][0x1d]>mxg" s[0xffffffbd][0xffffffe0]_+[0xfffffff5]L[0xffffff9f]]*[0xfffffff0]Lz[0xffffffae]u[0xffffffcb]P[0x9][0x7f][0x8]G[0xfffffff6]QX[0xfffffff9][0xffffffca]-W[0x7f]J[0xffffff9c]Y[0xffffffaf][0xffffffbb]"[0xb][0xfffffff1]Z[0xffffff9f][[[0xffffffbf]D*`;[0xffffffae]~[0xffffff8d][0xffffffe1][0xffffffb5][0xffffffd9][0x1b]\[0xffffffd8][0xffffffe6][0xfffffff1][0x12]x[0x18]2-^[0xffffffcc][0x10][0xffffffd2]n1[0x12])[0xffffff8e][0xfffffff6]@[0xffffff8f][0xffffff8b]4[0xffffff89][0xffffffec][0xffffffd1][0xffffffb7][0xffffffd1][0xffffffc4][0xffffffcb][0xe][0xffffffca][0x1d]g[0xffffffe9]\.[0xffffffce]tt>[\r]v[0x19][0xffffffb8]>[0xffffffbf][0xffffffa2]p[0x13]W[0xb][0xffffffe1]a[0xffffff9c][0x1][0xffffff87][0xffffffc0][0xfffffffb]([0x19]y[0xffffffea][0xffffffec]s2[0xfffffffd]|1[0xffffffab][0xffffffae][0xffffffe7]q,[0xffffff9e]#[0xffffffcf][0x9][0xffffffd0]|[7m\[0xfffffff4][0x9]~[0xfffffffc]ia[0xffffff99],F[0xffffffbe]<#[0x1][0x15]*y[0xffffffaf]4[0xffffff8d][0xfffffffe][0x11]I+[0xffffffbd]q[0xffffff9a][0xffffff93][0xffffffa6][0xffffffd8][0xffffffcc][0xffffffdc]g[0xffffffc0][0xffffff80][0xffffffc1]W[0xffffffd1][0xffffffb4][0xffffffa8]==v[0xffffff94][0xffffffcc][0xfffffff1][0x19][0xffffffee][0xffffffb2][0xffffffc4][0xfffffff2][0x8][0xffffffad]v[0xffffffe7]F[0xffffffec][0xffffffab]y[0x13][0xffffffde][0x1f][0xffffffcc][0xffffff94]+[0xffffff8c]s[0xffffff88][0xffffffbe][0x1d][0xfffffff5]2[0xffffffd5]#[0xffffff86][0xffffff84]o[0xc]o[0xffffffb4][0xffffffb2][0xffffffcc][0xffffffe8][0xffffffd3]Z[0xffffff84][0xffffff96][0x1b][0xffffff92][0xffffff9f]M[0x15][0xffffffb1][0xffffffad][0xffffffd6][0xffffffab][0xffffffde][0xffffffbb][0xffffffb8][0xfffffffa][0xfffffff9][0xffffffcc][0xffffffa8][0xfffffffb]U[0x9][0xffffffc3][0xffffffd1][0xffffffee][0xfffffff0][0xffffffaf][0xffffffe7][0xfffffff9][0xffffff9f]1Q[0xffffff9b][0xffffff9e][0xffffff8d][0xfffffff9][0x19][0xffffffb8][0x12][0xffffffd9]r[0xffffffa3][0xffffff8a]k8[0xffffffb0][0xffffff90](&[0xfffffff7]U[0xffffffd5][0xffffffb2][0xffffffa0]ib[0x1e]ME[0x17][[0x1a][0xffffffbf] [0xffffffb7][0xffffffaa][0xffffffb2][0xfffffffe][0xffffffc1]#[0xffffffce][\r]6&[0xffffffa9]JND[0xfffffff9]X[0x17][0xfffffff6]8[0xffffffda][0xffffffee][0xfffffffb][0xffffffaf][0xffffffcf][0x9][0xffffffdc][0xffffff98][0xffffff90]@[0x1f][0xffffffc9][0x14]m[0xffffffb3]N([0xffffffce][[0x14]Q[0xfffffff2]V[0xffffffe4][0xffffffbb]<[0x7f][0xffffff90][0xfffffff8](G&,[0xffffff8f]9[0xffffffce]^mu[0xffffffdb]s[0xffffffcb]c[0xffffff96][0xffffffb4][0xffffffa0]J}x[0xffffff98]:[0xffffff8d][0xffffff9e][0x10][0xffffff8b][0xffffff92][0xffffffdc]cX!w[0xfffffff5][0x9][0xffffffdf][0xffffffc1]B[0x12]][0xffffffa5]W[0xffffff95][0xffffffb3][0xfffffff3][0xffffff8d][0xffffffaf]z[0xffffffca][0xffffffcb][0xffffffce][0x16][0xffffff96][0xffffffae]KT[0xffffffb1][0xe]o[0xfffffffb].([0xffffffaf][0x8][0x1f]t[0x7f][0xffffffc8]^dc[0xffffffbe]t[0xfffffffb][0xffffffae][0xffffffce][0xffffff8f]A[0xffffffbf][0xffffffdc]u[0xffffffd6]I[0xffffff8a][0xffffff97][0xffffffac].[0xffffffef][0xffffffeb][0xffffffde][0xffffffb0][0xffffffbe]%[0xffffffda][0xffffffed]l[0xffffffb8]gh[0xffffffc4]H[0x12][0xffffffbc][0x16].X[0xffffffb6][0xffffffc6][0xffffff96][0xffffffe0][0xffffffa4]"f[0xffffffbc][0xffffffee][0xffffffd4][0xffffffdb][0xfffffffd][0xffffffe1]V[0xffffff90][0xffffffef] b[0xffffffd9]F[0xffffff96][0xffffffd4][0xffffffcb][0x17]+[0xffffffb7]^zr[0xffffffb4][0xffffffd1][0xffffffbe]z1[0xffffffd5][0xffffffea][0xffffffe4][0xffffff88][0xffffffe1]dl[0xffffffff][0xffffffa1][0xffffff92][0xfffffff2][0xffffffc1]&[0x11][0xfffffff3][0xffffffd4][0xffffff93][0xffffff8b]h[0xffffffef]z<[0xffffff9b][0xffffffb3](u[0x13]8[0xb][\n]"
09:46:43.562 [main] DEBUG com.github.dockerjava.zerodep.shaded.org.apache.hc.client5.http.wire -- http-outgoing-2 << "[0x13][0xffffffaf][0xfffffff3][0xffffffb3][0xffffff9a][0xfffffff7]R[0xffffffe2]R/4[0x11][0xb][0xffffff99][0xffffffbe]'[0xffffffd9]i[0xffffffa8][0xfffffff4]:#[0xffffffd5]^[0xffffffc1]P[0x15][0xffffffb5][0xffffff93][0x15]Zp[\r][0xffffffe7][0xfffffff1][0x6]v[0xffffffe6][0x1e][0xfffffff7][0x1]K[0x1f]u[0xffffff84][0xffffffc1][0xffffffe6][0xffffff82]d[0xffffffc0][0xfffffffd][0xfffffffd])[0xffffffd2][0xffffffd0]i[0xffffff81]t[0xffffffee]t[0x19][0xffffffad][0xffffff9b][0xffffff9a]!;[0xffffffe5][0xfffffff2][0xffffffac]][0xffffffbe]%;=[0xffffffab][0xffffffaa][0xffffffa6]O[0xffffff84][0xffffffc6]5[0xffffffa9][0xffffff95]w}[0xfffffffd]+d[0x1e]m[0xfffffff1]y[0xffffffa5]4`[0xffffffd7][0xfffffff6]R[0xffffffca]M[0xffffffd0][0xffffff85]}[0xffffffa0][0xfffffffd]d[0xffffffea]t[0xffffffeb]c[0xffffffe6][0xffffffab][0xf][0xffffffa2][0x19]q[0xffffff90]([0xffffffc7]9[0xfffffffe][0xfffffff3]([0xffffff81]^[0xffffffb1][0xffffffda][0xffffff93]s[0xc]9[0xffffffb7]W0[0xffffff9d][0xffffff86][0xffffffd1][0xffffffd0]i[0xffffff96][0xffffffed][0xffffffcb][0xffffffd8][0xffffff90][0x19][0x14][0xffffffb0]?[0xffffffd9][0xffffffaa][0xffffff9c]u[0xffffffdd]x[0xffffffa6][0xffffffcc][0xfffffff8]:[0xffffffe3]2yY[0xffffffee][0xffffffa3][0xffffffca]Yr[0xffffffa5][0xffffffc8][0x1e]r[0xfffffff2]6[0xffffff8a]F[0xffffff93][0xffffffec][0x17][0x5][0xffffffa8][0xffffffa2]gR:?[0xffffffc5][0x8]$[0xffffffb7]e[0xfffffff3]|[0xffffffdc]=[0xffffffff][0xffffffa5]@[0xffffffe4][0xffffff81][0xffffff97]&[0xfffffff4][0xffffffe9]).AR[0x17][0xffffffff][0x1e]-)[0xffffff82][0xffffff94][0xffffffa0][0xfffffffe]X#v[0xffffffbe][0xffffffd1]hU[0xffffff8d]?R*[0xffffffef][0xffffffcb][0xffffffcb][0xffffffde][0xffffffe4]R4[0x1c]\k1[0xffffff9f]n[0x14][0x19]2[0xffffffd0]R[0xffffffee][0xffffffe3][0xffffffbf][0xffffff90]A[0xfffffffc][0xffffffd8]f>[0xffffffcc][0xfffffff2]"[0xfffffff5][0x19]R0[0xffffffdf][0xffffffca][0xffffffdd][0xffffffd6][0x18]O[0xffffff93][0xffffffbe]|3Sur[0xffffff91]U[0xffffffcc][0xffffff92][0xffffff92]e[0xffffffad]HC&M[0xffffffb9];[0xffffff88])o^X[0xffffffd2]\u[0xffffffbe][0xffffffd2][0x15]efL[0xffffffc0]\[0x15][0x14][0xffffff84]B[0x1a][0xffffff9f][0xffffff8a][0xffffffc1]a[0xffffff93][0xfffffffa][0xffffff95][0xffffffb3][0xffffffe5][0xffffffab][0xffffffd6]~&[0xffffffee][0xfffffffb][\n]"
09:46:43.563 [main] DEBUG com.github.dockerjava.zerodep.shaded.org.apache.hc.client5.http.wire -- http-outgoing-2 << "+[0xffffff8a]$[0x1d][0xfffffff3][0xffffffbc]f[0xffffff8e][0xffffff9a][0xffffffd6][0xffffffa6][0xffffff89]E%b[0xffffffad]8m[0xffffffd5]be[0xffffff92][0x0][0x14][0xffffff91][0xffffff9b]Q[0xffffff8a][0xffffff9e]CB[0x8][0x19]I[0xffffffdf]0TF[0xffffffb5][0xffffffde]^[0xffffffbc]w[0xffffffed][0xffffff9e][0xffffffbb]+Q[0xe][0x19][\n]"
09:46:43.563 [main] DEBUG com.github.dockerjava.zerodep.shaded.org.apache.hc.client5.http.wire -- http-outgoing-2 << "[0xffffffd1][0x10][0xffffffb4][0xffffffc2][0xffffffd0]D[0xffffffd9]T[0x18][0xffffffb0][0xffffff8f][0xffffff87]'[0xffffffb2][0xffffff82][0xffffff83]j38Hg[0xffffffad]e[0x1a]S\V{y:[0xffffffb6][0xffffffbe][0xfffffffc][0xffffff8d][0xffffffb0][0xffffffaf]Yj[0xffffffcd]dUA[0xffffffc7][0xfffffff4][0xffffff8d][0xc][0xffffffe6]X.gC[0xfffffff4][0xffffffcc][0x1c][0xffffffae][0xffffffdd][0xffffffb1][0xffffffaf][0xffffff9e]W[0xffffff90]}[0xffffffce][0xffffffbd][0xffffffa9]R-[0x16]6[0xffffff96]vs[0xffffffb8]g[0xffffff95]&[0xffffffdd][0xffffffc0]1[0xffffffa1][0xffffffcf]Ke[0xffffff8e][0x10][0xffffffea][0xffffff90]I[0xffffff83]&By[0xffffff86]I[0xffffffd8][0xffffffd6]b[0xffffffdb][0xffffff83][0xffffffac]y[0xffffffaf][0xfffffff4][0x1e]e[0x14][0xffffff8d][0xffffffbd][0xffffffaf][0xffffffda]#[0xffffffb2][0xffffffc4][0xffffff95][0xffffff91][0xffffff85][0xffffffc9][0xffffffcc]|[0x12]y[0xffffff8d]B[0x9]^[0xffffffcc][0xffffffcf][0xffffffd3]g[0x9])[0xfffffff2][0xffffff8d][0xfffffffa]w0^[0xffffffac][0xffffffc5][0xffffffd9]T[0xffffffb5]v[0xfffffff6]n[0xffffffe7][0xffffffa3][0xffffffc4][0xffffffe2][0xffffff9f][0x9][0xffffff91]W[0xffffffb5][0x11][0xffffffa7]Y[0xffffffea]7[0xfffffff4][0xffffffee]7K_[0xffffffca][0xffffffb1]0B[0xffffffd3][0xffffff95][0xffffffe2][0xffffffb1]o[0xffffffd9][0xffffffb3][0xffffffc7]R[0x15][0xffffffe0][0xffffffc7]k[0x7f]H[0xffffffe7]|[0xfffffffd][0xffffffb9]Clon[0x19]3mv[0xffffffa6][0xffffff92]z[0x5]YPzM[0xf]j[0xfffffff9][0xffffff9e]R[0xffffffe3][0xffffff9c][0xffffffe2]m[0xffffffca]*a[0xffffff9d]UFi![0xffffff9c][0xffffffde]V[0x4]6[0x19][0xfffffffc][0x16]${[0xffffffcb]g[0xfffffffa]\Vz=S[0xf][0xffffffb7][0xffffff8a][0xffffffd8]Jr14[0xffffffbc]w[0x10]S[0xffffffe4][0xffffffe3][0xffffff82][0xffffffb7][0xffffffee]rd[0xfffffff7][0xffffffc8]W[0xffffffab][0xffffffc5][0x5][0xffffff9b]3[0x7]a[0xffffffa6][0xfffffff3][0xffffffd5]G[0xffffffbb]0[0xffffff8a]j[0xffffffe9][0xffffffe7][0xfffffffb]d1[0xffffffd6][0xffffffcc]$[0xffffffec][0xffffff86][0x7f][0xffffffa7]o[0xffffff99][0xffffffd1][0x1b][0xffffffa8][\n]"
09:46:43.563 [main] DEBUG com.github.dockerjava.zerodep.shaded.org.apache.hc.client5.http.wire -- http-outgoing-2 << "Q[0xffffff9d]"[0xffffffe0][0xffffffb9]r[0xffffffa3][0xfffffff9]q[0x5][0xffffffff][0xffffff98]Y[0xfffffff6][0xffffffcb]8[0xffffff83][0xffffff8d].[0xffffffee]$[0xffffffaf][0x12][0x1e][0x1]3[0xffffffa7][0xffffffb5][0xffffffdd][0xffffffaf]-rZR9[0xffffffb1][0x18][0x12]}S[0xffffffd7][0xffffffe9]4zHD/[0xffffffa0][0xffffffae][0xffffffbf][0xffffffb7][0xffffffbc]l[0xffffffd9]+[0xffffffe4]k[0x14]a[0xffffffa9][0xffffffe3]I[0xffffff97][0xffffffd4]3:tn[0xffffffc4]4q[0xffffffef] [0xffffffba]c[0xffffff94]i[0xffffffb7]/[0xffffffe9][0xffffff96]~A9[0xffffffe3]d'[0xffffffa1]anIhUp[0x8]b:[0xffffff86]qLG[0xffffffa3][0xffffff9c][0xffffffcb][0x4][0xffffffbf][0xffffffff][0xffffffc5][0xffffffa1][0xfffffff6][0xffffffab]\[0xffffffb7][0xffffffc6][0x5][0xffffff99][0xffffff87]<[0xffffffce][0xffffff9e]5[0xffffffa7]sK[0xffffffba][0x16][0xffffffcf][0xffffffbb]>[0xfffffff9][0xfffffff9]N[0xffffff96][0xffffffd5]7U[0xffffffaa]/[0xffffff95][0xffffffdf][0xffffffbf]}r[\r]EM[0xffffffbe]![0xfffffff2][0xffffffa8][0xffffff94]K[0xffffff9e][0xffffffe8]A0[0xffffffe3]*[0xffffffc7][0xffffffbe]D[0xffffffa0][0xffffffe7][0xffffff99][0xffffff8b][0xffffffef]p[0x4]?-[0x6]b[0x1e][0xffffffe8][0xffffffe0][0xfffffff2];[0xfffffff5][0xffffff91][0xffffffc7]3[0xffffff89][0x13][0xffffff99][\n]"
09:46:43.563 [main] DEBUG com.github.dockerjava.zerodep.shaded.org.apache.hc.client5.http.wire -- http-outgoing-2 << "[0xffffffd1]o^[0xffffffdc][0x1e][0xffffffb3][0xffffffff][0xffffffde][0xffffff88][0x1a][0xffffffb7]U[0xffffffb3]w[0x11][0xffffffad]u[0x4][0xffffffbb][0xffffffb7][0xffffffe7]*[0xffffffb5][0xffffffe4]}w[0xffffffed][0xffffffb7][0x1][0xffffff8e][0xffffffa1]_\>[0xffffffb2][0x13]N[0xffffffc5][0xffffffac][0x8]H~v[0xffffffbf][0xffffffac][0xffffff86]$^\[0xffffffcc][0xfffffff0]u"[0x2]?[0xffffff8d][0xffffffc2][0xffffffde]2[0xffffffa1][0xffffffb0]r[0xffffff99][0xfffffff3][0xfffffffd][0xfffffff0]}[0xffffffc6]:[0xffffff8b]~[0xe][0xffffffb7]e[0xffffffb2]U[0xffffffd6]Q[0xffffffe9]U[0xffffff9b][0x7]z[0x1b]9[0xffffffe6][0x4][0xffffff96]2[0xfffffff8][0xfffffff3][0x7][0xffffffd8]v[0xffffffef][\n]"
09:46:43.563 [main] DEBUG com.github.dockerjava.zerodep.shaded.org.apache.hc.client5.http.wire -- http-outgoing-2 << "[0xffffffa8][0x1e][0xffffffe8]W[0xffffff85]p[0xffffffa5][0x6][0xffffffa0]P[0x14][0xffffff8d]v[0xffffffa2][0xffffffd1][0xffffffce][0xffffffa6][0xffffffbc][0xffffffd7][0xffffffd1]/[0xffffffbd][0xffffffb2][0xffffffb1][0xffffff99]0G#[0xffffffd3]4[0xfffffff2][0xfffffffe][0xffffff95]M[0x1a][0x11][0xfffffffe][0xffffffbb][0xffffffeb][0xffffffba]2=[0xffffffdf]7[0x6]:[0xffffffb1][0x1c][0xffffff9e][0xffffff84]?a[0xffffffdf]+[0xffffff94][0xffffffc2][0xffffffa2][0xffffffb4][0xffffffa2]I[0xffffffee][0xffffffa2][0xffffffe8][0xfffffff3]((~[0xffffffd6]g[0xffffffd2][0xffffffd5][0xfffffff9]f[0xffffffde][0xffffffc1]E[0xffffffe3][\n]"
09:46:43.563 [main] DEBUG com.github.dockerjava.zerodep.shaded.org.apache.hc.client5.http.wire -- http-outgoing-2 << "q[0xffffff97][0xffffffde][0xc]i<[0xffffff8f][0x14][0xffffffb1][0xffffff8e][0xffffffc8][0xfffffffd]/[0xffffffe6][0xffffffe2]/[0xffffffda][0x14][0xffffffd9][0xffffffdc]26[0x5][0xffffffb6][0xfffffff3]/"[0xffffffef]X[0xffffffcc]$[0xfffffff8][0x19][0xffffffaf][0xffffffa9]S[0xffffffaf][0xfffffff1][0xffffffdb][0xffffffd4]w5[0xffffffc6]R[0xffffffd7][0x16][0xffffffe1]=-[0xfffffffc]vSSx[0xffffffa6]3([0xb]r:X[0xffffffd5]}[0x11][0xffffff8e]=h[0xffffffb8][0xffffff8f][0xffffffb0]k[0x17][0xffffff92][0xffffffe3][0xffffffa6]-E![0xfffffff8][0xffffffd3]8g[0xfffffff8][0xffffffb2][0xffffffbe][0x6][0xffffffe9]-[0xffffff8f]2[0xffffff92][0x15]MB[0xffffffbb][0xffffff9f][0xffffffd7][0xffffff88]f[0xffffffee][0xffffffcc][0xffffff9e][0xffffff9f][0xffffffee]\{[0xfffffff3][0xffffffbe][0xffffffbc][0xffffffc1][0xffffff92][0xffffffa3][0xffffff80][0x18][0xffffff9f][0xffffffdf][0xffffffb6][0x11][0xffffffbd][0x9][0x1b][0xffffffea]`[0xe]L[0xffffffb9][0x10][0x12]X[0x1a][0xffffffaa][0xffffffa9]Wu[0xfffffffd][0xffffffb3][0xffffffeb]\Ds[0xffffffe3][0xffffffa4][0xffffffa1][0xffffffef][0x17][0xffffffde][0x6][0xffffffa3][0xffffff95][0x0][0xffffffdd]ZG[0x14]S[0xfffffff3][0xffffffd8]8[0xffffffbd][0xffffffd0]O[0xffffff89]zC"IUw[0xffffff9e]dbK[0xffffffbf][0xffffffb4]I[0x1f]R[0xffffffb3][0xffffffba][0xffffffab][0xffffffc6][0xffffffb1][0xffffffcc]q[0xffffff96][0xffffffbb]A[0x1f][0xfffffffb][0xffffff8d][0xffffff96]i[0x10][0xffffffae][0xffffff84][0xffffffb4]}[0xffffffcd][0xffffffc3][0x1a][0xffffffd5][0xfffffffc]9&*[0x1a]sB>[0xffffffb9][0xffffffce]g[0xffffffb7]#[0xffffffc5][0xfffffffa]=[0xfffffff1][0xfffffff0]/[0x7][0x7f][0xffffff9f][0xffffffd2][0xffffff94][0xffffffe9]cu[0xffffffdf][0xfffffffc]v[0x13][0xffffffb5][0xc][0x19]q[0xe][0xffffffe1][0xffffffba]E[0xffffffc9]>e[0xffffffff][0xffffff99][0xffffff87]C[0xfffffff1]gf+[0xffffffdb][0xfffffff1]z[0xffffffb3][0xffffffaa][0xffffffb1][0xffffffcc]-eE[0xfffffff4])[0xffffffd3][0x15]h[0xffffffcd]_i[0x8][0xffffff84]pn?[0xffffffa1]X[0xffffffec]j[0xffffff9f]q[0xffffffa1]~[0xffffffd9][0xffffffe5][0xffffffaa]c[0xffffff8f]<[0xffffffbb]mrF[0xffffff87][0x5][0xf]][0xffffff93]g[0xffffffd4][0xfffffffc][0xffffffa5][0x8][0x13]g&b[0xffffffab][0xffffffdf][0xffffff97]nO[0xffffffcb][0xffffffd6][0xfffffffc]u7[0xffffffe3]i[0x13][0xffffffba]s[0xfffffffb][0xffffffd8][0xffffffdf]>[0xffffff8f]U[0xffffffde][0xffffffa4]B[0xffffffc5][0xc]u[0xffffffe7]~[0xffffff95][0xffffffcc][0xffffff8f]g[0xffffffd3][0x10]C[0xffffffa6]L[0xfffffff3]L[0x1b][0xffffff85]c[0xffffff97][0x1c][0xffffffd3][0xffffffc8][0xffffff88]Ul[0xffffffef]F[0xfffffff8]"[0xffffff91][0xffffffa1][0xffffff9b][0xffffffe6][0xb][0xfffffff9]TN}[0xfffffffc][0xffffffb1][0xffffffd9][0xffffffec]oo[0xffffffdb][0xffffffd6][0xfffffff3][0xffffff98][0xffffffbf][0xffffff8f]D[0xffffffde][0xffffff80]vI[0xffffff83]C[0xffffff97][0xffffff97]r[0xffffff9a]r[0xffffff96][0xfffffff0][0x1a][0xffffffde][0xffffffde]Hh[0xffffffbe]&P+p=[0xffffff93]d\[0xffffff89][0xffffffb9][0xffffffd0][0xffffff9d][0xfffffffb]![0xffffff9e][0xffffff90]O%f[0xffffff92][0xffffffa9][0xffffff82]r;{[0x12][0x17][0xffffffca][0xffffffcd][0xffffffa5][0xffffff9a][0xfffffff1][0xffffffef][0xffffff9a][0xfffffff6][0xffffffad]4[0xffffffba]|[0x1f][0xffffffde]6&tN[0xffffff93]UuD[0xffffffbb][0xffffffa7][0xffffffe3]&[0xffffffa7]7[0xffffff87][0xfffffff4][0xffffffb2]@?[0xffffffdb][0x10]V[0xffffffad][0xffffffd5][0xffffffe8][0xffffffaf]z7[0xffffffeb][0x10][0xffffffbe][0xfffffff3]J[0xffffff9e][0xffffffea]yTi(e[0xffffffd3]7[0xffffffe6][0xffffff81]J[0xffffffb1]9[0xffffffda]LC[0xffffffd7]l[0xffffffba][0xffffffeb][0xffffffb2][0xffffff90]fO"[0xffffffd4]-[0xffffffe8][0xffffffd8]/[0xffffff8b][0xffffff91]n^Nd9[0xffffffc5]Sy[0xffffffb5][0xffffffa0][0xffffffb8][0xffffff81][0xffffffc6]q[0xffffffd4][0xffffffeb]G[0xffffff84][0xffffffdd]H[0xfffffffe][0xffffff82][0xffffff9c]B[0xffffffde][0xfffffffa][0xffffffd7]%[0xffffffb6]k([\n]"
09:46:43.563 [main] DEBUG com.github.dockerjava.zerodep.shaded.org.apache.hc.client5.http.wire -- http-outgoing-2 << "[0x19][0xffffffc5][0xffffffd9]&[0xffffff9e][0xffffffb2][0xffffffca]vqr[0xffffffd9][0xffffffaf][0xffffffab]\[0xffffffc3][0xfffffffa][0x19][0xffffff88][0xfffffff3]2.[0xffffff9d]c[0xffffffa7]:[0xffffffd8]q[0xfffffff2][0xffffff98](^[0xfffffffa][0xffffffd4][0x18][0xfffffffe]h[0xffffff92]>[0xffffffe1]+VG[0x1c]V[0xffffffb5]l[0xffffffe9][0xfffffff5]}i[0xffffffea]O?[0x1d][0xffffffb2][0xffffff87][0xffffff97]%|/[0xffffff8c]}[0xffffff88][0xfffffffe][0x1c][0xffffff9a][0xffffffc0]OHxA[0xffffffcd][0xffffff9b][0xffffff97][0xffffffe1]3j[0xffffffc9][0xffffffab][0xfffffffe][0xffffffb3][0xfffffffc]*jm[0xffffffae]-[0x18]6jo[0x12]=[0xffffffe4][0xffffff8d][0xffffff98][0xffffffce][0xffffffe6][0xffffff99]KU2`[0xc]V[0xffffffdf][0xfffffff9][0x11]6^[0xffffffb9][0xffffff9c]k=i[0xffffffd1][0xffffffe4][0xffffffa4][0xffffffbd]`[0xfffffffb]@[0xc][0xffffffa7][0xffffffa9][0xffffffe9][0xffffff9a]X~[0xffffffa3]2E[0xffffff8e]j[0xffffffaf][0xffffffb1][0xffffffdb]uO[0x19][0xffffffe4]Z[0xffffff95]7[0xffffffd5],[0xffffff95]6q[0xffffffbe][0xffffffd7][0xfffffff5]l:[0xffffffa2][0x7f][0xffffffba][0xffffffb8][0xffffffec][0xffffffb7][0xffffff8c][0xffffffeb]m&[0xc][0xffffffb9]#[0x1e][0xffffffa8]G[0xffffffc7][0xffffffca][0xffffffdb] Y[0xffffffce];[0xffffffaf]f>Il[0xffffffc4][0xffffff8a][0x9]x[0xfffffffb][0x19][0xffffff93]~[0xffffffe0][0xffffffe0]KA [0x3][0xfffffffa][0xfffffff6][0xfffffff8][0xc][0xffffff97][0xffffff8b]X[0xffffffee][0x15][0xffffffb4][0xffffffa4]X[0xffffffa5][0xffffffbd][0xffffff84][0xffffffb6][0xffffff95][0xffffffd6][0xffffff9e][0x12][0x1c]3$[0xe][0xffffffb3][0xe][0xffffffe2]6}}[0xffffffbc][0xffffffb7][0xfffffffb][0xfffffff6][0xf][0x7f][0xfffffff2]j[0xffffff96][0xffffffe2]S[0xfffffff7][0xffffffa2]n[0xffffff98][0xffffffb0][0xffffff86][0xffffffb1][0xffffffd7][0xf][0xffffffeb]&?[0x1a]?[0xffffffff]Nk8f[0xffffffb1][0xfffffff1]![0xfffffffb][0xfffffff7];[0xffffff93][0xffffffb3]/|[0xffffffde][0xffffffac][0xffffffc5][0x4].X[0xffffff88][0xffffffe4][0xfffffff3]$[0x1c]`L5[0xffffffa8][0x18][0xffffffac][0xfffffffe][0xffffffba]=[0x11]![0xffffffb1][0xfffffff6][0xffffffa9]+i[0xfffffff9]`[0xffffffac][0xffffffc9]X[0x19]][0x18][0x1d][0xffffffe5][0xffffffa7]D[0xffffff9a][0xffffffb4][0xffffffba][0xffffff84]][\n]"
09:46:43.563 [main] DEBUG com.github.dockerjava.zerodep.shaded.org.apache.hc.client5.http.wire -- http-outgoing-2 << "[0xffffffae][0xffffffd8]7)[0xfffffffb][0xffffff88]N4[0xfffffff9][0xffffffcd][0xffffffa1][0xffffff99]^[\n]"
09:46:43.564 [main] DEBUG com.github.dockerjava.zerodep.shaded.org.apache.hc.client5.http.wire -- http-outgoing-2 << "w[0xffffff8b][0xffffff96]Ab[0xffffffb6][0xffffffbc][0x6][0xb][0xffffffd6][0xffffffa2]7[0xb]}J[0xffffffb9][0xffffffeb][0xffffff8e][0xffffffb8]R[0xffffffa6]R[0xfffffffd]}[0xffffffbe][0xffffffce][0x1f][0xffffff96][0xffffffd8]zg[0xffffffef]z[0xffffffdf][0xffffffba]A=[0xffffffbf][0xffffff93][0xfffffffb][0xffffffe0][0xffffffcc]-[0xffffffa3][0xffffff80][0xffffffee]}[0xffffff88]D[0x1a]qb{Y[0xffffffb7][0xffffffdf][0xffffff90][0xfffffff2][0xfffffff1][0xffffffc3]r[0xffffff82][0xfffffff9]t[0x13][0xffffffe1][0xffffffce][0xffffffea][0xfffffff2][0x1f][0xfffffffb][0xf][0xffffffab]}e[0xffffffb2][0xffffffeb][0xffffffcc][0xffffffb2]wGQ[0x8][0x18][0xffffffcd][0xffffffe8]'[0xffffff90][0xffffff8b][0xffffffd8][0xffffffcf]h[0xffffffd5]OK?[0xffffffc8]R[0xfffffff1];[0xffffffa3][0xfffffff1][0xffffffce][0xffffff94]/[0xfffffff3]"4:[0x10][0xffffffa0][0xffffffd8][0xffffffa6][0xffffffd3]YH[0xfffffff5][0xffffffde]e[0xffffff9d]f[0xfffffffe][0xffffffdd][0xffffffc4][0xfffffffd]1/[0xffffffa5][0xffffff9b][0xffffffdf][0xffffff98]P[0x1a]>jl[0xffffffc8]d[0xffffffdd][0xffffffd6][0xffffffb2][0xf]Z[0xffffffd6][0xffffffdc])}[0xffffffd9]/[0xffffffa9][0x7f][0xfffffff6][0xffffffc6][0x16][0xffffff91][0xffffff98][0xffffff8f][0xffffffb8][0x15]+[0xffffffba][0xffffff9d][0xffffffbc][0xffffff91][0xffffffb5]E\[0xffffffc5][0xffffffb7]w[0x5][0x6]Kf.%[0x17][0xffffff82][0xffffffd5]>f[0x11][0xffffff8e]<[0xffffffcf][0xffffffab][0xffffff8e][0xffffffdd][0xfffffff8]bC}AA[0xffffffb4]C[0xffffff89][0xffffffae][0x1e])[0xffffffe4][0xffffffea];[0xffffffe9][0x4][0xfffffff9][0xffffffc0][0xffffffee][0xffffffcf][0xffffffe4]<[0xffffffc1][0x15][0xffffffb3][0xffffff9c][0xffffff81]%[0x1]A[0xffffff8f][0xffffffb6][0xffffffeb][0xffffffa2][0xffffffdc][0xffffffa7]X[0xffffff82][0xffffff92][0x2][0xffffff99][0xffffffb9][0xffffff9b]%[0xffffffa5][0x8][[0xffffffe3][0xffffffc4],[0xffffffd0]%R[0xffffffc7][0xffffffe2][0xffffffdf]dq[0xffffffef][0xffffff9b]-[0x6][0xffffffbd][0xffffffac][0xffffffae]9[0xffffffe7]l)[0xffffffe0][0xffffffff]QP[0x5][0xfffffff5][0xffffffd2][0xffffffad][0xfffffff1][0xffffffa9]/s[0xffffff86]4[0xffffffcb][0xffffff9b]L[0x5]w[0xffffffdb][0xffffffc4][0xffffffd5][0x14][0xffffffbf][0xffffffd4]<D[0xffffffc1][0xffffff93]}V[0xffffffb8]u.[0xffffff8a][0xffffffff][0x12][0xfffffff2]H [0xffffffda][0xffffffaa][0xffffffad][0xffffffc3]L[0xffffff90][0xffffffe5][0xffffffa6][0xffffff90]oW[0xffffffd2][0xffffffcd][0xffffffd4][0xffffff96][0xffffffa1][0xffffffcf][0xfffffffc]92X[0x9][0xfffffff2][0xffffffae][0xffffffeb][0xffffffb6]c[0xffffffaf][0xffffffa6]D[0xffffffc3][0xffffffa7]^[0xffffffdc][0x11][0xfffffff1][0xffffffbb]{[0xffffff89][0xfffffffc]"[0xffffff91][0x0][0xffffffce][0xffffffe8]g[0xfffffffa][0xffffff90][0xffffffc2]o[0xffffff9b][0x17]j[0xffffffbb][0xffffffb1]W{[0xffffffe8]&[0xffffffde][0xffffffd8][0xffffff8b].j[0xfffffff3][0xffffff86][0xffffffc5]x[0xffffff86][0xffffffd3]G|[0xffffffa3]$[0x14]Y[0xffffffae][0xffffffbb][0xffffff9b][0x16][0xffffffd7][0xffffff98][0xfffffff3]e[0xffffff81]d5[0x3][0xfffffff3]{[0xffffffde][0xffffffb9][0xffffffc2][0xffffff8f][0xffffffab][9[0xffffffa5][0xffffffd8][0xf][0xffffffd5]}[0x13][0xffffffb7][0xffffffc8]#[0xffffffca][0xffffffa8][0xffffffea][\n]"
09:46:43.564 [main] DEBUG com.github.dockerjava.zerodep.shaded.org.apache.hc.client5.http.wire -- http-outgoing-2 << "|*0[0xb][\n]"
09:46:43.564 [main] DEBUG com.github.dockerjava.zerodep.shaded.org.apache.hc.client5.http.wire -- http-outgoing-2 << ")7Iu[0xffffffee]\G[0xffffffce]~[0xfffffff0][0xfffffff6]k[0xffffffaa][0xffffffb3][0xffffffed][0x14][0xffffffd5][0xffffffed]Kc[0xffffffdf]![0xe][0xffffff9d][0xfffffff0][0xffffff8b]xO[0xfffffff6][0xffffffde][0xffffffe6][0xffffffe2]K[0xffffffa4][0xffffffae][0xf][0xffffffd7][0xffffffd2][0xffffffd4][0xb].[0xffffffba]I1]I4qQyy?x1[0xffffffdd]/[0xb]_F[0xffffff83]F[0xffffff95][0xffffff8a][0xffffff91]:[0x1b][0x12][0xffffffce]5[0xffffffe5][0x7f][0xffffffeb][0xffffffbc][0xffffffe6][0xffffffcc][0xfffffffc][0xffffffe9][0xffffffbc][0xffffff90][0xffffffc4][0xfffffff9]',[0xffffffae]W[0xffffff9d][0xfffffffd][0xffffffd5]<[0xffffffb1]z|[0xffffffae][0xfffffff9][0xffffffa1][0xffffff86]#g[0xffffffcb][0xffffff96][0xffffffbf][0xffffffcc][0xffffffb6][0x17]h[0xffffffb2]6+,[0xffffff89][0xffffffad][0xffffffd2]W[0xffffff98][0xffffffc1][0xffffffbb][0xffffffe1][0xffffffb0]t[0xffffff86][0xffffffe4][0xffffff89][0xffffffa6][0xffffff9b][0xffffffd5]Y[0xffffff83]d[0xffffffbe]-[0xffffff9e][0xfffffff0][0xffffffcb]z[0xffffffd2]jnN[0xffffff97][0xffffffef]a[0xffffff9e][0xffffffcb]n[0xffffff8c]D^[0xfffffffb]V[0xffffff86][0xffffffec][0xffffffe3]a[0xffffffb3]I[0xffffff80][0xffffff9a]$[0xffffffdd][0xffffff9e][0xfffffff6]<[0xffffffe0][0xffffffcd]Sq[0xffffffae][0xffffffc0]\K[0xffffffca][0xffffffab]v[0xffffff8f][0xffffffdb]_[0xffffff96][0xffffffbf]z5[0xffffffb9]Q[0xffffffaf][0xfffffff0]d=^[0xffffff9e][0xffffffec][0xffffff83]#b[0xffffffea][0xffffff94]p[0xffffff9a][0xffffff83][0x2][0x7]Y[0xffffffef][0xffffffe3][0xffffff8b][0xffffffdf]y[0xffffffb7][0xffffffef]K~[0xffffffba][0xffffff8d]}u[0xffffffae][0xffffffa0][0xffffffaa]"[0xffffffcf]-[0x7f]C%[0xffffffe0]e"v[0xfffffff3][0xfffffffc][0x18]Kl39[0x1d]A7[0x1f][0xfffffffb]2CkN[0xffffff9c]Y[0xffffffcc][0x19][0xffffffe4]Xo[0xffffffbb][0xffffffa2]d[0xffffffaa][0xffffffba][0xffffffc0][0x1a][0x14][0x5][0xffffff97]w[0xffffffcc][0xffffffd3][0x6];v2[0xffffffd6]hS!];+[0xffffff98]{[0xffffffa4][0xffffffd4][0x5]fw[0xffffff97]X[0xffffffe4]T[0xffffffc9][0xfffffff5][0xffffff9c][0xffffff92][0xffffffb1][0xffffffe5][0xffffff94][0xffffffad]q,[0x9]t3[0xffffff9c]v[0xffffff9f][0xffffffb5][0xffffffd7]=[0xf][0xffffff9c]o[0xffffffad][0xffffff95][0xfffffff8][0x14][0xffffffe3]u[0xffffffa6][0xffffffe5]R2[0x7f][0xffffffb6]g[0xffffffcb][0xc][0xffffff8b][0xffffff94][0x16]m!Q[0xffffffe9]3[0xffffff82][0xffffffcc][0xffffffb0][0x19][0x19]#[0x4][0xffffffd2][[0xfffffff9][0xffffff95][0xffffffd1]Y6t*[0x1f][0xfffffff1][0xffffff9b][0xffffffa2]<[0xc][0xfffffff1][0xffffffc8][0xffffffea]D[0xffffffe3]D~^[0xffffffcb]Q[0xffffffba][0xffffffdb]9v[0xffffffab]*[0xffffffc1][0xffffff8d]{[0xffffffb1][0xffffffc9]h[0xffffffbd]![0x0]/[0xffffff84][0xffffff8d][0xffffffdf]g[0xfffffff4][0xffffffbe]Bae[0xffffffce][0x4][0x12][0xffffffca]`9[0x1b][0x15][0xffffffb7][0xffffffd3]3l[0xffffffa4][0xffffff87][0xffffffaa]&5[0xfffffffc]H[0xfffffff7][0xffffff87][0xffffffb3]w[0xffffffa3]:YP[0xffffff91][0x4][0xe][0x12][0xffffffd1]<[0x18]U5bS[0xffffffa7][0xffffffe8][0xffffff9e]|[0xffffffe0][0xffffffcf]X?[0xfffffffb]a7AO[0xffffffff][0x1d]gI[0xffffffb1][0xffffffd1][0x3]N[0xffffffad][0xffffffaf]g[0xffffffaa][0xffffffe2][0xffffffd4][0xffffffaf]<V[0xffffffdc][0xffffff9e][0xffffff8b][0xffffffd0]3[0xffffff8f][0xffffffb0][0xffffff89][0xffffffcc][0xffffffa2] [0xfffffff8]B[0xffffffad][0xfffffffe]N[0xffffffea][0xffffff8e]h7[0xffffff83][0xffffffa3][0xffffffc3][0x0]-[0xffffffce]C$[0xffffff89][0xffffffb7]hu[0x5][0xffffffef][0xffffffc2][0x1b][0xffffff96][0xffffff94].[0x8][0xffffffd2][0x7][0xfffffff3][0x11]`[0xfffffff2][0xfffffff8][0x6]F3[0xffffffdf]4[0xffffffb9]0[0xffffffdd][0x16]3[0xffffffee][0x15]g[0xfffffff6]5[0xffffff9e][0xffffffcb][0xffffffd0]}[0xffffffd3]2[0xf][0xffffff9d][0xffffffce][0xffffffdc]\#[0xffffffae][0xffffffd7][0xffffff8e][0xffffff9c][0xfffffffd][0x15][0x1a]e[0xfffffff0][0xffffffa0][0xffffffee][0xffffffb6][\r]^[0xffffffd6]V[0x1e][0xffffffdd]Z[0x18][0xffffffe7]3[0x17][0xffffffbe]6[0xffffffee][0xffffff9d]G\[0x1f][0xffffff90]KTwU2[0xffffffaf]L6^[0xffffff8c]R[0xffffffea]lHk[0x1c][0xffffffd4][0xffffffcd]o[0xffffffc9][0xffffff8c])[0xffffffba]5[0xfffffffa][0xffffffd6][0xffffffce][0xffffffa1][0xffffffc0]{[0xffffffc5]uGz[0xffffffcb][0xffffff83][0xffffffce][0xffffff89][0x0][0xfffffff7][0xfffffffd]Y[0xf][0xffffffdf]5d[0xffffffba]1.\[0x1][0xffffffd4][0x1b][0xfffffff9][0xffffffc8]:[[0x3][0xffffffbc][0xffffffe1][0xffffff86][0xb][0xffffffd4]z[0xffffffc1][0xffffffae][0xffffffb8][0xe][0xffffffaf][0xffffffb9]fgt[0xffffffa1]:_V[0xffffff91][0xffffffa2]J[0xffffff95][0x1f]/_2[0xffffffe3][0xffffffd6][0xffffffbc]1~[0xfffffff9][0xffffffc5][0xffffffee][0xfffffff5][0xffffffab][0xfffffff3][0xffffffe7][0xffffffbe]0[0xffffffc8]>[0x1f]T)+[0xffffffa2]G[0xffffff8b]zx[0xfffffffb]z\=[0xffffffc9]3[0xffffffcb][0xffffff9e][0xffffff9b][0xffffffeb][0xffffff96]o<[0xffffffd0][0x2][0xffffffa2][0xffffffef]x[0xfffffff0]+[0xffffffe3]P![0x6]i[0xb][0xffffffae]]s[0xfffffff5]C[0xffffff88][0xffffffc4]o<[0xffffff87][0xffffffa8][0xffffff8e][0xffffff98]PC[0xfffffff8]f[0xffffffcb][0xffffffb8][0xffffffef]C[0xffffffdc]3[0xffffffff]wu[0xfffffff7][0xffffffdf][0xffffffaf]EZ[0x8]W[0xffffffa0][0xffffffaf];[0x7][0xffffffdc]~[0xffffffae]dU,+[0xffffffa9][0xfffffff6]D[0xffffff9f][0xffffffb5][0xfffffff1][0xffffffdf]]][0xfffffffa]?[0xfffffffe] ,8\;[0xffffffbb][0xffffffd0]2[0x16][0xffffffb7][0x15][0xffffffa2][0xffffffec][!>[0xffffffb2]aD[0x12][0xffffffdd][0xffffffa5][0xffffff94][0xffffff86][0xffffff98]?[0xffffff83][0xffffffda][0xffffffab][0xffffffe3][0xffffffcf]#Y[0xffffffe5][0xffffffe1][0xffffffa1]b[0x17][0xffffffd1][0xffffffe2][0xffffffc7][0x7f][0xffffff9e][0xffffffad][0xffffff88][0x13][\r][0xffffffcb][0x10]C"[0xffffffbd][0xffffffb8][0xffffffb3]y[0xfffffff7]2vK[0xffffffbf]![0xffffff8b]c[0xffffffa9]][0x0][0xffffffda]s[0xffffffbd][0xffffffed][0xffffff85][0xffffff9d][\n]"
09:46:43.564 [main] DEBUG com.github.dockerjava.zerodep.shaded.org.apache.hc.client5.http.wire -- http-outgoing-2 << "[0xffffffc4][0xffffff98][0xffffffbe][0x9][0xffffffd2][0xffffffe4][0xffffffd9][0x7]n?[0xfffffff2][0xffffffd9][0xffffffc6][0x2]Ys[0xffffff9e][0xffffffae]<J0K[0xffffffb9][0xffffff96]?[0xffffff8c][0xffffffb6][0xffffff99][0xffffffe0][0xffffffd5]f[0xffffffee][0x1b]v[0xffffffe6][0xffffffdd]e_L[0xffffffdf][0xfffffff3]_[0xfffffff1]}[0xffffff86][0xfffffffa][0x17]:[0xffffff94][0xffffffeb]SbeZ[0xffffff82][0xffffffd1][0xffffffb9]&[0xfffffff3]Y_#[0xffffffae][0x15]O[0x7f]0I|[0xffffff8a]"
09:46:43.572 [main] DEBUG com.github.dockerjava.zerodep.shaded.org.apache.hc.client5.http.wire -- http-outgoing-2 << "1:[0xffffffb1]~[0xffffffae][0xffffffa5];[0xffffffdb]A[0xfffffff0][0xffffff92][0xffffffbf]OE[0xffffff88][0xffffffa9]"[0xffffffea][0x17][0xffffffd2][0xffffffa5][0x1a][0xffffffff][0xfffffffa][0xffffff87][0xffffff82][0xffffffb9]!D[0xfffffff3][0xffffffae][0xffffffae][0xffffffae]A[0xffffffb5][0xffffffe4][0xffffffb2][0xffffffca][0xffffffdf]<[0xffffff85]nR[0xffffffd6]U[0xffffff93]{,[0x8]r[0xffffffa0][0xffffff93]x} [0xffffffd6][0x9]2Nw[0xffffffc2][0xffffffda][0xffffffa8][0xffffff88][0x1f][0xfffffff9]y[0xffffffbb][0xfffffff3][0xffffff87][0xffffffd6][0xffffffa8][0x15][0xffffffda][0xffffff97]J[0xffffff93][0xffffffbd][0xffffffa4]$[0xffffffaf]b[\r]e[0xffffff8e][0xffffffec]f[0x9][0xffffffb5][0x15][0xffffffa4][0xffffffed][0xffffffbc][0xffffffcb]v7![0xffffffbf][0xffffff94][0xffffffdb]u%xS[0xffffffe7][0xffffffe9]q[0xffffffad]([0xffffffed]c[0xffffff88][0xffffffa7][0xffffffbd][0xffffffee][0x6][0xffffffd9][0xfffffff7][0x11][0x6]uYR[0xffffffc8]U[0xffffff9b]_[0xffffff9c][0xffffffb8]rv[0x12][0xffffffa9][0xffffffe8]Q[0xffffffd3]5[0xffffff97][0xfffffff3][\n]"
09:46:43.572 [main] DEBUG com.github.dockerjava.zerodep.shaded.org.apache.hc.client5.http.wire -- http-outgoing-2 << "[0xffffffa4]+[0xffffffdd][0xffffffd7][0xffffff82]y[0xffffffda][0xffffffa4]$[0xffffff93][0xffffff99][0xffffff9e][0xffffffea][0xffffffb8]l%.[0xffffffed][0xffffffef][0xffffffa9][0xffffffdf][0xffffffae][0xffffffdf][0xffffffc9]R[0x8][0xfffffffe].R[0xffffffbd]F[0xffffffe7]1&z[0xffffffc9]"[0x12][0xffffffff][0x1][0xffffffd6][0xffffffcd][0xffffffdc][0xffffff8c][0x1d][0xffffff93][0xffffffed][0xffffffe0][0xffffff8c][0xffffffa7][0xffffffaa][0xffffffe1][0xffffffa8][0xfffffff9]*[0xffffffd6][0xffffff8c][0xffffff9a][0xffffff93]q[0xffffffaf][0xffffffaa][0xffffff86][0xffffff90][0xffffffcc][0xfffffffa]j{b[0xffffffeb][0x1d][0xffffffa9]X[0xffffffb4][0xffffffcc][0xffffff91][0x1a]Y[0xffffffa2][0x15]//[0xffffff8e]f*F[0xffffffd7][0x14]V[0xffffff8c][0xffffff97][0x9][0xffffffde][0xffffffcd][0xffffffd6][0x1a]y[0xfffffffd]&u>[0x5][0xffffffd5]U[0xffffff88][0xffffffaa],[0xffffffcc][0xffffff99][0xffffffeb]e[0xffffff90][0xffffffa4]V[0xffffffc5][0xfffffffe][0xffffffd9]r[0x15][0xffffffc3][0xffffffa5]3[0xffffffab][0xffffff99][0xffffffdf]nMl[0xffffffa1]_.[0xfffffffd][0xffffff91]Q[0xffffffc1][0xffffffff]a[0xffffff93][0xffffff90][0xffffffc7]/'dth[0xfffffff9]%[0xfffffffd]r[0x19]2u[0xffffff8a][0xffffffc0][0xffffffd4][0xffffff8a]M[0xffffffc4]Xs[0xffffff8e][0xffffffc3]}[0xffffff83][0xffffffe1][0xfffffff8][0xffffff82];[0xffffffad]8[0xffffffbe][0xb][0xfffffffa]K[0xffffff83][0xffffff99][0x16]\[0xffffffa5]U[0xffffffa9][0xffffff85][0x2][0xffffffca][0xffffff9a]#[0xffffff8b][0xffffffd2]<;%[0xffffffe7]:[0xffffffe2]yxy[0xffffffa4]'s6{[0xffffffb4][0xfffffff5]g[0xffffffdd][0xffffffc7][0xffffffb8]ym[0xffffff90][0xffffffc9][0xffffffc6][0xffffff9d][0xffffffc3][0xffffff9e];G[0xfffffff3][0xfffffff9]:1[0x17][0xffffffe1][0x7][0xffffffb7][0xfffffff9]3[0xfffffff2]\[0xffffffd3]1Fi^[0xffffffba][0xffffffa0][0xffffff96][0xffffffcc][0x1a]b[0xffffffdf]0[0xffffff99][0xfffffffb][0xfffffff3][0xffffffc7][0xffffffd9][0x7][0xffffffdf][0xffffff82][0xb][0xfffffff0]k[0xffffffea]h[0xfffffff1][0xffffff8d]R'[0x11][0xfffffffd][0xffffff85]#"[0xffffffa1][0xffffffda][0xffffff94][0x1b][0xffffff98]a[0xffffffe2][0x17]\[0x14][0xffffff85]D[0xffffffa6][0xfffffff5][0xffffff87][0xffffffdb]r=[0xfffffff5][0xffffffe5]t[0xffffffe3][0xffffffae][0xffffff9b]A[0xb][0xfffffff2][0x1b][0xfffffffd]5[0xffffffd9][0x16][0xffffffa2][0xfffffff9][0xf]Z[0xffffffbe][0x8]hTSx[0xffffffe5]?s[0xffffffa1][\r][0xffffff90]O[0xffffffe9][0xffffffb1]0[0xffffffb6]go[0xffffffd2]NO[0xffffffc6][0x16]my[0xffffffcd][0xffffff82][0x16][0x16][0x1b][0xffffff89]in[0xffffffa4]~s[0xfffffff3][0x2][0x1e]^b[0xffffffb3][0xffffffad][0xffffffe2]}[0xffffff84]}JL"[0xffffffce][0xffffffb7][0xffffffd8][0xffffffc3][0xffffff91][0xffffffa5][0xffffffc1]uaq[0xfffffffb][0xfffffff7][0xffffff83][0xffffffd7]~[0xffffffaa]&[0xffffff92][0xffffffb5]J=[0xffffffe9]"`[0xffffff85][0xffffffa0]K[0xfffffff7][0xffffffe4][0xfffffffa]8n[0xffffffb8][0xffffffea]M[0xffffff99][0xffffffbf]m[0xffffff8f]n[0xffffffe0][0xffffffd5]I[0xffffffd3]aQvm[0xffffffb0][0xffffffec][0xffffffa7][0xfffffff2][0xfffffff4]z[0x1f][0xffffffde]2[0xfffffff1]L[0xffffff9b]s[0xffffff9d]^ax[0x18][0xffffff93]el[0xffffff83][0xffffff94]S|[0x1a][0xffffff89][0x1f][0xffffffa3][0xffffff80][0xffffffe1]-[0xffffffad][0x4][\n]"
09:46:43.572 [main] DEBUG com.github.dockerjava.zerodep.shaded.org.apache.hc.client5.http.wire -- http-outgoing-2 << "[0xffffffeb]M[0x1a]v[0xffffff96][0xffffffb3][0xfffffff4][0xffffffa9][0xffffffbb]w[0xffffff85][0xffffffb5][0xffffff98][0xffffffea][0xffffffa4]$[0xffffffc4]_[0xffffff92][0xfffffff8][0xffffffb5][0xf][0xffffffd4]Kd1[0xffffffae][0xfffffff4][0xffffffaa],P[0xffffff90][0xffffff99]|)|[0xffffffa0][0xffffff86][0xffffffae][0xffffffc7][0xffffffe6][0x19][0xffffffb9]x[0xffffff8e]w[0xffffffbe][0xffffff9c][0xffffffb5]+[0xffffffd2]h3[0xffffffcb]w[0xffffff96]`[0xffffff8d][0xffffff8b];[0xffffffa0]4"[0xffffffaa]5[0xffffffb0][0x18][0xffffffba]u[0xffffffdd][0xfffffff4]1{G[0xfffffff6];[0xffffff97][0x1d][0xffffff9c]{[0xffffffa6][0xffffffdb][0xfffffff8]\>/[0x5][0xfffffffd][0xffffffbe][[0xffffffe0] [\n]"
09:46:43.572 [main] DEBUG com.github.dockerjava.zerodep.shaded.org.apache.hc.client5.http.wire -- http-outgoing-2 << "h[0x1b]'gT[0xffffffbe][0xffffffb4][0xffffff93]b3[0xffffff9b][0xffffffd4][0xffffffe4][0x17][0xffffffe6]BGF[0xfffffffa][0xffffffba][0xffffffb3][0xfffffffc][0xffffffe2]r[0xffffffea][0xffffffa7][0xffffffd7][0xfffffffb][0xffffffab]\[0xffffff91]3[\r][0xffffffca][0xffffff91]r[0xffffff9c][0x3][0xffffff9e][0xffffff8e][0x18][0xffffffb7][0xffffffcf][0xffffffaa]3C3[0xffffff89]3[0x1d][0xfffffff4][0xffffffd7]'[0x1c][0xffffff98][[0x18][0xffffffee][0xffffffb5]\[0x1d]RY[0xffffffbf][0xffffffcf]>[0xffffff85][0xffffffd3]k[0x1f][0xffffffaa][0xffffffb4][0x1d][0xffffffa7]G[0xffffffd2][0xffffffd9][0xffffff9e][0xffffffcf][0xffffffa3][0x1c][0xffffff95]2[0xffffffb7][0x10]+[0xffffffe0][0xffffffdb][0xffffff97][0xffffffdd][0xfffffff9]I[0x1]5_W[0xfffffff2]Sh[0xffffffd8][0xffffffda][0xffffff9b][0xfffffff9][0xffffff8f]727[0xffffffb5][0xffffff82]l[0xffffffcd][0xffffff9f] [0x1b][0xffffffd1][0xffffff99][0xffffffa9]{[0xffffffa1][0xffffffb7]x[0xffffffba]2_[0xffffffa3]hh[0x16][0x15][0xffffff8f]$IA[0x10][\n]"
09:46:43.572 [main] DEBUG com.github.dockerjava.zerodep.shaded.org.apache.hc.client5.http.wire -- http-outgoing-2 << "[0xffffff8f]~[0xffffffe6][0xffffffb2]9@[0xffffffe5][0xffffffae]C[0xffffffb4][0xffffffff]n[0x9][0xffffff97][0xffffffdd]c[0xffffffe5][0xffffffe3][0x3][0xfffffffc][0xffffff85][0xffffffcf][0xffffffcf]G[0xffffffb2]:[0xffffff8b][0xffffffae]Q[0xffffff8a]*[0xfffffff3][0xffffffb1][0xffffffe5]}%[0xffffffbc][0x13]x[0xffffffae]u[0xffffff8a][0xffffff88][0xffffff99][0xffffff8a]K[0xffffffc5][0xffffffd0][0xffffffb6]r@{[0xffffffa6]}C7To[0xffffff90][0xfffffff4][0x0]%Y[0xfffffff2][0xffffffa3]}[0xffffff91]x[0xffffffea]7[0xffffff9c][0xffffffb3]S8[0xffffff91][0xfffffffe]Z[0xffffffd3][0xffffffa6][0xffffffae][0xffffffe3][0x2]M&W[0xffffff8d]k[0xffffffdb]-[0xffffffc5]P[0xffffffe3][0xfffffff3][0x7f]"V[0xffffff9a][0xffffffec][0xffffffca][0xffffff9b]n[0xffffffb3][w^[0xffffffe7]][0x15][0xffffffab][0xffffff8e][0xffffffd9]e[0xffffffab][0xffffffb0][0xffffffad][0x16][0xffffffef][0xffffff8f][0xffffff9a]G[0xffffffe3]![0xffffff91][0xffffffc9][0x14][0x19][0xffffff89]a1[0xffffffee]7[0xfffffff3]z[0x16][0xfffffffe]4d[0xffffff87]])[0xffffffb0][0xffffffb2][0xffffffb1][0xffffffa4][0xffffffb3][0xffffffe8][0xffffffa2]Z[0xffffffcd][0xffffffa8][0xffffffaa][0xffffff9d]y<[0xffffffa1]x|[0xffffffde]~[0xffffffad][0xffffffad][0xffffffba][0xffffff97][0xffffffd8][0xffffffea][0xffffffb8][0x12][0xb][0xffffffa3]n[0xffffff8e]&[0xffffffff]l[0xffffffd3]pF[0xffffffcd][0xffffffad][0xffffff81]9Q[0xffffff8f][0xffffffcb][0xffffffcd][0xffffffc8]J[0xffffff88][0xb][0xffffffd7][0xffffffd7]+[0xfffffff2]:[0xffffffc9][0xffffffa8][0xffffffac][0xffffffeb]o_[0xffffff8e][0x15][0xffffffda]D?[0xffffffe7][0x1e]_[0xfffffffd]c[0xffffff90][0xfffffffa][0x1a][0x7][0xffffff8e][0xffffffae][0xffffffa8]Bx[0xffffffee][0xffffffee][0xffffffcd]g[0xffffffc5][0xffffffde]w=[0x1e][0xffffffb6]a[0xfffffffe]$[0xffffffa2][0xfffffff2][0xffffffa5][0xffffffbd][0xffffffb9][0xffffffc5][0x1b][0xffffffec][0xffffff8b][0x1d][0xfffffffe]R[0xffffff9a][0xffffffdf][0xffffffd2]b[0xffffff86]M[0xffffff8c][0xffffffba][0xffffff88][0xffffffaa][0x1a]jc1$[0xffffffcd]m[0xffffff95][0xffffff9d][0xffffffce]OI[0xffffffea][0xffffffe9][0xffffffa4][0xffffffa5][0xffffffaf][0xffffffc3][0xffffffa6]"*[\r][0xffffffba][0xffffffaa][0xffffffb3]Q[0xffffffc4][0xffffffa5]E;^Y[0x12]eV[0xffffffa7][0xffffffdf]z[0xffffff9f][0xffffff9b]q[0xffffffea][0xffffffa7][0xffffffce][0xffffffdd][0xffffff95]d[0xffffff85][0xffffff96]3[0xffffff97][0xffffff99]G[0xfffffffb]:[0xffffff9c]"[0xffffffd5]e[0xffffffc8]-F[0xffffff89]n[0xfffffff2][0xffffffcc][0xffffff9d]3[0xffffffba][0xffffff90][0xffffffb7][0x1e][0xfffffff8][0xffffffa9][0xffffffa5]=[0xffffffc3][0x1c]A[0xffffff91][0x1a][0x3][0xffffff91][0xffffffa6]G[0xffffffcd][0xffffff9f][0xffffffd1]c[0xffffff98][0xffffffed][0x1e][0xffffffea]Y[0xffffffa2][0xb][\r][0x19][0xffffffa5][0xffffffcb]frFo&[0x1d][0xffffffdf][0xe]=[0x1e]x$[0x1b]Z[0xffffffb2]d[0xfffffff8]s[0xffffff96][0xffffffad]m[0x5][0xffffffa5][0xffffff92]C[0xffffffbb][0xffffffcb]^[0xe][0xffffffbf].[0xffffffa0][0xffffffba][0xffffffb0][0xffffffce][0xffffff80][0xffffff94][0xffffffe5][0xffffffed][0xffffffc5]`[0xffffffa5][0xffffffd0][0x11]*[0xffffffb3][0xfffffff3][0xffffffc4][0xf][0xffffffdf][0xffffff9b][0xffffffcd][0xffffff86]n[0xffffffa7]L[0xfffffff0][0xfffffff0]V[0xffffff95][0xffffffaa]Y[0xfffffffb][0x16][0xffffffaf][0xffffffe4]\%MB[0xffffffec][0xffffffc4][0xffffffa6]^"[0xffffffb9][0xffffffcf][0x1b][0xffffffcd][0xffffffd8][0xffffffb2][0xffffffdb][0xffffffb3][0xffffffac][0xffffffc4][0xfffffff8][0xffffffb4][0xffffffe5][0xffffffeb][0xffffffa5]K4[0xffffffbc][0xffffffdf][0xffffffd1][0xffffffcb][0x8][0xffffffe8]_[0xffffff92][0xffffffbf][0xffffffa6][0xffffffaa][0xffffffb6][0xffffffb8][0xffffff9b]Wo[0xffffffc3][0xffffffec]]:qk*yD[0xffffffd8]`[0xffffffcb][0xffffffb2]Kh[0x18][0xffffffbb][0xffffffd1]S[0xffffffee]nP[0xffffff9c][0xffffffe7][0xffffffd9][0xffffff97][0xffffff93]_[0x1f]_[0xfffffff7][0xffffff8d][0xffffffc4]o[0xffffff8b][0xffffffa2]s[0xffffffc6][0xffffffc5][0xfffffff9][0xffffffde][0xffffffe6][0xffffffa1]+[0xffffffe7]\[0xffffffdb]+[0x1b][0xffffffd3]fxq?[0xffffffce]~&[0xffffffe3]\[0xffffffb4][0x1f]?t[0xffffffe6]2[0xffffffb2][0xffffffdc][0xffffffcb];r[0x1c][0xffffffb3][0xffffff85]|Tm.[0xffffffec]M[0xffffff85][0xffffffbb][0xffffff9f][0x15][0xffffffcd][0xffffffaa]?>[0xffffffe7]M[0xffffffc2][0xfffffff0][0xffffffad][0xfffffff7][0xb][0xffffffb7][0xffffffa7]#g[0xffffffb6][0xffffff9f][0xfffffffd][0xffffff89]&B[0xffffffc2]@[0xffffffe8]:[0xffffffc8]hs[0xffffff9f]1[0xffffffda][0xffffffe1][0x12][0xffffffe2]O|[\n]"
09:46:43.573 [main] DEBUG com.github.dockerjava.zerodep.shaded.org.apache.hc.client5.http.wire -- http-outgoing-2 << ".[0xf][0xffffff95]q|[0xffffffb4][0xffffff95]aL[0xfffffff3].a[0xf]#\[0xffffffbc]T[0xffffffb1][0xffffff92]{V7[0xffffffb4][0xffffffd6][0x15]^L[0xffffff9b][0xffffffe0]<[0xffffffff])[0xffffffa6][0xffffff82]Z[0xffffff8a][0xffffffde][0xffffffb5][0xffffffdf]7H\:[0xffffffac][0xffffff98]P[0xffffffd7][0xffffffcc]B[0xffffffe1][0xffffffd8][0xffffff91][0xffffffe7][0xffffffe4][0xffffffb7]s[0xffffffe9]>[0xffffffed][0xffffffa2][0xffffff96][0xffffffc4][0xffffffc0][0xffffffe3])2[0xffffff99][0xffffff9b]"[0x18][0xfffffff6][\r].[0xffffff83][0xffffffa8]7[0x8][0xffffffb9][0xffffff9d][0x7]W#[0xffffffc8][0x1c][0x17][0x12]k[0xffffff98][0xfffffff7][0x4][0xffffffce][0xffffffca][0xffffff98]s[0x12][0xffffff87]?6[0xffffffb9][0xfffffff0]~[0xffffff88][0xffffffb5][0xffffffdf]HOn[0xffffff83][0xffffffe2][0xffffffda]|&5[0xffffffbb][0xffffffe3][0xffffff86][0xffffffe4][0xffffff9c][0xffffff91]a`[0xffffffcb]4[0xffffffda][0xffffff8e]C[0xffffffa1][0x8][0xf][0xffffffa7][0xffffff98]9[0xffffffba]#[0xffffffda]k[0xffffff92]q9[0xfffffffa]ntI[0xffffff96][0xffffff97]5g[0x3]og[0xffffff9a][0xffffff9c][0xffffffcf][0xffffffe4]MyaBb[0x16]={[0xffffffd6]/[0xfffffff0][0xffffffb2][0x16]kq[0xfffffff1][0xfffffff4][0xffffffe3][0xffffff8c]1\*_[0x5]e[0xffffffb1][0x2]3[0xffffffbd][0x1e]6o[0xffffffde][0xfffffff7][0xfffffff9][0xffffffad][0xfffffffb][0xffffffc5][0xffffffc6][0xffffffc4][0xffffffde][0xffffffe9][0xffffff95][0x11]w<e[0xffffffbe][0xffffff8a]1[0xffffffd0][0xffffffbd][0xffffffe8]Q[0xffffffbe][0xffffffee][0x10][0x8]}[0x19][0xfffffff8][0xfffffff4][0xffffff9c][0xffffff97][0xffffff9c][\r]U[0xffffffd2]8[0xfffffffa]1k[0xffffffe9][0xfffffffb]m[0xffffff82][0xffffffd5][0xffffffce][0xffffffb8]Q[0x11][0xfffffffd][0xb]N[0xffffff9b][0xffffff88]m[0xffffff98][0xffffff9f][0xfffffff7][0xffffffc2][0xfffffffa][0x14][0xffffffa6][0xfffffff0][0xffffffab]4[0xffffffd5]^[0xffffffb5] 8[0x1e]x[0x1b][0xffffffbd]P[0xffffffce][0xffffffbc]0[0xffffffdd][0x8]58[0x4][0xffffffbe][0xffffff83][0xffffffa0][0xffffff9b][0xffffffd5]([0x10]d[0x8][0xffffffd1][0xffffffce][0x1f][0xffffffbd][0xffffffdf][0xffffffad])x[0xffffff97][0xffffffdc]Z[0xffffffd8]o??[0xfffffff8][0x7f][0xffffffdf][0xffffff8d]H[0xffffff98]>[0xfffffff6][0x8]?>d[0xffffffe6]|8[0xffffffb0]@[0xffffffd4]I[0xffffffbd][0x18][0xffffff97][0xffffffff][0x12]W[0xffffffa2][0xffffffc2]MG[0xffffffa3][0x11][0xffffff82].[0x6]7*[0xfffffffc] [0xffffffee]p[\n]"
09:46:43.573 [main] DEBUG com.github.dockerjava.zerodep.shaded.org.apache.hc.client5.http.wire -- http-outgoing-2 << "^[0xffffffa7][0x1e][0xffffffa3][0xffffffa8]\f[0xffffffb2][0xffffffff][0xffffffef][0xffffffcd][[0xffffffad][0xffffffcb][0xffffff8d][0x2][[0xffffff94]-;[0xfffffffe][0x10][0x4][0xffffffd9][0xffffffa0]@[0x10]'D[0xffffff87]q[0xfffffff4][0xffffffda]1[0xffffff83]`[0xffffff96][0xffffff90]{[0xffffff88][0xffffffdf]?[0xffffffbc][0xffffff8c][0xffffffcf][0x17][0x17][0xffffffa8][0xfffffffe][0xfffffff5][0xffffffbf][0xffffffae][0xffffffb5]%[0x6][0xffffffff][0xfffffffd]W[0xffffff96]k[0x10][0x4][0x9][0xffffffff][0xffffffe7]c[0x18][0xffffff8e][0xffffffde][0xffffffab]f@[0xffffffc8][0xffffffba][0xffffffed],[0xfffffff4]O[0x1f][0xffffff83][0xffffffa6]%[0xffffffc4]~[0xfffffffc][0xffffffdf][0xffffffc8][0xffffffc6][0xffffffff][0xfffffffe][0x18][0xe][0xffffff88]N[0xffffffe1][0xffffffe8][0xffffff95]jz[0xffffff84],#[0xffffffcb][0x7f][0xfffffffc][0xffffff98][0x7f][0xfffffff8][0xffffff89][\n]"
09:46:43.573 [main] DEBUG com.github.dockerjava.zerodep.shaded.org.apache.hc.client5.http.wire -- http-outgoing-2 << "[0xffffff80] H[0xffffffe8][0xffffffd7][0x5]~:[0xffffffc7][0xffffffa3]Z[\n]"
09:46:43.573 [main] DEBUG com.github.dockerjava.zerodep.shaded.org.apache.hc.client5.http.wire -- http-outgoing-2 << "[0xffffff87][0xffffffe0]]s[0xffffffc9][0xffffffc7][0xffffff82][0xffffffe6][0xffffffe9]2[0xffffffe7][0xffffffed][0xe][0xfffffffe][0xffffffb1][0xffffff94][0xffffffff][0xfffffff4][0x13][0x14][0xfffffff0][0xfffffff7][0x5][0xfffffffe][[0x10]][0xffffffd2]Q[0xffffffc7][0xffffff80]Q0+T[0x14][0xffffff9b][0xfffffff6][0xffffffe6][0xffffffc1][0xffffffbf][0xfffffffb][0x1c][0xffffffeb]F[0x8][0xffffff82]D[0xfffffffe][0xfffffff3][0xffffffcb]U[0x1e][0xffffffad][0x11]=B[0xffffffd6][0xffffffa3][0x7f][0xffffffae][0xffffffd1]?[0xfffffffd]r[0xfffffffe][0x7f][0xffffffff]r[0x1c][0x10][0xffffffdd][0xffffffc7][0xffffffa3]:[0x1]=BV>L%[0xffffffda]<z[0xffffffce]8[0x4][0xffffffef][0x16][0xffffffff]}[0xffffffdb][0xfffffffc]$%[0xfffffff2][0xffffffff]]"z[0xffffffbc]c%j[0x17][0xffffffbd][0xfffffffc][0xffffffef]K[0xfffffff4][0xffffffea]w[0xffffff89][0xffffffe8][0xffffffb9][0xffffff8e][0xffffff95]h[0x6][0xffffff96][0x12][0xffffffd1]k[0x1f]+[0xffffffd1][0xffffffdc][0xffffffc9]K[0x14][0x2][0xffffffd1]{[0x1f]-[0xffffff91][0xfffffff7]o[0xffffff8d][0xffffffee][0x4]%"[0xffffff94]e[0xffffffec]$[0xffffffc5][0xffffffd0]Bx?v[0x10][0xffffffd8]{[0xffffffb0][0x1d][0xffffffc7][0xffffffab][0xffffffd0][0xffffff9d]1[0xfffffff5][0xfffffff6] [0xffffff86][0xffffffd6][\n]"
09:46:43.573 [main] DEBUG com.github.dockerjava.zerodep.shaded.org.apache.hc.client5.http.wire -- http-outgoing-2 << "[0x1a]l[0xffffff9e]~[0xfffffff0][0xfffffff3][0xffffffa1][0xffffff81]I[0xffffffae]V[0xfffffff6]@[0xffffffc6][0xffffff8d]Rr|l[0x5][0xffffffd2][0x18][0xffffffee]Mr[0xffffffcd]\3i[0x4][0xffffffd7][0xffffffbc][0xffffffa2][0xfffffffa][0xfffffff6]./[0xffffffa5][0xfffffff3][0xffffffbd][0xffffffb6][0xffffff8b]i[0xffffffec][0xffffff93][0x7f][0xffffffd5]'[0xfffffffe][0xffffff97]$@[0xffffff9f][0xfffffff5][0xffffffa7]$[0xfffffff0]KS[0xfffffffb][0xffffff97]u[0xffffffc6][0xffffff95][0xffffffc6]g[0xffffffc1]*[0xffffffff][0xffffff8f]$[0xfffffff0]W[0xffffff91][0x1a][0xfffffffe],u6[0xffffffdd][0xffffffbf]/[0xfffffff5][0x7f][0xffffff8b][0xffffffc4][0x5][0xffffffd1][0xffffff8f][0x1f]}`[0xffffff99][0x10][0xffffffb2][0x19][0xfffffffe]m[0xffffffa9][0xffffff89][0xffffffca][0xffffffa6]|[0xffffff9f][0xfffffffd][0xfffffff5]7[0x13][0xfffffffd]u [0x19][0x10][0xffffffff]|f[0xffffffff][0xffffffab][0xffffff92][0xffffffc1]x [0x19][0xffffffc8][0xfffffffe]<[0xffffff90][0xffffffbf]t0[0x18][0xe]$[0xffffff83][0xffffffc8][0xffffffb1]*9[0xffffffc0]r [0x19]L[0xffffffff]<[0xffffff90][0xffffffd9]N[0xffffffff][0xfffffffe]@[0xfffffffa][0xffffffff]~f[0x19][0xffffffc2][0xfffffffe]|f[0xffffffff][0xffffffab]{[0xffffffc1][0xfffffff8][0xffffffb5][0xffffffc6][0xfffffff0][0xfffffff8]X[0xffffff89]Ra,Q[0xfffffffb][0xffffffb1][0x12]=;[0xfffffff9]A[0xffffffe2][0xffffff80][0x18][0xffffffe6][0xffffff8e][0xffffff95][0xffffffa8][0x1a][0xffffff96][0x12]1[0xffffffa2][0x1f]+Q[0xffffffdd][0xffffffa9]N[0x11]#[0xfffffffd][0xffffffd1][0xffffffc7][0xffffff8d][0xfffffff1]?[0x6][0x12][0xc]%b[0xffffff94]?V[0xffffffa2]mXN[0x11][0xffffffa3][0xfffffffd][0xffffff9f]/[0xffffffc7][0xffffffec][0x1d][0xffffff98]J[0xffffff94]x[0xffffffec]A[0x1b]?[0xffffffd5])b[0xffffffac]8[0xfffffff6][0xffffffcd]O|[0xffffff92][0x12][0x1d][0xffffffbe][0x1c][0x19][0xfffffffb][0xffffff8f]}[0xfffffff3][0xfffffff3][0xffffffc2]r[0xffffff8a][0x18]7[0xffffff8e]}[0xfffffff3][0xfffffff3][0xffffffc3][0xfffffff2]rd[0xffffffc2]=[0xfffffff6]r$?[0xffffffd5])b[0xffffffe2]<V"![0xffffffd8]N[0x11][0xffffff93][0xffffffd6][0xffffffb1][0x12][0xfffffffd][0x1f][0x18][0xffffffeb][0xffffffff][0xfffffffd][0x14]1y[0x1d]+[0x11]L[0xffffff88][0xffffffc5][0xffffff94]y[0xffffffac]D[0xffffffe6][0xffffffa7]:EL[0xfffffff5][0x7f]>hY[0xffffffa1][0xffffffb0][0xffffff9d]"[0xffffffa6]1[0x10][0xffffff88][0xffffffc5][0xc][0x1d][0xffffffa3]P[0xffffff98][0x10][0xffffff8b][0xfffffff9][0xfffffffa]1[\n]"
09:46:43.574 [main] DEBUG com.github.dockerjava.zerodep.shaded.org.apache.hc.client5.http.wire -- http-outgoing-2 << "=[0x1d]b1[0xb][0xffffff83]A,fc[0x10][0xffffff88][0xffffffc5][0x1c]zz[0xffffffc4]r[0xffffff85][0xffffff98][0xfffffff3][0xffffff8f][0xffffff9e]"[0x1b][0xffffff98][0x10][0xffffff8b]GWbC[0xffffff80]0[0x7f][0xffffff90][0xffffff83][0xffffffdc]h[0xffffff9b][0xffffffc9]0~[0xffffffa6]{[0xfffffff2][0xffffffdc]^F[0x0]I[0xffffffa1]B+~[0xffffff8a][0xffffffc6][0xffffffb0][0xfffffffc]d[0xffffffd0][0xfffffff5]E[0xffffffe1]'[0xffffffb4][0xffffffef][0xffffffca][0xfffffff5][0x14][0xffffffb6]q[0xffffffe3][0xffffffaa][0xffffffa5].[0xffffffe2]"LC[0xffffffad]m[0xffffff97][0xfffffffd] [0x8][\n]"
09:46:43.574 [main] DEBUG com.github.dockerjava.zerodep.shaded.org.apache.hc.client5.http.wire -- http-outgoing-2 << "[0xfffffff8][0xffffffc5]T[0xffffffcc]o[0xffffff8f][0x16][0xfffffff6][0xffffff84]L%[0xfffffff6]^p[0xffffff9b][0xffffffe2]o[0xffffffa6][0xffffffe2][0xffffff82][0xffffff98]g[0xffffff8f][0xffffffd6][0xffffff96][0xffffffe9][0x4]LET[0xffffffd3][0xffffff96][0xffffffd8]*[0xfffffff8]7[\r]q@,h[0xffffffc7][0xffffffde][0xffffff86][0xffffffff][0x1a][0xffffffab][0xffffff8e]~[0xffffffd5][0xffffffb3][0xffffffd0][0x1e]{[0x1b][0xffffff9e][0xffffff8e][0xffffffa9]X[0xffffffe4][0xffffff8e][0xffffffbd][\r]ad*[0x16];[0x10]L[0xffffffc5][0x12][0x7f][0xffffffec]m[0x8][0x13]S[0xffffffb1]<=[0xfffffff6]6<[0x1d]S[0xffffffb1][0xfffffff4][0xffffff81]a*[0xffffff96]5[0x10]L[0xffffffc5]z[0x5][0x4]S[0xffffffb1]r[0x0]e*V[0xffffff8d]c%[0xffffff82][0xffffff91][0xffffffa9]X=A0[0x15]k[0xffffffc6][0xffffffb1][0x12][0xffffffc1][0xffffffc4]T[0xffffffac]u[0xffffffc7]Jt:[0xffffffa6]b[0x1d]=[0xfffffff6]6[0xffffff84][0xffffff91][0xffffffa9]X[0xf]@0[0x15][0x1b][0xffffffe9][0xffffffb1][0xffffffb7]!LL[0xffffffc5]&t[0xffffffec]mx:[0xffffffa6]b3[0x2][0xffffffc3]Tl[0xffffffc1] [0xffffff98][0xffffff8a]-[0xf][0x4]S[0xffffffb1][0xffffffb5][0x2]e*[0xffffffb6][0xffffffef][0xffffffff][0xffffffd3][0xffffffb6][0xffffff82][0xffffffe9][0x14][0xffffffb1][0xffffffa3][0xffffff82]`*[0xfffffff6][0xffffff9b][0xffffffa7]o[[0xfffffff9]C[0xffffffec]2GK[0xffffffe4][0x6][0xb]S[0x11][0xffffffca][0xfffffff2][0x9]@[0xffffff84][0xffffffcb]c[0xffffffe7]-[0xffffffcf]g[0xffffffd7]9St[0xfffffff6]c[0xffffffe8]$[0xffffff99]<[0xffffffd0][0xffffffec][0xffffffd8][0x17][0xffffffff]n[0xffffffd3][0xffffffcf][0xfffffff8]3[0xffffffbb][0xffffffda]@[0xffffffd1][0xffffff82][0x2]+,[0xffffffe2][0xffffffbe][0xfffffffd]e[0xffffffcd]G[0xffffff9b]C9,[0xffffffca][0x18]\C[0xffffff99]2_yqs[0x1e][0xffffffbe][0xffffffd4][0xffffffc7][0xffffffe3]Yb1[0xffffff80] ([0xffffffea][0xffffffd7]j[0xf]v[0xffffffdb][0xffffffa3][0xf]*[0xffffffdb][0xffffff89][0xffffff98][0xc]W[0x1a][0xffffffb3][0x19][0xffffffa7]3[0xffffffe3][0xffffffbf][0xffffffab]=8 [0xfffffff6][0xffffffb8][0xffffffd3][0xffffff83][0x19][0xf][0xffffffc4]^v[0xfffffff4]ie9[0x1][0xffffff98][0x11]U[0xffffffe7][0xffffffe8][0xffffffa6]"[0x17][0x6][0xfffffffc]M3[0x2][0x10][0xfffffffb][0xfffffffb]c[0xffffff8f][0xffffffec][0xffffffc9][0xffffffe9][0xffffffec][0xffffffe8]yd_=[0xfffffff6][0xffffffc5][0x7f][0x2][0xffffffce]:[0xfffffffa][0xffffffc8]r\:}[0xffffffe3][0xffffff8a][0x3][0xffffffe2]`[0x7]AX[0x1c][0xffffffea]@[0x9][0xffffff8b][0xffffffc3][0x1d]L[0xffffffd7][0xffffff8a][0xffffffe3].[0x8][0xffffffc2][0xffffffe2]x[0x1][0xffffffa2]k[0xffffffc5]1[0xc][0xffffffb4]k[0xffffffc5][0xffffffb1][0x7f][0xc]Ba$,N[0x12][0x10][0xffffff84][0xffffffc5])p[0xc]Ba",N[0xffffffc3]c[0x10]z:[0xffffffc2][0xffffffe2][0xc][0x2]CX[0xffffff9c][0xf]A[0x10][0x16]g[0xb][0x8][0xffffffc2][0xffffffe2][0xffffff9c][0x6]JX[0xffffffb7][0xffffffce][0xffffff83][0xffffffe9]Z[0xffffffdd][0xffffffa2][0x1]AX[0xffffffb7][0xffffffa4]At[0xffffffad]nY[0x3][0xffffffed]Z[0xffffffdd][0xffffff8a]=[0x6][0xffffffa1]0[0x12][0xffffffd6][0xffffffad]R[0x10][0xffffff84]u[0xffffffab][0x17][0x2]0[0x18][0xffffffbc][0xffffffb5][0x2][0xfffffffd][0xffffffef]`[0x10][0xfffffff6]S[0xffffffc4]u[0x11][0xc]aq[0xffffffb1][0xffffff82] ,.[0xffffffb5][0xffffffd3][0x13]V"[0xffffffc4][0xffffffe5]v[0xfffffff4][0x14]E[0xffffffc0]FX[0xffffffda][0xffffffc9][0x10][0x17][0xffffffd5]PkW[0xffffffff][0xffffffc1][0xffffffbe][0xffffffa4]V_[0xffffffc7][0xffffffee][0xfffffffd][0xffffffb3][0xc][0xffffff88][0x17][0xfffffff4][0xffffffa7][0xffffffd9][0xfffffffa][\n]"
09:46:43.574 [main] DEBUG com.github.dockerjava.zerodep.shaded.org.apache.hc.client5.http.wire -- http-outgoing-2 << "[0xffffffc9]d,{Dw[0xffffffd5][0xfffffff8][0xffffff94][0xffffffd2][0xfffffff3][0xffffffb1]Z[0xffffff92]?4[0xffffffb8][0xffffffd1]?[0xffffffd8][0xffffff90][0xffffffcd]<7[0x11][0xffffff80]o[0xfffffff9][0xffffff89]{[0xffffffca][0xffffffa7][0xffffffcc]cE"[0xffffffa9][0xffffffd1][0xffffff96][0xffffffac][0xffffff85][0xffffffd6]|j[0xffffffe5][0xffffff9a]Z[0xfffffffa][0xffffffcf]+q[0xffffffd6]F8[\r][0x8][0xffffff84]<[0x10][0x4][0xffffffdd][0xfffffffb][0xffffffb5][0xffffffc1][0xffffff8b]+[0xffffffed]h[0xffffffd1]YO[0xffffffc6]\bUC[0x1f][0xffffff9d][\n]"
09:46:43.574 [main] DEBUG com.github.dockerjava.zerodep.shaded.org.apache.hc.client5.http.wire -- http-outgoing-2 << "[0xfffffffe][0xffffffde][0xffffffe0][0xffffffc5][\r]q[0xffffffd5][0x1e]-<[0xfffffff3][0x9][0xffffff90][0xffffff8b][0xffffffa8][0xffffffa6]Z^[0xffffffb2][0xffffffec][0xffffffaf]o[0x11][0xffffffb1][0xffffffff][0x14][0x7f][0xffffffe8][0xfffffff4][0xfffffffd]0[0x1][0xffffff88]k[0xfffffff7][0xffffffd8]#|:[0xffffffe2][0xffffffe2]&>[0xfffffff6][0xffffffae][0xffffff84][0xffffff91][0xffffffb8][0xffffffb8][0xfffffff9]A[0x10][0x17][0xffffffb7][0xffffffc1][0xffffffb1]w%L[0xffffffc4][0xffffffc5][0x1d][0x8][0xffffff81][0xffffff9c][0x13]r[0xffffffe7][0xffffff82]!.[0xffffffee][0xffffffd7] [0xffffff88][0xffffff8b][0xfffffffb][0x1b][0x8][0xffffffe2][0xffffffe2]9[0x7][0xffffff94][0xffffffb8]xn[0xffffff80][0xffffffe9]i[0xfffffff1]H[0xffffff81] .[0x1e]+[0x10]=-[0xffffff9e]h[0xffffffa0]=-[0xffffff9e][0x12][0x8][0xffffffc8][0xffffff9c][0xffffff90][0xffffffa7][0x7][0x4]q[0xfffffff1][0xfffffffc][0xffffff80][0x0][0xffffffcc][0x9]yq [0xffffff90]sB^[0x16]0[0xffffffc4][0xffffffc5][0xffffffab][0x2][0xffffff82][0xffffffb8]x]A[0x10][0x17][0xffffffef][0x1d][0xffffffa0][0xffffffc4][0xffffffc5][0xfffffffb][0x1c]LO[0xffffff8b]w[0x10][0x4]q[0xfffffff1][0xffffffee][0xffffff9c][0xffffffbe][0xffffffa7][0xffffffe5][0xc][0xfffffff1][0x11][0x1e]-[0xffffff91][0x15],[0xffffffc4]E([0xffffffe3])[0xffffff82][0xffffffe0];[0x11][0xffffff98][0xffffffcb]r@-[0xffffff8d]?S[0xffffffd9]d[0xffffff90]!m!4[0x17][0xffffffaf];[0xffffffe2]`[0xffffff90]0[0xffffff88][0xffffffc5][0xffffffc9]N[0xfffffffd][0xfffffff9][0xffffffb3][0xffffffff][0xffffffc0]%K[0xffffffab]P[0xffffffcc][0xffffffe5][0xffffff87]nB[0xffffff9f]%[0xffffff99][0xfffffffb][0xffffffae][0xfffffffb]"-C[0x10][0xffffffe4][0xfffffff7][0xb][0x18][0xfffffff8][0xfffffff8][0xffffff8e]>[0xffffff9c][0xffffffac]'[0xffffffa2]4\i|[0xffffffe6][0xffffffd7]oI[0xffffffff][0x6][0x6][0xe][0xffffff88]O[0xffffffff][0xfffffff4][0xffffffa4][0xffffffc6][0x5][0xfffffff1][0xfffffff9]C[0x7f]\[0xffffff9a][0xfffffff9][0xfffffff7][0xffffffa4][0xffffff86]$[0xffffffb3][0xffffff86][0xffffffb6][0xfffffff6][0xffffffea][0xfffffff7][0xffffffa5][0x19][0xffffffbe][0x7][0x10][0xffffffc8][0x11]#_3[0x4]d[0xffffffc4][0xffffffc8]7u[0xfffffffa]N[0x16][0x7][0xffffffc4][0xffffff8f][0xc][0x2][0xffffffa9][0xfffffff8][0xffffffa9][0xffffff80]"[0x15][0xffffffbf][0x4][0xffffff98]&[0x16][0xffffffbf]%[0x8][0xffffffa4][0xffffffe2][0xffffff8f][0x2][0xffffffd1][0xffffffc4][0xffffffe2]/[0x6][0xffffffda][0xffffffc4][0xffffffe2][0xffffffef][0xffffff86][0xffffff80][0xffffff8c][0x9][0xfffffff9][0xffffff97]@ [0xffffff95][0x0][0x16][0x4]`L([0xffffffc0][0xc][0xffffff81][0x1c][0x13][\n]"
09:46:43.574 [main] DEBUG com.github.dockerjava.zerodep.shaded.org.apache.hc.client5.http.wire -- http-outgoing-2 << "([0xffffff83]A*[0x1]g[0x10]H%[0xffffff90][\n]"
09:46:43.574 [main] DEBUG com.github.dockerjava.zerodep.shaded.org.apache.hc.client5.http.wire -- http-outgoing-2 << "[0x2][0xffffffa9][0x4][0xffffffaa][0xffffff81]"[0xffffff95][0xffffffc0]'0M,[0xffffff81][0xffffff9f] [0xffffff90]J[0xfffffff0]*[0xffffff88]&[0xffffff96] [0xf][0xffffffd0]&[0xffffff96][0xffffffa0][0x1e][0x4]dL([0xffffffe8][0x7][0x2][0xffffffa9][0x4]s [0x0]cB[0xffffffc1]&[0x8][0xffffffe4][0xffffff98]Pp[0x12][0xc]R[0x9][0xffffff9d][0x1][0xffffff81]TB[0xffffff94][0xffffffa7]G[0xffffffaa][0xffffff87][0xffffff90][0xffffff90][0xfffffff8][0xffffffd1]S[0xffffff94][0x1][0x13]R[0x19]U[0xfffffff7]B[0xffffffce]"[0xffffffcc]b[0xffffff8b][0xffffff91][0xffffffef][0xffffffe6][0xffffffc3][0xffffffb6][0xffffff95][0xffffffa4][0x1b][0xfffffffa][0xffffff8a][0xffffff83][0xffffffb8][0xffffffb9][0xffffff8c][0xffffffa4][0xffffff88]9[0x6][0xffffffd4][0xffffffb7][0x7][0xffffffb6][0xffffffdf]T[0xffffffec][0xffffff90]]1l[0xffffffb0]97[0xfffffff7]A1[0xffffffda][0xffffffe6]L[0xffffffad][0xffffffc9][0x15][0xffffffbd][0xffffff85][0xfffffff5][0xfffffff4].#v[0xffffff87]|[0xffffffdd][0xffffff97][0x7][0x1][0xffffffea][0xffffff85][0x14][0x3][0xffffffd7]?[0xffffffec][0xffffffde][0xffffffe9][0xfffffff2]D[0xffffffbd][0xfffffff3][0xffffffc8][0xffffffed][0xffffffb6][0x14][0xfffffffe][0xffffffce]+[0xffffff86]*[0xffffffce]:[0xffffffbb]O[0xffffffcd]{[0xfffffff8]%[0xffffffed]?[0x8]VCiH[0xffffffc3][0xffffffb4][0xffffffcd][0xffffffff]*_[0xffffffe9][0xffffffaf][0xffffffa1][0xffffff94][0xffffff90]9[0xfffffff4][0xffffffc7][0x15][0xffffff9b][0x13]"[0x18][0xb]V[0xffffffd9][0xffffffef]k[0xffffffcb]B[0xffffff91] [0x8]L[0xffffffa8][0xffffffe8][0xffffffe8]_[0xffffffe2]$[0x4]FT6[0xffffffe5][0x15][0xffffffdd][0xfffffffc][0xffffff9b][0xffffffc0][0xffffff84]:[0xffffff8f][0xffffffe1][0xffffffc5][0xffffffe9][0x8]Lh[0xfffffff1][0xffffffd8]#[\r]#[0xffffff81][0x9]c[0xffffff82] 0a[0xffffffc6]c[0xffffff8f]4L[0x4]&[0xffffffac][0x4][0xffffff81][0x1c]#[\n]"
09:46:43.575 [main] DEBUG com.github.dockerjava.zerodep.shaded.org.apache.hc.client5.http.wire -- http-outgoing-2 << ";[0xffffff81]!0[0xffffffe1]d[0x10][0x4]&\[0x5][0xffffff82][0xffffffc0][0xffffff84][0x7][0xffffff80][0x12][0xffffff98][0xfffffff0][0x16][0xffffff98][0xffffffa6][0xffffff96][0x8][0x1][0x8][0x2][0x13][0xffffffe1][0x6][0xffffffd1][0xffffffd4][0x12][0xffffffd1][0x1][0xffffffda][0xffffffd4][0x12][0xfffffff1][0xffffff85][0xffffff80][0xffffff8c][0x11]E[0xffffffb2]A[0x10][0xffffff98]H#[0x4]`[0xffffff8c](2[0x1][0xffffff81][0x1c]#[0xffffff8a]"[0xffffff81]!0Qr[0x10][0x4]&*[0x6][0xffffff82][0xffffffc0]D[0xffffffcd][0xffffff80][0x12][0xffffff98]h8[0xffffff98][0xffffffa6][0xffffff96]h![0x8][0x2][0x13][0xffffffed][0x0][0xffffffd1][0xffffffd4][0x12][0xffffff9d][0x7][0xffffffda][0xffffffd4][0x12][0xffffffc3][0xffffff80][0xffffff80][0xffffff8c][0x11][0xffffffc5][0x18]@[0x10][0xffffff98][0x18][0x0][0xffffffbf][0xffffffd0][0x13][0x12][0xfffffffb][0xffffffc3]/t[0xffffff80][0xffffffad][0xffffffa9][0xffffffd5][0x11][0xffffff8c][0xffffffe0]{c[0xffffffda][0xffffffb1]y[0xfffffffc][0xffffffdd][0x17][0xffffffdf]1[0xffffffef][0xffffffb3][0xffffff8b][0x13][0x7]=FqC[0xffffffc5][0x3]U[0xffffffe8][0xffffffee]m[0xffffffa4]A%[0xffffffca]6[0xfffffff7][0xffffffbf]L[0x13]T}V[0xffffffe2]o[0xffffffb0][0xffffffc4][0xffffff95][0xffffffac][0xffffffe3](-[0xffffffa3][0xffffffd2]x[0xffffff87]1[0xffffffad][0xffffffef][0xffffff8d][0xffffff8f][0xffffffc0][0x4]AP[0xffffffc8][0xffffffaf][0xffffffd6][0xffffff96][0xffffffd8][0x1f]f[0xffffffe2][0x9][[[0xffffffbf]fa[0xffffff8f][0x7f][0xffffffcf][0xffffffc2][0xffffffc4][0xfffffffe][0xffffffb0][0x13][0xffffff99]O[0x0]VDOJ[0xffffff98]?[0xffffffdc][0xffffffb7][0xfffffffd]=[0xb][0x13][0x3]`([\n]"
09:46:43.575 [main] DEBUG com.github.dockerjava.zerodep.shaded.org.apache.hc.client5.http.wire -- http-outgoing-2 << "Ab[0x7f][0x18][0xffffff8a][0xffffffb7]`!+$[0xffffffb2][0xffffffda].B[0x8][0xffffff82]d[0x7f][0xffffff9d]Dq@[0xffffff8e][0xffffffa2]8[0x10]GQ[0x1c][0xffffff80][0xffffffa3]([0x0][0xffffff89]{[0x3][0xffffffed]n[0xffffff89]gA@[0x6][0xffffff86][0xffffffe2][0x0][0xffffffdc]B[0xe]H|[0x1c][0x2]00[0xffffff94][0x0]+[0x16]J[0x0][0x12][0xb]%[0xffffff80][0xffffff88][0xffffff85][0x12]@[0xffffffc4]B[0x9][0xffffffb0]b[0xffffffa1][0x4] [0xffffffb1]P[0x2][0xffffff88]X([0x1]D,[0xffffff94][0x4]+[0x16]J[0x2][0x12][0xb]%[0xffffff81][0xffffff88][0xffffff85][0xffffff92]@[0xffffffc4]BI[0xffffffb0]b[0xffffffa1]$ [0xffffffb1]P[0x12][0xffffff88]X([0x9]@,[0xc][0xffffff87][0xffffffa4][0xfffffffe][0x10][0xb][0xfffffffd]`a+B[0x1e][0xffffffdd]b[0x14][0x1][0xffffffa4],[0xffffffff][0xfffffffe][0xffffff83]Bw[0xffffff8f][0xffffff8d][0xffffffc0]eq[0xffffff91][0xffffffc7][0xc][0xffffffbe]M[0xffffff92][0xffffffd0]|[0xfffffff7]z[0xffffff9a]_[0xffffffe0]J[0xffffffba][0xffffffe9]yR[0xffffffc2][0xffffffd7][0xffffff99]6kH[0xffffff8f][0xffffffaf][0x10][0xffffffa6][0xffffffd2]r[0xffffff9a]n_L[0xffffffa6][0xffffffb4][0x16][0xfffffff2]r8[0xffffffe7]"[0xffffffcf]n[0xffffff9d][0xffffffdd][0xfffffff7][0xffffffd1]|[0x3][0xffffffeb][0xffffff9a]K[0xffffffd0][0xffffffea]7[0xffffffba][0xffffffbf][0xfffffffe]rI[0xffffffbf]0B[0xffffff8a][0xfffffff3][0x18]F[0xffffff9c][0xffffff80][0xffffffd1][0xffffff8e]_[0xffffffa9][0xffffff91][0xffffffd2]:[0xffffff86][0x11][0xffffffff][0xffffff9a][0xffffffd3][0xffffff8e]_[0xffffffa9][0xffffff91][0x2]"*J[0xffffff81][0x15][0x15][0xffffffa5][0x0][0xffffff89][0xffffff8a]R@D[0xffffffc5]_[0xfffffff7][0x6][0xffffff8f][0xffffffe2],L[0xffffffa2][0xffffffa2]4XQQ[0x1a][0xffffff90][0xffffffa8]([\r]DT[0xffffff94][0x6] *[\n]"
09:46:43.575 [main] DEBUG com.github.dockerjava.zerodep.shaded.org.apache.hc.client5.http.wire -- http-outgoing-2 << "@[0xffffffd2][0xfffffff9]@9K[0xfffffffa]-[0xffffff98][0x1e][0xffffff96][0xfffffff4],[0x8][0xffffffce][0xffffff92][0x1]"[0x1b][0xffffffca][0xffffff80][0xffffff95][\r]e[0x0][0xffffffc9][0xffffff86]2@dC[0x19] [0xffffffb2][0xffffffa1][0xc]X[0xffffffd9]P[0x6][0xffffff90]l([0x3]D6[0xffffff94][0x5] [0x1b][0xfffffff2]C[0xffffffb2][0x1c]G[0x7f]'v[0xffffffc1][0xffffff8c][0xffffff9a][0xffffffbf]K$[0x7f][0xffffffb0][0xffffffb7][0xfffffffc][0xffffffef]>[0xffffffed][0xffffffa2][0xfffffffd][0x7f]2UoV@[0xffffffb2][0xffffffbf]\[0xffffffc3][0xffffffff][0x6][0xffffffa1][0x16][0xffffff9a][0xffffff84][0x7]Bg[0xfffffff8][0xffffffe1]A[0xffffffa8][0xfffffff0] Tx[0x10]*<[0x8][0x15][0x1e][0xffffff84][\n]"
09:46:43.575 [main] DEBUG com.github.dockerjava.zerodep.shaded.org.apache.hc.client5.http.wire -- http-outgoing-2 << "[0xf]B[0xffffff85][0x7][0xffffffa1][0xffffffc2][0xffffff83]P[0xffffffe1]A[0xffffffa8][0xfffffff0] Tx[0x10]*<[0x8][0x15][0x1e][0xffffff84][\n]"
09:46:43.575 [main] DEBUG com.github.dockerjava.zerodep.shaded.org.apache.hc.client5.http.wire -- http-outgoing-2 << "[0xf]B[0xffffff85][0x7][0xffffffa1][0xffffffc2][0xffffff83]P[0xffffffe1]A[0xffffffa8][0xfffffff0] Tx[0x10]*<[0x8][0x15][0x1e][0xffffff84][\n]"
09:46:43.575 [main] DEBUG com.github.dockerjava.zerodep.shaded.org.apache.hc.client5.http.wire -- http-outgoing-2 << "[0xf]B[0xffffff85][0x7][0xffffffa1][0xffffffc2][0xffffff83]P[0xffffffe1]A[0xffffffa8][0xfffffff0] Tx[0x10]*<[0x8][0x15][0x1e][0xffffff84][\n]"
09:46:43.575 [main] DEBUG com.github.dockerjava.zerodep.shaded.org.apache.hc.client5.http.wire -- http-outgoing-2 << "[0xf]B[0xffffff85][0x7][0xffffffa1][0xffffffc2][0xffffff83]P[0xffffffe1]A[0xffffffa8][0xfffffff0] Tx[0x10]*<[0x8][0x15][0x1e][0xffffff84][\n]"
09:46:43.575 [main] DEBUG com.github.dockerjava.zerodep.shaded.org.apache.hc.client5.http.wire -- http-outgoing-2 << "[0xf]B[0xfffffffd][0xffffffbf]*[0x8][0xffffffd5]Y[0xffffffdd][0xffffffaf][0xc][0xffffffe9][0x19][0x16]z[0xffffffef][0xffffffa7]fgj[0xffffffce]O&w:[0x9][0xffffffcc]j[0xffffffe9]sv[0x6][0xffffffc7][0xffffffcb][0x7f]d[0xffffff86][0xffffffdc][0xffffff8e]2I[0xffffffb0][0xffffff95][0xffffffb8][0xffffff8c][0xffffff8e][0xffffffff]\R[0xffffffcb][0xffffffc6]\[0xffffff90][0xffffffb2]8[0x1f][0xfffffff7][0xffffff95][0xf][0xffffffc1][0xffffff83][0xffffff92][0xffffffb5][0xffffffec][0xffffff80][0xfffffff2][0xffffff8e][[0xffffffee]S[0x4]_[0x19][0xffffffe9][0xffffff8a]6v[0xffffffee][0xffffffad]b~\[0xffffffbe][0xffffffea]w{[0xfffffff7]S[0xffffffcf][0xffffffae][0x17]VV[0xffffffa4]M)[0xfffffff1][0xffffff8b][0x14][0xffffffda][0x1c][0xffffffd5][0xffffffec][0x3][0x1f][0xffffffcd][0xb]|/[0xffffff9e][0x15][0xffffff8f][0xffffffa4]?[0xfffffffd]o j[0xffffffe2]t[0xf][0xffffffc2]d[0xfffffff9][0xffffffe4][0xffffffa3]<^[0xffffff8e][0xffffffac][0xffffff92] 2B[0xffffff96]4E[0xffffffad]g([0xffffffa3]Yk[0xffffffa3][0xffffffed]Fs(7[0x1e]tV[0xffffffa7][0xffffff90][0xfffffff8]8[0xffffffd6][0xffffff86][0xffffffc6][0x13][0xffffff92]-[0xf][0xffffff87]:[0x16]0lk[0xffffffd7][0xffffffe3]xU[0xffffffa9]X[0xffffffff][0xffffffa8]V[0xffffffd8][0xffffff98][0xffffffef]C[0xffffffae][0xc][0xffffffe1][0xffffff9f][0xffffff93]v$[0xffffff8c]<H[0x15]!}w6[0xffffffd5][0xffffff89][0xffffffb4][0xffffffd0]RJ[0xffffffac][0xffffffa3]YU[0xffffffa4][0x18][0xffffffaf][0xffffffce]r[0xfffffffd][0xfffffff2]0[0xffffffa6]/[0xffffffb5][0xffffffa1]E[0xffffffc6][0xffffffa5][0xffffffd6][0x1f][0xffffffa8][0xf]h[0xffffffc9][0x14][0xffffffbe]/[0xffffff9e]C[0xffffffa3]d F-[0xffffff83][0xffffffa6][0xffffffe2][0xffffffd8][0xffffffbf][0xf][0xffffffd1][0xfffffffb][0xffffff89][0xe],[0xffffff98][0x6]dL[0x19][0xffffffcf]l[0x1c]L[0x13][0xffffffdd]~([0xffffff81]r[0xffffffee] ^[[0xffffffa8][0xffffffcd][0xffffffb6]`S2[0xffffffe9][0xffffff8d][0xfffffff3][0x1e][0xfffffffa]wF<[0xffffffcc];K-[0xfffffff3]Z[0xffffff8f]0[0xffffffdc][0xffffffcf][0xffffffe6][0xffffffb9]\[0xfffffffe][0xffffffb0][0xffffff9f][0xffffffdf][0xffffff9f][0xffffffe9]NS[0x1c]L[0xffffffd8][0xffffff84]Z[0xffffffa2][[0xffffffec]D[0xffffffd1][0xffffff97][0xffffffaa]#[0xfffffffa]z[0xffffffc2][0xffffff83]*[0xffffffd7][0xffffffd6][0xffffffc0][0xffffffce]F[0xffffffd1]s[0xffffffdd][0xffffff9a]|[0xffffff95][0xffffffc2][0x10]+N[0xffffff96][0xffffffd7][0xffffffdd][0xffffff8f][0xffffff85]&s9[0xffffffb4]P[0xffffffbd][0xffffffb4][0xffffffea][0x16][0xffffffc2][0xffffff8e][0xffffff9c][0x1f][0xffffffcb]m[0x1][0xffffff9a]{.TF^[0xffffffe6]=[0xffffffaf][0xffffffb1]TL7[0x1e]{Vb;[0xffffffdf]`[0xffffffc1]w[0xfffffff5]z[0xffffff91][0xffffffd6][0xffffffc2][0xffffffd2][0xffffffd7][0xffffffc4][0xfffffff4][0xffffff8c]n[0xffffff9f][0xffffff80][0xffffff86]G[0xffffff91]2[0xe][0xffffffaf]TZ[0xffffffae][0xffffffe1][0xffffffaa][0xffffffa5][0xffffff9f][0xffffffcf][0x17]{[0xffffffb7][0x1d][0xffffffe9][0x17][0xfffffff1][0x1f][0xfffffff5][0xffffffac][0xffffffb4][0xffffffc2][0xffffffcd][0xffffffef][0xffffffb8]N[0xffffffba]z1[0x17][0x7][0xf][0xffffffb6][0xfffffff0]sT[0x18][0xfffffff1]E![0xffffff93]z[0xfffffffb][\n]"
09:46:43.575 [main] DEBUG com.github.dockerjava.zerodep.shaded.org.apache.hc.client5.http.wire -- http-outgoing-2 << "[0xfffffff6]I9=[0x12][0xffffffa3][0xffffff9c][0xffffff93]u[0xffffffa9][0xffffffcf][0xffffffbc][0xffffffcb][0xffffff86][0xffffffe2][0xffffffcb]4[0xffffff81][0xfffffff9]#][0xffffff90][0xfffffffe][0xffffffdc][0xfffffffa][0xfffffffa][0xffffff99][0xffffffb7][0xffffff92]$?_[0xffffffdd]x|[0xffffffb6][0xffffffc4][0xffffffd5][0xffffffcc][0xffffffe6][0xffffffe5][0xffffffe6]7[0xffffffc5]*[0xffffffe9][0xffffffe2][0xffffffaf]9w[0xffffffeb]o[0xfffffff0]<N3[0xffffffe8][0xffffff9a][0xfffffff0][0xffffffe2]h[0xffffffab]x[0xfffffff4][0x19]{[0xffffffe9].[[0xffffff9d][0x3][0xffffffe5][0xffffff93][0xc][0xffffff97]Z[0xffffffbe][0xffffff87][0xffffffa6][0xffffffe3][0xffffff9a][0xffffffe3]?[0xffffff8d]'([0xffffffe7],[0xffffff96][0xffffffd8]s[0xffffffb9][0xffffffc7]Z3[0xffffffa3][0xffffffe6][0xffffffe6]?K[0xffffffa1][0xfffffff6][0x5][0xffffffbe]`.[0xffffff96][0xffffffd5][0xffffff9a][0xfffffff6][0xfffffff0][0xffffff8b]y [0xffffffe0]@,[0xffffff94]1 [0xfffffff4][0x16]GO[0xfffffff6]}[0x2][0xffffffaf][0xffffff92]rk[0xffffff80][0xfffffff1][0xffffffc1][0x13][0xffffffea][0xffffffd1]h[0xffffffd2][0xffffff94][0xffffff83][0xffffffee](f[0xffffffda]P[0xffffffe4]'[0x19]O[0xffffffa2]4[0x8]3q[0xfffffff5]?[0xfffffff7][0xffffffe6][0xffffff9a]TD[0xfffffff3][0xffffffb9][0xfffffffd]O j[0xffffffd1][0xffffffef]@[0xffffffd4][0xffffffab]G[0x3]QE-[0xffffffcd][0xffffff8a][0xffffffee][0xffffffad][0xfffffff6][0xffffffbd][0xffffffc1][0xc]F[0xfffffff4][0xffffffa9])[0xffffffc7][0xffffff92][0x17]^[0xffffffba][0x1a][0xfffffffe][0xfffffffa]^7[0xffffffd7]t[0xffffff8b]a[0x1e][0xffffffa6]pW[0xffffff89][0xffffffad][0xffffffd4][0xffffffbc][0xffffffcb]=[0xffffffba]+[0xfffffff6]Z[0xffffffea][0xffffffa2][0x15][0xffffffa3][0xc][0xffffff93][0xffffffbd][0xfffffff7][0xffffffd2][0x1c]}[0xffffffe8]e=[0xffffffa4]n[0xffffff98]5D[0xffffffa6][0xffffffdb]Y|[0xffffffad]yC[0xfffffff7][\r]g[0xfffffff8][0xffffff87]\J[0xffffff96]KPyh_P[0xffffff87][0xffffffb5][0xffffff91][0xffffff89]l%[0xfffffff4]89[0xc][0xffffffe1][0xffffffb2]Y[0xffffff91][0x0][0x1e][0xffffffcf]"Aw[0xffffff88]Tl[0xffffffe8]X[0xffffffd7][0xffffffc0]VE>[0xffffffab][0xffffffe1]r[0xffffff8d][0xffffffb1]M[0xffffffbf][0xffffffd5][0xfffffffb][0xffffffbc]fu[0xffffffb7]r[0x1f][0x17][0xffffff82][0xffffffa9][0xffffffed]3[0xffffff83]W[0xffffff9f]|{N[0xffffff85]>*0[0xfffffff4]A[0xffffff8f][0x11][0xb][0x7f][\n]"
09:46:43.576 [main] DEBUG com.github.dockerjava.zerodep.shaded.org.apache.hc.client5.http.wire -- http-outgoing-2 << "[0xffffffa5][0xffffff89]Z[0xffffffd8]6[0xffffffa9]"[0x18]S[0xffffffc9][0xffffff82]e][0xffffffd8][0xffffffbb]}[0xffffff99][0xffffff98]xH[0xffffffbd][0xffffff88][0xffffff9d]_[0xffffffcd]C[0xffffffe1]B[0xffffffbc]n[0xffffff80][0xffffffe9][0xfffffff9][0xffffffe4][0xffffffcd][0xffffffb8][0xffffffde][0xffffffac][0xffffff96][0xffffff97]![0xffffffbe]f[[0x5]x[0xffffff9a]F[0xffffff8e][0xffffff91][0xffffffa8][0xffffff97][0xffffff89][0xffffffd7][0xffffff90]5.[0xffffffe0][0xffffffea]%[0x1a]^[0x1c][0xffffffaa][0xffffffec]R[0xffffffd6]gO[0xffffffe7]S_&\[0xffffff91][0xffffffb2][0xffffffbd]_[0xffffffe6][0xffffffcd]fz[0xffffffdf][0xfffffff6][0xfffffffc]8/[0xffffff95][0xffffffac]`[0xffffffeb]K[0xffffffc4][0xffffffd1][0xffffffe5][0xffffff95]~l~Q[0xfffffff4][0xffffffa9]7[0xffffffa9][0xffffffb5]h[0x11][0xffffffce][0xffffffc6]u%[0xfffffff9]\[0xffffffba][0xffffffe6][0xffffff94]-S[0xffffffe5]([0x7][0xffffffe2][0xffffffcf][0xffffff9d][0xffffffbb][0xffffff82]Z[0xfffffff8][0xffffffb3][0xfffffffd][0x11]Q[0xffffff83][0xffffffa8][0xfffffff4]:[0xfffffff2][0xffffffaf][0xffffffae][0xffffffab][0xffffff92]\[0xffffff9c][0xffffffaa][0xffffffcd][0xffffffb8][0xffffffad][0xffffffea]k[0xfffffffd][0xffffffb8]bhN[0xffffff87][0xffffffb8]-[0xffffff8c]_[0xffffff9f][0xffffffff]5[0xffffffe7][0xffffff95]D|N[0x17][0xffffff9f][0xffffffb3][0xf]0[0xffffffef][0xffffffc4]r[0xffffffdb][0xffffffe0][0xffffffb1][0xfffffff7][0xffffffa6][0xffffff89]qF"[0xfffffff8][0xffffffa0]'[0xffffffde][0xffffffe3])[0xffffffb4]G[0xf][0xffffffd9][0xffffffb6]=Wi[0xffffffe6]0[0xffffffce][0x2]"[0x10][0xffffffd5]I6[0xffffffb1][0xffffffcb]D[0xffffffaa][0x4][0xffffffa2] ][0xfffffff0][0xffffffd0][0xffffffbf][0xffffffe7][0xfffffff9][0xffffffde][0xffffffe4][0xffffffde][0x12])Q][0xffffff89]E[0xb][0xffffffb1]Y%^E[0xffffffba][0xffffffe3]g[0xffffff93]wA[0xffffffe5]f[0xffffffd2][0xffffff9a][0xffffff9a]_[0xffffff9c]E[0xffffffef](i[0xffffffec][0xffffffc8][\r]_[0xffffff92][0xffffffa1]1[0xfffffffa]X[0xfffffffc][0xffffffa4]R[0xffffffcd][0xfffffff0]3[0xffffffa9]3[0xffffffee][0xffffffd8]B[0xffffff99][0xffffffe3][0xffffffa7][0xffffffa9][0xffffffe2][0xffffff9f][0xffffff95][0xffffffa2][0xffffffb6][0xffffffaf](}[0xffffff9f][0xffffff84][\r]E[0xffffffe7][0xffffffcb]![0xffffffd5][0xffffffc6][0xffffffd0][0xffffff9f]76[0xffffff98]W[0x8][0xffffffaa][0xffffffb1][0xfffffffa][0xfffffffc][0xffffffad][0xffffffee][0xffffffe3][0xffffffdb]}.[0xffffff8e]P|[0xffffffac][0x17][0xffffffcd]3[0x1c][0xffffffa9][0xffffff9b][0xffffffd3]?T1q[0xffffff88][0xffffff9c][0xb]5f[0xffffffc9][0xffffffde]vbm[0xffffffb8][0x4][0xfffffff7]a'[0xffffffbf]Y[0xffffffe6]-O[0x1b][0xffffffd5]&V[0xffffffc5][0xffffffd1][0xffffffec][0xb](x[0xffffff88][0xffffffbb][0xfffffff4]q4[0xffffffc6]HU[0xffffffbe]m[0xffffffc4]q[0xffffffc3]8[0xb][0xffffffb7][0xffffffac]B[0xffffffd5][0xffffffba][0xffffff9e][0xffffffa4][0xffffff86]c[0xffffffcc];DZ[0xffffffe5]>[0xffffff84]@[0xfffffffe]M[0xf][0x1b][0xffffff82]n[0xffffffd6][0xffffffff][0xffffffca]C[0xffffff95][0xfffffff5]<ze[0xfffffffa][0xffffffff][0xffffff87]<T[0xffffffd9][0xffffff8c][0xffffffa3][0x17][0xffffff90]O[0xffffff98][0xffffff87]J[0xfffffffa];[0xf]U[0xffffffb6][0xffffffee][0xffffffe8][0xffffff9d][0xffffffea][0x13][0xffffffe6][0xffffffa1]~[0xfffffff9][0xffffff9d][0xffffff87]*;[\n]"
09:46:43.576 [main] DEBUG com.github.dockerjava.zerodep.shaded.org.apache.hc.client5.http.wire -- http-outgoing-2 << "[0xffffffbb][0x3][0xfffffff3][0xffffffdf]K[0xffffffd5].[0xffffff90][0xffffffec][0xffffffc1][0xffffffd1][0xffffffab][0xfffffff9][0xffffffd6][0xffffffb0][0xffffffe4][0xffffffa1][0x12][0x1a]-[0x9]@[0xffffffd3][0xffffffb1][0xffffffbb][0xfffffff8][0xffffff94][0xffffffd6][0xffffffe4][0xffffffd1]}[0xffffffc3][0xffffff83][0xffffffbb][0xffffffaf]P[0xffffffb9]2[0xfffffff0]I[0xffffffd0]L[0xffffffd7][0xffffff97][0xffffffe7]H[0xffffffee][0xffffffa6]\[0xffffffaa]P[0xffffffc2],A[0x10]e[0xffffffbc][0xffffffc2][0xffffffee][0xffffffaf][0xffffffc9]5VT[0xffffffff]Q[0xffffff8c]G[0xffffff8e]pV[0xffffffe2][0xfffffff1]2[0x4]A[0xfffffffe][0xffffffbf][0x1c]#9[0xffffffd2][0xffffffff]Q[0xffffff95][0xffffffff]u[0xffffff88][0xffffffea][0xffffff95][0xffffffaa][0xffffffbe][0xffffff87][0xffffffe8][0xffffff81][0xffffffff]u[0xffffff8c]nArBG[0xffffff8b][0xffffffcb]x[0x2]y[0x6]I[0xffffff96]}[0xffffffb6][0xffffffe3][0xfffffff7][0xffffffc5]w9[0xffffffa3][0xffffffd3][0xffffff8b][0xffffffca][0x2][0xffffff90]\0[0x4]r[0x5][0xffffff8c]\[0x1e][0x4]d[0x5][0xffffff8c]\+[0xffffffec][0xfffffffa][0xffffffcc][0xffffffe1][0xffffffad]~[0xffffffb9][0xffffffef][0x10][0xffffffcc]+`[0xe][0xffffffc5][0x7]yT[0xffffffe8][0xfffffff4]+`[0xe]K$[0x7f][0x13][0xffffff8c]>#/[0x3][0xffffffbb]>s[0xffffffe8][0xffffff86][0xffffffc8][0xffffffdb][0xffffffc2][0xffffffae][0xffffffcf][0x1c][0xffffff9e]"[0xfffffff9]8[0xffffffa0][0xfffffffa][0xffffff8c]|[0x19][0x18]MY[0xfffffffe]=[0xffffffec][0xfffffffa][0xffffffcc][0xffffffe1])[0xffffff92]_[0xffffff85]]S>,[0xffffff91][0xffffffc2]%[0xffffffa0][0xffffff9a][0xffffffb2][0x2];t[0xffffff8a][0x15]0[0xffffff87]*[0xffffff9f][0xffffff82]:[0xffffffec][0xfffffffa][0xffffffcc][0xffffffe1])Rp[0xffffff87]`^[0x1]s[0xffffffa4]Dw![0xffffff90]+`[0x14]^@[0xffffffa7]X[0x1]s[0xffffffa4]D[0xffffffc3][0xffffffb0]k[0xffffffca][0xffffff87][0xffffffa7]Ha[0x1f][0xffffff82]y[0x5][0xffffffcc]a[0xffffff89][0x14]I [0xffffff90]+`[0x14][0x5][0xffffffc0]h[0xffffffca][0xffffff8a][0xffffff86][0xffffffb0]k[0xffffffca][0xffffff87][0xffffffa7]H1[0xffffffe8][0xfffffff4][0xffffff9a][0xffffffb2][0x0][0xffffffa4][0xfffffff8][0x10][0x2][0xffffffb9][0x2]F[0xffffffb1][0x5]:[0xffffffc5][\n]"
09:46:43.576 [main] DEBUG com.github.dockerjava.zerodep.shaded.org.apache.hc.client5.http.wire -- http-outgoing-2 << "[0xffffff98]#%[0xffffff9a][0xffffff86]`^[0x1]sx[0xffffff8a][0xffffff94][0xffffffce]C0[0xffffffaf][0xffffff80]9D*%[0xffffff9a][0xffffffa3][0xf][0xffffff9a]5[0xffffffcc]+`[0xffffffbc][0x1f]|6[0xffffffc0]|[0xffffff9d][0xffffffeb][0xffffffa9]7[0xffffffa5][0xfffffff9][0xffffff8e][0xfffffff0]-{[0xffffffca][0xffffff9e]p[0x13]:[0x2]._P[0x10]/[0xffffff81]`[0x12][0xffffffba][0xffffff90][0xffffffff][0xffffffc8][0x1]n[0xffffffd2]`[0xffffffdb][0xffffffcb][0xffffffe9][0xf][0xffffff91]g[0xffffffb8]P6[0x16][0xfffffffd][0xffffffe8]E^[0xfffffffd]F*%[0xffffffe9][0xffffffff]A[0xffffffaa][0x13]i[0xffffffdb]_[0xfffffff0][0x4][0x7f]k[0xffffffdb]J[0xffffffd6][0xffffffd0])[0xffffffb6][0xffffffbf]|[0xffffffda][0x1a][0xffffffff][0xffffffad]m+[0xffffffc5][0xffffff82][0xffffff80]*[0xffffffa5]R[0xffffffa0]P[0xffffffa5][0xffffffd4][0xb][0xffffffc6]IVZ[0x1][0x1]U[0xffffffca][0x17]aw[0xffffff92][0xf][0xffffffa1]J[0xffffff99][0x15][0xffffff80][0xffffff93]|X"e5[0x8][0xffffffc8][0xffffffee][0x17]e7[0x10]P[0xffffffa5][0xffffff9c][0x6][0xffffffc1][0xffffffbc][0xfffffffb][0xffffffe5][0xfffffff0][0x14])[0xffffffd7]B w[0xffffffbf]([0xf][0xffffff81][0xffffff81]*[0xffffffe5]][0x10]P[0xffffffa5]B[0xc][0x2][0xffffffaa]T[0xfffffff8][0xffffff81]B[0xffffff95][0xffffff8a][0xffffffc1]i[0xffffff9c][0xffffffe4][0xffffffc3][0xffffffef]z[0xffffff95]@[0x10]P[0xffffffa5][0xffffff92][0xb][0xffffffbb][0xffffff93]|[0xffffffa4]D[0xffffffaf]![0xffffff90][0xffffffbb]_T[0xffffffbe]A[0xffffffa7][0xffffffd8][0xfffffffd]rX"[0xffffffd5]s [0xffffffa0]J[0xfffffff5][0x6][0x4][0xfffffff3][0xffffffee][0xffffff97][0xffffffc3][0x12][0xffffffa9]JA w[0xffffffbf][0xffffffa8]Z[0xffffff81][0xffffff81]*[0xffffffd5]h[0x10]P[0xffffffa5]Zrz[0xffffffa8]r[0xffffff87]T{[0xffffff8e][0xffffff9e]";[0xffffffd8]v[0xffffffbf][0xfffffff8]Ex[0xffffff9e]Ah[0xfffffff7][0xffffffb9][0xffffffa8],,f[0x1a][0xffffff92][0xfffffff0][0xffffffb6][0xffffffd0][0x11][0xffffffe9][0xffffffc0][0xffffffb8][0xffffff84][0xffffffdf][0xffffffa1]>[0xffffffe7]l[0xffffffa6][0xfffffff9];[\r][0xe][0xffffff81][0xffffffce]D[0xffffffb1]7E[0x7][\n]"
09:46:43.576 [main] DEBUG com.github.dockerjava.zerodep.shaded.org.apache.hc.client5.http.wire -- http-outgoing-2 << "ViMd[0xffffffa9]L6[0x17][0xffffffad]&[0x15][0xffffffe7]}g[0xfffffff6][0xffffffa8]8I![0x8][\n]"
09:46:43.576 [main] DEBUG com.github.dockerjava.zerodep.shaded.org.apache.hc.client5.http.wire -- http-outgoing-2 << "[0xfffffffa][0x5][\r][0xffffffaa]? [0xffffffd8]w[0xffffffbd][0x1c]KCP[0xffffffc3]9=[0xffffff90]qAj,G[0xffffffcb][0xffffffcb]t[0x2] [0xfffffffb][0xffffffb5][0xffffff8b][0xffffffb7][0xffffffe9][0xffffffef]][0xffffffbc]B[0xffffff90][0xffffff9a][\n]"
09:46:43.576 [main] DEBUG com.github.dockerjava.zerodep.shaded.org.apache.hc.client5.http.wire -- http-outgoing-2 << "[0xfffffff4][0xffffffe7][0xffffffc6][0xffffffb8][0xffffff93]3[0x19][0x12]Ym[0x17][0xffffffd1][0xffffffef][0xffffff8d]qj[0xffffffae][0xffffffd0])[0xffffff96][0xffffffbd][0x1c]~[0xffffffdf][0xffffffab][0xffffffdd][0xffffff81][0x0],{Q{[0xe][0x1]X[0xfffffff6][0xffffffa2]6[0x8][0xffffff81]\[0xfffffff6][0xffffffa2][0xffffffb6][0x3][0x6][0xffffffac][0xffffffd4][0x9]A[0xffffff80][0xffffff95]:[0x1f][0x8][0xffffffb0]R[0xffffffd7][0x7][\n]"
09:46:43.576 [main] DEBUG com.github.dockerjava.zerodep.shaded.org.apache.hc.client5.http.wire -- http-outgoing-2 << "V[0xffffffea][0xfffffffe]`[0xffffffba]U[0xffffffea][0xf]@[0xffffff80][0xffffff95]z3[0xffffff88]n[0xffffff95][0xfffffffa][0x14][0xffffffd0]n[0xffffff95][0x6]2[0x4]d[0xffffffd9][0xffffff8b][0x6][0x15][0x8][0xffffffb0][0xffffffd2][0xffffff90][0xffffff80]`^[0xfffffff6]rX"[\r]K[0x8][0xffffffe4][0xffffffb2][0x17][0xffffff8d](0`[0xffffffa5]Q[0xc][0x2][0xffffffac]4[0xffffffba]A[0xffffff80][0xffffff95][0xffffffc6][0x12]P[0xffffffb0][0xffffffd2][0xffffffc4][0x2][0xffffffd3][0xffffffad][0xffffffd2]d[0x6][0x1]V[0xffffff9a][0xffffffca] [0xffffffba]U[0xffffff9a][0xffffffce]@[0xffffffbb]U[0xffffff9a][0xffffffa9][0xffffffc7][0xffffffde]h0[0xffffff82][0xffffff95]f5[0x8][0xffffffb0][0xffffffd2][0xfffffffc]t[0xffffffec][0xffffff8d][0x6]S[0xffffffb7]J[0xfffffff3][0xffffffe7][0xffffffb1]7[0xffffffda][0xffffffe9][0xffffffba]UZW[0xffffff8f][0xffffffbd][0xffffffd1]`[0xffffffec]Vi[0xfffffff1][0xffffff80][0xffffffe8]Vi[0xffffffe9]A[0xffffffa7][0x1e][0x0][\n]"
09:46:43.576 [main] DEBUG com.github.dockerjava.zerodep.shaded.org.apache.hc.client5.http.wire -- http-outgoing-2 << "@Z~[0x10][0xffffffc8]%xZ9[0xffffffc7]J[0x4]#[0x17]i5[0xffffff81][0xffffffe0]"[0xffffffad]I[0x10][\r]'[0xffffffed]3@[0x1b]N[0xffffffda][0xffffff94][0x10][0xffffff90])[0xffffff9e][0xffffffb6]8[0x8].[0xffffffd2]6[0xffffff87][0x0]L[0xfffffff1][0xffffffb4]#![0xffffff90]S<[0xffffffed]"0\[0xffffffa4][0xffffffdd][0x9][0xffffff82][0xffffff8b][0xffffffb4][0x17]Ap[0xffffff91][0xe]&P.[0xffffffd2]a[0x4][0xffffffd3]p[0xffffffd2]Q[0x2][0xffffffc1]E:N [0x1a]N:[0xffffffc9]@[0x1b]N:U[0x10][0xffffff90])[0xffffff9e][0xffffffce][0x0][0x8].[0xffffffd2][0xffffffd9][0xffffff82][0x0]L[0xfffffff1]t[0x9] [0xffffff90]S<]n0\[0xffffffa4][0xffffffab][0x3][0xffffff82][0xffffff8b]t}O[0xffffffcf]E[0xffffff91][0xffffff90]n[0xfffffff6][0xffffffd1]S[0x14][0x0][0xb][0x17][0x11][\n]"
09:46:43.577 [main] DEBUG com.github.dockerjava.zerodep.shaded.org.apache.hc.client5.http.wire -- http-outgoing-2 << "[0xffffff9d]!E[[0xffffffde]$[0xffffffb3][0xffffffe2][0xffffffe8][0xfffffff8][0xffffff81][0xffffff81][0xffffffe8][0x7f]N?[0xffffff8c]f[0xffffffbb][0xffffffd8]N[0xffffff9f]K[0xfffffff4] Z[0xffffff87]b[0xffffff8d][0xffffffe1]i[0xfffffffb][0xffffffc6]Y[0xffffffdb][0xffffff92][0xffffff82][0xffffffc7][0xffffffe3]j[0xffffff8f]v[0xffffff9f]a[0xffffffda][0x19][0xffffffc7]c[0xffffffb0][0xffffffd6][0xffffff9e]K#[0xffffffe7][0xffffffc2][0xffffffb6]{[0xffffffd6]-[0xffffffab][0xffffffd4]O4h[0xfffffff2][0x18]o[0xffffff8f]91[0xffffffbe][0xffffffdd]%R[0xffffffdc][0xfffffff8]"[0x4]A)([0x10][0xffffffc4][0x7][0xffffffe9]6[0x1e]-6[0xffffffdb][0xffffff89][0x8][0xb]W[0x1a][0xffffffb3][0x19][0xffffffa7]3[0xffffffe3][0xffffffaf][0xffffffbf][0xffffff9c][0xffffffe4][0x7f]j5qz[0xffffffcc][0xffffffe2][0xffffff86][0xfffffff4][0xffffff90][0xffffff8e]V[0xffffff9c][0xfffffff9][0x4][0xffffff98]ET[0xfffffff6]T[0xffffffb8][0xffffffe1][0xffffffd7][0xffffffff]K[0xffffffec][0xffffffd7][0xffffffc1][0xffffffd4]#[0xffffff87]@[0xe][0x6][0xfffffff5][0xffffffc4]  [0xffffff83]A=3[0x10][0xffffffa8][0xffffffa5][0x17][0xe][0xffffff9d]z0([0x0][0xffffffe9][0x15][0x1e]{I[0xffffff9e][0xe][0xffffffb5][0xfffffff4]:[0xffffffc0][0xffffffa0][0xffffff96][0xffffffde]<[0x8][0xffffffd4][0xffffffd2][0xffffffc7][0x0][0xffffff81]Z[0xfffffffa][0xc]@QK_[0x1]L[0xb]J[0xffffffdf][0x11][0x4]j[0xffffffe9]'[0xffffff81]hA[0xffffffe9]W[0x2]mA[0xffffffe9][0x7f][0xffffff84][0xffffff80][0xffffffcc][0xfffffff6][0xfffffff4]7A[0xffffffa0][0xffffff96][0x1][0x1e][0x4]`[0xffffffb6]g[0xffffffc0][0x5][0xffffff81][0xffffff9c][0xffffffed][0x19]h[0xffffff83]A-[0x3]o[0x10][0xffffffa8]e[0xffffff90][0x5][0x2][0xffffffb5][0xc][0x1a][0xffffff80][0xffffffa2][0xffffff96][0xffffffc1]8[0xffffff98][0x16][0xffffffd4]mD[0x10][0xffffffa8]u[0xffffff9b][0xc]D[0xb][0xffffffea][0xffffffb6][0x8][0xffffffd0][0x16][0xffffffd4]mS[0x8][0xffffffc8]l[0xffffffef]v[0x18][0x8][0xffffffd4][0xffffffba][0xfffffffd][0x18]:[0xfffffff5]l/[0x6][0xffffffba][0xffffffdd]~[0xfffffff4]A[0xb][0xffffff86][0x1d][0xffffffb5][0xe]b^L_[0xffffffb0][0xffffffba][0xffffff83]!T[0x7f]n[0x19][0xffffff93][0xfffffff9]J[0xffffffe2][0xffffffe4]DX*[0xfffffffe]z[0x7][0xffffffa3][0x10][0xffffffe5]3[0xffffffe9][0xffffff9c][0xffffffed][0xffffffbc][0xffffffeb][0xffffffdf][0xffffffb4][0x19]v[0x8][0xffffff9d][0x1c][0x14][0xfffffff1][0xfffffffd]$[0xffffffa0][0xffffff9f]|([0xf]=tj[0xffffffa3]n[0xc]/[0xffffffa5]/[0xffffff9a]8[0xffffffdf][0xffffff96]0[0xffffffad][0xffffff8c][[0x7f]R[0x14][0xffffffda]9[0xffffffe2][0xfffffff4][0xffffffb9][0xffffffd5][0x6][0xffffff82][0xffffffa0][0xffffffb4]_[0xffffffd3][0xffffffac][0xffffffdb]s[0xffffffd0][0xffffff9f][0xffffffd3][0xffffffac][0xffffff93][0xffffffd0][0xffffffd6][0xffffffb1][0x0]$Ct[0xffffffe8][0xffffffcf]+0[0xffffffff][0x1a][0xffffffb6][0xffffff8e][0x7] [0x19][0xffffffd2]C[0x0]na[0x19][0xffffffca][0x3][0xffffff85]-C{0}-[0xffffffc3]D[0x10][0xffffffb0]eX[0x1][0xffffffa2][0xffffffaf]e[0xffffffd8][0xf][0xffffffb4][0xffffffaf]e[0xffffffb8][0x1][0x1][0xffffff99][0xfffffff7][0x19][0xffffffe1][0xffffff82][0xffffff80]-#N[0x8][0xffffffc0][0xffffffbc][0xffffffcf]H[0xb][0x2]9[0xffffffef]3[0xfffffff2][0x2][0x3][F[0xffffff99] `[0xffffffcb][0xffffffa8][0x1e][0x4]l[0x19][0xffffff8d][0x1][0xffffff85][0xffffffad]_[0xffffffb1][0x15][0x0][0xfffffffa]Z[0xffffffc6][0xffffffd7]A[0xffffffc0][0xffffff96][0xffffffb1]0[0xffffff88][0xffffffbe][0xffffff96][0xffffffb1]1[0xffffffd0][0xffffffbe][0xffffff96]q([0x4]d[0xffffffde]g[0xffffff9c][0xf][0x2][0xffffffb6][0xffffff8c][0xffffffdf]B[0x0][0xffffffe6]}[0xffffffc6][0xffffffb3][0x10][0xffffffc8]y[0xffffff9f][0x9][0x1a][0x18][0xffffffd8]2[0xffffffa1][0x5][0x1][&r `[0xffffffcb][0xffffffc4][0xe](l[0xffffff99][0xffffffc4][0xffffff83][0xffffffe9]k[0xffffff99]<[0x5][0x1][&}[0xffffffa7][0xffffffef]k[0x9]@&k[0x10][0xffffffc8]y[0xffffff9f][0xffffffe9][0x15][0x8][0xffffffc8][0xffffffbc][0xffffffcf][0xffffff94][0xffffffe3][0xfffffff4][0xffffff8d]([0xe][0xffffffc8]T[0x3][0x2]0[0xffffffef]3[0xfffffff5][0xffffff84]@[0xffffffce][0xfffffffb]L3[0xffffffc0]p[0xffffff91]i[0x1d][0x8].2[0x5] [0xfffffffc][0x9]@[0xffffffa6][0x7]@[0xffffffb9][0xffffffc8][0xffffff8c][0x14]L[0x13][0xffffffca]L[0x8][0x4][0x17][0xffffff99][0x1][0xffffffb1][0xfffffff6][0xffffffcc][0xffffffc0]Z{f[0xffffff80][0xffffffac]=3 [0xffffffd6][0xffffff9e][0x19][0x10]k[0xffffffcf][0x1c][0xffffffac][0xffffffb5]g[0xe][0xffffffc8][0xffffffda]3[0x7]b[0xffffffed][0xffffff99][0x3][0xffffffb1][0xfffffff6][0xffffffcc][0xffffffc1]Z{[0xffffffe6][0xffffff80][0xffffffac]=s [0xffffffd6][0xffffff9e]9[0x0]k/[0xb][0xffffffb2][0xfffffff8][0xffffffc3][0xffffffda]K[0xffffff81][0xffffff85][0xffffff8b][0x8]y[0xffffffb4]w[0xffffffbb][0x5][0x10]z[0xffffff9a]0[0x6][0x19][\n]"
09:46:43.577 [main] DEBUG com.github.dockerjava.zerodep.shaded.org.apache.hc.client5.http.wire -- http-outgoing-2 << "[0xffffffb6][0xffffffdd][0xffffff91][0xfffffffb][0xffffff9f]>[0xffffff88][0xffffff98][0xffffffc9][0xffffffd1]b[0xffffff9b][0xffffffe6]IG[0xffffffd8][0xffffffef][0xffffffc2]e[0xffffffcd][0x15]q[0x8][0xffffffb2]e[0xffffffc9]~r[0xffffff8d][0xffffffa2][0xffffffa3][0x1][0xffffffe3][0xffffffc1][0xffffffdd][0xffffffa5][0xffffffab][0xf][0x16][0x1c][0xffffff98]Ef[0xffffffbf][0xffffffd5][0xffffffbd]H[0xfffffff8][0xffffffd4]@[0xffffffae][0xffffff96][0xfffffffe][0xffffffdc][0xffffffdf]F[0xffffffd1]'[0xffffffcc]@[0xfffffffd][0xffffffed][0xffffff88][0xffffff87]{[0xffffffee]C[0xfffffffc]-T[0xffffffdc]g[0xffffffbe][0xffffff93][0xffffff9d]Ja<7[0xffffffa2][0x3]6[0x12]T^[0xffffffff]U[0xffffffb8][0xffffff82]_[0xffffffd3][0x1b][0xffffff8b]?[0xffffff9c]@[0xffffffb6][0x13]Q[0xffffffd7][0xffffffff]Lo,[0x0][0xffffff88][0xffffff81]<[0xffffff90][0xffffffc5][0x1f]b [0xffffffcb][0x9][0xffffffd0][0xffffff8b][0xffffffa8]:G7[0x15][0xffffffb9][0xfffffff0][0xffffffaf]?[0xffffff85]8[\n]"
09:46:43.577 [main] DEBUG com.github.dockerjava.zerodep.shaded.org.apache.hc.client5.http.wire -- http-outgoing-2 << "[0x4]IA[0x16][0x7f][0xffffffd8][0xffffff81][0xffffff82][0xffffffb0][0xfffffff0][0xffffffd7][0xffffffaf]N[0xffffffce]:Qc[0x1][0xffffffe6][0xffffffc2]5[0x1d][0x8][0xffffff82]T[0x7f][0xffffff9d][[0xb]@[0xffffff9e][0xffffffa0][0x5][0x10]O[0xffffffd0][0x2][0xffffff88]'h[0x9][0xffffffd6][0x13][0xffffffb4][0x4][0xffffffe4][0x9]Z[0x2][0xfffffff1][0x4]-[0xffffff81]x[0xffffff82][0xffffff96]`=AK@[0xffffff9e][0xffffffa0]%[0x10]O[0xffffffd0][\n]"
09:46:43.577 [main] DEBUG com.github.dockerjava.zerodep.shaded.org.apache.hc.client5.http.wire -- http-outgoing-2 << "[0xffffff80]'([0x0]Y[0xffffffd1]@ [0xffffffc7][0xffffff81]V[0xffffffd2]`H[0xffffffcc][0xffffffca][0x1a][0x4][0xffffff89]Y[0x1]Q[0xfffffffd][0xffffffac][0xffffffc0][0xffffffaa]~V[0xffffff80]T?+ [0xffffffaa][0xffffff9f]5[0x10][0xffffffd5][0xffffffcf][0x1a][0xffffffac][0xffffffea]g[\r]H[0xfffffff5][0xffffffb3][0x6][0xffffffa2][0xfffffffa]Y[0x3]Q[0xfffffffd][0xffffffac][0xffffffc1][0xffffffaa]~[0xffffffd6][0xffffff80]T?k [0xffffffaa][0xffffff9f][\r][0x0][0xffffffd5]/[0xc][0xffffffb2][0xfffffff9]C[0xfffffff5][0xfffffff3][0xffffff85][0xffffff8d][0xffffffc4]t[0x19][0xffffff92]s[0x10][0xffffffba][0xffffffa7][0xffffff89][0xffffffc3]M[0xffffffe5][0xffffff86][0xffffffb1][0xffffff86][0xffffffb8];{[0xffffffef]le[0xfffffff2]0[0x12] 9[0x7f]nc*vB+/[0xffffffdb][0xffffffda][0xffffff9b]*[0xffffffc3][0xfffffff0][0xffffff9b][0xffffffd2]R[0xfffffff1][0xffffffae][0xffffffe9][0xc][0xffffffbf][0xffffffa8][0xffffffdb][0xffffff83]>[0xffffff90]a9V*[0x1a]Xa[0xffffffa7][0xffffffd7][0xffffffa2]~[0xffffffa5](xZ0[0xe]w[0xfffffff7][\n]"
09:46:43.577 [main] DEBUG com.github.dockerjava.zerodep.shaded.org.apache.hc.client5.http.wire -- http-outgoing-2 << "/[0x4]A[0xffffff89][0xffffffbf][0xffffff90][0xffffffcb][0xffffffe6][0xf]c[0xfffffff0][0xffffff94][0xffffffc8]e[0x3]@[0x1b][0xffffffe4][0xffffff86]l[0xfffffffe][0xffffffd0][0x6][0xffffff99]O[0xffffff82]\[0x7f]\[0xffffff98][0xffffffe1][0xffffff87]l^[0x1f][0xfffffffd][0xffffffe5]N[0x17]gZ[0x9][0xffffffd9][0xfffffffc]2[0x7]q[0xffffffff][0xfffffff3][0xffffffdc][0xffffffde],2[0x9][0xf][0xffffff86][0xffffffb0][0xe][0xffffffe0]q[0xffffffa6][0xfffffff0]8Sx[0xffffff9c])<[0xffffffce][0x14][0x1e]g[\n]"
09:46:43.577 [main] DEBUG com.github.dockerjava.zerodep.shaded.org.apache.hc.client5.http.wire -- http-outgoing-2 << "[0xffffff8f]3[0xffffff85][0xffffffc7][0xffffff99][0xffffffc2][0xffffffe3]L[0xffffffe1]q[0xffffffa6][0xfffffff0]8Sx[0xffffff9c])<[0xffffffce][0x14][0x1e]g[\n]"
09:46:43.577 [main] DEBUG com.github.dockerjava.zerodep.shaded.org.apache.hc.client5.http.wire -- http-outgoing-2 << "[0xffffff8f]3[0xffffff85][0xffffffc7][0xffffff99][0xffffffc2][0xffffffe3]L[0xffffffe1]q[0xffffffa6][0xfffffff0]8Sx[0xffffff9c])<[0xffffffce][0x14][0x1e]g[\n]"
09:46:43.577 [main] DEBUG com.github.dockerjava.zerodep.shaded.org.apache.hc.client5.http.wire -- http-outgoing-2 << "[0xffffff8f]3[0xffffff85][0xffffffc7][0xffffff99][0xffffffc2][0xffffffe3]L[0xffffffe1]q[0xffffffa6][0xfffffff0]8Sx[0xffffff9c])<[0xffffffce][0x14][0x1e]g[\n]"
09:46:43.577 [main] DEBUG com.github.dockerjava.zerodep.shaded.org.apache.hc.client5.http.wire -- http-outgoing-2 << "[0xffffff8f]3[0xffffff85][0xffffffc7][0xffffff99][0xffffffc2][0xffffffe3]L[0xffffffe1]q[0xffffffa6][0xfffffff0]8Sx[0xffffff9c])<[0xffffffce][0x14][0x1e]g[\n]"
09:46:43.577 [main] DEBUG com.github.dockerjava.zerodep.shaded.org.apache.hc.client5.http.wire -- http-outgoing-2 << "[0xffffff8f]3[0xfffffffd][0xffffffbf]+[0xffffffce]T[0xffffff9b][0x1a][0xffffffef]n[0x2][0xffffffdb][0xffffffe8][0xffffffb7]H9qq[0xffffff97][0x11][0xffffffce][0xffffffd2][0xfffffffc][0xffffffaa][0x1b][0x17].[0xffffffda]u%[0xffffffce]L[0xffffffeb])3[0xffffffbb])7=[0xffffffc5][0xffffff90] ,[0xffffffe8][0xffffffbd]|[0xffffff8f][0xfffffffa][0xffffffd9][0xffffff9d][0x11][0xffffffa9][0xffffffd5][0x12][0xffffffee][0xfffffffb]W[0xfffffff5][0xffffffa1][0xffffffed][0xffffff83]+E[0xffffff95][0x14][0xffffffa4][0xfffffff3]KV[0xffffffc9]X[0xffffffaf][0xb][0xffffffd0][0xffffffc4][0xffffffef]k[0xfffffff0][0xf][0x9]H[0xffffffa4][0x18][0x6][0xfffffff7]F[0xffffffed][0xffffffdc][0xffffffc4]*[0x18][0xffffff94][0xffffffff]f6[0xffffff97];[0xffffffab][0xffffffc3][0xffffffd4]p[0xffffff90][0xfffffff8][0xfffffff4][0xffffff92][0xffffff8f][0xffffffde]"Yl[0xffffff8a][0xfffffff6]]Vs[0x8][0xffffffa2][0xffffffe6][0xffffffba]G[0xffffffd1][0xffffff93][0xffffff85][0xffffffd4][0xffffffca]t[0xfffffffe][0xe]st[0x3][0xffffffaf][0xffffffee][0xffffff99])[0xfffffff6]i[0xffffffc6][0x7][0xffffffcf],/[0xffffffbe][0xffffffe4][0xffffff9d][0xffffff91][0xffffffae][0xffffff87][0xffffffcc][0xffffffca][0xffffffa8][0xffffff95][0xffffffe3]h[0x1f][0xffffffb9][0xffffffbd]#[0xffffffb4]q%[0xffffffe5][0x14][0xffffff9f][0xffffffac]A[0xffffffff][0xffffffaa][0xffffffa4][0xffffffff][0xffffffc3][0xffffffa4]X[0x1a]u[0xffffffee][0x5][0xffffffed]j[\n]"
09:46:43.577 [main] DEBUG com.github.dockerjava.zerodep.shaded.org.apache.hc.client5.http.wire -- http-outgoing-2 << "[0xffffff9f][0x17][0xfffffffd][0xffffffab] -[0xffffff96][0x1][0xfffffffe]i[0xffffff9b]Xi[0xffffffbf][0xe][0xffffffba]*[0xffffff89][0xfffffffb][0xffffff8c]+[0xffffffbd][0xffffffaa][0xffffff82][0x14]d&_[\n]"
09:46:43.577 [main] DEBUG com.github.dockerjava.zerodep.shaded.org.apache.hc.client5.http.wire -- http-outgoing-2 << "[0x1f][0xffffffa8][0xffffffa1][0xffffffeb][0xffffffb1]yF.[0xffffff9e][0xffffffc7][0xffffffdd]P 0}[0xffffffc3][0xffffffb4]Kp>[0xffffffea]|?[0x17]w@%JTk`1t[0xffffff8b][0xc][0xffffff91][0xffffffee][0xffffffaa]I[0xffffffcf][0xfffffff7][0xffffffda][0xffffffbd][0xffffffb2]!9WV[0x1c]bC[0xffffff9f][0x17][0xffffffa9][0x4]"[0xfffffffe][0xfffffff1]$[0xffffffe5][0x14][0xffffff94][0xb][0xc][0xffffffda][0xffffffef][0x13]4[0xffffffb7]>[0xffffffca][0xfffffff7]v[0x7]![0xfffffff8]o[0xfffffffb][0xffffffee][0xffffffda][0xffffffbe][0xfffffff9][0xfffffff4]x[0xffffffda]_[0xffffffcb]LQ[0xffffff97]ci[0xffffffba]G[0xffffff89][0xffffff9d][0x3]C[0xffffffb0][0xffffff93][0xffffffb4][0xfffffff0][0x1b][0xffffffdd][0xffffffde]m[0xffffffdd][&[0xffffffaf]u[0xffffffe4]([0xffffffb7][0xfffffffc][0xffffffae]:!yYfE][0xffffffb3][0xffffffef]aV[0xffffffbb]v9[0xffffff9d]i[0xffffffae]y;]e:[0xffffff8a]F[0xffffffe9][0xffffffa5]O[0xfffffff9][[0xffffffcc]A[0xffffffa7][0xffffffed][0xc]T[0x4][0xffffff95][0xffffffb9][0x2]n[0xfffffffc][0xc][0xffffffc7] [0xffffffb1]L[0xffffffaf][0xffffffe7][0xfffffff7]>[0xffffffee],[0xffffff86]v[0x8][0xffffffa6]u[0xfffffff8][0xffffff8d][0xc][0xffffffb7]0e[0xffffffdd]K[0xffffffd4]A[0xffffffb1][0xfffffffb][0xfffffff1]Nq"[0xffffffe2][0xfffffff5][0xfffffffe][0x3]d2:][0xffffff9f](YRF[0xffffffdd][0xfffffffe][0xffffffa2]d[0xffffffac][0x18][0xffffff93]o[0xffffffcf][0x1e][0xffffff87]Z[0xffffffaa][0xffffffdb]r[0xffffff98]U[0xffffffd0][0xffffffbc][0xffffffe5]JP[0xffffffe9][0xffffff89][0xffffffb1][0xffffffa8][0x11][0xffffffbf][0xffffff9a][0xffffff80]4[0xffffffb9][0xffffff82]qW[0xfffffff9]"
09:46:43.587 [main] DEBUG com.github.dockerjava.zerodep.shaded.org.apache.hc.client5.http.wire -- http-outgoing-2 << "[0x1e][\r][0x13][0xffffff87][0xffffff96][0xffffffd5][0xffffff93][0xffffffb5][0xffffffa9][0xffffff84][0xffffffc7][0xffffffd2][0xffffffcb]qX~[0xffffffc1][0xffffffed][0x14][0xffffffb1][0xffffffe7]Us;[0xffffff9c][0xffffffce][0x1f][0xffffffb0][0xffffffa1][0xffffff88][\n]"
09:46:43.587 [main] DEBUG com.github.dockerjava.zerodep.shaded.org.apache.hc.client5.http.wire -- http-outgoing-2 << "[0xffffffd0]9Up[0xffffff9f]-[0xffffffbb][0xffffffcd][0x1c][0xfffffff3]T[0xffffffd7][0xffffffb4][0xffffffbf][0xfffffff8][0xffffffc3][0xffffffb2][0xffffffe0]Wb-[0xffffffe6]}[0xffffffaa][\n]"
09:46:43.587 [main] DEBUG com.github.dockerjava.zerodep.shaded.org.apache.hc.client5.http.wire -- http-outgoing-2 << "[0xffffffef][0xc]v[0x7f]~[0xfffffffb][0xb][0xffffffe8][0xfffffff6][0x5][0x6][0xffffffdf])[0xffffff95][0xffffffaa][0xffffffc5][0xfffffffb][0xffffffa3][0xffffff87][0xffffffd1]xHd2EF[0xffffffd8]x[0xffffffbf][0xfffffff5][0xffffff9b]y[0xffffffd5][0x4]&[0xfffffff8][0xfffffff8]dP[0xb]ji[0xffffffa8][0xffffff9b][0xffffffaa]F[0x14][0xffffffe9],[0xffffffd1]&TJ`[0xffffff90][0xffffffbd]U[0xffffffd6][0xffffffa4][0xffffffd9]F[0xffffff94]n[0xffffffab]U[0xffffffa2]{[0xffffff99]F[0xffffffdf]K[0xffffff9b][0xffffffbd][0xfffffffe][0xffffff88][0xfffffffb]]0N[0xfffffffd][0xfffffff6];SQ[0xfffffffb][0xffffffc6][0xf][0x15].[0xffffffe5]VHI[0xffffff81]s;\[0xffffff97][0xffffffac]k[0xffffffd4][0xfffffffc][0xffffffba][0xffffffbf][0xfffffff8]/[0xffffffe1]\[0xffffffd9][0xffffffbf]*JN[0xffffffd3][0xffffff98]Si_[0xffffffd4][0xffffffa2][0xffffffcb][0x1b][0xfffffff6][0xffffff94](9XmJx?[0xffffffd4]b,[\n]"
09:46:43.587 [main] DEBUG com.github.dockerjava.zerodep.shaded.org.apache.hc.client5.http.wire -- http-outgoing-2 << "u[0x1f][0xfffffff3]6I[0xffffffb0]![0xffffff83][0xffffffd2];[0xffffffad][0xfffffff4][0xffffffd9]i[0xffffffef][0xffffffb5]e[0xffffffe1][0xf]P[0xffffffb6][0xffffffad][0xffffffb5][0xffffffc8][0xffffffc5][0xffffffe7];-[0x13][0xffffff8c][0xfffffff9]N[0xffffffb1]5[0xffffffcb]i[0x5]A-[0xffffffab]V[0x19][0xffffff89]/[0xffffff88][0xffffffcc][0xffffffa4]E3[0xffffffaf][0xffffffa4][0xffffffbc][0xffffffb3][0xffffffde][0xffffff8c][0xffffffda]Z[0xffffffa3]2%[0xffffffcc][0xffffff96]N[0xffffffd2]S[0xffffff8a][0xffffffc4]_B[0xffffffcc][0xffffffd3][0x1e][0xfffffff4][0xffffffb0]u[0xffffff90][0xfffffff6][0x8][0xffffffae][0xffffffe6]n~dv[0xffffffcf]`[0xfffffffe]v[0xffffffe5]h[0xffffff99]6[0xffffffde]ge[0x1b][0xffffff88][0xffffff86][0xffffffe2]Z[0xffffffa3][0xffffffa8][0xffffffe6]l/2&wh[0xffffffc5]}[0xffffffa5][0xffffffdc][0xfffffffb][0xffffffd5][0xffffffab].[0xfffffffb][0xffffffb4]3[0xffffff9d][0xffffffee]u[0xffffffb6][0xffffff9a]W][0x8][0xffffffd6][\n]"
09:46:43.587 [main] DEBUG com.github.dockerjava.zerodep.shaded.org.apache.hc.client5.http.wire -- http-outgoing-2 << "[0xffffffca]>[0xffffff8c][0xffffffcc][0xffffffeb][0xffffffeb][0xffffff8a][0xffffffd5][0xfffffff0][0x9][0xffffffb2][0xffffff87][0xffffffce]y[0xffffff94][0xffffffa0]4s[0xffffffc4][0xffffffb3][0xffffffaf][0xffffffab]G[0xffffff9f]A[0xfffffff6]@[0xffffffb4][0xffffff8f]T[0x18]z8[0xffffffff][0x5][0xffffffa9][0xffffffff][0xffffffae][0xffffffcc][0xffffff9e][0xffffffc2][0x18]s[0xffffff9d]xX[0xffffffd5][0xffffff87][0xffffffd9][0xffffffae][0xffffffb8][0xf]Y*H[0xffffffc6][0xffffffb8][0x6][0xffffff9a][0xffffff81][0x14][0xffffffbc][0xffffff93]kT[0xffffffe5][0xffffffa5][0xffffffb7][0xfffffff5][0xffffffd3][0xfffffff7]i[0xffffffc4][0xffffffae]h[0xc]?[0x8][0xc][0x11][0x7f][0xffffff89][0xffffff90][0xffffff8a]$:[0xfffffff0]0-xc[0xffffff81]Ee[0xffffffa0]+O>eW[0xffffff9c]'1[0xffffffe3][0xffffffb1]5[0xffffffc9][0x5][0xffffffcd][0xffffffc7][0xffffffda][0xffffff81][0xffffff9c][0xffffff98][0xffffff92]}[\n]"
09:46:43.588 [main] DEBUG com.github.dockerjava.zerodep.shaded.org.apache.hc.client5.http.wire -- http-outgoing-2 << "[0xe]K[0x2][0xffffffd5]u[0xffffffde][0xffffffcf][0xffffffce][0xffffffc8][0xffffffbf][0x13][0xffffffbe][0xffffffc5]dR[0x12]8[0xffffffa1][0xffffff8b][0xffffffcf]p[0xffffffb3][0xffffffa0][0xfffffffb][0xffffff8e][0x16]Jy[\r][0xffffffad][0xffffff90][0xffffffdf][0xffffffbb]E"[0x16][0xffffff83][0xffffffe5][0xffffffb8][0xffffffe9]q(0[0xffffffa7]m[0xffffffe0][0xffffffe9]L[0xffffffcb][0xffffff9e][0xffffffaa][0xfffffff8][0xffffffeb]m[0xfffffffa][0xffffffbc]O[0xffffffaa][0xfffffffa][0x19]4[0xffffffb4][0x1b]?[0x7][0xffffffce]=[0xffffffbd][0xffffffdd]3[0xffffffd0][0xffffffb3][0xffffff8c]q[0xfffffff6]a[0xffffffa8][0x1c][0xffffff91][0xffffffbe][0xffffffa0]y[0xffffffd0][0xffffffd7][0xffffffc9][0xffffffd8]![0xffffffb1][0xb][0xffffff95][0xffffff94][0xffffffd8][0xffffffb1][0xffffffd7][0xfffffffd][0xfffffff5][0xffffff85][0xffffffc9][0xfffffff3][0xffffffe5]i2[0xffffff91][0xffffffae][0xfffffff9]j[0x7],[0xffffffe0][0xf][0xffffffbb][0xffffffa3][0xffffffbf]i[0xffffffa1]H([0xffffffca][0xffffffd7]j[0xffffffbf][0xfffffff2]R[0xffffff85]~[0xfffffffb][0xffffffb3]H[0x9]_B[\n]"
09:46:43.588 [main] DEBUG com.github.dockerjava.zerodep.shaded.org.apache.hc.client5.http.wire -- http-outgoing-2 << "bQ3[0xffffff8b]_[0xffffffe5]FX[0xffffffd1][0xffffffe6]%c;[0xffffffc6][0xffffffce]6[0xffffff9d][0xffffffa7]3[0xffffff99]c[0xfffffffb]onHs[0xffffffa7]&[0xffffffb2][0xffffffcd][0xffffffde]:[0xffffffdf][0xffffff87][0xfffffffa][0xe])[0xffffff93]a[0xffffffc4]50[0xfffffff2][0x1c][0xffffffc6][0x8]{[0xffffffdd][0xffffff84][0xffffffc4]p[0xffffff9f]q[0xffffff85][0xffffff9d][0xffffffc9]e[0xfffffff1][0xffffffb3][0x1f][0xffffffef][0xffffffad][0xc][0xffffffb3]MM^[0xffffff93][0xffffffbf][0xffffff86][0xffffffde]68[0xffffffde][0xffffffc7][0xffffff8e][0xffffffab]w[0xfffffffb]j[0xffffffac][0x13][0x15]u[0x9]C[0xfffffff4][0xffffff97][0x9][0xffffffbc]=[0xffffff89][0xffffffda][0xffffffee][0xffffff83][0xffffffa7].W[0xffffffc4][0xffffffcd]f[0x8]H[0xffffff83]^NUf[0xffffff98]^[0x1a][0xffffffd2]G[\n]"
09:46:43.588 [main] DEBUG com.github.dockerjava.zerodep.shaded.org.apache.hc.client5.http.wire -- http-outgoing-2 << "[0xffffffe6]y[0xffffffe2][0x1c][0xffffffba]_.'[0x13][0x1b]([0xffffffb1][0xffffffba][0x7f][0xffffff85][0xffffffa8]f[0xffffff97]X[0xffffffeb][0xffffffce][0xfffffff2][0x3]<[0xffffffa6]K[0x14][0xf][0x1f][0xffffffa3][0xffffffd4]Z[0xfffffff6][0x8]5[0xffffffe4]IS[0xffffffe1][0xffffff8c][0xffffff92][0xffffffdd]|[0xffffff85]sq*[0xc][0xffffffc7]-l[0xffffffbd][0xc]7+[0xffffffa8]@"Eo[0xffffffa8][0xffffff8a][0x4][0xffffff99],~[0x9]g[0xffffffe9]s[0xfffffff7];}[0xffffffde]'4H[0xfffffff4]hz[0xffffff9f]w[0xffffffb3][0x1b]_[0xffffffa3][0xffffff85][0xffffff8c][0xffffffab][0xffffffa0][0x8]O[0xffffff96]] h)[0xffffffcc]N[0xc][0xffffffdc][0xffffffef]m;[0xffffffcf]()[0xffffffb0][0xffffff9f][0x11][0xffffffae][0xffffffab][0xffffffbb][0xffffffa3][0xffffffe8][0x1c]?[0xffffffea][\r][0xffffffa1]m[0xffffffe2][0xffffffd1]A[0xffffffd0][0xffffffcd][0xffffff86]_y[0xffffffa6][0xffffffb6][0xffffffe7][0xffffff8e][0xffffffde][0xffffffc1][0xfffffffe][0xffffffff],[0xffffffcf]4[0xffffffe0]w[0xffffff9e][0xffffffa9][0xffffffed][0xffffff8d][0xffffffa3]7[0xffffff90]O[0xffffff98]gz[0xffffffed]w[0xffffff9e][0xffffffa9][0xffffffad][0xffffffd4][0xffffffd1][0xffffff8b][0xffffffd5]0[0xffffffe7][0xffffff99][0xffffffda]Z[0xffffff81][0xffffffd0][0xffffff9b]m[0xffffffa3][0xffffffff]Ao>Y[0xffffff9e][0xffffffe9][0xffffffd1][0xffffffbb][0xfffffffe][0xffffffb6]%[0xffffffd0][0xfffffff1][0xffffffb5]/[0xffffffff]:[0xffffff9a][0xfffffff4][0xffffffe8]][0x7f][0xffffffdb][0x1e][0x10]R[0xffffff8d][0xffffffed][0xf][0x8][0xffffffe6][0xffffffb5]/[0xffffff87]%[0xffffffb2][0xffffffc3][0xffffff81]N[0xffffffbf][0xfffffff6][0xffffffe5][0xffffffd0];[0xffffffb2]c9[0xffffff8d]Ts[0xffffffa8]f[0xffffffd9][0xffffffa9][0xffffff80][0xffffff90]j[0xffffffec]\a[0xffffff97]j[0xe][0xffffff8d][0x11][0xffffffbb];@[0xffffffa5][0x1a][0xffffffbb][0xffffffe7]`[0xfffffff4]f[0xffffffbb]A[0x10]R[0xffffff8d][0xffffffdd][0xe][0x8][0xffffffbd][0xffffffd9][0xffffff9e][0x10][0xffffff80][0xffffffde]|x[0xffffff8a][0xffffffec][0xfffffff9][0xffffffa0]S[0xffffffac]}9<E[0xfffffff6][0xfffffffa][0xffffffb0]K5[0xffffff87]%[0xffffffb2][0xfffffff7][0xffffff87][0x0][0xffffffac]}[0xffffffb1][0x7f][0x0][0xffffff9d]~[0xffffffed][0xffffffcb][0xffffffe1])[0xffffffb2]o[0xffffff86]N[0xffffffb1][0xfffffff6][0xffffffe5][0xfffffff0][0x14][0xffffffd9]O[0xffffff9d]^[0xffffff84][0xffffffe1][0xffffff80][0x1c][0xffffff90]![0x0]k_[0x1c][0xffffffa8][0xffffffa0][0xffffffd3][0xffffffaf]}9<E[0xe][0x12][0xffffffa7][0xffffff91][0xffffff8d][0xf]K[0xffffffe4]`[0x9]B6v[0xffffff88][0xffffff82]]6>[0xfffffffc][0xffffffba]v([0x6] [0x1b][0x1f][0xffffff9e]"[0xffffff87]n[0xffffffe8][0x14]k_[0xffffff8e][0xffffff94]h[0x9][0xffffff84]l[0xffffffec][0xffffff88][0x5][0xffffffc1][0xffffffbc][0xfffffff6][0xffffffe5][0xffffffb0]D[0xffffff8e][0xffffffcc][0xffffffd0][0xffffffe9][0xffffffd7][0xffffffbe][0x1c][0xffffff9e]"Ge[0xffffffe8][0x14]k_[0xe]K[0xffffffe4][0xffffffe8][0xc]B6vL[0x5][0xffffffc1]E[0xffffff8e][0xffffffd5][0xffffffff][0xffffffc0]E[0xffffffb0][0xffffff9f]"[0xffffffc7]O`dc[0xffffffc7][0xffffff9f] [0xffffffb8][0xffffffc8][0xffffffe9]*[0xffffffec][0xffffffb2][0xfffffff1]a[0xffffff89][0xffffff9c]x[0x0][0xffffffc8][0xffffffc6][0xffffff87][0xffffffa7][0xffffffc8]I[0xf]:[0xffffffc5][0xffffffda][0xffffff97][0xffffffc3]7[0xffffff9a][0xffffff93][0x1f][0x8].r[0xffffffca][0xffffff81]`^[0xfffffffb]r[0xfffffff8]u[0xffffffed][0xffffffd4][0x4][0xffffff81]\[0xfffffffb][0xffffffe2]4[0x9][0xffffff86][0xffffff8b][0xffffff9c][0xffffffcf][0xffffff80][0xffffffe0]"gJ[0x10]\[0xffffffe4],[0xe][0xffffff94][0xffffff8b][0xffffff9c][0xffffffcd]O#[0x1b][0x1f][0xffffff9e]"[0xffffffe7]H[0x10]\[0xffffffe4]\tz[0xffffffd9]X[0x0]r[0xffffffee]<V[0xffffffa2][0xffffffd3]q[0xffffff91][0xfffffff3][0xffffffe2]1t[0xffffff84][0xffffff91][0xffffff8b]\0Ap[0xffffff91][0xb][0xffffffe3]1t[0xffffff84][0xffffff81][0xffffff8b][0x1c]![0x17][0xffffffa5][0xffffffa3][0xf][0xffffff9a][0x5]L[0xffffffeb]Xd<E[0x10][0xffffffbc]_[0xfffffff2][0xfffffff6][0xffffffa7]4[0xffffffec][0xfffffffa][0xffffffca]1[0xffffffc8]3i [0x11][0xffffff84]b[0x14]/[0xffffff92][0xffffffad][0x1a]w[0xfffffffd][0xffffffb4][0x14][0xffffffc2][0x15]5[0x1f]i[0x1e]x#G[0xffffffa8][0xffffffb9](S[0x16][0xfffffffc]L[0xffffffab][0xffffffaa][0xffffff8b]6A[0xfffffff1][0xffffffaf][0xffffffff][0x1a][0xfffffff7][0xfffffff9][0xffffffb5]=[0xffffffd7][0xffffffc5][0xffffffe9][0xffffffe8][0xffffffb9]c=[0x11]I][0xffffffa9][0xffffffea]{[0xffffff88][0x1e]X[0xfffffff0]{{[0xffffffae]K[0xfffffff2][0xffffffd1][0xffffffc2]2[0xffffff9f][0xffffff80][0xffffffa6][0x8][0xfffffff7]z)l[0xffffff85]^[0xfffffffe][0xffffffde][0xffffff9e][0xffffffeb]R[0x5][0xffffff82][0xffffffa8]\[0x6][0xffffff80][0x12][0xffffff95][0xffffffcb][0x16]t[0xffffff8a][0xfffffff5]-[0xffffff87][0xffffffe7][0xffffffcf][0xffffff95][0x0][0x4]Q[0xffffffb9]rC0[0xffffffaf]o9,[0xffffff91][0xffffffab][0xe]t[0xfffffffa][0xfffffff5]-[0xffffff87][0xffffffdf]b[0xffffffae][0xffffffbe][0xffffffd0])[0xffffffd6][0xffffffb7][0x1c])Q6[0x8][0xffffffa2]rm[0xffffff84][0x0][0xffffffac]oq[0xffffff9d][0xffffff80]N[0xffffffbf][0xffffffbe][0xffffffe5][0xfffffff0][0x14][0xffffffb9]![0xffffff81]!*7r[0x10]D[0xffffffe5]&[0x6][0xffffff82][0xffffffa8][0xffffffdc][0xffffffcc][0xffffff80][0x12][0xffffff95][8[0xffffff98]N[0xffffff93][![0x8][0xffffffa2]r[0xffffffeb][0x0][0xffffffd1]ir[0xffffff9b][0x7][0xffffffda]ir[0xffffffc7][0xffffff80][0xffffff80][0xffffffac]oqg[0x0]AT[0xffffffee][\n]"
09:46:43.588 [main] DEBUG com.github.dockerjava.zerodep.shaded.org.apache.hc.client5.http.wire -- http-outgoing-2 << "[0x10][0xffffff80][0xfffffff5]-[0xffffffee][0xffffff8e][0xffffffd0][0xffffffe9][0xffffffd7][0xffffffb7][0x1c][0xffffff9e]"[0xfffffff7]$0D[0xffffffe5]^[0x9][0xffffff82][0xffffffa8][0xffffffdc]?[0xffffff9e][0xffffff9e][0xffffffa8][0xfffffffc]![0xfffffff7][0xffffffcd][0xffffffa3][0xffffffa7][0xffffffc8][\r][0xffffffb6][0xfffffff5]-/[0xffffffb7]>[0x13][0xfffffff8][0xffffff9f][0x13][0x16][0xffffffde][0x1d]G|n[0x1d][0xffffffde][0xffffff82]N6[0xffffffd9][[0xffffffc7]p[0xffffffb0]Ce[0xffffff8d][0xffffffd3][0xffffffac][0xffffffdf]gZ[0x18][0xffffffae][0xffffffaa][0xffffffee][0xffffffb0][0xffffffe3]E[0xffffffb9][0xffffffc4][0xffffffcd]>[0x14][0xffffffc6]([0x1d]^[0xffffffaa][0xffffff84]M[0xffffffe9][0xffffff81][0xffffff9d][0xffffffe0][0xffffffde][0x19]y[0xfffffff7][0x7][0xffffff86][0xffffffd0][0xffffffec][0xffffffb5]$F[0x1][0x8][0xffffff82][0xffffffa2]~[0xffffffed][0xffffffa5][0xfffffff3][0xffffffc0];Zb[0xffffff96][0x13][0xffffffee]m[0xffffffc1]g[0xffffffc1]*[0xffffffff]{/[0x1d][0x7][0xffffffe4][0xffffffc1]uz([0xffffffe3][0xffffff86]<[0xffffffb4]!X[0xffffffb7][0xffffffb6]T[0x17][0xb][\n]"
09:46:43.588 [main] DEBUG com.github.dockerjava.zerodep.shaded.org.apache.hc.client5.http.wire -- http-outgoing-2 << "\[0xffffffc1][0xfffffffe][0x1d]s[0xffffffe4][0xffffffe1][\r][0xffffffb4]a[0xffffffe5][0xffffff91]u[0xffffffec]y[0xffffff85][0xffffffb1]a[0xffffffe5][0xffffffd1][0x0][0xffffffa2]a[0xffffffe5]1~[0xffffffec]y[0xffffff85][0x9][0xffffffaf]<[0x11][0xffffff8f]=[0xffffffaf][0xffffffa7][0xffffffc3]+O20x[0xffffffe5])[0x2][0x2][0xffffffaf]<MA[0xffffffe0][0xffffff95]g[0x18]P[0xffffffbc][0xfffffff2]|[0xc][0xffffffa6]a[0xffffffe5][0xffffffd9][0xe][0x2][0xffffffaf]<[0xffffffe7]@4[0xffffffac][0xffffffbc][0xffffffd0][0xffffff81]6[0xffffffac][0xffffffbc][0xffffffe8][0xffffffa1][0xffffffe3][0xffffff83]<[0xffffff98]J[0xffffffe4]%[0xf][0x2][0xffffffaf][0xffffffbc][0xffffffec]![0x0][0xffffff83]<[0xffffffaf]D[0x8][0xffffffe4] [0xffffffcf][0xffffffab][0x2][0xc]^y[0xfffffff5][0xffffff83][0xffffffc0]+[0xffffffaf][\r][0x10]x[0xffffffe5][0xffffff8d][0xb][0x14][0xffffffaf][0xffffffbc]9[0xffffffc1]4[0xffffffac][0xffffffbc][0xffffffb5]@[0xffffffe0][0xffffff95][0xffffffb7][0xffffffd7][0xffffffe9][0x1b]V[0xffffff91][0xffffff90]w[0xffffffe6][0xffffffd1][0x12][0x5][0xffffffc0][0xffffff82]W[0xffffff84][0xffffffb2][0xffffff8c][0xffffff9d][0xffffffa4][0x18][0x1a]_[0xfffffff3]G[[0xffffff8d][0xffffffae]M[0xffffffcd][\r][0xffffffae][0xffffffa4]A[0xffffffcf][0xffffffcd]p[0xffffffb4][0xffffffd7][0x9][0xffffffec][0xffffff82]&[0xffffffc3][0xffffffac][0xfffffffa]X[0xffffffde][0xffffffe5]f[0xffffffb8]-Ga[0xffffffb7]8e~;[0x18][0xffffffa1][0xffffffec][0xffffff8e][0xfffffff4]T#[0xffffff8f].[0x19][0xffffffe0][0xffffffec]&[0xffffffba][0xffffffcd][0xfffffffb][0xffffffa9]Z[0xffffffc1]21[0xffffffe9][0xffffffab][0xffffff8a][0xffffffe6][0x0][0x11]5+[0xffffffca]f[0xffffffde][0xffffffe4][0xffffffab][0xffffffbf][0xffffffe3][0x12]y [0xffffffef][0xfffffffa][0xffffffa3][0xffffff8f],[0xffffffcb][0xffffff89]@[0xffffffed][0x17]E[0xffffff94][0xfffffffd][0xffffffa6][0x8][0xffffffef][0xffffffb1][0xffffffd3][0xffffffb3][0x1a][0x17][0xffffffe4][0x3][0x1d]}j[0xffffff99]N[0xffffffc0]j[0x7f]Q[0xffffff84][0xffffffe7]_P#[0xfffffffa][0xffffffeb]T[0xfffffffa]\[0xffffff87]@[0xe][0x6]}[0xffffff84]! [0xffffff83]A[0x1f]c[0x10][\r]0[0xffffff9f]P[0x8][0xffffffc0]`[0xffffffd0]'[\r][\n]"
09:46:43.588 [main] DEBUG com.github.dockerjava.zerodep.shaded.org.apache.hc.client5.http.wire -- http-outgoing-2 << "bf8[\r][\n]"
09:46:43.590 [main] DEBUG com.github.dockerjava.zerodep.shaded.org.apache.hc.client5.http.wire -- http-outgoing-2 << "[0x1f](g[0xfffffff9][0xffffffbc][0xffffff85][0xffffff80][0xc][0x6]}fAp[0xffffff96]/[0x1a][0xffffff88]6[0xffffff96]/-[0xffffffd0]6[0xffffff96][0xffffffaf][0x1c][0x4]d0[0xffffffe8]k[0x7][0xffffff82][0xffffffb3]|[0xffffffe3]![0x0][0xffffff83]A[0xffffffdf][0xffffffa7][0x10][0xffffffc8][0xffffffc1][0xffffffa0]o[0x1f][0x18][0xffffffce][0xfffffff2]][0x3][0xffffffc1]Y~W@p[0xffffff96][0x1f][0x7]P[0xffffffce][0xfffffff2][0xffffffd3][0x0][0xffffffd3][0xffffffc6][0xfffffff2][0xfffffff3][0x4][0xffffffc1]Y~[0x19] [0xffffffda]X~u@[0xffffffdb]X~[0xffffffa3][0x10][0xffffff90][0xffffffc1][0xffffffa0][0xffffffdf][0x1][0x8][0xffffffce][0xfffffff2]'[0xffffff85][0x0][0xc][0x6][0xfffffffd][0xffffff85] [0xffffff90][0xffffff83]A[0x7f]#0[0xffffff9c][0xffffffe5][0x1f][0xc][0xffffff82][0xffffffb3][0xfffffffc][0xfffffff3]N[0xffffffcf]Y.[0xffffff90][0x7f][0xffffffeb][0xffffffd1]Sd[\r][0x13]g[0xfffffff1][0xffffffe8]Jl[0x8][0x10][0xffffff86]MP<[0xffffffc8][0xffffff9f]0+[0xffffffe8]S[0xffffff99]Y[0xfffffff2]3n[0xf][0x13][0xffffff9f][0xffffff97][0xffffffc1]Y[0xffffffa5][0xffffffa3]h}a[0xffffffb4][0xfffffff6][0x3][0xffffffa3]TW#[0xffffffab][0xffffffba][0xffffff8e]|[0xffffffde];%[0xffffff9f][0xffffffb2][0xffffffac][0xffffffe7][0xffffffe6][0xffffffd2]A"[0xffffffcd][0x1e][0x4]A[0xfffffffe][0xffffffbf][0xffffff90][0xffffffca][0xffffffff][0xfffffffb][0xffffffb1][0xffffffc6][0xffffffcc]I[0xffffff90]J[0xffffffec][0xffffffbd][0xffffffe0]6[0xffffffc5][0xffffffdf]H[0xffffffc5][0x5][0x5][0xffffffa0][0x1e]--[0xffffffd3][0x9][0xffffff90][0xffffff8a][0xffffffa8][0xffffffa6]-[0xffffffb1]U[0xfffffff0]o[0x18][0xffffffe2][0xffffff80][0x2]n[0xffffff9e][0xffffffbe][0x3]&[0x0][0x5][0xffffffc8]@ g[0xffffff8a][0x1][0xffffffb6][0x10][0xffffff90][0xffffff99]b@[0x1c][0x8][0xffffffa4][\n]"
09:46:43.590 [main] DEBUG com.github.dockerjava.zerodep.shaded.org.apache.hc.client5.http.wire -- http-outgoing-2 << "([0xffffff83]N=S[0x14][0xffffff80][0x2][0xffffffde][0x1f][0xffffffa3][0xffffffce][0xffffffd3]!U[0xffffffc0]*[0x18][0xffffffa4][\n]"
09:46:43.590 [main] DEBUG com.github.dockerjava.zerodep.shaded.org.apache.hc.client5.http.wire -- http-outgoing-2 << "[0xffffffbc][0x4][0x2][0xffffffa9][0x2][0xffffffd9]A U[0xffffffa0]:P[0xffffffa4][\n]"
09:46:43.590 [main] DEBUG com.github.dockerjava.zerodep.shaded.org.apache.hc.client5.http.wire -- http-outgoing-2 << "t[0x7][0xffffffd3][0xffffffba][\n]"
09:46:43.590 [main] DEBUG com.github.dockerjava.zerodep.shaded.org.apache.hc.client5.http.wire -- http-outgoing-2 << "[0xffffffbc][0xb][0x2][0xffffffa9][0x2]_[0xffffff80]h][0x5][0xe][0x3]m][0x5][0xffffffee]C@&[0xffffff83]A$ [0xffffff90]*H[0x0][0x2]0[0x19][0xc]2[0xffffff84]@N[0x6][0xffffff83][0xffffff82][0xffffffc0] U[0xffffffd0]C[0x10]H[0x15][0xffffffd4][0x2][0x2][0xffffffa9][0xffffff82][0xffffffa6][0xffffff81]"U[0xfffffff0]y0[0xffffffad][0xffffffab]`[0x1a][0x10]H[0x15],}[0xfffffffa][0xffffffd6][0xffffff95][0xf][0x14]l}[0xffffffb4]D[0xffffffce][0xffffffb0] [0x15][0xffffffa1][0xffffffac][0xffffff8c][\n]"
09:46:43.590 [main] DEBUG com.github.dockerjava.zerodep.shaded.org.apache.hc.client5.http.wire -- http-outgoing-2 << "[0xffffffc4][0xffffff85][0xfffffff9]E[0xffffffdf][0xffffffc7][0xffffffcc][0xffffffc2][0xffffffdc][0xffffff86]k[\n]"
09:46:43.590 [main] DEBUG com.github.dockerjava.zerodep.shaded.org.apache.hc.client5.http.wire -- http-outgoing-2 << "[0xffffffe5][0xfffffff5][0xffffffd9][0xffffff9d][0xffffffcd][0xffffffbd]=[0xffffffb6][0xffffffcf]r+c"F9[0xb][0xffffffdb]f[0xffffff92][0xffffff9e][0xffffffc4][0x6][0xffffffdf][0xffffffd1][0xffffffe3]%p[0xffffffe7][0xffffff93]Qv[0x5][0xffffffad]t[0xc][0x6][0x1f][0xffffff88][0xffffffa8][0xffffffd8][0xffffff8e]r[0xffffff9b]6[0xffffffa9][0xffffffdd][0xffffffb9]n[0x0]AP[0xfffffff8][0xffffffaf]E[0xfffffffc][0xffffffc1][0xffffffb1]G[0xffffff9f]R[0xffffffb6][0x13][0xfffffff1][0xffffffd8][0xffffffdf][0xffffff8b][0xfffffff8][0x3]~/[0xffffffe2][0xf].==[0xffffff94][0xfffffff1]@[0xffffffc1][0xffffffbd]G[0x1f]U[0xffffff96][0x13]@[0xffffffd9][0xffffffb1][0xffffffec]#[0x1](x[0x5][0x2]9`[0xc][0xffffffb9][0x8][0x1][0x19]0[0xffffff86][0xffffffb0][0xffffff9e][0xffffffbe]i[0xffffffc5][0x1][0xffffff85][0xffffffa8][0xffffff81][0xffffffc0][0xffffffab][0x10]7[0xffffffa0]x[0x15][0xffffff92][0x6][0xffffffa6]c[0x15]R[0xb][0x2][0xffffffaf]B[0xffffff86]@t[0xffffffac]Bv[0xffffff81]v[0xffffffac]B[0xffffff89]! [0xffffff93][0xffffffc1]P~[0x10]x[0x15]j[0x0][0x1][0xffffff98][0xc][0xffffff86][0x6]B '[0xffffff83][0xffffffa1][0xffffffb9]`[0xfffffff0]*[0xfffffff4]5[0x8][0xffffffbc][\n]"
09:46:43.590 [main] DEBUG com.github.dockerjava.zerodep.shaded.org.apache.hc.client5.http.wire -- http-outgoing-2 << "[0xfffffffd][0x6][0x2][0xffffffaf][0xffffffc2][0xffffffce][0x1][0xffffffc5][0xffffffab][0xffffffb0][0x1b]`:VaR [0xfffffff0]*[0xc][0xffffff88][0xffffffe2][0x17][0xfffffff6]O[0xffffff8a][0x1f][0xffffffec][0xffffffa7]([0xffffffec][0x7f][0x15]?[0xffffffd8]J[0x4]D[0xfffffff1][0xb][0x3][0xffffffa2][0xfffffff8][0xffffff85][0xffffff83]U[0xfffffffc][0xffffffc2][0x1])~[0xffffffe1]@[0x14][0xffffffbf]p [0xffffff8a]_8X[0xffffffc5]/[0x1c][0xffffff90][0xffffffe2][0x17][0xe]D[0xfffffff1][0xb][0x7][0xffffffa2][0xfffffff8]E[0xffffff80]U[0xfffffffc]"[0x0])~[0x11]@[0x14][0xffffffbf][0x8] [0xffffff8a]_[0x4]X[0xffffffc5]/[0x2][0xffffff90][0xffffffe2][0x17][0x1]D[0xfffffff1][0xffffff8b][0x4][0xffffffa2][0xfffffff8]E[0xffffff82]U[0xfffffffc]"[0x1])~[0xffffff91]@[0x14][0xffffffbf]H [0xffffff8a]_$X[0xffffffc5]/[0x12][0xffffff90][0xffffffe2][0x17][0x9]D[0xfffffff1][0xffffff8b][0x2][0xffffffa2][0xfffffff8]E[0xffffff81]U[0xfffffffc][0xffffffa2][0x0])~Q@[0x14][0xffffffbf]( [0xffffff8a]_[0x14]X[0xffffffc5]/[\n]"
09:46:43.590 [main] DEBUG com.github.dockerjava.zerodep.shaded.org.apache.hc.client5.http.wire -- http-outgoing-2 << "[0xffffff90][0xffffffe2][0x17][0x5]D[0xfffffff1][0xffffff8b][0x6][0xffffffa2][0xfffffff8]E[0xffffff83]U[0xfffffffc][0xffffffa2][0x1])~[0xffffffd1]@[0x14][0xffffffbf]h[0x0][0xffffff8a][0xffffff9f]+[0x14][0xfffffffd][0xffffff87][0xffffffe2]g[0x3]S[0xffffffdb]I[0xffffffc6]S[0x4][0xffffffc1][0xffffffa7][0xffffffcf][0xffffff8f][0xffffffd4]5{/[0xfffffffd][0xfffffff3]Y[0xffffffe2][0xffffff9f]|[0xffffffaa]4[0x2];=rX[0xffffffae][0x10]Y[0xffffffa5]H[0xffffffbe][0xffffffcf][0xffffffc3][0xffffff8b]|t[0xffffffc2][0xffffff92]3[0xffffff8f]r$[0xffffffbc][0x7f][0xffffff9e]g[0xffffffcc][0x9][0x17][0xffffffda][0xffffffb9][0xffffffe6],C[0xffffffbc]Vx[0x1e][0xffffff82][0xffffffa0][0xffffff80]_[0xfffffff7]u[0xffffffa3][0xffffffff][0x10][0x3][0xffffff99]ODS[0xffffff88][0xffffffb1][0x1f][0xffffff87][0xffffff93][0xfffffffe][0xffffffbe][0xffffffaf][0xffffffcb][0x5][0xffffffc5][0xfffffffc][0xffffffa1][0x6]2[0xffffff9d][0xffffff80][0xffffffa7][0xffffff90][0xffffffa4][0xffffffbf]{[0xffffffee][0xfffffff9][0xffffffff][0x1e]S[0xffffffc5][0x0][0xffffffb1][0x3]c[0xffffffc0][0xffffffda][0xffffff81]1[0xffffff80][0xffffffec][0xffffffc0][0x18] v`[0xc][0x10];0[0x6][0xffffffac][0x1d][0x18][0x3][0xffffffc8][0xe][0xffffff8c][0x5]b[0x7][0xffffffc6][0x2][0xffffffb0][0x3][0xfffffff9][0xffffffa1]X[0xffffffa5][0xffffffa3][0xffffffbf][0x13]l[0xffffffd1][0xffffffa1][0xe][0xffffffbf][0xffffffa3]Cc[0x7f][0xffffffa9]~[0xffffffb8][0xffffffff]9D7[0xffffff8b]L[0xffffffc2][0x3][0xffffffa1]3[0xfffffffc][0xfffffff0][0xffffffe8]Pxt(<:[0x14][0x1e][0x1d][\n]"
09:46:43.590 [main] DEBUG com.github.dockerjava.zerodep.shaded.org.apache.hc.client5.http.wire -- http-outgoing-2 << "[0xffffff8f][0xe][0xffffff85]G[0xffffff87][0xffffffc2][0xffffffa3]C[0xffffffe1][0xffffffd1][0xffffffa1][0xfffffff0][0xffffffe8]Pxt(<:[0x14][0x1e][0x1d][\n]"
09:46:43.590 [main] DEBUG com.github.dockerjava.zerodep.shaded.org.apache.hc.client5.http.wire -- http-outgoing-2 << "[0xffffff8f][0xe][0xffffff85]G[0xffffff87][0xffffffc2][0xffffffa3]C[0xffffffe1][0xffffffd1][0xffffffa1][0xfffffff0][0xffffffe8]Pxt(<:[0x14][0x1e][0x1d][\n]"
09:46:43.590 [main] DEBUG com.github.dockerjava.zerodep.shaded.org.apache.hc.client5.http.wire -- http-outgoing-2 << "[0xffffff8f][0xe][0xffffff85]G[0xffffff87][0xffffffc2][0xffffffa3]C[0xffffffe1][0xffffffd1][0xffffffa1][0xfffffff0][0xffffffe8]Pxt(<:[0x14][0x1e][0x1d][\n]"
09:46:43.590 [main] DEBUG com.github.dockerjava.zerodep.shaded.org.apache.hc.client5.http.wire -- http-outgoing-2 << "[0xffffff8f][0xe][0xffffff85]G[0xffffff87][0xffffffc2][0xffffffa3]C[0xffffffe1][0xffffffd1][0xffffffa1][0xfffffff0][0xffffffe8]Pxt(<:[0x14][0x1e][0x1d][\n]"
09:46:43.591 [main] DEBUG com.github.dockerjava.zerodep.shaded.org.apache.hc.client5.http.wire -- http-outgoing-2 << "[0xffffff8f][0xe][0xffffff85]G[0xffffff87][0xfffffffe][0xffffffdf][0x1d][0x1d]ZHQ[0xffffffdb][0xffffff82][0xffffff95]][0xffffffa2][0x14][0x14][0xffffff81][0xffffffd9][0xffffffab][0xfffffff2]hS[0xffffffa1][0xfffffff7][0x12][0xffffffb3]q[0xffffff94][0xffffffb1]C[0x18]J[0xffffff8c][0xffffffde]G[0xe][0xffffffb4][0xffffffb9][0xffffffeb][0xffffffbe]Uj[0xfffffff2][0xffffffce][0xffffffec][0xffffffb2]F[0xffffffc5][0xffffff89]O[0xffffff93]2k[0xffffff90]k[0xfffffff8].j[0xffffffd8][0xffffffab]N[0xffffffa4][0xffffffcb]n3[0xffffffa5][0xffffffb6][0xffffffe3]=ZxBB[0xfffffffc][0xffffff9a][0xffffffea]A[0xffffffae]V[0xffffffeb]M[0x13][0xffffffed][0xffffff9d][0xffffff8e][0xffffffd6][0xffffff83][0xffffff88][0xffffffe0][0x4][0x12][0xffffffe5][0xffffffe1][0xffffffb4][0xffffffc9]Gj[0xffffffdf]b[0x8] [0x8]U._[0xffffffd2]i[0xffffffda][0x7f][0xfffffff9]G[0x7][0xffffff9a][0xffffffb7][0xffffffff][0xffffffc4][0xffffffd2][0xffffff92][0xffffffd1][0xffffffd5][0xffffffab]Ni[0xffffff8a]Z[0xffffffcf]PF[0xffffffb3][0xffffffd6][0x1e][0xffffff8d][0xffffffee][0xffffffdc][0xffffffff][0xffffffa6][0xffffff8a][0xffffffc2][0xffffff9f][0xffffffba][0xffffff92][0xffffffbb]T[0xffffffa2][0xffffffae][0xfffffff0][0x1e])[0xffffffd8][0xffffff97];[0xffffffbe][[0xffffff95][0xffffffe2][0x0][0xffffffc1]%[0xffffffe2][0xffffffb6][0xffffffae][0xffffff9b]I[0xffffff96][|[0xffffff84][0xffffffdd][0xffffffa0][0xffffff86]n[0xffffffbe][0xffffffb0][0xffffffec][0x13][0xffffffea][0x3][0xffffff85][0xffffffdc][0x1b][0x15][0x1f][0xffffffae][0xffffffec][0xffffffd3]V[0xffffffa4][0xffffff9f]UfVb[0xffffffd7]#([0xffffffa4]0x3[0xffffffa9][0xfffffffe][0xffffffb8]d[0xffffffdc]wF[0xfffffffa][0xffffffa2][0xffffffcc][0xffffffa7]<~[0xffffffff]E[0xffffffdb][0xfffffffb][0xffffffa5][0xffffffc2][0xffffffb9][0xffffffcf][0xffffffaf][0xffffffde][0xffffff91][0xffffffe6]q[0xffffffa7]iDJd^-$O[0xc]4Wm[0xfffffffd][0xffffffd0][0x10]*[0xffffff98][0xffffffa4][0xfffffff3][0x1c][0xffffffa1]I]X"[0x1e][0x7]i[0xffffff83][0xfffffffc][0xffffffe1][0xffffffc8][0xffffffa3]9O[0x15]4~[0xffffff82][0xffffffb6][0xffffff9f][0xfffffff8][0xffffffbd][0x6][0xffffff8c]$[0xc]c1[0xffffff9f]*[0xc][0xfffffff9][0xffffffa8]6[0xffffffd3][0xfffffffb][0xffffffd5]ew[0xffffffa3][0x6][0x9][0xffffffe7][0xffffffdf][0xffffff98][0xffffff8f]n[0x7]_[0xffffffd6]y[0xffffffd3]P|3[0xffffff9f][0xfffffff6]yT[0xffffffc4][0xffffffeb][0xffffffd9]~>7<;[0x1b][0xffffffdd]Go?I~[0xffffff93]z}[0xffffffbd][0xffffffc2][0xffffffa2][0x2]%[0xffffffd5]T[0xfffffff5][0xffffffd6][0xffffffc4][0xffffffac]s[0xffffffa9][0xffffffbe][0xffffffb5]#[0xffffffd2]F[0xffffffe6][0xffffffbe]i[0xffffff93][0xffffffbf]*[0xffffffd7][0xffffffac][0xffffffdc][0x1b]s[0xffffff9d][0xffffff9c]w[0xfffffff9][0xffffffc4][0xffffff8b]T[0xffffffae]2[0xffffffec][0xffffffdf]"{M[0xffffff99][0xffffffe7]6[0xffffffdd][0xffffff98][0xffffffa2][0xffffffcd][0xfffffff2][0xfffffffd][0xffffffbe][0xffffff9c]o[0xffffffbf]_[0xffffffac][0xffffffe2][0xfffffffe][0xffffffc0][0xffffffa4]<[0xfffffff9]Fx[0xffffff87][0xffffffba]~[0xfffffff3][0x19]{t\[0x17][0xffffff9a][0xffffffc5][0x1f]P[0xffffffce][0xffffffaa]V[0xffffffbf][0xffffffb0]ZF[0xfffffff5][0xffffffd5][0xffffff8a][0xffffffcf])[0xffffffc6]T[0x1d]a[0xffffffa8][0xffffffba][0xffffff95][0xffffffc3][0xffffffb9]J[0xffffffe1][0x2][[0xffffffbb]Ay[0xffffffc9][0xffffffd3]R[0xffffffd1][0xffffffb2][0x1f][0xffffffef][0xffffffce][0xfffffff9][0xffffffdc][0xffffffda][0xffffff95].[0xffffffeb][0x18][0x12]![0xfffffff9][0xffffffc2]|[0xffffffe7]s[0xffffffca][0xffffffdc],J|"[0xffffffff]R[0xffffff93][0xffffffa2][0x2][0xffffff9a][0xffffffce]|[0xfffffff7][0xffffff8f]1'a[0xffffffda][0xffffff8d][0xffffffc9][0xffffffd7][0xffffffcc][0xffffffbd][0x6][0x5][0xffffffa8]~[0xffffff8f][0xffffffcf]c7[0xffffffbc][0xffffffde][0xffffffb0]K2[0xffffffc3][0xffffffd2]^D[0xffffffb8][0x1f]{[0xffffff99][0xffffff9e][0xffffffe8]L[0xffffffbb][0xffffffda][0xfffffff7][0xffffff9f][0x9][0x19][0x1]fA3I[0xffffffe1][0x19][0xffffff8f][0xffffffef]J[0xffffffdf][0xffffff8d]^[0xfffffff2][0xfffffffa][0xffffff81][0xffffffc3]PZar[0xffffffe3][0xffffffa6][0x4][0xffffffea]|{9[0xffffff9b][0xffffffd5][0xffffffbd][0xffffffaf][0xffffff89][0xffffffec][0x11][0x8][0xffffffaf]=P-[0xffffffcb]L[0xffffffbf][0xffffffba]U[0xffffffda][0xfffffff1]!_`9;x6i[0xffffffbf]2[0xffffffdf][0xffffff93]1P}[0xffffff8c][0xffffff8b][0xfffffff6]m[0x9][0x1e][0x1e]'[0xffffffae][0x5][0xffffffee][0xffffff93]{[0xffffff93]Yk[0xffffff9c][0xffffffb9][0xffffffdf]X#[0xffffff9c]1[0xffffffcc][0x18]"[0xffffffa3]n[0xfffffffb]5[0xffffff9b]?[0xc]A[0xffffff9c]q[0xffffffb9],t=nR[0xffffffe1][0xffffffea][0xffffffb5][0xffffffcf][0x12][0xffffffa2][0xffffffb6]"[0xfffffffc][0xffffffdf][0xffffffb5][0xffffffee]m[0xffffff95][0xffffff95][0xffffff8e]o`o[0xffffff89]]_[0xffffffa7][0xffffffbb]\[0xffffff90][0xffffffc5][0xffffffe7][0xffffffd6]#[0x7f][0xffffff89]7[0x7]e[0xffffffe3][0xffffffdb]kA.[0xffffffc7][0xffffff8c][0x1e][0xfffffff9]sn[0xffffff9c]s[0xffffffd9][0xfffffff8][0xffffff91]i[0xffffffdc][0xffffff91][0xfffffff5][0xffffffe8]6N[0xffffff83][0xffffffc5][0x11][0xffffffe6][0x15][0xffffff81][0xffffffef]k[0xffffffe9][0xffffffb2][0xffffff96][0xfffffffd][0xffffff88][0xffffff83][0xffffffe7][0xffffff9b][0xffffff93]f[0x1c][0xffffffad][0xffffffda][0x15][0xffffff85]y[0xffffffc7]U:[0xffffffbc][0xffffffe4][0xffffffe9][0xffffffba][0xffffffa9][0xffffffed][0xffffff98][0xffffffd2][0xffffffca][0xffffffee][0xffffffa1][0xffffffa2]z|[0xffffffc4]h[0xffffffb9]*;w[0xffffffb6]<&[0xffffff85][0xffffffbd][0x17][0xfffffff1][0xffffff81][0x12][0xffffffe1][0x19][0xffffffd5][0xffffffac]'[0xffffff90][0xffffffc1][0xffffffea]s+[0xffffffae][0xffffffcb]4\W[0xfffffffd]8[0xfffffff4]'[0xffffffba]3[[0xffffffa5][[0xffffffbe]&T+[0xffffff96]Je\[0xffffffd0][0x1d]}[0xffffffb3][0xffffffde]o[0x15][0xffffff98][0x16][0xffffffea][0xffffffe5]S[0xffffff97][0xffffff80][0xfffffff2][0xffffffdc]t[0x5]y[0xffffffb4]p[0xffffffd9][0xffffffdf][0xffffffbf]aS[0x16][0xffffffba]QT[0xffffffc3]WG[0xfffffffe]3I2[0xffffffbb][0xfffffff0][0xffffffea]7[0xfffffff5][0xfffffff0][0x1f][0x1b][0xffffff83]/5[0xffffffcb][0x7f]V[0xffffffb4][0xfffffffb][[0x7][0xffffffce][0xffffffa3]1[0xffffff8a][0xffffffe4][0xffffffd7][0xfffffff9][0x6]o[0xffffffb0][0xffffffcd][0xffffffdf]\[0xffffffe5][0x7f]#[0xffffffd1][0xffffffd4]q5YA[0xffffffe1][0xfffffff1]f[0xe]s[0xffffffa3]y[0xffffffed]Z[0x12]V[0xffffffd6]H[0xffffff9e]ejG[0xffffffcb][0xffffffa2][0xffffffd1]G[0xffffff9d][0xffffffe8][0xfffffff4]v[0xffffff97][0xb]A_[0xffffff8a][0xffffffd8][0xffffffd0][0xffffffec][0xffffffc5][0x11]f[0xffffffb8],1L[0xfffffff5]7?[0xffffffe6][0xffffff9b]o[0xffffffd2][0xfffffff0][0xffffffea][0xffffffac][0xffffffa1][0x14][0xffffff95][0xffffffe9]P|[0xffffffa6]e[0xffffffbd]myP[0xfffffffe]0[0xfffffffd]i[0xffffffc1]0[0xffffffd5]*[0xffffff9d][0xffffff94][0xffffffe4]S~o[0x14]~[0xffffffe8][0xffffffcc]ed[0xffffffb9][0xffffff97][0x12]u[0xffffffe8][0xffffff8e][-[0xffffff8f]p[0xffffff91][0xffffff91]&[\n]"
09:46:43.591 [main] DEBUG com.github.dockerjava.zerodep.shaded.org.apache.hc.client5.http.wire -- http-outgoing-2 << "w?[0xffffffbd]R[0x11]~[0xffffffcb][0xffffffc1][0xfffffffc][0xffffffc6][0xffffffd7][0xffffffb7][0xffffffde]/[0xffffffdc][0xffffff9e][0xffffff8e][0xffffff9c][0xffffffa9][0x1f]c[0xffffffdc][0xfffffff3][0x5][0x9][0x3]a[0xffffffb0][0xffffffeb]w[0xffffff9b][0xfffffffb][0xffffff8c][0xffffffd1][0xfffffff6][[0xffffff86]?[0xfffffff1])[0xffffffb8]<[0xffffff92][0xffffffc7][0xfffffff1][0xffffffd1]V[0xffffff86]1[0xffffffcd][0xffffffbb]'[0x1b]M[0xffffffe9][0xffffff99]hc[0xffffffb4][0x3]?*<[0xffffff9b][0xffffffbd][0xffffffef][0xffffffd6][0xffffffdd]6[0xfffffff7][0xfffffffc][0xffffffa7][0xffffff98][\n]"
09:46:43.592 [main] DEBUG com.github.dockerjava.zerodep.shaded.org.apache.hc.client5.http.wire -- http-outgoing-2 << "j)~[0xffffffb8],}[0xffffff9a][0xfffffff8][0xffffffeb]WNd[0x1e][0xffffffa1][0xffffffa6]R_[0xffffffd3][0xffffffd0]~d[0xffffffb0]_[0xfffffff1][0x1c][0xffffff8b][0xfffffffa][0x14][0xfffffffa]N[0xfffffff9]1[0xffffff96]N[0xfffffff1][0xffffffe4][0xffffffad][0xffffffa6][0xffffffbd][0x1][0xfffffff3][0x1b]9[0xfffffff6][0xffffff9f][0xfffffffb][0xffffffac][0xffffffba][0xffffffc9]c[0xffffffba][0xffffffd8][0xffffffa5][0xffffffd9][0xffffffb1][0x1c]w[0xffffff90][0xffffffa2][0xffffffaf][0xffffffc4]t[0x8][0xffffff9e]{[0xffffffaa]!M[0xfffffffb]a9=8[0xffffffa8][0xffffffeb][0xffffff87][0x1]Ay[0x0][0x12][0xfffffff5][0x13]d[0xffffffdc][0xfffffffa][0x1f][0xf]E[0xfffffffc][0xffffffbd][0xffffff87]6+][0xffffffae][0xffffffd4]Zt([0xffffffdf]][0xe][0xffffffa5][0xffffffcf][0xffffffd9]yEJ[0x18][0xffffffc2][0xffffff9c]-;[0xffffffe3][0xffffffcf]k/[0xffffffd7][0xffffff9f][0x1c]{[0xffffffcf][0xffffff8f][0xffffffea]=[0x7f][0xffffffe5][0xffffffc7][0xffffffe9][0xffffffe6][0x4][0xffffff93][0xffffffae]5y[\n]"
09:46:43.592 [main] DEBUG com.github.dockerjava.zerodep.shaded.org.apache.hc.client5.http.wire -- http-outgoing-2 << "[0xffffff87][0xffffffd7]3[0xffffff95]d[0x6][0xffffff97][0xffffffb9]#[0xffffffd7]m*b[0xffffffc8][0xffffffec][0xffffff9a][0x7] [0xfffffff3][0xffffffea][0x0][0xb][0x17][0xffffffa9][0xffffffea]][0xffffffff][0xffffffaf][0xffffffe5][0xffffffd6]3[0xffffffcd][0xffffff96][0xffffffe5]CU$[0xffffffa8]#rE%[0x15]9/[0xffffffc5][0xffffffdd]][0xffffffe7][0xfffffff8]r[0xffffffaf][0xffffffbd]9[0xffffff8b][0xfffffff9]U|[0xffffffcc][0xffffff87][0xffffffd1]<[0xffffffc6][0xffffffe5][0xffffffde][0xffffffb9]"[0xffffff8d]E[\n]"
09:46:43.592 [main] DEBUG com.github.dockerjava.zerodep.shaded.org.apache.hc.client5.http.wire -- http-outgoing-2 << "[0xffffffc6]d[0xffffff95]{[0x1f]1Z[0xffffff84]R[0xffffffa5][0xffffffcf][0xffffffee]VZH[0xffffffe9][0xffffffd2][0xffffff8e]^ [0xffffffd3][0xffffffac][0xffffffb2]k[0xffffff84][0xfffffff0]cD[0xffffffa9][0x7f]G[0xffffff87][0xffffffc6]&[0x1f][0xffffffbd]3[\r]>:[0xfffffff4][0xffffff8a]Y[0xffffffe3][0xffffffc8][0xffffffa6][0xffffffed]p[0xfffffff9][0xffffffef][0xffffffe8][0xffffffd0][0xffffffd8][0xffffffaa][0xffffffa3]7[0xffffff90]O[0x18][0x1d]J[0xfffffffa];:4v[0xffffffe0][0xffffffe8][0xffffffa5][0xffffffea][0x13]F[0xffffff87][0xffffff8e][0xffffffff][0xffffff8e][0xe][0xffffff8d][0xffffffdd][0xffffff82]`^[0xffffffdb]rx[0xfffffff1]<[0xffffff8e][0x0][0xfffffffa][0xffffffdf][0xffffffb5]-[0xffffffb0]G[0xffffff87][0xffffffc6]q[0xffffffff][0xffffff8f]?s[0xffffff82][0xffffffe8][0xffffffd0][0xffffffc3][0xffffffbb][0xfffffff9]q:[0xffffffb0][0xfffffffb]3[0xffffff87]rH[0xffffff9c]/[0xffffffec][0xfffffffe][0xffffffcc][0xffffff91][0x12]e[0x3][0xfffffff5]g[0xffffffe2][0x1a][0xffffffc1]x[0xffffffc5]q[0x13][0xffffffb0][0xfffffffb]3[0xffffff87]w[0xfffffff3][0xffffffe3][0xffffff91]@x[0xffffffc5][0xfffffff1][0xffffffe4]@[0xffffffbd][0xffffffe2]x[0xffffffb1]c[0xfffffffa][0xffffffc2][0xffffff89][0xffffffbc][0xffffffe2][0xffffffc3][0x12][0xffffffc5][0xffffff9b][0xffffffc1][0xffffffee][0x15][0x1f][0xffffff9e][0xffffffa2][0xfffffff8][0xfffffff0]c[0xfffffffa][0xffffffc2][0x9]$[0xffffff98][0xffffffff][0x16]:[0x1f][0xffffff8a]/<[0xfffffffa][0xffffffa0]e[0xffffffc1][0xffffffb6][0x9][0xffffffef]e7[0xffffff83]f/[0xfffffff4]={[0xffffffdb]Y~z[0xfffffffd]G[0xffffff93][0x0][0xffffffcf]P[0xffffffa0]j[0xffffffed][0xfffffff7]i[0xffffffa3][0xffffffdc][0xffffffdb]Y[0xf][0x6][0xffffffb9][0xfffffff8][0xffffff9f]2[0xffffff99][0x1a][0xffffffea]&[0xfffffff9]U[0xffffffc6][0xffffffa2][0xffffffba]T>[0x1b]]_}$[0xfffffffc][0xffffffc3][0xffffffa6][0x2]+[0xfffffffb][0xfffffffd]|#a[0xffffffb6][0xffffff9c][0xffffffa2]6[0xffffffef][0xffffffa7][0xffffffde][0xfffffffe][0xffffff8e][0xffffff82]'[0xffffffd7][0xffffffa3]M[0x3]R[0xffffffd1][0xffffffa1][0xffffff86][0xffffffba][0xffffff96][0xfffffff1][0xffffffe6][0xffffffad]=[0xffffff84][0x1d][0xffffff93][0xffffffdb][0xfffffff2]_[0x15][0xffffffd3][0x17][0xffffffb0][0xffffffad][0x2]Lp[0xffffffa6]i[0xffffffef]'[0xfffffff5][0x17][0xffffffcd]@[0x10][0xfffffff4][0xfffffff4][0xffffffd7][0xffffffc2][0xffffff99][0xfffffff8][0xe][0x8][0xffffffcc][0xffffffee]<n(~[0xfffffffe][0xffffffe8][0x1f][0xffffff83][0xfffffff9]$[0xffffffbb][0xfffffff3][0xffffff9e]t[0x7][0xffffffbd]b[0xfffffff4][0xffffffff][0x1d][0xffffff88][0xffffff94][0xffffff80][0x1]B[0xffffffb9]I`[0x0][0xffffffaa][0xffffffdc]$([0xffffff80][0xffffffb1][0xffffff98][0x13][0x1c]aWn[0xe][0xffffffcf]lB[0x12][0xffffffec][0x16][0xfffffff3][0xffffffa1]9[0xffffff98]P[0x9][0xffffffc0]b>R[0xffffffa2][0xffffff8f][0x10][0xffffff90][0xffffffed].[0x9][0xffffff9b][0xffffffb0][[0xffffffcc][0xffffff87][0xffffffdf]|[0xffffff89]x[0x10][0xffffffcc][0xffffffdb]][0xe]OQ"[0x17][0x4]r[0xffffffbb]K[0xffffffa2]6[0x4]d[0xffffffbb]K[0xffffffa2]7[0xffffffec][0x16][0xfffffff3][0xffffffe1])J[0xffffffcc][0xffffff82]`[0xffffffde][0xffffffee]r[0xffffffa4]D[\r][0x10][0xffffffc8][0xffffffed].[0xffffff89][0xffffffe3][0xffffffa7][0xffffffb1][0xffffff98][0xf]_[0xe]I[0xffffff88][0xffffffb0][[0xffffffcc][0xffffff87][0xffffffa7]([0xffffff89][0xc]v[0xffffff8b][0xfffffff9][0xffffffb0]DI"@-[0xffffffe6]$S[0xffffffe8][0x14][0xffffffdb]][0xffffff8e][0xffffff94]([0xc][0x4][0xffffff85]%=[0xffffff86]`[0xffffffde][0xffffffee]r[0xffffffa4]D[0xffffffed][0x10][0xffffffc8][0xffffffed].Is`(,[0x19][0x1d][0x4][0xffffff85]%[0xffffffd3][0xffffff9f][0xffffff9e][0xffffffc2]|[0xffffffa0]dy[0x8][0xffffffc8][0xfffffff2]<[0xffffffda][0xffffffcb][0x1a]z[\r][0xffffff9c][0xffffffa2][\n]"
09:46:43.592 [main] DEBUG com.github.dockerjava.zerodep.shaded.org.apache.hc.client5.http.wire -- http-outgoing-2 << "[0xffffffb5][0xffffffe4]-[0xffffffaf][0xfffffff5][0xffffffc6]V[0xffffffbc][0x16][0x17]g[0xffffffbe][0xffffffe7]?o[0xffffffd9][0x8][0xb]v#_'[0xffffff99][0xffffffce][0xffffffff][0xfffffff2][0xffffffe8]"[0xffffffda][0xffffffce][0xffffffcc]8[0xffffffca][0xffffffca][0xffffffe3][0xffffff8f][0xffffffab][0xffffffb5][0x1e][0x1a]U[0xfffffffb][[0xffffffe5]{[0x4]M_[0xffffffed][0x1c][0xffffffec][0x1a][0xffffffff]^[0xffffff9e][0xffffffc7][0xb]%[0xffffffdb][0x1f][0xffffffad]/[0xffffffeb][0x9][0xffffff97][0xffffffe7][0xffffffe1]3[0xffffffbf]~K[0xfffffffa]w[0xffffff94]"[0x7][0xffffff94][0xffffff9c]xz[0xffffff8c][0xffffffe3][0xffffff82][0xffffff92]+[0xffffff8e][0xffffffd6][0xffffff98][0xffffffe9]$[0xffffffbb][0xfffffff3][0xffffffca][0xffffffa6][0xffffffbc]~[0x19][0xffffffe2][0xffffffff][0x9]2H[0xffffffee][0x7][0xffffffa8]3sC[0xffffffc9][0x1b]G[0x1f]V[0xffffffe6][0x13]![0xffffffd6][0xffffff95][0xffffffa7][0xffffff8b][0xffffffc2]3[0xffffffbf][0xffffffb9]([0x5][0x17][0xffffff84][0xffffffd0][0xffffff9c][0xffffffc2][0x9][0x1][0xffffffd8][0x11][0xffffff93][0xffffffa2][0x5][0xffffff81][0xffffffdb][0x11][0xffffffc3][\r][0xffffffa5]x[0x1d]s[0xffffffe3]O@W[0xffffffc7][0xffffff8a][0xffffff94][0x9][0xffffff82][0xffffffaf]R[0xffffffea]O[0xffffffcf]W[0xfffffffc]P[0xffffffca][0xffffffd8][0xffffffd1][0xffffff93][0xffffffc4]~[0xffffffc8]Wf[0x7][0xfffffffb]YX[0xffffffff][0xffffffea][0xffffffe3][0x10][0xfffffff6][0xffffffff][0xffffffa3]4C[0xffffffdc][0xffffffd0][0xffffffaf]}[0x1a]Gkt[0xffffff92][0xfffffff4][0xffffffd2]?j[0xffffff94]z[0x1d][0x4]`[0xffffffa5][\n]"
09:46:43.592 [main] DEBUG com.github.dockerjava.zerodep.shaded.org.apache.hc.client5.http.wire -- http-outgoing-2 << "C0[0xffffffaf][0xffffff89]9[0xffffffd4][0xffffffbe]S[0xffffff8d][0xffffff8f][0xffffffd5][0xffffffe8][0xffffffbf][0xffffff80][0xffffffa5][0x7f][0xfffffff0][0xffffffff][0xffffffe8]_[0xffffffcf][0x6][0xffffffa2][0xffffff8c]cbC[0xffffff84]Q[0x1b]jf#[0xffffffa5]}[0xffffff85][0x16]F[0xffffffcb][0xffffffa9][0xffffffd1][0xffffffc2][0xffffff9a]v[0xffffff82][0xffffff81][0xffffffec]sb[0xffffff90][0xffffffc2][0x8]~AG+8[0xffffff8c]f)[0xffffff93][0xffffffbd]5[0xffffff9e][0xffffffc1][0xffffff92]a:[0xffffffca]E[0x1d][0x6][0xffffff8e][0xfffffff3][0x1c][0xffffffc9][0xffffffab][0x1a][0xffffffa7][0xffffffeb][0xffffffa0][0xfffffff9]-[0xffffff89][0xfffffff4]<[0xffffffc2][\n]"
09:46:43.592 [main] DEBUG com.github.dockerjava.zerodep.shaded.org.apache.hc.client5.http.wire -- http-outgoing-2 << "5E[0xffffff9c][0x9][0x12][0xffffffce][0x2][0xc][0xffffffa3]`[0x14][0xffffff8c][0xffffff82]Q0[\n]"
09:46:43.592 [main] DEBUG com.github.dockerjava.zerodep.shaded.org.apache.hc.client5.http.wire -- http-outgoing-2 << "[0xffffff86]/[0x0][0x4][0x0][0x0][0xffffffff][0xffffffff][0xfffffffe][0xffffff95]}e[0x0]|[0x3][0x0][\r][\n]"
09:46:43.592 [main] DEBUG com.github.dockerjava.zerodep.shaded.org.apache.hc.client5.http.wire -- http-outgoing-2 << "0[\r][\n]"
09:46:43.592 [main] DEBUG com.github.dockerjava.zerodep.shaded.org.apache.hc.client5.http.wire -- http-outgoing-2 << "[\r][\n]"
09:46:43.594 [main] DEBUG com.github.dockerjava.zerodep.shaded.org.apache.hc.client5.http.impl.classic.InternalHttpClient -- ep-0000001F: releasing valid endpoint
09:46:43.594 [main] DEBUG com.github.dockerjava.zerodep.shaded.org.apache.hc.client5.http.impl.io.PoolingHttpClientConnectionManager -- ep-0000001F: releasing endpoint
09:46:43.594 [main] DEBUG com.github.dockerjava.zerodep.shaded.org.apache.hc.client5.http.impl.io.PoolingHttpClientConnectionManager -- ep-0000001F: connection http-outgoing-2 can be kept alive for 3 MINUTES
09:46:43.594 [main] DEBUG com.github.dockerjava.zerodep.shaded.org.apache.hc.client5.http.impl.io.PoolingHttpClientConnectionManager -- ep-0000001F: connection released [route: {}->npipe://localhost:2375][total available: 1; route allocated: 1 of 2147483647; total allocated: 1 of 2147483647]
09:46:43.622 [main] DEBUG org.testcontainers.shaded.com.github.dockerjava.core.command.AbstrDockerCmd -- Cmd: 97e7ea18bb67ea513dac811eeb33380abfe4258bada5cedf68fc3ea86d7fd30b,false
09:46:43.624 [main] DEBUG org.testcontainers.shaded.com.github.dockerjava.core.exec.InspectContainerCmdExec -- GET: DefaultWebTarget{path=[/containers/97e7ea18bb67ea513dac811eeb33380abfe4258bada5cedf68fc3ea86d7fd30b/json], queryParams={}}
09:46:43.625 [main] DEBUG com.github.dockerjava.zerodep.shaded.org.apache.hc.client5.http.impl.classic.InternalHttpClient -- ex-00000021: preparing request execution
09:46:43.625 [main] DEBUG com.github.dockerjava.zerodep.shaded.org.apache.hc.client5.http.protocol.RequestAddCookies -- Cookie spec selected: strict
09:46:43.625 [main] DEBUG com.github.dockerjava.zerodep.shaded.org.apache.hc.client5.http.protocol.RequestAuthCache -- Auth cache not set in the context
09:46:43.625 [main] DEBUG com.github.dockerjava.zerodep.shaded.org.apache.hc.client5.http.impl.classic.ProtocolExec -- ex-00000021: target auth state: UNCHALLENGED
09:46:43.625 [main] DEBUG com.github.dockerjava.zerodep.shaded.org.apache.hc.client5.http.impl.classic.ProtocolExec -- ex-00000021: proxy auth state: UNCHALLENGED
09:46:43.625 [main] DEBUG com.github.dockerjava.zerodep.shaded.org.apache.hc.client5.http.impl.classic.ConnectExec -- ex-00000021: acquiring connection with route {}->npipe://localhost:2375
09:46:43.625 [main] DEBUG com.github.dockerjava.zerodep.shaded.org.apache.hc.client5.http.impl.classic.InternalHttpClient -- ex-00000021: acquiring endpoint (3 MINUTES)
09:46:43.626 [main] DEBUG com.github.dockerjava.zerodep.shaded.org.apache.hc.client5.http.impl.io.PoolingHttpClientConnectionManager -- ex-00000021: endpoint lease request (3 MINUTES) [route: {}->npipe://localhost:2375][total available: 1; route allocated: 1 of 2147483647; total allocated: 1 of 2147483647]
09:46:43.626 [main] DEBUG com.github.dockerjava.zerodep.shaded.org.apache.hc.client5.http.impl.io.PoolingHttpClientConnectionManager -- ex-00000021: endpoint leased [route: {}->npipe://localhost:2375][total available: 0; route allocated: 1 of 2147483647; total allocated: 1 of 2147483647]
09:46:43.626 [main] DEBUG com.github.dockerjava.zerodep.shaded.org.apache.hc.client5.http.impl.io.PoolingHttpClientConnectionManager -- ex-00000021: acquired ep-00000020
09:46:43.626 [main] DEBUG com.github.dockerjava.zerodep.shaded.org.apache.hc.client5.http.impl.classic.InternalHttpClient -- ex-00000021: acquired endpoint ep-00000020
09:46:43.626 [main] DEBUG com.github.dockerjava.zerodep.shaded.org.apache.hc.client5.http.impl.classic.MainClientExec -- ex-00000021: executing GET /v1.32/containers/97e7ea18bb67ea513dac811eeb33380abfe4258bada5cedf68fc3ea86d7fd30b/json HTTP/1.1
09:46:43.626 [main] DEBUG com.github.dockerjava.zerodep.shaded.org.apache.hc.client5.http.impl.classic.InternalHttpClient -- ep-00000020: start execution ex-00000021
09:46:43.626 [main] DEBUG com.github.dockerjava.zerodep.shaded.org.apache.hc.client5.http.impl.io.PoolingHttpClientConnectionManager -- ep-00000020: executing exchange ex-00000021 over http-outgoing-2
09:46:43.626 [main] DEBUG com.github.dockerjava.zerodep.shaded.org.apache.hc.client5.http.headers -- http-outgoing-2 >> GET /v1.32/containers/97e7ea18bb67ea513dac811eeb33380abfe4258bada5cedf68fc3ea86d7fd30b/json HTTP/1.1
09:46:43.627 [main] DEBUG com.github.dockerjava.zerodep.shaded.org.apache.hc.client5.http.headers -- http-outgoing-2 >> accept: application/json
09:46:43.627 [main] DEBUG com.github.dockerjava.zerodep.shaded.org.apache.hc.client5.http.headers -- http-outgoing-2 >> x-tc-sid: bfc2ed12-23ce-401f-a1df-f57c73ebd58a
09:46:43.627 [main] DEBUG com.github.dockerjava.zerodep.shaded.org.apache.hc.client5.http.headers -- http-outgoing-2 >> User-Agent: tc-java/1.19.3
09:46:43.627 [main] DEBUG com.github.dockerjava.zerodep.shaded.org.apache.hc.client5.http.headers -- http-outgoing-2 >> Accept-Encoding: gzip, x-gzip, deflate
09:46:43.627 [main] DEBUG com.github.dockerjava.zerodep.shaded.org.apache.hc.client5.http.headers -- http-outgoing-2 >> Host: localhost:2375
09:46:43.627 [main] DEBUG com.github.dockerjava.zerodep.shaded.org.apache.hc.client5.http.headers -- http-outgoing-2 >> Connection: keep-alive
09:46:43.627 [main] DEBUG com.github.dockerjava.zerodep.shaded.org.apache.hc.client5.http.wire -- http-outgoing-2 >> "GET /v1.32/containers/97e7ea18bb67ea513dac811eeb33380abfe4258bada5cedf68fc3ea86d7fd30b/json HTTP/1.1[\r][\n]"
09:46:43.627 [main] DEBUG com.github.dockerjava.zerodep.shaded.org.apache.hc.client5.http.wire -- http-outgoing-2 >> "accept: application/json[\r][\n]"
09:46:43.627 [main] DEBUG com.github.dockerjava.zerodep.shaded.org.apache.hc.client5.http.wire -- http-outgoing-2 >> "x-tc-sid: bfc2ed12-23ce-401f-a1df-f57c73ebd58a[\r][\n]"
09:46:43.627 [main] DEBUG com.github.dockerjava.zerodep.shaded.org.apache.hc.client5.http.wire -- http-outgoing-2 >> "User-Agent: tc-java/1.19.3[\r][\n]"
09:46:43.627 [main] DEBUG com.github.dockerjava.zerodep.shaded.org.apache.hc.client5.http.wire -- http-outgoing-2 >> "Accept-Encoding: gzip, x-gzip, deflate[\r][\n]"
09:46:43.627 [main] DEBUG com.github.dockerjava.zerodep.shaded.org.apache.hc.client5.http.wire -- http-outgoing-2 >> "Host: localhost:2375[\r][\n]"
09:46:43.627 [main] DEBUG com.github.dockerjava.zerodep.shaded.org.apache.hc.client5.http.wire -- http-outgoing-2 >> "Connection: keep-alive[\r][\n]"
09:46:43.627 [main] DEBUG com.github.dockerjava.zerodep.shaded.org.apache.hc.client5.http.wire -- http-outgoing-2 >> "[\r][\n]"
09:46:43.640 [main] DEBUG com.github.dockerjava.zerodep.shaded.org.apache.hc.client5.http.wire -- http-outgoing-2 << "HTTP/1.1 200 OK[\r][\n]"
09:46:43.640 [main] DEBUG com.github.dockerjava.zerodep.shaded.org.apache.hc.client5.http.wire -- http-outgoing-2 << "Api-Version: 1.47[\r][\n]"
09:46:43.640 [main] DEBUG com.github.dockerjava.zerodep.shaded.org.apache.hc.client5.http.wire -- http-outgoing-2 << "Content-Type: application/json[\r][\n]"
09:46:43.640 [main] DEBUG com.github.dockerjava.zerodep.shaded.org.apache.hc.client5.http.wire -- http-outgoing-2 << "Date: Fri, 02 May 2025 07:46:43 GMT[\r][\n]"
09:46:43.640 [main] DEBUG com.github.dockerjava.zerodep.shaded.org.apache.hc.client5.http.wire -- http-outgoing-2 << "Docker-Experimental: false[\r][\n]"
09:46:43.640 [main] DEBUG com.github.dockerjava.zerodep.shaded.org.apache.hc.client5.http.wire -- http-outgoing-2 << "Ostype: linux[\r][\n]"
09:46:43.640 [main] DEBUG com.github.dockerjava.zerodep.shaded.org.apache.hc.client5.http.wire -- http-outgoing-2 << "Server: Docker/27.5.1 (linux)[\r][\n]"
09:46:43.641 [main] DEBUG com.github.dockerjava.zerodep.shaded.org.apache.hc.client5.http.wire -- http-outgoing-2 << "Transfer-Encoding: chunked[\r][\n]"
09:46:43.641 [main] DEBUG com.github.dockerjava.zerodep.shaded.org.apache.hc.client5.http.wire -- http-outgoing-2 << "[\r][\n]"
09:46:43.641 [main] DEBUG com.github.dockerjava.zerodep.shaded.org.apache.hc.client5.http.headers -- http-outgoing-2 << HTTP/1.1 200 OK
09:46:43.641 [main] DEBUG com.github.dockerjava.zerodep.shaded.org.apache.hc.client5.http.headers -- http-outgoing-2 << Api-Version: 1.47
09:46:43.641 [main] DEBUG com.github.dockerjava.zerodep.shaded.org.apache.hc.client5.http.headers -- http-outgoing-2 << Content-Type: application/json
09:46:43.641 [main] DEBUG com.github.dockerjava.zerodep.shaded.org.apache.hc.client5.http.headers -- http-outgoing-2 << Date: Fri, 02 May 2025 07:46:43 GMT
09:46:43.641 [main] DEBUG com.github.dockerjava.zerodep.shaded.org.apache.hc.client5.http.headers -- http-outgoing-2 << Docker-Experimental: false
09:46:43.641 [main] DEBUG com.github.dockerjava.zerodep.shaded.org.apache.hc.client5.http.headers -- http-outgoing-2 << Ostype: linux
09:46:43.641 [main] DEBUG com.github.dockerjava.zerodep.shaded.org.apache.hc.client5.http.headers -- http-outgoing-2 << Server: Docker/27.5.1 (linux)
09:46:43.641 [main] DEBUG com.github.dockerjava.zerodep.shaded.org.apache.hc.client5.http.headers -- http-outgoing-2 << Transfer-Encoding: chunked
09:46:43.641 [main] DEBUG com.github.dockerjava.zerodep.shaded.org.apache.hc.client5.http.impl.classic.MainClientExec -- ex-00000021: connection can be kept alive for 3 MINUTES
09:46:43.642 [main] DEBUG com.github.dockerjava.zerodep.shaded.org.apache.hc.client5.http.wire -- http-outgoing-2 << "1271[\r][\n]"
09:46:43.642 [main] DEBUG com.github.dockerjava.zerodep.shaded.org.apache.hc.client5.http.wire -- http-outgoing-2 << "{"Id":"97e7ea18bb67ea513dac811eeb33380abfe4258bada5cedf68fc3ea86d7fd30b","Created":"2025-05-02T07:46:02.914200013Z","Path":"/bin/sh","Args":["-c","echo 'c2VjcmV0' | base64 -d \u003e /vnc_password \u0026\u0026 flvrec.py -o /screen.flv -d -r 30 -P /vnc_password tc-6DidaMrm 5900"],"State":{"Status":"running","Running":true,"Paused":false,"Restarting":false,"OOMKilled":false,"Dead":false,"Pid":18839,"ExitCode":0,"Error":"","StartedAt":"2025-05-02T07:46:03.323575949Z","FinishedAt":"0001-01-01T00:00:00Z"},"Image":"sha256:97fba4daa01bdb900a0716e48765e32c39e26d9357522a5b6004da7799f0822e","ResolvConfPath":"/var/lib/docker/containers/97e7ea18bb67ea513dac811eeb33380abfe4258bada5cedf68fc3ea86d7fd30b/resolv.conf","HostnamePath":"/var/lib/docker/containers/97e7ea18bb67ea513dac811eeb33380abfe4258bada5cedf68fc3ea86d7fd30b/hostname","HostsPath":"/var/lib/docker/containers/97e7ea18bb67ea513dac811eeb33380abfe4258bada5cedf68fc3ea86d7fd30b/hosts","LogPath":"/var/lib/docker/containers/97e7ea18bb67ea513dac811eeb33380abfe4258bada5cedf68fc3ea86d7fd30b/97e7ea18bb67ea513dac811eeb33380abfe4258bada5cedf68fc3ea86d7fd30b-json.log","Name":"/jolly_easley","RestartCount":0,"Driver":"overlayfs","Platform":"linux","MountLabel":"","ProcessLabel":"","AppArmorProfile":"","ExecIDs":null,"HostConfig":{"Binds":[],"ContainerIDFile":"","LogConfig":{"Type":"json-file","Config":{}},"NetworkMode":"40fa9c662d55c1f903d10321bbbff97566ce50ab076c1b1f83516e59086538b7","PortBindings":{},"RestartPolicy":{"Name":"no","MaximumRetryCount":0},"AutoRemove":false,"VolumeDriver":"","VolumesFrom":[],"ConsoleSize":[0,0],"CapAdd":null,"CapDrop":null,"CgroupnsMode":"host","Dns":null,"DnsOptions":null,"DnsSearch":null,"ExtraHosts":[],"GroupAdd":null,"IpcMode":"shareable","Cgroup":"","Links":null,"OomScoreAdj":0,"PidMode":"","Privileged":false,"PublishAllPorts":false,"ReadonlyRootfs":false,"SecurityOpt":null,"UTSMode":"","UsernsMode":"","ShmSize":67108864,"Runtime":"runc","Isolation":"","CpuShares":0,"Memory":0,"NanoCpus":0,"CgroupParent":"","BlkioWeight":0,"BlkioWeightDevice":null,"BlkioDeviceReadBps":null,"BlkioDeviceWriteBps":null,"BlkioDeviceReadIOps":null,"BlkioDeviceWriteIOps":null,"CpuPeriod":0,"CpuQuota":0,"CpuRealtimePeriod":0,"CpuRealtimeRuntime":0,"CpusetCpus":"","CpusetMems":"","Devices":null,"DeviceCgroupRules":null,"DeviceRequests":null,"MemoryReservation":0,"MemorySwap":0,"MemorySwappiness":null,"OomKillDisable":false,"PidsLimit":null,"Ulimits":null,"CpuCount":0,"CpuPercent":0,"IOMaximumIOps":0,"IOMaximumBandwidth":0,"MaskedPaths":["/proc/asound","/proc/acpi","/proc/kcore","/proc/keys","/proc/latency_stats","/proc/timer_list","/proc/timer_stats","/proc/sched_debug","/proc/scsi","/sys/firmware","/sys/devices/virtual/powercap"],"ReadonlyPaths":["/proc/bus","/proc/fs","/proc/irq","/proc/sys","/proc/sysrq-trigger"]},"GraphDriver":{"Data":null,"Name":"overlayfs"},"Mounts":[],"Config":{"Hostname":"97e7ea18bb67","Domainname":"","User":"","AttachStdin":false,"AttachStdout":false,"AttachStderr":false,"Tty":false,"OpenStdin":false,"StdinOnce":false,"Env":["PATH=/usr/local/sbin:/usr/local/bin:/usr/sbin:/usr/bin:/sbin:/bin"],"Cmd":["-c","echo 'c2VjcmV0' | base64 -d \u003e /vnc_password \u0026\u0026 flvrec.py -o /screen.flv -d -r 30 -P /vnc_password tc-6DidaMrm 5900"],"Image":"testcontainers/vnc-recorder:1.3.0","Volumes":null,"WorkingDir":"","Entrypoint":["/bin/sh"],"OnBuild":null,"Labels":{"Description":"This image can be used to create a sidekick container for recording videos of VNC sessions hosted in other containers","maintainer":"Richard North \u003crich.north@gmail.com\u003e","org.testcontainers":"true","org.testcontainers.lang":"java","org.testcontainers.sessionId":"bfc2ed12-23ce-401f-a1df-f57c73ebd58a","org.testcontainers.version":"1.19.3"}},"NetworkSettings":{"Bridge":"","SandboxID":"4e0f6888aa7d502377ad8794ceb4b1d50821c80a193b1f8ed8e940fb5f025146","SandboxKey":"/var/run/docker/netns/4e0f6888aa7d","Ports":{},"HairpinMode":false,"LinkLocalIPv6Address":"","LinkLocalIPv6PrefixLen":0,"SecondaryIPAddresses":null,"SecondaryIPv6Addresses":null,"EndpointID":"","Gateway":"","Glo"
09:46:43.644 [main] DEBUG com.github.dockerjava.zerodep.shaded.org.apache.hc.client5.http.wire -- http-outgoing-2 << "balIPv6Address":"","GlobalIPv6PrefixLen":0,"IPAddress":"","IPPrefixLen":0,"IPv6Gateway":"","MacAddress":"","Networks":{"680d18ca-38a1-4057-a5d5-0ccd248aa2e8":{"IPAMConfig":null,"Links":null,"Aliases":["tc-zJHYALcj","97e7ea18bb67"],"MacAddress":"02:42:ac:13:00:03","DriverOpts":null,"NetworkID":"40fa9c662d55c1f903d10321bbbff97566ce50ab076c1b1f83516e59086538b7","EndpointID":"35339b3e0b1931e870e5dffb76a022728ed6d07df4da8fe436f1ce6eb44d5646","Gateway":"172.19.0.1","IPAddress":"172.19.0.3","IPPrefixLen":16,"IPv6Gateway":"","GlobalIPv6Address":"","GlobalIPv6PrefixLen":0,"DNSNames":["jolly_easley","tc-zJHYALcj","97e7ea18bb67"]}}}}[\n]"
09:46:43.654 [main] DEBUG com.github.dockerjava.zerodep.shaded.org.apache.hc.client5.http.wire -- http-outgoing-2 << "[\r][\n]"
09:46:43.654 [main] DEBUG com.github.dockerjava.zerodep.shaded.org.apache.hc.client5.http.wire -- http-outgoing-2 << "0[\r][\n]"
09:46:43.654 [main] DEBUG com.github.dockerjava.zerodep.shaded.org.apache.hc.client5.http.wire -- http-outgoing-2 << "[\r][\n]"
09:46:43.654 [main] DEBUG com.github.dockerjava.zerodep.shaded.org.apache.hc.client5.http.impl.classic.InternalHttpClient -- ep-00000020: releasing valid endpoint
09:46:43.654 [main] DEBUG com.github.dockerjava.zerodep.shaded.org.apache.hc.client5.http.impl.io.PoolingHttpClientConnectionManager -- ep-00000020: releasing endpoint
09:46:43.654 [main] DEBUG com.github.dockerjava.zerodep.shaded.org.apache.hc.client5.http.impl.io.PoolingHttpClientConnectionManager -- ep-00000020: connection http-outgoing-2 can be kept alive for 3 MINUTES
09:46:43.654 [main] DEBUG com.github.dockerjava.zerodep.shaded.org.apache.hc.client5.http.impl.io.PoolingHttpClientConnectionManager -- ep-00000020: connection released [route: {}->npipe://localhost:2375][total available: 1; route allocated: 1 of 2147483647; total allocated: 1 of 2147483647]
09:46:43.658 [main] DEBUG org.testcontainers.shaded.com.github.dockerjava.core.command.AbstrDockerCmd -- Cmd: 97e7ea18bb67ea513dac811eeb33380abfe4258bada5cedf68fc3ea86d7fd30b,<null>
09:46:43.659 [main] DEBUG com.github.dockerjava.zerodep.shaded.org.apache.hc.client5.http.impl.classic.InternalHttpClient -- ex-00000022: preparing request execution
09:46:43.660 [main] DEBUG com.github.dockerjava.zerodep.shaded.org.apache.hc.client5.http.protocol.RequestAddCookies -- Cookie spec selected: strict
09:46:43.660 [main] DEBUG com.github.dockerjava.zerodep.shaded.org.apache.hc.client5.http.protocol.RequestAuthCache -- Auth cache not set in the context
09:46:43.660 [main] DEBUG com.github.dockerjava.zerodep.shaded.org.apache.hc.client5.http.impl.classic.ProtocolExec -- ex-00000022: target auth state: UNCHALLENGED
09:46:43.660 [main] DEBUG com.github.dockerjava.zerodep.shaded.org.apache.hc.client5.http.impl.classic.ProtocolExec -- ex-00000022: proxy auth state: UNCHALLENGED
09:46:43.660 [main] DEBUG com.github.dockerjava.zerodep.shaded.org.apache.hc.client5.http.impl.classic.ConnectExec -- ex-00000022: acquiring connection with route {}->npipe://localhost:2375
09:46:43.660 [main] DEBUG com.github.dockerjava.zerodep.shaded.org.apache.hc.client5.http.impl.classic.InternalHttpClient -- ex-00000022: acquiring endpoint (3 MINUTES)
09:46:43.660 [main] DEBUG com.github.dockerjava.zerodep.shaded.org.apache.hc.client5.http.impl.io.PoolingHttpClientConnectionManager -- ex-00000022: endpoint lease request (3 MINUTES) [route: {}->npipe://localhost:2375][total available: 1; route allocated: 1 of 2147483647; total allocated: 1 of 2147483647]
09:46:43.660 [main] DEBUG com.github.dockerjava.zerodep.shaded.org.apache.hc.client5.http.impl.io.PoolingHttpClientConnectionManager -- ex-00000022: endpoint leased [route: {}->npipe://localhost:2375][total available: 0; route allocated: 1 of 2147483647; total allocated: 1 of 2147483647]
09:46:43.660 [main] DEBUG com.github.dockerjava.zerodep.shaded.org.apache.hc.client5.http.impl.io.PoolingHttpClientConnectionManager -- ex-00000022: acquired ep-00000021
09:46:43.660 [main] DEBUG com.github.dockerjava.zerodep.shaded.org.apache.hc.client5.http.impl.classic.InternalHttpClient -- ex-00000022: acquired endpoint ep-00000021
09:46:43.660 [main] DEBUG com.github.dockerjava.zerodep.shaded.org.apache.hc.client5.http.impl.classic.MainClientExec -- ex-00000022: executing POST /v1.32/containers/97e7ea18bb67ea513dac811eeb33380abfe4258bada5cedf68fc3ea86d7fd30b/kill HTTP/1.1
09:46:43.660 [main] DEBUG com.github.dockerjava.zerodep.shaded.org.apache.hc.client5.http.impl.classic.InternalHttpClient -- ep-00000021: start execution ex-00000022
09:46:43.660 [main] DEBUG com.github.dockerjava.zerodep.shaded.org.apache.hc.client5.http.impl.io.PoolingHttpClientConnectionManager -- ep-00000021: executing exchange ex-00000022 over http-outgoing-2
09:46:43.660 [main] DEBUG com.github.dockerjava.zerodep.shaded.org.apache.hc.client5.http.headers -- http-outgoing-2 >> POST /v1.32/containers/97e7ea18bb67ea513dac811eeb33380abfe4258bada5cedf68fc3ea86d7fd30b/kill HTTP/1.1
09:46:43.660 [main] DEBUG com.github.dockerjava.zerodep.shaded.org.apache.hc.client5.http.headers -- http-outgoing-2 >> accept: application/json
09:46:43.660 [main] DEBUG com.github.dockerjava.zerodep.shaded.org.apache.hc.client5.http.headers -- http-outgoing-2 >> content-type: application/json
09:46:43.660 [main] DEBUG com.github.dockerjava.zerodep.shaded.org.apache.hc.client5.http.headers -- http-outgoing-2 >> x-tc-sid: bfc2ed12-23ce-401f-a1df-f57c73ebd58a
09:46:43.660 [main] DEBUG com.github.dockerjava.zerodep.shaded.org.apache.hc.client5.http.headers -- http-outgoing-2 >> User-Agent: tc-java/1.19.3
09:46:43.660 [main] DEBUG com.github.dockerjava.zerodep.shaded.org.apache.hc.client5.http.headers -- http-outgoing-2 >> Accept-Encoding: gzip, x-gzip, deflate
09:46:43.660 [main] DEBUG com.github.dockerjava.zerodep.shaded.org.apache.hc.client5.http.headers -- http-outgoing-2 >> Host: localhost:2375
09:46:43.660 [main] DEBUG com.github.dockerjava.zerodep.shaded.org.apache.hc.client5.http.headers -- http-outgoing-2 >> Connection: keep-alive
09:46:43.660 [main] DEBUG com.github.dockerjava.zerodep.shaded.org.apache.hc.client5.http.wire -- http-outgoing-2 >> "POST /v1.32/containers/97e7ea18bb67ea513dac811eeb33380abfe4258bada5cedf68fc3ea86d7fd30b/kill HTTP/1.1[\r][\n]"
09:46:43.660 [main] DEBUG com.github.dockerjava.zerodep.shaded.org.apache.hc.client5.http.wire -- http-outgoing-2 >> "accept: application/json[\r][\n]"
09:46:43.660 [main] DEBUG com.github.dockerjava.zerodep.shaded.org.apache.hc.client5.http.wire -- http-outgoing-2 >> "content-type: application/json[\r][\n]"
09:46:43.660 [main] DEBUG com.github.dockerjava.zerodep.shaded.org.apache.hc.client5.http.wire -- http-outgoing-2 >> "x-tc-sid: bfc2ed12-23ce-401f-a1df-f57c73ebd58a[\r][\n]"
09:46:43.660 [main] DEBUG com.github.dockerjava.zerodep.shaded.org.apache.hc.client5.http.wire -- http-outgoing-2 >> "User-Agent: tc-java/1.19.3[\r][\n]"
09:46:43.660 [main] DEBUG com.github.dockerjava.zerodep.shaded.org.apache.hc.client5.http.wire -- http-outgoing-2 >> "Accept-Encoding: gzip, x-gzip, deflate[\r][\n]"
09:46:43.660 [main] DEBUG com.github.dockerjava.zerodep.shaded.org.apache.hc.client5.http.wire -- http-outgoing-2 >> "Host: localhost:2375[\r][\n]"
09:46:43.660 [main] DEBUG com.github.dockerjava.zerodep.shaded.org.apache.hc.client5.http.wire -- http-outgoing-2 >> "Connection: keep-alive[\r][\n]"
09:46:43.660 [main] DEBUG com.github.dockerjava.zerodep.shaded.org.apache.hc.client5.http.wire -- http-outgoing-2 >> "[\r][\n]"
09:46:44.224 [main] DEBUG com.github.dockerjava.zerodep.shaded.org.apache.hc.client5.http.wire -- http-outgoing-2 << "HTTP/1.1 204 No Content[\r][\n]"
09:46:44.224 [main] DEBUG com.github.dockerjava.zerodep.shaded.org.apache.hc.client5.http.wire -- http-outgoing-2 << "Api-Version: 1.47[\r][\n]"
09:46:44.224 [main] DEBUG com.github.dockerjava.zerodep.shaded.org.apache.hc.client5.http.wire -- http-outgoing-2 << "Date: Fri, 02 May 2025 07:46:44 GMT[\r][\n]"
09:46:44.224 [main] DEBUG com.github.dockerjava.zerodep.shaded.org.apache.hc.client5.http.wire -- http-outgoing-2 << "Docker-Experimental: false[\r][\n]"
09:46:44.224 [main] DEBUG com.github.dockerjava.zerodep.shaded.org.apache.hc.client5.http.wire -- http-outgoing-2 << "Ostype: linux[\r][\n]"
09:46:44.224 [main] DEBUG com.github.dockerjava.zerodep.shaded.org.apache.hc.client5.http.wire -- http-outgoing-2 << "Server: Docker/27.5.1 (linux)[\r][\n]"
09:46:44.224 [main] DEBUG com.github.dockerjava.zerodep.shaded.org.apache.hc.client5.http.wire -- http-outgoing-2 << "[\r][\n]"
09:46:44.224 [main] DEBUG com.github.dockerjava.zerodep.shaded.org.apache.hc.client5.http.headers -- http-outgoing-2 << HTTP/1.1 204 No Content
09:46:44.224 [main] DEBUG com.github.dockerjava.zerodep.shaded.org.apache.hc.client5.http.headers -- http-outgoing-2 << Api-Version: 1.47
09:46:44.224 [main] DEBUG com.github.dockerjava.zerodep.shaded.org.apache.hc.client5.http.headers -- http-outgoing-2 << Date: Fri, 02 May 2025 07:46:44 GMT
09:46:44.224 [main] DEBUG com.github.dockerjava.zerodep.shaded.org.apache.hc.client5.http.headers -- http-outgoing-2 << Docker-Experimental: false
09:46:44.224 [main] DEBUG com.github.dockerjava.zerodep.shaded.org.apache.hc.client5.http.headers -- http-outgoing-2 << Ostype: linux
09:46:44.224 [main] DEBUG com.github.dockerjava.zerodep.shaded.org.apache.hc.client5.http.headers -- http-outgoing-2 << Server: Docker/27.5.1 (linux)
09:46:44.224 [main] DEBUG com.github.dockerjava.zerodep.shaded.org.apache.hc.client5.http.impl.classic.MainClientExec -- ex-00000022: connection can be kept alive for 3 MINUTES
09:46:44.224 [main] DEBUG com.github.dockerjava.zerodep.shaded.org.apache.hc.client5.http.impl.classic.InternalHttpClient -- ep-00000021: releasing valid endpoint
09:46:44.224 [main] DEBUG com.github.dockerjava.zerodep.shaded.org.apache.hc.client5.http.impl.io.PoolingHttpClientConnectionManager -- ep-00000021: releasing endpoint
09:46:44.224 [main] DEBUG com.github.dockerjava.zerodep.shaded.org.apache.hc.client5.http.impl.io.PoolingHttpClientConnectionManager -- ep-00000021: connection http-outgoing-2 can be kept alive for 3 MINUTES
09:46:44.224 [main] DEBUG com.github.dockerjava.zerodep.shaded.org.apache.hc.client5.http.impl.io.PoolingHttpClientConnectionManager -- ep-00000021: connection released [route: {}->npipe://localhost:2375][total available: 1; route allocated: 1 of 2147483647; total allocated: 1 of 2147483647]
09:46:44.225 [main] DEBUG org.testcontainers.shaded.com.github.dockerjava.core.command.AbstrDockerCmd -- Cmd: 97e7ea18bb67ea513dac811eeb33380abfe4258bada5cedf68fc3ea86d7fd30b,false
09:46:44.225 [main] DEBUG org.testcontainers.shaded.com.github.dockerjava.core.exec.InspectContainerCmdExec -- GET: DefaultWebTarget{path=[/containers/97e7ea18bb67ea513dac811eeb33380abfe4258bada5cedf68fc3ea86d7fd30b/json], queryParams={}}
09:46:44.226 [main] DEBUG com.github.dockerjava.zerodep.shaded.org.apache.hc.client5.http.impl.classic.InternalHttpClient -- ex-00000023: preparing request execution
09:46:44.226 [main] DEBUG com.github.dockerjava.zerodep.shaded.org.apache.hc.client5.http.protocol.RequestAddCookies -- Cookie spec selected: strict
09:46:44.226 [main] DEBUG com.github.dockerjava.zerodep.shaded.org.apache.hc.client5.http.protocol.RequestAuthCache -- Auth cache not set in the context
09:46:44.226 [main] DEBUG com.github.dockerjava.zerodep.shaded.org.apache.hc.client5.http.impl.classic.ProtocolExec -- ex-00000023: target auth state: UNCHALLENGED
09:46:44.226 [main] DEBUG com.github.dockerjava.zerodep.shaded.org.apache.hc.client5.http.impl.classic.ProtocolExec -- ex-00000023: proxy auth state: UNCHALLENGED
09:46:44.226 [main] DEBUG com.github.dockerjava.zerodep.shaded.org.apache.hc.client5.http.impl.classic.ConnectExec -- ex-00000023: acquiring connection with route {}->npipe://localhost:2375
09:46:44.226 [main] DEBUG com.github.dockerjava.zerodep.shaded.org.apache.hc.client5.http.impl.classic.InternalHttpClient -- ex-00000023: acquiring endpoint (3 MINUTES)
09:46:44.227 [main] DEBUG com.github.dockerjava.zerodep.shaded.org.apache.hc.client5.http.impl.io.PoolingHttpClientConnectionManager -- ex-00000023: endpoint lease request (3 MINUTES) [route: {}->npipe://localhost:2375][total available: 1; route allocated: 1 of 2147483647; total allocated: 1 of 2147483647]
09:46:44.227 [main] DEBUG com.github.dockerjava.zerodep.shaded.org.apache.hc.client5.http.impl.io.PoolingHttpClientConnectionManager -- ex-00000023: endpoint leased [route: {}->npipe://localhost:2375][total available: 0; route allocated: 1 of 2147483647; total allocated: 1 of 2147483647]
09:46:44.227 [main] DEBUG com.github.dockerjava.zerodep.shaded.org.apache.hc.client5.http.impl.io.PoolingHttpClientConnectionManager -- ex-00000023: acquired ep-00000022
09:46:44.228 [main] DEBUG com.github.dockerjava.zerodep.shaded.org.apache.hc.client5.http.impl.classic.InternalHttpClient -- ex-00000023: acquired endpoint ep-00000022
09:46:44.228 [main] DEBUG com.github.dockerjava.zerodep.shaded.org.apache.hc.client5.http.impl.classic.MainClientExec -- ex-00000023: executing GET /v1.32/containers/97e7ea18bb67ea513dac811eeb33380abfe4258bada5cedf68fc3ea86d7fd30b/json HTTP/1.1
09:46:44.228 [main] DEBUG com.github.dockerjava.zerodep.shaded.org.apache.hc.client5.http.impl.classic.InternalHttpClient -- ep-00000022: start execution ex-00000023
09:46:44.228 [main] DEBUG com.github.dockerjava.zerodep.shaded.org.apache.hc.client5.http.impl.io.PoolingHttpClientConnectionManager -- ep-00000022: executing exchange ex-00000023 over http-outgoing-2
09:46:44.228 [main] DEBUG com.github.dockerjava.zerodep.shaded.org.apache.hc.client5.http.headers -- http-outgoing-2 >> GET /v1.32/containers/97e7ea18bb67ea513dac811eeb33380abfe4258bada5cedf68fc3ea86d7fd30b/json HTTP/1.1
09:46:44.228 [main] DEBUG com.github.dockerjava.zerodep.shaded.org.apache.hc.client5.http.headers -- http-outgoing-2 >> accept: application/json
09:46:44.228 [main] DEBUG com.github.dockerjava.zerodep.shaded.org.apache.hc.client5.http.headers -- http-outgoing-2 >> x-tc-sid: bfc2ed12-23ce-401f-a1df-f57c73ebd58a
09:46:44.228 [main] DEBUG com.github.dockerjava.zerodep.shaded.org.apache.hc.client5.http.headers -- http-outgoing-2 >> User-Agent: tc-java/1.19.3
09:46:44.228 [main] DEBUG com.github.dockerjava.zerodep.shaded.org.apache.hc.client5.http.headers -- http-outgoing-2 >> Accept-Encoding: gzip, x-gzip, deflate
09:46:44.228 [main] DEBUG com.github.dockerjava.zerodep.shaded.org.apache.hc.client5.http.headers -- http-outgoing-2 >> Host: localhost:2375
09:46:44.228 [main] DEBUG com.github.dockerjava.zerodep.shaded.org.apache.hc.client5.http.headers -- http-outgoing-2 >> Connection: keep-alive
09:46:44.228 [main] DEBUG com.github.dockerjava.zerodep.shaded.org.apache.hc.client5.http.wire -- http-outgoing-2 >> "GET /v1.32/containers/97e7ea18bb67ea513dac811eeb33380abfe4258bada5cedf68fc3ea86d7fd30b/json HTTP/1.1[\r][\n]"
09:46:44.228 [main] DEBUG com.github.dockerjava.zerodep.shaded.org.apache.hc.client5.http.wire -- http-outgoing-2 >> "accept: application/json[\r][\n]"
09:46:44.228 [main] DEBUG com.github.dockerjava.zerodep.shaded.org.apache.hc.client5.http.wire -- http-outgoing-2 >> "x-tc-sid: bfc2ed12-23ce-401f-a1df-f57c73ebd58a[\r][\n]"
09:46:44.228 [main] DEBUG com.github.dockerjava.zerodep.shaded.org.apache.hc.client5.http.wire -- http-outgoing-2 >> "User-Agent: tc-java/1.19.3[\r][\n]"
09:46:44.228 [main] DEBUG com.github.dockerjava.zerodep.shaded.org.apache.hc.client5.http.wire -- http-outgoing-2 >> "Accept-Encoding: gzip, x-gzip, deflate[\r][\n]"
09:46:44.228 [main] DEBUG com.github.dockerjava.zerodep.shaded.org.apache.hc.client5.http.wire -- http-outgoing-2 >> "Host: localhost:2375[\r][\n]"
09:46:44.228 [main] DEBUG com.github.dockerjava.zerodep.shaded.org.apache.hc.client5.http.wire -- http-outgoing-2 >> "Connection: keep-alive[\r][\n]"
09:46:44.228 [main] DEBUG com.github.dockerjava.zerodep.shaded.org.apache.hc.client5.http.wire -- http-outgoing-2 >> "[\r][\n]"
09:46:44.245 [main] DEBUG com.github.dockerjava.zerodep.shaded.org.apache.hc.client5.http.wire -- http-outgoing-2 << "HTTP/1.1 200 OK[\r][\n]"
09:46:44.245 [main] DEBUG com.github.dockerjava.zerodep.shaded.org.apache.hc.client5.http.wire -- http-outgoing-2 << "Api-Version: 1.47[\r][\n]"
09:46:44.245 [main] DEBUG com.github.dockerjava.zerodep.shaded.org.apache.hc.client5.http.wire -- http-outgoing-2 << "Content-Type: application/json[\r][\n]"
09:46:44.245 [main] DEBUG com.github.dockerjava.zerodep.shaded.org.apache.hc.client5.http.wire -- http-outgoing-2 << "Date: Fri, 02 May 2025 07:46:44 GMT[\r][\n]"
09:46:44.245 [main] DEBUG com.github.dockerjava.zerodep.shaded.org.apache.hc.client5.http.wire -- http-outgoing-2 << "Docker-Experimental: false[\r][\n]"
09:46:44.245 [main] DEBUG com.github.dockerjava.zerodep.shaded.org.apache.hc.client5.http.wire -- http-outgoing-2 << "Ostype: linux[\r][\n]"
09:46:44.245 [main] DEBUG com.github.dockerjava.zerodep.shaded.org.apache.hc.client5.http.wire -- http-outgoing-2 << "Server: Docker/27.5.1 (linux)[\r][\n]"
09:46:44.245 [main] DEBUG com.github.dockerjava.zerodep.shaded.org.apache.hc.client5.http.wire -- http-outgoing-2 << "Transfer-Encoding: chunked[\r][\n]"
09:46:44.245 [main] DEBUG com.github.dockerjava.zerodep.shaded.org.apache.hc.client5.http.wire -- http-outgoing-2 << "[\r][\n]"
09:46:44.245 [main] DEBUG com.github.dockerjava.zerodep.shaded.org.apache.hc.client5.http.headers -- http-outgoing-2 << HTTP/1.1 200 OK
09:46:44.245 [main] DEBUG com.github.dockerjava.zerodep.shaded.org.apache.hc.client5.http.headers -- http-outgoing-2 << Api-Version: 1.47
09:46:44.245 [main] DEBUG com.github.dockerjava.zerodep.shaded.org.apache.hc.client5.http.headers -- http-outgoing-2 << Content-Type: application/json
09:46:44.245 [main] DEBUG com.github.dockerjava.zerodep.shaded.org.apache.hc.client5.http.headers -- http-outgoing-2 << Date: Fri, 02 May 2025 07:46:44 GMT
09:46:44.245 [main] DEBUG com.github.dockerjava.zerodep.shaded.org.apache.hc.client5.http.headers -- http-outgoing-2 << Docker-Experimental: false
09:46:44.245 [main] DEBUG com.github.dockerjava.zerodep.shaded.org.apache.hc.client5.http.headers -- http-outgoing-2 << Ostype: linux
09:46:44.245 [main] DEBUG com.github.dockerjava.zerodep.shaded.org.apache.hc.client5.http.headers -- http-outgoing-2 << Server: Docker/27.5.1 (linux)
09:46:44.245 [main] DEBUG com.github.dockerjava.zerodep.shaded.org.apache.hc.client5.http.headers -- http-outgoing-2 << Transfer-Encoding: chunked
09:46:44.245 [main] DEBUG com.github.dockerjava.zerodep.shaded.org.apache.hc.client5.http.impl.classic.MainClientExec -- ex-00000023: connection can be kept alive for 3 MINUTES
09:46:44.256 [main] DEBUG com.github.dockerjava.zerodep.shaded.org.apache.hc.client5.http.wire -- http-outgoing-2 << "11b1[\r][\n]"
09:46:44.261 [main] DEBUG com.github.dockerjava.zerodep.shaded.org.apache.hc.client5.http.wire -- http-outgoing-2 << "{"Id":"97e7ea18bb67ea513dac811eeb33380abfe4258bada5cedf68fc3ea86d7fd30b","Created":"2025-05-02T07:46:02.914200013Z","Path":"/bin/sh","Args":["-c","echo 'c2VjcmV0' | base64 -d \u003e /vnc_password \u0026\u0026 flvrec.py -o /screen.flv -d -r 30 -P /vnc_password tc-6DidaMrm 5900"],"State":{"Status":"exited","Running":false,"Paused":false,"Restarting":false,"OOMKilled":false,"Dead":false,"Pid":0,"ExitCode":137,"Error":"","StartedAt":"2025-05-02T07:46:03.323575949Z","FinishedAt":"2025-05-02T07:46:43.761748806Z"},"Image":"sha256:97fba4daa01bdb900a0716e48765e32c39e26d9357522a5b6004da7799f0822e","ResolvConfPath":"/var/lib/docker/containers/97e7ea18bb67ea513dac811eeb33380abfe4258bada5cedf68fc3ea86d7fd30b/resolv.conf","HostnamePath":"/var/lib/docker/containers/97e7ea18bb67ea513dac811eeb33380abfe4258bada5cedf68fc3ea86d7fd30b/hostname","HostsPath":"/var/lib/docker/containers/97e7ea18bb67ea513dac811eeb33380abfe4258bada5cedf68fc3ea86d7fd30b/hosts","LogPath":"/var/lib/docker/containers/97e7ea18bb67ea513dac811eeb33380abfe4258bada5cedf68fc3ea86d7fd30b/97e7ea18bb67ea513dac811eeb33380abfe4258bada5cedf68fc3ea86d7fd30b-json.log","Name":"/jolly_easley","RestartCount":0,"Driver":"overlayfs","Platform":"linux","MountLabel":"","ProcessLabel":"","AppArmorProfile":"","ExecIDs":null,"HostConfig":{"Binds":[],"ContainerIDFile":"","LogConfig":{"Type":"json-file","Config":{}},"NetworkMode":"40fa9c662d55c1f903d10321bbbff97566ce50ab076c1b1f83516e59086538b7","PortBindings":{},"RestartPolicy":{"Name":"no","MaximumRetryCount":0},"AutoRemove":false,"VolumeDriver":"","VolumesFrom":[],"ConsoleSize":[0,0],"CapAdd":null,"CapDrop":null,"CgroupnsMode":"host","Dns":null,"DnsOptions":null,"DnsSearch":null,"ExtraHosts":[],"GroupAdd":null,"IpcMode":"shareable","Cgroup":"","Links":null,"OomScoreAdj":0,"PidMode":"","Privileged":false,"PublishAllPorts":false,"ReadonlyRootfs":false,"SecurityOpt":null,"UTSMode":"","UsernsMode":"","ShmSize":67108864,"Runtime":"runc","Isolation":"","CpuShares":0,"Memory":0,"NanoCpus":0,"CgroupParent":"","BlkioWeight":0,"BlkioWeightDevice":null,"BlkioDeviceReadBps":null,"BlkioDeviceWriteBps":null,"BlkioDeviceReadIOps":null,"BlkioDeviceWriteIOps":null,"CpuPeriod":0,"CpuQuota":0,"CpuRealtimePeriod":0,"CpuRealtimeRuntime":0,"CpusetCpus":"","CpusetMems":"","Devices":null,"DeviceCgroupRules":null,"DeviceRequests":null,"MemoryReservation":0,"MemorySwap":0,"MemorySwappiness":null,"OomKillDisable":false,"PidsLimit":null,"Ulimits":null,"CpuCount":0,"CpuPercent":0,"IOMaximumIOps":0,"IOMaximumBandwidth":0,"MaskedPaths":["/proc/asound","/proc/acpi","/proc/kcore","/proc/keys","/proc/latency_stats","/proc/timer_list","/proc/timer_stats","/proc/sched_debug","/proc/scsi","/sys/firmware","/sys/devices/virtual/powercap"],"ReadonlyPaths":["/proc/bus","/proc/fs","/proc/irq","/proc/sys","/proc/sysrq-trigger"]},"GraphDriver":{"Data":null,"Name":"overlayfs"},"Mounts":[],"Config":{"Hostname":"97e7ea18bb67","Domainname":"","User":"","AttachStdin":false,"AttachStdout":false,"AttachStderr":false,"Tty":false,"OpenStdin":false,"StdinOnce":false,"Env":["PATH=/usr/local/sbin:/usr/local/bin:/usr/sbin:/usr/bin:/sbin:/bin"],"Cmd":["-c","echo 'c2VjcmV0' | base64 -d \u003e /vnc_password \u0026\u0026 flvrec.py -o /screen.flv -d -r 30 -P /vnc_password tc-6DidaMrm 5900"],"Image":"testcontainers/vnc-recorder:1.3.0","Volumes":null,"WorkingDir":"","Entrypoint":["/bin/sh"],"OnBuild":null,"Labels":{"Description":"This image can be used to create a sidekick container for recording videos of VNC sessions hosted in other containers","maintainer":"Richard North \u003crich.north@gmail.com\u003e","org.testcontainers":"true","org.testcontainers.lang":"java","org.testcontainers.sessionId":"bfc2ed12-23ce-401f-a1df-f57c73ebd58a","org.testcontainers.version":"1.19.3"}},"NetworkSettings":{"Bridge":"","SandboxID":"","SandboxKey":"","Ports":{},"HairpinMode":false,"LinkLocalIPv6Address":"","LinkLocalIPv6PrefixLen":0,"SecondaryIPAddresses":null,"SecondaryIPv6Addresses":null,"EndpointID":"","Gateway":"","GlobalIPv6Address":"","GlobalIPv6PrefixLen":0,"IPAddress":"","IPPrefixLen":0,"IPv6Gateway":"""
09:46:44.276 [main] DEBUG com.github.dockerjava.zerodep.shaded.org.apache.hc.client5.http.wire -- http-outgoing-2 << ","MacAddress":"","Networks":{"680d18ca-38a1-4057-a5d5-0ccd248aa2e8":{"IPAMConfig":null,"Links":null,"Aliases":["tc-zJHYALcj","97e7ea18bb67"],"MacAddress":"","DriverOpts":null,"NetworkID":"40fa9c662d55c1f903d10321bbbff97566ce50ab076c1b1f83516e59086538b7","EndpointID":"","Gateway":"","IPAddress":"","IPPrefixLen":0,"IPv6Gateway":"","GlobalIPv6Address":"","GlobalIPv6PrefixLen":0,"DNSNames":["jolly_easley","tc-zJHYALcj","97e7ea18bb67"]}}}}[\n]"
09:46:44.276 [main] DEBUG com.github.dockerjava.zerodep.shaded.org.apache.hc.client5.http.wire -- http-outgoing-2 << "[\r][\n]"
09:46:44.276 [main] DEBUG com.github.dockerjava.zerodep.shaded.org.apache.hc.client5.http.wire -- http-outgoing-2 << "0[\r][\n]"
09:46:44.276 [main] DEBUG com.github.dockerjava.zerodep.shaded.org.apache.hc.client5.http.wire -- http-outgoing-2 << "[\r][\n]"
09:46:44.287 [main] DEBUG com.github.dockerjava.zerodep.shaded.org.apache.hc.client5.http.impl.classic.InternalHttpClient -- ep-00000022: releasing valid endpoint
09:46:44.287 [main] DEBUG com.github.dockerjava.zerodep.shaded.org.apache.hc.client5.http.impl.io.PoolingHttpClientConnectionManager -- ep-00000022: releasing endpoint
09:46:44.288 [main] DEBUG com.github.dockerjava.zerodep.shaded.org.apache.hc.client5.http.impl.io.PoolingHttpClientConnectionManager -- ep-00000022: connection http-outgoing-2 can be kept alive for 3 MINUTES
09:46:44.289 [main] DEBUG com.github.dockerjava.zerodep.shaded.org.apache.hc.client5.http.impl.io.PoolingHttpClientConnectionManager -- ep-00000022: connection released [route: {}->npipe://localhost:2375][total available: 1; route allocated: 1 of 2147483647; total allocated: 1 of 2147483647]
09:46:44.295 [main] DEBUG org.testcontainers.shaded.com.github.dockerjava.core.command.AbstrDockerCmd -- Cmd: 97e7ea18bb67ea513dac811eeb33380abfe4258bada5cedf68fc3ea86d7fd30b,true,true
09:46:44.304 [main] DEBUG com.github.dockerjava.zerodep.shaded.org.apache.hc.client5.http.impl.classic.InternalHttpClient -- ex-00000024: preparing request execution
09:46:44.304 [main] DEBUG com.github.dockerjava.zerodep.shaded.org.apache.hc.client5.http.protocol.RequestAddCookies -- Cookie spec selected: strict
09:46:44.304 [main] DEBUG com.github.dockerjava.zerodep.shaded.org.apache.hc.client5.http.protocol.RequestAuthCache -- Auth cache not set in the context
09:46:44.304 [main] DEBUG com.github.dockerjava.zerodep.shaded.org.apache.hc.client5.http.impl.classic.ProtocolExec -- ex-00000024: target auth state: UNCHALLENGED
09:46:44.304 [main] DEBUG com.github.dockerjava.zerodep.shaded.org.apache.hc.client5.http.impl.classic.ProtocolExec -- ex-00000024: proxy auth state: UNCHALLENGED
09:46:44.304 [main] DEBUG com.github.dockerjava.zerodep.shaded.org.apache.hc.client5.http.impl.classic.ConnectExec -- ex-00000024: acquiring connection with route {}->npipe://localhost:2375
09:46:44.304 [main] DEBUG com.github.dockerjava.zerodep.shaded.org.apache.hc.client5.http.impl.classic.InternalHttpClient -- ex-00000024: acquiring endpoint (3 MINUTES)
09:46:44.305 [main] DEBUG com.github.dockerjava.zerodep.shaded.org.apache.hc.client5.http.impl.io.PoolingHttpClientConnectionManager -- ex-00000024: endpoint lease request (3 MINUTES) [route: {}->npipe://localhost:2375][total available: 1; route allocated: 1 of 2147483647; total allocated: 1 of 2147483647]
09:46:44.305 [main] DEBUG com.github.dockerjava.zerodep.shaded.org.apache.hc.client5.http.impl.io.PoolingHttpClientConnectionManager -- ex-00000024: endpoint leased [route: {}->npipe://localhost:2375][total available: 0; route allocated: 1 of 2147483647; total allocated: 1 of 2147483647]
09:46:44.305 [main] DEBUG com.github.dockerjava.zerodep.shaded.org.apache.hc.client5.http.impl.io.PoolingHttpClientConnectionManager -- ex-00000024: acquired ep-00000023
09:46:44.305 [main] DEBUG com.github.dockerjava.zerodep.shaded.org.apache.hc.client5.http.impl.classic.InternalHttpClient -- ex-00000024: acquired endpoint ep-00000023
09:46:44.305 [main] DEBUG com.github.dockerjava.zerodep.shaded.org.apache.hc.client5.http.impl.classic.MainClientExec -- ex-00000024: executing DELETE /v1.32/containers/97e7ea18bb67ea513dac811eeb33380abfe4258bada5cedf68fc3ea86d7fd30b?v=true&force=true HTTP/1.1
09:46:44.305 [main] DEBUG com.github.dockerjava.zerodep.shaded.org.apache.hc.client5.http.impl.classic.InternalHttpClient -- ep-00000023: start execution ex-00000024
09:46:44.305 [main] DEBUG com.github.dockerjava.zerodep.shaded.org.apache.hc.client5.http.impl.io.PoolingHttpClientConnectionManager -- ep-00000023: executing exchange ex-00000024 over http-outgoing-2
09:46:44.306 [main] DEBUG com.github.dockerjava.zerodep.shaded.org.apache.hc.client5.http.headers -- http-outgoing-2 >> DELETE /v1.32/containers/97e7ea18bb67ea513dac811eeb33380abfe4258bada5cedf68fc3ea86d7fd30b?v=true&force=true HTTP/1.1
09:46:44.306 [main] DEBUG com.github.dockerjava.zerodep.shaded.org.apache.hc.client5.http.headers -- http-outgoing-2 >> accept: application/json
09:46:44.306 [main] DEBUG com.github.dockerjava.zerodep.shaded.org.apache.hc.client5.http.headers -- http-outgoing-2 >> x-tc-sid: bfc2ed12-23ce-401f-a1df-f57c73ebd58a
09:46:44.306 [main] DEBUG com.github.dockerjava.zerodep.shaded.org.apache.hc.client5.http.headers -- http-outgoing-2 >> User-Agent: tc-java/1.19.3
09:46:44.306 [main] DEBUG com.github.dockerjava.zerodep.shaded.org.apache.hc.client5.http.headers -- http-outgoing-2 >> Accept-Encoding: gzip, x-gzip, deflate
09:46:44.306 [main] DEBUG com.github.dockerjava.zerodep.shaded.org.apache.hc.client5.http.headers -- http-outgoing-2 >> Host: localhost:2375
09:46:44.306 [main] DEBUG com.github.dockerjava.zerodep.shaded.org.apache.hc.client5.http.headers -- http-outgoing-2 >> Connection: keep-alive
09:46:44.306 [main] DEBUG com.github.dockerjava.zerodep.shaded.org.apache.hc.client5.http.wire -- http-outgoing-2 >> "DELETE /v1.32/containers/97e7ea18bb67ea513dac811eeb33380abfe4258bada5cedf68fc3ea86d7fd30b?v=true&force=true HTTP/1.1[\r][\n]"
09:46:44.306 [main] DEBUG com.github.dockerjava.zerodep.shaded.org.apache.hc.client5.http.wire -- http-outgoing-2 >> "accept: application/json[\r][\n]"
09:46:44.306 [main] DEBUG com.github.dockerjava.zerodep.shaded.org.apache.hc.client5.http.wire -- http-outgoing-2 >> "x-tc-sid: bfc2ed12-23ce-401f-a1df-f57c73ebd58a[\r][\n]"
09:46:44.306 [main] DEBUG com.github.dockerjava.zerodep.shaded.org.apache.hc.client5.http.wire -- http-outgoing-2 >> "User-Agent: tc-java/1.19.3[\r][\n]"
09:46:44.306 [main] DEBUG com.github.dockerjava.zerodep.shaded.org.apache.hc.client5.http.wire -- http-outgoing-2 >> "Accept-Encoding: gzip, x-gzip, deflate[\r][\n]"
09:46:44.306 [main] DEBUG com.github.dockerjava.zerodep.shaded.org.apache.hc.client5.http.wire -- http-outgoing-2 >> "Host: localhost:2375[\r][\n]"
09:46:44.306 [main] DEBUG com.github.dockerjava.zerodep.shaded.org.apache.hc.client5.http.wire -- http-outgoing-2 >> "Connection: keep-alive[\r][\n]"
09:46:44.306 [main] DEBUG com.github.dockerjava.zerodep.shaded.org.apache.hc.client5.http.wire -- http-outgoing-2 >> "[\r][\n]"
09:46:44.579 [main] DEBUG com.github.dockerjava.zerodep.shaded.org.apache.hc.client5.http.wire -- http-outgoing-2 << "HTTP/1.1 204 No Content[\r][\n]"
09:46:44.579 [main] DEBUG com.github.dockerjava.zerodep.shaded.org.apache.hc.client5.http.wire -- http-outgoing-2 << "Api-Version: 1.47[\r][\n]"
09:46:44.579 [main] DEBUG com.github.dockerjava.zerodep.shaded.org.apache.hc.client5.http.wire -- http-outgoing-2 << "Date: Fri, 02 May 2025 07:46:44 GMT[\r][\n]"
09:46:44.579 [main] DEBUG com.github.dockerjava.zerodep.shaded.org.apache.hc.client5.http.wire -- http-outgoing-2 << "Docker-Experimental: false[\r][\n]"
09:46:44.579 [main] DEBUG com.github.dockerjava.zerodep.shaded.org.apache.hc.client5.http.wire -- http-outgoing-2 << "Ostype: linux[\r][\n]"
09:46:44.579 [main] DEBUG com.github.dockerjava.zerodep.shaded.org.apache.hc.client5.http.wire -- http-outgoing-2 << "Server: Docker/27.5.1 (linux)[\r][\n]"
09:46:44.579 [main] DEBUG com.github.dockerjava.zerodep.shaded.org.apache.hc.client5.http.wire -- http-outgoing-2 << "[\r][\n]"
09:46:44.579 [main] DEBUG com.github.dockerjava.zerodep.shaded.org.apache.hc.client5.http.headers -- http-outgoing-2 << HTTP/1.1 204 No Content
09:46:44.579 [main] DEBUG com.github.dockerjava.zerodep.shaded.org.apache.hc.client5.http.headers -- http-outgoing-2 << Api-Version: 1.47
09:46:44.580 [main] DEBUG com.github.dockerjava.zerodep.shaded.org.apache.hc.client5.http.headers -- http-outgoing-2 << Date: Fri, 02 May 2025 07:46:44 GMT
09:46:44.580 [main] DEBUG com.github.dockerjava.zerodep.shaded.org.apache.hc.client5.http.headers -- http-outgoing-2 << Docker-Experimental: false
09:46:44.580 [main] DEBUG com.github.dockerjava.zerodep.shaded.org.apache.hc.client5.http.headers -- http-outgoing-2 << Ostype: linux
09:46:44.580 [main] DEBUG com.github.dockerjava.zerodep.shaded.org.apache.hc.client5.http.headers -- http-outgoing-2 << Server: Docker/27.5.1 (linux)
09:46:44.580 [main] DEBUG com.github.dockerjava.zerodep.shaded.org.apache.hc.client5.http.impl.classic.MainClientExec -- ex-00000024: connection can be kept alive for 3 MINUTES
09:46:44.580 [main] DEBUG com.github.dockerjava.zerodep.shaded.org.apache.hc.client5.http.impl.classic.InternalHttpClient -- ep-00000023: releasing valid endpoint
09:46:44.580 [main] DEBUG com.github.dockerjava.zerodep.shaded.org.apache.hc.client5.http.impl.io.PoolingHttpClientConnectionManager -- ep-00000023: releasing endpoint
09:46:44.580 [main] DEBUG com.github.dockerjava.zerodep.shaded.org.apache.hc.client5.http.impl.io.PoolingHttpClientConnectionManager -- ep-00000023: connection http-outgoing-2 can be kept alive for 3 MINUTES
09:46:44.581 [main] DEBUG com.github.dockerjava.zerodep.shaded.org.apache.hc.client5.http.impl.io.PoolingHttpClientConnectionManager -- ep-00000023: connection released [route: {}->npipe://localhost:2375][total available: 1; route allocated: 1 of 2147483647; total allocated: 1 of 2147483647]
09:46:44.581 [main] DEBUG org.testcontainers.utility.ResourceReaper -- Removed container and associated volume(s): testcontainers/vnc-recorder:1.3.0
09:46:44.581 [main] DEBUG org.testcontainers.shaded.com.github.dockerjava.core.command.AbstrDockerCmd -- Cmd: 24142d801f7361732eafc1b45b9f4f07b8ea5bcf8bb59ea6ef508f83b3b4fc02,false
09:46:44.588 [main] DEBUG org.testcontainers.shaded.com.github.dockerjava.core.exec.InspectContainerCmdExec -- GET: DefaultWebTarget{path=[/containers/24142d801f7361732eafc1b45b9f4f07b8ea5bcf8bb59ea6ef508f83b3b4fc02/json], queryParams={}}
09:46:44.589 [main] DEBUG com.github.dockerjava.zerodep.shaded.org.apache.hc.client5.http.impl.classic.InternalHttpClient -- ex-00000025: preparing request execution
09:46:44.590 [main] DEBUG com.github.dockerjava.zerodep.shaded.org.apache.hc.client5.http.protocol.RequestAddCookies -- Cookie spec selected: strict
09:46:44.590 [main] DEBUG com.github.dockerjava.zerodep.shaded.org.apache.hc.client5.http.protocol.RequestAuthCache -- Auth cache not set in the context
09:46:44.590 [main] DEBUG com.github.dockerjava.zerodep.shaded.org.apache.hc.client5.http.impl.classic.ProtocolExec -- ex-00000025: target auth state: UNCHALLENGED
09:46:44.590 [main] DEBUG com.github.dockerjava.zerodep.shaded.org.apache.hc.client5.http.impl.classic.ProtocolExec -- ex-00000025: proxy auth state: UNCHALLENGED
09:46:44.592 [main] DEBUG com.github.dockerjava.zerodep.shaded.org.apache.hc.client5.http.impl.classic.ConnectExec -- ex-00000025: acquiring connection with route {}->npipe://localhost:2375
09:46:44.593 [main] DEBUG com.github.dockerjava.zerodep.shaded.org.apache.hc.client5.http.impl.classic.InternalHttpClient -- ex-00000025: acquiring endpoint (3 MINUTES)
09:46:44.593 [main] DEBUG com.github.dockerjava.zerodep.shaded.org.apache.hc.client5.http.impl.io.PoolingHttpClientConnectionManager -- ex-00000025: endpoint lease request (3 MINUTES) [route: {}->npipe://localhost:2375][total available: 1; route allocated: 1 of 2147483647; total allocated: 1 of 2147483647]
09:46:44.594 [main] DEBUG com.github.dockerjava.zerodep.shaded.org.apache.hc.client5.http.impl.io.PoolingHttpClientConnectionManager -- ex-00000025: endpoint leased [route: {}->npipe://localhost:2375][total available: 0; route allocated: 1 of 2147483647; total allocated: 1 of 2147483647]
09:46:44.595 [main] DEBUG com.github.dockerjava.zerodep.shaded.org.apache.hc.client5.http.impl.io.PoolingHttpClientConnectionManager -- ex-00000025: acquired ep-00000024
09:46:44.595 [main] DEBUG com.github.dockerjava.zerodep.shaded.org.apache.hc.client5.http.impl.classic.InternalHttpClient -- ex-00000025: acquired endpoint ep-00000024
09:46:44.595 [main] DEBUG com.github.dockerjava.zerodep.shaded.org.apache.hc.client5.http.impl.classic.MainClientExec -- ex-00000025: executing GET /v1.32/containers/24142d801f7361732eafc1b45b9f4f07b8ea5bcf8bb59ea6ef508f83b3b4fc02/json HTTP/1.1
09:46:44.595 [main] DEBUG com.github.dockerjava.zerodep.shaded.org.apache.hc.client5.http.impl.classic.InternalHttpClient -- ep-00000024: start execution ex-00000025
09:46:44.595 [main] DEBUG com.github.dockerjava.zerodep.shaded.org.apache.hc.client5.http.impl.io.PoolingHttpClientConnectionManager -- ep-00000024: executing exchange ex-00000025 over http-outgoing-2
09:46:44.595 [main] DEBUG com.github.dockerjava.zerodep.shaded.org.apache.hc.client5.http.headers -- http-outgoing-2 >> GET /v1.32/containers/24142d801f7361732eafc1b45b9f4f07b8ea5bcf8bb59ea6ef508f83b3b4fc02/json HTTP/1.1
09:46:44.595 [main] DEBUG com.github.dockerjava.zerodep.shaded.org.apache.hc.client5.http.headers -- http-outgoing-2 >> accept: application/json
09:46:44.595 [main] DEBUG com.github.dockerjava.zerodep.shaded.org.apache.hc.client5.http.headers -- http-outgoing-2 >> x-tc-sid: bfc2ed12-23ce-401f-a1df-f57c73ebd58a
09:46:44.595 [main] DEBUG com.github.dockerjava.zerodep.shaded.org.apache.hc.client5.http.headers -- http-outgoing-2 >> User-Agent: tc-java/1.19.3
09:46:44.595 [main] DEBUG com.github.dockerjava.zerodep.shaded.org.apache.hc.client5.http.headers -- http-outgoing-2 >> Accept-Encoding: gzip, x-gzip, deflate
09:46:44.595 [main] DEBUG com.github.dockerjava.zerodep.shaded.org.apache.hc.client5.http.headers -- http-outgoing-2 >> Host: localhost:2375
09:46:44.595 [main] DEBUG com.github.dockerjava.zerodep.shaded.org.apache.hc.client5.http.headers -- http-outgoing-2 >> Connection: keep-alive
09:46:44.595 [main] DEBUG com.github.dockerjava.zerodep.shaded.org.apache.hc.client5.http.wire -- http-outgoing-2 >> "GET /v1.32/containers/24142d801f7361732eafc1b45b9f4f07b8ea5bcf8bb59ea6ef508f83b3b4fc02/json HTTP/1.1[\r][\n]"
09:46:44.595 [main] DEBUG com.github.dockerjava.zerodep.shaded.org.apache.hc.client5.http.wire -- http-outgoing-2 >> "accept: application/json[\r][\n]"
09:46:44.595 [main] DEBUG com.github.dockerjava.zerodep.shaded.org.apache.hc.client5.http.wire -- http-outgoing-2 >> "x-tc-sid: bfc2ed12-23ce-401f-a1df-f57c73ebd58a[\r][\n]"
09:46:44.595 [main] DEBUG com.github.dockerjava.zerodep.shaded.org.apache.hc.client5.http.wire -- http-outgoing-2 >> "User-Agent: tc-java/1.19.3[\r][\n]"
09:46:44.595 [main] DEBUG com.github.dockerjava.zerodep.shaded.org.apache.hc.client5.http.wire -- http-outgoing-2 >> "Accept-Encoding: gzip, x-gzip, deflate[\r][\n]"
09:46:44.595 [main] DEBUG com.github.dockerjava.zerodep.shaded.org.apache.hc.client5.http.wire -- http-outgoing-2 >> "Host: localhost:2375[\r][\n]"
09:46:44.595 [main] DEBUG com.github.dockerjava.zerodep.shaded.org.apache.hc.client5.http.wire -- http-outgoing-2 >> "Connection: keep-alive[\r][\n]"
09:46:44.595 [main] DEBUG com.github.dockerjava.zerodep.shaded.org.apache.hc.client5.http.wire -- http-outgoing-2 >> "[\r][\n]"
09:46:44.608 [main] DEBUG com.github.dockerjava.zerodep.shaded.org.apache.hc.client5.http.wire -- http-outgoing-2 << "HTTP/1.1 200 OK[\r][\n]"
09:46:44.608 [main] DEBUG com.github.dockerjava.zerodep.shaded.org.apache.hc.client5.http.wire -- http-outgoing-2 << "Api-Version: 1.47[\r][\n]"
09:46:44.608 [main] DEBUG com.github.dockerjava.zerodep.shaded.org.apache.hc.client5.http.wire -- http-outgoing-2 << "Content-Type: application/json[\r][\n]"
09:46:44.608 [main] DEBUG com.github.dockerjava.zerodep.shaded.org.apache.hc.client5.http.wire -- http-outgoing-2 << "Date: Fri, 02 May 2025 07:46:44 GMT[\r][\n]"
09:46:44.608 [main] DEBUG com.github.dockerjava.zerodep.shaded.org.apache.hc.client5.http.wire -- http-outgoing-2 << "Docker-Experimental: false[\r][\n]"
09:46:44.609 [main] DEBUG com.github.dockerjava.zerodep.shaded.org.apache.hc.client5.http.wire -- http-outgoing-2 << "Ostype: linux[\r][\n]"
09:46:44.609 [main] DEBUG com.github.dockerjava.zerodep.shaded.org.apache.hc.client5.http.wire -- http-outgoing-2 << "Server: Docker/27.5.1 (linux)[\r][\n]"
09:46:44.609 [main] DEBUG com.github.dockerjava.zerodep.shaded.org.apache.hc.client5.http.wire -- http-outgoing-2 << "Transfer-Encoding: chunked[\r][\n]"
09:46:44.609 [main] DEBUG com.github.dockerjava.zerodep.shaded.org.apache.hc.client5.http.wire -- http-outgoing-2 << "[\r][\n]"
09:46:44.609 [main] DEBUG com.github.dockerjava.zerodep.shaded.org.apache.hc.client5.http.headers -- http-outgoing-2 << HTTP/1.1 200 OK
09:46:44.609 [main] DEBUG com.github.dockerjava.zerodep.shaded.org.apache.hc.client5.http.headers -- http-outgoing-2 << Api-Version: 1.47
09:46:44.609 [main] DEBUG com.github.dockerjava.zerodep.shaded.org.apache.hc.client5.http.headers -- http-outgoing-2 << Content-Type: application/json
09:46:44.609 [main] DEBUG com.github.dockerjava.zerodep.shaded.org.apache.hc.client5.http.headers -- http-outgoing-2 << Date: Fri, 02 May 2025 07:46:44 GMT
09:46:44.609 [main] DEBUG com.github.dockerjava.zerodep.shaded.org.apache.hc.client5.http.headers -- http-outgoing-2 << Docker-Experimental: false
09:46:44.609 [main] DEBUG com.github.dockerjava.zerodep.shaded.org.apache.hc.client5.http.headers -- http-outgoing-2 << Ostype: linux
09:46:44.609 [main] DEBUG com.github.dockerjava.zerodep.shaded.org.apache.hc.client5.http.headers -- http-outgoing-2 << Server: Docker/27.5.1 (linux)
09:46:44.609 [main] DEBUG com.github.dockerjava.zerodep.shaded.org.apache.hc.client5.http.headers -- http-outgoing-2 << Transfer-Encoding: chunked
09:46:44.609 [main] DEBUG com.github.dockerjava.zerodep.shaded.org.apache.hc.client5.http.impl.classic.MainClientExec -- ex-00000025: connection can be kept alive for 3 MINUTES
09:46:44.612 [main] DEBUG com.github.dockerjava.zerodep.shaded.org.apache.hc.client5.http.wire -- http-outgoing-2 << "1707[\r][\n]"
09:46:44.613 [main] DEBUG com.github.dockerjava.zerodep.shaded.org.apache.hc.client5.http.wire -- http-outgoing-2 << "{"Id":"24142d801f7361732eafc1b45b9f4f07b8ea5bcf8bb59ea6ef508f83b3b4fc02","Created":"2025-05-02T07:45:53.48258996Z","Path":"/opt/bin/entry_point.sh","Args":[],"State":{"Status":"running","Running":true,"Paused":false,"Restarting":false,"OOMKilled":false,"Dead":false,"Pid":18601,"ExitCode":0,"Error":"","StartedAt":"2025-05-02T07:45:54.230295165Z","FinishedAt":"0001-01-01T00:00:00Z"},"Image":"sha256:98a4acf36526b42162e80e32b36ba7e5cd93e15cb0f2ca510d6fc3fe655edf92","ResolvConfPath":"/var/lib/docker/containers/24142d801f7361732eafc1b45b9f4f07b8ea5bcf8bb59ea6ef508f83b3b4fc02/resolv.conf","HostnamePath":"/var/lib/docker/containers/24142d801f7361732eafc1b45b9f4f07b8ea5bcf8bb59ea6ef508f83b3b4fc02/hostname","HostsPath":"/var/lib/docker/containers/24142d801f7361732eafc1b45b9f4f07b8ea5bcf8bb59ea6ef508f83b3b4fc02/hosts","LogPath":"/var/lib/docker/containers/24142d801f7361732eafc1b45b9f4f07b8ea5bcf8bb59ea6ef508f83b3b4fc02/24142d801f7361732eafc1b45b9f4f07b8ea5bcf8bb59ea6ef508f83b3b4fc02-json.log","Name":"/gracious_yalow","RestartCount":0,"Driver":"overlayfs","Platform":"linux","MountLabel":"","ProcessLabel":"","AppArmorProfile":"","ExecIDs":null,"HostConfig":{"Binds":[],"ContainerIDFile":"","LogConfig":{"Type":"json-file","Config":{}},"NetworkMode":"40fa9c662d55c1f903d10321bbbff97566ce50ab076c1b1f83516e59086538b7","PortBindings":{"4444/tcp":[{"HostIp":"0.0.0.0","HostPort":"0"}],"5900/tcp":[{"HostIp":"0.0.0.0","HostPort":"0"}]},"RestartPolicy":{"Name":"no","MaximumRetryCount":0},"AutoRemove":false,"VolumeDriver":"","VolumesFrom":[],"ConsoleSize":[0,0],"CapAdd":null,"CapDrop":null,"CgroupnsMode":"host","Dns":null,"DnsOptions":null,"DnsSearch":null,"ExtraHosts":[],"GroupAdd":null,"IpcMode":"shareable","Cgroup":"","Links":null,"OomScoreAdj":0,"PidMode":"","Privileged":false,"PublishAllPorts":false,"ReadonlyRootfs":false,"SecurityOpt":null,"UTSMode":"","UsernsMode":"","ShmSize":536870912,"Runtime":"runc","Isolation":"","CpuShares":0,"Memory":0,"NanoCpus":0,"CgroupParent":"","BlkioWeight":0,"BlkioWeightDevice":null,"BlkioDeviceReadBps":null,"BlkioDeviceWriteBps":null,"BlkioDeviceReadIOps":null,"BlkioDeviceWriteIOps":null,"CpuPeriod":0,"CpuQuota":0,"CpuRealtimePeriod":0,"CpuRealtimeRuntime":0,"CpusetCpus":"","CpusetMems":"","Devices":null,"DeviceCgroupRules":null,"DeviceRequests":null,"MemoryReservation":0,"MemorySwap":0,"MemorySwappiness":null,"OomKillDisable":false,"PidsLimit":null,"Ulimits":null,"CpuCount":0,"CpuPercent":0,"IOMaximumIOps":0,"IOMaximumBandwidth":0,"MaskedPaths":["/proc/asound","/proc/acpi","/proc/kcore","/proc/keys","/proc/latency_stats","/proc/timer_list","/proc/timer_stats","/proc/sched_debug","/proc/scsi","/sys/firmware","/sys/devices/virtual/powercap"],"ReadonlyPaths":["/proc/bus","/proc/fs","/proc/irq","/proc/sys","/proc/sysrq-trigger"]},"GraphDriver":{"Data":null,"Name":"overlayfs"},"Mounts":[],"Config":{"Hostname":"24142d801f73","Domainname":"","User":"1200","AttachStdin":false,"AttachStdout":false,"AttachStderr":false,"ExposedPorts":{"4444/tcp":{},"5900/tcp":{}},"Tty":false,"OpenStdin":false,"StdinOnce":false,"Env":["no_proxy=localhost","TZ=Europe/Madrid","PATH=/usr/local/sbin:/usr/local/bin:/usr/sbin:/usr/bin:/sbin:/bin","DEBIAN_FRONTEND=noninteractive","DEBCONF_NONINTERACTIVE_SEEN=true","SEL_USER=seluser","SEL_UID=1200","SEL_GID=1201","HOME=/home/seluser","SEL_DOWNLOAD_DIR=/Downloads","SE_BIND_HOST=false","SE_REJECT_UNSUPPORTED_CAPS=false","SE_OTEL_JAVA_GLOBAL_AUTOCONFIGURE_ENABLED=true","SE_OTEL_TRACES_EXPORTER=otlp","LANG_WHICH=en","LANG_WHERE=US","ENCODING=UTF-8","LANGUAGE=en_US.UTF-8","LANG=","SE_ENABLE_BROWSER_LEFTOVERS_CLEANUP=false","SE_BROWSER_LEFTOVERS_INTERVAL_SECS=3600","SE_BROWSER_LEFTOVERS_PROCESSES_SECS=7200","SE_BROWSER_LEFTOVERS_TEMPFILES_DAYS=1","SE_DRAIN_AFTER_SESSION_COUNT=0","SE_NODE_MAX_SESSIONS=1","SE_NODE_SESSION_TIMEOUT=300","SE_NODE_OVERRIDE_MAX_SESSIONS=false","SE_NODE_HEARTBEAT_PERIOD=30","SE_OTEL_SERVICE_NAME=selenium-standalone","SE_OFFLINE=true","SE_SCREEN_WIDTH=1360","SE_SCREEN_HEIGHT=1020","SE_SCREEN_DEPTH=24","SE_SCREEN_DPI=96","SE_START_XVFB=true","SE_START_VNC=true","SE_STA"
09:46:44.623 [main] DEBUG com.github.dockerjava.zerodep.shaded.org.apache.hc.client5.http.wire -- http-outgoing-2 << "RT_NO_VNC=true","SE_NO_VNC_PORT=7900","SE_VNC_PORT=5900","DISPLAY=:99.0","DISPLAY_NUM=99","CONFIG_FILE=/opt/selenium/config.toml","GENERATE_CONFIG=true","DBUS_SESSION_BUS_ADDRESS=/dev/null","SE_SESSION_REQUEST_TIMEOUT=300","SE_SESSION_RETRY_INTERVAL=15","SE_HEALTHCHECK_INTERVAL=120","SE_RELAX_CHECKS=true"],"Cmd":["/opt/bin/entry_point.sh"],"Image":"selenium/standalone-chrome:4.20.0","Volumes":null,"WorkingDir":"","Entrypoint":null,"OnBuild":null,"Labels":{"authors":"","org.opencontainers.image.ref.name":"ubuntu","org.opencontainers.image.version":"22.04","org.testcontainers":"true","org.testcontainers.lang":"java","org.testcontainers.sessionId":"bfc2ed12-23ce-401f-a1df-f57c73ebd58a","org.testcontainers.version":"1.19.3"}},"NetworkSettings":{"Bridge":"","SandboxID":"969510a295a632d4e36730a78033a44c609e4eaf3270bb0469489e1d5734e3b0","SandboxKey":"/var/run/docker/netns/969510a295a6","Ports":{"4444/tcp":[{"HostIp":"0.0.0.0","HostPort":"62212"}],"5900/tcp":[{"HostIp":"0.0.0.0","HostPort":"62213"}]},"HairpinMode":false,"LinkLocalIPv6Address":"","LinkLocalIPv6PrefixLen":0,"SecondaryIPAddresses":null,"SecondaryIPv6Addresses":null,"EndpointID":"","Gateway":"","GlobalIPv6Address":"","GlobalIPv6PrefixLen":0,"IPAddress":"","IPPrefixLen":0,"IPv6Gateway":"","MacAddress":"","Networks":{"680d18ca-38a1-4057-a5d5-0ccd248aa2e8":{"IPAMConfig":null,"Links":null,"Aliases":["tc-6DidaMrm","24142d801f73"],"MacAddress":"02:42:ac:13:00:02","DriverOpts":null,"NetworkID":"40fa9c662d55c1f903d10321bbbff97566ce50ab076c1b1f83516e59086538b7","EndpointID":"ed90e352e9a2a13399450553ebfffd298997ed084f710b10e181bc518ac6cacb","Gateway":"172.19.0.1","IPAddress":"172.19.0.2","IPPrefixLen":16,"IPv6Gateway":"","GlobalIPv6Address":"","GlobalIPv6PrefixLen":0,"DNSNames":["gracious_yalow","tc-6DidaMrm","24142d801f73"]}}}}[\n]"
09:46:44.630 [main] DEBUG com.github.dockerjava.zerodep.shaded.org.apache.hc.client5.http.wire -- http-outgoing-2 << "[\r][\n]"
09:46:44.630 [main] DEBUG com.github.dockerjava.zerodep.shaded.org.apache.hc.client5.http.wire -- http-outgoing-2 << "0[\r][\n]"
09:46:44.630 [main] DEBUG com.github.dockerjava.zerodep.shaded.org.apache.hc.client5.http.wire -- http-outgoing-2 << "[\r][\n]"
09:46:44.630 [main] DEBUG com.github.dockerjava.zerodep.shaded.org.apache.hc.client5.http.impl.classic.InternalHttpClient -- ep-00000024: releasing valid endpoint
09:46:44.630 [main] DEBUG com.github.dockerjava.zerodep.shaded.org.apache.hc.client5.http.impl.io.PoolingHttpClientConnectionManager -- ep-00000024: releasing endpoint
09:46:44.631 [main] DEBUG com.github.dockerjava.zerodep.shaded.org.apache.hc.client5.http.impl.io.PoolingHttpClientConnectionManager -- ep-00000024: connection http-outgoing-2 can be kept alive for 3 MINUTES
09:46:44.631 [main] DEBUG com.github.dockerjava.zerodep.shaded.org.apache.hc.client5.http.impl.io.PoolingHttpClientConnectionManager -- ep-00000024: connection released [route: {}->npipe://localhost:2375][total available: 1; route allocated: 1 of 2147483647; total allocated: 1 of 2147483647]
09:46:44.631 [main] DEBUG org.testcontainers.shaded.com.github.dockerjava.core.command.AbstrDockerCmd -- Cmd: 24142d801f7361732eafc1b45b9f4f07b8ea5bcf8bb59ea6ef508f83b3b4fc02,<null>
09:46:44.632 [main] DEBUG com.github.dockerjava.zerodep.shaded.org.apache.hc.client5.http.impl.classic.InternalHttpClient -- ex-00000026: preparing request execution
09:46:44.632 [main] DEBUG com.github.dockerjava.zerodep.shaded.org.apache.hc.client5.http.protocol.RequestAddCookies -- Cookie spec selected: strict
09:46:44.632 [main] DEBUG com.github.dockerjava.zerodep.shaded.org.apache.hc.client5.http.protocol.RequestAuthCache -- Auth cache not set in the context
09:46:44.632 [main] DEBUG com.github.dockerjava.zerodep.shaded.org.apache.hc.client5.http.impl.classic.ProtocolExec -- ex-00000026: target auth state: UNCHALLENGED
09:46:44.632 [main] DEBUG com.github.dockerjava.zerodep.shaded.org.apache.hc.client5.http.impl.classic.ProtocolExec -- ex-00000026: proxy auth state: UNCHALLENGED
09:46:44.632 [main] DEBUG com.github.dockerjava.zerodep.shaded.org.apache.hc.client5.http.impl.classic.ConnectExec -- ex-00000026: acquiring connection with route {}->npipe://localhost:2375
09:46:44.633 [main] DEBUG com.github.dockerjava.zerodep.shaded.org.apache.hc.client5.http.impl.classic.InternalHttpClient -- ex-00000026: acquiring endpoint (3 MINUTES)
09:46:44.635 [main] DEBUG com.github.dockerjava.zerodep.shaded.org.apache.hc.client5.http.impl.io.PoolingHttpClientConnectionManager -- ex-00000026: endpoint lease request (3 MINUTES) [route: {}->npipe://localhost:2375][total available: 1; route allocated: 1 of 2147483647; total allocated: 1 of 2147483647]
09:46:44.636 [main] DEBUG com.github.dockerjava.zerodep.shaded.org.apache.hc.client5.http.impl.io.PoolingHttpClientConnectionManager -- ex-00000026: endpoint leased [route: {}->npipe://localhost:2375][total available: 0; route allocated: 1 of 2147483647; total allocated: 1 of 2147483647]
09:46:44.636 [main] DEBUG com.github.dockerjava.zerodep.shaded.org.apache.hc.client5.http.impl.io.PoolingHttpClientConnectionManager -- ex-00000026: acquired ep-00000025
09:46:44.636 [main] DEBUG com.github.dockerjava.zerodep.shaded.org.apache.hc.client5.http.impl.classic.InternalHttpClient -- ex-00000026: acquired endpoint ep-00000025
09:46:44.636 [main] DEBUG com.github.dockerjava.zerodep.shaded.org.apache.hc.client5.http.impl.classic.MainClientExec -- ex-00000026: executing POST /v1.32/containers/24142d801f7361732eafc1b45b9f4f07b8ea5bcf8bb59ea6ef508f83b3b4fc02/kill HTTP/1.1
09:46:44.636 [main] DEBUG com.github.dockerjava.zerodep.shaded.org.apache.hc.client5.http.impl.classic.InternalHttpClient -- ep-00000025: start execution ex-00000026
09:46:44.636 [main] DEBUG com.github.dockerjava.zerodep.shaded.org.apache.hc.client5.http.impl.io.PoolingHttpClientConnectionManager -- ep-00000025: executing exchange ex-00000026 over http-outgoing-2
09:46:44.637 [main] DEBUG com.github.dockerjava.zerodep.shaded.org.apache.hc.client5.http.headers -- http-outgoing-2 >> POST /v1.32/containers/24142d801f7361732eafc1b45b9f4f07b8ea5bcf8bb59ea6ef508f83b3b4fc02/kill HTTP/1.1
09:46:44.637 [main] DEBUG com.github.dockerjava.zerodep.shaded.org.apache.hc.client5.http.headers -- http-outgoing-2 >> accept: application/json
09:46:44.637 [main] DEBUG com.github.dockerjava.zerodep.shaded.org.apache.hc.client5.http.headers -- http-outgoing-2 >> content-type: application/json
09:46:44.637 [main] DEBUG com.github.dockerjava.zerodep.shaded.org.apache.hc.client5.http.headers -- http-outgoing-2 >> x-tc-sid: bfc2ed12-23ce-401f-a1df-f57c73ebd58a
09:46:44.637 [main] DEBUG com.github.dockerjava.zerodep.shaded.org.apache.hc.client5.http.headers -- http-outgoing-2 >> User-Agent: tc-java/1.19.3
09:46:44.637 [main] DEBUG com.github.dockerjava.zerodep.shaded.org.apache.hc.client5.http.headers -- http-outgoing-2 >> Accept-Encoding: gzip, x-gzip, deflate
09:46:44.637 [main] DEBUG com.github.dockerjava.zerodep.shaded.org.apache.hc.client5.http.headers -- http-outgoing-2 >> Host: localhost:2375
09:46:44.637 [main] DEBUG com.github.dockerjava.zerodep.shaded.org.apache.hc.client5.http.headers -- http-outgoing-2 >> Connection: keep-alive
09:46:44.637 [main] DEBUG com.github.dockerjava.zerodep.shaded.org.apache.hc.client5.http.wire -- http-outgoing-2 >> "POST /v1.32/containers/24142d801f7361732eafc1b45b9f4f07b8ea5bcf8bb59ea6ef508f83b3b4fc02/kill HTTP/1.1[\r][\n]"
09:46:44.637 [main] DEBUG com.github.dockerjava.zerodep.shaded.org.apache.hc.client5.http.wire -- http-outgoing-2 >> "accept: application/json[\r][\n]"
09:46:44.637 [main] DEBUG com.github.dockerjava.zerodep.shaded.org.apache.hc.client5.http.wire -- http-outgoing-2 >> "content-type: application/json[\r][\n]"
09:46:44.637 [main] DEBUG com.github.dockerjava.zerodep.shaded.org.apache.hc.client5.http.wire -- http-outgoing-2 >> "x-tc-sid: bfc2ed12-23ce-401f-a1df-f57c73ebd58a[\r][\n]"
09:46:44.637 [main] DEBUG com.github.dockerjava.zerodep.shaded.org.apache.hc.client5.http.wire -- http-outgoing-2 >> "User-Agent: tc-java/1.19.3[\r][\n]"
09:46:44.637 [main] DEBUG com.github.dockerjava.zerodep.shaded.org.apache.hc.client5.http.wire -- http-outgoing-2 >> "Accept-Encoding: gzip, x-gzip, deflate[\r][\n]"
09:46:44.637 [main] DEBUG com.github.dockerjava.zerodep.shaded.org.apache.hc.client5.http.wire -- http-outgoing-2 >> "Host: localhost:2375[\r][\n]"
09:46:44.637 [main] DEBUG com.github.dockerjava.zerodep.shaded.org.apache.hc.client5.http.wire -- http-outgoing-2 >> "Connection: keep-alive[\r][\n]"
09:46:44.637 [main] DEBUG com.github.dockerjava.zerodep.shaded.org.apache.hc.client5.http.wire -- http-outgoing-2 >> "[\r][\n]"
09:46:45.655 [main] DEBUG com.github.dockerjava.zerodep.shaded.org.apache.hc.client5.http.wire -- http-outgoing-2 << "HTTP/1.1 204 No Content[\r][\n]"
09:46:45.655 [main] DEBUG com.github.dockerjava.zerodep.shaded.org.apache.hc.client5.http.wire -- http-outgoing-2 << "Api-Version: 1.47[\r][\n]"
09:46:45.655 [main] DEBUG com.github.dockerjava.zerodep.shaded.org.apache.hc.client5.http.wire -- http-outgoing-2 << "Date: Fri, 02 May 2025 07:46:45 GMT[\r][\n]"
09:46:45.655 [main] DEBUG com.github.dockerjava.zerodep.shaded.org.apache.hc.client5.http.wire -- http-outgoing-2 << "Docker-Experimental: false[\r][\n]"
09:46:45.655 [main] DEBUG com.github.dockerjava.zerodep.shaded.org.apache.hc.client5.http.wire -- http-outgoing-2 << "Ostype: linux[\r][\n]"
09:46:45.655 [main] DEBUG com.github.dockerjava.zerodep.shaded.org.apache.hc.client5.http.wire -- http-outgoing-2 << "Server: Docker/27.5.1 (linux)[\r][\n]"
09:46:45.655 [main] DEBUG com.github.dockerjava.zerodep.shaded.org.apache.hc.client5.http.wire -- http-outgoing-2 << "[\r][\n]"
09:46:45.655 [main] DEBUG com.github.dockerjava.zerodep.shaded.org.apache.hc.client5.http.headers -- http-outgoing-2 << HTTP/1.1 204 No Content
09:46:45.656 [main] DEBUG com.github.dockerjava.zerodep.shaded.org.apache.hc.client5.http.headers -- http-outgoing-2 << Api-Version: 1.47
09:46:45.656 [main] DEBUG com.github.dockerjava.zerodep.shaded.org.apache.hc.client5.http.headers -- http-outgoing-2 << Date: Fri, 02 May 2025 07:46:45 GMT
09:46:45.656 [main] DEBUG com.github.dockerjava.zerodep.shaded.org.apache.hc.client5.http.headers -- http-outgoing-2 << Docker-Experimental: false
09:46:45.656 [main] DEBUG com.github.dockerjava.zerodep.shaded.org.apache.hc.client5.http.headers -- http-outgoing-2 << Ostype: linux
09:46:45.656 [main] DEBUG com.github.dockerjava.zerodep.shaded.org.apache.hc.client5.http.headers -- http-outgoing-2 << Server: Docker/27.5.1 (linux)
09:46:45.656 [main] DEBUG com.github.dockerjava.zerodep.shaded.org.apache.hc.client5.http.impl.classic.MainClientExec -- ex-00000026: connection can be kept alive for 3 MINUTES
09:46:45.656 [main] DEBUG com.github.dockerjava.zerodep.shaded.org.apache.hc.client5.http.impl.classic.InternalHttpClient -- ep-00000025: releasing valid endpoint
09:46:45.656 [main] DEBUG com.github.dockerjava.zerodep.shaded.org.apache.hc.client5.http.impl.io.PoolingHttpClientConnectionManager -- ep-00000025: releasing endpoint
09:46:45.656 [main] DEBUG com.github.dockerjava.zerodep.shaded.org.apache.hc.client5.http.impl.io.PoolingHttpClientConnectionManager -- ep-00000025: connection http-outgoing-2 can be kept alive for 3 MINUTES
09:46:45.656 [main] DEBUG com.github.dockerjava.zerodep.shaded.org.apache.hc.client5.http.impl.io.PoolingHttpClientConnectionManager -- ep-00000025: connection released [route: {}->npipe://localhost:2375][total available: 1; route allocated: 1 of 2147483647; total allocated: 1 of 2147483647]
09:46:45.656 [main] DEBUG org.testcontainers.shaded.com.github.dockerjava.core.command.AbstrDockerCmd -- Cmd: 24142d801f7361732eafc1b45b9f4f07b8ea5bcf8bb59ea6ef508f83b3b4fc02,false
09:46:45.656 [main] DEBUG org.testcontainers.shaded.com.github.dockerjava.core.exec.InspectContainerCmdExec -- GET: DefaultWebTarget{path=[/containers/24142d801f7361732eafc1b45b9f4f07b8ea5bcf8bb59ea6ef508f83b3b4fc02/json], queryParams={}}
09:46:45.656 [main] DEBUG com.github.dockerjava.zerodep.shaded.org.apache.hc.client5.http.impl.classic.InternalHttpClient -- ex-00000027: preparing request execution
09:46:45.656 [main] DEBUG com.github.dockerjava.zerodep.shaded.org.apache.hc.client5.http.protocol.RequestAddCookies -- Cookie spec selected: strict
09:46:45.656 [main] DEBUG com.github.dockerjava.zerodep.shaded.org.apache.hc.client5.http.protocol.RequestAuthCache -- Auth cache not set in the context
09:46:45.656 [main] DEBUG com.github.dockerjava.zerodep.shaded.org.apache.hc.client5.http.impl.classic.ProtocolExec -- ex-00000027: target auth state: UNCHALLENGED
09:46:45.656 [main] DEBUG com.github.dockerjava.zerodep.shaded.org.apache.hc.client5.http.impl.classic.ProtocolExec -- ex-00000027: proxy auth state: UNCHALLENGED
09:46:45.656 [main] DEBUG com.github.dockerjava.zerodep.shaded.org.apache.hc.client5.http.impl.classic.ConnectExec -- ex-00000027: acquiring connection with route {}->npipe://localhost:2375
09:46:45.656 [main] DEBUG com.github.dockerjava.zerodep.shaded.org.apache.hc.client5.http.impl.classic.InternalHttpClient -- ex-00000027: acquiring endpoint (3 MINUTES)
09:46:45.656 [main] DEBUG com.github.dockerjava.zerodep.shaded.org.apache.hc.client5.http.impl.io.PoolingHttpClientConnectionManager -- ex-00000027: endpoint lease request (3 MINUTES) [route: {}->npipe://localhost:2375][total available: 1; route allocated: 1 of 2147483647; total allocated: 1 of 2147483647]
09:46:45.656 [main] DEBUG com.github.dockerjava.zerodep.shaded.org.apache.hc.client5.http.impl.io.PoolingHttpClientConnectionManager -- ex-00000027: endpoint leased [route: {}->npipe://localhost:2375][total available: 0; route allocated: 1 of 2147483647; total allocated: 1 of 2147483647]
09:46:45.656 [main] DEBUG com.github.dockerjava.zerodep.shaded.org.apache.hc.client5.http.impl.io.PoolingHttpClientConnectionManager -- ex-00000027: acquired ep-00000026
09:46:45.656 [main] DEBUG com.github.dockerjava.zerodep.shaded.org.apache.hc.client5.http.impl.classic.InternalHttpClient -- ex-00000027: acquired endpoint ep-00000026
09:46:45.656 [main] DEBUG com.github.dockerjava.zerodep.shaded.org.apache.hc.client5.http.impl.classic.MainClientExec -- ex-00000027: executing GET /v1.32/containers/24142d801f7361732eafc1b45b9f4f07b8ea5bcf8bb59ea6ef508f83b3b4fc02/json HTTP/1.1
09:46:45.656 [main] DEBUG com.github.dockerjava.zerodep.shaded.org.apache.hc.client5.http.impl.classic.InternalHttpClient -- ep-00000026: start execution ex-00000027
09:46:45.656 [main] DEBUG com.github.dockerjava.zerodep.shaded.org.apache.hc.client5.http.impl.io.PoolingHttpClientConnectionManager -- ep-00000026: executing exchange ex-00000027 over http-outgoing-2
09:46:45.657 [main] DEBUG com.github.dockerjava.zerodep.shaded.org.apache.hc.client5.http.headers -- http-outgoing-2 >> GET /v1.32/containers/24142d801f7361732eafc1b45b9f4f07b8ea5bcf8bb59ea6ef508f83b3b4fc02/json HTTP/1.1
09:46:45.657 [main] DEBUG com.github.dockerjava.zerodep.shaded.org.apache.hc.client5.http.headers -- http-outgoing-2 >> accept: application/json
09:46:45.657 [main] DEBUG com.github.dockerjava.zerodep.shaded.org.apache.hc.client5.http.headers -- http-outgoing-2 >> x-tc-sid: bfc2ed12-23ce-401f-a1df-f57c73ebd58a
09:46:45.657 [main] DEBUG com.github.dockerjava.zerodep.shaded.org.apache.hc.client5.http.headers -- http-outgoing-2 >> User-Agent: tc-java/1.19.3
09:46:45.657 [main] DEBUG com.github.dockerjava.zerodep.shaded.org.apache.hc.client5.http.headers -- http-outgoing-2 >> Accept-Encoding: gzip, x-gzip, deflate
09:46:45.657 [main] DEBUG com.github.dockerjava.zerodep.shaded.org.apache.hc.client5.http.headers -- http-outgoing-2 >> Host: localhost:2375
09:46:45.657 [main] DEBUG com.github.dockerjava.zerodep.shaded.org.apache.hc.client5.http.headers -- http-outgoing-2 >> Connection: keep-alive
09:46:45.657 [main] DEBUG com.github.dockerjava.zerodep.shaded.org.apache.hc.client5.http.wire -- http-outgoing-2 >> "GET /v1.32/containers/24142d801f7361732eafc1b45b9f4f07b8ea5bcf8bb59ea6ef508f83b3b4fc02/json HTTP/1.1[\r][\n]"
09:46:45.657 [main] DEBUG com.github.dockerjava.zerodep.shaded.org.apache.hc.client5.http.wire -- http-outgoing-2 >> "accept: application/json[\r][\n]"
09:46:45.657 [main] DEBUG com.github.dockerjava.zerodep.shaded.org.apache.hc.client5.http.wire -- http-outgoing-2 >> "x-tc-sid: bfc2ed12-23ce-401f-a1df-f57c73ebd58a[\r][\n]"
09:46:45.657 [main] DEBUG com.github.dockerjava.zerodep.shaded.org.apache.hc.client5.http.wire -- http-outgoing-2 >> "User-Agent: tc-java/1.19.3[\r][\n]"
09:46:45.657 [main] DEBUG com.github.dockerjava.zerodep.shaded.org.apache.hc.client5.http.wire -- http-outgoing-2 >> "Accept-Encoding: gzip, x-gzip, deflate[\r][\n]"
09:46:45.657 [main] DEBUG com.github.dockerjava.zerodep.shaded.org.apache.hc.client5.http.wire -- http-outgoing-2 >> "Host: localhost:2375[\r][\n]"
09:46:45.657 [main] DEBUG com.github.dockerjava.zerodep.shaded.org.apache.hc.client5.http.wire -- http-outgoing-2 >> "Connection: keep-alive[\r][\n]"
09:46:45.657 [main] DEBUG com.github.dockerjava.zerodep.shaded.org.apache.hc.client5.http.wire -- http-outgoing-2 >> "[\r][\n]"
09:46:45.677 [main] DEBUG com.github.dockerjava.zerodep.shaded.org.apache.hc.client5.http.wire -- http-outgoing-2 << "HTTP/1.1 200 OK[\r][\n]"
09:46:45.677 [main] DEBUG com.github.dockerjava.zerodep.shaded.org.apache.hc.client5.http.wire -- http-outgoing-2 << "Api-Version: 1.47[\r][\n]"
09:46:45.677 [main] DEBUG com.github.dockerjava.zerodep.shaded.org.apache.hc.client5.http.wire -- http-outgoing-2 << "Content-Type: application/json[\r][\n]"
09:46:45.677 [main] DEBUG com.github.dockerjava.zerodep.shaded.org.apache.hc.client5.http.wire -- http-outgoing-2 << "Date: Fri, 02 May 2025 07:46:45 GMT[\r][\n]"
09:46:45.677 [main] DEBUG com.github.dockerjava.zerodep.shaded.org.apache.hc.client5.http.wire -- http-outgoing-2 << "Docker-Experimental: false[\r][\n]"
09:46:45.677 [main] DEBUG com.github.dockerjava.zerodep.shaded.org.apache.hc.client5.http.wire -- http-outgoing-2 << "Ostype: linux[\r][\n]"
09:46:45.677 [main] DEBUG com.github.dockerjava.zerodep.shaded.org.apache.hc.client5.http.wire -- http-outgoing-2 << "Server: Docker/27.5.1 (linux)[\r][\n]"
09:46:45.677 [main] DEBUG com.github.dockerjava.zerodep.shaded.org.apache.hc.client5.http.wire -- http-outgoing-2 << "Transfer-Encoding: chunked[\r][\n]"
09:46:45.677 [main] DEBUG com.github.dockerjava.zerodep.shaded.org.apache.hc.client5.http.wire -- http-outgoing-2 << "[\r][\n]"
09:46:45.677 [main] DEBUG com.github.dockerjava.zerodep.shaded.org.apache.hc.client5.http.headers -- http-outgoing-2 << HTTP/1.1 200 OK
09:46:45.677 [main] DEBUG com.github.dockerjava.zerodep.shaded.org.apache.hc.client5.http.headers -- http-outgoing-2 << Api-Version: 1.47
09:46:45.677 [main] DEBUG com.github.dockerjava.zerodep.shaded.org.apache.hc.client5.http.headers -- http-outgoing-2 << Content-Type: application/json
09:46:45.677 [main] DEBUG com.github.dockerjava.zerodep.shaded.org.apache.hc.client5.http.headers -- http-outgoing-2 << Date: Fri, 02 May 2025 07:46:45 GMT
09:46:45.677 [main] DEBUG com.github.dockerjava.zerodep.shaded.org.apache.hc.client5.http.headers -- http-outgoing-2 << Docker-Experimental: false
09:46:45.677 [main] DEBUG com.github.dockerjava.zerodep.shaded.org.apache.hc.client5.http.headers -- http-outgoing-2 << Ostype: linux
09:46:45.677 [main] DEBUG com.github.dockerjava.zerodep.shaded.org.apache.hc.client5.http.headers -- http-outgoing-2 << Server: Docker/27.5.1 (linux)
09:46:45.677 [main] DEBUG com.github.dockerjava.zerodep.shaded.org.apache.hc.client5.http.headers -- http-outgoing-2 << Transfer-Encoding: chunked
09:46:45.677 [main] DEBUG com.github.dockerjava.zerodep.shaded.org.apache.hc.client5.http.impl.classic.MainClientExec -- ex-00000027: connection can be kept alive for 3 MINUTES
09:46:45.680 [main] DEBUG com.github.dockerjava.zerodep.shaded.org.apache.hc.client5.http.wire -- http-outgoing-2 << "15de[\r][\n]"
09:46:45.680 [main] DEBUG com.github.dockerjava.zerodep.shaded.org.apache.hc.client5.http.wire -- http-outgoing-2 << "{"Id":"24142d801f7361732eafc1b45b9f4f07b8ea5bcf8bb59ea6ef508f83b3b4fc02","Created":"2025-05-02T07:45:53.48258996Z","Path":"/opt/bin/entry_point.sh","Args":[],"State":{"Status":"exited","Running":false,"Paused":false,"Restarting":false,"OOMKilled":false,"Dead":false,"Pid":0,"ExitCode":137,"Error":"","StartedAt":"2025-05-02T07:45:54.230295165Z","FinishedAt":"2025-05-02T07:46:44.713883614Z"},"Image":"sha256:98a4acf36526b42162e80e32b36ba7e5cd93e15cb0f2ca510d6fc3fe655edf92","ResolvConfPath":"/var/lib/docker/containers/24142d801f7361732eafc1b45b9f4f07b8ea5bcf8bb59ea6ef508f83b3b4fc02/resolv.conf","HostnamePath":"/var/lib/docker/containers/24142d801f7361732eafc1b45b9f4f07b8ea5bcf8bb59ea6ef508f83b3b4fc02/hostname","HostsPath":"/var/lib/docker/containers/24142d801f7361732eafc1b45b9f4f07b8ea5bcf8bb59ea6ef508f83b3b4fc02/hosts","LogPath":"/var/lib/docker/containers/24142d801f7361732eafc1b45b9f4f07b8ea5bcf8bb59ea6ef508f83b3b4fc02/24142d801f7361732eafc1b45b9f4f07b8ea5bcf8bb59ea6ef508f83b3b4fc02-json.log","Name":"/gracious_yalow","RestartCount":0,"Driver":"overlayfs","Platform":"linux","MountLabel":"","ProcessLabel":"","AppArmorProfile":"","ExecIDs":null,"HostConfig":{"Binds":[],"ContainerIDFile":"","LogConfig":{"Type":"json-file","Config":{}},"NetworkMode":"40fa9c662d55c1f903d10321bbbff97566ce50ab076c1b1f83516e59086538b7","PortBindings":{"4444/tcp":[{"HostIp":"0.0.0.0","HostPort":"0"}],"5900/tcp":[{"HostIp":"0.0.0.0","HostPort":"0"}]},"RestartPolicy":{"Name":"no","MaximumRetryCount":0},"AutoRemove":false,"VolumeDriver":"","VolumesFrom":[],"ConsoleSize":[0,0],"CapAdd":null,"CapDrop":null,"CgroupnsMode":"host","Dns":null,"DnsOptions":null,"DnsSearch":null,"ExtraHosts":[],"GroupAdd":null,"IpcMode":"shareable","Cgroup":"","Links":null,"OomScoreAdj":0,"PidMode":"","Privileged":false,"PublishAllPorts":false,"ReadonlyRootfs":false,"SecurityOpt":null,"UTSMode":"","UsernsMode":"","ShmSize":536870912,"Runtime":"runc","Isolation":"","CpuShares":0,"Memory":0,"NanoCpus":0,"CgroupParent":"","BlkioWeight":0,"BlkioWeightDevice":null,"BlkioDeviceReadBps":null,"BlkioDeviceWriteBps":null,"BlkioDeviceReadIOps":null,"BlkioDeviceWriteIOps":null,"CpuPeriod":0,"CpuQuota":0,"CpuRealtimePeriod":0,"CpuRealtimeRuntime":0,"CpusetCpus":"","CpusetMems":"","Devices":null,"DeviceCgroupRules":null,"DeviceRequests":null,"MemoryReservation":0,"MemorySwap":0,"MemorySwappiness":null,"OomKillDisable":false,"PidsLimit":null,"Ulimits":null,"CpuCount":0,"CpuPercent":0,"IOMaximumIOps":0,"IOMaximumBandwidth":0,"MaskedPaths":["/proc/asound","/proc/acpi","/proc/kcore","/proc/keys","/proc/latency_stats","/proc/timer_list","/proc/timer_stats","/proc/sched_debug","/proc/scsi","/sys/firmware","/sys/devices/virtual/powercap"],"ReadonlyPaths":["/proc/bus","/proc/fs","/proc/irq","/proc/sys","/proc/sysrq-trigger"]},"GraphDriver":{"Data":null,"Name":"overlayfs"},"Mounts":[],"Config":{"Hostname":"24142d801f73","Domainname":"","User":"1200","AttachStdin":false,"AttachStdout":false,"AttachStderr":false,"ExposedPorts":{"4444/tcp":{},"5900/tcp":{}},"Tty":false,"OpenStdin":false,"StdinOnce":false,"Env":["no_proxy=localhost","TZ=Europe/Madrid","PATH=/usr/local/sbin:/usr/local/bin:/usr/sbin:/usr/bin:/sbin:/bin","DEBIAN_FRONTEND=noninteractive","DEBCONF_NONINTERACTIVE_SEEN=true","SEL_USER=seluser","SEL_UID=1200","SEL_GID=1201","HOME=/home/seluser","SEL_DOWNLOAD_DIR=/Downloads","SE_BIND_HOST=false","SE_REJECT_UNSUPPORTED_CAPS=false","SE_OTEL_JAVA_GLOBAL_AUTOCONFIGURE_ENABLED=true","SE_OTEL_TRACES_EXPORTER=otlp","LANG_WHICH=en","LANG_WHERE=US","ENCODING=UTF-8","LANGUAGE=en_US.UTF-8","LANG=","SE_ENABLE_BROWSER_LEFTOVERS_CLEANUP=false","SE_BROWSER_LEFTOVERS_INTERVAL_SECS=3600","SE_BROWSER_LEFTOVERS_PROCESSES_SECS=7200","SE_BROWSER_LEFTOVERS_TEMPFILES_DAYS=1","SE_DRAIN_AFTER_SESSION_COUNT=0","SE_NODE_MAX_SESSIONS=1","SE_NODE_SESSION_TIMEOUT=300","SE_NODE_OVERRIDE_MAX_SESSIONS=false","SE_NODE_HEARTBEAT_PERIOD=30","SE_OTEL_SERVICE_NAME=selenium-standalone","SE_OFFLINE=true","SE_SCREEN_WIDTH=1360","SE_SCREEN_HEIGHT=1020","SE_SCREEN_DEPTH=24","SE_SCREEN_DPI=96","SE_START_XVFB=true","SE_START_VNC=true""
09:46:45.681 [main] DEBUG com.github.dockerjava.zerodep.shaded.org.apache.hc.client5.http.wire -- http-outgoing-2 << ","SE_START_NO_VNC=true","SE_NO_VNC_PORT=7900","SE_VNC_PORT=5900","DISPLAY=:99.0","DISPLAY_NUM=99","CONFIG_FILE=/opt/selenium/config.toml","GENERATE_CONFIG=true","DBUS_SESSION_BUS_ADDRESS=/dev/null","SE_SESSION_REQUEST_TIMEOUT=300","SE_SESSION_RETRY_INTERVAL=15","SE_HEALTHCHECK_INTERVAL=120","SE_RELAX_CHECKS=true"],"Cmd":["/opt/bin/entry_point.sh"],"Image":"selenium/standalone-chrome:4.20.0","Volumes":null,"WorkingDir":"","Entrypoint":null,"OnBuild":null,"Labels":{"authors":"","org.opencontainers.image.ref.name":"ubuntu","org.opencontainers.image.version":"22.04","org.testcontainers":"true","org.testcontainers.lang":"java","org.testcontainers.sessionId":"bfc2ed12-23ce-401f-a1df-f57c73ebd58a","org.testcontainers.version":"1.19.3"}},"NetworkSettings":{"Bridge":"","SandboxID":"","SandboxKey":"","Ports":{},"HairpinMode":false,"LinkLocalIPv6Address":"","LinkLocalIPv6PrefixLen":0,"SecondaryIPAddresses":null,"SecondaryIPv6Addresses":null,"EndpointID":"","Gateway":"","GlobalIPv6Address":"","GlobalIPv6PrefixLen":0,"IPAddress":"","IPPrefixLen":0,"IPv6Gateway":"","MacAddress":"","Networks":{"680d18ca-38a1-4057-a5d5-0ccd248aa2e8":{"IPAMConfig":null,"Links":null,"Aliases":["tc-6DidaMrm","24142d801f73"],"MacAddress":"","DriverOpts":null,"NetworkID":"40fa9c662d55c1f903d10321bbbff97566ce50ab076c1b1f83516e59086538b7","EndpointID":"","Gateway":"","IPAddress":"","IPPrefixLen":0,"IPv6Gateway":"","GlobalIPv6Address":"","GlobalIPv6PrefixLen":0,"DNSNames":["gracious_yalow","tc-6DidaMrm","24142d801f73"]}}}}[\n]"
09:46:45.684 [main] DEBUG com.github.dockerjava.zerodep.shaded.org.apache.hc.client5.http.wire -- http-outgoing-2 << "[\r][\n]"
09:46:45.684 [main] DEBUG com.github.dockerjava.zerodep.shaded.org.apache.hc.client5.http.wire -- http-outgoing-2 << "0[\r][\n]"
09:46:45.685 [main] DEBUG com.github.dockerjava.zerodep.shaded.org.apache.hc.client5.http.wire -- http-outgoing-2 << "[\r][\n]"
09:46:45.685 [main] DEBUG com.github.dockerjava.zerodep.shaded.org.apache.hc.client5.http.impl.classic.InternalHttpClient -- ep-00000026: releasing valid endpoint
09:46:45.685 [main] DEBUG com.github.dockerjava.zerodep.shaded.org.apache.hc.client5.http.impl.io.PoolingHttpClientConnectionManager -- ep-00000026: releasing endpoint
09:46:45.685 [main] DEBUG com.github.dockerjava.zerodep.shaded.org.apache.hc.client5.http.impl.io.PoolingHttpClientConnectionManager -- ep-00000026: connection http-outgoing-2 can be kept alive for 3 MINUTES
09:46:45.685 [main] DEBUG com.github.dockerjava.zerodep.shaded.org.apache.hc.client5.http.impl.io.PoolingHttpClientConnectionManager -- ep-00000026: connection released [route: {}->npipe://localhost:2375][total available: 1; route allocated: 1 of 2147483647; total allocated: 1 of 2147483647]
09:46:45.685 [main] DEBUG org.testcontainers.shaded.com.github.dockerjava.core.command.AbstrDockerCmd -- Cmd: 24142d801f7361732eafc1b45b9f4f07b8ea5bcf8bb59ea6ef508f83b3b4fc02,true,true
09:46:45.686 [main] DEBUG com.github.dockerjava.zerodep.shaded.org.apache.hc.client5.http.impl.classic.InternalHttpClient -- ex-00000028: preparing request execution
09:46:45.687 [main] DEBUG com.github.dockerjava.zerodep.shaded.org.apache.hc.client5.http.protocol.RequestAddCookies -- Cookie spec selected: strict
09:46:45.687 [main] DEBUG com.github.dockerjava.zerodep.shaded.org.apache.hc.client5.http.protocol.RequestAuthCache -- Auth cache not set in the context
09:46:45.687 [main] DEBUG com.github.dockerjava.zerodep.shaded.org.apache.hc.client5.http.impl.classic.ProtocolExec -- ex-00000028: target auth state: UNCHALLENGED
09:46:45.687 [main] DEBUG com.github.dockerjava.zerodep.shaded.org.apache.hc.client5.http.impl.classic.ProtocolExec -- ex-00000028: proxy auth state: UNCHALLENGED
09:46:45.687 [main] DEBUG com.github.dockerjava.zerodep.shaded.org.apache.hc.client5.http.impl.classic.ConnectExec -- ex-00000028: acquiring connection with route {}->npipe://localhost:2375
09:46:45.687 [main] DEBUG com.github.dockerjava.zerodep.shaded.org.apache.hc.client5.http.impl.classic.InternalHttpClient -- ex-00000028: acquiring endpoint (3 MINUTES)
09:46:45.687 [main] DEBUG com.github.dockerjava.zerodep.shaded.org.apache.hc.client5.http.impl.io.PoolingHttpClientConnectionManager -- ex-00000028: endpoint lease request (3 MINUTES) [route: {}->npipe://localhost:2375][total available: 1; route allocated: 1 of 2147483647; total allocated: 1 of 2147483647]
09:46:45.687 [main] DEBUG com.github.dockerjava.zerodep.shaded.org.apache.hc.client5.http.impl.io.PoolingHttpClientConnectionManager -- ex-00000028: endpoint leased [route: {}->npipe://localhost:2375][total available: 0; route allocated: 1 of 2147483647; total allocated: 1 of 2147483647]
09:46:45.687 [main] DEBUG com.github.dockerjava.zerodep.shaded.org.apache.hc.client5.http.impl.io.PoolingHttpClientConnectionManager -- ex-00000028: acquired ep-00000027
09:46:45.687 [main] DEBUG com.github.dockerjava.zerodep.shaded.org.apache.hc.client5.http.impl.classic.InternalHttpClient -- ex-00000028: acquired endpoint ep-00000027
09:46:45.687 [main] DEBUG com.github.dockerjava.zerodep.shaded.org.apache.hc.client5.http.impl.classic.MainClientExec -- ex-00000028: executing DELETE /v1.32/containers/24142d801f7361732eafc1b45b9f4f07b8ea5bcf8bb59ea6ef508f83b3b4fc02?v=true&force=true HTTP/1.1
09:46:45.687 [main] DEBUG com.github.dockerjava.zerodep.shaded.org.apache.hc.client5.http.impl.classic.InternalHttpClient -- ep-00000027: start execution ex-00000028
09:46:45.687 [main] DEBUG com.github.dockerjava.zerodep.shaded.org.apache.hc.client5.http.impl.io.PoolingHttpClientConnectionManager -- ep-00000027: executing exchange ex-00000028 over http-outgoing-2
09:46:45.687 [main] DEBUG com.github.dockerjava.zerodep.shaded.org.apache.hc.client5.http.headers -- http-outgoing-2 >> DELETE /v1.32/containers/24142d801f7361732eafc1b45b9f4f07b8ea5bcf8bb59ea6ef508f83b3b4fc02?v=true&force=true HTTP/1.1
09:46:45.687 [main] DEBUG com.github.dockerjava.zerodep.shaded.org.apache.hc.client5.http.headers -- http-outgoing-2 >> accept: application/json
09:46:45.687 [main] DEBUG com.github.dockerjava.zerodep.shaded.org.apache.hc.client5.http.headers -- http-outgoing-2 >> x-tc-sid: bfc2ed12-23ce-401f-a1df-f57c73ebd58a
09:46:45.687 [main] DEBUG com.github.dockerjava.zerodep.shaded.org.apache.hc.client5.http.headers -- http-outgoing-2 >> User-Agent: tc-java/1.19.3
09:46:45.687 [main] DEBUG com.github.dockerjava.zerodep.shaded.org.apache.hc.client5.http.headers -- http-outgoing-2 >> Accept-Encoding: gzip, x-gzip, deflate
09:46:45.687 [main] DEBUG com.github.dockerjava.zerodep.shaded.org.apache.hc.client5.http.headers -- http-outgoing-2 >> Host: localhost:2375
09:46:45.687 [main] DEBUG com.github.dockerjava.zerodep.shaded.org.apache.hc.client5.http.headers -- http-outgoing-2 >> Connection: keep-alive
09:46:45.687 [main] DEBUG com.github.dockerjava.zerodep.shaded.org.apache.hc.client5.http.wire -- http-outgoing-2 >> "DELETE /v1.32/containers/24142d801f7361732eafc1b45b9f4f07b8ea5bcf8bb59ea6ef508f83b3b4fc02?v=true&force=true HTTP/1.1[\r][\n]"
09:46:45.687 [main] DEBUG com.github.dockerjava.zerodep.shaded.org.apache.hc.client5.http.wire -- http-outgoing-2 >> "accept: application/json[\r][\n]"
09:46:45.687 [main] DEBUG com.github.dockerjava.zerodep.shaded.org.apache.hc.client5.http.wire -- http-outgoing-2 >> "x-tc-sid: bfc2ed12-23ce-401f-a1df-f57c73ebd58a[\r][\n]"
09:46:45.687 [main] DEBUG com.github.dockerjava.zerodep.shaded.org.apache.hc.client5.http.wire -- http-outgoing-2 >> "User-Agent: tc-java/1.19.3[\r][\n]"
09:46:45.687 [main] DEBUG com.github.dockerjava.zerodep.shaded.org.apache.hc.client5.http.wire -- http-outgoing-2 >> "Accept-Encoding: gzip, x-gzip, deflate[\r][\n]"
09:46:45.687 [main] DEBUG com.github.dockerjava.zerodep.shaded.org.apache.hc.client5.http.wire -- http-outgoing-2 >> "Host: localhost:2375[\r][\n]"
09:46:45.687 [main] DEBUG com.github.dockerjava.zerodep.shaded.org.apache.hc.client5.http.wire -- http-outgoing-2 >> "Connection: keep-alive[\r][\n]"
09:46:45.687 [main] DEBUG com.github.dockerjava.zerodep.shaded.org.apache.hc.client5.http.wire -- http-outgoing-2 >> "[\r][\n]"
09:46:45.741 [main] DEBUG com.github.dockerjava.zerodep.shaded.org.apache.hc.client5.http.wire -- http-outgoing-2 << "HTTP/1.1 204 No Content[\r][\n]"
09:46:45.741 [main] DEBUG com.github.dockerjava.zerodep.shaded.org.apache.hc.client5.http.wire -- http-outgoing-2 << "Api-Version: 1.47[\r][\n]"
09:46:45.741 [main] DEBUG com.github.dockerjava.zerodep.shaded.org.apache.hc.client5.http.wire -- http-outgoing-2 << "Date: Fri, 02 May 2025 07:46:45 GMT[\r][\n]"
09:46:45.741 [main] DEBUG com.github.dockerjava.zerodep.shaded.org.apache.hc.client5.http.wire -- http-outgoing-2 << "Docker-Experimental: false[\r][\n]"
09:46:45.741 [main] DEBUG com.github.dockerjava.zerodep.shaded.org.apache.hc.client5.http.wire -- http-outgoing-2 << "Ostype: linux[\r][\n]"
09:46:45.741 [main] DEBUG com.github.dockerjava.zerodep.shaded.org.apache.hc.client5.http.wire -- http-outgoing-2 << "Server: Docker/27.5.1 (linux)[\r][\n]"
09:46:45.741 [main] DEBUG com.github.dockerjava.zerodep.shaded.org.apache.hc.client5.http.wire -- http-outgoing-2 << "[\r][\n]"
09:46:45.742 [main] DEBUG com.github.dockerjava.zerodep.shaded.org.apache.hc.client5.http.headers -- http-outgoing-2 << HTTP/1.1 204 No Content
09:46:45.742 [main] DEBUG com.github.dockerjava.zerodep.shaded.org.apache.hc.client5.http.headers -- http-outgoing-2 << Api-Version: 1.47
09:46:45.742 [main] DEBUG com.github.dockerjava.zerodep.shaded.org.apache.hc.client5.http.headers -- http-outgoing-2 << Date: Fri, 02 May 2025 07:46:45 GMT
09:46:45.742 [main] DEBUG com.github.dockerjava.zerodep.shaded.org.apache.hc.client5.http.headers -- http-outgoing-2 << Docker-Experimental: false
09:46:45.742 [main] DEBUG com.github.dockerjava.zerodep.shaded.org.apache.hc.client5.http.headers -- http-outgoing-2 << Ostype: linux
09:46:45.742 [main] DEBUG com.github.dockerjava.zerodep.shaded.org.apache.hc.client5.http.headers -- http-outgoing-2 << Server: Docker/27.5.1 (linux)
09:46:45.742 [main] DEBUG com.github.dockerjava.zerodep.shaded.org.apache.hc.client5.http.impl.classic.MainClientExec -- ex-00000028: connection can be kept alive for 3 MINUTES
09:46:45.742 [main] DEBUG com.github.dockerjava.zerodep.shaded.org.apache.hc.client5.http.impl.classic.InternalHttpClient -- ep-00000027: releasing valid endpoint
09:46:45.742 [main] DEBUG com.github.dockerjava.zerodep.shaded.org.apache.hc.client5.http.impl.io.PoolingHttpClientConnectionManager -- ep-00000027: releasing endpoint
09:46:45.742 [main] DEBUG com.github.dockerjava.zerodep.shaded.org.apache.hc.client5.http.impl.io.PoolingHttpClientConnectionManager -- ep-00000027: connection http-outgoing-2 can be kept alive for 3 MINUTES
09:46:45.742 [main] DEBUG com.github.dockerjava.zerodep.shaded.org.apache.hc.client5.http.impl.io.PoolingHttpClientConnectionManager -- ep-00000027: connection released [route: {}->npipe://localhost:2375][total available: 1; route allocated: 1 of 2147483647; total allocated: 1 of 2147483647]
09:46:45.742 [main] DEBUG org.testcontainers.utility.ResourceReaper -- Removed container and associated volume(s): selenium/standalone-chrome:4.20.0
]]></system-out>
    <system-err><![CDATA[may 02, 2025 9:46:04 A. M. org.openqa.selenium.remote.tracing.opentelemetry.OpenTelemetryTracer createTracer
INFORMACIÓN: Using OpenTelemetry for tracing
]]></system-err>
  </testcase>
</testsuite>