<?xml version="1.0" encoding="UTF-8"?>
<testsuite xmlns:xsi="http://www.w3.org/2001/XMLSchema-instance" xsi:noNamespaceSchemaLocation="https://maven.apache.org/surefire/maven-surefire-plugin/xsd/surefire-test-report-3.0.xsd" version="3.0" name="TestContainersBrowserTest" time="19.634" tests="1" errors="0" skipped="0" failures="0">
  <properties>
    <property name="java.specification.version" value="21"/>
    <property name="sun.cpu.isalist" value="amd64"/>
    <property name="sun.jnu.encoding" value="Cp1252"/>
    <property name="java.class.path" value="C:\Users\Elena\OneDrive\Escritorio\calidadPresentacion\testcontainers-browser\target\test-classes;C:\Users\Elena\OneDrive\Escritorio\calidadPresentacion\testcontainers-browser\target\classes;C:\Users\Elena\.m2\repository\org\junit\jupiter\junit-jupiter-api\5.10.0\junit-jupiter-api-5.10.0.jar;C:\Users\Elena\.m2\repository\org\opentest4j\opentest4j\1.3.0\opentest4j-1.3.0.jar;C:\Users\Elena\.m2\repository\org\junit\platform\junit-platform-commons\1.10.0\junit-platform-commons-1.10.0.jar;C:\Users\Elena\.m2\repository\org\apiguardian\apiguardian-api\1.1.2\apiguardian-api-1.1.2.jar;C:\Users\Elena\.m2\repository\org\junit\jupiter\junit-jupiter-engine\5.10.0\junit-jupiter-engine-5.10.0.jar;C:\Users\Elena\.m2\repository\org\junit\platform\junit-platform-engine\1.10.0\junit-platform-engine-1.10.0.jar;C:\Users\Elena\.m2\repository\ch\qos\logback\logback-classic\1.4.14\logback-classic-1.4.14.jar;C:\Users\Elena\.m2\repository\ch\qos\logback\logback-core\1.4.14\logback-core-1.4.14.jar;C:\Users\Elena\.m2\repository\org\slf4j\slf4j-api\2.0.7\slf4j-api-2.0.7.jar;C:\Users\Elena\.m2\repository\org\seleniumhq\selenium\selenium-java\4.20.0\selenium-java-4.20.0.jar;C:\Users\Elena\.m2\repository\org\seleniumhq\selenium\selenium-api\4.20.0\selenium-api-4.20.0.jar;C:\Users\Elena\.m2\repository\org\seleniumhq\selenium\selenium-chrome-driver\4.20.0\selenium-chrome-driver-4.20.0.jar;C:\Users\Elena\.m2\repository\org\seleniumhq\selenium\selenium-chromium-driver\4.20.0\selenium-chromium-driver-4.20.0.jar;C:\Users\Elena\.m2\repository\org\seleniumhq\selenium\selenium-devtools-v122\4.20.0\selenium-devtools-v122-4.20.0.jar;C:\Users\Elena\.m2\repository\org\seleniumhq\selenium\selenium-devtools-v123\4.20.0\selenium-devtools-v123-4.20.0.jar;C:\Users\Elena\.m2\repository\org\seleniumhq\selenium\selenium-devtools-v124\4.20.0\selenium-devtools-v124-4.20.0.jar;C:\Users\Elena\.m2\repository\org\seleniumhq\selenium\selenium-devtools-v85\4.20.0\selenium-devtools-v85-4.20.0.jar;C:\Users\Elena\.m2\repository\org\seleniumhq\selenium\selenium-edge-driver\4.20.0\selenium-edge-driver-4.20.0.jar;C:\Users\Elena\.m2\repository\org\seleniumhq\selenium\selenium-firefox-driver\4.20.0\selenium-firefox-driver-4.20.0.jar;C:\Users\Elena\.m2\repository\org\seleniumhq\selenium\selenium-ie-driver\4.20.0\selenium-ie-driver-4.20.0.jar;C:\Users\Elena\.m2\repository\org\seleniumhq\selenium\selenium-safari-driver\4.20.0\selenium-safari-driver-4.20.0.jar;C:\Users\Elena\.m2\repository\org\seleniumhq\selenium\selenium-support\4.20.0\selenium-support-4.20.0.jar;C:\Users\Elena\.m2\repository\org\seleniumhq\selenium\selenium-remote-driver\4.20.0\selenium-remote-driver-4.20.0.jar;C:\Users\Elena\.m2\repository\com\google\auto\service\auto-service-annotations\1.1.1\auto-service-annotations-1.1.1.jar;C:\Users\Elena\.m2\repository\com\google\guava\guava\33.1.0-jre\guava-33.1.0-jre.jar;C:\Users\Elena\.m2\repository\com\google\guava\failureaccess\1.0.2\failureaccess-1.0.2.jar;C:\Users\Elena\.m2\repository\com\google\guava\listenablefuture\9999.0-empty-to-avoid-conflict-with-guava\listenablefuture-9999.0-empty-to-avoid-conflict-with-guava.jar;C:\Users\Elena\.m2\repository\com\google\code\findbugs\jsr305\3.0.2\jsr305-3.0.2.jar;C:\Users\Elena\.m2\repository\org\checkerframework\checker-qual\3.42.0\checker-qual-3.42.0.jar;C:\Users\Elena\.m2\repository\com\google\errorprone\error_prone_annotations\2.26.1\error_prone_annotations-2.26.1.jar;C:\Users\Elena\.m2\repository\com\google\j2objc\j2objc-annotations\3.0.0\j2objc-annotations-3.0.0.jar;C:\Users\Elena\.m2\repository\io\opentelemetry\semconv\opentelemetry-semconv\1.25.0-alpha\opentelemetry-semconv-1.25.0-alpha.jar;C:\Users\Elena\.m2\repository\io\opentelemetry\opentelemetry-api\1.37.0\opentelemetry-api-1.37.0.jar;C:\Users\Elena\.m2\repository\io\opentelemetry\opentelemetry-context\1.37.0\opentelemetry-context-1.37.0.jar;C:\Users\Elena\.m2\repository\io\opentelemetry\opentelemetry-exporter-logging\1.37.0\opentelemetry-exporter-logging-1.37.0.jar;C:\Users\Elena\.m2\repository\io\opentelemetry\opentelemetry-sdk-common\1.37.0\opentelemetry-sdk-common-1.37.0.jar;C:\Users\Elena\.m2\repository\io\opentelemetry\opentelemetry-sdk-extension-autoconfigure-spi\1.37.0\opentelemetry-sdk-extension-autoconfigure-spi-1.37.0.jar;C:\Users\Elena\.m2\repository\io\opentelemetry\opentelemetry-sdk-extension-autoconfigure\1.37.0\opentelemetry-sdk-extension-autoconfigure-1.37.0.jar;C:\Users\Elena\.m2\repository\io\opentelemetry\opentelemetry-api-incubator\1.37.0-alpha\opentelemetry-api-incubator-1.37.0-alpha.jar;C:\Users\Elena\.m2\repository\io\opentelemetry\opentelemetry-sdk-trace\1.37.0\opentelemetry-sdk-trace-1.37.0.jar;C:\Users\Elena\.m2\repository\io\opentelemetry\opentelemetry-sdk\1.37.0\opentelemetry-sdk-1.37.0.jar;C:\Users\Elena\.m2\repository\io\opentelemetry\opentelemetry-sdk-metrics\1.37.0\opentelemetry-sdk-metrics-1.37.0.jar;C:\Users\Elena\.m2\repository\io\opentelemetry\opentelemetry-sdk-logs\1.37.0\opentelemetry-sdk-logs-1.37.0.jar;C:\Users\Elena\.m2\repository\net\bytebuddy\byte-buddy\1.14.14\byte-buddy-1.14.14.jar;C:\Users\Elena\.m2\repository\org\seleniumhq\selenium\selenium-http\4.20.0\selenium-http-4.20.0.jar;C:\Users\Elena\.m2\repository\dev\failsafe\failsafe\3.3.2\failsafe-3.3.2.jar;C:\Users\Elena\.m2\repository\org\seleniumhq\selenium\selenium-json\4.20.0\selenium-json-4.20.0.jar;C:\Users\Elena\.m2\repository\org\seleniumhq\selenium\selenium-manager\4.20.0\selenium-manager-4.20.0.jar;C:\Users\Elena\.m2\repository\org\seleniumhq\selenium\selenium-os\4.20.0\selenium-os-4.20.0.jar;C:\Users\Elena\.m2\repository\org\apache\commons\commons-exec\1.4.0\commons-exec-1.4.0.jar;C:\Users\Elena\.m2\repository\org\testcontainers\junit-jupiter\1.19.3\junit-jupiter-1.19.3.jar;C:\Users\Elena\.m2\repository\org\testcontainers\testcontainers\1.19.3\testcontainers-1.19.3.jar;C:\Users\Elena\.m2\repository\junit\junit\4.13.2\junit-4.13.2.jar;C:\Users\Elena\.m2\repository\org\hamcrest\hamcrest-core\1.3\hamcrest-core-1.3.jar;C:\Users\Elena\.m2\repository\org\apache\commons\commons-compress\1.24.0\commons-compress-1.24.0.jar;C:\Users\Elena\.m2\repository\org\rnorth\duct-tape\duct-tape\1.0.8\duct-tape-1.0.8.jar;C:\Users\Elena\.m2\repository\org\jetbrains\annotations\17.0.0\annotations-17.0.0.jar;C:\Users\Elena\.m2\repository\com\github\docker-java\docker-java-api\3.3.4\docker-java-api-3.3.4.jar;C:\Users\Elena\.m2\repository\com\fasterxml\jackson\core\jackson-annotations\2.10.3\jackson-annotations-2.10.3.jar;C:\Users\Elena\.m2\repository\com\github\docker-java\docker-java-transport-zerodep\3.3.4\docker-java-transport-zerodep-3.3.4.jar;C:\Users\Elena\.m2\repository\com\github\docker-java\docker-java-transport\3.3.4\docker-java-transport-3.3.4.jar;C:\Users\Elena\.m2\repository\net\java\dev\jna\jna\5.13.0\jna-5.13.0.jar;C:\Users\Elena\.m2\repository\org\testcontainers\selenium\1.19.3\selenium-1.19.3.jar;"/>
    <property name="java.vm.vendor" value="Eclipse Adoptium"/>
    <property name="sun.arch.data.model" value="64"/>
    <property name="user.variant" value=""/>
    <property name="java.vendor.url" value="https://adoptium.net/"/>
    <property name="user.timezone" value="Europe/Madrid"/>
    <property name="os.name" value="Windows 11"/>
    <property name="java.vm.specification.version" value="21"/>
    <property name="sun.java.launcher" value="SUN_STANDARD"/>
    <property name="user.country" value="ES"/>
    <property name="sun.boot.library.path" value="C:\Users\Elena\AppData\Roaming\Code\User\globalStorage\pleiades.java-extension-pack-jdk\java\21\bin"/>
    <property name="sun.java.command" value="C:\Users\Elena\AppData\Local\Temp\surefire6968891580977455139\surefirebooter-20250502102356908_3.jar C:\Users\Elena\AppData\Local\Temp\surefire6968891580977455139 2025-05-02T10-23-56_582-jvmRun1 surefire-20250502102356908_1tmp surefire_0-20250502102356908_2tmp"/>
    <property name="jdk.debug" value="release"/>
    <property name="surefire.test.class.path" value="C:\Users\Elena\OneDrive\Escritorio\calidadPresentacion\testcontainers-browser\target\test-classes;C:\Users\Elena\OneDrive\Escritorio\calidadPresentacion\testcontainers-browser\target\classes;C:\Users\Elena\.m2\repository\org\junit\jupiter\junit-jupiter-api\5.10.0\junit-jupiter-api-5.10.0.jar;C:\Users\Elena\.m2\repository\org\opentest4j\opentest4j\1.3.0\opentest4j-1.3.0.jar;C:\Users\Elena\.m2\repository\org\junit\platform\junit-platform-commons\1.10.0\junit-platform-commons-1.10.0.jar;C:\Users\Elena\.m2\repository\org\apiguardian\apiguardian-api\1.1.2\apiguardian-api-1.1.2.jar;C:\Users\Elena\.m2\repository\org\junit\jupiter\junit-jupiter-engine\5.10.0\junit-jupiter-engine-5.10.0.jar;C:\Users\Elena\.m2\repository\org\junit\platform\junit-platform-engine\1.10.0\junit-platform-engine-1.10.0.jar;C:\Users\Elena\.m2\repository\ch\qos\logback\logback-classic\1.4.14\logback-classic-1.4.14.jar;C:\Users\Elena\.m2\repository\ch\qos\logback\logback-core\1.4.14\logback-core-1.4.14.jar;C:\Users\Elena\.m2\repository\org\slf4j\slf4j-api\2.0.7\slf4j-api-2.0.7.jar;C:\Users\Elena\.m2\repository\org\seleniumhq\selenium\selenium-java\4.20.0\selenium-java-4.20.0.jar;C:\Users\Elena\.m2\repository\org\seleniumhq\selenium\selenium-api\4.20.0\selenium-api-4.20.0.jar;C:\Users\Elena\.m2\repository\org\seleniumhq\selenium\selenium-chrome-driver\4.20.0\selenium-chrome-driver-4.20.0.jar;C:\Users\Elena\.m2\repository\org\seleniumhq\selenium\selenium-chromium-driver\4.20.0\selenium-chromium-driver-4.20.0.jar;C:\Users\Elena\.m2\repository\org\seleniumhq\selenium\selenium-devtools-v122\4.20.0\selenium-devtools-v122-4.20.0.jar;C:\Users\Elena\.m2\repository\org\seleniumhq\selenium\selenium-devtools-v123\4.20.0\selenium-devtools-v123-4.20.0.jar;C:\Users\Elena\.m2\repository\org\seleniumhq\selenium\selenium-devtools-v124\4.20.0\selenium-devtools-v124-4.20.0.jar;C:\Users\Elena\.m2\repository\org\seleniumhq\selenium\selenium-devtools-v85\4.20.0\selenium-devtools-v85-4.20.0.jar;C:\Users\Elena\.m2\repository\org\seleniumhq\selenium\selenium-edge-driver\4.20.0\selenium-edge-driver-4.20.0.jar;C:\Users\Elena\.m2\repository\org\seleniumhq\selenium\selenium-firefox-driver\4.20.0\selenium-firefox-driver-4.20.0.jar;C:\Users\Elena\.m2\repository\org\seleniumhq\selenium\selenium-ie-driver\4.20.0\selenium-ie-driver-4.20.0.jar;C:\Users\Elena\.m2\repository\org\seleniumhq\selenium\selenium-safari-driver\4.20.0\selenium-safari-driver-4.20.0.jar;C:\Users\Elena\.m2\repository\org\seleniumhq\selenium\selenium-support\4.20.0\selenium-support-4.20.0.jar;C:\Users\Elena\.m2\repository\org\seleniumhq\selenium\selenium-remote-driver\4.20.0\selenium-remote-driver-4.20.0.jar;C:\Users\Elena\.m2\repository\com\google\auto\service\auto-service-annotations\1.1.1\auto-service-annotations-1.1.1.jar;C:\Users\Elena\.m2\repository\com\google\guava\guava\33.1.0-jre\guava-33.1.0-jre.jar;C:\Users\Elena\.m2\repository\com\google\guava\failureaccess\1.0.2\failureaccess-1.0.2.jar;C:\Users\Elena\.m2\repository\com\google\guava\listenablefuture\9999.0-empty-to-avoid-conflict-with-guava\listenablefuture-9999.0-empty-to-avoid-conflict-with-guava.jar;C:\Users\Elena\.m2\repository\com\google\code\findbugs\jsr305\3.0.2\jsr305-3.0.2.jar;C:\Users\Elena\.m2\repository\org\checkerframework\checker-qual\3.42.0\checker-qual-3.42.0.jar;C:\Users\Elena\.m2\repository\com\google\errorprone\error_prone_annotations\2.26.1\error_prone_annotations-2.26.1.jar;C:\Users\Elena\.m2\repository\com\google\j2objc\j2objc-annotations\3.0.0\j2objc-annotations-3.0.0.jar;C:\Users\Elena\.m2\repository\io\opentelemetry\semconv\opentelemetry-semconv\1.25.0-alpha\opentelemetry-semconv-1.25.0-alpha.jar;C:\Users\Elena\.m2\repository\io\opentelemetry\opentelemetry-api\1.37.0\opentelemetry-api-1.37.0.jar;C:\Users\Elena\.m2\repository\io\opentelemetry\opentelemetry-context\1.37.0\opentelemetry-context-1.37.0.jar;C:\Users\Elena\.m2\repository\io\opentelemetry\opentelemetry-exporter-logging\1.37.0\opentelemetry-exporter-logging-1.37.0.jar;C:\Users\Elena\.m2\repository\io\opentelemetry\opentelemetry-sdk-common\1.37.0\opentelemetry-sdk-common-1.37.0.jar;C:\Users\Elena\.m2\repository\io\opentelemetry\opentelemetry-sdk-extension-autoconfigure-spi\1.37.0\opentelemetry-sdk-extension-autoconfigure-spi-1.37.0.jar;C:\Users\Elena\.m2\repository\io\opentelemetry\opentelemetry-sdk-extension-autoconfigure\1.37.0\opentelemetry-sdk-extension-autoconfigure-1.37.0.jar;C:\Users\Elena\.m2\repository\io\opentelemetry\opentelemetry-api-incubator\1.37.0-alpha\opentelemetry-api-incubator-1.37.0-alpha.jar;C:\Users\Elena\.m2\repository\io\opentelemetry\opentelemetry-sdk-trace\1.37.0\opentelemetry-sdk-trace-1.37.0.jar;C:\Users\Elena\.m2\repository\io\opentelemetry\opentelemetry-sdk\1.37.0\opentelemetry-sdk-1.37.0.jar;C:\Users\Elena\.m2\repository\io\opentelemetry\opentelemetry-sdk-metrics\1.37.0\opentelemetry-sdk-metrics-1.37.0.jar;C:\Users\Elena\.m2\repository\io\opentelemetry\opentelemetry-sdk-logs\1.37.0\opentelemetry-sdk-logs-1.37.0.jar;C:\Users\Elena\.m2\repository\net\bytebuddy\byte-buddy\1.14.14\byte-buddy-1.14.14.jar;C:\Users\Elena\.m2\repository\org\seleniumhq\selenium\selenium-http\4.20.0\selenium-http-4.20.0.jar;C:\Users\Elena\.m2\repository\dev\failsafe\failsafe\3.3.2\failsafe-3.3.2.jar;C:\Users\Elena\.m2\repository\org\seleniumhq\selenium\selenium-json\4.20.0\selenium-json-4.20.0.jar;C:\Users\Elena\.m2\repository\org\seleniumhq\selenium\selenium-manager\4.20.0\selenium-manager-4.20.0.jar;C:\Users\Elena\.m2\repository\org\seleniumhq\selenium\selenium-os\4.20.0\selenium-os-4.20.0.jar;C:\Users\Elena\.m2\repository\org\apache\commons\commons-exec\1.4.0\commons-exec-1.4.0.jar;C:\Users\Elena\.m2\repository\org\testcontainers\junit-jupiter\1.19.3\junit-jupiter-1.19.3.jar;C:\Users\Elena\.m2\repository\org\testcontainers\testcontainers\1.19.3\testcontainers-1.19.3.jar;C:\Users\Elena\.m2\repository\junit\junit\4.13.2\junit-4.13.2.jar;C:\Users\Elena\.m2\repository\org\hamcrest\hamcrest-core\1.3\hamcrest-core-1.3.jar;C:\Users\Elena\.m2\repository\org\apache\commons\commons-compress\1.24.0\commons-compress-1.24.0.jar;C:\Users\Elena\.m2\repository\org\rnorth\duct-tape\duct-tape\1.0.8\duct-tape-1.0.8.jar;C:\Users\Elena\.m2\repository\org\jetbrains\annotations\17.0.0\annotations-17.0.0.jar;C:\Users\Elena\.m2\repository\com\github\docker-java\docker-java-api\3.3.4\docker-java-api-3.3.4.jar;C:\Users\Elena\.m2\repository\com\fasterxml\jackson\core\jackson-annotations\2.10.3\jackson-annotations-2.10.3.jar;C:\Users\Elena\.m2\repository\com\github\docker-java\docker-java-transport-zerodep\3.3.4\docker-java-transport-zerodep-3.3.4.jar;C:\Users\Elena\.m2\repository\com\github\docker-java\docker-java-transport\3.3.4\docker-java-transport-3.3.4.jar;C:\Users\Elena\.m2\repository\net\java\dev\jna\jna\5.13.0\jna-5.13.0.jar;C:\Users\Elena\.m2\repository\org\testcontainers\selenium\1.19.3\selenium-1.19.3.jar;"/>
    <property name="sun.cpu.endian" value="little"/>
    <property name="user.home" value="C:\Users\Elena"/>
    <property name="user.language" value="es"/>
    <property name="java.specification.vendor" value="Oracle Corporation"/>
    <property name="java.version.date" value="2025-01-21"/>
    <property name="java.home" value="C:\Users\Elena\AppData\Roaming\Code\User\globalStorage\pleiades.java-extension-pack-jdk\java\21"/>
    <property name="file.separator" value="\"/>
    <property name="basedir" value="C:\Users\Elena\OneDrive\Escritorio\calidadPresentacion\testcontainers-browser"/>
    <property name="java.vm.compressedOopsMode" value="Zero based"/>
    <property name="line.separator" value="&#10;"/>
    <property name="java.vm.specification.vendor" value="Oracle Corporation"/>
    <property name="java.specification.name" value="Java Platform API Specification"/>
    <property name="java.awt.headless" value="true"/>
    <property name="surefire.real.class.path" value="C:\Users\Elena\AppData\Local\Temp\surefire6968891580977455139\surefirebooter-20250502102356908_3.jar"/>
    <property name="user.script" value=""/>
    <property name="sun.management.compiler" value="HotSpot 64-Bit Tiered Compilers"/>
    <property name="java.runtime.version" value="21.0.6+7-LTS"/>
    <property name="user.name" value="Elena"/>
    <property name="stdout.encoding" value="UTF-8"/>
    <property name="path.separator" value=";"/>
    <property name="otel.metrics.exporter" value="none"/>
    <property name="os.version" value="10.0"/>
    <property name="java.runtime.name" value="OpenJDK Runtime Environment"/>
    <property name="otel.traces.exporter" value="none"/>
    <property name="file.encoding" value="UTF-8"/>
    <property name="java.vm.name" value="OpenJDK 64-Bit Server VM"/>
    <property name="java.vendor.version" value="Temurin-21.0.6+7"/>
    <property name="localRepository" value="C:\Users\Elena\.m2\repository"/>
    <property name="java.vendor.url.bug" value="https://github.com/adoptium/adoptium-support/issues"/>
    <property name="otel.logs.exporter" value="none"/>
    <property name="java.io.tmpdir" value="C:\Users\Elena\AppData\Local\Temp\"/>
    <property name="java.version" value="21.0.6"/>
    <property name="user.dir" value="C:\Users\Elena\OneDrive\Escritorio\calidadPresentacion\testcontainers-browser"/>
    <property name="os.arch" value="amd64"/>
    <property name="java.vm.specification.name" value="Java Virtual Machine Specification"/>
    <property name="sun.os.patch.level" value=""/>
    <property name="native.encoding" value="Cp1252"/>
    <property name="java.library.path" value="C:\Users\Elena\AppData\Roaming\Code\User\globalStorage\pleiades.java-extension-pack-jdk\java\21\bin;C:\WINDOWS\Sun\Java\bin;C:\WINDOWS\system32;C:\WINDOWS;C:\Users\Elena\AppData\Roaming\Code\User\globalStorage\pleiades.java-extension-pack-jdk\java\21\bin;C:\Users\Elena\bin;C:\Program Files\Git\mingw64\bin;C:\Program Files\Git\usr\local\bin;C:\Program Files\Git\usr\bin;C:\Program Files\Git\usr\bin;C:\Program Files\Git\mingw64\bin;C:\Program Files\Git\usr\bin;C:\Users\Elena\bin;C:\Users\Elena\OneDrive\Escritorio\php-8.4.5-Win32-vs17-x64;C:\Program Files\Java\jdk-23\bin;C:\Program Files\MySQL Server 9.2\bin;C:\WINDOWS\system32;C:\WINDOWS;C:\WINDOWS\System32\Wbem;C:\Program Files\Zulu\zulu-22\bin;C:\WINDOWS\System32\WindowsPowerShell\v1.0;C:\WINDOWS\System32\OpenSSH;C:\Program Files\Java\jdk-21\bin;C:\Program Files\Git\cmd;C:\FPC\3.2.2\bin\i386-Win32;C:\Program Files\MySQL\MySQL Server 9.2\bin;C:\Program Files\Docker\Docker\resources\bin;%NVM_HOME%;%NVM_SYMLINK%;C:\Users\Elena\OneDrive\apache-maven-3.9.9\bin;C:\Users\Elena\AppData\Local\Programs\Microsoft VS Code\bin;C:\Users\Elena\AppData\Roaming\npm;C:\Users\Elena\AppData\Local\Programs\mongosh;C:\Users\Elena\.fly\bin;C:\Program Files\heroku\bin;C:\Users\Elena\AppData\Local\Microsoft\WindowsApps;C:\Users\Elena\AppData\Local\nvm;C:\nvm4w\nodejs;C:\Program Files\Git\usr\bin\vendor_perl;C:\Program Files\Git\usr\bin\core_perl;."/>
    <property name="java.vm.info" value="mixed mode, sharing"/>
    <property name="stderr.encoding" value="UTF-8"/>
    <property name="java.vendor" value="Eclipse Adoptium"/>
    <property name="java.vm.version" value="21.0.6+7-LTS"/>
    <property name="sun.io.unicode.encoding" value="UnicodeLittle"/>
    <property name="java.class.version" value="65.0"/>
  </properties>
  <testcase name="testHttpCat404Direct" classname="TestContainersBrowserTest" time="19.305">
    <system-out><![CDATA[10:23:58.118 [main] DEBUG org.testcontainers.utility.TestcontainersConfiguration -- Testcontainers configuration overrides will be loaded from file:/C:/Users/Elena/.testcontainers.properties
10:23:58.149 [main] INFO org.testcontainers.images.PullPolicy -- Image pull policy will be performed by: DefaultPullPolicy()
10:23:58.153 [main] INFO org.testcontainers.utility.ImageNameSubstitutor -- Image name substitution will be performed by: DefaultImageNameSubstitutor (composite of 'ConfigurationFileImageNameSubstitutor' and 'PrefixingImageNameSubstitutor')
10:23:58.562 [main] INFO org.testcontainers.dockerclient.DockerClientProviderStrategy -- Loaded org.testcontainers.dockerclient.NpipeSocketClientProviderStrategy from ~/.testcontainers.properties, will try it first
10:23:58.572 [main] DEBUG org.testcontainers.dockerclient.DockerClientProviderStrategy -- Trying out strategy: NpipeSocketClientProviderStrategy
10:23:58.741 [main] DEBUG org.testcontainers.shaded.com.github.dockerjava.core.command.AbstrDockerCmd -- Cmd: 
10:23:58.763 [main] DEBUG com.github.dockerjava.zerodep.shaded.org.apache.hc.client5.http.impl.classic.InternalHttpClient -- ex-00000001: preparing request execution
10:23:58.767 [main] DEBUG com.github.dockerjava.zerodep.shaded.org.apache.hc.client5.http.protocol.RequestAddCookies -- Cookie spec selected: strict
10:23:58.772 [main] DEBUG com.github.dockerjava.zerodep.shaded.org.apache.hc.client5.http.protocol.RequestAuthCache -- Auth cache not set in the context
10:23:58.772 [main] DEBUG com.github.dockerjava.zerodep.shaded.org.apache.hc.client5.http.impl.classic.ProtocolExec -- ex-00000001: target auth state: UNCHALLENGED
10:23:58.773 [main] DEBUG com.github.dockerjava.zerodep.shaded.org.apache.hc.client5.http.impl.classic.ProtocolExec -- ex-00000001: proxy auth state: UNCHALLENGED
10:23:58.773 [main] DEBUG com.github.dockerjava.zerodep.shaded.org.apache.hc.client5.http.impl.classic.ConnectExec -- ex-00000001: acquiring connection with route {}->npipe://localhost:2375
10:23:58.773 [main] DEBUG com.github.dockerjava.zerodep.shaded.org.apache.hc.client5.http.impl.classic.InternalHttpClient -- ex-00000001: acquiring endpoint (3 MINUTES)
10:23:58.774 [main] DEBUG com.github.dockerjava.zerodep.shaded.org.apache.hc.client5.http.impl.io.PoolingHttpClientConnectionManager -- ex-00000001: endpoint lease request (3 MINUTES) [route: {}->npipe://localhost:2375][total available: 0; route allocated: 0 of 2147483647; total allocated: 0 of 2147483647]
10:23:58.777 [main] DEBUG com.github.dockerjava.zerodep.shaded.org.apache.hc.client5.http.impl.io.PoolingHttpClientConnectionManager -- ex-00000001: endpoint leased [route: {}->npipe://localhost:2375][total available: 0; route allocated: 1 of 2147483647; total allocated: 1 of 2147483647]
10:23:58.785 [main] DEBUG com.github.dockerjava.zerodep.shaded.org.apache.hc.client5.http.impl.io.PoolingHttpClientConnectionManager -- ex-00000001: acquired ep-00000000
10:23:58.785 [main] DEBUG com.github.dockerjava.zerodep.shaded.org.apache.hc.client5.http.impl.classic.InternalHttpClient -- ex-00000001: acquired endpoint ep-00000000
10:23:58.785 [main] DEBUG com.github.dockerjava.zerodep.shaded.org.apache.hc.client5.http.impl.classic.ConnectExec -- ex-00000001: opening connection {}->npipe://localhost:2375
10:23:58.786 [main] DEBUG com.github.dockerjava.zerodep.shaded.org.apache.hc.client5.http.impl.classic.InternalHttpClient -- ep-00000000: connecting endpoint (3 MINUTES)
10:23:58.786 [main] DEBUG com.github.dockerjava.zerodep.shaded.org.apache.hc.client5.http.impl.io.PoolingHttpClientConnectionManager -- ep-00000000: connecting endpoint to npipe://localhost:2375 (3 MINUTES)
10:23:58.791 [main] DEBUG com.github.dockerjava.zerodep.shaded.org.apache.hc.client5.http.impl.io.DefaultHttpClientConnectionOperator -- http-outgoing-0: connecting to localhost/127.0.0.1:2375
10:23:58.792 [main] DEBUG com.github.dockerjava.zerodep.shaded.org.apache.hc.client5.http.impl.io.DefaultHttpClientConnectionOperator -- http-outgoing-0: connection established 
10:23:58.792 [main] DEBUG com.github.dockerjava.zerodep.shaded.org.apache.hc.client5.http.impl.io.PoolingHttpClientConnectionManager -- ep-00000000: connected http-outgoing-0
10:23:58.792 [main] DEBUG com.github.dockerjava.zerodep.shaded.org.apache.hc.client5.http.impl.classic.InternalHttpClient -- ep-00000000: endpoint connected
10:23:58.793 [main] DEBUG com.github.dockerjava.zerodep.shaded.org.apache.hc.client5.http.impl.classic.MainClientExec -- ex-00000001: executing GET /v1.32/info HTTP/1.1
10:23:58.793 [main] DEBUG com.github.dockerjava.zerodep.shaded.org.apache.hc.client5.http.impl.classic.InternalHttpClient -- ep-00000000: start execution ex-00000001
10:23:58.793 [main] DEBUG com.github.dockerjava.zerodep.shaded.org.apache.hc.client5.http.impl.io.PoolingHttpClientConnectionManager -- ep-00000000: executing exchange ex-00000001 over http-outgoing-0
10:23:58.794 [main] DEBUG com.github.dockerjava.zerodep.shaded.org.apache.hc.client5.http.headers -- http-outgoing-0 >> GET /v1.32/info HTTP/1.1
10:23:58.794 [main] DEBUG com.github.dockerjava.zerodep.shaded.org.apache.hc.client5.http.headers -- http-outgoing-0 >> x-tc-sid: ad01dab1-4b9b-4848-b723-5acec0598df9
10:23:58.794 [main] DEBUG com.github.dockerjava.zerodep.shaded.org.apache.hc.client5.http.headers -- http-outgoing-0 >> User-Agent: tc-java/1.19.3
10:23:58.794 [main] DEBUG com.github.dockerjava.zerodep.shaded.org.apache.hc.client5.http.headers -- http-outgoing-0 >> Accept-Encoding: gzip, x-gzip, deflate
10:23:58.794 [main] DEBUG com.github.dockerjava.zerodep.shaded.org.apache.hc.client5.http.headers -- http-outgoing-0 >> Host: localhost:2375
10:23:58.794 [main] DEBUG com.github.dockerjava.zerodep.shaded.org.apache.hc.client5.http.headers -- http-outgoing-0 >> Connection: keep-alive
10:23:58.794 [main] DEBUG com.github.dockerjava.zerodep.shaded.org.apache.hc.client5.http.wire -- http-outgoing-0 >> "GET /v1.32/info HTTP/1.1[\r][\n]"
10:23:58.794 [main] DEBUG com.github.dockerjava.zerodep.shaded.org.apache.hc.client5.http.wire -- http-outgoing-0 >> "x-tc-sid: ad01dab1-4b9b-4848-b723-5acec0598df9[\r][\n]"
10:23:58.794 [main] DEBUG com.github.dockerjava.zerodep.shaded.org.apache.hc.client5.http.wire -- http-outgoing-0 >> "User-Agent: tc-java/1.19.3[\r][\n]"
10:23:58.794 [main] DEBUG com.github.dockerjava.zerodep.shaded.org.apache.hc.client5.http.wire -- http-outgoing-0 >> "Accept-Encoding: gzip, x-gzip, deflate[\r][\n]"
10:23:58.795 [main] DEBUG com.github.dockerjava.zerodep.shaded.org.apache.hc.client5.http.wire -- http-outgoing-0 >> "Host: localhost:2375[\r][\n]"
10:23:58.795 [main] DEBUG com.github.dockerjava.zerodep.shaded.org.apache.hc.client5.http.wire -- http-outgoing-0 >> "Connection: keep-alive[\r][\n]"
10:23:58.795 [main] DEBUG com.github.dockerjava.zerodep.shaded.org.apache.hc.client5.http.wire -- http-outgoing-0 >> "[\r][\n]"
10:23:58.843 [main] DEBUG com.github.dockerjava.zerodep.shaded.org.apache.hc.client5.http.wire -- http-outgoing-0 << "HTTP/1.1 200 OK[\r][\n]"
10:23:58.843 [main] DEBUG com.github.dockerjava.zerodep.shaded.org.apache.hc.client5.http.wire -- http-outgoing-0 << "Api-Version: 1.47[\r][\n]"
10:23:58.844 [main] DEBUG com.github.dockerjava.zerodep.shaded.org.apache.hc.client5.http.wire -- http-outgoing-0 << "Content-Type: application/json[\r][\n]"
10:23:58.844 [main] DEBUG com.github.dockerjava.zerodep.shaded.org.apache.hc.client5.http.wire -- http-outgoing-0 << "Date: Fri, 02 May 2025 08:23:58 GMT[\r][\n]"
10:23:58.844 [main] DEBUG com.github.dockerjava.zerodep.shaded.org.apache.hc.client5.http.wire -- http-outgoing-0 << "Docker-Experimental: false[\r][\n]"
10:23:58.844 [main] DEBUG com.github.dockerjava.zerodep.shaded.org.apache.hc.client5.http.wire -- http-outgoing-0 << "Ostype: linux[\r][\n]"
10:23:58.844 [main] DEBUG com.github.dockerjava.zerodep.shaded.org.apache.hc.client5.http.wire -- http-outgoing-0 << "Server: Docker/27.5.1 (linux)[\r][\n]"
10:23:58.844 [main] DEBUG com.github.dockerjava.zerodep.shaded.org.apache.hc.client5.http.wire -- http-outgoing-0 << "Transfer-Encoding: chunked[\r][\n]"
10:23:58.845 [main] DEBUG com.github.dockerjava.zerodep.shaded.org.apache.hc.client5.http.wire -- http-outgoing-0 << "[\r][\n]"
10:23:58.848 [main] DEBUG com.github.dockerjava.zerodep.shaded.org.apache.hc.client5.http.headers -- http-outgoing-0 << HTTP/1.1 200 OK
10:23:58.850 [main] DEBUG com.github.dockerjava.zerodep.shaded.org.apache.hc.client5.http.headers -- http-outgoing-0 << Api-Version: 1.47
10:23:58.850 [main] DEBUG com.github.dockerjava.zerodep.shaded.org.apache.hc.client5.http.headers -- http-outgoing-0 << Content-Type: application/json
10:23:58.850 [main] DEBUG com.github.dockerjava.zerodep.shaded.org.apache.hc.client5.http.headers -- http-outgoing-0 << Date: Fri, 02 May 2025 08:23:58 GMT
10:23:58.850 [main] DEBUG com.github.dockerjava.zerodep.shaded.org.apache.hc.client5.http.headers -- http-outgoing-0 << Docker-Experimental: false
10:23:58.850 [main] DEBUG com.github.dockerjava.zerodep.shaded.org.apache.hc.client5.http.headers -- http-outgoing-0 << Ostype: linux
10:23:58.850 [main] DEBUG com.github.dockerjava.zerodep.shaded.org.apache.hc.client5.http.headers -- http-outgoing-0 << Server: Docker/27.5.1 (linux)
10:23:58.851 [main] DEBUG com.github.dockerjava.zerodep.shaded.org.apache.hc.client5.http.headers -- http-outgoing-0 << Transfer-Encoding: chunked
10:23:58.853 [main] DEBUG com.github.dockerjava.zerodep.shaded.org.apache.hc.client5.http.impl.classic.MainClientExec -- ex-00000001: connection can be kept alive for 3 MINUTES
10:23:58.855 [main] DEBUG com.github.dockerjava.zerodep.shaded.org.apache.hc.client5.http.wire -- http-outgoing-0 << "acd[\r][\n]"
10:23:58.856 [main] DEBUG com.github.dockerjava.zerodep.shaded.org.apache.hc.client5.http.wire -- http-outgoing-0 << "{"ID":"7723e164-43b6-4a01-b297-f325e35cecd5","Containers":2,"ContainersRunning":2,"ContainersPaused":0,"ContainersStopped":0,"Images":6,"Driver":"overlayfs","DriverStatus":[["driver-type","io.containerd.snapshotter.v1"]],"Plugins":{"Volume":["local"],"Network":["bridge","host","ipvlan","macvlan","null","overlay"],"Authorization":null,"Log":["awslogs","fluentd","gcplogs","gelf","journald","json-file","local","splunk","syslog"]},"MemoryLimit":true,"SwapLimit":true,"KernelMemory":true,"KernelMemoryTCP":true,"CpuCfsPeriod":true,"CpuCfsQuota":true,"CPUShares":true,"CPUSet":true,"PidsLimit":true,"IPv4Forwarding":true,"BridgeNfIptables":true,"BridgeNfIp6tables":true,"Debug":false,"NFd":76,"OomKillDisable":true,"NGoroutines":104,"SystemTime":"2025-05-02T08:23:58.801535281Z","LoggingDriver":"json-file","CgroupDriver":"cgroupfs","CgroupVersion":"1","NEventsListener":17,"KernelVersion":"5.15.167.4-microsoft-standard-WSL2","OperatingSystem":"Docker Desktop","OSVersion":"","OSType":"linux","Architecture":"x86_64","IndexServerAddress":"https://index.docker.io/v1/","RegistryConfig":{"AllowNondistributableArtifactsCIDRs":null,"AllowNondistributableArtifactsHostnames":null,"InsecureRegistryCIDRs":["127.0.0.0/8"],"IndexConfigs":{"docker.io":{"Name":"docker.io","Mirrors":[],"Secure":true,"Official":true},"hubproxy.docker.internal:5555":{"Name":"hubproxy.docker.internal:5555","Mirrors":[],"Secure":false,"Official":false}},"Mirrors":null},"NCPU":8,"MemTotal":8170528768,"GenericResources":null,"DockerRootDir":"/var/lib/docker","HttpProxy":"http.docker.internal:3128","HttpsProxy":"http.docker.internal:3128","NoProxy":"hubproxy.docker.internal","Name":"docker-desktop","Labels":["com.docker.desktop.address=npipe://\\\\.\\pipe\\docker_cli"],"ExperimentalBuild":false,"ServerVersion":"27.5.1","Runtimes":{"io.containerd.runc.v2":{"path":"runc"},"nvidia":{"path":"nvidia-container-runtime"},"runc":{"path":"runc"}},"DefaultRuntime":"runc","Swarm":{"NodeID":"","NodeAddr":"","LocalNodeState":"inactive","ControlAvailable":false,"Error":"","RemoteManagers":null},"LiveRestoreEnabled":false,"Isolation":"","InitBinary":"docker-init","ContainerdCommit":{"ID":"bcc810d6b9066471b0b6fa75f557a15a1cbf31bb","Expected":"bcc810d6b9066471b0b6fa75f557a15a1cbf31bb"},"RuncCommit":{"ID":"v1.1.12-0-g51d5e946","Expected":"v1.1.12-0-g51d5e946"},"InitCommit":{"ID":"de40ad0","Expected":"de40ad0"},"SecurityOptions":["name=seccomp,profile=unconfined"],"CDISpecDirs":["/etc/cdi","/var/run/cdi"],"Warnings":["WARNING: No blkio throttle.read_bps_device support","WARNING: No blkio throttle.write_bps_device support","WARNING: No blkio throttle.read_iops_device support","WARNING: No blkio throttle.write_iops_device support","WARNING: daemon is not using the default seccomp profile"]}[\r][\n]"
10:23:58.856 [main] DEBUG com.github.dockerjava.zerodep.shaded.org.apache.hc.client5.http.wire -- http-outgoing-0 << "0[\r][\n]"
10:23:58.856 [main] DEBUG com.github.dockerjava.zerodep.shaded.org.apache.hc.client5.http.wire -- http-outgoing-0 << "[\r][\n]"
10:23:58.923 [main] DEBUG com.github.dockerjava.zerodep.shaded.org.apache.hc.client5.http.impl.classic.InternalHttpClient -- ep-00000000: releasing valid endpoint
10:23:58.924 [main] DEBUG com.github.dockerjava.zerodep.shaded.org.apache.hc.client5.http.impl.io.PoolingHttpClientConnectionManager -- ep-00000000: releasing endpoint
10:23:58.924 [main] DEBUG com.github.dockerjava.zerodep.shaded.org.apache.hc.client5.http.impl.io.PoolingHttpClientConnectionManager -- ep-00000000: connection http-outgoing-0 can be kept alive for 3 MINUTES
10:23:58.924 [main] DEBUG com.github.dockerjava.zerodep.shaded.org.apache.hc.client5.http.impl.io.PoolingHttpClientConnectionManager -- ep-00000000: connection released [route: {}->npipe://localhost:2375][total available: 1; route allocated: 1 of 2147483647; total allocated: 1 of 2147483647]
10:23:58.925 [main] INFO org.testcontainers.dockerclient.DockerClientProviderStrategy -- Found Docker environment with local Npipe socket (npipe:////./pipe/docker_engine)
10:23:58.925 [main] DEBUG org.testcontainers.dockerclient.DockerClientProviderStrategy -- Transport type: 'httpclient5', Docker host: 'npipe:////./pipe/docker_engine'
10:23:58.925 [main] DEBUG org.testcontainers.dockerclient.DockerClientProviderStrategy -- Checking Docker OS type for local Npipe socket (npipe:////./pipe/docker_engine)
10:23:58.927 [main] INFO org.testcontainers.DockerClientFactory -- Docker host IP address is localhost
10:23:58.927 [main] DEBUG org.testcontainers.DockerClientFactory -- Docker info: {CDISpecDirs=[/etc/cdi, /var/run/cdi], NGoroutines=104, Name=docker-desktop, Swarm={NodeID=, NodeAddr=, LocalNodeState=inactive, ControlAvailable=false, Error=, RemoteManagers=null}, RuncCommit={ID=v1.1.12-0-g51d5e946, Expected=v1.1.12-0-g51d5e946}, OSVersion=, Runtimes={io.containerd.runc.v2={path=runc}, nvidia={path=nvidia-container-runtime}, runc={path=runc}}, ID=7723e164-43b6-4a01-b297-f325e35cecd5, DriverStatus=[[driver-type, io.containerd.snapshotter.v1]], BridgeNfIptables=true, LiveRestoreEnabled=false, SystemTime=2025-05-02T08:23:58.801535281Z, NoProxy=hubproxy.docker.internal, Architecture=x86_64, NEventsListener=17, HttpsProxy=http.docker.internal:3128, Images=6, ContainersRunning=2, Labels=[com.docker.desktop.address=npipe://\\.\pipe\docker_cli], InitCommit={ID=de40ad0, Expected=de40ad0}, NFd=76, KernelVersion=5.15.167.4-microsoft-standard-WSL2, LoggingDriver=json-file, OSType=linux, SecurityOptions=[name=seccomp,profile=unconfined], ContainerdCommit={ID=bcc810d6b9066471b0b6fa75f557a15a1cbf31bb, Expected=bcc810d6b9066471b0b6fa75f557a15a1cbf31bb}, GenericResources=null, KernelMemory=true, OperatingSystem=Docker Desktop, RegistryConfig={AllowNondistributableArtifactsCIDRs=null, AllowNondistributableArtifactsHostnames=null, InsecureRegistryCIDRs=[127.0.0.0/8], IndexConfigs={docker.io={Name=docker.io, Mirrors=[], Secure=true, Official=true}, hubproxy.docker.internal:5555={Name=hubproxy.docker.internal:5555, Mirrors=[], Secure=false, Official=false}}, Mirrors=null}, ServerVersion=27.5.1, OomKillDisable=true, CpuCfsQuota=true, Containers=2, Driver=overlayfs, KernelMemoryTCP=true, IPv4Forwarding=true, ExperimentalBuild=false, DockerRootDir=/var/lib/docker, CPUSet=true, CpuCfsPeriod=true, DefaultRuntime=runc, CPUShares=true, Debug=false, NCPU=8, Plugins={Volume=[local], Network=[bridge, host, ipvlan, macvlan, null, overlay], Authorization=null, Log=[awslogs, fluentd, gcplogs, gelf, journald, json-file, local, splunk, syslog]}, SwapLimit=true, CgroupDriver=cgroupfs, ContainersPaused=0, MemTotal=8170528768, IndexServerAddress=https://index.docker.io/v1/, MemoryLimit=true, HttpProxy=http.docker.internal:3128, InitBinary=docker-init, CgroupVersion=1, PidsLimit=true, Isolation=, BridgeNfIp6tables=true, Warnings=[WARNING: No blkio throttle.read_bps_device support, WARNING: No blkio throttle.write_bps_device support, WARNING: No blkio throttle.read_iops_device support, WARNING: No blkio throttle.write_iops_device support, WARNING: daemon is not using the default seccomp profile], ContainersStopped=0}
10:23:58.931 [main] DEBUG org.testcontainers.shaded.com.github.dockerjava.core.command.AbstrDockerCmd -- Cmd: 
10:23:58.933 [main] DEBUG com.github.dockerjava.zerodep.shaded.org.apache.hc.client5.http.impl.classic.InternalHttpClient -- ex-00000002: preparing request execution
10:23:58.934 [main] DEBUG com.github.dockerjava.zerodep.shaded.org.apache.hc.client5.http.protocol.RequestAddCookies -- Cookie spec selected: strict
10:23:58.934 [main] DEBUG com.github.dockerjava.zerodep.shaded.org.apache.hc.client5.http.protocol.RequestAuthCache -- Auth cache not set in the context
10:23:58.934 [main] DEBUG com.github.dockerjava.zerodep.shaded.org.apache.hc.client5.http.impl.classic.ProtocolExec -- ex-00000002: target auth state: UNCHALLENGED
10:23:58.934 [main] DEBUG com.github.dockerjava.zerodep.shaded.org.apache.hc.client5.http.impl.classic.ProtocolExec -- ex-00000002: proxy auth state: UNCHALLENGED
10:23:58.934 [main] DEBUG com.github.dockerjava.zerodep.shaded.org.apache.hc.client5.http.impl.classic.ConnectExec -- ex-00000002: acquiring connection with route {}->npipe://localhost:2375
10:23:58.934 [main] DEBUG com.github.dockerjava.zerodep.shaded.org.apache.hc.client5.http.impl.classic.InternalHttpClient -- ex-00000002: acquiring endpoint (3 MINUTES)
10:23:58.934 [main] DEBUG com.github.dockerjava.zerodep.shaded.org.apache.hc.client5.http.impl.io.PoolingHttpClientConnectionManager -- ex-00000002: endpoint lease request (3 MINUTES) [route: {}->npipe://localhost:2375][total available: 1; route allocated: 1 of 2147483647; total allocated: 1 of 2147483647]
10:23:58.935 [main] DEBUG com.github.dockerjava.zerodep.shaded.org.apache.hc.client5.http.impl.io.PoolingHttpClientConnectionManager -- ex-00000002: endpoint leased [route: {}->npipe://localhost:2375][total available: 0; route allocated: 1 of 2147483647; total allocated: 1 of 2147483647]
10:23:58.936 [main] DEBUG com.github.dockerjava.zerodep.shaded.org.apache.hc.client5.http.impl.io.PoolingHttpClientConnectionManager -- ex-00000002: acquired ep-00000001
10:23:58.936 [main] DEBUG com.github.dockerjava.zerodep.shaded.org.apache.hc.client5.http.impl.classic.InternalHttpClient -- ex-00000002: acquired endpoint ep-00000001
10:23:58.936 [main] DEBUG com.github.dockerjava.zerodep.shaded.org.apache.hc.client5.http.impl.classic.MainClientExec -- ex-00000002: executing GET /v1.32/version HTTP/1.1
10:23:58.936 [main] DEBUG com.github.dockerjava.zerodep.shaded.org.apache.hc.client5.http.impl.classic.InternalHttpClient -- ep-00000001: start execution ex-00000002
10:23:58.936 [main] DEBUG com.github.dockerjava.zerodep.shaded.org.apache.hc.client5.http.impl.io.PoolingHttpClientConnectionManager -- ep-00000001: executing exchange ex-00000002 over http-outgoing-0
10:23:58.936 [main] DEBUG com.github.dockerjava.zerodep.shaded.org.apache.hc.client5.http.headers -- http-outgoing-0 >> GET /v1.32/version HTTP/1.1
10:23:58.936 [main] DEBUG com.github.dockerjava.zerodep.shaded.org.apache.hc.client5.http.headers -- http-outgoing-0 >> accept: application/json
10:23:58.936 [main] DEBUG com.github.dockerjava.zerodep.shaded.org.apache.hc.client5.http.headers -- http-outgoing-0 >> x-tc-sid: ad01dab1-4b9b-4848-b723-5acec0598df9
10:23:58.936 [main] DEBUG com.github.dockerjava.zerodep.shaded.org.apache.hc.client5.http.headers -- http-outgoing-0 >> User-Agent: tc-java/1.19.3
10:23:58.936 [main] DEBUG com.github.dockerjava.zerodep.shaded.org.apache.hc.client5.http.headers -- http-outgoing-0 >> Accept-Encoding: gzip, x-gzip, deflate
10:23:58.937 [main] DEBUG com.github.dockerjava.zerodep.shaded.org.apache.hc.client5.http.headers -- http-outgoing-0 >> Host: localhost:2375
10:23:58.937 [main] DEBUG com.github.dockerjava.zerodep.shaded.org.apache.hc.client5.http.headers -- http-outgoing-0 >> Connection: keep-alive
10:23:58.937 [main] DEBUG com.github.dockerjava.zerodep.shaded.org.apache.hc.client5.http.wire -- http-outgoing-0 >> "GET /v1.32/version HTTP/1.1[\r][\n]"
10:23:58.937 [main] DEBUG com.github.dockerjava.zerodep.shaded.org.apache.hc.client5.http.wire -- http-outgoing-0 >> "accept: application/json[\r][\n]"
10:23:58.937 [main] DEBUG com.github.dockerjava.zerodep.shaded.org.apache.hc.client5.http.wire -- http-outgoing-0 >> "x-tc-sid: ad01dab1-4b9b-4848-b723-5acec0598df9[\r][\n]"
10:23:58.937 [main] DEBUG com.github.dockerjava.zerodep.shaded.org.apache.hc.client5.http.wire -- http-outgoing-0 >> "User-Agent: tc-java/1.19.3[\r][\n]"
10:23:58.937 [main] DEBUG com.github.dockerjava.zerodep.shaded.org.apache.hc.client5.http.wire -- http-outgoing-0 >> "Accept-Encoding: gzip, x-gzip, deflate[\r][\n]"
10:23:58.937 [main] DEBUG com.github.dockerjava.zerodep.shaded.org.apache.hc.client5.http.wire -- http-outgoing-0 >> "Host: localhost:2375[\r][\n]"
10:23:58.937 [main] DEBUG com.github.dockerjava.zerodep.shaded.org.apache.hc.client5.http.wire -- http-outgoing-0 >> "Connection: keep-alive[\r][\n]"
10:23:58.937 [main] DEBUG com.github.dockerjava.zerodep.shaded.org.apache.hc.client5.http.wire -- http-outgoing-0 >> "[\r][\n]"
10:23:58.968 [main] DEBUG com.github.dockerjava.zerodep.shaded.org.apache.hc.client5.http.wire -- http-outgoing-0 << "HTTP/1.1 200 OK[\r][\n]"
10:23:58.968 [main] DEBUG com.github.dockerjava.zerodep.shaded.org.apache.hc.client5.http.wire -- http-outgoing-0 << "Api-Version: 1.47[\r][\n]"
10:23:58.968 [main] DEBUG com.github.dockerjava.zerodep.shaded.org.apache.hc.client5.http.wire -- http-outgoing-0 << "Content-Type: application/json[\r][\n]"
10:23:58.968 [main] DEBUG com.github.dockerjava.zerodep.shaded.org.apache.hc.client5.http.wire -- http-outgoing-0 << "Date: Fri, 02 May 2025 08:23:58 GMT[\r][\n]"
10:23:58.968 [main] DEBUG com.github.dockerjava.zerodep.shaded.org.apache.hc.client5.http.wire -- http-outgoing-0 << "Docker-Experimental: false[\r][\n]"
10:23:58.968 [main] DEBUG com.github.dockerjava.zerodep.shaded.org.apache.hc.client5.http.wire -- http-outgoing-0 << "Ostype: linux[\r][\n]"
10:23:58.968 [main] DEBUG com.github.dockerjava.zerodep.shaded.org.apache.hc.client5.http.wire -- http-outgoing-0 << "Server: Docker/27.5.1 (linux)[\r][\n]"
10:23:58.969 [main] DEBUG com.github.dockerjava.zerodep.shaded.org.apache.hc.client5.http.wire -- http-outgoing-0 << "Transfer-Encoding: chunked[\r][\n]"
10:23:58.969 [main] DEBUG com.github.dockerjava.zerodep.shaded.org.apache.hc.client5.http.wire -- http-outgoing-0 << "[\r][\n]"
10:23:58.970 [main] DEBUG com.github.dockerjava.zerodep.shaded.org.apache.hc.client5.http.headers -- http-outgoing-0 << HTTP/1.1 200 OK
10:23:58.970 [main] DEBUG com.github.dockerjava.zerodep.shaded.org.apache.hc.client5.http.headers -- http-outgoing-0 << Api-Version: 1.47
10:23:58.970 [main] DEBUG com.github.dockerjava.zerodep.shaded.org.apache.hc.client5.http.headers -- http-outgoing-0 << Content-Type: application/json
10:23:58.970 [main] DEBUG com.github.dockerjava.zerodep.shaded.org.apache.hc.client5.http.headers -- http-outgoing-0 << Date: Fri, 02 May 2025 08:23:58 GMT
10:23:58.970 [main] DEBUG com.github.dockerjava.zerodep.shaded.org.apache.hc.client5.http.headers -- http-outgoing-0 << Docker-Experimental: false
10:23:58.970 [main] DEBUG com.github.dockerjava.zerodep.shaded.org.apache.hc.client5.http.headers -- http-outgoing-0 << Ostype: linux
10:23:58.970 [main] DEBUG com.github.dockerjava.zerodep.shaded.org.apache.hc.client5.http.headers -- http-outgoing-0 << Server: Docker/27.5.1 (linux)
10:23:58.970 [main] DEBUG com.github.dockerjava.zerodep.shaded.org.apache.hc.client5.http.headers -- http-outgoing-0 << Transfer-Encoding: chunked
10:23:58.970 [main] DEBUG com.github.dockerjava.zerodep.shaded.org.apache.hc.client5.http.impl.classic.MainClientExec -- ex-00000002: connection can be kept alive for 3 MINUTES
10:23:58.971 [main] DEBUG com.github.dockerjava.zerodep.shaded.org.apache.hc.client5.http.wire -- http-outgoing-0 << "362[\r][\n]"
10:23:58.971 [main] DEBUG com.github.dockerjava.zerodep.shaded.org.apache.hc.client5.http.wire -- http-outgoing-0 << "{"Platform":{"Name":"Docker Desktop 4.38.0 (181591)"},"Components":[{"Name":"Engine","Version":"27.5.1","Details":{"ApiVersion":"1.47","Arch":"amd64","BuildTime":"2025-01-22T13:41:17.000000000+00:00","Experimental":"false","GitCommit":"4c9b3b0","GoVersion":"go1.22.11","KernelVersion":"5.15.167.4-microsoft-standard-WSL2","MinAPIVersion":"1.24","Os":"linux"}},{"Name":"containerd","Version":"1.7.25","Details":{"GitCommit":"bcc810d6b9066471b0b6fa75f557a15a1cbf31bb"}},{"Name":"runc","Version":"1.1.12","Details":{"GitCommit":"v1.1.12-0-g51d5e946"}},{"Name":"docker-init","Version":"0.19.0","Details":{"GitCommit":"de40ad0"}}],"Version":"27.5.1","ApiVersion":"1.47","MinAPIVersion":"1.24","GitCommit":"4c9b3b0","GoVersion":"go1.22.11","Os":"linux","Arch":"amd64","KernelVersion":"5.15.167.4-microsoft-standard-WSL2","BuildTime":"2025-01-22T13:41:17.000000000+00:00"}[\n]"
10:23:58.971 [main] DEBUG com.github.dockerjava.zerodep.shaded.org.apache.hc.client5.http.wire -- http-outgoing-0 << "[\r][\n]"
10:23:58.971 [main] DEBUG com.github.dockerjava.zerodep.shaded.org.apache.hc.client5.http.wire -- http-outgoing-0 << "0[\r][\n]"
10:23:58.971 [main] DEBUG com.github.dockerjava.zerodep.shaded.org.apache.hc.client5.http.wire -- http-outgoing-0 << "[\r][\n]"
10:23:58.982 [main] DEBUG com.github.dockerjava.zerodep.shaded.org.apache.hc.client5.http.impl.classic.InternalHttpClient -- ep-00000001: releasing valid endpoint
10:23:58.982 [main] DEBUG com.github.dockerjava.zerodep.shaded.org.apache.hc.client5.http.impl.io.PoolingHttpClientConnectionManager -- ep-00000001: releasing endpoint
10:23:58.982 [main] DEBUG com.github.dockerjava.zerodep.shaded.org.apache.hc.client5.http.impl.io.PoolingHttpClientConnectionManager -- ep-00000001: connection http-outgoing-0 can be kept alive for 3 MINUTES
10:23:58.983 [main] DEBUG com.github.dockerjava.zerodep.shaded.org.apache.hc.client5.http.impl.io.PoolingHttpClientConnectionManager -- ep-00000001: connection released [route: {}->npipe://localhost:2375][total available: 1; route allocated: 1 of 2147483647; total allocated: 1 of 2147483647]
10:23:58.983 [main] DEBUG org.testcontainers.DockerClientFactory -- Docker version: {Components=[{Name=Engine, Version=27.5.1, Details={ApiVersion=1.47, Arch=amd64, BuildTime=2025-01-22T13:41:17.000000000+00:00, Experimental=false, GitCommit=4c9b3b0, GoVersion=go1.22.11, KernelVersion=5.15.167.4-microsoft-standard-WSL2, MinAPIVersion=1.24, Os=linux}}, {Name=containerd, Version=1.7.25, Details={GitCommit=bcc810d6b9066471b0b6fa75f557a15a1cbf31bb}}, {Name=runc, Version=1.1.12, Details={GitCommit=v1.1.12-0-g51d5e946}}, {Name=docker-init, Version=0.19.0, Details={GitCommit=de40ad0}}], KernelVersion=5.15.167.4-microsoft-standard-WSL2, ApiVersion=1.47, Platform={Name=Docker Desktop 4.38.0 (181591)}, GitCommit=4c9b3b0, Os=linux, Version=27.5.1, MinAPIVersion=1.24, Arch=amd64, GoVersion=go1.22.11, BuildTime=2025-01-22T13:41:17.000000000+00:00}
10:23:58.983 [main] INFO org.testcontainers.DockerClientFactory -- Connected to docker: 
  Server Version: 27.5.1
  API Version: 1.47
  Operating System: Docker Desktop
  Total Memory: 7792 MB
10:23:58.994 [main] DEBUG org.testcontainers.utility.RyukResourceReaper -- Ryuk is enabled
10:23:58.995 [main] DEBUG org.testcontainers.utility.PrefixingImageNameSubstitutor -- No prefix is configured
10:23:58.996 [main] DEBUG org.testcontainers.utility.ImageNameSubstitutor -- Did not find a substitute image for testcontainers/ryuk:0.5.1 (using image substitutor: DefaultImageNameSubstitutor (composite of 'ConfigurationFileImageNameSubstitutor' and 'PrefixingImageNameSubstitutor'))
10:23:58.999 [main] DEBUG org.testcontainers.shaded.com.github.dockerjava.core.command.AbstrDockerCmd -- Cmd: ListImagesCmdImpl[filters=org.testcontainers.shaded.com.github.dockerjava.core.util.FiltersBuilder@0,imageNameFilter=<null>,showAll=false]
10:23:59.003 [main] DEBUG com.github.dockerjava.zerodep.shaded.org.apache.hc.client5.http.impl.classic.InternalHttpClient -- ex-00000003: preparing request execution
10:23:59.003 [main] DEBUG com.github.dockerjava.zerodep.shaded.org.apache.hc.client5.http.protocol.RequestAddCookies -- Cookie spec selected: strict
10:23:59.003 [main] DEBUG com.github.dockerjava.zerodep.shaded.org.apache.hc.client5.http.protocol.RequestAuthCache -- Auth cache not set in the context
10:23:59.003 [main] DEBUG com.github.dockerjava.zerodep.shaded.org.apache.hc.client5.http.impl.classic.ProtocolExec -- ex-00000003: target auth state: UNCHALLENGED
10:23:59.003 [main] DEBUG com.github.dockerjava.zerodep.shaded.org.apache.hc.client5.http.impl.classic.ProtocolExec -- ex-00000003: proxy auth state: UNCHALLENGED
10:23:59.003 [main] DEBUG com.github.dockerjava.zerodep.shaded.org.apache.hc.client5.http.impl.classic.ConnectExec -- ex-00000003: acquiring connection with route {}->npipe://localhost:2375
10:23:59.003 [main] DEBUG com.github.dockerjava.zerodep.shaded.org.apache.hc.client5.http.impl.classic.InternalHttpClient -- ex-00000003: acquiring endpoint (3 MINUTES)
10:23:59.003 [main] DEBUG com.github.dockerjava.zerodep.shaded.org.apache.hc.client5.http.impl.io.PoolingHttpClientConnectionManager -- ex-00000003: endpoint lease request (3 MINUTES) [route: {}->npipe://localhost:2375][total available: 1; route allocated: 1 of 2147483647; total allocated: 1 of 2147483647]
10:23:59.004 [main] DEBUG com.github.dockerjava.zerodep.shaded.org.apache.hc.client5.http.impl.io.PoolingHttpClientConnectionManager -- ex-00000003: endpoint leased [route: {}->npipe://localhost:2375][total available: 0; route allocated: 1 of 2147483647; total allocated: 1 of 2147483647]
10:23:59.004 [main] DEBUG com.github.dockerjava.zerodep.shaded.org.apache.hc.client5.http.impl.io.PoolingHttpClientConnectionManager -- ex-00000003: acquired ep-00000002
10:23:59.004 [main] DEBUG com.github.dockerjava.zerodep.shaded.org.apache.hc.client5.http.impl.classic.InternalHttpClient -- ex-00000003: acquired endpoint ep-00000002
10:23:59.004 [main] DEBUG com.github.dockerjava.zerodep.shaded.org.apache.hc.client5.http.impl.classic.MainClientExec -- ex-00000003: executing GET /v1.32/images/json HTTP/1.1
10:23:59.004 [main] DEBUG com.github.dockerjava.zerodep.shaded.org.apache.hc.client5.http.impl.classic.InternalHttpClient -- ep-00000002: start execution ex-00000003
10:23:59.004 [main] DEBUG com.github.dockerjava.zerodep.shaded.org.apache.hc.client5.http.impl.io.PoolingHttpClientConnectionManager -- ep-00000002: executing exchange ex-00000003 over http-outgoing-0
10:23:59.004 [main] DEBUG com.github.dockerjava.zerodep.shaded.org.apache.hc.client5.http.headers -- http-outgoing-0 >> GET /v1.32/images/json HTTP/1.1
10:23:59.004 [main] DEBUG com.github.dockerjava.zerodep.shaded.org.apache.hc.client5.http.headers -- http-outgoing-0 >> accept: application/json
10:23:59.004 [main] DEBUG com.github.dockerjava.zerodep.shaded.org.apache.hc.client5.http.headers -- http-outgoing-0 >> x-tc-sid: ad01dab1-4b9b-4848-b723-5acec0598df9
10:23:59.004 [main] DEBUG com.github.dockerjava.zerodep.shaded.org.apache.hc.client5.http.headers -- http-outgoing-0 >> User-Agent: tc-java/1.19.3
10:23:59.004 [main] DEBUG com.github.dockerjava.zerodep.shaded.org.apache.hc.client5.http.headers -- http-outgoing-0 >> Accept-Encoding: gzip, x-gzip, deflate
10:23:59.004 [main] DEBUG com.github.dockerjava.zerodep.shaded.org.apache.hc.client5.http.headers -- http-outgoing-0 >> Host: localhost:2375
10:23:59.004 [main] DEBUG com.github.dockerjava.zerodep.shaded.org.apache.hc.client5.http.headers -- http-outgoing-0 >> Connection: keep-alive
10:23:59.005 [main] DEBUG com.github.dockerjava.zerodep.shaded.org.apache.hc.client5.http.wire -- http-outgoing-0 >> "GET /v1.32/images/json HTTP/1.1[\r][\n]"
10:23:59.005 [main] DEBUG com.github.dockerjava.zerodep.shaded.org.apache.hc.client5.http.wire -- http-outgoing-0 >> "accept: application/json[\r][\n]"
10:23:59.005 [main] DEBUG com.github.dockerjava.zerodep.shaded.org.apache.hc.client5.http.wire -- http-outgoing-0 >> "x-tc-sid: ad01dab1-4b9b-4848-b723-5acec0598df9[\r][\n]"
10:23:59.005 [main] DEBUG com.github.dockerjava.zerodep.shaded.org.apache.hc.client5.http.wire -- http-outgoing-0 >> "User-Agent: tc-java/1.19.3[\r][\n]"
10:23:59.005 [main] DEBUG com.github.dockerjava.zerodep.shaded.org.apache.hc.client5.http.wire -- http-outgoing-0 >> "Accept-Encoding: gzip, x-gzip, deflate[\r][\n]"
10:23:59.005 [main] DEBUG com.github.dockerjava.zerodep.shaded.org.apache.hc.client5.http.wire -- http-outgoing-0 >> "Host: localhost:2375[\r][\n]"
10:23:59.006 [main] DEBUG com.github.dockerjava.zerodep.shaded.org.apache.hc.client5.http.wire -- http-outgoing-0 >> "Connection: keep-alive[\r][\n]"
10:23:59.006 [main] DEBUG com.github.dockerjava.zerodep.shaded.org.apache.hc.client5.http.wire -- http-outgoing-0 >> "[\r][\n]"
10:23:59.130 [main] DEBUG com.github.dockerjava.zerodep.shaded.org.apache.hc.client5.http.wire -- http-outgoing-0 << "HTTP/1.1 200 OK[\r][\n]"
10:23:59.130 [main] DEBUG com.github.dockerjava.zerodep.shaded.org.apache.hc.client5.http.wire -- http-outgoing-0 << "Api-Version: 1.47[\r][\n]"
10:23:59.130 [main] DEBUG com.github.dockerjava.zerodep.shaded.org.apache.hc.client5.http.wire -- http-outgoing-0 << "Content-Type: application/json[\r][\n]"
10:23:59.130 [main] DEBUG com.github.dockerjava.zerodep.shaded.org.apache.hc.client5.http.wire -- http-outgoing-0 << "Date: Fri, 02 May 2025 08:23:59 GMT[\r][\n]"
10:23:59.131 [main] DEBUG com.github.dockerjava.zerodep.shaded.org.apache.hc.client5.http.wire -- http-outgoing-0 << "Docker-Experimental: false[\r][\n]"
10:23:59.131 [main] DEBUG com.github.dockerjava.zerodep.shaded.org.apache.hc.client5.http.wire -- http-outgoing-0 << "Ostype: linux[\r][\n]"
10:23:59.131 [main] DEBUG com.github.dockerjava.zerodep.shaded.org.apache.hc.client5.http.wire -- http-outgoing-0 << "Server: Docker/27.5.1 (linux)[\r][\n]"
10:23:59.131 [main] DEBUG com.github.dockerjava.zerodep.shaded.org.apache.hc.client5.http.wire -- http-outgoing-0 << "Transfer-Encoding: chunked[\r][\n]"
10:23:59.131 [main] DEBUG com.github.dockerjava.zerodep.shaded.org.apache.hc.client5.http.wire -- http-outgoing-0 << "[\r][\n]"
10:23:59.131 [main] DEBUG com.github.dockerjava.zerodep.shaded.org.apache.hc.client5.http.headers -- http-outgoing-0 << HTTP/1.1 200 OK
10:23:59.131 [main] DEBUG com.github.dockerjava.zerodep.shaded.org.apache.hc.client5.http.headers -- http-outgoing-0 << Api-Version: 1.47
10:23:59.131 [main] DEBUG com.github.dockerjava.zerodep.shaded.org.apache.hc.client5.http.headers -- http-outgoing-0 << Content-Type: application/json
10:23:59.132 [main] DEBUG com.github.dockerjava.zerodep.shaded.org.apache.hc.client5.http.headers -- http-outgoing-0 << Date: Fri, 02 May 2025 08:23:59 GMT
10:23:59.132 [main] DEBUG com.github.dockerjava.zerodep.shaded.org.apache.hc.client5.http.headers -- http-outgoing-0 << Docker-Experimental: false
10:23:59.132 [main] DEBUG com.github.dockerjava.zerodep.shaded.org.apache.hc.client5.http.headers -- http-outgoing-0 << Ostype: linux
10:23:59.132 [main] DEBUG com.github.dockerjava.zerodep.shaded.org.apache.hc.client5.http.headers -- http-outgoing-0 << Server: Docker/27.5.1 (linux)
10:23:59.132 [main] DEBUG com.github.dockerjava.zerodep.shaded.org.apache.hc.client5.http.headers -- http-outgoing-0 << Transfer-Encoding: chunked
10:23:59.132 [main] DEBUG com.github.dockerjava.zerodep.shaded.org.apache.hc.client5.http.impl.classic.MainClientExec -- ex-00000003: connection can be kept alive for 3 MINUTES
10:23:59.132 [main] DEBUG com.github.dockerjava.zerodep.shaded.org.apache.hc.client5.http.wire -- http-outgoing-0 << "95f[\r][\n]"
10:23:59.132 [main] DEBUG com.github.dockerjava.zerodep.shaded.org.apache.hc.client5.http.wire -- http-outgoing-0 << "[{"Containers":-1,"Created":1744725854,"Id":"sha256:1f7571f033006f8a6e474fa5b5c5e3a3f523fb738ef85330fecafcdc19fd9c26","Labels":{"org.opencontainers.image.ref.name":"ubuntu","org.opencontainers.image.version":"24.04"},"ParentId":"","RepoDigests":["elenacabe/dreamlife@sha256:1f7571f033006f8a6e474fa5b5c5e3a3f523fb738ef85330fecafcdc19fd9c26"],"RepoTags":["elenacabe/dreamlife:latest"],"SharedSize":-1,"Size":814725558,"VirtualSize":814725558},{"Containers":-1,"Created":1684336262,"Id":"sha256:533abc56c07b52a26c955d1e7ae428d810582ab01c156384ae79960eb5fa0775","Labels":{"org.testcontainers.ryuk":"true"},"ParentId":"","RepoDigests":["testcontainers/ryuk@sha256:533abc56c07b52a26c955d1e7ae428d810582ab01c156384ae79960eb5fa0775"],"RepoTags":["testcontainers/ryuk:0.5.1"],"SharedSize":-1,"Size":20121218,"VirtualSize":20121218},{"Containers":-1,"Created":1669211008,"Id":"sha256:97fba4daa01bdb900a0716e48765e32c39e26d9357522a5b6004da7799f0822e","Labels":{"Description":"This image can be used to create a sidekick container for recording videos of VNC sessions hosted in other containers","maintainer":"Richard North \u003crich.north@gmail.com\u003e"},"ParentId":"","RepoDigests":["testcontainers/vnc-recorder@sha256:97fba4daa01bdb900a0716e48765e32c39e26d9357522a5b6004da7799f0822e"],"RepoTags":["testcontainers/vnc-recorder:1.3.0"],"SharedSize":-1,"Size":994785423,"VirtualSize":994785423},{"Containers":-1,"Created":1654903374,"Id":"sha256:7d6fdd0bd7e64229c9cf9feabc394a6d0a7fc15a671e84993d86fd91ed52422e","Labels":null,"ParentId":"","RepoDigests":["testcontainers/sshd@sha256:7d6fdd0bd7e64229c9cf9feabc394a6d0a7fc15a671e84993d86fd91ed52422e"],"RepoTags":["testcontainers/sshd:1.1.0"],"SharedSize":-1,"Size":18078780,"VirtualSize":18078780},{"Containers":-1,"Created":1610446310,"Id":"sha256:0fd2898dc1c946b34dceaccc3b80d38b1049285c1dab70df7480de62265d6213","Labels":null,"ParentId":"","RepoDigests":["mysql@sha256:0fd2898dc1c946b34dceaccc3b80d38b1049285c1dab70df7480de62265d6213"],"RepoTags":["mysql:8.0.22"],"SharedSize":-1,"Size":721468812,"VirtualSize":721468812},{"Containers":-1,"Created":0,"Id":"sha256:98a4acf36526b42162e80e32b36ba7e5cd93e15cb0f2ca510d6fc3fe655edf92","Labels":null,"ParentId":"","RepoDigests":["sha256:98a4acf36526b42162e80e32b36ba7e5cd93e15cb0f2ca510d6fc3fe655edf92"],"RepoTags":["selenium/standalone-chrome:4.20.0"],"SharedSize":-1,"Size":486731910,"VirtualSize":486731910}][\n]"
10:23:59.132 [main] DEBUG com.github.dockerjava.zerodep.shaded.org.apache.hc.client5.http.wire -- http-outgoing-0 << "[\r][\n]"
10:23:59.132 [main] DEBUG com.github.dockerjava.zerodep.shaded.org.apache.hc.client5.http.wire -- http-outgoing-0 << "0[\r][\n]"
10:23:59.132 [main] DEBUG com.github.dockerjava.zerodep.shaded.org.apache.hc.client5.http.wire -- http-outgoing-0 << "[\r][\n]"
10:23:59.138 [main] DEBUG com.github.dockerjava.zerodep.shaded.org.apache.hc.client5.http.impl.classic.InternalHttpClient -- ep-00000002: releasing valid endpoint
10:23:59.138 [main] DEBUG com.github.dockerjava.zerodep.shaded.org.apache.hc.client5.http.impl.io.PoolingHttpClientConnectionManager -- ep-00000002: releasing endpoint
10:23:59.138 [main] DEBUG com.github.dockerjava.zerodep.shaded.org.apache.hc.client5.http.impl.io.PoolingHttpClientConnectionManager -- ep-00000002: connection http-outgoing-0 can be kept alive for 3 MINUTES
10:23:59.138 [main] DEBUG com.github.dockerjava.zerodep.shaded.org.apache.hc.client5.http.impl.io.PoolingHttpClientConnectionManager -- ep-00000002: connection released [route: {}->npipe://localhost:2375][total available: 1; route allocated: 1 of 2147483647; total allocated: 1 of 2147483647]
10:23:59.141 [main] DEBUG org.testcontainers.images.AbstractImagePullPolicy -- Using locally available and not pulling image: testcontainers/ryuk:0.5.1
10:23:59.141 [main] DEBUG tc.testcontainers/ryuk:0.5.1 -- Starting container: testcontainers/ryuk:0.5.1
10:23:59.143 [main] DEBUG tc.testcontainers/ryuk:0.5.1 -- Trying to start container: testcontainers/ryuk:0.5.1 (attempt 1/1)
10:23:59.143 [main] DEBUG tc.testcontainers/ryuk:0.5.1 -- Starting container: testcontainers/ryuk:0.5.1
10:23:59.144 [main] INFO tc.testcontainers/ryuk:0.5.1 -- Creating container for image: testcontainers/ryuk:0.5.1
10:23:59.148 [main] DEBUG org.testcontainers.utility.RegistryAuthLocator -- Looking up auth config for image: testcontainers/ryuk:0.5.1 at registry: https://index.docker.io/v1/
10:23:59.149 [main] DEBUG org.testcontainers.utility.RegistryAuthLocator -- RegistryAuthLocator has configFile: C:\Users\Elena\.docker\config.json (exists) configEnv: DOCKER_AUTH_CONFIG (does not exist) and commandPathPrefix: 
10:23:59.149 [main] DEBUG org.testcontainers.utility.RegistryAuthLocator -- RegistryAuthLocator reading from configFile: C:\Users\Elena\.docker\config.json
10:23:59.149 [main] DEBUG org.testcontainers.utility.RegistryAuthLocator -- registryName [https://index.docker.io/v1/] for dockerImageName [testcontainers/ryuk:0.5.1]
10:23:59.150 [main] DEBUG org.testcontainers.utility.RegistryAuthLocator -- Executing docker credential provider: docker-credential-desktop to locate auth config for: https://index.docker.io/v1/
10:23:59.155 [main] DEBUG org.testcontainers.shaded.org.zeroturnaround.exec.ProcessExecutor -- Executing [cmd, /c, docker-credential-desktop, get].
10:23:59.178 [main] DEBUG org.testcontainers.shaded.org.zeroturnaround.exec.ProcessExecutor -- Started Process[pid=20736, exitValue="not exited"]
10:23:59.279 [WaitForProcess-Process[pid=20736, exitValue="not exited"]] DEBUG org.testcontainers.shaded.org.zeroturnaround.exec.WaitForProcess -- Process[pid=20736, exitValue=0] stopped with exit code 0
10:23:59.284 [main] DEBUG org.testcontainers.utility.RegistryAuthLocator -- Credential helper/store provided auth config for: https://index.docker.io/v1/
10:23:59.287 [main] DEBUG org.testcontainers.utility.RegistryAuthLocator -- found creds store auth config [AuthConfig{username=elenacabe, password=hidden non-blank value, auth=blank, email=null, registryAddress=https://index.docker.io/v1/, registryToken=blank}]
10:23:59.287 [main] DEBUG org.testcontainers.utility.RegistryAuthLocator -- Cached auth found: [AuthConfig{username=elenacabe, password=hidden non-blank value, auth=blank, email=null, registryAddress=https://index.docker.io/v1/, registryToken=blank}]
10:23:59.287 [main] DEBUG org.testcontainers.dockerclient.AuthDelegatingDockerClientConfig -- Effective auth config [AuthConfig{username=elenacabe, password=hidden non-blank value, auth=blank, email=null, registryAddress=https://index.docker.io/v1/, registryToken=blank}]
10:23:59.304 [main] DEBUG org.testcontainers.shaded.com.github.dockerjava.core.command.AbstrDockerCmd -- Cmd: org.testcontainers.shaded.com.github.dockerjava.core.command.CreateContainerCmdImpl@5215cd9a[aliases=<null>,argsEscaped=<null>,attachStderr=<null>,attachStdin=<null>,attachStdout=<null>,authConfig=AuthConfig(username=elenacabe, email=null, registryAddress=https://index.docker.io/v1/, stackOrchestrator=null),cmd={},domainName=<null>,entrypoint=<null>,env={},exposedPorts=ExposedPorts(exposedPorts=[8080/tcp]),healthcheck=<null>,hostConfig=HostConfig(binds=[//var/run/docker.sock:/var/run/docker.sock:rw], blkioWeight=null, blkioWeightDevice=null, blkioDeviceReadBps=null, blkioDeviceWriteBps=null, blkioDeviceReadIOps=null, blkioDeviceWriteIOps=null, memorySwappiness=null, nanoCPUs=null, capAdd=null, capDrop=null, containerIDFile=null, cpuPeriod=null, cpuRealtimePeriod=null, cpuRealtimeRuntime=null, cpuShares=null, cpuQuota=null, cpusetCpus=null, cpusetMems=null, devices=null, deviceCgroupRules=null, deviceRequests=null, diskQuota=null, dns=null, dnsOptions=null, dnsSearch=null, extraHosts=[], groupAdd=null, ipcMode=null, cgroup=null, links=[], logConfig=LogConfig(type=null, config=null), lxcConf=null, memory=null, memorySwap=null, memoryReservation=null, kernelMemory=null, networkMode=null, oomKillDisable=null, init=null, autoRemove=true, oomScoreAdj=null, portBindings={8080/tcp=[Lcom.github.dockerjava.api.model.Ports$Binding;@38d5b107}, privileged=true, publishAllPorts=null, readonlyRootfs=null, restartPolicy=null, ulimits=null, cpuCount=null, cpuPercent=null, ioMaximumIOps=null, ioMaximumBandwidth=null, volumesFrom=[], mounts=null, pidMode=null, isolation=null, securityOpts=null, storageOpt=null, cgroupParent=null, volumeDriver=null, shmSize=null, pidsLimit=null, runtime=null, tmpFs=null, utSMode=null, usernsMode=null, sysctls=null, consoleSize=null, cgroupnsMode=null),hostName=<null>,image=testcontainers/ryuk:0.5.1,ipv4Address=<null>,ipv6Address=<null>,labels={org.testcontainers=true, org.testcontainers.lang=java, org.testcontainers.version=1.19.3},macAddress=<null>,name=testcontainers-ryuk-ad01dab1-4b9b-4848-b723-5acec0598df9,networkDisabled=<null>,networkingConfig=<null>,onBuild=<null>,platform=<null>,portSpecs=<null>,shell=<null>,stdInOnce=<null>,stdinOpen=<null>,stopSignal=<null>,stopTimeout=<null>,tty=<null>,user=<null>,volumes=Volumes(volumes=[]),workingDir=<null>]
10:23:59.426 [main] DEBUG com.github.dockerjava.zerodep.shaded.org.apache.hc.client5.http.impl.classic.InternalHttpClient -- ex-00000004: preparing request execution
10:23:59.427 [main] DEBUG com.github.dockerjava.zerodep.shaded.org.apache.hc.client5.http.protocol.RequestAddCookies -- Cookie spec selected: strict
10:23:59.427 [main] DEBUG com.github.dockerjava.zerodep.shaded.org.apache.hc.client5.http.protocol.RequestAuthCache -- Auth cache not set in the context
10:23:59.427 [main] DEBUG com.github.dockerjava.zerodep.shaded.org.apache.hc.client5.http.impl.classic.ProtocolExec -- ex-00000004: target auth state: UNCHALLENGED
10:23:59.427 [main] DEBUG com.github.dockerjava.zerodep.shaded.org.apache.hc.client5.http.impl.classic.ProtocolExec -- ex-00000004: proxy auth state: UNCHALLENGED
10:23:59.427 [main] DEBUG com.github.dockerjava.zerodep.shaded.org.apache.hc.client5.http.impl.classic.ConnectExec -- ex-00000004: acquiring connection with route {}->npipe://localhost:2375
10:23:59.427 [main] DEBUG com.github.dockerjava.zerodep.shaded.org.apache.hc.client5.http.impl.classic.InternalHttpClient -- ex-00000004: acquiring endpoint (3 MINUTES)
10:23:59.427 [main] DEBUG com.github.dockerjava.zerodep.shaded.org.apache.hc.client5.http.impl.io.PoolingHttpClientConnectionManager -- ex-00000004: endpoint lease request (3 MINUTES) [route: {}->npipe://localhost:2375][total available: 1; route allocated: 1 of 2147483647; total allocated: 1 of 2147483647]
10:23:59.427 [main] DEBUG com.github.dockerjava.zerodep.shaded.org.apache.hc.client5.http.impl.io.PoolingHttpClientConnectionManager -- ex-00000004: endpoint leased [route: {}->npipe://localhost:2375][total available: 0; route allocated: 1 of 2147483647; total allocated: 1 of 2147483647]
10:23:59.427 [main] DEBUG com.github.dockerjava.zerodep.shaded.org.apache.hc.client5.http.impl.io.PoolingHttpClientConnectionManager -- ex-00000004: acquired ep-00000003
10:23:59.427 [main] DEBUG com.github.dockerjava.zerodep.shaded.org.apache.hc.client5.http.impl.classic.InternalHttpClient -- ex-00000004: acquired endpoint ep-00000003
10:23:59.427 [main] DEBUG com.github.dockerjava.zerodep.shaded.org.apache.hc.client5.http.impl.classic.MainClientExec -- ex-00000004: executing POST /v1.32/containers/create?name=testcontainers-ryuk-ad01dab1-4b9b-4848-b723-5acec0598df9 HTTP/1.1
10:23:59.429 [main] DEBUG com.github.dockerjava.zerodep.shaded.org.apache.hc.client5.http.impl.classic.InternalHttpClient -- ep-00000003: start execution ex-00000004
10:23:59.429 [main] DEBUG com.github.dockerjava.zerodep.shaded.org.apache.hc.client5.http.impl.io.PoolingHttpClientConnectionManager -- ep-00000003: executing exchange ex-00000004 over http-outgoing-0
10:23:59.429 [main] DEBUG com.github.dockerjava.zerodep.shaded.org.apache.hc.client5.http.headers -- http-outgoing-0 >> POST /v1.32/containers/create?name=testcontainers-ryuk-ad01dab1-4b9b-4848-b723-5acec0598df9 HTTP/1.1
10:23:59.429 [main] DEBUG com.github.dockerjava.zerodep.shaded.org.apache.hc.client5.http.headers -- http-outgoing-0 >> X-Registry-Auth: eyJ1c2VybmFtZSI6ImVsZW5hY2FiZSIsInBhc3N3b3JkIjoiZGNrcl9wYXRfTFNweVg2VU02ekszeDNEYzlzNW5QWWNmeVE0IiwiZW1haWwiOm51bGwsInNlcnZlcmFkZHJlc3MiOiJodHRwczovL2luZGV4LmRvY2tlci5pby92MS8iLCJhdXRoIjpudWxsLCJyZWdpc3RyeXRva2VuIjpudWxsLCJpZGVudGl0eXRva2VuIjpudWxsLCJzdGFja09yY2hlc3RyYXRvciI6bnVsbH0=
10:23:59.429 [main] DEBUG com.github.dockerjava.zerodep.shaded.org.apache.hc.client5.http.headers -- http-outgoing-0 >> accept: application/json
10:23:59.429 [main] DEBUG com.github.dockerjava.zerodep.shaded.org.apache.hc.client5.http.headers -- http-outgoing-0 >> content-type: application/json
10:23:59.429 [main] DEBUG com.github.dockerjava.zerodep.shaded.org.apache.hc.client5.http.headers -- http-outgoing-0 >> x-tc-sid: ad01dab1-4b9b-4848-b723-5acec0598df9
10:23:59.429 [main] DEBUG com.github.dockerjava.zerodep.shaded.org.apache.hc.client5.http.headers -- http-outgoing-0 >> User-Agent: tc-java/1.19.3
10:23:59.429 [main] DEBUG com.github.dockerjava.zerodep.shaded.org.apache.hc.client5.http.headers -- http-outgoing-0 >> Accept-Encoding: gzip, x-gzip, deflate
10:23:59.429 [main] DEBUG com.github.dockerjava.zerodep.shaded.org.apache.hc.client5.http.headers -- http-outgoing-0 >> Content-Length: 1955
10:23:59.429 [main] DEBUG com.github.dockerjava.zerodep.shaded.org.apache.hc.client5.http.headers -- http-outgoing-0 >> Host: localhost:2375
10:23:59.429 [main] DEBUG com.github.dockerjava.zerodep.shaded.org.apache.hc.client5.http.headers -- http-outgoing-0 >> Connection: keep-alive
10:23:59.430 [main] DEBUG com.github.dockerjava.zerodep.shaded.org.apache.hc.client5.http.wire -- http-outgoing-0 >> "POST /v1.32/containers/create?name=testcontainers-ryuk-ad01dab1-4b9b-4848-b723-5acec0598df9 HTTP/1.1[\r][\n]"
10:23:59.430 [main] DEBUG com.github.dockerjava.zerodep.shaded.org.apache.hc.client5.http.wire -- http-outgoing-0 >> "X-Registry-Auth: eyJ1c2VybmFtZSI6ImVsZW5hY2FiZSIsInBhc3N3b3JkIjoiZGNrcl9wYXRfTFNweVg2VU02ekszeDNEYzlzNW5QWWNmeVE0IiwiZW1haWwiOm51bGwsInNlcnZlcmFkZHJlc3MiOiJodHRwczovL2luZGV4LmRvY2tlci5pby92MS8iLCJhdXRoIjpudWxsLCJyZWdpc3RyeXRva2VuIjpudWxsLCJpZGVudGl0eXRva2VuIjpudWxsLCJzdGFja09yY2hlc3RyYXRvciI6bnVsbH0=[\r][\n]"
10:23:59.430 [main] DEBUG com.github.dockerjava.zerodep.shaded.org.apache.hc.client5.http.wire -- http-outgoing-0 >> "accept: application/json[\r][\n]"
10:23:59.430 [main] DEBUG com.github.dockerjava.zerodep.shaded.org.apache.hc.client5.http.wire -- http-outgoing-0 >> "content-type: application/json[\r][\n]"
10:23:59.430 [main] DEBUG com.github.dockerjava.zerodep.shaded.org.apache.hc.client5.http.wire -- http-outgoing-0 >> "x-tc-sid: ad01dab1-4b9b-4848-b723-5acec0598df9[\r][\n]"
10:23:59.430 [main] DEBUG com.github.dockerjava.zerodep.shaded.org.apache.hc.client5.http.wire -- http-outgoing-0 >> "User-Agent: tc-java/1.19.3[\r][\n]"
10:23:59.430 [main] DEBUG com.github.dockerjava.zerodep.shaded.org.apache.hc.client5.http.wire -- http-outgoing-0 >> "Accept-Encoding: gzip, x-gzip, deflate[\r][\n]"
10:23:59.430 [main] DEBUG com.github.dockerjava.zerodep.shaded.org.apache.hc.client5.http.wire -- http-outgoing-0 >> "Content-Length: 1955[\r][\n]"
10:23:59.430 [main] DEBUG com.github.dockerjava.zerodep.shaded.org.apache.hc.client5.http.wire -- http-outgoing-0 >> "Host: localhost:2375[\r][\n]"
10:23:59.430 [main] DEBUG com.github.dockerjava.zerodep.shaded.org.apache.hc.client5.http.wire -- http-outgoing-0 >> "Connection: keep-alive[\r][\n]"
10:23:59.430 [main] DEBUG com.github.dockerjava.zerodep.shaded.org.apache.hc.client5.http.wire -- http-outgoing-0 >> "[\r][\n]"
10:23:59.430 [main] DEBUG com.github.dockerjava.zerodep.shaded.org.apache.hc.client5.http.wire -- http-outgoing-0 >> "{"Hostname":null,"Domainname":null,"User":null,"AttachStdin":null,"AttachStdout":null,"AttachStderr":null,"PortSpecs":null,"Tty":null,"OpenStdin":null,"StdinOnce":null,"Env":[],"Cmd":[],"Healthcheck":null,"ArgsEscaped":null,"Entrypoint":null,"Image":"testcontainers/ryuk:0.5.1","Volumes":{},"WorkingDir":null,"MacAddress":null,"OnBuild":null,"NetworkDisabled":null,"ExposedPorts":{"8080/tcp":{}},"StopSignal":null,"StopTimeout":null,"HostConfig":{"Binds":["//var/run/docker.sock:/var/run/docker.sock:rw"],"BlkioWeight":null,"BlkioWeightDevice":null,"BlkioDeviceReadBps":null,"BlkioDeviceWriteBps":null,"BlkioDeviceReadIOps":null,"BlkioDeviceWriteIOps":null,"MemorySwappiness":null,"NanoCpus":null,"CapAdd":null,"CapDrop":null,"ContainerIDFile":null,"CpuPeriod":null,"CpuRealtimePeriod":null,"CpuRealtimeRuntime":null,"CpuShares":null,"CpuQuota":null,"CpusetCpus":null,"CpusetMems":null,"Devices":null,"DeviceCgroupRules":null,"DeviceRequests":null,"DiskQuota":null,"Dns":null,"DnsOptions":null,"DnsSearch":null,"ExtraHosts":[],"GroupAdd":null,"IpcMode":null,"Cgroup":null,"Links":[],"LogConfig":null,"LxcConf":null,"Memory":null,"MemorySwap":null,"MemoryReservation":null,"KernelMemory":null,"NetworkMode":null,"OomKillDisable":null,"Init":null,"AutoRemove":true,"OomScoreAdj":null,"PortBindings":{"8080/tcp":[{"HostIp":"","HostPort":""}]},"Privileged":true,"PublishAllPorts":null,"ReadonlyRootfs":null,"RestartPolicy":null,"Ulimits":null,"CpuCount":null,"CpuPercent":null,"IOMaximumIOps":null,"IOMaximumBandwidth":null,"VolumesFrom":[],"Mounts":null,"PidMode":null,"Isolation":null,"SecurityOpt":null,"StorageOpt":null,"CgroupParent":null,"VolumeDriver":null,"ShmSize":null,"PidsLimit":null,"Runtime":null,"Tmpfs":null,"UTSMode":null,"UsernsMode":null,"Sysctls":null,"ConsoleSize":null,"CgroupnsMode":null},"Labels":{"org.testcontainers":"true","org.testcontainers.lang":"java","org.testcontainers.version":"1.19.3"},"Shell":null,"NetworkingConfig":null}"
10:23:59.564 [main] DEBUG com.github.dockerjava.zerodep.shaded.org.apache.hc.client5.http.wire -- http-outgoing-0 << "HTTP/1.1 201 Created[\r][\n]"
10:23:59.564 [main] DEBUG com.github.dockerjava.zerodep.shaded.org.apache.hc.client5.http.wire -- http-outgoing-0 << "Api-Version: 1.47[\r][\n]"
10:23:59.565 [main] DEBUG com.github.dockerjava.zerodep.shaded.org.apache.hc.client5.http.wire -- http-outgoing-0 << "Content-Type: application/json[\r][\n]"
10:23:59.565 [main] DEBUG com.github.dockerjava.zerodep.shaded.org.apache.hc.client5.http.wire -- http-outgoing-0 << "Date: Fri, 02 May 2025 08:23:59 GMT[\r][\n]"
10:23:59.566 [main] DEBUG com.github.dockerjava.zerodep.shaded.org.apache.hc.client5.http.wire -- http-outgoing-0 << "Docker-Experimental: false[\r][\n]"
10:23:59.566 [main] DEBUG com.github.dockerjava.zerodep.shaded.org.apache.hc.client5.http.wire -- http-outgoing-0 << "Ostype: linux[\r][\n]"
10:23:59.566 [main] DEBUG com.github.dockerjava.zerodep.shaded.org.apache.hc.client5.http.wire -- http-outgoing-0 << "Server: Docker/27.5.1 (linux)[\r][\n]"
10:23:59.566 [main] DEBUG com.github.dockerjava.zerodep.shaded.org.apache.hc.client5.http.wire -- http-outgoing-0 << "Transfer-Encoding: chunked[\r][\n]"
10:23:59.567 [main] DEBUG com.github.dockerjava.zerodep.shaded.org.apache.hc.client5.http.wire -- http-outgoing-0 << "[\r][\n]"
10:23:59.568 [main] DEBUG com.github.dockerjava.zerodep.shaded.org.apache.hc.client5.http.headers -- http-outgoing-0 << HTTP/1.1 201 Created
10:23:59.568 [main] DEBUG com.github.dockerjava.zerodep.shaded.org.apache.hc.client5.http.headers -- http-outgoing-0 << Api-Version: 1.47
10:23:59.568 [main] DEBUG com.github.dockerjava.zerodep.shaded.org.apache.hc.client5.http.headers -- http-outgoing-0 << Content-Type: application/json
10:23:59.568 [main] DEBUG com.github.dockerjava.zerodep.shaded.org.apache.hc.client5.http.headers -- http-outgoing-0 << Date: Fri, 02 May 2025 08:23:59 GMT
10:23:59.569 [main] DEBUG com.github.dockerjava.zerodep.shaded.org.apache.hc.client5.http.headers -- http-outgoing-0 << Docker-Experimental: false
10:23:59.569 [main] DEBUG com.github.dockerjava.zerodep.shaded.org.apache.hc.client5.http.headers -- http-outgoing-0 << Ostype: linux
10:23:59.569 [main] DEBUG com.github.dockerjava.zerodep.shaded.org.apache.hc.client5.http.headers -- http-outgoing-0 << Server: Docker/27.5.1 (linux)
10:23:59.569 [main] DEBUG com.github.dockerjava.zerodep.shaded.org.apache.hc.client5.http.headers -- http-outgoing-0 << Transfer-Encoding: chunked
10:23:59.569 [main] DEBUG com.github.dockerjava.zerodep.shaded.org.apache.hc.client5.http.impl.classic.MainClientExec -- ex-00000004: connection can be kept alive for 3 MINUTES
10:23:59.571 [main] DEBUG com.github.dockerjava.zerodep.shaded.org.apache.hc.client5.http.wire -- http-outgoing-0 << "58[\r][\n]"
10:23:59.571 [main] DEBUG com.github.dockerjava.zerodep.shaded.org.apache.hc.client5.http.wire -- http-outgoing-0 << "{"Id":"489d33d5df5cbddde1a898fe6c8cf0a522825e29bb98512d8387b7e6891f5cfb","Warnings":[]}[\n]"
10:23:59.572 [main] DEBUG com.github.dockerjava.zerodep.shaded.org.apache.hc.client5.http.wire -- http-outgoing-0 << "[\r][\n]"
10:23:59.572 [main] DEBUG com.github.dockerjava.zerodep.shaded.org.apache.hc.client5.http.wire -- http-outgoing-0 << "0[\r][\n]"
10:23:59.572 [main] DEBUG com.github.dockerjava.zerodep.shaded.org.apache.hc.client5.http.wire -- http-outgoing-0 << "[\r][\n]"
10:23:59.579 [main] DEBUG com.github.dockerjava.zerodep.shaded.org.apache.hc.client5.http.impl.classic.InternalHttpClient -- ep-00000003: releasing valid endpoint
10:23:59.580 [main] DEBUG com.github.dockerjava.zerodep.shaded.org.apache.hc.client5.http.impl.io.PoolingHttpClientConnectionManager -- ep-00000003: releasing endpoint
10:23:59.581 [main] DEBUG com.github.dockerjava.zerodep.shaded.org.apache.hc.client5.http.impl.io.PoolingHttpClientConnectionManager -- ep-00000003: connection http-outgoing-0 can be kept alive for 3 MINUTES
10:23:59.581 [main] DEBUG com.github.dockerjava.zerodep.shaded.org.apache.hc.client5.http.impl.io.PoolingHttpClientConnectionManager -- ep-00000003: connection released [route: {}->npipe://localhost:2375][total available: 1; route allocated: 1 of 2147483647; total allocated: 1 of 2147483647]
10:23:59.592 [main] INFO tc.testcontainers/ryuk:0.5.1 -- Container testcontainers/ryuk:0.5.1 is starting: 489d33d5df5cbddde1a898fe6c8cf0a522825e29bb98512d8387b7e6891f5cfb
10:23:59.598 [main] DEBUG org.testcontainers.shaded.com.github.dockerjava.core.command.AbstrDockerCmd -- Cmd: 489d33d5df5cbddde1a898fe6c8cf0a522825e29bb98512d8387b7e6891f5cfb
10:23:59.601 [main] DEBUG com.github.dockerjava.zerodep.shaded.org.apache.hc.client5.http.impl.classic.InternalHttpClient -- ex-00000005: preparing request execution
10:23:59.603 [main] DEBUG com.github.dockerjava.zerodep.shaded.org.apache.hc.client5.http.protocol.RequestAddCookies -- Cookie spec selected: strict
10:23:59.603 [main] DEBUG com.github.dockerjava.zerodep.shaded.org.apache.hc.client5.http.protocol.RequestAuthCache -- Auth cache not set in the context
10:23:59.603 [main] DEBUG com.github.dockerjava.zerodep.shaded.org.apache.hc.client5.http.impl.classic.ProtocolExec -- ex-00000005: target auth state: UNCHALLENGED
10:23:59.603 [main] DEBUG com.github.dockerjava.zerodep.shaded.org.apache.hc.client5.http.impl.classic.ProtocolExec -- ex-00000005: proxy auth state: UNCHALLENGED
10:23:59.603 [main] DEBUG com.github.dockerjava.zerodep.shaded.org.apache.hc.client5.http.impl.classic.ConnectExec -- ex-00000005: acquiring connection with route {}->npipe://localhost:2375
10:23:59.603 [main] DEBUG com.github.dockerjava.zerodep.shaded.org.apache.hc.client5.http.impl.classic.InternalHttpClient -- ex-00000005: acquiring endpoint (3 MINUTES)
10:23:59.604 [main] DEBUG com.github.dockerjava.zerodep.shaded.org.apache.hc.client5.http.impl.io.PoolingHttpClientConnectionManager -- ex-00000005: endpoint lease request (3 MINUTES) [route: {}->npipe://localhost:2375][total available: 1; route allocated: 1 of 2147483647; total allocated: 1 of 2147483647]
10:23:59.604 [main] DEBUG com.github.dockerjava.zerodep.shaded.org.apache.hc.client5.http.impl.io.PoolingHttpClientConnectionManager -- ex-00000005: endpoint leased [route: {}->npipe://localhost:2375][total available: 0; route allocated: 1 of 2147483647; total allocated: 1 of 2147483647]
10:23:59.605 [main] DEBUG com.github.dockerjava.zerodep.shaded.org.apache.hc.client5.http.impl.io.PoolingHttpClientConnectionManager -- ex-00000005: acquired ep-00000004
10:23:59.605 [main] DEBUG com.github.dockerjava.zerodep.shaded.org.apache.hc.client5.http.impl.classic.InternalHttpClient -- ex-00000005: acquired endpoint ep-00000004
10:23:59.605 [main] DEBUG com.github.dockerjava.zerodep.shaded.org.apache.hc.client5.http.impl.classic.MainClientExec -- ex-00000005: executing POST /v1.32/containers/489d33d5df5cbddde1a898fe6c8cf0a522825e29bb98512d8387b7e6891f5cfb/start HTTP/1.1
10:23:59.605 [main] DEBUG com.github.dockerjava.zerodep.shaded.org.apache.hc.client5.http.impl.classic.InternalHttpClient -- ep-00000004: start execution ex-00000005
10:23:59.605 [main] DEBUG com.github.dockerjava.zerodep.shaded.org.apache.hc.client5.http.impl.io.PoolingHttpClientConnectionManager -- ep-00000004: executing exchange ex-00000005 over http-outgoing-0
10:23:59.605 [main] DEBUG com.github.dockerjava.zerodep.shaded.org.apache.hc.client5.http.headers -- http-outgoing-0 >> POST /v1.32/containers/489d33d5df5cbddde1a898fe6c8cf0a522825e29bb98512d8387b7e6891f5cfb/start HTTP/1.1
10:23:59.605 [main] DEBUG com.github.dockerjava.zerodep.shaded.org.apache.hc.client5.http.headers -- http-outgoing-0 >> accept: application/json
10:23:59.605 [main] DEBUG com.github.dockerjava.zerodep.shaded.org.apache.hc.client5.http.headers -- http-outgoing-0 >> content-type: application/json
10:23:59.605 [main] DEBUG com.github.dockerjava.zerodep.shaded.org.apache.hc.client5.http.headers -- http-outgoing-0 >> x-tc-sid: ad01dab1-4b9b-4848-b723-5acec0598df9
10:23:59.605 [main] DEBUG com.github.dockerjava.zerodep.shaded.org.apache.hc.client5.http.headers -- http-outgoing-0 >> User-Agent: tc-java/1.19.3
10:23:59.606 [main] DEBUG com.github.dockerjava.zerodep.shaded.org.apache.hc.client5.http.headers -- http-outgoing-0 >> Accept-Encoding: gzip, x-gzip, deflate
10:23:59.606 [main] DEBUG com.github.dockerjava.zerodep.shaded.org.apache.hc.client5.http.headers -- http-outgoing-0 >> Host: localhost:2375
10:23:59.606 [main] DEBUG com.github.dockerjava.zerodep.shaded.org.apache.hc.client5.http.headers -- http-outgoing-0 >> Connection: keep-alive
10:23:59.606 [main] DEBUG com.github.dockerjava.zerodep.shaded.org.apache.hc.client5.http.wire -- http-outgoing-0 >> "POST /v1.32/containers/489d33d5df5cbddde1a898fe6c8cf0a522825e29bb98512d8387b7e6891f5cfb/start HTTP/1.1[\r][\n]"
10:23:59.606 [main] DEBUG com.github.dockerjava.zerodep.shaded.org.apache.hc.client5.http.wire -- http-outgoing-0 >> "accept: application/json[\r][\n]"
10:23:59.606 [main] DEBUG com.github.dockerjava.zerodep.shaded.org.apache.hc.client5.http.wire -- http-outgoing-0 >> "content-type: application/json[\r][\n]"
10:23:59.606 [main] DEBUG com.github.dockerjava.zerodep.shaded.org.apache.hc.client5.http.wire -- http-outgoing-0 >> "x-tc-sid: ad01dab1-4b9b-4848-b723-5acec0598df9[\r][\n]"
10:23:59.606 [main] DEBUG com.github.dockerjava.zerodep.shaded.org.apache.hc.client5.http.wire -- http-outgoing-0 >> "User-Agent: tc-java/1.19.3[\r][\n]"
10:23:59.606 [main] DEBUG com.github.dockerjava.zerodep.shaded.org.apache.hc.client5.http.wire -- http-outgoing-0 >> "Accept-Encoding: gzip, x-gzip, deflate[\r][\n]"
10:23:59.606 [main] DEBUG com.github.dockerjava.zerodep.shaded.org.apache.hc.client5.http.wire -- http-outgoing-0 >> "Host: localhost:2375[\r][\n]"
10:23:59.606 [main] DEBUG com.github.dockerjava.zerodep.shaded.org.apache.hc.client5.http.wire -- http-outgoing-0 >> "Connection: keep-alive[\r][\n]"
10:23:59.606 [main] DEBUG com.github.dockerjava.zerodep.shaded.org.apache.hc.client5.http.wire -- http-outgoing-0 >> "[\r][\n]"
10:24:00.311 [main] DEBUG com.github.dockerjava.zerodep.shaded.org.apache.hc.client5.http.wire -- http-outgoing-0 << "HTTP/1.1 204 No Content[\r][\n]"
10:24:00.312 [main] DEBUG com.github.dockerjava.zerodep.shaded.org.apache.hc.client5.http.wire -- http-outgoing-0 << "Api-Version: 1.47[\r][\n]"
10:24:00.312 [main] DEBUG com.github.dockerjava.zerodep.shaded.org.apache.hc.client5.http.wire -- http-outgoing-0 << "Date: Fri, 02 May 2025 08:24:00 GMT[\r][\n]"
10:24:00.312 [main] DEBUG com.github.dockerjava.zerodep.shaded.org.apache.hc.client5.http.wire -- http-outgoing-0 << "Docker-Experimental: false[\r][\n]"
10:24:00.313 [main] DEBUG com.github.dockerjava.zerodep.shaded.org.apache.hc.client5.http.wire -- http-outgoing-0 << "Ostype: linux[\r][\n]"
10:24:00.313 [main] DEBUG com.github.dockerjava.zerodep.shaded.org.apache.hc.client5.http.wire -- http-outgoing-0 << "Server: Docker/27.5.1 (linux)[\r][\n]"
10:24:00.313 [main] DEBUG com.github.dockerjava.zerodep.shaded.org.apache.hc.client5.http.wire -- http-outgoing-0 << "[\r][\n]"
10:24:00.313 [main] DEBUG com.github.dockerjava.zerodep.shaded.org.apache.hc.client5.http.headers -- http-outgoing-0 << HTTP/1.1 204 No Content
10:24:00.313 [main] DEBUG com.github.dockerjava.zerodep.shaded.org.apache.hc.client5.http.headers -- http-outgoing-0 << Api-Version: 1.47
10:24:00.313 [main] DEBUG com.github.dockerjava.zerodep.shaded.org.apache.hc.client5.http.headers -- http-outgoing-0 << Date: Fri, 02 May 2025 08:24:00 GMT
10:24:00.313 [main] DEBUG com.github.dockerjava.zerodep.shaded.org.apache.hc.client5.http.headers -- http-outgoing-0 << Docker-Experimental: false
10:24:00.313 [main] DEBUG com.github.dockerjava.zerodep.shaded.org.apache.hc.client5.http.headers -- http-outgoing-0 << Ostype: linux
10:24:00.313 [main] DEBUG com.github.dockerjava.zerodep.shaded.org.apache.hc.client5.http.headers -- http-outgoing-0 << Server: Docker/27.5.1 (linux)
10:24:00.314 [main] DEBUG com.github.dockerjava.zerodep.shaded.org.apache.hc.client5.http.impl.classic.MainClientExec -- ex-00000005: connection can be kept alive for 3 MINUTES
10:24:00.314 [main] DEBUG com.github.dockerjava.zerodep.shaded.org.apache.hc.client5.http.impl.classic.InternalHttpClient -- ep-00000004: releasing valid endpoint
10:24:00.314 [main] DEBUG com.github.dockerjava.zerodep.shaded.org.apache.hc.client5.http.impl.io.PoolingHttpClientConnectionManager -- ep-00000004: releasing endpoint
10:24:00.314 [main] DEBUG com.github.dockerjava.zerodep.shaded.org.apache.hc.client5.http.impl.io.PoolingHttpClientConnectionManager -- ep-00000004: connection http-outgoing-0 can be kept alive for 3 MINUTES
10:24:00.314 [main] DEBUG com.github.dockerjava.zerodep.shaded.org.apache.hc.client5.http.impl.io.PoolingHttpClientConnectionManager -- ep-00000004: connection released [route: {}->npipe://localhost:2375][total available: 1; route allocated: 1 of 2147483647; total allocated: 1 of 2147483647]
10:24:00.324 [main] DEBUG org.testcontainers.shaded.com.github.dockerjava.core.command.AbstrDockerCmd -- Cmd: 489d33d5df5cbddde1a898fe6c8cf0a522825e29bb98512d8387b7e6891f5cfb,false
10:24:00.326 [main] DEBUG org.testcontainers.shaded.com.github.dockerjava.core.exec.InspectContainerCmdExec -- GET: DefaultWebTarget{path=[/containers/489d33d5df5cbddde1a898fe6c8cf0a522825e29bb98512d8387b7e6891f5cfb/json], queryParams={}}
10:24:00.327 [main] DEBUG com.github.dockerjava.zerodep.shaded.org.apache.hc.client5.http.impl.classic.InternalHttpClient -- ex-00000006: preparing request execution
10:24:00.327 [main] DEBUG com.github.dockerjava.zerodep.shaded.org.apache.hc.client5.http.protocol.RequestAddCookies -- Cookie spec selected: strict
10:24:00.327 [main] DEBUG com.github.dockerjava.zerodep.shaded.org.apache.hc.client5.http.protocol.RequestAuthCache -- Auth cache not set in the context
10:24:00.327 [main] DEBUG com.github.dockerjava.zerodep.shaded.org.apache.hc.client5.http.impl.classic.ProtocolExec -- ex-00000006: target auth state: UNCHALLENGED
10:24:00.327 [main] DEBUG com.github.dockerjava.zerodep.shaded.org.apache.hc.client5.http.impl.classic.ProtocolExec -- ex-00000006: proxy auth state: UNCHALLENGED
10:24:00.327 [main] DEBUG com.github.dockerjava.zerodep.shaded.org.apache.hc.client5.http.impl.classic.ConnectExec -- ex-00000006: acquiring connection with route {}->npipe://localhost:2375
10:24:00.327 [main] DEBUG com.github.dockerjava.zerodep.shaded.org.apache.hc.client5.http.impl.classic.InternalHttpClient -- ex-00000006: acquiring endpoint (3 MINUTES)
10:24:00.327 [main] DEBUG com.github.dockerjava.zerodep.shaded.org.apache.hc.client5.http.impl.io.PoolingHttpClientConnectionManager -- ex-00000006: endpoint lease request (3 MINUTES) [route: {}->npipe://localhost:2375][total available: 1; route allocated: 1 of 2147483647; total allocated: 1 of 2147483647]
10:24:00.328 [main] DEBUG com.github.dockerjava.zerodep.shaded.org.apache.hc.client5.http.impl.io.PoolingHttpClientConnectionManager -- ex-00000006: endpoint leased [route: {}->npipe://localhost:2375][total available: 0; route allocated: 1 of 2147483647; total allocated: 1 of 2147483647]
10:24:00.329 [main] DEBUG com.github.dockerjava.zerodep.shaded.org.apache.hc.client5.http.impl.io.PoolingHttpClientConnectionManager -- ex-00000006: acquired ep-00000005
10:24:00.330 [main] DEBUG com.github.dockerjava.zerodep.shaded.org.apache.hc.client5.http.impl.classic.InternalHttpClient -- ex-00000006: acquired endpoint ep-00000005
10:24:00.330 [main] DEBUG com.github.dockerjava.zerodep.shaded.org.apache.hc.client5.http.impl.classic.MainClientExec -- ex-00000006: executing GET /v1.32/containers/489d33d5df5cbddde1a898fe6c8cf0a522825e29bb98512d8387b7e6891f5cfb/json HTTP/1.1
10:24:00.330 [main] DEBUG com.github.dockerjava.zerodep.shaded.org.apache.hc.client5.http.impl.classic.InternalHttpClient -- ep-00000005: start execution ex-00000006
10:24:00.330 [main] DEBUG com.github.dockerjava.zerodep.shaded.org.apache.hc.client5.http.impl.io.PoolingHttpClientConnectionManager -- ep-00000005: executing exchange ex-00000006 over http-outgoing-0
10:24:00.330 [main] DEBUG com.github.dockerjava.zerodep.shaded.org.apache.hc.client5.http.headers -- http-outgoing-0 >> GET /v1.32/containers/489d33d5df5cbddde1a898fe6c8cf0a522825e29bb98512d8387b7e6891f5cfb/json HTTP/1.1
10:24:00.330 [main] DEBUG com.github.dockerjava.zerodep.shaded.org.apache.hc.client5.http.headers -- http-outgoing-0 >> accept: application/json
10:24:00.331 [main] DEBUG com.github.dockerjava.zerodep.shaded.org.apache.hc.client5.http.headers -- http-outgoing-0 >> x-tc-sid: ad01dab1-4b9b-4848-b723-5acec0598df9
10:24:00.331 [main] DEBUG com.github.dockerjava.zerodep.shaded.org.apache.hc.client5.http.headers -- http-outgoing-0 >> User-Agent: tc-java/1.19.3
10:24:00.331 [main] DEBUG com.github.dockerjava.zerodep.shaded.org.apache.hc.client5.http.headers -- http-outgoing-0 >> Accept-Encoding: gzip, x-gzip, deflate
10:24:00.331 [main] DEBUG com.github.dockerjava.zerodep.shaded.org.apache.hc.client5.http.headers -- http-outgoing-0 >> Host: localhost:2375
10:24:00.331 [main] DEBUG com.github.dockerjava.zerodep.shaded.org.apache.hc.client5.http.headers -- http-outgoing-0 >> Connection: keep-alive
10:24:00.331 [main] DEBUG com.github.dockerjava.zerodep.shaded.org.apache.hc.client5.http.wire -- http-outgoing-0 >> "GET /v1.32/containers/489d33d5df5cbddde1a898fe6c8cf0a522825e29bb98512d8387b7e6891f5cfb/json HTTP/1.1[\r][\n]"
10:24:00.331 [main] DEBUG com.github.dockerjava.zerodep.shaded.org.apache.hc.client5.http.wire -- http-outgoing-0 >> "accept: application/json[\r][\n]"
10:24:00.331 [main] DEBUG com.github.dockerjava.zerodep.shaded.org.apache.hc.client5.http.wire -- http-outgoing-0 >> "x-tc-sid: ad01dab1-4b9b-4848-b723-5acec0598df9[\r][\n]"
10:24:00.331 [main] DEBUG com.github.dockerjava.zerodep.shaded.org.apache.hc.client5.http.wire -- http-outgoing-0 >> "User-Agent: tc-java/1.19.3[\r][\n]"
10:24:00.332 [main] DEBUG com.github.dockerjava.zerodep.shaded.org.apache.hc.client5.http.wire -- http-outgoing-0 >> "Accept-Encoding: gzip, x-gzip, deflate[\r][\n]"
10:24:00.332 [main] DEBUG com.github.dockerjava.zerodep.shaded.org.apache.hc.client5.http.wire -- http-outgoing-0 >> "Host: localhost:2375[\r][\n]"
10:24:00.332 [main] DEBUG com.github.dockerjava.zerodep.shaded.org.apache.hc.client5.http.wire -- http-outgoing-0 >> "Connection: keep-alive[\r][\n]"
10:24:00.332 [main] DEBUG com.github.dockerjava.zerodep.shaded.org.apache.hc.client5.http.wire -- http-outgoing-0 >> "[\r][\n]"
10:24:00.338 [main] DEBUG com.github.dockerjava.zerodep.shaded.org.apache.hc.client5.http.wire -- http-outgoing-0 << "HTTP/1.1 200 OK[\r][\n]"
10:24:00.339 [main] DEBUG com.github.dockerjava.zerodep.shaded.org.apache.hc.client5.http.wire -- http-outgoing-0 << "Api-Version: 1.47[\r][\n]"
10:24:00.339 [main] DEBUG com.github.dockerjava.zerodep.shaded.org.apache.hc.client5.http.wire -- http-outgoing-0 << "Content-Type: application/json[\r][\n]"
10:24:00.339 [main] DEBUG com.github.dockerjava.zerodep.shaded.org.apache.hc.client5.http.wire -- http-outgoing-0 << "Date: Fri, 02 May 2025 08:24:00 GMT[\r][\n]"
10:24:00.339 [main] DEBUG com.github.dockerjava.zerodep.shaded.org.apache.hc.client5.http.wire -- http-outgoing-0 << "Docker-Experimental: false[\r][\n]"
10:24:00.339 [main] DEBUG com.github.dockerjava.zerodep.shaded.org.apache.hc.client5.http.wire -- http-outgoing-0 << "Ostype: linux[\r][\n]"
10:24:00.340 [main] DEBUG com.github.dockerjava.zerodep.shaded.org.apache.hc.client5.http.wire -- http-outgoing-0 << "Server: Docker/27.5.1 (linux)[\r][\n]"
10:24:00.340 [main] DEBUG com.github.dockerjava.zerodep.shaded.org.apache.hc.client5.http.wire -- http-outgoing-0 << "Transfer-Encoding: chunked[\r][\n]"
10:24:00.340 [main] DEBUG com.github.dockerjava.zerodep.shaded.org.apache.hc.client5.http.wire -- http-outgoing-0 << "[\r][\n]"
10:24:00.340 [main] DEBUG com.github.dockerjava.zerodep.shaded.org.apache.hc.client5.http.headers -- http-outgoing-0 << HTTP/1.1 200 OK
10:24:00.340 [main] DEBUG com.github.dockerjava.zerodep.shaded.org.apache.hc.client5.http.headers -- http-outgoing-0 << Api-Version: 1.47
10:24:00.340 [main] DEBUG com.github.dockerjava.zerodep.shaded.org.apache.hc.client5.http.headers -- http-outgoing-0 << Content-Type: application/json
10:24:00.341 [main] DEBUG com.github.dockerjava.zerodep.shaded.org.apache.hc.client5.http.headers -- http-outgoing-0 << Date: Fri, 02 May 2025 08:24:00 GMT
10:24:00.341 [main] DEBUG com.github.dockerjava.zerodep.shaded.org.apache.hc.client5.http.headers -- http-outgoing-0 << Docker-Experimental: false
10:24:00.341 [main] DEBUG com.github.dockerjava.zerodep.shaded.org.apache.hc.client5.http.headers -- http-outgoing-0 << Ostype: linux
10:24:00.341 [main] DEBUG com.github.dockerjava.zerodep.shaded.org.apache.hc.client5.http.headers -- http-outgoing-0 << Server: Docker/27.5.1 (linux)
10:24:00.341 [main] DEBUG com.github.dockerjava.zerodep.shaded.org.apache.hc.client5.http.headers -- http-outgoing-0 << Transfer-Encoding: chunked
10:24:00.341 [main] DEBUG com.github.dockerjava.zerodep.shaded.org.apache.hc.client5.http.impl.classic.MainClientExec -- ex-00000006: connection can be kept alive for 3 MINUTES
10:24:00.352 [main] DEBUG com.github.dockerjava.zerodep.shaded.org.apache.hc.client5.http.wire -- http-outgoing-0 << "10a7[\r][\n]"
10:24:00.352 [main] DEBUG com.github.dockerjava.zerodep.shaded.org.apache.hc.client5.http.wire -- http-outgoing-0 << "{"Id":"489d33d5df5cbddde1a898fe6c8cf0a522825e29bb98512d8387b7e6891f5cfb","Created":"2025-05-02T08:23:59.4669398Z","Path":"/bin/ryuk","Args":[],"State":{"Status":"running","Running":true,"Paused":false,"Restarting":false,"OOMKilled":false,"Dead":false,"Pid":25107,"ExitCode":0,"Error":"","StartedAt":"2025-05-02T08:23:59.78722333Z","FinishedAt":"0001-01-01T00:00:00Z"},"Image":"sha256:533abc56c07b52a26c955d1e7ae428d810582ab01c156384ae79960eb5fa0775","ResolvConfPath":"/var/lib/docker/containers/489d33d5df5cbddde1a898fe6c8cf0a522825e29bb98512d8387b7e6891f5cfb/resolv.conf","HostnamePath":"/var/lib/docker/containers/489d33d5df5cbddde1a898fe6c8cf0a522825e29bb98512d8387b7e6891f5cfb/hostname","HostsPath":"/var/lib/docker/containers/489d33d5df5cbddde1a898fe6c8cf0a522825e29bb98512d8387b7e6891f5cfb/hosts","LogPath":"/var/lib/docker/containers/489d33d5df5cbddde1a898fe6c8cf0a522825e29bb98512d8387b7e6891f5cfb/489d33d5df5cbddde1a898fe6c8cf0a522825e29bb98512d8387b7e6891f5cfb-json.log","Name":"/testcontainers-ryuk-ad01dab1-4b9b-4848-b723-5acec0598df9","RestartCount":0,"Driver":"overlayfs","Platform":"linux","MountLabel":"","ProcessLabel":"","AppArmorProfile":"","ExecIDs":null,"HostConfig":{"Binds":["//var/run/docker.sock:/var/run/docker.sock:rw"],"ContainerIDFile":"","LogConfig":{"Type":"json-file","Config":{}},"NetworkMode":"bridge","PortBindings":{"8080/tcp":[{"HostIp":"0.0.0.0","HostPort":"0"}]},"RestartPolicy":{"Name":"no","MaximumRetryCount":0},"AutoRemove":true,"VolumeDriver":"","VolumesFrom":[],"ConsoleSize":[0,0],"CapAdd":null,"CapDrop":null,"CgroupnsMode":"host","Dns":null,"DnsOptions":null,"DnsSearch":null,"ExtraHosts":[],"GroupAdd":null,"IpcMode":"shareable","Cgroup":"","Links":null,"OomScoreAdj":0,"PidMode":"","Privileged":true,"PublishAllPorts":false,"ReadonlyRootfs":false,"SecurityOpt":["label=disable"],"UTSMode":"","UsernsMode":"","ShmSize":67108864,"Runtime":"runc","Isolation":"","CpuShares":0,"Memory":0,"NanoCpus":0,"CgroupParent":"","BlkioWeight":0,"BlkioWeightDevice":null,"BlkioDeviceReadBps":null,"BlkioDeviceWriteBps":null,"BlkioDeviceReadIOps":null,"BlkioDeviceWriteIOps":null,"CpuPeriod":0,"CpuQuota":0,"CpuRealtimePeriod":0,"CpuRealtimeRuntime":0,"CpusetCpus":"","CpusetMems":"","Devices":null,"DeviceCgroupRules":null,"DeviceRequests":null,"MemoryReservation":0,"MemorySwap":0,"MemorySwappiness":null,"OomKillDisable":false,"PidsLimit":null,"Ulimits":null,"CpuCount":0,"CpuPercent":0,"IOMaximumIOps":0,"IOMaximumBandwidth":0,"MaskedPaths":null,"ReadonlyPaths":null},"GraphDriver":{"Data":null,"Name":"overlayfs"},"Mounts":[{"Type":"bind","Source":"//var/run/docker.sock","Destination":"/var/run/docker.sock","Mode":"rw","RW":true,"Propagation":"rprivate"}],"Config":{"Hostname":"489d33d5df5c","Domainname":"","User":"","AttachStdin":false,"AttachStdout":false,"AttachStderr":false,"ExposedPorts":{"8080/tcp":{}},"Tty":false,"OpenStdin":false,"StdinOnce":false,"Env":["PATH=/usr/local/sbin:/usr/local/bin:/usr/sbin:/usr/bin:/sbin:/bin"],"Cmd":["/bin/ryuk"],"Image":"testcontainers/ryuk:0.5.1","Volumes":null,"WorkingDir":"","Entrypoint":null,"OnBuild":null,"Labels":{"org.testcontainers":"true","org.testcontainers.lang":"java","org.testcontainers.ryuk":"true","org.testcontainers.version":"1.19.3"}},"NetworkSettings":{"Bridge":"","SandboxID":"ec1f004ce96a1b50d0c389169e45de9f642f01a58405f66e5d328506906cbf1f","SandboxKey":"/var/run/docker/netns/ec1f004ce96a","Ports":{"8080/tcp":[{"HostIp":"0.0.0.0","HostPort":"64922"}]},"HairpinMode":false,"LinkLocalIPv6Address":"","LinkLocalIPv6PrefixLen":0,"SecondaryIPAddresses":null,"SecondaryIPv6Addresses":null,"EndpointID":"da1fbe0927a482c4e715abfc1681af112eacf76d591e6930652c2fffe15f477f","Gateway":"172.17.0.1","GlobalIPv6Address":"","GlobalIPv6PrefixLen":0,"IPAddress":"172.17.0.2","IPPrefixLen":16,"IPv6Gateway":"","MacAddress":"02:42:ac:11:00:02","Networks":{"bridge":{"IPAMConfig":null,"Links":null,"Aliases":null,"MacAddress":"02:42:ac:11:00:02","DriverOpts":null,"NetworkID":"89e707fbd0b1d4022ac819612d06620bf315f4973f7b027aed52ff20550be23d","EndpointID":"da1fbe0927a482c4e715abfc1681af112eacf76d59"
10:24:00.440 [main] DEBUG com.github.dockerjava.zerodep.shaded.org.apache.hc.client5.http.wire -- http-outgoing-0 << "1e6930652c2fffe15f477f","Gateway":"172.17.0.1","IPAddress":"172.17.0.2","IPPrefixLen":16,"IPv6Gateway":"","GlobalIPv6Address":"","GlobalIPv6PrefixLen":0,"DNSNames":null}}}}[\n]"
10:24:00.440 [main] DEBUG com.github.dockerjava.zerodep.shaded.org.apache.hc.client5.http.wire -- http-outgoing-0 << "[\r][\n]"
10:24:00.442 [main] DEBUG com.github.dockerjava.zerodep.shaded.org.apache.hc.client5.http.wire -- http-outgoing-0 << "0[\r][\n]"
10:24:00.442 [main] DEBUG com.github.dockerjava.zerodep.shaded.org.apache.hc.client5.http.wire -- http-outgoing-0 << "[\r][\n]"
10:24:00.520 [main] DEBUG com.github.dockerjava.zerodep.shaded.org.apache.hc.client5.http.impl.classic.InternalHttpClient -- ep-00000005: releasing valid endpoint
10:24:00.521 [main] DEBUG com.github.dockerjava.zerodep.shaded.org.apache.hc.client5.http.impl.io.PoolingHttpClientConnectionManager -- ep-00000005: releasing endpoint
10:24:00.521 [main] DEBUG com.github.dockerjava.zerodep.shaded.org.apache.hc.client5.http.impl.io.PoolingHttpClientConnectionManager -- ep-00000005: connection http-outgoing-0 can be kept alive for 3 MINUTES
10:24:00.521 [main] DEBUG com.github.dockerjava.zerodep.shaded.org.apache.hc.client5.http.impl.io.PoolingHttpClientConnectionManager -- ep-00000005: connection released [route: {}->npipe://localhost:2375][total available: 1; route allocated: 1 of 2147483647; total allocated: 1 of 2147483647]
10:24:00.525 [main] DEBUG org.testcontainers.shaded.com.github.dockerjava.core.command.AbstrDockerCmd -- Cmd: sha256:533abc56c07b52a26c955d1e7ae428d810582ab01c156384ae79960eb5fa0775
10:24:00.527 [main] DEBUG com.github.dockerjava.zerodep.shaded.org.apache.hc.client5.http.impl.classic.InternalHttpClient -- ex-00000007: preparing request execution
10:24:00.528 [main] DEBUG com.github.dockerjava.zerodep.shaded.org.apache.hc.client5.http.protocol.RequestAddCookies -- Cookie spec selected: strict
10:24:00.529 [main] DEBUG com.github.dockerjava.zerodep.shaded.org.apache.hc.client5.http.protocol.RequestAuthCache -- Auth cache not set in the context
10:24:00.529 [main] DEBUG com.github.dockerjava.zerodep.shaded.org.apache.hc.client5.http.impl.classic.ProtocolExec -- ex-00000007: target auth state: UNCHALLENGED
10:24:00.529 [main] DEBUG com.github.dockerjava.zerodep.shaded.org.apache.hc.client5.http.impl.classic.ProtocolExec -- ex-00000007: proxy auth state: UNCHALLENGED
10:24:00.529 [main] DEBUG com.github.dockerjava.zerodep.shaded.org.apache.hc.client5.http.impl.classic.ConnectExec -- ex-00000007: acquiring connection with route {}->npipe://localhost:2375
10:24:00.529 [main] DEBUG com.github.dockerjava.zerodep.shaded.org.apache.hc.client5.http.impl.classic.InternalHttpClient -- ex-00000007: acquiring endpoint (3 MINUTES)
10:24:00.530 [main] DEBUG com.github.dockerjava.zerodep.shaded.org.apache.hc.client5.http.impl.io.PoolingHttpClientConnectionManager -- ex-00000007: endpoint lease request (3 MINUTES) [route: {}->npipe://localhost:2375][total available: 1; route allocated: 1 of 2147483647; total allocated: 1 of 2147483647]
10:24:00.530 [main] DEBUG com.github.dockerjava.zerodep.shaded.org.apache.hc.client5.http.impl.io.PoolingHttpClientConnectionManager -- ex-00000007: endpoint leased [route: {}->npipe://localhost:2375][total available: 0; route allocated: 1 of 2147483647; total allocated: 1 of 2147483647]
10:24:00.530 [main] DEBUG com.github.dockerjava.zerodep.shaded.org.apache.hc.client5.http.impl.io.PoolingHttpClientConnectionManager -- ex-00000007: acquired ep-00000006
10:24:00.531 [main] DEBUG com.github.dockerjava.zerodep.shaded.org.apache.hc.client5.http.impl.classic.InternalHttpClient -- ex-00000007: acquired endpoint ep-00000006
10:24:00.531 [main] DEBUG com.github.dockerjava.zerodep.shaded.org.apache.hc.client5.http.impl.classic.MainClientExec -- ex-00000007: executing GET /v1.32/images/sha256:533abc56c07b52a26c955d1e7ae428d810582ab01c156384ae79960eb5fa0775/json HTTP/1.1
10:24:00.531 [main] DEBUG com.github.dockerjava.zerodep.shaded.org.apache.hc.client5.http.impl.classic.InternalHttpClient -- ep-00000006: start execution ex-00000007
10:24:00.531 [main] DEBUG com.github.dockerjava.zerodep.shaded.org.apache.hc.client5.http.impl.io.PoolingHttpClientConnectionManager -- ep-00000006: executing exchange ex-00000007 over http-outgoing-0
10:24:00.531 [main] DEBUG com.github.dockerjava.zerodep.shaded.org.apache.hc.client5.http.headers -- http-outgoing-0 >> GET /v1.32/images/sha256:533abc56c07b52a26c955d1e7ae428d810582ab01c156384ae79960eb5fa0775/json HTTP/1.1
10:24:00.531 [main] DEBUG com.github.dockerjava.zerodep.shaded.org.apache.hc.client5.http.headers -- http-outgoing-0 >> accept: application/json
10:24:00.531 [main] DEBUG com.github.dockerjava.zerodep.shaded.org.apache.hc.client5.http.headers -- http-outgoing-0 >> x-tc-sid: ad01dab1-4b9b-4848-b723-5acec0598df9
10:24:00.531 [main] DEBUG com.github.dockerjava.zerodep.shaded.org.apache.hc.client5.http.headers -- http-outgoing-0 >> User-Agent: tc-java/1.19.3
10:24:00.531 [main] DEBUG com.github.dockerjava.zerodep.shaded.org.apache.hc.client5.http.headers -- http-outgoing-0 >> Accept-Encoding: gzip, x-gzip, deflate
10:24:00.531 [main] DEBUG com.github.dockerjava.zerodep.shaded.org.apache.hc.client5.http.headers -- http-outgoing-0 >> Host: localhost:2375
10:24:00.531 [main] DEBUG com.github.dockerjava.zerodep.shaded.org.apache.hc.client5.http.headers -- http-outgoing-0 >> Connection: keep-alive
10:24:00.531 [main] DEBUG com.github.dockerjava.zerodep.shaded.org.apache.hc.client5.http.wire -- http-outgoing-0 >> "GET /v1.32/images/sha256:533abc56c07b52a26c955d1e7ae428d810582ab01c156384ae79960eb5fa0775/json HTTP/1.1[\r][\n]"
10:24:00.531 [main] DEBUG com.github.dockerjava.zerodep.shaded.org.apache.hc.client5.http.wire -- http-outgoing-0 >> "accept: application/json[\r][\n]"
10:24:00.531 [main] DEBUG com.github.dockerjava.zerodep.shaded.org.apache.hc.client5.http.wire -- http-outgoing-0 >> "x-tc-sid: ad01dab1-4b9b-4848-b723-5acec0598df9[\r][\n]"
10:24:00.531 [main] DEBUG com.github.dockerjava.zerodep.shaded.org.apache.hc.client5.http.wire -- http-outgoing-0 >> "User-Agent: tc-java/1.19.3[\r][\n]"
10:24:00.531 [main] DEBUG com.github.dockerjava.zerodep.shaded.org.apache.hc.client5.http.wire -- http-outgoing-0 >> "Accept-Encoding: gzip, x-gzip, deflate[\r][\n]"
10:24:00.531 [main] DEBUG com.github.dockerjava.zerodep.shaded.org.apache.hc.client5.http.wire -- http-outgoing-0 >> "Host: localhost:2375[\r][\n]"
10:24:00.531 [main] DEBUG com.github.dockerjava.zerodep.shaded.org.apache.hc.client5.http.wire -- http-outgoing-0 >> "Connection: keep-alive[\r][\n]"
10:24:00.531 [main] DEBUG com.github.dockerjava.zerodep.shaded.org.apache.hc.client5.http.wire -- http-outgoing-0 >> "[\r][\n]"
10:24:00.552 [main] DEBUG com.github.dockerjava.zerodep.shaded.org.apache.hc.client5.http.wire -- http-outgoing-0 << "HTTP/1.1 200 OK[\r][\n]"
10:24:00.553 [main] DEBUG com.github.dockerjava.zerodep.shaded.org.apache.hc.client5.http.wire -- http-outgoing-0 << "Api-Version: 1.47[\r][\n]"
10:24:00.553 [main] DEBUG com.github.dockerjava.zerodep.shaded.org.apache.hc.client5.http.wire -- http-outgoing-0 << "Content-Type: application/json[\r][\n]"
10:24:00.553 [main] DEBUG com.github.dockerjava.zerodep.shaded.org.apache.hc.client5.http.wire -- http-outgoing-0 << "Date: Fri, 02 May 2025 08:24:00 GMT[\r][\n]"
10:24:00.553 [main] DEBUG com.github.dockerjava.zerodep.shaded.org.apache.hc.client5.http.wire -- http-outgoing-0 << "Docker-Experimental: false[\r][\n]"
10:24:00.553 [main] DEBUG com.github.dockerjava.zerodep.shaded.org.apache.hc.client5.http.wire -- http-outgoing-0 << "Ostype: linux[\r][\n]"
10:24:00.553 [main] DEBUG com.github.dockerjava.zerodep.shaded.org.apache.hc.client5.http.wire -- http-outgoing-0 << "Server: Docker/27.5.1 (linux)[\r][\n]"
10:24:00.553 [main] DEBUG com.github.dockerjava.zerodep.shaded.org.apache.hc.client5.http.wire -- http-outgoing-0 << "Transfer-Encoding: chunked[\r][\n]"
10:24:00.553 [main] DEBUG com.github.dockerjava.zerodep.shaded.org.apache.hc.client5.http.wire -- http-outgoing-0 << "[\r][\n]"
10:24:00.554 [main] DEBUG com.github.dockerjava.zerodep.shaded.org.apache.hc.client5.http.headers -- http-outgoing-0 << HTTP/1.1 200 OK
10:24:00.554 [main] DEBUG com.github.dockerjava.zerodep.shaded.org.apache.hc.client5.http.headers -- http-outgoing-0 << Api-Version: 1.47
10:24:00.554 [main] DEBUG com.github.dockerjava.zerodep.shaded.org.apache.hc.client5.http.headers -- http-outgoing-0 << Content-Type: application/json
10:24:00.554 [main] DEBUG com.github.dockerjava.zerodep.shaded.org.apache.hc.client5.http.headers -- http-outgoing-0 << Date: Fri, 02 May 2025 08:24:00 GMT
10:24:00.554 [main] DEBUG com.github.dockerjava.zerodep.shaded.org.apache.hc.client5.http.headers -- http-outgoing-0 << Docker-Experimental: false
10:24:00.554 [main] DEBUG com.github.dockerjava.zerodep.shaded.org.apache.hc.client5.http.headers -- http-outgoing-0 << Ostype: linux
10:24:00.554 [main] DEBUG com.github.dockerjava.zerodep.shaded.org.apache.hc.client5.http.headers -- http-outgoing-0 << Server: Docker/27.5.1 (linux)
10:24:00.554 [main] DEBUG com.github.dockerjava.zerodep.shaded.org.apache.hc.client5.http.headers -- http-outgoing-0 << Transfer-Encoding: chunked
10:24:00.554 [main] DEBUG com.github.dockerjava.zerodep.shaded.org.apache.hc.client5.http.impl.classic.MainClientExec -- ex-00000007: connection can be kept alive for 3 MINUTES
10:24:00.554 [main] DEBUG com.github.dockerjava.zerodep.shaded.org.apache.hc.client5.http.wire -- http-outgoing-0 << "5c3[\r][\n]"
10:24:00.554 [main] DEBUG com.github.dockerjava.zerodep.shaded.org.apache.hc.client5.http.wire -- http-outgoing-0 << "{"Id":"sha256:533abc56c07b52a26c955d1e7ae428d810582ab01c156384ae79960eb5fa0775","RepoTags":["testcontainers/ryuk:0.5.1"],"RepoDigests":["testcontainers/ryuk@sha256:533abc56c07b52a26c955d1e7ae428d810582ab01c156384ae79960eb5fa0775"],"Parent":"","Comment":"buildkit.dockerfile.v0","Created":"2023-05-17T15:11:02.784684507Z","ContainerConfig":{"Hostname":"","Domainname":"","User":"","AttachStdin":false,"AttachStdout":false,"AttachStderr":false,"Tty":false,"OpenStdin":false,"StdinOnce":false,"Env":null,"Cmd":null,"Image":"","Volumes":null,"WorkingDir":"","Entrypoint":null,"OnBuild":null,"Labels":null},"DockerVersion":"27.5.1","Author":"","Config":{"Hostname":"","Domainname":"","User":"","AttachStdin":false,"AttachStdout":false,"AttachStderr":false,"Tty":false,"OpenStdin":false,"StdinOnce":false,"Env":["PATH=/usr/local/sbin:/usr/local/bin:/usr/sbin:/usr/bin:/sbin:/bin"],"Cmd":["/bin/ryuk"],"ArgsEscaped":true,"Image":"","Volumes":null,"WorkingDir":"","Entrypoint":null,"OnBuild":null,"Labels":{"org.testcontainers.ryuk":"true"}},"Architecture":"amd64","Os":"linux","Size":5872785,"VirtualSize":5872785,"GraphDriver":{"Data":null,"Name":"overlayfs"},"RootFS":{"Type":"layers","Layers":["sha256:5bc340f6d4f5a3bc999dfbc790a0bdf0920b9103ef794645034de4260ee4e9c8","sha256:399f3aa1fc62064e0be857829b8e7284408be4b60db81996e105a78e2059e5c9","sha256:2ad1a08beb0cf8625d0ffd3d2847150709df6fdb34c6a2ef514106ad08c5d785"]},"Metadata":{"LastTagTime":"2025-05-01T17:42:37.328430936Z"}}[\n]"
10:24:00.556 [main] DEBUG com.github.dockerjava.zerodep.shaded.org.apache.hc.client5.http.wire -- http-outgoing-0 << "[\r][\n]"
10:24:00.556 [main] DEBUG com.github.dockerjava.zerodep.shaded.org.apache.hc.client5.http.wire -- http-outgoing-0 << "0[\r][\n]"
10:24:00.556 [main] DEBUG com.github.dockerjava.zerodep.shaded.org.apache.hc.client5.http.wire -- http-outgoing-0 << "[\r][\n]"
10:24:00.567 [main] DEBUG com.github.dockerjava.zerodep.shaded.org.apache.hc.client5.http.impl.classic.InternalHttpClient -- ep-00000006: releasing valid endpoint
10:24:00.567 [main] DEBUG com.github.dockerjava.zerodep.shaded.org.apache.hc.client5.http.impl.io.PoolingHttpClientConnectionManager -- ep-00000006: releasing endpoint
10:24:00.567 [main] DEBUG com.github.dockerjava.zerodep.shaded.org.apache.hc.client5.http.impl.io.PoolingHttpClientConnectionManager -- ep-00000006: connection http-outgoing-0 can be kept alive for 3 MINUTES
10:24:00.567 [main] DEBUG com.github.dockerjava.zerodep.shaded.org.apache.hc.client5.http.impl.io.PoolingHttpClientConnectionManager -- ep-00000006: connection released [route: {}->npipe://localhost:2375][total available: 1; route allocated: 1 of 2147483647; total allocated: 1 of 2147483647]
10:24:00.568 [main] DEBUG org.testcontainers.shaded.com.github.dockerjava.core.command.AbstrDockerCmd -- Cmd: 
10:24:00.568 [main] DEBUG com.github.dockerjava.zerodep.shaded.org.apache.hc.client5.http.impl.classic.InternalHttpClient -- ex-00000008: preparing request execution
10:24:00.568 [main] DEBUG com.github.dockerjava.zerodep.shaded.org.apache.hc.client5.http.protocol.RequestAddCookies -- Cookie spec selected: strict
10:24:00.568 [main] DEBUG com.github.dockerjava.zerodep.shaded.org.apache.hc.client5.http.protocol.RequestAuthCache -- Auth cache not set in the context
10:24:00.568 [main] DEBUG com.github.dockerjava.zerodep.shaded.org.apache.hc.client5.http.impl.classic.ProtocolExec -- ex-00000008: target auth state: UNCHALLENGED
10:24:00.568 [main] DEBUG com.github.dockerjava.zerodep.shaded.org.apache.hc.client5.http.impl.classic.ProtocolExec -- ex-00000008: proxy auth state: UNCHALLENGED
10:24:00.568 [main] DEBUG com.github.dockerjava.zerodep.shaded.org.apache.hc.client5.http.impl.classic.ConnectExec -- ex-00000008: acquiring connection with route {}->npipe://localhost:2375
10:24:00.568 [main] DEBUG com.github.dockerjava.zerodep.shaded.org.apache.hc.client5.http.impl.classic.InternalHttpClient -- ex-00000008: acquiring endpoint (3 MINUTES)
10:24:00.568 [main] DEBUG com.github.dockerjava.zerodep.shaded.org.apache.hc.client5.http.impl.io.PoolingHttpClientConnectionManager -- ex-00000008: endpoint lease request (3 MINUTES) [route: {}->npipe://localhost:2375][total available: 1; route allocated: 1 of 2147483647; total allocated: 1 of 2147483647]
10:24:00.568 [main] DEBUG com.github.dockerjava.zerodep.shaded.org.apache.hc.client5.http.impl.io.PoolingHttpClientConnectionManager -- ex-00000008: endpoint leased [route: {}->npipe://localhost:2375][total available: 0; route allocated: 1 of 2147483647; total allocated: 1 of 2147483647]
10:24:00.568 [main] DEBUG com.github.dockerjava.zerodep.shaded.org.apache.hc.client5.http.impl.io.PoolingHttpClientConnectionManager -- ex-00000008: acquired ep-00000007
10:24:00.570 [main] DEBUG com.github.dockerjava.zerodep.shaded.org.apache.hc.client5.http.impl.classic.InternalHttpClient -- ex-00000008: acquired endpoint ep-00000007
10:24:00.570 [main] DEBUG com.github.dockerjava.zerodep.shaded.org.apache.hc.client5.http.impl.classic.MainClientExec -- ex-00000008: executing GET /v1.32/version HTTP/1.1
10:24:00.570 [main] DEBUG com.github.dockerjava.zerodep.shaded.org.apache.hc.client5.http.impl.classic.InternalHttpClient -- ep-00000007: start execution ex-00000008
10:24:00.570 [main] DEBUG com.github.dockerjava.zerodep.shaded.org.apache.hc.client5.http.impl.io.PoolingHttpClientConnectionManager -- ep-00000007: executing exchange ex-00000008 over http-outgoing-0
10:24:00.570 [main] DEBUG com.github.dockerjava.zerodep.shaded.org.apache.hc.client5.http.headers -- http-outgoing-0 >> GET /v1.32/version HTTP/1.1
10:24:00.570 [main] DEBUG com.github.dockerjava.zerodep.shaded.org.apache.hc.client5.http.headers -- http-outgoing-0 >> accept: application/json
10:24:00.570 [main] DEBUG com.github.dockerjava.zerodep.shaded.org.apache.hc.client5.http.headers -- http-outgoing-0 >> x-tc-sid: ad01dab1-4b9b-4848-b723-5acec0598df9
10:24:00.570 [main] DEBUG com.github.dockerjava.zerodep.shaded.org.apache.hc.client5.http.headers -- http-outgoing-0 >> User-Agent: tc-java/1.19.3
10:24:00.570 [main] DEBUG com.github.dockerjava.zerodep.shaded.org.apache.hc.client5.http.headers -- http-outgoing-0 >> Accept-Encoding: gzip, x-gzip, deflate
10:24:00.570 [main] DEBUG com.github.dockerjava.zerodep.shaded.org.apache.hc.client5.http.headers -- http-outgoing-0 >> Host: localhost:2375
10:24:00.570 [main] DEBUG com.github.dockerjava.zerodep.shaded.org.apache.hc.client5.http.headers -- http-outgoing-0 >> Connection: keep-alive
10:24:00.570 [main] DEBUG com.github.dockerjava.zerodep.shaded.org.apache.hc.client5.http.wire -- http-outgoing-0 >> "GET /v1.32/version HTTP/1.1[\r][\n]"
10:24:00.570 [main] DEBUG com.github.dockerjava.zerodep.shaded.org.apache.hc.client5.http.wire -- http-outgoing-0 >> "accept: application/json[\r][\n]"
10:24:00.570 [main] DEBUG com.github.dockerjava.zerodep.shaded.org.apache.hc.client5.http.wire -- http-outgoing-0 >> "x-tc-sid: ad01dab1-4b9b-4848-b723-5acec0598df9[\r][\n]"
10:24:00.570 [main] DEBUG com.github.dockerjava.zerodep.shaded.org.apache.hc.client5.http.wire -- http-outgoing-0 >> "User-Agent: tc-java/1.19.3[\r][\n]"
10:24:00.570 [main] DEBUG com.github.dockerjava.zerodep.shaded.org.apache.hc.client5.http.wire -- http-outgoing-0 >> "Accept-Encoding: gzip, x-gzip, deflate[\r][\n]"
10:24:00.570 [main] DEBUG com.github.dockerjava.zerodep.shaded.org.apache.hc.client5.http.wire -- http-outgoing-0 >> "Host: localhost:2375[\r][\n]"
10:24:00.570 [main] DEBUG com.github.dockerjava.zerodep.shaded.org.apache.hc.client5.http.wire -- http-outgoing-0 >> "Connection: keep-alive[\r][\n]"
10:24:00.570 [main] DEBUG com.github.dockerjava.zerodep.shaded.org.apache.hc.client5.http.wire -- http-outgoing-0 >> "[\r][\n]"
10:24:00.588 [main] DEBUG com.github.dockerjava.zerodep.shaded.org.apache.hc.client5.http.wire -- http-outgoing-0 << "HTTP/1.1 200 OK[\r][\n]"
10:24:00.588 [main] DEBUG com.github.dockerjava.zerodep.shaded.org.apache.hc.client5.http.wire -- http-outgoing-0 << "Api-Version: 1.47[\r][\n]"
10:24:00.588 [main] DEBUG com.github.dockerjava.zerodep.shaded.org.apache.hc.client5.http.wire -- http-outgoing-0 << "Content-Type: application/json[\r][\n]"
10:24:00.588 [main] DEBUG com.github.dockerjava.zerodep.shaded.org.apache.hc.client5.http.wire -- http-outgoing-0 << "Date: Fri, 02 May 2025 08:24:00 GMT[\r][\n]"
10:24:00.589 [main] DEBUG com.github.dockerjava.zerodep.shaded.org.apache.hc.client5.http.wire -- http-outgoing-0 << "Docker-Experimental: false[\r][\n]"
10:24:00.589 [main] DEBUG com.github.dockerjava.zerodep.shaded.org.apache.hc.client5.http.wire -- http-outgoing-0 << "Ostype: linux[\r][\n]"
10:24:00.589 [main] DEBUG com.github.dockerjava.zerodep.shaded.org.apache.hc.client5.http.wire -- http-outgoing-0 << "Server: Docker/27.5.1 (linux)[\r][\n]"
10:24:00.589 [main] DEBUG com.github.dockerjava.zerodep.shaded.org.apache.hc.client5.http.wire -- http-outgoing-0 << "Transfer-Encoding: chunked[\r][\n]"
10:24:00.589 [main] DEBUG com.github.dockerjava.zerodep.shaded.org.apache.hc.client5.http.wire -- http-outgoing-0 << "[\r][\n]"
10:24:00.589 [main] DEBUG com.github.dockerjava.zerodep.shaded.org.apache.hc.client5.http.headers -- http-outgoing-0 << HTTP/1.1 200 OK
10:24:00.589 [main] DEBUG com.github.dockerjava.zerodep.shaded.org.apache.hc.client5.http.headers -- http-outgoing-0 << Api-Version: 1.47
10:24:00.589 [main] DEBUG com.github.dockerjava.zerodep.shaded.org.apache.hc.client5.http.headers -- http-outgoing-0 << Content-Type: application/json
10:24:00.589 [main] DEBUG com.github.dockerjava.zerodep.shaded.org.apache.hc.client5.http.headers -- http-outgoing-0 << Date: Fri, 02 May 2025 08:24:00 GMT
10:24:00.589 [main] DEBUG com.github.dockerjava.zerodep.shaded.org.apache.hc.client5.http.headers -- http-outgoing-0 << Docker-Experimental: false
10:24:00.589 [main] DEBUG com.github.dockerjava.zerodep.shaded.org.apache.hc.client5.http.headers -- http-outgoing-0 << Ostype: linux
10:24:00.590 [main] DEBUG com.github.dockerjava.zerodep.shaded.org.apache.hc.client5.http.headers -- http-outgoing-0 << Server: Docker/27.5.1 (linux)
10:24:00.590 [main] DEBUG com.github.dockerjava.zerodep.shaded.org.apache.hc.client5.http.headers -- http-outgoing-0 << Transfer-Encoding: chunked
10:24:00.591 [main] DEBUG com.github.dockerjava.zerodep.shaded.org.apache.hc.client5.http.impl.classic.MainClientExec -- ex-00000008: connection can be kept alive for 3 MINUTES
10:24:00.591 [main] DEBUG com.github.dockerjava.zerodep.shaded.org.apache.hc.client5.http.wire -- http-outgoing-0 << "362[\r][\n]"
10:24:00.592 [main] DEBUG com.github.dockerjava.zerodep.shaded.org.apache.hc.client5.http.wire -- http-outgoing-0 << "{"Platform":{"Name":"Docker Desktop 4.38.0 (181591)"},"Components":[{"Name":"Engine","Version":"27.5.1","Details":{"ApiVersion":"1.47","Arch":"amd64","BuildTime":"2025-01-22T13:41:17.000000000+00:00","Experimental":"false","GitCommit":"4c9b3b0","GoVersion":"go1.22.11","KernelVersion":"5.15.167.4-microsoft-standard-WSL2","MinAPIVersion":"1.24","Os":"linux"}},{"Name":"containerd","Version":"1.7.25","Details":{"GitCommit":"bcc810d6b9066471b0b6fa75f557a15a1cbf31bb"}},{"Name":"runc","Version":"1.1.12","Details":{"GitCommit":"v1.1.12-0-g51d5e946"}},{"Name":"docker-init","Version":"0.19.0","Details":{"GitCommit":"de40ad0"}}],"Version":"27.5.1","ApiVersion":"1.47","MinAPIVersion":"1.24","GitCommit":"4c9b3b0","GoVersion":"go1.22.11","Os":"linux","Arch":"amd64","KernelVersion":"5.15.167.4-microsoft-standard-WSL2","BuildTime":"2025-01-22T13:41:17.000000000+00:00"}[\n]"
10:24:00.592 [main] DEBUG com.github.dockerjava.zerodep.shaded.org.apache.hc.client5.http.wire -- http-outgoing-0 << "[\r][\n]"
10:24:00.592 [main] DEBUG com.github.dockerjava.zerodep.shaded.org.apache.hc.client5.http.wire -- http-outgoing-0 << "0[\r][\n]"
10:24:00.592 [main] DEBUG com.github.dockerjava.zerodep.shaded.org.apache.hc.client5.http.wire -- http-outgoing-0 << "[\r][\n]"
10:24:00.593 [main] DEBUG com.github.dockerjava.zerodep.shaded.org.apache.hc.client5.http.impl.classic.InternalHttpClient -- ep-00000007: releasing valid endpoint
10:24:00.594 [main] DEBUG com.github.dockerjava.zerodep.shaded.org.apache.hc.client5.http.impl.io.PoolingHttpClientConnectionManager -- ep-00000007: releasing endpoint
10:24:00.594 [main] DEBUG com.github.dockerjava.zerodep.shaded.org.apache.hc.client5.http.impl.io.PoolingHttpClientConnectionManager -- ep-00000007: connection http-outgoing-0 can be kept alive for 3 MINUTES
10:24:00.594 [main] DEBUG com.github.dockerjava.zerodep.shaded.org.apache.hc.client5.http.impl.io.PoolingHttpClientConnectionManager -- ep-00000007: connection released [route: {}->npipe://localhost:2375][total available: 1; route allocated: 1 of 2147483647; total allocated: 1 of 2147483647]
10:24:00.610 [docker-java-stream--1443696544] DEBUG com.github.dockerjava.zerodep.shaded.org.apache.hc.client5.http.impl.classic.InternalHttpClient -- ex-00000009: preparing request execution
10:24:00.610 [docker-java-stream--1443696544] DEBUG com.github.dockerjava.zerodep.shaded.org.apache.hc.client5.http.protocol.RequestAddCookies -- Cookie spec selected: strict
10:24:00.610 [docker-java-stream--1443696544] DEBUG com.github.dockerjava.zerodep.shaded.org.apache.hc.client5.http.protocol.RequestAuthCache -- Auth cache not set in the context
10:24:00.610 [docker-java-stream--1443696544] DEBUG com.github.dockerjava.zerodep.shaded.org.apache.hc.client5.http.impl.classic.ProtocolExec -- ex-00000009: target auth state: UNCHALLENGED
10:24:00.610 [docker-java-stream--1443696544] DEBUG com.github.dockerjava.zerodep.shaded.org.apache.hc.client5.http.impl.classic.ProtocolExec -- ex-00000009: proxy auth state: UNCHALLENGED
10:24:00.610 [docker-java-stream--1443696544] DEBUG com.github.dockerjava.zerodep.shaded.org.apache.hc.client5.http.impl.classic.ConnectExec -- ex-00000009: acquiring connection with route {}->npipe://localhost:2375
10:24:00.610 [docker-java-stream--1443696544] DEBUG com.github.dockerjava.zerodep.shaded.org.apache.hc.client5.http.impl.classic.InternalHttpClient -- ex-00000009: acquiring endpoint (3 MINUTES)
10:24:00.610 [docker-java-stream--1443696544] DEBUG com.github.dockerjava.zerodep.shaded.org.apache.hc.client5.http.impl.io.PoolingHttpClientConnectionManager -- ex-00000009: endpoint lease request (3 MINUTES) [route: {}->npipe://localhost:2375][total available: 1; route allocated: 1 of 2147483647; total allocated: 1 of 2147483647]
10:24:00.611 [docker-java-stream--1443696544] DEBUG com.github.dockerjava.zerodep.shaded.org.apache.hc.client5.http.impl.io.PoolingHttpClientConnectionManager -- ex-00000009: endpoint leased [route: {}->npipe://localhost:2375][total available: 0; route allocated: 1 of 2147483647; total allocated: 1 of 2147483647]
10:24:00.611 [docker-java-stream--1443696544] DEBUG com.github.dockerjava.zerodep.shaded.org.apache.hc.client5.http.impl.io.PoolingHttpClientConnectionManager -- ex-00000009: acquired ep-00000008
10:24:00.611 [docker-java-stream--1443696544] DEBUG com.github.dockerjava.zerodep.shaded.org.apache.hc.client5.http.impl.classic.InternalHttpClient -- ex-00000009: acquired endpoint ep-00000008
10:24:00.611 [docker-java-stream--1443696544] DEBUG com.github.dockerjava.zerodep.shaded.org.apache.hc.client5.http.impl.classic.MainClientExec -- ex-00000009: executing GET /v1.32/containers/489d33d5df5cbddde1a898fe6c8cf0a522825e29bb98512d8387b7e6891f5cfb/logs?stdout=true&stderr=true&follow=true&since=0 HTTP/1.1
10:24:00.611 [docker-java-stream--1443696544] DEBUG com.github.dockerjava.zerodep.shaded.org.apache.hc.client5.http.impl.classic.InternalHttpClient -- ep-00000008: start execution ex-00000009
10:24:00.611 [docker-java-stream--1443696544] DEBUG com.github.dockerjava.zerodep.shaded.org.apache.hc.client5.http.impl.io.PoolingHttpClientConnectionManager -- ep-00000008: executing exchange ex-00000009 over http-outgoing-0
10:24:00.611 [docker-java-stream--1443696544] DEBUG com.github.dockerjava.zerodep.shaded.org.apache.hc.client5.http.headers -- http-outgoing-0 >> GET /v1.32/containers/489d33d5df5cbddde1a898fe6c8cf0a522825e29bb98512d8387b7e6891f5cfb/logs?stdout=true&stderr=true&follow=true&since=0 HTTP/1.1
10:24:00.611 [docker-java-stream--1443696544] DEBUG com.github.dockerjava.zerodep.shaded.org.apache.hc.client5.http.headers -- http-outgoing-0 >> x-tc-sid: ad01dab1-4b9b-4848-b723-5acec0598df9
10:24:00.611 [docker-java-stream--1443696544] DEBUG com.github.dockerjava.zerodep.shaded.org.apache.hc.client5.http.headers -- http-outgoing-0 >> User-Agent: tc-java/1.19.3
10:24:00.614 [docker-java-stream--1443696544] DEBUG com.github.dockerjava.zerodep.shaded.org.apache.hc.client5.http.headers -- http-outgoing-0 >> Accept-Encoding: gzip, x-gzip, deflate
10:24:00.614 [docker-java-stream--1443696544] DEBUG com.github.dockerjava.zerodep.shaded.org.apache.hc.client5.http.headers -- http-outgoing-0 >> Host: localhost:2375
10:24:00.614 [docker-java-stream--1443696544] DEBUG com.github.dockerjava.zerodep.shaded.org.apache.hc.client5.http.headers -- http-outgoing-0 >> Connection: keep-alive
10:24:00.614 [docker-java-stream--1443696544] DEBUG com.github.dockerjava.zerodep.shaded.org.apache.hc.client5.http.wire -- http-outgoing-0 >> "GET /v1.32/containers/489d33d5df5cbddde1a898fe6c8cf0a522825e29bb98512d8387b7e6891f5cfb/logs?stdout=true&stderr=true&follow=true&since=0 HTTP/1.1[\r][\n]"
10:24:00.614 [docker-java-stream--1443696544] DEBUG com.github.dockerjava.zerodep.shaded.org.apache.hc.client5.http.wire -- http-outgoing-0 >> "x-tc-sid: ad01dab1-4b9b-4848-b723-5acec0598df9[\r][\n]"
10:24:00.614 [docker-java-stream--1443696544] DEBUG com.github.dockerjava.zerodep.shaded.org.apache.hc.client5.http.wire -- http-outgoing-0 >> "User-Agent: tc-java/1.19.3[\r][\n]"
10:24:00.614 [docker-java-stream--1443696544] DEBUG com.github.dockerjava.zerodep.shaded.org.apache.hc.client5.http.wire -- http-outgoing-0 >> "Accept-Encoding: gzip, x-gzip, deflate[\r][\n]"
10:24:00.614 [docker-java-stream--1443696544] DEBUG com.github.dockerjava.zerodep.shaded.org.apache.hc.client5.http.wire -- http-outgoing-0 >> "Host: localhost:2375[\r][\n]"
10:24:00.614 [docker-java-stream--1443696544] DEBUG com.github.dockerjava.zerodep.shaded.org.apache.hc.client5.http.wire -- http-outgoing-0 >> "Connection: keep-alive[\r][\n]"
10:24:00.614 [docker-java-stream--1443696544] DEBUG com.github.dockerjava.zerodep.shaded.org.apache.hc.client5.http.wire -- http-outgoing-0 >> "[\r][\n]"
10:24:00.621 [docker-java-stream--1443696544] DEBUG com.github.dockerjava.zerodep.shaded.org.apache.hc.client5.http.wire -- http-outgoing-0 << "HTTP/1.1 200 OK[\r][\n]"
10:24:00.621 [docker-java-stream--1443696544] DEBUG com.github.dockerjava.zerodep.shaded.org.apache.hc.client5.http.wire -- http-outgoing-0 << "Api-Version: 1.47[\r][\n]"
10:24:00.621 [docker-java-stream--1443696544] DEBUG com.github.dockerjava.zerodep.shaded.org.apache.hc.client5.http.wire -- http-outgoing-0 << "Content-Type: application/vnd.docker.raw-stream[\r][\n]"
10:24:00.621 [docker-java-stream--1443696544] DEBUG com.github.dockerjava.zerodep.shaded.org.apache.hc.client5.http.wire -- http-outgoing-0 << "Date: Fri, 02 May 2025 08:24:00 GMT[\r][\n]"
10:24:00.621 [docker-java-stream--1443696544] DEBUG com.github.dockerjava.zerodep.shaded.org.apache.hc.client5.http.wire -- http-outgoing-0 << "Docker-Experimental: false[\r][\n]"
10:24:00.621 [docker-java-stream--1443696544] DEBUG com.github.dockerjava.zerodep.shaded.org.apache.hc.client5.http.wire -- http-outgoing-0 << "Ostype: linux[\r][\n]"
10:24:00.621 [docker-java-stream--1443696544] DEBUG com.github.dockerjava.zerodep.shaded.org.apache.hc.client5.http.wire -- http-outgoing-0 << "Server: Docker/27.5.1 (linux)[\r][\n]"
10:24:00.621 [docker-java-stream--1443696544] DEBUG com.github.dockerjava.zerodep.shaded.org.apache.hc.client5.http.wire -- http-outgoing-0 << "Transfer-Encoding: chunked[\r][\n]"
10:24:00.621 [docker-java-stream--1443696544] DEBUG com.github.dockerjava.zerodep.shaded.org.apache.hc.client5.http.wire -- http-outgoing-0 << "[\r][\n]"
10:24:00.622 [docker-java-stream--1443696544] DEBUG com.github.dockerjava.zerodep.shaded.org.apache.hc.client5.http.headers -- http-outgoing-0 << HTTP/1.1 200 OK
10:24:00.622 [docker-java-stream--1443696544] DEBUG com.github.dockerjava.zerodep.shaded.org.apache.hc.client5.http.headers -- http-outgoing-0 << Api-Version: 1.47
10:24:00.622 [docker-java-stream--1443696544] DEBUG com.github.dockerjava.zerodep.shaded.org.apache.hc.client5.http.headers -- http-outgoing-0 << Content-Type: application/vnd.docker.raw-stream
10:24:00.622 [docker-java-stream--1443696544] DEBUG com.github.dockerjava.zerodep.shaded.org.apache.hc.client5.http.headers -- http-outgoing-0 << Date: Fri, 02 May 2025 08:24:00 GMT
10:24:00.622 [docker-java-stream--1443696544] DEBUG com.github.dockerjava.zerodep.shaded.org.apache.hc.client5.http.headers -- http-outgoing-0 << Docker-Experimental: false
10:24:00.622 [docker-java-stream--1443696544] DEBUG com.github.dockerjava.zerodep.shaded.org.apache.hc.client5.http.headers -- http-outgoing-0 << Ostype: linux
10:24:00.622 [docker-java-stream--1443696544] DEBUG com.github.dockerjava.zerodep.shaded.org.apache.hc.client5.http.headers -- http-outgoing-0 << Server: Docker/27.5.1 (linux)
10:24:00.622 [docker-java-stream--1443696544] DEBUG com.github.dockerjava.zerodep.shaded.org.apache.hc.client5.http.headers -- http-outgoing-0 << Transfer-Encoding: chunked
10:24:00.622 [docker-java-stream--1443696544] DEBUG com.github.dockerjava.zerodep.shaded.org.apache.hc.client5.http.impl.classic.MainClientExec -- ex-00000009: connection can be kept alive for 3 MINUTES
10:24:00.623 [docker-java-stream--1443696544] DEBUG com.github.dockerjava.zerodep.shaded.org.apache.hc.client5.http.wire -- http-outgoing-0 << "c0[\r][\n]"
10:24:00.623 [docker-java-stream--1443696544] DEBUG com.github.dockerjava.zerodep.shaded.org.apache.hc.client5.http.wire -- http-outgoing-0 << "[0x2][0x0][0x0][0x0][0x0][0x0][0x0]&2025/05/02 08:24:00 Pinging Docker...[\n]"
10:24:00.623 [docker-java-stream--1443696544] DEBUG com.github.dockerjava.zerodep.shaded.org.apache.hc.client5.http.wire -- http-outgoing-0 << "[0x2][0x0][0x0][0x0][0x0][0x0][0x0]02025/05/02 08:24:00 Docker daemon is available![\n]"
10:24:00.623 [docker-java-stream--1443696544] DEBUG com.github.dockerjava.zerodep.shaded.org.apache.hc.client5.http.wire -- http-outgoing-0 << "[0x2][0x0][0x0][0x0][0x0][0x0][0x0]-2025/05/02 08:24:00 Starting on port 8080...[\n]"
10:24:00.623 [docker-java-stream--1443696544] DEBUG com.github.dockerjava.zerodep.shaded.org.apache.hc.client5.http.wire -- http-outgoing-0 << "[0x2][0x0][0x0][0x0][0x0][0x0][0x0][0x1d]2025/05/02 08:24:00 Started![\n]"
10:24:00.623 [docker-java-stream--1443696544] DEBUG com.github.dockerjava.zerodep.shaded.org.apache.hc.client5.http.wire -- http-outgoing-0 << "[\r][\n]"
10:24:00.625 [main] DEBUG org.testcontainers.containers.output.WaitingConsumer -- STDERR: 2025/05/02 08:24:00 Pinging Docker...
10:24:00.626 [main] DEBUG org.testcontainers.containers.output.WaitingConsumer -- STDERR: 2025/05/02 08:24:00 Started!
10:24:00.628 [main] DEBUG com.github.dockerjava.zerodep.shaded.org.apache.hc.client5.http.impl.classic.InternalHttpClient -- ep-00000008: cancel
10:24:00.629 [main] DEBUG com.github.dockerjava.zerodep.shaded.org.apache.hc.client5.http.impl.io.DefaultManagedHttpClientConnection -- http-outgoing-0: close connection IMMEDIATE
10:24:00.630 [main] DEBUG com.github.dockerjava.zerodep.shaded.org.apache.hc.client5.http.impl.classic.InternalHttpClient -- ep-00000008: endpoint closed
10:24:00.630 [main] DEBUG com.github.dockerjava.zerodep.shaded.org.apache.hc.client5.http.impl.classic.InternalHttpClient -- ep-00000008: discarding endpoint
10:24:00.630 [docker-java-stream--1443696544] DEBUG com.github.dockerjava.zerodep.shaded.org.apache.hc.client5.http.wire -- http-outgoing-0 << "end of stream"
10:24:00.630 [main] DEBUG com.github.dockerjava.zerodep.shaded.org.apache.hc.client5.http.impl.io.PoolingHttpClientConnectionManager -- ep-00000008: releasing endpoint
10:24:00.630 [main] DEBUG com.github.dockerjava.zerodep.shaded.org.apache.hc.client5.http.impl.io.PoolingHttpClientConnectionManager -- ep-00000008: connection is not kept alive
10:24:00.630 [main] DEBUG com.github.dockerjava.zerodep.shaded.org.apache.hc.client5.http.impl.io.PoolingHttpClientConnectionManager -- ep-00000008: connection released [route: {}->npipe://localhost:2375][total available: 0; route allocated: 0 of 2147483647; total allocated: 0 of 2147483647]
10:24:00.633 [main] DEBUG com.github.dockerjava.zerodep.shaded.org.apache.hc.client5.http.wire -- http-outgoing-0 << "[read] I/O error: java.nio.channels.ClosedChannelException"
10:24:00.634 [docker-java-stream--1443696544] DEBUG com.github.dockerjava.zerodep.shaded.org.apache.hc.client5.http.wire -- http-outgoing-0 << "[read] I/O error: java.nio.channels.ClosedChannelException"
10:24:00.634 [docker-java-stream--1443696544] DEBUG com.github.dockerjava.zerodep.ApacheDockerHttpClientImpl$ApacheResponse -- Failed to close the response
java.io.IOException: java.nio.channels.ClosedChannelException
	at java.base/java.nio.channels.Channels$1.read(Channels.java:166)
	at com.github.dockerjava.zerodep.shaded.org.apache.hc.client5.http.impl.io.LoggingInputStream.read(LoggingInputStream.java:81)
	at com.github.dockerjava.zerodep.shaded.org.apache.hc.core5.http.impl.io.SessionInputBufferImpl.fillBuffer(SessionInputBufferImpl.java:149)
	at com.github.dockerjava.zerodep.shaded.org.apache.hc.core5.http.impl.io.SessionInputBufferImpl.readLine(SessionInputBufferImpl.java:280)
	at com.github.dockerjava.zerodep.shaded.org.apache.hc.core5.http.impl.io.ChunkedInputStream.getChunkSize(ChunkedInputStream.java:261)
	at com.github.dockerjava.zerodep.shaded.org.apache.hc.core5.http.impl.io.ChunkedInputStream.nextChunk(ChunkedInputStream.java:222)
	at com.github.dockerjava.zerodep.shaded.org.apache.hc.core5.http.impl.io.ChunkedInputStream.read(ChunkedInputStream.java:147)
	at com.github.dockerjava.zerodep.shaded.org.apache.hc.core5.http.impl.io.ChunkedInputStream.close(ChunkedInputStream.java:314)
	at com.github.dockerjava.zerodep.shaded.org.apache.hc.core5.io.Closer.close(Closer.java:48)
	at com.github.dockerjava.zerodep.shaded.org.apache.hc.core5.http.impl.io.IncomingHttpEntity.close(IncomingHttpEntity.java:111)
	at com.github.dockerjava.zerodep.shaded.org.apache.hc.core5.http.io.entity.HttpEntityWrapper.close(HttpEntityWrapper.java:120)
	at com.github.dockerjava.zerodep.shaded.org.apache.hc.core5.io.Closer.close(Closer.java:48)
	at com.github.dockerjava.zerodep.shaded.org.apache.hc.core5.http.message.BasicClassicHttpResponse.close(BasicClassicHttpResponse.java:93)
	at com.github.dockerjava.zerodep.shaded.org.apache.hc.client5.http.impl.classic.CloseableHttpResponse.close(CloseableHttpResponse.java:200)
	at com.github.dockerjava.zerodep.ApacheDockerHttpClientImpl$ApacheResponse.close(ApacheDockerHttpClientImpl.java:256)
	at org.testcontainers.shaded.com.github.dockerjava.core.DefaultInvocationBuilder.lambda$executeAndStream$1(DefaultInvocationBuilder.java:277)
	at java.base/java.lang.Thread.run(Thread.java:1583)
Caused by: java.nio.channels.ClosedChannelException: null
	at java.base/sun.nio.ch.WindowsAsynchronousFileChannelImpl.implRead(WindowsAsynchronousFileChannelImpl.java:521)
	at java.base/sun.nio.ch.AsynchronousFileChannelImpl.read(AsynchronousFileChannelImpl.java:229)
	at com.github.dockerjava.transport.NamedPipeSocket$AsynchronousFileByteChannel.read(NamedPipeSocket.java:117)
	at java.base/java.nio.channels.Channels$1.read(Channels.java:164)
	... 16 common frames omitted
10:24:00.633 [main] DEBUG com.github.dockerjava.zerodep.ApacheDockerHttpClientImpl$ApacheResponse -- Failed to close the response
java.io.IOException: java.nio.channels.ClosedChannelException
	at java.base/java.nio.channels.Channels$1.read(Channels.java:166)
	at com.github.dockerjava.zerodep.shaded.org.apache.hc.client5.http.impl.io.LoggingInputStream.read(LoggingInputStream.java:81)
	at com.github.dockerjava.zerodep.shaded.org.apache.hc.core5.http.impl.io.SessionInputBufferImpl.fillBuffer(SessionInputBufferImpl.java:149)
	at com.github.dockerjava.zerodep.shaded.org.apache.hc.core5.http.impl.io.SessionInputBufferImpl.readLine(SessionInputBufferImpl.java:280)
	at com.github.dockerjava.zerodep.shaded.org.apache.hc.core5.http.impl.io.ChunkedInputStream.getChunkSize(ChunkedInputStream.java:261)
	at com.github.dockerjava.zerodep.shaded.org.apache.hc.core5.http.impl.io.ChunkedInputStream.nextChunk(ChunkedInputStream.java:222)
	at com.github.dockerjava.zerodep.shaded.org.apache.hc.core5.http.impl.io.ChunkedInputStream.read(ChunkedInputStream.java:147)
	at com.github.dockerjava.zerodep.shaded.org.apache.hc.core5.http.impl.io.ChunkedInputStream.close(ChunkedInputStream.java:314)
	at com.github.dockerjava.zerodep.shaded.org.apache.hc.core5.io.Closer.close(Closer.java:48)
	at com.github.dockerjava.zerodep.shaded.org.apache.hc.core5.http.impl.io.IncomingHttpEntity.close(IncomingHttpEntity.java:111)
	at com.github.dockerjava.zerodep.shaded.org.apache.hc.core5.http.io.entity.HttpEntityWrapper.close(HttpEntityWrapper.java:120)
	at com.github.dockerjava.zerodep.shaded.org.apache.hc.core5.io.Closer.close(Closer.java:48)
	at com.github.dockerjava.zerodep.shaded.org.apache.hc.core5.http.message.BasicClassicHttpResponse.close(BasicClassicHttpResponse.java:93)
	at com.github.dockerjava.zerodep.shaded.org.apache.hc.client5.http.impl.classic.CloseableHttpResponse.close(CloseableHttpResponse.java:200)
	at com.github.dockerjava.zerodep.ApacheDockerHttpClientImpl$ApacheResponse.close(ApacheDockerHttpClientImpl.java:256)
	at org.testcontainers.shaded.com.github.dockerjava.core.DefaultInvocationBuilder.lambda$null$0(DefaultInvocationBuilder.java:272)
	at com.github.dockerjava.api.async.ResultCallbackTemplate.close(ResultCallbackTemplate.java:77)
	at org.testcontainers.containers.output.FrameConsumerResultCallback.close(FrameConsumerResultCallback.java:69)
	at org.testcontainers.containers.wait.strategy.LogMessageWaitStrategy.waitUntilReady(LogMessageWaitStrategy.java:49)
	at org.testcontainers.containers.wait.strategy.AbstractWaitStrategy.waitUntilReady(AbstractWaitStrategy.java:52)
	at org.testcontainers.containers.GenericContainer.waitUntilContainerStarted(GenericContainer.java:912)
	at org.testcontainers.containers.GenericContainer.tryStart(GenericContainer.java:503)
	at org.testcontainers.containers.GenericContainer.lambda$doStart$0(GenericContainer.java:357)
	at org.rnorth.ducttape.unreliables.Unreliables.retryUntilSuccess(Unreliables.java:81)
	at org.testcontainers.containers.GenericContainer.doStart(GenericContainer.java:347)
	at org.testcontainers.containers.GenericContainer.start(GenericContainer.java:333)
	at org.testcontainers.utility.RyukResourceReaper.maybeStart(RyukResourceReaper.java:78)
	at org.testcontainers.utility.RyukResourceReaper.init(RyukResourceReaper.java:42)
	at org.testcontainers.DockerClientFactory.client(DockerClientFactory.java:232)
	at org.testcontainers.DockerClientFactory$1.getDockerClient(DockerClientFactory.java:106)
	at com.github.dockerjava.api.DockerClientDelegate.authConfig(DockerClientDelegate.java:109)
	at org.testcontainers.containers.GenericContainer.start(GenericContainer.java:332)
	at org.testcontainers.junit.jupiter.TestcontainersExtension$StoreAdapter.start(TestcontainersExtension.java:280)
	at org.testcontainers.junit.jupiter.TestcontainersExtension$StoreAdapter.access$200(TestcontainersExtension.java:267)
	at org.testcontainers.junit.jupiter.TestcontainersExtension.lambda$null$4(TestcontainersExtension.java:82)
	at org.junit.platform.engine.support.store.NamespacedHierarchicalStore.lambda$getOrComputeIfAbsent$5(NamespacedHierarchicalStore.java:147)
	at org.junit.platform.engine.support.store.NamespacedHierarchicalStore$MemoizingSupplier.computeValue(NamespacedHierarchicalStore.java:372)
	at org.junit.platform.engine.support.store.NamespacedHierarchicalStore$MemoizingSupplier.get(NamespacedHierarchicalStore.java:361)
	at org.junit.platform.engine.support.store.NamespacedHierarchicalStore$StoredValue.evaluate(NamespacedHierarchicalStore.java:308)
	at org.junit.platform.engine.support.store.NamespacedHierarchicalStore$StoredValue.access$200(NamespacedHierarchicalStore.java:287)
	at org.junit.platform.engine.support.store.NamespacedHierarchicalStore.getOrComputeIfAbsent(NamespacedHierarchicalStore.java:149)
	at org.junit.jupiter.engine.execution.NamespaceAwareStore.lambda$getOrComputeIfAbsent$2(NamespaceAwareStore.java:57)
	at org.junit.jupiter.engine.execution.NamespaceAwareStore.accessStore(NamespaceAwareStore.java:90)
	at org.junit.jupiter.engine.execution.NamespaceAwareStore.getOrComputeIfAbsent(NamespaceAwareStore.java:57)
	at org.testcontainers.junit.jupiter.TestcontainersExtension.lambda$startContainers$5(TestcontainersExtension.java:82)
	at java.base/java.util.ArrayList.forEach(ArrayList.java:1596)
	at org.testcontainers.junit.jupiter.TestcontainersExtension.startContainers(TestcontainersExtension.java:82)
	at org.testcontainers.junit.jupiter.TestcontainersExtension.findTestLifecycleAwareContainers(TestcontainersExtension.java:115)
	at org.testcontainers.junit.jupiter.TestcontainersExtension.beforeEach(TestcontainersExtension.java:100)
	at org.junit.jupiter.engine.descriptor.TestMethodTestDescriptor.lambda$invokeBeforeEachCallbacks$2(TestMethodTestDescriptor.java:167)
	at org.junit.jupiter.engine.descriptor.TestMethodTestDescriptor.lambda$invokeBeforeMethodsOrCallbacksUntilExceptionOccurs$6(TestMethodTestDescriptor.java:203)
	at org.junit.platform.engine.support.hierarchical.ThrowableCollector.execute(ThrowableCollector.java:73)
	at org.junit.jupiter.engine.descriptor.TestMethodTestDescriptor.invokeBeforeMethodsOrCallbacksUntilExceptionOccurs(TestMethodTestDescriptor.java:203)
	at org.junit.jupiter.engine.descriptor.TestMethodTestDescriptor.invokeBeforeEachCallbacks(TestMethodTestDescriptor.java:166)
	at org.junit.jupiter.engine.descriptor.TestMethodTestDescriptor.execute(TestMethodTestDescriptor.java:133)
	at org.junit.jupiter.engine.descriptor.TestMethodTestDescriptor.execute(TestMethodTestDescriptor.java:69)
	at org.junit.platform.engine.support.hierarchical.NodeTestTask.lambda$executeRecursively$6(NodeTestTask.java:151)
	at org.junit.platform.engine.support.hierarchical.ThrowableCollector.execute(ThrowableCollector.java:73)
	at org.junit.platform.engine.support.hierarchical.NodeTestTask.lambda$executeRecursively$8(NodeTestTask.java:141)
	at org.junit.platform.engine.support.hierarchical.Node.around(Node.java:137)
	at org.junit.platform.engine.support.hierarchical.NodeTestTask.lambda$executeRecursively$9(NodeTestTask.java:139)
	at org.junit.platform.engine.support.hierarchical.ThrowableCollector.execute(ThrowableCollector.java:73)
	at org.junit.platform.engine.support.hierarchical.NodeTestTask.executeRecursively(NodeTestTask.java:138)
	at org.junit.platform.engine.support.hierarchical.NodeTestTask.execute(NodeTestTask.java:95)
	at java.base/java.util.ArrayList.forEach(ArrayList.java:1596)
	at org.junit.platform.engine.support.hierarchical.SameThreadHierarchicalTestExecutorService.invokeAll(SameThreadHierarchicalTestExecutorService.java:41)
	at org.junit.platform.engine.support.hierarchical.NodeTestTask.lambda$executeRecursively$6(NodeTestTask.java:155)
	at org.junit.platform.engine.support.hierarchical.ThrowableCollector.execute(ThrowableCollector.java:73)
	at org.junit.platform.engine.support.hierarchical.NodeTestTask.lambda$executeRecursively$8(NodeTestTask.java:141)
	at org.junit.platform.engine.support.hierarchical.Node.around(Node.java:137)
	at org.junit.platform.engine.support.hierarchical.NodeTestTask.lambda$executeRecursively$9(NodeTestTask.java:139)
	at org.junit.platform.engine.support.hierarchical.ThrowableCollector.execute(ThrowableCollector.java:73)
	at org.junit.platform.engine.support.hierarchical.NodeTestTask.executeRecursively(NodeTestTask.java:138)
	at org.junit.platform.engine.support.hierarchical.NodeTestTask.execute(NodeTestTask.java:95)
	at java.base/java.util.ArrayList.forEach(ArrayList.java:1596)
	at org.junit.platform.engine.support.hierarchical.SameThreadHierarchicalTestExecutorService.invokeAll(SameThreadHierarchicalTestExecutorService.java:41)
	at org.junit.platform.engine.support.hierarchical.NodeTestTask.lambda$executeRecursively$6(NodeTestTask.java:155)
	at org.junit.platform.engine.support.hierarchical.ThrowableCollector.execute(ThrowableCollector.java:73)
	at org.junit.platform.engine.support.hierarchical.NodeTestTask.lambda$executeRecursively$8(NodeTestTask.java:141)
	at org.junit.platform.engine.support.hierarchical.Node.around(Node.java:137)
	at org.junit.platform.engine.support.hierarchical.NodeTestTask.lambda$executeRecursively$9(NodeTestTask.java:139)
	at org.junit.platform.engine.support.hierarchical.ThrowableCollector.execute(ThrowableCollector.java:73)
	at org.junit.platform.engine.support.hierarchical.NodeTestTask.executeRecursively(NodeTestTask.java:138)
	at org.junit.platform.engine.support.hierarchical.NodeTestTask.execute(NodeTestTask.java:95)
	at org.junit.platform.engine.support.hierarchical.SameThreadHierarchicalTestExecutorService.submit(SameThreadHierarchicalTestExecutorService.java:35)
	at org.junit.platform.engine.support.hierarchical.HierarchicalTestExecutor.execute(HierarchicalTestExecutor.java:57)
	at org.junit.platform.engine.support.hierarchical.HierarchicalTestEngine.execute(HierarchicalTestEngine.java:54)
	at org.junit.platform.launcher.core.EngineExecutionOrchestrator.execute(EngineExecutionOrchestrator.java:198)
	at org.junit.platform.launcher.core.EngineExecutionOrchestrator.execute(EngineExecutionOrchestrator.java:169)
	at org.junit.platform.launcher.core.EngineExecutionOrchestrator.execute(EngineExecutionOrchestrator.java:93)
	at org.junit.platform.launcher.core.EngineExecutionOrchestrator.lambda$execute$0(EngineExecutionOrchestrator.java:58)
	at org.junit.platform.launcher.core.EngineExecutionOrchestrator.withInterceptedStreams(EngineExecutionOrchestrator.java:141)
	at org.junit.platform.launcher.core.EngineExecutionOrchestrator.execute(EngineExecutionOrchestrator.java:57)
	at org.junit.platform.launcher.core.DefaultLauncher.execute(DefaultLauncher.java:103)
	at org.junit.platform.launcher.core.DefaultLauncher.execute(DefaultLauncher.java:85)
	at org.junit.platform.launcher.core.DelegatingLauncher.execute(DelegatingLauncher.java:47)
	at org.apache.maven.surefire.junitplatform.LazyLauncher.execute(LazyLauncher.java:50)
	at org.apache.maven.surefire.junitplatform.JUnitPlatformProvider.execute(JUnitPlatformProvider.java:184)
	at org.apache.maven.surefire.junitplatform.JUnitPlatformProvider.invokeAllTests(JUnitPlatformProvider.java:148)
	at org.apache.maven.surefire.junitplatform.JUnitPlatformProvider.invoke(JUnitPlatformProvider.java:122)
	at org.apache.maven.surefire.booter.ForkedBooter.runSuitesInProcess(ForkedBooter.java:385)
	at org.apache.maven.surefire.booter.ForkedBooter.execute(ForkedBooter.java:162)
	at org.apache.maven.surefire.booter.ForkedBooter.run(ForkedBooter.java:507)
	at org.apache.maven.surefire.booter.ForkedBooter.main(ForkedBooter.java:495)
Caused by: java.nio.channels.ClosedChannelException: null
	at java.base/sun.nio.ch.WindowsAsynchronousFileChannelImpl.implRead(WindowsAsynchronousFileChannelImpl.java:521)
	at java.base/sun.nio.ch.AsynchronousFileChannelImpl.read(AsynchronousFileChannelImpl.java:229)
	at com.github.dockerjava.transport.NamedPipeSocket$AsynchronousFileByteChannel.read(NamedPipeSocket.java:117)
	at java.base/java.nio.channels.Channels$1.read(Channels.java:164)
	... 103 common frames omitted
10:24:00.637 [main] INFO tc.testcontainers/ryuk:0.5.1 -- Container testcontainers/ryuk:0.5.1 started in PT1.4934319S
10:24:00.646 [testcontainers-ryuk] DEBUG org.testcontainers.utility.ResourceReaper -- Sending 'label=org.testcontainers%3Dtrue&label=org.testcontainers.lang%3Djava&label=org.testcontainers.version%3D1.19.3&label=org.testcontainers.sessionId%3Dad01dab1-4b9b-4848-b723-5acec0598df9' to Ryuk
10:24:00.651 [testcontainers-ryuk] DEBUG org.testcontainers.utility.RyukResourceReaper -- Received 'ACK' from Ryuk
10:24:00.651 [main] INFO org.testcontainers.utility.RyukResourceReaper -- Ryuk started - will monitor and terminate Testcontainers containers on JVM exit
10:24:00.651 [main] DEBUG org.testcontainers.DockerClientFactory -- Checks are enabled
10:24:00.651 [main] INFO org.testcontainers.DockerClientFactory -- Checking the system...
10:24:00.652 [main] INFO org.testcontainers.DockerClientFactory -- ✔︎ Docker server version should be at least 1.6.0
10:24:00.666 [main] INFO org.testcontainers.containers.SeleniumUtils -- Selenium API version 4.20.0 detected on classpath
10:24:00.693 [main] DEBUG org.testcontainers.utility.PrefixingImageNameSubstitutor -- No prefix is configured
10:24:00.694 [main] DEBUG org.testcontainers.utility.ImageNameSubstitutor -- Did not find a substitute image for selenium/standalone-chrome:4.20.0 (using image substitutor: DefaultImageNameSubstitutor (composite of 'ConfigurationFileImageNameSubstitutor' and 'PrefixingImageNameSubstitutor'))
10:24:00.694 [main] DEBUG org.testcontainers.images.AbstractImagePullPolicy -- Using locally available and not pulling image: selenium/standalone-chrome:4.20.0
10:24:00.694 [main] DEBUG tc.selenium/standalone-chrome:4.20.0 -- Starting container: selenium/standalone-chrome:4.20.0
10:24:00.694 [main] DEBUG tc.selenium/standalone-chrome:4.20.0 -- Trying to start container: selenium/standalone-chrome:4.20.0 (attempt 1/3)
10:24:00.694 [main] DEBUG tc.selenium/standalone-chrome:4.20.0 -- Starting container: selenium/standalone-chrome:4.20.0
10:24:00.694 [main] INFO tc.selenium/standalone-chrome:4.20.0 -- Creating container for image: selenium/standalone-chrome:4.20.0
10:24:00.694 [main] DEBUG org.testcontainers.utility.RegistryAuthLocator -- Looking up auth config for image: selenium/standalone-chrome:4.20.0 at registry: https://index.docker.io/v1/
10:24:00.694 [main] DEBUG org.testcontainers.utility.RegistryAuthLocator -- Cached auth found: [AuthConfig{username=elenacabe, password=hidden non-blank value, auth=blank, email=null, registryAddress=https://index.docker.io/v1/, registryToken=blank}]
10:24:00.694 [main] DEBUG org.testcontainers.dockerclient.AuthDelegatingDockerClientConfig -- Effective auth config [AuthConfig{username=elenacabe, password=hidden non-blank value, auth=blank, email=null, registryAddress=https://index.docker.io/v1/, registryToken=blank}]
10:24:00.696 [main] DEBUG org.testcontainers.shaded.com.github.dockerjava.core.command.AbstrDockerCmd -- Cmd: <null>,true,<null>,false,<null>,<null>,{org.testcontainers=true, org.testcontainers.lang=java, org.testcontainers.version=1.19.3, org.testcontainers.sessionId=ad01dab1-4b9b-4848-b723-5acec0598df9},ea5e0ed8-54d2-4bb1-a6bc-e8e5512c6906,{}
10:24:00.700 [main] DEBUG com.github.dockerjava.zerodep.shaded.org.apache.hc.client5.http.impl.classic.InternalHttpClient -- ex-0000000A: preparing request execution
10:24:00.700 [main] DEBUG com.github.dockerjava.zerodep.shaded.org.apache.hc.client5.http.protocol.RequestAddCookies -- Cookie spec selected: strict
10:24:00.701 [main] DEBUG com.github.dockerjava.zerodep.shaded.org.apache.hc.client5.http.protocol.RequestAuthCache -- Auth cache not set in the context
10:24:00.701 [main] DEBUG com.github.dockerjava.zerodep.shaded.org.apache.hc.client5.http.impl.classic.ProtocolExec -- ex-0000000A: target auth state: UNCHALLENGED
10:24:00.701 [main] DEBUG com.github.dockerjava.zerodep.shaded.org.apache.hc.client5.http.impl.classic.ProtocolExec -- ex-0000000A: proxy auth state: UNCHALLENGED
10:24:00.701 [main] DEBUG com.github.dockerjava.zerodep.shaded.org.apache.hc.client5.http.impl.classic.ConnectExec -- ex-0000000A: acquiring connection with route {}->npipe://localhost:2375
10:24:00.701 [main] DEBUG com.github.dockerjava.zerodep.shaded.org.apache.hc.client5.http.impl.classic.InternalHttpClient -- ex-0000000A: acquiring endpoint (3 MINUTES)
10:24:00.701 [main] DEBUG com.github.dockerjava.zerodep.shaded.org.apache.hc.client5.http.impl.io.PoolingHttpClientConnectionManager -- ex-0000000A: endpoint lease request (3 MINUTES) [route: {}->npipe://localhost:2375][total available: 0; route allocated: 0 of 2147483647; total allocated: 0 of 2147483647]
10:24:00.701 [main] DEBUG com.github.dockerjava.zerodep.shaded.org.apache.hc.client5.http.impl.io.PoolingHttpClientConnectionManager -- ex-0000000A: endpoint leased [route: {}->npipe://localhost:2375][total available: 0; route allocated: 1 of 2147483647; total allocated: 1 of 2147483647]
10:24:00.702 [main] DEBUG com.github.dockerjava.zerodep.shaded.org.apache.hc.client5.http.impl.io.PoolingHttpClientConnectionManager -- ex-0000000A: acquired ep-00000009
10:24:00.702 [main] DEBUG com.github.dockerjava.zerodep.shaded.org.apache.hc.client5.http.impl.classic.InternalHttpClient -- ex-0000000A: acquired endpoint ep-00000009
10:24:00.702 [main] DEBUG com.github.dockerjava.zerodep.shaded.org.apache.hc.client5.http.impl.classic.ConnectExec -- ex-0000000A: opening connection {}->npipe://localhost:2375
10:24:00.702 [main] DEBUG com.github.dockerjava.zerodep.shaded.org.apache.hc.client5.http.impl.classic.InternalHttpClient -- ep-00000009: connecting endpoint (3 MINUTES)
10:24:00.702 [main] DEBUG com.github.dockerjava.zerodep.shaded.org.apache.hc.client5.http.impl.io.PoolingHttpClientConnectionManager -- ep-00000009: connecting endpoint to npipe://localhost:2375 (3 MINUTES)
10:24:00.702 [main] DEBUG com.github.dockerjava.zerodep.shaded.org.apache.hc.client5.http.impl.io.DefaultHttpClientConnectionOperator -- http-outgoing-1: connecting to localhost/127.0.0.1:2375
10:24:00.702 [main] DEBUG com.github.dockerjava.zerodep.shaded.org.apache.hc.client5.http.impl.io.DefaultHttpClientConnectionOperator -- http-outgoing-1: connection established 
10:24:00.702 [main] DEBUG com.github.dockerjava.zerodep.shaded.org.apache.hc.client5.http.impl.io.PoolingHttpClientConnectionManager -- ep-00000009: connected http-outgoing-1
10:24:00.702 [main] DEBUG com.github.dockerjava.zerodep.shaded.org.apache.hc.client5.http.impl.classic.InternalHttpClient -- ep-00000009: endpoint connected
10:24:00.702 [main] DEBUG com.github.dockerjava.zerodep.shaded.org.apache.hc.client5.http.impl.classic.MainClientExec -- ex-0000000A: executing POST /v1.32/networks/create HTTP/1.1
10:24:00.702 [main] DEBUG com.github.dockerjava.zerodep.shaded.org.apache.hc.client5.http.impl.classic.InternalHttpClient -- ep-00000009: start execution ex-0000000A
10:24:00.702 [main] DEBUG com.github.dockerjava.zerodep.shaded.org.apache.hc.client5.http.impl.io.PoolingHttpClientConnectionManager -- ep-00000009: executing exchange ex-0000000A over http-outgoing-1
10:24:00.702 [main] DEBUG com.github.dockerjava.zerodep.shaded.org.apache.hc.client5.http.headers -- http-outgoing-1 >> POST /v1.32/networks/create HTTP/1.1
10:24:00.703 [main] DEBUG com.github.dockerjava.zerodep.shaded.org.apache.hc.client5.http.headers -- http-outgoing-1 >> accept: application/json
10:24:00.703 [main] DEBUG com.github.dockerjava.zerodep.shaded.org.apache.hc.client5.http.headers -- http-outgoing-1 >> content-type: application/json
10:24:00.703 [main] DEBUG com.github.dockerjava.zerodep.shaded.org.apache.hc.client5.http.headers -- http-outgoing-1 >> x-tc-sid: ad01dab1-4b9b-4848-b723-5acec0598df9
10:24:00.703 [main] DEBUG com.github.dockerjava.zerodep.shaded.org.apache.hc.client5.http.headers -- http-outgoing-1 >> User-Agent: tc-java/1.19.3
10:24:00.703 [main] DEBUG com.github.dockerjava.zerodep.shaded.org.apache.hc.client5.http.headers -- http-outgoing-1 >> Accept-Encoding: gzip, x-gzip, deflate
10:24:00.703 [main] DEBUG com.github.dockerjava.zerodep.shaded.org.apache.hc.client5.http.headers -- http-outgoing-1 >> Content-Length: 360
10:24:00.703 [main] DEBUG com.github.dockerjava.zerodep.shaded.org.apache.hc.client5.http.headers -- http-outgoing-1 >> Host: localhost:2375
10:24:00.703 [main] DEBUG com.github.dockerjava.zerodep.shaded.org.apache.hc.client5.http.headers -- http-outgoing-1 >> Connection: keep-alive
10:24:00.703 [main] DEBUG com.github.dockerjava.zerodep.shaded.org.apache.hc.client5.http.wire -- http-outgoing-1 >> "POST /v1.32/networks/create HTTP/1.1[\r][\n]"
10:24:00.703 [main] DEBUG com.github.dockerjava.zerodep.shaded.org.apache.hc.client5.http.wire -- http-outgoing-1 >> "accept: application/json[\r][\n]"
10:24:00.703 [main] DEBUG com.github.dockerjava.zerodep.shaded.org.apache.hc.client5.http.wire -- http-outgoing-1 >> "content-type: application/json[\r][\n]"
10:24:00.703 [main] DEBUG com.github.dockerjava.zerodep.shaded.org.apache.hc.client5.http.wire -- http-outgoing-1 >> "x-tc-sid: ad01dab1-4b9b-4848-b723-5acec0598df9[\r][\n]"
10:24:00.703 [main] DEBUG com.github.dockerjava.zerodep.shaded.org.apache.hc.client5.http.wire -- http-outgoing-1 >> "User-Agent: tc-java/1.19.3[\r][\n]"
10:24:00.703 [main] DEBUG com.github.dockerjava.zerodep.shaded.org.apache.hc.client5.http.wire -- http-outgoing-1 >> "Accept-Encoding: gzip, x-gzip, deflate[\r][\n]"
10:24:00.703 [main] DEBUG com.github.dockerjava.zerodep.shaded.org.apache.hc.client5.http.wire -- http-outgoing-1 >> "Content-Length: 360[\r][\n]"
10:24:00.703 [main] DEBUG com.github.dockerjava.zerodep.shaded.org.apache.hc.client5.http.wire -- http-outgoing-1 >> "Host: localhost:2375[\r][\n]"
10:24:00.703 [main] DEBUG com.github.dockerjava.zerodep.shaded.org.apache.hc.client5.http.wire -- http-outgoing-1 >> "Connection: keep-alive[\r][\n]"
10:24:00.703 [main] DEBUG com.github.dockerjava.zerodep.shaded.org.apache.hc.client5.http.wire -- http-outgoing-1 >> "[\r][\n]"
10:24:00.703 [main] DEBUG com.github.dockerjava.zerodep.shaded.org.apache.hc.client5.http.wire -- http-outgoing-1 >> "{"enableIPv6":false,"Name":"ea5e0ed8-54d2-4bb1-a6bc-e8e5512c6906","Driver":null,"IPAM":null,"Options":{},"CheckDuplicate":true,"Internal":null,"EnableIPv6":false,"Attachable":null,"Labels":{"org.testcontainers":"true","org.testcontainers.lang":"java","org.testcontainers.version":"1.19.3","org.testcontainers.sessionId":"ad01dab1-4b9b-4848-b723-5acec0598df9"}}"
10:24:00.981 [main] DEBUG com.github.dockerjava.zerodep.shaded.org.apache.hc.client5.http.wire -- http-outgoing-1 << "HTTP/1.1 201 Created[\r][\n]"
10:24:00.982 [main] DEBUG com.github.dockerjava.zerodep.shaded.org.apache.hc.client5.http.wire -- http-outgoing-1 << "Api-Version: 1.47[\r][\n]"
10:24:00.983 [main] DEBUG com.github.dockerjava.zerodep.shaded.org.apache.hc.client5.http.wire -- http-outgoing-1 << "Content-Type: application/json[\r][\n]"
10:24:00.983 [main] DEBUG com.github.dockerjava.zerodep.shaded.org.apache.hc.client5.http.wire -- http-outgoing-1 << "Date: Fri, 02 May 2025 08:24:00 GMT[\r][\n]"
10:24:00.983 [main] DEBUG com.github.dockerjava.zerodep.shaded.org.apache.hc.client5.http.wire -- http-outgoing-1 << "Docker-Experimental: false[\r][\n]"
10:24:00.983 [main] DEBUG com.github.dockerjava.zerodep.shaded.org.apache.hc.client5.http.wire -- http-outgoing-1 << "Ostype: linux[\r][\n]"
10:24:00.984 [main] DEBUG com.github.dockerjava.zerodep.shaded.org.apache.hc.client5.http.wire -- http-outgoing-1 << "Server: Docker/27.5.1 (linux)[\r][\n]"
10:24:00.984 [main] DEBUG com.github.dockerjava.zerodep.shaded.org.apache.hc.client5.http.wire -- http-outgoing-1 << "Transfer-Encoding: chunked[\r][\n]"
10:24:00.984 [main] DEBUG com.github.dockerjava.zerodep.shaded.org.apache.hc.client5.http.wire -- http-outgoing-1 << "[\r][\n]"
10:24:00.984 [main] DEBUG com.github.dockerjava.zerodep.shaded.org.apache.hc.client5.http.headers -- http-outgoing-1 << HTTP/1.1 201 Created
10:24:00.984 [main] DEBUG com.github.dockerjava.zerodep.shaded.org.apache.hc.client5.http.headers -- http-outgoing-1 << Api-Version: 1.47
10:24:00.985 [main] DEBUG com.github.dockerjava.zerodep.shaded.org.apache.hc.client5.http.headers -- http-outgoing-1 << Content-Type: application/json
10:24:00.985 [main] DEBUG com.github.dockerjava.zerodep.shaded.org.apache.hc.client5.http.headers -- http-outgoing-1 << Date: Fri, 02 May 2025 08:24:00 GMT
10:24:00.985 [main] DEBUG com.github.dockerjava.zerodep.shaded.org.apache.hc.client5.http.headers -- http-outgoing-1 << Docker-Experimental: false
10:24:00.985 [main] DEBUG com.github.dockerjava.zerodep.shaded.org.apache.hc.client5.http.headers -- http-outgoing-1 << Ostype: linux
10:24:00.985 [main] DEBUG com.github.dockerjava.zerodep.shaded.org.apache.hc.client5.http.headers -- http-outgoing-1 << Server: Docker/27.5.1 (linux)
10:24:00.985 [main] DEBUG com.github.dockerjava.zerodep.shaded.org.apache.hc.client5.http.headers -- http-outgoing-1 << Transfer-Encoding: chunked
10:24:00.986 [main] DEBUG com.github.dockerjava.zerodep.shaded.org.apache.hc.client5.http.impl.classic.MainClientExec -- ex-0000000A: connection can be kept alive for 3 MINUTES
10:24:00.987 [main] DEBUG com.github.dockerjava.zerodep.shaded.org.apache.hc.client5.http.wire -- http-outgoing-1 << "57[\r][\n]"
10:24:00.988 [main] DEBUG com.github.dockerjava.zerodep.shaded.org.apache.hc.client5.http.wire -- http-outgoing-1 << "{"Id":"d06d86462e027f930f5300865309181ec5516677835542d09caebea3815b82e0","Warning":""}[\n]"
10:24:00.988 [main] DEBUG com.github.dockerjava.zerodep.shaded.org.apache.hc.client5.http.wire -- http-outgoing-1 << "[\r][\n]"
10:24:00.988 [main] DEBUG com.github.dockerjava.zerodep.shaded.org.apache.hc.client5.http.wire -- http-outgoing-1 << "0[\r][\n]"
10:24:00.988 [main] DEBUG com.github.dockerjava.zerodep.shaded.org.apache.hc.client5.http.wire -- http-outgoing-1 << "[\r][\n]"
10:24:00.994 [main] DEBUG com.github.dockerjava.zerodep.shaded.org.apache.hc.client5.http.impl.classic.InternalHttpClient -- ep-00000009: releasing valid endpoint
10:24:00.994 [main] DEBUG com.github.dockerjava.zerodep.shaded.org.apache.hc.client5.http.impl.io.PoolingHttpClientConnectionManager -- ep-00000009: releasing endpoint
10:24:00.996 [main] DEBUG com.github.dockerjava.zerodep.shaded.org.apache.hc.client5.http.impl.io.PoolingHttpClientConnectionManager -- ep-00000009: connection http-outgoing-1 can be kept alive for 3 MINUTES
10:24:00.996 [main] DEBUG com.github.dockerjava.zerodep.shaded.org.apache.hc.client5.http.impl.io.PoolingHttpClientConnectionManager -- ep-00000009: connection released [route: {}->npipe://localhost:2375][total available: 1; route allocated: 1 of 2147483647; total allocated: 1 of 2147483647]
10:24:00.998 [main] DEBUG org.testcontainers.shaded.com.github.dockerjava.core.command.AbstrDockerCmd -- Cmd: org.testcontainers.shaded.com.github.dockerjava.core.command.CreateContainerCmdImpl@21ab988f[aliases=[tc-bC4mHTMp],argsEscaped=<null>,attachStderr=<null>,attachStdin=<null>,attachStdout=<null>,authConfig=AuthConfig(username=elenacabe, email=null, registryAddress=https://index.docker.io/v1/, stackOrchestrator=null),cmd={/opt/bin/entry_point.sh},domainName=<null>,entrypoint=<null>,env={no_proxy=localhost,TZ=Europe/Madrid},exposedPorts=ExposedPorts(exposedPorts=[4444/tcp, 5900/tcp]),healthcheck=<null>,hostConfig=HostConfig(binds=[], blkioWeight=null, blkioWeightDevice=null, blkioDeviceReadBps=null, blkioDeviceWriteBps=null, blkioDeviceReadIOps=null, blkioDeviceWriteIOps=null, memorySwappiness=null, nanoCPUs=null, capAdd=null, capDrop=null, containerIDFile=null, cpuPeriod=null, cpuRealtimePeriod=null, cpuRealtimeRuntime=null, cpuShares=null, cpuQuota=null, cpusetCpus=null, cpusetMems=null, devices=null, deviceCgroupRules=null, deviceRequests=null, diskQuota=null, dns=null, dnsOptions=null, dnsSearch=null, extraHosts=[], groupAdd=null, ipcMode=null, cgroup=null, links=[], logConfig=LogConfig(type=null, config=null), lxcConf=null, memory=null, memorySwap=null, memoryReservation=null, kernelMemory=null, networkMode=d06d86462e027f930f5300865309181ec5516677835542d09caebea3815b82e0, oomKillDisable=null, init=null, autoRemove=null, oomScoreAdj=null, portBindings={4444/tcp=[Lcom.github.dockerjava.api.model.Ports$Binding;@a50ae65, 5900/tcp=[Lcom.github.dockerjava.api.model.Ports$Binding;@1280851e}, privileged=null, publishAllPorts=null, readonlyRootfs=null, restartPolicy=null, ulimits=null, cpuCount=null, cpuPercent=null, ioMaximumIOps=null, ioMaximumBandwidth=null, volumesFrom=[], mounts=null, pidMode=null, isolation=null, securityOpts=null, storageOpt=null, cgroupParent=null, volumeDriver=null, shmSize=536870912, pidsLimit=null, runtime=null, tmpFs=null, utSMode=null, usernsMode=null, sysctls=null, consoleSize=null, cgroupnsMode=null),hostName=<null>,image=selenium/standalone-chrome:4.20.0,ipv4Address=<null>,ipv6Address=<null>,labels={org.testcontainers=true, org.testcontainers.lang=java, org.testcontainers.version=1.19.3, org.testcontainers.sessionId=ad01dab1-4b9b-4848-b723-5acec0598df9},macAddress=<null>,name=<null>,networkDisabled=<null>,networkingConfig=org.testcontainers.shaded.com.github.dockerjava.core.command.CreateContainerCmdImpl$NetworkingConfig@35f8a9d3,onBuild=<null>,platform=<null>,portSpecs=<null>,shell=<null>,stdInOnce=<null>,stdinOpen=<null>,stopSignal=<null>,stopTimeout=<null>,tty=<null>,user=<null>,volumes=Volumes(volumes=[]),workingDir=<null>]
10:24:01.023 [main] DEBUG com.github.dockerjava.zerodep.shaded.org.apache.hc.client5.http.impl.classic.InternalHttpClient -- ex-0000000B: preparing request execution
10:24:01.024 [main] DEBUG com.github.dockerjava.zerodep.shaded.org.apache.hc.client5.http.protocol.RequestAddCookies -- Cookie spec selected: strict
10:24:01.024 [main] DEBUG com.github.dockerjava.zerodep.shaded.org.apache.hc.client5.http.protocol.RequestAuthCache -- Auth cache not set in the context
10:24:01.024 [main] DEBUG com.github.dockerjava.zerodep.shaded.org.apache.hc.client5.http.impl.classic.ProtocolExec -- ex-0000000B: target auth state: UNCHALLENGED
10:24:01.024 [main] DEBUG com.github.dockerjava.zerodep.shaded.org.apache.hc.client5.http.impl.classic.ProtocolExec -- ex-0000000B: proxy auth state: UNCHALLENGED
10:24:01.024 [main] DEBUG com.github.dockerjava.zerodep.shaded.org.apache.hc.client5.http.impl.classic.ConnectExec -- ex-0000000B: acquiring connection with route {}->npipe://localhost:2375
10:24:01.025 [main] DEBUG com.github.dockerjava.zerodep.shaded.org.apache.hc.client5.http.impl.classic.InternalHttpClient -- ex-0000000B: acquiring endpoint (3 MINUTES)
10:24:01.025 [main] DEBUG com.github.dockerjava.zerodep.shaded.org.apache.hc.client5.http.impl.io.PoolingHttpClientConnectionManager -- ex-0000000B: endpoint lease request (3 MINUTES) [route: {}->npipe://localhost:2375][total available: 1; route allocated: 1 of 2147483647; total allocated: 1 of 2147483647]
10:24:01.025 [main] DEBUG com.github.dockerjava.zerodep.shaded.org.apache.hc.client5.http.impl.io.PoolingHttpClientConnectionManager -- ex-0000000B: endpoint leased [route: {}->npipe://localhost:2375][total available: 0; route allocated: 1 of 2147483647; total allocated: 1 of 2147483647]
10:24:01.025 [main] DEBUG com.github.dockerjava.zerodep.shaded.org.apache.hc.client5.http.impl.io.PoolingHttpClientConnectionManager -- ex-0000000B: acquired ep-0000000A
10:24:01.025 [main] DEBUG com.github.dockerjava.zerodep.shaded.org.apache.hc.client5.http.impl.classic.InternalHttpClient -- ex-0000000B: acquired endpoint ep-0000000A
10:24:01.025 [main] DEBUG com.github.dockerjava.zerodep.shaded.org.apache.hc.client5.http.impl.classic.MainClientExec -- ex-0000000B: executing POST /v1.32/containers/create HTTP/1.1
10:24:01.025 [main] DEBUG com.github.dockerjava.zerodep.shaded.org.apache.hc.client5.http.impl.classic.InternalHttpClient -- ep-0000000A: start execution ex-0000000B
10:24:01.025 [main] DEBUG com.github.dockerjava.zerodep.shaded.org.apache.hc.client5.http.impl.io.PoolingHttpClientConnectionManager -- ep-0000000A: executing exchange ex-0000000B over http-outgoing-1
10:24:01.025 [main] DEBUG com.github.dockerjava.zerodep.shaded.org.apache.hc.client5.http.headers -- http-outgoing-1 >> POST /v1.32/containers/create HTTP/1.1
10:24:01.025 [main] DEBUG com.github.dockerjava.zerodep.shaded.org.apache.hc.client5.http.headers -- http-outgoing-1 >> X-Registry-Auth: eyJ1c2VybmFtZSI6ImVsZW5hY2FiZSIsInBhc3N3b3JkIjoiZGNrcl9wYXRfTFNweVg2VU02ekszeDNEYzlzNW5QWWNmeVE0IiwiZW1haWwiOm51bGwsInNlcnZlcmFkZHJlc3MiOiJodHRwczovL2luZGV4LmRvY2tlci5pby92MS8iLCJhdXRoIjpudWxsLCJyZWdpc3RyeXRva2VuIjpudWxsLCJpZGVudGl0eXRva2VuIjpudWxsLCJzdGFja09yY2hlc3RyYXRvciI6bnVsbH0=
10:24:01.025 [main] DEBUG com.github.dockerjava.zerodep.shaded.org.apache.hc.client5.http.headers -- http-outgoing-1 >> accept: application/json
10:24:01.025 [main] DEBUG com.github.dockerjava.zerodep.shaded.org.apache.hc.client5.http.headers -- http-outgoing-1 >> content-type: application/json
10:24:01.025 [main] DEBUG com.github.dockerjava.zerodep.shaded.org.apache.hc.client5.http.headers -- http-outgoing-1 >> x-tc-sid: ad01dab1-4b9b-4848-b723-5acec0598df9
10:24:01.026 [main] DEBUG com.github.dockerjava.zerodep.shaded.org.apache.hc.client5.http.headers -- http-outgoing-1 >> User-Agent: tc-java/1.19.3
10:24:01.026 [main] DEBUG com.github.dockerjava.zerodep.shaded.org.apache.hc.client5.http.headers -- http-outgoing-1 >> Accept-Encoding: gzip, x-gzip, deflate
10:24:01.026 [main] DEBUG com.github.dockerjava.zerodep.shaded.org.apache.hc.client5.http.headers -- http-outgoing-1 >> Content-Length: 2490
10:24:01.026 [main] DEBUG com.github.dockerjava.zerodep.shaded.org.apache.hc.client5.http.headers -- http-outgoing-1 >> Host: localhost:2375
10:24:01.026 [main] DEBUG com.github.dockerjava.zerodep.shaded.org.apache.hc.client5.http.headers -- http-outgoing-1 >> Connection: keep-alive
10:24:01.026 [main] DEBUG com.github.dockerjava.zerodep.shaded.org.apache.hc.client5.http.wire -- http-outgoing-1 >> "POST /v1.32/containers/create HTTP/1.1[\r][\n]"
10:24:01.026 [main] DEBUG com.github.dockerjava.zerodep.shaded.org.apache.hc.client5.http.wire -- http-outgoing-1 >> "X-Registry-Auth: eyJ1c2VybmFtZSI6ImVsZW5hY2FiZSIsInBhc3N3b3JkIjoiZGNrcl9wYXRfTFNweVg2VU02ekszeDNEYzlzNW5QWWNmeVE0IiwiZW1haWwiOm51bGwsInNlcnZlcmFkZHJlc3MiOiJodHRwczovL2luZGV4LmRvY2tlci5pby92MS8iLCJhdXRoIjpudWxsLCJyZWdpc3RyeXRva2VuIjpudWxsLCJpZGVudGl0eXRva2VuIjpudWxsLCJzdGFja09yY2hlc3RyYXRvciI6bnVsbH0=[\r][\n]"
10:24:01.026 [main] DEBUG com.github.dockerjava.zerodep.shaded.org.apache.hc.client5.http.wire -- http-outgoing-1 >> "accept: application/json[\r][\n]"
10:24:01.026 [main] DEBUG com.github.dockerjava.zerodep.shaded.org.apache.hc.client5.http.wire -- http-outgoing-1 >> "content-type: application/json[\r][\n]"
10:24:01.026 [main] DEBUG com.github.dockerjava.zerodep.shaded.org.apache.hc.client5.http.wire -- http-outgoing-1 >> "x-tc-sid: ad01dab1-4b9b-4848-b723-5acec0598df9[\r][\n]"
10:24:01.026 [main] DEBUG com.github.dockerjava.zerodep.shaded.org.apache.hc.client5.http.wire -- http-outgoing-1 >> "User-Agent: tc-java/1.19.3[\r][\n]"
10:24:01.026 [main] DEBUG com.github.dockerjava.zerodep.shaded.org.apache.hc.client5.http.wire -- http-outgoing-1 >> "Accept-Encoding: gzip, x-gzip, deflate[\r][\n]"
10:24:01.026 [main] DEBUG com.github.dockerjava.zerodep.shaded.org.apache.hc.client5.http.wire -- http-outgoing-1 >> "Content-Length: 2490[\r][\n]"
10:24:01.026 [main] DEBUG com.github.dockerjava.zerodep.shaded.org.apache.hc.client5.http.wire -- http-outgoing-1 >> "Host: localhost:2375[\r][\n]"
10:24:01.026 [main] DEBUG com.github.dockerjava.zerodep.shaded.org.apache.hc.client5.http.wire -- http-outgoing-1 >> "Connection: keep-alive[\r][\n]"
10:24:01.026 [main] DEBUG com.github.dockerjava.zerodep.shaded.org.apache.hc.client5.http.wire -- http-outgoing-1 >> "[\r][\n]"
10:24:01.027 [main] DEBUG com.github.dockerjava.zerodep.shaded.org.apache.hc.client5.http.wire -- http-outgoing-1 >> "{"Hostname":null,"Domainname":null,"User":null,"AttachStdin":null,"AttachStdout":null,"AttachStderr":null,"PortSpecs":null,"Tty":null,"OpenStdin":null,"StdinOnce":null,"Env":["no_proxy=localhost","TZ=Europe/Madrid"],"Cmd":["/opt/bin/entry_point.sh"],"Healthcheck":null,"ArgsEscaped":null,"Entrypoint":null,"Image":"selenium/standalone-chrome:4.20.0","Volumes":{},"WorkingDir":null,"MacAddress":null,"OnBuild":null,"NetworkDisabled":null,"ExposedPorts":{"5900/tcp":{},"4444/tcp":{}},"StopSignal":null,"StopTimeout":null,"HostConfig":{"Binds":[],"BlkioWeight":null,"BlkioWeightDevice":null,"BlkioDeviceReadBps":null,"BlkioDeviceWriteBps":null,"BlkioDeviceReadIOps":null,"BlkioDeviceWriteIOps":null,"MemorySwappiness":null,"NanoCpus":null,"CapAdd":null,"CapDrop":null,"ContainerIDFile":null,"CpuPeriod":null,"CpuRealtimePeriod":null,"CpuRealtimeRuntime":null,"CpuShares":null,"CpuQuota":null,"CpusetCpus":null,"CpusetMems":null,"Devices":null,"DeviceCgroupRules":null,"DeviceRequests":null,"DiskQuota":null,"Dns":null,"DnsOptions":null,"DnsSearch":null,"ExtraHosts":[],"GroupAdd":null,"IpcMode":null,"Cgroup":null,"Links":[],"LogConfig":null,"LxcConf":null,"Memory":null,"MemorySwap":null,"MemoryReservation":null,"KernelMemory":null,"NetworkMode":"d06d86462e027f930f5300865309181ec5516677835542d09caebea3815b82e0","OomKillDisable":null,"Init":null,"AutoRemove":null,"OomScoreAdj":null,"PortBindings":{"4444/tcp":[{"HostIp":"","HostPort":""}],"5900/tcp":[{"HostIp":"","HostPort":""}]},"Privileged":null,"PublishAllPorts":null,"ReadonlyRootfs":null,"RestartPolicy":null,"Ulimits":null,"CpuCount":null,"CpuPercent":null,"IOMaximumIOps":null,"IOMaximumBandwidth":null,"VolumesFrom":[],"Mounts":null,"PidMode":null,"Isolation":null,"SecurityOpt":null,"StorageOpt":null,"CgroupParent":null,"VolumeDriver":null,"ShmSize":536870912,"PidsLimit":null,"Runtime":null,"Tmpfs":null,"UTSMode":null,"UsernsMode":null,"Sysctls":null,"ConsoleSize":null,"CgroupnsMode":null},"Labels":{"org.testcontainers":"true","org.testcontainers.lang":"java","org.testcontainers.version":"1.19.3","org.testcontainers.sessionId":"ad01dab1-4b9b-4848-b723-5acec0598df9"},"Shell":null,"NetworkingConfig":{"EndpointsConfig":{"d06d86462e027f930f5300865309181ec5516677835542d09caebea3815b82e0":{"IPAMConfig":null,"Links":null,"Aliases":["tc-bC4mHTMp"],"NetworkID":null,"EndpointID":null,"Gateway":null,"IPAddress":null,"IPPrefixLen":null,"IPv6Gateway":null,"GlobalIPv6Address":null,"GlobalIPv6PrefixLen":null,"MacAddress":null}}}}"
10:24:01.193 [main] DEBUG com.github.dockerjava.zerodep.shaded.org.apache.hc.client5.http.wire -- http-outgoing-1 << "HTTP/1.1 201 Created[\r][\n]"
10:24:01.193 [main] DEBUG com.github.dockerjava.zerodep.shaded.org.apache.hc.client5.http.wire -- http-outgoing-1 << "Api-Version: 1.47[\r][\n]"
10:24:01.193 [main] DEBUG com.github.dockerjava.zerodep.shaded.org.apache.hc.client5.http.wire -- http-outgoing-1 << "Content-Type: application/json[\r][\n]"
10:24:01.193 [main] DEBUG com.github.dockerjava.zerodep.shaded.org.apache.hc.client5.http.wire -- http-outgoing-1 << "Date: Fri, 02 May 2025 08:24:01 GMT[\r][\n]"
10:24:01.193 [main] DEBUG com.github.dockerjava.zerodep.shaded.org.apache.hc.client5.http.wire -- http-outgoing-1 << "Docker-Experimental: false[\r][\n]"
10:24:01.193 [main] DEBUG com.github.dockerjava.zerodep.shaded.org.apache.hc.client5.http.wire -- http-outgoing-1 << "Ostype: linux[\r][\n]"
10:24:01.193 [main] DEBUG com.github.dockerjava.zerodep.shaded.org.apache.hc.client5.http.wire -- http-outgoing-1 << "Server: Docker/27.5.1 (linux)[\r][\n]"
10:24:01.193 [main] DEBUG com.github.dockerjava.zerodep.shaded.org.apache.hc.client5.http.wire -- http-outgoing-1 << "Transfer-Encoding: chunked[\r][\n]"
10:24:01.193 [main] DEBUG com.github.dockerjava.zerodep.shaded.org.apache.hc.client5.http.wire -- http-outgoing-1 << "[\r][\n]"
10:24:01.194 [main] DEBUG com.github.dockerjava.zerodep.shaded.org.apache.hc.client5.http.headers -- http-outgoing-1 << HTTP/1.1 201 Created
10:24:01.194 [main] DEBUG com.github.dockerjava.zerodep.shaded.org.apache.hc.client5.http.headers -- http-outgoing-1 << Api-Version: 1.47
10:24:01.194 [main] DEBUG com.github.dockerjava.zerodep.shaded.org.apache.hc.client5.http.headers -- http-outgoing-1 << Content-Type: application/json
10:24:01.194 [main] DEBUG com.github.dockerjava.zerodep.shaded.org.apache.hc.client5.http.headers -- http-outgoing-1 << Date: Fri, 02 May 2025 08:24:01 GMT
10:24:01.194 [main] DEBUG com.github.dockerjava.zerodep.shaded.org.apache.hc.client5.http.headers -- http-outgoing-1 << Docker-Experimental: false
10:24:01.194 [main] DEBUG com.github.dockerjava.zerodep.shaded.org.apache.hc.client5.http.headers -- http-outgoing-1 << Ostype: linux
10:24:01.194 [main] DEBUG com.github.dockerjava.zerodep.shaded.org.apache.hc.client5.http.headers -- http-outgoing-1 << Server: Docker/27.5.1 (linux)
10:24:01.194 [main] DEBUG com.github.dockerjava.zerodep.shaded.org.apache.hc.client5.http.headers -- http-outgoing-1 << Transfer-Encoding: chunked
10:24:01.194 [main] DEBUG com.github.dockerjava.zerodep.shaded.org.apache.hc.client5.http.impl.classic.MainClientExec -- ex-0000000B: connection can be kept alive for 3 MINUTES
10:24:01.194 [main] DEBUG com.github.dockerjava.zerodep.shaded.org.apache.hc.client5.http.wire -- http-outgoing-1 << "58[\r][\n]"
10:24:01.196 [main] DEBUG com.github.dockerjava.zerodep.shaded.org.apache.hc.client5.http.wire -- http-outgoing-1 << "{"Id":"48fa3645609f0a39f086f0188ca3d372a00357b73dbd322507ec2f3262211928","Warnings":[]}[\n]"
10:24:01.197 [main] DEBUG com.github.dockerjava.zerodep.shaded.org.apache.hc.client5.http.wire -- http-outgoing-1 << "[\r][\n]"
10:24:01.197 [main] DEBUG com.github.dockerjava.zerodep.shaded.org.apache.hc.client5.http.wire -- http-outgoing-1 << "0[\r][\n]"
10:24:01.197 [main] DEBUG com.github.dockerjava.zerodep.shaded.org.apache.hc.client5.http.wire -- http-outgoing-1 << "[\r][\n]"
10:24:01.198 [main] DEBUG com.github.dockerjava.zerodep.shaded.org.apache.hc.client5.http.impl.classic.InternalHttpClient -- ep-0000000A: releasing valid endpoint
10:24:01.198 [main] DEBUG com.github.dockerjava.zerodep.shaded.org.apache.hc.client5.http.impl.io.PoolingHttpClientConnectionManager -- ep-0000000A: releasing endpoint
10:24:01.198 [main] DEBUG com.github.dockerjava.zerodep.shaded.org.apache.hc.client5.http.impl.io.PoolingHttpClientConnectionManager -- ep-0000000A: connection http-outgoing-1 can be kept alive for 3 MINUTES
10:24:01.198 [main] DEBUG com.github.dockerjava.zerodep.shaded.org.apache.hc.client5.http.impl.io.PoolingHttpClientConnectionManager -- ep-0000000A: connection released [route: {}->npipe://localhost:2375][total available: 1; route allocated: 1 of 2147483647; total allocated: 1 of 2147483647]
10:24:01.198 [main] INFO tc.selenium/standalone-chrome:4.20.0 -- Container selenium/standalone-chrome:4.20.0 is starting: 48fa3645609f0a39f086f0188ca3d372a00357b73dbd322507ec2f3262211928
10:24:01.198 [main] DEBUG org.testcontainers.shaded.com.github.dockerjava.core.command.AbstrDockerCmd -- Cmd: 48fa3645609f0a39f086f0188ca3d372a00357b73dbd322507ec2f3262211928
10:24:01.200 [main] DEBUG com.github.dockerjava.zerodep.shaded.org.apache.hc.client5.http.impl.classic.InternalHttpClient -- ex-0000000C: preparing request execution
10:24:01.200 [main] DEBUG com.github.dockerjava.zerodep.shaded.org.apache.hc.client5.http.protocol.RequestAddCookies -- Cookie spec selected: strict
10:24:01.200 [main] DEBUG com.github.dockerjava.zerodep.shaded.org.apache.hc.client5.http.protocol.RequestAuthCache -- Auth cache not set in the context
10:24:01.200 [main] DEBUG com.github.dockerjava.zerodep.shaded.org.apache.hc.client5.http.impl.classic.ProtocolExec -- ex-0000000C: target auth state: UNCHALLENGED
10:24:01.200 [main] DEBUG com.github.dockerjava.zerodep.shaded.org.apache.hc.client5.http.impl.classic.ProtocolExec -- ex-0000000C: proxy auth state: UNCHALLENGED
10:24:01.200 [main] DEBUG com.github.dockerjava.zerodep.shaded.org.apache.hc.client5.http.impl.classic.ConnectExec -- ex-0000000C: acquiring connection with route {}->npipe://localhost:2375
10:24:01.200 [main] DEBUG com.github.dockerjava.zerodep.shaded.org.apache.hc.client5.http.impl.classic.InternalHttpClient -- ex-0000000C: acquiring endpoint (3 MINUTES)
10:24:01.200 [main] DEBUG com.github.dockerjava.zerodep.shaded.org.apache.hc.client5.http.impl.io.PoolingHttpClientConnectionManager -- ex-0000000C: endpoint lease request (3 MINUTES) [route: {}->npipe://localhost:2375][total available: 1; route allocated: 1 of 2147483647; total allocated: 1 of 2147483647]
10:24:01.201 [main] DEBUG com.github.dockerjava.zerodep.shaded.org.apache.hc.client5.http.impl.io.PoolingHttpClientConnectionManager -- ex-0000000C: endpoint leased [route: {}->npipe://localhost:2375][total available: 0; route allocated: 1 of 2147483647; total allocated: 1 of 2147483647]
10:24:01.201 [main] DEBUG com.github.dockerjava.zerodep.shaded.org.apache.hc.client5.http.impl.io.PoolingHttpClientConnectionManager -- ex-0000000C: acquired ep-0000000B
10:24:01.201 [main] DEBUG com.github.dockerjava.zerodep.shaded.org.apache.hc.client5.http.impl.classic.InternalHttpClient -- ex-0000000C: acquired endpoint ep-0000000B
10:24:01.201 [main] DEBUG com.github.dockerjava.zerodep.shaded.org.apache.hc.client5.http.impl.classic.MainClientExec -- ex-0000000C: executing POST /v1.32/containers/48fa3645609f0a39f086f0188ca3d372a00357b73dbd322507ec2f3262211928/start HTTP/1.1
10:24:01.201 [main] DEBUG com.github.dockerjava.zerodep.shaded.org.apache.hc.client5.http.impl.classic.InternalHttpClient -- ep-0000000B: start execution ex-0000000C
10:24:01.201 [main] DEBUG com.github.dockerjava.zerodep.shaded.org.apache.hc.client5.http.impl.io.PoolingHttpClientConnectionManager -- ep-0000000B: executing exchange ex-0000000C over http-outgoing-1
10:24:01.201 [main] DEBUG com.github.dockerjava.zerodep.shaded.org.apache.hc.client5.http.headers -- http-outgoing-1 >> POST /v1.32/containers/48fa3645609f0a39f086f0188ca3d372a00357b73dbd322507ec2f3262211928/start HTTP/1.1
10:24:01.201 [main] DEBUG com.github.dockerjava.zerodep.shaded.org.apache.hc.client5.http.headers -- http-outgoing-1 >> accept: application/json
10:24:01.201 [main] DEBUG com.github.dockerjava.zerodep.shaded.org.apache.hc.client5.http.headers -- http-outgoing-1 >> content-type: application/json
10:24:01.201 [main] DEBUG com.github.dockerjava.zerodep.shaded.org.apache.hc.client5.http.headers -- http-outgoing-1 >> x-tc-sid: ad01dab1-4b9b-4848-b723-5acec0598df9
10:24:01.202 [main] DEBUG com.github.dockerjava.zerodep.shaded.org.apache.hc.client5.http.headers -- http-outgoing-1 >> User-Agent: tc-java/1.19.3
10:24:01.202 [main] DEBUG com.github.dockerjava.zerodep.shaded.org.apache.hc.client5.http.headers -- http-outgoing-1 >> Accept-Encoding: gzip, x-gzip, deflate
10:24:01.202 [main] DEBUG com.github.dockerjava.zerodep.shaded.org.apache.hc.client5.http.headers -- http-outgoing-1 >> Host: localhost:2375
10:24:01.202 [main] DEBUG com.github.dockerjava.zerodep.shaded.org.apache.hc.client5.http.headers -- http-outgoing-1 >> Connection: keep-alive
10:24:01.202 [main] DEBUG com.github.dockerjava.zerodep.shaded.org.apache.hc.client5.http.wire -- http-outgoing-1 >> "POST /v1.32/containers/48fa3645609f0a39f086f0188ca3d372a00357b73dbd322507ec2f3262211928/start HTTP/1.1[\r][\n]"
10:24:01.202 [main] DEBUG com.github.dockerjava.zerodep.shaded.org.apache.hc.client5.http.wire -- http-outgoing-1 >> "accept: application/json[\r][\n]"
10:24:01.202 [main] DEBUG com.github.dockerjava.zerodep.shaded.org.apache.hc.client5.http.wire -- http-outgoing-1 >> "content-type: application/json[\r][\n]"
10:24:01.202 [main] DEBUG com.github.dockerjava.zerodep.shaded.org.apache.hc.client5.http.wire -- http-outgoing-1 >> "x-tc-sid: ad01dab1-4b9b-4848-b723-5acec0598df9[\r][\n]"
10:24:01.202 [main] DEBUG com.github.dockerjava.zerodep.shaded.org.apache.hc.client5.http.wire -- http-outgoing-1 >> "User-Agent: tc-java/1.19.3[\r][\n]"
10:24:01.202 [main] DEBUG com.github.dockerjava.zerodep.shaded.org.apache.hc.client5.http.wire -- http-outgoing-1 >> "Accept-Encoding: gzip, x-gzip, deflate[\r][\n]"
10:24:01.202 [main] DEBUG com.github.dockerjava.zerodep.shaded.org.apache.hc.client5.http.wire -- http-outgoing-1 >> "Host: localhost:2375[\r][\n]"
10:24:01.202 [main] DEBUG com.github.dockerjava.zerodep.shaded.org.apache.hc.client5.http.wire -- http-outgoing-1 >> "Connection: keep-alive[\r][\n]"
10:24:01.202 [main] DEBUG com.github.dockerjava.zerodep.shaded.org.apache.hc.client5.http.wire -- http-outgoing-1 >> "[\r][\n]"
10:24:01.815 [main] DEBUG com.github.dockerjava.zerodep.shaded.org.apache.hc.client5.http.wire -- http-outgoing-1 << "HTTP/1.1 204 No Content[\r][\n]"
10:24:01.815 [main] DEBUG com.github.dockerjava.zerodep.shaded.org.apache.hc.client5.http.wire -- http-outgoing-1 << "Api-Version: 1.47[\r][\n]"
10:24:01.815 [main] DEBUG com.github.dockerjava.zerodep.shaded.org.apache.hc.client5.http.wire -- http-outgoing-1 << "Date: Fri, 02 May 2025 08:24:01 GMT[\r][\n]"
10:24:01.815 [main] DEBUG com.github.dockerjava.zerodep.shaded.org.apache.hc.client5.http.wire -- http-outgoing-1 << "Docker-Experimental: false[\r][\n]"
10:24:01.815 [main] DEBUG com.github.dockerjava.zerodep.shaded.org.apache.hc.client5.http.wire -- http-outgoing-1 << "Ostype: linux[\r][\n]"
10:24:01.815 [main] DEBUG com.github.dockerjava.zerodep.shaded.org.apache.hc.client5.http.wire -- http-outgoing-1 << "Server: Docker/27.5.1 (linux)[\r][\n]"
10:24:01.815 [main] DEBUG com.github.dockerjava.zerodep.shaded.org.apache.hc.client5.http.wire -- http-outgoing-1 << "[\r][\n]"
10:24:01.815 [main] DEBUG com.github.dockerjava.zerodep.shaded.org.apache.hc.client5.http.headers -- http-outgoing-1 << HTTP/1.1 204 No Content
10:24:01.816 [main] DEBUG com.github.dockerjava.zerodep.shaded.org.apache.hc.client5.http.headers -- http-outgoing-1 << Api-Version: 1.47
10:24:01.816 [main] DEBUG com.github.dockerjava.zerodep.shaded.org.apache.hc.client5.http.headers -- http-outgoing-1 << Date: Fri, 02 May 2025 08:24:01 GMT
10:24:01.816 [main] DEBUG com.github.dockerjava.zerodep.shaded.org.apache.hc.client5.http.headers -- http-outgoing-1 << Docker-Experimental: false
10:24:01.816 [main] DEBUG com.github.dockerjava.zerodep.shaded.org.apache.hc.client5.http.headers -- http-outgoing-1 << Ostype: linux
10:24:01.816 [main] DEBUG com.github.dockerjava.zerodep.shaded.org.apache.hc.client5.http.headers -- http-outgoing-1 << Server: Docker/27.5.1 (linux)
10:24:01.816 [main] DEBUG com.github.dockerjava.zerodep.shaded.org.apache.hc.client5.http.impl.classic.MainClientExec -- ex-0000000C: connection can be kept alive for 3 MINUTES
10:24:01.816 [main] DEBUG com.github.dockerjava.zerodep.shaded.org.apache.hc.client5.http.impl.classic.InternalHttpClient -- ep-0000000B: releasing valid endpoint
10:24:01.816 [main] DEBUG com.github.dockerjava.zerodep.shaded.org.apache.hc.client5.http.impl.io.PoolingHttpClientConnectionManager -- ep-0000000B: releasing endpoint
10:24:01.816 [main] DEBUG com.github.dockerjava.zerodep.shaded.org.apache.hc.client5.http.impl.io.PoolingHttpClientConnectionManager -- ep-0000000B: connection http-outgoing-1 can be kept alive for 3 MINUTES
10:24:01.817 [main] DEBUG com.github.dockerjava.zerodep.shaded.org.apache.hc.client5.http.impl.io.PoolingHttpClientConnectionManager -- ep-0000000B: connection released [route: {}->npipe://localhost:2375][total available: 1; route allocated: 1 of 2147483647; total allocated: 1 of 2147483647]
10:24:01.817 [main] DEBUG org.testcontainers.shaded.com.github.dockerjava.core.command.AbstrDockerCmd -- Cmd: 48fa3645609f0a39f086f0188ca3d372a00357b73dbd322507ec2f3262211928,false
10:24:01.818 [main] DEBUG org.testcontainers.shaded.com.github.dockerjava.core.exec.InspectContainerCmdExec -- GET: DefaultWebTarget{path=[/containers/48fa3645609f0a39f086f0188ca3d372a00357b73dbd322507ec2f3262211928/json], queryParams={}}
10:24:01.819 [main] DEBUG com.github.dockerjava.zerodep.shaded.org.apache.hc.client5.http.impl.classic.InternalHttpClient -- ex-0000000D: preparing request execution
10:24:01.819 [main] DEBUG com.github.dockerjava.zerodep.shaded.org.apache.hc.client5.http.protocol.RequestAddCookies -- Cookie spec selected: strict
10:24:01.819 [main] DEBUG com.github.dockerjava.zerodep.shaded.org.apache.hc.client5.http.protocol.RequestAuthCache -- Auth cache not set in the context
10:24:01.819 [main] DEBUG com.github.dockerjava.zerodep.shaded.org.apache.hc.client5.http.impl.classic.ProtocolExec -- ex-0000000D: target auth state: UNCHALLENGED
10:24:01.819 [main] DEBUG com.github.dockerjava.zerodep.shaded.org.apache.hc.client5.http.impl.classic.ProtocolExec -- ex-0000000D: proxy auth state: UNCHALLENGED
10:24:01.819 [main] DEBUG com.github.dockerjava.zerodep.shaded.org.apache.hc.client5.http.impl.classic.ConnectExec -- ex-0000000D: acquiring connection with route {}->npipe://localhost:2375
10:24:01.819 [main] DEBUG com.github.dockerjava.zerodep.shaded.org.apache.hc.client5.http.impl.classic.InternalHttpClient -- ex-0000000D: acquiring endpoint (3 MINUTES)
10:24:01.819 [main] DEBUG com.github.dockerjava.zerodep.shaded.org.apache.hc.client5.http.impl.io.PoolingHttpClientConnectionManager -- ex-0000000D: endpoint lease request (3 MINUTES) [route: {}->npipe://localhost:2375][total available: 1; route allocated: 1 of 2147483647; total allocated: 1 of 2147483647]
10:24:01.819 [main] DEBUG com.github.dockerjava.zerodep.shaded.org.apache.hc.client5.http.impl.io.PoolingHttpClientConnectionManager -- ex-0000000D: endpoint leased [route: {}->npipe://localhost:2375][total available: 0; route allocated: 1 of 2147483647; total allocated: 1 of 2147483647]
10:24:01.819 [main] DEBUG com.github.dockerjava.zerodep.shaded.org.apache.hc.client5.http.impl.io.PoolingHttpClientConnectionManager -- ex-0000000D: acquired ep-0000000C
10:24:01.819 [main] DEBUG com.github.dockerjava.zerodep.shaded.org.apache.hc.client5.http.impl.classic.InternalHttpClient -- ex-0000000D: acquired endpoint ep-0000000C
10:24:01.819 [main] DEBUG com.github.dockerjava.zerodep.shaded.org.apache.hc.client5.http.impl.classic.MainClientExec -- ex-0000000D: executing GET /v1.32/containers/48fa3645609f0a39f086f0188ca3d372a00357b73dbd322507ec2f3262211928/json HTTP/1.1
10:24:01.820 [main] DEBUG com.github.dockerjava.zerodep.shaded.org.apache.hc.client5.http.impl.classic.InternalHttpClient -- ep-0000000C: start execution ex-0000000D
10:24:01.820 [main] DEBUG com.github.dockerjava.zerodep.shaded.org.apache.hc.client5.http.impl.io.PoolingHttpClientConnectionManager -- ep-0000000C: executing exchange ex-0000000D over http-outgoing-1
10:24:01.820 [main] DEBUG com.github.dockerjava.zerodep.shaded.org.apache.hc.client5.http.headers -- http-outgoing-1 >> GET /v1.32/containers/48fa3645609f0a39f086f0188ca3d372a00357b73dbd322507ec2f3262211928/json HTTP/1.1
10:24:01.820 [main] DEBUG com.github.dockerjava.zerodep.shaded.org.apache.hc.client5.http.headers -- http-outgoing-1 >> accept: application/json
10:24:01.820 [main] DEBUG com.github.dockerjava.zerodep.shaded.org.apache.hc.client5.http.headers -- http-outgoing-1 >> x-tc-sid: ad01dab1-4b9b-4848-b723-5acec0598df9
10:24:01.820 [main] DEBUG com.github.dockerjava.zerodep.shaded.org.apache.hc.client5.http.headers -- http-outgoing-1 >> User-Agent: tc-java/1.19.3
10:24:01.820 [main] DEBUG com.github.dockerjava.zerodep.shaded.org.apache.hc.client5.http.headers -- http-outgoing-1 >> Accept-Encoding: gzip, x-gzip, deflate
10:24:01.820 [main] DEBUG com.github.dockerjava.zerodep.shaded.org.apache.hc.client5.http.headers -- http-outgoing-1 >> Host: localhost:2375
10:24:01.820 [main] DEBUG com.github.dockerjava.zerodep.shaded.org.apache.hc.client5.http.headers -- http-outgoing-1 >> Connection: keep-alive
10:24:01.820 [main] DEBUG com.github.dockerjava.zerodep.shaded.org.apache.hc.client5.http.wire -- http-outgoing-1 >> "GET /v1.32/containers/48fa3645609f0a39f086f0188ca3d372a00357b73dbd322507ec2f3262211928/json HTTP/1.1[\r][\n]"
10:24:01.820 [main] DEBUG com.github.dockerjava.zerodep.shaded.org.apache.hc.client5.http.wire -- http-outgoing-1 >> "accept: application/json[\r][\n]"
10:24:01.820 [main] DEBUG com.github.dockerjava.zerodep.shaded.org.apache.hc.client5.http.wire -- http-outgoing-1 >> "x-tc-sid: ad01dab1-4b9b-4848-b723-5acec0598df9[\r][\n]"
10:24:01.820 [main] DEBUG com.github.dockerjava.zerodep.shaded.org.apache.hc.client5.http.wire -- http-outgoing-1 >> "User-Agent: tc-java/1.19.3[\r][\n]"
10:24:01.820 [main] DEBUG com.github.dockerjava.zerodep.shaded.org.apache.hc.client5.http.wire -- http-outgoing-1 >> "Accept-Encoding: gzip, x-gzip, deflate[\r][\n]"
10:24:01.820 [main] DEBUG com.github.dockerjava.zerodep.shaded.org.apache.hc.client5.http.wire -- http-outgoing-1 >> "Host: localhost:2375[\r][\n]"
10:24:01.820 [main] DEBUG com.github.dockerjava.zerodep.shaded.org.apache.hc.client5.http.wire -- http-outgoing-1 >> "Connection: keep-alive[\r][\n]"
10:24:01.820 [main] DEBUG com.github.dockerjava.zerodep.shaded.org.apache.hc.client5.http.wire -- http-outgoing-1 >> "[\r][\n]"
10:24:01.824 [main] DEBUG com.github.dockerjava.zerodep.shaded.org.apache.hc.client5.http.wire -- http-outgoing-1 << "HTTP/1.1 200 OK[\r][\n]"
10:24:01.825 [main] DEBUG com.github.dockerjava.zerodep.shaded.org.apache.hc.client5.http.wire -- http-outgoing-1 << "Api-Version: 1.47[\r][\n]"
10:24:01.825 [main] DEBUG com.github.dockerjava.zerodep.shaded.org.apache.hc.client5.http.wire -- http-outgoing-1 << "Content-Type: application/json[\r][\n]"
10:24:01.825 [main] DEBUG com.github.dockerjava.zerodep.shaded.org.apache.hc.client5.http.wire -- http-outgoing-1 << "Date: Fri, 02 May 2025 08:24:01 GMT[\r][\n]"
10:24:01.825 [main] DEBUG com.github.dockerjava.zerodep.shaded.org.apache.hc.client5.http.wire -- http-outgoing-1 << "Docker-Experimental: false[\r][\n]"
10:24:01.825 [main] DEBUG com.github.dockerjava.zerodep.shaded.org.apache.hc.client5.http.wire -- http-outgoing-1 << "Ostype: linux[\r][\n]"
10:24:01.825 [main] DEBUG com.github.dockerjava.zerodep.shaded.org.apache.hc.client5.http.wire -- http-outgoing-1 << "Server: Docker/27.5.1 (linux)[\r][\n]"
10:24:01.825 [main] DEBUG com.github.dockerjava.zerodep.shaded.org.apache.hc.client5.http.wire -- http-outgoing-1 << "Transfer-Encoding: chunked[\r][\n]"
10:24:01.826 [main] DEBUG com.github.dockerjava.zerodep.shaded.org.apache.hc.client5.http.wire -- http-outgoing-1 << "[\r][\n]"
10:24:01.826 [main] DEBUG com.github.dockerjava.zerodep.shaded.org.apache.hc.client5.http.headers -- http-outgoing-1 << HTTP/1.1 200 OK
10:24:01.826 [main] DEBUG com.github.dockerjava.zerodep.shaded.org.apache.hc.client5.http.headers -- http-outgoing-1 << Api-Version: 1.47
10:24:01.826 [main] DEBUG com.github.dockerjava.zerodep.shaded.org.apache.hc.client5.http.headers -- http-outgoing-1 << Content-Type: application/json
10:24:01.826 [main] DEBUG com.github.dockerjava.zerodep.shaded.org.apache.hc.client5.http.headers -- http-outgoing-1 << Date: Fri, 02 May 2025 08:24:01 GMT
10:24:01.826 [main] DEBUG com.github.dockerjava.zerodep.shaded.org.apache.hc.client5.http.headers -- http-outgoing-1 << Docker-Experimental: false
10:24:01.826 [main] DEBUG com.github.dockerjava.zerodep.shaded.org.apache.hc.client5.http.headers -- http-outgoing-1 << Ostype: linux
10:24:01.826 [main] DEBUG com.github.dockerjava.zerodep.shaded.org.apache.hc.client5.http.headers -- http-outgoing-1 << Server: Docker/27.5.1 (linux)
10:24:01.826 [main] DEBUG com.github.dockerjava.zerodep.shaded.org.apache.hc.client5.http.headers -- http-outgoing-1 << Transfer-Encoding: chunked
10:24:01.827 [main] DEBUG com.github.dockerjava.zerodep.shaded.org.apache.hc.client5.http.impl.classic.MainClientExec -- ex-0000000D: connection can be kept alive for 3 MINUTES
10:24:01.828 [main] DEBUG com.github.dockerjava.zerodep.shaded.org.apache.hc.client5.http.wire -- http-outgoing-1 << "16b8[\r][\n]"
10:24:01.829 [main] DEBUG com.github.dockerjava.zerodep.shaded.org.apache.hc.client5.http.wire -- http-outgoing-1 << "{"Id":"48fa3645609f0a39f086f0188ca3d372a00357b73dbd322507ec2f3262211928","Created":"2025-05-02T08:24:01.088368481Z","Path":"/opt/bin/entry_point.sh","Args":[],"State":{"Status":"running","Running":true,"Paused":false,"Restarting":false,"OOMKilled":false,"Dead":false,"Pid":25224,"ExitCode":0,"Error":"","StartedAt":"2025-05-02T08:24:01.359728491Z","FinishedAt":"0001-01-01T00:00:00Z"},"Image":"sha256:98a4acf36526b42162e80e32b36ba7e5cd93e15cb0f2ca510d6fc3fe655edf92","ResolvConfPath":"/var/lib/docker/containers/48fa3645609f0a39f086f0188ca3d372a00357b73dbd322507ec2f3262211928/resolv.conf","HostnamePath":"/var/lib/docker/containers/48fa3645609f0a39f086f0188ca3d372a00357b73dbd322507ec2f3262211928/hostname","HostsPath":"/var/lib/docker/containers/48fa3645609f0a39f086f0188ca3d372a00357b73dbd322507ec2f3262211928/hosts","LogPath":"/var/lib/docker/containers/48fa3645609f0a39f086f0188ca3d372a00357b73dbd322507ec2f3262211928/48fa3645609f0a39f086f0188ca3d372a00357b73dbd322507ec2f3262211928-json.log","Name":"/upbeat_diffie","RestartCount":0,"Driver":"overlayfs","Platform":"linux","MountLabel":"","ProcessLabel":"","AppArmorProfile":"","ExecIDs":null,"HostConfig":{"Binds":[],"ContainerIDFile":"","LogConfig":{"Type":"json-file","Config":{}},"NetworkMode":"d06d86462e027f930f5300865309181ec5516677835542d09caebea3815b82e0","PortBindings":{"4444/tcp":[{"HostIp":"0.0.0.0","HostPort":"0"}],"5900/tcp":[{"HostIp":"0.0.0.0","HostPort":"0"}]},"RestartPolicy":{"Name":"no","MaximumRetryCount":0},"AutoRemove":false,"VolumeDriver":"","VolumesFrom":[],"ConsoleSize":[0,0],"CapAdd":null,"CapDrop":null,"CgroupnsMode":"host","Dns":null,"DnsOptions":null,"DnsSearch":null,"ExtraHosts":[],"GroupAdd":null,"IpcMode":"shareable","Cgroup":"","Links":null,"OomScoreAdj":0,"PidMode":"","Privileged":false,"PublishAllPorts":false,"ReadonlyRootfs":false,"SecurityOpt":null,"UTSMode":"","UsernsMode":"","ShmSize":536870912,"Runtime":"runc","Isolation":"","CpuShares":0,"Memory":0,"NanoCpus":0,"CgroupParent":"","BlkioWeight":0,"BlkioWeightDevice":null,"BlkioDeviceReadBps":null,"BlkioDeviceWriteBps":null,"BlkioDeviceReadIOps":null,"BlkioDeviceWriteIOps":null,"CpuPeriod":0,"CpuQuota":0,"CpuRealtimePeriod":0,"CpuRealtimeRuntime":0,"CpusetCpus":"","CpusetMems":"","Devices":null,"DeviceCgroupRules":null,"DeviceRequests":null,"MemoryReservation":0,"MemorySwap":0,"MemorySwappiness":null,"OomKillDisable":false,"PidsLimit":null,"Ulimits":null,"CpuCount":0,"CpuPercent":0,"IOMaximumIOps":0,"IOMaximumBandwidth":0,"MaskedPaths":["/proc/asound","/proc/acpi","/proc/kcore","/proc/keys","/proc/latency_stats","/proc/timer_list","/proc/timer_stats","/proc/sched_debug","/proc/scsi","/sys/firmware","/sys/devices/virtual/powercap"],"ReadonlyPaths":["/proc/bus","/proc/fs","/proc/irq","/proc/sys","/proc/sysrq-trigger"]},"GraphDriver":{"Data":null,"Name":"overlayfs"},"Mounts":[],"Config":{"Hostname":"48fa3645609f","Domainname":"","User":"1200","AttachStdin":false,"AttachStdout":false,"AttachStderr":false,"ExposedPorts":{"4444/tcp":{},"5900/tcp":{}},"Tty":false,"OpenStdin":false,"StdinOnce":false,"Env":["no_proxy=localhost","TZ=Europe/Madrid","PATH=/usr/local/sbin:/usr/local/bin:/usr/sbin:/usr/bin:/sbin:/bin","DEBIAN_FRONTEND=noninteractive","DEBCONF_NONINTERACTIVE_SEEN=true","SEL_USER=seluser","SEL_UID=1200","SEL_GID=1201","HOME=/home/seluser","SEL_DOWNLOAD_DIR=/Downloads","SE_BIND_HOST=false","SE_REJECT_UNSUPPORTED_CAPS=false","SE_OTEL_JAVA_GLOBAL_AUTOCONFIGURE_ENABLED=true","SE_OTEL_TRACES_EXPORTER=otlp","LANG_WHICH=en","LANG_WHERE=US","ENCODING=UTF-8","LANGUAGE=en_US.UTF-8","LANG=","SE_ENABLE_BROWSER_LEFTOVERS_CLEANUP=false","SE_BROWSER_LEFTOVERS_INTERVAL_SECS=3600","SE_BROWSER_LEFTOVERS_PROCESSES_SECS=7200","SE_BROWSER_LEFTOVERS_TEMPFILES_DAYS=1","SE_DRAIN_AFTER_SESSION_COUNT=0","SE_NODE_MAX_SESSIONS=1","SE_NODE_SESSION_TIMEOUT=300","SE_NODE_OVERRIDE_MAX_SESSIONS=false","SE_NODE_HEARTBEAT_PERIOD=30","SE_OTEL_SERVICE_NAME=selenium-standalone","SE_OFFLINE=true","SE_SCREEN_WIDTH=1360","SE_SCREEN_HEIGHT=1020","SE_SCREEN_DEPTH=24","SE_SCREEN_DPI=96","SE_START_XVFB=true","SE_START_VNC=true","SE_STA"
10:24:01.832 [main] DEBUG com.github.dockerjava.zerodep.shaded.org.apache.hc.client5.http.wire -- http-outgoing-1 << "RT_NO_VNC=true","SE_NO_VNC_PORT=7900","SE_VNC_PORT=5900","DISPLAY=:99.0","DISPLAY_NUM=99","CONFIG_FILE=/opt/selenium/config.toml","GENERATE_CONFIG=true","DBUS_SESSION_BUS_ADDRESS=/dev/null","SE_SESSION_REQUEST_TIMEOUT=300","SE_SESSION_RETRY_INTERVAL=15","SE_HEALTHCHECK_INTERVAL=120","SE_RELAX_CHECKS=true"],"Cmd":["/opt/bin/entry_point.sh"],"Image":"selenium/standalone-chrome:4.20.0","Volumes":null,"WorkingDir":"","Entrypoint":null,"OnBuild":null,"Labels":{"authors":"","org.opencontainers.image.ref.name":"ubuntu","org.opencontainers.image.version":"22.04","org.testcontainers":"true","org.testcontainers.lang":"java","org.testcontainers.sessionId":"ad01dab1-4b9b-4848-b723-5acec0598df9","org.testcontainers.version":"1.19.3"}},"NetworkSettings":{"Bridge":"","SandboxID":"9f5e548784fe02e49a1e8cb2ca20311223083142ebf1e28f7ec8a88faa0d518d","SandboxKey":"/var/run/docker/netns/9f5e548784fe","Ports":{"4444/tcp":[],"5900/tcp":[]},"HairpinMode":false,"LinkLocalIPv6Address":"","LinkLocalIPv6PrefixLen":0,"SecondaryIPAddresses":null,"SecondaryIPv6Addresses":null,"EndpointID":"","Gateway":"","GlobalIPv6Address":"","GlobalIPv6PrefixLen":0,"IPAddress":"","IPPrefixLen":0,"IPv6Gateway":"","MacAddress":"","Networks":{"ea5e0ed8-54d2-4bb1-a6bc-e8e5512c6906":{"IPAMConfig":null,"Links":null,"Aliases":["tc-bC4mHTMp","48fa3645609f"],"MacAddress":"02:42:ac:13:00:02","DriverOpts":null,"NetworkID":"d06d86462e027f930f5300865309181ec5516677835542d09caebea3815b82e0","EndpointID":"685949196ed7f255b5c425d41493e961c1b10496f8d7b9fc08302f545449550a","Gateway":"172.19.0.1","IPAddress":"172.19.0.2","IPPrefixLen":16,"IPv6Gateway":"","GlobalIPv6Address":"","GlobalIPv6PrefixLen":0,"DNSNames":["upbeat_diffie","tc-bC4mHTMp","48fa3645609f"]}}}}[\n]"
10:24:01.836 [main] DEBUG com.github.dockerjava.zerodep.shaded.org.apache.hc.client5.http.wire -- http-outgoing-1 << "[\r][\n]"
10:24:01.836 [main] DEBUG com.github.dockerjava.zerodep.shaded.org.apache.hc.client5.http.wire -- http-outgoing-1 << "0[\r][\n]"
10:24:01.836 [main] DEBUG com.github.dockerjava.zerodep.shaded.org.apache.hc.client5.http.wire -- http-outgoing-1 << "[\r][\n]"
10:24:01.836 [main] DEBUG com.github.dockerjava.zerodep.shaded.org.apache.hc.client5.http.impl.classic.InternalHttpClient -- ep-0000000C: releasing valid endpoint
10:24:01.836 [main] DEBUG com.github.dockerjava.zerodep.shaded.org.apache.hc.client5.http.impl.io.PoolingHttpClientConnectionManager -- ep-0000000C: releasing endpoint
10:24:01.836 [main] DEBUG com.github.dockerjava.zerodep.shaded.org.apache.hc.client5.http.impl.io.PoolingHttpClientConnectionManager -- ep-0000000C: connection http-outgoing-1 can be kept alive for 3 MINUTES
10:24:01.836 [main] DEBUG com.github.dockerjava.zerodep.shaded.org.apache.hc.client5.http.impl.io.PoolingHttpClientConnectionManager -- ep-0000000C: connection released [route: {}->npipe://localhost:2375][total available: 1; route allocated: 1 of 2147483647; total allocated: 1 of 2147483647]
10:24:01.867 [main] DEBUG org.testcontainers.shaded.com.github.dockerjava.core.command.AbstrDockerCmd -- Cmd: 48fa3645609f0a39f086f0188ca3d372a00357b73dbd322507ec2f3262211928,false
10:24:01.868 [main] DEBUG org.testcontainers.shaded.com.github.dockerjava.core.exec.InspectContainerCmdExec -- GET: DefaultWebTarget{path=[/containers/48fa3645609f0a39f086f0188ca3d372a00357b73dbd322507ec2f3262211928/json], queryParams={}}
10:24:01.869 [main] DEBUG com.github.dockerjava.zerodep.shaded.org.apache.hc.client5.http.impl.classic.InternalHttpClient -- ex-0000000E: preparing request execution
10:24:01.869 [main] DEBUG com.github.dockerjava.zerodep.shaded.org.apache.hc.client5.http.protocol.RequestAddCookies -- Cookie spec selected: strict
10:24:01.869 [main] DEBUG com.github.dockerjava.zerodep.shaded.org.apache.hc.client5.http.protocol.RequestAuthCache -- Auth cache not set in the context
10:24:01.869 [main] DEBUG com.github.dockerjava.zerodep.shaded.org.apache.hc.client5.http.impl.classic.ProtocolExec -- ex-0000000E: target auth state: UNCHALLENGED
10:24:01.869 [main] DEBUG com.github.dockerjava.zerodep.shaded.org.apache.hc.client5.http.impl.classic.ProtocolExec -- ex-0000000E: proxy auth state: UNCHALLENGED
10:24:01.869 [main] DEBUG com.github.dockerjava.zerodep.shaded.org.apache.hc.client5.http.impl.classic.ConnectExec -- ex-0000000E: acquiring connection with route {}->npipe://localhost:2375
10:24:01.869 [main] DEBUG com.github.dockerjava.zerodep.shaded.org.apache.hc.client5.http.impl.classic.InternalHttpClient -- ex-0000000E: acquiring endpoint (3 MINUTES)
10:24:01.869 [main] DEBUG com.github.dockerjava.zerodep.shaded.org.apache.hc.client5.http.impl.io.PoolingHttpClientConnectionManager -- ex-0000000E: endpoint lease request (3 MINUTES) [route: {}->npipe://localhost:2375][total available: 1; route allocated: 1 of 2147483647; total allocated: 1 of 2147483647]
10:24:01.870 [main] DEBUG com.github.dockerjava.zerodep.shaded.org.apache.hc.client5.http.impl.io.PoolingHttpClientConnectionManager -- ex-0000000E: endpoint leased [route: {}->npipe://localhost:2375][total available: 0; route allocated: 1 of 2147483647; total allocated: 1 of 2147483647]
10:24:01.870 [main] DEBUG com.github.dockerjava.zerodep.shaded.org.apache.hc.client5.http.impl.io.PoolingHttpClientConnectionManager -- ex-0000000E: acquired ep-0000000D
10:24:01.870 [main] DEBUG com.github.dockerjava.zerodep.shaded.org.apache.hc.client5.http.impl.classic.InternalHttpClient -- ex-0000000E: acquired endpoint ep-0000000D
10:24:01.870 [main] DEBUG com.github.dockerjava.zerodep.shaded.org.apache.hc.client5.http.impl.classic.MainClientExec -- ex-0000000E: executing GET /v1.32/containers/48fa3645609f0a39f086f0188ca3d372a00357b73dbd322507ec2f3262211928/json HTTP/1.1
10:24:01.870 [main] DEBUG com.github.dockerjava.zerodep.shaded.org.apache.hc.client5.http.impl.classic.InternalHttpClient -- ep-0000000D: start execution ex-0000000E
10:24:01.870 [main] DEBUG com.github.dockerjava.zerodep.shaded.org.apache.hc.client5.http.impl.io.PoolingHttpClientConnectionManager -- ep-0000000D: executing exchange ex-0000000E over http-outgoing-1
10:24:01.871 [main] DEBUG com.github.dockerjava.zerodep.shaded.org.apache.hc.client5.http.headers -- http-outgoing-1 >> GET /v1.32/containers/48fa3645609f0a39f086f0188ca3d372a00357b73dbd322507ec2f3262211928/json HTTP/1.1
10:24:01.871 [main] DEBUG com.github.dockerjava.zerodep.shaded.org.apache.hc.client5.http.headers -- http-outgoing-1 >> accept: application/json
10:24:01.871 [main] DEBUG com.github.dockerjava.zerodep.shaded.org.apache.hc.client5.http.headers -- http-outgoing-1 >> x-tc-sid: ad01dab1-4b9b-4848-b723-5acec0598df9
10:24:01.871 [main] DEBUG com.github.dockerjava.zerodep.shaded.org.apache.hc.client5.http.headers -- http-outgoing-1 >> User-Agent: tc-java/1.19.3
10:24:01.871 [main] DEBUG com.github.dockerjava.zerodep.shaded.org.apache.hc.client5.http.headers -- http-outgoing-1 >> Accept-Encoding: gzip, x-gzip, deflate
10:24:01.871 [main] DEBUG com.github.dockerjava.zerodep.shaded.org.apache.hc.client5.http.headers -- http-outgoing-1 >> Host: localhost:2375
10:24:01.871 [main] DEBUG com.github.dockerjava.zerodep.shaded.org.apache.hc.client5.http.headers -- http-outgoing-1 >> Connection: keep-alive
10:24:01.871 [main] DEBUG com.github.dockerjava.zerodep.shaded.org.apache.hc.client5.http.wire -- http-outgoing-1 >> "GET /v1.32/containers/48fa3645609f0a39f086f0188ca3d372a00357b73dbd322507ec2f3262211928/json HTTP/1.1[\r][\n]"
10:24:01.871 [main] DEBUG com.github.dockerjava.zerodep.shaded.org.apache.hc.client5.http.wire -- http-outgoing-1 >> "accept: application/json[\r][\n]"
10:24:01.871 [main] DEBUG com.github.dockerjava.zerodep.shaded.org.apache.hc.client5.http.wire -- http-outgoing-1 >> "x-tc-sid: ad01dab1-4b9b-4848-b723-5acec0598df9[\r][\n]"
10:24:01.871 [main] DEBUG com.github.dockerjava.zerodep.shaded.org.apache.hc.client5.http.wire -- http-outgoing-1 >> "User-Agent: tc-java/1.19.3[\r][\n]"
10:24:01.871 [main] DEBUG com.github.dockerjava.zerodep.shaded.org.apache.hc.client5.http.wire -- http-outgoing-1 >> "Accept-Encoding: gzip, x-gzip, deflate[\r][\n]"
10:24:01.871 [main] DEBUG com.github.dockerjava.zerodep.shaded.org.apache.hc.client5.http.wire -- http-outgoing-1 >> "Host: localhost:2375[\r][\n]"
10:24:01.871 [main] DEBUG com.github.dockerjava.zerodep.shaded.org.apache.hc.client5.http.wire -- http-outgoing-1 >> "Connection: keep-alive[\r][\n]"
10:24:01.871 [main] DEBUG com.github.dockerjava.zerodep.shaded.org.apache.hc.client5.http.wire -- http-outgoing-1 >> "[\r][\n]"
10:24:01.876 [main] DEBUG com.github.dockerjava.zerodep.shaded.org.apache.hc.client5.http.wire -- http-outgoing-1 << "HTTP/1.1 200 OK[\r][\n]"
10:24:01.876 [main] DEBUG com.github.dockerjava.zerodep.shaded.org.apache.hc.client5.http.wire -- http-outgoing-1 << "Api-Version: 1.47[\r][\n]"
10:24:01.876 [main] DEBUG com.github.dockerjava.zerodep.shaded.org.apache.hc.client5.http.wire -- http-outgoing-1 << "Content-Type: application/json[\r][\n]"
10:24:01.876 [main] DEBUG com.github.dockerjava.zerodep.shaded.org.apache.hc.client5.http.wire -- http-outgoing-1 << "Date: Fri, 02 May 2025 08:24:01 GMT[\r][\n]"
10:24:01.876 [main] DEBUG com.github.dockerjava.zerodep.shaded.org.apache.hc.client5.http.wire -- http-outgoing-1 << "Docker-Experimental: false[\r][\n]"
10:24:01.876 [main] DEBUG com.github.dockerjava.zerodep.shaded.org.apache.hc.client5.http.wire -- http-outgoing-1 << "Ostype: linux[\r][\n]"
10:24:01.876 [main] DEBUG com.github.dockerjava.zerodep.shaded.org.apache.hc.client5.http.wire -- http-outgoing-1 << "Server: Docker/27.5.1 (linux)[\r][\n]"
10:24:01.876 [main] DEBUG com.github.dockerjava.zerodep.shaded.org.apache.hc.client5.http.wire -- http-outgoing-1 << "Transfer-Encoding: chunked[\r][\n]"
10:24:01.876 [main] DEBUG com.github.dockerjava.zerodep.shaded.org.apache.hc.client5.http.wire -- http-outgoing-1 << "[\r][\n]"
10:24:01.877 [main] DEBUG com.github.dockerjava.zerodep.shaded.org.apache.hc.client5.http.headers -- http-outgoing-1 << HTTP/1.1 200 OK
10:24:01.877 [main] DEBUG com.github.dockerjava.zerodep.shaded.org.apache.hc.client5.http.headers -- http-outgoing-1 << Api-Version: 1.47
10:24:01.877 [main] DEBUG com.github.dockerjava.zerodep.shaded.org.apache.hc.client5.http.headers -- http-outgoing-1 << Content-Type: application/json
10:24:01.877 [main] DEBUG com.github.dockerjava.zerodep.shaded.org.apache.hc.client5.http.headers -- http-outgoing-1 << Date: Fri, 02 May 2025 08:24:01 GMT
10:24:01.877 [main] DEBUG com.github.dockerjava.zerodep.shaded.org.apache.hc.client5.http.headers -- http-outgoing-1 << Docker-Experimental: false
10:24:01.877 [main] DEBUG com.github.dockerjava.zerodep.shaded.org.apache.hc.client5.http.headers -- http-outgoing-1 << Ostype: linux
10:24:01.877 [main] DEBUG com.github.dockerjava.zerodep.shaded.org.apache.hc.client5.http.headers -- http-outgoing-1 << Server: Docker/27.5.1 (linux)
10:24:01.877 [main] DEBUG com.github.dockerjava.zerodep.shaded.org.apache.hc.client5.http.headers -- http-outgoing-1 << Transfer-Encoding: chunked
10:24:01.877 [main] DEBUG com.github.dockerjava.zerodep.shaded.org.apache.hc.client5.http.impl.classic.MainClientExec -- ex-0000000E: connection can be kept alive for 3 MINUTES
10:24:01.877 [main] DEBUG com.github.dockerjava.zerodep.shaded.org.apache.hc.client5.http.wire -- http-outgoing-1 << "1706[\r][\n]"
10:24:01.878 [main] DEBUG com.github.dockerjava.zerodep.shaded.org.apache.hc.client5.http.wire -- http-outgoing-1 << "{"Id":"48fa3645609f0a39f086f0188ca3d372a00357b73dbd322507ec2f3262211928","Created":"2025-05-02T08:24:01.088368481Z","Path":"/opt/bin/entry_point.sh","Args":[],"State":{"Status":"running","Running":true,"Paused":false,"Restarting":false,"OOMKilled":false,"Dead":false,"Pid":25224,"ExitCode":0,"Error":"","StartedAt":"2025-05-02T08:24:01.359728491Z","FinishedAt":"0001-01-01T00:00:00Z"},"Image":"sha256:98a4acf36526b42162e80e32b36ba7e5cd93e15cb0f2ca510d6fc3fe655edf92","ResolvConfPath":"/var/lib/docker/containers/48fa3645609f0a39f086f0188ca3d372a00357b73dbd322507ec2f3262211928/resolv.conf","HostnamePath":"/var/lib/docker/containers/48fa3645609f0a39f086f0188ca3d372a00357b73dbd322507ec2f3262211928/hostname","HostsPath":"/var/lib/docker/containers/48fa3645609f0a39f086f0188ca3d372a00357b73dbd322507ec2f3262211928/hosts","LogPath":"/var/lib/docker/containers/48fa3645609f0a39f086f0188ca3d372a00357b73dbd322507ec2f3262211928/48fa3645609f0a39f086f0188ca3d372a00357b73dbd322507ec2f3262211928-json.log","Name":"/upbeat_diffie","RestartCount":0,"Driver":"overlayfs","Platform":"linux","MountLabel":"","ProcessLabel":"","AppArmorProfile":"","ExecIDs":null,"HostConfig":{"Binds":[],"ContainerIDFile":"","LogConfig":{"Type":"json-file","Config":{}},"NetworkMode":"d06d86462e027f930f5300865309181ec5516677835542d09caebea3815b82e0","PortBindings":{"4444/tcp":[{"HostIp":"0.0.0.0","HostPort":"0"}],"5900/tcp":[{"HostIp":"0.0.0.0","HostPort":"0"}]},"RestartPolicy":{"Name":"no","MaximumRetryCount":0},"AutoRemove":false,"VolumeDriver":"","VolumesFrom":[],"ConsoleSize":[0,0],"CapAdd":null,"CapDrop":null,"CgroupnsMode":"host","Dns":null,"DnsOptions":null,"DnsSearch":null,"ExtraHosts":[],"GroupAdd":null,"IpcMode":"shareable","Cgroup":"","Links":null,"OomScoreAdj":0,"PidMode":"","Privileged":false,"PublishAllPorts":false,"ReadonlyRootfs":false,"SecurityOpt":null,"UTSMode":"","UsernsMode":"","ShmSize":536870912,"Runtime":"runc","Isolation":"","CpuShares":0,"Memory":0,"NanoCpus":0,"CgroupParent":"","BlkioWeight":0,"BlkioWeightDevice":null,"BlkioDeviceReadBps":null,"BlkioDeviceWriteBps":null,"BlkioDeviceReadIOps":null,"BlkioDeviceWriteIOps":null,"CpuPeriod":0,"CpuQuota":0,"CpuRealtimePeriod":0,"CpuRealtimeRuntime":0,"CpusetCpus":"","CpusetMems":"","Devices":null,"DeviceCgroupRules":null,"DeviceRequests":null,"MemoryReservation":0,"MemorySwap":0,"MemorySwappiness":null,"OomKillDisable":false,"PidsLimit":null,"Ulimits":null,"CpuCount":0,"CpuPercent":0,"IOMaximumIOps":0,"IOMaximumBandwidth":0,"MaskedPaths":["/proc/asound","/proc/acpi","/proc/kcore","/proc/keys","/proc/latency_stats","/proc/timer_list","/proc/timer_stats","/proc/sched_debug","/proc/scsi","/sys/firmware","/sys/devices/virtual/powercap"],"ReadonlyPaths":["/proc/bus","/proc/fs","/proc/irq","/proc/sys","/proc/sysrq-trigger"]},"GraphDriver":{"Data":null,"Name":"overlayfs"},"Mounts":[],"Config":{"Hostname":"48fa3645609f","Domainname":"","User":"1200","AttachStdin":false,"AttachStdout":false,"AttachStderr":false,"ExposedPorts":{"4444/tcp":{},"5900/tcp":{}},"Tty":false,"OpenStdin":false,"StdinOnce":false,"Env":["no_proxy=localhost","TZ=Europe/Madrid","PATH=/usr/local/sbin:/usr/local/bin:/usr/sbin:/usr/bin:/sbin:/bin","DEBIAN_FRONTEND=noninteractive","DEBCONF_NONINTERACTIVE_SEEN=true","SEL_USER=seluser","SEL_UID=1200","SEL_GID=1201","HOME=/home/seluser","SEL_DOWNLOAD_DIR=/Downloads","SE_BIND_HOST=false","SE_REJECT_UNSUPPORTED_CAPS=false","SE_OTEL_JAVA_GLOBAL_AUTOCONFIGURE_ENABLED=true","SE_OTEL_TRACES_EXPORTER=otlp","LANG_WHICH=en","LANG_WHERE=US","ENCODING=UTF-8","LANGUAGE=en_US.UTF-8","LANG=","SE_ENABLE_BROWSER_LEFTOVERS_CLEANUP=false","SE_BROWSER_LEFTOVERS_INTERVAL_SECS=3600","SE_BROWSER_LEFTOVERS_PROCESSES_SECS=7200","SE_BROWSER_LEFTOVERS_TEMPFILES_DAYS=1","SE_DRAIN_AFTER_SESSION_COUNT=0","SE_NODE_MAX_SESSIONS=1","SE_NODE_SESSION_TIMEOUT=300","SE_NODE_OVERRIDE_MAX_SESSIONS=false","SE_NODE_HEARTBEAT_PERIOD=30","SE_OTEL_SERVICE_NAME=selenium-standalone","SE_OFFLINE=true","SE_SCREEN_WIDTH=1360","SE_SCREEN_HEIGHT=1020","SE_SCREEN_DEPTH=24","SE_SCREEN_DPI=96","SE_START_XVFB=true","SE_START_VNC=true","SE_STA"
10:24:01.878 [main] DEBUG com.github.dockerjava.zerodep.shaded.org.apache.hc.client5.http.wire -- http-outgoing-1 << "RT_NO_VNC=true","SE_NO_VNC_PORT=7900","SE_VNC_PORT=5900","DISPLAY=:99.0","DISPLAY_NUM=99","CONFIG_FILE=/opt/selenium/config.toml","GENERATE_CONFIG=true","DBUS_SESSION_BUS_ADDRESS=/dev/null","SE_SESSION_REQUEST_TIMEOUT=300","SE_SESSION_RETRY_INTERVAL=15","SE_HEALTHCHECK_INTERVAL=120","SE_RELAX_CHECKS=true"],"Cmd":["/opt/bin/entry_point.sh"],"Image":"selenium/standalone-chrome:4.20.0","Volumes":null,"WorkingDir":"","Entrypoint":null,"OnBuild":null,"Labels":{"authors":"","org.opencontainers.image.ref.name":"ubuntu","org.opencontainers.image.version":"22.04","org.testcontainers":"true","org.testcontainers.lang":"java","org.testcontainers.sessionId":"ad01dab1-4b9b-4848-b723-5acec0598df9","org.testcontainers.version":"1.19.3"}},"NetworkSettings":{"Bridge":"","SandboxID":"9f5e548784fe02e49a1e8cb2ca20311223083142ebf1e28f7ec8a88faa0d518d","SandboxKey":"/var/run/docker/netns/9f5e548784fe","Ports":{"4444/tcp":[{"HostIp":"0.0.0.0","HostPort":"64924"}],"5900/tcp":[{"HostIp":"0.0.0.0","HostPort":"64925"}]},"HairpinMode":false,"LinkLocalIPv6Address":"","LinkLocalIPv6PrefixLen":0,"SecondaryIPAddresses":null,"SecondaryIPv6Addresses":null,"EndpointID":"","Gateway":"","GlobalIPv6Address":"","GlobalIPv6PrefixLen":0,"IPAddress":"","IPPrefixLen":0,"IPv6Gateway":"","MacAddress":"","Networks":{"ea5e0ed8-54d2-4bb1-a6bc-e8e5512c6906":{"IPAMConfig":null,"Links":null,"Aliases":["tc-bC4mHTMp","48fa3645609f"],"MacAddress":"02:42:ac:13:00:02","DriverOpts":null,"NetworkID":"d06d86462e027f930f5300865309181ec5516677835542d09caebea3815b82e0","EndpointID":"685949196ed7f255b5c425d41493e961c1b10496f8d7b9fc08302f545449550a","Gateway":"172.19.0.1","IPAddress":"172.19.0.2","IPPrefixLen":16,"IPv6Gateway":"","GlobalIPv6Address":"","GlobalIPv6PrefixLen":0,"DNSNames":["upbeat_diffie","tc-bC4mHTMp","48fa3645609f"]}}}}[\n]"
10:24:01.882 [main] DEBUG com.github.dockerjava.zerodep.shaded.org.apache.hc.client5.http.wire -- http-outgoing-1 << "[\r][\n]"
10:24:01.882 [main] DEBUG com.github.dockerjava.zerodep.shaded.org.apache.hc.client5.http.wire -- http-outgoing-1 << "0[\r][\n]"
10:24:01.882 [main] DEBUG com.github.dockerjava.zerodep.shaded.org.apache.hc.client5.http.wire -- http-outgoing-1 << "[\r][\n]"
10:24:01.882 [main] DEBUG com.github.dockerjava.zerodep.shaded.org.apache.hc.client5.http.impl.classic.InternalHttpClient -- ep-0000000D: releasing valid endpoint
10:24:01.882 [main] DEBUG com.github.dockerjava.zerodep.shaded.org.apache.hc.client5.http.impl.io.PoolingHttpClientConnectionManager -- ep-0000000D: releasing endpoint
10:24:01.882 [main] DEBUG com.github.dockerjava.zerodep.shaded.org.apache.hc.client5.http.impl.io.PoolingHttpClientConnectionManager -- ep-0000000D: connection http-outgoing-1 can be kept alive for 3 MINUTES
10:24:01.883 [main] DEBUG com.github.dockerjava.zerodep.shaded.org.apache.hc.client5.http.impl.io.PoolingHttpClientConnectionManager -- ep-0000000D: connection released [route: {}->npipe://localhost:2375][total available: 1; route allocated: 1 of 2147483647; total allocated: 1 of 2147483647]
10:24:01.884 [main] DEBUG org.testcontainers.shaded.com.github.dockerjava.core.command.AbstrDockerCmd -- Cmd: sha256:98a4acf36526b42162e80e32b36ba7e5cd93e15cb0f2ca510d6fc3fe655edf92
10:24:01.885 [main] DEBUG com.github.dockerjava.zerodep.shaded.org.apache.hc.client5.http.impl.classic.InternalHttpClient -- ex-0000000F: preparing request execution
10:24:01.885 [main] DEBUG com.github.dockerjava.zerodep.shaded.org.apache.hc.client5.http.protocol.RequestAddCookies -- Cookie spec selected: strict
10:24:01.885 [main] DEBUG com.github.dockerjava.zerodep.shaded.org.apache.hc.client5.http.protocol.RequestAuthCache -- Auth cache not set in the context
10:24:01.885 [main] DEBUG com.github.dockerjava.zerodep.shaded.org.apache.hc.client5.http.impl.classic.ProtocolExec -- ex-0000000F: target auth state: UNCHALLENGED
10:24:01.885 [main] DEBUG com.github.dockerjava.zerodep.shaded.org.apache.hc.client5.http.impl.classic.ProtocolExec -- ex-0000000F: proxy auth state: UNCHALLENGED
10:24:01.885 [main] DEBUG com.github.dockerjava.zerodep.shaded.org.apache.hc.client5.http.impl.classic.ConnectExec -- ex-0000000F: acquiring connection with route {}->npipe://localhost:2375
10:24:01.885 [main] DEBUG com.github.dockerjava.zerodep.shaded.org.apache.hc.client5.http.impl.classic.InternalHttpClient -- ex-0000000F: acquiring endpoint (3 MINUTES)
10:24:01.885 [main] DEBUG com.github.dockerjava.zerodep.shaded.org.apache.hc.client5.http.impl.io.PoolingHttpClientConnectionManager -- ex-0000000F: endpoint lease request (3 MINUTES) [route: {}->npipe://localhost:2375][total available: 1; route allocated: 1 of 2147483647; total allocated: 1 of 2147483647]
10:24:01.885 [main] DEBUG com.github.dockerjava.zerodep.shaded.org.apache.hc.client5.http.impl.io.PoolingHttpClientConnectionManager -- ex-0000000F: endpoint leased [route: {}->npipe://localhost:2375][total available: 0; route allocated: 1 of 2147483647; total allocated: 1 of 2147483647]
10:24:01.886 [main] DEBUG com.github.dockerjava.zerodep.shaded.org.apache.hc.client5.http.impl.io.PoolingHttpClientConnectionManager -- ex-0000000F: acquired ep-0000000E
10:24:01.886 [main] DEBUG com.github.dockerjava.zerodep.shaded.org.apache.hc.client5.http.impl.classic.InternalHttpClient -- ex-0000000F: acquired endpoint ep-0000000E
10:24:01.886 [main] DEBUG com.github.dockerjava.zerodep.shaded.org.apache.hc.client5.http.impl.classic.MainClientExec -- ex-0000000F: executing GET /v1.32/images/sha256:98a4acf36526b42162e80e32b36ba7e5cd93e15cb0f2ca510d6fc3fe655edf92/json HTTP/1.1
10:24:01.886 [main] DEBUG com.github.dockerjava.zerodep.shaded.org.apache.hc.client5.http.impl.classic.InternalHttpClient -- ep-0000000E: start execution ex-0000000F
10:24:01.886 [main] DEBUG com.github.dockerjava.zerodep.shaded.org.apache.hc.client5.http.impl.io.PoolingHttpClientConnectionManager -- ep-0000000E: executing exchange ex-0000000F over http-outgoing-1
10:24:01.886 [main] DEBUG com.github.dockerjava.zerodep.shaded.org.apache.hc.client5.http.headers -- http-outgoing-1 >> GET /v1.32/images/sha256:98a4acf36526b42162e80e32b36ba7e5cd93e15cb0f2ca510d6fc3fe655edf92/json HTTP/1.1
10:24:01.886 [main] DEBUG com.github.dockerjava.zerodep.shaded.org.apache.hc.client5.http.headers -- http-outgoing-1 >> accept: application/json
10:24:01.886 [main] DEBUG com.github.dockerjava.zerodep.shaded.org.apache.hc.client5.http.headers -- http-outgoing-1 >> x-tc-sid: ad01dab1-4b9b-4848-b723-5acec0598df9
10:24:01.886 [main] DEBUG com.github.dockerjava.zerodep.shaded.org.apache.hc.client5.http.headers -- http-outgoing-1 >> User-Agent: tc-java/1.19.3
10:24:01.886 [main] DEBUG com.github.dockerjava.zerodep.shaded.org.apache.hc.client5.http.headers -- http-outgoing-1 >> Accept-Encoding: gzip, x-gzip, deflate
10:24:01.886 [main] DEBUG com.github.dockerjava.zerodep.shaded.org.apache.hc.client5.http.headers -- http-outgoing-1 >> Host: localhost:2375
10:24:01.886 [main] DEBUG com.github.dockerjava.zerodep.shaded.org.apache.hc.client5.http.headers -- http-outgoing-1 >> Connection: keep-alive
10:24:01.886 [main] DEBUG com.github.dockerjava.zerodep.shaded.org.apache.hc.client5.http.wire -- http-outgoing-1 >> "GET /v1.32/images/sha256:98a4acf36526b42162e80e32b36ba7e5cd93e15cb0f2ca510d6fc3fe655edf92/json HTTP/1.1[\r][\n]"
10:24:01.886 [main] DEBUG com.github.dockerjava.zerodep.shaded.org.apache.hc.client5.http.wire -- http-outgoing-1 >> "accept: application/json[\r][\n]"
10:24:01.886 [main] DEBUG com.github.dockerjava.zerodep.shaded.org.apache.hc.client5.http.wire -- http-outgoing-1 >> "x-tc-sid: ad01dab1-4b9b-4848-b723-5acec0598df9[\r][\n]"
10:24:01.886 [main] DEBUG com.github.dockerjava.zerodep.shaded.org.apache.hc.client5.http.wire -- http-outgoing-1 >> "User-Agent: tc-java/1.19.3[\r][\n]"
10:24:01.886 [main] DEBUG com.github.dockerjava.zerodep.shaded.org.apache.hc.client5.http.wire -- http-outgoing-1 >> "Accept-Encoding: gzip, x-gzip, deflate[\r][\n]"
10:24:01.886 [main] DEBUG com.github.dockerjava.zerodep.shaded.org.apache.hc.client5.http.wire -- http-outgoing-1 >> "Host: localhost:2375[\r][\n]"
10:24:01.886 [main] DEBUG com.github.dockerjava.zerodep.shaded.org.apache.hc.client5.http.wire -- http-outgoing-1 >> "Connection: keep-alive[\r][\n]"
10:24:01.886 [main] DEBUG com.github.dockerjava.zerodep.shaded.org.apache.hc.client5.http.wire -- http-outgoing-1 >> "[\r][\n]"
10:24:01.901 [main] DEBUG com.github.dockerjava.zerodep.shaded.org.apache.hc.client5.http.wire -- http-outgoing-1 << "HTTP/1.1 200 OK[\r][\n]"
10:24:01.901 [main] DEBUG com.github.dockerjava.zerodep.shaded.org.apache.hc.client5.http.wire -- http-outgoing-1 << "Api-Version: 1.47[\r][\n]"
10:24:01.901 [main] DEBUG com.github.dockerjava.zerodep.shaded.org.apache.hc.client5.http.wire -- http-outgoing-1 << "Content-Type: application/json[\r][\n]"
10:24:01.901 [main] DEBUG com.github.dockerjava.zerodep.shaded.org.apache.hc.client5.http.wire -- http-outgoing-1 << "Date: Fri, 02 May 2025 08:24:01 GMT[\r][\n]"
10:24:01.901 [main] DEBUG com.github.dockerjava.zerodep.shaded.org.apache.hc.client5.http.wire -- http-outgoing-1 << "Docker-Experimental: false[\r][\n]"
10:24:01.901 [main] DEBUG com.github.dockerjava.zerodep.shaded.org.apache.hc.client5.http.wire -- http-outgoing-1 << "Ostype: linux[\r][\n]"
10:24:01.901 [main] DEBUG com.github.dockerjava.zerodep.shaded.org.apache.hc.client5.http.wire -- http-outgoing-1 << "Server: Docker/27.5.1 (linux)[\r][\n]"
10:24:01.901 [main] DEBUG com.github.dockerjava.zerodep.shaded.org.apache.hc.client5.http.wire -- http-outgoing-1 << "Transfer-Encoding: chunked[\r][\n]"
10:24:01.901 [main] DEBUG com.github.dockerjava.zerodep.shaded.org.apache.hc.client5.http.wire -- http-outgoing-1 << "[\r][\n]"
10:24:01.901 [main] DEBUG com.github.dockerjava.zerodep.shaded.org.apache.hc.client5.http.headers -- http-outgoing-1 << HTTP/1.1 200 OK
10:24:01.901 [main] DEBUG com.github.dockerjava.zerodep.shaded.org.apache.hc.client5.http.headers -- http-outgoing-1 << Api-Version: 1.47
10:24:01.901 [main] DEBUG com.github.dockerjava.zerodep.shaded.org.apache.hc.client5.http.headers -- http-outgoing-1 << Content-Type: application/json
10:24:01.901 [main] DEBUG com.github.dockerjava.zerodep.shaded.org.apache.hc.client5.http.headers -- http-outgoing-1 << Date: Fri, 02 May 2025 08:24:01 GMT
10:24:01.902 [main] DEBUG com.github.dockerjava.zerodep.shaded.org.apache.hc.client5.http.headers -- http-outgoing-1 << Docker-Experimental: false
10:24:01.902 [main] DEBUG com.github.dockerjava.zerodep.shaded.org.apache.hc.client5.http.headers -- http-outgoing-1 << Ostype: linux
10:24:01.902 [main] DEBUG com.github.dockerjava.zerodep.shaded.org.apache.hc.client5.http.headers -- http-outgoing-1 << Server: Docker/27.5.1 (linux)
10:24:01.902 [main] DEBUG com.github.dockerjava.zerodep.shaded.org.apache.hc.client5.http.headers -- http-outgoing-1 << Transfer-Encoding: chunked
10:24:01.902 [main] DEBUG com.github.dockerjava.zerodep.shaded.org.apache.hc.client5.http.impl.classic.MainClientExec -- ex-0000000F: connection can be kept alive for 3 MINUTES
10:24:01.903 [main] DEBUG com.github.dockerjava.zerodep.shaded.org.apache.hc.client5.http.wire -- http-outgoing-1 << "1008[\r][\n]"
10:24:01.903 [main] DEBUG com.github.dockerjava.zerodep.shaded.org.apache.hc.client5.http.wire -- http-outgoing-1 << "{"Id":"sha256:98a4acf36526b42162e80e32b36ba7e5cd93e15cb0f2ca510d6fc3fe655edf92","RepoTags":["selenium/standalone-chrome:4.20.0"],"RepoDigests":["selenium/standalone-chrome@sha256:98a4acf36526b42162e80e32b36ba7e5cd93e15cb0f2ca510d6fc3fe655edf92"],"Parent":"","Comment":"buildkit.dockerfile.v0","Created":"2024-05-05T16:13:12.316890032Z","ContainerConfig":{"Hostname":"","Domainname":"","User":"","AttachStdin":false,"AttachStdout":false,"AttachStderr":false,"Tty":false,"OpenStdin":false,"StdinOnce":false,"Env":null,"Cmd":null,"Image":"","Volumes":null,"WorkingDir":"","Entrypoint":null,"OnBuild":null,"Labels":null},"DockerVersion":"27.5.1","Author":"","Config":{"Hostname":"","Domainname":"","User":"1200","AttachStdin":false,"AttachStdout":false,"AttachStderr":false,"ExposedPorts":{"4444/tcp":{},"5900/tcp":{}},"Tty":false,"OpenStdin":false,"StdinOnce":false,"Env":["PATH=/usr/local/sbin:/usr/local/bin:/usr/sbin:/usr/bin:/sbin:/bin","DEBIAN_FRONTEND=noninteractive","DEBCONF_NONINTERACTIVE_SEEN=true","SEL_USER=seluser","SEL_UID=1200","SEL_GID=1201","HOME=/home/seluser","TZ=UTC","SEL_DOWNLOAD_DIR=/Downloads","SE_BIND_HOST=false","SE_REJECT_UNSUPPORTED_CAPS=false","SE_OTEL_JAVA_GLOBAL_AUTOCONFIGURE_ENABLED=true","SE_OTEL_TRACES_EXPORTER=otlp","LANG_WHICH=en","LANG_WHERE=US","ENCODING=UTF-8","LANGUAGE=en_US.UTF-8","LANG=","SE_ENABLE_BROWSER_LEFTOVERS_CLEANUP=false","SE_BROWSER_LEFTOVERS_INTERVAL_SECS=3600","SE_BROWSER_LEFTOVERS_PROCESSES_SECS=7200","SE_BROWSER_LEFTOVERS_TEMPFILES_DAYS=1","SE_DRAIN_AFTER_SESSION_COUNT=0","SE_NODE_MAX_SESSIONS=1","SE_NODE_SESSION_TIMEOUT=300","SE_NODE_OVERRIDE_MAX_SESSIONS=false","SE_NODE_HEARTBEAT_PERIOD=30","SE_OTEL_SERVICE_NAME=selenium-standalone","SE_OFFLINE=true","SE_SCREEN_WIDTH=1360","SE_SCREEN_HEIGHT=1020","SE_SCREEN_DEPTH=24","SE_SCREEN_DPI=96","SE_START_XVFB=true","SE_START_VNC=true","SE_START_NO_VNC=true","SE_NO_VNC_PORT=7900","SE_VNC_PORT=5900","DISPLAY=:99.0","DISPLAY_NUM=99","CONFIG_FILE=/opt/selenium/config.toml","GENERATE_CONFIG=true","DBUS_SESSION_BUS_ADDRESS=/dev/null","SE_SESSION_REQUEST_TIMEOUT=300","SE_SESSION_RETRY_INTERVAL=15","SE_HEALTHCHECK_INTERVAL=120","SE_RELAX_CHECKS=true"],"Cmd":["/opt/bin/entry_point.sh"],"ArgsEscaped":true,"Image":"","Volumes":null,"WorkingDir":"","Entrypoint":null,"OnBuild":null,"Labels":{"authors":"","org.opencontainers.image.ref.name":"ubuntu","org.opencontainers.image.version":"22.04"}},"Architecture":"amd64","Os":"linux","Size":486731910,"VirtualSize":486731910,"GraphDriver":{"Data":null,"Name":"overlayfs"},"RootFS":{"Type":"layers","Layers":["sha256:629ca62fb7c791374ce57626d6b8b62c76378be091a0daf1a60d32700b49add7","sha256:a25242d5070a760747f23e99a8c86546066dda565543af51976443ed9ec793cf","sha256:8b3b521e4c157f2233c7fe04fa5565dd696379d9a23a07af6ec3aa35f9653ae0","sha256:ca3542aa1d5ba3542b4eea19f2f9e2507fa5dad0e6c53f82048dbddba5fcebee","sha256:e20b882a1af372bda62a35e1f8dad857fa3ff1046966502299ea306de717aec4","sha256:e79f0fc9542f8195579e9673964e7767fae95d4051a40c0d39c5138a60c9b2b0","sha256:9e15a6ed5565a3a1c78289a0699684db5f7e574ed1c18a1d2f6401d926352190","sha256:26fc035b79c9c0cdeed70556055cfb5a85ce02ec3d52f0b6b01256917943780e","sha256:16941824af824f10499f517fc3e992d9d22f02d9be03035b96277e9f468f337e","sha256:0dc5b6d291cd7a9cc456f38d1c959a7636ab8f6464df3ae6e00b0b134b69dc2a","sha256:274c90e5be014fca102f5762f477211ab485db199dbe02c9f009a7237000b9d3","sha256:76859307447b2fdfe5848c864d9832d42d3bd74bd343482650747d6eebbfb6e6","sha256:a3780efe0f3097328f4efa1fcdf0da2b73538d630f3020282dea6fda13264d96","sha256:ece5443c2fa8b1a60bf3de857c5e8c0f97298c23794a603dd3c14072f49334f2","sha256:b65512a72b111f35daeed09292cb9b37f206c8341f76e06d3b402ac7bf6d5837","sha256:ea39e5fb7be218aea5cd80ec2066a0f7e5480bfaa515061d46cc45d0f067790b","sha256:662334cc38d52b187b451460ab405d1f2539019458ea224bdbfa014b6feb4e31","sha256:90cf5d8b7fd5f45f5805158b8e7d72231f6c89a3b2a4dc8e72fae205e832abc7","sha256:5e95dc8e9d3019cc4694fe1b8082b9b96c4ecaf3e9a916491fea624734743cdb","sha256:76cb11ac99c4123765ca714e247f6f87b4f32543bfff51d6efb8b5564b256574"]},"Metadata":{"LastTagTime":"2025-05-01T17:44:01.461349581Z"}}[\n]"
10:24:01.903 [main] DEBUG com.github.dockerjava.zerodep.shaded.org.apache.hc.client5.http.wire -- http-outgoing-1 << "[\r][\n]"
10:24:01.903 [main] DEBUG com.github.dockerjava.zerodep.shaded.org.apache.hc.client5.http.wire -- http-outgoing-1 << "0[\r][\n]"
10:24:01.903 [main] DEBUG com.github.dockerjava.zerodep.shaded.org.apache.hc.client5.http.wire -- http-outgoing-1 << "[\r][\n]"
10:24:01.905 [main] DEBUG com.github.dockerjava.zerodep.shaded.org.apache.hc.client5.http.impl.classic.InternalHttpClient -- ep-0000000E: releasing valid endpoint
10:24:01.906 [main] DEBUG com.github.dockerjava.zerodep.shaded.org.apache.hc.client5.http.impl.io.PoolingHttpClientConnectionManager -- ep-0000000E: releasing endpoint
10:24:01.906 [main] DEBUG com.github.dockerjava.zerodep.shaded.org.apache.hc.client5.http.impl.io.PoolingHttpClientConnectionManager -- ep-0000000E: connection http-outgoing-1 can be kept alive for 3 MINUTES
10:24:01.906 [main] DEBUG com.github.dockerjava.zerodep.shaded.org.apache.hc.client5.http.impl.io.PoolingHttpClientConnectionManager -- ep-0000000E: connection released [route: {}->npipe://localhost:2375][total available: 1; route allocated: 1 of 2147483647; total allocated: 1 of 2147483647]
10:24:01.906 [main] DEBUG org.testcontainers.shaded.com.github.dockerjava.core.command.AbstrDockerCmd -- Cmd: 
10:24:01.906 [main] DEBUG com.github.dockerjava.zerodep.shaded.org.apache.hc.client5.http.impl.classic.InternalHttpClient -- ex-00000010: preparing request execution
10:24:01.906 [main] DEBUG com.github.dockerjava.zerodep.shaded.org.apache.hc.client5.http.protocol.RequestAddCookies -- Cookie spec selected: strict
10:24:01.906 [main] DEBUG com.github.dockerjava.zerodep.shaded.org.apache.hc.client5.http.protocol.RequestAuthCache -- Auth cache not set in the context
10:24:01.906 [main] DEBUG com.github.dockerjava.zerodep.shaded.org.apache.hc.client5.http.impl.classic.ProtocolExec -- ex-00000010: target auth state: UNCHALLENGED
10:24:01.906 [main] DEBUG com.github.dockerjava.zerodep.shaded.org.apache.hc.client5.http.impl.classic.ProtocolExec -- ex-00000010: proxy auth state: UNCHALLENGED
10:24:01.906 [main] DEBUG com.github.dockerjava.zerodep.shaded.org.apache.hc.client5.http.impl.classic.ConnectExec -- ex-00000010: acquiring connection with route {}->npipe://localhost:2375
10:24:01.906 [main] DEBUG com.github.dockerjava.zerodep.shaded.org.apache.hc.client5.http.impl.classic.InternalHttpClient -- ex-00000010: acquiring endpoint (3 MINUTES)
10:24:01.906 [main] DEBUG com.github.dockerjava.zerodep.shaded.org.apache.hc.client5.http.impl.io.PoolingHttpClientConnectionManager -- ex-00000010: endpoint lease request (3 MINUTES) [route: {}->npipe://localhost:2375][total available: 1; route allocated: 1 of 2147483647; total allocated: 1 of 2147483647]
10:24:01.906 [main] DEBUG com.github.dockerjava.zerodep.shaded.org.apache.hc.client5.http.impl.io.PoolingHttpClientConnectionManager -- ex-00000010: endpoint leased [route: {}->npipe://localhost:2375][total available: 0; route allocated: 1 of 2147483647; total allocated: 1 of 2147483647]
10:24:01.907 [main] DEBUG com.github.dockerjava.zerodep.shaded.org.apache.hc.client5.http.impl.io.PoolingHttpClientConnectionManager -- ex-00000010: acquired ep-0000000F
10:24:01.907 [main] DEBUG com.github.dockerjava.zerodep.shaded.org.apache.hc.client5.http.impl.classic.InternalHttpClient -- ex-00000010: acquired endpoint ep-0000000F
10:24:01.907 [main] DEBUG com.github.dockerjava.zerodep.shaded.org.apache.hc.client5.http.impl.classic.MainClientExec -- ex-00000010: executing GET /v1.32/version HTTP/1.1
10:24:01.907 [main] DEBUG com.github.dockerjava.zerodep.shaded.org.apache.hc.client5.http.impl.classic.InternalHttpClient -- ep-0000000F: start execution ex-00000010
10:24:01.907 [main] DEBUG com.github.dockerjava.zerodep.shaded.org.apache.hc.client5.http.impl.io.PoolingHttpClientConnectionManager -- ep-0000000F: executing exchange ex-00000010 over http-outgoing-1
10:24:01.907 [main] DEBUG com.github.dockerjava.zerodep.shaded.org.apache.hc.client5.http.headers -- http-outgoing-1 >> GET /v1.32/version HTTP/1.1
10:24:01.907 [main] DEBUG com.github.dockerjava.zerodep.shaded.org.apache.hc.client5.http.headers -- http-outgoing-1 >> accept: application/json
10:24:01.907 [main] DEBUG com.github.dockerjava.zerodep.shaded.org.apache.hc.client5.http.headers -- http-outgoing-1 >> x-tc-sid: ad01dab1-4b9b-4848-b723-5acec0598df9
10:24:01.907 [main] DEBUG com.github.dockerjava.zerodep.shaded.org.apache.hc.client5.http.headers -- http-outgoing-1 >> User-Agent: tc-java/1.19.3
10:24:01.907 [main] DEBUG com.github.dockerjava.zerodep.shaded.org.apache.hc.client5.http.headers -- http-outgoing-1 >> Accept-Encoding: gzip, x-gzip, deflate
10:24:01.907 [main] DEBUG com.github.dockerjava.zerodep.shaded.org.apache.hc.client5.http.headers -- http-outgoing-1 >> Host: localhost:2375
10:24:01.907 [main] DEBUG com.github.dockerjava.zerodep.shaded.org.apache.hc.client5.http.headers -- http-outgoing-1 >> Connection: keep-alive
10:24:01.907 [main] DEBUG com.github.dockerjava.zerodep.shaded.org.apache.hc.client5.http.wire -- http-outgoing-1 >> "GET /v1.32/version HTTP/1.1[\r][\n]"
10:24:01.907 [main] DEBUG com.github.dockerjava.zerodep.shaded.org.apache.hc.client5.http.wire -- http-outgoing-1 >> "accept: application/json[\r][\n]"
10:24:01.907 [main] DEBUG com.github.dockerjava.zerodep.shaded.org.apache.hc.client5.http.wire -- http-outgoing-1 >> "x-tc-sid: ad01dab1-4b9b-4848-b723-5acec0598df9[\r][\n]"
10:24:01.907 [main] DEBUG com.github.dockerjava.zerodep.shaded.org.apache.hc.client5.http.wire -- http-outgoing-1 >> "User-Agent: tc-java/1.19.3[\r][\n]"
10:24:01.907 [main] DEBUG com.github.dockerjava.zerodep.shaded.org.apache.hc.client5.http.wire -- http-outgoing-1 >> "Accept-Encoding: gzip, x-gzip, deflate[\r][\n]"
10:24:01.907 [main] DEBUG com.github.dockerjava.zerodep.shaded.org.apache.hc.client5.http.wire -- http-outgoing-1 >> "Host: localhost:2375[\r][\n]"
10:24:01.907 [main] DEBUG com.github.dockerjava.zerodep.shaded.org.apache.hc.client5.http.wire -- http-outgoing-1 >> "Connection: keep-alive[\r][\n]"
10:24:01.907 [main] DEBUG com.github.dockerjava.zerodep.shaded.org.apache.hc.client5.http.wire -- http-outgoing-1 >> "[\r][\n]"
10:24:01.920 [main] DEBUG com.github.dockerjava.zerodep.shaded.org.apache.hc.client5.http.wire -- http-outgoing-1 << "HTTP/1.1 200 OK[\r][\n]"
10:24:01.920 [main] DEBUG com.github.dockerjava.zerodep.shaded.org.apache.hc.client5.http.wire -- http-outgoing-1 << "Api-Version: 1.47[\r][\n]"
10:24:01.920 [main] DEBUG com.github.dockerjava.zerodep.shaded.org.apache.hc.client5.http.wire -- http-outgoing-1 << "Content-Type: application/json[\r][\n]"
10:24:01.920 [main] DEBUG com.github.dockerjava.zerodep.shaded.org.apache.hc.client5.http.wire -- http-outgoing-1 << "Date: Fri, 02 May 2025 08:24:01 GMT[\r][\n]"
10:24:01.920 [main] DEBUG com.github.dockerjava.zerodep.shaded.org.apache.hc.client5.http.wire -- http-outgoing-1 << "Docker-Experimental: false[\r][\n]"
10:24:01.920 [main] DEBUG com.github.dockerjava.zerodep.shaded.org.apache.hc.client5.http.wire -- http-outgoing-1 << "Ostype: linux[\r][\n]"
10:24:01.920 [main] DEBUG com.github.dockerjava.zerodep.shaded.org.apache.hc.client5.http.wire -- http-outgoing-1 << "Server: Docker/27.5.1 (linux)[\r][\n]"
10:24:01.920 [main] DEBUG com.github.dockerjava.zerodep.shaded.org.apache.hc.client5.http.wire -- http-outgoing-1 << "Transfer-Encoding: chunked[\r][\n]"
10:24:01.920 [main] DEBUG com.github.dockerjava.zerodep.shaded.org.apache.hc.client5.http.wire -- http-outgoing-1 << "[\r][\n]"
10:24:01.920 [main] DEBUG com.github.dockerjava.zerodep.shaded.org.apache.hc.client5.http.headers -- http-outgoing-1 << HTTP/1.1 200 OK
10:24:01.920 [main] DEBUG com.github.dockerjava.zerodep.shaded.org.apache.hc.client5.http.headers -- http-outgoing-1 << Api-Version: 1.47
10:24:01.920 [main] DEBUG com.github.dockerjava.zerodep.shaded.org.apache.hc.client5.http.headers -- http-outgoing-1 << Content-Type: application/json
10:24:01.920 [main] DEBUG com.github.dockerjava.zerodep.shaded.org.apache.hc.client5.http.headers -- http-outgoing-1 << Date: Fri, 02 May 2025 08:24:01 GMT
10:24:01.920 [main] DEBUG com.github.dockerjava.zerodep.shaded.org.apache.hc.client5.http.headers -- http-outgoing-1 << Docker-Experimental: false
10:24:01.920 [main] DEBUG com.github.dockerjava.zerodep.shaded.org.apache.hc.client5.http.headers -- http-outgoing-1 << Ostype: linux
10:24:01.920 [main] DEBUG com.github.dockerjava.zerodep.shaded.org.apache.hc.client5.http.headers -- http-outgoing-1 << Server: Docker/27.5.1 (linux)
10:24:01.920 [main] DEBUG com.github.dockerjava.zerodep.shaded.org.apache.hc.client5.http.headers -- http-outgoing-1 << Transfer-Encoding: chunked
10:24:01.920 [main] DEBUG com.github.dockerjava.zerodep.shaded.org.apache.hc.client5.http.impl.classic.MainClientExec -- ex-00000010: connection can be kept alive for 3 MINUTES
10:24:01.921 [main] DEBUG com.github.dockerjava.zerodep.shaded.org.apache.hc.client5.http.wire -- http-outgoing-1 << "362[\r][\n]"
10:24:01.921 [main] DEBUG com.github.dockerjava.zerodep.shaded.org.apache.hc.client5.http.wire -- http-outgoing-1 << "{"Platform":{"Name":"Docker Desktop 4.38.0 (181591)"},"Components":[{"Name":"Engine","Version":"27.5.1","Details":{"ApiVersion":"1.47","Arch":"amd64","BuildTime":"2025-01-22T13:41:17.000000000+00:00","Experimental":"false","GitCommit":"4c9b3b0","GoVersion":"go1.22.11","KernelVersion":"5.15.167.4-microsoft-standard-WSL2","MinAPIVersion":"1.24","Os":"linux"}},{"Name":"containerd","Version":"1.7.25","Details":{"GitCommit":"bcc810d6b9066471b0b6fa75f557a15a1cbf31bb"}},{"Name":"runc","Version":"1.1.12","Details":{"GitCommit":"v1.1.12-0-g51d5e946"}},{"Name":"docker-init","Version":"0.19.0","Details":{"GitCommit":"de40ad0"}}],"Version":"27.5.1","ApiVersion":"1.47","MinAPIVersion":"1.24","GitCommit":"4c9b3b0","GoVersion":"go1.22.11","Os":"linux","Arch":"amd64","KernelVersion":"5.15.167.4-microsoft-standard-WSL2","BuildTime":"2025-01-22T13:41:17.000000000+00:00"}[\n]"
10:24:01.921 [main] DEBUG com.github.dockerjava.zerodep.shaded.org.apache.hc.client5.http.wire -- http-outgoing-1 << "[\r][\n]"
10:24:01.921 [main] DEBUG com.github.dockerjava.zerodep.shaded.org.apache.hc.client5.http.wire -- http-outgoing-1 << "0[\r][\n]"
10:24:01.921 [main] DEBUG com.github.dockerjava.zerodep.shaded.org.apache.hc.client5.http.wire -- http-outgoing-1 << "[\r][\n]"
10:24:01.922 [main] DEBUG com.github.dockerjava.zerodep.shaded.org.apache.hc.client5.http.impl.classic.InternalHttpClient -- ep-0000000F: releasing valid endpoint
10:24:01.922 [main] DEBUG com.github.dockerjava.zerodep.shaded.org.apache.hc.client5.http.impl.io.PoolingHttpClientConnectionManager -- ep-0000000F: releasing endpoint
10:24:01.922 [main] DEBUG com.github.dockerjava.zerodep.shaded.org.apache.hc.client5.http.impl.io.PoolingHttpClientConnectionManager -- ep-0000000F: connection http-outgoing-1 can be kept alive for 3 MINUTES
10:24:01.922 [main] DEBUG com.github.dockerjava.zerodep.shaded.org.apache.hc.client5.http.impl.io.PoolingHttpClientConnectionManager -- ep-0000000F: connection released [route: {}->npipe://localhost:2375][total available: 1; route allocated: 1 of 2147483647; total allocated: 1 of 2147483647]
10:24:01.925 [docker-java-stream--1404822393] DEBUG com.github.dockerjava.zerodep.shaded.org.apache.hc.client5.http.impl.classic.InternalHttpClient -- ex-00000011: preparing request execution
10:24:01.925 [docker-java-stream--1404822393] DEBUG com.github.dockerjava.zerodep.shaded.org.apache.hc.client5.http.protocol.RequestAddCookies -- Cookie spec selected: strict
10:24:01.925 [docker-java-stream--1404822393] DEBUG com.github.dockerjava.zerodep.shaded.org.apache.hc.client5.http.protocol.RequestAuthCache -- Auth cache not set in the context
10:24:01.925 [docker-java-stream--1404822393] DEBUG com.github.dockerjava.zerodep.shaded.org.apache.hc.client5.http.impl.classic.ProtocolExec -- ex-00000011: target auth state: UNCHALLENGED
10:24:01.925 [docker-java-stream--1404822393] DEBUG com.github.dockerjava.zerodep.shaded.org.apache.hc.client5.http.impl.classic.ProtocolExec -- ex-00000011: proxy auth state: UNCHALLENGED
10:24:01.925 [docker-java-stream--1404822393] DEBUG com.github.dockerjava.zerodep.shaded.org.apache.hc.client5.http.impl.classic.ConnectExec -- ex-00000011: acquiring connection with route {}->npipe://localhost:2375
10:24:01.925 [docker-java-stream--1404822393] DEBUG com.github.dockerjava.zerodep.shaded.org.apache.hc.client5.http.impl.classic.InternalHttpClient -- ex-00000011: acquiring endpoint (3 MINUTES)
10:24:01.925 [docker-java-stream--1404822393] DEBUG com.github.dockerjava.zerodep.shaded.org.apache.hc.client5.http.impl.io.PoolingHttpClientConnectionManager -- ex-00000011: endpoint lease request (3 MINUTES) [route: {}->npipe://localhost:2375][total available: 1; route allocated: 1 of 2147483647; total allocated: 1 of 2147483647]
10:24:01.925 [docker-java-stream--1404822393] DEBUG com.github.dockerjava.zerodep.shaded.org.apache.hc.client5.http.impl.io.PoolingHttpClientConnectionManager -- ex-00000011: endpoint leased [route: {}->npipe://localhost:2375][total available: 0; route allocated: 1 of 2147483647; total allocated: 1 of 2147483647]
10:24:01.925 [docker-java-stream--1404822393] DEBUG com.github.dockerjava.zerodep.shaded.org.apache.hc.client5.http.impl.io.PoolingHttpClientConnectionManager -- ex-00000011: acquired ep-00000010
10:24:01.925 [docker-java-stream--1404822393] DEBUG com.github.dockerjava.zerodep.shaded.org.apache.hc.client5.http.impl.classic.InternalHttpClient -- ex-00000011: acquired endpoint ep-00000010
10:24:01.925 [docker-java-stream--1404822393] DEBUG com.github.dockerjava.zerodep.shaded.org.apache.hc.client5.http.impl.classic.MainClientExec -- ex-00000011: executing GET /v1.32/containers/48fa3645609f0a39f086f0188ca3d372a00357b73dbd322507ec2f3262211928/logs?stdout=true&stderr=true&follow=true&since=0 HTTP/1.1
10:24:01.925 [docker-java-stream--1404822393] DEBUG com.github.dockerjava.zerodep.shaded.org.apache.hc.client5.http.impl.classic.InternalHttpClient -- ep-00000010: start execution ex-00000011
10:24:01.925 [docker-java-stream--1404822393] DEBUG com.github.dockerjava.zerodep.shaded.org.apache.hc.client5.http.impl.io.PoolingHttpClientConnectionManager -- ep-00000010: executing exchange ex-00000011 over http-outgoing-1
10:24:01.925 [docker-java-stream--1404822393] DEBUG com.github.dockerjava.zerodep.shaded.org.apache.hc.client5.http.headers -- http-outgoing-1 >> GET /v1.32/containers/48fa3645609f0a39f086f0188ca3d372a00357b73dbd322507ec2f3262211928/logs?stdout=true&stderr=true&follow=true&since=0 HTTP/1.1
10:24:01.925 [docker-java-stream--1404822393] DEBUG com.github.dockerjava.zerodep.shaded.org.apache.hc.client5.http.headers -- http-outgoing-1 >> x-tc-sid: ad01dab1-4b9b-4848-b723-5acec0598df9
10:24:01.925 [docker-java-stream--1404822393] DEBUG com.github.dockerjava.zerodep.shaded.org.apache.hc.client5.http.headers -- http-outgoing-1 >> User-Agent: tc-java/1.19.3
10:24:01.925 [docker-java-stream--1404822393] DEBUG com.github.dockerjava.zerodep.shaded.org.apache.hc.client5.http.headers -- http-outgoing-1 >> Accept-Encoding: gzip, x-gzip, deflate
10:24:01.925 [docker-java-stream--1404822393] DEBUG com.github.dockerjava.zerodep.shaded.org.apache.hc.client5.http.headers -- http-outgoing-1 >> Host: localhost:2375
10:24:01.925 [docker-java-stream--1404822393] DEBUG com.github.dockerjava.zerodep.shaded.org.apache.hc.client5.http.headers -- http-outgoing-1 >> Connection: keep-alive
10:24:01.925 [docker-java-stream--1404822393] DEBUG com.github.dockerjava.zerodep.shaded.org.apache.hc.client5.http.wire -- http-outgoing-1 >> "GET /v1.32/containers/48fa3645609f0a39f086f0188ca3d372a00357b73dbd322507ec2f3262211928/logs?stdout=true&stderr=true&follow=true&since=0 HTTP/1.1[\r][\n]"
10:24:01.925 [docker-java-stream--1404822393] DEBUG com.github.dockerjava.zerodep.shaded.org.apache.hc.client5.http.wire -- http-outgoing-1 >> "x-tc-sid: ad01dab1-4b9b-4848-b723-5acec0598df9[\r][\n]"
10:24:01.925 [docker-java-stream--1404822393] DEBUG com.github.dockerjava.zerodep.shaded.org.apache.hc.client5.http.wire -- http-outgoing-1 >> "User-Agent: tc-java/1.19.3[\r][\n]"
10:24:01.925 [docker-java-stream--1404822393] DEBUG com.github.dockerjava.zerodep.shaded.org.apache.hc.client5.http.wire -- http-outgoing-1 >> "Accept-Encoding: gzip, x-gzip, deflate[\r][\n]"
10:24:01.925 [docker-java-stream--1404822393] DEBUG com.github.dockerjava.zerodep.shaded.org.apache.hc.client5.http.wire -- http-outgoing-1 >> "Host: localhost:2375[\r][\n]"
10:24:01.925 [docker-java-stream--1404822393] DEBUG com.github.dockerjava.zerodep.shaded.org.apache.hc.client5.http.wire -- http-outgoing-1 >> "Connection: keep-alive[\r][\n]"
10:24:01.925 [docker-java-stream--1404822393] DEBUG com.github.dockerjava.zerodep.shaded.org.apache.hc.client5.http.wire -- http-outgoing-1 >> "[\r][\n]"
10:24:01.930 [docker-java-stream--1404822393] DEBUG com.github.dockerjava.zerodep.shaded.org.apache.hc.client5.http.wire -- http-outgoing-1 << "HTTP/1.1 200 OK[\r][\n]"
10:24:01.930 [docker-java-stream--1404822393] DEBUG com.github.dockerjava.zerodep.shaded.org.apache.hc.client5.http.wire -- http-outgoing-1 << "Api-Version: 1.47[\r][\n]"
10:24:01.930 [docker-java-stream--1404822393] DEBUG com.github.dockerjava.zerodep.shaded.org.apache.hc.client5.http.wire -- http-outgoing-1 << "Content-Type: application/vnd.docker.raw-stream[\r][\n]"
10:24:01.930 [docker-java-stream--1404822393] DEBUG com.github.dockerjava.zerodep.shaded.org.apache.hc.client5.http.wire -- http-outgoing-1 << "Date: Fri, 02 May 2025 08:24:01 GMT[\r][\n]"
10:24:01.930 [docker-java-stream--1404822393] DEBUG com.github.dockerjava.zerodep.shaded.org.apache.hc.client5.http.wire -- http-outgoing-1 << "Docker-Experimental: false[\r][\n]"
10:24:01.930 [docker-java-stream--1404822393] DEBUG com.github.dockerjava.zerodep.shaded.org.apache.hc.client5.http.wire -- http-outgoing-1 << "Ostype: linux[\r][\n]"
10:24:01.930 [docker-java-stream--1404822393] DEBUG com.github.dockerjava.zerodep.shaded.org.apache.hc.client5.http.wire -- http-outgoing-1 << "Server: Docker/27.5.1 (linux)[\r][\n]"
10:24:01.930 [docker-java-stream--1404822393] DEBUG com.github.dockerjava.zerodep.shaded.org.apache.hc.client5.http.wire -- http-outgoing-1 << "Transfer-Encoding: chunked[\r][\n]"
10:24:01.930 [docker-java-stream--1404822393] DEBUG com.github.dockerjava.zerodep.shaded.org.apache.hc.client5.http.wire -- http-outgoing-1 << "[\r][\n]"
10:24:01.931 [docker-java-stream--1404822393] DEBUG com.github.dockerjava.zerodep.shaded.org.apache.hc.client5.http.headers -- http-outgoing-1 << HTTP/1.1 200 OK
10:24:01.931 [docker-java-stream--1404822393] DEBUG com.github.dockerjava.zerodep.shaded.org.apache.hc.client5.http.headers -- http-outgoing-1 << Api-Version: 1.47
10:24:01.931 [docker-java-stream--1404822393] DEBUG com.github.dockerjava.zerodep.shaded.org.apache.hc.client5.http.headers -- http-outgoing-1 << Content-Type: application/vnd.docker.raw-stream
10:24:01.931 [docker-java-stream--1404822393] DEBUG com.github.dockerjava.zerodep.shaded.org.apache.hc.client5.http.headers -- http-outgoing-1 << Date: Fri, 02 May 2025 08:24:01 GMT
10:24:01.931 [docker-java-stream--1404822393] DEBUG com.github.dockerjava.zerodep.shaded.org.apache.hc.client5.http.headers -- http-outgoing-1 << Docker-Experimental: false
10:24:01.931 [docker-java-stream--1404822393] DEBUG com.github.dockerjava.zerodep.shaded.org.apache.hc.client5.http.headers -- http-outgoing-1 << Ostype: linux
10:24:01.931 [docker-java-stream--1404822393] DEBUG com.github.dockerjava.zerodep.shaded.org.apache.hc.client5.http.headers -- http-outgoing-1 << Server: Docker/27.5.1 (linux)
10:24:01.931 [docker-java-stream--1404822393] DEBUG com.github.dockerjava.zerodep.shaded.org.apache.hc.client5.http.headers -- http-outgoing-1 << Transfer-Encoding: chunked
10:24:01.931 [docker-java-stream--1404822393] DEBUG com.github.dockerjava.zerodep.shaded.org.apache.hc.client5.http.impl.classic.MainClientExec -- ex-00000011: connection can be kept alive for 3 MINUTES
10:24:02.464 [docker-java-stream--1404822393] DEBUG com.github.dockerjava.zerodep.shaded.org.apache.hc.client5.http.wire -- http-outgoing-1 << "e4[\r][\n]"
10:24:02.464 [docker-java-stream--1404822393] DEBUG com.github.dockerjava.zerodep.shaded.org.apache.hc.client5.http.wire -- http-outgoing-1 << "[0x1][0x0][0x0][0x0][0x0][0x0][0x0]m2025-05-02 10:24:02,461 INFO Included extra file "/etc/supervisor/conf.d/chrome-cleanup.conf" during parsing[\n]"
10:24:02.464 [docker-java-stream--1404822393] DEBUG com.github.dockerjava.zerodep.shaded.org.apache.hc.client5.http.wire -- http-outgoing-1 << "[0x1][0x0][0x0][0x0][0x0][0x0][0x0]g2025-05-02 10:24:02,462 INFO Included extra file "/etc/supervisor/conf.d/selenium.conf" during parsing[\n]"
10:24:02.464 [docker-java-stream--1404822393] DEBUG com.github.dockerjava.zerodep.shaded.org.apache.hc.client5.http.wire -- http-outgoing-1 << "[\r][\n]"
10:24:02.465 [ducttape-0] DEBUG org.testcontainers.containers.output.WaitingConsumer -- STDOUT: 2025-05-02 10:24:02,461 INFO Included extra file "/etc/supervisor/conf.d/chrome-cleanup.conf" during parsing
10:24:02.465 [ducttape-0] DEBUG org.testcontainers.containers.output.WaitingConsumer -- STDOUT: 2025-05-02 10:24:02,462 INFO Included extra file "/etc/supervisor/conf.d/selenium.conf" during parsing
10:24:02.474 [docker-java-stream--1404822393] DEBUG com.github.dockerjava.zerodep.shaded.org.apache.hc.client5.http.wire -- http-outgoing-1 << "bc[\r][\n]"
10:24:02.474 [docker-java-stream--1404822393] DEBUG com.github.dockerjava.zerodep.shaded.org.apache.hc.client5.http.wire -- http-outgoing-1 << "[0x1][0x0][0x0][0x0][0x0][0x0][0x0]D2025-05-02 10:24:02,474 INFO RPC interface 'supervisor' initialized[\n]"
10:24:02.474 [docker-java-stream--1404822393] DEBUG com.github.dockerjava.zerodep.shaded.org.apache.hc.client5.http.wire -- http-outgoing-1 << "[0x1][0x0][0x0][0x0][0x0][0x0][0x0]h2025-05-02 10:24:02,474 CRIT Server 'unix_http_server' running without any HTTP authentication checking[\n]"
10:24:02.474 [docker-java-stream--1404822393] DEBUG com.github.dockerjava.zerodep.shaded.org.apache.hc.client5.http.wire -- http-outgoing-1 << "[\r][\n]"
10:24:02.476 [docker-java-stream--1404822393] DEBUG com.github.dockerjava.zerodep.shaded.org.apache.hc.client5.http.wire -- http-outgoing-1 << "44[\r][\n]"
10:24:02.476 [docker-java-stream--1404822393] DEBUG com.github.dockerjava.zerodep.shaded.org.apache.hc.client5.http.wire -- http-outgoing-1 << "[0x1][0x0][0x0][0x0][0x0][0x0][0x0]<2025-05-02 10:24:02,476 INFO supervisord started with pid 8[\n]"
10:24:02.476 [docker-java-stream--1404822393] DEBUG com.github.dockerjava.zerodep.shaded.org.apache.hc.client5.http.wire -- http-outgoing-1 << "[\r][\n]"
10:24:02.477 [ducttape-0] DEBUG org.testcontainers.containers.output.WaitingConsumer -- STDOUT: 2025-05-02 10:24:02,474 CRIT Server 'unix_http_server' running without any HTTP authentication checking
10:24:02.478 [ducttape-0] DEBUG org.testcontainers.containers.output.WaitingConsumer -- STDOUT: 2025-05-02 10:24:02,476 INFO supervisord started with pid 8
10:24:02.478 [ducttape-0] DEBUG org.testcontainers.containers.output.WaitingConsumer -- STDOUT: 2025-05-02 10:24:02,474 INFO RPC interface 'supervisor' initialized
10:24:03.483 [docker-java-stream--1404822393] DEBUG com.github.dockerjava.zerodep.shaded.org.apache.hc.client5.http.wire -- http-outgoing-1 << "40[\r][\n]"
10:24:03.484 [docker-java-stream--1404822393] DEBUG com.github.dockerjava.zerodep.shaded.org.apache.hc.client5.http.wire -- http-outgoing-1 << "[0x1][0x0][0x0][0x0][0x0][0x0][0x0]82025-05-02 10:24:03,482 INFO spawned: 'xvfb' with pid 9[\n]"
10:24:03.484 [docker-java-stream--1404822393] DEBUG com.github.dockerjava.zerodep.shaded.org.apache.hc.client5.http.wire -- http-outgoing-1 << "[\r][\n]"
10:24:03.487 [docker-java-stream--1404822393] DEBUG com.github.dockerjava.zerodep.shaded.org.apache.hc.client5.http.wire -- http-outgoing-1 << "40[\r][\n]"
10:24:03.487 [docker-java-stream--1404822393] DEBUG com.github.dockerjava.zerodep.shaded.org.apache.hc.client5.http.wire -- http-outgoing-1 << "[0x1][0x0][0x0][0x0][0x0][0x0][0x0]82025-05-02 10:24:03,486 INFO spawned: 'vnc' with pid 10[\n]"
10:24:03.487 [docker-java-stream--1404822393] DEBUG com.github.dockerjava.zerodep.shaded.org.apache.hc.client5.http.wire -- http-outgoing-1 << "[\r][\n]"
10:24:03.491 [ducttape-0] DEBUG org.testcontainers.containers.output.WaitingConsumer -- STDOUT: 2025-05-02 10:24:03,486 INFO spawned: 'vnc' with pid 10
10:24:03.491 [ducttape-0] DEBUG org.testcontainers.containers.output.WaitingConsumer -- STDOUT: 2025-05-02 10:24:03,482 INFO spawned: 'xvfb' with pid 9
10:24:03.504 [docker-java-stream--1404822393] DEBUG com.github.dockerjava.zerodep.shaded.org.apache.hc.client5.http.wire -- http-outgoing-1 << "42[\r][\n]"
10:24:03.504 [docker-java-stream--1404822393] DEBUG com.github.dockerjava.zerodep.shaded.org.apache.hc.client5.http.wire -- http-outgoing-1 << "[0x1][0x0][0x0][0x0][0x0][0x0][0x0]:2025-05-02 10:24:03,500 INFO spawned: 'novnc' with pid 11[\n]"
10:24:03.504 [docker-java-stream--1404822393] DEBUG com.github.dockerjava.zerodep.shaded.org.apache.hc.client5.http.wire -- http-outgoing-1 << "[\r][\n]"
10:24:03.506 [ducttape-0] DEBUG org.testcontainers.containers.output.WaitingConsumer -- STDOUT: 2025-05-02 10:24:03,500 INFO spawned: 'novnc' with pid 11
10:24:03.507 [docker-java-stream--1404822393] DEBUG com.github.dockerjava.zerodep.shaded.org.apache.hc.client5.http.wire -- http-outgoing-1 << "50[\r][\n]"
10:24:03.507 [docker-java-stream--1404822393] DEBUG com.github.dockerjava.zerodep.shaded.org.apache.hc.client5.http.wire -- http-outgoing-1 << "[0x1][0x0][0x0][0x0][0x0][0x0][0x0]H2025-05-02 10:24:03,505 INFO spawned: 'selenium-standalone' with pid 15[\n]"
10:24:03.507 [docker-java-stream--1404822393] DEBUG com.github.dockerjava.zerodep.shaded.org.apache.hc.client5.http.wire -- http-outgoing-1 << "[\r][\n]"
10:24:03.512 [docker-java-stream--1404822393] DEBUG com.github.dockerjava.zerodep.shaded.org.apache.hc.client5.http.wire -- http-outgoing-1 << "213[\r][\n]"
10:24:03.512 [docker-java-stream--1404822393] DEBUG com.github.dockerjava.zerodep.shaded.org.apache.hc.client5.http.wire -- http-outgoing-1 << "[0x1][0x0][0x0][0x0][0x0][0x0][0x0]y2025-05-02 10:24:03,511 INFO success: xvfb entered RUNNING state, process has stayed up for > than 0 seconds (startsecs)[\n]"
10:24:03.512 [docker-java-stream--1404822393] DEBUG com.github.dockerjava.zerodep.shaded.org.apache.hc.client5.http.wire -- http-outgoing-1 << "[0x1][0x0][0x0][0x0][0x0][0x0][0x0]x2025-05-02 10:24:03,511 INFO success: vnc entered RUNNING state, process has stayed up for > than 0 seconds (startsecs)[\n]"
10:24:03.512 [docker-java-stream--1404822393] DEBUG com.github.dockerjava.zerodep.shaded.org.apache.hc.client5.http.wire -- http-outgoing-1 << "[0x1][0x0][0x0][0x0][0x0][0x0][0x0]z2025-05-02 10:24:03,511 INFO success: novnc entered RUNNING state, process has stayed up for > than 0 seconds (startsecs)[\n]"
10:24:03.512 [docker-java-stream--1404822393] DEBUG com.github.dockerjava.zerodep.shaded.org.apache.hc.client5.http.wire -- http-outgoing-1 << "[0x1][0x0][0x0][0x0][0x0][0x0][0x0][0xffffff88]2025-05-02 10:24:03,511 INFO success: selenium-standalone entered RUNNING state, process has stayed up for > than 0 seconds (startsecs)[\n]"
10:24:03.512 [docker-java-stream--1404822393] DEBUG com.github.dockerjava.zerodep.shaded.org.apache.hc.client5.http.wire -- http-outgoing-1 << "[\r][\n]"
10:24:03.521 [ducttape-0] DEBUG org.testcontainers.containers.output.WaitingConsumer -- STDOUT: 2025-05-02 10:24:03,511 INFO success: selenium-standalone entered RUNNING state, process has stayed up for > than 0 seconds (startsecs)
10:24:03.522 [ducttape-0] DEBUG org.testcontainers.containers.output.WaitingConsumer -- STDOUT: 2025-05-02 10:24:03,511 INFO success: novnc entered RUNNING state, process has stayed up for > than 0 seconds (startsecs)
10:24:03.522 [ducttape-0] DEBUG org.testcontainers.containers.output.WaitingConsumer -- STDOUT: 2025-05-02 10:24:03,511 INFO success: vnc entered RUNNING state, process has stayed up for > than 0 seconds (startsecs)
10:24:03.522 [ducttape-0] DEBUG org.testcontainers.containers.output.WaitingConsumer -- STDOUT: 2025-05-02 10:24:03,511 INFO success: xvfb entered RUNNING state, process has stayed up for > than 0 seconds (startsecs)
10:24:03.522 [ducttape-0] DEBUG org.testcontainers.containers.output.WaitingConsumer -- STDOUT: 2025-05-02 10:24:03,505 INFO spawned: 'selenium-standalone' with pid 15
10:24:04.036 [docker-java-stream--1404822393] DEBUG com.github.dockerjava.zerodep.shaded.org.apache.hc.client5.http.wire -- http-outgoing-1 << "7e[\r][\n]"
10:24:04.036 [docker-java-stream--1404822393] DEBUG com.github.dockerjava.zerodep.shaded.org.apache.hc.client5.http.wire -- http-outgoing-1 << "[0x1][0x0][0x0][0x0][0x0][0x0][0x0]2Appending Selenium options: --heartbeat-period 30[\n]"
10:24:04.036 [docker-java-stream--1404822393] DEBUG com.github.dockerjava.zerodep.shaded.org.apache.hc.client5.http.wire -- http-outgoing-1 << "[0x1][0x0][0x0][0x0][0x0][0x0][0x0]<Appending Selenium options: --reject-unsupported-caps false[\n]"
10:24:04.036 [docker-java-stream--1404822393] DEBUG com.github.dockerjava.zerodep.shaded.org.apache.hc.client5.http.wire -- http-outgoing-1 << "[\r][\n]"
10:24:04.037 [ducttape-0] DEBUG org.testcontainers.containers.output.WaitingConsumer -- STDOUT: Appending Selenium options: --reject-unsupported-caps false
10:24:04.037 [ducttape-0] DEBUG org.testcontainers.containers.output.WaitingConsumer -- STDOUT: Appending Selenium options: --heartbeat-period 30
10:24:04.043 [docker-java-stream--1404822393] DEBUG com.github.dockerjava.zerodep.shaded.org.apache.hc.client5.http.wire -- http-outgoing-1 << "27[\r][\n]"
10:24:04.043 [docker-java-stream--1404822393] DEBUG com.github.dockerjava.zerodep.shaded.org.apache.hc.client5.http.wire -- http-outgoing-1 << "[0x1][0x0][0x0][0x0][0x0][0x0][0x0][0x1f]Setting up SE_NODE_GRID_URL...[\n]"
10:24:04.043 [docker-java-stream--1404822393] DEBUG com.github.dockerjava.zerodep.shaded.org.apache.hc.client5.http.wire -- http-outgoing-1 << "[\r][\n]"
10:24:04.050 [ducttape-0] DEBUG org.testcontainers.containers.output.WaitingConsumer -- STDOUT: Setting up SE_NODE_GRID_URL...
10:24:04.054 [docker-java-stream--1404822393] DEBUG com.github.dockerjava.zerodep.shaded.org.apache.hc.client5.http.wire -- http-outgoing-1 << "31[\r][\n]"
10:24:04.055 [docker-java-stream--1404822393] DEBUG com.github.dockerjava.zerodep.shaded.org.apache.hc.client5.http.wire -- http-outgoing-1 << "[0x1][0x0][0x0][0x0][0x0][0x0][0x0])Selenium Grid Standalone configuration: [\n]"
10:24:04.055 [docker-java-stream--1404822393] DEBUG com.github.dockerjava.zerodep.shaded.org.apache.hc.client5.http.wire -- http-outgoing-1 << "[\r][\n]"
10:24:04.056 [docker-java-stream--1404822393] DEBUG com.github.dockerjava.zerodep.shaded.org.apache.hc.client5.http.wire -- http-outgoing-1 << "245[\r][\n]"
10:24:04.056 [docker-java-stream--1404822393] DEBUG com.github.dockerjava.zerodep.shaded.org.apache.hc.client5.http.wire -- http-outgoing-1 << "[0x1][0x0][0x0][0x0][0x0][0x0][0x0][\n]"
10:24:04.056 [docker-java-stream--1404822393] DEBUG com.github.dockerjava.zerodep.shaded.org.apache.hc.client5.http.wire -- http-outgoing-1 << "[network][\n]"
10:24:04.056 [docker-java-stream--1404822393] DEBUG com.github.dockerjava.zerodep.shaded.org.apache.hc.client5.http.wire -- http-outgoing-1 << "[0x1][0x0][0x0][0x0][0x0][0x0][0x0][0x14]relax-checks = true[\n]"
10:24:04.056 [docker-java-stream--1404822393] DEBUG com.github.dockerjava.zerodep.shaded.org.apache.hc.client5.http.wire -- http-outgoing-1 << "[0x1][0x0][0x0][0x0][0x0][0x0][0x0][0x1][\n]"
10:24:04.056 [docker-java-stream--1404822393] DEBUG com.github.dockerjava.zerodep.shaded.org.apache.hc.client5.http.wire -- http-outgoing-1 << "[0x1][0x0][0x0][0x0][0x0][0x0][0x0][0x7][node][\n]"
10:24:04.056 [docker-java-stream--1404822393] DEBUG com.github.dockerjava.zerodep.shaded.org.apache.hc.client5.http.wire -- http-outgoing-1 << "[0x1][0x0][0x0][0x0][0x0][0x0][0x0][0x18]session-timeout = "300"[\n]"
10:24:04.056 [docker-java-stream--1404822393] DEBUG com.github.dockerjava.zerodep.shaded.org.apache.hc.client5.http.wire -- http-outgoing-1 << "[0x1][0x0][0x0][0x0][0x0][0x0][0x0][0x1e]override-max-sessions = false[\n]"
10:24:04.056 [docker-java-stream--1404822393] DEBUG com.github.dockerjava.zerodep.shaded.org.apache.hc.client5.http.wire -- http-outgoing-1 << "[0x1][0x0][0x0][0x0][0x0][0x0][0x0][0x17]detect-drivers = false[\n]"
10:24:04.056 [docker-java-stream--1404822393] DEBUG com.github.dockerjava.zerodep.shaded.org.apache.hc.client5.http.wire -- http-outgoing-1 << "[0x1][0x0][0x0][0x0][0x0][0x0][0x0][0x1e]drain-after-session-count = 0[\n]"
10:24:04.056 [docker-java-stream--1404822393] DEBUG com.github.dockerjava.zerodep.shaded.org.apache.hc.client5.http.wire -- http-outgoing-1 << "[0x1][0x0][0x0][0x0][0x0][0x0][0x0][0x11]max-sessions = 1[\n]"
10:24:04.056 [docker-java-stream--1404822393] DEBUG com.github.dockerjava.zerodep.shaded.org.apache.hc.client5.http.wire -- http-outgoing-1 << "[0x1][0x0][0x0][0x0][0x0][0x0][0x0][0x1][\n]"
10:24:04.056 [docker-java-stream--1404822393] DEBUG com.github.dockerjava.zerodep.shaded.org.apache.hc.client5.http.wire -- http-outgoing-1 << "[0x1][0x0][0x0][0x0][0x0][0x0][0x0][0x1e][[node.driver-configuration]][\n]"
10:24:04.056 [docker-java-stream--1404822393] DEBUG com.github.dockerjava.zerodep.shaded.org.apache.hc.client5.http.wire -- http-outgoing-1 << "[0x1][0x0][0x0][0x0][0x0][0x0][0x0][0x18]display-name = "chrome"[\n]"
10:24:04.056 [docker-java-stream--1404822393] DEBUG com.github.dockerjava.zerodep.shaded.org.apache.hc.client5.http.wire -- http-outgoing-1 << "[0x1][0x0][0x0][0x0][0x0][0x0][0x0][0xffffff99]stereotype = '{"browserName": "chrome", "browserVersion": "124.0", "platformName": "Linux", "goog:chromeOptions": {"binary": "/usr/bin/google-chrome"}}'[\n]"
10:24:04.056 [docker-java-stream--1404822393] DEBUG com.github.dockerjava.zerodep.shaded.org.apache.hc.client5.http.wire -- http-outgoing-1 << "[0x1][0x0][0x0][0x0][0x0][0x0][0x0][0x11]max-sessions = 1[\n]"
10:24:04.056 [docker-java-stream--1404822393] DEBUG com.github.dockerjava.zerodep.shaded.org.apache.hc.client5.http.wire -- http-outgoing-1 << "[0x1][0x0][0x0][0x0][0x0][0x0][0x0][0x1][\n]"
10:24:04.056 [docker-java-stream--1404822393] DEBUG com.github.dockerjava.zerodep.shaded.org.apache.hc.client5.http.wire -- http-outgoing-1 << "[0x1][0x0][0x0][0x0][0x0][0x0][0x0]%Starting Selenium Grid Standalone...[\n]"
10:24:04.056 [docker-java-stream--1404822393] DEBUG com.github.dockerjava.zerodep.shaded.org.apache.hc.client5.http.wire -- http-outgoing-1 << "[0x1][0x0][0x0][0x0][0x0][0x0][0x0][0x14]Tracing is disabled[\n]"
10:24:04.056 [docker-java-stream--1404822393] DEBUG com.github.dockerjava.zerodep.shaded.org.apache.hc.client5.http.wire -- http-outgoing-1 << "[\r][\n]"
10:24:04.065 [ducttape-0] DEBUG org.testcontainers.containers.output.WaitingConsumer -- STDOUT: Tracing is disabled
10:24:04.065 [ducttape-0] DEBUG org.testcontainers.containers.output.WaitingConsumer -- STDOUT: Starting Selenium Grid Standalone...
10:24:04.065 [ducttape-0] DEBUG org.testcontainers.containers.output.WaitingConsumer -- STDOUT: 
10:24:04.067 [ducttape-0] DEBUG org.testcontainers.containers.output.WaitingConsumer -- STDOUT: max-sessions = 1
10:24:04.067 [ducttape-0] DEBUG org.testcontainers.containers.output.WaitingConsumer -- STDOUT: stereotype = '{"browserName": "chrome", "browserVersion": "124.0", "platformName": "Linux", "goog:chromeOptions": {"binary": "/usr/bin/google-chrome"}}'
10:24:04.067 [ducttape-0] DEBUG org.testcontainers.containers.output.WaitingConsumer -- STDOUT: display-name = "chrome"
10:24:04.067 [ducttape-0] DEBUG org.testcontainers.containers.output.WaitingConsumer -- STDOUT: [[node.driver-configuration]]
10:24:04.067 [ducttape-0] DEBUG org.testcontainers.containers.output.WaitingConsumer -- STDOUT: 
10:24:04.067 [ducttape-0] DEBUG org.testcontainers.containers.output.WaitingConsumer -- STDOUT: max-sessions = 1
10:24:04.067 [ducttape-0] DEBUG org.testcontainers.containers.output.WaitingConsumer -- STDOUT: drain-after-session-count = 0
10:24:04.067 [ducttape-0] DEBUG org.testcontainers.containers.output.WaitingConsumer -- STDOUT: detect-drivers = false
10:24:04.067 [ducttape-0] DEBUG org.testcontainers.containers.output.WaitingConsumer -- STDOUT: override-max-sessions = false
10:24:04.067 [ducttape-0] DEBUG org.testcontainers.containers.output.WaitingConsumer -- STDOUT: session-timeout = "300"
10:24:04.067 [ducttape-0] DEBUG org.testcontainers.containers.output.WaitingConsumer -- STDOUT: [node]
10:24:04.067 [ducttape-0] DEBUG org.testcontainers.containers.output.WaitingConsumer -- STDOUT: 
10:24:04.067 [ducttape-0] DEBUG org.testcontainers.containers.output.WaitingConsumer -- STDOUT: relax-checks = true
10:24:04.067 [ducttape-0] DEBUG org.testcontainers.containers.output.WaitingConsumer -- STDOUT: [network]
10:24:04.069 [ducttape-0] DEBUG org.testcontainers.containers.output.WaitingConsumer -- STDOUT: Selenium Grid Standalone configuration: 
10:24:04.923 [docker-java-stream--1404822393] DEBUG com.github.dockerjava.zerodep.shaded.org.apache.hc.client5.http.wire -- http-outgoing-1 << "64[\r][\n]"
10:24:04.923 [docker-java-stream--1404822393] DEBUG com.github.dockerjava.zerodep.shaded.org.apache.hc.client5.http.wire -- http-outgoing-1 << "[0x1][0x0][0x0][0x0][0x0][0x0][0x0]\10:24:04.913 INFO [LoggingOptions.configureLogEncoding] - Using the system default encoding[\n]"
10:24:04.923 [docker-java-stream--1404822393] DEBUG com.github.dockerjava.zerodep.shaded.org.apache.hc.client5.http.wire -- http-outgoing-1 << "[\r][\n]"
10:24:04.924 [ducttape-0] DEBUG org.testcontainers.containers.output.WaitingConsumer -- STDOUT: 10:24:04.913 INFO [LoggingOptions.configureLogEncoding] - Using the system default encoding
10:24:04.928 [docker-java-stream--1404822393] DEBUG com.github.dockerjava.zerodep.shaded.org.apache.hc.client5.http.wire -- http-outgoing-1 << "5f[\r][\n]"
10:24:04.929 [docker-java-stream--1404822393] DEBUG com.github.dockerjava.zerodep.shaded.org.apache.hc.client5.http.wire -- http-outgoing-1 << "[0x1][0x0][0x0][0x0][0x0][0x0][0x0]W10:24:04.927 INFO [OpenTelemetryTracer.createTracer] - Using OpenTelemetry for tracing[\n]"
10:24:04.929 [docker-java-stream--1404822393] DEBUG com.github.dockerjava.zerodep.shaded.org.apache.hc.client5.http.wire -- http-outgoing-1 << "[\r][\n]"
10:24:04.935 [ducttape-0] DEBUG org.testcontainers.containers.output.WaitingConsumer -- STDOUT: 10:24:04.927 INFO [OpenTelemetryTracer.createTracer] - Using OpenTelemetry for tracing
10:24:06.028 [docker-java-stream--1404822393] DEBUG com.github.dockerjava.zerodep.shaded.org.apache.hc.client5.http.wire -- http-outgoing-1 << "5e[\r][\n]"
10:24:06.028 [docker-java-stream--1404822393] DEBUG com.github.dockerjava.zerodep.shaded.org.apache.hc.client5.http.wire -- http-outgoing-1 << "[0x1][0x0][0x0][0x0][0x0][0x0][0x0]V10:24:06.025 INFO [NodeOptions.getSessionFactories] - Detected 8 available processors[\n]"
10:24:06.028 [docker-java-stream--1404822393] DEBUG com.github.dockerjava.zerodep.shaded.org.apache.hc.client5.http.wire -- http-outgoing-1 << "[\r][\n]"
10:24:06.028 [ducttape-0] DEBUG org.testcontainers.containers.output.WaitingConsumer -- STDOUT: 10:24:06.025 INFO [NodeOptions.getSessionFactories] - Detected 8 available processors
10:24:06.087 [docker-java-stream--1404822393] DEBUG com.github.dockerjava.zerodep.shaded.org.apache.hc.client5.http.wire -- http-outgoing-1 << "10c[\r][\n]"
10:24:06.087 [docker-java-stream--1404822393] DEBUG com.github.dockerjava.zerodep.shaded.org.apache.hc.client5.http.wire -- http-outgoing-1 << "[0x1][0x0][0x0][0x0][0x0][0x0][0x1][0x4]10:24:06.086 INFO [NodeOptions.report] - Adding chrome for {"browserName": "chrome","browserVersion": "124.0","goog:chromeOptions": {"binary": "\u002fusr\u002fbin\u002fgoogle-chrome"},"platformName": "linux","se:noVncPort": 7900,"se:vncEnabled": true} 1 times[\n]"
10:24:06.087 [docker-java-stream--1404822393] DEBUG com.github.dockerjava.zerodep.shaded.org.apache.hc.client5.http.wire -- http-outgoing-1 << "[\r][\n]"
10:24:06.088 [ducttape-0] DEBUG org.testcontainers.containers.output.WaitingConsumer -- STDOUT: 10:24:06.086 INFO [NodeOptions.report] - Adding chrome for {"browserName": "chrome","browserVersion": "124.0","goog:chromeOptions": {"binary": "\u002fusr\u002fbin\u002fgoogle-chrome"},"platformName": "linux","se:noVncPort": 7900,"se:vncEnabled": true} 1 times
10:24:06.127 [docker-java-stream--1404822393] DEBUG com.github.dockerjava.zerodep.shaded.org.apache.hc.client5.http.wire -- http-outgoing-1 << "5a[\r][\n]"
10:24:06.128 [docker-java-stream--1404822393] DEBUG com.github.dockerjava.zerodep.shaded.org.apache.hc.client5.http.wire -- http-outgoing-1 << "[0x1][0x0][0x0][0x0][0x0][0x0][0x0]R10:24:06.126 INFO [Node.<init>] - Binding additional locator mechanisms: relative[\n]"
10:24:06.128 [docker-java-stream--1404822393] DEBUG com.github.dockerjava.zerodep.shaded.org.apache.hc.client5.http.wire -- http-outgoing-1 << "[\r][\n]"
10:24:06.128 [ducttape-0] DEBUG org.testcontainers.containers.output.WaitingConsumer -- STDOUT: 10:24:06.126 INFO [Node.<init>] - Binding additional locator mechanisms: relative
10:24:06.158 [docker-java-stream--1404822393] DEBUG com.github.dockerjava.zerodep.shaded.org.apache.hc.client5.http.wire -- http-outgoing-1 << "130[\r][\n]"
10:24:06.158 [docker-java-stream--1404822393] DEBUG com.github.dockerjava.zerodep.shaded.org.apache.hc.client5.http.wire -- http-outgoing-1 << "[0x1][0x0][0x0][0x0][0x0][0x0][0x0][0xffffff92]10:24:06.157 INFO [GridModel.setAvailability] - Switching Node b10c23ff-b267-4b58-a2e1-708af4bcda52 (uri: http://172.19.0.2:4444) from DOWN to UP[\n]"
10:24:06.158 [docker-java-stream--1404822393] DEBUG com.github.dockerjava.zerodep.shaded.org.apache.hc.client5.http.wire -- http-outgoing-1 << "[0x1][0x0][0x0][0x0][0x0][0x0][0x0][0xffffff8e]10:24:06.158 INFO [LocalDistributor.add] - Added node b10c23ff-b267-4b58-a2e1-708af4bcda52 at http://172.19.0.2:4444. Health check every 120s[\n]"
10:24:06.158 [docker-java-stream--1404822393] DEBUG com.github.dockerjava.zerodep.shaded.org.apache.hc.client5.http.wire -- http-outgoing-1 << "[\r][\n]"
10:24:06.158 [ducttape-0] DEBUG org.testcontainers.containers.output.WaitingConsumer -- STDOUT: 10:24:06.157 INFO [GridModel.setAvailability] - Switching Node b10c23ff-b267-4b58-a2e1-708af4bcda52 (uri: http://172.19.0.2:4444) from DOWN to UP
10:24:06.159 [ducttape-0] DEBUG org.testcontainers.containers.output.WaitingConsumer -- STDOUT: 10:24:06.158 INFO [LocalDistributor.add] - Added node b10c23ff-b267-4b58-a2e1-708af4bcda52 at http://172.19.0.2:4444. Health check every 120s
10:24:06.372 [docker-java-stream--1404822393] DEBUG com.github.dockerjava.zerodep.shaded.org.apache.hc.client5.http.wire -- http-outgoing-1 << "82[\r][\n]"
10:24:06.372 [docker-java-stream--1404822393] DEBUG com.github.dockerjava.zerodep.shaded.org.apache.hc.client5.http.wire -- http-outgoing-1 << "[0x1][0x0][0x0][0x0][0x0][0x0][0x0]z10:24:06.371 INFO [Standalone.execute] - Started Selenium Standalone 4.20.0 (revision 866c76ca80): http://172.19.0.2:4444[\n]"
10:24:06.372 [docker-java-stream--1404822393] DEBUG com.github.dockerjava.zerodep.shaded.org.apache.hc.client5.http.wire -- http-outgoing-1 << "[\r][\n]"
10:24:06.372 [ducttape-0] DEBUG org.testcontainers.containers.output.WaitingConsumer -- STDOUT: 10:24:06.371 INFO [Standalone.execute] - Started Selenium Standalone 4.20.0 (revision 866c76ca80): http://172.19.0.2:4444
10:24:06.373 [ducttape-0] DEBUG com.github.dockerjava.zerodep.shaded.org.apache.hc.client5.http.impl.classic.InternalHttpClient -- ep-00000010: cancel
10:24:06.373 [ducttape-0] DEBUG com.github.dockerjava.zerodep.shaded.org.apache.hc.client5.http.impl.io.DefaultManagedHttpClientConnection -- http-outgoing-1: close connection IMMEDIATE
10:24:06.373 [ducttape-0] DEBUG com.github.dockerjava.zerodep.shaded.org.apache.hc.client5.http.impl.classic.InternalHttpClient -- ep-00000010: endpoint closed
10:24:06.373 [ducttape-0] DEBUG com.github.dockerjava.zerodep.shaded.org.apache.hc.client5.http.impl.classic.InternalHttpClient -- ep-00000010: discarding endpoint
10:24:06.373 [ducttape-0] DEBUG com.github.dockerjava.zerodep.shaded.org.apache.hc.client5.http.impl.io.PoolingHttpClientConnectionManager -- ep-00000010: releasing endpoint
10:24:06.373 [docker-java-stream--1404822393] DEBUG com.github.dockerjava.zerodep.shaded.org.apache.hc.client5.http.wire -- http-outgoing-1 << "end of stream"
10:24:06.373 [ducttape-0] DEBUG com.github.dockerjava.zerodep.shaded.org.apache.hc.client5.http.impl.io.PoolingHttpClientConnectionManager -- ep-00000010: connection is not kept alive
10:24:06.373 [ducttape-0] DEBUG com.github.dockerjava.zerodep.shaded.org.apache.hc.client5.http.impl.io.PoolingHttpClientConnectionManager -- ep-00000010: connection released [route: {}->npipe://localhost:2375][total available: 0; route allocated: 0 of 2147483647; total allocated: 0 of 2147483647]
10:24:06.374 [docker-java-stream--1404822393] DEBUG com.github.dockerjava.zerodep.shaded.org.apache.hc.client5.http.wire -- http-outgoing-1 << "[read] I/O error: java.nio.channels.ClosedChannelException"
10:24:06.374 [ducttape-0] DEBUG com.github.dockerjava.zerodep.shaded.org.apache.hc.client5.http.wire -- http-outgoing-1 << "[read] I/O error: java.nio.channels.ClosedChannelException"
10:24:06.374 [docker-java-stream--1404822393] DEBUG com.github.dockerjava.zerodep.ApacheDockerHttpClientImpl$ApacheResponse -- Failed to close the response
java.io.IOException: java.nio.channels.ClosedChannelException
	at java.base/java.nio.channels.Channels$1.read(Channels.java:166)
	at com.github.dockerjava.zerodep.shaded.org.apache.hc.client5.http.impl.io.LoggingInputStream.read(LoggingInputStream.java:81)
	at com.github.dockerjava.zerodep.shaded.org.apache.hc.core5.http.impl.io.SessionInputBufferImpl.fillBuffer(SessionInputBufferImpl.java:149)
	at com.github.dockerjava.zerodep.shaded.org.apache.hc.core5.http.impl.io.SessionInputBufferImpl.readLine(SessionInputBufferImpl.java:280)
	at com.github.dockerjava.zerodep.shaded.org.apache.hc.core5.http.impl.io.ChunkedInputStream.getChunkSize(ChunkedInputStream.java:261)
	at com.github.dockerjava.zerodep.shaded.org.apache.hc.core5.http.impl.io.ChunkedInputStream.nextChunk(ChunkedInputStream.java:222)
	at com.github.dockerjava.zerodep.shaded.org.apache.hc.core5.http.impl.io.ChunkedInputStream.read(ChunkedInputStream.java:147)
	at com.github.dockerjava.zerodep.shaded.org.apache.hc.core5.http.impl.io.ChunkedInputStream.close(ChunkedInputStream.java:314)
	at com.github.dockerjava.zerodep.shaded.org.apache.hc.core5.io.Closer.close(Closer.java:48)
	at com.github.dockerjava.zerodep.shaded.org.apache.hc.core5.http.impl.io.IncomingHttpEntity.close(IncomingHttpEntity.java:111)
	at com.github.dockerjava.zerodep.shaded.org.apache.hc.core5.http.io.entity.HttpEntityWrapper.close(HttpEntityWrapper.java:120)
	at com.github.dockerjava.zerodep.shaded.org.apache.hc.core5.io.Closer.close(Closer.java:48)
	at com.github.dockerjava.zerodep.shaded.org.apache.hc.core5.http.message.BasicClassicHttpResponse.close(BasicClassicHttpResponse.java:93)
	at com.github.dockerjava.zerodep.shaded.org.apache.hc.client5.http.impl.classic.CloseableHttpResponse.close(CloseableHttpResponse.java:200)
	at com.github.dockerjava.zerodep.ApacheDockerHttpClientImpl$ApacheResponse.close(ApacheDockerHttpClientImpl.java:256)
	at org.testcontainers.shaded.com.github.dockerjava.core.DefaultInvocationBuilder.lambda$executeAndStream$1(DefaultInvocationBuilder.java:277)
	at java.base/java.lang.Thread.run(Thread.java:1583)
Caused by: java.nio.channels.ClosedChannelException: null
	at java.base/sun.nio.ch.WindowsAsynchronousFileChannelImpl.implRead(WindowsAsynchronousFileChannelImpl.java:521)
	at java.base/sun.nio.ch.AsynchronousFileChannelImpl.read(AsynchronousFileChannelImpl.java:229)
	at com.github.dockerjava.transport.NamedPipeSocket$AsynchronousFileByteChannel.read(NamedPipeSocket.java:117)
	at java.base/java.nio.channels.Channels$1.read(Channels.java:164)
	... 16 common frames omitted
10:24:06.374 [ducttape-0] DEBUG com.github.dockerjava.zerodep.ApacheDockerHttpClientImpl$ApacheResponse -- Failed to close the response
java.io.IOException: java.nio.channels.ClosedChannelException
	at java.base/java.nio.channels.Channels$1.read(Channels.java:166)
	at com.github.dockerjava.zerodep.shaded.org.apache.hc.client5.http.impl.io.LoggingInputStream.read(LoggingInputStream.java:81)
	at com.github.dockerjava.zerodep.shaded.org.apache.hc.core5.http.impl.io.SessionInputBufferImpl.fillBuffer(SessionInputBufferImpl.java:149)
	at com.github.dockerjava.zerodep.shaded.org.apache.hc.core5.http.impl.io.SessionInputBufferImpl.readLine(SessionInputBufferImpl.java:280)
	at com.github.dockerjava.zerodep.shaded.org.apache.hc.core5.http.impl.io.ChunkedInputStream.getChunkSize(ChunkedInputStream.java:261)
	at com.github.dockerjava.zerodep.shaded.org.apache.hc.core5.http.impl.io.ChunkedInputStream.nextChunk(ChunkedInputStream.java:222)
	at com.github.dockerjava.zerodep.shaded.org.apache.hc.core5.http.impl.io.ChunkedInputStream.read(ChunkedInputStream.java:147)
	at com.github.dockerjava.zerodep.shaded.org.apache.hc.core5.http.impl.io.ChunkedInputStream.close(ChunkedInputStream.java:314)
	at com.github.dockerjava.zerodep.shaded.org.apache.hc.core5.io.Closer.close(Closer.java:48)
	at com.github.dockerjava.zerodep.shaded.org.apache.hc.core5.http.impl.io.IncomingHttpEntity.close(IncomingHttpEntity.java:111)
	at com.github.dockerjava.zerodep.shaded.org.apache.hc.core5.http.io.entity.HttpEntityWrapper.close(HttpEntityWrapper.java:120)
	at com.github.dockerjava.zerodep.shaded.org.apache.hc.core5.io.Closer.close(Closer.java:48)
	at com.github.dockerjava.zerodep.shaded.org.apache.hc.core5.http.message.BasicClassicHttpResponse.close(BasicClassicHttpResponse.java:93)
	at com.github.dockerjava.zerodep.shaded.org.apache.hc.client5.http.impl.classic.CloseableHttpResponse.close(CloseableHttpResponse.java:200)
	at com.github.dockerjava.zerodep.ApacheDockerHttpClientImpl$ApacheResponse.close(ApacheDockerHttpClientImpl.java:256)
	at org.testcontainers.shaded.com.github.dockerjava.core.DefaultInvocationBuilder.lambda$null$0(DefaultInvocationBuilder.java:272)
	at com.github.dockerjava.api.async.ResultCallbackTemplate.close(ResultCallbackTemplate.java:77)
	at org.testcontainers.containers.output.FrameConsumerResultCallback.close(FrameConsumerResultCallback.java:69)
	at org.testcontainers.containers.wait.strategy.LogMessageWaitStrategy.waitUntilReady(LogMessageWaitStrategy.java:49)
	at org.testcontainers.containers.wait.strategy.AbstractWaitStrategy.waitUntilReady(AbstractWaitStrategy.java:52)
	at org.testcontainers.containers.wait.strategy.WaitAllStrategy.waitUntilNestedStrategiesAreReady(WaitAllStrategy.java:66)
	at org.testcontainers.containers.wait.strategy.WaitAllStrategy.lambda$waitUntilReady$0(WaitAllStrategy.java:58)
	at java.base/java.util.concurrent.Executors$RunnableAdapter.call(Executors.java:572)
	at java.base/java.util.concurrent.FutureTask.run(FutureTask.java:317)
	at java.base/java.util.concurrent.ThreadPoolExecutor.runWorker(ThreadPoolExecutor.java:1144)
	at java.base/java.util.concurrent.ThreadPoolExecutor$Worker.run(ThreadPoolExecutor.java:642)
	at java.base/java.lang.Thread.run(Thread.java:1583)
Caused by: java.nio.channels.ClosedChannelException: null
	at java.base/sun.nio.ch.WindowsAsynchronousFileChannelImpl.implRead(WindowsAsynchronousFileChannelImpl.java:521)
	at java.base/sun.nio.ch.AsynchronousFileChannelImpl.read(AsynchronousFileChannelImpl.java:229)
	at com.github.dockerjava.transport.NamedPipeSocket$AsynchronousFileByteChannel.read(NamedPipeSocket.java:117)
	at java.base/java.nio.channels.Channels$1.read(Channels.java:164)
	... 26 common frames omitted
10:24:06.386 [testcontainers-wait-0] DEBUG org.testcontainers.containers.ExecInContainerPattern -- /upbeat_diffie: Running "exec" command: /bin/sh -c while true; do ( true  &&  (grep -i ':0*115c' /proc/net/tcp* || nc -vz -w 1 localhost 4444 || /bin/bash -c '</dev/tcp/localhost/4444') &&  (grep -i ':0*170c' /proc/net/tcp* || nc -vz -w 1 localhost 5900 || /bin/bash -c '</dev/tcp/localhost/5900') ) && exit 0 || sleep 0.1; done
10:24:06.387 [testcontainers-wait-1] DEBUG org.testcontainers.shaded.com.github.dockerjava.core.command.AbstrDockerCmd -- Cmd: 48fa3645609f0a39f086f0188ca3d372a00357b73dbd322507ec2f3262211928,false
10:24:06.388 [testcontainers-wait-1] DEBUG org.testcontainers.shaded.com.github.dockerjava.core.exec.InspectContainerCmdExec -- GET: DefaultWebTarget{path=[/containers/48fa3645609f0a39f086f0188ca3d372a00357b73dbd322507ec2f3262211928/json], queryParams={}}
10:24:06.389 [testcontainers-wait-1] DEBUG com.github.dockerjava.zerodep.shaded.org.apache.hc.client5.http.impl.classic.InternalHttpClient -- ex-00000012: preparing request execution
10:24:06.390 [testcontainers-wait-1] DEBUG com.github.dockerjava.zerodep.shaded.org.apache.hc.client5.http.protocol.RequestAddCookies -- Cookie spec selected: strict
10:24:06.390 [testcontainers-wait-1] DEBUG com.github.dockerjava.zerodep.shaded.org.apache.hc.client5.http.protocol.RequestAuthCache -- Auth cache not set in the context
10:24:06.390 [testcontainers-wait-1] DEBUG com.github.dockerjava.zerodep.shaded.org.apache.hc.client5.http.impl.classic.ProtocolExec -- ex-00000012: target auth state: UNCHALLENGED
10:24:06.390 [testcontainers-wait-1] DEBUG com.github.dockerjava.zerodep.shaded.org.apache.hc.client5.http.impl.classic.ProtocolExec -- ex-00000012: proxy auth state: UNCHALLENGED
10:24:06.390 [testcontainers-wait-1] DEBUG com.github.dockerjava.zerodep.shaded.org.apache.hc.client5.http.impl.classic.ConnectExec -- ex-00000012: acquiring connection with route {}->npipe://localhost:2375
10:24:06.390 [testcontainers-wait-1] DEBUG com.github.dockerjava.zerodep.shaded.org.apache.hc.client5.http.impl.classic.InternalHttpClient -- ex-00000012: acquiring endpoint (3 MINUTES)
10:24:06.390 [testcontainers-wait-1] DEBUG com.github.dockerjava.zerodep.shaded.org.apache.hc.client5.http.impl.io.PoolingHttpClientConnectionManager -- ex-00000012: endpoint lease request (3 MINUTES) [route: {}->npipe://localhost:2375][total available: 0; route allocated: 0 of 2147483647; total allocated: 0 of 2147483647]
10:24:06.390 [testcontainers-wait-1] DEBUG com.github.dockerjava.zerodep.shaded.org.apache.hc.client5.http.impl.io.PoolingHttpClientConnectionManager -- ex-00000012: endpoint leased [route: {}->npipe://localhost:2375][total available: 0; route allocated: 1 of 2147483647; total allocated: 1 of 2147483647]
10:24:06.391 [testcontainers-wait-1] DEBUG com.github.dockerjava.zerodep.shaded.org.apache.hc.client5.http.impl.io.PoolingHttpClientConnectionManager -- ex-00000012: acquired ep-00000011
10:24:06.391 [testcontainers-wait-1] DEBUG com.github.dockerjava.zerodep.shaded.org.apache.hc.client5.http.impl.classic.InternalHttpClient -- ex-00000012: acquired endpoint ep-00000011
10:24:06.391 [testcontainers-wait-1] DEBUG com.github.dockerjava.zerodep.shaded.org.apache.hc.client5.http.impl.classic.ConnectExec -- ex-00000012: opening connection {}->npipe://localhost:2375
10:24:06.389 [testcontainers-wait-0] DEBUG org.testcontainers.shaded.com.github.dockerjava.core.command.AbstrDockerCmd -- Cmd: true,<null>,true,{/bin/sh,-c,while true; do ( true  &&  (grep -i ':0*115c' /proc/net/tcp* || nc -vz -w 1 localhost 4444 || /bin/bash -c '</dev/tcp/localhost/4444') &&  (grep -i ':0*170c' /proc/net/tcp* || nc -vz -w 1 localhost 5900 || /bin/bash -c '</dev/tcp/localhost/5900') ) && exit 0 || sleep 0.1; done},48fa3645609f0a39f086f0188ca3d372a00357b73dbd322507ec2f3262211928,<null>,<null>,<null>,<null>,<null>
10:24:06.391 [testcontainers-wait-1] DEBUG com.github.dockerjava.zerodep.shaded.org.apache.hc.client5.http.impl.classic.InternalHttpClient -- ep-00000011: connecting endpoint (3 MINUTES)
10:24:06.391 [testcontainers-wait-1] DEBUG com.github.dockerjava.zerodep.shaded.org.apache.hc.client5.http.impl.io.PoolingHttpClientConnectionManager -- ep-00000011: connecting endpoint to npipe://localhost:2375 (3 MINUTES)
10:24:06.392 [testcontainers-wait-1] DEBUG com.github.dockerjava.zerodep.shaded.org.apache.hc.client5.http.impl.io.DefaultHttpClientConnectionOperator -- http-outgoing-2: connecting to localhost/127.0.0.1:2375
10:24:06.393 [testcontainers-wait-1] DEBUG com.github.dockerjava.zerodep.shaded.org.apache.hc.client5.http.impl.io.DefaultHttpClientConnectionOperator -- http-outgoing-2: connection established 
10:24:06.393 [testcontainers-wait-1] DEBUG com.github.dockerjava.zerodep.shaded.org.apache.hc.client5.http.impl.io.PoolingHttpClientConnectionManager -- ep-00000011: connected http-outgoing-2
10:24:06.393 [testcontainers-wait-1] DEBUG com.github.dockerjava.zerodep.shaded.org.apache.hc.client5.http.impl.classic.InternalHttpClient -- ep-00000011: endpoint connected
10:24:06.393 [testcontainers-wait-1] DEBUG com.github.dockerjava.zerodep.shaded.org.apache.hc.client5.http.impl.classic.MainClientExec -- ex-00000012: executing GET /v1.32/containers/48fa3645609f0a39f086f0188ca3d372a00357b73dbd322507ec2f3262211928/json HTTP/1.1
10:24:06.393 [testcontainers-wait-1] DEBUG com.github.dockerjava.zerodep.shaded.org.apache.hc.client5.http.impl.classic.InternalHttpClient -- ep-00000011: start execution ex-00000012
10:24:06.393 [testcontainers-wait-1] DEBUG com.github.dockerjava.zerodep.shaded.org.apache.hc.client5.http.impl.io.PoolingHttpClientConnectionManager -- ep-00000011: executing exchange ex-00000012 over http-outgoing-2
10:24:06.393 [testcontainers-wait-1] DEBUG com.github.dockerjava.zerodep.shaded.org.apache.hc.client5.http.headers -- http-outgoing-2 >> GET /v1.32/containers/48fa3645609f0a39f086f0188ca3d372a00357b73dbd322507ec2f3262211928/json HTTP/1.1
10:24:06.393 [testcontainers-wait-1] DEBUG com.github.dockerjava.zerodep.shaded.org.apache.hc.client5.http.headers -- http-outgoing-2 >> accept: application/json
10:24:06.393 [testcontainers-wait-1] DEBUG com.github.dockerjava.zerodep.shaded.org.apache.hc.client5.http.headers -- http-outgoing-2 >> x-tc-sid: ad01dab1-4b9b-4848-b723-5acec0598df9
10:24:06.393 [testcontainers-wait-1] DEBUG com.github.dockerjava.zerodep.shaded.org.apache.hc.client5.http.headers -- http-outgoing-2 >> User-Agent: tc-java/1.19.3
10:24:06.393 [testcontainers-wait-1] DEBUG com.github.dockerjava.zerodep.shaded.org.apache.hc.client5.http.headers -- http-outgoing-2 >> Accept-Encoding: gzip, x-gzip, deflate
10:24:06.393 [testcontainers-wait-1] DEBUG com.github.dockerjava.zerodep.shaded.org.apache.hc.client5.http.headers -- http-outgoing-2 >> Host: localhost:2375
10:24:06.393 [testcontainers-wait-1] DEBUG com.github.dockerjava.zerodep.shaded.org.apache.hc.client5.http.headers -- http-outgoing-2 >> Connection: keep-alive
10:24:06.393 [testcontainers-wait-1] DEBUG com.github.dockerjava.zerodep.shaded.org.apache.hc.client5.http.wire -- http-outgoing-2 >> "GET /v1.32/containers/48fa3645609f0a39f086f0188ca3d372a00357b73dbd322507ec2f3262211928/json HTTP/1.1[\r][\n]"
10:24:06.393 [testcontainers-wait-1] DEBUG com.github.dockerjava.zerodep.shaded.org.apache.hc.client5.http.wire -- http-outgoing-2 >> "accept: application/json[\r][\n]"
10:24:06.393 [testcontainers-wait-1] DEBUG com.github.dockerjava.zerodep.shaded.org.apache.hc.client5.http.wire -- http-outgoing-2 >> "x-tc-sid: ad01dab1-4b9b-4848-b723-5acec0598df9[\r][\n]"
10:24:06.393 [testcontainers-wait-1] DEBUG com.github.dockerjava.zerodep.shaded.org.apache.hc.client5.http.wire -- http-outgoing-2 >> "User-Agent: tc-java/1.19.3[\r][\n]"
10:24:06.393 [testcontainers-wait-1] DEBUG com.github.dockerjava.zerodep.shaded.org.apache.hc.client5.http.wire -- http-outgoing-2 >> "Accept-Encoding: gzip, x-gzip, deflate[\r][\n]"
10:24:06.393 [testcontainers-wait-1] DEBUG com.github.dockerjava.zerodep.shaded.org.apache.hc.client5.http.wire -- http-outgoing-2 >> "Host: localhost:2375[\r][\n]"
10:24:06.393 [testcontainers-wait-1] DEBUG com.github.dockerjava.zerodep.shaded.org.apache.hc.client5.http.wire -- http-outgoing-2 >> "Connection: keep-alive[\r][\n]"
10:24:06.393 [testcontainers-wait-1] DEBUG com.github.dockerjava.zerodep.shaded.org.apache.hc.client5.http.wire -- http-outgoing-2 >> "[\r][\n]"
10:24:06.399 [testcontainers-wait-0] DEBUG com.github.dockerjava.zerodep.shaded.org.apache.hc.client5.http.impl.classic.InternalHttpClient -- ex-00000013: preparing request execution
10:24:06.401 [testcontainers-wait-0] DEBUG com.github.dockerjava.zerodep.shaded.org.apache.hc.client5.http.protocol.RequestAddCookies -- Cookie spec selected: strict
10:24:06.401 [testcontainers-wait-0] DEBUG com.github.dockerjava.zerodep.shaded.org.apache.hc.client5.http.protocol.RequestAuthCache -- Auth cache not set in the context
10:24:06.401 [testcontainers-wait-0] DEBUG com.github.dockerjava.zerodep.shaded.org.apache.hc.client5.http.impl.classic.ProtocolExec -- ex-00000013: target auth state: UNCHALLENGED
10:24:06.401 [testcontainers-wait-0] DEBUG com.github.dockerjava.zerodep.shaded.org.apache.hc.client5.http.impl.classic.ProtocolExec -- ex-00000013: proxy auth state: UNCHALLENGED
10:24:06.401 [testcontainers-wait-0] DEBUG com.github.dockerjava.zerodep.shaded.org.apache.hc.client5.http.impl.classic.ConnectExec -- ex-00000013: acquiring connection with route {}->npipe://localhost:2375
10:24:06.401 [testcontainers-wait-1] DEBUG com.github.dockerjava.zerodep.shaded.org.apache.hc.client5.http.wire -- http-outgoing-2 << "HTTP/1.1 200 OK[\r][\n]"
10:24:06.401 [testcontainers-wait-1] DEBUG com.github.dockerjava.zerodep.shaded.org.apache.hc.client5.http.wire -- http-outgoing-2 << "Api-Version: 1.47[\r][\n]"
10:24:06.401 [testcontainers-wait-0] DEBUG com.github.dockerjava.zerodep.shaded.org.apache.hc.client5.http.impl.classic.InternalHttpClient -- ex-00000013: acquiring endpoint (3 MINUTES)
10:24:06.401 [testcontainers-wait-1] DEBUG com.github.dockerjava.zerodep.shaded.org.apache.hc.client5.http.wire -- http-outgoing-2 << "Content-Type: application/json[\r][\n]"
10:24:06.401 [testcontainers-wait-1] DEBUG com.github.dockerjava.zerodep.shaded.org.apache.hc.client5.http.wire -- http-outgoing-2 << "Date: Fri, 02 May 2025 08:24:06 GMT[\r][\n]"
10:24:06.401 [testcontainers-wait-0] DEBUG com.github.dockerjava.zerodep.shaded.org.apache.hc.client5.http.impl.io.PoolingHttpClientConnectionManager -- ex-00000013: endpoint lease request (3 MINUTES) [route: {}->npipe://localhost:2375][total available: 0; route allocated: 1 of 2147483647; total allocated: 1 of 2147483647]
10:24:06.401 [testcontainers-wait-1] DEBUG com.github.dockerjava.zerodep.shaded.org.apache.hc.client5.http.wire -- http-outgoing-2 << "Docker-Experimental: false[\r][\n]"
10:24:06.401 [testcontainers-wait-1] DEBUG com.github.dockerjava.zerodep.shaded.org.apache.hc.client5.http.wire -- http-outgoing-2 << "Ostype: linux[\r][\n]"
10:24:06.401 [testcontainers-wait-1] DEBUG com.github.dockerjava.zerodep.shaded.org.apache.hc.client5.http.wire -- http-outgoing-2 << "Server: Docker/27.5.1 (linux)[\r][\n]"
10:24:06.402 [testcontainers-wait-0] DEBUG com.github.dockerjava.zerodep.shaded.org.apache.hc.client5.http.impl.io.PoolingHttpClientConnectionManager -- ex-00000013: endpoint leased [route: {}->npipe://localhost:2375][total available: 0; route allocated: 2 of 2147483647; total allocated: 2 of 2147483647]
10:24:06.402 [testcontainers-wait-1] DEBUG com.github.dockerjava.zerodep.shaded.org.apache.hc.client5.http.wire -- http-outgoing-2 << "Transfer-Encoding: chunked[\r][\n]"
10:24:06.402 [testcontainers-wait-0] DEBUG com.github.dockerjava.zerodep.shaded.org.apache.hc.client5.http.impl.io.PoolingHttpClientConnectionManager -- ex-00000013: acquired ep-00000012
10:24:06.402 [testcontainers-wait-1] DEBUG com.github.dockerjava.zerodep.shaded.org.apache.hc.client5.http.wire -- http-outgoing-2 << "[\r][\n]"
10:24:06.402 [testcontainers-wait-0] DEBUG com.github.dockerjava.zerodep.shaded.org.apache.hc.client5.http.impl.classic.InternalHttpClient -- ex-00000013: acquired endpoint ep-00000012
10:24:06.402 [testcontainers-wait-0] DEBUG com.github.dockerjava.zerodep.shaded.org.apache.hc.client5.http.impl.classic.ConnectExec -- ex-00000013: opening connection {}->npipe://localhost:2375
10:24:06.402 [testcontainers-wait-0] DEBUG com.github.dockerjava.zerodep.shaded.org.apache.hc.client5.http.impl.classic.InternalHttpClient -- ep-00000012: connecting endpoint (3 MINUTES)
10:24:06.402 [testcontainers-wait-0] DEBUG com.github.dockerjava.zerodep.shaded.org.apache.hc.client5.http.impl.io.PoolingHttpClientConnectionManager -- ep-00000012: connecting endpoint to npipe://localhost:2375 (3 MINUTES)
10:24:06.402 [testcontainers-wait-1] DEBUG com.github.dockerjava.zerodep.shaded.org.apache.hc.client5.http.headers -- http-outgoing-2 << HTTP/1.1 200 OK
10:24:06.402 [testcontainers-wait-1] DEBUG com.github.dockerjava.zerodep.shaded.org.apache.hc.client5.http.headers -- http-outgoing-2 << Api-Version: 1.47
10:24:06.402 [testcontainers-wait-1] DEBUG com.github.dockerjava.zerodep.shaded.org.apache.hc.client5.http.headers -- http-outgoing-2 << Content-Type: application/json
10:24:06.402 [testcontainers-wait-1] DEBUG com.github.dockerjava.zerodep.shaded.org.apache.hc.client5.http.headers -- http-outgoing-2 << Date: Fri, 02 May 2025 08:24:06 GMT
10:24:06.402 [testcontainers-wait-1] DEBUG com.github.dockerjava.zerodep.shaded.org.apache.hc.client5.http.headers -- http-outgoing-2 << Docker-Experimental: false
10:24:06.402 [testcontainers-wait-1] DEBUG com.github.dockerjava.zerodep.shaded.org.apache.hc.client5.http.headers -- http-outgoing-2 << Ostype: linux
10:24:06.402 [testcontainers-wait-1] DEBUG com.github.dockerjava.zerodep.shaded.org.apache.hc.client5.http.headers -- http-outgoing-2 << Server: Docker/27.5.1 (linux)
10:24:06.402 [testcontainers-wait-1] DEBUG com.github.dockerjava.zerodep.shaded.org.apache.hc.client5.http.headers -- http-outgoing-2 << Transfer-Encoding: chunked
10:24:06.402 [testcontainers-wait-0] DEBUG com.github.dockerjava.zerodep.shaded.org.apache.hc.client5.http.impl.io.DefaultHttpClientConnectionOperator -- http-outgoing-3: connecting to localhost/127.0.0.1:2375
10:24:06.402 [testcontainers-wait-1] DEBUG com.github.dockerjava.zerodep.shaded.org.apache.hc.client5.http.impl.classic.MainClientExec -- ex-00000012: connection can be kept alive for 3 MINUTES
10:24:06.403 [testcontainers-wait-0] DEBUG com.github.dockerjava.zerodep.shaded.org.apache.hc.client5.http.impl.io.DefaultHttpClientConnectionOperator -- http-outgoing-3: connection established 
10:24:06.403 [testcontainers-wait-0] DEBUG com.github.dockerjava.zerodep.shaded.org.apache.hc.client5.http.impl.io.PoolingHttpClientConnectionManager -- ep-00000012: connected http-outgoing-3
10:24:06.403 [testcontainers-wait-0] DEBUG com.github.dockerjava.zerodep.shaded.org.apache.hc.client5.http.impl.classic.InternalHttpClient -- ep-00000012: endpoint connected
10:24:06.403 [testcontainers-wait-1] DEBUG com.github.dockerjava.zerodep.shaded.org.apache.hc.client5.http.wire -- http-outgoing-2 << "1706[\r][\n]"
10:24:06.403 [testcontainers-wait-0] DEBUG com.github.dockerjava.zerodep.shaded.org.apache.hc.client5.http.impl.classic.MainClientExec -- ex-00000013: executing POST /v1.32/containers/48fa3645609f0a39f086f0188ca3d372a00357b73dbd322507ec2f3262211928/exec HTTP/1.1
10:24:06.403 [testcontainers-wait-0] DEBUG com.github.dockerjava.zerodep.shaded.org.apache.hc.client5.http.impl.classic.InternalHttpClient -- ep-00000012: start execution ex-00000013
10:24:06.403 [testcontainers-wait-0] DEBUG com.github.dockerjava.zerodep.shaded.org.apache.hc.client5.http.impl.io.PoolingHttpClientConnectionManager -- ep-00000012: executing exchange ex-00000013 over http-outgoing-3
10:24:06.403 [testcontainers-wait-0] DEBUG com.github.dockerjava.zerodep.shaded.org.apache.hc.client5.http.headers -- http-outgoing-3 >> POST /v1.32/containers/48fa3645609f0a39f086f0188ca3d372a00357b73dbd322507ec2f3262211928/exec HTTP/1.1
10:24:06.403 [testcontainers-wait-0] DEBUG com.github.dockerjava.zerodep.shaded.org.apache.hc.client5.http.headers -- http-outgoing-3 >> accept: application/json
10:24:06.403 [testcontainers-wait-0] DEBUG com.github.dockerjava.zerodep.shaded.org.apache.hc.client5.http.headers -- http-outgoing-3 >> content-type: application/json
10:24:06.403 [testcontainers-wait-0] DEBUG com.github.dockerjava.zerodep.shaded.org.apache.hc.client5.http.headers -- http-outgoing-3 >> x-tc-sid: ad01dab1-4b9b-4848-b723-5acec0598df9
10:24:06.403 [testcontainers-wait-0] DEBUG com.github.dockerjava.zerodep.shaded.org.apache.hc.client5.http.headers -- http-outgoing-3 >> User-Agent: tc-java/1.19.3
10:24:06.403 [testcontainers-wait-0] DEBUG com.github.dockerjava.zerodep.shaded.org.apache.hc.client5.http.headers -- http-outgoing-3 >> Accept-Encoding: gzip, x-gzip, deflate
10:24:06.403 [testcontainers-wait-0] DEBUG com.github.dockerjava.zerodep.shaded.org.apache.hc.client5.http.headers -- http-outgoing-3 >> Content-Length: 514
10:24:06.403 [testcontainers-wait-0] DEBUG com.github.dockerjava.zerodep.shaded.org.apache.hc.client5.http.headers -- http-outgoing-3 >> Host: localhost:2375
10:24:06.403 [testcontainers-wait-0] DEBUG com.github.dockerjava.zerodep.shaded.org.apache.hc.client5.http.headers -- http-outgoing-3 >> Connection: keep-alive
10:24:06.403 [testcontainers-wait-0] DEBUG com.github.dockerjava.zerodep.shaded.org.apache.hc.client5.http.wire -- http-outgoing-3 >> "POST /v1.32/containers/48fa3645609f0a39f086f0188ca3d372a00357b73dbd322507ec2f3262211928/exec HTTP/1.1[\r][\n]"
10:24:06.403 [testcontainers-wait-0] DEBUG com.github.dockerjava.zerodep.shaded.org.apache.hc.client5.http.wire -- http-outgoing-3 >> "accept: application/json[\r][\n]"
10:24:06.403 [testcontainers-wait-0] DEBUG com.github.dockerjava.zerodep.shaded.org.apache.hc.client5.http.wire -- http-outgoing-3 >> "content-type: application/json[\r][\n]"
10:24:06.403 [testcontainers-wait-0] DEBUG com.github.dockerjava.zerodep.shaded.org.apache.hc.client5.http.wire -- http-outgoing-3 >> "x-tc-sid: ad01dab1-4b9b-4848-b723-5acec0598df9[\r][\n]"
10:24:06.403 [testcontainers-wait-0] DEBUG com.github.dockerjava.zerodep.shaded.org.apache.hc.client5.http.wire -- http-outgoing-3 >> "User-Agent: tc-java/1.19.3[\r][\n]"
10:24:06.403 [testcontainers-wait-0] DEBUG com.github.dockerjava.zerodep.shaded.org.apache.hc.client5.http.wire -- http-outgoing-3 >> "Accept-Encoding: gzip, x-gzip, deflate[\r][\n]"
10:24:06.403 [testcontainers-wait-0] DEBUG com.github.dockerjava.zerodep.shaded.org.apache.hc.client5.http.wire -- http-outgoing-3 >> "Content-Length: 514[\r][\n]"
10:24:06.403 [testcontainers-wait-0] DEBUG com.github.dockerjava.zerodep.shaded.org.apache.hc.client5.http.wire -- http-outgoing-3 >> "Host: localhost:2375[\r][\n]"
10:24:06.403 [testcontainers-wait-0] DEBUG com.github.dockerjava.zerodep.shaded.org.apache.hc.client5.http.wire -- http-outgoing-3 >> "Connection: keep-alive[\r][\n]"
10:24:06.403 [testcontainers-wait-0] DEBUG com.github.dockerjava.zerodep.shaded.org.apache.hc.client5.http.wire -- http-outgoing-3 >> "[\r][\n]"
10:24:06.403 [testcontainers-wait-0] DEBUG com.github.dockerjava.zerodep.shaded.org.apache.hc.client5.http.wire -- http-outgoing-3 >> "{"containerId":"48fa3645609f0a39f086f0188ca3d372a00357b73dbd322507ec2f3262211928","AttachStdin":null,"AttachStdout":true,"AttachStderr":true,"Tty":null,"Privileged":null,"User":null,"Cmd":["/bin/sh","-c","while true; do ( true  &&  (grep -i ':0*115c' /proc/net/tcp* || nc -vz -w 1 localhost 4444 || /bin/bash -c '</dev/tcp/localhost/4444') &&  (grep -i ':0*170c' /proc/net/tcp* || nc -vz -w 1 localhost 5900 || /bin/bash -c '</dev/tcp/localhost/5900') ) && exit 0 || sleep 0.1; done"],"Env":null,"WorkingDir":null}"
10:24:06.404 [testcontainers-wait-1] DEBUG com.github.dockerjava.zerodep.shaded.org.apache.hc.client5.http.wire -- http-outgoing-2 << "{"Id":"48fa3645609f0a39f086f0188ca3d372a00357b73dbd322507ec2f3262211928","Created":"2025-05-02T08:24:01.088368481Z","Path":"/opt/bin/entry_point.sh","Args":[],"State":{"Status":"running","Running":true,"Paused":false,"Restarting":false,"OOMKilled":false,"Dead":false,"Pid":25224,"ExitCode":0,"Error":"","StartedAt":"2025-05-02T08:24:01.359728491Z","FinishedAt":"0001-01-01T00:00:00Z"},"Image":"sha256:98a4acf36526b42162e80e32b36ba7e5cd93e15cb0f2ca510d6fc3fe655edf92","ResolvConfPath":"/var/lib/docker/containers/48fa3645609f0a39f086f0188ca3d372a00357b73dbd322507ec2f3262211928/resolv.conf","HostnamePath":"/var/lib/docker/containers/48fa3645609f0a39f086f0188ca3d372a00357b73dbd322507ec2f3262211928/hostname","HostsPath":"/var/lib/docker/containers/48fa3645609f0a39f086f0188ca3d372a00357b73dbd322507ec2f3262211928/hosts","LogPath":"/var/lib/docker/containers/48fa3645609f0a39f086f0188ca3d372a00357b73dbd322507ec2f3262211928/48fa3645609f0a39f086f0188ca3d372a00357b73dbd322507ec2f3262211928-json.log","Name":"/upbeat_diffie","RestartCount":0,"Driver":"overlayfs","Platform":"linux","MountLabel":"","ProcessLabel":"","AppArmorProfile":"","ExecIDs":null,"HostConfig":{"Binds":[],"ContainerIDFile":"","LogConfig":{"Type":"json-file","Config":{}},"NetworkMode":"d06d86462e027f930f5300865309181ec5516677835542d09caebea3815b82e0","PortBindings":{"4444/tcp":[{"HostIp":"0.0.0.0","HostPort":"0"}],"5900/tcp":[{"HostIp":"0.0.0.0","HostPort":"0"}]},"RestartPolicy":{"Name":"no","MaximumRetryCount":0},"AutoRemove":false,"VolumeDriver":"","VolumesFrom":[],"ConsoleSize":[0,0],"CapAdd":null,"CapDrop":null,"CgroupnsMode":"host","Dns":null,"DnsOptions":null,"DnsSearch":null,"ExtraHosts":[],"GroupAdd":null,"IpcMode":"shareable","Cgroup":"","Links":null,"OomScoreAdj":0,"PidMode":"","Privileged":false,"PublishAllPorts":false,"ReadonlyRootfs":false,"SecurityOpt":null,"UTSMode":"","UsernsMode":"","ShmSize":536870912,"Runtime":"runc","Isolation":"","CpuShares":0,"Memory":0,"NanoCpus":0,"CgroupParent":"","BlkioWeight":0,"BlkioWeightDevice":null,"BlkioDeviceReadBps":null,"BlkioDeviceWriteBps":null,"BlkioDeviceReadIOps":null,"BlkioDeviceWriteIOps":null,"CpuPeriod":0,"CpuQuota":0,"CpuRealtimePeriod":0,"CpuRealtimeRuntime":0,"CpusetCpus":"","CpusetMems":"","Devices":null,"DeviceCgroupRules":null,"DeviceRequests":null,"MemoryReservation":0,"MemorySwap":0,"MemorySwappiness":null,"OomKillDisable":false,"PidsLimit":null,"Ulimits":null,"CpuCount":0,"CpuPercent":0,"IOMaximumIOps":0,"IOMaximumBandwidth":0,"MaskedPaths":["/proc/asound","/proc/acpi","/proc/kcore","/proc/keys","/proc/latency_stats","/proc/timer_list","/proc/timer_stats","/proc/sched_debug","/proc/scsi","/sys/firmware","/sys/devices/virtual/powercap"],"ReadonlyPaths":["/proc/bus","/proc/fs","/proc/irq","/proc/sys","/proc/sysrq-trigger"]},"GraphDriver":{"Data":null,"Name":"overlayfs"},"Mounts":[],"Config":{"Hostname":"48fa3645609f","Domainname":"","User":"1200","AttachStdin":false,"AttachStdout":false,"AttachStderr":false,"ExposedPorts":{"4444/tcp":{},"5900/tcp":{}},"Tty":false,"OpenStdin":false,"StdinOnce":false,"Env":["no_proxy=localhost","TZ=Europe/Madrid","PATH=/usr/local/sbin:/usr/local/bin:/usr/sbin:/usr/bin:/sbin:/bin","DEBIAN_FRONTEND=noninteractive","DEBCONF_NONINTERACTIVE_SEEN=true","SEL_USER=seluser","SEL_UID=1200","SEL_GID=1201","HOME=/home/seluser","SEL_DOWNLOAD_DIR=/Downloads","SE_BIND_HOST=false","SE_REJECT_UNSUPPORTED_CAPS=false","SE_OTEL_JAVA_GLOBAL_AUTOCONFIGURE_ENABLED=true","SE_OTEL_TRACES_EXPORTER=otlp","LANG_WHICH=en","LANG_WHERE=US","ENCODING=UTF-8","LANGUAGE=en_US.UTF-8","LANG=","SE_ENABLE_BROWSER_LEFTOVERS_CLEANUP=false","SE_BROWSER_LEFTOVERS_INTERVAL_SECS=3600","SE_BROWSER_LEFTOVERS_PROCESSES_SECS=7200","SE_BROWSER_LEFTOVERS_TEMPFILES_DAYS=1","SE_DRAIN_AFTER_SESSION_COUNT=0","SE_NODE_MAX_SESSIONS=1","SE_NODE_SESSION_TIMEOUT=300","SE_NODE_OVERRIDE_MAX_SESSIONS=false","SE_NODE_HEARTBEAT_PERIOD=30","SE_OTEL_SERVICE_NAME=selenium-standalone","SE_OFFLINE=true","SE_SCREEN_WIDTH=1360","SE_SCREEN_HEIGHT=1020","SE_SCREEN_DEPTH=24","SE_SCREEN_DPI=96","SE_START_XVFB=true","SE_START_VNC=true","SE_STA"
10:24:06.405 [testcontainers-wait-1] DEBUG com.github.dockerjava.zerodep.shaded.org.apache.hc.client5.http.wire -- http-outgoing-2 << "RT_NO_VNC=true","SE_NO_VNC_PORT=7900","SE_VNC_PORT=5900","DISPLAY=:99.0","DISPLAY_NUM=99","CONFIG_FILE=/opt/selenium/config.toml","GENERATE_CONFIG=true","DBUS_SESSION_BUS_ADDRESS=/dev/null","SE_SESSION_REQUEST_TIMEOUT=300","SE_SESSION_RETRY_INTERVAL=15","SE_HEALTHCHECK_INTERVAL=120","SE_RELAX_CHECKS=true"],"Cmd":["/opt/bin/entry_point.sh"],"Image":"selenium/standalone-chrome:4.20.0","Volumes":null,"WorkingDir":"","Entrypoint":null,"OnBuild":null,"Labels":{"authors":"","org.opencontainers.image.ref.name":"ubuntu","org.opencontainers.image.version":"22.04","org.testcontainers":"true","org.testcontainers.lang":"java","org.testcontainers.sessionId":"ad01dab1-4b9b-4848-b723-5acec0598df9","org.testcontainers.version":"1.19.3"}},"NetworkSettings":{"Bridge":"","SandboxID":"9f5e548784fe02e49a1e8cb2ca20311223083142ebf1e28f7ec8a88faa0d518d","SandboxKey":"/var/run/docker/netns/9f5e548784fe","Ports":{"4444/tcp":[{"HostIp":"0.0.0.0","HostPort":"64924"}],"5900/tcp":[{"HostIp":"0.0.0.0","HostPort":"64925"}]},"HairpinMode":false,"LinkLocalIPv6Address":"","LinkLocalIPv6PrefixLen":0,"SecondaryIPAddresses":null,"SecondaryIPv6Addresses":null,"EndpointID":"","Gateway":"","GlobalIPv6Address":"","GlobalIPv6PrefixLen":0,"IPAddress":"","IPPrefixLen":0,"IPv6Gateway":"","MacAddress":"","Networks":{"ea5e0ed8-54d2-4bb1-a6bc-e8e5512c6906":{"IPAMConfig":null,"Links":null,"Aliases":["tc-bC4mHTMp","48fa3645609f"],"MacAddress":"02:42:ac:13:00:02","DriverOpts":null,"NetworkID":"d06d86462e027f930f5300865309181ec5516677835542d09caebea3815b82e0","EndpointID":"685949196ed7f255b5c425d41493e961c1b10496f8d7b9fc08302f545449550a","Gateway":"172.19.0.1","IPAddress":"172.19.0.2","IPPrefixLen":16,"IPv6Gateway":"","GlobalIPv6Address":"","GlobalIPv6PrefixLen":0,"DNSNames":["upbeat_diffie","tc-bC4mHTMp","48fa3645609f"]}}}}[\n]"
10:24:06.409 [testcontainers-wait-1] DEBUG com.github.dockerjava.zerodep.shaded.org.apache.hc.client5.http.wire -- http-outgoing-2 << "[\r][\n]"
10:24:06.409 [testcontainers-wait-1] DEBUG com.github.dockerjava.zerodep.shaded.org.apache.hc.client5.http.wire -- http-outgoing-2 << "0[\r][\n]"
10:24:06.409 [testcontainers-wait-1] DEBUG com.github.dockerjava.zerodep.shaded.org.apache.hc.client5.http.wire -- http-outgoing-2 << "[\r][\n]"
10:24:06.409 [testcontainers-wait-1] DEBUG com.github.dockerjava.zerodep.shaded.org.apache.hc.client5.http.impl.classic.InternalHttpClient -- ep-00000011: releasing valid endpoint
10:24:06.409 [testcontainers-wait-1] DEBUG com.github.dockerjava.zerodep.shaded.org.apache.hc.client5.http.impl.io.PoolingHttpClientConnectionManager -- ep-00000011: releasing endpoint
10:24:06.409 [testcontainers-wait-0] DEBUG com.github.dockerjava.zerodep.shaded.org.apache.hc.client5.http.wire -- http-outgoing-3 << "HTTP/1.1 201 Created[\r][\n]"
10:24:06.409 [testcontainers-wait-0] DEBUG com.github.dockerjava.zerodep.shaded.org.apache.hc.client5.http.wire -- http-outgoing-3 << "Api-Version: 1.47[\r][\n]"
10:24:06.409 [testcontainers-wait-0] DEBUG com.github.dockerjava.zerodep.shaded.org.apache.hc.client5.http.wire -- http-outgoing-3 << "Content-Type: application/json[\r][\n]"
10:24:06.409 [testcontainers-wait-0] DEBUG com.github.dockerjava.zerodep.shaded.org.apache.hc.client5.http.wire -- http-outgoing-3 << "Date: Fri, 02 May 2025 08:24:06 GMT[\r][\n]"
10:24:06.409 [testcontainers-wait-0] DEBUG com.github.dockerjava.zerodep.shaded.org.apache.hc.client5.http.wire -- http-outgoing-3 << "Docker-Experimental: false[\r][\n]"
10:24:06.409 [testcontainers-wait-0] DEBUG com.github.dockerjava.zerodep.shaded.org.apache.hc.client5.http.wire -- http-outgoing-3 << "Ostype: linux[\r][\n]"
10:24:06.409 [testcontainers-wait-0] DEBUG com.github.dockerjava.zerodep.shaded.org.apache.hc.client5.http.wire -- http-outgoing-3 << "Server: Docker/27.5.1 (linux)[\r][\n]"
10:24:06.410 [testcontainers-wait-0] DEBUG com.github.dockerjava.zerodep.shaded.org.apache.hc.client5.http.wire -- http-outgoing-3 << "Transfer-Encoding: chunked[\r][\n]"
10:24:06.410 [testcontainers-wait-1] DEBUG com.github.dockerjava.zerodep.shaded.org.apache.hc.client5.http.impl.io.PoolingHttpClientConnectionManager -- ep-00000011: connection http-outgoing-2 can be kept alive for 3 MINUTES
10:24:06.410 [testcontainers-wait-0] DEBUG com.github.dockerjava.zerodep.shaded.org.apache.hc.client5.http.wire -- http-outgoing-3 << "[\r][\n]"
10:24:06.410 [testcontainers-wait-1] DEBUG com.github.dockerjava.zerodep.shaded.org.apache.hc.client5.http.impl.io.PoolingHttpClientConnectionManager -- ep-00000011: connection released [route: {}->npipe://localhost:2375][total available: 1; route allocated: 2 of 2147483647; total allocated: 2 of 2147483647]
10:24:06.410 [testcontainers-wait-0] DEBUG com.github.dockerjava.zerodep.shaded.org.apache.hc.client5.http.headers -- http-outgoing-3 << HTTP/1.1 201 Created
10:24:06.410 [testcontainers-wait-0] DEBUG com.github.dockerjava.zerodep.shaded.org.apache.hc.client5.http.headers -- http-outgoing-3 << Api-Version: 1.47
10:24:06.410 [testcontainers-wait-0] DEBUG com.github.dockerjava.zerodep.shaded.org.apache.hc.client5.http.headers -- http-outgoing-3 << Content-Type: application/json
10:24:06.410 [testcontainers-wait-0] DEBUG com.github.dockerjava.zerodep.shaded.org.apache.hc.client5.http.headers -- http-outgoing-3 << Date: Fri, 02 May 2025 08:24:06 GMT
10:24:06.410 [testcontainers-wait-0] DEBUG com.github.dockerjava.zerodep.shaded.org.apache.hc.client5.http.headers -- http-outgoing-3 << Docker-Experimental: false
10:24:06.410 [testcontainers-wait-0] DEBUG com.github.dockerjava.zerodep.shaded.org.apache.hc.client5.http.headers -- http-outgoing-3 << Ostype: linux
10:24:06.410 [testcontainers-wait-0] DEBUG com.github.dockerjava.zerodep.shaded.org.apache.hc.client5.http.headers -- http-outgoing-3 << Server: Docker/27.5.1 (linux)
10:24:06.410 [testcontainers-wait-0] DEBUG com.github.dockerjava.zerodep.shaded.org.apache.hc.client5.http.headers -- http-outgoing-3 << Transfer-Encoding: chunked
10:24:06.411 [testcontainers-wait-0] DEBUG com.github.dockerjava.zerodep.shaded.org.apache.hc.client5.http.impl.classic.MainClientExec -- ex-00000013: connection can be kept alive for 3 MINUTES
10:24:06.412 [testcontainers-wait-0] DEBUG com.github.dockerjava.zerodep.shaded.org.apache.hc.client5.http.wire -- http-outgoing-3 << "4a[\r][\n]"
10:24:06.412 [testcontainers-wait-0] DEBUG com.github.dockerjava.zerodep.shaded.org.apache.hc.client5.http.wire -- http-outgoing-3 << "{"Id":"ab8f03acd00d93e296823677a4c231d90f87e43a243c8cdab052626c5d701b3c"}[\n]"
10:24:06.412 [testcontainers-wait-0] DEBUG com.github.dockerjava.zerodep.shaded.org.apache.hc.client5.http.wire -- http-outgoing-3 << "[\r][\n]"
10:24:06.412 [testcontainers-wait-0] DEBUG com.github.dockerjava.zerodep.shaded.org.apache.hc.client5.http.wire -- http-outgoing-3 << "0[\r][\n]"
10:24:06.412 [testcontainers-wait-0] DEBUG com.github.dockerjava.zerodep.shaded.org.apache.hc.client5.http.wire -- http-outgoing-3 << "[\r][\n]"
10:24:06.415 [testcontainers-wait-0] DEBUG com.github.dockerjava.zerodep.shaded.org.apache.hc.client5.http.impl.classic.InternalHttpClient -- ep-00000012: releasing valid endpoint
10:24:06.415 [testcontainers-wait-0] DEBUG com.github.dockerjava.zerodep.shaded.org.apache.hc.client5.http.impl.io.PoolingHttpClientConnectionManager -- ep-00000012: releasing endpoint
10:24:06.417 [testcontainers-wait-0] DEBUG com.github.dockerjava.zerodep.shaded.org.apache.hc.client5.http.impl.io.PoolingHttpClientConnectionManager -- ep-00000012: connection http-outgoing-3 can be kept alive for 3 MINUTES
10:24:06.417 [testcontainers-wait-0] DEBUG com.github.dockerjava.zerodep.shaded.org.apache.hc.client5.http.impl.io.PoolingHttpClientConnectionManager -- ep-00000012: connection released [route: {}->npipe://localhost:2375][total available: 2; route allocated: 2 of 2147483647; total allocated: 2 of 2147483647]
10:24:06.418 [testcontainers-wait-1] DEBUG org.testcontainers.containers.wait.strategy.HostPortWaitStrategy -- External port check passed for [4444, 5900] mapped as [64924, 64925] in PT0.0342106S
10:24:06.425 [docker-java-stream-789538353] DEBUG com.github.dockerjava.zerodep.shaded.org.apache.hc.client5.http.impl.classic.InternalHttpClient -- ex-00000014: preparing request execution
10:24:06.426 [docker-java-stream-789538353] DEBUG com.github.dockerjava.zerodep.shaded.org.apache.hc.client5.http.protocol.RequestAddCookies -- Cookie spec selected: strict
10:24:06.426 [docker-java-stream-789538353] DEBUG com.github.dockerjava.zerodep.shaded.org.apache.hc.client5.http.protocol.RequestAuthCache -- Auth cache not set in the context
10:24:06.426 [docker-java-stream-789538353] DEBUG com.github.dockerjava.zerodep.shaded.org.apache.hc.client5.http.impl.classic.ProtocolExec -- ex-00000014: target auth state: UNCHALLENGED
10:24:06.426 [docker-java-stream-789538353] DEBUG com.github.dockerjava.zerodep.shaded.org.apache.hc.client5.http.impl.classic.ProtocolExec -- ex-00000014: proxy auth state: UNCHALLENGED
10:24:06.426 [docker-java-stream-789538353] DEBUG com.github.dockerjava.zerodep.shaded.org.apache.hc.client5.http.impl.classic.ConnectExec -- ex-00000014: acquiring connection with route {}->npipe://localhost:2375
10:24:06.426 [docker-java-stream-789538353] DEBUG com.github.dockerjava.zerodep.shaded.org.apache.hc.client5.http.impl.classic.InternalHttpClient -- ex-00000014: acquiring endpoint (3 MINUTES)
10:24:06.427 [docker-java-stream-789538353] DEBUG com.github.dockerjava.zerodep.shaded.org.apache.hc.client5.http.impl.io.PoolingHttpClientConnectionManager -- ex-00000014: endpoint lease request (3 MINUTES) [route: {}->npipe://localhost:2375][total available: 2; route allocated: 2 of 2147483647; total allocated: 2 of 2147483647]
10:24:06.427 [docker-java-stream-789538353] DEBUG com.github.dockerjava.zerodep.shaded.org.apache.hc.client5.http.impl.io.PoolingHttpClientConnectionManager -- ex-00000014: endpoint leased [route: {}->npipe://localhost:2375][total available: 1; route allocated: 2 of 2147483647; total allocated: 2 of 2147483647]
10:24:06.427 [docker-java-stream-789538353] DEBUG com.github.dockerjava.zerodep.shaded.org.apache.hc.client5.http.impl.io.PoolingHttpClientConnectionManager -- ex-00000014: acquired ep-00000013
10:24:06.427 [docker-java-stream-789538353] DEBUG com.github.dockerjava.zerodep.shaded.org.apache.hc.client5.http.impl.classic.InternalHttpClient -- ex-00000014: acquired endpoint ep-00000013
10:24:06.427 [docker-java-stream-789538353] DEBUG com.github.dockerjava.zerodep.shaded.org.apache.hc.client5.http.impl.classic.MainClientExec -- ex-00000014: executing POST /v1.32/exec/ab8f03acd00d93e296823677a4c231d90f87e43a243c8cdab052626c5d701b3c/start HTTP/1.1
10:24:06.427 [docker-java-stream-789538353] DEBUG com.github.dockerjava.zerodep.shaded.org.apache.hc.client5.http.impl.classic.InternalHttpClient -- ep-00000013: start execution ex-00000014
10:24:06.427 [docker-java-stream-789538353] DEBUG com.github.dockerjava.zerodep.shaded.org.apache.hc.client5.http.impl.io.PoolingHttpClientConnectionManager -- ep-00000013: executing exchange ex-00000014 over http-outgoing-3
10:24:06.427 [docker-java-stream-789538353] DEBUG com.github.dockerjava.zerodep.shaded.org.apache.hc.client5.http.headers -- http-outgoing-3 >> POST /v1.32/exec/ab8f03acd00d93e296823677a4c231d90f87e43a243c8cdab052626c5d701b3c/start HTTP/1.1
10:24:06.428 [docker-java-stream-789538353] DEBUG com.github.dockerjava.zerodep.shaded.org.apache.hc.client5.http.headers -- http-outgoing-3 >> accept: application/json
10:24:06.428 [docker-java-stream-789538353] DEBUG com.github.dockerjava.zerodep.shaded.org.apache.hc.client5.http.headers -- http-outgoing-3 >> content-type: application/json
10:24:06.428 [docker-java-stream-789538353] DEBUG com.github.dockerjava.zerodep.shaded.org.apache.hc.client5.http.headers -- http-outgoing-3 >> x-tc-sid: ad01dab1-4b9b-4848-b723-5acec0598df9
10:24:06.428 [docker-java-stream-789538353] DEBUG com.github.dockerjava.zerodep.shaded.org.apache.hc.client5.http.headers -- http-outgoing-3 >> User-Agent: tc-java/1.19.3
10:24:06.428 [docker-java-stream-789538353] DEBUG com.github.dockerjava.zerodep.shaded.org.apache.hc.client5.http.headers -- http-outgoing-3 >> Accept-Encoding: gzip, x-gzip, deflate
10:24:06.428 [docker-java-stream-789538353] DEBUG com.github.dockerjava.zerodep.shaded.org.apache.hc.client5.http.headers -- http-outgoing-3 >> Content-Length: 26
10:24:06.428 [docker-java-stream-789538353] DEBUG com.github.dockerjava.zerodep.shaded.org.apache.hc.client5.http.headers -- http-outgoing-3 >> Host: localhost:2375
10:24:06.428 [docker-java-stream-789538353] DEBUG com.github.dockerjava.zerodep.shaded.org.apache.hc.client5.http.headers -- http-outgoing-3 >> Connection: keep-alive
10:24:06.428 [docker-java-stream-789538353] DEBUG com.github.dockerjava.zerodep.shaded.org.apache.hc.client5.http.wire -- http-outgoing-3 >> "POST /v1.32/exec/ab8f03acd00d93e296823677a4c231d90f87e43a243c8cdab052626c5d701b3c/start HTTP/1.1[\r][\n]"
10:24:06.428 [docker-java-stream-789538353] DEBUG com.github.dockerjava.zerodep.shaded.org.apache.hc.client5.http.wire -- http-outgoing-3 >> "accept: application/json[\r][\n]"
10:24:06.428 [docker-java-stream-789538353] DEBUG com.github.dockerjava.zerodep.shaded.org.apache.hc.client5.http.wire -- http-outgoing-3 >> "content-type: application/json[\r][\n]"
10:24:06.428 [docker-java-stream-789538353] DEBUG com.github.dockerjava.zerodep.shaded.org.apache.hc.client5.http.wire -- http-outgoing-3 >> "x-tc-sid: ad01dab1-4b9b-4848-b723-5acec0598df9[\r][\n]"
10:24:06.428 [docker-java-stream-789538353] DEBUG com.github.dockerjava.zerodep.shaded.org.apache.hc.client5.http.wire -- http-outgoing-3 >> "User-Agent: tc-java/1.19.3[\r][\n]"
10:24:06.428 [docker-java-stream-789538353] DEBUG com.github.dockerjava.zerodep.shaded.org.apache.hc.client5.http.wire -- http-outgoing-3 >> "Accept-Encoding: gzip, x-gzip, deflate[\r][\n]"
10:24:06.428 [docker-java-stream-789538353] DEBUG com.github.dockerjava.zerodep.shaded.org.apache.hc.client5.http.wire -- http-outgoing-3 >> "Content-Length: 26[\r][\n]"
10:24:06.428 [docker-java-stream-789538353] DEBUG com.github.dockerjava.zerodep.shaded.org.apache.hc.client5.http.wire -- http-outgoing-3 >> "Host: localhost:2375[\r][\n]"
10:24:06.428 [docker-java-stream-789538353] DEBUG com.github.dockerjava.zerodep.shaded.org.apache.hc.client5.http.wire -- http-outgoing-3 >> "Connection: keep-alive[\r][\n]"
10:24:06.428 [docker-java-stream-789538353] DEBUG com.github.dockerjava.zerodep.shaded.org.apache.hc.client5.http.wire -- http-outgoing-3 >> "[\r][\n]"
10:24:06.428 [docker-java-stream-789538353] DEBUG com.github.dockerjava.zerodep.shaded.org.apache.hc.client5.http.wire -- http-outgoing-3 >> "{"Detach":null,"Tty":null}"
10:24:06.434 [docker-java-stream-789538353] DEBUG com.github.dockerjava.zerodep.shaded.org.apache.hc.client5.http.wire -- http-outgoing-3 << "HTTP/1.1 200 OK[\r][\n]"
10:24:06.435 [docker-java-stream-789538353] DEBUG com.github.dockerjava.zerodep.shaded.org.apache.hc.client5.http.wire -- http-outgoing-3 << "Api-Version: 1.47[\r][\n]"
10:24:06.435 [docker-java-stream-789538353] DEBUG com.github.dockerjava.zerodep.shaded.org.apache.hc.client5.http.wire -- http-outgoing-3 << "Content-Type: application/vnd.docker.raw-stream[\r][\n]"
10:24:06.435 [docker-java-stream-789538353] DEBUG com.github.dockerjava.zerodep.shaded.org.apache.hc.client5.http.wire -- http-outgoing-3 << "Date: Fri, 02 May 2025 08:24:06 GMT[\r][\n]"
10:24:06.435 [docker-java-stream-789538353] DEBUG com.github.dockerjava.zerodep.shaded.org.apache.hc.client5.http.wire -- http-outgoing-3 << "Docker-Experimental: false[\r][\n]"
10:24:06.435 [docker-java-stream-789538353] DEBUG com.github.dockerjava.zerodep.shaded.org.apache.hc.client5.http.wire -- http-outgoing-3 << "Ostype: linux[\r][\n]"
10:24:06.436 [docker-java-stream-789538353] DEBUG com.github.dockerjava.zerodep.shaded.org.apache.hc.client5.http.wire -- http-outgoing-3 << "Server: Docker/27.5.1 (linux)[\r][\n]"
10:24:06.436 [docker-java-stream-789538353] DEBUG com.github.dockerjava.zerodep.shaded.org.apache.hc.client5.http.wire -- http-outgoing-3 << "Transfer-Encoding: chunked[\r][\n]"
10:24:06.436 [docker-java-stream-789538353] DEBUG com.github.dockerjava.zerodep.shaded.org.apache.hc.client5.http.wire -- http-outgoing-3 << "[\r][\n]"
10:24:06.437 [docker-java-stream-789538353] DEBUG com.github.dockerjava.zerodep.shaded.org.apache.hc.client5.http.headers -- http-outgoing-3 << HTTP/1.1 200 OK
10:24:06.437 [docker-java-stream-789538353] DEBUG com.github.dockerjava.zerodep.shaded.org.apache.hc.client5.http.headers -- http-outgoing-3 << Api-Version: 1.47
10:24:06.437 [docker-java-stream-789538353] DEBUG com.github.dockerjava.zerodep.shaded.org.apache.hc.client5.http.headers -- http-outgoing-3 << Content-Type: application/vnd.docker.raw-stream
10:24:06.437 [docker-java-stream-789538353] DEBUG com.github.dockerjava.zerodep.shaded.org.apache.hc.client5.http.headers -- http-outgoing-3 << Date: Fri, 02 May 2025 08:24:06 GMT
10:24:06.437 [docker-java-stream-789538353] DEBUG com.github.dockerjava.zerodep.shaded.org.apache.hc.client5.http.headers -- http-outgoing-3 << Docker-Experimental: false
10:24:06.437 [docker-java-stream-789538353] DEBUG com.github.dockerjava.zerodep.shaded.org.apache.hc.client5.http.headers -- http-outgoing-3 << Ostype: linux
10:24:06.437 [docker-java-stream-789538353] DEBUG com.github.dockerjava.zerodep.shaded.org.apache.hc.client5.http.headers -- http-outgoing-3 << Server: Docker/27.5.1 (linux)
10:24:06.437 [docker-java-stream-789538353] DEBUG com.github.dockerjava.zerodep.shaded.org.apache.hc.client5.http.headers -- http-outgoing-3 << Transfer-Encoding: chunked
10:24:06.438 [docker-java-stream-789538353] DEBUG com.github.dockerjava.zerodep.shaded.org.apache.hc.client5.http.impl.classic.MainClientExec -- ex-00000014: connection can be kept alive for 3 MINUTES
10:24:06.480 [docker-java-stream-789538353] DEBUG com.github.dockerjava.zerodep.shaded.org.apache.hc.client5.http.wire -- http-outgoing-3 << "18a[\r][\n]"
10:24:06.480 [docker-java-stream-789538353] DEBUG com.github.dockerjava.zerodep.shaded.org.apache.hc.client5.http.wire -- http-outgoing-3 << "[0x1][0x0][0x0][0x0][0x0][0x0][0x1][0xffffff82]/proc/net/tcp6:   2: 00000000000000000000000000000000:115C 00000000000000000000000000000000:0000 0A 00000000:00000000 00:00000000 00000000  1200        0 193258 1 0000000000000000 100 0 0 10 0[\n]"
10:24:06.480 [docker-java-stream-789538353] DEBUG com.github.dockerjava.zerodep.shaded.org.apache.hc.client5.http.wire -- http-outgoing-3 << "/proc/net/tcp6:   3: 0000000000000000FFFF0000020013AC:115C 0000000000000000FFFF0000010013AC:9A1C 08 00000000:00000001 00:00000000 00000000  1200        0 197677 1 0000000000000000 21 4 0 10 -1[\n]"
10:24:06.480 [docker-java-stream-789538353] DEBUG com.github.dockerjava.zerodep.shaded.org.apache.hc.client5.http.wire -- http-outgoing-3 << "[\r][\n]"
10:24:06.484 [docker-java-stream-789538353] DEBUG com.github.dockerjava.zerodep.shaded.org.apache.hc.client5.http.wire -- http-outgoing-3 << "211[\r][\n]"
10:24:06.484 [docker-java-stream-789538353] DEBUG com.github.dockerjava.zerodep.shaded.org.apache.hc.client5.http.wire -- http-outgoing-3 << "[0x1][0x0][0x0][0x0][0x0][0x0][0x2][0x9]/proc/net/tcp:   0: 00000000:170C 00000000:0000 0A 00000000:00000001 00:00000000 00000000  1200        0 191431 2 0000000000000000 100 0 0 10 0                    [\n]"
10:24:06.484 [docker-java-stream-789538353] DEBUG com.github.dockerjava.zerodep.shaded.org.apache.hc.client5.http.wire -- http-outgoing-3 << "/proc/net/tcp:   4: 020013AC:170C 010013AC:DBF6 08 00000000:00000001 00:00000000 00000000     0        0 0 1 0000000000000000 21 4 0 10 -1                         [\n]"
10:24:06.485 [docker-java-stream-789538353] DEBUG com.github.dockerjava.zerodep.shaded.org.apache.hc.client5.http.wire -- http-outgoing-3 << "/proc/net/tcp6:   0: 00000000000000000000000000000000:170C 00000000000000000000000000000000:0000 0A 00000000:00000000 00:00000000 00000000  1200        0 191432 1 0000000000000000 100 0 0 10 0[\n]"
10:24:06.485 [docker-java-stream-789538353] DEBUG com.github.dockerjava.zerodep.shaded.org.apache.hc.client5.http.wire -- http-outgoing-3 << "[\r][\n]"
10:24:06.486 [docker-java-stream-789538353] DEBUG com.github.dockerjava.zerodep.shaded.org.apache.hc.client5.http.wire -- http-outgoing-3 << "0[\r][\n]"
10:24:06.486 [docker-java-stream-789538353] DEBUG com.github.dockerjava.zerodep.shaded.org.apache.hc.client5.http.wire -- http-outgoing-3 << "[\r][\n]"
10:24:06.486 [docker-java-stream-789538353] DEBUG com.github.dockerjava.zerodep.shaded.org.apache.hc.client5.http.impl.classic.InternalHttpClient -- ep-00000013: releasing valid endpoint
10:24:06.486 [docker-java-stream-789538353] DEBUG com.github.dockerjava.zerodep.shaded.org.apache.hc.client5.http.impl.io.PoolingHttpClientConnectionManager -- ep-00000013: releasing endpoint
10:24:06.487 [docker-java-stream-789538353] DEBUG com.github.dockerjava.zerodep.shaded.org.apache.hc.client5.http.impl.io.PoolingHttpClientConnectionManager -- ep-00000013: connection http-outgoing-3 can be kept alive for 3 MINUTES
10:24:06.487 [docker-java-stream-789538353] DEBUG com.github.dockerjava.zerodep.shaded.org.apache.hc.client5.http.impl.io.PoolingHttpClientConnectionManager -- ep-00000013: connection released [route: {}->npipe://localhost:2375][total available: 2; route allocated: 2 of 2147483647; total allocated: 2 of 2147483647]
10:24:06.490 [testcontainers-wait-0] DEBUG org.testcontainers.shaded.com.github.dockerjava.core.command.AbstrDockerCmd -- Cmd: ab8f03acd00d93e296823677a4c231d90f87e43a243c8cdab052626c5d701b3c
10:24:06.491 [testcontainers-wait-0] DEBUG org.testcontainers.shaded.com.github.dockerjava.core.exec.InspectExecCmdExec -- GET: DefaultWebTarget{path=[/exec/ab8f03acd00d93e296823677a4c231d90f87e43a243c8cdab052626c5d701b3c/json], queryParams={}}
10:24:06.493 [testcontainers-wait-0] DEBUG com.github.dockerjava.zerodep.shaded.org.apache.hc.client5.http.impl.classic.InternalHttpClient -- ex-00000015: preparing request execution
10:24:06.493 [testcontainers-wait-0] DEBUG com.github.dockerjava.zerodep.shaded.org.apache.hc.client5.http.protocol.RequestAddCookies -- Cookie spec selected: strict
10:24:06.494 [testcontainers-wait-0] DEBUG com.github.dockerjava.zerodep.shaded.org.apache.hc.client5.http.protocol.RequestAuthCache -- Auth cache not set in the context
10:24:06.494 [testcontainers-wait-0] DEBUG com.github.dockerjava.zerodep.shaded.org.apache.hc.client5.http.impl.classic.ProtocolExec -- ex-00000015: target auth state: UNCHALLENGED
10:24:06.494 [testcontainers-wait-0] DEBUG com.github.dockerjava.zerodep.shaded.org.apache.hc.client5.http.impl.classic.ProtocolExec -- ex-00000015: proxy auth state: UNCHALLENGED
10:24:06.495 [testcontainers-wait-0] DEBUG com.github.dockerjava.zerodep.shaded.org.apache.hc.client5.http.impl.classic.ConnectExec -- ex-00000015: acquiring connection with route {}->npipe://localhost:2375
10:24:06.495 [testcontainers-wait-0] DEBUG com.github.dockerjava.zerodep.shaded.org.apache.hc.client5.http.impl.classic.InternalHttpClient -- ex-00000015: acquiring endpoint (3 MINUTES)
10:24:06.495 [testcontainers-wait-0] DEBUG com.github.dockerjava.zerodep.shaded.org.apache.hc.client5.http.impl.io.PoolingHttpClientConnectionManager -- ex-00000015: endpoint lease request (3 MINUTES) [route: {}->npipe://localhost:2375][total available: 2; route allocated: 2 of 2147483647; total allocated: 2 of 2147483647]
10:24:06.496 [testcontainers-wait-0] DEBUG com.github.dockerjava.zerodep.shaded.org.apache.hc.client5.http.impl.io.PoolingHttpClientConnectionManager -- ex-00000015: endpoint leased [route: {}->npipe://localhost:2375][total available: 1; route allocated: 2 of 2147483647; total allocated: 2 of 2147483647]
10:24:06.496 [testcontainers-wait-0] DEBUG com.github.dockerjava.zerodep.shaded.org.apache.hc.client5.http.impl.io.PoolingHttpClientConnectionManager -- ex-00000015: acquired ep-00000014
10:24:06.496 [testcontainers-wait-0] DEBUG com.github.dockerjava.zerodep.shaded.org.apache.hc.client5.http.impl.classic.InternalHttpClient -- ex-00000015: acquired endpoint ep-00000014
10:24:06.496 [testcontainers-wait-0] DEBUG com.github.dockerjava.zerodep.shaded.org.apache.hc.client5.http.impl.classic.MainClientExec -- ex-00000015: executing GET /v1.32/exec/ab8f03acd00d93e296823677a4c231d90f87e43a243c8cdab052626c5d701b3c/json HTTP/1.1
10:24:06.496 [testcontainers-wait-0] DEBUG com.github.dockerjava.zerodep.shaded.org.apache.hc.client5.http.impl.classic.InternalHttpClient -- ep-00000014: start execution ex-00000015
10:24:06.496 [testcontainers-wait-0] DEBUG com.github.dockerjava.zerodep.shaded.org.apache.hc.client5.http.impl.io.PoolingHttpClientConnectionManager -- ep-00000014: executing exchange ex-00000015 over http-outgoing-3
10:24:06.496 [testcontainers-wait-0] DEBUG com.github.dockerjava.zerodep.shaded.org.apache.hc.client5.http.headers -- http-outgoing-3 >> GET /v1.32/exec/ab8f03acd00d93e296823677a4c231d90f87e43a243c8cdab052626c5d701b3c/json HTTP/1.1
10:24:06.496 [testcontainers-wait-0] DEBUG com.github.dockerjava.zerodep.shaded.org.apache.hc.client5.http.headers -- http-outgoing-3 >> accept: application/json
10:24:06.496 [testcontainers-wait-0] DEBUG com.github.dockerjava.zerodep.shaded.org.apache.hc.client5.http.headers -- http-outgoing-3 >> x-tc-sid: ad01dab1-4b9b-4848-b723-5acec0598df9
10:24:06.496 [testcontainers-wait-0] DEBUG com.github.dockerjava.zerodep.shaded.org.apache.hc.client5.http.headers -- http-outgoing-3 >> User-Agent: tc-java/1.19.3
10:24:06.496 [testcontainers-wait-0] DEBUG com.github.dockerjava.zerodep.shaded.org.apache.hc.client5.http.headers -- http-outgoing-3 >> Accept-Encoding: gzip, x-gzip, deflate
10:24:06.496 [testcontainers-wait-0] DEBUG com.github.dockerjava.zerodep.shaded.org.apache.hc.client5.http.headers -- http-outgoing-3 >> Host: localhost:2375
10:24:06.497 [testcontainers-wait-0] DEBUG com.github.dockerjava.zerodep.shaded.org.apache.hc.client5.http.headers -- http-outgoing-3 >> Connection: keep-alive
10:24:06.497 [testcontainers-wait-0] DEBUG com.github.dockerjava.zerodep.shaded.org.apache.hc.client5.http.wire -- http-outgoing-3 >> "GET /v1.32/exec/ab8f03acd00d93e296823677a4c231d90f87e43a243c8cdab052626c5d701b3c/json HTTP/1.1[\r][\n]"
10:24:06.497 [testcontainers-wait-0] DEBUG com.github.dockerjava.zerodep.shaded.org.apache.hc.client5.http.wire -- http-outgoing-3 >> "accept: application/json[\r][\n]"
10:24:06.497 [testcontainers-wait-0] DEBUG com.github.dockerjava.zerodep.shaded.org.apache.hc.client5.http.wire -- http-outgoing-3 >> "x-tc-sid: ad01dab1-4b9b-4848-b723-5acec0598df9[\r][\n]"
10:24:06.497 [testcontainers-wait-0] DEBUG com.github.dockerjava.zerodep.shaded.org.apache.hc.client5.http.wire -- http-outgoing-3 >> "User-Agent: tc-java/1.19.3[\r][\n]"
10:24:06.497 [testcontainers-wait-0] DEBUG com.github.dockerjava.zerodep.shaded.org.apache.hc.client5.http.wire -- http-outgoing-3 >> "Accept-Encoding: gzip, x-gzip, deflate[\r][\n]"
10:24:06.497 [testcontainers-wait-0] DEBUG com.github.dockerjava.zerodep.shaded.org.apache.hc.client5.http.wire -- http-outgoing-3 >> "Host: localhost:2375[\r][\n]"
10:24:06.497 [testcontainers-wait-0] DEBUG com.github.dockerjava.zerodep.shaded.org.apache.hc.client5.http.wire -- http-outgoing-3 >> "Connection: keep-alive[\r][\n]"
10:24:06.497 [testcontainers-wait-0] DEBUG com.github.dockerjava.zerodep.shaded.org.apache.hc.client5.http.wire -- http-outgoing-3 >> "[\r][\n]"
10:24:06.507 [testcontainers-wait-0] DEBUG com.github.dockerjava.zerodep.shaded.org.apache.hc.client5.http.wire -- http-outgoing-3 << "HTTP/1.1 200 OK[\r][\n]"
10:24:06.507 [testcontainers-wait-0] DEBUG com.github.dockerjava.zerodep.shaded.org.apache.hc.client5.http.wire -- http-outgoing-3 << "Api-Version: 1.47[\r][\n]"
10:24:06.507 [testcontainers-wait-0] DEBUG com.github.dockerjava.zerodep.shaded.org.apache.hc.client5.http.wire -- http-outgoing-3 << "Content-Type: application/json[\r][\n]"
10:24:06.507 [testcontainers-wait-0] DEBUG com.github.dockerjava.zerodep.shaded.org.apache.hc.client5.http.wire -- http-outgoing-3 << "Date: Fri, 02 May 2025 08:24:06 GMT[\r][\n]"
10:24:06.507 [testcontainers-wait-0] DEBUG com.github.dockerjava.zerodep.shaded.org.apache.hc.client5.http.wire -- http-outgoing-3 << "Docker-Experimental: false[\r][\n]"
10:24:06.507 [testcontainers-wait-0] DEBUG com.github.dockerjava.zerodep.shaded.org.apache.hc.client5.http.wire -- http-outgoing-3 << "Ostype: linux[\r][\n]"
10:24:06.507 [testcontainers-wait-0] DEBUG com.github.dockerjava.zerodep.shaded.org.apache.hc.client5.http.wire -- http-outgoing-3 << "Server: Docker/27.5.1 (linux)[\r][\n]"
10:24:06.507 [testcontainers-wait-0] DEBUG com.github.dockerjava.zerodep.shaded.org.apache.hc.client5.http.wire -- http-outgoing-3 << "Transfer-Encoding: chunked[\r][\n]"
10:24:06.507 [testcontainers-wait-0] DEBUG com.github.dockerjava.zerodep.shaded.org.apache.hc.client5.http.wire -- http-outgoing-3 << "[\r][\n]"
10:24:06.507 [testcontainers-wait-0] DEBUG com.github.dockerjava.zerodep.shaded.org.apache.hc.client5.http.headers -- http-outgoing-3 << HTTP/1.1 200 OK
10:24:06.507 [testcontainers-wait-0] DEBUG com.github.dockerjava.zerodep.shaded.org.apache.hc.client5.http.headers -- http-outgoing-3 << Api-Version: 1.47
10:24:06.507 [testcontainers-wait-0] DEBUG com.github.dockerjava.zerodep.shaded.org.apache.hc.client5.http.headers -- http-outgoing-3 << Content-Type: application/json
10:24:06.507 [testcontainers-wait-0] DEBUG com.github.dockerjava.zerodep.shaded.org.apache.hc.client5.http.headers -- http-outgoing-3 << Date: Fri, 02 May 2025 08:24:06 GMT
10:24:06.507 [testcontainers-wait-0] DEBUG com.github.dockerjava.zerodep.shaded.org.apache.hc.client5.http.headers -- http-outgoing-3 << Docker-Experimental: false
10:24:06.507 [testcontainers-wait-0] DEBUG com.github.dockerjava.zerodep.shaded.org.apache.hc.client5.http.headers -- http-outgoing-3 << Ostype: linux
10:24:06.507 [testcontainers-wait-0] DEBUG com.github.dockerjava.zerodep.shaded.org.apache.hc.client5.http.headers -- http-outgoing-3 << Server: Docker/27.5.1 (linux)
10:24:06.507 [testcontainers-wait-0] DEBUG com.github.dockerjava.zerodep.shaded.org.apache.hc.client5.http.headers -- http-outgoing-3 << Transfer-Encoding: chunked
10:24:06.507 [testcontainers-wait-0] DEBUG com.github.dockerjava.zerodep.shaded.org.apache.hc.client5.http.impl.classic.MainClientExec -- ex-00000015: connection can be kept alive for 3 MINUTES
10:24:06.508 [testcontainers-wait-0] DEBUG com.github.dockerjava.zerodep.shaded.org.apache.hc.client5.http.wire -- http-outgoing-3 << "29d[\r][\n]"
10:24:06.508 [testcontainers-wait-0] DEBUG com.github.dockerjava.zerodep.shaded.org.apache.hc.client5.http.wire -- http-outgoing-3 << "{"ID":"ab8f03acd00d93e296823677a4c231d90f87e43a243c8cdab052626c5d701b3c","Running":false,"ExitCode":0,"ProcessConfig":{"tty":false,"entrypoint":"/bin/sh","arguments":["-c","while true; do ( true  &&  (grep -i ':0*115c' /proc/net/tcp* || nc -vz -w 1 localhost 4444 || /bin/bash -c '</dev/tcp/localhost/4444') &&  (grep -i ':0*170c' /proc/net/tcp* || nc -vz -w 1 localhost 5900 || /bin/bash -c '</dev/tcp/localhost/5900') ) && exit 0 || sleep 0.1; done"],"privileged":false,"user":"1200"},"OpenStdin":false,"OpenStderr":true,"OpenStdout":true,"CanRemove":false,"ContainerID":"48fa3645609f0a39f086f0188ca3d372a00357b73dbd322507ec2f3262211928","DetachKeys":"","Pid":25421}[\n]"
10:24:06.508 [testcontainers-wait-0] DEBUG com.github.dockerjava.zerodep.shaded.org.apache.hc.client5.http.wire -- http-outgoing-3 << "[\r][\n]"
10:24:06.508 [testcontainers-wait-0] DEBUG com.github.dockerjava.zerodep.shaded.org.apache.hc.client5.http.wire -- http-outgoing-3 << "0[\r][\n]"
10:24:06.508 [testcontainers-wait-0] DEBUG com.github.dockerjava.zerodep.shaded.org.apache.hc.client5.http.wire -- http-outgoing-3 << "[\r][\n]"
10:24:06.523 [testcontainers-wait-0] DEBUG com.github.dockerjava.zerodep.shaded.org.apache.hc.client5.http.impl.classic.InternalHttpClient -- ep-00000014: releasing valid endpoint
10:24:06.523 [testcontainers-wait-0] DEBUG com.github.dockerjava.zerodep.shaded.org.apache.hc.client5.http.impl.io.PoolingHttpClientConnectionManager -- ep-00000014: releasing endpoint
10:24:06.523 [testcontainers-wait-0] DEBUG com.github.dockerjava.zerodep.shaded.org.apache.hc.client5.http.impl.io.PoolingHttpClientConnectionManager -- ep-00000014: connection http-outgoing-3 can be kept alive for 3 MINUTES
10:24:06.523 [testcontainers-wait-0] DEBUG com.github.dockerjava.zerodep.shaded.org.apache.hc.client5.http.impl.io.PoolingHttpClientConnectionManager -- ep-00000014: connection released [route: {}->npipe://localhost:2375][total available: 2; route allocated: 2 of 2147483647; total allocated: 2 of 2147483647]
10:24:06.525 [testcontainers-wait-0] DEBUG org.testcontainers.containers.wait.strategy.HostPortWaitStrategy -- Internal port check passed for [4444, 5900] in PT0.1417803S
10:24:06.526 [main] INFO tc.selenium/standalone-chrome:4.20.0 -- Container selenium/standalone-chrome:4.20.0 started in PT5.831243S
10:24:06.526 [main] DEBUG org.testcontainers.containers.BrowserWebDriverContainer -- Starting VNC recording
10:24:06.528 [main] DEBUG org.testcontainers.utility.PrefixingImageNameSubstitutor -- No prefix is configured
10:24:06.528 [main] DEBUG org.testcontainers.utility.ImageNameSubstitutor -- Did not find a substitute image for testcontainers/vnc-recorder:1.3.0 (using image substitutor: DefaultImageNameSubstitutor (composite of 'ConfigurationFileImageNameSubstitutor' and 'PrefixingImageNameSubstitutor'))
10:24:06.528 [main] DEBUG org.testcontainers.images.AbstractImagePullPolicy -- Using locally available and not pulling image: testcontainers/vnc-recorder:1.3.0
10:24:06.528 [main] DEBUG tc.testcontainers/vnc-recorder:1.3.0 -- Starting container: testcontainers/vnc-recorder:1.3.0
10:24:06.528 [main] DEBUG tc.testcontainers/vnc-recorder:1.3.0 -- Trying to start container: testcontainers/vnc-recorder:1.3.0 (attempt 1/1)
10:24:06.528 [main] DEBUG tc.testcontainers/vnc-recorder:1.3.0 -- Starting container: testcontainers/vnc-recorder:1.3.0
10:24:06.528 [main] INFO tc.testcontainers/vnc-recorder:1.3.0 -- Creating container for image: testcontainers/vnc-recorder:1.3.0
10:24:06.528 [main] DEBUG org.testcontainers.utility.RegistryAuthLocator -- Looking up auth config for image: testcontainers/vnc-recorder:1.3.0 at registry: https://index.docker.io/v1/
10:24:06.528 [main] DEBUG org.testcontainers.utility.RegistryAuthLocator -- Cached auth found: [AuthConfig{username=elenacabe, password=hidden non-blank value, auth=blank, email=null, registryAddress=https://index.docker.io/v1/, registryToken=blank}]
10:24:06.528 [main] DEBUG org.testcontainers.dockerclient.AuthDelegatingDockerClientConfig -- Effective auth config [AuthConfig{username=elenacabe, password=hidden non-blank value, auth=blank, email=null, registryAddress=https://index.docker.io/v1/, registryToken=blank}]
10:24:06.529 [main] DEBUG org.testcontainers.shaded.com.github.dockerjava.core.command.AbstrDockerCmd -- Cmd: org.testcontainers.shaded.com.github.dockerjava.core.command.CreateContainerCmdImpl@4bdc8b5d[aliases=[tc-B6Tt2dhp],argsEscaped=<null>,attachStderr=<null>,attachStdin=<null>,attachStdout=<null>,authConfig=AuthConfig(username=elenacabe, email=null, registryAddress=https://index.docker.io/v1/, stackOrchestrator=null),cmd={-c,echo 'c2VjcmV0' | base64 -d > /vnc_password && flvrec.py -o /screen.flv -d -r 30 -P /vnc_password tc-bC4mHTMp 5900},domainName=<null>,entrypoint={/bin/sh},env={},exposedPorts=ExposedPorts(exposedPorts=[]),healthcheck=<null>,hostConfig=HostConfig(binds=[], blkioWeight=null, blkioWeightDevice=null, blkioDeviceReadBps=null, blkioDeviceWriteBps=null, blkioDeviceReadIOps=null, blkioDeviceWriteIOps=null, memorySwappiness=null, nanoCPUs=null, capAdd=null, capDrop=null, containerIDFile=null, cpuPeriod=null, cpuRealtimePeriod=null, cpuRealtimeRuntime=null, cpuShares=null, cpuQuota=null, cpusetCpus=null, cpusetMems=null, devices=null, deviceCgroupRules=null, deviceRequests=null, diskQuota=null, dns=null, dnsOptions=null, dnsSearch=null, extraHosts=[], groupAdd=null, ipcMode=null, cgroup=null, links=[], logConfig=LogConfig(type=null, config=null), lxcConf=null, memory=null, memorySwap=null, memoryReservation=null, kernelMemory=null, networkMode=d06d86462e027f930f5300865309181ec5516677835542d09caebea3815b82e0, oomKillDisable=null, init=null, autoRemove=null, oomScoreAdj=null, portBindings={}, privileged=null, publishAllPorts=null, readonlyRootfs=null, restartPolicy=null, ulimits=null, cpuCount=null, cpuPercent=null, ioMaximumIOps=null, ioMaximumBandwidth=null, volumesFrom=[], mounts=null, pidMode=null, isolation=null, securityOpts=null, storageOpt=null, cgroupParent=null, volumeDriver=null, shmSize=null, pidsLimit=null, runtime=null, tmpFs=null, utSMode=null, usernsMode=null, sysctls=null, consoleSize=null, cgroupnsMode=null),hostName=<null>,image=testcontainers/vnc-recorder:1.3.0,ipv4Address=<null>,ipv6Address=<null>,labels={org.testcontainers=true, org.testcontainers.lang=java, org.testcontainers.version=1.19.3, org.testcontainers.sessionId=ad01dab1-4b9b-4848-b723-5acec0598df9},macAddress=<null>,name=<null>,networkDisabled=<null>,networkingConfig=org.testcontainers.shaded.com.github.dockerjava.core.command.CreateContainerCmdImpl$NetworkingConfig@726a17c4,onBuild=<null>,platform=<null>,portSpecs=<null>,shell=<null>,stdInOnce=<null>,stdinOpen=<null>,stopSignal=<null>,stopTimeout=<null>,tty=<null>,user=<null>,volumes=Volumes(volumes=[]),workingDir=<null>]
10:24:06.540 [main] DEBUG com.github.dockerjava.zerodep.shaded.org.apache.hc.client5.http.impl.classic.InternalHttpClient -- ex-00000016: preparing request execution
10:24:06.540 [main] DEBUG com.github.dockerjava.zerodep.shaded.org.apache.hc.client5.http.protocol.RequestAddCookies -- Cookie spec selected: strict
10:24:06.541 [main] DEBUG com.github.dockerjava.zerodep.shaded.org.apache.hc.client5.http.protocol.RequestAuthCache -- Auth cache not set in the context
10:24:06.541 [main] DEBUG com.github.dockerjava.zerodep.shaded.org.apache.hc.client5.http.impl.classic.ProtocolExec -- ex-00000016: target auth state: UNCHALLENGED
10:24:06.541 [main] DEBUG com.github.dockerjava.zerodep.shaded.org.apache.hc.client5.http.impl.classic.ProtocolExec -- ex-00000016: proxy auth state: UNCHALLENGED
10:24:06.541 [main] DEBUG com.github.dockerjava.zerodep.shaded.org.apache.hc.client5.http.impl.classic.ConnectExec -- ex-00000016: acquiring connection with route {}->npipe://localhost:2375
10:24:06.541 [main] DEBUG com.github.dockerjava.zerodep.shaded.org.apache.hc.client5.http.impl.classic.InternalHttpClient -- ex-00000016: acquiring endpoint (3 MINUTES)
10:24:06.542 [main] DEBUG com.github.dockerjava.zerodep.shaded.org.apache.hc.client5.http.impl.io.PoolingHttpClientConnectionManager -- ex-00000016: endpoint lease request (3 MINUTES) [route: {}->npipe://localhost:2375][total available: 2; route allocated: 2 of 2147483647; total allocated: 2 of 2147483647]
10:24:06.542 [main] DEBUG com.github.dockerjava.zerodep.shaded.org.apache.hc.client5.http.impl.io.PoolingHttpClientConnectionManager -- ex-00000016: endpoint leased [route: {}->npipe://localhost:2375][total available: 1; route allocated: 2 of 2147483647; total allocated: 2 of 2147483647]
10:24:06.542 [main] DEBUG com.github.dockerjava.zerodep.shaded.org.apache.hc.client5.http.impl.io.PoolingHttpClientConnectionManager -- ex-00000016: acquired ep-00000015
10:24:06.542 [main] DEBUG com.github.dockerjava.zerodep.shaded.org.apache.hc.client5.http.impl.classic.InternalHttpClient -- ex-00000016: acquired endpoint ep-00000015
10:24:06.542 [main] DEBUG com.github.dockerjava.zerodep.shaded.org.apache.hc.client5.http.impl.classic.MainClientExec -- ex-00000016: executing POST /v1.32/containers/create HTTP/1.1
10:24:06.542 [main] DEBUG com.github.dockerjava.zerodep.shaded.org.apache.hc.client5.http.impl.classic.InternalHttpClient -- ep-00000015: start execution ex-00000016
10:24:06.542 [main] DEBUG com.github.dockerjava.zerodep.shaded.org.apache.hc.client5.http.impl.io.PoolingHttpClientConnectionManager -- ep-00000015: executing exchange ex-00000016 over http-outgoing-3
10:24:06.542 [main] DEBUG com.github.dockerjava.zerodep.shaded.org.apache.hc.client5.http.headers -- http-outgoing-3 >> POST /v1.32/containers/create HTTP/1.1
10:24:06.542 [main] DEBUG com.github.dockerjava.zerodep.shaded.org.apache.hc.client5.http.headers -- http-outgoing-3 >> X-Registry-Auth: eyJ1c2VybmFtZSI6ImVsZW5hY2FiZSIsInBhc3N3b3JkIjoiZGNrcl9wYXRfTFNweVg2VU02ekszeDNEYzlzNW5QWWNmeVE0IiwiZW1haWwiOm51bGwsInNlcnZlcmFkZHJlc3MiOiJodHRwczovL2luZGV4LmRvY2tlci5pby92MS8iLCJhdXRoIjpudWxsLCJyZWdpc3RyeXRva2VuIjpudWxsLCJpZGVudGl0eXRva2VuIjpudWxsLCJzdGFja09yY2hlc3RyYXRvciI6bnVsbH0=
10:24:06.542 [main] DEBUG com.github.dockerjava.zerodep.shaded.org.apache.hc.client5.http.headers -- http-outgoing-3 >> accept: application/json
10:24:06.542 [main] DEBUG com.github.dockerjava.zerodep.shaded.org.apache.hc.client5.http.headers -- http-outgoing-3 >> content-type: application/json
10:24:06.542 [main] DEBUG com.github.dockerjava.zerodep.shaded.org.apache.hc.client5.http.headers -- http-outgoing-3 >> x-tc-sid: ad01dab1-4b9b-4848-b723-5acec0598df9
10:24:06.542 [main] DEBUG com.github.dockerjava.zerodep.shaded.org.apache.hc.client5.http.headers -- http-outgoing-3 >> User-Agent: tc-java/1.19.3
10:24:06.542 [main] DEBUG com.github.dockerjava.zerodep.shaded.org.apache.hc.client5.http.headers -- http-outgoing-3 >> Accept-Encoding: gzip, x-gzip, deflate
10:24:06.542 [main] DEBUG com.github.dockerjava.zerodep.shaded.org.apache.hc.client5.http.headers -- http-outgoing-3 >> Content-Length: 2441
10:24:06.542 [main] DEBUG com.github.dockerjava.zerodep.shaded.org.apache.hc.client5.http.headers -- http-outgoing-3 >> Host: localhost:2375
10:24:06.542 [main] DEBUG com.github.dockerjava.zerodep.shaded.org.apache.hc.client5.http.headers -- http-outgoing-3 >> Connection: keep-alive
10:24:06.542 [main] DEBUG com.github.dockerjava.zerodep.shaded.org.apache.hc.client5.http.wire -- http-outgoing-3 >> "POST /v1.32/containers/create HTTP/1.1[\r][\n]"
10:24:06.542 [main] DEBUG com.github.dockerjava.zerodep.shaded.org.apache.hc.client5.http.wire -- http-outgoing-3 >> "X-Registry-Auth: eyJ1c2VybmFtZSI6ImVsZW5hY2FiZSIsInBhc3N3b3JkIjoiZGNrcl9wYXRfTFNweVg2VU02ekszeDNEYzlzNW5QWWNmeVE0IiwiZW1haWwiOm51bGwsInNlcnZlcmFkZHJlc3MiOiJodHRwczovL2luZGV4LmRvY2tlci5pby92MS8iLCJhdXRoIjpudWxsLCJyZWdpc3RyeXRva2VuIjpudWxsLCJpZGVudGl0eXRva2VuIjpudWxsLCJzdGFja09yY2hlc3RyYXRvciI6bnVsbH0=[\r][\n]"
10:24:06.542 [main] DEBUG com.github.dockerjava.zerodep.shaded.org.apache.hc.client5.http.wire -- http-outgoing-3 >> "accept: application/json[\r][\n]"
10:24:06.542 [main] DEBUG com.github.dockerjava.zerodep.shaded.org.apache.hc.client5.http.wire -- http-outgoing-3 >> "content-type: application/json[\r][\n]"
10:24:06.542 [main] DEBUG com.github.dockerjava.zerodep.shaded.org.apache.hc.client5.http.wire -- http-outgoing-3 >> "x-tc-sid: ad01dab1-4b9b-4848-b723-5acec0598df9[\r][\n]"
10:24:06.542 [main] DEBUG com.github.dockerjava.zerodep.shaded.org.apache.hc.client5.http.wire -- http-outgoing-3 >> "User-Agent: tc-java/1.19.3[\r][\n]"
10:24:06.542 [main] DEBUG com.github.dockerjava.zerodep.shaded.org.apache.hc.client5.http.wire -- http-outgoing-3 >> "Accept-Encoding: gzip, x-gzip, deflate[\r][\n]"
10:24:06.542 [main] DEBUG com.github.dockerjava.zerodep.shaded.org.apache.hc.client5.http.wire -- http-outgoing-3 >> "Content-Length: 2441[\r][\n]"
10:24:06.542 [main] DEBUG com.github.dockerjava.zerodep.shaded.org.apache.hc.client5.http.wire -- http-outgoing-3 >> "Host: localhost:2375[\r][\n]"
10:24:06.542 [main] DEBUG com.github.dockerjava.zerodep.shaded.org.apache.hc.client5.http.wire -- http-outgoing-3 >> "Connection: keep-alive[\r][\n]"
10:24:06.542 [main] DEBUG com.github.dockerjava.zerodep.shaded.org.apache.hc.client5.http.wire -- http-outgoing-3 >> "[\r][\n]"
10:24:06.543 [main] DEBUG com.github.dockerjava.zerodep.shaded.org.apache.hc.client5.http.wire -- http-outgoing-3 >> "{"Hostname":null,"Domainname":null,"User":null,"AttachStdin":null,"AttachStdout":null,"AttachStderr":null,"PortSpecs":null,"Tty":null,"OpenStdin":null,"StdinOnce":null,"Env":[],"Cmd":["-c","echo 'c2VjcmV0' | base64 -d > /vnc_password && flvrec.py -o /screen.flv -d -r 30 -P /vnc_password tc-bC4mHTMp 5900"],"Healthcheck":null,"ArgsEscaped":null,"Entrypoint":["/bin/sh"],"Image":"testcontainers/vnc-recorder:1.3.0","Volumes":{},"WorkingDir":null,"MacAddress":null,"OnBuild":null,"NetworkDisabled":null,"ExposedPorts":{},"StopSignal":null,"StopTimeout":null,"HostConfig":{"Binds":[],"BlkioWeight":null,"BlkioWeightDevice":null,"BlkioDeviceReadBps":null,"BlkioDeviceWriteBps":null,"BlkioDeviceReadIOps":null,"BlkioDeviceWriteIOps":null,"MemorySwappiness":null,"NanoCpus":null,"CapAdd":null,"CapDrop":null,"ContainerIDFile":null,"CpuPeriod":null,"CpuRealtimePeriod":null,"CpuRealtimeRuntime":null,"CpuShares":null,"CpuQuota":null,"CpusetCpus":null,"CpusetMems":null,"Devices":null,"DeviceCgroupRules":null,"DeviceRequests":null,"DiskQuota":null,"Dns":null,"DnsOptions":null,"DnsSearch":null,"ExtraHosts":[],"GroupAdd":null,"IpcMode":null,"Cgroup":null,"Links":[],"LogConfig":null,"LxcConf":null,"Memory":null,"MemorySwap":null,"MemoryReservation":null,"KernelMemory":null,"NetworkMode":"d06d86462e027f930f5300865309181ec5516677835542d09caebea3815b82e0","OomKillDisable":null,"Init":null,"AutoRemove":null,"OomScoreAdj":null,"PortBindings":{},"Privileged":null,"PublishAllPorts":null,"ReadonlyRootfs":null,"RestartPolicy":null,"Ulimits":null,"CpuCount":null,"CpuPercent":null,"IOMaximumIOps":null,"IOMaximumBandwidth":null,"VolumesFrom":[],"Mounts":null,"PidMode":null,"Isolation":null,"SecurityOpt":null,"StorageOpt":null,"CgroupParent":null,"VolumeDriver":null,"ShmSize":null,"PidsLimit":null,"Runtime":null,"Tmpfs":null,"UTSMode":null,"UsernsMode":null,"Sysctls":null,"ConsoleSize":null,"CgroupnsMode":null},"Labels":{"org.testcontainers":"true","org.testcontainers.lang":"java","org.testcontainers.version":"1.19.3","org.testcontainers.sessionId":"ad01dab1-4b9b-4848-b723-5acec0598df9"},"Shell":null,"NetworkingConfig":{"EndpointsConfig":{"d06d86462e027f930f5300865309181ec5516677835542d09caebea3815b82e0":{"IPAMConfig":null,"Links":null,"Aliases":["tc-B6Tt2dhp"],"NetworkID":null,"EndpointID":null,"Gateway":null,"IPAddress":null,"IPPrefixLen":null,"IPv6Gateway":null,"GlobalIPv6Address":null,"GlobalIPv6PrefixLen":null,"MacAddress":null}}}}"
10:24:06.671 [main] DEBUG com.github.dockerjava.zerodep.shaded.org.apache.hc.client5.http.wire -- http-outgoing-3 << "HTTP/1.1 201 Created[\r][\n]"
10:24:06.671 [main] DEBUG com.github.dockerjava.zerodep.shaded.org.apache.hc.client5.http.wire -- http-outgoing-3 << "Api-Version: 1.47[\r][\n]"
10:24:06.671 [main] DEBUG com.github.dockerjava.zerodep.shaded.org.apache.hc.client5.http.wire -- http-outgoing-3 << "Content-Type: application/json[\r][\n]"
10:24:06.671 [main] DEBUG com.github.dockerjava.zerodep.shaded.org.apache.hc.client5.http.wire -- http-outgoing-3 << "Date: Fri, 02 May 2025 08:24:06 GMT[\r][\n]"
10:24:06.671 [main] DEBUG com.github.dockerjava.zerodep.shaded.org.apache.hc.client5.http.wire -- http-outgoing-3 << "Docker-Experimental: false[\r][\n]"
10:24:06.671 [main] DEBUG com.github.dockerjava.zerodep.shaded.org.apache.hc.client5.http.wire -- http-outgoing-3 << "Ostype: linux[\r][\n]"
10:24:06.671 [main] DEBUG com.github.dockerjava.zerodep.shaded.org.apache.hc.client5.http.wire -- http-outgoing-3 << "Server: Docker/27.5.1 (linux)[\r][\n]"
10:24:06.671 [main] DEBUG com.github.dockerjava.zerodep.shaded.org.apache.hc.client5.http.wire -- http-outgoing-3 << "Transfer-Encoding: chunked[\r][\n]"
10:24:06.671 [main] DEBUG com.github.dockerjava.zerodep.shaded.org.apache.hc.client5.http.wire -- http-outgoing-3 << "[\r][\n]"
10:24:06.672 [main] DEBUG com.github.dockerjava.zerodep.shaded.org.apache.hc.client5.http.headers -- http-outgoing-3 << HTTP/1.1 201 Created
10:24:06.672 [main] DEBUG com.github.dockerjava.zerodep.shaded.org.apache.hc.client5.http.headers -- http-outgoing-3 << Api-Version: 1.47
10:24:06.672 [main] DEBUG com.github.dockerjava.zerodep.shaded.org.apache.hc.client5.http.headers -- http-outgoing-3 << Content-Type: application/json
10:24:06.672 [main] DEBUG com.github.dockerjava.zerodep.shaded.org.apache.hc.client5.http.headers -- http-outgoing-3 << Date: Fri, 02 May 2025 08:24:06 GMT
10:24:06.672 [main] DEBUG com.github.dockerjava.zerodep.shaded.org.apache.hc.client5.http.headers -- http-outgoing-3 << Docker-Experimental: false
10:24:06.673 [main] DEBUG com.github.dockerjava.zerodep.shaded.org.apache.hc.client5.http.headers -- http-outgoing-3 << Ostype: linux
10:24:06.673 [main] DEBUG com.github.dockerjava.zerodep.shaded.org.apache.hc.client5.http.headers -- http-outgoing-3 << Server: Docker/27.5.1 (linux)
10:24:06.673 [main] DEBUG com.github.dockerjava.zerodep.shaded.org.apache.hc.client5.http.headers -- http-outgoing-3 << Transfer-Encoding: chunked
10:24:06.673 [main] DEBUG com.github.dockerjava.zerodep.shaded.org.apache.hc.client5.http.impl.classic.MainClientExec -- ex-00000016: connection can be kept alive for 3 MINUTES
10:24:06.673 [main] DEBUG com.github.dockerjava.zerodep.shaded.org.apache.hc.client5.http.wire -- http-outgoing-3 << "58[\r][\n]"
10:24:06.673 [main] DEBUG com.github.dockerjava.zerodep.shaded.org.apache.hc.client5.http.wire -- http-outgoing-3 << "{"Id":"e96403dc02ca8a5ad2cba40edfb6d108392a0b4715d78fd5756ab8fdd2127d35","Warnings":[]}[\n]"
10:24:06.673 [main] DEBUG com.github.dockerjava.zerodep.shaded.org.apache.hc.client5.http.wire -- http-outgoing-3 << "[\r][\n]"
10:24:06.673 [main] DEBUG com.github.dockerjava.zerodep.shaded.org.apache.hc.client5.http.wire -- http-outgoing-3 << "0[\r][\n]"
10:24:06.673 [main] DEBUG com.github.dockerjava.zerodep.shaded.org.apache.hc.client5.http.wire -- http-outgoing-3 << "[\r][\n]"
10:24:06.673 [main] DEBUG com.github.dockerjava.zerodep.shaded.org.apache.hc.client5.http.impl.classic.InternalHttpClient -- ep-00000015: releasing valid endpoint
10:24:06.673 [main] DEBUG com.github.dockerjava.zerodep.shaded.org.apache.hc.client5.http.impl.io.PoolingHttpClientConnectionManager -- ep-00000015: releasing endpoint
10:24:06.674 [main] DEBUG com.github.dockerjava.zerodep.shaded.org.apache.hc.client5.http.impl.io.PoolingHttpClientConnectionManager -- ep-00000015: connection http-outgoing-3 can be kept alive for 3 MINUTES
10:24:06.674 [main] DEBUG com.github.dockerjava.zerodep.shaded.org.apache.hc.client5.http.impl.io.PoolingHttpClientConnectionManager -- ep-00000015: connection released [route: {}->npipe://localhost:2375][total available: 2; route allocated: 2 of 2147483647; total allocated: 2 of 2147483647]
10:24:06.674 [main] INFO tc.testcontainers/vnc-recorder:1.3.0 -- Container testcontainers/vnc-recorder:1.3.0 is starting: e96403dc02ca8a5ad2cba40edfb6d108392a0b4715d78fd5756ab8fdd2127d35
10:24:06.674 [main] DEBUG org.testcontainers.shaded.com.github.dockerjava.core.command.AbstrDockerCmd -- Cmd: e96403dc02ca8a5ad2cba40edfb6d108392a0b4715d78fd5756ab8fdd2127d35
10:24:06.675 [main] DEBUG com.github.dockerjava.zerodep.shaded.org.apache.hc.client5.http.impl.classic.InternalHttpClient -- ex-00000017: preparing request execution
10:24:06.675 [main] DEBUG com.github.dockerjava.zerodep.shaded.org.apache.hc.client5.http.protocol.RequestAddCookies -- Cookie spec selected: strict
10:24:06.676 [main] DEBUG com.github.dockerjava.zerodep.shaded.org.apache.hc.client5.http.protocol.RequestAuthCache -- Auth cache not set in the context
10:24:06.676 [main] DEBUG com.github.dockerjava.zerodep.shaded.org.apache.hc.client5.http.impl.classic.ProtocolExec -- ex-00000017: target auth state: UNCHALLENGED
10:24:06.676 [main] DEBUG com.github.dockerjava.zerodep.shaded.org.apache.hc.client5.http.impl.classic.ProtocolExec -- ex-00000017: proxy auth state: UNCHALLENGED
10:24:06.676 [main] DEBUG com.github.dockerjava.zerodep.shaded.org.apache.hc.client5.http.impl.classic.ConnectExec -- ex-00000017: acquiring connection with route {}->npipe://localhost:2375
10:24:06.676 [main] DEBUG com.github.dockerjava.zerodep.shaded.org.apache.hc.client5.http.impl.classic.InternalHttpClient -- ex-00000017: acquiring endpoint (3 MINUTES)
10:24:06.676 [main] DEBUG com.github.dockerjava.zerodep.shaded.org.apache.hc.client5.http.impl.io.PoolingHttpClientConnectionManager -- ex-00000017: endpoint lease request (3 MINUTES) [route: {}->npipe://localhost:2375][total available: 2; route allocated: 2 of 2147483647; total allocated: 2 of 2147483647]
10:24:06.676 [main] DEBUG com.github.dockerjava.zerodep.shaded.org.apache.hc.client5.http.impl.io.PoolingHttpClientConnectionManager -- ex-00000017: endpoint leased [route: {}->npipe://localhost:2375][total available: 1; route allocated: 2 of 2147483647; total allocated: 2 of 2147483647]
10:24:06.676 [main] DEBUG com.github.dockerjava.zerodep.shaded.org.apache.hc.client5.http.impl.io.PoolingHttpClientConnectionManager -- ex-00000017: acquired ep-00000016
10:24:06.677 [main] DEBUG com.github.dockerjava.zerodep.shaded.org.apache.hc.client5.http.impl.classic.InternalHttpClient -- ex-00000017: acquired endpoint ep-00000016
10:24:06.680 [main] DEBUG com.github.dockerjava.zerodep.shaded.org.apache.hc.client5.http.impl.classic.MainClientExec -- ex-00000017: executing POST /v1.32/containers/e96403dc02ca8a5ad2cba40edfb6d108392a0b4715d78fd5756ab8fdd2127d35/start HTTP/1.1
10:24:06.680 [main] DEBUG com.github.dockerjava.zerodep.shaded.org.apache.hc.client5.http.impl.classic.InternalHttpClient -- ep-00000016: start execution ex-00000017
10:24:06.680 [main] DEBUG com.github.dockerjava.zerodep.shaded.org.apache.hc.client5.http.impl.io.PoolingHttpClientConnectionManager -- ep-00000016: executing exchange ex-00000017 over http-outgoing-3
10:24:06.680 [main] DEBUG com.github.dockerjava.zerodep.shaded.org.apache.hc.client5.http.headers -- http-outgoing-3 >> POST /v1.32/containers/e96403dc02ca8a5ad2cba40edfb6d108392a0b4715d78fd5756ab8fdd2127d35/start HTTP/1.1
10:24:06.680 [main] DEBUG com.github.dockerjava.zerodep.shaded.org.apache.hc.client5.http.headers -- http-outgoing-3 >> accept: application/json
10:24:06.681 [main] DEBUG com.github.dockerjava.zerodep.shaded.org.apache.hc.client5.http.headers -- http-outgoing-3 >> content-type: application/json
10:24:06.681 [main] DEBUG com.github.dockerjava.zerodep.shaded.org.apache.hc.client5.http.headers -- http-outgoing-3 >> x-tc-sid: ad01dab1-4b9b-4848-b723-5acec0598df9
10:24:06.681 [main] DEBUG com.github.dockerjava.zerodep.shaded.org.apache.hc.client5.http.headers -- http-outgoing-3 >> User-Agent: tc-java/1.19.3
10:24:06.681 [main] DEBUG com.github.dockerjava.zerodep.shaded.org.apache.hc.client5.http.headers -- http-outgoing-3 >> Accept-Encoding: gzip, x-gzip, deflate
10:24:06.681 [main] DEBUG com.github.dockerjava.zerodep.shaded.org.apache.hc.client5.http.headers -- http-outgoing-3 >> Host: localhost:2375
10:24:06.681 [main] DEBUG com.github.dockerjava.zerodep.shaded.org.apache.hc.client5.http.headers -- http-outgoing-3 >> Connection: keep-alive
10:24:06.681 [main] DEBUG com.github.dockerjava.zerodep.shaded.org.apache.hc.client5.http.wire -- http-outgoing-3 >> "POST /v1.32/containers/e96403dc02ca8a5ad2cba40edfb6d108392a0b4715d78fd5756ab8fdd2127d35/start HTTP/1.1[\r][\n]"
10:24:06.681 [main] DEBUG com.github.dockerjava.zerodep.shaded.org.apache.hc.client5.http.wire -- http-outgoing-3 >> "accept: application/json[\r][\n]"
10:24:06.681 [main] DEBUG com.github.dockerjava.zerodep.shaded.org.apache.hc.client5.http.wire -- http-outgoing-3 >> "content-type: application/json[\r][\n]"
10:24:06.681 [main] DEBUG com.github.dockerjava.zerodep.shaded.org.apache.hc.client5.http.wire -- http-outgoing-3 >> "x-tc-sid: ad01dab1-4b9b-4848-b723-5acec0598df9[\r][\n]"
10:24:06.681 [main] DEBUG com.github.dockerjava.zerodep.shaded.org.apache.hc.client5.http.wire -- http-outgoing-3 >> "User-Agent: tc-java/1.19.3[\r][\n]"
10:24:06.681 [main] DEBUG com.github.dockerjava.zerodep.shaded.org.apache.hc.client5.http.wire -- http-outgoing-3 >> "Accept-Encoding: gzip, x-gzip, deflate[\r][\n]"
10:24:06.681 [main] DEBUG com.github.dockerjava.zerodep.shaded.org.apache.hc.client5.http.wire -- http-outgoing-3 >> "Host: localhost:2375[\r][\n]"
10:24:06.681 [main] DEBUG com.github.dockerjava.zerodep.shaded.org.apache.hc.client5.http.wire -- http-outgoing-3 >> "Connection: keep-alive[\r][\n]"
10:24:06.681 [main] DEBUG com.github.dockerjava.zerodep.shaded.org.apache.hc.client5.http.wire -- http-outgoing-3 >> "[\r][\n]"
10:24:07.102 [main] DEBUG com.github.dockerjava.zerodep.shaded.org.apache.hc.client5.http.wire -- http-outgoing-3 << "HTTP/1.1 204 No Content[\r][\n]"
10:24:07.102 [main] DEBUG com.github.dockerjava.zerodep.shaded.org.apache.hc.client5.http.wire -- http-outgoing-3 << "Api-Version: 1.47[\r][\n]"
10:24:07.103 [main] DEBUG com.github.dockerjava.zerodep.shaded.org.apache.hc.client5.http.wire -- http-outgoing-3 << "Date: Fri, 02 May 2025 08:24:07 GMT[\r][\n]"
10:24:07.103 [main] DEBUG com.github.dockerjava.zerodep.shaded.org.apache.hc.client5.http.wire -- http-outgoing-3 << "Docker-Experimental: false[\r][\n]"
10:24:07.103 [main] DEBUG com.github.dockerjava.zerodep.shaded.org.apache.hc.client5.http.wire -- http-outgoing-3 << "Ostype: linux[\r][\n]"
10:24:07.103 [main] DEBUG com.github.dockerjava.zerodep.shaded.org.apache.hc.client5.http.wire -- http-outgoing-3 << "Server: Docker/27.5.1 (linux)[\r][\n]"
10:24:07.103 [main] DEBUG com.github.dockerjava.zerodep.shaded.org.apache.hc.client5.http.wire -- http-outgoing-3 << "[\r][\n]"
10:24:07.103 [main] DEBUG com.github.dockerjava.zerodep.shaded.org.apache.hc.client5.http.headers -- http-outgoing-3 << HTTP/1.1 204 No Content
10:24:07.103 [main] DEBUG com.github.dockerjava.zerodep.shaded.org.apache.hc.client5.http.headers -- http-outgoing-3 << Api-Version: 1.47
10:24:07.103 [main] DEBUG com.github.dockerjava.zerodep.shaded.org.apache.hc.client5.http.headers -- http-outgoing-3 << Date: Fri, 02 May 2025 08:24:07 GMT
10:24:07.103 [main] DEBUG com.github.dockerjava.zerodep.shaded.org.apache.hc.client5.http.headers -- http-outgoing-3 << Docker-Experimental: false
10:24:07.103 [main] DEBUG com.github.dockerjava.zerodep.shaded.org.apache.hc.client5.http.headers -- http-outgoing-3 << Ostype: linux
10:24:07.103 [main] DEBUG com.github.dockerjava.zerodep.shaded.org.apache.hc.client5.http.headers -- http-outgoing-3 << Server: Docker/27.5.1 (linux)
10:24:07.103 [main] DEBUG com.github.dockerjava.zerodep.shaded.org.apache.hc.client5.http.impl.classic.MainClientExec -- ex-00000017: connection can be kept alive for 3 MINUTES
10:24:07.103 [main] DEBUG com.github.dockerjava.zerodep.shaded.org.apache.hc.client5.http.impl.classic.InternalHttpClient -- ep-00000016: releasing valid endpoint
10:24:07.103 [main] DEBUG com.github.dockerjava.zerodep.shaded.org.apache.hc.client5.http.impl.io.PoolingHttpClientConnectionManager -- ep-00000016: releasing endpoint
10:24:07.103 [main] DEBUG com.github.dockerjava.zerodep.shaded.org.apache.hc.client5.http.impl.io.PoolingHttpClientConnectionManager -- ep-00000016: connection http-outgoing-3 can be kept alive for 3 MINUTES
10:24:07.103 [main] DEBUG com.github.dockerjava.zerodep.shaded.org.apache.hc.client5.http.impl.io.PoolingHttpClientConnectionManager -- ep-00000016: connection released [route: {}->npipe://localhost:2375][total available: 2; route allocated: 2 of 2147483647; total allocated: 2 of 2147483647]
10:24:07.103 [main] DEBUG org.testcontainers.shaded.com.github.dockerjava.core.command.AbstrDockerCmd -- Cmd: e96403dc02ca8a5ad2cba40edfb6d108392a0b4715d78fd5756ab8fdd2127d35,false
10:24:07.104 [main] DEBUG org.testcontainers.shaded.com.github.dockerjava.core.exec.InspectContainerCmdExec -- GET: DefaultWebTarget{path=[/containers/e96403dc02ca8a5ad2cba40edfb6d108392a0b4715d78fd5756ab8fdd2127d35/json], queryParams={}}
10:24:07.104 [main] DEBUG com.github.dockerjava.zerodep.shaded.org.apache.hc.client5.http.impl.classic.InternalHttpClient -- ex-00000018: preparing request execution
10:24:07.104 [main] DEBUG com.github.dockerjava.zerodep.shaded.org.apache.hc.client5.http.protocol.RequestAddCookies -- Cookie spec selected: strict
10:24:07.104 [main] DEBUG com.github.dockerjava.zerodep.shaded.org.apache.hc.client5.http.protocol.RequestAuthCache -- Auth cache not set in the context
10:24:07.104 [main] DEBUG com.github.dockerjava.zerodep.shaded.org.apache.hc.client5.http.impl.classic.ProtocolExec -- ex-00000018: target auth state: UNCHALLENGED
10:24:07.104 [main] DEBUG com.github.dockerjava.zerodep.shaded.org.apache.hc.client5.http.impl.classic.ProtocolExec -- ex-00000018: proxy auth state: UNCHALLENGED
10:24:07.104 [main] DEBUG com.github.dockerjava.zerodep.shaded.org.apache.hc.client5.http.impl.classic.ConnectExec -- ex-00000018: acquiring connection with route {}->npipe://localhost:2375
10:24:07.104 [main] DEBUG com.github.dockerjava.zerodep.shaded.org.apache.hc.client5.http.impl.classic.InternalHttpClient -- ex-00000018: acquiring endpoint (3 MINUTES)
10:24:07.104 [main] DEBUG com.github.dockerjava.zerodep.shaded.org.apache.hc.client5.http.impl.io.PoolingHttpClientConnectionManager -- ex-00000018: endpoint lease request (3 MINUTES) [route: {}->npipe://localhost:2375][total available: 2; route allocated: 2 of 2147483647; total allocated: 2 of 2147483647]
10:24:07.104 [main] DEBUG com.github.dockerjava.zerodep.shaded.org.apache.hc.client5.http.impl.io.PoolingHttpClientConnectionManager -- ex-00000018: endpoint leased [route: {}->npipe://localhost:2375][total available: 1; route allocated: 2 of 2147483647; total allocated: 2 of 2147483647]
10:24:07.105 [main] DEBUG com.github.dockerjava.zerodep.shaded.org.apache.hc.client5.http.impl.io.PoolingHttpClientConnectionManager -- ex-00000018: acquired ep-00000017
10:24:07.105 [main] DEBUG com.github.dockerjava.zerodep.shaded.org.apache.hc.client5.http.impl.classic.InternalHttpClient -- ex-00000018: acquired endpoint ep-00000017
10:24:07.105 [main] DEBUG com.github.dockerjava.zerodep.shaded.org.apache.hc.client5.http.impl.classic.MainClientExec -- ex-00000018: executing GET /v1.32/containers/e96403dc02ca8a5ad2cba40edfb6d108392a0b4715d78fd5756ab8fdd2127d35/json HTTP/1.1
10:24:07.105 [main] DEBUG com.github.dockerjava.zerodep.shaded.org.apache.hc.client5.http.impl.classic.InternalHttpClient -- ep-00000017: start execution ex-00000018
10:24:07.105 [main] DEBUG com.github.dockerjava.zerodep.shaded.org.apache.hc.client5.http.impl.io.PoolingHttpClientConnectionManager -- ep-00000017: executing exchange ex-00000018 over http-outgoing-3
10:24:07.105 [main] DEBUG com.github.dockerjava.zerodep.shaded.org.apache.hc.client5.http.headers -- http-outgoing-3 >> GET /v1.32/containers/e96403dc02ca8a5ad2cba40edfb6d108392a0b4715d78fd5756ab8fdd2127d35/json HTTP/1.1
10:24:07.105 [main] DEBUG com.github.dockerjava.zerodep.shaded.org.apache.hc.client5.http.headers -- http-outgoing-3 >> accept: application/json
10:24:07.105 [main] DEBUG com.github.dockerjava.zerodep.shaded.org.apache.hc.client5.http.headers -- http-outgoing-3 >> x-tc-sid: ad01dab1-4b9b-4848-b723-5acec0598df9
10:24:07.105 [main] DEBUG com.github.dockerjava.zerodep.shaded.org.apache.hc.client5.http.headers -- http-outgoing-3 >> User-Agent: tc-java/1.19.3
10:24:07.105 [main] DEBUG com.github.dockerjava.zerodep.shaded.org.apache.hc.client5.http.headers -- http-outgoing-3 >> Accept-Encoding: gzip, x-gzip, deflate
10:24:07.105 [main] DEBUG com.github.dockerjava.zerodep.shaded.org.apache.hc.client5.http.headers -- http-outgoing-3 >> Host: localhost:2375
10:24:07.105 [main] DEBUG com.github.dockerjava.zerodep.shaded.org.apache.hc.client5.http.headers -- http-outgoing-3 >> Connection: keep-alive
10:24:07.105 [main] DEBUG com.github.dockerjava.zerodep.shaded.org.apache.hc.client5.http.wire -- http-outgoing-3 >> "GET /v1.32/containers/e96403dc02ca8a5ad2cba40edfb6d108392a0b4715d78fd5756ab8fdd2127d35/json HTTP/1.1[\r][\n]"
10:24:07.105 [main] DEBUG com.github.dockerjava.zerodep.shaded.org.apache.hc.client5.http.wire -- http-outgoing-3 >> "accept: application/json[\r][\n]"
10:24:07.105 [main] DEBUG com.github.dockerjava.zerodep.shaded.org.apache.hc.client5.http.wire -- http-outgoing-3 >> "x-tc-sid: ad01dab1-4b9b-4848-b723-5acec0598df9[\r][\n]"
10:24:07.105 [main] DEBUG com.github.dockerjava.zerodep.shaded.org.apache.hc.client5.http.wire -- http-outgoing-3 >> "User-Agent: tc-java/1.19.3[\r][\n]"
10:24:07.105 [main] DEBUG com.github.dockerjava.zerodep.shaded.org.apache.hc.client5.http.wire -- http-outgoing-3 >> "Accept-Encoding: gzip, x-gzip, deflate[\r][\n]"
10:24:07.105 [main] DEBUG com.github.dockerjava.zerodep.shaded.org.apache.hc.client5.http.wire -- http-outgoing-3 >> "Host: localhost:2375[\r][\n]"
10:24:07.105 [main] DEBUG com.github.dockerjava.zerodep.shaded.org.apache.hc.client5.http.wire -- http-outgoing-3 >> "Connection: keep-alive[\r][\n]"
10:24:07.105 [main] DEBUG com.github.dockerjava.zerodep.shaded.org.apache.hc.client5.http.wire -- http-outgoing-3 >> "[\r][\n]"
10:24:07.114 [main] DEBUG com.github.dockerjava.zerodep.shaded.org.apache.hc.client5.http.wire -- http-outgoing-3 << "HTTP/1.1 200 OK[\r][\n]"
10:24:07.114 [main] DEBUG com.github.dockerjava.zerodep.shaded.org.apache.hc.client5.http.wire -- http-outgoing-3 << "Api-Version: 1.47[\r][\n]"
10:24:07.114 [main] DEBUG com.github.dockerjava.zerodep.shaded.org.apache.hc.client5.http.wire -- http-outgoing-3 << "Content-Type: application/json[\r][\n]"
10:24:07.114 [main] DEBUG com.github.dockerjava.zerodep.shaded.org.apache.hc.client5.http.wire -- http-outgoing-3 << "Date: Fri, 02 May 2025 08:24:07 GMT[\r][\n]"
10:24:07.114 [main] DEBUG com.github.dockerjava.zerodep.shaded.org.apache.hc.client5.http.wire -- http-outgoing-3 << "Docker-Experimental: false[\r][\n]"
10:24:07.114 [main] DEBUG com.github.dockerjava.zerodep.shaded.org.apache.hc.client5.http.wire -- http-outgoing-3 << "Ostype: linux[\r][\n]"
10:24:07.114 [main] DEBUG com.github.dockerjava.zerodep.shaded.org.apache.hc.client5.http.wire -- http-outgoing-3 << "Server: Docker/27.5.1 (linux)[\r][\n]"
10:24:07.114 [main] DEBUG com.github.dockerjava.zerodep.shaded.org.apache.hc.client5.http.wire -- http-outgoing-3 << "Transfer-Encoding: chunked[\r][\n]"
10:24:07.114 [main] DEBUG com.github.dockerjava.zerodep.shaded.org.apache.hc.client5.http.wire -- http-outgoing-3 << "[\r][\n]"
10:24:07.114 [main] DEBUG com.github.dockerjava.zerodep.shaded.org.apache.hc.client5.http.headers -- http-outgoing-3 << HTTP/1.1 200 OK
10:24:07.114 [main] DEBUG com.github.dockerjava.zerodep.shaded.org.apache.hc.client5.http.headers -- http-outgoing-3 << Api-Version: 1.47
10:24:07.114 [main] DEBUG com.github.dockerjava.zerodep.shaded.org.apache.hc.client5.http.headers -- http-outgoing-3 << Content-Type: application/json
10:24:07.114 [main] DEBUG com.github.dockerjava.zerodep.shaded.org.apache.hc.client5.http.headers -- http-outgoing-3 << Date: Fri, 02 May 2025 08:24:07 GMT
10:24:07.114 [main] DEBUG com.github.dockerjava.zerodep.shaded.org.apache.hc.client5.http.headers -- http-outgoing-3 << Docker-Experimental: false
10:24:07.114 [main] DEBUG com.github.dockerjava.zerodep.shaded.org.apache.hc.client5.http.headers -- http-outgoing-3 << Ostype: linux
10:24:07.114 [main] DEBUG com.github.dockerjava.zerodep.shaded.org.apache.hc.client5.http.headers -- http-outgoing-3 << Server: Docker/27.5.1 (linux)
10:24:07.114 [main] DEBUG com.github.dockerjava.zerodep.shaded.org.apache.hc.client5.http.headers -- http-outgoing-3 << Transfer-Encoding: chunked
10:24:07.114 [main] DEBUG com.github.dockerjava.zerodep.shaded.org.apache.hc.client5.http.impl.classic.MainClientExec -- ex-00000018: connection can be kept alive for 3 MINUTES
10:24:07.116 [main] DEBUG com.github.dockerjava.zerodep.shaded.org.apache.hc.client5.http.wire -- http-outgoing-3 << "1272[\r][\n]"
10:24:07.117 [main] DEBUG com.github.dockerjava.zerodep.shaded.org.apache.hc.client5.http.wire -- http-outgoing-3 << "{"Id":"e96403dc02ca8a5ad2cba40edfb6d108392a0b4715d78fd5756ab8fdd2127d35","Created":"2025-05-02T08:24:06.58893546Z","Path":"/bin/sh","Args":["-c","echo 'c2VjcmV0' | base64 -d \u003e /vnc_password \u0026\u0026 flvrec.py -o /screen.flv -d -r 30 -P /vnc_password tc-bC4mHTMp 5900"],"State":{"Status":"running","Running":true,"Paused":false,"Restarting":false,"OOMKilled":false,"Dead":false,"Pid":25460,"ExitCode":0,"Error":"","StartedAt":"2025-05-02T08:24:06.766850404Z","FinishedAt":"0001-01-01T00:00:00Z"},"Image":"sha256:97fba4daa01bdb900a0716e48765e32c39e26d9357522a5b6004da7799f0822e","ResolvConfPath":"/var/lib/docker/containers/e96403dc02ca8a5ad2cba40edfb6d108392a0b4715d78fd5756ab8fdd2127d35/resolv.conf","HostnamePath":"/var/lib/docker/containers/e96403dc02ca8a5ad2cba40edfb6d108392a0b4715d78fd5756ab8fdd2127d35/hostname","HostsPath":"/var/lib/docker/containers/e96403dc02ca8a5ad2cba40edfb6d108392a0b4715d78fd5756ab8fdd2127d35/hosts","LogPath":"/var/lib/docker/containers/e96403dc02ca8a5ad2cba40edfb6d108392a0b4715d78fd5756ab8fdd2127d35/e96403dc02ca8a5ad2cba40edfb6d108392a0b4715d78fd5756ab8fdd2127d35-json.log","Name":"/gallant_haibt","RestartCount":0,"Driver":"overlayfs","Platform":"linux","MountLabel":"","ProcessLabel":"","AppArmorProfile":"","ExecIDs":null,"HostConfig":{"Binds":[],"ContainerIDFile":"","LogConfig":{"Type":"json-file","Config":{}},"NetworkMode":"d06d86462e027f930f5300865309181ec5516677835542d09caebea3815b82e0","PortBindings":{},"RestartPolicy":{"Name":"no","MaximumRetryCount":0},"AutoRemove":false,"VolumeDriver":"","VolumesFrom":[],"ConsoleSize":[0,0],"CapAdd":null,"CapDrop":null,"CgroupnsMode":"host","Dns":null,"DnsOptions":null,"DnsSearch":null,"ExtraHosts":[],"GroupAdd":null,"IpcMode":"shareable","Cgroup":"","Links":null,"OomScoreAdj":0,"PidMode":"","Privileged":false,"PublishAllPorts":false,"ReadonlyRootfs":false,"SecurityOpt":null,"UTSMode":"","UsernsMode":"","ShmSize":67108864,"Runtime":"runc","Isolation":"","CpuShares":0,"Memory":0,"NanoCpus":0,"CgroupParent":"","BlkioWeight":0,"BlkioWeightDevice":null,"BlkioDeviceReadBps":null,"BlkioDeviceWriteBps":null,"BlkioDeviceReadIOps":null,"BlkioDeviceWriteIOps":null,"CpuPeriod":0,"CpuQuota":0,"CpuRealtimePeriod":0,"CpuRealtimeRuntime":0,"CpusetCpus":"","CpusetMems":"","Devices":null,"DeviceCgroupRules":null,"DeviceRequests":null,"MemoryReservation":0,"MemorySwap":0,"MemorySwappiness":null,"OomKillDisable":false,"PidsLimit":null,"Ulimits":null,"CpuCount":0,"CpuPercent":0,"IOMaximumIOps":0,"IOMaximumBandwidth":0,"MaskedPaths":["/proc/asound","/proc/acpi","/proc/kcore","/proc/keys","/proc/latency_stats","/proc/timer_list","/proc/timer_stats","/proc/sched_debug","/proc/scsi","/sys/firmware","/sys/devices/virtual/powercap"],"ReadonlyPaths":["/proc/bus","/proc/fs","/proc/irq","/proc/sys","/proc/sysrq-trigger"]},"GraphDriver":{"Data":null,"Name":"overlayfs"},"Mounts":[],"Config":{"Hostname":"e96403dc02ca","Domainname":"","User":"","AttachStdin":false,"AttachStdout":false,"AttachStderr":false,"Tty":false,"OpenStdin":false,"StdinOnce":false,"Env":["PATH=/usr/local/sbin:/usr/local/bin:/usr/sbin:/usr/bin:/sbin:/bin"],"Cmd":["-c","echo 'c2VjcmV0' | base64 -d \u003e /vnc_password \u0026\u0026 flvrec.py -o /screen.flv -d -r 30 -P /vnc_password tc-bC4mHTMp 5900"],"Image":"testcontainers/vnc-recorder:1.3.0","Volumes":null,"WorkingDir":"","Entrypoint":["/bin/sh"],"OnBuild":null,"Labels":{"Description":"This image can be used to create a sidekick container for recording videos of VNC sessions hosted in other containers","maintainer":"Richard North \u003crich.north@gmail.com\u003e","org.testcontainers":"true","org.testcontainers.lang":"java","org.testcontainers.sessionId":"ad01dab1-4b9b-4848-b723-5acec0598df9","org.testcontainers.version":"1.19.3"}},"NetworkSettings":{"Bridge":"","SandboxID":"de5b5bb568c28479104032777de9ad19077715579761ebfc5d7ed3a59cba9e7c","SandboxKey":"/var/run/docker/netns/de5b5bb568c2","Ports":{},"HairpinMode":false,"LinkLocalIPv6Address":"","LinkLocalIPv6PrefixLen":0,"SecondaryIPAddresses":null,"SecondaryIPv6Addresses":null,"EndpointID":"","Gateway":"","Glo"
10:24:07.118 [main] DEBUG com.github.dockerjava.zerodep.shaded.org.apache.hc.client5.http.wire -- http-outgoing-3 << "balIPv6Address":"","GlobalIPv6PrefixLen":0,"IPAddress":"","IPPrefixLen":0,"IPv6Gateway":"","MacAddress":"","Networks":{"ea5e0ed8-54d2-4bb1-a6bc-e8e5512c6906":{"IPAMConfig":null,"Links":null,"Aliases":["tc-B6Tt2dhp","e96403dc02ca"],"MacAddress":"02:42:ac:13:00:03","DriverOpts":null,"NetworkID":"d06d86462e027f930f5300865309181ec5516677835542d09caebea3815b82e0","EndpointID":"0c0bcb5a4f8761cdc33524a6d3294c045c34659e343f146d231bc2a012eef575","Gateway":"172.19.0.1","IPAddress":"172.19.0.3","IPPrefixLen":16,"IPv6Gateway":"","GlobalIPv6Address":"","GlobalIPv6PrefixLen":0,"DNSNames":["gallant_haibt","tc-B6Tt2dhp","e96403dc02ca"]}}}}[\n]"
10:24:07.120 [main] DEBUG com.github.dockerjava.zerodep.shaded.org.apache.hc.client5.http.wire -- http-outgoing-3 << "[\r][\n]"
10:24:07.120 [main] DEBUG com.github.dockerjava.zerodep.shaded.org.apache.hc.client5.http.wire -- http-outgoing-3 << "0[\r][\n]"
10:24:07.120 [main] DEBUG com.github.dockerjava.zerodep.shaded.org.apache.hc.client5.http.wire -- http-outgoing-3 << "[\r][\n]"
10:24:07.120 [main] DEBUG com.github.dockerjava.zerodep.shaded.org.apache.hc.client5.http.impl.classic.InternalHttpClient -- ep-00000017: releasing valid endpoint
10:24:07.120 [main] DEBUG com.github.dockerjava.zerodep.shaded.org.apache.hc.client5.http.impl.io.PoolingHttpClientConnectionManager -- ep-00000017: releasing endpoint
10:24:07.120 [main] DEBUG com.github.dockerjava.zerodep.shaded.org.apache.hc.client5.http.impl.io.PoolingHttpClientConnectionManager -- ep-00000017: connection http-outgoing-3 can be kept alive for 3 MINUTES
10:24:07.120 [main] DEBUG com.github.dockerjava.zerodep.shaded.org.apache.hc.client5.http.impl.io.PoolingHttpClientConnectionManager -- ep-00000017: connection released [route: {}->npipe://localhost:2375][total available: 2; route allocated: 2 of 2147483647; total allocated: 2 of 2147483647]
10:24:07.121 [main] DEBUG org.testcontainers.shaded.com.github.dockerjava.core.command.AbstrDockerCmd -- Cmd: sha256:97fba4daa01bdb900a0716e48765e32c39e26d9357522a5b6004da7799f0822e
10:24:07.122 [main] DEBUG com.github.dockerjava.zerodep.shaded.org.apache.hc.client5.http.impl.classic.InternalHttpClient -- ex-00000019: preparing request execution
10:24:07.122 [main] DEBUG com.github.dockerjava.zerodep.shaded.org.apache.hc.client5.http.protocol.RequestAddCookies -- Cookie spec selected: strict
10:24:07.122 [main] DEBUG com.github.dockerjava.zerodep.shaded.org.apache.hc.client5.http.protocol.RequestAuthCache -- Auth cache not set in the context
10:24:07.122 [main] DEBUG com.github.dockerjava.zerodep.shaded.org.apache.hc.client5.http.impl.classic.ProtocolExec -- ex-00000019: target auth state: UNCHALLENGED
10:24:07.122 [main] DEBUG com.github.dockerjava.zerodep.shaded.org.apache.hc.client5.http.impl.classic.ProtocolExec -- ex-00000019: proxy auth state: UNCHALLENGED
10:24:07.122 [main] DEBUG com.github.dockerjava.zerodep.shaded.org.apache.hc.client5.http.impl.classic.ConnectExec -- ex-00000019: acquiring connection with route {}->npipe://localhost:2375
10:24:07.122 [main] DEBUG com.github.dockerjava.zerodep.shaded.org.apache.hc.client5.http.impl.classic.InternalHttpClient -- ex-00000019: acquiring endpoint (3 MINUTES)
10:24:07.122 [main] DEBUG com.github.dockerjava.zerodep.shaded.org.apache.hc.client5.http.impl.io.PoolingHttpClientConnectionManager -- ex-00000019: endpoint lease request (3 MINUTES) [route: {}->npipe://localhost:2375][total available: 2; route allocated: 2 of 2147483647; total allocated: 2 of 2147483647]
10:24:07.122 [main] DEBUG com.github.dockerjava.zerodep.shaded.org.apache.hc.client5.http.impl.io.PoolingHttpClientConnectionManager -- ex-00000019: endpoint leased [route: {}->npipe://localhost:2375][total available: 1; route allocated: 2 of 2147483647; total allocated: 2 of 2147483647]
10:24:07.122 [main] DEBUG com.github.dockerjava.zerodep.shaded.org.apache.hc.client5.http.impl.io.PoolingHttpClientConnectionManager -- ex-00000019: acquired ep-00000018
10:24:07.122 [main] DEBUG com.github.dockerjava.zerodep.shaded.org.apache.hc.client5.http.impl.classic.InternalHttpClient -- ex-00000019: acquired endpoint ep-00000018
10:24:07.123 [main] DEBUG com.github.dockerjava.zerodep.shaded.org.apache.hc.client5.http.impl.classic.MainClientExec -- ex-00000019: executing GET /v1.32/images/sha256:97fba4daa01bdb900a0716e48765e32c39e26d9357522a5b6004da7799f0822e/json HTTP/1.1
10:24:07.123 [main] DEBUG com.github.dockerjava.zerodep.shaded.org.apache.hc.client5.http.impl.classic.InternalHttpClient -- ep-00000018: start execution ex-00000019
10:24:07.123 [main] DEBUG com.github.dockerjava.zerodep.shaded.org.apache.hc.client5.http.impl.io.PoolingHttpClientConnectionManager -- ep-00000018: executing exchange ex-00000019 over http-outgoing-3
10:24:07.123 [main] DEBUG com.github.dockerjava.zerodep.shaded.org.apache.hc.client5.http.headers -- http-outgoing-3 >> GET /v1.32/images/sha256:97fba4daa01bdb900a0716e48765e32c39e26d9357522a5b6004da7799f0822e/json HTTP/1.1
10:24:07.123 [main] DEBUG com.github.dockerjava.zerodep.shaded.org.apache.hc.client5.http.headers -- http-outgoing-3 >> accept: application/json
10:24:07.123 [main] DEBUG com.github.dockerjava.zerodep.shaded.org.apache.hc.client5.http.headers -- http-outgoing-3 >> x-tc-sid: ad01dab1-4b9b-4848-b723-5acec0598df9
10:24:07.123 [main] DEBUG com.github.dockerjava.zerodep.shaded.org.apache.hc.client5.http.headers -- http-outgoing-3 >> User-Agent: tc-java/1.19.3
10:24:07.123 [main] DEBUG com.github.dockerjava.zerodep.shaded.org.apache.hc.client5.http.headers -- http-outgoing-3 >> Accept-Encoding: gzip, x-gzip, deflate
10:24:07.123 [main] DEBUG com.github.dockerjava.zerodep.shaded.org.apache.hc.client5.http.headers -- http-outgoing-3 >> Host: localhost:2375
10:24:07.123 [main] DEBUG com.github.dockerjava.zerodep.shaded.org.apache.hc.client5.http.headers -- http-outgoing-3 >> Connection: keep-alive
10:24:07.123 [main] DEBUG com.github.dockerjava.zerodep.shaded.org.apache.hc.client5.http.wire -- http-outgoing-3 >> "GET /v1.32/images/sha256:97fba4daa01bdb900a0716e48765e32c39e26d9357522a5b6004da7799f0822e/json HTTP/1.1[\r][\n]"
10:24:07.123 [main] DEBUG com.github.dockerjava.zerodep.shaded.org.apache.hc.client5.http.wire -- http-outgoing-3 >> "accept: application/json[\r][\n]"
10:24:07.123 [main] DEBUG com.github.dockerjava.zerodep.shaded.org.apache.hc.client5.http.wire -- http-outgoing-3 >> "x-tc-sid: ad01dab1-4b9b-4848-b723-5acec0598df9[\r][\n]"
10:24:07.123 [main] DEBUG com.github.dockerjava.zerodep.shaded.org.apache.hc.client5.http.wire -- http-outgoing-3 >> "User-Agent: tc-java/1.19.3[\r][\n]"
10:24:07.123 [main] DEBUG com.github.dockerjava.zerodep.shaded.org.apache.hc.client5.http.wire -- http-outgoing-3 >> "Accept-Encoding: gzip, x-gzip, deflate[\r][\n]"
10:24:07.123 [main] DEBUG com.github.dockerjava.zerodep.shaded.org.apache.hc.client5.http.wire -- http-outgoing-3 >> "Host: localhost:2375[\r][\n]"
10:24:07.123 [main] DEBUG com.github.dockerjava.zerodep.shaded.org.apache.hc.client5.http.wire -- http-outgoing-3 >> "Connection: keep-alive[\r][\n]"
10:24:07.123 [main] DEBUG com.github.dockerjava.zerodep.shaded.org.apache.hc.client5.http.wire -- http-outgoing-3 >> "[\r][\n]"
10:24:07.144 [main] DEBUG com.github.dockerjava.zerodep.shaded.org.apache.hc.client5.http.wire -- http-outgoing-3 << "HTTP/1.1 200 OK[\r][\n]"
10:24:07.144 [main] DEBUG com.github.dockerjava.zerodep.shaded.org.apache.hc.client5.http.wire -- http-outgoing-3 << "Api-Version: 1.47[\r][\n]"
10:24:07.144 [main] DEBUG com.github.dockerjava.zerodep.shaded.org.apache.hc.client5.http.wire -- http-outgoing-3 << "Content-Type: application/json[\r][\n]"
10:24:07.144 [main] DEBUG com.github.dockerjava.zerodep.shaded.org.apache.hc.client5.http.wire -- http-outgoing-3 << "Date: Fri, 02 May 2025 08:24:07 GMT[\r][\n]"
10:24:07.144 [main] DEBUG com.github.dockerjava.zerodep.shaded.org.apache.hc.client5.http.wire -- http-outgoing-3 << "Docker-Experimental: false[\r][\n]"
10:24:07.145 [main] DEBUG com.github.dockerjava.zerodep.shaded.org.apache.hc.client5.http.wire -- http-outgoing-3 << "Ostype: linux[\r][\n]"
10:24:07.145 [main] DEBUG com.github.dockerjava.zerodep.shaded.org.apache.hc.client5.http.wire -- http-outgoing-3 << "Server: Docker/27.5.1 (linux)[\r][\n]"
10:24:07.145 [main] DEBUG com.github.dockerjava.zerodep.shaded.org.apache.hc.client5.http.wire -- http-outgoing-3 << "Transfer-Encoding: chunked[\r][\n]"
10:24:07.145 [main] DEBUG com.github.dockerjava.zerodep.shaded.org.apache.hc.client5.http.wire -- http-outgoing-3 << "[\r][\n]"
10:24:07.145 [main] DEBUG com.github.dockerjava.zerodep.shaded.org.apache.hc.client5.http.headers -- http-outgoing-3 << HTTP/1.1 200 OK
10:24:07.145 [main] DEBUG com.github.dockerjava.zerodep.shaded.org.apache.hc.client5.http.headers -- http-outgoing-3 << Api-Version: 1.47
10:24:07.145 [main] DEBUG com.github.dockerjava.zerodep.shaded.org.apache.hc.client5.http.headers -- http-outgoing-3 << Content-Type: application/json
10:24:07.145 [main] DEBUG com.github.dockerjava.zerodep.shaded.org.apache.hc.client5.http.headers -- http-outgoing-3 << Date: Fri, 02 May 2025 08:24:07 GMT
10:24:07.145 [main] DEBUG com.github.dockerjava.zerodep.shaded.org.apache.hc.client5.http.headers -- http-outgoing-3 << Docker-Experimental: false
10:24:07.145 [main] DEBUG com.github.dockerjava.zerodep.shaded.org.apache.hc.client5.http.headers -- http-outgoing-3 << Ostype: linux
10:24:07.145 [main] DEBUG com.github.dockerjava.zerodep.shaded.org.apache.hc.client5.http.headers -- http-outgoing-3 << Server: Docker/27.5.1 (linux)
10:24:07.145 [main] DEBUG com.github.dockerjava.zerodep.shaded.org.apache.hc.client5.http.headers -- http-outgoing-3 << Transfer-Encoding: chunked
10:24:07.145 [main] DEBUG com.github.dockerjava.zerodep.shaded.org.apache.hc.client5.http.impl.classic.MainClientExec -- ex-00000019: connection can be kept alive for 3 MINUTES
10:24:07.145 [main] DEBUG com.github.dockerjava.zerodep.shaded.org.apache.hc.client5.http.wire -- http-outgoing-3 << "62c[\r][\n]"
10:24:07.146 [main] DEBUG com.github.dockerjava.zerodep.shaded.org.apache.hc.client5.http.wire -- http-outgoing-3 << "{"Id":"sha256:97fba4daa01bdb900a0716e48765e32c39e26d9357522a5b6004da7799f0822e","RepoTags":["testcontainers/vnc-recorder:1.3.0"],"RepoDigests":["testcontainers/vnc-recorder@sha256:97fba4daa01bdb900a0716e48765e32c39e26d9357522a5b6004da7799f0822e"],"Parent":"","Comment":"buildkit.dockerfile.v0","Created":"2022-11-23T13:43:28.996024796Z","ContainerConfig":{"Hostname":"","Domainname":"","User":"","AttachStdin":false,"AttachStdout":false,"AttachStderr":false,"Tty":false,"OpenStdin":false,"StdinOnce":false,"Env":null,"Cmd":null,"Image":"","Volumes":null,"WorkingDir":"","Entrypoint":null,"OnBuild":null,"Labels":null},"DockerVersion":"27.5.1","Author":"","Config":{"Hostname":"","Domainname":"","User":"","AttachStdin":false,"AttachStdout":false,"AttachStderr":false,"Tty":false,"OpenStdin":false,"StdinOnce":false,"Env":["PATH=/usr/local/sbin:/usr/local/bin:/usr/sbin:/usr/bin:/sbin:/bin"],"Cmd":["--help"],"ArgsEscaped":true,"Image":"","Volumes":null,"WorkingDir":"","Entrypoint":["flvrec.py"],"OnBuild":null,"Labels":{"Description":"This image can be used to create a sidekick container for recording videos of VNC sessions hosted in other containers","maintainer":"Richard North <rich.north@gmail.com>"}},"Architecture":"amd64","Os":"linux","Size":266546989,"VirtualSize":266546989,"GraphDriver":{"Data":null,"Name":"overlayfs"},"RootFS":{"Type":"layers","Layers":["sha256:07cab433985205f29909739f511777a810f4a9aff486355b71308bb654cdc868","sha256:6ff66b407081b5472634abfe9f44925eea53e23873c8e7ce81870c1d1e50ee3c"]},"Metadata":{"LastTagTime":"2025-05-01T17:44:31.817576144Z"}}[\n]"
10:24:07.146 [main] DEBUG com.github.dockerjava.zerodep.shaded.org.apache.hc.client5.http.wire -- http-outgoing-3 << "[\r][\n]"
10:24:07.146 [main] DEBUG com.github.dockerjava.zerodep.shaded.org.apache.hc.client5.http.wire -- http-outgoing-3 << "0[\r][\n]"
10:24:07.146 [main] DEBUG com.github.dockerjava.zerodep.shaded.org.apache.hc.client5.http.wire -- http-outgoing-3 << "[\r][\n]"
10:24:07.146 [main] DEBUG com.github.dockerjava.zerodep.shaded.org.apache.hc.client5.http.impl.classic.InternalHttpClient -- ep-00000018: releasing valid endpoint
10:24:07.147 [main] DEBUG com.github.dockerjava.zerodep.shaded.org.apache.hc.client5.http.impl.io.PoolingHttpClientConnectionManager -- ep-00000018: releasing endpoint
10:24:07.147 [main] DEBUG com.github.dockerjava.zerodep.shaded.org.apache.hc.client5.http.impl.io.PoolingHttpClientConnectionManager -- ep-00000018: connection http-outgoing-3 can be kept alive for 3 MINUTES
10:24:07.147 [main] DEBUG com.github.dockerjava.zerodep.shaded.org.apache.hc.client5.http.impl.io.PoolingHttpClientConnectionManager -- ep-00000018: connection released [route: {}->npipe://localhost:2375][total available: 2; route allocated: 2 of 2147483647; total allocated: 2 of 2147483647]
10:24:07.147 [main] DEBUG org.testcontainers.shaded.com.github.dockerjava.core.command.AbstrDockerCmd -- Cmd: 
10:24:07.147 [main] DEBUG com.github.dockerjava.zerodep.shaded.org.apache.hc.client5.http.impl.classic.InternalHttpClient -- ex-0000001A: preparing request execution
10:24:07.147 [main] DEBUG com.github.dockerjava.zerodep.shaded.org.apache.hc.client5.http.protocol.RequestAddCookies -- Cookie spec selected: strict
10:24:07.148 [main] DEBUG com.github.dockerjava.zerodep.shaded.org.apache.hc.client5.http.protocol.RequestAuthCache -- Auth cache not set in the context
10:24:07.148 [main] DEBUG com.github.dockerjava.zerodep.shaded.org.apache.hc.client5.http.impl.classic.ProtocolExec -- ex-0000001A: target auth state: UNCHALLENGED
10:24:07.148 [main] DEBUG com.github.dockerjava.zerodep.shaded.org.apache.hc.client5.http.impl.classic.ProtocolExec -- ex-0000001A: proxy auth state: UNCHALLENGED
10:24:07.148 [main] DEBUG com.github.dockerjava.zerodep.shaded.org.apache.hc.client5.http.impl.classic.ConnectExec -- ex-0000001A: acquiring connection with route {}->npipe://localhost:2375
10:24:07.148 [main] DEBUG com.github.dockerjava.zerodep.shaded.org.apache.hc.client5.http.impl.classic.InternalHttpClient -- ex-0000001A: acquiring endpoint (3 MINUTES)
10:24:07.148 [main] DEBUG com.github.dockerjava.zerodep.shaded.org.apache.hc.client5.http.impl.io.PoolingHttpClientConnectionManager -- ex-0000001A: endpoint lease request (3 MINUTES) [route: {}->npipe://localhost:2375][total available: 2; route allocated: 2 of 2147483647; total allocated: 2 of 2147483647]
10:24:07.149 [main] DEBUG com.github.dockerjava.zerodep.shaded.org.apache.hc.client5.http.impl.io.PoolingHttpClientConnectionManager -- ex-0000001A: endpoint leased [route: {}->npipe://localhost:2375][total available: 1; route allocated: 2 of 2147483647; total allocated: 2 of 2147483647]
10:24:07.149 [main] DEBUG com.github.dockerjava.zerodep.shaded.org.apache.hc.client5.http.impl.io.PoolingHttpClientConnectionManager -- ex-0000001A: acquired ep-00000019
10:24:07.149 [main] DEBUG com.github.dockerjava.zerodep.shaded.org.apache.hc.client5.http.impl.classic.InternalHttpClient -- ex-0000001A: acquired endpoint ep-00000019
10:24:07.149 [main] DEBUG com.github.dockerjava.zerodep.shaded.org.apache.hc.client5.http.impl.classic.MainClientExec -- ex-0000001A: executing GET /v1.32/version HTTP/1.1
10:24:07.149 [main] DEBUG com.github.dockerjava.zerodep.shaded.org.apache.hc.client5.http.impl.classic.InternalHttpClient -- ep-00000019: start execution ex-0000001A
10:24:07.149 [main] DEBUG com.github.dockerjava.zerodep.shaded.org.apache.hc.client5.http.impl.io.PoolingHttpClientConnectionManager -- ep-00000019: executing exchange ex-0000001A over http-outgoing-3
10:24:07.149 [main] DEBUG com.github.dockerjava.zerodep.shaded.org.apache.hc.client5.http.headers -- http-outgoing-3 >> GET /v1.32/version HTTP/1.1
10:24:07.149 [main] DEBUG com.github.dockerjava.zerodep.shaded.org.apache.hc.client5.http.headers -- http-outgoing-3 >> accept: application/json
10:24:07.149 [main] DEBUG com.github.dockerjava.zerodep.shaded.org.apache.hc.client5.http.headers -- http-outgoing-3 >> x-tc-sid: ad01dab1-4b9b-4848-b723-5acec0598df9
10:24:07.149 [main] DEBUG com.github.dockerjava.zerodep.shaded.org.apache.hc.client5.http.headers -- http-outgoing-3 >> User-Agent: tc-java/1.19.3
10:24:07.149 [main] DEBUG com.github.dockerjava.zerodep.shaded.org.apache.hc.client5.http.headers -- http-outgoing-3 >> Accept-Encoding: gzip, x-gzip, deflate
10:24:07.150 [main] DEBUG com.github.dockerjava.zerodep.shaded.org.apache.hc.client5.http.headers -- http-outgoing-3 >> Host: localhost:2375
10:24:07.150 [main] DEBUG com.github.dockerjava.zerodep.shaded.org.apache.hc.client5.http.headers -- http-outgoing-3 >> Connection: keep-alive
10:24:07.150 [main] DEBUG com.github.dockerjava.zerodep.shaded.org.apache.hc.client5.http.wire -- http-outgoing-3 >> "GET /v1.32/version HTTP/1.1[\r][\n]"
10:24:07.150 [main] DEBUG com.github.dockerjava.zerodep.shaded.org.apache.hc.client5.http.wire -- http-outgoing-3 >> "accept: application/json[\r][\n]"
10:24:07.150 [main] DEBUG com.github.dockerjava.zerodep.shaded.org.apache.hc.client5.http.wire -- http-outgoing-3 >> "x-tc-sid: ad01dab1-4b9b-4848-b723-5acec0598df9[\r][\n]"
10:24:07.150 [main] DEBUG com.github.dockerjava.zerodep.shaded.org.apache.hc.client5.http.wire -- http-outgoing-3 >> "User-Agent: tc-java/1.19.3[\r][\n]"
10:24:07.150 [main] DEBUG com.github.dockerjava.zerodep.shaded.org.apache.hc.client5.http.wire -- http-outgoing-3 >> "Accept-Encoding: gzip, x-gzip, deflate[\r][\n]"
10:24:07.150 [main] DEBUG com.github.dockerjava.zerodep.shaded.org.apache.hc.client5.http.wire -- http-outgoing-3 >> "Host: localhost:2375[\r][\n]"
10:24:07.150 [main] DEBUG com.github.dockerjava.zerodep.shaded.org.apache.hc.client5.http.wire -- http-outgoing-3 >> "Connection: keep-alive[\r][\n]"
10:24:07.150 [main] DEBUG com.github.dockerjava.zerodep.shaded.org.apache.hc.client5.http.wire -- http-outgoing-3 >> "[\r][\n]"
10:24:07.161 [main] DEBUG com.github.dockerjava.zerodep.shaded.org.apache.hc.client5.http.wire -- http-outgoing-3 << "HTTP/1.1 200 OK[\r][\n]"
10:24:07.161 [main] DEBUG com.github.dockerjava.zerodep.shaded.org.apache.hc.client5.http.wire -- http-outgoing-3 << "Api-Version: 1.47[\r][\n]"
10:24:07.161 [main] DEBUG com.github.dockerjava.zerodep.shaded.org.apache.hc.client5.http.wire -- http-outgoing-3 << "Content-Type: application/json[\r][\n]"
10:24:07.161 [main] DEBUG com.github.dockerjava.zerodep.shaded.org.apache.hc.client5.http.wire -- http-outgoing-3 << "Date: Fri, 02 May 2025 08:24:07 GMT[\r][\n]"
10:24:07.161 [main] DEBUG com.github.dockerjava.zerodep.shaded.org.apache.hc.client5.http.wire -- http-outgoing-3 << "Docker-Experimental: false[\r][\n]"
10:24:07.161 [main] DEBUG com.github.dockerjava.zerodep.shaded.org.apache.hc.client5.http.wire -- http-outgoing-3 << "Ostype: linux[\r][\n]"
10:24:07.161 [main] DEBUG com.github.dockerjava.zerodep.shaded.org.apache.hc.client5.http.wire -- http-outgoing-3 << "Server: Docker/27.5.1 (linux)[\r][\n]"
10:24:07.161 [main] DEBUG com.github.dockerjava.zerodep.shaded.org.apache.hc.client5.http.wire -- http-outgoing-3 << "Transfer-Encoding: chunked[\r][\n]"
10:24:07.161 [main] DEBUG com.github.dockerjava.zerodep.shaded.org.apache.hc.client5.http.wire -- http-outgoing-3 << "[\r][\n]"
10:24:07.161 [main] DEBUG com.github.dockerjava.zerodep.shaded.org.apache.hc.client5.http.headers -- http-outgoing-3 << HTTP/1.1 200 OK
10:24:07.161 [main] DEBUG com.github.dockerjava.zerodep.shaded.org.apache.hc.client5.http.headers -- http-outgoing-3 << Api-Version: 1.47
10:24:07.161 [main] DEBUG com.github.dockerjava.zerodep.shaded.org.apache.hc.client5.http.headers -- http-outgoing-3 << Content-Type: application/json
10:24:07.161 [main] DEBUG com.github.dockerjava.zerodep.shaded.org.apache.hc.client5.http.headers -- http-outgoing-3 << Date: Fri, 02 May 2025 08:24:07 GMT
10:24:07.161 [main] DEBUG com.github.dockerjava.zerodep.shaded.org.apache.hc.client5.http.headers -- http-outgoing-3 << Docker-Experimental: false
10:24:07.161 [main] DEBUG com.github.dockerjava.zerodep.shaded.org.apache.hc.client5.http.headers -- http-outgoing-3 << Ostype: linux
10:24:07.161 [main] DEBUG com.github.dockerjava.zerodep.shaded.org.apache.hc.client5.http.headers -- http-outgoing-3 << Server: Docker/27.5.1 (linux)
10:24:07.161 [main] DEBUG com.github.dockerjava.zerodep.shaded.org.apache.hc.client5.http.headers -- http-outgoing-3 << Transfer-Encoding: chunked
10:24:07.161 [main] DEBUG com.github.dockerjava.zerodep.shaded.org.apache.hc.client5.http.impl.classic.MainClientExec -- ex-0000001A: connection can be kept alive for 3 MINUTES
10:24:07.162 [main] DEBUG com.github.dockerjava.zerodep.shaded.org.apache.hc.client5.http.wire -- http-outgoing-3 << "362[\r][\n]"
10:24:07.162 [main] DEBUG com.github.dockerjava.zerodep.shaded.org.apache.hc.client5.http.wire -- http-outgoing-3 << "{"Platform":{"Name":"Docker Desktop 4.38.0 (181591)"},"Components":[{"Name":"Engine","Version":"27.5.1","Details":{"ApiVersion":"1.47","Arch":"amd64","BuildTime":"2025-01-22T13:41:17.000000000+00:00","Experimental":"false","GitCommit":"4c9b3b0","GoVersion":"go1.22.11","KernelVersion":"5.15.167.4-microsoft-standard-WSL2","MinAPIVersion":"1.24","Os":"linux"}},{"Name":"containerd","Version":"1.7.25","Details":{"GitCommit":"bcc810d6b9066471b0b6fa75f557a15a1cbf31bb"}},{"Name":"runc","Version":"1.1.12","Details":{"GitCommit":"v1.1.12-0-g51d5e946"}},{"Name":"docker-init","Version":"0.19.0","Details":{"GitCommit":"de40ad0"}}],"Version":"27.5.1","ApiVersion":"1.47","MinAPIVersion":"1.24","GitCommit":"4c9b3b0","GoVersion":"go1.22.11","Os":"linux","Arch":"amd64","KernelVersion":"5.15.167.4-microsoft-standard-WSL2","BuildTime":"2025-01-22T13:41:17.000000000+00:00"}[\n]"
10:24:07.162 [main] DEBUG com.github.dockerjava.zerodep.shaded.org.apache.hc.client5.http.wire -- http-outgoing-3 << "[\r][\n]"
10:24:07.162 [main] DEBUG com.github.dockerjava.zerodep.shaded.org.apache.hc.client5.http.wire -- http-outgoing-3 << "0[\r][\n]"
10:24:07.162 [main] DEBUG com.github.dockerjava.zerodep.shaded.org.apache.hc.client5.http.wire -- http-outgoing-3 << "[\r][\n]"
10:24:07.163 [main] DEBUG com.github.dockerjava.zerodep.shaded.org.apache.hc.client5.http.impl.classic.InternalHttpClient -- ep-00000019: releasing valid endpoint
10:24:07.163 [main] DEBUG com.github.dockerjava.zerodep.shaded.org.apache.hc.client5.http.impl.io.PoolingHttpClientConnectionManager -- ep-00000019: releasing endpoint
10:24:07.163 [main] DEBUG com.github.dockerjava.zerodep.shaded.org.apache.hc.client5.http.impl.io.PoolingHttpClientConnectionManager -- ep-00000019: connection http-outgoing-3 can be kept alive for 3 MINUTES
10:24:07.163 [main] DEBUG com.github.dockerjava.zerodep.shaded.org.apache.hc.client5.http.impl.io.PoolingHttpClientConnectionManager -- ep-00000019: connection released [route: {}->npipe://localhost:2375][total available: 2; route allocated: 2 of 2147483647; total allocated: 2 of 2147483647]
10:24:07.165 [docker-java-stream--308854845] DEBUG com.github.dockerjava.zerodep.shaded.org.apache.hc.client5.http.impl.classic.InternalHttpClient -- ex-0000001B: preparing request execution
10:24:07.166 [docker-java-stream--308854845] DEBUG com.github.dockerjava.zerodep.shaded.org.apache.hc.client5.http.protocol.RequestAddCookies -- Cookie spec selected: strict
10:24:07.166 [docker-java-stream--308854845] DEBUG com.github.dockerjava.zerodep.shaded.org.apache.hc.client5.http.protocol.RequestAuthCache -- Auth cache not set in the context
10:24:07.166 [docker-java-stream--308854845] DEBUG com.github.dockerjava.zerodep.shaded.org.apache.hc.client5.http.impl.classic.ProtocolExec -- ex-0000001B: target auth state: UNCHALLENGED
10:24:07.166 [docker-java-stream--308854845] DEBUG com.github.dockerjava.zerodep.shaded.org.apache.hc.client5.http.impl.classic.ProtocolExec -- ex-0000001B: proxy auth state: UNCHALLENGED
10:24:07.166 [docker-java-stream--308854845] DEBUG com.github.dockerjava.zerodep.shaded.org.apache.hc.client5.http.impl.classic.ConnectExec -- ex-0000001B: acquiring connection with route {}->npipe://localhost:2375
10:24:07.166 [docker-java-stream--308854845] DEBUG com.github.dockerjava.zerodep.shaded.org.apache.hc.client5.http.impl.classic.InternalHttpClient -- ex-0000001B: acquiring endpoint (3 MINUTES)
10:24:07.166 [docker-java-stream--308854845] DEBUG com.github.dockerjava.zerodep.shaded.org.apache.hc.client5.http.impl.io.PoolingHttpClientConnectionManager -- ex-0000001B: endpoint lease request (3 MINUTES) [route: {}->npipe://localhost:2375][total available: 2; route allocated: 2 of 2147483647; total allocated: 2 of 2147483647]
10:24:07.166 [docker-java-stream--308854845] DEBUG com.github.dockerjava.zerodep.shaded.org.apache.hc.client5.http.impl.io.PoolingHttpClientConnectionManager -- ex-0000001B: endpoint leased [route: {}->npipe://localhost:2375][total available: 1; route allocated: 2 of 2147483647; total allocated: 2 of 2147483647]
10:24:07.167 [docker-java-stream--308854845] DEBUG com.github.dockerjava.zerodep.shaded.org.apache.hc.client5.http.impl.io.PoolingHttpClientConnectionManager -- ex-0000001B: acquired ep-0000001A
10:24:07.167 [docker-java-stream--308854845] DEBUG com.github.dockerjava.zerodep.shaded.org.apache.hc.client5.http.impl.classic.InternalHttpClient -- ex-0000001B: acquired endpoint ep-0000001A
10:24:07.167 [docker-java-stream--308854845] DEBUG com.github.dockerjava.zerodep.shaded.org.apache.hc.client5.http.impl.classic.MainClientExec -- ex-0000001B: executing GET /v1.32/containers/e96403dc02ca8a5ad2cba40edfb6d108392a0b4715d78fd5756ab8fdd2127d35/logs?stdout=true&stderr=true&follow=true&since=0 HTTP/1.1
10:24:07.167 [docker-java-stream--308854845] DEBUG com.github.dockerjava.zerodep.shaded.org.apache.hc.client5.http.impl.classic.InternalHttpClient -- ep-0000001A: start execution ex-0000001B
10:24:07.167 [docker-java-stream--308854845] DEBUG com.github.dockerjava.zerodep.shaded.org.apache.hc.client5.http.impl.io.PoolingHttpClientConnectionManager -- ep-0000001A: executing exchange ex-0000001B over http-outgoing-3
10:24:07.167 [docker-java-stream--308854845] DEBUG com.github.dockerjava.zerodep.shaded.org.apache.hc.client5.http.headers -- http-outgoing-3 >> GET /v1.32/containers/e96403dc02ca8a5ad2cba40edfb6d108392a0b4715d78fd5756ab8fdd2127d35/logs?stdout=true&stderr=true&follow=true&since=0 HTTP/1.1
10:24:07.167 [docker-java-stream--308854845] DEBUG com.github.dockerjava.zerodep.shaded.org.apache.hc.client5.http.headers -- http-outgoing-3 >> x-tc-sid: ad01dab1-4b9b-4848-b723-5acec0598df9
10:24:07.167 [docker-java-stream--308854845] DEBUG com.github.dockerjava.zerodep.shaded.org.apache.hc.client5.http.headers -- http-outgoing-3 >> User-Agent: tc-java/1.19.3
10:24:07.167 [docker-java-stream--308854845] DEBUG com.github.dockerjava.zerodep.shaded.org.apache.hc.client5.http.headers -- http-outgoing-3 >> Accept-Encoding: gzip, x-gzip, deflate
10:24:07.167 [docker-java-stream--308854845] DEBUG com.github.dockerjava.zerodep.shaded.org.apache.hc.client5.http.headers -- http-outgoing-3 >> Host: localhost:2375
10:24:07.167 [docker-java-stream--308854845] DEBUG com.github.dockerjava.zerodep.shaded.org.apache.hc.client5.http.headers -- http-outgoing-3 >> Connection: keep-alive
10:24:07.167 [docker-java-stream--308854845] DEBUG com.github.dockerjava.zerodep.shaded.org.apache.hc.client5.http.wire -- http-outgoing-3 >> "GET /v1.32/containers/e96403dc02ca8a5ad2cba40edfb6d108392a0b4715d78fd5756ab8fdd2127d35/logs?stdout=true&stderr=true&follow=true&since=0 HTTP/1.1[\r][\n]"
10:24:07.167 [docker-java-stream--308854845] DEBUG com.github.dockerjava.zerodep.shaded.org.apache.hc.client5.http.wire -- http-outgoing-3 >> "x-tc-sid: ad01dab1-4b9b-4848-b723-5acec0598df9[\r][\n]"
10:24:07.167 [docker-java-stream--308854845] DEBUG com.github.dockerjava.zerodep.shaded.org.apache.hc.client5.http.wire -- http-outgoing-3 >> "User-Agent: tc-java/1.19.3[\r][\n]"
10:24:07.167 [docker-java-stream--308854845] DEBUG com.github.dockerjava.zerodep.shaded.org.apache.hc.client5.http.wire -- http-outgoing-3 >> "Accept-Encoding: gzip, x-gzip, deflate[\r][\n]"
10:24:07.167 [docker-java-stream--308854845] DEBUG com.github.dockerjava.zerodep.shaded.org.apache.hc.client5.http.wire -- http-outgoing-3 >> "Host: localhost:2375[\r][\n]"
10:24:07.167 [docker-java-stream--308854845] DEBUG com.github.dockerjava.zerodep.shaded.org.apache.hc.client5.http.wire -- http-outgoing-3 >> "Connection: keep-alive[\r][\n]"
10:24:07.167 [docker-java-stream--308854845] DEBUG com.github.dockerjava.zerodep.shaded.org.apache.hc.client5.http.wire -- http-outgoing-3 >> "[\r][\n]"
10:24:07.172 [docker-java-stream--308854845] DEBUG com.github.dockerjava.zerodep.shaded.org.apache.hc.client5.http.wire -- http-outgoing-3 << "HTTP/1.1 200 OK[\r][\n]"
10:24:07.172 [docker-java-stream--308854845] DEBUG com.github.dockerjava.zerodep.shaded.org.apache.hc.client5.http.wire -- http-outgoing-3 << "Api-Version: 1.47[\r][\n]"
10:24:07.172 [docker-java-stream--308854845] DEBUG com.github.dockerjava.zerodep.shaded.org.apache.hc.client5.http.wire -- http-outgoing-3 << "Content-Type: application/vnd.docker.raw-stream[\r][\n]"
10:24:07.172 [docker-java-stream--308854845] DEBUG com.github.dockerjava.zerodep.shaded.org.apache.hc.client5.http.wire -- http-outgoing-3 << "Date: Fri, 02 May 2025 08:24:07 GMT[\r][\n]"
10:24:07.172 [docker-java-stream--308854845] DEBUG com.github.dockerjava.zerodep.shaded.org.apache.hc.client5.http.wire -- http-outgoing-3 << "Docker-Experimental: false[\r][\n]"
10:24:07.172 [docker-java-stream--308854845] DEBUG com.github.dockerjava.zerodep.shaded.org.apache.hc.client5.http.wire -- http-outgoing-3 << "Ostype: linux[\r][\n]"
10:24:07.172 [docker-java-stream--308854845] DEBUG com.github.dockerjava.zerodep.shaded.org.apache.hc.client5.http.wire -- http-outgoing-3 << "Server: Docker/27.5.1 (linux)[\r][\n]"
10:24:07.172 [docker-java-stream--308854845] DEBUG com.github.dockerjava.zerodep.shaded.org.apache.hc.client5.http.wire -- http-outgoing-3 << "Transfer-Encoding: chunked[\r][\n]"
10:24:07.172 [docker-java-stream--308854845] DEBUG com.github.dockerjava.zerodep.shaded.org.apache.hc.client5.http.wire -- http-outgoing-3 << "[\r][\n]"
10:24:07.172 [docker-java-stream--308854845] DEBUG com.github.dockerjava.zerodep.shaded.org.apache.hc.client5.http.headers -- http-outgoing-3 << HTTP/1.1 200 OK
10:24:07.172 [docker-java-stream--308854845] DEBUG com.github.dockerjava.zerodep.shaded.org.apache.hc.client5.http.headers -- http-outgoing-3 << Api-Version: 1.47
10:24:07.172 [docker-java-stream--308854845] DEBUG com.github.dockerjava.zerodep.shaded.org.apache.hc.client5.http.headers -- http-outgoing-3 << Content-Type: application/vnd.docker.raw-stream
10:24:07.172 [docker-java-stream--308854845] DEBUG com.github.dockerjava.zerodep.shaded.org.apache.hc.client5.http.headers -- http-outgoing-3 << Date: Fri, 02 May 2025 08:24:07 GMT
10:24:07.172 [docker-java-stream--308854845] DEBUG com.github.dockerjava.zerodep.shaded.org.apache.hc.client5.http.headers -- http-outgoing-3 << Docker-Experimental: false
10:24:07.172 [docker-java-stream--308854845] DEBUG com.github.dockerjava.zerodep.shaded.org.apache.hc.client5.http.headers -- http-outgoing-3 << Ostype: linux
10:24:07.172 [docker-java-stream--308854845] DEBUG com.github.dockerjava.zerodep.shaded.org.apache.hc.client5.http.headers -- http-outgoing-3 << Server: Docker/27.5.1 (linux)
10:24:07.172 [docker-java-stream--308854845] DEBUG com.github.dockerjava.zerodep.shaded.org.apache.hc.client5.http.headers -- http-outgoing-3 << Transfer-Encoding: chunked
10:24:07.172 [docker-java-stream--308854845] DEBUG com.github.dockerjava.zerodep.shaded.org.apache.hc.client5.http.impl.classic.MainClientExec -- ex-0000001B: connection can be kept alive for 3 MINUTES
10:24:07.212 [docker-java-stream--308854845] DEBUG com.github.dockerjava.zerodep.shaded.org.apache.hc.client5.http.wire -- http-outgoing-3 << "ba[\r][\n]"
10:24:07.212 [docker-java-stream--308854845] DEBUG com.github.dockerjava.zerodep.shaded.org.apache.hc.client5.http.wire -- http-outgoing-3 << "[0x2][0x0][0x0][0x0][0x0][0x0][0x0]5write_header: flv_version=1, audio=False, video=True[\n]"
10:24:07.212 [docker-java-stream--308854845] DEBUG com.github.dockerjava.zerodep.shaded.org.apache.hc.client5.http.wire -- http-outgoing-3 << "[0x2][0x0][0x0][0x0][0x0][0x0][0x0]]write_metadata: {'duration': 0, 'width': 0, 'framerate': 30, 'videocodecid': 3, 'height': 0}[\n]"
10:24:07.212 [docker-java-stream--308854845] DEBUG com.github.dockerjava.zerodep.shaded.org.apache.hc.client5.http.wire -- http-outgoing-3 << "[0x2][0x0][0x0][0x0][0x0][0x0][0x0][0x10]start recording[\n]"
10:24:07.212 [docker-java-stream--308854845] DEBUG com.github.dockerjava.zerodep.shaded.org.apache.hc.client5.http.wire -- http-outgoing-3 << "[\r][\n]"
10:24:07.212 [main] DEBUG org.testcontainers.containers.output.WaitingConsumer -- STDERR: write_metadata: {'duration': 0, 'width': 0, 'framerate': 30, 'videocodecid': 3, 'height': 0}
10:24:07.213 [main] DEBUG org.testcontainers.containers.output.WaitingConsumer -- STDERR: start recording
10:24:07.213 [main] DEBUG org.testcontainers.containers.output.WaitingConsumer -- STDERR: write_header: flv_version=1, audio=False, video=True
10:24:07.219 [docker-java-stream--308854845] DEBUG com.github.dockerjava.zerodep.shaded.org.apache.hc.client5.http.wire -- http-outgoing-3 << "24[\r][\n]"
10:24:07.219 [docker-java-stream--308854845] DEBUG com.github.dockerjava.zerodep.shaded.org.apache.hc.client5.http.wire -- http-outgoing-3 << "[0x2][0x0][0x0][0x0][0x0][0x0][0x0][0x1c]Connected: tc-bC4mHTMp:5900[\n]"
10:24:07.219 [docker-java-stream--308854845] DEBUG com.github.dockerjava.zerodep.shaded.org.apache.hc.client5.http.wire -- http-outgoing-3 << "[\r][\n]"
10:24:07.232 [main] DEBUG org.testcontainers.containers.output.WaitingConsumer -- STDERR: Connected: tc-bC4mHTMp:5900
10:24:07.233 [main] DEBUG com.github.dockerjava.zerodep.shaded.org.apache.hc.client5.http.impl.classic.InternalHttpClient -- ep-0000001A: cancel
10:24:07.233 [main] DEBUG com.github.dockerjava.zerodep.shaded.org.apache.hc.client5.http.impl.io.DefaultManagedHttpClientConnection -- http-outgoing-3: close connection IMMEDIATE
10:24:07.233 [main] DEBUG com.github.dockerjava.zerodep.shaded.org.apache.hc.client5.http.impl.classic.InternalHttpClient -- ep-0000001A: endpoint closed
10:24:07.233 [docker-java-stream--308854845] DEBUG com.github.dockerjava.zerodep.shaded.org.apache.hc.client5.http.wire -- http-outgoing-3 << "end of stream"
10:24:07.233 [main] DEBUG com.github.dockerjava.zerodep.shaded.org.apache.hc.client5.http.impl.classic.InternalHttpClient -- ep-0000001A: discarding endpoint
10:24:07.233 [main] DEBUG com.github.dockerjava.zerodep.shaded.org.apache.hc.client5.http.impl.io.PoolingHttpClientConnectionManager -- ep-0000001A: releasing endpoint
10:24:07.233 [main] DEBUG com.github.dockerjava.zerodep.shaded.org.apache.hc.client5.http.impl.io.PoolingHttpClientConnectionManager -- ep-0000001A: connection is not kept alive
10:24:07.233 [main] DEBUG com.github.dockerjava.zerodep.shaded.org.apache.hc.client5.http.impl.io.PoolingHttpClientConnectionManager -- ep-0000001A: connection released [route: {}->npipe://localhost:2375][total available: 1; route allocated: 1 of 2147483647; total allocated: 1 of 2147483647]
10:24:07.234 [docker-java-stream--308854845] DEBUG com.github.dockerjava.zerodep.shaded.org.apache.hc.client5.http.wire -- http-outgoing-3 << "[read] I/O error: java.nio.channels.ClosedChannelException"
10:24:07.234 [main] DEBUG com.github.dockerjava.zerodep.shaded.org.apache.hc.client5.http.wire -- http-outgoing-3 << "[read] I/O error: java.nio.channels.ClosedChannelException"
10:24:07.234 [docker-java-stream--308854845] DEBUG com.github.dockerjava.zerodep.ApacheDockerHttpClientImpl$ApacheResponse -- Failed to close the response
java.io.IOException: java.nio.channels.ClosedChannelException
	at java.base/java.nio.channels.Channels$1.read(Channels.java:166)
	at com.github.dockerjava.zerodep.shaded.org.apache.hc.client5.http.impl.io.LoggingInputStream.read(LoggingInputStream.java:81)
	at com.github.dockerjava.zerodep.shaded.org.apache.hc.core5.http.impl.io.SessionInputBufferImpl.fillBuffer(SessionInputBufferImpl.java:149)
	at com.github.dockerjava.zerodep.shaded.org.apache.hc.core5.http.impl.io.SessionInputBufferImpl.readLine(SessionInputBufferImpl.java:280)
	at com.github.dockerjava.zerodep.shaded.org.apache.hc.core5.http.impl.io.ChunkedInputStream.getChunkSize(ChunkedInputStream.java:261)
	at com.github.dockerjava.zerodep.shaded.org.apache.hc.core5.http.impl.io.ChunkedInputStream.nextChunk(ChunkedInputStream.java:222)
	at com.github.dockerjava.zerodep.shaded.org.apache.hc.core5.http.impl.io.ChunkedInputStream.read(ChunkedInputStream.java:147)
	at com.github.dockerjava.zerodep.shaded.org.apache.hc.core5.http.impl.io.ChunkedInputStream.close(ChunkedInputStream.java:314)
	at com.github.dockerjava.zerodep.shaded.org.apache.hc.core5.io.Closer.close(Closer.java:48)
	at com.github.dockerjava.zerodep.shaded.org.apache.hc.core5.http.impl.io.IncomingHttpEntity.close(IncomingHttpEntity.java:111)
	at com.github.dockerjava.zerodep.shaded.org.apache.hc.core5.http.io.entity.HttpEntityWrapper.close(HttpEntityWrapper.java:120)
	at com.github.dockerjava.zerodep.shaded.org.apache.hc.core5.io.Closer.close(Closer.java:48)
	at com.github.dockerjava.zerodep.shaded.org.apache.hc.core5.http.message.BasicClassicHttpResponse.close(BasicClassicHttpResponse.java:93)
	at com.github.dockerjava.zerodep.shaded.org.apache.hc.client5.http.impl.classic.CloseableHttpResponse.close(CloseableHttpResponse.java:200)
	at com.github.dockerjava.zerodep.ApacheDockerHttpClientImpl$ApacheResponse.close(ApacheDockerHttpClientImpl.java:256)
	at org.testcontainers.shaded.com.github.dockerjava.core.DefaultInvocationBuilder.lambda$executeAndStream$1(DefaultInvocationBuilder.java:277)
	at java.base/java.lang.Thread.run(Thread.java:1583)
Caused by: java.nio.channels.ClosedChannelException: null
	at java.base/sun.nio.ch.WindowsAsynchronousFileChannelImpl.implRead(WindowsAsynchronousFileChannelImpl.java:521)
	at java.base/sun.nio.ch.AsynchronousFileChannelImpl.read(AsynchronousFileChannelImpl.java:229)
	at com.github.dockerjava.transport.NamedPipeSocket$AsynchronousFileByteChannel.read(NamedPipeSocket.java:117)
	at java.base/java.nio.channels.Channels$1.read(Channels.java:164)
	... 16 common frames omitted
10:24:07.234 [main] DEBUG com.github.dockerjava.zerodep.ApacheDockerHttpClientImpl$ApacheResponse -- Failed to close the response
java.io.IOException: java.nio.channels.ClosedChannelException
	at java.base/java.nio.channels.Channels$1.read(Channels.java:166)
	at com.github.dockerjava.zerodep.shaded.org.apache.hc.client5.http.impl.io.LoggingInputStream.read(LoggingInputStream.java:81)
	at com.github.dockerjava.zerodep.shaded.org.apache.hc.core5.http.impl.io.SessionInputBufferImpl.fillBuffer(SessionInputBufferImpl.java:149)
	at com.github.dockerjava.zerodep.shaded.org.apache.hc.core5.http.impl.io.SessionInputBufferImpl.readLine(SessionInputBufferImpl.java:280)
	at com.github.dockerjava.zerodep.shaded.org.apache.hc.core5.http.impl.io.ChunkedInputStream.getChunkSize(ChunkedInputStream.java:261)
	at com.github.dockerjava.zerodep.shaded.org.apache.hc.core5.http.impl.io.ChunkedInputStream.nextChunk(ChunkedInputStream.java:222)
	at com.github.dockerjava.zerodep.shaded.org.apache.hc.core5.http.impl.io.ChunkedInputStream.read(ChunkedInputStream.java:147)
	at com.github.dockerjava.zerodep.shaded.org.apache.hc.core5.http.impl.io.ChunkedInputStream.close(ChunkedInputStream.java:314)
	at com.github.dockerjava.zerodep.shaded.org.apache.hc.core5.io.Closer.close(Closer.java:48)
	at com.github.dockerjava.zerodep.shaded.org.apache.hc.core5.http.impl.io.IncomingHttpEntity.close(IncomingHttpEntity.java:111)
	at com.github.dockerjava.zerodep.shaded.org.apache.hc.core5.http.io.entity.HttpEntityWrapper.close(HttpEntityWrapper.java:120)
	at com.github.dockerjava.zerodep.shaded.org.apache.hc.core5.io.Closer.close(Closer.java:48)
	at com.github.dockerjava.zerodep.shaded.org.apache.hc.core5.http.message.BasicClassicHttpResponse.close(BasicClassicHttpResponse.java:93)
	at com.github.dockerjava.zerodep.shaded.org.apache.hc.client5.http.impl.classic.CloseableHttpResponse.close(CloseableHttpResponse.java:200)
	at com.github.dockerjava.zerodep.ApacheDockerHttpClientImpl$ApacheResponse.close(ApacheDockerHttpClientImpl.java:256)
	at org.testcontainers.shaded.com.github.dockerjava.core.DefaultInvocationBuilder.lambda$null$0(DefaultInvocationBuilder.java:272)
	at com.github.dockerjava.api.async.ResultCallbackTemplate.close(ResultCallbackTemplate.java:77)
	at org.testcontainers.containers.output.FrameConsumerResultCallback.close(FrameConsumerResultCallback.java:69)
	at org.testcontainers.containers.wait.strategy.LogMessageWaitStrategy.waitUntilReady(LogMessageWaitStrategy.java:49)
	at org.testcontainers.containers.wait.strategy.AbstractWaitStrategy.waitUntilReady(AbstractWaitStrategy.java:52)
	at org.testcontainers.containers.GenericContainer.waitUntilContainerStarted(GenericContainer.java:912)
	at org.testcontainers.containers.GenericContainer.tryStart(GenericContainer.java:503)
	at org.testcontainers.containers.GenericContainer.lambda$doStart$0(GenericContainer.java:357)
	at org.rnorth.ducttape.unreliables.Unreliables.retryUntilSuccess(Unreliables.java:81)
	at org.testcontainers.containers.GenericContainer.doStart(GenericContainer.java:347)
	at org.testcontainers.containers.GenericContainer.start(GenericContainer.java:333)
	at org.testcontainers.containers.BrowserWebDriverContainer.containerIsStarted(BrowserWebDriverContainer.java:323)
	at org.testcontainers.containers.GenericContainer.containerIsStarted(GenericContainer.java:724)
	at org.testcontainers.containers.GenericContainer.tryStart(GenericContainer.java:545)
	at org.testcontainers.containers.GenericContainer.lambda$doStart$0(GenericContainer.java:357)
	at org.rnorth.ducttape.unreliables.Unreliables.retryUntilSuccess(Unreliables.java:81)
	at org.testcontainers.containers.GenericContainer.doStart(GenericContainer.java:347)
	at org.testcontainers.containers.GenericContainer.start(GenericContainer.java:333)
	at org.testcontainers.junit.jupiter.TestcontainersExtension$StoreAdapter.start(TestcontainersExtension.java:280)
	at org.testcontainers.junit.jupiter.TestcontainersExtension$StoreAdapter.access$200(TestcontainersExtension.java:267)
	at org.testcontainers.junit.jupiter.TestcontainersExtension.lambda$null$4(TestcontainersExtension.java:82)
	at org.junit.platform.engine.support.store.NamespacedHierarchicalStore.lambda$getOrComputeIfAbsent$5(NamespacedHierarchicalStore.java:147)
	at org.junit.platform.engine.support.store.NamespacedHierarchicalStore$MemoizingSupplier.computeValue(NamespacedHierarchicalStore.java:372)
	at org.junit.platform.engine.support.store.NamespacedHierarchicalStore$MemoizingSupplier.get(NamespacedHierarchicalStore.java:361)
	at org.junit.platform.engine.support.store.NamespacedHierarchicalStore$StoredValue.evaluate(NamespacedHierarchicalStore.java:308)
	at org.junit.platform.engine.support.store.NamespacedHierarchicalStore$StoredValue.access$200(NamespacedHierarchicalStore.java:287)
	at org.junit.platform.engine.support.store.NamespacedHierarchicalStore.getOrComputeIfAbsent(NamespacedHierarchicalStore.java:149)
	at org.junit.jupiter.engine.execution.NamespaceAwareStore.lambda$getOrComputeIfAbsent$2(NamespaceAwareStore.java:57)
	at org.junit.jupiter.engine.execution.NamespaceAwareStore.accessStore(NamespaceAwareStore.java:90)
	at org.junit.jupiter.engine.execution.NamespaceAwareStore.getOrComputeIfAbsent(NamespaceAwareStore.java:57)
	at org.testcontainers.junit.jupiter.TestcontainersExtension.lambda$startContainers$5(TestcontainersExtension.java:82)
	at java.base/java.util.ArrayList.forEach(ArrayList.java:1596)
	at org.testcontainers.junit.jupiter.TestcontainersExtension.startContainers(TestcontainersExtension.java:82)
	at org.testcontainers.junit.jupiter.TestcontainersExtension.findTestLifecycleAwareContainers(TestcontainersExtension.java:115)
	at org.testcontainers.junit.jupiter.TestcontainersExtension.beforeEach(TestcontainersExtension.java:100)
	at org.junit.jupiter.engine.descriptor.TestMethodTestDescriptor.lambda$invokeBeforeEachCallbacks$2(TestMethodTestDescriptor.java:167)
	at org.junit.jupiter.engine.descriptor.TestMethodTestDescriptor.lambda$invokeBeforeMethodsOrCallbacksUntilExceptionOccurs$6(TestMethodTestDescriptor.java:203)
	at org.junit.platform.engine.support.hierarchical.ThrowableCollector.execute(ThrowableCollector.java:73)
	at org.junit.jupiter.engine.descriptor.TestMethodTestDescriptor.invokeBeforeMethodsOrCallbacksUntilExceptionOccurs(TestMethodTestDescriptor.java:203)
	at org.junit.jupiter.engine.descriptor.TestMethodTestDescriptor.invokeBeforeEachCallbacks(TestMethodTestDescriptor.java:166)
	at org.junit.jupiter.engine.descriptor.TestMethodTestDescriptor.execute(TestMethodTestDescriptor.java:133)
	at org.junit.jupiter.engine.descriptor.TestMethodTestDescriptor.execute(TestMethodTestDescriptor.java:69)
	at org.junit.platform.engine.support.hierarchical.NodeTestTask.lambda$executeRecursively$6(NodeTestTask.java:151)
	at org.junit.platform.engine.support.hierarchical.ThrowableCollector.execute(ThrowableCollector.java:73)
	at org.junit.platform.engine.support.hierarchical.NodeTestTask.lambda$executeRecursively$8(NodeTestTask.java:141)
	at org.junit.platform.engine.support.hierarchical.Node.around(Node.java:137)
	at org.junit.platform.engine.support.hierarchical.NodeTestTask.lambda$executeRecursively$9(NodeTestTask.java:139)
	at org.junit.platform.engine.support.hierarchical.ThrowableCollector.execute(ThrowableCollector.java:73)
	at org.junit.platform.engine.support.hierarchical.NodeTestTask.executeRecursively(NodeTestTask.java:138)
	at org.junit.platform.engine.support.hierarchical.NodeTestTask.execute(NodeTestTask.java:95)
	at java.base/java.util.ArrayList.forEach(ArrayList.java:1596)
	at org.junit.platform.engine.support.hierarchical.SameThreadHierarchicalTestExecutorService.invokeAll(SameThreadHierarchicalTestExecutorService.java:41)
	at org.junit.platform.engine.support.hierarchical.NodeTestTask.lambda$executeRecursively$6(NodeTestTask.java:155)
	at org.junit.platform.engine.support.hierarchical.ThrowableCollector.execute(ThrowableCollector.java:73)
	at org.junit.platform.engine.support.hierarchical.NodeTestTask.lambda$executeRecursively$8(NodeTestTask.java:141)
	at org.junit.platform.engine.support.hierarchical.Node.around(Node.java:137)
	at org.junit.platform.engine.support.hierarchical.NodeTestTask.lambda$executeRecursively$9(NodeTestTask.java:139)
	at org.junit.platform.engine.support.hierarchical.ThrowableCollector.execute(ThrowableCollector.java:73)
	at org.junit.platform.engine.support.hierarchical.NodeTestTask.executeRecursively(NodeTestTask.java:138)
	at org.junit.platform.engine.support.hierarchical.NodeTestTask.execute(NodeTestTask.java:95)
	at java.base/java.util.ArrayList.forEach(ArrayList.java:1596)
	at org.junit.platform.engine.support.hierarchical.SameThreadHierarchicalTestExecutorService.invokeAll(SameThreadHierarchicalTestExecutorService.java:41)
	at org.junit.platform.engine.support.hierarchical.NodeTestTask.lambda$executeRecursively$6(NodeTestTask.java:155)
	at org.junit.platform.engine.support.hierarchical.ThrowableCollector.execute(ThrowableCollector.java:73)
	at org.junit.platform.engine.support.hierarchical.NodeTestTask.lambda$executeRecursively$8(NodeTestTask.java:141)
	at org.junit.platform.engine.support.hierarchical.Node.around(Node.java:137)
	at org.junit.platform.engine.support.hierarchical.NodeTestTask.lambda$executeRecursively$9(NodeTestTask.java:139)
	at org.junit.platform.engine.support.hierarchical.ThrowableCollector.execute(ThrowableCollector.java:73)
	at org.junit.platform.engine.support.hierarchical.NodeTestTask.executeRecursively(NodeTestTask.java:138)
	at org.junit.platform.engine.support.hierarchical.NodeTestTask.execute(NodeTestTask.java:95)
	at org.junit.platform.engine.support.hierarchical.SameThreadHierarchicalTestExecutorService.submit(SameThreadHierarchicalTestExecutorService.java:35)
	at org.junit.platform.engine.support.hierarchical.HierarchicalTestExecutor.execute(HierarchicalTestExecutor.java:57)
	at org.junit.platform.engine.support.hierarchical.HierarchicalTestEngine.execute(HierarchicalTestEngine.java:54)
	at org.junit.platform.launcher.core.EngineExecutionOrchestrator.execute(EngineExecutionOrchestrator.java:198)
	at org.junit.platform.launcher.core.EngineExecutionOrchestrator.execute(EngineExecutionOrchestrator.java:169)
	at org.junit.platform.launcher.core.EngineExecutionOrchestrator.execute(EngineExecutionOrchestrator.java:93)
	at org.junit.platform.launcher.core.EngineExecutionOrchestrator.lambda$execute$0(EngineExecutionOrchestrator.java:58)
	at org.junit.platform.launcher.core.EngineExecutionOrchestrator.withInterceptedStreams(EngineExecutionOrchestrator.java:141)
	at org.junit.platform.launcher.core.EngineExecutionOrchestrator.execute(EngineExecutionOrchestrator.java:57)
	at org.junit.platform.launcher.core.DefaultLauncher.execute(DefaultLauncher.java:103)
	at org.junit.platform.launcher.core.DefaultLauncher.execute(DefaultLauncher.java:85)
	at org.junit.platform.launcher.core.DelegatingLauncher.execute(DelegatingLauncher.java:47)
	at org.apache.maven.surefire.junitplatform.LazyLauncher.execute(LazyLauncher.java:50)
	at org.apache.maven.surefire.junitplatform.JUnitPlatformProvider.execute(JUnitPlatformProvider.java:184)
	at org.apache.maven.surefire.junitplatform.JUnitPlatformProvider.invokeAllTests(JUnitPlatformProvider.java:148)
	at org.apache.maven.surefire.junitplatform.JUnitPlatformProvider.invoke(JUnitPlatformProvider.java:122)
	at org.apache.maven.surefire.booter.ForkedBooter.runSuitesInProcess(ForkedBooter.java:385)
	at org.apache.maven.surefire.booter.ForkedBooter.execute(ForkedBooter.java:162)
	at org.apache.maven.surefire.booter.ForkedBooter.run(ForkedBooter.java:507)
	at org.apache.maven.surefire.booter.ForkedBooter.main(ForkedBooter.java:495)
Caused by: java.nio.channels.ClosedChannelException: null
	at java.base/sun.nio.ch.WindowsAsynchronousFileChannelImpl.implRead(WindowsAsynchronousFileChannelImpl.java:521)
	at java.base/sun.nio.ch.AsynchronousFileChannelImpl.read(AsynchronousFileChannelImpl.java:229)
	at com.github.dockerjava.transport.NamedPipeSocket$AsynchronousFileByteChannel.read(NamedPipeSocket.java:117)
	at java.base/java.nio.channels.Channels$1.read(Channels.java:164)
	... 104 common frames omitted
10:24:07.237 [main] INFO tc.testcontainers/vnc-recorder:1.3.0 -- Container testcontainers/vnc-recorder:1.3.0 started in PT0.7080464S
10:24:11.893 [main] INFO org.testcontainers.containers.BrowserWebDriverContainer -- Screen recordings for test %5Bengine%3Ajunit-jupiter%5D%2F%5Bclass%3ATestContainersBrowserTest%5D%2F%5Bmethod%3AtestHttpCat404Direct%28%29%5D will be stored at: target\videos\PASSED-%5Bengine%3Ajunit-jupiter%5D%2F%5Bclass%3ATestContainersBrowserTest%5D%2F%5Bmethod%3AtestHttpCat404Direct%28%29%5D-20250502-102411.flv
10:24:11.894 [main] DEBUG org.testcontainers.containers.ExecInContainerPattern -- /gallant_haibt: Running "exec" command: ffmpeg -i /screen.flv -vcodec libx264 /newScreen.flv
10:24:11.894 [main] DEBUG org.testcontainers.shaded.com.github.dockerjava.core.command.AbstrDockerCmd -- Cmd: true,<null>,true,{ffmpeg,-i,/screen.flv,-vcodec,libx264,/newScreen.flv},e96403dc02ca8a5ad2cba40edfb6d108392a0b4715d78fd5756ab8fdd2127d35,<null>,<null>,<null>,<null>,<null>
10:24:11.896 [main] DEBUG com.github.dockerjava.zerodep.shaded.org.apache.hc.client5.http.impl.classic.InternalHttpClient -- ex-0000001C: preparing request execution
10:24:11.896 [main] DEBUG com.github.dockerjava.zerodep.shaded.org.apache.hc.client5.http.protocol.RequestAddCookies -- Cookie spec selected: strict
10:24:11.896 [main] DEBUG com.github.dockerjava.zerodep.shaded.org.apache.hc.client5.http.protocol.RequestAuthCache -- Auth cache not set in the context
10:24:11.896 [main] DEBUG com.github.dockerjava.zerodep.shaded.org.apache.hc.client5.http.impl.classic.ProtocolExec -- ex-0000001C: target auth state: UNCHALLENGED
10:24:11.896 [main] DEBUG com.github.dockerjava.zerodep.shaded.org.apache.hc.client5.http.impl.classic.ProtocolExec -- ex-0000001C: proxy auth state: UNCHALLENGED
10:24:11.896 [main] DEBUG com.github.dockerjava.zerodep.shaded.org.apache.hc.client5.http.impl.classic.ConnectExec -- ex-0000001C: acquiring connection with route {}->npipe://localhost:2375
10:24:11.896 [main] DEBUG com.github.dockerjava.zerodep.shaded.org.apache.hc.client5.http.impl.classic.InternalHttpClient -- ex-0000001C: acquiring endpoint (3 MINUTES)
10:24:11.896 [main] DEBUG com.github.dockerjava.zerodep.shaded.org.apache.hc.client5.http.impl.io.PoolingHttpClientConnectionManager -- ex-0000001C: endpoint lease request (3 MINUTES) [route: {}->npipe://localhost:2375][total available: 1; route allocated: 1 of 2147483647; total allocated: 1 of 2147483647]
10:24:11.897 [main] DEBUG com.github.dockerjava.zerodep.shaded.org.apache.hc.client5.http.impl.io.PoolingHttpClientConnectionManager -- ex-0000001C: endpoint leased [route: {}->npipe://localhost:2375][total available: 0; route allocated: 1 of 2147483647; total allocated: 1 of 2147483647]
10:24:11.897 [main] DEBUG com.github.dockerjava.zerodep.shaded.org.apache.hc.client5.http.impl.io.PoolingHttpClientConnectionManager -- ex-0000001C: acquired ep-0000001B
10:24:11.897 [main] DEBUG com.github.dockerjava.zerodep.shaded.org.apache.hc.client5.http.impl.classic.InternalHttpClient -- ex-0000001C: acquired endpoint ep-0000001B
10:24:11.897 [main] DEBUG com.github.dockerjava.zerodep.shaded.org.apache.hc.client5.http.impl.classic.MainClientExec -- ex-0000001C: executing POST /v1.32/containers/e96403dc02ca8a5ad2cba40edfb6d108392a0b4715d78fd5756ab8fdd2127d35/exec HTTP/1.1
10:24:11.897 [main] DEBUG com.github.dockerjava.zerodep.shaded.org.apache.hc.client5.http.impl.classic.InternalHttpClient -- ep-0000001B: start execution ex-0000001C
10:24:11.897 [main] DEBUG com.github.dockerjava.zerodep.shaded.org.apache.hc.client5.http.impl.io.PoolingHttpClientConnectionManager -- ep-0000001B: executing exchange ex-0000001C over http-outgoing-2
10:24:11.897 [main] DEBUG com.github.dockerjava.zerodep.shaded.org.apache.hc.client5.http.headers -- http-outgoing-2 >> POST /v1.32/containers/e96403dc02ca8a5ad2cba40edfb6d108392a0b4715d78fd5756ab8fdd2127d35/exec HTTP/1.1
10:24:11.897 [main] DEBUG com.github.dockerjava.zerodep.shaded.org.apache.hc.client5.http.headers -- http-outgoing-2 >> accept: application/json
10:24:11.897 [main] DEBUG com.github.dockerjava.zerodep.shaded.org.apache.hc.client5.http.headers -- http-outgoing-2 >> content-type: application/json
10:24:11.898 [main] DEBUG com.github.dockerjava.zerodep.shaded.org.apache.hc.client5.http.headers -- http-outgoing-2 >> x-tc-sid: ad01dab1-4b9b-4848-b723-5acec0598df9
10:24:11.898 [main] DEBUG com.github.dockerjava.zerodep.shaded.org.apache.hc.client5.http.headers -- http-outgoing-2 >> User-Agent: tc-java/1.19.3
10:24:11.898 [main] DEBUG com.github.dockerjava.zerodep.shaded.org.apache.hc.client5.http.headers -- http-outgoing-2 >> Accept-Encoding: gzip, x-gzip, deflate
10:24:11.898 [main] DEBUG com.github.dockerjava.zerodep.shaded.org.apache.hc.client5.http.headers -- http-outgoing-2 >> Content-Length: 284
10:24:11.898 [main] DEBUG com.github.dockerjava.zerodep.shaded.org.apache.hc.client5.http.headers -- http-outgoing-2 >> Host: localhost:2375
10:24:11.898 [main] DEBUG com.github.dockerjava.zerodep.shaded.org.apache.hc.client5.http.headers -- http-outgoing-2 >> Connection: keep-alive
10:24:11.898 [main] DEBUG com.github.dockerjava.zerodep.shaded.org.apache.hc.client5.http.wire -- http-outgoing-2 >> "POST /v1.32/containers/e96403dc02ca8a5ad2cba40edfb6d108392a0b4715d78fd5756ab8fdd2127d35/exec HTTP/1.1[\r][\n]"
10:24:11.898 [main] DEBUG com.github.dockerjava.zerodep.shaded.org.apache.hc.client5.http.wire -- http-outgoing-2 >> "accept: application/json[\r][\n]"
10:24:11.899 [main] DEBUG com.github.dockerjava.zerodep.shaded.org.apache.hc.client5.http.wire -- http-outgoing-2 >> "content-type: application/json[\r][\n]"
10:24:11.899 [main] DEBUG com.github.dockerjava.zerodep.shaded.org.apache.hc.client5.http.wire -- http-outgoing-2 >> "x-tc-sid: ad01dab1-4b9b-4848-b723-5acec0598df9[\r][\n]"
10:24:11.899 [main] DEBUG com.github.dockerjava.zerodep.shaded.org.apache.hc.client5.http.wire -- http-outgoing-2 >> "User-Agent: tc-java/1.19.3[\r][\n]"
10:24:11.899 [main] DEBUG com.github.dockerjava.zerodep.shaded.org.apache.hc.client5.http.wire -- http-outgoing-2 >> "Accept-Encoding: gzip, x-gzip, deflate[\r][\n]"
10:24:11.899 [main] DEBUG com.github.dockerjava.zerodep.shaded.org.apache.hc.client5.http.wire -- http-outgoing-2 >> "Content-Length: 284[\r][\n]"
10:24:11.899 [main] DEBUG com.github.dockerjava.zerodep.shaded.org.apache.hc.client5.http.wire -- http-outgoing-2 >> "Host: localhost:2375[\r][\n]"
10:24:11.899 [main] DEBUG com.github.dockerjava.zerodep.shaded.org.apache.hc.client5.http.wire -- http-outgoing-2 >> "Connection: keep-alive[\r][\n]"
10:24:11.899 [main] DEBUG com.github.dockerjava.zerodep.shaded.org.apache.hc.client5.http.wire -- http-outgoing-2 >> "[\r][\n]"
10:24:11.899 [main] DEBUG com.github.dockerjava.zerodep.shaded.org.apache.hc.client5.http.wire -- http-outgoing-2 >> "{"containerId":"e96403dc02ca8a5ad2cba40edfb6d108392a0b4715d78fd5756ab8fdd2127d35","AttachStdin":null,"AttachStdout":true,"AttachStderr":true,"Tty":null,"Privileged":null,"User":null,"Cmd":["ffmpeg","-i","/screen.flv","-vcodec","libx264","/newScreen.flv"],"Env":null,"WorkingDir":null}"
10:24:11.907 [main] DEBUG com.github.dockerjava.zerodep.shaded.org.apache.hc.client5.http.wire -- http-outgoing-2 << "HTTP/1.1 201 Created[\r][\n]"
10:24:11.908 [main] DEBUG com.github.dockerjava.zerodep.shaded.org.apache.hc.client5.http.wire -- http-outgoing-2 << "Api-Version: 1.47[\r][\n]"
10:24:11.908 [main] DEBUG com.github.dockerjava.zerodep.shaded.org.apache.hc.client5.http.wire -- http-outgoing-2 << "Content-Type: application/json[\r][\n]"
10:24:11.908 [main] DEBUG com.github.dockerjava.zerodep.shaded.org.apache.hc.client5.http.wire -- http-outgoing-2 << "Date: Fri, 02 May 2025 08:24:11 GMT[\r][\n]"
10:24:11.908 [main] DEBUG com.github.dockerjava.zerodep.shaded.org.apache.hc.client5.http.wire -- http-outgoing-2 << "Docker-Experimental: false[\r][\n]"
10:24:11.908 [main] DEBUG com.github.dockerjava.zerodep.shaded.org.apache.hc.client5.http.wire -- http-outgoing-2 << "Ostype: linux[\r][\n]"
10:24:11.908 [main] DEBUG com.github.dockerjava.zerodep.shaded.org.apache.hc.client5.http.wire -- http-outgoing-2 << "Server: Docker/27.5.1 (linux)[\r][\n]"
10:24:11.908 [main] DEBUG com.github.dockerjava.zerodep.shaded.org.apache.hc.client5.http.wire -- http-outgoing-2 << "Transfer-Encoding: chunked[\r][\n]"
10:24:11.908 [main] DEBUG com.github.dockerjava.zerodep.shaded.org.apache.hc.client5.http.wire -- http-outgoing-2 << "[\r][\n]"
10:24:11.908 [main] DEBUG com.github.dockerjava.zerodep.shaded.org.apache.hc.client5.http.headers -- http-outgoing-2 << HTTP/1.1 201 Created
10:24:11.908 [main] DEBUG com.github.dockerjava.zerodep.shaded.org.apache.hc.client5.http.headers -- http-outgoing-2 << Api-Version: 1.47
10:24:11.908 [main] DEBUG com.github.dockerjava.zerodep.shaded.org.apache.hc.client5.http.headers -- http-outgoing-2 << Content-Type: application/json
10:24:11.909 [main] DEBUG com.github.dockerjava.zerodep.shaded.org.apache.hc.client5.http.headers -- http-outgoing-2 << Date: Fri, 02 May 2025 08:24:11 GMT
10:24:11.909 [main] DEBUG com.github.dockerjava.zerodep.shaded.org.apache.hc.client5.http.headers -- http-outgoing-2 << Docker-Experimental: false
10:24:11.909 [main] DEBUG com.github.dockerjava.zerodep.shaded.org.apache.hc.client5.http.headers -- http-outgoing-2 << Ostype: linux
10:24:11.909 [main] DEBUG com.github.dockerjava.zerodep.shaded.org.apache.hc.client5.http.headers -- http-outgoing-2 << Server: Docker/27.5.1 (linux)
10:24:11.909 [main] DEBUG com.github.dockerjava.zerodep.shaded.org.apache.hc.client5.http.headers -- http-outgoing-2 << Transfer-Encoding: chunked
10:24:11.909 [main] DEBUG com.github.dockerjava.zerodep.shaded.org.apache.hc.client5.http.impl.classic.MainClientExec -- ex-0000001C: connection can be kept alive for 3 MINUTES
10:24:11.910 [main] DEBUG com.github.dockerjava.zerodep.shaded.org.apache.hc.client5.http.wire -- http-outgoing-2 << "4a[\r][\n]"
10:24:11.910 [main] DEBUG com.github.dockerjava.zerodep.shaded.org.apache.hc.client5.http.wire -- http-outgoing-2 << "{"Id":"f859e5910345169386a4b7b53a87bc28d5d4ec76f3f0713173e895345213f647"}[\n]"
10:24:11.910 [main] DEBUG com.github.dockerjava.zerodep.shaded.org.apache.hc.client5.http.wire -- http-outgoing-2 << "[\r][\n]"
10:24:11.910 [main] DEBUG com.github.dockerjava.zerodep.shaded.org.apache.hc.client5.http.wire -- http-outgoing-2 << "0[\r][\n]"
10:24:11.910 [main] DEBUG com.github.dockerjava.zerodep.shaded.org.apache.hc.client5.http.wire -- http-outgoing-2 << "[\r][\n]"
10:24:11.911 [main] DEBUG com.github.dockerjava.zerodep.shaded.org.apache.hc.client5.http.impl.classic.InternalHttpClient -- ep-0000001B: releasing valid endpoint
10:24:11.911 [main] DEBUG com.github.dockerjava.zerodep.shaded.org.apache.hc.client5.http.impl.io.PoolingHttpClientConnectionManager -- ep-0000001B: releasing endpoint
10:24:11.911 [main] DEBUG com.github.dockerjava.zerodep.shaded.org.apache.hc.client5.http.impl.io.PoolingHttpClientConnectionManager -- ep-0000001B: connection http-outgoing-2 can be kept alive for 3 MINUTES
10:24:11.911 [main] DEBUG com.github.dockerjava.zerodep.shaded.org.apache.hc.client5.http.impl.io.PoolingHttpClientConnectionManager -- ep-0000001B: connection released [route: {}->npipe://localhost:2375][total available: 1; route allocated: 1 of 2147483647; total allocated: 1 of 2147483647]
10:24:11.913 [docker-java-stream--521574876] DEBUG com.github.dockerjava.zerodep.shaded.org.apache.hc.client5.http.impl.classic.InternalHttpClient -- ex-0000001D: preparing request execution
10:24:11.914 [docker-java-stream--521574876] DEBUG com.github.dockerjava.zerodep.shaded.org.apache.hc.client5.http.protocol.RequestAddCookies -- Cookie spec selected: strict
10:24:11.914 [docker-java-stream--521574876] DEBUG com.github.dockerjava.zerodep.shaded.org.apache.hc.client5.http.protocol.RequestAuthCache -- Auth cache not set in the context
10:24:11.914 [docker-java-stream--521574876] DEBUG com.github.dockerjava.zerodep.shaded.org.apache.hc.client5.http.impl.classic.ProtocolExec -- ex-0000001D: target auth state: UNCHALLENGED
10:24:11.914 [docker-java-stream--521574876] DEBUG com.github.dockerjava.zerodep.shaded.org.apache.hc.client5.http.impl.classic.ProtocolExec -- ex-0000001D: proxy auth state: UNCHALLENGED
10:24:11.914 [docker-java-stream--521574876] DEBUG com.github.dockerjava.zerodep.shaded.org.apache.hc.client5.http.impl.classic.ConnectExec -- ex-0000001D: acquiring connection with route {}->npipe://localhost:2375
10:24:11.914 [docker-java-stream--521574876] DEBUG com.github.dockerjava.zerodep.shaded.org.apache.hc.client5.http.impl.classic.InternalHttpClient -- ex-0000001D: acquiring endpoint (3 MINUTES)
10:24:11.915 [docker-java-stream--521574876] DEBUG com.github.dockerjava.zerodep.shaded.org.apache.hc.client5.http.impl.io.PoolingHttpClientConnectionManager -- ex-0000001D: endpoint lease request (3 MINUTES) [route: {}->npipe://localhost:2375][total available: 1; route allocated: 1 of 2147483647; total allocated: 1 of 2147483647]
10:24:11.915 [docker-java-stream--521574876] DEBUG com.github.dockerjava.zerodep.shaded.org.apache.hc.client5.http.impl.io.PoolingHttpClientConnectionManager -- ex-0000001D: endpoint leased [route: {}->npipe://localhost:2375][total available: 0; route allocated: 1 of 2147483647; total allocated: 1 of 2147483647]
10:24:11.915 [docker-java-stream--521574876] DEBUG com.github.dockerjava.zerodep.shaded.org.apache.hc.client5.http.impl.io.PoolingHttpClientConnectionManager -- ex-0000001D: acquired ep-0000001C
10:24:11.915 [docker-java-stream--521574876] DEBUG com.github.dockerjava.zerodep.shaded.org.apache.hc.client5.http.impl.classic.InternalHttpClient -- ex-0000001D: acquired endpoint ep-0000001C
10:24:11.915 [docker-java-stream--521574876] DEBUG com.github.dockerjava.zerodep.shaded.org.apache.hc.client5.http.impl.classic.MainClientExec -- ex-0000001D: executing POST /v1.32/exec/f859e5910345169386a4b7b53a87bc28d5d4ec76f3f0713173e895345213f647/start HTTP/1.1
10:24:11.915 [docker-java-stream--521574876] DEBUG com.github.dockerjava.zerodep.shaded.org.apache.hc.client5.http.impl.classic.InternalHttpClient -- ep-0000001C: start execution ex-0000001D
10:24:11.915 [docker-java-stream--521574876] DEBUG com.github.dockerjava.zerodep.shaded.org.apache.hc.client5.http.impl.io.PoolingHttpClientConnectionManager -- ep-0000001C: executing exchange ex-0000001D over http-outgoing-2
10:24:11.915 [docker-java-stream--521574876] DEBUG com.github.dockerjava.zerodep.shaded.org.apache.hc.client5.http.headers -- http-outgoing-2 >> POST /v1.32/exec/f859e5910345169386a4b7b53a87bc28d5d4ec76f3f0713173e895345213f647/start HTTP/1.1
10:24:11.915 [docker-java-stream--521574876] DEBUG com.github.dockerjava.zerodep.shaded.org.apache.hc.client5.http.headers -- http-outgoing-2 >> accept: application/json
10:24:11.915 [docker-java-stream--521574876] DEBUG com.github.dockerjava.zerodep.shaded.org.apache.hc.client5.http.headers -- http-outgoing-2 >> content-type: application/json
10:24:11.915 [docker-java-stream--521574876] DEBUG com.github.dockerjava.zerodep.shaded.org.apache.hc.client5.http.headers -- http-outgoing-2 >> x-tc-sid: ad01dab1-4b9b-4848-b723-5acec0598df9
10:24:11.915 [docker-java-stream--521574876] DEBUG com.github.dockerjava.zerodep.shaded.org.apache.hc.client5.http.headers -- http-outgoing-2 >> User-Agent: tc-java/1.19.3
10:24:11.915 [docker-java-stream--521574876] DEBUG com.github.dockerjava.zerodep.shaded.org.apache.hc.client5.http.headers -- http-outgoing-2 >> Accept-Encoding: gzip, x-gzip, deflate
10:24:11.915 [docker-java-stream--521574876] DEBUG com.github.dockerjava.zerodep.shaded.org.apache.hc.client5.http.headers -- http-outgoing-2 >> Content-Length: 26
10:24:11.915 [docker-java-stream--521574876] DEBUG com.github.dockerjava.zerodep.shaded.org.apache.hc.client5.http.headers -- http-outgoing-2 >> Host: localhost:2375
10:24:11.916 [docker-java-stream--521574876] DEBUG com.github.dockerjava.zerodep.shaded.org.apache.hc.client5.http.headers -- http-outgoing-2 >> Connection: keep-alive
10:24:11.916 [docker-java-stream--521574876] DEBUG com.github.dockerjava.zerodep.shaded.org.apache.hc.client5.http.wire -- http-outgoing-2 >> "POST /v1.32/exec/f859e5910345169386a4b7b53a87bc28d5d4ec76f3f0713173e895345213f647/start HTTP/1.1[\r][\n]"
10:24:11.916 [docker-java-stream--521574876] DEBUG com.github.dockerjava.zerodep.shaded.org.apache.hc.client5.http.wire -- http-outgoing-2 >> "accept: application/json[\r][\n]"
10:24:11.916 [docker-java-stream--521574876] DEBUG com.github.dockerjava.zerodep.shaded.org.apache.hc.client5.http.wire -- http-outgoing-2 >> "content-type: application/json[\r][\n]"
10:24:11.916 [docker-java-stream--521574876] DEBUG com.github.dockerjava.zerodep.shaded.org.apache.hc.client5.http.wire -- http-outgoing-2 >> "x-tc-sid: ad01dab1-4b9b-4848-b723-5acec0598df9[\r][\n]"
10:24:11.916 [docker-java-stream--521574876] DEBUG com.github.dockerjava.zerodep.shaded.org.apache.hc.client5.http.wire -- http-outgoing-2 >> "User-Agent: tc-java/1.19.3[\r][\n]"
10:24:11.916 [docker-java-stream--521574876] DEBUG com.github.dockerjava.zerodep.shaded.org.apache.hc.client5.http.wire -- http-outgoing-2 >> "Accept-Encoding: gzip, x-gzip, deflate[\r][\n]"
10:24:11.917 [docker-java-stream--521574876] DEBUG com.github.dockerjava.zerodep.shaded.org.apache.hc.client5.http.wire -- http-outgoing-2 >> "Content-Length: 26[\r][\n]"
10:24:11.917 [docker-java-stream--521574876] DEBUG com.github.dockerjava.zerodep.shaded.org.apache.hc.client5.http.wire -- http-outgoing-2 >> "Host: localhost:2375[\r][\n]"
10:24:11.917 [docker-java-stream--521574876] DEBUG com.github.dockerjava.zerodep.shaded.org.apache.hc.client5.http.wire -- http-outgoing-2 >> "Connection: keep-alive[\r][\n]"
10:24:11.917 [docker-java-stream--521574876] DEBUG com.github.dockerjava.zerodep.shaded.org.apache.hc.client5.http.wire -- http-outgoing-2 >> "[\r][\n]"
10:24:11.917 [docker-java-stream--521574876] DEBUG com.github.dockerjava.zerodep.shaded.org.apache.hc.client5.http.wire -- http-outgoing-2 >> "{"Detach":null,"Tty":null}"
10:24:11.925 [docker-java-stream--521574876] DEBUG com.github.dockerjava.zerodep.shaded.org.apache.hc.client5.http.wire -- http-outgoing-2 << "HTTP/1.1 200 OK[\r][\n]"
10:24:11.925 [docker-java-stream--521574876] DEBUG com.github.dockerjava.zerodep.shaded.org.apache.hc.client5.http.wire -- http-outgoing-2 << "Api-Version: 1.47[\r][\n]"
10:24:11.925 [docker-java-stream--521574876] DEBUG com.github.dockerjava.zerodep.shaded.org.apache.hc.client5.http.wire -- http-outgoing-2 << "Content-Type: application/vnd.docker.raw-stream[\r][\n]"
10:24:11.925 [docker-java-stream--521574876] DEBUG com.github.dockerjava.zerodep.shaded.org.apache.hc.client5.http.wire -- http-outgoing-2 << "Date: Fri, 02 May 2025 08:24:11 GMT[\r][\n]"
10:24:11.925 [docker-java-stream--521574876] DEBUG com.github.dockerjava.zerodep.shaded.org.apache.hc.client5.http.wire -- http-outgoing-2 << "Docker-Experimental: false[\r][\n]"
10:24:11.925 [docker-java-stream--521574876] DEBUG com.github.dockerjava.zerodep.shaded.org.apache.hc.client5.http.wire -- http-outgoing-2 << "Ostype: linux[\r][\n]"
10:24:11.925 [docker-java-stream--521574876] DEBUG com.github.dockerjava.zerodep.shaded.org.apache.hc.client5.http.wire -- http-outgoing-2 << "Server: Docker/27.5.1 (linux)[\r][\n]"
10:24:11.925 [docker-java-stream--521574876] DEBUG com.github.dockerjava.zerodep.shaded.org.apache.hc.client5.http.wire -- http-outgoing-2 << "Transfer-Encoding: chunked[\r][\n]"
10:24:11.926 [docker-java-stream--521574876] DEBUG com.github.dockerjava.zerodep.shaded.org.apache.hc.client5.http.wire -- http-outgoing-2 << "[\r][\n]"
10:24:11.926 [docker-java-stream--521574876] DEBUG com.github.dockerjava.zerodep.shaded.org.apache.hc.client5.http.headers -- http-outgoing-2 << HTTP/1.1 200 OK
10:24:11.926 [docker-java-stream--521574876] DEBUG com.github.dockerjava.zerodep.shaded.org.apache.hc.client5.http.headers -- http-outgoing-2 << Api-Version: 1.47
10:24:11.926 [docker-java-stream--521574876] DEBUG com.github.dockerjava.zerodep.shaded.org.apache.hc.client5.http.headers -- http-outgoing-2 << Content-Type: application/vnd.docker.raw-stream
10:24:11.926 [docker-java-stream--521574876] DEBUG com.github.dockerjava.zerodep.shaded.org.apache.hc.client5.http.headers -- http-outgoing-2 << Date: Fri, 02 May 2025 08:24:11 GMT
10:24:11.926 [docker-java-stream--521574876] DEBUG com.github.dockerjava.zerodep.shaded.org.apache.hc.client5.http.headers -- http-outgoing-2 << Docker-Experimental: false
10:24:11.926 [docker-java-stream--521574876] DEBUG com.github.dockerjava.zerodep.shaded.org.apache.hc.client5.http.headers -- http-outgoing-2 << Ostype: linux
10:24:11.926 [docker-java-stream--521574876] DEBUG com.github.dockerjava.zerodep.shaded.org.apache.hc.client5.http.headers -- http-outgoing-2 << Server: Docker/27.5.1 (linux)
10:24:11.926 [docker-java-stream--521574876] DEBUG com.github.dockerjava.zerodep.shaded.org.apache.hc.client5.http.headers -- http-outgoing-2 << Transfer-Encoding: chunked
10:24:11.926 [docker-java-stream--521574876] DEBUG com.github.dockerjava.zerodep.shaded.org.apache.hc.client5.http.impl.classic.MainClientExec -- ex-0000001D: connection can be kept alive for 3 MINUTES
10:24:12.365 [docker-java-stream--521574876] DEBUG com.github.dockerjava.zerodep.shaded.org.apache.hc.client5.http.wire -- http-outgoing-2 << "52c[\r][\n]"
10:24:12.365 [docker-java-stream--521574876] DEBUG com.github.dockerjava.zerodep.shaded.org.apache.hc.client5.http.wire -- http-outgoing-2 << "[0x2][0x0][0x0][0x0][0x0][0x0][0x5]$ffmpeg version 4.1.10-0+deb10u1 Copyright (c) 2000-2022 the FFmpeg developers[\n]"
10:24:12.365 [docker-java-stream--521574876] DEBUG com.github.dockerjava.zerodep.shaded.org.apache.hc.client5.http.wire -- http-outgoing-2 << "  built with gcc 8 (Debian 8.3.0-6)[\n]"
10:24:12.365 [docker-java-stream--521574876] DEBUG com.github.dockerjava.zerodep.shaded.org.apache.hc.client5.http.wire -- http-outgoing-2 << "  configuration: --prefix=/usr --extra-version=0+deb10u1 --toolchain=hardened --libdir=/usr/lib/x86_64-linux-gnu --incdir=/usr/include/x86_64-linux-gnu --arch=amd64 --enable-gpl --disable-stripping --enable-avresample --disable-filter=resample --enable-avisynth --enable-gnutls --enable-ladspa --enable-libaom --enable-libass --enable-libbluray --enable-libbs2b --enable-libcaca --enable-libcdio --enable-libcodec2 --enable-libflite --enable-libfontconfig --enable-libfreetype --enable-libfribidi --enable-libgme --enable-libgsm --enable-libjack --enable-libmp3lame --enable-libmysofa --enable-libopenjpeg --enable-libopenmpt --enable-libopus --enable-libpulse --enable-librsvg --enable-librubberband --enable-libshine --enable-libsnappy --enable-libsoxr --enable-libspeex --enable-libssh --enable-libtheora --enable-libtwolame --enable-libvidstab --enable-libvorbis --enable-libvpx --enable-libwavpack --enable-libwebp --enable-libx265 --enable-libxml2 --enable-libxvid --enable-libzmq --enable-libzvbi --enable-lv2 --enable-omx --enable-openal --enable-opengl --enable-sdl2 --enable-libdc1394 --enable-libdrm --enable-libiec61883 --enable-chromaprint --enable-frei0r --enable-libx264 --enable-shared[\n]"
10:24:12.365 [docker-java-stream--521574876] DEBUG com.github.dockerjava.zerodep.shaded.org.apache.hc.client5.http.wire -- http-outgoing-2 << "[\r][\n]"
10:24:12.367 [docker-java-stream--521574876] DEBUG com.github.dockerjava.zerodep.shaded.org.apache.hc.client5.http.wire -- http-outgoing-2 << "179[\r][\n]"
10:24:12.367 [docker-java-stream--521574876] DEBUG com.github.dockerjava.zerodep.shaded.org.apache.hc.client5.http.wire -- http-outgoing-2 << "[0x2][0x0][0x0][0x0][0x0][0x0][0x1]q  libavutil      56. 22.100 / 56. 22.100[\n]"
10:24:12.367 [docker-java-stream--521574876] DEBUG com.github.dockerjava.zerodep.shaded.org.apache.hc.client5.http.wire -- http-outgoing-2 << "  libavcodec     58. 35.100 / 58. 35.100[\n]"
10:24:12.368 [docker-java-stream--521574876] DEBUG com.github.dockerjava.zerodep.shaded.org.apache.hc.client5.http.wire -- http-outgoing-2 << "  libavformat    58. 20.100 / 58. 20.100[\n]"
10:24:12.368 [docker-java-stream--521574876] DEBUG com.github.dockerjava.zerodep.shaded.org.apache.hc.client5.http.wire -- http-outgoing-2 << "  libavdevice    58.  5.100 / 58.  5.100[\n]"
10:24:12.368 [docker-java-stream--521574876] DEBUG com.github.dockerjava.zerodep.shaded.org.apache.hc.client5.http.wire -- http-outgoing-2 << "  libavfilter     7. 40.101 /  7. 40.101[\n]"
10:24:12.368 [docker-java-stream--521574876] DEBUG com.github.dockerjava.zerodep.shaded.org.apache.hc.client5.http.wire -- http-outgoing-2 << "  libavresample   4.  0.  0 /  4.  0.  0[\n]"
10:24:12.368 [docker-java-stream--521574876] DEBUG com.github.dockerjava.zerodep.shaded.org.apache.hc.client5.http.wire -- http-outgoing-2 << "  libswscale      5.  3.100 /  5.  3.100[\n]"
10:24:12.368 [docker-java-stream--521574876] DEBUG com.github.dockerjava.zerodep.shaded.org.apache.hc.client5.http.wire -- http-outgoing-2 << "  libswresample   3.  3.100 /  3.  3.100[\n]"
10:24:12.368 [docker-java-stream--521574876] DEBUG com.github.dockerjava.zerodep.shaded.org.apache.hc.client5.http.wire -- http-outgoing-2 << "  libpostproc    55.  3.100 / 55.  3.100[\n]"
10:24:12.368 [docker-java-stream--521574876] DEBUG com.github.dockerjava.zerodep.shaded.org.apache.hc.client5.http.wire -- http-outgoing-2 << "[\r][\n]"
10:24:12.415 [docker-java-stream--521574876] DEBUG com.github.dockerjava.zerodep.shaded.org.apache.hc.client5.http.wire -- http-outgoing-2 << "9d[\r][\n]"
10:24:12.415 [docker-java-stream--521574876] DEBUG com.github.dockerjava.zerodep.shaded.org.apache.hc.client5.http.wire -- http-outgoing-2 << "[0x2][0x0][0x0][0x0][0x0][0x0][0x0][0xffffff95]Input #0, flv, from '/screen.flv':[\n]"
10:24:12.415 [docker-java-stream--521574876] DEBUG com.github.dockerjava.zerodep.shaded.org.apache.hc.client5.http.wire -- http-outgoing-2 << "  Duration: 00:00:00.00, start: 0.000000, bitrate: N/A[\n]"
10:24:12.415 [docker-java-stream--521574876] DEBUG com.github.dockerjava.zerodep.shaded.org.apache.hc.client5.http.wire -- http-outgoing-2 << "    Stream #0:0: Video: flashsv, bgr24, 1376x1024, 30 fps, [\r][\n]"
10:24:12.416 [docker-java-stream--521574876] DEBUG com.github.dockerjava.zerodep.shaded.org.apache.hc.client5.http.wire -- http-outgoing-2 << "17[\r][\n]"
10:24:12.416 [docker-java-stream--521574876] DEBUG com.github.dockerjava.zerodep.shaded.org.apache.hc.client5.http.wire -- http-outgoing-2 << "[0x2][0x0][0x0][0x0][0x0][0x0][0x0][0xf]30 tbr, 1k tbn[\n]"
10:24:12.416 [docker-java-stream--521574876] DEBUG com.github.dockerjava.zerodep.shaded.org.apache.hc.client5.http.wire -- http-outgoing-2 << "[\r][\n]"
10:24:12.416 [docker-java-stream--521574876] DEBUG com.github.dockerjava.zerodep.shaded.org.apache.hc.client5.http.wire -- http-outgoing-2 << "73[\r][\n]"
10:24:12.417 [docker-java-stream--521574876] DEBUG com.github.dockerjava.zerodep.shaded.org.apache.hc.client5.http.wire -- http-outgoing-2 << "[0x2][0x0][0x0][0x0][0x0][0x0][0x0]kStream mapping:[\n]"
10:24:12.417 [docker-java-stream--521574876] DEBUG com.github.dockerjava.zerodep.shaded.org.apache.hc.client5.http.wire -- http-outgoing-2 << "  Stream #0:0 -> #0:0 (flashsv (native) -> h264 (libx264))[\n]"
10:24:12.417 [docker-java-stream--521574876] DEBUG com.github.dockerjava.zerodep.shaded.org.apache.hc.client5.http.wire -- http-outgoing-2 << "Press [q] to stop, [?] for help[\n]"
10:24:12.417 [docker-java-stream--521574876] DEBUG com.github.dockerjava.zerodep.shaded.org.apache.hc.client5.http.wire -- http-outgoing-2 << "[\r][\n]"
10:24:12.447 [docker-java-stream--521574876] DEBUG com.github.dockerjava.zerodep.shaded.org.apache.hc.client5.http.wire -- http-outgoing-2 << "70[\r][\n]"
10:24:12.448 [docker-java-stream--521574876] DEBUG com.github.dockerjava.zerodep.shaded.org.apache.hc.client5.http.wire -- http-outgoing-2 << "[0x2][0x0][0x0][0x0][0x0][0x0][0x0]h[libx264 @ 0x56317438b580] using cpu capabilities: MMX2 SSE2Fast SSSE3 SSE4.2 AVX FMA3 BMI2 AVX2 AVX512[\n]"
10:24:12.448 [docker-java-stream--521574876] DEBUG com.github.dockerjava.zerodep.shaded.org.apache.hc.client5.http.wire -- http-outgoing-2 << "[\r][\n]"
10:24:12.468 [docker-java-stream--521574876] DEBUG com.github.dockerjava.zerodep.shaded.org.apache.hc.client5.http.wire -- http-outgoing-2 << "59[\r][\n]"
10:24:12.468 [docker-java-stream--521574876] DEBUG com.github.dockerjava.zerodep.shaded.org.apache.hc.client5.http.wire -- http-outgoing-2 << "[0x2][0x0][0x0][0x0][0x0][0x0][0x0]Q[libx264 @ 0x56317438b580] profile High 4:4:4 Predictive, level 4.0, 4:4:4 8-bit[\n]"
10:24:12.468 [docker-java-stream--521574876] DEBUG com.github.dockerjava.zerodep.shaded.org.apache.hc.client5.http.wire -- http-outgoing-2 << "[\r][\n]"
10:24:12.471 [docker-java-stream--521574876] DEBUG com.github.dockerjava.zerodep.shaded.org.apache.hc.client5.http.wire -- http-outgoing-2 << "419[\r][\n]"
10:24:12.471 [docker-java-stream--521574876] DEBUG com.github.dockerjava.zerodep.shaded.org.apache.hc.client5.http.wire -- http-outgoing-2 << "[0x2][0x0][0x0][0x0][0x0][0x0][0x3][0x7][libx264 @ 0x56317438b580] 264 - core 155 r2917 0a84d98 - H.264/MPEG-4 AVC codec - Copyleft 2003-2018 - http://www.videolan.org/x264.html - options: cabac=1 ref=3 deblock=1:0:0 analyse=0x1:0x111 me=hex subme=7 psy=1 psy_rd=1.00:0.00 mixed_ref=1 me_range=16 chroma_me=1 trellis=1 8x8dct=0 cqm=0 deadzone=21,11 fast_pskip=1 chroma_qp_offset=4 threads=12 lookahead_threads=2 sliced_threads=0 nr=0 decimate=1 interlaced=0 bluray_compat=0 constrained_intra=0 bframes=3 b_pyramid=2 b_adapt=1 b_bias=0 direct=1 weightb=1 open_gop=0 weightp=2 keyint=250 keyint_min=25 scenecut=40 intra_refresh=0 rc_lookahead=40 rc=crf mbtree=1 crf=23.0 qcomp=0.60 qpmin=0 qpmax=69 qpstep=4 ip_ratio=1.40 aq=1:1.00[\n]"
10:24:12.471 [docker-java-stream--521574876] DEBUG com.github.dockerjava.zerodep.shaded.org.apache.hc.client5.http.wire -- http-outgoing-2 << "Output #0, flv, to '/newScreen.flv':[\n]"
10:24:12.471 [docker-java-stream--521574876] DEBUG com.github.dockerjava.zerodep.shaded.org.apache.hc.client5.http.wire -- http-outgoing-2 << "  Metadata:[\n]"
10:24:12.471 [docker-java-stream--521574876] DEBUG com.github.dockerjava.zerodep.shaded.org.apache.hc.client5.http.wire -- http-outgoing-2 << "    encoder         : Lavf58.20.100[\n]"
10:24:12.471 [docker-java-stream--521574876] DEBUG com.github.dockerjava.zerodep.shaded.org.apache.hc.client5.http.wire -- http-outgoing-2 << "[0x2][0x0][0x0][0x0][0x0][0x0][0x1][0x2]    Stream #0:0: Video: h264 (libx264) ([7][0][0][0] / 0x0007), yuv444p, 1376x1024, q=-1--1, 30 fps, 1k tbn, 30 tbc[\n]"
10:24:12.471 [docker-java-stream--521574876] DEBUG com.github.dockerjava.zerodep.shaded.org.apache.hc.client5.http.wire -- http-outgoing-2 << "    Metadata:[\n]"
10:24:12.471 [docker-java-stream--521574876] DEBUG com.github.dockerjava.zerodep.shaded.org.apache.hc.client5.http.wire -- http-outgoing-2 << "      encoder         : Lavc58.35.100 libx264[\n]"
10:24:12.471 [docker-java-stream--521574876] DEBUG com.github.dockerjava.zerodep.shaded.org.apache.hc.client5.http.wire -- http-outgoing-2 << "    Side data:[\n]"
10:24:12.471 [docker-java-stream--521574876] DEBUG com.github.dockerjava.zerodep.shaded.org.apache.hc.client5.http.wire -- http-outgoing-2 << "      cpb: bitrate max/min/avg: 0/0/0 buffer size: 0 vbv_delay: -1[\n]"
10:24:12.471 [docker-java-stream--521574876] DEBUG com.github.dockerjava.zerodep.shaded.org.apache.hc.client5.http.wire -- http-outgoing-2 << "[\r][\n]"
10:24:12.957 [docker-java-stream--521574876] DEBUG com.github.dockerjava.zerodep.shaded.org.apache.hc.client5.http.wire -- http-outgoing-2 << "5f[\r][\n]"
10:24:12.958 [docker-java-stream--521574876] DEBUG com.github.dockerjava.zerodep.shaded.org.apache.hc.client5.http.wire -- http-outgoing-2 << "[0x2][0x0][0x0][0x0][0x0][0x0][0x0]Wframe=   27 fps=0.0 q=0.0 size=       0kB time=00:00:00.00 bitrate=N/A speed=   0x    [\r][\r][\n]"
10:24:13.456 [docker-java-stream--521574876] DEBUG com.github.dockerjava.zerodep.shaded.org.apache.hc.client5.http.wire -- http-outgoing-2 << "5f[\r][\n]"
10:24:13.456 [docker-java-stream--521574876] DEBUG com.github.dockerjava.zerodep.shaded.org.apache.hc.client5.http.wire -- http-outgoing-2 << "[0x2][0x0][0x0][0x0][0x0][0x0][0x0]Wframe=   53 fps= 52 q=0.0 size=       0kB time=00:00:00.00 bitrate=N/A speed=   0x    [\r][\r][\n]"
10:24:13.951 [docker-java-stream--521574876] DEBUG com.github.dockerjava.zerodep.shaded.org.apache.hc.client5.http.wire -- http-outgoing-2 << "6a[\r][\n]"
10:24:13.951 [docker-java-stream--521574876] DEBUG com.github.dockerjava.zerodep.shaded.org.apache.hc.client5.http.wire -- http-outgoing-2 << "[0x2][0x0][0x0][0x0][0x0][0x0][0x0]bframe=  108 fps= 71 q=29.0 size=      15kB time=00:00:01.63 bitrate=  74.2kbits/s speed=1.07x    [\r][\r][\n]"
10:24:14.455 [docker-java-stream--521574876] DEBUG com.github.dockerjava.zerodep.shaded.org.apache.hc.client5.http.wire -- http-outgoing-2 << "6a[\r][\n]"
10:24:14.455 [docker-java-stream--521574876] DEBUG com.github.dockerjava.zerodep.shaded.org.apache.hc.client5.http.wire -- http-outgoing-2 << "[0x2][0x0][0x0][0x0][0x0][0x0][0x0]bframe=  163 fps= 80 q=29.0 size=      28kB time=00:00:03.46 bitrate=  66.0kbits/s speed=1.71x    [\r][\r][\n]"
10:24:14.962 [docker-java-stream--521574876] DEBUG com.github.dockerjava.zerodep.shaded.org.apache.hc.client5.http.wire -- http-outgoing-2 << "6a[\r][\n]"
10:24:14.962 [docker-java-stream--521574876] DEBUG com.github.dockerjava.zerodep.shaded.org.apache.hc.client5.http.wire -- http-outgoing-2 << "[0x2][0x0][0x0][0x0][0x0][0x0][0x0]bframe=  224 fps= 88 q=29.0 size=      81kB time=00:00:05.50 bitrate= 120.7kbits/s speed=2.17x    [\r][\r][\n]"
10:24:15.032 [docker-java-stream--521574876] DEBUG com.github.dockerjava.zerodep.shaded.org.apache.hc.client5.http.wire -- http-outgoing-2 << "81[\r][\n]"
10:24:15.032 [docker-java-stream--521574876] DEBUG com.github.dockerjava.zerodep.shaded.org.apache.hc.client5.http.wire -- http-outgoing-2 << "[0x2][0x0][0x0][0x0][0x0][0x0][0x0]y/screen.flv: corrupt input packet in stream 0[\n]"
10:24:15.032 [docker-java-stream--521574876] DEBUG com.github.dockerjava.zerodep.shaded.org.apache.hc.client5.http.wire -- http-outgoing-2 << "Error while decoding stream #0:0: Invalid data found when processing input[\n]"
10:24:15.032 [docker-java-stream--521574876] DEBUG com.github.dockerjava.zerodep.shaded.org.apache.hc.client5.http.wire -- http-outgoing-2 << "[\r][\n]"
10:24:15.173 [docker-java-stream--521574876] DEBUG com.github.dockerjava.zerodep.shaded.org.apache.hc.client5.http.wire -- http-outgoing-2 << "cd[\r][\n]"
10:24:15.173 [docker-java-stream--521574876] DEBUG com.github.dockerjava.zerodep.shaded.org.apache.hc.client5.http.wire -- http-outgoing-2 << "[0x2][0x0][0x0][0x0][0x0][0x0][0x0][0xffffffc5]frame=  233 fps= 85 q=-1.0 Lsize=      86kB time=00:00:07.66 bitrate=  91.7kbits/s speed=2.78x    [\n]"
10:24:15.173 [docker-java-stream--521574876] DEBUG com.github.dockerjava.zerodep.shaded.org.apache.hc.client5.http.wire -- http-outgoing-2 << "video:81kB audio:0kB subtitle:0kB other streams:0kB global headers:0kB muxing overhead: 5.972219%[\n]"
10:24:15.173 [docker-java-stream--521574876] DEBUG com.github.dockerjava.zerodep.shaded.org.apache.hc.client5.http.wire -- http-outgoing-2 << "[\r][\n]"
10:24:15.174 [docker-java-stream--521574876] DEBUG com.github.dockerjava.zerodep.shaded.org.apache.hc.client5.http.wire -- http-outgoing-2 << "443[\r][\n]"
10:24:15.174 [docker-java-stream--521574876] DEBUG com.github.dockerjava.zerodep.shaded.org.apache.hc.client5.http.wire -- http-outgoing-2 << "[0x2][0x0][0x0][0x0][0x0][0x0][0x4];[libx264 @ 0x56317438b580] frame I:2     Avg QP: 6.21  size:  5754[\n]"
10:24:15.174 [docker-java-stream--521574876] DEBUG com.github.dockerjava.zerodep.shaded.org.apache.hc.client5.http.wire -- http-outgoing-2 << "[libx264 @ 0x56317438b580] frame P:58    Avg QP:13.00  size:   986[\n]"
10:24:15.174 [docker-java-stream--521574876] DEBUG com.github.dockerjava.zerodep.shaded.org.apache.hc.client5.http.wire -- http-outgoing-2 << "[libx264 @ 0x56317438b580] frame B:173   Avg QP:16.17  size:    78[\n]"
10:24:15.174 [docker-java-stream--521574876] DEBUG com.github.dockerjava.zerodep.shaded.org.apache.hc.client5.http.wire -- http-outgoing-2 << "[libx264 @ 0x56317438b580] consecutive B-frames:  0.9%  0.0%  1.3% 97.9%[\n]"
10:24:15.174 [docker-java-stream--521574876] DEBUG com.github.dockerjava.zerodep.shaded.org.apache.hc.client5.http.wire -- http-outgoing-2 << "[libx264 @ 0x56317438b580] mb I  I16..4: 97.2%  0.0%  2.8%[\n]"
10:24:15.174 [docker-java-stream--521574876] DEBUG com.github.dockerjava.zerodep.shaded.org.apache.hc.client5.http.wire -- http-outgoing-2 << "[libx264 @ 0x56317438b580] mb P  I16..4:  2.3%  0.0%  0.6%  P16..4:  0.1%  0.0%  0.0%  0.0%  0.0%    skip:97.0%[\n]"
10:24:15.174 [docker-java-stream--521574876] DEBUG com.github.dockerjava.zerodep.shaded.org.apache.hc.client5.http.wire -- http-outgoing-2 << "[libx264 @ 0x56317438b580] mb B  I16..4:  0.0%  0.0%  0.0%  B16..8:  0.6%  0.0%  0.0%  direct: 0.0%  skip:99.4%  L0:46.6% L1:53.4% BI: 0.0%[\n]"
10:24:15.174 [docker-java-stream--521574876] DEBUG com.github.dockerjava.zerodep.shaded.org.apache.hc.client5.http.wire -- http-outgoing-2 << "[libx264 @ 0x56317438b580] coded y,u,v intra: 7.7% 2.9% 1.3% inter: 0.0% 0.0% 0.0%[\n]"
10:24:15.174 [docker-java-stream--521574876] DEBUG com.github.dockerjava.zerodep.shaded.org.apache.hc.client5.http.wire -- http-outgoing-2 << "[libx264 @ 0x56317438b580] i16 v,h,dc,p: 88%  9%  2%  1%[\n]"
10:24:15.174 [docker-java-stream--521574876] DEBUG com.github.dockerjava.zerodep.shaded.org.apache.hc.client5.http.wire -- http-outgoing-2 << "[libx264 @ 0x56317438b580] i4 v,h,dc,ddl,ddr,vr,hd,vl,hu: 23% 24% 22%  6%  6%  5%  6%  4%  5%[\n]"
10:24:15.174 [docker-java-stream--521574876] DEBUG com.github.dockerjava.zerodep.shaded.org.apache.hc.client5.http.wire -- http-outgoing-2 << "[libx264 @ 0x56317438b580] Weighted P-Frames: Y:0.0% UV:0.0%[\n]"
10:24:15.174 [docker-java-stream--521574876] DEBUG com.github.dockerjava.zerodep.shaded.org.apache.hc.client5.http.wire -- http-outgoing-2 << "[libx264 @ 0x56317438b580] ref P L0: 48.4% 10.5% 39.4%  1.7%[\n]"
10:24:15.174 [docker-java-stream--521574876] DEBUG com.github.dockerjava.zerodep.shaded.org.apache.hc.client5.http.wire -- http-outgoing-2 << "[libx264 @ 0x56317438b580] ref B L0: 62.7% 37.1%  0.2%[\n]"
10:24:15.174 [docker-java-stream--521574876] DEBUG com.github.dockerjava.zerodep.shaded.org.apache.hc.client5.http.wire -- http-outgoing-2 << "[libx264 @ 0x56317438b580] ref B L1: 98.0%  2.0%[\n]"
10:24:15.174 [docker-java-stream--521574876] DEBUG com.github.dockerjava.zerodep.shaded.org.apache.hc.client5.http.wire -- http-outgoing-2 << "[libx264 @ 0x56317438b580] kb/s:84.72[\n]"
10:24:15.174 [docker-java-stream--521574876] DEBUG com.github.dockerjava.zerodep.shaded.org.apache.hc.client5.http.wire -- http-outgoing-2 << "[\r][\n]"
10:24:15.213 [docker-java-stream--521574876] DEBUG com.github.dockerjava.zerodep.shaded.org.apache.hc.client5.http.wire -- http-outgoing-2 << "0[\r][\n]"
10:24:15.213 [docker-java-stream--521574876] DEBUG com.github.dockerjava.zerodep.shaded.org.apache.hc.client5.http.wire -- http-outgoing-2 << "[\r][\n]"
10:24:15.213 [docker-java-stream--521574876] DEBUG com.github.dockerjava.zerodep.shaded.org.apache.hc.client5.http.impl.classic.InternalHttpClient -- ep-0000001C: releasing valid endpoint
10:24:15.213 [docker-java-stream--521574876] DEBUG com.github.dockerjava.zerodep.shaded.org.apache.hc.client5.http.impl.io.PoolingHttpClientConnectionManager -- ep-0000001C: releasing endpoint
10:24:15.213 [docker-java-stream--521574876] DEBUG com.github.dockerjava.zerodep.shaded.org.apache.hc.client5.http.impl.io.PoolingHttpClientConnectionManager -- ep-0000001C: connection http-outgoing-2 can be kept alive for 3 MINUTES
10:24:15.213 [docker-java-stream--521574876] DEBUG com.github.dockerjava.zerodep.shaded.org.apache.hc.client5.http.impl.io.PoolingHttpClientConnectionManager -- ep-0000001C: connection released [route: {}->npipe://localhost:2375][total available: 1; route allocated: 1 of 2147483647; total allocated: 1 of 2147483647]
10:24:15.214 [main] DEBUG org.testcontainers.shaded.com.github.dockerjava.core.command.AbstrDockerCmd -- Cmd: f859e5910345169386a4b7b53a87bc28d5d4ec76f3f0713173e895345213f647
10:24:15.214 [main] DEBUG org.testcontainers.shaded.com.github.dockerjava.core.exec.InspectExecCmdExec -- GET: DefaultWebTarget{path=[/exec/f859e5910345169386a4b7b53a87bc28d5d4ec76f3f0713173e895345213f647/json], queryParams={}}
10:24:15.215 [main] DEBUG com.github.dockerjava.zerodep.shaded.org.apache.hc.client5.http.impl.classic.InternalHttpClient -- ex-0000001E: preparing request execution
10:24:15.216 [main] DEBUG com.github.dockerjava.zerodep.shaded.org.apache.hc.client5.http.protocol.RequestAddCookies -- Cookie spec selected: strict
10:24:15.216 [main] DEBUG com.github.dockerjava.zerodep.shaded.org.apache.hc.client5.http.protocol.RequestAuthCache -- Auth cache not set in the context
10:24:15.216 [main] DEBUG com.github.dockerjava.zerodep.shaded.org.apache.hc.client5.http.impl.classic.ProtocolExec -- ex-0000001E: target auth state: UNCHALLENGED
10:24:15.216 [main] DEBUG com.github.dockerjava.zerodep.shaded.org.apache.hc.client5.http.impl.classic.ProtocolExec -- ex-0000001E: proxy auth state: UNCHALLENGED
10:24:15.216 [main] DEBUG com.github.dockerjava.zerodep.shaded.org.apache.hc.client5.http.impl.classic.ConnectExec -- ex-0000001E: acquiring connection with route {}->npipe://localhost:2375
10:24:15.216 [main] DEBUG com.github.dockerjava.zerodep.shaded.org.apache.hc.client5.http.impl.classic.InternalHttpClient -- ex-0000001E: acquiring endpoint (3 MINUTES)
10:24:15.216 [main] DEBUG com.github.dockerjava.zerodep.shaded.org.apache.hc.client5.http.impl.io.PoolingHttpClientConnectionManager -- ex-0000001E: endpoint lease request (3 MINUTES) [route: {}->npipe://localhost:2375][total available: 1; route allocated: 1 of 2147483647; total allocated: 1 of 2147483647]
10:24:15.217 [main] DEBUG com.github.dockerjava.zerodep.shaded.org.apache.hc.client5.http.impl.io.PoolingHttpClientConnectionManager -- ex-0000001E: endpoint leased [route: {}->npipe://localhost:2375][total available: 0; route allocated: 1 of 2147483647; total allocated: 1 of 2147483647]
10:24:15.217 [main] DEBUG com.github.dockerjava.zerodep.shaded.org.apache.hc.client5.http.impl.io.PoolingHttpClientConnectionManager -- ex-0000001E: acquired ep-0000001D
10:24:15.217 [main] DEBUG com.github.dockerjava.zerodep.shaded.org.apache.hc.client5.http.impl.classic.InternalHttpClient -- ex-0000001E: acquired endpoint ep-0000001D
10:24:15.217 [main] DEBUG com.github.dockerjava.zerodep.shaded.org.apache.hc.client5.http.impl.classic.MainClientExec -- ex-0000001E: executing GET /v1.32/exec/f859e5910345169386a4b7b53a87bc28d5d4ec76f3f0713173e895345213f647/json HTTP/1.1
10:24:15.217 [main] DEBUG com.github.dockerjava.zerodep.shaded.org.apache.hc.client5.http.impl.classic.InternalHttpClient -- ep-0000001D: start execution ex-0000001E
10:24:15.217 [main] DEBUG com.github.dockerjava.zerodep.shaded.org.apache.hc.client5.http.impl.io.PoolingHttpClientConnectionManager -- ep-0000001D: executing exchange ex-0000001E over http-outgoing-2
10:24:15.217 [main] DEBUG com.github.dockerjava.zerodep.shaded.org.apache.hc.client5.http.headers -- http-outgoing-2 >> GET /v1.32/exec/f859e5910345169386a4b7b53a87bc28d5d4ec76f3f0713173e895345213f647/json HTTP/1.1
10:24:15.217 [main] DEBUG com.github.dockerjava.zerodep.shaded.org.apache.hc.client5.http.headers -- http-outgoing-2 >> accept: application/json
10:24:15.217 [main] DEBUG com.github.dockerjava.zerodep.shaded.org.apache.hc.client5.http.headers -- http-outgoing-2 >> x-tc-sid: ad01dab1-4b9b-4848-b723-5acec0598df9
10:24:15.217 [main] DEBUG com.github.dockerjava.zerodep.shaded.org.apache.hc.client5.http.headers -- http-outgoing-2 >> User-Agent: tc-java/1.19.3
10:24:15.217 [main] DEBUG com.github.dockerjava.zerodep.shaded.org.apache.hc.client5.http.headers -- http-outgoing-2 >> Accept-Encoding: gzip, x-gzip, deflate
10:24:15.217 [main] DEBUG com.github.dockerjava.zerodep.shaded.org.apache.hc.client5.http.headers -- http-outgoing-2 >> Host: localhost:2375
10:24:15.217 [main] DEBUG com.github.dockerjava.zerodep.shaded.org.apache.hc.client5.http.headers -- http-outgoing-2 >> Connection: keep-alive
10:24:15.217 [main] DEBUG com.github.dockerjava.zerodep.shaded.org.apache.hc.client5.http.wire -- http-outgoing-2 >> "GET /v1.32/exec/f859e5910345169386a4b7b53a87bc28d5d4ec76f3f0713173e895345213f647/json HTTP/1.1[\r][\n]"
10:24:15.217 [main] DEBUG com.github.dockerjava.zerodep.shaded.org.apache.hc.client5.http.wire -- http-outgoing-2 >> "accept: application/json[\r][\n]"
10:24:15.217 [main] DEBUG com.github.dockerjava.zerodep.shaded.org.apache.hc.client5.http.wire -- http-outgoing-2 >> "x-tc-sid: ad01dab1-4b9b-4848-b723-5acec0598df9[\r][\n]"
10:24:15.217 [main] DEBUG com.github.dockerjava.zerodep.shaded.org.apache.hc.client5.http.wire -- http-outgoing-2 >> "User-Agent: tc-java/1.19.3[\r][\n]"
10:24:15.217 [main] DEBUG com.github.dockerjava.zerodep.shaded.org.apache.hc.client5.http.wire -- http-outgoing-2 >> "Accept-Encoding: gzip, x-gzip, deflate[\r][\n]"
10:24:15.217 [main] DEBUG com.github.dockerjava.zerodep.shaded.org.apache.hc.client5.http.wire -- http-outgoing-2 >> "Host: localhost:2375[\r][\n]"
10:24:15.217 [main] DEBUG com.github.dockerjava.zerodep.shaded.org.apache.hc.client5.http.wire -- http-outgoing-2 >> "Connection: keep-alive[\r][\n]"
10:24:15.217 [main] DEBUG com.github.dockerjava.zerodep.shaded.org.apache.hc.client5.http.wire -- http-outgoing-2 >> "[\r][\n]"
10:24:15.225 [main] DEBUG com.github.dockerjava.zerodep.shaded.org.apache.hc.client5.http.wire -- http-outgoing-2 << "HTTP/1.1 200 OK[\r][\n]"
10:24:15.225 [main] DEBUG com.github.dockerjava.zerodep.shaded.org.apache.hc.client5.http.wire -- http-outgoing-2 << "Api-Version: 1.47[\r][\n]"
10:24:15.225 [main] DEBUG com.github.dockerjava.zerodep.shaded.org.apache.hc.client5.http.wire -- http-outgoing-2 << "Content-Type: application/json[\r][\n]"
10:24:15.225 [main] DEBUG com.github.dockerjava.zerodep.shaded.org.apache.hc.client5.http.wire -- http-outgoing-2 << "Date: Fri, 02 May 2025 08:24:15 GMT[\r][\n]"
10:24:15.225 [main] DEBUG com.github.dockerjava.zerodep.shaded.org.apache.hc.client5.http.wire -- http-outgoing-2 << "Docker-Experimental: false[\r][\n]"
10:24:15.225 [main] DEBUG com.github.dockerjava.zerodep.shaded.org.apache.hc.client5.http.wire -- http-outgoing-2 << "Ostype: linux[\r][\n]"
10:24:15.225 [main] DEBUG com.github.dockerjava.zerodep.shaded.org.apache.hc.client5.http.wire -- http-outgoing-2 << "Server: Docker/27.5.1 (linux)[\r][\n]"
10:24:15.225 [main] DEBUG com.github.dockerjava.zerodep.shaded.org.apache.hc.client5.http.wire -- http-outgoing-2 << "Transfer-Encoding: chunked[\r][\n]"
10:24:15.225 [main] DEBUG com.github.dockerjava.zerodep.shaded.org.apache.hc.client5.http.wire -- http-outgoing-2 << "[\r][\n]"
10:24:15.226 [main] DEBUG com.github.dockerjava.zerodep.shaded.org.apache.hc.client5.http.headers -- http-outgoing-2 << HTTP/1.1 200 OK
10:24:15.226 [main] DEBUG com.github.dockerjava.zerodep.shaded.org.apache.hc.client5.http.headers -- http-outgoing-2 << Api-Version: 1.47
10:24:15.226 [main] DEBUG com.github.dockerjava.zerodep.shaded.org.apache.hc.client5.http.headers -- http-outgoing-2 << Content-Type: application/json
10:24:15.226 [main] DEBUG com.github.dockerjava.zerodep.shaded.org.apache.hc.client5.http.headers -- http-outgoing-2 << Date: Fri, 02 May 2025 08:24:15 GMT
10:24:15.226 [main] DEBUG com.github.dockerjava.zerodep.shaded.org.apache.hc.client5.http.headers -- http-outgoing-2 << Docker-Experimental: false
10:24:15.226 [main] DEBUG com.github.dockerjava.zerodep.shaded.org.apache.hc.client5.http.headers -- http-outgoing-2 << Ostype: linux
10:24:15.226 [main] DEBUG com.github.dockerjava.zerodep.shaded.org.apache.hc.client5.http.headers -- http-outgoing-2 << Server: Docker/27.5.1 (linux)
10:24:15.226 [main] DEBUG com.github.dockerjava.zerodep.shaded.org.apache.hc.client5.http.headers -- http-outgoing-2 << Transfer-Encoding: chunked
10:24:15.227 [main] DEBUG com.github.dockerjava.zerodep.shaded.org.apache.hc.client5.http.impl.classic.MainClientExec -- ex-0000001E: connection can be kept alive for 3 MINUTES
10:24:15.228 [main] DEBUG com.github.dockerjava.zerodep.shaded.org.apache.hc.client5.http.wire -- http-outgoing-2 << "1a9[\r][\n]"
10:24:15.228 [main] DEBUG com.github.dockerjava.zerodep.shaded.org.apache.hc.client5.http.wire -- http-outgoing-2 << "{"ID":"f859e5910345169386a4b7b53a87bc28d5d4ec76f3f0713173e895345213f647","Running":false,"ExitCode":0,"ProcessConfig":{"tty":false,"entrypoint":"ffmpeg","arguments":["-i","/screen.flv","-vcodec","libx264","/newScreen.flv"],"privileged":false},"OpenStdin":false,"OpenStderr":true,"OpenStdout":true,"CanRemove":false,"ContainerID":"e96403dc02ca8a5ad2cba40edfb6d108392a0b4715d78fd5756ab8fdd2127d35","DetachKeys":"","Pid":25707}[\n]"
10:24:15.228 [main] DEBUG com.github.dockerjava.zerodep.shaded.org.apache.hc.client5.http.wire -- http-outgoing-2 << "[\r][\n]"
10:24:15.228 [main] DEBUG com.github.dockerjava.zerodep.shaded.org.apache.hc.client5.http.wire -- http-outgoing-2 << "0[\r][\n]"
10:24:15.228 [main] DEBUG com.github.dockerjava.zerodep.shaded.org.apache.hc.client5.http.wire -- http-outgoing-2 << "[\r][\n]"
10:24:15.230 [main] DEBUG com.github.dockerjava.zerodep.shaded.org.apache.hc.client5.http.impl.classic.InternalHttpClient -- ep-0000001D: releasing valid endpoint
10:24:15.230 [main] DEBUG com.github.dockerjava.zerodep.shaded.org.apache.hc.client5.http.impl.io.PoolingHttpClientConnectionManager -- ep-0000001D: releasing endpoint
10:24:15.230 [main] DEBUG com.github.dockerjava.zerodep.shaded.org.apache.hc.client5.http.impl.io.PoolingHttpClientConnectionManager -- ep-0000001D: connection http-outgoing-2 can be kept alive for 3 MINUTES
10:24:15.230 [main] DEBUG com.github.dockerjava.zerodep.shaded.org.apache.hc.client5.http.impl.io.PoolingHttpClientConnectionManager -- ep-0000001D: connection released [route: {}->npipe://localhost:2375][total available: 1; route allocated: 1 of 2147483647; total allocated: 1 of 2147483647]
10:24:15.234 [main] DEBUG org.testcontainers.shaded.com.github.dockerjava.core.command.AbstrDockerCmd -- Cmd: e96403dc02ca8a5ad2cba40edfb6d108392a0b4715d78fd5756ab8fdd2127d35,.,/newScreen.flv
10:24:15.238 [main] DEBUG com.github.dockerjava.zerodep.shaded.org.apache.hc.client5.http.impl.classic.InternalHttpClient -- ex-0000001F: preparing request execution
10:24:15.239 [main] DEBUG com.github.dockerjava.zerodep.shaded.org.apache.hc.client5.http.protocol.RequestAddCookies -- Cookie spec selected: strict
10:24:15.239 [main] DEBUG com.github.dockerjava.zerodep.shaded.org.apache.hc.client5.http.protocol.RequestAuthCache -- Auth cache not set in the context
10:24:15.239 [main] DEBUG com.github.dockerjava.zerodep.shaded.org.apache.hc.client5.http.impl.classic.ProtocolExec -- ex-0000001F: target auth state: UNCHALLENGED
10:24:15.239 [main] DEBUG com.github.dockerjava.zerodep.shaded.org.apache.hc.client5.http.impl.classic.ProtocolExec -- ex-0000001F: proxy auth state: UNCHALLENGED
10:24:15.239 [main] DEBUG com.github.dockerjava.zerodep.shaded.org.apache.hc.client5.http.impl.classic.ConnectExec -- ex-0000001F: acquiring connection with route {}->npipe://localhost:2375
10:24:15.239 [main] DEBUG com.github.dockerjava.zerodep.shaded.org.apache.hc.client5.http.impl.classic.InternalHttpClient -- ex-0000001F: acquiring endpoint (3 MINUTES)
10:24:15.239 [main] DEBUG com.github.dockerjava.zerodep.shaded.org.apache.hc.client5.http.impl.io.PoolingHttpClientConnectionManager -- ex-0000001F: endpoint lease request (3 MINUTES) [route: {}->npipe://localhost:2375][total available: 1; route allocated: 1 of 2147483647; total allocated: 1 of 2147483647]
10:24:15.239 [main] DEBUG com.github.dockerjava.zerodep.shaded.org.apache.hc.client5.http.impl.io.PoolingHttpClientConnectionManager -- ex-0000001F: endpoint leased [route: {}->npipe://localhost:2375][total available: 0; route allocated: 1 of 2147483647; total allocated: 1 of 2147483647]
10:24:15.239 [main] DEBUG com.github.dockerjava.zerodep.shaded.org.apache.hc.client5.http.impl.io.PoolingHttpClientConnectionManager -- ex-0000001F: acquired ep-0000001E
10:24:15.239 [main] DEBUG com.github.dockerjava.zerodep.shaded.org.apache.hc.client5.http.impl.classic.InternalHttpClient -- ex-0000001F: acquired endpoint ep-0000001E
10:24:15.239 [main] DEBUG com.github.dockerjava.zerodep.shaded.org.apache.hc.client5.http.impl.classic.MainClientExec -- ex-0000001F: executing GET /v1.32/containers/e96403dc02ca8a5ad2cba40edfb6d108392a0b4715d78fd5756ab8fdd2127d35/archive?path=%2FnewScreen.flv HTTP/1.1
10:24:15.240 [main] DEBUG com.github.dockerjava.zerodep.shaded.org.apache.hc.client5.http.impl.classic.InternalHttpClient -- ep-0000001E: start execution ex-0000001F
10:24:15.240 [main] DEBUG com.github.dockerjava.zerodep.shaded.org.apache.hc.client5.http.impl.io.PoolingHttpClientConnectionManager -- ep-0000001E: executing exchange ex-0000001F over http-outgoing-2
10:24:15.240 [main] DEBUG com.github.dockerjava.zerodep.shaded.org.apache.hc.client5.http.headers -- http-outgoing-2 >> GET /v1.32/containers/e96403dc02ca8a5ad2cba40edfb6d108392a0b4715d78fd5756ab8fdd2127d35/archive?path=%2FnewScreen.flv HTTP/1.1
10:24:15.240 [main] DEBUG com.github.dockerjava.zerodep.shaded.org.apache.hc.client5.http.headers -- http-outgoing-2 >> accept: application/x-tar
10:24:15.240 [main] DEBUG com.github.dockerjava.zerodep.shaded.org.apache.hc.client5.http.headers -- http-outgoing-2 >> x-tc-sid: ad01dab1-4b9b-4848-b723-5acec0598df9
10:24:15.240 [main] DEBUG com.github.dockerjava.zerodep.shaded.org.apache.hc.client5.http.headers -- http-outgoing-2 >> User-Agent: tc-java/1.19.3
10:24:15.240 [main] DEBUG com.github.dockerjava.zerodep.shaded.org.apache.hc.client5.http.headers -- http-outgoing-2 >> Accept-Encoding: gzip, x-gzip, deflate
10:24:15.240 [main] DEBUG com.github.dockerjava.zerodep.shaded.org.apache.hc.client5.http.headers -- http-outgoing-2 >> Host: localhost:2375
10:24:15.240 [main] DEBUG com.github.dockerjava.zerodep.shaded.org.apache.hc.client5.http.headers -- http-outgoing-2 >> Connection: keep-alive
10:24:15.240 [main] DEBUG com.github.dockerjava.zerodep.shaded.org.apache.hc.client5.http.wire -- http-outgoing-2 >> "GET /v1.32/containers/e96403dc02ca8a5ad2cba40edfb6d108392a0b4715d78fd5756ab8fdd2127d35/archive?path=%2FnewScreen.flv HTTP/1.1[\r][\n]"
10:24:15.240 [main] DEBUG com.github.dockerjava.zerodep.shaded.org.apache.hc.client5.http.wire -- http-outgoing-2 >> "accept: application/x-tar[\r][\n]"
10:24:15.240 [main] DEBUG com.github.dockerjava.zerodep.shaded.org.apache.hc.client5.http.wire -- http-outgoing-2 >> "x-tc-sid: ad01dab1-4b9b-4848-b723-5acec0598df9[\r][\n]"
10:24:15.240 [main] DEBUG com.github.dockerjava.zerodep.shaded.org.apache.hc.client5.http.wire -- http-outgoing-2 >> "User-Agent: tc-java/1.19.3[\r][\n]"
10:24:15.240 [main] DEBUG com.github.dockerjava.zerodep.shaded.org.apache.hc.client5.http.wire -- http-outgoing-2 >> "Accept-Encoding: gzip, x-gzip, deflate[\r][\n]"
10:24:15.240 [main] DEBUG com.github.dockerjava.zerodep.shaded.org.apache.hc.client5.http.wire -- http-outgoing-2 >> "Host: localhost:2375[\r][\n]"
10:24:15.240 [main] DEBUG com.github.dockerjava.zerodep.shaded.org.apache.hc.client5.http.wire -- http-outgoing-2 >> "Connection: keep-alive[\r][\n]"
10:24:15.240 [main] DEBUG com.github.dockerjava.zerodep.shaded.org.apache.hc.client5.http.wire -- http-outgoing-2 >> "[\r][\n]"
10:24:15.262 [main] DEBUG com.github.dockerjava.zerodep.shaded.org.apache.hc.client5.http.wire -- http-outgoing-2 << "HTTP/1.1 200 OK[\r][\n]"
10:24:15.263 [main] DEBUG com.github.dockerjava.zerodep.shaded.org.apache.hc.client5.http.wire -- http-outgoing-2 << "Api-Version: 1.47[\r][\n]"
10:24:15.263 [main] DEBUG com.github.dockerjava.zerodep.shaded.org.apache.hc.client5.http.wire -- http-outgoing-2 << "Content-Encoding: gzip[\r][\n]"
10:24:15.263 [main] DEBUG com.github.dockerjava.zerodep.shaded.org.apache.hc.client5.http.wire -- http-outgoing-2 << "Content-Type: application/x-tar[\r][\n]"
10:24:15.263 [main] DEBUG com.github.dockerjava.zerodep.shaded.org.apache.hc.client5.http.wire -- http-outgoing-2 << "Date: Fri, 02 May 2025 08:24:15 GMT[\r][\n]"
10:24:15.263 [main] DEBUG com.github.dockerjava.zerodep.shaded.org.apache.hc.client5.http.wire -- http-outgoing-2 << "Docker-Experimental: false[\r][\n]"
10:24:15.263 [main] DEBUG com.github.dockerjava.zerodep.shaded.org.apache.hc.client5.http.wire -- http-outgoing-2 << "Ostype: linux[\r][\n]"
10:24:15.263 [main] DEBUG com.github.dockerjava.zerodep.shaded.org.apache.hc.client5.http.wire -- http-outgoing-2 << "Server: Docker/27.5.1 (linux)[\r][\n]"
10:24:15.263 [main] DEBUG com.github.dockerjava.zerodep.shaded.org.apache.hc.client5.http.wire -- http-outgoing-2 << "X-Docker-Container-Path-Stat: eyJuYW1lIjoibmV3U2NyZWVuLmZsdiIsInNpemUiOjg3ODg3LCJtb2RlIjo0MjAsIm10aW1lIjoiMjAyNS0wNS0wMlQwODoyNDoxNS4xNTU4MTU4NloiLCJsaW5rVGFyZ2V0IjoiIn0=[\r][\n]"
10:24:15.263 [main] DEBUG com.github.dockerjava.zerodep.shaded.org.apache.hc.client5.http.wire -- http-outgoing-2 << "Transfer-Encoding: chunked[\r][\n]"
10:24:15.263 [main] DEBUG com.github.dockerjava.zerodep.shaded.org.apache.hc.client5.http.wire -- http-outgoing-2 << "[\r][\n]"
10:24:15.264 [main] DEBUG com.github.dockerjava.zerodep.shaded.org.apache.hc.client5.http.headers -- http-outgoing-2 << HTTP/1.1 200 OK
10:24:15.264 [main] DEBUG com.github.dockerjava.zerodep.shaded.org.apache.hc.client5.http.headers -- http-outgoing-2 << Api-Version: 1.47
10:24:15.265 [main] DEBUG com.github.dockerjava.zerodep.shaded.org.apache.hc.client5.http.headers -- http-outgoing-2 << Content-Encoding: gzip
10:24:15.265 [main] DEBUG com.github.dockerjava.zerodep.shaded.org.apache.hc.client5.http.headers -- http-outgoing-2 << Content-Type: application/x-tar
10:24:15.265 [main] DEBUG com.github.dockerjava.zerodep.shaded.org.apache.hc.client5.http.headers -- http-outgoing-2 << Date: Fri, 02 May 2025 08:24:15 GMT
10:24:15.265 [main] DEBUG com.github.dockerjava.zerodep.shaded.org.apache.hc.client5.http.headers -- http-outgoing-2 << Docker-Experimental: false
10:24:15.265 [main] DEBUG com.github.dockerjava.zerodep.shaded.org.apache.hc.client5.http.headers -- http-outgoing-2 << Ostype: linux
10:24:15.265 [main] DEBUG com.github.dockerjava.zerodep.shaded.org.apache.hc.client5.http.headers -- http-outgoing-2 << Server: Docker/27.5.1 (linux)
10:24:15.265 [main] DEBUG com.github.dockerjava.zerodep.shaded.org.apache.hc.client5.http.headers -- http-outgoing-2 << X-Docker-Container-Path-Stat: eyJuYW1lIjoibmV3U2NyZWVuLmZsdiIsInNpemUiOjg3ODg3LCJtb2RlIjo0MjAsIm10aW1lIjoiMjAyNS0wNS0wMlQwODoyNDoxNS4xNTU4MTU4NloiLCJsaW5rVGFyZ2V0IjoiIn0=
10:24:15.266 [main] DEBUG com.github.dockerjava.zerodep.shaded.org.apache.hc.client5.http.headers -- http-outgoing-2 << Transfer-Encoding: chunked
10:24:15.266 [main] DEBUG com.github.dockerjava.zerodep.shaded.org.apache.hc.client5.http.impl.classic.MainClientExec -- ex-0000001F: connection can be kept alive for 3 MINUTES
10:24:15.277 [main] DEBUG com.github.dockerjava.zerodep.shaded.org.apache.hc.client5.http.wire -- http-outgoing-2 << "8000[\r][\n]"
10:24:15.277 [main] DEBUG com.github.dockerjava.zerodep.shaded.org.apache.hc.client5.http.wire -- http-outgoing-2 << "[0x1f][0xffffff8b][0x8][0x0][0x0][0x0][0x0][0x0][0x0][0xffffffff][0xffffffd4][0xffffffbc][0x5]T[0x1d]Y[0xfffffff6]7Z[0xffffffb8][0xffffffbb][0xfffffffb]E[0x2]A[0x2][0x17]wwwB[0xffffff80][0xffffffe0][0x17]w[0xffffff97][0xffffffe0][0x10][0xffffff82][0x4][0x8][0xffffffee].A[0x2][0xffffff81][0xffffff84][0x0][0xffffffc1][0xffffff83][0x13][0xffffffdc][0xffffff82][0xffffffbb][0x6]w[0xffffff87][0xffffffb7][0xffffff92]I[0xffffffcf][0xffffffa4]3[0xffffffff]y_[0xffffffff][0xffffffa7][0xffffffbb][0xffffffbf][0xfffffff5]^[0xffffffad]Z[0xfffffff7][0x16][0xffffffa7][0xffffffea][0xffffffec]S[0xffffffe7][0xffffffb7][0xffffffa5]~[0xfffffffb][0xffffffb0]o[0xffffffd9]A[0xffffffdc][0xffffffd5]M[0xffffff9c] [0x10];f3[0x1b]7[0xffffffe0][0xffffffef][0xffffffd9][0xffffffc0]`0[0xffffff98][0xffffff8b][0xffffff83][0xffffffe3][0xfffffffb]7[0x18][0xc][0xfffffffe][0xfffffffd]7[0x1b]';'+7[0xffffffc0][0xffffffca][0x9][0x6]s[0xffffffb2][0xffffff82][0xffffffc1][0x1c][0xffffff9c][0xffffffdc][0x0][0xffffff98][0xffffff95][0xffffff95][0xffffff9b][\r][0xc][0xffffff80][0xffffffc0][0x7f][0xffffffd3][0xfffffffd][0xfffffffc]nsuv1r[0x2][0xffffffc0][0x7f]z[0xffffffac]_'[0xfffffff7][0xffffffff][0xffffff93]MJA[0xb][\n]"
10:24:15.277 [main] DEBUG com.github.dockerjava.zerodep.shaded.org.apache.hc.client5.http.wire -- http-outgoing-2 << "[\n]"
10:24:15.277 [main] DEBUG com.github.dockerjava.zerodep.shaded.org.apache.hc.client5.http.wire -- http-outgoing-2 << "[0x0][0x0][0xffffffa4]o[0x7f]`[0x3]@[0xffffffed][0xffffff8f]vh[0x0][0xffffffd9][0xffffffde]N[0x11][0xffffffe2]b$a[0xffffffe4]b[0xffffff84][0x8][0x0][0x0]"[0xffffff80]h[0xffffffea][0xffffffea]d[0xffffffe4]bio[0x7][0xffffff88]Ph[0xffffffdc][0x1e][0x7f][0xffffff90][0xffffffcc][0x5][0xffffffe0][0xffffffdc]-M],[0x0][0xffffff91][0x4][0xffffffff][0x7f][0xfffffff4][0xffffff82][0xffffffb7][0xffffff80]X[0xffffff9a][[0xffffffb8][0x0]"1?[0xffffffc4][0xffffffa0][0xffffffb9]Y[0xffffff9a]B[0xffffffec]M[0xffffff8d]\[0xffffff8c][0xffffff9c][0xffffff8c]\ [0xffffffff][0x1a][0x16][0xffffffc9][0xffffffcc][0xffffffc9][0xffffffc8][0x16][0xfffffff2][0xffffffbd]MD[0xffffffe8]G[0x1b][0xffffffea][0xfffffff7]kM[0xffffffec]M!&[0xffffff96][0xffffffa6][0xffffff80][0x8][0xffffffe9][0xffffff8f]f[0x4][0xffffff88][0xffffffdd][0xffffffb7]6'h[0x0]M[0xffffffc1][0xffffffc8][0xffffffcd][0xffffff8c][0xffffff93][0xffffff87][0xffffff99][\r][0xffffffcc][0xffffffcc][\n]"
10:24:15.277 [main] DEBUG com.github.dockerjava.zerodep.shaded.org.apache.hc.client5.http.wire -- http-outgoing-2 << "[0x6][0x3][0xffffff88]f[0xffffff96]6[0x10]gK/[0x8] r[0xffffffea]r[0xfffffff0]C.[0x0][0x0]mH[0x0][0xfffffff0][0xffffffe8]Gg[0xffffff82]o[0x1f]P'[0xffffffc0][0xffffffc3][0xfffffffb]%[0xffffff80][0xffffffd0][0xfffffffc][0x4]x[0xfffffff8]*[0xffffffed]!r[0xffffff8b][0xffffffc8][0xffffff90]?[0x0][0xffffffc0][0x0][0xfffffffe][0x0]@[0xffffff8e][0x10]I[0xfffffff8][0x19][\n]"
10:24:15.277 [main] DEBUG com.github.dockerjava.zerodep.shaded.org.apache.hc.client5.http.wire -- http-outgoing-2 << "[0xffffff80][0xffffffb3][0xffffffd8]^i[0xffffff97][0x1][0x0][0xffffff80][0x7][0x9][0xffffff80][0xffffffa5][0xfffffffa][0xffffffad]/[0x14][0x0][0xffffff88][0x3][0x0]t9<[0xffffffdc][0xfffffffd]}[0xffffffc9][0xffffffac][0xffffffe4]V[0xffffffe3][0xfffffffa][0xffffff94]LM"[0xffffffd3]$h[0xffffff8a]zo[0xffffffdf][0xffffff83][0xffffff8d][0xffffff8b][0x3][0xfffffff4][0x8]db[0xffffffef][0x4][0x1][0xffffffb1]rr[0xffffff82][0xffffff9c][0xffffffd8]xY[0xffffffb9]A`#[0x1e][0xe]S^[0x1e][0xffffffd0]#[0xffffff90][0xc]3[0x1b][0x17][0x7][0xffffff8b][0xffffffa2][0xffffff8a][0xffffffa4][0xfffffff4]#[0xe][0xffffff90][0xffffffa8][0xffffff96]8[0xffffffe8][0xfffffffb][0xffffffc4]@[0xffffff8f]@[0xffffffe2][0xfffffff6][0xe][0xffffff9e]6[0x10]3[0x17][0x10][0x1b][0x18][0xffffffcc][0xfffffffe][0xffffff88][\r][0xffffffcc][0xfffffffa][0xffffffed]j[0xb][0x17][0x17][0x7]>[0x16][0x16]www[0xffffffe6][0xffffffef]([0xffffffd8][0x18][0xffffffd9]1[0xffffffdb];[0xffffff99][0xffffffb3]|[0x1b][0xffffff85][0xffffffd9][0xffffffc2][0xffffffc5][0xffffffd6][0x6][0xfffffff4][0x8]d[0xffffffef][0xfffffff0][\r]|g>[0xffffff90][0xffffff89][0xffffff91][0xffffffb1][0xffffff91][0xffffff89] +[0xffffffc8][0x9]b&[0xffffffc8][0xe]2[0xffffff85][0x18][0xffffffdb][0xffffffd8][0xffffff9b]X[0xb][0xffffffb2][0xfffffff2][0xffffff81][0xfffffff9][0xffffffc0] #;#[0x1b]Og[0xffffff88] [0xffffffd8][0xffffff83][0xffffff95][0xf][0xffffffec][0xffffffc1][0xffffffca][0xffffffca][\n]"
10:24:15.277 [main] DEBUG com.github.dockerjava.zerodep.shaded.org.apache.hc.client5.http.wire -- http-outgoing-2 << "[0xffffffb2][0xffffff85][0x8]Z@<@[0xffffffce][0xffffffae][0xffffffc6][0xffffffb6][0x10]An[0xffffff90][0xffffff83][0xffffffb3][0xffffffa7] [0xffffffeb][0xffffffb7]O[0x3]'SAVf0[0xffffff98][0xf][0xffffffcc][0xc][0x6][0xffffff83]l-= [0xffffffa6][0x6][0xffffffdf]$~[0xffffffeb]a[0xffffffe0]ddg[0xe][0x11]d[0xffffffe5][0x2][0xffffff99]X8[0xffffffd9][0xffffffdb][0x1a][0x19][0xffffffd8]B[0x4]YA.N[0x10][0x1b][0x1b]KgAV[0x10][0xffffff8f][0x7][0xffffff8f][0xffffffa9][0xffffff89][0xffffff8b] [0x18]d[0xffffffe2]h+[0x8][0x6][0xffffff99]B[0xffffff8c]L[0xffffffbd][0xffffffec][0xffffffed] [0xffffff82]l[0xffffffac]L[0xffffffac][0xffffffac] 3#g[0x17][0x3][0x7]gkK[0x7]A[0xffffffd6][0xffffffdf][0x4]8:[0x18][0xffffffd8][0xffffff9b][0xffffff99]9C\[0x4]9@.[0x16]N[0x10]#SgAV6[0xffffff90][0xffffff8d][0xffffffbd][0xffffffbd][0xffffffb5][0xffffff91][0x5][0xffffffc4][0xffffffc8][0xffffffd4][0xffffffe0][0xffffffb7]F6[0xffffff90][0xffffffb3][0xffffff8d][0xffffffa5][0x9][0xffffffe4]_[\r]`[0xffffff90][0xffffff9d][0xffffffd3][0xfffffff7]1L,m[0xffffff8d]\[0xffffffbe][0xffffffdd][0xffffff87][0xffffffa5][0xffffff9d][0xb][0xffffffc4][0xffffffc9][0xffffffc6][0xffffffc8][0x4]b*[0x8][0x6][0x19][0xffffffdb][0xffffffb8]:[0x19]y[0x1a][0xffffff98][0xffffffd8][0xffffffdb]:[0x18]}[0xffffffbf]#{;g[0x17]'#K;[0xffffff88][0xffffffa9][0xffffff81][0xffffffa5][0xffffff9d][0xffffff8b][0xffffff93][0xffffffd1][0xffffffb7]k[0xffffffbe][[0xffffff9b][0xffffffb3] ;[0xffffffc8][0xffffffd8][0xffffffc0][0xffffffc1][0xffffffd3][0xffffffc9][0xffffffc8][0xffffffd6][0xffffffd2]T[0xffffff90][\r]dl`dj[0xffffffe4][0xffffffe0]"[0xffffffc8][\n]"
10:24:15.277 [main] DEBUG com.github.dockerjava.zerodep.shaded.org.apache.hc.client5.http.wire -- http-outgoing-2 << "260[0xffffffb6]4[0xfffffffa]6[0xffffff92][0xffffffa9][0xffffffa5][0x13][0xffffffc4][0xffffffe4][[0xffffff8b][0xfffffffb]w;6[0x16]d[0x5][0xffffffd9];@[0xffffffec][0xc][0xffffffcc][0xffffffed][0x1d][0x4][0xffffffc1]?[0x1a][0x1d][0x4][0xffffffd9]@[0xffffffd6][0x10]OK;[0x17]A6N[0xfffffff0][0xffffff8f]C[0x3][K;A6N[0xffffff90][0xffffffb3][0x9][0xffffffc4][0xe]b[0xffffffe2][0xffffffea]"[0xffffffc8][0x1][0x6]}[0x1f][0xfffffffd][0x1b][0xffffffa4]N[0x10]g[0xb]A0[0xffffffc8][0xffffffc9][0xffffffc4][0xffffffe0][0xffffff9f][0xffffffd3][0xfffffffd]v[0xffffffde][0xffffffc9]D[0xffffffd0][0xffffffc4][0xffffffc9][0xc]dk[0xffffffec][0xffffffe2][0x4][0xfffffff9]6-[0x13]'3A6vf0[0xffffffc8][0xfffffff1][0xffffffdb]d[0x4][0xffffffc1][0xffffffcc]\`[0xffffff90][0xffffffa3][0xffffffc3]7[0xffffffc1][0xffffffdf][0xffffffbf][0xffffff8d]<[0x4][0xffffffb9]xA[0xffffff8e][0xe][0xffffffce].[0x10][0x7]A[0xe][0xffffff90][0xffffffa5][0xffffff83][0xffffffc1]wo[0x14]de[0xffffffe6][0x0][0xffffff83][0xffffff8c][0x1c][0x5]Y[0xfffffff9][0xffffffbe]i[0xfffffff3][0xffffff9b]QC[0xffffff99]C^[0x4][0x3][0xffffffdc][0xfffffff7]wg[0xffffffa1][0x17][0xffffffb8]S[0xffffffda]8wO[0xffffff9a]o[0xffffffd1][0xfffffffc]f[0xffffffa3]g[0xffffffa2][0xffffffcb]n[0x1d]M(a[0x17]t*(7[[0xffffffbe]y[0xffffffc0][0xffffffcf];l3[0xffffff86][0x17][0xffffffcb]*E[0xffffff8a][0xffffffd7]H[0xffffffb3])[0xffffffc3][0xffffffea][0xfffffff6][0xffffffcb][0xfffffff8][0xffffffb7]?[0xffffff9f][0xffffff86]a|[0x1][0x0][0xffffff89][0xc][0x0]`q[0x6][0x0]E[0x7][0x0]t[0xffffffa0][0x8][0xffffff80][0xfffffff6][0x15][0x0][0xffffff82]T[0x0][0xffffffb8]E[0x0][0xffffffd0][0x5][0x0]D4[0x0][0xffffffe8]1[0x4][0xffffff88][0x1d][0x0][0xffffffe8][0xfffffff7][0xffffffbf][0xffffffca][0xfffffffe][0xffffffe7][0x1e]T[0xffffffd5][0xfffffff7][0x1f][0xffffffcf][0x1]Rr[0xffffff9b][0xffffffff][0xfffffff9][0xffffffe4][0xffffffff][0xfffffff7]v$^[0x0][0xffffff80]}[0xffffff84][0x4][0x0]|[0x0][0xfffffff0]=f[0xffffffd0]A[0x1]@![0x0][0x0][0xffffffac][0xffffffa2][0xffffffa9]46[0xffffffe2]~wE[0xffffffc1][0x7f]LT[0xffffffd0][0xffffffb7][0xffffffe8])[0xffffff89][0x4][0x0][0xffffffdc][0xffffffdf][0x3][0xffffffce]?[0x4]};`[0x16][0xffffffcd][0x14][0xfffffff3][0x8][0xfffffff1][0xfffffffb]cRlZ[0x1][0x0][0x10][0xfffffffb][0xffffff87][0x14][0xffffffd3][0xffffffdf][0xffffffa4]|[0xffffffdb][0xffffff98][0xffffffa1]2[0xffffff8d]\[0xffffffc4][0xfffffffe][0xffffffa0][0xffffff94][0x8][0xffffffff][0x7f]Iy[0xfffffffe][0xffffff9b][0x14][0xffffffca][0x7f]H1[0xffffffb1][0xfffffffa][0xffffffc3]R[0x2]~H[0x11][0x1][0xffffff80][0xffffffa2][0xffffffdf][0xffffffa4]|;[0xffffffe0][0x16]M[0xffffffb5][0xffffff90]}-j[0xffffff91][0xffffffa2][0xffffff80]h[0x7f][0xffffffff][0xffffffc7][0x1][0xfffffffa]&N[0x1e][0x9][0x0]x[0x1][0xffffffa0][0xfffffffb]g[0xffffff80][0xffffffc0][0xffffffa2][0xffffff99][0xffffffcf]%[0xffffffb1][0xffffff98][0x18][0xffffffef][0xffffffff][0x17][0x10]I[0xfffffffc]cr_[0x7f][0xffffff81][0xffffffa8][0xffffffe0][0xffffff8f]C[0x14][0xfffffff0]O[0xffffff88][0xffffffa0]P~[0xffffff81][0xffffffa8][0xffffffe8][0xffffff8f]C[0xfffffff4][0x3]h[0xffffffaa]A[0x0][0xffffff8a][0xffffffe9]'[0xffffff88][0xffffffa8]:ES[0xffffffcb]d_[0xffffff8b][0xffffffda][0xfffffffc];D([0xfffffff7]HmA[0xc][0x0][0xffffffae][0xffffffa0],[0xffffffaf][0x7f][0xffffffd4]|[0xffffff95][0x1d][0xffffffeb][0xffffffb1][0xffffff80][0xffffffbd]n[0xffffffbd][\n]"
10:24:15.277 [main] DEBUG com.github.dockerjava.zerodep.shaded.org.apache.hc.client5.http.wire -- http-outgoing-2 << "[0xffffff80][0xffffffc9]qb[0xffffffae]Q[0x15][0xffffffb3][0xfffffff0]e~[0xffffffcb]f[0xffffffb9][0xffffff8e][0xffffffd6][0xfffffffd][0xfffffff1][0xffffffbd]ZF[0xffffffc5]A %L[0xfffffff4]s[0xffffffb7]WlLS[0xfffffff8][0xfffffff3]+[0xffffff86][0xffffffbc][0xffffffaa]&I(6lD[0xffffff93]pP[0xffffff9a][0xfffffff3][0xffffffd5][0xffffff8f][0xffffffe9][0x12]u[0xffffff97][0x16][0xffffffe1]V>[0xffffff85]F[0xffffffb7][0xffffffe6]l[0xffffffe4][0xffffffff]C>[0x14][0xffffffa5]T[0xffffffe3][0xffffffe0][0xfffffff6](gE[0x15][0xffffffdf]W[0xffffffa1]1[0xffffffa8][0xffffff99]m[0xffffffe5]+[0x2][0xffffffda]O[0xffffffef]M[0xffffffa8]6[0xffffff86][\n]"
10:24:15.277 [main] DEBUG com.github.dockerjava.zerodep.shaded.org.apache.hc.client5.http.wire -- http-outgoing-2 << "[0xffffffbe]t[0xffffffbd]1[0xffffff81][0xffffffb9]zj[0xffffffcb][0xfffffff7]|[0xffffffcf]=1[0x1f]J[0x1f]cV[0xffffffbd][0x1f]J8[0xffffffe9]E[0xffffff91]aF[0xffffffc5][0xfffffffb][0xffffff8b][0xffffffde][0xffffff8a][0xfffffff7]a[0x14]6[0xffffffa5]j[0xfffffff9]*[0xffffffc0][0xfffffff5]"[0xfffffff3][0xfffffffc][0x1d][0xffffffde][0xffffffe0][0xffffffea][0xffffff8a][0xffffffba]qnM>[0xffffffa3]r,[0xffffffb0][0xffffffc0][0xf][0xffffffc4][0xffffff9b][0xfffffff6][0xffffffaf][0xffffffa3][0x12][0xffffffcc][0xffffffe0]2X[0xffffffb4][0xffffffb9][0xffffff90][0xffffffab][0xffffffe6][0x1c]`m6[0xffffffb2][0xffffff8e][0xffffffa0][0xffffff84]a[0xffffffb5]u5}[0xffffffde][0x1f][0xfffffffb]8[0xffffffdb][0xfffffff8][0xffffffd8]b[0xffffff94][0xffffffe8]2[0xffffffc7][0xffffffc1][0xffffffa6][0xffffffc6][0xfffffff8][0xffffffa9]t[0x3][0xffffffe7]'[0xffffffc3][0xffffff8b][0xffffffdc][0xffffffdb][0xffffffc1][0xffffffd4][0xffffffb9][0xffffff85][0xffffff8b][\n]"
10:24:15.277 [main] DEBUG com.github.dockerjava.zerodep.shaded.org.apache.hc.client5.http.wire -- http-outgoing-2 << "[0xffffffb2][0xffffff98]t[0xffffff8f][0xfffffff9][0xffffffd1][0xffffffe3][0x1b]\[0xfffffff9][0xffffffec]H[0x2]Fv[0xfffffff1][0xffffffba]g[0xffffffcb][0xffffffe4]/hf[0x14]Ak:[0xffffffcc][0xffffff9a][0xffffffac][0x1]_[0xffffff9f]lM;[0x11][0xf][0xffffffb2]I[0xffffffdf][0xffffff9d]1j[0xffffffe8][0xffffff86][0xffffffbf][0x5][0xffffffc4][0xffffffa4][0x19][0xffffff9f][0xffffff9b][0xffffff99][0xffffffe4][0xffffffd8][0xffffff80][0xffffffed][0x5][0xfffffff9][0xffffffa6]O[0x2]Z;[0xffffff90][0xffffffd9][0xfffffffc][0xffffffb9]n[0xc][0xffffff9e][0xffffffcc]6[0xffffff94]AK[0xffffffbd]g_[0xfffffff1] [0xffffff8a][0xffffff81]}[0xfffffff9]L[0x1][0xffffff81]|[0xffffffd5][0x4][0xffffff82][0x15]|[0xffffff8b][0xffffffff][0xffffffca][0xffffffbc][0xffffffcf][0xffffffe9]Z[0xfffffff3]][0xffffff98]6[0xffffffa2]o1|[0x18][0x7][0x1c][0x13][0x15][0xffffffb9][0xffffffdf][0xe][0xffffffcb]s[0xffffffb6]~[0xffffffea][0xffffff8b][0xffffffa2]M3[0xffffffef][0x9][0xfffffff3][0x14]22a[0xffffffff][0x8][0x1f][0xfffffff2]t[0xffffffdc][0xffffff8b][0x7][0xffffffd8]=x[0xffffff95]i[0x1b][0xfffffff6][0xffffffdb][0xffffff86][0x1f][0xffffffd8][0xffffffaf][0xffffff9c]J[0xffffff9b][0xffffff87][0xffffffef][0xffffffac][0xffffffe0][0x3][0xffffff93][0xfffffff4][0xffffffce]W[0xffffff93][0xffffffd4]-[0xffffffcb][0x1a]?[0x7f][0xfffffff0][0xffffffae][0xffffff84][0xffffffb9][0xffffffb5]{[0xffffff9a][0xfffffffc][0x5][0xfffffffc][0xffffff94][0xffffffc8][0xffffff91][0xffffff92][0xffffffc7][0xffffffa5][0xffffffdf][0xffffffc9][0xffffffe7][0xffffffae]d[0xffffff9a][0x1a]W[0xffffff89][0xffffff85][0xffffffe9]![0xffffffae]uW?[0xfffffffe]h[0xc][0xfffffffb][0xffffffa2][0x9][0xffffffa2][0xffffff9c][0xffffffa1][0xffffffcf]3[0xffffffdf][0xffffffde][0xfffffffb]w[0xffffffb2][0xffffffe2][0xffffffc1][0xffffff8d][0xffffffdd][0xffffffce][0xffffff96][0xffffffcf][0xffffffa2]t[0xffffff8d]`[0xffffffbb]I[0xffffffa1][0xffffffa5][0xffffffc2][0x12][0x13][0xffffffe1][0x11][0xffffffa2]t[0xffffff91][0x6][0xffffffc5]6[0xffffffcd][0xffffffaa]`p%Ji[0xffffffc2]Szn[0x14][0xffffff84][0xffffff9d][0xffffffe8]Y4j[0xffffff99][0x1e][0xffffffcb][0x7]IE{[0xffffffe4][\r][0xffffffa8]=[0x18][0xfffffff7][0xffffffe5][0xffffffad][0xffffffb9][0xffffff9a]c[0xffffffbf][0xffffff8c][0xffffffe7][0xf][0xffffffad][0xffffffad][0xffffffa7][0xffffffdb]Q[0xffffff80][0xffffff98][0xfffffff0]}z[0xffffff93]Evq^[0x4]-5l[0xffffffa5][0xffffffa9]B[0xffffffcc][0xffffffd3]J[0xffffffe1]TH[0xffffffd2][0x7f][0xffffffa5][0xffffff9f][0x6][0xffffffa2]([0xfffffff2][0xfffffff5][0xfffffffc][0xffffff84]*l[0x19][0xffffff91]G[0xffffffa4]y[0xffffffbb][0xffffffaa]?[0x3][0xfffffffb][0xffffffb0][0xffffff86][0x11]q'[0xffffffb2]Kr[0x1][0xffffffb5][0xffffff9a][0xffffffaa][0xffffffd6][0x1][0xffffffcf]#[0xffffffe7]u[0xffffff92][0xffffff95]o)'[0x10]J[0x3][0xffffff8a][0xffffff88][0xffffffb3][0x15]:;&[0x1e]j[0x12][0xffffffdb];b[\r][0xffffff9d]&@i[0xffffff8c][0xffffffac][0x1][0xe][0xffffffba][0xffffff99][0xffffffa0]s[0xffffffde]#[0xffffffc9][0xffffffd8]z[0xffffffcd]4[0xffffffba][0xffffffe2][0xffffffc5][0xffffff84]s[\r][0xffffff9b];u[0x1][0xfffffffe][0xfffffff4][0xffffffa2][0xffffff98][0xffffffcb][0xffffff8b][0xffffffe9][0xffffffad]/]e1p[0xffffffed][0x10][0xffffff88][0xffffffbb]0n[0x4][0xffffffd9][0xffffffee]@O[0xffffffa4][0xffffffca][0xffffffe0][0x4][0x1e][0x10].o.[0xffffffc3],h[0xffffffa7]|[0xffffff91][0xffffffa5][0x8][0xffffffd7][0xffffffe4][0xffffff83][0x16][0xffffffe0][0xffffff84]{[0xffffffd5][0xffffff84][0xffffffd1][0x0][0xffffffcd]'[\r][0xffffff81][0xffffffbf][0xffffffae][0xffffff84][0xffffffb3]n[0x1e]%[0xffffffde]m[0x11]9t%[0xffffffd0]b[0xffffffe0]'[0x8]*[0x19][0xffffff9e][0x1a][0xfffffff7]Z[0xffffffec][0xfffffff7][0xffffff99]p[0xffffffc8][0xffffffe8]&[0xffffff8e]C\H[0x8][\n]"
10:24:15.277 [main] DEBUG com.github.dockerjava.zerodep.shaded.org.apache.hc.client5.http.wire -- http-outgoing-2 << "[0xffffffe3][0xffffffe1]g[0x18][0xfffffffa][0xffffffc0][0x5][0xffffffe3][0xffffffda][0xffffffc7][0xffffff98]:[0xffffffe2][0xffffffbd]*[0xffffffe3]O[0xffffffe2][0xffffffed]r[0xffffffae]i[0x7f][0xffffff86]#[0xfffffffc][0xffffffe2][0xffffffed]^L[0xffffff96]%[[0xffffffea][0xffffff94][0xfffffff2][0x18][0xfffffffa][0xffffffc1][0x3]=[0xffffffb7][0xffffffb2]a[0xfffffffb],[0xffffff93][0xffffffab][0xffffffda][0xffffffaa][0xffffffd7]{[0xffffffd4][0xffffffbd][0xffffffcf]7[0xffffffe0][\r]LR[0xffffffb5][0xffffffea]^[0xffffff92]P#[0xffffffbd][0xffffffc1]~[0xffffffaa][0xffffff9e][0x10][0xffffff95][0xffffffc6]E[0xffffffea]![0xfffffff3][0x1c]:[0xffffffad]_F[0xffffffb1]nk[0xffffffaa]1A[0xffffffdd][0xffffffec]]C[0xffffff94][0x14]T[0x3][0xffffffc2][0xffffff89]0[0xffffffd6][0x17][0xffffffeb][0x1e][0x17][0xffffff94][0xfffffff5]:&?>[0xffffffb5][0xffffffbc][0xffffff92][0x7]rpS[0xffffffa4][0xfffffff8]C&[0xffffffd8][0xffffffd2]$[0xffffffdb][0xffffffab]s[0xffffff97]/[0xffffffbf]ZKx[0xffffff9a][0xffffffe3][0xffffffd5][0xfffffff9][0xffffffef]|[0xffffffac][0xffffff9c][0xffffffba]a[0xffffff92][0xffffffb8]&[0xffffffb8][0xffffffae] k[0xffffff8e]|[0xffffffea][0xffffffb7]j[0xffffff8d]3[0xffffff9d][0xffffffbe][0xffffffb4][0xffffffee][0xffffff8e][0xffffffb3][0x8][0xffffffa7][0xfffffff3])[0xffffffde]a%[0xffffff9a][0xffffffe6]^[0x5]NQ[0xffffff8c][0xffffffcd]6[0xffffff83][0xffffff9c][0xfffffff6]U[0xffffffff][0x18]&[0x1]A[0xffffffc1][0xffffffbd]B[0xffffff95][0xffffffbb][0xffffff95]o[0xffffff9c][0xffffffdf]u[0xffffffc5][0xffffff86][0xffffffd4][0xffffffbb][0xffffffd7]TU[0xffffff9d][0xfffffff3][0xffffffaf]_`#9O[0xffffffe8][\r][0xffffff97]U[0x7][0xffffff83][0x9][0xffffff95]k?B[0x15]d>e[0xffffffa1][0xffffffa6]o[0xffffffa4][0xffffffb4][0xffffff9d]mI'[0xffffffca][0xffffffac][0x7f][0xfffffff1]t[0xffffffe2][0xffffffa2]{[0xfffffff2]![0xffffff9c][0x15][0xffffffab]t[0xffffffa4][0xfffffffd][0xffffffc9][0x12]c/L[0x19][0xffffffc1]A`R3[0xffffffaa][0xffffffd4][0xffffffc2][0xffffffa2]W{[0xffffffc5]c%c[0x5][0xffffffb3][0x4][0xffffffc3].[0xfffffff5]{yeUx[0xffffffbe][0xffffffc3][0xffffffe5]1[0xfffffff2][0xffffffde][\r][0xffffffe1][0xffffff87]T[0xffffffed][0xffffffd9]jV[0xffffff8c] [0xffffffb8]q[0xffffffc7][0xffffff8d]B~[0xffffffbe]R!ni[0xffffff83]g[0xfffffffd][0xffffffae][0xffffffb8][0xffffff97]f[0xffffff90][0xffffffb7]\[0xffffff88][0xfffffffa][0x1c][0xffffffa8]Z[0xffffff86][0x6][0xffffffea]*B[0xffffff92]{bqFh[0xffffffd5]![0xffffff93]][0xffffffe0][0xffffff9c][0xffffffe8]ZaYLY[0xffffff8f][0xffffffe5][0xffffffb7][0xc][0x7][0x3][0xffffffc9]YD[0xffffff8d][0xfffffffb]T[0xffffffad]^[0xffffffca][0xffffffb7][0xffffffa6][0xffffffd7]q5m][0x11][0x5][0xfffffffc][0xffffffb2][0xffffff9a][=U[0xffffffb1][0xffffff82]0[0xffffffc3][0xffffff82]V[0xfffffffa][0xffffffdd][0xfffffff7]n[0xffffffed][0xffffffd8][0xffffff9f][0xffffff88][0xffffffaf][0xffffff99]NO[0xffffff91];Vh#[0xffffff98][0xffffffa1][0xffffffb5]f}[0xffffff88][0xffffffb1][0x12][0xffffffd5][0xffffffcf].[0xffffffae]"[0xffffffc1][\n]"
10:24:15.277 [main] DEBUG com.github.dockerjava.zerodep.shaded.org.apache.hc.client5.http.wire -- http-outgoing-2 << "[0xffffffa8][0x1e]O[0xffffffb3]o[0xffffffd6]4>[0x0]f[0xffffffa8]%vW[0xffffffac]"[0xffffff98]b[0xffffffaf]W[0xffffffe5][0xffffffe1]D#[0xffffffbe][0x6][0xffffffd1][0xffffffaa](3[0xfffffffb]K[0xffffffc6]H[\n]"
10:24:15.277 [main] DEBUG com.github.dockerjava.zerodep.shaded.org.apache.hc.client5.http.wire -- http-outgoing-2 << "[0xfffffff9][0xffffff98]A<[0xffffffb3][0xffffffea][0x6]S[0x1d]F([0xffffff9b][0xffffffb1][0xffffffb6]p[0x1f]c[0xb]DEO[0xffffff91],C[0x8][0xffffffaf][0xffffff9f][0xfffffff1]s[0x1c][0xffffffbe][0xffffff8f][0xffffffe5][0xffffffdc][0xffffffb2]MD][0xffffffe3]f[\r]R[0xfffffffc]2[0xfffffff0]Za[0xffffffb6][0xffffffe1][0x1a]T^[0xffffffa2][0xffffffc5][0xffffffa6]a[0x13]xJ][0x0][0xffffffa4][0xffffffc9]F[0xffffffd9][0xffffff9e]1P[0xffffffb2][0xfffffff0]5%`[0xffffffab][0xffffffd6]#[0xffffffb1][0xffffffda]P|[0xffffff94][0xffffff83]}8[0xffffffa0][0x18][0xffffff86][0xffffffb8][0x15][0xffffffd3][0x16][0xffffffaf][0xffffff8b][0xfffffff1]2[0xffffff8a][\n]"
10:24:15.277 [main] DEBUG com.github.dockerjava.zerodep.shaded.org.apache.hc.client5.http.wire -- http-outgoing-2 << "$[0xffffff86][0xffffff8a]jq[0xffffffa3][0xffffffd1]>[0xffffffee][0xffffff9b]47[0xffffffc1][0xffffffc4][0xffffffe3]t [0xffffffa5][0xffffff86]*[0xffffffab]}Yw[0xffffff89][0x3]2[0xffffff8e]~[0xffffff9a][0xffffffad][0xffffff91][0xffffffee][0xffffffa1][0xffffffe6][0xffffff9e]:5#1^`z[0xffffffeb]w[0x1e][0xffffff8b][0xffffffab][0xffffffbf][0xffffff97][0xfffffffd][0xffffffe1][0xfffffffd][0xffffffa1][0xfffffff4][0xffffffdb];[0xffffffed]<[0xffffff8f]l[0xfffffffc][0x1e][0xffffffdc]UG[0xffffffbb]D#,[0xffffffc9]xI[\r][0xffffffee][0xfffffff2]![0xffffffee]`:O[0xffffffb8][0xffffffc4][0xffffffc5][0xffffffb1][0xffffffb6][0xf][0xffffff99]4[0xffffff8e]"[0xffffffd3]5J[0xffffff83][0xffffffc2]*y[0xfffffff0]\[0xffffffef][0xffffffb8][0xffffff86]<[0x1f][0xffffffe9][0xffffffa3]@[0xffffff9c][0xffffffbb]w[0xffffffd8][0x0][0xffffffe1][0xe][0xfffffffc][0xffffffd3]d[0xffffffa8][0xfffffff3][[0xe][0xffffff8f][0xffffffa8]p2x[0xffffff92]'[0xffffffe3][0xffffffeb][0xffffffb6][0x2]i[\n]"
10:24:15.277 [main] DEBUG com.github.dockerjava.zerodep.shaded.org.apache.hc.client5.http.wire -- http-outgoing-2 << "5[0xffffffc4]dX[0xffffffd7][0xffffffb4]wq[0xffffff85]/@[0xffffffea]|nXk[0xffffffac][0x4]cCat[0x12]e[0xffffffea]i/:Vq[0x1d][0xffffff9c][0xffffffdc][0xffffff80]1W[0x13][0xfffffff4]3G[0xffffffd7][0xfffffffa][0xffffffa5]|[\r]w[0xffffffdf][0x6][0x4]B[0xffffffc4][0xfffffffa][0xffffffe9]0?[0xffffffe6][0xffffffcc][0xffffffed]C[0xffffff93]Q[0xffffffe4]c[0xf]nj>s[0xffffffd2][0xffffffd5][0xffffffa8][0xffffffaa][0xffffffe5][0xffffffb9][0xffffffb3][0xfffffffe][0xffffffa3][0xffffffcc][0xffffffec][0xffffffc1][0xfffffff6]v[0xffffffe7][0xf][\n]"
10:24:15.277 [main] DEBUG com.github.dockerjava.zerodep.shaded.org.apache.hc.client5.http.wire -- http-outgoing-2 << "[0x12][0xffffffeb][0xffffffd3][0xffffffca]-[0xffffffd6][0xffffffcc][0xffffffcb]=N_w[0xffffff8b]l[0xffffff9c][0xffffff9e]6k[0xffffffaa]q[0xffffffaf][0xffffffcf][0xffffff86]T5[0xffffffa5][0xffffffc3]S~[0xffffffc5]o"[0xffffffda]=[0xffffffa9][0xffffffb2]c[0xffffff9f][0xffffffb3][0xffffffcd][0x14]&[0xffffffec][0xfffffff0]RYn[0xffffffbb][0xffffffb7]jnR[0xffffffe9][0xffffff84][0xfffffff6][0xffffffdb]U[0xffffff87][0xffffffa7]@[0xffffffc2][0x1f][0xffffff8d][0xffffffba][0xffffff92]i1[0x1c][0xffffff90]U[0xffffff8e][0xffffffd4][0xffffffe9][0xffffffba][0xffffffb5][0xffffff84][0xffffffa6][0xffffffc7]Zx[0xffffffaf][0xffffff9d][0xffffffe0].[0xffffff9b]Z<9[0xffffffd8]*es[0x1f][0xffffffa2]2[0xffffffb2][0xffffffd4]b[0xffffffee][0xffffff87][0x19][0xffffffc0][0xfffffff9]L[0xffffffe9][0xffffff8e]uf[0xffffffeb][0xffffffae][0xffffffad][0xfffffffe][0x1e]g[0x17][0xfffffff4][0x11][0xffffffca][0xffffffc7][0xffffffa3][0x12]AQ[0xffffffa1][0xffffff94]7[0xfffffff0][0xffffff8e]F[0xffffffa8]a[0xffffffd2][0xffffffa8][0xffffffc1]l[0xffffffde][0xffffff8d][0xffffffcf][0xffffffa6]([0xffffff9a]'^[0xffffffe8]mB[0xffffffee]h[0xffffffb3]y[0x1b]t([0xfffffffd]q[0xffffffb8]d[0xffffffe4][0xffffff8b]w[0xffffff93][0xffffffb0][0xffffffd7]g[0xffffff8e][0xffffffdc]D[0xfffffff1]f[0xffffffb4][0xffffffc9][0x17][0xc][0xffffffae]e[0xffffffa7][0xffffff8a][0xffffffab][0xffffffef][0x7][0xfffffffc][0xfffffff8][0xffffffad]B[0xffffffcc]-[0x11][0xffffffa7]06[0xffffff9f][0xffffff86]]N}q[0xfffffffe][0xffffffa0][0xffffff81][0xffffffac][0xffffffd6][0xffffff95][0xffffffb4])[0xffffff89][0xffffff95]et[0xffffff85][0xffffffb6]S[0xfffffff8][0xffffffe8][0xffffff94][0xffffff98][0xffffffb4]E[0xffffffc8]n[0xffffffd8]*=[0xffffffb7][0xfffffff3][0xffffffcd]fh][0xffffffb8][0xffffffe1][0xffffffa6]0m[0xffffffff][0xffffff85][0xffffffbf]n[0xffffff95]^[0xfffffff3][0xffffff9b]y[0x10][0xffffff87][0xffffff80][0xffffffb6]dh[0xffffffbf][0xfffffff7][0xffffffaa]m_[[0xffffffc6][0xb][0x18][0xffffffbe][0xffffffa9][0xffffffd1][0xfffffff4][0xfffffff1][0xffffffa1][0xffffff9a]t[0xffffffb7][0xffffffd8][0xffffffc9][0x0]~[0xfffffffd][0xffffffb5][0xffffffc9][0xffffffc0][0xfffffff9]'o[0x12]{[0x1f][0xffffffe0][0x1c]l[0xffffffb8][0x7f][0xffffff94]$[0x9]u[0xffffffc4]kD[0x1f][0xffffffe8]r[0xffffff83]{@[0xffffffb0][0xffffffb0]t[0xffffff99]B{[0xffffffc5][0xffffffd3][0xffffffd1][0x16][0xffffffdf][0xffffffc0][0xffffffa9]Ff[0xffffffbf][0x9]>[0xffffff8c])L[0xffffffe0]n[0x9]y[0x9][0xffffff93]#[0xffffffa6][0xffffff95][0xffffffeb][0xffffffcf][0xffffffb2]f[0xffffff82]c[0xffffff81]:[0xffffffb9][0xffffffe1][0xffffffff]9[0xffffff92][0xffffffb1][0xffffffb8][0x1f][0xffffffb2]H"[0xfffffff8][0xffffffde][0xffffffd8][0xfffffffd][0xffffffc3][0xffffffbb][0xffffff91][0xffffff81][0xffffffc7][0xfffffff2][0xffffff91][0xffffffaf]X[0xffffff92][0xffffffb3][0xffffff87][0xffffff8b]{[0xffffffdf]=W[0xffffffbd][0xffffffc2][0xffffffb8][0xffffff9c][0xffffffe5][0xffffffd3][0xffffff85][0x1e][0xffffffa6]n[0xffffffd1][0xffffffde][0xffffffda]"[0xffffffaa]a[0xf][0xffffffae]h[0x16][0xffffffc8]/ x[0xffffffd6]&[0xffffff8f][0xffffffd2][0xffffff8c][0xfffffff3]1[0x15][0xffffffa1][0xffffffd9]D[0xffffffc1]^[0xffffffd5]9[0x7][0xffffffea][0x9][0xffffff9f]5[0xfffffff7][0xffffff95]TTl[0xffffffe0][0xffffffeb]i[0xffffffa5][0xffffff9a](K[0xffffff86][\n]"
10:24:15.277 [main] DEBUG com.github.dockerjava.zerodep.shaded.org.apache.hc.client5.http.wire -- http-outgoing-2 << "[0xfffffff7][0x19][0xffffffd6]Xa[0xffffffa9][0xffffffc7][0xffffffae][0xffffff9b]5[0xffffffbd][0xffffff88][0xffffff8c][0x6][0xffffffea]k[0xffffffcd][0xfffffffc]1[0xffffffbd][0x4][0xffffff8e][0xffffffd6][0xffffffcd]/[0xffffffaa][0xffffffde][0x13][0xffffff8c]F[0xffffffe3]ga[0x7f][0xffffffd2]Ff[0xffffffad][\r]`}v[0xffffffab][0xfffffff2][\n]"
10:24:15.277 [main] DEBUG com.github.dockerjava.zerodep.shaded.org.apache.hc.client5.http.wire -- http-outgoing-2 << "[0xffffff93][0xffffff94][0xffffffbb][0xffffffa2][0xfffffffa]\1+[0x13]7g[0xfffffffd][0x13]dV[0xffffffa0]q%gC[0xffffff8b]n[0xffffffb8][0xffffffb0][0xffffffd4]d[0xffffffd0]{[0xffffffd6]7[0xfffffff6].[0xffffff84][0x2]34'[0xffffffa9]g8[0xffffffe7]Q[0xffffff9e][0xfffffff7][0xffffffbb]9[0xfffffff5]`A,P[0xffffffbc][0xffffffb3][0xffffffec][0xffffff84][0xffffffc8]R[0xffffffc4][0xffffff97][0xffffffbe][0x12][0xffffffc6]"Q[0xffffffa3][0xffffff9c][0xffffffab][0xffffffa2][0xffffffa1]u[0x1d]~=,Y[0x1a][0xffffffbb]f&[0xffffff93][0xffffffe2]"[0xffffffde][0xffffffc5][0xffffff96][0xffffffcb]T[0xffffffaf]4G[0xffffffba][0xffffffb0][0xffffff8e]fn[0xffffffd7][0xfffffff2][0xffffffb1]@[0xffffffa7]4[0xffffffc1][0xffffffe0]G[0xffffffcd]<,[0xffffff85][0xffffffcf][0xffffffe6][0xffffffa9][0xffffffb7][0xffffffc6]h[0xffffffc2][0xffffffab][0xffffff9d]E[0xffffffd1][0xffffffad]3_[0x0][0xfffffffe]K[0xffffffe6][0x16][0xffffffd5][0xffffffd5][0xfffffff1][0xffffffcd]tOh?I[0xffffff84][0xffffffe6]CH[0xffffffce]_6[0x1][0x12][0xffffff9d][0xfffffffb]~[0xffffff95]:[0xffffffcd][0xffffff8a];[0xffffffce][0xffffffed][0x19][0xfffffffd][0xffffff95][0xfffffff4][0xffffff8a]t[0xffffffd4]b[0x12]f[0xfffffff9][0xffffffa1][0xffffffcb][0xf][0xffffff83][0xffffff8e][0xffffff82][0xffffffdc]1[0xffffffbc]E[0xffffffc2][0xffffffa8]y[\n]"
10:24:15.277 [main] DEBUG com.github.dockerjava.zerodep.shaded.org.apache.hc.client5.http.wire -- http-outgoing-2 << "0q[0xffffffd7][0xffffffc9][0xffffffd9]"[0xffffffac][0xfffffff7][0xffffffca][0xffffffb3]6%Hku[0xffffffe2][0xffffffda][0xffffffa7]Nv[0xffffffd5]Tw[0xffffffc9][0x16]v[0x1b][0xffffffa5][0x1f][0xffffff83][0xffffffdc]=[0xffffffce]'[0xffffffbe]P[0xffffff8a][0xffffffee][0xffffffe3][0xffffff89]d[\r][0xffffffc0][0xffffffd5]g[0x1e][0xffffffdf][0x9][0x10][0x12]>[0xffffffc9]c[0xffffffc1]y$[0xfffffff8]u [0xffffffce][0xffffffee][0xffffffc0]%x[0xffffff8a][0xffffff80]z[0xffffffed][0x13][0xffffffaf]x[0xffffffa0]?\[0xffffffa4][0x1f][0xffffffbb][0x6][0xffffffff][0xfffffff9]9[0xffffffac][0xfffffffc]I[0xffffffa0]E[0xffffffa4]?Rp_[[0xffffffc3][0xffffff9c]?C[0x4][0xffffff97][0xffffffe1][0xffffffe4][0xffffffa1]o#[0xffffffb9]O[0xffffff9b]q3[0x8]q[0xffffffff]#[0xffffffcf][0xffffff86][0xffffffcb][0x10]~[0xffffff9d][0xfffffffd]}[0x11][0xffffffdf][0xffffff81][\n]"
10:24:15.277 [main] DEBUG com.github.dockerjava.zerodep.shaded.org.apache.hc.client5.http.wire -- http-outgoing-2 << "[0xffffffbe][0xffffffd5]K[0xffffff80][0xffffffe7][0x15]G[0xffffff95]/[0xffffffe2][0xffffff8d][0xffffffa5]L[0xe][0xffffffb4]Ik[0x15]8[0xffffffad]y[0xffffffd7][0x9][0xffffffce][0xffffffdd]NN[0xffffffbb][0xffffff80]X[0xffffff80][0xffffffbd][0xffffff81]c[0xffffff81][0xffffff93]}[0xffffffbf][0x2][0xffffffd6][0xffffff92][0xffffffbc][0xfffffff1]-[0xffffffbe]>[0xffffffdc][0xffffffed]j[0xffffffa0][0xffffff89][0xffffffce][0xffffffb1]t2J[0xffffffa6][0x6][0x7][0xffffffcd]g[0xffffffbb][0xffffff87]_[0x4]=L"^![0xffffffc4][0xffffffae][0xffffffbc][0xffffffa4]g[0xffffffc0]l[0x13][0xffffffbb][0xffffffb8][0xffffffad]^[0xffffff9c][0x1c]d[0x1f][0x13]PcMY[0x18][0xffffffd0]/=[0xffffff91]w)_K[0xffffff81][0xffffffd1]j[0xffffff93]_|1[0xffffff92][0x1a]_[0xffffffa6]3H[0xffffffcf]IK[[0xffffffed]Y[0xffffffa2][0xffffffed][0xffffffb0]9![0xffffffca][0xffffff9d][0xffffffc1][0xffffff94][0xffffff9b]?I[0xffffffe6][0xffffffb0][0xffffff93][0xfffffffa]9Sk[0xffffffe6][0xffffff9a][0xffffffa8]+[0xffffffd7]xz[0xffffffd5][0x8][0xffffffee][0xffffffcd]`[[0xffffffb9][0xffffffcf]@L[0xffffffad][0xffffff95][0xffffffb0][0xffffffed][0xffffff80]=[0xffffffa2][0xffffffae][0xffffffe4][0xffffffa6][0xffffffa7][0xffffffd9].Y[0xe][0xffffffb5][0xffffffe3][0xffffff84][0xffffffdd][0x12][0xffffffde][0xffffff87]g[0xfffffff0][0xc]"Q9[0xffffffc6][0xffffffe8][0xffffffad][0xffffff88][0xffffffd2]J([0xffffffbc][0xffffffc5][0xffffff88]p[0xffffffbb]h[0xffffffc5]y[0x1][0xffffffe1]{[0xffffffd6][0xfffffffa][0xffffff86][0xffffffd2]h[0x19][0xffffff9f][0xffffff84][0xffffffca][0x5]L[0xffffffd8][0xffffffd0][\n]"
10:24:15.277 [main] DEBUG com.github.dockerjava.zerodep.shaded.org.apache.hc.client5.http.wire -- http-outgoing-2 << "Qe[0xfffffffb][0xfffffff8]A[0xffffff87]P=[0xffffff9d][0xffffffaf][0xffffffea][0xffffff9a]_[0xffffffcd][0xffffff86]S[0xc]2[0xffffffa7][0xffffffbc]C[\n]"
10:24:15.278 [main] DEBUG com.github.dockerjava.zerodep.shaded.org.apache.hc.client5.http.wire -- http-outgoing-2 << "[0xffffffb8]9z|[0xffffffc3][0xffffffa3][0xffffffc8].[0xffffffaf][0xffffff92]([0xffffff8d][0xffffffa8][0xffffffb4][0xfffffff7][0xffffff96]>[0xffffffad]v[0xffffff8d][0xffffff9f][0x1d]/[0xffffffa2][0x5][0xffffffb6][0xffffffcd][0xfffffff1][0x6][0xffffffff]X[0xffffffd8]#E[0xffffffa5][0xffffffb6][0xfffffff2]A/[0xffffffd7]'[0xffffffe4]Sv[0xffffffb6]cZ.l[[0xffffffe0][0xffffffee]0}3[0xffffffd4][0xffffffbc][0xffffffcf][0xffffffde][0x1][0xffffffbf]y-J[0xffffffda][0x2]g[0xffffffeb][0xffffffb3]W[0xffffffad]p[0xffffffc0][0xffffffbb][0xffffffc5] <[\r]mB_[0xf][0x14][0xffffff8c][0xffffff8c][0xffffff86][0xffffffa4][0xffffffa2][0xffffffce][0xffffffa3]R3*[0xffffffb1]{[0xfffffff2][0xffffff8a][0xffffff8c]wYQ[0xffffffee][0x15]$[0xffffffcb]v[0xffffffb2][0xffffffb3]![0x8][0x4][0x1f][0xffffffa6]},gR[0xffffffc1][0xffffff9a][0x1c]3S1[0xfffffffa][0xffffffd6]R[0xffffffc8][0xffffffed]$[0xffffffe6][0x1f]?[0x0][0x5][0xffffffdb][0xffffff96]T[0xffffff9d][0xffffffb1][0xfffffffd]3i[0x8]Y[0xffffffe7]^OF[0xffffff9e] [0xffffff8f][0x6][0x16]Z[0x7f]-n+[0xffffff97]v[0xffffffcb][0xffffffd3]2[0xffffffec][0xffffff9d]U[0xffffff91][0x8][0x1][0xffffff9a][0xffffffab][0xffffffeb][0xffffffac]n[0xffffffb9]0[0xffffffde][0xffffff8d][0xffffffb6][0xffffffd7][0xfffffff9]c&[0xffffffd3][0xffffff88][0x1d][0x12][0xffffff81]5[0x17][0xffffffcc]Vz[0x11]'[0x2][0xffffff86]([0xfffffff3][[0xffffffcf][0xffffffbd]*[0xffffff94][0x18]_eP[0xffffffbf][0xffffffd3]2;[0xffffff98][0xfffffff5]$[0x17][0xffffffdf][0x1a][0xfffffff7][0xffffffe1]$#[0xffffffe4]l[0xffffffa3][0xfffffff1]RR[0xffffff97]d[0xc][0x8]Cc[\r][0xffffffe6][0xffffffdd][0xffffffa1][0xffffffca])R[0xffffffec][0xffffff8d]g[0xffffffe7][0xffffff9a]q[0xffffffd7][0xffffffa6][0xffffffa3][0xffffff9a]=Q[0xffffffdb][0xffffffc2][0xffffffe6]Z[0xffffffd0][0xffffff8e]M[0xffffffd0][0xffffffc7][0xffffffad]J2[0xffffff82][0xffffffcd][0x9]~[0xffffffca][0xffffff84][0xffffffe0][0xffffffb8],Y[0xffffffa7] [0xffffff91][0xffffff88][0xfffffff3][0x5][0xffffffd4][0xffffffb9][0xffffff88][0xffffffb1]{[0xffffff86]'q[0xfffffff0]6[0xffffffb9]*p[0xffffffa6]z[0x9]6v[0xffffff9e]1[0xffffffc2][0xfffffffa][0xfffffffe]K[0xffffffee][0x0]3[0xffffffa0]<T[0x11][0xffffffae]%P[0xffffffad]0[0xffffffa3]7E[0xfffffffd][0xffffff9e]a[0xffffffed].[0x2][0xffffff85][0x8][0xfffffffd][0xffffffd3][0xffffffa6][0xffffffee][0xffffffc2][0xffffffdb].r[0xffffffa5]#[0x7f][0xffffffef][0x1d][0xffffffec][0xffffffae][0xffffffb0][0xffffffcf]7"c[0xffffffcf]1[0xffffff8c]g[0xffffff9f]X[0xffffffb1][0xffffffbc][0xfffffffc]<[0xfffffffb]L[0xffffffc3][0x6][0xffffffc2]1>[0xffffff9b][0xffffffaa][0xffffffa4][0xffffffb8],[0xffffff92]B[0xffffffa5][0xfffffff3]Q[0xffffffc8]([0x8][0xffffffa1](iR[0xfffffff9]%OE\G[0x0][0xffffffd4]S[0xffffffba]]A[0xfffffff9][0xffffffc3]1[0xffffffad][0xffffffea]-[0x11]G[0x2])[0xffffffe6]nA[0xffffffe2][0xffffffbe]m[\n]"
10:24:15.278 [main] DEBUG com.github.dockerjava.zerodep.shaded.org.apache.hc.client5.http.wire -- http-outgoing-2 << "~[0xfffffff7]^[0xffffffd8][0xffffff9a][0xffffff83]j[0x7f]d[0xffffffe3][0xffffffed][0xffffff85][0xb][0xffffff81][0xffffffc9][0xffffffc1]W[\r][0xffffffba]#y^=[0xffffff83][0x7]O[0xffffffbe][0xfffffffa][0xffffffee][0xffffffb0]w}[0xffffffee]p[0xffffffec]O[0xffffffa8](M[0xffffffba][0xffffffb4][0xffffffc8][0x2][0xffffffda]bJT7P4`[0xffffffbf][0xffffffd0][0xffffffe1][0xffffffc8]1[0x17][0xffffff9b][0xffffff91]|c[0xffffffd2][0xffffff9b]%T[0x1c][0x9][0x14][0xffffffdb][0xffffffe6]b[0xffffff98][0xffffffdd])ph[0xffffffdc]*lo[0x4]N[0xffffff8f][0xffffff9d][\n]"
10:24:15.278 [main] DEBUG com.github.dockerjava.zerodep.shaded.org.apache.hc.client5.http.wire -- http-outgoing-2 << "R[0xe][0xffffff89][0xffffff8a]G[0xfffffffb][0xffffffb7][0xffffffc6][0xfffffff1])[0xffffffb6][[0xffffff86][0xffffff8f]e#[0xffffff89]`[0xffffffa9]'L[0x15][0xffffffd1][0xffffffc5][0xffffffcc]Je[\r]O[0xffffffa8][0xffffff84]<M[0xffffffce]*p[0xffffff84][0xffffff9f][0xffffff86][0xffffff8b]r[0x8]6[0xffffffc8]T[0xffffffe3][0x5][0xffffffc3]D[0xffffff88]w[0xffffffa9][0xffffffbd]5[0xffffffac]k?*[0xffffffec][0x15][0xffffffbc][0x18][0xffffffa5]bC| {[0xffffffc3][0xffffff97][0xffffffab][0xffffff8a]M[0x1f][0xffffffd6][0xffffff93][0x12]P[0xffffff89][0xffffffae][0xffffffc5][0x0][0xffffffe9][0xfffffff9]zF.;[0xffffff8e]#[0xffffffe7][0x0][0xffffff93][0xffffffe8][0xffffffa7][0xffffffda]=0[0xffffffec][0xffffffad][0xffffffdb][0xffffffcc][0xffffff98]Q[0xffffffc2][0xffffff88][0xffffffe8]:bT1k(|[0xffffff9d]m[0x19][0xffffffb4][0xffffffd3][[0xffffffeb]![0xffffff8e]8[0x1c]L~[0xffffffc6]B[0xf][0xffffffb1][0xffffff88][0x2][0xffffffd4][0xfffffff4][0x11][0xfffffff6]w[0xffffff89][0xffffff8f][0x11][0xffffffa9][0xffffff9f]6[0xffffff9e]"[0xffffffb3][0xffffff9b][0xffffff95][0xb][0xffffffda][0xffffffd8]p[0xffffff8f]j[0xffffffba]+X*[0xffffffd7][0xffffffd1][0xffffffe8][0xb][0xffffff83]2[0xffffffd8][0xffffffc3][0xffffffc4][0x1b]g[0xffffffda][0xffffff92][0xffffff8e]+[0xffffffd9][0xffffffe7]|6[0xffffffce][0x5][0xffffffda][0xffffffdb][0xffffff9c][0xfffffff6]UY&[0xffffffa0]^[0xffffff93][0xffffff83]q][0xffffffb2][0x1c][0xffffffae]5[0xffffffcb]?[0xffffffd4][0x1b]G[0xffffffa7][0xffffff84][0xffffffbc][0x1a]m[0xffffffab][0xffffff8e][0xffffff97]p[0xffffffd7]N[0xffffff89][0xffffff80][0x1d]$[0xc][0xffffffca][0xffffffdd][0xfffffffd]D[0xffffffcf]ZO[0xffffff81][0xffffffd3][0xffffffc5]l[0xffffffdb][0xffffffc0][0xfffffff5]I[0xffffffc2][0xffffff90]<[0xffffffd6]*[0xffffffe5][0xffffff99][0x11][0xc][0x5][0x15]>=[0xffffff87][0x1c]O[0x13][0xffffffed][0x6]#[0xffffffd5][0xfffffff5][0xffffffc3][0xffffffd7]W[0xffffffc6][0x9]W[0x1c][0x13][0xffffffcb][0xffffffc6]D[0xffffff8c][0xfffffffe]SZ8[0xffffff9c][0xffffff84][0x10][0xffffffb2][0xffffffa2][0x7]z[0xffffffa1]6[0xf][0xffffffc3][0xffffffd9][0xffffff9e][0xffffffa8][0xffffffb5]N[0xffffff87][0xfffffff9][0x1a][0xffffffda]Z[0xffffffc3][0xffffffe2]0[0xfffffff5][0xffffffba][0xffffffbc][0xffffffa2][0x16][0xffffff97][0xffffffb2]i[0xffffffaf]`f[0xffffffef][0xffffff9d][0xb]O[0xffffff91][0x18]z/[0xffffffa0][0xfffffffc]h[0xffffffa9]s[0xffffffc7]D[0xffffffd6][0xffffff95]C[0x1e][0xffffffde][0xffffffdc]q[0xffffffde][0xffffff94][0xffffffbd][0xffffffd3]7[0xffffffe0]|[0xffffff83][0xffffff98][0xffffffdb]AH#|[0xffffff82][0x18]W[0x8][0xffffffbc][0xffffffdc][0xffffffd7]RG[0xffffff95][0xffffff96][0xffffffb5]X[0xffffff95][0xfffffff7][0xffffff99]w8![0xfffffff5]=rlX@[0xfffffffd]>c[0xffffffd6][0xffffffbe]Qs!X%~[0xffffffdc][0xffffff98]U[0xffffff8a]y[0xffffff8a][0xffffffe3][0xffffffb5]i[0x18][0xffffffe0][0x17]L[0x7f][0xffffffa1]WW[0xffffff83][0xffffffc4][0xffffffb8][0xffffffe4]*t[0xffffff85][0xffffffa3][0xffffff9f][0xffffffaa][0xffffffc9][0xffffff9b]40[0x0]?[0x1c][0xffffff81][0xffffff8a][0xffffffff][0x8][0xffffffe7][0xffffffac][0x10][0xfffffff0]t[0xffffffde]>[0xffffffea]i[0xffffffea][0xffffff97][0xffffffc9][0xffffffa6][0xffffffdc][0xffffffa0]V,FH[0xffffffad][0xffffff9c][0xffffffef][\r][0xffffffbf][0xffffffa5]LUE[0xffffffc5]][0xffffffeb][0xffffff87]r[0xffffffe1][0xffffffca]!3[0xffffffb7][0xffffffdf][0xffffff99][0x1d][0xffffffd4][0x3][0xffffffd7][0xffffff9a]C[0xffffffcd]hY[0xfffffffa]K[0xffffffef][0x1f][0xffffff87]tU[0xffffffb3],[0xfffffffb][0xffffff8d]P[0xffffffb8]^[0xfffffffa][\r]P6%[0xffffffbe][0xffffffa1][0xffffffa6]{[0xffffff8e][0xffffffbd][0xffffff9f]t[0x7][0xffffff9d][0xffffffbe][0xffffffcd][0xffffff8f]Oj[0x17],[0xffffff94]H[0xffffffcb][0xffffffa3]Q[0xffffff82]O[0xffffff92][0xffffff83][0xffffffb5][0xffffffe2]I[0xffffffa5][0xffffff8b][0xffffffab]9[0xffffff8a]2[0x14][0xffffffe2]q[0xffffffa8]r[f[0xffffff9c][0xffffffb8]T[0xffffff8d][0xffffffca][0xffffff9b][0xffffff80][0x5](cx[0xffffffe2] [0xffffff8e][0xffffffd8]<[0xfffffff9]D/I[0xe][0xffffff83][0xffffffdd][0x1c][0xffffff83]C[0xffffff8f][0xffffffdd]2[0xffffffb3][0x11]1[0xffffffe7][0xffffff8b][0xffffff91]W[0x1e][0xffffffcd][0xffffffb2][0x3][0xffffffab]0g[0xffffffea][0xffffffd6]P[0xffffffb2]K[0xffffffa6]n[0xfffffff9]$[0x3][0xffffffbd]D99.[0xffffffa3][0xffffff90][0x7f][0xffffffac][0xffffffe2][0xffffff8c][0xffffffed]d[0xffffffb0][0xffffffbf][0xffffffed][0xffffffc1][0xffffffb6]Q[0xffffff8b]2M[0xffffff98][0xffffffed][0xffffffc2])9[0x1a][0xffffff82]oNO-[0xffffffb1][0xffffffa4]L[0xffffffff][0xffffff99][0xffffffd7][[0xffffff9b][0xffffffe4][0xffffffba]c[0xffffffb7][0xffffffd9][0xe][0xffffffdb][0xffffffd8]D[0xfffffff2][0xffffff9b][0xffffffde][0xffffff97][0xffffffca][0xfffffffb]W*[0xffffff8f][0x11][0xffffff99]([0xffffffa5][0xffffffc4][0xffffffe5]N[0xffffffe5]#[0xfffffff7]lH>[0xffffffc6][0xffffff92]<3db[0xffffff82][0xffffff9b][0xffffffb6] /[0xffffffec][0xfffffffb][0xffffff92]:[0xfffffff5]<[0xffffffbd][0xffffffd2]T[0x11][0xffffffcf][0xfffffffb][0x9]O[0x1f]?[0xfffffff1][0xffffffab][0x9][0xffffffaf][0xffffffd6][0xffffffa6][0xffffffeb]9[0xffffffeb][0xfffffff7][0xffffffdd]95;U"[0xffffffa0][0x3][0xffffffd8][0xffffffe9][0xffffffd0][0x5]F[0xfffffffd][0xffffffa2]([0xffffff88][0xffffffbc],O;6[0xffffffad][0xffffffdc][0xfffffffe][0xfffffff0][0xffffffcc][0x0]q<:)5/[0xffffffbb]7/SWG{[0xffffff98][0xfffffffc][0xffffff90]A[0xffffffe3][0x15][0xffffffd2][0xffffffc9][0xffffffba][0xfffffff1][0xffffffe0][0xffffffb1][0xffffffa8][0x1e]&<Y[0xffffff89][0xffffff8d]L[0xffffff98][0xffffffe5][0xffffffdd][0x11][0x13][0xffffffd2][0xffffffdb][0xffffff86][0xffffffe2][0xffffffa4][0xffffff94][0x2][0xffffffea][0xffffffd7]l$[0xffffffc2][0x13]%[0xfffffff6][0xffffffd9]-[0x0]4[0xffffff85][0xffffffc2]`[0xffffffb2][0xffffff9a])9R[0x1c]v[0xffffffdf][0x13]q[0xffffff93]Dk[0xffffffd8]m>[0x17][0xffffffbd](f[0xffffffe4][0xffffffe0][0xffffff81][0xffffffb0][0xffffff96][0xffffff96]RL[0x7f]<[0x2][0xffffff84]n7[0xffffffd6]![0x0]5I[0xfffffff7][0x14]mC[0xfffffff5][0xffffffdd]Y[0xffffffb4]q[0x15][0xfffffff7][0xffffffc6]U[0xffffffe5][0xffffff9c][0xfffffffd][0xffffffb3]T[0xffffffa2]@[0xffffffaf][0xffffffbc][0xffffffc4][0xffffffe3][0xffffffcc][0x13][0xffffff93]2*GQ[0xfffffffc][0xffffff97]EK6[0xf][0xfffffffc]1m[0xffffff9c][0xffffff94]6[0xffffffa3][0xffffffd7]A[0xffffff91]O[0xffffffc6][0xffffffd1][0xffffff91][0xffffffc1].WgK[0x15]q\[0xb][0xfffffffb]^[0xffffffbc][0x17]U|"]M+[0xffffff95]\%L[0xfffffff5][0xffffffb5][0xffffff9d][0xffffffb0][0xffffffaf]M[0xffffff93]h[0xffffffc4][0xffffffe4][0xffffffeb][0x15][0xffffffae]%[0xffffffc7][0xffffff80][0xffffffd6][0xfffffff7][0xffffffca][0xffffff97]jH[0xffffff8e]H[0x11][0xb][0xffffffb7][0xffffffbb]/[0xffffffa5]x[0xffffff9d])[0xffffffbc]P#[0x1e]k[0xffffffaa]n;[0xffffffe4]n&l[0xffffffc6][0x14][0x7][0xffffffca]>[0xffffffea]z[0xffffffff][0xffffffb1][0xffffffa3]Q[0xffffffca][0xfffffffe][0xffffffb6][0xffffffae][0xffffff90]M[0xffffffdf][0xffffffc6][0xffffff83][0xffffffa4]C[0xfffffffc]~H[0xffffff82]*[0xffffffbe]/[0xffffffe2]"e[0xffffffa0][0xffffffe2][0x6]Y[0xffffffba]HM[0xffffffc3][0xffffffbe][0xc][0x1d]e&[0xffffff94][0xffffffc8][0xffffffd7][0xffffffa8][0xffffffe7]9[0xffffffb9][0xffffffc3][0xffffffc3][0xffffff99]U[0xffffffe6][0xffffff87].[0xffffffae][0xffffffb0][0xfffffff2]p[0xffffffc9][0xffffffec]P[0xffffff9a][0x0][0xffffffa2][0xffffffd7][0xffffffa7][0xffffffe3][0xffffffd8][0xffffffea]f[0x1a]j[0xffffffc2][0xfffffff5][0xffffffa0][0x6][0xffffffc7]t[0x2]Y[0xffffffdc][\r]o[0xffffffb4]V}-g[0x1a][0xfffffff6][0xffffffbb][0xffffffb5][0xffffffa7]CI;[0xffffffcf][0xffffffcb]HS[0x1b][0xffffffd5]D[0xfffffff0][0xffffff9d]-[0x5][0x2]c[0xffffffdf][0xffffff84][0xffffffd8][0xffffffcb][0xffffff95][0xfffffff6]|^6[0xffffffb6][0xffffff96]\[0xffffffde][0xffffff91]d[0xffffffe4][0xffffffa1]B]:[0xffffff9f][0xfffffff6]'[0xffffffe2]}1]-[0xffffffd2]w:[0xffffffcc][0xffffffaa][0x12][0xffffff88][0xffffffb1]D[0xfffffff0][0x6]}[0xffffffdd]c[0xfffffff2][0xffffff8d][0xffffffdc][0xffffff83]/[0x1]G[0xffffff8c]5[0xffffffc5][0xffffff95][0x18][0xffffff8b][0xffffffa6][0xffffffb5]O[0x1e][0xffffffc0]P[0xffffffbd][0xffffffb3][0x8]=[0xffffffea]t[0xffffffbf][0xffffffce][0xffffffb3][0x10][0xffffffa7][0xffffffa2][0x19][0xffffffbb]V[0xffffff85][0x1b]B[0xffffffc6]U[0xffffff83]7f[0x8][0xffffff9e]`F[0xffffffbd]K[0xfffffff9][0xc]k[0xfffffffb][0x6][0xffffff9d][0xffffffa3]~[0xffffffae][0xffffffc1][0xffffffcd]@<[0xffffff8e][0xffffff94]y[0xffffff9d][0xffffffb6]#4[0xffffffb6]?[0xffffff94][0xffffffa5]w[0xffffff81][0xfffffff6]X:R"[0x17][0xffffff94][0xffffffdd][0xffffffa7]$U[0xffffffd4]c[0xfffffffd][0xffffffcc]E[0xffffffe6][0xfffffff2]`[0xffffffab]z,[0xffffffe3][0xffffff8e][0xffffffd3][0x0][0xffffffb5]Q+[0xffffff8b][0xffffffc2]y![0xffffff86]B[0xffffff8a]u2D(#p[0xfffffffe]N[0x1f]#[0xfffffff5][0xffffffaa],[0xffffffef][0xffffff96][0xffffffbd]k[0xffffffd1][0xffffffd5][0xfffffff8][0xffffff8d][0x17]%!3[0xffffff9e]2[0x18][0xffffffa5][0xffffffe6][0x1d][0xffffffcd]D[0x1d][0x1b][0xffffffed]*[0xffffffc1][0xffffffee][0xffffffed] x`[0xffffffa8]&P[0x1e]r+[0xffffffd1]5P[0xffffffc8]a[0xffffffee][0x19][0xffffffbd][0xffffffc5][0xfffffff4][0xffffffe0][0xffffff89]=[0xffffffcf][0x1b]UYc[0xffffff8c][0xffffffe8][0xffffffc2][0xffffffd1][0xffffffe1][0xffffffb7][0xffffffde]M[0xffffffd3]r[0xffffffcf][0xffffffdc][\r][0xffffff8a][0x0]'.mS[0xfffffff8][0xffffffa0]>IH[0x1]2[0xfffffffb]`[0xffffffea][0xffffffce][0xfffffff9][0xffffffb5]4p%[0xffffff95][0xffffffb4][0xffffffef][0xffffff8c][0xffffffa3][0xffffff99][0xffffff82][0xffffff93][0x5]&[0xffffffc4][0xffffffb9]{7[0xffffffef],[0xffffff99][0xffffffb7][0xffffff92]qYy[0xffffffc3][0xffffffcd][0xffffff89]8[0xfffffffe][0xffffff89]*yT'[0xfffffffa]9[0xffffffc9]u[0xffffff99]p[0x7f][0xffffffc2][0xffffff97][0xffffffb5]c[0xffffffe6]:C[0xfffffff8][0xffffffe6]#q[0xffffffc2]S[0xfffffff6][0xffffff96][0xffffffbc][0xffffffaa][0xffffff9c][0x19][0xf]<[0xffffffe1]1A[0x1d][0xffffffe1][0xffffff8a][0xffffffae]Q[0xffffff9d][0xffffffe8]h%$mER[0xfffffff5][0xfffffff1]Uo2&[0xffffff8a][0xffffff93][0xffffffca][0x0][0xffffffa6][0xffffff8c][0xffffffe3]h[0xffffffde][0xffffffa5]J[0xfffffff5][0xffffff81]O[0xffffffc7]=cu[0xffffffaf]o[0xffffffac][0xfffffff5][0xffffff9e][0xffffffe4][0xffffffb2][0xffffffd1][\n]"
10:24:15.278 [main] DEBUG com.github.dockerjava.zerodep.shaded.org.apache.hc.client5.http.wire -- http-outgoing-2 << "[0xffffff9b][0x1a][0xffffff95][0xffffffeb][0xffffffdc][0xffffffba][0xffffffbb]'[0xffffffe0][0xffffffa9][0xfffffff8][0xffffffc3]6[0xffffff95][0xffffffee][0xffffff8c]Uw[0xffffffb3][0xffffffc8]R[0xffffff9d]I'L[0x1b]e[0xffffffcf][0xfffffff3]3[0xffffffdc][0xffffffc4][0xfffffff7])[0xffffffe1][0x1c][0xffffff90]uo[0x17][0xffffffc9]E[0xffffff83][0xffffffa2][0xffffffe2][0xffffffbb]wt[0xffffffeb]([0x1a][0xffffff9e][0xffffff89][0xffffff85][0xffffff97][0xffffffe5][0xfffffff2][0xffffff85]u[0xffffff84]?:[0xffffffa0]/[0xffffffb9][0xffffffa2][0xffffff80][0xffffff89][0xffffffd8]8[0x2]?[0xffffffe9]%[0xffffffd1]N[0xffffffe6][0xffffff94]l[0xe]%[0xffffffe5]h_[0xffffff86][0xffffff93][h[0xffffffc7][0xffffffca][0xffffff8a][0xffffffe1]w[0xffffffb2][0xffffff91][0xffffff8d][0xffffffc9]D[0xffffff95][0xffffffdb]|[0xffffff9d][0xffffff80]O9[0x18]Ss[0x9]K[0xffffffec][0xffffffa4]D[0xffffffe0][0x18][0xffffff8a]f[0xffffffde]RZ[0xffffffed]C,[0x15]Vr[0xffffff9d]j[0x15][0x12][0xffffffe4][0xffffff8d]nN[0x10][0xffffffdb]E[0xffffffdc].v[0xffffff83][0xfffffffc]BR[0xffffffd5][0xffffffb3][0xffffffbe]7[0xffffffaa][0xffffffdf][0xffffffb4]g}g[0xffffffde][0xffffffc4][\n]"
10:24:15.278 [main] DEBUG com.github.dockerjava.zerodep.shaded.org.apache.hc.client5.http.wire -- http-outgoing-2 << "yV[0xffffff83]Hi[0xffffff9d][0xffffff87][0xffffffd9][0x7f]@[0xfffffffc]Q[0x5],@[0xffffffed]q[0xffffffd9][0xfffffff4][0xfffffff5][0xffffff9d][0xfffffffa]k[0xffffffbc][0xffffffe6][0xffffffca]'L[0xffffffa7]4[0xfffffff6][0x4][0xffffff9d][0xfffffffc][0x13]J[0xffffffe7][0xffffffa4]bF(2[0xffffffc7][0x16][0xffffffbc][0xfffffff1][0xffffffb3]^jY[0xffffffca][0xffffffc7][0xffffffd2][0xffffffa5][0xffffffb3][0xffffffaf]G[0xf][0xffffff8a][0xffffff9d]8R[0x13]KF[[0xffffffc7][\r][0xffffff9a][0xffffffb0]M[0xffffffcb][0xffffffe0][0xffffffbe]p[0xb]1[0x5][0xffffffe2][0xffffffb1][0xffffffe5]%[0xffffffd0][0xffffffc0][0xfffffff6][0xffffff9d]OA[0x1d][0xffffffb7][0x1b][0xffffffd3]}V|[0xffffff9f][0xfffffff3][0xffffffb1][0xffffffde]|[0x1e][0xffffffa5][0xffffffa8][0xffffffb1][0xffffff88]C 6[0xfffffff7][0xffffff99][0xffffff8d][0x9][0xffffffb5][0xffffffab]e[0xffffff96][0xffffffdd][0x13][0xffffffa9][0xffffff9b]J!H?[0xfffffffc][0xffffffed]Hc[0xffffff8b][0xffffffd7]m[0xffffff8d]\`r[0xfffffff2]+9*v[0xffffff8a][0xffffff9e]x[0x1e][0xffffff81][0x1a][0x9][0x16][0x15][0xffffffac][0xffffffb1]baS;Xxa0[0x5][0xffffffea][0xffffffc1][0xffffffe2][0xffffff8e][0x7f]N,[0x1d][0xfffffff5]4~1[0xffffffe9][0x1b]OjW[0xffffffff]#,[0x19][0xffffffb5][0xffffffe9]7[0xffffff97][0xfffffff2][0xffffffd2]0[0xffffffb5][0xffffffc4][0xffffffc0][0xffffff93][0xffffffd3][0xffffff96][\r][0xffffffa1][0xfffffff9][0xffffff81][0x17][0x9][0xffffffa7]j[0x4][0xfffffff3][0xffffffc2]J[0xffffffe5][0x1a][0xffffffcf][0xffffffc5][0xffffffe7][0xffffffd1][0xffffffdb]M[0xffffffc3][0xe][0xffffffb6][0xffffffaa][0xffffffe1]'[0x1f][0xffffffbd][0xffffff8c][0xffffff8c]@*d[0x9]\[0x2][0xffffffcf]T[\n]"
10:24:15.278 [main] DEBUG com.github.dockerjava.zerodep.shaded.org.apache.hc.client5.http.wire -- http-outgoing-2 << "[0xfffffff5][0xfffffffa][0xffffffb5]j[0xffffffb7]>[0x1e][0xffffffa9]|96C[0x16]rL[0xffffffb3][0xffffffad][0xffffffcc][0xfffffffb]n[0xffffffde][0xffffffdb]:[0xffffffdf]/#[0xfffffffd]NfP[0xffffffb1][0xffffffe6]e[0xffffff81][0xffffffa5][0xffffffcd][0x1][0xffffffcd][0xffffffb8][0x1c][0xffffffba]xhC[0x17][0xffffffbe][0xffffff9c]AT[0x7][0xffffffbc][0xfffffff0][0xffffff93][0x12][0xffffff97]Wo[0xffffff96]);[0xffffffbe][0xffffffd8]f78s[0xffffff9a][0xffffffda][0x8][0xffffffa6]ZO</[0x1])POp\Ko[0xfffffff5][\n]"
10:24:15.278 [main] DEBUG com.github.dockerjava.zerodep.shaded.org.apache.hc.client5.http.wire -- http-outgoing-2 << "[0x12][0xfffffff4]d[0xffffff8e]rVi[0xffffffa1][0x3][0xffffffd4]4[0xffffffd8]Dh|[0xffffffdd]F{M4[0xffffff82]{L![0xffffff94][0xffffffa2][0xffffff89]/[0x2][0x1f][0xfffffff9][O[0x1b][0xffffffc0]q-[0xffffff9f][0xffffffe9][0xffffffe2][0xffffff81][0xffffffbf][0xffffff88][0xffffffd5]n[0xc][0xffffffa8][0xffffffd8]m[0xffffffcd][0xffffffee][0xfffffff4][0xffffffb0][0xffffffa1][0x14]/-[0x10]y[0xffffffec][0xffffff9c][0xffffffbf][0xffffffd4]2*[0xffffffdc][0xffffffb8][0xffffff8c][0xffffffcc]K'|[0xffffffda][0x9]r[0xffffffc5][0xffffff97] [0xffffff84][0xffffffaa][0xffffff88]9[0x12][0xffffffa3]v'(n[0x19][0x7f][0xfffffffd].[0xffffffbb][0xffffffdf][0xffffffc1][0xffffffd5][0xffffffd4]p[0xffffffeb]m:[0xfffffff3][0xffffff9a]X[0xfffffff4][0xffffffdb]FRu[0xffffffcb][0xffffffe9]:h[0xfffffff6][0xffffffc3][0xffffff97][0xfffffff4]F[0xffffffc9]=[0xffffff87]P[0x3][0xc][0xffffffb7][0xb]=d[0xffffffa7][0x18][0xffffff99][0xffffffa6][0xffffffbc]b[0x2][0x1a]Ie[0xffffff8f][0xffffffa4][0xffffffd8][0xfffffffb][0xfffffffc]k[0xffffffe8]8M[0xfffffff7]c[0xffffff82][0xfffffff7][0xffffffc9]^[0xffffffe0][0xffffff97]F4[0xffffffcb];[0xffffffd4][0xffffffc0][0xffffff85][0x1d][0xffffffef][0xffffffe6][0xffffffe8][0xffffffb7][0xffffff92][0xffffffcc]?[0xffffff9f][0xffffffad][0xffffffdc][0xffffffb3]q[0xffffff8d][0xffffffaf]93[0xffffffb1][0xffffff9d]M+[0xffffff81]=M[0xffffffad]M[0xffffffda]cj[0xffffffc7][0xffffff81][0x11]Uu[0xffffffb0]4T[0xffffffa2][0xffffff8d][0xffffffb6][0x1d][0xffffffa1]QS[0x8][\n]"
10:24:15.278 [main] DEBUG com.github.dockerjava.zerodep.shaded.org.apache.hc.client5.http.wire -- http-outgoing-2 << "[0xffffffc8][0xffffffdd][0xffffffb4][0xfffffff7]"[0x13]o;e[0xffffffcf][0xffffffcd][0x1c]\[0xffffffba]H[0xffffffc1][0xffffffac][0xffffffe4]/;L[0xffffffc6]$KDN[0xffffffa6][0xfffffff8]x"[0xfffffffa][0xffffffd8][0xfffffff1]c7~[0xffffffe9][0xffffffc9]H-[0xffffffe9][0xffffffad][0xffffffdf][0xfffffffd]1%[0xfffffff1]>FTO[0xffffffc9][0xffffffa7]5[0xffffffd9][0xffffffd5][0xffffffb6][0xffffffb8][0xffffffd1][0x18][0xffffffe4][0xffffffe7]]SAG6[0xffffff93]w,[0xffffffb7]O[0x15][0xffffff86][0xffffffac][0x1b][0xfffffff6]ht[0xffffffa9][0x1f][0xffffff98][0xffffffdc][0x1c]1<[0xffffffa8][0xfffffff1][0xf][0xffffff90][0xffffff8e]8P[0xffffffe0][0x1a][0xffffffb0]`X][0xffffffb7]]%[0xffffff87][0xffffffc7][0xffffffd8][0xffffff99]5[0xffffffef]A5m[0xffffffcb][0x1]}[0xffffffc8])[0xffffffaf][0xffffff96][0xfffffff3][0x3][0xffffff84][0xffffff8c]=[0xffffffdc]'[0xffffff95][0xfffffff3][0xffffff8d]R[0xffffffb8]*[0x4][0xffffffce]t[0xffffffed]BeD[0xffffffdb]X/[0xfffffffd]4CD[0xffffffe0]x[0xe]&[0xffffffea]j[0x1e][0xfffffff7]?[0xffffffae][0xffffffd1][0xffffff92][0xffffffe2][0xffffffef]Y[0xffffffb0][0x10]<?[0xffffffa0][0xffffff93][0x13][0xfffffffd][0x18][[0xffffffcd]bG[0xffffff88][0x1c]9[0xffffffbf][[0x1d][0x4]u-[0xfffffff7]![0xffffffa5][0xffffffd8][0xffffffd4]IA[0xffffffc7][0xc][0xffffffc5]K[0xffffff9c]@[0xffffffae][0xfffffff9]F5[0xffffffc5]=[0xffffffbf][0xffffff8b][0xffffffe6][0xffffffca][0xffffffa1]?[0xffffffd9][0x1d][0x4]'[0x16]@[0x1c]z[0x6][0x7]m[0x12][0xffffffbc][0xffffffa6]q[0x16]:[0xfffffffa][0xffffffa2][0xffffffdf]p9Ua[0xffffffde]B[0xc][0xffffffbb],[0xfffffff5][0x1e]:[0xffffff88][0xffffffed]|[0xffffffb0]l[0xffffffe3][0xffffffe9][0xffffffbe][0xffffffcc][0xffffffab][0xffffffea][0xffffffcb]X[0xffffffee][0xffffffc9]Z[0xffffffca][0xc][0xffffffcc][0xffffff93]E[0xffffffe8][0xffffffe7][0x2][0xffffffc7][0xffffff97][0xffffffbe][0xffffffa7][0xffffffa2]1[0xffffffbe]6[0xfffffffd][0xffffffc1][0xffffffeb][0x1c][0xffffff89][0xffffffee][0xffffff9f][0x14][0xffffffb9]n[0xffffffc7][0xffffffb8]S[0xffffffd7][0xffffffb4][0xffffffcf][0xffffffe1])W[0xffffffa9][0xffffffdb][0x19][0xffffff97]Jn[0x6][0xffffff8a]1b^[0xffffffb3][0xffffffa9][0xffffffaf][0xffffffe2][0xffffffb5]?[0xc][0xffffffb8]o[0xffffffce]:[0xffffff99][0xffffff97][0xffffffaf]m[0x1c]d[0xffffffad][0x15][0xfffffff4][0xffffffaf][0xffffffd1][0xffffffb8][0x17][0x9]Y[0xffffff9f]/[0xfffffffb]4h~[0xffffffa1]j[0xffffff85]f[0xfffffff4][0x10][0xffffffe9]Q[0xffffffbd][0xffffffc6][0x10][0xfffffff5][0xffffffca][0xffffffe7]Q>WP[0xffffffcc][0xffffffc3][0x7][0xffffffb4].[0xffffffc9][0xffffff9b][0xffffffbb][0xb].[0xffffff89][0xffffff9c]ev&[0xffffffb9]Qu%[0x1c][0x1f][0xffffffc4][0xffffff99][\n]"
10:24:15.278 [main] DEBUG com.github.dockerjava.zerodep.shaded.org.apache.hc.client5.http.wire -- http-outgoing-2 << "G[0x11][0xfffffff6]D'R9[0x1e][0xffffffe4][0xffffffbf][0xffffffa7][0x1d][0xfffffff1][0xffffffb5][0xffffff9e][0xffffff80]I7[0xffffff8b]kafH[0xfffffff4][0xffffffc6][0x1d]d/[0xffffffd5]R2-[0xffffffcd][0xffffffb4][0x15][0xffffff8a]u[0xffffffeb]O[0xffffff8e][0x1f]? [0xffffffbc]u0-[0xffffffe6][0xffffff83][0xffffffd0][0x0][0xffffffee]{~Vj[0x11][0x3]n[0xffffffa7][0xffffffc7][0xfffffff3][0xffffffd8][0xffffffa5][0xffffff8b][0xffffff88][0xffffffa1][0xffffff8d]Uh:[0xfffffffc][0xffffffca]N[0xffffff81]O*[0xffffffcc]2r[0x1b][0xffffffce][0xffffffe3]X[0xffffffc6]}[0xffffff9e][0xfffffff6]ymE[0xffffff8e][0xfffffffa][0xffffffc0]hh[0xfffffff7]E[0xffffffd2]Z[0xffffffc9]r[0xffffffc9]![0xfffffff4]:T[0xffffffe0][0xffffff94]Q[0xffffff8e][0xffffffd0][0xffffff92][0xffffffde]Q[0xffffffa3][0x14][0xffffffcb][0x1f]Ck[0xffffff8c][0x8][0xfffffff5][0x16][0xffffffda][0xffffffbb][0xffffffad][0xffffffa9]8[0xffffffbe]3[0xffffffe6]l[0xffffff81][0xffffff80]S$[0x14][0xffffff8f][0xffffffc4][0xffffffed]79[0xfffffff1]$[0xfffffff7],[0xffffffe2]T^[0xffffffae][0xffffffb7]Y[0xffffff91][0xe]/[N8[0xffffffed]S[0xffffffb3]-[0xffffffb2][0xfffffffa][0xffffffc7]x[0x1e]p[0xffffffed][0xffffff88][0xffffff86]"[0xffffffdf][0xffffffaa][0xffffff95]3[0xffffff85][0xffffffda]l|5[0xffffffb0][0xffffffc1]{[0xffffffc5]F[0xffffff81]K[0xffffff97]951[0xffffffe7][0xffffffa6]w[0xffffffc4][0xffffff87])[0xfffffff2][0xffffffa0][0xffffffff]R[[0xffffffc8]nC$[0xffffffa3]BE[0xffffffed]0[0xffffffd5]7([0x5][0xffffff92]M[0xffffffcf][0xfffffff1][0xffffff96][0x7]~[0xffffff94][0xffffff90][0xffffffa7][0xffffffd2][0xffffffd1][0xffffffee][0xffffffee] [0x5][0x12][0xffffffd0]i[0xffffffdb][0x1a]N[0xffffffe1]:[0xfffffff8][0x1][0xffffffd1]>[[0x15]e4[0xffffffd3][0x1a][0xffffffd3][0xffffffbc]2pZ[0xffffffd8][0xfffffff2]K[0xffffff8c][0x15]<[0xffffffb2]Q4I,[0xffffffa4]>6[0xffffffa5][0xffffffba]Q[0xffffffb3]t[0x10]w[\r][0xffffffd3][0xffffffbc][0x11][0xffffffc1]fR[0xffffffb9]x)[0xffffffe2][0xffffff84]z%-#[0xffffffc9][0xffffffe2]s[0xffffffb7][\n]"
10:24:15.278 [main] DEBUG com.github.dockerjava.zerodep.shaded.org.apache.hc.client5.http.wire -- http-outgoing-2 << "[0xffffff92][0xffffffaf]ma[0xffffffc6][0xffffffeb][0x11]r[0x10][0x11][+[0xfffffffa];#[0xffffffc4][0xffffff8c]u[0x16][0xffffffb5][0xffffffd0][0xffffffa0][0xfffffff4]][0xffffffd7]g"[0xffffffe8]T[0xffffffdd][0xffffffcf][0xffffffe0][0xffffffb2][0x5]j[[0xffffffc3][0xffffffc6][0xffffffb4][[0xffffffe2][0xffffffee]_[0xffffff9c]K}n/1[0x1b][0xffffffb3][0xffffffb2][0xb][0x10][0xffffffbd]6[0xffffff87][0xffffffa0]o[0xffffffdb][0xffffffdf]B[0xfffffffb][0xfffffff5][0xffffff98]rT[0xffffffa0]H[0xffffff8d][0xffffffaf][0xffffffbc]+[0xffffffc7][0xffffff8d]$[0xfffffff3][0xffffffb4][0xfffffffc][0xffffffe8]&=/[0xffffffa7][0xffffffa7][[0xfffffff1]yi[0xffffff8a]'v[0xffffffc3][0xffffffbc]B[0xffffffda][0xffffffa1][0xffffff88][0x16][0xffffffc2]u[0xffffff9a]^[0xffffffd4][0xffffff82][0xffffffdd][0xffffffef]N[0xffffffc8][0xffffff9f][0xffffffab]7-[0xffffffdd][0xffffff9a][0xffffffca][0xffffff87][0xffffffbe]<@n[0xffffffd6][0xffffff8c][0xffffffb6].[0xffffffa8]2[0xfffffff4][0xffffffbc][0xffffff8a]e[0xffffffbe]u@+[0xffffffa7][0xfffffffb]X[0xc]z[0xffffffe3][0xffffffc1][0xfffffffc]z[0xffffffcd][0xffffff9b]h3G[0x4]A[0xffffffa5][0xfffffff4][0x8][0x11][0xffffff92]%[0xffffffd8][0xfffffff2][0xffffffb5]6[0x15]@[0xffffffef][0xffffffae][0xffffff8f][0xffffffc9][0xffffff90][0xffffff90][0xffffffdf][0xffffffe6][0xffffffea][0xfffffffa][0xffffffd4]G[0xffffff9f]C[0x9][0xffffffb5]3[0xffffffa4][0xffffffdd][0xffffff8c][0xffffff94][0x9][0xffffffde][0xfffffffa][0xffffffd1];[0x9][0xffffffa4]3t[0x13][0xfffffffe][0x7]/D[0xffffffc7][0xffffffbd][0x18][\n]"
10:24:15.278 [main] DEBUG com.github.dockerjava.zerodep.shaded.org.apache.hc.client5.http.wire -- http-outgoing-2 << "D?b0>[0xffffffe0]J?I[0xffffffa9][0x7f][0xffffffdb]O[0xffffffdf][0xffffffbf][0xffffffea][0xffffff80][0xffffffb8][0xffffff82]X[0xffffffa4][0xffffff91][0xffffff89][0xffffffdd][0x6][0xffffffc1]}[0xffffffa7][0xffffffee]4[0x1]?[0xffffffe6][0xffffffc2]msM[0xfffffffa][0xffffffa9][0xffffffe5][0xffffff8a][0xffffff88][0xffffff90]L[0xffffffc6]P[0xfffffff6] (\[0xffffff95][0x17][0xffffffc9][0xffffffbc][0xfffffff1][0xffffffa2]h[0xfffffff0]E[0xffffff89]$[0xfffffffd][0xfffffffa][0xffffff99][0x15][0xfffffffe][0xffffffd5][0xffffff91]?<![0xffffffbc][0xffffffe4][0xffffffb2][0xffffffb8][0xffffffcc]z[0xffffffbb][0xffffffce],[0xffffffb7]@[0xffffffa3]&[0xfffffff5]gZ[0xffffff96][0xffffffa7][0xffffffad][0xffffffd2]p([0xffffffa2]R[0x16][0x1a][0xffffffe8]5[0xffffff8f][0xffffffc5][0x1c][0xffffff9e].[0xffffffa2][0x1e]oq,[0xffffffb5][0xffffffdf]R[0xfffffff0][0xffffffdb][0xffffff8d][0xffffffa5][0x2][0x3][0x19][0xffffffc2][0xfffffff5][0xffffffbe][0xffffffac][0x8][0xffffffd0]6[0x1][0x8]:[0x6]o[0x13][0xffffffcb][0xffffffed][0xffffffad][0xfffffff8]:2[0xffffffd1]G[0xffffffc3]S=#[0xffffff9a][0xffffffcf][0x1d]Ys[0xffffffed][0xffffffa7][0x12][0xffffff8a][0xffffffaf][0xffffffb7][0x15][0x12][0x11]O9 [0xffffffb4]h[0xffffffc6][0xffffffc2]8[0xffffffe8][0xffffffbc]i[0xfffffff1][0xffffffb0]s[0xffffffa8][0xffffffe7]W[0xffffff96]h/e[0xffffffa2][0x3]*'[0xffffffec]6([0xffffff8f]guj[0xfffffff5][\r]giS[0xffffffb4][0x12]-C^[0xffffffda][0xffffff9d][0xfffffff4][0xffffffa6]N[0xffffff96]|[0xffffffa5][0xffffffba]>[0xf][\n]"
10:24:15.278 [main] DEBUG com.github.dockerjava.zerodep.shaded.org.apache.hc.client5.http.wire -- http-outgoing-2 << " [0xffffffed][0xfffffff7]<QO[0xffffffad][0xffffff8b][0xffffff9a]\q[0x11][0xffffffae][0x14]S|[0xffffffff]\&[0x14][0xffffffe1][0xffffffc2][0xffffff81][0xfffffffd][0xfffffff2]c[0xffffff88]l[0xfffffffc][0xffffff8b][0xffffffc2][0xc]T[0xffffffec][0xffffffd0][0xffffffb0]w[0xffffff9f][0xffffff8e])[0xffffffa7][0xffffffab][0xffffffe0][0x4]%5[0xffffffa3]f[0xffffff93]r[0xffffffe5][0xffffff9e][0xffffff9c][0xffffffa4][0xffffffd1].[0xffffff93][0xffffffbd][0xffffffb2][0xffffffb8][0xffffffc1][0xffffff91][0xffffffb7]^[0xfffffff1][0xffffff86]Z[0x18][0xffffffc3][0x10]|M.[0xffffff82]7[0xfffffff0]$[0xffffffed]x[0xffffffe6]&[0xffffffb4][0x6][0xffffffcb][0xffffff96]$[0xffffff83][0xffffff84][0xffffffa6]Q[0xffffff8e][0x11][0xffffff89]|A[0xffffffb5][0xffffffab][0xffffffbd][0xffffffbe][0xffffff92][0x1]A[0xffffffef][0x13][0xffffffcf]G[0xffffffb3][0xc]][0xffffffd6]Y[0x10]?[0xffffffcb][0xffffffe5][0xffffffa2][0xfffffff9][0xfffffffd][0xffffffa9] [0xffffff9b][0xffffffb0]O-[0xfffffffa][0xffffffcd][0xffffffe5][0xffffffe7][0x7][0xffffffec][0xffffff87][0xffffff99]=[\r][0xffffffb6])#8[0x1c]l[0xffffffd4][0xfffffff4][0xffffffaf]1[0xffffffcf]Q[0xffffffad][0x19][0xffffffc4]c[0xffffffd9]I[0xffffffd6][0xffffff8e][0xffffffdd][0xffffffe3][0xffffff8a]+[0xffffff9e]L[0xffffffe6][0xffffffa6][0xffffffa4]4[0xffffffd5][0xfffffff7][0xffffffcc][0x1e][0xffffffdd][0xffffffa3]|[0xffffffba][0xffffff8d][0xffffffa5][0xffffff9d][0x3][0xffffffa5]:3I[0xffffff90]M[0xffffff9b][0xffffffba][0xffffffbc]DHH[0x16][0xffffffc0][0x17][0xffffff89][0xffffffab]?[0xffffffa2][0xffffffa6][0xffffffcc][0xffffffb4]Bk[0xffffffba]Nl[0xffffffa6]h[0xffffff9b]M:tg[0xfffffff6][0xffffffca][0xffffffd2]d\[0xffffffaa][0xffffffce]2[0xffffffa0][0xc][0x0][0xffffffb4];[0xffffffa2]Q[0x1c]>Ep[0xe][0xffffffa5][0x1b]m[0x9][0xffffff95][0xffffffcb][0xffffffbc]P][0xffffffc9].[0x0][0xffffffad]_[0xffffffb3][0xffffffe5][0xc][0xffffffca][0xffffffe5]V[0x19][0xffffff92][0xffffffde][0xffffffd3]%O[0xffffffa6][0xffffffa9][0xffffffba][0xffffffbf][0xfffffff6]{[0xffffffcd]E[0xffffffb2]G[0xffffffa5]I[0xffffffbc][0xffffffc0]rZ[0xffffff9d]1-[0x1d][0xffffff98]tz[0xffffffb6][0xfffffff3][0x1e]bA[0xffffffe7][0xfffffff8][0xffffffb0][0xffffffd1][0xffffffac][0xffffffcc][0xffffffa2]`[0xffffffa4]G[0x12][0xffffffc3][0xffffffe9]<[0xffffff8a][0xffffff86]v-[0xfffffffb][0xffffff8e][0xffffff93][0xffffffb6][0xfffffff4][0xffffffbe][0xffffffbf][0xffffff98][0xffffffbc][0xffffffde][0xffffffa6]3[0xffffffe3][0xffffffbe][0x1d]mm[0xffffffc6][0xffffffbb][0xffffffea][0xffffff93][0xffffff8b][0xffffffb3][0xffffff89][0xfffffff1][0x2][0xffffffa0].=[0xffffffc4][0xffffff92][0x16][0xffffffc9][0xffffffb8][0xffffffc9]k.[0xffffff82][0xffffff87]{[0xffffff9a][0xffffffa8][0xffffffa3][0xffffffd4][0xffffffba][0x12][0x1a][0xffffffc0][0xfffffff3][0x9][0xffffffaa][0x7f][0x1b][0xffffffad]j[0x14][0xffffffdf]6[0xffffffcf]\[0xffffff8c][0xfffffffe][0xe][0xfffffff1].[0xfffffff1][0xffffffd1]D[0xffffffb8][0xffffff8c][0xffffffa7][0x9][0xffffffd3][0xfffffffc][0xffffffb1]^[0xffffffa3][0xffffffa2][0xffffffa8][0xffffffdc][0xffffff90][0xffffffdc]U[0xffffff96][0xffffffb6][0xffffffa1][0xffffffc4][0xffffffdc][0xffffffe1][0xffffffe6]W[0xffffffe8][0xffffff82][0xffffffd5][0xffffffbb][0xffffff90][0xffffffd7][0xffffff82][0xffffffe1][0x1d]L[0xffffffd5]6S[0xffffff9f][0xffffffac][0x2]a[0xffffffbe]~[\r]-[0x7f][0xffffff80]W[0xffffffe1][0xffffffd9][0xffffffac]7~[0xffffffea]S[0x18][0xffffffcd]$[0xffffffd8]YR[0xffffffad][0xfffffff7][0xffffffc4][0xffffff87][0xffffffa4]&[0xffffffdb][0xffffff9b][0xfffffff4]U2?[0xffffffbc][0x7f]'[0xffffffab]kx.[0xc][0xffffff9f]#[0xffffffff][0x15][0x11]UN[0xffffff91][0xffffffe9][0xffffff85]/[0xffffff86]N[0xffffffa9][0xffffffd2][0xffffff90]_P[0x18]N[0xffffffba][0xffffff98]KQ[0xffffffcc][0xffffff98][0xfffffff7][0xffffffad]'o'}[0xffffff84][0xffffffc5][0x16]>[0x14].[0xffffffa5][0xffffffaa][0xffffffb9][0xfffffff5][0xfffffff9][0xffffff82]BdL[0xffffff85]{k+[0xffffff8d]K[0xffffffb3]p [0x1f];[0xfffffffc][0xffffffa3][0xffffffd8][0xfffffff1]Z[0xfffffff2][0xffffffa2][0xffffff96][0xffffffad][0xfffffffb]^[0xffffffc3]g [0xffffff9d][0xffffffb8][0xfffffff1][0x15][0x6]_?HW[0x8]_1[0xffffffc9][0xffffffab][0xffffffe2]l[0xffffff9c]O[0xfffffff7]S[0xffffffab][0x12]7d[0x1e]j[0xffffff82][0xfffffff8]]C[0x18][0xfffffffd][\n]"
10:24:15.278 [main] DEBUG com.github.dockerjava.zerodep.shaded.org.apache.hc.client5.http.wire -- http-outgoing-2 << "[0x4][0xffffff97]Pw[0xffffffe3]h[0xffffffab][0xffffffaa][0xffffffec]_[0xffffffd2][0xffffffd9][0xffffffb0][0xfffffff5]H6Q9S[0xffffffe2][0xffffff9d][0x15][0xffffffe9][0xffffffd2][0xf][0xffffffee][0xfffffffc][0xffffff95][0xffffffca]F+[0xffffff8f][0xfffffff5][0xffffff96][0xffffffa8][0xffffffbd][0xffffffe0]M/[0xffffffef]>[0xffffff97]N![0xffffffd5][0x15]$[0xffffffb9]'[0xffffffac][0x5][0x15][0xffffffbd][0xfffffff2][0xffffffee][0xfffffff4]"/3:[0xffffffda]][0xffffff8e][0xffffffa4][\n]"
10:24:15.279 [main] DEBUG com.github.dockerjava.zerodep.shaded.org.apache.hc.client5.http.wire -- http-outgoing-2 << "[0xffffff86][0xb]F@[0xffffffc6]s1[0xffffffb7][0x1a]y[0xffffffc3]=o&[0xffffffa2][0xffffffee]oO[0x1b][0x19][0xffffffa4][0xffffffa3]5{3[0xffffffce]xr[0xffffffb6][0xffffffe6]JB[0xffffff8a][0x8][0xffffff94][0xffffffa9][0xffffff89]KN[0xffffffe0][0xffffffe6][0xffffff9d][0xffffff92]F[0x12]Zz[0xffffff88]a[0xffffffc4]K0[0xffffffcf] c[0xffffffd6][0x18]5[0x1e]b[0xffffffe3][0xffffffc6]3&[0xffffffdf]-A[0xffffff9d][0xffffffac]"
10:24:15.301 [main] DEBUG com.github.dockerjava.zerodep.shaded.org.apache.hc.client5.http.wire -- http-outgoing-2 << "<[0xffffffa6]j/[0xffffffa6]w![0xfffffff8]j}[0xfffffff4][0xffffffe4][0xe]A[0x7f][0xffffffdf][0xffffff9c]>h-[0xffffff90][0xffffffe6][0xffffffab][0xffffffad][0xffffff99][0xfffffff1][0xffffffe7][0xffffffbb][0xffffffd2]V[0xffffffb4]z[0xffffff8e]([0xffffffe2][0xffffffc4][0xffffffd3]L[0x7][0xffffffd7][0xffffffc4][0xffffffd9][0xffffffbc]*[0x5][0xfffffff9][0xfffffff5]IT|[0xfffffff9][0xffffffe4][0xffffffa9][0xffffffb6][0xffffffa9]i_[0xffffffe8][0x16][0xffffffeb][\n]"
10:24:15.301 [main] DEBUG com.github.dockerjava.zerodep.shaded.org.apache.hc.client5.http.wire -- http-outgoing-2 << "<[0xffffffb9][0xffffff97]&[0xc][0xffffffac][0xffffff81][0x7][0xffffffa8][0xffffffe4][0xffffffc3]n[0xffffff82]_+[0xffffffb5]88[0xfffffff3]%[0xffffffc6]"[0xfffffff3][0xffffffa0]<+[0xffffffde]A[\r][0xffffffd6]=[0xffffffcc][0xffffffad]w+[0xffffffd2][0xffffffad][0xffffffdb][0x10][0xffffffe9][0xfffffff7][0xffffff9c][0xffffffd6]O[0xfffffffa]pP[0xffffffcc][0xffffffb3]t[0xffffffc1]4[0x1e]d[0x1d][0xffffffb7]H[0xffffff9a][0xffffffaa][0x16][0xffffffc2][0xffffffdf][0xffffffc9][0x19]7[0xf][\r][0x5]Z[0xffffffd1]a[0xffffff92][0xffffffd6]-[0xffffffb2].[0xfffffff5][0x12][0xffffffcf][0xffffffbf]}[0xffffffcd][0xffffffec]A[0xffffffa0][\r]u[0xffffffbb]C[0xfffffffd][0xffffffb9][0xffffff81]N[0xffffffa5][0xffffffe0][0xffffffa6][0xffffffc6][0xfffffff6][0xfffffff1]~[0x3][0xffffffe4][0xffffffc4][0xffffffad][0xffffffe4][0xfffffff1][0xc][0xfffffffe][0xffffffbc][0xffffff8b][0xffffffed][0x12][0x16]4[0x11][\r][0xffffffd3]A[0xffffff84]>Vj[0xffffffe5]F[0x14]rEVp[0xffffffad][0xffffffb0][0xfffffff9][0xffffffb8][0xffffffb0][0xffffff97]O7[0xffffffb4][0xffffffe4][0x17]d[0xb][0x1]T[0xffffffd8][0xffffff9e][0xffffff8e][0xffffffdd]YJ![0xffffff86][0xffffff9b]bli&[0xffffffac][0xfffffffc][0xffffff99][0x18],/[0xffffff91]X[0xffffff90][0xffffff99]BdAJ[0xffffffe2][0xffffff8e]PK"[0xffffffad]iu[0xffffffa6][0xffffffd8]+[0xffffffaa][0xffffffac][0xfffffff3]Y[0xffffff8c]([0x15]<[0xffffff97][0xffffff92][0xffffff9a][0xffffffc7]T0[0xf][0xffffff89][0xffffffaf][0xffffff96][0xffffffbb][0xffffffc8][0xffffffea][0xffffff84]8[0xffffffb2]/[0xffffffcf][0x7][0xffffffb5][0xffffffac][0xffffff91][0xffffffdb][0xffffffe0]j[0xffffffb0][0xffffffae][0xffffffb7]u9[0xffffff8c][0xffffffb6][0xffffffb3][0xfffffffc][0xffffffeb]H&[0xffffffa6][0xffffff9d])[0xffffffea]k[0xffffffcb]s[0xffffff96]0=)[0xffffffde]m[0xfffffff4][0xffffff87][0xffffff90]e[0xffffffe0]G[0x4][0x1e][\n]"
10:24:15.301 [main] DEBUG com.github.dockerjava.zerodep.shaded.org.apache.hc.client5.http.wire -- http-outgoing-2 << "[0xffffffed][0xfffffff3]z[0xffffff84][0xffffff89][0xffffff96][0xffffffd8][0xc][0xffffff98][0xffffff9d]n[0xffffffe6][0xffffffcf][0xffffffdc][0xfffffff1]|[0xffffff86][0xffffffc6][0xffffffdf]W:kB[0xffffffda][0x11][0xffffffa8][0x12]E[0xffffff89][0x6][0xfffffff5][0x1c][0x9][0xfffffff9][0xfffffff0][0xffffffd2][0xffffffc5]/i[0xffffffe7]=[0xffffffc8]M[0xffffff98][0xffffffd1][\r][0x17][0xffffffaa][0xffffff8d]Af[0xffffffe3]=e[0xffffffaa]=[0xfffffff2][0xffffff8a][0xffffff99]8[0xffffffce][0x1d][0xffffffb2][0x12][0xc]D[0xffffffb3][0xffffff9c][0x16]i[0xffffff88][0xffffffd8]c[0xffffffc2]R9[0xffffffce][0xffffffea][0xffffffb9][0xffffffae][0xffffffe0]k%`[0x6][0xfffffffd][0xfffffff6][0xffffffaf][0xffffffc5][0xffffff83]GD[0xffffffe8][0xffffffcb][0xb]}W5[0xffffffbd][0xffffffa0][0xffffffe4]Y[0xffffff9a]0>[0xffffff96][0xffffff81][0xffffffb3][0xffffffaa][0x17][0xffffffd5][0xfffffff5][0xffffffae][0xffffffa6][0xffffffb7][0xffffff98]|r[0xfffffff5].i2[0x16][0xffffffb8][0xffffffbe][0xfffffff3]J[0x1a][0xffffffaf],[0xffffffd8][0xfffffff4][0xfffffff5][0xffffff98][0xffffffa2]?[0xfffffffa]u}[0xffffffc0][0xffffffd4][0x10][0xffffffe7][0xffffffa2][0xffffffda][0xffffffae][0xffffffc0][0xffffffb4]J[0xffffffcd][0xffffff83]0[0xf][0xffffffe1][0xffffffbd][0xffffffcf][0xffffffec]/[0xffffffe2]9!pu[\r][0xffffffc0]n![0xffffffa6][0xffffffaa][0xffffffc3][0xffffffc9](5[0xffffff86]q*[\r]@[0xffffffb5][0xfffffff2])[0x13][0xffffffd8][0xffffffee]p[0xffffff92][0xffffffde][0xfffffff4]W[0xffffffb4][0xffffff8f]k-[0x18]f[0xffffffcc]t[0xfffffff6][0xffffffd9][0xffffffe7][0xfffffff0])[0xffffff99][0xffffffa9][0xffffff8f][0x1d][0x18]-]-[0xffffffa3][0xffffffbd][0x10]W[0xffffff91][0xffffffdb][0xffffffc4][0xffffffde][0xffffffe7]KnN[0xffffffb1][0xfffffffd]<*[0xffffffb9][0xfffffffc]T[0x12]fj[0xffffffa0]m[0xffffffd1][0xffffffa4][0xffffff9b][0xf]^"[0xfffffff4]s[0xffffffd0]D[0xffffffec][0xffffffed][0xffffffc9]{B[0xffffffe2][0xfffffff2][0xffffffba][0xffffffdc]r[0xffffff85][0xffffffa4][0xffffff89][0xffffffc4][0xffffffb0]a[0x1][0xffffffea]~[0xffffffc6][0xffffffac][0xfffffff5][0xffffffd8][0xffffffa4][0xfffffff0]h[0xffffff9d][0xffffffd1]d9[0xfffffff9][0xffffffc7]f[0xffffffef][0xffffffcc]qw[0xffffffe4][0xffffffc5]Z[0xe][0xffffffed][0x9][0xffffff8a][0x16]W5C{[0xffffffd1][0xffffffd8][0xffffffaf][0x1][0xfffffffe]9"[0xffffffe9][0x0][0xffffffb5][0xffffffb1]'x[0xffffffe9][0xffffff8d]GBD[0xfffffff0][0x12]0[0xffffffd3]1[0xffffff88][0xffffffa2][0xffffffc8]B[0xffffff87][0xffffffc4][0xffffff8a][0xffffffd6][0xfffffffb][0xffffffef][0xffffffcb]A'L[0xffffffbe][0xffffffad][0xffffffe7][0xffffff95][0x1d];[0xfffffff9][0xffffffe5]![0xffffff89][0xffffffe6][0xb][0xffffffb5][0xffffff93]Z[&[0xffffffdd][0xffffffe1]{n[0xffffffd0][0xffffff82][0xffffffab]Nl[0xffffffb9]([0xfffffff8][0xffffffbe][0x16]&[0xfffffff1][0xffffffca]Hz[0xe][0x7][0xffffffba][0xffffffe6][0xffffffb5][[0xffffffe1][0xffffff87][0xffffffc4][0xffffffe8][0xffffffe9][0xfffffff1][0xffffff86][0xffffffc8][0xffffff83]"[0xffffff8b]_[0xffffffae][0xffffffcd][0xffffffd3][0xffffff88]KJ[0xffffffd6]"^[0xffffffaf][0xffffffe4]f.[0xfffffffb][0xffffffdf][0xffffffd1][0xfffffff6][0xffffffba][0xffffff9a][0xffffffa0][0xfffffff0][0xfffffff1][0xffffffa7][0xffffffac][0xffffffe1]Z[0xffffffcf][0xffffffaf]"[0xffffff90]L[0xffffffba][0xffffffd5]fhrS[0x10][0xffffffa7]P[0xffffffd1][0xffffff9e][0xffffffb3][0xffffffb4]KG[0xfffffff5][0xffffffe8][0xc]CZcVp[0x6][0x19][0xffffff88][0xfffffff5][0xffffffc5][0xfffffff5][0x5][0x1d][0x14][0xffffffef][0x5]>[0x19][0xffffffce][0xffffff8b]T[0xffffffbc]#1[0xffffff94][0xffffff8e][0xfffffff3];[0xffffff97][0x9]4[0xffffffd4]9[0x14][0xffffff99]?d[0xffffff9d][0xffffffb6]&[0x10]'[0xffffffc8][0xffffffd3]~[0xffffff86][0x1d][0xffffffde][\n]"
10:24:15.301 [main] DEBUG com.github.dockerjava.zerodep.shaded.org.apache.hc.client5.http.wire -- http-outgoing-2 << "[0xffffffc7]b[0xffffffdf][0xf][0xffffffd1][0x19]v,Qq}[0xfffffff2][0xffffff80]+[0xffffff8e][0xffffff87][0xffffffd5]$xa7[0xffffffd4][0xffffffde].[0xffffffa6]g[0x10][0x9]A[0xffffffbb][0xfffffffe][0xffffffeb][0xffffff8b][0xffffffb7][0xffffffa8]H[0xf][0xffffff92]T[0xffffffaa][0xffffffeb]?6o[0xffffffc3]h;[0xffffffba][0xfffffff4]fO[0xffffff8e]Wk[0xfffffff8]Y[0xe][0xffffffd6]|V[0x1d][0xffffffbd][0xfffffff5][0xffffffaa]J[0xffffffaf][0xffffff94][0xffffff83][0xffffff9c][0xffffff81][0xffffffb9]O[0xffffff9a][0xe][0x18][0xffffff9a][0xffffffd3][0x1e][0xffffff89]'m[0xffffffe4]a[0xfffffff6]`T[0xffffff97]@[0xffffff8a]n[0xfffffff1]#[0xffffffc7][0xffffffbb][0xffffff94][0xffffff84][0xffffffb9].[0xffffff89][0xffffffe5]6Og[0xffffffe4][0xffffffba][0x12]k[0xffffffd9]!#[0x17].[0xffffffed][0xfffffff9][0xffffffbe][0xffffffc5][0x16]~[0xffffffbe][0xfffffff4][0xffffffcc][0xffffffd3]0Y[[0xffffffd4][0xffffffd1][0xffffffd9][0xffffffb1][0xffffffbc]v[0xffffffba][0xffffffca][0xffffffd6][0xe][0xffffffca][0xffffffaf][0xfffffff7]m[0xffffffaf][0xffffffb5]({m[0xffffffef][0xfffffff6][0xfffffffc]>[0xfffffff9][0xffffffe3][0x1f][\n]"
10:24:15.302 [main] DEBUG com.github.dockerjava.zerodep.shaded.org.apache.hc.client5.http.wire -- http-outgoing-2 << "|1[0xffffffb3]i[0xffffffaa][0xffffff84][0x19]!{07[0xffffffea][0xffffffa3].wFs[0xffffffa8][0xffffffa9]7[0xfffffff1]y[0xffffffe3][0xffffffad]r5[0xffffffde][0x9]J[0xffffffc5]L!K[0xffffffb6][0xffffffa6][0xffffffc1][0xffffffc6][0xffffffbd][0xffffffa7]G[0xfffffffb][0xffffffc8][0x10][0xffffffca][0xffffffb3][0xffffffb0][0xffffff86][0xffffffe8]6[0xffffff83][0xffffff99][0xffffff8f][0xffffffbb][0xffffffd8][0xffffffac][0x15][0xffffff83][0xffffffc6][0xffffffd5][0xffffffa8]c[0xffffffba][0xffffffd8][0x1f]9V!_[0xffffffd8]$[0xffffffa8]?[0xffffffb8]c[0x1e]s[0xffffffe7][0x7]w[0xffffffd8]}}H@6[0xffffffd2]C[0xffffffa1][0xffffffd2](L[0xffffffd5][0x6][0xffffffeb]1a[0xffffffc9][0xffffffba]`[0x19]+[0xffffff8c]![0xfffffff6]X[0xffffffb0][0xffffffda][0xffffff81][0xffffffd1][0xffffffe1][0xffffffba]A[0xfffffff3][0xffffff81][0xffffffb8]$&2[0xffffffd6]n[0xffffff92][0x7f][0x2]8[0xfffffffe]3h[0xffffff95]F[0xfffffff5][0xffffffb3][0xffffffd6][0xfffffff3][0xffffff80][0xffffffb4][0xffffffb5][0xffffff82]&Qz[0x1f][0xffffff9d][0xffffffb4][0xffffffa2][0xffffffb8][0xffffffb0]%[0xfffffff8][0xffffffe7]S'[0x1b][0xfffffff1]B[0xffffffcd]K1[0x16][0xffffff8f][0xf]u[0xc])[0x1e][0xffffffcb][0xffffff86][0xffffffa1][0xffffffde][0xffffffed][0xffffff82]G_[0xffffffce][0x7][0xffffffa2]T[0xffffffda][0xffffffd1][0xffffffe2]9[0xffffff80]8[0xffffff9e][0x1e][0xffffff9c]G[0xffffffbc][0xffffffa3]v*O[0xffffffee][0xfffffff3][0xffffffbc]Y[0xffffffa4][0xf][0xffffffc4][0xfffffff2][0xffffffd1]QD[0xffffffc0][0xffffff83][0xffffffbe][0xffffffd6]]T6][0x1e][0x15][0xffffffcf][0xffffff88]%[0xffffff9e]w[0xffffff86][0xffffff99][0xffffffa9][0x19][0xffffff84]v[0xffffff8e]S[0xffffff8c][0xf][0xfffffff1]9[0x3][0xffffffa1]Oe<5=[0xffffffd2][0xffffffc1][0xffffffe8]kn[0xc][0x11]f|[0xf]}t[0xffffffb2][0xffffffb2][0xffffffa1][0xffffffa8]i[0xfffffff1]R[0xffffff8f][0xffffffbf][0xffffffb7][0xffffffbf]8[0x3]6[0xffffff9d][0xffffffc8][0xffffff9c]U[0xffffffbc][0x1f][0xb][0xffffffc1][0xffffffda][0xffffffbb][0xffffffe3][0xffffffe8]#[0xffffff97]~[0xffffffa5][0xffffffa7]4[0xffffffb9][0xffffffe5]3'M[0xffffffec][0xfffffff6]Cl[0xffffffba][0xffffffda]-[0xfffffff9][0xfffffff7]X[0xffffffe9][0xffffffa2][0xfffffff5][0xffffff8f]lny[0x18][0xffffffab][0x1c][0xffffffdf][0xffffffe9]S[0xffffffdd]Q[0xffffffbf][0xffffff82][0xffffff82][0xfffffff6][0x4][0xffffffeb]X2[0xffffff84] [0xfffffff6]m<[0xffffffa6]T<[0xffffffab][0xffffffc6][0xffffff9a]'[0x8][0x1b][0xffffffa1][0xe]R;[0xffffffbc][0xffffffce][0x8][0xffffffef][0xffffffdb][0xffffff83][0xffffffb8])[0xffffff94][0xffffffbd]\[0xffffffdc][0x15]k[0xffffffa2]^[0xffffffb9]%[0x11]d[0xffffffb8][0xffffffb2][0xfffffff7][0xffffffd2][0x1a])[0xffffffbd][0xffffffec]+[0xffffffc8][0x1d]m[0xffffffde]w[0xffffff9e]j[0xffffffa6]7[0xffffff8e][0xffffff90][0xfffffff7][0x1c][0x1a][0xffffff89][0x7f][0xffffffa5][0xfffffffe]@[0xfffffffb][0xffffffd5][0xffffffcb][0xffffffe3][0xffffff8f][0xffffffe7][0xffffffd6][0x3]#w[0xffffff9f]l[0x5][0xffffffa0][0xffffff93][0xffffff88]\[0xffffffbe][0xffffff9c]T[0xffffff95][0xfffffffa][0xfffffff0]dh[0xffffff9a][0xffffffa3]q[0x15]\[0x16][0xffffffe2][0xffffffaf]W[0xffffffcf]3[0xffffffab]}[0xffffff8e]y8[0x9][0xfffffff7]6L[0xf]%f[0x1b][0xffffff93][0xffffffb0]#[[0xffffffb0][0xfffffff9]Q1[0xffffff9f][0x12][0xffffffe1]9kQ[0xffffffa5][0xffffffd7][0xffffffa4]H[0xffffffbc][0xffffff9c]^/[0xffffffd3][0x16][0xffffffdb]@D+Y[0xfffffff2]\[0xffffffc7][0x7][0xffffff99]pL[0xffffffb4]3t[0xffffffdd]m[0xffffffb9]X/[0xffffff9c]a>[\n]"
10:24:15.302 [main] DEBUG com.github.dockerjava.zerodep.shaded.org.apache.hc.client5.http.wire -- http-outgoing-2 << "jm[0xffffffb3]>[0xffffffce][0xffffff9d][0xffffff8f]}3N[0xffffff8d]>[0xffffff8e][0xffffff86]u[0x1c](RDK[0xffffffb8][0xffffff8c][0xffffffab]c[0xffffffee][0xffffff9a]2[0xfffffffd]0G[0xfffffff1]=[0xfffffff0][0xffffffed]hUg[0xffffffcf][0xffffff83][0xffffffe4]h(\;[0xffffffb7][0xffffffbb]w[0xffffffd4]I[0xffffffd5])[0xffffff8f]j[0xffffffcd]"[0xe]Y[0xffffffca]f[0xffffff89][0xffffffea][0xffffff92][0xffffffb5],[0xffffffe8][0xffffffc2][0xffffffb8]Y[0xffffff9b]om[0xffffffc3]Q)2[0x3]C[0x1b]v[0xffffffd1][0xffffffdd];[0xffffff84]][0xffffffe6]>[0x6])[0xffffffc8][\r]?w[0xffffffb8][0x5][0xfffffff1][0xffffffd3]3[0xffffffab]4[0xfffffffb]P>[0xffffffa0][0xffffffb6][0xffffffc1][0x1c][0xffffffa5][0xffffffff][0xffffffec][0xffffffb0][0xffffff94][0x6]Z[0xffffff8c][0xffffffb9][0xffffffb8][0xffffffea]s/[0xffffffa3]6[0x1c]'[0xffffff8d]k.-n=[0xffffff98]V5[0xffffffd2]=U[0xffffffb9]v[0xffffffa8][0xffffffd2];5[0xffffff91]G[0xffffffd8][0xffffff83][0xffffff87][0xfffffff5][0x11] [0xffffffa2][0xffffffdf][0xffffffb2][0x7f]2[0xffffffa7]ie[0xf][0xffffffde]{w[0xffffff80][0xffffff86][0xfffffff5][0xfffffff6]E[0xffffff99][0xfffffff0][0xffffffab][0xfffffff0][0xffffffa0][0xffffffa8][0xffffffb7][0xfffffffb]J[0xffffffd6][0xffffffab]78K[0xffffffaf]>[0xffffff94]Y[0x7f][0x8] ![0x7f]'[0xffffff93][0xffffffcf][0xffffffdb][0xffffffcc][0xffffff89]1|[0xffffffec][0xffffffdd]~clb[0xfffffffe]![0x7f][0xffffffa9]fj[0x1f][0xffffffef][0xffffff90][0xffffffa2]B[0x5][0xffffffe6]f[0xfffffffe][0x11][0xffffff97]l[0xffffff93][0xffffff81][0x3][0xfffffff9]H[0xffffffcc]y[0xffffffe0][0xffffffc0][0xffffffd1]T[0xfffffff8]gV[0xffffffa1][0x15]r[0xffffff9b][0xffffffc2][0xffffffba]X5[0xffffffef]&i[0xffffffbe][0xffffff8f][0x19][0xffffffed][0xffffffc4][0xfffffffb][0xffffff91][0x6][0xffffffad][0xffffff9f]7[0xffffff9d]>[0x19][0xffffffe3][0xffffffb0][0xffffffe2]X1*[0xffffffbb][0xffffffbd][0xffffff8c]g[0xffffffef][0xffffffdf][0xffffffca]j[0xffffff93][0xffffffd3][0x1d][0xffffff92][0xffffff95][0xffffff95]!v:[0xffffff83]2[0xffffffd5]K)M+@[0xffffff86][0xffffffdf]a[0xffffffeb][0xfffffffe][0xffffff88][0xffffffbc]0[0xffffffb2]O[0xffffffb4][0xb][0xffffffa1]=[0xffffffbd][0xffffffe2][0xfffffff6][0xffffffc1][0xffffffb8]k[0xffffff98]=[0xe][0xffffff8a]h[0xffffffda][0xffffffdf][0xffffffe4][0xffffffee] [0xffffffde][0x13][0x10]D+)A[0xffffffdc][0xffffffac]c$[0xffffffeb][0xffffffbd]g[0xfffffff0][0xffffff98][0xffffffcd][0xffffffce][0xfffffff6]@[0xffffff81][0xffffff82]Wk[0x3]S[0xffffffa8][0xffffff8b][0x1][0x18][0xffffffe4]|[0xffffffba][0xfffffff7]p[0xffffffd2][0x5][\r]Q[0xffffffb3][0xffffff92]I[0xffffffca]ff[0xffffffe2]Xz[0xffffff83][0xffffff90][0xffffffed][0xffffffd8][0xffffffc8][0x17]W\[0xffffff85][0xffffffef][0xffffffe9][0xffffffda][0xfffffffa]}[0xffffffad]h[^[0xffffff87][0xffffff94][0xffffffa3][0xffffff85][0xffffffd9][0xffffff84][0xf][0xffffffed][0xffffffbf])I[0xffffffb6][0xfffffff2][0xffffffac] [0xfffffffe][0xffffff88]Xd[0xffffff8e][0xffffffb2][0xffffffa9]h6[0xffffffc6][0xffffff8a]Z.[0xfffffff4][0xffffffb8][0x13][0xffffffe1][0xffffffde][0x7f][0xffffffd4][0x1c][0xffffffd5]>[0xffffff8b]([0xffffff94].[0x9]Ip[0xffffffb5]B[0xffffffba]}y(W[0xfffffff5]+[0xffffffa5][0xffffffa6][0xffffffae][0xffffffc6])[0xffffffc7]~[0xffffff83]{[0xffffffba][0xffffffff][0xfffffff3][0xffffffe9]VB[0x9]z[0xffffffee][0xffffffdd]EuIZ[0xffffffa4]d[0xffffffc5]M E[0x1a][0xffffffd9][0xffffff8e][0xffffffed][0xffffff8b]v[0xffffff9c]`[0x16]Lx5[0xffffff9f][0xffffffc5]I[0xffffffbf]][0xc])[0xffffff9f][0xffffff94]r[0xffffff9e][0xffffffa1]#X[0x1a]K&[0xffffffdb][0xffffffde],S[0xffffffa0]0q"[0xffffffdb][0xffffff9f][0xffffffc2][0xffffffd7]o[0xfffffff6][0xffffffa9][0xffffffe8]N[0xffffffda]z[0xffffffed][0xffffffd4]B2[0xffffffa1][0xffffffc8][0xffffffbc]_[0xffffffd0][0xffffffcd]N[0x14][0xfffffffd][0x19]v=[0xffffffa5]N[0xffffff9f][0xffffffc5]S[0x1][0x2]/"R[0x5][0xe]P8[0xfffffff9][0xffffffcb]b[0xffffffaf]2[0xffffff8f][0x19]J[0xffffffc6][0xb][0xffffffc6]R"[0xffffffbf][0xe]p=[0xffffffc1]D[0xffffff88][0xffffffaf][0xffffffe1][0x3]f<[0xffffffb7][0x18][\r][0xffffff8a][0xfffffff0][0xffffffa9][0xffffffb9][0x3]~[0xffffffbb][0x8]:Nt[0xffffffc4][0xffffffe6][0xffffff9e]Ed[0xffffffd5]%[0xffffffbf]q@=#[0xfffffff7][0xffffff86][0xfffffffd]D[0x8][0x0][0xffffffa8][0xffffffa6][0xffffff91][0x0] [0x7][0xffffff80]R[0xfffffffa][0xffffffad][0xffffffba]E[0xc][0x0][0xffffff80]d[0xffffffd1][0xffffffcc]^I[0xffffffbc][0xffffffdf]U[0xffffffec]h[0xffffff97][0xffffff99]z[0xffffffb5][\r][0xffffffcf][0xffffffbe][0xfffffff1][0x4][0x0][0xffffff91]7g[0xffffffc5][0xffffffc9]_[0x11][0xffffff9d][0x8][0x1e][[0xffffff8d]][0xffffffea]gm[0xffffffcc][0xffffffcc][0xfffffff6][0xffffffa1][0x11][0xffffffec]V[0xffffffde][0xffffffac][0xffffffb9]Xf#[0xffffffe4][\r]aKO[0xffffffb8][0xffffffe9][0xffffffee]*[0x7]I[0xfffffff0]8?[0xffffffc4]n[0xffffffa6][0xfffffff3][0xffffffab][(OV8[0xffffffc7][0xffffff93]/[0xffffffc3]9>s[0xffffff80]z[0x16][0x5]}[0xffffff93][0xffffffeb][0xffffffda]([0x1d][0x16]=[0xffffff89][0x8][0xffffffd5][0xfffffffb][0xffffffe4][0xffffff90]][0xfffffff2]][0xffffffcd]|[0xffffff9a][0xffffffe9][0xffffffb6][0x0][0xc]|-[0xffffff99][0xffffffd3][0x1d],[0xffffff82][0xfffffffb][0xffffffe2]C[0xffffff9e][0x1f][0xffffffa5].D[0xffffffca]uq[0xffffffdf][0xf]/[0xffffffd7][0xffffffe6][0xffffffaa][0x15][0xffffffde][0xffffffc2][0xffffff8c]<[0x0][0x0][0xffffffa0][0xc][0x9][0x0][0xffffffec][0x0]([0xfffffffb][0xffffff9f]+[0xffffff83] P[0xffffff99][[0xffffffbf][0xffffffab][0xc]B[0xffffff8d][0xffffffce][0xffffff99][0xffffff84]B[0xffffff9c][0xffffffd9]][0x5][0x0][0xffffff8c][0xffffff86][0xfffffff9][0xffffff89][0xffffffc8]1fs[0xffffffab][0xfffffff6][0xffffffe1]<#[0xffffffc8][0xc][0xffffffb7][0xffffffe9][0x18]1[0xffffffda]3.[0xffffffa6][0xfffffff4][0xffffffb3][0xffffffec]Z[0x0][0xffffffcb]S(b[0xfffffff6]-[0xffffff9f]g[0xffffffbb]?[0x1]@[0xfffffffc]@d[0xffffff9a]}XW[0xffffffa1][0xffffffe8]G[0xffffffcd][0x1d]T[0xffffffb1]}[0xffffffba][0xffffffe1]wY[0xffffffe7]n[0xffffffe3]l-[0xffffffe8][0xffffffbb][0xffffff8b][0x0][0x0]x"[0x1][0xffffff80]"[0x0][0x15][0xfffffff3][0xffffffdb][0xffffffe0]T[0x0][0x0]H@en[0xffffffff][0xffffffae][0xffffffa0][0xffffffc8]Q[0xffffffbf][0xffffffb2][0xffffff9a]<c[0x10]x[0xffffffbe][0xffffff9a][0xffffffcd][0xffffff81]F[0xffffffa8][0xffffffff][0xffffffb2]_[0xfffffff9][0xffffff93][0xfffffff0][0xffffffb1][0x8][0xffffff8f]C[0xffffffb9][0x15][0x14])[0x0](io&CC[0x7f][0xffffffbd][0xffffff82][0x17][0xfffffff0][0xfffffff7][0xffffffff][0xffffffd1][0xffffff81]58[0x12][0x0][0x0]m$[0x0]X[0x3][0xffffffa0][0xffffffaa]~.R[0xffffff9b][0x15]M=[0xfffffff8][0xf]eF[0xffffff99][0xffffff8c]2[0xffffffb4]z[0x5]J[0xfffffffe]b[0xffffffac][0xffffffa5]L[0xffffff89]{[0xffffffd8]}[0xffffff9e]$[0xffffffe9][0xffffffb1]u[0xfffffff6][0xfffffffd][0xffffffd7][0xffffffbd]%[0xffffffe2][0x14][0xfffffff9][0xffffff80]#rW[0xffffffb8]Z[0xffffffa9][0xffffff92]r[0xffffffbe][0xffffffac][0xffffff8f]|[0xffffffc4][0xfffffffa][0xffffff8a][0xffffff98][0xfffffff1][0xffffffde]6c{[0xffffff9a]r[0xfffffffe]m[0xffffffa3][0x8] [0xffffffca][0xffffffa6][0xffffffe9][0xffffffdd]Z[0xffffffe3][0xffffff9f][0x14][0xffffffb5][0xfffffff2][0xfffffff9][0xffffffe3][0xfffffffb]f[0xffffff93][0xffffffac][0xffffff8a]6[\n]"
10:24:15.302 [main] DEBUG com.github.dockerjava.zerodep.shaded.org.apache.hc.client5.http.wire -- http-outgoing-2 << "[0xffffffbb]9;[0x2][0xffffff91]%p[0x1]7[0x7f][0xffffffc3]3y[0xffffffc4]a{[0xffffffd6])[0xffffffdd][0x10][0xffffffe5][0xffffffbd][0xffffffa9]o[0x3]q3[0xffffffa0][0x0][0xffffffa0]`D[0x15]^[0xffffff92][0xffffffb8][0xffffff8c][0xfffffff1]mn`[0xffffffbe][0xfffffffc]C[0xffffffc5][0xffffffbc][0xffffffe3][0xffffffd6][0xffffffea]@o[0xffffffc5][0xffffffa0][0xffffffed][\n]"
10:24:15.302 [main] DEBUG com.github.dockerjava.zerodep.shaded.org.apache.hc.client5.http.wire -- http-outgoing-2 << "[0x1b][0xffffffe0]V|[0xffffffd4]&S6[0xffffffdb][0xffffffcc]KJ[0xffffff80]h[0xffffffed]"[0xffffffdc][0xffffffe4][0x1b]7[0x14]}[0xffffffae][0xffffff94][0xffffff8c][0xffffffff][0xffffffb9]L[0xffffffac][0xffffff82]p[0xffffffed]d[0xfffffff1][0xffffffc7][0xfffffffd]B[0xffffff87]-h[0xffffffdf]([0xffffffe8][0x1d]T[0xffffffbc]zA[0x16]L[0xfffffffd][0xffffffa8][0xffffff94]D[0xffffffab][0x12][0x0][0xffffff80][0x3]$[0x0][0xffffffb0][0x0][0xffffffa0]F[0x7f].[0x17]3[0x10][0xffffffcd]B[0xffffffff][0xffffffd5][0xfffffff8][0xffffffea][0xffffffd4]"[0xffffff8f][0xffffffc4]'Gc[0x10][0xffffffa8][0xffffffc7][0x4][0xffffffcf][0xffffff83]W[0x1f][0xffffffb0][0xffffff86]49W[0xe]7[0xffffffb5]B[0xffffffc0][0x11][0xfffffff8]j[0xffffffad]qc[0xffffffa7]<[0xffffff82][0x0][0xffffffe6][0x10][0xffffff80][0xffffffa6][0xffffffb2]>[0xffffffb0][0xfffffff1]X\[0xffffff8e][0xffffffcf]f\[0xffffffad]][0xffffff87][0xffffffe2][0xffffffa0]r[0xffffffd0][0xfffffffb][0x14][0xffffffc6]2B[0xffffffe5][0xffffff87][0x18]X[0xffffffda][0x16][0x1d][0xffffff9e][0x0][0x0][0x0][0xffffff9c][0xffffff91][0x0]@[0x1b][0xffffff80]:[0xfffffff9][0xffffffd9][0xffffff86][0xffffff94][0xffffffa1][0xffffffb2][0x1e][0xfffffffd][0xffffffce][0xffffff86][0x1c][0xffffffb9][0x5][0xffffffcc][0xffffff83][0xffffff88].[0xffffffae][0xffffff80][0xffffffa2]Z[0x18][0xffffff9a][0x6][0x11][0xffffffca][0xffffff8f]xMNe[0xffffffef][0xfffffffd][0xfffffff7][0xffffffc1][0xffffffac][0xffffffe9]m[0xffffffc4][0xffffffd7][0xffffffe9][0x0][0xffffffb8][0x5] [0xffffffc6][0xffffff98]E[0xffffffa9][0xffffff95][0xffffff9b]MF[0xffffffcf][0xffffffe8][0xffffff9d]^b[0xffffffe4][0xfffffff8][0xffffffad]/[0xffffffa5][0x1c]ls[0xe][0x0][0x0]&H[0x0][0xffffffa0][0x0]@[0xffffffe3][0xffffffff]\~&[0xe][0xffffff95][0xffffffc5][0xfffffff2]?Z[0xb]4[0xffffffe3][0xffffffcb][0x6][0x13][0x1e][0xffffffdf][0xffffffdb][0xffffffc7]FL#su[0xffffffe9][0xffffffd1][0xffffffa1][0xfffffff8]P[0xffffffbc][0x0][0xffffffa0]I[0xfffffff8][0xffffffcd]Z[0xffffffbc]`m[0xfffffff4][0x7f][0xffffffeb]A[0xffffffe6][0xfffffff4][0xffffffcd]U[0x1f]#[0x1][0xffffff80][0x1e][0x0][0xffffffcd][0xfffffffd]s[0xffffffd9][0xffffff9e][0xffffffba]h[0x1a][0xffffffc7][0xffffffff]l,[0xffffffff][0xffffffda]a9[0xffffff86][0xffffffb2][0xffffffa1][0xffffffb6][0x1c][0xffffffb5][0x19][0xffffffef][0xffffffcf]S[0xffffffda][0xffffffba][0xffffffc2]f[[0xffffffe8]GA[0xffffff86][0x0][0x1b]=_[0xffffffe5]c[0xffffffdc][0xffffff8c]:"[0xffffffaf][0xffffff97]:,[0xffffffcb][0xffffffd5][0xffffffdd][0xffffffbf]][0xffffff8d][0xffffff98][0xc][0x0][0xffffff80]9[0x12][0x0][0xffffffe8][0x2][0xffffffd0][0xffffffda]?[0xffffffeb]HM4K[0xffffffed][0xffffffdf]u[0x14][0xffffff8c][0xffffff8f]C[0xffffffb1][0x8]<[0xffffffbc]k[0xffffffcc][0xf]?[0xffffff84]5G[0xffffff99][0xffffff86][0xe][0x7f][0x1e][0x18][0xfffffff9]P[\r]=7[0xffffff8f][0xffffffae][0xffffff87][0xffffffb0][0xfffffff2]E6[0x0]/`I[0xffffffb8]&[0xffffffc3][0xffffffea]WB>[0xffffffae]>%[0xffffffa8].G[0xffffffe6][0xfffffff0][0xffffffa3]3R[0xf][0x9][0x0][0x0]fH[0x0][0xffffffa0][0xc]@{[0xfffffffd][0xffffffac][0x16])[0xffffffa8],[0xffffffc7]_[0xffffffd5][0x2]*1[0xffffffa1][0x5]`|H[0xffffffcb][0xffffff91]O{[0xffffffc7][0xffffffa4][0xffffff91][0xffffffc2][0xffffffa2]y.{ZI[0xc][0x5]/[0xfffffffc][0xb][0xfffffffc][0x1]A[0xffffffad][0x1d][0xffffffc4]:h[0xffffffb9][0xe][0xffffffd4]:[0xfffffff9][0xffffffdf]:e[0xffffffe2]`[0x2][0x0][0xffffffa0][0xfffffff3][0xf]m[0xffffffa4][0xfffffffd][0xffffffa2][\r][0xffffffe7][0xffffffbf]H[0x1b][0xffffffa1][0x0]t[0xffffffc3][0xffffffcf][0xffffffda][0xfffffff0][0x15]M[0xfffffff3][0xfffffff8]?i[0xffffffe3][0xffffffdf]vR[0xffffff81][0xfffffff7][0xffffff9e][0xffffffe7]4Pds[0xffffffb5]9ok[0xffffffd8][0xb][0xffffff86][0xffffffb2].y[0xffffff95][0xffffffb7][0xffffff9a];[0xffffff85][0x5]{[0xffffff88][0xffffff80]^[0x6][0xffffffbb][0xffffffa0]V[0xffffff8d][0xffffffeb][0xffffffdb][0xffffffc6]{]E[0xffffffae][0x16][0xffffff98]+[0xffffffde][0xffffffba][0xffffffe6][0xffffffa0]@Jf[0x16]&F[0xffffffa3]a[0xffffffe2]W[0xffffffe3][0xffffffed]kc[0xffffff8c][0xffffff85][0xfffffff4]K[0xffffffdd].[0x6][0x7][0xffffffcd],[0xffffffaa][0xffffffac][0x0][0x0][0xffffffc4]"[0x1][0xffffff80][0xe][0x0]=[0xffffffff]sdW[0x15][0xffffffcd]J[0xfffffffc][0xffffffdf]([0xffffff8e][\n]"
10:24:15.302 [main] DEBUG com.github.dockerjava.zerodep.shaded.org.apache.hc.client5.http.wire -- http-outgoing-2 << "[0xffffffc6][0x2][0xffffff80]J$[0x8]!b[0xffffff86][0xffffff82]"u[0x5]+b[0x9][0x1a][0x12][0xfffffffe]Vr[0xffffffcc][0xffffffd9]a[0xffffffe2]#[0xffffff8f][0xfffffffb]-[0xfffffffc][0xfffffffe][0x3][0xffffffd9][0xfffffffb][0xffffff9f][0xfffffff5]&[0xe][0xffffff95]U[0xfffffffd][0xffffffc7][0xfffffff4]&B[0x1a][0x3][0xffffffc0][0x7f] [0x1e][0x2]8[0x15]x[0xffffffc2]"[0x7f][0x13][0xe][0xfffffff3]U[0xffffffad][0xfffffff5][0x7][0xffffffb2][0xffffffca][0x0][0xc][0xffffffe8][0xffffffe7][0xffffff80]+[0x5][0xffffff95]U[0xfffffff3][0xffffffa7][0xffffff94][0xfffffff6]v[0xffffff8a][0xffffffbe][0xfffffffc][0xffffffb8][0xfffffff5][0xffffff87]I[0x4][0x3]0b?[0xffffff87]\o[0xffffffd1][0xffffffb4][0xffffff86][0xffffffff][0xffffffbd][0xffffffde]T[0xffffff98]R[0x0][0xffffffa7][0xffffffce]qJ[0xb][0xffffff8e][0xffffff93][0xffffff84][0xffffffbc][0xffffff83][0xffffffe2]5[0xc]/'aN![0xffffffd4][0xfffffffb][0xffffffaa][0xffffffd8][0xffffffe7]z:0[0xffffffd3][0xffffff87]Q-E[0xc][0xffffff87][0xffffffaf][0xffffffc9]e[0xffffffc8][0x7][0xffffff8e]=[0xffffff9b]zd}[0xffffffaa]%[0xffffff9f][0xffffffca][0xffffffd7][0xffffffe4][0xffffffe5][0xffffff98]+_[0xffffffea]}[0xffffffca][0xffffffe7]x[0xffffffa1][0x11][0xffffffaf][0xe]S[0xfffffff8][0xffffffd5][0x1f][0x0][0xffffff80][0xffffffe8][0xffffffef][0xffffffde][0x6]c[0xfffffff2][0xffffff8b][0xffffffb7]M[0xffffffff]eJ[0xffffffbb]B<[0xffffffb1]:[0x12][0xfffffffd][0xffffffe1]mJ[0x0]L[0xfffffff0][0xffffffcf]Z[0xffffff93][0xffffff84][0xffffffca][0xffffffba][0xfffffffc]3Z#[0xffffffc8]}[0xfffffffe]A[0xfffffff4][0xffffffdb][0xffffffd3][0xfffffff1][0xffffffc9]w[0xffffff93][0xffffff80])[0xfffffffc][0xffffffc5][0xffffffd9][0xffffffae][0xffffffff][0xffffffa4][0xffffffb3])[0xffffffff]0[0x9][0x11][0x0][0xffffffa6][0xffffffeb][0xfffffff7][0x15][0xffffffcb]i[0xffffff8b][0xffffffff]k[0xffffffa5][0xfffffffd][0xffffffab]bY[0x1b][0xffffff80][0xffffffd9][0xfffffffc][0x19]pe[0xffffffd1]L[0xfffffff2][0xffffffbf][\n]"
10:24:15.303 [main] DEBUG com.github.dockerjava.zerodep.shaded.org.apache.hc.client5.http.wire -- http-outgoing-2 << "p$[0xffffffc4]][0xffffffff][0x7f]>[0xb]`[0xffffff91][0x7f][0xffffffef]#[0xffffff99][0xffffff82][0x7f][0xffffffd2]GZ~[0x0][0xffffffa2][0x0][0xffffffc0]2[0xfffffffe][0x1e][0xffffffeb]L[0xffffffe1][0xffffffbf][0xc]kX[0xffffff85]_[0xffffffaa][0xffffffc3]i[0xfffffffe][0xb][0xffffffac][0xfffffffd][0xffffffff][0xffffff89]5[0xffffffac][0xffffffdd][0xffffffcf][0x11]IY4S[0xffffffec]/[0xffffffc4]:[0xffffffe0]_XG[0xffffffff][0xffffff82][0xffffffb5][0xffffffd1]_[0xffffff87][0xfffffff5][0xffffffdb][0xffffff9f][0xffffffe3][0xffffff91][0xfffffff8][0xffffffaf]E[0xfffffff7][0x7f][\n]"
10:24:15.303 [main] DEBUG com.github.dockerjava.zerodep.shaded.org.apache.hc.client5.http.wire -- http-outgoing-2 << "[0xffffffeb][0xffffff91][0xffffff9f][0xffffff83][0xffffffd1][0xffffff8f]J[0xfffffffc][0xffffffff][0xffffffde][0xffffffae]a[0xffffff8f][0x7f][0xffffffb1][0xffffffeb][0xffffffe7][0x7f][0xb][0xffffffd6]p[0xffffffb8][0xffffffbf]`][0xfffffff0][0x17][0xffffffc5]~[0x5][0x0][0xffffff8e][0xffffffeb][0x17][0xffffffbb].[0xfffffffa][0xffffff8b][0x1e][0xffffffd8]"[0x0][0xffffffdc][0xffffffe3]_[0xffffffec][0xfffffffa]?[0xffffff94][0xfffffff4][0xffffffff]A[0xffffffbb][0xffffff86][0xfffffff3][0xfffffff8][0x5][0xffffffeb][0x7f][0xffffffcb][0xffffffa1][0xfffffffe][0x1a][0xffffffac]S[0x7f][0xffffffc1]z[0xffffffeb]/[0xffffffb3]k[0xffffffb8][0xfffffffa]_[0xffffffb0][0xfffffffe][0xffffff9f][0x13][0xffffff9b][0xffffffff][\n]"
10:24:15.303 [main] DEBUG com.github.dockerjava.zerodep.shaded.org.apache.hc.client5.http.wire -- http-outgoing-2 << "[0xffffffeb][0xffffffd9]_[0xffffffb0][0xfffffffe][0xf]y[0xffffffcd][0x1f][0xffffffb4]k[0xffffffb8][0xffffffbb][0xffffffdf][0xffffffc7][0xffffff90][0xffffffff])e[0xfffffff8][0xb][0xffffffb0][0xffffff86][0xffffffa7][0xfffffff8][0xffffff85][0xffffffd3][0xfffffffc][[0xffffff8a][0xfffffff0]_[0xffffffdb]5[0xffffffbc][0xffffffc8][0xffffffef]c[0xffffffc8]_[0xffffff96][0x16][0xffffff88][0x0][0xfffffff0][0xffffffc6][0xffffffbf][0xffffff8f]![0xffffffff][0xffffffe7][0xffffffb4][0xffffffe0][0xffffffff][0xffffffd5][0xffffffae][0xffffffe1][0xffffff83]~o[0xffffffd7][0xffffffff];[0xffffffea][0xffffffff][0xffffffc7][0xffffffb1][0xffffffce][0xffffffff][0x5][0xffffffeb]?[0xffffffc8][0xfffffffb][0xffffffff][0xffffff80]][0xffffffc3]w[0xfffffffe]M[0xffffffa4]?[0x1][0xffffff80][0xffffffdf][0xfffffff8][0xffffffd9][0xffffffae]#[0xffffffff]+[0xffffffd2][0xffffffaf][0xffffffa8][0x1b][0xf][0xfffffff0]^?[0xffffffe1][0x1d][0xffffff8c][0x19][0xffffffa5]r[0xffffff98]|[0xffffffaa][0x18][0xffffffd8][0xffffffb2][0xffffffa7][0xffffffaa][0xffffffda][0xffffffec]7k[0xffffff99][0xffffff86]W[\n]"
10:24:15.328 [main] DEBUG com.github.dockerjava.zerodep.shaded.org.apache.hc.client5.http.wire -- http-outgoing-2 << "[0xfffffff1][0xf][0xffffffe0][0x2]{8eZ`[0xfffffff4]3[0x7f][0xffffffe2][0xffffffde]x#M[0xffffffed][0xffffff98][0xffffff8e][0x5][0x1d][0xffffffe1]s[0x3]`[0xffffffe9][0xffffffbc][0xffffffd5][0xfffffff0][0xffffffee]mpL[0x19][0xffffffd0][0xffffff97]$d[0xffffffdd][0xffffffe2];[0xfffffff0]u[0xffffffab][0xffffffa1][0xffffffda][0xffffffa2]m[0xfffffffa][0xc][0x13]+[0xffffffd4]V[0xffffffb8]EK[0x7][0x0]@[0xfffffff6]w6[0xffffff89][0xffffff80][0xfffffff8][0xb][0xffffff9b][0xfffffffc][0xffffffeb]R[0xffffff80][0xffffff99]Q[0xffffff9f][0xffffffa6][0x1a][0xffffffff][0x1f]lR[0x1]@`[0xfffffff8][0xffffffdb]r[0x0][0x4][0xfffffff9][0xffffff9f]u[0xfffffff8][0xffffffa7]s[0xffffff80][0xffffffaa][0x7][0xffffffba]{[0x15][0xffffffe6]?r[0x0][0x11][0x0][0xffffffc1][0xffffffe6][0x17]:[0xfffffff9][0xffffffbf][0xffffffcf][0x1]~v[0x19][0xffffff84][0xffffffa8]_[0xffffffc2][0xffffffd3]_[0xffffffc6][0xffffffdf][0x7f][0xffffffe7]2[0x8][0x15][0xffffffbf][0xffffffc0][0xfffffffd][0xffffffa7][0xffffffc8][0xfffffffb][0xffffffef]\[0x6]a[0xffffffe8][0xffffff97][0xfffffff0][0xfffffff4][0xffffffd7]Qw[0xffffff84][0xffffffa3]_[0xffffffc2][0xffffffd3][0xffffff9f][0xffffffa3][0xffffffee][0xffffff88]8[0xffffffff]W[0xffffffa8];"[0xffffffc7][0xffffffdf]F[0xffffffdd][0x11][0xffffffb5][0xfffffffe]6[0xffffffea][0xffffff8e][0xffffffe8][0xfffffffe][0xffffff97]R[0xfffffff7][0xffffffef][0xb]B?c[0xfffffffd][0xfffffff7]Pw[0xffffffc4][0xffffff8f][0x7f][0x1b]uG[0xffffff9c][0xfffffff9][0x5][0xffffffeb][0xffffffbf][0xffffff8e][0xffffffba]#[0xffffffde][0xfffffffc][0xf]?[0xffffffa2][0xfffffffd][0xffffffef][0xffffffed][0x1a][0xffffff89][0xfffffffc][0xffffff97]4[0xffffffe9][0xffffffef][0xffffffa1][0xffffffee]H[0xffffffc2][0x7f][0x1b]uG2[0xfffffffc]%M[0xfffffffa][0xffffffeb][0xffffffa8];R[0xffffffe0]/i[0xffffffd2][0xffffff9f][0xffffffa3][0xffffffee]Hy[0xffffffff]W[0xffffffa8];R[0xfffffffb][0xffffffdf]F[0xffffffdd][0xffffff91][0xffffffd6][0xffffffff]&[0xffffffea][0xffffffae][0xe] #[0xfffffffc]l[0xffffffd7]r[0xffffffff][\r]u'[0x12]r[0x2][0xfffffff9][0xfffffff3][0xffffffb8];[0x8][0xffffffbe])u:[0x1f]2[0xffffffb6][0xc][0xffffff87]\[0xffffff86]2[0x7f][0xffffff8b][0xffffffdb][0xfffffffa]H[0x0][0xfffffff0][0x4]@~[0xfffffff8]3[0xfffffffc]*[0x7f]![0xffffff9b]gy}[0xffffffc5][0xffffff9e][0x3][0x0][0xffffff80][0xffffffe9]w[0xffffff90][0xffffff90][0xffffffe5][0xfffffffe]6:[0xffffff8f]l[0xfffffffd]7[0xffffffad][0xfffffff2][0xffffffcb][0x3][0xffffffc8][0xffffff91]?[0xffffffe3]/[0xfffffff6][0xffffffdf][0xffffffd0]y[0xffffffe8][0xffffffae][0xffffffc3]+[0xffffffd0]T[0xffffffee][0xfffffff6][0xffffffba][0x18][0xffffffee][0xffffffb3][0xffffffd9]oF[0xffffffa3][0xfffffff5][0xffffffdd][0xffffffec][0xffffff91][0xffffffcb][0x7f][0xffffffa1])[0x7f][0xf][0xffffffb3]G[0x1e][0xfffffffc][0xffffffdb][0xffffff98]=[0xfffffff2][0xffffffc1]/4[0xffffffe5][0xffffffaf]b[0xfffffff6]^[0x0][\n]"
10:24:15.328 [main] DEBUG com.github.dockerjava.zerodep.shaded.org.apache.hc.client5.http.wire -- http-outgoing-2 << "[0xfffffff6][0xffffffcf]![0xffffffc6][0xfffffff1]_[0xffffffcc][0xffffffde][0xfffffffc][0xfffffffe].[0x13][0xfffffff3][0xf][0xffffffc1]n[0x17]x[0xffffffd0][\r][0xffffffdb]7[0xffffffea][0xffffffb1]J[0x12][0xffffffe7][0xffffffb7][0xffffffab]32[0xfffffff2][0xffffffe2][0xffffffd0]K[0xffffffaa]]n[0x7][0xffffffd3]}[0xffffffa3][0xffffff9a][0xffffffee]KT[0xffffffc6]H[0xc]y[0xffffff9f][0xfffffff2]+[0x4]+-[0xffffff83]9[0xffffffc5][0xffffff97][0x1c]g/[0x8]A[0xffffffcc],[0x12][0xffffffac]L[0x5]D0[0xffffffb2]$[0xffffffce][0xffffffdf][0xffffffe0][0xb][0xfffffff9][0xffffffbe][0xffffff82][0xffffff8f][0xffffffc2][0xfffffffe][0xffffffb3]w[0xfffffffc][0xffffff95]+[0xfffffff8]H[0xffffffe8][0xfffffff9]0o[0xfffffffc][0x7f][0xffffffac][0xffffffe0]+[0x1]([0x1a][0xffffffbf][0xffffffac][0x5][0xffffffff])[0xfffffff6]N[0xffffffd0][0xffffff86]k[0x7][0xffffffde][0xfffffff8][0xffffffe7]Z0[0xffffff8a][0xffffffdb]/[0xe][0xfffffff2][0xffffffe7][0xfffffff8][0xfffffffb][0xffffffbf][0x1e][0xffffffbc][0x1a][0x0]J[0xffffffd2][0xffffffcf][0xe]"[0xffffffff]/[0xfffffff2]np[0x7f][0x17][0xfffffff9][0xfffffff6][0xf]i[0xffffffca][0xffffff84][0xffffff82][0xffffffd9]pz[0xffffffd2][0xfffffffb][0xffffff8e][0xffffffdc][0xfffffffb][0xffffffd0][0xffffffb3]R[0xffffffc8]Q[0xffffffa6]0[0x10][0x15]yjz[0x5][0x0][0x0][0xffffff83][0xffffffef][0xffffff9e][0xffffff82]R[0xfffffffb]K[0xe][0xfffffffc][0xfffffff7][0x10]z[0xffffff94][0xffffffe9][0xffffffbf][0xffffff8d][0xffffffd0][0xffffffa3]\[0xffffffff]=k[0xfffffff1][0x8]:[0x0]*[0xffffffe9]O[0xfffffff8]#[0xffffffa8][0xfffffffe][0xffffff8b][0xffffffd0][0xffffff9b][0xffffffdf]wi[0xf][0xffffffc0]q[0xffffffde]f[0xffffffbb][0xffffff87][\n]"
10:24:15.328 [main] DEBUG com.github.dockerjava.zerodep.shaded.org.apache.hc.client5.http.wire -- http-outgoing-2 << "m[0xffffffb1]H[0xffffffa3]8[0x12]#[0x7f][0xffffff95][0xfffffffb][0xffffff8a][0xffffffc0][0xffffffd1][0xffffffc1]\[0xffffffb2][0xffffffd8]J[0xffffffbb]e[0xffffffa6][0xffffff87]T[0xffffff8b]O[0xffffffad][0xfffffffe]XK[0x5][0xffffff9f][0x8]~[0xffffffa7]C[0xffffff84][0xffffffd8][0xffffffcf]o[0xffffff8c][0x13][0xffffff94]v[0x9]%[0xffffffe6][0xffffffd2][0xffffff82][0xffffffa8]q[0x7f][0xffffff87][0xffffffdb][0x9]K[0xffffff8d]q[0x7f][0xffffffbf]_[0xffffffa2]I[0xfffffff8][0xfffffff5]>R[0xffffff9d]Fv[0xffffffd0][0xffffffb4][0xffffffd5]T9[0xfffffffb][0xffffff9f]7[\r]}[0xffffffe2][0xffffffdd][\r][0xffffffc0]L[0x5][0x1]P[0xfffffff8][0xffffffca][0x0]4[0xfffffffe][0xffffff85][0xffffff94]![0xffffff80][0xfffffffe][0xffffffd9][0x1f][0xffffffe0][0xffffff80][0xfffffff5][0xffffff87][0xffffffc2][0xffffffb1][0x0][0x10][0xb][0xffffffb3][0x1]-[0x10][0x0]3[0x8][0x0][0xffffffdc][0xffffffd9][0x0][0xffffffac][0xb][0x0]([0xfffffffa][0x3][0xffffff88][0xffffff84][0x0][0xfffffff0][0x9][0x0]p0[0x1][0xffffffe8][0xfffffff0][0xffffffef]o`AY[0x4][0xffffffa0][0xffffff85][0x0][0xffffffe0][0x19][0x0][0xffffffe0][0xfffffffa][0x7f]_[0xffffffe8][0xffffff9e][0x0][0x0]v[0x11][0x0]][0x4][0xffffff80]Q[0x1][0xffffff80][\r][0x0][0xffffff90]n[0x1][0xffffff88][0xffffffb2][0xffffff91][0xffffffc1]4Kx[0xffffff9b]r)t[0xffffffbb][0xffffffc4][0xffffffc6][0x1f]84[0xffffffa9]:[0xffffffbb]E9[0xffffff95][0xffffffb7][0xffffffef]q[0xfffffffd][0x19]Zp[0xffffffe3]0([0xffffffdc]F[0xfffffffd][0xffffffa3]5[0xffffffd5]2[0xffffffc3]tL[0xffffffcb][0xffffffe8]@dsh[0xffffffcb]#[0xfffffff9]VZ[0xffffffb6][0xffffff80][0xffffffdc][0xffffff85][\r][0xfffffff5]s]5[0xffffffb7][0xffffffad]s[0x14][0xffffffbc][0xffffffb7]'[0xffffffc3][0xffffff94][0xffffffae].{[0xffffff8d][0xffffff9a][0x9][0xfffffff4][0xffffffeb]T[0xffffffee][0xffffffd8]<[0xfffffffd][0x1f][0x16]e[0xfffffff7]f<[0x1e]z[0xffffffdc][0xffffffbe][0xfffffff2][0xffffffaa][0xfffffff5][0xfffffff1]%[0xffffff8f][0xfffffff5][0xfffffffd][0xffffffe2]r[0xffffffd4][0x9][0xffffffac].d[0xffffffbe][0xffffff9a]b[0xffffffe3]JM[0x12][0xffffff87][0xffffffc9]Q[0xffffffc9],[0x1d]T[0xffffffac][0xffffff8b][0x7][0xffffffd2][0x1]iM[0xffffffd8][0xffffffb7][0x0][0xffffffd4][0x0][0x0][0xffffffe4][0x2][0xffffff80]P[0xb]@([0xfffffff2]m[0x1e][0xffffffd0][0x17][0x0][0xffffff94][0x4][0x0][0xffffff84][0xfffffff9][0x3][0xffffff9c][0x0]@[0xffffffe0][0xf] [0xffffff89]|[0xffffff9b]$T7[0x0]4[0x1][0xffffff80][0xffffffb1]?[0xffffffc0][0xffffffea][0xf][0x10][0xfffffff9][0x3][0xffffffa8]-[0x0]|[0xfffffff6][0xffffffb7][0xffffffb9]@[0xffffffbd][0x6][0xffffff80]1[0x0][0xffffffb0][0x2][0xffffffbe]]N[0xffffffea][0xf][0xffffffa0][0xffffff89][0x0][0xffffff88][0xffffff83]y[0xffffff83]n41[0x1]:[0xfffffffc][0xffffffed]g[0xffffffb9][0xfffffff3][0xfffffff1][0xffffffb4][0xfffffffe]^[0xffffffdd][0xffffffc4][0xffffffc4][0xffffff8f]RG[0xffffffe2][0xffffffcc][0xfffffffa][0xffffffd3][0xffffffb8]l[0xffffffa6][0xffffffde][0xffffff99][0xfffffff5]g[0xffffffdc][0xffffffd5]D[0xffffffbb]a[0xffffffd8][0xffffffc7][0xffffff92]*b%i[0x1c][0xffffffcc][0xffffffda][0xffffffb0]Y[0xffffffd6]&[0x16][0xffffffb2][0xffffff93][0x1c][0xffffffea][0xffffffed][0x3][0xffffffcd]"[0xffffffbc][0xffffffe2]:[0xfffffff6]7[0xffffffb5][0x8][0xfffffff2][0x1c]q#[0xffffffb7][0xffffffcf]_[0xffffffcc][0xffffff8a][0xc][0xffffffb7][0xffffffa8][0xffffff93][0xffffffb3]>:[0xffffffde][0xffffffa9][0xffffffa1]V[0xffffff8d]|[0xffffffa4][0xffffff91][0xffffffd3]5|[0xffffffb5]^[0xffffffbd][0xffffff95][0xffffffe1][0xfffffff2]UJv[0xffffffc3]#`[0x1d]&[0x7f]j[0xffffffe7][0xffffffe9][0xffffffc3][0xffffffcd][0xfffffffe][[0xffffff8b]9iv^[0xfffffff5][0xffffffec]h[0xffffffa8]<[0xffffffe1][0xffffffb7][0xffffff9e]]W[0xffffff83][0xffffffdc]/[0x1e]}$[0xffffffb8][0xffffffba][0xffffff97]G[0xffffffd6][0xe]Rp([0xffffff8c][0x16] [0xc][0xffffffba]([0xffffffb7][0xf][0xffffffcf]M[0x7f]B[0x17][0xffffffe2]][0xffffffc8][0xffffff80][0xffffffb7]R[0xffffffac][0xffffffb1][0x1a][0xffffffaf]C[0xffffff9e]@1[0xffffffc6][0xffffffea][0xfffffffa][0xffffffa9][0x1b]0[0xfffffff2]^[0x1f][0xffffff9e][0xffffff9f][0xffffff90][0xffffffe4][0x16])[0xfffffff5][0xffffffe7]6[0xffffffc1][0x12]V[0x1c],[0x10]C[0x10]KN[0xffffffb5]?[0xffffffdd][0xffffffef][0x3][0x7][0xfffffff3][0xffffffae]5=[0xffffff8c]3[0xffffff8f][0xffffffe7]2[0xffffffb7][0x1d]P[0x7][0xffffffe3][0xffffffc5],[0xffffffa1]4[0xffffffe8]?[0xffffff85]m[0xb] [0x1a][0xffffffbd]b[0xffffffa8][0xffffffee].T.[0xffffffc0]W[0xffffff8c]![0xffffffac][0xffffff9c]][0xffffffe5][0xffffffc5][[0xffffff94][0x13][0xffffff99]2[0xffffffb6][0xffffff8f]?{[0xffffffc6][0xffffffbb][0xffffff85][0xffffff9c]W[0xffffff87][0xffffffde]OV[0xffffffe5][0xffffffb7]e[0xffffffe9]m[0xffffffda][0x12][0xfffffff8][0xffffffc4]!L[0xffffffbf]G[0xffffffcb][0x6][0xfffffff8][0xffffffa2]k[0xffffff85][0xffffffef][0xfffffff6][0xffffffa5],[0x19]-[0xfffffff7]\[0xffffffd8][0xffffff88][0xffffffe2]e[0xffffffc4][0xffffffce]C[0xffffffbd][0x7][0xffffffb7][0xc])[0xffffffeb][0xffffff8e]}{[0xffffffe6][0xffffffc2][0xfffffff7][0xffffffef].[0xffffffaa][0xffffffb9][0x1a][0xfffffff6][0xffffffc5]^[0xb]a[0xffffffe5][0xfffffff6][0x15]d[0xffffff88])[0xffffffd5][0xffffffe3]|y[0xffffff9d]~p[0xffffffa4]I[0xffffffd8][0xffffff8e]^[0xffffffe0][0xffffffd0][0xffffffac]{MW#[0xffffff8f]>^[0xffffff81][0x4][0xc][0xffffff89]Uy[0xffffffe8][0xffffffb7][\r][0xffffffab][0x9][0xffffffaf]C0[0xffffffbf][0x1c]Z[0xffffffd7]Vc[0x11][0xffffff8f][0xffffffdb]J.<;[0xffffffb1][0xffffffa8][0xffffffee]u[0xffffff89]e[0xffffffac][0xfffffff2](v[0x2][\n]"
10:24:15.330 [main] DEBUG com.github.dockerjava.zerodep.shaded.org.apache.hc.client5.http.wire -- http-outgoing-2 << "[0xffffffce]e[0xffffffef][0x1b][0xffffffdf][0xffffffc4][0xffffffc1][0x9][0xffffffd8][0xffffffed]&[0xffffffc6][0xffffffcd][0xffffff99]j[0xffffff97]z%#[0xffffff85][0xffffff96][0xffffffd3][0xffffffc5][0xffffff85][0xffffffd3][0xffffffa4]q[0xffffff87][0x5]P[0xffffffb4][0xfffffff0][0xffffffe7][0x12][0xffffff85]8[0xffffffa8][0xffffffe1][0xffffff92]4Ko[0x13][0xfffffff2]|[0xffffff90][0xffffffa7][0xb][0xffffffbb][0xffffff8c]T4[0xffffffda][0x9][0xffffffbd][0xffffffce]B9C~[0xfffffffd]Y[0x11][0xffffff9f]s)[0xffffffb8]q[0xffffff8b]w[0xffffffb6]`[0xffffffc2][0xffffffb8][0xffffffa1]Z[0xffffffcd][0xffffffb5][0x13]S[0xffffff90]-_[0x1f]1[0xffffff83]n[0xffffffce][0xffffffb3][0xffffffab][0xffffffd6][0xfffffff0][0xffffff94]Tq[0xffffffa4][0x2].[0xffffff8b][0xffffffa2][0xffffff9e]D]/[0xffffff9a][0xe][0xfffffffe][0xffffffbd][0xffffffa4][0xffffff9b][0xffffffe5][0xfffffff3]ydQ[0xffffff89][0xffffff80]D][0xffffffdd][0xffffffdb][0xffffff98][0xffffff9e][0x9][0xffffffda][0x5][0xfffffffd][0xffffffd7]#ts[0xffffffc3][0xffffff98][0xffffffa7]t[0xffffffcd][0xffffffcd][0xffffffea][0xffffffe9]|,E[0xffffffba][0xffffff88][0xffffffd8][0xffffffd8]Uf{3=[0xffffffda][0xffffffb9][0xffffffd6][0xffffffbc][0xffffffd4][0xffffffcb][0xffffffe8]3[0xffffff9d]_[0xffffffb7]JO[0xffffff92][0xffffffbc][0xffffffa1][0xffffffd5][0x16][0xffffffa9][0xffffff8d]_[0xb][0xffffff9d][0xffffffb9][0xffffffbb]+5[0xffffff97][0xffffffa4][0xffffff80][0xffffffa7][0xffffff8b]W[0x19]851k[0xffffffc7][0xfffffff3][0xffffffd6][0xffffffe8][0xffffff9a]D[0xffffffd4][0xffffffe7][0x15][0xffffffc4][0xffffffe8][0x17]W[0xfffffff3][0xffffffba]C5[0xffffff89][0xffffffc3][0xfffffff0][0x11][0x11][0xffffff9c][0xffffff8c]hFN6[0xffffffb1][0xfffffffc][0xffffffa3].([0xffffffcb][0xffffffb4][0x12][0xffffff9c][0xffffffcf]Q.[0xffffffa2][0x4][0xffffffba][0xffffffb8]n[0xffffffc7][0xffffffa2]"T2+[0xffffff99][0xffffffa6][0xffffffbd]T[0xffffffc9][0xffffffa3]*[0xfffffffd][0xffffff90]H[0x13]^[0xffffffa1][0xffffffa0][0x1d]99[0xffffffa2]>'[0x14]j[0xffffffdc]R[0xf][0xffffffa5][0xfffffffd]t6[0xfffffffc][0xffffff80]r[0xfffffffb][0xfffffff3][0x19][0xffffffdc]v[0xffffffaa][0xffffffef][0xffffffbc][0xffffffc6][0xffffffd8][0xffffffd6][0xffffffae][0xfffffffa]d[0xffffffe0]`,[0xffffff8a]k9[0xffffffbe][0xffffffba][0x12][\r][0xffffffa3]V>[[0xffffffc0][0xffffffe8][0x18][0xffffffb5][0xffffff92]N[0x5]_[0xffffffc6][0xffffffc3]0[0xfffffffd]B[0xffffffee]i[0xffffff89][0x1d]([0xffffff9d][0xffffffed][0xffffffd7]H[0xffffffc2]I[[0xffffffa1][0xffffffe9][0xffffffd3][0xffffff87][0xffffffa2][0xffffffcf]k[0xffffffb3][0xffffff83]<'[[0xffffffed][0xffffffec][0xffffffea]/[0xffffff94][0xffffffa0][0x2][0xffffffb3][0xffffffc6][0xffffffcf]E[0x14]\W[0x14]^*[0xffffff85][0x1b]N[0x3]:[0x1e][0x6][0xffffffbe][0xffffffe0]yE[0xffffff92][0xffffffbc]^cJ[0x15]3[0xffffffcb][0xffffffab][0xffffffee][0xffffff9b]L[0xffffffd5]Rf?[0x19][0x1b][0x4]S[0xffffff82][0xffffffc2]Z[0xffffffbd]N[0xffffffdb][0xffffffec][0xffffffde][0xffffff99][0xffffff87]{[0xffffffc3][0xffffff8f]&#D[0xffffffef][0x19][0xffffffa7][0xffffffdd][0xffffffbb][0x1d][0xffffffbc]:[0xffffffe5][0xffffffb7][0xffffff9f][0xffffffda][0x18]:[0xffffff81][0xffffffea]r)[0xfffffff1]#j[0xffffffe6][0xffffffe7]H[0xffffffba][0xffffffde][0xffffffd6][0xffffff87][0xffffff80]E[0xfffffff7][0xffffffb8][0xffffffb0]Ys[0xffffffe5][0xffffff91][0xffffffa8]G[0xffffffdc][0xffffff8e][0xffffffdb][0xfffffff0]Z[0xfffffff6][0xffffffdf]#[0xffffffbc][0xffffff8e][0xffffffc7]V[0xffffffa5]^[0xffffffad][0xffffff9c][0xffffffe4][0xffffff9e][0xfffffff3]J[0xffffffc9][0xffffffaf]By[0xffffffd5][0xffffff96][0xffffffae][0xffffff9c]y[0x1e][0xe][0xffffffb7]-[0xffffffc3][0xffffffdc][0xffffffee]Ti[0xffffff97][0xffffffb8]L"|[0xffffffd4][0xffffffd2][0xffffffcd][0xffffffb4][0xfffffffe][0xffffffe6][0xffffffd0][0xfffffffd]@H[0x1a]ZW[0xffffffd0]<#[0xffffff95][0xffffffc0])[0xffffffa2]&[0xffffff92][0xffffffce][0xffffffca]y[0xffffffa9]xv,[0x18][0xffffffe3][0x1d]ts[0xffffffa2][0xffffffa6][0xffffffdc][0x6][0xffffff89] M8[0x19][0x13][0xffffffb9]vF[0xffffffb6][0xffffffd2][0xffffffc3][0xffffff82]v[0xfffffffa][0x16][0xffffffad][0xffffffbb][0x18][0xfffffff1][0xfffffff9]Fw[0xffffff95][0xffffffe1]Gp[0xffffffe8][0xffffffb7][0x12][0xfffffff1]m[0x1c][0xfffffff1][0xffffffa6]Q[0xffffffd5][0xffffffca][0xffffffc7][0xffffff86]P![0xffffffc7]1x[0xffffffd3][0x12]0[0xffffff98]/[0xffffff86][0xffffff98][0xffffffbc]4[0xffffffed]]@([0x11][0x4][0xb][0xffffffbd][0xb]E[0xffffff96]j![0xfffffff6]eX[0xffffffe1][0x17]-5dg([0xffffffbb][0x17]|([0xffffffb8][0xffffffe1]*[0xffffffcf][0xffffff8e][\n]"
10:24:15.330 [main] DEBUG com.github.dockerjava.zerodep.shaded.org.apache.hc.client5.http.wire -- http-outgoing-2 << "[0xffffff98][0xffffffa9][0xffffff95][0xffffffda][0xffffffd7][0x1f]"uJG?|[0xffffff97][0xffffff81]-[0xffffff80]h[0xffffff97][0xffffffd1][0xffffff87][0xffffffbc]w[0xffffff97][0xffffff8b][0xffffff8c]{7t[0xffffff83][0xffffffab][0xffffffa2]G[0xfffffffb][0x11][0xffffffea][0xffffffd6][0xffffffd4][0xffffffa7][0xffffffb2]1&4[0x18]n9[0xffffffaf][\n]"
10:24:15.330 [main] DEBUG com.github.dockerjava.zerodep.shaded.org.apache.hc.client5.http.wire -- http-outgoing-2 << "\[0xffffffad][0xffffffc9][0xffffffcb][0xffffff96]$[0xffffffca]z[0xffffffdc][0xffffff98][0xffffffec]p[0x14]I[0x15][0xffffffc0][0xffffff8f][0xffffffde][0xffffff82]_,[0xffffffc7].[0xb][0xffffffce][0xffffffa3][0xffffffc5].[0xffffffad][0xffffff8b][0xffffff82]^rJ[0xffffffa9][0xffffffc8][0x8][0xffffffb3][0xffffffc3]+[0xffffff90]JB}[0xffffffc4]bU[0xffffffee]d[0xfffffff0][0xffffff8c]?[0xffffff99][0x11]>[0xffffffeb]1[0xffffffac]{f[0x10][0xffffffac][0x10][0x7][0xffffffd1][0xffffffeb][0xffffff81]ma[0xffffffbf]D"ml0[0x9][0xffffffcb][0x1e][0x17]s[0xffffffb8]MJ[0xffffffd0]KS[0xfffffff6][0xfffffff7]r+[0xffffffed]vH[0xffffffe5][0xfffffffb]l-\q[0xfffffffe][0xffffffa3]J[0x4][\n]"
10:24:15.332 [main] DEBUG com.github.dockerjava.zerodep.shaded.org.apache.hc.client5.http.wire -- http-outgoing-2 << ")[0xffffffcf][0xffffff88][0x14][0xffffff8a]T[0xffffffdf][0xffffffc4][0xffffff97][0xffffffe1]&[0xffffff84][0xffffff9d][0xffffffe1][0xffffffc4][0xffffffa2][0xffffffa0][0xffffff8b][0xffffffc1]K1][0xffffffe7][0xffffffd8][0xffffffb0][0xfffffff9]d![0xfffffff3]NTE[0x5]3[0xffffffb9]mr[0xffffffc0]<[0xffffffd2]Cr[0xffffffbb][0xffffffec][0xffffffac]N[0xffffffde][0xffffff98]^[0x1d][0xffffff85]&TV[0xffffffc3]_[0xffffffab][0xffffffe1][0xffffffb3][0xffffffc6]#[0xffffffe5]|[0xffffffaf][0xffffffb3][z{[0xffffff9b][0xffffff80]i[0xffffff9c][0x7f]qmf[0xffffff8a][0xfffffffe][0x1c]#[0xffffffca]9'[0xffffffb1][0xffffffde]p[0xffffffb7][0xffffffd8][0x1f][0xfffffff4][0xfffffff4][0xffffffab][0x1c][0xffffff9d][0xffffffd4]zSp[0xfffffffa][0xffffff9c][0xffffff9b][0xfffffff9]B[0xfffffff3][0xffffffe8]b[0xffffffd5]CBH[0xffffff9b][0xfffffff3][0xffffffbb][0xffffffb5]%_[0xffffffbd][0xfffffff5][0xffffffac][0xffffffb4][0xffffff9d][[0xffffffc7]g[0x16][0xfffffff1]vP[\n]"
10:24:15.333 [main] DEBUG com.github.dockerjava.zerodep.shaded.org.apache.hc.client5.http.wire -- http-outgoing-2 << "[0xffffffe8][0xffffffda][0xffffffde][0xffffffad]b[0x4][0x1f]/;i^[0xffffffce]?[Ai[0xffffffb4]J[0xffffff80]Ko[0xffffffc7][0xffffff95][0xffffff9b][0xfffffffe]x[0xffffffef].[0xffffffb5]3[0xffffff97]S5-[0xffffffd2]pP[0xffffffea].>[0x14][0xffffffcc][0xffffffb9][0x1e][0xfffffffe]f[0xffffff8d][0xffffffb6][0xffffff94]$6[0xffffff93][0xffffffae]}[0xfffffffa][0xffffffc1]][0xffffffdf][0x17]_'wl&[0xffffffec][0xffffff8e]@P[0xffffffaa][0xffffffed]bLY$[0xffffff83][0xfffffffb]][0xffffffc7]M[0xffffffca]h^[0x1f]w[0xffffffbb][0x16]q[0xffffffdd][0xffffffda][0xffffffa4][0xffffffc2][0xe][0xffffff99]LS[0xffffff85][0xffffffa7][0xffffffee][0xfffffffe]05[0xffffffc4][0x0][0xffffffe0][0xe]L[0xffffffec][0x1d][0xffffffd1][0x1f]$B[0x16][0x1e][0xffffffa0][0xfffffff5][0x17]}[0xffffffe6][0xffffff9c]J[0xffffffe9]\|[0xffffff98][0xffffff83]7[0xffffff8a][0xffffffcd][0xffffffc0][0xffffffe2][0xffffffd6]ln[0xffffff8e]=[0xffffffce][0xffffffe0][0xffffffdd][\r]K{[0xffffffb4]H[0xffffffd6]}s[0xffffff89][0xffffffc3][0xffffffdf][0x5]?M[0xffffff92]GQ[0x3];-"[0xffffffaa][0xffffffe8][0x13][0xffffff84][0xffffff94]2K[0xffffff98][0xffffff9c][0xffffff87][0xffffffbd][0x1b][0xfffffffc][0x14][0x12][0x0][0x0][0x8][0xffffff90][0xffffffef]L[0x10]U[0xffffffe8][0xfffffff7][0xffffffb5][0x1c]?[0xffffff96][0xffffffba]N[\n]"
10:24:15.333 [main] DEBUG com.github.dockerjava.zerodep.shaded.org.apache.hc.client5.http.wire -- http-outgoing-2 << "e;[0x1a][0xfffffffe][0xfffffff1]H[0xffffff84]"[0xffffffc7];[0x14][0xfffffff8][0xffffffa0]=[0xffffffe2][0xf][0xfffffff5][0xffffffbe][0xffffffa6][0xffffffc6]g[0xffffffa2][0xffffffbe]hW[0xffffff90]4[0xffffffa9]QV[0xffffff9c][0xffffffee][0xffffffd1][0xffffffc0]5[0xfffffff1],[0xffffffcc][0x9][0x0]}[0xffffffc6][0xfffffff6]2O[0x8]:Q[0x14][0xffffff9d]O[0x1e][0xffffffb7][0x1a]Q[0xfffffff1][0xffffffb7]7[0xffffffcc][0xffffff91]$[0x1c][0xffffffbc][0xfffffff1][0xfffffff8]g-[0x7][0xffffffaa][0xffffffc1][0xffffffdf][0xffffffb4][0xffffffd8][0xffffffc5][0x3][0xffffffa0][0xfffffffa][0xffffffff][0xffffffcc][0xffffffd8]Y[0xfffffffe][0xffffffb1][0xffffffd8]u,k[0xffffff8b][0xffffffff]o[0xffffffef][0xffffffba][0xfffffffb][0xfffffff7][0x1d].[0xffffffe1][0xffffffdb][0xffffffdd] [0x1][0xffffff80][0x9][0xffffff80][0xffffff9a][0xfffffffb]3;[0xffffffd7][0xfffffff9][0xffffffd7][0xffffffc2][0xffffffd6][0x7f][0xffffffe2]|[0xc][0xffffffda]7"[0xffffffb4]M[0xffffff81][0x18][0xffffffaa]d&7o[0x17][0x7f][0x7f][0x16]5"Nxz[0xffffffbf]f[0xffffffca];[0xffffffcd][0xffffff9c]LZ4X[0xffffffdd]vyfH[0xffffff95][0xffffffdc][0xffffffaf]K[0xffffffcb]([0xffffffd9][0x10][0x0][0x0];$[0x0][0x10][0x4]P[0xffffffdb]~[0xffffffa6][0xffffff80][0x1c][0xffffffff][0xffffffbe][0xfffffff6][0xfffffff5][0xffffffcf][0x1d][0xffffffb1][0xffffffac]X[0xfffffff3][0xffffff97]6(2[0xffffffcf][0xfffffff8][0xffffff87][0xffffff8d][0x0][0x0][0xffffffc8]|[0x7f][0x15][0x1d][0xffffffea][0xffffffea][0xffffffcf][0xfffffff8][0xffffffb2][0xfffffffe][0xffffffc7]w[0xffffffbf][0xffffffa1][0xffffffe8][0xffffff88]q[0xfffffffd][0xffffffda][0xffffffd6][0xffffffb6]g[0xffffffd2][0xfffffff2][0xffffffcf]W[0xffffffd1][0xffffffa1][0xffffffc1][0x3][0x7f][0xfffffff6][0xfffffff5]o8=[0x0][0x1a][0xffffffdd]O[0x4][0xe][0xffffffa7][0xffffffe5]_+WY[0x9]So[0xffffff83][0xffffffa7]xx[0xffffffea]Z[0xffffff9c][0xffffff8f][0x9][0xffffffb8][0xffffffe4]([0xffffffe5]6[0xffffffd9][0xffffff9d]aV[0xffffffd4][0xffffff92]d0[0xffffffc4][0xffffffab][0xffffffc6][0x16][0xffffff91]$[0xfffffff6]ok[0xffffffee][0xfffffffc][0xffffffbc]B[0xffffffaf][0xfffffff6]/[0xffffffdc][0xffffff96][0xffffff80][0xffffff9c][0xffffffd4]7[0xffffffca]s[0xffffffa8]5[0xffffffee][0xffffffcc][0x9][0xffffffe7]M<k[0xffffffde]9[0xffffffcf][0xffffffb5][0xffffffca][0x1e][0xffffffa0][0xffffffc0][0xffffff89][0xffffffad][0xffffffeb][0xffffffe1][0xffffffae]<>[0xffffff97][0xfffffff2][0xffffff85][0xffffffa8]3[0x10][0xffffff96][0xffffffef][0xffffffa9]L[0xffffffda]9[0xffffff96]])[0xffffffa9][0xffffffe1][0xffffffea][0xffffffdd][0xfffffff6][0x12]b[0x5];[0xffffff8b][0xffffffd6]?[0x11]RG>[0x12][0xffffff80][0xffffffbd][0x11]:[0xffffff95][0xffffffa3][0xffffffd0]@![0xffffffb0]<[\n]"
10:24:15.333 [main] DEBUG com.github.dockerjava.zerodep.shaded.org.apache.hc.client5.http.wire -- http-outgoing-2 << "[0xffffff80][0xfffffff1]}[0x1d][0xffffffe7][0xffffffa8][0xffffff91][0xffffffcb][0xffffff8b][0x11]o[0xfffffffe]V[0xffffffed][0xffffffc9]<b[0xffffffcd][0xffffffa4]m[0xe][0xffffffed]+[0xffffffad][0xffffffa5]CJ[0x1b]<Vo[0xffffffc2]/*[0xffffffd3][0xfffffff9]&[0x12]M\[0xffffffc2][0xffffff9f]/[0xffffff8f][0xffffff91][0x9][0xffffff9b]:[0xffffffc6](|[0xffffffdf]<[0xffffffd2][0xffffffec][0xfffffff3][0xffffffdf]K[0xffffffc3][0x1f]#u[0xffffffae][0xffffffcc][0xffffffaf][0xffffffd0][0xffffff86][0xffffffac][0xffffffe8][0xffffff9b]`[0xffffff80]Ug[0xffffffcd][0xffffffeb][0xffffff92]4[0xfffffff2]m[0xffffff8c]F[0xffffffeb]h[0x1b][0xffffff83][0x10][0xffffffa0][0x3]>[0xfffffff5][0xffffffe8][0xffffff92]P<[0xffffffab][0xffffffaf][0xffffffcd][0xffffff99][0xffffffe8][0xffffffeb][0xffffff84][0xffffff98][0xffffffe0]0[0xffffffee][0x4][0xffffff94][0xffffffc0][0xffffffa5][0xffffffcf][0xffffffce][0xffffffa0][0xffffff97][0xffffffdd][0xffffff8c][0xfffffff9][0xffffff8c]tP[0xffffffe9][0xffffff8e]^[0xfffffff4][0xffffffa4]4[0x1][0xffffff8f][0xffffffd5][0xffffffec][0xffffffe3]1[0xffffffb0][0x1d]yb)B[0xffffffb4]q[0xffffffd0][0xffffffe1]][0x12][0xffffff90]][0x1c][0xffffffad][0xffffffa7][0xffffffd6][0xffffffb2]k[0x1a][0xffffffa6][0x19]D[0xffffffe8][0xffffffb3]&[0x17]I[0xffffff90]&[0xfffffff3][0xb]\[0xffffffa6][0xfffffff3][0xffffffe1];Wj[0xffffffa1]>[0xffffffd2][0x1][0xffffffd1][0xffffffbb]n[0xffffffdc][[0x9][0xffffffea][0xffffffc4]j[0xffffffe2]s[0xffffffa7][0xffffffca]#[0xfffffff7][0xfffffff2]_H[0xffffffa7][0xfffffff3][0xffffff95]=[0x6]C[0xfffffff5][0xfffffff5]+5z(05[0xffffff84]=o[0xfffffff6][0xffffffda][0xffffff81][0xffffffd6][0x1c][0xffffffcc]g[0xffffff9c][0x4]1[0xffffffde][0xffffff8f]*[0xffffff8d][0xffffffa5][0x8]^[0xffffffde]dm@[0x7f]h[0xffffffaf]D0+[0xffffffda]A[0xffffffac][0xffffff8e][0xffffffea]r[0xffffffc2][0xfffffffc][0xffffffe8][0xfffffff1]A[0xffffffe2][0xffffff81][0xffffff86][0xffffffcc][0xffffffe9][0xffffffc4][0xe][0xffffffb1][0xffffffd8]&[0xffffffc2]!_[0xffffffe0][0xffffffbe][0xffffffae][0xffffffb2][0xffffff8c][0xffffffdc][0xffffff9b]:[0xffffff82]W[0xffffffe7][0xffffffac]-[0x15]o[0xe][0xffffff8b][0xfffffffa][0xffffffb0][0x1d][0xfffffff9] [0x9][0xe][0xffffffab][0x8]l0na$[0xffffffc2]2[0xffffffc4]M[0xf][0x15]&[0xffffff9c][0xc][0xffffffd8]*4[0xffffffbf][0xfffffff2][0xffffffde][0xffffffa6][0xffffff83][0xffffffcf]|[0xffffff8c]Qp^[0xffffffc4][0xffffffaf][0x4]VM[0xffffffb2][0xffffffdf][0xffffffa7][0x1a][0xffffffa8][0xffffffae][0x1a]<yE[0xffffffae][0xffffff92]@![0xfffffff2][0xffffffe9]]S[0xffffffb2][0xffffff88]w[0xffffffad][0x7][0xffffff94][0xffffff8d][0xffffffee]a[\r]Z[0xffffffa9][0xffffffca],[0x17][0xffffffca][0xffffffed]f|2[0xffffff8f][0xffffffe6]3:[0x15]>1RQl[0xffffffd5][0xffffffab][0xffffff94][0xffffff84][0xffffffd1]mN[0xffffff9a];w[0xffffff9d]A[0xffffffbc][0xffffff84]"[0xfffffff2]N|N6$[0x8]n[0xffffffed]0[0xffffffc3]M[0xffffffe8]+[0xffffffae]]}[0xffffff8c][0xffffffb9][0xffffffa6][0xffffffe5][0xf]i[0xfffffffe]Gt[0xffffffaf]G[0x13]]+[0xffffffd3][0xffffff93][0xfffffffd]`[0xffffffc8][0xf][0xffffff87][0xffffffd2][0xffffff8c][0xffffffea][0xfffffffb][0xfffffff6]?[0xffffff83]?[0x4][0xffffffdb]RM[0xffffffbe]Q[0xfffffff7][0xffffffa5]K[0xffffffe6][0x3][0xffffffb4][0xfffffff6]4/[0xffffffb1][0xffffffac][0xffffffd4][0xffffffbb];h[0xffffffd7][0xffffffdd][0xffffffef][0xffffffb6]uE[0x11][0xffffff85]qy[0xfffffff2][0xffffffe0];QT[0x1d]!;[0x17]t[0xfffffffd][0xffffff9f]E[0xffffffdb][0xffffff81][0x1];[0xffffff8c][0xfffffffa][0xffffffee][0xffffffcd]uG[0x15][0xffffffcd]6[0xffffffdf][0x8]*[0xffffff85][0xffffffa7][0xfffffff6]F[0xffffff89][0xffffffe9][0xffffffef][0xffffffac]lA[0xffffffc0][0xffffffe2]([0xffffff95][0xffffffc2]6|[0x2]x[0x13][0xffffffae][0xffffffe7][0xffffffb9][0xffffffce][0xffffffa5][0xfffffffe]I[0xffffffd4][0xffffffe2]:[0x14]U[0xffffff96][0xffffffed][0xffffffd6][0xffffff9b]z[0x13][0xfffffffc]([0x12][0xfffffff7][0xffffffc9][0xffffffa1][0xffffffb6][0xffffffe1][0xb][0xffffffa8][0xffffff95][0xffffffda][0xfffffff7][0xffffffda][0xffffffa9][0xffffffb1]eH[0xffffff99]R[0xffffffc7]Y/[0xffffffb6][0xffffffde][0xffffffaf][0xffffffcd][0xffffffb6][0xffffffcb]vd[0xffffffba][0xffffffdc]tvW;[0xffffff89]z[0xfffffff0][0xfffffff6][0xffffff80]`I[0xffffffd3][0xffffffc6]gE[0x3][0x12]<[0x19]6[0xffffffd0]+[0xffffffec]W[0xffffffbb][0xe][0xffffffed][0xffffff9a]o[0xffffff86][0xffffffef][0xffffff95];W^[0x3]3[0xffffff9f][0xfffffff1]w[0xfffffff9][0xffffffab][0xffffffca][0xffffffb7]W[0xffffff94][0xffffff95][0xffffff86][0xfffffff0][\r][0x14][0xfffffff6]l8)u[0xffffff8e]/[0xffffff88][0x18][0xffffffa5])[0x1][0xffffffb8][0xffffffe5][0xfffffffd][\r][0xffffffe6][0xfffffff0]]O7[0xffffffaa]W[0xffffff8c][0xffffffe8][0xffffffb1]r3[0x7][0x11][0xffffffea][0xffffffae][0xffffffef][0xffffffaa][0xffffffca]4[0xffffffbd][0xfffffff9]m[0x1a]z[0xffffffd8]^[0xffffffb1][0xffffffe0]F[0x1d][0xffffffd8][0xffffff91][0xffffffdb]KX3[0xffffffa8][<[0xffffff96]q[0xffffffac]`[0xffffffaf][0xfffffffc]*[0x11][0xffffffbe]!1[0xffffffeb]L([0xffffffb5][0x1];[0xfffffffb]S.b[0xb][0xffffffa7][0xffffff89][0x1f]LV[0xffffffa5][0xffffffa8]5[0xffffff9d][0xe][0xffffffad][0x2][0xffffffa2]JI[0xfffffff8][0xffffffca][0xffffff89][0xffffff88][0xffffffc5][0xffffffaf]G[0x1d][0xfffffff1]E[0xffffff9b]z[0xffffffbc][0x3].[0xffffffc4]O[0xfffffff0]kS[0xffffff9f][0xffffff84]l&[0xfffffffb][0xffffffd3][0xffffffd2][0xffffffe0][0xfffffffc]g[0xffffff80][0xffffffd5][0xe]t[0xffffffa0][0xfffffff6][0xffffffa8][0x8][0x16][0xffffffe1][0x5]F![0xffffff9f][0xffffffa7][0xfffffffe]`[0xffffffa0][0xffffff88][0xfffffff8][0x1c][0xffffffd7]j|[0xffffffcb][0xffffffba][0xffffffe6][0xffffffa2][0xffffff8e]_[0xffffffd7][0xffffffa5][0xe][0xffffff87][0x11][0xffffff8c][0xfffffff8]v[0xffffffdf][0xffffffa7][0xffffffc1][0xffffff9a]g[0xffffffd9].[0xffffffad]][0xffffff9c][0xffffffb7][0xfffffffd][0xffffff94][0xffffffc7]&[0xffffff81][0xffffff87][0xffffffe5][0xffffff88][0xffffffe0]g[0xfffffffc][0xffffffdb]y![0xfffffff3][0xffffffdc][0xfffffff9][0xffffff87][nlN[0xffffffdc][0xffffffbb][0xffffffd9]#[0xffffffa3]/[0xffffffc8][0xffffffdd][0xffffffb1][0xfffffff0][0xffffff8a]qT.C[0xb]n][0xffffffdd]@[0xfffffffa][\n]"
10:24:15.334 [main] DEBUG com.github.dockerjava.zerodep.shaded.org.apache.hc.client5.http.wire -- http-outgoing-2 << "[0x1f][\n]"
10:24:15.335 [main] DEBUG com.github.dockerjava.zerodep.shaded.org.apache.hc.client5.http.wire -- http-outgoing-2 << "*}b[[0xffffff97][0xffffffe8][0x1d]x[0xffffffcd][0xffffffd2][0xfffffff3][0xffffffb5]#[0xffffff97]I[0xffffffb4][z[0xffffff87]][0xffffffd0][0xffffffb4],`bO[0xfffffffc]C[0xffffffed][0xffffff80]]e[0xffffff97]^q[0xffffff99][0x19][0xffffffa2][0xffffffac]39[0xffffffb1][0xfffffffd])[0x7f][0xffffff81]y[0xffffffb4][0xffffffdb][0xffffffe4][0x7][0xf][0x7][0xffffff8c]6[0xffffffab][0xffffffd2][0xffffffc2][0xffffff8f][0x13][0xffffffc9][0xffffffa5][0xffffffbf][0xffffffaa]wQ[0xffffffb4]?[0xffffffac][0xffffffd5]n[0xffffffdc][0xffffffbf]K[0xffffffeb]L[0xfffffff7][0xffffff98]+[0xffffff95],[0xffffffc2]p[0x1f]y[0xfffffff7][0xffffffd6][0xffffffb0][0xffffff8e]4[0xffffffe7][0x12][0xffffffc9][0xffffffdf]?S[0xffffffec] [0x10]_[0xffffffe6][0xffffffad][0x10]i[0x10][0xffffffe6][0xffffff97][0xffffffe9][0xffffffaf][0xffffffd9]O[0xffffffc9][0xffffff9f][0xffffffe6][0xffffff95][0xffffffbc]{[0xffffffe9][0xffffff81][0xffffffbe][0x2][0x17][0xffffffe1][0xffffff90][0xffffffb8]<[0xffffffe4][0xffffff83]N[0xffffffaa][0x1f][0xffffffab][0xffffffed][0xffffffc3][0xffffffb6][0xffffffc5][0xffffffdc]8[0xffffffac][0xffffffb0]0U3[\n]"
10:24:15.335 [main] DEBUG com.github.dockerjava.zerodep.shaded.org.apache.hc.client5.http.wire -- http-outgoing-2 << "0[0xffffffc9][0xffffffc9]O[0x7f][0xffffff85][0xffffff89][0xffffff91][0xffffff8d][0xffffffb7][0xffffff91][0xffffffad][0xffffff8b]-[0xffffffa6]}wf[0x1b][0xffffff8f][0xe][0xfffffffb][0xffffffd2]hI[\n]"
10:24:15.335 [main] DEBUG com.github.dockerjava.zerodep.shaded.org.apache.hc.client5.http.wire -- http-outgoing-2 << "[0xffffffaf]U[0xfffffff4][0xffffff89]<[0xffffffe8][0xffffffa8])[0xffffffad][0xffffffdc]g[0xffffffd6][0xffffffe3][0xffffffb5][0xffffffe3][0x3][0xffffff83][0xffffff92]f[0xffffffa2][0xffffffae]Q[0xffffffe0][0xffffffd8][0xfffffff5][0x15]K[0xffffffee]1[0xffffffb7]{[0xffffffb4][0xffffffcb][0xfffffff1][0xffffffc1][M[0xffffffc5]f+[0xffffff9e][0x1c]6[0xfffffff8]"\[0xffffff8a][0xffffffd8]m[0xffffff93]g[0xffffff8f]d[\n]"
10:24:15.335 [main] DEBUG com.github.dockerjava.zerodep.shaded.org.apache.hc.client5.http.wire -- http-outgoing-2 << "[0x3]%[0x1e]:[0x13][0xffffff9e]o[0xffffff86]u[0xffffff8a][0x1d][0xffffffdc][0xffffffbd][0xffffffbc][0xffffff8c][0xffffffb1][0xffffffe5]F{ w[0xffffffba][0xffffffcb][0x18][0xffffff8b][0x1c]8,[0x2]}[0xffffff91][0x5][0xffffffe4]#[0x5]u[0xffffffa0]}A6[0xffffff9c][0xffffffbb][0xffffffab][0xffffffe7][0x14][0xffffffad][0xffffffe6][0x12][0xffffff99][0xf][0xfffffff6]x[0xffffff92]O5<[0xffffff84]tx[0xffffffae]k8[0xffffff97]b|m[0xffffff92]Tez[0xffffffd8][0xffffffd9]V[0xffffffc7][0xffffffcc][0x3]'[0xffffffc4]n[0xffffffc4]"{J[0xffffffd6][0xfffffffb][0xffffffba][0xffffffd7][0xffffffcf][0xffffff81][0xffffff90][0xffffffd6]N(mC[0xffffff80]&B[0xfffffff9][0xffffffb3][0xffffffe9][0xfffffffa]@[0xfffffffc]G[0xffffffee]/Bg[0x19][0xffffffbb][0xffffffc2]XX[0xb]Z9[0xfffffffa]s[0xffffffde][0x1d][0xffffffd7]Nc[0x13][0xffffffe4]Y[0xffffffcf][0xffffff87]tb[0xffffffc9][0xfffffff6][0xffffffe9][0xffffff9b][0xffffffc2]h[0x16][0xffffffa8]O[0xc][0xffffff8d]'[0xffffffd5][0xffffffb4][0xffffffd4]u[0xffffffaf].[0xffffffce][0xffffffad];[0xffffffdf][0xffffffee][0x1d]zY[0xffffffe5]R[0xfffffff6][0xffffff8f][0xffffffbe][0x12]N,[0xffffff87][0xfffffffa][0xfffffff8]RR[0xffffff8d][0xffffffad][0x7f][0xffffff87]z^[0xffffffb8]R<i[0xffffffc8]B+[0xffffffac][0xfffffff1][0xffffffe9][0x16][0xffffffaa][0xffffffef]L[0xffffff98][0xffffffa5][0xffffff99][0xffffffba][0xffffffb5][0xffffffec][0xffffffae][0x16]T[0x7f][0xffffff86][0xffffffe0]G![0xffffffaf][0x1c][0x1a]q[0xffffff96]sY[0xffffff98][0xffffffe8][0xfffffff2]1[0xfffffffd]M[0xffffffc5];q[0xffffffae][0xffffffdd][0xffffffc7][0xffffffef][0xffffff88][0xffffff8c][0xffffffea]V'}[0xffffff9a][0xffffffc7][0xffffffba]p[0xffffffe7][0xffffffb8])[0xffffff97]Lm[0xffffffbe][0xffffffc8][0x16][0xffffff98][0xffffffdd]R[0xffffffa1]u[0x15][0xffffffe9]Q[0xffffffc8];i{[0xfffffffb][0xfffffffa][0x9][0xffffffba][0xffffff8a][[0xffffffea]#[0xffffffdf][0xffffffa3][0xffffffb8]P6[0xffffff91][0x1a][0xffffffe3][0x11][0xffffffbe][0xffffff9a]&9eq[0xffffffe5][0xffffffd2][0xffffffd2]][0xffffff97][0xffffffa6][0xffffff8e][0xffffff8b][0xffffffe9][0xfffffffb][0xffffffca]4[0xffffff93]R[0xffffffed][0xfffffff2][0xffffff82]k[0xffffff85]?j[0xffffff88]^[0x1a]uM[0xffffffe9][0x19][0xffffff9f][0xffffffc2][0xffffffe8][0x7][0x7]2f[0xffffff95](F[0xffffff9f][0x1a][0x12][0xffffff9a][0xffffff9b]B[0xffffffbb]`[0xfffffff7][0xfffffffb][0xffffff88][0xfffffff3][0xffffffde][0xffffffb4]-[0xffffffc5]}65[0xffffff89];W[0xffffffc9][0x19][0xffffffd1][0xffffffe7][0xffffff9f][0xfffffff9][0xffffff90]:[0xffffff87][0xffffffb5][0xe][0xffffffb6][0xffffff9e][0xffffffa4][0xfffffff9]M[0xffffffdf][0x17][0xffffffcf][0xffffffdc][\n]"
10:24:15.335 [main] DEBUG com.github.dockerjava.zerodep.shaded.org.apache.hc.client5.http.wire -- http-outgoing-2 << "[0x15]f[0xffffffb0][0x13]u[0xffffffef]v-[0xffffffbe][0xfffffff5]f9[0xfffffff6][0xfffffff1][0xffffffde][0xffffffa0]8[0xc][0xffffffe3][0xffffffa2];|[0xffffffe3][0xffffffed]q[0x1][0xffffff9b][0xffffff97][0xffffffff][0xffffff88][0xffffffec][0x5][0xffffffbd][0xffffffe4][0xffffffe4]T6[0xffffffa5]J[0xffffffe2][0xfffffffb]r[0xffffff96][0xffffffc4][0xffffffa5][0x2]^&[0xffffff9a]G!:G[0xffffffd8][0xffffffd7][0xffffffc8]I[0x8][0xffffffd6][0xffffffde]~[0xffffffe9][0x15][0xffffffab]k[0xffffffc5][0xffffffcd][0xfffffff5][0x18]6[0x1a][B[0xffffffe7][0xffffff98][0xfffffffc]>[0x9][0xffffffab][0x14][0xfffffff5]boEw[0xfffffff8]CV[0xffffffe9][0xffffff9e]2&G[0xffffff97]Y[0xffffff8f]/[0xfffffff6][0xffffff8c]][0xffffffd0]i[0xffffff97]d[0xffffffe3][0xfffffff9]Y[\n]"
10:24:15.335 [main] DEBUG com.github.dockerjava.zerodep.shaded.org.apache.hc.client5.http.wire -- http-outgoing-2 << "-=[0xffffff8d][0xffffff93][0xffffffee][0xffffffd4][0xffffffde][0xffffffc9]?T[0xffffffbf]3[0xffffff88]![0xffffffe7][0xffffffd4]qM [0xffffffbd]s[0xffffff83][0xffffff82][0xffffffc7][0x1d][0xffffff8e][0xffffffc5][0xf][0xffffffe8]t[0xffffff99]L[0xffffffac]^[[0xffffffcc]9#[0xffffffcb]Z4[0xfffffff3][0x1f][0xffffff96][0xffffffe1][0xffffffae]a[0x12]C[0xffffffab][0xffffff83][0xffffffb0]<T(V[0x6][0xffffffa2][0xffffffa5][0xffffffdf]>[0x1a][\n]"
10:24:15.335 [main] DEBUG com.github.dockerjava.zerodep.shaded.org.apache.hc.client5.http.wire -- http-outgoing-2 << "[0xffffffed][0xfffffff7][0xfffffff0][0xffffffdb]6[0xffffffa3][0xffffff8e]t[0xffffffe5][0x11][0xfffffffa][0xffffffe0]rh[0xffffffea][0xffffffc5]R[0xffffff8b][0xffffffb9][0xffffffe8][0xffffffac][0xffffff95][0xffffffd8]![0xffffff93]r[0xfffffff6][0xffffffea]+[0xfffffffa][0x19][0xffffffb3][0xffffff8b][0x1a][0xffffffea]FZ[0xffffffd5][0xffffffb9][0xffffffcd][\n]"
10:24:15.335 [main] DEBUG com.github.dockerjava.zerodep.shaded.org.apache.hc.client5.http.wire -- http-outgoing-2 << "W[0xffffffd9][0xffffff95][0xffffffce][0xffffffd4][0xffffffcd][0xffffff88][0xffffffd4]`[0x5]w[0xffffffeb][0xffffffd7][0xffffffe3]{[0xfffffff7][0xfffffff2])1[0xffffff8f][0xffffffa7][0xfffffff4]z_[0xffffff84][0xffffffa8][0x6]PP[\n]"
10:24:15.335 [main] DEBUG com.github.dockerjava.zerodep.shaded.org.apache.hc.client5.http.wire -- http-outgoing-2 << "[0xffffff96]u[0x6]?*[0xffffffaa]i[0xffffffd7][0xffffffe0][0xffffffb7][0xfffffff5][0xfffffff3]@[0x7]h[0xffffffe8]E[0xffffffde][0xffffffe3][0xffffff97][0xffffffeb][0xffffffd1][0x6][0xffffffe5][0x18]y[0xffffff8c][0xffffff97][0xffffffb9],W[0xffffffdf][0xffffffc2][0xffffffbc][0xffffffa5][0xffffffc9][0xffffffcf][0xffffffdf][0xffffff93]%[0x1c][0xffffff95][0x13]Q1[0xffffffde]>[0xffffff86][0x13][0xffffffee][0x16][0xffffffae]$f[0xfffffff6][0xffffffd0][0x7f]k56l[0xffffffaf][0xffffff94][0xffffffa8][0xfffffffa]t[0xffffff85]l[0xfffffff1]L'`[0xffffffaf][0xffffffed][0xfffffff6]"
10:24:15.337 [main] DEBUG com.github.dockerjava.zerodep.shaded.org.apache.hc.client5.http.wire -- http-outgoing-2 << ".L|[0xffffffff]t[0xfffffffe][0xffffffc9]pvob[0xffffff80][0xffffffdb]86k[0xffffffc7]|[0xffffffee]1[0xffffffe2][0xffffffbe][0xffffff97][0x18],[0xfffffff9]>[0x13][0xfffffffe][0xffffff8c][0xfffffffa]u[0xffffff9a][0x16][0xffffffe9][0x12][0xffffffa3]m[0xffffffa7][0xffffffde][0xffffffe5]\[0xffffffe1][0xffffffa5][0xffffffb8][0xffffff85][0xffffffdf][0xffffffcb]D[0xffffffdc][0xffffff9b][[0xffffffa9][0xffffffb8][0xffffff89]ia[0xffffffa2]^[0xfffffff2]g[0xfffffff8][0xffffffaa][0xffffffe5][0xffffffa4][0xffffffc6]u[0xffffffef][0xb][0xffffff8c][0x1f]>[0xffffffbb][0xffffffdd][0xffffff8d][0xffffffe6][0xffffffe5][0xffffff93][0xffffffcd]gw[0xffffff95]&uaUV[0x5]K[0xfffffff4]([0xffffff9c][0xffffffe0][0xfffffff5][0xffffffa0]nl[0xffffffaf][0xffffff83]#[0xffffffd9][0xffffff8a]X[0x2]?@[0xffffff99][0xffffffe5][0xf][0xffffff99]t[0xffffff95][0xffffffc7][0xffffff95][0xfffffff9][0xffffff89]L}[0xffffffbe][0x1e][0xffffff83][0xffffffdf][0xffffff95][0xffffffc8][0xffffff95][0xffffffb8]r[0x1f][0xf][0xffffffc1][0xffffffda]"[0xffffffb8]A|[0x1]a[0xffffffcd]>YF[0xffffffe1][0xfffffff9][0xfffffffe][0xfffffff3]A[0xffffffe6][0xffffffe1][0xffffff89]e[0xfffffff8][0xfffffff9]B[0xffffffb9][0xffffffb6][0xfffffff7]l[0x1b]4[0xfffffffc]_3[0xf][0xc][0xfffffff4][0xffffffb3][0xffffffc4][0xffffffe5]0[0xffffffdd]O[0xffffffb1][0xfffffff2][0x1f][0xfffffff6]z[0xffffffee]s[0xffffffbe][0xffffffcb][0xffffffc6]M[0xffffffcc][0xfffffff3][0x9][0xfffffff5][\n]"
10:24:15.338 [main] DEBUG com.github.dockerjava.zerodep.shaded.org.apache.hc.client5.http.wire -- http-outgoing-2 << ")[0xffffff91][0x15]~[0xffffff84][0xffffffaf][0xffffff9b][0xffffff85][0x2][0xe]*[0xffffffb9]Fx[0x14]^8[0xffffffea][0xfffffff7][0xffffffe2][0xffffffc5][0xffffffdd]{[0xfffffffe][0xffffffc7][0xffffffcf][0xfffffffa]%66[0xffffff98][0xffffffee][0xffffffcf][[0xfffffff1]/'Dgko[0xfffffff8]?[0xffffff88]>[0xffffffdf]I[0xffffffa5][0xffffff92]Z[0xffffffb6]W~[0xffffffc0]j[0xffffffcd][0xffffffbc]*[0xffffff92][0x12][0xffffffb0][0xffffffa5]q[0xffffffa4][0xffffff88]h[0xffffffdb][0xffffffbd][0xfffffff7][0xffffffc1]j[0xffffffa7][0xfffffff7][0xffffffc0][0xffffffce][0xffffff8b]v[0x6]M[0xffffff82][0x4][0xfffffff8][0x8]"[0xffffffe9]+[0xffffffd8][0x7]@[0xffffffe7]pA[0xffffffcd][0xffffffd0][0xffffffc4][0xffffffd6][0xfffffff2][0xffffffef][0x19];kWs[0xffffffc9]c[0x5][0xffffffb5]^9:[0xffffffc8][0xffffffb9][\n]"
10:24:15.338 [main] DEBUG com.github.dockerjava.zerodep.shaded.org.apache.hc.client5.http.wire -- http-outgoing-2 << "t [0xffffffea]A6[0x1e]L[0xffffffc3][0xffffffbd]V[0xfffffffc]Z[0xffffffd8]=[0x6]U[0xffffffef][0xffffffa2]][0xffffffd8][0x10]DdM[0xfffffff3][0xffffff92][0xffffffe5][0xffffffcb]S[\n]"
10:24:15.338 [main] DEBUG com.github.dockerjava.zerodep.shaded.org.apache.hc.client5.http.wire -- http-outgoing-2 << "[0xffffff9d][0xffffff90][0x15][0xffffffbe][0xffffffeb][0xffffffa8]][0xffffff9e][0xffffff87]zf[0xffffffdc][0xffffff92][0xffffff8b]k[0x1a][0xffffffce][0xffffffcd]/[0xfffffffc][0xffffffe7][0xffffff8a][0xffffff99][0xffffffdf]n[0xffffff98]}l[0xffffffdb]m'[0xffffff83]t[0xffffffcc][0x4][0xfffffff8]*[0xfffffff3]w[0xffffffa4][0xffffff82]k[0x16][0xffffff82][0xffffffbb]PZ@[0xffffffb9][0xffffff91]r(*[0xffffffd3][0xffffff81]) [0xffffffd6][0xffffffd6][0xffffffc4]B[0xfffffff4][0xffffffeb][0xffffffc2][0xffffff8e][0xffffffa0]<O[0xffffffa2][0xffffffe2]}[0xffffffd1][0x12][0xffffff9f][0xffffffc2][0xffffffc6][0xffffffa7][0xffffff8a]wb[0xffffff9a][0xffffffef][0xffffffe2][0xffffffeb][0x4][0xffffffb6][0xffffffed]Nj[0xfffffff9][0xffffff9b][0x4][0xffffff9e]G[0x1d][0x1f][0xffffffe6][0xffffffdf]m[0xffffffce][0xffffffcb][0x19][0x10][0xffffff85][0xffffffc6]o[0x3]_[0xffffffed])[0xffffff92]|[0xffffffc4][0xf][0xffffffef];[0xffffffd6]x[0xffffff8f]CH[0xffffffc4]z[0xffffffa4]'zq[0xb]r[0xffffffb9][0xffffffb1][0xffffffa3][0xfffffff3][0xfffffffa][0xffffff88][0x6][0xffffffe7][0xffffff85][0xb]([0x18][0xffffffee]pU[0xffffffaa][0x8][0xffffff82][0xffffffab]|[0xffffffba]I[0xfffffffd][0xfffffff6]Bhz[0xffffffd0][0xffffffee][0xffffff93][0xffffff9b]_[0xffffff8b][0xffffffd9][0xffffffd4]y[0xffffffb7][0xffffffae]R[0xffffff8c][0xffffffdd][0x1f][0xffffffe7]s[0xffffff8d]\)[0xffffffad]l[0xffffffef][[0xffffff8d]D[0xffffffcc][0xffffffac][0x14][0xffffffb9]=[0xffffffac][0xffffffea][0xffffffc9][0xffffffd3][0xffffff98]ly[0xffffffc8][0x1e]4[0xffffffb8][0xffffffbf]1[0x1d][0x6]]5[0xffffffec][0x17][0x19]^(V[0xffffff95][0x4]~[0xfffffff3][0xffffff95][0xffffffb9]&N[0x9][0xffffffd6][0xffffff88]@PE[0xfffffff8][0xffffffa4][0x8][0xffffffa7][0x1b]3m<([0xffffff9b]N[0x12]_[0xffffffde]7[0xffffffd4][0xffffffc7]kd[0xffffff86]C[0xffffffeb][0xffffffc1]P[\[0xffffffa9][0xffffffbf][0xffffff88][0xffffff88]8[0x1][0xffffff8d][0x7][0xffffff8c]h[0xffffffbd][0xffffff80][0x0]?[0xfffffffe][0xffffffba]y,[0xffffffcb]nh[0xffffff89]=[0xffffffd2][0x13]\[0xffffffab][0xffffffcf]p[0x17]:[0xffffff92][0xfffffff4][0xfffffff5][0x15]I[0x15][0xffffffcf][0xfffffffc]E[0xffffff85][0xffffff9a]1[0xffffffc6][0xfffffff6][0xffffffe9]}JO[0xffffffac]l[0xffffffa3][0x9][0xffffffd8]E[0x1c]j[0xffffff95][0xffffffda][0xffffffb2]z*[0xffffffd5][0xffffffa9]s[0xffffffeb][0xfffffff3]j*[0xffffffdc][0x1f][0xffffffb6]5[0xffffffed][0xffffffd0][0xffffffbd][0xffffff97]\}[0xffffffa5][0xffffff97][0xffffffef]s[0xffffff95][0x14]f[0x14][0xffffffc7][\n]"
10:24:15.339 [main] DEBUG com.github.dockerjava.zerodep.shaded.org.apache.hc.client5.http.wire -- http-outgoing-2 << "[0xfffffff0]y[0xffffffc7]&C[0x15][0xffffff92][0xffffff98][0x1f]\[\r][0xc]|=[0xffffffa3][0xffffffa7][0xffffffee][0xfffffff6][0xffffffb4]j=I$Rd[0xffffff81][0xffffffa7]-Q[0xffffff84]G([0xffffffc4]0$O\[0x7f][0x1a][0x7];-[0xffffffa8][0xfffffff4][0xffffffd9][0xf][0xffffff81][0xffffff87]8Ri[0x16]}0[0xffffffbb][0xffffffff])[0xffffffeb]s[0xffffffe1][0xffffffe7]rUoE[0xfffffffe][0x1f][0xffffffd2][0xffffffde]28[0xffffff8e]&[0xffffffd9][0xfffffffb][0xffffffed][0x11]3Z[0xffffffcc][0xffffffb2][0xffffff98][0xffffff99][0xffffff99]-&[0xffffff8b][0xffffff99][0xffffff99][0xffffffd9][0xffffffb2][0xffffffd8]bf[0xffffffcb]bf[0xffffffb6]X[0xffffffb2][0xffffff98][0xffffff99][0x19],ff[0xffffffba][0xffffffb1][0xfffffffb][0xffffffec][0xffffffd9][0xffffffeb]s[0xffffffee][0xffffffbb][0xffffffef]s"n[0xffffffc4]|[0xffffff98][0xffffff98][0xf]Y[0xffffffd5]S[0xffffffd9][0xffffff95][0xffffffff][0xffffffce][0xfffffffc]U6[0xffffffd8][\r][0xffffff98]PhN\[0xffffffc7][0xffffffad][0xe]C[0xffffffc8]:{[0x18];[0xffffffc7][0xffffff82]N[0xffffff9b]w[0xfffffff6][0xffffffe5][0xffffffbe][0x14][0xfffffffd][0xffffff8d]([0x1e][0xfffffff8][0xffffffe0]Y[0xffffffd6][0xffffffe0][0xffffff97]l[0xffffff91][0xffffffd4]Mg[0x19][0xfffffffa][0xffffffd4][0xffffffb9]6qD[0xffffffc4][0xffffff90][0xffffff83]E[.[0x1b][0x15]$r[0xffffffb4]q[0xffffff8a][\n]"
10:24:15.339 [main] DEBUG com.github.dockerjava.zerodep.shaded.org.apache.hc.client5.http.wire -- http-outgoing-2 << "o[0xffffffd4]/[0xffffff96][0xffffffc9][0xffffffde][0xfffffffc][0xffffffd6]Ra[0xffffffad]_[0x1b][0xffffffca][0xffffffbc]#[0xffffff92]Xr[0xffffff8c][0xffffffbc]f[0xffffffeb]Z[0x18][0xffffffcd]>[0xffffffc3][0xffffffb5][0xffffffca]s[0xffffff84][0xffffff89][0xffffffd2]L[0xffffffa3][0xffffffea][0xffffffef][0x15][0xffffff95]'N[0xffffff8e][0xffffffc1][0xffffffbe][0xfffffff4]o0[0xffffffd7][0xffffffbc][0xffffff9c]fAW[0xffffffd5][0xffffffdd][0x1c][0xffffffa8]j[0xffffffa8][0xffffffe5][0xffffffbf]0~U[0xffffffc9][0xffffffc6][0xffffff9f][0xffffffc7]8[0x1d][0xffffff8e]x3[0x7]n,[\n]"
10:24:15.339 [main] DEBUG com.github.dockerjava.zerodep.shaded.org.apache.hc.client5.http.wire -- http-outgoing-2 << "d[0x19])[0xffffff88][0xffffffce]NFg[0xffffffdc][0xffffffb6][0x10][0xffffff98]:[0xffffffc6][0xffffffa2][0xffffff8d][0xffffffa5][0xfffffffd][0xffffffc2]]p[0x4][0xffffffd0][0xffffff9d][0xffffff83][0xffffffc8][0xffffff97][0xffffffb3]X"[0x15][0xffffff91][0xfffffff6][0xffffffdf][0xffffffcb][0xffffffa2][0xfffffff6]C[0xffffffc7]C9[0x1f][0xffffffe4][0xffffffa6][0xffffffb9]{[0xffffff9c]&/[0xffffffa4][0xffffffc6][0x8][0xf]B[0xc][0xffffffbe][0xffffff93][0x8][0x5][0xffffff9d][0xffffff87]X1[0xffffffc9][0xffffffe8]eQ<[0xffffffde][0xffffff85][0xffffffdf][0xffffff85][0xffffffee]'[0x7][0x16][0xfffffffc][0x14][0xffffffc4][0xfffffffe][0xffffff8e][0xffffffaa][0xffffffff][0xffffffd0][0xffffff84][0xffffff8c][0xfffffff5]3H[0xfffffffd][0xffffffdb][0xffffffe1][0xffffffa0]"81[0xffffffa3]%d2z[0xffffff82][0xffffffed][0xffffffdb]![0xffffffdf]o[0xffffffa5][0xffffffab]3[0xffffffc2][0xffffffb0].[0x9]#[0xffffffcf][0xffffffbd][0x13][0xffffffaa][0xffffffd7]c[0xfffffffe][0xffffffb1][0xffffffab][0xffffffdb][0xffffffba]=[0xffffffb3]V[0xffffff95]s[0xfffffff5][0x3][0xffffffb6]r[0xffffffa3]5[0xffffffdc][0xffffffe4]r[0xffffffbe][0xffffff90][0xfffffff2][0x9]=[0xffffffe2][0xffffffa0]7[0xffffffc2][0xf][0x1f][0xfffffff2]>)[0x1d][0xffffffe4]b[0xffffff85][0xfffffffd][0xffffff82]$[0x7f]o[0xffffff8c][0x4][0xfffffff1][0xffffffea][0xffffff8d]q;[0xffffff8c][0xffffffa6][0x1f][0xfffffffd]Z[0xffffffbb]A[0xffffffa3]+[0xffffffaa]3^[0x1f]'[0xffffff9b][0xc][0xfffffffb][0xffffffc9]9[0xffffffc1][0xffffffc1][0xffffff93][0xffffffcb][\n]"
10:24:15.339 [main] DEBUG com.github.dockerjava.zerodep.shaded.org.apache.hc.client5.http.wire -- http-outgoing-2 << "`s[0xffffffea][0xffffffda][0xffffffca][0xfffffffc] j[0xffffff99]p[0x11][0xffffffb6][0xffffff87]9([0xffffffba][0xffffff99][0x16][0xffffffdc][0xffffffa8][0xffffff88][0xffffffb5]w[0xfffffff6][0xffffffc2][0xffffff86][0xffffffcb][0xffffffd7][0x9]O[0xc]e[0xffffff8a][0x16][0xffffffc7]*[0x1f]%[0xffffffc4]m2K[0xffffff9a]d([0xffffff95][0xffffffb7]l[0xfffffff6][0xffffffc5][0x1]h[0x11]Uo[0xfffffff6]G[0xffffffa4][0xffffff8c][0xffffffe7][0xffffffa2]Y#[0xffffffbe][0xffffff92]"[0xfffffff6]P$1[0xffffffc5]{L[0x10][0xffffffbd][0xffffffac][0xffffffee]0-`[\n]"
10:24:15.339 [main] DEBUG com.github.dockerjava.zerodep.shaded.org.apache.hc.client5.http.wire -- http-outgoing-2 << "[0x1e][\r]d[0xffffff9d][0xffffff95][0xffffff92]i[0xfffffff6][0xffffffc6][0xffffffe8]T[0xffffff8d][0xffffffec]iOE[0x5]x[0xffffffc3][0xffffffd0]S[0x8]c[0xfffffff6][0xffffff99][0xffffffd3]I[0xffffffdb]Y[0xffffffe3][0xffffffd2][0xffffffda][0xffffff84][0xfffffff2][0x7][0xffffff8c][0xfffffffc][0xffffff92][0xffffffff]< `[0xc][0xffffffbb][0xffffffb7][0xffffffcb][0xffffff94][0x2]c[0xffffff96][0xffffffe9][0xffffffeb]@[\r]2[0xffffff83][0xffffffc7][0xffffffe8]7>[0xffffffcc][0xffffff9b]<+[0xffffff9b][0xffffffd9][0xfffffff2]0"$[0x9]DV`[0xffffffa8][0xffffffa0]wg[0xffffffc9][0xffffffc7]R[0xfffffff1][0x1e][0xffffffa4][0xffffff91][0xffffff99][0xfffffff7]i[0xffffffb3][0x2]g[0xfffffffa][0x1a]][0xffffffca][0xffffff9e][0xffffff8e]Z[0xffffffdc]fT[0xfffffff6][0xffffffee]R[0xffffffe8]UJ[0x16][0xffffff80][0xffffff80][0x8][0xffffffbb][0x19][0xffffffdf][0xffffff8c]v[0x12][\r][0xffffffe3]4[0xffffffe7][0xffffffe7][0xffffff9e],L"Uk[0xffffff8f][0xffffffcb][0xf]u[0xffffff86][0xffffff95]+o#8n[0xffffffc4][0xffffffa0][0xffffff82]2Y[0x1a][0xffffffaa]NC[0xffffffce][0xffffffd8][0xffffffd1][0xffffffe6]J[0xfffffff6]6[0xffffffa3][0xffffffdd][0xffffff9b][0xffffffab][0x1e][0xfffffff5]f[0x1e]"[0xffffffce]m[0xffffffd5]q[0xffffffe9][0xffffff82][0xffffffdf][0xffffffe1]w[0xffffffe7][0x15][0xffffffd7][\r][0xffffff87]O[0xffffffba][0xffffff81][0xffffffab]b[0xffffffc9][0xfffffff3]D![0xffffff9f][0xffffffa5][0xffffffa8][0xffffffb3][0xffffffa0][0xffffffad][0xffffffdf][0xffffff9d]aW~[0xffffffbe][0x9].[0xffffff86][0xffffffad]zy[0xffffffac]V[0xffffff9c][0xffffff80][0x1e][0x4][0xffffffed]r[0xffffff89][0xffffffa6][0xffffffcc]\[0x9][0xffffffb6][0xffffff91][0xfffffffa]L[0xffffffaa][0xffffffda][0xffffffe1][0x3][0xffffffdc][0xffffffe0][0xffffffe6]ri"\w[0x1e][0xffffffd7][0xffffff96][0xffffffc0][0xffffffb1][0xffffff99][0xffffffc4][0xffffffc3]|[0xffffffa8][0xfffffff2][0xfffffff6][0xffffffbd][0xffffffee][0xfffffff0]t[0xffffffd6]U_B[0xfffffff9][0x11][0xfffffff6]~.[M[0xffffff9e]`[0xffffffbc][0xffffff9d][0xfffffff0][0xffffffd8][0x7f][0xffffffc3][0xffffffba][0xffffffec]\[0xffffffdc][0xffffff91][0xffffffe8]Y[0xffffff9d][0xffffffa5][0xffffffeb][0xffffffe9][0xffffffa3][0x7]u\[0xffffffcb][0xffffffa1]=[0x1a][0x1]{[0xffffffb5][0xffffff83]4[0x6][0xffffffcf]}0[0xffffffc3][0xffffffca]}[0xffffff8d]4[0xffffffeb][0x13](M[0x12]*[0x1][0xe][0xffffffc9][0xffffffb8][0xfffffff0][0xffffff8e][0xffffff8b][0xffffffd2][0xfffffff0][0xffffffcb]C[0xffffff94][0xffffffb7][0xffffff8a]z[0xfffffff6]5[0x17][0x15];[0xffffffd3][0xfffffff5][0xfffffff5].5a=[0xe][0xffffffdf]&Hf4[0xffffff9d][0xfffffff5][0x13][0x8][0xfffffffc][0xffffffe9][0x16];[0xffffffab][0xffffffa2][0xffffffa1][0xffffffea][0xffffffb9][0xfffffff6][0x3][0xfffffffb][0xfffffff4]lj?[0xffffffd5]KT[0xffffff8d]E[0xc][0xffffffd9][0xffffff98]yi[0xffffffea][0xffffffb5][0xffffffce];[0xffffff8c][0xffffffa4][\n]"
10:24:15.339 [main] DEBUG com.github.dockerjava.zerodep.shaded.org.apache.hc.client5.http.wire -- http-outgoing-2 << "[0xfffffff0]r[0xffffff84]S[0xffffff9f][0xffffff9e]/}_f$[0xffffff86][0xffffffc0][0xfffffffb]a[0xffffffe2][0xffffffc2]3[0xffffffa4][0xffffffd6][0xffffffe4][0xffffffda][0xffffffbe][0x1c]j6[0xffffff9e][0xffffff98][x[0xffffffc4][0x3][0x16][[0xffffffd8]Cw[0xfffffff7]![0xffffffb3]+k:[0xffffffd4]L[0x11][0xffffffab]V[0xffffffb5]em[0xffffff90][0xffffffbe][0xffffffdd][0x17][0x1f][0xffffffb7][0xffffffa2]1[0xffffffb3][0xffffffaa][0xffffffa3][0xffffffbf].{d[0xffffffb1][0x11][0xffffffbb]g[0xffffffad]_|[0xffffffdc]t[0xffffffbd][0xffffff98]cZt[0x19][0xffffffff][0xfffffffe][0xfffffff5][0xffffffc4]fp[0xffffffff][0x1d][0xffffffdf]&[0xffffffa6][0xffffffcb]M[0xffffffc9][0xffffffc3]Tf[0xfffffff9][0xffffffbc][0x19]h[[0xffffffc5]x[0xfffffff7][0x7f]]N}[0xffffffae][0xffffffca][0xffffff8f][0xffffffe8]X?x4[0xffffffb4][0xfffffff4][0xffffffec][0xffffff83]WR[0x3][0xffffffd5][0x17]*[0xffffffe4]8[0xffffffcc][0xffffffc3][0xffffffe7][0x4] t@{[0xffffffea][0xfffffff9]y([0xffffff9c][0xf][0xffffffee]M[0xffffff9a],[0xffffffae][0xffffffbe][0xfffffffb][0xffffff95]q[0xf][0xffffffc9];[0xffffffa0][0xffffff85][0xffffffa1][0xffffffb5][0xffffff81][0xffffff83][0xfffffffd][0x1e][0x4][0xffffffad][0xfffffff3]{[0xffffffe6][0xffffffdf][0xffffffcd][0xffffff9b][0xffffffb9][0xffffffe7][0x12][0xffffff91][0xffffffe4][0xffffffa7]9|R[0xffffffbf]Ys[0xffffff89]EnW[0xffffffaa][0xffffffec][0xffffffbe]4w[0xffffffd4][0xffffffea][0xffffffc2]M[0x8][0xf][0xffffffc5]}[0xffffff95][0xffffffaa][0xffffff96]][0xffffffcf]V[0xffffffce][0xffffff8e]y[0xffffff8f][0xffffffa2]A?3[0xffffffaf][\r][0xffffffb7]l[0xffffffe9]Jd[0xffffffa4][0xfffffffa][0xfffffff0][0x18]`[0xfffffff1][0xffffffd5]m[0xfffffffb][0xffffffb8]QW[0xf][0xffffffac][0xffffffa8][0xc][0xffffff8f][0x1e][0xffffff8a][0xffffffa4]6TQ[0xffffffe9][0xffffff97][0xb]e([0xffffffe4]s[0xffffffb6][\n]"
10:24:15.339 [main] DEBUG com.github.dockerjava.zerodep.shaded.org.apache.hc.client5.http.wire -- http-outgoing-2 << "[0x1]O[0xfffffff0][0xffffffaa][0xffffff91][0xffffffff]~[0xffffff90]@[0xffffffec]OP[0xffffffcf]:~X[0xffffff90][0xffffffd1][0xffffffcd]5[0x7][0xffffffac][0xffffff97]`[0x17][0xfffffff6]F[0xffffff8f][0xffffff8e]t[0xffffff9f]&q[0xffffffbb][\r][0xffffffa4][0xffffffd9][0xffffffef]7Ba[0xffffff81][0xffffff8f]$[0xffffff81][0xffffffa0]@[0xffffffad]3w[0xffffff93][0xffffffcf][0x1b][0xffffff9e][0xffffffe8]E[0xffffffc8][0xffffff8e][0xffffff84][0xffffff82]e[0xffffff9f]?[0x1a]W[0xffffffc5]EA1[0xffffffaf][0xffffffc5][0xffffffee][0xffffffb8]+[0xffffffc9][0xffffffaf]K[0xffffff88][0xffffffae][0xc][0xfffffffc][0xfffffff0][0xffffffef][0xffffffd8]e[0x15][0xffffffa0][0xffffffa8]t!Oz>[0xffffffaf][0xffffffd7]B[0xffffff8e]m<O[0x9]tf[0xfffffff2][0x1b][0xffffffd2][0xfffffff6]d[\n]"
10:24:15.339 [main] DEBUG com.github.dockerjava.zerodep.shaded.org.apache.hc.client5.http.wire -- http-outgoing-2 << "[0xffffffa6][0xffffffb6]e[0xffffffa1]N[0xffffff80][0xffffffe9]MB[0xfffffff8][0x4][0xfffffffe][0xffffffe0][0xffffff80][0xffffffcb][0xffffffee])YN[0xffffffe4][0x1]i[0xffffffe8][0xffffff94]0[0xffffffa6]M[0xffffff82][0xffffffab][\r][0xfffffffd]M[0xffffffc0][0xffffff96][0xffffffe8][0x2]r[0xfffffff3][0xffffff9e][0xffffffb5][0xffffff85][0xffffffb1][0xffffff9c][0xffffffb0][0xffffffc5][0xfffffff4][0xffffff92][0xfffffffd][0xffffffeb]M[0xffffffdd]r[0xffffffa5](;n[0xffffffb3][0xffffffcd][0x0][0xffffffb8][0xffffffe1][0xffffff86][0xffffffbf][0xffffffb1]T[0xfffffffa][0xffffffb5][0xffffffef]L[0xffffffcc][0xffffffeb]&[0xffffff9a]E[0xffffffc0]3[0xffffff83][0xfffffff2],K[0xfffffff6][0xffffffd0]3[0xfffffff8]S[0xffffffda][0xffffff83][0xffffff87][0x7]5\[0x1c][0xffffffc8]^[0x1d][0x16]^[0xffffff8c][0xffffff86]b[0xffffffb1]z[0xffffffeb][0xffffff8b][0xffffffad]NE[0xffffff87][0xffffffaa][0xffffffca][0xffffffa9][0xffffff9b][0xffffff81]C[0xffffffb4][\n]"
10:24:15.340 [main] DEBUG com.github.dockerjava.zerodep.shaded.org.apache.hc.client5.http.wire -- http-outgoing-2 << "[0xffffffd1]T[0xffffffbd]m*[0xfffffff4][0xffffffe4]l[0x1e][0xffffffb4]}P[0xffffffba][0x13][0xffffff91][0xffffff86]m[0xffffffa9][0xffffff8b]*<[0xfffffffc]G>[0xffffffa2][0xffffffd8][0xffffffc4][0xf][0xffffffe8][0xffffffea][0x18][0xffffffdb]I:[[0xffffffef][0xffffff8a][0xffffffd5] ;Y[0xffffffb4]&[0xffffff84][0xffffff8c][0xffffffbe]Q[0xc]h3[0xffffffed][0xffffff96][0xffffffa0][0xffffff96][0xffffffbc]M|Q2[0xffffffe9][0x1b]&[0xffffffb8]~[0x1d][0xffffffbc][0xffffffbd][0xffffffb7][0xffffffd8]FZ[0xffffffbc][0xf]>[0xffffffe9][0xffffffe0][0xffffff92][0xffffff9c][0xffffffde]s[0xffffffda][0xffffff9b]?[0xffffffd2][0xffffffec][0x1]-[0x4][0xffffff98][0xc]v[0xffffff8d]5[0xffffffbe][0x9][0xffffffcc][0x7][[0xffffffef][0xffffffd0][0xffffffb6]1[0xffffff95]+[0xc][0xfffffff2][0x12][0xffffff9b][0xffffff9e]!vF2[0xffffffa2][0xffffffac];[0xffffffd8][0xfffffff3][0xffffff8e]Y[0xffffff94]=[0xffffffea][0x1d]8[0xffffffce][0xffffffb5][0xffffffe7][0xffffffad]k[[0xffffff87]7[0xffffffb0]+[0xfffffffc][0xffffff92][0xffffff88][0xffffffd7][0xffffff9c][0xffffff92]b/i)[[0xffffffe1][0xffffffee]mjnA[0xffffffcb]\[0xffffffd9][0xffffffef]z[0xffffff83][0xffffffcf][0xffffff81]U[0xffffffb5][0xffffffdd][0xffffff9b]r[0x3]0[0xffffff90]"m[0xffffff9d][0xfffffff8][0xfffffff4][0xfffffff5][0xffffffa9][0xffffffaf]h[0xffffffdc][0xffffffe6]|H[0xffffffe2][0xffffffc3][0xffffffb7]W#[0xffffff9d]1!6![0xffffffbf]>K[0xffffffc7][0xffffff94][0xffffff90]Sw1[0xffffffc4][0xffffffb5][0xffffff81][\r]m[0xffffff9a]o0[0xffffffff][0xfffffffe][0xffffff99][0xffffff8c][0xffffffdc]+WI[0xffffffef][0xffffffa4][0xffffffd9][0x1b][0xffffffaf][0x5][0xffffffc7][0xffffffa4][0xffffff9d][0xffffffb5]1[0x17][0xfffffffb][0xffffffa8][0x1b]cM){f[0xffffffb5]x@)u[0xffffffdb][0xffffffce][0x1c]w][0xffffff91]z[0x3]F[\n]"
10:24:15.340 [main] DEBUG com.github.dockerjava.zerodep.shaded.org.apache.hc.client5.http.wire -- http-outgoing-2 << "[0xffffffeb][0x1e][0xffffffc6][0xffffffda]0[0x9]i[0xffffff8f](gL[0xffffffa0]OO|v[0xffffffa1][0xffffffe3][0xfffffffd][0xffffffba][0x12][0xfffffffd][0xffffff80]V3'[0xffffffd1]`[0xffffffa5]kO[0xffffff98][0xfffffff9]k[0xffffffe8][0xfffffff8][0xffffffdd]f[0xffffffc3][0xffffffc8]PH[0xffffff9a]~K[0xfffffffc][0xfffffff4][0xffffff8b]D[0xffffffa2]3[0xffffff83]A[0xffffffa4][0xfffffff2][0xffffff98][0xffffff98]9[0xffffffd4][0xffffffc6]H[0x2][0x4]KR[0xffffff95]H[0xffffffb9]z[0xfffffff8][0xffffff94]E[0x1b][0x12][0x15][0xffffffc2][0xffffffcf]ZFC[0xffffffee][0xffffffd2]Ez[0xffffffa8][0xffffff98]:[0xfffffff5]R[0xffffffc2][0xffffffdc][0x16]k[0x9]8[0xffffffdc]Z[0x3]0r[0xfffffff7]E[0xffffffdb][0xffffffec][0xffffffc0][0xffffff93];[0xffffffcc][0xffffffe1]v[0xffffff92][0xffffffe2]~bWy[0x7][0x2][\n]"
10:24:15.340 [main] DEBUG com.github.dockerjava.zerodep.shaded.org.apache.hc.client5.http.wire -- http-outgoing-2 << "[0xffffffd5][0xffffffc9]F;=[0xffffffce]R[0xfffffffe][0xffffff87]5N[0xffffffc3]A[0xffffffe9][0xffffffcb]]=$[0xffffffb0][0xffffff9c][0xffffffaf][0xffffffc2]Ld"[0xf][0xffffff99]G[0xffffff9e][0xffffffea][0xffffff9a]%`[0xffffff96]N[0xffffffe6]69[0xc][0x13][0xffffffb8][0xffffffb7][0xffffff9b][0x7]EAfI&2[0xffffffd4][0xffffff88][0xffffffa6]{8[0x8][0xffffff9e]A[0xffffff9f][0x1b]aE[0x1b][0x3]I[0xffffffbb][0x17][0xffffffc4][0xffffff9a]8s[0xffffffd3][0xffffffbd]H[0xffffffd3][0xffffffa8]e[0x11][0xffffff87][0xffffffb2][0xffffffce]h[0xffffffd8][0xf][0xffffffb6][\r][0xfffffff5][0xffffffe5][0xffffffec][0x7f][0xf][0xffffff94][0xfffffff0][0xffffffa1][0x0]_[0x11][0xffffffe4]D[0xffffffd3][0xffffffcd][0xffffff98][0x1e])[0xfffffff9][0x4][0xffffff8e][0xfffffff1][0xffffffb1]7[0xffffffe8][0xffffffdd][0xffffffb9]M[0xffffff8b][0xffffffab][0xffffffa4]p.[0xffffff8a]B[0xffffff94]b[0x11]~[0xfffffff0][0xffffffe4][0xffffff84][0xffffffa6][0xffffff81][0xffffffd3][0xfffffff8][0x1d]W[0xffffff99]I[0xffffff9d][0xffffffea][0xffffffbf]D[0xffffffaa][0xffffffae]M1[0xffffffed]p[0xffffff86][0xffffff8e]e/6[0x1c][0xffffff85]X[0xffffffbe][0xffffff81]e+C[0xfffffff0][0xb][0xffffffdd][0xffffffb2][0xfffffffd][0xffffffe0][0xffffffae][0xffffffed][0xffffff85]'[0xffffff8a]J[0xffffffe0][0xfffffffd][\n]"
10:24:15.340 [main] DEBUG com.github.dockerjava.zerodep.shaded.org.apache.hc.client5.http.wire -- http-outgoing-2 << "[0xffffffbf]Z[0x15][0xfffffff6][0xffffffbb][0xffffffa4][0xfffffffb][0xffffffd3]g[0xffffffa8][0xffffffb6]Cfb3Z=[0xf][0xffffffaf][0xffffffce]d[0xffffff81]s[0xffffffb9][0xfffffff1]V[0xffffffe8][0xffffffcb][0xffffffa4][0xffffffee][0xffffff98][0xffffffdd](>k[0xffffffab][0xffffffb0][0xffffffba]oTS[0xffffffe7][0xfffffff7][0xffffff9c]3[0xffffffd5][0xffffffee][0xb])[0xffffffe1]Jb[0xfffffff6][0xffffffaf][0xfffffff6]`[0xffffffed]^[0x15][0xffffffeb][0xffffffb5][0xffffffc8][0xfffffff5][0xffffffb0]I[0xffffff82]|m[0xffffffc3]4[0xffffffb7][0xffffffca]51[0xffffff8b]f[0xffffffad][\r][0xffffff9d][0xfffffff4][0xfffffffe]O[0xc][0xffffff92][0x4][0xffffffb9][0xffffff85]a[0x16]N[0xffffffd2]I[0xffffffdd][0xffffff97][0xffffffea][0xfffffff1][0xffffff93][0xffffffaf]a[0xffffffdf]x[0xffffff8e]Uj[0xffffffc7][0x10][0xffffffaf][0xffffffe5][0xffffffb6][0xfffffff4]f[0xffffffde][0xffffff83][0x13]L[0xffffffaf][0xffffff8c][0xffffffa8][0xffffff8d][0xffffffcf][0xffffff8a][0xffffffdb][0xfffffff4][0xfffffff0][0xfffffff6]YeZ[0xffffff85][0xffffffb6][0xffffffda]7[0xffffffd3]p~[0xffffff98]][0xffffffd7][0xffffff8d]&[0xffffff8e][0xffffffbe][0xffffffc8]u%[0xffffffed]vZSD[0xffffff9f]c&>[0xfffffffd][0xffffffb2][0xffffffdf][0xffffffb0][0x16][0xffffffa5]T[0xffffff9a][0xffffffc7][0xffffffa0][0xffffff9b][0xffffff91]AJ[0xffffffa6]:[0x18]S[0xffffffdc]~[0xffffff99][0xffffffb1]V}[0xfffffffe][0xffffffd2][0xffffffac]g[0xffffffa5][0x14]6[0xffffffab][0xfffffffb]iu[0xffffff9c]"G[0xffffffe5]N:X[0xffffff88][0xffffff99][0x13][0xffffff9f]Y>;[0xffffffa4][0xffffffa0][0xffffffe2]SDt[0xffffffc6]a[0xffffffa8][0xffffff9c][0xffffff84][0xfffffffc][0x1d][0xffffffb3][0xffffffd8]6[0xffffffe1]W[0x2]s[0x1c]3[0xfffffff9]l[0xffffffa2]L[0x8]2[0xffffff83]^[0xffffff8b][0xffffff93]}[0xffffffbb]>[0xffffffe5][0x1b]DYnv[0xffffff91][0xffffffe4][0xffffffb9]M_[0xffffffe8][0x13][0xffffffc1][0xffffffef]Fh[0xffffff99][0xffffffdc]k[0xffffffa8][0x1d][0xfffffffa][0xffffffad][0xffffffb7]-B[0xffffffc6]bnW[0xb][0xffffff86]zU[0xfffffff8]w![0xffffffcd]Qc^[0xfffffffe][0xffffffb3]2~[0xffffffd8][0x12][0xffffff81][0xffffffa0]/[0x10][0xffffffbc]y[0xffffffa0]/[0xffffffa9]&[0xffffff84]n>c-_4[0x6]ZK[0xffffffd6]h[0xffffffad][0xf][0xffffffbc][0xffffffec][0xffffffa1]?][0x9][0xffffffe0]v[0xb]v[0xfffffff4][0xffffffb1][0xffffffd3]3[0xffffffd5][\n]"
10:24:15.340 [main] DEBUG com.github.dockerjava.zerodep.shaded.org.apache.hc.client5.http.wire -- http-outgoing-2 << "]|[0xfffffff1][0xffffffac]Y[0xffffffd9][0xffffffac][0xffffffa6]4[\n]"
10:24:15.340 [main] DEBUG com.github.dockerjava.zerodep.shaded.org.apache.hc.client5.http.wire -- http-outgoing-2 << "[0xffffffd5][0xfffffffc][0x9][0xffffffa2]8[0xffffffee][0xffffffe0][0x1e][0xfffffffb][0xffffffe9][0xffffffbd][0x11][0xffffffa7]mV[0xffffffb1][0xffffff82]cT[0xffffff8f][0x4]'3[0x19][0xffffff98]f[0x7][0xffffff85]Qt[0xffffffe7][0xffffffe8][0xffffffb0][0xffffffbe][0xffffff83][0xfffffff5]([0xffffffdf][0xffffffd7][0xffffffbb]K[0x19][0xffffff9d]m[0xffffff9c][0xffffffe0]`[0xe]>[0xffffffbe][0xffffffbb][0xffffff82][0xffffff82]/s[0xffffffa3]K[0xfffffff8]Q[0x6][0xffffffa5][0x8][0xffffffdf][0xffffff94]O[0xf][0xffffffbb][0xfffffff2][0xffffffea][0xffffff8b][0xffffffd3][0xfffffff8]}[0x0]t[0xffffffb5]T[0xffffff8c][0xffffff94][0xffffff9a]:k[0xffffffd9][0xfffffffc][0x11][0xffffffb6]&[0xfffffffd][0x15][0xffffffca]H[0xffffffe4]h[0xffffffbe][0xffffffa0].[0xffffffe2][0xffffffab][0xffffffd1][0xffffff9c][0xffffffa3][0xffffffb4][0xffffffc8][0xffffffa7]4[0x16][0xffffffc3][0xffffff84][0xffffff97]={[0xffffff95][0x7f][0x15][0xffffffb9][0xffffffee][0xffffffee]V[0xffffff95]#[0xffffffc8]'[0xffffff86][0xffffffc8][0x6]XE[0xffffffdf];J[0xffffff92][0xffffff81][0xfffffffe]D[0xffffffba]0[0xffffff96][0x1b][0xffffffb6][0xfffffff1][0xffffffc1]I[0xfffffff0]"[0xffffffae][0xffffffe6]I^[0x13]:[0xfffffff9][0xffffffdf][0x4][0xffffffab][0xffffffc5][0xffffffe7][0xffffffe0][0x6][0xfffffffd]))[0x12]5OB^S&[0x1d]Q2[0xfffffffd][0xfffffffe]@[0xffffff9a]_k[0xffffffb5][0xffffffe3][0xffffff9d][0x6]7[0x1]"[0x1b][/[0xe]A>UyM[0xffffffeb][0xffffffb1][0xffffffcd]cZY[0xffffffdb][0xffffff93][0xffffffc2][0xffffffd5][0xffffffcd]k8(jV[0xffffffc1]{[0xfffffff2]NT$[0xc][0xffffffcf][0x7f][0xffffffc2][0xffffffe5][0xffffffc6][0xffffff93]'&C{[0xffffff9a][0xfffffff4]%[0xffffffbc][0xfffffff2]G[0xffffffd0]P[0x1e]"[0xf][0xffffffa1][0xffffffc1][0xffffff83]P[0xffffff84]U[0xffffffa7][0xffffff90][0xffffff9c][0xffffffae][0xffffffbc][0x7f][0x3][0xffffffdc]c5+1[0xffffffcd][0xf][0xfffffff4][0xfffffffe]}[0xffffffef][0xffffffa1][0x18][0xffffffe4]3Q7[0xffffffe6][0x1d]p[0xffffffee][0xffffffc2]a[0xffffff9f]B,[0xffffff9b][[0xfffffff4][0x7f][0xffffff95][0xffffffe4][0xffffffdc]1)[0xffffffc9]T[0xffffffa7]v<K[0xffffffe0][0xe][0xffffff9f]F[0xffffffef][0xffffffee][0xfffffff3][0xffffffb4][0xffffff92][0xffffff84][0xffffffc0][0xffffffe8]7[0xffffff92][0xffffff9c][0xfffffff3])u*[0xffffffa5][0xffffff85][0xffffff87]o[0xffffffd9][0xffffffbb][0xffffffa0][0xffffffbf]G[0x0][0x0][0xfffffffa],,[0x0][0xfffffff0][0x2][0xffffff88]R[0x7f][0xffffffa6],Y[0xfffffffe]B[0xffffffc8][0x18][0xffffffdf]o[0x0]M[0xffffffb0][0xffffffc5][0xffffffff]E[0xffffff86]p[0xffffffc2][0x1f][0x0][0x0][0xffffff89][0xffffffbf][0xfffffff2][0xffffff8c]V[0xffffffc0][0xffffffff][0xffffffef]71p[0x1][0xffffff88][0x11][0x7f]f+[0x19][0xffffffff][0x2][0xffffffc2]n[0xffffffef][0x1a]"[0xc][0xfffffffe][0xffffffde][0xe][0xffffffd8][0xfffffff0]_[0xffffffb9]_[0xffffffc8][0xb][0x0][0xffffffb1][0xfffffffc][0xffffff8f]t%[0xffffffe4][0xfffffffe][0xffffffbf][0xffffffe1]/[0xffffffd8][0xfffffff7][0xffffff97][0xffffffb8][0xffffffdf]A [0xfffffff9][0xffffffda][0x17][0xfffffff7][0xffffff96][0xffffff91]$[[0xfffffffc][0xffffffec][0xffffffc5][0x1d]M[0xffffffb4][0xffffffae][0xffffffbc][0xfffffffc]i[0x9]MpD$[0xffffffa2][0xffffffc8]O[0xffffffbc][0xfffffff1]l[0xfffffffa]5[0xffffff84][0xffffffe6][0xffffff9f]![0xffffffb1]?[0xfffffff8][0xffffffbb][0xffffffac]X2q[0xfffffff5][0xffffffdb][0xffffff9d]s3[0xffffffb7][0x17]F`[0x1c][0xfffffffa][0xffffffb5]~?`X4@xw"'[0xffffffd6][0x13]SR![0xffffffba][0xb][0xffffffc0]"[[0xffffffab][0x4][0xffffffc4]$[0xffffff98]h[0xfffffff3][0xfffffff2][0xffffffbf][0xe]!=pW[0xffffffbf]_[0xffffffcb][0xffffffbb]6[0xffffffab]e[0xffffffb2]<[0xfffffff2][0xffffffdf][0xffffffa7]9[0xffffff9c]PbY[0xfffffffd]z[0x7]*[0xffffffc7]Jc[0xffffffba][0x6][0xffffffac][0xffffffd5]2[0xffffffe8]m[0x12]-2[0xffffffb5][0xffffffaa][0xffffffd3][0xffffffbc]{[0xffffffce][0xffffffce][0xfffffffc]-[0xffffffd4][0xffffffbe]L[0x10].[0xffffffb0][0xffffffe7]3+[0xffffff87][0xffffffb5]I[0xffffffe2][0x12][0xffffffb7][0x0][0xffffff86]9[0xffffffa0][0x1b][0x17][0xffffffad]S[0xfffffff4][0x15][0xfffffffc][0x1a]D[0xfffffff0][0xfffffff1]E[0xffffffef]K[0xffffffef][0xffffff98][0xffffff91][0x2]00[0x1b]-[0xffffffb4]X[0xffffffd8][0x12]4H[0xfffffffa][0xffffffd6][0xffffffdb][0x13][0xffffffed][0xffffff8e][0xffffffa0][0xffffffca][0x18]{[0xe][0xffffffcd]x[0xffffffd5][0x18]3[0xffffff8c][0xffffff9e][0xffffff88][0xffffffad][0xffffffe7]P[0xffffff97]o|p[0x13]U[0xffffffb5]W[0xffffffbd]][0x5]At[0xffffffae][0xffffffe1][0x1f][0xffffffb3]3>[0xffffff95]k[0x1][0xffffffb1]G[0xffffffef][0x19]H[0xffffffe9][0xffffffb7][0xffffff9a][0xffffffe5][0xffffffdf][0xffffff9d][0xffffffaf]5^[0x7f][0xffffff9e]H[0xffffffa2][0xffffff96][0xffffffc8]\[0xffffff9d][0xffffffa5][0xffffff8c][0xffffffdb]([0xffffff9d]z[0xffffffc7]U"[0xffffff84]=[0xffffffec]g3[0x11][0xffffff93][0x1a]z[0xffffffd8]%[0x1e]>t[0xfffffff8]6[0xffffffaf][0x6][0x1a]w[0xffffffe2]}([0xffffffc2]}[0xffffffce][0xffffffb6]][0xffffff8e][0x15][0xffffffd2][0xfffffff1]~V[0x6]}[0xffffff8a][0x5]It[0xffffff84]T[0xffffffd1][0xfffffff8]7RW[0x7f][0xffffffc2]{[0xffffffcf][0xffffffe3][0xffffff96][0xffffffe1]%[0xfffffffa][0xffffffd0][0xffffff82][0xffffff91][0xfffffff9][0xffffff8e]b[\n]"
10:24:15.340 [main] DEBUG com.github.dockerjava.zerodep.shaded.org.apache.hc.client5.http.wire -- http-outgoing-2 << "y;[0xffffffb8][0xffffffe1]<[0xffffffef].[0xffffffcd][0xffffff8d]Qb[0xffffffcd][0xffffffb4][0x17][0xffffff8e][0xffffffb6]][0x5][0xffffffa7][0xffffffb6][0xffffffb6]'[0xffffffe7]rt7[0xffffffcc][0x14][0xfffffffc]>[0xfffffffc][0xfffffffd]zGG[0xffffffe7][0xffffffb7])r|[0xffffffd4][0xfffffffe]"Ll[0xfffffff8][0xffffffdb][0xffffff9d]NW[0xfffffff1][0xffffffca][0xfffffff4]0c[0xffffffcd]8=b[0xffffffc5][0xffffffe0][0x4]?[0xffffffab][0xffffff81][0x6][0xffffffd8]f[0xffffff8e]A[0xffffffb3][0xfffffffd][0xffffffcd]/[0xffffffa6][0xffffffd1][0xffffffa6][0xffffffec][0xffffffc4]!2[0x2]2^[0xffffffb6][0xffffffbb][0xffffffef][0xffffff95][0xffffff93][0xc][0xffffff9f].[0xffffffe7]h[0xc]gW[0xfffffff0][0x5]ea[0xffffff83][0xffffff92][0xffffff96]f[#[0xffffff9c][0xffffff84][0xffffff9e]E-z[0xffffffea][0xffffff8c][0xfffffff1]R[0xffffff8c][0xffffff8a],[0xffffffd0][\r]m[0x1e][0xffffffec]4[0xffffff9f]n[[0xffffffc8][0x1d]1/[0xffffff8b][0xffffffd0]#[0xffffffdb][0x6]9[0xffffffcc]([0xffffffef][0xffffff83][0xffffffa2][0xffffffe0][0xffffffe4][0xf]M[0xffffffe4][0xffffffeb]|m[0xffffffd1]T[0xffffffc5][0xffffff82][0xffffffca][0x1e]Rg[0xffffffb9]_Y,U[0xffffffbd][0xffffff86][0xffffffd5][0xffffff8d]H[0xffffff83][0xffffffcc]xd[0x18][0xffffff9b][0xffffffc5][0xffffffb7][0xffffffbb][0xb][0xfffffff0][0xffffffa3][0x7][0xffffff9f][0xffffff88][0x2][0xffffffde][0xffffffef][0x1f][0xffffffca]([0xfffffffd][0xfffffff4][0xffffff82]5Gv[0xe][0xffffffc9][0xffffffed][0xffffffa2][0xffffffaf]o[0x13][0xffffffc4]*>R;Z~h[0xffffffa5][0xffffffd9]n[0x15][0xffffffdb][0xffffffab][0xffffffc7][0xffffffda][0xffffffcc]+[0x10][0xffffffb3][0xffffffe4][0xffffff99][0xffffffa1][0xffffffc7][0xffffff98][0xb][0xffffffa3]![0xfffffff9][0xffffffcc][0xffffffb8][0x17][0xffffffbe][0x11][0xffffffc8][0xffffffc5][0x5][0xffffff8b][0xffffff8e][0xffffffa5]l[0xffffff9c][0x11][0xfffffff6][0xffffffbd][0xffffffe8][0xffffff9c][0xffffffed][0x1b][0xffffffe2][0xfffffffe]|P[0xffffffb7][0xfffffffa]K|[0xffffffba]4[0xffffffe7][0xffffff97][0xb]7FP[0xffffffe1][0x16][0xfffffff3][0xffffffc0]L[0x7][0x7f][0xffffff9c]bM[0xffffffd6]M[0xffffff9e][0xffffffda][0xffffffe6][0xffffffb7][0xffffffc2][0xffffff85][0xffffffbb]W[0x4]ZSs[0xffffffc4]c[0xffffff92]c[0xffffffb0]{[0xffffffa6]V[0xffffff83][0xffffffd5][0xffffffbb][0xffffffe0]~[0xffffff92]Xh[0x15][0xffffff92][0xfffffff2][0xffffffb2][0xb][0xfffffff7][0x10][0xfffffff4]R'[0xffffffb7][0xe]b[0x13][0xffffff87][0xfffffff1][0xffffff82]I[0xffffffbc][0x1d][0xffffffb9]5|[0xffffffe3]a[0xffffffc6];[0xc][0xffffffdf]oF/[0xfffffff5][0xffffffd6]$[0xffffff8d][\r]A[\n]"
10:24:15.341 [main] DEBUG com.github.dockerjava.zerodep.shaded.org.apache.hc.client5.http.wire -- http-outgoing-2 << "[0xffffff9d][0xffffffad][0x13][0xffffff84]f[0xffffffda]%[\r][0xffffff9a][0xffffffdb][0x15][0xfffffffd][0xfffffffe]/,08[0x5][0x1e]W[0xffffff90][0xffffffb2][0xffffff90]87[0xfffffffb][0x16][0xffffff90][0xffffffcd][0xffffffbf][0x19]Q[0xffffffa7][0xffffff82][0xffffffd8]|[0xffffffb2][0xffffffe8][0xffffff97][0xffffffd5][0xffffffbb].\[0xffffffed][0xffffffb8][0xffffff9b][0xffffff9e]{[0xffffffed]}[0xffffffcc][0xfffffff9][0xffffffd3]/1`[0xffffffd8][0x14][0xffffffab][0xffffff87]_[0xffffff8a][0xe][0xffffff9a]W[0xffffff95]<[0xffffffd8][0xffffffea]G[0xffffffcb][0xfffffff2][0xffffffaa][0xffffff87][0xffffffe4]([0x18][0xffffffad][0xffffffc4][0xffffffd4][0xffffffa8][0x2][0x1c][0xffffffb3][0x2][0x1c][0xffffff88]~[0xffffffbb][0xffffffa8][0xffffff96]B!3k[0xffffffd2]=[0xffffffb8][0xffffffb5]`[0xffffffc3][0x1f][0xffffffe6]o;[0xffffff83][0xfffffff4]y[0xfffffffb]!x%[0xffffffd2][0xffffffaa][~[0xffffffff][0xffffffc8]HC[0xffffffb7][0xffffff95][0x18][0xffffffa7][0xffffffb9][0xffffffb5]X[0x13]i[0xffffffae][0xffffffb9]c*`8l[0x13]$[0xffffffc7][0xffffffa3]+n<([0xffffffde]n[0xffffffd0][0xffffffef][0xffffff93]y[0xfffffffc][0xfffffffd][0xffffffbb][0xffffffe9][0xffffffa4][0xffffffcd]) [0xffffff84][0x1][0x1e]A[0xffffffcd][0xffffffb8],1[0x8]*[0xffffffa1][0xffffffc3][0xffffffa1][0xffffffa2]>[0xffffffe8]BT[0xffffff94][0x16][0xffffffef][0xffffff93]{sjB[0xffffffbf]g[0x11]u[0x16][0xfffffff5][0xffffff95][0xffffff9b][0xffffffdc][0xffffffa7]r[0xffffffdd][0xffffffeb][0xffffffc8]8oIlS[0xffffffaf]ob[0xffffff98]:[0xffffff86][0xffffff8f][0xfffffff9]_[0xffffffde]'[0xffffffd2].M$[0xffffff99][0xffffffe1]o.4d[0xffffffa0][0xffffffd2]\[0xffffffa4][0xffffffd8][0xffffffec]g>[0xffffffa2][0xffffff9a]K[0xffffffcd]I[0xffffffa6]E[0xffffffdc][0x1a][0xffffffb9]_[0xffffffbd][0xffffffc4][0x17][0xffffff8e][0xffffffc8][0xffffffaa][0xffffff8a]DJ[0xffffff96]:_[0xffffffe9]0[0x16][0xffffffe8]l[0xffffff9c][0x1][0x1f],[0xffffffbf][0xffffffd7]~[0xffffffe2][0x17][0xfffffffd][0xffffffd5][0xffffff83]m[0xffffff84][0xffffff90][0x1c]}-A[0xffffffa2]i[0xffffffe1][0xffffffd3][0xffffffc3][0xfffffffa][0xffffffed][0x0]q[0xffffffd6][0xffffff80][0xb][0xffffffea][0xffffffa5]/P[0x12]NR[0xffffffac][0x3][0xffffffd3][0xffffffae][0xffffff8a]L[0xffffff80][0xffffff94][0xfffffffc]+B[0xfffffff7][0xffffffaa]L[0xffffff89][0xfffffff6][0xffffffed][0xfffffff6]W[0x6]a[\n]"
10:24:15.341 [main] DEBUG com.github.dockerjava.zerodep.shaded.org.apache.hc.client5.http.wire -- http-outgoing-2 << "[0x9][0x14][0xffffffee][0xffffff96][0xffffff80]w[0xffffff88][0xffffffa4]Q[0xfffffff8]4[0xffffffb8]4[0xffffff87][0xffffffe5][0xffffffd9][0xfffffff4][0xffffffdb][0xfffffffb][0xfffffffc][0xffffff9f][0xffffff81][0xffffff93][0xfffffffc]N]S.[0xffffffd5]Z[0xffffffe6][0x6][\r].[0xe][0xffffffc4]V[0xffffffd8][0x7]'[0xfffffff4][0xffffffa1][0x18]+[0xffffff80][0xffffffc9]#[0xffffffc9]U'[0x14][0xffffffee]iY[0xffffff8c][0xffffffe3][0xffffffba][0xffffffc4][0xffffffb2][0xffffffac][0xffffffe8][0x8]}m[0xffffff9b][0xffffff9e][0xffffff96][0x11][0x17]B[0xffffffc8]Q[0x2][0xffffffb2]B#[0xffffffcb][0xffffffc7][0x17][0xffffffbd]14[0xffffff87][0xffffff97][0xffffffdd][0xffffffa9]`[0xffffff89]:[0xffffffea][0x11][0xffffff96]6F[0xffffffd8]g[0xffffff94][0xfffffffd]-[0xffffffbc][0xffffffda]Q[0xffffff80][0xffffffb5][0xffffff9a]x[0xfffffffb][0xffffffc5]`Hk[0xffffff86][0x10][0xffffffe2]k^[0xffffffdf][0xe][0xffffff95][0x14][0xffffffa0][0xffffffb5][0xf][0x7]m[0x7]T[0xffffffb8][0xffffffe0][0xffffff8e][0xffffff8b]}[0xffffffd3][0xffffffc1][0x17][0xffffffdb]xxg~[0xffffff9b][0xffffffa1]q[0x9]0R[0xffffff9a][0xffffffff][0x1e]X[0xffffff9c][0xffffffcf]v[0xffffffc4]D[0xffffffe7][0xffffffb9][0xffffffef][0x18][z[[0x15][0xffffff9b]o[0x1e][0xfffffffe][0x1a]}[0xfffffff9][0xffffffbb]&[0xffffffef][0xffffff92]iT[0xffffffc1][0xffffff96]Y[0xffffff83][0x1b]E[0xffffffa1]'[0xffffff99][0xffffffdb][0xffffffe4][0xffffffa7]y[0xffffffc0]R[0xffffffad];x*[0xffffffea]%X[[0x13][0xffffffec][0xfffffffe][0x4][0xffffff97]u[0xffffffcc]Q[0xfffffffa][0x7]?[0xffffffa7][0xffffff88][0xffffffdf]U[0xffffffd2][0xfffffff7][0xffffffd5][0xfffffffd][0x1a]f[0xfffffff4]SG[0xffffffcb][0xffffffa4][0xffffffb8][0xffffffc6]N3[0x1][0xffffffc8][0xffffffbd]2[0xffffffda][0xfffffffb][0xffffff8f][0xffffffcf][0xffffff8f]\[9"[0xffffffc7][0xffffffb8][0xffffff91][0xffffffd8][0x11][0xffffff99]Iu[0xffffffac]X[0xffffffe4][0xffffffa5][0xffffffc1][0xffffffeb]/T[0xffffffd3][0xffffffc0]8q[0xffffffaf]o[0x16]{[0xffffffea][0xffffff90][0xffffffe2][0xffffffff]u[0xffffffab][0x1c]>v[0xffffffac]j[0xffffffb0][0xffffffbc]}ZU[0xffffff96]'hWB[0xffffffea][0xffffffc8][0xffffffa1][0xffffff84]:[0xffffff92][0xffffff8a][0xffffffac][0xffffffd3][0xffffffdc]j[0xffffff85]mMN'|`[0xffffffa6][0xfffffff1][0xffffff9b]'M[0xfffffff2]wi[0xfffffff6][0xffffff90][0xffffffb0],[0xffffffcc]c[0xffffffb4]K![0xffffff9d][0xffffffed][0xffffffd0][0xffffffc8]e[0x0][0xffffffd9][0xffffffa5][0xffffffcb][0xffffffda]L[0xffffffd5][0xffffffff]n[0xffffff95]^hP[0xffffff97][0xffffffa6]t[0xffffffc0][0xffffff90][0xfffffffe][0xffffff98][0xffffffba][0xffffffb8][0xffffff9f]"[0xfffffff4][0x4][0xffffffe1][0xffffffc4][0xffffff97][0xffffffd7] [0xb][0xffffff97][0xffffffc1]x[0xffffffe5][0xffffffb9]'[0xffffff87][0xfffffff5]<[0xffffffe1][0xffffffd0][0xffffff8e]{[0xffffffcb][0xffffff8f]_|u[0x12][0xffffff9f][0x6][0xffffffae][0xffffffdc][0xffffff80][0xfffffff4]c[0xffffffac]0[0xffffff98]o*El[0xffffffdc][0xffffffe2][0xffffffab][0xffffff8e]W$7[0xffffff8a][0xffffffcc][0xf]k9[0xffffff99][0xffffffbb][0x9]*L:1![0x13][0xfffffff2];k[0xfffffffc]>[0x1b][0xfffffffd] [0xffffffd2]'Q*[\n]"
10:24:15.341 [main] DEBUG com.github.dockerjava.zerodep.shaded.org.apache.hc.client5.http.wire -- http-outgoing-2 << "=[0xffffffb4]hB[0xf]%([0xc][0xffffffd2]#[0xffffffee]J[0xffffffa5][0xffffffef][0xffffff89][0xffffffe9][0xffffffba]6[0xffffffce];01ql[0xffffffd3][0xffffffce][\n]"
10:24:15.341 [main] DEBUG com.github.dockerjava.zerodep.shaded.org.apache.hc.client5.http.wire -- http-outgoing-2 << "/:7n![0xffffffaa]y/S[0xffffffa3][0x1e]%w[\n]"
10:24:15.341 [main] DEBUG com.github.dockerjava.zerodep.shaded.org.apache.hc.client5.http.wire -- http-outgoing-2 << "[0xfffffffa][0xfffffff4]![0xffffff87]m[0xffffffdd][0xfffffff8][0xffffffcb][0x16][0x7][0xffffff9b]n[0xfffffff4][0xffffffaf][0xfffffff3][0x18]1[0xffffffb6][0xffffff88][0xffffffa4]w~[0x0][0x0][0xfffffff9][0xc][0xb][0x0][0xffffffed][0x0][0xffffffe2][0xfffffff8][0xffffff9f]U[0xffffffd0][0xfffffffa][0xffffffbf]`][0xfffffff5]f[0xffffffe5]_[0xffffffbf][0xffffffc6][0xffffff87]E[0xffffffd6]}[0xffffffbe][0x1a]y[0xffffff9a][0x5][0xffffff87]5[0xffffffd7][0xffffffdf]uw[0xffffffda]*[0xffffffbe][0xffffff84][0xffffffce][0xffffff9a]c[0x19]6[0xffffffe4][0xffffffed]V[0x9][0xfffffff1][0x1b][0xb][0xf][0x8][0xffffffc6][0xffffff85][0xc][0xffffffaf][0x1a]QDP:T[0xffffffe8][0xffffffbf]U[0xffffffe6][0xffffffab]I[0xffffff9a][0xfffffff9][\r]|[0xffffffb8]Y[0xffffffd6][0x10][0xfffffffa][0xffffff8c]`[0xffffffe9][0x10][0xffffffec][0x13]][0xffffffc6][0xffffffd7][0x4][0x15][0xffffffb4]L[0xffffff84][0xffffffa4]3[0x2][0xffffffdc]+[0xffffffaa]7[0xfffffff8][0xffffffd8][0xffffffee][0xffffffe7]d[0xffffffe6][0xffffffcb][0xffffffa1]9[0xfffffff7]Y[0xffffffd6]=[0xffffffc9][0xffffffe4]k[0xffffffc4][0xffffffea][0xffffff81]h[0xffffff87][0xfffffffc]2%[0xffffffa1][0xffffffa2]L[0x5][0xffffff86]Yc,[0x15][0xffffffc2][0x3][0xffffffc8][0xfffffffd][0xffffffc0][0xffffffc4][0xffffffe7][0x4]l[0xffffff83][0xffffff97][0xb][0xfffffffe][0xffffffef][0xffffffab][0x2][0xe][0xffffffe0][0xffffff89][[0xffffffdd]/[0xfffffff0][0xffffff9c]A[0xffffffd1]C}[0xfffffff8]GD[0x1c][0xfffffffc]'d[0xffffff88]x[0xfffffffe]g\u[0x4]e[0x1e][0xffffffba]H[0xfffffffa][0xffffffd6][0xffffffe2][0x12][0xffffff8a][0xffffffd3]1[0xffffffbf]z[0xffffffbf][0x0]P[0xffffff82]X[0x1][0xffffffb2][0x3][0xfffffff1][0x3][0xffffffff][0xffffffec][0xffffffc8]`[0xffffffec] F[0x19]][\n]"
10:24:15.341 [main] DEBUG com.github.dockerjava.zerodep.shaded.org.apache.hc.client5.http.wire -- http-outgoing-2 << "[0xffffffea][0xffffffb6] 00[0x1e][0xffffffd1]W[0xffffff89]?[0xffffffb2][0xffffff96][0xffffffee][0xffffffd1][0xffffff97][0xffffffc7][0xffffffa4][0x3][0xffffffc7][0xffffffe3]f[0xffffff99]I[0x15][0xffffffc7][0xffffff85][0xffffff98][0xfffffffa][0xffffff99]G[0xfffffff7]7[0xffffff93]@,[0x10][0xffffffc5][0xffffffb1]A[0xffffffe5]&[0xffffffaf][0xfffffffb]![0xfffffff5][0xffffffba][0xffffffa6][0xffffff99][0x1c][0xfffffff7]/[0xffffffc8][0xffffffd0][0x1a]@B[0xfffffff9][0xffffffb3],k[0x4][0xffffffca]<[0xffffffb6][0xffffff92][0xfffffff4]mn[0xfffffff2]x[0x4][0xffffff93][0xffffff82][0xffffffcb]=[0xffffffdf][0xffffff9a]C[0xffffffaf][0x11][0xffffffdc]R[0xfffffffe][0xffffffa7][0x11][0xffffffbf]Fp[0x19]z[0xffffffe9]lF[0xffffffc9]@4[0xffffff99][[0xffffffce]!H.[0xffffff9f]O[0xffffffb1][0xfffffff3]"[0xffffff97][0xffffffa8][0xffffff88][0xffffff9a][0xffffff86]Q[0xfffffff2];[0xffffffdd][0xffffffb8][0x1d][0xffffff9b][0xffffffda][0xffffffaa][0xffffffa5][0x7f][0x17][0xffffffcf][0xffffffc9][0xc][0x0][0x0]p[0xffffff83][0x5][0x0]g[0x0][0xffffff89][0xffffffe5][0xffffffcf]J[0xffffffae][0xffffffd5][0xffffffbf][0xfffffff1]b[0xffffffd8][0xfffffff7][0xffffffe7]~[0xffffffde]*[0xffffff9a][0xfffffff4][0xffffff90]5S[0x6][0xffffffa9][0xffffffb4]e.@[0xffffffd7][0xffffff94][0x13].+[0xb]=z9[0xffffffa1]h[0xffffffe0]T[0xffffffff]6[0xffffffbd][0xffffffe0][0xffffff9a][0xffffffff]yn[0xffffffee]b[0xffffffef]T[0xffffffad]I[0xffffffc3][0xffffffe9][0xffffffd4]A~[0xfffffff2][0xffffffbe]=[0xffffffd7]ys~[0xfffffff3]o[0xffffffc6][0x6][0xffffffef][0xffffffab]L[0xffffff9f][0xffffffe6][0xffffffd4]qm[0x6][0x0][0xffffffc0][0xffffffe7][0xffffff9f][0xfffffff8]1[0xffffff92][0xffffffca][0xffffffff][0x1]?V[0xffffffaf]#[0x18]7[0xffffff84]V[0xffffffcb][0xffffffd2]5[0xffffffcf]@[0x1][0xffffff80]c[0xffffff92]p[0xfffffffd][0x12][0xffffffea][0xffffff97][0x1f][0x6][0xffffffd7]N}[0xffffffa3][0xffffffcc]B[0xffffffab]J[0xffffff9a][0x2][0xf]c<T<[0xffffffc7][0x12][0x1a][0x7f]3[0x1c][0xffffffe8][0xffffffe3][0xffffffbf][0xfffffff0]cc[0x0][0xffffffc9][0xffffffe5][0xffffffcf][0xffffffc5][0xffffffd6][0x2]e[0xffffffd1][0xffffffbb]H[0xfffffffa][0x2][0xffffff84][0xffffffa5]e[0xffffff96]apd[0x16][0x0][0x8]W"r[0x7][0xffffffbd]8[0xfffffff7][0xffffffe0][0xffffffe2]?[0x19][0x3][0xfffffff9][0xfffffffb][0xffffffdb]*[0x17][0xffffffff][0xffffffdd][0x7f][0x1b][0xffffffe7][0xffffffff][0xffffffaf][0xffffff9a][0xffffffb5]![0xffffff80][0xffffff94][0xfffffffc][0xffffffa7][0xffffffe0][0xffffffd2][0x0]e1[0xfffffffe][0xffffffb5][0xffffffaa][0xffffffed][0xffffffb7][0xffffffd3][0xffffffbf]R[0x1][0xffffffad][0xffffffb4]l[0xffffffb7]x[0xc][0xffffffa3][0x1d][0xffffff8f][0xffffffff]Xz[0x7]w[0xfffffffc]_8[0xfffffff6]?[0xffffffaf][0xffffffd0][0x6][0x16][0x0][0xffffff81][0x0][0xffffffa4][0xffffffc6]?I[0xffffffcc][0xffffff87][0x7f][0xffffffa3][0xffffffca][0xffffffb0][0xffffffbe]-i[0xffffffe7]8[0xffffffe0][0xffffff86][0x6][0xffffffc1][\n]"
10:24:15.341 [main] DEBUG com.github.dockerjava.zerodep.shaded.org.apache.hc.client5.http.wire -- http-outgoing-2 << "X[0xffffffc5]}[0xfffffff4][0xffffffe1][[0xffffffb3][0x13])JX[0xffffffe2][0xffffffca]4M@[0xffffff82][0xffffff8e][0xffffffd9][0xb]xO[0x10][0xffffffe6]IM[0xffffffc7][0xe]w[0xffffffaa]w[0xc]92[0xffffffb7]k2[0xffffffdb][0xffffffe1][0x1c][0xffffffed]Mgj[0x1c][0xffffffae][0xffffff9d][0xfffffff7]U[0xfffffffb][0xffffffb9]Ui[0xffffff92]/[0xffffffcb][0xffffff8f]Sv/u:[0x1c][0xffffff85][0xffffffd8][0x16]l[0xffffffaa]bb[0xffffffdd][0x14][0xffffffbb][0xffffffcf][0xffffffbc]K[0xfffffffa][0xffffffac][0xffffffd0][0xffffff91]>g[0xffffff8d][0xffffffae][0x13][0xffffffe4][0xfffffff9][0xffffff95][0xffffffa4]P[0xffffff88]ok[0xffffffa0][0x12]B[0xffffff9f]L[0xfffffffe][0xffffff8e][0xffffffe3][0xffffffd3][0xffffff93]`[0xfffffffc][0xf][0xffffffc8] [0xffffff9b][0xffffffbf][0xffffff95][0xffffffa8][0x11][0xffffff8c][0xffffff95][0xffffffda]l#[0xffffffe9][0xffffffb9][0xfffffff7][0xffffffa2]_[0xfffffff9]4[0x11]Y[0xfffffff2]<u[0xffffffd4]m[0xffffffd1]j[0xffffffc1]t[0x6][0xffffffa6][0xfffffff0]([0xfffffff7]d[0xffffffda][0xffffffee][0xffffffb8][0xfffffffc][0xffffffb7]7[0xfffffff9][0xfffffffb][0xffffffc8][0xffffffd2][0x1d][0xffffffc6]p[0x4][0xffffffe1]w[0xffffff8e][0xffffffb0]u-X4-5[0xfffffff4][0x9][0xffffffc3][0xffffffbd][0x1e]N[0xffffffa9][0x12][0xffffff86][0xffffffd5][0xffffffa8][0x7f]ROG[0xffffffc3][0xfffffffb][0x11]2[0xffffff95]  P[0xffffff8b][0xfffffff0][0xffffffa1]Z[0xffffffaf]m[0xffffff86][0xffffffec][0xffffffbd][0x0][0x0][0x8][0x1][0x16][0x0]t[0x1][0xffffffa4][0xffffffc5]?=K[0xfffffff5]/[0xffffffc0]Z[0xffffffbd][0xffffffd9][0xffffff8a]L[0xffffffbd][0x18][0xffffff9c]H4[0xffffffb1][0xffffffe3][0xffffffab]?[0xffffffae][0xffffff9d][0xffffffb1][0xfffffff8][0x5][0xffffff96]s[0x1b]t[0xffffff9f][0xc][0xffffffd6][0x1f][0xfffffff3][0xffffff82][0xffffff9e][0xffffff87][0xfffffffc])[0xfffffffb]w[0xffffffe8][0xffffffaa]GB[0xffffffd1][0xffffffb7][0x7f][0xffffffac][0xffffffb5][0xffffffc5]?[0xffffff9b][0xffffffc1] =[0xfffffffd][0xffffffe9]]*[0xffffffa0],[0xffffffc7][0x7f]l%xp}[0x17][0xffffff9e][0xffffff89]3[0xffffffec][0x1e][0x10]R[0xffffffbf][0xffffff93][0xffffffdb][0x1f][0xffffffe5][0xffffffc9][0xfffffffe]O[0xffffffa6][0xffffffa0][0xffffffcb][0x10][0x7f]Jg[0xffffffff][0xffffffcd]h`[0x12][0xffffffff]j[0x6]c[0x8] [0xffffffe3][0xfffffffd][0xf][0xffffffb7]r[0xffffffb6][0xffffff92][0xfffffff4][0xffffff85][0xffffffbb][0xffffffb6][0xffffffc9][0xffffff98][0xffffffab][0xfffffff0][0x9]4[0xffffffe1][0xffffffd9][0xffffff9f]7[0xfffffffd][0xffffffcf][0xffffff86]8[0xffffffbc]8[0xffffffe6]X[0xfffffffe][0xffffff86][0xfffffff5][0x0][0x1d]}[0xffffffab][0xffffffb3]H[0xffffff8e][0xfffffffd][0xffffffcb][0xffffffad][0x0][0xb][0x0][0xffffff99][0xffffffef]O[0xffffffb7][0xffffffd2][0xffffffff]7[0xffffff8a][\r][0xffffffeb][0xffffff9b][0xffffffaa]2[0x14][0x1c][0xffffffc0][0xffffffa4][0xffffffab]`[0xffffffb4][0xffffffb3]t[\r]@[0xffffff97]3[0xffffff80]=[0xffffffbe][0x18][0xfffffff8]L%[0xfffffffa][0xfffffffe][0xffffffa2]W[0xfffffffd][0xffffffbb][0xffffffa5][0x7][0x7][0xffffff98][0xfffffff9][0xfffffffa][0xffffffa2]v[0x1f][0xffffff9c]]g[0x1a]~[0xffffffe9][0xffffffb4][0xffffffa2][0xffffffed]s[0xffffffdd][0xffffffff]T[0xffffffde][0xffffffdc][0xffffffec][0x9][0xfffffff9]W[0xffffff83] U[0x0]Y[0xffffffef][0xffffffcf]@#[0xfffffff3][0x17]x[0xffffffad]^[0xffffffcb]![0xffffff99][0xffffffff]U[0x2][0x1d]3[[0xffffffd2]P[0xffffff88]+[0xfffffff8][0xfffffff0][0xffffffbf][0xffffffdf][\n]"
10:24:15.341 [main] DEBUG com.github.dockerjava.zerodep.shaded.org.apache.hc.client5.http.wire -- http-outgoing-2 << "[0xffffff8e][0xffffffb6][\r]%[0xffffffc9][0x7f]7[0xffffffb2]T[0xffffffe7][0xffffffbf][0xffffffb8]bm[0x0][0xffffffd9][0xfffffff7][0xffffffcf]ES[0x6]e[0xfffffffd]t[0xffffff91][0xfffffff4][0xffffff85]G[0xffffffb8]1nJ[0xfffffffd]eH[0xfffffffd]3[0xffffff8c]eL[0xffffffe8]?[0x18][0xffffff81][0xffffffc6]w[0xffffff9b][0xffffffff][0xffffffdf][0xffffffdd][0xffffff9a]f[0x7f][0xffffff8d][0xffffff94][0xfffffffd][0xffffffe7][0x6][0xffffffaf][0xc][0xffffffca]j[0xffffffb4][0xffffff92][0xfffffff4][0x5][0xffffffc0]{Wh[0xffffff90]<+m[[0x7f][0xffffffff]G[0x1b][0xffffffe0][0xffffffd6]y[0xffffffb6]*[0x7f][0x17]W[0xfffffffe][0xffffffda]t[0xffffffcc]`[0x1][0x18]l[0x0][0xffffffb9][0xfffffffb][0xffffff8f][\r][0x1d][0x6][0xfffffff9][0xffffffdf]86[0xfffffffc];I[0xffffff85][0xffffff9a][0x16][0xffffffd5]9[0x1]Ax[0x7f][0xffffff8a][0xffffffa8]LVQ[0xffffffca][0xffffff9b][0xffffffc1]Gp+^r[0xffffffcf][0xfffffff3][0xb]^[0xffffffdf][0xffffff81]wj[0xffffffb6][0xffffff83][0xffffffcd][0x1f]G[0xffffffa9][0xffffffa4][0x16]XQ[0x15]8[0xffffffcb]n[0xffffff8e][0xffffffab]:[0xfffffff9][0xfffffff3][0x19][0xe]9Uv[0xffffffe2][0x1e][0xffffff8a][0xffffffe3]?g][0xffffffd8][0xffffff9c],V[0x10][0x14][0xfffffff0][0x5][0x1e](*[0x18]-[0x1d]Xs[0xffffffdd]_[0xffffffcc][0xffffffe3]q[0xffffff90][0xffffff9a][0xffffffc2][0xffffff87]|DP[0xfffffff6][0xffffffb2][\n]"
10:24:15.341 [main] DEBUG com.github.dockerjava.zerodep.shaded.org.apache.hc.client5.http.wire -- http-outgoing-2 << "[0xffffffe1][0xfffffff8][0xffffffa4]c[0x1d]{u[0xffffffa6][0xffffffb8]x[0xffffffe4][0xffffffe0]I[0xffffffa2][0xffffffae][0xffffffb0][0xffffffa3][0xffffffc3][0xffffffa6][0xffffffac][0xffffffad][0xffffffb9][0xffffffd6][0xffffffea][0xffffffcb]G[0xffffffa7]~[0x1c]O[0x1a][0xffffffac][0xffffff90][0xffffffe5]![0xffffffd2][0xffffffe2][0xffffffe7]?8[0xffffffc4]n[0xffffffe7]X[0xffffffe8]?[0xfffffff0][0xffffff99]R[0xffffffac][0x1c][0xffffffd7][0xffffffc3][0xffffffe3][0xffffffd2][0xffffffcb][0xffffff88][0xfffffff6]`2[0xffffffbf][0xffffff80] [0xffffffdb][0xffffffee]i[0xffffffb5][0xffffffe3][0xffffffb7]X[0xffffffc1][0xffffff9a][0x2]1[0xffffffbf][0xffffff8f]^d[0xffffffdb]H[0xfffffff7]/[0xffffffe8]S[0x1][0xffffffe5][0xffffffb5][0xffffffd5][0xffffffe3]3[0xffffffee][\n]"
10:24:15.341 [main] DEBUG com.github.dockerjava.zerodep.shaded.org.apache.hc.client5.http.wire -- http-outgoing-2 << "'[0xffffffe8][0xffffffa5]cKE[0xffffffca]i[0x1d][0xffffffee]*[0x12][0xffffffd7][0xffffffd3][0xffffffdd]"[[0xffffffd9]`[0xffffff97][0xfffffffc][\r]M[0xffffffe5][0xffffffce]@[\n]"
10:24:15.341 [main] DEBUG com.github.dockerjava.zerodep.shaded.org.apache.hc.client5.http.wire -- http-outgoing-2 << "[0xffffffe3][0x0][0xffffff8a][0xffffffd0][0xffffffa5]t[0xe][0xffffffee][0xffffff8d]"[0xffffffb7]y[0xffffffcf][0xffffffd5]/V[0xe]6G<d[0xfffffffb][0xffffff9d][0xffffff99][0xffffffd9]Y[0xffffffd7]wy][0x5]-[0xffffffa1]O[0xffffffa2]A[0x1e][0xffffffea][0xffffffa3][0xffffffe2][0xffffffea][0xffffff99][0x1d]7?[0xfffffff7][0xffffffe4][0xfffffff9][0xffffff8d][0xffffffb5]_.lW[0xffffff8b][0xffffff83][0x18]]]]><![CDATA[>[0xffffffaa][0x5]p[0xfffffff9][0xfffffff9]0[0xffffffc9]v[0xffffffc5][0xffffffc9][0xffffff80]Y[0xffffffd1][0xffffffeb]=[0xffffffa0][0xffffff85]&[0xffffffc7][0x12]k[0xffffffcb]~[0xffffffa0][0xffffff90]a[0xffffff8f][0xffffffaf][0x1c]t^U[\n]"
10:24:15.341 [main] DEBUG com.github.dockerjava.zerodep.shaded.org.apache.hc.client5.http.wire -- http-outgoing-2 << "[0xffffffeb][0xffffffd9][0xffffffec][0xffffff9e][0xffffff95][0x13][0x15][0xffffff85]z_S[0xffffffac]_9[0xe]L[0xffffffdb].WTMD#[0xffffffc4] [0x7f][0xffffffe9][0xffffff8e][0xffffffdf][0xffffffb5][0xffffffb7][0xffffffe1][[0xffffff8a][0x8]+[0xffffffa9][0xfffffff7]^[0xffffffe5]gh[0xffffff9f][0xffffff81][0xffffffdb][0xffffffa4]}V[0xffffff8a][0xffffffb7][0xffffffed]DL[0xffffffab]6[0xffffffbd][0xffffffee][0x17][0xffffffe6]I[0xffffffe6]9[0xffffff89]'[0xffffffb6][0xffffffca][0xffffff85][0xffffff9a]o"[0xffffffcd]0[0xfffffff5][0xffffffcc]1 [0x7f]#[0xffffffa3]%[0x18][0xffffff89]#[0xffffffe5]Y[0x8]w[0xb][0xffffffdd]H[0xffffffcd][0x13][0x1c]}[0xffffff9f]r![0xffffff9c].[0xfffffff0]L%[0xe][\r]9=[0x18][0xffffffde]c[0xfffffff9][0xfffffffa]X[0xffffffda]nxX[0xffffffe2][0xffffffb7][0xfffffff4][0xffffffd3][0xfffffffc][0x1b][0xffffffea][0xffffffb1][0xffffff9d][0xffffffe8][0xffffff97]6[0xffffffa2]1H[0xfffffff3]lW9[0xffffffa6]-G[0x9][0x16]Q[0xffffffbf][0xffffff8f][0x1e]2[0xfffffffe])[0xffffffa9][0xffffffc7][0xffffff86][0xffffffe1][0xffffff93][0x1b][0xffffffa5][0xffffffe9][0xffffffa8][0xffffffce]`![0xffffffc8][0x9][0xffffff8d][\n]"
10:24:15.341 [main] DEBUG com.github.dockerjava.zerodep.shaded.org.apache.hc.client5.http.wire -- http-outgoing-2 << "'[0xffffffd2]`Q'+[0xc][0xffffffef]W[\n]"
10:24:15.341 [main] DEBUG com.github.dockerjava.zerodep.shaded.org.apache.hc.client5.http.wire -- http-outgoing-2 << "Vg/|'[0xffffff9b][0xffffffac]V[0x17][0xfffffff3][0x5][0xffffffbd][0xfffffff7]g:eQ_rtU[0xffffffef]M[0x7f][0xffffffc3][0xb]([0xffffffcf]FI[0xffffffd5][0xffffff94][0xfffffff1]G[0xfffffff5]n[0x7][0xffffffd1][0xffffffb1]F[0xffffffab][0x7f][0xffffffe4][0xffffff9c][0xfffffff3][0xffffffca][0x9][0xffffffa1]U[0xffffffd3]f[0x14]bus[0xffffffa5][0xfffffff8][0xffffffd1][0xffffff84]muF[0xffffffd3]^[0xfffffff9][0x3][\r]\.[0xffffffcb][0xffffffcb]w[0xffffffdd] [0xffffffa8]T5i[0x19][0xffffffb9][0xffffff85][0xffffffe1],[0xffffffdb][0x1a]q#+[0x1c][0xffffffa7]#"KBG[0xffffffb2]l[0xfffffffe]u[0xffffffb9][0xffffff93][0x12][0xfffffff7],[0xffffff80][0xfffffffe][0xffffffdb]Q[0xffffff83][0xffffff89][0x1].[0xffffffbc][0xfffffff8][0xffffff9d]l[0xffffffa2][0xffffff90][0xffffffe9]X[0x7]A[0xffffff82][0x2][0xfffffffe]v[0xffffff9d][0xfffffffb][0xffffffc3]@Dl[0xffffffc7]4[0x13][0xffffffc6]4[0xffffffea]K)V[0xffffffe9][0xfffffffb]/v[0xffffffad][0xffffff9b]C[0xffffffde]M[0xffffffea]m[0x17][0xffffffec]u.[0xffffffcb][0xffffffea][0xffffffea]W[0xffffffcb][0x0]2[0xffffff8b]{[0xffffff84][0x11][0xffffffa4][0xffffffe3][0x8]o+o[0xb][0xffffff89]5[0xffffffe2][0x1][0xffffffec]:[0xffffffb4][0x12]g[0xffffff99][0xffffff9f][0x1c][0xc][0xffffffdd](u1[0x6][0xffffffae]-[0xffffffc3]7[0xfffffff5]Y[0xffffffbf]sz[0xffffff82]g=[0xffffffe6][0xffffffa3][0xffffff93][0xffffffa7]H-[\r]?[0x5]![0xffffffae]c@d[0xffffffae][0xffffffa6]h[0xffffffbb][0xffffff9d][0xffffffe9]8e[0xe]:[0xffffff9b][0xffffffac]s>;}[0xffffff81]&E[0xffffffe3][0xffffffc9]N[0xfffffffb]^"[0xffffffee][0xfffffff8][0xffffffe2][0xffffffa9][0xffffffdd]{5[0xffffff92][0xffffffe7][0xffffff8c][0xffffff8c]@[0xffffffbb][0xffffff80][0xffffffb1]gQ[0xffffffb7][0x18][0xfffffff5][0x1b][0xffffff8d][0x11][0x1]i[0xffffff85][0xb]\[0xffffffe3][0xffffffa7][0xffffff9f][0xfffffff4][0xffffff96][0xffffffd6]d[0xffffffe8][0xffffff96][0xfffffffa][0xffffff9c]H[0xffffffb4]?,[0xffffff98][0xb]*[0xffffffb4]oo[0x12][0x1d]d[0xfffffff8]Llv6%[0x17][0xffffffc2]v[0xffffffea][0xffffffb8][0xffffffdc]v8[0xffffffbf][0xffffffae]r[0x18][0xffffff9f]egt[0x4][0xffffff97]0[0xffffffd4][0xffffffcb][0xffffffd7]X[0xfffffff8]Qx[0xffffffd1])[0xffffffe3][0xffffff8e][0xffffff8f][0xffffffda][0xffffffdf]r[0xfffffffc]!W[0x8]=#>KQ[0xfffffffe][0xffffffde]p[0xffffff99][0xffffffff]:[0xc][0xfffffff6][0xffffff92][0xffffffbc][0x1]w[0xffffffe3];~m[0xffffff9c][0xffffff88][0xffffffe5][0xffffff8a][0xffffffb2][0x19]Y[0xfffffff6][0xffffffbc]0[0xffffffee]$\u;[\n]"
10:24:15.341 [main] DEBUG com.github.dockerjava.zerodep.shaded.org.apache.hc.client5.http.wire -- http-outgoing-2 << "[0xffffff8f][0xffffff93][0xfffffffa][0xffffffce][0xffffffdb]pybk[0x6][0xffffffe7][0xffffffa9][0xffffffc4]B[0x14][0xfffffff4]@W[0xffffff8d]z[0xfffffffa]2[0xffffffb8]lX[0xffffffde]D2![0xffffffa4][0x5]/[0x3][0xfffffffb][0xffffffc4]FC[0xffffffea][0x2][0xffffffa6][0xfffffffd][0xffffffb5]Y$][0xfffffff9]>[0x1e][0xffffffc9][0xffffff9e][0xffffff9c][0xfffffffe][0xffffffdb][0xffffff85]J[0xffffffa0][0xffffffa3]z|[0xffffffd7][0xffffff93][0xfffffff6]t[0xffffffc8][0xffffffa7][0xffffffb1][0x8]Q[0xffffffbd][0xffffffcf][0x14][0xffffffd9][0xffffffdb]R[0xffffffb8][0xfffffffe]^[0x17][0x1][0x1a][0x3][0xffffffef][0x8]f[0xffffffe0]kf[0xffffffbe][0xffffffde]9[0xffffff93][0xffffffd0][0xffffff8f][0xffffffa4]U[0x1c][0xffffffd4][\n]"
10:24:15.341 [main] DEBUG com.github.dockerjava.zerodep.shaded.org.apache.hc.client5.http.wire -- http-outgoing-2 << "[0xffffffef][0x1][0xffffffb7][0x8]{_[0xffffff8f][0xffffffbb][0x2][0xffffff90]\w[0xfffffffc]g[0xffffffa0][0x2][0x14][0xffffffe5][0xf][0xffffff9b]rL[0xffffffaa][0xffffffc1][0x1a]X[0xffffff8a][0xfffffffb]dG[0x16][0xc]2<[0xffffffdc][0xffffffad]8Y[0xffffffc9][0x18][0xffffffaf][0x4][0x18][0xffffffd3][0x5])|[0xffffff8a]"[0xffffffbd][0xffffffb6][0xffffffd7]Aj[0xffffffad]V[0xffffffd5][0xffffff84][0xfffffff1][0xffffffbf][0xe]^[0xffffffa6][0xffffffab][0x14]E[0xffffff9e]{[0xffffffad][0xffffff94]&[0x10]o[0xffffffc5][0xffffffca][0xffffffdb][0xffffff86]Lb4PM[0xffffffac]s[0xffffffd2][0xffffff89];|/x7[0xffffffb2][0x6]O[0xffffffb7][0xffffffd2];[0xffffffe7]0id[0x17][0xffffff9c][0x7f]y[0x6]N[t[0xffffffb8][0xffffff82][0xffffffdd][0xfffffff2][0xfffffff8][0xffffffa5]L[0xffffff9a][0xffffffb0][0xffffffc6]t[0xffffffa4][0xffffff87][0xffffff88]{[0xfffffff7][0xffffffd2][0xfffffff0][0xffffffb0]'[0xffffff87][0xc]7[0xffffff85][0xffffffd5][0xffffffe3]V[0xffffff8a][0xffffff9d]"[0xfffffff5][0xffffff83];[0xffffffa4]%JNW[0xffffff97][0xfffffffc]l[0xffffffdb]L[0xfffffff4]/[0xffffffc3]j[0xffffffbc]:d[0xffffff80][0xffffffe0][0xffffffc4][0xfffffff6][0xffffffe3][0x7f][0xffffffa9]p[0xffffffbd][0xfffffffc][0x10][0xffffffc6][0xfffffffe]*`[0xffffff95][0x13][0xfffffff9]k`[0xffffffc6][0xffffffac][0xffffffdc][0xffffffc3][0xffffffb9]$[0xffffffe5]+[0xffffffdf]6[0xffffffb2]~([0xffffffe9][0xffffff93][0x9][0xffffffe9]!?[0xffffffe7][0xfffffff2][0xffffff9e][0xffffffa8][0xffffffb8][0xffffff85][0xffffffe3]K[0xffffffd1][0xffffffc6][0xf]~E[0x1][0x16]<IQ[0xffffff81][0xffffffd9][0xffffff96]Zsk[\n]"
10:24:15.341 [main] DEBUG com.github.dockerjava.zerodep.shaded.org.apache.hc.client5.http.wire -- http-outgoing-2 << "a[0xffffff99][\r]:[0xb][0xffffff95][0xffffffc3]7[0xffffffd9][0xffffffad][0xffffffa2][0xb]R[0xffffffb5][0xffffffc0][0xffffff98][0xffffffce][0xffffffc8][0xfffffff4][0xfffffff7][0xffffffe2][0x11][0xffffff95][0xffffffbc]/0_[0xffffffcd]7[0xffffff92][0xffffffc1][0xffffffca][0xffffffe2]~[0xffffff97]/[0xffffffd5][0xffffff86][0xffffff8e][0xffffffaa][0xffffffcf][0xffffffbf][0xffffffb6]z[0xffffff8f][0xffffffb6][0x1c]-z[0xffffff91]FK[0xffffffa2][0x11][0xffffffb2][0xffffff9e][0xffffffa7]`[0x17][0x11][0xffffffe7][0xffffff9e]P:[0xfffffff2][0x7f][0xffffffcc][0xf][0xb]V[0xffffffc0][0x14]N[0xfffffff9][0xffffffa6][0xffffffed]n[0xffffffa9][0xfffffff8][0xffffffcd][0xfffffffa][0xffffffe8]![0xc][0xffffffe6][\r];[0xffffffd1] [0xfffffff7][0x7][0x4][0x1f][0xffffffe4][0xffffffbe][0xffffffdd][0x6]C[0xffffff8d]G[0xffffff9b]2[0xffffffd4]s[0xffffffc6][0xffffffc4][0xffffff85]R[0xffffff8b]4[0xffffffa8]Ku![0xffffffe9][0xfffffff9][0xffffff87][0xfffffff2][0xffffffe5][0x9][0xffffffee][0xffffff8f];[0xfffffffa][0xfffffff9][0xffffff87][0x10][0xffffffae][0xc][0xffffff87]d[0xffffffff][0x8][0xffffffc7]M[0xffffffb4][0xffffff94][0xfffffff8][0x14][0xffffffa0])[0xffffffcf]Aj[0x15]_[0xffffffbb]5[0xffffffb9]x[0xffffffe4]m;Jfsw[0xffffff98][0xffffffaa][0xfffffffc][0xffffff98][0xffffffe7][0xffffffed][0x0]&[0xffffffab]'8[0xffffff9f][0xffffff88]Y[0xffffffba][0xffffffb9][0xffffffda]h[0xffffff93][0xfffffffd]l/[0x5][0xffffffce][0xffffffc5][0xffffffae][0xfffffffb]<[0xffffff93][0xffffffce]4!#[0xffffff97][0xffffff84][0xffffffdf]+2'EH[0xfffffff7][0xffffffb9][0x1][0xffffffd7][0xffffff92]Z[0xffffff91]ix/[0xffffff83][0xffffffef][0x19][0xffffffa5][0x16][0xffffff87][0xffffffd7]]+[0x1f][\n]"
10:24:15.342 [main] DEBUG com.github.dockerjava.zerodep.shaded.org.apache.hc.client5.http.wire -- http-outgoing-2 << "[0xffffffe7][0xffffffe4]#X[0xffffff8e]4v}[0xffffffc6][0xffffffaa][0xfffffff7]![0xc][0xffffffbc][0xffffffe8][0xffffff85][0x5][0xffffffa5][0x6]9[0xffffffe1]-"[f[0xffffffb2][0xffffff86]@[0xfffffff2]y[0xffffffda][0xffffffd4]E[0x17][0xf]RT[0xffffff83][0xffffffec]|d[0xfffffff6][0xffffff82][0xe]J[0xffffff91][0xffffffc9][0xfffffff3][0xffffffa6]9[0xffffffca]cj[0x10][0xffffff83]|'[0xffffffb2][0xffffff9c][0xffffff9f]![\n]"
10:24:15.342 [main] DEBUG com.github.dockerjava.zerodep.shaded.org.apache.hc.client5.http.wire -- http-outgoing-2 << "[0xffffffae]3[0x17]`oh[0x5][0xffffffed][0xffffffd8][0xffffffa7]z[0xffffffd8][0xffffff9d];:[0xffffff95][0xffffffbe]Y[0xffffff92][0xfffffff9]z[0xffffffab][0xffffffc5]b[0x10][0xffffff9f][0xffffffcd]kD[0xffffff81]-[0xffffff97][0x7f][0x6][0xffffff94]m[0xffffffaf][0xffffffab][0xffffffae][0xffffffb8]\U\[0xffffffea][0xffffffcf][0xffffffc0]=[0xffffffee]<[0x6][0xffffffc2][0xfffffff9][0x1e][0x2]G[0xffffffd6]J[0x11]F[0x3][0xffffffa4]Xu[0x8][0x12][0xffffff94][0xffffffa4]i[0xffffffa0][0xffffffdf]<[0xffffffd7]>[0xffffffbd][0xffffff92][0xffffff96][0x10][0x1b][0x6][0x12][0xffffffc6]w[0xfffffff0][0xffffffe0][0xfffffffd]ju[0xffffffa5]~J[0xffffffc8]Uj[0xffffffef][0xffffffb7][0xffffffa7][0xffffffc4][0xffffffbd][0xffffffad][0xfffffff9]"[0xfffffff1]D4L[0x2][0xffffff97][0xffffff8a][0xffffffd0]sa[0xffffffef][0xffffff87])[0xffffffd3][0xffffff91][0xffffffb7][0xfffffffd][0xffffff8b][0xffffffb7][0xffffffdd][0xfffffff7]r[0xffffffa9][0xffffffc2][0xffffffaf][0xffffff90][0xffffff9f][0xffffffd9][0xf][0xb][0xfffffff0][0xffffffcc]V[0x13][0x1f]Xh.[0xffffffc5][0xffffffde][0xffffffca][0xffffffc3][0xffffff91][0xffffffcb]Yy[0x19][0x10][0xffffffc7][0xffffff95][0xffffffc7]1j-[0xffffffba][0xffffffc2])[0xffffffa8][0x19][0xffffffdd][0xffffffc4]{[0xffffffeb][0xffffffd4][0xffffffee][0xffffff99][0xffffff99][0x3][0xfffffff4][0xffffffb5]F[0x1d]C|[0x16]<[0x1c]S[0xffffffb0][0x1b][0xffffffe3][0xffffffb5]M<Q[0xffffffbe][0xffffff86]`[0xffffffb6]:[0x16][0x15][0xffffffc3]p^[0xffffffda][0xffffffca][0xffffffc0][0xffffff8f][0xffffffdc][0xffffff92][0xffffff9f]%Q[0xffffffea]8[0xffffffb7]h[[0xffffff9c][0xe][0xffffffa6]^Gb[0x17](V[0x5]5[0xffffffb5][0xffffffc9])[0x1a]h[0xffffffd3]UwLok[$V|[0xffffffbb][0x1][0xfffffff1][0x7f][0xffffffb7]C[0xffffffcf]Ek([0xffffffd4]1[0xffffffd1]h*[0xffffffe7][0xfffffff7][0xffffffaf][0xffffffd5][0xffffff83][[0x12]<[0xb][0x9]Q[0xffffffe4]@[0xfffffff6][0xffffffe4]P[0x13]ZY[0x1b][0xffffffb7]C[0xffffff8e][0xffffff9b][0xffffffc5]6[0xffffffd6][0xffffff8d]D[0xffffff85]1[0xffffff82]2[0xffffffef][0xffffffbb]0[0xffffffc9][0xffffffdd]*[0xffffff8e]h[0x3]c[0xffffffe7][0x6][0xffffffcf][0xffffff9a].w[0xfffffff8][0x1e]U[0xffffffe4]'[0xffffffec][0xffffffe8][0xffffffe6][0x12]RtG[0xffffffad][0xffffff87][0xffffffb7]k[0xffffffa4]^[0xffffff93]/[0xffffffd3][0xffffffa8]fd[0xffffff97][0x7][0x7][0x1][0xffffffad][0xffffffed][0xffffffa4][0xffffff83][0xfffffff5][0xffffff88]e[0xffffffd2][0x0]2Io[0xffffffa8]l~OR[0xffffff9d]u[0xffffffae][0xfffffffa][0xffffffe8][0xffffffef][0xffffffc0]S[0x1c][0xffffffcb][0xffffffe3][0xffffff8f][0xfffffff7][0xffffff99]N[0x5][0xffffffe6]c1[0xfffffff6][0xffffffd3][0xffffffd0]M[0xffffffcc][0xffffffc4][0xf][0xfffffffe][0xffffffa5][0xffffffb2][0x8]y[0xf][0xffffff83]^[0xffffffd0]:o[0xffffff95]o[0x12][0xffffffa9]2[0xffffffbe][}[0xffffffd2][0xffffff80][0xffffffda]6[0x11][0xffffffa2]~[0xffffff9a][0xffffffc3][0xffffffdd][0xffffffe5]N[0xffffffbb]u[0xffffff86]Vp[0x12][0xffffffa9]2[0x5][0xffffffb1][0xffffff8f][0xffffffc5][0xffffff96][0xffffff8f][0xffffffd6][0xffffffe5][0xffffffc6]f0[0xffffffd5]vv|[0xfffffff4][0xf][0x1c]^?b[0x3][0x0][0xffffff80]T[0xffffffb9]=[0xfffffff0][0xffffffd9]CK.}:[0xffffffc0][0xffffffce][0xc][0xffffffba]_[0xffffffe8][0xffffffaa][0xffffffc9][0xffffffd2][0xffffff89][0xffffffe3][0xffffffb3][0xffffff83][0xfffffff8]`[0x16][0xffffffc2][0xffffffb4][0xffffffc5][0xffffff91][0xffffffd4][0xfffffff5][0xffffffcf]L[0xfffffff7][0xf][0xe][0xffffff9b][0xffffffa5][0xffffff9f][0xffffffb8][0x1][0xffffffa5][0xfffffff2][0xe][0xffffff93]*0[0xffffffb8]v[0xffffffcc]|[0xffffff8c][0x1c][0xffffffc2] [0xffffffe2]|[0x8]08[0xffffffc3][0xfffffffe][0xffffffb0][0xffffffe1][0xc][0xfffffff7][0xffffffd9]Q[0xffffffcb][0xffffff99]78[0x17][0x10]C[0xffffffd8][0xffffffdc]~=B[0xffffffba][0xffffffd2]][0xffffff89]*0S[0xffffff98][0x1e]<[0xffffffe9][0x10][0xffffffe0]Z[0xffffffeb][0xffffffff]+[0xffffff90]mD[0xffffff8c][0xffffffd4]%.[0xffffffbb]x[0xb][0xffffffe3][0xffffffed][0x2]S"5[0xffffffbf][0xffffff8f][0xffffffb2]:[0x12][0x1d]jO[0x1e];[0xffffff88]A[0xffffffce][0xffffffd0]y.[0xffffffad]M[0xffffffcd]q"[0xffffffd0][0xffffff9d]}[0xffffffbe][0xffffffd5][0xffffffb6]I[0xffffffa9][0x3][0xffffffef][0xffffffc2]~|_[0xffffffab][0xfffffffd][0xffffffc4][0xffffffb3][0xffffffe6]l G[0x4][0xffffff82]!u[0xffffffa7][0xffffffd7][0x0][0xffffff88][0xfffffff2][0x3][0x0][0xffffff98][0xffffff8f][0xffffffb0][0x0]`[0x2] o[0xffffffff][0xffffffa9][0xffffff8d][0xffffffb5][0xffffffff]:R[0xfffffff5][0xffffff8f][0xffffffa7][0xffffffae] ([0xffffffd7]S/[0xfffffff0]Q[0xffffffe7]\[0xffffffa4][0xffffffd0]nP[0xffffff9c][0x7f][0xffffffc4][0xffffffee][0xffffffeb][0xfffffff5][0x1f]B[0xffffffc3]r[0xffffff8c]%[0xffffffe4][0x7f][0xffffffea][0x11][0x1][0xffffff81][0xffffffff]) ][0xffffffbf][0xffffffd3][0x1b].[0xffffff9e][0xffffff80][0xffffff87]I[0xfffffffa][0x1][0xffffff9d][0xffffffff]P&[0xfffffff6][0xffffffb0][0x0]`[0x6][0xffffffa0]@[0xfffffffc][0xffffffa9][0xffffffb6]tAY[0xffffff8f].[0xffffff92][0xffffffbe] [0x8]Av?[0x10]s*[0xc][0xffffff91][0xffffffac][0xfffffff2][0x7f][0x10]7[0xffffffa6]l[0xffffffb6][0xffffffa5][0xffffffa6]~D[0xffffffb2])[0xffffffcc][0xffffffd5][0x1d][0xffffffec][0xffffffb0][0xffffff96][0xffffffe4].[0xe][0xffffffe2][[0xffffffb5][0xffffffe5][0xffffff9a][0xffffffcc]8[0xffffffb8][0xffffffd3]TO[0xe][0xfffffffa]P[0xffffff82][[0xffffffb1][0x14][0xfffffff2][0xfffffffd][0xfffffff0]I="
10:24:15.345 [main] DEBUG com.github.dockerjava.zerodep.shaded.org.apache.hc.client5.http.wire -- http-outgoing-2 << "P_[0xffffffb0][0xffffff99][0xffffffd2][0xffffffbb][0x17][0xffffff82][0xffffff80]|[0xffffffbf][0x7f]<[0xffffffce][0xffffffc3][0x2]@1[0xffffff80]B[0xfffffff1][0xffffffa7]X[0xffffffce][0x2]e=[I[0xfffffffa][0xffffffd6]>[0xffffff9c]9[0xffffffea][0xffffffcd][0xffffffcd][0xffffffdc][0xffffff99])TI[0xffffff84]k[0xffffff80][0x3]'[0xffffff9e][0x1c][0xffffff96][0xffffff91][0xffffffc8]\[0xfffffff7]t"[0xfffffff2][0xffffffba][0xffffffa7]K`[0xffffffd9][0xfffffff4]PM[0xb]t[0xffffffff]T[0xffffffc9][0xffffff8e][0xffffffb5]K[0xffffffcc][0xffffff8f][0xffffffb9]xf[0xffffffff][0xfffffff8][0xe][0xffffffff]|*J[0x6][0xffffffe6][0xffffffb0]r[0xffffff89][0xffffffcc]1[0xffffffa1]I[0xffffff9f][0xffffffcc]3[0xffffff97][0xfffffffd][0xffffff99]D[0x8]#[0xfffffff0][0xffffff90][0xffffffbb]u`M[0xffffff89][0xffffffb6][0x4][0x1f]g\[0xffffff87]{aR[0xffffffbe]T[0xffffffa6][0x17]fyle[0xffffffe4]A<[0xfffffffd][0xffffffeb][[0xfffffffc][0xffffff8e][0x1d]G@[0x15]f[0xffffffae][0xfffffffc]}[0xffffffab]U[0xffffffd2][0x7f][0x12][0xffffff93][0xffffffff][0xfffffff5][0xffffff81]h[0x7][0x0][0xffffffa0][0xe][0x16][0xffffff80][0xffffffc2][0x6]P$[0xffffffff][0xffffffd0][0xffffffdc]P[0xffffffc8][0xffffffff]>[0xffffffd4][0xffffff85][0xfffffffc][0xffffff8e][0xffffffaf]&m[0xffffff8a][0xffffffaa][0xffffffd7][0xffffff89][0xffffffac][0x6][0xffffff88]5[0xffffffcf][0x0]*[0xffffffb3][0xffffff9d]D",[0xffffff82]us[0xffffffaa],[0xffffffe4][0xffffff80][0x1a]G[0xffffffcd][0xffffff9e][0xffffffcd]w[0xfffffff6][0x7]6[0xffffffb4][0xffffff88][0xffffffe6]:"m9SM[0xfffffffc][0xffffff9e]d[0xffffffaa][0x7]*[0xffffffad][0x13][0x14]j[0xffffffea][0xffffffaf]f[0xffffffce]5n[0xffffff8f][0xffffffbb][0xffffffc3][0xffffff97][0xffffff9b]hu2[0x18][0xffffffc4][0x7f][0xffffffb0][0xffffff93][0xffffffea][0xffffff82].[0xffffffa2][0xffffffd0][0xffffffda][0xffffffb4]SiB[0x3][0x19][0xffffffd8][0xffffffa8][0xffffffd1][0x11]D[0xffffffb5][0xffffffe4][0xfffffff8][0xfffffff7][[0xffffffaf][0xfffffff0][0xffffffea][0xffffff9e][0xffffffdf][0xffffffbc][0xffffffd7][0x10]Lid[0xffffffd7]9[0xffffff84][0xffffffb8]>[0xffffffda]"[0x11][0x3]@[0xffffffc4][0xfffffff4][0x5][0xb][0x0]$P[0xfffffff4][\n]"
10:24:15.345 [main] DEBUG com.github.dockerjava.zerodep.shaded.org.apache.hc.client5.http.wire -- http-outgoing-2 << "[0xf]mS[0xffffffed][0x5][0x3][0xffffffa0][0xfffffff5][0xffffffc1]M[0x0]L[0xffffffa4][0x1f]Q[0xffffff87]~[0xfffffff7][0xffffff9f][0xffffffd6]f[0xffffffc5][0xffffffee][0xb][0xfffffffb]4#`[0xffffffb5]K[0xffffffbe][0x14][0xffffffea][0xffffffd8][0xffffffdf][0xffffffba]>[0xffffffd9][0xffffffb5]~!#[0xffffffff]|[0xfffffff3][0x14][0xffffffce]z[\n]"
10:24:15.345 [main] DEBUG com.github.dockerjava.zerodep.shaded.org.apache.hc.client5.http.wire -- http-outgoing-2 << "o[0xffffffe5][0xfffffff7][0xffffffdf][0xffffffaf][0xffffff98]h[0xffffffb9]w[0xfffffff5][0xffffff9c][0xffffff9c][0xffffffe0][0xffffffbf][0xffffffff]*[0xffffff9e][0xfffffffd][0x18]P[0xfffffff8][0xffffffa9][0x15]<[0xffffffd2][0xffffffe9][0xffffffa7][0x2][0xffffffab][0xffffffc5][0xffffffa7][\n]"
10:24:15.345 [main] DEBUG com.github.dockerjava.zerodep.shaded.org.apache.hc.client5.http.wire -- http-outgoing-2 << "[0xffffff94][0xffffffad][0xffffffd9]chyb[0x1][0x8]Fh[0xfffffffb][0xffffffc9][0xffffffd6]Z[0xffffffad][0xffffffc0]}p[0xfffffffa][0xfffffffd][0xffffffc0][0xffffffc6][0xffffff8f]:i[0xffffffc4]\[0xffffff8a][0xffffffcb][0xffffffa7][0xfffffff2][\n]"
10:24:15.345 [main] DEBUG com.github.dockerjava.zerodep.shaded.org.apache.hc.client5.http.wire -- http-outgoing-2 << "[0xffffff8c]"c[0x12]w[0xffffffa9]3<[0xffffffcc][0x11][0x12]y[0xffffffcf][0xffffffc6]w(a+m,[0xffffffc2]]$[0xffffff86][0xffffff98][0xffffff9c][0xfffffff7]R^n[0xfffffff9][0xfffffff0][0xffffffcd]x(8[0xffffff91][0xfffffff6][0xffffffa6]F[0xffffffe4][0xffffffe8]a[0xffffffee][0xffffffe4][0xfffffff4]y[0x1d][0xffffffb1][0xffffffdd][0x14][0xffffff99][0xfffffff6]s[0xffffffaa][0xffffff87]hR[0xffffffb5][0x16][0xffffffc7][0x1d][0x1b][0xffffffe5]9S[0xffffffe7]s_[0xffffffe0][0xffffffd7][0xfffffff2][0x3][0xffffff9e][0x1d][0xffffffa8][0xffffffaf][0xffffff9c][0x2][0xffffffd9][0xffffffa0][0xffffff95][0xfffffffa])[0x14]n[0xffffffbd][0xffffff97]Ic[0xffffffa7]bUX^[0x4][0xffffffa0]5[0xffffffe9][0xb][\n]"
10:24:15.345 [main] DEBUG com.github.dockerjava.zerodep.shaded.org.apache.hc.client5.http.wire -- http-outgoing-2 << "L[0xfffffff8][0xffffffc1]Q-[0xfffffff6][0xffffff9e]j`[0xffffff85][0xffffffe1][\n]"
10:24:15.345 [main] DEBUG com.github.dockerjava.zerodep.shaded.org.apache.hc.client5.http.wire -- http-outgoing-2 << "M![0xffffff8e][0xffffffc5]u[0xffffffaf][0xffffffd1][0xffffffcc][0xc][0xffffffb4][0xfffffff4]2[0xfffffffd][0xfffffff1]Il[0x10]M[0xffffff95][0x1e][0xffffff8a][0xffffffa4][0xffffffcb][0xc][0x19]S[0xffffffdf][0x3]YP([0xfffffffc][0xffffffd6][0xffffffe6][0xffffffc2][0x7]Gr[0x2]H[0xffffffda][0x18][0xffffffb3][0xfffffff6]w,[0xffffffcd][0xffffffa9][\r]&D[0xffffff87][0xffffffdc][0xffffffc1][0x3][0xffffffe5]|[0xffffff9c]P[0xffffffa2]'[0xffffffe7]P[0xffffffe1][0xffffffa2][0xb][0xffffffe3][0x10][0xffffffd5][0xffffffc3]g[0xfffffffb][0xffffff8c][0xffffffdf]C[0xffffffd0][0xffffff94][0xffffffd1]O>[0xf][0x7f]=[0x1][0xfffffff8][0xffffffa3][0xffffff9a][0xffffffdb][0x19][0xffffffbe]q\[0xffffff8b][0xffffffed][0xffffffd6]-[0xffffff9a][0xffffffe0];`dX[0xffffffe3][0xffffffc9]P\[0xffffff9e][0xffffffaf][0xffffffd6][0xfffffff5][0xffffffe1][0xffffff9b]O[0xffffffd9]O$[0xffffffb7][0xffffffea][0xffffffa5][0xffffff8c][0xffffffbe][0xffffffef][0xffffff9f]a[0xffffff86]*(#[0x7][0xffffffbf]c[0xffffffbb][0xffffff8b][0xffffffa2][0x3]RK96[0xffffffb9][0xfffffff8]|[0xc][0xffffff88][0xffffffcb]t&7Y[0xffffffea][0xffffff8d][0xffffff9f][0xb][0xffffffe2][0x18][0xffffffe7]eE[0xffffffbb][0xffffffb0][0xffffffd1]>[0xfffffffb][0xffffffca]-[0xffffffde][0xffffffd6][0xffffffa9][0xffffffb2][0xffffff8c]0c[0xffffffae][0xffffff88][0xffffffb0][0xffffffc7]8[0xffffffc1][0xffffffc1][0xffffff89][0xffffff86][0xffffffbe]![0xffffffd9][0xffffffc6][\r][0xfffffff4][0xfffffff3][0x17]7[0xffffff84][0xffffffaf][0xffffff9c][0xfffffff7]s"sx/[0xffffff8d][0xffffff88]i[0xffffffe7][0xffffffef][0xffffff8e][0xf][0xffffffab]Z_2=[0xffffffe9][0xffffff8c][0xffffffb3][0xffffffae][0x1a][0x7]u<[0xffffffe7][0xffffffe9]I[0xffffffe2][0xffffff81][0xffffffe3][0xffffffab]i[0xffffffb2][0xffffff8e][0xfffffff1][0xfffffff8]5[0xffffffa2][0xffffffb5][0xffffffe5][0xffffffff]Z[0x18][0xffffffa4][0xffffffe0][0xffffffd7],R[0xffffffec]O9[0xffffffa4]=$[0xffffffe0][0xffffffa3]X[0xffffffba][0xffffffeb]][0xffffff97]Xo[0xfffffff5],[\r][0xffffffd6][0xffffff90]z[0xffffffd8][0xffffffec]f[0xffffffc4]"[0xffffff9e][0xffffffad][0xffffff88][0x11]i[0xffffff9b]B[0xffffffbb]%[0xffffff97]j=[0xffffffe5][0xffffffee]B_x[0x19][0xffffffe9][0xffffffd3][0xffffffa8][0xffffffe1][0xffffffcd]d[0x9][0xffffff8a]j[0xffffffea][0xfffffff3][0xffffff98][0xffffffb8][0xffffffdc][0xffffffe5]j[0xffffffee]N/.[0xffffffec][0xffffffec][0x9][0xfffffff7][0xffffffd6][0xffffff83]V[0xffffff81]y[0xffffffe4]N[0xffffffe4][0xfffffff2][0xffffffba][0xffffffc0]8[0xffffffc2]-[0xffffffb0][0xffffffcb][0xffffffd8][0xfffffffa]([0xffffff9a][0x4][0xffffffa9][0xffffff9c]\[0xfffffff7][0xffffffcb][0xfffffff1][0xfffffffb]U@[0x8][0xffffffc5][0xffffff99][0xffffffba][0xffffffc2][0xffffffcb][0xffffffbc][0xffffffbd]][0xffffff83]m[0xffffffd6][0xffffff80][0xfffffff9][0xffffffe1][0xffffff8d][\n]"
10:24:15.345 [main] DEBUG com.github.dockerjava.zerodep.shaded.org.apache.hc.client5.http.wire -- http-outgoing-2 << "[0xfffffff7]+nr[0xffffffe7][0xffffffc0][0xffffffaf][0xffffffe6][0xffffffa0]va[0x7][0x11][0xfffffff7]q[0xffffff9e]A[0xffffff93]8[0xffffff9d]c[0xffffffee]~[0xf]2[0xffffffde][0x1f][0xffffff8f]jt[0xffffff9e]k[0xffffffc8]\[0xffffffdb][0x1b]m n[0xffffffec]6[0xffffffd2][0xffffff8f]b-M[0x14]B[0xffffffeb][0xffffff91]Bh[0xffffffd8]4i[0x19]([0xffffffaf][0xffffffc4][0xffffffc4][0xffffffb3][0xffffffe6]$p[0xffffff8d][0xffffffc6]n[0xffffffad][0xffffffc7]=[0x10]1[0xffffff8d][0xffffffdd][0xffffffca]5kQ[0xfffffff5]T[0xffffffe8][0xffffffe9][0xffffffcd][0xf]Fkrl[0x18][0xffffffef][0x16][0xffffffb9][0xffffff8c][0xffffffd5][0xffffffdf]2[0xffffffe0][0xffffffde][0xffffffef][0xffffffc0]S[0xffffff84]\[0xffffffc6]C[0xffffff8d][0xffffffd7][0xffffffb6][0xffffffe9][0xffffffc5]:[0xfffffff4][0xffffff91][0xffffff98][0xffffffb3]S[0x3]>[0xffffffde]:@[0xffffffcb]oNC[0xb][0xffffffd3]9[0x7f][0xffffffb8]I\o[0xffffffdc][0xffffffd6]$[0xffffffd0][0xfffffffc]}.[0x1][0xffffffe6][0xffffffb7][0xffffffe6][0x8][0x1a][0x1b][0x1d]_[0xffffffbb][0xffffffc7]][0xfffffff3]\[0xffffffe5][0xc][0xffffffa8]v{[0xfffffff8]^[0xffffff95][0xffffffcf]2@[0xfffffffd][0xffffffea]YSP[0xffffffb9][0xffffffc4][0x4][0xffffffc5][0xffffffb6][0xffffffc8]RL[0xffffffb2][0xffffff8c]I[0xffffffea][0xffffff9b][0xffffffcd][0xffffffa0][\r]6`[0xfffffff3]=[0xffffffdd][0xffffff95][0xffffffbd][0xffffffaa][0x18]?Y[0xfffffff6]u[0xffffffb4]^[0xfffffff0]=[0xffffffcb]O[0xffffffb3][0x1][\n]"
10:24:15.345 [main] DEBUG com.github.dockerjava.zerodep.shaded.org.apache.hc.client5.http.wire -- http-outgoing-2 << "}[0x18]<[0xffffffcc][0xffffff9d][0xffffffe0]QQ[0xffffffee][0xffffffe7][0xffffffd3]'[0xffffffb4]kw[0x15][0xffffffda][0xffffffdf]4L7z[0xffffffa9][0xffffffbc][0xffffff8d][0xffffffa7]B[0xffffffb9][0xffffffe5]Z[0xffffffb0][0xffffffeb][0xffffffca][0xffffffea]"[0x4]^[0xffffffb6]#[0xffffffd9]%c[0xffffffca][0xffffff85]b[0xffffffbc]c[0xffffffe7]iK[0xffffffcc]$[0x1b][0xffffffbc]>3[0xffffffd0][0xffffffe8]r[0xffffffd7][0x13][0x18]c!q[0xffffffc1][\r][0x8]}[0xffffffe5]-?[0xffffffd1][0xffffffe7][0xffffff83][0x16][0xffffff90][0x11]0l[0xffffffc8][0xffffff8d][0xfffffff9][0x19][0xffffffe8]|[0xfffffff2][0xffffff9e][0xffffffc3]j[0x1][0xffffffa9]K[[0x7f][0xffffffad][0xffffffb2]u[0xffffffc1]~[0xffffffab][0xe][0xffffffb2][0xffffffad][0xfffffff2]e[0x7][0xffffff8a][0xffffff9c]F[0xffffff84][0xffffff8d]7[0xffffff9d][0xffffffd0][0xffffffe5]s[0xffffffc2][0xffffffec][0xffffffb4][0xffffffc3]g[0xffffffc4]+[0x1e][0xfffffff1]tQ,[0xffffff95]#[0xffffffc2][0xffffff81][0xe]*6[0xffffffb8]s[0xffffffec][0xffffff90]o[0xffffffb7][0xffffffee][0xffffffbc][0xffffff98][0x11]p[0xffffff9a]_[0xffffffae]2I[0xffffffaf][0xffffffd9]M[0xffffffce][0xffffffaa]\[\r]m[0xffffffd2][0xffffffb5][0xffffff94]1}[0xffffffe4][0xffffffa4][0xffffffa3][0xffffffd3][0xffffff92]7L[0xffffffc7][0xfffffffb][0xffffff9b]zl[0xffffffd6]^[0x1]8T0[0xffffffba][0xfffffff2][0xfffffffb][0xffffffcb][0xfffffff6]jH[0x1][0xffffff8f]2[0xffffffa9]+[0xffffff93]@[0xffffff95]^h[\r]5)[0x1f]&[0x3]s[0xffffffcd][0xfffffff2]`[0xffffffa3][0xffffff80][0xffffffdb][0xffffffae]n[0xffffffb3]z[0xffffff8e][0x14]h[0x9]W!L%[0xffffff95][0xffffff8f]S5&[0xffffffa6]^9[0xf]Z[0x17][\r][0xfffffff4]X)[\n]"
10:24:15.345 [main] DEBUG com.github.dockerjava.zerodep.shaded.org.apache.hc.client5.http.wire -- http-outgoing-2 << "[0x1b][0xffffffd7][0xffffff96][0x19][0xffffff98][\n]"
10:24:15.345 [main] DEBUG com.github.dockerjava.zerodep.shaded.org.apache.hc.client5.http.wire -- http-outgoing-2 << "[0xfffffffc][0xffffffd5][0xffffffbc]D[0xfffffffc]w[0xffffffb2]KW[0xffffffa8][0xffffffc5][0xfffffff4]1[0xffffffa6][0x3][0xffffff81]MY[0x18][0xffffffb6][0xffffffc9][0xffffffcc]gU[0x4][0xffffffea][0xffffffa0][0x3][0xffffff80]-4[0xffffffb9]2`[0xfffffff6][0xffffffa6]l[0xffffffbc][0xffffff85][0xffffffd0][0xffffff8a][0xffffffe6][0xffffffb1]KP[0xffffff8a][0xffffffc7]J"[0xffffffb5][0xffffff84][0xffffff82][0x1c]E[0xffffffd8][0xfffffffa]5[0xffffffc5][0x7]3[0xffffff88]V[0xffffffea]eH[0xffffffba][0xffffffcf][0xffffffa5]s#[0x16][0xffffffaa][0x1d]R[0xffffff8e][0xffffffe3]h[0x6][0x12][0xffffffa1][0xffffffe3]<:[0xffffffa6]fx"[0xffffffe9][0xfffffff3][0xffffffa6]=Bay[0x3]Z[0xffffffbd]&kh[0xffffff84][0xffffffb0][0xffffffe5]I[0x18]u[0x6]W[0x1a][0xffffff84]g[0xffffffe0][0xffffffe8][0xffffffa5][0xc][0xffffffd1][0xffffffd6][0xffffffef][0xffffff8d][0xffffffba][0xfffffffd]+[0xffffff9f][0xffffffb8]k[0xffffffd1]V[0xffffffa8]ho>[0xe]-[0xffffffe6][0xffffffba]Q[0xffffffe1][0x19]r[0xfffffff8][0xffffffa8][0xffffffb7][0xffffffc8][0xffffff88][\n]"
10:24:15.345 [main] DEBUG com.github.dockerjava.zerodep.shaded.org.apache.hc.client5.http.wire -- http-outgoing-2 << "9[0xffffff8b]%[0xffffffe4][0xffffff9c][0xffffffcb][0xffffffdb][0xffffffe7][0xfffffffe]Lo[0xffffffb1][0xffffffc9]'[0xffffffeb][0xffffffd7][0xffffffd1]]1[0xffffffc6]g[0xffffff9e]0[0xffffffba]y[0xfffffff0][0xffffff93][0x8][0xffffffbf][0xffffffec]R[0xffffffcc]C[0x2][0xffffffb6][0xffffffda][0x4]u[0xffffffa2][0xfffffffe]N[0xffffffa2]p[0xffffffb5][0xffffffe7][0xffffffb0][0xfffffffe]f[0xffffffa1]\|[V[0xffffffdf][0xffffffd5][0xfffffffa][0xffffff89][0xffffffd2]aLv[0xffffff84]\[0xffffff84][0xffffff8e][0xffffffcd][0xfffffffe][0xffffffaa]8[0xffffffaf][0xfffffff1][0xffffffa2][0xffffffef][0xffffffea][0x11][0xffffff93][0xfffffffb]S[0xfffffffc][0xffffffe0]!u%[0xffffff85][0xffffffbd]i[0x1f]$[0xffffffc9][0xffffffb4][0xffffffdc][0xffffff88][0xffffff86]8[0xffffffe3]![0xffffffca][0xffffffe7]Q[0xc]R[0xffffffec]-\[0xffffffee]r[0x1a]][0xffffffbf]E[0xffffffba][0x7f][0xffffffa3][0xffffffe6]%[][0xffffffe1][0xffffffa0]PD[0xfffffff2][0xffffff8f][0xffffffed][0xffffff82]~a[0xffffff8c]C [0xffffffba]@[0x11][0xffffffd0]43[0x13]|[0x10][0xffffff9a]w[0xffffff94]#'-[0x1d][0xfffffffc]Z[0xffffff96]g[0xffffff91][0xffffff9e][0xffffff95][0xffffff89][0xffffff9e][0xffffff9e]c[0xb][0xffffffaf][0xffffffcf][0xfffffff1][0xffffffea]D[0xffffff8c]Q[0xffffffc1][0xffffff8a][0xffffffb3]W[0xffffffcb]|pI[0xfffffffa][0xffffffa8][0xffffffa4][0xffffffb8]p[0xffffffc9]<[0xffffffb2][0xffffff83][0xfffffff4][0xffffffdd][0x1a]*k[0xffffff80]4a[0xffffffa5][0xffffffea]{U[0xffffff89]y[0xffffffd4]f[0x1c][0x0]@[0xfffffffd]#[0xffffff8a][0x17][0x2]([0x16][0x7f]F[0xfffffff1][0xffffff8c][0xffffffbf][0xffffff8e]$[0xffffffa9][0xffffff97][0xffffffe7]qe[0xffffffb7][0xffffffce][0xffffffb1] [0xfffffff2]P[0xffffffbc][0xffffff95][0xffffffc7][0xffffffdd][0xfffffffe][0xffffffd7]+,[0xffffffd8]X[0xffffff96]x"[0x8][0xffffffc7]>[0x3][0xffffffd8]~[0x0]`[0x18][0xffffff8c][0xffffffa7]:[0x2][0x18][0xffffffbd][0xffffff95][0xfffffff2]u[0xffffffc1]CJ[0xffffffa0][0xffffffe0][0xffffffbe][0xffffffa0]W[0xffffffd1][0xffffffb6]m[0xffffffc2][0xffffffee][0xffffffbc][0x1d][0xffffffb2][0xffffff9b][0xffffffeb][0xffffffc6]R[0xffffff9a][0xffffffde][0x5]Q[0xffffffcb][0xffffffb8][0xffffff91]`[0xffffffa3][0xffffff97][0xfffffff6]W][0xffffffe1][0xffffffae]h[0xfffffffb]W?[0xfffffff2][0xffffffaf]}[0xfffffff5][0xffffffe8] [0xfffffffe]<[0xffffffae][0xffffffca]:[0xffffffe0][0x3]uZ[0xfffffffa]?[0xffffff8f][0xffffffd8][0xfffffffc][0x7f]r[0x1f]W[0xffffffa1][0xffffffb4]|3[0x6]}[0xffffffa5][0xfffffffb][0xffffffa7]N[0xffffffce][0xffffff91][0xffffffa9]4d[0xffffffff][0x8][0xffffffc9]5[0xffffffb0][0x0][0xfffffff0][0x1d]@[0x9][0xffffffff]S[0x7][0xffffffc4][0xffffff82]2[0xfffffff9]]$}[>[0xffffffca]O[0xffffffd0]_[0xffffffe8][0xffffffc2][0x14][0xffffffaf]4[0xffffffb3][0xffffffc3]j[0xffffffe6][0xffffffad][0x1b]>[0xfffffffc][0xffffffbf][0xffffffb6][0xffffffb8][0xffffffe5][0xffffff90][0xffffffb6][0xffffffe9][0x0][0xffffffe0]L[0xffffffa2][0x16]'I[0xffffffaf][0xffffffd9][0xffffffcd][0xffffffa5][0xffffffad]B[0xffffffef]0[0x17]a[0xffffffca][0xffffffb9][0xffffffef][0xffffffd7][0xffffffd9]"[0xffffffa2][0xfffffff9][0xfffffffc][0xffffffe6][0xffffff8d]_`[0xffffff9a]f[0x13]%[0xffffffdc][0xffffff94][0xffffff9d]L[0xffffffd5]A[0xffffffc1][0xffffffc7]2[0xffffffdd]`<M[[0xfffffff0][0xffffffa9]vy[0xffffffe2][0xffffffa8][0xffffffb7][0xfffffff1]=7[0xffffffae][0xfffffff3][0xffffffce][0xffffff86][0xffffffbf][0xffffffed][0xffffffd4][0xffffff80]4W[0xffffff9e]9[0x12][0xffffffc6][0xfffffffd]U[0xffffffe6][0x1a][0x0][0xffffff80][0xfffffffc][0x7f]v9G)[0xfffffffb]S:[0xffffff98][0xffffff82]2[0x5][0xffffffad]$}[0x1][0xffffffd2][0xffffff8a][0xfffffff9][0xffffffc8][0xffffffc9]Z[0xffffffce]([0xfffffff5][0xffffffff][0xffffffaa][0xffffff9a]#_x[0xffffffc1][0xffffffef][0x12][0xffffff94][0xffffffe6]l[0xfffffffb]A[0xfffffffd]3![0x4][0xb][0xffffffdb][0xffffff85];[0xffffffc7][0xffffffd2][0xffffff89][0xffffffdd]:[0xffffffd1][0xffffffdb]4I[0xffffffa8][0xffffffe5]'[0xfffffff5][0xf]E[0xffffffb4]+[0xffffffd9][0xffffffaa][0xfffffff5]wy7[0xffffffa0][\r][0xffffffbd][0xffffffe6][0xffffffaf].[0xffffffe7]hb[0x0][0xffffffca][0xffffffe8][0x1f][0x2][0x0][0xffffff8d][0xfffffff7][0xffffffdf]'[0xffffffac][0xffffffe0][0xffffffde][0x19] [0xffffffac][0xffffffa0]X[0xffffffbd]x[0xffffff8d]A[0xffffff9d][0x11] KN[0xffffffaa][0xffffffeb]^[0x9]y[0x1e]+tau[0xffffff92]s[0xffffffb2][0xffffffad][0xffffffc9][0xffffffcd][0xffffffb0][0x18][0xb][0xfffffffa]v[0x6],[0xffffffe3][0xffffff8a][0xffffffa1]}[0xfffffff2][0xffffffec][0xffffff8f][0xffffffd6][0xfffffffc];H[0xffffffee][0xffffffdc][0xffffffaa][0x16]T[0xffffffad][0xffffff8a][0xffffffc8][0xfffffff3]d[0xffffffc5]7[0xffffffaf][0xffffffdb]t[0xffffffe7]_GkU6[0x1c]&z[0xffffffd0]_[0xffffffb1]m[0x4][0xffffffd8]f&Q[0xffffffc5][0xffffffe7][0xffffff84][0xffffffd8][0xffffffec][0xffffffc4]L[0xffffff98][0xffffffae][0x12]#[0xffffff9d][0xffffffcb]>e[0xffffffc7]m[0xffffffc3][0xffffff92][0xffffffe9][0x6]ZH[0xfffffff0][0xfffffff2]&)#[0xffffff9f][0xffffffc0][0xfffffff3][0xffffffc1][0xffffffad][0xffffffdd][0xe]i[0xffffffd3][0x4]9[0x12]j=[0xffffffee][0xffffffb8]CpP[0xffffffd1];[0x11][0x14][0xffffffec][0xfffffff8]*s[0x19][0xffffffaf][0xffffffa8][0xffffff91][0x19]U[0xfffffff6][0xffffffb2],[0xffffffc5]|z[0xffffffb8][0xffffffb3][0xffffffbf][0xffffffec][0xffffff9b][0x1c]-[0x13][0xffffffd3]c?[0x1a]y<[0xffffffab][0xffffff84][0xfffffff2][0xfffffff5][0x0][0xffffffe4][0xffffffcb][0xffffff8c][0x12]xT[0xffffffd6][0xffffffd2][0xffffff87][0xfffffff9].8!&[0xfffffffa]Z[0xffffff84][0x1e]([0x1d]oHs[0xffffffa8]:r[0xffffff97][0xfffffff8][0xffffffd5][\n]"
10:24:15.346 [main] DEBUG com.github.dockerjava.zerodep.shaded.org.apache.hc.client5.http.wire -- http-outgoing-2 << "[0x4]^i[\r][0xffffffb3][0xffffffe5][0xffffffa6]-L[0xffffffd1][0xffffff8e]O[0xffffffba][0xffffffd2][[0xffffffb5]([0xffffff95][0xffffffd2][0xffffff8e][0xfffffffd][0xffffffbb][0xffffffaa]R[0xffffff8c][0xffffff84][0xffffffc0][0xffffffe6][0x1b][0x1e]}b[0x3][0xffffffd6][0x6][\n]"
10:24:15.349 [main] DEBUG com.github.dockerjava.zerodep.shaded.org.apache.hc.client5.http.wire -- http-outgoing-2 << "&[0xffffff9a][0xc][0xc][0xffffffa1][0x1e]V[0xffffffd1][0xffffffd1][[0xffffffaa][0xffffffc9][0xffffff85][0xfffffffc][0xffffffac][0xffffffdc]@[0xffffffa3][0xffffff88][0xffffffa8]d[0xffffffb6][0xffffffba][0xffffffe1][0xfffffff5][0x18][0xffffffe1][0xfffffffd][0x8][0xffffff99][0x1a]Zn[0xffffff93][0xffffffe3]4[0xffffffc4][0xf][0xffffffc8][0xffffff81]J[0x13][\r][0xffffff86][0xfffffff0][0xffffffd0]$K[0xffffffb3][0x12][0xffffffaa][0xffffff92][0xffffffde]L[0xffffffa5][0xffffff85]W[0x0][0xffffff80]t[0xffffffc7][0xffffffed][0xffffffd9][0xffffffab][0xffffff9f][0xffffff99]4[0x11]L*[0xffffffd3][0xffffffbc]=S[0xffffffe5][\n]"
10:24:15.349 [main] DEBUG com.github.dockerjava.zerodep.shaded.org.apache.hc.client5.http.wire -- http-outgoing-2 << "[0xffffffa7][0xffffffbb][0xffffffb6][0x1]K[0xffffff82][0xffffffb5]-[0xffffffb8][0xffffffa8][0xffffffad]C%[0x0]K(F[0xffffffae]L[0x18][0xffffffe0][0xffffff81]5{[0xffffffc2][0xffffff97][0xffffffda]?X[0x18]I|[0xffffffb3][0x1c][0xffffffa4][0xffffffae]b[0x1a][0xffffffc0][0x1a]Sn[0xffffffa5]<[0xffffffd0][0xffffffac]7[0xfffffffd][0x4]dn`>wo[0xffffff9b][0xffffffbe][0xffffffac]t[0xffffff97][0xfffffff4][0xffffffe7]V[[0x4][0xffffffb3][0xffffff94][0xffffffe7][0xffffffc6]s[0xffffffa5][0xffffffb1][0xffffff9c][0xffffffe7][0xffffffd1]l[0xffffff9d]:[0xffffff98][0xffffff95][0xffffff93][0xffffffe9][0xffffffc7][0xffffffa0][0xffffffd2]l[X)[0x11]yO[0xffffff87][0x19][0x1c][0x2][0xffffffd5]q3[0xffffffdc][0xffffffdb][0xffffff84]?w[0xffffffb9][0xffffffd4][0xfffffffd]H[0xffffffa0][0xffffff9b][0xffffffbc][0xffffffe7]l[0xffffffd0][0xffffffb4]e9[0xffffffd1][\r][0xffffffc8]Y3[0xffffffa1][0xffffff9b]![0xc]/Dc[0x1d][0xffffffeb]A[0xffffffc3]:E![0xffffff98][0xffffffae][0xffffffa9]J[0xffffffb0][0xffffff85][0x4][0xffffffca][0xffffff9b][0xffffffbf]d[0x5][0xffffffad]|S[0xffffff97][0xffffff8c],[0xfffffff2][0x18]O[0xffffffdb][0xffffffcd]zq[0xffffffac][0xffffff88][0xffffffcc][0xffffff99]c[0xfffffff4][0xffffffc3]5[0x3]{[0xffffffba]*Hk[0x1a][0xfffffffa][0xffffff9e][\n]"
10:24:15.349 [main] DEBUG com.github.dockerjava.zerodep.shaded.org.apache.hc.client5.http.wire -- http-outgoing-2 << "[0xffffffe7]:[0xffffffbe]_[0xffffff95][0xffffffc1]>![0xffffff86][0xffffffd1][0xffffff89][0xe][0xffffff92][0xffffffaf]$[0xffffffb2].[0xffffffeb][0xffffffab][0xfffffff4][0xffffffe5][0xffffffdf][0xffffffa3][0x11]+[0xffffffc3];&d[0xffffffa5][0xffffffe9]g[0xffffffe1]lv[0x1b]G^[0xffffffa4]C/Gp[0xffffffcc][0xffffffa2][0xffffffc8]v[0xffffffed]&CM[0xffffffa8][0xffffff94]8lce1[0xffffffa3][0xffffffd2]#[0xffffffcd][0xffffffc7]g[0xffffffcc][0xffffffc4][0xffffffaa][0xffffffc7]p[0xfffffff6][0xffffff94]PP)[0xffffff8a]F[0xffffffc1][0xffffff8e][0xffffff92][0xffffffa5]W)[0xffffffca][0xc][0xffffffd1][0xffffffa8]_[0xffffff9a]Q[0x17]A[0xffffff9b][0xffffff87][0xfffffff0]#[0xffffffe5][0xffffff88]D[0x5]Qg[0xffffff9c][0xffffff84]K[0xffffffde][0xffffffca]][0xffffffd8][0xffffffca][Jp)[0xfffffff5][0xffffff9f][0xffffffa7]W[0xffffffc1][0x18][0xffffffc4][0x7]>[0xffffff99]v+}[0xfffffffb]p[0xffffff91][0x13]D[0xffffffa9]1'[0xffffffcb][0xffffffe3]n[0xffffffcf]$[0xffffffc1][0x0].{[0xffffffd0]E[0xffffff97][0xffffffaa][0xffffffc9][0xffffffce][0xffffffa9]bK,K[0xffffffd9]c[0x9][0xffffffd5][0xffffffe8][0xffffffe1][0xffffff93]4DT[0xffffffd0][0xffffffcb][0xffffffe6][0xffffffdf]V.X[0x1f][0xffffffb1][0xffffff84][0x4][0xfffffff2]Q[\n]"
10:24:15.349 [main] DEBUG com.github.dockerjava.zerodep.shaded.org.apache.hc.client5.http.wire -- http-outgoing-2 << "[0xfffffffd]"[0xffffffb0] [0xffffff91][0xffffff80][0x1e][0xffffffba][0x1d][0xffffffb9][0xfffffffb]a[0xffffff9d]|[0xfffffff3]@[0xffffff97]B[0xffffffba][0xffffffdc][0xfffffffe][0xfffffff6][0xffffffac]0[0xffffffb4]tN1[0xffffff86][0xffffffd7]![\r]i[0xffffffb1][0xffffffc0]WB[0xffffffdf]mC[0xffffffe8][0x13][0xffffff9e]_D[0xffffffff][0xfffffff3]v[0xffffffa5][0xfffffffa][0xffffff97][0xffffff90][0xffffff8f][0xffffffd8]NZ[0x14][0xffffffd4]%[0xffffffd9]![0xffffffe4][0xffffffe2][0xffffffb9][0xffffffd1]"z[0xffffff8d][0xffffffa2][0x1f][0xffffff92][0xffffffa2][0xffffffb3]?[0xffffff9e]u|[0xffffffe6][0xffffff95]5[0xffffffa4][0x9]-[0xffffffb9][0xffffffd9][0xf]$l[0xffffffec][0xffffffc1]S[0x7f][0xfffffff6][0xb][0xfffffffb][0x10][0xffffffec][0x12]3[0xffffffc4][0xfffffffd][0xffffffec][0xffffff8c]a[0xfffffffd][0x1][0xffffff9b][0xfffffff4][0xffffffe4][0xffffffe2][0xffffffe4][0xffffffac][0xffffffd4][0xffffffbc][0xffffff83][0xffffffd5]xk[0x17][0xffffff9e][0x1b][0xffffffac]q[0xffffff8f]G[0xffffffd8]*[0xb][0xffffffb6][\n]"
10:24:15.350 [main] DEBUG com.github.dockerjava.zerodep.shaded.org.apache.hc.client5.http.wire -- http-outgoing-2 << "[0xffffffc2][0xfffffffe][0xffffffc1][0xffffffa6] =[0xffffffc9]R[0xffffff80]3q[0x16][0xffffffe6][0xffffffdc][0xffffffae]#K[0xfffffffc]~h)W[0xffffff90][0xffffffc7][0xffffffab][0xffffffb5][0xffffffce][0xe][0xffffffb9][0xffffffd4]q[0x8]Sp[0xffffffeb]l[0xffffffae][0xffffff8d][0x8]aN[0xffffffa9][0xffffffb4][0xffffffbe][0xffffff95][0xfffffffc][0xffffffe3][g[0xffffffca][0xffffffab][0xffffffad][0xffffff82][0xffffffa9][0xffffff85]O[0xffffff8c][0xffffffbf]W[0xffffff98][0xfffffff9][0xfffffffa][0x0]3[0xffffffd2][0xffffff8a][0x8][0xffffff83][0xffffff99]p[0xe][0xffffffa8][0x11]-[0xffffffdf][0xffffffca][0xfffffff8][0xffffffb4][0x8]r[[0xffffffd5][0xffffffb6][0xfffffff3][0xfffffffb][0xffffffd5][0xffffffe5][0xffffffc7][0xffffff9a]w[0xfffffff3]7[0xffffffe2][0xffffff86]M[0xffffff8f]^P#@[0xffffffca]d[0x13][0xffffffe6]c[0xffffffd3][0xfffffff9][0xffffff90]![0xe]C[0xffffffaa][0xffffffdb]c[0xffffff86][0x1a][0xfffffff5][0xfffffffb]|[0xe][0xfffffffe][0xffffffb3][0xffffffcc]#M[0xffffffe3]$[0x12]4[0xffffffb5][0xfffffff4]>[0xffffff91][0xffffff92][0xffffffd4][0x15][0xffffffc0]^[0xffffff98][0xffffffaa][0xffffffe9][0xffffff90]h[0xffffff9f][0xffffffb0][0xffffffa2]x[0x9][0xffffffd9]Y[0xffffffc0][0xffffffc2]-[0xffffffbc][0xffffffeb][0xffffffe3][0xffffff8a][0xffffffa0][0xffffff93][0xfffffff6][0xffffff84][0xffffffdb]n[0xffffffec]uB[0xffffff81][0xfffffff8][0xffffffd5]P[0xffffff9a]yc[0xffffff87]r|[0xffffffde]k[0xffffffb0][0xffffffd2][0xffffffd3][0xffffffd1][0xf]:[0xffffffe0][0xffffff96]'Bw[0xffffff84][0xffffffe5][0xfffffffe][0xffffff93]M[0xb]Sq[0xffffffe0][0xfffffffa][0xffffffaa][0x1f]yIm[0xfffffffa][0xffffffd1])[0x12][0xffffffcb][0xffffffcd]&[0xffffff9b][0xffffffa1][0xffffffd0]!~[0x1c][0xffffff99][0xffffffb7]$[0x7][0xffffffec][0xc][0xffffff86][0x7f]>[0xe][0x3]X[0xffffffed]{fCX[0xffffffd1]/[0xffffffd3]d[0xffffffbf][0xfffffff6]B[0xffffffdd]|i[0xffffffcc]2[0xffffff82][0xffffff9a]Y[0xffffff9b][0x14][0xffffffc2][0x8][0xffffffba][0xffffffde][0xffffffd3]v[0x7][0xffffffb4]cLnN[0xffffff8e][0x5][0xffffff84]|[0xffffffed][0x18]6|Q[0xffffff90]m[0xffffffd5]M[0x1c][0xffffffa3]Fa[0xfffffffa][0xffffffe1];[0xffffff94][0xffffffb1]Z*[0xffffff93].s[0xffffffae][0xffffff95][0xffffffd8] ab[0xffffffaa][0x15][0x1c]c[0xfffffffb][0xffffff9e][0xffffffad]E[0xffffffdd][0xffffffe2]V[0xffffffb4][0xffffff8a]H[0xffffffd5][0xffffffe5]![0xffffffc6][0xffffffdc]B;t[0xffffff86][0x4][0xffffffc4][0xfffffff0][0x1]r[0xffffff8b][0xffffffdc]T[0xffffffa3][0xffffffec]J[0xffffffb6]9^[0xffffffba]ff[0x13][0xffffffc0]%O[0x2]*[0xffffff93][0xffffffde][0x5];[0x3]Z[0xffffffbe]1[0x4][0x1d][0x11]5[0xffffffe6][0xffffffd6]3[0xffffffc9][0xffffffe0][0xffffffab][0x1f][0xffffff9b]d[\r][0xffffffd1]Z[0xffffffa9]S[0xffffffb3][0xffffffa6][0xffffffd0][0xffffff9d][0xffffffcc]_[0xffffff8a]A[0xffffffd7]e|[0xffffffdf][0xc][0xffffff81][0x7]|[0xffffffc0]k68*[0xffffffbe]E[0xffffffad]3][0xf][0xfffffffe][0xffffff82][0xffffffff][0xffffffc5][0xffffff9a][0xffffffa2]r[0xffffffde][0xffffff95]Gc[0x1c]U[0xffffffc2]([0xffffff9a]u[0x4][0xffffffbf][0xffffffa5] [0x12][0xffffffd1]L[0xffffff85][0x1c]H[0xffffffb6].[0xffffffb2]2[0xffffffd1][0xffffffcb][0xffffffe0][0xffffffed][0xfffffffa][0xffffffe8][0xffffffba][0xffffff8c]GY8[0xffffff8a][0xffffffa3][0xffffffb0][0xfffffff2][0x12][0xc][0xfffffffa][0xffffff80]fJh[0xffffffac][0x7f][0xfffffff5][0xffffffcd][0xffffff96][0xffffffd0][0xffffff90][0xfffffff5][0x12][0xffffffc4][0xffffff95][0xfffffff0][0xffffffa0][0xffffffcb]?[0xffffffaa]_[0xffffffc9][0xffffffe1][0xffffffca][0xffffffb4]y[0xffffffd8]!s+[0xffffffe7][0xfffffffa][0xffffffa6][0xffffffb1][0xfffffff0])[0xe];[0xffffffc7]{[0xffffffdf][0xffffff9a]c[0xffffffff][0xfffffff0][0xffffffe7]v[0xffffffab]+[0xffffff9a]Q[0xffffffb7]l_[0xffffffef][0xffffffef]Q[0x12][0xffffffa7]#,[0xffffff82][0xffffffec][0xb][0xffffff85][0xffffffef] [0xffffffa2][0xffffffd4][0xffffffbe][0x1d][0xffffffb7][0x1b]M[0xffffffc6]O[0xffffffa2][0xfffffffa]%G[0xffffffb8][0xffffffeb][0x15][0x1b]`Y[0xfffffffe][0xffffffa2]J[0xffffffe8]x[0x19]K[0xffffffb2][0xffffffeb][0xffffffd9]27$Z[0xffffff94][0xffffff8c]r[0xffffff89][0x12][0x8][0x19][0xffffffe0][0xffffffc1][0xffffffc8][0x13][0xffffffe2]Q[0xffffff90][0xffffffbb][0xfffffffd][0xffffffcc][0xffffffe0][0x9][0xfffffffa][0xffffffc8][\r][0xffffff8e][0xfffffff3]x[0xffffffc8][0xffffffb3][0x1][0xffffffb4]][0xffffffeb][0xffffffa0][0xffffffec]zeE[0xffffff85].j[0xffffffcc][0xffffffc1][\r]b?[0xffffffbf]y[0xffffff9c][0xffffff83][0xffffffb0][0xffffffad]o337\[0xfffffff0]0)[0xffffff8b][0xffffffb1].[0xffffff8e][0xffffffba]P[0xffffff83][0xfffffff4]:$[0xffffffa6]J[0xfffffff4][0xffffffa9]}L[0x3][0xffffffbd][0xffffff94][0xffffffac][0xffffffd9][0xffffff87]Kp[0x8][0xffffff8f]f[0xffffffd7]R-l=[0x1b][0xb]d[0xffffff90]([0x3][0xffffffc7][0xfffffff9][0xffffffa3][0xffffffb2]DD[0xffffffc9][0xffffffcc][0xffffffa4][0xffffffd1][0xffffff96][0xffffffa4][0xffffffbb][0xffffffba][0xffffffea][0xffffffd1][0xffffffe7][0xe]~N[0xffffffeb][0xffffffe8]x[0xffffff8c][0xffffffaf][0xffffffca]z[0xffffffd8][0xffffffd0][0xfffffffb][0xffffffb4]|rA[0xffffffba][0xffffff98][0x6]^[0xfffffffa][0xffffff8a]5[0xffffff88])[0xffffffa5]"N[0xfffffffe]'[0xffffffe3]7[0xffffffc4]_[0xffffffbc]^[0x16]B[0xffffffa2][0xffffffc4][0xffffffe1][0xffffffc3][0x13]c%[0xffffffdc][0xffffff83][0xe][0xfffffff7][0xffffff9e][0xffffffbe][0xfffffff2]M[0x14][0xfffffffe][0xffffffc4]T[0xb][0xfffffff6][0xffffffa9][0xffffff99]1B[0xffffff9b]\$`s[0xffffff9e][0xfffffffc][0xffffffee]`[0xffffffd9]s[0xfffffff9][0xffffffdb][0xffffffd0][0x19][0xffffffd2]8[0xfffffff5][0xfffffff8][0x1b]5[0xffffffb4]ao[0x12][0xfffffff5]6o[0xffffffb0][0xffffffae]dJ[0xffffffde]m[0xfffffff2][0xffffffd5][0xffffffab][0xffffffa3][0xffffffe1]|[0xfffffffd][0x6][0xffffffe4][0xffffffec]]r[0xfffffff3][0xffffffaa]+2[0xffffff9f][0xffffffb0]r[0xffffffbb][0xffffff82][0x7][0xffffffc3][0xb]>[0xffffffac]B[j/f[0xffffffbe]_[0xffffffe5]u[0xfffffffb][0xffffffca][0xffffffa1][0xffffff8d][0xfffffff7]Pe[0xffffffe4][0xffffffea]7[0xffffff9b]inMU[0xffffffa5]C[0xffffffc6][0x9][0xfffffffb][0x8][0xe]m0d[0xffffffa0][0x15]n[0xffffffb1]:[\r]}[0xffffff8b]@[0xffffffc8][0xffffff9e]h%[0x19][0xffffffb2]*[0xffffffdc]v\[0xfffffffa][0xffffffec]U[0xffffffa4][0xffffffcf]b[0xffffffef][0xffffffc1]H[0xffffffbf]1?[0xfffffffb][0xffffffb0]b8[0xffffffa3][0x1f][0xc][0xfffffffe]pJ[0xffffffa9][0xffffffb5]n[0xffffff8a])MS[0xffffff96][0xffffffb8][0x3]&n[0x2]-[0xffffffc9][0xffffff99]2v%7>[0xffffffe2][0xffffffba]IM[0xffffffcb]L[0x16][0xffffffb9]p[0xffffffef][0xffffffdc][0xffffffd9][0xffffff9e]%[0xffffffc8]Fu[0xffffffe1]|[0xffffffff][0xfffffff2]{gqv[0xffffffd1]CS8[0x1d]V[0xffffffc8][0x5]bTCt[0xffffffcf][0xe][0xffffffaa][0x5]E[0xffffffc8]qe[0xffffff93][0xffffffcd][0xffffffdb][0x1b][0xffffffce][0xffffff83][0xffffff85][0xffffffdb]([0xffffff92][0xb]Op2[0xffffffdc]M[0xffffffff][0xfffffff0]a[0xffffffb9]$O[0xfffffff6]}[0xfffffffc]r1>[0x4]x[0xffffffb4][0xffffff99]M[0xffffffcc][0xffffffe7]/[0x1b][0xfffffffb][0xffffffdf][0xffffff83][0x1e][0xffffffd2]$Q%[0xffffff94]Q[0x17][0xffffffe1][0xffffffb4]5tg[0xffffffdc]*[0xffffffd8]u9[0xfffffff3]0[0xffffff9a]~B[0xffffffed]O[0xffffff90][0xffffffb8]}[0xffffffd5][0xffffffb4][0xffffffcb][0xffffffdb][0xffffff8a][\n]"
10:24:15.350 [main] DEBUG com.github.dockerjava.zerodep.shaded.org.apache.hc.client5.http.wire -- http-outgoing-2 << "R?[0xffffffc3],[0xffffffd6][0xffffff95][0xffffffbe][0xc][0x1b](D[0x1f]&Nh[0x1b][0xffffffb5]R[0xffffff82][0xc]}[0xfffffff4][0xffffff87][0xffffffc2][0xffffff9d]4[0xffffff85][0x11][oy=[0x19]y;I[0xffffff90][0xfffffff8][0xffffffe8]7e[0xffffffc2][0xffffff87][0xffffffef][0xffffff99][0xffffff95][0xffffff87][0xffffffc3][0x4][0xffffffd5]dF[0x0]1[0xffffffa8][0xffffffcb][0xffffffb7][0xfffffff7]L[0xffffffb6]`A[0xffffff9f]m[0xffffffcd][0x15]MZ[0xffffffa4][0xffffffa0][0xffffffb5][0xffffffbd][0xffffffed]P[0xffffff89][0xffffff9f]Cf[0xfffffff4]=LY>#[0xffffffb6]*[0xffffffa0][0xffffff9a]{L[0xffffffd3][0xffffffc4]RH(^[0xffffffa7][0xffffff8d]E5[0xffffffab]w`[0xffffff89]&[0xffffffb1]&[0xffffff86]Q3[0xffffff84][0x7][0xffffff82][0x8][0xffffff82][0xffffff83][0xffffffb0][0x11]J#[0xffffff8d][0xffffffa4][0xfffffffd]-xU<y+[0xfffffffe]7[0xffffffe7]F[0x0][0x17][0xffffffbf][0xe]k[0xffffff9b][0xffffffef][0xffffff95]t[0xe][0xffffffdf]4[0xffffffd5][0xffffff8f]][0xffffffdf]C[0xffffff9f][0xffffff8d][0x19][0xfffffff5]l6[0xfffffff1]w[0xffffff9f][0xffffffb2][0xffffffe8][0x6][0xffffff97]j:[0xffffffb4][0xffffffba]+[0xffffffda]nGy3[0xffffffde]OS[0xffffffcb]*[0xffffffe4][0xffffffe5][0xffffff95][0xffffffb9][0xfffffff0]m9[0xffffffc2][0xffffffee]$Y[0xffffffca][0xffffffa2][0xffffffd4][0xffffff87][\r]{[[0xfffffff6]B[0x1b][0xffffffc8]J[0x4]x[0xffffffbe][\n]"
10:24:15.350 [main] DEBUG com.github.dockerjava.zerodep.shaded.org.apache.hc.client5.http.wire -- http-outgoing-2 << "[0x3]0>[0xffffff9a][0xffffffc7]OmL[0xffffffd1]+[0xffffffaa][0xffffffe8][0xffffffcf][0xffffffe6][0xffffff99]*[0xffffffbc][0xffffffef][0xffffffe1][0xffffffcc]l[\r][0xfffffff4]x[0xffffffd3]$[0xfffffff5][0xfffffff2]u[0xffffff95]oR[0x6][0xffffffb6][0xffffffa4]o[0xffffffb8][0xfffffff6][0xffffffd3][0xffffffb9][0xffffffb5][0xffffff98][0xffffffbc][0xffffffee][0xffffffaa]O[0x1b][0x13][0xffffffc7]U[0xffffff9f][0xffffffd1]1[0x3]-d[0xffffffd2]zI[0xffffff9b]RS[0xffffffa4]a[0x14]qj1[0xfffffff5][0xffffff88][0xffffffad]B[0xffffffdd]W[0xffffffc5][0xffffff99][0x8][0xffffff8f][0x1][0x11][0xffffffa8][0xffffffcf][0xffffff9b][[0xffffffce][0xffffff92][\r][0xffffffb5][0xffffffaf][0xffffff8e][0x5][0xffffff92][0x1]N[0xffffff85]R[0xfffffff3][0xffffffdb][0xffffffba]}[\n]"
10:24:15.350 [main] DEBUG com.github.dockerjava.zerodep.shaded.org.apache.hc.client5.http.wire -- http-outgoing-2 << "[0xffffffa9]8[0xffffffa1]}&A[0xffffffbb]w&[0xffffffc6][0xffffffbb][0xffffffde]vH\[0xffffff8f][0xffffffe8]w[0xffffffa6][0xffffffad][0xfffffff4][0xc][0xffffffca]?[0xffffffa5]M&[0xffffff9e]t{[0xffffff89][0xffffffb3][0xffffffb2]Q+*5T[0xfffffff3][0xffffffbf][0xffffff83]yXZ[0xffffffd3][0xffffffd5]s[0xffffff86][0xffffffb9][0xffffffc2][0xffffffe2][0xffffffd1][0xe][0xffffffd0][0xffffffb8][0xffffffed][0xffffffca][0xffffff9c][0xffffff89][0xffffffd8][0xffffff8c]4[0xffffffae][0xffffffac][0xffffffa0][0xfffffffa][0xffffffd3]p5+8[0x7f]k[0xb][0xfffffff9][0x1a]!#r[\r][0xfffffff7][0xffffffd2]"[0xffffffdb]O[0xffffff9d][0x7]4s[0x8]D[0xb]n([0xffffffd6][0xffffffeb][0xffffff9a][0xffffffb0]U[0xffffffb6][0xffffffdf][0xfffffff5]i>[0x1f][0xffffffc0]d[0xffffffb7][0xffffffd2][0xffffff86][0x6][0xffffffd0]FM[0x9][0xffffff88][0xffffffe6][0xffffffcf][0x7][0x18][0x16]1[0xffffff97][0xffffffa3])l[0xfffffff3][0xffffffa7]/[0x9][0xffffff98][0xffffffb2][0xffffffa9][0xe][0xffffffe2]k[\r][0xffffffd9]_[0xffffff9b]g[0xfffffff9]^[0xffffffe6]M[0xffffffb0][0xffffff94][0xffffffe4][0xffffffa8];[0x18][0xffffffdf]l[0xffffffd7][0xffffffb0]r[0xffffff9f][0xffffffbb][0xffffffaf][0xffffffbd]c[0x2]![0xffffffe2][0x7][0xffffffa7]o%[0xffffffdd]e[0xffffffc3]u[0x8][0xffffffa4][0x3]_[0xffffffd7][0xfffffff1]4%[0x13][0xffffffa0]`W[0xffffffef]3\[0x7f][0x1f]A[0xffffff9c][0xffffffff][0xffffffb6]`0w@[0x16]6[0xffffffd2][0xffffffe6]p[0xffffffce][0x3]#[0xffffffd9][0x18][0x1f][0xffffffc8][0x1f]g'sw[0xffffffab][0x10][0xffffffee]az[0xffffffc0][0xffffffbf][0xffffffe2][0xb][0xffffffd3][0xffffffa3][0xffffffe6]B[0xffffff85]^[0xffffffff][0xffffffd0][0xffffff9a][0xffffff8f][0xffffffac][0xfffffffd][0xffffffb2][0xffffff80][0x3][0xfffffff5][0xffffff9e][0x4][0xffffffde]6[0xffffff8a].3[0x14]n[0xffffff91]D[0xffffffdd] [0xffffff82][0xf]a[0xffffffe3][0xffffffb9]Y6K[0xffffffad][0x16]5[0xffffff9d][0xffffff8c]=[0xffffff88][0xfffffffb][0x16][0x1e]d~S\%[0xffffffe6]F[0xffffff84][0xffffffc4].P[0x19][0x1e][0xffffffc3]d[0x7][0xffffffb5][0xffffffb8]E{,[0xffffffe0][0xffffffc6][0xffffff89][0xffffffca]t[0xffffffb6][0xffffffca][0xffffffe1][0xffffffa8]j[0xffffff92][0x1b][0xffffff8b][0x1c][0xfffffff9][0xe]6[0xffffff8b][0xffffffe2][0xfffffff5][0xffffffae]b[0xffffffdd][0xffffffed][0xffffffcf][0xffffffc0]u[0x7][0xffffff9b][0xfffffff3][0xffffffda][0x7][0xffffffe8]etR[0xffffff98][0xffffff8d][0x7]:[0xfffffff8][0xffffffdd]5n[0xffffffd8]o&+[0xffffffaa]}[0xffffffba][0xffffff8e][0xfffffff6]y[0x7f][0xffffff8f][0xffffffcb]c[0xffffffd5][0x16][0xffffffed][0xffffffb5][0xfffffffd][0xffffffe9][0xffffffa4][0xffffffae][\r][0xffffffad][0xffffff96][0x0][0xffffffd3]j|mE[0xfffffff3]([0xffffff8c][0xffffffb4][0xffffff96][0xffffffc8][0xffffffc5][0x9]g[0x7f][0xffffff91]v"[0xffffffcc][0xffffff8d]R[0xffffffd4];[0xffffffbd]7T[0xffffff90]D[0x8][0xffffffb2][0xffffff91][0xfffffff5]i[0xffffff8f]&[0x1f][0xffffffd6]8[0xffffffe7][0xfffffff8]b[0x17][0xffffffe3][0x1a]{[0xffffffce][0xffffffb2]@x[0xffffffe3][0xffffffb2][0x1e][0xfffffff1]f7[0x12][0xffffff8f][0xffffffe6][0xffffffe2][0xffffffbb]b[0xffffffe1][0xfffffff3][0xffffff9e][0xffffff88][0xffffffa7].[0xffffffa1]7[0x1b][0x4][0x1d][0xffffffa1][0x1f][0xffffffeb][0xffffffb9]W[0xffffffaf][0xffffff9c]e1[0xffffffe6]S[0xffffffe3][0xffffff97]7[0xffffffb7][0xfffffff1][0xffffff8d][0xffffffd8][0xffffffd3]-[0xffffffd6][0x1c]'[0x10]F[0xffffffc9][0xffffff9e][0xffffffa4](K[0xfffffff1][0xffffffb6]-d[0x8][0xffffffb1][0xffffff9b]Qd[0x1c]Z[0xffffff8e][0xffffffc9][\r][0xfffffffb])[0xffffff89][0xffffffa3]?[0xffffff8e][0xffffffbf]^:[0xffffff92][0xffffff84][0xffffff99]A[0xffffffd9][0xffffffb7][0xffffffc4][0xfffffff3][0xffffff9d]^[0x5][0xffffffce]L[0xffffff88][0xffffffd7][0xffffffb7][0xffffffb2][0xffffffb9][0xfffffff1]T[0x17][0xffffffce]c[0x1d]][0xffffff86][0xffffffb6][0xffffffd1][0xffffffd7]{[0xffffffc3]$[0x17][0xfffffffc]7z&[0xffffffc9][0xffffffa2][0xffffffda]@Z[0xc][0xffffff81][0xffffff8d][0xffffffa1][0xffffff9e]A[0xfffffff9][0xffffffcb]G[0x1c][0xffffffec][0xffffffb0][0xe]8[0xfffffffa][0xffffff80][0xffffffa3][0x1d][0xffffffc1]y[0xfffffffe][0xffffffa7]7s[0xffffffe4][0xffffff80]n[0xffffffa5][0xfffffff5][0xffffffef][0x13][0xffffff8a][0xfffffffb][0xffffffcb][0xffffff86][0xffffffd3](?`[0x14][\r][0xfffffffb]+[0xffffffb2][0xffffffa9][0xffffffc2]8[0xffffff95][0x19][0xfffffff4][0xffffffed]}[0x8][0xffffffcf]+[0xffffffcf]9[0xffffff9e]O[0xffffff8b]`[0xffffffbb]b[0xffffff8c]%V[0xffffff99]|[0xffffffe4][0x18]L[0xffffffe0][0x7f]I[0xfffffff2]&`,<[0xffffff92][0xffffffa9]0[0xffffffcb][0x1d][0xffffff8b];[0xffffffa8][0xffffff97][0x1c][0xfffffff5][0xffffff89]>3[0xffffff92][0xffffffb1]|[0xffffffac][0xffffffb9][0xffffffc8][0xfffffff0][0xffffff92]$[0xffffffd4]^RUQ[0xfffffff0][0xffffffc5][0xffffff9c][0xffffff99]d[0x17][0x1f][0xffffffc0][0xffffff85]O[0xffffffb3][0xffffffe4][0xffffff88][0xe][0xb][0xffffffc7]K[0xffffff86][0xffffffa2][0xffffffb4][0xffffffec][0xffffffbe][0xfffffffa][0xffffffed][0xffffffd7][0xffffffd1][0xfffffffb][0xffffff8d][0xfffffffd]7[0xffffffef][0xffffff9e][0xffffffdb]DP7[0xffffff95][0x15]l[0x8]B[0x6][0xffffffcf][0xffffffc5]m[0xffffff88]%H[0x1][0xfffffffc][0xffffff99]0H[0xffffffe6][0x17]t![0xe].r[0x1e][0xffffffe4])42[0xffffffad]5[0xfffffff6][0xf][0xffffff93][0xffffffb6]R[0xffffffcb][0xffffffec][0xffffffa3][0xffffffda]o[0xffffffd5]C[0xffffffb3][0x11][[0xffffffe7][0xffffff97]'?[0xffffffe9][0xffffffae]W[0xfffffffb][0x7f][0xffffffa7]6[0x6][0xffffffb6][0xffffffca]/o1[0xffffff8f]J[0xffffffb5][0xffffffea][0x18][0x18][0xffffffd7]M[0xffffffb9]%[0xffffffa8]4[0xfffffffd]:[0xffffffd9][0x10]W/[0xffffffd2][0xffffffff][0xffffff88]m[0x4][0xffffffee][0xffffff81]W[0xffffffc9]pkb[0xffffff90][0xffffffce][0x1e][0xffffffe0]P[0xffffffaf][0xffffff96][0xc]w\[0xffffffc3][0xffffff88][0xfffffff6]M[0xffffffe3][0x17][0xffffffff][0xffffffd9]{[0x8][0xffffffd8][0xffffffaa][0xffffffdb][0xffffff8b]4W[0x5][0xffffffd4][0xffffffae][0x1b][0xffffffd9][\r][0x1a][0x7][0xffffffe7][0xffffff8c][0xffffffc6][0x13]D[0xffffffe6]@k[0xffffffc5][0xffffffdb]![0xffffffb6]uN[0x7]/6F[0xffffff8f][0xffffffe2][0xffffffba][0xffffffed]^f[0xffffffa6][0xffffff94][0x1d][\r][0xffffffa8][0xffffffcd][0xffffffde][0xffffff94][0xffffffc9]C@E[0x6]y[0xffffffe1]EKVJ[0xffffffec][0xffffffe3][0xffffff82][0xffffffa3]V[0xe][0x1c][0xffffffbb] ~[0xffffffea]Qg[0xffffff87]6[0xffffff89][0xffffffc9][0x17][0xffffff88]y[0xffffff8b][0xfffffff1][0xffffffa1][0xffffffe7][0xffffffdd][0x1e]M[0xffffffb5][0xffffff83][0x1c][0xffffffe5][0xffffffe9][0xfffffff2][0x1f][0xffffffe1][0xffffff99]G[0xffffff9e][0xffffffb0][0xffffff84][0xffffffa6][0x1e][0xffffff85][0xffffffa4]l5[0xffffffe2][0xfffffffd]cZ[0xffffffe2]%7}[0x17][0xffffffb3][0xfffffff9][0x1f][0xffffffea]T([0xffffffe4][0xffffffe8].[0xffffffe3][0xffffff8e][0xffffffda][0xffffffb1][0xffffffe8][0xffffffc7]Eq[0xffffffe7][0xffffffe1]1[0xffffff92][0x19]XO{[0xffffff8f]K[0xffffff92][0xffffffd6]6[0xffffffae]([0xffffffc2]|[p[0x9][0x6]&[0xffffff99][0xffffffd2]V3[0x1a][0xffffffcd]NE92[0xffffffa3][0xffffffbc][0xffffff97][0xffffffde]%[0xffffffb1]S[0x17]4[0xffffffa0][0x1][0xffffff93][0x1c][0xffffff82]o[0x4][0xffffff8c][0xffffffdc][0xffffff9f]%Tv[0xffffffb1][0xffffff86][0xffffff8a][0xffffff86][0xffffff86][0x9][0x0][0x15][0x1c][0xfffffff6]h[0xffffffce][0xffffffde][0xffffffda][0xffffffe7][0xffffff95][0xfffffff4]0[0xffffffbd]4%[0x19][0xffffffb0]{[0x1a]([0xffffffc3]_[0xffffffe1][0x1d][0xffffffce]l[0xffffffbb][0x17]([0xffffffb3][0xffffff9d][0xffffffe6][0xfffffffb][0x11][0xffffffc6][0xffffffc7][0xffffffc2][0xffffffba][0xfffffff6][0xffffffec][0xffffffd4][0xfffffff6][0xffffffd1]0[0xffffffd4][0x9][0xffffffb6]`2[0x10][0xf][0xffffffa1][0x4];[0xffffff83][0xffffffc9]=[0xffffffe3][0xffffffbc][0xffffffc2][0xffffffa0][0x7][0xffffffc3][0xffffffd6][0xffffff9b][0xffffffb9][0xffffff88][0xffffff81][0xffffffb2][0xffffffb6]@p;B[0xffffff87][0xffffff88]59[0x7f][0xffffffc4][0xffffffb6]n[0xffffffc2]|u[0xfffffffa][0xffffffc6][0xffffff92]][0xffffffb9][0xffffff8b][0xffffffbe]Ia?[\n]"
10:24:15.350 [main] DEBUG com.github.dockerjava.zerodep.shaded.org.apache.hc.client5.http.wire -- http-outgoing-2 << "[[0xffffffc5][0xfffffff5][0xffffffbd][0xffffffb6][0xffffffc7]1[0xffffffb2][0xffffffe8][0x5][0xffffffdf][0xfffffff8][0xffffff99][0xffffffdd][0xffffff84]k[0xffffffc2]W[0x8][0xffffffc5][0xffffffe8][0xffffffcf]|[0x7][0xffffffa5]i[0xffffffb4]b[0x13][0x16]o[0x1]Z[0xffffff93][0xfffffffa][\n]"
10:24:15.350 [main] DEBUG com.github.dockerjava.zerodep.shaded.org.apache.hc.client5.http.wire -- http-outgoing-2 << "[0xffffffdc]/F(3![0xffffffbf][0xffffffa1][0xffffffa6]{[0xc][0xb],[0xffffffed]PX[0xffffffd7]M [0xe][0xffffffda]>[0xffffffca][0xffffffdb][0xffffff8f][0xffffffec][0xffffffad][0x1e][0xffffffe6][0x15]|[0xffffff8b][0xffffffe4][0xffffffcd][0xffffffd9][0x1b][0xfffffff3][0xfffffff6][0xffffffdf][0xffffff99][0xffffffc5][0xffffffc0][0xffffffa7][0xffffffba][0xfffffffe][0xffffffda][0xffffffb5][0x1f][0xffffffc1][0xffffffb4][0xfffffff4]Co[0xffffff9a][\r]j[0xffffffb0][0x6][0xffffff8c][0xffffff8a][0xffffffc8][0xffffffaa][0xffffff8d][0x9]O[0xffffffad][0xffffffdb][0xffffff92]ld^<9[0xffffffd7][0x5]+[0xffffffa4][\n]"
10:24:15.350 [main] DEBUG com.github.dockerjava.zerodep.shaded.org.apache.hc.client5.http.wire -- http-outgoing-2 << "[0x1c][0xffffff9b][0xfffffff5][0xffffff88][0xffffff8f][0xfffffff9][0xffffffa6][0xffffffad][0xffffff90][0xffffff87][0xffffffb4]U[0xfffffff0][0xffffffbc][0xffffffb3]+[0xffffffc2]=[0xffffff9d][0xfffffff6][0xffffff81]\[0xfffffffb][0xfffffff1][0xffffffc7][0xffffff90][0xffffffbe][0xffffff97][0xffffff90]>d[0x11]Q-[0xffffffbe]M[0xc]D"[0xffffff8e].[0x14][0xffffff98][0xffffffaf][0xffffffcc][0xffffffb0]Q[0xffffff91][0xffffff84][0xffffffac]O,[0xf][0xffffffc6];J~[0xfffffffb]5%A[0xffffffac]+[\r][0xffffff98][0xffffffe2][0xffffff85]T[0xffffffb2][0x17][0xffffff9f][0xffffffde][0xffffff8d][0xffffffcd][0xffffffba][0xffffffc9][0xffffffe4][0xffffff96][0xfffffffc][0xffffff91]R/ [0xffffffad]?m*[q[0xffffffb4][Y[0xffffff82][0xffffffe8][0xffffffb8][0xfffffff6]6[0xffffffc0]f[0x8][0xfffffffd][0xffffffac]%[0xfffffffb][0xffffff85]i[0xffffffbf]l[0xffffffc0][0xffffff86][0xfffffffb][\r][0x7f][0xffffff8d]>[\n]"
10:24:15.350 [main] DEBUG com.github.dockerjava.zerodep.shaded.org.apache.hc.client5.http.wire -- http-outgoing-2 << "[0xffffffaf]6[0x15][0xffffffad][0xffffffe0]w[0x3]~[0x17]Oq[0x18]1yJ[0xffffffab][0xffffffa2][0xffffffe3]k[0x1f]lD8[0x6]x[0xffffffe6]-9[0x19]A[0x17]/[0xffffffad][0xffffffff];D[0xffffffea]~[0xffffff81][0xffffff95][0xffffffc1][0xffffffe7][0xffffffcc][0xffffff98]1[0xfffffff7]a[0x1b][0xffffffa9]+[0xffffff91]]`V[0xffffff96][0xffffffbe]K[0xfffffff8][0xffffffb0]v[[0xffffffb2]<[0xffffffdf]u[0xfffffff0][0xffffffdd]ew\O7[0xffffff90][0x4][0xffffffcb][0xffffffcb]][0xffffff97][0x16][0xffffffec][0x0]K[0xfffffff7]5 [0xffffffc5][0xffffffa4][0xffffff93]![0xffffffab][0xfffffff8]Mke[0x14][0xffffffed]e[0xfffffff2][0x19][0xffffffb2][0xffffff82][0xffffffd6]O[0x18]'H[0xffffffeb][0xffffffe8]=[0xffffff8b][0xffffffd4][0x19]o3[0xffffff8f][0xfffffffd][0xffffffe4]yfa=s[0xffffffc7][0x14]e[0xfffffff4]Q4e{[0xffffffb2][0xffffff88][0xffffff98][0xffffffa4][0xffffffde][0xffffffe4][0x18])[0xffffffbf]%6zA[0xffffffbd][0xffffffbd][0x13][0xffffff87]~[0xffffffac][0xffffffe0]C[0x9]$[0xfffffff4][0x10][0x1d][0xffffffdf][0xffffffb7][0xffffffc8]@[0xffffffa5][0x19]D[0xffffffa9][0xffffffce]T@d[0xffffff89]%7[0xffffffe3]\[0x1d][0xfffffff6]0h[0xffffffbd][0xffffffaf]Y=[0x0]EL[0xffffff97][0xffffff89]=[0xffffffea][0xffffffca][0xffffff98][0xffffffa3][0xffffff96][0xffffffd1]5[0xffffff82]s[0xffffff99]@[0xb][0xffffff8e][0xffffff84]MwJ[0xffffffd7]/[0xffffff94][0xffffffd7][0xffffffa3]h[0xffffff8f]a!8[0xffffffe4][0xffffffbb][0xffffffac]>Kp[0xffffff87].[0xffffffd2]&[0x7][0xffffff99]x[0xfffffffa]\[0xffffffe1][\n]"
10:24:15.350 [main] DEBUG com.github.dockerjava.zerodep.shaded.org.apache.hc.client5.http.wire -- http-outgoing-2 << "L[0x10][0xffffff84][0xffffffce][0xffffff95][0xffffffdb]zY%[0xffffffee][0xffffff94][0xfffffff7]K[0xffffffb3]![0x1b][0xffffffd6][0x16][0xffffff93][0xffffff80]2BbjU[0xffffffce]o[0xffffffce][0xffffff9c][0x1f]a+[0xffffffe0][0xffffffac][0xffffff97][0xffffffaa][0xffffffbc]=w4[0x1b]"X+k[0xffffffb4]|[0xffffff81]q=4[0xffffff96]9[0xffffffe3][0xffffff93]?[0xffffffbf][0xffffffcd]`Y&[0xffffffd5]eu[0xffffffa2][\n]"
10:24:15.351 [main] DEBUG com.github.dockerjava.zerodep.shaded.org.apache.hc.client5.http.wire -- http-outgoing-2 << "[0xf][0x13]&][0xffffffad]' [0xffffffe1] E[0xffffffe2][0xffffffb9][0xffffffb6][0x19]qR[0xffffffc2][0xffffff97][0xfffffff8][0xffffffa6]$[0x1e][0xffffffac][0xffffffed][0xffffff89][0xffffffa1][0xffffffe7][0xffffff9a][0xffffffca][0xffffff9c]~vCn[0xffffffe5][0x18][0xffffff80][0xffffffe5][0xffffffe6][0xffffff91]^[0xfffffff8]A[0xffffffb6][0xffffffad][0xffffffcd]vl[0xffffffa0][0xffffffb9][0xffffffb7][0xfffffff5]S[0xffffff87]q[0xffffffea][\r]Ix[0xffffff96][0xffffff9f]I[0xffffffef][0xffffff93]:\[0xffffffc4][0xffffffae]r[0xffffffb9][0xffffffa0][0xffffffcc]RS[0xffffffd4][0xffffff8c][0x18][0xfffffff9]8S[0x1e][0xfffffff2][0xffffffeb]Jy[0x7f][0xffffffb0][0xffffff80]t[0xffffffaa][0xffffffae][0xffffffba]WM[0xffffffc5]q3[0x15][0xffffff92][0xffffffef][0xffffffa2][0x1f][0xffffffb3][0xffffffe0][0x0][0xffffffb7]8[0xffffffc1][0xffffffeb][0xffffffcf]Acr[0xffffffb5]6[0xffffffb8][0xffffffa6][0x15][0xffffffcf][0x1d][0xffffffa8][0xffffff9a].[0xffffffe5][0xffffffef][0x1d]v[0xfffffff5]C[0xffffff97][0xffffffed][0xffffffaf][0xffffff84][0x1f][0xffffffca]k[0xffffffc5][0xffffffe4][0x18]+[0xfffffffb][0xffffffcf][0xffffffee]+T[0xfffffffb]Y[0xffffffbe][0xffffffb5][0xffffffca][0xfffffffd][0xffffffb8]H[0x10][0xffffffc0]&[0xffffffb6][0xffffffed][0xffffff97][0xfffffff0][0xffffffac][0xffffffaa][0xffffff8a][0xb];[0xfffffffa]L[0xffffffe0]h6[0xffffff9f][0xffffffb1][0xffffff84]<[0xffffffee]*[0x10]v[0xffffffbf]G[0xfffffffa][0xffffff88]G3[0xffffffde][0xffffffcc][0xffffff93]c[0xffffff97]`4[0xfffffffe][0x16]Zy=[0xffffff94]R[0xffffffc6]K[0xffffffc6]g[0xffffffb3][0xffffffae][0x0][0xffffff8b] [0xffffff96][0xffffff8f][0x1a]>[0xffffffd5]([0xffffffab][0xffffff97][0xffffffb0]b[0xffffffc5][0xffffffbb][0x16]Up[0xffffff95]&T><[0xffffffa4]A[[0xffffffe8]e' [0xffffff99][0xfffffffd]Ii^[0xffffffcd][0xffffff94]4[0xffffff88][[0xffffff92][0xffffff96][0xffffffb4]7O7[0xfffffff7][0xffffffeb][0xffffffef][0x15]][0xffffffd8]w[0xffffffbb][0xfffffffa][0x6][0xffffffbc][0xffffffd9]h[0x1]+[0xffffffad]6[0xffffffb3][0x1a][0xfffffff6]p[0x7][0xb]B[0x15][0xffffff96][0xfffffff8][0x13][0x13]H[0xffffffa2][0x7][0xffffffbf]P[0xffffffa5]_[0xffffffc7][0xffffffb7][0xffffff82][0xffffffd0][0xffffff93]$[0xfffffff0][0x15][0x1b][0xffffff83][0xffffff9f][0x16][0xffffffa4][0x16]sq9[0xffffffdc][0xffffffc2]<[0xffffffcc][0x8][0xffffffca]v9[0xffffffa4]E[0xffffffbb][0xffffffaf]"[0xffffffa5]7=C[0xffffff8d][0x1]+[0x18][0xffffff96]<[0xffffff9e][0xffffff95]W[0xffffff93][0xffffff8e][0xffffffa8][0xffffff9e][0xffffffdd][0xffffff97][0xffffff82][0xffffff81][0x2][0x15][0xffffffe9]W[0xffffffc1][0xffffffcf][0xffffffba][0xffffff93][0xffffff94][0xffffffba]g[0x6][0xffffff9e][0xffffffd9][0xffffff9c][0xffffffb9][0x15] [0xffffffdf][0xffffff86][0xffffffb6][0xe]S[0xffffffce][0x14][0xfffffffb]9[0xfffffff0][0xffffffac][0xffffff8a][0xffffffc1][0xffffffab][0x0]5[0xffffffeb][0xfffffffc][0xffffffb0][0xffffffbb][0xffffffc3][0xffffffba]W[0xffffffb4][0xffffffcd]Hz"u[0xfffffffc]y[0xffffff96][0xffffff96]C[0xffffff82]#[0xffffffac]X[0xffffffce][0xffffff8e].a[0xffffff84][0xfffffff3][0xffffffe7]&[0xffffffa1][0xffffffdb][0xffffff9e]O[0xffffffc5][0xffffffc6]"[0xffffffaf][0xffffff86][0xffffffd4]O6[0xffffffe3][0xffffffd0][0xfffffff4]N[0xffffffec][0xffffffe3][0xffffffb0][0xffffffc6][0x1a][0xffffffe3][0xffffffad]6[0x2][0xffffffba][0xfffffff7][0xffffff9c][0xffffffc5]`+[0xffffffd3]jW)6[0xffffffa5][0xffffffc6][0xffffffad][0xffffffcb][0xffffffa9]G/[0xffffff8e]|[0xffffff97]e[0x17][0x3][0xffffff8b][0xffffffe0][0x11][0xffffffcf][0xffffffd2][0x1c][0xffffffd9][0xffffffc2]r[0xffffff9f][0xffffffc9]Fv[0x0][0x7f][0xffffffa5][0xffffff85][0xffffffa8][0xffffff89]X[0xffffffc3][0xffffffe2][0xffffffae]v8D[0xffffff9a][0x1][0xc]N[0xffffffbe]A[0xffffffa4]oO[0xffffffef][0xffffffba][0x9]Cq[0xffffffc7][0x1]dP[0xffffffa7]-[0xfffffff3][0xfffffffb][0x5][0xffffffd1]m?6$IS$[0xffffff8f][0x9][0xffffffd3][0xffffffbb][0xffffffcc]z[0xffffffe6]5[0xffffff8e][0xffffffbe][0xffffffe3]}[0xffffffc1][0xffffff8d]7{R[0xc][0xffffffba]eA[0xffffffe1]u[0xffffff89][0x0]8Dq[0xffffffd9]<H[0xffffffa5][0xfffffffb]_[Nl[0xffffffca][0xffffffd2][0xffffffdc]<[0xffffffe6][0xffffffcd] [0xffffffd6][0xffffffb7][0xffffff82]<[0xffffffb9][0xffffffa3][0xffffffe7]3[0xffffffc1][0xffffffaa][0xffffffd7],[0x1c]^[0xb][0xffffffa7][0xffffffa3][0xffffffcd]{[0x7f][0xffffff8f][0xfffffffc][0xffffffda][0xffffffcb][0x0]qx[0xffffffce]"9[0xffffffce][0xc][0x15][0xffffffab]U[0xffffffe1][0xffffffb0]~[0xffffffcb][0xffffffdf]B[0xffffff97][[0xffffffe3]jyO}[0xffffffa8]zp[0xffffffa6]>[0xffffffa1]~[0xfffffffc][0x2][0xf][0xffffff82]#sT[0x1f]G[0xffffff96][0xffffffc2][0x17]s[0xffffffcb][0xfffffff5]o[0x18][0xfffffff6][0xffffffb4][0xffffffae]p[0x9]t[0xffffffaa]u[0xffffffc9]<|[0x18]t[0xffffffed]([0xffffffed]i[0xffffff8a][0xffffffe7][0xffffffee][0xfffffff4]`[0xffffff8d]0[0xffffffef]+[0xffffffc3][0xffffffd5]b})[0xffffff91][0xffffffa5][0xfffffff5][0xffffffed]T[0x13].[0xfffffffb][0xffffffa5]E[0xffffffe5]5[0xfffffffa][0xffffffe6][0xfffffffd]n[0xffffffca][0xffffffa4]0[0x5][0xffffffef][0xb][0xffffff82]6?[\r][0xffffffb7][0xffffffeb][0xffffff93],[0xffffffc1][0xffffffcc]G"[0xfffffff9][0xffffffd0]`[0x19][0xffffff97][0x5]ecXF[0xffffffa5]R[0xfffffff4]S[0xffffffee]d[0xffffffef][0xffffffc1]F[0xffffff97][0xffffffac]p[0xffffff8e][0xffffff95][0xffffffff][0xffffffea][0xffffffbb][0xfffffffb][0x1c]:[0xffffffd7][0xfffffff6]6[0x7f][0xffffffd8][0xffffffc7][0xffffff94][0xffffffc0]8=[0xfffffff1][0xffffffcd]<23[0xffffffc3][0x1f]#[0xffffff84]C[0xffffffd3][0xffffffab][0xffffff8b][0xffffffb0][0xffffffcb]j[0xffffffe2]"J[0x12][0xfffffff9][0x2][0xffffff90][0xffffffcf]*O[0xfffffff2][0xffffffce]p[0x19]U<[0xfffffffd][0xffffffc2]mU[0xffffffda][0x4]w[0x0][0xffffff8f][0xffffffb2]6"r$z3[0xffffffc0][0xffffffce][0xffffff81][\n]"
10:24:15.351 [main] DEBUG com.github.dockerjava.zerodep.shaded.org.apache.hc.client5.http.wire -- http-outgoing-2 << ">[0xffffffca][0xffffffe5][0xffffffb6]-c[0xffffffb7]][0xffffffa8][0xffffffbf][0xfffffff8][0xffffff94][0x12]DM$i[0xffffffec][0xffffffc3][0xffffffa2]{[0xb][0xffffffde] <[0xffffffb0][0xc][0xffffff84][0xffffffda][0xffffffa1]r[0xffffff91]{[0x17]UR[0xffffffee]d[0xffffffef]c[0xfffffff4][0x6][0xffffffbd][0xffffff96][0x16]m[0x1b][0xffffffa6][0xfffffffb]J[0xffffffed][0xffffff89]$[0xffffffe0]O[0xffffffbf]P[0x1d]t[0xffffffc0]$[0xffffff95][0xffffff8f][0x16][0xffffffa1][0xffffffc3][0xfffffff8][0xffffffc8][0xffffff8a]p[0xffffffda][0xffffffb6][0xffffff92][0xffffffe1]f[0xffffffc3][0xffffffff]$[0xffffffba][0xffffffc6]w[0xffffffcb][0xffffffcc][0xffffff83]GN+f[0xffffff88]3[0xffffffe5][0xffffff9d][0xffffff93]z[0xffffff91]|[\r][0xffffffd9]Yn[0xffffffe5]v[0xffffff87]Usq[0xffffffee]sv[0xffffffd1][0xffffffc2]5[0x18][0xffffffdc][0xffffff8f]tL[0xfffffff3]^[0xffffffcc][0xffffffa2][0xfffffffd]T[0xfffffff7]9AI;[0xffffffc5]0[0xffffff98];M[0xffffffae]yV[0xffffffaf][0x7f][0xffffffd8][0xffffffc1][0xffffffc6]\[0xffffff94]%c[0xffffff97]<[0xffffffa9][0xffffffb1][0xffffffd1][0xffffffda]t'Q[0xffffffe4][0xffffff95][0xffffffa8][0xffffffd0][0xffffffd2]thSWOC6[0xffffffcd][0xffffff9b]D[0xfffffff1]TL[0xffffffb1][0xffffffe4][0xfffffff2][0xffffff8a]=[0xffffff94][0xffffffcc][0xffffffb3]\[0x15]=[0xffffff8a][0x1d][0xffffff9a][0xffffffd5][0xffffff89]T[0xffffffab][0xffffffd1][0xf][0x0][0xffffffd0][0x14]`[0x1][0x10][0x13][0xffffff80]r[0xfffffff6][0x7]P[0x5][0xffffffa2][0xfffffffc][0xffffffab][0xffffff85][0xffffff8e]zc5U[\n]"
10:24:15.351 [main] DEBUG com.github.dockerjava.zerodep.shaded.org.apache.hc.client5.http.wire -- http-outgoing-2 << "([0xffffff8b][0xffffff97][0xffffffab][0xffffff97][0xffffff92],[0xffffffce][0xfffffff5][\n]"
10:24:15.351 [main] DEBUG com.github.dockerjava.zerodep.shaded.org.apache.hc.client5.http.wire -- http-outgoing-2 << "t+[0xffffffc2][0xffffffb2][0x16][0xffffff8a]O[0x1]FZ[0xffffff90][0x19][0xffffffca][0xfffffff6][0xffffffcd][0xffffffea][0xffffffc3][0xffffffa1][0xffffffe0]hE_[0xffffffe2][0x14][0x17][0xffffffb6][0xfffffffc][0xffffff8f][0xffffffc2][0xfffffff7]([0xffffffa3][0xffffffdf][0xffffffd7][p[0xffffffe3][0xffffffaf][0xffffffc3][0xffffff8b][0xffffff93]$[0xffffff95][0xffffffc8][0xffffff9f]5[0xffffff97]g[0xffffff90]1U+[0xffffffa4][0xffffffa8]p[0xfffffff6][0xffffff85][0xffffffb0][0xffffff97][0xffffffb5]BC[0x1f][0xffffffe1]65a[0xffffff92][0xffffffe2]yn[0x17])/[0xffffffa8]=[0xffffff98][0xffffffc6][0xfffffff3][0xffffff84][0xffffff9a][0xffffffc3][0xfffffffc][0x17]d|[0xffffffeb][0xffffffaa][0xffffffac][0xffffffbc]h[0xffffffcf]8%t[0x8]Y/[0xffffffc7][0xffffffef]m[0xfffffffc][0x12][0xfffffff0]4[0xfffffffc]~[0xffffffa9][0xffffffd5][0xffffffa1]j[0xffffffe6][0xffffffe3][K:Gxp[0xffffffe3][0xffffff8e][0xffffff9d][0xffffffdf][0xffffffa4][0xffffffee][0xffffffe6]<[0xffffff8c]O[0xffffffcd][0xffffffd8][0xffffffba]S4[0xffffffda][0xffffffe0][0xffffff8b]e[0xffffffd0][0x7f][0x12][0xffffffc3][0xffffff93][0xffffffdc][0xffffff8e]|#L[0xffffff95][0xffffff92]UmR[0xffffff90]`[0xffffffe9][0xffffffa5]M[0xffffffea][0x1b][0xffffff99][0x1b]s[0xffffffee]o13[0x14]XO[0x18]s[0xffffff96][0xffffff94]J[0xffffffdb][0xffffffad]s[0x10][0xffffffa9];[0xfffffff2][0xffffffe4][0xffffffa0]\*l[0xfffffff5]e<[0xffffffd1]t[0xffffffb7][0xffffffdf][0xc]^[0xffffffe9][\n]"
10:24:15.351 [main] DEBUG com.github.dockerjava.zerodep.shaded.org.apache.hc.client5.http.wire -- http-outgoing-2 << "[0xffffff8e][[0xfffffff6]g[0x16][0xfffffffc]QL[0x17][0xfffffffd]![0xffffffad]SU[0xe][0xffffff98][0xffffffc3]X[0xffffffc6][0xffffffef]T[0xe]{EU[0xffffffec]g8H8%[0xffffff98][0xffffff9f][0xffffffeb][0x11][0xfffffff8]na[0xffffffbb][0xffffffed][0x0][0xffffffc7]v [0xffffff99]J.[0xffffffd4]j[0xfffffffb][0xffffffee][0xb][0xffffff8f][0xffffffc8]-[0xffffffa5]/[0xfffffffe][0xfffffff1][0xffffff92]9[0xffffffb1]$[0x11]#[0xffffffa5]V[0xffffff81]j\[0xf]d[0xffffffe0][0xffffffe4][0x8]][0x0][0x0] ^X[0x0][0xfffffff0][0x4]P[0xffffff91][0xffffffff]L[:[0xffffff80]2[\r]]$}k[0xffffffb3]/EY[0xffffff9f][0xffffffc4][0xfffffff6]?[0xffffffea].[0xffffff98][0xfffffff1]d|[0xffffffeb][0xffffff86]a[0xffffff95]t[0x1f][0x17]BI[0xffffffce][0xffffffc1][0xffffff8a][0xffffff86][0xffffffa6][0xffffffb4][0xffffff88][0xffffffb8]{[0xffffffbe][0xffffffa6][0xffffffaf]N[0x2][0xffffff88]]I[0xffffff8c]K[0xfffffffb][0x13][0xffffffb6][0xffffffca]y[0xffffffe6][0x1b][0xffffff86]ztaf[0xffffffc2][0x17][0xffffff98]8][0x14][0xfffffff5][0xffffffc8][0x3][0xffffffc9][0xffffff9c][0xffffffb9]&K[0xffffff9c][0xffffff96]B[0xffffffd7][0x1f][0xfffffffb][0xfffffff2][0x5]U[0xfffffff6][0xf].[0xfffffff6]J[0xffffff86][0xffffffc5]m'[0xfffffff8];[0xffffff9e]/|^D[0xffffffc2][0xffffffa9]r[0xffffffc3][0x1a][0xffffffc7][0xffffffd7][0xffffffdb][0xffffffe1]c[0xffffffba][0xffffffae][0x1][0x0][0x8][0xfffffffa]'J[0xffffff86][0xffffffca][0xfffffff4][0xffffffdf]Q[0xffffffb2]Lc+I[0xffffffdf]N.[0xffffff99]xV[0xffffffb3]E[0xffffffeb]B2[0xffffffe1]OS"-[0xffffffb4][0xffffffc9][0xffffff9b][0xffffffe0]G8[0xffffff85]=&!:[0xfffffff3][0xffffffc5][0xffffffcf]T=[0x1c][0xffffff9d][0x0][0xffffffb2][0xffffff89]`T[0xffffff81]`[0xffffffa5][0xffffffd3][0xffffffe7][0xffffffd7][0xffffffc8][0xffffffed][0xffffff9a][0xffffffd9][0x14][0xffffffe2][0xffffffff][0xffffff90][0xffffffb6][0xffffffd5]E:[0xfffffffc][0xb]%[0xffffffc3][0xfffffff8][0x2][0xffffffa0]*[0xffffffff][0xffffff81][0xffffff92]a8[0xfffffffd][0xffffffbb]1[0x11][0xffffffec]/[0x1e]-l[0xfffffff0][0x1d]kW[0xffffff94]~[0xffffffc5][0xfffffffb][0xffffffac][0xffffffea]Sg[0xffffffc7][0xffffffab]{n[0xffffffcb]Y [0xffffffe0][0xffffffa1][0xffffffbc][0xffffff90][0xffffffd5]V=[0xfffffff7]a[0xffffffa2]-`M[0xffffffa6][0xffffffff][0xffffff8a](#[0xfffffff2]Z'[0xffffffcd]f[0xffffffa6]N[0xffffff96][0x1d][0x17]G[0xffffff98][0xffffff8e]m[0xffffffb5][0xffffffed][0xffffffd5][0xffffffdf][0xffffffe0]|Ls4[0xffffffd8][0x4][0x1]K[0x16][0xe][0xfffffff1][0x0][0xfffffff7][0x1e][0xffffff92][0x3]=[0xffffffa9][0xffffffa5][0xffffff8a][0xfffffffb][0x8]e[0x1f]-[0xffffffd7]z[0xffffffe0]LP[0xffffffc4][0xffffff8a][0xffffffd1][0xfffffffb][\n]"
10:24:15.351 [main] DEBUG com.github.dockerjava.zerodep.shaded.org.apache.hc.client5.http.wire -- http-outgoing-2 << "U[0xffffff94][0xfffffffd][0x1f]s[0xffffff91]=[0xffffffbc][0xffffffdd]![56[0xffffffd0][0xfffffff7][0xffffffe7][0xffffffb1][0xffffff9b]Y[0xffffffea]|[0xffffffff][0xffffff82];[0xffffff92][0xffffffa5][0xffffffab]+[0x8][0xffffffab]Jn[0xffffffd0]fdf[0xffffffcb]$[0xffffffbf]6[0xffffffd1]L[0xffffffe7][0xfffffff5]c[0x2][0xfffffff9]q[0xffffffd9][0xffffff80]N[0xffffffea][0xffffffcb][0xe][0xffffffe9][0xfffffffb][0xffffff83]b-[0xffffff91][0xffffffc9][0xffffffe6][0xffffffb9][0xffffffd6]$[0x0][0x1f][0x11][0xffffffb3][0xffffffc5][0xffffffd9]q}[0x1d][0xc][0xffffffa2][0xfffffff5]e[0xfffffff9][0xfffffff2]Y[0xffffffd3]YtZ[0xfffffff9]YR[0xffffffac][0xffffffd5]O"iL[0xffffffbf][0xffffffc8][0xffffffb7]jteV[0xffffffc7][0xffffffa5][0x1a]{[0xffffffdf]f[0xffffffff][0x1e][0xffffff82][0xffffffa8]$[0xe]n[0xffffff90][0xfffffff3][0xb]}[0xffffffc7]r[0xffffffed][0xffffffcd][0xfffffff7][0xffffffb5][0xffffffcd][0x16]_4[0xfffffff9][0xffffff80][0xffffffe4][0xffffffed][0xffffffc6]g[0xffffffda][0xffffff88][0xfffffff1][0xffffffc5]=[\r](Q[0xffffff9a]1;[0xffffffcf][0x1]w[0xfffffff6][0xffffffb5][0xffffff94][0xffffffcb]w)V[0xfffffff5][0xffffffa3][0x16];[0xffffffac][0xffffffd0][0x11][0xfffffffd][0xffffff86]gSN[\r][0xfffffff9][0xffffffd1]2[0xffffffb0][0xffffffc6]Vm[0xffffffb0][0xffffffab][0xffffff84][0xffffffc1]wu<[0xffffffc9]H}-[\r][0xffffffa8][0xffffffe4][0x11]O[0x16]a>[\n]"
10:24:15.352 [main] DEBUG com.github.dockerjava.zerodep.shaded.org.apache.hc.client5.http.wire -- http-outgoing-2 << "[0xffffff88][0xffffff86]2&[0xfffffff0]'[0xffffffc9][0xffffffa7][0xffffffa0][0x6][0xfffffff1][0xffffff82]-#[0xf][0xfffffff5][0xffffffbd][0x1d][0xffffffde][0xffffffac]1[0x11]][0xb]Eva1[0x15][0xffffffd6]Yi[0xffffffed][0xffffffb5]r[0xffffffc6][0xfffffff0]}[0xffffff82]eO[0xffffffb5][0xffffff92]G[0xffffffbd][0xffffffbc]+Ew_[0xffffffeb]j|[0xf]P[0xffffffe5][0xffffffe3][0xffffffd8][0xffffffa0][0xffffffb9]5[0xffffff89]'[0x12]4[0xfffffffe]k4[0xffffffc5]~[0xffffffa2]0[0xffffffca]C[0xffffff85][0xffffff9c][0xffffffde][0xffffffb3]4B[0xffffffce]xwn%[0xffffff89]x[0xfffffff7][0xffffffd9][0xffffffb9]vM[0x12][0xffffff8e]%[0xfffffffe][0xffffffc8][0x7][0xffffffe1]/J[0x11]R[0x10][0xffffffd9][0xffffffca][0xffffff87]&[0x14][0xffffffb9][0xb]ay[0xffffffa6]yfz7[0xffffff96]{+[0xffffffee][0xffffff8d][0xffffffbd][0xffffffa1]"[0x7][0xffffff83][0x10][0xffffffb9]/[0xffffff98]U[0xffffffe7]e&[0x4]{[0xffffff93][0xffffff85][[0xffffffc2][0xfffffff4][0x1c][0xffffffe0][0x19][0xffffff8c][0xffffff97][0xffffffc9][0x14][0xffffff84][0xffffffc7]L[0xffffffb6]6[0xffffffb7][0xfffffff9][0xffffffcb][0xffffff86]`[0xffffff8a][0x14][0x18][0xf]5[0xffffff95][0xffffffd9]S[0xffffff8d][0xffffff99][0xffffffbc][0xfffffff0]?p[0xfffffff2]w1[0x5]5t?4[0xfffffffa][0x1c]G8[0x1d][0xffffffc0]%d[0xffffff99]&[0xffffff96][0xffffffe0]ss,[0xffffffce][0xffffffff][0xffffffd4]aQ[0xffffffa5][0xffffff91]G[0x12][0xffffff9b][0xffffffb0][0xffffffa4][0xfffffff4][0xffffffac][0x4][0xffffffa1][0xffffffa4]:[0xffffffe2][0xffffffc6]a[0x5]k[0xe]T[0xffffffa6][0xffffff95][0xfffffff8][0xffffffc6][0xffffffad])[0xfffffff8][0xffffffc3][0xffffffc8][0xffffffed][0xffffff8d][0x16][0xffffff97][0xffffffff][0xfffffffc][0xfffffff2]I[0xffffff99][0xffffffd2][0xffffffa4][0xffffffec]$[0xffffffc3][0xfffffffd][0xffffffc6][0x12][0xffffffed]W[0xffffffe3]V$[0xffffff83][0xffffff89][0x1][0xffffffbc][0xfffffff2]>[0xffffffaa]h[0xffffffa4][0xffffff8d][0xffffff90][0xffffffc9][0xffffff81][0xffffffd9][0x16][0xfffffff9]65E)/[0xffffffd8][\r][0xffffffe0][0xc]|[0xffffffe1]T)s[0xffffffdb][0xffffffc6][0xffffffd7].[0xffffff8a];'*[0xffffff9d]R[0xffffffac][0xffffffdf]gYP[0xffffff9d]t[0xfffffff5][0xffffff81][0xffffffaa]8[0xffffffb0][0xffffffd7][0xffffffed]y=[0xffffff9f][0x11][0xffffffa8][0x17]WA,[0xffffff84][0xffffffb5][0xffffff98][0xffffff95]eDl!u[0xffffffc4][0xffffffb7][0xffffff9e]9[0xffffff92][0xffffffa7][0xffffffab][0xfffffff3]$m[0xc][0xffffffe1][0xffffffbb][0xffffffd3]F9dU[0xffffffca][0x11]i[0xfffffff8]M[0xffffffd6][0x17][0x17][0xfffffffc]y/Y[0xffffffca],[0xffffff9c][0xfffffff9]R[0xffffffb9]E@[0xffffff9b][0xffffffea][0xffffff87]$Wa[0xffffffe3][0xffffffd5]9[0xfffffff5][0xffffffe2][0xffffffd2]([0xffffffa9][0x17][0xffffff89][0xffffffed]~[0xfffffff8][0xffffff8a]8[0xffffffb6]4[0xffffffe2][0x12]~[0xffffff99][0xfffffffc]g[0xffffffa7]*[0xffffff91]m7>u{[0xffffffbf]O[0xffffff98]9Bw6[0x16]Z2[0xffffffc3]GQ[0x1b]#[0xffffffc8]p[0xffffffab][0xffffffae][0x1b][0x11][0xffffffbb]0[0xffffff89]b[0xffffffb9]g[0xffffff9f][0x8]!E[0xfffffff0][0xb][0xffffff9e][0xffffffb4]>^[0x17]Ih61[0xffffffbc]N>[0xfffffff5]tS[0x0]cz[0x8][0xfffffff7][0x3][0x9][0xffffff88]o[0xffffffcf][\r];[0xffffffdc][0xffffffa7][0xffffff96][0x16]T[0xffffff87][0xffffff8a][0xffffffbc][0xffffffae][0x1b]z[0xffffffc6][0xffffffeb]+HoRL[0x1a]m[0xffffffe0]?[0xfffffff5][0xffffffd3][0xc]"[0xffffffa9][0xffffffdb]g[0xffffffaf][0xffffffcb][0xffffffac]w[0xffffffac]O[0xffffff94]QN[0xffffff8f][0xffffff9e][0xffffffcb][0x12]![0x6][0xffffffa3][0xfffffff3][0xffffffa0][0xffffffec][0xffffffbe][0xffffff8e][0x4][0xffffffc6]Z[0xffffffa4][0xffffffb0]!w[0xffffff8e]"[0xfffffff6]=[0xffffffe3][0xffffff95][0xfffffff4][0xffffffb6][0xffffffc2][0xe][0xffffffe6][0xffffffd7][0xffffffd2][0xfffffff7][0xffffff8f][0xffffff9b]kZu[0xffffffec][0xffffffc0][0x1a]7[0xffffffdd]+[0xffffffc9][0xc][0xffffffcb][0xffffff84][0xffffffce][0xffffffce][0x7f][0xffffff9a]2y[0xffffffe6]G[0xffffff8c][0x13][0xffffff98]][0xffffff97]=[0x7][0x7]p[0xffffff96]:s[0x18][0xffffffaf][0xffffffd2]%[0xffffffb5]b[0xffffff9b][0xffffff9c][0xffffffa1][0x11]@X[0xfffffff3]7[0xffffff92][0xffffffb5][0x18]F^[0xffffffac][0xffffffbb][0xffffffcc][0xffffffbd][0xfffffffa]S[0xffffffd4][0xffffffe7][0x1f]b>3[0xffffff8f]0[0xffffffeb][0xffffffe8][0x5]3[0xffffff97][0xfffffffd]\ [0x10]:h[0xffffffe7]{[0xffffffc6][0xffffffc0].[0xffffffba]![0xffffffa7]&[0xb][0xffffffaa][0xffffffad];[0xffffff9d]K[0xffffffa0][0xffffff96][\r][0xffffffb3][0xfffffffd][0xffffffc8][0xfffffff7][0xffffffb5][0xffffffff][0xffffff94][0xffffffde]sw[[0x10][0xffffff93][0xfffffffa][0xffffffaa][0xc]Z[0xffffff8b][0xffffffe0][0xffffffb8]R[0xc][0xffffffc4][0xffffff80] f[0x1]2'[0xffffff94][0xffffffd0][0x2][0x3][0xffffff84][0xfffffff1][0xfffffff4][0x5][0x8]:[\r][0x1b]5:[0xffffffb7]}[0xffffff8c][0xffffffde][\r]"
10:24:15.355 [main] DEBUG com.github.dockerjava.zerodep.shaded.org.apache.hc.client5.http.wire -- http-outgoing-2 << "[0x0]&[0xffffffd1]E[0x7][0xffffffea][\r][\n]"
10:24:15.355 [main] DEBUG com.github.dockerjava.zerodep.shaded.org.apache.hc.client5.http.wire -- http-outgoing-2 << "8000[\r][\n]"
10:24:15.355 [main] DEBUG com.github.dockerjava.zerodep.shaded.org.apache.hc.client5.http.wire -- http-outgoing-2 << "Y?[0xfffffff9][0xffffffb8][0xffffff81][0xffffff83]Q[0xffffffc4]iR-[0x13]L[0xffffffcc]0[0xffffffbd]'([0xfffffff7][0x13][0xffffffea][0xffffff8c][0x0][0xffffffda][0xffffffbc][0x15]*[0xc][\r][0xffffffdc]k[0xffffff97][0xffffff86][0xffffff90]<[0xffffffd8]Z[0xffffffed][0xffffff9e]yN&~>JJ[0xffffff90][0xffffffc7]v[0x8]S[0xffffffd7][0xffffffd0]$[[0xffffff8c]<[0xffffffdb] J^[0xffffff87]x[0xffffff90][0xffffffd1][0xffffffc0][0xffffffe7][0x1f]u[0x1f][0x1d][0xffffffe2][0x5][0xffffffc2][0xffffffbf][0xffffffb9][0x10][0x5][0xffffffae][0xffffff8b][0xfffffffc][0xffffff9e]][0xfffffff5][0xffffff9e]a[0xfffffff3][[0xffffffdd][0x5]k[0xffffffa0][0xffffffeb]G[0xffffffa5][0xffffffed]WRT[0xffffff88][0xffffff8d][0xffffffa8][0xffffff90][0xffffffe4][0xffffffb5]q[0xffffffe0][0x17](S[0xffffffcb][0xffffffa8][0xffffff85][0x13][0x12][0xffffffd6]r/[0xffffff9c][0xffffffe3]=[0xfffffff5][0xffffffad]m[0xffffffc5]h[0xffffffcd].[0xffffff9b][0xffffff97]*[0x1f][0xffffffb8]!UX[0xc][0xfffffff4][0xfffffffd][0xfffffff2][0x10][0xffffff97]N#;%[0xffffff98]|[0xffffffc4][0xffffffc7][0xffffff9c][0xffffff83][0xffffff9e][0xffffffab]*[0xffffff89][\r]7/[0xffffff88][0xfffffff7]s[0xffffffdd][0xffffffdf][0xffffffe4][0xffffff91]F[0x1a][0xffffffe7]([0xffffffb7]U[0x10][0xffffffa6]p[0xffffff95]Of[0xffffff93][0xfffffffb]RG@@[0xffffffea][0xffffffd7][0x11]S[0x1e][0x19][0xffffffce][0xffffff8d][0xffffffb0][0xffffff90][0xb][0xffffff87]FbE[0xffffffb9].[0xffffff9e]A][0xffffffa4][0xffffffe0]e[0xffffff9d][0xb]w[0xffffffd5]GY[0xffffffbe][0xfffffff4][0xffffffe1]2[0xb][0xffffffad]P[0xffffffc8]S[0xffffffe8][0xffffffb0]7 $[0x1d]c[0xffffffec][0xffffff8b][0xffffffc3][0xfffffffe]v'[0xffffffe8][0xb])l[0xffffffd8][0xffffffc4]N[0x7][0xffffffc2][0xfffffff1][0xffffffad]j[0xffffff85][0xffffff8c]JEA[0x7][0xffffffe2][0x8][0xffffffa7]@[0xffffffdc]#[0xffffffaa][0xfffffff0],5[0xffffffbc][0xffffffe6]|[0x3][0xffffffd7][0xffffffdd][0xffffff93][0xfffffff2][0xffffffcc];[0xe][0xffffff80]#[0x5]O[0x19][0x1d][0xffffffb2][0x10]?[0xffffffb4][0xffffffea]t[0xffffffe6][0x4]l[0xffffffe6][0x12]"Y[0xffffffe9][0x18][0xf][0xc][0xffffff92][0xffffffde]c[0xffffffc4][0xffffffb5]v[0xffffffda][0xffffffec][0xffffffa2][0xffffffba][0x18].'c[0xffffffbd]x[0xffffffd6]v1<lcY8[0xffffff88][0x6][0xffffffe4][0x1c][0x12][0xffffffd2]^[0xffffff99]V,[0xffffff9e][0x18][0xffffff8b]l6[0xffffffba][0xffffffbd][0xffffff91]Hp[0xffffff80]EN[0x14][0xffffff8b][0xffffffd3][0xffffffd2][0xffffff90]*[0xffffffa9]$[0xf][0xc],[0xffffffc0][0xfffffffa]u[0xffffffa2][0xffffffba]][0x15][0xffffffc8]Q[0x14][0xffffffb2][0xffffffeb]jfx|g[0xffffffbc][\n]"
10:24:15.355 [main] DEBUG com.github.dockerjava.zerodep.shaded.org.apache.hc.client5.http.wire -- http-outgoing-2 << "[0x14]u[0xffffffae][0xffffffd6][0xfffffff0][0xffffff85][0xfffffff0]y2a[0xffffffeb])[0x15][0xffffffee]^[0xffffff95]h[0x3]D[0xffffff87]2[0xffffff8f]l[0x17][0xffffffc3]oO[0xfffffffa][0xffffff8b][0xffffffd9]:[0xffffff94]xq\[0xb][0xffffffde]FG[0x18]%[0xffffffed][0xfffffff6][0xc]5,[0xffffffa1][0xffffffcc][0x13][0xffffffca]u[0xffffffc2][0xffffffd6][0xffffffc7]y\[0xffffff97][[0xffffffa9][0xffffffd5]H[0xffffffb5][0xffffffce][0x1d]y&[0xfffffff5][0xfffffff7]C[0xffffff82]C~[0xfffffffc][0xffffffda][0xffffffe8][0xffffffe8]S[0x1][0xffffffa4]*[0xffffffad]p[0x1c][0xffffffa6]Z[0xffffff94][0xffffffba][0xfffffff4][0xffffff98]r[0xffffff81][0xffffffd3][0xe],-x[0xf][0xffffffb9]-[0xffffffad][0x1f][0x1c])K[0xffffffc4]Y[0xffffffec][0xffffffbd][0xfffffffd][0x1][0xffffff88][0xffffffa9][0x12][0xffffff9f];[0xffffffd1],[0xffffffbf][0xffffffba][0xffffffbd]X[0xffffffa9][0xffffffac][0xffffffc4][0xffffff97][0xffffff83][0xffffffbe]t[0xffffffc8]}[0xffffff8f][0xfffffff2]][0xffffffb4]'[0xffffffb2][0xc][0xffffffc1][0x5][0xfffffffc][0xffffffe0][0xffffff9d][0xffffff88][0x18]N;|[0xffffffe4][0xffffffe8][0xffffffde][0xffffffce]![0x16].6R([0x1b][0x11]aQ[0xffffffdf][0xffffff8d][0xffffffdd][0xffffff9e]G[0xfffffffc][0xffffffc9][0xffffffea][0x10][0xffffff9c]Sy/[0x17][0x1c][0x18]7[0x1e][0x7]7[0xffffffe4]5[0x15][0xffffffdc][0xffffffe7][0xffffffaa][0x3]/[0xffffff87][0xffffffb4][0xffffffd5]$[0xffffffc3][0xffffffcb][0xffffffea],[0xfffffff3]'[0xffffffe9][0xffffffed]{[0xffffff8b]U[0x1e][0xffffffb0][0xffffffe2][0xffffffa4][0xfffffffd][0x3][0xffffff91][0xfffffff2][0xffffffea][0x15][0xffffffe6][0xffffffd2]aByl^[0x1a]6[0xffffff89]l[0xffffffdd][0xffffff85][0xc][0xffffffd5]t[0xffffffd5][0xfffffff8][0xffffffbb][0xffffffe0]{[0xffffffee][0xc]B[0x11][0xffffffbc];[0xf]p#e[0xffffffb7]S5[0xffffffdc]e[0x15],[0xffffffc3][0xffffff84][0xffffffb1][0x3]*[0x14][0xffffff8d] j[0xffffff88][0xffffffac][0xfffffff7]^[0xffffffda]QK&[0xffffffd7][0xfffffff4]t[0xffffffbc][0xc][0xffffffab]c[0xffffffe8]H[0xffffffa4][0xffffffaf]9[0xffffffd0]Y?[0xffffffb1][0xffffff8a][0xffffffed]"a[0xfffffffb]{tn>[0xffffffc2][0x1][0xffffff8e]Q[0xffffffd4]h[0xfffffffd][0xffffffab][0xffffffab][0xffffff82]P[0xfffffffc][0xffffffc6][0x1e][0xffffff9f][0x12]l[0x17][0xffffff95][0x0]X[0xffffff9b][0xffffffcd]O[0xffffff9c]p[0xffffffd6]c[0xfffffff3]WT[0xb][0xffffffc4][0xffffffa7][0xe][0x18][0xfffffffd][0x6][0xffffffd2]5N[0xffffff94]UX[0x14][\r][0xffffffad][0xffffffa5]R9[0xffffffef][0x13][0xffffffef][0xfffffff1]K[0xffffffe3][0x17][0x14]'[0xffffff81][0x1c];[0xffffff95][0xffffffe0][0xffffffc1][0xffffffa3]([0xffffff92][0xffffff83]T[0xf][0xffffff93][0xffffffb4][0xffffff8c][[0xffffff96]'[0xffffffd6][0xffffff9b][0xffffff9a][0xffffffcc][0xffffffe7][0xffffffb9][0xffffff97][0x10][0xffffffb7]][0xffffffee][0xfffffff8]x#mJu6"[0xfffffff4]>[0xffffff99][0xffffffe4][0xfffffffd][0xffffff8d][0xffffffe8][0xfffffff5][0xffffff89][0xffffff9e]`j*[0xffffffdc]J[0xfffffff4]ZS_[0xffffff90][0xffffff97]S[0xffffffd9]Z[0xffffffa4]Wa[0xffffffee]4[0xffffffa6]t[0xffffff95][0xffffffd2][0xffffffa7]|[0xffffffef]t[0xffffffb7][0xffffffc6][0x1c][0xffffffbc][0xffffff87][0xffffff81]!![0x18]l[0xffffffd8][0xffffffcf][0xffffffe0][0xffffffba][0xffffffa8][0x3][J[0xffffffdb]5[0xffffffbf]v [0xffffffd3][0xffffff93]1[0xffffff99][0xffffff8f]=[0xffffff9d][0xffffffc7][0xffffffe1]`[0xffffffc7][0xffffff95][0xffffffee]8[0xffffffb7][0xffffffe9]naZ[0xffffffe0][0xffffffc9][0xffffffca][0xffffff82][0xffffffe5][0xffffff85][0xffffffd3][0x1d]C[0xffffffb9][0xffffffc2][0x9]M-p#+u8ev[0xffffffba][0xffffffc1][0xffffff86][0xffffffbc][0x1c][0xffffffb9][0xffffffbf]:t[0xffffffb1][0x1a][0xffffffb9][0xffffffdc][0xffffffc2][0xffffffbb]umC[0xffffff86][0xffffff9f][0xffffff97]O[0xffffff89]s[0xffffffd6]#+ A[0xffffff93][[0xffffff92][0xffffffcd][0xffffffe3]N[0xffffffc6][0xfffffff6];Zj[0xffffff85][0x18][0xffffff86]cxx2[0xffffffd5]>~^[0xffffffcd][0xffffff95]o[0xffffffa6][0xffffffd9][0xffffffb5][0xffffffe0][0xffffffbc] DQ[0xffffff81]Yb[0x9][0x5]4L'Y[0xffffffa8]A[0xffffffe5][0xffffffa3]`[0xfffffff3][0xffffff8a]d[0x1d][0xffffffc1][0xffffffa0]E[0xffffff93][0xffffffd6]O=[0x6][0xffffffc6]!u[0xffffff99]P[0x19]/[0xffffffc1][0xffffffb6][0xffffffed][0x0][0xe][0x14][0x18][0xffffffec][0xffffff90][0xffffffcd]@x[0xffffffb8]2[0xffffffb2][0xffffff9a][0xffffff9c]7[0x1b][0xffffffc3]BxW[0x15][0xffffff8c][0x16][0xffffffb2][0xffffff90][0xffffff8d][0xffffffc5][0xffffff81][0xffffff8b][0xfffffff0][0xffffffe3]d[0xffffffd3][0xffffffbe][0xfffffff3][0xffffffd9]$[0xffffff8d][0xffffffa9][0x9][0x12]cO+hI[0xfffffff5]j Ap9[0xffffffe9][0xffffffeb][0xffffff8f]r[0xffffffb8][0xffffffce][0x19][0x1d].?%[0xfffffff7][0xffffffb2][0xffffff8e][0xffffffe6][0xffffffdf][0xffffffb3][0x4][0x8][0xfffffff6][0xc][0xe][0xffffffaa]`[\n]"
10:24:15.355 [main] DEBUG com.github.dockerjava.zerodep.shaded.org.apache.hc.client5.http.wire -- http-outgoing-2 << "[0xffffffe5]0[0xffffffa2][0xffffff81][0xffffffca][0xffffffd2][0xffffff93][0xffffffed][0x3]4[0x1]/[0xffffff9b]Y[0xffffffac][0xffffffbc][0xffffff86]d[0xffffffca]n[0xffffffe1]Wo[0x1a][0x13]Ty[\n]"
10:24:15.355 [main] DEBUG com.github.dockerjava.zerodep.shaded.org.apache.hc.client5.http.wire -- http-outgoing-2 << "_e[0xffffffc1][\r][0xb][0x1]E[0xffffff87][0xffffffb0][0xffffffff][0xffffff87][0xffffffa9]wl[0xfffffff2][0x5][0xffffffd0][0xffffffb1]~[0xffffffff]m[0xffffffdb][0xffffffd8][0xffffffed][0xffffffdd][0xffffffb6]m[0xffffffdb][0xffffffb6]m[0xffffffdb][0xffffffb6]m[0xffffffdb][0xffffffb6][0xffffffb9][0xffffffdb][0xffffffb6]m[0xfffffffb][0xffffffd6][0xffffff9d][0xffffff99][0xfffffff3][0xffffffd4][0xffffffc9][0x17][0xffffffc8]JU^[0xffffffa5][0xffffffd6][0xfffffffa]%[0xffffffcd][0x11]}E3[0xffffffcc][0xffffffde][0xffffffb5]I[0xffffff92]][0xffffff86][0xffffff96][0xffffff8b][0xffffffb1][0xffffffed]*b[0xffffffd0]@[0xffffff9d][0xffffffab][0xffffff9a][0xffffffe3][0xffffffa9][0x11]Ww[0xffffff87][0x2][0xffffffca][0xffffffb3]*aW[0xffffffc3]}[0x1][0xffffff9e][0xffffffde]b[0xffffffbd]H[0xffffffd3]Kz[0xffffffb6]l[0xffffffbf]t.[0xffffffac][0x7f][0xffffff93]d[0xffffff9e][0xffffffd3][0xffffffeb]y[0xffffff98]J}J[0xffffffed]W[0xffffffa8]6[0xffffffba]-[0xffffff8b][0xfffffffd]7(~V[0x19]7[0x1d]G[0xffffffae][0xffffffd9][0xffffff8f][0xffffff8e][0xffffffb2][0xffffffd8][0xffffffeb]_[0xffffff89]m[0x19][0xffffff9c]/#[0xffffffbf][0x7f]1[0xffffffdc]w[0xffffff8c][0x9][0xffffff84][0x9]-[0xffffffeb][0x13][0xffffffd1][0x14]\Y[0x6][0xb][0x0]6[0x7][0xffffff81]cJ[0xffffffe6]Q_[0xffffffb8]4[0xfffffff6][0xffffffe2]@[0xfffffff4][0xffffff95][0xffffffd6][0xffffff88][0xffffffe8][0xffffffa3]e7[0x1a][0xffffff91]c[0x13][0xffffffce]m[0xffffffcf][0xffffffd2]:[0xffffffe8]4z[0x7f];[0x1b],[0xffffff85]A[0xffffffe8]B[0xffffffdd]`$[0xffffff96]*![0xffffffdc][\n]"
10:24:15.355 [main] DEBUG com.github.dockerjava.zerodep.shaded.org.apache.hc.client5.http.wire -- http-outgoing-2 << "sq[0xffffffa1]3[0xfffffff4][0xfffffff4]#&[0xffffffa2][0xffffffe9]+Z[0xfffffffa][0xffffffe6][0xffffff9c][0xffffffbb][0xffffff9c][0xffffffdc][0xffffffce]/\#^[0x15]B[0xffffffa1]?[0xffffffa1][0xffffffa0][0xffffffd0][0xffffffcf][0xffffffe1][0xffffffbb]K[0x10]6N[0xffffffc9][0x1f]h[0xffffff88][0x10][0xffffffaa][0xffffffdd]K[0x1][0xfffffffc][0x18]v[0x7][0xffffff9f][0xffffffad][0xffffffb9][0xffffffc1]C[0xffffffcf][0xfffffffe][0xffffff83]7a[0x5][0xb]([0xffffff86]L[0xffffffc9]'[0xffffffe0][0xffffffca][0xffffff8d]$[0xffffff8a]\[0xfffffff1][0xffffff9e] a[0xffffffcf][0xffffffd0][0xffffff8b]7= ~[0xffffff89]H[0xffffff9f][0xffffff9a]j[0xffffffe2][0xffffffb9]X[0xffffffc4][0x17][0xffffffca][0xfffffff3][0xffffff93][0xffffffe5][0xffffff89][0xffffffad]i[0xffffffc2][0x5][0xffffff81][0xffffffe1][0x12][0xffffffc0].[0x0][0xffffffc1][0xffffffd3][0xffffff97][0xffffffde][0xffffffde][0xffffff9c][0xfffffff1]8[0xffffff81]c[0xffffffa6][0xffffffb1]7[0xffffffaf][0xffffff92]W5[0xffffff8f][0xffffffb3]p[0xffffffb1]Z[0xffffffdd][0xffffff96][0xfffffff6]#[0xffffffd7][0xffffffdd][0xffffffca]_[0x16]x[0xffffff93]E[0xffffffd7][0xffffffc0][0xffffff8a][0xffffffed][0xfffffffb][0xffffffc8][0xffffffc2]I[0xfffffff1][0xe][0xffffffaf];[0xffffffb7][0xffffffef][0xfffffff7]P[0xffffffb2][0xffffffd4][0x16][0xffffff88][0xffffffcb][0x9][0xffffff8f][0xffffff84][0xffffffe2]:H[0xffffffd5][0xffffffd9][0xfffffffd]%[0xffffffcb][0xffffffc4][0xffffffc3][0xffffffca]y@[0x12][0xffffffbf][0xf]0[0xfffffff7]p[0xffffff87][0xfffffff8][0xffffffa5][0x11][0xffffff9a][0xffffffd3][0xffffffc3][0xfffffffb][0xffffff88][0x16][0x1f]7[0x1e][0xffffffee],[0xffffffb2]5R7[0xffffffc1][0xffffffa0]/[0xffffffd1]B[0x1c]x[0xe][0xe]t[0xffffffdf]x[0xfffffff7][0xfffffff8][0xffffffc2]=[0xffffffa1]2Vy[0xffffffd1][0xffffffac][\n]"
10:24:15.356 [main] DEBUG com.github.dockerjava.zerodep.shaded.org.apache.hc.client5.http.wire -- http-outgoing-2 << "7[0xffffffa9]K8[0xffffff90]F[0xffffffba][0xfffffffc][0xfffffff7][0xfffffff5]Z^[0x1c]I[0xffffffc8],[0xffffffec][0xffffffcf]2#z*[0xffffffff][0xffffffa7][0xfffffffc]$[0xffffffa9][0xffffffcb]?[0x1e][0xffffffae]\[0xffffffe6]|[0x1b]K[0xffffff8e]GJ[0x5][0x19]A:$[0xb]D[0xffffff90][0xffffffb2][0xffffffbd][0x17][0xffffffc4][0xffffffdf][0x1a][0x1e]&[0xffffffe8]u[0xffffffff][0xffffffc4]L[0xffffff81][0xffffffc3][0xffffff8f][0xffffffab][0xffffffc0][0xfffffffb]Z[0xffffffa6]H[0xffffffcc]E[0xffffff9b][0x10][0xffffffce][0xffffffda]-M[0xfffffff3][0xffffffee]\[0xffffffb6][0xffffffa2]^[0xffffffc8]O[0x11]O@4MHv[0xffffffd0][0xffffff92]Y[0x6][0xffffffae][0x1a][0xffffffd1]?[\n]"
10:24:15.356 [main] DEBUG com.github.dockerjava.zerodep.shaded.org.apache.hc.client5.http.wire -- http-outgoing-2 << "[0xffffff96][0xffffffba]&[0xffffffca]p[0xffffffa7][0xffffffec][0xffffff95]s[0xffffffcd][0xffffffde]*[0xffffffd8][0xffffffab]O[0xffffffd9][0xfffffffc]u[0xffffffb7][0x4][0xb][0xffffffe7][0xffffff9b]A[0x1e]4[0xffffffe9][0xffffff8c][0xffffffe4][0xffffffaf][0xffffffa0][0xffffffef][0xffffffe9]D[0xffffffa4][0xffffffff]V[0xffffffd6][0xfffffff2][0xfffffffb][0xffffff9e][0xffffffa4][0x12][0xfffffffe][0xffffff96][0xffffffda][0xffffffee]J[0xffffffac][0xffffffe3][0xffffffa2][0xffffffbb][0xfffffffb]TH[0xffffffcd]FD[0xffffffc6][\n]"
10:24:15.356 [main] DEBUG com.github.dockerjava.zerodep.shaded.org.apache.hc.client5.http.wire -- http-outgoing-2 << "$[0xffffffea][0x1a][0xffffff9b][0xffffffb5][0xffffffed][0xfffffff4][0xffffffed][0xffffffe0]Udp[0x15][0xffffffbf][0x16][0xffffffd7][0xffffff8e][0xffffffdd]^[0xffffffed][0xffffffa0]A[0xffffffe4]7[0x19][0xffffffd0][0xffffffd3]An[0xffffff98][0x11]$1[0xffffffd2]"Y[0xffffffa4][0xffffffb2][0xffffffcd]!d[0xffffffc8]F[0xffffff8b][0xffffffc0][0xffffffde][0xffffffaf][0xffffffba]|[0xffffffd4][0xffffffbf]5[0xffffffd0]N[0xffffff9d][0xffffffac]<[0xffffffc1]%[0xffffffaa][\r][0xffffffc3][0xffffff94]th[0xffffff98]N@e[0xfffffffe][0xffffffa2][0xffffff98][0xffffff9d]v[0xffffff92]y[0xffffffe7][0xffffff85][0xffffff94]Gq[0x19][0xffffffb9]s[0xffffff84]I[0xffffffac]_[0xffffff9b][\r][0xffffff8d]L[0xffffffdc][0xffffffc5]b([0x6][0xffffffdc][0x1f]M$F[0xffffffd0][0xffffff86][0x0][0xffffffa5][0xffffffb6][0xffffffae]8[0xffffffa6][0xffffffa5]s[0xffffffca][0xffffffc6][0xffffffe3]vg[0xffffffb5]1e[0xfffffff4][0xffffffd2][0x1f]6H[0xffffffbb]^[0xffffffda]r[0xffffff8a][0x14]x[0xfffffff1]?@[0x16]}[0xffffffe0]j[0x16]i[0xffffffe1].(;[0x19][0xffffffe6]$[0xffffffb7]%}[0xffffff96][[0xffffff94]"[0xffffffd3][0xffffffdc][0xffffffb3][0x10][0xffffffa7]\[0xffffffa5][0xffffffa9]y[0xffffff99][0xffffffe8][0xfffffff4][0xffffff92][0xffffffe0][0xffffffcc][0x6]p[0xffffffb8]w![0xffffff89][0xffffffde]_[0xffffff95][0xffffffdb]<[0xffffffdb]W[0xf]g[0x0][0xffffffe0][0xffffffc2][0xffffffbe]A[0xffffffcb]*[0x3]G}>[0xffffffd0],[0xffffffae][0xffffffad][0xffffff85][0xffffff86][0xffffffe8][0xffffffb3]b[0xffffffc2][0xffffffcf][0xfffffffe][0xffffff9b][0x13]8[0xffffffd5][0xfffffffd]Z[0xfffffffb]f_g[0xffffffe3][0xffffff99][0xffffff97][0xffffff8d]h[0xe])[0xffffff82][0xfffffffa]V[0xfffffffb][0xffffff8a]t*[0xffffffda][0xffffffdd][0xffffff9b][0xffffffd9][0xffffffab]"[0xffffffc6]][0xffffffb9]+8[0xffffffee][0x5]5n[0x16][0xfffffff3][0xffffff99][0xffffffbb][0xffffff9f]^,[0xffffffcc][0xfffffffe][0x2][0xffffffa6][0x8]HL[0xfffffff4][0xffffffda])[0xffffffbf]N[0xffffff82][0xf]:K[0xffffffe8][0x10][0xffffffa2]b[0xfffffff1][0xffffffcb]t[0xffffff99][0xffffffc5]?[0xe]P[0xfffffffe][0xffffffd8][0xffffffde][0x9][0xfffffff3][0xffffffa9]J[0xffffffd7][0x7][0xfffffff0][0xffffffdd][0xfffffff7][0x1a]W$[0xffffff89][0xffffff83][0xffffff81][0xffffffb2][0xfffffff5]V&[0xf]Q[0x9][0x4]L+[0xffffff91][0xffffffa8][0xffffffaa][0xffffffe0][0x11][0xffffff90]-[0xffffffea][0xffffffea][0xffffff9b][0xffffffbc]m[0x6][0xffffff9c]D[0xffffffb6][0xffffffbf][0xffffff9e][0xffffff88][0x5][0xffffff94][0xffffffc2]7[0xffffffe4][0xffffff91][0xffffff82][0xffffff91][0xffffffb4][0xffffffcf]2[0xffffff9a][0xffffffab][0xffffffdf][0xffffffae]k[0xffffffb3]/h5[0xffffffc2][0xffffffd5]H[0xffffffc3]S[0xffffff90][0x14][0xffffff8a][0xffffffa0][0xffffffab]e[0xffffff9d]l:,[0xffffffa9][0x15]w3[0x9]a[0xffffff9c]#[0xfffffff6]IUV[0xffffffe5][0xffffff84]<[0xffffff94]o[0xffffff9a][0xffffff9e][0x16]1[0x6][0xffffffdd]#[0xffffffe3][0xfffffffe][0xffffffff][0x1e]5Q][0xffffffc1]![0xffffff8f]x[0xffffffde][0x7f][0xffffffe8],[0xffffff91][0xfffffff4]e,[0x1][0xfffffffa][0x6]D[0xffffffa8]B[0xffffffc7][0xffffff8a][0x10][0x15][0xffffffa3][0xffffffaa]6[0xffffffef]z[0xffffff8c][0xffffffea][0xffffff8e][0xffffff88][0xffffffb7][0xffffff91][0x12]6{n[0x13]-#}[0x1d]Z[0xffffffac][0xc][0xffffffbb][0x18][0xffffffc2][0x19]g[0xffffffdc][0xffffffbe]h91;[0xffffffb2][0xffffff9d][0xffffffe1][0xfffffffd][0xfffffff6][0xfffffff1][0xffffffc3][0xffffffea][0xb]x[0xffffffe6]IzrC[0x1f][0xffffffdf][0xffffffef][0xffffff84][0x1a]*[0xffffffe1][0xffffffd8][0xfffffffc][0xfffffffd][0xffffffa3]Y[0xffffffc0]B[0xffffffbb][0xffffffee][0xffffffd1][0xffffff89][0xffffffdd][0xfffffff8][0xffffffce]9[0xffffff87][0xc][0xffffffb6][8[0x1b]=m[0xffffffa8][0xffffffd6]D8Y[0xffffff92]F>R[0xffffffcf][0xffffffdc][0xffffffbd][0xffffff86][0xfffffff9]G[0xffffffd6]'[0xffffffd4]o[0xc][0xfffffff5][0xffffff94][0xffffffd9]i[0xffffffdd][0xffffff97][0xffffffc5][0xffffffcc][0xffffffbc][0xffffffa4]O%[0xfffffffa]50[0xffffffed][0xffffffa6][0xffffffa2][0xfffffff8][0xffffffa3][0xffffffe3][0xffffff80][0xfffffffa][0xfffffffd][0xffffff80][0xffffffb1][0xffffff99][0xffffffde][0xffffffa3]d[0xfffffffa]u'[0xffffffd7][0xffffffeb][0xfffffffd];'[0x7][0xffffffa2]c[0xffffffe6]gRT[0xffffffea][0xffffffa9]T[0xffffffab][0xffffffc0][0xffffff8a][0x1a][0xffffffb9][0xffffffc2][0xffffff84][0xffffffb5][0xffffffbf]'[0xffffffe7][0xffffffca][0xffffffe5]L[0xffffff8a][0xffffffaa]b[\r]^[0xffffffae][0xffffff84]K[0x1f]H[0xffffffae][0xfffffff4]U[0xc][0x14][0xffffffcd][0xffffffab]l[0xffffffba][0xffffffac][0xffffffbf]0[0xffffff82][0xfffffff7][0xffffffc4]$[0x1a][0xfffffff3]r9,[0xffffff83][0xfffffff4]*[0xffffffec][0x7f]6[0xffffffae]$rl[0xffffff8e]CZ[0xffffffb2]z[0xffffffd9];[0xffffffbf][0xffffffc2][0xffffffa2][0xffffffbf][0xffffff80]w[0xffffffe7][0xffffff9c][0xfffffffb][0xffffffd7][0x18]^&4[0xffffffb2]xE[0xffffffb0][0xffffffa3][0xffffffdb][0xffffffe5][0xffffffee]pI[0xffffffdd]o[0xffffff85][0xffffff9b][0xfffffffd][0xffffffa6][0xfffffff6]~[0x19][0xffffff90]a;[0xffffffa9]!D[0xffffff80]F[0xffffffba][0xffffff87]'td[0xffffff92][0xffffffec]p[0xfffffffa][0xffffffef][0x15][0xfffffff8][0xffffffd3]1[0x10][0x13]4p[0xc][0xffffffec][0xffffffcc]q[0xffffffe8][0xffffffed][0xffffffb4][0xffffffc5]w[0xfffffff9][0xffffff86]>[0xfffffffe][0xffffff96][0xffffffbd]W[0x7f][0xffffffff][0xffffffd3][0xffffffbb][0xffffff9d]C[0xfffffff1][0xffffffb6][0xffffffbf][0xffffff8b]}[0xffffff88]=i[0xffffffe0]Fy[0xffffff8b]z[0xffffffa4][0xffffffc9][0x1b]A}c[0xfffffff8][0xffffffbe][0xffffffb1][0xffffffa4]fYn[0xffffffa9]4[0xffffffe7][0xffffffa2][0xffffffa8][0x2]\A[0x5]-v[0xffffffe8][0xffffffb1][0xffffff9d][0xffffffe8][0xffffff85][0xffffff9d][0xffffffe5][0xfffffff3][0xc]Y[0xffffffce][0xffffff86][0x1f][0x12]Et[0x1c][0x16][0xffffffd3]2[0x7f][0x11][0xffffffe5][0xffffffdf][0xffffffd3]7[0x3]?[0x2]*[0xe][0xffffffcd][0xffffff92]~[0xffffffa6]"Q[0xffffffe0])[0xffffff91][0xfffffff7][0xc][0xffffff8c]/[0x8][0xffffffa9]{9[0xffffffcb][0x4]B[0x7f]y$[0x2].[0xffffffc8][0xffffffbe]~[0xffffffa2][0xffffff9a][0x1b]L[0xffffffa6][0xffffffeb]k[0xffffffbc][0xb]G[0xffffffe3][0xffffffd2][0xffffffc9]][0xffffff91][0xffffff8e][0xffffffd4][0xffffffbe][0xe][0xffffffdb][0xffffff84]5VX[0xffffffb7](o[0xffffffeb][0xfffffffd]\[0xffffff9d][0xffffffe7][0xffffffcf]Z8[0xfffffff0]U[0xfffffff9]8[0xffffffbc][0x16][0xffffffad]O[0xffffff96][0xffffffec][0xfffffff2][0xffffffe9];[0xffffff99][0xffffff9e][0x4][0xffffffa8][0xffffffc0][0x10][0xfffffff0][0xffffff99][0xffffffac][0xffffff9d][0xffffffc1]3[0xffffffa4][0xfffffffc][0xffffff92][0xffffff84][0xffffffb7][|[0xffffffbf][0x1][0xffffff87][0xfffffff0][0xffffffa4][0xffffffa7][0xffffffe7][0xfffffff1][0xffffffda][0xffffffe8]h[0xffffff82][0xffffffef]t{[0xffffff92][0xffffffed][0xfffffffd][0xffffffde]u[0xffffffb8][0xffffffd6][0x13][0xffffffbd][0xfffffffe]0[0xffffffdd][0xffffff8e][0xffffffb5][0xffffffb8]XeO*{[0xffffffdf][0xffffff9f][0xffffffaa][0xffffff9b]xM[0xffffffcf][0xffffff87][0xffffff8a][0xffffffea][0xffffffc6]g[0x3][0xffffff8a]A]}[0xffffff99][0x19][0xfffffff6][0xffffff91][0xb][0xffffffa1]E>[0xffffff8c][0xffffffe9][0xffffffa5][0xfffffff2]Jju;[0xffffffdf][0xffffffc7]SV|[0xffffffdf][0xffffffda][0xfffffff1][0xffffffc0][0x1]um\[0xffffffe2][0xffffffaf][0xffffffaa][0xffffff82]E[0xffffffbf][0x15][0x12]t[0x1]N[0x8][0x1]h[0xffffffbd][0xffffffa3][0xc][0xffffff8e][[0xffffff97][0xffffffa4]{LY[0xffffffa9][0xffffff85]f[0xffffffd4][0xffffffc6][0xffffffc7][0xfffffff4][0xfffffffe]Q:[\n]"
10:24:15.356 [main] DEBUG com.github.dockerjava.zerodep.shaded.org.apache.hc.client5.http.wire -- http-outgoing-2 << "t[0xffffffea][0xffffffea]p[0x12][0xffffffb3][0xffffffee][0xffffffa8][0xffffff8f][0xffffffbe]c[0xffffff8f]%[0xffffff8d]R[0xffffffbd][0xffffffac][0xffffffbf][0xffffffad][0xffffffd3]G[0xffffffac][0xffffffb1][0xffffffce][0xffffff88][0xfffffff6][0xffffff99][0xffffffed][0xffffffd6][0xffffffc0][0x18]d[0xffffffa3][0xffffffc9][0xffffff9e][0xffffffc3]P[0x6][0xffffffd1]y[0xffffffeb]P7JE[0xffffff94][0xf][0xffffffbf][0xffffff84]'[0xffffff9c]W[0xffffffad][0x1c][0xffffffd6][0xffffffb8][0xffffffc1][0xffffffad]5[0xffffffaf]/[0xffffffe9][0xfffffff4][0xffffff83]7[0xffffffee]?9[0xffffffd6][0xffffffcb][0xffffffe2][0xffffffa8]h1a[0xffffff8b]E[0x14][0xffffffb2]I[0x1d][0xffffffac][0xffffffad][0xffffffb6]f[0xffffffdf][0xffffffe0]RhI[0xffffffd9]%3[0xffffffeb][0xffffff80][0xffffffcf]O[0xffffffb6][0xffffffd2][0x7f][0xffffffd3]v[0x5][0xffffffde]7w[0xffffffa7][0xffffff99]D}[0xffffffc3][0xfffffffd]L[0xffffffb5][0xffffffeb]"J-[0x8][0xffffff84][0xffffff9c][0x16]m F[0xffffff80][0xffffffb7]O[0xffffff8a]\v[0xffffffee]_[0xffffff8f][0xfffffff9][0xffffffa7][0xffffffdb][0xffffffd9][0xffffff86]P{[0xffffffc1]DA Y[0xffffff81][0xffffffaa][0xffffffd6][0x3][0xffffffe3][0xffffffdc]n[0xffffffeb][0xffffff82][0xfffffffa][0xffffffe1][0x18][0xffffffa1][0x8][0xffffffc9]r[0x9][0xffffff85][0xffffffa9][0xffffffe8]l[0xffffffc1]c[0x1b][0xffffffd0][0xffffffc3][0xffffffa1][0xffffffb7][0xffffffbd][0xffffff9c][0xffffffcd]n>[0xffffff96]N6w/Q[0x1a]w[0x1f]'[0xffffffd8][0xffffff99][0xffffff8d][0xfffffff5]{[0x3][0xffffffd2]s8:[0x5][0xffffff81][\r]8[0xffffffb5]hs[0xffffffa3]F[0x3]0[0xffffffca][&[0xe][0xffffffe1][0xffffff94][0xffffffd3][0xfffffff2]$kq[0x3][0x7][0xffffff86][0x7f]?[0xffffffe3]]Ey[0xffffff90]SS[0xffffffdf]^a[0xffffff88])[0xffffff82][0xffffff98][0xffffffbe]S[0xffffffaa]@x[0xffffffb9]=[0xffffffbc][0xffffffc0]V[0xffffff89]4[0xc][0x0] OF[0xffffffe1].[0xffffffac])[0xfffffff2]C[0x16][0xffffff98]r[0xffffff94][0xffffffa0][0xffffffd3][0xffffff97]5Mrh[0xffffffd9][0xffffffa0][0xffffffbb][0xffffff8d]G[0xffffffec]4[0xffffffbe][0xffffffe2][0xffffff80][0xffffffe3],>[0xffffffb4][0xffffffa4][0x7]ZN[0xffffffe1]c[0xffffff98][0xffffffdd][0xfffffff0]E[0xffffffc8][0xffffffc1][0xffffffc5][0x15][0xfffffff9][0xffffff8f][0xffffff8e]Z[0xffffffc4][0xffffffd0][0xffffffba][0xffffffe9][0xffffff9b]+[0x1][0xffffff87]M[0xffffffc7]HL[0xfffffff9][0x1d][0xffffff97][0xffffff81][0xffffffcc]_V[0xffffffc2]H$[0xffffffff][0xffffff99]?[0xffffffee]^[0xffffff94][0xffffffa0]c[0xffffff9e][0xffffffe5][0xffffffeb][0xffffffcd][0xffffff88].[0xffffffe3]D[0xfffffff7]h[0xffffffb3][0xffffffb7][0xffffff8d]C[0xffffffda]{x[0xffffff9e]r[0x19][0x6]bv[0xffffffb0][0x1e][0xffffff9a][0xffffff86]y[0xffffffda]$[0xffffff82]K]g$|vT[0xffffff82][0xffffffe2][0xffffff8f][0x15][0xffffffe8][0xffffffa4][0xffffffac]/]j2[0xffffff89][0xffffffcd][0xffffffb7][0xffffffcb]r[0xffffff9a]?[0xffffffb2][0x10][0x1f][0xffffffa7]F[0x1e][0xffffffab][0x1][0xfffffff4][0xfffffffc]t[0xffffffc5][0xfffffff9][0x7f]>[0x1f]l[0xffffffb8][0xffffffac][0xffffffe4][0xffffff86][0xffffffd5][0xffffffff][0xffffffe2][0xffffffba][\n]"
10:24:15.356 [main] DEBUG com.github.dockerjava.zerodep.shaded.org.apache.hc.client5.http.wire -- http-outgoing-2 << "[0xffffffff]yrW[0x17]zl[0xffffffde]=[0xffffffed][0xb][0xffffffb2][0x16]|[uz`[0xffffffda][0x1a]g[0xffffffcb][0xffffffee][0xffffffd5][0xffffffb7][0xffffffc9][0x16][0xffffffed]F3[0xffffffbf][0xfffffffd];d[0xffffff8f]mu[\n]"
10:24:15.356 [main] DEBUG com.github.dockerjava.zerodep.shaded.org.apache.hc.client5.http.wire -- http-outgoing-2 << "D$[0xffffffb8][0xffffffb9][0xffffffe5]^[0x16][0x1c][0xffffffec]U0[0xffffffce][0x17]4[0xffffffcf][0xffffffbc][0xffffffb4][0xffffff81][0xffffffce][0xe]fBs[0xffffffae][0xffffffc8][0xffffff9e]K;[0xffffffbe]/[0x1b][0x18][0xffffffbd][0xffffff81][0x1]'][0xffffffeb]E[0xffffffce]zKk+[0xffffffb0][0xffffffa8][0xffffffe6][0xffffff95][0xffffffb1][0xffffffc6][0xffffffd7][0xffffffaa]l[0xffffff87][0xc]L"V[0x1e]mb[0xffffffd9][0xfffffff9][0xffffffc3][0xffffff8c][0xffffffc7][0xffffffbd][0xffffffba][0xffffff9d][\r][0x12]Q[0xffffffdd]`[0x19]n"[0xfffffffe][0xfffffff6][0xffffffc7]*bY[0xffffffe4][0x16][0xffffff82][0xfffffff1][0xfffffffe][0xffffff95]f[0xffffffbb][0xffffffc8]J[0xffffffda][0xffffffa7][0xffffffc9][0xffffffbf][0xffffffed]m([0xffffff9e][0xffffffae][0xffffffca][0xffffffce][0xffffffc5][0x4][0xffffff81][0x17]N[0x10]w-[0xffffff8d][0x12]W[0xffffffa5][0xffffffbc][0xffffffe2]G[0xffffffff][0xffffffb8][0xffffff93][T[0xffffff80][0xffffff98][0x1e][0x1c]M[0xffffffa7][0xffffff9b][0xffffff9f][0x8][0x14][0xffffffa3][0xffffff9a]5[0xffffffdf]L[0x8][0x5]#[0xffffff9b]r[0x1c]3[0xffffff9d][0xffffffa5]>[0x15][0x1c]w[0xffffffa0]T[0xffffffa5][0xffffffca][\r][0x0][0xffffff84][0x4][0x0][0x4]L[0xffffffca][0xffffff99]X:7[0xc][[0xffffffa1]W[0xfffffffe]n-[0xffffffe3][0xffffff9e]F[0xffffffd0][0xffffffd7][0xffffff83]z/[0xffffffbe][0xffffff8c]r[0xe][0xffffff86]km[0xffffffac][0xffffffca]5[0x12][0xffffffed]x[0xffffffd0][0xffffffca][0xffffffd7]{[0x12][0xffffffc5][0x0]7%[0x13]<[0xffffffa6][0xfffffff7][0x7][0xffffffde][0xfffffffc][0xffffff9a][0xffffff8e]p[0x2][0x1b][0x13][0xfffffff1][0xfffffff9]"[0xffffff99][0xc][0x1b][0xffffffe1]|[0x4]`^Q[0xffffffea][0xfffffff4][0xffffff81].[0xffffffbf]$G[0xffffffcc][0xffffffe9][0x1a][0xffffff8b][0xffffff99][0xffffff9d][0x1c][0xffffffa7]t[0xffffff9f]b[0xfffffff0][0x19][0x1c],hc[0xfffffff5][0x17]L!R[0xffffffe7][0xffffffeb][0xffffffba][0xffffffb2][0xffffff9c]9[0xffffffb7]Z[0xfffffffa][0x15]=# '[0xffffff94][0xfffffff4][0xffffff83]??q[0x1b]<[0x15]#[0xfffffff9]j[0xffffffa2][0xffffffc0]l[0xffffffae][0xffffffb0]%ys[0xfffffffc][0xffffff82][0xffffffe4][0xffffff8e]j[0xffffffc5][0xffffffe3]F[0x8][0xffffffbe][0xffffff87]5[0xffffffa8][0xffffffd0];-[0xfffffffa][0xffffffc1][0xffffffdb][0x12][0xffffffaf][0x10][0xe]!2[0xffffffad]I[0xffffffb4][0x10]j[0xffffffe1]T[0xffffffde]hkN[0xffffffc9][0xffffffde]$U^[0xffffffcd][0x14][0xffffff94][0xffffff8b][0x12][0xffffff89][0xfffffffb][0xffffff93]8[0x1][0xffffff89]2[0x15][0xffffffb1][0xf][0xffffffae]P^^[0xffffffe6]}[0xffffffff][0x6][0xc]:4Ml[0xfffffff0]97[0xffffffd7][0x16]-u[0xffffff9a]Q[0xffffffca][0xffffffd5][0x1c][0xffffffd6]W[0xfffffff8][0xffffffda]u[0xffffff85][0xffffffe3][0xfffffffa]<[0xffffffb0]Hwj[0x5][0xb]%[0xffffffbf]+[0xffffffba][0xfffffff3](9Y[0x6]Vx[0xffffff9a][0xffffffcd][0xffffffbc][0xffffffed]{[0xffffffbb]q,[0xffffffcd]wbj[0xffffffd1]f[0xffffffba][0xfffffff3])'-V[0xffffff89]5[0xffffffaa]g[0xffffffc0][0xffffffb6]$[0xffffff8e][0xfffffff4][0xffffffe5]p[0xfffffff8][0xffffffce][0x16]h?[0xffffff95]o[0xffffffcf][0xc][0xffffffe7]w[0xffffffeb][0xffffffbb].[0xffffffe6][0xffffffa0][0xffffffde][0xffffffac][0x1f][0xffffffd9][0xfffffffd]m[0xffffff85]Q[0x11][0x9]b[0xffffffc8]?[0xffffffe6]:9[0xfffffffa]pl[0xffffffaa][0x17]N#3F[0xe][0xffffffd3]<A[0xffffffc0][0xffffffc6]i[0xffffff84][0xffffffe8][0xffffffee][0x3][0xffffffe3][0xffffff9e][0x18][0xffffffba]x[0xffffff83][0xffffff8b]2[0xffffffd0]:B[0xfffffffe][0x8]+[0xffffffff][0x1d]#[0x13][0xfffffffa][0xffffffbb]7[0xfffffff1][0x17][0xffffffdb]d[0xffffffd9]@N[0xffffff9f][0xffffffd1][0x17][0x6]K9[0xffffffab][0xffffffc0][0xffffffb9][0xfffffff3][0xfffffff7]{%q]4{X6[0x3]{ODH[0xffffffe6]f8[0xffffff95][0xffffffff]0xt[0xffffffd8][0xf]\[0xffffffb8]!iw[0x18][0x5][0xffffff8c][0x8] &[0xffffffa6][0xffffffdf]\b[0x4][0x19][0xffffffd8].[0xffffffd1][0x9]I[0xffffffa4][\n]"
10:24:15.356 [main] DEBUG com.github.dockerjava.zerodep.shaded.org.apache.hc.client5.http.wire -- http-outgoing-2 << "[0xffffffff][0xffffff92]F[0xffffffc7]_7[0xffffffb1][0xffffffc2]I[0xffffff97][0xfffffff3][0xffffffcc][0xffffffd1][0xffffffd0][0xffffffe8][0xffffff82]7f[0x3][0xffffffeb]3[0xffffffad]e5[0xffffffde][0xffffffd9]|[0xffffffd2]'[0xffffffff][0xf][0xffffffdb][0xffffffb5][0xffffffaf]E[0x9][0xfffffff1][0x10]N[0xffffff87][0xffffffbf][0xffffffb7][\n]"
10:24:15.356 [main] DEBUG com.github.dockerjava.zerodep.shaded.org.apache.hc.client5.http.wire -- http-outgoing-2 << "[0xffffffdf][0xffffffd4][0xfffffff8][0xffffffb9]][0xfffffff9][0x5][0xffffffd9]HM0[0x11][0xffffffa9][0xffffffb9][0xffffff90][0xfffffffa][0xffffff8f]J[0xffffffc3]_[0xffffffad][0xffffffaa][0xffffffb9]r[0xffffffc5][0xffffff9c][0xffffffbc]"[0xffffffed][0xffffff87][0xffffffe8][0xffffffcd]?[0xffffffc5]y[0xffffffd0]#[0xffffff8f]HaBQ5i4[2[0xfffffff7]:89[0xffffffe5]/[0xffffffc1]m^[0xffffffb2][0x15][0xfffffff4][0xffffffae]/{t[0xffffffa0][0xffffffe8][0xffffffd0]G<[0xffffffe0][0xffffff88][0x7f][0xffffffd8][0xffffffc9][0xffffff81][0xffffffd2]vFLKY[0xffffffc8][0xffffffcb][0xffffffdd][0xffffff88][0xffffffd4][0xffffffd5]tkmq=[0xffffff84][0xffffffa3][0xffffffa2]rh[0xffffffaa]L+[0xffffffa9]S[0xffffffc8][0xffffff84]K5[0xffffffeb]R[0xffffffac][0x4][0x10][0xffffffc6][0x7f][0xffffffc6]n;[0xffffff86]P[[0xffffffaa]m[0x18],[0xb]v[0x1e][0xffffffd2]Bl[0xffffffae]G[0xffffffdc][0xffffffc2]0[0xffffffc2][0xffffffb6]%<[0xfffffff2]=AP[0x3][0x0][0xffffffba]?[0xffffff85][0xffffff95][0xffffff86][0xffffffc9]_[0xfffffff8];[0xffffffdd][0xe][0xffffffba][0x7f][0xffffff8d][0x15][0xffffffa2][0xffffff96]{5[0x1e]>[0xffffffe1][0xffffffef][0xfffffffa]'[0xffffffe4]Z[0xfffffff6]m[0x1f]i-[0xfffffff8][0xffffffd9][0xffffff86][0xffffff99]o[0xfffffffe][0xffffff9d][0xffffff86]a[0xffffff89]p[0xffffffee]A[0xffffffce][0xffffffeb]1[0xfffffff5][0x17]:[0x13]EN[0xffffffb6][0xffffffc6][0xffffff9e][0xffffffc8][0x7f][0xffffffc3][0xffffffa8][0xb][0x9][0xffffff8c]W[0xe][[0xfffffff7]9[0xffffffe0]y`QL.1[0xffffffed][0xffffffd9][0xf])[0xffffffb9][0xffffffbe][0xffffffa0]3[0xffffff9f][0xffffffa7][0xffffff85]d[0x10]q[0xffffffc7]E[0xffffffce]ON[0xffffffd1][0xffffffc9]%D[0xffffffc9]N[0xffffffaf]<[0xffffff83][0xffffffc8][0xffffffdb][0xffffffd2]}[0xffffffac]ed[0xffffffb6][0xffffffaa][0xffffffb7]?[0xffffffe3]j[0xffffff99][0xffffffe4]T[\r]i[0xffffffbd][0xffffffff][0xffffff82][0xffffffd8][0xfffffff3][0xffffff94]z[0xfffffff6][0xffffffc1][0xffffff8c]f[0xffffffbb][0xffffffbb][0xffffffa5]_[0xffffffdb]G``[0xffffffe0][0xffffffc8]{[0xffffffd0][0xffffffdf][0x1][0xffffffb8][0xffffffc2][0x15][0xffffffba]![0xffffffb0]1[0xffffff81][0xffffffec][0x18])@[0x8]|[0xfffffff3][0x16][0xfffffff3][0xfffffffa][0xffffffac][0xffffff80][0x13]k,V[0xffffffbc][0xffffffcb][0xffffff88]([0xffffffc4]i[\r][0xffffffdc]D[0x1a][0xffffffdc][0xfffffff0];[\r][0xffffffb4][0xffffffa1][0xffffffdc][0xffffffdf][0xffffffaa][0xffffff88][0xffffff9b]~[0x7f]V-[0x4][0xffffffc3]U[0xffffff80]S[0x7f]gq.[0xffffff85][0xffffffb3]x[0xffffff95][0xffffff9d][0xfffffffe][0xffffffaa]c|[0xffffff92][0x1e][0xffffffc5]u[0xffffff96][0xffffffbd][0xffffffb6][0xffffffd8][0xffffff8e]MV[0xffffffc6][0xffffff88]Z[0xffffffba][0xfffffffc][0xffffffe2]*[0xffffffd8][0xffffffa0]>[0xfffffffa]c[0xffffffc3][0xffffffc1]Y [0xffffff99][0xffffff88]?[0x16]p[0xfffffffd][0xffffff86][0x0]![0xffffffe2]cG[0x8]WL[0xffffffdc][0xffffffb7][0xffffffef][0xb][0xfffffff5][0xffffffd8]~F6J-;\Wxt[0xffffff9e][0x0][0xffffffcb]Zz:[0xffffff80][0xffffffef]kr[0xffffff93][0xffffffdf][0xffffffe1][0xffffffc6][0x9][0xffffffc4][0xffffffe0]L[0x7][0xffffffbb][0x3]z[0x8][0xffffffbf][0xffffffc5]s[0xffffffe9]^[0xffffffaa]1[0xffffffd8][0xffffffd5][0xffffffa3][0xffffffc5]$[0x1f][0xffffffb0][0xffffff99][0xffffffc4][0xffffff9f][0xffffffd3]z[0xffffffdc][0xffffffc1];[0x9][0xffffffc5][0xffffffea][0xffffff9f][0x12][0xffffffe7][0xf][0xffffff83][0xffffffa1][0xffffffb6][0x8][0xffffff8a][0xffffffd6]Y[0x8][0xffffffec]x'>[0xffffff94]O(,[\r][0xffffffed][0xffffffd4][0xffffffd2][0xfffffff6][0xffffffc9][0xffffffa4][0xffffffeb][0xffffffd8][0xffffff8d][0xffffff9c][0xffffffe6][0xffffffd4]5[0xffffffae][0xffffffb4]p[0xffffff99][0xffffffc5][0xfffffff9][0xffffffbd][0xffffffdc][0xffffffd5]^2[0xffffff9d][0xffffffca][0xffffffac][0xffffffe9]D[0xffffff9f][0xffffffdb]/S%[0xffffffb8][0xffffff82][0xfffffffd][0xffffff83]:[0xffffff8e][0xffffffb8]:[0xfffffffe][0x1e][0xffffffa2]>[0x9][0x12][0xfffffff0][0xffffffe5][0xffffffd4][0xfffffffe]x[0x16][0xffffffb2][0x1d][0xffffffa9][0xfffffffe]`][0xffffffc0][0x12]Z\Q[0x1b]J[0xffffff90][0x15][0x0];[0xffffffc7][0xffffffe8][0x12][0xffffffb1].[\r][0x3] d[0xfffffffb][0xffffffa3][0x17][0xffffffcf][0xffffffc2]q[0xffffffee];Il[0xffffffa3][0x1f][0xffffff9c][0xffffffc2][0x14][0xffffffce][0xffffffd3][0xffffffd4][0x1d]{[0xffffffbe][0x1b][0xffffff89]!1[0xffffffa4]9t5[0xffffffb1][0xffffffe5]"[0xffffffcc][0xffffff91][0xffffff9b]'[0xffffffe2][0xffffffe8]9[0xffffffe5]&[0xfffffff9][0xffffff8f][0x7]:[0xffffffd5]M[0xffffffe0][0xffffffce][0xffffffd4]|[0xffffffcb]V[0x5][0xffffffd7][0x19][0xffffff96][0xffffffbe]r8[0xc][0x15]h[0xffffff8c]N[0xffffff9f][0xfffffff9][0xffffffea][0xb][0xffffffb0][0xffffffa5][0xffffffab][0xffffff96][0xffffffb9]4eM[0x1d][0x11]Hn\[0x12][0xffffff88][0xffffffdd][0xffffff82][0xffffffe3]}_[0xfffffff3]XE`[0xffffffbd][0xfffffff9][0xffffffd2]'[0xffffffdd][0xffffff9e][0xffffffb7]C[0x9][0xffffffd9][0x1f][0xffffff8a]JG[0x13][0xffffffeb][0xffffffd0]$0EP[0xffffffb7][0xffffff90]'[0xfffffff5][0xffffff9b][0xffffff8d][0xffffffbb]Z[0x16]-[0xffffff92]N[0xffffff87]k[0xffffffbe][0xffffff9c]"[0xffffff98][0xffffff90][0xffffff9e][0xffffff9a][0xffffffe6]t[0xfffffffd][0xffffffde][0xffffffa5][0xfffffff4][0xffffffc8][0xffffffc1][0xffffff97]w[0x7f][0xffffffa1][0xffffffe8]%[0xffffff80]/[0xffffffbb]L9[0xffffffa9][0xffffffca][0xffffffd4][0xffffffbd]>[0xffffffba][0xffffffc9][0xffffffae][0x1a];[0xb][0x14][0xfffffff0]8[0xffffff99][0xffffffd3][0xffffff84]$[0xffffffac]ue[0xffffffa9]@[0xffffffaa]7>b[0xffffffb9][0xfffffffd]8[0xffffffbc][0xffffffd0][0xffffffaa]B=F[0xffffffa7][0xfffffffd]>>g[0x14][0xfffffff6][\n]"
10:24:15.357 [main] DEBUG com.github.dockerjava.zerodep.shaded.org.apache.hc.client5.http.wire -- http-outgoing-2 << "[0xffffffac]D[0xffffff93][0x1e]B[0xffffffdf]AxP[0xffffffb6][0x12]][0xffffff88][0xffffffef][0xffffff9b]Jb[0x18][0xffffffca]5[0xffffff83]v[0xffffffab]#1[0xffffffa3][0xffffffbf][0xffffff82]A[0xffffffb4][0xffffffd5][0xfffffff3][0xffffff98][0xffffff9e][0x19]>[0xffffff88][0xffffffff][0x1f]z[0x9][0xfffffff5][0xffffffd5][0xffffffa4][0xffffff81][0xffffffe6][0xffffffb4][0xffffffc6][0xffffffb9]v[0xffffffda][0xffffffe0][0xfffffff5][0xffffffca][0x1d][0xffffff99]>[0xffffff84][0xffffff8c][0xffffff95][0xffffffd3][0x0][0x0]@[0xb][0xffffff85][0x2][0x0]I[0x0][0xffffff90][0xffffff9c][0xfffffffe][0xffffffcb][0xffffffe7][0xb][0xffffffc4][0xffffffff][0xffffffbf]()[0xffffffb5][0xffffffea]"b[0xfffffff3]-s[0xffffff80][0xffffff90][0xffffffd2][0xffffffab][\r][0xffffffbf][0xfffffff5]5[0xffffffc0][0xffffffcc]6R[0xffffffcf][0x5]5?[0xffffffa3][0xffffffe6][0xffffff9f]R[0xfffffff1][0xffffff82][0xffffff87][0xffffffec]@e,x[0xffffffa2]?[0xffffffc0]q[0xffffffd5][0xffffffea][0xffffffe1][0x17][\r][0xffffffe5][[0xffffffba]J[0xffffffca][0xffffff9d][0x1]N[0xfffffffd][0x11][0xffffff89][0xf][0xffffffec]cc[0xffffffef]L[0x1f][0x0][0x10]0&[0xffffffa9][0x2]3[0xffffffd1]||[0x13][0xffffff9c];[0xffffff83]e\[0xffffffd4]>[0x8][0xffffffdf]>[0x7f][0xffffff9e][0xffffff94][0xffffffe8][0xffffffa3][0x1e][0xffffffff][0x2][0xffffff90]h\[0xffffffca]Km[0xffffffd7]O[0xe][0x18][0xffffffbf]i[0xb];@[0x19]Eh[0xfffffff6][0xffffffe5][0xffffff99][0xffffffc3][0xffffffab]a[0xffffff9d][0xffffff88][0xfffffff3]<[0xffffffc3]([0xffffffa6][0xffffffad][0xfffffffa][0xffffffac]K6[0xffffff95][0xffffffa2]n[0xffffffb5]G;[0xfffffffa][0xffffffc8]Y[0xffffffac][0xfffffffb][0xffffffbe]([0x1f][0xffffffd9][0xffffffff][0xffffffba][0x8][0xffffffed][0xffffffb7]K[0x18][0xffffff8a][0xffffff98][0xffffff91][0xffffffd9][0x19]][0xffffffc4][0xffffffea][0xffffff85][0xffffffbd][0xffffffcc]VU2[0xffffffd5][0xfffffff6][0xffffffa4]:C:[0xffffffa4]=[0xfffffffa][0xffffffaa]S[0xffffff8a][0xffffffaa][0xffffffbc][0xffffff97]Sa[0xffffff9e]5@)[0xffffffff][0xffffffc5][0xffffffd1]%[0xffffff80]3[0x14][0xffffffaf].[0xffffffb3][0xffffff88][0xfffffff4]o[0x14][0xffffffbc]);[0xffffff80]M[0xffffffdc][0xffffff9a][0x2][0xffffffa0][0xffffffba]`L/[0xffffffdb][0xfffffffc][0xffffffa3]4[0xffffff80][0xffffffc7][0xffffffc6]/[0x1f]z[0x0][0xffffffaa]a[0xfffffff8]P[0xffffffa8]0[0xe][0xffffffba]R[0xfffffff8]*[0xffffff8b]nI[0xffffffd3][0xffffffeb][0xffffffd4][0xffffffdf]KP[0xffffffba][0xffffffac][0x15][0xffffffc2][0xffffffc8][0xffffffe4][0xffffff92][0xfffffffd][0x1b][0xffffffac][0xffffffbd][0xffffffd7][0xffffffd5][0xffffff88][\n]"
10:24:15.357 [main] DEBUG com.github.dockerjava.zerodep.shaded.org.apache.hc.client5.http.wire -- http-outgoing-2 << "[0xffffffb8][0x11][0x18][0xfffffffa][0x1c]$[0xffffff8e][0xffffffbd] [0x18][0xffffffe7][0xffffffea][0xffffff8d][0xffffffcf][0xffffffa4][0xffffffe2]r[0xffffffb3]g[0xffffffb1][0x14]/[0x12][0xffffffb1][0xffffffd9]l[0xffffffbc][0xffffff82]+[0xffffffae][0xffffffef][0x8][0xffffffbd][0xffffffcf][0xffffffc8][0xffffffa0][0xffffffb5][0xfffffff7][0xffffff8d][0xffffff82]w[0xffffff98][0xfffffffc][0xffffffbf][0xffffffb8][0xb][0xffffff90][0xc]f<[0xffffffc1]q[0x0][0x0][0x0][0xffffffa4][0xc][0x5][0x0][0xffffffd8][0x3][0xffffff90][0xffffff92][0xffffffff][0xfffffffb][0xffffffa6]o[0x6][0xffffff94][[0xffffffe2],[0xffffffe6][0xffffffd7]q[0xffffffc8][0xffffffc7]$b[0xffffffc6][0xe][0x0][0x18][0x3];\Q[0xffffffd1][0xfffffff2]p<L![0x18][0x1f]u[0xffffff9c][0xffffffc6][0xffffffe3][0xffffffb3]:[0xffffffc4][0x18]d[0xfffffff9][0x3]([0xffffffdb][\n]"
10:24:15.357 [main] DEBUG com.github.dockerjava.zerodep.shaded.org.apache.hc.client5.http.wire -- http-outgoing-2 << "[0xffffffb4]A?Ra}[0xffffffaa]j[0xffffff95][0xffffffa8][0xffffffbe][0xffffff9b][0xffffff81]r[0xffffff98][0xffffffcc][0xc]!?[0xfffffffe][0xffffffa7]C+[0xfffffffb]F[0xffffffa9]:[0xffffffd4][0x6][0xc]c[0xffffff8e][0x1e][0xffffffc6][0xffffffd1][0xffffffe1]+[0xffffffdf]R[0xffffff8a][0xffffffce][0xffffffff][0xffffff95][0xffffffc6][0x7f][0xffffffd2]?@J[0x0][0x0][0xffffffc0][0xb][\n]"
10:24:15.357 [main] DEBUG com.github.dockerjava.zerodep.shaded.org.apache.hc.client5.http.wire -- http-outgoing-2 << "[0x0][0xffffffa8][0x0] [0xffffffb5][0xfffffffe][0xffffffb7][0xffffffc3]8[0x1f]([0xffffffb7][0xffffffcc]R[0xffffffec][0x7f][0xffffffa1][0x9]:P[0xffffffda][0xffffff80]hg[0xffffffec]RU)~[0xffffff80][0x5]([0x1f][0x1d][0xfffffff8][0xffffff89][0xffffff90][0xffffff9c]?[0xffffff84]i[0xffffffa3][0xfffffff2]7[0xffffff80]wGoL[0xffffffd6]H[0xffffffd6][0xffffff98]o[0xffffffa7][0x10][0xffffffcf][0xffffff97]_R[0xffffff90][0xfffffffb]][0xffffffc5][0xffffff8b]1[0x1a][0xffffff88][0xffffff87][0xfffffff7][0xffffffc2]r[0xffffffff]O<[0x0][0xffffffb6]C~[[0xffffff86][0xffffffde]{[0xfffffff9][0xffffff8e][0xffffffef]q[0x1e]_[0xffffffba][0x1f][0xffffff98]u[0xffffffa0][0xffffffa0]gq[0x1f]P[0x17][0xffffffe4]HjF[0xfffffff5]1[0x8]J[0xffffffe9]Ad[0xffffffc1][0xffffffc0](f~1[0x15]$[0xffffffa5]Z[0xfffffff3][0x15][0xffffffc0]|==[0x17][0xffffff94]r6[0x16]qY!%[0xffffffc5]D[0xffffff89][0x7f][0xffffffaa][0xffffffaf][0xffffffd8][0xffffffc9]B[0xffffffc6]yA[0x14][0xffffffea]srA[0xffffff9e]7[0xfffffff7][0xffffff9f][0x5]}I[0xffffffa2][0x7][0x0][0x0][0xffffffcd]P[0x0]UU[0x0][0xffffffd2][0xffffffea][0x7f]t[0xffffff87][0x0][0x0][0xffffffaa]2[0x2][0xffffff99]U[0xffffffff][0xfffffff7][0xffffffb1][0xffffffe0][0xffffffd6][0xffffff98][0x8]`(J[0xffffff96][0xffffffca]B[0xffffffa6]"([0xffffffc4][0xffffffab][0xffffff85][0xffffffda][0xffffffad]I[0xffffffc3]}8:[0xffffff82]h[0xffffff98][0xffffff94][0xb][0xffffffd9]c[0xffffff87][0x13][0xffffff95][0xffffffaa][0xffffffdf][0xffffff86][0xffffffd3][0xffffffe2]x[0xffffffe7][0xffffffe4][0xffffffe0][0x1e][0xffffffdf][0xfffffff2]:[0xffffffa3][0xffffffee]e[0xffffffd3][0xffffffd2][0xffffffc7]o[0xffffffbf]0[0xffffffe1][0xffffffe3]WV[0xffffffef][0xffffffd4]G?{[0xffffffc0]X`y=[0xffffff85]+[0xffffff9b][0xffffff97][0x7f][0xffffffbe]:[0xe][0xffffffdb][0xffffff99][0xffffffce]<[0xffffffc8][0xffffffdf]s[0xffffff87]#3[0xffffffcb][0xffffffcb][0xffffffde]}[0xfffffff9][0xffffffff][0xffffff8b][0xfffffff0][0xfffffffd][0xffffffb3]@[0xe]R[0xffffffb9]b[0xfffffff0]?F[0xffffffea][0xffffffed][0x4]{P[0xffffffed][0xfffffffb]w:[0xffffffe6][0xffffff9a][0xffffffc8]N[0xffffffbe][0xffffffbf][0x10]3xn[0xffffff89][0xffffff8e][0x1a][0xffffffc5][0xffffff96][0x1d][0xffffffe8][0xffffffad]`%V[0xffffffda][0xffffff8c][0xffffff9b][0xffffff8e]E[0xffffffdf]9[0x13][0xfffffffa]fm8n[0xffffffcc][0xffffffd5][0xffffffad][0xffffffed][0xffffffff][0x19][0xffffff83][0xffffff9b][0xffffffbd]:[0x1b][0xffffffd6]9[0xffffff81][0xffffffb1][0xffffffef]z[0xffffff82][0xfffffff6][0x15][0xffffffc6]m[0xffffff90][0xffffffab][0xffffff8f]k[0xfffffff7][0xffffff93][0x11]_E[0x1][0xffffffe1][0xffffffcd]4[0xfffffffc][0xffffffc5][0xffffffbd][0xffffffb1]G P[0xfffffffa][0xffffff8e][0xffffffff][0xffffffa4][0xffffff98][0xffffffd1]:[0xffffff9a][0xffffff83]d[0xf]%[0xf][0x1b][0xffffff95][0xffffffea][\r]H8[0xffffffd9]1p[0xffffff88][0xffffffdd]41[0xfffffffc]6[0xffffffe8][0xffffff8c][0xffffffc1][0xffffffc9][0xffffff9d][0x13][0xffffffb3]P,R[0xfffffffa][0x1e]B[0xffffffa5]][0x18][0xffffffe2][0xffffffba][0xffffffc9][0xffffffab][0xfffffff6]Y[0xffffffcd][0xffffff9e]]1m[0xffffffd6][0xfffffff0]<[0xffffff96] [0xffffffb8]u[0xffffffc6][0xffffff86][0x16][0xffffffe6][0x15]\[0xffffff8a];q[0xffffffef][0xffffffdc]8~[0xfffffff6][0xffffffa7][0x12][0xffffff8f][0xffffffc9]p1f[0xffffff95]'[0xffffffcf][0xffffffc3][0xffffffe7]I\[0xffffffa3]P[0xffffffec][0xffffffa6][0x9]4+C~[0x7][0xffffffd6]Y[0xffffffb5][0xb][0x1e][0xffffffeb]#[0xffffff94][0xfffffff9][\n]"
10:24:15.357 [main] DEBUG com.github.dockerjava.zerodep.shaded.org.apache.hc.client5.http.wire -- http-outgoing-2 << "[0xffffff8c][0x15][0x1][0xffffffcc][0xffffff93]v[0xffffffd4]S[0x18][0x1c]c#@[0xffffffaa][0xffffffe3]f[0x7]r@s[0xffffff97][0xfffffff6][0xffffffc1][0xffffff88][0xffffffd3][0xffffff8c]#[0xffffffa3][0xffffffec][0xffffff8c][0xe][0xffffffab][0xffffffb8][0x6]R[0xffffffa9][0xfffffffe][0xffffff95][0xffffff8f][0xffffff90][0xffffff8a]Dk[0xffffffa4][0xffffff9a][0xffffffa3][0xffffffc6]}[0xffffffa3][0x8][0xffffffac][0xffffffe3]Aeg[0x9][0xffffffd7][0xffffff89]FBA[0xffffffac][0x1][0xffffffea][0xffffffe4][0xffffffd9]"V[0xffffff85]L[0xf][0xfffffffd])P[0xffffffb3]Vx[0xffffffd5][0xffffffd2])[0x19]'Y[0xffffffa8][0xffffffc0][0xffffffea][\n]"
10:24:15.357 [main] DEBUG com.github.dockerjava.zerodep.shaded.org.apache.hc.client5.http.wire -- http-outgoing-2 << "}[0x0][0xffffffc9][0xffffff9a]c[0xffffff82][0xffffff9c][0xffffffeb][0xffffff85][0xfffffffc]C[0xffffffdf]o[0xffffffad][0xffffffac][0xffffffa0][0xffffffea][0xffffff9f][0xffffff91][0xffffffe4][0xffffff97][0xffffff9b]G[0xffffffe0]:\@[0xffffffba][0x13][0xffffffc4]wN[0xffffffd4]I[0xffffffaf]5[0xfffffff2]m$7[0xffffffd5]a|[0xffffffca][0xffffffee][0x4]6i{[0xffffffb6][0xffffffb2][0xfffffff0][0xffffff89]1[0xffffffee][0xffffffea]QZ%q_=[0xffffffa5]3[0xffffffa7][0xf]F_[0xffffff8b][0x12]k[0xffffffb8][0xffffff84]Yx{[0xffffffc9][0xffffff80]5[0xfffffff3][0xffffffed][0x11][0xffffffc1][0xfffffff7][0xffffffaf][0x12][0x1e][0xffffff8f][0xfffffff7][0xe][0xffffffcd][0xffffffd1]M[0xfffffffd]Q[0xffffff84]TjT[0x4][0xffffff83][0xffffffeb][0xffffffb6]$[0xffffff96][0xffffffe2]O[0xffffffac]($S[0xffffffef][0xfffffff0]Je[0xffffffb0]V->[0xffffffe1]`.[0xffffffa7]][0xffffffc6][0xffffffd8]L[0xffffffc8][0x17][0xf]UK[0xffffffe1][0xffffff9d][0xffffffe4][0xffffffd2][0xffffff83]uL[0xffffffd6])[0xffffff96]9[0xffffffa5][0xffffff8a][0xffffffae]I[0x12][0x18][0x1][0xffffffda]ov%[0xffffffee][0x10]t[0x1b][0x13][0xffffffd3]S[0xffffff93][0xffffffb1]8[0xffffff9a]G[0xffffffa9][0xffffffda]U[0xffffffcf][0xffffff85][0xffffff9a][0xffffff8c][0xffffffd7][0xffffff97]3{[0x9][0x1e][0xffffffdf][0xfffffff5]gX[0xffffff88][0x19]4[0xffffffcd][0xffffffd5][0xfffffffd][0x6]:[0xfffffffd][0xffffffd3]e[0xffffffab]>[0xffffffe6][0xffffffb8]G[0xfffffffe]![0xffffff99][0xffffffca][0xffffff9f][0xfffffff3][0xffffffae][0xffffffd6][0xffffff9b][\2w[0xffffff82][0xffffffef][0xffffffdf]R4[0x14]9#`[0xffffffb6][0xffffffc6][0xffffffcd]#[0xffffffac][0xffffffb8]o[0xffffffce][0xffffffc7][0xffffffa6][0xffffffa6][0x1a]h[0xfffffff8][0xffffff84][0xffffffc4][0xffffffa9]/[0x4]{;(^[0xffffffb2][0xffffff8e]u[0xfffffffb][0xffffffb9][0xffffffd8][0xffffff8b]QY[0xffffffa0][0xffffffac][0xffffff95][0x1b][0xffffffb9][0xffffff93][0xffffff84][0xffffffef][0xffffff98][0xfffffff0]7[0xf][0xfffffffe][0xffffff89][0x18][0x7]_5H[0x12]d[0x1e]dL[0xfffffff5][0xffffffe8][0xffffffcc][0xffffffbd][0xffffffe8][0xffffffbf][0xffffffd7][0xffffff84]H[0xffffffb8][0x18][0xffffffa0][0x1][0x7f]l~A[0xffffff80][0xfffffffb][0xffffffcb][0xffffffb0][0xffffffa8]Z[0xffffff94]=L"k[0xffffffa4]+8[0xffffffc2][0xfffffff1][0x4][\n]"
10:24:15.357 [main] DEBUG com.github.dockerjava.zerodep.shaded.org.apache.hc.client5.http.wire -- http-outgoing-2 << "_[0xffffffcb][0x10]f[0xffffffef][0xc][0xffffffa8][0xffffff91]j[0xffffff8e]|[0xffffff82]p[0xffffff8d][0xffffffa8][0xffffff99][0xffffffe1][0xfffffff0][0x17]k[0xffffffbe][0xffffffd4][0xffffffed]N[0x1c][0xffffffd6]h[0xffffffd4][0xffffffe4]$[0x5][0xffffffa0][0xffffffa7][0xffffff9b]i[0xffffff9f]h9[0x8]5[0xffffffb5][0x7][0xffffffc0]F[0xfffffff6][0xffffff92]ry[0xffffffe4][0xffffffa4]u[0x6][0xffffffbe][0xffffffa2][0x0]M[0xffffff88][0xffffffb4][0xfffffffe][0xfffffff4][0xffffffc4][0xffffff94][0xffffff97][0xffffffca][0xffffff88][0xffffff9b]Z[0xffffffd9][0xffffff83]jk[[0xffffffe1]Nd[0xffffffb6](6[0xc]2R@[0xffffffd8][0xfffffff8][0xffffffd1][0xffffff86][0xfffffff8][0xffffffdb][0xffffffc7][0xffffff93][0xffffffaf][0xffffffcd]P[0x1d]J[0xffffffe9][0xffffffd1][0x5][0xffffffdc]g[0xffffffb5]Q&[0xffffff91][0xffffff82][0xffffffa8][0xffffffd8]J[0xffffffa1][0x14][0xe]3RD[0xffffffad],[0xffffffd8]>![0xffffffe4][0xffffffef][0xffffffd4]@[0xffffffe7][0xffffff94][0xffffffa4]_`T[0xfffffffe][0xb][0xffffffdb][0xffffffd3][0xffffff9e]d'[0xffffff8c][0xffffffce][0xffffffbb][0x18]P[0x1a][0x2][0x13]Y[0xb]G[0xffffff91]\Z[0x0]1O&[0x1d][0xffffffe8]V[0xffffffcb][0xffffff95]s1[0xffffff9c]h[0x1d][0x1c].02[0xffffffa9]jO[0xffffff99][0xf]8[0xffffffb9] x[0xffffffd4]1[0xffffffba][0xffffff82][0xffffffc1][\n]"
10:24:15.357 [main] DEBUG com.github.dockerjava.zerodep.shaded.org.apache.hc.client5.http.wire -- http-outgoing-2 << "?[0xffffff8f][0xffffffbd]#[0x7][0xffffffb2]r[0xffffff93][0xffffff96],[0x10][0xffffffac][0xfffffffa][0xffffffd9][0xffffffc4][0xffffffce][0xffffffb2][0xffffffa5][0xfffffff3][0xffffffcf][0xffffffa6]6t3[0xffffff92][0x1]P[0xffffffbb]Y#^[0x10][0x4]I[0xffffff90]-[0xffffffe5][0xfffffff3][0xffffff93][0x4][0xffffffca]'ht[0xffffff9b][0x15][0xffffffe8]C[0xffffffa2][0xffffffda]9[0xffffff91][0x15]D[0xffffffc8]$$#[0xffffffe6] e[0xf][\r]][0xffffffbf]G'[0xfffffff7][0xffffff93][0xfffffff9][0xffffffc5]{rtL[0xffffff9e][0x1b][0xffffffc0][0xfffffffd][0xffffffe9][0xffffffd1][0xffffff85],[0xffffffa7][0xffffff87][0xffffffe6]L7?[0xffffffc7][0xffffffd3]![0xffffffd5]Kq[0xffffff99][0xffffffd4][0x4][0x1f][0xffffffce]km[0xffffff8c]0o[0xffffffe1][0xffffffec][0xffffffa4]t[0xffffff98]af,[0xffffff9d]}[0xffffffc8][0x16]E[0x1d][0xffffffd9][0xffffffbe]'B[0xffffff98][0xffffffb5][0xffffffa2][0xfffffff3]?[\r]c[0xffffffe4]D[0x9][0x15]e7h{[0x1a][0xffffffa5]vo[0xffffff92]`[0xffffffc7][0xffffff8e][0xffffff94][0xffffffad][0x14]*[0xffffffd8]K[0xf]{Z[0x1d][0xfffffff2][0xfffffff5][0x7f][0xffffff85][0xffffffca];nP[0x15]q[0xfffffffa][0xffffff95] [0xffffff90][0x15][0xffffffd3]"2[0x1f][0xffffffe9][0xffffffc5][0xfffffff4][0xffffffd9][0xfffffff9][0x7f]P[0xffffffcb]5[0xffffff99][0xffffffc6][0xffffff84][0x12]U[\r][0x19][0xb][0xfffffff5][0xffffffaa],Vn[0xffffffd3][0xf][0x16]*[0xffffffc5][0xffffffb7][0xfffffff1]_[0xffffffa9][0x4][0xfffffff8]/[0xffffffef][0xffffffd4][0xffffffe0]c>[0xffffff84][0x7f]M[0xfffffffd][0xffffff9d][0xffffff8c] $[0xffffff98][0xffffff8d][0xffffffd9][0xffffffe6][0xffffffa8][0x18][0xffffffb3]xZX[0x0]g[0xf][0xffffffd0][\r][0xffffffb1]u[0xffffffdf][0x1f][0xfffffffa]0[0xffffffdd]6 2^65U[0xfffffffa][0xffffff98]+[0xffffff9e]}@[0xffffffe4]s[0xffffffcd]k>E[0xffffffa8]l[0xfffffff1][0x1c][0xffffffa5][0xffffffe3]y[0xffffff8b][0xffffffe7][0xffffffe6]|[0x16]X6[\r]J[0xffffff9e][0x17][0xffffffa4][0xffffffec][0xffffffc5][0xffffffed]\n[0xffffffd3]Y[0xffffffe1]H[0xffffff99]Y[0xffffffd0][0xffffff88][0xffffff89][0xffffffa1][0xfffffff2][0xffffffc0]o[0xfffffff4]j:[0xffffffd1]0[\r][0x1f]r[0xffffffbe]3Z[0x9][0x13]AL[0xffffffe8][0xffffffda][0xfffffff9][0xffffffb3]k[0xffffffcd][0xffffffb1][0x1d][0xffffffe3]Rlu[0xffffffc7]`=VC[0xffffffec][0xb][0xffffffac][0xffffffc8][0xffffff98][0xffffffe3][0x6][0xffffff90]9q[0xffffff96][0xffffffa4]/[0xffffff9a]?[0x14]([0xffffffac][0xffffffc7][0xffffffa0]qS9Zh[0xffffff8f][0xffffff81][0xffffffac]%O[0xfffffff9][0xfffffff7][0xffffffe8][0xffffffc2][0xffffffab][0x1][0xffffffcc][0xffffffb9][0xffffffb4][0xffffff83][0xffffffa8])[0xffffff83][0xffffffe4][0x1b][\n]"
10:24:15.357 [main] DEBUG com.github.dockerjava.zerodep.shaded.org.apache.hc.client5.http.wire -- http-outgoing-2 << "7[0xffffff94][0xffffffbd][0xffffffc9][0x7f][0xffffff9e][0xfffffffb]][0xffffffcd][0x14][0x1d][0x1b][0x10]?8[0xffffffe9][0xffffff9e][0xffffffc5][0xfffffff0][0xffffffd5]E[0xffffffa1]z[0xffffffa5][0xffffffb4][0xffffffd0][0x1e]H@[0x1][0xffffffba][0xffffff9c][0xffffffe7][0xffffffb4];[0xffffffad][0xffffffc5][0xffffffca]$[0xffffffa9]3m([0x7]L[0xffffff96][0xffffff89][0xffffffbe][0xfffffff8][0xffffffcb].[0xffffff9b][0xffffff9e]h[0xffffffa1][0xffffff90][0xffffffd5][0xffffffd9][0xffffffd1][0x4]OQf[0xffffffbf][0xffffffc3][0xf][0x15][0xffffffe8]2.[0xffffffca]qh[0xffffffc6][0xffffffd8][0xffffffd3][0x3][0x1a][0xfffffff9]R[0xffffffe1][0xffffffe4][0xffffffdc][0xfffffff6][0xffffffba][0xffffffda][0xffffff96]5P[0xfffffffa][0xfffffff4][0xffffffc5]7[0xfffffff1][0xffffff82]#[0xffffffda]WT[0xffffffee][0xffffff97]byl[0xffffffc6]\[0xffffff8f]|[0xffffff87][0x1]%[0x13][0x1e][0x1b][0xffffffcd]x[0xffffffe9][0xffffffa2][0x8]T[0xffffffe5]0C[0xffffff9d]fD[0xffffffbf][0x16]o9z[0xffffff9d]nK[0x1b]SW{[0xffffffa4][0xffffffc7]v[0xe][0xffffff9f]H[0xffffffac]f[0xffffffcd][0x8]EDv[0xffffffd4][0xfffffff3][0xffffffc6][0xffffffaf][0xffffffbc]([0xffffffef][0xffffffe7][0xffffffab][0xffffffbf]f[0xffffffb5]u[0xffffffd7]j([0xffffff9b]4};4[0xffffffa7][0xffffff8f][0x4]1[0xffffffe6]mm[0xffffff8d][0xffffffd2][0xffffff90]#[0xffffffb9][0x13]KM[0x15]Q[0xffffffbc][0xffffffe4]q#&C[0xffffffe8][0x15]X[0xffffffc3][0xffffff9f][[0xffffffef]({r[0xfffffff3][0x4][0x15][0xffffffb0]r[0xffffffd5][0xfffffff4][0xfffffff6][0xffffff92][0xffffffbb][0xffffffef][0xffffff84]?[0xffffff81][0xffffffb5]l[0xffffffad][0xfffffffd]~[0xffffffe9][0xffffffc1][0xffffff8b]w7[0xffffff85]M[0xffffffcc][0xffffff89][0x13][0xffffffb9]@[0xffffffc0]PEI[0xffffffb1][0xffffffcc][0xffffffa9][0xffffff81][0xffffffac]a[0xffffffac]i[0xffffffc4][m[0xffffffea][0xffffffd7][0xffffffa3][0xfffffff0]-[0x16][0xfffffff3][0x17][0xffffff9b][0xffffff91]|z/[0xffffffa0][0xfffffff0][0xffffffd8]&!H[0x7][0xffffffed][=[0xffffff99][0xffffffcf]F[0xffffffa6]<[0xffffffb7][0xffffffab][0xffffffa7]_W[0xffffffff]&G[0xffffffa3]ad[0xfffffffc]C[0xffffffd5][0xffffffb8][0xffffffee]X[0xffffffc5]1[0xffffff83][0xffffffe2]:<eY*[0xffffffea][0x1b][0x6][0xffffffe0]f[0xffffff9a][0xffffffa9][0xffffffde][0xffffffda]4o)[0xfffffff9]/[0xffffff92]2[0xffffffc6][0xffffff89]W[0xffffffd6]zV[0xffffff80]>)q[0xffffffd4][0xfffffffa][0xffffffe8][0xffffffa9][0x4][0x1b][0xffffffe9]f[0xfffffff1][0xffffffeb]~[0xffffff9e]L.[0xffffffce][0xffffff95][0xffffffe1][0x1c][0xffffffad];[0xffffffc6][0xffffffda][0xffffffbe][0x6][0xffffffaf][0xfffffff9]pB[0xffffff9f][0xffffffde]<[0xffffffb5][0xffffffa6]S[0xffffffa1][0x1a][0xffffffb6]$[0xffffffdf][0xffffffbb][0xffffff97][0xffffffd5][0x11]G[0xffffffbb]VQ7[0x1b]2k[0xffffff99]i?[0xfffffffc]DK[0xffffffc1]G[0xffffff90][0xffffff8a][0xffffffbc][0xffffffa0][0xffffffc9][0xffffffe9][0xfffffff4][0xffffff97]_[0xffffff80]I[0xffffffdb][0xc][0xffffff9c]\[0xffffff9e][0xffffffd5]i[0x9][0xfffffff1]d0[0xfffffff6]q[0xffffff87][0xffffff80][0x1c]Y[0xffffff9d][0xfffffffe]D[0xffffff9c][0xffffffa0][0xffffffff][0xffffffc3][0xffffffbd]Cy[0xffffffa6]Q*[0x13][0xffffffe0]9x[0xffffffd2][0xffffffbc]x[0xffffff82][0xfffffff0][0x1c][0xffffffc6][0x8][0xffffffb9][0xffffff87][0xffffffbe][0xffffffd3][0x6][0xffffffe4][0xffffffbc][0x1e]zy3[0xb]Y[0x12]s[0xffffffed]7[0xffffffbc][0xfffffff0][0xffffffcd]8[0xffffffff][0xffffffa5][0xffffffe1]z[0xf]u[0xffffffa3][0x13]o[0xffffff89][0xffffffbe][0xb]u[0xffffffd8]`I[0x16][0xffffffde][0xfffffff4][0xffffff95][0xffffff8a][0x10]\w[0xffffff88][0xffffff85][0xffffffa4][0xffffffd7]][0xffffff9c]2M[0xffffffbb][0xffffffe2]h[0xfffffff0][0x6][0x1d][0xffffff95]O[0xffffff85]V[0xffffffec][0xffffff81]_Q[0xfffffff3][0xffffffa0][0xffffffdc][0xffffffbc][0xffffffaa]g[0x1e][0xffffffd0][0x1e][0x5][0xffffffdc][0xffffff89][0xffffff9c][0xffffffa0][0xffffff88][0xffffffc0][0xffffffba][0xffffff99][0xffffffff][0x3][0xffffffbf]![0xffffffe6][0xffffffec][0x17][0xffffffb2][0xffffff8c][0xffffffba]O[0xffffff91]XEB[0x14][0xffffff98][0xffffffcf][0x0][0xffffffb3][0x15]{[0xffffffac][0xffffff83]a:R[0xfffffffb][0xffffff94]~K[0xe][0xffffffeb][0xfffffff6][0xffffffc4][0xffffff8a]k[0xffffffeb][0xffffff91][0x10]<[0xffffff9d]c[0xffffff88][0xffffffc7][0xfffffff7][0xffffff92]|[0xffffffca][0xffffff89][0xffffffa5][0x0][0xffffffab][\r]Que[0xffffffc4][0xc]m[0xffffff92][0x11][0xffffffa6][0xffffffd1]A[0x15][0xffffff8d]'B[0xffffff86][0x19]4 [0xffffff90][0xffffff89][0xffffffa3][0xffffffdf][0xffffffb6] O[0xffffffea]s\[0xffffffcd][0xffffffa7][0xffffffd2][0x11][0xffffffc0]M[0x4][0xffffff96][0xffffff9b]2N[0x1e][0xfffffffa][0xffffffd4]tGh[\r];[0xffffffb3][0xffffffe0][0xffffffeb][0xffffffc6][0xffffffa4][0xffffff97][0xffffffa0][0xffffffaf][0xffffff84]_[0xffffff83][0x8][0xffffffc1][0xffffff88][0xffffffc3][0xffffffc0]S[0xffffff9a][0xffffffcc]\P[[0xffffffb9]s2[0xffffffec]M[0xfffffff5][0xffffffe4]3[0xffffffc2])[0xffffff87][0xffffff8d][0x18]"[0xffffffcb][0xfffffffd]u[0xffffffb4]w[0xffffffed][0x12][0x1d][0xffffffe7]H>[0x9][0xffffffd5][0xffffffdf]r[0xfffffff3],[0xffffffb1][0xffffffce]65[0xffffffaf][0xfffffffc][0x3][0xffffffde][0xfffffffb][0xffffffd7][0xffffffcc]m[0xffffffdf][0xffffffd0][0x1d][0xffffff99]-)H5[0xffffff83][0xffffffcc][0xffffffc6][0x13][0x3]>[0xffffff85][0xfffffff5][0x5]la[0xffffffe8]b[0xffffffd8][0xffffff9f]c[0xffffffae]W[0xffffffa6][0xffffffa2][0x6][0xffffffc1][0xffffffa3]S5W[0xfffffff9][0xfffffff4]][0xfffffff6]qhi[0xffffffb6][0xfffffffc][0xffffffaf][0xffffffce][0xfffffffa][0xffffffbd][0xffffffbe][0xffffff9c]P[0xffffffcc]Sq[0x7][0xffffffc6]g(U7[0xffffff99][0xffffffd9][0xffffffc9]3[0x4][0x13][0xffffffea][0xffffffc2][0xffffffe4]V![0xe][0xffffffa2][0xffffff8b][0xffffff84]D[0xffffff9f][0xffffffe5]<[0xffffffb6][0xffffff90]G[0xffffffdb]T[0xffffffe7]+[0xffffffe1][0xffffffb4]/[0xffffff98][0xffffffd9]2,[0xffffff8c][0xfffffffb]h[0xffffffe2][0xffffffec][0x1f][0xffffffa9]3[0xffffffdb]q[0xffffffab][0xffffff8a][0xffffff8f]p[0x1b]Q[0x1e][0xffffffaa]~S[0x1c]c[0xffffff86][0x19]<[0xffffffa9]$o[0x17][0xffffffc8][\n]"
10:24:15.357 [main] DEBUG com.github.dockerjava.zerodep.shaded.org.apache.hc.client5.http.wire -- http-outgoing-2 << ""z][0xffffffdd][0xffffffb9]U[0xffffffbf]"[0xfffffff9]g[0x3]V[0xffffff93][0x8][0xffffff98]G[0xffffff93]x[0xffffffba][0x1c]H[0xffffffa3]C_[0x9][0xfffffff0][0x5]s[0xffffffee]O[0xffffffb2][0xfffffff2][0xffffffa7][0xffffffd4][0xffffffc8][0xffffffeb][0xffffffe6][0xffffff94];[0xffffff80][0x4]X[0x1f][0xffffffd9]3([0xffffffed][0xffffffc8][0x1][0xffffff93][0xc][0xffffffab][0xffffffe7]k[kv[0xffffffc7][0xffffffba][0xffffffc4][0xffffffb1][0xffffffd3]R[0xffffff81][0x0]Z[0xffffffd5][0xffffffc1][0xffffffab][0xffffffa4][0x7]?bg[0x6][0xffffffe8][0xffffffc4][0xffffff9f]p[0xffffff89]dC9*[0xe][0xffffff89]W[0xffffffd6][0xffffff80][0xffffff84][0xffffffbe]t[0xfffffff5];OZ[0xffffffe2][0xffffff8c]][0xffffffa0]j[0xffffffc9]4[0xffffffd2]5J[0xfffffffe]h[0xfffffffa]L.'o[0xffffffe3][0xffffffdb][0xffffff95]/[0xfffffff1]-[0xffffffe2][0xffffffe4][0xffffffa0][0x15][0x4][0xffffffc6]+[0xffffffa1]o[0xffffffae][0xffffffae][0xfffffff2][0xffffffe0][0x9] [0xffffff9f][0xffffffe4]I~[0xffffffca][0xffffff96]>[0x13] [0x4][0xffffffa2][0xffffffe6],[0xffffffda][0x12]p%[0xffffff81][0xfffffff9][0xfffffff1][0xffffffd4][0x5][0xffffff81][0xffffffe3]D[0x1d][0xffffffb3]w![0xffffffe8][0xffffffba]r[0xffffff83][0xffffff8d]w[0x2][0xffffffa4][0xffffffac]V![0x13][0xffffff9f][0x12]^[0xffffffb7]<[0xffffffd7][0xffffffd4][0xffffffc6][0xffffffd3][0xffffff82][0x1e]*[0x5][0xffffffc6][0x1]Cn$[0xfffffffa][0xffffff90]!Mt[0xffffffb7]`0[0x3][0xffffffa3][0xfffffff5][0xffffff83][0xffffffef][0xffffff96][0xffffff85][0xffffffa4]=r[0xffffffed].[0xffffff8c]/S<[0xffffffe4]G[0xffffffca][0xffffffc6][0xffffffd0][0xffffffa5][0xffffff83]H[0x15][0xffffffac]R[0x0]2[0xffffffe5][0xe]x[0x9][0xffffffca][\r][0xffffffcd]ER][0x10]MJW [0xfffffffd][0xffffffe6]}[0xffffffe3]i[0xffffff98]}[0xffffffd1]X[0xfffffff1][0xffffff97]=[0xffffffa6][0xffffffd3][0xffffff80]\u[0xfffffff9][0xffffffe0][0xffffffba][0xffffffc2][0xfffffff4]S*[0xffffffdb][0x8]f[0xffffffdd][0xffffffe3][0x16][0xfffffff0][0xffffff8f][0xffffffd9][0xffffff8a]Yn%[0xffffffb6][0x7f]oc[0xffffffa6][0xffffffaf][0xffffff92][0x3]-[0xffffffc1][0xffffffc4][0xffffff9c]J[0x1e][0xffffff9f]u7[0xffffffcf]w[0xffffff98][0xffffffc3][0xffffff8b][0xffffffef][0xffffffd6][0x1d]A[0xffffff8c]b1rKbK[0xffffffa7][0x13]t[0xffffff93][0xffffffd5]&[0x1b][0xffffff9d][0xffffffa3][0xffffffc8]x[0xffffff80]`[0xffffffdf]b[0x9]9j[0xffffffe5][0xffffffb7][0xffffff91][0xffffffd8][0xffffffb0]\[0x11] bF[0x3][0xffffffeb][0x6][0xffffffdb][0xffffffd6]c[0xffffff88]\[0xffffffc5]pm[0xffffffeb][0xffffffb2][0xffffff9c][0xfffffffa][0x7]k[0x9][0xffffffa9][0xffffff98]@[0xfffffff7]w[0xffffffbb][0x13]?f[0xffffffe0][0xffffffaf][0xffffff98][0xffffffeb][0xffffff80][0xb]}[0xffffffa4]_s[0xffffffe8][0xfffffffc]_[0xe][0xffffffe8][0xffffff9e][0xffffff9f][0xffffffb6],[0xffffff84][0xfffffff0][0xffffffe6][0xffffff9d][0xfffffffd]?-[0x13][0xffffff9b][0xffffffd2]&[0xb][0xfffffff7][0xffffff86][0xffffffe8][0xffffffee]-<[0xffffffb1]5[0xfffffff4]'[0xffffff8a]r[0xffffff94][0xffffffa8][0xffffffe1][0xffffff95]{[0xffffff82][0xffffffaa]u[0xffffffa1][0xffffffa2][0x17]([0xe][0xffffffb0][0x14]M[0x1a][0xffffffa5][0x1]r[0xffffff98][0xffffffe4]A[0xfffffff0]Il[0xfffffff5][0xffffffe2]o[0x4][0xffffffe5][0xfffffff3][0xb][0x1b][0xfffffffa][0xffffffc1][0xffffff92][0xffffff9e][0x6]R[0x7f][0xffffffd8][0xffffff9d]f[0xffffff91][0xffffffdc],a[0xfffffffe]F~[0x13][0xffffff88][0x1d][0xffffffcc]P9O[0xffffffe5][0xffffff91][0xffffffc6][0x7][0xffffffa8][0xfffffffa][0xffffff8c][0xffffff94][0xffffffec][0xfffffff5]6[0xffffff9a][0xffffffe7][0xffffff8f]6[0xfffffff9]M[0xfffffff6][0xffffffbe][0xffffffc9]U[0xffffffcd][0xffffff95]J[0xffffffd9]<[0xfffffffc]ZpG[0xffffffc2][0x3][0xffffffea]6d?M[0xffffffaf][0xffffffb1]'[0xffffffae][0xffffffd1][0xffffffce]1[\n]"
10:24:15.357 [main] DEBUG com.github.dockerjava.zerodep.shaded.org.apache.hc.client5.http.wire -- http-outgoing-2 << "([0x0][0xfffffffa][0xfffffff9]N[0xffffffdf][0x15]y[0xffffff93]#[0xffffffbc]5[0x16][0xffffffac][0xffffff9b]P[0xb]?0[0xffffffb1][0xffffff80][0x7f]=[0xffffffd8]v[0xffffff84][0xffffffcc][0xffffff8d][0xffffffba][0xffffffd8][0xffffffc2][0xffffff9f][0xffffff89]4 [0xffffff8e]mO>[0x11][0xffffffe2][0x3][0xffffffb9][0xffffffe1][0xffffff86]?[0x1e][0xfffffff5][0xffffffcb][0xffffffbb][0xfffffffc][0xffffff9d][0xffffffdf]-#|[0xffffffd7][0xffffffe1][0xffffffd3][0xffffffb1][0x1c]j[0xffffffc3]b[0x6][0xfffffff8]E[0xffffffdb][0xffffffd5]h[0xffffffe3][0x16]vD[0xffffffa7][0xffffffb2]([0xffffffd5][0xffffffb2][0x11][0xffffffbd][0xffffff8d][0xffffff84][0xffffffe1]*[0xffffffd5][0xfffffff9]*[0xffffffa4]F[0xffffffdd]q[0x7f]u[0xffffffcb][0xffffffba][0xfffffffe][0xffffffe1]f#[0x15][0xffffffe7]c[0x4]*p[0xffffffb6][0xffffffb0]`?&[\n]"
10:24:15.357 [main] DEBUG com.github.dockerjava.zerodep.shaded.org.apache.hc.client5.http.wire -- http-outgoing-2 << ":[0xffffffe7]*[0xffffffa2][0xffffffdf][0xffffffe3]I[0xffffffc6][0xffffff94]?[0xffffff87][0xffffffea][0xffffffa8][0xffffffdf][0x1][0xffffff98]^[0xfffffffb]oeq[0xffffffd3][0xffffffd6]p[0xffffffeb]A[0xffffffee][0x15][0xffffff9a][0xffffffd4][0x7f][0x8][0xffffffc7][0xffffffb9]^[0xffffff83][0xffffffdc]4[0xffffff85]Y[0xffffffa9][0xffffffa8][0xffffffde][0xffffffc3]/[0xffffff84]@[0xffffffb0][0xffffffaa][0xffffffe0][0xffffffb7]j[0xc]Z[0xfffffff0][0xffffffdc][0xffffffab][0xffffffc8]1[0xffffffaf]lH5[0xffffff82]&ll[0xffffffd7][0xffffffc5]r[0xffffff90]$[0xffffffc6]n[0xffffffc3][0xffffffe9][0x7f][0xffffffc1]v[0x13]X"[0x17][0xffffffd7]x[0xfffffff3][0xffffffbf][0xfffffff8][0xffffffe9]S[0xffffffdd]Y[0xffffff99]E[0xffffffde][0xfffffff0][0x14][0x1d][\n]"
10:24:15.357 [main] DEBUG com.github.dockerjava.zerodep.shaded.org.apache.hc.client5.http.wire -- http-outgoing-2 << "[0xffffffef][0xc][0xffffffab]<8[0xffffffa0][0xffffff91]K[0xffffffbc][0xffffff8d] [0xffffff95][0xffffffaf][0xfffffff3]o[0xfffffff1][0xffffffd4]yvlO[0xffffffff][0xffffff9d][0xfffffff7]'/A[0xffffffb8][0x1f][0xfffffff4]*[0xffffffab]UF[0xffffffbc][0xffffff81][0xffffff97]<<u&V[0xfffffff8]Z[0xb][0xffffffe5][0xfffffff4]e.[0xffffff94][0xffffffdd]F[0xffffffdc][0xffffffda][0xffffffc6][0xffffffdf][0x2]x[0x13][0xffffff81][0xffffffa3][0xffffff96][0x7f][0xffffff8f][0x9]z<[0xfffffffa]l[0xffffff95][0xffffffa2][0x1a][0xffffffc1]p[0xffffffdd][0xffffff97]'[0xffffffd7][0xfffffff2][0xffffffbc][0xffffffde]ea[0xffffffa6]4[0xfffffffe][0xffffffca]U+[0x1d][0xffffffa2][0x17]2[0xffffffae][0xffffffa7][0xffffffa8]*[0x14][0xffffffaf]O[0xffffffbd][0xfffffff9]H[[0xffffff8e][0xffffff9b][0xffffffb0][0xfffffff8][0xffffffea][0xffffff8d][0xffffff87]n[0xffffff85]R;[0xffffff82][0xffffffe4]0{[0xffffffa5][0xffffffc4]\Ms[0xffffffcf][0xffffff9a][0xffffffde][\r][0xffffffd7][0xffffffc4]"r[0xffffff9e][0xffffffb7]~[0xc][0xffffff87][0xffffffd6][\n]"
10:24:15.357 [main] DEBUG com.github.dockerjava.zerodep.shaded.org.apache.hc.client5.http.wire -- http-outgoing-2 << "[0xffffffba][0xffffffd7][0xffffffc8]"[0xfffffffb][0xfffffffd][0xffffffb4][0xffffffff][0xfffffff4]+[0xffffffd8][0xfffffff8]T[0xffffffc0][0xffffffe5]cp[0xffffffe1][0xffffffc3]1[0x19]B"[0xfffffff2][0xffffffac]c:[0xffffffdf][0xffffffa5][0xffffffad]FZZ[0xfffffffa][0xffffffb5][0x11][0x1e]B[0xfffffff0][0xffffffba][0xffffffc7]M XP[0x17][0x3][0xffffff84][0xffffffb8][0xfffffff0]'[0xffffffbf]u[0xfffffffd][0xffffffa7][0x0][0xffffffa3][0xffffffd2][0xffffff8d][0xfffffff1]"
10:24:15.360 [main] DEBUG com.github.dockerjava.zerodep.shaded.org.apache.hc.client5.http.wire -- http-outgoing-2 << "g[0xffffffd1]][0xffffffb3][0xffffffdd][0xffffff96][0xffffff96][0xffffffad][0xffffff93][0xfffffff3][0xffffffeb]>k[0xfffffffe][0xffffffb4]6[0xffffffe9][0xffffffb3]+[0xffffffa3][0xffffffa7]-f[0x5][0xffffffba][0xffffffba][0xffffffb9][\r][0xffffff8c]S[0xffffffba]'z[0xffffff83]j[0x1d][0xffffff8c]Q[0x3][0xffffffd8]+[0xfffffff9]-[0xffffff9f][0xffffff88](>z[0x2][0xffffffcd]o[0x7f][0xffffffcc][0x14][0xffffffc6][0xffffffc2][0xffffff99]d[0xffffff80][0xffffffff][0xffffffae]Y[0xffffffc0][0xffffffdd]VP[0xffffffd7][0xffffffd9]F2[0xffffff98][0xffffff95][0xffffffed][0xe][0xfffffff9][0xffffff93]L[0x17][0xfffffffe][0xffffffd3]e[0x6][0xffffffc3][0xffffffb2][0xffffffd5]F,[0xffffff8a]x'[0xffffffdf][0xffffff82][0xffffff9e][0xffffffaa][0xffffffc4]Hr[0x4]R[0xffffffb3][0xfffffff2][0xfffffff0].af[0xffffffb6][0x14][0x7f][0xe][0xffffffaa][0xffffffa3]$O[0xffffff81]&n[0xffffffbd][0xffffffe1]]e[0x7][0xffffff82]k[0xffffff83][0xfffffff5]q[0xffffffe1]![0xffffff85]'{E[0x7f]6[0xfffffff5]s[0xffffff91][0xffffffe3][0xffffffc6][0xffffffad][0xfffffffe][0xfffffff6][0xffffff87]y[0xffffffa4][0xfffffff3][0xfffffff4][0xffffff83]'[0xffffff82][0xffffff8e][0x3][0xffffffdc][0xffffff8d][0x1a]p3V[0xfffffffd]X[0x18][0xffffffd1][0xffffffde][0xffffffa2][0xffffffcb]9[0xe]`J[0xffffffc1][0x17][0xffffffa4]u[0xfffffff9][0x1][0xffffffd6][0xffffffa4][0xfffffff7][0xfffffff4]%[0xffffffd0][0xfffffff8]LMMUZHEm[0xfffffffc][0xffffffbc][0xffffffef]h[0xffffffe0][0xffffffa6].*[0xffffffd2]W/[0xfffffff5].}[0xffffffa3][0xffffff87]@[0xffffff9f][0xffffffc7]/[0xfffffff2][0xffffffe7][0xffffffe9]'[0xffffff8e][0xffffffd2][0xffffff8a][0x19][0xfffffffa]wC+D[0xffffffda][0xffffff98][0xfffffff1]^[0x7f][#v[0xffffff95][0x1][0xffffffcd]"[0xffffffc4][0x2][0x12][0xffffffeb]j;8[0xffffff8e][0xffffffe0]Fq[0xffffffb2]t[0xfffffff1][0xffffff89][0xffffffd4][0xffffff87]%O[0xffffffbc][0xffffffbb][0xffffff91][0x7][0xffffff94]n5[0xffffffd5][0x1]9[0xfffffffe]c[0xffffffaa][0x1]tU[0xffffffbf]G[0xffffffa0]b\[0xffffff95][0xfffffffe]X[0x1e][0x3][0xffffffb9][0xffffffc4][0xffffff99][0xffffff9c]c[0x1b][0xffffff8f][0xfffffffd]?[0xffffffb4][0xffffffb3][0xffffff85][0xffffffd5][0xffffffa2][0x10][0xffffffb1][0xffffff92][0xfffffffd][0x1d][0xffffffda]9[0xffffff86]Y[0xffffff85]N[0xffffff9f]j[0x3][0x1]:[0xffffffae][0x1f]Oy[0xffffffb1]>[0xffffff83]3[0xffffff99]I[0xffffffe6][0xf][0xffffffea][0xffffff94][0xfffffff8][0xfffffff1][0xfffffff2][0xfffffff5][0xffffffa7][0xffffffd1]+h"[0x6][0xffffffb2]y@[0xffffff98]P][0xffffffa2]1%[0xffffff81]x_[0xffffffca][0xffffff9c]M[0xffffff98][0xffffffc2][0xffffffdf][0xffffffd0][0x12][0xffffffb2][0x12])"{k[0xffffff92]"[0xfffffff0][0xffffffbd]|%[0xfffffffc][0xffffffc7][0xffffffa0]`[0xffffffe9][0xffffffc8]K[0xffffff82][0xfffffff5][0xfffffff5][0xffffffbd][0x6]h[0xfffffff7]Mffy[0x16][0xffffffdd][0xffffffcb][0x16][0x1b][0x14][0xffffffad][0xffffffc1]l[0x18]k[0xffffffd0]p[0xffffffbf]l[0x1f][0xfffffff5]9Sd[0x4]WL[0xffffffa3][0xfffffff9]Q.v[0x15][0xffffff89][0x1f]5[0xffffffda][0x17][0xffffffd7]P[0xffffffb8][0xfffffff4]7e[0x17][0xffffff8e]'[0xffffffa2][0xffffff8b][0xffffffd2]K[0x10][0xfffffff0][0xffffffba][0xffffffda][0xffffffec][0xffffffbd][0x16][0x8][0xffffffda][0xfffffff3]^[0xffffffe3][0xf]{m[0xffffff91][\r]/C[0xfffffff4][0xffffffe3][0xffffffdb]{[0x14][0x3][0xffffffe7][0xffffff91][0xffffffcb][0xffffffe3][0xc][0xffffffb5][0x16][0xfffffff2][0xffffffe4]d[0xffffffd3][0x1a][0xffffffe2][0xffffffe0][0x3][0xffffff9f]R}[0xffffff9e][0xffffff85]o[0xffffff99]X.[0xffffffba][0xffffff85][0xffffff93][0xffffffe8][0x7][0xffffffe3]}P[0xffffff84][0xffffffcf][0xffffffc5]6[0xffffffe4]5[0xffffff90][0x1d][0x13]G^A[0xffffff89]c[0xffffffa8]$[0x17][0xffffff90][0xffffffb3]^[0xffffff8d][0xffffff96][0xffffffee]%Q[0xffffff8b][0xffffffe3]~[0xffffff97]B[0xfffffffc][0x1d][0xffffff91][0x12][0xfffffffb]{TG([0xffffff81]I/B [0xffffffe5][0xffffffb9][0xffffff9f][0x7][0xffffffa7][0xffffffe2][0xffffffda][0xffffff93][0xffffffaa],m[0xffffff9c][0xffffffad]h[0x7][0xffffffff]d[0xffffffb6][0xfffffff8][0x4][0xffffff91][0xb]q[0xffffffd6][0xffffff87][0xffffffce][0xffffffd8][0xffffffb1]rW[0xffffffc0][0xffffffe7][0xffffffc3][0xffffffc3][0xffffffac][0xffffff90][0xffffffd4]p[0xffffffae][0xffffff87]}[0xffffffe3][0xffffffc0]MW[0x1d]t[0xfffffffc]F;T[0x19][0x1f][0xffffffd9][0xffffffae][0xfffffff9][0xffffff98]\H[0xfffffff2][0xffffff81]H[0x9]D[0x1e][0xffffffb7][0xe][0x14][0x9][0xffffffff][0xffffffa5][0xffffff95][0x7][0xffffffe0]R[0xffffff88];[0xfffffff0][\n]"
10:24:15.360 [main] DEBUG com.github.dockerjava.zerodep.shaded.org.apache.hc.client5.http.wire -- http-outgoing-2 << "[0xffffff9b]![0xffffffeb][0xffffffe3]BkN[0xfffffff0]bt[0x16]:[0x17]A[0xffffffa0][0x5]tV/[0xffffffab][0xffffffe1]m@[0xffffff8c]+[0xffffffe8]r[0xffffffe7]k[0xffffffff][0x1d][0xffffffba][0xffffff9e][0xffffff83]rQ'[0x1a][0xffffffe9]Z[0xffffff89]:[0xffffffc1]T[0xfffffffa]]O{![0xffffffb7]L[0x2][0xffffffff][0xb]![0xfffffff1][0xffffffef]a[0xffffffe5][0xffffffcb]LT[0xffffff9b][0xffffff87][0xffffffdf]=[0xffffffa4])[0xffffffca][0x1e][0xffffff9e][0xffffffa9].%TgA[0xc]Y[0x16][0xffffffba][0xffffff97][0xffffffd5][0xffffff82]{<[0x19][0x16]%R~[0xfffffff6]w[0xffffffe6][0xffffff93][0xffffffad]![0xffffffde]OW[0xfffffff6]Jt[0xffffffab][0xffffffba]@M[0xffffffc9][0xffffff91][0x19][0xffffffcd][0x1b][0xffffff89][0xffffffb3]8[0xfffffffa][0xfffffff5][0x14]R[0xffffffdc][0xffffffe3]9[0xffffffcd]f[0xffffffe8][0x18][0xffffffff][0xffffff82][0xfffffff6]}[0xffffffcd]c[0x10][0xffffffd9]f[0xffffffed][0xf]a[0xffffffd7][0xffffff8f]X[0xffffffdb]w[0xe]q[0xffffffdc][0xffffffbf][0xffffff9f] [0xfffffff2][0xffffffcb][0xfffffff8][0xffffffe6]<[0xffffffaf][0xffffff91][0xffffffdb][0xffffff8c][0xffffffcb]X[0xffffffb0]vFo[0xfffffff7][0xffffff9e][0xffffffd2][0xffffffb1]X[0xb]a[0xffffff90][0xffffffa6]][0xfffffffc]FQ[0xffffffb3][0xffffffb7][0xffffffba]U[0xffffffbf][0xffffffea],[0x1][0xffffffe8][0xffffff88]tF[0xffffffbe][0xffffffd2][0xfffffffd]~"[0xfffffff4][0xffffffd1][0xfffffff8] K'|2/w[0x1e][0xffffffe1][0xffffffe5][0x10]X[0xffffff80][0xffffffa8];u[0xfffffff7][0xf][0xffffffa8][0xfffffff6][0xffffffe9][0xffffff98][0xffffff96]3[0x0][0xffffffca][0xffffffa2][0xffffffc6][0xffffff89]uM[0xffffff97]i[0x2][0xffffffaf]x[0xffffffc3],[0xffffffb7]Xrg[0xffffff83][0xffffffaf]Q[0xffffffdc]4j[\r][0xffffff84][0xffffff87][0x12][0x17][0xffffffbd]e[0xffffff98][0xffffffe2]`[0xffffffa7]C[0xffffffa6]k[0xffffff84];[0xffffffd9][0x15][0xffffffef]n[0xffffffa7]U[0xffffffc0][0xffffffb7]u[0x16][0xffffffb6]a[0xffffffac]F[0x0][0xffffffc9]&K[0xffffffa0][0x11][0xfffffffc]r[0xffffffd4][0xffffffd2][0x19][0xffffff8c][0x1a][0xffffff9d][0xffffffbb]E[0xffffff80][0xffffffee][0xffffffe7][0x16]D[0xffffffce][0xffffff8c][0xffffffb3][0xffffffab]I[[0xffffffd1][0xffffffe0],[0x15][0xffffffa8][0xffffffa0][0xffffffd7][0xc]a~[0xffffffa4][0xffffffc3][0x1c]D[0xffffffc9]n%0[0xffffffef][0xffffffd1]][0xf][0xffffff8a]b'[0xffffffef][0xffffffec][0xffffffc5][0xffffffd4][0xffffffd7][0x1d][0xffffff9a][0x1a][0xffffff95][0x6][0xffffffd2][0xffffffe8]15H[0x1c][0xffffffae]Zu[0x2][0xffffffd3][0xffffffc1]![0xf]V%[0xffffffa1]qI[0xffffffab]k[0xffffffb3][0x6][0xffffffa1][0xffffffd5]Y[0x8][0xffffff8e][0x1][0x12][0xffffff9d]?[0xffffffb0]C[0xfffffffb][0x11][0x1]9[0xffffff84]x:[0xffffffe6][0xffffffa3][0xffffff81][0x8][0xffffff8c][0xffffff81]hvq[0xfffffff6][0x1d]W%BIK[0xffffff8c]j[0xffffffc0][0x8][0xffffff8e]ZK[0xffffff9b][0xffffff81][0xffffffba]I[0xffffffcf][0xffffffac][0xffffffad][0x7]NP[0xffffffc0][0xffffffd4][0xffffff89]z[0xffffffb4][0xffffffaa][0xffffffd4][0xfffffff9][0xffffff8a][0xfffffffb][0xffffffda]d>[0xffffffd6][0xffffffce][0xffffffa2]j[0xffffffe1][0xffffff8e]V[0xffffff87][0xffffff96]<[0xffffffe5][0xffffffa6]I[0xc][0xffffff9e]~%[0xffffffd2]>;L'[0xffffffbb][0xffffffea][0xffffffb6]l[0xffffffb6]L[0xffffffae]J[0x1e]M+[0xffffffdf]8[0xffffffea][0xffffffbb].2[0x5]a[0x2][0xffffff96][0xffffffff][0xffffffd8]u$[0xffffffbc]*[0xffffffd7][0xffffffe5][0xffffffd4][0xfffffff4][0xffffffc0]^[0xffffffaa][0xffffffa0][0x5][0x18]}[0xfffffff2][0xffffff90][0xf][0x1][0xffffffdc]6[0xffffff8c][0xffffffb7]:[0xffffffae][0xffffffd4][0xffffff91]b[0xffffff9b][0xffffffdf][0xffffffa4][0xffffffeb][0xffffffbd][0xffffffc4]hf[0xffffff8a][0xffffff95][0xffffffc7]7[0xffffffec][0xc][0xffffffef][0xffffff8e]Jy[0xffffffc3][0xffffffa0][0x15][0xffffffab][0xffffff93]][0xffffff82]R[0xffffffa2]tS8[0xffffffe0][0x18][0xffffffb9][0xffffff99][0xffffffcd][0xffffffb6][0xffffffcb]M[0xffffffba][0x6]p[0xffffff9c][0x1a][0x18][0x2][0xffffffc2][0xffffff8a][0xffffffb3]V![0xffffffe3]u[0xffffff87][0x12][0xffffffa1]>[0xffffff85]^[0xffffff8d][0x7f]2[0xffffffe3]Z[0xffffffd0][0xffffffcb][0xffffffc6][0x19]8[0xffffff86]'MSr@y[0x8][0xffffffc3][0xffffff87][0xffffffc6][0x4]W[0xffffff8a] ~[0xffffff9b][0xe][0xffffffe9]*[0xffffffc5][0xffffff86]%[0xffffffe1][0xffffffea][0x6][0xfffffff3][0xffffffbc][0xffffffe3][0xffffffa7]F[0xb]1[0xffffffc9]Q[0xfffffff0]R[0xffffff8e]2[0xffffffa6][0xffffffee]o[0xffffffc6]i[0xffffffaa]b[0xffffffe0][0xffffffb9][0xffffffbf][0xffffff97]w[0x7f][0x3][0xffffffca][0xfffffff5][0xffffffd4][0xffffffe9][0xffffffb0][0xffffffcb][0xffffff85][0xffffffc1][0xffffffd7]S[0x0][0xffffffd1][0x3]b[0xffffff87][0xfffffffa])`.[0xffffffc0]^[0xffffffda]O[0xffffffa5][0xe][0xffffffe1]]=[0xffffffec][0xffffffab]A5[0xffffff96]@[0xffffffc3]][0xffffffc2][0xffffffc3][0x0][0xffffffec]O[0xfffffff7][0xffffffb3][0xffffffe8][0x1e][0xffffffdc][0x17][0xffffffba][0xffffffd3][0xffffffdb]c[0xffffff8d][0xffffffb2][0x1b][0xffffffdd][0xffffffee][0xffffffde]Y[\n]"
10:24:15.360 [main] DEBUG com.github.dockerjava.zerodep.shaded.org.apache.hc.client5.http.wire -- http-outgoing-2 << "[0xfffffff6][0xfffffff0][0xffffff87][0xffffffbc][0x11][0xffffff9b]t[0xffffffcd][0xffffffdc]c3"[0xffffffa0][0x11][0xfffffff2][0x18][0xffffffb0][0xffffffa7][0xfffffffb][0xffffffc6]E$[0xffffffa0].[0xffffffdf]U[0xffffffa8][0x11][0xfffffff1][0xffffffa4]7[0xffffff8c][0xffffff9a][0xffffffaf]-f[0xffffff83][0xffffffd4][0xffffffd2]4[0x8][0xffffff85][0xc][0xffffffc9]%[0xffffffdd][0xffffff92][0xffffff81][0xffffffe7]\1*[0xffffffb2][0xffffff80]<l[0xfffffffb]O,[0xffffff9b][0xffffffe9][0x6][0xffffffde][0xffffffed][0xffffffcc]l[0xffffffac][0x6][0xffffffe2][0xffffff9b]T4[0xffffff9b][0xffffffea][0xffffffad][0xffffff81][0xffffff81][0xffffff97][0xffffffb9]2Zh[0xffffffbf][0xffffff88][0xfffffff0]][0xffffff9d][0xffffffb1][0xffffffbd]t[0xffffffe4][0xffffffc6]NT[0xffffffbc][0xffffff9e][0xffffff93][0xffffffd1][0xffffff80][0x5]1[0xffffffc7][0x8][0xffffffda],[0xfffffff7][0xffffffca][0xffffffe0][0xffffff8a]:[0xffffffd6]3[0xffffff80][0xffffffcf][0x5][0xf][0xffffffa7]([[0xffffff9d][0xffffffe7]H[\n]"
10:24:15.360 [main] DEBUG com.github.dockerjava.zerodep.shaded.org.apache.hc.client5.http.wire -- http-outgoing-2 << "[0xffffffa1][0xffffffb3]6t[0xffffff92][0x19][0xffffffc8]c[0xffffff83]?[0xffffffca]#[0x16]9[0xffffffb8][0xffffffd0]9[0xffffffa1][0xffffffd1][0xffffffaa][0xffffffbc],[0xffffffe9][0xffffffad]I[0xffffffd2]2[0xffffffdb][[0xffffffdf][0xffffffae][0xfffffff1][0xffffffc9][0xffffffa7][0xffffffc2][0xffffffcf]*[0xffffffbb][0xe][0xfffffff4]:[0xffffffd6]%[0x1]hRO[0xffffffa7]2[0x1][0xffffffd7]x[0xffffffbf][0xffffff9a][0xffffff89]h[0xffffffc6][0xfffffff1];$@[0xffffffef]*[0xffffff87]vU([0xffffffe9][0xffffffeb]HM[0xffffff81]?[0xffffffe5]J[0xffffffc7][0xffffffea][0x1f]oO[0xffffffce][0xffffffaa][0xffffffcd]FWE[0xffffffb2][0xffffff8b][0xffffff91][0x3][0xffffff81][0xffffffcd][0x12][0xffffffb2]g(AP[0x5]i[0xfffffff4][0xffffffd0]x[0xffffffd5][0xffffffcb][0x10];9[0xffffffe5]+[0xffffff83]U[0xffffff97][0x0][0x1e]X[0xffffffc3][0xffffffda]#[0xffffffb6]S[0xffffffe9]63[0xffffffbd][0xffffffc8][0x1f][0xfffffff3]K[0xffffffe2][0xffffffe8][0xffffffe5][0xfffffff7]x[0xc][0xffffffba]J[0xffffff86]r[0xffffff85][0xffffffce][0xffffffbe]}g[0x13][0x13]%[0xffffff8b]+[0xffffffe9][0xffffffbf][0xffffffa8]Lj[0xffffffdf]7[0x1f][0xffffff8b]8[0xffffff90][0xffffff92][0xfffffffd][0xffffffb5][0xffffff98]a[0xfffffff4] k[0x3][0xfffffff1]E[0xfffffff7][0xffffffd6])f[0xffffffa8][0xffffffb0]@[0xffffffd7][0xffffffd3][0xffffffdb][0xffffffbf]*[0xffffffbc][0xffffffa5]i[0xffffffe1][0xffffff81]<,GI|[0xffffffbf][0xffffffce][0xffffffa4]xw[0x8][0xffffff9c]G[0x1][0x1e]z[0xffffffa0][0xffffffdf][0xf][0x13]r[0x5][0xffffffd8][0x1][0xffffff99]D[0xfffffff8][0xffffff82][0xffffffdd]u]O[0xffffffba][0xffffff96];l&Hw[0xffffff85][0xffffff91]R[0xffffff82][0x4]w[0xffffffda]ry[0xfffffffd][0xffffffb2],[0xffffff91][0x16][0x1f][0x15][0xffffffb0][0xffffffe5]Z[0xffffffbe]^i9[0xffffffe6]ZM1G[0xffffff8b]yoL/[0xffffffcc][0xfffffff0][0x4]}][0xffffffa5][0xffffff97][0xffffffd2][0xfffffff2];[0xffffffc3][0xffffffe9][0xffffff8d][0xc]\[0x5][0xffffffc4][0xffffffc2][0xb][0xffffff90]d[0xfffffffe]YL[0xffffffcd][0xffffffc4]!_[0xfffffff4]Fmh[0xffffffe8][0x7f][0xfffffff9]<B[0xffffff90][[0xffffff87][0x4][0xffffffd4][0x3][0xffffffb1][0xffffff8b][0xffffff95]\[0xffffff9c][0x1c][0xffffffc7][0xffffffb4]]o[0xffffffed][0xb][0x13]k[0xffffffa6][0x12]dG[0xfffffff5][0xffffff93][0xfffffff3][0xc][0xffffffe9][0xffffffa8][0xfffffffc][0xffffffe9][0xffffff84]2[0xffffffca][0xffffffeb]X[0xffffffba][0xffffffab][0xffffff81];P\[0xffffffd4][0xffffffa0][0xffffffcb][0xffffffd0][0xffffffc3]RN[0xfffffff3][0xffffff86][0xffffffcc][0xfffffffc][0xffffffab][0xffffffcb][0xffffffe3][0xffffff9d][0xffffffd0][0xffffff9f][0xffffff9e]E[0xffffffa1][0xffffff96][0xffffffda]c[0xffffffbc][0xffffffa6]{[0xffffffb7][0xffffffab][0xffffffae][0xffffffb4]\[0xfffffff3][0xfffffff2][0x11][0xffffff8d][0xffffffa8]Yx[0xffffffd0]1[0xfffffffd]k[0x18]^9O[0x6]s[0xffffff87][0xffffffc2][0xffffffe1][0xffffffd1]wc[0x15][0xffffff8e]![0x18]8;Dp[0xffffffad]pe[0xffffffbf][0xffffffa2][0xffffffa4][0xffffffa2]>$/[0x18][0xffffffa2][0xffffff8d][0xffffffef][0xffffffc4]*[0xfffffff4]/uE[0xffffffda]NV[0xffffff94]P[0x1f][0x19][0x11]B[0xffffffdd]lx=[0xffffff98][\n]"
10:24:15.360 [main] DEBUG com.github.dockerjava.zerodep.shaded.org.apache.hc.client5.http.wire -- http-outgoing-2 << "[0xffffff94][0x1e][0xffffff9b][0xffffff92][0xffffff83][0xffffff8d]y[0xffffffc0][0xfffffff6]$[0xffffffb8]/[0xffffffc2][0x1f]+;[0xffffff9c][0x7][0xfffffff5][0x1d][0xffffffe5][0xffffffe3]:=V[0x13];[0xffffffec][0xffffffc4]-[0xffffffd2]+[0xffffff86]q[0xffffffb4][0xffffffa5][0xffffffc1][0xffffffa2][0xffffffb1][0xffffff95][0x10][0xffffffb4]Yen[0xffffffda][0xffffffa1][0xffffff82]5[0xffffffeb].[0xffffffeb]7Ww[0xf][0x19]n[0xc][0x1e]=\[0xfffffffd][0xffffffd5][0x11]}[0xffffffa7][0xffffffc5]>([0xffffff8f];[0xffffffe8][0xffffffdf][0x3][0xffffffb6][0xffffffed][0xffffffa9],[0xffffff99]u[0xffffffea][0xffffffee][0xfffffff7]C[0xffffffac]d[0xfffffffd]@[0xffffffc6][0xffffffd4][0xffffffa1][0x1b]z9q[0xffffffcc][0x14][0xffffffee]j[0xffffffc4][0xffffff94][0xffffffe7][0xffffffa8]2[0xffffffa2][0xffffffa1][0xfffffff2][0x18]McH[0xffffffaa][0xffffffbe]W[0x1f][0xffffff8d]Wm$j[0xffffffe0]a[0xffffffbe][0xffffff8a][0xffffffaf][0xffffff9f][0xffffffb6][0xffffff98]6[0xffffffff][\n]"
10:24:15.360 [main] DEBUG com.github.dockerjava.zerodep.shaded.org.apache.hc.client5.http.wire -- http-outgoing-2 << "x[0xffffffea][0xffffff80][0xffffffce][0x10][0xffffffd2][0x0]-[0xffffff8c]\7ta=[0x16]:[0xffffffce]U|[0xffffffa2]1~y@"}[0xffffff89][0xffffff81]*[0xffffff9d][0xffffffe2][0xffffffbf][0xffffffa8][0xffffff92][0xffffffa7][0xffffffde][0xffffff87][0xffffffc9][0xffffffaa][0x16][0xffffffe7][0xffffff8e][0x0][0xfffffff5][0x7][0x1c]yK8M2[0xffffffbc][0xffffffdb]_s[0xffffffdb][0xfffffffc]][0xffffffa1][0xfffffff4]Ap[0xffffff89]^[0x6]^g[0xffffffcf][0xffffffbe][0x17]2[0xffffff94][0xffffff8e][0xffffff86][0xffffff93][0xffffff96]q[[0xffffffc3][0x7][0x19]~e[0xffffffe3]Q[0xffffffc5][0xffffff99][0xfffffff4][0xffffff9b][0xffffffce][0xfffffff7][0xffffffa1][0xffffffb8]N[0xffffffac]f[0xffffffe5][0xffffffbe]+f[[0xffffff91][0xffffffd8]#[0x12][0xffffffd2][0xffffffdd].[0xffffffbb][0xffffffcd][0xffffffce][0xffffffac]`[0xffffffd5][0xffffffd2][0xffffff8e].Y[0xffffffde][0xfffffffd]2[0xffffffc5][0xb][0xffffffd8][0xfffffff8]F[0x7]|[0xffffff8a][0x18][0xffffffc4]g[0xffffff87]Lv[0x18]L[0xffffffd1][0xffffffaa][0xffffff8e][0xfffffff2]-[0xffffffb5][0xffffffad]W[0xffffff87]=wp[0xffffffe4]][0xffffffa6][0xffffff9f][0xffffffd2]</[0xffffffd1][0xffffffe9])[0x1]/[0x5]l[0x5][0xffffffaa][0xffffffc9]H[0xffffffb7][0xffffffbb][0xffffffc2]o[0x18][0xffffff82][0xffffffd9][0xffffff89])>[0xffffff95][0x1f]zf[0xffffffee][0xffffff85][0xfffffffd][0xffffffd3][0x2][0xfffffff2]eS[0xffffffe8][0x7f][0xffffffc3][0xffffff95]lz[0xffffff87][0xfffffff8][0xffffffea][0x1f][0xffffffb4]vk{Y[0xffffffbe][0xffffffcd]p[0x7][0xffffff83]ElE[0xf]Y[0xffffffd2]j[0xffffffa3][0xffffff8a] [0xffffffab]z[0xffffff81][0xffffff94]% [0xffffffad]G)+/T[0x13][0x0]F[0xfffffffd][0xffffffd3]"S;[0xffffff82][0xffffff9e]K[0xfffffffb];902[0xf]:d][0xffffffd1]([0xffffff95][0xffffffbe]?[0xfffffff9]==b[0xffffffa7][0xffffffc7]F[0xffffffa8][0xffffffa8][0xffffff99][0xffffff94][0xffffff9c]:V[0xfffffffa]k[0x0][0xffffff91][0xfffffff6] c[0x1a]|[0xffffffc5][0xffffffef][0xffffffe7]r0LE[0xffffffe4][0x2][0xffffff90][0xffffffc7]-[0xffffffe2][0xffffff9b][0xffffffd0]a'^"][0x17][0xe][0xffffffb2]I[0xffffffdb]L[0xfffffffb][0x1d][0xffffff9c][0x1d][0xffffffed]o[0xffffff93][0xffffffbd]N[0xffffffcb]qa[0xffffff89][0xffffffce][0xffffffc0][0x1b]&[0x2][0x1d][0xffffffe3]V[0xffffff84][0xffffffd3])=[0xfffffff0][0xffffffe4]VG[0xffffff8d][0xffffffa5][0xffffff89][0xffffffb5][0xffffffd4][0xffffffa6][0xffffffbb][0xffffffd4][0xffffffcb]}[0xffffffa4]q[0xffffff8b][0xffffffca]qa[0xffffffd8][0xffffffa7]8@![0xffffffd9]KI[0xfffffff6][0xffffff83][0xffffffa0][0xffffffcb][0xffffffeb][0xffffff8c]8U[0xffffffb5][0xe]u[0xffffff85][0xffffffd2][0xffffffd9][0xffffffee][0xffffffda][0xffffffdd][0xffffffb5]-[0xffffffb7][0xffffffc4][0x6][0xffffffbd][0xffffffee][0xffffffa0][0xffffffa5][0xffffff8d][0xfffffff6][0xffffffd8][0xffffffbb][0xffffffe9]+[0xffffffdb][0xffffffd3][0xffffffd5][0xffffffce][0x7]O[0xffffffcb][0xffffff85][0xffffffac][0xffffffbf][0xffffffbb]C[0x16]\[0xffffffc0][0xfffffffd][0xffffffb0][0xffffffcb]"#[0xffffffb3][0xffffffe4][0x18]cq6[0x9][0xffffff91][0x19][0x7f]o[0xffffffb0]L[0xffffffb3][0xfffffffa][0xffffffd0][0x7f]X[0xffffffd0][0x1a][\r]>[0x1e][0xffffffda][0xffffffa5][0xfffffffe][0x3][0xffffff9c][0xffffffc7]Ho[0xffffffe3][0xffffffec]v![0x9][0xffffffe1][0xffffffec]&[0xc][0xffffff89]L[0xf]fr[0xffffffbb][0xb]N[0xffffffb3][0xffffffad][0xffffff85][0xffffffd7][0xfffffff7][0xfffffff2]y[0xffffffc6][0xffffffd7][0xffffffe5][0xfffffff7]|[0xffffffa8][0xffffff81][0xfffffffc][0x1a]kw[0xffffffbb][0xffffffba][0xffffffa3]~3^[0xffffffbe]@[0xffffffdb][0xffffffaa][0xffffffff][0xfffffff2][0xffffffe4][0xffffffd1]p[0xffffffb7]tIb[0xffffffbe][0x6][0xffffff9e][0xfffffffe][0xffffffef]+[0xffffffae][0x9][0xffffffde][0x4][0xffffff81]W[0xffffffd0][0xffffffe9][0xffffffb9][0xffffffeb][0xfffffff6][0xffffff8f][0xffffffb0]qn[0xffffff9c][0xffffff91][0xffffffab][0xffffffeb][0xffffffc7]H@[0xffffffaf][0xffffffcb]Qd[0xffffffcf]S-ps[0xffffffad][0xffffffb1][0x13]G[0x13][0xffffffb1][0xffffff8d][0xffffffd7]g[0xffffffdd][0x0][0xffffffe2][0xfffffff6][0xffffffaf]O`34[0xffffffdb][0xffffffd3][0xffffff97]O2[0xffffff85][0xffffffa9][0xffffffb2]g[0xffffffa5][0xffffffc3][0xffffffe1]3_[0x18]1[0xfffffff5][0x4][[0x16][0xffffffdb][0xffffffea][0xffffff94][0xc]u[0xffffff88][0x1][0xffffffcf]U[0xffffffbb]Y[0x2]@[0xfffffffc][0xfffffff5]v2[0xffffffc5]e|uJ_~[0x18]<"[0xffffffae][0xffffffe8][0xffffffc3]$[0xffffffd0]L6[0xffffff88]Q[0xffffffab][0xffffffc2]w.[0xffffffa5]}[0xffffff81]i[0x4]2[0xffffffb7][0xffffffa6][0xffffffbc][0xffffffc0][0xffffffca][0x1b]]Dh[0xffffff8d][0x7][0xffffffe1][0xfffffff9]J[0xffffff9e]Z1X[0xffffffae]+#s[0xffffffc1]W[0xffffffdb][0xffffff8f]z[0xfffffff0][0x6]T[0xffffffd0][0x9]/N<[0xffffffc9][0x1b][0xffffffd9][0xffffff9b][0xffffffe0][0xffffffc9][0xfffffffa][0xffffffa5][0xfffffff3][j[0x12][0xfffffffb]6[0xffffff99][0xffffffcd]j[0xffffff8d][0xffffffef][0x15][0xffffff9d][0xffffffe2][0x1f][0xffffffdb]vM[0xffffffc8]V[0x14]S[0x1c]&@{[0xffffffbb][0xffffffb8][0xffffffbd][0xffffffb7][0xffffff90][0xffffffc8][0xffffffbe][0xffffffc5][0xffffffbf][0xffffff8a][0xffffff8d][0xffffffb8]*H{~[0xffffffbe][0xffffffa5][0xb]}[0xffffffdd]~[0x14][0xffffffdd][0x0][0xfffffff7][0x1c][0xffffffe7][0xffffffdc][0xffffffeb][0xffffffa3][0xffffffc0][0xffffff89][0xfffffffb][0xffffffe2][0xffffff8e]h[0xffffffdf][0xffffff90]{M[0xfffffff3]<[0xffffffe7]I[0x1f][0xffffff88][0xffffffe6]$[0xffffff80][0xfffffff2][0xffffff99][0xfffffff7]&s=[0xffffffb5][0xffffffbe][0xffffff90][0xffffff84]f[0xffffffe5][0x9][0xfffffff4][0x3]<[0xffffffcd][0xffffffba]dP[0xffffffbb][0xffffffd2][0x8][0xffffff8d][0xffffffd0][0xffffff86][@d[0xffffffb2][0xffffffac]y|[0xffffffed][0xffffff8b][0xfffffff6]/[0xfffffff2][0x12]y[0xffffffd6][0xffffffa5][0xffffffcf]{;0[0xffffffa6][0x15][0xffffffd5]5[0xffffffeb][0xffffff89][0xffffffb8]0[0xffffff9f]puR[0xffffffb4][0xffffffeb]_[0xffffffea][0xfffffff1]`[0xffffff82]AqV%n[0xffffffe5]/[0xffffffd7][0xffffffe9]4[0xffffffbc][0xffffff80]][0xc][0xffffffae][0xfffffff0]P[0xffffffea][\r][0xffffffaf][0xfffffff7][0xffffffdd]9[0x17][0xffffffca][0xffffffb7]X[0x1][0x14][0xffffff93][0xffffffcb]&[0xffffff8f][0xffffffee]R%V[0xffffff81][0x19]O[0x1f]r[0xffffff93]9[0xfffffffb]*[0xffffffc5][0xffffffd3]))[0xffffffa2][0xffffffeb]Y[0xffffffae][0x14][0x1c][0xffffffb3][0x1b]]Y[0x11]}[0xffffffdf][0xffffff95][0x7f][0xffffffb4][0xffffff98][0xffffffb0]'pO [\n]"
10:24:15.361 [main] DEBUG com.github.dockerjava.zerodep.shaded.org.apache.hc.client5.http.wire -- http-outgoing-2 << "[0xffffff86][0xffffffaf]&[0xffffffe1]R[[0xc][0xffffffbc][0xffffffee][0xffffff98][0x16]\%R[[0x6][0xffffffab][0xffffff8f][0xffffffaf][0x5][0xffffffb9]8[0xffffffbf][0xffffff96][0xc]O4[0xffffffd3][0x10][0xffffffa1][0xffffffd9]C)[0x8][0x11];[0xb][0xffffff80][0xffffff8f] V1[0xffffffd2]Y[0x18][0xffffffcb][0xfffffff6]&[0x16][0xfffffff0][0xffffffa8][0xffffff9a]w[0xffffffcb][0xffffffb6][0x13][0xffffff95][0xffffffdf][0xffffffed]?[0x9][0xffffffe2][0xffffffd1][0xffffffc7]C[0xffffffa0]S[0xffffffc9][0xffffffdf][0xf][0xffffffce][0xffffff8c][0xffffffc5]*[0xffffffcf]iN[0xfffffffd]t!T[0xffffffc1][0xffffffa2][0xffffffb2][0x9][0xfffffff6][0xfffffff3][0xffffffc8][0x2].O[\n]"
10:24:15.361 [main] DEBUG com.github.dockerjava.zerodep.shaded.org.apache.hc.client5.http.wire -- http-outgoing-2 << "I>[0xffffffa1]Bf[0x9][0xffffffbb] =/b[0x1e],[0xffffffe0][0xffffff9e]o[0xffffff8b][0xffffff80]u[0xffffff8a][0xffffffb7][0xffffffe8][0xffffffe4][0xffffff8f][0xffffffc7]|j#[0xffffff87][0xffffffe4][0xffffffa1]j[0xffffffb3]q[0xffffffe5]v=[0xffffffee][0x10][0xffffffce][0xffffff99][0xffffffae] [0xfffffff3][0xffffff9d][0x1d]t[0xffffff94]l[0xffffff89][0xffffffeb]S[0xffffff99][0xffffffd4][0x10][0xfffffffd][0xffffffda][0xffffff86]O2E/3[0xffffffed]\[0x8][0xffffffdb][0xffffffda][0xffffffcc][0xffffff9a][0x3]O"[0x18][0xfffffff2][0xffffffce][0xffffffac]2[0xc][0xffffff82][0xffffff9c])[0xffffff99]p[0x4][0xffffffb1][0xffffffef][0xffffff9f]o[0xffffff83]&zo3g[0xffffffbd]n[0xffffffdb][0xffffffee]\r[0xfffffffe][0xffffffe7][0x1]Q[0x14]"[0x12][0xfffffff4]![0xffffffc5],[0x9]n[0xffffff96][0xffffff8b][0xffffff94][0xffffffa1][0xffffff83]([0xffffff86]"[0xffffffa7]2[0xfffffff2]Q`[\n]"
10:24:15.361 [main] DEBUG com.github.dockerjava.zerodep.shaded.org.apache.hc.client5.http.wire -- http-outgoing-2 << "ep[0xffffffcf]j[0xffffffb7][0xffffffdd][0xffffff94]=[0xffffffaf][0xffffffef][0x15]L[0xffffffbb]l/[0x14]8[0x8]R[0xffffffb9][0xffffffad][0xffffffbf][0x1a]1[0xffffffce][0xffffffaf]>[0xffffffb9]3[0xb][0x3]u[0xffffffdb][0xffffffb3]3[0x10]%[0xffffffb0][0xffffff84]U[0xffffffd2]KL}[0xffffffab]_~[0xffffffed]e[0xfffffff0]h[0xffffffbc]4(,[0xffffffd7][0xffffff83]W[0x9]6[0xffffffe3][[0xffffffae][0xffffffb4]Q[0xffffffa2]WD[0xffffffad]?[0xffffffee][0xffffffe7]dK[0xffffffbd][0xfffffff0]][0xffffffcb][0xffffffb3][0xffffffe0][0xffffff8b][0xffffffe9]@[0xffffffa7][0xffffff85][0xffffffbe]$([0xffffffda][0xffffff8b][0xfffffffe][0xffffffc7][0xfffffffa][0xffffffd2]L[0xffffff8b][0xfffffff8]k[0xffffffca][0xffffffbc]H[0xffffffee][0xffffff99]-[0x2][0xffffff81][0xffffffa6][0xffffffc7][0x19][0x1f]Kx@[0x6]U_![0x15]3[0xfffffff7][0xffffffb7][0x5][0xffffffb8]H6[0xffffff9c]jTO[0x11][0xfffffffb]D[0x16][0xffffffa6][0xffffffe6][0xffffff83][0xffffffd6][0xffffffe1][0xfffffff8][0xffffffec][0xffffff99]([0xffffffb0][0xffffffc2][0xffffffb0][0xffffffdd][0x11][0x1][0xffffffbf]v[0xffffffdc]P[0xffffff8e]0[0xffffffc6]I"[0xffffffb4][0xffffff83][0xffffff8f]d[0x1]U[0xffffff84]I[0xffffffc8][0xffffffe5][0xffffffc4]RO+[0xffffffea][0xffffffe0][0xfffffff7][0xffffffa3][0xffffffeb]y[0x1d]8[0xffffffbc]}[0xffffffcc][0xffffffc6][0xffffffe7][0xb][0xffffffec]8[0x1]_x5[0xffffffe6]:[0xffffffbe][0x10][\r]G)[0xffffffdb][0x11][0xffffff86]Q#[0xffffff90][0xffffffa5]&[0x1]I[0xffffff88][0xfffffff4]$[0xfffffff9][0xffffffa0][0xffffff87]P[0x7f][0xffffffad][0xffffffd4]'w[0xffffffc6]%8K[0xffffffb6][0xffffffc1][0x1][0xffffffbf][0xffffffc9][0xffffffd2][0xffffffdc]c'[0xffffff99][0xffffffad][0xffffff8f][0xfffffffb][0xffffff98][0x14][0xfffffff0][0x7][0xffffffa6]wdGW[0xffffffb5]\K[0xffffffb8][0xffffffa3] [0xffffffdc]i[0xfffffff5][0xffffff9d]C[0xffffff8b]4[0xffffffc4][0xffffffe7]<~^Xw[0xffffffce]#[0xffffffda]2[0x1b][0xffffffaa][0x7f][0xffffffc4][[0x8][0xffffff9c][0x14]t[0xffffff8b][0xfffffffb][0xffffffe4][0xffffffd7]w6[0x18][0xffffffd5][0xffffffaf]lN H[0x4]%[0xffffffbb][0xffffff9a]H[0xffffffd8][0x2] [0x1d]_W[0xffffffb5]d[0xffffff80][0xffffffac][0x1][0xffffffe8][0xffffffbc][0xffffffe0][0xffffffba][0x10]o7[0xfffffff4][0x1a]<o[0xffffff89][0xffffffc2][0xffffffc7][0xffffff9c][0x8][0xffffffed][0xfffffffd]wu[0xffffffad][0xffffff91][0x1a][0xffffffc6]][0xffffffb5][0xf]d[0xffffffd9][0xffffffe1][0xffffffc6][0xffffff80]q[0xffffff84][0xffffffba][0x13][0xffffffd6][0x11][0xffffffe2][0xffffffc8][0xffffff92]I/[0xffffffc7]np[0xffffffb2][0xffffffa8][0xffffffe9][0xffffffd7][0xffffffa0][0xffffffe4][0xffffffb0]r[0xffffffa0]:[0x1c][0x1d][0xfffffff7][\n]"
10:24:15.361 [main] DEBUG com.github.dockerjava.zerodep.shaded.org.apache.hc.client5.http.wire -- http-outgoing-2 << "[0xf][0xfffffff5]`[0xffffff91][0xffffffa0][0xffffffb5][0xffffff8b][0xffffffba].[0xffffffff]es_[0xfffffff2][0xfffffff8][0xffffffd9][0xffffff9b][0x7]4[0xc][0xffffff83][[0xffffffc5][0xffffff86][0xffffff91]wgK^[0xffffffff]x[0xffffffef][0xffffffa5][0xffffffd1]@[[0xffffffcf][0xffffffc1][0xffffffd1]m[0xffffffb7]>[0xfffffff0][0xffffffd1]V[0xffffffdc][0xffffffa3]+P[0xb]@[0xffffff82][0xffffffa0]m[0xffffffaa][0xffffffec][0xffffffb6][0xfffffff5]\[0xffffffaa][0xffffffe9];}[0x18][0xffffff98][0x7f][0xfffffffc][0xfffffff2][0xffffffde][0xffffffa5][0xffffff88][0xffffff9e][0x1b][0xffffffbc][0xffffff92][0xffffffac][0x6]j[0x1c][0xe]|[0xffffffbb][0xffffffb4]jZ1[0xe][0xffffffa3]?[0xfffffff6]v@[0xfffffffc][0xffffffdb]c[0xffffffdd]0l[0xffffff9a][0xfffffffd][0xfffffff3][0xffffffc2]fTc[0xffffffa3][0x1f][0xfffffff6][0xffffffa6][0xffffffbb]lQ[0x1a][0xffffffee][0xffffffef]5[0xffffff97][0xffffffd2][0x0]#[0x16][0xffffffb9]$[0xffffffed]TH[0xfffffff3]3[0xffffff8e][0xffffffca][0x1e][0x12][0xffffffd2][0xb][0xffffffd8]b[0xffffffc9][0x1][0xffffffbd]G[0xffffffb5]/[0xe][0xffffff99][0xffffffa1]$[0x1e]>[0xffffffe1][0xffffffdf]{[\r]lZ"W:e_[0xffffff99][0x1][0xffffff8e][0xffffff9c][0xffffff8c][0xb][0xffffffde][0xffffff8b][0xffffffb4])[0xffffffc2][0x0][0xffffffac]?[0x7f][0xffffffbc]+mJ[0xffffffb3]/[0xffffffa9][0xfffffff2][0xffffffa9][0xffffffc7]Y[0xffffffb2]%[0xffffff89]D[0xffffffb0][0xffffffab][0xffffffd0]'MV[0x7]*[0xffffffaf]7[0xffffffd3][0xffffffc5]nU[0xffffffe2]/f[0xffffffee][0xffffffa0][0xffffffed]Dq[0xffffffdd][0xffffff89][0x16]H[0xfffffff5]hY[0x9]K[0xffffff90]+[0xffffff97]*[0xfffffffd][0xffffffef]a[0xffffff97]+F[0xffffffff][0x5].[0xfffffff3]<[0xffffffa9][0x9]E[0xffffff87][0xffffff97][0xffffff8a][0xffffffed][0xffffffe8]H[0xffffffd2],[0x1b][0xfffffffe][0xffffffee]s'[0x1b][0xffffffea][0xffffff9f][0xffffffd6]5[0xffffffb4]aU[0xffffffda]M[0xffffffa4][0xffffff81][0x16][0x14][0x3]A[0xffffffd5][0xffffffea][0xffffff98][0xffffffad][0xfffffff7][Nr[0xffffff9d]-[0xffffffbe]<[0x10][0xffffffa3][0xffffffe9][0xfffffff6]w[0xffffffaf][\r](@[0xffffff91][0xc][0xffffffec].[0xffffff99][0x4]h[0xffffff8d][0xffffffea]n[0xffffff8a]{y[0xffffffe1][0xffffff87][0xffffffc0]<[0x10]X[0x1d]?[0xfffffff8][0xffffffbc][0xffffffc9][0xffffffc9][0xffffff95][0xffffffea][0xffffff91][0xffffffe3][0xffffffc9]--[0x0][0x1][0x17][0xffffff9f][\n]"
10:24:15.361 [main] DEBUG com.github.dockerjava.zerodep.shaded.org.apache.hc.client5.http.wire -- http-outgoing-2 << "[0xb][0xffffffc9][0xffffff88][0xffffffcf][0xffffff9b][0xffffffda]k[0xfffffff0][0xffffffd6]Gn[0xfffffff9]t[0xffffffeb]{+|[0xffffffba][0x19]L[0xffffff8e]qK[0xb][0xffffffe4][0xffffffa2][0xffffffa2][0xffffffdd][0xffffff95]7[0xffffffa7][\n]"
10:24:15.361 [main] DEBUG com.github.dockerjava.zerodep.shaded.org.apache.hc.client5.http.wire -- http-outgoing-2 << "7[0xffffffcd][0xffffffa0][0xffffffa5]y[0xffffffa7]?[0xb][0xb][0xffffffb0]1[0xffffffda][0xffffffd1]n[0xffffff86][0xffffffe0][0xffffffbf][0x7f]a'Q[0xffffffa3][\r]th7{[0xffffffb7][0xffffff8d]A[0xffffffc0][0xfffffff9]g[0xffffffd4][0xffffffc2][0x1e]"[0xffffff96][0xffffffc3]Z;[0xffffffc6]'J[0xfffffffe][0xffffff96]b[0xffffffa7][0xffffffa1][0x15][0xffffffeb][0xffffffdf]5[0xffffffe8]Cb[0xfffffff4]-[0xffffff81][0xffffff9d][0xffffffe2][0xfffffff4][0xffffffae][0xffffffa0][0xffffffa3][0xffffffac]2[0xffffffb5][0xffffffed]V[0xffffffbe] [0x13][0xffffffe7]_3"[0xb][0xffffffce][0xfffffff5][0xfffffffb][0xffffffe3][0xf][0xffffffbc][0xfffffff6][0xffffffe1]dA[0xfffffff1]gw[0x17][0xffffffcb][0xfffffffd]\[0xffffffdb][0xffffffd0]<>[0xffffffe9]$[0xffffff9a][0xfffffff3][\n]"
10:24:15.361 [main] DEBUG com.github.dockerjava.zerodep.shaded.org.apache.hc.client5.http.wire -- http-outgoing-2 << ";[0x14]D[0xffffffb5]52;[0x7f]1[0xfffffff8][0xffffffee][0xffffffce][0xffffffa6][0xffffffae][0xffffff83][0xffffffbe][0xffffffa2]'[0x17][0xffffffcf]W.[0xffffffbe][0x10][0xffffff8a][\n]"
10:24:15.361 [main] DEBUG com.github.dockerjava.zerodep.shaded.org.apache.hc.client5.http.wire -- http-outgoing-2 << "[0xffffffae][0xffffffae][0xffffffb2][0xffffffca]E)[0xffffff9b]"[0x10][0x1d]t[0xfffffffc][0xffffffad][0xffffffa4][0xffffffc9][0xffffffa9][0xfffffffe]~4d[0xfffffffa]Gn[0xffffffca][0xffffffef][0xffffffb4]3GzrA[0xfffffffd][0xffffff8e][0xffffffac][0xffffffd2][0xffffffb4][0xffffff8a]L[0xffffffe8]4[0x14]{v[0xfffffff1]@5[0x6]L[0xffffffbf][0xffffffe7]?[0x2]i[0x14][0xffffffd7][0xffffffaa][0x3][0xffffffb9]p[0xffffffe1]a[0xfffffff9][0xffffffe1][0xffffff86][0xffffffff][0xffffff9b][0xffffff9c][0x1e][0xffffffa5]k[0xffffff90]u[0xffffffff][0xffffffd6]Y[0xffffffd4][0xffffffa6][0xffffffc4][0xffffffa4][0xffffffbd]~U[0xffffffba][0xffffff8e][0xffffffa4][0xffffff9c][0xfffffff6][0xffffffef][G[0xffffff89][0xffffffbb][0x2][0xffffff90][0xffffff8d]DT[0xfffffff1][0xffffff8b]B[0xffffffb1][0xfffffffc][0xffffffcf]$[0xffffff83][0xffffffa4][0xffffff9a][\r]ev{;i-[0xffffff8e]\[0x9]"[0xffffffd4][0x7][0xffffffae][0xfffffffe][0xffffff93]4 5[0x8][0x6][0xffffffd1][0xffffffec][0x14][0x8][0xffffffc7][0xffffffd5][0x10][0xffffffc9][0x1b][0xffffff94][0xffffffe2][0xffffffdf][0x2][0xffffff9a][0xffffffb8][0xffffffc9][0xffffffe1][0x13][0xfffffff0]H[0xe][\r][0x7f][0xffffff9f][0xffffff98][0xfffffff5]>[0xffffff84][0x12][0xfffffffd][0xfffffff5]mI[0xffffffdc]<[0xfffffff4][0xffffffad]4[0xffffffb3]5{1[0xffffffc8][0xffffffd2][0xffffffdd][0x1f][0xffffffa6]g[0xffffffd3]j[0xffffff8b][0x1c][0xffffffdc][0xffffffeb][0xffffffa3][0xffffffcc][0x5][0xffffffc6][0xffffff9e][0xffffffb8]([0xffffffca][0xfffffff4]K+[0xffffffae][0xffffffbd][0xffffff9f][0xffffff84][0xffffff91][0xffffff8c][0xffffffcb][0xfffffff4]:[0xffffffac][0xfffffffa][0xffffffdb]%[0xfffffff3][0x2]t}[0x13][0xffffffd4][0xfffffff7][0xffffffef][0xffffffce][0xffffffdd][0xffffff9c][0xffffffa9][0x11][0xffffffa6][0xffffffe5][0xffffffa7][0xffffff9a][0xfffffff4][0x4]MH[0xc][0xffffffec]u[0xffffffd6][0xffffffee]([0xffffffb1][0xffffffe0]J[0xffffff93][0xffffffac]][0xffffff8a]\*[0x1a][0x5][0xffffffaa][0xffffff93][0xffffffc8][0x1][0xffffff87][0xffffffc3][0xffffffc0][0xffffffa1]<[0x7f][0xfffffff6][0xffffffc6]#:[0xffffffba]=u[0x1d][0xffffffc4][0xffffff9f][0xffffffc0][0xffffffb7]0-[0xffffffe6]F[0xffffffe4][0xffffff9d]k[0xfffffff1][0xfffffffb]S[0xffffff8b][0x15][0xffffffc8]"[0xffffffeb]hg`[0xffffffa0][0xffffffa8][0xffffffe2][0xffffffeb][0xffffffef][0xffffffde][0xffffffa2][0xfffffffe][0xffffffe1]<G[0xffffffdd][0x14]B[0xffffffdd][0xffffffbf][0xffffffc4][0xffffffac][0xffffff87][0xffffff98][0xffffff9b][0xffffffff]H=[0xffffff99]@[0xffffff92]v[0xffffff91][0xffffffb1][0xffffffa0][0xffffffdb][0xe][0x18]3[0xffffff92][0xffffffe4][0xffffff98][0xffffff96][0xffffffeb][0xffffffb2]2|[0xfffffff4][0xffffff80]EH[0xffffff91]!=6[0xffffffc2][0xffffffcb],m[0xffffff88][0xfffffffa]c[0x15]S"[0xfffffff4]m[0xffffff96][0xffffff80]C[0xffffffa2][0xffffff97]Sb[0xffffffbf]p[0x14][0xfffffffc]W[0xffffffe6][0xfffffffa][0xffffffa7][0xffffffe2][0xffffff8f]a<S[0xfffffff0]F[0xffffffd3]JJ[0xffffffd3][0x1f][0xffffffdb][0xffffffa5]f[0x0]EEh"[0xffffffd4][0x1b][0xffffffb5][0xffffffb3]O[0xffffff9d][0xffffffe0][0xfffffffa][0xfffffff5]:[0xffffffdd][0xffffffbc][0xffffffd6])d{u[0xffffffa8][0xffffffc0][0xffffff9a]1H,[0xffffffa6]c$[0x1e][0xffffffde][0x0][0xffffff89][0xffffff84]O#[0x17][0xffffffb5][[0x8]5E[0xfffffffc][0x17][0xffffff95][0xfffffffe][0xffffffef]ik0[0xffffffee][0xffffff91][0xe][0xffffff94][0xfffffff0]>[0xffffffb6][0xffffffca][0x19][0xffffffa1]Jy5u%[0xfffffffe]Y[0xffffffbf][0x1d][0xffffff83][0xffffffa3]q[0xffffffbf][0xfffffff4][0xffffffc5][0xffffffdb][0xffffffb3]m[0xffffffa1]vuv[0xffffff9e][0x5][0xfffffffb][0xffffffc7]r[0xffffffec]J[0xffffffeb][0xffffff80]4[0x1a]z[0x15]T,[0xffffff84][0xffffffa1][0xffffff9e][\n]"
10:24:15.361 [main] DEBUG com.github.dockerjava.zerodep.shaded.org.apache.hc.client5.http.wire -- http-outgoing-2 << "8[0x19][0x1b]hr=[0xfffffffb][0xffffffac]m[0xffffffbc][0xfffffff9][0x1b][0xfffffff9]8[0xffffffa8][0xffffffdc][0xffffffa9][0xffffff9b]a<[0xffffffcf][0x1a][0xfffffff6]tTJ`[0xffffffba][0xffffffab]l[0xffffff99]w[0x1e][0xfffffffa][0xffffffc8][0xffffff91][0xfffffff5]p[0xffffff9e][0x4][0xffffff96][0xffffffa4]g[0xfffffff9][0x0][\r]\s[0x13][0x1c][0xffffffa5][0xffffffc3][0x8][0xffffff91][0xffffff88][0xfffffff1]z[0xffffff8a]B[0xffffffcb][0xffffffd4][0x8][0xffffff94][0xffffffbc][0xffffffe0]Zq[0xffffffd7]h[0xe][0xffffff84]xI[0x17]+[0x1b][0xffffffe3][0x13][0xffffff81][0xffffff93][0xffffffa0]R;3[0xffffff9d]hdP[0xffffffb5]}[0xffffffd0]4[0xffffffe4][0xffffff81][0xffffffc1][0xffffffd6][0xffffffd3]E>w[0xffffffe7][0x5][0xffffffcb]v[0x16]&F[0xffffffaa][0xffffffd9][0xffffffd0][0xffffffbd][0xffffff8a]*[0xffffffee][0xffffff84][0xffffff8c][0xffffff9d][0xffffffc3]b-[0xffffffeb][0xfffffff1][0x2][0x1d][0xffffffe1]y>[0x6][0xffffffae][0xffffff84][0xffffff99]ErwE[0xffffffb0]v[0x14][0x8][0xb]$F?[0xffffffb6]FFm[0x1d][0xffffff8a]3[0x14]jd[0xffffff97][0xffffffd5]9I[0xffffff9b]}[0xffffffaa]"[0xffffffea]r[0x3][0xffffffa2][0xf][0xffffffa4]*[0xffffffd7][0xffffffa1]C[0xfffffffe]B[0xffffffd6][0xffffffcc]3[0x17][0xffffffdb]Z|[0xffffffde]?k[0xfffffff9][0xffffffcd][0xffffff94]2E$[0x9]#[0xffffffe5]^[0xffffffa9]![0x14]_[0xf]J%[0xfffffffd][0xffffffae]P[0xfffffffb]?[0xffffffde]#[0xb][0xffffffb8]@[0xffffff8a][0x2][0xf][0xffffffe7][0xffffffdf][0xffffffcf][0xffffffd8][0x19][0xffffffde][0xffffff8d][0x19]:/[0xffffffce][0xffffffa2][0xfffffffe][0x16][0xffffffc6][0xffffffc7]OP[0xffffffb7][0xffffff93][0xfffffff0][0xffffffe1][0xffffff8f]x[0xffffff9d][0xffffff9e][0xffffffbd][0xffffff9c][0xffffff8f][0xfffffff7][0xffffffa9][0xffffff94][0xfffffffb]>[0xffffffd7]O[0xffffffba][0xffffffab]s[0xffffffc0][0xffffffab][0xffffffe7][0xffffff88][0xffffff90]G[0xffffffc9][0xffffffd9][0xffffffd6][0xffffffb5][0x18][0xfffffffb]ti[0xffffff9a][0xffffffc3]k_[0xffffffd0][0x5][0x12][0xffffffb1][0xffffff96][0xffffffec][0xffffff93][0xffffffc5]IHX[0xffffffbf]J[0xfffffffc][0xffffffa2]7[0xffffffb5]%7$c$[0xffffffc7][0xffffffac]J[0xffffffac]8[0xffffffc4]I[0xfffffff2]+[0xffffff9d]6[0xffffffac][0xffffffa2])QPK[0xffffffb9]ptn[0xffffffd5][0xffffffe6]x/`[0xfffffff4][0x3][0xffffffed][0x7f][0xfffffff4]LbA[0xffffffd2][0xffffffe7][ 8[0x8][0x12]H[0xffffffb2][0xffffff80]\[0xffffffda][0xffffffc0]:I[0xffffffaf][0xffffffb7][0xffffffc6][0x1b][0xffffffa1][0x19][0xfffffffb][0x19]UNV[0xffffff8d][0xffffffda][0xffffffd2][0xffffffac][0xffffff85][0x10][0xffffffef]P!S[0x16]|[0x14][0xffffffa9][0xffffffa2]SF[0x1f]*"[0xfffffff1]oP[0xffffffb6][0xffffffdd][0xffffff96]_[0xffffff87]E[0xffffff9d][0xffffffcd]Wu[0xffffffb0][0xffffffa4][0xffffffd0][0xffffffe9][0xfffffffa]^[0xffffffa9][0xfffffff2][0xffffffbb][0xffffffcd]y[0xffffff85][0x6][0xc][0xffffffa2][0xffffffc2]j[0xffffffef]s[0xffffffe7][0xffffff88]c[0xffffffc8][0xffffffe9][0xffffffaa]3[0xffffff80][0xffffffa4][0xffffff8e]e[0xffffffb2][0xffffffe6][0xffffffeb]M[0x1f][0xffffffa8][0xffffffe3][0xffffffae][0xffffffb2][0xffffffe9]u[0xffffff8e][\r]<q[0x1b]t[0x17]O[0x1d][0xffffffa4][0xffffffed][0xffffffa0][0xffffffa6][0x9][0xffffffbe]U[0xfffffff7][0xffffffb8]e[0xffffff9a]?[0xffffffee]3[0xfffffff6]Y[0xffffff83]`}OF[0xffffffd3]Og[0x15]z@[0xffffffea]xU[[0xffffffb5][0x4]1[0xfffffffd][0x14][0xffffffb3][0xffffff9b][0xffffffcd]Q[0xffffffaa][0xb][0xffffffa5][0xffffffaf]X[0x8]|[0xfffffff8][0xe]uVt5t[0xffffff82]Y[0x4]L[0xffffffb3]A[0xfffffffb][0xffffff83][0xe][0xffffff99]M[0xffffffa0][0xffffffc4][0xffffff8e]8uF[0xffffffa6]/[0x11]"[0xffffff9b]/'<[0xffffffa6][0xffffffd2]UJ[0x18][0xffffffd9][0xffffffd4][0xffffff9c][0x7]\[0xffffffc3][0xffffffa8][0xffffffc2]-r[0x1c][0xffffffde]ym[0xffffffbc]|[0xfffffff5][0xffffffbf][0xffffffe8]}[0xffffff96]>[0xffffffd1]i[\n]"
10:24:15.361 [main] DEBUG com.github.dockerjava.zerodep.shaded.org.apache.hc.client5.http.wire -- http-outgoing-2 << "[0xffffffe4][0xffffff9f]Q[0xffffffef]D[0x1b][0xfffffff3][0xffffff84]J[0x7f][0xffffffa7]bI[0xffffffac][0xffffffce][0xfffffff1][0xffffffa2]Y[0xffffffe5][0x19]B[0xffffffe5][0xffffffe1]jF[0xc]_r[0xffffff8e][0xffffffd0][0x14][0xffffffcb][0x7]_0o#o[0xffffffa8][0xffffffcd][0xffffff9c]n[0xffffffad][0xffffffea]c[0xffffff95]T [0xffffff97][0xffffff8a]RV[0xffffffbf][0xffffff86][0xffffffa6]WHY[0xffffff94]vn[0xffffffe4][0xfffffff4]s[0xffffffaf][0xffffffd6]{+[0xffffffcb]K[0x13]Je[0xffffff8d][0x1][g[0xffffff92][0xfffffffe][0xffffffa9][0xfffffff0][0xffffffd6][0x3][0x1c][0xffffffcd]Z[0x13][0xfffffff8][0xffffff80];[\n]"
10:24:15.361 [main] DEBUG com.github.dockerjava.zerodep.shaded.org.apache.hc.client5.http.wire -- http-outgoing-2 << "[0xffffffac]E[0xffffffe5][0x17][0xf],[0xffffff96][0xffffffba]*[0x1].[0x7] =Z}r3qZ`[0xffffff87]\s[0xffffffa9]r[0xffffff88][0xffffffea][0xffffffe4]A[0xffffff8a]n[0xffffffe6][0xffffff9d]\[0xffffffcb][0xffffffae]W.[0xffffffd1][0xfffffff6][0xffffffe3][0xffffffe0]&[0xffffffb7][0xffffff8c][0xffffff95][0xffffffe0][0xfffffffd]q[0xffffff8a][0xffffffd2][0xe][0xffffffad]0[0xffffffb5][0xffffffdb][0xffffffa2]}[0xffffffad][0xffffffb7]E[0xffffffc8]J[0xffffffb6]e[0x1e][0xffffffb2][0xfffffff7][0xc]K[0xffffff95][0xffffffcf]uz[0xffffffe2][0xffffffab]l[0xffffffc5][0xffffff9c][0xffffff95]$[0xffffff9f][0xffffff98][0xffffff9a][0xffffff90];f[0xffffffc1]9D[0xffffff84]zC[0xffffffa2].[0xffffffa8]~1[0xb][0xffffffee]6[0xffffffe2][0xffffff8f][0xffffffac][0x1c][0xffffffd6]V[0xb][0xffffff8b][0x7f]L[0xffffffd4]u[0xffffffff][0xffffff8a]a[0xfffffffb][0x12])[0xffffff82][0x6][0xffffff93]PL[0x7][0x1d][0xffffff9f]I?[0xffffffc4][0xffffffad] Y)@[0x1e][0xffffffd5][0xffffffdd][0xffffff96][0xffffffd8][0xffffffe4]lA[\r][0xffffffcc][0xffffffb0][0xfffffff3]Z!C[0x4][0xffffff88][0xffffff9a][0xffffffb5]Y[0xffffffc7]<[0xffffffd1]\[0xffffffe7][0xffffff9f][0xffffffa9][0x1c][0xffffffc0][0x5][0xffffffbe]5[0xffffffb6][0xffffffba][0xffffffa3]x[0x1e]'\[0xffffff80]{[0xffffffbb]7[0xffffffd1][0xffffffca]/C[0xffffffe5]t[0x6][0xffffffcc][0x12]\[0xffffff81]t2*H[0xffffffe9]"[0x1c][0x3][0x6][0xfffffffd][0xffffffbf][0xe][0xffffffe2]_[0xffffffde][0xffffffa2][0xffffffc8]!l[0xfffffffd][0xffffff8c][0xffffffdb][0xc]OJp[0x11]N[0xfffffff3][0xffffffde][0xfffffff0][0xfffffff9][0xfffffffb][0xffffffbf]sT[0xffffffac]nSm[0xffffffcb]z`[0xfffffff3][0xffffffca]2[0xffffff9d][0x13]t[0xffffffb8][0xffffffd5][0x1c]a[0x1c][0x7f][0xffffffb3][0xffffffe5][0xffffffc1][0xffffff89][0xffffffeb][0xffffffad][0xffffffd8][0xffffffab]B[0xffffff83][0xffffff98][[0xffffffc1][0xffffff98][0xffffffe7]ZqN[0xfffffff8][0x6][0x1a][0xffffffdb][0xffffffd7][0xffffffe7][0xfffffff8][0xffffffb9][0xfffffff0][0xffffffb2]fY[0xffffffeb]RX[0xfffffff1][0xffffff97]u[0x17][0xfffffffb]gGh6[0xffffffe2]N[0xffffffb2]9[0xffffffaf]&&[0xffffff97][0xffffffa8]`[0xffffff83]5[0xffffffe6][0xfffffffc][0xffffffe1][0x1a]Gq[0xffffffd6][0xffffffbc][0xffffff97][0xffffffcf][0xf][0xffffffe9]h|[0xffffffd2][0x9]I[0xffffffa2][0xffffff97][0xfffffff9]%[0xffffffaa][0xffffff93]P[0xffffffd6][0xffffffaa][0xffffffab]O[0xffffffef][0x11][0xffffffc3][0x5]W[0xffffffda]X[0x15]I[0xffffffcb][0xffffff84][0xffffff98][0xffffffac]U[0x2][0xfffffffc]r[0xffffffa3][0xffffffbe][0xffffffda][0xffffff87]O[0xffffffb4] }[0xffffffb7][0xffffff96][0xffffffa2][0xfffffff1]Q[0xffffffcc][0xfffffffc][0xffffffd7][0xffffffd1][0xffffff8c][0xffffff83][0xffffff9d][0xc]>L$<[0xffffffd1][0xffffffd7]#[0xffffffdc][0xffffffef][0xffffffe3][0xfffffffe][0xffffff8a][0x15]X[0xffffffe4];i3[0xffffffd1][0x6][0xffffffc2][0xffffffb7][0xffffffbd]7.K[0xffffffb6][0xffffff8a][0xffffffd4][0x11][0xffffffe7]K^[0xffffff95][0xffffffce][0xffffff81]@[0xffffff9f]n[0x1c][0xffffffaf][0xffffffc1]R[0x1e]W[0xffffffdf][0x1d][0xfffffff6]lu[0x1f][0xffffff80]7[0xffffff9d][0x18]$[0xffffffd3]uW [0xffffffcb][0xffffffbc]bv[0xffffffb6]r[0xffffff81][0xffffff80][0xffffffb8]z[0xffffffd0][0x3][0xffffffc4][0xffffffe2][0xffffffb0]2[0xe]7b[0xffffffcd]Z[0xffffffbb][0xffffff95]L?[0xffffff98]SV[0xffffffcf][0xffffff82]|4[0xffffffee]d[0xffffff99][0xffffffce][0xffffff9e]O[0xffffffc7][0xf][0xffffff91][0xffffffe9]T3s[0xffffffcf][0x1c][0xffffffa2][0xffffffe1]|Fa&[0x17][0xffffff9d]U^[0x6][0xffffff90][0x6][0xffffffa4][0xffffffec][0x1c]m[0xffffffb7][0x19][0xffffffb1]{J[0xffffffde][0xffffffe8][0xffffffaf]N[0xffffffea]Ne[0xffffffb4][0xffffffd1]D[0xfffffff3][0x18][0xffffff8a]U[0xffffffc4]n[0xffffffed][0xb][0xffffffcd][0xffffff9d][0xffffffb6][0x6]4%[0xffffffc0]NZ[0xfffffff4])S'0[0xffffffe2][0xffffff96][0xffffffed][0xffffff8a][0x4][0xffffff90][0xffffffc6][0xffffff83][0x8][0xffffffcc][0xfffffff3]r=r[0xffffffbf][0xffffffa8][0xffffffb6]~[0xfffffff0]M[0x10][0xffffffea]Rg;[0xffffff9e]R`[0xffffffe7]B[0xfffffff8][0xffffffc2][0xffffffd5][0xffffffc3]B[0xfffffff2][0xffffffdd][0xffffff88][0xffffff9b]|[0xfffffffe][0xffffffe9][0x17]w[0xffffff84][0xffffffbe][0xffffffa8][0xffffffff]^`v[0xffffff8f][0xffffffd6][0xffffffa0][0xffffffa3][0xffffffc5][0x1e]p[0xffffffbd][0xffffffd2][0x1e][0xffffffc0][0xffffffbe][0xffffff9b][0x1c]_[0xffffff85][0xfffffffe][0xffffffad]F[0xffffffa0][0x6]f[0xffffffb1][0xffffffed][0x16][0xffffffb5][0x12][0xffffff95][0xffffff9b][0xffffffad]u$Mz[0xffffffbb][0xfffffff3][0xffffffed][0x17][0x1f][0xfffffffd][0xffffffdc]T[0xffffff89][0x6][0xfffffffb]C[0xffffffac][0xffffffb5]B[0xffffff8c][0xffffff96]-[0x8][0x1f][0xffffffed]O[0x1e][0xffffffea][0xfffffffe][0xffffffcb]F=X[0x12][0xffffffec]9,B(TI[0xffffff89][0xfffffffe]V[0x18]gq[0xffffff96][0xffffff8e][0xffffffb0]g[0xffffffd4][0x1][0xffffffdb][0xffffff99][0x12]}[0xffffffa9]:H[0xffffffc5][0xffffffbf][0xffffffd5][0xfffffff6]Y[0xffffffd1][0xffffffd3][0xffffffd9]S[0xffffff92][0x1d]{p[0x4][0xffffff86]g[0xffffffc2]z[0xffffffe4][0xb][0xffffff91][0x4]M[0xfffffff0]D[0xfffffff7][0xffffff8d][0xffffffc7]%O.9[0xffffffa2][0xffffffbb]R[0xffffffba][0xffffffbb]|[0xffffffee][0x1b]H[0xfffffff4][0xffffff86][0xffffff8e][0x11]b@[0xffffffa5][0xf][0xffffffb9][0xfffffff1][0xffffff9c][0xffffffb3][0xffffffd3]A[0x12]([0xffffffed][0xfffffff7][0xffffff93][0xfffffffd][0xfffffffb][0xffffffc2]([0xffffffd7][0x2][0xffffffc5][0x7]G[0xffffffb7]E[0xffffffda][0xffffffc0]+}[0xffffff84]c}"[0xfffffffa][0xffffffa3][0xffffffc6][0x0][0xffffff95][0xffffffc2]^[0xffffffc5]Y[0xffffffe3][0xffffffc3][0xffffffe5]4v[0xffffff85][0xffffff9e][0xffffffaa]Yt[0xffffffd3]2[0xffffffac][0xffffff94][0x1c]^.l[0x1a][0xffffff84][0xffffff91][0x5][0xffffffb1][0x7][0xffffff8c][0x12][0xffffffb1]zg[0xfffffff5][0x1d]YX[0xffffffc2][0x19][0xffffffbe][0xffffffe8]Lg[0xffffffc0][0xffffffd7][0xffffffe6][0xffffffee][0xffffffd2][0xffffffb5][0xffffff8f][0xffffff96].[0xffffff9a][0xf][0xffffffa1][0xb][0x0]e'Cs^[0x11][\r]U[0xfffffffc][0x1e][0xffffffdc][0xfffffffb]][0xfffffff6]#[0xffffffe0][0xffffffb6];JP][0xffffffbf][0xffffff8a][0xffffffe9][0x13]A[0xffffffef]hp[0xffffffbd][0xffffffd0]<[0xffffffa7]~[0xffffffde][0x17]u[0xffffffdd][0xfffffff8][0xffffffe9][0xffffffba][0xffffffe5][0xffffffe2][0xffffffe4][0xfffffffd][0xffffff85]P[0xffffffbc][0xffffff9e][0xffffff88]l[0xffffffcc][0x17][0xffffffbd][0x18][0xffffffdc][0xffffff8f]=[0xffffffe2][0xffffffae]G[0x1d][0xffffffbd][0xffffffe6][0xffffffb4][0xffffff86][0xffffffc3][0xffffffbe]}[0xffffffe2][0xffffffbd]h[0x1][0x1e]Y[0xffffffac][0xffffff81]l[0xffffffc1][0xffffff84]q[0xffffffc6].\[0xffffffee][0xffffffe6]Z8[0xfffffff6][0xffffff85][0xffffff8c][0xfffffffb]][0xffffffa9][0x1b][0xffffffe7][0xffffff80]F[0xffffff94][0xffffffe1]5y[0xffffff9d][0x13][0xffffffb0]7[0xffffffc7][0xffffff85]O8[0x14][0xffffffa6]}[0xffffffba][0xffffffd4][0xfffffff1][0xffffffd1][0xffffffa9][0xffffffb7]G[0xffffffeb]F[0xffffff90]6P[0xffffff98][0x0]z[0x7f][0xffffffc1][0xffffffc5][0xffffffcd][0xffffffae][0xffffffa7][0xffffffb3][0xffffffb7][0xffffffdb][0xffffffcc]\{[0xffffffc2]p[0xffffffcd]z[0xffffffaf][0xffffffb6][0xfffffff9]#[0xffffff8b][0xfffffff5]:[0xffffffe8][0xffffffee][0xffffffd1]l[0xffffffb1][0xffffffe7][0xffffffd0]F[0xffffffa5]"[0xffffff82][0xffffffc6][0xffffffa5][0xffffffc0]+[0xffffffd0][0xffffffab][0xffffffa6][0xffffff9f][0xffffffb0][0xffffffc3][0xfffffff7]=~1Y[0xffffffeb][0xffffffaf][0xffffffa1][0xffffff8f][0xffffffb7][0xffffffc9]r[0x7][0xffffffec][0xfffffff1][0xfffffff0][0xffffffb2][0xffffffb5][0x16][0xffffffc6][0xffffffe5]w[0xffffffe6][0xffffffe2]h_l[0xffffffad][0xffffffd8]S[0xffffffea]s [0xffffffc3]R=s[0x6]O[0xfffffff3]"[0xffffffdf][0xffffffff][\r][0x1b]`[0xffffffdd][0x4][0xffffffc3][0x17]Oc[0xffffffab]>[0xffffff9b]3[0xffffffb6]V&[0x1a][0xfffffffd][0x0][0xffffffbb]E[0x9][0xffffff8b][0xb][0xffffffa5]J[0xffffffce]yt[0x1f][0xffffffb5][0xe]e[0xffffffeb][0xffffffe7][0xffffffb0]8[0xffffff84][0xffffffa7]M[0xfffffff8]cH[0xf]D[0xffffffd2][0xffffffe0]e[0xffffffde][0xffffff82][0xffffffd6][0xffffffed][0xffffffc5]][0xffffffd3]4`[0xffffff93]*R[0xffffff91][0x9]4&&t[0x18]>[0xffffffdc][0xffffffc0][0x6][0xc]q[0xffffffdb]([0xffffff9f]sB[0xfffffff6][0xffffffc7][0xffffffc1][0xc]\<>c)[0xffffffed][0xfffffffe][0xffffffbd]J[0xffffffdf][0xfffffff0][0xffffff83][0xffffffd7][0xffffffc6][0xffffffe8]Yr[0xffffffac][0xffffffe1][0xffffffa3][0xffffffa0][0xffffff89]Wj[0xffffffc6][0xffffffc4][0xffffffcd][0xffffff96]dLK[0xffffffcf][0xffffff9f][0xffffffa1][0xffffffb2]^<[0x1d][0xffffffc7][0x1a]e[0xffffffd4]T[0xffffff81][0x9]lY[0xffffffb3][0xffffffee][0x5]$[0xfffffff9][0xffffffce]]v[0xffffffa5][0xffffffc4](b[0xfffffffe][0xffffffbe]+?[0x0][0xffffffcd][0xffffffcf]*ol[0xffffff9d]7[0xf]<[0x7][0xffffff8d]|[0xffffffa8][0x1f][0x5][0xffffffe1][0xffffffeb]-[0xffffff80][0xfffffff9][0xffffffba]wE[0xffffffc4][0xffffff82]f[0xffffffea][0xffffffb8]F[0xffffff91][0xffffffef][0xfffffff6]y`D[0xffffffd5]T[0xffffffd8][0xffffffcf][0xffffff8c]Q[0xffffff9e]L[0xffffffb4][0xffffffcd]x[0xffffffc8][0xffffffdf][0xffffffb0]o[0xffffffa2][0xffffffbd][0xfffffff4][0xffffffea][0xffffff8b]\[0xffffff8b][0xffffffdc][0x0][0xffffffd1][0xffffff84]Ue[0xffffffd4][0xffffffa1]\[0xffffff9f]][0x1c]1[0xfffffff1][0xffffff8d][0x1a][0xffffffa3]_[0xffffffe0][0xffffff8f][0xffffffea][0xffffffb7]'[0xffffff9e][0xffffffd7]6[0xffffffc9]![0xffffffc1][0x4][0xffffff94]7[0xffffffbe]w"[0xffffffc0][0xffffff8d][0xffffffc8]ga[0xffffffda][0x11][0xffffff87][0xfffffffa]0[0xffffffe4][0xffffffea]W[\r]9[0xffffff96][0x1a]J[0x7][0xffffffab][0xffffff9f]/[0xffffffee][0xffffff9a][0xffffffd5][0xffffffec][0xfffffff0][0xffffffe9][0xffffffeb][0xffffffc3][0x1d][0x17]?[0xffffffa3]!T\[0x5][0xffffff99][0x13][0xffffff91][0xffffff9b][0x1a]o[0xffffffb9][0x14][0xfffffff4][0xffffffde][0xffffffee][0x11][0xb][0x12][0x2]8}[0xffffff8e][\r]'][0xffffffbb][0xfffffff0][0xffffffad][0x1b]"[0xffffffa1]c[0xffffffbb];c[0xffffff87]][0xfffffffd]$42[0x7][0xffffff98][0xffffffde][0xffffffff][0xffffffb9][0xffffffe1][0x11][0xffffffd8][0xffffffb6][0xffffffa0][0x16]xy[0xffffff83][0x1a][0xffffffac][0x14][0xffffffe8]\_$.[0x15][0xffffff9d]B1[0xffffffc7][0x2][0xf][0xffffff84][0xffffff9f][0xffffff93][0xffffffdb]Vu[0xffffffa3][0x12][0xffffffe0][0xffffff85]wG[0xffffffc6][0xffffffd6]=y[0x1]%[0xfffffff1]y[0xffffff92][0xffffff84][0x8][0xffffffb2]W[0xfffffffb][0xffffff93][0xffffff93][0xffffff84]3H[0xffffff98]\[0xffffff8e]8[0x5]q[0xffffff86][0x7]iL[0xffffff9b][0xffffffa1][0x6]Z[0xffffffe5]Z[0xffffffaa][0xffffffd2][0x9][0xffffffff][0xffffffa6][0x1d][0xffffff99][0xffffffac][0xffffffad] [0xffffffbe]h[0x6]>q$[0xffffff8d][0xffffffeb][0xfffffff7][0xffffffc0]@I8[0xffffffd6]:[0xffffffae][0xfffffffb]K[0xfffffff7][0xffffff9c]J[0xffffff80][0xffffffda]yr[0xffffffba][0xffffff86]|[0xffffffe8][0xffffffc1]b.[0xffffffcd][0xffffff9c][0xffffffbc][0xffffffc0][0xffffffdf][0x7f][0xffffff88]C[0xfffffff6]$[0xffffff84]|\o[0xffffffe5])[0x14][0xffffff98][0xfffffff1][0xffffffec][0x1b][0xffffffe6]w[0xffffffe5][0x6][0xffffffe0]Y[0xffffffda]F[0xffffffbd][0xffffff9b][0x1e][0x18][0xffffffa1][0xffffffd5][0xffffffe9]=i[0x8][0x17][0x1f]d[0xffffffcb][0x8]p[0xffffffe7]PA[0xffffff8b]S[0xffffff92][0x7f][0xfffffff9]4[0x1c][0x1c][0xffffffd3][0xfffffff3]d[0xffffffb1][0xffffffd2][0xffffffca]L[0xffffff83]n[0xffffff8e][0x18][0xffffff86][0xffffffed][0x7]"[0x19][0xe][0xfffffff1](+[0xffffffd0]tN[0x2][0xe]h[0xffffff95][0xfffffffa]Vp[0xffffff85][0x12]dL[0xffffffae]n9[0xffffffd9]=[0xffffffc4][0xffffff93]z[0x1d][0xffffffc5]J)n[0xffffff91][0xffffff97][0xfffffffb][0xffffff86][0xffffff9a]]#x[0xffffff83][0xffffff84]/[0xffffffad]r[0xffffffe9][0xffffff96]y[0x7f]6))[0x1][0xfffffffd][0xffffffac][0x7f][0xffffffd9][0xffffffee]o~[0xffffffa0][0xffffff91][0x1b]U[0xffffffe7][0x19]z[0x1b]8"x[0xffffff89][0x9][0xfffffff2][0xffffffab]z[0xffffffbb][0xffffff9a][0xfffffff7][0x1a]="[0xfffffff1]W[0xffffffca][0xffffffcf][0xfffffff5]\[0x4]`[0x11][0xffffff92][0xe][0xffffff97][0xfffffff8][0xffffffad][0xffffffcf])[0xffffffe6][0xffffffe0][0x6][0xffffffd0][0x1]PrHB[0xffffff96][0xffffffcc][0x14]K.$[0xffffff87][0xffffff9b][0xffffffcf][0xffffff94][0xffffff99][0x0][0xffffff97]a[0xffffffd9][0xffffffe9][0xffffffd5]f[0xffffffa4][0xffffff9e]s[0xb][0xffffffa4][0xffffff9c]9z[0xffffffa8]d[0xffffffd4]u[0xffffffca]HksG[0xfffffff6][0xffffff92]+[0x7][0xffffffac][0x8][0xe]S[0xfffffff5][0xffffffa7][0x6]*[0x18][0xffffffeb]D[0xffffff98][0xffffffed][0xffffffef][0x17][0x7][0xffffff9e][0x2][0xffffff83][0xffffff8e][0xffffffd2][0xffffffe9]>H[0xffffffff][0xffffffa0][0xffffffa1]%[0xffffffe0][0xffffffe6]([0xffffff90][0xffffffc6]Ym[0xffffff90]1u[0xffffffb6][0xffffffb7]X[0xffffff8c][0xffffffcf]i[0xffffff87][0xffffff8e][0xffffff83][0xffffffee][0xffffffe1]{z[0x14]L[0xfffffffe].[0xffffffa1]1[0x6]U[0xfffffff9]p[0xffffffb6]P[0xfffffff9][0xffffff91][0xffffffbf]w[0xffffffcf][0xffffff81][0xffffffad][0xffffffeb][0x9]AmL[0xffffffba][0xffffff8c][0xffffffc7][0xffffffac]N2KcSh[0xfffffff2][0xffffff86][0x1a]>[0xffffffd6][0xffffffef]"[0xffffffbd][0xffffffa4][0xffffff9b][0xfffffff3][0xffffffcd][0xffffffde][0xffffff8a][0xffffffd8]L[0xffffffab][0xffffffe5][0xffffff8b][0xffffffd4][0xffffffef][0xfffffffc]Ah[0xffffffcc][0xffffff80][0xffffffba][0xffffff85]({[0xffffffae]N[0xffffff8f][0xffffffed]?[0xfffffff7][0xfffffff8][0xffffffc0][0xffffff84][0xffffffe3];[0x1d][0xffffff82][0xffffffde]?=[0x1e]U[0x5]9.[0xffffff90][0xffffff88][0xffffffdc]'6[0xffffff8e]:Zj[0xffffffed][0xffffffda][0xffffffd9][0xffffffb9]X[0xfffffffd],[0xfffffff5][0xffffff9c][0xffffffc1][0xffffffec][0xffffffe0][0xffffffcf][0xffffff90]B[0xfffffff8][0xffffff8e][0xffffffa4][0xffffffd2]@.=pf[0xffffffec][0xffffff92]m[0xffffffbd][0xffffffc5]P[0xffffffe9][0xffffffd6]L7@n>K[0xffffffaa][0xffffff87]^7[0xffffffbc][0xffffffdd]Z[0xfffffff2][0xffffffa3][0xffffffb5]U"[0xffffffc9]Ju2[0x8][0xffffffc8][0xffffff98][0xffffffa7][0xffffffc3]QE[0xffffffb5](/[0x6][0x7f][0x1f][0xfffffff7][0xe][0xffffffc3][0xfffffff6]e]![0xffffff90][0xffffffda][0xffffffaa][0xffffff89]p`/[0xe]8[0xffffffa1][0xfffffff3][0xffffffde]D[0xffffffd4][0xc]gQ[0xffffff90][0x17][0x17][0xffffff8a][0xfffffff5][0xf][0xffffffda]eA[0xffffff85][0xffffffc5][0x5]3[0x7f][0xffffff9b]([0xb][0xffffff94][0xffffffff][0xffffff9b][0xffffffe0]t[0xffffff97]z*[0xffffffc1][0xffffffdc][0xffffffd1][0xffffffd6]3[0x1a][0x1][0x19][0xffffff8b][0xffffffa8]*$[0xffffff8e]R[0x1]n[0xffffffdf][0xffffffc5]k[0xffffffe0][0xffffffea][0xffffff91][0xffffffbc]p[0xffffffb5]h[0xffffff8d]'[0xffffffd0]tz[0x1d][0xfffffff4][0xffffffac][0xffffffb8]3[0xffffff8f][0xfffffffd]l[0xffffffd9]o[0xffffffc0][0xffffffec][0xffffffe7][0xffffffd6]([0xffffffa5][0xffffffe3]_?f#[0xfffffff0]][0xffffffbc][0xffffff94]4F[0xffffffcd]p[0xffffff9d][0xffffffd0][0xffffffd6][0xffffffce][0xffffffdb]&[0xffffffd9][0x1]r[0xffffff96]~[0xffffffd1][0xfffffffb]rbJ[0xffffffb5][0xffffff99]w2[0xffffff93]'[0xffffffdd][0xf][0x6][0xffffffce][0xffffffea][0xffffff9f][0x1c]1[0xc][0xffffffd5][0xffffffbc][0xffffffa4]2[0xffffffed][0xffffffff][0xffffffef][0xffffffc8]K[0xfffffffe][0xffffffc0][0xffffffc6]%[0xffffffef][0xffffffbe]o[0x11]#[0xffffffb3],UO[0x7f]H[0xfffffff9]<}de[0xfffffff2]8P[0xffffffad]Z\[0xffffff9e]B[0xffffff95][0xffffffa1]<[0xffffffb0][0xffffffb4][0xfffffff0]7[0x1f][0xfffffff2][0xffffffaa]^[0xffffff9d][0xffffff88]N[0xffffff97][0xffffffba]([0x15][0xffffffb4]o[0xffffffc2][0xffffffdc]n+L[0xffffffda]%[0x7f][0x17]0$\[0xffffffdd]4[0x16][0xffffffae][0xffffffdd]fS[0xffffffd0][0xffffffbb]%j[0xffffffa1][0xffffffa8][0xffffffd4]G[0xffffffe8] 7[0xffffffd3][0xffffffcf][0x7][0x7f][0x0][0xfffffffb]O[0xffffff99][0x1c][0xffffffc6]q[0xf]2+P[0xffffffe3] 6[0xffffffc3][0xffffffa8][0xffffffb3][0xfffffffd]k[0xffffff93]h[0xffffffc4]MY[0xf][0xffffff95][0xffffffa7][0xffffff95]J<[0xffffffd8][0xffffffbc][0xffffffb4][0xffffffb5][0xffffffd2]n[0xffffff83]h[0xffffff80]3-[0xffffffce]WE;[0xffffffff]%9uS[0x18][0x7];[0x10][0xffffffbb]B3S[0xffffffbc][0xffffff87][0x16]S[0x3]][0xffffffcb]&[0xffffffbb]]fS[0xfffffff0]Y[0xffffffe3]R[0xffffff93]G[0xfffffffe]A[0xffffffcd][0xffffff9e][0x14][0xfffffff6][0xffffffbc][0xffffffb5]-d[0x14][0xffffff8d]C-[0xffffff8c]![0x10][0xfffffff8]-[0xffffff98][0x6][0xffffffe6]|[0xffffffd4]i[0x8][0xffffffc8][0xe][0xffffffbf][0xffffff98][0xffffff87][0xffffff82]?-*[0xffffffdf]a[0xffffffbb][0xffffff97][0x0]o[0xfffffff2][0xffffffb0][0xffffffa3][0x10])[0x9]t[0xfffffff0][0xffffffb2][0xffffffb2]5[0xffffff95]P[0x17]M[0xffffff80][0xffffffa8]6&[0xffffffb0][0xffffffbe][0xffffff88][0xffffffbb][0x16]L[0xfffffff1][0xffffffd5][0xffffffe3][0x19]x[0xc][0xffffffdb][0xffffffa7]([0x6][0xffffffea][0xffffffe9]2[0xffffffee]ac[0xffffffe1][0xffffffb8];[0xffffffbc][0x1d][0xffffffde][0xffffffde][0xffffff82]d[0xffffffa7]g_[0xffffffae][0xffffffc0]m[0x1d][0xfffffffa]{[0xffffff9a]}s[0xffffff96][0x12]V[0xfffffff3]X[0xffffff97][0xffffffe1][0xffffffde][0x16]<][0x7f]8.[0xffffffe7]*[0xffffffff]!hN[0xffffff84][0xfffffff8]K[0xffffff85][0xffffffa6][0xffffffb9]R[0x1a];qi[0xffffffd0]c[0x10][0xffffffd6][0xffffffd7][0x10]<[0xffffffd3][0xffffffc4]~[0xffffffa9]X'[0xffffff87]T&[0xffffffc6][0xffffff82]8[[0xffffff8b][0xffffff87]2[0xffffff80][0xfffffff4][0xffffff96]2[0xffffffd8][0xe];L[0x19][0xfffffffa][0xffffff8c][0x18][0xffffff85]ag4[0xffffff9c]{[0xf][0xffffff92][0xfffffff9]$!,N[0x17][0xffffff89][0xffffffa3]V[0xffffffac]B[0xffffff99]8X[0xffffffe9][0xffffffeb][0xffffff8b][0xc][0x16][0xffffff93][0x0][0x11][0x1b][0xffffffa7][0x9][0x18]f[0xffffffaa]-][0x15][0xffffffa8][0xffffff89][0xffffffc0][0xffffff92]g[0xffffffe6][0xffffffa6]][0x12][0x1][0xffffff98][0xffffffff][0xffffffe1][[0xffffffd2][0xffffffd6][0xffffffb2][0xffffff82]bUqJu[0xffffff81][0xffffffc6]a3[0x5][0x1e]yO[0xffffff9b][0xffffffdf][0xffffffcd]2[0x1][0x1b]L[0xffffffb9][0xfffffff2]^([0xffffff98]5[0xffffffc0]5[0xffffffc0][0x1b]g[0xffffffab][0xffffff91]2[0x7f]5|[0x18]-*[0xffffffeb][0xffffffa3][0xf]H>[0xffffff81][0xffffffb6][0x10][0xc][0xffffffa6][0xffffffa4][0xffffff8b]iVv.[0xffffffd6][0xffffffa9]f~a$[0xffffff84][\r][0xfffffffa][0xfffffff7][0x8][\r]x,z[0xffffff86]T[0xffffffd3][0xfffffffb][0xffffffd0]8}[0xffffffe7][0x15][\r][0xffffffaf]<[0xfffffffb]fR[0x10]\[0xffffff9b][0xffffffe3]%[0xffffffec][0xffffffc9][0xffffffac][0xffffffc2]in[0x15]Dk[0xffffffae]K[0xffffffaf][0xffffffd0]u[0xffffffbb]%{[0xffffffb7]D[\n]"
10:24:15.362 [main] DEBUG com.github.dockerjava.zerodep.shaded.org.apache.hc.client5.http.wire -- http-outgoing-2 << "ek[0xffffffd1][0xffffff8d]#vru[0xffffff9b][0xffffffd7][0xffffffc0][0xffffffd9][0xffffffbe]2[0xffffff91]6[0xffffffb0][0xffffff91]n[0xffffffcc][0xffffffe8]n[0x7f][0xffffffca]F[0x7][0xfffffff1]N[0xffffffce]A[0xffffffc3]#[0x0][0xc][0xffffff82][0xfffffff4]8[0xffffffa0][0xffffffa7]`Mb[0xffffffd9]%>17[0xffffffb7]w[0xffffffe9][0xffffffde]Y|<[0xffffffa3][0xfffffff0][0xffffffa2][0xffffffdc]=[0xffffffbc][0x3][0x19][0xffffffeb][0x9][0xffffff9a][0x1f][0x17]5O[0xffffff82][0xfffffff2]u[0xe][0x13]4[0x1a][0xffffffc8]D&[0xffffff84]|)`[0xffffff96][0x17][0xfffffffa][0xffffffe9][0xffffff9e]#[0xffffffd8][0xffffffb1][0xffffff8a][0xffffffca]NU[0xfffffffa][0xffffff95]~[0xffffff98][0x16]>0[0xffffffea][0xfffffff1][0xfffffff7][0xffffffef][0xffffffd2][0xffffff8c].S[0xffffffa7][0x1]C[0xffffffac]Tx[0xffffffaa]A[0xfffffffb]|c[0xffffff9d]t[0xffffff90][0xffffffa6]7l[0xffffffc4][0xffffffa7][0xffffff8c][0x19]Z78[0xffffffc8][0xffffffdd][0xffffffc8][0x18]{[0xffffffe6][0xffffffa4][0xffffff95][0xffffffbb][\n]"
10:24:15.362 [main] DEBUG com.github.dockerjava.zerodep.shaded.org.apache.hc.client5.http.wire -- http-outgoing-2 << "[0xffffffe8]<[0x6]p&[0xb]Q"Bd[0xfffffff1][0xffffffa8][0xffffff94][0xffffff8e][0xffffffeb]oi[0xffffff81][0xffffffb1][0x1a][0x6][0x9] [0xfffffff9]f[0xffffffb9][0xffffffda][0xffffff90]3[0xffffffd2][0xe][0xffffffc8][0xffffffb7][0xfffffff0][0x3][0xffffffee][0xffffffd6][0xffffff84]#([0xffffffc6][0xffffffdf][0xffffffcb][0xffffff92][0xffffffbc]F[0xffffffc0][0xffffffbe][0xfffffff5] [0xffffffcd][0xffffff8b][0xffffff9a]E[0xfffffff6][0xffffffc3]d[0x4][0xffffffb3][0xffffffaa][0xffffffbb][0xffffffc6][0xffffffa4]l[0xffffffa0][0x4][0xffffff8f][0xffffff8d]r[0xffffffdf][0xffffff9f][0xfffffffd][0xffffff82][0xffffff91]A[0xffffffdc][0x13][0xffffffc2][0xffffff9b][0x12][0xffffffaa][0xffffffe6]m[0xfffffff2][0xe]$[0xffffffdf][0xffffffd2][0xffffffb4]0&[0x9][0xffffffbe][0x1d][0xffffff89][0xffffff93][0xffffffe6][0xffffffb2][0xfffffff3]i[0xffffffbd][0xffffffa6]p[0xffffff8c]Z-[0xfffffff1][0x16][0xffffff9b][0xffffffe9]yX[0xffffffd8]z[0xfffffff9][0xffffff87]@[0xfffffff0][0xfffffff7]ix[0x15]dv[0xffffffac][0x10][0xe][0xffffff88].)[0xb][0xfffffffb]b[0xffffffc8]6G[0xffffffe8]G}[0xffffff85][0x15][0xffffffd5]`[0xffffffd0]6[0xffffff89][0xffffffe8][0xffffffae][0xffffffcb][0x9][0xfffffff4][0xffffffae][0xffffffc4][0xffffffd2][0xffffffa7]([0xffffff8e][0xfffffffb][0xffffff9d]d[0xfffffff3]h[0xfffffff1][0xffffff9a]\[0xffffffdd]f[0xffffffe4]@'+[0x10][0xffffff90][0xffffffab]<[0xfffffff9][0xffffffe0]$S.[0xfffffff6]6[0xfffffff7][0xffffffba][0xffffffb2][0xffffffd5][0xffffffe6][0x12][0x1d][0xffffff87]%2[0x6][0xffffff8d]>*[0xffffffd2][0xffffffca][0xffffffb0]k[0xfffffff4][0xe][0xffffffd2][0xffffff89]j[0xffffffba]`][0x13][0xfffffff6][0xffffffe2]$[0xffffffc0][0xffffffac][0xffffffac]t[0xffffffe3][0xffffffcf][0x19]wA[0xffffffbd]D[0xfffffff9]&Q[0xffffffba][0xfffffff6][0xffffffc7]z[0xffffffbc]c[0xffffffe7]^+j[0xffffffe4]`/UEs[0xffffffed][0xffffffe7][0xffffff88][0xffffffb0][0xffffffbb]P[0xffffffc9][0xffffffd0][0xffffffba]:g[0x7f][0x12][0xffffffdc][0xffffff8e]S[0xffffff90][0xffffffb6][0x7f]3:OH/F[0xfffffff9][0xffffffc4][0xffffffa0]3FJ[0xffffffd3][0xffffffca]t[0xffffffc1]f[0xffffffc9][0xffffff9f][0xb][0xffffff94][0xfffffff9]r}[0xfffffffe][0xfffffff9]a[0xffffffa2][0xfffffffb][0xffffff9a][0xffffff8b][0xffffffad][0xfffffff6]M[0xffffffce]!:[0xffffffb7][0x17]1[0xffffffbc]Z[0xffffffb8]I[0xffffff88].[0xffffff81][0xffffff94][0xffffffb4]4[0xffffffe7][0xffffff82]$N{[0xffffffbc] [0xffffffbb]H[0xffffffc0][0xf][[0xffffff88][0xffffffb3]|'[0x16].[0x16][0xffffffdf][0xffffffe1][0xffffff8a]:D2[0xffffffaf][0xffffff8b][0x17][0x4][0xffffffa8][0xffffffcf][0xffffffb9][0xffffffc0][0xffffffde]HQ[0xffffff91][0x5][0xffffffd1][0xffffffd4])[0x1b][0xffffffcd]r[0xffffffd5][0xffffff9e]G[0xffffffec]iw[0x1b][0xffffffcf][0x17][0xffffffd2][0xffffffc3]6[0x7]1 k[0xffffff92]@[0x11][0xffffffde][0xffffffad][0xffffff94][0xffffffa4][0xffffffe7]X[0xffffffa2][0xffffff87][0xffffffa8][0xffffffbe]m[0xffffffbe]9[0x4][0x16][0xffffffde][0x10][0xffffffc0][0xfffffffe][0x1][0xc][0x19]v[0xffffff8c][0xffffffde][0x14][0xffffff8c][0xffffffba]?[0xffffff96][0x18][0x1d][0xfffffffe][0xffffffaa][0xffffffe8][0xffffffa5][0xffffffe7][0xffffffbe][0xffffffe9]%7Y[\n]"
10:24:15.362 [main] DEBUG com.github.dockerjava.zerodep.shaded.org.apache.hc.client5.http.wire -- http-outgoing-2 << ""[0xffffffcb][0xffffff9f]R:[0xffffff89][0xffffffd4][0xffffff80]u[0xffffffcc][0xffffff95]m|[0xffffff8e][0xffffffae]`[0xffffffb9]l[0xffffffef]FNgo[0xffffffd7]h[0x16][0x19]{[0xffffffc5]*[0xffffff92][0x7f][0xfffffff3][0xffffffc7]J[0xffffffb8]![0xffffff86][0xfffffff0]E-[0xb][0xffffffe5][0xffffffcb];M[0xffffffe8][0xffffffca][0xfffffff9][0xffffff81][0xfffffff8][0xffffffbc]E[0xffffff98][0xffffffe5][0xffffffc1][0xffffffa0][0xffffff93][0xffffffbd]%%"
10:24:15.367 [main] DEBUG com.github.dockerjava.zerodep.shaded.org.apache.hc.client5.http.wire -- http-outgoing-2 << "[0xffffff89]Q[0xffffffb9][0xffffff8f]?[0xffffff96][0xffffffa0]}[0x1f][0xffffff85]i[0xffffffff][0xfffffff8][0xffffff90][0xffffffbd][0xffffffd2].[0xffffff8a]v[0xffffffab][0xfffffff3][0x18]D:$[0xfffffffa][0xfffffff5][0xffffffaa][0xffffffc2]Bt9[0xffffffbe]6[0x15][0xffffffd5][0xffffffcc][0xffffffdc][0xffffffd5][0xfffffffc][0xffffff85][0x8]~[0xffffffb6]_[0xffffff8a][0xffffffc9][0xffffffe7][0xffffffca]fV[0xffffff82][0xfffffff1][0x3]6[0xffffffd9][[0xffffffa5]a[0xf][0xffffff92][0x10]-[0xffffffbf][0xffffffc0][0xffffffa2][0x1f]Ra[0xffffffae][0xffffff9d]g[0x1b][0xffffffe4][0xffffff86][0x7][0xfffffff8][0x6]K5p[0xffffff82][0xffffffc1][0xffffff8d][0xffffffa2][0xffffffd3][0xffffffe0][0xffffff86]n[0xffffffa6]'[0xffffffff][0xffffffc8][0xffffffe2]d[0x5]q.[0xfffffff2][0x8][0xffffffa2]I[0xffffffcd][0xffffffb8][0xfffffff4]'[0xffffffed]-[0xffffffd1]V^[0xffffffe8][0xffffffb9][0xfffffffb][0xffffff82]U`[0x0][0xfffffffc][0xffffff99]j[0xffffffda][0x11][0xffffff89][0xffffff90]~[0xffffffad]C;[0xffffffbd]ZwV[0xffffff8e][0xffffff90][0xffffffac]cC[0xffffff86][0xffffffd2]7[0xffffff9c][0xffffff96]jM[0xffffffff][0x1d]*[0xffffffca][0xffffffb0]X2[0xffffff91][0x6][0xfffffff2]q[0xfffffff9][0xffffffc4][0xffffffb5]z7[0x15][0xffffffb0][0xffffff8e]0[0xfffffffe][0xffffffdb]ua[0xffffffc1][0x1f][0xffffffb0][0xffffffd1][0xffffffc9][0xffffffbd][0xffffffe9]%)[0xfffffff1]$[0xffffffc5][0x7]6r[0xffffffd9][0xffffff9e][0xffffff90]V{[0xfffffffa][0x10][0xffffffe8][0xffffffdc]?[0x10][0xffffffe0]W[0xffffff91]Gq[0xffffff9d]^+n[0xffffffba]`[0x1b][0xffffffba][0x3][0xffffffb7][0xffffffa9][0xffffffd2][0x12][0xffffffdc][0xb]?[0xffffffd2][0xffffffca][0xffffff8b][0x1b]Lg3[0xffffffce][0xffffffcc][0xffffff88]L[0xffffff91]fW[0x14]8[0xffffffa2]@[0xffffffd6]AG[0xffffff83]$$[0xffffffe6]L[0xffffff86][0xffffffbb][0xffffffd4]d[0xffffffdf][0xffffffd6][0xffffffad]l9K[0xffffffd4]s[0xffffffe6]"[0xffffffb8][0xffffffe9][0xffffffd6]x[0xfffffffe]SwBcC[0xffffffad][0xffffffd0]lW[0x19][0xffffffff][0xffffffe1][0xffffffa5][0xffffffd3]b[0xffffffdf][0xffffffc4][0xffffffb3]f:NT[0xffffffa3]q[0x1b][0xffffff9a]O[0x0][0xfffffffd]s5[0xffffff93]<0O[0xffffffc8][0xffffffe7][0xffffffb3][0xffffffbb][0xffffffac][0xffffff93][0xffffffc4][0xffffffb5][0xffffffcf][0xffffffa2][0x10]P[0xfffffffb]z[0xffffffc2][0xffffffcc][0x18][0xffffffde][0xffffffe4]~[0xffffffa5]M[0xffffffea](@j[0xffffff83][0x1d][0x1f][0x12][0xffffffda]4[0xffffff80][0xffffffea][0xffffff93]AX[0xffffffd1][0xffffff9d][0xfffffff7][0xfffffffc]n[0xffffffa0]}z9[0xffffffa6]{[0xffffff88][0xffffff80]Cc[0xffffffd4]g[0xffffffcc]9D[0xffffffde]E[0x9]l[0xfffffff5][0xffffff9b]g[0xc]T[0xffffffcf][0xffffff84][0x6][0xffffffef]O[0xffffff8a]|[0xffffff95]E[0xffffffe1]vJ[0xffffff9d][0xffffffd4][0xffffffc7][0x4]zP[0xfffffff3][0xffffffb5][0x8]c[0xffffffc8]!#F[0xffffffa5][0x1a]r[0x16][0xffffff8f][0x1]T[0xffffffd8]4LA[0xffffffa6]L[0xffffff95][0x5]U%[0x18][0xfffffff5]G[0xffffffa7][0xffffffbc][0xffffff95][0xfffffffd]*-[0xfffffff4]_-[0xffffff90][0xfffffffe]T&[0xffffffd0]<[0xffffffcd][0xfffffff7][0x1a]'Y[0xffffffb9][0xffffff94][0xffffff89][0xffffffc0][0x11][0xffffffb5][0xffffff9e][0xffffffa3]0G[0x9][0xffffffaa][0x1d][0xffffffc6]eX[0xffffff90]N[0xffffffa7][0xc][0xffffff9a][0xffffffd8][0x1f]}i[0x4][0xffffffac][0xfffffff8]Z[0x1a][0xffffffa5][0x1]v[0xffffffc5][0xffffff8e][0xffffffef][0xffffff9f]o[0xfffffffa][0xffffffce][0xb],-[0xffffffe8][0xffffffcb][0xffffffda]S~=o[0x1][0xffffffd6][0xffffffcc][0xffffffdc][0xffffffc8]b[0xffffff90][0xffffffde][0xfffffffa][0xffffffbc]q[0xfffffffe]5#[0xfffffff8]hZ[0xffffff80][0xfffffff2]H[0x4]o[0xffffffbb]h[0x17][0xffffffbe]&[0xffffffbd][0x1b][0xffffffbd]_Y[0xffffffd3][0xffffffb5][0x1a][0xfffffff4][0xffffffa3]S[0xffffffb4][0xffffffc2][0xffffffe1][0xffffffe1]C[0xffffffc1]b[0xffffffa4][0xfffffff0]*[0xffffffab][0xffffff84][0xffffffaf][0xffffff82][0x8][0xffffff8e]6[0xffffff9f][0xfffffff4][0xffffffc4][0xffffffac][0xffffffbc]J[0xffffffb6][0x12][0xffffff81][0xffffffd2][B[0xffffff94][0xffffffea][0x17][0xffffffe0][0xfffffffa][0xffffffef]#[0xffffffdd][0xc][0xfffffffa]T [0x16][0xffffff8b]J[0xffffff85][0xffffff8a][0xc][0xffffffdf][0xffffff87][0xfffffffe][0x12][0x11]heks[0xffffff95]t[0xffffff99]}[0xfffffffa][0xfffffff0][0xfffffff4][0xfffffffc][0x17][0xffffffe6][0xffffffb8][0xe][0x12]M[0x16]$[0xffffffd9][0xffffff85][0xffffffaa](8[0xffffffa1][0xfffffffe][0xffffff9e][0xffffff98][0xffffff88][0xffffffe7]4[0xffffff82]p;[0xffffffe4][0xffffffc7][0x11][0x7][0xffffffe4][0xffffff96][0x17]9J[0x13][0x3];[0xf][0xffffff9d][0x6][0xffffffd0][0xffffffac][0xfffffff1][0xffffffcc]#[0xffffffb1][0x1e][0xffffff89][0xffffffc6][0xfffffffb]v[0xffffffcf][0x5][0xffffffc8]<[0xfffffff2][0xffffff85][0xffffffe6][0xe][0xffffffb0][0xffffffa3][0xffffff8c]:[0xffffff96][0xffffff8a]T[0xffffffa5][0xffffff97]+:[0xffffff87][0xffffffa0]<[0xffffffe1][0xfffffff5][0xffffffa6][0xfffffffb][0xffffffd8]n&[0xffffffeb][0xffffffc6][0x1b][0x0]h2[0xfffffff9])_w[0x1]S[0x1][0x13]!u"[0xffffffa2][0xffffffd3]"v[0xffffffff][0xffffffa9][0xffffff90][0xffffff8e]Y#+Y6[0x9][0x1d]DT[0xffffffe1][0xffffffd9][0xffffffc2][0x15]=[0xffffffb0]@[0xffffffa4][0xffffffbd][0xffffffee]I[0xffffffb3][0xffffff9e][0xffffff86][0xffffffeb][0xffffffe9]Mz[0xffffff90]|[0xffffffcb][0xfffffff8][0xffffff98][0x1d]Fa[0x1a][0x18]n[0xffffffe0]b[0xffffffbd][0x8]Z6[0x2]K[0xffffffa9][0xffffffc9][0xfffffff2][0x1c].f[0x10][0xffffff83]"?[0xffffff9b][0x3]aW[0xffffffec][0xffffff82][0xffffffe2][0xfffffff0][0xfffffff5][0xffffff9d][0xffffff99][0xffffffbe]<[0xffffffb5]ekS;C[0x10]d[0xffffffbe][0xffffffde]nP[\n]"
10:24:15.368 [main] DEBUG com.github.dockerjava.zerodep.shaded.org.apache.hc.client5.http.wire -- http-outgoing-2 << "[0xffffff80]/[0xf]/D[0xfffffffc]^[0xffffff95][0xffffffbf][0xffffff99][0xffffffe1]N[0x15][0x4][0xffffff83]M[0xffffff85][0x10][0xffffffce][0xffffffa9][0xffffffdd]+[0xffffffc9]m[0xffffff84]%?[0xfffffff7][0xffffffda][0xffffffa9][0xffffffe2][0xffffffec][0xffffffa0][0xffffff92]6k[0x1f]N[0xffffff90][0xffffffe6][0xffffffa8]7[0xffffffa2]l[0xffffff81]|[0xffffffc0][0xffffff87][0xffffff84][0xffffff8c]W[0xffffff9d][0xfffffffd][0xb][0xffffffcd]F[0xffffff86][0xffffffa4]K[0xfffffff4]J:Q[0xfffffff0]~~[0xf]b[0xfffffff6][0xffffffb0][0x15]k[0xffffffb1]m}od[0x1f][0xffffff95]Cz[0x7f]Tw[0xffffff8f]][0xffffffb1][0xffffffcc]?[0xfffffff9]S[0x1b][0xffffffd4][0xffffffae]U`[0xffffffac]1[0xffffffaf][`[0xfffffff1][0x12][0xffffffdb][0xe][0xffffff8d]C[0xffffffdd][0x19][0xffffffd3]5?[0xffffffc6][0x11][0x5]F[0xffffffd2][0xffffffe8][0xffffffd6][0x9][0xffffffde]1[0xffffffb8][0xffffffcb][0xfffffff4][0xffffff93]Y%x\([0xffffffbb]>!L,[0xffffffd1]`[0xffffffd2][0xffffff9f]Y?c[0xffffff86]6[0xffffffee]*[0xfffffff6][0xffffffaf][0x6][0x16][0xffffff93]C[0xffffff85][0xffffff96]!g_[0xffffffed][0xfffffffd][0xfffffff3][0xffffffe7][0xffffffa9][0x1d][0xffffffa6][0xfffffff9][0xffffffe3]_U8[0xffffffcd][0xfffffffb][0x1b]1&V[0xffffffa1][0xffffffba][0xffffff98]|[0xfffffffb]D[0x11][0xffffffc9][0xffffffbe][0xffffffd5][0xfffffff4][\n]"
10:24:15.368 [main] DEBUG com.github.dockerjava.zerodep.shaded.org.apache.hc.client5.http.wire -- http-outgoing-2 << "|[0xffffffa7]`[0xffffff80][0xffffff84][0xffffff9b][0xffffffba]<[0xffffff84]*[0xffffffcc][0xffffffd2]8}[[0x1b]"7m[0xffffff88][0x2]o[0xffffff9e][0xffffffbd][0xffffff98][0xffffffa6]=[0xb]1[0xe][0xffffffd2]|C[0xffffffd2][0xffffffc0].[0xffffffd6]"F[0xffffffc4][0x1d]3[0x10]*ljy[0xffffffd8][0xffffffc5][0xfffffff9]9[0xffffffaf][0xffffffc1][0xffffffc8][0xffffffe8]@D[0xffffffad]:^[0xffffffde][0xffffff8a][0xffffff89][0xffffffc8][0xffffffcc]W][0xffffffde]&[0xffffff93][0xffffffb4][0xffffffff]3[0x2][0xffffff99]5[0xffffffb7][0xffffffad][0xe][0xffffffed][0xffffffb8] q@[0xffffff98][0xffffffbb][0xffffffff][0xffffff89][0xffffffd6][0xffffff86][0x1][0xffffffcf][0xffffff9d][0x9]r [0xffffff9f][0xfffffffd][0xffffffee][0xffffff8c]F[\r][0xfffffffa]_[0xffffffad][0x1d]E[0xffffffb9][0xfffffffb][0xffffffe7][0xffffffcf][0xffffff9b][0xfffffff5][0xffffffb5]Q[0xffffffb4][0x1b][0xffffffd6]n[0xffffff90]L"+[0x1a][0xffffffc5][0xffffff83][0xffffffa6]+<[0xffffffeb][0x1f]+[0xfffffff1][0xfffffff6][0xffffff8f][0xffffffdd][0xe][0xffffffae][0xffffffbe][0xffffffa8][0xffffffae][0xffffffc2]J[0x2][0xffffffbe][0xffffff8b][0x4][0xffffffc1]V[0xffffffad]JJ[0x14][0xffffffdc]_[0xfffffff6][0xffffffda])A[0xffffffee]~[0xffffffab][0x1e]H[0xfffffffd]+ev[\n]"
10:24:15.368 [main] DEBUG com.github.dockerjava.zerodep.shaded.org.apache.hc.client5.http.wire -- http-outgoing-2 << "[0xc]W[0xffffffea][0x1a]Ru[0xfffffffc][0xffffffe6]]5[0xffffffaf][0xffffffc2][0x11]#[0x1b]9x[0x6][0x12][0xffffff99][0xffffffa9][0xffffff9e]Mt[0xfffffff7][0xffffffd8]`|[0xffffffc3]8[0xffffffd5]O[0xffffff95]BWfy[0xffffff95]1[0x8][0x3][0xffffff94][0xffffffc1]l[0xffffff8e]$[0xffffffaa][0xfffffffd]6[0xffffff91][0xffffffff][0xffffff8f][0xffffffac]s[0x8][0xffffffce][0x5]`[0xffffffd6][0xfffffff4][0x17][0xffffffdb][0xffffffb6]m[0xffffffdb][0xffffffb6][0xffffffed][0xffffff9c][0xffffffd8][0xffffffb6]m[0xffffff9d][0xffffffd8][0xffffffb6]m[0xffffffdb][0xffffffb6][0xffffff9d][0xffffff9c][0xffffffd8][0xffffffce][0xffffffd4]?ws[0xffffffff][0xffffff99][0xffffffaa][0xffffffde]u[0xfffffff5][[0xfffffff5]n{[0xfffffff1]<5[0xffffff81]C[0xffffff90][0x1f]"b[0xffffff9c][0xffffffc9]}[0xffffffc0][0xffffffaa][0xffffff98][0xffffffe5][0xffffffc2]B[0xffffffac],[0xffffffb3][0x17][0xffffffa6]4X'b[\r][0xffffffb3][0xffffffe2]Ks[0x13][0xffffffa7]P[0xfffffff9][0xffffff85]f([0xffffffde][0xffffffcb]l[0x1a][0xffffff95]zj[0x17]$L[0xffffffc6][0xfffffffc][0xffffff9c][0x3]-[0xffffffaa]Sag[0xffffff9b][\n]"
10:24:15.368 [main] DEBUG com.github.dockerjava.zerodep.shaded.org.apache.hc.client5.http.wire -- http-outgoing-2 << "Id[0xffffffbc][0xfffffff8]l[0xffffffb4][0x9][0xfffffff8][0x1][0xffffffc8][0x1a][0xffffff8e]8[0xffffffaf][0xffffff8a]G[0xffffffba][0xffffff99]f(z[0xffffff87]3[0xffffffd9][0xffffff83]F>[0xffffffd6][0xffffffe6][0xffffffbd][0xffffffd6]J[0xffffffd4]W[0xffffffc6]g[0xffffffa2][0xffffff92]w[0xe][0x1][\r]05n[0xffffffa3][0xffffffd3]A[0xffffff91]J~[0xffffffe7][0xffffff99][0xfffffff0]K[0xfffffff8][0x17]<[0xffffffb1][0xffffffb8][0xffffffde]w[0xffffffd9][0xffffffc4]a"[0xffffffe8]i[0xffffffa1][0xffffffc3][0xffffffe4][0xffffff92]7p[0xffffffcd][0xffffffe1][0xffffffe5]|Qv-[0xffffffcd][0xfffffff8][0xffffffe3][0xffffff88]N[0xffffffcd][0xffffffa5][0xffffffa9]X[0xffffffea][0xfffffff4]t[0xffffff81]n[0xffffffaf]I[0xffffffde][0xffffffc1][0xffffffdb]rw[0xffffffb6][0xffffffd7][0xffffffbc]x[0xffffffc4]4[0xffffffff][\n]"
10:24:15.368 [main] DEBUG com.github.dockerjava.zerodep.shaded.org.apache.hc.client5.http.wire -- http-outgoing-2 << "e[0xfffffff5][0xffffffb0][0xffffffb0]zw[0xffffffb0][0xfffffffd]4[0xffffff9b][0xffffffd7]Q[0x4]D[0x7f]0[0xf][0xfffffff0][0xffffffa4][0x1b]Y[0xfffffff8][0xffffffc3][0xffffff80][0xffffffed][0xffffffef])[0xfffffffd][0xffffffcc][0xffffffc8]h[0xffffff8c][0xffffffea][0xffffffba][0xffffffeb][0x1a][0x8]%VLT`[0xffffffec][0xfffffff3][0xffffffd9][0xffffffcb][0xffffff98]m[0xffffff8d][\n]"
10:24:15.368 [main] DEBUG com.github.dockerjava.zerodep.shaded.org.apache.hc.client5.http.wire -- http-outgoing-2 << "}[0xffffff83]P[0xffffffea][0xffffffd5]J[0xffffffd9]xtb[0xffffffb6]?q[\n]"
10:24:15.368 [main] DEBUG com.github.dockerjava.zerodep.shaded.org.apache.hc.client5.http.wire -- http-outgoing-2 << "[0xffffffd6][0xffffffaa][0xffffffb2][0xffffffe4][0xffffffc4][0xffffffee]e[0xffffff88]'[0xffffffbf][0xffffff90]5[0xffffffb4][0xffffff8e][0x7]S[0xffffffae][0xffffffd3]5I|*[0x15][0xffffffa0][0x18][0x10][0xffffff8c] [0xfffffff8]{s[0x7][0xffffffd2][0x1]][0xffffffca][0x1][0xffffffd8][0xffffffbb][0xffffffb0][0xffffffe2][0xffffffaa][0xffffff9b][0xffffffa3][0xffffffde][0xffffffa6].[0xffffffd8]g[0x17][0xffffff9b]VmtL[0xffffffd2][0x12][0xffffff83]/z[0xffffffdf][0xffffffd1][0xffffffc2][0xffffff86]S[0x1][0xfffffff1][0x1]P[0x18]T[0xffffffb7][0xffffffc8][0x11][0xf]'[0xfffffff3]t[0xffffffdf]J[0xffffff80]T>[0xffffffea]r[0xfffffff7][0xffffffa3][0xffffffe4]/o[0xffffff96][0xffffff99][0xffffffa0]S[0xfffffff2][0xffffffaf]v[0xffffffff][0xffffffd0]^V~[0xffffffbc]3w:j[0xffffff8d]:[0x1e][0xffffffc6]f[0x13][0xffffffcf][0xffffffac]f[0xffffffbf]5[0xffffffc4]?D[0xffffff82]Rv[0xffffffac][0xffffffd6][0xffffffd4][0xffffffb0][0xffffffe9][0xffffffe4]1[0xffffffd9]s[0xffffff9a][0xffffffdc][0xffffffa2]m[0xffffffe5][0x10]I[0xffffff91]l,[0xffffffb2][0xffffffed]k[0x7f][0xffffffb8][0x1b]|[0xffffffd0][0xffffffde]bJ[0xffffffd6][0xffffffe6][0x11]V[0xffffffb9][0xffffff93][0xffffffa2][0xffffffd2]D[0xffffffbb][0x3][0xffffffb7][0xfffffffe]l[0xffffffd6]G[0xffffffb9][0xfffffff8][0xffffffa1][0xffffffce][0xffffffca]r[0xffffffaa]&[0xfffffff0][0xffffffaa][0xffffff89]4L[0xffffff88][0xffffffee]H[0xffffffd9][0xffffff96]W$'M[0xffffffd7][0xffffffd2][0xfffffff2][0x1d][0xffffff91]>[0xffffff9a]Xz[0x6][0xffffffb4]%[0xfffffff4]AUh[0xfffffff6][0xffffffdd]([0xffffffad][0xfffffffa][0xffffffa2]I[0x1d]L[0xffffffa3][0xffffffa8]@[0xffffffba]iL[0xfffffff6][0x8][0xffffffa2]?[0xe][0xffffff8c][0xffffffd0]"[0xffffffe1][0x1f][0xffffffe9][0xffffffb6][0xffffffb9]D[0xffffff87][0xffffffb4]W[0xffffffb1][0xffffffab][0xffffff98][\r][0xffffffdd][0xffffff85])[0xffffffda][0xfffffffc][0xffffff8c][0xffffffc5]u[0xffffff86][0xffffffa0][0xffffff98][0xffffffbb][0xffffffa4][0xffffffbd]k=[0xffffffb6][0xffffff89]U[0xffffffd2][0xffffffb1]JG[0xffffffe5][0xe][0xffffffa1][0xffffffa3]87P[0x1e][0x12]+5[0xffffffca][0xffffffc4]`[0x7]H[0xffffff93][0xffffff94]N[0xffffffcd][0x5][0xffffffbd]m][0xffffff90][0xffffff85]dVh[0xffffffd4][0xffffffb7][0xffffffa6]~;W[0xffffffbe][0xffffffe9][0xffffff9c]"[0xffffffa2]D[0xffffff8b]%M[0xffffffb7][0xffffffcc]pf6[0xffffffcd]Lw[0xffffffee][0x7][0xfffffff5]x[0xffffffb8][0xffffffaa][\n]"
10:24:15.368 [main] DEBUG com.github.dockerjava.zerodep.shaded.org.apache.hc.client5.http.wire -- http-outgoing-2 << "A[0xffffffed][0xffffff94][0x1]a[0xfffffffb][0xffffffad][0xffffffbf][0x13][0x1f][0xffffffcf][0x15]G[0xffffff9a][0x12]w[0xfffffff5][0xffffffb6]IX[0x18][0xffffffcb]mp[0xffffffb0][0xffffff91]\&9Cw[0xffffffc5][0xffffffcb]T[0xfffffff8][0xc][0xe][0xffffffb3]m/;[0xffffff91][0xffffffc7][0xfffffffd]I[0x3][0xfffffff6]P[0xfffffffc][0x16][0x13]e[0xffffffc8])[0xffffff87][0x1][0xffffffef][0xffffffb1][0xffffffb2][0x1a][0xffffffb6][0xffffff90][0x13][0xffffffc3]W[0xffffff95]x[\r][0xffffff80]oSC[0xffffffdc]>[0xffffffd7][0xffffff91][0xffffffc3]>'\[0xfffffff0]9[0x1e]o{z[0xfffffff3]:[0xffffffb7]q[0xffffffeb]T[0xffffffca]i[0xffffffb8][0xfffffff4][0x17][0xffffff85][0xffffff8d]",[0xffffffe4][0x13]<m[0xfffffff9][0xffffffd5][0xffffffc8][0x1f][0xffffffe6][0xffffff9f][0x5][0xffffffd4][0xffffffb6][0xffffffac][0xffffffe5][0xffffffcf]:[0xffffffff][0xffffffa8]g[0xffffffc6]_3[0xffffffc1][0xffffffc1]G[0xffffffb8][0xffffff90][0xfffffff3][0xffffff9a]Q^[0xffffffdc])w[0x8]&n[0xffffffae][0xffffffcf][0xffffff91][0xffffffce]Y[0xffffff84][0xffffffb9][0x7][0x1][0xffffff89][0xffffffda][0xffffff85][0xffffffa4][0xe]d7A[0xffffffa2]HQ[0xffffff82]$9.[0xffffff8d][0xffffff9e]=[0x4][0xffffffea][0xffffffa6][0xffffff88][0xffffffd3]t[0xffffffeb][0xffffffd4][0xffffffd4][0xffffffc1][0xffffffea][0xfffffffd]i[0xffffffdb][0xffffff88][0xffffffc6][0xffffffd8][0xffffffeb][0xffffffce]9][0x18][0x9]p[0xffffffff]i[0xffffffa0][0xffffffe1][0xffffffa5]N[0xffffffb9][0xfffffffd]t[0xffffffe7][0x7][0xffffff81][0xffffff8e]D[0xfffffffb][0xffffff9e],[0xffffffc6][0xffffffcc][0xffffff85]Y[0x1f]z[0xffffff9c][0xffffffa8]5[0xffffff8b][0xffffffd5][0x8][0x15]~lI[0xffffff81][0xffffffba][0xffffffac][0xffffffec][0xffffff9a][0xfffffff1][0x17][0xffffffa0]JkU[0xfffffff4][0x10][0xffffff96][0xffffffe9][0xffffffda][0xffffffdc][0xffffffcd]([0xffffffd1]@[0xffffffa8]U[0xffffff9b]B[0xffffffab]![0x7f]M[0xffffffdc][0x8][0xffffffeb][0xffffffb8][0x5][0xffffffdb]d[0xffffffa6] C[0xe]b3[0xffffff90]L[0xffffff88][0xffffffe0][0xffffffc1][0xffffff8c]Gr[0xffffffbd]P[0x1][0xffffffb5][0xfffffffa]7[0xfffffff0]`[0xffffff95][0xffffffe2][0xffffffb3][0xffffffcb][0x1b]|[0xffffff91][0x16]Q[0xffffff98],s[0xffffffd3][0xffffff89][0xffffffd5][0xffffff93][0xffffffcd][0x8]d[\r]~[0xffffff94][0xffffffcf][0xffffffc1][0xffffff93][0xf][0xffffffe5]U[0xfffffff4]![0xffffffdd][\r][0xffffffdc][0xffffff84][0xffffffd4][0xfffffff7][0xffffffc7]+[0xffffffef]5A_[0xffffffa7][0xffffff80][0xffffffb7][0xfffffff0][0x7][0xffffffdc]4[0x6]x(H[0xffffff8b]YF<[0x14];[0xffffffa8][0xffffffd1]![0xffffffcc]V([0xffffffda],[0xffffffc3]b[0x6][0xffffff8e][0x4][0xffffffa4][0xffffffc6]X[0xffffffe5]qk[0xffffff88][0xffffff96][0xfffffff1][0x1f]d[0xffffffaa][\r]$[0xffffff8b][0xffffffac]v[0x18][0xffffffe1]L[0xffffffa2]o[0x18]#l[0xffffffdc][0x19][0xfffffff1][0x18][0xfffffff3][0xffffffd4][0xffffff9d][0xffffff99][0xffffffca][0x15][0xffffff96][0xffffffe3]r[0xffffff91]?[0xffffffad]hM[0xffffffbb]z[0xffffff8a][0xffffffdf][0x1b][0xffffffcc][0xfffffffc][0xb]ZXQ[0xfffffffe]Q[0xffffffca]F[0xffffffd0][[0xffffff93]z[0xffffffa2][0xffffff85][0xffffff8f][0xffffffa7][0xffffffdc][0xffffffe2][0xffffffb6][0x0][0xffffffa3][0xffffff8f][0xffffffbf][0xffffffaa]|[0xffffffa1][0xfffffff5][0xffffffa1]dhMZ[0xffffff8b][0xffffff85][0xfffffff3][0x11]W[0xffffff8a][0xb][0xffffffa9][0xf]<[0xffffffe3][0x7][0x14]~$][0xffffffdf]k*[0xffffff9a][0x12]<m:[0xffffffba]E[0xffffffe4][0xffffffe5][0xffffffea][0x18][0xffffffad]m[0xffffffa7][0xffffffa3][0xffffff91][0x14][0x3][0xfffffff9][0xffffffdd][0xffffffb2][0xffffff85][0xffffffc0][0xffffff93][0x18][\r][0xffffffb2]v[0xfffffff4]+W[0xffffffea]agY[0x17][0xffffffb7][0xffffffec][0xffffffdf]8[0xffffffec](Vq[0xffffffc8][0xfffffff8][0xffffffa7]p[0xffffff9a][0xffffffc3][0xffffffc4][0xffffffa8][0xffffff96][0x18][0xfffffff8]eQ9[0x12]V[0xffffffef][0xffffffc2][0xffffffb9][0xfffffff5][0x4]8[0xfffffffa][0xffffff90]4U[0xffffffb6][0x14][0xe][0xffffffda][0xffffffa3][0xfffffff8]/[0xffffffe3][0xffffffd2][0xffffff96][0xfffffffd][0xffffff9f]d/[0xffffffcd]J[0xffffffe7][0xffffffc5]~z[0xffffff88]T;[0xffffffdd][0xffffff93][0xffffffcb][0xfffffff3]g[0x10]h[0x7][0xffffff91][0xffffffc1]0[0xfffffff0][0xffffffc9]][0xfffffff0]0[0x13]|[0xffffff99];[0xffffffa2][0xffffff85][0xfffffff0]5[0xffffffcd][0xffffffd3]g[0x5][0xffffffc1])[0xffffff83][0xffffffc9]@[0xfffffff8][0xffffffa2]J[0xffffff97]<{[0x19][0x5][0x9][0x3]O^[0xffffffcf][0xb][0xffffffdf][0xffffffdb][0x4][0xffffffc7][0xffffff9a][0xffffff9a][0xfffffff8]t[0xfffffff6][0xffffffa3]O[0xfffffffd][0x19][0xffffffac][0xffffffdf][0xffffff94]A[0x5][0xffffff98][0xffffff9d][0xffffffa7][0x10][0xfffffff3]s[0xfffffff7][0xffffffd8]?[0xffffffd0][0xffffff8f][0xffffffcd][0xffffffa7][0xffffffe9][0xffffffa0][0xffffffe5][0x12][0xffffffba]Z[0xffffff96][0xffffffa7][0xffffffc7][0xffffff89]s[0xffffffc4][0xffffff83][0xfffffff7]g[0xffffffab][0xffffffd1];[--q[0xfffffffe][0xffffffe2][0xffffffd0][0xffffffa1]@[0xffffffc5][0xffffffe3][0xffffff9a]"L[0xffffffa3]^^[0x7f]C[0xffffff8b][0xfffffff2]-[0xffffff92][0x18][0x2][0xffffff9b][0xffffff8c][0xffffffab]x[0xffffffe4]C[0x1b]F[0xffffffaf][[0xffffffa9][0x5]HP[0xffffffdf][0xe][0xffffffb0][0xffffffa7][0xffffffd5]C[0xffffffdb]zK[0xffffffbe][0xfffffff9][0xffffffd6][0xffffffec][0xffffffe6]z[0xffffffb9]&[0xffffffad]!cz[0xffffffed]S?[0xffffff83]p[0xffffff93][0xffffff82][0xffffffd6][0xffffff99]71[0xffffffc7][0xffffffca]%[0xffffffdd]9m&[0xffffff83][0xfffffff8]r[0xffffffa6][0xffffff82][0xffffffe2]{[\n]"
10:24:15.368 [main] DEBUG com.github.dockerjava.zerodep.shaded.org.apache.hc.client5.http.wire -- http-outgoing-2 << "[[0xffffffa9]}~E[0x7f]p[0xffffffd5]~[0xffffff80]8[0xfffffffc]z[0xffffffa1][0xffffffe6][0x16][0xffffffb2]([0xffffffe5][0xffffffb3]s$[0xffffffd3][0xffffff84][0xffffffe1]T&[0xffffffed][0x12][0x19][0xffffff8f][0xc][0xffffffeb][0xffffffca][0x5][0xffffffee][0xc][0xffffffaa][0xffffffb8][0x12][0xffffff89]r\jrKP[0xffffff9d]S[0xffffffda]l[0xfffffff8]WYB[0xffffffe4];uU[0xffffffec]XkQ[0xffffffba][0xffffffe5]u[0x16][0xffffffe8][0xfffffffb]C[0xffffffab][0xffffffb9]Q-[0xffffff94][0xffffffad][0xffffff90]5![0xffffff91]+[0xffffffc9][0x1f]@e[Jcy[0xffffff9b]u[0xffffff99]%[0x5][0x6][0xffffff9c][0xffffffc4][0xc][0xffffffa2];/[0xffffffa5]P'[0xffffff91]I[0x13][0x18][0xffffff8b]][0xffffffc7]U[0xffffff8e][0xffffffb8]s[0xffffffa5][0xffffffb4][0x19][0x1d]2[0xb]J[0xffffffa7][0xffffffd7][0xfffffff5][0xffffffc9]d[0x17]6[0xffffffc7]43[0x3]\:[0xffffffa3]r*[0xffffffb2]x[0xffffffd0][0xffffffb2]x[0x7f]57[0xfffffff5][0xffffffca][0xffffffa8]Y})[0xfffffff4][0xffffffe0]2S[0xffffff9f][0xffffffe6][0xffffff99][0xffffffb0][0xffffffcc][0x3][0xffffffbc][0xffffffdc][0xffffffcc]19[0xffffffe9]<[0x1e][0xffffffd8].[0xffffffc7]/[0xffffffae][0xffffffc8]A[0xffffff85][0xfffffff9][0xffffffdc]y([0xffffffe9][0xe]N[0xffffff9c][0xffffffb0]P[0x18][0xffffff90]%[0xffffffb9][0xffffffc5]([0x7f][0xffffffb9]#x[0xffffffc1]`[0xffffffa1][0xffffffe5]>[0xffffffa6]e[0xffffffc8][0xffffffb1][0xffffff93]"[0x16]Z[0xffffffad][0xffffffe4][0xffffffb3][0xffffff8b][0x13]o`[0xffffffc3][0xffffffd9][\r]r6>[0xffffff90][0xfffffff7][0xffffffd8][0xffffff9a]0[0xfffffffa][0x4][0xffffffa1][0x6]S[0x5][0xffffffe4][0xffffffe1][0xffffffb0]8[0xffffffdb]dL[0x15]_([0xffffff93][\r][0xffffff87][0xffffffd8][0xffffffba][0xfffffff8]B[0xffffffdb][0x13][0xffffffe1]E[0xffffffde]<e[0xffffffdf]|[0xffffffdc][0xffffffef][0xffffffd6][0xfffffff6][0xfffffff6]d[0x1e][0xffffffa9][0xffffffce][0xffffffd0][0xffffffe7]oc[0xffffffa3]i,[0[0xffffffb3][0xe][0xffffff91][0xffffffde][0xffffff93][0xffffff97][0xffffff83][0xfffffff7][0xffffff96]^<[0xffffffa9][0xffffffcb][0xffffffdc][[0xffffff81][0xfffffff7]@$[0xffffffab]9[0xffffffdd]N[0xffffffa8]7[0xffffffbf]&[0xffffffc1][0xffffffe0]R[0x18][0xffffff9d]`[0xffffffd5]M[0xffffffb4][0xffffff90][0xffffffcc][0xffffff93]4[0xfffffff6]o][0xffffffb6][0xfffffffb]4[0xffffff9e][0xffffffe3][0xffffff95][0xfffffff3][0x19][0xffffffec][0xffffff89][\r][0x2][0xffffffb6][0xe][0x1b][0xffffffa0][0x16][0xffffff80][0xffffffd7]2[0xffffffbb]W[0xffffffeb][0xffffff80][0xffffffdc][0xffffff85][0x19]$[0xffffffbd][0xffffff96]f[0xffffffdd][0xffffffc1][0xffffffc3][0xffffffa8][0xffffffe6]3[0xffffffc8][0xffffff90][0x17][0xffffff85]|B[0xffffffbf][0x17][0xffffffae][0xffffff99]L>Z5[0xffffff89]R[0xffffffcc][0xffffffe6]O[0xffffffac]h[0xffffffa9]*[0xffffffff][0xffffff9e].[0xfffffff1][0xfffffff1]>[0xc][0xffffff99]8N[0xffffffff]S[0x1b][0xffffffe7][0xffffffae][0xffffffe2][0xffffff80][0xffffffe2]Ih:j[0x1e]#-[0xffffff9c][0xfffffff0][0xffffff93]T[0xffffffec][0xffffff84][0x7];[0xffffff88]Z[0xffffff9a]C[0xffffffae][0xffffff86][0x7f][0xb]f#[0xffffffe2][0xffffffaa]>[0xffffffbc][0xffffffd0]p[0xffffffea]o[0xffffffa8][0xffffffff][0xffffff84]j{"[0x1a][0xffffff9d]+A[0xfffffff2][0x0]"![0xffffffe8]{W[0xffffff90][0x4]A[0xffffffef].[0xffffffca],[0xffffffd8][0x2][0x4]u[0xffffffdf][0xffffffe4][0xffffff84][0xffffffc0]_[0xffffffeb][0x15]\q[0x5][0xffffffbb][0xffffffc0])[0xffffffb1]&[0xffffffc3][0xffffffdc]70[0xffffffd9][0xffffffe1]p[0xffffffe6]H[0xffffffb3][0xffffffbf][0xffffff86]O9W[0xffffffb4][0x1f][0xfffffff4][0xffffffc2]m<[0xffffffa1][0xffffff98]#[0xffffffd8][0xffffffe5]{:[0xffffffd6][0xfffffff2]hJl'[[0xffffff8a]b@R[0x13][\n]"
10:24:15.368 [main] DEBUG com.github.dockerjava.zerodep.shaded.org.apache.hc.client5.http.wire -- http-outgoing-2 << "[0x1][0x1d][0xffffffdb]Z[0xffffffe7][0xffffffe2][0xffffffdf][0xffffffa2]a+95[0x7f][0xffffff80][0xffffff90][0xffffff85][0xffffff84]y[0xffffff89]"[0xffffffb6]"[0xffffffa2][0xfffffffd][0xffffffa4] [0xffffffef][0xffffffd2][0xffffffec][0xfffffff5][0x14][0xffffffd4]6\f[\n]"
10:24:15.368 [main] DEBUG com.github.dockerjava.zerodep.shaded.org.apache.hc.client5.http.wire -- http-outgoing-2 << "LN}[0xfffffff5][0xffffffa4]UJ[0xffffffb2][0x5][0xffffff82]6[\n]"
10:24:15.368 [main] DEBUG com.github.dockerjava.zerodep.shaded.org.apache.hc.client5.http.wire -- http-outgoing-2 << "[0xffffff89][0xffffffa6][0xffffffb9]A[0xffffffe6][0x0]%[0x15][0xffffffb8][0xffffffce],=[0xffffff86][0x5][0xffffffc9]id[0xfffffff5][0xffffff80][0xffffffb8]o[0x18]%J[0xffffff9c][0xffffffd6][0xfffffffd]C[0xffffffdd]@g[0xffffff9a][0xffffff81]/[0xffffffe2][0xffffffb4]h[0xffffffe2][0xffffffa6][0xffffffe0][0xffffffd5][0xb][0xffffff9b]`[)[0xffffff9c][0xffffffed]m[0xffffffdc][0xffffffff][0xffffffd1][0xffffffd1]%[0xffffffc8][0xffffff8a][0xffffffd0][0x1a][0xffffffc1][0x12]z4[0x1a][0xffffff9a][0xffffffc6][0x2][0xffffffba][0xfffffffa][\n]"
10:24:15.368 [main] DEBUG com.github.dockerjava.zerodep.shaded.org.apache.hc.client5.http.wire -- http-outgoing-2 << "N[0xffffffac][0xffffffb4][0xffffffb1]Z[0xffffffcd]M%[0xffffffd8][0xffffff99]x[0xfffffff5][0x1f][0xffffffaf]%#[0xffffffaf][0xffffffc9][0xffffffc6][0xffffff88][\r][0xffffffd9],L[0xfffffff1][0xffffffb2]#[0x16]ZdA[0xffffffd4]Z[0xffffffe7][0xffffffab][0xffffffe2]19[0x10][0xffffffe4] [0xffffff9a]![0xffffffb9][0xffffffc9][0xffffffd4][0xffffffcc]`[0xfffffff0]l[0x18][0xffffff89][0xfffffff7]`[0xffffff81]6[0xffffffed]?Ota[0xffffffa0]Y!<[\r]c-[0x15]X~[0xffffff95]'[0x1a][0x11][0xffffffcb][0xffffff94][0xfffffff7][0xffffffe8]f[0xffffffc2][0xfffffff4][0xffffff94][0xffffffc1]T[0xffffffc8][0xffffffa3][0xfffffff1][0x2][0x19][[0xf][0xffffffa0]b[0xffffffd1][0xffffffd6][0xffffff93]/[0xffffff93][0xffffffb8]N[0xffffffe3]37![[0xffffffea][0xffffffbe]'awl[0xffffffa2][0xffffffbd][0xffffffc5]`[0xffffff81][0xffffffeb]R[0xfffffffb][0x1d]?E[0xffffff9b]`[0xffffffa4]^[0x7f][0xffffffee]e[0x1a][0xffffffc8][0xffffffd6]k[0xffffffff]i=[0xffffffa3][0xffffffb2][0xffffffcb]][0x10]}[0xffffffba][0xfffffff8]@[0xffffffdb]u[0xffffff88][0xffffffca][0xc][0xffffffa9][0x2]Kb:[0xffffff8c]p[0xffffffed][0xffffffc6][0x18]H[0xffffffbb][0xffffff96][0xffffffa0][0x15]q[0xffffff93][0xffffff94][0xffffffac][0xffffff8e][0xfffffff8][0xffffffa3]T[0xffffff9f][0xf][0xffffff9f][0xffffffca][0x0][0xffffff95][0xffffffa9]8[0xffffffdd][0xffffffc0][0x15]3[0xffffff87][0xffffff97][0xfffffff9][0xffffffe3][0xffffffc4]2g[0x1]<$[0xffffffe8]lO[0xffffff97]H@[0xfffffff4][\n]"
10:24:15.369 [main] DEBUG com.github.dockerjava.zerodep.shaded.org.apache.hc.client5.http.wire -- http-outgoing-2 << "[0xffffffca][0x13][0xffffffde]8[0xffffffa3][0xffffff9f]q=!^[0xffffff8c][0xfffffff9]1[0xffffff92][0xffffff9b][0xffffff89][0xffffffc4]_[0xffffffd6][0xffffffa4]r[0xffffffa5]K[0xffffffcf]?XKZj{M[0x1b]i[0x1a][0xffffff93]p[0xfffffff1]L[0xffffff83][0xffffff88][0xfffffff1][0xffffff84]j2qC[0xffffffca][0xffffff8f][0xffffff97][0xffffffe4][0x13][0x2][0x14][0xffffff9f][0xffffffd1][0x1f]a[0x18]cr[0xffffffbc][0xffffffb5][0xffffffff]f[0x5][0xffffffe5]}[0xffffffa7]Q[0x1b]O[0xffffff99][0xffffffc1][0xfffffff2][0x16][\r][0xffffff84][t[0x7][0xfffffffc][0xfffffff2][0xfffffff8][0x2][0xffffffb9][0xffffff8e]Y[0xf]BZ[0xe]V4yn[0xffffff97]*[\n]"
10:24:15.369 [main] DEBUG com.github.dockerjava.zerodep.shaded.org.apache.hc.client5.http.wire -- http-outgoing-2 << "[0xffffffcd][0x17][0x15][0x1]-Ig[0xfffffff9][0xffffff87]dR[0xffffffd5]g[0xffffffca][0x3][0xffffffef][0xffffffeb]pT[0xffffffd3]a[0xfffffff4][0xffffffa2]?[0xffffffdf][0xffffff85][0x18]3[0xffffffe0]~[0xffffffb8][0xffffffb7][0xffffff97][0x4][0xffffffff]O[0x4][0xffffff8b][0x1d][0xffffffa2].[0xffffff9b][0xffffffc4][0xffffffd3]_[0xffffffe6];[0x12][0xffffffde]"[0xffffffc3]2V[![0xffffff92][0xffffffa7][0xffffffe5][0xffffffd5][0xfffffff1]w[0xffffffbb]_[0xffffffc6]"i[0xffffffdf][0xffffffda][0xffffffc4][0xfffffff8][0xffffffb5]A$[0xffffffd0]J[0xffffffd9]A[0xffffffb0][0xffffffb6]>[0xffffffd2]&[0xfffffff3]/^[0xffffff91]U[0xffffffb2][0x6][0xffffffe5][0xffffffcf][0xfffffffb][0xffffffab][0xfffffff4][0xffffffb2][0xffffffd2]t"[[0xffffffdd][0xffffffef]WW[0xffffffb6]([0xffffffe1]}[0xfffffff7][0xe][0xffffffff][0xe][0xffffffaa][0xffffffa9]_5m[0xffffffe0][0xffffffe3]r[0xffffffce][0xffffffc9][0xffffffdc][0xffffffd0][0xffffffcb][0xffffff9d])[0xffffffdc][0xffffffbf]=[0xffffffaa]4w[0x14]Z[0x5]9s[0xffffffcc][0xffffffbe][0xfffffffd][\n]"
10:24:15.369 [main] DEBUG com.github.dockerjava.zerodep.shaded.org.apache.hc.client5.http.wire -- http-outgoing-2 << "x[0x18]"C^[0xffffffea]=[0xffffffbb][0xffffffba]:6[0xffffffd1]|tZ[0xffffffd6][0xb]8[0xffffffbc][0xffffffb2][0xffffffd5][0xffffffd3][0x9]^9[0xffffffc8]J[0xffffffa2][0xffffff81][0xffffffd9]7][0xffffffaa][0xffffffb0]k[0xffffffbd][0xffffffb8][0xfffffffa][0xffffff85][0xffffff88]iO[0xffffffa2][0xffffffb0][0xffffffcf][0xffffffdd][0xffffff8b][0xffffffae]G$[0xffffffba]bVek[0xffffffba][0x3]l-M?3[0xffffffb2][0xffffffb7][0xffffffa4][0xffffffb3][0xffffffbc]4[0xffffff9e][0xffffffab]f[0xffffffe9]}[0xfffffff0][0xffffffb8][0xffffff88][0xffffffd1]&[0xffffff83]Z[0xffffffdc]3[0xffffff89]3[0x1][0xffffffca]h[0xffffffbf]-$)C&[\r],[0xffffffa1]![0xffffffdd][0xffffff84][0xffffff8a]B[0xffffffa4][0xffffffed]N[0xffffff9f]YJQ[0xffffffbf]%&1[0x14]a[0xffffffd9][0xffffffc6][0xffffffc6][0xffffff81][0xffffff9e][0xffffff8b][0xffffffb8]s'[0xfffffff8][0xffffffb0];twC[0xfffffffb]:[0xffffffa2]3[0xffffffb8][0xffffff90][0xfffffff0][0xffffffd5]N[0xffffff91][0xffffffa4][0xffffffd4]Fl[0xffffffbc]' |![0x4]Q[0xfffffffc][0xffffffee]d([0xffffff8d][0xffffff92][0xffffffa8]p[0xffffffe0][0xffffff8f]So[0xffffffb5][0xffffffde][0x11]X[0x10][0xfffffff9][0xffffff88][0xffffffe5][0xfffffff0][0xffffffeb][0xffffffc9][0xffffff9b][0xffffffd9][0x2]U.[0xfffffffc][0xffffffeb]E[0xffffffec][0xffffffa0][0xffffffb5]F[0xfffffff3]S [0x1c][0xfffffff9]L[0xb][0xffffffa3]'[0xffffff81]S[0xffffffdd][0x0][0xffffffcd][0xffffffe0]&[0xffffffaa][0xffffffd9][0xffffffcd][0xffffff82]Q0[0xffffffb7]~[0xffffffd9]}[0xffffffbc][0x13][0xffffffae][0xffffff83]Z[0xffffffcd]q[0xffffffe6]`[0xffffffcf][0xffffff8d][0xffffffb3]{HGL[0xffffffcb][0xffffffae][0xfffffff3][0xb][0xffffffb1][0x1f][0xffffffaf]8g6[0xffffffbf]>[0xffffffbc][0xffffffb6][0x7]^[0xffffff9d][0xffffff9d][0xffffff84]2[0xffffffbd][0xffffffbe]T[0xffffffd1]f[0xfffffff2][0x1][0x1c][0xfffffff1]^[0xffffffd8][0xffffffaf][0xffffffce][0x9][0x6]ru[0xfffffff6][0x17][0xffffffa8][0xffffffe9]P[0xffffffd5]J[0xffffffae]r[0xffffff94]q[0xffffffc1][0x19][0xffffffea][0xfffffff1][0xffffff8f]k[0xffffff8b][0xffffff9c][0xffffffa1][0xffffffcf][0xffffff82]M[0x19][0x3][0xffffffaf][0x0][0xffffffd9]b[0xffffffde]I[0x13][0xffffffb4][0x1c]z[0xffffff86]_q[0xfffffff7][0xfffffff4]J[0x6][0xffffffc8][0x6]$[0xffffffb6][0xffffffbb]~F[0xffffffc7][0x7]-[0xffffff93]?[0xffffffff][0xfffffff4][0x8]Ps[0xfffffff3],[0xffffffb5][0xffffffb0][0xfffffff3][0xffffffdf]_[0xffffffd6]x[0xffffffbc][0xffffffef]z[0xfffffff1][0xffffff90]I[0x10][0xffffffc3][0xffffffd8]U[[[0xffffffca][0x15]#N[0xffffffb2][0xffffff83]cn![0xffffffcf][0xffffffa8]q0@[0xffffffc1][0xffffffdc][0xffffffc4][0xffffffc5]<[0xffffffb9][0xffffffe2][0xffffff92][0xffffff97][0x3][0xffffffa1]{^[0xffffffbd][0xfffffff2][0xfffffff0]%z[0xffffff8d][0xfffffff0]m[0x18][0xffffff99]H[0x1]X[0xffffffe2][0xffffffe5][0xffffff84]Wz[0xffffffa0]$>c[0xffffffa7][0xffffffc4][0xfffffffb]bh[0x18]\j[0xffffffee][0xffffffaa][0xffffffcb][0xffffffcc][0xffffffbb][0xffffff89]/[0xffffff9e]%[0x15]r[0xfffffff2][0x15][0xfffffffd][0xffffffed][0xffffffae][0xffffff8a][0xffffffb5][0xffffffe8]+[0xffffff8e][0xffffffe0][0xffffffd7][0x1f][0x1d][0x8][0xffffffba]9qk[0xffffffae][0xffffffbb]x[0xffffff87][0xffffffb3][0x16]0K[0xffffffe3]4[0xffffffc8]:][\n]"
10:24:15.369 [main] DEBUG com.github.dockerjava.zerodep.shaded.org.apache.hc.client5.http.wire -- http-outgoing-2 << "[0xffffffa8]aD[0xffffffb7][0x6][0xffffffb1][0x3][0xffffffd8]Y>da[0xffffff8a][0xffffff8b][0xffffffab][0xffffffb8][0xf][0xffffffe7]%[0xffffff83]*[0xffffffaa][0xfffffff8][0xffffffd8][0x19][0x1][0xffffff92]sy[0xffffff8e][0xfffffffb][0xffffffbe][0xffffffb9][0xffffffa3][0xffffffc0][0xffffffa6][0xffffffd4][0xffffffd7][0xffffff93][0x9]z[0xffffffc3][0xffffff93][0xffffff9b][0xffffffca]/[0xffffff97][0xffffffa3][\n]"
10:24:15.369 [main] DEBUG com.github.dockerjava.zerodep.shaded.org.apache.hc.client5.http.wire -- http-outgoing-2 << "[0xffffffcd][0xffffffaa][0xc].f[0xffffffb5][0xffffffa5][0xffffffe1]L[0xffffff90]N[0xffffffda]q~9[0x3]![0xffffffe1]<[0xffffffb9][0xffffffc6]+[0xc][0x5]<H[0x1d]z[0xfffffffc][0xffffffb7]>bT[0xffffffb0][0xffffffca]C[0x13][0x2][0xffffffee][0xffffff98][\n]"
10:24:15.369 [main] DEBUG com.github.dockerjava.zerodep.shaded.org.apache.hc.client5.http.wire -- http-outgoing-2 << "[0xfffffff1][0xffffff81][0xffffff8a]7A[0x9][0xffffff89]K"[\r][0xffffff93][0x6]!)[0xffffffb6]][\n]"
10:24:15.369 [main] DEBUG com.github.dockerjava.zerodep.shaded.org.apache.hc.client5.http.wire -- http-outgoing-2 << "u9[0xffffffdc][0x7f]rU[0x0][0xfffffff0][0xffffff92][0x5]&[0xfffffff8][0xffffffcf][0xffffffa8]|[0x5][0xffffffda][0xffffffd4][0xffffffbd]([0xffffffb7]o@}[0xffffffd2][0xffffffe8][0xffffffe1][0xffffff88]D2[0xfffffffd]J[0x10][0xffffff8e][0xffffffaf][0xfffffffe]>dB[0xffffffcd][0xffffffa3][0xffffffef]S[0xffffff81][0xffffffe2]S[0xffffffe7].[0xffffff84][0xffffffdb]cE[0xfffffffa][0xffffffdb]"[0x4]K[0xffffff93][0x15]C[0xffffffcd][0xffffffb7]f[0xffffffaa][0xffffffee][0xf]C[0xffffffab][0xffffffb9]u[0xffffffa5][0xffffffba][0xffffff98][0xffffffbd]X|[0xffffffb3]X[0xffffffcb]-[0x15][0xffffffc3]Q*9f[0xffffffa5][0xffffffbd][0xffffffde]e[0xfffffffa][\r]Q^[0xffffffda](^[0xfffffff6]/[0xffffffd4]:[0xffffffa9]r[0xc][0xffffffe0][0xffffffcf][0xffffffd8][0x6]G[0xffffffa9][0xfffffff8]T[0xf][0xffffffc3]s[0xfffffff6][0xffffffc8][0xffffff82][0xffffff9d][0xfffffff2][0x7][0xffffffc9][0xc][0xffffffa4][0x1c]$[0xffffffd0][0xffffffdb][\r][0xffffffb4][0xffffff8d][0xffffff9d][0xffffffc2][0xfffffff3][0x19][0xffffff88][0xffffffec][0xffffff87]z[0xffffffeb]:[0xfffffff8][0xffffffaa][0xffffffda][0xffffffa9]x!j[0xffffffe3]h[0x15][0xffffffb8][0x1c][0xffffffd3][0xe][0xffffffd0][0xffffffee][0xc][0xffffff98][0xffffffcd][0x2][0xffffffb3]3[0xffffffb8][0x7]1[0xffffff98][0xffffffbb]C[0xffffff96];55oh[0xffffffe8][0xffffffb0]"[0xffffffc3][0xffffffb5][0x13][0x1e];[0xffffffa0][0xfffffffe][0xffffffe4]1[0x2][0xffffff80]V[0xffffffaf][0xffffffd6][0xffffffd9][0xffffffd2][0xffffffa3][0xfffffff6][0xffffffc0][0x17][0xffffffe8][0xffffffce]bJ[0xffffffdb]?[0xffffffe1]k[0xffffffe3][0xffffffc9][0xfffffff3][0x10]k[0xffffffe0][0xffffffd0][0xfffffff8][0xffffffcd]80[0x1e][0xffffffb0][0xffffffcb][0x10][0xffffff82][0xf][0xfffffff7]D[0xffffffc2][0xffffff83][0xffffffbd][0xffffffda][0xffffff93][0xffffffb7][0xffffffb0][0xfffffff0][0xfffffff9][0xfffffff6][0xffffffe5][0x1b]'[0xffffff98]~[0xffffffdf][0xffffffcd]D[0xffffffdb]:[0xffffff84][0xffffffee][0xffffffb6]wc%[0xffffffab][0xffffffaf][0xffffffff][0xffffffdc]4eC[0xffffffde]=[0xffffffbe]][0x19][0xe][0xfffffff5]C[0xffffffe7]8[0xffffffa1][0xffffffdb][0xffffffd6][0xffffffa0]n[0xffffff98][0xffffff9c][0xffffff84][0x12][0x1]2[0x9][0xffffff9b][0xfffffff7][0xffffffd5][0xffffffa7][0xffffff88]1[0x4][0xffffffe3][0x18][0xffffffe9][0xffffffd6]-[0xffffffdb][0xffffffcd][0xffffff96][0xffffffaf][0xffffffbd]d5[0xffffff9c][0xffffff82][0xffffffb7]`$[0xffffff8e][0xfffffff7][0xffffffc6][0x1d][0x16]$^[0xffffffa4][0xffffffa4][0xb][0xffffff96]l[0xe]`[0xffffff83][0xffffffbe]8[0xffffff8a]x[0xffffff8e][0xffffffcf]{D#[0xffffffa9][0xffffffd2][0xffffffb5]q[0xffffffe1]7[0xffffff81];[0xc]>[0xffffffce][0x7f][0xffffffe3][0xffffffd2][0xffffff91]I=[0xffffffab]~1~<[0xffffffe2]C[0xffffff89][0xffffffdb]n[0x6][0xffffff98][0xfffffff7]E[0x1b]#`[0xffffff94]5[0xfffffffa][0xffffffc6][0xffffff86][0xfffffff8][0xffffff94][0xfffffff3]Kd[0x10][0xffffffef][0xffffff99][0xffffffd1]xC[0xffffffb0]4[0xffffff97][0xffffffd6]-it![0x3]3[0xfffffff7][0xffffffe7]8I[0x1c]Y[0xffffff88][0xe][0xffffffb7][0xffffff99][0xffffffe0][0x11][0xffffffb2][0xffffffcb]~[0xffffffdc][0xffffff80]y[0xffffffda],[0xffffffff][0xffffffa6]<[0xffffffb5]U[0xffffff86][0xfffffffd][0xfffffffd]\[0xffffffac][0x1f]n[0xffffffb4]N[0xfffffffc][0xfffffff9] [0xffffffd2]A[0xffffffe1][0x1e][0x1b][0xffffff96]A[[0xffffffab][0xffffffe9][0x4][0xffffff90]@[0xffffffdf]1([0xffffff9a]8|[0x19]?[0xffffffbe][0xffffff90][0xffffffc2][0xffffffaf][0xffffffa4]3hV[0xffffff8f][0xffffff81][0xffffffc9]Vr[0xffffffdf][0x1b]b8[0xffffffff][0xffffffe8][0xffffff8f]u[0xffffffff]3[0xffffffff][0x0][0x2]K8[0xffffffcc][0xffffffca][0xffffffb8]T[0xffffffbe][0x12]%[0xffffffe2]i[0x7f]9L^v[0xffffffff][0xffffff8b]U[0x1b][0xfffffff6][0x12][0xffffffa6]q[0xfffffff5][0xffffffc6][0x19][0x10][0xffffffe6]$[0xffffff95][0xffffffc3][0xffffff8e][0xffffff9b][0xffffffc1]yah[0xffffffdc][0xffffffd6]6[0xffffffa2][0x8]L[0xffffffcc]!n[0xfffffffd][0xffffff8c][0x1e][0xffffffb7][0xffffffe3]w[0xfffffff4]7[0xffffff81]j[0xffffffa5][0x1][0xffffffbd]H[0xfffffff7]`U[0xffffffe6][0xffffffca]o[0xfffffff0][0xffffff8f][0xffffffb0][0xffffffe1]7[0xffffffbe][0xffffffbb][0x7]w[0xffffffaf][0xffffffbf][0xffffffd0][0xffffffe3]4X[0xffffff81][0xffffff98][0xffffffb7]I|[0xffffffd3][0xffffffea]zF^d[0xffffffc3][0xffffffc2]:-9[0xffffff86][0xffffffac][0xfffffff8]H[0xfffffff8][0x16]$[0xfffffff1]w[0xffffff9e]D[0xffffffbd][0xffffffe0]d[0xffffff96]=w[0xffffffde][0xfffffff8][0x2][0xffffffaf][0xffffff9d][0xffffffae][0x5][0xffffffee]x[0x1c],nf%AX[0xfffffff0][[0x3][0xffffff9d][0xffffff83][0xffffffa1][0xffffffcb]HU[0x12][0xffffff87]6[0xffffffa5]9;[0x1c][0xffffffba][0xffffff97]Y[0xffffffd6]o[0xffffffb9][0xffffff80]Z^[0x9][0xffffffaa]9_[0x19][0xfffffff1][0xffffffd8]-f[0xffffffec]([0x7f][0xffffffe4][0xffffff85][0xffffffd6]{&[0xffffffa9][0xfffffffd][0xffffff97]q[0xffffffca][0x0][0xffffff83]8[0x14][0x14][0xffffffa0]o=[0xfffffff1]5[0xffffffa5].[0xffffffa4][0xffffffa6]O[0xffffffd6]#[0xffffff82][0xffffffd3]T;[0xfffffff3]D[0xffffff83][0xffffffc0][0xfffffffb]k[0xffffffd4][0xffffffa9]K[0xffffffe4]^G[0xffffff80][0xffffffd3][0xffffffe7]Z[0xffffffb3]l[0xfffffff7][0xffffffce][0x5]l[0xffffffd6]$BE<:[0xffffffbb][0xb][0x14][0xffffff8a]U+j[0xffffffc3][0xffffffb8][0xffffff89][0xffffffba]Y[0xf]r[0xffffffa5][0xffffffba]G([0xffffff93][0xffffffcf][0xffffffa5][0xffffffc5]J[0xffffff8e][0xfffffffd][0xffffff9f][0xffffffe2][0xffffff9e][0xfffffff9][0xffffffcc][0xffffffa2]3[0xffffffe4]m[0xffffff8c]m[0xffffffbc]"{[0xffffffde][0xffffff92][0xffffff8a][0xffffffb4]~2[0x1a][0xffffffa2]j[0xffffffde][0xffffffb1][0xffffffd1][0xffffffbc][0xffffffc0]S[0xffffffac][0xffffffd4]][0xffffffbc]_;[0xffffffad][0xfffffffb][0xffffffd6]f[0xffffff98][0x5]ma[0xffffffc6][0xfffffff5][0xffffffc8][0x1a][0xffffff82][0xfffffff9][0xffffffd7][0xffffff91]ev[0xffffffa7]MfR[0xffffffe4]]G[0x12][0xffffffb9][0xffffffcc][0xffffffe9]2[0xffffff83][0xffffff92]M[0x0][0xffffffc6][0xffffffb2];[0xffffffcf]L[0xffffffc9]m[[0xffffffc2][0x15]/[0x0][0xffffffff][0xffffffb7][0xfffffff2][0x1][0xffffffdc][0x1a]U%#[0x1f][0xffffff93][0xffffffe3]6v[0xffffff99][0xffffff84][0xffffffee][0x10]4[0xffffffe2][0xffffffd9][0x11][0xffffffc7]9[0xfffffff9][0xffffffdc]A[0xffffffe5][0xffffffad][0x14][0xffffff82]~b[0xffffffcf]nU[0xffffff98][0xfffffffb]U[0xfffffffe][0x1f][0xffffffee][0xfffffff5]3Q[0xfffffff4][0x18](C[0x7][0xffffffce]4[0xffffffe7][0xffffffe6][0xfffffffb][0xffffffa7][0xfffffff6])[0xffffffec][0xffffffad]v[0xffffffa1][0xffffffd0]F[0xffffffff][0x0][0xfffffff9]C&[0xffffffbd][0xffffffa4]|[0x5][0x1b][0x1a]Bg[0x15][0xffffff83]y[0xffffffff]|'[0x12][0xffffffab]n[\n]"
10:24:15.369 [main] DEBUG com.github.dockerjava.zerodep.shaded.org.apache.hc.client5.http.wire -- http-outgoing-2 << "[[0x8]d:[0xffffffac]*t[0xffffff8e][0xffffff86][0xffffffea]Q[0xffffffce]G[0xffffffc3][0xfffffff7]o[0xe]C[0xffffffab][0xffffffd9]Ba[0x2][\r][0xffffffe3]W[0xfffffff6][0xffffffb7][0xb])^[0xffffff91][0xe][0xffffff95][0xffffffd8][0xfffffff1][0x1f][0xffffff83][0xffffff93]8[0x1b][0xffffffd2][0xfffffff2][0xffffffcd]vl3[0xffffff9f]K;~'[0xffffffb5][0xffffffde]g[0xffffffcc][0xffffff8a][0xffffffd4]4S[0xffffff98][0xffffffaa]U|[0xffffff93][0x1d][0xffffffc2][0x1]<[0xffffff9f][0xffffffca][0xffffff96]wWs[0xffffffe9]5([0xfffffff0][0xf][0xffffffe4][0xffffffd6][0xffffff8f][0xffffff95][0x1e][0xffffffa1].v^[0xffffffaf]N[0xffffff93]Q[0xffffffe1][0xffffffb2][0xffffffd3]9[0xffffff8f][0xffffffdd][0xffffffcb][0xffffffe3][0xfffffff4][0xffffffb9]W[0xf];[0xffffff8b][0xffffffe6][0xffffffa9]>w[0xffffffcb][0x0][0xffffffc3]M[0xffffffa7][0xb]h[0xffffffa3][0xf][0xffffffdf][0xffffffd7]B[\n]"
10:24:15.369 [main] DEBUG com.github.dockerjava.zerodep.shaded.org.apache.hc.client5.http.wire -- http-outgoing-2 << "N[\r][0xe][0xffffff84][0xffffffdf]I[0xffffffb2][0xffffffe5]][0xfffffffc][0xffffffaa]7g[0xffffffc7]D[0xb]r6i%[0x8]4[0xffffffa6][0xffffffa5][0xffffffed]7[0xffffffdd][0x4][0xffffffa0][0xffffffb3][0xffffff95]_A[0xffffff82][0xffffff91][0xffffffee])x[0x17];[0xffffff96][0xfffffff9][0x7f][0x8][0xffffffa3][0xffffffae]_[0xffffff9a]#[0xfffffff1][0x5][0xffffffb7]53[0xffffffa5][0x5]=[0xffffffcc][0xfffffffc][0xffffffd4]O[0xffffff9c][0x3]~)[0xffffffed][0xffffffab]j[0xfffffff9][0x1e][0x13][0x1b][0xffffff84]b[0xffffffd6][0xffffffda][0xb]|[0xffffffb7]L[0xffffff93]b[0xffffffd9][0xffffffc6][0xffffffb0][0xffffffa7][0xffffffbe]G[0xffffffa4][0xffffffc1][0xffffffc9]-Sg[0xfffffffa][0xffffffb7][0xffffffcc][0xffffffec][0xffffffe7][0xffffffed][0xffffff85]W[0xffffffc5]"][0x12][0xffffff91][0xffffff82][0x15][0xffffffce]H[0xfffffffa]`[0xffffff8c]vu~[0x8]u}[0xffffffe6] $[0xffffffe3][0xffffffce]d[0xffffffb4];[0xffffff90][0xffffffaa][0xffffffc1][0xffffff8b][0xffffffa7]E[0x8][0xffffff88][0xffffffd0][0xffffff85]h[0x18][0xffffffe1]6[0xffffff90][0xfffffff1][0xfffffff3]%[0xffffffb5][0xffffffd4][0x1c][0xffffffc4][0xfffffff4]p[0xffffffc7][0x19].[0xffffff96][0xffffffd2][0xffffffb9]\[0xffffffaa][0xffffff86][0xffffffde][0x14][0xffffffa9]7[0xffffffc0][0xffffffda][0xffffff83]10[0x3]zo[0xffffffa8]b0[0xffffff9b][0xffffffa9][0xffffff9a][0xffffffe2]D.[0xfffffff4][0xffffff89][0x11][0x1][0xffffffac][0xffffff86][0xffffffd8]m[0xffffffbf][0xffffffb2]|[0xffffffea]hm[0xffffff89]Q[0x1b][0xffffffaf][0xffffff8d][0xffffffd2][0xffffff9e][0xffffff90][0xffffffcc]:[0xffffffbd][0xffffffba][0xfffffff8],([0x3].+[0xffffffb5][0x12][0xffffff98][0xffffffc2][0xfffffff3][0x9][0x2]'[0xffffff95]h[0xffffffce][0xffffffdd]T[0xffffffa5][0xffffff99][0xffffff9e]l[0x3][0xffffffb7]_[0xfffffffe]4iO[0xffffff9b]M[0xfffffff9][0xffffff91]g[0xffffffe5][0x1f].[0xffffff87][0xffffffa8][0x17]v[0xffffffd4][0xffffff9d][0xfffffffd][0xffffffa4][0xffffff8e]7[0xffffff8e][0xffffffbe][0xffffff8f][0xfffffff5][0xfffffff6]V[0x15][0xffffffb7][0xffffffea]S[0xfffffffe][0xffffff96][0xffffffd5][0xffffffc7][0xfffffff7][P[0xffffffeb][0x2][0xffffffdd][0xfffffff1][0xffffffea][0xffffffbd][0xc][0xffffffd9]k[0xffffffc6][0xffffffb0]7&[0xffffff86](][0xfffffff6]![0xfffffffa][0x0]?y[0xfffffff3]HdI8d[0xfffffff1]%[0xffffff8b][0xffffff84]L[0xfffffffd][0xffffff98][0xffffffc1]d[0x17]h[0xffffff9e]c[0xffffffd2]e[0x2]&e*[0x17][0xffffffd4][0xffffffdc][0xffffffc9][0xffffffdf]\[0xffffffcb][0xffffffa1]u[0xffffff8d]pW*[0xfffffffe]@X[0xffffffc1][0xffffff96][0xffffffa5][0xffffffce]l[0xffffffad][0xffffffe4][0xffffffe1][0xffffff8c][0xffffff9d][0xfffffffb][0xffffffec]?.[0xffffffa2][0xffffffb4][0x4]W[0xffffff81][0xffffff82][0xffffff81][0x7f][0x14][0xffffffcd]p][0xffffffb3][0xffffff8e][0xffffff85]hGO[0xb]!J-[0xffffffb5][0xfffffff0][0xffffffe3]WT+&[0xffffffe9][0x16][0xffffffe5]k[0x1d][0xffffffd4]-[0xffffff96]O[0xffffffc1]3>[0xffffffe3][0xffffffc8][0xffffffcb][0xffffffec]`[0xffffffa6]js[0xffffffc5]M[0xffffffe4]t/[0xffffffee]k[0xffffffb6]QZ[0x19][0xffffffc7][0xfffffffb][0x19])y[0xffffffab]_I&[0xffffffc2]yh[0xffffffee]bg[0xffffffbb][0xffffffc9]d[0xffffffeb]"Rn[0xfffffff1][0xffffffc3]?[0xffffff8c]u[0xfffffffd]e[0xffffffa5][0xffffff98]~[0x1b]H[0xffffffbf][0xffffffbe]-n[0xffffffa6][0xfffffff3]!-[0xffffffb6]?[0xffffffa2][0x18][0xffffffe3][0xfffffff8]9k%[0xffffffe7][0xffffffe1][0xfffffff8]zG[0xffffffec]S[0x7]~[0x1b][0xffffffb8][0xffffffa9]1E[0xffffffc5][0x3]q[0xffffff87][0xffffffde][0x1f][0xffffff86]O[0x10][0x11]O[0xffffffd9][0x2]{#[0xffffffc8][0xffffffbe]][0xffffffea]2[0x1]5k{-[0xffffffd9][0xffffffbd][0xffffffb2][0xffffffd0]u[0xffffffab]pFBv[0xffffff91][0xffffffa1][0xffffffce][0xfffffffa][0x15][0xffffff8b][0xffffffd7][0xffffffc2][0xffffff8f][0xffffffa0][0x1a]m[0xffffffe8][0xffffff93]$[`[0xffffffd5][0xffffff97][0xfffffff2]7`[0x1c]~Jxn[0xffffffeb][0xffffffd7][0xffffff9c]h[0xfffffff5][0xffffffd0][0xffffffd5][0xffffffec][0xffffffc3][0xffffff8d][0xfffffff1]4[0xffffffb1][0xffffffaf]%[0xffffffc5][0xffffff83]t[0xffffffe2][0xfffffffa][0xffffffa0]X[0xfffffffe],[0xffffffd8]o[0x14][0xffffffd0][0xffffffcf]VMz[0xffffffbd][0xffffff91][0xffffff94][0xffffffb4][0xffffff81][0x1d]s[0x14][0xffffffd7]~[0x1e][0xfffffffa]n[0xffffffdb][0xffffff90][0xffffffa6]6[0xffffffe3][0x19][0xfffffff9][0xffffff82]G[0xffffffc1]'[0xffffff8c]GY_x[0xffffffde]Grt[0xffffff8b][0xffffffcd][0x11][0xc]~[0xffffffcc][0xfffffff8][0xffffff99]u[0xffffffd9][0x1e][0xffffff8a][0xffffff96][0xffffffe7][0xffffffae]p[0xffffffbb][0xffffffd2][0xfffffffc]=[0xffffffde]k[0xffffffaf]<[0xffffffd3][0xffffffd3][0xffffffc2]L!o[0xffffffaa][0xffffffe0][0xffffffc2]?[0xffffffa2][0x12]|E[0xffffffd0][0xffffffe0][0xffffff83][0x0]K[0xffffffe9]Xm[0xffffffa9][0xfffffff1][0xffffff80][0xffffff82]k[0xfffffff4]7b[0xffffffa1]'[0xfffffffe][0xffffffcf][0xffffffce][0x12][0x10]sG[0xffffff99]AGmY[0xffffff82][0xffffff98][0xffffff8c][0x13]j[0xffffffcd][0xffffffe5][0xffffff85][0x7f]F2[0x2]t[0x10][0xffffffc8]?[0x3]G[0xffffff98][0xffffffe6]l[0xffffffa9]![0xffffffe7][0xffffff95]`[0xffffffcb][0x11][0xffffffdc][0x1a][0xffffff84][0xffffff9b]P[0xffffffd9][0xffffffbb]<[0xffffffcf][0xffffffae][0x2]A[0xffffffc9][0xffffffea][0xc][0xffffff81]9[0xffffff9c][0xffffff8b][0xffffffb4][0xffffffa4]ZW.[0x12][0xffffff88][0xffffffa8][0xffffffe5][0xffffff9f][0xfffffff8]F[0x7f][0xfffffffd][0xffffffa7][0xffffffc0][0xffffffbe][0xffffffcd][0xffffffb5][0xfffffff7][0xfffffff6]SE[0xffffff91][0xffffffa3]CZ[0xffffffe7][0xffffff9f]R[0xffffff93][0xffffff97][0xffffff82]9r(a~up[0xffffff8a][0xffffffbc]@i[0xffffffd8][0xffffffe0][0x0][0xffffffa1]s[0x4][0xffffff83]o[0xffffffd5]JGo[0xffffff83][0xffffffbf]p[0xffffffb3][0x16][0x7]H[0xffffff9b][0xffffffa3].[0xffffffb5]P[0xfffffffc]on[0x15][0xffffffc2][0xffffffe6]L[0xffffffe4][0xffffff95][0xffffff86][0xfffffff4][0x1c][0x7f]K[0xffffffc2][0x3][0xffffffd2][0xffffffb0][0xffffffb1][0xffffffc3][0xffffffb5][0xfffffff5][0xffffff86][0xffffff80][0xffffffae]Tby[0xffffff96]~[0xffffff91][0x8][0x1a]>V[0xffffffd1][0xffffffc0][0x10][0xffffff9b]->[0x10][0xfffffffc][0xffffffb7]_T[0xffffff9f]*6[0xffffffab][0xffffffd9][0xffffffc2]'[0xfffffffe][0xffffff8d]3q[0xffffffd1][0xffffffcb][0xfffffffe]S[0xb][0xffffff92][0xffffff98][0x17][0xffffffa3][\r]8[0xb]j[0xffffffdc][0xffffffa4][0xffffff8f][0xffffffd7][0xfffffff0]'[0xffffffa9]8[0xffffffcd][0xffffffc6][0xfffffff8]D[0xffffff91][0x4][0xffffffb2][0xffffffda]p9[0xffffffd3]|[0xffffff93]"[0x16][0xffffffd1]:[0xffffffbb][0xffffffc8][0xffffff85]a[0xffffffce]r[0x5][0xffffffe7][0x19][0x1][0xffffffe4]Q[0xffffffd9]p[0xffffff8f][0x0][0xffffffba]b[0x1c][0xffffffa7][0xfffffff8]4[0xffffff93]s[0x9][0xffffffd8][0xffffffb1]l[0xfffffff1][0xffffff9a]QQ;[0xffffffc9]m[0xffffffe7][0xffffffd1][0xffffffbe][0xffffffb7];[0x1f][0x8][0xffffff85]67n[0x1d][0x1f][0xffffffab][0xffffffda]%K#[0x5]Rp[0x19]E[0xffffffee]s[0xffffffe5][\n]"
10:24:15.369 [main] DEBUG com.github.dockerjava.zerodep.shaded.org.apache.hc.client5.http.wire -- http-outgoing-2 << "Q)f[0xffffffc0][0xffffffea][0xffffffa5]0qU[0xffffff88]3[0xffffff9d]y[0xffffff82]*[0xffffffc4][0xffffffed]s[0xfffffffe][0xffffffe0]Lu[0xfffffffe][0xffffffb8][0xffffff91][0xffffff85]gdYv_5[0xb]&@t[0xfffffffd].[0xffffffa0][\r]zQ[0xe][0xffffffd0][0xb]j[0xffffff8a][0xffffffd6][0xffffffa7][0xffffffb6]{[0xffffffcb]7[0xffffff80]0k/f[0x10][0xffffffb2][0xffffffc8][0xffffff99][0xffffffde][0xffffff8f]tP[0x17],]r[0xffffffc6][0xe][0xffffffc1][0xffffffce][0xffffff89][0x6][0xffffff88][0x11][0xffffff83][0xf]Ri-'[0xffffffc0][0xffffff94][0xffffffba][0xffffffa0][0xfffffff5][0xfffffff9]R[0xffffffe6]J[0xffffff9e][0xffffffb1][0xffffff92][0xffffff8d]|[0xffffff98][0xfffffff7]F9[0xfffffff5][0xffffffa3]N[0xfffffff1][0xffffffb0]4[0xffffff87][0xffffffad][0x0][0xffffff9a][0xffffffc9]*[0xffffffec]?[0xffffff90][0xffffff9f][\r]+#/[0xffffffb7][0xfffffffb][0xb][0x19][0xffffffc9]BJ*1[0xffffffb1][0xffffffb8][0xffffff82][0xffffffe1][0xffffff82][0xffffffad][0x6][0xffffffda][0xffffffbc][0xffffffb4]`|[0xffffffcf][0xffffffd5][0xfffffff7]V[0xffffffb7][0xffffffdd][0xffffffcb][0xffffff8d]Gf[0x10][0xfffffffc][0xffffffd5]9[0xffffffd7][0xffffffd2]aB[0xffffffcc]^vw[0xffffff98]z[0xfffffff1]H.[0xffffff98][7[0xffffffe9]BW[0xffffffbb]u[0xffffffbc][0xffffffac][0xffffffb2][0xffffffec]C[0xfffffffe]5[0x1f][0x7f]]Tz[0x5][0xfffffff9][0xffffffd0][0xffffff95]U[0xffffff9a][0xffffffe0][0xffffff9d][0xffffffcc]x[0xffffff83][0xffffffb8][0x1e][0xffffff8b] [0xffffffd2][0xffffffc2]!=[0xffffff9f][0xfffffffb]g[0xffffff93][0xffffffd1]l[0xffffff98][0xffffffd6][0xffffffda][0xffffffe5][0xffffff86]d[0xffffff87][0x12][0xfffffff4])[0xfffffffe][0xffffffc0][0xffffffe6]u[0xffffffbe]a,V[0xffffffdb]q[0xffffffbc]s[0xffffffe9]3 [0xffffffca]?[0xfffffff5][0xffffffb1]<[0xffffffcb][0xffffffd3]b[0xffffffb6]k`U8[[0xffffffa8]Ud/[0xffffffb4][0x10][0xffffff91][0xffffffd0][0xffffff95]n[0xffffffe8]m[0xffffffc0]S[0xffffffde][0xffffffad][0xffffff94][0xffffffb7][0xfffffffc][0x0][0xffffff98][0xffffffe4]W#[0xffffffde][0xffffffa7]4[0x12][0xc][0xffffff9a][[0xffffff90][0xffffffe6]!i[0xffffff98]x[0xffffff8a][0x13][0xffffffeb][0xffffff80].[0x2]^?[0xffffffc1][0xffffffb3][0x17]W[0xffffffe1][0xffffff88][0xfffffffc]"[0x9]D[0xffffffb4][0xffffffd5]+LU[0xffffffc5]:[0x1c][0x7][0xffffffc4]Cb[0xffffff95][0xffffffc8][0xffffffbb][0xffffffa0][0xffffffa9][0xffffffbd]~[0x1b][0xf]n[0x15]<[0xffffffb1][0xffffff97]r69[\r]e[0xfffffff9][0xffffffa8][0x15][0xffffffee][0xffffff81][0xffffffab][0xf]]%[0xe].}[0xffffffb2]?[0xffffffae]xY[0xffffff9a][0xffffff84][0xffffff95]\<@*S[0xffffffa5],[0xffffff99][0xffffffdf][0xffffff9b]G[0xffffff9e][0xfffffff1][0xffffffd2]>[0xffffffd9][0xffffffed][0xffffff9a]][0x9]@2[0x8][0x16][0xffffff8a]-R%uv[0xffffffd5][0xfffffffa]B[\r][0xffffff88][0xffffff95][0xfffffffd][0xffffffbf]5[0xffffffe3][0x1e][0xffffffbb]^[0xffffff8c][0xfffffff7][0xfffffffd][\r][0xffffffb5]Tr[0xfffffffe]h[0xffffffb4]G[0xffffffff][0xffffffc6][0x17][0xffffffac][0xffffffff][0xffffff84][0xffffffeb][0xffffffcd][0xffffffeb][0xffffffd9][0xfffffff3]E[0xffffffea][0x19][0xffffffd5]y[0xffffffc5]/[0xffffffb4][0xffffffe1][0xfffffff9][0xffffffd4]ar[0xffffffe9] m[0x5][0x19]L[0xffffffe2][0x15]nLo[0xffffffa1]@:[0xfffffff1][0xffffffcb][0xffffffc1][0x7f][0x5]_.IS,[0xffffff9b][0xffffff99]'[0xffffff86]Y[0xffffffd3][0xffffffe9]9_[0xffffffe0]B[0xffffff90][0xffffffa6][0xffffff87]WMf[0xffffffef][0xffffff90][0xffffffbb]v.[0xfffffffa]Q[0xffffffb0][0xffffffcc]t[0xffffffa1][0x4][0x9]*[0xffffffb4][0xffffffc3][0xffffffef]:[0xffffffde][0xffffffb9][0xffffffc0][0x12][0xffffff9b][0xfffffff5][0xffffffe1][0xffffff9d]p[0x9][0x10]S[0xffffff83][0xfffffffb]b[0xffffffd1]T[0x9]F7[0xfffffffa][0xffffffb6][0xe][0xffffffd6][0xffffff8e][0xffffffe4][0xffffffeb][0xffffffe0][0xfffffff7][0xffffffe3][0x4][0x17][0x9]6[0xffffff97][0xffffffd3][0xffffff85][0xffffffb2]c[0x8][0x6][0xffffffb6]'[0x1b]E38[0xffffff86]@[0xffffffe9][0x9][0x1e]|+N[0xffffff91]G[0xffffffd9][0x1f]}[0x17].[0x7f][0xc][0xffffff88][0xffffffdd][0xffffffd5][0x1e][0xffffffe7][0xffffff8c]N=[0x12][0xffffffac]=[0xfffffff7]s[0xffffffa9][0xffffffc4]|@*d=[0xffffffaa][0xfffffff1]`j[0xffffffc1]2[0xffffffba][0xffffffd3][0x0][0xffffff8c]6[0xffffff83][0xffffff8a][0xfffffffc][0xffffffc0]_E[0xffffffbe][0xc][0xffffff81][0xffffff93]4[0xffffffa8]zuJ[0xffffffb9][0xffffffd3][0xffffffe6][0xffffffa8][0x10][0xffffff8d]G*1Y[0xffffffb2][0xffffff8e][0xffffffe8]5[0xffffff8e][0xffffff99][0x9]rm[0xffffffe2]^[0xffffff9b][0xffffffd4][0x15][0xffffffd4]=IQ-V[0xffffffde][0x1c][0x19]x['[0xffffffe8][0xffffff9f][0xffffffcf][0xffffff88][0xffffffe0]O[0xfffffff0][0xffffff8f][0xffffffda][0xffffff8c]e[0xffffffb4][0xffffff86][0xffffff93][0xffffff92]!k[0xffffffc0]Xk[0xffffff82][0xffffff86][0x19][0xffffffca]1U[0x3][0xffffffff][0xffffffce][0xfffffff6]9[0xffffff84]k[0xffffffd7][0x5][0xffffffbe][0xfffffff6][0xffffffaa][0xffffffb5][0xffffffd0]h]0[0xffffff92]Z[0xffffffd3][0x12]=[\r]+M[0xb][0xffffffe1][0x1]C[0xffffffa0]m[0xffffffc6]2U(t[0x6][0xffffff80][0xffffffde][0x9]3[0xfffffff9][0xffffff94]R[0xffffffc0]y|[0x9][0x0][0xffffff9b][0xfffffff4]+t7[0xffffffa7]?[0xffffff82][0xb][0xffffff90][0xffffff8a][0xffffffbd][0xffffffaa]N^[0xffffffb8][0xffffffb8][0x17][0xffffffd1][0xffffffb5][0xffffffc0]G[0xffffff8a][0xffffff8d][0xffffffde]r[0xffffffaa][0xf]NW[0xffffff85][0xffffff88][0xffffffaf][0xffffffc9]~[0xffffffcc][0xfffffffa][0xffffffe6][0xfffffff7][0xffffffbc][0xffffffd1][0xffffff87]v[0xffffffcc][0xffffffbb]1}Q[0xffffff8a][0xffffff91][0xffffffd8]`[0xffffffe6]LZ[0xf]rN[0xffffff98]w[0xc][0xffffffed][0xffffff86][0xffffffde][0xffffffaf][0xffffffaa][0xfffffffb]z[0xffffff9e][0xffffff95]k[0x1c][0x9][0xffffff9f][0xffffffb8][0xffffffa0]RC3[0xffffffde][0xffffffb8]*[0xffffffe3][0xffffffbc][0xffffffb1]2M[0xffffffe6][0xffffff94][0xffffffe5][0xffffff9c]4[0x15]9[0xffffffc7][0x1a][0xfffffff0][0x10]a[0x18][0xffffff92][0xffffffd5][0xffffffcf][0x1f][0xffffffac]F5[0x6][0xffffffe1][0xffffffd6]P4[0xffffffad][0xffffffcb]U [0x0][0xffffffa4][0xc][0xffffffbb]&B[0xffffff80]H[0xffffffc1]=[0xffffffe5][0xfffffffb][0x18][0xffffffaa]v[0xfffffff2]x[0xffffffff]XOM&'[0xffffffdb] ,'[0xfffffff4]P[0xffffffb3][0x0][0x12][0x1e][0xb][0xffffff89]N[0xffffffc0][0x2]HU[0xffffffba][0xffffff88][0xffffffb4][0xffffffd8][0xffffffde][0xffffff8d][0xffffffee][0xe][0xfffffff5]L[0xffffffa9]YE*[\n]"
10:24:15.370 [main] DEBUG com.github.dockerjava.zerodep.shaded.org.apache.hc.client5.http.wire -- http-outgoing-2 << "[0x1c][0xffffffc6][0xffffffd0]M[0xfffffff6][0xffffffb0]B[0xffffffbd][0xffffffe8]/[0xffffff8b][0xffffffa5]+M[0xffffff8a][0xb][0xffffffd0]?}`[0xfffffffd][0x10]S[0xffffffbe][0xffffffca][0xffffff86][0xffffffad][0xffffff96][0xffffffcf][0x4]L3[0x6]D[0xffffff9b][0xffffffe1][0x14][0xffffffbf][0xffffffc5][0x1a][0xffffffec][0xffffff90][0xffffff92][0x15][0xffffffc2]s[0x7f]'[0x12][0x7]Z[0xffffffd9][0xffffffdb]c[0xffffff86][0xffffff86][0xffffffb4][0xffffff8c]m[0xfffffff6]s[0xffffff90]G[0xffffffae][0xffffff83][0xffffffa5]i[0xffffff98]@[0xffffffcc][0xfffffff7][0xffffff94][0xffffffbe]f=[0xffffffbd]t[0x8][0x17][0x4][0xffffffbc]<[0xffffffb7]%[0xffffffb9]2o8[0xffffff99][0xffffffca][0xffffffbd][0xf]![0xffffff9a][0xffffffbf][0xffffffcd]9[0xffffff8d][0xffffffbb]o[0xffffffc5][7[0xffffffc2]k[0xfffffff0][0xffffffb4][0xffffffa4][0xffffffae]e[0xffffffd5]y[0xffffffe6],[0xfffffff3]q3[0xffffffa2]\[0xffffffd2][0xffffff82]D[0xffffffa1]@[0xffffffe7][0xffffff9a][0xffffffa4][0xffffffee][0xffffffb4][0xffffffcd][0xffffff95][0xffffff96][0x18]va.[0xffffffdc]}@[0xffffffd6]n[0xffffffed][0xffffff9b]1[0x16][0xffffff9c][0xffffffdb]{[0xffffffa0][0x1f][0xfffffff0][0xffffff9e]_Q[0xffffff8a][0x19]S"1[0xffffffd0][0xffffff81]p[0xffffffdc]k[0xffffffe0]T[0xffffffa0]W[0xffffff9e][0xffffffdf]b[0x1e][0xffffffe4][0xfffffffb]-[0xffffff83][0xffffffdd]U[0x6]0%[0xffffffad][0x1a][0xffffffde][0xffffff86][0xfffffff4]_[0xfffffff1][0xffffff95][0xffffffc3][0xfffffffa][0xffffffd9]gT[0xffffffe6][\r]_[0xffffffc6][0xffffff9e][0xffffffea][0xffffff9d][0xffffffda][0xffffffdc][0xffffffd7][0xffffffc4]J][0xffffffb8][0xffffffdc][0x7][0xffffff89]%[0xffffffc5][0x2][0xffffffc1][0xffffffad][0xb]@[0xffffffc5][0xffffff9e][0xffffffac]M[0x1a][0xffffffe8]3FF[0xffffffe0][0xffffffa4][0xffffff89][0xffffff81][0x6][0xffffffd4][1[0xfffffffc]T[0xffffffc0][0xffffffe6]`\[0xffffffd1][0xffffffac][0xfffffff1][0xffffff82][0xffffffcd][0xffffffce][0xffffffaa][0xffffffe1][0xffffffe7][0xffffffcd][0xffffff9f][0xffffff9e]#[0x1c]=[0xffffffc2][0xffffffa9],si[0xffffffdd]*cYl[0xfffffffd][0xffffffc8][0xffffffe6][0xfffffffc].[0xffffff84][0xffffffd1][0xffffff91][0xffffffd7]2O[0xffffffac][0xffffff9d]~[0xfffffffd][0xffffffbd]k[0xffffff87][0xffffffe9][0xfffffffb][0xffffff97][0xffffffac]5b[0xffffffe9]![0xfffffffc][0xffffffc1]I[\n]"
10:24:15.370 [main] DEBUG com.github.dockerjava.zerodep.shaded.org.apache.hc.client5.http.wire -- http-outgoing-2 << "[0xffffffcd][0xffffffe0][0xffffffef][0x12][0xffffffb8][0xffffffad]^[0x1][0x6][0xffffffc8][0xffffffa4][0xffffff81][0xffffffcf][0x13][0xffffffb9][0xffffff8c][0x7][0xb][0xffffffd2]r[0xffffffe3][0xfffffffe][0xffffff81][0xffffff93][0xffffffa5]`[0xffffffc3]c[0xffffffdc][0xffffffc1][0xffffffc3][0x19][0xffffff96][0x8][0xfffffff0][0xffffffca]P[0x11]l[0x1b]l<I[0xffffffc4][0xffffff8f][0xffffff8a]'RH[0xffffff83]=8f[0x1][0xffffffb8][0xffffffed][0xffffffda]1[0xffffffac]"[0xfffffff1][0xffffffad]3[0xffffffd8].Wx[0xffffff9f]"[0xffffffa5]n[0xffffffe0]o[0x8][0xffffff89]Yjq[0xffffffa6][0xffffff9c]m[0xffffffda][0x8]Q5[0xffffffe3][0xfffffff4]p[0xffffffb6][0x8][0xfffffff7][0x6][0xffffff99]l[0xffffffe2][0xffffff92][0xffffffd8][\r][0xffffffc8][0x14][0xffffffe9][0xffffffbe][0xffffffbd][0xffffff82]0[0xffffff92]d[0xffffff9f]3[0xffffffa0][0xffffff89][0xffffffd5][0x11]6[0xffffffb1][0xffffffcc]q;BV9[0xffffffd3][0xffffffe1](/[0xffffffe6][0xffffffd5]R[0xffffffeb][0xffffffdc][0x17][0xffffffeb][0xffffff9c][0xffffffea]H[0xfffffffe]~[[0xffffffa4][0xffffffd2][0xffffffbc]W[0xffffffd4]^[0xffffffd7][0xffffffea][0xffffffe2]j[0xffffff81]zU[0xe][0xffffffc2]%[0xffffffbe][0xffffff97][0xf]_[0x1d]J[0xfffffffd]fR[0xfffffffd][0xfffffffc][0x4][0x14][0xffffff8f]![0xffffffb1][0xffffffd5][0x1e][0x1][0xffffffb1][0xfffffff8]>M[0xffffffe5][0x13]F[\r][0xffffffc3][0xffffffbe]Q[0xffffffdc][0xffffffd6][0xffffffae][0xfffffff1]SF[0x11][0xfffffff6]B9[0xffffffab][0xffffffc5][0x15][0xffffffa1]W[0xffffffc3][0xffffffb2][0xfffffff6]V[0xffffffe0][0xfffffffb]_[0xffffffdc][0xffffffb2]$[0xffffff98][0xffffffad][0xffffffcf][0xffffff9f]$[0x1a][0xffffffa1]uF[0xffffff95]3[0xffffffa5][0xffffff82][0xffffffd4][0xfffffffa]B[0xfffffff6][0xffffffbd][0xffffffe3][0xffffff8e][0xffffffa0][0xfffffffb][0xffffffba][0xffffffb2][0xffffff99][0xffffffcf][0xffffffa8][0xffffffaa][0xffffffbd]6[\n]"
10:24:15.370 [main] DEBUG com.github.dockerjava.zerodep.shaded.org.apache.hc.client5.http.wire -- http-outgoing-2 << "[0xffffffd2][0x17]R[0x8]Xy[0xffffffbc][0x7f][0xffffff88][0xb][0xb][0xffffff92][0xffffffa7][0xffffffd9][0xffffffb4][\n]"
10:24:15.370 [main] DEBUG com.github.dockerjava.zerodep.shaded.org.apache.hc.client5.http.wire -- http-outgoing-2 << "[0xffffffbc]'[0x1e]p[0x2][0xffffffde]#[0xffffffbc][0xffffffae][0xffffffb3]U{MY;[0xffffff95][0x1e][0xffffffe8]&2[0xffffffc7][0xffffff84]S[0xffffffa9]I[0x4][0xffffffd7][0xfffffff3][0xffffffe7][0xffffffd9]O[0x9]B[0xffffff8b][0x9][0xffffff90][0xffffffab][0xffffffbe][0xc][0x16][0xfffffffa][0x15][0xffffffda]f[0xffffff8f][0xffffffd5][0xffffffbe][0xffffffc2]cCX[0xffffffae]O[0x1f]u`9[0xffffffc2][0xffffff9c][0xfffffff4]C[0xffffffcd]9 [0xffffffb6][0xfffffff8][0xffffff8f][0x7f][0xfffffff5]t[0xffffffb9][0x5][0xffffffd4][0xffffffc9]o[0xffffffdc]jqW(u [0x0][0xffffffa9]@[0xffffff9d][0xffffffee][0xffffff94]y[0xfffffff5][0xffffff95]iL[0xffffffd2][0xffffff95][0xffffffa6][0xfffffff3][0xffffff8a]Vu[0xfffffffd][0xb]e[0xffffffbd][0xffffffc5][0xffffff88]xx!e[0xffffffbf]`O[0xffffffb7][0xffffffc5][0xffffffb2][0xffffff9e][0xfffffff1]A[0xffffffad]Z[0xffffffd3]l[0xc][0xffffff81][[0x16][0x15][0x2][0xffffff8a]L[0xffffffa6][0xffffff8f][0xffffff93]n[\r][0xffffffb9][0xffffff92][0xffffffc7][0xfffffff2][0xffffff8d][0xffffff84])[0xffffffbe][0xffffffca][0xffffffc2]M[0xffffffd3][0xffffffb8]h[0xffffffc9][0x0]n[0xffffff93][0xfffffff4]J[0x2][0xffffffe3][0xffffff9f][0xffffffa4][0xffffffae][0xffffffba]x[0xffffffc6][0x6][0xffffffec])G[0xfffffffe]5r]^[0xffffffd5][0x7f]c[0xffffffaa][0xffffffc9][0xffffffe4][0xffffffae][0x1d][0xffffffa8][0xffffffd1][0xffffff96][0xffffff91]B[0xffffff8f]q[0xffffff93]u[0xffffffa1]F[0xffffffa5]KG[0xffffffb0][0xfffffff1]bA[0xffffffb8][0x12][0xffffffed][0xfffffff4][0xffffff92]([0xffffffb2]A[0xffffffcb][0xffffffc2][0xffffffa8][0x12]B[0xffffffda]0[0x1b][0xfffffffe]sS[0xc][0xffffffb9][0xffffffe5][0xffffffd9]0[\r][0xfffffffe][0xffffffd9]Z[0xffffffda][0x8][0xffffffaa][0xfffffffa][0xffffffcb][0xffffffa2]O[0xfffffff0]3G[0xffffff80][0xffffff80][0x1e][0xffffffc5]F[0x7f]a[0x7][0xffffffaf][0xffffff94]=[0xffffffea][0xffffffb2][0xffffff92][0xffffffcc][0xfffffffb][0xffffffb0][0xffffff9d][0xffffffad][0xffffffb9]/[0xffffffe0][0xffffffd9][0xfffffffe][0xffffff9a]j[0xffffffec][0xffffffe2][0xffffffb8][0x11]hK[0xffffff82]([0xffffff8b][0xffffffdc][0x1f][0xffffffc8][0xfffffff0]A[0xffffffd0][0xffffffc9][0xffffffd7][0xffffffbc][0xffffffa0][0xffffffb8][0x1b]![0xffffffb7][0xffffff9f][0xffffffbd]5[0xffffffc1][0x1c]b[0xffffff87][0xffffffd2][0xffffffe0][0xffffff8a]x,[0xffffffb9][0xffffffb1]0[0xffffffba]5[0xffffff9c][0xffffffd3][0xffffffce][0x11][0xfffffffd][0x2][0xffffffad]0C[0xffffffaf][0xffffffa3][0x6][0xffffffac]1[0xfffffff7][0xffffffce][%pn[0x7f][0xffffffe4][0xffffffd4][0x3][0x7f][0xffffffc8][0xffffff82][0xfffffffc][0xffffffce][0xffffff8e][0xffffffbe]G$n[0x3]z[0xffffff8d].[0xffffffd5][0xfffffff5][0xfffffff6][0x12][0x7f][0xffffffb4][0xffffffe9][0xffffffef]v[0xffffffb6][0xfffffff7][0xffffffdc][0xfffffff2][0xffffffc3][0xffffffc1][0xffffff9e][0xffffff91][0xffffffca][0xffffffb1][0xffffffd1]om[0xffffffaa][0xffffffb4]&[0xfffffffb][0xfffffff4][0x18][0x7][0xffffffc6]:P[0xffffff8c][0xfffffff0]o[0xfffffffa][0xfffffffa][0xfffffff1][0xffffffe4][0xffffff9e][0xffffffcb][0x5]=[0xffffff94]?z}[0xfffffff7][0x18][0xffffffb7][0xffffffd1][0xffffffcc][0x12]M[0xffffffc8]E[0xffffffc3][0xffffff96][0x16],[0xffffffcf][0xffffffd4][0xffffff89]C[0xffffffd5][0x14][0xffffffcc]L[0xffffffaf][0xffffffbe]Cp>[0x1c][0xffffff89]n[0xffffffbc]W[0xffffffd9][0xfffffff7][\r][0xffffffd2][0xfffffffb]M[0xe][0xffffff91][0x7][0xffffff95][0x11][0xffffffb7]_s,A[0x10]G[0xffffffe2][0x1][0x3][0xffffffeb][0x1][0x16]WRu[0xffffffcd][0xffffffab][0xffffff8b][0xffffff97][0x1c][0xffffff97][0xffffffa8]o[0xf]*[0xfffffff9][0xffffffc6]:[0xffffffe8][0xffffffcb]1[0xfffffffd]4[0x6][0xffffffed][0xffffffa7]V[0xffffffc0][0xffffff98][0xffffffad][0xffffff86]&[0xffffffa4][0xffffffb8][0xffffff84][0xffffffd6][0xffffffdb][0xffffffaf][\r]{[0xffffffc9])V[0xfffffffe][0xffffffcd]H>[0xffffffcd]D;[0xffffffe7][0xffffff97]Z[0xfffffff7][0x9][0xffffffcd]o[0x4][0x1a][0xffffffc9][0xffffff94][0xfffffff0][0x1a][0xfffffff9]}[0xffffffba][0xffffffb2][0x5][0x3]}[0xffffffa7][0xffffffa4][0xfffffffc]1[0xffffffc0][0xfffffffb]:[0xffffffec][0x1b][0xffffffbf][0x7][0xffffffda]Zi[0xffffff85]5[0xffffff8e][0xffffffbf][0xffffff99][0x15][0xffffffc8][0x14][0xffffffd6][0xffffffcf][0x17][0xffffffe1],[0xffffffec][0xc][0xffffff9a][0xffffff8d][0xffffff85][0xffffff84]Y[0xe]_[0xffffffd4][0xffffffc1][0xffffff9f][0xffffffde][0x1e][0x1a]=p[0xffffffa3]2[0xffffffbb][0xffffffd6]'m[0xffffffed][0x8][0xffffffb3]UFY[0x11][0xffffffc4]i:[0xffffffea][0xfffffff8][0xffffffc3]L?[0xffffffd0]d7mA9U>[0xffffffc9]T[0xffffffd9]=^[0xffffff88][0xffffffa6]+[0x15][0xffffffbe]RAR[0xffffff85][0xffffffd3][0xfffffff0][0xffffff8a]w[0xfffffffc][0xffffffc6][0xffffff99][0xffffffae]^[0x3][0xfffffff1][0xffffffc2]^F,]p~t[0xffffffa2][0xffffff94][0xffffffd8]9[0x1a]1[0xffffffad]:[0x7][0xffffffd8][0xffffffb8][0xfffffffb][0xffffffe5]`[0xc][0xffffffdc]W[0xffffffba]H%[0xffffffef]Y[0xffffff8c]C9!"$[0xffffffcc]:[0xffffff98]J[0xffffffc8][0x6]Y[0xffffffd7]![0x17][0x0]8[0xffffff90]"
10:24:15.371 [main] DEBUG com.github.dockerjava.zerodep.shaded.org.apache.hc.client5.http.wire -- http-outgoing-2 << "[0x7][0x8][0xffffff8e]~[0xffffffb7][0xffffff8e][0xffffff9f][0xffffffc5]/lT[0xffffffa6][0xffffff9a][0xffffffb6]'[\r][0xffffff95]fX[0x8][0x14][0x1a]\][0xfffffff6][0xffffff83][0xffffff9c][0x18]`T[0xffffffaf]5m[0x6][0xffffffe0][0xffffffdf][0xe][0xffffffda][0xffffff99][0xffffffcf][0x1a][0xffffffa5][0xffffffb9][0xfffffff3][0xffffff8c]:[0xffffff99]?rc[0x15]+W[0xffffffa6]{)m6[0xffffffd9]XoV[0xffffffc6]?[0xffffffd3][0xffffffb1][0xfffffff6][0xffffffc7][0xfffffff5][0xffffffa2][0xffffffbc][0xffffffa3];[0x4][0xffffffd7]6My([0xffffffce]4[0xffffffa7][0x1a][0xffffffc6][0x18][0xffffff8f][0xffffffb4][0xffffffec][0xffffffab][0xffffff8b]M[0xffffff92]C_[0xffffffa7][0xffffff8c]v[0x2][0xffffffe7]Q[0xffffff8e]:7[0xffffffa1]<[0xffffffed][0xfffffff5][0xffffffed][0xffffffcb][0xffffff82]?/[0x1d][\r]}/*ex[0xffffffcc][0xfffffff0][0xffffff98]*7[0x1]V@[\r][0xffffffa8]n[0xffffff92]D[0xffffffc2][0xffffffa9]/XP[0xffffffa3],%[0xfffffff3][0xffffff97][0xb]UJ[0xffffffbf][0xffffffd7][0xffffffdd]PZ+[0xffffffe3][0xffffffd5][0xffffffad][0x1b]o+^[0xffffffac][0xffffff91][0xffffffb3][0xffffff88][0x11][0xfffffff1][0x4][0xffffffdb]6|[0xffffffea][0x0]z[0xffffffc2][0xffffffea]s[0xfffffff5][0xffffff90][0xffffffc7][0xffffffb8],q@[0xffffff88]S[0xffffffe2][0xffffff92][0xffffffd4][0xffffffc6]|U[\r][0xffffffa6]4[0xffffffa1][0xffffffbe][0xffffffe3][\r][0xffffffe1][0xffffffdf][0x1c]v[0x8]^r[0xffffffb7][0xffffffdb]]~[0xffffffa0]X[0xffffff84]E[0xfffffff0][0xffffffca]H[0xffffffd8][0x3][0xffffff98]l_[0xffffff89][0xffffffd1]L[0xffffff8d][0xffffffd7]k[0xffffffe9][0xffffffda][0xffffffe1][0xffffff9f][0xfffffff0][0x15]`e$[0xffffffb2][0xffffffda][0xffffff9d][0xffffff8a]3[0xffffffd9]T[0xffffff8d][[0x6][0xffffffb8][0xc][0x13][0xffffffc5][0xfffffff9][0x7f]E[0xffffffd7][0x12][0xfffffff1]3[0xfffffffb]b([0xffffffc1]@[j[0xffffffba]N[0x17][0xffffffa8]qR[0xffffffee][0xffffffdc]%[0xffffffaa]>)[0xfffffffc][0xffffffc9][0xffffffd7]w[0xffffffb8][0xffffffa6]a[0xffffffee]o[0xffffff80][0xffffff90][0xffffffc0][0xffffffdb][0xffffffa3]NI[0xffffff82][0xffffffa2]X[0xffffffe4]s0[0xffffff82]F[0xfffffffa]{[0x4]$[0xffffffaa]][0xffffff8c]{\z[0x2]E[0xffffff98][0xffffff85][0xffffff95][0xffffff9c][0xfffffffe]$[0xffffffc7][0xffffffb7][0xffffff97]w[0xffffffdd][0xffffffe0]R[0xfffffff9][0xffffffaa][0x1d][0xffffff87][0xffffffec]S\[0x1c][0xffffff85]G[0xffffff86][0xffffff9f][0xffffffc4][0xffffffb1]E[0xffffffba]%[0x15][0xffffffbc]QU[0xffffffda]]k[0xfffffffc][0xfffffff0]bE[0xffffffaa][0x5]!>[0xffffff95][0xfffffff8][0x0]$[0xffffffe0]'/,9[\n]"
10:24:15.372 [main] DEBUG com.github.dockerjava.zerodep.shaded.org.apache.hc.client5.http.wire -- http-outgoing-2 << "e[\r][l[0xffffffab][0x6]1P0[0xffffffbe]o[0xffffff8c]u[0xffffffaf][0x17][0x1a]M[0xffffff8a][0xfffffffb]R[0xffffffe6][0xffffffed][0xffffff85][0xfffffff8]j[0xffffffb1]kkrh[0x16][0xffffffee][0xffffffd0][0xffffffe1][0xffffffe1][0xffffffd1][0xffffff9c][0xffffffbf][0xffffffec]3[0xffffff95]^[0xffffffb3]tyK[0x11][0xffffffae][0xfffffffc]f/[0x16]+[0xffffff84][0xffffff82][0xffffff9f]z5v[0xffffff8c]1vN[0xffffff99][0x9][0xffffffa7]9/[0xffffff8b]-[0xffffffd3][0xffffffea][0xffffff95]I[0xfffffffc][0xf]/[0x11][0xfffffffe][0xffffff9d]O[0xffffffa2]M[0xffffff83]>v[0xffffff9f]j[0xffffffff]XQW7[0xffffffda][0xffffffa8][0xffffffb6]O[0xfffffff4][0xffffff80][0x1a][0xffffffff]!Q[0xffffffa6][0xffffff8d].[0xffffffde][0xffffffe6][0xffffffd7]6[0xffffffcd]m,S2[0xfffffff3][0xffffff84][0xfffffffe]:[0xffffffaf][0x10][0xffffff85][0xffffffcd][0xffffff9b]e[0xffffff80]P[0xffffffdb]c[0xffffffad][0xc]R[0xffffffe1][0xffffff9e]HA[0x4][0xfffffff2]4/q[0x2]w?[0xffffffc6]z[0xffffff95]<[0xf][0x8]%[0xffffffe2][0xffffffef][0xffffffa9][0xffffffa0][0xffffffb8],[0xffffff83][0xffffffd7]J[0xffffffe4]Z[\n]"
10:24:15.372 [main] DEBUG com.github.dockerjava.zerodep.shaded.org.apache.hc.client5.http.wire -- http-outgoing-2 << "[0xffffffc5]"[0xffffffb7][0xfffffff1]E[0xffffff93][0xffffff95]V[0xffffffec]8[\r][0xfffffff4]i[0xffffffac][0xffffffe4][0xffffffae]"[0xffffffaa][0xfffffff5]M6[0xffffffb3][0xfffffff8][0xffffffcb][0xfffffff8]w[0xffffffa2]~][0xffffffe8][0xffffffa7][0xffffff8b][0xfffffff8][0xffffff85][0xffffffbe][0xffffffbb]}[0xffffff96][0xffffffdc][0x18][0xffffff98][0xffffffa2][0xffffff99][0xffffff90]Wu[0x12][0xffffff9f]u[0x1d][0x9][0xffffffdd]C[0xffffffc6][0xffffffe1][0xffffffce][0xffffffbe]K}[0xffffffed][0x16]KC[0xfffffff9][0xffffffc1][0x7f][0xffffffaf]pjD[0xfffffff8][0xffffffae][0x0][0xffffff90][0xfffffff8][0xffffff96][0xffffffcc]F|[0xffffffa0][0xfffffff3][0xffffffe1]5[0x1]p[0xffffffc0][0xfffffffe][0xffffff90][0xffffffb4][0x19][0x17][0x10][0xffffffb4]+[0xe][0xffffffc4]1[0xfffffff2][0xffffffc7]fY[0xfffffff5]#ZJ[0xffffffee];[0xffffffd0][0xffffffa7][0xffffffef][0xffffff87][0xfffffff9][0x0]M[0xffffff8b]j[0xffffffc8][0xfffffffd][0xffffff9c]@)[0xffffff9e]O.`[0x0][0xffffffcd][0xffffffcc].BK[0x17][0xffffffc1][0x1e][0xffffff87][0xffffffd6][0xfffffff9]@[0xffffff93][0xffffffde]m*[0xfffffff8][0x4][0xffffffe1][0xffffffc4][0xffffffa3]<[0xffffffde]B[0xfffffffb][0xffffff82][0xc]|Y[0x12]=[0xffffffa9]hs[0xffffffad][0xffffffbc]f[0xffffff8c][0xffffffdb]$[\n]"
10:24:15.372 [main] DEBUG com.github.dockerjava.zerodep.shaded.org.apache.hc.client5.http.wire -- http-outgoing-2 << "H[0xfffffff4]q[0xffffff91]+[0xffffffc0][0xffffffa5]yp[0xffffffb4][0xffffffe7][0x3][0xffffffc4][0xffffffff][0xffffff91][0x9][0xffffffd1][0xfffffffe]&iVUII[0xffffff8d][0xffffffef][0xffffff8c][0xffffff94]_[0xffffffca][0x8][0xffffffd8][0xffffffdd][0xffffffc8]k[0xb]-[0x1][0xffffffdc]U[0xffffffe2][0xffffffc3][0xffffff9a]Z[0xffffffad][0xffffffcb]fx[0x14][0xffffffdc][0xffffffc7][0xffffff83][0xffffffb8]+[dR[0xffffffba][0xffffffaa]F[0xffffff96]-W[0xffffffec][0x15][0xfffffffd][0xffffffaa][0xffffffda]"[0xffffffa7]QR[0xf][0xffffff85][0x5][0x13][0xffffffc0]$[0xffffff8d]a[0xffffffb6][0x1c][0xffffffb4]-p.[\r][0xffffffae]LLV[0x3][0xb][0xffffffa4]}F[0xf]X[0x19][0xffffff86][0xf]*[0xffffffd1]]m[0xffffffb0][0xffffffc9][0xffffff80][0xffffff90]$w[0xffffffec][0xffffffb4][0xffffffb3]mi[0xffffffa8]o[0xffffffd0]b[0xffffffe1]6[0x1a]G[0xffffff8c][0x15]S[0xfffffffb]z[0xffffff9f][0x10][0xffffffd6][0xffffff8b][0xffffffbb]`8JQ[0xffffff9e][0x14]![0xffffffce][0xffffff90][0x1d]>[0xc]O[0xffffffd1][0xffffffb6]5[0xffffffa1][0xffffffcf]\[0xffffffcc]b[0x1a]L[0xffffff8d]"[0xfffffff7]0[0x1d]?[0xffffffa7][0xffffffc5][0xffffffb1]|%|[0xffffff93][0x7f]#[0xfffffffb][0xffffffb4][0xffffffdd]~[\n]"
10:24:15.372 [main] DEBUG com.github.dockerjava.zerodep.shaded.org.apache.hc.client5.http.wire -- http-outgoing-2 << "o[0xffffffa0]I2[0xffffffac][0xffffff82][0xffffffb3][0xffffffc6][0xffffff96][0x8][0xffffffbc]`,PQ[0xfffffffd]}h[0xffffffb8][0x1a][0xffffffab][0xffffffc6][0xffffffed]K[0xffffff8b]b[0xffffffae][0xffffffb7]b$[0xffffffe4][0xffffffcc][0xffffffc5]H[0xffffff99][0xffffff9a][0xffffff8a][0xfffffff2][0xffffffe4][0x6][0xffffffa2][0xffffff8c][0xffffffd0][0xfffffff0][0xffffffa1]z[0xffffff8b][0xffffff97]P[0x9][0xffffffe8][0xffffffc3][0x1f]iDLL[0xffffffc5][0x1b]<kx[0xffffffbd][0xffffffb2]>[0xffffffe8][0x17]9J[0xffffffcd][0xffffffb3][0x0][0xffffffe9][0xffffffac]}I[0xffffffa6]y[0xffffffbf]`[0xffffffcf][0x1c]y*[0xffffffd6][0xffffffd0]`[0xffffffbf]t[0xffffffc3][0xffffffb0]&7[0xffffffff]iV[0xffffffdd][0xffffffca][0xffffffd3][0xfffffff8][0xffffff8d][0xffffffa8][0xffffff9a][\r][0x6]2J[0xffffffd8][0xffffffd7][0xffffffbe][0xffffff87][0xffffffed][0x12]SFD_[0x13][0xffffffe0][0xffffffed][0xffffffe1][0xfffffffd][0xfffffff2][0xffffffad]X[0xffffffc6]([0xffffffec]2[0xffffffa8]v[0xffffffd3]'[0x9]w[0xffffff94][0x1d]wPp.i[0xffffff97][0xffffff95]C[0xffffffab][0xffffffe9]J[0xffffffc0][0xffffffe9]Q[0xffffffc9]f[0xfffffff6]l[0xffffffac]1[0xffffffcb][0xffffff90][0xffffffa9]=[0xffffffc2]\Q[0xffffffe7][0xffffffab][0x1f][0xffffffc9][0xffffffe6]yn[0xe]{[0xffffffa5][0xffffffb3][0x1e][0x9][0xffffffc9][0xffffffc0][0xffffff8e][0xffffff8a][0xffffffcd]G6Lg[0xffffffa7]B[0xffffffb7][0xffffff94][0x7][0xffffffb1]qk[0xffffffc2]Y[0x19]L[0xffffff91][0xfffffffb][0xffffffcb][0xffffffd0]9[0xffffff97][0xffffff9e][0xffffffc0][0xffffff8c][0xffffffc8][0xffffffee][0xffffffba]i[0xffffffab]j[0x8][0xffffffe5]c[0xffffff9b]@\[0xffffffb9]![0xffffff87][0xffffffdd][0x1e][0xffffffae][0xfffffffe]$[0xffffff80]j[0xffffffa4][0x14]|[0xfffffff9]b[0xffffffda][0xffffffd4]~/D[0xfffffff8][0x4]7K[0xffffffb6][0xffffff93][0xffffff95]%[0x6][0xfffffff4][0xffffff88]A[0xffffffa1]XE[0xffffffc5]![0xffffffc4]A[0xffffffad][0xffffffc0][0xffffff86][0x14][[0xffffffcb]_[0xffffff88][0xfffffff0][0xffffffe2][0xffffffd4][0xffffffa8]a[0xffffffe7]j[0xffffffd9][0xffffffa2]2[0xffffffc9][0xffffff9a]|[0xffffff8a][0xffffffcf][0xffffffc5][0xffffffd6][0xfffffff7][0xffffffcb][0xffffffd4]bF[0x1d]f[0xffffffce]H,[0xffffffeb]jv[0xffffffa7][0xffffff97][0xffffffcf][0xffffffc8][0xffffffda]cv[0xffffffce][0xffffff99][0x2][0x16][0xfffffffb][0xffffffc2][0xfffffffe][0xffffff9a][0xffffff98][0xffffffa4][0xb][0xffffffb5][0xffffffd4][0xffffffae][0xffffff92][0xffffff9d]9P>N[0xfffffffb].[0xffffffe6]R[0xffffffa3][\r]&[0xffffff8d][0xffffffdc]8,[0xffffffe9]][\r][0xffffffe4][0xffffffe7][0xffffffaa];[0xffffff88]b[0x10]{\[0x1b][0xffffffd1]}\[0xffffffa9][0xffffffa2]R[0x7f][0xffffff83][0xffffffd2]c[0xffffffd7][0xffffffcc][0xffffffc5][0xffffffed][0x9]b*[0xffffffb1][0x18][0xffffffae][0xffffff8c][0xffffffe4][0xb]7[0xffffffaa][0xffffffac]n[0x1d]Q^[0xffffff9c])_[0xffffffaa][0xffffffb0][0xffffffe7][0xffffffbf][0x18]Y[0xfffffffc][0xffffffb0][0xfffffffd]pM[0x18][0xffffffea][0xffffffaf][0xffffffa9][0xffffff93][0x5][0xffffffa5]1[0xffffffe2][0xffffffd9][0xfffffff1]e[0xfffffff1][0xffffffe2][0x6][0xffffffc4][0x13]>[0xfffffffe][0xffffff8c][0x19]k[0xffffffe5][0xffffffc1][0xffffff88]lT[0xffffffd5][0xffffffb2][0xffffffdd]7[0x9][0xffffffaf]E[0xffffffba][0x4][0x16]VN[0xffffffd9][0xffffffa9][0x5][0xfffffffb]g[0xfffffff7]k[0xffffff9c][0xfffffffd][0xfffffffd][0xffffffab]N[0xffffffe1]H<^P[0xffffffab][0xffffffe7]6&[0xfffffff0][0xfffffff0][0x1][0x11][0xffffffc5][0xffffffda][0x2][0xffffffe6][0xffffffa7]-[0xffffffe0][0xffffffc1][0xffffffd4]&[0xffffffc9]I[0x17][0xffffff8b];J[0x6][0xffffffa5]!A[0xffffff9e]f[0xffffffef][0xffffffe5][0xffffffdb][0x2]dE'[0xfffffff9]P<c6[0xffffffa6][0xffffffc5][0xffffffe8][0xffffffc0]'0[0xffffffcc][0xffffffb1]G}[0xffffffb4]!>[0xffffffe1][0x18]:XJ[0x12]c[0xffffffe2][0x9]x<[[0xffffff89][0xffffff9a][\r][0xffffff9b][0xffffffe0]i~[0xffffff95][0xffffffe6][0xffffffa7][0xffffffb7][0xe]a[0xffffffe5][0xfffffff3][0xfffffff6][0xffffffe1][0xb],[0xffffffa0][0xffffffc7][0xffffffaf][0x0]m6[0xffffff82]L[0x7f]J[0xffffffde][0xffffff96]h#[0xffffffc8][0xffffffb7][0xffffffc5]?[0xffffffe0][0x12][0x14][0xffffffb1][0xffffffd5]|[0xffffff83]J[0xffffff87][0[0xc][0xfffffffd][[0xffffffbd]r[0xffffffaf][0x6]"[0xffffffe5][0xffffff9d]:|[0xffffff9d][0xffffffb1][0x4][0xffffff91][0xfffffffb]P[0x1a][0xffffff8f]~rI[0xffffff89][0xffffffb2][0xffffffe1][0xffffffa2][0xffffffd0][0xffffffcb][0xffffff94][0xffffffc5][0x13]}[0xffffff91][0x18][0xffffff89][0xffffffd3][0xffffff89][0xffffffd4][0xffffffa5]bN[0xffffffab][\n]"
10:24:15.372 [main] DEBUG com.github.dockerjava.zerodep.shaded.org.apache.hc.client5.http.wire -- http-outgoing-2 << "ID5[0xffffffd2]HY[0xc][0xffffff8f][0xffffff9c]_[0xffffffb9][0xfffffffc]@[0x10][0xffffffb7]' [0xffffffb4]H[0xffffffda]%r[0xffffff97][0xfffffffd]+[0xffffffa3])?[0xffffffac][0xffffffbd][0xffffff91][0xffffff83][0xffffff85][0x13]!s8[0x1a][0x18]r[0xffffff8f][0xfffffffa][0xffffffaa]p[0xffffffab][0xffffffbe][0xffffffef]mF^[0xfffffffa]v[0xffffffce][0xffffffe8][0xfffffffb]C[0xffffffad][0x3][0xffffffa6]Ps[0xffffffa3][0xffffffed][0xf][0x7f][0xffffffd7][0xffffffb6]cQ[0x11][0x13][0xffffff83][0x3][0xffffff9b]n?[0xffffffbd][0xffffffa3][0xffffff93] [0xffffffa7][0x9]O[0x12]][0xffffffdc]CS#[0xffffff87]f[0xffffff81][0xffffffd8][0xffffffe5][0x5][0xffffffca][0xffffff9f][0xffffffbc],1[0xffffffa4][0xffffffa9][0xffffffd7]W[0xffffff82][0xffffffc9]/[0xffffff9d][0xffffffe0][0xffffff91][0xffffffbf][0xffffffc1]o[0xffffff99][0xffffffe5]BO[0x7f]y<[0xffffffd0]Jy4[0xffffffde]5[0xfffffffb][0xffffffd3]Z[0x8][0xffffffff][0xffffffbc][0xffffff93][0x17][0xffffff94][0xe][0xffffffdb][0xffffffe9][0xffffffa5][0xffffff8e]"[0xffffff8e]M[0xffffffaa][0x1c]([0xffffff9d]h[0x17]tf[0xffffffa5][0xfffffff5][0xffffffbb]w[0xffffffeb][0x14][0xffffffeb][0xfffffffe][0xffffff9a][0xffffffa9][0xffffffc7]~[0xffffffa1]-^[[0xfffffffe][0x13][0xffffff85][0xffffff98]=![0xffffff96][0xffffffc7][0x16][0xffffffbc][0xffffffce][0xffffffba][0xfffffff5][0xffffffae][0xffffffef][0xfffffff0];[0xffffff9f][0xfffffff5]c>b[0x8]#1[0xffffffe9][0xfffffff3](/n[0xffffffc5][\n]"
10:24:15.372 [main] DEBUG com.github.dockerjava.zerodep.shaded.org.apache.hc.client5.http.wire -- http-outgoing-2 << "[0xfffffffc]S[0xffffff95][0xffffffc8]'p*==[0x4]@[0xffffffdd][0x1d]C[0xffffffc0][0xffffffa4][0xffffffdc][0xffffff93]g[0xffffffcb][0xffffffff]R-[0xffffffdf][0xffffffeb][0xffffff8e][0xffffffbf]NH[0x1e][0xffffffe0]6[0xffffffb8][0xffffff8f][0x14][0x0][0xc][0xffffffe5]i[0xffffffed]&[0xffffffe9][0xffffff89][0xfffffff4][0xffffffdf][0xffffffa3]8[0x1d]\[0xfffffffc][0xffffffdb][0xffffffa4][0xffffffd8][0xffffff89]:[0xffffff98][0xffffffc6][0x1][0xffffffc9]/c)[0xffffff8b][0xffffff8c][0xffffffc9][0xffffffa8][0xffffffa1][0xfffffff5]u9I[0xffffffe6][0xffffffea][0xffffffb5][0x1b]\[0xfffffff8][0xffffffa6]b/{;h[0xc][0xffffff98][0x1b][0xffffffa4][0xffffffa7]}%[0xfffffff9][0xffffffba][0xfffffffe][0xffffffed]o|[0xffffff85][0xffffffbe][0x7f]a[0xffffffbd][0x18][0xffffffb2][0xfffffff3])[0xffffffe8]}[0xffffffb7][0xffffff91]/F[0xffffff83][0x10]b[0x16][0xffffffea][0xe][0xffffff9e][0xffffffa6]'w[0xfffffff2][0xffffffc0][0xffffffd5][0x7f]hj[0xffffffcd][0xffffffb2][0xffffffaa][0xffffffca][0xffffff85][0xffffff95]c_[0xb][0x1a][0xffffffa6][0xffffffd2][0x8][0xffffff92]PO[0xffffffee][0xffffffb7][0xffffffbb][0x1b]7[0xffffffe6][0x4][0xfffffff3][0xffffffc1]c[0xffffffdd][0xffffff82]8[0xffffffa6][0xffffffd6]][0xffffffc7]<uH[0x7f][0xffffff94][0x4][0xffffff85]r[0xffffffb3]f[0xffffffac]tK[0xffffffdc][\r][0xffffffce][0xffffffeb][0xffffff9b][0xffffff83]=e[0x19][0xffffffa0][0xffffffb9][0x1b][0xffffffdd][0xffffffe6]fq[0xffffffff]7D{<[0xffffffe6][0xffffffee]O[0xffffffd0]Uqp[0xffffff97]VY[0xffffffe0][0xffffffbb][0xffffffdb]<[0xffffff8b][0xe][0xffffffdb][0xffffffa1][0xffffff85][0xffffff8a]d*[0xffffff98][0xffffff9f])n[0xffffffdd][0xffffffa0][0xfffffffa]m|[0xffffffff]J[0xffffffa7]1;[0xffffffee][0xffffff9d][0xffffff82][0xffffffb3][0xffffffbf]?[0x1]I[0xffffff8e]q[0xffffffaf][0xfffffff8]![0xffffffed]Q[0xfffffff9][0xffffffc1][0xffffffe1]1[0x1c][0xb]V[0xffffffe5][0x19][0xffffffad][0xffffffc1][0xffffffd1]|[0x14][0xffffffe0][0xffffff94]r[0xffffffd9][0xffffffb2][0xffffffcb]u|##;[0xffffff8f][0xfffffff9][0xffffffba][0xffffffa5]L[\n]"
10:24:15.372 [main] DEBUG com.github.dockerjava.zerodep.shaded.org.apache.hc.client5.http.wire -- http-outgoing-2 << "[0xffffffd7][0x0]#[0xffffffb4]ZfKj;[0xffffffe1][0x3][0xffffffd5][0xffffffb7]3[0x1e]G[0x18]#<[0xf][0xffffff9b]{[0xffffff96][0xffffffca]UC[0xfffffff4][0xffffffa2]>[0xffffffba][0x5][0xffffffc9][0xffffff81][0xffffff89]x[0xffffffc0][0xffffffa6][0xffffffc9][0xffffffcf][0xffffffd0][0xffffffe4][0xffffffca][0xfffffff8][0xffffff9a]Pt[0xffffffe4][0x16][0xffffffbf][0x12][0x0][0x8][0x7f][0xfffffff6])[0xffffffa7][0xffffffa9]7[0xffffffd1]z[0xffffffaa][0x14][0xf][0xfffffff2]<[0x0]&t[0xffffffe7][0xffffff8c][0xffffffbd][0xffffff98]B[0xffffff96][0xfffffff3][0xffffffbb][0x1e]M[0x7f]zd[0xffffffa8]p1[0xffffffe5][o[0x1e][0x13][0xffffffdd][0xffffffab][0x6][0xffffffd9]q7[0xffffffff]0^aNL[0xffffffe4]m[0xffffffa0][0xffffffc2][0x18][0xffffffc4][0xffffffd7][0xffffffdc][0xc][0xffffffd2]*[0xfffffff0][0xffffffa0][0xffffffe2]q[0xffffffbf]/[0xffffffb4]([0xffffff80]gx[0xfffffffc]U[0xffffffb5]K[0xffffffb6][0xffffffeb][0xffffffb1][0xffffffea]\[0xffffff96][0xffffffe9][0xffffffd4][0x11]=[0xffffffbd][0xffffff84][0x17][0xfffffffc][0xffffff87][0xffffffc1]fL[0xffffff8a]U[0xffffff8a]X7[0xffffff83][0xffffffd3]83[0xffffffe9]*U[0xffffff94][0xffffffbc][0xffffffce]i[0xffffffd5]g[[0x5]>[0x7][0xffffffe2][0xffffffc0]UN[0xfffffff6][0xffffff89][0xfffffffe][0xffffff8f]:[0xffffffac]$[0xffffffea][0xffffff97][0xffffffe7][0xffffffce][0x16][0xffffffde][0x8][0xffffffc3][0xffffffc8][0xffffffad][0xffffffe2] [0xffffffd7][0xffffff9f][0xffffffe9][0xffffffb7]7n.[0x9][0xffffffa5][0xffffffc5][0xffffff94]@'[0xffffffcd][0xffffff9d][0xffffffec][0xffffffa2]~[0xffffffbf][0xffffffb2][0xffffffe4]#_[0xffffffee][0xffffffc8]L"R\[0xfffffff6][0xffffff9b]6|[0xffffff9d][0xffffffd3][0xffffffce]%[0xffffff8a][0xffffffd4][0xffffff82][0x18]i[0x6][0xffffffda][0xffffffc1]3[0xffffff8d]S[0xffffffff]^[0xffffffd5][0x6]tj[0x12][0xffffff98][0xfffffff1][\r][0xfffffff0][0x15][0xfffffff2][0x13][0xffffffbd]?[0xffffffde]U[0xfffffffc]]S;[0xffffffeb]*[0xffffffbd]J[0xffffffe1]+X[0xfffffffc]p[0xffffffcb][0x7][0x19][0x1f][0xffffffb5]39[0xffffffb1][0xffffffa1][0xffffffdb]uV3kp[0xffffff97][0xfffffff7][0xffffff93]8[0xfffffff7]N[0xffffffa4][0xe]q[0xffffffcd][0xffffffdb],[0xffffff9e]|[0xffffff9d]D[0xffffffe9][0xffffffbe]r[0xffffff9f][0xffffff9e]m[0xc][0x1e][0xffffff8b][0x4][0xffffffb9]U<[0xffffffc7][0xffffffda][0xffffffcf][0xffffff9a][0xffffffb1][0x0]a[0xfffffff5])[0xffffff89][0xb]Wv[0xffffffa8][0xffffff94]$[0xffffffdf][0x5][0xffffffc7][0xffffffd9][0xffffffae][0xffffffb2][0xffffffff]G[0xffffffb0]MEV&[0xffffffd3][0xffffffe8][0xffffff9d][0x2]C[0x10][0xffffffbf][0xc][0xffffffa4]V5[0xffffffe0]{[0xffffffba]7[0xffffffad][0xfffffff7][0x0][0xffffff98]/r^[0xffffffa2][0xffffffb2]4>[0xffffffd9]jn[0x14][0xfffffff3][0xfffffffe][0x15]f[0xffffffe1]5-[0xffffff8b][0xffffffb8]X[0xffffffe0]5[0x1b]Gr[0xfffffff7][0xffffffdd][0xffffffaf][0x3]S[0xffffffc0][0x1]![0xffffffff]eI[0x1d]a[0xffffffa8]e[0xffffffed][0x1d][0xffffffc1][0xffffff83][0x11]C[0xffffffef][0xfffffffd][0xffffffea][0xffffffd6][0xffffff92]e[0x8][0xffffff86][0xffffffcd][0x15]+O[0x12]y[0xffffffda][0x1][0xfffffff3][0xffffffd2]J[0xffffff98][0xffffffe5]D7[0xffffff97][0xfffffff7][0xffffff93][0xffffffd4][0xffffffff]~eth[0xffffffba]##-J[0xffffffaf][0xf]r[0x6]D[0x16][0x19][0xffffffb1][0x5][0xffffff92][0xffffffc9][0xfffffff4][0xffffffef][0xffffffb2][0xfffffffe]|[0xffffffd0][0xffffffe5][0x1][0xffffff8e]j[0x1f]q[0xffffff9b][0xffffffff]2[0x19]>|[0x1c][0x19]w[0x7][0x5][0xffffffb2]!c[0xffffffa1]t[0xb]&[0xffffffc5]Y[0xffffffa5][0xffffffd4][0x17]h[0xffffffa0]%[0x4]7[0xffffffe2][0xffffffc4][0xffffffe7][0xffffffb7][0xffffffcb][0xffffffd5]jM[0xffffff9e]I[0xffffffd6][0xffffff93]EA[0xffffffab]j[0xffffff86]Z[0xffffffc6]z[0x1c]U[0xffffffbb][0xffffffc1]K[0x13]ZN<m[0xffffff98]#g[0x1c][0xfffffffd]x%[0xffffffbb]Y[0xfffffff3][0xffffffd1][0xffffffdd]|[0xffffff84][0xffffffab][0xfffffff9][0xffffffaf][0xffffffcf]U2>J[0xffffffa7][0xffffffb0]^[0xffffffbd][0xffffff87] >[0xffffff90][0xffffffa0]![0x12][\n]"
10:24:15.372 [main] DEBUG com.github.dockerjava.zerodep.shaded.org.apache.hc.client5.http.wire -- http-outgoing-2 << "[0x1f][0xffffffb5][0x1f][0x1f]uR[0xffffffa1][0xffffffe9][0xffffffa0]n[0xffffffcb][0xfffffff1][0xffffffd8][0xffffffee][0xffffffaa]B[0x7]o[0xffffffda][0xffffffc5]P?[0xffffffbd][0xffffffd2][0x5][0xffffffca][0xffffffbc]);[0xffffff92][0x15][0xfffffffb][0xffffffc8]}w[0xffffff83][0xffffffaa][0xffffffc8][0xffffff95][0x6]4/[0xffffffce]h[0x9];[0xffffff89]@$<?}C[0xffffffd0][0xffffffba][0xffffff83][0xffffffde]>[[0xffffffa6]u[0xffffff8c]![0xffffffd8][0xffffffc7][0xffffffa6][0xffffffb2][0xffffffee]/[0xffffff92]S[\n]"
10:24:15.372 [main] DEBUG com.github.dockerjava.zerodep.shaded.org.apache.hc.client5.http.wire -- http-outgoing-2 << "[0xffffffcd][0xffffff84][0xffffffb4][0xffffff8d][0xffffffb1]z[0xfffffff6][0x18]$5RuL[0x12]/!3[0x1a]j+[0xffffff94][0xffffff8f]a[0xffffffd9][0xffffff81][0xffffff98][0xc][0xffffffc8]H {[0xffffff9b][0x7f][0xffffffc0][0xffffffd5][0xffffff82][0xffffffd8]fx[0xffffffef][0x1b])[0xb][0x4][0xfffffffd][0xffffff8a]'[0x1e][0xffffffca] [0xffffffd2]\[0xffffff8c]ThI[0xffffff91][0xffffffee]H[0xffffffbf][0xffffffc7]4[0x1e][0xffffffb8]![0xffffffb8][0xffffffcd]gpA[0xffffffd8][0xffffff86][0xffffffac]a[0xffffffec]}[0xfffffff4].[\n]"
10:24:15.372 [main] DEBUG com.github.dockerjava.zerodep.shaded.org.apache.hc.client5.http.wire -- http-outgoing-2 << "[0xffffffc9][0xffffffc6][0xffffffdf]V[0xffffffcc]7[0xffffffb0][0xffffffcd][0xffffffe0][0xffffff85][0xffffffe3]/C[0xfffffff9][0x1e]k:[0xffffff9b]&c[0xffffffae][0xffffffce][0xffffffb5][0xffffffcc]$%[0xffffffae][0xc][0xffffffe4][0xffffffe5]c%+v[0xffffff87]#[0x10][0xffffffd6][0xffffff8e][0xffffffef][0xffffffbf]L[0xfffffff5]T[0xffffffb1][0xffffff93][0xffffff98][0x14][0x17][0xffffffc4][0xffffffa3][0x2][0xffffffac][0xffffffc6]<>[0xffffff96][0xffffffbe][0xffffff95][0xffffff84]"2[0x12][0xffffff90][0xffffff94]sX[0xffffff94]*m[0x12][0xffffffbb]_y-[0xffffffac][0xffffff84][0x0][0x1c]F[0x0]@[0xffffffdd][0x8][\n]"
10:24:15.372 [main] DEBUG com.github.dockerjava.zerodep.shaded.org.apache.hc.client5.http.wire -- http-outgoing-2 << "[0x0][\n]"
10:24:15.372 [main] DEBUG com.github.dockerjava.zerodep.shaded.org.apache.hc.client5.http.wire -- http-outgoing-2 << "[0x2]@z[0xfffffffb]_[0xffffff9e];[0xffffff90][0xf][0xffffffa1][0xffffffdc][0x9]14Z[0xfffffff3][0xffffffae]k[0xffffff89][0xfffffff0]=L[0x14][0xfffffffd][0x1d]?[0x0][0xffffff98][0xffffffda]#[0xc][0xffffffdd][0x10][0xffffff99][0xffffffe2]'}1[0x13]7[0xffffffc9])[0xffffffd1]g[0xffffffff][0xffffffb6]*[0x0]\,f[0xffffffd2][0xffffffa7][0xffffff92][0xffffff9e][0xffffffb3][0x1f][0x1a]av@[0x1][0xffffffc4]p[0xffffff93]$[0xffffffa6][0x4][0xffffffd3]O[0xffffffe0][0xffffffc6]T[\n]"
10:24:15.372 [main] DEBUG com.github.dockerjava.zerodep.shaded.org.apache.hc.client5.http.wire -- http-outgoing-2 << "[0xffffffe8][0xffffffcf][0xffffffd6]~[0xe][0xffffff97][0xffffffd1]0[0xfffffff5][0x1d][0xffffffa4][0xffffffbb]R[0xffffff97]?[\r][0xffffffeb][0xffffffe0][0xffffff83][0xffffffe4][0xffffff8c][0xffffffb2][0x2][0xffffff8c][0xffffff97]5J[0x16]t,[0xffffffd6][0xf])z[0xffffffb8][0xffffff81][0xffffffe2][0xffffffdd]][0xffffffe1][0xfffffff6][0xffffffe9]>[0xffffffa7]][0x14][0xffffff90]n[0xffffffcb]_[0xffffff94]r[0xffffffd5]C7[0xffffff85][0x8]j[\n]"
10:24:15.372 [main] DEBUG com.github.dockerjava.zerodep.shaded.org.apache.hc.client5.http.wire -- http-outgoing-2 << "[0xffffffdf][0xffffffec][0xffffff81][0xffffffa1]9[0xffffffb9]U/G_[0xffffff89][0xffffffe9][0xffffffcd]}[0xffffffa2][0xffffffe3][0xffffffcd]Gp[0xffffffc3][0xffffff82][0xffffff8c][0xfffffff4]?[0xffffffc1][0xffffff98][0xffffffd5][0xffffffcf][0xffffffdc][0xffffffda][0xffffff80][0xffffffcf]x[0xffffffcf][0xffffffc0][0xffffffdb][0xffffffb2][0xffffff93]>[0xffffffeb][0xffffffbf][0x1a]L)[0x17]m[0x1b]ec[0x4][0x5][0xffffff8c][0xffffff9e]t[0x9]~Y[0xffffff98]Ur[0xffffffe8]PkXcE7[0xfffffff0][0xffffffdd][0x2][0xffffffe0]m[0xffffffe9][0xffffff8c][0xffffffc0]c[0xffffffa2][0x9]d[0xffffffe7]l\v=[0xffffffd8][0xffffffe1]\[0xffffffb9]t[0xffffff8c].D[0xffffffe6][0xffffffef][0xffffffe2]M[0xffffffe2][0xffffff96][0xffffffa4]|[0xffffffc4][0xffffffa6][0xffffffee][0x18]?[0xffffff9e][0xffffffe8][0xffffffd0][0xffffffe5][0xffffffe9]T6-v[0xfffffffc]Nt[0xffffffd4]2[0xffffff86][0xffffff8f]s[0x18]%0[0xffffffe7][0xffffffa6][0xffffffbe]3~)T[0x7f]\[0xffffff83]h)[0xffffffff][0xffffffd1][0xffffffdd]x[0x7f][0xffffffc6]x7G<L[0x11][0xf][0xffffff90][0xffffffd0][0xffffffe7][0xffffff9e]="[0xffffffc4]f[0xffffff9d][0xffffffe1]y[\r][0xffffffdd][0xffffff8e]EY[0x1a][0x1e][0x7][0x4][0xffffffc9]=[0xf][0x14][[0xffffffd6][0xffffffe5][0xfffffff1]J[0xffffffb0][0xffffffb6][0xfffffff6]>[0xffffffcf]0[0xffffffb7][0xffffffb5][0xffffffcb]6c[0xffffffa1][0xffffffdb][0xffffffd0]T[0xffffffd6]OE[0x1c]tIT[0xffffffaf][0xffffffbd],d[0xffffffea][0xffffffd6]F-[0xffffff83][0xffffffc9][0xffffff95][0xffffff93][0x16][0xffffffcf][0xffffff84][0xffffffb5][0xffffffe2].[0xffffff85][0x2]uR[0xffffffc9]5[0xffffffcf]Jn[0xffffffc7][0xffffffe3][0xffffffce]v[0xffffffc2]N[0xffffff82][0xffffffe8]D][0xffffffb7]U[0xffffffae]K[0xffffffbf][0xffffffa1]gU[0xffffffc3][0xffffffc7][0xffffffaa]Q[0xffffffbc][0xffffffea][0xffffffd2]`[0xffffffdc][0xffffff84][0xffffffdf][0xffffffed]y[0xffffff84]*[0xffffffc5][0xffffffec]M>[0xfffffff3]Q[0xffffffdf]Q[0xffffffcb][0xfffffff8][0xffffffeb]U[0x9][0xffffffb4][0xffffff83][0xffffffbe][0xffffffb3]ng[0xffffffb8]Z[0xffffffcc]h[0xffffffc7][0x19]n[0xffffffda]"[0xffffff81][\n]"
10:24:15.372 [main] DEBUG com.github.dockerjava.zerodep.shaded.org.apache.hc.client5.http.wire -- http-outgoing-2 << "[0xffffff96]Oq[0xffffffbe]#[0xffffffbe][[0xffffffe3][0x17]g[0x17]c[0xffffffcb][0xffffffc8][0xffffffc1][0xffffffa4][0xffffffea][0xffffffc3][0x16][0xffffff9d]dF[0xffffffa0][0x2]u=#[0xb]$[0xffffffdc][0x1f][0xffffff8f]X[0xffffffce]Z4b<[0xffffff80]E[0xffffff99]8%[0x2][0xffffffba][0xffffffa8]v([0x14][0x17][0xffffffd5]9[0xffffffa9][0xffffff83][0xffffffba][0xffffffe5][0xffffffcc][0xe][0xffffffea]*[0xffffffdc]9[0x1a][0xffffffd6][0xffffffff]P[0xffffff9c][0xffffffdb][0xffffff95][0x13]f[0xfffffff3][\n]"
10:24:15.372 [main] DEBUG com.github.dockerjava.zerodep.shaded.org.apache.hc.client5.http.wire -- http-outgoing-2 << "[0xffffff97]v[0xffffffa1]r[0x1a]^[0xfffffff7][0xffffff94][0xffffffd6]')[0xfffffffd][0xffffffed][0xffffff83][0xffffff88][0xffffffc0][0xffffff8a]u[0xffffff96][0x10]7[0xffffff92][0xffffffa6][0xffffffb5]C[0xfffffff4][0xffffffee][0x15][0xffffffc1][0x3]$TV*[0x15]*[0xffffff8e]5j[0xffffff84][0xffffffe6][0xf][0xffffffed]"[0xffffffcd][0xffffff84][0xffffffdb]d}/[0xffffff89]|GI[0xfffffff9]k<3QsA[0xffffffde] [\r]JZ([0xffffffb1]lW[0xffffffd9]Q0[0xffffffd5]p[0xffffff9c][[0xffffffa2]/~[0xffffffaf][0x19]&U5[0xffffffa1]%[0xffffffcf]M[0xffffff80][0x8][0xffffffab]U[0xffffffca]y[0xfffffff6]1A[0xffffffa9][0xffffff94][0xffffffc1][0xffffffa7]?[0xfffffff3][0xffffffb5][0xffffff8d]pM[0xffffff90][0xfffffffc][0xffffff89][0xffffff9f]E[0xffffffff][0xffffffc1][0xfffffff0][0xffffffbb].[0xffffffc2][0xf]1WR[0xfffffffa][0xffffffec]2[0xffffffe1][0xffffffba][0xffffff9d][0xfffffff3]n[0x1f][0xffffff85][0xffffffa3]K[0xfffffff8]T[0xfffffff8][0xffffffce]^[0x8]VF4[0xffffffaf]U[0xffffffd9][0xffffffa1][0xffffffec][0xffffffe8][0xffffffa4]7[0x11]Y[0xffffffde][0xffffffd3][0xffffff82][0xffffffa0][0xfffffffe][0xfffffffd][0xffffffdc][0xffffffc9][0xffffffda][0xfffffff4][0xffffffe0]n[0x11]k[0x8][0xffffffca][0xfffffff6][0xfffffff9][0xffffffc5]X[0xffffffc3][0xfffffffe][0xffffffad][0xffffffd1][0xffffffef][0xffffffc2][0xffffffbc][0x2][0xfffffff5][0xfffffff8][0xfffffffe][0xffffffc5]c[0xffffff82][0xffffffa3]Z<[0xffffff8d][0xffffffec][0xffffffe4][0xffffff89][0xffffff83]\R[0xffffff8d][0x7]q/[0xffffffdd]5Pn[0xffffffd4][0xffffffb1]E\[0xfffffff2][0x11])h[0xffffffe5][0xffffffd4][0xffffff8f][0xffffffcc]t[0xffffff9c][0xffffffda][0xffffffee][0xffffffd3][0xffffffe6]Hg*[0x2][0xffffffa3]M[0xffffff96]n[0xffffffc6][0xffffffd9][0xffffffdf]?[0x1a]][0xffffffba][0xffffffbb][0xffffffa0]*[0xffffffef][0xffffffc9]5[0xffffffee][0xffffffc7]J[0xffffffa5][0xffffffae][0xffffffb4][0xffffff95][0xffffff93][0xffffff87]K[0xffffffae][0xffffffde]6a[0xffffffe5][0xffffff92][0xffffff8d][0xffffff9c]S[0xffffff9b]+[0xffffff8d][0xffffffd4]r>[0xffffffc0]C[0xffffffd2][0xffffffaa][0xffffffaf][0xffffffb6][0xffffff8c][0xffffff8b]!$yS[0xffffffb8]}[0xffffff82][0xffffffd2][0xffffffd7][0xffffff9b][0xffffff9e]u[0xffffffb3]Pf;f[0xffffffa6]W[0xffffffd8]1R[0xffffff87][0xffffffbd][0xffffffab][0x1][0xffffff85][0xffffffb0][0xffffffc7][0xffffffaf][0xffffffbd]/[0xffffffa0][0xffffffa4][0x11][0xfffffffb][0xffffff98][0xffffffde][0xffffffff];[0xffffffcc]{[0xffffffbb]B[0x1a]R[0xffffff81][0xffffffb1][0xffffffc0][0xffffffad][0xffffffdd]+x[0x5][0xffffffdd][0xffffff84][0xffffffd0][0xfffffff2][0xffffffd0][0x1c][0xffffffe1]*No%:N[\n]"
10:24:15.372 [main] DEBUG com.github.dockerjava.zerodep.shaded.org.apache.hc.client5.http.wire -- http-outgoing-2 << "[0xffffffc9] [0xffffffa7];[0x1c][0xb][0x19]ib[0xffffffae]Y[0xffffffb5]0 [0xffffff82]j[[0x6][0xffffffe9][0x5][0xffffffad]|[0xfffffffe][0xffffffcd]j[0xffffffeb]h[0xffffff9b]>[0xffffff94][0x18][0xffffffc8][0xfffffff2][0xffffffe6]l[0xffffffc1]4W[0x5][0x2][0xffffffde]h[0xffffffaf]Q[0x1c];n[0xfffffff4]l[0xffffffaf][0xfffffff9][0xffffff87][0xffffffbf][0xffffffcc][0xffffff80]}Ar[0x18]> \/sO[0xffffffd1][0xffffffaf]9[0xffffffda][0xffffff90]Ec[0xffffffc6]k[0xffffffb2][0xffffff9f]rk[0xffffff91]v4[0xffffffdb][0xffffffab]i[0xffffff84][0xffffffe0]`[0xc][0xffffffa6][0xffffffe2]-[0xffffffa6][0xffffffcc][0xffffffe2][0xffffffe0][0xfffffff8]I[0xffffffd3][0xffffffe7]C[0xffffffba]O[0xffffffef][0xffffffc5][0xffffffc9]i&[0x1][0x7][0xffffffed][0xffffffd1]n[0x19]LV[0xffffffa4]F%(p[0xffffffc8][0x6][0xffffffaa][0x17]F[0xffffffa7][0xffffff95][0x1e][0xffffffe8][0xffffffde][0xffffff9b][0x13]@[0x1][0xfffffff4][0xffffff92][0xffffffc6][0xfffffffe]7[0xffffff88][0xffffff98][0xffffffcd][0xffffffd4][0xffffffac][0xffffff99]'[0xffffffcc]p[0xfffffffb][0xffffffaa]:[0xffffffaf][0xffffffe8][0xffffffe5][0xffffffcc][0xffffffb3][0xffffff92][0xffffffdb]{[e[0xffffff95]v[0xffffffe9][0xffffffab][0xffffffd5]6[0xffffffa5]l[0xffffffc1]a' ^<|rNu[0xffffffae][0x1e]<[0xffffff8b][0xffffff98][0x1][0x0][0x0][0xffffff85][0xffffff87][0x2][0x0].[0x0][0xffffffc8][0xffffffd8][0xffffffff][0x1b][0xffffff97][0xffffffbd][0xf][0xffffff94]{i%[0xffffffe1][0xffffffdf][0xffffffd1]~[0xfffffff6][0x7f][0xffffffa9][0xffffffda][0xffffffed]0?[0xffffffe2][0x0]"'[0xffffff86]c[0x0]P[0xffffffdf],[0xffffffec]<m;g[0xffffff95]%[0xfffffff8][0xffffffed][0xffffffd0][0xffffffcf]m[0xffffffa2][0x15][0xffffffdd][0x13][0x0][0x0][0xffffff9e]z[0x1c][0xfffffffb]W[0x10][0xffffff80]%3y`[0xfffffffc]=[0xffffffe6][0xffffffd1][0xffffff9d][0xffffff9f][0xffffff9d][0xffffffd3]=[0x1b][0xffffffdf][0x8][0x0][0xffffffd3][0x1a][0x5][0xfffffffa][0x17][0xfffffff9][0xffffff9f][0x4]=[0xffffffac]t![0xffffffa4]90s[0x4]&9[0xffffff94][0xffffffa3]/0[0x5][0x8][0xffffffa5]O[0xffffff85]~d[0xffffff85][0xfffffff7][0xffffffb9][0xffffffd2][0xffffff92][\r]G[0xffffffa5][0xffffffd1][0xfffffffd][0xfffffff7][0x1e][0xffffffb1][0xffffffdc][0xffffffb8]z[0xffffff89];[0x7f][0x17][0xffffffbc][0xffffffae][0x12][0xffffffcb][0xfffffff2][0xffffff8d]i[0xffffffe0][0xffffffb9]M[0xffffffac]~[0x9][0xffffff93]-[0x5]#[0xffffffbe]B:*[0xffffff82]fh[0xffffffda][0xe][0xffffff8b]z[0xfffffff4]K[0xfffffffd]u[0x17][0xffffffa8][0xffffff9d]$[0x16][0xffffffbb][\r][0xffffffc8][0xffffffc7]X[0x9]2c&[0xffffffbf]4[0xffffffe8][0xffffffc6]O[0x12][0xffffffe0][0xffffffcc]p+x=E[0x16][0xffffff87]'[0xffffffe8][0x5]>X1~[0x1c][0xffffffb3][0xffffffa2][0xfffffff1][0xfffffff8][0xffffffa5][0x12][0xfffffff2][0xffffffe0]WQuer[0xffffff96][0xffffff8b][0xffffff89]=&O%[0xffffff88])[0xffffffe2]@"[0xffffff86]5[0xfffffff7]7pFb[0x12]i[0x0][0x0][0xfffffff0][0x4][0x5][0xffffffa0][0xffffff89][0x7] [0xfffffff3][0xfffffffc][0xffffffa7]7[0xffffffc6][0xffffffff][0xffffffd0][0xffffffdf]i[0xffffffc2]L#[0xffffff82][0x0][0xffffffa0][0x2]?[0xffffffaf][0xffffffd2]>St[0x9]?[0xffffffbf]S[0xffffffe6][0xffffffbf][0xffffffa3][0x4]_t?k[0xffffffdf][0xffffff99][0xf][0xffffffd7]6[0xffffffbb]D[0xffffffa1]f[0xffffffc2][0xffffffc0][0xffffffe5]1[0xffffffff][0xffffff9f][0xffffffdf][0x13][0xe]M[0xffffffff][0xffffffce]`[0xb]![0xffffff85]+f8[0xffffffb1][0xffffffe5][0xffffff83][0x5][0xffffff80][0xffffffe8][0xfffffffa]_k[0xffffffcc][0xffffff98]|[0x0]([0xffffffd4]:[0x0][0xffffffb8][0xffffffb8][0x1e][0x0][0xfffffff2][0x2][0x0][0xffffffc0]b[0x1][0x0][0x1c][0xffffffe5][0x0]`8A[0x0]F[0x0][0x0][0xffffffc8][0x6][0x0] d[0x5][0xffffff80][0xffffff90][0x5][0x0],[0xfffffffb][0x1][0xffffffd0][0xfffffff3][0xffffffff]u[\n]"
10:24:15.372 [main] DEBUG com.github.dockerjava.zerodep.shaded.org.apache.hc.client5.http.wire -- http-outgoing-2 << "[0xffffffbc][0xfffffff2][0xfffffff3]}[0xfffffffd]9[\r][0xffffffba]a[0xffffffc3]u[0xffffffb4][0x2]ip[0xffffffdb]9]7[0xffffff84]-8$[0xfffffff0]E[0x1e][0xffffffc0][0xffffffa7]p[0x11][0xffffffec][0xffffffd3][0xffffffb7]b[0xfffffffe]{A[0xffffffef]pp[0xffffffac][0xffffffda][0xffffffe5][0xffffffbc][0xffffffed]]+Z[0xffffffd4][0xffffffee][0x14][0xffffffc0]1r[0x6]s[0xffffffe1][0xffffff88][0xffffff90][0xfffffff5][Bu[0xffffffac][0x9][0xfffffff8]\[0x8]=[0xffffff9f][0xfffffffb]O[0x14]h[0x7f][0xffffffde]}[0x1f][0xffffffa3][0xffffffff]?Q[0xffffffe0]q[0xffffff83]u&[0xffffffae][0x16][0xffffffde][0xffffffe4][0xfffffff9][0x9]C4e[0x1e][0xffffffe6][0x1d][0xffffffe4][0xffffffdf][0xffffff84][0xffffff8a][0xffffffda][0xffffffd9]F[0xffffffd2][0x2][0xffffff95]iL[0xffffffb7][0xf]$[0xffffffd5][0xffffffae][0xffffff93][0x19]-[0xffffff8c]S[0xffffffb2][0xffffffcd][0xfffffffc][0xffffffad][0xffffffa8][0x14]U{j[0xffffff98][0xffffffd7][0xffffffa0][0x14][0xfffffff3][0xffffffbf]&[0xffffff87]0L3g[0xffffffbe][0xfffffff0][0x7f]&!&hm&[0xffffffb2][0xffffffe7]|[0x8]=[0x0][0x0][0xfffffff0][0xffffffdc]OH[0xfffffff4][0xffffffd0]j[0xffffff93]2[0xffffffdc][0xffffffcf][\n]"
10:24:15.372 [main] DEBUG com.github.dockerjava.zerodep.shaded.org.apache.hc.client5.http.wire -- http-outgoing-2 << "{E[0xffffffd0][0xffffffb2]![0xffffffa8][0xfffffff4][0xffffff85][0xffffffe8]X[0xfffffffb]Z[0xffffffdb]j'[0xffffffde][0xffffff99][0xfffffffc]C[0xffffffa1][0xffffffab]D[0xfffffffc][0xffffffbd][0x8]w4\][0xffffff9e][0xfffffff6][0xffffff99][0xffffff88]}[0xb]K[0xffffffe1][0x7]d3[0xffffff8a]G[0xffffffb1]#[0x17]}-[0xffffff80][0x1f]K[0x18][0xffffffdd][0xffffffc3][0x1b]~_[0xffffff97]H[\n]"
10:24:15.372 [main] DEBUG com.github.dockerjava.zerodep.shaded.org.apache.hc.client5.http.wire -- http-outgoing-2 << "[0xffffffcb]bg[0xffffff8e]+[0xfffffff3][[0xffffffb4]^[B[0x3]&[0x15][0x1c][0xffffffb4]mb[0xffffffbd]v[0xffffffc2][[0xfffffffd][0x11][0xffffffbb][0xffffffd0]J[0xfffffff7]!T[0xffffffae][0xffffff8b][\n]"
10:24:15.372 [main] DEBUG com.github.dockerjava.zerodep.shaded.org.apache.hc.client5.http.wire -- http-outgoing-2 << "[0xffffff9a][0xffffffd4]e[0x10][0x8][0xffffffe7][0xffffffe5]q[0xffffffe1][0x5][0xffffff9d][0xffffffd0][0xffffffdd]C@[0xffffffb3][0xffffffb7],A[0xffffffe8][0xffffffe9]vk[0xffffff95][0xffffffcc][0xffffff8d][0x1a]![0xffffff9d][[0xffffffd4][0x15]q[0xffffffbf](jn[0xffffffd9][0xffffffe3]>$[0xffffffaf][0xffffffc9][0xfffffff7][0x7f][0xffffffca][0xffffff82]O#[0xffffffe0][0xffffff97]][0xffffffe1]h[0xffffffc4][0xffffffde]'[0xffffff83]8[0xffffffb4][0xffffffb3][0xffffffce]]i[0xffffffdf][0xffffffa9]Ve[0xffffff83][0x4]i[0xffffff88][0x5]x[0x10]#U[0xffffff8f][0xffffffdb][0xffffffe0]J|wi[0xffffffc2]r[0xffffffc7]IO'[0xffffffed][0xffffffab][0x18][0xfffffffb][0xffffffa9]y[0x7f][0xffffffee][0xffffffa6][0x7]Y[0xffffffec]f[0x5][0x13][0xffffffec][0xffffffe3]a?[0xffffffbd]Q[0xffffffd8]P[0xffffffd4][0xffffffb1][0xffffffcb][0xffffffba][0x8][0xffffffef]'E[0xffffffd7]K[0x12][0x1a][0xffffffb2][[0xffffffce]A[0x17][0xfffffffb][0xffffffef][0xfffffff2]Wx[0xffffff93]Adf[0x10][0xffffffcc][0xffffffb5]P[0xffffff89]n[0xffffffb4][0xffffffac]G[0xffffff8a]Q[\r][0xfffffff1][0xffffffe2][0xffffff95]7[\r][0xffffffb8][0x17]4Nhc[0x1d][0xffffffd3]9[0xffffffc2][0xffffffcf]o}[0x16][0xffffffb8][\n]"
10:24:15.372 [main] DEBUG com.github.dockerjava.zerodep.shaded.org.apache.hc.client5.http.wire -- http-outgoing-2 << "[0xffffffd0][0xffffff92]T[[0xffffff81]*[0xffffffee][0xffffff91][0xffffffc7][0xffffffe5]=[0xffffffca],[0xffffffe8][0xffffffc2][0xffffff88][0xffffffd7](ag[0xffffff86][0xffffffa2]G[0xffffff85][0xffffffdd]X[0xffffffd8]j^[0xffffff9c][0xffffff92]Z^[0xfffffffa][0xffffff82]-[0xffffffaf][0xffffffff]x[0xffffffad])[0xffffffe4][0xffffff97]b[0xffffffec]Gj9[0xffffffe4]A,h[0xfffffff1]*VZ[0x0][0xffffff80]S[0xffffffa7][0xffffffc9][0xffffffac][0xffffffc9])[0x18][0xffffff9a][0x11][0xffffffc1]%SN0[0xffffffbf][0xfffffff3][0x2]R[0xffffffa3](E[0x8][0xffffffcd]X[0xffffffd1][0xffffffed]oA[0xffffffaa][0xffffffb5][0xffffffd4][0xffffffe8][0xffffffff][0xffffff8d][0xfffffffe]q[0xffffffb2]6M[0x4]jXS[0x10]]U[0xffffffdc][0x1f]=[0xfffffff4][0xffffffe2]~-[0xffffffa8]JP[0xffffffe7][0xffffffdf]W[0xffffffdb][0xffffff94]6[0xffffffc4][0x4][0xffffff92]h[0xffffff98]j?~![0xffffff9a]%[0xffffff8e]K[0x13]^[0xfffffff7][0xfffffffe][0xfffffff5]?~[0xf][0xffffffc0][0xffffffc0][0xffffff9c] *[0x13][0xffffffc8];g[0xfffffff8][0xffffffa6][0x1f][0xffffffa5][0xffffffeb][0xffffffdd]-l[0xfffffff3]N[0xffffff90][0x8][0xffffffc0][0xffffff88][0xfffffff0][0xffffffdc]*I[0x5][0xffffffb3]+[0xffffffc0][0xffffffc0]o[0xffffffe4][0x9][0xfffffffa][0xffffffc2][0x16][0xffffff95][0xffffffb7][0xfffffff3][0xffffff91][0xffffffd3][0xffffffb6][0x3]o[0xfffffffc][0xffffffbb]i[0xffffff8c](kH[\n]"
10:24:15.372 [main] DEBUG com.github.dockerjava.zerodep.shaded.org.apache.hc.client5.http.wire -- http-outgoing-2 << "[0xffffff92]0[0xffffffa8][0xffffffac][O[0xfffffff8][0xffffffaa][0x17]r([0xffffffa3]1[0xffffffee]j[0xffffffa9][0xffffff9a]r[0xffffff95][0x12][0xfffffffa]Sj[0xfffffffc][0xffffffab][0xffffffd1][0xffffffac][0xffffffbf]t[0xffffffae]9[0xffffffed][0xffffff94]m[0xffffff8c][0xffffffa4]=[0xffffff87][0x1d][0x15]f[0xffffffdd][0xfffffff1][0xffffffb7]K[0xfffffff9]u[0xffffffdd]}6[0xffffffe0][0xffffff88][0xffffffe3][0xfffffffc]([0x1f][0xffffffeb]Kg[0xffffffed][0xf][0xffffffe1]D[0xffffff83][0xffffffb3][0xffffffcf][0xfffffffa]nV[0xffffffdf]HA[0xffffff9b][0x1a][0xffffff81][0xffffffce][0xfffffffd][0xffffff94][0x1b][0xffffffdb][0x18][0xffffffdf]I^[0xffffffa1].W[0xffffff80][\r][0xffffffaa]i[0xffffffa1][0xffffffdb] [0x8]E[0xffffffe8][0xffffffa3]s[0xffffffcc][0xffffffa2]rZ[0xfffffffc]H:[0x0][0xffffffc0][0xffffffc4]9U(4[0xffffffd7]i4[0xffffffdf][0xffffff9c][0x4][0xffffff8b][0xffffffa9][0x7f]t[0xffffffe1][0xffffff83][0x17][0xffffff8d][0x13][0xffffffcc][0xffffffd5][0xffffff83]G[0xffffffe3][0xffffff9b][0xffffff90]Xr[0xffffffb4][0xffffffad][0xffffffe8][0xffffffed][0xffffffd3][0xffffffa7][0xffffff9d][0xffffffe5]f@hW{[0xffffff85]Q[0xffffffe5][0x1e][0xffffffae][0xffffffbf][0xffffff8e][0x13]:[0xffffffc5]][0xffffffe2][0xffffff8a][0xffffffa9][0xffffff9b][0xffffffd5][0xffffffdd][0xffffff85]e[0xfffffff6][0xffffffa1][0x1b][0x1c]b[0xffffffdc][0xffffffa3][0x18][0xffffffdf][0x3][0xfffffff5][0xffffffc2]k[0x1a][0xffffff8d][0x1f]\,{[0xffffffa1]3[0xffffffe5]Q[0xffffffaa][0x5][0xffffffcc]p[0x1][0xfffffff8][0xffffffea][0xffffff84][0xffffffbf]"O-vai1[0xffffffec][0x11]8[0xffffff90][0xffffff84][0x4][0x0][0x10][0xfffffff2][0x16][0x9][0x10][0xffffff8f][0xffffffb8][0xffffffc6][0x18]z[0x10][0xffffffb2][0xffffffd3][0xffffffd9][0xffffff90][\n]"
10:24:15.374 [main] DEBUG com.github.dockerjava.zerodep.shaded.org.apache.hc.client5.http.wire -- http-outgoing-2 << "[0xffffffac]Y[0xffffff8c][0x7f]?U[0xffffffe1][0xffffff9f]A.[0xffffff87]HY[0xffffffa7][0xffffff9c]3[0xffffff99]Y[0xffffffff]N[0x15]m[0xc][0xffffffa5]|u[0xfffffffd][0xffffffa5]%[0xfffffff8][0xffffffc3][0xfffffff5][0xffffffcf]M[0xc][0xffffffd4][0x0]%[0xffffffee][0xffffff99][0xffffffec][0xffffff87][0xffffff80]K[0xffffffdf]+[0xffffffe8])[0xffffff86][0xffffffa8]D[0xffffff91]o [0xfffffffe][0xffffffa4][0xfffffff4][0xb][0xffffff9a][0xffffffdb][0xffffffa8][0xffffff96][0xffffffeb]b[0xffffffc4]h[0xf][0xffffffb5][0xffffffcb][0xffffffaf][0xffffffe0]a[0xffffffd1][0xffffff84][0xfffffffc][0xffffff9a]y{`HFf[0xffffffe9][0xffffffe7]a[0xffffffb5][0xffffffc5]0l[0xe][0xffffffde][0xe][0xfffffffa][0xffffffed][0xffffffbb][0xffffff88][0xfffffff7][0x2][0xffffffb3][0x1e][0x0][0xffffff8c][0xf][0xffffffbc][0x12][0xb][0xffffff86][0xffffff98][0xffffffe9][0x1d][0xffffff8c][0xffffffbd][0xffffff95][0xffffffa7][0xffffffb9][0xffffffc5][0x7f]l[0xffffffa8][0xffffffc4][0x19]0[0xffffffdb]$[0xffffff8f][0x9]M[0xffffffa9]x[0xffffff96]v[0xffffffcb][0x11]k2[0x10][0xffffff87][0xffffffd4][0x3][0xffffffc1][0xffffff8e]U[0xffffffa7][0xffffffc4][0xffffffa2]z#[0xffffffb8]i[0xffffffa4][0xffffffc6]x[0xfffffffa][0xffffffc8]daQ~[0xffffffdc]j_[0xffffffbd]<[0xffffff90][0xffffffa4][0xffffff97][0xffffffe2]^c[0xffffff8c]E[0xffffffdd][0xffffffb9][0xffffffad]M+<[0xffffffb9][0xffffff88]ZM[0xffffffd8][0xffffff91]t[0xffffff95]5[0xffffffe1][0x1f]J[0xffffff83][0xffffff8f][0xffffffcb][0xb][0xfffffffc]o[0xffffffd0]Y2K[0xffffffef][0xffffffb1][0xffffffef][0xffffffa7])[0xffffffc4][0xffffff96]Pj[0xffffff96][0xffffffbd][0xffffffec]d[0xffffffc7][0xffffffc8]tb[0xffffffde]K[0xffffffde].[0xffffffd9]e[0xffffffc4][0x4]p[0xfffffff0][0xffffffa3][0xfffffff8][0xffffff91][0xffffffd7][0xffffff8e]eVD[0xffffffe7][0x1d][0xffffffc8]7O[0x1e][0xffffffb0]0[0xffffff84]R[0xffffffe5].[0xffffff8b][0xffffffb5]i[0xffffff97][0xffffffe1][0x15]_[0xf]b[0xffffff8c][0x3]7[0xffffff8f]"[0xffffffb0]al[0xffffffd9][0xffffffe5]/,[0x11]X[0xffffffdc][0xffffff8e][0xffffff9c]Q[0xfffffff3]k[0xf]k[0xffffff8c][0x1e][0xffffffe4]:[0xffffffd9]E[0xffffffa5][0xffffffe0]XT[0xfffffffe][0xffffffeb][0xffffffb0][0xffffff91][0xffffffc4][0xfffffffc][0xffffffb5]GP[0xffffffa4][0xffffff99][0xffffffa3]!z[0xffffffc2][0xffffffa2][0xfffffff5][0xffffffcf]L[0xfffffffb]R{>[0xffffff96]%[0xffffffa8]E[0xffffff8d][0x1e][0xffffffb3][0xffffffbc];9[0xffffff81][0xffffffee]J6_[0xffffffbd]E&[0xffffffc0][0xffffffbb]b[0xffffffb4][0xffffff8c][0xffffff8b][0xffffffb1]lr[0xffffffdb][0xffffffaa]CC[0xffffffb2][0x1c][0xffffffd4][\r][0xffffffcb][0x17]OQrx[0xffffff8f][0xfffffff4]E[0xffffffca][0xfffffff1][0xffffffca][0xc][0x0][0xffffffc0][0xffffffa0][0xffffffaf][0x11][0xffffffd3]x[0xffffff8b][0xffffff81][0xffffff84][0xffffff93][0xffffffb5][0xfffffff4]3[0xffffffa5][0xffffff88][0x9]R[0x3][0xffffffa6][0xffffffcf]\[0x1]>+[0xffffffaf][0x16]w[0xffffffd4]N5{[0x1a]y[0xffffff93][0x1d][0xffffffbc]\[0xffffffa7]j[0x5]+[0xfffffff6][0xffffffb6]+[0xfffffff9][0xffffffd7][0xffffff9e][0xffffffa8][0xfffffff4]J[0xffffffdf][0xffffffa6]Otz[0x5][0xffffffad][0xffffff9f]'[0xffffffd6][0xffffffb3][0xffffffbe][0xffffff9a][[0xffffff84][0xfffffff2]t[0xffffffc8]T[0xfffffff7][0x2][0xffffffba]-[0x1d][0x4][0xffffffb4][0x1f][0xffffffb0]`[0xffffff9b][0x7f]K[0xffffffcb][0xffffffa8][0x12]s[0xffffff9d][0xfffffff7]B[0x9][0xffffffc9]z[0xffffffe5][0xffffffdc][0xffffffd7]'[0xb][0x2][0xffffff8a](n[0xffffff91]+6[0xffffffff][0xffffffd3]K[0xffffffdc][0xffffffeb][0xffffffd1]I[0x1a][0xfffffff8][0xffffffc6][0x1d]y3[0xfffffff7][0x8]h[0xb][0xffffffd6][0xffffff84]N[0xffffffa5][0xffffffb9][0xffffffa6][0xffffffa2][0xffffffe7]k[0x18][0xffffffe1]9[0xffffffa0][0xffffffbb]1[0xffffffdf][0xffffff8c]xPN0[0xfffffff3]/$Vk[0xffffffd1][0x10][0xffffffed][0x7][0xffffff80][0xffffff9d][0xfffffff8][0xffffffbc][0x3][0xffffffb8]l[0xffffffb2]@[0xffffff9f][~S[0xffffff88][0x9][0xffffff9e][0xffffff95][\r]B[0xffffff9d][0xffffffc8][0xf][0xffffffef][0x1c]([0xffffffd5],[0xc][0xffffffd9]O[0xffffffb6][0xffffffc0][\r]J[0xffffff87]+[0xffffffc7][0xfffffff4][0x3]Y[0x17]a[0xffffffde]2Q[0xfffffffa]ui|![0xffffffb8]Y[0xffffff82][0xffffff86]ok[0x11]2[0x7f][0xfffffff7][0xffffffe5][0xffffff90][0xffffff9d]bj[0xffffffe5][0xffffffc2]a>x[0xffffffd9]-[0xfffffffc][0xffffff9b][(ke\n[0xfffffff1][0xffffffec]?[0xfffffffb][0xffffff88][0xffffffd7][0xffffffdb][0xffffffd5][0xffffffcf]?[0xffffffda][0x2][0xffffffa9]Y[0xffffff81][0xffffff86]8[0xffffffbc][0xffffffc6][0xffffffe2][\n]"
10:24:15.374 [main] DEBUG com.github.dockerjava.zerodep.shaded.org.apache.hc.client5.http.wire -- http-outgoing-2 << "[0xffffff87]`[0xffffffea]6[0xffffffce]`[0xffffffd7] [0xffffff8c]][0xffffffc9]x@[0xfffffff8][0xffffffc2])[0xffffffc0][0xffffffd3][0x14]R[0xfffffffc][0xfffffff9][0x19][0xffffff80][0x19][0xffffffed][0xfffffffc]k[0xffffff9a][0xffffffe7]^l[0xfffffff6]e[0xffffffb3][0xffffffab][0xffffffd2][0xfffffff8]|[\n]"
10:24:15.374 [main] DEBUG com.github.dockerjava.zerodep.shaded.org.apache.hc.client5.http.wire -- http-outgoing-2 << "[0xffffffcc]-JP[0xffffffeb][0xffffffbd][0xffffffae]4P[0xffffff9e][0x7][0xffffff8e][0xffffffd7]f[0xffffffe4][0xffffffc7][0xfffffff1][0xffffffd0][{N[0xffffffc2][0x9][0xffffffd0][0xffffff9e][0xffffffaa][0x1e][0xfffffffe]&[0xffffffc7][0x1f][0x19][0x2][\r][0xffffffb7][0x7f][0xffffffbc][0xffffffe4]c[0xffffffa7][0xffffff96]H[0xffffff8a][0xffffffa2][0x17][0x10][0xe][0xffffffa8][0xffffffd0][0xffffffe7][0x7][0xffffffa3]"6[0xffffffcc]H9[0xffffffe3]{[0x0]n[0xffffff92][0xfffffffd][0xffffffb2]Y[0xffffffb2]_i'[0xffffffb6]~[0xffffffbd][0x1b][0xffffffbc]g[0xfffffffc][0xffffffb7][0xffffffc8][0xffffff90][0xffffffc5][0xffffffc9][\r][0xffffff83][0xffffffc1][0x11][0xffffff8f][0xffffffd0][0xffffffd3]W[0xffffffc3][0xfffffffa][0x2][0xffffffd1]C[0xfffffff7]3\[0xffffffc2]8[0xffffffe1][0xffffffbb]4uG[0x5][0xffffff89][0xffffff9a]r[0x1f][0xffffff8a][0x13][0xffffffae]W[0xc][0xffffffce]j[0xffffffa7]{[0x7][0xffffffd3][0x16]*[0x6][0xffffffae][0xffffffba]H[0x6][0xffffffc6]6k[0xffffff8e][0xffffffd5][0xffffffbd][0xffffff99][0x15][0x19][0x10][0x0][0xffffffbe][0xfffffffa][0xffffff8f][0xffffffc9][0xffffffc5][0x5][0x17]Nw[0xffffffc9][0x0] [0xffffff86]A[0xffffffe5][0xfffffffe]Y[0xffffffeb][0xffffff80][0xfffffff8]J2[0xffffff85][0xffffff82][0xffffff92]`o[0xfffffffc][0x16]V[0xffffffb2][0xfffffff3]c*[0xffffffdc][0xffffffa5][0xffffff93]bt[0x7f]y[0xffffffd4]^X[0xffffffc1]C'[0xffffffb5][0x1e]@p[0xffffffa4][0xffffff91]B[0x1c][0xffffffee]D[0xffffff83]\[0xffffffc4][0xffffffcf]9r[0xffffffa2][0xffffffc0][0xfffffff5]&[0xffffffe7][0xffffffa0]\[0xffffffeb][0xfffffff8][0xfffffff4]t[0x19][0xffffffd3][0x1b][0xffffffd3][0xffffff95][0xffffff85][0xffffffe5][0x13]wu[0xffffffeb]}[0xffffffd2][0xffffffa7][0xffffffaa][0x12][0xffffffb3][0xffffff96][0xffffffb8][0xffffffb9]u[0xffffffb1][0xffffffb3][0xffffff9b][0xffffff98]Z_[0xffffff8e][\n]"
10:24:15.374 [main] DEBUG com.github.dockerjava.zerodep.shaded.org.apache.hc.client5.http.wire -- http-outgoing-2 << "[0x1c][0x2]\Yb[0xffffffe4][0xffffffe6])[0xffffffa7][0xffffffa1][0xffffffb9][0xffffffc4]A[0xffffffdb])b[0x1f].[0xffffffa6][0xfffffff6]h[0xffffff8e]pe[0xffffff8b],[0xffffffa6][0xffffffbd]yu[0xfffffffd][0xffffff85]s[0x7f][0xffffffdd][0xffffffc1]r[0xffffff97][0xffffffc3]Q[0xfffffffd][0xffffffaf]![0xffffff8a][0xfffffffa]V[0xffffffde][0xffffffb9][0xffffffe4][0xffffffee]_[0xffffffe5]}[0xffffff9a][0xffffffc6][0x1a][0xffffffec]m[0xfffffff5][0x7][0xffffffb0][0xffffffaf][0xffffffc2]Q[0xffffffb3][0x2][0xffffffac][0xffffffd0][0xffffffcb][0xffffffe4][0xffffff8c][0x2]do[0xffffffb3][0xffffffcb][0x10][0x5][0xfffffff3][0xffffffd2][0x1][0xf][0xfffffffc][0xfffffff3][0xffffffbf]7[0xffffff96]v[0xffffffbb][0x10][0x1b]K[0xffffffc1][0xffffffd3]X[0xffffff9c]%[0xffffffc7]fd[0xffffffec]0V[0xffffffa9][0xffffffa2]b[0x7f][0xffffffd5][0xf][0xffffff8b][0xffffffb3][0xffffffe4][0xffffffdc][0xffffffc9][0xffffff8b][0xffffff90][0xfffffff9][0xfffffffd][0x0][0x0][0xffffffcc]G[0x17][0xb][0xc];[0x1d][0x7f]x[0xffffffa2][0xffffffbe][0xffffff80]1#&8[0xffffffbc]&[0xffffffdf]@[0xfffffffa][0xffffffdd][0x1b]"[0xffffffa4][0x9][0xffffff9d]NU[0xffffff9d];u[0xffffff87][0xffffffd2][0xfffffff6]D[0x1f][0x7][0xffffffd3][0xffffffd7][0xffffffbe][0xffffff89][0xffffffb5]h[0xffffff85][0xffffffb0][0xffffffd0][0xffffff87][0xffffff90]eik[0x7][0x13][0xffffffc4][0xffffff86][0xffffffb9]+[0xffffffa4][0x1c][0xfffffff3]Y[0x8]+F[0xffffffd6][0xffffff83][0x0][0xffffffbc][0xffffff9b]9[0xc][0xffffffb0]s[0xffffff99][0x10][0xffffffec][0xffffffa7]9[0xffffffbf]([[0xffffffc5][0xfffffffb][0xffffffef][0xffffffb4][0xffffff85].'IE[0xffffffd0][\r][0x19][0xffffffdd]!?CO[0xffffff87][0x1b][0xffffffb0][0xfffffff4][0xffffffa8][0xfffffff6][0xffffff86][0x1d][0xffffffa8][0xffffff92][0x10]#'[0xfffffff6]7[0xffffffec][0xffffffb1][0x1b][0x1d][0x7f][0xffffff91]i[0xffffffaa]k[0xffffffcb][0xffffffe8][0xfffffffc][0xffffff91][0x7f]f[0xfffffffc]2[0xfffffff2][0xffffffa3]{[0xb]@[0xffffff96][0xffffffe1]k[0xffffff92][0xffffffdd]KV[0xffffff8d][0xffffffa5][0xfffffffe][0xffffffaa][0xffffffdc][0xffffff9c]rA[0xffffff96]GL[0xffffffd1][0xffffffce][0xffffffe8]4gv[0xffffffde][0xe][0xfffffff2][0xffffffa0][0x19]"[0xffffffbe][0xffffffe6][0xffffffcb][0xffffffc1]9]D[\n]"
10:24:15.374 [main] DEBUG com.github.dockerjava.zerodep.shaded.org.apache.hc.client5.http.wire -- http-outgoing-2 << "[0xffffffa4][0xffffffea]J#(1 [0xffffffb3][\n]"
10:24:15.374 [main] DEBUG com.github.dockerjava.zerodep.shaded.org.apache.hc.client5.http.wire -- http-outgoing-2 << "[0xffffff81][0xffffffbc][0xffffff83]O[0xffffffdc][0x14][0xffffffa7][0xe][0xffffffe1][0xf][0xffffffcf]]_[0xffffffc6][0xffffff85][0x17][0xffffffc6][0xfffffffd]+x3[0x1a][0xffffff9f][\n]"
10:24:15.374 [main] DEBUG com.github.dockerjava.zerodep.shaded.org.apache.hc.client5.http.wire -- http-outgoing-2 << "[0xffffffc5]$[0xfffffff4][0xffffffc1][0xffffffba][0xffffff80][0x2][0xffffffb5][0xffffffe8][0xffffffca]E([0xffffffb4][0xffffff8a]e[0xffffff9d][0xffffffc3][0xffffffb7][0xffffffa7][0xffffffd5][0xffffffdd]T[0xffffffea][0x1d][0xffffffb4]<[0xffffffd5][0x0][0xffffffc2][0x1b][0xfffffff7][0xffffffb0][0xffffffc3]L[0xffffffb1]gQ[0xffffffcc][0xffffff8b][0xffffff9f][0xfffffff6]o[0xffffff96]q[0xffffffcc]C[0xffffffe5][0xffffffe8][0x14]B[0xffffff84][0xffffffd7][0x16][0xffffffbd]e[0xfffffff6][0xffffffe7][0xffffff86]B[0xffffffeb]^v[0xffffffc5])[0xffffffb2]y[0xffffffca][0xffffffab][0xfffffff5][0x7][0xffffffe6][0xffffffe8][0xffffffa9]T[0xffffffea][0x1c][0xffffff9d][0xffffffe6][0xffffff9a]RM_.[0xffffffda]7t[0x18][0x1d][0xffffffe6][0xffffff87][0x1e][0x7][0xffffffcc][0xffffff83]f)[0xffffffa3]0[0xffffffa9][0xffffffdb][0xffffffc8] [0xfffffff6][0xffffff82][0xffffffb7]S[0xffffffcc]4E[0x1c][0xffffff91][0xffffff90]==[0xffffff9d]@[0xffffff81][0xffffffcd]z,[0xffffffe9]zc[0xffffff90][0xffffff8f]'[0xffffffdc] [0x7][0xffffffc0][0x19]/Ts[0xffffffe3]k[0xffffffc3]:[0xffffffa0][0x8][0xffffff95]*[0x1d]b[0x13][0xfffffff7][0xffffffc8][0xfffffff7][[0xffffff93]1[0xffffff9d][0xffffff8a]G[0xffffff94][0x7f][0xffffff88][0xffffffc2][0xffffffe5][0xffffffd5][0xffffffc8]![0xffffffb4][0xffffffd7][0xffffffa7]WkK[0xffffffd7][0x19][0xffffffa8][0xffffffc1]3[0xfffffff3][0x1a][0xffffffb1][0xffffffd1]\[0xffffffc6][0xfffffff6]][0xffffffa7][0xfffffff3][0xffffff88][0xffffff8b][0xffffffed]&8[0xffffffe3][0xffffff96]K[0xffffffec][0xfffffff3]n[0x19][0x1b][0xffffffb2]U[0x7f][0xffffffbe]>jy[0xffffffc9]|[0xffffffaa][0x8][0xffffffa1][0xffffffd7]sP,[0xc][0xffffffd4][0xffffff91]{1P[0xfffffffe][0x1b]4[0xffffff82][0xfffffff8][0xffffffb9][0xffffffda][0xffffffe4]u[0x19][0xffffffa6][0xffffffbe][0xffffffb1][0xffffff9b][0xfffffffa]N[0xffffffd1][0xffffff9a]B[0xffffffc0]a[0xffffffcb]4u[0xffffffe8][0x1d][0xffffffaa]I[0xffffffe3]=[0xffffff96]2[0x1a][0xfffffff6]~[0xffffffa0][0xffffffc6][0xfffffff2]R+[0xffffff9c][0xffffff9f][0xffffffbb][0xffffffa2][0x1f]i[0xffffffb3][0xffffffb7]LJ[0xffffffff][0xffffffbc][0xfffffffe][0xffffffb7],[0xffffffa8]Z[0xffffffdc][0xffffffdd][0xffffffd2][[0x19][0xffffffa7]g[0xffffffd0][0xffffff8a][0xffffffaa]AF[0xfffffff0][0xffffff93]@[0xffffffc8]<[0xf][0xffffff84][0x1e][0xffffffe2][0xffffff84][0xfffffff6][0xf][0x15]RNV[0xffffff89][0x7][0xffffffba][0xfffffff7]{[0x15][0xffffff81][0xfffffff0][0xffffffbf][0xffffffb8][0xffffffd8]K[0xffffffc7][0xffffffa4][0xfffffff4]V[0xffffff8b]e[0xffffff8e]_[0xffffffd9][0xffffffa2]:79[0xffffffba][0x11]eP[0xffffffce];n[0xffffffa9][0xffffffdf][0x16][0x5][0xffffff98][0xffffff8c]j[0xffffffdd][0xffffffe9]:L[0x2]zLctn[0xfffffffa][0x15]Sg[0xffffff95]m*8n[0xffffff81]S[0xffffffdd][0xffffffd8][0xffffffb5][0x1a][0xffffffda]V[0xffffffd8][0xffffffab]<7[0xfffffff8][0xffffffef][0x1b][0xffffffba][0x17]"[0xffffffc1][0xfffffff6][0xfffffff3][0x14][0xffffff9c][0xfffffff0]'[0xffffffb7][\r][0xffffffcf][0xffffffae]i@[0x1b]+[0xffffffba][0xffffff86][0xffffff87][0x1b]n[0xffffffee]j[0xffffff9f][0xffffffc0][0x15][0xffffff87][0xffffff82][0xffffff87]vA[0xffffffab][0x1a][0xffffffcf][0xffffff90][0xffffffb9][0xffffffbe]UjU[0xfffffff8]f[0x0][0xffffffaa][0x1e][0xffffffbe]W[0xffffffc9]Rm[0xffffff9c][0xffffffce][0xffffffb1][0xfffffff2][0xffffffec][0xffffffc2][0xffffff95]hqo[0xffffff94][0xffffff95]"[\n]"
10:24:15.374 [main] DEBUG com.github.dockerjava.zerodep.shaded.org.apache.hc.client5.http.wire -- http-outgoing-2 << "[0xffffffab][0x14][0xffffff85]v[0xfffffff8][0x3].*[0xffffffa5]k[0xffffffd2][0xb][0x13]g[0xffffffdd][0x10][0xffffffdf])H[0xffffffe5][0xffffff9d][0xffffffb8][0xffffff9e][0x15][0xffffffb3]1[0x17][0xffffff98]r$M[0xffffffa2][0xffffffbc][0xfffffff0]N`[0xffffff80]-C[0xffffffdd][0xffffffe8][0xffffffaf][0x12]'[0x0][0xffffffc8]K[0xffffff84][0xffffffa3][0xffffffe0]6[0xffffff97][0xffffffbf][0xffffffc3][0xffffffea]G[0xffffffb1]^[0xffffffb9]m[0xffffffdb][0xfffffff7]M[0xffffffcb][0xffffffc8][0xfffffffe]d[0xffffff8e][0xffffffd6][0xffffffa4][0xffffffe7]ElGD[0xffffffa7][0xffffff85]Q[0xffffffc5][0xffffffcb]z[VH[0x4][0xffffffe9][0x16][0xffffff88]0G[0xffffffd3]&[0xffffffe8][0xffffffb0][0xffffffe4][0xffffffee]N[0xffffffdf]![0x8][0x19][0xffffffdd]2[0xffffffe8][0xffffff8b][0xffffffda][0xfffffff5][0xffffff91]P|[0xffffff84]e[0xb]B[0x8][0xffffff9f][0xffffffe8]+[0xffffffaf]e[0xffffff95]1[0xffffff90][0xffffff84]Y[0xffffffaf]i{GRg6'[0xffffffa0][0xffffffe2][0xffffffa0].[0xffffffef]G[0xffffffca][0x17]{[0xffffffb7][0xffffffb3][0xffffffdd][0xffffffef][0xffffffb8][0xffffffe0]M[0xffffffc7][0xffffff9f]{[0xffffffc4][0x1c][0xffffffc7][0xfffffff2]axz[0x7]Q~[0xffffff8a][0xffffff8d][0xffffffba][0x10][0xffffffac]sR~Q[0xfffffff9][0xfffffff9]`[0xffffffb4]+[0xffffffa3][0xffffffe2][0xffffffa6][0xffffffd5][\r]7[0xffffff8b]_[0x15][0xffffffa0][0x0][0xffffffca][0xffffffe6]qB[0x7][0xffffffdc])[0xffffffe5][0xffffffd7][0x12][0xfffffff6][0xffffffef]%[0xffffffd8][0xffffffd9][0xfffffff8][0xe]r[0xffffffea]][0xffffffb1][0xffffffb4][0xffffffeb][0xffffffec]w[0xffffffc1][0xffffffa7][0xffffffe3][0xffffffd2][0xffffffe1][0xffffffc6]g[0xffffffc2][0xffffffb4]]A[0xffffff8c][0xffffffaf]g[0xfffffff8][0xffffffa3][0x7f][0xffffffe1][0xffffff94]_[0xffffffa1][0xffffffda][0xffffffd6][0x4]P[0xffffffcd][0x10][0xffffffb6]a[0xffffffae]X[0xffffffce]rU[0xffffffd6];[[0x13]\b[0xffffff90]j[0xffffffbf][0xfffffff8]^[0xffffffa0]w[0xffffffaa]|[0xffffffbf][0x17][0xffffffd9][0x16]-[0xffffff86][0xffffffe2][0xffffffdd][0xffffffdb]>[0x11][0xffffffc9][0xffffff9e]PG[0xffffffa4][0xffffff8d]y[0xffffffc1]h9ae[0xffffffca]b[0xffffffe0][0xfffffff5][0x5][0xffffffa2][0xffffffc1][0x2][0xb]r[0x1d][0x5]z$![0xffffffbe][0xffffffaa][0xffffffb8][0x1]J[0xffffff95][0xffffffea][0xffffff88][0xffffffbf][0xffffffae][0xffffff8a]f[0xffffffac].J[0xffffffa8][0x1c][0xffffffb7]>[0xffffffc0][0xffffff95][0xffffffa8]I[0xffffffe3][0x6]Ti&5[0xffffff80][0xffffffe5]%p[0xffffff87]O[0xffffffd1]T[0x15]?[0x17][0xffffffe0]d[0xffffffda]^[0x0][0x9]i[0xb][0xfffffffd][0xffffff80]e[0xffffffe5]*a[0xffffffd1][0xffffff8c]x[0x18][0xffffffc2]5[0xffffffe2][0xffffffc9]s:c[0xffffffd7]^[0xffffffbf][0xffffff8f]u[0xffffff80]p[0xffffff9f]~U[0xffffffcd][0xffffffdd]$[[0xffffffdd][0xffffffa8]b[0x18][0xfffffff7][0xffffff94][0x1d].x6[0xffffffb3][0xffffffd3][0xffffff9d][0xffffffa5][0xffffff84];[0xffffffcf][0xffffffc1]T[0x13]Eb[0x17][0x7]\[0xffffffa8]8,[0xffffffee][0xffffff92][0xffffffcc][0xffffffbb][0xffffff89][0x16][0xfffffff7][0xffffffd5][0xffffff98][0xffffff89][0xffffffbc]f[0xffffffdc]_[\n]"
10:24:15.374 [main] DEBUG com.github.dockerjava.zerodep.shaded.org.apache.hc.client5.http.wire -- http-outgoing-2 << "/[0xffffff81][0xffffffc6]y<R[0xffffffdf][0xffffffcb]{[0xfffffffe]j[0xffffffcd][0xffffffa9]6[0x4][0xffffffe0][0x7]d=[0xffffffed][0xffffffed][0xffffffe9][0xffffffe5][0xffffffb4]d[0xffffffd4]wJ[0xb][0xffffffe5][\n]"
10:24:15.374 [main] DEBUG com.github.dockerjava.zerodep.shaded.org.apache.hc.client5.http.wire -- http-outgoing-2 << "[0xffffffa0]ZFa[0xffffff9d][0xffffffb8][0xffffffbb]i[0xffffffa7][0x7f][0x1a][0xffffffef]3Z[0xfffffff7]HD([0xffffffe0][0x11]%[0xffffff9e][0xffffff9e][0x7f]5[0xffffffa0]@q[0xffffffef][0x19][0xffffffd1]V[0x1b][0xffffffda][0xffffff8d][0xffffffb6]6[0xffffffd5][0xe][0xffffffda][0xffffffb7]s[0x8][0xffffffb3][0xffffff88][0xfffffff7]Ot[0xffffff85][0xffffffc1][0x10][0xfffffff8][0xffffffc3][0xffffff97][0x3]9M[0xffffffb9][0xffffff8f]o[0xffffff9b][0xffffffb4][0xffffff89][0xffffffb9][0xffffffcc]3[0xffffffa0][0xffffff84][0xffffffe7]/[0x17]iWY[\r][0xffffff8e]}[0x1d]}[0xffffffb4][0x1e][0xffffff97][0xffffffea][\n]"
10:24:15.374 [main] DEBUG com.github.dockerjava.zerodep.shaded.org.apache.hc.client5.http.wire -- http-outgoing-2 << "[0x1f][0xfffffffa]Bq[0xffffff9d][0xffffffbe][0xffffffcb]~$[0xffffffb5][0xffffff9a][0xffffff99][0xffffffb8][0xfffffff4][0xffffffc6]K[0xfffffff2]d[0xffffffd5][0xffffffb3]D[0xffffffde][0xfffffff0][0xffffffb9][0xffffff88][0xffffff82][0xffffff87][0xfffffff4][0xffffffae][0xffffff9e][0xb]X[0xffffffd2][0xffffffb2]X[0xfffffffc][0x13][0xffffffe7][0xffffffe6]|[0xffffffb2]3|[0xffffffae][0xffffffc6][0xffffffee][0xffffffb0]][0xffffffb9]RZ[0xffffff9d][0xffffffce]`[0xffffffe2]=S*pP9W.[0xffffff90][0xffffffa7]Bv~[0xffffffa9]a;[0xffffffca][0xfffffffa][0xffffffd3]KZ[0xffffffad][0xffffff9d]oY[0x17][0x14][0xfffffffd][0xffffffdc]F4[0xffffffc6]L[0x1f]N[0xffffffe4][0xffffffc1][0xffffffb8][0xf]D[0xffffff9b][0xffffff8f][\n]"
10:24:15.374 [main] DEBUG com.github.dockerjava.zerodep.shaded.org.apache.hc.client5.http.wire -- http-outgoing-2 << "[0xffffffdb][0xffffff97]/[0x1a]9[0x1][0xffffffd7];[0xffffffc7][0xffffffc8]q[0x19][0xffffffde][0xffffffb9][0x2][0xffffff87][0xffffffc7][0x6]I[[0x1][0x13][0xffffffd0][0xffffffc2][0xffffffcf][0x16][0xffffffc4][0xffffff85]0[0x15][0x15][0xffffffe6]k[0xffffffea]3[\r]VUJ[0x1f][0xb][0x9][0xffffff82]*M/[0xffffffb0][0x10](5[0xffffffe1][0xffffff87][0xffffffdd][0xffffffd6][0xffffffa5][0xffffffbb]A^I[0xfffffff6])Dm[0xfffffffe][0xffffffea][0xffffffd6]rC[0xffffff8c][0xffffffcf] 0[0xb][0xffffffe6][0x17][0xffffff88]Hb[0xffffffb1][0xffffff8b]o[0xffffff93]uV&zM[0x6][0x3][0xffffff99][0xfffffff6]%W:[0xffffffdd][0xffffff9b][0xffffffbd][0x19]k[0xffffffa3]_[0xe][0xffffffc8][0x6]F[0xffffffbb][0xffffff8e][0xffffffb5]R[0xffffffe5][0x14]p[0xffffff8d]{[0xffffffae][0xffffffe9]9LE.t[0xffffffb3][0xffffffb9][0xffffffc4]>[0xfffffffd]J[0xffffff8a][0xffffff87][0xe]K[0xffffffc9][0xffffffee][0xffffff95][0x1f][0xffffff9c][0xffffffd2]}[0xffffffc7]NG[0xffffffc9]}[0xffffffe5][0xffffffee][0xffffff81][0xffffffe3]3fm[0xffffff8f][\r][0xffffffed][0xffffff82][0xffffffa9][0xffffffdc][0xfffffff0][0xffffffe6][0xffffff8e][0xffffff82]E[0xffffffa8]v[0xffffff99][0xfffffff7][0xffffffe5][0xffffffa6][0xffffffd0][0xffffffee][0x18][0xffffffbc]z[[0xffffff8c][0xffffffd0][0xffffffce][0xffffffef]0[0xffffffbf]Z[0xffffffdf]l`[0xffffffe8][0xffffffc0][0xffffff84]t[0xffffffe0][0xffffffe0]Rv[0xffffffb1][0xffffffdf]g[0xffffffc4][0xffffffa8]Ia[0xffffffaf]7J[0xffffffcc][0xffffff9c][0xffffffdc][0xffffffad][0xfffffffa]a[0x7f]`[0xffffffb8]r[0xffffff85][0xfffffffc][0xffffffd5]9VC[0xffffff8f]Z[0xffffffd1]X[0xffffff93]{[0xffffff86]*[0xffffffb8]Yj[0x6][0xffffff81]O[0xffffff91]+[0xffffffcc][0x7f][0xffffffa4][0xffffffd5]`[0xffffffc8]1[0xc][0x13][0xfffffff7]n[0xffffffbc][0xffffffda]k[\r][0xfffffff6][0xffffffd7][0xffffffe3][0xffffff9c]6t[0xffffff81]p[^[0xffffffde][\n]"
10:24:15.374 [main] DEBUG com.github.dockerjava.zerodep.shaded.org.apache.hc.client5.http.wire -- http-outgoing-2 << "[0xffffffc7]o[0xffffff8c][0xffffff99][0xffffff96]<)cl[0xffffff92]W[0x1e][0xffffff82]:[0x13]m[0xffffffcb][0xffffffc3]Y[0xffffffbc]W}H[0x10]FXl$[0xffffff8c][0xffffffca]*'[0xffffffd2][0xffffffea][0x1b][0xffffff99]<;[0x14][0xffffffeb][0xffffff98]o[0xffffffd1]H5)SH[0x19][0xffffffa2][0xffffffd1]5[0xfffffff2][0xfffffff1][0xf]S[0x1a](>g[0x9][0xfffffff3][0xffffffb7][0xffffffcf][0xfffffff7]L}([0xffffff89][0xffffff97][0xffffff87];\d[0xffffffb4][0xfffffff4][0x11][0xffffffe7][0xffffffb2][0xffffffaf][0xffffff8c][0xfffffff3][0xffffff92][0xffffff8c]d[0x12][0xffffff8a]_7[0xffffffb6][0x1b][0x18][0x13]L[0xffffff98][0xffffffa1][0xffffffda]m\[0xffffffce] [0x2],[0xffffff86][0xffffff80]C[0xffffffda][E[0xffffffbb][0xffffffca][0xffffffb9][0xffffffac][0xffffffe1][0xffffff95][0xffffff81][0xffffffa9]T[0x8]][0xffffff91][0xffffffa2][0xffffffda]v[0x1][0xffffffe5]{Pr[0xffffffaf]{}I[0xffffffca][0xffffff9e]'[0xffffffba]v[0xffffff99][0xffffffe4]Y[0xffffffd0][0x1b][0xffffff8e]b[0xffffff9a][0x1e][0xffffff8f][0xffffff83][0xffffffad][0x8]([0x9][0xffffffbf][0xffffffe4]B[0xffffffe7][0xffffffa5][0xffffffd3][0xffffff92][0xffffffb4][0xffffff85][0xffffffee][0xffffff96]?[0xffffffb2][0xffffffbc][0xffffffa9][0x18][0x16]lz[0x7][0xffffffd8]5[0xffffff82]T[0xffffffaa][0xffffff93][0xfffffff0][0x13][0xffffffcc][0xfffffff0][0xffffff9d]^e[0xffffffd2]dR[0x3][0xffffffd1]rXB[0xffffff85]r[0xffffff94][0xffffff99].[0x5]85[0xffffffc4][0xffffff9b][0xffffffdf][0xffffffc6]3[0xffffff81][0xffffffdc]U[0xffffffc2][0xffffffd1][0xffffffbd]g[0x11]n[0xffffff98]I[0x2]![0xffffff93][0xffffff88]>m[0xffffff81][0x6][0xffffffae]l\[0xfffffff5][0xfffffff4]@[0xffffffcb][0xffffffce][0xffffff88]v[0x1c][0xffffffdc][0xffffffbf]:[0x8]L[0xffffff8e]y~ur[0x0][0xffffffbc][0xffffff89][0xffffffb2]~[0xffffffaa])[0xfffffff0][0xffffffa8]k[0xffffffca][0xffffffe9]9eP$[0xffffffc3][0xffffffba][0xfffffff2][0xffffff91][0xffffffcb]*[0xffffffca]*[0xffffffcb]Pz[0xffffffdc]=[0xfffffff4]}v[0xffffffc4]G[0xffffffba][0xffffffca]%[0xffffffbe][0xffffffb3][0xffffffbc][0xffffffd2][0xffffffac]r$[0x18]3[0xffffffcf][0xffffffc8][0xfffffff8][0xffffffae][0xffffff82]}[0xffffffa5][0x6][0xffffffd7][0xfffffff1][0x1e][0xffffffae][0xffffff80]'21[0xffffffb7][0xffffffc0]-[0xffffffdd]|c[0x1b][0x16][0xf]^[0x5][0xfffffffe][0xfffffffe][0xfffffffa][0xffffffed]:m[0xffffffa0][0xffffff9d][0x17][0xffffffaa][0xffffff97][0x14][0x9][0x10][0xffffffd3][0xffffffb8][0x19]s[0x8]Q[0x7][0x7f]Vj[0xffffff8c][0xffffffd4][0x12](?[0xffffffec][0x13]H[0xfffffffa][0xffffff8f][0xffffffef][0x12][0xffffff9b].F[0x4]g[0xffffffe6][0xffffffce][0xffffffe7][0xffffffd3]'[0xffffffda]C[0xffffff8a]C[0xffffffac][0xffffff84]b[0xffffffe7]di[0xffffffb1]#Sb@[0xffffffc5][0xffffffc4]&[0xffffffa8][0x8][0x19][0xffffffe7][0xffffff97][0x18][0xfffffff3]bQ.}[0xfffffffd][0xffffffc2][0x7][0xffffffad][0xffffffe9]T3`[0xffffffcc][0xffffffa1]n[0x1b]~:[0xffffff90][\n]"
10:24:15.374 [main] DEBUG com.github.dockerjava.zerodep.shaded.org.apache.hc.client5.http.wire -- http-outgoing-2 << "[0xffffffb9]@[0xffffff8d][0xfffffff3]o[0xffffffb5][0xffffff97][0xfffffff8][0x8]b[\n]"
10:24:15.375 [main] DEBUG com.github.dockerjava.zerodep.shaded.org.apache.hc.client5.http.wire -- http-outgoing-2 << "[0xffffff86][0x1e][0x10][0xffffffa5][0x11][0xffffffd6][0xffffff9b]\[0x1d]h[0xc][0xffffff8f][0x6][0xfffffff4]Y6,#[0x8]s[0xffffffef][0xffffffde][0xffffffb2][0x12]a[0xffffffce][0xffffff92][0x1e]:K9[0xfffffffb]X[0xffffffd4][0xffffffcf][0x7f]B [0xffffff92][0xffffffa8][0xffffffdf][0xffffffd0][0xffffffdd][0x7][0xffffff98]Af[0xffffff93].[0xffffffe5][0xffffffab]sDyw[0xffffff8f][0xffffff81][0xffffffde][0x13][0xffffffea][0xffffff80][0x12]g\[0xffffffc8][0xffffff84]k_[0x7][0xffffffe2][0x0]C[0xffffffa9][0xffffffaa][0xffffff8f][0xffffff8c]z[0x1e][0xffffffef][0x1c][0xffffffd8][0xffffffd7]{\[0xffffffc3][0xffffffea][0xffffffe2]_[0xffffff9a][0xffffff9b][0xffffff9f][0xe][0xffffffc7][0xffffffdd][0xffffffe0]y[0xffffffe0][0xffffffcf][0xffffff98][0xffffffbb][0x10][0xffffffef]xqG[0xffffffaf][0x9]Z[0xc]2[0xffffffb1][0xffffffee][0xffffff88][0x13][0xffffffcd][0xffffffab]'[0xffffffd7]QmO[\r][0x2]F3[0xffffffb4][0x8][0x14]G~[0xffffffc1][0xffffffac]U5[0xffffffaf][0xffffffd8]R\[0xffffffdf][0xffffffea][0xffffffd8][0xffffff8a]@[0xffffff86]g[0xffffff89]`G[0xffffffd8][0xfffffff2][0xffffffc3]Y[0xffffff9a][0xffffffb5][0xffffff9a][0xffffffba]1[0xfffffffe][0xffffff80][0xffffffa1]el|[0x5][0xfffffff7][0xffffff8f]/[0x15][0xffffff82]7P[0xffffff81]y[0x4][0x15]Q[0xffffffff][0xfffffffe]Q[0x12][0xffffff84][0xfffffffb][0xffffff90][0xffffff9d]6[0xffffff94][0x11]EU[0xffffffdf][0xffffffba]$44[0xffffffc7][0xffffff98][0xffffffb1][0xffffffa5][0x13][0xffffffca][0x9][0xffffffc9][0xffffffa1]=[0xffffffda][0xffffffef][0xffffff91][0x7][0xffffffb0][0x3][0xffffffee][0x7f]ox"
10:24:15.380 [main] DEBUG com.github.dockerjava.zerodep.shaded.org.apache.hc.client5.http.wire -- http-outgoing-2 << "[0xffffffbc][0xffffffe8][0xffffffd0][0xffffff88][0x2][0xffffffaa][0x17][0xffffff82][0xffffffd9][0xffffff87][0xffffffe2][0xffffffb3][0xffffffe4];[\r][\n]"
10:24:15.380 [main] DEBUG com.github.dockerjava.zerodep.shaded.org.apache.hc.client5.http.wire -- http-outgoing-2 << "2064[\r][\n]"
10:24:15.380 [main] DEBUG com.github.dockerjava.zerodep.shaded.org.apache.hc.client5.http.wire -- http-outgoing-2 << "[0xffffff81][0xffffffa3][0xffffffa6][0xffffffe0][0xffffffb8][0x1b][0xfffffff9]p[0x13][0xffffffcd]b5[0xffffffdd]r[0xffffffd3]3[0xf][0x15]he[0xffffffd2]N[0xfffffff2][0xffffffaa]\[0xffffffb7][0xffffff8f][0xffffffb7][0xffffffb4][0xffffffc4][0xffffffa5]z@>cL[0x1b]<3@[0x15][0xffffffa0][0x13][0xffffffe6][0xffffffc6]?[0x16][0xb][0x1b][0xffffffed];W[0xffffffdf]jj[0xfffffffa][0xfffffff6][0xffffffae]k[0x1a]\[0x15][0xffffff8d],[0xfffffffd][0xffffffb5][0xffffffb6]S[0xffffff9e]B+[0xffffff97][0x19][0x10][0x12][0xffffff80]J[0xffffffc1][0xffffffe9][0x5]JN[0xffffff9a]%r[0xffffff9e]p[0x9][0xffffff9a]f[0xffffff9c][0xffffffc1]%N[0xffffffba][0xffffff8a][0xffffffb0][0x2]x8[[0x16][0xffffffc9] 3[0xffffffd7]E!6[0x18]I[0x5][0xffffffb8]M/ [0x16][0x9][0xffffffa0][0xffffffb5][\n]"
10:24:15.380 [main] DEBUG com.github.dockerjava.zerodep.shaded.org.apache.hc.client5.http.wire -- http-outgoing-2 << "{f/[0xffffffaf][0xffffff89]t[0xffffffae]([>[0x1d][0xffffffb0]r[0xffffff8c]x[0x1]G[0xffffff85][0xffffffa6][0xffffffe5]J[0xffffffb1][0x8][\n]"
10:24:15.380 [main] DEBUG com.github.dockerjava.zerodep.shaded.org.apache.hc.client5.http.wire -- http-outgoing-2 << "[0xffffffd7][0x1b]&[0xffffffb0][0xffffffb2][0xffffff8a][0xffffffeb]$}[0x18][0xffffffd8]MEpr[0xffffffe5][0xffffff9e][0x10]*[0xffffff94][0xffffffd0]_[0xffffffa9][0xfffffff3][0xffffffc7]2[0xffffffae]`[0xffffffcb]Q5[0x5][0xffffffab]2[0x17][0xffffffe1]m[0x6][0xffffffed][0xfffffffb][0xfffffff9][0xffffffdf]4c}[0xffffffe1][0x6][0xffffff8d]3[0x17][0xffffffbe][0xffffffb7][0xffffff9c][0xe]k[0xffffff99]cl[0x1d]TsK[0x7f][0x12][0xffffffd2]Ry[0xffffffc6][0xffffffbd]f[0xffffffed][0x1d]x[0xffffffd9]M[0x19][0xffffff9f]Tg[0xffffff8c]3[\r][0xfffffffc][0xb][0xffffffb7][0xfffffff7])[0xffffffd8][0xffffffe8][0xffffff89][0xffffffe9]/Tkh[0xffffffa2][0xffffffd5]8z[0xe][0xfffffffd]dq[0xffffff84]b-t[0xffffffdc][0xffffffc3][0xf][0xffffffe6][0xffffffd1]E[0xffffffbf][0xffffffcb][0xffffffd9][0x18]f[0x10]S[0xffffffe6][0xfffffffd]?=[0xffffffb0]^B[0xffffffb8][0x5][0xffffffe3][0xffffffe0][0xffffffd4],p[0x5][0xffffffcd][0xffffffb7][0xfffffff1][0xffffffef]>[0xffffff8b][0x1e]s[0xffffffda]}[0xffffff93];Ua[0xffffffca][0x12]TfPmr[0xffffffd9][0xfffffff8][0xffffff97]`x[0xffffffc2]?;[0xffffffc9][0xffffffd4][0xffffffe8]7[0x9][0xffffff96][0x16][0xffffffe4][0xfffffff2]0[0xffffff93][0xffffff80][0xfffffff9](E[0xffffffa6][0xffffff83][0xffffff8b][0xffffff93][0x0]d[0xffffff81][0x19][0xffffffa2][0x6][0xffffffe5]I[0xffffffed][0xfffffff0][0xffffff92]n[0xfffffffc][0xffffff82][0xfffffff2][\r][0xffffffbc][0xffffffd7][0xffffff8a]hg[0xffffffd6]t[0xffffff91][\r][\n]"
10:24:15.381 [main] DEBUG com.github.dockerjava.zerodep.shaded.org.apache.hc.client5.http.wire -- http-outgoing-2 << "[0xffffff87][0xffffffa4][0xffffffb4][0xffffffc8][0xffffff95][0xffffffaa][0xffffffba][0xffffff9d][0xffffff9b]4u_[0xffffff9a][0xffffffc7]U5[0xffffff87][0xffffffcc][\n]"
10:24:15.381 [main] DEBUG com.github.dockerjava.zerodep.shaded.org.apache.hc.client5.http.wire -- http-outgoing-2 << "[0xffffffc8][0xffffffd5][0x9][0xffffff99][0xffffffc5][0xffffffed][0xffffffd3][0xffffff9e] [0xfffffffa]F[0xffffffec][0xffffffcd]L][0xffffffe6][0xffffffe7][0x1c][0xffffffc9][0xffffff80][0xffffffc4]k[0xffffffb3][0xffffffdc][0xffffffc1][0xffffff83][0xffffffdb][0xfffffff8]=L.8[0x4][0xffffffca]Qq[0xffffff9c][0xffffff8e][0xffffffaa][0xffffffdd][0xffffffc4]b[0xffffffcb][0xffffffbc][0xffffffb0][0xffffffaf][0xfffffff8][0xffffffa2][0x3][\r][0x1c]x+[0xffffffbf][0xffffffe2].q[0xffffffbc][0xffffff91][0xffffffe5][0xfffffff5][0x14]2[0x1]B[0xfffffff2][0xffffff87][0xffffffac][0xffffff96][0xffffffa3][0xffffff84][0xffffffdf]W[0x9][0x10][0x19][0x15][0xffffffdd][0xfffffff9]O7[0xffffff96]'[0xffffffef][0xffffffe7]!_/[0xffffffa0][0xe][0x13][0xffffff9d][[0xffffff99]#[0x8]xg[0x10]w[0xfffffff6]f[0xffffff82]hJD[0xffffffe5]`[0xffffffe5][0xffffff88][0xffffffa2][0xffffffa6][0x16][0xffffffda][0xffffffd7][0x1e]jc[0xffffffab][0xffffffd7]e^[0xffffff9c]$?[0xffffff93]I[0xffffffff][0x17][0xffffffc1][0xffffffbf][0x14]q.#c[0xffffffbd][[0xffffff88][0xffffffe7]C[0xffffffcc][0xffffffe5]r[0xffffff99][0xffffffe4][0xc][0xffffffa7]Qq[0xffffffdd]f[0xffffff90][0xffffff83][0x6][0xffffffd5]e[0xffffffca]itvo[0xffffff8e][0x7f][0xffffff9f]ik?[0x2]_[0xffffffe3]o[0xffffff84]=[0xffffffc4]gx[0xfffffffc][0xfffffff9][0x18]^{i[0xffffff97][0xffffff90]p[0xffffff9c][0xffffffe4][0xffffff98][0xffffff8a]O[0x18][0xffffff80][0xffffffc1][0xffffff87][0x12][0xffffff86][0xffffffc4]z[0xffffff87][\r][0xfffffff3],[0xffffffc7][0xffffffb6][0xfffffff5]-[0x1a][0xffffffc0][0xffffff81][0xffffffc9][0xffffffed][0xffffffd8]'Q[0xffffff81][0x7][0x10]S[0xffffff85][0xfffffff5][0xfffffffe][\n]"
10:24:15.381 [main] DEBUG com.github.dockerjava.zerodep.shaded.org.apache.hc.client5.http.wire -- http-outgoing-2 << "[0xffffff85][0x17][0xffffffd1][0xfffffffc]"[0x2][0xffffffa2][0xffffffa0][\r][0x1][0x0][0x16][0xffffffc7]'[0xffffffd0]R[0xffffffe0][0xffffffa6][0xffffffa6]P[0xffffffc3][0xffffff93][0xffffffae][0xffffff85][0xffffffb7][0xffffffe2][0xffffffa2]6[0xffffffc5][0xfffffff7]i[0xffffffc7],[0xffffffc5][0xffffff85][0xffffff91][0xffffffb8]J[0xffffffd1][0xffffff90][0xffffff80][0xffffffe5][0xffffffbe][0xffffff8b][0xffffffcb][0xc][0xffffffcb][0x11]b[0xfffffff5]B\^[0xfffffff0][0xffffffed]n[0xffffffb7][0xffffff90][0x3][0xffffffea]:[0xffffffd9][0xffffffff][0xfffffff7][0xffffffc3][0xfffffff5]?[0xffffffc3][0xffffffd8][0xffffffd3]'4Z[0xffffffb2][0xfffffff8]g[0xfffffff3]W[0xffffffe6]R>[0x15][0xffffffc4][0xffffffb2][0xffffffba][0xffffffc0][0x19][0x3]U[0xffffff97][0x14][0xffffffe6]2[0xfffffff8][0xffffff81][0xffffffd8][0xffffffa9][0xffffffb1][0xffffffbc][0xffffffaf]X[0x4]'\[0xffffffe0][0xffffffbc][0xffffffef]{Qr.[0xffffff89]m![0xffffffae]3[0xffffffc2][0xffffffc3]v[0x14]`d[0xfffffff0][0xfffffff7][0xffffffb6][0x15]'[0xffffffaa]}n9[0xffffff90][0xffffff8b]f[0xffffffc4];_[0xfffffff3][0xffffffda][0xffffffce][0xffffffd7][0x11][0xffffffb2][0xfffffff8][0xfffffff6][0xffffffc3]} 8[0xffffffad][0xffffffdc]U[0xffffffff][0xffffffb2][0xffffffd9][0xffffffd4]H[0xffffffcf]c$[0xffffff9f]e[0xffffffb5]$[0xffffffe4]Q[0xffffffaa]_[0xffffffeb][0x6][0xffffffc5]v[0xffffffb3]h[0xf][0xffffffd0]z$[0xffffffe1][0xffffffbf]6[0xffffff96][0xffffff86][0xfffffff0]|[0xfffffff0][0xffffff97][0x12][0xffffff86][0xffffff84][0xffffffd4]L{[0xffffffd4];[0xfffffff5]n5d[0xffffff9f][0xffffffd8][0x8]9=NkN[0x1a]z$I`B[0x14][0xffffff9c][0x18][0xffffffaa]|[0xffffffd8][0xffffffd0]?[0x1][0xffffff92][0xffffffd2]s[0xffffff81][0xfffffffd]+[0xffffff8b][0xffffffcf][0xffffffe7]t[0xffffffce]oF[0xffffffb8][0xffffffd0][0xffffffc1][0xffffff92][0x6]M[0xffffffe7][0xf][0xffffff8f][0xffffffa6]6[0xffffff85][0xffffffa2][0xffffffa4]4[0xffffffe5]Qjz[0xffffffaa],H[0xffffffb7]'[0xffffffbe]>[0xffffffda][0xffffffce]e[0xffffff9e]u[0xffffffa3];m[0xffffffe4][0xffffffad][0x11]^[0xffffffc1]9)[0x1c][0x13]C[0xffffffd0][0xffffff96]mP[0xffffffea]?[0xfffffff5][0xffffff87][0xffffffdb][0x11][0x2][0xffffff92][0xffffffa4][0xfffffffa]pk[0x1c]$H{[0xffffffb4][0xffffff84][0x10][0xffffffeb]y[\r]E[0xfffffff4][0xffffff93]y>[0x15]-[0xffffff97][0xffffff9f][0xffffff99][\r][0xffffffdd]$7nR [0xfffffff9]er[0xffffff95][0x1f]u[0xe]>W[0xffffff9c][0xffffffbc][0xffffffcf][\r][0xffffffa4]YW[0xffffff97][0x2][0xffffffa4]n[0xffffffaa][0x9][0xffffffd8][0xffffff88]637[0x1a][0xffffffce]&Ym[0xfffffffb]}[0xfffffffc][0xffffffb6]n[0xffffffc7][0xffffffeb][0xffffffe6][0x3][0xffffffeb][0xffffffb3][0xffffffec][0x1b]df-[0x13][0xffffff87][0xffffff9d][0xfffffffe]}[0xffffffc5][0xffffffda]]EI"[0x7f][0xffffffbf][0xffffffe1][0xffffffd2][0xffffffb1]q [0xffffffc7]b[0xffffff9d][0xffffffef]*[0x1e][0x11][0xfffffff8]t[0xffffffa8][0xffffff9f][0x9][0xfffffffb][\n]"
10:24:15.381 [main] DEBUG com.github.dockerjava.zerodep.shaded.org.apache.hc.client5.http.wire -- http-outgoing-2 << "\[0xffffff8a]0[0xffffffa7][0xffffffee][0xffffff81]gx%[0x1b]J[0xffffffbc][[0xffffff84]v[0xffffffe2][0xfffffff4]'0[0x4]{[0x19][0xffffffcf]o[0xffffffb1][0xffffffa6][0x9]A[0xffffffb9][0x7][0xffffffdc]}T[0x1f][0x12]V[0xffffff9e]C[0x15][0xffffffe7]nP[0xffffffaf][0xffffffb1]7[0xffffffad][0xffffffa6][0x1c]L[0xffffff80][0xffffff88][0xfffffff5][0xffffff98][+m[0x17][0xffffffe2][0xffffff88][0xfffffff5][0xfffffff8]O[0xffffff8e])[0x5][0xffffffbc][0xffffff9e][0xffffffd8][0xffffffca]k'[0xffffffc1][0xfffffff8][0xffffff9e][0xffffffca]U[0xffffffd6][0xffffffc8]r[0xffffffc4][0xffffffb2][0xffffffae]b$:,+[0xffffffc5][0xfffffffa][0x1e]os[0xffffffe3][0xffffffc2]n[0xffffffe2]t[0xffffffdc][0xffffff89]}[0xfffffffd][0xffffffc9][0xfffffff1][0x8][0xffffffcb][0x13],[0xffffffd7][0xffffffd9]?[0xffffffbe][0xfffffff4][0x1e]i[0xffffff86][0xffffffb0]VBc[0xffffff9e]%[0xffffff8a]STM[0xffffffb8][0xffffffeb][0xc][0xf][0xffffffeb]|[0x0][0x0][0x1e]0<[0xffffff85][0xffffffce][0xffffffcf][0xffffffef][0xfffffffe][0xffffffb5]K[0xffffffc3]=[0xffffffcc]=[0xe][0xffffff8e]O[0x14][0xffffff8d][0xffffffa6],[0xffffff86][0xffffff83]9[0xffffff96]m[0xffffffd9]A[0xffffffba][0xffffffcf][0xffffff9f]t'[0xffffffa2][0xffffffd8]o:[0xffffffdd][0xffffffc9]9I[0xffffffea][0x16]A[0x16]G[0xffffffee]([0xffffff80][0xfffffff0]WV[0x1b][0xffffffc4].9N[0x3]4[0xffffffc1]#F[0xffffffb7][0xffffffa5]O[0x16]][0xffffff8c][0xffffffa2][0xffffffee]Tp[0xffffffcc]C[0xffffffe6][0xffffff97][0xffffffbd]l+>j[0xffffffc9]S,[0xf]bJ^Z[0xffffff93][0xffffffa7][0xffffffe2]%T>[0xffffff9d][0xffffffd9][0xfffffff4][0xffffffff][0xffffffb0]wVAqek[0xffffffbc][0xffffffdf]Hp[0xffffff82]7[0xffffffda][0x4][0x12][0xffffff82]&[0xffffffb8][0x5][0x2]t[0xffffffe3][0xffffffee][0xffffffae][0xffffffc1][0x1a]wb[0xffffffb8][0x5][\r]:8[0xffffff81][0x6][0xffffff82]{p[0xffffff97]@[0x12][0x1c]B[0xffffff80]@p[0x8]N[0xfffffff0][0xffffffe0]rk[0xffffffe6][0xffffffcc][0xffffffcc]a[0xffffffb8][0xffffffe7][0xffffffe4][0xffffffce][0x10]^n[0xffffffd5]Y[0xffffffb5][0x1f][0xffffffd8]<,v[0xffffffff][0xffffffea][0xffffffff][0xffffffad][0xffffffef]W_m[0xffffffaa]o[0xfffffffb][0x4]U[0xffffffb3][0xffffffda]Ih[0xffffffb1][0x13][0xffffff92]*[0xffffff85][0xffffffd0]8[0xffffffe1]T[0xffffffe7][0xffffff94][0xffffffc8]P[0xffffffcc]z[0xffffffe4][0x17][0xffffffaf]x[0xffffff97]R@T[0x4][0xffffffee][0xffffffdc][0xffffff8c][0xfffffff4]>12[0xffffffd0]Pg[0xffffffe7][0xffffffa7][0xffffffb7]v[0xffffffae][0xffffffc3][0xffffffde][0xffffffa7]N[0x11][0x6][0xffffff8f]6A[0xffffffcd][0xffffffb6]p9[0x16][0xffffff8b][0xffffff9c]H[0xffffffc6][0x2][0xffffffce][0x6][0xffffff8f][0xfffffff2][0xffffffef][0xffffffce][0x17][0xffffffdd][0xffffff82]vL[0xffffffcd][0xffffffee]y[0xfffffff4][0xffffff95]o@#[0xfffffffc]g[0xffffff95]4d;[0xffffffa4][0xffffffa7][0xffffffa5][0xffffffcd][0xffffff86][0xffffffb2][0xffffffd6]#[0xffffff9b]v\[0xffffffb1]N[0xffffffa6]Z{[0xfffffff5][0xffffffdd]) %t[0xffffffbb][0xffffffc5][0xffffffd6]q [0xffffff9d]6[0xffffffe2][0xffffffa6][0xffffffc6][0xffffffb1]O[0xffffffc9][0xfffffffa][0xfffffff6]L[0xffffffa2][0xfffffffe]m[0xffffffab][0xfffffff2][0xfffffff7]$\[0xffffff8e]Z[0xffffff84][0x12][0xffffff9d]1[0xffffffbc][0xffffff9c][0x14][0xffffffe8][0xfffffff3]k[0xfffffff0]z$-[0xffffffb8][0xffffffaa][0xffffffbd][0xffffffb1][0xffffffe3][0x18]j[0xffffffad][0xfffffff5][0x1b][0xffffffd8]'Nnf0I[0xffffffaf]7[0xffffffe5]j[0xffffff8f][0xffffff95][0xffffffb8][0xffffffb6][0xffffffad][0xffffffde] [0xffffff83].[0xffffffc3][0xfffffffd]'[0xffffffa3]? [0xffffffc5]8[0xffffff84][0x10][0xffffffc9][0xfffffff6]5[0x8][0x7][0xffffffba][0xffffffeb]l[0x2]R%[0xffffff9f][0x1f][0xffffffbe][0xfffffff4]WS[0xffffffe2].[0xffffffb5]5{[0x1b][0xffffffc6][0xffffffba][\r][0xffffffdb]y/[0xb][0x7f][0xffffffec]A[[0x13] (-[0xb]/[0xffffffe5][0x11][0xffffffe0][0xffffffa8]D[0xffffff91][0xffffffdb][0xffffffbc]mw[0xb][0xffffffe9][0x1d][0xffffffef][0xffffffd9]V)[0xffffffb7][\n]"
10:24:15.381 [main] DEBUG com.github.dockerjava.zerodep.shaded.org.apache.hc.client5.http.wire -- http-outgoing-2 << "[0xffffff89]}!y[0xffffffe1][0xffffffcd][0xffffff86][0xffffff99][0x14][0xffffffa5][0xffffffe3]cv.^[0xffffffe6]4Pm[0xffffffff][0xe]hkl[0xffffffdb][0xffffff97][0xffffffb4]p[0xffffff90][0xfffffff5][0xfffffffe]~ %>[0xc][0xffffffc7]|uSV[0xffffffa5][0x1a]7[0xffffffdf][0x10][0xffffffa8][0xfffffffe][0xffffffc0][0xc][0xffffffc1][0xffffffa4][\r][0xffffff90][0xffffffc7][0xffffff8e][0xe][0x8]\[0x6][0xffffffa7].B[0xffffffc0],[0xffffffee]q[0xffffffeb][0xffffffce][0x1e]1"[0x1a]<[0xffffffa9][0xfffffff0][0xffffff82],D+[0xffffffb0][0xffffffb7]:wY )2l[0xffffffd9][0xffffffae][0xffffff8a]2u[0xffffffa6][0xffffffc5]*[0xffffffd2]`[0xffffffb3]Q[0xffffffab][0xffffff8a]:9[0xffffff8c]s[0xffffffd4][0xffffffaa]LF[0xffffff80]k[0xffffff9b][0xffffffd6][0x8][0xffffffb1][0xffffffef]&[0xfffffff5][0x2]R[0xffffff91]s[0xffffff93][0xffffffb0][[0xffffffff][0xffffffb6]s[0xfffffffc][0xffffff82]g4',[0xffffffb1][0xffffffa9][0xffffff8b])[0xffffffa1][0xffffffb5][0xffffffbe]C[0xffffffc2][0x7f][0xffffffca][0xffffffcf]<mBJ[0xffffffd7][0xffffffaa][0xffffff9f][0xffffff87][0xffffff8d][0x2][0xffffffcf][0xfffffff8][0xffffffab][0xffffffe3][0xffffff86][0xffffffc2][0xffffff9e][0xffffffa9][0xfffffff0][0xffffffae][0x1d][0xffffffb8][0xffffffd9][0xffffff85][0xffffffc5][0xffffffc6][0xffffffae][0xffffffc7]=[0xffffff82][0xfffffffa][0xfffffffd][0xffffffed][0xf]_[0xffffffc7][0xfffffff2]"[0xffffff9a][\n]"
10:24:15.381 [main] DEBUG com.github.dockerjava.zerodep.shaded.org.apache.hc.client5.http.wire -- http-outgoing-2 << "[0xffffff9a][0x13][\r]!o[0xffffffe1][0xffffffc1][0x16]U[0xffffff9f]9][0x1c][0x19][0xffffffc6][0xffffffa0]_dGR[0x1b][0xfffffff4][0xffffff9f][0xffffffc7]Y[0xffffffdb]E[0x0]T*[0x1][0xffffffea]U[0xffffffef][0xffffffb8][0xffffff9f]1[0xffffff8c][0xffffffb9][0xffffffc5][0xffffffe5]Z[0xffffffdc]v[0xffffffac]|[0xfffffff7][0xffffffe8]mS[0xffffffb9][0xffffffb1][0x3][0xffffffae][0x13]-[0xffffff9c][0xffffffcc][0xffffff94]s[0xffffffd5]"h[0xffffffde]^[0x10]gr[0xffffffe6][0x10][0xffffffa9][0xffffffe8][0xffffffc6][0xfffffffd]*b[0xffffffba]MKo[0xffffffa5][0xffffff9c][0xffffff81][0xfffffff6][0xfffffff5][0xffffffc5][0x11][0xffffffe9][0xffffffd0][0xffffffb0][0x16]K[0xffffffe7]T[0xffffffc2][0xfffffff9]`I1[0xffffff8b]{{y[0xfffffff0][0xffffff9b](Z[0xfffffff8]f[0xffffffc8]La\[0xffffffc6][0xfffffffc]"[0xffffffeb]u[0x8]>hLD[0xffffffeb][0xffffffaa]][0xfffffffb][0xffffffe8]<![0xffffffb4]g[0xffffff8b]F[0xffffff98]>[0xffffffd3][0xffffffd3][0xffffffd2]:[0xffffffd3]Qk[0x14][0xfffffff2]h[0xffffff96]S$[0xffffff8f][0xffffffbd][0xffffffbb][0xffffff93]ke[0xffffffab][0xffffffde][0xfffffff8][0xffffffc9][0xffffffe6][0xffffffea][0xffffffbd]#[0xfffffff9][0xfffffffa][0xffffffd6]A[0xffffff8a][0xffffff82][0xffffffde][\n]"
10:24:15.381 [main] DEBUG com.github.dockerjava.zerodep.shaded.org.apache.hc.client5.http.wire -- http-outgoing-2 << "D[0xffffff99].t[0xffffffc8][0x10][0xffffffff]4hO[0xffffffd5][0xffffffb4][0xffffff8f][0xffffffd0]([0xffffffa2]/[0xc]O-[0xffffff84][0xffffffef]N[0xffffffe5][0x1e][0xffffffaa][0xffffffa5][0xffffff91]r[0x13]~[0x7f][0xffffffc2][0xffffff8d]y$;[0xf]2G][0x1e]U~r[0x9][0x1f]sO!l[0xffffffb4][0xfffffffc][0xffffffdb][0xffffffb0][0xffffffdd]a[0xfffffffb][0x3][0xffffffc6][\n]"
10:24:15.382 [main] DEBUG com.github.dockerjava.zerodep.shaded.org.apache.hc.client5.http.wire -- http-outgoing-2 << "59[0xffffffcf][0xffffffb3](2pr[0xffffffb8][0xffffffbc][0xffffffe4][0xffffffb9][0xfffffff1][0xffffffb7][0xffffffd0][0xffffffc1]/[0xf][0xffffffdf][0xffffff80] [0xffffffa6]v[0xffffffc4][0x1][0xfffffff4]_([0xffffff90]xC[0xffffffa2][0xffffffa2]?[0xffffffb1][0xfffffff7][0xffffff8e][0x7][0xffffffa6]Y[0xffffffe0]bE[0xffffffca][0xffffffda]AI[0xffffff93]M[0x9]x[0xffffffe3]:[0xfffffff9]s}^[0xffffffa2][0xffffff9c][0xffffff92]a*[0xffffffdd][0xffffff90]+[0xf][0xffffffda][0xffffffb1][0xffffffcf]zTm[0xf][0x9]k<[0xffffffec][0xffffff97][0xffffffff][0xffffffa8][0x1a]<qsw[0xffffffd2][0xffffffeb][0xffffffc4][0xffffffd1]I[0xffffffec]p'[0xffffffe6]1?F8l[0xffffffb2][0xffffffb2][0xffffffd3]-[0xffffffe4]U>[0xffffffb2]hR1[0xffffff97][0x9][0xffffff93]z[0xfffffff3][0xffffffd6][0xffffff8e][\n]"
10:24:15.382 [main] DEBUG com.github.dockerjava.zerodep.shaded.org.apache.hc.client5.http.wire -- http-outgoing-2 << "e[0xffffffa9][0xffffff95][0xffffff98]1v[0xfffffff6][0xffffffe1][0xffffffda]x[0xffffffe8]v[0xffffff9f]P [0xffffff89]H|V[0x2]RS {[0xffffffc5][0xffffff9c][0xffffff84][0x1]E[0xfffffff5][0xffffffb6]8[0xffffffd1][0xffffffce]1[0xffffffe7][0xffffffbd][0x8]cQ[0x1a][0xffffffc3]j[0xfffffff3][0xffffffb5][0x1d][0xffffffab][0xffffffee][0xffffff9a][0xffffff8f]yl][0x3][0xffffffa7][0xffffff93][0x13][0xffffff87][0xffffffb7][0x1c][0xfffffff2]'Z[0xffffff9f][0xffffff9c]k[0xffffffc5][0xffffffd8][0xffffffb3][0xffffffac][0x1a][0xffffffcd][0xffffffe5][0xffffffd8][0xf][0xffffff95][0xffffffd3]f|[0x16][0xffffffc4]eb[0xffffffad]D[0xffffff90]j[\r]EGy[0xfffffff4][0xffffffea][0xfffffff1][0x14][0xffffff9a][0xffffffe6][0xffffffe2][0xffffff91][0x10][0xffffffc7][0xffffffdc][0xe]![0xffffffe1][0xffffffdc][0xffffff98][0xffffffdf]C[0xffffffbf][0xffffff9e]tY[0x1f]T[0xfffffff3]=4[0xffffffbf]c[0xffffff98][0xffffff81][\r][0xfffffff1][0xffffffbe][0x0][0xffffffb6][0xffffffb2]$[\r][0xffffffd9][0xffffff8a][0xffffff82][0xffffffd2][0xffffff9d]f[0xffffffec]Xz[0xffffffd8]m[0xffffffee][0xffffff82][0xffffffb2]3[0xfffffff5]O[0x5]]H}|[0xffffffc8]][0x18][0xffffffe5]c[0xffffffc2]*[0xfffffff5] :[0xffffffa3][0x14][0xffffff8b][0xffffffc4]S[0xffffffbd]}[0xfffffff8][0xffffff9c][0x1f][0xffffff81]n[0xffffff87]c[0x16][[0xfffffff1][0xffffffda][0x11]b[0xf]{[0xffffffdc]l[0xffffffa2][0xffffffe2]-[0xffffffe6][\r][0x1a][0x9][0xffffffe3]F[0x13]L[0xffffffc8]8[0xffffffd2][0xffffffbb](C[0xffffff83][0xffffffad][0xfffffff3]w[0xffffff84]R[0xffffffce]/\[0xffffffd9][0xffffffed][0xffffff8b]\[0xffffff9e][0x11][0xffffffe0][0xfffffff6]g[0x15][0xffffff8c]f[0xffffffe9]a[0xfffffff4]=[0x2][0x11][0xffffffe4]f';[0x4]xaQ[0xffffffec][0xffffffd9])[0xffffffe2][0xffffff8d][0xffffffd8][0xffffffc4][0x5][0xffffffea][0xffffffef]y[0x19]u[0xffffffb7][0xffffffa9][0xffffff9d]-[0xffffff87][0xffffffb7][0xffffffdc]fog[0xffffff94]fz[0x18][0x11][0xffffff95]vK[0xffffffe8][0xffffffa0][0xffffff9e][0xffffffa2][0xffffffa7][0x12]yf[0xffffff88]+[0xffffffbf]4k;[\r]zX0[0xffffffdc][0xffffffd4]I[0xffffffda][\r][0xffffffb7][0xffffffa2]"[0xffffffab][0x14][0xffffffec]_[0xffffffb3]%[0xffffffb7][0xfffffff5]B7\8;E[0xffffffb7]7[\r][0xffffff8f]Z[0xffffffb2]E[0xffffff9c][0xffffffc5][0x15][0xffffff8f]S[0xffffff9b][0x1][0xffffffd5]0[0x1d][0xffffffb2][0x19][0xfffffff3][0xffffffc6]%[0xffffff98][0xffffffad]h[0xffffffba][0xffffffde]Ei/[0xffffffe7][0xfffffff2][0xfffffffa]J"[0xffffffe2];[0xffffffd5][0xffffff9e]W[0xffffff97][0x1c]}[0x1b][0xffffff8e][0x11][0xffffffee][0xffffffc3]IS[0xffffff8f]R[0xfffffff8][0xffffff8b][0xffffff92][0xffffffd3]6}[0xffffffc1][0xffffffb4]Y\[0xffffffb2][0xffffffa2][0xffffff8a]5[0xffffffff][0xffffffb0]lyV[0xffffff93]@[0xffffffd9]*C[0xffffffa3])mM[0xffffffc8][0xffffffba]T[0xffffffbf][0xffffffdb][0xffffff96]][0xffffffb7][0xffffff91]L[0xffffffe3]/[0xffffffcd]IY[0x2][0xffffff9c]2[0xffffffa1][0xffffff83][0xffffff9b][0xffffffe0][0xffffffa0][0xffffffea]pD[0xfffffff7]&[0xfffffffd])1/[0xffffff9f]\[0xffffffb7][0xffffffb5][0xffffffd3]9#[0xfffffff3][0x10]q[0xfffffff2][\n]"
10:24:15.382 [main] DEBUG com.github.dockerjava.zerodep.shaded.org.apache.hc.client5.http.wire -- http-outgoing-2 << "[0x4]M[0xffffffca][0x5][0xffffffe3][0xffffffe0][0x18])[0xffffffdd] [0x5][0xfffffff1]}[0xffffffe7]A[0xffffffb7][0xffffffce][0xffffffd2][0xffffff97]/M[0xffffffa9][0xffffffda][0xffffff80][0xffffffdd][0xffffffd0][0xffffffd3][0xffffffac][0xffffffa7][0x8][0xffffffd6][0xfffffff7]5I[0xffffff9d][0x1][0xffffff8f][0xffffffde]D[0xffffffd2][0x1b]E[0x1f][0xffffffbe][0xffffffd3]i[0xffffff9c][0xffffffba][0xffffffc3]][0xffffffe9][0xffffffc8]3[0xffffff85][0xffffff8f][0xffffffbc]D2[0x11]Oex[\n]"
10:24:15.382 [main] DEBUG com.github.dockerjava.zerodep.shaded.org.apache.hc.client5.http.wire -- http-outgoing-2 << "0[0x18]3[0xffffff9e]Vmb[0xffffffa2][0xffffffef][0xffffffa2][0x12][0xffffffe6]Y(~[0x1d]I[0xffffff84]G[0x10][0xffffff9a]Yr>[0xffffff81]('[0xffffff83]#{[0xffffffd5]21Y[0xffffffee][0xffffffef]4[0xffffffde][0xffffffc9][0x1f][0xfffffff8][0x16]j[0xfffffff7][\r][0xffffffef][0x17][0xffffff83][0xfffffff7][0xffffffee][0x1]`![0xffffffd2][0xffffffd9]P[0xffffffe7]mZ[0xffffff92][0xffffff99]:[0xffffff8e][0xffffff93]u[0xffffff83][0xffffffbb][0xffffffdd]2[0x5][0xffffff95]oF[0xffffffee][0xffffff90][0xffffff82][0xffffffa4]K[0xffffffee][0xfffffff1][0xe]$[0x0]6[0xffffff8e]_[0xffffffeb][0xffffffd3]!V[0xffffff91][0xffffff98][0xffffffd3][0xffffffca][0xffffff99][0xfffffff3][0xffffff9a][0xffffff91][0xffffffa9][0xffffff9d][0xffffffe9][0xffffffc1];[0xffffffb6][0xffffff9f][0xfffffffd]-[0xffffffdf]8I[0x14][0xffffff82]o[0xffffffe9]X[0xffffff8c][0xffffffa7]o[0xffffffbb]<[0x19][0xffffff94][0x1c]_[0xffffff94]/6[0xffffffcb]x[0xfffffffd][0xffffff82]'[0xfffffff1][0xffffff8b][0xf][0xffffff86]t[0xffffffcf][0xffffffd3][0xfffffff7]wwQ[0xffffff9b]Yn[0xffffffd9][0xffffffa2]f[0xffffffcd][0xfffffffa]"[0xffffff84][0xffffff8e][0x1a][0xffffff8a][0x1e][0xffffffec]w[0x19][0x1c]Qpx[0xffffff9a][0xffffffbc][0xffffffeb]5f[0xffffffa0][0xffffffed][0xffffff99][0x1f][0xffffff8d][0x10][0x12]j[0xb][0xffffffd5]5X2[0xffffff87][0xffffffe4]w[0xffffff9b][0xffffffff]"[0xffffffd3]q[0xfffffff4]<[0xffffff9e][0xffffffbc]4[0xffffff8d]w[0xffffffa3][0x16][0xffffff95][0xffffff8c][0xffffffa7]umE[0xffffffd0][0xffffff9f][0xffffffd1]y[0xffffffb8][0x1][0xffffff9e][0xffffff92]W[0xffffffeb][0xfffffff8][0xffffffbc][0xffffffa3][0xffffffc3][0xffffffd5][0xffffffb7][0x5]2[0xffffffb0][0xffffffdd][0x17][0xffffffee]w[0xffffff90][0xffffffc8][0xffffffac]s7{,_[0xffffffe2]-')t[0xffffffbf][0xffffffeb][0x10][0xffffff81][0xffffffb5]`[0xffffffae][0x7f]j[0xffffffa3]|[0xffffffbb][0xffffffd9][0xffffffcc][0xffffffda]"[0xfffffff2]$[0xffffffb0][0xffffff96][0xffffffd7]^[0x1a][0xffffff85][0xffffffb2][0xffffff85]}[0xffffffd2][0xffffffae][0x1f][0xffffffa5][0xffffff89]$_mPc[0xffffffe0]3&[0x1f][0xffffffc1]a{NO[0xfffffff2]$H[0xffffff92][0xffffff99][0xffffff92]cH[0xffffff99]q[0xffffffe3][0xfffffff5][0xffffff87][0xffffffc2][0xffffff9b][0xfffffffe][0xffffff92]qO[0xffffffbe]Z[0x5][0xffffff86][0xffffffa8]4[0xffffffa9]|[0x14]*sut[0xfffffff1][0xffffff9f][0xfffffffe]2qV[0x1f][0xffffff90]=[0xffffffe3]=[0xffffff82]E[0xffffffe8][0xffffff8e][0xffffffce][0xffffffd5][0xffffffde]Q[0xffffffe6]q[0xfffffff4]![0xffffffc0][0xe][0xffffffeb][[0xffffffb6][0xffffffd8].[0xffffffbf]h[0xffffff91]@[0xffffffa2][0xffffff8c]k[0xffffff9e][0xffffff83][0xfffffffc][0x18][0xffffffbc]/}[0xffffff91] [0xffffffc1][0xffffffd6][0xffffffbc][0x8][0xffffffa5][0xffffffea][0x5]E+{LN1[0xffffffb9][0xffffffb1][0xffffffe4][0xc][0xffffff8d][0xffffffe7]`[0x9]{X[0xffffffee]q[0xffffff81][0x0][0xffffffa4]IM[0xffffffeb][0xffffffac]`[eI[0xffffffcc][0x10][0xffffffdb]mW[0xffffff85]a#2[0xffffffb0][0x19][0x16]7+[0xffffffdd][0xffffffda][0x8]/"[0xffffffba]%Z5&[0xffffffe7]alH[0x15]uP[0xffffffa9][0xffffffe4]&[0xffffff89]p[0xffffffbe]26[0xffffffe3]][0xffffffba]w(.[0x1b][0xfffffff3]p;[0xffffff9b][0xffffffda][0xffffffa7]G[0x1a]`[0xffffff93][0xfffffff1]Rb[0xffffffe9][0xffffffca][0x19][0xffffffdf][0xffffffb4][0x1d]gBs[0xfffffff8]f[0xffffffca][0xffffffc0][0xffffffc9][0xffffffc2]w[0xffffffb0]{[0xffffffce][0xffffff80][0xfffffff3][0xffffffe5]u[0xffffff9a][0xffffffc7][0xffffffaa][0x3][0xffffffb3][0xffffffbc][0xfffffff5][0xffffffb2]l[0xffffff9a][0xffffffdb]3hm[0x17][0xffffffda][0xffffff86][0xffffffed] [0x6][0xffffffe7]T[0xfffffffc][0xffffffd8][0xffffffd8][0x1d]S[0xffffff9c]n|[0xffffffea]F!d[0xffffffb7]*J[0xfffffff0][0xfffffff0]D@[0xffffffcb][0x12][0xffffff98][0x2]K[0xfffffff0][0xffffff88][0xffffff92][0xffffffb4][0xffffff90]~[0x12][0xffffff9a][0xffffffd0][0xffffffea]:H[0xffffffc7]z[0xffffffc2][0xffffff91][0xffffffe7][0xffffffb0][0xffffff97][0xffffffd5][0xffffffbc]<[0xffffffa5][0xffffffcf][0xffffffa5][0xffffffa8][0xffffffd4][0xffffffec][0xffffff8c]h[0xfffffff6][0x14]=[[0xffffffae]O7[0xffffffe9]s[0xffffff9e]\Y[0xffffff9e]H[0xf][0xffffff87][0xffffffe1][0x7]2[0xffffff98][0xffffffa2][0xfffffff5][0xffffff8e]D[0xffffffe1]K[0xffffffcf]}[0xffffffda]1v[0xffffffe4][[0xfffffff2][0xffffffa4]xlY[0xffffffb1][0xffffffb1][0xffffffbc][0xffffffe2][0x4]L[0xffffff95][0xfffffffa]~[0xffffffb5][0xffffffb6][0xffffff9f][0xffffffac][0x1d]*-3[0xffffffee][0xfffffff3][0xffffffb5][0xffffffca][0x5]0n'[0xffffffcd].ak[0xffffffb7]D[0xffffff96][0xffffffd4]f[0xfffffff1][0xffffff90][0x10]{=[0xffffffd3][0x15][0xffffff9e][0x9]P[0xffffffb6][0xffffffc6][0xffffffb1][0x9][0xffffffbf][0xffffff87][0xffffffd0]g[0x3]J[0x9]U5[0xffffffdb][0xffffffab]p[0xffffffa4][0xffffffb1][0xffffffca]L[0xffffffa0]Ei[0x1e][[0xffffffcb]{[0x7f]/[0xffffffaf]&[0x4][0xffffffab][0xffffffe2][0xffffff86]1~\N[0xffffff91][0xffffffe3][0xffffffa9][0xffffff8a][0x14]2[0xffffffb7]dl[0x7]L[0xffffffb5][0xffffffc9]`[0xffffff8a][0xffffff8f][0xffffffe8]S[0xffffffe4][0xffffffdd][0xffffffea][0xfffffff0][0xffffffa1][0xffffffd5][0xe][0xffffffe7][0xffffffde]]q[0xffffffbd][0xffffffd6][0xfffffff0][0xffffffe3][0xffffffd3][0xffffffe3][0xffffffa6][0xfffffffb][0xfffffff6][0xffffffce][0xffffffe1][0xffffffda]G>[0xf]v[0xffffffa0]D[0xffffffb2][0x5]v_BW$[0xfffffffc][0xffffffd5][0xffffffe6][0xffffffb5][0xffffffa1]Jj2[0xfffffff7]Pr[0x18][0x14]?[0xffffff8d][0xffffffc0]&[0xffffff87]6Brx#[0xc][0xffffffba][0x1c][0xffffff98][0xffffff8e][0xffffff95]+[0x3]9[0xffffffcd]m[0xffffffe1]w1[0xffffff94][0xffffff85][0xffffffa2]d[0xffffffe4][0x14]2[0xffffffe9][0x3][0xffffffac][0xffffffa5]Xl[0xffffffb2](ibV[0xffffffcd][0xffffff90][0xffffff95]7[0xffffffee]|~2[0xffffff94][0xffffffb8][0xffffff91][0xffffffbf][0xffffff89]8[0x6]i[0xffffffab];[0xffffffbc][0xffffffcd][0xffffff9b][0xffffffef][0xffffffff]dK#[0xffffff9a][0xffffffe3][0xffffff81][0xffffff8d][0xffffffc5][0xffffffb4][0xffffffdd])[0xffffff8c]f^6[0xffffffdf]n-[0x1a]&[0xffffffcb]&[0xffffffc7][0xffffff8f]#[0xffffff82]t[0xffffff87]p[0xfffffffc]a[0x8]C[0xffffffdc][0xffffffe3]UM[0xfffffff7][\r][0xffffffd5]H[0x1d]iR[0xfffffff7]C[0xffffffb9]x[\r]J[0x1f]g[0xffffffe4][0x14][0xffffffed]A[0xfffffff8]cmS,s[0x5][0xffffff9d][0xffffffc0][0xfffffffb]7h[0xffffffd3]Y[0xffffff8e][0xffffffd9][0xf][\n]"
10:24:15.383 [main] DEBUG com.github.dockerjava.zerodep.shaded.org.apache.hc.client5.http.wire -- http-outgoing-2 << "[0xffffffc4][0xffffffe5][0xffffffcd]"[0xffffffbe]c[0xffffffd8][0x1e][0xfffffff1][0xffffffd5]g+:[0xffffff8a]h[0xffffff80][0xffffffe7][0xffffff8c]A[0xffffff95][0xffffff88]z8[0xffffffe7][0xffffffaa][0xfffffffa][0xffffffa4][0xffffffc1][0xffffff82][0xffffff96][0xfffffffb][0xb][0xfffffffa][0xfffffff3][0x8]X[0xfffffff2][0xffffffb4]5[0xffffffe5][0xffffffa8][0x7]N_[0x16][0xffffffbc][0xffffffe7]I^[0xffffffcf][0xffffff99][0xfffffff1]3[0xffffff98][0xb]m[0xffffff86]s[0x7f]<=[0xffffffd2][0xffffffe2]U[0xffffffb8]W[0x5][0x12]Y[0xffffff8e][0xffffffb1][0xffffff91]%[\n]"
10:24:15.383 [main] DEBUG com.github.dockerjava.zerodep.shaded.org.apache.hc.client5.http.wire -- http-outgoing-2 << "[0xffffffee][0xffffffa9][0xb][0xffffffa5]r[0xffffffd0][0xffffffd2][0xffffffcc][0xffffffd1][0xb]?qt;[0xffffffce][0x1][0xffffff93][0xfffffffb]o[0xffffff80][0xffffffc6][0xffffffbd][0xffffffe9][0xe]G-|jt[0xffffffd6][0xffffffe0][0xffffffdd]Cu[0xffffff89][0xffffffa9][0xffffffcd][0xffffffe3][0xffffffcd][0x1e][0xffffff98][0xffffffb5][0xffffff85]y[0xffffffeb][0x3][0xffffff85][0xffffffd8]U[0xffffffa2][0x7]*[0xffffffea][0x1c]n[0xffffffa9][0xffffffb6][0xffffffcb][0xffffffb9]f[0xffffffc6][0xffffffa9][0xffffffb5]x*9[0xffffffbe]#[0xffffffd9]7[0xffffffa6][0xffffffee]GD[0xffffffe0]j[0xffffffb9][0xfffffff3][0xfffffff1][0xffffffc5]g[0xffffff8b]"`g[0x4];[0xffffffba]v[0xffffff87][0xffffffab][0xffffffe8]g[0xffffffa7]w[0xffffff9d]a[0xffffff82][0xffffffba]ZH[0xfffffff0][0xfffffff9][0xffffff94][0xfffffff5][0x19]t[0xffffffcb]w[0xffffffc8][0xffffffc6][0xffffffcd]!&[0x7][0xffffffe9]l[0xffffffd3][0xffffff9e]ZTB[0x1f]Cd[0xffffffc3][0xffffffbb][0xffffffe6]N[0xffffff8f][0xffffffb0]b[0xffffffd4][0xc][0xffffff99][0xffffffa8]Q>F[0xffffffa2][0x14])[0xffffffb7]y[0xffffffd8][0xffffffae][0x5]d[0xffffffaf][0x7][0x18]H[0xffffffd6][0xffffffeb][0xffffffc4][0xffffffb7]![0xffffff84][0xffffff8d][0xffffffbf]y[0xffffffd4][0xffffffaf][0xffffffe2][0xffffffe4][0xb][0xffffff91]`[0xffffffa3][0xffffffd7]`[0xb][0xffffffd4][0xffffff81][0xfffffff5][0xffffffea][0xffffff85]P[0xfffffff8]B\[0xffffffea][0xf]R=+[0x5]jx[0xffffffbe]St[0xffffffca][0xffffff89]ow[0xffffff8a][0xffffffab]![0xfffffff1]Y[0xffffffd2][0xffffffed][0x1d]g[0x1d][0x2][0xffffffe8][0xffffff8b][0xffffffb2][0xffffff9e][0xffffffb7]%[[0xffffffc3][0xffffffce]0^|[0xffffff82]i[0xffffffe7][0xfffffffb][0xffffffbc][0xffffffc2][0x13]L[0xffffffc1][0xffffffbe]S$n[0xffffffff]I[0xfffffff0][0xffffffd6]][0xffffffba][0xffffffc7][0xb][0x5][0xffffffa5]"[0x3][0xffffffda]_[0xffffffbc][0x1f][0xffffffb7][0xffffffb9][0xfffffff3][0xfffffff6][0x15][0xffffffdd][0xffffffad][0xffffffdd][0xffffffab][0xffffffa8][0x18][0xffffffb7][0xffffff91],[0xffffffb9][0xffffffcb][0xffffffb4][0xffffffd6][0x1b]76[0xffffffac][0xffffff97][0x2]eNn%[0xffffffad]*+[0xb]<S[0xffffffdb][0x15][0xffffffc0][0x13][0xffffffb4][0xfffffff0][0xffffff8e][0xffffff8f]3f[0xffffff81]H/[0xffffffa6][0xffffff87]|[0xffffffba][0xffffff99][0xffffff96][0x1d][0xffffffb7][0xffffff98][0xffffffd7]j9[0x19][0xffffffbb]<g[0xfffffff1][0xffffffd6]I[0xffffffe7]{1E[0xffffffe2][0xfffffff1][0xffffffc1]{j[0xffffffb3]ls[0xffffffca][0x1b][0xffffffa9][0xffffffe2][0xffffff83][0xffffff9d][0xffffffec][0xffffff81][0xffffffb0][0x15]x)[0xfffffffe]L&[0xf]G[0xffffffb9][0xffffffe9][0xffffffe9][0xffffffbc][0xffffffdb][0xffffffda][0xffffffb7][0xffffffae][0x10][0xfffffffe]V[0xffffffe4][0xffffffd3][0xffffffd0]\[0xffffffd4][0xffffffc3][0xfffffff9]oS'g'[0xffffffba][0x3][0xffffffb9][0xfffffffb][0xffffffbf][0xc][0xffffff8d],/[0xfffffffa]3[0xffffffc2]I[0xffffffc2][0x18][0xffffffc2]L[0xffffff94]1[0xffffff91]c[0x13][0x10]ZcY[0xffffffd0][0xffffff8f]y [0xffffffcb]|[0xffffff8f][0xffffffc5]3[0x8][0xb]:>0[0x18][0xffffffb5][0xffffffcf][0xffffffc7][0xffffff91][0xffffffea][0xffffffa5]d[0x6][0xffffffa7]%[0xffffff95]}*[0xffffff84]%[0xffffffb4][0xffffffbe]4)V[0xffffffe4]v[0xffffffa7]L=[0xffffffc6][0xffffff8a]&Q[0xffffffc4]&[0xffffffd3][0xffffff96][0xffffffbe][0xffffffbf]J[0xfffffff6][0xffffff82][0xffffffd7]y&[0x19]2[0xffffffea]1[0xffffffc0][0xffffffba][0xffffffeb][0xffffffcb]?[0xffffff9f] #i@y[0x1f][0xffffff9a][0xffffffab][0xffffffaa]CxF[0xffffffae][0xfffffffc][0x4][\r]U[0xfffffff0][0xffffffb7][0xffffffef][0xb][0xffffff8f]l[0xffffffdf][0x1d][0xffffffe9][0xfffffff1][0xffffffda][0xe][0x1c][0xffffff99]I[0xffffffb1]/=6p[0xffffff8a]/[0xffffff8b][0xffffffc6][0x8]T[0xffffffca] [0xffffff8f][0x8][0xffffff99][0xffffffad]8w:%l[0xffffffda]c;[0xffffff80][0xffffff9a][0x15][0xffffff91][0x15][0xffffffa9][0xffffff9c][0xffffffcf][[0xffffffd4][0xffffffa9]M[0xe][0xffffffcd]t[0xfffffff8][0xffffffed][0xffffffd4],e[0xffffffd9]/[0xffffffa3][0x11][0xffffffc9][0xffffffde][0x1e]x[0xffffffb8]R[0xffffffb6][0x5][0xfffffff3]%[0xffffff85][0xffffffd3][0xffffffa9]~[0xffffff9a][0x19][0x1b]'[0xfffffff7][0xffffffaa]~r[0xffffffae][0x10])M[0xffffffed]Ht[0xf][0xffffffbc]FL[0xffffffdc][0x18]1[0xffffffe1]Dg)F[0xffffffd3][0xffffffb4][0xffffffb1]B[0xffffffac][0xffffff8f][0x14][0xffffff99]_F[0x6][0xffffffb1][0xffffffbd]er[0xffffffdc][0xffffffbb]~[0xffffffbc]h:[0xffffff95][0xfffffffe][0xfffffffa]{I[0xffffffaf]^[0x1b][0xffffffb6]:[0xffffffb4][0xffffffc7][0xffffffa5][0x12][0xffffffab][0xffffff97][0xffffff90]2[0xffffffce]h3L[0xffffffea][0x1b][0xffffff8e])b/[0xffffffc9][0xffffff93][0xffffff84][0xffffffcf]y[0xffffff8c][0xffffff9c][0xffffffc3]P[0xfffffff3]hz[0xffffff9c]U[0xffffffcf])[0xffffffa1][0xffffffef]6[0xffffffa8][0xffffff9d][0x4][0xffffffd2]M![0xffffffb1][0xe][0xfffffffb]1AF[0xffffff91][0xffffff8d][0x1f][q[0xfffffffa][0xffffffda]O[0xfffffff9]^[0xffffffd0][0x1f][0xffffff80][0xffffffc5][0xffffffe4]4[0xffffffb2]:[0xffffffd4][0x7][0xffffffed][0x4][0xffffff83][0x19][0xffffffe7][0xffffffca][0x16]V^[0xffffff9e][0xffffffe6]F.$/v[0xffffff98]q[0xfffffff7][0xfffffffb]9[0x19][0xe]}[0xffffffae][0xffffffb7];W[0xfffffff4][0xffffff98][0xfffffffd][0x4][0x9]M[0x3][0x11][0xffffffc4]2Of[0xffffff85][0xffffffe6][0xffffff86][0xffffffa1]&.[\r]|[0xffffff9d][0xffffffb9]w[0x1e][0xffffffab]W[0xffffff85][0xffffffed][0xffffffb2][0xffffffe9]z*<[0xffffffa1]/[0x1e][0xffffffa8][0x5][0xfffffff0]-[0xffffffaa]9[0xffffffe9][0x16]?R[0xffffff85][0xffffff83][0x8][0xffffffcf][0xffffffe6]&[0x1a][0xffffff85][0x3]%[0xffffff92]3>[0xffffff94].[0x5]<HM[0xffffffe3]}I[0xffffffa9]'[0xffffffcc]*F)[0xfffffffb][0x0]&[0xffffff94][0xffffffb2][0xffffffe6]I[0xffffffee][0xffffffd9][0xffffffe5]Ij[0xffffff86]L[0xffffffb0]w[0xffffffd3]&>!Z#[0x19][0xffffffd3]X[0xffffffa0][0x7][0xffffffe8]|D@[0x1d][0xfffffff4][0xffffffa4][0xffffffcb][0xffffffa4][0xffffffd1][0xffffffe4][0xc]Q[0xffffff96]U=[0xffffffa5][0x1d][0x1b][0xffffffa9][0xffffffcd]h[0xffffffa4]P[0xc][0xfffffffd][0xfffffff6][0xffffffc4][0xffffffb2][0xffffffac]n[0xffffffa7]#[0xfffffffa]S[0xffffffe6][0xffffffc0][0xffffffb3][0xffffffef][0xfffffff4][0xffffffc6][0x16][0xffffffb0][0xffffffc4]d[0xffffffe3]W[0x1e]>[0xffffffe9]U[0x6][0x1c][0xffffff82]i[0xffffffc5][0x1e]Ib*[0xffffffd4][0x3][0xffffffa8]e[0xc]&[0xffffffc1][0x11][0x1][0xffffffd2]y\[0xffffff8d]t[0xfffffff3][0xffffffd8]![0xfffffff9][0x13]x[0x7][0xffffff84]J~k[0x15][0xffffffde][0xffffffbb]1_[\n]"
10:24:15.383 [main] DEBUG com.github.dockerjava.zerodep.shaded.org.apache.hc.client5.http.wire -- http-outgoing-2 << "[0xffffffd1][0xffffff94]2[0xffffffb7][0xffffffc2][0xfffffff7]A[0xffffffc6]/jh[0xffffffa6][0x17][0xffffffd4]5<[0xffffffb1][0x3]P[0x16][0x18]4[0xffffffa7]L][0xffffffd0][0xffffffb1][0x6][0xffffffcb][0xffffffd0][0xffffffcc]([0xffffffba]ZA[0xffffffbd][0xffffff98][0xffffff89][0x6][0xffffffd2][0xffffffd2]f[0xffffff9a]@4|[0x14][0x1f][0xffffff81]_[0x7f][0xffffffc8];[0x4][0xfffffff3]<GZL[0xffffff85][0xffffffb2][0xffffffa3][0xffffffbf][0xffffffea][0xfffffff8][0xffffffce][0x18][0xfffffff5][0xffffffc7][0x1c]0"[0xffffff8e][0xffffffe3][0xffffff82]G[0xffffffb5])[0xffffffdb][0xffffffb3]l[0x7f]y9[0xfffffff3][0xffffffca]x[0xffffffb9][0xffffff94][0xffffffae][0x9][0xffffffb2][0xffffffed][0xc][0xffffff83][0xffffffa5]a4aI[0xffffffb4]B[0x5][0xffffff8d]}B[0x0][0xffffffaa][0xffffffcc][0xffffffde][0x0]68[0xffffffc7][0x8]D)[0xffffff8e]AZ[0xffffffc0][0xffffffb1][0xffffff87]4[0xf][0xffffffa6]c[0xffffff8e][0xffffffaf]W[0x1a]([0xffffffae]R[0xffffff81]e[0xffffffc3][0xffffff91]o[0x15]jWrvd[0xffffffbd][0x7f]gS[0xffffff92] ]Lgau[0xffffff8b][0xffffffaa][0xffffffd6][0xffffffcc][0xffffffb7][0xffffffd8][0xfffffff1][0xffffffb6]w[0xffffffc3][0xffffff83]8[0xffffffe2]M[0xffffffbd][0xffffffa6][0xffffffc6]9a[0xffffffe0][0xffffffb5]t[0xffffffc8][0xffffffb3][0xffffff88];[0xffffffdc][0xffffffa6];I[0xffffff8e]B~dc+[0xffffffda][0xffffffc5][0x11][0x12]5D[0xffffffc4][0xffffffe1]/[0xffffff99]*>[0xffffffb1][0xffffff8d][0xffffffe8][0xffffff8e][0xffffff87][0xffffff98][0xffffffd2]LO[0xffffffc0][0xffffffcb][0xb][0x19][0xffffffe9][0xffffffc1]R[0xffffffa4]-|[0xffffffc6]v[0xffffff9f][0xffffffe7]d[0x13][0xffffff8e][0xfffffff0][0xffffffb9][0xffffff87][0xffffff9d]{wO[0xffffffab]N[0xffffffa0][\n]"
10:24:15.383 [main] DEBUG com.github.dockerjava.zerodep.shaded.org.apache.hc.client5.http.wire -- http-outgoing-2 << "32[0xffffffd6][0x1e][0xffffffe8][\r]2[0x9];"[0xffffff82][0xffffffc4]8[0xffffffb3][0x6]1[0xffffffc4][0xffffffce][0xffffffe1][0xffffff90]~[0xffffff94]07[0xffffffe1][0xfffffffc]h:[0xffffffaf][0xffffffe7][0xffffff9b][0xffffffeb]<Z[0xffffffd5]3[0xffffffab][0xfffffff9][0xffffffa9][0xffffff82]a[0xfffffff8],Q[0xffffffe4][0xffffffbc]u[0xffffffca][0xffffffcd][0xffffff8a][0x8]r2[0xf][0xffffff87][0xffffff8b][0xffffffeb]2[0xffffff95][0xffffffc5][0x16][0x1f]@[0xffffffba]g[0xffffffb3][0xffffff95]_[0xfffffff0][0x10][0xb])[0x1c][0xffffffd9]?_M[0xffffff89]u%[0xffffff89]N[0x7][0xffffffdf]p[0x19][0xffffffba][0xffffffdf])[0x1e][0xfffffff0]MeV[0xfffffff2][0xffffffcd][0xffffff8b];wD[0xffffffa9]XV[0xffffffed][0xffffffd2]]D[0xffffffcd][0xfffffff2]I[0x1a][0xffffffdf]bTY[0x1a][0x15][\r][0xffffffdd][0xffffffe1][0xffffffc9]m[0xfffffff9][0xffffffcc]M[0xffffff8b][0xffffffac][0x1e][0xfffffff9]5[0xffffffdb]E[0xffffffc5][0xffffffdf][0xffffffda][0xffffff9c]0M[0xffffffc7][0xffffffd7][0xffffffbd]D[0xffffffd5][0xffffffb5][0xfffffff7][0xffffffb8]$[0xfffffffe][0xffffffd8][0xffffffae][0x1b]u[0xffffffd5][0xffffffee]}@ a6[0xf]Y[0xc]C[0xffffffb2][0xffffffdf]J[0xffffffed][0x17][0xffffffae][0xffffffcf][0xffffffd8][0x7][0xffffffbc][0xffffff9e][0xffffffd4][0xe]I<[0xffffff93]mRP![0xffffffa3][0xffffffae]8[0xffffffab][0xffffffee][0xffffff85]1[0x3][0xffffffff][0x2]<;[0xffffffc2][0x18][0xffffffc1][0x0]{o[0xfffffff5]x[0xffffffb7][0xfffffff4]*[0xffffff89][0xffffff82][0xfffffff4][0xffffff81][\n]"
10:24:15.383 [main] DEBUG com.github.dockerjava.zerodep.shaded.org.apache.hc.client5.http.wire -- http-outgoing-2 << "[0xffffffbf][0xffffffae]#:[0xffffff81][0xffffffa1][0xffffff97]OP1u#b?nt.Q[0xffffffb7][0xffffffa7][0xffffffd4]mu[0xf][0xffffffa1][0x1a]r[0xffffffbe][0xffffffde][0xb]B[0x7f][0xffffffe2][0xffffff98][0xffffffd9][0xffffff9a]r[0xffffffa0][0xffffffda][0xffffffed][0xfffffff0][0xffffff99][0xffffff8c][0xffffff84]_[0xfffffff3][0xffffffa5][0xffffffa7][0xffffffeb][0xffffffbc][0xffffff9a][0xfffffff0][0xffffffa7][0xffffffd3][0xffffff95][0x7]"k[0xffffffa8][0xffffffd5][0xffffffeb][0xffffffa6][0xfffffff0][0xfffffff0]T[0xfffffff7][0x16]2[0xffffff93][0x1b]'^[0xfffffffd]q[0xffffff91][0xffffffab],i[0xffffff88][0x13];}[0xffffffea]R[0xffffff86][0x15][0xffffffd0][0xc][0xffffffd4][0xffffffae][0xffffff86]][0xfffffff2][0xfffffff6][0xffffffe5][0x12]CS[0xffffffdc]J[0xffffffa9]s[0xffffff86][0xffffff9a][0xffffffa4]#[0xffffffe8][0xffffffbb][0xffffffc6][0xffffff88]EP*[0xfffffff3][0xffffffd3][\r]O[0xffffffe7][0xffffffec][0xffffffd7][0x5][0xffffffe6][0xffffffd5][0xffffffdb]*,7[0xffffffaa][0xffffffc7][0xe][0x7][0x6][0xffffffcb]X[0xffffffe6][0xffffffbb][0xffffffb9][0xffffffe3],[0xffffffb6]b[0xffffffb1]m5E'[0xffffff8e][0xffffffc7]-[\r][0x1e]&[0x7][0xffffffb7][0xffffff9f]Q[0xffffffca][0xffffffe8][0xffffffbe][0xfffffff7][0x7f][0x0]u[0x18][0xffffffc6]H[0x17]K[0xffffff9e][0xffffff88]H[0xffffffac]2[0xffffffac]A/[0xffffff83][0xffffff93]-0`[0xffffffe9]e[0xffffffb2][0xffffffbf]}[0xffffffe2][0xffffff90][0xffffffe7][0xffffffe1][0xffffffa5]g[0xffffff97][0xfffffffa][0xffffffc2]SwNT<IL[0x6]s[0xffffffac][0xfffffff5][0xffffffae][0xffffffeb]+u[0xffffff99][0xffffffb6][0x1b]'[0xffffffb2][0xffffffb8]^[0x1e][0xfffffff8][0xffffffbb]c[0xffffffa6][0xffffff99]D[0x18][0xffffffa5][0xffffffd3][0xffffffd5][0x1d]V[0x1e][0xfffffff4][0xffffffc7]3[0xffffffc7][0xffffffea][0x5][0xffffffcd]M[0xffffffe2][0x5][0x1a][0x11][0xffffffd5]$[0x1d][0xffffffcf][0x18]<$[0xffffffed]{[0xffffffca]3[0x13][0xffffffac][0xffffffbf][0xffffff9b]"[0xffffffa0][0xffffffaf]?[0xc][0x3][0xffffffa8][0xffffffad]>W[0xfffffff4]X[\r][0xffffffcd][0x19][0xffffffc5][0xb]rR[0xfffffff1][0xffffffdc]ElNXI?L[0xfffffffa]B[0xffffffa7][0xffffffff][0xffffff95][0xffffffaf][0xfffffff9]?[0xffffff8f]Z[0xfffffffe][0xffffffee][0xffffff85]J[0xffffffed]+#[0xfffffffc]KL[0xffffffa3][0xffffffd0],[0xffffff91][0xffffffdc]Q[0xffffffcf]-[0x1b]x*[0xffffff8c][0xffffff83]K[0xfffffffa][0x11][0x6]<[0xffffff83][0xfffffff3][0x1])[0xffffffb0]E;:?[0xffffffaf][0x10][0xffffffa8]awx[0x0]-[0xffffffd4]2[0xffffffae][0xfffffff6][0xffffffc5]u[0x14][0xffffffed][0xffffff81][0xffffffc1][0xffffffc0])M9O^[0xffffffe3][0xfffffff1]J[0x2]d[0xffffffca][\n]"
10:24:15.383 [main] DEBUG com.github.dockerjava.zerodep.shaded.org.apache.hc.client5.http.wire -- http-outgoing-2 << "[0xffffffc2][0xfffffffb][0xffffffed][0xffffffd6]`[0xffffffcc][0x15][0xc]l5[0xffffffcf][0xffffffc0]o[0x4]M/[0xfffffff0][0xffffff99][0xffffff95]Knc[0xffffffb2]0j[0xffffff81][0xffffffe8][0xffffff95][0xffffffef][0x10]57=[0x7][0xffffffb5][0xffffffc5][0x6],[0xffffffd9][0xffffffcb][0xffffffe1]iL[0xffffffef]L[0xffffff87])[0xffffffc5]M4[0xffffff94][0xffffffd6]W[0xfffffff0]/k~=)[0xffffffb7]!.z[0xffffffa0][0xffffffaf]9[0xffffffce]"[0xffffffdd][0xffffffeb][0xffffffae][0xffffffae][0xffffffb9][0xffffff92][0xfffffffa]m[0xffffff9d]E[0xffffffd1][0xffffffe5][0xffffffd5][0x6][0xffffff8e][0x1f][0xffffff9e]$[0xffffffea]v[0xffffffb4][0xffffffba])n[0xffffffce][0xfffffff7]>[0xfffffffe]x[0xffffffcc][0x15]Q2[0x1e][0xffffffd7][0xffffffe9][0xffffffc7][0x6][0xfffffff2][0xffffffa5][0xffffffe0][0xffffff8f][0xffffffb7]5[0xffffffe0][0x1c][0x3][0xffffffd8][0xffffff8a]/[0xfffffff7]@.[0xffffffd4][0xffffff96][0xffffffb9][0xffffffd5][0xffffff8f][0xffffff8e]'s63[0xffffffc8]i[0xffffffba][0xffffffe2][0x3]Z[0xffffff9c]S[0xb]>[0xffffffa4][0xffffff8e]&[0xffffffd1][0x6][0xffffffde][0x1c][0x3][0xffffffbf]fY{[0xffffff95]4[0xffffffec][0x15][0xffffffc0]][0xffffffd5]m[0xffffffd1]|[0xffffff9a][0xffffff91][0xffffffb7]:[0xffffffa2]V_[0xffffff80]p[0xffffffa6][0xffffffe6][0xffffffbf]]m[0x1c]A[0x15][0x14][0xffffff84][0x6][0x7f][0xffffffcb][0xffffffe9][0xffffff9a][0xffffffbc]n[0xffffff89][0xffffffdd]*[0xffffffeb][0xffffff88][0xffffffc3]F[0x1f][0xffffffc3]7[0xffffff91][0xffffffaa][0x10][0xffffffa8]I[0xfffffffc][0xfffffff2]fQ[0x1c][0xffffff9a][0xffffffa4]\2v[0xffffff9c][0xc][0xffffffaf]?[0xffffffee][0xe]U.[0xffffffad][0xffffffe2][0xfffffffb][0xe][0xffffff87][0xffffffcf][0xffffffb3][0xffffff92][0xffffff9e][0xffffffc7][0xffffffdf]5[0xffffffe4][0xffffff8f][0xffffffd7][0xffffff9f][0xb][0x13][0xffffffa4][0xffffffe1]O[0xffffff9d][0xf][0xffffff82][0xffffffec]5[0xffffffbf][0xfffffff9][0xffffffb1][0xffffffe5][0xffffffb4]QiH[0xfffffff0][0xffffffec]u[0xffffffed][0xffffffa0][0xfffffff3][0xffffff98][0xffffffe4][0xffffffe3][0x12][0xffffffc9][0xffffffe7][0xffffff8c]<*[0xfffffffb]p[0xffffffcb][0xffffffd7][0xffffffa6][0x12][0xffffffa5]/[0xfffffffb]1[0x1c][0xffffffec][0xfffffff6]U[0x1e]V[0xffffffde][0xffffff8f][0xffffffea]eF[0xffffff92][0xffffffce]4[0xffffffd1][0xffffffc0][0xfffffffb][0xffffff9a][0xffffffd4]I[0xffffffcd][0xffffffac][0xffffffe5][0xffffff91]/[0xffffff97]`E]P[0xffffffc8][0xfffffffd]QF[0xffffffc2]5?[0x5][0xffffffc3][0xffffff9b]K[0xffffff8f]]Q[0xffffffa2]*[0xffffffcc]N0[0xffffff8d]r[0xffffffde]M[0xffffffa2]/>[0xffffffe8]vz[0xffffffb7]I[0xffffffc2]d0[0xffffffc3][0x3][0xfffffff3][0xffffffcc]_[0xffffffe7]}v[0xe][0xffffffc5]l[0xffffffa8][0xffffff9a]s[0xffffffd1][0xffffff9b]{[0xffffff84][0xffffffa5][0xffffffc2][0xffffffe8][0xffffffdd][0xfffffff1]u[0xffffff8c][0xffffffa0])[0x0]2'[0xffffffdc]RC[0xffffffad]b#Os[0xfffffffa][0xffffffa5]i[0xffffffaa][0xffffff82]w[0xffffffe0][0xffffffb1][0xffffff81][0xffffffcd]}U[0xffffffaf][0xffffffac][0xffffffb2][0xffffffba][0xfffffff1][0xffffffd8][0xffffffb0][0xffffffef]n[0xffffffc6]o[0xffffff82]^[0xffffffa8][0x16]}+[0xffffff91]Jp[0xffffffc2]:BQ0[0xffffffae][0x8][0xffffffa5][0xffffffcd]?[0xffffffe9]]yv_F.[0xffffffae][0x5][0xffffff97][0xffffffdc][0xffffffce][0xfffffff5]=[0xffffffe8][0xffffffa9](b[0x7][0xffffff92]D[0x7f][0xffffff8d]@K[0xffffffdd][0xffffffd6][0xfffffff6][0xfffffff9]~[0xffffff86][0xffffff8e]][0xffffffcf]H[0x1b][0xffffffc7][0x1][0x1f][0xc][0xffffff93]2d[0xffffffb4][0xffffffeb][0x1][0xffffffd1][0xe][0xffffff8f]t[0xffffffb5]&h[0xffffffcc][0xffffffee][0xffffffb6]8[0x11][0xffffff8c][0xffffffbb]P[0xffffffcb]O[0xffffffa6]M{[0xffffffac][0xffffffdd][0x4]1[0xfffffffd][0xffffffed][0x1a]{[0xffffffee]L[0xffffffa4][0xffffffbc][0xffffff8b][0xffffff90][0xfffffff7][0xffffffc9]F\[0x19][0xffffff99][0xffffffa4][0xffffffad][0xffffff99][0xffffffca][0xfffffffd][0xffffffec][0x15][0xffffffc9]#[0xffffffcf][0xffffff87][0xffffff86][0xffffff9d][0xffffff88][0x1d][0xffffff95][0x9]o[0x12][0x1f][0xffffffc5][0xffffff96][0xffffffb3]7[0xffffffbe][0x8][0xffffff88][0xfffffff0][0xffffffd6][0xffffffe7]7xh[0xffffff89][0x15]&[0xffffffb8]E[0xffffff84]5yd&E[0xffffffc4]#[0xffffff96][0xffffffda][0xffffffb2]s#][0xffffff97][0xfffffff1][0xffffffd3][0xffffff92][0xffffffbe][0xffffffe0]yZ[0x10]BN[0xffffffba]2[0xffffffe5][0xffffffbc]u[0xffffffbe][0xffffffe7][0xfffffff3][0xffffff96][0xfffffff3][0xffffff89][0xffffff94][0xffffffe9][0x4][0xffffffb0][0xffffffec][0xffffff9d][0xfffffffe][0xffffffe2][0x7][0xffffffc8]d[0xffffff9c][0x0]@[0xffffff98],[0x1f]I[0xffffffd7][0xffffff87]0[0xffffffa7][0xffffffbf]![0x18][0x1][0xffffffe3][0xffffffb2]3|[0xffffffcf][0xffffffbb][0xffffffc6]x[0xfffffff4][0xffffffdd]r[0xffffff90][0xffffffce][0xffffffc5][0xfffffff5][0xffffffe3][0xffffff87]0z[0xffffffd4][0xffffffa8][0xffffff88][0x2][0xffffffd3][0xfffffffa]\&[0xfffffffe]ac[0xffffffae]C|!p[0xffffffbb][0x19]c[0xffffffd4][0xffffffb9][0xffffff81][0xf][0xffffffaf]\[0xfffffff0][0xffffff96]RY[0xffffffc5][0xffffff9d][0xffffff82]&[0xffffffec]{[0xffffffcc][0x1f]gV[0xffffff84][0xffffffb1][0x5]3[0xc][0x14][0xffffffd5][0xffffffbf]l[0xffffffbf]A[0xf][0xffffff88][0xfffffff5][0xffffffc9]^l[0xffffffa9]c[0xffffffc1]V[0xffffffa3][0xffffffd6][0xffffff81][0xfffffffb]([0xffffffb4]Z[0xffffff96][0xfffffff0]-[0xffffff9a][0x6]eY[0xffffffab][0xffffffdc][0xffffffaa][0xffffffc0][0xffffffad][0xffffffcb][0xffffffb1][0xffffffea]_ZG[0xffffffc9]gY6[0xffffffe4][0xffffffb3]t[0xffffffa4]%C[0xffffffea][0xffffffea]}[0xc][0xffffffc8]aT[0xffffffe7]Z[0xffffffbd]Z3[0xffffffa7]y[0xffffffd8][0xffffffb2][0x1e][0xffffff85]R[0xffffffa9][0xfffffff6]0[0xffffff9c]5[0xffffffed].[0xffffffed]7[0x16][0xffffff9d][0x1][0xfffffff7][0xffffff84][0xffffff87][0x1a][\n]"
10:24:15.384 [main] DEBUG com.github.dockerjava.zerodep.shaded.org.apache.hc.client5.http.wire -- http-outgoing-2 << "[0xfffffffd][0xffffffbd][0xffffffbe][0x8]^$[0xfffffff1]e[0x11]7r[0xfffffffd][0xffffffd9][0xffffff84][0xffffffea]{[0xffffffd3]kQ?7[0xffffffa4][0xfffffff5][0xffffffa4][0xffffffe7][0x18]Z6t[0xffffff9a][0xb][0xffffffbd][6[0xffffffd4]{`[0xffffffda][0xffffffa6]+[0xffffff8f][0xffffffb2]r[0xffffffc4][0xffffffbd][0xffffff80][0xffffffb2]7[0x18][0xfffffff4]0[0xffffffd4]/[0xffffffc5][0xffffffa4]@[0xffffff98]:[0xffffffcc][0xfffffff8]s[0xffffffc0][0xe]{n[0x1f][0xffffffee][0xffffff88][0xffffffc8][0xffffff9c][0x4][0xffffff8d][0xffffffa8]{f4[0xffffffa3]5[0xfffffffd][\r][0xffffff95][0xffffffa2][0xffffff8c]5[0xffffffc6][0xffffffa2][0xffffffa0][0x3][0x1f][0xffffff8c][0xffffff97][0xffffff93]C[0xffffffe8][0xffffff86][0xffffffb6][0xffffffe6][0xffffff85]([0xffffffc6]L}[0xffffffa4]O[0xffffffd8]^[0xffffffee].I[0xffffffdd]HP[0xffffffe5][\n]"
10:24:15.384 [main] DEBUG com.github.dockerjava.zerodep.shaded.org.apache.hc.client5.http.wire -- http-outgoing-2 << "[0xe]'d[0xffffffde][0xfffffffb][0xffffff8e][0xffffffcb]Fj[0xffffffb9][0xffffffba][0xffffffa4][0xfffffff3][0x6][0xffffffc1]g=S[0xffffffdb][0xffffffd4]/[0xffffff9f][0xffffff85][0xffffffab]P[0xffffff94][0xffffff83][0xffffff8a][0xffffffdf][0xffffffa1]N A[0x1d]RRm[0xffffff9f]9&[0xffffffd7][0xffffffc9][0xffffff80][0xffffff9a][0xffffffdd]B+[0x4][0xffffff8c]2[\n]"
10:24:15.384 [main] DEBUG com.github.dockerjava.zerodep.shaded.org.apache.hc.client5.http.wire -- http-outgoing-2 << "[0xfffffff3][0xffffffb9][0xffffff8d]m[0x17]U}z[0xffffffde]][0xffffff87][0xffffffd5]P[0xe]=#[0xffffffa0][[0xf][0xffffff9d][0xffffff9a]R[0xffffff94][0xfffffff5][0xffffff8b]B[0xffffff96][0xffffffc6][0xf][0xfffffff6][0xffffffd2]^[0xffffff84]=[0xffffffe1][0xffffffec]~kJnR[0xffffffdb]j[0xffffffb1][0xffffffd4]Pu[0xffffffa7][0xffffff93][0x5][0x7f]cK [0xffffffe9][0xffffffeb]h[0xffffff9d]J7[0xffffff84][0xffffff93][0xffffffed]mf[0xffffffaf][0x13]l[0xffffffc2]6<[0xffffff97]t@[0xffffffb5][0xffffffd6]#[0xffffff81]7[0xffffffa8]6[0xffffff80]3([0xffffffa7]w[0xffffffaf][0x18][0xffffffe9][0xffffffe3][0xffffff8a][0xffffffef]{e[0xffffff9f][\n]"
10:24:15.384 [main] DEBUG com.github.dockerjava.zerodep.shaded.org.apache.hc.client5.http.wire -- http-outgoing-2 << "[0xffffffe1][0xffffffa2][0xffffffee]|[0x2][0xfffffff5][0xffffff9a]I[0x11]<[0xffffffc9][0x8][\n]"
10:24:15.384 [main] DEBUG com.github.dockerjava.zerodep.shaded.org.apache.hc.client5.http.wire -- http-outgoing-2 << "[0xffffff89][0xffffff88][0xffffffac][0xffffffd7][0xffffff90]R[0xffffffe4][0xffffffb8]_[0xffffff9c]_[0xffffffcb]m[0x7f][0xffffffb1][0xffffffed][0xffffffbf][0x7][0xffffffff][0xffffff9e]7[0xffffffc4][0xffffffe6][0xffffff87][0xffffffdf][0xffffffb0][0xffffffef]m[0xffffffd9][0xffffffac][0xffffffb7]aT)[0xffffffc1][0xfffffff0][0xffffffb5][0xffffffeb][0xffffff98][0x10][0xffffff9e][0xfffffff6][0xffffffee][0x16][0xffffff9b][0xffffffd1][0xffffff9b]v[0xfffffffd][0x19][0xffffffaf]o([0xffffffa0]3r1[0x1a]Z[0x15][0xffffff99][0xffffff9c]<<B[0xffffffcf][0xffffff92][0xffffff80]Rp[0xffffffb4][0xffffff9f][0xfffffffa]W[0xffffff91]3[0xffffffbf][0xffffffad][0xffffffa9][0x10][0xffffff8c]3[0x1c][0xffffffe3]2[0xffffffec][0xffffff8e][0xffffffaa]\[0xfffffff3]B[0xffffff85][0xffffffa8][0x6][0xffffffdb]Tv[0xffffffb4][0xffffffc7][0xffffff80]B[0x15][0xfffffff7]mt[0x1f][0xffffff92]I[0x17][0xffffffbb][0xffffff90][0xffffff9a][0xf][0xffffffba][0x7][0xffffffdd][0xffffffaa]-[0xffffffc3][0xffffffc0][0xffffff88][0xffffffb1]U[0xffffffca][0xffffffd0]/[0xffffffac]A[0xffffffaf]@1[0x1f][0xffffffad][0xfffffff7]C[0xe]v[0xffffffe9]`[0x14][0xffffffd1][0xffffff8e][0xffffffb8][0xffffffab]_[0x6]9F[0xffffffad][0xffffffb6][0xffffffa5]d[0xffffffb7][0xffffffc7]gcw[0x10][0xffffffba][0xffffffd0][0x10][0xffffffe4][0xffffffcd][0xffffff92][0x1f][0xffffffad][0x19][0xffffff96][0xffffffcf][0xffffffb9][0xffffffe9][0xffffff90][0xffffff8c][0xffffffaa][0xffffffd8][0x0][0xffffffe2][0xffffff99][0xffffffd4][0xffffffcd]bZ+[0xfffffffd](*[0xfffffffc][0xfffffffe]ei[0xffffffca];[0xfffffffe][0xffffffb4][0xffffffa4][0xffffff8f][0xffffffcf][0xffffffee]-w[0x7f][0xffffffd3]y)[0xffffffd1]jJjAh?4[0xffffffb1]f[0xffffffa0]'^Q[0x15]hV5[0xffffffd6][0xffffff81][0xffffff9b][0xffffffe4][0xffffffcf][0xffffffa4]][0xffffff9d]&*[0xffffff92][0xffffffb4]C[0xffffffa1]$[0xffffffcc] b[0x1b][0xffffff8d]2[0xc]W[0xffffffb6][0xffffffe0][0xfffffff8].[0xffffffe2]6[0xffffffbc]EI9[0xffffffa6]>[0x17]%[0xffffffa4][0xfffffffe]\[0x11];[0xffffffc2][0xffffff91]s[0x1d]-z?[0xffffffbc]?[0xffffffe5]}[0xfffffffd][0xffffff9c][0xffffff87][0xffffffd9]A.[0xffffff89][0xffffff96][0xffffffb1][0x1d][0xffffff9e]O[0xffffffc2][0xffffff8a][0xffffffce][0xffffffb9]/[0xffffffc2]^q[0xffffffa5][0xffffffb2][0xffffffb0][0xffffff85][0xffffffc0][0x10][0xffffffc1][0x6]w[0xffffff82][0xffffffa0][0xffffffc6][0x16]E[0xffffffea][0xffffffb7][0xffffff9b]i%[0xffffff86][0xffffffaa]q[0xffffffec][0xffffffbd]K[0xffffffd3][0x2]tr[0xffffffd0][0xf][0xfffffff5]F[0xffffff93][[0xffffffdb][0xffffff83]x[0xffffffec][0xfffffff9][0xffffffba][0xffffffe4][0xffffffcd]%[0xffffffba][0xffffff84][0xffffffef]wM[0xffffffea][0xffffff8b][0xffffffb2][0xffffff99][0xfffffffd][0xffffff9b][0xffffff82]U[0x16]$[0x18][0xffffff9f][[0xffffffbe][0xffffffd7]G[0xffffff93][0xffffffd7]o[0xffffff98][0xffffff89]py[0xfffffff3][0xffffffae][0xffffffbf][0xffffff97][0xffffffca][0xffffff87]m[0xffffff8a]l[0xffffff97][0xffffff97][0x1e][0x1a][0xffffffb3]S[0xffffff9c][0xfffffff9][0xffffff8c]~[0x1c]B[0xffffff99]4[0xffffffc6][0xfffffff6]H[0xffffffc8][g[0xffffff94]D[0xffffff8e][0x8]D[0xfffffff8][0xffffff82]R[0xfffffffe][0xffffffae][0xfffffff6]H[0xffffff8f][0xffffff87]R[0xffffffe9][0xffffffb9]*[0x7f][0xffffffd6]N[0xfffffffa][0xffffffe1]>[0xffffff87][0xffffff8a][0xffffff86]'[0xffffffdb][0xffffffb0]cS[0xfffffffb][0xffffffd7][0xffffffd5]{m&[0xffffffe0]2K[0xffffffad][0xffffffb5]T[0xffffffbd][0xffffffbb][0xffffffeb][0x1]^[0x1c]N[0xffffffa2][0xffffffaf][0xfffffffd][0xfffffff1][0xffffff86][0xffffffd6][0xffffffea][0xffffffb4]XU[0x1e][0x10][0x16][0x1a][0xffffffea][\r]Ng[0xffffffac][0xffffffec])~n[0xffffffdf]k[0xffffffd2]C[0xffffffed][0xffffff8d][0x10][0xffffffec]3[0x12][0xffffffe9]zo[0xffffffc3]s$_[0xffffffa8][0xffffff9d][0xffffff91][0xffffffd3][\r][0x10]0[0x14]0EQ[0x15]yY[0xffffff8c][0xffffffe0]1[0xffffff9b][0xffffffdb][0xffffff92]T4[0xffffffd9][0xffffff9f]p[0xffffff8d]5x[0xfffffffb]f%[0xffffff87][0xffffffa7][0xffffff9c][0xfffffff7][0xffffffa8]7[0xc][0xffffffdb]r[0xffffffb0][0xffffffbf][0xffffffb4]&2^[0xfffffffd][0xffffffc6]k[0xffffffe5][0xffffffe7]c[0xffffff93][0xffffff89]u[0xffffff8b][0x7][0xffffffbf]m}[0xfffffffc]V2[0xffffffcb]C[0xffffff9c][0xffffffe2][0xffffffd8][0xffffff83]2[0xffffffaa][\r]d[0x1b][0xffffff89]7[0xffffffa2]<[0xffffffc2]U[0xffffffe7]=[0xffffff85][0xffffffc4][0x3]iI[0xffffff8e]+{[0xffffffc3]Yg,[0xffffffb8][0xfffffff2]lwA"[\r][0xffffffdf]S5[[0xfffffff2][0xffffffd5])[0x6][0xffffffaa]'u[0x5]*[0xffffffef][0xffffffcb][0xffffffd4][0xffffffae][0x18]/7[0xffffffe0]F*v[0xffffffb8]:[0x1e]F6/[0x4][0xffffffb7][0xffffffbb][0xffffffd8]u[0x4]O>[0xffffff8f][0xffffffc9],[0xffffffd8]E[0xffffffae]`[0xffffff8d]VM[0xffffffc1]$[0xfffffff3]cM[0x1f][0xffffff99]T[0xffffffae][0xffffff90][0xffffffa8][[0xffffff86]mZO[0xffffffbc]f[0xffffffc4][0x5][0xffffffd0]PA[0xffffffb9][0x10][0x0]`JD[0x7][0x0][[0x0]_[0xfffffff7][0xffffff8f][0xffffffb7][0xffffff92][0xffffffb3][0x1][0x0]0[0xffffff85]&[0xffffffd2]X[0xffffff8b]x[0xffffff9e]e[0xfffffffb][0xfffffffd][0xffffffdf][0xffffff9d][0x10][0x9][0xffffffc7][0xffffffdd][0x1e]as[0xffffffe8]U[0xffffffea][0xffffffd0][0xffffffb9][0xfffffff9][0xffffffd2]o[0xffffffbf][0xfffffff2][0x18][0xffffff9d][0xffffff9f]Yr[0xffffff8c][0xffffffe0][0xffffff87][0xffffffd3][0xffffffdc]t[0xffffffd5][0xffffffe6]`[0x3]k[0xffffffbb]e[0xffffffa9]lxA[0xffffff9f][0xffffffd0]+[0x10][0x12][0xffffffa9][0xffffffac][0xffffff87]im[0xffffffc9][0xffffffe4]"[0xffffff8e]6j[0xffffffb4][0xfffffffd][0xfffffff1][0xffffffa6][0xffffffad]eH?3[0xffffffc4]E[0xffffffdb][0x2][0x0][0xffffff80][0xffffffe7][0xffffffe8][0x0][0xffffffc0][0x7][0xffffffe0]{[0xfffffffc][0xfffffff1][0xffffffc7][0xffffff85][0x1][0x0]`[0xffffff83][0xffffffa6][0x8]?{[0xffffffe1][0xfffffff9][0xffffffdf];1Ui:%[0xffffffcb][0xffffffbd][0xffffffd7][0xffffff9b][0xffffffbf][0xffffffdf][0xffffffa3]r[0x1][0x0] [0xffffff86][0xe][0x0][0xf][0x0]|[0xfffffff8][0x1f][0x1b][0xfffffffd][0xffffffba]X[0x11]R[0xc][0xffffff9d][0xffffff85][0x7f][0xffffffb0][0x11][0x13][0x3][0xffffff9a][0xffffffa0][0xffffffcf][0xfffffff9][0xfffffff4][0xffffffef][0xffffffb7]7[0x7f]} Qt[0x0][0xffffffe0][0x1][0xfffffff0][0xffffff9b]/[0xfffffffc][0xffffffd7][0x6][0xffffffc0][0xffffff8c][0xffffff90]bl[0xfffffff9][0xffffffa3]}[0xffffff90][0xffffffab][0xffffff9e][0xfffffff2][0xffffffff][0xffffffb9][0xffffffe7]#[0x0][0x0][0xffffff84][0xffffffd1][0x1][0xffffffe0]9[0xffffff80]?[0xfffffffb][0xffffffc7].Y[0x0][0x0][0xffffffd8]C[0x13][0xffffffcd][0xffffffa5]r[0xffffffa0][0xffffffe6][0x9][0xffffffb2]hv[0xffffffe7][0xffffffff][0xffffff91][0xffffffec][0xffffff9f][0xffffffdb]=[0xffffff86]~([0xffffffff][0xfffffffd][0xffffff86][0xffffffb8][0xffffff8f]}[0xffffffd4][0xffffffe2][0x11][0xffffffb0]T%z:g[0xffffffe2][0xffffff8d]![0xfffffff3][0x0]}xGO[0x7][0x16]B[0xffffffaa][0xffffffb9]<[0xffffff8b][0xffffffaa][0x14]y[0xffffffc0]_*d[0x3]C[0xffffffd8][0xffffffb9][0xffffffbb]"[0xffffffa8][0xffffffe9][0x2]#[0xffffffb3][0xffffffb7][0x18]cm[0x18][0x14]'A[0xffffffd5][0xffffffd6][0xffffff8b]_[0x2][0x0][0xffffffc0][0xf][0x1d][0x0][0x4][0x0][0x2][0xffffffa4]?[0xffffff9e]C[0x4][0x0][0x0]Nh[0xffffff8a][0xffffffbf][0x18][0xffffffde]=[0xffffffa6][0xfffffff3][0x1f][0xffffffd8][0xe]R[0xffffffea][0xffffffcd][0xffffffd4][0x7f][0xffffffe9][0x12]jkb[0xffffffed][0xffffffb3][0xffffffda]7[0x0][0x0]H[0xffffffa2][0x3][0x0]?@@s[0xffffff91]0;BJ[0xffffffe6][0xf][0x9]#W[0xffffffbc]![0xffffffff][0xfffffffd]gtFE[0xffffffd7][0xffffffe6]w[0xffffff9a][0x0][0x0][0xffffff88][0xffffffff][0xffffffc6][0xffffff98]@[0xfffffffc][0xffffffe2]{[0xfffffff0][0xffffffcc][0x8])[0xffffffd9]?d|[0xfffffff1][\n]"
10:24:15.384 [main] DEBUG com.github.dockerjava.zerodep.shaded.org.apache.hc.client5.http.wire -- http-outgoing-2 << "[0xfffffff1][0xfffffffa][0xffffff9d]1[0x4] 0[0xffffffbb][0xffffff98][[0x1e]hb[0xffffff81]T[0xe][0xffffffd4][0xfffffffa][0xffffffff][0xffffffcd][0xfffffff8][0xffffffe2][0xffffffe5][0xffffffeb][\r][0x0][0xffffff80][0xffffffcc]o[0x1]"[0x8][0xffffffbc][0xffffff88][0xffffff8a][0x15][0xffffff9a][0xffffffd2])F[0xfffffff4]cT[0x17].[0xffffffeb][0xffffffe6]?[0x3]D[0xffffff90]w[0x11][0x13]3B[0xffffffca][0xfffffff2][0xf]1[0xfffffffd][0xffffffe5][0xffffffc3]y[0xffffffff][0xfffffffe][0xffffffe1]x[0x0][0xffffff82][0xffffffae]K[0xffffff88]V[0xffffffff]>"[0xffffffef][0x7f]#Z[0xffffffbb][0xffffff84]h[0xfffffff3][\n]"
10:24:15.384 [main] DEBUG com.github.dockerjava.zerodep.shaded.org.apache.hc.client5.http.wire -- http-outgoing-2 << "[0xffffff88][0xffffffbc][0xfffffffe]DDx[0xfffffff3]b[0xffffffb1][0xffffffb2]B[0xffffffe1]7[0xffffffff][0x9][0xffffffa2][0xffffff96]?[0x11][0x11][0xffffffb2][0xfffffffc][0x15][0x11][0xfffffffc][0xfffffffe][0xffffffdf]G[0xffffffe4][0xfffffff5]'"B[0xffffffc5][0xffffffbf]V*[0xffffff9c][0xffffffe5]*[0xffffff88][0x8][0x1d]/V*[0xf]4[0xffffff89][0xfffffff3][0xffffffa7]RD[0xfffffff8][0xffffffcb]_S[0x4]W[0xffffffbe]Z[0xffffff8a][0x8][0xffffffcb]/!r[0xffffffb8][0x12][0xffffffa2][0xffffffe1][0xffffffbf][0xffffffa6][0x8][0xffffffee]t%D[0xfffffffb][0x7f]MQ[0xffffffd2][0xffffffb3][0xffffff9f]J[0x11][0x11][0xffffffc9]%D[0xffffffb1]WK[0x11][0x11][0xffffffdf]%D[0x15]WAD[0xffffffa4]s[0x9]Q[0xffffffd5]U[0x10][0x11][0xffffffb9]]BT[0xffffffff]S)"J[0xffffffb9]Th_[0xffffffae][0xffffff88][0xffffffa8][0xffffffe9][0x12][0xffffffa2][0xffffffc3][0xffffffab][0xffffff9c]ED[0xffffffd3][0xffffff97][\n]"
10:24:15.384 [main] DEBUG com.github.dockerjava.zerodep.shaded.org.apache.hc.client5.http.wire -- http-outgoing-2 << "[0xffffffed][0xfffffff8]*[0xffffffc7]5[0x8][0xfffffff1]R[0xffffffa1]M[0xffffffff]T[0xffffff8a]@w.[0x1d][0xffffffd7][0xffffff94]WC[0x4][0x12][0xffffffbd]t\[0xb]\%E [0xffffffd8][0xffffffa5][0xffffffe3]Z[0xffffffe8]J[0xffffff88][0x2].[0x1d][0xffffffd7]4?[0xffffff95]"P[0xffffffce]%D[0xffffffc2]WD[0xffffffd4]y[0x9][0xffffffd1][0xffffff8f][0xffffffd5][0xffffffea][0xffffffbf][0xffffffa4][0x8][0xffffffb4]z[0x9][0xffffffd1][0xffffff8f][0xffffffc5][0xffffffea]?"[\n]"
10:24:15.384 [main] DEBUG com.github.dockerjava.zerodep.shaded.org.apache.hc.client5.http.wire -- http-outgoing-2 << "[0x6][0xffffff88][0xffffffb1]."[0xfffffff2][0xfffffffe][0xffffff97]X[0xfffffffd]3D[0x14][0xf][0xfffffff5][\n]"
10:24:15.384 [main] DEBUG com.github.dockerjava.zerodep.shaded.org.apache.hc.client5.http.wire -- http-outgoing-2 << "[0xffffffd0]!H[0xffffffe9][0xffffffac][0xffffff8a][0xfffffff8]N[0xffffff99][0xffffffe0][0xffffffa5][0xfffffffc]c[\n]"
10:24:15.384 [main] DEBUG com.github.dockerjava.zerodep.shaded.org.apache.hc.client5.http.wire -- http-outgoing-2 << "{*k[0xffffff83][0xffffff92]([0x8]?G=[0x11][0xffffff9b]([0xffffffe5][0xffffffeb][0xfffffff4][0x9][0xffffffac]6'[0x7f]O[0xfffffffb][0x1b][\n]"
10:24:15.384 [main] DEBUG com.github.dockerjava.zerodep.shaded.org.apache.hc.client5.http.wire -- http-outgoing-2 << "[0xffffffed]f[0xffffff91][0xffffff91][0x14][0xffffff92]*(O_[0xffffffdd][0xffffffc3][0xffffffda]<[0xffffffa9]1J[0xffffff8d][0xffffffcd][0xffffffab]\y[0xffffffcb][0xfffffffa][0xffffff92]!4[0x1f][0xffffffd7]^[0xc]rf4[0x2][0x0]@[0xc]:[0x0][0x8][0x2][0xffffffc4][0xffffffcc][0x17]K[0xffffff96][0xffffffeb]W[0xffffffd3][0xfffffffa][0xffffffdb][0xffffffb0][0xffffff89]epZ[0xfffffff1][0xffffffbb][0xffffff93]~e%[0xfffffff5][0x1b]+b[0xffffff85]K[0xffffffc4][0x7f][0xffffffac]Z[0xffffffff][0xffffff91][0x15]?@l[0x7f][0xffffffb1]n[0xffffffd9][0xffffffff][0xffffff81]f[0xffffff81]KJE[0xffffff9a][0x0][0xffffffaa][0xffffffdf][0xffffff85][\r][0x2][0x10]G[0xfffffffd][0xffffffb5]v[0x7f]R[0xffffffb5][0xffffff88][0xffffffcb][0xffffffae]G[0xffffffb5][0xffffff88][0x7][0xffffffaf]C[0xffffffb5][0xffffff88][0xfffffff7][0xffffffae]C[0xffffffb5]H[0xffffff88][0xffffffaf]U[0xffffffb5]Hx/5[0xffffffc9]+[0xffffffaa][0x16][0xffffff89][0xfffffff6]u[0xffffffa8][0x16][0xffffff89][0xffffffeb][0xffffffa5]&y%[0xffffffd5]"yu[0xffffffa9]I[0xfffffffe][0xffffff9c]j[0xffffff91]4^j[0xffffff92]WT-[0xffffff92][0xffffffa9][0xffffffeb]P-R[0xffffffe0]R[0xffffff93][0xffffffbc][0xffffff92]j[0xffffff91][0xffffffde][0xffffffbe][0xffffffd4]$[0x7f]N[0xffffffb5]HE[0xffffffae]G[0xffffffb5]HM[0xffffffae]C[0xffffffb5]H[0xfffffffd][0xffffffaf]C[0xffffffb5]H[0xffffffb3][0xffffffaf]U[0xffffffb5]H[0xffffffdb]/![0xffffffba][0xffffffa2]j[0xffffff91][0xffffffae]\[0xffffff87]j[0xffffff91]a^Bt%[0xffffffd5]"[0xffffffbb]w[0x9][0xffffffd1][0xffffffcf][0xffffffa9][0x16][0xffffff99][0xfffffffc]_[0xb][0xffffffed][0xffffffaa][0xffffffaa]Efw[0x1d][0xffffffaa]E[0x16]qi@s[0x5][0xffffffd5][0xffffffb2][0x7][0xffffffc8]J/[0x16][0xffffff9a][0xffffffd9]UT[0xffffff8b]B[0x18][0xffffff99][\n]"
10:24:15.384 [main] DEBUG com.github.dockerjava.zerodep.shaded.org.apache.hc.client5.http.wire -- http-outgoing-2 << "m[0xffffffa1]T[0xffffffb9][0xc][0xffffffeb]^[0xffffffd4][0xffffff81]"[0x12][0xffffffd6][0xffffffb9][0xffffffcb]#T[0xffffffda][0xfffffff4]~)[0xffffffd7]e[0x9]#[0xffffffd8][0xffffffc2][0xffffffe0][0xffffffda][0xffffffb4][0xfffffff2][0x11]b[0xffffff82]x[0xffffffba][0xffffffcd][0xffffffde][0xffffff97]e[0xffffffab].[0xffffffc3][0xffffffc1][0xffffffa7][0xffffff99][0xffffffdc][0xffffffbf][0xffffffa2]p[0xfffffffd]m.C[0xfffffff6][0xffffffe9][0xffffffd2]\[0xffffffe6][0x1f][0xffffffa8][0x19][0xffffffa8][0xfffffff2]S[0x6][0xffffff96]O[0xffffffee][0xffffffef]s[0xffffff99][0xffffff87][0x0][0xffffffd9][0xffffffee]E[0xffffffac][0x1c][0xffffffff]@[0xffffffcf][0xffffffc0]H[0xffffff94][[0xfffffffb][0xffffffd8][0xffffff8c][0xffffffbf][0xffffffc6]O[0xffffffe2]7[0xffffffb6][0xffffffe4][0xffffffa0][0xffffff9f]w4[0x8]@[0xffffffce]s[0xffffffa9][0x15][0xfffffffe]sG[0xffffffbb][0x18]?r[0xffffffcd]K[0xffffffb6][0xfffffff0][0xf][0xffffffcc][0xffffffea]b[0xfffffffc][0xffffffc8]]~^[0xffffffaa]x[0x0][0xfffffff2][0xffffffa4][0xffffffeb][0xffffff98]][0xffffff91][0xffffffd7]_[0xffffffeb][0xffffffec][0xffffff8a]|[0xfffffff2]R[0xffffff85]^Q[0xffffffa8][0xffffffc8][0xffffffcf][0xffffffaf]C[0xffffffa8]([0xffffffa8].U[0xffffffe8][0xffffff95][0xffffff84][0xffffff8a]B[0xfffffff8][0xffffff92]s[0xfffffffe][0xffffff9c]PQ[0x18]_[0xffffff8f]PQ[0xfffffff8]][0xffffff87]PQd][0xffffff87]PQ|[0xffffffb8]V[0xffffffa1][0xffffffa2]X[0xffffffba][0xffffff9e][0xffffffd9][0x15][0x18][0xffffffe3]:[0xffffff84]"
10:24:15.385 [main] DEBUG com.github.dockerjava.zerodep.shaded.org.apache.hc.client5.http.wire -- http-outgoing-2 << "[\n]"
10:24:15.386 [main] DEBUG com.github.dockerjava.zerodep.shaded.org.apache.hc.client5.http.wire -- http-outgoing-2 << "[0xffffffcc][0xfffffff4][0xfffffff3][0xffffffb3]+![0x0],{[0x11][0x11][0xfffffff7][0xffffffbf][0xffffff85][0xffffffca][0xffffffec][0xfffffffc],[0x5][0xfffffff7]om[0xffffff87]p[0x6][0x0][0xffffff80][0xfffffff4]o[0xffffff84][0xffffffc0][0xffffffb6][0xffffff97][0xffffff94][0xfffffff3][0xffffff8a]>[0x5][0xe][0xffffffbf][0xe][0xffffff9f][0x2][0xffffff97]\R[0xffffffce]+[0xfffffff8][0xffffff94][0x10][0x0][0x1e][0xffffffb8]Xg[0xffffffdc][0xffffffff][0xfffffff6])[0xffffff85][0xfffffff3][0xffffffd3][0xffffffad][0xffffffbf][0xffffffb7][0x1b][0xffffff81][0xffffffc3][0xffffffbf][0x9][0xffffffed]\[0xffffff8f]NQ[0x12]^[0xffffff87]NQr[0xffffffff][0xffffffbc]N[0xffffffdd][0xfffffff8]}[0x17]b[0xffffffc4][0x7f]=[0xb].[0xfffffff0][0xffffffbf][0xfffffff5][0xffffffbf][0xfffffff5][0xffffffbf][0xfffffff5][0xffffffbf][0xfffffff5][0xffffffff][0xffffffcb][0xfffffffa]?[0x1][0x0][0x0][0xffffffff][0xffffffff][0x0]f4R[0x0]^[0x1][0x0][\r][\n]"
10:24:15.386 [main] DEBUG com.github.dockerjava.zerodep.shaded.org.apache.hc.client5.http.wire -- http-outgoing-2 << "0[\r][\n]"
10:24:15.386 [main] DEBUG com.github.dockerjava.zerodep.shaded.org.apache.hc.client5.http.wire -- http-outgoing-2 << "[\r][\n]"
10:24:15.386 [main] DEBUG com.github.dockerjava.zerodep.shaded.org.apache.hc.client5.http.impl.classic.InternalHttpClient -- ep-0000001E: releasing valid endpoint
10:24:15.386 [main] DEBUG com.github.dockerjava.zerodep.shaded.org.apache.hc.client5.http.impl.io.PoolingHttpClientConnectionManager -- ep-0000001E: releasing endpoint
10:24:15.386 [main] DEBUG com.github.dockerjava.zerodep.shaded.org.apache.hc.client5.http.impl.io.PoolingHttpClientConnectionManager -- ep-0000001E: connection http-outgoing-2 can be kept alive for 3 MINUTES
10:24:15.386 [main] DEBUG com.github.dockerjava.zerodep.shaded.org.apache.hc.client5.http.impl.io.PoolingHttpClientConnectionManager -- ep-0000001E: connection released [route: {}->npipe://localhost:2375][total available: 1; route allocated: 1 of 2147483647; total allocated: 1 of 2147483647]
10:24:15.395 [main] DEBUG org.testcontainers.shaded.com.github.dockerjava.core.command.AbstrDockerCmd -- Cmd: e96403dc02ca8a5ad2cba40edfb6d108392a0b4715d78fd5756ab8fdd2127d35,false
10:24:15.396 [main] DEBUG org.testcontainers.shaded.com.github.dockerjava.core.exec.InspectContainerCmdExec -- GET: DefaultWebTarget{path=[/containers/e96403dc02ca8a5ad2cba40edfb6d108392a0b4715d78fd5756ab8fdd2127d35/json], queryParams={}}
10:24:15.397 [main] DEBUG com.github.dockerjava.zerodep.shaded.org.apache.hc.client5.http.impl.classic.InternalHttpClient -- ex-00000020: preparing request execution
10:24:15.397 [main] DEBUG com.github.dockerjava.zerodep.shaded.org.apache.hc.client5.http.protocol.RequestAddCookies -- Cookie spec selected: strict
10:24:15.398 [main] DEBUG com.github.dockerjava.zerodep.shaded.org.apache.hc.client5.http.protocol.RequestAuthCache -- Auth cache not set in the context
10:24:15.398 [main] DEBUG com.github.dockerjava.zerodep.shaded.org.apache.hc.client5.http.impl.classic.ProtocolExec -- ex-00000020: target auth state: UNCHALLENGED
10:24:15.398 [main] DEBUG com.github.dockerjava.zerodep.shaded.org.apache.hc.client5.http.impl.classic.ProtocolExec -- ex-00000020: proxy auth state: UNCHALLENGED
10:24:15.398 [main] DEBUG com.github.dockerjava.zerodep.shaded.org.apache.hc.client5.http.impl.classic.ConnectExec -- ex-00000020: acquiring connection with route {}->npipe://localhost:2375
10:24:15.398 [main] DEBUG com.github.dockerjava.zerodep.shaded.org.apache.hc.client5.http.impl.classic.InternalHttpClient -- ex-00000020: acquiring endpoint (3 MINUTES)
10:24:15.398 [main] DEBUG com.github.dockerjava.zerodep.shaded.org.apache.hc.client5.http.impl.io.PoolingHttpClientConnectionManager -- ex-00000020: endpoint lease request (3 MINUTES) [route: {}->npipe://localhost:2375][total available: 1; route allocated: 1 of 2147483647; total allocated: 1 of 2147483647]
10:24:15.398 [main] DEBUG com.github.dockerjava.zerodep.shaded.org.apache.hc.client5.http.impl.io.PoolingHttpClientConnectionManager -- ex-00000020: endpoint leased [route: {}->npipe://localhost:2375][total available: 0; route allocated: 1 of 2147483647; total allocated: 1 of 2147483647]
10:24:15.398 [main] DEBUG com.github.dockerjava.zerodep.shaded.org.apache.hc.client5.http.impl.io.PoolingHttpClientConnectionManager -- ex-00000020: acquired ep-0000001F
10:24:15.398 [main] DEBUG com.github.dockerjava.zerodep.shaded.org.apache.hc.client5.http.impl.classic.InternalHttpClient -- ex-00000020: acquired endpoint ep-0000001F
10:24:15.398 [main] DEBUG com.github.dockerjava.zerodep.shaded.org.apache.hc.client5.http.impl.classic.MainClientExec -- ex-00000020: executing GET /v1.32/containers/e96403dc02ca8a5ad2cba40edfb6d108392a0b4715d78fd5756ab8fdd2127d35/json HTTP/1.1
10:24:15.398 [main] DEBUG com.github.dockerjava.zerodep.shaded.org.apache.hc.client5.http.impl.classic.InternalHttpClient -- ep-0000001F: start execution ex-00000020
10:24:15.399 [main] DEBUG com.github.dockerjava.zerodep.shaded.org.apache.hc.client5.http.impl.io.PoolingHttpClientConnectionManager -- ep-0000001F: executing exchange ex-00000020 over http-outgoing-2
10:24:15.399 [main] DEBUG com.github.dockerjava.zerodep.shaded.org.apache.hc.client5.http.headers -- http-outgoing-2 >> GET /v1.32/containers/e96403dc02ca8a5ad2cba40edfb6d108392a0b4715d78fd5756ab8fdd2127d35/json HTTP/1.1
10:24:15.399 [main] DEBUG com.github.dockerjava.zerodep.shaded.org.apache.hc.client5.http.headers -- http-outgoing-2 >> accept: application/json
10:24:15.399 [main] DEBUG com.github.dockerjava.zerodep.shaded.org.apache.hc.client5.http.headers -- http-outgoing-2 >> x-tc-sid: ad01dab1-4b9b-4848-b723-5acec0598df9
10:24:15.399 [main] DEBUG com.github.dockerjava.zerodep.shaded.org.apache.hc.client5.http.headers -- http-outgoing-2 >> User-Agent: tc-java/1.19.3
10:24:15.399 [main] DEBUG com.github.dockerjava.zerodep.shaded.org.apache.hc.client5.http.headers -- http-outgoing-2 >> Accept-Encoding: gzip, x-gzip, deflate
10:24:15.400 [main] DEBUG com.github.dockerjava.zerodep.shaded.org.apache.hc.client5.http.headers -- http-outgoing-2 >> Host: localhost:2375
10:24:15.400 [main] DEBUG com.github.dockerjava.zerodep.shaded.org.apache.hc.client5.http.headers -- http-outgoing-2 >> Connection: keep-alive
10:24:15.400 [main] DEBUG com.github.dockerjava.zerodep.shaded.org.apache.hc.client5.http.wire -- http-outgoing-2 >> "GET /v1.32/containers/e96403dc02ca8a5ad2cba40edfb6d108392a0b4715d78fd5756ab8fdd2127d35/json HTTP/1.1[\r][\n]"
10:24:15.400 [main] DEBUG com.github.dockerjava.zerodep.shaded.org.apache.hc.client5.http.wire -- http-outgoing-2 >> "accept: application/json[\r][\n]"
10:24:15.400 [main] DEBUG com.github.dockerjava.zerodep.shaded.org.apache.hc.client5.http.wire -- http-outgoing-2 >> "x-tc-sid: ad01dab1-4b9b-4848-b723-5acec0598df9[\r][\n]"
10:24:15.400 [main] DEBUG com.github.dockerjava.zerodep.shaded.org.apache.hc.client5.http.wire -- http-outgoing-2 >> "User-Agent: tc-java/1.19.3[\r][\n]"
10:24:15.400 [main] DEBUG com.github.dockerjava.zerodep.shaded.org.apache.hc.client5.http.wire -- http-outgoing-2 >> "Accept-Encoding: gzip, x-gzip, deflate[\r][\n]"
10:24:15.400 [main] DEBUG com.github.dockerjava.zerodep.shaded.org.apache.hc.client5.http.wire -- http-outgoing-2 >> "Host: localhost:2375[\r][\n]"
10:24:15.400 [main] DEBUG com.github.dockerjava.zerodep.shaded.org.apache.hc.client5.http.wire -- http-outgoing-2 >> "Connection: keep-alive[\r][\n]"
10:24:15.400 [main] DEBUG com.github.dockerjava.zerodep.shaded.org.apache.hc.client5.http.wire -- http-outgoing-2 >> "[\r][\n]"
10:24:15.408 [main] DEBUG com.github.dockerjava.zerodep.shaded.org.apache.hc.client5.http.wire -- http-outgoing-2 << "HTTP/1.1 200 OK[\r][\n]"
10:24:15.409 [main] DEBUG com.github.dockerjava.zerodep.shaded.org.apache.hc.client5.http.wire -- http-outgoing-2 << "Api-Version: 1.47[\r][\n]"
10:24:15.409 [main] DEBUG com.github.dockerjava.zerodep.shaded.org.apache.hc.client5.http.wire -- http-outgoing-2 << "Content-Type: application/json[\r][\n]"
10:24:15.409 [main] DEBUG com.github.dockerjava.zerodep.shaded.org.apache.hc.client5.http.wire -- http-outgoing-2 << "Date: Fri, 02 May 2025 08:24:15 GMT[\r][\n]"
10:24:15.409 [main] DEBUG com.github.dockerjava.zerodep.shaded.org.apache.hc.client5.http.wire -- http-outgoing-2 << "Docker-Experimental: false[\r][\n]"
10:24:15.409 [main] DEBUG com.github.dockerjava.zerodep.shaded.org.apache.hc.client5.http.wire -- http-outgoing-2 << "Ostype: linux[\r][\n]"
10:24:15.409 [main] DEBUG com.github.dockerjava.zerodep.shaded.org.apache.hc.client5.http.wire -- http-outgoing-2 << "Server: Docker/27.5.1 (linux)[\r][\n]"
10:24:15.409 [main] DEBUG com.github.dockerjava.zerodep.shaded.org.apache.hc.client5.http.wire -- http-outgoing-2 << "Transfer-Encoding: chunked[\r][\n]"
10:24:15.409 [main] DEBUG com.github.dockerjava.zerodep.shaded.org.apache.hc.client5.http.wire -- http-outgoing-2 << "[\r][\n]"
10:24:15.409 [main] DEBUG com.github.dockerjava.zerodep.shaded.org.apache.hc.client5.http.headers -- http-outgoing-2 << HTTP/1.1 200 OK
10:24:15.409 [main] DEBUG com.github.dockerjava.zerodep.shaded.org.apache.hc.client5.http.headers -- http-outgoing-2 << Api-Version: 1.47
10:24:15.409 [main] DEBUG com.github.dockerjava.zerodep.shaded.org.apache.hc.client5.http.headers -- http-outgoing-2 << Content-Type: application/json
10:24:15.409 [main] DEBUG com.github.dockerjava.zerodep.shaded.org.apache.hc.client5.http.headers -- http-outgoing-2 << Date: Fri, 02 May 2025 08:24:15 GMT
10:24:15.409 [main] DEBUG com.github.dockerjava.zerodep.shaded.org.apache.hc.client5.http.headers -- http-outgoing-2 << Docker-Experimental: false
10:24:15.409 [main] DEBUG com.github.dockerjava.zerodep.shaded.org.apache.hc.client5.http.headers -- http-outgoing-2 << Ostype: linux
10:24:15.409 [main] DEBUG com.github.dockerjava.zerodep.shaded.org.apache.hc.client5.http.headers -- http-outgoing-2 << Server: Docker/27.5.1 (linux)
10:24:15.409 [main] DEBUG com.github.dockerjava.zerodep.shaded.org.apache.hc.client5.http.headers -- http-outgoing-2 << Transfer-Encoding: chunked
10:24:15.409 [main] DEBUG com.github.dockerjava.zerodep.shaded.org.apache.hc.client5.http.impl.classic.MainClientExec -- ex-00000020: connection can be kept alive for 3 MINUTES
10:24:15.411 [main] DEBUG com.github.dockerjava.zerodep.shaded.org.apache.hc.client5.http.wire -- http-outgoing-2 << "1272[\r][\n]"
10:24:15.411 [main] DEBUG com.github.dockerjava.zerodep.shaded.org.apache.hc.client5.http.wire -- http-outgoing-2 << "{"Id":"e96403dc02ca8a5ad2cba40edfb6d108392a0b4715d78fd5756ab8fdd2127d35","Created":"2025-05-02T08:24:06.58893546Z","Path":"/bin/sh","Args":["-c","echo 'c2VjcmV0' | base64 -d \u003e /vnc_password \u0026\u0026 flvrec.py -o /screen.flv -d -r 30 -P /vnc_password tc-bC4mHTMp 5900"],"State":{"Status":"running","Running":true,"Paused":false,"Restarting":false,"OOMKilled":false,"Dead":false,"Pid":25460,"ExitCode":0,"Error":"","StartedAt":"2025-05-02T08:24:06.766850404Z","FinishedAt":"0001-01-01T00:00:00Z"},"Image":"sha256:97fba4daa01bdb900a0716e48765e32c39e26d9357522a5b6004da7799f0822e","ResolvConfPath":"/var/lib/docker/containers/e96403dc02ca8a5ad2cba40edfb6d108392a0b4715d78fd5756ab8fdd2127d35/resolv.conf","HostnamePath":"/var/lib/docker/containers/e96403dc02ca8a5ad2cba40edfb6d108392a0b4715d78fd5756ab8fdd2127d35/hostname","HostsPath":"/var/lib/docker/containers/e96403dc02ca8a5ad2cba40edfb6d108392a0b4715d78fd5756ab8fdd2127d35/hosts","LogPath":"/var/lib/docker/containers/e96403dc02ca8a5ad2cba40edfb6d108392a0b4715d78fd5756ab8fdd2127d35/e96403dc02ca8a5ad2cba40edfb6d108392a0b4715d78fd5756ab8fdd2127d35-json.log","Name":"/gallant_haibt","RestartCount":0,"Driver":"overlayfs","Platform":"linux","MountLabel":"","ProcessLabel":"","AppArmorProfile":"","ExecIDs":null,"HostConfig":{"Binds":[],"ContainerIDFile":"","LogConfig":{"Type":"json-file","Config":{}},"NetworkMode":"d06d86462e027f930f5300865309181ec5516677835542d09caebea3815b82e0","PortBindings":{},"RestartPolicy":{"Name":"no","MaximumRetryCount":0},"AutoRemove":false,"VolumeDriver":"","VolumesFrom":[],"ConsoleSize":[0,0],"CapAdd":null,"CapDrop":null,"CgroupnsMode":"host","Dns":null,"DnsOptions":null,"DnsSearch":null,"ExtraHosts":[],"GroupAdd":null,"IpcMode":"shareable","Cgroup":"","Links":null,"OomScoreAdj":0,"PidMode":"","Privileged":false,"PublishAllPorts":false,"ReadonlyRootfs":false,"SecurityOpt":null,"UTSMode":"","UsernsMode":"","ShmSize":67108864,"Runtime":"runc","Isolation":"","CpuShares":0,"Memory":0,"NanoCpus":0,"CgroupParent":"","BlkioWeight":0,"BlkioWeightDevice":null,"BlkioDeviceReadBps":null,"BlkioDeviceWriteBps":null,"BlkioDeviceReadIOps":null,"BlkioDeviceWriteIOps":null,"CpuPeriod":0,"CpuQuota":0,"CpuRealtimePeriod":0,"CpuRealtimeRuntime":0,"CpusetCpus":"","CpusetMems":"","Devices":null,"DeviceCgroupRules":null,"DeviceRequests":null,"MemoryReservation":0,"MemorySwap":0,"MemorySwappiness":null,"OomKillDisable":false,"PidsLimit":null,"Ulimits":null,"CpuCount":0,"CpuPercent":0,"IOMaximumIOps":0,"IOMaximumBandwidth":0,"MaskedPaths":["/proc/asound","/proc/acpi","/proc/kcore","/proc/keys","/proc/latency_stats","/proc/timer_list","/proc/timer_stats","/proc/sched_debug","/proc/scsi","/sys/firmware","/sys/devices/virtual/powercap"],"ReadonlyPaths":["/proc/bus","/proc/fs","/proc/irq","/proc/sys","/proc/sysrq-trigger"]},"GraphDriver":{"Data":null,"Name":"overlayfs"},"Mounts":[],"Config":{"Hostname":"e96403dc02ca","Domainname":"","User":"","AttachStdin":false,"AttachStdout":false,"AttachStderr":false,"Tty":false,"OpenStdin":false,"StdinOnce":false,"Env":["PATH=/usr/local/sbin:/usr/local/bin:/usr/sbin:/usr/bin:/sbin:/bin"],"Cmd":["-c","echo 'c2VjcmV0' | base64 -d \u003e /vnc_password \u0026\u0026 flvrec.py -o /screen.flv -d -r 30 -P /vnc_password tc-bC4mHTMp 5900"],"Image":"testcontainers/vnc-recorder:1.3.0","Volumes":null,"WorkingDir":"","Entrypoint":["/bin/sh"],"OnBuild":null,"Labels":{"Description":"This image can be used to create a sidekick container for recording videos of VNC sessions hosted in other containers","maintainer":"Richard North \u003crich.north@gmail.com\u003e","org.testcontainers":"true","org.testcontainers.lang":"java","org.testcontainers.sessionId":"ad01dab1-4b9b-4848-b723-5acec0598df9","org.testcontainers.version":"1.19.3"}},"NetworkSettings":{"Bridge":"","SandboxID":"de5b5bb568c28479104032777de9ad19077715579761ebfc5d7ed3a59cba9e7c","SandboxKey":"/var/run/docker/netns/de5b5bb568c2","Ports":{},"HairpinMode":false,"LinkLocalIPv6Address":"","LinkLocalIPv6PrefixLen":0,"SecondaryIPAddresses":null,"SecondaryIPv6Addresses":null,"EndpointID":"","Gateway":"","Glo"
10:24:15.413 [main] DEBUG com.github.dockerjava.zerodep.shaded.org.apache.hc.client5.http.wire -- http-outgoing-2 << "balIPv6Address":"","GlobalIPv6PrefixLen":0,"IPAddress":"","IPPrefixLen":0,"IPv6Gateway":"","MacAddress":"","Networks":{"ea5e0ed8-54d2-4bb1-a6bc-e8e5512c6906":{"IPAMConfig":null,"Links":null,"Aliases":["tc-B6Tt2dhp","e96403dc02ca"],"MacAddress":"02:42:ac:13:00:03","DriverOpts":null,"NetworkID":"d06d86462e027f930f5300865309181ec5516677835542d09caebea3815b82e0","EndpointID":"0c0bcb5a4f8761cdc33524a6d3294c045c34659e343f146d231bc2a012eef575","Gateway":"172.19.0.1","IPAddress":"172.19.0.3","IPPrefixLen":16,"IPv6Gateway":"","GlobalIPv6Address":"","GlobalIPv6PrefixLen":0,"DNSNames":["gallant_haibt","tc-B6Tt2dhp","e96403dc02ca"]}}}}[\n]"
10:24:15.418 [main] DEBUG com.github.dockerjava.zerodep.shaded.org.apache.hc.client5.http.wire -- http-outgoing-2 << "[\r][\n]"
10:24:15.418 [main] DEBUG com.github.dockerjava.zerodep.shaded.org.apache.hc.client5.http.wire -- http-outgoing-2 << "0[\r][\n]"
10:24:15.418 [main] DEBUG com.github.dockerjava.zerodep.shaded.org.apache.hc.client5.http.wire -- http-outgoing-2 << "[\r][\n]"
10:24:15.418 [main] DEBUG com.github.dockerjava.zerodep.shaded.org.apache.hc.client5.http.impl.classic.InternalHttpClient -- ep-0000001F: releasing valid endpoint
10:24:15.418 [main] DEBUG com.github.dockerjava.zerodep.shaded.org.apache.hc.client5.http.impl.io.PoolingHttpClientConnectionManager -- ep-0000001F: releasing endpoint
10:24:15.418 [main] DEBUG com.github.dockerjava.zerodep.shaded.org.apache.hc.client5.http.impl.io.PoolingHttpClientConnectionManager -- ep-0000001F: connection http-outgoing-2 can be kept alive for 3 MINUTES
10:24:15.418 [main] DEBUG com.github.dockerjava.zerodep.shaded.org.apache.hc.client5.http.impl.io.PoolingHttpClientConnectionManager -- ep-0000001F: connection released [route: {}->npipe://localhost:2375][total available: 1; route allocated: 1 of 2147483647; total allocated: 1 of 2147483647]
10:24:15.419 [main] DEBUG org.testcontainers.shaded.com.github.dockerjava.core.command.AbstrDockerCmd -- Cmd: e96403dc02ca8a5ad2cba40edfb6d108392a0b4715d78fd5756ab8fdd2127d35,<null>
10:24:15.420 [main] DEBUG com.github.dockerjava.zerodep.shaded.org.apache.hc.client5.http.impl.classic.InternalHttpClient -- ex-00000021: preparing request execution
10:24:15.421 [main] DEBUG com.github.dockerjava.zerodep.shaded.org.apache.hc.client5.http.protocol.RequestAddCookies -- Cookie spec selected: strict
10:24:15.421 [main] DEBUG com.github.dockerjava.zerodep.shaded.org.apache.hc.client5.http.protocol.RequestAuthCache -- Auth cache not set in the context
10:24:15.421 [main] DEBUG com.github.dockerjava.zerodep.shaded.org.apache.hc.client5.http.impl.classic.ProtocolExec -- ex-00000021: target auth state: UNCHALLENGED
10:24:15.421 [main] DEBUG com.github.dockerjava.zerodep.shaded.org.apache.hc.client5.http.impl.classic.ProtocolExec -- ex-00000021: proxy auth state: UNCHALLENGED
10:24:15.421 [main] DEBUG com.github.dockerjava.zerodep.shaded.org.apache.hc.client5.http.impl.classic.ConnectExec -- ex-00000021: acquiring connection with route {}->npipe://localhost:2375
10:24:15.421 [main] DEBUG com.github.dockerjava.zerodep.shaded.org.apache.hc.client5.http.impl.classic.InternalHttpClient -- ex-00000021: acquiring endpoint (3 MINUTES)
10:24:15.421 [main] DEBUG com.github.dockerjava.zerodep.shaded.org.apache.hc.client5.http.impl.io.PoolingHttpClientConnectionManager -- ex-00000021: endpoint lease request (3 MINUTES) [route: {}->npipe://localhost:2375][total available: 1; route allocated: 1 of 2147483647; total allocated: 1 of 2147483647]
10:24:15.421 [main] DEBUG com.github.dockerjava.zerodep.shaded.org.apache.hc.client5.http.impl.io.PoolingHttpClientConnectionManager -- ex-00000021: endpoint leased [route: {}->npipe://localhost:2375][total available: 0; route allocated: 1 of 2147483647; total allocated: 1 of 2147483647]
10:24:15.421 [main] DEBUG com.github.dockerjava.zerodep.shaded.org.apache.hc.client5.http.impl.io.PoolingHttpClientConnectionManager -- ex-00000021: acquired ep-00000020
10:24:15.421 [main] DEBUG com.github.dockerjava.zerodep.shaded.org.apache.hc.client5.http.impl.classic.InternalHttpClient -- ex-00000021: acquired endpoint ep-00000020
10:24:15.421 [main] DEBUG com.github.dockerjava.zerodep.shaded.org.apache.hc.client5.http.impl.classic.MainClientExec -- ex-00000021: executing POST /v1.32/containers/e96403dc02ca8a5ad2cba40edfb6d108392a0b4715d78fd5756ab8fdd2127d35/kill HTTP/1.1
10:24:15.421 [main] DEBUG com.github.dockerjava.zerodep.shaded.org.apache.hc.client5.http.impl.classic.InternalHttpClient -- ep-00000020: start execution ex-00000021
10:24:15.421 [main] DEBUG com.github.dockerjava.zerodep.shaded.org.apache.hc.client5.http.impl.io.PoolingHttpClientConnectionManager -- ep-00000020: executing exchange ex-00000021 over http-outgoing-2
10:24:15.422 [main] DEBUG com.github.dockerjava.zerodep.shaded.org.apache.hc.client5.http.headers -- http-outgoing-2 >> POST /v1.32/containers/e96403dc02ca8a5ad2cba40edfb6d108392a0b4715d78fd5756ab8fdd2127d35/kill HTTP/1.1
10:24:15.422 [main] DEBUG com.github.dockerjava.zerodep.shaded.org.apache.hc.client5.http.headers -- http-outgoing-2 >> accept: application/json
10:24:15.422 [main] DEBUG com.github.dockerjava.zerodep.shaded.org.apache.hc.client5.http.headers -- http-outgoing-2 >> content-type: application/json
10:24:15.422 [main] DEBUG com.github.dockerjava.zerodep.shaded.org.apache.hc.client5.http.headers -- http-outgoing-2 >> x-tc-sid: ad01dab1-4b9b-4848-b723-5acec0598df9
10:24:15.422 [main] DEBUG com.github.dockerjava.zerodep.shaded.org.apache.hc.client5.http.headers -- http-outgoing-2 >> User-Agent: tc-java/1.19.3
10:24:15.422 [main] DEBUG com.github.dockerjava.zerodep.shaded.org.apache.hc.client5.http.headers -- http-outgoing-2 >> Accept-Encoding: gzip, x-gzip, deflate
10:24:15.422 [main] DEBUG com.github.dockerjava.zerodep.shaded.org.apache.hc.client5.http.headers -- http-outgoing-2 >> Host: localhost:2375
10:24:15.422 [main] DEBUG com.github.dockerjava.zerodep.shaded.org.apache.hc.client5.http.headers -- http-outgoing-2 >> Connection: keep-alive
10:24:15.422 [main] DEBUG com.github.dockerjava.zerodep.shaded.org.apache.hc.client5.http.wire -- http-outgoing-2 >> "POST /v1.32/containers/e96403dc02ca8a5ad2cba40edfb6d108392a0b4715d78fd5756ab8fdd2127d35/kill HTTP/1.1[\r][\n]"
10:24:15.422 [main] DEBUG com.github.dockerjava.zerodep.shaded.org.apache.hc.client5.http.wire -- http-outgoing-2 >> "accept: application/json[\r][\n]"
10:24:15.422 [main] DEBUG com.github.dockerjava.zerodep.shaded.org.apache.hc.client5.http.wire -- http-outgoing-2 >> "content-type: application/json[\r][\n]"
10:24:15.422 [main] DEBUG com.github.dockerjava.zerodep.shaded.org.apache.hc.client5.http.wire -- http-outgoing-2 >> "x-tc-sid: ad01dab1-4b9b-4848-b723-5acec0598df9[\r][\n]"
10:24:15.422 [main] DEBUG com.github.dockerjava.zerodep.shaded.org.apache.hc.client5.http.wire -- http-outgoing-2 >> "User-Agent: tc-java/1.19.3[\r][\n]"
10:24:15.422 [main] DEBUG com.github.dockerjava.zerodep.shaded.org.apache.hc.client5.http.wire -- http-outgoing-2 >> "Accept-Encoding: gzip, x-gzip, deflate[\r][\n]"
10:24:15.422 [main] DEBUG com.github.dockerjava.zerodep.shaded.org.apache.hc.client5.http.wire -- http-outgoing-2 >> "Host: localhost:2375[\r][\n]"
10:24:15.422 [main] DEBUG com.github.dockerjava.zerodep.shaded.org.apache.hc.client5.http.wire -- http-outgoing-2 >> "Connection: keep-alive[\r][\n]"
10:24:15.422 [main] DEBUG com.github.dockerjava.zerodep.shaded.org.apache.hc.client5.http.wire -- http-outgoing-2 >> "[\r][\n]"
10:24:16.064 [main] DEBUG com.github.dockerjava.zerodep.shaded.org.apache.hc.client5.http.wire -- http-outgoing-2 << "HTTP/1.1 204 No Content[\r][\n]"
10:24:16.064 [main] DEBUG com.github.dockerjava.zerodep.shaded.org.apache.hc.client5.http.wire -- http-outgoing-2 << "Api-Version: 1.47[\r][\n]"
10:24:16.064 [main] DEBUG com.github.dockerjava.zerodep.shaded.org.apache.hc.client5.http.wire -- http-outgoing-2 << "Date: Fri, 02 May 2025 08:24:16 GMT[\r][\n]"
10:24:16.064 [main] DEBUG com.github.dockerjava.zerodep.shaded.org.apache.hc.client5.http.wire -- http-outgoing-2 << "Docker-Experimental: false[\r][\n]"
10:24:16.064 [main] DEBUG com.github.dockerjava.zerodep.shaded.org.apache.hc.client5.http.wire -- http-outgoing-2 << "Ostype: linux[\r][\n]"
10:24:16.064 [main] DEBUG com.github.dockerjava.zerodep.shaded.org.apache.hc.client5.http.wire -- http-outgoing-2 << "Server: Docker/27.5.1 (linux)[\r][\n]"
10:24:16.064 [main] DEBUG com.github.dockerjava.zerodep.shaded.org.apache.hc.client5.http.wire -- http-outgoing-2 << "[\r][\n]"
10:24:16.064 [main] DEBUG com.github.dockerjava.zerodep.shaded.org.apache.hc.client5.http.headers -- http-outgoing-2 << HTTP/1.1 204 No Content
10:24:16.065 [main] DEBUG com.github.dockerjava.zerodep.shaded.org.apache.hc.client5.http.headers -- http-outgoing-2 << Api-Version: 1.47
10:24:16.065 [main] DEBUG com.github.dockerjava.zerodep.shaded.org.apache.hc.client5.http.headers -- http-outgoing-2 << Date: Fri, 02 May 2025 08:24:16 GMT
10:24:16.065 [main] DEBUG com.github.dockerjava.zerodep.shaded.org.apache.hc.client5.http.headers -- http-outgoing-2 << Docker-Experimental: false
10:24:16.065 [main] DEBUG com.github.dockerjava.zerodep.shaded.org.apache.hc.client5.http.headers -- http-outgoing-2 << Ostype: linux
10:24:16.065 [main] DEBUG com.github.dockerjava.zerodep.shaded.org.apache.hc.client5.http.headers -- http-outgoing-2 << Server: Docker/27.5.1 (linux)
10:24:16.066 [main] DEBUG com.github.dockerjava.zerodep.shaded.org.apache.hc.client5.http.impl.classic.MainClientExec -- ex-00000021: connection can be kept alive for 3 MINUTES
10:24:16.066 [main] DEBUG com.github.dockerjava.zerodep.shaded.org.apache.hc.client5.http.impl.classic.InternalHttpClient -- ep-00000020: releasing valid endpoint
10:24:16.066 [main] DEBUG com.github.dockerjava.zerodep.shaded.org.apache.hc.client5.http.impl.io.PoolingHttpClientConnectionManager -- ep-00000020: releasing endpoint
10:24:16.067 [main] DEBUG com.github.dockerjava.zerodep.shaded.org.apache.hc.client5.http.impl.io.PoolingHttpClientConnectionManager -- ep-00000020: connection http-outgoing-2 can be kept alive for 3 MINUTES
10:24:16.067 [main] DEBUG com.github.dockerjava.zerodep.shaded.org.apache.hc.client5.http.impl.io.PoolingHttpClientConnectionManager -- ep-00000020: connection released [route: {}->npipe://localhost:2375][total available: 1; route allocated: 1 of 2147483647; total allocated: 1 of 2147483647]
10:24:16.067 [main] DEBUG org.testcontainers.shaded.com.github.dockerjava.core.command.AbstrDockerCmd -- Cmd: e96403dc02ca8a5ad2cba40edfb6d108392a0b4715d78fd5756ab8fdd2127d35,false
10:24:16.067 [main] DEBUG org.testcontainers.shaded.com.github.dockerjava.core.exec.InspectContainerCmdExec -- GET: DefaultWebTarget{path=[/containers/e96403dc02ca8a5ad2cba40edfb6d108392a0b4715d78fd5756ab8fdd2127d35/json], queryParams={}}
10:24:16.068 [main] DEBUG com.github.dockerjava.zerodep.shaded.org.apache.hc.client5.http.impl.classic.InternalHttpClient -- ex-00000022: preparing request execution
10:24:16.068 [main] DEBUG com.github.dockerjava.zerodep.shaded.org.apache.hc.client5.http.protocol.RequestAddCookies -- Cookie spec selected: strict
10:24:16.068 [main] DEBUG com.github.dockerjava.zerodep.shaded.org.apache.hc.client5.http.protocol.RequestAuthCache -- Auth cache not set in the context
10:24:16.068 [main] DEBUG com.github.dockerjava.zerodep.shaded.org.apache.hc.client5.http.impl.classic.ProtocolExec -- ex-00000022: target auth state: UNCHALLENGED
10:24:16.068 [main] DEBUG com.github.dockerjava.zerodep.shaded.org.apache.hc.client5.http.impl.classic.ProtocolExec -- ex-00000022: proxy auth state: UNCHALLENGED
10:24:16.068 [main] DEBUG com.github.dockerjava.zerodep.shaded.org.apache.hc.client5.http.impl.classic.ConnectExec -- ex-00000022: acquiring connection with route {}->npipe://localhost:2375
10:24:16.068 [main] DEBUG com.github.dockerjava.zerodep.shaded.org.apache.hc.client5.http.impl.classic.InternalHttpClient -- ex-00000022: acquiring endpoint (3 MINUTES)
10:24:16.068 [main] DEBUG com.github.dockerjava.zerodep.shaded.org.apache.hc.client5.http.impl.io.PoolingHttpClientConnectionManager -- ex-00000022: endpoint lease request (3 MINUTES) [route: {}->npipe://localhost:2375][total available: 1; route allocated: 1 of 2147483647; total allocated: 1 of 2147483647]
10:24:16.068 [main] DEBUG com.github.dockerjava.zerodep.shaded.org.apache.hc.client5.http.impl.io.PoolingHttpClientConnectionManager -- ex-00000022: endpoint leased [route: {}->npipe://localhost:2375][total available: 0; route allocated: 1 of 2147483647; total allocated: 1 of 2147483647]
10:24:16.068 [main] DEBUG com.github.dockerjava.zerodep.shaded.org.apache.hc.client5.http.impl.io.PoolingHttpClientConnectionManager -- ex-00000022: acquired ep-00000021
10:24:16.068 [main] DEBUG com.github.dockerjava.zerodep.shaded.org.apache.hc.client5.http.impl.classic.InternalHttpClient -- ex-00000022: acquired endpoint ep-00000021
10:24:16.068 [main] DEBUG com.github.dockerjava.zerodep.shaded.org.apache.hc.client5.http.impl.classic.MainClientExec -- ex-00000022: executing GET /v1.32/containers/e96403dc02ca8a5ad2cba40edfb6d108392a0b4715d78fd5756ab8fdd2127d35/json HTTP/1.1
10:24:16.068 [main] DEBUG com.github.dockerjava.zerodep.shaded.org.apache.hc.client5.http.impl.classic.InternalHttpClient -- ep-00000021: start execution ex-00000022
10:24:16.068 [main] DEBUG com.github.dockerjava.zerodep.shaded.org.apache.hc.client5.http.impl.io.PoolingHttpClientConnectionManager -- ep-00000021: executing exchange ex-00000022 over http-outgoing-2
10:24:16.069 [main] DEBUG com.github.dockerjava.zerodep.shaded.org.apache.hc.client5.http.headers -- http-outgoing-2 >> GET /v1.32/containers/e96403dc02ca8a5ad2cba40edfb6d108392a0b4715d78fd5756ab8fdd2127d35/json HTTP/1.1
10:24:16.069 [main] DEBUG com.github.dockerjava.zerodep.shaded.org.apache.hc.client5.http.headers -- http-outgoing-2 >> accept: application/json
10:24:16.069 [main] DEBUG com.github.dockerjava.zerodep.shaded.org.apache.hc.client5.http.headers -- http-outgoing-2 >> x-tc-sid: ad01dab1-4b9b-4848-b723-5acec0598df9
10:24:16.069 [main] DEBUG com.github.dockerjava.zerodep.shaded.org.apache.hc.client5.http.headers -- http-outgoing-2 >> User-Agent: tc-java/1.19.3
10:24:16.069 [main] DEBUG com.github.dockerjava.zerodep.shaded.org.apache.hc.client5.http.headers -- http-outgoing-2 >> Accept-Encoding: gzip, x-gzip, deflate
10:24:16.069 [main] DEBUG com.github.dockerjava.zerodep.shaded.org.apache.hc.client5.http.headers -- http-outgoing-2 >> Host: localhost:2375
10:24:16.069 [main] DEBUG com.github.dockerjava.zerodep.shaded.org.apache.hc.client5.http.headers -- http-outgoing-2 >> Connection: keep-alive
10:24:16.069 [main] DEBUG com.github.dockerjava.zerodep.shaded.org.apache.hc.client5.http.wire -- http-outgoing-2 >> "GET /v1.32/containers/e96403dc02ca8a5ad2cba40edfb6d108392a0b4715d78fd5756ab8fdd2127d35/json HTTP/1.1[\r][\n]"
10:24:16.069 [main] DEBUG com.github.dockerjava.zerodep.shaded.org.apache.hc.client5.http.wire -- http-outgoing-2 >> "accept: application/json[\r][\n]"
10:24:16.069 [main] DEBUG com.github.dockerjava.zerodep.shaded.org.apache.hc.client5.http.wire -- http-outgoing-2 >> "x-tc-sid: ad01dab1-4b9b-4848-b723-5acec0598df9[\r][\n]"
10:24:16.069 [main] DEBUG com.github.dockerjava.zerodep.shaded.org.apache.hc.client5.http.wire -- http-outgoing-2 >> "User-Agent: tc-java/1.19.3[\r][\n]"
10:24:16.069 [main] DEBUG com.github.dockerjava.zerodep.shaded.org.apache.hc.client5.http.wire -- http-outgoing-2 >> "Accept-Encoding: gzip, x-gzip, deflate[\r][\n]"
10:24:16.069 [main] DEBUG com.github.dockerjava.zerodep.shaded.org.apache.hc.client5.http.wire -- http-outgoing-2 >> "Host: localhost:2375[\r][\n]"
10:24:16.069 [main] DEBUG com.github.dockerjava.zerodep.shaded.org.apache.hc.client5.http.wire -- http-outgoing-2 >> "Connection: keep-alive[\r][\n]"
10:24:16.069 [main] DEBUG com.github.dockerjava.zerodep.shaded.org.apache.hc.client5.http.wire -- http-outgoing-2 >> "[\r][\n]"
10:24:16.094 [main] DEBUG com.github.dockerjava.zerodep.shaded.org.apache.hc.client5.http.wire -- http-outgoing-2 << "HTTP/1.1 200 OK[\r][\n]"
10:24:16.095 [main] DEBUG com.github.dockerjava.zerodep.shaded.org.apache.hc.client5.http.wire -- http-outgoing-2 << "Api-Version: 1.47[\r][\n]"
10:24:16.095 [main] DEBUG com.github.dockerjava.zerodep.shaded.org.apache.hc.client5.http.wire -- http-outgoing-2 << "Content-Type: application/json[\r][\n]"
10:24:16.095 [main] DEBUG com.github.dockerjava.zerodep.shaded.org.apache.hc.client5.http.wire -- http-outgoing-2 << "Date: Fri, 02 May 2025 08:24:16 GMT[\r][\n]"
10:24:16.095 [main] DEBUG com.github.dockerjava.zerodep.shaded.org.apache.hc.client5.http.wire -- http-outgoing-2 << "Docker-Experimental: false[\r][\n]"
10:24:16.095 [main] DEBUG com.github.dockerjava.zerodep.shaded.org.apache.hc.client5.http.wire -- http-outgoing-2 << "Ostype: linux[\r][\n]"
10:24:16.095 [main] DEBUG com.github.dockerjava.zerodep.shaded.org.apache.hc.client5.http.wire -- http-outgoing-2 << "Server: Docker/27.5.1 (linux)[\r][\n]"
10:24:16.095 [main] DEBUG com.github.dockerjava.zerodep.shaded.org.apache.hc.client5.http.wire -- http-outgoing-2 << "Transfer-Encoding: chunked[\r][\n]"
10:24:16.095 [main] DEBUG com.github.dockerjava.zerodep.shaded.org.apache.hc.client5.http.wire -- http-outgoing-2 << "[\r][\n]"
10:24:16.096 [main] DEBUG com.github.dockerjava.zerodep.shaded.org.apache.hc.client5.http.headers -- http-outgoing-2 << HTTP/1.1 200 OK
10:24:16.096 [main] DEBUG com.github.dockerjava.zerodep.shaded.org.apache.hc.client5.http.headers -- http-outgoing-2 << Api-Version: 1.47
10:24:16.096 [main] DEBUG com.github.dockerjava.zerodep.shaded.org.apache.hc.client5.http.headers -- http-outgoing-2 << Content-Type: application/json
10:24:16.096 [main] DEBUG com.github.dockerjava.zerodep.shaded.org.apache.hc.client5.http.headers -- http-outgoing-2 << Date: Fri, 02 May 2025 08:24:16 GMT
10:24:16.096 [main] DEBUG com.github.dockerjava.zerodep.shaded.org.apache.hc.client5.http.headers -- http-outgoing-2 << Docker-Experimental: false
10:24:16.096 [main] DEBUG com.github.dockerjava.zerodep.shaded.org.apache.hc.client5.http.headers -- http-outgoing-2 << Ostype: linux
10:24:16.096 [main] DEBUG com.github.dockerjava.zerodep.shaded.org.apache.hc.client5.http.headers -- http-outgoing-2 << Server: Docker/27.5.1 (linux)
10:24:16.096 [main] DEBUG com.github.dockerjava.zerodep.shaded.org.apache.hc.client5.http.headers -- http-outgoing-2 << Transfer-Encoding: chunked
10:24:16.096 [main] DEBUG com.github.dockerjava.zerodep.shaded.org.apache.hc.client5.http.impl.classic.MainClientExec -- ex-00000022: connection can be kept alive for 3 MINUTES
10:24:16.097 [main] DEBUG com.github.dockerjava.zerodep.shaded.org.apache.hc.client5.http.wire -- http-outgoing-2 << "11b2[\r][\n]"
10:24:16.098 [main] DEBUG com.github.dockerjava.zerodep.shaded.org.apache.hc.client5.http.wire -- http-outgoing-2 << "{"Id":"e96403dc02ca8a5ad2cba40edfb6d108392a0b4715d78fd5756ab8fdd2127d35","Created":"2025-05-02T08:24:06.58893546Z","Path":"/bin/sh","Args":["-c","echo 'c2VjcmV0' | base64 -d \u003e /vnc_password \u0026\u0026 flvrec.py -o /screen.flv -d -r 30 -P /vnc_password tc-bC4mHTMp 5900"],"State":{"Status":"exited","Running":false,"Paused":false,"Restarting":false,"OOMKilled":false,"Dead":false,"Pid":0,"ExitCode":137,"Error":"","StartedAt":"2025-05-02T08:24:06.766850404Z","FinishedAt":"2025-05-02T08:24:15.477621336Z"},"Image":"sha256:97fba4daa01bdb900a0716e48765e32c39e26d9357522a5b6004da7799f0822e","ResolvConfPath":"/var/lib/docker/containers/e96403dc02ca8a5ad2cba40edfb6d108392a0b4715d78fd5756ab8fdd2127d35/resolv.conf","HostnamePath":"/var/lib/docker/containers/e96403dc02ca8a5ad2cba40edfb6d108392a0b4715d78fd5756ab8fdd2127d35/hostname","HostsPath":"/var/lib/docker/containers/e96403dc02ca8a5ad2cba40edfb6d108392a0b4715d78fd5756ab8fdd2127d35/hosts","LogPath":"/var/lib/docker/containers/e96403dc02ca8a5ad2cba40edfb6d108392a0b4715d78fd5756ab8fdd2127d35/e96403dc02ca8a5ad2cba40edfb6d108392a0b4715d78fd5756ab8fdd2127d35-json.log","Name":"/gallant_haibt","RestartCount":0,"Driver":"overlayfs","Platform":"linux","MountLabel":"","ProcessLabel":"","AppArmorProfile":"","ExecIDs":null,"HostConfig":{"Binds":[],"ContainerIDFile":"","LogConfig":{"Type":"json-file","Config":{}},"NetworkMode":"d06d86462e027f930f5300865309181ec5516677835542d09caebea3815b82e0","PortBindings":{},"RestartPolicy":{"Name":"no","MaximumRetryCount":0},"AutoRemove":false,"VolumeDriver":"","VolumesFrom":[],"ConsoleSize":[0,0],"CapAdd":null,"CapDrop":null,"CgroupnsMode":"host","Dns":null,"DnsOptions":null,"DnsSearch":null,"ExtraHosts":[],"GroupAdd":null,"IpcMode":"shareable","Cgroup":"","Links":null,"OomScoreAdj":0,"PidMode":"","Privileged":false,"PublishAllPorts":false,"ReadonlyRootfs":false,"SecurityOpt":null,"UTSMode":"","UsernsMode":"","ShmSize":67108864,"Runtime":"runc","Isolation":"","CpuShares":0,"Memory":0,"NanoCpus":0,"CgroupParent":"","BlkioWeight":0,"BlkioWeightDevice":null,"BlkioDeviceReadBps":null,"BlkioDeviceWriteBps":null,"BlkioDeviceReadIOps":null,"BlkioDeviceWriteIOps":null,"CpuPeriod":0,"CpuQuota":0,"CpuRealtimePeriod":0,"CpuRealtimeRuntime":0,"CpusetCpus":"","CpusetMems":"","Devices":null,"DeviceCgroupRules":null,"DeviceRequests":null,"MemoryReservation":0,"MemorySwap":0,"MemorySwappiness":null,"OomKillDisable":false,"PidsLimit":null,"Ulimits":null,"CpuCount":0,"CpuPercent":0,"IOMaximumIOps":0,"IOMaximumBandwidth":0,"MaskedPaths":["/proc/asound","/proc/acpi","/proc/kcore","/proc/keys","/proc/latency_stats","/proc/timer_list","/proc/timer_stats","/proc/sched_debug","/proc/scsi","/sys/firmware","/sys/devices/virtual/powercap"],"ReadonlyPaths":["/proc/bus","/proc/fs","/proc/irq","/proc/sys","/proc/sysrq-trigger"]},"GraphDriver":{"Data":null,"Name":"overlayfs"},"Mounts":[],"Config":{"Hostname":"e96403dc02ca","Domainname":"","User":"","AttachStdin":false,"AttachStdout":false,"AttachStderr":false,"Tty":false,"OpenStdin":false,"StdinOnce":false,"Env":["PATH=/usr/local/sbin:/usr/local/bin:/usr/sbin:/usr/bin:/sbin:/bin"],"Cmd":["-c","echo 'c2VjcmV0' | base64 -d \u003e /vnc_password \u0026\u0026 flvrec.py -o /screen.flv -d -r 30 -P /vnc_password tc-bC4mHTMp 5900"],"Image":"testcontainers/vnc-recorder:1.3.0","Volumes":null,"WorkingDir":"","Entrypoint":["/bin/sh"],"OnBuild":null,"Labels":{"Description":"This image can be used to create a sidekick container for recording videos of VNC sessions hosted in other containers","maintainer":"Richard North \u003crich.north@gmail.com\u003e","org.testcontainers":"true","org.testcontainers.lang":"java","org.testcontainers.sessionId":"ad01dab1-4b9b-4848-b723-5acec0598df9","org.testcontainers.version":"1.19.3"}},"NetworkSettings":{"Bridge":"","SandboxID":"","SandboxKey":"","Ports":{},"HairpinMode":false,"LinkLocalIPv6Address":"","LinkLocalIPv6PrefixLen":0,"SecondaryIPAddresses":null,"SecondaryIPv6Addresses":null,"EndpointID":"","Gateway":"","GlobalIPv6Address":"","GlobalIPv6PrefixLen":0,"IPAddress":"","IPPrefixLen":0,"IPv6Gateway":"","MacAddress":"","Networks":{"ea5e0ed8-54d2-4bb1-a6bc-e8e5512c6906":{"IPAMConfig":null,"Links":null,"Aliases":["tc-B6Tt2dhp","e96403dc02ca"],"MacAddress":"","DriverOpts":null,"NetworkID":"d06d86462e027f930f5300865309181ec5516677835542d09caebea3815b82e0","EndpointID":"","Gateway":"","IPAddress":"","IPPrefixLen":0,"IPv6Gateway":"","GlobalIPv6Address":"","GlobalIPv6PrefixLen":0,"DNSNames":["gallant_haibt","tc-B6Tt2dhp","e96403dc02ca"]}}}}[\n]"
10:24:16.098 [main] DEBUG com.github.dockerjava.zerodep.shaded.org.apache.hc.client5.http.wire -- http-outgoing-2 << "[\r][\n]"
10:24:16.102 [main] DEBUG com.github.dockerjava.zerodep.shaded.org.apache.hc.client5.http.wire -- http-outgoing-2 << "0[\r][\n]"
10:24:16.102 [main] DEBUG com.github.dockerjava.zerodep.shaded.org.apache.hc.client5.http.wire -- http-outgoing-2 << "[\r][\n]"
10:24:16.102 [main] DEBUG com.github.dockerjava.zerodep.shaded.org.apache.hc.client5.http.impl.classic.InternalHttpClient -- ep-00000021: releasing valid endpoint
10:24:16.102 [main] DEBUG com.github.dockerjava.zerodep.shaded.org.apache.hc.client5.http.impl.io.PoolingHttpClientConnectionManager -- ep-00000021: releasing endpoint
10:24:16.102 [main] DEBUG com.github.dockerjava.zerodep.shaded.org.apache.hc.client5.http.impl.io.PoolingHttpClientConnectionManager -- ep-00000021: connection http-outgoing-2 can be kept alive for 3 MINUTES
10:24:16.102 [main] DEBUG com.github.dockerjava.zerodep.shaded.org.apache.hc.client5.http.impl.io.PoolingHttpClientConnectionManager -- ep-00000021: connection released [route: {}->npipe://localhost:2375][total available: 1; route allocated: 1 of 2147483647; total allocated: 1 of 2147483647]
10:24:16.106 [main] DEBUG org.testcontainers.shaded.com.github.dockerjava.core.command.AbstrDockerCmd -- Cmd: e96403dc02ca8a5ad2cba40edfb6d108392a0b4715d78fd5756ab8fdd2127d35,true,true
10:24:16.108 [main] DEBUG com.github.dockerjava.zerodep.shaded.org.apache.hc.client5.http.impl.classic.InternalHttpClient -- ex-00000023: preparing request execution
10:24:16.108 [main] DEBUG com.github.dockerjava.zerodep.shaded.org.apache.hc.client5.http.protocol.RequestAddCookies -- Cookie spec selected: strict
10:24:16.108 [main] DEBUG com.github.dockerjava.zerodep.shaded.org.apache.hc.client5.http.protocol.RequestAuthCache -- Auth cache not set in the context
10:24:16.108 [main] DEBUG com.github.dockerjava.zerodep.shaded.org.apache.hc.client5.http.impl.classic.ProtocolExec -- ex-00000023: target auth state: UNCHALLENGED
10:24:16.108 [main] DEBUG com.github.dockerjava.zerodep.shaded.org.apache.hc.client5.http.impl.classic.ProtocolExec -- ex-00000023: proxy auth state: UNCHALLENGED
10:24:16.108 [main] DEBUG com.github.dockerjava.zerodep.shaded.org.apache.hc.client5.http.impl.classic.ConnectExec -- ex-00000023: acquiring connection with route {}->npipe://localhost:2375
10:24:16.109 [main] DEBUG com.github.dockerjava.zerodep.shaded.org.apache.hc.client5.http.impl.classic.InternalHttpClient -- ex-00000023: acquiring endpoint (3 MINUTES)
10:24:16.110 [main] DEBUG com.github.dockerjava.zerodep.shaded.org.apache.hc.client5.http.impl.io.PoolingHttpClientConnectionManager -- ex-00000023: endpoint lease request (3 MINUTES) [route: {}->npipe://localhost:2375][total available: 1; route allocated: 1 of 2147483647; total allocated: 1 of 2147483647]
10:24:16.110 [main] DEBUG com.github.dockerjava.zerodep.shaded.org.apache.hc.client5.http.impl.io.PoolingHttpClientConnectionManager -- ex-00000023: endpoint leased [route: {}->npipe://localhost:2375][total available: 0; route allocated: 1 of 2147483647; total allocated: 1 of 2147483647]
10:24:16.110 [main] DEBUG com.github.dockerjava.zerodep.shaded.org.apache.hc.client5.http.impl.io.PoolingHttpClientConnectionManager -- ex-00000023: acquired ep-00000022
10:24:16.110 [main] DEBUG com.github.dockerjava.zerodep.shaded.org.apache.hc.client5.http.impl.classic.InternalHttpClient -- ex-00000023: acquired endpoint ep-00000022
10:24:16.110 [main] DEBUG com.github.dockerjava.zerodep.shaded.org.apache.hc.client5.http.impl.classic.MainClientExec -- ex-00000023: executing DELETE /v1.32/containers/e96403dc02ca8a5ad2cba40edfb6d108392a0b4715d78fd5756ab8fdd2127d35?v=true&force=true HTTP/1.1
10:24:16.111 [main] DEBUG com.github.dockerjava.zerodep.shaded.org.apache.hc.client5.http.impl.classic.InternalHttpClient -- ep-00000022: start execution ex-00000023
10:24:16.111 [main] DEBUG com.github.dockerjava.zerodep.shaded.org.apache.hc.client5.http.impl.io.PoolingHttpClientConnectionManager -- ep-00000022: executing exchange ex-00000023 over http-outgoing-2
10:24:16.111 [main] DEBUG com.github.dockerjava.zerodep.shaded.org.apache.hc.client5.http.headers -- http-outgoing-2 >> DELETE /v1.32/containers/e96403dc02ca8a5ad2cba40edfb6d108392a0b4715d78fd5756ab8fdd2127d35?v=true&force=true HTTP/1.1
10:24:16.111 [main] DEBUG com.github.dockerjava.zerodep.shaded.org.apache.hc.client5.http.headers -- http-outgoing-2 >> accept: application/json
10:24:16.111 [main] DEBUG com.github.dockerjava.zerodep.shaded.org.apache.hc.client5.http.headers -- http-outgoing-2 >> x-tc-sid: ad01dab1-4b9b-4848-b723-5acec0598df9
10:24:16.111 [main] DEBUG com.github.dockerjava.zerodep.shaded.org.apache.hc.client5.http.headers -- http-outgoing-2 >> User-Agent: tc-java/1.19.3
10:24:16.111 [main] DEBUG com.github.dockerjava.zerodep.shaded.org.apache.hc.client5.http.headers -- http-outgoing-2 >> Accept-Encoding: gzip, x-gzip, deflate
10:24:16.111 [main] DEBUG com.github.dockerjava.zerodep.shaded.org.apache.hc.client5.http.headers -- http-outgoing-2 >> Host: localhost:2375
10:24:16.111 [main] DEBUG com.github.dockerjava.zerodep.shaded.org.apache.hc.client5.http.headers -- http-outgoing-2 >> Connection: keep-alive
10:24:16.111 [main] DEBUG com.github.dockerjava.zerodep.shaded.org.apache.hc.client5.http.wire -- http-outgoing-2 >> "DELETE /v1.32/containers/e96403dc02ca8a5ad2cba40edfb6d108392a0b4715d78fd5756ab8fdd2127d35?v=true&force=true HTTP/1.1[\r][\n]"
10:24:16.111 [main] DEBUG com.github.dockerjava.zerodep.shaded.org.apache.hc.client5.http.wire -- http-outgoing-2 >> "accept: application/json[\r][\n]"
10:24:16.111 [main] DEBUG com.github.dockerjava.zerodep.shaded.org.apache.hc.client5.http.wire -- http-outgoing-2 >> "x-tc-sid: ad01dab1-4b9b-4848-b723-5acec0598df9[\r][\n]"
10:24:16.111 [main] DEBUG com.github.dockerjava.zerodep.shaded.org.apache.hc.client5.http.wire -- http-outgoing-2 >> "User-Agent: tc-java/1.19.3[\r][\n]"
10:24:16.111 [main] DEBUG com.github.dockerjava.zerodep.shaded.org.apache.hc.client5.http.wire -- http-outgoing-2 >> "Accept-Encoding: gzip, x-gzip, deflate[\r][\n]"
10:24:16.111 [main] DEBUG com.github.dockerjava.zerodep.shaded.org.apache.hc.client5.http.wire -- http-outgoing-2 >> "Host: localhost:2375[\r][\n]"
10:24:16.111 [main] DEBUG com.github.dockerjava.zerodep.shaded.org.apache.hc.client5.http.wire -- http-outgoing-2 >> "Connection: keep-alive[\r][\n]"
10:24:16.111 [main] DEBUG com.github.dockerjava.zerodep.shaded.org.apache.hc.client5.http.wire -- http-outgoing-2 >> "[\r][\n]"
10:24:16.270 [main] DEBUG com.github.dockerjava.zerodep.shaded.org.apache.hc.client5.http.wire -- http-outgoing-2 << "HTTP/1.1 204 No Content[\r][\n]"
10:24:16.271 [main] DEBUG com.github.dockerjava.zerodep.shaded.org.apache.hc.client5.http.wire -- http-outgoing-2 << "Api-Version: 1.47[\r][\n]"
10:24:16.271 [main] DEBUG com.github.dockerjava.zerodep.shaded.org.apache.hc.client5.http.wire -- http-outgoing-2 << "Date: Fri, 02 May 2025 08:24:16 GMT[\r][\n]"
10:24:16.271 [main] DEBUG com.github.dockerjava.zerodep.shaded.org.apache.hc.client5.http.wire -- http-outgoing-2 << "Docker-Experimental: false[\r][\n]"
10:24:16.271 [main] DEBUG com.github.dockerjava.zerodep.shaded.org.apache.hc.client5.http.wire -- http-outgoing-2 << "Ostype: linux[\r][\n]"
10:24:16.271 [main] DEBUG com.github.dockerjava.zerodep.shaded.org.apache.hc.client5.http.wire -- http-outgoing-2 << "Server: Docker/27.5.1 (linux)[\r][\n]"
10:24:16.271 [main] DEBUG com.github.dockerjava.zerodep.shaded.org.apache.hc.client5.http.wire -- http-outgoing-2 << "[\r][\n]"
10:24:16.271 [main] DEBUG com.github.dockerjava.zerodep.shaded.org.apache.hc.client5.http.headers -- http-outgoing-2 << HTTP/1.1 204 No Content
10:24:16.271 [main] DEBUG com.github.dockerjava.zerodep.shaded.org.apache.hc.client5.http.headers -- http-outgoing-2 << Api-Version: 1.47
10:24:16.271 [main] DEBUG com.github.dockerjava.zerodep.shaded.org.apache.hc.client5.http.headers -- http-outgoing-2 << Date: Fri, 02 May 2025 08:24:16 GMT
10:24:16.271 [main] DEBUG com.github.dockerjava.zerodep.shaded.org.apache.hc.client5.http.headers -- http-outgoing-2 << Docker-Experimental: false
10:24:16.271 [main] DEBUG com.github.dockerjava.zerodep.shaded.org.apache.hc.client5.http.headers -- http-outgoing-2 << Ostype: linux
10:24:16.271 [main] DEBUG com.github.dockerjava.zerodep.shaded.org.apache.hc.client5.http.headers -- http-outgoing-2 << Server: Docker/27.5.1 (linux)
10:24:16.271 [main] DEBUG com.github.dockerjava.zerodep.shaded.org.apache.hc.client5.http.impl.classic.MainClientExec -- ex-00000023: connection can be kept alive for 3 MINUTES
10:24:16.271 [main] DEBUG com.github.dockerjava.zerodep.shaded.org.apache.hc.client5.http.impl.classic.InternalHttpClient -- ep-00000022: releasing valid endpoint
10:24:16.271 [main] DEBUG com.github.dockerjava.zerodep.shaded.org.apache.hc.client5.http.impl.io.PoolingHttpClientConnectionManager -- ep-00000022: releasing endpoint
10:24:16.271 [main] DEBUG com.github.dockerjava.zerodep.shaded.org.apache.hc.client5.http.impl.io.PoolingHttpClientConnectionManager -- ep-00000022: connection http-outgoing-2 can be kept alive for 3 MINUTES
10:24:16.271 [main] DEBUG com.github.dockerjava.zerodep.shaded.org.apache.hc.client5.http.impl.io.PoolingHttpClientConnectionManager -- ep-00000022: connection released [route: {}->npipe://localhost:2375][total available: 1; route allocated: 1 of 2147483647; total allocated: 1 of 2147483647]
10:24:16.272 [main] DEBUG org.testcontainers.utility.ResourceReaper -- Removed container and associated volume(s): testcontainers/vnc-recorder:1.3.0
10:24:16.272 [main] DEBUG org.testcontainers.shaded.com.github.dockerjava.core.command.AbstrDockerCmd -- Cmd: 48fa3645609f0a39f086f0188ca3d372a00357b73dbd322507ec2f3262211928,false
10:24:16.273 [main] DEBUG org.testcontainers.shaded.com.github.dockerjava.core.exec.InspectContainerCmdExec -- GET: DefaultWebTarget{path=[/containers/48fa3645609f0a39f086f0188ca3d372a00357b73dbd322507ec2f3262211928/json], queryParams={}}
10:24:16.273 [main] DEBUG com.github.dockerjava.zerodep.shaded.org.apache.hc.client5.http.impl.classic.InternalHttpClient -- ex-00000024: preparing request execution
10:24:16.273 [main] DEBUG com.github.dockerjava.zerodep.shaded.org.apache.hc.client5.http.protocol.RequestAddCookies -- Cookie spec selected: strict
10:24:16.282 [main] DEBUG com.github.dockerjava.zerodep.shaded.org.apache.hc.client5.http.protocol.RequestAuthCache -- Auth cache not set in the context
10:24:16.282 [main] DEBUG com.github.dockerjava.zerodep.shaded.org.apache.hc.client5.http.impl.classic.ProtocolExec -- ex-00000024: target auth state: UNCHALLENGED
10:24:16.282 [main] DEBUG com.github.dockerjava.zerodep.shaded.org.apache.hc.client5.http.impl.classic.ProtocolExec -- ex-00000024: proxy auth state: UNCHALLENGED
10:24:16.282 [main] DEBUG com.github.dockerjava.zerodep.shaded.org.apache.hc.client5.http.impl.classic.ConnectExec -- ex-00000024: acquiring connection with route {}->npipe://localhost:2375
10:24:16.282 [main] DEBUG com.github.dockerjava.zerodep.shaded.org.apache.hc.client5.http.impl.classic.InternalHttpClient -- ex-00000024: acquiring endpoint (3 MINUTES)
10:24:16.283 [main] DEBUG com.github.dockerjava.zerodep.shaded.org.apache.hc.client5.http.impl.io.PoolingHttpClientConnectionManager -- ex-00000024: endpoint lease request (3 MINUTES) [route: {}->npipe://localhost:2375][total available: 1; route allocated: 1 of 2147483647; total allocated: 1 of 2147483647]
10:24:16.283 [main] DEBUG com.github.dockerjava.zerodep.shaded.org.apache.hc.client5.http.impl.io.PoolingHttpClientConnectionManager -- ex-00000024: endpoint leased [route: {}->npipe://localhost:2375][total available: 0; route allocated: 1 of 2147483647; total allocated: 1 of 2147483647]
10:24:16.283 [main] DEBUG com.github.dockerjava.zerodep.shaded.org.apache.hc.client5.http.impl.io.PoolingHttpClientConnectionManager -- ex-00000024: acquired ep-00000023
10:24:16.283 [main] DEBUG com.github.dockerjava.zerodep.shaded.org.apache.hc.client5.http.impl.classic.InternalHttpClient -- ex-00000024: acquired endpoint ep-00000023
10:24:16.283 [main] DEBUG com.github.dockerjava.zerodep.shaded.org.apache.hc.client5.http.impl.classic.MainClientExec -- ex-00000024: executing GET /v1.32/containers/48fa3645609f0a39f086f0188ca3d372a00357b73dbd322507ec2f3262211928/json HTTP/1.1
10:24:16.283 [main] DEBUG com.github.dockerjava.zerodep.shaded.org.apache.hc.client5.http.impl.classic.InternalHttpClient -- ep-00000023: start execution ex-00000024
10:24:16.283 [main] DEBUG com.github.dockerjava.zerodep.shaded.org.apache.hc.client5.http.impl.io.PoolingHttpClientConnectionManager -- ep-00000023: executing exchange ex-00000024 over http-outgoing-2
10:24:16.284 [main] DEBUG com.github.dockerjava.zerodep.shaded.org.apache.hc.client5.http.headers -- http-outgoing-2 >> GET /v1.32/containers/48fa3645609f0a39f086f0188ca3d372a00357b73dbd322507ec2f3262211928/json HTTP/1.1
10:24:16.284 [main] DEBUG com.github.dockerjava.zerodep.shaded.org.apache.hc.client5.http.headers -- http-outgoing-2 >> accept: application/json
10:24:16.284 [main] DEBUG com.github.dockerjava.zerodep.shaded.org.apache.hc.client5.http.headers -- http-outgoing-2 >> x-tc-sid: ad01dab1-4b9b-4848-b723-5acec0598df9
10:24:16.284 [main] DEBUG com.github.dockerjava.zerodep.shaded.org.apache.hc.client5.http.headers -- http-outgoing-2 >> User-Agent: tc-java/1.19.3
10:24:16.284 [main] DEBUG com.github.dockerjava.zerodep.shaded.org.apache.hc.client5.http.headers -- http-outgoing-2 >> Accept-Encoding: gzip, x-gzip, deflate
10:24:16.284 [main] DEBUG com.github.dockerjava.zerodep.shaded.org.apache.hc.client5.http.headers -- http-outgoing-2 >> Host: localhost:2375
10:24:16.284 [main] DEBUG com.github.dockerjava.zerodep.shaded.org.apache.hc.client5.http.headers -- http-outgoing-2 >> Connection: keep-alive
10:24:16.284 [main] DEBUG com.github.dockerjava.zerodep.shaded.org.apache.hc.client5.http.wire -- http-outgoing-2 >> "GET /v1.32/containers/48fa3645609f0a39f086f0188ca3d372a00357b73dbd322507ec2f3262211928/json HTTP/1.1[\r][\n]"
10:24:16.284 [main] DEBUG com.github.dockerjava.zerodep.shaded.org.apache.hc.client5.http.wire -- http-outgoing-2 >> "accept: application/json[\r][\n]"
10:24:16.284 [main] DEBUG com.github.dockerjava.zerodep.shaded.org.apache.hc.client5.http.wire -- http-outgoing-2 >> "x-tc-sid: ad01dab1-4b9b-4848-b723-5acec0598df9[\r][\n]"
10:24:16.284 [main] DEBUG com.github.dockerjava.zerodep.shaded.org.apache.hc.client5.http.wire -- http-outgoing-2 >> "User-Agent: tc-java/1.19.3[\r][\n]"
10:24:16.288 [main] DEBUG com.github.dockerjava.zerodep.shaded.org.apache.hc.client5.http.wire -- http-outgoing-2 >> "Accept-Encoding: gzip, x-gzip, deflate[\r][\n]"
10:24:16.288 [main] DEBUG com.github.dockerjava.zerodep.shaded.org.apache.hc.client5.http.wire -- http-outgoing-2 >> "Host: localhost:2375[\r][\n]"
10:24:16.288 [main] DEBUG com.github.dockerjava.zerodep.shaded.org.apache.hc.client5.http.wire -- http-outgoing-2 >> "Connection: keep-alive[\r][\n]"
10:24:16.288 [main] DEBUG com.github.dockerjava.zerodep.shaded.org.apache.hc.client5.http.wire -- http-outgoing-2 >> "[\r][\n]"
10:24:16.325 [main] DEBUG com.github.dockerjava.zerodep.shaded.org.apache.hc.client5.http.wire -- http-outgoing-2 << "HTTP/1.1 200 OK[\r][\n]"
10:24:16.325 [main] DEBUG com.github.dockerjava.zerodep.shaded.org.apache.hc.client5.http.wire -- http-outgoing-2 << "Api-Version: 1.47[\r][\n]"
10:24:16.325 [main] DEBUG com.github.dockerjava.zerodep.shaded.org.apache.hc.client5.http.wire -- http-outgoing-2 << "Content-Type: application/json[\r][\n]"
10:24:16.325 [main] DEBUG com.github.dockerjava.zerodep.shaded.org.apache.hc.client5.http.wire -- http-outgoing-2 << "Date: Fri, 02 May 2025 08:24:16 GMT[\r][\n]"
10:24:16.325 [main] DEBUG com.github.dockerjava.zerodep.shaded.org.apache.hc.client5.http.wire -- http-outgoing-2 << "Docker-Experimental: false[\r][\n]"
10:24:16.325 [main] DEBUG com.github.dockerjava.zerodep.shaded.org.apache.hc.client5.http.wire -- http-outgoing-2 << "Ostype: linux[\r][\n]"
10:24:16.325 [main] DEBUG com.github.dockerjava.zerodep.shaded.org.apache.hc.client5.http.wire -- http-outgoing-2 << "Server: Docker/27.5.1 (linux)[\r][\n]"
10:24:16.325 [main] DEBUG com.github.dockerjava.zerodep.shaded.org.apache.hc.client5.http.wire -- http-outgoing-2 << "Transfer-Encoding: chunked[\r][\n]"
10:24:16.325 [main] DEBUG com.github.dockerjava.zerodep.shaded.org.apache.hc.client5.http.wire -- http-outgoing-2 << "[\r][\n]"
10:24:16.325 [main] DEBUG com.github.dockerjava.zerodep.shaded.org.apache.hc.client5.http.headers -- http-outgoing-2 << HTTP/1.1 200 OK
10:24:16.325 [main] DEBUG com.github.dockerjava.zerodep.shaded.org.apache.hc.client5.http.headers -- http-outgoing-2 << Api-Version: 1.47
10:24:16.325 [main] DEBUG com.github.dockerjava.zerodep.shaded.org.apache.hc.client5.http.headers -- http-outgoing-2 << Content-Type: application/json
10:24:16.325 [main] DEBUG com.github.dockerjava.zerodep.shaded.org.apache.hc.client5.http.headers -- http-outgoing-2 << Date: Fri, 02 May 2025 08:24:16 GMT
10:24:16.325 [main] DEBUG com.github.dockerjava.zerodep.shaded.org.apache.hc.client5.http.headers -- http-outgoing-2 << Docker-Experimental: false
10:24:16.325 [main] DEBUG com.github.dockerjava.zerodep.shaded.org.apache.hc.client5.http.headers -- http-outgoing-2 << Ostype: linux
10:24:16.326 [main] DEBUG com.github.dockerjava.zerodep.shaded.org.apache.hc.client5.http.headers -- http-outgoing-2 << Server: Docker/27.5.1 (linux)
10:24:16.326 [main] DEBUG com.github.dockerjava.zerodep.shaded.org.apache.hc.client5.http.headers -- http-outgoing-2 << Transfer-Encoding: chunked
10:24:16.326 [main] DEBUG com.github.dockerjava.zerodep.shaded.org.apache.hc.client5.http.impl.classic.MainClientExec -- ex-00000024: connection can be kept alive for 3 MINUTES
10:24:16.358 [main] DEBUG com.github.dockerjava.zerodep.shaded.org.apache.hc.client5.http.wire -- http-outgoing-2 << "1706[\r][\n]"
10:24:16.358 [main] DEBUG com.github.dockerjava.zerodep.shaded.org.apache.hc.client5.http.wire -- http-outgoing-2 << "{"Id":"48fa3645609f0a39f086f0188ca3d372a00357b73dbd322507ec2f3262211928","Created":"2025-05-02T08:24:01.088368481Z","Path":"/opt/bin/entry_point.sh","Args":[],"State":{"Status":"running","Running":true,"Paused":false,"Restarting":false,"OOMKilled":false,"Dead":false,"Pid":25224,"ExitCode":0,"Error":"","StartedAt":"2025-05-02T08:24:01.359728491Z","FinishedAt":"0001-01-01T00:00:00Z"},"Image":"sha256:98a4acf36526b42162e80e32b36ba7e5cd93e15cb0f2ca510d6fc3fe655edf92","ResolvConfPath":"/var/lib/docker/containers/48fa3645609f0a39f086f0188ca3d372a00357b73dbd322507ec2f3262211928/resolv.conf","HostnamePath":"/var/lib/docker/containers/48fa3645609f0a39f086f0188ca3d372a00357b73dbd322507ec2f3262211928/hostname","HostsPath":"/var/lib/docker/containers/48fa3645609f0a39f086f0188ca3d372a00357b73dbd322507ec2f3262211928/hosts","LogPath":"/var/lib/docker/containers/48fa3645609f0a39f086f0188ca3d372a00357b73dbd322507ec2f3262211928/48fa3645609f0a39f086f0188ca3d372a00357b73dbd322507ec2f3262211928-json.log","Name":"/upbeat_diffie","RestartCount":0,"Driver":"overlayfs","Platform":"linux","MountLabel":"","ProcessLabel":"","AppArmorProfile":"","ExecIDs":null,"HostConfig":{"Binds":[],"ContainerIDFile":"","LogConfig":{"Type":"json-file","Config":{}},"NetworkMode":"d06d86462e027f930f5300865309181ec5516677835542d09caebea3815b82e0","PortBindings":{"4444/tcp":[{"HostIp":"0.0.0.0","HostPort":"0"}],"5900/tcp":[{"HostIp":"0.0.0.0","HostPort":"0"}]},"RestartPolicy":{"Name":"no","MaximumRetryCount":0},"AutoRemove":false,"VolumeDriver":"","VolumesFrom":[],"ConsoleSize":[0,0],"CapAdd":null,"CapDrop":null,"CgroupnsMode":"host","Dns":null,"DnsOptions":null,"DnsSearch":null,"ExtraHosts":[],"GroupAdd":null,"IpcMode":"shareable","Cgroup":"","Links":null,"OomScoreAdj":0,"PidMode":"","Privileged":false,"PublishAllPorts":false,"ReadonlyRootfs":false,"SecurityOpt":null,"UTSMode":"","UsernsMode":"","ShmSize":536870912,"Runtime":"runc","Isolation":"","CpuShares":0,"Memory":0,"NanoCpus":0,"CgroupParent":"","BlkioWeight":0,"BlkioWeightDevice":null,"BlkioDeviceReadBps":null,"BlkioDeviceWriteBps":null,"BlkioDeviceReadIOps":null,"BlkioDeviceWriteIOps":null,"CpuPeriod":0,"CpuQuota":0,"CpuRealtimePeriod":0,"CpuRealtimeRuntime":0,"CpusetCpus":"","CpusetMems":"","Devices":null,"DeviceCgroupRules":null,"DeviceRequests":null,"MemoryReservation":0,"MemorySwap":0,"MemorySwappiness":null,"OomKillDisable":false,"PidsLimit":null,"Ulimits":null,"CpuCount":0,"CpuPercent":0,"IOMaximumIOps":0,"IOMaximumBandwidth":0,"MaskedPaths":["/proc/asound","/proc/acpi","/proc/kcore","/proc/keys","/proc/latency_stats","/proc/timer_list","/proc/timer_stats","/proc/sched_debug","/proc/scsi","/sys/firmware","/sys/devices/virtual/powercap"],"ReadonlyPaths":["/proc/bus","/proc/fs","/proc/irq","/proc/sys","/proc/sysrq-trigger"]},"GraphDriver":{"Data":null,"Name":"overlayfs"},"Mounts":[],"Config":{"Hostname":"48fa3645609f","Domainname":"","User":"1200","AttachStdin":false,"AttachStdout":false,"AttachStderr":false,"ExposedPorts":{"4444/tcp":{},"5900/tcp":{}},"Tty":false,"OpenStdin":false,"StdinOnce":false,"Env":["no_proxy=localhost","TZ=Europe/Madrid","PATH=/usr/local/sbin:/usr/local/bin:/usr/sbin:/usr/bin:/sbin:/bin","DEBIAN_FRONTEND=noninteractive","DEBCONF_NONINTERACTIVE_SEEN=true","SEL_USER=seluser","SEL_UID=1200","SEL_GID=1201","HOME=/home/seluser","SEL_DOWNLOAD_DIR=/Downloads","SE_BIND_HOST=false","SE_REJECT_UNSUPPORTED_CAPS=false","SE_OTEL_JAVA_GLOBAL_AUTOCONFIGURE_ENABLED=true","SE_OTEL_TRACES_EXPORTER=otlp","LANG_WHICH=en","LANG_WHERE=US","ENCODING=UTF-8","LANGUAGE=en_US.UTF-8","LANG=","SE_ENABLE_BROWSER_LEFTOVERS_CLEANUP=false","SE_BROWSER_LEFTOVERS_INTERVAL_SECS=3600","SE_BROWSER_LEFTOVERS_PROCESSES_SECS=7200","SE_BROWSER_LEFTOVERS_TEMPFILES_DAYS=1","SE_DRAIN_AFTER_SESSION_COUNT=0","SE_NODE_MAX_SESSIONS=1","SE_NODE_SESSION_TIMEOUT=300","SE_NODE_OVERRIDE_MAX_SESSIONS=false","SE_NODE_HEARTBEAT_PERIOD=30","SE_OTEL_SERVICE_NAME=selenium-standalone","SE_OFFLINE=true","SE_SCREEN_WIDTH=1360","SE_SCREEN_HEIGHT=1020","SE_SCREEN_DEPTH=24","SE_SCREEN_DPI=96","SE_START_XVFB=true","SE_START_VNC=true","SE_STA"
10:24:16.365 [main] DEBUG com.github.dockerjava.zerodep.shaded.org.apache.hc.client5.http.wire -- http-outgoing-2 << "RT_NO_VNC=true","SE_NO_VNC_PORT=7900","SE_VNC_PORT=5900","DISPLAY=:99.0","DISPLAY_NUM=99","CONFIG_FILE=/opt/selenium/config.toml","GENERATE_CONFIG=true","DBUS_SESSION_BUS_ADDRESS=/dev/null","SE_SESSION_REQUEST_TIMEOUT=300","SE_SESSION_RETRY_INTERVAL=15","SE_HEALTHCHECK_INTERVAL=120","SE_RELAX_CHECKS=true"],"Cmd":["/opt/bin/entry_point.sh"],"Image":"selenium/standalone-chrome:4.20.0","Volumes":null,"WorkingDir":"","Entrypoint":null,"OnBuild":null,"Labels":{"authors":"","org.opencontainers.image.ref.name":"ubuntu","org.opencontainers.image.version":"22.04","org.testcontainers":"true","org.testcontainers.lang":"java","org.testcontainers.sessionId":"ad01dab1-4b9b-4848-b723-5acec0598df9","org.testcontainers.version":"1.19.3"}},"NetworkSettings":{"Bridge":"","SandboxID":"9f5e548784fe02e49a1e8cb2ca20311223083142ebf1e28f7ec8a88faa0d518d","SandboxKey":"/var/run/docker/netns/9f5e548784fe","Ports":{"4444/tcp":[{"HostIp":"0.0.0.0","HostPort":"64924"}],"5900/tcp":[{"HostIp":"0.0.0.0","HostPort":"64925"}]},"HairpinMode":false,"LinkLocalIPv6Address":"","LinkLocalIPv6PrefixLen":0,"SecondaryIPAddresses":null,"SecondaryIPv6Addresses":null,"EndpointID":"","Gateway":"","GlobalIPv6Address":"","GlobalIPv6PrefixLen":0,"IPAddress":"","IPPrefixLen":0,"IPv6Gateway":"","MacAddress":"","Networks":{"ea5e0ed8-54d2-4bb1-a6bc-e8e5512c6906":{"IPAMConfig":null,"Links":null,"Aliases":["tc-bC4mHTMp","48fa3645609f"],"MacAddress":"02:42:ac:13:00:02","DriverOpts":null,"NetworkID":"d06d86462e027f930f5300865309181ec5516677835542d09caebea3815b82e0","EndpointID":"685949196ed7f255b5c425d41493e961c1b10496f8d7b9fc08302f545449550a","Gateway":"172.19.0.1","IPAddress":"172.19.0.2","IPPrefixLen":16,"IPv6Gateway":"","GlobalIPv6Address":"","GlobalIPv6PrefixLen":0,"DNSNames":["upbeat_diffie","tc-bC4mHTMp","48fa3645609f"]}}}}[\n]"
10:24:16.392 [main] DEBUG com.github.dockerjava.zerodep.shaded.org.apache.hc.client5.http.wire -- http-outgoing-2 << "[\r][\n]"
10:24:16.392 [main] DEBUG com.github.dockerjava.zerodep.shaded.org.apache.hc.client5.http.wire -- http-outgoing-2 << "0[\r][\n]"
10:24:16.392 [main] DEBUG com.github.dockerjava.zerodep.shaded.org.apache.hc.client5.http.wire -- http-outgoing-2 << "[\r][\n]"
10:24:16.392 [main] DEBUG com.github.dockerjava.zerodep.shaded.org.apache.hc.client5.http.impl.classic.InternalHttpClient -- ep-00000023: releasing valid endpoint
10:24:16.392 [main] DEBUG com.github.dockerjava.zerodep.shaded.org.apache.hc.client5.http.impl.io.PoolingHttpClientConnectionManager -- ep-00000023: releasing endpoint
10:24:16.399 [main] DEBUG com.github.dockerjava.zerodep.shaded.org.apache.hc.client5.http.impl.io.PoolingHttpClientConnectionManager -- ep-00000023: connection http-outgoing-2 can be kept alive for 3 MINUTES
10:24:16.400 [main] DEBUG com.github.dockerjava.zerodep.shaded.org.apache.hc.client5.http.impl.io.PoolingHttpClientConnectionManager -- ep-00000023: connection released [route: {}->npipe://localhost:2375][total available: 1; route allocated: 1 of 2147483647; total allocated: 1 of 2147483647]
10:24:16.400 [main] DEBUG org.testcontainers.shaded.com.github.dockerjava.core.command.AbstrDockerCmd -- Cmd: 48fa3645609f0a39f086f0188ca3d372a00357b73dbd322507ec2f3262211928,<null>
10:24:16.401 [main] DEBUG com.github.dockerjava.zerodep.shaded.org.apache.hc.client5.http.impl.classic.InternalHttpClient -- ex-00000025: preparing request execution
10:24:16.401 [main] DEBUG com.github.dockerjava.zerodep.shaded.org.apache.hc.client5.http.protocol.RequestAddCookies -- Cookie spec selected: strict
10:24:16.401 [main] DEBUG com.github.dockerjava.zerodep.shaded.org.apache.hc.client5.http.protocol.RequestAuthCache -- Auth cache not set in the context
10:24:16.401 [main] DEBUG com.github.dockerjava.zerodep.shaded.org.apache.hc.client5.http.impl.classic.ProtocolExec -- ex-00000025: target auth state: UNCHALLENGED
10:24:16.401 [main] DEBUG com.github.dockerjava.zerodep.shaded.org.apache.hc.client5.http.impl.classic.ProtocolExec -- ex-00000025: proxy auth state: UNCHALLENGED
10:24:16.401 [main] DEBUG com.github.dockerjava.zerodep.shaded.org.apache.hc.client5.http.impl.classic.ConnectExec -- ex-00000025: acquiring connection with route {}->npipe://localhost:2375
10:24:16.401 [main] DEBUG com.github.dockerjava.zerodep.shaded.org.apache.hc.client5.http.impl.classic.InternalHttpClient -- ex-00000025: acquiring endpoint (3 MINUTES)
10:24:16.419 [main] DEBUG com.github.dockerjava.zerodep.shaded.org.apache.hc.client5.http.impl.io.PoolingHttpClientConnectionManager -- ex-00000025: endpoint lease request (3 MINUTES) [route: {}->npipe://localhost:2375][total available: 1; route allocated: 1 of 2147483647; total allocated: 1 of 2147483647]
10:24:16.419 [main] DEBUG com.github.dockerjava.zerodep.shaded.org.apache.hc.client5.http.impl.io.PoolingHttpClientConnectionManager -- ex-00000025: endpoint leased [route: {}->npipe://localhost:2375][total available: 0; route allocated: 1 of 2147483647; total allocated: 1 of 2147483647]
10:24:16.420 [main] DEBUG com.github.dockerjava.zerodep.shaded.org.apache.hc.client5.http.impl.io.PoolingHttpClientConnectionManager -- ex-00000025: acquired ep-00000024
10:24:16.420 [main] DEBUG com.github.dockerjava.zerodep.shaded.org.apache.hc.client5.http.impl.classic.InternalHttpClient -- ex-00000025: acquired endpoint ep-00000024
10:24:16.420 [main] DEBUG com.github.dockerjava.zerodep.shaded.org.apache.hc.client5.http.impl.classic.MainClientExec -- ex-00000025: executing POST /v1.32/containers/48fa3645609f0a39f086f0188ca3d372a00357b73dbd322507ec2f3262211928/kill HTTP/1.1
10:24:16.420 [main] DEBUG com.github.dockerjava.zerodep.shaded.org.apache.hc.client5.http.impl.classic.InternalHttpClient -- ep-00000024: start execution ex-00000025
10:24:16.420 [main] DEBUG com.github.dockerjava.zerodep.shaded.org.apache.hc.client5.http.impl.io.PoolingHttpClientConnectionManager -- ep-00000024: executing exchange ex-00000025 over http-outgoing-2
10:24:16.420 [main] DEBUG com.github.dockerjava.zerodep.shaded.org.apache.hc.client5.http.headers -- http-outgoing-2 >> POST /v1.32/containers/48fa3645609f0a39f086f0188ca3d372a00357b73dbd322507ec2f3262211928/kill HTTP/1.1
10:24:16.420 [main] DEBUG com.github.dockerjava.zerodep.shaded.org.apache.hc.client5.http.headers -- http-outgoing-2 >> accept: application/json
10:24:16.420 [main] DEBUG com.github.dockerjava.zerodep.shaded.org.apache.hc.client5.http.headers -- http-outgoing-2 >> content-type: application/json
10:24:16.420 [main] DEBUG com.github.dockerjava.zerodep.shaded.org.apache.hc.client5.http.headers -- http-outgoing-2 >> x-tc-sid: ad01dab1-4b9b-4848-b723-5acec0598df9
10:24:16.420 [main] DEBUG com.github.dockerjava.zerodep.shaded.org.apache.hc.client5.http.headers -- http-outgoing-2 >> User-Agent: tc-java/1.19.3
10:24:16.420 [main] DEBUG com.github.dockerjava.zerodep.shaded.org.apache.hc.client5.http.headers -- http-outgoing-2 >> Accept-Encoding: gzip, x-gzip, deflate
10:24:16.420 [main] DEBUG com.github.dockerjava.zerodep.shaded.org.apache.hc.client5.http.headers -- http-outgoing-2 >> Host: localhost:2375
10:24:16.420 [main] DEBUG com.github.dockerjava.zerodep.shaded.org.apache.hc.client5.http.headers -- http-outgoing-2 >> Connection: keep-alive
10:24:16.420 [main] DEBUG com.github.dockerjava.zerodep.shaded.org.apache.hc.client5.http.wire -- http-outgoing-2 >> "POST /v1.32/containers/48fa3645609f0a39f086f0188ca3d372a00357b73dbd322507ec2f3262211928/kill HTTP/1.1[\r][\n]"
10:24:16.420 [main] DEBUG com.github.dockerjava.zerodep.shaded.org.apache.hc.client5.http.wire -- http-outgoing-2 >> "accept: application/json[\r][\n]"
10:24:16.420 [main] DEBUG com.github.dockerjava.zerodep.shaded.org.apache.hc.client5.http.wire -- http-outgoing-2 >> "content-type: application/json[\r][\n]"
10:24:16.421 [main] DEBUG com.github.dockerjava.zerodep.shaded.org.apache.hc.client5.http.wire -- http-outgoing-2 >> "x-tc-sid: ad01dab1-4b9b-4848-b723-5acec0598df9[\r][\n]"
10:24:16.421 [main] DEBUG com.github.dockerjava.zerodep.shaded.org.apache.hc.client5.http.wire -- http-outgoing-2 >> "User-Agent: tc-java/1.19.3[\r][\n]"
10:24:16.421 [main] DEBUG com.github.dockerjava.zerodep.shaded.org.apache.hc.client5.http.wire -- http-outgoing-2 >> "Accept-Encoding: gzip, x-gzip, deflate[\r][\n]"
10:24:16.421 [main] DEBUG com.github.dockerjava.zerodep.shaded.org.apache.hc.client5.http.wire -- http-outgoing-2 >> "Host: localhost:2375[\r][\n]"
10:24:16.421 [main] DEBUG com.github.dockerjava.zerodep.shaded.org.apache.hc.client5.http.wire -- http-outgoing-2 >> "Connection: keep-alive[\r][\n]"
10:24:16.421 [main] DEBUG com.github.dockerjava.zerodep.shaded.org.apache.hc.client5.http.wire -- http-outgoing-2 >> "[\r][\n]"
10:24:17.360 [main] DEBUG com.github.dockerjava.zerodep.shaded.org.apache.hc.client5.http.wire -- http-outgoing-2 << "HTTP/1.1 204 No Content[\r][\n]"
10:24:17.361 [main] DEBUG com.github.dockerjava.zerodep.shaded.org.apache.hc.client5.http.wire -- http-outgoing-2 << "Api-Version: 1.47[\r][\n]"
10:24:17.361 [main] DEBUG com.github.dockerjava.zerodep.shaded.org.apache.hc.client5.http.wire -- http-outgoing-2 << "Date: Fri, 02 May 2025 08:24:17 GMT[\r][\n]"
10:24:17.361 [main] DEBUG com.github.dockerjava.zerodep.shaded.org.apache.hc.client5.http.wire -- http-outgoing-2 << "Docker-Experimental: false[\r][\n]"
10:24:17.361 [main] DEBUG com.github.dockerjava.zerodep.shaded.org.apache.hc.client5.http.wire -- http-outgoing-2 << "Ostype: linux[\r][\n]"
10:24:17.361 [main] DEBUG com.github.dockerjava.zerodep.shaded.org.apache.hc.client5.http.wire -- http-outgoing-2 << "Server: Docker/27.5.1 (linux)[\r][\n]"
10:24:17.361 [main] DEBUG com.github.dockerjava.zerodep.shaded.org.apache.hc.client5.http.wire -- http-outgoing-2 << "[\r][\n]"
10:24:17.361 [main] DEBUG com.github.dockerjava.zerodep.shaded.org.apache.hc.client5.http.headers -- http-outgoing-2 << HTTP/1.1 204 No Content
10:24:17.361 [main] DEBUG com.github.dockerjava.zerodep.shaded.org.apache.hc.client5.http.headers -- http-outgoing-2 << Api-Version: 1.47
10:24:17.361 [main] DEBUG com.github.dockerjava.zerodep.shaded.org.apache.hc.client5.http.headers -- http-outgoing-2 << Date: Fri, 02 May 2025 08:24:17 GMT
10:24:17.361 [main] DEBUG com.github.dockerjava.zerodep.shaded.org.apache.hc.client5.http.headers -- http-outgoing-2 << Docker-Experimental: false
10:24:17.361 [main] DEBUG com.github.dockerjava.zerodep.shaded.org.apache.hc.client5.http.headers -- http-outgoing-2 << Ostype: linux
10:24:17.361 [main] DEBUG com.github.dockerjava.zerodep.shaded.org.apache.hc.client5.http.headers -- http-outgoing-2 << Server: Docker/27.5.1 (linux)
10:24:17.362 [main] DEBUG com.github.dockerjava.zerodep.shaded.org.apache.hc.client5.http.impl.classic.MainClientExec -- ex-00000025: connection can be kept alive for 3 MINUTES
10:24:17.362 [main] DEBUG com.github.dockerjava.zerodep.shaded.org.apache.hc.client5.http.impl.classic.InternalHttpClient -- ep-00000024: releasing valid endpoint
10:24:17.362 [main] DEBUG com.github.dockerjava.zerodep.shaded.org.apache.hc.client5.http.impl.io.PoolingHttpClientConnectionManager -- ep-00000024: releasing endpoint
10:24:17.362 [main] DEBUG com.github.dockerjava.zerodep.shaded.org.apache.hc.client5.http.impl.io.PoolingHttpClientConnectionManager -- ep-00000024: connection http-outgoing-2 can be kept alive for 3 MINUTES
10:24:17.362 [main] DEBUG com.github.dockerjava.zerodep.shaded.org.apache.hc.client5.http.impl.io.PoolingHttpClientConnectionManager -- ep-00000024: connection released [route: {}->npipe://localhost:2375][total available: 1; route allocated: 1 of 2147483647; total allocated: 1 of 2147483647]
10:24:17.362 [main] DEBUG org.testcontainers.shaded.com.github.dockerjava.core.command.AbstrDockerCmd -- Cmd: 48fa3645609f0a39f086f0188ca3d372a00357b73dbd322507ec2f3262211928,false
10:24:17.364 [main] DEBUG org.testcontainers.shaded.com.github.dockerjava.core.exec.InspectContainerCmdExec -- GET: DefaultWebTarget{path=[/containers/48fa3645609f0a39f086f0188ca3d372a00357b73dbd322507ec2f3262211928/json], queryParams={}}
10:24:17.364 [main] DEBUG com.github.dockerjava.zerodep.shaded.org.apache.hc.client5.http.impl.classic.InternalHttpClient -- ex-00000026: preparing request execution
10:24:17.364 [main] DEBUG com.github.dockerjava.zerodep.shaded.org.apache.hc.client5.http.protocol.RequestAddCookies -- Cookie spec selected: strict
10:24:17.364 [main] DEBUG com.github.dockerjava.zerodep.shaded.org.apache.hc.client5.http.protocol.RequestAuthCache -- Auth cache not set in the context
10:24:17.364 [main] DEBUG com.github.dockerjava.zerodep.shaded.org.apache.hc.client5.http.impl.classic.ProtocolExec -- ex-00000026: target auth state: UNCHALLENGED
10:24:17.364 [main] DEBUG com.github.dockerjava.zerodep.shaded.org.apache.hc.client5.http.impl.classic.ProtocolExec -- ex-00000026: proxy auth state: UNCHALLENGED
10:24:17.364 [main] DEBUG com.github.dockerjava.zerodep.shaded.org.apache.hc.client5.http.impl.classic.ConnectExec -- ex-00000026: acquiring connection with route {}->npipe://localhost:2375
10:24:17.365 [main] DEBUG com.github.dockerjava.zerodep.shaded.org.apache.hc.client5.http.impl.classic.InternalHttpClient -- ex-00000026: acquiring endpoint (3 MINUTES)
10:24:17.365 [main] DEBUG com.github.dockerjava.zerodep.shaded.org.apache.hc.client5.http.impl.io.PoolingHttpClientConnectionManager -- ex-00000026: endpoint lease request (3 MINUTES) [route: {}->npipe://localhost:2375][total available: 1; route allocated: 1 of 2147483647; total allocated: 1 of 2147483647]
10:24:17.365 [main] DEBUG com.github.dockerjava.zerodep.shaded.org.apache.hc.client5.http.impl.io.PoolingHttpClientConnectionManager -- ex-00000026: endpoint leased [route: {}->npipe://localhost:2375][total available: 0; route allocated: 1 of 2147483647; total allocated: 1 of 2147483647]
10:24:17.365 [main] DEBUG com.github.dockerjava.zerodep.shaded.org.apache.hc.client5.http.impl.io.PoolingHttpClientConnectionManager -- ex-00000026: acquired ep-00000025
10:24:17.365 [main] DEBUG com.github.dockerjava.zerodep.shaded.org.apache.hc.client5.http.impl.classic.InternalHttpClient -- ex-00000026: acquired endpoint ep-00000025
10:24:17.365 [main] DEBUG com.github.dockerjava.zerodep.shaded.org.apache.hc.client5.http.impl.classic.MainClientExec -- ex-00000026: executing GET /v1.32/containers/48fa3645609f0a39f086f0188ca3d372a00357b73dbd322507ec2f3262211928/json HTTP/1.1
10:24:17.365 [main] DEBUG com.github.dockerjava.zerodep.shaded.org.apache.hc.client5.http.impl.classic.InternalHttpClient -- ep-00000025: start execution ex-00000026
10:24:17.365 [main] DEBUG com.github.dockerjava.zerodep.shaded.org.apache.hc.client5.http.impl.io.PoolingHttpClientConnectionManager -- ep-00000025: executing exchange ex-00000026 over http-outgoing-2
10:24:17.365 [main] DEBUG com.github.dockerjava.zerodep.shaded.org.apache.hc.client5.http.headers -- http-outgoing-2 >> GET /v1.32/containers/48fa3645609f0a39f086f0188ca3d372a00357b73dbd322507ec2f3262211928/json HTTP/1.1
10:24:17.365 [main] DEBUG com.github.dockerjava.zerodep.shaded.org.apache.hc.client5.http.headers -- http-outgoing-2 >> accept: application/json
10:24:17.365 [main] DEBUG com.github.dockerjava.zerodep.shaded.org.apache.hc.client5.http.headers -- http-outgoing-2 >> x-tc-sid: ad01dab1-4b9b-4848-b723-5acec0598df9
10:24:17.365 [main] DEBUG com.github.dockerjava.zerodep.shaded.org.apache.hc.client5.http.headers -- http-outgoing-2 >> User-Agent: tc-java/1.19.3
10:24:17.365 [main] DEBUG com.github.dockerjava.zerodep.shaded.org.apache.hc.client5.http.headers -- http-outgoing-2 >> Accept-Encoding: gzip, x-gzip, deflate
10:24:17.365 [main] DEBUG com.github.dockerjava.zerodep.shaded.org.apache.hc.client5.http.headers -- http-outgoing-2 >> Host: localhost:2375
10:24:17.365 [main] DEBUG com.github.dockerjava.zerodep.shaded.org.apache.hc.client5.http.headers -- http-outgoing-2 >> Connection: keep-alive
10:24:17.365 [main] DEBUG com.github.dockerjava.zerodep.shaded.org.apache.hc.client5.http.wire -- http-outgoing-2 >> "GET /v1.32/containers/48fa3645609f0a39f086f0188ca3d372a00357b73dbd322507ec2f3262211928/json HTTP/1.1[\r][\n]"
10:24:17.365 [main] DEBUG com.github.dockerjava.zerodep.shaded.org.apache.hc.client5.http.wire -- http-outgoing-2 >> "accept: application/json[\r][\n]"
10:24:17.365 [main] DEBUG com.github.dockerjava.zerodep.shaded.org.apache.hc.client5.http.wire -- http-outgoing-2 >> "x-tc-sid: ad01dab1-4b9b-4848-b723-5acec0598df9[\r][\n]"
10:24:17.365 [main] DEBUG com.github.dockerjava.zerodep.shaded.org.apache.hc.client5.http.wire -- http-outgoing-2 >> "User-Agent: tc-java/1.19.3[\r][\n]"
10:24:17.365 [main] DEBUG com.github.dockerjava.zerodep.shaded.org.apache.hc.client5.http.wire -- http-outgoing-2 >> "Accept-Encoding: gzip, x-gzip, deflate[\r][\n]"
10:24:17.365 [main] DEBUG com.github.dockerjava.zerodep.shaded.org.apache.hc.client5.http.wire -- http-outgoing-2 >> "Host: localhost:2375[\r][\n]"
10:24:17.365 [main] DEBUG com.github.dockerjava.zerodep.shaded.org.apache.hc.client5.http.wire -- http-outgoing-2 >> "Connection: keep-alive[\r][\n]"
10:24:17.365 [main] DEBUG com.github.dockerjava.zerodep.shaded.org.apache.hc.client5.http.wire -- http-outgoing-2 >> "[\r][\n]"
10:24:17.384 [main] DEBUG com.github.dockerjava.zerodep.shaded.org.apache.hc.client5.http.wire -- http-outgoing-2 << "HTTP/1.1 200 OK[\r][\n]"
10:24:17.384 [main] DEBUG com.github.dockerjava.zerodep.shaded.org.apache.hc.client5.http.wire -- http-outgoing-2 << "Api-Version: 1.47[\r][\n]"
10:24:17.384 [main] DEBUG com.github.dockerjava.zerodep.shaded.org.apache.hc.client5.http.wire -- http-outgoing-2 << "Content-Type: application/json[\r][\n]"
10:24:17.384 [main] DEBUG com.github.dockerjava.zerodep.shaded.org.apache.hc.client5.http.wire -- http-outgoing-2 << "Date: Fri, 02 May 2025 08:24:17 GMT[\r][\n]"
10:24:17.385 [main] DEBUG com.github.dockerjava.zerodep.shaded.org.apache.hc.client5.http.wire -- http-outgoing-2 << "Docker-Experimental: false[\r][\n]"
10:24:17.385 [main] DEBUG com.github.dockerjava.zerodep.shaded.org.apache.hc.client5.http.wire -- http-outgoing-2 << "Ostype: linux[\r][\n]"
10:24:17.385 [main] DEBUG com.github.dockerjava.zerodep.shaded.org.apache.hc.client5.http.wire -- http-outgoing-2 << "Server: Docker/27.5.1 (linux)[\r][\n]"
10:24:17.385 [main] DEBUG com.github.dockerjava.zerodep.shaded.org.apache.hc.client5.http.wire -- http-outgoing-2 << "Transfer-Encoding: chunked[\r][\n]"
10:24:17.385 [main] DEBUG com.github.dockerjava.zerodep.shaded.org.apache.hc.client5.http.wire -- http-outgoing-2 << "[\r][\n]"
10:24:17.385 [main] DEBUG com.github.dockerjava.zerodep.shaded.org.apache.hc.client5.http.headers -- http-outgoing-2 << HTTP/1.1 200 OK
10:24:17.386 [main] DEBUG com.github.dockerjava.zerodep.shaded.org.apache.hc.client5.http.headers -- http-outgoing-2 << Api-Version: 1.47
10:24:17.386 [main] DEBUG com.github.dockerjava.zerodep.shaded.org.apache.hc.client5.http.headers -- http-outgoing-2 << Content-Type: application/json
10:24:17.386 [main] DEBUG com.github.dockerjava.zerodep.shaded.org.apache.hc.client5.http.headers -- http-outgoing-2 << Date: Fri, 02 May 2025 08:24:17 GMT
10:24:17.386 [main] DEBUG com.github.dockerjava.zerodep.shaded.org.apache.hc.client5.http.headers -- http-outgoing-2 << Docker-Experimental: false
10:24:17.386 [main] DEBUG com.github.dockerjava.zerodep.shaded.org.apache.hc.client5.http.headers -- http-outgoing-2 << Ostype: linux
10:24:17.386 [main] DEBUG com.github.dockerjava.zerodep.shaded.org.apache.hc.client5.http.headers -- http-outgoing-2 << Server: Docker/27.5.1 (linux)
10:24:17.386 [main] DEBUG com.github.dockerjava.zerodep.shaded.org.apache.hc.client5.http.headers -- http-outgoing-2 << Transfer-Encoding: chunked
10:24:17.386 [main] DEBUG com.github.dockerjava.zerodep.shaded.org.apache.hc.client5.http.impl.classic.MainClientExec -- ex-00000026: connection can be kept alive for 3 MINUTES
10:24:17.386 [main] DEBUG com.github.dockerjava.zerodep.shaded.org.apache.hc.client5.http.wire -- http-outgoing-2 << "15dd[\r][\n]"
10:24:17.386 [main] DEBUG com.github.dockerjava.zerodep.shaded.org.apache.hc.client5.http.wire -- http-outgoing-2 << "{"Id":"48fa3645609f0a39f086f0188ca3d372a00357b73dbd322507ec2f3262211928","Created":"2025-05-02T08:24:01.088368481Z","Path":"/opt/bin/entry_point.sh","Args":[],"State":{"Status":"exited","Running":false,"Paused":false,"Restarting":false,"OOMKilled":false,"Dead":false,"Pid":0,"ExitCode":137,"Error":"","StartedAt":"2025-05-02T08:24:01.359728491Z","FinishedAt":"2025-05-02T08:24:16.532650053Z"},"Image":"sha256:98a4acf36526b42162e80e32b36ba7e5cd93e15cb0f2ca510d6fc3fe655edf92","ResolvConfPath":"/var/lib/docker/containers/48fa3645609f0a39f086f0188ca3d372a00357b73dbd322507ec2f3262211928/resolv.conf","HostnamePath":"/var/lib/docker/containers/48fa3645609f0a39f086f0188ca3d372a00357b73dbd322507ec2f3262211928/hostname","HostsPath":"/var/lib/docker/containers/48fa3645609f0a39f086f0188ca3d372a00357b73dbd322507ec2f3262211928/hosts","LogPath":"/var/lib/docker/containers/48fa3645609f0a39f086f0188ca3d372a00357b73dbd322507ec2f3262211928/48fa3645609f0a39f086f0188ca3d372a00357b73dbd322507ec2f3262211928-json.log","Name":"/upbeat_diffie","RestartCount":0,"Driver":"overlayfs","Platform":"linux","MountLabel":"","ProcessLabel":"","AppArmorProfile":"","ExecIDs":null,"HostConfig":{"Binds":[],"ContainerIDFile":"","LogConfig":{"Type":"json-file","Config":{}},"NetworkMode":"d06d86462e027f930f5300865309181ec5516677835542d09caebea3815b82e0","PortBindings":{"4444/tcp":[{"HostIp":"0.0.0.0","HostPort":"0"}],"5900/tcp":[{"HostIp":"0.0.0.0","HostPort":"0"}]},"RestartPolicy":{"Name":"no","MaximumRetryCount":0},"AutoRemove":false,"VolumeDriver":"","VolumesFrom":[],"ConsoleSize":[0,0],"CapAdd":null,"CapDrop":null,"CgroupnsMode":"host","Dns":null,"DnsOptions":null,"DnsSearch":null,"ExtraHosts":[],"GroupAdd":null,"IpcMode":"shareable","Cgroup":"","Links":null,"OomScoreAdj":0,"PidMode":"","Privileged":false,"PublishAllPorts":false,"ReadonlyRootfs":false,"SecurityOpt":null,"UTSMode":"","UsernsMode":"","ShmSize":536870912,"Runtime":"runc","Isolation":"","CpuShares":0,"Memory":0,"NanoCpus":0,"CgroupParent":"","BlkioWeight":0,"BlkioWeightDevice":null,"BlkioDeviceReadBps":null,"BlkioDeviceWriteBps":null,"BlkioDeviceReadIOps":null,"BlkioDeviceWriteIOps":null,"CpuPeriod":0,"CpuQuota":0,"CpuRealtimePeriod":0,"CpuRealtimeRuntime":0,"CpusetCpus":"","CpusetMems":"","Devices":null,"DeviceCgroupRules":null,"DeviceRequests":null,"MemoryReservation":0,"MemorySwap":0,"MemorySwappiness":null,"OomKillDisable":false,"PidsLimit":null,"Ulimits":null,"CpuCount":0,"CpuPercent":0,"IOMaximumIOps":0,"IOMaximumBandwidth":0,"MaskedPaths":["/proc/asound","/proc/acpi","/proc/kcore","/proc/keys","/proc/latency_stats","/proc/timer_list","/proc/timer_stats","/proc/sched_debug","/proc/scsi","/sys/firmware","/sys/devices/virtual/powercap"],"ReadonlyPaths":["/proc/bus","/proc/fs","/proc/irq","/proc/sys","/proc/sysrq-trigger"]},"GraphDriver":{"Data":null,"Name":"overlayfs"},"Mounts":[],"Config":{"Hostname":"48fa3645609f","Domainname":"","User":"1200","AttachStdin":false,"AttachStdout":false,"AttachStderr":false,"ExposedPorts":{"4444/tcp":{},"5900/tcp":{}},"Tty":false,"OpenStdin":false,"StdinOnce":false,"Env":["no_proxy=localhost","TZ=Europe/Madrid","PATH=/usr/local/sbin:/usr/local/bin:/usr/sbin:/usr/bin:/sbin:/bin","DEBIAN_FRONTEND=noninteractive","DEBCONF_NONINTERACTIVE_SEEN=true","SEL_USER=seluser","SEL_UID=1200","SEL_GID=1201","HOME=/home/seluser","SEL_DOWNLOAD_DIR=/Downloads","SE_BIND_HOST=false","SE_REJECT_UNSUPPORTED_CAPS=false","SE_OTEL_JAVA_GLOBAL_AUTOCONFIGURE_ENABLED=true","SE_OTEL_TRACES_EXPORTER=otlp","LANG_WHICH=en","LANG_WHERE=US","ENCODING=UTF-8","LANGUAGE=en_US.UTF-8","LANG=","SE_ENABLE_BROWSER_LEFTOVERS_CLEANUP=false","SE_BROWSER_LEFTOVERS_INTERVAL_SECS=3600","SE_BROWSER_LEFTOVERS_PROCESSES_SECS=7200","SE_BROWSER_LEFTOVERS_TEMPFILES_DAYS=1","SE_DRAIN_AFTER_SESSION_COUNT=0","SE_NODE_MAX_SESSIONS=1","SE_NODE_SESSION_TIMEOUT=300","SE_NODE_OVERRIDE_MAX_SESSIONS=false","SE_NODE_HEARTBEAT_PERIOD=30","SE_OTEL_SERVICE_NAME=selenium-standalone","SE_OFFLINE=true","SE_SCREEN_WIDTH=1360","SE_SCREEN_HEIGHT=1020","SE_SCREEN_DEPTH=24","SE_SCREEN_DPI=96","SE_START_XVFB=true","SE_START_VNC=true""
10:24:17.388 [main] DEBUG com.github.dockerjava.zerodep.shaded.org.apache.hc.client5.http.wire -- http-outgoing-2 << ","SE_START_NO_VNC=true","SE_NO_VNC_PORT=7900","SE_VNC_PORT=5900","DISPLAY=:99.0","DISPLAY_NUM=99","CONFIG_FILE=/opt/selenium/config.toml","GENERATE_CONFIG=true","DBUS_SESSION_BUS_ADDRESS=/dev/null","SE_SESSION_REQUEST_TIMEOUT=300","SE_SESSION_RETRY_INTERVAL=15","SE_HEALTHCHECK_INTERVAL=120","SE_RELAX_CHECKS=true"],"Cmd":["/opt/bin/entry_point.sh"],"Image":"selenium/standalone-chrome:4.20.0","Volumes":null,"WorkingDir":"","Entrypoint":null,"OnBuild":null,"Labels":{"authors":"","org.opencontainers.image.ref.name":"ubuntu","org.opencontainers.image.version":"22.04","org.testcontainers":"true","org.testcontainers.lang":"java","org.testcontainers.sessionId":"ad01dab1-4b9b-4848-b723-5acec0598df9","org.testcontainers.version":"1.19.3"}},"NetworkSettings":{"Bridge":"","SandboxID":"","SandboxKey":"","Ports":{},"HairpinMode":false,"LinkLocalIPv6Address":"","LinkLocalIPv6PrefixLen":0,"SecondaryIPAddresses":null,"SecondaryIPv6Addresses":null,"EndpointID":"","Gateway":"","GlobalIPv6Address":"","GlobalIPv6PrefixLen":0,"IPAddress":"","IPPrefixLen":0,"IPv6Gateway":"","MacAddress":"","Networks":{"ea5e0ed8-54d2-4bb1-a6bc-e8e5512c6906":{"IPAMConfig":null,"Links":null,"Aliases":["tc-bC4mHTMp","48fa3645609f"],"MacAddress":"","DriverOpts":null,"NetworkID":"d06d86462e027f930f5300865309181ec5516677835542d09caebea3815b82e0","EndpointID":"","Gateway":"","IPAddress":"","IPPrefixLen":0,"IPv6Gateway":"","GlobalIPv6Address":"","GlobalIPv6PrefixLen":0,"DNSNames":["upbeat_diffie","tc-bC4mHTMp","48fa3645609f"]}}}}[\n]"
10:24:17.391 [main] DEBUG com.github.dockerjava.zerodep.shaded.org.apache.hc.client5.http.wire -- http-outgoing-2 << "[\r][\n]"
10:24:17.392 [main] DEBUG com.github.dockerjava.zerodep.shaded.org.apache.hc.client5.http.wire -- http-outgoing-2 << "0[\r][\n]"
10:24:17.392 [main] DEBUG com.github.dockerjava.zerodep.shaded.org.apache.hc.client5.http.wire -- http-outgoing-2 << "[\r][\n]"
10:24:17.392 [main] DEBUG com.github.dockerjava.zerodep.shaded.org.apache.hc.client5.http.impl.classic.InternalHttpClient -- ep-00000025: releasing valid endpoint
10:24:17.392 [main] DEBUG com.github.dockerjava.zerodep.shaded.org.apache.hc.client5.http.impl.io.PoolingHttpClientConnectionManager -- ep-00000025: releasing endpoint
10:24:17.392 [main] DEBUG com.github.dockerjava.zerodep.shaded.org.apache.hc.client5.http.impl.io.PoolingHttpClientConnectionManager -- ep-00000025: connection http-outgoing-2 can be kept alive for 3 MINUTES
10:24:17.392 [main] DEBUG com.github.dockerjava.zerodep.shaded.org.apache.hc.client5.http.impl.io.PoolingHttpClientConnectionManager -- ep-00000025: connection released [route: {}->npipe://localhost:2375][total available: 1; route allocated: 1 of 2147483647; total allocated: 1 of 2147483647]
10:24:17.392 [main] DEBUG org.testcontainers.shaded.com.github.dockerjava.core.command.AbstrDockerCmd -- Cmd: 48fa3645609f0a39f086f0188ca3d372a00357b73dbd322507ec2f3262211928,true,true
10:24:17.394 [main] DEBUG com.github.dockerjava.zerodep.shaded.org.apache.hc.client5.http.impl.classic.InternalHttpClient -- ex-00000027: preparing request execution
10:24:17.394 [main] DEBUG com.github.dockerjava.zerodep.shaded.org.apache.hc.client5.http.protocol.RequestAddCookies -- Cookie spec selected: strict
10:24:17.394 [main] DEBUG com.github.dockerjava.zerodep.shaded.org.apache.hc.client5.http.protocol.RequestAuthCache -- Auth cache not set in the context
10:24:17.394 [main] DEBUG com.github.dockerjava.zerodep.shaded.org.apache.hc.client5.http.impl.classic.ProtocolExec -- ex-00000027: target auth state: UNCHALLENGED
10:24:17.394 [main] DEBUG com.github.dockerjava.zerodep.shaded.org.apache.hc.client5.http.impl.classic.ProtocolExec -- ex-00000027: proxy auth state: UNCHALLENGED
10:24:17.394 [main] DEBUG com.github.dockerjava.zerodep.shaded.org.apache.hc.client5.http.impl.classic.ConnectExec -- ex-00000027: acquiring connection with route {}->npipe://localhost:2375
10:24:17.394 [main] DEBUG com.github.dockerjava.zerodep.shaded.org.apache.hc.client5.http.impl.classic.InternalHttpClient -- ex-00000027: acquiring endpoint (3 MINUTES)
10:24:17.394 [main] DEBUG com.github.dockerjava.zerodep.shaded.org.apache.hc.client5.http.impl.io.PoolingHttpClientConnectionManager -- ex-00000027: endpoint lease request (3 MINUTES) [route: {}->npipe://localhost:2375][total available: 1; route allocated: 1 of 2147483647; total allocated: 1 of 2147483647]
10:24:17.394 [main] DEBUG com.github.dockerjava.zerodep.shaded.org.apache.hc.client5.http.impl.io.PoolingHttpClientConnectionManager -- ex-00000027: endpoint leased [route: {}->npipe://localhost:2375][total available: 0; route allocated: 1 of 2147483647; total allocated: 1 of 2147483647]
10:24:17.395 [main] DEBUG com.github.dockerjava.zerodep.shaded.org.apache.hc.client5.http.impl.io.PoolingHttpClientConnectionManager -- ex-00000027: acquired ep-00000026
10:24:17.395 [main] DEBUG com.github.dockerjava.zerodep.shaded.org.apache.hc.client5.http.impl.classic.InternalHttpClient -- ex-00000027: acquired endpoint ep-00000026
10:24:17.395 [main] DEBUG com.github.dockerjava.zerodep.shaded.org.apache.hc.client5.http.impl.classic.MainClientExec -- ex-00000027: executing DELETE /v1.32/containers/48fa3645609f0a39f086f0188ca3d372a00357b73dbd322507ec2f3262211928?v=true&force=true HTTP/1.1
10:24:17.395 [main] DEBUG com.github.dockerjava.zerodep.shaded.org.apache.hc.client5.http.impl.classic.InternalHttpClient -- ep-00000026: start execution ex-00000027
10:24:17.395 [main] DEBUG com.github.dockerjava.zerodep.shaded.org.apache.hc.client5.http.impl.io.PoolingHttpClientConnectionManager -- ep-00000026: executing exchange ex-00000027 over http-outgoing-2
10:24:17.396 [main] DEBUG com.github.dockerjava.zerodep.shaded.org.apache.hc.client5.http.headers -- http-outgoing-2 >> DELETE /v1.32/containers/48fa3645609f0a39f086f0188ca3d372a00357b73dbd322507ec2f3262211928?v=true&force=true HTTP/1.1
10:24:17.396 [main] DEBUG com.github.dockerjava.zerodep.shaded.org.apache.hc.client5.http.headers -- http-outgoing-2 >> accept: application/json
10:24:17.396 [main] DEBUG com.github.dockerjava.zerodep.shaded.org.apache.hc.client5.http.headers -- http-outgoing-2 >> x-tc-sid: ad01dab1-4b9b-4848-b723-5acec0598df9
10:24:17.396 [main] DEBUG com.github.dockerjava.zerodep.shaded.org.apache.hc.client5.http.headers -- http-outgoing-2 >> User-Agent: tc-java/1.19.3
10:24:17.396 [main] DEBUG com.github.dockerjava.zerodep.shaded.org.apache.hc.client5.http.headers -- http-outgoing-2 >> Accept-Encoding: gzip, x-gzip, deflate
10:24:17.396 [main] DEBUG com.github.dockerjava.zerodep.shaded.org.apache.hc.client5.http.headers -- http-outgoing-2 >> Host: localhost:2375
10:24:17.396 [main] DEBUG com.github.dockerjava.zerodep.shaded.org.apache.hc.client5.http.headers -- http-outgoing-2 >> Connection: keep-alive
10:24:17.396 [main] DEBUG com.github.dockerjava.zerodep.shaded.org.apache.hc.client5.http.wire -- http-outgoing-2 >> "DELETE /v1.32/containers/48fa3645609f0a39f086f0188ca3d372a00357b73dbd322507ec2f3262211928?v=true&force=true HTTP/1.1[\r][\n]"
10:24:17.396 [main] DEBUG com.github.dockerjava.zerodep.shaded.org.apache.hc.client5.http.wire -- http-outgoing-2 >> "accept: application/json[\r][\n]"
10:24:17.396 [main] DEBUG com.github.dockerjava.zerodep.shaded.org.apache.hc.client5.http.wire -- http-outgoing-2 >> "x-tc-sid: ad01dab1-4b9b-4848-b723-5acec0598df9[\r][\n]"
10:24:17.396 [main] DEBUG com.github.dockerjava.zerodep.shaded.org.apache.hc.client5.http.wire -- http-outgoing-2 >> "User-Agent: tc-java/1.19.3[\r][\n]"
10:24:17.396 [main] DEBUG com.github.dockerjava.zerodep.shaded.org.apache.hc.client5.http.wire -- http-outgoing-2 >> "Accept-Encoding: gzip, x-gzip, deflate[\r][\n]"
10:24:17.396 [main] DEBUG com.github.dockerjava.zerodep.shaded.org.apache.hc.client5.http.wire -- http-outgoing-2 >> "Host: localhost:2375[\r][\n]"
10:24:17.396 [main] DEBUG com.github.dockerjava.zerodep.shaded.org.apache.hc.client5.http.wire -- http-outgoing-2 >> "Connection: keep-alive[\r][\n]"
10:24:17.396 [main] DEBUG com.github.dockerjava.zerodep.shaded.org.apache.hc.client5.http.wire -- http-outgoing-2 >> "[\r][\n]"
10:24:17.540 [main] DEBUG com.github.dockerjava.zerodep.shaded.org.apache.hc.client5.http.wire -- http-outgoing-2 << "HTTP/1.1 204 No Content[\r][\n]"
10:24:17.540 [main] DEBUG com.github.dockerjava.zerodep.shaded.org.apache.hc.client5.http.wire -- http-outgoing-2 << "Api-Version: 1.47[\r][\n]"
10:24:17.540 [main] DEBUG com.github.dockerjava.zerodep.shaded.org.apache.hc.client5.http.wire -- http-outgoing-2 << "Date: Fri, 02 May 2025 08:24:17 GMT[\r][\n]"
10:24:17.540 [main] DEBUG com.github.dockerjava.zerodep.shaded.org.apache.hc.client5.http.wire -- http-outgoing-2 << "Docker-Experimental: false[\r][\n]"
10:24:17.540 [main] DEBUG com.github.dockerjava.zerodep.shaded.org.apache.hc.client5.http.wire -- http-outgoing-2 << "Ostype: linux[\r][\n]"
10:24:17.540 [main] DEBUG com.github.dockerjava.zerodep.shaded.org.apache.hc.client5.http.wire -- http-outgoing-2 << "Server: Docker/27.5.1 (linux)[\r][\n]"
10:24:17.540 [main] DEBUG com.github.dockerjava.zerodep.shaded.org.apache.hc.client5.http.wire -- http-outgoing-2 << "[\r][\n]"
10:24:17.540 [main] DEBUG com.github.dockerjava.zerodep.shaded.org.apache.hc.client5.http.headers -- http-outgoing-2 << HTTP/1.1 204 No Content
10:24:17.540 [main] DEBUG com.github.dockerjava.zerodep.shaded.org.apache.hc.client5.http.headers -- http-outgoing-2 << Api-Version: 1.47
10:24:17.540 [main] DEBUG com.github.dockerjava.zerodep.shaded.org.apache.hc.client5.http.headers -- http-outgoing-2 << Date: Fri, 02 May 2025 08:24:17 GMT
10:24:17.540 [main] DEBUG com.github.dockerjava.zerodep.shaded.org.apache.hc.client5.http.headers -- http-outgoing-2 << Docker-Experimental: false
10:24:17.540 [main] DEBUG com.github.dockerjava.zerodep.shaded.org.apache.hc.client5.http.headers -- http-outgoing-2 << Ostype: linux
10:24:17.541 [main] DEBUG com.github.dockerjava.zerodep.shaded.org.apache.hc.client5.http.headers -- http-outgoing-2 << Server: Docker/27.5.1 (linux)
10:24:17.541 [main] DEBUG com.github.dockerjava.zerodep.shaded.org.apache.hc.client5.http.impl.classic.MainClientExec -- ex-00000027: connection can be kept alive for 3 MINUTES
10:24:17.541 [main] DEBUG com.github.dockerjava.zerodep.shaded.org.apache.hc.client5.http.impl.classic.InternalHttpClient -- ep-00000026: releasing valid endpoint
10:24:17.541 [main] DEBUG com.github.dockerjava.zerodep.shaded.org.apache.hc.client5.http.impl.io.PoolingHttpClientConnectionManager -- ep-00000026: releasing endpoint
10:24:17.541 [main] DEBUG com.github.dockerjava.zerodep.shaded.org.apache.hc.client5.http.impl.io.PoolingHttpClientConnectionManager -- ep-00000026: connection http-outgoing-2 can be kept alive for 3 MINUTES
10:24:17.541 [main] DEBUG com.github.dockerjava.zerodep.shaded.org.apache.hc.client5.http.impl.io.PoolingHttpClientConnectionManager -- ep-00000026: connection released [route: {}->npipe://localhost:2375][total available: 1; route allocated: 1 of 2147483647; total allocated: 1 of 2147483647]
10:24:17.541 [main] DEBUG org.testcontainers.utility.ResourceReaper -- Removed container and associated volume(s): selenium/standalone-chrome:4.20.0
]]></system-out>
    <system-err><![CDATA[may 02, 2025 10:24:07 A. M. org.openqa.selenium.remote.tracing.opentelemetry.OpenTelemetryTracer createTracer
INFORMACIÓN: Using OpenTelemetry for tracing
]]></system-err>
  </testcase>
</testsuite>