<?xml version="1.0" encoding="UTF-8"?>
<testsuite xmlns:xsi="http://www.w3.org/2001/XMLSchema-instance" xsi:noNamespaceSchemaLocation="https://maven.apache.org/surefire/maven-surefire-plugin/xsd/surefire-test-report-3.0.xsd" version="3.0" name="TestContainersBrowserTest" time="23.323" tests="1" errors="0" skipped="0" failures="0">
  <properties>
    <property name="java.specification.version" value="21"/>
    <property name="sun.cpu.isalist" value="amd64"/>
    <property name="sun.jnu.encoding" value="Cp1252"/>
    <property name="java.class.path" value="C:\Users\Elena\OneDrive\Escritorio\calidadPresentacion\testcontainers-browser\target\test-classes;C:\Users\Elena\OneDrive\Escritorio\calidadPresentacion\testcontainers-browser\target\classes;C:\Users\Elena\.m2\repository\org\junit\jupiter\junit-jupiter-api\5.10.0\junit-jupiter-api-5.10.0.jar;C:\Users\Elena\.m2\repository\org\opentest4j\opentest4j\1.3.0\opentest4j-1.3.0.jar;C:\Users\Elena\.m2\repository\org\junit\platform\junit-platform-commons\1.10.0\junit-platform-commons-1.10.0.jar;C:\Users\Elena\.m2\repository\org\apiguardian\apiguardian-api\1.1.2\apiguardian-api-1.1.2.jar;C:\Users\Elena\.m2\repository\org\junit\jupiter\junit-jupiter-engine\5.10.0\junit-jupiter-engine-5.10.0.jar;C:\Users\Elena\.m2\repository\org\junit\platform\junit-platform-engine\1.10.0\junit-platform-engine-1.10.0.jar;C:\Users\Elena\.m2\repository\ch\qos\logback\logback-classic\1.4.14\logback-classic-1.4.14.jar;C:\Users\Elena\.m2\repository\ch\qos\logback\logback-core\1.4.14\logback-core-1.4.14.jar;C:\Users\Elena\.m2\repository\org\slf4j\slf4j-api\2.0.7\slf4j-api-2.0.7.jar;C:\Users\Elena\.m2\repository\org\seleniumhq\selenium\selenium-java\4.20.0\selenium-java-4.20.0.jar;C:\Users\Elena\.m2\repository\org\seleniumhq\selenium\selenium-api\4.20.0\selenium-api-4.20.0.jar;C:\Users\Elena\.m2\repository\org\seleniumhq\selenium\selenium-chrome-driver\4.20.0\selenium-chrome-driver-4.20.0.jar;C:\Users\Elena\.m2\repository\org\seleniumhq\selenium\selenium-chromium-driver\4.20.0\selenium-chromium-driver-4.20.0.jar;C:\Users\Elena\.m2\repository\org\seleniumhq\selenium\selenium-devtools-v122\4.20.0\selenium-devtools-v122-4.20.0.jar;C:\Users\Elena\.m2\repository\org\seleniumhq\selenium\selenium-devtools-v123\4.20.0\selenium-devtools-v123-4.20.0.jar;C:\Users\Elena\.m2\repository\org\seleniumhq\selenium\selenium-devtools-v124\4.20.0\selenium-devtools-v124-4.20.0.jar;C:\Users\Elena\.m2\repository\org\seleniumhq\selenium\selenium-devtools-v85\4.20.0\selenium-devtools-v85-4.20.0.jar;C:\Users\Elena\.m2\repository\org\seleniumhq\selenium\selenium-edge-driver\4.20.0\selenium-edge-driver-4.20.0.jar;C:\Users\Elena\.m2\repository\org\seleniumhq\selenium\selenium-firefox-driver\4.20.0\selenium-firefox-driver-4.20.0.jar;C:\Users\Elena\.m2\repository\org\seleniumhq\selenium\selenium-ie-driver\4.20.0\selenium-ie-driver-4.20.0.jar;C:\Users\Elena\.m2\repository\org\seleniumhq\selenium\selenium-safari-driver\4.20.0\selenium-safari-driver-4.20.0.jar;C:\Users\Elena\.m2\repository\org\seleniumhq\selenium\selenium-support\4.20.0\selenium-support-4.20.0.jar;C:\Users\Elena\.m2\repository\org\seleniumhq\selenium\selenium-remote-driver\4.20.0\selenium-remote-driver-4.20.0.jar;C:\Users\Elena\.m2\repository\com\google\auto\service\auto-service-annotations\1.1.1\auto-service-annotations-1.1.1.jar;C:\Users\Elena\.m2\repository\com\google\guava\guava\33.1.0-jre\guava-33.1.0-jre.jar;C:\Users\Elena\.m2\repository\com\google\guava\failureaccess\1.0.2\failureaccess-1.0.2.jar;C:\Users\Elena\.m2\repository\com\google\guava\listenablefuture\9999.0-empty-to-avoid-conflict-with-guava\listenablefuture-9999.0-empty-to-avoid-conflict-with-guava.jar;C:\Users\Elena\.m2\repository\com\google\code\findbugs\jsr305\3.0.2\jsr305-3.0.2.jar;C:\Users\Elena\.m2\repository\org\checkerframework\checker-qual\3.42.0\checker-qual-3.42.0.jar;C:\Users\Elena\.m2\repository\com\google\errorprone\error_prone_annotations\2.26.1\error_prone_annotations-2.26.1.jar;C:\Users\Elena\.m2\repository\com\google\j2objc\j2objc-annotations\3.0.0\j2objc-annotations-3.0.0.jar;C:\Users\Elena\.m2\repository\io\opentelemetry\semconv\opentelemetry-semconv\1.25.0-alpha\opentelemetry-semconv-1.25.0-alpha.jar;C:\Users\Elena\.m2\repository\io\opentelemetry\opentelemetry-api\1.37.0\opentelemetry-api-1.37.0.jar;C:\Users\Elena\.m2\repository\io\opentelemetry\opentelemetry-context\1.37.0\opentelemetry-context-1.37.0.jar;C:\Users\Elena\.m2\repository\io\opentelemetry\opentelemetry-exporter-logging\1.37.0\opentelemetry-exporter-logging-1.37.0.jar;C:\Users\Elena\.m2\repository\io\opentelemetry\opentelemetry-sdk-common\1.37.0\opentelemetry-sdk-common-1.37.0.jar;C:\Users\Elena\.m2\repository\io\opentelemetry\opentelemetry-sdk-extension-autoconfigure-spi\1.37.0\opentelemetry-sdk-extension-autoconfigure-spi-1.37.0.jar;C:\Users\Elena\.m2\repository\io\opentelemetry\opentelemetry-sdk-extension-autoconfigure\1.37.0\opentelemetry-sdk-extension-autoconfigure-1.37.0.jar;C:\Users\Elena\.m2\repository\io\opentelemetry\opentelemetry-api-incubator\1.37.0-alpha\opentelemetry-api-incubator-1.37.0-alpha.jar;C:\Users\Elena\.m2\repository\io\opentelemetry\opentelemetry-sdk-trace\1.37.0\opentelemetry-sdk-trace-1.37.0.jar;C:\Users\Elena\.m2\repository\io\opentelemetry\opentelemetry-sdk\1.37.0\opentelemetry-sdk-1.37.0.jar;C:\Users\Elena\.m2\repository\io\opentelemetry\opentelemetry-sdk-metrics\1.37.0\opentelemetry-sdk-metrics-1.37.0.jar;C:\Users\Elena\.m2\repository\io\opentelemetry\opentelemetry-sdk-logs\1.37.0\opentelemetry-sdk-logs-1.37.0.jar;C:\Users\Elena\.m2\repository\net\bytebuddy\byte-buddy\1.14.14\byte-buddy-1.14.14.jar;C:\Users\Elena\.m2\repository\org\seleniumhq\selenium\selenium-http\4.20.0\selenium-http-4.20.0.jar;C:\Users\Elena\.m2\repository\dev\failsafe\failsafe\3.3.2\failsafe-3.3.2.jar;C:\Users\Elena\.m2\repository\org\seleniumhq\selenium\selenium-json\4.20.0\selenium-json-4.20.0.jar;C:\Users\Elena\.m2\repository\org\seleniumhq\selenium\selenium-manager\4.20.0\selenium-manager-4.20.0.jar;C:\Users\Elena\.m2\repository\org\seleniumhq\selenium\selenium-os\4.20.0\selenium-os-4.20.0.jar;C:\Users\Elena\.m2\repository\org\apache\commons\commons-exec\1.4.0\commons-exec-1.4.0.jar;C:\Users\Elena\.m2\repository\org\testcontainers\junit-jupiter\1.19.3\junit-jupiter-1.19.3.jar;C:\Users\Elena\.m2\repository\org\testcontainers\testcontainers\1.19.3\testcontainers-1.19.3.jar;C:\Users\Elena\.m2\repository\junit\junit\4.13.2\junit-4.13.2.jar;C:\Users\Elena\.m2\repository\org\hamcrest\hamcrest-core\1.3\hamcrest-core-1.3.jar;C:\Users\Elena\.m2\repository\org\apache\commons\commons-compress\1.24.0\commons-compress-1.24.0.jar;C:\Users\Elena\.m2\repository\org\rnorth\duct-tape\duct-tape\1.0.8\duct-tape-1.0.8.jar;C:\Users\Elena\.m2\repository\org\jetbrains\annotations\17.0.0\annotations-17.0.0.jar;C:\Users\Elena\.m2\repository\com\github\docker-java\docker-java-api\3.3.4\docker-java-api-3.3.4.jar;C:\Users\Elena\.m2\repository\com\fasterxml\jackson\core\jackson-annotations\2.10.3\jackson-annotations-2.10.3.jar;C:\Users\Elena\.m2\repository\com\github\docker-java\docker-java-transport-zerodep\3.3.4\docker-java-transport-zerodep-3.3.4.jar;C:\Users\Elena\.m2\repository\com\github\docker-java\docker-java-transport\3.3.4\docker-java-transport-3.3.4.jar;C:\Users\Elena\.m2\repository\net\java\dev\jna\jna\5.13.0\jna-5.13.0.jar;C:\Users\Elena\.m2\repository\org\testcontainers\selenium\1.19.3\selenium-1.19.3.jar;"/>
    <property name="java.vm.vendor" value="Eclipse Adoptium"/>
    <property name="sun.arch.data.model" value="64"/>
    <property name="user.variant" value=""/>
    <property name="java.vendor.url" value="https://adoptium.net/"/>
    <property name="user.timezone" value="Europe/Madrid"/>
    <property name="os.name" value="Windows 11"/>
    <property name="java.vm.specification.version" value="21"/>
    <property name="sun.java.launcher" value="SUN_STANDARD"/>
    <property name="user.country" value="ES"/>
    <property name="sun.boot.library.path" value="C:\Users\Elena\AppData\Roaming\Code\User\globalStorage\pleiades.java-extension-pack-jdk\java\21\bin"/>
    <property name="sun.java.command" value="C:\Users\Elena\AppData\Local\Temp\surefire3625200770340374856\surefirebooter-20250502151101497_3.jar C:\Users\Elena\AppData\Local\Temp\surefire3625200770340374856 2025-05-02T15-11-01_213-jvmRun1 surefire-20250502151101497_1tmp surefire_0-20250502151101497_2tmp"/>
    <property name="jdk.debug" value="release"/>
    <property name="surefire.test.class.path" value="C:\Users\Elena\OneDrive\Escritorio\calidadPresentacion\testcontainers-browser\target\test-classes;C:\Users\Elena\OneDrive\Escritorio\calidadPresentacion\testcontainers-browser\target\classes;C:\Users\Elena\.m2\repository\org\junit\jupiter\junit-jupiter-api\5.10.0\junit-jupiter-api-5.10.0.jar;C:\Users\Elena\.m2\repository\org\opentest4j\opentest4j\1.3.0\opentest4j-1.3.0.jar;C:\Users\Elena\.m2\repository\org\junit\platform\junit-platform-commons\1.10.0\junit-platform-commons-1.10.0.jar;C:\Users\Elena\.m2\repository\org\apiguardian\apiguardian-api\1.1.2\apiguardian-api-1.1.2.jar;C:\Users\Elena\.m2\repository\org\junit\jupiter\junit-jupiter-engine\5.10.0\junit-jupiter-engine-5.10.0.jar;C:\Users\Elena\.m2\repository\org\junit\platform\junit-platform-engine\1.10.0\junit-platform-engine-1.10.0.jar;C:\Users\Elena\.m2\repository\ch\qos\logback\logback-classic\1.4.14\logback-classic-1.4.14.jar;C:\Users\Elena\.m2\repository\ch\qos\logback\logback-core\1.4.14\logback-core-1.4.14.jar;C:\Users\Elena\.m2\repository\org\slf4j\slf4j-api\2.0.7\slf4j-api-2.0.7.jar;C:\Users\Elena\.m2\repository\org\seleniumhq\selenium\selenium-java\4.20.0\selenium-java-4.20.0.jar;C:\Users\Elena\.m2\repository\org\seleniumhq\selenium\selenium-api\4.20.0\selenium-api-4.20.0.jar;C:\Users\Elena\.m2\repository\org\seleniumhq\selenium\selenium-chrome-driver\4.20.0\selenium-chrome-driver-4.20.0.jar;C:\Users\Elena\.m2\repository\org\seleniumhq\selenium\selenium-chromium-driver\4.20.0\selenium-chromium-driver-4.20.0.jar;C:\Users\Elena\.m2\repository\org\seleniumhq\selenium\selenium-devtools-v122\4.20.0\selenium-devtools-v122-4.20.0.jar;C:\Users\Elena\.m2\repository\org\seleniumhq\selenium\selenium-devtools-v123\4.20.0\selenium-devtools-v123-4.20.0.jar;C:\Users\Elena\.m2\repository\org\seleniumhq\selenium\selenium-devtools-v124\4.20.0\selenium-devtools-v124-4.20.0.jar;C:\Users\Elena\.m2\repository\org\seleniumhq\selenium\selenium-devtools-v85\4.20.0\selenium-devtools-v85-4.20.0.jar;C:\Users\Elena\.m2\repository\org\seleniumhq\selenium\selenium-edge-driver\4.20.0\selenium-edge-driver-4.20.0.jar;C:\Users\Elena\.m2\repository\org\seleniumhq\selenium\selenium-firefox-driver\4.20.0\selenium-firefox-driver-4.20.0.jar;C:\Users\Elena\.m2\repository\org\seleniumhq\selenium\selenium-ie-driver\4.20.0\selenium-ie-driver-4.20.0.jar;C:\Users\Elena\.m2\repository\org\seleniumhq\selenium\selenium-safari-driver\4.20.0\selenium-safari-driver-4.20.0.jar;C:\Users\Elena\.m2\repository\org\seleniumhq\selenium\selenium-support\4.20.0\selenium-support-4.20.0.jar;C:\Users\Elena\.m2\repository\org\seleniumhq\selenium\selenium-remote-driver\4.20.0\selenium-remote-driver-4.20.0.jar;C:\Users\Elena\.m2\repository\com\google\auto\service\auto-service-annotations\1.1.1\auto-service-annotations-1.1.1.jar;C:\Users\Elena\.m2\repository\com\google\guava\guava\33.1.0-jre\guava-33.1.0-jre.jar;C:\Users\Elena\.m2\repository\com\google\guava\failureaccess\1.0.2\failureaccess-1.0.2.jar;C:\Users\Elena\.m2\repository\com\google\guava\listenablefuture\9999.0-empty-to-avoid-conflict-with-guava\listenablefuture-9999.0-empty-to-avoid-conflict-with-guava.jar;C:\Users\Elena\.m2\repository\com\google\code\findbugs\jsr305\3.0.2\jsr305-3.0.2.jar;C:\Users\Elena\.m2\repository\org\checkerframework\checker-qual\3.42.0\checker-qual-3.42.0.jar;C:\Users\Elena\.m2\repository\com\google\errorprone\error_prone_annotations\2.26.1\error_prone_annotations-2.26.1.jar;C:\Users\Elena\.m2\repository\com\google\j2objc\j2objc-annotations\3.0.0\j2objc-annotations-3.0.0.jar;C:\Users\Elena\.m2\repository\io\opentelemetry\semconv\opentelemetry-semconv\1.25.0-alpha\opentelemetry-semconv-1.25.0-alpha.jar;C:\Users\Elena\.m2\repository\io\opentelemetry\opentelemetry-api\1.37.0\opentelemetry-api-1.37.0.jar;C:\Users\Elena\.m2\repository\io\opentelemetry\opentelemetry-context\1.37.0\opentelemetry-context-1.37.0.jar;C:\Users\Elena\.m2\repository\io\opentelemetry\opentelemetry-exporter-logging\1.37.0\opentelemetry-exporter-logging-1.37.0.jar;C:\Users\Elena\.m2\repository\io\opentelemetry\opentelemetry-sdk-common\1.37.0\opentelemetry-sdk-common-1.37.0.jar;C:\Users\Elena\.m2\repository\io\opentelemetry\opentelemetry-sdk-extension-autoconfigure-spi\1.37.0\opentelemetry-sdk-extension-autoconfigure-spi-1.37.0.jar;C:\Users\Elena\.m2\repository\io\opentelemetry\opentelemetry-sdk-extension-autoconfigure\1.37.0\opentelemetry-sdk-extension-autoconfigure-1.37.0.jar;C:\Users\Elena\.m2\repository\io\opentelemetry\opentelemetry-api-incubator\1.37.0-alpha\opentelemetry-api-incubator-1.37.0-alpha.jar;C:\Users\Elena\.m2\repository\io\opentelemetry\opentelemetry-sdk-trace\1.37.0\opentelemetry-sdk-trace-1.37.0.jar;C:\Users\Elena\.m2\repository\io\opentelemetry\opentelemetry-sdk\1.37.0\opentelemetry-sdk-1.37.0.jar;C:\Users\Elena\.m2\repository\io\opentelemetry\opentelemetry-sdk-metrics\1.37.0\opentelemetry-sdk-metrics-1.37.0.jar;C:\Users\Elena\.m2\repository\io\opentelemetry\opentelemetry-sdk-logs\1.37.0\opentelemetry-sdk-logs-1.37.0.jar;C:\Users\Elena\.m2\repository\net\bytebuddy\byte-buddy\1.14.14\byte-buddy-1.14.14.jar;C:\Users\Elena\.m2\repository\org\seleniumhq\selenium\selenium-http\4.20.0\selenium-http-4.20.0.jar;C:\Users\Elena\.m2\repository\dev\failsafe\failsafe\3.3.2\failsafe-3.3.2.jar;C:\Users\Elena\.m2\repository\org\seleniumhq\selenium\selenium-json\4.20.0\selenium-json-4.20.0.jar;C:\Users\Elena\.m2\repository\org\seleniumhq\selenium\selenium-manager\4.20.0\selenium-manager-4.20.0.jar;C:\Users\Elena\.m2\repository\org\seleniumhq\selenium\selenium-os\4.20.0\selenium-os-4.20.0.jar;C:\Users\Elena\.m2\repository\org\apache\commons\commons-exec\1.4.0\commons-exec-1.4.0.jar;C:\Users\Elena\.m2\repository\org\testcontainers\junit-jupiter\1.19.3\junit-jupiter-1.19.3.jar;C:\Users\Elena\.m2\repository\org\testcontainers\testcontainers\1.19.3\testcontainers-1.19.3.jar;C:\Users\Elena\.m2\repository\junit\junit\4.13.2\junit-4.13.2.jar;C:\Users\Elena\.m2\repository\org\hamcrest\hamcrest-core\1.3\hamcrest-core-1.3.jar;C:\Users\Elena\.m2\repository\org\apache\commons\commons-compress\1.24.0\commons-compress-1.24.0.jar;C:\Users\Elena\.m2\repository\org\rnorth\duct-tape\duct-tape\1.0.8\duct-tape-1.0.8.jar;C:\Users\Elena\.m2\repository\org\jetbrains\annotations\17.0.0\annotations-17.0.0.jar;C:\Users\Elena\.m2\repository\com\github\docker-java\docker-java-api\3.3.4\docker-java-api-3.3.4.jar;C:\Users\Elena\.m2\repository\com\fasterxml\jackson\core\jackson-annotations\2.10.3\jackson-annotations-2.10.3.jar;C:\Users\Elena\.m2\repository\com\github\docker-java\docker-java-transport-zerodep\3.3.4\docker-java-transport-zerodep-3.3.4.jar;C:\Users\Elena\.m2\repository\com\github\docker-java\docker-java-transport\3.3.4\docker-java-transport-3.3.4.jar;C:\Users\Elena\.m2\repository\net\java\dev\jna\jna\5.13.0\jna-5.13.0.jar;C:\Users\Elena\.m2\repository\org\testcontainers\selenium\1.19.3\selenium-1.19.3.jar;"/>
    <property name="sun.cpu.endian" value="little"/>
    <property name="user.home" value="C:\Users\Elena"/>
    <property name="user.language" value="es"/>
    <property name="java.specification.vendor" value="Oracle Corporation"/>
    <property name="java.version.date" value="2025-01-21"/>
    <property name="java.home" value="C:\Users\Elena\AppData\Roaming\Code\User\globalStorage\pleiades.java-extension-pack-jdk\java\21"/>
    <property name="file.separator" value="\"/>
    <property name="basedir" value="C:\Users\Elena\OneDrive\Escritorio\calidadPresentacion\testcontainers-browser"/>
    <property name="java.vm.compressedOopsMode" value="Zero based"/>
    <property name="line.separator" value="&#10;"/>
    <property name="java.vm.specification.vendor" value="Oracle Corporation"/>
    <property name="java.specification.name" value="Java Platform API Specification"/>
    <property name="java.awt.headless" value="true"/>
    <property name="surefire.real.class.path" value="C:\Users\Elena\AppData\Local\Temp\surefire3625200770340374856\surefirebooter-20250502151101497_3.jar"/>
    <property name="user.script" value=""/>
    <property name="sun.management.compiler" value="HotSpot 64-Bit Tiered Compilers"/>
    <property name="java.runtime.version" value="21.0.6+7-LTS"/>
    <property name="user.name" value="Elena"/>
    <property name="stdout.encoding" value="UTF-8"/>
    <property name="path.separator" value=";"/>
    <property name="otel.metrics.exporter" value="none"/>
    <property name="os.version" value="10.0"/>
    <property name="java.runtime.name" value="OpenJDK Runtime Environment"/>
    <property name="otel.traces.exporter" value="none"/>
    <property name="file.encoding" value="UTF-8"/>
    <property name="java.vm.name" value="OpenJDK 64-Bit Server VM"/>
    <property name="java.vendor.version" value="Temurin-21.0.6+7"/>
    <property name="localRepository" value="C:\Users\Elena\.m2\repository"/>
    <property name="java.vendor.url.bug" value="https://github.com/adoptium/adoptium-support/issues"/>
    <property name="otel.logs.exporter" value="none"/>
    <property name="java.io.tmpdir" value="C:\Users\Elena\AppData\Local\Temp\"/>
    <property name="java.version" value="21.0.6"/>
    <property name="user.dir" value="C:\Users\Elena\OneDrive\Escritorio\calidadPresentacion\testcontainers-browser"/>
    <property name="os.arch" value="amd64"/>
    <property name="java.vm.specification.name" value="Java Virtual Machine Specification"/>
    <property name="sun.os.patch.level" value=""/>
    <property name="native.encoding" value="Cp1252"/>
    <property name="java.library.path" value="C:\Users\Elena\AppData\Roaming\Code\User\globalStorage\pleiades.java-extension-pack-jdk\java\21\bin;C:\WINDOWS\Sun\Java\bin;C:\WINDOWS\system32;C:\WINDOWS;C:\Users\Elena\AppData\Roaming\Code\User\globalStorage\pleiades.java-extension-pack-jdk\java\21\bin;C:\Users\Elena\bin;C:\Program Files\Git\mingw64\bin;C:\Program Files\Git\usr\local\bin;C:\Program Files\Git\usr\bin;C:\Program Files\Git\usr\bin;C:\Program Files\Git\mingw64\bin;C:\Program Files\Git\usr\bin;C:\Users\Elena\bin;C:\Users\Elena\OneDrive\Escritorio\php-8.4.5-Win32-vs17-x64;C:\Program Files\Java\jdk-23\bin;C:\Program Files\MySQL Server 9.2\bin;C:\WINDOWS\system32;C:\WINDOWS;C:\WINDOWS\System32\Wbem;C:\Program Files\Zulu\zulu-22\bin;C:\WINDOWS\System32\WindowsPowerShell\v1.0;C:\WINDOWS\System32\OpenSSH;C:\Program Files\Java\jdk-21\bin;C:\Program Files\Git\cmd;C:\FPC\3.2.2\bin\i386-Win32;C:\Program Files\MySQL\MySQL Server 9.2\bin;C:\Program Files\Docker\Docker\resources\bin;%NVM_HOME%;%NVM_SYMLINK%;C:\Users\Elena\OneDrive\apache-maven-3.9.9\bin;C:\Users\Elena\AppData\Local\Programs\Microsoft VS Code\bin;C:\Users\Elena\AppData\Roaming\npm;C:\Users\Elena\AppData\Local\Programs\mongosh;C:\Users\Elena\.fly\bin;C:\Program Files\heroku\bin;C:\Users\Elena\AppData\Local\Microsoft\WindowsApps;C:\Users\Elena\AppData\Local\nvm;C:\nvm4w\nodejs;C:\Program Files\Git\usr\bin\vendor_perl;C:\Program Files\Git\usr\bin\core_perl;."/>
    <property name="java.vm.info" value="mixed mode, sharing"/>
    <property name="stderr.encoding" value="UTF-8"/>
    <property name="java.vendor" value="Eclipse Adoptium"/>
    <property name="java.vm.version" value="21.0.6+7-LTS"/>
    <property name="sun.io.unicode.encoding" value="UnicodeLittle"/>
    <property name="java.class.version" value="65.0"/>
  </properties>
  <testcase name="testHttpCat404Direct" classname="TestContainersBrowserTest" time="22.911">
    <system-out><![CDATA[15:11:03.231 [main] DEBUG org.testcontainers.utility.TestcontainersConfiguration -- Testcontainers configuration overrides will be loaded from file:/C:/Users/Elena/.testcontainers.properties
15:11:03.260 [main] INFO org.testcontainers.images.PullPolicy -- Image pull policy will be performed by: DefaultPullPolicy()
15:11:03.262 [main] INFO org.testcontainers.utility.ImageNameSubstitutor -- Image name substitution will be performed by: DefaultImageNameSubstitutor (composite of 'ConfigurationFileImageNameSubstitutor' and 'PrefixingImageNameSubstitutor')
15:11:04.114 [main] INFO org.testcontainers.dockerclient.DockerClientProviderStrategy -- Loaded org.testcontainers.dockerclient.NpipeSocketClientProviderStrategy from ~/.testcontainers.properties, will try it first
15:11:04.125 [main] DEBUG org.testcontainers.dockerclient.DockerClientProviderStrategy -- Trying out strategy: NpipeSocketClientProviderStrategy
15:11:04.576 [main] DEBUG org.testcontainers.shaded.com.github.dockerjava.core.command.AbstrDockerCmd -- Cmd: 
15:11:04.637 [main] DEBUG com.github.dockerjava.zerodep.shaded.org.apache.hc.client5.http.impl.classic.InternalHttpClient -- ex-00000001: preparing request execution
15:11:04.650 [main] DEBUG com.github.dockerjava.zerodep.shaded.org.apache.hc.client5.http.protocol.RequestAddCookies -- Cookie spec selected: strict
15:11:04.665 [main] DEBUG com.github.dockerjava.zerodep.shaded.org.apache.hc.client5.http.protocol.RequestAuthCache -- Auth cache not set in the context
15:11:04.666 [main] DEBUG com.github.dockerjava.zerodep.shaded.org.apache.hc.client5.http.impl.classic.ProtocolExec -- ex-00000001: target auth state: UNCHALLENGED
15:11:04.667 [main] DEBUG com.github.dockerjava.zerodep.shaded.org.apache.hc.client5.http.impl.classic.ProtocolExec -- ex-00000001: proxy auth state: UNCHALLENGED
15:11:04.667 [main] DEBUG com.github.dockerjava.zerodep.shaded.org.apache.hc.client5.http.impl.classic.ConnectExec -- ex-00000001: acquiring connection with route {}->npipe://localhost:2375
15:11:04.668 [main] DEBUG com.github.dockerjava.zerodep.shaded.org.apache.hc.client5.http.impl.classic.InternalHttpClient -- ex-00000001: acquiring endpoint (3 MINUTES)
15:11:04.669 [main] DEBUG com.github.dockerjava.zerodep.shaded.org.apache.hc.client5.http.impl.io.PoolingHttpClientConnectionManager -- ex-00000001: endpoint lease request (3 MINUTES) [route: {}->npipe://localhost:2375][total available: 0; route allocated: 0 of 2147483647; total allocated: 0 of 2147483647]
15:11:04.674 [main] DEBUG com.github.dockerjava.zerodep.shaded.org.apache.hc.client5.http.impl.io.PoolingHttpClientConnectionManager -- ex-00000001: endpoint leased [route: {}->npipe://localhost:2375][total available: 0; route allocated: 1 of 2147483647; total allocated: 1 of 2147483647]
15:11:04.712 [main] DEBUG com.github.dockerjava.zerodep.shaded.org.apache.hc.client5.http.impl.io.PoolingHttpClientConnectionManager -- ex-00000001: acquired ep-00000000
15:11:04.712 [main] DEBUG com.github.dockerjava.zerodep.shaded.org.apache.hc.client5.http.impl.classic.InternalHttpClient -- ex-00000001: acquired endpoint ep-00000000
15:11:04.713 [main] DEBUG com.github.dockerjava.zerodep.shaded.org.apache.hc.client5.http.impl.classic.ConnectExec -- ex-00000001: opening connection {}->npipe://localhost:2375
15:11:04.714 [main] DEBUG com.github.dockerjava.zerodep.shaded.org.apache.hc.client5.http.impl.classic.InternalHttpClient -- ep-00000000: connecting endpoint (3 MINUTES)
15:11:04.714 [main] DEBUG com.github.dockerjava.zerodep.shaded.org.apache.hc.client5.http.impl.io.PoolingHttpClientConnectionManager -- ep-00000000: connecting endpoint to npipe://localhost:2375 (3 MINUTES)
15:11:04.738 [main] DEBUG com.github.dockerjava.zerodep.shaded.org.apache.hc.client5.http.impl.io.DefaultHttpClientConnectionOperator -- http-outgoing-0: connecting to localhost/127.0.0.1:2375
15:11:04.742 [main] DEBUG com.github.dockerjava.zerodep.shaded.org.apache.hc.client5.http.impl.io.DefaultHttpClientConnectionOperator -- http-outgoing-0: connection established 
15:11:04.744 [main] DEBUG com.github.dockerjava.zerodep.shaded.org.apache.hc.client5.http.impl.io.PoolingHttpClientConnectionManager -- ep-00000000: connected http-outgoing-0
15:11:04.744 [main] DEBUG com.github.dockerjava.zerodep.shaded.org.apache.hc.client5.http.impl.classic.InternalHttpClient -- ep-00000000: endpoint connected
15:11:04.746 [main] DEBUG com.github.dockerjava.zerodep.shaded.org.apache.hc.client5.http.impl.classic.MainClientExec -- ex-00000001: executing GET /v1.32/info HTTP/1.1
15:11:04.747 [main] DEBUG com.github.dockerjava.zerodep.shaded.org.apache.hc.client5.http.impl.classic.InternalHttpClient -- ep-00000000: start execution ex-00000001
15:11:04.747 [main] DEBUG com.github.dockerjava.zerodep.shaded.org.apache.hc.client5.http.impl.io.PoolingHttpClientConnectionManager -- ep-00000000: executing exchange ex-00000001 over http-outgoing-0
15:11:04.749 [main] DEBUG com.github.dockerjava.zerodep.shaded.org.apache.hc.client5.http.headers -- http-outgoing-0 >> GET /v1.32/info HTTP/1.1
15:11:04.749 [main] DEBUG com.github.dockerjava.zerodep.shaded.org.apache.hc.client5.http.headers -- http-outgoing-0 >> x-tc-sid: 19636001-dfb0-4a92-a4d9-9b302f9285c4
15:11:04.749 [main] DEBUG com.github.dockerjava.zerodep.shaded.org.apache.hc.client5.http.headers -- http-outgoing-0 >> User-Agent: tc-java/1.19.3
15:11:04.749 [main] DEBUG com.github.dockerjava.zerodep.shaded.org.apache.hc.client5.http.headers -- http-outgoing-0 >> Accept-Encoding: gzip, x-gzip, deflate
15:11:04.749 [main] DEBUG com.github.dockerjava.zerodep.shaded.org.apache.hc.client5.http.headers -- http-outgoing-0 >> Host: localhost:2375
15:11:04.749 [main] DEBUG com.github.dockerjava.zerodep.shaded.org.apache.hc.client5.http.headers -- http-outgoing-0 >> Connection: keep-alive
15:11:04.750 [main] DEBUG com.github.dockerjava.zerodep.shaded.org.apache.hc.client5.http.wire -- http-outgoing-0 >> "GET /v1.32/info HTTP/1.1[\r][\n]"
15:11:04.750 [main] DEBUG com.github.dockerjava.zerodep.shaded.org.apache.hc.client5.http.wire -- http-outgoing-0 >> "x-tc-sid: 19636001-dfb0-4a92-a4d9-9b302f9285c4[\r][\n]"
15:11:04.750 [main] DEBUG com.github.dockerjava.zerodep.shaded.org.apache.hc.client5.http.wire -- http-outgoing-0 >> "User-Agent: tc-java/1.19.3[\r][\n]"
15:11:04.750 [main] DEBUG com.github.dockerjava.zerodep.shaded.org.apache.hc.client5.http.wire -- http-outgoing-0 >> "Accept-Encoding: gzip, x-gzip, deflate[\r][\n]"
15:11:04.750 [main] DEBUG com.github.dockerjava.zerodep.shaded.org.apache.hc.client5.http.wire -- http-outgoing-0 >> "Host: localhost:2375[\r][\n]"
15:11:04.750 [main] DEBUG com.github.dockerjava.zerodep.shaded.org.apache.hc.client5.http.wire -- http-outgoing-0 >> "Connection: keep-alive[\r][\n]"
15:11:04.751 [main] DEBUG com.github.dockerjava.zerodep.shaded.org.apache.hc.client5.http.wire -- http-outgoing-0 >> "[\r][\n]"
15:11:04.796 [main] DEBUG com.github.dockerjava.zerodep.shaded.org.apache.hc.client5.http.wire -- http-outgoing-0 << "HTTP/1.1 200 OK[\r][\n]"
15:11:04.797 [main] DEBUG com.github.dockerjava.zerodep.shaded.org.apache.hc.client5.http.wire -- http-outgoing-0 << "Api-Version: 1.47[\r][\n]"
15:11:04.797 [main] DEBUG com.github.dockerjava.zerodep.shaded.org.apache.hc.client5.http.wire -- http-outgoing-0 << "Content-Type: application/json[\r][\n]"
15:11:04.798 [main] DEBUG com.github.dockerjava.zerodep.shaded.org.apache.hc.client5.http.wire -- http-outgoing-0 << "Date: Fri, 02 May 2025 13:11:04 GMT[\r][\n]"
15:11:04.798 [main] DEBUG com.github.dockerjava.zerodep.shaded.org.apache.hc.client5.http.wire -- http-outgoing-0 << "Docker-Experimental: false[\r][\n]"
15:11:04.798 [main] DEBUG com.github.dockerjava.zerodep.shaded.org.apache.hc.client5.http.wire -- http-outgoing-0 << "Ostype: linux[\r][\n]"
15:11:04.798 [main] DEBUG com.github.dockerjava.zerodep.shaded.org.apache.hc.client5.http.wire -- http-outgoing-0 << "Server: Docker/27.5.1 (linux)[\r][\n]"
15:11:04.798 [main] DEBUG com.github.dockerjava.zerodep.shaded.org.apache.hc.client5.http.wire -- http-outgoing-0 << "Transfer-Encoding: chunked[\r][\n]"
15:11:04.798 [main] DEBUG com.github.dockerjava.zerodep.shaded.org.apache.hc.client5.http.wire -- http-outgoing-0 << "[\r][\n]"
15:11:04.800 [main] DEBUG com.github.dockerjava.zerodep.shaded.org.apache.hc.client5.http.headers -- http-outgoing-0 << HTTP/1.1 200 OK
15:11:04.800 [main] DEBUG com.github.dockerjava.zerodep.shaded.org.apache.hc.client5.http.headers -- http-outgoing-0 << Api-Version: 1.47
15:11:04.800 [main] DEBUG com.github.dockerjava.zerodep.shaded.org.apache.hc.client5.http.headers -- http-outgoing-0 << Content-Type: application/json
15:11:04.801 [main] DEBUG com.github.dockerjava.zerodep.shaded.org.apache.hc.client5.http.headers -- http-outgoing-0 << Date: Fri, 02 May 2025 13:11:04 GMT
15:11:04.801 [main] DEBUG com.github.dockerjava.zerodep.shaded.org.apache.hc.client5.http.headers -- http-outgoing-0 << Docker-Experimental: false
15:11:04.801 [main] DEBUG com.github.dockerjava.zerodep.shaded.org.apache.hc.client5.http.headers -- http-outgoing-0 << Ostype: linux
15:11:04.801 [main] DEBUG com.github.dockerjava.zerodep.shaded.org.apache.hc.client5.http.headers -- http-outgoing-0 << Server: Docker/27.5.1 (linux)
15:11:04.801 [main] DEBUG com.github.dockerjava.zerodep.shaded.org.apache.hc.client5.http.headers -- http-outgoing-0 << Transfer-Encoding: chunked
15:11:04.812 [main] DEBUG com.github.dockerjava.zerodep.shaded.org.apache.hc.client5.http.impl.classic.MainClientExec -- ex-00000001: connection can be kept alive for 3 MINUTES
15:11:04.815 [main] DEBUG com.github.dockerjava.zerodep.shaded.org.apache.hc.client5.http.wire -- http-outgoing-0 << "acd[\r][\n]"
15:11:04.816 [main] DEBUG com.github.dockerjava.zerodep.shaded.org.apache.hc.client5.http.wire -- http-outgoing-0 << "{"ID":"7723e164-43b6-4a01-b297-f325e35cecd5","Containers":2,"ContainersRunning":2,"ContainersPaused":0,"ContainersStopped":0,"Images":6,"Driver":"overlayfs","DriverStatus":[["driver-type","io.containerd.snapshotter.v1"]],"Plugins":{"Volume":["local"],"Network":["bridge","host","ipvlan","macvlan","null","overlay"],"Authorization":null,"Log":["awslogs","fluentd","gcplogs","gelf","journald","json-file","local","splunk","syslog"]},"MemoryLimit":true,"SwapLimit":true,"KernelMemory":true,"KernelMemoryTCP":true,"CpuCfsPeriod":true,"CpuCfsQuota":true,"CPUShares":true,"CPUSet":true,"PidsLimit":true,"IPv4Forwarding":true,"BridgeNfIptables":true,"BridgeNfIp6tables":true,"Debug":false,"NFd":76,"OomKillDisable":true,"NGoroutines":104,"SystemTime":"2025-05-02T13:11:04.769386184Z","LoggingDriver":"json-file","CgroupDriver":"cgroupfs","CgroupVersion":"1","NEventsListener":17,"KernelVersion":"5.15.167.4-microsoft-standard-WSL2","OperatingSystem":"Docker Desktop","OSVersion":"","OSType":"linux","Architecture":"x86_64","IndexServerAddress":"https://index.docker.io/v1/","RegistryConfig":{"AllowNondistributableArtifactsCIDRs":null,"AllowNondistributableArtifactsHostnames":null,"InsecureRegistryCIDRs":["127.0.0.0/8"],"IndexConfigs":{"docker.io":{"Name":"docker.io","Mirrors":[],"Secure":true,"Official":true},"hubproxy.docker.internal:5555":{"Name":"hubproxy.docker.internal:5555","Mirrors":[],"Secure":false,"Official":false}},"Mirrors":null},"NCPU":8,"MemTotal":8170528768,"GenericResources":null,"DockerRootDir":"/var/lib/docker","HttpProxy":"http.docker.internal:3128","HttpsProxy":"http.docker.internal:3128","NoProxy":"hubproxy.docker.internal","Name":"docker-desktop","Labels":["com.docker.desktop.address=npipe://\\\\.\\pipe\\docker_cli"],"ExperimentalBuild":false,"ServerVersion":"27.5.1","Runtimes":{"io.containerd.runc.v2":{"path":"runc"},"nvidia":{"path":"nvidia-container-runtime"},"runc":{"path":"runc"}},"DefaultRuntime":"runc","Swarm":{"NodeID":"","NodeAddr":"","LocalNodeState":"inactive","ControlAvailable":false,"Error":"","RemoteManagers":null},"LiveRestoreEnabled":false,"Isolation":"","InitBinary":"docker-init","ContainerdCommit":{"ID":"bcc810d6b9066471b0b6fa75f557a15a1cbf31bb","Expected":"bcc810d6b9066471b0b6fa75f557a15a1cbf31bb"},"RuncCommit":{"ID":"v1.1.12-0-g51d5e946","Expected":"v1.1.12-0-g51d5e946"},"InitCommit":{"ID":"de40ad0","Expected":"de40ad0"},"SecurityOptions":["name=seccomp,profile=unconfined"],"CDISpecDirs":["/etc/cdi","/var/run/cdi"],"Warnings":["WARNING: No blkio throttle.read_bps_device support","WARNING: No blkio throttle.write_bps_device support","WARNING: No blkio throttle.read_iops_device support","WARNING: No blkio throttle.write_iops_device support","WARNING: daemon is not using the default seccomp profile"]}[\r][\n]"
15:11:04.816 [main] DEBUG com.github.dockerjava.zerodep.shaded.org.apache.hc.client5.http.wire -- http-outgoing-0 << "0[\r][\n]"
15:11:04.816 [main] DEBUG com.github.dockerjava.zerodep.shaded.org.apache.hc.client5.http.wire -- http-outgoing-0 << "[\r][\n]"
15:11:04.932 [main] DEBUG com.github.dockerjava.zerodep.shaded.org.apache.hc.client5.http.impl.classic.InternalHttpClient -- ep-00000000: releasing valid endpoint
15:11:04.932 [main] DEBUG com.github.dockerjava.zerodep.shaded.org.apache.hc.client5.http.impl.io.PoolingHttpClientConnectionManager -- ep-00000000: releasing endpoint
15:11:04.932 [main] DEBUG com.github.dockerjava.zerodep.shaded.org.apache.hc.client5.http.impl.io.PoolingHttpClientConnectionManager -- ep-00000000: connection http-outgoing-0 can be kept alive for 3 MINUTES
15:11:04.933 [main] DEBUG com.github.dockerjava.zerodep.shaded.org.apache.hc.client5.http.impl.io.PoolingHttpClientConnectionManager -- ep-00000000: connection released [route: {}->npipe://localhost:2375][total available: 1; route allocated: 1 of 2147483647; total allocated: 1 of 2147483647]
15:11:04.933 [main] INFO org.testcontainers.dockerclient.DockerClientProviderStrategy -- Found Docker environment with local Npipe socket (npipe:////./pipe/docker_engine)
15:11:04.933 [main] DEBUG org.testcontainers.dockerclient.DockerClientProviderStrategy -- Transport type: 'httpclient5', Docker host: 'npipe:////./pipe/docker_engine'
15:11:04.934 [main] DEBUG org.testcontainers.dockerclient.DockerClientProviderStrategy -- Checking Docker OS type for local Npipe socket (npipe:////./pipe/docker_engine)
15:11:04.935 [main] INFO org.testcontainers.DockerClientFactory -- Docker host IP address is localhost
15:11:04.935 [main] DEBUG org.testcontainers.DockerClientFactory -- Docker info: {CDISpecDirs=[/etc/cdi, /var/run/cdi], NGoroutines=104, Name=docker-desktop, Swarm={NodeID=, NodeAddr=, LocalNodeState=inactive, ControlAvailable=false, Error=, RemoteManagers=null}, RuncCommit={ID=v1.1.12-0-g51d5e946, Expected=v1.1.12-0-g51d5e946}, OSVersion=, Runtimes={io.containerd.runc.v2={path=runc}, nvidia={path=nvidia-container-runtime}, runc={path=runc}}, ID=7723e164-43b6-4a01-b297-f325e35cecd5, DriverStatus=[[driver-type, io.containerd.snapshotter.v1]], BridgeNfIptables=true, LiveRestoreEnabled=false, SystemTime=2025-05-02T13:11:04.769386184Z, NoProxy=hubproxy.docker.internal, Architecture=x86_64, NEventsListener=17, HttpsProxy=http.docker.internal:3128, Images=6, ContainersRunning=2, Labels=[com.docker.desktop.address=npipe://\\.\pipe\docker_cli], InitCommit={ID=de40ad0, Expected=de40ad0}, NFd=76, KernelVersion=5.15.167.4-microsoft-standard-WSL2, LoggingDriver=json-file, OSType=linux, SecurityOptions=[name=seccomp,profile=unconfined], ContainerdCommit={ID=bcc810d6b9066471b0b6fa75f557a15a1cbf31bb, Expected=bcc810d6b9066471b0b6fa75f557a15a1cbf31bb}, GenericResources=null, KernelMemory=true, OperatingSystem=Docker Desktop, RegistryConfig={AllowNondistributableArtifactsCIDRs=null, AllowNondistributableArtifactsHostnames=null, InsecureRegistryCIDRs=[127.0.0.0/8], IndexConfigs={docker.io={Name=docker.io, Mirrors=[], Secure=true, Official=true}, hubproxy.docker.internal:5555={Name=hubproxy.docker.internal:5555, Mirrors=[], Secure=false, Official=false}}, Mirrors=null}, ServerVersion=27.5.1, OomKillDisable=true, CpuCfsQuota=true, Containers=2, Driver=overlayfs, KernelMemoryTCP=true, IPv4Forwarding=true, ExperimentalBuild=false, DockerRootDir=/var/lib/docker, CPUSet=true, CpuCfsPeriod=true, DefaultRuntime=runc, CPUShares=true, Debug=false, NCPU=8, Plugins={Volume=[local], Network=[bridge, host, ipvlan, macvlan, null, overlay], Authorization=null, Log=[awslogs, fluentd, gcplogs, gelf, journald, json-file, local, splunk, syslog]}, SwapLimit=true, CgroupDriver=cgroupfs, ContainersPaused=0, MemTotal=8170528768, IndexServerAddress=https://index.docker.io/v1/, MemoryLimit=true, HttpProxy=http.docker.internal:3128, InitBinary=docker-init, CgroupVersion=1, PidsLimit=true, Isolation=, BridgeNfIp6tables=true, Warnings=[WARNING: No blkio throttle.read_bps_device support, WARNING: No blkio throttle.write_bps_device support, WARNING: No blkio throttle.read_iops_device support, WARNING: No blkio throttle.write_iops_device support, WARNING: daemon is not using the default seccomp profile], ContainersStopped=0}
15:11:04.941 [main] DEBUG org.testcontainers.shaded.com.github.dockerjava.core.command.AbstrDockerCmd -- Cmd: 
15:11:04.943 [main] DEBUG com.github.dockerjava.zerodep.shaded.org.apache.hc.client5.http.impl.classic.InternalHttpClient -- ex-00000002: preparing request execution
15:11:04.943 [main] DEBUG com.github.dockerjava.zerodep.shaded.org.apache.hc.client5.http.protocol.RequestAddCookies -- Cookie spec selected: strict
15:11:04.943 [main] DEBUG com.github.dockerjava.zerodep.shaded.org.apache.hc.client5.http.protocol.RequestAuthCache -- Auth cache not set in the context
15:11:04.943 [main] DEBUG com.github.dockerjava.zerodep.shaded.org.apache.hc.client5.http.impl.classic.ProtocolExec -- ex-00000002: target auth state: UNCHALLENGED
15:11:04.943 [main] DEBUG com.github.dockerjava.zerodep.shaded.org.apache.hc.client5.http.impl.classic.ProtocolExec -- ex-00000002: proxy auth state: UNCHALLENGED
15:11:04.943 [main] DEBUG com.github.dockerjava.zerodep.shaded.org.apache.hc.client5.http.impl.classic.ConnectExec -- ex-00000002: acquiring connection with route {}->npipe://localhost:2375
15:11:04.943 [main] DEBUG com.github.dockerjava.zerodep.shaded.org.apache.hc.client5.http.impl.classic.InternalHttpClient -- ex-00000002: acquiring endpoint (3 MINUTES)
15:11:04.943 [main] DEBUG com.github.dockerjava.zerodep.shaded.org.apache.hc.client5.http.impl.io.PoolingHttpClientConnectionManager -- ex-00000002: endpoint lease request (3 MINUTES) [route: {}->npipe://localhost:2375][total available: 1; route allocated: 1 of 2147483647; total allocated: 1 of 2147483647]
15:11:04.944 [main] DEBUG com.github.dockerjava.zerodep.shaded.org.apache.hc.client5.http.impl.io.PoolingHttpClientConnectionManager -- ex-00000002: endpoint leased [route: {}->npipe://localhost:2375][total available: 0; route allocated: 1 of 2147483647; total allocated: 1 of 2147483647]
15:11:04.944 [main] DEBUG com.github.dockerjava.zerodep.shaded.org.apache.hc.client5.http.impl.io.PoolingHttpClientConnectionManager -- ex-00000002: acquired ep-00000001
15:11:04.944 [main] DEBUG com.github.dockerjava.zerodep.shaded.org.apache.hc.client5.http.impl.classic.InternalHttpClient -- ex-00000002: acquired endpoint ep-00000001
15:11:04.944 [main] DEBUG com.github.dockerjava.zerodep.shaded.org.apache.hc.client5.http.impl.classic.MainClientExec -- ex-00000002: executing GET /v1.32/version HTTP/1.1
15:11:04.944 [main] DEBUG com.github.dockerjava.zerodep.shaded.org.apache.hc.client5.http.impl.classic.InternalHttpClient -- ep-00000001: start execution ex-00000002
15:11:04.944 [main] DEBUG com.github.dockerjava.zerodep.shaded.org.apache.hc.client5.http.impl.io.PoolingHttpClientConnectionManager -- ep-00000001: executing exchange ex-00000002 over http-outgoing-0
15:11:04.944 [main] DEBUG com.github.dockerjava.zerodep.shaded.org.apache.hc.client5.http.headers -- http-outgoing-0 >> GET /v1.32/version HTTP/1.1
15:11:04.944 [main] DEBUG com.github.dockerjava.zerodep.shaded.org.apache.hc.client5.http.headers -- http-outgoing-0 >> accept: application/json
15:11:04.944 [main] DEBUG com.github.dockerjava.zerodep.shaded.org.apache.hc.client5.http.headers -- http-outgoing-0 >> x-tc-sid: 19636001-dfb0-4a92-a4d9-9b302f9285c4
15:11:04.944 [main] DEBUG com.github.dockerjava.zerodep.shaded.org.apache.hc.client5.http.headers -- http-outgoing-0 >> User-Agent: tc-java/1.19.3
15:11:04.944 [main] DEBUG com.github.dockerjava.zerodep.shaded.org.apache.hc.client5.http.headers -- http-outgoing-0 >> Accept-Encoding: gzip, x-gzip, deflate
15:11:04.944 [main] DEBUG com.github.dockerjava.zerodep.shaded.org.apache.hc.client5.http.headers -- http-outgoing-0 >> Host: localhost:2375
15:11:04.944 [main] DEBUG com.github.dockerjava.zerodep.shaded.org.apache.hc.client5.http.headers -- http-outgoing-0 >> Connection: keep-alive
15:11:04.945 [main] DEBUG com.github.dockerjava.zerodep.shaded.org.apache.hc.client5.http.wire -- http-outgoing-0 >> "GET /v1.32/version HTTP/1.1[\r][\n]"
15:11:04.945 [main] DEBUG com.github.dockerjava.zerodep.shaded.org.apache.hc.client5.http.wire -- http-outgoing-0 >> "accept: application/json[\r][\n]"
15:11:04.945 [main] DEBUG com.github.dockerjava.zerodep.shaded.org.apache.hc.client5.http.wire -- http-outgoing-0 >> "x-tc-sid: 19636001-dfb0-4a92-a4d9-9b302f9285c4[\r][\n]"
15:11:04.945 [main] DEBUG com.github.dockerjava.zerodep.shaded.org.apache.hc.client5.http.wire -- http-outgoing-0 >> "User-Agent: tc-java/1.19.3[\r][\n]"
15:11:04.945 [main] DEBUG com.github.dockerjava.zerodep.shaded.org.apache.hc.client5.http.wire -- http-outgoing-0 >> "Accept-Encoding: gzip, x-gzip, deflate[\r][\n]"
15:11:04.945 [main] DEBUG com.github.dockerjava.zerodep.shaded.org.apache.hc.client5.http.wire -- http-outgoing-0 >> "Host: localhost:2375[\r][\n]"
15:11:04.945 [main] DEBUG com.github.dockerjava.zerodep.shaded.org.apache.hc.client5.http.wire -- http-outgoing-0 >> "Connection: keep-alive[\r][\n]"
15:11:04.945 [main] DEBUG com.github.dockerjava.zerodep.shaded.org.apache.hc.client5.http.wire -- http-outgoing-0 >> "[\r][\n]"
15:11:04.967 [main] DEBUG com.github.dockerjava.zerodep.shaded.org.apache.hc.client5.http.wire -- http-outgoing-0 << "HTTP/1.1 200 OK[\r][\n]"
15:11:04.968 [main] DEBUG com.github.dockerjava.zerodep.shaded.org.apache.hc.client5.http.wire -- http-outgoing-0 << "Api-Version: 1.47[\r][\n]"
15:11:04.968 [main] DEBUG com.github.dockerjava.zerodep.shaded.org.apache.hc.client5.http.wire -- http-outgoing-0 << "Content-Type: application/json[\r][\n]"
15:11:04.968 [main] DEBUG com.github.dockerjava.zerodep.shaded.org.apache.hc.client5.http.wire -- http-outgoing-0 << "Date: Fri, 02 May 2025 13:11:04 GMT[\r][\n]"
15:11:04.968 [main] DEBUG com.github.dockerjava.zerodep.shaded.org.apache.hc.client5.http.wire -- http-outgoing-0 << "Docker-Experimental: false[\r][\n]"
15:11:04.968 [main] DEBUG com.github.dockerjava.zerodep.shaded.org.apache.hc.client5.http.wire -- http-outgoing-0 << "Ostype: linux[\r][\n]"
15:11:04.968 [main] DEBUG com.github.dockerjava.zerodep.shaded.org.apache.hc.client5.http.wire -- http-outgoing-0 << "Server: Docker/27.5.1 (linux)[\r][\n]"
15:11:04.968 [main] DEBUG com.github.dockerjava.zerodep.shaded.org.apache.hc.client5.http.wire -- http-outgoing-0 << "Transfer-Encoding: chunked[\r][\n]"
15:11:04.968 [main] DEBUG com.github.dockerjava.zerodep.shaded.org.apache.hc.client5.http.wire -- http-outgoing-0 << "[\r][\n]"
15:11:04.968 [main] DEBUG com.github.dockerjava.zerodep.shaded.org.apache.hc.client5.http.headers -- http-outgoing-0 << HTTP/1.1 200 OK
15:11:04.969 [main] DEBUG com.github.dockerjava.zerodep.shaded.org.apache.hc.client5.http.headers -- http-outgoing-0 << Api-Version: 1.47
15:11:04.969 [main] DEBUG com.github.dockerjava.zerodep.shaded.org.apache.hc.client5.http.headers -- http-outgoing-0 << Content-Type: application/json
15:11:04.969 [main] DEBUG com.github.dockerjava.zerodep.shaded.org.apache.hc.client5.http.headers -- http-outgoing-0 << Date: Fri, 02 May 2025 13:11:04 GMT
15:11:04.969 [main] DEBUG com.github.dockerjava.zerodep.shaded.org.apache.hc.client5.http.headers -- http-outgoing-0 << Docker-Experimental: false
15:11:04.969 [main] DEBUG com.github.dockerjava.zerodep.shaded.org.apache.hc.client5.http.headers -- http-outgoing-0 << Ostype: linux
15:11:04.969 [main] DEBUG com.github.dockerjava.zerodep.shaded.org.apache.hc.client5.http.headers -- http-outgoing-0 << Server: Docker/27.5.1 (linux)
15:11:04.969 [main] DEBUG com.github.dockerjava.zerodep.shaded.org.apache.hc.client5.http.headers -- http-outgoing-0 << Transfer-Encoding: chunked
15:11:04.969 [main] DEBUG com.github.dockerjava.zerodep.shaded.org.apache.hc.client5.http.impl.classic.MainClientExec -- ex-00000002: connection can be kept alive for 3 MINUTES
15:11:04.970 [main] DEBUG com.github.dockerjava.zerodep.shaded.org.apache.hc.client5.http.wire -- http-outgoing-0 << "362[\r][\n]"
15:11:04.970 [main] DEBUG com.github.dockerjava.zerodep.shaded.org.apache.hc.client5.http.wire -- http-outgoing-0 << "{"Platform":{"Name":"Docker Desktop 4.38.0 (181591)"},"Components":[{"Name":"Engine","Version":"27.5.1","Details":{"ApiVersion":"1.47","Arch":"amd64","BuildTime":"2025-01-22T13:41:17.000000000+00:00","Experimental":"false","GitCommit":"4c9b3b0","GoVersion":"go1.22.11","KernelVersion":"5.15.167.4-microsoft-standard-WSL2","MinAPIVersion":"1.24","Os":"linux"}},{"Name":"containerd","Version":"1.7.25","Details":{"GitCommit":"bcc810d6b9066471b0b6fa75f557a15a1cbf31bb"}},{"Name":"runc","Version":"1.1.12","Details":{"GitCommit":"v1.1.12-0-g51d5e946"}},{"Name":"docker-init","Version":"0.19.0","Details":{"GitCommit":"de40ad0"}}],"Version":"27.5.1","ApiVersion":"1.47","MinAPIVersion":"1.24","GitCommit":"4c9b3b0","GoVersion":"go1.22.11","Os":"linux","Arch":"amd64","KernelVersion":"5.15.167.4-microsoft-standard-WSL2","BuildTime":"2025-01-22T13:41:17.000000000+00:00"}[\n]"
15:11:04.970 [main] DEBUG com.github.dockerjava.zerodep.shaded.org.apache.hc.client5.http.wire -- http-outgoing-0 << "[\r][\n]"
15:11:04.970 [main] DEBUG com.github.dockerjava.zerodep.shaded.org.apache.hc.client5.http.wire -- http-outgoing-0 << "0[\r][\n]"
15:11:04.970 [main] DEBUG com.github.dockerjava.zerodep.shaded.org.apache.hc.client5.http.wire -- http-outgoing-0 << "[\r][\n]"
15:11:04.985 [main] DEBUG com.github.dockerjava.zerodep.shaded.org.apache.hc.client5.http.impl.classic.InternalHttpClient -- ep-00000001: releasing valid endpoint
15:11:04.985 [main] DEBUG com.github.dockerjava.zerodep.shaded.org.apache.hc.client5.http.impl.io.PoolingHttpClientConnectionManager -- ep-00000001: releasing endpoint
15:11:04.985 [main] DEBUG com.github.dockerjava.zerodep.shaded.org.apache.hc.client5.http.impl.io.PoolingHttpClientConnectionManager -- ep-00000001: connection http-outgoing-0 can be kept alive for 3 MINUTES
15:11:04.985 [main] DEBUG com.github.dockerjava.zerodep.shaded.org.apache.hc.client5.http.impl.io.PoolingHttpClientConnectionManager -- ep-00000001: connection released [route: {}->npipe://localhost:2375][total available: 1; route allocated: 1 of 2147483647; total allocated: 1 of 2147483647]
15:11:04.985 [main] DEBUG org.testcontainers.DockerClientFactory -- Docker version: {Components=[{Name=Engine, Version=27.5.1, Details={ApiVersion=1.47, Arch=amd64, BuildTime=2025-01-22T13:41:17.000000000+00:00, Experimental=false, GitCommit=4c9b3b0, GoVersion=go1.22.11, KernelVersion=5.15.167.4-microsoft-standard-WSL2, MinAPIVersion=1.24, Os=linux}}, {Name=containerd, Version=1.7.25, Details={GitCommit=bcc810d6b9066471b0b6fa75f557a15a1cbf31bb}}, {Name=runc, Version=1.1.12, Details={GitCommit=v1.1.12-0-g51d5e946}}, {Name=docker-init, Version=0.19.0, Details={GitCommit=de40ad0}}], KernelVersion=5.15.167.4-microsoft-standard-WSL2, ApiVersion=1.47, Platform={Name=Docker Desktop 4.38.0 (181591)}, GitCommit=4c9b3b0, Os=linux, Version=27.5.1, MinAPIVersion=1.24, Arch=amd64, GoVersion=go1.22.11, BuildTime=2025-01-22T13:41:17.000000000+00:00}
15:11:04.985 [main] INFO org.testcontainers.DockerClientFactory -- Connected to docker: 
  Server Version: 27.5.1
  API Version: 1.47
  Operating System: Docker Desktop
  Total Memory: 7792 MB
15:11:05.011 [main] DEBUG org.testcontainers.utility.RyukResourceReaper -- Ryuk is enabled
15:11:05.012 [main] DEBUG org.testcontainers.utility.PrefixingImageNameSubstitutor -- No prefix is configured
15:11:05.012 [main] DEBUG org.testcontainers.utility.ImageNameSubstitutor -- Did not find a substitute image for testcontainers/ryuk:0.5.1 (using image substitutor: DefaultImageNameSubstitutor (composite of 'ConfigurationFileImageNameSubstitutor' and 'PrefixingImageNameSubstitutor'))
15:11:05.014 [main] DEBUG org.testcontainers.shaded.com.github.dockerjava.core.command.AbstrDockerCmd -- Cmd: ListImagesCmdImpl[filters=org.testcontainers.shaded.com.github.dockerjava.core.util.FiltersBuilder@0,imageNameFilter=<null>,showAll=false]
15:11:05.020 [main] DEBUG com.github.dockerjava.zerodep.shaded.org.apache.hc.client5.http.impl.classic.InternalHttpClient -- ex-00000003: preparing request execution
15:11:05.020 [main] DEBUG com.github.dockerjava.zerodep.shaded.org.apache.hc.client5.http.protocol.RequestAddCookies -- Cookie spec selected: strict
15:11:05.020 [main] DEBUG com.github.dockerjava.zerodep.shaded.org.apache.hc.client5.http.protocol.RequestAuthCache -- Auth cache not set in the context
15:11:05.020 [main] DEBUG com.github.dockerjava.zerodep.shaded.org.apache.hc.client5.http.impl.classic.ProtocolExec -- ex-00000003: target auth state: UNCHALLENGED
15:11:05.020 [main] DEBUG com.github.dockerjava.zerodep.shaded.org.apache.hc.client5.http.impl.classic.ProtocolExec -- ex-00000003: proxy auth state: UNCHALLENGED
15:11:05.021 [main] DEBUG com.github.dockerjava.zerodep.shaded.org.apache.hc.client5.http.impl.classic.ConnectExec -- ex-00000003: acquiring connection with route {}->npipe://localhost:2375
15:11:05.021 [main] DEBUG com.github.dockerjava.zerodep.shaded.org.apache.hc.client5.http.impl.classic.InternalHttpClient -- ex-00000003: acquiring endpoint (3 MINUTES)
15:11:05.022 [main] DEBUG com.github.dockerjava.zerodep.shaded.org.apache.hc.client5.http.impl.io.PoolingHttpClientConnectionManager -- ex-00000003: endpoint lease request (3 MINUTES) [route: {}->npipe://localhost:2375][total available: 1; route allocated: 1 of 2147483647; total allocated: 1 of 2147483647]
15:11:05.022 [main] DEBUG com.github.dockerjava.zerodep.shaded.org.apache.hc.client5.http.impl.io.PoolingHttpClientConnectionManager -- ex-00000003: endpoint leased [route: {}->npipe://localhost:2375][total available: 0; route allocated: 1 of 2147483647; total allocated: 1 of 2147483647]
15:11:05.023 [main] DEBUG com.github.dockerjava.zerodep.shaded.org.apache.hc.client5.http.impl.io.PoolingHttpClientConnectionManager -- ex-00000003: acquired ep-00000002
15:11:05.023 [main] DEBUG com.github.dockerjava.zerodep.shaded.org.apache.hc.client5.http.impl.classic.InternalHttpClient -- ex-00000003: acquired endpoint ep-00000002
15:11:05.023 [main] DEBUG com.github.dockerjava.zerodep.shaded.org.apache.hc.client5.http.impl.classic.MainClientExec -- ex-00000003: executing GET /v1.32/images/json HTTP/1.1
15:11:05.023 [main] DEBUG com.github.dockerjava.zerodep.shaded.org.apache.hc.client5.http.impl.classic.InternalHttpClient -- ep-00000002: start execution ex-00000003
15:11:05.023 [main] DEBUG com.github.dockerjava.zerodep.shaded.org.apache.hc.client5.http.impl.io.PoolingHttpClientConnectionManager -- ep-00000002: executing exchange ex-00000003 over http-outgoing-0
15:11:05.024 [main] DEBUG com.github.dockerjava.zerodep.shaded.org.apache.hc.client5.http.headers -- http-outgoing-0 >> GET /v1.32/images/json HTTP/1.1
15:11:05.024 [main] DEBUG com.github.dockerjava.zerodep.shaded.org.apache.hc.client5.http.headers -- http-outgoing-0 >> accept: application/json
15:11:05.024 [main] DEBUG com.github.dockerjava.zerodep.shaded.org.apache.hc.client5.http.headers -- http-outgoing-0 >> x-tc-sid: 19636001-dfb0-4a92-a4d9-9b302f9285c4
15:11:05.024 [main] DEBUG com.github.dockerjava.zerodep.shaded.org.apache.hc.client5.http.headers -- http-outgoing-0 >> User-Agent: tc-java/1.19.3
15:11:05.024 [main] DEBUG com.github.dockerjava.zerodep.shaded.org.apache.hc.client5.http.headers -- http-outgoing-0 >> Accept-Encoding: gzip, x-gzip, deflate
15:11:05.024 [main] DEBUG com.github.dockerjava.zerodep.shaded.org.apache.hc.client5.http.headers -- http-outgoing-0 >> Host: localhost:2375
15:11:05.024 [main] DEBUG com.github.dockerjava.zerodep.shaded.org.apache.hc.client5.http.headers -- http-outgoing-0 >> Connection: keep-alive
15:11:05.024 [main] DEBUG com.github.dockerjava.zerodep.shaded.org.apache.hc.client5.http.wire -- http-outgoing-0 >> "GET /v1.32/images/json HTTP/1.1[\r][\n]"
15:11:05.025 [main] DEBUG com.github.dockerjava.zerodep.shaded.org.apache.hc.client5.http.wire -- http-outgoing-0 >> "accept: application/json[\r][\n]"
15:11:05.025 [main] DEBUG com.github.dockerjava.zerodep.shaded.org.apache.hc.client5.http.wire -- http-outgoing-0 >> "x-tc-sid: 19636001-dfb0-4a92-a4d9-9b302f9285c4[\r][\n]"
15:11:05.025 [main] DEBUG com.github.dockerjava.zerodep.shaded.org.apache.hc.client5.http.wire -- http-outgoing-0 >> "User-Agent: tc-java/1.19.3[\r][\n]"
15:11:05.025 [main] DEBUG com.github.dockerjava.zerodep.shaded.org.apache.hc.client5.http.wire -- http-outgoing-0 >> "Accept-Encoding: gzip, x-gzip, deflate[\r][\n]"
15:11:05.025 [main] DEBUG com.github.dockerjava.zerodep.shaded.org.apache.hc.client5.http.wire -- http-outgoing-0 >> "Host: localhost:2375[\r][\n]"
15:11:05.025 [main] DEBUG com.github.dockerjava.zerodep.shaded.org.apache.hc.client5.http.wire -- http-outgoing-0 >> "Connection: keep-alive[\r][\n]"
15:11:05.025 [main] DEBUG com.github.dockerjava.zerodep.shaded.org.apache.hc.client5.http.wire -- http-outgoing-0 >> "[\r][\n]"
15:11:05.128 [main] DEBUG com.github.dockerjava.zerodep.shaded.org.apache.hc.client5.http.wire -- http-outgoing-0 << "HTTP/1.1 200 OK[\r][\n]"
15:11:05.128 [main] DEBUG com.github.dockerjava.zerodep.shaded.org.apache.hc.client5.http.wire -- http-outgoing-0 << "Api-Version: 1.47[\r][\n]"
15:11:05.128 [main] DEBUG com.github.dockerjava.zerodep.shaded.org.apache.hc.client5.http.wire -- http-outgoing-0 << "Content-Type: application/json[\r][\n]"
15:11:05.128 [main] DEBUG com.github.dockerjava.zerodep.shaded.org.apache.hc.client5.http.wire -- http-outgoing-0 << "Date: Fri, 02 May 2025 13:11:05 GMT[\r][\n]"
15:11:05.128 [main] DEBUG com.github.dockerjava.zerodep.shaded.org.apache.hc.client5.http.wire -- http-outgoing-0 << "Docker-Experimental: false[\r][\n]"
15:11:05.130 [main] DEBUG com.github.dockerjava.zerodep.shaded.org.apache.hc.client5.http.wire -- http-outgoing-0 << "Ostype: linux[\r][\n]"
15:11:05.130 [main] DEBUG com.github.dockerjava.zerodep.shaded.org.apache.hc.client5.http.wire -- http-outgoing-0 << "Server: Docker/27.5.1 (linux)[\r][\n]"
15:11:05.130 [main] DEBUG com.github.dockerjava.zerodep.shaded.org.apache.hc.client5.http.wire -- http-outgoing-0 << "Transfer-Encoding: chunked[\r][\n]"
15:11:05.130 [main] DEBUG com.github.dockerjava.zerodep.shaded.org.apache.hc.client5.http.wire -- http-outgoing-0 << "[\r][\n]"
15:11:05.131 [main] DEBUG com.github.dockerjava.zerodep.shaded.org.apache.hc.client5.http.headers -- http-outgoing-0 << HTTP/1.1 200 OK
15:11:05.131 [main] DEBUG com.github.dockerjava.zerodep.shaded.org.apache.hc.client5.http.headers -- http-outgoing-0 << Api-Version: 1.47
15:11:05.131 [main] DEBUG com.github.dockerjava.zerodep.shaded.org.apache.hc.client5.http.headers -- http-outgoing-0 << Content-Type: application/json
15:11:05.131 [main] DEBUG com.github.dockerjava.zerodep.shaded.org.apache.hc.client5.http.headers -- http-outgoing-0 << Date: Fri, 02 May 2025 13:11:05 GMT
15:11:05.131 [main] DEBUG com.github.dockerjava.zerodep.shaded.org.apache.hc.client5.http.headers -- http-outgoing-0 << Docker-Experimental: false
15:11:05.131 [main] DEBUG com.github.dockerjava.zerodep.shaded.org.apache.hc.client5.http.headers -- http-outgoing-0 << Ostype: linux
15:11:05.132 [main] DEBUG com.github.dockerjava.zerodep.shaded.org.apache.hc.client5.http.headers -- http-outgoing-0 << Server: Docker/27.5.1 (linux)
15:11:05.132 [main] DEBUG com.github.dockerjava.zerodep.shaded.org.apache.hc.client5.http.headers -- http-outgoing-0 << Transfer-Encoding: chunked
15:11:05.133 [main] DEBUG com.github.dockerjava.zerodep.shaded.org.apache.hc.client5.http.impl.classic.MainClientExec -- ex-00000003: connection can be kept alive for 3 MINUTES
15:11:05.134 [main] DEBUG com.github.dockerjava.zerodep.shaded.org.apache.hc.client5.http.wire -- http-outgoing-0 << "95f[\r][\n]"
15:11:05.134 [main] DEBUG com.github.dockerjava.zerodep.shaded.org.apache.hc.client5.http.wire -- http-outgoing-0 << "[{"Containers":-1,"Created":1744725854,"Id":"sha256:1f7571f033006f8a6e474fa5b5c5e3a3f523fb738ef85330fecafcdc19fd9c26","Labels":{"org.opencontainers.image.ref.name":"ubuntu","org.opencontainers.image.version":"24.04"},"ParentId":"","RepoDigests":["elenacabe/dreamlife@sha256:1f7571f033006f8a6e474fa5b5c5e3a3f523fb738ef85330fecafcdc19fd9c26"],"RepoTags":["elenacabe/dreamlife:latest"],"SharedSize":-1,"Size":814725558,"VirtualSize":814725558},{"Containers":-1,"Created":1684336262,"Id":"sha256:533abc56c07b52a26c955d1e7ae428d810582ab01c156384ae79960eb5fa0775","Labels":{"org.testcontainers.ryuk":"true"},"ParentId":"","RepoDigests":["testcontainers/ryuk@sha256:533abc56c07b52a26c955d1e7ae428d810582ab01c156384ae79960eb5fa0775"],"RepoTags":["testcontainers/ryuk:0.5.1"],"SharedSize":-1,"Size":20121218,"VirtualSize":20121218},{"Containers":-1,"Created":1669211008,"Id":"sha256:97fba4daa01bdb900a0716e48765e32c39e26d9357522a5b6004da7799f0822e","Labels":{"Description":"This image can be used to create a sidekick container for recording videos of VNC sessions hosted in other containers","maintainer":"Richard North \u003crich.north@gmail.com\u003e"},"ParentId":"","RepoDigests":["testcontainers/vnc-recorder@sha256:97fba4daa01bdb900a0716e48765e32c39e26d9357522a5b6004da7799f0822e"],"RepoTags":["testcontainers/vnc-recorder:1.3.0"],"SharedSize":-1,"Size":994785423,"VirtualSize":994785423},{"Containers":-1,"Created":1654903374,"Id":"sha256:7d6fdd0bd7e64229c9cf9feabc394a6d0a7fc15a671e84993d86fd91ed52422e","Labels":null,"ParentId":"","RepoDigests":["testcontainers/sshd@sha256:7d6fdd0bd7e64229c9cf9feabc394a6d0a7fc15a671e84993d86fd91ed52422e"],"RepoTags":["testcontainers/sshd:1.1.0"],"SharedSize":-1,"Size":18078780,"VirtualSize":18078780},{"Containers":-1,"Created":1610446310,"Id":"sha256:0fd2898dc1c946b34dceaccc3b80d38b1049285c1dab70df7480de62265d6213","Labels":null,"ParentId":"","RepoDigests":["mysql@sha256:0fd2898dc1c946b34dceaccc3b80d38b1049285c1dab70df7480de62265d6213"],"RepoTags":["mysql:8.0.22"],"SharedSize":-1,"Size":721468812,"VirtualSize":721468812},{"Containers":-1,"Created":0,"Id":"sha256:98a4acf36526b42162e80e32b36ba7e5cd93e15cb0f2ca510d6fc3fe655edf92","Labels":null,"ParentId":"","RepoDigests":["sha256:98a4acf36526b42162e80e32b36ba7e5cd93e15cb0f2ca510d6fc3fe655edf92"],"RepoTags":["selenium/standalone-chrome:4.20.0"],"SharedSize":-1,"Size":486731910,"VirtualSize":486731910}][\n]"
15:11:05.134 [main] DEBUG com.github.dockerjava.zerodep.shaded.org.apache.hc.client5.http.wire -- http-outgoing-0 << "[\r][\n]"
15:11:05.146 [main] DEBUG com.github.dockerjava.zerodep.shaded.org.apache.hc.client5.http.wire -- http-outgoing-0 << "0[\r][\n]"
15:11:05.146 [main] DEBUG com.github.dockerjava.zerodep.shaded.org.apache.hc.client5.http.wire -- http-outgoing-0 << "[\r][\n]"
15:11:05.146 [main] DEBUG com.github.dockerjava.zerodep.shaded.org.apache.hc.client5.http.impl.classic.InternalHttpClient -- ep-00000002: releasing valid endpoint
15:11:05.146 [main] DEBUG com.github.dockerjava.zerodep.shaded.org.apache.hc.client5.http.impl.io.PoolingHttpClientConnectionManager -- ep-00000002: releasing endpoint
15:11:05.146 [main] DEBUG com.github.dockerjava.zerodep.shaded.org.apache.hc.client5.http.impl.io.PoolingHttpClientConnectionManager -- ep-00000002: connection http-outgoing-0 can be kept alive for 3 MINUTES
15:11:05.146 [main] DEBUG com.github.dockerjava.zerodep.shaded.org.apache.hc.client5.http.impl.io.PoolingHttpClientConnectionManager -- ep-00000002: connection released [route: {}->npipe://localhost:2375][total available: 1; route allocated: 1 of 2147483647; total allocated: 1 of 2147483647]
15:11:05.149 [main] DEBUG org.testcontainers.images.AbstractImagePullPolicy -- Using locally available and not pulling image: testcontainers/ryuk:0.5.1
15:11:05.150 [main] DEBUG tc.testcontainers/ryuk:0.5.1 -- Starting container: testcontainers/ryuk:0.5.1
15:11:05.150 [main] DEBUG tc.testcontainers/ryuk:0.5.1 -- Trying to start container: testcontainers/ryuk:0.5.1 (attempt 1/1)
15:11:05.150 [main] DEBUG tc.testcontainers/ryuk:0.5.1 -- Starting container: testcontainers/ryuk:0.5.1
15:11:05.150 [main] INFO tc.testcontainers/ryuk:0.5.1 -- Creating container for image: testcontainers/ryuk:0.5.1
15:11:05.164 [main] DEBUG org.testcontainers.utility.RegistryAuthLocator -- Looking up auth config for image: testcontainers/ryuk:0.5.1 at registry: https://index.docker.io/v1/
15:11:05.165 [main] DEBUG org.testcontainers.utility.RegistryAuthLocator -- RegistryAuthLocator has configFile: C:\Users\Elena\.docker\config.json (exists) configEnv: DOCKER_AUTH_CONFIG (does not exist) and commandPathPrefix: 
15:11:05.165 [main] DEBUG org.testcontainers.utility.RegistryAuthLocator -- RegistryAuthLocator reading from configFile: C:\Users\Elena\.docker\config.json
15:11:05.166 [main] DEBUG org.testcontainers.utility.RegistryAuthLocator -- registryName [https://index.docker.io/v1/] for dockerImageName [testcontainers/ryuk:0.5.1]
15:11:05.166 [main] DEBUG org.testcontainers.utility.RegistryAuthLocator -- Executing docker credential provider: docker-credential-desktop to locate auth config for: https://index.docker.io/v1/
15:11:05.179 [main] DEBUG org.testcontainers.shaded.org.zeroturnaround.exec.ProcessExecutor -- Executing [cmd, /c, docker-credential-desktop, get].
15:11:05.214 [main] DEBUG org.testcontainers.shaded.org.zeroturnaround.exec.ProcessExecutor -- Started Process[pid=16212, exitValue="not exited"]
15:11:05.371 [WaitForProcess-Process[pid=16212, exitValue="not exited"]] DEBUG org.testcontainers.shaded.org.zeroturnaround.exec.WaitForProcess -- Process[pid=16212, exitValue=0] stopped with exit code 0
15:11:05.377 [main] DEBUG org.testcontainers.utility.RegistryAuthLocator -- Credential helper/store provided auth config for: https://index.docker.io/v1/
15:11:05.382 [main] DEBUG org.testcontainers.utility.RegistryAuthLocator -- found creds store auth config [AuthConfig{username=elenacabe, password=hidden non-blank value, auth=blank, email=null, registryAddress=https://index.docker.io/v1/, registryToken=blank}]
15:11:05.382 [main] DEBUG org.testcontainers.utility.RegistryAuthLocator -- Cached auth found: [AuthConfig{username=elenacabe, password=hidden non-blank value, auth=blank, email=null, registryAddress=https://index.docker.io/v1/, registryToken=blank}]
15:11:05.382 [main] DEBUG org.testcontainers.dockerclient.AuthDelegatingDockerClientConfig -- Effective auth config [AuthConfig{username=elenacabe, password=hidden non-blank value, auth=blank, email=null, registryAddress=https://index.docker.io/v1/, registryToken=blank}]
15:11:05.400 [main] DEBUG org.testcontainers.shaded.com.github.dockerjava.core.command.AbstrDockerCmd -- Cmd: org.testcontainers.shaded.com.github.dockerjava.core.command.CreateContainerCmdImpl@36b6964d[aliases=<null>,argsEscaped=<null>,attachStderr=<null>,attachStdin=<null>,attachStdout=<null>,authConfig=AuthConfig(username=elenacabe, email=null, registryAddress=https://index.docker.io/v1/, stackOrchestrator=null),cmd={},domainName=<null>,entrypoint=<null>,env={},exposedPorts=ExposedPorts(exposedPorts=[8080/tcp]),healthcheck=<null>,hostConfig=HostConfig(binds=[//var/run/docker.sock:/var/run/docker.sock:rw], blkioWeight=null, blkioWeightDevice=null, blkioDeviceReadBps=null, blkioDeviceWriteBps=null, blkioDeviceReadIOps=null, blkioDeviceWriteIOps=null, memorySwappiness=null, nanoCPUs=null, capAdd=null, capDrop=null, containerIDFile=null, cpuPeriod=null, cpuRealtimePeriod=null, cpuRealtimeRuntime=null, cpuShares=null, cpuQuota=null, cpusetCpus=null, cpusetMems=null, devices=null, deviceCgroupRules=null, deviceRequests=null, diskQuota=null, dns=null, dnsOptions=null, dnsSearch=null, extraHosts=[], groupAdd=null, ipcMode=null, cgroup=null, links=[], logConfig=LogConfig(type=null, config=null), lxcConf=null, memory=null, memorySwap=null, memoryReservation=null, kernelMemory=null, networkMode=null, oomKillDisable=null, init=null, autoRemove=true, oomScoreAdj=null, portBindings={8080/tcp=[Lcom.github.dockerjava.api.model.Ports$Binding;@6650813a}, privileged=true, publishAllPorts=null, readonlyRootfs=null, restartPolicy=null, ulimits=null, cpuCount=null, cpuPercent=null, ioMaximumIOps=null, ioMaximumBandwidth=null, volumesFrom=[], mounts=null, pidMode=null, isolation=null, securityOpts=null, storageOpt=null, cgroupParent=null, volumeDriver=null, shmSize=null, pidsLimit=null, runtime=null, tmpFs=null, utSMode=null, usernsMode=null, sysctls=null, consoleSize=null, cgroupnsMode=null),hostName=<null>,image=testcontainers/ryuk:0.5.1,ipv4Address=<null>,ipv6Address=<null>,labels={org.testcontainers=true, org.testcontainers.lang=java, org.testcontainers.version=1.19.3},macAddress=<null>,name=testcontainers-ryuk-19636001-dfb0-4a92-a4d9-9b302f9285c4,networkDisabled=<null>,networkingConfig=<null>,onBuild=<null>,platform=<null>,portSpecs=<null>,shell=<null>,stdInOnce=<null>,stdinOpen=<null>,stopSignal=<null>,stopTimeout=<null>,tty=<null>,user=<null>,volumes=Volumes(volumes=[]),workingDir=<null>]
15:11:05.536 [main] DEBUG com.github.dockerjava.zerodep.shaded.org.apache.hc.client5.http.impl.classic.InternalHttpClient -- ex-00000004: preparing request execution
15:11:05.537 [main] DEBUG com.github.dockerjava.zerodep.shaded.org.apache.hc.client5.http.protocol.RequestAddCookies -- Cookie spec selected: strict
15:11:05.537 [main] DEBUG com.github.dockerjava.zerodep.shaded.org.apache.hc.client5.http.protocol.RequestAuthCache -- Auth cache not set in the context
15:11:05.537 [main] DEBUG com.github.dockerjava.zerodep.shaded.org.apache.hc.client5.http.impl.classic.ProtocolExec -- ex-00000004: target auth state: UNCHALLENGED
15:11:05.537 [main] DEBUG com.github.dockerjava.zerodep.shaded.org.apache.hc.client5.http.impl.classic.ProtocolExec -- ex-00000004: proxy auth state: UNCHALLENGED
15:11:05.537 [main] DEBUG com.github.dockerjava.zerodep.shaded.org.apache.hc.client5.http.impl.classic.ConnectExec -- ex-00000004: acquiring connection with route {}->npipe://localhost:2375
15:11:05.537 [main] DEBUG com.github.dockerjava.zerodep.shaded.org.apache.hc.client5.http.impl.classic.InternalHttpClient -- ex-00000004: acquiring endpoint (3 MINUTES)
15:11:05.537 [main] DEBUG com.github.dockerjava.zerodep.shaded.org.apache.hc.client5.http.impl.io.PoolingHttpClientConnectionManager -- ex-00000004: endpoint lease request (3 MINUTES) [route: {}->npipe://localhost:2375][total available: 1; route allocated: 1 of 2147483647; total allocated: 1 of 2147483647]
15:11:05.537 [main] DEBUG com.github.dockerjava.zerodep.shaded.org.apache.hc.client5.http.impl.io.PoolingHttpClientConnectionManager -- ex-00000004: endpoint leased [route: {}->npipe://localhost:2375][total available: 0; route allocated: 1 of 2147483647; total allocated: 1 of 2147483647]
15:11:05.537 [main] DEBUG com.github.dockerjava.zerodep.shaded.org.apache.hc.client5.http.impl.io.PoolingHttpClientConnectionManager -- ex-00000004: acquired ep-00000003
15:11:05.537 [main] DEBUG com.github.dockerjava.zerodep.shaded.org.apache.hc.client5.http.impl.classic.InternalHttpClient -- ex-00000004: acquired endpoint ep-00000003
15:11:05.538 [main] DEBUG com.github.dockerjava.zerodep.shaded.org.apache.hc.client5.http.impl.classic.MainClientExec -- ex-00000004: executing POST /v1.32/containers/create?name=testcontainers-ryuk-19636001-dfb0-4a92-a4d9-9b302f9285c4 HTTP/1.1
15:11:05.538 [main] DEBUG com.github.dockerjava.zerodep.shaded.org.apache.hc.client5.http.impl.classic.InternalHttpClient -- ep-00000003: start execution ex-00000004
15:11:05.538 [main] DEBUG com.github.dockerjava.zerodep.shaded.org.apache.hc.client5.http.impl.io.PoolingHttpClientConnectionManager -- ep-00000003: executing exchange ex-00000004 over http-outgoing-0
15:11:05.538 [main] DEBUG com.github.dockerjava.zerodep.shaded.org.apache.hc.client5.http.headers -- http-outgoing-0 >> POST /v1.32/containers/create?name=testcontainers-ryuk-19636001-dfb0-4a92-a4d9-9b302f9285c4 HTTP/1.1
15:11:05.538 [main] DEBUG com.github.dockerjava.zerodep.shaded.org.apache.hc.client5.http.headers -- http-outgoing-0 >> X-Registry-Auth: eyJ1c2VybmFtZSI6ImVsZW5hY2FiZSIsInBhc3N3b3JkIjoiZGNrcl9wYXRfTFNweVg2VU02ekszeDNEYzlzNW5QWWNmeVE0IiwiZW1haWwiOm51bGwsInNlcnZlcmFkZHJlc3MiOiJodHRwczovL2luZGV4LmRvY2tlci5pby92MS8iLCJhdXRoIjpudWxsLCJyZWdpc3RyeXRva2VuIjpudWxsLCJpZGVudGl0eXRva2VuIjpudWxsLCJzdGFja09yY2hlc3RyYXRvciI6bnVsbH0=
15:11:05.538 [main] DEBUG com.github.dockerjava.zerodep.shaded.org.apache.hc.client5.http.headers -- http-outgoing-0 >> accept: application/json
15:11:05.538 [main] DEBUG com.github.dockerjava.zerodep.shaded.org.apache.hc.client5.http.headers -- http-outgoing-0 >> content-type: application/json
15:11:05.538 [main] DEBUG com.github.dockerjava.zerodep.shaded.org.apache.hc.client5.http.headers -- http-outgoing-0 >> x-tc-sid: 19636001-dfb0-4a92-a4d9-9b302f9285c4
15:11:05.538 [main] DEBUG com.github.dockerjava.zerodep.shaded.org.apache.hc.client5.http.headers -- http-outgoing-0 >> User-Agent: tc-java/1.19.3
15:11:05.538 [main] DEBUG com.github.dockerjava.zerodep.shaded.org.apache.hc.client5.http.headers -- http-outgoing-0 >> Accept-Encoding: gzip, x-gzip, deflate
15:11:05.538 [main] DEBUG com.github.dockerjava.zerodep.shaded.org.apache.hc.client5.http.headers -- http-outgoing-0 >> Content-Length: 1955
15:11:05.539 [main] DEBUG com.github.dockerjava.zerodep.shaded.org.apache.hc.client5.http.headers -- http-outgoing-0 >> Host: localhost:2375
15:11:05.539 [main] DEBUG com.github.dockerjava.zerodep.shaded.org.apache.hc.client5.http.headers -- http-outgoing-0 >> Connection: keep-alive
15:11:05.539 [main] DEBUG com.github.dockerjava.zerodep.shaded.org.apache.hc.client5.http.wire -- http-outgoing-0 >> "POST /v1.32/containers/create?name=testcontainers-ryuk-19636001-dfb0-4a92-a4d9-9b302f9285c4 HTTP/1.1[\r][\n]"
15:11:05.539 [main] DEBUG com.github.dockerjava.zerodep.shaded.org.apache.hc.client5.http.wire -- http-outgoing-0 >> "X-Registry-Auth: eyJ1c2VybmFtZSI6ImVsZW5hY2FiZSIsInBhc3N3b3JkIjoiZGNrcl9wYXRfTFNweVg2VU02ekszeDNEYzlzNW5QWWNmeVE0IiwiZW1haWwiOm51bGwsInNlcnZlcmFkZHJlc3MiOiJodHRwczovL2luZGV4LmRvY2tlci5pby92MS8iLCJhdXRoIjpudWxsLCJyZWdpc3RyeXRva2VuIjpudWxsLCJpZGVudGl0eXRva2VuIjpudWxsLCJzdGFja09yY2hlc3RyYXRvciI6bnVsbH0=[\r][\n]"
15:11:05.539 [main] DEBUG com.github.dockerjava.zerodep.shaded.org.apache.hc.client5.http.wire -- http-outgoing-0 >> "accept: application/json[\r][\n]"
15:11:05.539 [main] DEBUG com.github.dockerjava.zerodep.shaded.org.apache.hc.client5.http.wire -- http-outgoing-0 >> "content-type: application/json[\r][\n]"
15:11:05.539 [main] DEBUG com.github.dockerjava.zerodep.shaded.org.apache.hc.client5.http.wire -- http-outgoing-0 >> "x-tc-sid: 19636001-dfb0-4a92-a4d9-9b302f9285c4[\r][\n]"
15:11:05.539 [main] DEBUG com.github.dockerjava.zerodep.shaded.org.apache.hc.client5.http.wire -- http-outgoing-0 >> "User-Agent: tc-java/1.19.3[\r][\n]"
15:11:05.539 [main] DEBUG com.github.dockerjava.zerodep.shaded.org.apache.hc.client5.http.wire -- http-outgoing-0 >> "Accept-Encoding: gzip, x-gzip, deflate[\r][\n]"
15:11:05.539 [main] DEBUG com.github.dockerjava.zerodep.shaded.org.apache.hc.client5.http.wire -- http-outgoing-0 >> "Content-Length: 1955[\r][\n]"
15:11:05.539 [main] DEBUG com.github.dockerjava.zerodep.shaded.org.apache.hc.client5.http.wire -- http-outgoing-0 >> "Host: localhost:2375[\r][\n]"
15:11:05.539 [main] DEBUG com.github.dockerjava.zerodep.shaded.org.apache.hc.client5.http.wire -- http-outgoing-0 >> "Connection: keep-alive[\r][\n]"
15:11:05.539 [main] DEBUG com.github.dockerjava.zerodep.shaded.org.apache.hc.client5.http.wire -- http-outgoing-0 >> "[\r][\n]"
15:11:05.540 [main] DEBUG com.github.dockerjava.zerodep.shaded.org.apache.hc.client5.http.wire -- http-outgoing-0 >> "{"Hostname":null,"Domainname":null,"User":null,"AttachStdin":null,"AttachStdout":null,"AttachStderr":null,"PortSpecs":null,"Tty":null,"OpenStdin":null,"StdinOnce":null,"Env":[],"Cmd":[],"Healthcheck":null,"ArgsEscaped":null,"Entrypoint":null,"Image":"testcontainers/ryuk:0.5.1","Volumes":{},"WorkingDir":null,"MacAddress":null,"OnBuild":null,"NetworkDisabled":null,"ExposedPorts":{"8080/tcp":{}},"StopSignal":null,"StopTimeout":null,"HostConfig":{"Binds":["//var/run/docker.sock:/var/run/docker.sock:rw"],"BlkioWeight":null,"BlkioWeightDevice":null,"BlkioDeviceReadBps":null,"BlkioDeviceWriteBps":null,"BlkioDeviceReadIOps":null,"BlkioDeviceWriteIOps":null,"MemorySwappiness":null,"NanoCpus":null,"CapAdd":null,"CapDrop":null,"ContainerIDFile":null,"CpuPeriod":null,"CpuRealtimePeriod":null,"CpuRealtimeRuntime":null,"CpuShares":null,"CpuQuota":null,"CpusetCpus":null,"CpusetMems":null,"Devices":null,"DeviceCgroupRules":null,"DeviceRequests":null,"DiskQuota":null,"Dns":null,"DnsOptions":null,"DnsSearch":null,"ExtraHosts":[],"GroupAdd":null,"IpcMode":null,"Cgroup":null,"Links":[],"LogConfig":null,"LxcConf":null,"Memory":null,"MemorySwap":null,"MemoryReservation":null,"KernelMemory":null,"NetworkMode":null,"OomKillDisable":null,"Init":null,"AutoRemove":true,"OomScoreAdj":null,"PortBindings":{"8080/tcp":[{"HostIp":"","HostPort":""}]},"Privileged":true,"PublishAllPorts":null,"ReadonlyRootfs":null,"RestartPolicy":null,"Ulimits":null,"CpuCount":null,"CpuPercent":null,"IOMaximumIOps":null,"IOMaximumBandwidth":null,"VolumesFrom":[],"Mounts":null,"PidMode":null,"Isolation":null,"SecurityOpt":null,"StorageOpt":null,"CgroupParent":null,"VolumeDriver":null,"ShmSize":null,"PidsLimit":null,"Runtime":null,"Tmpfs":null,"UTSMode":null,"UsernsMode":null,"Sysctls":null,"ConsoleSize":null,"CgroupnsMode":null},"Labels":{"org.testcontainers":"true","org.testcontainers.lang":"java","org.testcontainers.version":"1.19.3"},"Shell":null,"NetworkingConfig":null}"
15:11:05.803 [main] DEBUG com.github.dockerjava.zerodep.shaded.org.apache.hc.client5.http.wire -- http-outgoing-0 << "HTTP/1.1 201 Created[\r][\n]"
15:11:05.804 [main] DEBUG com.github.dockerjava.zerodep.shaded.org.apache.hc.client5.http.wire -- http-outgoing-0 << "Api-Version: 1.47[\r][\n]"
15:11:05.804 [main] DEBUG com.github.dockerjava.zerodep.shaded.org.apache.hc.client5.http.wire -- http-outgoing-0 << "Content-Type: application/json[\r][\n]"
15:11:05.805 [main] DEBUG com.github.dockerjava.zerodep.shaded.org.apache.hc.client5.http.wire -- http-outgoing-0 << "Date: Fri, 02 May 2025 13:11:05 GMT[\r][\n]"
15:11:05.805 [main] DEBUG com.github.dockerjava.zerodep.shaded.org.apache.hc.client5.http.wire -- http-outgoing-0 << "Docker-Experimental: false[\r][\n]"
15:11:05.807 [main] DEBUG com.github.dockerjava.zerodep.shaded.org.apache.hc.client5.http.wire -- http-outgoing-0 << "Ostype: linux[\r][\n]"
15:11:05.809 [main] DEBUG com.github.dockerjava.zerodep.shaded.org.apache.hc.client5.http.wire -- http-outgoing-0 << "Server: Docker/27.5.1 (linux)[\r][\n]"
15:11:05.809 [main] DEBUG com.github.dockerjava.zerodep.shaded.org.apache.hc.client5.http.wire -- http-outgoing-0 << "Transfer-Encoding: chunked[\r][\n]"
15:11:05.809 [main] DEBUG com.github.dockerjava.zerodep.shaded.org.apache.hc.client5.http.wire -- http-outgoing-0 << "[\r][\n]"
15:11:05.810 [main] DEBUG com.github.dockerjava.zerodep.shaded.org.apache.hc.client5.http.headers -- http-outgoing-0 << HTTP/1.1 201 Created
15:11:05.810 [main] DEBUG com.github.dockerjava.zerodep.shaded.org.apache.hc.client5.http.headers -- http-outgoing-0 << Api-Version: 1.47
15:11:05.810 [main] DEBUG com.github.dockerjava.zerodep.shaded.org.apache.hc.client5.http.headers -- http-outgoing-0 << Content-Type: application/json
15:11:05.810 [main] DEBUG com.github.dockerjava.zerodep.shaded.org.apache.hc.client5.http.headers -- http-outgoing-0 << Date: Fri, 02 May 2025 13:11:05 GMT
15:11:05.810 [main] DEBUG com.github.dockerjava.zerodep.shaded.org.apache.hc.client5.http.headers -- http-outgoing-0 << Docker-Experimental: false
15:11:05.810 [main] DEBUG com.github.dockerjava.zerodep.shaded.org.apache.hc.client5.http.headers -- http-outgoing-0 << Ostype: linux
15:11:05.810 [main] DEBUG com.github.dockerjava.zerodep.shaded.org.apache.hc.client5.http.headers -- http-outgoing-0 << Server: Docker/27.5.1 (linux)
15:11:05.810 [main] DEBUG com.github.dockerjava.zerodep.shaded.org.apache.hc.client5.http.headers -- http-outgoing-0 << Transfer-Encoding: chunked
15:11:05.810 [main] DEBUG com.github.dockerjava.zerodep.shaded.org.apache.hc.client5.http.impl.classic.MainClientExec -- ex-00000004: connection can be kept alive for 3 MINUTES
15:11:05.811 [main] DEBUG com.github.dockerjava.zerodep.shaded.org.apache.hc.client5.http.wire -- http-outgoing-0 << "58[\r][\n]"
15:11:05.811 [main] DEBUG com.github.dockerjava.zerodep.shaded.org.apache.hc.client5.http.wire -- http-outgoing-0 << "{"Id":"6f40a73e7f9e2ea7d3f3c9d8992a3cc68460116f8255cc914856b51b228fdfbf","Warnings":[]}[\n]"
15:11:05.811 [main] DEBUG com.github.dockerjava.zerodep.shaded.org.apache.hc.client5.http.wire -- http-outgoing-0 << "[\r][\n]"
15:11:05.811 [main] DEBUG com.github.dockerjava.zerodep.shaded.org.apache.hc.client5.http.wire -- http-outgoing-0 << "0[\r][\n]"
15:11:05.811 [main] DEBUG com.github.dockerjava.zerodep.shaded.org.apache.hc.client5.http.wire -- http-outgoing-0 << "[\r][\n]"
15:11:05.817 [main] DEBUG com.github.dockerjava.zerodep.shaded.org.apache.hc.client5.http.impl.classic.InternalHttpClient -- ep-00000003: releasing valid endpoint
15:11:05.818 [main] DEBUG com.github.dockerjava.zerodep.shaded.org.apache.hc.client5.http.impl.io.PoolingHttpClientConnectionManager -- ep-00000003: releasing endpoint
15:11:05.818 [main] DEBUG com.github.dockerjava.zerodep.shaded.org.apache.hc.client5.http.impl.io.PoolingHttpClientConnectionManager -- ep-00000003: connection http-outgoing-0 can be kept alive for 3 MINUTES
15:11:05.819 [main] DEBUG com.github.dockerjava.zerodep.shaded.org.apache.hc.client5.http.impl.io.PoolingHttpClientConnectionManager -- ep-00000003: connection released [route: {}->npipe://localhost:2375][total available: 1; route allocated: 1 of 2147483647; total allocated: 1 of 2147483647]
15:11:05.828 [main] INFO tc.testcontainers/ryuk:0.5.1 -- Container testcontainers/ryuk:0.5.1 is starting: 6f40a73e7f9e2ea7d3f3c9d8992a3cc68460116f8255cc914856b51b228fdfbf
15:11:05.833 [main] DEBUG org.testcontainers.shaded.com.github.dockerjava.core.command.AbstrDockerCmd -- Cmd: 6f40a73e7f9e2ea7d3f3c9d8992a3cc68460116f8255cc914856b51b228fdfbf
15:11:05.836 [main] DEBUG com.github.dockerjava.zerodep.shaded.org.apache.hc.client5.http.impl.classic.InternalHttpClient -- ex-00000005: preparing request execution
15:11:05.836 [main] DEBUG com.github.dockerjava.zerodep.shaded.org.apache.hc.client5.http.protocol.RequestAddCookies -- Cookie spec selected: strict
15:11:05.836 [main] DEBUG com.github.dockerjava.zerodep.shaded.org.apache.hc.client5.http.protocol.RequestAuthCache -- Auth cache not set in the context
15:11:05.836 [main] DEBUG com.github.dockerjava.zerodep.shaded.org.apache.hc.client5.http.impl.classic.ProtocolExec -- ex-00000005: target auth state: UNCHALLENGED
15:11:05.836 [main] DEBUG com.github.dockerjava.zerodep.shaded.org.apache.hc.client5.http.impl.classic.ProtocolExec -- ex-00000005: proxy auth state: UNCHALLENGED
15:11:05.836 [main] DEBUG com.github.dockerjava.zerodep.shaded.org.apache.hc.client5.http.impl.classic.ConnectExec -- ex-00000005: acquiring connection with route {}->npipe://localhost:2375
15:11:05.837 [main] DEBUG com.github.dockerjava.zerodep.shaded.org.apache.hc.client5.http.impl.classic.InternalHttpClient -- ex-00000005: acquiring endpoint (3 MINUTES)
15:11:05.839 [main] DEBUG com.github.dockerjava.zerodep.shaded.org.apache.hc.client5.http.impl.io.PoolingHttpClientConnectionManager -- ex-00000005: endpoint lease request (3 MINUTES) [route: {}->npipe://localhost:2375][total available: 1; route allocated: 1 of 2147483647; total allocated: 1 of 2147483647]
15:11:05.842 [main] DEBUG com.github.dockerjava.zerodep.shaded.org.apache.hc.client5.http.impl.io.PoolingHttpClientConnectionManager -- ex-00000005: endpoint leased [route: {}->npipe://localhost:2375][total available: 0; route allocated: 1 of 2147483647; total allocated: 1 of 2147483647]
15:11:05.844 [main] DEBUG com.github.dockerjava.zerodep.shaded.org.apache.hc.client5.http.impl.io.PoolingHttpClientConnectionManager -- ex-00000005: acquired ep-00000004
15:11:05.845 [main] DEBUG com.github.dockerjava.zerodep.shaded.org.apache.hc.client5.http.impl.classic.InternalHttpClient -- ex-00000005: acquired endpoint ep-00000004
15:11:05.845 [main] DEBUG com.github.dockerjava.zerodep.shaded.org.apache.hc.client5.http.impl.classic.MainClientExec -- ex-00000005: executing POST /v1.32/containers/6f40a73e7f9e2ea7d3f3c9d8992a3cc68460116f8255cc914856b51b228fdfbf/start HTTP/1.1
15:11:05.845 [main] DEBUG com.github.dockerjava.zerodep.shaded.org.apache.hc.client5.http.impl.classic.InternalHttpClient -- ep-00000004: start execution ex-00000005
15:11:05.845 [main] DEBUG com.github.dockerjava.zerodep.shaded.org.apache.hc.client5.http.impl.io.PoolingHttpClientConnectionManager -- ep-00000004: executing exchange ex-00000005 over http-outgoing-0
15:11:05.846 [main] DEBUG com.github.dockerjava.zerodep.shaded.org.apache.hc.client5.http.headers -- http-outgoing-0 >> POST /v1.32/containers/6f40a73e7f9e2ea7d3f3c9d8992a3cc68460116f8255cc914856b51b228fdfbf/start HTTP/1.1
15:11:05.846 [main] DEBUG com.github.dockerjava.zerodep.shaded.org.apache.hc.client5.http.headers -- http-outgoing-0 >> accept: application/json
15:11:05.846 [main] DEBUG com.github.dockerjava.zerodep.shaded.org.apache.hc.client5.http.headers -- http-outgoing-0 >> content-type: application/json
15:11:05.846 [main] DEBUG com.github.dockerjava.zerodep.shaded.org.apache.hc.client5.http.headers -- http-outgoing-0 >> x-tc-sid: 19636001-dfb0-4a92-a4d9-9b302f9285c4
15:11:05.847 [main] DEBUG com.github.dockerjava.zerodep.shaded.org.apache.hc.client5.http.headers -- http-outgoing-0 >> User-Agent: tc-java/1.19.3
15:11:05.847 [main] DEBUG com.github.dockerjava.zerodep.shaded.org.apache.hc.client5.http.headers -- http-outgoing-0 >> Accept-Encoding: gzip, x-gzip, deflate
15:11:05.847 [main] DEBUG com.github.dockerjava.zerodep.shaded.org.apache.hc.client5.http.headers -- http-outgoing-0 >> Host: localhost:2375
15:11:05.847 [main] DEBUG com.github.dockerjava.zerodep.shaded.org.apache.hc.client5.http.headers -- http-outgoing-0 >> Connection: keep-alive
15:11:05.849 [main] DEBUG com.github.dockerjava.zerodep.shaded.org.apache.hc.client5.http.wire -- http-outgoing-0 >> "POST /v1.32/containers/6f40a73e7f9e2ea7d3f3c9d8992a3cc68460116f8255cc914856b51b228fdfbf/start HTTP/1.1[\r][\n]"
15:11:05.849 [main] DEBUG com.github.dockerjava.zerodep.shaded.org.apache.hc.client5.http.wire -- http-outgoing-0 >> "accept: application/json[\r][\n]"
15:11:05.849 [main] DEBUG com.github.dockerjava.zerodep.shaded.org.apache.hc.client5.http.wire -- http-outgoing-0 >> "content-type: application/json[\r][\n]"
15:11:05.849 [main] DEBUG com.github.dockerjava.zerodep.shaded.org.apache.hc.client5.http.wire -- http-outgoing-0 >> "x-tc-sid: 19636001-dfb0-4a92-a4d9-9b302f9285c4[\r][\n]"
15:11:05.850 [main] DEBUG com.github.dockerjava.zerodep.shaded.org.apache.hc.client5.http.wire -- http-outgoing-0 >> "User-Agent: tc-java/1.19.3[\r][\n]"
15:11:05.851 [main] DEBUG com.github.dockerjava.zerodep.shaded.org.apache.hc.client5.http.wire -- http-outgoing-0 >> "Accept-Encoding: gzip, x-gzip, deflate[\r][\n]"
15:11:05.851 [main] DEBUG com.github.dockerjava.zerodep.shaded.org.apache.hc.client5.http.wire -- http-outgoing-0 >> "Host: localhost:2375[\r][\n]"
15:11:05.851 [main] DEBUG com.github.dockerjava.zerodep.shaded.org.apache.hc.client5.http.wire -- http-outgoing-0 >> "Connection: keep-alive[\r][\n]"
15:11:05.851 [main] DEBUG com.github.dockerjava.zerodep.shaded.org.apache.hc.client5.http.wire -- http-outgoing-0 >> "[\r][\n]"
15:11:06.986 [main] DEBUG com.github.dockerjava.zerodep.shaded.org.apache.hc.client5.http.wire -- http-outgoing-0 << "HTTP/1.1 204 No Content[\r][\n]"
15:11:06.986 [main] DEBUG com.github.dockerjava.zerodep.shaded.org.apache.hc.client5.http.wire -- http-outgoing-0 << "Api-Version: 1.47[\r][\n]"
15:11:06.986 [main] DEBUG com.github.dockerjava.zerodep.shaded.org.apache.hc.client5.http.wire -- http-outgoing-0 << "Date: Fri, 02 May 2025 13:11:06 GMT[\r][\n]"
15:11:06.986 [main] DEBUG com.github.dockerjava.zerodep.shaded.org.apache.hc.client5.http.wire -- http-outgoing-0 << "Docker-Experimental: false[\r][\n]"
15:11:06.986 [main] DEBUG com.github.dockerjava.zerodep.shaded.org.apache.hc.client5.http.wire -- http-outgoing-0 << "Ostype: linux[\r][\n]"
15:11:06.986 [main] DEBUG com.github.dockerjava.zerodep.shaded.org.apache.hc.client5.http.wire -- http-outgoing-0 << "Server: Docker/27.5.1 (linux)[\r][\n]"
15:11:06.986 [main] DEBUG com.github.dockerjava.zerodep.shaded.org.apache.hc.client5.http.wire -- http-outgoing-0 << "[\r][\n]"
15:11:06.986 [main] DEBUG com.github.dockerjava.zerodep.shaded.org.apache.hc.client5.http.headers -- http-outgoing-0 << HTTP/1.1 204 No Content
15:11:06.986 [main] DEBUG com.github.dockerjava.zerodep.shaded.org.apache.hc.client5.http.headers -- http-outgoing-0 << Api-Version: 1.47
15:11:06.986 [main] DEBUG com.github.dockerjava.zerodep.shaded.org.apache.hc.client5.http.headers -- http-outgoing-0 << Date: Fri, 02 May 2025 13:11:06 GMT
15:11:06.986 [main] DEBUG com.github.dockerjava.zerodep.shaded.org.apache.hc.client5.http.headers -- http-outgoing-0 << Docker-Experimental: false
15:11:06.986 [main] DEBUG com.github.dockerjava.zerodep.shaded.org.apache.hc.client5.http.headers -- http-outgoing-0 << Ostype: linux
15:11:06.987 [main] DEBUG com.github.dockerjava.zerodep.shaded.org.apache.hc.client5.http.headers -- http-outgoing-0 << Server: Docker/27.5.1 (linux)
15:11:06.987 [main] DEBUG com.github.dockerjava.zerodep.shaded.org.apache.hc.client5.http.impl.classic.MainClientExec -- ex-00000005: connection can be kept alive for 3 MINUTES
15:11:06.987 [main] DEBUG com.github.dockerjava.zerodep.shaded.org.apache.hc.client5.http.impl.classic.InternalHttpClient -- ep-00000004: releasing valid endpoint
15:11:06.987 [main] DEBUG com.github.dockerjava.zerodep.shaded.org.apache.hc.client5.http.impl.io.PoolingHttpClientConnectionManager -- ep-00000004: releasing endpoint
15:11:06.988 [main] DEBUG com.github.dockerjava.zerodep.shaded.org.apache.hc.client5.http.impl.io.PoolingHttpClientConnectionManager -- ep-00000004: connection http-outgoing-0 can be kept alive for 3 MINUTES
15:11:06.990 [main] DEBUG com.github.dockerjava.zerodep.shaded.org.apache.hc.client5.http.impl.io.PoolingHttpClientConnectionManager -- ep-00000004: connection released [route: {}->npipe://localhost:2375][total available: 1; route allocated: 1 of 2147483647; total allocated: 1 of 2147483647]
15:11:07.008 [main] DEBUG org.testcontainers.shaded.com.github.dockerjava.core.command.AbstrDockerCmd -- Cmd: 6f40a73e7f9e2ea7d3f3c9d8992a3cc68460116f8255cc914856b51b228fdfbf,false
15:11:07.011 [main] DEBUG org.testcontainers.shaded.com.github.dockerjava.core.exec.InspectContainerCmdExec -- GET: DefaultWebTarget{path=[/containers/6f40a73e7f9e2ea7d3f3c9d8992a3cc68460116f8255cc914856b51b228fdfbf/json], queryParams={}}
15:11:07.012 [main] DEBUG com.github.dockerjava.zerodep.shaded.org.apache.hc.client5.http.impl.classic.InternalHttpClient -- ex-00000006: preparing request execution
15:11:07.012 [main] DEBUG com.github.dockerjava.zerodep.shaded.org.apache.hc.client5.http.protocol.RequestAddCookies -- Cookie spec selected: strict
15:11:07.012 [main] DEBUG com.github.dockerjava.zerodep.shaded.org.apache.hc.client5.http.protocol.RequestAuthCache -- Auth cache not set in the context
15:11:07.012 [main] DEBUG com.github.dockerjava.zerodep.shaded.org.apache.hc.client5.http.impl.classic.ProtocolExec -- ex-00000006: target auth state: UNCHALLENGED
15:11:07.012 [main] DEBUG com.github.dockerjava.zerodep.shaded.org.apache.hc.client5.http.impl.classic.ProtocolExec -- ex-00000006: proxy auth state: UNCHALLENGED
15:11:07.013 [main] DEBUG com.github.dockerjava.zerodep.shaded.org.apache.hc.client5.http.impl.classic.ConnectExec -- ex-00000006: acquiring connection with route {}->npipe://localhost:2375
15:11:07.019 [main] DEBUG com.github.dockerjava.zerodep.shaded.org.apache.hc.client5.http.impl.classic.InternalHttpClient -- ex-00000006: acquiring endpoint (3 MINUTES)
15:11:07.019 [main] DEBUG com.github.dockerjava.zerodep.shaded.org.apache.hc.client5.http.impl.io.PoolingHttpClientConnectionManager -- ex-00000006: endpoint lease request (3 MINUTES) [route: {}->npipe://localhost:2375][total available: 1; route allocated: 1 of 2147483647; total allocated: 1 of 2147483647]
15:11:07.019 [main] DEBUG com.github.dockerjava.zerodep.shaded.org.apache.hc.client5.http.impl.io.PoolingHttpClientConnectionManager -- ex-00000006: endpoint leased [route: {}->npipe://localhost:2375][total available: 0; route allocated: 1 of 2147483647; total allocated: 1 of 2147483647]
15:11:07.019 [main] DEBUG com.github.dockerjava.zerodep.shaded.org.apache.hc.client5.http.impl.io.PoolingHttpClientConnectionManager -- ex-00000006: acquired ep-00000005
15:11:07.019 [main] DEBUG com.github.dockerjava.zerodep.shaded.org.apache.hc.client5.http.impl.classic.InternalHttpClient -- ex-00000006: acquired endpoint ep-00000005
15:11:07.019 [main] DEBUG com.github.dockerjava.zerodep.shaded.org.apache.hc.client5.http.impl.classic.MainClientExec -- ex-00000006: executing GET /v1.32/containers/6f40a73e7f9e2ea7d3f3c9d8992a3cc68460116f8255cc914856b51b228fdfbf/json HTTP/1.1
15:11:07.019 [main] DEBUG com.github.dockerjava.zerodep.shaded.org.apache.hc.client5.http.impl.classic.InternalHttpClient -- ep-00000005: start execution ex-00000006
15:11:07.020 [main] DEBUG com.github.dockerjava.zerodep.shaded.org.apache.hc.client5.http.impl.io.PoolingHttpClientConnectionManager -- ep-00000005: executing exchange ex-00000006 over http-outgoing-0
15:11:07.020 [main] DEBUG com.github.dockerjava.zerodep.shaded.org.apache.hc.client5.http.headers -- http-outgoing-0 >> GET /v1.32/containers/6f40a73e7f9e2ea7d3f3c9d8992a3cc68460116f8255cc914856b51b228fdfbf/json HTTP/1.1
15:11:07.020 [main] DEBUG com.github.dockerjava.zerodep.shaded.org.apache.hc.client5.http.headers -- http-outgoing-0 >> accept: application/json
15:11:07.020 [main] DEBUG com.github.dockerjava.zerodep.shaded.org.apache.hc.client5.http.headers -- http-outgoing-0 >> x-tc-sid: 19636001-dfb0-4a92-a4d9-9b302f9285c4
15:11:07.020 [main] DEBUG com.github.dockerjava.zerodep.shaded.org.apache.hc.client5.http.headers -- http-outgoing-0 >> User-Agent: tc-java/1.19.3
15:11:07.020 [main] DEBUG com.github.dockerjava.zerodep.shaded.org.apache.hc.client5.http.headers -- http-outgoing-0 >> Accept-Encoding: gzip, x-gzip, deflate
15:11:07.020 [main] DEBUG com.github.dockerjava.zerodep.shaded.org.apache.hc.client5.http.headers -- http-outgoing-0 >> Host: localhost:2375
15:11:07.020 [main] DEBUG com.github.dockerjava.zerodep.shaded.org.apache.hc.client5.http.headers -- http-outgoing-0 >> Connection: keep-alive
15:11:07.020 [main] DEBUG com.github.dockerjava.zerodep.shaded.org.apache.hc.client5.http.wire -- http-outgoing-0 >> "GET /v1.32/containers/6f40a73e7f9e2ea7d3f3c9d8992a3cc68460116f8255cc914856b51b228fdfbf/json HTTP/1.1[\r][\n]"
15:11:07.021 [main] DEBUG com.github.dockerjava.zerodep.shaded.org.apache.hc.client5.http.wire -- http-outgoing-0 >> "accept: application/json[\r][\n]"
15:11:07.021 [main] DEBUG com.github.dockerjava.zerodep.shaded.org.apache.hc.client5.http.wire -- http-outgoing-0 >> "x-tc-sid: 19636001-dfb0-4a92-a4d9-9b302f9285c4[\r][\n]"
15:11:07.021 [main] DEBUG com.github.dockerjava.zerodep.shaded.org.apache.hc.client5.http.wire -- http-outgoing-0 >> "User-Agent: tc-java/1.19.3[\r][\n]"
15:11:07.021 [main] DEBUG com.github.dockerjava.zerodep.shaded.org.apache.hc.client5.http.wire -- http-outgoing-0 >> "Accept-Encoding: gzip, x-gzip, deflate[\r][\n]"
15:11:07.021 [main] DEBUG com.github.dockerjava.zerodep.shaded.org.apache.hc.client5.http.wire -- http-outgoing-0 >> "Host: localhost:2375[\r][\n]"
15:11:07.021 [main] DEBUG com.github.dockerjava.zerodep.shaded.org.apache.hc.client5.http.wire -- http-outgoing-0 >> "Connection: keep-alive[\r][\n]"
15:11:07.021 [main] DEBUG com.github.dockerjava.zerodep.shaded.org.apache.hc.client5.http.wire -- http-outgoing-0 >> "[\r][\n]"
15:11:07.036 [main] DEBUG com.github.dockerjava.zerodep.shaded.org.apache.hc.client5.http.wire -- http-outgoing-0 << "HTTP/1.1 200 OK[\r][\n]"
15:11:07.036 [main] DEBUG com.github.dockerjava.zerodep.shaded.org.apache.hc.client5.http.wire -- http-outgoing-0 << "Api-Version: 1.47[\r][\n]"
15:11:07.037 [main] DEBUG com.github.dockerjava.zerodep.shaded.org.apache.hc.client5.http.wire -- http-outgoing-0 << "Content-Type: application/json[\r][\n]"
15:11:07.038 [main] DEBUG com.github.dockerjava.zerodep.shaded.org.apache.hc.client5.http.wire -- http-outgoing-0 << "Date: Fri, 02 May 2025 13:11:07 GMT[\r][\n]"
15:11:07.038 [main] DEBUG com.github.dockerjava.zerodep.shaded.org.apache.hc.client5.http.wire -- http-outgoing-0 << "Docker-Experimental: false[\r][\n]"
15:11:07.038 [main] DEBUG com.github.dockerjava.zerodep.shaded.org.apache.hc.client5.http.wire -- http-outgoing-0 << "Ostype: linux[\r][\n]"
15:11:07.038 [main] DEBUG com.github.dockerjava.zerodep.shaded.org.apache.hc.client5.http.wire -- http-outgoing-0 << "Server: Docker/27.5.1 (linux)[\r][\n]"
15:11:07.039 [main] DEBUG com.github.dockerjava.zerodep.shaded.org.apache.hc.client5.http.wire -- http-outgoing-0 << "Transfer-Encoding: chunked[\r][\n]"
15:11:07.039 [main] DEBUG com.github.dockerjava.zerodep.shaded.org.apache.hc.client5.http.wire -- http-outgoing-0 << "[\r][\n]"
15:11:07.040 [main] DEBUG com.github.dockerjava.zerodep.shaded.org.apache.hc.client5.http.headers -- http-outgoing-0 << HTTP/1.1 200 OK
15:11:07.040 [main] DEBUG com.github.dockerjava.zerodep.shaded.org.apache.hc.client5.http.headers -- http-outgoing-0 << Api-Version: 1.47
15:11:07.040 [main] DEBUG com.github.dockerjava.zerodep.shaded.org.apache.hc.client5.http.headers -- http-outgoing-0 << Content-Type: application/json
15:11:07.040 [main] DEBUG com.github.dockerjava.zerodep.shaded.org.apache.hc.client5.http.headers -- http-outgoing-0 << Date: Fri, 02 May 2025 13:11:07 GMT
15:11:07.040 [main] DEBUG com.github.dockerjava.zerodep.shaded.org.apache.hc.client5.http.headers -- http-outgoing-0 << Docker-Experimental: false
15:11:07.041 [main] DEBUG com.github.dockerjava.zerodep.shaded.org.apache.hc.client5.http.headers -- http-outgoing-0 << Ostype: linux
15:11:07.041 [main] DEBUG com.github.dockerjava.zerodep.shaded.org.apache.hc.client5.http.headers -- http-outgoing-0 << Server: Docker/27.5.1 (linux)
15:11:07.041 [main] DEBUG com.github.dockerjava.zerodep.shaded.org.apache.hc.client5.http.headers -- http-outgoing-0 << Transfer-Encoding: chunked
15:11:07.041 [main] DEBUG com.github.dockerjava.zerodep.shaded.org.apache.hc.client5.http.impl.classic.MainClientExec -- ex-00000006: connection can be kept alive for 3 MINUTES
15:11:07.042 [main] DEBUG com.github.dockerjava.zerodep.shaded.org.apache.hc.client5.http.wire -- http-outgoing-0 << "1083[\r][\n]"
15:11:07.042 [main] DEBUG com.github.dockerjava.zerodep.shaded.org.apache.hc.client5.http.wire -- http-outgoing-0 << "{"Id":"6f40a73e7f9e2ea7d3f3c9d8992a3cc68460116f8255cc914856b51b228fdfbf","Created":"2025-05-02T13:11:05.627346108Z","Path":"/bin/ryuk","Args":[],"State":{"Status":"running","Running":true,"Paused":false,"Restarting":false,"OOMKilled":false,"Dead":false,"Pid":26219,"ExitCode":0,"Error":"","StartedAt":"2025-05-02T13:11:06.333975772Z","FinishedAt":"0001-01-01T00:00:00Z"},"Image":"sha256:533abc56c07b52a26c955d1e7ae428d810582ab01c156384ae79960eb5fa0775","ResolvConfPath":"/var/lib/docker/containers/6f40a73e7f9e2ea7d3f3c9d8992a3cc68460116f8255cc914856b51b228fdfbf/resolv.conf","HostnamePath":"/var/lib/docker/containers/6f40a73e7f9e2ea7d3f3c9d8992a3cc68460116f8255cc914856b51b228fdfbf/hostname","HostsPath":"/var/lib/docker/containers/6f40a73e7f9e2ea7d3f3c9d8992a3cc68460116f8255cc914856b51b228fdfbf/hosts","LogPath":"/var/lib/docker/containers/6f40a73e7f9e2ea7d3f3c9d8992a3cc68460116f8255cc914856b51b228fdfbf/6f40a73e7f9e2ea7d3f3c9d8992a3cc68460116f8255cc914856b51b228fdfbf-json.log","Name":"/testcontainers-ryuk-19636001-dfb0-4a92-a4d9-9b302f9285c4","RestartCount":0,"Driver":"overlayfs","Platform":"linux","MountLabel":"","ProcessLabel":"","AppArmorProfile":"","ExecIDs":null,"HostConfig":{"Binds":["//var/run/docker.sock:/var/run/docker.sock:rw"],"ContainerIDFile":"","LogConfig":{"Type":"json-file","Config":{}},"NetworkMode":"bridge","PortBindings":{"8080/tcp":[{"HostIp":"0.0.0.0","HostPort":"0"}]},"RestartPolicy":{"Name":"no","MaximumRetryCount":0},"AutoRemove":true,"VolumeDriver":"","VolumesFrom":[],"ConsoleSize":[0,0],"CapAdd":null,"CapDrop":null,"CgroupnsMode":"host","Dns":null,"DnsOptions":null,"DnsSearch":null,"ExtraHosts":[],"GroupAdd":null,"IpcMode":"shareable","Cgroup":"","Links":null,"OomScoreAdj":0,"PidMode":"","Privileged":true,"PublishAllPorts":false,"ReadonlyRootfs":false,"SecurityOpt":["label=disable"],"UTSMode":"","UsernsMode":"","ShmSize":67108864,"Runtime":"runc","Isolation":"","CpuShares":0,"Memory":0,"NanoCpus":0,"CgroupParent":"","BlkioWeight":0,"BlkioWeightDevice":null,"BlkioDeviceReadBps":null,"BlkioDeviceWriteBps":null,"BlkioDeviceReadIOps":null,"BlkioDeviceWriteIOps":null,"CpuPeriod":0,"CpuQuota":0,"CpuRealtimePeriod":0,"CpuRealtimeRuntime":0,"CpusetCpus":"","CpusetMems":"","Devices":null,"DeviceCgroupRules":null,"DeviceRequests":null,"MemoryReservation":0,"MemorySwap":0,"MemorySwappiness":null,"OomKillDisable":false,"PidsLimit":null,"Ulimits":null,"CpuCount":0,"CpuPercent":0,"IOMaximumIOps":0,"IOMaximumBandwidth":0,"MaskedPaths":null,"ReadonlyPaths":null},"GraphDriver":{"Data":null,"Name":"overlayfs"},"Mounts":[{"Type":"bind","Source":"//var/run/docker.sock","Destination":"/var/run/docker.sock","Mode":"rw","RW":true,"Propagation":"rprivate"}],"Config":{"Hostname":"6f40a73e7f9e","Domainname":"","User":"","AttachStdin":false,"AttachStdout":false,"AttachStderr":false,"ExposedPorts":{"8080/tcp":{}},"Tty":false,"OpenStdin":false,"StdinOnce":false,"Env":["PATH=/usr/local/sbin:/usr/local/bin:/usr/sbin:/usr/bin:/sbin:/bin"],"Cmd":["/bin/ryuk"],"Image":"testcontainers/ryuk:0.5.1","Volumes":null,"WorkingDir":"","Entrypoint":null,"OnBuild":null,"Labels":{"org.testcontainers":"true","org.testcontainers.lang":"java","org.testcontainers.ryuk":"true","org.testcontainers.version":"1.19.3"}},"NetworkSettings":{"Bridge":"","SandboxID":"51c12fd67697318435b8d0d9c52b049a7317498776e4ac718a3f685290965004","SandboxKey":"/var/run/docker/netns/51c12fd67697","Ports":{"8080/tcp":[]},"HairpinMode":false,"LinkLocalIPv6Address":"","LinkLocalIPv6PrefixLen":0,"SecondaryIPAddresses":null,"SecondaryIPv6Addresses":null,"EndpointID":"e3e36921c4baa6e1bd451c21048cde8422f665c130c3a344907ccf96b7725030","Gateway":"172.17.0.1","GlobalIPv6Address":"","GlobalIPv6PrefixLen":0,"IPAddress":"172.17.0.2","IPPrefixLen":16,"IPv6Gateway":"","MacAddress":"02:42:ac:11:00:02","Networks":{"bridge":{"IPAMConfig":null,"Links":null,"Aliases":null,"MacAddress":"02:42:ac:11:00:02","DriverOpts":null,"NetworkID":"89e707fbd0b1d4022ac819612d06620bf315f4973f7b027aed52ff20550be23d","EndpointID":"e3e36921c4baa6e1bd451c21048cde8422f665c130c3a344907ccf96b7725030","Gateway":"172.17.0.1","IPAddress":"172.17.0.2","IPPrefixLen":16,"IPv6Gateway":"","GlobalIPv6Address":"","GlobalIPv6PrefixLen":0,"DNSNames":null}}}}[\n]"
15:11:07.042 [main] DEBUG com.github.dockerjava.zerodep.shaded.org.apache.hc.client5.http.wire -- http-outgoing-0 << "[\r][\n]"
15:11:07.043 [main] DEBUG com.github.dockerjava.zerodep.shaded.org.apache.hc.client5.http.wire -- http-outgoing-0 << "0[\r][\n]"
15:11:07.043 [main] DEBUG com.github.dockerjava.zerodep.shaded.org.apache.hc.client5.http.wire -- http-outgoing-0 << "[\r][\n]"
15:11:07.183 [main] DEBUG com.github.dockerjava.zerodep.shaded.org.apache.hc.client5.http.impl.classic.InternalHttpClient -- ep-00000005: releasing valid endpoint
15:11:07.183 [main] DEBUG com.github.dockerjava.zerodep.shaded.org.apache.hc.client5.http.impl.io.PoolingHttpClientConnectionManager -- ep-00000005: releasing endpoint
15:11:07.183 [main] DEBUG com.github.dockerjava.zerodep.shaded.org.apache.hc.client5.http.impl.io.PoolingHttpClientConnectionManager -- ep-00000005: connection http-outgoing-0 can be kept alive for 3 MINUTES
15:11:07.183 [main] DEBUG com.github.dockerjava.zerodep.shaded.org.apache.hc.client5.http.impl.io.PoolingHttpClientConnectionManager -- ep-00000005: connection released [route: {}->npipe://localhost:2375][total available: 1; route allocated: 1 of 2147483647; total allocated: 1 of 2147483647]
15:11:07.195 [main] DEBUG org.testcontainers.shaded.com.github.dockerjava.core.command.AbstrDockerCmd -- Cmd: 6f40a73e7f9e2ea7d3f3c9d8992a3cc68460116f8255cc914856b51b228fdfbf,false
15:11:07.197 [main] DEBUG org.testcontainers.shaded.com.github.dockerjava.core.exec.InspectContainerCmdExec -- GET: DefaultWebTarget{path=[/containers/6f40a73e7f9e2ea7d3f3c9d8992a3cc68460116f8255cc914856b51b228fdfbf/json], queryParams={}}
15:11:07.198 [main] DEBUG com.github.dockerjava.zerodep.shaded.org.apache.hc.client5.http.impl.classic.InternalHttpClient -- ex-00000007: preparing request execution
15:11:07.199 [main] DEBUG com.github.dockerjava.zerodep.shaded.org.apache.hc.client5.http.protocol.RequestAddCookies -- Cookie spec selected: strict
15:11:07.199 [main] DEBUG com.github.dockerjava.zerodep.shaded.org.apache.hc.client5.http.protocol.RequestAuthCache -- Auth cache not set in the context
15:11:07.199 [main] DEBUG com.github.dockerjava.zerodep.shaded.org.apache.hc.client5.http.impl.classic.ProtocolExec -- ex-00000007: target auth state: UNCHALLENGED
15:11:07.199 [main] DEBUG com.github.dockerjava.zerodep.shaded.org.apache.hc.client5.http.impl.classic.ProtocolExec -- ex-00000007: proxy auth state: UNCHALLENGED
15:11:07.199 [main] DEBUG com.github.dockerjava.zerodep.shaded.org.apache.hc.client5.http.impl.classic.ConnectExec -- ex-00000007: acquiring connection with route {}->npipe://localhost:2375
15:11:07.199 [main] DEBUG com.github.dockerjava.zerodep.shaded.org.apache.hc.client5.http.impl.classic.InternalHttpClient -- ex-00000007: acquiring endpoint (3 MINUTES)
15:11:07.199 [main] DEBUG com.github.dockerjava.zerodep.shaded.org.apache.hc.client5.http.impl.io.PoolingHttpClientConnectionManager -- ex-00000007: endpoint lease request (3 MINUTES) [route: {}->npipe://localhost:2375][total available: 1; route allocated: 1 of 2147483647; total allocated: 1 of 2147483647]
15:11:07.200 [main] DEBUG com.github.dockerjava.zerodep.shaded.org.apache.hc.client5.http.impl.io.PoolingHttpClientConnectionManager -- ex-00000007: endpoint leased [route: {}->npipe://localhost:2375][total available: 0; route allocated: 1 of 2147483647; total allocated: 1 of 2147483647]
15:11:07.200 [main] DEBUG com.github.dockerjava.zerodep.shaded.org.apache.hc.client5.http.impl.io.PoolingHttpClientConnectionManager -- ex-00000007: acquired ep-00000006
15:11:07.200 [main] DEBUG com.github.dockerjava.zerodep.shaded.org.apache.hc.client5.http.impl.classic.InternalHttpClient -- ex-00000007: acquired endpoint ep-00000006
15:11:07.200 [main] DEBUG com.github.dockerjava.zerodep.shaded.org.apache.hc.client5.http.impl.classic.MainClientExec -- ex-00000007: executing GET /v1.32/containers/6f40a73e7f9e2ea7d3f3c9d8992a3cc68460116f8255cc914856b51b228fdfbf/json HTTP/1.1
15:11:07.200 [main] DEBUG com.github.dockerjava.zerodep.shaded.org.apache.hc.client5.http.impl.classic.InternalHttpClient -- ep-00000006: start execution ex-00000007
15:11:07.200 [main] DEBUG com.github.dockerjava.zerodep.shaded.org.apache.hc.client5.http.impl.io.PoolingHttpClientConnectionManager -- ep-00000006: executing exchange ex-00000007 over http-outgoing-0
15:11:07.200 [main] DEBUG com.github.dockerjava.zerodep.shaded.org.apache.hc.client5.http.headers -- http-outgoing-0 >> GET /v1.32/containers/6f40a73e7f9e2ea7d3f3c9d8992a3cc68460116f8255cc914856b51b228fdfbf/json HTTP/1.1
15:11:07.200 [main] DEBUG com.github.dockerjava.zerodep.shaded.org.apache.hc.client5.http.headers -- http-outgoing-0 >> accept: application/json
15:11:07.200 [main] DEBUG com.github.dockerjava.zerodep.shaded.org.apache.hc.client5.http.headers -- http-outgoing-0 >> x-tc-sid: 19636001-dfb0-4a92-a4d9-9b302f9285c4
15:11:07.200 [main] DEBUG com.github.dockerjava.zerodep.shaded.org.apache.hc.client5.http.headers -- http-outgoing-0 >> User-Agent: tc-java/1.19.3
15:11:07.200 [main] DEBUG com.github.dockerjava.zerodep.shaded.org.apache.hc.client5.http.headers -- http-outgoing-0 >> Accept-Encoding: gzip, x-gzip, deflate
15:11:07.200 [main] DEBUG com.github.dockerjava.zerodep.shaded.org.apache.hc.client5.http.headers -- http-outgoing-0 >> Host: localhost:2375
15:11:07.200 [main] DEBUG com.github.dockerjava.zerodep.shaded.org.apache.hc.client5.http.headers -- http-outgoing-0 >> Connection: keep-alive
15:11:07.200 [main] DEBUG com.github.dockerjava.zerodep.shaded.org.apache.hc.client5.http.wire -- http-outgoing-0 >> "GET /v1.32/containers/6f40a73e7f9e2ea7d3f3c9d8992a3cc68460116f8255cc914856b51b228fdfbf/json HTTP/1.1[\r][\n]"
15:11:07.200 [main] DEBUG com.github.dockerjava.zerodep.shaded.org.apache.hc.client5.http.wire -- http-outgoing-0 >> "accept: application/json[\r][\n]"
15:11:07.200 [main] DEBUG com.github.dockerjava.zerodep.shaded.org.apache.hc.client5.http.wire -- http-outgoing-0 >> "x-tc-sid: 19636001-dfb0-4a92-a4d9-9b302f9285c4[\r][\n]"
15:11:07.200 [main] DEBUG com.github.dockerjava.zerodep.shaded.org.apache.hc.client5.http.wire -- http-outgoing-0 >> "User-Agent: tc-java/1.19.3[\r][\n]"
15:11:07.201 [main] DEBUG com.github.dockerjava.zerodep.shaded.org.apache.hc.client5.http.wire -- http-outgoing-0 >> "Accept-Encoding: gzip, x-gzip, deflate[\r][\n]"
15:11:07.201 [main] DEBUG com.github.dockerjava.zerodep.shaded.org.apache.hc.client5.http.wire -- http-outgoing-0 >> "Host: localhost:2375[\r][\n]"
15:11:07.201 [main] DEBUG com.github.dockerjava.zerodep.shaded.org.apache.hc.client5.http.wire -- http-outgoing-0 >> "Connection: keep-alive[\r][\n]"
15:11:07.202 [main] DEBUG com.github.dockerjava.zerodep.shaded.org.apache.hc.client5.http.wire -- http-outgoing-0 >> "[\r][\n]"
15:11:07.208 [main] DEBUG com.github.dockerjava.zerodep.shaded.org.apache.hc.client5.http.wire -- http-outgoing-0 << "HTTP/1.1 200 OK[\r][\n]"
15:11:07.208 [main] DEBUG com.github.dockerjava.zerodep.shaded.org.apache.hc.client5.http.wire -- http-outgoing-0 << "Api-Version: 1.47[\r][\n]"
15:11:07.208 [main] DEBUG com.github.dockerjava.zerodep.shaded.org.apache.hc.client5.http.wire -- http-outgoing-0 << "Content-Type: application/json[\r][\n]"
15:11:07.208 [main] DEBUG com.github.dockerjava.zerodep.shaded.org.apache.hc.client5.http.wire -- http-outgoing-0 << "Date: Fri, 02 May 2025 13:11:07 GMT[\r][\n]"
15:11:07.208 [main] DEBUG com.github.dockerjava.zerodep.shaded.org.apache.hc.client5.http.wire -- http-outgoing-0 << "Docker-Experimental: false[\r][\n]"
15:11:07.209 [main] DEBUG com.github.dockerjava.zerodep.shaded.org.apache.hc.client5.http.wire -- http-outgoing-0 << "Ostype: linux[\r][\n]"
15:11:07.209 [main] DEBUG com.github.dockerjava.zerodep.shaded.org.apache.hc.client5.http.wire -- http-outgoing-0 << "Server: Docker/27.5.1 (linux)[\r][\n]"
15:11:07.209 [main] DEBUG com.github.dockerjava.zerodep.shaded.org.apache.hc.client5.http.wire -- http-outgoing-0 << "Transfer-Encoding: chunked[\r][\n]"
15:11:07.209 [main] DEBUG com.github.dockerjava.zerodep.shaded.org.apache.hc.client5.http.wire -- http-outgoing-0 << "[\r][\n]"
15:11:07.209 [main] DEBUG com.github.dockerjava.zerodep.shaded.org.apache.hc.client5.http.headers -- http-outgoing-0 << HTTP/1.1 200 OK
15:11:07.209 [main] DEBUG com.github.dockerjava.zerodep.shaded.org.apache.hc.client5.http.headers -- http-outgoing-0 << Api-Version: 1.47
15:11:07.209 [main] DEBUG com.github.dockerjava.zerodep.shaded.org.apache.hc.client5.http.headers -- http-outgoing-0 << Content-Type: application/json
15:11:07.209 [main] DEBUG com.github.dockerjava.zerodep.shaded.org.apache.hc.client5.http.headers -- http-outgoing-0 << Date: Fri, 02 May 2025 13:11:07 GMT
15:11:07.209 [main] DEBUG com.github.dockerjava.zerodep.shaded.org.apache.hc.client5.http.headers -- http-outgoing-0 << Docker-Experimental: false
15:11:07.209 [main] DEBUG com.github.dockerjava.zerodep.shaded.org.apache.hc.client5.http.headers -- http-outgoing-0 << Ostype: linux
15:11:07.209 [main] DEBUG com.github.dockerjava.zerodep.shaded.org.apache.hc.client5.http.headers -- http-outgoing-0 << Server: Docker/27.5.1 (linux)
15:11:07.209 [main] DEBUG com.github.dockerjava.zerodep.shaded.org.apache.hc.client5.http.headers -- http-outgoing-0 << Transfer-Encoding: chunked
15:11:07.210 [main] DEBUG com.github.dockerjava.zerodep.shaded.org.apache.hc.client5.http.impl.classic.MainClientExec -- ex-00000007: connection can be kept alive for 3 MINUTES
15:11:07.210 [main] DEBUG com.github.dockerjava.zerodep.shaded.org.apache.hc.client5.http.wire -- http-outgoing-0 << "10aa[\r][\n]"
15:11:07.211 [main] DEBUG com.github.dockerjava.zerodep.shaded.org.apache.hc.client5.http.wire -- http-outgoing-0 << "{"Id":"6f40a73e7f9e2ea7d3f3c9d8992a3cc68460116f8255cc914856b51b228fdfbf","Created":"2025-05-02T13:11:05.627346108Z","Path":"/bin/ryuk","Args":[],"State":{"Status":"running","Running":true,"Paused":false,"Restarting":false,"OOMKilled":false,"Dead":false,"Pid":26219,"ExitCode":0,"Error":"","StartedAt":"2025-05-02T13:11:06.333975772Z","FinishedAt":"0001-01-01T00:00:00Z"},"Image":"sha256:533abc56c07b52a26c955d1e7ae428d810582ab01c156384ae79960eb5fa0775","ResolvConfPath":"/var/lib/docker/containers/6f40a73e7f9e2ea7d3f3c9d8992a3cc68460116f8255cc914856b51b228fdfbf/resolv.conf","HostnamePath":"/var/lib/docker/containers/6f40a73e7f9e2ea7d3f3c9d8992a3cc68460116f8255cc914856b51b228fdfbf/hostname","HostsPath":"/var/lib/docker/containers/6f40a73e7f9e2ea7d3f3c9d8992a3cc68460116f8255cc914856b51b228fdfbf/hosts","LogPath":"/var/lib/docker/containers/6f40a73e7f9e2ea7d3f3c9d8992a3cc68460116f8255cc914856b51b228fdfbf/6f40a73e7f9e2ea7d3f3c9d8992a3cc68460116f8255cc914856b51b228fdfbf-json.log","Name":"/testcontainers-ryuk-19636001-dfb0-4a92-a4d9-9b302f9285c4","RestartCount":0,"Driver":"overlayfs","Platform":"linux","MountLabel":"","ProcessLabel":"","AppArmorProfile":"","ExecIDs":null,"HostConfig":{"Binds":["//var/run/docker.sock:/var/run/docker.sock:rw"],"ContainerIDFile":"","LogConfig":{"Type":"json-file","Config":{}},"NetworkMode":"bridge","PortBindings":{"8080/tcp":[{"HostIp":"0.0.0.0","HostPort":"0"}]},"RestartPolicy":{"Name":"no","MaximumRetryCount":0},"AutoRemove":true,"VolumeDriver":"","VolumesFrom":[],"ConsoleSize":[0,0],"CapAdd":null,"CapDrop":null,"CgroupnsMode":"host","Dns":null,"DnsOptions":null,"DnsSearch":null,"ExtraHosts":[],"GroupAdd":null,"IpcMode":"shareable","Cgroup":"","Links":null,"OomScoreAdj":0,"PidMode":"","Privileged":true,"PublishAllPorts":false,"ReadonlyRootfs":false,"SecurityOpt":["label=disable"],"UTSMode":"","UsernsMode":"","ShmSize":67108864,"Runtime":"runc","Isolation":"","CpuShares":0,"Memory":0,"NanoCpus":0,"CgroupParent":"","BlkioWeight":0,"BlkioWeightDevice":null,"BlkioDeviceReadBps":null,"BlkioDeviceWriteBps":null,"BlkioDeviceReadIOps":null,"BlkioDeviceWriteIOps":null,"CpuPeriod":0,"CpuQuota":0,"CpuRealtimePeriod":0,"CpuRealtimeRuntime":0,"CpusetCpus":"","CpusetMems":"","Devices":null,"DeviceCgroupRules":null,"DeviceRequests":null,"MemoryReservation":0,"MemorySwap":0,"MemorySwappiness":null,"OomKillDisable":false,"PidsLimit":null,"Ulimits":null,"CpuCount":0,"CpuPercent":0,"IOMaximumIOps":0,"IOMaximumBandwidth":0,"MaskedPaths":null,"ReadonlyPaths":null},"GraphDriver":{"Data":null,"Name":"overlayfs"},"Mounts":[{"Type":"bind","Source":"//var/run/docker.sock","Destination":"/var/run/docker.sock","Mode":"rw","RW":true,"Propagation":"rprivate"}],"Config":{"Hostname":"6f40a73e7f9e","Domainname":"","User":"","AttachStdin":false,"AttachStdout":false,"AttachStderr":false,"ExposedPorts":{"8080/tcp":{}},"Tty":false,"OpenStdin":false,"StdinOnce":false,"Env":["PATH=/usr/local/sbin:/usr/local/bin:/usr/sbin:/usr/bin:/sbin:/bin"],"Cmd":["/bin/ryuk"],"Image":"testcontainers/ryuk:0.5.1","Volumes":null,"WorkingDir":"","Entrypoint":null,"OnBuild":null,"Labels":{"org.testcontainers":"true","org.testcontainers.lang":"java","org.testcontainers.ryuk":"true","org.testcontainers.version":"1.19.3"}},"NetworkSettings":{"Bridge":"","SandboxID":"51c12fd67697318435b8d0d9c52b049a7317498776e4ac718a3f685290965004","SandboxKey":"/var/run/docker/netns/51c12fd67697","Ports":{"8080/tcp":[{"HostIp":"0.0.0.0","HostPort":"52051"}]},"HairpinMode":false,"LinkLocalIPv6Address":"","LinkLocalIPv6PrefixLen":0,"SecondaryIPAddresses":null,"SecondaryIPv6Addresses":null,"EndpointID":"e3e36921c4baa6e1bd451c21048cde8422f665c130c3a344907ccf96b7725030","Gateway":"172.17.0.1","GlobalIPv6Address":"","GlobalIPv6PrefixLen":0,"IPAddress":"172.17.0.2","IPPrefixLen":16,"IPv6Gateway":"","MacAddress":"02:42:ac:11:00:02","Networks":{"bridge":{"IPAMConfig":null,"Links":null,"Aliases":null,"MacAddress":"02:42:ac:11:00:02","DriverOpts":null,"NetworkID":"89e707fbd0b1d4022ac819612d06620bf315f4973f7b027aed52ff20550be23d","EndpointID":"e3e36921c4baa6e1bd451c21048cde8422f665c130c3a344907ccf96b7725030","Gateway":"172.17.0.1","IPAddress":"172.17.0.2","IPPrefixLen":16,"IPv6Gateway":"","GlobalIPv6Address":"","GlobalIPv6PrefixLen":0,"DNSNames":null}}}}[\n]"
15:11:07.211 [main] DEBUG com.github.dockerjava.zerodep.shaded.org.apache.hc.client5.http.wire -- http-outgoing-0 << "[\r][\n]"
15:11:07.211 [main] DEBUG com.github.dockerjava.zerodep.shaded.org.apache.hc.client5.http.wire -- http-outgoing-0 << "0[\r][\n]"
15:11:07.211 [main] DEBUG com.github.dockerjava.zerodep.shaded.org.apache.hc.client5.http.wire -- http-outgoing-0 << "[\r][\n]"
15:11:07.214 [main] DEBUG com.github.dockerjava.zerodep.shaded.org.apache.hc.client5.http.impl.classic.InternalHttpClient -- ep-00000006: releasing valid endpoint
15:11:07.214 [main] DEBUG com.github.dockerjava.zerodep.shaded.org.apache.hc.client5.http.impl.io.PoolingHttpClientConnectionManager -- ep-00000006: releasing endpoint
15:11:07.214 [main] DEBUG com.github.dockerjava.zerodep.shaded.org.apache.hc.client5.http.impl.io.PoolingHttpClientConnectionManager -- ep-00000006: connection http-outgoing-0 can be kept alive for 3 MINUTES
15:11:07.215 [main] DEBUG com.github.dockerjava.zerodep.shaded.org.apache.hc.client5.http.impl.io.PoolingHttpClientConnectionManager -- ep-00000006: connection released [route: {}->npipe://localhost:2375][total available: 1; route allocated: 1 of 2147483647; total allocated: 1 of 2147483647]
15:11:07.217 [main] DEBUG org.testcontainers.shaded.com.github.dockerjava.core.command.AbstrDockerCmd -- Cmd: sha256:533abc56c07b52a26c955d1e7ae428d810582ab01c156384ae79960eb5fa0775
15:11:07.218 [main] DEBUG com.github.dockerjava.zerodep.shaded.org.apache.hc.client5.http.impl.classic.InternalHttpClient -- ex-00000008: preparing request execution
15:11:07.218 [main] DEBUG com.github.dockerjava.zerodep.shaded.org.apache.hc.client5.http.protocol.RequestAddCookies -- Cookie spec selected: strict
15:11:07.219 [main] DEBUG com.github.dockerjava.zerodep.shaded.org.apache.hc.client5.http.protocol.RequestAuthCache -- Auth cache not set in the context
15:11:07.219 [main] DEBUG com.github.dockerjava.zerodep.shaded.org.apache.hc.client5.http.impl.classic.ProtocolExec -- ex-00000008: target auth state: UNCHALLENGED
15:11:07.219 [main] DEBUG com.github.dockerjava.zerodep.shaded.org.apache.hc.client5.http.impl.classic.ProtocolExec -- ex-00000008: proxy auth state: UNCHALLENGED
15:11:07.219 [main] DEBUG com.github.dockerjava.zerodep.shaded.org.apache.hc.client5.http.impl.classic.ConnectExec -- ex-00000008: acquiring connection with route {}->npipe://localhost:2375
15:11:07.219 [main] DEBUG com.github.dockerjava.zerodep.shaded.org.apache.hc.client5.http.impl.classic.InternalHttpClient -- ex-00000008: acquiring endpoint (3 MINUTES)
15:11:07.219 [main] DEBUG com.github.dockerjava.zerodep.shaded.org.apache.hc.client5.http.impl.io.PoolingHttpClientConnectionManager -- ex-00000008: endpoint lease request (3 MINUTES) [route: {}->npipe://localhost:2375][total available: 1; route allocated: 1 of 2147483647; total allocated: 1 of 2147483647]
15:11:07.219 [main] DEBUG com.github.dockerjava.zerodep.shaded.org.apache.hc.client5.http.impl.io.PoolingHttpClientConnectionManager -- ex-00000008: endpoint leased [route: {}->npipe://localhost:2375][total available: 0; route allocated: 1 of 2147483647; total allocated: 1 of 2147483647]
15:11:07.219 [main] DEBUG com.github.dockerjava.zerodep.shaded.org.apache.hc.client5.http.impl.io.PoolingHttpClientConnectionManager -- ex-00000008: acquired ep-00000007
15:11:07.219 [main] DEBUG com.github.dockerjava.zerodep.shaded.org.apache.hc.client5.http.impl.classic.InternalHttpClient -- ex-00000008: acquired endpoint ep-00000007
15:11:07.219 [main] DEBUG com.github.dockerjava.zerodep.shaded.org.apache.hc.client5.http.impl.classic.MainClientExec -- ex-00000008: executing GET /v1.32/images/sha256:533abc56c07b52a26c955d1e7ae428d810582ab01c156384ae79960eb5fa0775/json HTTP/1.1
15:11:07.219 [main] DEBUG com.github.dockerjava.zerodep.shaded.org.apache.hc.client5.http.impl.classic.InternalHttpClient -- ep-00000007: start execution ex-00000008
15:11:07.219 [main] DEBUG com.github.dockerjava.zerodep.shaded.org.apache.hc.client5.http.impl.io.PoolingHttpClientConnectionManager -- ep-00000007: executing exchange ex-00000008 over http-outgoing-0
15:11:07.219 [main] DEBUG com.github.dockerjava.zerodep.shaded.org.apache.hc.client5.http.headers -- http-outgoing-0 >> GET /v1.32/images/sha256:533abc56c07b52a26c955d1e7ae428d810582ab01c156384ae79960eb5fa0775/json HTTP/1.1
15:11:07.219 [main] DEBUG com.github.dockerjava.zerodep.shaded.org.apache.hc.client5.http.headers -- http-outgoing-0 >> accept: application/json
15:11:07.219 [main] DEBUG com.github.dockerjava.zerodep.shaded.org.apache.hc.client5.http.headers -- http-outgoing-0 >> x-tc-sid: 19636001-dfb0-4a92-a4d9-9b302f9285c4
15:11:07.219 [main] DEBUG com.github.dockerjava.zerodep.shaded.org.apache.hc.client5.http.headers -- http-outgoing-0 >> User-Agent: tc-java/1.19.3
15:11:07.219 [main] DEBUG com.github.dockerjava.zerodep.shaded.org.apache.hc.client5.http.headers -- http-outgoing-0 >> Accept-Encoding: gzip, x-gzip, deflate
15:11:07.219 [main] DEBUG com.github.dockerjava.zerodep.shaded.org.apache.hc.client5.http.headers -- http-outgoing-0 >> Host: localhost:2375
15:11:07.219 [main] DEBUG com.github.dockerjava.zerodep.shaded.org.apache.hc.client5.http.headers -- http-outgoing-0 >> Connection: keep-alive
15:11:07.219 [main] DEBUG com.github.dockerjava.zerodep.shaded.org.apache.hc.client5.http.wire -- http-outgoing-0 >> "GET /v1.32/images/sha256:533abc56c07b52a26c955d1e7ae428d810582ab01c156384ae79960eb5fa0775/json HTTP/1.1[\r][\n]"
15:11:07.219 [main] DEBUG com.github.dockerjava.zerodep.shaded.org.apache.hc.client5.http.wire -- http-outgoing-0 >> "accept: application/json[\r][\n]"
15:11:07.220 [main] DEBUG com.github.dockerjava.zerodep.shaded.org.apache.hc.client5.http.wire -- http-outgoing-0 >> "x-tc-sid: 19636001-dfb0-4a92-a4d9-9b302f9285c4[\r][\n]"
15:11:07.220 [main] DEBUG com.github.dockerjava.zerodep.shaded.org.apache.hc.client5.http.wire -- http-outgoing-0 >> "User-Agent: tc-java/1.19.3[\r][\n]"
15:11:07.220 [main] DEBUG com.github.dockerjava.zerodep.shaded.org.apache.hc.client5.http.wire -- http-outgoing-0 >> "Accept-Encoding: gzip, x-gzip, deflate[\r][\n]"
15:11:07.220 [main] DEBUG com.github.dockerjava.zerodep.shaded.org.apache.hc.client5.http.wire -- http-outgoing-0 >> "Host: localhost:2375[\r][\n]"
15:11:07.220 [main] DEBUG com.github.dockerjava.zerodep.shaded.org.apache.hc.client5.http.wire -- http-outgoing-0 >> "Connection: keep-alive[\r][\n]"
15:11:07.220 [main] DEBUG com.github.dockerjava.zerodep.shaded.org.apache.hc.client5.http.wire -- http-outgoing-0 >> "[\r][\n]"
15:11:07.239 [main] DEBUG com.github.dockerjava.zerodep.shaded.org.apache.hc.client5.http.wire -- http-outgoing-0 << "HTTP/1.1 200 OK[\r][\n]"
15:11:07.239 [main] DEBUG com.github.dockerjava.zerodep.shaded.org.apache.hc.client5.http.wire -- http-outgoing-0 << "Api-Version: 1.47[\r][\n]"
15:11:07.239 [main] DEBUG com.github.dockerjava.zerodep.shaded.org.apache.hc.client5.http.wire -- http-outgoing-0 << "Content-Type: application/json[\r][\n]"
15:11:07.239 [main] DEBUG com.github.dockerjava.zerodep.shaded.org.apache.hc.client5.http.wire -- http-outgoing-0 << "Date: Fri, 02 May 2025 13:11:07 GMT[\r][\n]"
15:11:07.239 [main] DEBUG com.github.dockerjava.zerodep.shaded.org.apache.hc.client5.http.wire -- http-outgoing-0 << "Docker-Experimental: false[\r][\n]"
15:11:07.239 [main] DEBUG com.github.dockerjava.zerodep.shaded.org.apache.hc.client5.http.wire -- http-outgoing-0 << "Ostype: linux[\r][\n]"
15:11:07.240 [main] DEBUG com.github.dockerjava.zerodep.shaded.org.apache.hc.client5.http.wire -- http-outgoing-0 << "Server: Docker/27.5.1 (linux)[\r][\n]"
15:11:07.240 [main] DEBUG com.github.dockerjava.zerodep.shaded.org.apache.hc.client5.http.wire -- http-outgoing-0 << "Transfer-Encoding: chunked[\r][\n]"
15:11:07.240 [main] DEBUG com.github.dockerjava.zerodep.shaded.org.apache.hc.client5.http.wire -- http-outgoing-0 << "[\r][\n]"
15:11:07.240 [main] DEBUG com.github.dockerjava.zerodep.shaded.org.apache.hc.client5.http.headers -- http-outgoing-0 << HTTP/1.1 200 OK
15:11:07.241 [main] DEBUG com.github.dockerjava.zerodep.shaded.org.apache.hc.client5.http.headers -- http-outgoing-0 << Api-Version: 1.47
15:11:07.241 [main] DEBUG com.github.dockerjava.zerodep.shaded.org.apache.hc.client5.http.headers -- http-outgoing-0 << Content-Type: application/json
15:11:07.241 [main] DEBUG com.github.dockerjava.zerodep.shaded.org.apache.hc.client5.http.headers -- http-outgoing-0 << Date: Fri, 02 May 2025 13:11:07 GMT
15:11:07.241 [main] DEBUG com.github.dockerjava.zerodep.shaded.org.apache.hc.client5.http.headers -- http-outgoing-0 << Docker-Experimental: false
15:11:07.241 [main] DEBUG com.github.dockerjava.zerodep.shaded.org.apache.hc.client5.http.headers -- http-outgoing-0 << Ostype: linux
15:11:07.241 [main] DEBUG com.github.dockerjava.zerodep.shaded.org.apache.hc.client5.http.headers -- http-outgoing-0 << Server: Docker/27.5.1 (linux)
15:11:07.241 [main] DEBUG com.github.dockerjava.zerodep.shaded.org.apache.hc.client5.http.headers -- http-outgoing-0 << Transfer-Encoding: chunked
15:11:07.241 [main] DEBUG com.github.dockerjava.zerodep.shaded.org.apache.hc.client5.http.impl.classic.MainClientExec -- ex-00000008: connection can be kept alive for 3 MINUTES
15:11:07.241 [main] DEBUG com.github.dockerjava.zerodep.shaded.org.apache.hc.client5.http.wire -- http-outgoing-0 << "5c3[\r][\n]"
15:11:07.241 [main] DEBUG com.github.dockerjava.zerodep.shaded.org.apache.hc.client5.http.wire -- http-outgoing-0 << "{"Id":"sha256:533abc56c07b52a26c955d1e7ae428d810582ab01c156384ae79960eb5fa0775","RepoTags":["testcontainers/ryuk:0.5.1"],"RepoDigests":["testcontainers/ryuk@sha256:533abc56c07b52a26c955d1e7ae428d810582ab01c156384ae79960eb5fa0775"],"Parent":"","Comment":"buildkit.dockerfile.v0","Created":"2023-05-17T15:11:02.784684507Z","ContainerConfig":{"Hostname":"","Domainname":"","User":"","AttachStdin":false,"AttachStdout":false,"AttachStderr":false,"Tty":false,"OpenStdin":false,"StdinOnce":false,"Env":null,"Cmd":null,"Image":"","Volumes":null,"WorkingDir":"","Entrypoint":null,"OnBuild":null,"Labels":null},"DockerVersion":"27.5.1","Author":"","Config":{"Hostname":"","Domainname":"","User":"","AttachStdin":false,"AttachStdout":false,"AttachStderr":false,"Tty":false,"OpenStdin":false,"StdinOnce":false,"Env":["PATH=/usr/local/sbin:/usr/local/bin:/usr/sbin:/usr/bin:/sbin:/bin"],"Cmd":["/bin/ryuk"],"ArgsEscaped":true,"Image":"","Volumes":null,"WorkingDir":"","Entrypoint":null,"OnBuild":null,"Labels":{"org.testcontainers.ryuk":"true"}},"Architecture":"amd64","Os":"linux","Size":5872785,"VirtualSize":5872785,"GraphDriver":{"Data":null,"Name":"overlayfs"},"RootFS":{"Type":"layers","Layers":["sha256:5bc340f6d4f5a3bc999dfbc790a0bdf0920b9103ef794645034de4260ee4e9c8","sha256:399f3aa1fc62064e0be857829b8e7284408be4b60db81996e105a78e2059e5c9","sha256:2ad1a08beb0cf8625d0ffd3d2847150709df6fdb34c6a2ef514106ad08c5d785"]},"Metadata":{"LastTagTime":"2025-05-01T17:42:37.328430936Z"}}[\n]"
15:11:07.241 [main] DEBUG com.github.dockerjava.zerodep.shaded.org.apache.hc.client5.http.wire -- http-outgoing-0 << "[\r][\n]"
15:11:07.241 [main] DEBUG com.github.dockerjava.zerodep.shaded.org.apache.hc.client5.http.wire -- http-outgoing-0 << "0[\r][\n]"
15:11:07.241 [main] DEBUG com.github.dockerjava.zerodep.shaded.org.apache.hc.client5.http.wire -- http-outgoing-0 << "[\r][\n]"
15:11:07.248 [main] DEBUG com.github.dockerjava.zerodep.shaded.org.apache.hc.client5.http.impl.classic.InternalHttpClient -- ep-00000007: releasing valid endpoint
15:11:07.248 [main] DEBUG com.github.dockerjava.zerodep.shaded.org.apache.hc.client5.http.impl.io.PoolingHttpClientConnectionManager -- ep-00000007: releasing endpoint
15:11:07.248 [main] DEBUG com.github.dockerjava.zerodep.shaded.org.apache.hc.client5.http.impl.io.PoolingHttpClientConnectionManager -- ep-00000007: connection http-outgoing-0 can be kept alive for 3 MINUTES
15:11:07.248 [main] DEBUG com.github.dockerjava.zerodep.shaded.org.apache.hc.client5.http.impl.io.PoolingHttpClientConnectionManager -- ep-00000007: connection released [route: {}->npipe://localhost:2375][total available: 1; route allocated: 1 of 2147483647; total allocated: 1 of 2147483647]
15:11:07.248 [main] DEBUG org.testcontainers.shaded.com.github.dockerjava.core.command.AbstrDockerCmd -- Cmd: 
15:11:07.249 [main] DEBUG com.github.dockerjava.zerodep.shaded.org.apache.hc.client5.http.impl.classic.InternalHttpClient -- ex-00000009: preparing request execution
15:11:07.249 [main] DEBUG com.github.dockerjava.zerodep.shaded.org.apache.hc.client5.http.protocol.RequestAddCookies -- Cookie spec selected: strict
15:11:07.249 [main] DEBUG com.github.dockerjava.zerodep.shaded.org.apache.hc.client5.http.protocol.RequestAuthCache -- Auth cache not set in the context
15:11:07.249 [main] DEBUG com.github.dockerjava.zerodep.shaded.org.apache.hc.client5.http.impl.classic.ProtocolExec -- ex-00000009: target auth state: UNCHALLENGED
15:11:07.249 [main] DEBUG com.github.dockerjava.zerodep.shaded.org.apache.hc.client5.http.impl.classic.ProtocolExec -- ex-00000009: proxy auth state: UNCHALLENGED
15:11:07.249 [main] DEBUG com.github.dockerjava.zerodep.shaded.org.apache.hc.client5.http.impl.classic.ConnectExec -- ex-00000009: acquiring connection with route {}->npipe://localhost:2375
15:11:07.249 [main] DEBUG com.github.dockerjava.zerodep.shaded.org.apache.hc.client5.http.impl.classic.InternalHttpClient -- ex-00000009: acquiring endpoint (3 MINUTES)
15:11:07.249 [main] DEBUG com.github.dockerjava.zerodep.shaded.org.apache.hc.client5.http.impl.io.PoolingHttpClientConnectionManager -- ex-00000009: endpoint lease request (3 MINUTES) [route: {}->npipe://localhost:2375][total available: 1; route allocated: 1 of 2147483647; total allocated: 1 of 2147483647]
15:11:07.249 [main] DEBUG com.github.dockerjava.zerodep.shaded.org.apache.hc.client5.http.impl.io.PoolingHttpClientConnectionManager -- ex-00000009: endpoint leased [route: {}->npipe://localhost:2375][total available: 0; route allocated: 1 of 2147483647; total allocated: 1 of 2147483647]
15:11:07.249 [main] DEBUG com.github.dockerjava.zerodep.shaded.org.apache.hc.client5.http.impl.io.PoolingHttpClientConnectionManager -- ex-00000009: acquired ep-00000008
15:11:07.249 [main] DEBUG com.github.dockerjava.zerodep.shaded.org.apache.hc.client5.http.impl.classic.InternalHttpClient -- ex-00000009: acquired endpoint ep-00000008
15:11:07.249 [main] DEBUG com.github.dockerjava.zerodep.shaded.org.apache.hc.client5.http.impl.classic.MainClientExec -- ex-00000009: executing GET /v1.32/version HTTP/1.1
15:11:07.249 [main] DEBUG com.github.dockerjava.zerodep.shaded.org.apache.hc.client5.http.impl.classic.InternalHttpClient -- ep-00000008: start execution ex-00000009
15:11:07.249 [main] DEBUG com.github.dockerjava.zerodep.shaded.org.apache.hc.client5.http.impl.io.PoolingHttpClientConnectionManager -- ep-00000008: executing exchange ex-00000009 over http-outgoing-0
15:11:07.250 [main] DEBUG com.github.dockerjava.zerodep.shaded.org.apache.hc.client5.http.headers -- http-outgoing-0 >> GET /v1.32/version HTTP/1.1
15:11:07.250 [main] DEBUG com.github.dockerjava.zerodep.shaded.org.apache.hc.client5.http.headers -- http-outgoing-0 >> accept: application/json
15:11:07.250 [main] DEBUG com.github.dockerjava.zerodep.shaded.org.apache.hc.client5.http.headers -- http-outgoing-0 >> x-tc-sid: 19636001-dfb0-4a92-a4d9-9b302f9285c4
15:11:07.250 [main] DEBUG com.github.dockerjava.zerodep.shaded.org.apache.hc.client5.http.headers -- http-outgoing-0 >> User-Agent: tc-java/1.19.3
15:11:07.250 [main] DEBUG com.github.dockerjava.zerodep.shaded.org.apache.hc.client5.http.headers -- http-outgoing-0 >> Accept-Encoding: gzip, x-gzip, deflate
15:11:07.250 [main] DEBUG com.github.dockerjava.zerodep.shaded.org.apache.hc.client5.http.headers -- http-outgoing-0 >> Host: localhost:2375
15:11:07.250 [main] DEBUG com.github.dockerjava.zerodep.shaded.org.apache.hc.client5.http.headers -- http-outgoing-0 >> Connection: keep-alive
15:11:07.250 [main] DEBUG com.github.dockerjava.zerodep.shaded.org.apache.hc.client5.http.wire -- http-outgoing-0 >> "GET /v1.32/version HTTP/1.1[\r][\n]"
15:11:07.250 [main] DEBUG com.github.dockerjava.zerodep.shaded.org.apache.hc.client5.http.wire -- http-outgoing-0 >> "accept: application/json[\r][\n]"
15:11:07.250 [main] DEBUG com.github.dockerjava.zerodep.shaded.org.apache.hc.client5.http.wire -- http-outgoing-0 >> "x-tc-sid: 19636001-dfb0-4a92-a4d9-9b302f9285c4[\r][\n]"
15:11:07.250 [main] DEBUG com.github.dockerjava.zerodep.shaded.org.apache.hc.client5.http.wire -- http-outgoing-0 >> "User-Agent: tc-java/1.19.3[\r][\n]"
15:11:07.250 [main] DEBUG com.github.dockerjava.zerodep.shaded.org.apache.hc.client5.http.wire -- http-outgoing-0 >> "Accept-Encoding: gzip, x-gzip, deflate[\r][\n]"
15:11:07.250 [main] DEBUG com.github.dockerjava.zerodep.shaded.org.apache.hc.client5.http.wire -- http-outgoing-0 >> "Host: localhost:2375[\r][\n]"
15:11:07.250 [main] DEBUG com.github.dockerjava.zerodep.shaded.org.apache.hc.client5.http.wire -- http-outgoing-0 >> "Connection: keep-alive[\r][\n]"
15:11:07.250 [main] DEBUG com.github.dockerjava.zerodep.shaded.org.apache.hc.client5.http.wire -- http-outgoing-0 >> "[\r][\n]"
15:11:07.265 [main] DEBUG com.github.dockerjava.zerodep.shaded.org.apache.hc.client5.http.wire -- http-outgoing-0 << "HTTP/1.1 200 OK[\r][\n]"
15:11:07.266 [main] DEBUG com.github.dockerjava.zerodep.shaded.org.apache.hc.client5.http.wire -- http-outgoing-0 << "Api-Version: 1.47[\r][\n]"
15:11:07.266 [main] DEBUG com.github.dockerjava.zerodep.shaded.org.apache.hc.client5.http.wire -- http-outgoing-0 << "Content-Type: application/json[\r][\n]"
15:11:07.266 [main] DEBUG com.github.dockerjava.zerodep.shaded.org.apache.hc.client5.http.wire -- http-outgoing-0 << "Date: Fri, 02 May 2025 13:11:07 GMT[\r][\n]"
15:11:07.266 [main] DEBUG com.github.dockerjava.zerodep.shaded.org.apache.hc.client5.http.wire -- http-outgoing-0 << "Docker-Experimental: false[\r][\n]"
15:11:07.266 [main] DEBUG com.github.dockerjava.zerodep.shaded.org.apache.hc.client5.http.wire -- http-outgoing-0 << "Ostype: linux[\r][\n]"
15:11:07.266 [main] DEBUG com.github.dockerjava.zerodep.shaded.org.apache.hc.client5.http.wire -- http-outgoing-0 << "Server: Docker/27.5.1 (linux)[\r][\n]"
15:11:07.266 [main] DEBUG com.github.dockerjava.zerodep.shaded.org.apache.hc.client5.http.wire -- http-outgoing-0 << "Transfer-Encoding: chunked[\r][\n]"
15:11:07.266 [main] DEBUG com.github.dockerjava.zerodep.shaded.org.apache.hc.client5.http.wire -- http-outgoing-0 << "[\r][\n]"
15:11:07.266 [main] DEBUG com.github.dockerjava.zerodep.shaded.org.apache.hc.client5.http.headers -- http-outgoing-0 << HTTP/1.1 200 OK
15:11:07.266 [main] DEBUG com.github.dockerjava.zerodep.shaded.org.apache.hc.client5.http.headers -- http-outgoing-0 << Api-Version: 1.47
15:11:07.266 [main] DEBUG com.github.dockerjava.zerodep.shaded.org.apache.hc.client5.http.headers -- http-outgoing-0 << Content-Type: application/json
15:11:07.266 [main] DEBUG com.github.dockerjava.zerodep.shaded.org.apache.hc.client5.http.headers -- http-outgoing-0 << Date: Fri, 02 May 2025 13:11:07 GMT
15:11:07.266 [main] DEBUG com.github.dockerjava.zerodep.shaded.org.apache.hc.client5.http.headers -- http-outgoing-0 << Docker-Experimental: false
15:11:07.267 [main] DEBUG com.github.dockerjava.zerodep.shaded.org.apache.hc.client5.http.headers -- http-outgoing-0 << Ostype: linux
15:11:07.267 [main] DEBUG com.github.dockerjava.zerodep.shaded.org.apache.hc.client5.http.headers -- http-outgoing-0 << Server: Docker/27.5.1 (linux)
15:11:07.267 [main] DEBUG com.github.dockerjava.zerodep.shaded.org.apache.hc.client5.http.headers -- http-outgoing-0 << Transfer-Encoding: chunked
15:11:07.267 [main] DEBUG com.github.dockerjava.zerodep.shaded.org.apache.hc.client5.http.impl.classic.MainClientExec -- ex-00000009: connection can be kept alive for 3 MINUTES
15:11:07.268 [main] DEBUG com.github.dockerjava.zerodep.shaded.org.apache.hc.client5.http.wire -- http-outgoing-0 << "362[\r][\n]"
15:11:07.268 [main] DEBUG com.github.dockerjava.zerodep.shaded.org.apache.hc.client5.http.wire -- http-outgoing-0 << "{"Platform":{"Name":"Docker Desktop 4.38.0 (181591)"},"Components":[{"Name":"Engine","Version":"27.5.1","Details":{"ApiVersion":"1.47","Arch":"amd64","BuildTime":"2025-01-22T13:41:17.000000000+00:00","Experimental":"false","GitCommit":"4c9b3b0","GoVersion":"go1.22.11","KernelVersion":"5.15.167.4-microsoft-standard-WSL2","MinAPIVersion":"1.24","Os":"linux"}},{"Name":"containerd","Version":"1.7.25","Details":{"GitCommit":"bcc810d6b9066471b0b6fa75f557a15a1cbf31bb"}},{"Name":"runc","Version":"1.1.12","Details":{"GitCommit":"v1.1.12-0-g51d5e946"}},{"Name":"docker-init","Version":"0.19.0","Details":{"GitCommit":"de40ad0"}}],"Version":"27.5.1","ApiVersion":"1.47","MinAPIVersion":"1.24","GitCommit":"4c9b3b0","GoVersion":"go1.22.11","Os":"linux","Arch":"amd64","KernelVersion":"5.15.167.4-microsoft-standard-WSL2","BuildTime":"2025-01-22T13:41:17.000000000+00:00"}[\n]"
15:11:07.268 [main] DEBUG com.github.dockerjava.zerodep.shaded.org.apache.hc.client5.http.wire -- http-outgoing-0 << "[\r][\n]"
15:11:07.268 [main] DEBUG com.github.dockerjava.zerodep.shaded.org.apache.hc.client5.http.wire -- http-outgoing-0 << "0[\r][\n]"
15:11:07.268 [main] DEBUG com.github.dockerjava.zerodep.shaded.org.apache.hc.client5.http.wire -- http-outgoing-0 << "[\r][\n]"
15:11:07.269 [main] DEBUG com.github.dockerjava.zerodep.shaded.org.apache.hc.client5.http.impl.classic.InternalHttpClient -- ep-00000008: releasing valid endpoint
15:11:07.269 [main] DEBUG com.github.dockerjava.zerodep.shaded.org.apache.hc.client5.http.impl.io.PoolingHttpClientConnectionManager -- ep-00000008: releasing endpoint
15:11:07.269 [main] DEBUG com.github.dockerjava.zerodep.shaded.org.apache.hc.client5.http.impl.io.PoolingHttpClientConnectionManager -- ep-00000008: connection http-outgoing-0 can be kept alive for 3 MINUTES
15:11:07.269 [main] DEBUG com.github.dockerjava.zerodep.shaded.org.apache.hc.client5.http.impl.io.PoolingHttpClientConnectionManager -- ep-00000008: connection released [route: {}->npipe://localhost:2375][total available: 1; route allocated: 1 of 2147483647; total allocated: 1 of 2147483647]
15:11:07.280 [docker-java-stream--1850836894] DEBUG com.github.dockerjava.zerodep.shaded.org.apache.hc.client5.http.impl.classic.InternalHttpClient -- ex-0000000A: preparing request execution
15:11:07.280 [docker-java-stream--1850836894] DEBUG com.github.dockerjava.zerodep.shaded.org.apache.hc.client5.http.protocol.RequestAddCookies -- Cookie spec selected: strict
15:11:07.280 [docker-java-stream--1850836894] DEBUG com.github.dockerjava.zerodep.shaded.org.apache.hc.client5.http.protocol.RequestAuthCache -- Auth cache not set in the context
15:11:07.280 [docker-java-stream--1850836894] DEBUG com.github.dockerjava.zerodep.shaded.org.apache.hc.client5.http.impl.classic.ProtocolExec -- ex-0000000A: target auth state: UNCHALLENGED
15:11:07.280 [docker-java-stream--1850836894] DEBUG com.github.dockerjava.zerodep.shaded.org.apache.hc.client5.http.impl.classic.ProtocolExec -- ex-0000000A: proxy auth state: UNCHALLENGED
15:11:07.280 [docker-java-stream--1850836894] DEBUG com.github.dockerjava.zerodep.shaded.org.apache.hc.client5.http.impl.classic.ConnectExec -- ex-0000000A: acquiring connection with route {}->npipe://localhost:2375
15:11:07.280 [docker-java-stream--1850836894] DEBUG com.github.dockerjava.zerodep.shaded.org.apache.hc.client5.http.impl.classic.InternalHttpClient -- ex-0000000A: acquiring endpoint (3 MINUTES)
15:11:07.280 [docker-java-stream--1850836894] DEBUG com.github.dockerjava.zerodep.shaded.org.apache.hc.client5.http.impl.io.PoolingHttpClientConnectionManager -- ex-0000000A: endpoint lease request (3 MINUTES) [route: {}->npipe://localhost:2375][total available: 1; route allocated: 1 of 2147483647; total allocated: 1 of 2147483647]
15:11:07.280 [docker-java-stream--1850836894] DEBUG com.github.dockerjava.zerodep.shaded.org.apache.hc.client5.http.impl.io.PoolingHttpClientConnectionManager -- ex-0000000A: endpoint leased [route: {}->npipe://localhost:2375][total available: 0; route allocated: 1 of 2147483647; total allocated: 1 of 2147483647]
15:11:07.281 [docker-java-stream--1850836894] DEBUG com.github.dockerjava.zerodep.shaded.org.apache.hc.client5.http.impl.io.PoolingHttpClientConnectionManager -- ex-0000000A: acquired ep-00000009
15:11:07.281 [docker-java-stream--1850836894] DEBUG com.github.dockerjava.zerodep.shaded.org.apache.hc.client5.http.impl.classic.InternalHttpClient -- ex-0000000A: acquired endpoint ep-00000009
15:11:07.281 [docker-java-stream--1850836894] DEBUG com.github.dockerjava.zerodep.shaded.org.apache.hc.client5.http.impl.classic.MainClientExec -- ex-0000000A: executing GET /v1.32/containers/6f40a73e7f9e2ea7d3f3c9d8992a3cc68460116f8255cc914856b51b228fdfbf/logs?stdout=true&stderr=true&follow=true&since=0 HTTP/1.1
15:11:07.281 [docker-java-stream--1850836894] DEBUG com.github.dockerjava.zerodep.shaded.org.apache.hc.client5.http.impl.classic.InternalHttpClient -- ep-00000009: start execution ex-0000000A
15:11:07.281 [docker-java-stream--1850836894] DEBUG com.github.dockerjava.zerodep.shaded.org.apache.hc.client5.http.impl.io.PoolingHttpClientConnectionManager -- ep-00000009: executing exchange ex-0000000A over http-outgoing-0
15:11:07.281 [docker-java-stream--1850836894] DEBUG com.github.dockerjava.zerodep.shaded.org.apache.hc.client5.http.headers -- http-outgoing-0 >> GET /v1.32/containers/6f40a73e7f9e2ea7d3f3c9d8992a3cc68460116f8255cc914856b51b228fdfbf/logs?stdout=true&stderr=true&follow=true&since=0 HTTP/1.1
15:11:07.281 [docker-java-stream--1850836894] DEBUG com.github.dockerjava.zerodep.shaded.org.apache.hc.client5.http.headers -- http-outgoing-0 >> x-tc-sid: 19636001-dfb0-4a92-a4d9-9b302f9285c4
15:11:07.281 [docker-java-stream--1850836894] DEBUG com.github.dockerjava.zerodep.shaded.org.apache.hc.client5.http.headers -- http-outgoing-0 >> User-Agent: tc-java/1.19.3
15:11:07.281 [docker-java-stream--1850836894] DEBUG com.github.dockerjava.zerodep.shaded.org.apache.hc.client5.http.headers -- http-outgoing-0 >> Accept-Encoding: gzip, x-gzip, deflate
15:11:07.281 [docker-java-stream--1850836894] DEBUG com.github.dockerjava.zerodep.shaded.org.apache.hc.client5.http.headers -- http-outgoing-0 >> Host: localhost:2375
15:11:07.281 [docker-java-stream--1850836894] DEBUG com.github.dockerjava.zerodep.shaded.org.apache.hc.client5.http.headers -- http-outgoing-0 >> Connection: keep-alive
15:11:07.281 [docker-java-stream--1850836894] DEBUG com.github.dockerjava.zerodep.shaded.org.apache.hc.client5.http.wire -- http-outgoing-0 >> "GET /v1.32/containers/6f40a73e7f9e2ea7d3f3c9d8992a3cc68460116f8255cc914856b51b228fdfbf/logs?stdout=true&stderr=true&follow=true&since=0 HTTP/1.1[\r][\n]"
15:11:07.281 [docker-java-stream--1850836894] DEBUG com.github.dockerjava.zerodep.shaded.org.apache.hc.client5.http.wire -- http-outgoing-0 >> "x-tc-sid: 19636001-dfb0-4a92-a4d9-9b302f9285c4[\r][\n]"
15:11:07.281 [docker-java-stream--1850836894] DEBUG com.github.dockerjava.zerodep.shaded.org.apache.hc.client5.http.wire -- http-outgoing-0 >> "User-Agent: tc-java/1.19.3[\r][\n]"
15:11:07.281 [docker-java-stream--1850836894] DEBUG com.github.dockerjava.zerodep.shaded.org.apache.hc.client5.http.wire -- http-outgoing-0 >> "Accept-Encoding: gzip, x-gzip, deflate[\r][\n]"
15:11:07.281 [docker-java-stream--1850836894] DEBUG com.github.dockerjava.zerodep.shaded.org.apache.hc.client5.http.wire -- http-outgoing-0 >> "Host: localhost:2375[\r][\n]"
15:11:07.281 [docker-java-stream--1850836894] DEBUG com.github.dockerjava.zerodep.shaded.org.apache.hc.client5.http.wire -- http-outgoing-0 >> "Connection: keep-alive[\r][\n]"
15:11:07.281 [docker-java-stream--1850836894] DEBUG com.github.dockerjava.zerodep.shaded.org.apache.hc.client5.http.wire -- http-outgoing-0 >> "[\r][\n]"
15:11:07.286 [docker-java-stream--1850836894] DEBUG com.github.dockerjava.zerodep.shaded.org.apache.hc.client5.http.wire -- http-outgoing-0 << "HTTP/1.1 200 OK[\r][\n]"
15:11:07.286 [docker-java-stream--1850836894] DEBUG com.github.dockerjava.zerodep.shaded.org.apache.hc.client5.http.wire -- http-outgoing-0 << "Api-Version: 1.47[\r][\n]"
15:11:07.286 [docker-java-stream--1850836894] DEBUG com.github.dockerjava.zerodep.shaded.org.apache.hc.client5.http.wire -- http-outgoing-0 << "Content-Type: application/vnd.docker.raw-stream[\r][\n]"
15:11:07.286 [docker-java-stream--1850836894] DEBUG com.github.dockerjava.zerodep.shaded.org.apache.hc.client5.http.wire -- http-outgoing-0 << "Date: Fri, 02 May 2025 13:11:07 GMT[\r][\n]"
15:11:07.286 [docker-java-stream--1850836894] DEBUG com.github.dockerjava.zerodep.shaded.org.apache.hc.client5.http.wire -- http-outgoing-0 << "Docker-Experimental: false[\r][\n]"
15:11:07.286 [docker-java-stream--1850836894] DEBUG com.github.dockerjava.zerodep.shaded.org.apache.hc.client5.http.wire -- http-outgoing-0 << "Ostype: linux[\r][\n]"
15:11:07.286 [docker-java-stream--1850836894] DEBUG com.github.dockerjava.zerodep.shaded.org.apache.hc.client5.http.wire -- http-outgoing-0 << "Server: Docker/27.5.1 (linux)[\r][\n]"
15:11:07.286 [docker-java-stream--1850836894] DEBUG com.github.dockerjava.zerodep.shaded.org.apache.hc.client5.http.wire -- http-outgoing-0 << "Transfer-Encoding: chunked[\r][\n]"
15:11:07.286 [docker-java-stream--1850836894] DEBUG com.github.dockerjava.zerodep.shaded.org.apache.hc.client5.http.wire -- http-outgoing-0 << "[\r][\n]"
15:11:07.287 [docker-java-stream--1850836894] DEBUG com.github.dockerjava.zerodep.shaded.org.apache.hc.client5.http.headers -- http-outgoing-0 << HTTP/1.1 200 OK
15:11:07.287 [docker-java-stream--1850836894] DEBUG com.github.dockerjava.zerodep.shaded.org.apache.hc.client5.http.headers -- http-outgoing-0 << Api-Version: 1.47
15:11:07.287 [docker-java-stream--1850836894] DEBUG com.github.dockerjava.zerodep.shaded.org.apache.hc.client5.http.headers -- http-outgoing-0 << Content-Type: application/vnd.docker.raw-stream
15:11:07.287 [docker-java-stream--1850836894] DEBUG com.github.dockerjava.zerodep.shaded.org.apache.hc.client5.http.headers -- http-outgoing-0 << Date: Fri, 02 May 2025 13:11:07 GMT
15:11:07.287 [docker-java-stream--1850836894] DEBUG com.github.dockerjava.zerodep.shaded.org.apache.hc.client5.http.headers -- http-outgoing-0 << Docker-Experimental: false
15:11:07.287 [docker-java-stream--1850836894] DEBUG com.github.dockerjava.zerodep.shaded.org.apache.hc.client5.http.headers -- http-outgoing-0 << Ostype: linux
15:11:07.287 [docker-java-stream--1850836894] DEBUG com.github.dockerjava.zerodep.shaded.org.apache.hc.client5.http.headers -- http-outgoing-0 << Server: Docker/27.5.1 (linux)
15:11:07.287 [docker-java-stream--1850836894] DEBUG com.github.dockerjava.zerodep.shaded.org.apache.hc.client5.http.headers -- http-outgoing-0 << Transfer-Encoding: chunked
15:11:07.287 [docker-java-stream--1850836894] DEBUG com.github.dockerjava.zerodep.shaded.org.apache.hc.client5.http.impl.classic.MainClientExec -- ex-0000000A: connection can be kept alive for 3 MINUTES
15:11:07.288 [docker-java-stream--1850836894] DEBUG com.github.dockerjava.zerodep.shaded.org.apache.hc.client5.http.wire -- http-outgoing-0 << "c0[\r][\n]"
15:11:07.288 [docker-java-stream--1850836894] DEBUG com.github.dockerjava.zerodep.shaded.org.apache.hc.client5.http.wire -- http-outgoing-0 << "[0x2][0x0][0x0][0x0][0x0][0x0][0x0]&2025/05/02 13:11:07 Pinging Docker...[\n]"
15:11:07.288 [docker-java-stream--1850836894] DEBUG com.github.dockerjava.zerodep.shaded.org.apache.hc.client5.http.wire -- http-outgoing-0 << "[0x2][0x0][0x0][0x0][0x0][0x0][0x0]02025/05/02 13:11:07 Docker daemon is available![\n]"
15:11:07.288 [docker-java-stream--1850836894] DEBUG com.github.dockerjava.zerodep.shaded.org.apache.hc.client5.http.wire -- http-outgoing-0 << "[0x2][0x0][0x0][0x0][0x0][0x0][0x0]-2025/05/02 13:11:07 Starting on port 8080...[\n]"
15:11:07.289 [docker-java-stream--1850836894] DEBUG com.github.dockerjava.zerodep.shaded.org.apache.hc.client5.http.wire -- http-outgoing-0 << "[0x2][0x0][0x0][0x0][0x0][0x0][0x0][0x1d]2025/05/02 13:11:07 Started![\n]"
15:11:07.289 [docker-java-stream--1850836894] DEBUG com.github.dockerjava.zerodep.shaded.org.apache.hc.client5.http.wire -- http-outgoing-0 << "[\r][\n]"
15:11:07.292 [main] DEBUG org.testcontainers.containers.output.WaitingConsumer -- STDERR: 2025/05/02 13:11:07 Pinging Docker...
15:11:07.293 [main] DEBUG org.testcontainers.containers.output.WaitingConsumer -- STDERR: 2025/05/02 13:11:07 Started!
15:11:07.293 [main] DEBUG com.github.dockerjava.zerodep.shaded.org.apache.hc.client5.http.impl.classic.InternalHttpClient -- ep-00000009: cancel
15:11:07.294 [main] DEBUG com.github.dockerjava.zerodep.shaded.org.apache.hc.client5.http.impl.io.DefaultManagedHttpClientConnection -- http-outgoing-0: close connection IMMEDIATE
15:11:07.294 [docker-java-stream--1850836894] DEBUG com.github.dockerjava.zerodep.shaded.org.apache.hc.client5.http.wire -- http-outgoing-0 << "end of stream"
15:11:07.295 [main] DEBUG com.github.dockerjava.zerodep.shaded.org.apache.hc.client5.http.impl.classic.InternalHttpClient -- ep-00000009: endpoint closed
15:11:07.295 [main] DEBUG com.github.dockerjava.zerodep.shaded.org.apache.hc.client5.http.impl.classic.InternalHttpClient -- ep-00000009: discarding endpoint
15:11:07.295 [main] DEBUG com.github.dockerjava.zerodep.shaded.org.apache.hc.client5.http.impl.io.PoolingHttpClientConnectionManager -- ep-00000009: releasing endpoint
15:11:07.295 [main] DEBUG com.github.dockerjava.zerodep.shaded.org.apache.hc.client5.http.impl.io.PoolingHttpClientConnectionManager -- ep-00000009: connection is not kept alive
15:11:07.295 [main] DEBUG com.github.dockerjava.zerodep.shaded.org.apache.hc.client5.http.impl.io.PoolingHttpClientConnectionManager -- ep-00000009: connection released [route: {}->npipe://localhost:2375][total available: 0; route allocated: 0 of 2147483647; total allocated: 0 of 2147483647]
15:11:07.296 [docker-java-stream--1850836894] DEBUG com.github.dockerjava.zerodep.shaded.org.apache.hc.client5.http.wire -- http-outgoing-0 << "[read] I/O error: java.nio.channels.ClosedChannelException"
15:11:07.297 [main] DEBUG com.github.dockerjava.zerodep.shaded.org.apache.hc.client5.http.wire -- http-outgoing-0 << "[read] I/O error: java.nio.channels.ClosedChannelException"
15:11:07.296 [docker-java-stream--1850836894] DEBUG com.github.dockerjava.zerodep.ApacheDockerHttpClientImpl$ApacheResponse -- Failed to close the response
java.io.IOException: java.nio.channels.ClosedChannelException
	at java.base/java.nio.channels.Channels$1.read(Channels.java:166)
	at com.github.dockerjava.zerodep.shaded.org.apache.hc.client5.http.impl.io.LoggingInputStream.read(LoggingInputStream.java:81)
	at com.github.dockerjava.zerodep.shaded.org.apache.hc.core5.http.impl.io.SessionInputBufferImpl.fillBuffer(SessionInputBufferImpl.java:149)
	at com.github.dockerjava.zerodep.shaded.org.apache.hc.core5.http.impl.io.SessionInputBufferImpl.readLine(SessionInputBufferImpl.java:280)
	at com.github.dockerjava.zerodep.shaded.org.apache.hc.core5.http.impl.io.ChunkedInputStream.getChunkSize(ChunkedInputStream.java:261)
	at com.github.dockerjava.zerodep.shaded.org.apache.hc.core5.http.impl.io.ChunkedInputStream.nextChunk(ChunkedInputStream.java:222)
	at com.github.dockerjava.zerodep.shaded.org.apache.hc.core5.http.impl.io.ChunkedInputStream.read(ChunkedInputStream.java:147)
	at com.github.dockerjava.zerodep.shaded.org.apache.hc.core5.http.impl.io.ChunkedInputStream.close(ChunkedInputStream.java:314)
	at com.github.dockerjava.zerodep.shaded.org.apache.hc.core5.io.Closer.close(Closer.java:48)
	at com.github.dockerjava.zerodep.shaded.org.apache.hc.core5.http.impl.io.IncomingHttpEntity.close(IncomingHttpEntity.java:111)
	at com.github.dockerjava.zerodep.shaded.org.apache.hc.core5.http.io.entity.HttpEntityWrapper.close(HttpEntityWrapper.java:120)
	at com.github.dockerjava.zerodep.shaded.org.apache.hc.core5.io.Closer.close(Closer.java:48)
	at com.github.dockerjava.zerodep.shaded.org.apache.hc.core5.http.message.BasicClassicHttpResponse.close(BasicClassicHttpResponse.java:93)
	at com.github.dockerjava.zerodep.shaded.org.apache.hc.client5.http.impl.classic.CloseableHttpResponse.close(CloseableHttpResponse.java:200)
	at com.github.dockerjava.zerodep.ApacheDockerHttpClientImpl$ApacheResponse.close(ApacheDockerHttpClientImpl.java:256)
	at org.testcontainers.shaded.com.github.dockerjava.core.DefaultInvocationBuilder.lambda$executeAndStream$1(DefaultInvocationBuilder.java:277)
	at java.base/java.lang.Thread.run(Thread.java:1583)
Caused by: java.nio.channels.ClosedChannelException: null
	at java.base/sun.nio.ch.WindowsAsynchronousFileChannelImpl.implRead(WindowsAsynchronousFileChannelImpl.java:521)
	at java.base/sun.nio.ch.AsynchronousFileChannelImpl.read(AsynchronousFileChannelImpl.java:229)
	at com.github.dockerjava.transport.NamedPipeSocket$AsynchronousFileByteChannel.read(NamedPipeSocket.java:117)
	at java.base/java.nio.channels.Channels$1.read(Channels.java:164)
	... 16 common frames omitted
15:11:07.297 [main] DEBUG com.github.dockerjava.zerodep.ApacheDockerHttpClientImpl$ApacheResponse -- Failed to close the response
java.io.IOException: java.nio.channels.ClosedChannelException
	at java.base/java.nio.channels.Channels$1.read(Channels.java:166)
	at com.github.dockerjava.zerodep.shaded.org.apache.hc.client5.http.impl.io.LoggingInputStream.read(LoggingInputStream.java:81)
	at com.github.dockerjava.zerodep.shaded.org.apache.hc.core5.http.impl.io.SessionInputBufferImpl.fillBuffer(SessionInputBufferImpl.java:149)
	at com.github.dockerjava.zerodep.shaded.org.apache.hc.core5.http.impl.io.SessionInputBufferImpl.readLine(SessionInputBufferImpl.java:280)
	at com.github.dockerjava.zerodep.shaded.org.apache.hc.core5.http.impl.io.ChunkedInputStream.getChunkSize(ChunkedInputStream.java:261)
	at com.github.dockerjava.zerodep.shaded.org.apache.hc.core5.http.impl.io.ChunkedInputStream.nextChunk(ChunkedInputStream.java:222)
	at com.github.dockerjava.zerodep.shaded.org.apache.hc.core5.http.impl.io.ChunkedInputStream.read(ChunkedInputStream.java:147)
	at com.github.dockerjava.zerodep.shaded.org.apache.hc.core5.http.impl.io.ChunkedInputStream.close(ChunkedInputStream.java:314)
	at com.github.dockerjava.zerodep.shaded.org.apache.hc.core5.io.Closer.close(Closer.java:48)
	at com.github.dockerjava.zerodep.shaded.org.apache.hc.core5.http.impl.io.IncomingHttpEntity.close(IncomingHttpEntity.java:111)
	at com.github.dockerjava.zerodep.shaded.org.apache.hc.core5.http.io.entity.HttpEntityWrapper.close(HttpEntityWrapper.java:120)
	at com.github.dockerjava.zerodep.shaded.org.apache.hc.core5.io.Closer.close(Closer.java:48)
	at com.github.dockerjava.zerodep.shaded.org.apache.hc.core5.http.message.BasicClassicHttpResponse.close(BasicClassicHttpResponse.java:93)
	at com.github.dockerjava.zerodep.shaded.org.apache.hc.client5.http.impl.classic.CloseableHttpResponse.close(CloseableHttpResponse.java:200)
	at com.github.dockerjava.zerodep.ApacheDockerHttpClientImpl$ApacheResponse.close(ApacheDockerHttpClientImpl.java:256)
	at org.testcontainers.shaded.com.github.dockerjava.core.DefaultInvocationBuilder.lambda$null$0(DefaultInvocationBuilder.java:272)
	at com.github.dockerjava.api.async.ResultCallbackTemplate.close(ResultCallbackTemplate.java:77)
	at org.testcontainers.containers.output.FrameConsumerResultCallback.close(FrameConsumerResultCallback.java:69)
	at org.testcontainers.containers.wait.strategy.LogMessageWaitStrategy.waitUntilReady(LogMessageWaitStrategy.java:49)
	at org.testcontainers.containers.wait.strategy.AbstractWaitStrategy.waitUntilReady(AbstractWaitStrategy.java:52)
	at org.testcontainers.containers.GenericContainer.waitUntilContainerStarted(GenericContainer.java:912)
	at org.testcontainers.containers.GenericContainer.tryStart(GenericContainer.java:503)
	at org.testcontainers.containers.GenericContainer.lambda$doStart$0(GenericContainer.java:357)
	at org.rnorth.ducttape.unreliables.Unreliables.retryUntilSuccess(Unreliables.java:81)
	at org.testcontainers.containers.GenericContainer.doStart(GenericContainer.java:347)
	at org.testcontainers.containers.GenericContainer.start(GenericContainer.java:333)
	at org.testcontainers.utility.RyukResourceReaper.maybeStart(RyukResourceReaper.java:78)
	at org.testcontainers.utility.RyukResourceReaper.init(RyukResourceReaper.java:42)
	at org.testcontainers.DockerClientFactory.client(DockerClientFactory.java:232)
	at org.testcontainers.DockerClientFactory$1.getDockerClient(DockerClientFactory.java:106)
	at com.github.dockerjava.api.DockerClientDelegate.authConfig(DockerClientDelegate.java:109)
	at org.testcontainers.containers.GenericContainer.start(GenericContainer.java:332)
	at org.testcontainers.junit.jupiter.TestcontainersExtension$StoreAdapter.start(TestcontainersExtension.java:280)
	at org.testcontainers.junit.jupiter.TestcontainersExtension$StoreAdapter.access$200(TestcontainersExtension.java:267)
	at org.testcontainers.junit.jupiter.TestcontainersExtension.lambda$null$4(TestcontainersExtension.java:82)
	at org.junit.platform.engine.support.store.NamespacedHierarchicalStore.lambda$getOrComputeIfAbsent$5(NamespacedHierarchicalStore.java:147)
	at org.junit.platform.engine.support.store.NamespacedHierarchicalStore$MemoizingSupplier.computeValue(NamespacedHierarchicalStore.java:372)
	at org.junit.platform.engine.support.store.NamespacedHierarchicalStore$MemoizingSupplier.get(NamespacedHierarchicalStore.java:361)
	at org.junit.platform.engine.support.store.NamespacedHierarchicalStore$StoredValue.evaluate(NamespacedHierarchicalStore.java:308)
	at org.junit.platform.engine.support.store.NamespacedHierarchicalStore$StoredValue.access$200(NamespacedHierarchicalStore.java:287)
	at org.junit.platform.engine.support.store.NamespacedHierarchicalStore.getOrComputeIfAbsent(NamespacedHierarchicalStore.java:149)
	at org.junit.jupiter.engine.execution.NamespaceAwareStore.lambda$getOrComputeIfAbsent$2(NamespaceAwareStore.java:57)
	at org.junit.jupiter.engine.execution.NamespaceAwareStore.accessStore(NamespaceAwareStore.java:90)
	at org.junit.jupiter.engine.execution.NamespaceAwareStore.getOrComputeIfAbsent(NamespaceAwareStore.java:57)
	at org.testcontainers.junit.jupiter.TestcontainersExtension.lambda$startContainers$5(TestcontainersExtension.java:82)
	at java.base/java.util.ArrayList.forEach(ArrayList.java:1596)
	at org.testcontainers.junit.jupiter.TestcontainersExtension.startContainers(TestcontainersExtension.java:82)
	at org.testcontainers.junit.jupiter.TestcontainersExtension.findTestLifecycleAwareContainers(TestcontainersExtension.java:115)
	at org.testcontainers.junit.jupiter.TestcontainersExtension.beforeEach(TestcontainersExtension.java:100)
	at org.junit.jupiter.engine.descriptor.TestMethodTestDescriptor.lambda$invokeBeforeEachCallbacks$2(TestMethodTestDescriptor.java:167)
	at org.junit.jupiter.engine.descriptor.TestMethodTestDescriptor.lambda$invokeBeforeMethodsOrCallbacksUntilExceptionOccurs$6(TestMethodTestDescriptor.java:203)
	at org.junit.platform.engine.support.hierarchical.ThrowableCollector.execute(ThrowableCollector.java:73)
	at org.junit.jupiter.engine.descriptor.TestMethodTestDescriptor.invokeBeforeMethodsOrCallbacksUntilExceptionOccurs(TestMethodTestDescriptor.java:203)
	at org.junit.jupiter.engine.descriptor.TestMethodTestDescriptor.invokeBeforeEachCallbacks(TestMethodTestDescriptor.java:166)
	at org.junit.jupiter.engine.descriptor.TestMethodTestDescriptor.execute(TestMethodTestDescriptor.java:133)
	at org.junit.jupiter.engine.descriptor.TestMethodTestDescriptor.execute(TestMethodTestDescriptor.java:69)
	at org.junit.platform.engine.support.hierarchical.NodeTestTask.lambda$executeRecursively$6(NodeTestTask.java:151)
	at org.junit.platform.engine.support.hierarchical.ThrowableCollector.execute(ThrowableCollector.java:73)
	at org.junit.platform.engine.support.hierarchical.NodeTestTask.lambda$executeRecursively$8(NodeTestTask.java:141)
	at org.junit.platform.engine.support.hierarchical.Node.around(Node.java:137)
	at org.junit.platform.engine.support.hierarchical.NodeTestTask.lambda$executeRecursively$9(NodeTestTask.java:139)
	at org.junit.platform.engine.support.hierarchical.ThrowableCollector.execute(ThrowableCollector.java:73)
	at org.junit.platform.engine.support.hierarchical.NodeTestTask.executeRecursively(NodeTestTask.java:138)
	at org.junit.platform.engine.support.hierarchical.NodeTestTask.execute(NodeTestTask.java:95)
	at java.base/java.util.ArrayList.forEach(ArrayList.java:1596)
	at org.junit.platform.engine.support.hierarchical.SameThreadHierarchicalTestExecutorService.invokeAll(SameThreadHierarchicalTestExecutorService.java:41)
	at org.junit.platform.engine.support.hierarchical.NodeTestTask.lambda$executeRecursively$6(NodeTestTask.java:155)
	at org.junit.platform.engine.support.hierarchical.ThrowableCollector.execute(ThrowableCollector.java:73)
	at org.junit.platform.engine.support.hierarchical.NodeTestTask.lambda$executeRecursively$8(NodeTestTask.java:141)
	at org.junit.platform.engine.support.hierarchical.Node.around(Node.java:137)
	at org.junit.platform.engine.support.hierarchical.NodeTestTask.lambda$executeRecursively$9(NodeTestTask.java:139)
	at org.junit.platform.engine.support.hierarchical.ThrowableCollector.execute(ThrowableCollector.java:73)
	at org.junit.platform.engine.support.hierarchical.NodeTestTask.executeRecursively(NodeTestTask.java:138)
	at org.junit.platform.engine.support.hierarchical.NodeTestTask.execute(NodeTestTask.java:95)
	at java.base/java.util.ArrayList.forEach(ArrayList.java:1596)
	at org.junit.platform.engine.support.hierarchical.SameThreadHierarchicalTestExecutorService.invokeAll(SameThreadHierarchicalTestExecutorService.java:41)
	at org.junit.platform.engine.support.hierarchical.NodeTestTask.lambda$executeRecursively$6(NodeTestTask.java:155)
	at org.junit.platform.engine.support.hierarchical.ThrowableCollector.execute(ThrowableCollector.java:73)
	at org.junit.platform.engine.support.hierarchical.NodeTestTask.lambda$executeRecursively$8(NodeTestTask.java:141)
	at org.junit.platform.engine.support.hierarchical.Node.around(Node.java:137)
	at org.junit.platform.engine.support.hierarchical.NodeTestTask.lambda$executeRecursively$9(NodeTestTask.java:139)
	at org.junit.platform.engine.support.hierarchical.ThrowableCollector.execute(ThrowableCollector.java:73)
	at org.junit.platform.engine.support.hierarchical.NodeTestTask.executeRecursively(NodeTestTask.java:138)
	at org.junit.platform.engine.support.hierarchical.NodeTestTask.execute(NodeTestTask.java:95)
	at org.junit.platform.engine.support.hierarchical.SameThreadHierarchicalTestExecutorService.submit(SameThreadHierarchicalTestExecutorService.java:35)
	at org.junit.platform.engine.support.hierarchical.HierarchicalTestExecutor.execute(HierarchicalTestExecutor.java:57)
	at org.junit.platform.engine.support.hierarchical.HierarchicalTestEngine.execute(HierarchicalTestEngine.java:54)
	at org.junit.platform.launcher.core.EngineExecutionOrchestrator.execute(EngineExecutionOrchestrator.java:198)
	at org.junit.platform.launcher.core.EngineExecutionOrchestrator.execute(EngineExecutionOrchestrator.java:169)
	at org.junit.platform.launcher.core.EngineExecutionOrchestrator.execute(EngineExecutionOrchestrator.java:93)
	at org.junit.platform.launcher.core.EngineExecutionOrchestrator.lambda$execute$0(EngineExecutionOrchestrator.java:58)
	at org.junit.platform.launcher.core.EngineExecutionOrchestrator.withInterceptedStreams(EngineExecutionOrchestrator.java:141)
	at org.junit.platform.launcher.core.EngineExecutionOrchestrator.execute(EngineExecutionOrchestrator.java:57)
	at org.junit.platform.launcher.core.DefaultLauncher.execute(DefaultLauncher.java:103)
	at org.junit.platform.launcher.core.DefaultLauncher.execute(DefaultLauncher.java:85)
	at org.junit.platform.launcher.core.DelegatingLauncher.execute(DelegatingLauncher.java:47)
	at org.apache.maven.surefire.junitplatform.LazyLauncher.execute(LazyLauncher.java:50)
	at org.apache.maven.surefire.junitplatform.JUnitPlatformProvider.execute(JUnitPlatformProvider.java:184)
	at org.apache.maven.surefire.junitplatform.JUnitPlatformProvider.invokeAllTests(JUnitPlatformProvider.java:148)
	at org.apache.maven.surefire.junitplatform.JUnitPlatformProvider.invoke(JUnitPlatformProvider.java:122)
	at org.apache.maven.surefire.booter.ForkedBooter.runSuitesInProcess(ForkedBooter.java:385)
	at org.apache.maven.surefire.booter.ForkedBooter.execute(ForkedBooter.java:162)
	at org.apache.maven.surefire.booter.ForkedBooter.run(ForkedBooter.java:507)
	at org.apache.maven.surefire.booter.ForkedBooter.main(ForkedBooter.java:495)
Caused by: java.nio.channels.ClosedChannelException: null
	at java.base/sun.nio.ch.WindowsAsynchronousFileChannelImpl.implRead(WindowsAsynchronousFileChannelImpl.java:521)
	at java.base/sun.nio.ch.AsynchronousFileChannelImpl.read(AsynchronousFileChannelImpl.java:229)
	at com.github.dockerjava.transport.NamedPipeSocket$AsynchronousFileByteChannel.read(NamedPipeSocket.java:117)
	at java.base/java.nio.channels.Channels$1.read(Channels.java:164)
	... 103 common frames omitted
15:11:07.301 [main] INFO tc.testcontainers/ryuk:0.5.1 -- Container testcontainers/ryuk:0.5.1 started in PT2.1512241S
15:11:07.314 [testcontainers-ryuk] DEBUG org.testcontainers.utility.ResourceReaper -- Sending 'label=org.testcontainers%3Dtrue&label=org.testcontainers.lang%3Djava&label=org.testcontainers.version%3D1.19.3&label=org.testcontainers.sessionId%3D19636001-dfb0-4a92-a4d9-9b302f9285c4' to Ryuk
15:11:07.319 [testcontainers-ryuk] DEBUG org.testcontainers.utility.RyukResourceReaper -- Received 'ACK' from Ryuk
15:11:07.319 [main] INFO org.testcontainers.utility.RyukResourceReaper -- Ryuk started - will monitor and terminate Testcontainers containers on JVM exit
15:11:07.319 [main] DEBUG org.testcontainers.DockerClientFactory -- Checks are enabled
15:11:07.319 [main] INFO org.testcontainers.DockerClientFactory -- Checking the system...
15:11:07.320 [main] INFO org.testcontainers.DockerClientFactory -- ✔︎ Docker server version should be at least 1.6.0
15:11:07.347 [main] INFO org.testcontainers.containers.SeleniumUtils -- Selenium API version 4.20.0 detected on classpath
15:11:07.421 [main] DEBUG org.testcontainers.utility.PrefixingImageNameSubstitutor -- No prefix is configured
15:11:07.422 [main] DEBUG org.testcontainers.utility.ImageNameSubstitutor -- Did not find a substitute image for selenium/standalone-chrome:4.20.0 (using image substitutor: DefaultImageNameSubstitutor (composite of 'ConfigurationFileImageNameSubstitutor' and 'PrefixingImageNameSubstitutor'))
15:11:07.422 [main] DEBUG org.testcontainers.images.AbstractImagePullPolicy -- Using locally available and not pulling image: selenium/standalone-chrome:4.20.0
15:11:07.423 [main] DEBUG tc.selenium/standalone-chrome:4.20.0 -- Starting container: selenium/standalone-chrome:4.20.0
15:11:07.423 [main] DEBUG tc.selenium/standalone-chrome:4.20.0 -- Trying to start container: selenium/standalone-chrome:4.20.0 (attempt 1/3)
15:11:07.423 [main] DEBUG tc.selenium/standalone-chrome:4.20.0 -- Starting container: selenium/standalone-chrome:4.20.0
15:11:07.423 [main] INFO tc.selenium/standalone-chrome:4.20.0 -- Creating container for image: selenium/standalone-chrome:4.20.0
15:11:07.423 [main] DEBUG org.testcontainers.utility.RegistryAuthLocator -- Looking up auth config for image: selenium/standalone-chrome:4.20.0 at registry: https://index.docker.io/v1/
15:11:07.423 [main] DEBUG org.testcontainers.utility.RegistryAuthLocator -- Cached auth found: [AuthConfig{username=elenacabe, password=hidden non-blank value, auth=blank, email=null, registryAddress=https://index.docker.io/v1/, registryToken=blank}]
15:11:07.423 [main] DEBUG org.testcontainers.dockerclient.AuthDelegatingDockerClientConfig -- Effective auth config [AuthConfig{username=elenacabe, password=hidden non-blank value, auth=blank, email=null, registryAddress=https://index.docker.io/v1/, registryToken=blank}]
15:11:07.432 [main] DEBUG org.testcontainers.shaded.com.github.dockerjava.core.command.AbstrDockerCmd -- Cmd: <null>,true,<null>,false,<null>,<null>,{org.testcontainers=true, org.testcontainers.lang=java, org.testcontainers.version=1.19.3, org.testcontainers.sessionId=19636001-dfb0-4a92-a4d9-9b302f9285c4},b469af70-f952-4995-a4ae-aaf8319c1e20,{}
15:11:07.440 [main] DEBUG com.github.dockerjava.zerodep.shaded.org.apache.hc.client5.http.impl.classic.InternalHttpClient -- ex-0000000B: preparing request execution
15:11:07.441 [main] DEBUG com.github.dockerjava.zerodep.shaded.org.apache.hc.client5.http.protocol.RequestAddCookies -- Cookie spec selected: strict
15:11:07.441 [main] DEBUG com.github.dockerjava.zerodep.shaded.org.apache.hc.client5.http.protocol.RequestAuthCache -- Auth cache not set in the context
15:11:07.443 [main] DEBUG com.github.dockerjava.zerodep.shaded.org.apache.hc.client5.http.impl.classic.ProtocolExec -- ex-0000000B: target auth state: UNCHALLENGED
15:11:07.445 [main] DEBUG com.github.dockerjava.zerodep.shaded.org.apache.hc.client5.http.impl.classic.ProtocolExec -- ex-0000000B: proxy auth state: UNCHALLENGED
15:11:07.445 [main] DEBUG com.github.dockerjava.zerodep.shaded.org.apache.hc.client5.http.impl.classic.ConnectExec -- ex-0000000B: acquiring connection with route {}->npipe://localhost:2375
15:11:07.445 [main] DEBUG com.github.dockerjava.zerodep.shaded.org.apache.hc.client5.http.impl.classic.InternalHttpClient -- ex-0000000B: acquiring endpoint (3 MINUTES)
15:11:07.445 [main] DEBUG com.github.dockerjava.zerodep.shaded.org.apache.hc.client5.http.impl.io.PoolingHttpClientConnectionManager -- ex-0000000B: endpoint lease request (3 MINUTES) [route: {}->npipe://localhost:2375][total available: 0; route allocated: 0 of 2147483647; total allocated: 0 of 2147483647]
15:11:07.445 [main] DEBUG com.github.dockerjava.zerodep.shaded.org.apache.hc.client5.http.impl.io.PoolingHttpClientConnectionManager -- ex-0000000B: endpoint leased [route: {}->npipe://localhost:2375][total available: 0; route allocated: 1 of 2147483647; total allocated: 1 of 2147483647]
15:11:07.445 [main] DEBUG com.github.dockerjava.zerodep.shaded.org.apache.hc.client5.http.impl.io.PoolingHttpClientConnectionManager -- ex-0000000B: acquired ep-0000000A
15:11:07.445 [main] DEBUG com.github.dockerjava.zerodep.shaded.org.apache.hc.client5.http.impl.classic.InternalHttpClient -- ex-0000000B: acquired endpoint ep-0000000A
15:11:07.445 [main] DEBUG com.github.dockerjava.zerodep.shaded.org.apache.hc.client5.http.impl.classic.ConnectExec -- ex-0000000B: opening connection {}->npipe://localhost:2375
15:11:07.445 [main] DEBUG com.github.dockerjava.zerodep.shaded.org.apache.hc.client5.http.impl.classic.InternalHttpClient -- ep-0000000A: connecting endpoint (3 MINUTES)
15:11:07.445 [main] DEBUG com.github.dockerjava.zerodep.shaded.org.apache.hc.client5.http.impl.io.PoolingHttpClientConnectionManager -- ep-0000000A: connecting endpoint to npipe://localhost:2375 (3 MINUTES)
15:11:07.446 [main] DEBUG com.github.dockerjava.zerodep.shaded.org.apache.hc.client5.http.impl.io.DefaultHttpClientConnectionOperator -- http-outgoing-1: connecting to localhost/127.0.0.1:2375
15:11:07.446 [main] DEBUG com.github.dockerjava.zerodep.shaded.org.apache.hc.client5.http.impl.io.DefaultHttpClientConnectionOperator -- http-outgoing-1: connection established 
15:11:07.446 [main] DEBUG com.github.dockerjava.zerodep.shaded.org.apache.hc.client5.http.impl.io.PoolingHttpClientConnectionManager -- ep-0000000A: connected http-outgoing-1
15:11:07.447 [main] DEBUG com.github.dockerjava.zerodep.shaded.org.apache.hc.client5.http.impl.classic.InternalHttpClient -- ep-0000000A: endpoint connected
15:11:07.447 [main] DEBUG com.github.dockerjava.zerodep.shaded.org.apache.hc.client5.http.impl.classic.MainClientExec -- ex-0000000B: executing POST /v1.32/networks/create HTTP/1.1
15:11:07.447 [main] DEBUG com.github.dockerjava.zerodep.shaded.org.apache.hc.client5.http.impl.classic.InternalHttpClient -- ep-0000000A: start execution ex-0000000B
15:11:07.447 [main] DEBUG com.github.dockerjava.zerodep.shaded.org.apache.hc.client5.http.impl.io.PoolingHttpClientConnectionManager -- ep-0000000A: executing exchange ex-0000000B over http-outgoing-1
15:11:07.447 [main] DEBUG com.github.dockerjava.zerodep.shaded.org.apache.hc.client5.http.headers -- http-outgoing-1 >> POST /v1.32/networks/create HTTP/1.1
15:11:07.447 [main] DEBUG com.github.dockerjava.zerodep.shaded.org.apache.hc.client5.http.headers -- http-outgoing-1 >> accept: application/json
15:11:07.447 [main] DEBUG com.github.dockerjava.zerodep.shaded.org.apache.hc.client5.http.headers -- http-outgoing-1 >> content-type: application/json
15:11:07.447 [main] DEBUG com.github.dockerjava.zerodep.shaded.org.apache.hc.client5.http.headers -- http-outgoing-1 >> x-tc-sid: 19636001-dfb0-4a92-a4d9-9b302f9285c4
15:11:07.447 [main] DEBUG com.github.dockerjava.zerodep.shaded.org.apache.hc.client5.http.headers -- http-outgoing-1 >> User-Agent: tc-java/1.19.3
15:11:07.447 [main] DEBUG com.github.dockerjava.zerodep.shaded.org.apache.hc.client5.http.headers -- http-outgoing-1 >> Accept-Encoding: gzip, x-gzip, deflate
15:11:07.447 [main] DEBUG com.github.dockerjava.zerodep.shaded.org.apache.hc.client5.http.headers -- http-outgoing-1 >> Content-Length: 360
15:11:07.447 [main] DEBUG com.github.dockerjava.zerodep.shaded.org.apache.hc.client5.http.headers -- http-outgoing-1 >> Host: localhost:2375
15:11:07.447 [main] DEBUG com.github.dockerjava.zerodep.shaded.org.apache.hc.client5.http.headers -- http-outgoing-1 >> Connection: keep-alive
15:11:07.448 [main] DEBUG com.github.dockerjava.zerodep.shaded.org.apache.hc.client5.http.wire -- http-outgoing-1 >> "POST /v1.32/networks/create HTTP/1.1[\r][\n]"
15:11:07.448 [main] DEBUG com.github.dockerjava.zerodep.shaded.org.apache.hc.client5.http.wire -- http-outgoing-1 >> "accept: application/json[\r][\n]"
15:11:07.448 [main] DEBUG com.github.dockerjava.zerodep.shaded.org.apache.hc.client5.http.wire -- http-outgoing-1 >> "content-type: application/json[\r][\n]"
15:11:07.448 [main] DEBUG com.github.dockerjava.zerodep.shaded.org.apache.hc.client5.http.wire -- http-outgoing-1 >> "x-tc-sid: 19636001-dfb0-4a92-a4d9-9b302f9285c4[\r][\n]"
15:11:07.448 [main] DEBUG com.github.dockerjava.zerodep.shaded.org.apache.hc.client5.http.wire -- http-outgoing-1 >> "User-Agent: tc-java/1.19.3[\r][\n]"
15:11:07.448 [main] DEBUG com.github.dockerjava.zerodep.shaded.org.apache.hc.client5.http.wire -- http-outgoing-1 >> "Accept-Encoding: gzip, x-gzip, deflate[\r][\n]"
15:11:07.448 [main] DEBUG com.github.dockerjava.zerodep.shaded.org.apache.hc.client5.http.wire -- http-outgoing-1 >> "Content-Length: 360[\r][\n]"
15:11:07.448 [main] DEBUG com.github.dockerjava.zerodep.shaded.org.apache.hc.client5.http.wire -- http-outgoing-1 >> "Host: localhost:2375[\r][\n]"
15:11:07.448 [main] DEBUG com.github.dockerjava.zerodep.shaded.org.apache.hc.client5.http.wire -- http-outgoing-1 >> "Connection: keep-alive[\r][\n]"
15:11:07.448 [main] DEBUG com.github.dockerjava.zerodep.shaded.org.apache.hc.client5.http.wire -- http-outgoing-1 >> "[\r][\n]"
15:11:07.448 [main] DEBUG com.github.dockerjava.zerodep.shaded.org.apache.hc.client5.http.wire -- http-outgoing-1 >> "{"enableIPv6":false,"Name":"b469af70-f952-4995-a4ae-aaf8319c1e20","Driver":null,"IPAM":null,"Options":{},"CheckDuplicate":true,"Internal":null,"EnableIPv6":false,"Attachable":null,"Labels":{"org.testcontainers":"true","org.testcontainers.lang":"java","org.testcontainers.version":"1.19.3","org.testcontainers.sessionId":"19636001-dfb0-4a92-a4d9-9b302f9285c4"}}"
15:11:07.868 [main] DEBUG com.github.dockerjava.zerodep.shaded.org.apache.hc.client5.http.wire -- http-outgoing-1 << "HTTP/1.1 201 Created[\r][\n]"
15:11:07.870 [main] DEBUG com.github.dockerjava.zerodep.shaded.org.apache.hc.client5.http.wire -- http-outgoing-1 << "Api-Version: 1.47[\r][\n]"
15:11:07.872 [main] DEBUG com.github.dockerjava.zerodep.shaded.org.apache.hc.client5.http.wire -- http-outgoing-1 << "Content-Type: application/json[\r][\n]"
15:11:07.872 [main] DEBUG com.github.dockerjava.zerodep.shaded.org.apache.hc.client5.http.wire -- http-outgoing-1 << "Date: Fri, 02 May 2025 13:11:07 GMT[\r][\n]"
15:11:07.872 [main] DEBUG com.github.dockerjava.zerodep.shaded.org.apache.hc.client5.http.wire -- http-outgoing-1 << "Docker-Experimental: false[\r][\n]"
15:11:07.872 [main] DEBUG com.github.dockerjava.zerodep.shaded.org.apache.hc.client5.http.wire -- http-outgoing-1 << "Ostype: linux[\r][\n]"
15:11:07.873 [main] DEBUG com.github.dockerjava.zerodep.shaded.org.apache.hc.client5.http.wire -- http-outgoing-1 << "Server: Docker/27.5.1 (linux)[\r][\n]"
15:11:07.873 [main] DEBUG com.github.dockerjava.zerodep.shaded.org.apache.hc.client5.http.wire -- http-outgoing-1 << "Transfer-Encoding: chunked[\r][\n]"
15:11:07.873 [main] DEBUG com.github.dockerjava.zerodep.shaded.org.apache.hc.client5.http.wire -- http-outgoing-1 << "[\r][\n]"
15:11:07.873 [main] DEBUG com.github.dockerjava.zerodep.shaded.org.apache.hc.client5.http.headers -- http-outgoing-1 << HTTP/1.1 201 Created
15:11:07.873 [main] DEBUG com.github.dockerjava.zerodep.shaded.org.apache.hc.client5.http.headers -- http-outgoing-1 << Api-Version: 1.47
15:11:07.873 [main] DEBUG com.github.dockerjava.zerodep.shaded.org.apache.hc.client5.http.headers -- http-outgoing-1 << Content-Type: application/json
15:11:07.873 [main] DEBUG com.github.dockerjava.zerodep.shaded.org.apache.hc.client5.http.headers -- http-outgoing-1 << Date: Fri, 02 May 2025 13:11:07 GMT
15:11:07.873 [main] DEBUG com.github.dockerjava.zerodep.shaded.org.apache.hc.client5.http.headers -- http-outgoing-1 << Docker-Experimental: false
15:11:07.873 [main] DEBUG com.github.dockerjava.zerodep.shaded.org.apache.hc.client5.http.headers -- http-outgoing-1 << Ostype: linux
15:11:07.873 [main] DEBUG com.github.dockerjava.zerodep.shaded.org.apache.hc.client5.http.headers -- http-outgoing-1 << Server: Docker/27.5.1 (linux)
15:11:07.873 [main] DEBUG com.github.dockerjava.zerodep.shaded.org.apache.hc.client5.http.headers -- http-outgoing-1 << Transfer-Encoding: chunked
15:11:07.874 [main] DEBUG com.github.dockerjava.zerodep.shaded.org.apache.hc.client5.http.impl.classic.MainClientExec -- ex-0000000B: connection can be kept alive for 3 MINUTES
15:11:07.877 [main] DEBUG com.github.dockerjava.zerodep.shaded.org.apache.hc.client5.http.wire -- http-outgoing-1 << "57[\r][\n]"
15:11:07.878 [main] DEBUG com.github.dockerjava.zerodep.shaded.org.apache.hc.client5.http.wire -- http-outgoing-1 << "{"Id":"f616b05dd96dd6b6e63724e496eb83a1d4e976e96a5b268a96925535349cd985","Warning":""}[\n]"
15:11:07.878 [main] DEBUG com.github.dockerjava.zerodep.shaded.org.apache.hc.client5.http.wire -- http-outgoing-1 << "[\r][\n]"
15:11:07.878 [main] DEBUG com.github.dockerjava.zerodep.shaded.org.apache.hc.client5.http.wire -- http-outgoing-1 << "0[\r][\n]"
15:11:07.878 [main] DEBUG com.github.dockerjava.zerodep.shaded.org.apache.hc.client5.http.wire -- http-outgoing-1 << "[\r][\n]"
15:11:07.884 [main] DEBUG com.github.dockerjava.zerodep.shaded.org.apache.hc.client5.http.impl.classic.InternalHttpClient -- ep-0000000A: releasing valid endpoint
15:11:07.885 [main] DEBUG com.github.dockerjava.zerodep.shaded.org.apache.hc.client5.http.impl.io.PoolingHttpClientConnectionManager -- ep-0000000A: releasing endpoint
15:11:07.885 [main] DEBUG com.github.dockerjava.zerodep.shaded.org.apache.hc.client5.http.impl.io.PoolingHttpClientConnectionManager -- ep-0000000A: connection http-outgoing-1 can be kept alive for 3 MINUTES
15:11:07.885 [main] DEBUG com.github.dockerjava.zerodep.shaded.org.apache.hc.client5.http.impl.io.PoolingHttpClientConnectionManager -- ep-0000000A: connection released [route: {}->npipe://localhost:2375][total available: 1; route allocated: 1 of 2147483647; total allocated: 1 of 2147483647]
15:11:07.886 [main] DEBUG org.testcontainers.shaded.com.github.dockerjava.core.command.AbstrDockerCmd -- Cmd: org.testcontainers.shaded.com.github.dockerjava.core.command.CreateContainerCmdImpl@29314cc9[aliases=[tc-M7Yg14ma],argsEscaped=<null>,attachStderr=<null>,attachStdin=<null>,attachStdout=<null>,authConfig=AuthConfig(username=elenacabe, email=null, registryAddress=https://index.docker.io/v1/, stackOrchestrator=null),cmd={/opt/bin/entry_point.sh},domainName=<null>,entrypoint=<null>,env={no_proxy=localhost,TZ=Europe/Madrid},exposedPorts=ExposedPorts(exposedPorts=[4444/tcp, 5900/tcp]),healthcheck=<null>,hostConfig=HostConfig(binds=[], blkioWeight=null, blkioWeightDevice=null, blkioDeviceReadBps=null, blkioDeviceWriteBps=null, blkioDeviceReadIOps=null, blkioDeviceWriteIOps=null, memorySwappiness=null, nanoCPUs=null, capAdd=null, capDrop=null, containerIDFile=null, cpuPeriod=null, cpuRealtimePeriod=null, cpuRealtimeRuntime=null, cpuShares=null, cpuQuota=null, cpusetCpus=null, cpusetMems=null, devices=null, deviceCgroupRules=null, deviceRequests=null, diskQuota=null, dns=null, dnsOptions=null, dnsSearch=null, extraHosts=[], groupAdd=null, ipcMode=null, cgroup=null, links=[], logConfig=LogConfig(type=null, config=null), lxcConf=null, memory=null, memorySwap=null, memoryReservation=null, kernelMemory=null, networkMode=f616b05dd96dd6b6e63724e496eb83a1d4e976e96a5b268a96925535349cd985, oomKillDisable=null, init=null, autoRemove=null, oomScoreAdj=null, portBindings={4444/tcp=[Lcom.github.dockerjava.api.model.Ports$Binding;@1280851e, 5900/tcp=[Lcom.github.dockerjava.api.model.Ports$Binding;@5e840abf}, privileged=null, publishAllPorts=null, readonlyRootfs=null, restartPolicy=null, ulimits=null, cpuCount=null, cpuPercent=null, ioMaximumIOps=null, ioMaximumBandwidth=null, volumesFrom=[], mounts=null, pidMode=null, isolation=null, securityOpts=null, storageOpt=null, cgroupParent=null, volumeDriver=null, shmSize=536870912, pidsLimit=null, runtime=null, tmpFs=null, utSMode=null, usernsMode=null, sysctls=null, consoleSize=null, cgroupnsMode=null),hostName=<null>,image=selenium/standalone-chrome:4.20.0,ipv4Address=<null>,ipv6Address=<null>,labels={org.testcontainers=true, org.testcontainers.lang=java, org.testcontainers.version=1.19.3, org.testcontainers.sessionId=19636001-dfb0-4a92-a4d9-9b302f9285c4},macAddress=<null>,name=<null>,networkDisabled=<null>,networkingConfig=org.testcontainers.shaded.com.github.dockerjava.core.command.CreateContainerCmdImpl$NetworkingConfig@48ea2003,onBuild=<null>,platform=<null>,portSpecs=<null>,shell=<null>,stdInOnce=<null>,stdinOpen=<null>,stopSignal=<null>,stopTimeout=<null>,tty=<null>,user=<null>,volumes=Volumes(volumes=[]),workingDir=<null>]
15:11:07.929 [main] DEBUG com.github.dockerjava.zerodep.shaded.org.apache.hc.client5.http.impl.classic.InternalHttpClient -- ex-0000000C: preparing request execution
15:11:07.932 [main] DEBUG com.github.dockerjava.zerodep.shaded.org.apache.hc.client5.http.protocol.RequestAddCookies -- Cookie spec selected: strict
15:11:07.933 [main] DEBUG com.github.dockerjava.zerodep.shaded.org.apache.hc.client5.http.protocol.RequestAuthCache -- Auth cache not set in the context
15:11:07.933 [main] DEBUG com.github.dockerjava.zerodep.shaded.org.apache.hc.client5.http.impl.classic.ProtocolExec -- ex-0000000C: target auth state: UNCHALLENGED
15:11:07.933 [main] DEBUG com.github.dockerjava.zerodep.shaded.org.apache.hc.client5.http.impl.classic.ProtocolExec -- ex-0000000C: proxy auth state: UNCHALLENGED
15:11:07.934 [main] DEBUG com.github.dockerjava.zerodep.shaded.org.apache.hc.client5.http.impl.classic.ConnectExec -- ex-0000000C: acquiring connection with route {}->npipe://localhost:2375
15:11:07.935 [main] DEBUG com.github.dockerjava.zerodep.shaded.org.apache.hc.client5.http.impl.classic.InternalHttpClient -- ex-0000000C: acquiring endpoint (3 MINUTES)
15:11:07.936 [main] DEBUG com.github.dockerjava.zerodep.shaded.org.apache.hc.client5.http.impl.io.PoolingHttpClientConnectionManager -- ex-0000000C: endpoint lease request (3 MINUTES) [route: {}->npipe://localhost:2375][total available: 1; route allocated: 1 of 2147483647; total allocated: 1 of 2147483647]
15:11:07.937 [main] DEBUG com.github.dockerjava.zerodep.shaded.org.apache.hc.client5.http.impl.io.PoolingHttpClientConnectionManager -- ex-0000000C: endpoint leased [route: {}->npipe://localhost:2375][total available: 0; route allocated: 1 of 2147483647; total allocated: 1 of 2147483647]
15:11:07.937 [main] DEBUG com.github.dockerjava.zerodep.shaded.org.apache.hc.client5.http.impl.io.PoolingHttpClientConnectionManager -- ex-0000000C: acquired ep-0000000B
15:11:07.937 [main] DEBUG com.github.dockerjava.zerodep.shaded.org.apache.hc.client5.http.impl.classic.InternalHttpClient -- ex-0000000C: acquired endpoint ep-0000000B
15:11:07.937 [main] DEBUG com.github.dockerjava.zerodep.shaded.org.apache.hc.client5.http.impl.classic.MainClientExec -- ex-0000000C: executing POST /v1.32/containers/create HTTP/1.1
15:11:07.937 [main] DEBUG com.github.dockerjava.zerodep.shaded.org.apache.hc.client5.http.impl.classic.InternalHttpClient -- ep-0000000B: start execution ex-0000000C
15:11:07.937 [main] DEBUG com.github.dockerjava.zerodep.shaded.org.apache.hc.client5.http.impl.io.PoolingHttpClientConnectionManager -- ep-0000000B: executing exchange ex-0000000C over http-outgoing-1
15:11:07.937 [main] DEBUG com.github.dockerjava.zerodep.shaded.org.apache.hc.client5.http.headers -- http-outgoing-1 >> POST /v1.32/containers/create HTTP/1.1
15:11:07.937 [main] DEBUG com.github.dockerjava.zerodep.shaded.org.apache.hc.client5.http.headers -- http-outgoing-1 >> X-Registry-Auth: eyJ1c2VybmFtZSI6ImVsZW5hY2FiZSIsInBhc3N3b3JkIjoiZGNrcl9wYXRfTFNweVg2VU02ekszeDNEYzlzNW5QWWNmeVE0IiwiZW1haWwiOm51bGwsInNlcnZlcmFkZHJlc3MiOiJodHRwczovL2luZGV4LmRvY2tlci5pby92MS8iLCJhdXRoIjpudWxsLCJyZWdpc3RyeXRva2VuIjpudWxsLCJpZGVudGl0eXRva2VuIjpudWxsLCJzdGFja09yY2hlc3RyYXRvciI6bnVsbH0=
15:11:07.938 [main] DEBUG com.github.dockerjava.zerodep.shaded.org.apache.hc.client5.http.headers -- http-outgoing-1 >> accept: application/json
15:11:07.938 [main] DEBUG com.github.dockerjava.zerodep.shaded.org.apache.hc.client5.http.headers -- http-outgoing-1 >> content-type: application/json
15:11:07.938 [main] DEBUG com.github.dockerjava.zerodep.shaded.org.apache.hc.client5.http.headers -- http-outgoing-1 >> x-tc-sid: 19636001-dfb0-4a92-a4d9-9b302f9285c4
15:11:07.938 [main] DEBUG com.github.dockerjava.zerodep.shaded.org.apache.hc.client5.http.headers -- http-outgoing-1 >> User-Agent: tc-java/1.19.3
15:11:07.938 [main] DEBUG com.github.dockerjava.zerodep.shaded.org.apache.hc.client5.http.headers -- http-outgoing-1 >> Accept-Encoding: gzip, x-gzip, deflate
15:11:07.938 [main] DEBUG com.github.dockerjava.zerodep.shaded.org.apache.hc.client5.http.headers -- http-outgoing-1 >> Content-Length: 2490
15:11:07.938 [main] DEBUG com.github.dockerjava.zerodep.shaded.org.apache.hc.client5.http.headers -- http-outgoing-1 >> Host: localhost:2375
15:11:07.938 [main] DEBUG com.github.dockerjava.zerodep.shaded.org.apache.hc.client5.http.headers -- http-outgoing-1 >> Connection: keep-alive
15:11:07.938 [main] DEBUG com.github.dockerjava.zerodep.shaded.org.apache.hc.client5.http.wire -- http-outgoing-1 >> "POST /v1.32/containers/create HTTP/1.1[\r][\n]"
15:11:07.938 [main] DEBUG com.github.dockerjava.zerodep.shaded.org.apache.hc.client5.http.wire -- http-outgoing-1 >> "X-Registry-Auth: eyJ1c2VybmFtZSI6ImVsZW5hY2FiZSIsInBhc3N3b3JkIjoiZGNrcl9wYXRfTFNweVg2VU02ekszeDNEYzlzNW5QWWNmeVE0IiwiZW1haWwiOm51bGwsInNlcnZlcmFkZHJlc3MiOiJodHRwczovL2luZGV4LmRvY2tlci5pby92MS8iLCJhdXRoIjpudWxsLCJyZWdpc3RyeXRva2VuIjpudWxsLCJpZGVudGl0eXRva2VuIjpudWxsLCJzdGFja09yY2hlc3RyYXRvciI6bnVsbH0=[\r][\n]"
15:11:07.938 [main] DEBUG com.github.dockerjava.zerodep.shaded.org.apache.hc.client5.http.wire -- http-outgoing-1 >> "accept: application/json[\r][\n]"
15:11:07.938 [main] DEBUG com.github.dockerjava.zerodep.shaded.org.apache.hc.client5.http.wire -- http-outgoing-1 >> "content-type: application/json[\r][\n]"
15:11:07.938 [main] DEBUG com.github.dockerjava.zerodep.shaded.org.apache.hc.client5.http.wire -- http-outgoing-1 >> "x-tc-sid: 19636001-dfb0-4a92-a4d9-9b302f9285c4[\r][\n]"
15:11:07.938 [main] DEBUG com.github.dockerjava.zerodep.shaded.org.apache.hc.client5.http.wire -- http-outgoing-1 >> "User-Agent: tc-java/1.19.3[\r][\n]"
15:11:07.938 [main] DEBUG com.github.dockerjava.zerodep.shaded.org.apache.hc.client5.http.wire -- http-outgoing-1 >> "Accept-Encoding: gzip, x-gzip, deflate[\r][\n]"
15:11:07.939 [main] DEBUG com.github.dockerjava.zerodep.shaded.org.apache.hc.client5.http.wire -- http-outgoing-1 >> "Content-Length: 2490[\r][\n]"
15:11:07.939 [main] DEBUG com.github.dockerjava.zerodep.shaded.org.apache.hc.client5.http.wire -- http-outgoing-1 >> "Host: localhost:2375[\r][\n]"
15:11:07.939 [main] DEBUG com.github.dockerjava.zerodep.shaded.org.apache.hc.client5.http.wire -- http-outgoing-1 >> "Connection: keep-alive[\r][\n]"
15:11:07.939 [main] DEBUG com.github.dockerjava.zerodep.shaded.org.apache.hc.client5.http.wire -- http-outgoing-1 >> "[\r][\n]"
15:11:07.939 [main] DEBUG com.github.dockerjava.zerodep.shaded.org.apache.hc.client5.http.wire -- http-outgoing-1 >> "{"Hostname":null,"Domainname":null,"User":null,"AttachStdin":null,"AttachStdout":null,"AttachStderr":null,"PortSpecs":null,"Tty":null,"OpenStdin":null,"StdinOnce":null,"Env":["no_proxy=localhost","TZ=Europe/Madrid"],"Cmd":["/opt/bin/entry_point.sh"],"Healthcheck":null,"ArgsEscaped":null,"Entrypoint":null,"Image":"selenium/standalone-chrome:4.20.0","Volumes":{},"WorkingDir":null,"MacAddress":null,"OnBuild":null,"NetworkDisabled":null,"ExposedPorts":{"5900/tcp":{},"4444/tcp":{}},"StopSignal":null,"StopTimeout":null,"HostConfig":{"Binds":[],"BlkioWeight":null,"BlkioWeightDevice":null,"BlkioDeviceReadBps":null,"BlkioDeviceWriteBps":null,"BlkioDeviceReadIOps":null,"BlkioDeviceWriteIOps":null,"MemorySwappiness":null,"NanoCpus":null,"CapAdd":null,"CapDrop":null,"ContainerIDFile":null,"CpuPeriod":null,"CpuRealtimePeriod":null,"CpuRealtimeRuntime":null,"CpuShares":null,"CpuQuota":null,"CpusetCpus":null,"CpusetMems":null,"Devices":null,"DeviceCgroupRules":null,"DeviceRequests":null,"DiskQuota":null,"Dns":null,"DnsOptions":null,"DnsSearch":null,"ExtraHosts":[],"GroupAdd":null,"IpcMode":null,"Cgroup":null,"Links":[],"LogConfig":null,"LxcConf":null,"Memory":null,"MemorySwap":null,"MemoryReservation":null,"KernelMemory":null,"NetworkMode":"f616b05dd96dd6b6e63724e496eb83a1d4e976e96a5b268a96925535349cd985","OomKillDisable":null,"Init":null,"AutoRemove":null,"OomScoreAdj":null,"PortBindings":{"4444/tcp":[{"HostIp":"","HostPort":""}],"5900/tcp":[{"HostIp":"","HostPort":""}]},"Privileged":null,"PublishAllPorts":null,"ReadonlyRootfs":null,"RestartPolicy":null,"Ulimits":null,"CpuCount":null,"CpuPercent":null,"IOMaximumIOps":null,"IOMaximumBandwidth":null,"VolumesFrom":[],"Mounts":null,"PidMode":null,"Isolation":null,"SecurityOpt":null,"StorageOpt":null,"CgroupParent":null,"VolumeDriver":null,"ShmSize":536870912,"PidsLimit":null,"Runtime":null,"Tmpfs":null,"UTSMode":null,"UsernsMode":null,"Sysctls":null,"ConsoleSize":null,"CgroupnsMode":null},"Labels":{"org.testcontainers":"true","org.testcontainers.lang":"java","org.testcontainers.version":"1.19.3","org.testcontainers.sessionId":"19636001-dfb0-4a92-a4d9-9b302f9285c4"},"Shell":null,"NetworkingConfig":{"EndpointsConfig":{"f616b05dd96dd6b6e63724e496eb83a1d4e976e96a5b268a96925535349cd985":{"IPAMConfig":null,"Links":null,"Aliases":["tc-M7Yg14ma"],"NetworkID":null,"EndpointID":null,"Gateway":null,"IPAddress":null,"IPPrefixLen":null,"IPv6Gateway":null,"GlobalIPv6Address":null,"GlobalIPv6PrefixLen":null,"MacAddress":null}}}}"
15:11:08.112 [main] DEBUG com.github.dockerjava.zerodep.shaded.org.apache.hc.client5.http.wire -- http-outgoing-1 << "HTTP/1.1 201 Created[\r][\n]"
15:11:08.112 [main] DEBUG com.github.dockerjava.zerodep.shaded.org.apache.hc.client5.http.wire -- http-outgoing-1 << "Api-Version: 1.47[\r][\n]"
15:11:08.113 [main] DEBUG com.github.dockerjava.zerodep.shaded.org.apache.hc.client5.http.wire -- http-outgoing-1 << "Content-Type: application/json[\r][\n]"
15:11:08.113 [main] DEBUG com.github.dockerjava.zerodep.shaded.org.apache.hc.client5.http.wire -- http-outgoing-1 << "Date: Fri, 02 May 2025 13:11:08 GMT[\r][\n]"
15:11:08.113 [main] DEBUG com.github.dockerjava.zerodep.shaded.org.apache.hc.client5.http.wire -- http-outgoing-1 << "Docker-Experimental: false[\r][\n]"
15:11:08.113 [main] DEBUG com.github.dockerjava.zerodep.shaded.org.apache.hc.client5.http.wire -- http-outgoing-1 << "Ostype: linux[\r][\n]"
15:11:08.113 [main] DEBUG com.github.dockerjava.zerodep.shaded.org.apache.hc.client5.http.wire -- http-outgoing-1 << "Server: Docker/27.5.1 (linux)[\r][\n]"
15:11:08.113 [main] DEBUG com.github.dockerjava.zerodep.shaded.org.apache.hc.client5.http.wire -- http-outgoing-1 << "Transfer-Encoding: chunked[\r][\n]"
15:11:08.113 [main] DEBUG com.github.dockerjava.zerodep.shaded.org.apache.hc.client5.http.wire -- http-outgoing-1 << "[\r][\n]"
15:11:08.113 [main] DEBUG com.github.dockerjava.zerodep.shaded.org.apache.hc.client5.http.headers -- http-outgoing-1 << HTTP/1.1 201 Created
15:11:08.114 [main] DEBUG com.github.dockerjava.zerodep.shaded.org.apache.hc.client5.http.headers -- http-outgoing-1 << Api-Version: 1.47
15:11:08.114 [main] DEBUG com.github.dockerjava.zerodep.shaded.org.apache.hc.client5.http.headers -- http-outgoing-1 << Content-Type: application/json
15:11:08.114 [main] DEBUG com.github.dockerjava.zerodep.shaded.org.apache.hc.client5.http.headers -- http-outgoing-1 << Date: Fri, 02 May 2025 13:11:08 GMT
15:11:08.114 [main] DEBUG com.github.dockerjava.zerodep.shaded.org.apache.hc.client5.http.headers -- http-outgoing-1 << Docker-Experimental: false
15:11:08.114 [main] DEBUG com.github.dockerjava.zerodep.shaded.org.apache.hc.client5.http.headers -- http-outgoing-1 << Ostype: linux
15:11:08.114 [main] DEBUG com.github.dockerjava.zerodep.shaded.org.apache.hc.client5.http.headers -- http-outgoing-1 << Server: Docker/27.5.1 (linux)
15:11:08.114 [main] DEBUG com.github.dockerjava.zerodep.shaded.org.apache.hc.client5.http.headers -- http-outgoing-1 << Transfer-Encoding: chunked
15:11:08.115 [main] DEBUG com.github.dockerjava.zerodep.shaded.org.apache.hc.client5.http.impl.classic.MainClientExec -- ex-0000000C: connection can be kept alive for 3 MINUTES
15:11:08.115 [main] DEBUG com.github.dockerjava.zerodep.shaded.org.apache.hc.client5.http.wire -- http-outgoing-1 << "58[\r][\n]"
15:11:08.115 [main] DEBUG com.github.dockerjava.zerodep.shaded.org.apache.hc.client5.http.wire -- http-outgoing-1 << "{"Id":"af0c423b62dbf0dcc8cbb6c99b3a76141120cdd01e03e7ce9d8c641df2585cf1","Warnings":[]}[\n]"
15:11:08.116 [main] DEBUG com.github.dockerjava.zerodep.shaded.org.apache.hc.client5.http.wire -- http-outgoing-1 << "[\r][\n]"
15:11:08.116 [main] DEBUG com.github.dockerjava.zerodep.shaded.org.apache.hc.client5.http.wire -- http-outgoing-1 << "0[\r][\n]"
15:11:08.116 [main] DEBUG com.github.dockerjava.zerodep.shaded.org.apache.hc.client5.http.wire -- http-outgoing-1 << "[\r][\n]"
15:11:08.117 [main] DEBUG com.github.dockerjava.zerodep.shaded.org.apache.hc.client5.http.impl.classic.InternalHttpClient -- ep-0000000B: releasing valid endpoint
15:11:08.117 [main] DEBUG com.github.dockerjava.zerodep.shaded.org.apache.hc.client5.http.impl.io.PoolingHttpClientConnectionManager -- ep-0000000B: releasing endpoint
15:11:08.117 [main] DEBUG com.github.dockerjava.zerodep.shaded.org.apache.hc.client5.http.impl.io.PoolingHttpClientConnectionManager -- ep-0000000B: connection http-outgoing-1 can be kept alive for 3 MINUTES
15:11:08.117 [main] DEBUG com.github.dockerjava.zerodep.shaded.org.apache.hc.client5.http.impl.io.PoolingHttpClientConnectionManager -- ep-0000000B: connection released [route: {}->npipe://localhost:2375][total available: 1; route allocated: 1 of 2147483647; total allocated: 1 of 2147483647]
15:11:08.117 [main] INFO tc.selenium/standalone-chrome:4.20.0 -- Container selenium/standalone-chrome:4.20.0 is starting: af0c423b62dbf0dcc8cbb6c99b3a76141120cdd01e03e7ce9d8c641df2585cf1
15:11:08.118 [main] DEBUG org.testcontainers.shaded.com.github.dockerjava.core.command.AbstrDockerCmd -- Cmd: af0c423b62dbf0dcc8cbb6c99b3a76141120cdd01e03e7ce9d8c641df2585cf1
15:11:08.119 [main] DEBUG com.github.dockerjava.zerodep.shaded.org.apache.hc.client5.http.impl.classic.InternalHttpClient -- ex-0000000D: preparing request execution
15:11:08.120 [main] DEBUG com.github.dockerjava.zerodep.shaded.org.apache.hc.client5.http.protocol.RequestAddCookies -- Cookie spec selected: strict
15:11:08.120 [main] DEBUG com.github.dockerjava.zerodep.shaded.org.apache.hc.client5.http.protocol.RequestAuthCache -- Auth cache not set in the context
15:11:08.120 [main] DEBUG com.github.dockerjava.zerodep.shaded.org.apache.hc.client5.http.impl.classic.ProtocolExec -- ex-0000000D: target auth state: UNCHALLENGED
15:11:08.120 [main] DEBUG com.github.dockerjava.zerodep.shaded.org.apache.hc.client5.http.impl.classic.ProtocolExec -- ex-0000000D: proxy auth state: UNCHALLENGED
15:11:08.120 [main] DEBUG com.github.dockerjava.zerodep.shaded.org.apache.hc.client5.http.impl.classic.ConnectExec -- ex-0000000D: acquiring connection with route {}->npipe://localhost:2375
15:11:08.120 [main] DEBUG com.github.dockerjava.zerodep.shaded.org.apache.hc.client5.http.impl.classic.InternalHttpClient -- ex-0000000D: acquiring endpoint (3 MINUTES)
15:11:08.120 [main] DEBUG com.github.dockerjava.zerodep.shaded.org.apache.hc.client5.http.impl.io.PoolingHttpClientConnectionManager -- ex-0000000D: endpoint lease request (3 MINUTES) [route: {}->npipe://localhost:2375][total available: 1; route allocated: 1 of 2147483647; total allocated: 1 of 2147483647]
15:11:08.121 [main] DEBUG com.github.dockerjava.zerodep.shaded.org.apache.hc.client5.http.impl.io.PoolingHttpClientConnectionManager -- ex-0000000D: endpoint leased [route: {}->npipe://localhost:2375][total available: 0; route allocated: 1 of 2147483647; total allocated: 1 of 2147483647]
15:11:08.121 [main] DEBUG com.github.dockerjava.zerodep.shaded.org.apache.hc.client5.http.impl.io.PoolingHttpClientConnectionManager -- ex-0000000D: acquired ep-0000000C
15:11:08.121 [main] DEBUG com.github.dockerjava.zerodep.shaded.org.apache.hc.client5.http.impl.classic.InternalHttpClient -- ex-0000000D: acquired endpoint ep-0000000C
15:11:08.121 [main] DEBUG com.github.dockerjava.zerodep.shaded.org.apache.hc.client5.http.impl.classic.MainClientExec -- ex-0000000D: executing POST /v1.32/containers/af0c423b62dbf0dcc8cbb6c99b3a76141120cdd01e03e7ce9d8c641df2585cf1/start HTTP/1.1
15:11:08.122 [main] DEBUG com.github.dockerjava.zerodep.shaded.org.apache.hc.client5.http.impl.classic.InternalHttpClient -- ep-0000000C: start execution ex-0000000D
15:11:08.122 [main] DEBUG com.github.dockerjava.zerodep.shaded.org.apache.hc.client5.http.impl.io.PoolingHttpClientConnectionManager -- ep-0000000C: executing exchange ex-0000000D over http-outgoing-1
15:11:08.122 [main] DEBUG com.github.dockerjava.zerodep.shaded.org.apache.hc.client5.http.headers -- http-outgoing-1 >> POST /v1.32/containers/af0c423b62dbf0dcc8cbb6c99b3a76141120cdd01e03e7ce9d8c641df2585cf1/start HTTP/1.1
15:11:08.122 [main] DEBUG com.github.dockerjava.zerodep.shaded.org.apache.hc.client5.http.headers -- http-outgoing-1 >> accept: application/json
15:11:08.122 [main] DEBUG com.github.dockerjava.zerodep.shaded.org.apache.hc.client5.http.headers -- http-outgoing-1 >> content-type: application/json
15:11:08.122 [main] DEBUG com.github.dockerjava.zerodep.shaded.org.apache.hc.client5.http.headers -- http-outgoing-1 >> x-tc-sid: 19636001-dfb0-4a92-a4d9-9b302f9285c4
15:11:08.122 [main] DEBUG com.github.dockerjava.zerodep.shaded.org.apache.hc.client5.http.headers -- http-outgoing-1 >> User-Agent: tc-java/1.19.3
15:11:08.122 [main] DEBUG com.github.dockerjava.zerodep.shaded.org.apache.hc.client5.http.headers -- http-outgoing-1 >> Accept-Encoding: gzip, x-gzip, deflate
15:11:08.122 [main] DEBUG com.github.dockerjava.zerodep.shaded.org.apache.hc.client5.http.headers -- http-outgoing-1 >> Host: localhost:2375
15:11:08.122 [main] DEBUG com.github.dockerjava.zerodep.shaded.org.apache.hc.client5.http.headers -- http-outgoing-1 >> Connection: keep-alive
15:11:08.122 [main] DEBUG com.github.dockerjava.zerodep.shaded.org.apache.hc.client5.http.wire -- http-outgoing-1 >> "POST /v1.32/containers/af0c423b62dbf0dcc8cbb6c99b3a76141120cdd01e03e7ce9d8c641df2585cf1/start HTTP/1.1[\r][\n]"
15:11:08.122 [main] DEBUG com.github.dockerjava.zerodep.shaded.org.apache.hc.client5.http.wire -- http-outgoing-1 >> "accept: application/json[\r][\n]"
15:11:08.122 [main] DEBUG com.github.dockerjava.zerodep.shaded.org.apache.hc.client5.http.wire -- http-outgoing-1 >> "content-type: application/json[\r][\n]"
15:11:08.122 [main] DEBUG com.github.dockerjava.zerodep.shaded.org.apache.hc.client5.http.wire -- http-outgoing-1 >> "x-tc-sid: 19636001-dfb0-4a92-a4d9-9b302f9285c4[\r][\n]"
15:11:08.122 [main] DEBUG com.github.dockerjava.zerodep.shaded.org.apache.hc.client5.http.wire -- http-outgoing-1 >> "User-Agent: tc-java/1.19.3[\r][\n]"
15:11:08.122 [main] DEBUG com.github.dockerjava.zerodep.shaded.org.apache.hc.client5.http.wire -- http-outgoing-1 >> "Accept-Encoding: gzip, x-gzip, deflate[\r][\n]"
15:11:08.122 [main] DEBUG com.github.dockerjava.zerodep.shaded.org.apache.hc.client5.http.wire -- http-outgoing-1 >> "Host: localhost:2375[\r][\n]"
15:11:08.122 [main] DEBUG com.github.dockerjava.zerodep.shaded.org.apache.hc.client5.http.wire -- http-outgoing-1 >> "Connection: keep-alive[\r][\n]"
15:11:08.122 [main] DEBUG com.github.dockerjava.zerodep.shaded.org.apache.hc.client5.http.wire -- http-outgoing-1 >> "[\r][\n]"
15:11:08.765 [main] DEBUG com.github.dockerjava.zerodep.shaded.org.apache.hc.client5.http.wire -- http-outgoing-1 << "HTTP/1.1 204 No Content[\r][\n]"
15:11:08.765 [main] DEBUG com.github.dockerjava.zerodep.shaded.org.apache.hc.client5.http.wire -- http-outgoing-1 << "Api-Version: 1.47[\r][\n]"
15:11:08.765 [main] DEBUG com.github.dockerjava.zerodep.shaded.org.apache.hc.client5.http.wire -- http-outgoing-1 << "Date: Fri, 02 May 2025 13:11:08 GMT[\r][\n]"
15:11:08.765 [main] DEBUG com.github.dockerjava.zerodep.shaded.org.apache.hc.client5.http.wire -- http-outgoing-1 << "Docker-Experimental: false[\r][\n]"
15:11:08.765 [main] DEBUG com.github.dockerjava.zerodep.shaded.org.apache.hc.client5.http.wire -- http-outgoing-1 << "Ostype: linux[\r][\n]"
15:11:08.765 [main] DEBUG com.github.dockerjava.zerodep.shaded.org.apache.hc.client5.http.wire -- http-outgoing-1 << "Server: Docker/27.5.1 (linux)[\r][\n]"
15:11:08.765 [main] DEBUG com.github.dockerjava.zerodep.shaded.org.apache.hc.client5.http.wire -- http-outgoing-1 << "[\r][\n]"
15:11:08.766 [main] DEBUG com.github.dockerjava.zerodep.shaded.org.apache.hc.client5.http.headers -- http-outgoing-1 << HTTP/1.1 204 No Content
15:11:08.766 [main] DEBUG com.github.dockerjava.zerodep.shaded.org.apache.hc.client5.http.headers -- http-outgoing-1 << Api-Version: 1.47
15:11:08.766 [main] DEBUG com.github.dockerjava.zerodep.shaded.org.apache.hc.client5.http.headers -- http-outgoing-1 << Date: Fri, 02 May 2025 13:11:08 GMT
15:11:08.766 [main] DEBUG com.github.dockerjava.zerodep.shaded.org.apache.hc.client5.http.headers -- http-outgoing-1 << Docker-Experimental: false
15:11:08.766 [main] DEBUG com.github.dockerjava.zerodep.shaded.org.apache.hc.client5.http.headers -- http-outgoing-1 << Ostype: linux
15:11:08.766 [main] DEBUG com.github.dockerjava.zerodep.shaded.org.apache.hc.client5.http.headers -- http-outgoing-1 << Server: Docker/27.5.1 (linux)
15:11:08.766 [main] DEBUG com.github.dockerjava.zerodep.shaded.org.apache.hc.client5.http.impl.classic.MainClientExec -- ex-0000000D: connection can be kept alive for 3 MINUTES
15:11:08.766 [main] DEBUG com.github.dockerjava.zerodep.shaded.org.apache.hc.client5.http.impl.classic.InternalHttpClient -- ep-0000000C: releasing valid endpoint
15:11:08.766 [main] DEBUG com.github.dockerjava.zerodep.shaded.org.apache.hc.client5.http.impl.io.PoolingHttpClientConnectionManager -- ep-0000000C: releasing endpoint
15:11:08.766 [main] DEBUG com.github.dockerjava.zerodep.shaded.org.apache.hc.client5.http.impl.io.PoolingHttpClientConnectionManager -- ep-0000000C: connection http-outgoing-1 can be kept alive for 3 MINUTES
15:11:08.766 [main] DEBUG com.github.dockerjava.zerodep.shaded.org.apache.hc.client5.http.impl.io.PoolingHttpClientConnectionManager -- ep-0000000C: connection released [route: {}->npipe://localhost:2375][total available: 1; route allocated: 1 of 2147483647; total allocated: 1 of 2147483647]
15:11:08.766 [main] DEBUG org.testcontainers.shaded.com.github.dockerjava.core.command.AbstrDockerCmd -- Cmd: af0c423b62dbf0dcc8cbb6c99b3a76141120cdd01e03e7ce9d8c641df2585cf1,false
15:11:08.767 [main] DEBUG org.testcontainers.shaded.com.github.dockerjava.core.exec.InspectContainerCmdExec -- GET: DefaultWebTarget{path=[/containers/af0c423b62dbf0dcc8cbb6c99b3a76141120cdd01e03e7ce9d8c641df2585cf1/json], queryParams={}}
15:11:08.768 [main] DEBUG com.github.dockerjava.zerodep.shaded.org.apache.hc.client5.http.impl.classic.InternalHttpClient -- ex-0000000E: preparing request execution
15:11:08.768 [main] DEBUG com.github.dockerjava.zerodep.shaded.org.apache.hc.client5.http.protocol.RequestAddCookies -- Cookie spec selected: strict
15:11:08.768 [main] DEBUG com.github.dockerjava.zerodep.shaded.org.apache.hc.client5.http.protocol.RequestAuthCache -- Auth cache not set in the context
15:11:08.768 [main] DEBUG com.github.dockerjava.zerodep.shaded.org.apache.hc.client5.http.impl.classic.ProtocolExec -- ex-0000000E: target auth state: UNCHALLENGED
15:11:08.768 [main] DEBUG com.github.dockerjava.zerodep.shaded.org.apache.hc.client5.http.impl.classic.ProtocolExec -- ex-0000000E: proxy auth state: UNCHALLENGED
15:11:08.768 [main] DEBUG com.github.dockerjava.zerodep.shaded.org.apache.hc.client5.http.impl.classic.ConnectExec -- ex-0000000E: acquiring connection with route {}->npipe://localhost:2375
15:11:08.768 [main] DEBUG com.github.dockerjava.zerodep.shaded.org.apache.hc.client5.http.impl.classic.InternalHttpClient -- ex-0000000E: acquiring endpoint (3 MINUTES)
15:11:08.768 [main] DEBUG com.github.dockerjava.zerodep.shaded.org.apache.hc.client5.http.impl.io.PoolingHttpClientConnectionManager -- ex-0000000E: endpoint lease request (3 MINUTES) [route: {}->npipe://localhost:2375][total available: 1; route allocated: 1 of 2147483647; total allocated: 1 of 2147483647]
15:11:08.768 [main] DEBUG com.github.dockerjava.zerodep.shaded.org.apache.hc.client5.http.impl.io.PoolingHttpClientConnectionManager -- ex-0000000E: endpoint leased [route: {}->npipe://localhost:2375][total available: 0; route allocated: 1 of 2147483647; total allocated: 1 of 2147483647]
15:11:08.768 [main] DEBUG com.github.dockerjava.zerodep.shaded.org.apache.hc.client5.http.impl.io.PoolingHttpClientConnectionManager -- ex-0000000E: acquired ep-0000000D
15:11:08.768 [main] DEBUG com.github.dockerjava.zerodep.shaded.org.apache.hc.client5.http.impl.classic.InternalHttpClient -- ex-0000000E: acquired endpoint ep-0000000D
15:11:08.768 [main] DEBUG com.github.dockerjava.zerodep.shaded.org.apache.hc.client5.http.impl.classic.MainClientExec -- ex-0000000E: executing GET /v1.32/containers/af0c423b62dbf0dcc8cbb6c99b3a76141120cdd01e03e7ce9d8c641df2585cf1/json HTTP/1.1
15:11:08.768 [main] DEBUG com.github.dockerjava.zerodep.shaded.org.apache.hc.client5.http.impl.classic.InternalHttpClient -- ep-0000000D: start execution ex-0000000E
15:11:08.768 [main] DEBUG com.github.dockerjava.zerodep.shaded.org.apache.hc.client5.http.impl.io.PoolingHttpClientConnectionManager -- ep-0000000D: executing exchange ex-0000000E over http-outgoing-1
15:11:08.768 [main] DEBUG com.github.dockerjava.zerodep.shaded.org.apache.hc.client5.http.headers -- http-outgoing-1 >> GET /v1.32/containers/af0c423b62dbf0dcc8cbb6c99b3a76141120cdd01e03e7ce9d8c641df2585cf1/json HTTP/1.1
15:11:08.769 [main] DEBUG com.github.dockerjava.zerodep.shaded.org.apache.hc.client5.http.headers -- http-outgoing-1 >> accept: application/json
15:11:08.769 [main] DEBUG com.github.dockerjava.zerodep.shaded.org.apache.hc.client5.http.headers -- http-outgoing-1 >> x-tc-sid: 19636001-dfb0-4a92-a4d9-9b302f9285c4
15:11:08.769 [main] DEBUG com.github.dockerjava.zerodep.shaded.org.apache.hc.client5.http.headers -- http-outgoing-1 >> User-Agent: tc-java/1.19.3
15:11:08.769 [main] DEBUG com.github.dockerjava.zerodep.shaded.org.apache.hc.client5.http.headers -- http-outgoing-1 >> Accept-Encoding: gzip, x-gzip, deflate
15:11:08.769 [main] DEBUG com.github.dockerjava.zerodep.shaded.org.apache.hc.client5.http.headers -- http-outgoing-1 >> Host: localhost:2375
15:11:08.769 [main] DEBUG com.github.dockerjava.zerodep.shaded.org.apache.hc.client5.http.headers -- http-outgoing-1 >> Connection: keep-alive
15:11:08.769 [main] DEBUG com.github.dockerjava.zerodep.shaded.org.apache.hc.client5.http.wire -- http-outgoing-1 >> "GET /v1.32/containers/af0c423b62dbf0dcc8cbb6c99b3a76141120cdd01e03e7ce9d8c641df2585cf1/json HTTP/1.1[\r][\n]"
15:11:08.769 [main] DEBUG com.github.dockerjava.zerodep.shaded.org.apache.hc.client5.http.wire -- http-outgoing-1 >> "accept: application/json[\r][\n]"
15:11:08.769 [main] DEBUG com.github.dockerjava.zerodep.shaded.org.apache.hc.client5.http.wire -- http-outgoing-1 >> "x-tc-sid: 19636001-dfb0-4a92-a4d9-9b302f9285c4[\r][\n]"
15:11:08.769 [main] DEBUG com.github.dockerjava.zerodep.shaded.org.apache.hc.client5.http.wire -- http-outgoing-1 >> "User-Agent: tc-java/1.19.3[\r][\n]"
15:11:08.769 [main] DEBUG com.github.dockerjava.zerodep.shaded.org.apache.hc.client5.http.wire -- http-outgoing-1 >> "Accept-Encoding: gzip, x-gzip, deflate[\r][\n]"
15:11:08.769 [main] DEBUG com.github.dockerjava.zerodep.shaded.org.apache.hc.client5.http.wire -- http-outgoing-1 >> "Host: localhost:2375[\r][\n]"
15:11:08.769 [main] DEBUG com.github.dockerjava.zerodep.shaded.org.apache.hc.client5.http.wire -- http-outgoing-1 >> "Connection: keep-alive[\r][\n]"
15:11:08.769 [main] DEBUG com.github.dockerjava.zerodep.shaded.org.apache.hc.client5.http.wire -- http-outgoing-1 >> "[\r][\n]"
15:11:08.776 [main] DEBUG com.github.dockerjava.zerodep.shaded.org.apache.hc.client5.http.wire -- http-outgoing-1 << "HTTP/1.1 200 OK[\r][\n]"
15:11:08.776 [main] DEBUG com.github.dockerjava.zerodep.shaded.org.apache.hc.client5.http.wire -- http-outgoing-1 << "Api-Version: 1.47[\r][\n]"
15:11:08.776 [main] DEBUG com.github.dockerjava.zerodep.shaded.org.apache.hc.client5.http.wire -- http-outgoing-1 << "Content-Type: application/json[\r][\n]"
15:11:08.776 [main] DEBUG com.github.dockerjava.zerodep.shaded.org.apache.hc.client5.http.wire -- http-outgoing-1 << "Date: Fri, 02 May 2025 13:11:08 GMT[\r][\n]"
15:11:08.776 [main] DEBUG com.github.dockerjava.zerodep.shaded.org.apache.hc.client5.http.wire -- http-outgoing-1 << "Docker-Experimental: false[\r][\n]"
15:11:08.776 [main] DEBUG com.github.dockerjava.zerodep.shaded.org.apache.hc.client5.http.wire -- http-outgoing-1 << "Ostype: linux[\r][\n]"
15:11:08.776 [main] DEBUG com.github.dockerjava.zerodep.shaded.org.apache.hc.client5.http.wire -- http-outgoing-1 << "Server: Docker/27.5.1 (linux)[\r][\n]"
15:11:08.776 [main] DEBUG com.github.dockerjava.zerodep.shaded.org.apache.hc.client5.http.wire -- http-outgoing-1 << "Transfer-Encoding: chunked[\r][\n]"
15:11:08.776 [main] DEBUG com.github.dockerjava.zerodep.shaded.org.apache.hc.client5.http.wire -- http-outgoing-1 << "[\r][\n]"
15:11:08.776 [main] DEBUG com.github.dockerjava.zerodep.shaded.org.apache.hc.client5.http.headers -- http-outgoing-1 << HTTP/1.1 200 OK
15:11:08.776 [main] DEBUG com.github.dockerjava.zerodep.shaded.org.apache.hc.client5.http.headers -- http-outgoing-1 << Api-Version: 1.47
15:11:08.776 [main] DEBUG com.github.dockerjava.zerodep.shaded.org.apache.hc.client5.http.headers -- http-outgoing-1 << Content-Type: application/json
15:11:08.776 [main] DEBUG com.github.dockerjava.zerodep.shaded.org.apache.hc.client5.http.headers -- http-outgoing-1 << Date: Fri, 02 May 2025 13:11:08 GMT
15:11:08.776 [main] DEBUG com.github.dockerjava.zerodep.shaded.org.apache.hc.client5.http.headers -- http-outgoing-1 << Docker-Experimental: false
15:11:08.776 [main] DEBUG com.github.dockerjava.zerodep.shaded.org.apache.hc.client5.http.headers -- http-outgoing-1 << Ostype: linux
15:11:08.776 [main] DEBUG com.github.dockerjava.zerodep.shaded.org.apache.hc.client5.http.headers -- http-outgoing-1 << Server: Docker/27.5.1 (linux)
15:11:08.777 [main] DEBUG com.github.dockerjava.zerodep.shaded.org.apache.hc.client5.http.headers -- http-outgoing-1 << Transfer-Encoding: chunked
15:11:08.777 [main] DEBUG com.github.dockerjava.zerodep.shaded.org.apache.hc.client5.http.impl.classic.MainClientExec -- ex-0000000E: connection can be kept alive for 3 MINUTES
15:11:08.783 [main] DEBUG com.github.dockerjava.zerodep.shaded.org.apache.hc.client5.http.wire -- http-outgoing-1 << "16e3[\r][\n]"
15:11:08.783 [main] DEBUG com.github.dockerjava.zerodep.shaded.org.apache.hc.client5.http.wire -- http-outgoing-1 << "{"Id":"af0c423b62dbf0dcc8cbb6c99b3a76141120cdd01e03e7ce9d8c641df2585cf1","Created":"2025-05-02T13:11:07.988967359Z","Path":"/opt/bin/entry_point.sh","Args":[],"State":{"Status":"running","Running":true,"Paused":false,"Restarting":false,"OOMKilled":false,"Dead":false,"Pid":26338,"ExitCode":0,"Error":"","StartedAt":"2025-05-02T13:11:08.299204928Z","FinishedAt":"0001-01-01T00:00:00Z"},"Image":"sha256:98a4acf36526b42162e80e32b36ba7e5cd93e15cb0f2ca510d6fc3fe655edf92","ResolvConfPath":"/var/lib/docker/containers/af0c423b62dbf0dcc8cbb6c99b3a76141120cdd01e03e7ce9d8c641df2585cf1/resolv.conf","HostnamePath":"/var/lib/docker/containers/af0c423b62dbf0dcc8cbb6c99b3a76141120cdd01e03e7ce9d8c641df2585cf1/hostname","HostsPath":"/var/lib/docker/containers/af0c423b62dbf0dcc8cbb6c99b3a76141120cdd01e03e7ce9d8c641df2585cf1/hosts","LogPath":"/var/lib/docker/containers/af0c423b62dbf0dcc8cbb6c99b3a76141120cdd01e03e7ce9d8c641df2585cf1/af0c423b62dbf0dcc8cbb6c99b3a76141120cdd01e03e7ce9d8c641df2585cf1-json.log","Name":"/determined_cori","RestartCount":0,"Driver":"overlayfs","Platform":"linux","MountLabel":"","ProcessLabel":"","AppArmorProfile":"","ExecIDs":null,"HostConfig":{"Binds":[],"ContainerIDFile":"","LogConfig":{"Type":"json-file","Config":{}},"NetworkMode":"f616b05dd96dd6b6e63724e496eb83a1d4e976e96a5b268a96925535349cd985","PortBindings":{"4444/tcp":[{"HostIp":"0.0.0.0","HostPort":"0"}],"5900/tcp":[{"HostIp":"0.0.0.0","HostPort":"0"}]},"RestartPolicy":{"Name":"no","MaximumRetryCount":0},"AutoRemove":false,"VolumeDriver":"","VolumesFrom":[],"ConsoleSize":[0,0],"CapAdd":null,"CapDrop":null,"CgroupnsMode":"host","Dns":null,"DnsOptions":null,"DnsSearch":null,"ExtraHosts":[],"GroupAdd":null,"IpcMode":"shareable","Cgroup":"","Links":null,"OomScoreAdj":0,"PidMode":"","Privileged":false,"PublishAllPorts":false,"ReadonlyRootfs":false,"SecurityOpt":null,"UTSMode":"","UsernsMode":"","ShmSize":536870912,"Runtime":"runc","Isolation":"","CpuShares":0,"Memory":0,"NanoCpus":0,"CgroupParent":"","BlkioWeight":0,"BlkioWeightDevice":null,"BlkioDeviceReadBps":null,"BlkioDeviceWriteBps":null,"BlkioDeviceReadIOps":null,"BlkioDeviceWriteIOps":null,"CpuPeriod":0,"CpuQuota":0,"CpuRealtimePeriod":0,"CpuRealtimeRuntime":0,"CpusetCpus":"","CpusetMems":"","Devices":null,"DeviceCgroupRules":null,"DeviceRequests":null,"MemoryReservation":0,"MemorySwap":0,"MemorySwappiness":null,"OomKillDisable":false,"PidsLimit":null,"Ulimits":null,"CpuCount":0,"CpuPercent":0,"IOMaximumIOps":0,"IOMaximumBandwidth":0,"MaskedPaths":["/proc/asound","/proc/acpi","/proc/kcore","/proc/keys","/proc/latency_stats","/proc/timer_list","/proc/timer_stats","/proc/sched_debug","/proc/scsi","/sys/firmware","/sys/devices/virtual/powercap"],"ReadonlyPaths":["/proc/bus","/proc/fs","/proc/irq","/proc/sys","/proc/sysrq-trigger"]},"GraphDriver":{"Data":null,"Name":"overlayfs"},"Mounts":[],"Config":{"Hostname":"af0c423b62db","Domainname":"","User":"1200","AttachStdin":false,"AttachStdout":false,"AttachStderr":false,"ExposedPorts":{"4444/tcp":{},"5900/tcp":{}},"Tty":false,"OpenStdin":false,"StdinOnce":false,"Env":["no_proxy=localhost","TZ=Europe/Madrid","PATH=/usr/local/sbin:/usr/local/bin:/usr/sbin:/usr/bin:/sbin:/bin","DEBIAN_FRONTEND=noninteractive","DEBCONF_NONINTERACTIVE_SEEN=true","SEL_USER=seluser","SEL_UID=1200","SEL_GID=1201","HOME=/home/seluser","SEL_DOWNLOAD_DIR=/Downloads","SE_BIND_HOST=false","SE_REJECT_UNSUPPORTED_CAPS=false","SE_OTEL_JAVA_GLOBAL_AUTOCONFIGURE_ENABLED=true","SE_OTEL_TRACES_EXPORTER=otlp","LANG_WHICH=en","LANG_WHERE=US","ENCODING=UTF-8","LANGUAGE=en_US.UTF-8","LANG=","SE_ENABLE_BROWSER_LEFTOVERS_CLEANUP=false","SE_BROWSER_LEFTOVERS_INTERVAL_SECS=3600","SE_BROWSER_LEFTOVERS_PROCESSES_SECS=7200","SE_BROWSER_LEFTOVERS_TEMPFILES_DAYS=1","SE_DRAIN_AFTER_SESSION_COUNT=0","SE_NODE_MAX_SESSIONS=1","SE_NODE_SESSION_TIMEOUT=300","SE_NODE_OVERRIDE_MAX_SESSIONS=false","SE_NODE_HEARTBEAT_PERIOD=30","SE_OTEL_SERVICE_NAME=selenium-standalone","SE_OFFLINE=true","SE_SCREEN_WIDTH=1360","SE_SCREEN_HEIGHT=1020","SE_SCREEN_DEPTH=24","SE_SCREEN_DPI=96","SE_START_XVFB=true","SE_START_VNC=true","SE_S"
15:11:08.786 [main] DEBUG com.github.dockerjava.zerodep.shaded.org.apache.hc.client5.http.wire -- http-outgoing-1 << "TART_NO_VNC=true","SE_NO_VNC_PORT=7900","SE_VNC_PORT=5900","DISPLAY=:99.0","DISPLAY_NUM=99","CONFIG_FILE=/opt/selenium/config.toml","GENERATE_CONFIG=true","DBUS_SESSION_BUS_ADDRESS=/dev/null","SE_SESSION_REQUEST_TIMEOUT=300","SE_SESSION_RETRY_INTERVAL=15","SE_HEALTHCHECK_INTERVAL=120","SE_RELAX_CHECKS=true"],"Cmd":["/opt/bin/entry_point.sh"],"Image":"selenium/standalone-chrome:4.20.0","Volumes":null,"WorkingDir":"","Entrypoint":null,"OnBuild":null,"Labels":{"authors":"","org.opencontainers.image.ref.name":"ubuntu","org.opencontainers.image.version":"22.04","org.testcontainers":"true","org.testcontainers.lang":"java","org.testcontainers.sessionId":"19636001-dfb0-4a92-a4d9-9b302f9285c4","org.testcontainers.version":"1.19.3"}},"NetworkSettings":{"Bridge":"","SandboxID":"13f5a1e03c12027977c710db1a91a11ece471fe296b2f2f8a525910e256da982","SandboxKey":"/var/run/docker/netns/13f5a1e03c12","Ports":{"4444/tcp":[{"HostIp":"0.0.0.0","HostPort":"52053"}],"5900/tcp":[]},"HairpinMode":false,"LinkLocalIPv6Address":"","LinkLocalIPv6PrefixLen":0,"SecondaryIPAddresses":null,"SecondaryIPv6Addresses":null,"EndpointID":"","Gateway":"","GlobalIPv6Address":"","GlobalIPv6PrefixLen":0,"IPAddress":"","IPPrefixLen":0,"IPv6Gateway":"","MacAddress":"","Networks":{"b469af70-f952-4995-a4ae-aaf8319c1e20":{"IPAMConfig":null,"Links":null,"Aliases":["tc-M7Yg14ma","af0c423b62db"],"MacAddress":"02:42:ac:13:00:02","DriverOpts":null,"NetworkID":"f616b05dd96dd6b6e63724e496eb83a1d4e976e96a5b268a96925535349cd985","EndpointID":"c9ea2b0989ce110f488a13cd7f7a4131831fc98735e83cc0e1df82dd3e7ba069","Gateway":"172.19.0.1","IPAddress":"172.19.0.2","IPPrefixLen":16,"IPv6Gateway":"","GlobalIPv6Address":"","GlobalIPv6PrefixLen":0,"DNSNames":["determined_cori","tc-M7Yg14ma","af0c423b62db"]}}}}[\n]"
15:11:08.788 [main] DEBUG com.github.dockerjava.zerodep.shaded.org.apache.hc.client5.http.wire -- http-outgoing-1 << "[\r][\n]"
15:11:08.790 [main] DEBUG com.github.dockerjava.zerodep.shaded.org.apache.hc.client5.http.wire -- http-outgoing-1 << "0[\r][\n]"
15:11:08.790 [main] DEBUG com.github.dockerjava.zerodep.shaded.org.apache.hc.client5.http.wire -- http-outgoing-1 << "[\r][\n]"
15:11:08.790 [main] DEBUG com.github.dockerjava.zerodep.shaded.org.apache.hc.client5.http.impl.classic.InternalHttpClient -- ep-0000000D: releasing valid endpoint
15:11:08.790 [main] DEBUG com.github.dockerjava.zerodep.shaded.org.apache.hc.client5.http.impl.io.PoolingHttpClientConnectionManager -- ep-0000000D: releasing endpoint
15:11:08.790 [main] DEBUG com.github.dockerjava.zerodep.shaded.org.apache.hc.client5.http.impl.io.PoolingHttpClientConnectionManager -- ep-0000000D: connection http-outgoing-1 can be kept alive for 3 MINUTES
15:11:08.790 [main] DEBUG com.github.dockerjava.zerodep.shaded.org.apache.hc.client5.http.impl.io.PoolingHttpClientConnectionManager -- ep-0000000D: connection released [route: {}->npipe://localhost:2375][total available: 1; route allocated: 1 of 2147483647; total allocated: 1 of 2147483647]
15:11:08.818 [main] DEBUG org.testcontainers.shaded.com.github.dockerjava.core.command.AbstrDockerCmd -- Cmd: af0c423b62dbf0dcc8cbb6c99b3a76141120cdd01e03e7ce9d8c641df2585cf1,false
15:11:08.818 [main] DEBUG org.testcontainers.shaded.com.github.dockerjava.core.exec.InspectContainerCmdExec -- GET: DefaultWebTarget{path=[/containers/af0c423b62dbf0dcc8cbb6c99b3a76141120cdd01e03e7ce9d8c641df2585cf1/json], queryParams={}}
15:11:08.818 [main] DEBUG com.github.dockerjava.zerodep.shaded.org.apache.hc.client5.http.impl.classic.InternalHttpClient -- ex-0000000F: preparing request execution
15:11:08.818 [main] DEBUG com.github.dockerjava.zerodep.shaded.org.apache.hc.client5.http.protocol.RequestAddCookies -- Cookie spec selected: strict
15:11:08.818 [main] DEBUG com.github.dockerjava.zerodep.shaded.org.apache.hc.client5.http.protocol.RequestAuthCache -- Auth cache not set in the context
15:11:08.818 [main] DEBUG com.github.dockerjava.zerodep.shaded.org.apache.hc.client5.http.impl.classic.ProtocolExec -- ex-0000000F: target auth state: UNCHALLENGED
15:11:08.818 [main] DEBUG com.github.dockerjava.zerodep.shaded.org.apache.hc.client5.http.impl.classic.ProtocolExec -- ex-0000000F: proxy auth state: UNCHALLENGED
15:11:08.818 [main] DEBUG com.github.dockerjava.zerodep.shaded.org.apache.hc.client5.http.impl.classic.ConnectExec -- ex-0000000F: acquiring connection with route {}->npipe://localhost:2375
15:11:08.819 [main] DEBUG com.github.dockerjava.zerodep.shaded.org.apache.hc.client5.http.impl.classic.InternalHttpClient -- ex-0000000F: acquiring endpoint (3 MINUTES)
15:11:08.819 [main] DEBUG com.github.dockerjava.zerodep.shaded.org.apache.hc.client5.http.impl.io.PoolingHttpClientConnectionManager -- ex-0000000F: endpoint lease request (3 MINUTES) [route: {}->npipe://localhost:2375][total available: 1; route allocated: 1 of 2147483647; total allocated: 1 of 2147483647]
15:11:08.819 [main] DEBUG com.github.dockerjava.zerodep.shaded.org.apache.hc.client5.http.impl.io.PoolingHttpClientConnectionManager -- ex-0000000F: endpoint leased [route: {}->npipe://localhost:2375][total available: 0; route allocated: 1 of 2147483647; total allocated: 1 of 2147483647]
15:11:08.819 [main] DEBUG com.github.dockerjava.zerodep.shaded.org.apache.hc.client5.http.impl.io.PoolingHttpClientConnectionManager -- ex-0000000F: acquired ep-0000000E
15:11:08.819 [main] DEBUG com.github.dockerjava.zerodep.shaded.org.apache.hc.client5.http.impl.classic.InternalHttpClient -- ex-0000000F: acquired endpoint ep-0000000E
15:11:08.819 [main] DEBUG com.github.dockerjava.zerodep.shaded.org.apache.hc.client5.http.impl.classic.MainClientExec -- ex-0000000F: executing GET /v1.32/containers/af0c423b62dbf0dcc8cbb6c99b3a76141120cdd01e03e7ce9d8c641df2585cf1/json HTTP/1.1
15:11:08.819 [main] DEBUG com.github.dockerjava.zerodep.shaded.org.apache.hc.client5.http.impl.classic.InternalHttpClient -- ep-0000000E: start execution ex-0000000F
15:11:08.819 [main] DEBUG com.github.dockerjava.zerodep.shaded.org.apache.hc.client5.http.impl.io.PoolingHttpClientConnectionManager -- ep-0000000E: executing exchange ex-0000000F over http-outgoing-1
15:11:08.819 [main] DEBUG com.github.dockerjava.zerodep.shaded.org.apache.hc.client5.http.headers -- http-outgoing-1 >> GET /v1.32/containers/af0c423b62dbf0dcc8cbb6c99b3a76141120cdd01e03e7ce9d8c641df2585cf1/json HTTP/1.1
15:11:08.819 [main] DEBUG com.github.dockerjava.zerodep.shaded.org.apache.hc.client5.http.headers -- http-outgoing-1 >> accept: application/json
15:11:08.819 [main] DEBUG com.github.dockerjava.zerodep.shaded.org.apache.hc.client5.http.headers -- http-outgoing-1 >> x-tc-sid: 19636001-dfb0-4a92-a4d9-9b302f9285c4
15:11:08.819 [main] DEBUG com.github.dockerjava.zerodep.shaded.org.apache.hc.client5.http.headers -- http-outgoing-1 >> User-Agent: tc-java/1.19.3
15:11:08.819 [main] DEBUG com.github.dockerjava.zerodep.shaded.org.apache.hc.client5.http.headers -- http-outgoing-1 >> Accept-Encoding: gzip, x-gzip, deflate
15:11:08.819 [main] DEBUG com.github.dockerjava.zerodep.shaded.org.apache.hc.client5.http.headers -- http-outgoing-1 >> Host: localhost:2375
15:11:08.819 [main] DEBUG com.github.dockerjava.zerodep.shaded.org.apache.hc.client5.http.headers -- http-outgoing-1 >> Connection: keep-alive
15:11:08.819 [main] DEBUG com.github.dockerjava.zerodep.shaded.org.apache.hc.client5.http.wire -- http-outgoing-1 >> "GET /v1.32/containers/af0c423b62dbf0dcc8cbb6c99b3a76141120cdd01e03e7ce9d8c641df2585cf1/json HTTP/1.1[\r][\n]"
15:11:08.819 [main] DEBUG com.github.dockerjava.zerodep.shaded.org.apache.hc.client5.http.wire -- http-outgoing-1 >> "accept: application/json[\r][\n]"
15:11:08.819 [main] DEBUG com.github.dockerjava.zerodep.shaded.org.apache.hc.client5.http.wire -- http-outgoing-1 >> "x-tc-sid: 19636001-dfb0-4a92-a4d9-9b302f9285c4[\r][\n]"
15:11:08.819 [main] DEBUG com.github.dockerjava.zerodep.shaded.org.apache.hc.client5.http.wire -- http-outgoing-1 >> "User-Agent: tc-java/1.19.3[\r][\n]"
15:11:08.819 [main] DEBUG com.github.dockerjava.zerodep.shaded.org.apache.hc.client5.http.wire -- http-outgoing-1 >> "Accept-Encoding: gzip, x-gzip, deflate[\r][\n]"
15:11:08.819 [main] DEBUG com.github.dockerjava.zerodep.shaded.org.apache.hc.client5.http.wire -- http-outgoing-1 >> "Host: localhost:2375[\r][\n]"
15:11:08.819 [main] DEBUG com.github.dockerjava.zerodep.shaded.org.apache.hc.client5.http.wire -- http-outgoing-1 >> "Connection: keep-alive[\r][\n]"
15:11:08.819 [main] DEBUG com.github.dockerjava.zerodep.shaded.org.apache.hc.client5.http.wire -- http-outgoing-1 >> "[\r][\n]"
15:11:08.826 [main] DEBUG com.github.dockerjava.zerodep.shaded.org.apache.hc.client5.http.wire -- http-outgoing-1 << "HTTP/1.1 200 OK[\r][\n]"
15:11:08.826 [main] DEBUG com.github.dockerjava.zerodep.shaded.org.apache.hc.client5.http.wire -- http-outgoing-1 << "Api-Version: 1.47[\r][\n]"
15:11:08.826 [main] DEBUG com.github.dockerjava.zerodep.shaded.org.apache.hc.client5.http.wire -- http-outgoing-1 << "Content-Type: application/json[\r][\n]"
15:11:08.826 [main] DEBUG com.github.dockerjava.zerodep.shaded.org.apache.hc.client5.http.wire -- http-outgoing-1 << "Date: Fri, 02 May 2025 13:11:08 GMT[\r][\n]"
15:11:08.826 [main] DEBUG com.github.dockerjava.zerodep.shaded.org.apache.hc.client5.http.wire -- http-outgoing-1 << "Docker-Experimental: false[\r][\n]"
15:11:08.826 [main] DEBUG com.github.dockerjava.zerodep.shaded.org.apache.hc.client5.http.wire -- http-outgoing-1 << "Ostype: linux[\r][\n]"
15:11:08.826 [main] DEBUG com.github.dockerjava.zerodep.shaded.org.apache.hc.client5.http.wire -- http-outgoing-1 << "Server: Docker/27.5.1 (linux)[\r][\n]"
15:11:08.826 [main] DEBUG com.github.dockerjava.zerodep.shaded.org.apache.hc.client5.http.wire -- http-outgoing-1 << "Transfer-Encoding: chunked[\r][\n]"
15:11:08.826 [main] DEBUG com.github.dockerjava.zerodep.shaded.org.apache.hc.client5.http.wire -- http-outgoing-1 << "[\r][\n]"
15:11:08.826 [main] DEBUG com.github.dockerjava.zerodep.shaded.org.apache.hc.client5.http.headers -- http-outgoing-1 << HTTP/1.1 200 OK
15:11:08.826 [main] DEBUG com.github.dockerjava.zerodep.shaded.org.apache.hc.client5.http.headers -- http-outgoing-1 << Api-Version: 1.47
15:11:08.826 [main] DEBUG com.github.dockerjava.zerodep.shaded.org.apache.hc.client5.http.headers -- http-outgoing-1 << Content-Type: application/json
15:11:08.826 [main] DEBUG com.github.dockerjava.zerodep.shaded.org.apache.hc.client5.http.headers -- http-outgoing-1 << Date: Fri, 02 May 2025 13:11:08 GMT
15:11:08.826 [main] DEBUG com.github.dockerjava.zerodep.shaded.org.apache.hc.client5.http.headers -- http-outgoing-1 << Docker-Experimental: false
15:11:08.826 [main] DEBUG com.github.dockerjava.zerodep.shaded.org.apache.hc.client5.http.headers -- http-outgoing-1 << Ostype: linux
15:11:08.826 [main] DEBUG com.github.dockerjava.zerodep.shaded.org.apache.hc.client5.http.headers -- http-outgoing-1 << Server: Docker/27.5.1 (linux)
15:11:08.826 [main] DEBUG com.github.dockerjava.zerodep.shaded.org.apache.hc.client5.http.headers -- http-outgoing-1 << Transfer-Encoding: chunked
15:11:08.826 [main] DEBUG com.github.dockerjava.zerodep.shaded.org.apache.hc.client5.http.impl.classic.MainClientExec -- ex-0000000F: connection can be kept alive for 3 MINUTES
15:11:08.828 [main] DEBUG com.github.dockerjava.zerodep.shaded.org.apache.hc.client5.http.wire -- http-outgoing-1 << "170a[\r][\n]"
15:11:08.829 [main] DEBUG com.github.dockerjava.zerodep.shaded.org.apache.hc.client5.http.wire -- http-outgoing-1 << "{"Id":"af0c423b62dbf0dcc8cbb6c99b3a76141120cdd01e03e7ce9d8c641df2585cf1","Created":"2025-05-02T13:11:07.988967359Z","Path":"/opt/bin/entry_point.sh","Args":[],"State":{"Status":"running","Running":true,"Paused":false,"Restarting":false,"OOMKilled":false,"Dead":false,"Pid":26338,"ExitCode":0,"Error":"","StartedAt":"2025-05-02T13:11:08.299204928Z","FinishedAt":"0001-01-01T00:00:00Z"},"Image":"sha256:98a4acf36526b42162e80e32b36ba7e5cd93e15cb0f2ca510d6fc3fe655edf92","ResolvConfPath":"/var/lib/docker/containers/af0c423b62dbf0dcc8cbb6c99b3a76141120cdd01e03e7ce9d8c641df2585cf1/resolv.conf","HostnamePath":"/var/lib/docker/containers/af0c423b62dbf0dcc8cbb6c99b3a76141120cdd01e03e7ce9d8c641df2585cf1/hostname","HostsPath":"/var/lib/docker/containers/af0c423b62dbf0dcc8cbb6c99b3a76141120cdd01e03e7ce9d8c641df2585cf1/hosts","LogPath":"/var/lib/docker/containers/af0c423b62dbf0dcc8cbb6c99b3a76141120cdd01e03e7ce9d8c641df2585cf1/af0c423b62dbf0dcc8cbb6c99b3a76141120cdd01e03e7ce9d8c641df2585cf1-json.log","Name":"/determined_cori","RestartCount":0,"Driver":"overlayfs","Platform":"linux","MountLabel":"","ProcessLabel":"","AppArmorProfile":"","ExecIDs":null,"HostConfig":{"Binds":[],"ContainerIDFile":"","LogConfig":{"Type":"json-file","Config":{}},"NetworkMode":"f616b05dd96dd6b6e63724e496eb83a1d4e976e96a5b268a96925535349cd985","PortBindings":{"4444/tcp":[{"HostIp":"0.0.0.0","HostPort":"0"}],"5900/tcp":[{"HostIp":"0.0.0.0","HostPort":"0"}]},"RestartPolicy":{"Name":"no","MaximumRetryCount":0},"AutoRemove":false,"VolumeDriver":"","VolumesFrom":[],"ConsoleSize":[0,0],"CapAdd":null,"CapDrop":null,"CgroupnsMode":"host","Dns":null,"DnsOptions":null,"DnsSearch":null,"ExtraHosts":[],"GroupAdd":null,"IpcMode":"shareable","Cgroup":"","Links":null,"OomScoreAdj":0,"PidMode":"","Privileged":false,"PublishAllPorts":false,"ReadonlyRootfs":false,"SecurityOpt":null,"UTSMode":"","UsernsMode":"","ShmSize":536870912,"Runtime":"runc","Isolation":"","CpuShares":0,"Memory":0,"NanoCpus":0,"CgroupParent":"","BlkioWeight":0,"BlkioWeightDevice":null,"BlkioDeviceReadBps":null,"BlkioDeviceWriteBps":null,"BlkioDeviceReadIOps":null,"BlkioDeviceWriteIOps":null,"CpuPeriod":0,"CpuQuota":0,"CpuRealtimePeriod":0,"CpuRealtimeRuntime":0,"CpusetCpus":"","CpusetMems":"","Devices":null,"DeviceCgroupRules":null,"DeviceRequests":null,"MemoryReservation":0,"MemorySwap":0,"MemorySwappiness":null,"OomKillDisable":false,"PidsLimit":null,"Ulimits":null,"CpuCount":0,"CpuPercent":0,"IOMaximumIOps":0,"IOMaximumBandwidth":0,"MaskedPaths":["/proc/asound","/proc/acpi","/proc/kcore","/proc/keys","/proc/latency_stats","/proc/timer_list","/proc/timer_stats","/proc/sched_debug","/proc/scsi","/sys/firmware","/sys/devices/virtual/powercap"],"ReadonlyPaths":["/proc/bus","/proc/fs","/proc/irq","/proc/sys","/proc/sysrq-trigger"]},"GraphDriver":{"Data":null,"Name":"overlayfs"},"Mounts":[],"Config":{"Hostname":"af0c423b62db","Domainname":"","User":"1200","AttachStdin":false,"AttachStdout":false,"AttachStderr":false,"ExposedPorts":{"4444/tcp":{},"5900/tcp":{}},"Tty":false,"OpenStdin":false,"StdinOnce":false,"Env":["no_proxy=localhost","TZ=Europe/Madrid","PATH=/usr/local/sbin:/usr/local/bin:/usr/sbin:/usr/bin:/sbin:/bin","DEBIAN_FRONTEND=noninteractive","DEBCONF_NONINTERACTIVE_SEEN=true","SEL_USER=seluser","SEL_UID=1200","SEL_GID=1201","HOME=/home/seluser","SEL_DOWNLOAD_DIR=/Downloads","SE_BIND_HOST=false","SE_REJECT_UNSUPPORTED_CAPS=false","SE_OTEL_JAVA_GLOBAL_AUTOCONFIGURE_ENABLED=true","SE_OTEL_TRACES_EXPORTER=otlp","LANG_WHICH=en","LANG_WHERE=US","ENCODING=UTF-8","LANGUAGE=en_US.UTF-8","LANG=","SE_ENABLE_BROWSER_LEFTOVERS_CLEANUP=false","SE_BROWSER_LEFTOVERS_INTERVAL_SECS=3600","SE_BROWSER_LEFTOVERS_PROCESSES_SECS=7200","SE_BROWSER_LEFTOVERS_TEMPFILES_DAYS=1","SE_DRAIN_AFTER_SESSION_COUNT=0","SE_NODE_MAX_SESSIONS=1","SE_NODE_SESSION_TIMEOUT=300","SE_NODE_OVERRIDE_MAX_SESSIONS=false","SE_NODE_HEARTBEAT_PERIOD=30","SE_OTEL_SERVICE_NAME=selenium-standalone","SE_OFFLINE=true","SE_SCREEN_WIDTH=1360","SE_SCREEN_HEIGHT=1020","SE_SCREEN_DEPTH=24","SE_SCREEN_DPI=96","SE_START_XVFB=true","SE_START_VNC=true","SE_S"
15:11:08.830 [main] DEBUG com.github.dockerjava.zerodep.shaded.org.apache.hc.client5.http.wire -- http-outgoing-1 << "TART_NO_VNC=true","SE_NO_VNC_PORT=7900","SE_VNC_PORT=5900","DISPLAY=:99.0","DISPLAY_NUM=99","CONFIG_FILE=/opt/selenium/config.toml","GENERATE_CONFIG=true","DBUS_SESSION_BUS_ADDRESS=/dev/null","SE_SESSION_REQUEST_TIMEOUT=300","SE_SESSION_RETRY_INTERVAL=15","SE_HEALTHCHECK_INTERVAL=120","SE_RELAX_CHECKS=true"],"Cmd":["/opt/bin/entry_point.sh"],"Image":"selenium/standalone-chrome:4.20.0","Volumes":null,"WorkingDir":"","Entrypoint":null,"OnBuild":null,"Labels":{"authors":"","org.opencontainers.image.ref.name":"ubuntu","org.opencontainers.image.version":"22.04","org.testcontainers":"true","org.testcontainers.lang":"java","org.testcontainers.sessionId":"19636001-dfb0-4a92-a4d9-9b302f9285c4","org.testcontainers.version":"1.19.3"}},"NetworkSettings":{"Bridge":"","SandboxID":"13f5a1e03c12027977c710db1a91a11ece471fe296b2f2f8a525910e256da982","SandboxKey":"/var/run/docker/netns/13f5a1e03c12","Ports":{"4444/tcp":[{"HostIp":"0.0.0.0","HostPort":"52053"}],"5900/tcp":[{"HostIp":"0.0.0.0","HostPort":"52054"}]},"HairpinMode":false,"LinkLocalIPv6Address":"","LinkLocalIPv6PrefixLen":0,"SecondaryIPAddresses":null,"SecondaryIPv6Addresses":null,"EndpointID":"","Gateway":"","GlobalIPv6Address":"","GlobalIPv6PrefixLen":0,"IPAddress":"","IPPrefixLen":0,"IPv6Gateway":"","MacAddress":"","Networks":{"b469af70-f952-4995-a4ae-aaf8319c1e20":{"IPAMConfig":null,"Links":null,"Aliases":["tc-M7Yg14ma","af0c423b62db"],"MacAddress":"02:42:ac:13:00:02","DriverOpts":null,"NetworkID":"f616b05dd96dd6b6e63724e496eb83a1d4e976e96a5b268a96925535349cd985","EndpointID":"c9ea2b0989ce110f488a13cd7f7a4131831fc98735e83cc0e1df82dd3e7ba069","Gateway":"172.19.0.1","IPAddress":"172.19.0.2","IPPrefixLen":16,"IPv6Gateway":"","GlobalIPv6Address":"","GlobalIPv6PrefixLen":0,"DNSNames":["determined_cori","tc-M7Yg14ma","af0c423b62db"]}}}}[\n]"
15:11:08.832 [main] DEBUG com.github.dockerjava.zerodep.shaded.org.apache.hc.client5.http.wire -- http-outgoing-1 << "[\r][\n]"
15:11:08.832 [main] DEBUG com.github.dockerjava.zerodep.shaded.org.apache.hc.client5.http.wire -- http-outgoing-1 << "0[\r][\n]"
15:11:08.832 [main] DEBUG com.github.dockerjava.zerodep.shaded.org.apache.hc.client5.http.wire -- http-outgoing-1 << "[\r][\n]"
15:11:08.832 [main] DEBUG com.github.dockerjava.zerodep.shaded.org.apache.hc.client5.http.impl.classic.InternalHttpClient -- ep-0000000E: releasing valid endpoint
15:11:08.832 [main] DEBUG com.github.dockerjava.zerodep.shaded.org.apache.hc.client5.http.impl.io.PoolingHttpClientConnectionManager -- ep-0000000E: releasing endpoint
15:11:08.832 [main] DEBUG com.github.dockerjava.zerodep.shaded.org.apache.hc.client5.http.impl.io.PoolingHttpClientConnectionManager -- ep-0000000E: connection http-outgoing-1 can be kept alive for 3 MINUTES
15:11:08.832 [main] DEBUG com.github.dockerjava.zerodep.shaded.org.apache.hc.client5.http.impl.io.PoolingHttpClientConnectionManager -- ep-0000000E: connection released [route: {}->npipe://localhost:2375][total available: 1; route allocated: 1 of 2147483647; total allocated: 1 of 2147483647]
15:11:08.833 [main] DEBUG org.testcontainers.shaded.com.github.dockerjava.core.command.AbstrDockerCmd -- Cmd: sha256:98a4acf36526b42162e80e32b36ba7e5cd93e15cb0f2ca510d6fc3fe655edf92
15:11:08.833 [main] DEBUG com.github.dockerjava.zerodep.shaded.org.apache.hc.client5.http.impl.classic.InternalHttpClient -- ex-00000010: preparing request execution
15:11:08.833 [main] DEBUG com.github.dockerjava.zerodep.shaded.org.apache.hc.client5.http.protocol.RequestAddCookies -- Cookie spec selected: strict
15:11:08.833 [main] DEBUG com.github.dockerjava.zerodep.shaded.org.apache.hc.client5.http.protocol.RequestAuthCache -- Auth cache not set in the context
15:11:08.833 [main] DEBUG com.github.dockerjava.zerodep.shaded.org.apache.hc.client5.http.impl.classic.ProtocolExec -- ex-00000010: target auth state: UNCHALLENGED
15:11:08.833 [main] DEBUG com.github.dockerjava.zerodep.shaded.org.apache.hc.client5.http.impl.classic.ProtocolExec -- ex-00000010: proxy auth state: UNCHALLENGED
15:11:08.833 [main] DEBUG com.github.dockerjava.zerodep.shaded.org.apache.hc.client5.http.impl.classic.ConnectExec -- ex-00000010: acquiring connection with route {}->npipe://localhost:2375
15:11:08.833 [main] DEBUG com.github.dockerjava.zerodep.shaded.org.apache.hc.client5.http.impl.classic.InternalHttpClient -- ex-00000010: acquiring endpoint (3 MINUTES)
15:11:08.833 [main] DEBUG com.github.dockerjava.zerodep.shaded.org.apache.hc.client5.http.impl.io.PoolingHttpClientConnectionManager -- ex-00000010: endpoint lease request (3 MINUTES) [route: {}->npipe://localhost:2375][total available: 1; route allocated: 1 of 2147483647; total allocated: 1 of 2147483647]
15:11:08.833 [main] DEBUG com.github.dockerjava.zerodep.shaded.org.apache.hc.client5.http.impl.io.PoolingHttpClientConnectionManager -- ex-00000010: endpoint leased [route: {}->npipe://localhost:2375][total available: 0; route allocated: 1 of 2147483647; total allocated: 1 of 2147483647]
15:11:08.833 [main] DEBUG com.github.dockerjava.zerodep.shaded.org.apache.hc.client5.http.impl.io.PoolingHttpClientConnectionManager -- ex-00000010: acquired ep-0000000F
15:11:08.833 [main] DEBUG com.github.dockerjava.zerodep.shaded.org.apache.hc.client5.http.impl.classic.InternalHttpClient -- ex-00000010: acquired endpoint ep-0000000F
15:11:08.833 [main] DEBUG com.github.dockerjava.zerodep.shaded.org.apache.hc.client5.http.impl.classic.MainClientExec -- ex-00000010: executing GET /v1.32/images/sha256:98a4acf36526b42162e80e32b36ba7e5cd93e15cb0f2ca510d6fc3fe655edf92/json HTTP/1.1
15:11:08.833 [main] DEBUG com.github.dockerjava.zerodep.shaded.org.apache.hc.client5.http.impl.classic.InternalHttpClient -- ep-0000000F: start execution ex-00000010
15:11:08.833 [main] DEBUG com.github.dockerjava.zerodep.shaded.org.apache.hc.client5.http.impl.io.PoolingHttpClientConnectionManager -- ep-0000000F: executing exchange ex-00000010 over http-outgoing-1
15:11:08.833 [main] DEBUG com.github.dockerjava.zerodep.shaded.org.apache.hc.client5.http.headers -- http-outgoing-1 >> GET /v1.32/images/sha256:98a4acf36526b42162e80e32b36ba7e5cd93e15cb0f2ca510d6fc3fe655edf92/json HTTP/1.1
15:11:08.833 [main] DEBUG com.github.dockerjava.zerodep.shaded.org.apache.hc.client5.http.headers -- http-outgoing-1 >> accept: application/json
15:11:08.833 [main] DEBUG com.github.dockerjava.zerodep.shaded.org.apache.hc.client5.http.headers -- http-outgoing-1 >> x-tc-sid: 19636001-dfb0-4a92-a4d9-9b302f9285c4
15:11:08.833 [main] DEBUG com.github.dockerjava.zerodep.shaded.org.apache.hc.client5.http.headers -- http-outgoing-1 >> User-Agent: tc-java/1.19.3
15:11:08.833 [main] DEBUG com.github.dockerjava.zerodep.shaded.org.apache.hc.client5.http.headers -- http-outgoing-1 >> Accept-Encoding: gzip, x-gzip, deflate
15:11:08.833 [main] DEBUG com.github.dockerjava.zerodep.shaded.org.apache.hc.client5.http.headers -- http-outgoing-1 >> Host: localhost:2375
15:11:08.833 [main] DEBUG com.github.dockerjava.zerodep.shaded.org.apache.hc.client5.http.headers -- http-outgoing-1 >> Connection: keep-alive
15:11:08.833 [main] DEBUG com.github.dockerjava.zerodep.shaded.org.apache.hc.client5.http.wire -- http-outgoing-1 >> "GET /v1.32/images/sha256:98a4acf36526b42162e80e32b36ba7e5cd93e15cb0f2ca510d6fc3fe655edf92/json HTTP/1.1[\r][\n]"
15:11:08.834 [main] DEBUG com.github.dockerjava.zerodep.shaded.org.apache.hc.client5.http.wire -- http-outgoing-1 >> "accept: application/json[\r][\n]"
15:11:08.834 [main] DEBUG com.github.dockerjava.zerodep.shaded.org.apache.hc.client5.http.wire -- http-outgoing-1 >> "x-tc-sid: 19636001-dfb0-4a92-a4d9-9b302f9285c4[\r][\n]"
15:11:08.834 [main] DEBUG com.github.dockerjava.zerodep.shaded.org.apache.hc.client5.http.wire -- http-outgoing-1 >> "User-Agent: tc-java/1.19.3[\r][\n]"
15:11:08.834 [main] DEBUG com.github.dockerjava.zerodep.shaded.org.apache.hc.client5.http.wire -- http-outgoing-1 >> "Accept-Encoding: gzip, x-gzip, deflate[\r][\n]"
15:11:08.834 [main] DEBUG com.github.dockerjava.zerodep.shaded.org.apache.hc.client5.http.wire -- http-outgoing-1 >> "Host: localhost:2375[\r][\n]"
15:11:08.834 [main] DEBUG com.github.dockerjava.zerodep.shaded.org.apache.hc.client5.http.wire -- http-outgoing-1 >> "Connection: keep-alive[\r][\n]"
15:11:08.834 [main] DEBUG com.github.dockerjava.zerodep.shaded.org.apache.hc.client5.http.wire -- http-outgoing-1 >> "[\r][\n]"
15:11:08.845 [main] DEBUG com.github.dockerjava.zerodep.shaded.org.apache.hc.client5.http.wire -- http-outgoing-1 << "HTTP/1.1 200 OK[\r][\n]"
15:11:08.845 [main] DEBUG com.github.dockerjava.zerodep.shaded.org.apache.hc.client5.http.wire -- http-outgoing-1 << "Api-Version: 1.47[\r][\n]"
15:11:08.845 [main] DEBUG com.github.dockerjava.zerodep.shaded.org.apache.hc.client5.http.wire -- http-outgoing-1 << "Content-Type: application/json[\r][\n]"
15:11:08.845 [main] DEBUG com.github.dockerjava.zerodep.shaded.org.apache.hc.client5.http.wire -- http-outgoing-1 << "Date: Fri, 02 May 2025 13:11:08 GMT[\r][\n]"
15:11:08.845 [main] DEBUG com.github.dockerjava.zerodep.shaded.org.apache.hc.client5.http.wire -- http-outgoing-1 << "Docker-Experimental: false[\r][\n]"
15:11:08.845 [main] DEBUG com.github.dockerjava.zerodep.shaded.org.apache.hc.client5.http.wire -- http-outgoing-1 << "Ostype: linux[\r][\n]"
15:11:08.845 [main] DEBUG com.github.dockerjava.zerodep.shaded.org.apache.hc.client5.http.wire -- http-outgoing-1 << "Server: Docker/27.5.1 (linux)[\r][\n]"
15:11:08.845 [main] DEBUG com.github.dockerjava.zerodep.shaded.org.apache.hc.client5.http.wire -- http-outgoing-1 << "Transfer-Encoding: chunked[\r][\n]"
15:11:08.845 [main] DEBUG com.github.dockerjava.zerodep.shaded.org.apache.hc.client5.http.wire -- http-outgoing-1 << "[\r][\n]"
15:11:08.846 [main] DEBUG com.github.dockerjava.zerodep.shaded.org.apache.hc.client5.http.headers -- http-outgoing-1 << HTTP/1.1 200 OK
15:11:08.846 [main] DEBUG com.github.dockerjava.zerodep.shaded.org.apache.hc.client5.http.headers -- http-outgoing-1 << Api-Version: 1.47
15:11:08.846 [main] DEBUG com.github.dockerjava.zerodep.shaded.org.apache.hc.client5.http.headers -- http-outgoing-1 << Content-Type: application/json
15:11:08.846 [main] DEBUG com.github.dockerjava.zerodep.shaded.org.apache.hc.client5.http.headers -- http-outgoing-1 << Date: Fri, 02 May 2025 13:11:08 GMT
15:11:08.846 [main] DEBUG com.github.dockerjava.zerodep.shaded.org.apache.hc.client5.http.headers -- http-outgoing-1 << Docker-Experimental: false
15:11:08.846 [main] DEBUG com.github.dockerjava.zerodep.shaded.org.apache.hc.client5.http.headers -- http-outgoing-1 << Ostype: linux
15:11:08.846 [main] DEBUG com.github.dockerjava.zerodep.shaded.org.apache.hc.client5.http.headers -- http-outgoing-1 << Server: Docker/27.5.1 (linux)
15:11:08.846 [main] DEBUG com.github.dockerjava.zerodep.shaded.org.apache.hc.client5.http.headers -- http-outgoing-1 << Transfer-Encoding: chunked
15:11:08.846 [main] DEBUG com.github.dockerjava.zerodep.shaded.org.apache.hc.client5.http.impl.classic.MainClientExec -- ex-00000010: connection can be kept alive for 3 MINUTES
15:11:08.846 [main] DEBUG com.github.dockerjava.zerodep.shaded.org.apache.hc.client5.http.wire -- http-outgoing-1 << "1008[\r][\n]"
15:11:08.846 [main] DEBUG com.github.dockerjava.zerodep.shaded.org.apache.hc.client5.http.wire -- http-outgoing-1 << "{"Id":"sha256:98a4acf36526b42162e80e32b36ba7e5cd93e15cb0f2ca510d6fc3fe655edf92","RepoTags":["selenium/standalone-chrome:4.20.0"],"RepoDigests":["selenium/standalone-chrome@sha256:98a4acf36526b42162e80e32b36ba7e5cd93e15cb0f2ca510d6fc3fe655edf92"],"Parent":"","Comment":"buildkit.dockerfile.v0","Created":"2024-05-05T16:13:12.316890032Z","ContainerConfig":{"Hostname":"","Domainname":"","User":"","AttachStdin":false,"AttachStdout":false,"AttachStderr":false,"Tty":false,"OpenStdin":false,"StdinOnce":false,"Env":null,"Cmd":null,"Image":"","Volumes":null,"WorkingDir":"","Entrypoint":null,"OnBuild":null,"Labels":null},"DockerVersion":"27.5.1","Author":"","Config":{"Hostname":"","Domainname":"","User":"1200","AttachStdin":false,"AttachStdout":false,"AttachStderr":false,"ExposedPorts":{"4444/tcp":{},"5900/tcp":{}},"Tty":false,"OpenStdin":false,"StdinOnce":false,"Env":["PATH=/usr/local/sbin:/usr/local/bin:/usr/sbin:/usr/bin:/sbin:/bin","DEBIAN_FRONTEND=noninteractive","DEBCONF_NONINTERACTIVE_SEEN=true","SEL_USER=seluser","SEL_UID=1200","SEL_GID=1201","HOME=/home/seluser","TZ=UTC","SEL_DOWNLOAD_DIR=/Downloads","SE_BIND_HOST=false","SE_REJECT_UNSUPPORTED_CAPS=false","SE_OTEL_JAVA_GLOBAL_AUTOCONFIGURE_ENABLED=true","SE_OTEL_TRACES_EXPORTER=otlp","LANG_WHICH=en","LANG_WHERE=US","ENCODING=UTF-8","LANGUAGE=en_US.UTF-8","LANG=","SE_ENABLE_BROWSER_LEFTOVERS_CLEANUP=false","SE_BROWSER_LEFTOVERS_INTERVAL_SECS=3600","SE_BROWSER_LEFTOVERS_PROCESSES_SECS=7200","SE_BROWSER_LEFTOVERS_TEMPFILES_DAYS=1","SE_DRAIN_AFTER_SESSION_COUNT=0","SE_NODE_MAX_SESSIONS=1","SE_NODE_SESSION_TIMEOUT=300","SE_NODE_OVERRIDE_MAX_SESSIONS=false","SE_NODE_HEARTBEAT_PERIOD=30","SE_OTEL_SERVICE_NAME=selenium-standalone","SE_OFFLINE=true","SE_SCREEN_WIDTH=1360","SE_SCREEN_HEIGHT=1020","SE_SCREEN_DEPTH=24","SE_SCREEN_DPI=96","SE_START_XVFB=true","SE_START_VNC=true","SE_START_NO_VNC=true","SE_NO_VNC_PORT=7900","SE_VNC_PORT=5900","DISPLAY=:99.0","DISPLAY_NUM=99","CONFIG_FILE=/opt/selenium/config.toml","GENERATE_CONFIG=true","DBUS_SESSION_BUS_ADDRESS=/dev/null","SE_SESSION_REQUEST_TIMEOUT=300","SE_SESSION_RETRY_INTERVAL=15","SE_HEALTHCHECK_INTERVAL=120","SE_RELAX_CHECKS=true"],"Cmd":["/opt/bin/entry_point.sh"],"ArgsEscaped":true,"Image":"","Volumes":null,"WorkingDir":"","Entrypoint":null,"OnBuild":null,"Labels":{"authors":"","org.opencontainers.image.ref.name":"ubuntu","org.opencontainers.image.version":"22.04"}},"Architecture":"amd64","Os":"linux","Size":486731910,"VirtualSize":486731910,"GraphDriver":{"Data":null,"Name":"overlayfs"},"RootFS":{"Type":"layers","Layers":["sha256:629ca62fb7c791374ce57626d6b8b62c76378be091a0daf1a60d32700b49add7","sha256:a25242d5070a760747f23e99a8c86546066dda565543af51976443ed9ec793cf","sha256:8b3b521e4c157f2233c7fe04fa5565dd696379d9a23a07af6ec3aa35f9653ae0","sha256:ca3542aa1d5ba3542b4eea19f2f9e2507fa5dad0e6c53f82048dbddba5fcebee","sha256:e20b882a1af372bda62a35e1f8dad857fa3ff1046966502299ea306de717aec4","sha256:e79f0fc9542f8195579e9673964e7767fae95d4051a40c0d39c5138a60c9b2b0","sha256:9e15a6ed5565a3a1c78289a0699684db5f7e574ed1c18a1d2f6401d926352190","sha256:26fc035b79c9c0cdeed70556055cfb5a85ce02ec3d52f0b6b01256917943780e","sha256:16941824af824f10499f517fc3e992d9d22f02d9be03035b96277e9f468f337e","sha256:0dc5b6d291cd7a9cc456f38d1c959a7636ab8f6464df3ae6e00b0b134b69dc2a","sha256:274c90e5be014fca102f5762f477211ab485db199dbe02c9f009a7237000b9d3","sha256:76859307447b2fdfe5848c864d9832d42d3bd74bd343482650747d6eebbfb6e6","sha256:a3780efe0f3097328f4efa1fcdf0da2b73538d630f3020282dea6fda13264d96","sha256:ece5443c2fa8b1a60bf3de857c5e8c0f97298c23794a603dd3c14072f49334f2","sha256:b65512a72b111f35daeed09292cb9b37f206c8341f76e06d3b402ac7bf6d5837","sha256:ea39e5fb7be218aea5cd80ec2066a0f7e5480bfaa515061d46cc45d0f067790b","sha256:662334cc38d52b187b451460ab405d1f2539019458ea224bdbfa014b6feb4e31","sha256:90cf5d8b7fd5f45f5805158b8e7d72231f6c89a3b2a4dc8e72fae205e832abc7","sha256:5e95dc8e9d3019cc4694fe1b8082b9b96c4ecaf3e9a916491fea624734743cdb","sha256:76cb11ac99c4123765ca714e247f6f87b4f32543bfff51d6efb8b5564b256574"]},"Metadata":{"LastTagTime":"2025-05-01T17:44:01.461349581Z"}}[\n]"
15:11:08.847 [main] DEBUG com.github.dockerjava.zerodep.shaded.org.apache.hc.client5.http.wire -- http-outgoing-1 << "[\r][\n]"
15:11:08.847 [main] DEBUG com.github.dockerjava.zerodep.shaded.org.apache.hc.client5.http.wire -- http-outgoing-1 << "0[\r][\n]"
15:11:08.847 [main] DEBUG com.github.dockerjava.zerodep.shaded.org.apache.hc.client5.http.wire -- http-outgoing-1 << "[\r][\n]"
15:11:08.848 [main] DEBUG com.github.dockerjava.zerodep.shaded.org.apache.hc.client5.http.impl.classic.InternalHttpClient -- ep-0000000F: releasing valid endpoint
15:11:08.848 [main] DEBUG com.github.dockerjava.zerodep.shaded.org.apache.hc.client5.http.impl.io.PoolingHttpClientConnectionManager -- ep-0000000F: releasing endpoint
15:11:08.848 [main] DEBUG com.github.dockerjava.zerodep.shaded.org.apache.hc.client5.http.impl.io.PoolingHttpClientConnectionManager -- ep-0000000F: connection http-outgoing-1 can be kept alive for 3 MINUTES
15:11:08.848 [main] DEBUG com.github.dockerjava.zerodep.shaded.org.apache.hc.client5.http.impl.io.PoolingHttpClientConnectionManager -- ep-0000000F: connection released [route: {}->npipe://localhost:2375][total available: 1; route allocated: 1 of 2147483647; total allocated: 1 of 2147483647]
15:11:08.848 [main] DEBUG org.testcontainers.shaded.com.github.dockerjava.core.command.AbstrDockerCmd -- Cmd: 
15:11:08.849 [main] DEBUG com.github.dockerjava.zerodep.shaded.org.apache.hc.client5.http.impl.classic.InternalHttpClient -- ex-00000011: preparing request execution
15:11:08.849 [main] DEBUG com.github.dockerjava.zerodep.shaded.org.apache.hc.client5.http.protocol.RequestAddCookies -- Cookie spec selected: strict
15:11:08.849 [main] DEBUG com.github.dockerjava.zerodep.shaded.org.apache.hc.client5.http.protocol.RequestAuthCache -- Auth cache not set in the context
15:11:08.849 [main] DEBUG com.github.dockerjava.zerodep.shaded.org.apache.hc.client5.http.impl.classic.ProtocolExec -- ex-00000011: target auth state: UNCHALLENGED
15:11:08.849 [main] DEBUG com.github.dockerjava.zerodep.shaded.org.apache.hc.client5.http.impl.classic.ProtocolExec -- ex-00000011: proxy auth state: UNCHALLENGED
15:11:08.849 [main] DEBUG com.github.dockerjava.zerodep.shaded.org.apache.hc.client5.http.impl.classic.ConnectExec -- ex-00000011: acquiring connection with route {}->npipe://localhost:2375
15:11:08.849 [main] DEBUG com.github.dockerjava.zerodep.shaded.org.apache.hc.client5.http.impl.classic.InternalHttpClient -- ex-00000011: acquiring endpoint (3 MINUTES)
15:11:08.849 [main] DEBUG com.github.dockerjava.zerodep.shaded.org.apache.hc.client5.http.impl.io.PoolingHttpClientConnectionManager -- ex-00000011: endpoint lease request (3 MINUTES) [route: {}->npipe://localhost:2375][total available: 1; route allocated: 1 of 2147483647; total allocated: 1 of 2147483647]
15:11:08.849 [main] DEBUG com.github.dockerjava.zerodep.shaded.org.apache.hc.client5.http.impl.io.PoolingHttpClientConnectionManager -- ex-00000011: endpoint leased [route: {}->npipe://localhost:2375][total available: 0; route allocated: 1 of 2147483647; total allocated: 1 of 2147483647]
15:11:08.849 [main] DEBUG com.github.dockerjava.zerodep.shaded.org.apache.hc.client5.http.impl.io.PoolingHttpClientConnectionManager -- ex-00000011: acquired ep-00000010
15:11:08.849 [main] DEBUG com.github.dockerjava.zerodep.shaded.org.apache.hc.client5.http.impl.classic.InternalHttpClient -- ex-00000011: acquired endpoint ep-00000010
15:11:08.849 [main] DEBUG com.github.dockerjava.zerodep.shaded.org.apache.hc.client5.http.impl.classic.MainClientExec -- ex-00000011: executing GET /v1.32/version HTTP/1.1
15:11:08.849 [main] DEBUG com.github.dockerjava.zerodep.shaded.org.apache.hc.client5.http.impl.classic.InternalHttpClient -- ep-00000010: start execution ex-00000011
15:11:08.849 [main] DEBUG com.github.dockerjava.zerodep.shaded.org.apache.hc.client5.http.impl.io.PoolingHttpClientConnectionManager -- ep-00000010: executing exchange ex-00000011 over http-outgoing-1
15:11:08.849 [main] DEBUG com.github.dockerjava.zerodep.shaded.org.apache.hc.client5.http.headers -- http-outgoing-1 >> GET /v1.32/version HTTP/1.1
15:11:08.849 [main] DEBUG com.github.dockerjava.zerodep.shaded.org.apache.hc.client5.http.headers -- http-outgoing-1 >> accept: application/json
15:11:08.849 [main] DEBUG com.github.dockerjava.zerodep.shaded.org.apache.hc.client5.http.headers -- http-outgoing-1 >> x-tc-sid: 19636001-dfb0-4a92-a4d9-9b302f9285c4
15:11:08.849 [main] DEBUG com.github.dockerjava.zerodep.shaded.org.apache.hc.client5.http.headers -- http-outgoing-1 >> User-Agent: tc-java/1.19.3
15:11:08.849 [main] DEBUG com.github.dockerjava.zerodep.shaded.org.apache.hc.client5.http.headers -- http-outgoing-1 >> Accept-Encoding: gzip, x-gzip, deflate
15:11:08.849 [main] DEBUG com.github.dockerjava.zerodep.shaded.org.apache.hc.client5.http.headers -- http-outgoing-1 >> Host: localhost:2375
15:11:08.849 [main] DEBUG com.github.dockerjava.zerodep.shaded.org.apache.hc.client5.http.headers -- http-outgoing-1 >> Connection: keep-alive
15:11:08.849 [main] DEBUG com.github.dockerjava.zerodep.shaded.org.apache.hc.client5.http.wire -- http-outgoing-1 >> "GET /v1.32/version HTTP/1.1[\r][\n]"
15:11:08.849 [main] DEBUG com.github.dockerjava.zerodep.shaded.org.apache.hc.client5.http.wire -- http-outgoing-1 >> "accept: application/json[\r][\n]"
15:11:08.849 [main] DEBUG com.github.dockerjava.zerodep.shaded.org.apache.hc.client5.http.wire -- http-outgoing-1 >> "x-tc-sid: 19636001-dfb0-4a92-a4d9-9b302f9285c4[\r][\n]"
15:11:08.849 [main] DEBUG com.github.dockerjava.zerodep.shaded.org.apache.hc.client5.http.wire -- http-outgoing-1 >> "User-Agent: tc-java/1.19.3[\r][\n]"
15:11:08.849 [main] DEBUG com.github.dockerjava.zerodep.shaded.org.apache.hc.client5.http.wire -- http-outgoing-1 >> "Accept-Encoding: gzip, x-gzip, deflate[\r][\n]"
15:11:08.849 [main] DEBUG com.github.dockerjava.zerodep.shaded.org.apache.hc.client5.http.wire -- http-outgoing-1 >> "Host: localhost:2375[\r][\n]"
15:11:08.849 [main] DEBUG com.github.dockerjava.zerodep.shaded.org.apache.hc.client5.http.wire -- http-outgoing-1 >> "Connection: keep-alive[\r][\n]"
15:11:08.849 [main] DEBUG com.github.dockerjava.zerodep.shaded.org.apache.hc.client5.http.wire -- http-outgoing-1 >> "[\r][\n]"
15:11:08.880 [main] DEBUG com.github.dockerjava.zerodep.shaded.org.apache.hc.client5.http.wire -- http-outgoing-1 << "HTTP/1.1 200 OK[\r][\n]"
15:11:08.881 [main] DEBUG com.github.dockerjava.zerodep.shaded.org.apache.hc.client5.http.wire -- http-outgoing-1 << "Api-Version: 1.47[\r][\n]"
15:11:08.881 [main] DEBUG com.github.dockerjava.zerodep.shaded.org.apache.hc.client5.http.wire -- http-outgoing-1 << "Content-Type: application/json[\r][\n]"
15:11:08.881 [main] DEBUG com.github.dockerjava.zerodep.shaded.org.apache.hc.client5.http.wire -- http-outgoing-1 << "Date: Fri, 02 May 2025 13:11:08 GMT[\r][\n]"
15:11:08.881 [main] DEBUG com.github.dockerjava.zerodep.shaded.org.apache.hc.client5.http.wire -- http-outgoing-1 << "Docker-Experimental: false[\r][\n]"
15:11:08.881 [main] DEBUG com.github.dockerjava.zerodep.shaded.org.apache.hc.client5.http.wire -- http-outgoing-1 << "Ostype: linux[\r][\n]"
15:11:08.881 [main] DEBUG com.github.dockerjava.zerodep.shaded.org.apache.hc.client5.http.wire -- http-outgoing-1 << "Server: Docker/27.5.1 (linux)[\r][\n]"
15:11:08.881 [main] DEBUG com.github.dockerjava.zerodep.shaded.org.apache.hc.client5.http.wire -- http-outgoing-1 << "Transfer-Encoding: chunked[\r][\n]"
15:11:08.881 [main] DEBUG com.github.dockerjava.zerodep.shaded.org.apache.hc.client5.http.wire -- http-outgoing-1 << "[\r][\n]"
15:11:08.881 [main] DEBUG com.github.dockerjava.zerodep.shaded.org.apache.hc.client5.http.headers -- http-outgoing-1 << HTTP/1.1 200 OK
15:11:08.881 [main] DEBUG com.github.dockerjava.zerodep.shaded.org.apache.hc.client5.http.headers -- http-outgoing-1 << Api-Version: 1.47
15:11:08.881 [main] DEBUG com.github.dockerjava.zerodep.shaded.org.apache.hc.client5.http.headers -- http-outgoing-1 << Content-Type: application/json
15:11:08.881 [main] DEBUG com.github.dockerjava.zerodep.shaded.org.apache.hc.client5.http.headers -- http-outgoing-1 << Date: Fri, 02 May 2025 13:11:08 GMT
15:11:08.881 [main] DEBUG com.github.dockerjava.zerodep.shaded.org.apache.hc.client5.http.headers -- http-outgoing-1 << Docker-Experimental: false
15:11:08.881 [main] DEBUG com.github.dockerjava.zerodep.shaded.org.apache.hc.client5.http.headers -- http-outgoing-1 << Ostype: linux
15:11:08.881 [main] DEBUG com.github.dockerjava.zerodep.shaded.org.apache.hc.client5.http.headers -- http-outgoing-1 << Server: Docker/27.5.1 (linux)
15:11:08.881 [main] DEBUG com.github.dockerjava.zerodep.shaded.org.apache.hc.client5.http.headers -- http-outgoing-1 << Transfer-Encoding: chunked
15:11:08.881 [main] DEBUG com.github.dockerjava.zerodep.shaded.org.apache.hc.client5.http.impl.classic.MainClientExec -- ex-00000011: connection can be kept alive for 3 MINUTES
15:11:08.881 [main] DEBUG com.github.dockerjava.zerodep.shaded.org.apache.hc.client5.http.wire -- http-outgoing-1 << "362[\r][\n]"
15:11:08.881 [main] DEBUG com.github.dockerjava.zerodep.shaded.org.apache.hc.client5.http.wire -- http-outgoing-1 << "{"Platform":{"Name":"Docker Desktop 4.38.0 (181591)"},"Components":[{"Name":"Engine","Version":"27.5.1","Details":{"ApiVersion":"1.47","Arch":"amd64","BuildTime":"2025-01-22T13:41:17.000000000+00:00","Experimental":"false","GitCommit":"4c9b3b0","GoVersion":"go1.22.11","KernelVersion":"5.15.167.4-microsoft-standard-WSL2","MinAPIVersion":"1.24","Os":"linux"}},{"Name":"containerd","Version":"1.7.25","Details":{"GitCommit":"bcc810d6b9066471b0b6fa75f557a15a1cbf31bb"}},{"Name":"runc","Version":"1.1.12","Details":{"GitCommit":"v1.1.12-0-g51d5e946"}},{"Name":"docker-init","Version":"0.19.0","Details":{"GitCommit":"de40ad0"}}],"Version":"27.5.1","ApiVersion":"1.47","MinAPIVersion":"1.24","GitCommit":"4c9b3b0","GoVersion":"go1.22.11","Os":"linux","Arch":"amd64","KernelVersion":"5.15.167.4-microsoft-standard-WSL2","BuildTime":"2025-01-22T13:41:17.000000000+00:00"}[\n]"
15:11:08.881 [main] DEBUG com.github.dockerjava.zerodep.shaded.org.apache.hc.client5.http.wire -- http-outgoing-1 << "[\r][\n]"
15:11:08.881 [main] DEBUG com.github.dockerjava.zerodep.shaded.org.apache.hc.client5.http.wire -- http-outgoing-1 << "0[\r][\n]"
15:11:08.881 [main] DEBUG com.github.dockerjava.zerodep.shaded.org.apache.hc.client5.http.wire -- http-outgoing-1 << "[\r][\n]"
15:11:08.882 [main] DEBUG com.github.dockerjava.zerodep.shaded.org.apache.hc.client5.http.impl.classic.InternalHttpClient -- ep-00000010: releasing valid endpoint
15:11:08.883 [main] DEBUG com.github.dockerjava.zerodep.shaded.org.apache.hc.client5.http.impl.io.PoolingHttpClientConnectionManager -- ep-00000010: releasing endpoint
15:11:08.883 [main] DEBUG com.github.dockerjava.zerodep.shaded.org.apache.hc.client5.http.impl.io.PoolingHttpClientConnectionManager -- ep-00000010: connection http-outgoing-1 can be kept alive for 3 MINUTES
15:11:08.883 [main] DEBUG com.github.dockerjava.zerodep.shaded.org.apache.hc.client5.http.impl.io.PoolingHttpClientConnectionManager -- ep-00000010: connection released [route: {}->npipe://localhost:2375][total available: 1; route allocated: 1 of 2147483647; total allocated: 1 of 2147483647]
15:11:08.897 [docker-java-stream--1863251421] DEBUG com.github.dockerjava.zerodep.shaded.org.apache.hc.client5.http.impl.classic.InternalHttpClient -- ex-00000012: preparing request execution
15:11:08.897 [docker-java-stream--1863251421] DEBUG com.github.dockerjava.zerodep.shaded.org.apache.hc.client5.http.protocol.RequestAddCookies -- Cookie spec selected: strict
15:11:08.898 [docker-java-stream--1863251421] DEBUG com.github.dockerjava.zerodep.shaded.org.apache.hc.client5.http.protocol.RequestAuthCache -- Auth cache not set in the context
15:11:08.898 [docker-java-stream--1863251421] DEBUG com.github.dockerjava.zerodep.shaded.org.apache.hc.client5.http.impl.classic.ProtocolExec -- ex-00000012: target auth state: UNCHALLENGED
15:11:08.898 [docker-java-stream--1863251421] DEBUG com.github.dockerjava.zerodep.shaded.org.apache.hc.client5.http.impl.classic.ProtocolExec -- ex-00000012: proxy auth state: UNCHALLENGED
15:11:08.898 [docker-java-stream--1863251421] DEBUG com.github.dockerjava.zerodep.shaded.org.apache.hc.client5.http.impl.classic.ConnectExec -- ex-00000012: acquiring connection with route {}->npipe://localhost:2375
15:11:08.898 [docker-java-stream--1863251421] DEBUG com.github.dockerjava.zerodep.shaded.org.apache.hc.client5.http.impl.classic.InternalHttpClient -- ex-00000012: acquiring endpoint (3 MINUTES)
15:11:08.898 [docker-java-stream--1863251421] DEBUG com.github.dockerjava.zerodep.shaded.org.apache.hc.client5.http.impl.io.PoolingHttpClientConnectionManager -- ex-00000012: endpoint lease request (3 MINUTES) [route: {}->npipe://localhost:2375][total available: 1; route allocated: 1 of 2147483647; total allocated: 1 of 2147483647]
15:11:08.898 [docker-java-stream--1863251421] DEBUG com.github.dockerjava.zerodep.shaded.org.apache.hc.client5.http.impl.io.PoolingHttpClientConnectionManager -- ex-00000012: endpoint leased [route: {}->npipe://localhost:2375][total available: 0; route allocated: 1 of 2147483647; total allocated: 1 of 2147483647]
15:11:08.898 [docker-java-stream--1863251421] DEBUG com.github.dockerjava.zerodep.shaded.org.apache.hc.client5.http.impl.io.PoolingHttpClientConnectionManager -- ex-00000012: acquired ep-00000011
15:11:08.898 [docker-java-stream--1863251421] DEBUG com.github.dockerjava.zerodep.shaded.org.apache.hc.client5.http.impl.classic.InternalHttpClient -- ex-00000012: acquired endpoint ep-00000011
15:11:08.898 [docker-java-stream--1863251421] DEBUG com.github.dockerjava.zerodep.shaded.org.apache.hc.client5.http.impl.classic.MainClientExec -- ex-00000012: executing GET /v1.32/containers/af0c423b62dbf0dcc8cbb6c99b3a76141120cdd01e03e7ce9d8c641df2585cf1/logs?stdout=true&stderr=true&follow=true&since=0 HTTP/1.1
15:11:08.898 [docker-java-stream--1863251421] DEBUG com.github.dockerjava.zerodep.shaded.org.apache.hc.client5.http.impl.classic.InternalHttpClient -- ep-00000011: start execution ex-00000012
15:11:08.898 [docker-java-stream--1863251421] DEBUG com.github.dockerjava.zerodep.shaded.org.apache.hc.client5.http.impl.io.PoolingHttpClientConnectionManager -- ep-00000011: executing exchange ex-00000012 over http-outgoing-1
15:11:08.898 [docker-java-stream--1863251421] DEBUG com.github.dockerjava.zerodep.shaded.org.apache.hc.client5.http.headers -- http-outgoing-1 >> GET /v1.32/containers/af0c423b62dbf0dcc8cbb6c99b3a76141120cdd01e03e7ce9d8c641df2585cf1/logs?stdout=true&stderr=true&follow=true&since=0 HTTP/1.1
15:11:08.898 [docker-java-stream--1863251421] DEBUG com.github.dockerjava.zerodep.shaded.org.apache.hc.client5.http.headers -- http-outgoing-1 >> x-tc-sid: 19636001-dfb0-4a92-a4d9-9b302f9285c4
15:11:08.898 [docker-java-stream--1863251421] DEBUG com.github.dockerjava.zerodep.shaded.org.apache.hc.client5.http.headers -- http-outgoing-1 >> User-Agent: tc-java/1.19.3
15:11:08.898 [docker-java-stream--1863251421] DEBUG com.github.dockerjava.zerodep.shaded.org.apache.hc.client5.http.headers -- http-outgoing-1 >> Accept-Encoding: gzip, x-gzip, deflate
15:11:08.898 [docker-java-stream--1863251421] DEBUG com.github.dockerjava.zerodep.shaded.org.apache.hc.client5.http.headers -- http-outgoing-1 >> Host: localhost:2375
15:11:08.898 [docker-java-stream--1863251421] DEBUG com.github.dockerjava.zerodep.shaded.org.apache.hc.client5.http.headers -- http-outgoing-1 >> Connection: keep-alive
15:11:08.898 [docker-java-stream--1863251421] DEBUG com.github.dockerjava.zerodep.shaded.org.apache.hc.client5.http.wire -- http-outgoing-1 >> "GET /v1.32/containers/af0c423b62dbf0dcc8cbb6c99b3a76141120cdd01e03e7ce9d8c641df2585cf1/logs?stdout=true&stderr=true&follow=true&since=0 HTTP/1.1[\r][\n]"
15:11:08.898 [docker-java-stream--1863251421] DEBUG com.github.dockerjava.zerodep.shaded.org.apache.hc.client5.http.wire -- http-outgoing-1 >> "x-tc-sid: 19636001-dfb0-4a92-a4d9-9b302f9285c4[\r][\n]"
15:11:08.898 [docker-java-stream--1863251421] DEBUG com.github.dockerjava.zerodep.shaded.org.apache.hc.client5.http.wire -- http-outgoing-1 >> "User-Agent: tc-java/1.19.3[\r][\n]"
15:11:08.899 [docker-java-stream--1863251421] DEBUG com.github.dockerjava.zerodep.shaded.org.apache.hc.client5.http.wire -- http-outgoing-1 >> "Accept-Encoding: gzip, x-gzip, deflate[\r][\n]"
15:11:08.899 [docker-java-stream--1863251421] DEBUG com.github.dockerjava.zerodep.shaded.org.apache.hc.client5.http.wire -- http-outgoing-1 >> "Host: localhost:2375[\r][\n]"
15:11:08.899 [docker-java-stream--1863251421] DEBUG com.github.dockerjava.zerodep.shaded.org.apache.hc.client5.http.wire -- http-outgoing-1 >> "Connection: keep-alive[\r][\n]"
15:11:08.899 [docker-java-stream--1863251421] DEBUG com.github.dockerjava.zerodep.shaded.org.apache.hc.client5.http.wire -- http-outgoing-1 >> "[\r][\n]"
15:11:08.908 [docker-java-stream--1863251421] DEBUG com.github.dockerjava.zerodep.shaded.org.apache.hc.client5.http.wire -- http-outgoing-1 << "HTTP/1.1 200 OK[\r][\n]"
15:11:08.908 [docker-java-stream--1863251421] DEBUG com.github.dockerjava.zerodep.shaded.org.apache.hc.client5.http.wire -- http-outgoing-1 << "Api-Version: 1.47[\r][\n]"
15:11:08.908 [docker-java-stream--1863251421] DEBUG com.github.dockerjava.zerodep.shaded.org.apache.hc.client5.http.wire -- http-outgoing-1 << "Content-Type: application/vnd.docker.raw-stream[\r][\n]"
15:11:08.908 [docker-java-stream--1863251421] DEBUG com.github.dockerjava.zerodep.shaded.org.apache.hc.client5.http.wire -- http-outgoing-1 << "Date: Fri, 02 May 2025 13:11:08 GMT[\r][\n]"
15:11:08.908 [docker-java-stream--1863251421] DEBUG com.github.dockerjava.zerodep.shaded.org.apache.hc.client5.http.wire -- http-outgoing-1 << "Docker-Experimental: false[\r][\n]"
15:11:08.908 [docker-java-stream--1863251421] DEBUG com.github.dockerjava.zerodep.shaded.org.apache.hc.client5.http.wire -- http-outgoing-1 << "Ostype: linux[\r][\n]"
15:11:08.908 [docker-java-stream--1863251421] DEBUG com.github.dockerjava.zerodep.shaded.org.apache.hc.client5.http.wire -- http-outgoing-1 << "Server: Docker/27.5.1 (linux)[\r][\n]"
15:11:08.908 [docker-java-stream--1863251421] DEBUG com.github.dockerjava.zerodep.shaded.org.apache.hc.client5.http.wire -- http-outgoing-1 << "Transfer-Encoding: chunked[\r][\n]"
15:11:08.908 [docker-java-stream--1863251421] DEBUG com.github.dockerjava.zerodep.shaded.org.apache.hc.client5.http.wire -- http-outgoing-1 << "[\r][\n]"
15:11:08.909 [docker-java-stream--1863251421] DEBUG com.github.dockerjava.zerodep.shaded.org.apache.hc.client5.http.headers -- http-outgoing-1 << HTTP/1.1 200 OK
15:11:08.909 [docker-java-stream--1863251421] DEBUG com.github.dockerjava.zerodep.shaded.org.apache.hc.client5.http.headers -- http-outgoing-1 << Api-Version: 1.47
15:11:08.909 [docker-java-stream--1863251421] DEBUG com.github.dockerjava.zerodep.shaded.org.apache.hc.client5.http.headers -- http-outgoing-1 << Content-Type: application/vnd.docker.raw-stream
15:11:08.909 [docker-java-stream--1863251421] DEBUG com.github.dockerjava.zerodep.shaded.org.apache.hc.client5.http.headers -- http-outgoing-1 << Date: Fri, 02 May 2025 13:11:08 GMT
15:11:08.909 [docker-java-stream--1863251421] DEBUG com.github.dockerjava.zerodep.shaded.org.apache.hc.client5.http.headers -- http-outgoing-1 << Docker-Experimental: false
15:11:08.909 [docker-java-stream--1863251421] DEBUG com.github.dockerjava.zerodep.shaded.org.apache.hc.client5.http.headers -- http-outgoing-1 << Ostype: linux
15:11:08.909 [docker-java-stream--1863251421] DEBUG com.github.dockerjava.zerodep.shaded.org.apache.hc.client5.http.headers -- http-outgoing-1 << Server: Docker/27.5.1 (linux)
15:11:08.909 [docker-java-stream--1863251421] DEBUG com.github.dockerjava.zerodep.shaded.org.apache.hc.client5.http.headers -- http-outgoing-1 << Transfer-Encoding: chunked
15:11:08.909 [docker-java-stream--1863251421] DEBUG com.github.dockerjava.zerodep.shaded.org.apache.hc.client5.http.impl.classic.MainClientExec -- ex-00000012: connection can be kept alive for 3 MINUTES
15:11:09.379 [docker-java-stream--1863251421] DEBUG com.github.dockerjava.zerodep.shaded.org.apache.hc.client5.http.wire -- http-outgoing-1 << "e4[\r][\n]"
15:11:09.379 [docker-java-stream--1863251421] DEBUG com.github.dockerjava.zerodep.shaded.org.apache.hc.client5.http.wire -- http-outgoing-1 << "[0x1][0x0][0x0][0x0][0x0][0x0][0x0]m2025-05-02 15:11:09,377 INFO Included extra file "/etc/supervisor/conf.d/chrome-cleanup.conf" during parsing[\n]"
15:11:09.379 [docker-java-stream--1863251421] DEBUG com.github.dockerjava.zerodep.shaded.org.apache.hc.client5.http.wire -- http-outgoing-1 << "[0x1][0x0][0x0][0x0][0x0][0x0][0x0]g2025-05-02 15:11:09,377 INFO Included extra file "/etc/supervisor/conf.d/selenium.conf" during parsing[\n]"
15:11:09.379 [docker-java-stream--1863251421] DEBUG com.github.dockerjava.zerodep.shaded.org.apache.hc.client5.http.wire -- http-outgoing-1 << "[\r][\n]"
15:11:09.384 [ducttape-0] DEBUG org.testcontainers.containers.output.WaitingConsumer -- STDOUT: 2025-05-02 15:11:09,377 INFO Included extra file "/etc/supervisor/conf.d/selenium.conf" during parsing
15:11:09.385 [ducttape-0] DEBUG org.testcontainers.containers.output.WaitingConsumer -- STDOUT: 2025-05-02 15:11:09,377 INFO Included extra file "/etc/supervisor/conf.d/chrome-cleanup.conf" during parsing
15:11:09.392 [docker-java-stream--1863251421] DEBUG com.github.dockerjava.zerodep.shaded.org.apache.hc.client5.http.wire -- http-outgoing-1 << "bc[\r][\n]"
15:11:09.392 [docker-java-stream--1863251421] DEBUG com.github.dockerjava.zerodep.shaded.org.apache.hc.client5.http.wire -- http-outgoing-1 << "[0x1][0x0][0x0][0x0][0x0][0x0][0x0]D2025-05-02 15:11:09,388 INFO RPC interface 'supervisor' initialized[\n]"
15:11:09.392 [docker-java-stream--1863251421] DEBUG com.github.dockerjava.zerodep.shaded.org.apache.hc.client5.http.wire -- http-outgoing-1 << "[0x1][0x0][0x0][0x0][0x0][0x0][0x0]h2025-05-02 15:11:09,388 CRIT Server 'unix_http_server' running without any HTTP authentication checking[\n]"
15:11:09.392 [docker-java-stream--1863251421] DEBUG com.github.dockerjava.zerodep.shaded.org.apache.hc.client5.http.wire -- http-outgoing-1 << "[\r][\n]"
15:11:09.396 [docker-java-stream--1863251421] DEBUG com.github.dockerjava.zerodep.shaded.org.apache.hc.client5.http.wire -- http-outgoing-1 << "44[\r][\n]"
15:11:09.396 [docker-java-stream--1863251421] DEBUG com.github.dockerjava.zerodep.shaded.org.apache.hc.client5.http.wire -- http-outgoing-1 << "[0x1][0x0][0x0][0x0][0x0][0x0][0x0]<2025-05-02 15:11:09,394 INFO supervisord started with pid 8[\n]"
15:11:09.396 [docker-java-stream--1863251421] DEBUG com.github.dockerjava.zerodep.shaded.org.apache.hc.client5.http.wire -- http-outgoing-1 << "[\r][\n]"
15:11:09.400 [ducttape-0] DEBUG org.testcontainers.containers.output.WaitingConsumer -- STDOUT: 2025-05-02 15:11:09,394 INFO supervisord started with pid 8
15:11:09.400 [ducttape-0] DEBUG org.testcontainers.containers.output.WaitingConsumer -- STDOUT: 2025-05-02 15:11:09,388 CRIT Server 'unix_http_server' running without any HTTP authentication checking
15:11:09.400 [ducttape-0] DEBUG org.testcontainers.containers.output.WaitingConsumer -- STDOUT: 2025-05-02 15:11:09,388 INFO RPC interface 'supervisor' initialized
15:11:10.404 [docker-java-stream--1863251421] DEBUG com.github.dockerjava.zerodep.shaded.org.apache.hc.client5.http.wire -- http-outgoing-1 << "40[\r][\n]"
15:11:10.404 [docker-java-stream--1863251421] DEBUG com.github.dockerjava.zerodep.shaded.org.apache.hc.client5.http.wire -- http-outgoing-1 << "[0x1][0x0][0x0][0x0][0x0][0x0][0x0]82025-05-02 15:11:10,400 INFO spawned: 'xvfb' with pid 9[\n]"
15:11:10.404 [docker-java-stream--1863251421] DEBUG com.github.dockerjava.zerodep.shaded.org.apache.hc.client5.http.wire -- http-outgoing-1 << "[\r][\n]"
15:11:10.411 [ducttape-0] DEBUG org.testcontainers.containers.output.WaitingConsumer -- STDOUT: 2025-05-02 15:11:10,400 INFO spawned: 'xvfb' with pid 9
15:11:10.412 [docker-java-stream--1863251421] DEBUG com.github.dockerjava.zerodep.shaded.org.apache.hc.client5.http.wire -- http-outgoing-1 << "40[\r][\n]"
15:11:10.412 [docker-java-stream--1863251421] DEBUG com.github.dockerjava.zerodep.shaded.org.apache.hc.client5.http.wire -- http-outgoing-1 << "[0x1][0x0][0x0][0x0][0x0][0x0][0x0]82025-05-02 15:11:10,409 INFO spawned: 'vnc' with pid 10[\n]"
15:11:10.412 [docker-java-stream--1863251421] DEBUG com.github.dockerjava.zerodep.shaded.org.apache.hc.client5.http.wire -- http-outgoing-1 << "[\r][\n]"
15:11:10.422 [docker-java-stream--1863251421] DEBUG com.github.dockerjava.zerodep.shaded.org.apache.hc.client5.http.wire -- http-outgoing-1 << "42[\r][\n]"
15:11:10.423 [docker-java-stream--1863251421] DEBUG com.github.dockerjava.zerodep.shaded.org.apache.hc.client5.http.wire -- http-outgoing-1 << "[0x1][0x0][0x0][0x0][0x0][0x0][0x0]:2025-05-02 15:11:10,418 INFO spawned: 'novnc' with pid 11[\n]"
15:11:10.423 [docker-java-stream--1863251421] DEBUG com.github.dockerjava.zerodep.shaded.org.apache.hc.client5.http.wire -- http-outgoing-1 << "[\r][\n]"
15:11:10.426 [ducttape-0] DEBUG org.testcontainers.containers.output.WaitingConsumer -- STDOUT: 2025-05-02 15:11:10,418 INFO spawned: 'novnc' with pid 11
15:11:10.428 [ducttape-0] DEBUG org.testcontainers.containers.output.WaitingConsumer -- STDOUT: 2025-05-02 15:11:10,409 INFO spawned: 'vnc' with pid 10
15:11:10.439 [docker-java-stream--1863251421] DEBUG com.github.dockerjava.zerodep.shaded.org.apache.hc.client5.http.wire -- http-outgoing-1 << "50[\r][\n]"
15:11:10.440 [docker-java-stream--1863251421] DEBUG com.github.dockerjava.zerodep.shaded.org.apache.hc.client5.http.wire -- http-outgoing-1 << "[0x1][0x0][0x0][0x0][0x0][0x0][0x0]H2025-05-02 15:11:10,433 INFO spawned: 'selenium-standalone' with pid 14[\n]"
15:11:10.440 [docker-java-stream--1863251421] DEBUG com.github.dockerjava.zerodep.shaded.org.apache.hc.client5.http.wire -- http-outgoing-1 << "[\r][\n]"
15:11:10.446 [docker-java-stream--1863251421] DEBUG com.github.dockerjava.zerodep.shaded.org.apache.hc.client5.http.wire -- http-outgoing-1 << "213[\r][\n]"
15:11:10.446 [docker-java-stream--1863251421] DEBUG com.github.dockerjava.zerodep.shaded.org.apache.hc.client5.http.wire -- http-outgoing-1 << "[0x1][0x0][0x0][0x0][0x0][0x0][0x0]y2025-05-02 15:11:10,444 INFO success: xvfb entered RUNNING state, process has stayed up for > than 0 seconds (startsecs)[\n]"
15:11:10.447 [docker-java-stream--1863251421] DEBUG com.github.dockerjava.zerodep.shaded.org.apache.hc.client5.http.wire -- http-outgoing-1 << "[0x1][0x0][0x0][0x0][0x0][0x0][0x0]x2025-05-02 15:11:10,444 INFO success: vnc entered RUNNING state, process has stayed up for > than 0 seconds (startsecs)[\n]"
15:11:10.447 [docker-java-stream--1863251421] DEBUG com.github.dockerjava.zerodep.shaded.org.apache.hc.client5.http.wire -- http-outgoing-1 << "[0x1][0x0][0x0][0x0][0x0][0x0][0x0]z2025-05-02 15:11:10,444 INFO success: novnc entered RUNNING state, process has stayed up for > than 0 seconds (startsecs)[\n]"
15:11:10.447 [docker-java-stream--1863251421] DEBUG com.github.dockerjava.zerodep.shaded.org.apache.hc.client5.http.wire -- http-outgoing-1 << "[0x1][0x0][0x0][0x0][0x0][0x0][0x0][0xffffff88]2025-05-02 15:11:10,444 INFO success: selenium-standalone entered RUNNING state, process has stayed up for > than 0 seconds (startsecs)[\n]"
15:11:10.447 [docker-java-stream--1863251421] DEBUG com.github.dockerjava.zerodep.shaded.org.apache.hc.client5.http.wire -- http-outgoing-1 << "[\r][\n]"
15:11:10.457 [ducttape-0] DEBUG org.testcontainers.containers.output.WaitingConsumer -- STDOUT: 2025-05-02 15:11:10,444 INFO success: selenium-standalone entered RUNNING state, process has stayed up for > than 0 seconds (startsecs)
15:11:10.461 [ducttape-0] DEBUG org.testcontainers.containers.output.WaitingConsumer -- STDOUT: 2025-05-02 15:11:10,444 INFO success: novnc entered RUNNING state, process has stayed up for > than 0 seconds (startsecs)
15:11:10.461 [ducttape-0] DEBUG org.testcontainers.containers.output.WaitingConsumer -- STDOUT: 2025-05-02 15:11:10,444 INFO success: vnc entered RUNNING state, process has stayed up for > than 0 seconds (startsecs)
15:11:10.462 [ducttape-0] DEBUG org.testcontainers.containers.output.WaitingConsumer -- STDOUT: 2025-05-02 15:11:10,444 INFO success: xvfb entered RUNNING state, process has stayed up for > than 0 seconds (startsecs)
15:11:10.463 [ducttape-0] DEBUG org.testcontainers.containers.output.WaitingConsumer -- STDOUT: 2025-05-02 15:11:10,433 INFO spawned: 'selenium-standalone' with pid 14
15:11:11.013 [docker-java-stream--1863251421] DEBUG com.github.dockerjava.zerodep.shaded.org.apache.hc.client5.http.wire -- http-outgoing-1 << "7e[\r][\n]"
15:11:11.013 [docker-java-stream--1863251421] DEBUG com.github.dockerjava.zerodep.shaded.org.apache.hc.client5.http.wire -- http-outgoing-1 << "[0x1][0x0][0x0][0x0][0x0][0x0][0x0]2Appending Selenium options: --heartbeat-period 30[\n]"
15:11:11.013 [docker-java-stream--1863251421] DEBUG com.github.dockerjava.zerodep.shaded.org.apache.hc.client5.http.wire -- http-outgoing-1 << "[0x1][0x0][0x0][0x0][0x0][0x0][0x0]<Appending Selenium options: --reject-unsupported-caps false[\n]"
15:11:11.013 [docker-java-stream--1863251421] DEBUG com.github.dockerjava.zerodep.shaded.org.apache.hc.client5.http.wire -- http-outgoing-1 << "[\r][\n]"
15:11:11.014 [ducttape-0] DEBUG org.testcontainers.containers.output.WaitingConsumer -- STDOUT: Appending Selenium options: --reject-unsupported-caps false
15:11:11.014 [ducttape-0] DEBUG org.testcontainers.containers.output.WaitingConsumer -- STDOUT: Appending Selenium options: --heartbeat-period 30
15:11:11.021 [docker-java-stream--1863251421] DEBUG com.github.dockerjava.zerodep.shaded.org.apache.hc.client5.http.wire -- http-outgoing-1 << "27[\r][\n]"
15:11:11.021 [docker-java-stream--1863251421] DEBUG com.github.dockerjava.zerodep.shaded.org.apache.hc.client5.http.wire -- http-outgoing-1 << "[0x1][0x0][0x0][0x0][0x0][0x0][0x0][0x1f]Setting up SE_NODE_GRID_URL...[\n]"
15:11:11.021 [docker-java-stream--1863251421] DEBUG com.github.dockerjava.zerodep.shaded.org.apache.hc.client5.http.wire -- http-outgoing-1 << "[\r][\n]"
15:11:11.035 [ducttape-0] DEBUG org.testcontainers.containers.output.WaitingConsumer -- STDOUT: Setting up SE_NODE_GRID_URL...
15:11:11.038 [docker-java-stream--1863251421] DEBUG com.github.dockerjava.zerodep.shaded.org.apache.hc.client5.http.wire -- http-outgoing-1 << "31[\r][\n]"
15:11:11.039 [docker-java-stream--1863251421] DEBUG com.github.dockerjava.zerodep.shaded.org.apache.hc.client5.http.wire -- http-outgoing-1 << "[0x1][0x0][0x0][0x0][0x0][0x0][0x0])Selenium Grid Standalone configuration: [\n]"
15:11:11.039 [docker-java-stream--1863251421] DEBUG com.github.dockerjava.zerodep.shaded.org.apache.hc.client5.http.wire -- http-outgoing-1 << "[\r][\n]"
15:11:11.046 [docker-java-stream--1863251421] DEBUG com.github.dockerjava.zerodep.shaded.org.apache.hc.client5.http.wire -- http-outgoing-1 << "245[\r][\n]"
15:11:11.046 [docker-java-stream--1863251421] DEBUG com.github.dockerjava.zerodep.shaded.org.apache.hc.client5.http.wire -- http-outgoing-1 << "[0x1][0x0][0x0][0x0][0x0][0x0][0x0][\n]"
15:11:11.046 [docker-java-stream--1863251421] DEBUG com.github.dockerjava.zerodep.shaded.org.apache.hc.client5.http.wire -- http-outgoing-1 << "[network][\n]"
15:11:11.046 [docker-java-stream--1863251421] DEBUG com.github.dockerjava.zerodep.shaded.org.apache.hc.client5.http.wire -- http-outgoing-1 << "[0x1][0x0][0x0][0x0][0x0][0x0][0x0][0x14]relax-checks = true[\n]"
15:11:11.046 [docker-java-stream--1863251421] DEBUG com.github.dockerjava.zerodep.shaded.org.apache.hc.client5.http.wire -- http-outgoing-1 << "[0x1][0x0][0x0][0x0][0x0][0x0][0x0][0x1][\n]"
15:11:11.046 [docker-java-stream--1863251421] DEBUG com.github.dockerjava.zerodep.shaded.org.apache.hc.client5.http.wire -- http-outgoing-1 << "[0x1][0x0][0x0][0x0][0x0][0x0][0x0][0x7][node][\n]"
15:11:11.046 [docker-java-stream--1863251421] DEBUG com.github.dockerjava.zerodep.shaded.org.apache.hc.client5.http.wire -- http-outgoing-1 << "[0x1][0x0][0x0][0x0][0x0][0x0][0x0][0x18]session-timeout = "300"[\n]"
15:11:11.046 [docker-java-stream--1863251421] DEBUG com.github.dockerjava.zerodep.shaded.org.apache.hc.client5.http.wire -- http-outgoing-1 << "[0x1][0x0][0x0][0x0][0x0][0x0][0x0][0x1e]override-max-sessions = false[\n]"
15:11:11.046 [docker-java-stream--1863251421] DEBUG com.github.dockerjava.zerodep.shaded.org.apache.hc.client5.http.wire -- http-outgoing-1 << "[0x1][0x0][0x0][0x0][0x0][0x0][0x0][0x17]detect-drivers = false[\n]"
15:11:11.046 [docker-java-stream--1863251421] DEBUG com.github.dockerjava.zerodep.shaded.org.apache.hc.client5.http.wire -- http-outgoing-1 << "[0x1][0x0][0x0][0x0][0x0][0x0][0x0][0x1e]drain-after-session-count = 0[\n]"
15:11:11.046 [docker-java-stream--1863251421] DEBUG com.github.dockerjava.zerodep.shaded.org.apache.hc.client5.http.wire -- http-outgoing-1 << "[0x1][0x0][0x0][0x0][0x0][0x0][0x0][0x11]max-sessions = 1[\n]"
15:11:11.046 [docker-java-stream--1863251421] DEBUG com.github.dockerjava.zerodep.shaded.org.apache.hc.client5.http.wire -- http-outgoing-1 << "[0x1][0x0][0x0][0x0][0x0][0x0][0x0][0x1][\n]"
15:11:11.046 [docker-java-stream--1863251421] DEBUG com.github.dockerjava.zerodep.shaded.org.apache.hc.client5.http.wire -- http-outgoing-1 << "[0x1][0x0][0x0][0x0][0x0][0x0][0x0][0x1e][[node.driver-configuration]][\n]"
15:11:11.046 [docker-java-stream--1863251421] DEBUG com.github.dockerjava.zerodep.shaded.org.apache.hc.client5.http.wire -- http-outgoing-1 << "[0x1][0x0][0x0][0x0][0x0][0x0][0x0][0x18]display-name = "chrome"[\n]"
15:11:11.046 [docker-java-stream--1863251421] DEBUG com.github.dockerjava.zerodep.shaded.org.apache.hc.client5.http.wire -- http-outgoing-1 << "[0x1][0x0][0x0][0x0][0x0][0x0][0x0][0xffffff99]stereotype = '{"browserName": "chrome", "browserVersion": "124.0", "platformName": "Linux", "goog:chromeOptions": {"binary": "/usr/bin/google-chrome"}}'[\n]"
15:11:11.046 [docker-java-stream--1863251421] DEBUG com.github.dockerjava.zerodep.shaded.org.apache.hc.client5.http.wire -- http-outgoing-1 << "[0x1][0x0][0x0][0x0][0x0][0x0][0x0][0x11]max-sessions = 1[\n]"
15:11:11.046 [docker-java-stream--1863251421] DEBUG com.github.dockerjava.zerodep.shaded.org.apache.hc.client5.http.wire -- http-outgoing-1 << "[0x1][0x0][0x0][0x0][0x0][0x0][0x0][0x1][\n]"
15:11:11.046 [docker-java-stream--1863251421] DEBUG com.github.dockerjava.zerodep.shaded.org.apache.hc.client5.http.wire -- http-outgoing-1 << "[0x1][0x0][0x0][0x0][0x0][0x0][0x0]%Starting Selenium Grid Standalone...[\n]"
15:11:11.046 [docker-java-stream--1863251421] DEBUG com.github.dockerjava.zerodep.shaded.org.apache.hc.client5.http.wire -- http-outgoing-1 << "[0x1][0x0][0x0][0x0][0x0][0x0][0x0][0x14]Tracing is disabled[\n]"
15:11:11.046 [docker-java-stream--1863251421] DEBUG com.github.dockerjava.zerodep.shaded.org.apache.hc.client5.http.wire -- http-outgoing-1 << "[\r][\n]"
15:11:11.050 [ducttape-0] DEBUG org.testcontainers.containers.output.WaitingConsumer -- STDOUT: Tracing is disabled
15:11:11.050 [ducttape-0] DEBUG org.testcontainers.containers.output.WaitingConsumer -- STDOUT: Starting Selenium Grid Standalone...
15:11:11.051 [ducttape-0] DEBUG org.testcontainers.containers.output.WaitingConsumer -- STDOUT: 
15:11:11.051 [ducttape-0] DEBUG org.testcontainers.containers.output.WaitingConsumer -- STDOUT: max-sessions = 1
15:11:11.051 [ducttape-0] DEBUG org.testcontainers.containers.output.WaitingConsumer -- STDOUT: stereotype = '{"browserName": "chrome", "browserVersion": "124.0", "platformName": "Linux", "goog:chromeOptions": {"binary": "/usr/bin/google-chrome"}}'
15:11:11.051 [ducttape-0] DEBUG org.testcontainers.containers.output.WaitingConsumer -- STDOUT: display-name = "chrome"
15:11:11.052 [ducttape-0] DEBUG org.testcontainers.containers.output.WaitingConsumer -- STDOUT: [[node.driver-configuration]]
15:11:11.052 [ducttape-0] DEBUG org.testcontainers.containers.output.WaitingConsumer -- STDOUT: 
15:11:11.052 [ducttape-0] DEBUG org.testcontainers.containers.output.WaitingConsumer -- STDOUT: max-sessions = 1
15:11:11.052 [ducttape-0] DEBUG org.testcontainers.containers.output.WaitingConsumer -- STDOUT: drain-after-session-count = 0
15:11:11.052 [ducttape-0] DEBUG org.testcontainers.containers.output.WaitingConsumer -- STDOUT: detect-drivers = false
15:11:11.052 [ducttape-0] DEBUG org.testcontainers.containers.output.WaitingConsumer -- STDOUT: override-max-sessions = false
15:11:11.052 [ducttape-0] DEBUG org.testcontainers.containers.output.WaitingConsumer -- STDOUT: session-timeout = "300"
15:11:11.052 [ducttape-0] DEBUG org.testcontainers.containers.output.WaitingConsumer -- STDOUT: [node]
15:11:11.052 [ducttape-0] DEBUG org.testcontainers.containers.output.WaitingConsumer -- STDOUT: 
15:11:11.053 [ducttape-0] DEBUG org.testcontainers.containers.output.WaitingConsumer -- STDOUT: relax-checks = true
15:11:11.053 [ducttape-0] DEBUG org.testcontainers.containers.output.WaitingConsumer -- STDOUT: [network]
15:11:11.055 [ducttape-0] DEBUG org.testcontainers.containers.output.WaitingConsumer -- STDOUT: Selenium Grid Standalone configuration: 
15:11:12.129 [docker-java-stream--1863251421] DEBUG com.github.dockerjava.zerodep.shaded.org.apache.hc.client5.http.wire -- http-outgoing-1 << "64[\r][\n]"
15:11:12.129 [docker-java-stream--1863251421] DEBUG com.github.dockerjava.zerodep.shaded.org.apache.hc.client5.http.wire -- http-outgoing-1 << "[0x1][0x0][0x0][0x0][0x0][0x0][0x0]\15:11:12.120 INFO [LoggingOptions.configureLogEncoding] - Using the system default encoding[\n]"
15:11:12.130 [docker-java-stream--1863251421] DEBUG com.github.dockerjava.zerodep.shaded.org.apache.hc.client5.http.wire -- http-outgoing-1 << "[\r][\n]"
15:11:12.130 [ducttape-0] DEBUG org.testcontainers.containers.output.WaitingConsumer -- STDOUT: 15:11:12.120 INFO [LoggingOptions.configureLogEncoding] - Using the system default encoding
15:11:12.137 [docker-java-stream--1863251421] DEBUG com.github.dockerjava.zerodep.shaded.org.apache.hc.client5.http.wire -- http-outgoing-1 << "5f[\r][\n]"
15:11:12.138 [docker-java-stream--1863251421] DEBUG com.github.dockerjava.zerodep.shaded.org.apache.hc.client5.http.wire -- http-outgoing-1 << "[0x1][0x0][0x0][0x0][0x0][0x0][0x0]W15:11:12.135 INFO [OpenTelemetryTracer.createTracer] - Using OpenTelemetry for tracing[\n]"
15:11:12.138 [docker-java-stream--1863251421] DEBUG com.github.dockerjava.zerodep.shaded.org.apache.hc.client5.http.wire -- http-outgoing-1 << "[\r][\n]"
15:11:12.145 [ducttape-0] DEBUG org.testcontainers.containers.output.WaitingConsumer -- STDOUT: 15:11:12.135 INFO [OpenTelemetryTracer.createTracer] - Using OpenTelemetry for tracing
15:11:13.720 [docker-java-stream--1863251421] DEBUG com.github.dockerjava.zerodep.shaded.org.apache.hc.client5.http.wire -- http-outgoing-1 << "5e[\r][\n]"
15:11:13.721 [docker-java-stream--1863251421] DEBUG com.github.dockerjava.zerodep.shaded.org.apache.hc.client5.http.wire -- http-outgoing-1 << "[0x1][0x0][0x0][0x0][0x0][0x0][0x0]V15:11:13.716 INFO [NodeOptions.getSessionFactories] - Detected 8 available processors[\n]"
15:11:13.721 [docker-java-stream--1863251421] DEBUG com.github.dockerjava.zerodep.shaded.org.apache.hc.client5.http.wire -- http-outgoing-1 << "[\r][\n]"
15:11:13.721 [ducttape-0] DEBUG org.testcontainers.containers.output.WaitingConsumer -- STDOUT: 15:11:13.716 INFO [NodeOptions.getSessionFactories] - Detected 8 available processors
15:11:13.779 [docker-java-stream--1863251421] DEBUG com.github.dockerjava.zerodep.shaded.org.apache.hc.client5.http.wire -- http-outgoing-1 << "10c[\r][\n]"
15:11:13.780 [docker-java-stream--1863251421] DEBUG com.github.dockerjava.zerodep.shaded.org.apache.hc.client5.http.wire -- http-outgoing-1 << "[0x1][0x0][0x0][0x0][0x0][0x0][0x1][0x4]15:11:13.777 INFO [NodeOptions.report] - Adding chrome for {"browserName": "chrome","browserVersion": "124.0","goog:chromeOptions": {"binary": "\u002fusr\u002fbin\u002fgoogle-chrome"},"platformName": "linux","se:noVncPort": 7900,"se:vncEnabled": true} 1 times[\n]"
15:11:13.780 [docker-java-stream--1863251421] DEBUG com.github.dockerjava.zerodep.shaded.org.apache.hc.client5.http.wire -- http-outgoing-1 << "[\r][\n]"
15:11:13.780 [ducttape-0] DEBUG org.testcontainers.containers.output.WaitingConsumer -- STDOUT: 15:11:13.777 INFO [NodeOptions.report] - Adding chrome for {"browserName": "chrome","browserVersion": "124.0","goog:chromeOptions": {"binary": "\u002fusr\u002fbin\u002fgoogle-chrome"},"platformName": "linux","se:noVncPort": 7900,"se:vncEnabled": true} 1 times
15:11:13.834 [docker-java-stream--1863251421] DEBUG com.github.dockerjava.zerodep.shaded.org.apache.hc.client5.http.wire -- http-outgoing-1 << "5a[\r][\n]"
15:11:13.834 [docker-java-stream--1863251421] DEBUG com.github.dockerjava.zerodep.shaded.org.apache.hc.client5.http.wire -- http-outgoing-1 << "[0x1][0x0][0x0][0x0][0x0][0x0][0x0]R15:11:13.832 INFO [Node.<init>] - Binding additional locator mechanisms: relative[\n]"
15:11:13.834 [docker-java-stream--1863251421] DEBUG com.github.dockerjava.zerodep.shaded.org.apache.hc.client5.http.wire -- http-outgoing-1 << "[\r][\n]"
15:11:13.834 [ducttape-0] DEBUG org.testcontainers.containers.output.WaitingConsumer -- STDOUT: 15:11:13.832 INFO [Node.<init>] - Binding additional locator mechanisms: relative
15:11:13.891 [docker-java-stream--1863251421] DEBUG com.github.dockerjava.zerodep.shaded.org.apache.hc.client5.http.wire -- http-outgoing-1 << "130[\r][\n]"
15:11:13.891 [docker-java-stream--1863251421] DEBUG com.github.dockerjava.zerodep.shaded.org.apache.hc.client5.http.wire -- http-outgoing-1 << "[0x1][0x0][0x0][0x0][0x0][0x0][0x0][0xffffff92]15:11:13.884 INFO [GridModel.setAvailability] - Switching Node d3fa33e6-6d67-4a0b-95aa-f68472a0715f (uri: http://172.19.0.2:4444) from DOWN to UP[\n]"
15:11:13.891 [docker-java-stream--1863251421] DEBUG com.github.dockerjava.zerodep.shaded.org.apache.hc.client5.http.wire -- http-outgoing-1 << "[0x1][0x0][0x0][0x0][0x0][0x0][0x0][0xffffff8e]15:11:13.885 INFO [LocalDistributor.add] - Added node d3fa33e6-6d67-4a0b-95aa-f68472a0715f at http://172.19.0.2:4444. Health check every 120s[\n]"
15:11:13.891 [docker-java-stream--1863251421] DEBUG com.github.dockerjava.zerodep.shaded.org.apache.hc.client5.http.wire -- http-outgoing-1 << "[\r][\n]"
15:11:13.892 [ducttape-0] DEBUG org.testcontainers.containers.output.WaitingConsumer -- STDOUT: 15:11:13.885 INFO [LocalDistributor.add] - Added node d3fa33e6-6d67-4a0b-95aa-f68472a0715f at http://172.19.0.2:4444. Health check every 120s
15:11:13.893 [ducttape-0] DEBUG org.testcontainers.containers.output.WaitingConsumer -- STDOUT: 15:11:13.884 INFO [GridModel.setAvailability] - Switching Node d3fa33e6-6d67-4a0b-95aa-f68472a0715f (uri: http://172.19.0.2:4444) from DOWN to UP
15:11:14.225 [docker-java-stream--1863251421] DEBUG com.github.dockerjava.zerodep.shaded.org.apache.hc.client5.http.wire -- http-outgoing-1 << "82[\r][\n]"
15:11:14.225 [docker-java-stream--1863251421] DEBUG com.github.dockerjava.zerodep.shaded.org.apache.hc.client5.http.wire -- http-outgoing-1 << "[0x1][0x0][0x0][0x0][0x0][0x0][0x0]z15:11:14.222 INFO [Standalone.execute] - Started Selenium Standalone 4.20.0 (revision 866c76ca80): http://172.19.0.2:4444[\n]"
15:11:14.225 [docker-java-stream--1863251421] DEBUG com.github.dockerjava.zerodep.shaded.org.apache.hc.client5.http.wire -- http-outgoing-1 << "[\r][\n]"
15:11:14.226 [ducttape-0] DEBUG org.testcontainers.containers.output.WaitingConsumer -- STDOUT: 15:11:14.222 INFO [Standalone.execute] - Started Selenium Standalone 4.20.0 (revision 866c76ca80): http://172.19.0.2:4444
15:11:14.226 [ducttape-0] DEBUG com.github.dockerjava.zerodep.shaded.org.apache.hc.client5.http.impl.classic.InternalHttpClient -- ep-00000011: cancel
15:11:14.226 [ducttape-0] DEBUG com.github.dockerjava.zerodep.shaded.org.apache.hc.client5.http.impl.io.DefaultManagedHttpClientConnection -- http-outgoing-1: close connection IMMEDIATE
15:11:14.226 [ducttape-0] DEBUG com.github.dockerjava.zerodep.shaded.org.apache.hc.client5.http.impl.classic.InternalHttpClient -- ep-00000011: endpoint closed
15:11:14.226 [ducttape-0] DEBUG com.github.dockerjava.zerodep.shaded.org.apache.hc.client5.http.impl.classic.InternalHttpClient -- ep-00000011: discarding endpoint
15:11:14.226 [ducttape-0] DEBUG com.github.dockerjava.zerodep.shaded.org.apache.hc.client5.http.impl.io.PoolingHttpClientConnectionManager -- ep-00000011: releasing endpoint
15:11:14.226 [ducttape-0] DEBUG com.github.dockerjava.zerodep.shaded.org.apache.hc.client5.http.impl.io.PoolingHttpClientConnectionManager -- ep-00000011: connection is not kept alive
15:11:14.227 [ducttape-0] DEBUG com.github.dockerjava.zerodep.shaded.org.apache.hc.client5.http.impl.io.PoolingHttpClientConnectionManager -- ep-00000011: connection released [route: {}->npipe://localhost:2375][total available: 0; route allocated: 0 of 2147483647; total allocated: 0 of 2147483647]
15:11:14.227 [docker-java-stream--1863251421] DEBUG com.github.dockerjava.zerodep.shaded.org.apache.hc.client5.http.wire -- http-outgoing-1 << "end of stream"
15:11:14.227 [ducttape-0] DEBUG com.github.dockerjava.zerodep.shaded.org.apache.hc.client5.http.wire -- http-outgoing-1 << "[read] I/O error: java.nio.channels.ClosedChannelException"
15:11:14.228 [docker-java-stream--1863251421] DEBUG com.github.dockerjava.zerodep.shaded.org.apache.hc.client5.http.wire -- http-outgoing-1 << "[read] I/O error: java.nio.channels.ClosedChannelException"
15:11:14.227 [ducttape-0] DEBUG com.github.dockerjava.zerodep.ApacheDockerHttpClientImpl$ApacheResponse -- Failed to close the response
java.io.IOException: java.nio.channels.ClosedChannelException
	at java.base/java.nio.channels.Channels$1.read(Channels.java:166)
	at com.github.dockerjava.zerodep.shaded.org.apache.hc.client5.http.impl.io.LoggingInputStream.read(LoggingInputStream.java:81)
	at com.github.dockerjava.zerodep.shaded.org.apache.hc.core5.http.impl.io.SessionInputBufferImpl.fillBuffer(SessionInputBufferImpl.java:149)
	at com.github.dockerjava.zerodep.shaded.org.apache.hc.core5.http.impl.io.SessionInputBufferImpl.readLine(SessionInputBufferImpl.java:280)
	at com.github.dockerjava.zerodep.shaded.org.apache.hc.core5.http.impl.io.ChunkedInputStream.getChunkSize(ChunkedInputStream.java:261)
	at com.github.dockerjava.zerodep.shaded.org.apache.hc.core5.http.impl.io.ChunkedInputStream.nextChunk(ChunkedInputStream.java:222)
	at com.github.dockerjava.zerodep.shaded.org.apache.hc.core5.http.impl.io.ChunkedInputStream.read(ChunkedInputStream.java:147)
	at com.github.dockerjava.zerodep.shaded.org.apache.hc.core5.http.impl.io.ChunkedInputStream.close(ChunkedInputStream.java:314)
	at com.github.dockerjava.zerodep.shaded.org.apache.hc.core5.io.Closer.close(Closer.java:48)
	at com.github.dockerjava.zerodep.shaded.org.apache.hc.core5.http.impl.io.IncomingHttpEntity.close(IncomingHttpEntity.java:111)
	at com.github.dockerjava.zerodep.shaded.org.apache.hc.core5.http.io.entity.HttpEntityWrapper.close(HttpEntityWrapper.java:120)
	at com.github.dockerjava.zerodep.shaded.org.apache.hc.core5.io.Closer.close(Closer.java:48)
	at com.github.dockerjava.zerodep.shaded.org.apache.hc.core5.http.message.BasicClassicHttpResponse.close(BasicClassicHttpResponse.java:93)
	at com.github.dockerjava.zerodep.shaded.org.apache.hc.client5.http.impl.classic.CloseableHttpResponse.close(CloseableHttpResponse.java:200)
	at com.github.dockerjava.zerodep.ApacheDockerHttpClientImpl$ApacheResponse.close(ApacheDockerHttpClientImpl.java:256)
	at org.testcontainers.shaded.com.github.dockerjava.core.DefaultInvocationBuilder.lambda$null$0(DefaultInvocationBuilder.java:272)
	at com.github.dockerjava.api.async.ResultCallbackTemplate.close(ResultCallbackTemplate.java:77)
	at org.testcontainers.containers.output.FrameConsumerResultCallback.close(FrameConsumerResultCallback.java:69)
	at org.testcontainers.containers.wait.strategy.LogMessageWaitStrategy.waitUntilReady(LogMessageWaitStrategy.java:49)
	at org.testcontainers.containers.wait.strategy.AbstractWaitStrategy.waitUntilReady(AbstractWaitStrategy.java:52)
	at org.testcontainers.containers.wait.strategy.WaitAllStrategy.waitUntilNestedStrategiesAreReady(WaitAllStrategy.java:66)
	at org.testcontainers.containers.wait.strategy.WaitAllStrategy.lambda$waitUntilReady$0(WaitAllStrategy.java:58)
	at java.base/java.util.concurrent.Executors$RunnableAdapter.call(Executors.java:572)
	at java.base/java.util.concurrent.FutureTask.run(FutureTask.java:317)
	at java.base/java.util.concurrent.ThreadPoolExecutor.runWorker(ThreadPoolExecutor.java:1144)
	at java.base/java.util.concurrent.ThreadPoolExecutor$Worker.run(ThreadPoolExecutor.java:642)
	at java.base/java.lang.Thread.run(Thread.java:1583)
Caused by: java.nio.channels.ClosedChannelException: null
	at java.base/sun.nio.ch.WindowsAsynchronousFileChannelImpl.implRead(WindowsAsynchronousFileChannelImpl.java:521)
	at java.base/sun.nio.ch.AsynchronousFileChannelImpl.read(AsynchronousFileChannelImpl.java:229)
	at com.github.dockerjava.transport.NamedPipeSocket$AsynchronousFileByteChannel.read(NamedPipeSocket.java:117)
	at java.base/java.nio.channels.Channels$1.read(Channels.java:164)
	... 26 common frames omitted
15:11:14.228 [docker-java-stream--1863251421] DEBUG com.github.dockerjava.zerodep.ApacheDockerHttpClientImpl$ApacheResponse -- Failed to close the response
java.io.IOException: java.nio.channels.ClosedChannelException
	at java.base/java.nio.channels.Channels$1.read(Channels.java:166)
	at com.github.dockerjava.zerodep.shaded.org.apache.hc.client5.http.impl.io.LoggingInputStream.read(LoggingInputStream.java:81)
	at com.github.dockerjava.zerodep.shaded.org.apache.hc.core5.http.impl.io.SessionInputBufferImpl.fillBuffer(SessionInputBufferImpl.java:149)
	at com.github.dockerjava.zerodep.shaded.org.apache.hc.core5.http.impl.io.SessionInputBufferImpl.readLine(SessionInputBufferImpl.java:280)
	at com.github.dockerjava.zerodep.shaded.org.apache.hc.core5.http.impl.io.ChunkedInputStream.getChunkSize(ChunkedInputStream.java:261)
	at com.github.dockerjava.zerodep.shaded.org.apache.hc.core5.http.impl.io.ChunkedInputStream.nextChunk(ChunkedInputStream.java:222)
	at com.github.dockerjava.zerodep.shaded.org.apache.hc.core5.http.impl.io.ChunkedInputStream.read(ChunkedInputStream.java:147)
	at com.github.dockerjava.zerodep.shaded.org.apache.hc.core5.http.impl.io.ChunkedInputStream.close(ChunkedInputStream.java:314)
	at com.github.dockerjava.zerodep.shaded.org.apache.hc.core5.io.Closer.close(Closer.java:48)
	at com.github.dockerjava.zerodep.shaded.org.apache.hc.core5.http.impl.io.IncomingHttpEntity.close(IncomingHttpEntity.java:111)
	at com.github.dockerjava.zerodep.shaded.org.apache.hc.core5.http.io.entity.HttpEntityWrapper.close(HttpEntityWrapper.java:120)
	at com.github.dockerjava.zerodep.shaded.org.apache.hc.core5.io.Closer.close(Closer.java:48)
	at com.github.dockerjava.zerodep.shaded.org.apache.hc.core5.http.message.BasicClassicHttpResponse.close(BasicClassicHttpResponse.java:93)
	at com.github.dockerjava.zerodep.shaded.org.apache.hc.client5.http.impl.classic.CloseableHttpResponse.close(CloseableHttpResponse.java:200)
	at com.github.dockerjava.zerodep.ApacheDockerHttpClientImpl$ApacheResponse.close(ApacheDockerHttpClientImpl.java:256)
	at org.testcontainers.shaded.com.github.dockerjava.core.DefaultInvocationBuilder.lambda$executeAndStream$1(DefaultInvocationBuilder.java:277)
	at java.base/java.lang.Thread.run(Thread.java:1583)
Caused by: java.nio.channels.ClosedChannelException: null
	at java.base/sun.nio.ch.WindowsAsynchronousFileChannelImpl.implRead(WindowsAsynchronousFileChannelImpl.java:521)
	at java.base/sun.nio.ch.AsynchronousFileChannelImpl.read(AsynchronousFileChannelImpl.java:229)
	at com.github.dockerjava.transport.NamedPipeSocket$AsynchronousFileByteChannel.read(NamedPipeSocket.java:117)
	at java.base/java.nio.channels.Channels$1.read(Channels.java:164)
	... 16 common frames omitted
15:11:14.235 [testcontainers-wait-0] DEBUG org.testcontainers.containers.ExecInContainerPattern -- /determined_cori: Running "exec" command: /bin/sh -c while true; do ( true  &&  (grep -i ':0*115c' /proc/net/tcp* || nc -vz -w 1 localhost 4444 || /bin/bash -c '</dev/tcp/localhost/4444') &&  (grep -i ':0*170c' /proc/net/tcp* || nc -vz -w 1 localhost 5900 || /bin/bash -c '</dev/tcp/localhost/5900') ) && exit 0 || sleep 0.1; done
15:11:14.236 [testcontainers-wait-1] DEBUG org.testcontainers.shaded.com.github.dockerjava.core.command.AbstrDockerCmd -- Cmd: af0c423b62dbf0dcc8cbb6c99b3a76141120cdd01e03e7ce9d8c641df2585cf1,false
15:11:14.237 [testcontainers-wait-1] DEBUG org.testcontainers.shaded.com.github.dockerjava.core.exec.InspectContainerCmdExec -- GET: DefaultWebTarget{path=[/containers/af0c423b62dbf0dcc8cbb6c99b3a76141120cdd01e03e7ce9d8c641df2585cf1/json], queryParams={}}
15:11:14.237 [testcontainers-wait-1] DEBUG com.github.dockerjava.zerodep.shaded.org.apache.hc.client5.http.impl.classic.InternalHttpClient -- ex-00000013: preparing request execution
15:11:14.237 [testcontainers-wait-1] DEBUG com.github.dockerjava.zerodep.shaded.org.apache.hc.client5.http.protocol.RequestAddCookies -- Cookie spec selected: strict
15:11:14.237 [testcontainers-wait-1] DEBUG com.github.dockerjava.zerodep.shaded.org.apache.hc.client5.http.protocol.RequestAuthCache -- Auth cache not set in the context
15:11:14.237 [testcontainers-wait-1] DEBUG com.github.dockerjava.zerodep.shaded.org.apache.hc.client5.http.impl.classic.ProtocolExec -- ex-00000013: target auth state: UNCHALLENGED
15:11:14.237 [testcontainers-wait-1] DEBUG com.github.dockerjava.zerodep.shaded.org.apache.hc.client5.http.impl.classic.ProtocolExec -- ex-00000013: proxy auth state: UNCHALLENGED
15:11:14.237 [testcontainers-wait-1] DEBUG com.github.dockerjava.zerodep.shaded.org.apache.hc.client5.http.impl.classic.ConnectExec -- ex-00000013: acquiring connection with route {}->npipe://localhost:2375
15:11:14.236 [testcontainers-wait-0] DEBUG org.testcontainers.shaded.com.github.dockerjava.core.command.AbstrDockerCmd -- Cmd: true,<null>,true,{/bin/sh,-c,while true; do ( true  &&  (grep -i ':0*115c' /proc/net/tcp* || nc -vz -w 1 localhost 4444 || /bin/bash -c '</dev/tcp/localhost/4444') &&  (grep -i ':0*170c' /proc/net/tcp* || nc -vz -w 1 localhost 5900 || /bin/bash -c '</dev/tcp/localhost/5900') ) && exit 0 || sleep 0.1; done},af0c423b62dbf0dcc8cbb6c99b3a76141120cdd01e03e7ce9d8c641df2585cf1,<null>,<null>,<null>,<null>,<null>
15:11:14.237 [testcontainers-wait-1] DEBUG com.github.dockerjava.zerodep.shaded.org.apache.hc.client5.http.impl.classic.InternalHttpClient -- ex-00000013: acquiring endpoint (3 MINUTES)
15:11:14.237 [testcontainers-wait-1] DEBUG com.github.dockerjava.zerodep.shaded.org.apache.hc.client5.http.impl.io.PoolingHttpClientConnectionManager -- ex-00000013: endpoint lease request (3 MINUTES) [route: {}->npipe://localhost:2375][total available: 0; route allocated: 0 of 2147483647; total allocated: 0 of 2147483647]
15:11:14.237 [testcontainers-wait-1] DEBUG com.github.dockerjava.zerodep.shaded.org.apache.hc.client5.http.impl.io.PoolingHttpClientConnectionManager -- ex-00000013: endpoint leased [route: {}->npipe://localhost:2375][total available: 0; route allocated: 1 of 2147483647; total allocated: 1 of 2147483647]
15:11:14.237 [testcontainers-wait-1] DEBUG com.github.dockerjava.zerodep.shaded.org.apache.hc.client5.http.impl.io.PoolingHttpClientConnectionManager -- ex-00000013: acquired ep-00000012
15:11:14.237 [testcontainers-wait-1] DEBUG com.github.dockerjava.zerodep.shaded.org.apache.hc.client5.http.impl.classic.InternalHttpClient -- ex-00000013: acquired endpoint ep-00000012
15:11:14.237 [testcontainers-wait-1] DEBUG com.github.dockerjava.zerodep.shaded.org.apache.hc.client5.http.impl.classic.ConnectExec -- ex-00000013: opening connection {}->npipe://localhost:2375
15:11:14.238 [testcontainers-wait-1] DEBUG com.github.dockerjava.zerodep.shaded.org.apache.hc.client5.http.impl.classic.InternalHttpClient -- ep-00000012: connecting endpoint (3 MINUTES)
15:11:14.238 [testcontainers-wait-1] DEBUG com.github.dockerjava.zerodep.shaded.org.apache.hc.client5.http.impl.io.PoolingHttpClientConnectionManager -- ep-00000012: connecting endpoint to npipe://localhost:2375 (3 MINUTES)
15:11:14.238 [testcontainers-wait-1] DEBUG com.github.dockerjava.zerodep.shaded.org.apache.hc.client5.http.impl.io.DefaultHttpClientConnectionOperator -- http-outgoing-2: connecting to localhost/127.0.0.1:2375
15:11:14.238 [testcontainers-wait-1] DEBUG com.github.dockerjava.zerodep.shaded.org.apache.hc.client5.http.impl.io.DefaultHttpClientConnectionOperator -- http-outgoing-2: connection established 
15:11:14.238 [testcontainers-wait-1] DEBUG com.github.dockerjava.zerodep.shaded.org.apache.hc.client5.http.impl.io.PoolingHttpClientConnectionManager -- ep-00000012: connected http-outgoing-2
15:11:14.238 [testcontainers-wait-1] DEBUG com.github.dockerjava.zerodep.shaded.org.apache.hc.client5.http.impl.classic.InternalHttpClient -- ep-00000012: endpoint connected
15:11:14.238 [testcontainers-wait-1] DEBUG com.github.dockerjava.zerodep.shaded.org.apache.hc.client5.http.impl.classic.MainClientExec -- ex-00000013: executing GET /v1.32/containers/af0c423b62dbf0dcc8cbb6c99b3a76141120cdd01e03e7ce9d8c641df2585cf1/json HTTP/1.1
15:11:14.238 [testcontainers-wait-1] DEBUG com.github.dockerjava.zerodep.shaded.org.apache.hc.client5.http.impl.classic.InternalHttpClient -- ep-00000012: start execution ex-00000013
15:11:14.238 [testcontainers-wait-1] DEBUG com.github.dockerjava.zerodep.shaded.org.apache.hc.client5.http.impl.io.PoolingHttpClientConnectionManager -- ep-00000012: executing exchange ex-00000013 over http-outgoing-2
15:11:14.239 [testcontainers-wait-1] DEBUG com.github.dockerjava.zerodep.shaded.org.apache.hc.client5.http.headers -- http-outgoing-2 >> GET /v1.32/containers/af0c423b62dbf0dcc8cbb6c99b3a76141120cdd01e03e7ce9d8c641df2585cf1/json HTTP/1.1
15:11:14.239 [testcontainers-wait-1] DEBUG com.github.dockerjava.zerodep.shaded.org.apache.hc.client5.http.headers -- http-outgoing-2 >> accept: application/json
15:11:14.239 [testcontainers-wait-1] DEBUG com.github.dockerjava.zerodep.shaded.org.apache.hc.client5.http.headers -- http-outgoing-2 >> x-tc-sid: 19636001-dfb0-4a92-a4d9-9b302f9285c4
15:11:14.239 [testcontainers-wait-1] DEBUG com.github.dockerjava.zerodep.shaded.org.apache.hc.client5.http.headers -- http-outgoing-2 >> User-Agent: tc-java/1.19.3
15:11:14.239 [testcontainers-wait-1] DEBUG com.github.dockerjava.zerodep.shaded.org.apache.hc.client5.http.headers -- http-outgoing-2 >> Accept-Encoding: gzip, x-gzip, deflate
15:11:14.239 [testcontainers-wait-1] DEBUG com.github.dockerjava.zerodep.shaded.org.apache.hc.client5.http.headers -- http-outgoing-2 >> Host: localhost:2375
15:11:14.239 [testcontainers-wait-1] DEBUG com.github.dockerjava.zerodep.shaded.org.apache.hc.client5.http.headers -- http-outgoing-2 >> Connection: keep-alive
15:11:14.239 [testcontainers-wait-1] DEBUG com.github.dockerjava.zerodep.shaded.org.apache.hc.client5.http.wire -- http-outgoing-2 >> "GET /v1.32/containers/af0c423b62dbf0dcc8cbb6c99b3a76141120cdd01e03e7ce9d8c641df2585cf1/json HTTP/1.1[\r][\n]"
15:11:14.239 [testcontainers-wait-1] DEBUG com.github.dockerjava.zerodep.shaded.org.apache.hc.client5.http.wire -- http-outgoing-2 >> "accept: application/json[\r][\n]"
15:11:14.239 [testcontainers-wait-1] DEBUG com.github.dockerjava.zerodep.shaded.org.apache.hc.client5.http.wire -- http-outgoing-2 >> "x-tc-sid: 19636001-dfb0-4a92-a4d9-9b302f9285c4[\r][\n]"
15:11:14.239 [testcontainers-wait-1] DEBUG com.github.dockerjava.zerodep.shaded.org.apache.hc.client5.http.wire -- http-outgoing-2 >> "User-Agent: tc-java/1.19.3[\r][\n]"
15:11:14.239 [testcontainers-wait-1] DEBUG com.github.dockerjava.zerodep.shaded.org.apache.hc.client5.http.wire -- http-outgoing-2 >> "Accept-Encoding: gzip, x-gzip, deflate[\r][\n]"
15:11:14.239 [testcontainers-wait-1] DEBUG com.github.dockerjava.zerodep.shaded.org.apache.hc.client5.http.wire -- http-outgoing-2 >> "Host: localhost:2375[\r][\n]"
15:11:14.239 [testcontainers-wait-1] DEBUG com.github.dockerjava.zerodep.shaded.org.apache.hc.client5.http.wire -- http-outgoing-2 >> "Connection: keep-alive[\r][\n]"
15:11:14.239 [testcontainers-wait-1] DEBUG com.github.dockerjava.zerodep.shaded.org.apache.hc.client5.http.wire -- http-outgoing-2 >> "[\r][\n]"
15:11:14.239 [testcontainers-wait-0] DEBUG com.github.dockerjava.zerodep.shaded.org.apache.hc.client5.http.impl.classic.InternalHttpClient -- ex-00000014: preparing request execution
15:11:14.239 [testcontainers-wait-0] DEBUG com.github.dockerjava.zerodep.shaded.org.apache.hc.client5.http.protocol.RequestAddCookies -- Cookie spec selected: strict
15:11:14.240 [testcontainers-wait-0] DEBUG com.github.dockerjava.zerodep.shaded.org.apache.hc.client5.http.protocol.RequestAuthCache -- Auth cache not set in the context
15:11:14.240 [testcontainers-wait-0] DEBUG com.github.dockerjava.zerodep.shaded.org.apache.hc.client5.http.impl.classic.ProtocolExec -- ex-00000014: target auth state: UNCHALLENGED
15:11:14.240 [testcontainers-wait-0] DEBUG com.github.dockerjava.zerodep.shaded.org.apache.hc.client5.http.impl.classic.ProtocolExec -- ex-00000014: proxy auth state: UNCHALLENGED
15:11:14.240 [testcontainers-wait-0] DEBUG com.github.dockerjava.zerodep.shaded.org.apache.hc.client5.http.impl.classic.ConnectExec -- ex-00000014: acquiring connection with route {}->npipe://localhost:2375
15:11:14.240 [testcontainers-wait-0] DEBUG com.github.dockerjava.zerodep.shaded.org.apache.hc.client5.http.impl.classic.InternalHttpClient -- ex-00000014: acquiring endpoint (3 MINUTES)
15:11:14.240 [testcontainers-wait-0] DEBUG com.github.dockerjava.zerodep.shaded.org.apache.hc.client5.http.impl.io.PoolingHttpClientConnectionManager -- ex-00000014: endpoint lease request (3 MINUTES) [route: {}->npipe://localhost:2375][total available: 0; route allocated: 1 of 2147483647; total allocated: 1 of 2147483647]
15:11:14.240 [testcontainers-wait-0] DEBUG com.github.dockerjava.zerodep.shaded.org.apache.hc.client5.http.impl.io.PoolingHttpClientConnectionManager -- ex-00000014: endpoint leased [route: {}->npipe://localhost:2375][total available: 0; route allocated: 2 of 2147483647; total allocated: 2 of 2147483647]
15:11:14.240 [testcontainers-wait-0] DEBUG com.github.dockerjava.zerodep.shaded.org.apache.hc.client5.http.impl.io.PoolingHttpClientConnectionManager -- ex-00000014: acquired ep-00000013
15:11:14.240 [testcontainers-wait-0] DEBUG com.github.dockerjava.zerodep.shaded.org.apache.hc.client5.http.impl.classic.InternalHttpClient -- ex-00000014: acquired endpoint ep-00000013
15:11:14.240 [testcontainers-wait-0] DEBUG com.github.dockerjava.zerodep.shaded.org.apache.hc.client5.http.impl.classic.ConnectExec -- ex-00000014: opening connection {}->npipe://localhost:2375
15:11:14.240 [testcontainers-wait-0] DEBUG com.github.dockerjava.zerodep.shaded.org.apache.hc.client5.http.impl.classic.InternalHttpClient -- ep-00000013: connecting endpoint (3 MINUTES)
15:11:14.240 [testcontainers-wait-0] DEBUG com.github.dockerjava.zerodep.shaded.org.apache.hc.client5.http.impl.io.PoolingHttpClientConnectionManager -- ep-00000013: connecting endpoint to npipe://localhost:2375 (3 MINUTES)
15:11:14.241 [testcontainers-wait-0] DEBUG com.github.dockerjava.zerodep.shaded.org.apache.hc.client5.http.impl.io.DefaultHttpClientConnectionOperator -- http-outgoing-3: connecting to localhost/127.0.0.1:2375
15:11:14.241 [testcontainers-wait-0] DEBUG com.github.dockerjava.zerodep.shaded.org.apache.hc.client5.http.impl.io.DefaultHttpClientConnectionOperator -- http-outgoing-3: connection established 
15:11:14.241 [testcontainers-wait-0] DEBUG com.github.dockerjava.zerodep.shaded.org.apache.hc.client5.http.impl.io.PoolingHttpClientConnectionManager -- ep-00000013: connected http-outgoing-3
15:11:14.241 [testcontainers-wait-0] DEBUG com.github.dockerjava.zerodep.shaded.org.apache.hc.client5.http.impl.classic.InternalHttpClient -- ep-00000013: endpoint connected
15:11:14.241 [testcontainers-wait-0] DEBUG com.github.dockerjava.zerodep.shaded.org.apache.hc.client5.http.impl.classic.MainClientExec -- ex-00000014: executing POST /v1.32/containers/af0c423b62dbf0dcc8cbb6c99b3a76141120cdd01e03e7ce9d8c641df2585cf1/exec HTTP/1.1
15:11:14.241 [testcontainers-wait-0] DEBUG com.github.dockerjava.zerodep.shaded.org.apache.hc.client5.http.impl.classic.InternalHttpClient -- ep-00000013: start execution ex-00000014
15:11:14.241 [testcontainers-wait-0] DEBUG com.github.dockerjava.zerodep.shaded.org.apache.hc.client5.http.impl.io.PoolingHttpClientConnectionManager -- ep-00000013: executing exchange ex-00000014 over http-outgoing-3
15:11:14.241 [testcontainers-wait-0] DEBUG com.github.dockerjava.zerodep.shaded.org.apache.hc.client5.http.headers -- http-outgoing-3 >> POST /v1.32/containers/af0c423b62dbf0dcc8cbb6c99b3a76141120cdd01e03e7ce9d8c641df2585cf1/exec HTTP/1.1
15:11:14.241 [testcontainers-wait-0] DEBUG com.github.dockerjava.zerodep.shaded.org.apache.hc.client5.http.headers -- http-outgoing-3 >> accept: application/json
15:11:14.241 [testcontainers-wait-0] DEBUG com.github.dockerjava.zerodep.shaded.org.apache.hc.client5.http.headers -- http-outgoing-3 >> content-type: application/json
15:11:14.241 [testcontainers-wait-0] DEBUG com.github.dockerjava.zerodep.shaded.org.apache.hc.client5.http.headers -- http-outgoing-3 >> x-tc-sid: 19636001-dfb0-4a92-a4d9-9b302f9285c4
15:11:14.241 [testcontainers-wait-0] DEBUG com.github.dockerjava.zerodep.shaded.org.apache.hc.client5.http.headers -- http-outgoing-3 >> User-Agent: tc-java/1.19.3
15:11:14.241 [testcontainers-wait-0] DEBUG com.github.dockerjava.zerodep.shaded.org.apache.hc.client5.http.headers -- http-outgoing-3 >> Accept-Encoding: gzip, x-gzip, deflate
15:11:14.241 [testcontainers-wait-0] DEBUG com.github.dockerjava.zerodep.shaded.org.apache.hc.client5.http.headers -- http-outgoing-3 >> Content-Length: 514
15:11:14.241 [testcontainers-wait-0] DEBUG com.github.dockerjava.zerodep.shaded.org.apache.hc.client5.http.headers -- http-outgoing-3 >> Host: localhost:2375
15:11:14.241 [testcontainers-wait-0] DEBUG com.github.dockerjava.zerodep.shaded.org.apache.hc.client5.http.headers -- http-outgoing-3 >> Connection: keep-alive
15:11:14.241 [testcontainers-wait-0] DEBUG com.github.dockerjava.zerodep.shaded.org.apache.hc.client5.http.wire -- http-outgoing-3 >> "POST /v1.32/containers/af0c423b62dbf0dcc8cbb6c99b3a76141120cdd01e03e7ce9d8c641df2585cf1/exec HTTP/1.1[\r][\n]"
15:11:14.241 [testcontainers-wait-0] DEBUG com.github.dockerjava.zerodep.shaded.org.apache.hc.client5.http.wire -- http-outgoing-3 >> "accept: application/json[\r][\n]"
15:11:14.241 [testcontainers-wait-0] DEBUG com.github.dockerjava.zerodep.shaded.org.apache.hc.client5.http.wire -- http-outgoing-3 >> "content-type: application/json[\r][\n]"
15:11:14.241 [testcontainers-wait-0] DEBUG com.github.dockerjava.zerodep.shaded.org.apache.hc.client5.http.wire -- http-outgoing-3 >> "x-tc-sid: 19636001-dfb0-4a92-a4d9-9b302f9285c4[\r][\n]"
15:11:14.241 [testcontainers-wait-0] DEBUG com.github.dockerjava.zerodep.shaded.org.apache.hc.client5.http.wire -- http-outgoing-3 >> "User-Agent: tc-java/1.19.3[\r][\n]"
15:11:14.241 [testcontainers-wait-0] DEBUG com.github.dockerjava.zerodep.shaded.org.apache.hc.client5.http.wire -- http-outgoing-3 >> "Accept-Encoding: gzip, x-gzip, deflate[\r][\n]"
15:11:14.241 [testcontainers-wait-0] DEBUG com.github.dockerjava.zerodep.shaded.org.apache.hc.client5.http.wire -- http-outgoing-3 >> "Content-Length: 514[\r][\n]"
15:11:14.241 [testcontainers-wait-0] DEBUG com.github.dockerjava.zerodep.shaded.org.apache.hc.client5.http.wire -- http-outgoing-3 >> "Host: localhost:2375[\r][\n]"
15:11:14.241 [testcontainers-wait-0] DEBUG com.github.dockerjava.zerodep.shaded.org.apache.hc.client5.http.wire -- http-outgoing-3 >> "Connection: keep-alive[\r][\n]"
15:11:14.241 [testcontainers-wait-0] DEBUG com.github.dockerjava.zerodep.shaded.org.apache.hc.client5.http.wire -- http-outgoing-3 >> "[\r][\n]"
15:11:14.241 [testcontainers-wait-0] DEBUG com.github.dockerjava.zerodep.shaded.org.apache.hc.client5.http.wire -- http-outgoing-3 >> "{"containerId":"af0c423b62dbf0dcc8cbb6c99b3a76141120cdd01e03e7ce9d8c641df2585cf1","AttachStdin":null,"AttachStdout":true,"AttachStderr":true,"Tty":null,"Privileged":null,"User":null,"Cmd":["/bin/sh","-c","while true; do ( true  &&  (grep -i ':0*115c' /proc/net/tcp* || nc -vz -w 1 localhost 4444 || /bin/bash -c '</dev/tcp/localhost/4444') &&  (grep -i ':0*170c' /proc/net/tcp* || nc -vz -w 1 localhost 5900 || /bin/bash -c '</dev/tcp/localhost/5900') ) && exit 0 || sleep 0.1; done"],"Env":null,"WorkingDir":null}"
15:11:14.244 [testcontainers-wait-1] DEBUG com.github.dockerjava.zerodep.shaded.org.apache.hc.client5.http.wire -- http-outgoing-2 << "HTTP/1.1 200 OK[\r][\n]"
15:11:14.244 [testcontainers-wait-1] DEBUG com.github.dockerjava.zerodep.shaded.org.apache.hc.client5.http.wire -- http-outgoing-2 << "Api-Version: 1.47[\r][\n]"
15:11:14.244 [testcontainers-wait-1] DEBUG com.github.dockerjava.zerodep.shaded.org.apache.hc.client5.http.wire -- http-outgoing-2 << "Content-Type: application/json[\r][\n]"
15:11:14.244 [testcontainers-wait-1] DEBUG com.github.dockerjava.zerodep.shaded.org.apache.hc.client5.http.wire -- http-outgoing-2 << "Date: Fri, 02 May 2025 13:11:14 GMT[\r][\n]"
15:11:14.244 [testcontainers-wait-1] DEBUG com.github.dockerjava.zerodep.shaded.org.apache.hc.client5.http.wire -- http-outgoing-2 << "Docker-Experimental: false[\r][\n]"
15:11:14.244 [testcontainers-wait-1] DEBUG com.github.dockerjava.zerodep.shaded.org.apache.hc.client5.http.wire -- http-outgoing-2 << "Ostype: linux[\r][\n]"
15:11:14.244 [testcontainers-wait-1] DEBUG com.github.dockerjava.zerodep.shaded.org.apache.hc.client5.http.wire -- http-outgoing-2 << "Server: Docker/27.5.1 (linux)[\r][\n]"
15:11:14.244 [testcontainers-wait-1] DEBUG com.github.dockerjava.zerodep.shaded.org.apache.hc.client5.http.wire -- http-outgoing-2 << "Transfer-Encoding: chunked[\r][\n]"
15:11:14.244 [testcontainers-wait-1] DEBUG com.github.dockerjava.zerodep.shaded.org.apache.hc.client5.http.wire -- http-outgoing-2 << "[\r][\n]"
15:11:14.244 [testcontainers-wait-1] DEBUG com.github.dockerjava.zerodep.shaded.org.apache.hc.client5.http.headers -- http-outgoing-2 << HTTP/1.1 200 OK
15:11:14.244 [testcontainers-wait-1] DEBUG com.github.dockerjava.zerodep.shaded.org.apache.hc.client5.http.headers -- http-outgoing-2 << Api-Version: 1.47
15:11:14.244 [testcontainers-wait-1] DEBUG com.github.dockerjava.zerodep.shaded.org.apache.hc.client5.http.headers -- http-outgoing-2 << Content-Type: application/json
15:11:14.244 [testcontainers-wait-1] DEBUG com.github.dockerjava.zerodep.shaded.org.apache.hc.client5.http.headers -- http-outgoing-2 << Date: Fri, 02 May 2025 13:11:14 GMT
15:11:14.244 [testcontainers-wait-1] DEBUG com.github.dockerjava.zerodep.shaded.org.apache.hc.client5.http.headers -- http-outgoing-2 << Docker-Experimental: false
15:11:14.244 [testcontainers-wait-1] DEBUG com.github.dockerjava.zerodep.shaded.org.apache.hc.client5.http.headers -- http-outgoing-2 << Ostype: linux
15:11:14.244 [testcontainers-wait-1] DEBUG com.github.dockerjava.zerodep.shaded.org.apache.hc.client5.http.headers -- http-outgoing-2 << Server: Docker/27.5.1 (linux)
15:11:14.245 [testcontainers-wait-1] DEBUG com.github.dockerjava.zerodep.shaded.org.apache.hc.client5.http.headers -- http-outgoing-2 << Transfer-Encoding: chunked
15:11:14.245 [testcontainers-wait-1] DEBUG com.github.dockerjava.zerodep.shaded.org.apache.hc.client5.http.impl.classic.MainClientExec -- ex-00000013: connection can be kept alive for 3 MINUTES
15:11:14.247 [testcontainers-wait-1] DEBUG com.github.dockerjava.zerodep.shaded.org.apache.hc.client5.http.wire -- http-outgoing-2 << "170a[\r][\n]"
15:11:14.248 [testcontainers-wait-1] DEBUG com.github.dockerjava.zerodep.shaded.org.apache.hc.client5.http.wire -- http-outgoing-2 << "{"Id":"af0c423b62dbf0dcc8cbb6c99b3a76141120cdd01e03e7ce9d8c641df2585cf1","Created":"2025-05-02T13:11:07.988967359Z","Path":"/opt/bin/entry_point.sh","Args":[],"State":{"Status":"running","Running":true,"Paused":false,"Restarting":false,"OOMKilled":false,"Dead":false,"Pid":26338,"ExitCode":0,"Error":"","StartedAt":"2025-05-02T13:11:08.299204928Z","FinishedAt":"0001-01-01T00:00:00Z"},"Image":"sha256:98a4acf36526b42162e80e32b36ba7e5cd93e15cb0f2ca510d6fc3fe655edf92","ResolvConfPath":"/var/lib/docker/containers/af0c423b62dbf0dcc8cbb6c99b3a76141120cdd01e03e7ce9d8c641df2585cf1/resolv.conf","HostnamePath":"/var/lib/docker/containers/af0c423b62dbf0dcc8cbb6c99b3a76141120cdd01e03e7ce9d8c641df2585cf1/hostname","HostsPath":"/var/lib/docker/containers/af0c423b62dbf0dcc8cbb6c99b3a76141120cdd01e03e7ce9d8c641df2585cf1/hosts","LogPath":"/var/lib/docker/containers/af0c423b62dbf0dcc8cbb6c99b3a76141120cdd01e03e7ce9d8c641df2585cf1/af0c423b62dbf0dcc8cbb6c99b3a76141120cdd01e03e7ce9d8c641df2585cf1-json.log","Name":"/determined_cori","RestartCount":0,"Driver":"overlayfs","Platform":"linux","MountLabel":"","ProcessLabel":"","AppArmorProfile":"","ExecIDs":null,"HostConfig":{"Binds":[],"ContainerIDFile":"","LogConfig":{"Type":"json-file","Config":{}},"NetworkMode":"f616b05dd96dd6b6e63724e496eb83a1d4e976e96a5b268a96925535349cd985","PortBindings":{"4444/tcp":[{"HostIp":"0.0.0.0","HostPort":"0"}],"5900/tcp":[{"HostIp":"0.0.0.0","HostPort":"0"}]},"RestartPolicy":{"Name":"no","MaximumRetryCount":0},"AutoRemove":false,"VolumeDriver":"","VolumesFrom":[],"ConsoleSize":[0,0],"CapAdd":null,"CapDrop":null,"CgroupnsMode":"host","Dns":null,"DnsOptions":null,"DnsSearch":null,"ExtraHosts":[],"GroupAdd":null,"IpcMode":"shareable","Cgroup":"","Links":null,"OomScoreAdj":0,"PidMode":"","Privileged":false,"PublishAllPorts":false,"ReadonlyRootfs":false,"SecurityOpt":null,"UTSMode":"","UsernsMode":"","ShmSize":536870912,"Runtime":"runc","Isolation":"","CpuShares":0,"Memory":0,"NanoCpus":0,"CgroupParent":"","BlkioWeight":0,"BlkioWeightDevice":null,"BlkioDeviceReadBps":null,"BlkioDeviceWriteBps":null,"BlkioDeviceReadIOps":null,"BlkioDeviceWriteIOps":null,"CpuPeriod":0,"CpuQuota":0,"CpuRealtimePeriod":0,"CpuRealtimeRuntime":0,"CpusetCpus":"","CpusetMems":"","Devices":null,"DeviceCgroupRules":null,"DeviceRequests":null,"MemoryReservation":0,"MemorySwap":0,"MemorySwappiness":null,"OomKillDisable":false,"PidsLimit":null,"Ulimits":null,"CpuCount":0,"CpuPercent":0,"IOMaximumIOps":0,"IOMaximumBandwidth":0,"MaskedPaths":["/proc/asound","/proc/acpi","/proc/kcore","/proc/keys","/proc/latency_stats","/proc/timer_list","/proc/timer_stats","/proc/sched_debug","/proc/scsi","/sys/firmware","/sys/devices/virtual/powercap"],"ReadonlyPaths":["/proc/bus","/proc/fs","/proc/irq","/proc/sys","/proc/sysrq-trigger"]},"GraphDriver":{"Data":null,"Name":"overlayfs"},"Mounts":[],"Config":{"Hostname":"af0c423b62db","Domainname":"","User":"1200","AttachStdin":false,"AttachStdout":false,"AttachStderr":false,"ExposedPorts":{"4444/tcp":{},"5900/tcp":{}},"Tty":false,"OpenStdin":false,"StdinOnce":false,"Env":["no_proxy=localhost","TZ=Europe/Madrid","PATH=/usr/local/sbin:/usr/local/bin:/usr/sbin:/usr/bin:/sbin:/bin","DEBIAN_FRONTEND=noninteractive","DEBCONF_NONINTERACTIVE_SEEN=true","SEL_USER=seluser","SEL_UID=1200","SEL_GID=1201","HOME=/home/seluser","SEL_DOWNLOAD_DIR=/Downloads","SE_BIND_HOST=false","SE_REJECT_UNSUPPORTED_CAPS=false","SE_OTEL_JAVA_GLOBAL_AUTOCONFIGURE_ENABLED=true","SE_OTEL_TRACES_EXPORTER=otlp","LANG_WHICH=en","LANG_WHERE=US","ENCODING=UTF-8","LANGUAGE=en_US.UTF-8","LANG=","SE_ENABLE_BROWSER_LEFTOVERS_CLEANUP=false","SE_BROWSER_LEFTOVERS_INTERVAL_SECS=3600","SE_BROWSER_LEFTOVERS_PROCESSES_SECS=7200","SE_BROWSER_LEFTOVERS_TEMPFILES_DAYS=1","SE_DRAIN_AFTER_SESSION_COUNT=0","SE_NODE_MAX_SESSIONS=1","SE_NODE_SESSION_TIMEOUT=300","SE_NODE_OVERRIDE_MAX_SESSIONS=false","SE_NODE_HEARTBEAT_PERIOD=30","SE_OTEL_SERVICE_NAME=selenium-standalone","SE_OFFLINE=true","SE_SCREEN_WIDTH=1360","SE_SCREEN_HEIGHT=1020","SE_SCREEN_DEPTH=24","SE_SCREEN_DPI=96","SE_START_XVFB=true","SE_START_VNC=true","SE_S"
15:11:14.248 [testcontainers-wait-0] DEBUG com.github.dockerjava.zerodep.shaded.org.apache.hc.client5.http.wire -- http-outgoing-3 << "HTTP/1.1 201 Created[\r][\n]"
15:11:14.248 [testcontainers-wait-0] DEBUG com.github.dockerjava.zerodep.shaded.org.apache.hc.client5.http.wire -- http-outgoing-3 << "Api-Version: 1.47[\r][\n]"
15:11:14.248 [testcontainers-wait-0] DEBUG com.github.dockerjava.zerodep.shaded.org.apache.hc.client5.http.wire -- http-outgoing-3 << "Content-Type: application/json[\r][\n]"
15:11:14.248 [testcontainers-wait-0] DEBUG com.github.dockerjava.zerodep.shaded.org.apache.hc.client5.http.wire -- http-outgoing-3 << "Date: Fri, 02 May 2025 13:11:14 GMT[\r][\n]"
15:11:14.248 [testcontainers-wait-0] DEBUG com.github.dockerjava.zerodep.shaded.org.apache.hc.client5.http.wire -- http-outgoing-3 << "Docker-Experimental: false[\r][\n]"
15:11:14.248 [testcontainers-wait-0] DEBUG com.github.dockerjava.zerodep.shaded.org.apache.hc.client5.http.wire -- http-outgoing-3 << "Ostype: linux[\r][\n]"
15:11:14.248 [testcontainers-wait-0] DEBUG com.github.dockerjava.zerodep.shaded.org.apache.hc.client5.http.wire -- http-outgoing-3 << "Server: Docker/27.5.1 (linux)[\r][\n]"
15:11:14.248 [testcontainers-wait-0] DEBUG com.github.dockerjava.zerodep.shaded.org.apache.hc.client5.http.wire -- http-outgoing-3 << "Transfer-Encoding: chunked[\r][\n]"
15:11:14.248 [testcontainers-wait-0] DEBUG com.github.dockerjava.zerodep.shaded.org.apache.hc.client5.http.wire -- http-outgoing-3 << "[\r][\n]"
15:11:14.248 [testcontainers-wait-0] DEBUG com.github.dockerjava.zerodep.shaded.org.apache.hc.client5.http.headers -- http-outgoing-3 << HTTP/1.1 201 Created
15:11:14.248 [testcontainers-wait-0] DEBUG com.github.dockerjava.zerodep.shaded.org.apache.hc.client5.http.headers -- http-outgoing-3 << Api-Version: 1.47
15:11:14.248 [testcontainers-wait-0] DEBUG com.github.dockerjava.zerodep.shaded.org.apache.hc.client5.http.headers -- http-outgoing-3 << Content-Type: application/json
15:11:14.248 [testcontainers-wait-0] DEBUG com.github.dockerjava.zerodep.shaded.org.apache.hc.client5.http.headers -- http-outgoing-3 << Date: Fri, 02 May 2025 13:11:14 GMT
15:11:14.248 [testcontainers-wait-0] DEBUG com.github.dockerjava.zerodep.shaded.org.apache.hc.client5.http.headers -- http-outgoing-3 << Docker-Experimental: false
15:11:14.248 [testcontainers-wait-0] DEBUG com.github.dockerjava.zerodep.shaded.org.apache.hc.client5.http.headers -- http-outgoing-3 << Ostype: linux
15:11:14.248 [testcontainers-wait-0] DEBUG com.github.dockerjava.zerodep.shaded.org.apache.hc.client5.http.headers -- http-outgoing-3 << Server: Docker/27.5.1 (linux)
15:11:14.248 [testcontainers-wait-0] DEBUG com.github.dockerjava.zerodep.shaded.org.apache.hc.client5.http.headers -- http-outgoing-3 << Transfer-Encoding: chunked
15:11:14.248 [testcontainers-wait-0] DEBUG com.github.dockerjava.zerodep.shaded.org.apache.hc.client5.http.impl.classic.MainClientExec -- ex-00000014: connection can be kept alive for 3 MINUTES
15:11:14.249 [testcontainers-wait-0] DEBUG com.github.dockerjava.zerodep.shaded.org.apache.hc.client5.http.wire -- http-outgoing-3 << "4a[\r][\n]"
15:11:14.249 [testcontainers-wait-0] DEBUG com.github.dockerjava.zerodep.shaded.org.apache.hc.client5.http.wire -- http-outgoing-3 << "{"Id":"9009baa8a722aadcef78e9786d913d19498b4ecb451594f1d09ec23965afa10b"}[\n]"
15:11:14.249 [testcontainers-wait-0] DEBUG com.github.dockerjava.zerodep.shaded.org.apache.hc.client5.http.wire -- http-outgoing-3 << "[\r][\n]"
15:11:14.249 [testcontainers-wait-0] DEBUG com.github.dockerjava.zerodep.shaded.org.apache.hc.client5.http.wire -- http-outgoing-3 << "0[\r][\n]"
15:11:14.249 [testcontainers-wait-1] DEBUG com.github.dockerjava.zerodep.shaded.org.apache.hc.client5.http.wire -- http-outgoing-2 << "TART_NO_VNC=true","SE_NO_VNC_PORT=7900","SE_VNC_PORT=5900","DISPLAY=:99.0","DISPLAY_NUM=99","CONFIG_FILE=/opt/selenium/config.toml","GENERATE_CONFIG=true","DBUS_SESSION_BUS_ADDRESS=/dev/null","SE_SESSION_REQUEST_TIMEOUT=300","SE_SESSION_RETRY_INTERVAL=15","SE_HEALTHCHECK_INTERVAL=120","SE_RELAX_CHECKS=true"],"Cmd":["/opt/bin/entry_point.sh"],"Image":"selenium/standalone-chrome:4.20.0","Volumes":null,"WorkingDir":"","Entrypoint":null,"OnBuild":null,"Labels":{"authors":"","org.opencontainers.image.ref.name":"ubuntu","org.opencontainers.image.version":"22.04","org.testcontainers":"true","org.testcontainers.lang":"java","org.testcontainers.sessionId":"19636001-dfb0-4a92-a4d9-9b302f9285c4","org.testcontainers.version":"1.19.3"}},"NetworkSettings":{"Bridge":"","SandboxID":"13f5a1e03c12027977c710db1a91a11ece471fe296b2f2f8a525910e256da982","SandboxKey":"/var/run/docker/netns/13f5a1e03c12","Ports":{"4444/tcp":[{"HostIp":"0.0.0.0","HostPort":"52053"}],"5900/tcp":[{"HostIp":"0.0.0.0","HostPort":"52054"}]},"HairpinMode":false,"LinkLocalIPv6Address":"","LinkLocalIPv6PrefixLen":0,"SecondaryIPAddresses":null,"SecondaryIPv6Addresses":null,"EndpointID":"","Gateway":"","GlobalIPv6Address":"","GlobalIPv6PrefixLen":0,"IPAddress":"","IPPrefixLen":0,"IPv6Gateway":"","MacAddress":"","Networks":{"b469af70-f952-4995-a4ae-aaf8319c1e20":{"IPAMConfig":null,"Links":null,"Aliases":["tc-M7Yg14ma","af0c423b62db"],"MacAddress":"02:42:ac:13:00:02","DriverOpts":null,"NetworkID":"f616b05dd96dd6b6e63724e496eb83a1d4e976e96a5b268a96925535349cd985","EndpointID":"c9ea2b0989ce110f488a13cd7f7a4131831fc98735e83cc0e1df82dd3e7ba069","Gateway":"172.19.0.1","IPAddress":"172.19.0.2","IPPrefixLen":16,"IPv6Gateway":"","GlobalIPv6Address":"","GlobalIPv6PrefixLen":0,"DNSNames":["determined_cori","tc-M7Yg14ma","af0c423b62db"]}}}}[\n]"
15:11:14.249 [testcontainers-wait-0] DEBUG com.github.dockerjava.zerodep.shaded.org.apache.hc.client5.http.wire -- http-outgoing-3 << "[\r][\n]"
15:11:14.251 [testcontainers-wait-0] DEBUG com.github.dockerjava.zerodep.shaded.org.apache.hc.client5.http.impl.classic.InternalHttpClient -- ep-00000013: releasing valid endpoint
15:11:14.251 [testcontainers-wait-0] DEBUG com.github.dockerjava.zerodep.shaded.org.apache.hc.client5.http.impl.io.PoolingHttpClientConnectionManager -- ep-00000013: releasing endpoint
15:11:14.251 [testcontainers-wait-1] DEBUG com.github.dockerjava.zerodep.shaded.org.apache.hc.client5.http.wire -- http-outgoing-2 << "[\r][\n]"
15:11:14.251 [testcontainers-wait-1] DEBUG com.github.dockerjava.zerodep.shaded.org.apache.hc.client5.http.wire -- http-outgoing-2 << "0[\r][\n]"
15:11:14.251 [testcontainers-wait-1] DEBUG com.github.dockerjava.zerodep.shaded.org.apache.hc.client5.http.wire -- http-outgoing-2 << "[\r][\n]"
15:11:14.251 [testcontainers-wait-1] DEBUG com.github.dockerjava.zerodep.shaded.org.apache.hc.client5.http.impl.classic.InternalHttpClient -- ep-00000012: releasing valid endpoint
15:11:14.251 [testcontainers-wait-0] DEBUG com.github.dockerjava.zerodep.shaded.org.apache.hc.client5.http.impl.io.PoolingHttpClientConnectionManager -- ep-00000013: connection http-outgoing-3 can be kept alive for 3 MINUTES
15:11:14.251 [testcontainers-wait-1] DEBUG com.github.dockerjava.zerodep.shaded.org.apache.hc.client5.http.impl.io.PoolingHttpClientConnectionManager -- ep-00000012: releasing endpoint
15:11:14.251 [testcontainers-wait-0] DEBUG com.github.dockerjava.zerodep.shaded.org.apache.hc.client5.http.impl.io.PoolingHttpClientConnectionManager -- ep-00000013: connection released [route: {}->npipe://localhost:2375][total available: 1; route allocated: 2 of 2147483647; total allocated: 2 of 2147483647]
15:11:14.251 [testcontainers-wait-1] DEBUG com.github.dockerjava.zerodep.shaded.org.apache.hc.client5.http.impl.io.PoolingHttpClientConnectionManager -- ep-00000012: connection http-outgoing-2 can be kept alive for 3 MINUTES
15:11:14.251 [testcontainers-wait-1] DEBUG com.github.dockerjava.zerodep.shaded.org.apache.hc.client5.http.impl.io.PoolingHttpClientConnectionManager -- ep-00000012: connection released [route: {}->npipe://localhost:2375][total available: 2; route allocated: 2 of 2147483647; total allocated: 2 of 2147483647]
15:11:14.257 [testcontainers-wait-1] DEBUG org.testcontainers.containers.wait.strategy.HostPortWaitStrategy -- External port check passed for [4444, 5900] mapped as [52053, 52054] in PT0.0229461S
15:11:14.260 [docker-java-stream-1962004025] DEBUG com.github.dockerjava.zerodep.shaded.org.apache.hc.client5.http.impl.classic.InternalHttpClient -- ex-00000015: preparing request execution
15:11:14.261 [docker-java-stream-1962004025] DEBUG com.github.dockerjava.zerodep.shaded.org.apache.hc.client5.http.protocol.RequestAddCookies -- Cookie spec selected: strict
15:11:14.261 [docker-java-stream-1962004025] DEBUG com.github.dockerjava.zerodep.shaded.org.apache.hc.client5.http.protocol.RequestAuthCache -- Auth cache not set in the context
15:11:14.262 [docker-java-stream-1962004025] DEBUG com.github.dockerjava.zerodep.shaded.org.apache.hc.client5.http.impl.classic.ProtocolExec -- ex-00000015: target auth state: UNCHALLENGED
15:11:14.262 [docker-java-stream-1962004025] DEBUG com.github.dockerjava.zerodep.shaded.org.apache.hc.client5.http.impl.classic.ProtocolExec -- ex-00000015: proxy auth state: UNCHALLENGED
15:11:14.262 [docker-java-stream-1962004025] DEBUG com.github.dockerjava.zerodep.shaded.org.apache.hc.client5.http.impl.classic.ConnectExec -- ex-00000015: acquiring connection with route {}->npipe://localhost:2375
15:11:14.262 [docker-java-stream-1962004025] DEBUG com.github.dockerjava.zerodep.shaded.org.apache.hc.client5.http.impl.classic.InternalHttpClient -- ex-00000015: acquiring endpoint (3 MINUTES)
15:11:14.262 [docker-java-stream-1962004025] DEBUG com.github.dockerjava.zerodep.shaded.org.apache.hc.client5.http.impl.io.PoolingHttpClientConnectionManager -- ex-00000015: endpoint lease request (3 MINUTES) [route: {}->npipe://localhost:2375][total available: 2; route allocated: 2 of 2147483647; total allocated: 2 of 2147483647]
15:11:14.262 [docker-java-stream-1962004025] DEBUG com.github.dockerjava.zerodep.shaded.org.apache.hc.client5.http.impl.io.PoolingHttpClientConnectionManager -- ex-00000015: endpoint leased [route: {}->npipe://localhost:2375][total available: 1; route allocated: 2 of 2147483647; total allocated: 2 of 2147483647]
15:11:14.262 [docker-java-stream-1962004025] DEBUG com.github.dockerjava.zerodep.shaded.org.apache.hc.client5.http.impl.io.PoolingHttpClientConnectionManager -- ex-00000015: acquired ep-00000014
15:11:14.262 [docker-java-stream-1962004025] DEBUG com.github.dockerjava.zerodep.shaded.org.apache.hc.client5.http.impl.classic.InternalHttpClient -- ex-00000015: acquired endpoint ep-00000014
15:11:14.262 [docker-java-stream-1962004025] DEBUG com.github.dockerjava.zerodep.shaded.org.apache.hc.client5.http.impl.classic.MainClientExec -- ex-00000015: executing POST /v1.32/exec/9009baa8a722aadcef78e9786d913d19498b4ecb451594f1d09ec23965afa10b/start HTTP/1.1
15:11:14.262 [docker-java-stream-1962004025] DEBUG com.github.dockerjava.zerodep.shaded.org.apache.hc.client5.http.impl.classic.InternalHttpClient -- ep-00000014: start execution ex-00000015
15:11:14.262 [docker-java-stream-1962004025] DEBUG com.github.dockerjava.zerodep.shaded.org.apache.hc.client5.http.impl.io.PoolingHttpClientConnectionManager -- ep-00000014: executing exchange ex-00000015 over http-outgoing-2
15:11:14.262 [docker-java-stream-1962004025] DEBUG com.github.dockerjava.zerodep.shaded.org.apache.hc.client5.http.headers -- http-outgoing-2 >> POST /v1.32/exec/9009baa8a722aadcef78e9786d913d19498b4ecb451594f1d09ec23965afa10b/start HTTP/1.1
15:11:14.262 [docker-java-stream-1962004025] DEBUG com.github.dockerjava.zerodep.shaded.org.apache.hc.client5.http.headers -- http-outgoing-2 >> accept: application/json
15:11:14.262 [docker-java-stream-1962004025] DEBUG com.github.dockerjava.zerodep.shaded.org.apache.hc.client5.http.headers -- http-outgoing-2 >> content-type: application/json
15:11:14.262 [docker-java-stream-1962004025] DEBUG com.github.dockerjava.zerodep.shaded.org.apache.hc.client5.http.headers -- http-outgoing-2 >> x-tc-sid: 19636001-dfb0-4a92-a4d9-9b302f9285c4
15:11:14.262 [docker-java-stream-1962004025] DEBUG com.github.dockerjava.zerodep.shaded.org.apache.hc.client5.http.headers -- http-outgoing-2 >> User-Agent: tc-java/1.19.3
15:11:14.262 [docker-java-stream-1962004025] DEBUG com.github.dockerjava.zerodep.shaded.org.apache.hc.client5.http.headers -- http-outgoing-2 >> Accept-Encoding: gzip, x-gzip, deflate
15:11:14.263 [docker-java-stream-1962004025] DEBUG com.github.dockerjava.zerodep.shaded.org.apache.hc.client5.http.headers -- http-outgoing-2 >> Content-Length: 26
15:11:14.263 [docker-java-stream-1962004025] DEBUG com.github.dockerjava.zerodep.shaded.org.apache.hc.client5.http.headers -- http-outgoing-2 >> Host: localhost:2375
15:11:14.263 [docker-java-stream-1962004025] DEBUG com.github.dockerjava.zerodep.shaded.org.apache.hc.client5.http.headers -- http-outgoing-2 >> Connection: keep-alive
15:11:14.263 [docker-java-stream-1962004025] DEBUG com.github.dockerjava.zerodep.shaded.org.apache.hc.client5.http.wire -- http-outgoing-2 >> "POST /v1.32/exec/9009baa8a722aadcef78e9786d913d19498b4ecb451594f1d09ec23965afa10b/start HTTP/1.1[\r][\n]"
15:11:14.263 [docker-java-stream-1962004025] DEBUG com.github.dockerjava.zerodep.shaded.org.apache.hc.client5.http.wire -- http-outgoing-2 >> "accept: application/json[\r][\n]"
15:11:14.263 [docker-java-stream-1962004025] DEBUG com.github.dockerjava.zerodep.shaded.org.apache.hc.client5.http.wire -- http-outgoing-2 >> "content-type: application/json[\r][\n]"
15:11:14.263 [docker-java-stream-1962004025] DEBUG com.github.dockerjava.zerodep.shaded.org.apache.hc.client5.http.wire -- http-outgoing-2 >> "x-tc-sid: 19636001-dfb0-4a92-a4d9-9b302f9285c4[\r][\n]"
15:11:14.263 [docker-java-stream-1962004025] DEBUG com.github.dockerjava.zerodep.shaded.org.apache.hc.client5.http.wire -- http-outgoing-2 >> "User-Agent: tc-java/1.19.3[\r][\n]"
15:11:14.263 [docker-java-stream-1962004025] DEBUG com.github.dockerjava.zerodep.shaded.org.apache.hc.client5.http.wire -- http-outgoing-2 >> "Accept-Encoding: gzip, x-gzip, deflate[\r][\n]"
15:11:14.263 [docker-java-stream-1962004025] DEBUG com.github.dockerjava.zerodep.shaded.org.apache.hc.client5.http.wire -- http-outgoing-2 >> "Content-Length: 26[\r][\n]"
15:11:14.263 [docker-java-stream-1962004025] DEBUG com.github.dockerjava.zerodep.shaded.org.apache.hc.client5.http.wire -- http-outgoing-2 >> "Host: localhost:2375[\r][\n]"
15:11:14.263 [docker-java-stream-1962004025] DEBUG com.github.dockerjava.zerodep.shaded.org.apache.hc.client5.http.wire -- http-outgoing-2 >> "Connection: keep-alive[\r][\n]"
15:11:14.263 [docker-java-stream-1962004025] DEBUG com.github.dockerjava.zerodep.shaded.org.apache.hc.client5.http.wire -- http-outgoing-2 >> "[\r][\n]"
15:11:14.263 [docker-java-stream-1962004025] DEBUG com.github.dockerjava.zerodep.shaded.org.apache.hc.client5.http.wire -- http-outgoing-2 >> "{"Detach":null,"Tty":null}"
15:11:14.268 [docker-java-stream-1962004025] DEBUG com.github.dockerjava.zerodep.shaded.org.apache.hc.client5.http.wire -- http-outgoing-2 << "HTTP/1.1 200 OK[\r][\n]"
15:11:14.268 [docker-java-stream-1962004025] DEBUG com.github.dockerjava.zerodep.shaded.org.apache.hc.client5.http.wire -- http-outgoing-2 << "Api-Version: 1.47[\r][\n]"
15:11:14.268 [docker-java-stream-1962004025] DEBUG com.github.dockerjava.zerodep.shaded.org.apache.hc.client5.http.wire -- http-outgoing-2 << "Content-Type: application/vnd.docker.raw-stream[\r][\n]"
15:11:14.268 [docker-java-stream-1962004025] DEBUG com.github.dockerjava.zerodep.shaded.org.apache.hc.client5.http.wire -- http-outgoing-2 << "Date: Fri, 02 May 2025 13:11:14 GMT[\r][\n]"
15:11:14.268 [docker-java-stream-1962004025] DEBUG com.github.dockerjava.zerodep.shaded.org.apache.hc.client5.http.wire -- http-outgoing-2 << "Docker-Experimental: false[\r][\n]"
15:11:14.268 [docker-java-stream-1962004025] DEBUG com.github.dockerjava.zerodep.shaded.org.apache.hc.client5.http.wire -- http-outgoing-2 << "Ostype: linux[\r][\n]"
15:11:14.268 [docker-java-stream-1962004025] DEBUG com.github.dockerjava.zerodep.shaded.org.apache.hc.client5.http.wire -- http-outgoing-2 << "Server: Docker/27.5.1 (linux)[\r][\n]"
15:11:14.268 [docker-java-stream-1962004025] DEBUG com.github.dockerjava.zerodep.shaded.org.apache.hc.client5.http.wire -- http-outgoing-2 << "Transfer-Encoding: chunked[\r][\n]"
15:11:14.268 [docker-java-stream-1962004025] DEBUG com.github.dockerjava.zerodep.shaded.org.apache.hc.client5.http.wire -- http-outgoing-2 << "[\r][\n]"
15:11:14.268 [docker-java-stream-1962004025] DEBUG com.github.dockerjava.zerodep.shaded.org.apache.hc.client5.http.headers -- http-outgoing-2 << HTTP/1.1 200 OK
15:11:14.268 [docker-java-stream-1962004025] DEBUG com.github.dockerjava.zerodep.shaded.org.apache.hc.client5.http.headers -- http-outgoing-2 << Api-Version: 1.47
15:11:14.268 [docker-java-stream-1962004025] DEBUG com.github.dockerjava.zerodep.shaded.org.apache.hc.client5.http.headers -- http-outgoing-2 << Content-Type: application/vnd.docker.raw-stream
15:11:14.268 [docker-java-stream-1962004025] DEBUG com.github.dockerjava.zerodep.shaded.org.apache.hc.client5.http.headers -- http-outgoing-2 << Date: Fri, 02 May 2025 13:11:14 GMT
15:11:14.268 [docker-java-stream-1962004025] DEBUG com.github.dockerjava.zerodep.shaded.org.apache.hc.client5.http.headers -- http-outgoing-2 << Docker-Experimental: false
15:11:14.268 [docker-java-stream-1962004025] DEBUG com.github.dockerjava.zerodep.shaded.org.apache.hc.client5.http.headers -- http-outgoing-2 << Ostype: linux
15:11:14.268 [docker-java-stream-1962004025] DEBUG com.github.dockerjava.zerodep.shaded.org.apache.hc.client5.http.headers -- http-outgoing-2 << Server: Docker/27.5.1 (linux)
15:11:14.268 [docker-java-stream-1962004025] DEBUG com.github.dockerjava.zerodep.shaded.org.apache.hc.client5.http.headers -- http-outgoing-2 << Transfer-Encoding: chunked
15:11:14.268 [docker-java-stream-1962004025] DEBUG com.github.dockerjava.zerodep.shaded.org.apache.hc.client5.http.impl.classic.MainClientExec -- ex-00000015: connection can be kept alive for 3 MINUTES
15:11:14.311 [docker-java-stream-1962004025] DEBUG com.github.dockerjava.zerodep.shaded.org.apache.hc.client5.http.wire -- http-outgoing-2 << "18a[\r][\n]"
15:11:14.311 [docker-java-stream-1962004025] DEBUG com.github.dockerjava.zerodep.shaded.org.apache.hc.client5.http.wire -- http-outgoing-2 << "[0x1][0x0][0x0][0x0][0x0][0x0][0x1][0xffffff82]/proc/net/tcp6:   0: 00000000000000000000000000000000:115C 00000000000000000000000000000000:0000 0A 00000000:00000000 00:00000000 00000000  1200        0 223553 1 0000000000000000 100 0 0 10 0[\n]"
15:11:14.311 [docker-java-stream-1962004025] DEBUG com.github.dockerjava.zerodep.shaded.org.apache.hc.client5.http.wire -- http-outgoing-2 << "/proc/net/tcp6:   3: 0000000000000000FFFF0000020013AC:115C 0000000000000000FFFF0000010013AC:EDB6 08 00000000:00000001 00:00000000 00000000  1200        0 219079 1 0000000000000000 21 4 0 10 -1[\n]"
15:11:14.311 [docker-java-stream-1962004025] DEBUG com.github.dockerjava.zerodep.shaded.org.apache.hc.client5.http.wire -- http-outgoing-2 << "[\r][\n]"
15:11:14.314 [docker-java-stream-1962004025] DEBUG com.github.dockerjava.zerodep.shaded.org.apache.hc.client5.http.wire -- http-outgoing-2 << "211[\r][\n]"
15:11:14.314 [docker-java-stream-1962004025] DEBUG com.github.dockerjava.zerodep.shaded.org.apache.hc.client5.http.wire -- http-outgoing-2 << "[0x1][0x0][0x0][0x0][0x0][0x0][0x2][0x9]/proc/net/tcp:   1: 00000000:170C 00000000:0000 0A 00000000:00000001 00:00000000 00000000  1200        0 224473 2 0000000000000000 100 0 0 10 0                    [\n]"
15:11:14.314 [docker-java-stream-1962004025] DEBUG com.github.dockerjava.zerodep.shaded.org.apache.hc.client5.http.wire -- http-outgoing-2 << "/proc/net/tcp:   4: 020013AC:170C 010013AC:961A 08 00000000:00000001 00:00000000 00000000     0        0 0 1 0000000000000000 21 4 0 10 -1                         [\n]"
15:11:14.315 [docker-java-stream-1962004025] DEBUG com.github.dockerjava.zerodep.shaded.org.apache.hc.client5.http.wire -- http-outgoing-2 << "/proc/net/tcp6:   2: 00000000000000000000000000000000:170C 00000000000000000000000000000000:0000 0A 00000000:00000000 00:00000000 00000000  1200        0 224474 1 0000000000000000 100 0 0 10 0[\n]"
15:11:14.315 [docker-java-stream-1962004025] DEBUG com.github.dockerjava.zerodep.shaded.org.apache.hc.client5.http.wire -- http-outgoing-2 << "[\r][\n]"
15:11:14.316 [docker-java-stream-1962004025] DEBUG com.github.dockerjava.zerodep.shaded.org.apache.hc.client5.http.wire -- http-outgoing-2 << "0[\r][\n]"
15:11:14.316 [docker-java-stream-1962004025] DEBUG com.github.dockerjava.zerodep.shaded.org.apache.hc.client5.http.wire -- http-outgoing-2 << "[\r][\n]"
15:11:14.316 [docker-java-stream-1962004025] DEBUG com.github.dockerjava.zerodep.shaded.org.apache.hc.client5.http.impl.classic.InternalHttpClient -- ep-00000014: releasing valid endpoint
15:11:14.317 [docker-java-stream-1962004025] DEBUG com.github.dockerjava.zerodep.shaded.org.apache.hc.client5.http.impl.io.PoolingHttpClientConnectionManager -- ep-00000014: releasing endpoint
15:11:14.317 [docker-java-stream-1962004025] DEBUG com.github.dockerjava.zerodep.shaded.org.apache.hc.client5.http.impl.io.PoolingHttpClientConnectionManager -- ep-00000014: connection http-outgoing-2 can be kept alive for 3 MINUTES
15:11:14.317 [docker-java-stream-1962004025] DEBUG com.github.dockerjava.zerodep.shaded.org.apache.hc.client5.http.impl.io.PoolingHttpClientConnectionManager -- ep-00000014: connection released [route: {}->npipe://localhost:2375][total available: 2; route allocated: 2 of 2147483647; total allocated: 2 of 2147483647]
15:11:14.319 [testcontainers-wait-0] DEBUG org.testcontainers.shaded.com.github.dockerjava.core.command.AbstrDockerCmd -- Cmd: 9009baa8a722aadcef78e9786d913d19498b4ecb451594f1d09ec23965afa10b
15:11:14.320 [testcontainers-wait-0] DEBUG org.testcontainers.shaded.com.github.dockerjava.core.exec.InspectExecCmdExec -- GET: DefaultWebTarget{path=[/exec/9009baa8a722aadcef78e9786d913d19498b4ecb451594f1d09ec23965afa10b/json], queryParams={}}
15:11:14.322 [testcontainers-wait-0] DEBUG com.github.dockerjava.zerodep.shaded.org.apache.hc.client5.http.impl.classic.InternalHttpClient -- ex-00000016: preparing request execution
15:11:14.323 [testcontainers-wait-0] DEBUG com.github.dockerjava.zerodep.shaded.org.apache.hc.client5.http.protocol.RequestAddCookies -- Cookie spec selected: strict
15:11:14.323 [testcontainers-wait-0] DEBUG com.github.dockerjava.zerodep.shaded.org.apache.hc.client5.http.protocol.RequestAuthCache -- Auth cache not set in the context
15:11:14.323 [testcontainers-wait-0] DEBUG com.github.dockerjava.zerodep.shaded.org.apache.hc.client5.http.impl.classic.ProtocolExec -- ex-00000016: target auth state: UNCHALLENGED
15:11:14.323 [testcontainers-wait-0] DEBUG com.github.dockerjava.zerodep.shaded.org.apache.hc.client5.http.impl.classic.ProtocolExec -- ex-00000016: proxy auth state: UNCHALLENGED
15:11:14.323 [testcontainers-wait-0] DEBUG com.github.dockerjava.zerodep.shaded.org.apache.hc.client5.http.impl.classic.ConnectExec -- ex-00000016: acquiring connection with route {}->npipe://localhost:2375
15:11:14.323 [testcontainers-wait-0] DEBUG com.github.dockerjava.zerodep.shaded.org.apache.hc.client5.http.impl.classic.InternalHttpClient -- ex-00000016: acquiring endpoint (3 MINUTES)
15:11:14.323 [testcontainers-wait-0] DEBUG com.github.dockerjava.zerodep.shaded.org.apache.hc.client5.http.impl.io.PoolingHttpClientConnectionManager -- ex-00000016: endpoint lease request (3 MINUTES) [route: {}->npipe://localhost:2375][total available: 2; route allocated: 2 of 2147483647; total allocated: 2 of 2147483647]
15:11:14.323 [testcontainers-wait-0] DEBUG com.github.dockerjava.zerodep.shaded.org.apache.hc.client5.http.impl.io.PoolingHttpClientConnectionManager -- ex-00000016: endpoint leased [route: {}->npipe://localhost:2375][total available: 1; route allocated: 2 of 2147483647; total allocated: 2 of 2147483647]
15:11:14.323 [testcontainers-wait-0] DEBUG com.github.dockerjava.zerodep.shaded.org.apache.hc.client5.http.impl.io.PoolingHttpClientConnectionManager -- ex-00000016: acquired ep-00000015
15:11:14.323 [testcontainers-wait-0] DEBUG com.github.dockerjava.zerodep.shaded.org.apache.hc.client5.http.impl.classic.InternalHttpClient -- ex-00000016: acquired endpoint ep-00000015
15:11:14.323 [testcontainers-wait-0] DEBUG com.github.dockerjava.zerodep.shaded.org.apache.hc.client5.http.impl.classic.MainClientExec -- ex-00000016: executing GET /v1.32/exec/9009baa8a722aadcef78e9786d913d19498b4ecb451594f1d09ec23965afa10b/json HTTP/1.1
15:11:14.323 [testcontainers-wait-0] DEBUG com.github.dockerjava.zerodep.shaded.org.apache.hc.client5.http.impl.classic.InternalHttpClient -- ep-00000015: start execution ex-00000016
15:11:14.324 [testcontainers-wait-0] DEBUG com.github.dockerjava.zerodep.shaded.org.apache.hc.client5.http.impl.io.PoolingHttpClientConnectionManager -- ep-00000015: executing exchange ex-00000016 over http-outgoing-2
15:11:14.324 [testcontainers-wait-0] DEBUG com.github.dockerjava.zerodep.shaded.org.apache.hc.client5.http.headers -- http-outgoing-2 >> GET /v1.32/exec/9009baa8a722aadcef78e9786d913d19498b4ecb451594f1d09ec23965afa10b/json HTTP/1.1
15:11:14.324 [testcontainers-wait-0] DEBUG com.github.dockerjava.zerodep.shaded.org.apache.hc.client5.http.headers -- http-outgoing-2 >> accept: application/json
15:11:14.324 [testcontainers-wait-0] DEBUG com.github.dockerjava.zerodep.shaded.org.apache.hc.client5.http.headers -- http-outgoing-2 >> x-tc-sid: 19636001-dfb0-4a92-a4d9-9b302f9285c4
15:11:14.324 [testcontainers-wait-0] DEBUG com.github.dockerjava.zerodep.shaded.org.apache.hc.client5.http.headers -- http-outgoing-2 >> User-Agent: tc-java/1.19.3
15:11:14.324 [testcontainers-wait-0] DEBUG com.github.dockerjava.zerodep.shaded.org.apache.hc.client5.http.headers -- http-outgoing-2 >> Accept-Encoding: gzip, x-gzip, deflate
15:11:14.324 [testcontainers-wait-0] DEBUG com.github.dockerjava.zerodep.shaded.org.apache.hc.client5.http.headers -- http-outgoing-2 >> Host: localhost:2375
15:11:14.324 [testcontainers-wait-0] DEBUG com.github.dockerjava.zerodep.shaded.org.apache.hc.client5.http.headers -- http-outgoing-2 >> Connection: keep-alive
15:11:14.324 [testcontainers-wait-0] DEBUG com.github.dockerjava.zerodep.shaded.org.apache.hc.client5.http.wire -- http-outgoing-2 >> "GET /v1.32/exec/9009baa8a722aadcef78e9786d913d19498b4ecb451594f1d09ec23965afa10b/json HTTP/1.1[\r][\n]"
15:11:14.324 [testcontainers-wait-0] DEBUG com.github.dockerjava.zerodep.shaded.org.apache.hc.client5.http.wire -- http-outgoing-2 >> "accept: application/json[\r][\n]"
15:11:14.325 [testcontainers-wait-0] DEBUG com.github.dockerjava.zerodep.shaded.org.apache.hc.client5.http.wire -- http-outgoing-2 >> "x-tc-sid: 19636001-dfb0-4a92-a4d9-9b302f9285c4[\r][\n]"
15:11:14.325 [testcontainers-wait-0] DEBUG com.github.dockerjava.zerodep.shaded.org.apache.hc.client5.http.wire -- http-outgoing-2 >> "User-Agent: tc-java/1.19.3[\r][\n]"
15:11:14.325 [testcontainers-wait-0] DEBUG com.github.dockerjava.zerodep.shaded.org.apache.hc.client5.http.wire -- http-outgoing-2 >> "Accept-Encoding: gzip, x-gzip, deflate[\r][\n]"
15:11:14.325 [testcontainers-wait-0] DEBUG com.github.dockerjava.zerodep.shaded.org.apache.hc.client5.http.wire -- http-outgoing-2 >> "Host: localhost:2375[\r][\n]"
15:11:14.325 [testcontainers-wait-0] DEBUG com.github.dockerjava.zerodep.shaded.org.apache.hc.client5.http.wire -- http-outgoing-2 >> "Connection: keep-alive[\r][\n]"
15:11:14.325 [testcontainers-wait-0] DEBUG com.github.dockerjava.zerodep.shaded.org.apache.hc.client5.http.wire -- http-outgoing-2 >> "[\r][\n]"
15:11:14.334 [testcontainers-wait-0] DEBUG com.github.dockerjava.zerodep.shaded.org.apache.hc.client5.http.wire -- http-outgoing-2 << "HTTP/1.1 200 OK[\r][\n]"
15:11:14.335 [testcontainers-wait-0] DEBUG com.github.dockerjava.zerodep.shaded.org.apache.hc.client5.http.wire -- http-outgoing-2 << "Api-Version: 1.47[\r][\n]"
15:11:14.335 [testcontainers-wait-0] DEBUG com.github.dockerjava.zerodep.shaded.org.apache.hc.client5.http.wire -- http-outgoing-2 << "Content-Type: application/json[\r][\n]"
15:11:14.335 [testcontainers-wait-0] DEBUG com.github.dockerjava.zerodep.shaded.org.apache.hc.client5.http.wire -- http-outgoing-2 << "Date: Fri, 02 May 2025 13:11:14 GMT[\r][\n]"
15:11:14.335 [testcontainers-wait-0] DEBUG com.github.dockerjava.zerodep.shaded.org.apache.hc.client5.http.wire -- http-outgoing-2 << "Docker-Experimental: false[\r][\n]"
15:11:14.335 [testcontainers-wait-0] DEBUG com.github.dockerjava.zerodep.shaded.org.apache.hc.client5.http.wire -- http-outgoing-2 << "Ostype: linux[\r][\n]"
15:11:14.335 [testcontainers-wait-0] DEBUG com.github.dockerjava.zerodep.shaded.org.apache.hc.client5.http.wire -- http-outgoing-2 << "Server: Docker/27.5.1 (linux)[\r][\n]"
15:11:14.335 [testcontainers-wait-0] DEBUG com.github.dockerjava.zerodep.shaded.org.apache.hc.client5.http.wire -- http-outgoing-2 << "Transfer-Encoding: chunked[\r][\n]"
15:11:14.335 [testcontainers-wait-0] DEBUG com.github.dockerjava.zerodep.shaded.org.apache.hc.client5.http.wire -- http-outgoing-2 << "[\r][\n]"
15:11:14.335 [testcontainers-wait-0] DEBUG com.github.dockerjava.zerodep.shaded.org.apache.hc.client5.http.headers -- http-outgoing-2 << HTTP/1.1 200 OK
15:11:14.335 [testcontainers-wait-0] DEBUG com.github.dockerjava.zerodep.shaded.org.apache.hc.client5.http.headers -- http-outgoing-2 << Api-Version: 1.47
15:11:14.335 [testcontainers-wait-0] DEBUG com.github.dockerjava.zerodep.shaded.org.apache.hc.client5.http.headers -- http-outgoing-2 << Content-Type: application/json
15:11:14.335 [testcontainers-wait-0] DEBUG com.github.dockerjava.zerodep.shaded.org.apache.hc.client5.http.headers -- http-outgoing-2 << Date: Fri, 02 May 2025 13:11:14 GMT
15:11:14.335 [testcontainers-wait-0] DEBUG com.github.dockerjava.zerodep.shaded.org.apache.hc.client5.http.headers -- http-outgoing-2 << Docker-Experimental: false
15:11:14.335 [testcontainers-wait-0] DEBUG com.github.dockerjava.zerodep.shaded.org.apache.hc.client5.http.headers -- http-outgoing-2 << Ostype: linux
15:11:14.335 [testcontainers-wait-0] DEBUG com.github.dockerjava.zerodep.shaded.org.apache.hc.client5.http.headers -- http-outgoing-2 << Server: Docker/27.5.1 (linux)
15:11:14.335 [testcontainers-wait-0] DEBUG com.github.dockerjava.zerodep.shaded.org.apache.hc.client5.http.headers -- http-outgoing-2 << Transfer-Encoding: chunked
15:11:14.337 [testcontainers-wait-0] DEBUG com.github.dockerjava.zerodep.shaded.org.apache.hc.client5.http.impl.classic.MainClientExec -- ex-00000016: connection can be kept alive for 3 MINUTES
15:11:14.338 [testcontainers-wait-0] DEBUG com.github.dockerjava.zerodep.shaded.org.apache.hc.client5.http.wire -- http-outgoing-2 << "29d[\r][\n]"
15:11:14.338 [testcontainers-wait-0] DEBUG com.github.dockerjava.zerodep.shaded.org.apache.hc.client5.http.wire -- http-outgoing-2 << "{"ID":"9009baa8a722aadcef78e9786d913d19498b4ecb451594f1d09ec23965afa10b","Running":false,"ExitCode":0,"ProcessConfig":{"tty":false,"entrypoint":"/bin/sh","arguments":["-c","while true; do ( true  &&  (grep -i ':0*115c' /proc/net/tcp* || nc -vz -w 1 localhost 4444 || /bin/bash -c '</dev/tcp/localhost/4444') &&  (grep -i ':0*170c' /proc/net/tcp* || nc -vz -w 1 localhost 5900 || /bin/bash -c '</dev/tcp/localhost/5900') ) && exit 0 || sleep 0.1; done"],"privileged":false,"user":"1200"},"OpenStdin":false,"OpenStderr":true,"OpenStdout":true,"CanRemove":false,"ContainerID":"af0c423b62dbf0dcc8cbb6c99b3a76141120cdd01e03e7ce9d8c641df2585cf1","DetachKeys":"","Pid":26539}[\n]"
15:11:14.338 [testcontainers-wait-0] DEBUG com.github.dockerjava.zerodep.shaded.org.apache.hc.client5.http.wire -- http-outgoing-2 << "[\r][\n]"
15:11:14.338 [testcontainers-wait-0] DEBUG com.github.dockerjava.zerodep.shaded.org.apache.hc.client5.http.wire -- http-outgoing-2 << "0[\r][\n]"
15:11:14.338 [testcontainers-wait-0] DEBUG com.github.dockerjava.zerodep.shaded.org.apache.hc.client5.http.wire -- http-outgoing-2 << "[\r][\n]"
15:11:14.351 [testcontainers-wait-0] DEBUG com.github.dockerjava.zerodep.shaded.org.apache.hc.client5.http.impl.classic.InternalHttpClient -- ep-00000015: releasing valid endpoint
15:11:14.351 [testcontainers-wait-0] DEBUG com.github.dockerjava.zerodep.shaded.org.apache.hc.client5.http.impl.io.PoolingHttpClientConnectionManager -- ep-00000015: releasing endpoint
15:11:14.351 [testcontainers-wait-0] DEBUG com.github.dockerjava.zerodep.shaded.org.apache.hc.client5.http.impl.io.PoolingHttpClientConnectionManager -- ep-00000015: connection http-outgoing-2 can be kept alive for 3 MINUTES
15:11:14.351 [testcontainers-wait-0] DEBUG com.github.dockerjava.zerodep.shaded.org.apache.hc.client5.http.impl.io.PoolingHttpClientConnectionManager -- ep-00000015: connection released [route: {}->npipe://localhost:2375][total available: 2; route allocated: 2 of 2147483647; total allocated: 2 of 2147483647]
15:11:14.352 [testcontainers-wait-0] DEBUG org.testcontainers.containers.wait.strategy.HostPortWaitStrategy -- Internal port check passed for [4444, 5900] in PT0.1180295S
15:11:14.352 [main] INFO tc.selenium/standalone-chrome:4.20.0 -- Container selenium/standalone-chrome:4.20.0 started in PT6.9290883S
15:11:14.352 [main] DEBUG org.testcontainers.containers.BrowserWebDriverContainer -- Starting VNC recording
15:11:14.358 [main] DEBUG org.testcontainers.utility.PrefixingImageNameSubstitutor -- No prefix is configured
15:11:14.358 [main] DEBUG org.testcontainers.utility.ImageNameSubstitutor -- Did not find a substitute image for testcontainers/vnc-recorder:1.3.0 (using image substitutor: DefaultImageNameSubstitutor (composite of 'ConfigurationFileImageNameSubstitutor' and 'PrefixingImageNameSubstitutor'))
15:11:14.358 [main] DEBUG org.testcontainers.images.AbstractImagePullPolicy -- Using locally available and not pulling image: testcontainers/vnc-recorder:1.3.0
15:11:14.358 [main] DEBUG tc.testcontainers/vnc-recorder:1.3.0 -- Starting container: testcontainers/vnc-recorder:1.3.0
15:11:14.358 [main] DEBUG tc.testcontainers/vnc-recorder:1.3.0 -- Trying to start container: testcontainers/vnc-recorder:1.3.0 (attempt 1/1)
15:11:14.358 [main] DEBUG tc.testcontainers/vnc-recorder:1.3.0 -- Starting container: testcontainers/vnc-recorder:1.3.0
15:11:14.358 [main] INFO tc.testcontainers/vnc-recorder:1.3.0 -- Creating container for image: testcontainers/vnc-recorder:1.3.0
15:11:14.358 [main] DEBUG org.testcontainers.utility.RegistryAuthLocator -- Looking up auth config for image: testcontainers/vnc-recorder:1.3.0 at registry: https://index.docker.io/v1/
15:11:14.358 [main] DEBUG org.testcontainers.utility.RegistryAuthLocator -- Cached auth found: [AuthConfig{username=elenacabe, password=hidden non-blank value, auth=blank, email=null, registryAddress=https://index.docker.io/v1/, registryToken=blank}]
15:11:14.359 [main] DEBUG org.testcontainers.dockerclient.AuthDelegatingDockerClientConfig -- Effective auth config [AuthConfig{username=elenacabe, password=hidden non-blank value, auth=blank, email=null, registryAddress=https://index.docker.io/v1/, registryToken=blank}]
15:11:14.360 [main] DEBUG org.testcontainers.shaded.com.github.dockerjava.core.command.AbstrDockerCmd -- Cmd: org.testcontainers.shaded.com.github.dockerjava.core.command.CreateContainerCmdImpl@3bcd426c[aliases=[tc-BfY5P7p9],argsEscaped=<null>,attachStderr=<null>,attachStdin=<null>,attachStdout=<null>,authConfig=AuthConfig(username=elenacabe, email=null, registryAddress=https://index.docker.io/v1/, stackOrchestrator=null),cmd={-c,echo 'c2VjcmV0' | base64 -d > /vnc_password && flvrec.py -o /screen.flv -d -r 30 -P /vnc_password tc-M7Yg14ma 5900},domainName=<null>,entrypoint={/bin/sh},env={},exposedPorts=ExposedPorts(exposedPorts=[]),healthcheck=<null>,hostConfig=HostConfig(binds=[], blkioWeight=null, blkioWeightDevice=null, blkioDeviceReadBps=null, blkioDeviceWriteBps=null, blkioDeviceReadIOps=null, blkioDeviceWriteIOps=null, memorySwappiness=null, nanoCPUs=null, capAdd=null, capDrop=null, containerIDFile=null, cpuPeriod=null, cpuRealtimePeriod=null, cpuRealtimeRuntime=null, cpuShares=null, cpuQuota=null, cpusetCpus=null, cpusetMems=null, devices=null, deviceCgroupRules=null, deviceRequests=null, diskQuota=null, dns=null, dnsOptions=null, dnsSearch=null, extraHosts=[], groupAdd=null, ipcMode=null, cgroup=null, links=[], logConfig=LogConfig(type=null, config=null), lxcConf=null, memory=null, memorySwap=null, memoryReservation=null, kernelMemory=null, networkMode=f616b05dd96dd6b6e63724e496eb83a1d4e976e96a5b268a96925535349cd985, oomKillDisable=null, init=null, autoRemove=null, oomScoreAdj=null, portBindings={}, privileged=null, publishAllPorts=null, readonlyRootfs=null, restartPolicy=null, ulimits=null, cpuCount=null, cpuPercent=null, ioMaximumIOps=null, ioMaximumBandwidth=null, volumesFrom=[], mounts=null, pidMode=null, isolation=null, securityOpts=null, storageOpt=null, cgroupParent=null, volumeDriver=null, shmSize=null, pidsLimit=null, runtime=null, tmpFs=null, utSMode=null, usernsMode=null, sysctls=null, consoleSize=null, cgroupnsMode=null),hostName=<null>,image=testcontainers/vnc-recorder:1.3.0,ipv4Address=<null>,ipv6Address=<null>,labels={org.testcontainers=true, org.testcontainers.lang=java, org.testcontainers.version=1.19.3, org.testcontainers.sessionId=19636001-dfb0-4a92-a4d9-9b302f9285c4},macAddress=<null>,name=<null>,networkDisabled=<null>,networkingConfig=org.testcontainers.shaded.com.github.dockerjava.core.command.CreateContainerCmdImpl$NetworkingConfig@5dc3fcb7,onBuild=<null>,platform=<null>,portSpecs=<null>,shell=<null>,stdInOnce=<null>,stdinOpen=<null>,stopSignal=<null>,stopTimeout=<null>,tty=<null>,user=<null>,volumes=Volumes(volumes=[]),workingDir=<null>]
15:11:14.366 [main] DEBUG com.github.dockerjava.zerodep.shaded.org.apache.hc.client5.http.impl.classic.InternalHttpClient -- ex-00000017: preparing request execution
15:11:14.367 [main] DEBUG com.github.dockerjava.zerodep.shaded.org.apache.hc.client5.http.protocol.RequestAddCookies -- Cookie spec selected: strict
15:11:14.367 [main] DEBUG com.github.dockerjava.zerodep.shaded.org.apache.hc.client5.http.protocol.RequestAuthCache -- Auth cache not set in the context
15:11:14.367 [main] DEBUG com.github.dockerjava.zerodep.shaded.org.apache.hc.client5.http.impl.classic.ProtocolExec -- ex-00000017: target auth state: UNCHALLENGED
15:11:14.367 [main] DEBUG com.github.dockerjava.zerodep.shaded.org.apache.hc.client5.http.impl.classic.ProtocolExec -- ex-00000017: proxy auth state: UNCHALLENGED
15:11:14.367 [main] DEBUG com.github.dockerjava.zerodep.shaded.org.apache.hc.client5.http.impl.classic.ConnectExec -- ex-00000017: acquiring connection with route {}->npipe://localhost:2375
15:11:14.367 [main] DEBUG com.github.dockerjava.zerodep.shaded.org.apache.hc.client5.http.impl.classic.InternalHttpClient -- ex-00000017: acquiring endpoint (3 MINUTES)
15:11:14.367 [main] DEBUG com.github.dockerjava.zerodep.shaded.org.apache.hc.client5.http.impl.io.PoolingHttpClientConnectionManager -- ex-00000017: endpoint lease request (3 MINUTES) [route: {}->npipe://localhost:2375][total available: 2; route allocated: 2 of 2147483647; total allocated: 2 of 2147483647]
15:11:14.367 [main] DEBUG com.github.dockerjava.zerodep.shaded.org.apache.hc.client5.http.impl.io.PoolingHttpClientConnectionManager -- ex-00000017: endpoint leased [route: {}->npipe://localhost:2375][total available: 1; route allocated: 2 of 2147483647; total allocated: 2 of 2147483647]
15:11:14.368 [main] DEBUG com.github.dockerjava.zerodep.shaded.org.apache.hc.client5.http.impl.io.PoolingHttpClientConnectionManager -- ex-00000017: acquired ep-00000016
15:11:14.368 [main] DEBUG com.github.dockerjava.zerodep.shaded.org.apache.hc.client5.http.impl.classic.InternalHttpClient -- ex-00000017: acquired endpoint ep-00000016
15:11:14.368 [main] DEBUG com.github.dockerjava.zerodep.shaded.org.apache.hc.client5.http.impl.classic.MainClientExec -- ex-00000017: executing POST /v1.32/containers/create HTTP/1.1
15:11:14.368 [main] DEBUG com.github.dockerjava.zerodep.shaded.org.apache.hc.client5.http.impl.classic.InternalHttpClient -- ep-00000016: start execution ex-00000017
15:11:14.368 [main] DEBUG com.github.dockerjava.zerodep.shaded.org.apache.hc.client5.http.impl.io.PoolingHttpClientConnectionManager -- ep-00000016: executing exchange ex-00000017 over http-outgoing-2
15:11:14.368 [main] DEBUG com.github.dockerjava.zerodep.shaded.org.apache.hc.client5.http.headers -- http-outgoing-2 >> POST /v1.32/containers/create HTTP/1.1
15:11:14.368 [main] DEBUG com.github.dockerjava.zerodep.shaded.org.apache.hc.client5.http.headers -- http-outgoing-2 >> X-Registry-Auth: eyJ1c2VybmFtZSI6ImVsZW5hY2FiZSIsInBhc3N3b3JkIjoiZGNrcl9wYXRfTFNweVg2VU02ekszeDNEYzlzNW5QWWNmeVE0IiwiZW1haWwiOm51bGwsInNlcnZlcmFkZHJlc3MiOiJodHRwczovL2luZGV4LmRvY2tlci5pby92MS8iLCJhdXRoIjpudWxsLCJyZWdpc3RyeXRva2VuIjpudWxsLCJpZGVudGl0eXRva2VuIjpudWxsLCJzdGFja09yY2hlc3RyYXRvciI6bnVsbH0=
15:11:14.368 [main] DEBUG com.github.dockerjava.zerodep.shaded.org.apache.hc.client5.http.headers -- http-outgoing-2 >> accept: application/json
15:11:14.368 [main] DEBUG com.github.dockerjava.zerodep.shaded.org.apache.hc.client5.http.headers -- http-outgoing-2 >> content-type: application/json
15:11:14.368 [main] DEBUG com.github.dockerjava.zerodep.shaded.org.apache.hc.client5.http.headers -- http-outgoing-2 >> x-tc-sid: 19636001-dfb0-4a92-a4d9-9b302f9285c4
15:11:14.368 [main] DEBUG com.github.dockerjava.zerodep.shaded.org.apache.hc.client5.http.headers -- http-outgoing-2 >> User-Agent: tc-java/1.19.3
15:11:14.368 [main] DEBUG com.github.dockerjava.zerodep.shaded.org.apache.hc.client5.http.headers -- http-outgoing-2 >> Accept-Encoding: gzip, x-gzip, deflate
15:11:14.368 [main] DEBUG com.github.dockerjava.zerodep.shaded.org.apache.hc.client5.http.headers -- http-outgoing-2 >> Content-Length: 2441
15:11:14.368 [main] DEBUG com.github.dockerjava.zerodep.shaded.org.apache.hc.client5.http.headers -- http-outgoing-2 >> Host: localhost:2375
15:11:14.368 [main] DEBUG com.github.dockerjava.zerodep.shaded.org.apache.hc.client5.http.headers -- http-outgoing-2 >> Connection: keep-alive
15:11:14.368 [main] DEBUG com.github.dockerjava.zerodep.shaded.org.apache.hc.client5.http.wire -- http-outgoing-2 >> "POST /v1.32/containers/create HTTP/1.1[\r][\n]"
15:11:14.368 [main] DEBUG com.github.dockerjava.zerodep.shaded.org.apache.hc.client5.http.wire -- http-outgoing-2 >> "X-Registry-Auth: eyJ1c2VybmFtZSI6ImVsZW5hY2FiZSIsInBhc3N3b3JkIjoiZGNrcl9wYXRfTFNweVg2VU02ekszeDNEYzlzNW5QWWNmeVE0IiwiZW1haWwiOm51bGwsInNlcnZlcmFkZHJlc3MiOiJodHRwczovL2luZGV4LmRvY2tlci5pby92MS8iLCJhdXRoIjpudWxsLCJyZWdpc3RyeXRva2VuIjpudWxsLCJpZGVudGl0eXRva2VuIjpudWxsLCJzdGFja09yY2hlc3RyYXRvciI6bnVsbH0=[\r][\n]"
15:11:14.368 [main] DEBUG com.github.dockerjava.zerodep.shaded.org.apache.hc.client5.http.wire -- http-outgoing-2 >> "accept: application/json[\r][\n]"
15:11:14.368 [main] DEBUG com.github.dockerjava.zerodep.shaded.org.apache.hc.client5.http.wire -- http-outgoing-2 >> "content-type: application/json[\r][\n]"
15:11:14.368 [main] DEBUG com.github.dockerjava.zerodep.shaded.org.apache.hc.client5.http.wire -- http-outgoing-2 >> "x-tc-sid: 19636001-dfb0-4a92-a4d9-9b302f9285c4[\r][\n]"
15:11:14.368 [main] DEBUG com.github.dockerjava.zerodep.shaded.org.apache.hc.client5.http.wire -- http-outgoing-2 >> "User-Agent: tc-java/1.19.3[\r][\n]"
15:11:14.368 [main] DEBUG com.github.dockerjava.zerodep.shaded.org.apache.hc.client5.http.wire -- http-outgoing-2 >> "Accept-Encoding: gzip, x-gzip, deflate[\r][\n]"
15:11:14.368 [main] DEBUG com.github.dockerjava.zerodep.shaded.org.apache.hc.client5.http.wire -- http-outgoing-2 >> "Content-Length: 2441[\r][\n]"
15:11:14.368 [main] DEBUG com.github.dockerjava.zerodep.shaded.org.apache.hc.client5.http.wire -- http-outgoing-2 >> "Host: localhost:2375[\r][\n]"
15:11:14.368 [main] DEBUG com.github.dockerjava.zerodep.shaded.org.apache.hc.client5.http.wire -- http-outgoing-2 >> "Connection: keep-alive[\r][\n]"
15:11:14.368 [main] DEBUG com.github.dockerjava.zerodep.shaded.org.apache.hc.client5.http.wire -- http-outgoing-2 >> "[\r][\n]"
15:11:14.370 [main] DEBUG com.github.dockerjava.zerodep.shaded.org.apache.hc.client5.http.wire -- http-outgoing-2 >> "{"Hostname":null,"Domainname":null,"User":null,"AttachStdin":null,"AttachStdout":null,"AttachStderr":null,"PortSpecs":null,"Tty":null,"OpenStdin":null,"StdinOnce":null,"Env":[],"Cmd":["-c","echo 'c2VjcmV0' | base64 -d > /vnc_password && flvrec.py -o /screen.flv -d -r 30 -P /vnc_password tc-M7Yg14ma 5900"],"Healthcheck":null,"ArgsEscaped":null,"Entrypoint":["/bin/sh"],"Image":"testcontainers/vnc-recorder:1.3.0","Volumes":{},"WorkingDir":null,"MacAddress":null,"OnBuild":null,"NetworkDisabled":null,"ExposedPorts":{},"StopSignal":null,"StopTimeout":null,"HostConfig":{"Binds":[],"BlkioWeight":null,"BlkioWeightDevice":null,"BlkioDeviceReadBps":null,"BlkioDeviceWriteBps":null,"BlkioDeviceReadIOps":null,"BlkioDeviceWriteIOps":null,"MemorySwappiness":null,"NanoCpus":null,"CapAdd":null,"CapDrop":null,"ContainerIDFile":null,"CpuPeriod":null,"CpuRealtimePeriod":null,"CpuRealtimeRuntime":null,"CpuShares":null,"CpuQuota":null,"CpusetCpus":null,"CpusetMems":null,"Devices":null,"DeviceCgroupRules":null,"DeviceRequests":null,"DiskQuota":null,"Dns":null,"DnsOptions":null,"DnsSearch":null,"ExtraHosts":[],"GroupAdd":null,"IpcMode":null,"Cgroup":null,"Links":[],"LogConfig":null,"LxcConf":null,"Memory":null,"MemorySwap":null,"MemoryReservation":null,"KernelMemory":null,"NetworkMode":"f616b05dd96dd6b6e63724e496eb83a1d4e976e96a5b268a96925535349cd985","OomKillDisable":null,"Init":null,"AutoRemove":null,"OomScoreAdj":null,"PortBindings":{},"Privileged":null,"PublishAllPorts":null,"ReadonlyRootfs":null,"RestartPolicy":null,"Ulimits":null,"CpuCount":null,"CpuPercent":null,"IOMaximumIOps":null,"IOMaximumBandwidth":null,"VolumesFrom":[],"Mounts":null,"PidMode":null,"Isolation":null,"SecurityOpt":null,"StorageOpt":null,"CgroupParent":null,"VolumeDriver":null,"ShmSize":null,"PidsLimit":null,"Runtime":null,"Tmpfs":null,"UTSMode":null,"UsernsMode":null,"Sysctls":null,"ConsoleSize":null,"CgroupnsMode":null},"Labels":{"org.testcontainers":"true","org.testcontainers.lang":"java","org.testcontainers.version":"1.19.3","org.testcontainers.sessionId":"19636001-dfb0-4a92-a4d9-9b302f9285c4"},"Shell":null,"NetworkingConfig":{"EndpointsConfig":{"f616b05dd96dd6b6e63724e496eb83a1d4e976e96a5b268a96925535349cd985":{"IPAMConfig":null,"Links":null,"Aliases":["tc-BfY5P7p9"],"NetworkID":null,"EndpointID":null,"Gateway":null,"IPAddress":null,"IPPrefixLen":null,"IPv6Gateway":null,"GlobalIPv6Address":null,"GlobalIPv6PrefixLen":null,"MacAddress":null}}}}"
15:11:14.545 [main] DEBUG com.github.dockerjava.zerodep.shaded.org.apache.hc.client5.http.wire -- http-outgoing-2 << "HTTP/1.1 201 Created[\r][\n]"
15:11:14.545 [main] DEBUG com.github.dockerjava.zerodep.shaded.org.apache.hc.client5.http.wire -- http-outgoing-2 << "Api-Version: 1.47[\r][\n]"
15:11:14.546 [main] DEBUG com.github.dockerjava.zerodep.shaded.org.apache.hc.client5.http.wire -- http-outgoing-2 << "Content-Type: application/json[\r][\n]"
15:11:14.546 [main] DEBUG com.github.dockerjava.zerodep.shaded.org.apache.hc.client5.http.wire -- http-outgoing-2 << "Date: Fri, 02 May 2025 13:11:14 GMT[\r][\n]"
15:11:14.546 [main] DEBUG com.github.dockerjava.zerodep.shaded.org.apache.hc.client5.http.wire -- http-outgoing-2 << "Docker-Experimental: false[\r][\n]"
15:11:14.546 [main] DEBUG com.github.dockerjava.zerodep.shaded.org.apache.hc.client5.http.wire -- http-outgoing-2 << "Ostype: linux[\r][\n]"
15:11:14.546 [main] DEBUG com.github.dockerjava.zerodep.shaded.org.apache.hc.client5.http.wire -- http-outgoing-2 << "Server: Docker/27.5.1 (linux)[\r][\n]"
15:11:14.546 [main] DEBUG com.github.dockerjava.zerodep.shaded.org.apache.hc.client5.http.wire -- http-outgoing-2 << "Transfer-Encoding: chunked[\r][\n]"
15:11:14.546 [main] DEBUG com.github.dockerjava.zerodep.shaded.org.apache.hc.client5.http.wire -- http-outgoing-2 << "[\r][\n]"
15:11:14.546 [main] DEBUG com.github.dockerjava.zerodep.shaded.org.apache.hc.client5.http.headers -- http-outgoing-2 << HTTP/1.1 201 Created
15:11:14.546 [main] DEBUG com.github.dockerjava.zerodep.shaded.org.apache.hc.client5.http.headers -- http-outgoing-2 << Api-Version: 1.47
15:11:14.546 [main] DEBUG com.github.dockerjava.zerodep.shaded.org.apache.hc.client5.http.headers -- http-outgoing-2 << Content-Type: application/json
15:11:14.546 [main] DEBUG com.github.dockerjava.zerodep.shaded.org.apache.hc.client5.http.headers -- http-outgoing-2 << Date: Fri, 02 May 2025 13:11:14 GMT
15:11:14.546 [main] DEBUG com.github.dockerjava.zerodep.shaded.org.apache.hc.client5.http.headers -- http-outgoing-2 << Docker-Experimental: false
15:11:14.546 [main] DEBUG com.github.dockerjava.zerodep.shaded.org.apache.hc.client5.http.headers -- http-outgoing-2 << Ostype: linux
15:11:14.546 [main] DEBUG com.github.dockerjava.zerodep.shaded.org.apache.hc.client5.http.headers -- http-outgoing-2 << Server: Docker/27.5.1 (linux)
15:11:14.546 [main] DEBUG com.github.dockerjava.zerodep.shaded.org.apache.hc.client5.http.headers -- http-outgoing-2 << Transfer-Encoding: chunked
15:11:14.546 [main] DEBUG com.github.dockerjava.zerodep.shaded.org.apache.hc.client5.http.impl.classic.MainClientExec -- ex-00000017: connection can be kept alive for 3 MINUTES
15:11:14.546 [main] DEBUG com.github.dockerjava.zerodep.shaded.org.apache.hc.client5.http.wire -- http-outgoing-2 << "58[\r][\n]"
15:11:14.546 [main] DEBUG com.github.dockerjava.zerodep.shaded.org.apache.hc.client5.http.wire -- http-outgoing-2 << "{"Id":"71c6e7cca6ee26d9d9ad062dd642ede98f51ea685b9aed962ec0466bf66c2405","Warnings":[]}[\n]"
15:11:14.546 [main] DEBUG com.github.dockerjava.zerodep.shaded.org.apache.hc.client5.http.wire -- http-outgoing-2 << "[\r][\n]"
15:11:14.546 [main] DEBUG com.github.dockerjava.zerodep.shaded.org.apache.hc.client5.http.wire -- http-outgoing-2 << "0[\r][\n]"
15:11:14.546 [main] DEBUG com.github.dockerjava.zerodep.shaded.org.apache.hc.client5.http.wire -- http-outgoing-2 << "[\r][\n]"
15:11:14.547 [main] DEBUG com.github.dockerjava.zerodep.shaded.org.apache.hc.client5.http.impl.classic.InternalHttpClient -- ep-00000016: releasing valid endpoint
15:11:14.547 [main] DEBUG com.github.dockerjava.zerodep.shaded.org.apache.hc.client5.http.impl.io.PoolingHttpClientConnectionManager -- ep-00000016: releasing endpoint
15:11:14.547 [main] DEBUG com.github.dockerjava.zerodep.shaded.org.apache.hc.client5.http.impl.io.PoolingHttpClientConnectionManager -- ep-00000016: connection http-outgoing-2 can be kept alive for 3 MINUTES
15:11:14.547 [main] DEBUG com.github.dockerjava.zerodep.shaded.org.apache.hc.client5.http.impl.io.PoolingHttpClientConnectionManager -- ep-00000016: connection released [route: {}->npipe://localhost:2375][total available: 2; route allocated: 2 of 2147483647; total allocated: 2 of 2147483647]
15:11:14.547 [main] INFO tc.testcontainers/vnc-recorder:1.3.0 -- Container testcontainers/vnc-recorder:1.3.0 is starting: 71c6e7cca6ee26d9d9ad062dd642ede98f51ea685b9aed962ec0466bf66c2405
15:11:14.547 [main] DEBUG org.testcontainers.shaded.com.github.dockerjava.core.command.AbstrDockerCmd -- Cmd: 71c6e7cca6ee26d9d9ad062dd642ede98f51ea685b9aed962ec0466bf66c2405
15:11:14.548 [main] DEBUG com.github.dockerjava.zerodep.shaded.org.apache.hc.client5.http.impl.classic.InternalHttpClient -- ex-00000018: preparing request execution
15:11:14.548 [main] DEBUG com.github.dockerjava.zerodep.shaded.org.apache.hc.client5.http.protocol.RequestAddCookies -- Cookie spec selected: strict
15:11:14.548 [main] DEBUG com.github.dockerjava.zerodep.shaded.org.apache.hc.client5.http.protocol.RequestAuthCache -- Auth cache not set in the context
15:11:14.548 [main] DEBUG com.github.dockerjava.zerodep.shaded.org.apache.hc.client5.http.impl.classic.ProtocolExec -- ex-00000018: target auth state: UNCHALLENGED
15:11:14.548 [main] DEBUG com.github.dockerjava.zerodep.shaded.org.apache.hc.client5.http.impl.classic.ProtocolExec -- ex-00000018: proxy auth state: UNCHALLENGED
15:11:14.548 [main] DEBUG com.github.dockerjava.zerodep.shaded.org.apache.hc.client5.http.impl.classic.ConnectExec -- ex-00000018: acquiring connection with route {}->npipe://localhost:2375
15:11:14.548 [main] DEBUG com.github.dockerjava.zerodep.shaded.org.apache.hc.client5.http.impl.classic.InternalHttpClient -- ex-00000018: acquiring endpoint (3 MINUTES)
15:11:14.548 [main] DEBUG com.github.dockerjava.zerodep.shaded.org.apache.hc.client5.http.impl.io.PoolingHttpClientConnectionManager -- ex-00000018: endpoint lease request (3 MINUTES) [route: {}->npipe://localhost:2375][total available: 2; route allocated: 2 of 2147483647; total allocated: 2 of 2147483647]
15:11:14.549 [main] DEBUG com.github.dockerjava.zerodep.shaded.org.apache.hc.client5.http.impl.io.PoolingHttpClientConnectionManager -- ex-00000018: endpoint leased [route: {}->npipe://localhost:2375][total available: 1; route allocated: 2 of 2147483647; total allocated: 2 of 2147483647]
15:11:14.549 [main] DEBUG com.github.dockerjava.zerodep.shaded.org.apache.hc.client5.http.impl.io.PoolingHttpClientConnectionManager -- ex-00000018: acquired ep-00000017
15:11:14.549 [main] DEBUG com.github.dockerjava.zerodep.shaded.org.apache.hc.client5.http.impl.classic.InternalHttpClient -- ex-00000018: acquired endpoint ep-00000017
15:11:14.549 [main] DEBUG com.github.dockerjava.zerodep.shaded.org.apache.hc.client5.http.impl.classic.MainClientExec -- ex-00000018: executing POST /v1.32/containers/71c6e7cca6ee26d9d9ad062dd642ede98f51ea685b9aed962ec0466bf66c2405/start HTTP/1.1
15:11:14.549 [main] DEBUG com.github.dockerjava.zerodep.shaded.org.apache.hc.client5.http.impl.classic.InternalHttpClient -- ep-00000017: start execution ex-00000018
15:11:14.549 [main] DEBUG com.github.dockerjava.zerodep.shaded.org.apache.hc.client5.http.impl.io.PoolingHttpClientConnectionManager -- ep-00000017: executing exchange ex-00000018 over http-outgoing-2
15:11:14.549 [main] DEBUG com.github.dockerjava.zerodep.shaded.org.apache.hc.client5.http.headers -- http-outgoing-2 >> POST /v1.32/containers/71c6e7cca6ee26d9d9ad062dd642ede98f51ea685b9aed962ec0466bf66c2405/start HTTP/1.1
15:11:14.549 [main] DEBUG com.github.dockerjava.zerodep.shaded.org.apache.hc.client5.http.headers -- http-outgoing-2 >> accept: application/json
15:11:14.549 [main] DEBUG com.github.dockerjava.zerodep.shaded.org.apache.hc.client5.http.headers -- http-outgoing-2 >> content-type: application/json
15:11:14.549 [main] DEBUG com.github.dockerjava.zerodep.shaded.org.apache.hc.client5.http.headers -- http-outgoing-2 >> x-tc-sid: 19636001-dfb0-4a92-a4d9-9b302f9285c4
15:11:14.549 [main] DEBUG com.github.dockerjava.zerodep.shaded.org.apache.hc.client5.http.headers -- http-outgoing-2 >> User-Agent: tc-java/1.19.3
15:11:14.549 [main] DEBUG com.github.dockerjava.zerodep.shaded.org.apache.hc.client5.http.headers -- http-outgoing-2 >> Accept-Encoding: gzip, x-gzip, deflate
15:11:14.549 [main] DEBUG com.github.dockerjava.zerodep.shaded.org.apache.hc.client5.http.headers -- http-outgoing-2 >> Host: localhost:2375
15:11:14.549 [main] DEBUG com.github.dockerjava.zerodep.shaded.org.apache.hc.client5.http.headers -- http-outgoing-2 >> Connection: keep-alive
15:11:14.549 [main] DEBUG com.github.dockerjava.zerodep.shaded.org.apache.hc.client5.http.wire -- http-outgoing-2 >> "POST /v1.32/containers/71c6e7cca6ee26d9d9ad062dd642ede98f51ea685b9aed962ec0466bf66c2405/start HTTP/1.1[\r][\n]"
15:11:14.549 [main] DEBUG com.github.dockerjava.zerodep.shaded.org.apache.hc.client5.http.wire -- http-outgoing-2 >> "accept: application/json[\r][\n]"
15:11:14.549 [main] DEBUG com.github.dockerjava.zerodep.shaded.org.apache.hc.client5.http.wire -- http-outgoing-2 >> "content-type: application/json[\r][\n]"
15:11:14.549 [main] DEBUG com.github.dockerjava.zerodep.shaded.org.apache.hc.client5.http.wire -- http-outgoing-2 >> "x-tc-sid: 19636001-dfb0-4a92-a4d9-9b302f9285c4[\r][\n]"
15:11:14.549 [main] DEBUG com.github.dockerjava.zerodep.shaded.org.apache.hc.client5.http.wire -- http-outgoing-2 >> "User-Agent: tc-java/1.19.3[\r][\n]"
15:11:14.549 [main] DEBUG com.github.dockerjava.zerodep.shaded.org.apache.hc.client5.http.wire -- http-outgoing-2 >> "Accept-Encoding: gzip, x-gzip, deflate[\r][\n]"
15:11:14.549 [main] DEBUG com.github.dockerjava.zerodep.shaded.org.apache.hc.client5.http.wire -- http-outgoing-2 >> "Host: localhost:2375[\r][\n]"
15:11:14.549 [main] DEBUG com.github.dockerjava.zerodep.shaded.org.apache.hc.client5.http.wire -- http-outgoing-2 >> "Connection: keep-alive[\r][\n]"
15:11:14.549 [main] DEBUG com.github.dockerjava.zerodep.shaded.org.apache.hc.client5.http.wire -- http-outgoing-2 >> "[\r][\n]"
15:11:15.094 [main] DEBUG com.github.dockerjava.zerodep.shaded.org.apache.hc.client5.http.wire -- http-outgoing-2 << "HTTP/1.1 204 No Content[\r][\n]"
15:11:15.094 [main] DEBUG com.github.dockerjava.zerodep.shaded.org.apache.hc.client5.http.wire -- http-outgoing-2 << "Api-Version: 1.47[\r][\n]"
15:11:15.094 [main] DEBUG com.github.dockerjava.zerodep.shaded.org.apache.hc.client5.http.wire -- http-outgoing-2 << "Date: Fri, 02 May 2025 13:11:15 GMT[\r][\n]"
15:11:15.094 [main] DEBUG com.github.dockerjava.zerodep.shaded.org.apache.hc.client5.http.wire -- http-outgoing-2 << "Docker-Experimental: false[\r][\n]"
15:11:15.094 [main] DEBUG com.github.dockerjava.zerodep.shaded.org.apache.hc.client5.http.wire -- http-outgoing-2 << "Ostype: linux[\r][\n]"
15:11:15.094 [main] DEBUG com.github.dockerjava.zerodep.shaded.org.apache.hc.client5.http.wire -- http-outgoing-2 << "Server: Docker/27.5.1 (linux)[\r][\n]"
15:11:15.094 [main] DEBUG com.github.dockerjava.zerodep.shaded.org.apache.hc.client5.http.wire -- http-outgoing-2 << "[\r][\n]"
15:11:15.095 [main] DEBUG com.github.dockerjava.zerodep.shaded.org.apache.hc.client5.http.headers -- http-outgoing-2 << HTTP/1.1 204 No Content
15:11:15.095 [main] DEBUG com.github.dockerjava.zerodep.shaded.org.apache.hc.client5.http.headers -- http-outgoing-2 << Api-Version: 1.47
15:11:15.095 [main] DEBUG com.github.dockerjava.zerodep.shaded.org.apache.hc.client5.http.headers -- http-outgoing-2 << Date: Fri, 02 May 2025 13:11:15 GMT
15:11:15.095 [main] DEBUG com.github.dockerjava.zerodep.shaded.org.apache.hc.client5.http.headers -- http-outgoing-2 << Docker-Experimental: false
15:11:15.095 [main] DEBUG com.github.dockerjava.zerodep.shaded.org.apache.hc.client5.http.headers -- http-outgoing-2 << Ostype: linux
15:11:15.095 [main] DEBUG com.github.dockerjava.zerodep.shaded.org.apache.hc.client5.http.headers -- http-outgoing-2 << Server: Docker/27.5.1 (linux)
15:11:15.095 [main] DEBUG com.github.dockerjava.zerodep.shaded.org.apache.hc.client5.http.impl.classic.MainClientExec -- ex-00000018: connection can be kept alive for 3 MINUTES
15:11:15.095 [main] DEBUG com.github.dockerjava.zerodep.shaded.org.apache.hc.client5.http.impl.classic.InternalHttpClient -- ep-00000017: releasing valid endpoint
15:11:15.095 [main] DEBUG com.github.dockerjava.zerodep.shaded.org.apache.hc.client5.http.impl.io.PoolingHttpClientConnectionManager -- ep-00000017: releasing endpoint
15:11:15.095 [main] DEBUG com.github.dockerjava.zerodep.shaded.org.apache.hc.client5.http.impl.io.PoolingHttpClientConnectionManager -- ep-00000017: connection http-outgoing-2 can be kept alive for 3 MINUTES
15:11:15.096 [main] DEBUG com.github.dockerjava.zerodep.shaded.org.apache.hc.client5.http.impl.io.PoolingHttpClientConnectionManager -- ep-00000017: connection released [route: {}->npipe://localhost:2375][total available: 2; route allocated: 2 of 2147483647; total allocated: 2 of 2147483647]
15:11:15.096 [main] DEBUG org.testcontainers.shaded.com.github.dockerjava.core.command.AbstrDockerCmd -- Cmd: 71c6e7cca6ee26d9d9ad062dd642ede98f51ea685b9aed962ec0466bf66c2405,false
15:11:15.096 [main] DEBUG org.testcontainers.shaded.com.github.dockerjava.core.exec.InspectContainerCmdExec -- GET: DefaultWebTarget{path=[/containers/71c6e7cca6ee26d9d9ad062dd642ede98f51ea685b9aed962ec0466bf66c2405/json], queryParams={}}
15:11:15.096 [main] DEBUG com.github.dockerjava.zerodep.shaded.org.apache.hc.client5.http.impl.classic.InternalHttpClient -- ex-00000019: preparing request execution
15:11:15.096 [main] DEBUG com.github.dockerjava.zerodep.shaded.org.apache.hc.client5.http.protocol.RequestAddCookies -- Cookie spec selected: strict
15:11:15.096 [main] DEBUG com.github.dockerjava.zerodep.shaded.org.apache.hc.client5.http.protocol.RequestAuthCache -- Auth cache not set in the context
15:11:15.096 [main] DEBUG com.github.dockerjava.zerodep.shaded.org.apache.hc.client5.http.impl.classic.ProtocolExec -- ex-00000019: target auth state: UNCHALLENGED
15:11:15.096 [main] DEBUG com.github.dockerjava.zerodep.shaded.org.apache.hc.client5.http.impl.classic.ProtocolExec -- ex-00000019: proxy auth state: UNCHALLENGED
15:11:15.097 [main] DEBUG com.github.dockerjava.zerodep.shaded.org.apache.hc.client5.http.impl.classic.ConnectExec -- ex-00000019: acquiring connection with route {}->npipe://localhost:2375
15:11:15.097 [main] DEBUG com.github.dockerjava.zerodep.shaded.org.apache.hc.client5.http.impl.classic.InternalHttpClient -- ex-00000019: acquiring endpoint (3 MINUTES)
15:11:15.097 [main] DEBUG com.github.dockerjava.zerodep.shaded.org.apache.hc.client5.http.impl.io.PoolingHttpClientConnectionManager -- ex-00000019: endpoint lease request (3 MINUTES) [route: {}->npipe://localhost:2375][total available: 2; route allocated: 2 of 2147483647; total allocated: 2 of 2147483647]
15:11:15.097 [main] DEBUG com.github.dockerjava.zerodep.shaded.org.apache.hc.client5.http.impl.io.PoolingHttpClientConnectionManager -- ex-00000019: endpoint leased [route: {}->npipe://localhost:2375][total available: 1; route allocated: 2 of 2147483647; total allocated: 2 of 2147483647]
15:11:15.097 [main] DEBUG com.github.dockerjava.zerodep.shaded.org.apache.hc.client5.http.impl.io.PoolingHttpClientConnectionManager -- ex-00000019: acquired ep-00000018
15:11:15.097 [main] DEBUG com.github.dockerjava.zerodep.shaded.org.apache.hc.client5.http.impl.classic.InternalHttpClient -- ex-00000019: acquired endpoint ep-00000018
15:11:15.097 [main] DEBUG com.github.dockerjava.zerodep.shaded.org.apache.hc.client5.http.impl.classic.MainClientExec -- ex-00000019: executing GET /v1.32/containers/71c6e7cca6ee26d9d9ad062dd642ede98f51ea685b9aed962ec0466bf66c2405/json HTTP/1.1
15:11:15.098 [main] DEBUG com.github.dockerjava.zerodep.shaded.org.apache.hc.client5.http.impl.classic.InternalHttpClient -- ep-00000018: start execution ex-00000019
15:11:15.098 [main] DEBUG com.github.dockerjava.zerodep.shaded.org.apache.hc.client5.http.impl.io.PoolingHttpClientConnectionManager -- ep-00000018: executing exchange ex-00000019 over http-outgoing-2
15:11:15.098 [main] DEBUG com.github.dockerjava.zerodep.shaded.org.apache.hc.client5.http.headers -- http-outgoing-2 >> GET /v1.32/containers/71c6e7cca6ee26d9d9ad062dd642ede98f51ea685b9aed962ec0466bf66c2405/json HTTP/1.1
15:11:15.098 [main] DEBUG com.github.dockerjava.zerodep.shaded.org.apache.hc.client5.http.headers -- http-outgoing-2 >> accept: application/json
15:11:15.098 [main] DEBUG com.github.dockerjava.zerodep.shaded.org.apache.hc.client5.http.headers -- http-outgoing-2 >> x-tc-sid: 19636001-dfb0-4a92-a4d9-9b302f9285c4
15:11:15.098 [main] DEBUG com.github.dockerjava.zerodep.shaded.org.apache.hc.client5.http.headers -- http-outgoing-2 >> User-Agent: tc-java/1.19.3
15:11:15.098 [main] DEBUG com.github.dockerjava.zerodep.shaded.org.apache.hc.client5.http.headers -- http-outgoing-2 >> Accept-Encoding: gzip, x-gzip, deflate
15:11:15.098 [main] DEBUG com.github.dockerjava.zerodep.shaded.org.apache.hc.client5.http.headers -- http-outgoing-2 >> Host: localhost:2375
15:11:15.098 [main] DEBUG com.github.dockerjava.zerodep.shaded.org.apache.hc.client5.http.headers -- http-outgoing-2 >> Connection: keep-alive
15:11:15.098 [main] DEBUG com.github.dockerjava.zerodep.shaded.org.apache.hc.client5.http.wire -- http-outgoing-2 >> "GET /v1.32/containers/71c6e7cca6ee26d9d9ad062dd642ede98f51ea685b9aed962ec0466bf66c2405/json HTTP/1.1[\r][\n]"
15:11:15.098 [main] DEBUG com.github.dockerjava.zerodep.shaded.org.apache.hc.client5.http.wire -- http-outgoing-2 >> "accept: application/json[\r][\n]"
15:11:15.098 [main] DEBUG com.github.dockerjava.zerodep.shaded.org.apache.hc.client5.http.wire -- http-outgoing-2 >> "x-tc-sid: 19636001-dfb0-4a92-a4d9-9b302f9285c4[\r][\n]"
15:11:15.098 [main] DEBUG com.github.dockerjava.zerodep.shaded.org.apache.hc.client5.http.wire -- http-outgoing-2 >> "User-Agent: tc-java/1.19.3[\r][\n]"
15:11:15.098 [main] DEBUG com.github.dockerjava.zerodep.shaded.org.apache.hc.client5.http.wire -- http-outgoing-2 >> "Accept-Encoding: gzip, x-gzip, deflate[\r][\n]"
15:11:15.098 [main] DEBUG com.github.dockerjava.zerodep.shaded.org.apache.hc.client5.http.wire -- http-outgoing-2 >> "Host: localhost:2375[\r][\n]"
15:11:15.098 [main] DEBUG com.github.dockerjava.zerodep.shaded.org.apache.hc.client5.http.wire -- http-outgoing-2 >> "Connection: keep-alive[\r][\n]"
15:11:15.098 [main] DEBUG com.github.dockerjava.zerodep.shaded.org.apache.hc.client5.http.wire -- http-outgoing-2 >> "[\r][\n]"
15:11:15.105 [main] DEBUG com.github.dockerjava.zerodep.shaded.org.apache.hc.client5.http.wire -- http-outgoing-2 << "HTTP/1.1 200 OK[\r][\n]"
15:11:15.105 [main] DEBUG com.github.dockerjava.zerodep.shaded.org.apache.hc.client5.http.wire -- http-outgoing-2 << "Api-Version: 1.47[\r][\n]"
15:11:15.105 [main] DEBUG com.github.dockerjava.zerodep.shaded.org.apache.hc.client5.http.wire -- http-outgoing-2 << "Content-Type: application/json[\r][\n]"
15:11:15.105 [main] DEBUG com.github.dockerjava.zerodep.shaded.org.apache.hc.client5.http.wire -- http-outgoing-2 << "Date: Fri, 02 May 2025 13:11:15 GMT[\r][\n]"
15:11:15.105 [main] DEBUG com.github.dockerjava.zerodep.shaded.org.apache.hc.client5.http.wire -- http-outgoing-2 << "Docker-Experimental: false[\r][\n]"
15:11:15.105 [main] DEBUG com.github.dockerjava.zerodep.shaded.org.apache.hc.client5.http.wire -- http-outgoing-2 << "Ostype: linux[\r][\n]"
15:11:15.105 [main] DEBUG com.github.dockerjava.zerodep.shaded.org.apache.hc.client5.http.wire -- http-outgoing-2 << "Server: Docker/27.5.1 (linux)[\r][\n]"
15:11:15.105 [main] DEBUG com.github.dockerjava.zerodep.shaded.org.apache.hc.client5.http.wire -- http-outgoing-2 << "Transfer-Encoding: chunked[\r][\n]"
15:11:15.105 [main] DEBUG com.github.dockerjava.zerodep.shaded.org.apache.hc.client5.http.wire -- http-outgoing-2 << "[\r][\n]"
15:11:15.106 [main] DEBUG com.github.dockerjava.zerodep.shaded.org.apache.hc.client5.http.headers -- http-outgoing-2 << HTTP/1.1 200 OK
15:11:15.106 [main] DEBUG com.github.dockerjava.zerodep.shaded.org.apache.hc.client5.http.headers -- http-outgoing-2 << Api-Version: 1.47
15:11:15.106 [main] DEBUG com.github.dockerjava.zerodep.shaded.org.apache.hc.client5.http.headers -- http-outgoing-2 << Content-Type: application/json
15:11:15.106 [main] DEBUG com.github.dockerjava.zerodep.shaded.org.apache.hc.client5.http.headers -- http-outgoing-2 << Date: Fri, 02 May 2025 13:11:15 GMT
15:11:15.106 [main] DEBUG com.github.dockerjava.zerodep.shaded.org.apache.hc.client5.http.headers -- http-outgoing-2 << Docker-Experimental: false
15:11:15.106 [main] DEBUG com.github.dockerjava.zerodep.shaded.org.apache.hc.client5.http.headers -- http-outgoing-2 << Ostype: linux
15:11:15.106 [main] DEBUG com.github.dockerjava.zerodep.shaded.org.apache.hc.client5.http.headers -- http-outgoing-2 << Server: Docker/27.5.1 (linux)
15:11:15.106 [main] DEBUG com.github.dockerjava.zerodep.shaded.org.apache.hc.client5.http.headers -- http-outgoing-2 << Transfer-Encoding: chunked
15:11:15.106 [main] DEBUG com.github.dockerjava.zerodep.shaded.org.apache.hc.client5.http.impl.classic.MainClientExec -- ex-00000019: connection can be kept alive for 3 MINUTES
15:11:15.112 [main] DEBUG com.github.dockerjava.zerodep.shaded.org.apache.hc.client5.http.wire -- http-outgoing-2 << "1273[\r][\n]"
15:11:15.112 [main] DEBUG com.github.dockerjava.zerodep.shaded.org.apache.hc.client5.http.wire -- http-outgoing-2 << "{"Id":"71c6e7cca6ee26d9d9ad062dd642ede98f51ea685b9aed962ec0466bf66c2405","Created":"2025-05-02T13:11:14.450149469Z","Path":"/bin/sh","Args":["-c","echo 'c2VjcmV0' | base64 -d \u003e /vnc_password \u0026\u0026 flvrec.py -o /screen.flv -d -r 30 -P /vnc_password tc-M7Yg14ma 5900"],"State":{"Status":"running","Running":true,"Paused":false,"Restarting":false,"OOMKilled":false,"Dead":false,"Pid":26576,"ExitCode":0,"Error":"","StartedAt":"2025-05-02T13:11:14.770139751Z","FinishedAt":"0001-01-01T00:00:00Z"},"Image":"sha256:97fba4daa01bdb900a0716e48765e32c39e26d9357522a5b6004da7799f0822e","ResolvConfPath":"/var/lib/docker/containers/71c6e7cca6ee26d9d9ad062dd642ede98f51ea685b9aed962ec0466bf66c2405/resolv.conf","HostnamePath":"/var/lib/docker/containers/71c6e7cca6ee26d9d9ad062dd642ede98f51ea685b9aed962ec0466bf66c2405/hostname","HostsPath":"/var/lib/docker/containers/71c6e7cca6ee26d9d9ad062dd642ede98f51ea685b9aed962ec0466bf66c2405/hosts","LogPath":"/var/lib/docker/containers/71c6e7cca6ee26d9d9ad062dd642ede98f51ea685b9aed962ec0466bf66c2405/71c6e7cca6ee26d9d9ad062dd642ede98f51ea685b9aed962ec0466bf66c2405-json.log","Name":"/jovial_carson","RestartCount":0,"Driver":"overlayfs","Platform":"linux","MountLabel":"","ProcessLabel":"","AppArmorProfile":"","ExecIDs":null,"HostConfig":{"Binds":[],"ContainerIDFile":"","LogConfig":{"Type":"json-file","Config":{}},"NetworkMode":"f616b05dd96dd6b6e63724e496eb83a1d4e976e96a5b268a96925535349cd985","PortBindings":{},"RestartPolicy":{"Name":"no","MaximumRetryCount":0},"AutoRemove":false,"VolumeDriver":"","VolumesFrom":[],"ConsoleSize":[0,0],"CapAdd":null,"CapDrop":null,"CgroupnsMode":"host","Dns":null,"DnsOptions":null,"DnsSearch":null,"ExtraHosts":[],"GroupAdd":null,"IpcMode":"shareable","Cgroup":"","Links":null,"OomScoreAdj":0,"PidMode":"","Privileged":false,"PublishAllPorts":false,"ReadonlyRootfs":false,"SecurityOpt":null,"UTSMode":"","UsernsMode":"","ShmSize":67108864,"Runtime":"runc","Isolation":"","CpuShares":0,"Memory":0,"NanoCpus":0,"CgroupParent":"","BlkioWeight":0,"BlkioWeightDevice":null,"BlkioDeviceReadBps":null,"BlkioDeviceWriteBps":null,"BlkioDeviceReadIOps":null,"BlkioDeviceWriteIOps":null,"CpuPeriod":0,"CpuQuota":0,"CpuRealtimePeriod":0,"CpuRealtimeRuntime":0,"CpusetCpus":"","CpusetMems":"","Devices":null,"DeviceCgroupRules":null,"DeviceRequests":null,"MemoryReservation":0,"MemorySwap":0,"MemorySwappiness":null,"OomKillDisable":false,"PidsLimit":null,"Ulimits":null,"CpuCount":0,"CpuPercent":0,"IOMaximumIOps":0,"IOMaximumBandwidth":0,"MaskedPaths":["/proc/asound","/proc/acpi","/proc/kcore","/proc/keys","/proc/latency_stats","/proc/timer_list","/proc/timer_stats","/proc/sched_debug","/proc/scsi","/sys/firmware","/sys/devices/virtual/powercap"],"ReadonlyPaths":["/proc/bus","/proc/fs","/proc/irq","/proc/sys","/proc/sysrq-trigger"]},"GraphDriver":{"Data":null,"Name":"overlayfs"},"Mounts":[],"Config":{"Hostname":"71c6e7cca6ee","Domainname":"","User":"","AttachStdin":false,"AttachStdout":false,"AttachStderr":false,"Tty":false,"OpenStdin":false,"StdinOnce":false,"Env":["PATH=/usr/local/sbin:/usr/local/bin:/usr/sbin:/usr/bin:/sbin:/bin"],"Cmd":["-c","echo 'c2VjcmV0' | base64 -d \u003e /vnc_password \u0026\u0026 flvrec.py -o /screen.flv -d -r 30 -P /vnc_password tc-M7Yg14ma 5900"],"Image":"testcontainers/vnc-recorder:1.3.0","Volumes":null,"WorkingDir":"","Entrypoint":["/bin/sh"],"OnBuild":null,"Labels":{"Description":"This image can be used to create a sidekick container for recording videos of VNC sessions hosted in other containers","maintainer":"Richard North \u003crich.north@gmail.com\u003e","org.testcontainers":"true","org.testcontainers.lang":"java","org.testcontainers.sessionId":"19636001-dfb0-4a92-a4d9-9b302f9285c4","org.testcontainers.version":"1.19.3"}},"NetworkSettings":{"Bridge":"","SandboxID":"8a874b998878f512f7a97a37013166755a830adc8bed8a8dfbf9298adfd71015","SandboxKey":"/var/run/docker/netns/8a874b998878","Ports":{},"HairpinMode":false,"LinkLocalIPv6Address":"","LinkLocalIPv6PrefixLen":0,"SecondaryIPAddresses":null,"SecondaryIPv6Addresses":null,"EndpointID":"","Gateway":"","Gl"
15:11:15.113 [main] DEBUG com.github.dockerjava.zerodep.shaded.org.apache.hc.client5.http.wire -- http-outgoing-2 << "obalIPv6Address":"","GlobalIPv6PrefixLen":0,"IPAddress":"","IPPrefixLen":0,"IPv6Gateway":"","MacAddress":"","Networks":{"b469af70-f952-4995-a4ae-aaf8319c1e20":{"IPAMConfig":null,"Links":null,"Aliases":["tc-BfY5P7p9","71c6e7cca6ee"],"MacAddress":"02:42:ac:13:00:03","DriverOpts":null,"NetworkID":"f616b05dd96dd6b6e63724e496eb83a1d4e976e96a5b268a96925535349cd985","EndpointID":"ba29dcf75a4673e24306a69ce08099c88e710ae35f66e7af911a5391fdfdb227","Gateway":"172.19.0.1","IPAddress":"172.19.0.3","IPPrefixLen":16,"IPv6Gateway":"","GlobalIPv6Address":"","GlobalIPv6PrefixLen":0,"DNSNames":["jovial_carson","tc-BfY5P7p9","71c6e7cca6ee"]}}}}[\n]"
15:11:15.115 [main] DEBUG com.github.dockerjava.zerodep.shaded.org.apache.hc.client5.http.wire -- http-outgoing-2 << "[\r][\n]"
15:11:15.115 [main] DEBUG com.github.dockerjava.zerodep.shaded.org.apache.hc.client5.http.wire -- http-outgoing-2 << "0[\r][\n]"
15:11:15.115 [main] DEBUG com.github.dockerjava.zerodep.shaded.org.apache.hc.client5.http.wire -- http-outgoing-2 << "[\r][\n]"
15:11:15.115 [main] DEBUG com.github.dockerjava.zerodep.shaded.org.apache.hc.client5.http.impl.classic.InternalHttpClient -- ep-00000018: releasing valid endpoint
15:11:15.115 [main] DEBUG com.github.dockerjava.zerodep.shaded.org.apache.hc.client5.http.impl.io.PoolingHttpClientConnectionManager -- ep-00000018: releasing endpoint
15:11:15.115 [main] DEBUG com.github.dockerjava.zerodep.shaded.org.apache.hc.client5.http.impl.io.PoolingHttpClientConnectionManager -- ep-00000018: connection http-outgoing-2 can be kept alive for 3 MINUTES
15:11:15.115 [main] DEBUG com.github.dockerjava.zerodep.shaded.org.apache.hc.client5.http.impl.io.PoolingHttpClientConnectionManager -- ep-00000018: connection released [route: {}->npipe://localhost:2375][total available: 2; route allocated: 2 of 2147483647; total allocated: 2 of 2147483647]
15:11:15.116 [main] DEBUG org.testcontainers.shaded.com.github.dockerjava.core.command.AbstrDockerCmd -- Cmd: sha256:97fba4daa01bdb900a0716e48765e32c39e26d9357522a5b6004da7799f0822e
15:11:15.116 [main] DEBUG com.github.dockerjava.zerodep.shaded.org.apache.hc.client5.http.impl.classic.InternalHttpClient -- ex-0000001A: preparing request execution
15:11:15.116 [main] DEBUG com.github.dockerjava.zerodep.shaded.org.apache.hc.client5.http.protocol.RequestAddCookies -- Cookie spec selected: strict
15:11:15.116 [main] DEBUG com.github.dockerjava.zerodep.shaded.org.apache.hc.client5.http.protocol.RequestAuthCache -- Auth cache not set in the context
15:11:15.116 [main] DEBUG com.github.dockerjava.zerodep.shaded.org.apache.hc.client5.http.impl.classic.ProtocolExec -- ex-0000001A: target auth state: UNCHALLENGED
15:11:15.116 [main] DEBUG com.github.dockerjava.zerodep.shaded.org.apache.hc.client5.http.impl.classic.ProtocolExec -- ex-0000001A: proxy auth state: UNCHALLENGED
15:11:15.116 [main] DEBUG com.github.dockerjava.zerodep.shaded.org.apache.hc.client5.http.impl.classic.ConnectExec -- ex-0000001A: acquiring connection with route {}->npipe://localhost:2375
15:11:15.116 [main] DEBUG com.github.dockerjava.zerodep.shaded.org.apache.hc.client5.http.impl.classic.InternalHttpClient -- ex-0000001A: acquiring endpoint (3 MINUTES)
15:11:15.116 [main] DEBUG com.github.dockerjava.zerodep.shaded.org.apache.hc.client5.http.impl.io.PoolingHttpClientConnectionManager -- ex-0000001A: endpoint lease request (3 MINUTES) [route: {}->npipe://localhost:2375][total available: 2; route allocated: 2 of 2147483647; total allocated: 2 of 2147483647]
15:11:15.116 [main] DEBUG com.github.dockerjava.zerodep.shaded.org.apache.hc.client5.http.impl.io.PoolingHttpClientConnectionManager -- ex-0000001A: endpoint leased [route: {}->npipe://localhost:2375][total available: 1; route allocated: 2 of 2147483647; total allocated: 2 of 2147483647]
15:11:15.117 [main] DEBUG com.github.dockerjava.zerodep.shaded.org.apache.hc.client5.http.impl.io.PoolingHttpClientConnectionManager -- ex-0000001A: acquired ep-00000019
15:11:15.117 [main] DEBUG com.github.dockerjava.zerodep.shaded.org.apache.hc.client5.http.impl.classic.InternalHttpClient -- ex-0000001A: acquired endpoint ep-00000019
15:11:15.117 [main] DEBUG com.github.dockerjava.zerodep.shaded.org.apache.hc.client5.http.impl.classic.MainClientExec -- ex-0000001A: executing GET /v1.32/images/sha256:97fba4daa01bdb900a0716e48765e32c39e26d9357522a5b6004da7799f0822e/json HTTP/1.1
15:11:15.117 [main] DEBUG com.github.dockerjava.zerodep.shaded.org.apache.hc.client5.http.impl.classic.InternalHttpClient -- ep-00000019: start execution ex-0000001A
15:11:15.117 [main] DEBUG com.github.dockerjava.zerodep.shaded.org.apache.hc.client5.http.impl.io.PoolingHttpClientConnectionManager -- ep-00000019: executing exchange ex-0000001A over http-outgoing-2
15:11:15.117 [main] DEBUG com.github.dockerjava.zerodep.shaded.org.apache.hc.client5.http.headers -- http-outgoing-2 >> GET /v1.32/images/sha256:97fba4daa01bdb900a0716e48765e32c39e26d9357522a5b6004da7799f0822e/json HTTP/1.1
15:11:15.117 [main] DEBUG com.github.dockerjava.zerodep.shaded.org.apache.hc.client5.http.headers -- http-outgoing-2 >> accept: application/json
15:11:15.117 [main] DEBUG com.github.dockerjava.zerodep.shaded.org.apache.hc.client5.http.headers -- http-outgoing-2 >> x-tc-sid: 19636001-dfb0-4a92-a4d9-9b302f9285c4
15:11:15.117 [main] DEBUG com.github.dockerjava.zerodep.shaded.org.apache.hc.client5.http.headers -- http-outgoing-2 >> User-Agent: tc-java/1.19.3
15:11:15.117 [main] DEBUG com.github.dockerjava.zerodep.shaded.org.apache.hc.client5.http.headers -- http-outgoing-2 >> Accept-Encoding: gzip, x-gzip, deflate
15:11:15.117 [main] DEBUG com.github.dockerjava.zerodep.shaded.org.apache.hc.client5.http.headers -- http-outgoing-2 >> Host: localhost:2375
15:11:15.117 [main] DEBUG com.github.dockerjava.zerodep.shaded.org.apache.hc.client5.http.headers -- http-outgoing-2 >> Connection: keep-alive
15:11:15.117 [main] DEBUG com.github.dockerjava.zerodep.shaded.org.apache.hc.client5.http.wire -- http-outgoing-2 >> "GET /v1.32/images/sha256:97fba4daa01bdb900a0716e48765e32c39e26d9357522a5b6004da7799f0822e/json HTTP/1.1[\r][\n]"
15:11:15.117 [main] DEBUG com.github.dockerjava.zerodep.shaded.org.apache.hc.client5.http.wire -- http-outgoing-2 >> "accept: application/json[\r][\n]"
15:11:15.117 [main] DEBUG com.github.dockerjava.zerodep.shaded.org.apache.hc.client5.http.wire -- http-outgoing-2 >> "x-tc-sid: 19636001-dfb0-4a92-a4d9-9b302f9285c4[\r][\n]"
15:11:15.117 [main] DEBUG com.github.dockerjava.zerodep.shaded.org.apache.hc.client5.http.wire -- http-outgoing-2 >> "User-Agent: tc-java/1.19.3[\r][\n]"
15:11:15.117 [main] DEBUG com.github.dockerjava.zerodep.shaded.org.apache.hc.client5.http.wire -- http-outgoing-2 >> "Accept-Encoding: gzip, x-gzip, deflate[\r][\n]"
15:11:15.117 [main] DEBUG com.github.dockerjava.zerodep.shaded.org.apache.hc.client5.http.wire -- http-outgoing-2 >> "Host: localhost:2375[\r][\n]"
15:11:15.117 [main] DEBUG com.github.dockerjava.zerodep.shaded.org.apache.hc.client5.http.wire -- http-outgoing-2 >> "Connection: keep-alive[\r][\n]"
15:11:15.117 [main] DEBUG com.github.dockerjava.zerodep.shaded.org.apache.hc.client5.http.wire -- http-outgoing-2 >> "[\r][\n]"
15:11:15.141 [main] DEBUG com.github.dockerjava.zerodep.shaded.org.apache.hc.client5.http.wire -- http-outgoing-2 << "HTTP/1.1 200 OK[\r][\n]"
15:11:15.141 [main] DEBUG com.github.dockerjava.zerodep.shaded.org.apache.hc.client5.http.wire -- http-outgoing-2 << "Api-Version: 1.47[\r][\n]"
15:11:15.141 [main] DEBUG com.github.dockerjava.zerodep.shaded.org.apache.hc.client5.http.wire -- http-outgoing-2 << "Content-Type: application/json[\r][\n]"
15:11:15.141 [main] DEBUG com.github.dockerjava.zerodep.shaded.org.apache.hc.client5.http.wire -- http-outgoing-2 << "Date: Fri, 02 May 2025 13:11:15 GMT[\r][\n]"
15:11:15.141 [main] DEBUG com.github.dockerjava.zerodep.shaded.org.apache.hc.client5.http.wire -- http-outgoing-2 << "Docker-Experimental: false[\r][\n]"
15:11:15.141 [main] DEBUG com.github.dockerjava.zerodep.shaded.org.apache.hc.client5.http.wire -- http-outgoing-2 << "Ostype: linux[\r][\n]"
15:11:15.141 [main] DEBUG com.github.dockerjava.zerodep.shaded.org.apache.hc.client5.http.wire -- http-outgoing-2 << "Server: Docker/27.5.1 (linux)[\r][\n]"
15:11:15.141 [main] DEBUG com.github.dockerjava.zerodep.shaded.org.apache.hc.client5.http.wire -- http-outgoing-2 << "Transfer-Encoding: chunked[\r][\n]"
15:11:15.141 [main] DEBUG com.github.dockerjava.zerodep.shaded.org.apache.hc.client5.http.wire -- http-outgoing-2 << "[\r][\n]"
15:11:15.141 [main] DEBUG com.github.dockerjava.zerodep.shaded.org.apache.hc.client5.http.headers -- http-outgoing-2 << HTTP/1.1 200 OK
15:11:15.141 [main] DEBUG com.github.dockerjava.zerodep.shaded.org.apache.hc.client5.http.headers -- http-outgoing-2 << Api-Version: 1.47
15:11:15.141 [main] DEBUG com.github.dockerjava.zerodep.shaded.org.apache.hc.client5.http.headers -- http-outgoing-2 << Content-Type: application/json
15:11:15.141 [main] DEBUG com.github.dockerjava.zerodep.shaded.org.apache.hc.client5.http.headers -- http-outgoing-2 << Date: Fri, 02 May 2025 13:11:15 GMT
15:11:15.141 [main] DEBUG com.github.dockerjava.zerodep.shaded.org.apache.hc.client5.http.headers -- http-outgoing-2 << Docker-Experimental: false
15:11:15.141 [main] DEBUG com.github.dockerjava.zerodep.shaded.org.apache.hc.client5.http.headers -- http-outgoing-2 << Ostype: linux
15:11:15.141 [main] DEBUG com.github.dockerjava.zerodep.shaded.org.apache.hc.client5.http.headers -- http-outgoing-2 << Server: Docker/27.5.1 (linux)
15:11:15.141 [main] DEBUG com.github.dockerjava.zerodep.shaded.org.apache.hc.client5.http.headers -- http-outgoing-2 << Transfer-Encoding: chunked
15:11:15.141 [main] DEBUG com.github.dockerjava.zerodep.shaded.org.apache.hc.client5.http.impl.classic.MainClientExec -- ex-0000001A: connection can be kept alive for 3 MINUTES
15:11:15.141 [main] DEBUG com.github.dockerjava.zerodep.shaded.org.apache.hc.client5.http.wire -- http-outgoing-2 << "62c[\r][\n]"
15:11:15.142 [main] DEBUG com.github.dockerjava.zerodep.shaded.org.apache.hc.client5.http.wire -- http-outgoing-2 << "{"Id":"sha256:97fba4daa01bdb900a0716e48765e32c39e26d9357522a5b6004da7799f0822e","RepoTags":["testcontainers/vnc-recorder:1.3.0"],"RepoDigests":["testcontainers/vnc-recorder@sha256:97fba4daa01bdb900a0716e48765e32c39e26d9357522a5b6004da7799f0822e"],"Parent":"","Comment":"buildkit.dockerfile.v0","Created":"2022-11-23T13:43:28.996024796Z","ContainerConfig":{"Hostname":"","Domainname":"","User":"","AttachStdin":false,"AttachStdout":false,"AttachStderr":false,"Tty":false,"OpenStdin":false,"StdinOnce":false,"Env":null,"Cmd":null,"Image":"","Volumes":null,"WorkingDir":"","Entrypoint":null,"OnBuild":null,"Labels":null},"DockerVersion":"27.5.1","Author":"","Config":{"Hostname":"","Domainname":"","User":"","AttachStdin":false,"AttachStdout":false,"AttachStderr":false,"Tty":false,"OpenStdin":false,"StdinOnce":false,"Env":["PATH=/usr/local/sbin:/usr/local/bin:/usr/sbin:/usr/bin:/sbin:/bin"],"Cmd":["--help"],"ArgsEscaped":true,"Image":"","Volumes":null,"WorkingDir":"","Entrypoint":["flvrec.py"],"OnBuild":null,"Labels":{"Description":"This image can be used to create a sidekick container for recording videos of VNC sessions hosted in other containers","maintainer":"Richard North <rich.north@gmail.com>"}},"Architecture":"amd64","Os":"linux","Size":266546989,"VirtualSize":266546989,"GraphDriver":{"Data":null,"Name":"overlayfs"},"RootFS":{"Type":"layers","Layers":["sha256:07cab433985205f29909739f511777a810f4a9aff486355b71308bb654cdc868","sha256:6ff66b407081b5472634abfe9f44925eea53e23873c8e7ce81870c1d1e50ee3c"]},"Metadata":{"LastTagTime":"2025-05-01T17:44:31.817576144Z"}}[\n]"
15:11:15.142 [main] DEBUG com.github.dockerjava.zerodep.shaded.org.apache.hc.client5.http.wire -- http-outgoing-2 << "[\r][\n]"
15:11:15.142 [main] DEBUG com.github.dockerjava.zerodep.shaded.org.apache.hc.client5.http.wire -- http-outgoing-2 << "0[\r][\n]"
15:11:15.142 [main] DEBUG com.github.dockerjava.zerodep.shaded.org.apache.hc.client5.http.wire -- http-outgoing-2 << "[\r][\n]"
15:11:15.143 [main] DEBUG com.github.dockerjava.zerodep.shaded.org.apache.hc.client5.http.impl.classic.InternalHttpClient -- ep-00000019: releasing valid endpoint
15:11:15.143 [main] DEBUG com.github.dockerjava.zerodep.shaded.org.apache.hc.client5.http.impl.io.PoolingHttpClientConnectionManager -- ep-00000019: releasing endpoint
15:11:15.143 [main] DEBUG com.github.dockerjava.zerodep.shaded.org.apache.hc.client5.http.impl.io.PoolingHttpClientConnectionManager -- ep-00000019: connection http-outgoing-2 can be kept alive for 3 MINUTES
15:11:15.143 [main] DEBUG com.github.dockerjava.zerodep.shaded.org.apache.hc.client5.http.impl.io.PoolingHttpClientConnectionManager -- ep-00000019: connection released [route: {}->npipe://localhost:2375][total available: 2; route allocated: 2 of 2147483647; total allocated: 2 of 2147483647]
15:11:15.143 [main] DEBUG org.testcontainers.shaded.com.github.dockerjava.core.command.AbstrDockerCmd -- Cmd: 
15:11:15.143 [main] DEBUG com.github.dockerjava.zerodep.shaded.org.apache.hc.client5.http.impl.classic.InternalHttpClient -- ex-0000001B: preparing request execution
15:11:15.143 [main] DEBUG com.github.dockerjava.zerodep.shaded.org.apache.hc.client5.http.protocol.RequestAddCookies -- Cookie spec selected: strict
15:11:15.143 [main] DEBUG com.github.dockerjava.zerodep.shaded.org.apache.hc.client5.http.protocol.RequestAuthCache -- Auth cache not set in the context
15:11:15.143 [main] DEBUG com.github.dockerjava.zerodep.shaded.org.apache.hc.client5.http.impl.classic.ProtocolExec -- ex-0000001B: target auth state: UNCHALLENGED
15:11:15.143 [main] DEBUG com.github.dockerjava.zerodep.shaded.org.apache.hc.client5.http.impl.classic.ProtocolExec -- ex-0000001B: proxy auth state: UNCHALLENGED
15:11:15.143 [main] DEBUG com.github.dockerjava.zerodep.shaded.org.apache.hc.client5.http.impl.classic.ConnectExec -- ex-0000001B: acquiring connection with route {}->npipe://localhost:2375
15:11:15.143 [main] DEBUG com.github.dockerjava.zerodep.shaded.org.apache.hc.client5.http.impl.classic.InternalHttpClient -- ex-0000001B: acquiring endpoint (3 MINUTES)
15:11:15.143 [main] DEBUG com.github.dockerjava.zerodep.shaded.org.apache.hc.client5.http.impl.io.PoolingHttpClientConnectionManager -- ex-0000001B: endpoint lease request (3 MINUTES) [route: {}->npipe://localhost:2375][total available: 2; route allocated: 2 of 2147483647; total allocated: 2 of 2147483647]
15:11:15.144 [main] DEBUG com.github.dockerjava.zerodep.shaded.org.apache.hc.client5.http.impl.io.PoolingHttpClientConnectionManager -- ex-0000001B: endpoint leased [route: {}->npipe://localhost:2375][total available: 1; route allocated: 2 of 2147483647; total allocated: 2 of 2147483647]
15:11:15.144 [main] DEBUG com.github.dockerjava.zerodep.shaded.org.apache.hc.client5.http.impl.io.PoolingHttpClientConnectionManager -- ex-0000001B: acquired ep-0000001A
15:11:15.144 [main] DEBUG com.github.dockerjava.zerodep.shaded.org.apache.hc.client5.http.impl.classic.InternalHttpClient -- ex-0000001B: acquired endpoint ep-0000001A
15:11:15.144 [main] DEBUG com.github.dockerjava.zerodep.shaded.org.apache.hc.client5.http.impl.classic.MainClientExec -- ex-0000001B: executing GET /v1.32/version HTTP/1.1
15:11:15.144 [main] DEBUG com.github.dockerjava.zerodep.shaded.org.apache.hc.client5.http.impl.classic.InternalHttpClient -- ep-0000001A: start execution ex-0000001B
15:11:15.144 [main] DEBUG com.github.dockerjava.zerodep.shaded.org.apache.hc.client5.http.impl.io.PoolingHttpClientConnectionManager -- ep-0000001A: executing exchange ex-0000001B over http-outgoing-2
15:11:15.144 [main] DEBUG com.github.dockerjava.zerodep.shaded.org.apache.hc.client5.http.headers -- http-outgoing-2 >> GET /v1.32/version HTTP/1.1
15:11:15.144 [main] DEBUG com.github.dockerjava.zerodep.shaded.org.apache.hc.client5.http.headers -- http-outgoing-2 >> accept: application/json
15:11:15.144 [main] DEBUG com.github.dockerjava.zerodep.shaded.org.apache.hc.client5.http.headers -- http-outgoing-2 >> x-tc-sid: 19636001-dfb0-4a92-a4d9-9b302f9285c4
15:11:15.144 [main] DEBUG com.github.dockerjava.zerodep.shaded.org.apache.hc.client5.http.headers -- http-outgoing-2 >> User-Agent: tc-java/1.19.3
15:11:15.144 [main] DEBUG com.github.dockerjava.zerodep.shaded.org.apache.hc.client5.http.headers -- http-outgoing-2 >> Accept-Encoding: gzip, x-gzip, deflate
15:11:15.144 [main] DEBUG com.github.dockerjava.zerodep.shaded.org.apache.hc.client5.http.headers -- http-outgoing-2 >> Host: localhost:2375
15:11:15.144 [main] DEBUG com.github.dockerjava.zerodep.shaded.org.apache.hc.client5.http.headers -- http-outgoing-2 >> Connection: keep-alive
15:11:15.144 [main] DEBUG com.github.dockerjava.zerodep.shaded.org.apache.hc.client5.http.wire -- http-outgoing-2 >> "GET /v1.32/version HTTP/1.1[\r][\n]"
15:11:15.144 [main] DEBUG com.github.dockerjava.zerodep.shaded.org.apache.hc.client5.http.wire -- http-outgoing-2 >> "accept: application/json[\r][\n]"
15:11:15.144 [main] DEBUG com.github.dockerjava.zerodep.shaded.org.apache.hc.client5.http.wire -- http-outgoing-2 >> "x-tc-sid: 19636001-dfb0-4a92-a4d9-9b302f9285c4[\r][\n]"
15:11:15.144 [main] DEBUG com.github.dockerjava.zerodep.shaded.org.apache.hc.client5.http.wire -- http-outgoing-2 >> "User-Agent: tc-java/1.19.3[\r][\n]"
15:11:15.144 [main] DEBUG com.github.dockerjava.zerodep.shaded.org.apache.hc.client5.http.wire -- http-outgoing-2 >> "Accept-Encoding: gzip, x-gzip, deflate[\r][\n]"
15:11:15.144 [main] DEBUG com.github.dockerjava.zerodep.shaded.org.apache.hc.client5.http.wire -- http-outgoing-2 >> "Host: localhost:2375[\r][\n]"
15:11:15.144 [main] DEBUG com.github.dockerjava.zerodep.shaded.org.apache.hc.client5.http.wire -- http-outgoing-2 >> "Connection: keep-alive[\r][\n]"
15:11:15.144 [main] DEBUG com.github.dockerjava.zerodep.shaded.org.apache.hc.client5.http.wire -- http-outgoing-2 >> "[\r][\n]"
15:11:15.162 [main] DEBUG com.github.dockerjava.zerodep.shaded.org.apache.hc.client5.http.wire -- http-outgoing-2 << "HTTP/1.1 200 OK[\r][\n]"
15:11:15.163 [main] DEBUG com.github.dockerjava.zerodep.shaded.org.apache.hc.client5.http.wire -- http-outgoing-2 << "Api-Version: 1.47[\r][\n]"
15:11:15.163 [main] DEBUG com.github.dockerjava.zerodep.shaded.org.apache.hc.client5.http.wire -- http-outgoing-2 << "Content-Type: application/json[\r][\n]"
15:11:15.163 [main] DEBUG com.github.dockerjava.zerodep.shaded.org.apache.hc.client5.http.wire -- http-outgoing-2 << "Date: Fri, 02 May 2025 13:11:15 GMT[\r][\n]"
15:11:15.163 [main] DEBUG com.github.dockerjava.zerodep.shaded.org.apache.hc.client5.http.wire -- http-outgoing-2 << "Docker-Experimental: false[\r][\n]"
15:11:15.163 [main] DEBUG com.github.dockerjava.zerodep.shaded.org.apache.hc.client5.http.wire -- http-outgoing-2 << "Ostype: linux[\r][\n]"
15:11:15.163 [main] DEBUG com.github.dockerjava.zerodep.shaded.org.apache.hc.client5.http.wire -- http-outgoing-2 << "Server: Docker/27.5.1 (linux)[\r][\n]"
15:11:15.163 [main] DEBUG com.github.dockerjava.zerodep.shaded.org.apache.hc.client5.http.wire -- http-outgoing-2 << "Transfer-Encoding: chunked[\r][\n]"
15:11:15.163 [main] DEBUG com.github.dockerjava.zerodep.shaded.org.apache.hc.client5.http.wire -- http-outgoing-2 << "[\r][\n]"
15:11:15.163 [main] DEBUG com.github.dockerjava.zerodep.shaded.org.apache.hc.client5.http.headers -- http-outgoing-2 << HTTP/1.1 200 OK
15:11:15.163 [main] DEBUG com.github.dockerjava.zerodep.shaded.org.apache.hc.client5.http.headers -- http-outgoing-2 << Api-Version: 1.47
15:11:15.163 [main] DEBUG com.github.dockerjava.zerodep.shaded.org.apache.hc.client5.http.headers -- http-outgoing-2 << Content-Type: application/json
15:11:15.163 [main] DEBUG com.github.dockerjava.zerodep.shaded.org.apache.hc.client5.http.headers -- http-outgoing-2 << Date: Fri, 02 May 2025 13:11:15 GMT
15:11:15.163 [main] DEBUG com.github.dockerjava.zerodep.shaded.org.apache.hc.client5.http.headers -- http-outgoing-2 << Docker-Experimental: false
15:11:15.163 [main] DEBUG com.github.dockerjava.zerodep.shaded.org.apache.hc.client5.http.headers -- http-outgoing-2 << Ostype: linux
15:11:15.163 [main] DEBUG com.github.dockerjava.zerodep.shaded.org.apache.hc.client5.http.headers -- http-outgoing-2 << Server: Docker/27.5.1 (linux)
15:11:15.163 [main] DEBUG com.github.dockerjava.zerodep.shaded.org.apache.hc.client5.http.headers -- http-outgoing-2 << Transfer-Encoding: chunked
15:11:15.163 [main] DEBUG com.github.dockerjava.zerodep.shaded.org.apache.hc.client5.http.impl.classic.MainClientExec -- ex-0000001B: connection can be kept alive for 3 MINUTES
15:11:15.164 [main] DEBUG com.github.dockerjava.zerodep.shaded.org.apache.hc.client5.http.wire -- http-outgoing-2 << "362[\r][\n]"
15:11:15.164 [main] DEBUG com.github.dockerjava.zerodep.shaded.org.apache.hc.client5.http.wire -- http-outgoing-2 << "{"Platform":{"Name":"Docker Desktop 4.38.0 (181591)"},"Components":[{"Name":"Engine","Version":"27.5.1","Details":{"ApiVersion":"1.47","Arch":"amd64","BuildTime":"2025-01-22T13:41:17.000000000+00:00","Experimental":"false","GitCommit":"4c9b3b0","GoVersion":"go1.22.11","KernelVersion":"5.15.167.4-microsoft-standard-WSL2","MinAPIVersion":"1.24","Os":"linux"}},{"Name":"containerd","Version":"1.7.25","Details":{"GitCommit":"bcc810d6b9066471b0b6fa75f557a15a1cbf31bb"}},{"Name":"runc","Version":"1.1.12","Details":{"GitCommit":"v1.1.12-0-g51d5e946"}},{"Name":"docker-init","Version":"0.19.0","Details":{"GitCommit":"de40ad0"}}],"Version":"27.5.1","ApiVersion":"1.47","MinAPIVersion":"1.24","GitCommit":"4c9b3b0","GoVersion":"go1.22.11","Os":"linux","Arch":"amd64","KernelVersion":"5.15.167.4-microsoft-standard-WSL2","BuildTime":"2025-01-22T13:41:17.000000000+00:00"}[\n]"
15:11:15.164 [main] DEBUG com.github.dockerjava.zerodep.shaded.org.apache.hc.client5.http.wire -- http-outgoing-2 << "[\r][\n]"
15:11:15.164 [main] DEBUG com.github.dockerjava.zerodep.shaded.org.apache.hc.client5.http.wire -- http-outgoing-2 << "0[\r][\n]"
15:11:15.165 [main] DEBUG com.github.dockerjava.zerodep.shaded.org.apache.hc.client5.http.wire -- http-outgoing-2 << "[\r][\n]"
15:11:15.165 [main] DEBUG com.github.dockerjava.zerodep.shaded.org.apache.hc.client5.http.impl.classic.InternalHttpClient -- ep-0000001A: releasing valid endpoint
15:11:15.165 [main] DEBUG com.github.dockerjava.zerodep.shaded.org.apache.hc.client5.http.impl.io.PoolingHttpClientConnectionManager -- ep-0000001A: releasing endpoint
15:11:15.165 [main] DEBUG com.github.dockerjava.zerodep.shaded.org.apache.hc.client5.http.impl.io.PoolingHttpClientConnectionManager -- ep-0000001A: connection http-outgoing-2 can be kept alive for 3 MINUTES
15:11:15.165 [main] DEBUG com.github.dockerjava.zerodep.shaded.org.apache.hc.client5.http.impl.io.PoolingHttpClientConnectionManager -- ep-0000001A: connection released [route: {}->npipe://localhost:2375][total available: 2; route allocated: 2 of 2147483647; total allocated: 2 of 2147483647]
15:11:15.166 [docker-java-stream-538796156] DEBUG com.github.dockerjava.zerodep.shaded.org.apache.hc.client5.http.impl.classic.InternalHttpClient -- ex-0000001C: preparing request execution
15:11:15.166 [docker-java-stream-538796156] DEBUG com.github.dockerjava.zerodep.shaded.org.apache.hc.client5.http.protocol.RequestAddCookies -- Cookie spec selected: strict
15:11:15.167 [docker-java-stream-538796156] DEBUG com.github.dockerjava.zerodep.shaded.org.apache.hc.client5.http.protocol.RequestAuthCache -- Auth cache not set in the context
15:11:15.167 [docker-java-stream-538796156] DEBUG com.github.dockerjava.zerodep.shaded.org.apache.hc.client5.http.impl.classic.ProtocolExec -- ex-0000001C: target auth state: UNCHALLENGED
15:11:15.167 [docker-java-stream-538796156] DEBUG com.github.dockerjava.zerodep.shaded.org.apache.hc.client5.http.impl.classic.ProtocolExec -- ex-0000001C: proxy auth state: UNCHALLENGED
15:11:15.167 [docker-java-stream-538796156] DEBUG com.github.dockerjava.zerodep.shaded.org.apache.hc.client5.http.impl.classic.ConnectExec -- ex-0000001C: acquiring connection with route {}->npipe://localhost:2375
15:11:15.167 [docker-java-stream-538796156] DEBUG com.github.dockerjava.zerodep.shaded.org.apache.hc.client5.http.impl.classic.InternalHttpClient -- ex-0000001C: acquiring endpoint (3 MINUTES)
15:11:15.167 [docker-java-stream-538796156] DEBUG com.github.dockerjava.zerodep.shaded.org.apache.hc.client5.http.impl.io.PoolingHttpClientConnectionManager -- ex-0000001C: endpoint lease request (3 MINUTES) [route: {}->npipe://localhost:2375][total available: 2; route allocated: 2 of 2147483647; total allocated: 2 of 2147483647]
15:11:15.167 [docker-java-stream-538796156] DEBUG com.github.dockerjava.zerodep.shaded.org.apache.hc.client5.http.impl.io.PoolingHttpClientConnectionManager -- ex-0000001C: endpoint leased [route: {}->npipe://localhost:2375][total available: 1; route allocated: 2 of 2147483647; total allocated: 2 of 2147483647]
15:11:15.167 [docker-java-stream-538796156] DEBUG com.github.dockerjava.zerodep.shaded.org.apache.hc.client5.http.impl.io.PoolingHttpClientConnectionManager -- ex-0000001C: acquired ep-0000001B
15:11:15.167 [docker-java-stream-538796156] DEBUG com.github.dockerjava.zerodep.shaded.org.apache.hc.client5.http.impl.classic.InternalHttpClient -- ex-0000001C: acquired endpoint ep-0000001B
15:11:15.167 [docker-java-stream-538796156] DEBUG com.github.dockerjava.zerodep.shaded.org.apache.hc.client5.http.impl.classic.MainClientExec -- ex-0000001C: executing GET /v1.32/containers/71c6e7cca6ee26d9d9ad062dd642ede98f51ea685b9aed962ec0466bf66c2405/logs?stdout=true&stderr=true&follow=true&since=0 HTTP/1.1
15:11:15.167 [docker-java-stream-538796156] DEBUG com.github.dockerjava.zerodep.shaded.org.apache.hc.client5.http.impl.classic.InternalHttpClient -- ep-0000001B: start execution ex-0000001C
15:11:15.167 [docker-java-stream-538796156] DEBUG com.github.dockerjava.zerodep.shaded.org.apache.hc.client5.http.impl.io.PoolingHttpClientConnectionManager -- ep-0000001B: executing exchange ex-0000001C over http-outgoing-2
15:11:15.167 [docker-java-stream-538796156] DEBUG com.github.dockerjava.zerodep.shaded.org.apache.hc.client5.http.headers -- http-outgoing-2 >> GET /v1.32/containers/71c6e7cca6ee26d9d9ad062dd642ede98f51ea685b9aed962ec0466bf66c2405/logs?stdout=true&stderr=true&follow=true&since=0 HTTP/1.1
15:11:15.167 [docker-java-stream-538796156] DEBUG com.github.dockerjava.zerodep.shaded.org.apache.hc.client5.http.headers -- http-outgoing-2 >> x-tc-sid: 19636001-dfb0-4a92-a4d9-9b302f9285c4
15:11:15.167 [docker-java-stream-538796156] DEBUG com.github.dockerjava.zerodep.shaded.org.apache.hc.client5.http.headers -- http-outgoing-2 >> User-Agent: tc-java/1.19.3
15:11:15.167 [docker-java-stream-538796156] DEBUG com.github.dockerjava.zerodep.shaded.org.apache.hc.client5.http.headers -- http-outgoing-2 >> Accept-Encoding: gzip, x-gzip, deflate
15:11:15.167 [docker-java-stream-538796156] DEBUG com.github.dockerjava.zerodep.shaded.org.apache.hc.client5.http.headers -- http-outgoing-2 >> Host: localhost:2375
15:11:15.167 [docker-java-stream-538796156] DEBUG com.github.dockerjava.zerodep.shaded.org.apache.hc.client5.http.headers -- http-outgoing-2 >> Connection: keep-alive
15:11:15.167 [docker-java-stream-538796156] DEBUG com.github.dockerjava.zerodep.shaded.org.apache.hc.client5.http.wire -- http-outgoing-2 >> "GET /v1.32/containers/71c6e7cca6ee26d9d9ad062dd642ede98f51ea685b9aed962ec0466bf66c2405/logs?stdout=true&stderr=true&follow=true&since=0 HTTP/1.1[\r][\n]"
15:11:15.167 [docker-java-stream-538796156] DEBUG com.github.dockerjava.zerodep.shaded.org.apache.hc.client5.http.wire -- http-outgoing-2 >> "x-tc-sid: 19636001-dfb0-4a92-a4d9-9b302f9285c4[\r][\n]"
15:11:15.167 [docker-java-stream-538796156] DEBUG com.github.dockerjava.zerodep.shaded.org.apache.hc.client5.http.wire -- http-outgoing-2 >> "User-Agent: tc-java/1.19.3[\r][\n]"
15:11:15.167 [docker-java-stream-538796156] DEBUG com.github.dockerjava.zerodep.shaded.org.apache.hc.client5.http.wire -- http-outgoing-2 >> "Accept-Encoding: gzip, x-gzip, deflate[\r][\n]"
15:11:15.167 [docker-java-stream-538796156] DEBUG com.github.dockerjava.zerodep.shaded.org.apache.hc.client5.http.wire -- http-outgoing-2 >> "Host: localhost:2375[\r][\n]"
15:11:15.167 [docker-java-stream-538796156] DEBUG com.github.dockerjava.zerodep.shaded.org.apache.hc.client5.http.wire -- http-outgoing-2 >> "Connection: keep-alive[\r][\n]"
15:11:15.167 [docker-java-stream-538796156] DEBUG com.github.dockerjava.zerodep.shaded.org.apache.hc.client5.http.wire -- http-outgoing-2 >> "[\r][\n]"
15:11:15.175 [docker-java-stream-538796156] DEBUG com.github.dockerjava.zerodep.shaded.org.apache.hc.client5.http.wire -- http-outgoing-2 << "HTTP/1.1 200 OK[\r][\n]"
15:11:15.175 [docker-java-stream-538796156] DEBUG com.github.dockerjava.zerodep.shaded.org.apache.hc.client5.http.wire -- http-outgoing-2 << "Api-Version: 1.47[\r][\n]"
15:11:15.175 [docker-java-stream-538796156] DEBUG com.github.dockerjava.zerodep.shaded.org.apache.hc.client5.http.wire -- http-outgoing-2 << "Content-Type: application/vnd.docker.raw-stream[\r][\n]"
15:11:15.175 [docker-java-stream-538796156] DEBUG com.github.dockerjava.zerodep.shaded.org.apache.hc.client5.http.wire -- http-outgoing-2 << "Date: Fri, 02 May 2025 13:11:15 GMT[\r][\n]"
15:11:15.175 [docker-java-stream-538796156] DEBUG com.github.dockerjava.zerodep.shaded.org.apache.hc.client5.http.wire -- http-outgoing-2 << "Docker-Experimental: false[\r][\n]"
15:11:15.175 [docker-java-stream-538796156] DEBUG com.github.dockerjava.zerodep.shaded.org.apache.hc.client5.http.wire -- http-outgoing-2 << "Ostype: linux[\r][\n]"
15:11:15.175 [docker-java-stream-538796156] DEBUG com.github.dockerjava.zerodep.shaded.org.apache.hc.client5.http.wire -- http-outgoing-2 << "Server: Docker/27.5.1 (linux)[\r][\n]"
15:11:15.175 [docker-java-stream-538796156] DEBUG com.github.dockerjava.zerodep.shaded.org.apache.hc.client5.http.wire -- http-outgoing-2 << "Transfer-Encoding: chunked[\r][\n]"
15:11:15.175 [docker-java-stream-538796156] DEBUG com.github.dockerjava.zerodep.shaded.org.apache.hc.client5.http.wire -- http-outgoing-2 << "[\r][\n]"
15:11:15.176 [docker-java-stream-538796156] DEBUG com.github.dockerjava.zerodep.shaded.org.apache.hc.client5.http.headers -- http-outgoing-2 << HTTP/1.1 200 OK
15:11:15.176 [docker-java-stream-538796156] DEBUG com.github.dockerjava.zerodep.shaded.org.apache.hc.client5.http.headers -- http-outgoing-2 << Api-Version: 1.47
15:11:15.176 [docker-java-stream-538796156] DEBUG com.github.dockerjava.zerodep.shaded.org.apache.hc.client5.http.headers -- http-outgoing-2 << Content-Type: application/vnd.docker.raw-stream
15:11:15.176 [docker-java-stream-538796156] DEBUG com.github.dockerjava.zerodep.shaded.org.apache.hc.client5.http.headers -- http-outgoing-2 << Date: Fri, 02 May 2025 13:11:15 GMT
15:11:15.176 [docker-java-stream-538796156] DEBUG com.github.dockerjava.zerodep.shaded.org.apache.hc.client5.http.headers -- http-outgoing-2 << Docker-Experimental: false
15:11:15.176 [docker-java-stream-538796156] DEBUG com.github.dockerjava.zerodep.shaded.org.apache.hc.client5.http.headers -- http-outgoing-2 << Ostype: linux
15:11:15.176 [docker-java-stream-538796156] DEBUG com.github.dockerjava.zerodep.shaded.org.apache.hc.client5.http.headers -- http-outgoing-2 << Server: Docker/27.5.1 (linux)
15:11:15.176 [docker-java-stream-538796156] DEBUG com.github.dockerjava.zerodep.shaded.org.apache.hc.client5.http.headers -- http-outgoing-2 << Transfer-Encoding: chunked
15:11:15.176 [docker-java-stream-538796156] DEBUG com.github.dockerjava.zerodep.shaded.org.apache.hc.client5.http.impl.classic.MainClientExec -- ex-0000001C: connection can be kept alive for 3 MINUTES
15:11:15.293 [docker-java-stream-538796156] DEBUG com.github.dockerjava.zerodep.shaded.org.apache.hc.client5.http.wire -- http-outgoing-2 << "ba[\r][\n]"
15:11:15.293 [docker-java-stream-538796156] DEBUG com.github.dockerjava.zerodep.shaded.org.apache.hc.client5.http.wire -- http-outgoing-2 << "[0x2][0x0][0x0][0x0][0x0][0x0][0x0]5write_header: flv_version=1, audio=False, video=True[\n]"
15:11:15.293 [docker-java-stream-538796156] DEBUG com.github.dockerjava.zerodep.shaded.org.apache.hc.client5.http.wire -- http-outgoing-2 << "[0x2][0x0][0x0][0x0][0x0][0x0][0x0]]write_metadata: {'duration': 0, 'width': 0, 'framerate': 30, 'videocodecid': 3, 'height': 0}[\n]"
15:11:15.293 [docker-java-stream-538796156] DEBUG com.github.dockerjava.zerodep.shaded.org.apache.hc.client5.http.wire -- http-outgoing-2 << "[0x2][0x0][0x0][0x0][0x0][0x0][0x0][0x10]start recording[\n]"
15:11:15.293 [docker-java-stream-538796156] DEBUG com.github.dockerjava.zerodep.shaded.org.apache.hc.client5.http.wire -- http-outgoing-2 << "[\r][\n]"
15:11:15.296 [main] DEBUG org.testcontainers.containers.output.WaitingConsumer -- STDERR: start recording
15:11:15.297 [main] DEBUG org.testcontainers.containers.output.WaitingConsumer -- STDERR: write_metadata: {'duration': 0, 'width': 0, 'framerate': 30, 'videocodecid': 3, 'height': 0}
15:11:15.297 [main] DEBUG org.testcontainers.containers.output.WaitingConsumer -- STDERR: write_header: flv_version=1, audio=False, video=True
15:11:15.341 [docker-java-stream-538796156] DEBUG com.github.dockerjava.zerodep.shaded.org.apache.hc.client5.http.wire -- http-outgoing-2 << "24[\r][\n]"
15:11:15.341 [docker-java-stream-538796156] DEBUG com.github.dockerjava.zerodep.shaded.org.apache.hc.client5.http.wire -- http-outgoing-2 << "[0x2][0x0][0x0][0x0][0x0][0x0][0x0][0x1c]Connected: tc-M7Yg14ma:5900[\n]"
15:11:15.341 [docker-java-stream-538796156] DEBUG com.github.dockerjava.zerodep.shaded.org.apache.hc.client5.http.wire -- http-outgoing-2 << "[\r][\n]"
15:11:15.343 [main] DEBUG org.testcontainers.containers.output.WaitingConsumer -- STDERR: Connected: tc-M7Yg14ma:5900
15:11:15.344 [main] DEBUG com.github.dockerjava.zerodep.shaded.org.apache.hc.client5.http.impl.classic.InternalHttpClient -- ep-0000001B: cancel
15:11:15.345 [main] DEBUG com.github.dockerjava.zerodep.shaded.org.apache.hc.client5.http.impl.io.DefaultManagedHttpClientConnection -- http-outgoing-2: close connection IMMEDIATE
15:11:15.345 [docker-java-stream-538796156] DEBUG com.github.dockerjava.zerodep.shaded.org.apache.hc.client5.http.wire -- http-outgoing-2 << "end of stream"
15:11:15.345 [main] DEBUG com.github.dockerjava.zerodep.shaded.org.apache.hc.client5.http.impl.classic.InternalHttpClient -- ep-0000001B: endpoint closed
15:11:15.345 [main] DEBUG com.github.dockerjava.zerodep.shaded.org.apache.hc.client5.http.impl.classic.InternalHttpClient -- ep-0000001B: discarding endpoint
15:11:15.345 [main] DEBUG com.github.dockerjava.zerodep.shaded.org.apache.hc.client5.http.impl.io.PoolingHttpClientConnectionManager -- ep-0000001B: releasing endpoint
15:11:15.345 [main] DEBUG com.github.dockerjava.zerodep.shaded.org.apache.hc.client5.http.impl.io.PoolingHttpClientConnectionManager -- ep-0000001B: connection is not kept alive
15:11:15.345 [main] DEBUG com.github.dockerjava.zerodep.shaded.org.apache.hc.client5.http.impl.io.PoolingHttpClientConnectionManager -- ep-0000001B: connection released [route: {}->npipe://localhost:2375][total available: 1; route allocated: 1 of 2147483647; total allocated: 1 of 2147483647]
15:11:15.345 [docker-java-stream-538796156] DEBUG com.github.dockerjava.zerodep.shaded.org.apache.hc.client5.http.wire -- http-outgoing-2 << "[read] I/O error: java.nio.channels.ClosedChannelException"
15:11:15.346 [main] DEBUG com.github.dockerjava.zerodep.shaded.org.apache.hc.client5.http.wire -- http-outgoing-2 << "[read] I/O error: java.nio.channels.ClosedChannelException"
15:11:15.345 [docker-java-stream-538796156] DEBUG com.github.dockerjava.zerodep.ApacheDockerHttpClientImpl$ApacheResponse -- Failed to close the response
java.io.IOException: java.nio.channels.ClosedChannelException
	at java.base/java.nio.channels.Channels$1.read(Channels.java:166)
	at com.github.dockerjava.zerodep.shaded.org.apache.hc.client5.http.impl.io.LoggingInputStream.read(LoggingInputStream.java:81)
	at com.github.dockerjava.zerodep.shaded.org.apache.hc.core5.http.impl.io.SessionInputBufferImpl.fillBuffer(SessionInputBufferImpl.java:149)
	at com.github.dockerjava.zerodep.shaded.org.apache.hc.core5.http.impl.io.SessionInputBufferImpl.readLine(SessionInputBufferImpl.java:280)
	at com.github.dockerjava.zerodep.shaded.org.apache.hc.core5.http.impl.io.ChunkedInputStream.getChunkSize(ChunkedInputStream.java:261)
	at com.github.dockerjava.zerodep.shaded.org.apache.hc.core5.http.impl.io.ChunkedInputStream.nextChunk(ChunkedInputStream.java:222)
	at com.github.dockerjava.zerodep.shaded.org.apache.hc.core5.http.impl.io.ChunkedInputStream.read(ChunkedInputStream.java:147)
	at com.github.dockerjava.zerodep.shaded.org.apache.hc.core5.http.impl.io.ChunkedInputStream.close(ChunkedInputStream.java:314)
	at com.github.dockerjava.zerodep.shaded.org.apache.hc.core5.io.Closer.close(Closer.java:48)
	at com.github.dockerjava.zerodep.shaded.org.apache.hc.core5.http.impl.io.IncomingHttpEntity.close(IncomingHttpEntity.java:111)
	at com.github.dockerjava.zerodep.shaded.org.apache.hc.core5.http.io.entity.HttpEntityWrapper.close(HttpEntityWrapper.java:120)
	at com.github.dockerjava.zerodep.shaded.org.apache.hc.core5.io.Closer.close(Closer.java:48)
	at com.github.dockerjava.zerodep.shaded.org.apache.hc.core5.http.message.BasicClassicHttpResponse.close(BasicClassicHttpResponse.java:93)
	at com.github.dockerjava.zerodep.shaded.org.apache.hc.client5.http.impl.classic.CloseableHttpResponse.close(CloseableHttpResponse.java:200)
	at com.github.dockerjava.zerodep.ApacheDockerHttpClientImpl$ApacheResponse.close(ApacheDockerHttpClientImpl.java:256)
	at org.testcontainers.shaded.com.github.dockerjava.core.DefaultInvocationBuilder.lambda$executeAndStream$1(DefaultInvocationBuilder.java:277)
	at java.base/java.lang.Thread.run(Thread.java:1583)
Caused by: java.nio.channels.ClosedChannelException: null
	at java.base/sun.nio.ch.WindowsAsynchronousFileChannelImpl.implRead(WindowsAsynchronousFileChannelImpl.java:521)
	at java.base/sun.nio.ch.AsynchronousFileChannelImpl.read(AsynchronousFileChannelImpl.java:229)
	at com.github.dockerjava.transport.NamedPipeSocket$AsynchronousFileByteChannel.read(NamedPipeSocket.java:117)
	at java.base/java.nio.channels.Channels$1.read(Channels.java:164)
	... 16 common frames omitted
15:11:15.346 [main] DEBUG com.github.dockerjava.zerodep.ApacheDockerHttpClientImpl$ApacheResponse -- Failed to close the response
java.io.IOException: java.nio.channels.ClosedChannelException
	at java.base/java.nio.channels.Channels$1.read(Channels.java:166)
	at com.github.dockerjava.zerodep.shaded.org.apache.hc.client5.http.impl.io.LoggingInputStream.read(LoggingInputStream.java:81)
	at com.github.dockerjava.zerodep.shaded.org.apache.hc.core5.http.impl.io.SessionInputBufferImpl.fillBuffer(SessionInputBufferImpl.java:149)
	at com.github.dockerjava.zerodep.shaded.org.apache.hc.core5.http.impl.io.SessionInputBufferImpl.readLine(SessionInputBufferImpl.java:280)
	at com.github.dockerjava.zerodep.shaded.org.apache.hc.core5.http.impl.io.ChunkedInputStream.getChunkSize(ChunkedInputStream.java:261)
	at com.github.dockerjava.zerodep.shaded.org.apache.hc.core5.http.impl.io.ChunkedInputStream.nextChunk(ChunkedInputStream.java:222)
	at com.github.dockerjava.zerodep.shaded.org.apache.hc.core5.http.impl.io.ChunkedInputStream.read(ChunkedInputStream.java:147)
	at com.github.dockerjava.zerodep.shaded.org.apache.hc.core5.http.impl.io.ChunkedInputStream.close(ChunkedInputStream.java:314)
	at com.github.dockerjava.zerodep.shaded.org.apache.hc.core5.io.Closer.close(Closer.java:48)
	at com.github.dockerjava.zerodep.shaded.org.apache.hc.core5.http.impl.io.IncomingHttpEntity.close(IncomingHttpEntity.java:111)
	at com.github.dockerjava.zerodep.shaded.org.apache.hc.core5.http.io.entity.HttpEntityWrapper.close(HttpEntityWrapper.java:120)
	at com.github.dockerjava.zerodep.shaded.org.apache.hc.core5.io.Closer.close(Closer.java:48)
	at com.github.dockerjava.zerodep.shaded.org.apache.hc.core5.http.message.BasicClassicHttpResponse.close(BasicClassicHttpResponse.java:93)
	at com.github.dockerjava.zerodep.shaded.org.apache.hc.client5.http.impl.classic.CloseableHttpResponse.close(CloseableHttpResponse.java:200)
	at com.github.dockerjava.zerodep.ApacheDockerHttpClientImpl$ApacheResponse.close(ApacheDockerHttpClientImpl.java:256)
	at org.testcontainers.shaded.com.github.dockerjava.core.DefaultInvocationBuilder.lambda$null$0(DefaultInvocationBuilder.java:272)
	at com.github.dockerjava.api.async.ResultCallbackTemplate.close(ResultCallbackTemplate.java:77)
	at org.testcontainers.containers.output.FrameConsumerResultCallback.close(FrameConsumerResultCallback.java:69)
	at org.testcontainers.containers.wait.strategy.LogMessageWaitStrategy.waitUntilReady(LogMessageWaitStrategy.java:49)
	at org.testcontainers.containers.wait.strategy.AbstractWaitStrategy.waitUntilReady(AbstractWaitStrategy.java:52)
	at org.testcontainers.containers.GenericContainer.waitUntilContainerStarted(GenericContainer.java:912)
	at org.testcontainers.containers.GenericContainer.tryStart(GenericContainer.java:503)
	at org.testcontainers.containers.GenericContainer.lambda$doStart$0(GenericContainer.java:357)
	at org.rnorth.ducttape.unreliables.Unreliables.retryUntilSuccess(Unreliables.java:81)
	at org.testcontainers.containers.GenericContainer.doStart(GenericContainer.java:347)
	at org.testcontainers.containers.GenericContainer.start(GenericContainer.java:333)
	at org.testcontainers.containers.BrowserWebDriverContainer.containerIsStarted(BrowserWebDriverContainer.java:323)
	at org.testcontainers.containers.GenericContainer.containerIsStarted(GenericContainer.java:724)
	at org.testcontainers.containers.GenericContainer.tryStart(GenericContainer.java:545)
	at org.testcontainers.containers.GenericContainer.lambda$doStart$0(GenericContainer.java:357)
	at org.rnorth.ducttape.unreliables.Unreliables.retryUntilSuccess(Unreliables.java:81)
	at org.testcontainers.containers.GenericContainer.doStart(GenericContainer.java:347)
	at org.testcontainers.containers.GenericContainer.start(GenericContainer.java:333)
	at org.testcontainers.junit.jupiter.TestcontainersExtension$StoreAdapter.start(TestcontainersExtension.java:280)
	at org.testcontainers.junit.jupiter.TestcontainersExtension$StoreAdapter.access$200(TestcontainersExtension.java:267)
	at org.testcontainers.junit.jupiter.TestcontainersExtension.lambda$null$4(TestcontainersExtension.java:82)
	at org.junit.platform.engine.support.store.NamespacedHierarchicalStore.lambda$getOrComputeIfAbsent$5(NamespacedHierarchicalStore.java:147)
	at org.junit.platform.engine.support.store.NamespacedHierarchicalStore$MemoizingSupplier.computeValue(NamespacedHierarchicalStore.java:372)
	at org.junit.platform.engine.support.store.NamespacedHierarchicalStore$MemoizingSupplier.get(NamespacedHierarchicalStore.java:361)
	at org.junit.platform.engine.support.store.NamespacedHierarchicalStore$StoredValue.evaluate(NamespacedHierarchicalStore.java:308)
	at org.junit.platform.engine.support.store.NamespacedHierarchicalStore$StoredValue.access$200(NamespacedHierarchicalStore.java:287)
	at org.junit.platform.engine.support.store.NamespacedHierarchicalStore.getOrComputeIfAbsent(NamespacedHierarchicalStore.java:149)
	at org.junit.jupiter.engine.execution.NamespaceAwareStore.lambda$getOrComputeIfAbsent$2(NamespaceAwareStore.java:57)
	at org.junit.jupiter.engine.execution.NamespaceAwareStore.accessStore(NamespaceAwareStore.java:90)
	at org.junit.jupiter.engine.execution.NamespaceAwareStore.getOrComputeIfAbsent(NamespaceAwareStore.java:57)
	at org.testcontainers.junit.jupiter.TestcontainersExtension.lambda$startContainers$5(TestcontainersExtension.java:82)
	at java.base/java.util.ArrayList.forEach(ArrayList.java:1596)
	at org.testcontainers.junit.jupiter.TestcontainersExtension.startContainers(TestcontainersExtension.java:82)
	at org.testcontainers.junit.jupiter.TestcontainersExtension.findTestLifecycleAwareContainers(TestcontainersExtension.java:115)
	at org.testcontainers.junit.jupiter.TestcontainersExtension.beforeEach(TestcontainersExtension.java:100)
	at org.junit.jupiter.engine.descriptor.TestMethodTestDescriptor.lambda$invokeBeforeEachCallbacks$2(TestMethodTestDescriptor.java:167)
	at org.junit.jupiter.engine.descriptor.TestMethodTestDescriptor.lambda$invokeBeforeMethodsOrCallbacksUntilExceptionOccurs$6(TestMethodTestDescriptor.java:203)
	at org.junit.platform.engine.support.hierarchical.ThrowableCollector.execute(ThrowableCollector.java:73)
	at org.junit.jupiter.engine.descriptor.TestMethodTestDescriptor.invokeBeforeMethodsOrCallbacksUntilExceptionOccurs(TestMethodTestDescriptor.java:203)
	at org.junit.jupiter.engine.descriptor.TestMethodTestDescriptor.invokeBeforeEachCallbacks(TestMethodTestDescriptor.java:166)
	at org.junit.jupiter.engine.descriptor.TestMethodTestDescriptor.execute(TestMethodTestDescriptor.java:133)
	at org.junit.jupiter.engine.descriptor.TestMethodTestDescriptor.execute(TestMethodTestDescriptor.java:69)
	at org.junit.platform.engine.support.hierarchical.NodeTestTask.lambda$executeRecursively$6(NodeTestTask.java:151)
	at org.junit.platform.engine.support.hierarchical.ThrowableCollector.execute(ThrowableCollector.java:73)
	at org.junit.platform.engine.support.hierarchical.NodeTestTask.lambda$executeRecursively$8(NodeTestTask.java:141)
	at org.junit.platform.engine.support.hierarchical.Node.around(Node.java:137)
	at org.junit.platform.engine.support.hierarchical.NodeTestTask.lambda$executeRecursively$9(NodeTestTask.java:139)
	at org.junit.platform.engine.support.hierarchical.ThrowableCollector.execute(ThrowableCollector.java:73)
	at org.junit.platform.engine.support.hierarchical.NodeTestTask.executeRecursively(NodeTestTask.java:138)
	at org.junit.platform.engine.support.hierarchical.NodeTestTask.execute(NodeTestTask.java:95)
	at java.base/java.util.ArrayList.forEach(ArrayList.java:1596)
	at org.junit.platform.engine.support.hierarchical.SameThreadHierarchicalTestExecutorService.invokeAll(SameThreadHierarchicalTestExecutorService.java:41)
	at org.junit.platform.engine.support.hierarchical.NodeTestTask.lambda$executeRecursively$6(NodeTestTask.java:155)
	at org.junit.platform.engine.support.hierarchical.ThrowableCollector.execute(ThrowableCollector.java:73)
	at org.junit.platform.engine.support.hierarchical.NodeTestTask.lambda$executeRecursively$8(NodeTestTask.java:141)
	at org.junit.platform.engine.support.hierarchical.Node.around(Node.java:137)
	at org.junit.platform.engine.support.hierarchical.NodeTestTask.lambda$executeRecursively$9(NodeTestTask.java:139)
	at org.junit.platform.engine.support.hierarchical.ThrowableCollector.execute(ThrowableCollector.java:73)
	at org.junit.platform.engine.support.hierarchical.NodeTestTask.executeRecursively(NodeTestTask.java:138)
	at org.junit.platform.engine.support.hierarchical.NodeTestTask.execute(NodeTestTask.java:95)
	at java.base/java.util.ArrayList.forEach(ArrayList.java:1596)
	at org.junit.platform.engine.support.hierarchical.SameThreadHierarchicalTestExecutorService.invokeAll(SameThreadHierarchicalTestExecutorService.java:41)
	at org.junit.platform.engine.support.hierarchical.NodeTestTask.lambda$executeRecursively$6(NodeTestTask.java:155)
	at org.junit.platform.engine.support.hierarchical.ThrowableCollector.execute(ThrowableCollector.java:73)
	at org.junit.platform.engine.support.hierarchical.NodeTestTask.lambda$executeRecursively$8(NodeTestTask.java:141)
	at org.junit.platform.engine.support.hierarchical.Node.around(Node.java:137)
	at org.junit.platform.engine.support.hierarchical.NodeTestTask.lambda$executeRecursively$9(NodeTestTask.java:139)
	at org.junit.platform.engine.support.hierarchical.ThrowableCollector.execute(ThrowableCollector.java:73)
	at org.junit.platform.engine.support.hierarchical.NodeTestTask.executeRecursively(NodeTestTask.java:138)
	at org.junit.platform.engine.support.hierarchical.NodeTestTask.execute(NodeTestTask.java:95)
	at org.junit.platform.engine.support.hierarchical.SameThreadHierarchicalTestExecutorService.submit(SameThreadHierarchicalTestExecutorService.java:35)
	at org.junit.platform.engine.support.hierarchical.HierarchicalTestExecutor.execute(HierarchicalTestExecutor.java:57)
	at org.junit.platform.engine.support.hierarchical.HierarchicalTestEngine.execute(HierarchicalTestEngine.java:54)
	at org.junit.platform.launcher.core.EngineExecutionOrchestrator.execute(EngineExecutionOrchestrator.java:198)
	at org.junit.platform.launcher.core.EngineExecutionOrchestrator.execute(EngineExecutionOrchestrator.java:169)
	at org.junit.platform.launcher.core.EngineExecutionOrchestrator.execute(EngineExecutionOrchestrator.java:93)
	at org.junit.platform.launcher.core.EngineExecutionOrchestrator.lambda$execute$0(EngineExecutionOrchestrator.java:58)
	at org.junit.platform.launcher.core.EngineExecutionOrchestrator.withInterceptedStreams(EngineExecutionOrchestrator.java:141)
	at org.junit.platform.launcher.core.EngineExecutionOrchestrator.execute(EngineExecutionOrchestrator.java:57)
	at org.junit.platform.launcher.core.DefaultLauncher.execute(DefaultLauncher.java:103)
	at org.junit.platform.launcher.core.DefaultLauncher.execute(DefaultLauncher.java:85)
	at org.junit.platform.launcher.core.DelegatingLauncher.execute(DelegatingLauncher.java:47)
	at org.apache.maven.surefire.junitplatform.LazyLauncher.execute(LazyLauncher.java:50)
	at org.apache.maven.surefire.junitplatform.JUnitPlatformProvider.execute(JUnitPlatformProvider.java:184)
	at org.apache.maven.surefire.junitplatform.JUnitPlatformProvider.invokeAllTests(JUnitPlatformProvider.java:148)
	at org.apache.maven.surefire.junitplatform.JUnitPlatformProvider.invoke(JUnitPlatformProvider.java:122)
	at org.apache.maven.surefire.booter.ForkedBooter.runSuitesInProcess(ForkedBooter.java:385)
	at org.apache.maven.surefire.booter.ForkedBooter.execute(ForkedBooter.java:162)
	at org.apache.maven.surefire.booter.ForkedBooter.run(ForkedBooter.java:507)
	at org.apache.maven.surefire.booter.ForkedBooter.main(ForkedBooter.java:495)
Caused by: java.nio.channels.ClosedChannelException: null
	at java.base/sun.nio.ch.WindowsAsynchronousFileChannelImpl.implRead(WindowsAsynchronousFileChannelImpl.java:521)
	at java.base/sun.nio.ch.AsynchronousFileChannelImpl.read(AsynchronousFileChannelImpl.java:229)
	at com.github.dockerjava.transport.NamedPipeSocket$AsynchronousFileByteChannel.read(NamedPipeSocket.java:117)
	at java.base/java.nio.channels.Channels$1.read(Channels.java:164)
	... 104 common frames omitted
15:11:15.347 [main] INFO tc.testcontainers/vnc-recorder:1.3.0 -- Container testcontainers/vnc-recorder:1.3.0 started in PT0.9888373S
15:11:20.351 [main] INFO org.testcontainers.containers.BrowserWebDriverContainer -- Screen recordings for test %5Bengine%3Ajunit-jupiter%5D%2F%5Bclass%3ATestContainersBrowserTest%5D%2F%5Bmethod%3AtestHttpCat404Direct%28%29%5D will be stored at: target\videos\PASSED-%5Bengine%3Ajunit-jupiter%5D%2F%5Bclass%3ATestContainersBrowserTest%5D%2F%5Bmethod%3AtestHttpCat404Direct%28%29%5D-20250502-151120.flv
15:11:20.352 [main] DEBUG org.testcontainers.containers.ExecInContainerPattern -- /jovial_carson: Running "exec" command: ffmpeg -i /screen.flv -vcodec libx264 /newScreen.flv
15:11:20.352 [main] DEBUG org.testcontainers.shaded.com.github.dockerjava.core.command.AbstrDockerCmd -- Cmd: true,<null>,true,{ffmpeg,-i,/screen.flv,-vcodec,libx264,/newScreen.flv},71c6e7cca6ee26d9d9ad062dd642ede98f51ea685b9aed962ec0466bf66c2405,<null>,<null>,<null>,<null>,<null>
15:11:20.353 [main] DEBUG com.github.dockerjava.zerodep.shaded.org.apache.hc.client5.http.impl.classic.InternalHttpClient -- ex-0000001D: preparing request execution
15:11:20.354 [main] DEBUG com.github.dockerjava.zerodep.shaded.org.apache.hc.client5.http.protocol.RequestAddCookies -- Cookie spec selected: strict
15:11:20.354 [main] DEBUG com.github.dockerjava.zerodep.shaded.org.apache.hc.client5.http.protocol.RequestAuthCache -- Auth cache not set in the context
15:11:20.354 [main] DEBUG com.github.dockerjava.zerodep.shaded.org.apache.hc.client5.http.impl.classic.ProtocolExec -- ex-0000001D: target auth state: UNCHALLENGED
15:11:20.354 [main] DEBUG com.github.dockerjava.zerodep.shaded.org.apache.hc.client5.http.impl.classic.ProtocolExec -- ex-0000001D: proxy auth state: UNCHALLENGED
15:11:20.354 [main] DEBUG com.github.dockerjava.zerodep.shaded.org.apache.hc.client5.http.impl.classic.ConnectExec -- ex-0000001D: acquiring connection with route {}->npipe://localhost:2375
15:11:20.354 [main] DEBUG com.github.dockerjava.zerodep.shaded.org.apache.hc.client5.http.impl.classic.InternalHttpClient -- ex-0000001D: acquiring endpoint (3 MINUTES)
15:11:20.354 [main] DEBUG com.github.dockerjava.zerodep.shaded.org.apache.hc.client5.http.impl.io.PoolingHttpClientConnectionManager -- ex-0000001D: endpoint lease request (3 MINUTES) [route: {}->npipe://localhost:2375][total available: 1; route allocated: 1 of 2147483647; total allocated: 1 of 2147483647]
15:11:20.355 [main] DEBUG com.github.dockerjava.zerodep.shaded.org.apache.hc.client5.http.impl.io.PoolingHttpClientConnectionManager -- ex-0000001D: endpoint leased [route: {}->npipe://localhost:2375][total available: 0; route allocated: 1 of 2147483647; total allocated: 1 of 2147483647]
15:11:20.355 [main] DEBUG com.github.dockerjava.zerodep.shaded.org.apache.hc.client5.http.impl.io.PoolingHttpClientConnectionManager -- ex-0000001D: acquired ep-0000001C
15:11:20.355 [main] DEBUG com.github.dockerjava.zerodep.shaded.org.apache.hc.client5.http.impl.classic.InternalHttpClient -- ex-0000001D: acquired endpoint ep-0000001C
15:11:20.356 [main] DEBUG com.github.dockerjava.zerodep.shaded.org.apache.hc.client5.http.impl.classic.MainClientExec -- ex-0000001D: executing POST /v1.32/containers/71c6e7cca6ee26d9d9ad062dd642ede98f51ea685b9aed962ec0466bf66c2405/exec HTTP/1.1
15:11:20.357 [main] DEBUG com.github.dockerjava.zerodep.shaded.org.apache.hc.client5.http.impl.classic.InternalHttpClient -- ep-0000001C: start execution ex-0000001D
15:11:20.357 [main] DEBUG com.github.dockerjava.zerodep.shaded.org.apache.hc.client5.http.impl.io.PoolingHttpClientConnectionManager -- ep-0000001C: executing exchange ex-0000001D over http-outgoing-3
15:11:20.357 [main] DEBUG com.github.dockerjava.zerodep.shaded.org.apache.hc.client5.http.headers -- http-outgoing-3 >> POST /v1.32/containers/71c6e7cca6ee26d9d9ad062dd642ede98f51ea685b9aed962ec0466bf66c2405/exec HTTP/1.1
15:11:20.357 [main] DEBUG com.github.dockerjava.zerodep.shaded.org.apache.hc.client5.http.headers -- http-outgoing-3 >> accept: application/json
15:11:20.357 [main] DEBUG com.github.dockerjava.zerodep.shaded.org.apache.hc.client5.http.headers -- http-outgoing-3 >> content-type: application/json
15:11:20.357 [main] DEBUG com.github.dockerjava.zerodep.shaded.org.apache.hc.client5.http.headers -- http-outgoing-3 >> x-tc-sid: 19636001-dfb0-4a92-a4d9-9b302f9285c4
15:11:20.357 [main] DEBUG com.github.dockerjava.zerodep.shaded.org.apache.hc.client5.http.headers -- http-outgoing-3 >> User-Agent: tc-java/1.19.3
15:11:20.357 [main] DEBUG com.github.dockerjava.zerodep.shaded.org.apache.hc.client5.http.headers -- http-outgoing-3 >> Accept-Encoding: gzip, x-gzip, deflate
15:11:20.357 [main] DEBUG com.github.dockerjava.zerodep.shaded.org.apache.hc.client5.http.headers -- http-outgoing-3 >> Content-Length: 284
15:11:20.357 [main] DEBUG com.github.dockerjava.zerodep.shaded.org.apache.hc.client5.http.headers -- http-outgoing-3 >> Host: localhost:2375
15:11:20.357 [main] DEBUG com.github.dockerjava.zerodep.shaded.org.apache.hc.client5.http.headers -- http-outgoing-3 >> Connection: keep-alive
15:11:20.357 [main] DEBUG com.github.dockerjava.zerodep.shaded.org.apache.hc.client5.http.wire -- http-outgoing-3 >> "POST /v1.32/containers/71c6e7cca6ee26d9d9ad062dd642ede98f51ea685b9aed962ec0466bf66c2405/exec HTTP/1.1[\r][\n]"
15:11:20.357 [main] DEBUG com.github.dockerjava.zerodep.shaded.org.apache.hc.client5.http.wire -- http-outgoing-3 >> "accept: application/json[\r][\n]"
15:11:20.357 [main] DEBUG com.github.dockerjava.zerodep.shaded.org.apache.hc.client5.http.wire -- http-outgoing-3 >> "content-type: application/json[\r][\n]"
15:11:20.357 [main] DEBUG com.github.dockerjava.zerodep.shaded.org.apache.hc.client5.http.wire -- http-outgoing-3 >> "x-tc-sid: 19636001-dfb0-4a92-a4d9-9b302f9285c4[\r][\n]"
15:11:20.357 [main] DEBUG com.github.dockerjava.zerodep.shaded.org.apache.hc.client5.http.wire -- http-outgoing-3 >> "User-Agent: tc-java/1.19.3[\r][\n]"
15:11:20.357 [main] DEBUG com.github.dockerjava.zerodep.shaded.org.apache.hc.client5.http.wire -- http-outgoing-3 >> "Accept-Encoding: gzip, x-gzip, deflate[\r][\n]"
15:11:20.357 [main] DEBUG com.github.dockerjava.zerodep.shaded.org.apache.hc.client5.http.wire -- http-outgoing-3 >> "Content-Length: 284[\r][\n]"
15:11:20.357 [main] DEBUG com.github.dockerjava.zerodep.shaded.org.apache.hc.client5.http.wire -- http-outgoing-3 >> "Host: localhost:2375[\r][\n]"
15:11:20.357 [main] DEBUG com.github.dockerjava.zerodep.shaded.org.apache.hc.client5.http.wire -- http-outgoing-3 >> "Connection: keep-alive[\r][\n]"
15:11:20.357 [main] DEBUG com.github.dockerjava.zerodep.shaded.org.apache.hc.client5.http.wire -- http-outgoing-3 >> "[\r][\n]"
15:11:20.357 [main] DEBUG com.github.dockerjava.zerodep.shaded.org.apache.hc.client5.http.wire -- http-outgoing-3 >> "{"containerId":"71c6e7cca6ee26d9d9ad062dd642ede98f51ea685b9aed962ec0466bf66c2405","AttachStdin":null,"AttachStdout":true,"AttachStderr":true,"Tty":null,"Privileged":null,"User":null,"Cmd":["ffmpeg","-i","/screen.flv","-vcodec","libx264","/newScreen.flv"],"Env":null,"WorkingDir":null}"
15:11:20.367 [main] DEBUG com.github.dockerjava.zerodep.shaded.org.apache.hc.client5.http.wire -- http-outgoing-3 << "HTTP/1.1 201 Created[\r][\n]"
15:11:20.368 [main] DEBUG com.github.dockerjava.zerodep.shaded.org.apache.hc.client5.http.wire -- http-outgoing-3 << "Api-Version: 1.47[\r][\n]"
15:11:20.368 [main] DEBUG com.github.dockerjava.zerodep.shaded.org.apache.hc.client5.http.wire -- http-outgoing-3 << "Content-Type: application/json[\r][\n]"
15:11:20.368 [main] DEBUG com.github.dockerjava.zerodep.shaded.org.apache.hc.client5.http.wire -- http-outgoing-3 << "Date: Fri, 02 May 2025 13:11:20 GMT[\r][\n]"
15:11:20.368 [main] DEBUG com.github.dockerjava.zerodep.shaded.org.apache.hc.client5.http.wire -- http-outgoing-3 << "Docker-Experimental: false[\r][\n]"
15:11:20.368 [main] DEBUG com.github.dockerjava.zerodep.shaded.org.apache.hc.client5.http.wire -- http-outgoing-3 << "Ostype: linux[\r][\n]"
15:11:20.368 [main] DEBUG com.github.dockerjava.zerodep.shaded.org.apache.hc.client5.http.wire -- http-outgoing-3 << "Server: Docker/27.5.1 (linux)[\r][\n]"
15:11:20.368 [main] DEBUG com.github.dockerjava.zerodep.shaded.org.apache.hc.client5.http.wire -- http-outgoing-3 << "Transfer-Encoding: chunked[\r][\n]"
15:11:20.368 [main] DEBUG com.github.dockerjava.zerodep.shaded.org.apache.hc.client5.http.wire -- http-outgoing-3 << "[\r][\n]"
15:11:20.368 [main] DEBUG com.github.dockerjava.zerodep.shaded.org.apache.hc.client5.http.headers -- http-outgoing-3 << HTTP/1.1 201 Created
15:11:20.368 [main] DEBUG com.github.dockerjava.zerodep.shaded.org.apache.hc.client5.http.headers -- http-outgoing-3 << Api-Version: 1.47
15:11:20.368 [main] DEBUG com.github.dockerjava.zerodep.shaded.org.apache.hc.client5.http.headers -- http-outgoing-3 << Content-Type: application/json
15:11:20.368 [main] DEBUG com.github.dockerjava.zerodep.shaded.org.apache.hc.client5.http.headers -- http-outgoing-3 << Date: Fri, 02 May 2025 13:11:20 GMT
15:11:20.368 [main] DEBUG com.github.dockerjava.zerodep.shaded.org.apache.hc.client5.http.headers -- http-outgoing-3 << Docker-Experimental: false
15:11:20.368 [main] DEBUG com.github.dockerjava.zerodep.shaded.org.apache.hc.client5.http.headers -- http-outgoing-3 << Ostype: linux
15:11:20.368 [main] DEBUG com.github.dockerjava.zerodep.shaded.org.apache.hc.client5.http.headers -- http-outgoing-3 << Server: Docker/27.5.1 (linux)
15:11:20.368 [main] DEBUG com.github.dockerjava.zerodep.shaded.org.apache.hc.client5.http.headers -- http-outgoing-3 << Transfer-Encoding: chunked
15:11:20.368 [main] DEBUG com.github.dockerjava.zerodep.shaded.org.apache.hc.client5.http.impl.classic.MainClientExec -- ex-0000001D: connection can be kept alive for 3 MINUTES
15:11:20.368 [main] DEBUG com.github.dockerjava.zerodep.shaded.org.apache.hc.client5.http.wire -- http-outgoing-3 << "4a[\r][\n]"
15:11:20.368 [main] DEBUG com.github.dockerjava.zerodep.shaded.org.apache.hc.client5.http.wire -- http-outgoing-3 << "{"Id":"39267a1c930e601862069bd0b57aa6f1787d74bd5bc5fff9b47f94bd50436ea7"}[\n]"
15:11:20.369 [main] DEBUG com.github.dockerjava.zerodep.shaded.org.apache.hc.client5.http.wire -- http-outgoing-3 << "[\r][\n]"
15:11:20.369 [main] DEBUG com.github.dockerjava.zerodep.shaded.org.apache.hc.client5.http.wire -- http-outgoing-3 << "0[\r][\n]"
15:11:20.369 [main] DEBUG com.github.dockerjava.zerodep.shaded.org.apache.hc.client5.http.wire -- http-outgoing-3 << "[\r][\n]"
15:11:20.369 [main] DEBUG com.github.dockerjava.zerodep.shaded.org.apache.hc.client5.http.impl.classic.InternalHttpClient -- ep-0000001C: releasing valid endpoint
15:11:20.369 [main] DEBUG com.github.dockerjava.zerodep.shaded.org.apache.hc.client5.http.impl.io.PoolingHttpClientConnectionManager -- ep-0000001C: releasing endpoint
15:11:20.370 [main] DEBUG com.github.dockerjava.zerodep.shaded.org.apache.hc.client5.http.impl.io.PoolingHttpClientConnectionManager -- ep-0000001C: connection http-outgoing-3 can be kept alive for 3 MINUTES
15:11:20.370 [main] DEBUG com.github.dockerjava.zerodep.shaded.org.apache.hc.client5.http.impl.io.PoolingHttpClientConnectionManager -- ep-0000001C: connection released [route: {}->npipe://localhost:2375][total available: 1; route allocated: 1 of 2147483647; total allocated: 1 of 2147483647]
15:11:20.371 [docker-java-stream-1297674200] DEBUG com.github.dockerjava.zerodep.shaded.org.apache.hc.client5.http.impl.classic.InternalHttpClient -- ex-0000001E: preparing request execution
15:11:20.371 [docker-java-stream-1297674200] DEBUG com.github.dockerjava.zerodep.shaded.org.apache.hc.client5.http.protocol.RequestAddCookies -- Cookie spec selected: strict
15:11:20.371 [docker-java-stream-1297674200] DEBUG com.github.dockerjava.zerodep.shaded.org.apache.hc.client5.http.protocol.RequestAuthCache -- Auth cache not set in the context
15:11:20.371 [docker-java-stream-1297674200] DEBUG com.github.dockerjava.zerodep.shaded.org.apache.hc.client5.http.impl.classic.ProtocolExec -- ex-0000001E: target auth state: UNCHALLENGED
15:11:20.371 [docker-java-stream-1297674200] DEBUG com.github.dockerjava.zerodep.shaded.org.apache.hc.client5.http.impl.classic.ProtocolExec -- ex-0000001E: proxy auth state: UNCHALLENGED
15:11:20.371 [docker-java-stream-1297674200] DEBUG com.github.dockerjava.zerodep.shaded.org.apache.hc.client5.http.impl.classic.ConnectExec -- ex-0000001E: acquiring connection with route {}->npipe://localhost:2375
15:11:20.371 [docker-java-stream-1297674200] DEBUG com.github.dockerjava.zerodep.shaded.org.apache.hc.client5.http.impl.classic.InternalHttpClient -- ex-0000001E: acquiring endpoint (3 MINUTES)
15:11:20.371 [docker-java-stream-1297674200] DEBUG com.github.dockerjava.zerodep.shaded.org.apache.hc.client5.http.impl.io.PoolingHttpClientConnectionManager -- ex-0000001E: endpoint lease request (3 MINUTES) [route: {}->npipe://localhost:2375][total available: 1; route allocated: 1 of 2147483647; total allocated: 1 of 2147483647]
15:11:20.371 [docker-java-stream-1297674200] DEBUG com.github.dockerjava.zerodep.shaded.org.apache.hc.client5.http.impl.io.PoolingHttpClientConnectionManager -- ex-0000001E: endpoint leased [route: {}->npipe://localhost:2375][total available: 0; route allocated: 1 of 2147483647; total allocated: 1 of 2147483647]
15:11:20.371 [docker-java-stream-1297674200] DEBUG com.github.dockerjava.zerodep.shaded.org.apache.hc.client5.http.impl.io.PoolingHttpClientConnectionManager -- ex-0000001E: acquired ep-0000001D
15:11:20.371 [docker-java-stream-1297674200] DEBUG com.github.dockerjava.zerodep.shaded.org.apache.hc.client5.http.impl.classic.InternalHttpClient -- ex-0000001E: acquired endpoint ep-0000001D
15:11:20.371 [docker-java-stream-1297674200] DEBUG com.github.dockerjava.zerodep.shaded.org.apache.hc.client5.http.impl.classic.MainClientExec -- ex-0000001E: executing POST /v1.32/exec/39267a1c930e601862069bd0b57aa6f1787d74bd5bc5fff9b47f94bd50436ea7/start HTTP/1.1
15:11:20.371 [docker-java-stream-1297674200] DEBUG com.github.dockerjava.zerodep.shaded.org.apache.hc.client5.http.impl.classic.InternalHttpClient -- ep-0000001D: start execution ex-0000001E
15:11:20.371 [docker-java-stream-1297674200] DEBUG com.github.dockerjava.zerodep.shaded.org.apache.hc.client5.http.impl.io.PoolingHttpClientConnectionManager -- ep-0000001D: executing exchange ex-0000001E over http-outgoing-3
15:11:20.371 [docker-java-stream-1297674200] DEBUG com.github.dockerjava.zerodep.shaded.org.apache.hc.client5.http.headers -- http-outgoing-3 >> POST /v1.32/exec/39267a1c930e601862069bd0b57aa6f1787d74bd5bc5fff9b47f94bd50436ea7/start HTTP/1.1
15:11:20.371 [docker-java-stream-1297674200] DEBUG com.github.dockerjava.zerodep.shaded.org.apache.hc.client5.http.headers -- http-outgoing-3 >> accept: application/json
15:11:20.372 [docker-java-stream-1297674200] DEBUG com.github.dockerjava.zerodep.shaded.org.apache.hc.client5.http.headers -- http-outgoing-3 >> content-type: application/json
15:11:20.372 [docker-java-stream-1297674200] DEBUG com.github.dockerjava.zerodep.shaded.org.apache.hc.client5.http.headers -- http-outgoing-3 >> x-tc-sid: 19636001-dfb0-4a92-a4d9-9b302f9285c4
15:11:20.372 [docker-java-stream-1297674200] DEBUG com.github.dockerjava.zerodep.shaded.org.apache.hc.client5.http.headers -- http-outgoing-3 >> User-Agent: tc-java/1.19.3
15:11:20.372 [docker-java-stream-1297674200] DEBUG com.github.dockerjava.zerodep.shaded.org.apache.hc.client5.http.headers -- http-outgoing-3 >> Accept-Encoding: gzip, x-gzip, deflate
15:11:20.372 [docker-java-stream-1297674200] DEBUG com.github.dockerjava.zerodep.shaded.org.apache.hc.client5.http.headers -- http-outgoing-3 >> Content-Length: 26
15:11:20.372 [docker-java-stream-1297674200] DEBUG com.github.dockerjava.zerodep.shaded.org.apache.hc.client5.http.headers -- http-outgoing-3 >> Host: localhost:2375
15:11:20.372 [docker-java-stream-1297674200] DEBUG com.github.dockerjava.zerodep.shaded.org.apache.hc.client5.http.headers -- http-outgoing-3 >> Connection: keep-alive
15:11:20.372 [docker-java-stream-1297674200] DEBUG com.github.dockerjava.zerodep.shaded.org.apache.hc.client5.http.wire -- http-outgoing-3 >> "POST /v1.32/exec/39267a1c930e601862069bd0b57aa6f1787d74bd5bc5fff9b47f94bd50436ea7/start HTTP/1.1[\r][\n]"
15:11:20.372 [docker-java-stream-1297674200] DEBUG com.github.dockerjava.zerodep.shaded.org.apache.hc.client5.http.wire -- http-outgoing-3 >> "accept: application/json[\r][\n]"
15:11:20.372 [docker-java-stream-1297674200] DEBUG com.github.dockerjava.zerodep.shaded.org.apache.hc.client5.http.wire -- http-outgoing-3 >> "content-type: application/json[\r][\n]"
15:11:20.372 [docker-java-stream-1297674200] DEBUG com.github.dockerjava.zerodep.shaded.org.apache.hc.client5.http.wire -- http-outgoing-3 >> "x-tc-sid: 19636001-dfb0-4a92-a4d9-9b302f9285c4[\r][\n]"
15:11:20.372 [docker-java-stream-1297674200] DEBUG com.github.dockerjava.zerodep.shaded.org.apache.hc.client5.http.wire -- http-outgoing-3 >> "User-Agent: tc-java/1.19.3[\r][\n]"
15:11:20.372 [docker-java-stream-1297674200] DEBUG com.github.dockerjava.zerodep.shaded.org.apache.hc.client5.http.wire -- http-outgoing-3 >> "Accept-Encoding: gzip, x-gzip, deflate[\r][\n]"
15:11:20.372 [docker-java-stream-1297674200] DEBUG com.github.dockerjava.zerodep.shaded.org.apache.hc.client5.http.wire -- http-outgoing-3 >> "Content-Length: 26[\r][\n]"
15:11:20.372 [docker-java-stream-1297674200] DEBUG com.github.dockerjava.zerodep.shaded.org.apache.hc.client5.http.wire -- http-outgoing-3 >> "Host: localhost:2375[\r][\n]"
15:11:20.372 [docker-java-stream-1297674200] DEBUG com.github.dockerjava.zerodep.shaded.org.apache.hc.client5.http.wire -- http-outgoing-3 >> "Connection: keep-alive[\r][\n]"
15:11:20.372 [docker-java-stream-1297674200] DEBUG com.github.dockerjava.zerodep.shaded.org.apache.hc.client5.http.wire -- http-outgoing-3 >> "[\r][\n]"
15:11:20.372 [docker-java-stream-1297674200] DEBUG com.github.dockerjava.zerodep.shaded.org.apache.hc.client5.http.wire -- http-outgoing-3 >> "{"Detach":null,"Tty":null}"
15:11:20.376 [docker-java-stream-1297674200] DEBUG com.github.dockerjava.zerodep.shaded.org.apache.hc.client5.http.wire -- http-outgoing-3 << "HTTP/1.1 200 OK[\r][\n]"
15:11:20.376 [docker-java-stream-1297674200] DEBUG com.github.dockerjava.zerodep.shaded.org.apache.hc.client5.http.wire -- http-outgoing-3 << "Api-Version: 1.47[\r][\n]"
15:11:20.376 [docker-java-stream-1297674200] DEBUG com.github.dockerjava.zerodep.shaded.org.apache.hc.client5.http.wire -- http-outgoing-3 << "Content-Type: application/vnd.docker.raw-stream[\r][\n]"
15:11:20.376 [docker-java-stream-1297674200] DEBUG com.github.dockerjava.zerodep.shaded.org.apache.hc.client5.http.wire -- http-outgoing-3 << "Date: Fri, 02 May 2025 13:11:20 GMT[\r][\n]"
15:11:20.376 [docker-java-stream-1297674200] DEBUG com.github.dockerjava.zerodep.shaded.org.apache.hc.client5.http.wire -- http-outgoing-3 << "Docker-Experimental: false[\r][\n]"
15:11:20.376 [docker-java-stream-1297674200] DEBUG com.github.dockerjava.zerodep.shaded.org.apache.hc.client5.http.wire -- http-outgoing-3 << "Ostype: linux[\r][\n]"
15:11:20.376 [docker-java-stream-1297674200] DEBUG com.github.dockerjava.zerodep.shaded.org.apache.hc.client5.http.wire -- http-outgoing-3 << "Server: Docker/27.5.1 (linux)[\r][\n]"
15:11:20.376 [docker-java-stream-1297674200] DEBUG com.github.dockerjava.zerodep.shaded.org.apache.hc.client5.http.wire -- http-outgoing-3 << "Transfer-Encoding: chunked[\r][\n]"
15:11:20.376 [docker-java-stream-1297674200] DEBUG com.github.dockerjava.zerodep.shaded.org.apache.hc.client5.http.wire -- http-outgoing-3 << "[\r][\n]"
15:11:20.376 [docker-java-stream-1297674200] DEBUG com.github.dockerjava.zerodep.shaded.org.apache.hc.client5.http.headers -- http-outgoing-3 << HTTP/1.1 200 OK
15:11:20.376 [docker-java-stream-1297674200] DEBUG com.github.dockerjava.zerodep.shaded.org.apache.hc.client5.http.headers -- http-outgoing-3 << Api-Version: 1.47
15:11:20.376 [docker-java-stream-1297674200] DEBUG com.github.dockerjava.zerodep.shaded.org.apache.hc.client5.http.headers -- http-outgoing-3 << Content-Type: application/vnd.docker.raw-stream
15:11:20.376 [docker-java-stream-1297674200] DEBUG com.github.dockerjava.zerodep.shaded.org.apache.hc.client5.http.headers -- http-outgoing-3 << Date: Fri, 02 May 2025 13:11:20 GMT
15:11:20.376 [docker-java-stream-1297674200] DEBUG com.github.dockerjava.zerodep.shaded.org.apache.hc.client5.http.headers -- http-outgoing-3 << Docker-Experimental: false
15:11:20.376 [docker-java-stream-1297674200] DEBUG com.github.dockerjava.zerodep.shaded.org.apache.hc.client5.http.headers -- http-outgoing-3 << Ostype: linux
15:11:20.376 [docker-java-stream-1297674200] DEBUG com.github.dockerjava.zerodep.shaded.org.apache.hc.client5.http.headers -- http-outgoing-3 << Server: Docker/27.5.1 (linux)
15:11:20.376 [docker-java-stream-1297674200] DEBUG com.github.dockerjava.zerodep.shaded.org.apache.hc.client5.http.headers -- http-outgoing-3 << Transfer-Encoding: chunked
15:11:20.377 [docker-java-stream-1297674200] DEBUG com.github.dockerjava.zerodep.shaded.org.apache.hc.client5.http.impl.classic.MainClientExec -- ex-0000001E: connection can be kept alive for 3 MINUTES
15:11:20.894 [docker-java-stream-1297674200] DEBUG com.github.dockerjava.zerodep.shaded.org.apache.hc.client5.http.wire -- http-outgoing-3 << "52c[\r][\n]"
15:11:20.894 [docker-java-stream-1297674200] DEBUG com.github.dockerjava.zerodep.shaded.org.apache.hc.client5.http.wire -- http-outgoing-3 << "[0x2][0x0][0x0][0x0][0x0][0x0][0x5]$ffmpeg version 4.1.10-0+deb10u1 Copyright (c) 2000-2022 the FFmpeg developers[\n]"
15:11:20.894 [docker-java-stream-1297674200] DEBUG com.github.dockerjava.zerodep.shaded.org.apache.hc.client5.http.wire -- http-outgoing-3 << "  built with gcc 8 (Debian 8.3.0-6)[\n]"
15:11:20.894 [docker-java-stream-1297674200] DEBUG com.github.dockerjava.zerodep.shaded.org.apache.hc.client5.http.wire -- http-outgoing-3 << "  configuration: --prefix=/usr --extra-version=0+deb10u1 --toolchain=hardened --libdir=/usr/lib/x86_64-linux-gnu --incdir=/usr/include/x86_64-linux-gnu --arch=amd64 --enable-gpl --disable-stripping --enable-avresample --disable-filter=resample --enable-avisynth --enable-gnutls --enable-ladspa --enable-libaom --enable-libass --enable-libbluray --enable-libbs2b --enable-libcaca --enable-libcdio --enable-libcodec2 --enable-libflite --enable-libfontconfig --enable-libfreetype --enable-libfribidi --enable-libgme --enable-libgsm --enable-libjack --enable-libmp3lame --enable-libmysofa --enable-libopenjpeg --enable-libopenmpt --enable-libopus --enable-libpulse --enable-librsvg --enable-librubberband --enable-libshine --enable-libsnappy --enable-libsoxr --enable-libspeex --enable-libssh --enable-libtheora --enable-libtwolame --enable-libvidstab --enable-libvorbis --enable-libvpx --enable-libwavpack --enable-libwebp --enable-libx265 --enable-libxml2 --enable-libxvid --enable-libzmq --enable-libzvbi --enable-lv2 --enable-omx --enable-openal --enable-opengl --enable-sdl2 --enable-libdc1394 --enable-libdrm --enable-libiec61883 --enable-chromaprint --enable-frei0r --enable-libx264 --enable-shared[\n]"
15:11:20.894 [docker-java-stream-1297674200] DEBUG com.github.dockerjava.zerodep.shaded.org.apache.hc.client5.http.wire -- http-outgoing-3 << "[\r][\n]"
15:11:20.897 [docker-java-stream-1297674200] DEBUG com.github.dockerjava.zerodep.shaded.org.apache.hc.client5.http.wire -- http-outgoing-3 << "179[\r][\n]"
15:11:20.898 [docker-java-stream-1297674200] DEBUG com.github.dockerjava.zerodep.shaded.org.apache.hc.client5.http.wire -- http-outgoing-3 << "[0x2][0x0][0x0][0x0][0x0][0x0][0x1]q  libavutil      56. 22.100 / 56. 22.100[\n]"
15:11:20.898 [docker-java-stream-1297674200] DEBUG com.github.dockerjava.zerodep.shaded.org.apache.hc.client5.http.wire -- http-outgoing-3 << "  libavcodec     58. 35.100 / 58. 35.100[\n]"
15:11:20.898 [docker-java-stream-1297674200] DEBUG com.github.dockerjava.zerodep.shaded.org.apache.hc.client5.http.wire -- http-outgoing-3 << "  libavformat    58. 20.100 / 58. 20.100[\n]"
15:11:20.898 [docker-java-stream-1297674200] DEBUG com.github.dockerjava.zerodep.shaded.org.apache.hc.client5.http.wire -- http-outgoing-3 << "  libavdevice    58.  5.100 / 58.  5.100[\n]"
15:11:20.898 [docker-java-stream-1297674200] DEBUG com.github.dockerjava.zerodep.shaded.org.apache.hc.client5.http.wire -- http-outgoing-3 << "  libavfilter     7. 40.101 /  7. 40.101[\n]"
15:11:20.898 [docker-java-stream-1297674200] DEBUG com.github.dockerjava.zerodep.shaded.org.apache.hc.client5.http.wire -- http-outgoing-3 << "  libavresample   4.  0.  0 /  4.  0.  0[\n]"
15:11:20.898 [docker-java-stream-1297674200] DEBUG com.github.dockerjava.zerodep.shaded.org.apache.hc.client5.http.wire -- http-outgoing-3 << "  libswscale      5.  3.100 /  5.  3.100[\n]"
15:11:20.898 [docker-java-stream-1297674200] DEBUG com.github.dockerjava.zerodep.shaded.org.apache.hc.client5.http.wire -- http-outgoing-3 << "  libswresample   3.  3.100 /  3.  3.100[\n]"
15:11:20.898 [docker-java-stream-1297674200] DEBUG com.github.dockerjava.zerodep.shaded.org.apache.hc.client5.http.wire -- http-outgoing-3 << "  libpostproc    55.  3.100 / 55.  3.100[\n]"
15:11:20.898 [docker-java-stream-1297674200] DEBUG com.github.dockerjava.zerodep.shaded.org.apache.hc.client5.http.wire -- http-outgoing-3 << "[\r][\n]"
15:11:20.947 [docker-java-stream-1297674200] DEBUG com.github.dockerjava.zerodep.shaded.org.apache.hc.client5.http.wire -- http-outgoing-3 << "ac[\r][\n]"
15:11:20.947 [docker-java-stream-1297674200] DEBUG com.github.dockerjava.zerodep.shaded.org.apache.hc.client5.http.wire -- http-outgoing-3 << "[0x2][0x0][0x0][0x0][0x0][0x0][0x0][0xffffffa4]Input #0, flv, from '/screen.flv':[\n]"
15:11:20.947 [docker-java-stream-1297674200] DEBUG com.github.dockerjava.zerodep.shaded.org.apache.hc.client5.http.wire -- http-outgoing-3 << "  Duration: 00:00:00.00, start: 0.000000, bitrate: N/A[\n]"
15:11:20.947 [docker-java-stream-1297674200] DEBUG com.github.dockerjava.zerodep.shaded.org.apache.hc.client5.http.wire -- http-outgoing-3 << "    Stream #0:0: Video: flashsv, bgr24, 1376x1024, 30 fps, 30 tbr, 1k tbn[\n]"
15:11:20.947 [docker-java-stream-1297674200] DEBUG com.github.dockerjava.zerodep.shaded.org.apache.hc.client5.http.wire -- http-outgoing-3 << "[\r][\n]"
15:11:20.948 [docker-java-stream-1297674200] DEBUG com.github.dockerjava.zerodep.shaded.org.apache.hc.client5.http.wire -- http-outgoing-3 << "73[\r][\n]"
15:11:20.948 [docker-java-stream-1297674200] DEBUG com.github.dockerjava.zerodep.shaded.org.apache.hc.client5.http.wire -- http-outgoing-3 << "[0x2][0x0][0x0][0x0][0x0][0x0][0x0]kStream mapping:[\n]"
15:11:20.948 [docker-java-stream-1297674200] DEBUG com.github.dockerjava.zerodep.shaded.org.apache.hc.client5.http.wire -- http-outgoing-3 << "  Stream #0:0 -> #0:0 (flashsv (native) -> h264 (libx264))[\n]"
15:11:20.948 [docker-java-stream-1297674200] DEBUG com.github.dockerjava.zerodep.shaded.org.apache.hc.client5.http.wire -- http-outgoing-3 << "Press [q] to stop, [?] for help[\n]"
15:11:20.948 [docker-java-stream-1297674200] DEBUG com.github.dockerjava.zerodep.shaded.org.apache.hc.client5.http.wire -- http-outgoing-3 << "[\r][\n]"
15:11:20.983 [docker-java-stream-1297674200] DEBUG com.github.dockerjava.zerodep.shaded.org.apache.hc.client5.http.wire -- http-outgoing-3 << "70[\r][\n]"
15:11:20.983 [docker-java-stream-1297674200] DEBUG com.github.dockerjava.zerodep.shaded.org.apache.hc.client5.http.wire -- http-outgoing-3 << "[0x2][0x0][0x0][0x0][0x0][0x0][0x0]h[libx264 @ 0x55a949cf8580] using cpu capabilities: MMX2 SSE2Fast SSSE3 SSE4.2 AVX FMA3 BMI2 AVX2 AVX512[\n]"
15:11:20.983 [docker-java-stream-1297674200] DEBUG com.github.dockerjava.zerodep.shaded.org.apache.hc.client5.http.wire -- http-outgoing-3 << "[\r][\n]"
15:11:21.011 [docker-java-stream-1297674200] DEBUG com.github.dockerjava.zerodep.shaded.org.apache.hc.client5.http.wire -- http-outgoing-3 << "59[\r][\n]"
15:11:21.011 [docker-java-stream-1297674200] DEBUG com.github.dockerjava.zerodep.shaded.org.apache.hc.client5.http.wire -- http-outgoing-3 << "[0x2][0x0][0x0][0x0][0x0][0x0][0x0]Q[libx264 @ 0x55a949cf8580] profile High 4:4:4 Predictive, level 4.0, 4:4:4 8-bit[\n]"
15:11:21.011 [docker-java-stream-1297674200] DEBUG com.github.dockerjava.zerodep.shaded.org.apache.hc.client5.http.wire -- http-outgoing-3 << "[\r][\n]"
15:11:21.013 [docker-java-stream-1297674200] DEBUG com.github.dockerjava.zerodep.shaded.org.apache.hc.client5.http.wire -- http-outgoing-3 << "419[\r][\n]"
15:11:21.013 [docker-java-stream-1297674200] DEBUG com.github.dockerjava.zerodep.shaded.org.apache.hc.client5.http.wire -- http-outgoing-3 << "[0x2][0x0][0x0][0x0][0x0][0x0][0x3][0xffffffb6][libx264 @ 0x55a949cf8580] 264 - core 155 r2917 0a84d98 - H.264/MPEG-4 AVC codec - Copyleft 2003-2018 - http://www.videolan.org/x264.html - options: cabac=1 ref=3 deblock=1:0:0 analyse=0x1:0x111 me=hex subme=7 psy=1 psy_rd=1.00:0.00 mixed_ref=1 me_range=16 chroma_me=1 trellis=1 8x8dct=0 cqm=0 deadzone=21,11 fast_pskip=1 chroma_qp_offset=4 threads=12 lookahead_threads=2 sliced_threads=0 nr=0 decimate=1 interlaced=0 bluray_compat=0 constrained_intra=0 bframes=3 b_pyramid=2 b_adapt=1 b_bias=0 direct=1 weightb=1 open_gop=0 weightp=2 keyint=250 keyint_min=25 scenecut=40 intra_refresh=0 rc_lookahead=40 rc=crf mbtree=1 crf=23.0 qcomp=0.60 qpmin=0 qpmax=69 qpstep=4 ip_ratio=1.40 aq=1:1.00[\n]"
15:11:21.013 [docker-java-stream-1297674200] DEBUG com.github.dockerjava.zerodep.shaded.org.apache.hc.client5.http.wire -- http-outgoing-3 << "Output #0, flv, to '/newScreen.flv':[\n]"
15:11:21.013 [docker-java-stream-1297674200] DEBUG com.github.dockerjava.zerodep.shaded.org.apache.hc.client5.http.wire -- http-outgoing-3 << "  Metadata:[\n]"
15:11:21.013 [docker-java-stream-1297674200] DEBUG com.github.dockerjava.zerodep.shaded.org.apache.hc.client5.http.wire -- http-outgoing-3 << "    encoder         : Lavf58.20.100[\n]"
15:11:21.013 [docker-java-stream-1297674200] DEBUG com.github.dockerjava.zerodep.shaded.org.apache.hc.client5.http.wire -- http-outgoing-3 << "    Stream #0:0: Video: h264 (libx264) ([7][0][0][0] / 0x0007), yuv444p, 1376x1024, q=-1--1, 30 fps, 1k tbn, 30 tbc[\n]"
15:11:21.013 [docker-java-stream-1297674200] DEBUG com.github.dockerjava.zerodep.shaded.org.apache.hc.client5.http.wire -- http-outgoing-3 << "    Metadata:[\n]"
15:11:21.013 [docker-java-stream-1297674200] DEBUG com.github.dockerjava.zerodep.shaded.org.apache.hc.client5.http.wire -- http-outgoing-3 << "      encoder         : Lavc58.35.100 libx264[0x2][0x0][0x0][0x0][0x0][0x0][0x0]S[\n]"
15:11:21.013 [docker-java-stream-1297674200] DEBUG com.github.dockerjava.zerodep.shaded.org.apache.hc.client5.http.wire -- http-outgoing-3 << "    Side data:[\n]"
15:11:21.013 [docker-java-stream-1297674200] DEBUG com.github.dockerjava.zerodep.shaded.org.apache.hc.client5.http.wire -- http-outgoing-3 << "      cpb: bitrate max/min/avg: 0/0/0 buffer size: 0 vbv_delay: -1[\n]"
15:11:21.013 [docker-java-stream-1297674200] DEBUG com.github.dockerjava.zerodep.shaded.org.apache.hc.client5.http.wire -- http-outgoing-3 << "[\r][\n]"
15:11:21.475 [docker-java-stream-1297674200] DEBUG com.github.dockerjava.zerodep.shaded.org.apache.hc.client5.http.wire -- http-outgoing-3 << "5f[\r][\n]"
15:11:21.475 [docker-java-stream-1297674200] DEBUG com.github.dockerjava.zerodep.shaded.org.apache.hc.client5.http.wire -- http-outgoing-3 << "[0x2][0x0][0x0][0x0][0x0][0x0][0x0]Wframe=   24 fps=0.0 q=0.0 size=       0kB time=00:00:00.00 bitrate=N/A speed=   0x    [\r][\r][\n]"
15:11:21.966 [docker-java-stream-1297674200] DEBUG com.github.dockerjava.zerodep.shaded.org.apache.hc.client5.http.wire -- http-outgoing-3 << "5f[\r][\n]"
15:11:21.967 [docker-java-stream-1297674200] DEBUG com.github.dockerjava.zerodep.shaded.org.apache.hc.client5.http.wire -- http-outgoing-3 << "[0x2][0x0][0x0][0x0][0x0][0x0][0x0]Wframe=   44 fps= 44 q=0.0 size=       0kB time=00:00:00.00 bitrate=N/A speed=   0x    [\r][\r][\n]"
15:11:22.467 [docker-java-stream-1297674200] DEBUG com.github.dockerjava.zerodep.shaded.org.apache.hc.client5.http.wire -- http-outgoing-3 << "6a[\r][\n]"
15:11:22.467 [docker-java-stream-1297674200] DEBUG com.github.dockerjava.zerodep.shaded.org.apache.hc.client5.http.wire -- http-outgoing-3 << "[0x2][0x0][0x0][0x0][0x0][0x0][0x0]bframe=   78 fps= 52 q=29.0 size=      12kB time=00:00:00.63 bitrate= 154.4kbits/s speed=0.42x    [\r][\r][\n]"
15:11:22.970 [docker-java-stream-1297674200] DEBUG com.github.dockerjava.zerodep.shaded.org.apache.hc.client5.http.wire -- http-outgoing-3 << "6a[\r][\n]"
15:11:22.970 [docker-java-stream-1297674200] DEBUG com.github.dockerjava.zerodep.shaded.org.apache.hc.client5.http.wire -- http-outgoing-3 << "[0x2][0x0][0x0][0x0][0x0][0x0][0x0]bframe=  133 fps= 66 q=29.0 size=      17kB time=00:00:02.46 bitrate=  56.4kbits/s speed=1.23x    [\r][\r][\n]"
15:11:23.479 [docker-java-stream-1297674200] DEBUG com.github.dockerjava.zerodep.shaded.org.apache.hc.client5.http.wire -- http-outgoing-3 << "6a[\r][\n]"
15:11:23.479 [docker-java-stream-1297674200] DEBUG com.github.dockerjava.zerodep.shaded.org.apache.hc.client5.http.wire -- http-outgoing-3 << "[0x2][0x0][0x0][0x0][0x0][0x0][0x0]bframe=  182 fps= 72 q=29.0 size=      29kB time=00:00:04.10 bitrate=  58.4kbits/s speed=1.62x    [\r][\r][\n]"
15:11:23.987 [docker-java-stream-1297674200] DEBUG com.github.dockerjava.zerodep.shaded.org.apache.hc.client5.http.wire -- http-outgoing-3 << "6a[\r][\n]"
15:11:23.987 [docker-java-stream-1297674200] DEBUG com.github.dockerjava.zerodep.shaded.org.apache.hc.client5.http.wire -- http-outgoing-3 << "[0x2][0x0][0x0][0x0][0x0][0x0][0x0]bframe=  231 fps= 76 q=29.0 size=      64kB time=00:00:05.73 bitrate=  92.1kbits/s speed=1.89x    [\r][\r][\n]"
15:11:24.353 [docker-java-stream-1297674200] DEBUG com.github.dockerjava.zerodep.shaded.org.apache.hc.client5.http.wire -- http-outgoing-3 << "81[\r][\n]"
15:11:24.354 [docker-java-stream-1297674200] DEBUG com.github.dockerjava.zerodep.shaded.org.apache.hc.client5.http.wire -- http-outgoing-3 << "[0x2][0x0][0x0][0x0][0x0][0x0][0x0]y/screen.flv: corrupt input packet in stream 0[\n]"
15:11:24.354 [docker-java-stream-1297674200] DEBUG com.github.dockerjava.zerodep.shaded.org.apache.hc.client5.http.wire -- http-outgoing-3 << "Error while decoding stream #0:0: Invalid data found when processing input[\n]"
15:11:24.354 [docker-java-stream-1297674200] DEBUG com.github.dockerjava.zerodep.shaded.org.apache.hc.client5.http.wire -- http-outgoing-3 << "[\r][\n]"
15:11:24.578 [docker-java-stream-1297674200] DEBUG com.github.dockerjava.zerodep.shaded.org.apache.hc.client5.http.wire -- http-outgoing-3 << "cd[\r][\n]"
15:11:24.578 [docker-java-stream-1297674200] DEBUG com.github.dockerjava.zerodep.shaded.org.apache.hc.client5.http.wire -- http-outgoing-3 << "[0x2][0x0][0x0][0x0][0x0][0x0][0x0][0xffffffc5]frame=  271 fps= 75 q=-1.0 Lsize=      72kB time=00:00:08.93 bitrate=  65.6kbits/s speed=2.46x    [\n]"
15:11:24.578 [docker-java-stream-1297674200] DEBUG com.github.dockerjava.zerodep.shaded.org.apache.hc.client5.http.wire -- http-outgoing-3 << "video:66kB audio:0kB subtitle:0kB other streams:0kB global headers:0kB muxing overhead: 8.457064%[\n]"
15:11:24.578 [docker-java-stream-1297674200] DEBUG com.github.dockerjava.zerodep.shaded.org.apache.hc.client5.http.wire -- http-outgoing-3 << "[\r][\n]"
15:11:24.579 [docker-java-stream-1297674200] DEBUG com.github.dockerjava.zerodep.shaded.org.apache.hc.client5.http.wire -- http-outgoing-3 << "443[\r][\n]"
15:11:24.579 [docker-java-stream-1297674200] DEBUG com.github.dockerjava.zerodep.shaded.org.apache.hc.client5.http.wire -- http-outgoing-3 << "[0x2][0x0][0x0][0x0][0x0][0x0][0x4];[libx264 @ 0x55a949cf8580] frame I:2     Avg QP: 6.21  size:  5750[\n]"
15:11:24.579 [docker-java-stream-1297674200] DEBUG com.github.dockerjava.zerodep.shaded.org.apache.hc.client5.http.wire -- http-outgoing-3 << "[libx264 @ 0x55a949cf8580] frame P:68    Avg QP:12.18  size:   616[\n]"
15:11:24.579 [docker-java-stream-1297674200] DEBUG com.github.dockerjava.zerodep.shaded.org.apache.hc.client5.http.wire -- http-outgoing-3 << "[libx264 @ 0x55a949cf8580] frame B:201   Avg QP:15.23  size:    67[\n]"
15:11:24.579 [docker-java-stream-1297674200] DEBUG com.github.dockerjava.zerodep.shaded.org.apache.hc.client5.http.wire -- http-outgoing-3 << "[libx264 @ 0x55a949cf8580] consecutive B-frames:  0.7%  0.7%  1.1% 97.4%[\n]"
15:11:24.579 [docker-java-stream-1297674200] DEBUG com.github.dockerjava.zerodep.shaded.org.apache.hc.client5.http.wire -- http-outgoing-3 << "[libx264 @ 0x55a949cf8580] mb I  I16..4: 97.2%  0.0%  2.8%[\n]"
15:11:24.579 [docker-java-stream-1297674200] DEBUG com.github.dockerjava.zerodep.shaded.org.apache.hc.client5.http.wire -- http-outgoing-3 << "[libx264 @ 0x55a949cf8580] mb P  I16..4:  1.9%  0.0%  0.4%  P16..4:  0.1%  0.0%  0.0%  0.0%  0.0%    skip:97.6%[\n]"
15:11:24.579 [docker-java-stream-1297674200] DEBUG com.github.dockerjava.zerodep.shaded.org.apache.hc.client5.http.wire -- http-outgoing-3 << "[libx264 @ 0x55a949cf8580] mb B  I16..4:  0.0%  0.0%  0.0%  B16..8:  0.4%  0.0%  0.0%  direct: 0.0%  skip:99.6%  L0:50.6% L1:49.3% BI: 0.0%[\n]"
15:11:24.579 [docker-java-stream-1297674200] DEBUG com.github.dockerjava.zerodep.shaded.org.apache.hc.client5.http.wire -- http-outgoing-3 << "[libx264 @ 0x55a949cf8580] coded y,u,v intra: 5.7% 2.3% 1.1% inter: 0.0% 0.0% 0.0%[\n]"
15:11:24.579 [docker-java-stream-1297674200] DEBUG com.github.dockerjava.zerodep.shaded.org.apache.hc.client5.http.wire -- http-outgoing-3 << "[libx264 @ 0x55a949cf8580] i16 v,h,dc,p: 88%  9%  2%  1%[\n]"
15:11:24.579 [docker-java-stream-1297674200] DEBUG com.github.dockerjava.zerodep.shaded.org.apache.hc.client5.http.wire -- http-outgoing-3 << "[libx264 @ 0x55a949cf8580] i4 v,h,dc,ddl,ddr,vr,hd,vl,hu: 27% 28% 21%  4%  5%  4%  5%  3%  3%[\n]"
15:11:24.579 [docker-java-stream-1297674200] DEBUG com.github.dockerjava.zerodep.shaded.org.apache.hc.client5.http.wire -- http-outgoing-3 << "[libx264 @ 0x55a949cf8580] Weighted P-Frames: Y:0.0% UV:0.0%[\n]"
15:11:24.579 [docker-java-stream-1297674200] DEBUG com.github.dockerjava.zerodep.shaded.org.apache.hc.client5.http.wire -- http-outgoing-3 << "[libx264 @ 0x55a949cf8580] ref P L0: 57.6%  4.2% 36.2%  2.0%[\n]"
15:11:24.579 [docker-java-stream-1297674200] DEBUG com.github.dockerjava.zerodep.shaded.org.apache.hc.client5.http.wire -- http-outgoing-3 << "[libx264 @ 0x55a949cf8580] ref B L0: 51.8% 48.0%  0.3%[\n]"
15:11:24.579 [docker-java-stream-1297674200] DEBUG com.github.dockerjava.zerodep.shaded.org.apache.hc.client5.http.wire -- http-outgoing-3 << "[libx264 @ 0x55a949cf8580] ref B L1: 97.3%  2.7%[\n]"
15:11:24.579 [docker-java-stream-1297674200] DEBUG com.github.dockerjava.zerodep.shaded.org.apache.hc.client5.http.wire -- http-outgoing-3 << "[libx264 @ 0x55a949cf8580] kb/s:59.22[\n]"
15:11:24.579 [docker-java-stream-1297674200] DEBUG com.github.dockerjava.zerodep.shaded.org.apache.hc.client5.http.wire -- http-outgoing-3 << "[\r][\n]"
15:11:24.610 [docker-java-stream-1297674200] DEBUG com.github.dockerjava.zerodep.shaded.org.apache.hc.client5.http.wire -- http-outgoing-3 << "0[\r][\n]"
15:11:24.610 [docker-java-stream-1297674200] DEBUG com.github.dockerjava.zerodep.shaded.org.apache.hc.client5.http.wire -- http-outgoing-3 << "[\r][\n]"
15:11:24.610 [docker-java-stream-1297674200] DEBUG com.github.dockerjava.zerodep.shaded.org.apache.hc.client5.http.impl.classic.InternalHttpClient -- ep-0000001D: releasing valid endpoint
15:11:24.610 [docker-java-stream-1297674200] DEBUG com.github.dockerjava.zerodep.shaded.org.apache.hc.client5.http.impl.io.PoolingHttpClientConnectionManager -- ep-0000001D: releasing endpoint
15:11:24.610 [docker-java-stream-1297674200] DEBUG com.github.dockerjava.zerodep.shaded.org.apache.hc.client5.http.impl.io.PoolingHttpClientConnectionManager -- ep-0000001D: connection http-outgoing-3 can be kept alive for 3 MINUTES
15:11:24.610 [docker-java-stream-1297674200] DEBUG com.github.dockerjava.zerodep.shaded.org.apache.hc.client5.http.impl.io.PoolingHttpClientConnectionManager -- ep-0000001D: connection released [route: {}->npipe://localhost:2375][total available: 1; route allocated: 1 of 2147483647; total allocated: 1 of 2147483647]
15:11:24.610 [main] DEBUG org.testcontainers.shaded.com.github.dockerjava.core.command.AbstrDockerCmd -- Cmd: 39267a1c930e601862069bd0b57aa6f1787d74bd5bc5fff9b47f94bd50436ea7
15:11:24.611 [main] DEBUG org.testcontainers.shaded.com.github.dockerjava.core.exec.InspectExecCmdExec -- GET: DefaultWebTarget{path=[/exec/39267a1c930e601862069bd0b57aa6f1787d74bd5bc5fff9b47f94bd50436ea7/json], queryParams={}}
15:11:24.612 [main] DEBUG com.github.dockerjava.zerodep.shaded.org.apache.hc.client5.http.impl.classic.InternalHttpClient -- ex-0000001F: preparing request execution
15:11:24.612 [main] DEBUG com.github.dockerjava.zerodep.shaded.org.apache.hc.client5.http.protocol.RequestAddCookies -- Cookie spec selected: strict
15:11:24.612 [main] DEBUG com.github.dockerjava.zerodep.shaded.org.apache.hc.client5.http.protocol.RequestAuthCache -- Auth cache not set in the context
15:11:24.612 [main] DEBUG com.github.dockerjava.zerodep.shaded.org.apache.hc.client5.http.impl.classic.ProtocolExec -- ex-0000001F: target auth state: UNCHALLENGED
15:11:24.612 [main] DEBUG com.github.dockerjava.zerodep.shaded.org.apache.hc.client5.http.impl.classic.ProtocolExec -- ex-0000001F: proxy auth state: UNCHALLENGED
15:11:24.612 [main] DEBUG com.github.dockerjava.zerodep.shaded.org.apache.hc.client5.http.impl.classic.ConnectExec -- ex-0000001F: acquiring connection with route {}->npipe://localhost:2375
15:11:24.612 [main] DEBUG com.github.dockerjava.zerodep.shaded.org.apache.hc.client5.http.impl.classic.InternalHttpClient -- ex-0000001F: acquiring endpoint (3 MINUTES)
15:11:24.612 [main] DEBUG com.github.dockerjava.zerodep.shaded.org.apache.hc.client5.http.impl.io.PoolingHttpClientConnectionManager -- ex-0000001F: endpoint lease request (3 MINUTES) [route: {}->npipe://localhost:2375][total available: 1; route allocated: 1 of 2147483647; total allocated: 1 of 2147483647]
15:11:24.612 [main] DEBUG com.github.dockerjava.zerodep.shaded.org.apache.hc.client5.http.impl.io.PoolingHttpClientConnectionManager -- ex-0000001F: endpoint leased [route: {}->npipe://localhost:2375][total available: 0; route allocated: 1 of 2147483647; total allocated: 1 of 2147483647]
15:11:24.613 [main] DEBUG com.github.dockerjava.zerodep.shaded.org.apache.hc.client5.http.impl.io.PoolingHttpClientConnectionManager -- ex-0000001F: acquired ep-0000001E
15:11:24.613 [main] DEBUG com.github.dockerjava.zerodep.shaded.org.apache.hc.client5.http.impl.classic.InternalHttpClient -- ex-0000001F: acquired endpoint ep-0000001E
15:11:24.613 [main] DEBUG com.github.dockerjava.zerodep.shaded.org.apache.hc.client5.http.impl.classic.MainClientExec -- ex-0000001F: executing GET /v1.32/exec/39267a1c930e601862069bd0b57aa6f1787d74bd5bc5fff9b47f94bd50436ea7/json HTTP/1.1
15:11:24.613 [main] DEBUG com.github.dockerjava.zerodep.shaded.org.apache.hc.client5.http.impl.classic.InternalHttpClient -- ep-0000001E: start execution ex-0000001F
15:11:24.613 [main] DEBUG com.github.dockerjava.zerodep.shaded.org.apache.hc.client5.http.impl.io.PoolingHttpClientConnectionManager -- ep-0000001E: executing exchange ex-0000001F over http-outgoing-3
15:11:24.613 [main] DEBUG com.github.dockerjava.zerodep.shaded.org.apache.hc.client5.http.headers -- http-outgoing-3 >> GET /v1.32/exec/39267a1c930e601862069bd0b57aa6f1787d74bd5bc5fff9b47f94bd50436ea7/json HTTP/1.1
15:11:24.613 [main] DEBUG com.github.dockerjava.zerodep.shaded.org.apache.hc.client5.http.headers -- http-outgoing-3 >> accept: application/json
15:11:24.613 [main] DEBUG com.github.dockerjava.zerodep.shaded.org.apache.hc.client5.http.headers -- http-outgoing-3 >> x-tc-sid: 19636001-dfb0-4a92-a4d9-9b302f9285c4
15:11:24.613 [main] DEBUG com.github.dockerjava.zerodep.shaded.org.apache.hc.client5.http.headers -- http-outgoing-3 >> User-Agent: tc-java/1.19.3
15:11:24.613 [main] DEBUG com.github.dockerjava.zerodep.shaded.org.apache.hc.client5.http.headers -- http-outgoing-3 >> Accept-Encoding: gzip, x-gzip, deflate
15:11:24.613 [main] DEBUG com.github.dockerjava.zerodep.shaded.org.apache.hc.client5.http.headers -- http-outgoing-3 >> Host: localhost:2375
15:11:24.613 [main] DEBUG com.github.dockerjava.zerodep.shaded.org.apache.hc.client5.http.headers -- http-outgoing-3 >> Connection: keep-alive
15:11:24.613 [main] DEBUG com.github.dockerjava.zerodep.shaded.org.apache.hc.client5.http.wire -- http-outgoing-3 >> "GET /v1.32/exec/39267a1c930e601862069bd0b57aa6f1787d74bd5bc5fff9b47f94bd50436ea7/json HTTP/1.1[\r][\n]"
15:11:24.613 [main] DEBUG com.github.dockerjava.zerodep.shaded.org.apache.hc.client5.http.wire -- http-outgoing-3 >> "accept: application/json[\r][\n]"
15:11:24.613 [main] DEBUG com.github.dockerjava.zerodep.shaded.org.apache.hc.client5.http.wire -- http-outgoing-3 >> "x-tc-sid: 19636001-dfb0-4a92-a4d9-9b302f9285c4[\r][\n]"
15:11:24.613 [main] DEBUG com.github.dockerjava.zerodep.shaded.org.apache.hc.client5.http.wire -- http-outgoing-3 >> "User-Agent: tc-java/1.19.3[\r][\n]"
15:11:24.613 [main] DEBUG com.github.dockerjava.zerodep.shaded.org.apache.hc.client5.http.wire -- http-outgoing-3 >> "Accept-Encoding: gzip, x-gzip, deflate[\r][\n]"
15:11:24.613 [main] DEBUG com.github.dockerjava.zerodep.shaded.org.apache.hc.client5.http.wire -- http-outgoing-3 >> "Host: localhost:2375[\r][\n]"
15:11:24.613 [main] DEBUG com.github.dockerjava.zerodep.shaded.org.apache.hc.client5.http.wire -- http-outgoing-3 >> "Connection: keep-alive[\r][\n]"
15:11:24.613 [main] DEBUG com.github.dockerjava.zerodep.shaded.org.apache.hc.client5.http.wire -- http-outgoing-3 >> "[\r][\n]"
15:11:24.617 [main] DEBUG com.github.dockerjava.zerodep.shaded.org.apache.hc.client5.http.wire -- http-outgoing-3 << "HTTP/1.1 200 OK[\r][\n]"
15:11:24.617 [main] DEBUG com.github.dockerjava.zerodep.shaded.org.apache.hc.client5.http.wire -- http-outgoing-3 << "Api-Version: 1.47[\r][\n]"
15:11:24.617 [main] DEBUG com.github.dockerjava.zerodep.shaded.org.apache.hc.client5.http.wire -- http-outgoing-3 << "Content-Type: application/json[\r][\n]"
15:11:24.617 [main] DEBUG com.github.dockerjava.zerodep.shaded.org.apache.hc.client5.http.wire -- http-outgoing-3 << "Date: Fri, 02 May 2025 13:11:24 GMT[\r][\n]"
15:11:24.617 [main] DEBUG com.github.dockerjava.zerodep.shaded.org.apache.hc.client5.http.wire -- http-outgoing-3 << "Docker-Experimental: false[\r][\n]"
15:11:24.617 [main] DEBUG com.github.dockerjava.zerodep.shaded.org.apache.hc.client5.http.wire -- http-outgoing-3 << "Ostype: linux[\r][\n]"
15:11:24.617 [main] DEBUG com.github.dockerjava.zerodep.shaded.org.apache.hc.client5.http.wire -- http-outgoing-3 << "Server: Docker/27.5.1 (linux)[\r][\n]"
15:11:24.617 [main] DEBUG com.github.dockerjava.zerodep.shaded.org.apache.hc.client5.http.wire -- http-outgoing-3 << "Transfer-Encoding: chunked[\r][\n]"
15:11:24.617 [main] DEBUG com.github.dockerjava.zerodep.shaded.org.apache.hc.client5.http.wire -- http-outgoing-3 << "[\r][\n]"
15:11:24.618 [main] DEBUG com.github.dockerjava.zerodep.shaded.org.apache.hc.client5.http.headers -- http-outgoing-3 << HTTP/1.1 200 OK
15:11:24.618 [main] DEBUG com.github.dockerjava.zerodep.shaded.org.apache.hc.client5.http.headers -- http-outgoing-3 << Api-Version: 1.47
15:11:24.618 [main] DEBUG com.github.dockerjava.zerodep.shaded.org.apache.hc.client5.http.headers -- http-outgoing-3 << Content-Type: application/json
15:11:24.618 [main] DEBUG com.github.dockerjava.zerodep.shaded.org.apache.hc.client5.http.headers -- http-outgoing-3 << Date: Fri, 02 May 2025 13:11:24 GMT
15:11:24.618 [main] DEBUG com.github.dockerjava.zerodep.shaded.org.apache.hc.client5.http.headers -- http-outgoing-3 << Docker-Experimental: false
15:11:24.618 [main] DEBUG com.github.dockerjava.zerodep.shaded.org.apache.hc.client5.http.headers -- http-outgoing-3 << Ostype: linux
15:11:24.618 [main] DEBUG com.github.dockerjava.zerodep.shaded.org.apache.hc.client5.http.headers -- http-outgoing-3 << Server: Docker/27.5.1 (linux)
15:11:24.618 [main] DEBUG com.github.dockerjava.zerodep.shaded.org.apache.hc.client5.http.headers -- http-outgoing-3 << Transfer-Encoding: chunked
15:11:24.618 [main] DEBUG com.github.dockerjava.zerodep.shaded.org.apache.hc.client5.http.impl.classic.MainClientExec -- ex-0000001F: connection can be kept alive for 3 MINUTES
15:11:24.618 [main] DEBUG com.github.dockerjava.zerodep.shaded.org.apache.hc.client5.http.wire -- http-outgoing-3 << "1a9[\r][\n]"
15:11:24.618 [main] DEBUG com.github.dockerjava.zerodep.shaded.org.apache.hc.client5.http.wire -- http-outgoing-3 << "{"ID":"39267a1c930e601862069bd0b57aa6f1787d74bd5bc5fff9b47f94bd50436ea7","Running":false,"ExitCode":0,"ProcessConfig":{"tty":false,"entrypoint":"ffmpeg","arguments":["-i","/screen.flv","-vcodec","libx264","/newScreen.flv"],"privileged":false},"OpenStdin":false,"OpenStderr":true,"OpenStdout":true,"CanRemove":false,"ContainerID":"71c6e7cca6ee26d9d9ad062dd642ede98f51ea685b9aed962ec0466bf66c2405","DetachKeys":"","Pid":26826}[\n]"
15:11:24.618 [main] DEBUG com.github.dockerjava.zerodep.shaded.org.apache.hc.client5.http.wire -- http-outgoing-3 << "[\r][\n]"
15:11:24.618 [main] DEBUG com.github.dockerjava.zerodep.shaded.org.apache.hc.client5.http.wire -- http-outgoing-3 << "0[\r][\n]"
15:11:24.618 [main] DEBUG com.github.dockerjava.zerodep.shaded.org.apache.hc.client5.http.wire -- http-outgoing-3 << "[\r][\n]"
15:11:24.619 [main] DEBUG com.github.dockerjava.zerodep.shaded.org.apache.hc.client5.http.impl.classic.InternalHttpClient -- ep-0000001E: releasing valid endpoint
15:11:24.619 [main] DEBUG com.github.dockerjava.zerodep.shaded.org.apache.hc.client5.http.impl.io.PoolingHttpClientConnectionManager -- ep-0000001E: releasing endpoint
15:11:24.619 [main] DEBUG com.github.dockerjava.zerodep.shaded.org.apache.hc.client5.http.impl.io.PoolingHttpClientConnectionManager -- ep-0000001E: connection http-outgoing-3 can be kept alive for 3 MINUTES
15:11:24.619 [main] DEBUG com.github.dockerjava.zerodep.shaded.org.apache.hc.client5.http.impl.io.PoolingHttpClientConnectionManager -- ep-0000001E: connection released [route: {}->npipe://localhost:2375][total available: 1; route allocated: 1 of 2147483647; total allocated: 1 of 2147483647]
15:11:24.624 [main] DEBUG org.testcontainers.shaded.com.github.dockerjava.core.command.AbstrDockerCmd -- Cmd: 71c6e7cca6ee26d9d9ad062dd642ede98f51ea685b9aed962ec0466bf66c2405,.,/newScreen.flv
15:11:24.626 [main] DEBUG com.github.dockerjava.zerodep.shaded.org.apache.hc.client5.http.impl.classic.InternalHttpClient -- ex-00000020: preparing request execution
15:11:24.626 [main] DEBUG com.github.dockerjava.zerodep.shaded.org.apache.hc.client5.http.protocol.RequestAddCookies -- Cookie spec selected: strict
15:11:24.626 [main] DEBUG com.github.dockerjava.zerodep.shaded.org.apache.hc.client5.http.protocol.RequestAuthCache -- Auth cache not set in the context
15:11:24.626 [main] DEBUG com.github.dockerjava.zerodep.shaded.org.apache.hc.client5.http.impl.classic.ProtocolExec -- ex-00000020: target auth state: UNCHALLENGED
15:11:24.626 [main] DEBUG com.github.dockerjava.zerodep.shaded.org.apache.hc.client5.http.impl.classic.ProtocolExec -- ex-00000020: proxy auth state: UNCHALLENGED
15:11:24.626 [main] DEBUG com.github.dockerjava.zerodep.shaded.org.apache.hc.client5.http.impl.classic.ConnectExec -- ex-00000020: acquiring connection with route {}->npipe://localhost:2375
15:11:24.626 [main] DEBUG com.github.dockerjava.zerodep.shaded.org.apache.hc.client5.http.impl.classic.InternalHttpClient -- ex-00000020: acquiring endpoint (3 MINUTES)
15:11:24.626 [main] DEBUG com.github.dockerjava.zerodep.shaded.org.apache.hc.client5.http.impl.io.PoolingHttpClientConnectionManager -- ex-00000020: endpoint lease request (3 MINUTES) [route: {}->npipe://localhost:2375][total available: 1; route allocated: 1 of 2147483647; total allocated: 1 of 2147483647]
15:11:24.627 [main] DEBUG com.github.dockerjava.zerodep.shaded.org.apache.hc.client5.http.impl.io.PoolingHttpClientConnectionManager -- ex-00000020: endpoint leased [route: {}->npipe://localhost:2375][total available: 0; route allocated: 1 of 2147483647; total allocated: 1 of 2147483647]
15:11:24.627 [main] DEBUG com.github.dockerjava.zerodep.shaded.org.apache.hc.client5.http.impl.io.PoolingHttpClientConnectionManager -- ex-00000020: acquired ep-0000001F
15:11:24.627 [main] DEBUG com.github.dockerjava.zerodep.shaded.org.apache.hc.client5.http.impl.classic.InternalHttpClient -- ex-00000020: acquired endpoint ep-0000001F
15:11:24.627 [main] DEBUG com.github.dockerjava.zerodep.shaded.org.apache.hc.client5.http.impl.classic.MainClientExec -- ex-00000020: executing GET /v1.32/containers/71c6e7cca6ee26d9d9ad062dd642ede98f51ea685b9aed962ec0466bf66c2405/archive?path=%2FnewScreen.flv HTTP/1.1
15:11:24.627 [main] DEBUG com.github.dockerjava.zerodep.shaded.org.apache.hc.client5.http.impl.classic.InternalHttpClient -- ep-0000001F: start execution ex-00000020
15:11:24.627 [main] DEBUG com.github.dockerjava.zerodep.shaded.org.apache.hc.client5.http.impl.io.PoolingHttpClientConnectionManager -- ep-0000001F: executing exchange ex-00000020 over http-outgoing-3
15:11:24.627 [main] DEBUG com.github.dockerjava.zerodep.shaded.org.apache.hc.client5.http.headers -- http-outgoing-3 >> GET /v1.32/containers/71c6e7cca6ee26d9d9ad062dd642ede98f51ea685b9aed962ec0466bf66c2405/archive?path=%2FnewScreen.flv HTTP/1.1
15:11:24.627 [main] DEBUG com.github.dockerjava.zerodep.shaded.org.apache.hc.client5.http.headers -- http-outgoing-3 >> accept: application/x-tar
15:11:24.627 [main] DEBUG com.github.dockerjava.zerodep.shaded.org.apache.hc.client5.http.headers -- http-outgoing-3 >> x-tc-sid: 19636001-dfb0-4a92-a4d9-9b302f9285c4
15:11:24.627 [main] DEBUG com.github.dockerjava.zerodep.shaded.org.apache.hc.client5.http.headers -- http-outgoing-3 >> User-Agent: tc-java/1.19.3
15:11:24.627 [main] DEBUG com.github.dockerjava.zerodep.shaded.org.apache.hc.client5.http.headers -- http-outgoing-3 >> Accept-Encoding: gzip, x-gzip, deflate
15:11:24.627 [main] DEBUG com.github.dockerjava.zerodep.shaded.org.apache.hc.client5.http.headers -- http-outgoing-3 >> Host: localhost:2375
15:11:24.627 [main] DEBUG com.github.dockerjava.zerodep.shaded.org.apache.hc.client5.http.headers -- http-outgoing-3 >> Connection: keep-alive
15:11:24.627 [main] DEBUG com.github.dockerjava.zerodep.shaded.org.apache.hc.client5.http.wire -- http-outgoing-3 >> "GET /v1.32/containers/71c6e7cca6ee26d9d9ad062dd642ede98f51ea685b9aed962ec0466bf66c2405/archive?path=%2FnewScreen.flv HTTP/1.1[\r][\n]"
15:11:24.627 [main] DEBUG com.github.dockerjava.zerodep.shaded.org.apache.hc.client5.http.wire -- http-outgoing-3 >> "accept: application/x-tar[\r][\n]"
15:11:24.627 [main] DEBUG com.github.dockerjava.zerodep.shaded.org.apache.hc.client5.http.wire -- http-outgoing-3 >> "x-tc-sid: 19636001-dfb0-4a92-a4d9-9b302f9285c4[\r][\n]"
15:11:24.627 [main] DEBUG com.github.dockerjava.zerodep.shaded.org.apache.hc.client5.http.wire -- http-outgoing-3 >> "User-Agent: tc-java/1.19.3[\r][\n]"
15:11:24.627 [main] DEBUG com.github.dockerjava.zerodep.shaded.org.apache.hc.client5.http.wire -- http-outgoing-3 >> "Accept-Encoding: gzip, x-gzip, deflate[\r][\n]"
15:11:24.627 [main] DEBUG com.github.dockerjava.zerodep.shaded.org.apache.hc.client5.http.wire -- http-outgoing-3 >> "Host: localhost:2375[\r][\n]"
15:11:24.627 [main] DEBUG com.github.dockerjava.zerodep.shaded.org.apache.hc.client5.http.wire -- http-outgoing-3 >> "Connection: keep-alive[\r][\n]"
15:11:24.627 [main] DEBUG com.github.dockerjava.zerodep.shaded.org.apache.hc.client5.http.wire -- http-outgoing-3 >> "[\r][\n]"
15:11:24.641 [main] DEBUG com.github.dockerjava.zerodep.shaded.org.apache.hc.client5.http.wire -- http-outgoing-3 << "HTTP/1.1 200 OK[\r][\n]"
15:11:24.641 [main] DEBUG com.github.dockerjava.zerodep.shaded.org.apache.hc.client5.http.wire -- http-outgoing-3 << "Api-Version: 1.47[\r][\n]"
15:11:24.641 [main] DEBUG com.github.dockerjava.zerodep.shaded.org.apache.hc.client5.http.wire -- http-outgoing-3 << "Content-Encoding: gzip[\r][\n]"
15:11:24.641 [main] DEBUG com.github.dockerjava.zerodep.shaded.org.apache.hc.client5.http.wire -- http-outgoing-3 << "Content-Type: application/x-tar[\r][\n]"
15:11:24.641 [main] DEBUG com.github.dockerjava.zerodep.shaded.org.apache.hc.client5.http.wire -- http-outgoing-3 << "Date: Fri, 02 May 2025 13:11:24 GMT[\r][\n]"
15:11:24.641 [main] DEBUG com.github.dockerjava.zerodep.shaded.org.apache.hc.client5.http.wire -- http-outgoing-3 << "Docker-Experimental: false[\r][\n]"
15:11:24.641 [main] DEBUG com.github.dockerjava.zerodep.shaded.org.apache.hc.client5.http.wire -- http-outgoing-3 << "Ostype: linux[\r][\n]"
15:11:24.641 [main] DEBUG com.github.dockerjava.zerodep.shaded.org.apache.hc.client5.http.wire -- http-outgoing-3 << "Server: Docker/27.5.1 (linux)[\r][\n]"
15:11:24.641 [main] DEBUG com.github.dockerjava.zerodep.shaded.org.apache.hc.client5.http.wire -- http-outgoing-3 << "X-Docker-Container-Path-Stat: eyJuYW1lIjoibmV3U2NyZWVuLmZsdiIsInNpemUiOjczMjY2LCJtb2RlIjo0MjAsIm10aW1lIjoiMjAyNS0wNS0wMlQxMzoxMToyNC41NjEwMjM0MDRaIiwibGlua1RhcmdldCI6IiJ9[\r][\n]"
15:11:24.641 [main] DEBUG com.github.dockerjava.zerodep.shaded.org.apache.hc.client5.http.wire -- http-outgoing-3 << "Transfer-Encoding: chunked[\r][\n]"
15:11:24.641 [main] DEBUG com.github.dockerjava.zerodep.shaded.org.apache.hc.client5.http.wire -- http-outgoing-3 << "[\r][\n]"
15:11:24.641 [main] DEBUG com.github.dockerjava.zerodep.shaded.org.apache.hc.client5.http.headers -- http-outgoing-3 << HTTP/1.1 200 OK
15:11:24.641 [main] DEBUG com.github.dockerjava.zerodep.shaded.org.apache.hc.client5.http.headers -- http-outgoing-3 << Api-Version: 1.47
15:11:24.641 [main] DEBUG com.github.dockerjava.zerodep.shaded.org.apache.hc.client5.http.headers -- http-outgoing-3 << Content-Encoding: gzip
15:11:24.641 [main] DEBUG com.github.dockerjava.zerodep.shaded.org.apache.hc.client5.http.headers -- http-outgoing-3 << Content-Type: application/x-tar
15:11:24.641 [main] DEBUG com.github.dockerjava.zerodep.shaded.org.apache.hc.client5.http.headers -- http-outgoing-3 << Date: Fri, 02 May 2025 13:11:24 GMT
15:11:24.641 [main] DEBUG com.github.dockerjava.zerodep.shaded.org.apache.hc.client5.http.headers -- http-outgoing-3 << Docker-Experimental: false
15:11:24.641 [main] DEBUG com.github.dockerjava.zerodep.shaded.org.apache.hc.client5.http.headers -- http-outgoing-3 << Ostype: linux
15:11:24.641 [main] DEBUG com.github.dockerjava.zerodep.shaded.org.apache.hc.client5.http.headers -- http-outgoing-3 << Server: Docker/27.5.1 (linux)
15:11:24.641 [main] DEBUG com.github.dockerjava.zerodep.shaded.org.apache.hc.client5.http.headers -- http-outgoing-3 << X-Docker-Container-Path-Stat: eyJuYW1lIjoibmV3U2NyZWVuLmZsdiIsInNpemUiOjczMjY2LCJtb2RlIjo0MjAsIm10aW1lIjoiMjAyNS0wNS0wMlQxMzoxMToyNC41NjEwMjM0MDRaIiwibGlua1RhcmdldCI6IiJ9
15:11:24.641 [main] DEBUG com.github.dockerjava.zerodep.shaded.org.apache.hc.client5.http.headers -- http-outgoing-3 << Transfer-Encoding: chunked
15:11:24.641 [main] DEBUG com.github.dockerjava.zerodep.shaded.org.apache.hc.client5.http.impl.classic.MainClientExec -- ex-00000020: connection can be kept alive for 3 MINUTES
15:11:24.650 [main] DEBUG com.github.dockerjava.zerodep.shaded.org.apache.hc.client5.http.wire -- http-outgoing-3 << "8000[\r][\n]"
15:11:24.650 [main] DEBUG com.github.dockerjava.zerodep.shaded.org.apache.hc.client5.http.wire -- http-outgoing-3 << "[0x1f][0xffffff8b][0x8][0x0][0x0][0x0][0x0][0x0][0x0][0xffffffff][0xffffffd4][0xfffffffc][0x5]X[0x15][0xfffffffd][0xfffffff6][0xfffffff7][0xffffff8f][0xffffffcf][0xffffffa6][0x1b][0xffffffa4][0xffffff9b]M[\n]"
15:11:24.650 [main] DEBUG com.github.dockerjava.zerodep.shaded.org.apache.hc.client5.http.wire -- http-outgoing-3 << "[0xffffffd2][0xffffffdd][0xffffffdd][0xffffff8d][0xffffffa0][0xffffffb4][0xfffffff4][0xffffffa6];$[0xffffffa5][0xffffffbb]K[0xffffffba][0x11][0xffffff90][0x12])[0x1][0xffffffe9][0xffffff92]PBJJZ[0xffffff90][0xffffffee][0xffffffae][0xffffffff][0xffffffa5]w[0x1c]o[0xffffffce][0xfffffff7][0xfffffffb]<[0xfffffff7]9[0xffffffb7]>[0xffffffd7][0xffffffff]7[0xffffffd7]\[0xffffffb0][0xffffff9d]X3[0xfffffff3][0xfffffffe][0xffffffac][0xffffffb5][0xfffffff6][0xffffffeb][0xffffffb3]X[0xffffff8e]-[0xffffffc4]U[0xffffffcd][0xffffffd8][0x11][0x2][0xffffffb1]e2[0xffffffb5]~[\n]"
15:11:24.650 [main] DEBUG com.github.dockerjava.zerodep.shaded.org.apache.hc.client5.http.wire -- http-outgoing-3 << "[0xfffffffc][0xffffff9a][0xffffff85][0xffffff85][0xffffff85][0xffffff85][0xffffff85][0xffffff8b][0xffffff83][0xffffffe3][0xfffffffb]o[0x16][0x16][0xffffff96][0xffffffbf][0xfffffffe]fc[0xffffffe5]f[0xffffffe1]b[0x3]X9YX8Y9[0xffffffd8]X[0xffffffb9]9[0x0][0x16]VVnVN[0x0][0xffffffcc][0xfffffff2][0xffffff8b][0xffffffee][0xffffffe7]/[0xffffff8b][0xffffff8b][0xffffff93][0xffffffb3][0xffffffa1]#[0xffffffc0][0xfffffff2][0xffffff8f][0xffffffaf]u[0xfffffff7][0xffffffe1][0xfffffffe]?[0xffffffb2]H)[0xffffffa8][0xffffff83]@[0x0][0x0] ~[0xfffffffb][0x7]&[0x0][0xffffffd4][0xffffffff][0xffffffbe][0x1d][\n]"
15:11:24.651 [main] DEBUG com.github.dockerjava.zerodep.shaded.org.apache.hc.client5.http.wire -- http-outgoing-3 << "@[0xffffffb2][0xffffffb3]U[0xffffff84]8[0x1b]J[0x18]:[0x1b]"[0x0][0x0][0xffffff80][0x0] [0xffffff98][0xffffffb8]8[0x1a]:[[0xffffffd8][0xffffffd9][0x2]"[0x14][0xffffffec][0xffffffdf][0x17][0x0][0xffffffd6][0xffffffd5][0xffffffc2][0xffffffc4][0xffffffd9][0x1c][0x10]y[0xffffffee][0xfffffffb][0xffffffdb]Yp[0xffffffe6][0x10][0xb]3sg@$[0xfffffff6]w3[0xffffffa8]O-L v&[0xffffff86][0xffffffce][0xffffff86][0xffffff8e][0xffffff86][0xffffffce][0xffffff90][0x7f]][0x16][0xffffffd1][0xffffffd4][0xffffffd1][0xffffffd0][0x6][0xfffffff2]}[0xffffff9b][0xffffff88][0xffffffd0][0xffffffef][0xffffffdb]P[0xffffffbe][0x1f]klg[0x2]1[0xffffffb6]0[0x1]D[0xffffff88][0x7f][0xffffffdf][0xc][0xf][0xffffffb1][0xfffffffd][0xffffffb6][0xffffffcd][0x11][\n]"
15:11:24.651 [main] DEBUG com.github.dockerjava.zerodep.shaded.org.apache.hc.client5.http.wire -- http-outgoing-3 << "@U0|j[0xffffffca][0xffffffc9][0xffffffc3][0xffffffc4][0xffffffc6][0xffffffc2][0xffffffc4][0xffffffca][0xffffffc2][0x2] [0xffffff98]ZXC[0xffffff9c],< [0xffffff80][0xffffffc8][0xfffffffe]2[0xfffffff8]w[0xffffffbb][0x0][0x0]t"[0x2][0x0][0xffffffe3][0xffffffef]'[0xffffffe3]}[0xfffffffb][0x1]:[0x2]ho[0x17][0x1]|[0xffffffb3]#[0xffffff80]6.[0xffffff9d][0x16][0xffffffa9]Md[0xffffffd8][0x17][0x0][0xffffffa0][0x1]_[0x0] [0xffffff85][0xffffff8f][0xffffffc4][0x7f][0xf][0x2]`[0xffffffcd]7[0xffffff97][0xffffffbb]d[0x0][0x0][0xffffffe0]A[0x4]`([0xfffffffe]8[0x17][0x4][0x0][0xffffffe2][0x0][0x0][0xfffffff5][\n]"
15:11:24.652 [main] DEBUG com.github.dockerjava.zerodep.shaded.org.apache.hc.client5.http.wire -- http-outgoing-3 << "[0xe][0xfffffff6][0xfffffff6][0xffffffb6]dVr[0xffffffbd]yuJ[0xffffffa6].[0xffffff89]a[0x12]<E[0xffffffb9][0xffffffb3][0xffffffeb][0xffffffc6][0xffffffc6][0xffffffc5][0x1]f[0x4][0x1b][0xffffffdb]9B[0xffffffc0][0xffffffac][0xffffff9c][0xffffff9c]`G6^Vn0[0xffffff8b]![0xf][0xffffff87][0x9]/[0xf][0xffffff98][0x11],[0xffffffc3][0xffffffc4][0xffffffc6][0xffffffc5][0xffffffc1][0xffffffac][0xffffffa8]")[0xffffffcd][0xffffffc8][0x1][0x16]U[0x17][0x7][0x7f][0x7f]00#X[0xffffffdc][0xffffffce][0xffffffde][0xffffffdd][0x1a]b[0xffffffea][0xc]fcaagdca[0xfffffffd]v[0xffffffb4][0xffffffb9][0xffffffb3][0xffffffb3]=[0x1f]3[0xffffffb3][0xffffffab][0xffffffab]+[0xffffffd3]w[0x15][0xffffffac][\r]m[0xffffff99][0xffffffec][0x1c][0xffffffcd][0xffffff98][0xffffffbf]][0xffffff85][0xffffffc9][0xffffffdc][0xffffffd9][0xffffffc6][0x1a][0xffffffcc][0x8][0xffffffb6][0xffffffb3][0xffffffff]&[0xffffffbe][0x13][0x1f][0xffffffd8][0xffffffd8][0xffffffd0][0xffffffc8][0xffffffd0]X[0xffffff90][0x15][0xffffffec][0x8]1[0x15]d[0x7][0xffffff9b]@[0xffffff8c][0xffffffac][0xffffffed][0xffffff8c][0xffffffad][0x4]Y[0xfffffff9]X[0xfffffff8]X[0xffffffc0][0xffffff86][0xffffffb6][0xffffff86][0xffffffd6][0xffffffee]N[0x10]A[0x16]7V>[0x16]7VVV[0xffffffb0][\r]D[0xffffffd0][0x1c][0xffffffe2][0x6]vr1[0xffffffb2][0xffffff81][0x8]r[0xffffff83][0xffffffed][0xffffff9d][0xffffffdc][0x5]Y[0xffffffbf][0xfffffffd][0xffffffd4]w4[0x11]deba[0xffffffe1]caba[0x1][0xffffffdb]X[0xffffffb8]AL[0xfffffff4][0xffffffbf]Y[0xfffffffc]v[0xffffff86][0xffffffbe][0xffffffa3][0xffffffa1][0xffffffad][0x19]D[0xffffff90][0xffffff95][0xb]ll[0xffffffee]hgc[0xffffffa8]o[0x3][0x11]d[0x5];;B[0xffffffac][0xffffffad]-[0xffffff9c][0x4]Y[0xffffffc1]<n<&[0xffffffc6][0xffffffce][0xffffff82],`c[0x7][0x1b]A[0x16][0xffffffb0][0x9][0xffffffc4][0xffffffd0][0xffffffc4][0xffffffc3][0xffffffce][0x16]"[0xffffffc8][0xffffffc6][0xffffffca][0xffffffc0][0xffffffca][\n]"
15:11:24.652 [main] DEBUG com.github.dockerjava.zerodep.shaded.org.apache.hc.client5.http.wire -- http-outgoing-3 << "65tr[0xffffffd6][0xffffffb7]w[0xffffffb2][0xffffffb2][0xffffffb0][0x17]d[0xfffffffd][0xffffffc3][0xffffff80][0xffffff83][0xffffffbd][0xffffffbe][0xffffff9d][0xffffffa9][0xffffffa9][0x13][0xffffffc4]Y[0xffffff90][0x3][0xffffffec]l[0xffffffee][0x8]14q[0x12]de[0x3][[0xffffffdb][0xffffffd9]Y[0x19][0xffffff9a]C[0xc]M[0xfffffff4][0xffffffff][0xffffffd8][0xffffffc8][0x6]v[0xffffffb2][0xffffffb6]0[0xffffff86][0xfffffffc]k[0x3][0xb][0xffffffd8][0xffffffd6][0xfffffff1][0xfffffffb]5[0xffffff8c]-l[0xc][0xffffff9d][0xffffffbf][0xffffffdd][0xffffff87][0xffffff85][0xffffffad]3[0xffffffc4][0xffffffd1][0xffffffda][0xffffffd0][0x18]b"[0xffffffc8][0x2]6[0xffffffb2]vq4t[0xffffffd7]7[0xffffffb6][0xffffffb3][0xffffffb1]7[0xfffffffc]~Gv[0xffffffb6]N[0xffffffce][0xffffff8e][0xffffff86][0x16][0xffffffb6][0x10][0x13]}[0xb][gG[0xffffffc3]o[0xffffffc7]|[0xfffffff7]6'Av[0xffffffb0][0xffffff91][0xffffffbe][0xffffffbd][0xffffffbb][0xffffffa3][0xffffffa1][0xffffff8d][0xffffff85][0xffffff89] [0x1b][0xffffffd8]H[0xffffffdf][0xffffffd0][0xffffffc4][0xffffffd0][0xffffffde]Y[0xffffff90][0x15]l[0xffffffa4]oda[0xfffffff8][0xffffffed]J&[0x16][0xffffff8e][0x10][0xffffffe3]o[\[0xffffffbf][0xfffffffb][0xffffffb1][0xffffff91] +[0xffffffd8][0xffffffce][0x1e]b[0xffffffab]ofg/[0xffffffc8][0xfffffff2][0xfffffffb]F{A6[0xffffffb0][0x15][0xffffffc4][0xffffffdd][0xffffffc2][0xffffffd6]Y[0xffffff90][0xffffff8d][0xffffff93][0xffffffe5][0xfffffff7][0xffffff8f][0xfffffffa]6[0x16][0xffffffb6][0xffffff82]l[0xffffff9c]`'c[0xffffff88]-[0xffffffc4][0xffffffd8][0xffffffc5]Y[0xffffff90][0xffffff83][0x5][0xfffffffc][0xfffffffd][0xffffffea][0xffffffdf]$u[0xffffff84]8[0xffffff99][0xb][0xffffffb2][0xffffff80][0x1d][0xffffff8d][0xfffffff5][0xffffffff]|[0xffffffdc]o[0xfffffffb][0x1d][0xffffff8d][0x5][0xffffff8d][0x1d]M[0xffffffc1]6F[0xffffffce][0xffffff8e][0xffffff90]o[0xffffff8f]e[0xffffffec]h*[0xffffffc8][0xffffffc6][0xffffffce][0xffffffc4][0x2]v[0xfffffff8][0xfffffff6]0[0xffffff82],L\,`[0x7][0xfffffffb]o[0xffffff86][0xffffffbf][0xffffffff]6t[0x13][0xffffffe4][0xffffffe2][0x5];[0xffffffd8];9C[0xffffffec][0x5]9[0xffffffc0][0x16][0xfffffff6][0xfffffffa][0xffffffdf][0xffffffa3]Q[0xffffff90][0xffffff95][0xffffff89][0xffffff83][0x5]l[0xffffffe8] [0xffffffc8][0xffffffca][0xfffffff7]m4[0xffffffbf]95[0xffffffc8][0xc][0x12][0x1a][0x8]p[0xffffffdf][0xffffffde][0xffffff9c][0xffffff84][0xffffff9c]aOib[0xffffffdd]h[0xffffffb5]^[0xffffffa3][0xfffffffa][0xffffffcc][0xffffffc6][0xffffffcc][0xffffffc4][0xffffff94]];[0x18][0xffffff93][0xffffffc3][0xffffffcc]kW[0xffffff90][0x7f]m[0xfffffffb][0x16][0x1]?[0xffffffae]0[0xffffffad][0xffffffe8][0x1e][0xffffffcc]+d[0xffffffa9][0x1e]#[0xffffffad]&[0xf]V6[0xffffffa3][0x12]_[0xffffffff][0xffffffb8][0x1b][0xffffff9a]>[0x14][0x0][0xffffff92][0x1e][0x0][0xffffff80][0xfffffff9][0x9][0x0][0x14][0xffffffed][0x1]P[0xfffffffe]"[0x0][0xffffffea][0x6][0x0][0x4][0xffffffa8][0x0][0xffffffb0][0xb][0x0][0xffffffa0][0x3][0x0][0x8][0xffffffa8][0x0][0xffffffd0]g[0x0][0x10][0xffffffda][0x3]P5wm[0xffffffff][0xffffffb9][0x6]T}[0xfffffff8]_[0xfffffff7][0x1]Rr_[0xffffffff][0xfffffff7][0xffffff9d][0xffffffff][0xffffffff][0xffffffb7]"[0xfffffff2][0x2][0x0][0xc]#"[0x0][0xfffffff0][0x1][0xffffffc0][0xfffffff7][0xffffff9c]q[0x1f][0x4][0x0][0xffffff85][0x0][0x0][0xffffffb0][0xffffff8a][0xffffffa6]QY[0xffffff8b][0xfffffffb][0xffffffdc][0x14][0x5][0xfffffffe]=S[0x1][0xffffffdf][0xffffffb2][0xffffffa7]$"[0x0]p[0x7f]O8[0xffffffbf][0x19][0xfffffffa][0xfffffff6][0xffffff81]I4K[0xffffffcc]-[0xffffffc8][0xffffffe7][0xffffffef]Y[0xffffffb1]n[0x7][0x0]@[0xffffffec]7+&[0x7f]X[0xfffffff9][0xffffffb6]0[0xffffff81][0xffffffb2][0xc][0xffffff9d][0xffffffc5][0xfffffffe][0xffffffa6][0xffffff95][0x8][0xffffffdf][0x7f]Y[0x9][0xfffffffe][0xffffffc3][\n]"
15:11:24.652 [main] DEBUG com.github.dockerjava.zerodep.shaded.org.apache.hc.client5.http.wire -- http-outgoing-3 << "[0xfffffff9]oV[0xffffff8c]-[0xffffffff][0xffffffb6][0x15][0xffffffbf][0xffffffdf][0xffffffad][0xffffff88][0x0]@[0xffffffd1][0x1f]V[0xffffffbe]}[0xffffffe0][0x16]M3[0xffffff97]})j[0xffffff9e][0xffffffaa][0xffffff80]`w[0xfffffffb][0xfffffff7][0x5][0xfffffffa]fN[0x1e][0x11][0x0]x[0x1][0xffffffa0][0xfffffff7]G[0xffffff81]XD[0xffffffb3][0xffffff82]%[0xffffffef]1[0xffffffd0][0xffffffdf][0xfffffffe][0x7][0x12]I[0xfffffffc][0xfffffff6]p[0x1b]w$*[0xfffffff8][0xfffffffb][0x12][0xfffffff9][0xfffffffd])[0x11][0x8][0xfffffff9][0xffffff8e]DE[0x7f]_[0xffffffa2][0xffffffdf][0xffffff85][0xffffffa6]x[0x9][0xffffff80][0x18]~[0xffffff90][0xffffff88]"[4[0xffffffad]L[0xfffffff6][0xffffffa5][0xffffffa8][0xfffffff5][0xffffffbf]K[0xffffff84]|[0xffffff8b][0xffffffd8][0x19][0xfffffff0][0x0][0xffffffc0][0x16][0xffffff94][0xffffffe5][0xfffffff5][0xffffff8d][0xffffff9e][0xffffffab][0xffffffb2]e=[0x14][0xffffffb0][0xffffffd3]iT[0x1]08[0xffffff8e][0xffffffcc][0x1e]U[0xffffffc5][0xffffffce][0x7f][0xffffff9a][[0xffffffb7]^j[0xffffffa0]q[0xffffffd5][0xffffffb8]U[0xffffffcd][0xffffffac][0xffffffd8][0xfffffff3]'[0xffffff87][0xffffff8e][0x9]~[0x1a][0xffffffc7][0xffffffc6]0[0xffffff85];[0xffffffb7]l[0xffffffc0][0xfffffffb][0xffffffd0]8[0x19][0xffffffd9][0xffffff9a][0xffffff8d]`[0x12][0x16][0xfffffff4]x[0xffffffae]V[0xffffffe3]~[0xffffff92][0xffffffce][0xffffffe2][0x2][0xffffffec]rGHL{[0xffffffee][0xffffffda][0xffffff8b][0xffffffdf][0xffffffec][0xffffff83][0xffffffc8][0xffffffa5][0xffffff9a][0xffffff87]6G9+[0xffffffaa][0xfffffff8]6[0xffffff84][0xffffffc6]@3[0xffffff9b][0xffffffca][0x17]x4[0x1d]5[0xffffffc6][0x14]k[0xffffffc3][0x5][0xffffff9f]z[0xffffffca][0xffffff8d][0xffffffa1]/[0xffffff9e][0xffffffd8][0xfffffff0][0x5][0xffffffef][0xffffffb8]&[0xffffffbd][0x0][0xffffffe9][0xffffffa1][0xffffffcf][0xffffffaa][\r][0xffffff80][0xffffff84][0xffffff93]C[0xffffff8b][0xc]2+j[0xffffffce][0xfffffffa]+j[0xffffffc2][0xffffffc8][0xffffffac]KU_[0xffffffa8][0x0][0xffffff97][0xb]Ls78C+[0xffffffcb]jFyu/[0xffffffe8][0xffffff95][0xffffffe3][0xffffff81]y~ [0xffffffd1]d`[0x15][0x5]o[0x6][0xfffffffb][0xffffff81]y[0xffffffa7]3[0xffffffe9][0xffffffc3][0xffffffdc][0xffffffbd]{_[0xffffff9b]YG[0xffffff90][0xffffffc3][0xffffffee]u[0xfffffff6][0xffffffb4][0xffffffbc][0xffffffdf][0x1d]{;[0xffffffdb][0xffffffac]a>Jp[0xffffff9e]ko]g[0xfffffff4]D[0xffffffba][0xffffff89][0xffffffb3][0xffffffc3][0xffffffe0],[0xffffffef]z([0xffffffed][0xfffffff3][0xfffffffc]Y[0x5]Il[0xffffff86][0xffffffdb][0xffffffdc][0xffffffe8][0xffffffe1][0x15][0xffffffb6]|N$[0x1e]=[0xffffffbb]x[0xffffff83][0xffffffd7][0x12]i([0xffffffd5][0xffffff8c]"[0xfffffff8][0xffffff8b]6[0xffffffd3]cV[0xffffffbf][\r][0xffffffad][0xfffffff5]iG[0xffffffc2]!6[0xffffffe9][0xffffff9b][0x13][0xfffffffa]G:[0xffffffe1][0xffffffaf][0x1]1i[0xfffffffa]`S[0xffffffe3]\k[0x16];A[0xffffffbe][0xffffffe9]#[0xffffffbf][0xfffffff6]n$6_[0xffffffae]+}[0xffffffad][0xffffffd9][0xffffffa6]2([0xffffffa9][0x1a][0xfffffff6]e7[0xffffff82]X[0xffffff98](/[0x5]x[0xffffffd2][0x15]c[0xffffffc8][0xffffffbd][0xffffffc0]k[0xffffffdc]8[0xffffffb3][0xf][0xffffff8e][0xffffff97][0xffffff8f][0xffffffab][0xffffffc3]4[0x11][0xffffffbc][0xffffff8b][0xffffffe1][0xffffffc2]8`[0x19](H}[0xffffffb6][0xffffff98][0xffffff83][0xffffffd9][0x6]([0xffffffcf][0xffffff8a][0xffffffbe][0xffffff9a]zN[0xffffff98][0xffffffa5][0xffffff92][0xffffff90][0x8][0xfffffffb]F<#[0xffffffcd][0xffffffc0]>[0xffffffa3][0xffffffc6][0xffffffec][0xffffffc3][0xffffffa9]L_[0xffffffb3][0xffffffdb]4x[0xffffffc3]~[0xffffffe1]X[0xffffffda][0xfffffffa][0xfffffff1][0xffffffc6][0x12][0xffffffce]?Y[0xfffffff7]t%Y[0xffffffcd][0xffffffa2][0xffffffac][0xfffffff9][0xfffffffd][0x1b][0xffffffcf]J[0xffffffe8]k[0xffffffdb]')[0xffffff9f]X[0xffffff9e][0x10]8[0xffffff90][0xfffffff3]8[0xf]8>[0xffffffbb])[0xffffff99][0xffffffa6][0xffffffc4]Vbf[0xffffffa0][0xffffffc5][0xffffffb6][0xffffffea][0x19][0xffffffc0][0x1d][0xffffff8d]e_0F[0xffffff90]3x[0xffffffe6][0xffffffe5][0xffffffdd][0x7f][-+[0x1e][0xffffffd8][0xffffffdc][0xffffffeb]d[0xffffffe1][0x15][0xffffffad]c[0x8][0xffffffd3]K[0xc]%[0x15][0xffffff96][0xffffff94][0x4][0x7][0x1f][0xffffffad][0xffffff83]8$[0xfffffff6][0xffffffd5][0xffffffb4][\n]"
15:11:24.652 [main] DEBUG com.github.dockerjava.zerodep.shaded.org.apache.hc.client5.http.wire -- http-outgoing-3 << "[0x1a][[0xffffffa2][0xffffff94]*<[0xffffffb5][0xffffffef]JA[0xffffffd8][0xffffff91][0xffffff8e][0xfffffff9]Q=[0xffffff83][0xffffff86]|[0xffffff80]T[0xffffff8c][[0xfffffffe][0xffffffa0]*[0xfffffff5][0xffffffb8]7o[0xffffffdd][0xffffffc5]g[0xfffffff6][0xfffffff3]D[0xfffffffe][0xffffff90][0xfffffffa][0xffffffc6][0xfffffffb][[\n]"
15:11:24.652 [main] DEBUG com.github.dockerjava.zerodep.shaded.org.apache.hc.client5.http.wire -- http-outgoing-3 << "[0x10]c[0xffffffbe][0xffffff8e][0xfffffff2]l[0xffffff92][0xffffffb3][0xffffffd3]"([0xffffffa9][0xffffff8f][0xffffff96][0xffffff8f]U[0x8]y[0xffffffda][0xffffffc9][0x1c][0xb][0xffffff89][0x6].[0xfffffff4][0xffffffd2][0xffffffc1]dE[0xffffffde][0xffffffee][0x1d]([0xffffffc2][0x16][0x11][0xfffffff9][0x4][0xffffff8f][0xffffffaf]W[0xfffffff4]f`h[0xffffffeb][0xffffffe8][0x11][0xffffffb6]"{$[0xffffffe7]Qj)[0xffffffea][0xffffffed]q[0xffffffdc]r_&[z[0xffffff97]r[0x2]!T[0xffffffe0][0xffffff88][0x4][0x1b][0xffffffa1][0xffffff93]C[0xffffffc2][0xffffffe1][0x16][0xffffffb1][0xffffff9d][0x3][0xffffffd6][0xffffff90]i<[0xffffffe4][0xffffffe6][0xffffffc8]:`[0xffffffaf][0xffffff97][0x1]*[0xffffffb7][0x6]Q[0xffffffc6][0xffffffc6]c[0xffffffa6][0xffffffd9][0x5]'6[0xffffff9c][0xffffffeb][0xffffffa3][0xffffff99]c[0xf][0xffffffe0]K'[0xffffff8a][0xffffffb1][0xffffffb4][0xffffff90][0xffffffd1][0x1e][0xffffffe5]"[0xffffff8b][0xffffff8e]m[0xb]O[0xffffffd8][0xffffff83]~%[0xffffffc8]v[0x3][0xffffffd6][0xffffff92]*[0xffffff83][0x15][0xffffffa0][0xffffffc6]_[0xfffffffa][0xffffffba][0x4]=[0xffffffaf][0xffffff99][0xfffffffa]I[0xffffff96],[0xfffffffc]1[0x1f][0xffffff94][0x0]'l\[0xb]z[0x13][0x14][0xffffff9f]4[0x4][0xffffffee][0xffffffb2][0x12][0xffffffd6][0xffffffaa]u[0xffffff94]p[0xffffffbb]Md[0xffffffdf][0x5]O[0xfffffffd][0x1]?^@[0xffffffc9][0xffffffc7][0xffffffa9]q[0xffffff8f][0xffffff85][0xffffff81]g[0x13][0xfffffff6][0xffffff99][0xffffffbd][0xffffff84][0x9][0x8][0xfffffff3][0xffffffcf][0x3][0xffffffc2]x[0xfffffff8][0x1f][0xc][0xffffffbf][0xffffffe1][0xffffff82]v[0xfffffff9]@[0xffffff9f]6[0xffffffe2][0xffffffb9]"[0xffffffe3]K[0xffffffe4][0xffffffe9]|[0xfffffffa][0xffffffd8][0xffffffee][0x4]K8[0xfffffff4][0xfffffff5]Nl[0xffffffb6][0x5][[0xffffffda][0xffffff94][0xfffffff2][0x18][0xffffffda][0x1e][0xffffffb5][0xffffffee][0xffffffd3][0xffffffb2][0xffffff8f]v[0xffffffd9][0xffffffc6][0x17][0xfffffff5]U/w([0xfffffffb][0xffffff83][0xffffffd7][0xffffffe0][0xfffffff4][0xffffff8d][0xffffffd3][0xffffffd4][0x1b][0xffffffa2][0xffffff88]([0x11][0xffffffcb]1[0xffffff9f][0xffffffa8]=[0xffffff8f]N[0xffffffe7]"v[0xffffff93][0x9][0xffffff86]J[0x1f][0xffffff90]QlX[0xffffff9f]j~[0xffffffae]fZ[0xffffffdd][0x14]-[0x5]j[0xffffff82]?[0x12][0xffffffbe][0xfffffff7][0xffffffc9][0xffffffaa][0xffffffcf][0x19]y[0xffffffb5][0xffffff81][0xffffffc1][0xffffff87]O5[0xffffffbf][0xffffff84]Z[0xe]v[0xffffff8a][0x18]w[0xffffffd8][0x18]S[0xffffff9a]hs[0xffffffe5][0xfffffff3]y[0xffffffd4][0xffffff86][0xffffff95][0xffffff84][0xffffffbb][0x19]N[0xffffff83][0xffffffef][0xffffffd6][0xffffffdb][0xffffffca][0xffffffa9]+[0x6][0xffffff89]K[0xffffffbc][0xffffffcb][\n]"
15:11:24.652 [main] DEBUG com.github.dockerjava.zerodep.shaded.org.apache.hc.client5.http.wire -- http-outgoing-3 << "[0xffffff92][0xffffffd6][0xffffffc8]'>+VX[0xffffffd3][0x19][0xffffff8b][0xffffffab][0xffffffae]X[0xb][0xffffffb0][0xffffffda][0x1d][0xffffff89][0xfffffff6][0xffffffcb]1T[0xffffffb7]*[0xffffffb0][0xffffff8a]bl6[0xffffff99][0xffffffa4]4q[0x3]c[0x18]xx[0x5][0xffffffb7][\n]"
15:11:24.652 [main] DEBUG com.github.dockerjava.zerodep.shaded.org.apache.hc.client5.http.wire -- http-outgoing-3 << "U[0xffffffae][0xffffff96][0xffffffde][0x9]>[0xffffff97][0x15]kR[0xffffffd5]/)[0xffffffaa][0xffffffde][0xffffffcd][0xffffffbd][0xc][0xffffffc5]Dt[0xffffff9a][0xffffffd0][0xfffffffd]XV[0x1b][0xffffffc8][0xffffff82][0xffffffaf]\[0xffffffff][0x16]T[0xffffff90][0xfffffff5][0xffffff84][0xffffff99][0xffffff92][0xffffffae][0xffffff99][0xffffffdc]f[0xffffffb6]-[0xffffff83] [0xffffffab]1[0xfffffff4][0xffffffc9][0xffffffc4]Y[0xffffffef]$-[0xffffffac]%[0xffffffab]t[0xffffffa4][0xffffffdd][0xffffffd1]"}?t[0x19][0xffffffde][0xffffff9e][0x7f]r+[0xffffff8a][0xffffffd4][0xfffffffc][0xffffff82]GW[0xffffff85][0xffffff86][0xffffff92][0xffffff91][0xffffff82][0xffffffe9]s[0xffffff83][0x1e][0xffffffb5][y[0xffffffe5][0xffffff87]p|[0xfffffffb]Kc[0xffffffa4][0xfffffffd]k[0xffffffc2][0xffffffb4][0x14]]9[0xffffffaa][0xffffff96][0xfffffff4]`[0xffffffd8]q[0xffffff87][0xffffffb5]B~[0xffffffbe]R!ni}[0xffffffaf][0x1][0x17][0xffffffec]sS[0xffffffc8]k.[0x4]=[0xe][0x14]u[0x3]}5[0x15]![0xffffffc9][0x1d][0xffffffb1][0x4]C[0xffffffd4][0xffffffda][0xffffffa0][0xffffffc9][0x1e][0xffffff96][0xffffffdc][0xffffff98]zaY[0xc]Y[0xffffffb7][0xffffffa5][0xffffffd7][0xf][0xfffffff6][0x6]S[0xffffffb2][0x9][0xffffff9a]w)[0xffffffda]=[0xffffff94][0xffffffaf]M.[0x13][0xffffffea]:{"[\n]"
15:11:24.652 [main] DEBUG com.github.dockerjava.zerodep.shaded.org.apache.hc.client5.http.wire -- http-outgoing-3 << "[0xfffffff8]e[0x1f][0xffffffaf][0xfffffff7]U[0xffffffc5][0xb]B[0x7f][0x14][0xffffffb4][0xffffffd4][0xffffffeb][0xffffffbd]}[0xffffffda][0xffffff85][0xffffffd9]Ax[0xffffffc9]p|[0xffffff8c][0xffffffd4][0xffffffbd]L[0x13][0xffffffc1][0x4][0xffffffa5]>[0xfffffffb][0xffffff8c][0xfffffff0]^[0xffffff92][0xffffffda][0xffffffc9][0xffffffd9]E$[0xffffff8b][0x2][0xffffff8a][0xffffffdb][0xffffff93][0xffffff9c][0xffffffab]/[0xffffff8f][0xffffffde][0x0][0xffffffa6](%[0xffffffb6][0x17][0xffffffac]"[0x18]b/W[0xffffffe4]aE#6[0x2]hT[0xffffff94][0xffffff99]|%c%[0xffffff85][0xffffff9e][0xffffff99]B[0xffffffdc][0xffffffb3][0x1b][0xffffff86][0xffffffd2][0xffffffec]G[0xffffffc8][[0xffffffef][0xffffffad]ck`[\n]"
15:11:24.653 [main] DEBUG com.github.dockerjava.zerodep.shaded.org.apache.hc.client5.http.wire -- http-outgoing-3 << "D[0xffffffc7]L[0x11]-A[0xfffffff0]/[0xffffffbd][0xfffffff8]9[0xfffffff6]k[0xffffffe2]9[0xffffffd7]m[0xffffff92]P[0xffffffbe]p[0xffffffb3][0x6](~[0x1a]|[0xffffffa9]0[0xffffffdb]t[0x9]~U[0xffffffa2][0xffffffce][0xfffffff6][0xffffffc8][0xffffffda][0xffffffff][0xffffff98][0xffffffb2][0x0]H[0xffffff97][0xffffff8d][0xffffffb6]9y@[0xffffffce][0xffffffcc][0xffffffd7][0xfffffff2][0x1c][0xfffffff3]a#"[0xffffffab]5[0xffffffd9][9[0x18][0xffffffda]A[0xffffffc5]0[0xffffff84][0xfffffff5][0xffffffd8][0xffffffce]D[0x1d][0xfffffff4][0xffffffa8]h[\n]"
15:11:24.653 [main] DEBUG com.github.dockerjava.zerodep.shaded.org.apache.hc.client5.http.wire -- http-outgoing-3 << "[0xffffffb0][0x18][\n]"
15:11:24.653 [main] DEBUG com.github.dockerjava.zerodep.shaded.org.apache.hc.client5.http.wire -- http-outgoing-3 << "[0xffffff8a][0xfffffff9][0xffffffd5][0xffffffa3][0xffffffae]q[0xffffffef][0xffffffe4][0xffffffcf][0x13][0xc]<[0xffffff8e]{R[0xffffffaa]([0xffffffb2][0xffffff9a][0xffffffe7][\r][0xffffffe7]X`[0xffffffa3][0xffffff98]'9[0xffffff8f]2[0xffffffdc]T][0xffffffd3][0xffffffa6]f$[0xffffffc6][0xb]L[0xffffffae]}N[0xffffffe3][0xffffffb1][0xfffffff5]vr[0xffffffde][0xffffffd4][0xffffffec]K[0xffffffbf][0xffffffbe][0xffffffd1][0xffffffcc]w[0xffffffcb][0xffffffc1][0xffffffed][0xffffffc3]^q[0xffffffb0]M2[0xffffffbc]'[0xffffff99]([0xfffffff9][0xffffff88][0xfffffffb][0xffffffd5]0w[0xffffffe0]}w[0xffffffd8][0xffffffa4][0xffffff85][0xffffffb1][0xffffffce]7YT[0xe]"[0xffffffd3]uJC[0xffffffc2]*[0xfffffff9]p\[0xffffffd5]\[0xffffffc3][0xffffffee][0xffffff8c]z[0xffffffc8][0x10][0xffffffa7][0xffffffde]-6@[0xffffffb8][0x1b][0xfffffff7]8[0x5]tz[0xffffffcd][0xffffffe1][0x16][0x1d]N[0x2]G[0xffffffa4]5[0xffffffbe]j#[0xffffff90][0xffffffae]PGHr[0xffffffef][0xffffff92][0xffffffe6]&[0xffffffa1]0[0x14][0xffffffac][0xffffffc6][0xfffffff7][0xfffffff4][0xffffffde][0x17]V[0xffffffbc][0xffffffb1][0xffffffe1][0xffffffb0][0xfffffffb][0x12]ej[0xffffffe9][0xffffffa1][0xffffffdd]+[0xffffffd8][0xfffffff6][0xffffff8e]O[0xffffff81]1[0x17]c[0xffffffb4][0x13][0x7][0xffffff97][0xffffffc6][0xffffffc5][0x17][0xffffff8f]\[0xffffffbd][0xffffff9b][0xffffffe0][0xfffffff1][0x11][0x1a][0xffffffa7][0xffffffc3]|[0xffffff98][0xffffffb2]6[0xfffffff7][0xffffff8d]G[0xffffff91][0xe][0xffffffdd][0xffffffb8])[0xfffffff9][0xffffffcc][0xffffff88]W[0xffffffa2][0xffffffab][0xffffff96]>[0xffffff9f][0xc][0x1c]d[0xffffffe5][0xc]uu9[0xffffffbd]Q[0xffffff90]X[0xffffff9d]Vn[0xffffffb3]bZ[0xffffffea]s[0xffffffdc][0xffffffd8].[0xffffffb2]v|[0xffffffd2][0xfffffffa]X[0xffffff95]{u6[0xffffffa8][0xffffffaa]%[0x3][0xffffff8e]|[0x3][0xffffffb7][0xffffff85]`[0xfffffffb][0xffffffa8][0xffffffca][0xffffff96][0xfffffffd][0xffffffb3]M[0xffffff96]0~[0xffffffb7][0xffffff87][0xffffffca]R[0xffffffe7][0xffffffad]ek[0xffffff8b][0xffffffca];([0xffffff9f]m582D[0xffffffdc][0xffffffd1][0xffffffe8][0xb][0xffffff99]6[0xffffff83]AY[0xffffffe5]H[0xffffffed][0xffffff9e]k[0xb]([0xffffffba]{[0xfffffff3]5[0xffffff9a][0xffffffcf]]e[0xffffffd3][0xffffff8a]'[0xffffff87][0xffffffda][0xffffffa5][0xffffffac]o[0xffffff83]TF[0x16][0xffffffdb][0xffffffcc]|0[0xfffffffc]8[0xffffffbd][0xffffff94]nXg[0xffffffd6]o:[0x1b]o[0xffffffb1][0xffffffb6][0xffffffc1]oA[0xffffffcf][0xffffffdc]*[0xffffffe1][0x15][0x15]Jy[0xfffffffd]o[0xffffffa8][0xffffff84][0xffffff9a]&[\r][0xffffff9b]L[0xffffffe7][0xffffff9e][0xfffffff2]Y[0x17][0xffffffc5][0xfffffff0]$[\n]"
15:11:24.653 [main] DEBUG com.github.dockerjava.zerodep.shaded.org.apache.hc.client5.http.wire -- http-outgoing-3 << "[0xffffffbd]~[0xffffff9e]7[0xffffffda]j[0xffffffd6][0x9][0x15]Bw[0x18].[0x19][0x19]Z=[0x9]sy[0xffffffe2][0xffffffc0]M[0xffffff90]hJ[0xffffff93]r[0xfffffff6][0xffffffc0][0xffffffa5][0xffffffec]Xq[0xffffffa5]f[0xffffffd0][0xffffff87][0xffffffdf]2[0xffffffc8][0xffffffcc][0x2]a[\n]"
15:11:24.653 [main] DEBUG com.github.dockerjava.zerodep.shaded.org.apache.hc.client5.http.wire -- http-outgoing-3 << "[0xfffffffd][0xffffffeb][0xffffff93][0xffffffb0][0xfffffff3][0xffffffa9]ONo[0x1e]![0xffffffa9][0xfffffff6]$[0x7f][0xffffff95][0xffffffbc][0xffffff97]mx[0xffffff81][0xffffffba]U[0xffffffc8]xLH[0xffffffdc]&d[0xfffffffb][0xffffffd1]2#[0xffffffef]][0xfffffff9][0xffffffd7][0xffffff90][0xffffff86]p[0xffffff83][0xffffffaf][0xffffffc2]4[0x3]g[0xffffffbe]:U[0xffffffba][0xffffffad][0xffffffe5]s`[0xe][0x1]M[0xffffffc9][0xffffff90][0x1][0xffffffcf][0x15][0xffffff9b][0xf][0xffffff9d][0xffffff99][0xffffffa1][0xffffffd0]|S[0xffffffa3][0x19][0xffffffe3][0xffffffc3]u[0x19]O[0xffffffe3]'[0xfffffffd][0xfffffff8][0xfffffff5][0xffffffbe]L[0xfffffffa][0xffffffcf]i[0xffffff95]'[0xfffffff5]Sc[0xffffffed][0xffffffad][0xffffffb9][0xffffffbe][0xffffff95]$[\n]"
15:11:24.653 [main] DEBUG com.github.dockerjava.zerodep.shaded.org.apache.hc.client5.http.wire -- http-outgoing-3 << "q[0xffffffc0]iF[0x1b][0xffffffec]y[\n]"
15:11:24.653 [main] DEBUG com.github.dockerjava.zerodep.shaded.org.apache.hc.client5.http.wire -- http-outgoing-3 << "K[0xffffff8d]7[0xffffffbf]x[0xffffff9e]Js[0xffffffc1][0xffffffd3][0xffffffdd][0xffffff99][0xffffffd8][0xffffffc4][0xffffffa9]Jb[0xfffffff7][0xffffff95]e?[0xffffffb6][0xfffffff0]9w[P[0x14]t[0xffffffae][0xffffff98]z[0xffffff9e]/[0xfffffff3][0x17]c,s[0xffffff94][0xffffffc9]5[0xffffffdf][0xfffffff7][0xffffff91][0xfffffff4][0xffffffc5][0x3][0xffffff90][0x5]"[0xffffffc1][0x1a]#[0xffffffd7]7[0xffffffd5]#[0xffffff83][0x1a][0xfffffff2][0xffffff91]q[0xffffffcc])9[0x1f][0xffffff8b][0xfffffffb][0xffffffab][0xffffff83][0x1f]^[0xffffffa0][0xffffff9f][0xffffffcf][0xfffffff2][0xffffffe9]@}[0xffffffa4]l[0xffffffd3]\_'[0xffffffa8]c[0xf][0xffffffac]h[0x15]xQ[0xffffff80][0xffffffe7][0xffffffd5])[0xffffff8f][0xffffffdc][0xffffff8a][0xfffffff5]6[\r][0xffffffbe][0xffffffd5]X[0xffffffc1][0xffffffee][0xffffffa1]S.H[0xffffff8b][0xffffffcf][0xffffff8a][0xfffffffb]B*:[0xffffffde][0xffffffff][0xffffffe5][0xffffffb4]R][0xffffffb4][0xffffffc5][0xffffff83][\n]"
15:11:24.653 [main] DEBUG com.github.dockerjava.zerodep.shaded.org.apache.hc.client5.http.wire -- http-outgoing-3 << "[0xffffffd7][0x19][0xffffffd6]xa)[\r][0xffffff97][0xffffffaf]u[0xfffffffd][0x8][0xfffffff4][0xfffffffa]j_Z[0xfffffff9]c[0xfffffffb][0xfffffff1][0x1c][0xffffffac]ZC[0xffffffab]j[0xfffffff0]Fcp[0xffffffb3]1;4[0xffffff91]X[0xffffffeb][0xfffffffd]X[0xffffffbd][0xffffffae]U[0xffffffe2]0[0xffffff88][0xffffffb9]+jO[0x15][0xffffffb3][0xffffffb3][0xffffffb0]sW; [0xffffffb3][0x2][0xffffffcd][0xffffffcb][0xffffffb9]k[0xffffffea][0xfffffff7]?[0x16][0xffffff96][0x1a][0xf]y[0xffffffce]z[0xffffffc7][0xffffffdf][0x4][0xffffff91]a[0xffffff84][0xffffffe4]&[0xfffffff7]}[0xffffffcc]e[0xffffffcc][0xfffffff7][0xffffffac][0xfffffffe][0xffffffac][0x16](x[0xf][0xffffff9c][0xffffffe8]$;![0xffffffb2][0x18][0xfffffff1][0xffffffe9]C[0x9]}[0xffffff91][0xffffffa8]a[0xffffffee]E[0xffffffd1][0xfffffff0][0xffffffaa]6[0xffffffbf][0xffffffee]=Y*[0xffffffdb]V[0x6][0xffffffe3][0xffffffe2]"[0xffffffde][0xffffff85][0xffffffb6][0xfffffff3]4[0xffffff8f]t[0xffffff87][0xfffffffb]a[0xffffffdd][0xffffffad][0xffffffdc].[0xffffffaf][0xffffffc6][0xfffffffc][0x1d][0xffffffd3][0x5][0x3][0x19][y[0xffffff98][0xb][0xffffffbd][0xffffffe6]([0xffffffd7][0xffffffc7][0xffffffa8][0xffffffc2]k[0xffffff9d]D[0xffffffd1][0xffffffac][0xffffffb2]B[0x1][0xffffffdf]E3[0xfffffff3][0xffffffda][0xffffffda][0xffffffc4][0xffffffd6][0xfffffffb]Z4[0x1d][0x12]!/ D[0xffffffa7]Q-[0xffffff80][0xffffffc4][0xffffffbb]][0xffffff9f]J[0xffffffed]V[0xffffffc5]-[0xffffffa7][0xffffffae][0xffffffcc][0xffffff81]J:[0xffffffc5][0xfffffffb][0xffffff94]b[0x12][0xffffffa6]/B[0xffffff96]h[0x3][0xe][0x2]\[0xffffffd1]=E[0xffffffc2](y[\n]"
15:11:24.653 [main] DEBUG com.github.dockerjava.zerodep.shaded.org.apache.hc.client5.http.wire -- http-outgoing-3 << "0[0xffffffb0]WI[0xffffffd9]"[0xffffffac]v^e[0x7f][0xffffff95] [0xffffffae][0xffffffd7]N[0xffffffe8][0xffffff9a]:[0xffffffda]V}[0xffffffb8]M2[0xffffffbf][0xffffffdd],[0xffffffad][0x1]vu;[0xffffff9d][0xfffffff8]D.[0xffffffba][0xffffff8b]#[0xffffff92]=[0x8][0xffffffdb][0xffffff98]ux#[0xffffff80][0xffffff8f][0xffffffaf][0xffffff95][0xffffffcf][0xffffff8c][0xffffffc5]([0xffffffb8]1[0xffffff98]`[0xffffffbb][0xffffffe7][0x1c]8[0xffffff85]G[0xfffffff9][0xffffffa5][0xffffff83]W[0xffffffdc][0xffffffdf][0x17]6[0xffffffd2][0xffffff87][0xfffffffd][0x11][0xffffffff][0xffffffe9])[0xffffff8c][0xfffffffc][0xffffff91][0xffffffbf]y[0xffffffa4]/b[0xffffffe0][0xffffff87][0xffffffce][0xffffffa6][0xffffffcf][0xffffffbe][0xf]"[0xffffffb8][0xc]&[0xfffffff7][0xffffffbd][0xffffff9b]I[0xffffff9f]u[0x1a][0xffffffb5][0xffffff82][0x11]v[0xffffffdf][0xfffffff2][0xffffffac]9[0xf][0xffffffe3]6[0xffffffd8][0xffffffdd][0x16][0xfffffff1][0xffffffed][0xffffffa9][0xffffffe0]ZF[0x1]<q[0x1c]U[0xffffffde][0x8]W[0x16]2[0xffffffb9]P[0xffffffc6][0xffffffed]U,[0xffffffe9][0xffffffad][0xffffffdb][0xffffff8e][0xffffffb0][0xffffffae][0xffffffb6]r[0xffffff9a][0x5][0xffffff84][0x2][0xffffffec]M[0x1c][0xfffffff3][0xffffff9c][0xffffffec][0xffffffbb][0x15]0[0x16][0xffffffa4][0xffffffcd][0xffffffaf]q[0xfffffff5]`[0xffffffaf]W[0xfffffffc][0xffffff8d][0xffffffb5][0xf][0xffffffa5]S[0xffffff90][0xffffffb3][0x1e]qP[0xffffffbd][0xffffffb7][0xffffffa5][0xfffffffd]$[0xffffffe8]f[0x1c][0x11][0x7][0x1f][0xffffffbf][0x1c]E[0xfffffff7][0x0][0xffffffa3]S[0xffffffec][0xffffffec][0xffffffba]var[0xffffff88]}L@[0xffffff95]5u~P[0xffffffaf][0xfffffff4]H[0xffffffde][0xfffffff9][0xffffffd5][0xffffff97]Th[0xfffffff5]N[0xfffffff9][0xffffff85][0xffffffd0][0xffffff91][0xffffffb4][0xffffffc4]2[0xffffffed]!:N[0x1a][0xffffff9a]Z[0xfffffff7][0x12]M[0xfffffffb][0xffffffaf][0x13][0xffffffa2][0xffffffdc][0xffffff99][0xc]y/&I[0xffffffec][0xffffffb7][0xffffffd2][0xffffffde]g[0xffffffa9][0xffffffcf]\[0x12][0xfffffff4][0xffffffe4][0x19]M[0xffffffaf][0x18][0xffffffc2][0xffffff96][0xf]u[0xffffffbe]z6[0x18][o)l3h[0xffffff87][0xffffffa0]#[0xfffffff9][0xffffffd5][0xffffffdd]t[0xffffff9b]$[0xffffff97][0xffffffd2]a[0xffffffc2]v[0x11][0xffffffe7][0xffffff8d][0x17][0xffffffdc][0x3][0xffffff91][0xffffffe8]\#[0xffffffb4]v[0x4]i%d[0xffffffde]b[0x4][0xffffffd8]m[0xffffffd4][0xffffffe2]|[0xffffffbf][0xfffffff0][0x1d]+=[0x3]i[0xffffffd4][0xffffffcc][0xe][0xffffffa1]W[0x2][0xffffffc6]l[0xffffffa8][0xffffff85]([0xffffffb2][0x1f][0xfffffff8][0xffffffc1][0xfffffffb][0xffffffa0][0xffffffbe]wq[\r][0xffffffad]q[0xffffffb3][0xffffffe1]dCL[0xffffffa9][0xffffffd5][0xffffff88]~W[0x7][0x1a]W<[0xffffff8a][0xffffffec][0xfffffff2]*I[0xffffffd2][0x8]J;[0xffffffaf][0xffffffe9][0xffffffd2][0xffffffeb][0xffffffbf][0xfffffff0][0xffffffb3][0xffffffe3]D[0xffffffb4][0xffffffc1]t:\[0xffffffe1][0x1e][\n]"
15:11:24.653 [main] DEBUG com.github.dockerjava.zerodep.shaded.org.apache.hc.client5.http.wire -- http-outgoing-3 << "[0xffffffbb][0xffffffa5][0xffffffaa][0xffffffd4]WR[0xfffffff7]su [0x1d][0xffffffb3][0xffffffb3][0x1d][0xffffffd2]pa[0xffffffda][0x0]7[0xfffffffb][0x19]_C[0xffffffcc]>[0xffffffd8][0xffffffd9][0xffffffe3][0xffffffb6]~[0xffffff89][0xffffff96]6[0xffffffc7]Z[0x7f][0xffffffef]Q/[0xffffffec]W[0xffffffbd][0x10][0xffffff80][0xfffffff3]H[0x13][0xffffffdf][0xffffffdb][\r][0x19]=[0xffffffb3])[0xffffffb9][0xffffffe8][0xffffffdd]A[0xffffffa9])[0xffffff85][0xffffffd8]-iEfuv[0xffffffb4]k[0x5][0xffffffd1][0xffffff92][0xffffffad][0xffffffec]l[0x10]<[0xffffffde][0xffffff9b][0xffffffe9]g[0x16]3i,[0xffffff8f]9f[0xffffffa6]b[0xfffffff5][0xffffffac][0xffffffa4][0xffffff90][0xffffffba][0xffffff88][0xffffffcc][0xffffffde][0xffffffbe][0x1][\n]"
15:11:24.653 [main] DEBUG com.github.dockerjava.zerodep.shaded.org.apache.hc.client5.http.wire -- http-outgoing-3 << "6-([0xffffffde][0xffffffc5][0xf][0xffffffcc][0xffffffa4][0xffffffc3]g[0xffffff9f]zh[0xffffff8d]h![0xffffff8d][0xfffffffa][0x17]Zm[0x14]w[0xffffffbe][0xffffff92]~[0xffffff9a][0xffffffaf]n[0xffffffd0]?[0xffffffab]"[0x11][0x4][0xffffffb4][0xffffffd6]6X^s[0xffffffa1]W[0xffffff8f]v5[0xfffffff8]b[0xffffffa4]P[0xffffff89][0xffffffed][0x13][0xffffffb0]<[0xffffff9e]7][0xffffffee]G[0xffffff98][0xfffffff0][0x1b]&[0x7f][0xffffffd1]~[0xffffffea]Q[0xffffffa1]D[0x1f][0xffffff97]IY[0xffffffad]n[0xffffffba]7[0xffffffeb]N*[0xffffffbe]>[0xfffffffe][0xffffff8c][0xffffff93][0x4][0xffffff9f][0xffffffb3][0xffffff93][0xffffffca]CIM[0xffffff92][0xffffffde]/[0xc][0xffffff95]5[0xffffff90]w[0xffffff8b]"[0xffffffb7]H[0xffffffb1]?[0xffffff91][0xffffff9d]k[0xffffffc6]U[0xfffffff3]>[0xffffffc5][0xffffffec][0xffffff91][0xffffffea]:&[0xffffffd7][0xffffffbc]f[0xfffffffc]s=[0xffffffec][0xffffffaa]d"
15:11:24.672 [main] DEBUG com.github.dockerjava.zerodep.shaded.org.apache.hc.client5.http.wire -- http-outgoing-3 << "C[0xffffff98][0xffffffdc][0xffffffc0]'[0xc][0xfffffff0][0xe]K[0xffffff92][\r][\n]"
15:11:24.673 [main] DEBUG com.github.dockerjava.zerodep.shaded.org.apache.hc.client5.http.wire -- http-outgoing-3 << "[0x12]IX[0xffffff9f][0xffffffc0][0xffffffef][0x16][0xffffffd0][0xffffffb7]Op$[0xfffffff6]^[0xffffffa7]T[0xfffffff9][0xffffffcf][0xffffffd4].[0xffffffc2][0xffffffc4][0xffffffcf][0xffffffd1]GX[0xffffffdd]~[0xffffffca][0x1b]d[0x2][0xffffff94][0xffffff87]+[0xffffffc2][0xffffffd5][0x5]j[0x15]ft[0xffffffa7](k[0x1e]|[0xffffffb9][0xffffff89]@&@[0xffffffeb][0xfffffff8][0xffffffaa]3[0xffffffff][0xffffffba][0xffffff87]T[0xffffffe9][0xffffffc0][0xffffffd7]s[0xb][0xffffffb3]'[0xffffffec][0xfffffffd][0xffffff95][0xffffffc8]X0[0xffffffba][0xffffffd1][0xffffffac][0xffffff96]%s[0xffffffd4][0xfffffffb]Y[0xffffffaf]G[0xffffffd6][0x10][0xffffff8e][0xfffffff1][0xffffffd9]4%[0xffffffc5]%[0xffffff91]T[\n]"
15:11:24.673 [main] DEBUG com.github.dockerjava.zerodep.shaded.org.apache.hc.client5.http.wire -- http-outgoing-3 << "[0xffffffed][0xffffffb7]B[0xffffff86][0x1][0xfffffff0]E[0xffffffc9][0xffffff93][0xffffffca]Q<[0x15][0x9][0xffffffdd]~[0xffffffa0]'[0xfffffff7][0xffffffb7][0x5][0xffffffe5][0xfffffff7][0xffffffc7][0xffffffd4]k[0xffffffd7]E[0x1c][0xfffffff0][0xffffffa4][0xffffff98]z[0x5][0x9]?l[0xffffff92][0xfffffff1][0xffffffbb][0xfffffff6][0xffffffc3][0xffffffd4][0xffffffed][0xffffffd5][0xfffffffa]"[0x19]m[0xffffffce][0xffffff9f][0x9]L[0xe][0xffffffc5]5[0xffffffe9][0xffffff8c][0xffffffe4]{[0xfffffff4][\r][0xffffffed]imxo[0xffffffb1][0xfffffff7][0xffffffbc][0xffffffef]v[0x18]x^Q[0xffffff9a]|n[0xffffff9e][\r]t[0xffffffc6][0xffffff96]<\C~[0x4][0xfffffff3][0xffffffe9]>[0xffffff96][0x1c]S[0xffffffb1])[0xffffffd1]7[0xffffff92][0xfffffffe]ZB[0xffffffc1][0xfffffff1][0xffffff9c]l[0xffffffd3]L[0xc][0xffffffa3]7[0x15][0x16][0xffffff95][[0xffffff85][0xffffffad]\[0xffffffe0][0xfffffff8][0xffffffd0][0xffffffb1] u[0xffffff9f][0xffffffa0]xt`}[0x1c][0xffffff97]l[0xffffffb3][0xffffffed][0xffffffe3][0xffffffa1]l$[0x1][0xc][0xffffffe5][0xffffff84][0xffffff89]"[0xffffff9a][0xffffff98]i[0xffffffa9][0xffffffac][0xffffffc1][0x11][0xffffff85][0xffffff90][0xffffffbb][0xfffffff1]I[0x5][0xffffff96][0xfffffff0][0xffffff93]pQ[0xe][0xffffffc1]&[0xffffff99]Z[0xffffff9c]@[0xffffffe8][0x8][0xfffffff1][0x1e][0xffffffd5][0xffffffd7][0x6][\r]][0x7][0xffffff85][0xfffffffd][0xffffff82]g[0xffffffa3][0x14]l[0x8][0xffffffd4][0xffffffb2]W|y[0xf]1[0xffffffe9][0xffffffc2][0xfffffffa]R[0xfffffffd]*[0xffffffd1][0xffffffd4][0x1f]@[0xfffffffa]6NHe[0xffffffc7][0xffffffb1][0xffffffe4][0xffffffec][0xffffffa1][0xffffff93]|[0x1e][0xfffffff6][0xe]~[0xfffffff4][0xffffffd4]i[0xffffffa5][0xffffffcf],[0xffffffa1]Gp[0x19]1[0xffffffac][0xffffff98]5[0x10][0xffffffbe][0xffffffcc][0xffffffb1][0x8][0xffffffd8][0xffffffea][0xffffffaf]w[0x13]G[0xfffffff8][0x18]Hz[0xffffffc2]L[0x7]1[0xffffff8f][0x6]T[0xfffffff5][0xffffffe0]w[0xffffffb7][0x9][0xf][0x11]([0xffffff9f]4[0x1f]#[0xffffffb1][0xffffff9b][0xffffffbe][0x12][0xffffffb4][0xffffffb6][0xffffffe6][0x1e]}[0xffffffec][0xffffffaa]`[0xffffffa1][0xffffffdc]@[0xffffffa5]'[0xc][0xffffffce]d[0xf][0x13]o[0xffffff9e][0xffffffe9]L>[0xffffffac]d[0xffffffff][0xfffffffc]l[0xffffffed]T[0xffffffa0][0xffffffab][0xffffffd3]q[0xfffffff7]![0xfffffff3][0x4][0xffffffe8]%)[0xb][0xffffffb6]s[0xffffffb6][0xfffffffd][0xffffffe5][0xffffffe3]Wo[0x1a][0xffffff8d]bR[0xffffff83][0xffffffe2]F;k[0x13]%\5S#`[0xffffff86][0xfffffff0][0x3][0xfffffff2][0xffffffb6];[0xffffffe8]X[0x1b][0xffffffc9][0xffffffb0]z[0xffffff98]l[0xffffff9a][0xffffffb8]:$[0xc]H[0xffffffe3]-S[0xffffffbd][0xc][0xffffffa1][0xffffffc9](p[0xffffffe9]8[0xffffffe4]xZh[0xffffffd6][0xffffffe8]).i_^[0x18]=[0xffffffbf][0xffffffe0][0xffffff98]X2"[0xffffffa0][0xfffffff7][0xffffff9d]R[0xffffffc7][0xffffffe2][0xffffffc4][0xffffff87][0xffffff90][0x14]Q[0xffffffeb][0xffffff86]X[0xffffffd3][0xffffff86][0xffffffb3]i[0xffffffa9][0xffffffb6]O[0xffffff87]y[0x1b][0xffffffd8]X[0xffffffc1]`1[0xfffffff4];[0xffffffc7]Q[0xffffff8a]KYwU0[0xffffffb1][0xfffffff7][0x7f][0xe]O[0xffffff95][0x18][0xffffffae][0x11]Pf\|[0xffffffb7]e,[0xffffffeb][0xffffffc2]![0xf]g[0xffffffe6]0g[0xffffffc2][0xfffffffe][0xffffffce][0xffffffdb][0xffffffef]t[0xffffff8d][0xffffff90][0xffffffdb]^[0xffffffe8]Q[0xfffffff8][0x4]![0xffffffb6][0x10][0xffffffcb][0xffffffd2][0xffffff87][0xffffffb6][0x6][0xffffff8a][0xfffffff4][0xffffffec][0xffffff85][0xffffffaa][0xfffffffc][0xfffffff7][0xffffffbc][0x1f][0xffffff9f][0xffffffa7][0xffffffd5] [0xffffffc5][0xffffff87][0xfffffff9]5[0xffffffee][0xffffffd2]g[0xffffffef][0x1a][0xffffffb6][0x16][0xffffffb2][0xffffffa8]$[0xffffff8e][0x1b][0xffffffb1]J1Mq[0xffffffbc]4[0x9][0x3]|[0x2][0xffffffe9][0xffffffce]t[0x1b][0xffffffea][0x10][0xffffffe9][0x17]][0xffffff84].[0xffffffb0][0xfffffff4][0xffffffd2][0x1e][0xfffffff3]&[0xf][0xe][0xffffffc2]}[0xffffff8c]@[0xffffffc1]e[0xffffffc4]:)[0x4][0xffffffdc][0xffffff9d]6[0xf][0xfffffffa]Z[0x6]dr[0xffffffc8][0xffffffd7]([0x15][0xffffff8b][0xffffffe1][0xffffffd3]*[0xffffffe7][0xfffffffa][0xffffffc3][0xffffffaf][0xffffffc9][0xffffffd3][0x1e][0xffffffa2]`[0x7f][0x19][0x0]9s[0xffffffe5][0xffffff92][0xffffff98][0xffffffd9]m[0xffffffcd][0xe][0xffffffe9][0xffffffb2][0xffffffd4][0xffffff9b][0xffffff81]f[0xffffffd4]-|[0xffffffa5]w[0xf][0xffffff83]zj[0xffffff99][0xffffff97]|F[0xffffffc8]\[0xffffffce]}[0x6][0xffffffc9][[0xffffff92][0xffffffca])[0xffffffef][0x7]c[0xffffffee]&[0xffffffdf]@el[0xfffffff2][0xffffffe3][0x12][0xffffffdb][0x6][\n]"
15:11:24.673 [main] DEBUG com.github.dockerjava.zerodep.shaded.org.apache.hc.client5.http.wire -- http-outgoing-3 << "%[0xffffffd1][0xfffffff0]<*[0xffffffc1]%[0xffffffca][0xffffffbd][0xffffffb7][0xffffffec]N[0xffffffa1][0xffffff83][0xfffffffd]x[0x14]y8[0xffffffc8]m_[0xffffffe5][0xffffffba][0xffffffcc](i[0xffffffb1][0x16][0xffffff85][0xfffffff7][0xfffffff9]=@[0x19][0xffffffdd][0x1d][0xb]a[0xffffffc4]Z[0xffffffab][0xffffff83]N[0xffffff92][0x14][0x1a][0xffffffb3]5[0x16][0xffffff8b][0xe][0xffffffb3]mf-[0xffffffe2][0xffffffb3]7z[0xfffffffe][0xffffffab][0x18][0xffffffe6]-[0x18][0xffffff85][0xffffffcf]&O[0xffffff9b]J[0xffffffb6]I[0xffffffd4],[0xffffffb4]2[0xffffffd1]J[0xffffff94]S[0x12]2[0xb][0xfffffff9][0xffffffc7]*N[0xffffffd8][0xffffff8e][0xffffff86][0x6]:[0xffffffa9]7[\r][0xffffffdb][0xffffff94][0xffffffa9][0xffffffc2]l[0xffffffe6][0xffffff8f]IQ[0xffffffe1][0xffffffbd]s[0xfffffffb][0xffffffea][0x9]%e[0x6]N<^[[0xffffffa7]4[0x1c]>[0xffffff9d][0xffffffed][0xffffffb6][0xffffff89]O"[0xffffffbd][0xffffffea][0xffffff8f]R[0xffffffde][0xffffffbd]P[0xffffffd1]@` [0xffffff97][0x12][0xffffff97];[0xffffff96][0xffffff8f][0xffffffdc][0xffffffb1]&z[0x1b]O[0xffffffe4]e[0xffffffc0][0xffffffc0][0x0];mNZ[0xfffffff8][0xffffffe1]S[0xffffffda]TpF[0xffffffa5][0xffffff89]"[0xffffff8e][0xffffffa7][0x16][0xffffffcf][0x7]~[0xffffffc2][0xffffffb8][0x9][0xffffff8f][0xfffffff6][0xffffff96][0xffffffcb][0xffffffcf]V5[0xffffffbd][0xffffffb9]u[U"[0xffffffe0]=[0xffffff98][0xffffffe9][0xffffff90]yz[0xffffffbd][0xffffffa2]h[0xffffff88][0xffffffbc],O[0x17]&[0xffffff8d][0xffffffdc][0xffffffee][0xffffffc7][0xffffff99]A[0xffffffc2]D4bJ^vO^[0xffffff86][0xffffff9e][0xffffffee][0xffffffae]0[0xfffffff9]a[0xfffffffd][0xffffffe6][0xb][0xffffffc4][0xffffffa3]U[0xffffffa3][0xffffffa1]CQ][0xc]8[0xffffff92][0x12]k[0xffffff99]0[0xffffff8b][0xffffff9b][0x3][0x6][0xffffffc4][0xffffffd7]M[0xffffffc5][0xffffffc9][0xffffffa9][0x5][0xffffff94]/[0xffffffd9][0xffffff88][0xffffff84]'J[0xffffffec]r[0xffffffda][0x0](2[0xffffff85][0xffffffa1][0x14]U[0x13]R[0xffffffc4][0x4][0xffffffcc][0xf]Z[0xffffffe2][0xffffffc6]IV0[0xffffff9b]|[0xffffffce][0xffffffba][0xffffffd1]LH[0xffffff81][0xffffff83]amm[0xffffffa5][0x18][0xffffffbe]8x[0xfffffff0][0xffffffbd]OY[0xffffff87][0x1][0xffffff94]d[0xffffff9d]c[0xffffffd4][0xffffffb5][0xffffff87][0xffffffd5]'1FU[0xffffffdc]k[0x17][0xffffff95][0xffffff9f][0xffffffed][0xffffffbc][0xffffffd2][0x8][0xfffffffc]=[0xfffffff2][0xffffff93][0xe][0xffffffb3][0xffffff8e][0xffffff8c][0xffffffcb]([0x1c]Dq[0xffffffa3][0xffffff8a][0x16][0xffffffad][0xffffffa9]}1[0xffffffac][0x1d][0xffffff95][0xffffffbe][0xffffffc6][0xffffffac][0xffffff82]#[0xffffffb5][0xffffffc6][0xffffffd1][0xffffff90]X[0xffffff9c]/N[0x16]+[0x12][0xffffffb8][0xffffffe6]w=x[0xffffffcf][0xffffffaa][0xfffffff8]DzZ[0xffffff96]+[0xffffffb9]J[0x18][0x1a][0xffffffeb][0xffffffdf][0xffffffc1][0xffffffbc]4I[0xffffffa6][0x12][0xffffff93]oT[0xffffffb8][0xffffff94][0x1c][0x3][0xffffffda]k[0xffffff94][0xffffffcf]U[0x11][0x1d][0x10]#[0xffffffe6][0xffffffaf][0xffffffb7][0xffffffa3][0xffffffa4]x[0xffffff9d][0xffffffc8]<P"4[0x1e]?[0xffffffdc][0xffffffb4][0xffffffcf][0xfffffffb][0xfffffffa][0xfffffffc]kl[0xffffffb1][0xffffffbf],cO[0xffffffcd][0xffffffdb][0xffffffee]f)[0xffffffbb][0xffffffeb][0xffffff86]B6=k7[0xffffffa2]n[0xfffffff1][0xffffffdb]a[0x9][0xffffff8a][0xffffffc4][0xf][0x11]g[0xffffffa9][0xffffff83][0x15]WH[0xffffffd2]E[0xffffffaa][0xffffff8f][0xffffffec][0xffffffca][0xffffffd0][0xffffff90]gB[0x8][0xffffffbc][\r][0xfffffffb][0xffffff82]I[0xffffffed]igV[0xffffff98]h[0xffffff9d]]`[0xffffffe4]aS[0xffffffd8]A[0xffffff8f][0x1][0x4][0xffffff8f][0xffffff8e][0xffffffc3][0xfffffff8][0xffffffda]V*J[0xfffffffc][0xffffffd5][0xffffff80]&[0xffffff87][0xc]<Y[0xffffffec]5O[0xffffffd4]v=u'*[0xfffffff6][0xffffff9b]/O[0xffffff86][0xffffff93][0xffffffb7][0xffffff82][0xffffffcb][0xffffff88][0xffffffd3][0xffffff9a]UEp[0xffffff9d],[0x4][0xfffffffc][0xffffffe3][0xffffffcb][0xffffff83][0xffffffec][0xffffffe4]J[0xfffffffb][0xffffffde]/[0x19]YI.mI[0xffffffd2][0xfffffff3]P[0xffffffa0],[0xffffff9e]N[0xfffffffb][0x12][0xfffffff0][0xffffff86]N[0xffffffd7][0xffffff8a]|8[0xfffffffe][0xffffffc8][0xffffffaa][0xffffffe2][0xffffff8f][0xffffffbe][0xffffff88]W[0xffffff8e][0xffffffb6][0xffffffea]6Y.G[0xfffffffd][0xffffffc9][0xffffffef][0xffffff80][0xffffffbe][0xffffffae][0xffffffb8][0x12]}[0xffffffc1][0xffffffa4]^[0xffffff8b][0x1a][0xffffff9a][0xffffffa2][0xffffffda]<[0xffffffe4][0xffffffe0][0xffffff9d][0xffffffeb]e[0xffffffbe][0xffffffb9]8[0x5][0xffffffd5][0xffffffd8][0xffffffe5]C[0xffffffd8]a$lU8[0xffffffa3][0x7][0xffffff81][0x13]L(7[0xffffffa9][0xffffffef]al[0xffffffca][0xffffffd1]8[0x1a]?7=[0xffffffd5][0x17]O fZ[0xffffffa5][0xffffffe9][0xe][0xffffff89][0x1f][0x8]a[0xffffffee][0xffffff9f][0xffffffa7]9[0xffffff94][0xffffff8e][0xffffff94][0xffffffc8][0x3][0xffffffe7]|P[0xffffff92]*[0xffffffea][0xffffffb3][0xfffffff2]r[0xffffff96]9[0xffffffdf][[0xffffffaf][0x1d][0xffffffcb][0xffffffbc][0xffffffe1][0xffffffd4]GiV[0xffffffcf]&s[0xffffff9a][0xffffff8f]%[0xffffff93]b[0xffffff9d][0xc][0x12][0xffffffca][0xfffffff4][0xffffff9f][0xffffffbb][0xffffffd1]CO[0xffffffbb]([0xffffffcb][0xffffffbf]f[0xffffffef]Yp1*[0xfffffff7] [0xffffffc7]g[0xffffffc2]QfA[0xffffffae][0xffffffab][0xffffffa6][0xffffff9a]h`[0xffffffa3]Y[0xffffffc1][0xffffffdb][0xffffffbe][0x1e]b[0x19][0x1c][0xffffffae][0xfffffff3][0xffffff97][0xffffff87]\K[0xfffffff4][0xc][0x16]r[0xffffff98][0xffffffb9][0xffffffc7][0xffffffac]3Pk[0xffffffd9][0xfffffff1][0xffffff94]?[0xffffff94]5B[0xffffff8f])[0x1c][0xfffffffd][0xfffffff8][0xffffffda][0xffffffb3]eZ[0xffffffce][0xffffffcb]U[0xffffffbf][0x8]p[0xffffffe4][0xffffffd2]4[0xffffff81][0xb][0xfffffff8] [0x9])@b[0x1f]J[0xffffffdb]:[0xffffffbd][0xffffff94][0x6].[0xffffffa4][0xffffff92]w[0xffffff9d][0xffffffb0][0x1e][0xffffffa7]be[0xffffffb3][0xffffffe0]c[0xffffffdd]T[0xffffffcf]9I[0xffffffe6]/g[0xffffff9e]W^qs"[0xffffff8c]wP[0xffffffa4][0xffffff8c]j[0xffffffc7][0x4][0x13]][0xffffff96][0x9][0xf]<[0xffffffff][0xfffffff4][0xffffffe5][0xffffff90][0xffffffa9][0xffffffc1][0x0][0xffffffae][0xfffffff5]@[0x1c][0xffffffff][0xffffff98][0xffffffbd]-[0xffffffbf]*w[0xffffffc6][\r]GxLP[[0xffffffb8][0xffffffa2]gT;&F[0x9]QS[0xffffff91]Xm|[0xffffffc5][0xffffff93][0xffffff84][0xffffff81][0xffffffec][0xffffffa8][0xffffffd2][0xffffff8f]![0xfffffff3]0[0xffffff86]w[0xffffffb1]Rm[0xffffffb0][0xffffffe3][0xffffffb0]o[0xffffffac][0xffffffe1][0xffffffe5][0xffffff95][0xffffff95][0xffffffae]V[0x1e][0x1b][0xffffff8d][0xffffffb0][0xffffff89][0xffffffe1]+[0xffffffed]kW[0xffffffd7][0xffffffe7]8*[0xffffffbe]0-[0xffffffa5][c[0xffffffb5][0xffffffbd][0xffffffcc][0xffffffb2][0x14]'[0xffffffd2][0xffffffcf][0xffffffa7][\r]s[0xffffffe6][0xfffffff8][0x1f]\%~P[0xffffffc2][0xffffffda]#[0xffffffe9][0xffffffdd],[0xffffff92][0xffffff8b][0x1]G'[0xfffffff6]n[0xffffffe9]4[0xffffff90]5y[0xffffff89][0xffffff85][0xffffff97][0xffffffe5][0xfffffff1][0xffffff85]u[0xffffff87]3[0xffffffee][0xffffffd1][0xffffff95]\[0xffffff90]AG[0xffffffac][0x1d][0xffffffb0]h[0xfffffff5][0x13]i[0xffffffa6]pJ[0xffffffb6][0xffffff86][0x10]st-[0xffffffc1][0xffffffca][0xffffffcd]w[0xffffffdd][0xffffffcb][0xffffff8e][0xffffffe5]w[0xffffffb4][0xffffff96][0xffffff8d][0xffffffcd]B[0xffffff91][0xfffffffb][0xfffffffa][0xfffffff2]9.[0xfffffff9]Pl[0xffffffdd]9[0xc][0xffffffa1][0xffffffa3][0x12][0xffffff9e]C[0x8][0xffffffaa]Y[i[0xffffffed]3B[0xffffffa9][0xffffffb0][0xffffff92][0xffffffcb]4[0xffffffcb][0xffffffa0][0x0]O43[0xffffffbc][0xfffffff8][0x1e][0xffffffc2].[0xffffffb1]+[0xffffffa4]P[0xffffffc9][0xffffff87][0xffffffee][0xffffff8d][0xfffffffd][0xffffffd1][0x3]&}[0xffffffab][s[0xffffffc6][0xffffff96]H[0xffffffb3][0xffffff8f][0x8][0xffffff94]Vy[0xffffff98]|[0x7][0xffffffc5][0x19]+`[0x0]J[0xffffffb7][0xfffffff3][0xffffff96][0xffffff8d]j[0xffffffb5][0xffffff97]8[0xffffffad][0xffffff95]Z[0xc][0xffffffc7]Tvx[0xffffffef][0xfffffff8]'[0xffffff94]N[0xffffff89][0xffffffc5][0xc][0xffffff91]e[0xe][0xffffffcd]y[0x13]g=T[0xffffffb3][0xffffff95][0xf][0xffffffa5]Kg_[0xffffff8e][0xffffffee][0x15];r[0xffffffa4]%[0xffffff95][0xffffff8c][0xffffffb6][0xffffff8f][0xffffffeb][0xffffffb7]`[0xffffff9a][0xffffff94][0xffffffc1]~[0xffffffe2][0x16]b[0xfffffff0][0xffffffc7]a[0xffffffcb][0x7f]N[0x5][0xfffffff3][0xffffffe1]t[\n]"
15:11:24.674 [main] DEBUG com.github.dockerjava.zerodep.shaded.org.apache.hc.client5.http.wire -- http-outgoing-3 << "t[0xffffffd8]et[0xffffffff][0xffffffbd]bM[0xffffffee][0xffffffdb]F[0xffffffb3]9[0xffffffe4][0xffffffa2][0xffffffe6]"[0xe][0xffffff81][0xfffffff8]</kcJ[0x17][0xffffff8b]l[-[0xffffffa9][0xffffffab]J![0xffffffc8][0x0][0xffffffdc][0xfffffff5]Hs[0xffffff9b][0xffffffc7]u[0xffffff9d][0xffffff9c][0x7f]JJ[0xffffff9c][0x1c][0x5];Y_"[0xffffff8f]@[0xffffff9d][0x4][0xffffffb3][0xffffffca][0xffffffbd][0xffffffb1]ba[0x13][[0x18]8a[0x16]2[0xffffff94][0xffffffbd][0xffffff85]-[0xffffffdf][0xffffffdc][0xfffffff8][0xfffffffb][0xffffff94][0xffffffd3][0xffffffb8][0xffffffc5][0xffffffc4][0xffffffe5][0xffffffee][0xffffff94].[0xffffffbe][0x7][0xfffffff7]dT[0xffffffa7][0xffffffcb][0xffffffcf][0xffffffe5][0xffffffa5][0xffffffa1][0xffffffeb][0x9][0x1][0xffffffad][0xffffffe3][0xffffffb6]5[0xffffffa1][0xffffffb9][0xffffffc1][0xffffffd0][0xffffffe7][0xffffffc7][0xffffffaa]xs[0xffffffc2]J[0xffffffaf][0x1e][0x5][0xffffff8b][0xffffffcf][0xffffffa1]u[0xffffff99][0xffffff84][0xffffffed][0xffffffad][0xffffffd7][0xffffffc2]M2FEF [0x16]2[0xfffffffb]/[0xffffffb2][0xffffffcc]T[\n]"
15:11:24.674 [main] DEBUG com.github.dockerjava.zerodep.shaded.org.apache.hc.client5.http.wire -- http-outgoing-3 << "[0xfffffff5][0xfffffffb][0xffffffb4]k[0xffffffb6]k[0xffffff8c]TF[0xffffff8d][0xffffffcd][0xffffff90][0x4][0x1d]Rm*[0xfffffff3]V[0xffffffcf]yZ[0xffffffbd][0xfffffff0][0xffffffc9][0xffffffcc][0xffffffb8][0xffffff91][0x19]R[0xffffffac][0xffffff8b]*[0xffffffb0][0xffffffb0][0xffffffde][0xffffffa3][0x1a][0xffffff97]C[0x13][0xf]i[0xffffffea][0xffffffc1][0xffffff95][0xffffffd3][0xffffff8f][0xffffffee][0xffffff86][0x13][0xffffffd6]*q[0xffffff8e]+_"[0xffffffef][0xfffffffe]d[0xffffff93][0xffffffd3][0xffffffe4][0xffffffc4]ib-[0xffffff98]f5[0x11]\[0x2]V[0xffffffa0][0xffffff9c][0xffffffe0][0xffffffb8][0xffffff94]^[0xffffffef][0x17][0xffffffc4][0xffffffeb][0xffffffcb][0x1a][0xffffffe5][0xffffffac]RG[0x3]([0xffffffa9]0[0x9]P[0xfffffff9]z[\r]wZ[0xffffffa8][0x4]w[0x18][0xffffff82][0xffffffc8]E[0xffffff93]B[0xfffffffd][0x19]}[0xffffffad][0xffffffa6][0xfffffff5]a[0xffffffb9][0xffffff96]NtpX>[0xffffff89][0xffffffd5][0xffffffaf][\r][0xffffffaa][0xffffffd8][0xffffffae][0xffffffcf]n[0xfffffff5][0xffffffb1]![0x17]/[0xffffffce][0x13][0xffffffb8]m[0xffffff9d]F[0xffffffa9][0x1b][0x16][0xffffffae][0xffffff9d]G[0xffffffe6]g[0xffffffe0]?y[0x7]v[0xffffffc1][0xffffff95][0xffffffc0][0x7]U[0xffffffc4][0x1e][0xffffff88]Q[0xffffffba][0xffffffe2][0x15][0xffffffb7][0xffffff8d][0xffffffbf][0xffffffac][0xffffffce][0x19][0xffffffb0]w11X[0x7f][0xffffff9d][0xffffffc1][0xfffffff4]E,[0xffffffe6]u3[0xffffffb1][0xffffff9a][0xffffffc5]t[0x3][0x14][0xfffffffb]~[0x14][0xffffff9d]aJ[0xffffffdf]>h[0xfffffff0][0xffffffc1][0xfffffff5]|[0x1f][0xffffffc9]1z[0xffffff96][0x9][0xffffffaf][0xffffff98][0xffffffc0][0xffffffa3][0xffffffe4]2F)[0xfffffff6][0xf][0xffffffbe]u[0xfffffff7]9Mvc[0x3]wIBqK#Z[0xffffffe5][0xffffffed][0xffffffeb]`[0xffffffc3][0xe][0xffffffb7]s[0xfffffff5][0xffffffda][0xffffff89][0xffffffe6][0xffffff82]g+w[0xffffffac]][0x12][0xffffffeb]N[0xffffff8c]mf[0xffffffd3]K`[0xffffff8e][0xffffffd3][0xffffffea][0xffffff93]w[0x18][0xffffffba][0xffffffb0][0xffffffa0]E[0x1f][0xffffffda][[0x18]([0xffffffd1][0xffffffc4][0xffffffd8][0xffffff8c]P[0xffffffa9]*[0x4][0xfffffff8][0xffffffe5]}[0xffffffb5][0xfffffff3] [0x11][0xffffffef]<f[0xffffffcf][0xffffffcb][0x1a]Z<K[0xffffffc5][0xffffffa8][0xffffffe4]/[0xffffffdb]O[0xffffffc1] IBJ!{{$[0xffffffaa][0xffffffe1][0xfffffff0][0xffffffb6][0x17][0xffffffb7][0xfffffff4]h[0xffffffa4][0xffffff9e][0xfffffff8][0xffffffda][0xffffffe7][0xfffffff6][0xffffff90][0xffffff9c]p[0x17]=[0xffffffba][0xffffffaf][0xffffffa4][0xffffffe3][0xffffff8b][0xffffffec]Jg[0xffffffc2]h,Rp[0xffffffcf]T[0xffffffc0][0xffffff81][0xfffffff5][0xffffffe4][\r][0xfffffff3][0xfffffff5][0x13][0xffffff85]a[0xffffffab][0xffffffa6][0x1d]*[0x1d]Jj[0xffffffe3][0xffffffab][0xffffff83][0x7][0xffffffd4]u[0xffffffbe]~[0xffffffd2][0x11]{[\n]"
15:11:24.674 [main] DEBUG com.github.dockerjava.zerodep.shaded.org.apache.hc.client5.http.wire -- http-outgoing-3 << "\[0xffffff83][0xffffffe6][0xf]VVmVH[0xffffffe1][0xffffffd0][0xffffffb7]f[0xffffffcd][0xfffffffa]PL:s[0xffffffc1]or_[0xffffffd5][0xffffffca][0xfffffff9][0x0]BFn[0xffffffae][0xffffff93][0xffffffca]/[0xc]S[0xffffffb9]*[0x4]NtlCdD;Y[0xffffffcf]}[0x1e][0x7][0xffffff89][0xffffffc0][0xfffffff2][0xffffffec]M4[0xffffffd4]i[0xc]h[0xffffffd4][0xffffffa9]K[0xfffffff1][0xfffffff7][0xffffffcd][0xffffff9b][0xb][0xffffff9e][0xffffffee][0xffffffdd][0xffffff97][0x13]}[0x1b]_[0xffffffcb]l[0xffffff8b][0xffffff8f][0x14]9[0xffffffb7]][0x1b][0x0][0xffffffba][0xffffff94]{[0xffffff93]Zl[0xffffffe2][0xffffffa8][0xffffffa0]m[0xffffff8a][0xffffffec]![0xffffff8e]'[0xffffffd7]z[0xfffffff5]0[0xffffffd5][0xfffffff5]E[0xf][0xffffffd5][0xffffff85][0xfffffffd]@[0xffffff8a]+[0x18]V[0xffffffcc][0xffffff8f]0[0xffffffe4][0x4][0x16][0xffffffca]8[0xfffffff0][0xffffffcb][0xffffffa3][0xffffff93][0xffffff90][0xffffffd1][0xffffffd0][0x1][0xffffff83][0xffffffa5]4[0xffffff85]9s1[0xffffffcc][0xffffffb2][0xffffffb4][[0xffffffa8][0x0][0xffffffb6][0xffffffd3][0xffffffa1][0xffffffb2][0xffffffb5]'[0xffffffbb]2q[0xffffffb5][0xffffffe7][0xfffffff1][0xffffffdc][0xffffff93][0xfffffff5][0xffffffe4][0xffffff99][0x18]G[0xb]P[0xffffffc1][0x2][0xffffff87][0xffffffe7][0xffffffde][0xffffffc7][0xffffffa2][0xffffffb1][0xffffffde][0xffffffd6][0x3][0xffffff81][0xffffffab][0x1c]I[0xffffffae][0x1d][0xffffff8a]\[0xffffffd7]c[0xffffffdc]i_4O[0xffffffe1][0xffffffc8]W([0xffffffbb][0xffffffe8][0x17]K[0xffffffae][0x6][0xffffff8b][0xffffffd1]c_[0xffffffb2][0xffffffa9][0xffffffad][0xffffffe0]t[0xffffffd1][0xfffffffa][0xffffffdd][0xffffffb6]f[0x1f][0xffffffcd][0xffffffc9][0xffffffd7]7[0xf][0xffffffb1][0xffffffd6][0xb][0xfffffffa][0xffffffd6]=[0xffffffba][0x15][0x9]Z[0xffffff9d]+[0xffffffeb][0x18]2;{h[0xffffff89]jH[0xffffff8b][0xffffffc8][0xffffffd8][0xfffffff8]h[0xffffff98]r[0xfffffff9][0xfffffffd]([0xffffff9f][0xb]8[0xffffff96][0xffffff96][0xffffff9a][0xffffffc6]9[0xffffffe5][0xffffffeb][0xfffffff6][0xffffffbc]s[0x12]g[0xffffff99][0xffffffad]q^tC[0x9][0xffffffc7][0x1b]q[0xffffff86][0xffffffc2]Q[0xfffffff8][0x1d][0xffffffd1][0xffffff89]4[0xe][0xffffffea][0x17]54#[0xffffffde]V[0x13][0xffffffd0][0x19][0xffffffa6][0x9]mL[0xf][0xffffff92]<[0xffffffb1][0xffffff87][0xffffffd8]K[0xffffffd5][0xffffff95]LJ[0xffffffb3]l[0xffffff84][0xffffffe2][0xffffff9f][0xe][0xffffffa4]$[0xffffff8e][0xffffffef][0xffffffe1]_[0xffffffdb][0xffffff9b][0x14][0xfffffff3]A[0xffffffa8][0x0][0xffffffd7][0x1d][0x1f]K[0xffffffd5][0xffffff88][0xffffffc1][0xffffffa7][0xffffffc7][0xffffff87]s[0xffffff98][0xffffffa5][0xb][0x8]![0xffffffcd]U[0xffffffa8][0xffffffda][0xfffffffc][0xffffffca][0xffffff8e][0xfffffffe]Z[0x15][0xffffffa6][0xffffff99]yM[0xffffffa7][0x9][0xffffffcc][0xffffffe3][0xffffffcf][0xffffff9e]|[0xfffffff0]X[0xffffff8f][0x1c]}[0x6][0xfffffffd]H[0xfffffff3]C$[0xffffff8d][0xffffffa5],[0xffffff97][0x1c]|[0xffffffbf]}[0x5]V[0x19][0xfffffff9][0x8][\r][0xfffffff1][\r]%r[0xffffffb1][0xfffffffc]![0xffffffd4][0xffffffa3][0x11][0xffffffa1][0xfffffffe]B[0xffffffbb][0xffffffa7]_T[0x1c][0xffffffaa][0xffffff8d]8[0xffffffdb] ,[0xffffffa9][0x12][0xffffff8a][0x7][0xffffffe2]v_9q$w[0xffffffcc][0x13]T[0xffffffa2]V;-[0xffffff89]?.YL8[0xffffffee]R[0xffffffb2]-[0xffffffb0][0xfffffffa][0xffffffc6][0xffffffba][0xffffffef]qm[0xffffff89][0xffffff86] ][0xffffffab][0xffffffbe]b[0x8][0xffffffb1]^[0xffffffdb][0xffffffd0][0xffffffb7][0xffffffc6][0xffffff89]c#[0xffffffc3][0xffffffbe][0xffffff9f]55[0xfffffff1][0xfffffff9][0xffffffa9][0xffffffee][0x1][0x1f][0xffffff86][0x8][0xfffffff5][0xffffffc0][0xffffffb9][0xffffffa6][0xffffff90][0xffffffed][0xffffff9a]Hf[0xffffff85][0xffffff8a][0xffffffea]~[0xffffff9a]w@*$[0xffffff87][0xffffff8e][0xffffffe3]5[0xf][0xffffffdc](>O[0xffffffa5][0xffffff83][0xffffffed][0xffffffcd]^*[0xffffffc4][0xffffffef][0xffffff9d]M{8[0xffffff99][0xffffffcb][0xffffffd0][0x1b][0x4][0xffffffbb][0xffffff9c][0xffffff87][0xffffffc8][0xffffffa3]YV[0x18]f[0xffffff95][0xfffffffe][0xffffffd3][0xffffffc2][0x16][0xffffff9f]b-[0xffffffe1][0xffffff90][0xc]c[0xffffff88][0xffffffe2]![0xffffff8d][0xfffffff1][0xffffffa9][0xffffffb5][0xffffffcd][0xffffff8f]K[0xffffff87][0xffffffb0][0xffffffbf]`[0xffffff98]5[0xffffffc3][O*[0x17]/F[0x1c]Q.[0xffffffa7]g&[0xffffff9b][0xffffffbf][0xffffffef]UA[0xfffffff4][0xffffffb6])[0xffffffcc]|9B[\n]"
15:11:24.674 [main] DEBUG com.github.dockerjava.zerodep.shaded.org.apache.hc.client5.http.wire -- http-outgoing-3 << "&`kG[0xffffffab]6D[0xffffffc8]\eV[\r][0x9][0xffffffc8][0xffffffd8]v[0xfffffff1][0x12]A[0xffffffa3][0xffffffe8][0xfffffff5][0xffffff82][0xffffffcd][0x11][0xffffffa8]o[0xf][0x1b][0xffffffd3]lK[0xffffffb8][\r]=[0xffffff95]z[0xffffffdf]Ub:fi[0xffffffeb]'zi[0x6]A[0xffffffdb][0xffffffb4][0xffffffbb][0xffffff86][0xfffffff2][0xffffffe9]3[0xffffffe1][0xffffffa8]@[0xffffff96][0x1a]_[0xffffffae]~[0xffffff85][0x1d]I[0xffffffe2]n[0xfffffff1][0xfffffff6][0xffffffa9][0xfffffff4][0xffffff9c][0xffffff9c][0xffffffae]N[0xffffffc5][0xfffffffb][0xffffffc5])[0xffffff9e][0xfffffff8]5[0xffffffb3][\n]"
15:11:24.674 [main] DEBUG com.github.dockerjava.zerodep.shaded.org.apache.hc.client5.http.wire -- http-outgoing-3 << "i[0xfffffffb]"[0x1a][0x8][0xffffffd7]qFQ[0x1b][0xffffffe6][0xffffff80]+>[0x7f][0xffffff9e][0xffffffee][0xffffffb4]t{[0x1a][0x1f][0xffffffda][0xffffffd2] [0xffffffa9]i+[0xffffffea][0xffffffaa][0xffffffa0][0xffffffca]pp[0x15][0xfffffff3]\[0xfffffffb][0xffffffa0]zn[0xffffffef][0xffffffa1][0x18][0xffffffd4][0x1a][0xfffffff5][0xffffffdc]j]y[0xffffff8c][0xffffffa9][0x3][0xffffffbc][0xffffffa0]RF[0xffffff84][0x8][0xffffffd1]"[0xffffffcc][0xffffffab]/[0xffffff9d]*[0xffffff80][0xffffffee][0xffffffcd][0x7][0x6][0x3]|~[0xffffffeb][0xffffff8b][0xffffffcb][0xffffffe3]gz[0x1c]J([0xffffffef][0xffffff82][0xffffffba]L[0xffffff89][0x19][0xffffffe0][0xffffffac][0x18][0xffffffab]%[0x10]O[0xffffffd0][0xffffff8c][0xfffffff9][0xffffffa9]CE[0xffffffc7]=[0x1e][0x14][0xffffff88][0xffffffbe]E[0xffffffa7][0xffffffa7][0xffffffe6][0xffffffca]8Jm|=@7[0xffffffb0]b[0xffffff8f][0xffffffb0][0xffffff8c]P[0xfffffff4]([0xb][0xffffffb3][0x13][0xffffff82]][0xffffffad][0xffffffe6]8[0x1]7[0xffffffe6][0xffffffcc]m}I[0xffffffdc][0xffffffd1]vA[0xffffff80]O"c [0xffffffbb][0x17][0x10][0xfffffffe][0xffffff90][0x17][0xffffffd1][0xffffffac][0xfffffff9][0xffffffac]h([0xffffffb4]D[0xffffff92]n[0xfffffff5][0xffffffc4][0x12][0xfffffff7][0xffffffe2][0xffffffc0][0x17][0xe][0x1f]NrI\f[0xffffffb5]K{[0xffffff96][[0xffffffa0][0xfffffff9]1[0xffffffe5]{[0x1a][0xffffffe6]'[0xffffffed][0xffffffd2][0xffffffb0][0xffffffc8][0xffffffa2]R[0xffffffe6][0xffffff8f][0xffffffd0][0xffffffea]4[0xffffffc4][0xffffffec][0xffffff9f],[0xffffffa0][0x1c][0xffffffae]s,v][0xffffff93][0xfffffff1][0xffffffdb][0xffffff8e][0xffffffa5][0x1][0xffffff83][0xffffff99][0xffffffc2][0xffffff8d][0xffffffde][0xffffffac][0xfffffff0]P[0xffffffd6]~[0xfffffff0][0xffffffda][0xfffffffa][0xffffffaf][0xffffff93]^[0xffffffd9]Y[0xfffffff2]ug[0xffffffa1][0xffffff8d][0xffffff86][0xffffffa7][0xffffffb9]G[0xffffffb4][0xffffff9e]:[0xffffffb0][0xffffffe6][0xffffffd9]M=/[0xffffffbe][0xffffffdc]THB8[0xffffffe6][0xffffff80][0xffffffd0][0xffffffa0][0x1a][0x9]c[0xffffffa1][0xfffffff1][0xffffffa6]'[0xffffffc2]|F9[0xffffffbd][0xffffffb0]@[0xffffff8d][0xffffff92][0xffffff89][0xfffffff1][0xffffffab][0xffffff9c][0xffffffb0]]#?[0xffffff9c][0xffffffd5][0xffffffae][0xffffffd7]3[0xffffff98][0xffffffa5]IUO[0xffffffb2][0x8][0xffffff8a][0xffffffb2]=[0xffffffea]O[0xffffff9b],[0xffffffd9][0xffffffa0][0xffffffb8]<[\r][0xfffffff0]#[0x1e]p?RKk[0xffffff88][0xffffff9e]\v[0x16][0xffffffae][0x14]S[0xffffffac][0x9][0xffffff96][0x9][0xffffff81]?[0xffffffb3]g?[0x7f][0x1b]$[0xffffff9b][0x18]Z[0xffffff98][0xffffff89][0xffffff82][0x19][0x12]V[0xffffffdd]qH>][0x5]+([0xfffffff9]8z69ON[0xffffffeb]([0xffffff9d]f[0xffffff89]$[0xffffffce][0xfffffffc][\n]"
15:11:24.674 [main] DEBUG com.github.dockerjava.zerodep.shaded.org.apache.hc.client5.http.wire -- http-outgoing-3 << "K[0xffffffde]j[0xffffffd9][0x13]4?[0xffffff86].[0xfffffff8][0xffffff92]T[0x4]gP+[0xfffffffd]p[0xffffffe6]*[0xffffffa4][0xffffffee][0xffffff9e][\r]Q&[0x11]U[0xffffffb3][0x1c]="[0xffffffe9][0xfffffffc][0xffffffc3][0xffffff9e][0xffffffae][0xffffffc6][0xffffffca][0x7][0xfffffff0][0xffffffba][0x1d]<oM3uXg[0xffffffc1][0xfffffffc][0xffffffcc][0xffffffe7][0xb]f[0xffffffb7][0xffffffc7][0xffffff82]l[0xffffffc2][0xffffffcf][0xffffffea][0xffffffd1][0xffffffae][0xffffffce][0xffffffdf]S[0xffffffb3][0xffffffef]g[0xfffffff5]5[0xffffffd9][0xffffffa4][0xffffff8e]`q[0xffffffb0]Q[0xffffffd2][0xffffffbd][0xffffffc4]8E[0xffffffb1]z [0x1e][0xffffffcf]N[0xfffffff4][0xffffffe5][0xffffffd0]5[0xffffffa1][0xffffffb8]Bk2/5[0xffffffb5][0xffffffa5][0xffffffb1]o[0xfffffff6][0xffffffe0][0x16][0xffffffb9][0xffffffe3]:[0xffffff9e][0xffffffe6]38[0xffffffcd][0xffffff89]A[0xffffff82]d[0xffffffda][0xffffffc4]9[\n]"
15:11:24.674 [main] DEBUG com.github.dockerjava.zerodep.shaded.org.apache.hc.client5.http.wire -- http-outgoing-3 << "[0xfffffffe]y[0xffffff8a][0x0][0xffffffae]HB[0xffffffe3][0x1]%y[0xffffff96]%j[0xffffffcb]eR+Y[0xffffffe7]l[0xfffffff2][0xffffffbe]+[0xffffff93]G[0xfffffff6]c[0xfffffffa][0xffffffc5][0xffffffda]l}r?@[0xffffffb3];[0x6][0xffffffd9][0xffffffbe]#[0xffffff82]s8[0xffffffc3]p][0xffffffe8][0xffffff95]L[0xffffffe8][0xffffffc3][0xffffffe5][0xffffff9c][0x2][0xfffffff0][0xffffffea]%[[0xffffffee][0xffffff90]\^[0xffffff95][0x1][0xfffffff1][0xffffffed][0xfffffffd][0xffffff94][0xffffffc9][0xfffffff4][0xffffff87][0xffffffae]/}^r[0x11][0xffffffed]P<&[0xffffff9c]g>[0xffffffae][0xffffffcd][0xffffff9c][0xffffff96][0xfffffff6]O>>[0xffffffd9][0xffffffaa][0xffffff81][0xffffff98][0xffffffdf]w[0xffffffa0]m6-3/[0x18][0xffffffe9][0xffffff93]Dw<[0xffffff8d][0xffffffa6][0xffffffa2][0xfffffff9][0xffffff92]s[0xffffffc3]ISz;PL[0xffffffda]h[0xfffffffd].[0xfffffff3][0xffffffb6][0xb][0xfffffff5][0xffffffcb][0xffffff8c]gU[0xffffff87][0xffffffb3][0xffffff93][0xffffffb1][0xffffffd1]<[0xffffffa0]&=[0xffffffcc][0xffffff9c][0x1e]I[0xffffffff][0xffffff95][0xffffffd7]L[0x4][0x7][0xfffffffb]8I[[0xffffffa9]}9[0xffffffc4][0xffffff8f][0xffffffa7][0x3]4[0xffffffb0][0xffffff89]Z5[0xffffff8a]k[0xffffff93]o&Fw[0xffffff83]p[0xffffff93][0xffffffc4]8[0x11].[0xffffffe3]n[0xffffffcc]0w[0xffffffa8][0xffffffdb][0xffffffac](*7,w[0xffffff91][0xffffffad]i [0xfffffff1]y[0xffffffff][0xffffffeb][0x6]T[0xffffffc1][0xffffffca]M[0xffffffd0]K[0xffffffc1][0xfffffff0]n[0xffffff86]Z[0xffffffeb][0xffffffa9][0xe]K[0x7f][0xffffffe8][0xffffff8d][0xffffff8d][0xffffff90]W[0xffffffd4]8[0x15][0xffffffee][0xffffffad][0xffffffba][0xffffffe3][0xffffffc7][0xffffffcf][\n]"
15:11:24.675 [main] DEBUG com.github.dockerjava.zerodep.shaded.org.apache.hc.client5.http.wire -- http-outgoing-3 << "c[0x18][0x4][0xffffffdf][0xffffff95][0xffffffd4][0xffffffea]j=#[0xffffffaa][0xffffffcb][0xfffffff1]$[0xffffff8e]K[0xffffffe1][0xffffff87][0xfffffff3]}[0xffffffc7][0xffffffea][0x12][0xffffff9e][0x7][0xffffffcd][0xffffffe7][0xffffffc0][0x7f]A@[0xffffff91][dr[0xffffffe6][0xffffff8d][0xffffffae]][0xffffffaa]4[0xffffffec][0x13][0x10][0xffffff86][0xffffff95]![0xffffffe6]\[0x14];[0xffffffe6]y[0xffffffed][0xffffffce][0xfffffffb][0xffffff8e].[0xffffffc2]|[0x1d][0x17][0xffffff84]M[0xfffffffe][0xffffffd0][0xffffffcc][0xffffffea]t^!2[0xffffffb6][0xffffffc2][0xffffffb5][0xffffffbd][0xffffff9d][0xffffffca][0xffffffb9]U[0xffffffd8][0xffffff9f][0xffffff8f][0x1d][0xffffff8e]1~[0xffffffbc][0xffffff9e][0xffffffb4][0xffffffa8]m[0xfffffffd][0xffffffb6][0xffffffdf][0xffffffc0][0xb][0xffffffac][0xffffff9d]0[0xffffffbe][0xfffffffc][0xffffffc0][0xffffffdb][0x7][0xffffffd2][0x13][0xffffffc4]WL[0x14]W[0xffffff9c][0xffffff83][0xffffffd5]q;[0xffffffb5]"qE[0xffffffe2][0xffffffa6]*[0xffffff88][0xffffffdb]3[0xffffff8c]>[0xffffffa0][0xffffff80]w[0xe][0xffffffba][0x19]G]y[0xffffffc8][0xfffffffe])[0xffffff83][\r]S[0xffffff97][0xffffffe8]+[\n]"
15:11:24.675 [main] DEBUG com.github.dockerjava.zerodep.shaded.org.apache.hc.client5.http.wire -- http-outgoing-3 << "gj[0xffffffa2][0xffffff93][0xffffffe2][0xfffffffd][0xffffff8c][0xffffffbd][0x1b]_[0xffffffa5][0xffffffb2][0xffffffd1][0xffffffca]C[0xffffffdd]EJ[0xf]8[0xffffff93][0xfffffff3][0xffffff9b][0xfffffff7][0xffffffa5]S[0xffffff88][\r][0x5][0xffffffc9][0xffffffae][0xffffffcf][0xffffffbf][0x4][0x14][0xffffffc5]y[0xffffffbe][0xfffffff3] -3<[0xffffffd8]^[0xffffff8a][0xffffffa4][0x8][0xffffff84][\r][0xffffff84]G[0xffffffc2]q6[0xffffffb3][0x1c])[0xffffffe7][0xffffff9e]3[0x15]Q[0xfffffff3][0xffffffb5][0xffffffa3][0xffffff89][0xc][0xffffffd0]V[0xffffff9f][0xffffffbd][0x1a][0xffffffa7]?:[0xfffffff9][0xffffffe2]BD[0xffffff8c][0x0][0xffffff94][0xffffffa9][0xffffff8a]KN`[0xffffffe7][0x1f][0x13]G[0xffffffe2][[0xffffffb8][0xffffff89][0xffffffa1]'J0[0xffffffcd] a[0xffffffd4][0x19]6[0xffffffef]cb'[0xffffffd2][0xffffffa7][0xffffffdc],[0xffffff82][0xffffff8e][0xffffff96]5([0xffffffba][0xffffff8a][0xffffffe9][0xffffff9c][0xfffffff1]6[0xffffffac][0xe][0xffffffb4]n[0xffffffe0][0xfffffff5]v[0xffffffcd][0xffffffe8][0x2][0xffffffbe][0xfffffff8]Sm[0xffffffd8][0xffffff98][0x1a][0xffffffbd][0xffffffbf])mGm[0xffffffe4][0xffffff88]&L:[0xffffffce][0xffffffb2]wI[0xffffff9a][0xffffffcd][0xffffffaf]R[0xffffff90]_[0xffffff9d]D[0xffffffc1][0xffffff95]O[0xffffff99][0xffffffea][0xffffff9c][0xffffff9a][0xfffffff6][0xffffff86]j[0xffffffb3][0xffffffaa][0xffffffc0][0xffffff91][0xffffff8b]2~[0xffffffc0][0xffffffea][0xffffffbf][0xffffff87]B[0xfffffffa][0xfffffff1][0xffffffa9][0xffffffe0]F[0xffffffa5]:[0x7][0xffffffe7][0xb][0xffffff89][0xffffffb1][0xffffffc8]|[0xffffff90]{E5h[0xffffffa8][0xffffff81]6[0xffffffaf][0xfffffff1]i[0xffffff91]N[0xffffffc3][0xffffff9a][0xffffffc8][0xffffff80][0xfffffffb][0xffffffb4]^[0xfffffff2][0xffffff9b][0xffffffbd]b[0xffffff9e][0xffffffc5]3[0xffffff86][0xfffffff1][0x0][0xffffffab][0xffffff84][0x5][0xffffffe2]4[0xffffffd5] [0xfffffffe]w[0xffffff9c][0x9]sP [0xfffffff0][0xffffffb2]6[0xffffff83][0xffffffb4]N[0xffffff91]U[0xffffffa9][0xffffff87][0xfffffff8][0xffffff8b][0xffffffeb][0xffffff97]Lnx[0xffffff9a][0xffffffa0][0xffffffeb]-[0xffffffca][0xfffffff7]M[0xfffffff7]U[\n]"
15:11:24.675 [main] DEBUG com.github.dockerjava.zerodep.shaded.org.apache.hc.client5.http.wire -- http-outgoing-3 << "[0xffffffae][0xffffffea]l4v[0xffffff9b] GOK4fp[0xffffffe7][0xffffff9c]m[0x16][0xffffffef]A[0x11]P1[0xffffffec]E[0xffffffe8][0xffffffdd]K[0xffffffab]\[0xffffff8b]F[0xffffffaa][0xffffffc8][0xe][0xffffffac][0x17]6[0x1b][0x17][0xfffffff6]x[0xffffffd6][0xb]%[0xfffffff9][0x9][0xffffffc9]\[0x0][0x5][0xffffffa6][0xffffffaf]{{[0xffffff96]\[0xffffffe8][0xffffffc1]U1[0xffffffa6]4[0xffffffc3][0xffffffbd][0x17]3[0xffffffb1][0xfffffff7]<D[0xffffffe2][0xffffffc1][0xffffffa6][\n]"
15:11:24.675 [main] DEBUG com.github.dockerjava.zerodep.shaded.org.apache.hc.client5.http.wire -- http-outgoing-3 << "[0xffffff91][0x5][0xffffffa9]I[BmI4&[0xffffffb5]Ybq[0x14][0xffffffd9][0xffffffa7][0xffffffb3][0xffffffe8][0xffffffd1]*8[0xffffffce]%u[0x1a][0x14][0xffffffd0][0xffffffb4][0xffffff84][0x17]K=$[\r]B[0x1c]9[0xffffffe7][0xffffffa7]C[0xffffffea]VH[0xffffff9d][0xffffffb0]u[0xfffffff7].7u8[0xc]7[0xffffffb3]}[0x1b][0xffffff88]&[0xffffffa6][0xffffff9d][0xffffffc8][0x1a][0xffffffeb]_[0xffffffe5].b[0xffffffb8][0xffffff93]U[0xffffffaf][\r][0x4][0xffffff91]d[0xffffffe2]F[0xfffffff8][0xffffffef][0xb][0xffffffed][0xfffffff2][0xffffffba][0xffffff85][0xffffff89][0xffffff96]X[0xf][0xffffff9a][0x1e][0x7f]}1s[0xffffffc3][0xfffffff3][0x1e][\n]"
15:11:24.675 [main] DEBUG com.github.dockerjava.zerodep.shaded.org.apache.hc.client5.http.wire -- http-outgoing-3 << "wW[0xffffffe9][0xffffffa4][0x5]qK[0xffffffa0]J[0x14]9[0x6][0xffffffdc]w [0xfffffff4][0xffffff8c][0xfffffff7]~[0xffffffe2][0xffffffa2]f>u[0xffffffde][0xfffffff3][0x19][0xffffff9d]p[0xffffffa1][0xfffffffa]X$6[0xffffffde]c[0xffffff86][0xfffffffa][0x3][0xffffff8f][0xffffffd8][0xffffff89][0xffffffc3][0xffffffbc]aKA[0x7f]T[0xffffff8b]i[0xffffff91][0xffffffa6][0xffffff88][0x1d][0xffffff86]{*[0xffffff87][0xffffffd9]}[0xffffff97][0x15]|[0xffffffed]xL[0xffffffe0]?[0xfffffffe][0xffffffb4][0xffffffb8][0xffffffc7]H[0xffffff80][0xffffffb6]4[0xffffffff][0xffffffe1][0xffffffa2][0xffffffae][0x1f][0xffffff9c]2K[0x15][0xffffffc6][0xffffffc7]<xR[0x15]Z[0xffffffdb][0xffffffe8]br[0xffffff8d][0xffffffc1]'[0xffffffd7][0xffffffe8][0xffffff9c].c[0xffffff8e][0xffffffed]=[0xffffffa7][0xfffffff4]([0xffffffce][0xffffff9c]MO[0xffffff97]![0xffffffe6][0xffffffad]O[0xffffffcf][0x1b][0xffffff8c]G[0xffffffe2]\[0x14][0xffffff9b][0x15][0x18][0xffffff96]i[0xfffffff9][0x10][0xffffffa6]a[0xffffff9c][0xffffff9a][0xffffffac][0xffffff81]"[0xffffff9e]#<[0x17][0x17]?[0xffffffcc]6B[0xffffff8a][0x6][0xffffffac][0xffffffcc]R#h[0xffffffc7]R?[0x14][0xffffffcb]ge[0x2][0xffffff9b][0xffffffdd][0xffffff8e][0xffffffd2]_}[0x15][0xffffffed][0x12][0xffffffda][0xb]>[0xffffffd2]g9=[0xffffffdb][0xffffffe5]xV2[0xffffffd3][0x18]?8Z[0xffffffba]RFs&[0xffffffae]"[0xfffffff7][0x15]s[0xffffff97]/[0xffffffa5]5[0xffffffd5][0xffffffe6][0xfffffffd][0xffffffa8][0xffffffe4][0xffffffd2][0x13]I[0xffffffe8][0xffffffa9][0xffffffc1][0xffffffce][0x5][0xffffffe3]^>8[0xffffff89][0xffffff90][0xfffffff7][0x1][0x13][0xfffffff1][0xffffffd7]G5[0xfffffff8][0xffffff84][0xffffffaf][0x1a][0xfffffff2]^)$O$[0xffffff85]}[0x14][0xffffffa0][0x1c][0xffffffa0][0xffffffcf]^[0xffffff8d]O[0xe][0xffffff8f][0xffffffd1][0x1e]M[0xffffff91][0xffffff93][0xffffffd7]0[0xffffffad]6[0xffffffc3][0xffffffde][0xffffff92][0x17]k[0xffffffdb][0xffffffb7][0xffffffc3]+ZXy[0x1c][0xffffffd2][0xffffff8f][0xffffffca]~[0x9][0xfffffff0][0x7f]&[0xffffff90][0xfffffff6]S[0x1d][0xffffffd3][0xffffffc2][0xffffffc9]h>[0x10]"[0xffffff80][0xffffff93][0xffffff80][0xffffff9e][0xffffff8e]E[0x10]E[0x12][0xffffffda]'T[0xffffffb4][0xffffffda][0xffffffad]y[0x5]>b[0xfffffff0]n?[0xffffffad][0xffffffec][0xffffffde]z[0xfffffff1]*([0xffffffc9]l[0xffffffbe]~R}[0xffffffdd][0xffffffb8]7|[0xffffffe7])[0xffffff94][0xffffffe0][0xffffff8a]#[[0x1e]2[0xffffffae][0xffffffb7][0xffffffb9]q[0xffffffa2]2[0xffffffa2][0xffffffae][0xfffffffd][0xffffff9e][0xffffff8e]Y[0xfffffffd]z[0xfffffff8]>!ZF[0xffffffa2][0x1][0xffffffd2][0xffffff90][0xffffffc8][0xffffffc2][0xffffffa7]K[0xffffffb3]t[0xffffffc2][0xffffff92][0xffffff92]/[0x11]/[0xffffff97][0xfffffff3][0xffffffb2][0xffffff96]|oh[0xfffffffa]][0xffffff8c][0xffffff91][0xfffffff9][0xfffffff8]S[0xffffffbf]`[[0xffffffcd][0xffffffad][0xffffffc0][0x13]M>[0xffffffad][0xffffffcf]|[0xffffffcc]MF[0xffffff98]JAs[0xffffffca][0xffffffdc]%[0x1d][0xffffffdd][0xffffffa7][0xfffffffd][0x11][0xffffffd2][0x1e][0xffffffbb][0xffffff8c]5[0xfffffff4][0xffffff80]PO\O[0xffffffd0]^[0xfffffff1]V[0xffffffa0][0xffffffc3]`N[0xffffffa4][0xffffffa2][0xffffff9a][0xffffffc8]@:[0xffffffc1][0xffffffe7]T[0xffffffc6][0xffffffdf]@{_dn[0xffffff9f]u[0xffffffda][\n]"
15:11:24.675 [main] DEBUG com.github.dockerjava.zerodep.shaded.org.apache.hc.client5.http.wire -- http-outgoing-3 << "O[0x1c]/_[0xffffffd3][0xb]3[0xffffffbc][0x1d][0xffffff96][0xffffffd9]n[0x0][0xffffffa2][0xfffffffd][0xffffffd1][0xffffffa1]D[0xffffffc5]E[0xffffff8b][0xffffff9a]+[0xffffff81][0xffffff87][0xffffffd5]8p~;[0xffffffc4][0xffffffce]6[0xffffffb6]o[0x8][0x11]^[0xffffffb3]q#[0xfffffff4]5[\n]"
15:11:24.675 [main] DEBUG com.github.dockerjava.zerodep.shaded.org.apache.hc.client5.http.wire -- http-outgoing-3 << ""u[0xffffffb2]Jm[0xffffff8c][0xffffffea][0xfffffffc]&[0xffffffb4][0xffffffa6][0xffffff83][0x1f][0xffffffcc][\n]"
15:11:24.675 [main] DEBUG com.github.dockerjava.zerodep.shaded.org.apache.hc.client5.http.wire -- http-outgoing-3 << "[0xfffffff6][0xffffffbe]F[0xfffffff4]X[0x14][0xffffff9c][0xffffffcc][0xffffffa6][0xffffff8f]$5[0xffffffa2][0xffffffea]N[0xffffffcd]gf$[0xffffffba]|[0xffffffd7][0xfffffffa][0xffffffdb]~YL*?[0xffffffd8][0xffffffa3][0xffffffc7]6[0xffffffcd][0xffffff99]d[0xffffff82]y[0xffffffd8][0xffffff9f][0xffffffd7][0x8][0xffffffd4][0xffffffde][0xffffffd6]O[0xffffffc5][0xffffffe5][0x1d][0xfffffff0][0x14]N[0xffffffad]}}[0xffffffa8][0xffffffb9]7[0xffffffff])[0xffffffc0]d[0x11][0xffffff86][0xffffff9a][0xffffffe5][0x9][0xffffffb9][0xffffffae][0xffffff91][0xffffffc7][0xffffffad][[0x2]-[0xffffffb2][0xffffffc3]+^[\r][0x15][0xffffffc4]Q[0xffffff8e][0xffffffe6][0x1e][0xffffff92][0xffffffb2][0xffffffbc]Z[0xfffffff9]5[0xffffffe9]a[0xffffffdc][0xffffffd7]T"[0xffffff87][0xffffffc5]x5[0xffffff93]E[0xffffffeb]}[0xffffffe3];[0x1][0xffffffb8][0x15][0xffffff85][0xfffffff2][0x14][0xffffffe7][0xffffffab][0xffffffd6]$[0xc]\[0xffffff84][0xfffffffb][0xffffffe1]V[0xffffffd0][0xffffff83]1[0xfffffffa]6[0xffffffce][0xffffffdd]GhC+>oR[0xffffff92][0xffffff82][0xffffff9f]/[0xffffffe8],[0xffffffcb][0xffffffae]x[0x13][0xffffffde]|[0xfffffffe]d[0x1e][0x17][0xffffffe5][0xffffffed][0xffffff89][0xfffffff3][0xffffffd2]4o[0xfffffff2][0xfffffff9][0xffffffc7]"J[0xffffffa6][0xffffff86]xr[0xffffff92][0xffffffea][0xfffffffa][0xffffff90][0xffffffd4]f*[0x1a]z[0xffffffd7][0xffffff87]"[0xfffffff5];I2[0x17]A[0xffffffeb][0xfffffffe]5[0xffffffee]k[0xffffffbb]@[0xffffffa0][0xfffffff9]u[0xffffffa1],r[0xffffffe1][0xffffffab][0xffffffe8][0xfffffff0]u[0xffffff90]*.[0xffffffc7]K[0x19]:[0xffffffa1][\n]"
15:11:24.675 [main] DEBUG com.github.dockerjava.zerodep.shaded.org.apache.hc.client5.http.wire -- http-outgoing-3 << "[0xffffffc7][0xffffffb4][[0xffffffe3][0x1e][0xffffffdf][0xffffffb1]x[0x16][0xc][0xffffffa5][0xffffffc9][0xfffffff7][0x1a][0xffffff8c][0xffffffda][0xffffff84]p[0xffffffef][0xffffffc5]+.[0xffffffac][0xffffffa8][0xffffff9f][0xffffffc5][0xffffffe6][0xffffff9b]"[0xffffffc3][0xffffffcd]{C[0xffffffea][0xffffffd8]\C[0xffffffc7]7[0xffffff9d]gR[0xffffffba]n[0xffffffce]|{[0xffffff88]r[0xfffffff3]T[0xffffffb9]=[0xffffffa6]u[0xb][0xffffffb7]]K[0xffffffe8][0xffffffc3][0xffffffeb]1([0xffffffca][0xffffffe8][0xffffffe2]_[0x9]/[0xffffffc5][0xffffffb3]{d[0xffffffb6][0xffffffdf]lp[0xffffff98][0xffffffad][0xffffffd0]i[0xffffffec][0xffffff97][0xffffff8c]![0xffffffef][0xffffffa8][0xffffffbc][0xfffffffd][0xffffffcc]H[0xffffff93]FBq?A[0xffffffb9][0xffffffed]QD[0x0][0xffffff8f][0xffffff80][0xffffffb6]E[0xffffffb3]$[0xffffffed][0xffffffb6]9[0xffffff89]N[0xffffff96]@e[0xffffffa0]i[0xffffff94][0x10][0xffffffde][0xffffffa9]d[0x4][0xffffffbb]'[0x10][0xffffff92][0xfffffff0][0x10][0x3][0xffffffc6][0xffffffee][0x1e]z[0xffffff98][0xffffffad]v[0x19]^K[0x1b][0xffffffcc][0xffffffc2]{[0x1e][0xffffffcf][0xffffffa8][0xffffff9c]T6[0xffffffb7]-(>A[0xc][0xffffffec]0[0xffffff90][0x15][0xfffffffe]mP[0xffffffa7][0xffffffbd][0xffffffb5][0xffffff97]vo[0xe][0xffffffbd][0xffffffc7]|[0xfffffff3]}[0xffffffa2][0x1a][0xffffff84]l[0xffffffa8]u[0xfffffff5][0xffffffa3]%eh[0xffffffe3][0xffffffb4]6[0xffffffbd][0xffffffda][0xffffff80][0xffffffaf][0xffffff86][0xffffffb3]Y[0xffffff9a][0xffffffab][0x1a][0xffffffc1]9[0xffffff97][0xfffffff5]j[0xffffffcf][0xffffffca][0x3][0x1e][0xffffffc2][0xffffffa7][0xffffffb1]q[0xffffff9d][0xffffffd4][0xffffffa3][0x1e][0xffffffe9][0xffffffe6]#(![0x1b]U[0xffffff83]o3[0xffffffd6])[0xf][0xffffff8c][0xffffffe8][0xffffffe2][0xffffffe6]p[0xffffffd1]9[0xffffff9d][0xffffffb7][0xffffff8a][0x1e][0xffffffb6].[0x11][0x6][0xffffffbe][0xffffff91][0xffffffdc][0x1c]ot[[0xffffffbb][0xffffffa6][0xffffffa8][0xffffffda]9[0xfffffff0]J[0xfffffff7]J[0xffffff94][0xffffffc8][0xfffffff7]~[0xffffff9f]z>[0xffffffc4][0xffffff8f]j%[0xffffff9e][0xffffffdc]| [0xffffffdc][0xffffffef][0xffffffba]\[0xffffffa1]<20[0xffffff82][0xffffffb0]d[0xffffffbb][0xffffffbc]d[0xffffff90]1KW[0xfffffff9][0xfffffff6][0xffffffc8][0xffffff96][0xffffffdb][0xffffff96]I[0xffffffcd][0xffffff95][0x17]?d[0x8][0xffffff91]B[0xffffff94]_[0x1]c.i?[0xffffffe7][0xffffffe9]#+cY[0xffffffc6]qd[0xffffff8c][0x7][0xffffffce][0xffffffcb][0xffffffe3][0xffffffed][0xfffffffe][0xffffffe6]dO[0xffffffe9]{[0xffffffc3]IsY[0xfffffff4][0xffffffe9]3[0xffffff95]`[\n]"
15:11:24.675 [main] DEBUG com.github.dockerjava.zerodep.shaded.org.apache.hc.client5.http.wire -- http-outgoing-3 << "[0xffffffaf]`B[0xffffffec]|[0xffffffcd][0xffffff91][0xffffffda]Hy[0xffffffef][0x1d][0xffffff8c]n[0xffffffdf]s[[0xffffff8f]]_[0xffffffbe].Kn[0xffffffc7][0x1a][0xfffffff1] [0xffffff8c]IQ[0x3]S*[0xfffffff6]ehiT[0xffffffe7]{7 @[0xffffff8b][0x19][0xffffffeb][0xfffffff1][0xfffffff8][0xffffffee] 4g[0xffffffaf]awxd![0x7f]][0xffffff82][0xffffff81][0xffffffbf][0x18][0xffffffde]][0xffffffd2][0xffffffa7]Oqrb)[0x1b][0x1e][0x16]J[0xffffffc0][0xfffffff0]9~C[0xffffff88]A[0x1c]2[0x19][0xffffffeb]k[0xffffffb7][0xffffff99][0xffffffbe][0xffffffdd]'[0xffffffe5][0xffffff8e][0xfffffff0][0xfffffff9][0xffffffe0][\n]"
15:11:24.675 [main] DEBUG com.github.dockerjava.zerodep.shaded.org.apache.hc.client5.http.wire -- http-outgoing-3 << "[0xffffffcb][0x1b][0xfffffffd][0xffffffb9][0xffffffea]2[0x1d][0x13][0xffffff9e][0xffffffe4]3[0xfffffff2][0xffffffa7][0xfffffff4][0x1c][0x18]}[0xfffffffe][0xffffff87][0xffffff86][0xffffff92][0x1][0xffffffc7][0xb][0xffffffb1]g[0xffffffa5][0xffffff99][0x5]R4[0xffffff9c][0xffffffed][0xfffffffd][0xffffffef][0xffffff84][0xffffffa2]0[0x8]h[0xfffffffd][0xffffffa5][0xffffffab][0xffffff9e][0x1c][0xffffffdd][0xffffffbc][0xffffffd4][0xffffffaa][0xffffffca]86[0xffffff96]G@[0xfffffff4]Fy&@[0xffffffc0]e}[0xffffffac][0xfffffff5][0xfffffff9][0xffffffb1][0xffffffa5]][0xffffffb8]T:[0x1a][0xffffffdf].[0xffffffa5][0xffffff95][0xffffffcb][0xffffffe7][0xffffffde]w[0xffffffb4][\n]"
15:11:24.675 [main] DEBUG com.github.dockerjava.zerodep.shaded.org.apache.hc.client5.http.wire -- http-outgoing-3 << "[0xfffffffb][0xffffffd8][0xffffff95][0xfffffff9][0xffffff9a][0xffffffef]%[0x6][0xffffff95]lJ[0xffffff89][0xffffffa4]][0x3][0xf]ly[0xffffffa8]^[0xffffffc0][0x18][0xffffffa4][0xffffffa8][0xffffffcf][0xffffffce][0xffffffed][0xffffffcb][0xffffff9f]eQ2[0xffffffd0][0xffffffa6][0xffffffdd]N[0xffffffed][0xffffffe2][0xffffffec][0xffffff93]Uhb+[0xffffffd9][0xffffffe1][0xffffffa6][0xffffffd3][0x1e][0xffffff91][0xffffff9b][0xffffffa3][[0xffffffc8]x[0xffffffb6][0xffffff9b][0xffffffca]ZwCR[\n]"
15:11:24.675 [main] DEBUG com.github.dockerjava.zerodep.shaded.org.apache.hc.client5.http.wire -- http-outgoing-3 << "H[0xffffff99][0xffffffb9][0xffffffd4]t[0xfffffffb][0xffffffe8][0x4][0xffffffbf]v[0xffffffb5]xQ|[0xffffffb8][0xffffffda][0x1f][0x15]\4b[0xffffffab][0xffffffea]$[0x1b]e[0xffffffc5][0xffffffb2][0xffffffa4]W~j~IP[0xffffffb0][0xffffff9e][0xfffffffd][0xffffffa5][gXVV[0xffffff86][0xffffffc8]>[0x18][0xffffff86][0xffffffca]([0xffffff84]>[0xffffffbd][0x0][0x9][0xffffffae][0xffffff87][0xfffffff5][0xffffffc5][0x11]Nk[0xffffffcd][0x1c][0xfffffffb]t[0xffffffbf]R[0xffffffc8]k[0xffffffa4][0xffffffeb][0xffffff98][0xffffff9b][0xffffff9e]8[0xffffffaf]{S[0xffffffe1][0xffffffc2]C[0xfffffff9][0x17][0x14]B[0x1a]b[0x1a].[0x14]B[0xffffff97]H[0xffffffbd][0xffffff81];[0xffffffe5][0xffffff81][0xffffffc7]&v[0xffffff93]Yn[0x1f][0xffffff96][0xffffffc6][0xffffffc8][0x1c][0xffffffc9][0xffffffb2] [0xffffffae][0x17][0xffffff93][0xffffffa0][0xffffff87]Q[0x9]+[0xfffffff4]D[0xffffffb5]R[0xffffffb9][0xffffffb0][0xfffffffd]b[0xfffffffe]){[0x1c][0xffffffa6][0xffffff9a][0xffffffd1][0xfffffff1][0x1]QU[0x1a][0xffffff9f][0xffffff92][0xffffffaf]H[0xffffffdf][0xffffffc0][0xffffff8f]<[0x2][0xffffffd1]K[0xffffff9f]I[0xffffff9a][0xe][0xffffff8c][0xffffffb6]![0xffffff84]@[0xffffffbb][0xffffff8c][0x2][0xffffffcb][0xffffffae]/[0xffffffc5][0x1f]'*[0xfffffff1]$[0x14][0x13]_[0xffffff86][0xffffff87][0xffffffec][0xfffffff6]x[0xffffffb7]'[0x1e]?[0xf][0xffffffce][0xfffffffa][0xffffffc8][0xffffffb7][0xffffff83]D[0xffffffcc]9[0x1]/:mx[0xffffffc4][0xffffffb1][0xffffffb8][0xffffffa4][0xffffffc1]|[0xffffffad][0xfffffff1][0xffffffc4]/[0xffffff9e][0xffffffe7][0xffffffed][0xffffffcb]-[0xfffffff3]D[0x18][0xffffff95][0xffffff9c][0xffffffd6][0xffffffe1][0xfffffffe][0xffffffa5][0xfffffff1][0xffffffc7][0xffffffb9][0xfffffffa]y[0xfffffffd][0x6][0x11][0xffffffdb][0xffffffba]}0'[0xffffffcb][0xffffffe2]O[0xffffffe6]4[0xffffffdf]T[0xffffff8c][0x6]I6o[0xffffffb4][0xffffffd0][0xffffffbd][0x12][0xffffffa2][\r]%[0xffffffb3][0xffffffba][0xffffff9c][0xffffffaf][0x9]n[0xffffffb3][0xffffffe0][0xffffffa3]&O[0x1][0xffffffef][0xffffff8a][0xffffffd5]][0xffffffc0][0xffffffb2][0x13][0xffffff87]Lml[0xffffff8b]`[0x14]j<[0xffffffd1]>[0xffffffcc][0xffffff8b]M[0xffffffcf][0x3][0xffffffae][0x8][0xffffffd0][0x19]|[0x1b][0xc][0xffffff8d]@J[0xffffffd8][0xffffffb8][0xffffff96][0xffffff8a][0xffffff81][0xffffff98][0xffffffea][0x3][0xfffffff5][0xffffffee][0xfffffff7][0xffffffc7][0xffffffa6][0xffffffdb]Y[0xffffffae]"[0xffffff92]L[0xffffffba]S[0xffffffd6][0xffffffbb][0xffffff9d]{[0x16]*.r[0xffffff90][0xffffff9c]j[0xfffffff4][0xffffff83][0xffffffbd]C[0xffffffda][0x0][0xffffff80][0xffffffa2][0x1a][0x11][0x0]r[0x1][0xffffff90][0xffffffd2][0x1f]m+b[0x0][0x0][0xffffffa4][0xffffff88]f[0xfffffff5]K[0xffffffe2][0xfffffffc][0xffffffa5][0x15]G[0xffffffb3][0xffffffcc][0xffffffc4][0xffffffa3][0xfffffff3][0xffffffe3]l[0xffffffb9];[0x0][0xffffff88][0xffffff94][0xffffff9f][0x14][0xffffffa7]l 8[0xffffffe2]iX[0xffffff8e][0xffffff9d][0xffffffeb]e[0xffffffaf][0xffffffcd][0xffffffcc]~@[0xffffffc5][0xffffffdb][0xffffffae][0xffffffbc][0xfffffffa][0xffffffe2]l[0xffffff91][0x3][0xffffff9f]?[0xffffff8c])=[0xfffffff1]Tg[9@[0xffffff82][0xffffffc7][0xffffff89][0x16][0xffffffb3][0xfffffff5][0xffffffbe]O[0xffffffc3][0xfffffffc][0xffffffab][0x14][0xffffff85]S[0x1c][0xfffffff9]2[0xffffffac][0xffffffc3][0x13]{[0xffffff90]W4[0xffffffd4]U[0xffffff9e]K[0xffffffb3]tX[0xffffffcc]$[0x2][0xffffffa8]_k[0xffffff9f]][0xffffffb2][0xffffffba]n.[0xffffffdd]dS[0x0][0x1a][0xffffffae][0xffffff9e][0xffffffc4][0xfffffff1][0x6][0x6][0xffffffde]u[0xffffff81][0xffffff96][0xffffffe7][0xfffffff7][0x1e][0x16][0x2][0xffffffe5][0xffffff86][0xffffff84][0xffffffef][0x1f][0xffffffcf][0xffffffbf]|[0xffffffae]Ux[\r]=B[\r][0x0]@[0x19]"[0x0][0xffffffd8][0x2] [0xffffffbb][0x1f][~ [0xffffffa0][0xffffffac][0xfffffff5][0xffffffbf][0xffffffb4][0xfffffffc][0xffffffa0][0xffffffc4][0xffffffe4]N[0xffffff82][0x10]f[0xffffffb6]W[0x0][0x0][0xffffffbd]in"r[0xffffff8c][0xffffffc9][0xffffffcc][0xffffffb2][0xffffffeb]c[0xffffffbe]!d[0xffffff86][0xffffffdb]d[0xffffff8c][0x10][0xffffffd5][0xffffff8b][0xffffff8b]![0xffffffe3]$[0xffffffa7][0x1e][0xffffffb8][0xffffffe7].[0x14]1[0xfffffffb][0xffffff9a][0xffffffcf][0xffffffbd][0xffffffcb][0x17][0xf] [0xffffffa4][0x16][0xffffff99]f[0xffffffff][0xffffffa8][0xffffffa3]P[0xfffffff4]{3[0x1d][0xffffffa8][0xffffffd8].[0xffffffc3][0xffffffe0][0xffffffbb][0xffffffad][0xffffffd3][0xffffffa7][0xffffffe3]lmh[0xffffffdb][0xb][0x0][0x0][0xffffffb8]#[0x2][0xffffff80]"[0x0][0xffffff8a][0xfffffffd][0xffffffe3][0xffffffe2][0x14][0x0][0x0]H[0xffffff80][0xffffffb2]6[0xffffffff][0xffffffd2])[0xffffffe4][0xffffffa0]WYK[0xffffff9a]9[0x4][0x4][0xffffffaf][0xffffffe4]p[0xffffffa0][0xffffffe2][0xffffffeb]E[\r](w[0x8][0x1f][0xffffff8a][0xfffffff0][0xffffffd8][0xffffffbf][0xffffffb2][0x4][0x11][0x3][0xffffff80][0xffffff92][0xffffffe6][0xffffffd7][0x14]([0xffffffa8][0xffffff8d][0xb]8[0x1]_[0xffffffdf][0xffffffdf]O`[\r][0xffffff8c][0x4][0x0]@[0x13][0x11][0x0]6[0x0]P[0xffffffd5][0xffffff8f][0xffffffdd]g[0xffffff8b][0xffffffa2]i{[0xffffffff]K[0xffffffff]P[0x16][0xffffffbd][0xc][0xffffff8d]n[0xffffff81][0xffffff92][0xffffffaf][0x18]k)C[0xffffffd2][0xe][0xffffffe6][0x7]w[0xffffffa2][0xffffff8c][0xfffffff8][0x6][0xffffffbb][0xffffff81][0xffffffcb][0xfffffffe][0x12]q[0xffffffb2][0x17][0xffffff80][0x3]RO[0xffffffb8]j[0xffffffa9][0xffffff92][0xfffffff2][0xb][0xffffffd9]g[0xfffffff2][0x11][0xffffffab][0xffffffcb]bF;[0xffffff9b][0xfffffff4]][0xffffffe9][0xffffffca]/[0xffffffae][0xffffff9b]E[0x0]Q[0xffffffb6][0xffffffc7][0xffffff9e][0xffffffed]u[0xffffffbe][0xffffffc9][0xffffffd1][0xffffffcb][0xffffffef][0xffffffdf][0xffffffd6][0xffffffb4][0x1a]gWt[0xffffff92][0xffffffd9]~[0xffffffb6][0xffffffc5][0x13]Yd)[0xffffffe0][0xffffffe6]o[0xfffffff2][0xffffff92]G[0xfffffff8]h[0xffffffc7]:[0xffffffa5][0x13][0xffffffa4][0xffffffbc]3[0xfffffff5][0xffffffed]B[0xffffffdc][0xf][0xffffff90][0x1]p [0xffffff82][\n]"
15:11:24.675 [main] DEBUG com.github.dockerjava.zerodep.shaded.org.apache.hc.client5.http.wire -- http-outgoing-3 << "/QB[0xffffffe6][0xfffffff8]&70[0xfffffff7][0xffffffea]M[0xffffffc5][0xffffff9c][0xffffffc3][0xfffffffa][0xffffffca]`[0x7f][0xffffffc5][0xffffff90][0xffffffcd]2[0x1b][0xfffffff0][0xffffffb4][0xfffffff8][0xffffffa0]S[0xffffffa6]l[0xffffffb6][0xffffff95][0xffffff97][0x18][0xf][0xffffffc1][0xffffffca]Y[0xffffffb8][0xffffffc5];a8[0xffffffe6]T)[0x5][0xfffffff7]}[0xffffff99]X[0x5][0xfffffffe][0xffffff97][0xffffffa3][0xffffff85][0xffffffdf][0xffffffef][0x17]*l^[0xfffffff3]JAw[0xffffffaf]".[0xffffff94]$[0xfffffff8][0x1c]I9[0xffffffe8][0xffffffc6][0xffffffa5][0xffffffa8][0xffffffcc][0xffffffa5][0xffffffd9][0xf][0x0][0xffffff80]cD[0x0]0[0x7]@[0xffffffa3]?6[0xffffff83][0xffffffe9][0xffffff8b]f[0xffffffa3][0xffffffdd][0xfffffff5][0xffffffc0][0x6][0xffffffd5][0xffffffc8][0x3][0xfffffff1][0xffffffc9][0xffffffd1]Xx[0xffffffca]1[0xffffffc1][0xffffffd3][0xffffffc0][0x15]j[0xffffffd6][0xffffffa0][0x16][0xffffffa7][0xffffffca][0xffffff8f]-[0xffffffed][0x10][0xffffff96][0x8]\[0xffffffd5][0xfffffff6][0xffffff84][0xffffffb1]c[0x1e]A[0x0]c[0x18]@UY[0x1d]\[0xffffffd3][0x10][0xffffff97][0xffffffe3][0xffffffb3][0x1e]W[0xffffffed][0xffffffd2]&[0xffffffdb][0xffffffab][0x1c][0xfffffff2]<[0xffffff86][0xffffffb6][0xffffff88]P[0xfffffff9][0xffffffdd][0xc][0xc]M[0xffffff9b]6[0xffffffcf][0xffffffb7][0xffffffcb]:![0x2][0xffffff80]&[0x0]:[0xfffffffa][0xffffffd1][0xffffff91][0xffffff94]A[0xffffffd9][0xffffff8c][0x7f]q$[0x7]n[0x1][0xffffffb3][0x0][0xffffff82][0xffffffb3][0xb][0xffffffa0][0xffffffa8][0x1e][0xffffff9a][0xffffffaa]I[0xffffff84][0xfffffffc]-N[0xffffff8b]cY[0xffffff8d][0xffffffef].[0xb]kF'[0xffffffe1]e[0x6][0xffffffc0][0xffffffd2][0x6][0x10][0xffffffa2][0xffffffcf]"[0xffffffd7][0xffffffcb][0xffffffcd][0xffffffa6][0xffffffa0]e[0xfffffff6]O/[0xffffffd2]s[0xfffffffc]q.[0xffffffb9][0x1c]Lk.[0x0][0x0][0xffffffc6][0xffffff88][0x0][0xffffffa0][0x0]@[0xffffffe1][0xfffffffe][0xffffffd8]\&[0xe][0xffffffca]f[0xfffffffe][0x1f]][0x6][0xffffff8a]>[0xffffffaa][0xffffffc9][0xffffff98][0xffffffc7][0xfffffffb]Z[0xffffffc3][0xffffff90]a[0xffffffe4]sCFL[0x8].[0xffffff88][0x17][0x0][0x1e][0xffffffe3][0x7f]s[0x19][0xf][0x18]k[0xffffffbd]?[0xffffffce] q[0xfffffffc][0x16][0xffffffaf][0x1a][0xffffff88][0x0][0xffffffa0][0xb]@q[0xffffffff][0xffffffd8][0xffffff94][0xffffffa7]&[0xffffff9a][0xffffffce][0xfffffff1]?{[0xffffffcc][0xffffffbf]V[0x18][0xffffff8e][0xffffffe1][0x1c][0xffffffd0][0xffffffba][0xffffff83]&[0xfffffffd][0xffffffed]ijgO[0xffffffd8]l[0x1b][0xffffffdd]([0xffffffd8][0x0]`[0xffffffa3][0xffffffe3][0xffffffab][0xffffffd4][0xffffffc0][0xffffffce]l [0xfffffff0][0xffffff88][0xffffffd2]f^[0xffffffaa][0xffffffed][0xfffffffd][0xffffffe3]h[0xffffff84][0x14][0x0][0x0][0xffffffcc][0x10][0x1]@[0x7][0xffffff80][0xffffffd2][0xfffffffc]q[0xffffff8c]TE[0xffffffb3]U[0xffffffff]}[0xffffff8c][0x2]q[0xffffffb1][0xffffffc8][0x16][0x0][0xffffffda][0xffffff9b][0xffffffe6][0x17][0xffffffe1][0xfffffffb]0f[0xffffffc8][0xffffffd3]P[0xffffffe1][0xffffffc1][0xfffffffe][0xffffff91][0xffffffb4][0xffffffaa]hy[0xfffffff9][0xfffffff7][0xfffffffb][0xfffffff0]+Cs[0x0]8[0x1][0xb][0xfffffffc]/2[0xffffffac]>%[0xffffffa4][0xffffffe3]jS[0xffffff82]jr$[0xfffffff6][0xffffffbf][0xffffff9f][0xffffff8c][0xffffffd8]G[0x4][0x0][0xffffff80])"[0x0]([0x3]P[0x1e]?[0xe][0xffffff8b][0x14]([0xffffffdb][0xffffffe1][0xffffffee][0xffffffb0][0xffffff80]K[0xffffff8c]i[0x0][0xffffffe8]g[0xffffffc4][0xffffffaf][0xffffff90][0xffffff8e][0xfffffffb][0xffffffc7][0xffffffa4][0x11][0xffffffc3]bx[0xffffffce][0xfffffffb][0xffffffda][0xffffff89][0xc][0x4][0xffffffcf]|[0xb]|[0x1]A[0xfffffff5]-[0xffffff84][0x6]([0xffffffb9]n[0xffffff94][0x6][0xfffffff9]?N[0xffffffca][0xffffffc2][0xffffffc2][0x0][0x0]@[0xfffffffb][0xffffffb7][0xffffffd1]H[0xffffffbf]3[0x1a]N?i4D[0x0][0xffffffa8][0xffffffa6][0xffffffbf][0xffffffb6]H[0xffffffa6][0xffffffbb][0xfffffffd][0xffffffdf]F[0xffffffe3][0xffffffff][0xffffffd0]"[0xffffffa9][0x9]@[0xffffffcd][0xfffffffd][0xffffff98][0xffffff97][0xffffff95]E[0xffffffb3][0xffffff93][0xfffffffe][0x13][0xffffffc5])[0xffffffa0][0xffffffcd][0x1]P[0x12]^[0x10][0x1][0x13][0x8]D[0xffffffec][0xffffffc2][0xffffffa2]xO[0xffffffd0][0x0][0xffffffff][0xffffff8f]N`D[0xffffff84]m[0xffffffdf][0x7f][0xffffffb9][0xffffffe7][0xffffffed][0xffffff8f]r[0xffffff8b][0xffffff83][0xffffffb2]k[0xffffffff][0xffffff9e][0xffffffdc]"[0xffffffc4][0xffffffb1][0x0][0xffffffdc][0x1b][0xffffffc2]a[0xffffff80]S[0xffffff81]',[0xfffffff2][0xf][0xffffffd3][0xffffffd0][0x1b][0xffffffaa][0xffffffed][0xffffffbf][0xb][0xffffffa2][0x0]@[0xffffff83][0x7f]L[0xffffff96][0xffffffe2][0xffffffa0][0xffffffec][0xffffffba][0x7f][0xffffffa8][0xffffffb5][0xfffffff2][0xffffffef][0xffffffa6]C[0x1]h[0xffffffb1][0x1f]s[0xffffffa5][0xffffff8f]hz[0xffffffd3][0x7f][0xffffffac]5[0xffffffb1]@[0xb]"*[0xffffff80][0x16][0x11][0xffffffef][0xffffff8d][0xffffffe4][0xf][0xffffffed]yV|[0xffffffe3][0xfffffff9]^[0xffffff9e]U[0xffffffe2]&[0xffffffd9][0xffffffd4]7[0xf][0xffffffe5][0xffffff95]][0xffffffdb][0x3][0xfffffff4][0x7].[0xffffffb8][0xfffffffb][0xffffffaa]<Ks[0xc][0xffffff81]d[0xffffff89]o[0xffffffab][0xffffffa5][0xffffffda][0xffffffc8][0xffffffde]>1[0xffffffdb][0xffffff80][0xffffff85][0xffffffef][0xffffffc4]QL=4|[0xffffff92]Ie[0xffffffe1][0xffffff9c]D,\.}n[0xffffff91][0x5][0x0]@[0xffffffc2][0xfffffff7]([0xffffff81]6[0xffffffbe][0x13]%[0xffffffd3]?k[0xffffffcc]8/[0x10][0xffffff8e],[0xf]D[0xffffffff][0xffffff8c][0x12][0xffffffe8][0xffffffc0];Qr[0xfffffffe]O[0xffffff86][\r][0xffffffef]k[0xfffffffd]`[p[0xffffffcb][0xffffff9f]Q[0x2]]x'J.[0x7f][0xffffffd2][0xffffffc8][0xffffff89][0x0][0xffffffd0]=w[0xffffffa2]d[0xffffffe1][0x1f]E[0x9][0xfffffff4][0xffffffd7][0x1f][0x15]W[0x16][0xffffffcd]"[0xfffffffd]%Q[0x2][0xffffff83][0xfffffff4][0xffffffd7]([0xffffffc9][0x12][0xfffffffc][0xffffff87]Q[0xffffffd2][0xfffffff6]g[0xffffff94][0xffffffc0][0xffffffd0][0xffffffff]U[0xffffffeb],[0xffffffe1][0xffffff9f][0xffffffa6]5[0xffffff8c][0xffffffc2][0xffffff9d][0xffffffa6]m[0xffffffaa][0xffffffff]Bk[0xffffffdf]?[0xffffffb5][0xffffff86][0xffffffb1][0xfffffffd]kF[0xffffffca][0x12][0xfffffffb][0xffffff89]Z[0xfffffffb][0xfffffffd]K[0xffffffeb][0xffffff98];Z[0x1b][0xfffffffe]<[0xffffffad]_[0xffffffff]5#[0xffffffdd][0xffffffe9][0xffffff85][0xffffffff]GZ[0xffffff8f][0xfffffffc][0xffffff98][0xffffff91]~o[0xffffff90][0xffffffff][0xffffffef][0xfffffffd][0x1a][0xffffffe6][0xfffffff0][0xffffff8e]_[0x7][0xffffffff][0x12][0xffffffad]a[0xffffffb1][0xffffffef]h][0xfffffff0][0xffffffd3][0xffffffb2]?,[0xffffffd7][0x1d][0xffffffbf].[0xfffffffa]i[0xffffffdf][0xffffffb4][0xffffffb0][0x1a]w[0xfffffffc][0xfffffffa][0x7f][0xffffffe9][0xffffffb4][0xffffffff][0xffffff9b]~[\r][0xffffffeb]vG[0xffffffeb][0x7f][0xffffff9b][0x1][0xfffffffd][0x1c][0xffffffad][0xffffffd3][0xffffffee]h[0xffffffbd][0xfffffffe][0xffffffd3][0xfffffffc][0x1a][0xffffffb6][0xfffffff1][0xffffff8e][0xffffffd6][0xffffffff][0xfffffff3][0xffffffb4][0xffffffe4][0xffffffbf][0xffffffd2]z[0xfffffff6][0xffffff8e][0xffffffd6][0xffffffff][0xffffffcb][0xffffffac][0xffffffe4]o[0xfffffffa]5[0xffffffec][0xffffffcd][0x1d][0xffffffaa][0xfffffff9][0x1f]X[0xffffffff]'h[\r]Gv[0xffffff87]j[0xfffffffe][0xffffff8d][0xffffffed][0xffffffff]k[0xffffffbf][0xffffff86][0x13][0xffffffb9]C5?[0xffffff8b][0xffffffe7]E[0x0]8[0xffffffa3][0xffffffbf][0xffffffe6][0xffffff90][0xffffffff];[0xffffffcf][0xffffffff][0x1f][0xfffffffd][0x1a].[0xffffffe0][0xffffffaf]~[0xfffffffd][0xffffff9f]1[0xfffffffb][0xffffffdf][0xffffffd7][0xfffffffa][0xffffffc5][0x1d][0xffffffad][0xffffffff]&[0xffffffb0][0xffffffff][\r][0xffffffbf][0xffffff86]{[0xfffffff7][0xffffff8b]h[0xffffffdd][0x17][0xffffff80][[0xfffffffb][0xffffffd1][0xffffffaf]][0xffffffff][0x1b]Z'V[0x14][0x12][0x1][0xffffff88][0xfffffff7][0xffffffe7]a:[0xffffffac][0xffffff8c])Q[0xffffffbb][0x7][0xffffffb4]s[0xffffffd2][0xffffffa9][0x1b][0xffffffe6][0xffffffb7][0xfffffff0][0xffffff8e][0xffffffdd][0xffffff9e]S<C2f[0xffffffc4][0xffffffa0]>~[0xffffffc2][0xffffff8b]L[[0xfffffffa]d8-[0xffffffd5][0xfffffff1]M[0xfffffff2][0xffffffbd]G[0xffffff8c][0xffffffcc][0xffffff98][0xffffff96][0xffffffbd][0xffffffb8][0xffffffef][0x1c]g[0xffffff96]{p[0x9][0xffffffc1]k[0xffffffae][0xffffff9f][0x1f][0x2][0x0][0x10][0xfffffff1][0xffffff9d][0x1c][0xffffffe1][0x11][0xffffffee][0xffffff90][0xffffffe3]O[0xffffffa3][0xfffffffd][0xffffffdf][0xffffffc8]Q[0xffffffe4]wrT[0x2][0xffffffe0][0x1f][0xfffffffc]8\[0xffffff92][0xffffffff][0x10][0xfffffff8][0xfffffff1][0xfffffff2][0xffffff82][0xffffffdf][0xffffff88][0xffffffc6][0x1][0x0][0xffffffa0][0xfffffff5]}[0xffffffc0][0xffffffe0][0xffffffe5][0xffffffef][0xc][0xffffffd8][0xffffffcf]B~[0x11][0x0][0xffffffde][0xfffffffa][0xe]8[0xfffffffe][0xffffffe7][0xffffffc8][0xffffffff]cp[0xffffffc0]G[0xffffffdf]ID?[\r][0xffffffd5][0xffffffff][0x12][0x1c][0xfffffff0][0x15]w[0xffffff82][0xffffffe3][0x1f]q[0xfffffffa]_[0xffffff82][0x3]~[0xfffffff8]N"[0xfffffffa]y[0xffffff90][0xe][0x7f]p'[0x11][0xfffffffd]3HG[0xffffffc0][0xfffffffa][0x7f][0x2][0xffffffe9][0x8][0x1c][0xffffffbf][0xc][0xffffffd2][0x11][0xffffffd4][0x7f][0x19][0xffffffa4]#[0xffffffb8][0xfffffffe]TH[0xffffffff]^[0xffffffb3][0xfffffff9]Q[0xffffffeb]_[0x3][0xffffffe9][0x8]o[0x7f][0x19][0xffffffa4]#[0xffffffcc][0xffffffdc][0xffffffd1][0xfffffffa][0xffffffe7]A:[0xffffffc2][0xffffffd5][0xffffffff][0xfffffff0][0xffffffbf]X[0xffffffff]{[0xffffffbf]F$[0xffffffbd]3![0xfffffffa]5[0xffffff90][0xffffff8e]([0xfffffffc][0xffffffcb] [0x1d][0xffffffd1][0xffffffe0][0xffffffce][0xffffff84][0xffffffe8][0xffffffe7]A:[0xffffffa2][0xffffffff][0xffffff9d][0x9][0xffffffd1]?[0xffffff83]t[0xffffffc4][0xfffffffc][0xffffffff]'[0xffffff90][0xffffff8e][0xffffffd8][0xfffffff5][0xffffffcb] [0x1d]q[0xfffffff5][0xffffff97]A:[0x12][0xfffffffc]O[0xffffff85]t$[0xffffffda];[0xffffffe0][0xfffffff8]k [0x1d]I[0xffffffee][0xffffff97]A:[0xffffff92][0xffffffd5]/*[0xffffffba]'[0x2]H[0xffffff91]?j[0x1d][0xfffffff1][0xffffffdf]@:[0xffffffb1][0xffffffc0][0x13][0xffffff99][0x13][0x11][0xffffffe2][0x1a]8[0xffffffb9][0xffffffcd]TCG[0xffffff8a][\r][0xffffff82][0xffffffaf]q[0xffffffa3]r3d[0xffffffeb]m [0xffffffef]l.F?[0xffffff81][0xffffff98][0xffffffc8][0xffffffe8]}EYv89[0xffffffe2][0xffffff9d] L[0x9][0x17]P[0x11][0x1a]*[0xffffffdf][0xffffff91]aX8[0xffffffec][0xfffffffb][0xffffffbd][0xffffffc6][0xfffffff7]([0x18][0xfffffff3][0xb]/6-E[0x19][0xffffffc6][0x11][0x1]b[0xffffff9d][\n]"
15:11:24.676 [main] DEBUG com.github.dockerjava.zerodep.shaded.org.apache.hc.client5.http.wire -- http-outgoing-3 << "![0xffffffe6]<[0xffffffec]<t[0x16][0xffffff84][\r][0xffffff9e]o[0xffffffb3][0xffffffd8][0xffffffec][0xffffffef]0[0xffffff89][0xfffffff4][0xffffffea][0xffffffc7][0xffffffbc][0xfffffff4][0xffffff9f][0x16][0xffffffeb][0xffffffff][0xffffff8f]093[0xfffffffa][0xffffffac][0xffffffa5][0xffffffce][0xffffffef]w[0xffffff98]T[0x0][0xffffff90][0xffffff86]~[0x11][0xfffffffb]+[0x3]H{?[0xffffffa6]&[0xffffffa9][0x7f][0xffffffca][0xfffffffe]U[0xffffffd4]:;[0x15]f[0xffffffbf]W8E[0x0]d[0xffffffcc];[0xffffff84][0xfffffff3][0xffffffcf][0xffffff8a][0xfffffff5][0xffffffc8][0xffffffec]w"[0xffffffe6][0xffffffd7][0x14][0xffffffeb][0xffffff91][0x1f][0xfffffffd][0xffffffb2]b=[0xfffffff2][0xffffffd3]_F[0xffffffee][0xffffffc8][0xffffffc9]?[0xffffff95][0xffffffdc][0xffffff91][0xffffffeb][0xffffffef]h[0xfffffffd]k[0xffffffc8][0x1d]y[0xfffffffa][0xffffff97][0xffffff91];[0xfffffff2][0xffffffe5]/+[0xffffffaf][0xffffffa3][0x10][0xffffffff][0xffffffd4][0xfffffff2]:[0xffffff8a][0xffffffd0][0x1d][0xffffffc2][0xfffffff9]5[0xffffffe4][0xffffff8e][0xffffffa2][0xffffffff][0xffffffcb][0xffffffc8][0x1d][0xffffffc5][0xfffffff7][0xe][0xffffffe1][0xfffffffc],rW[0x3]P[0xfffffff2]~[0xffffffcc]!r[0xffffffff][\r][0xffffffb9][0x13][0x8]9[0xffffff82]}y\[0xffffffed][0x5][0xffffffcb]K[0x1d]O[0xffffff87][0xffffff8d],[0xffffffc2]![0xffffffe7]!L[0xffffffdf]R[0xffffff93][0x1e]"[0x0]h[0x1]([0xffffff9d]?[0xffffffba][0xffffffba][0xffffffca]O[0xffffff84]y[0xffffffe6][0xffffff97][0x17][0xffffffec][0xffffffb9][0x0][0x0][0xffffff98][0xfffffffc]&[0xffffffd2][0xffffffca]/[0xffffffa3]yT[0xffffffb8]_D[0xfffffff3][0xfffffff2][0x0][0xffffffea][0xfffffffd][0x1f]}][0xffffffec][0xffffffbf][0xffffffa1]y[0xffffffa8][0xffffff9e][0xfffffffd][0xb][0xfffffff0]T[0xffffffde][0xffffffe6][0xffffffaa][0x18][0xffffffb6][0xffffffd7][0xffffffec][0xffffffb7]d[0xffffffa8][0xfffffffe][0xffffffdd][0xffffffed]Qe"
15:11:24.677 [main] DEBUG com.github.dockerjava.zerodep.shaded.org.apache.hc.client5.http.wire -- http-outgoing-3 << "[0xfffffffe][0xffffff9f]T[0xffffffdf]Q-[0x7f][0x19][0xffffffd8][0xffffffa3]F[0xfffffffc][0xffffffa2][0xffffffea][0xffffffbb][0x4][0xffffff80]Z[0xfffffff6][0xffffffa3][0xffffffec][0xfffffffc][0xffffffff][0x2]{[0xffffffb3][0xffffffdb][0xffffff9b],[0xffffff8c][0xffffffbf]%[0xffffffbb][0xffffff91][0x0]Y[0xffffffb0][0xffffffe4][0xffffffd0][0xffffffb7][0xffffffc8]T[0xfffffffe]M[0xffffffef][0xffffffc1];i[0xffffffe6][0xffffffd7][0xffffffc0]=[0xffffffea][0xffffffee]/[0xffffff83]{4[0xffffff8c];i[0xffffffe6]g[0xffffffc1][0xffffffbd][0xf][0xffffff80][0xffffffc6][0xfffffff6]c[0xffffff9a]y[0xfffffffa]/[0xffffffb8][0xffffffd7][0xffffffbf][0xffffffbd][0xffffff89]|[0xfffffffd][0xffffffb7][0xfffffff4][0xffffffb6][0x13][0x7f][0xffffff8e][0x0][0xfffffff7][0xffffffca]<[0xffffff9a]I[0xffffffbf]_[0xffffffb6][0xffffff9b][0xffffffb5][0x8][0xffffff96][0xffffffca]G[0xffffffa3][0xb][0xfffffffa][0xffffff91][0xffffffc1];[0xffffffd8][0x7][0xffffff92][0xffffff92]$[0xffffff9d][0x1b][0xffffffd5][0xffffff81][0xffffffcc]g[0xffffffeb]m[0xffffffef]C[0x4][0x16][0xfffffff0][0xfffffff2][0xffffffaa]i[0xfffffff7][0xfffffff1][0xffffffc3]x[0xffffffec][0xffffffde][0xffffffb5][0xfffffff1][0xffffff9c][0xffffff8a]M[0x9]1!q[0xffffffbc][0x13]y[0xffffff9d][0xfffffff9][0xffffff8a][0x15][0x0][0xffffff80]pD[0x0][0xffffffd0][0x6][0xffffffd0][0xffffffd4]~[0xc][0xffffff8d][0xffffff87]?qn[0xffffffc0][0xffffffd9]m[0xfffffffc]L[0x1e][0x7][0x0][0x0][0xffffffc8]o[0xffffff8a]:[0xffffffff][0xffffffa2][0xffffffd9][0xffffff81][0x12][0xffffff80][0xffffff96][0xfffffff4]cpH[0xfffffffe][0xffffffd3][0xffffffd9][0xffffffc1]k[0xffffffdc]r[0xffffffdd][0xffffff86][0xffffffdf]J[0xffffffa0][0xfffffff0][0xfffffffc][0x0]Z[0xffffffdd][0xf][0xffffffe1][0x1][0xffffffcf][0xfffffff6][0xffffffaf][0xfffffff9][0xffffff81][0xffffffd9]m[0xffffff8f][0xffffffe6] ,[0xffffffe7]u[0xffffff8e]k[0xffffff88][0xffffffd0]:[0xffffffb3]4[0xffffffb2][0x3]![0xffffffd2][0xffffff86][0xffffffdc][0x6]<G7S[0xffffffc9]B;[0xffffffcd][0xffffffba][0xffffffa9].b=.[0xffffffa5][0xffffff9a][0xffffff86][0xffffffba][\n]"
15:11:24.677 [main] DEBUG com.github.dockerjava.zerodep.shaded.org.apache.hc.client5.http.wire -- http-outgoing-3 << ".[0x1][0xffffffdc]V[0xffffffb7][0x8][0xffffffa1][0xffffff8f][0xffffffcf][0x18]'8[0xfffffffd][0x1c]$[0xffffffe6][0xffffffdc][0xffffff86][0xfffffff0][0xffffffe8][0xfffffff6][0x6][0xfffffffb][0x1d][0xc]%[0xfffffffa][0xffffffed][0xffffffed]n[0xffffffc9]c[0xfffffffc][0xffffff8d][0xffffffdb]H5*[0xffffffd9]![0xffffff93]v[0x13][0xffffffe5][0xffffff9c]?o[0x1b][0xffffffea][0xffffffc8][0xffffffb3][0x17][0xffffff80][0xffffff9e][\n]"
15:11:24.677 [main] DEBUG com.github.dockerjava.zerodep.shaded.org.apache.hc.client5.http.wire -- http-outgoing-3 << "[0x0]@[0xffffffb8][0xffffffca][0x0][0x14][0x1e][0xffffffcf][0xffffffeb][0x5][0x0][0xffffffe7][0xffffffb9][0x8][0xffffffa0]~[0xf][0xffffff80][0xffffffa2][0x19][0x6][0xffffffee])[0xffffff8a][0x0]e"[0x0]|[0x16][0x0][0xffffffd8][0xffffff89][0x0][0x8]_[0x1] [0x1d][0x0]0X[0x0]P [0x0][0xffffffd0][0xffffff80][0xffffffbf][0xffffffff][0x1d][0xffffffb0][0x17][0x0][0xfffffff0][0xffffffda][0x0][0x18]/[0x0]8[0x3][0x0][0xffffffba][0xffffffef][0xffffffdd]?[0xffffffa0]2[0x0]0[0xfffffff5][0x5][0xffffff88]}[0x1][0xffffffb8][0x1c][0x0]4[0x8][0x0]1[0xffffffbe][0x0][0xffffffbb][0x8][0xffffffb6][0xffffff81]l{[0xffffffc2][0xfffffff0]s6[0xffffffe5][0xffffffaa][0xffffffb5][0xffffffe0][[0xfffffff2][0xfffffffe][0xffffffc1][0xffffff9c][0xffffff86][0xffffffd7]F<d[0xffffff83][0xffffff9a][0xffffff88][0x18]0#K=[0xffffff9f]k[0x16]([0xffffffaf][0xffffffd5]e;[0xffffffd4][0xffffffc3][0xfffffffb][0x18][0xffffff85][0xb]v[0x1c][0xffffffa6]f[0xffffffe3][0x4]Q,[0xfffffffb]\[0x14][0xffffffc6][0xffffffe2][0xffffffc8];[0xffffff8a][0xfffffff9][0xffffffe3]_[0xffffffb9]3[0x17][0x15][0xffffffe3][0x6][0xffffff92]B[0xffffffe0][0xffffff9a]C[0xffffffba].g[0xfffffff3]\1y[0x6][0xffffffde],[0xffffffc8]6=u[0xffffffbc]q[0xffffffbb][0xffffff8e];[0xffffffb6][0x7f][0xffffffe6]%[0xffffffe2]K[0xffffff8d]5{[0xfffffff0][0xe]XY[0xffffffc8][0xffffff83][0xffffffc4][0xffffffcb][0xffffffcb]![0xffffffe8][0xffffffa2][0xffffff9f]6[0xffffffa8]g^[0xf]|[0x18][0xffffff92]j[0x13][0x1][0xffffff88][0xffffffac][0xfffffffd]:[0x0] [0xf][0x0][0xfffffff8][0xffffffdb][0x0]l[0x11][0x0]~[0x12][0xffffff80][0xffffffe6][0x0]@[0xfffffff7][0x0][0xffffffc0][0x18][0x0]h}[0xffffff81]{[0x6][0x0][0xffffff82][0xc][0x0][0xffffffad][0xfffffff2][0xffffffbd]U/[0x3][0x0]$[0xffffffda][0x0]R[0x11][0x0][0xffffffc5][0x0][0xffffff80]3[0x0][0xffffffa0]Y[0x0][0xffffffd0]K[0x0][0x18][0x3][0x0]K[0x0][0xffffffe0][0x4][0x0]B_[0x0]U[0x4][0xffffff80][0x7][0x7f];[0x1c][0xffffff8a][0x3][0xffffffca][0xfffffff3]I[0xffffff98]A[0xfffffff6][0xffffffb0][0xffffffdf][0xffffffdb][0xffffffeb][0xffffff97]u[0x5][0xffffff88]9[0xffffffa4]Up[0xffffffc1][0x11][0xffffffa6]5/[0xffffffa6][0xffffffaa]M[0x7][0xffffffd2][0xffffffb9][0xffffffac][0xffffffa7][0xffffffaa][0xffffffcd]|[0xffffffaa][0x2]>[0x7][0x1c]d>[0x1a][0x15][0x17][0xffffffaa]wC[0xffffffed]~[0xffffffce]Y[0xffffffc3][0xffffffe0]A[0x10][0xffffffd5][0x13]U[0xffffffe1][0xffffffab][0xffffff9f][0xffffff83]W[0x1f][0xffffff9c]~[0xffffffcb][0x4][0x1a]Eh[0xffffffc3][0xffffff97][0xfffffff5]h[0xffffffe6][0xffffffc6]`[0xffffffb7][0xffffff9c]0[0xffffff91][0xffffffe5][0xe][0xffffffbc]d[0xffffffec][0x1d]=E~L[0xffffffeb]p[0xffffffe4][0xffffffdd]P[0xffffffee][0xffffffe1][0xfffffff8][0xffffff84]/.[0xffffffde]}[0xe][0xffffffec][0xffffffe1][0xfffffffe][0xffffff91][0xffffffcb][0x13]O[0xffffff8e][0xffffff8f]=t[0xffffff9a][0xfffffffb][0xffffffe1][0xffffff87][0xffffffc1]G_)[0xffffffdb][0xffffffcc][0xffffff87][0xffffffb6]H[0x1d]n[0xffffffaa][0x7][0xffffff96][0xffffff90]m[0xffffff83]nZG:[0xffffff92][0xffffffc0][0xffffffa3][0xffffffc4]t[0xfffffff9]Cp[0xffffffe0][0x1b][0xfffffffa][0xfffffff4][0xffffffa5][0xffffff97]E[0xffffffb8][0xffffffb2][0xffffff8b]z[0xffffffeb][0xffffffe1]An[0x1b][0xffffff8f]y[0xffffffa9]qC[\n]"
15:11:24.677 [main] DEBUG com.github.dockerjava.zerodep.shaded.org.apache.hc.client5.http.wire -- http-outgoing-3 << "[0xffffffa4][0xffffff8f]Q[0xffffff9e][0xffffffd8]W[0x1][0xffffff84][0xffffffc7]E[0xffffffde]vV[0x14][0xffffff99]m[0xffffff8f][0xffffffdb][0xffffff88]*[0xffffffc3][0xffffffcc][\n]"
15:11:24.678 [main] DEBUG com.github.dockerjava.zerodep.shaded.org.apache.hc.client5.http.wire -- http-outgoing-3 << "[0xffffffd7]Fr[0xffffffa1]s[0x15][0xffffffb4][0xffffffb8]/NW[0xfffffff1][0xffffffc5][0xffffff88][0xf][0xffffffe6][0xffffffb1]e[0xffffffab][0xfffffffb][0xffffff89][0xffffffd8][0xffffffdf][0xffffffac][0xffffffd1][0xffffffa5] [0xfffffff5][0xffffffda][0x7][0xffffffcd]13[0xfffffff9][0x1b][0xffffffb6]E[0xffffffae]_[0xffffffe3]h[0xffffffaf][0xffffffa8][0xffffffdd][0x1f][0xffffff89][0xffffffa0][0xffffffe9]E[0xffffffd1][0xffffffdc]q$[0xe][0xffffffdf][0xffffffa3][0x6];[0xe]ay[0x14][0x15][0x12][0x1f][0x5][0xffffffa9]x[0x5][0xffffff85][0xf][0x1d]e[0xffffffc0]Td[0xffffffed],[0x14]v[0xffffffbd]~[0x16]"[0xffffffeb][0xffffffd6][0x1e][0x1c]Cx[0xffffffad][0xffffffb9]@[[0x6][0x13][0x1a][0xffffffb3][0xffffffed][0xffffff9f][0xffffffb5]^[0xffffffcf]6[0xffffffb3]LkU7[0xffffff8b]BM,"[0xffffffb9][0xffffffea][0xffffffa1][0x15][0xffffffa5][0xffffffb1][0xffffffa2][0xffffffa7]4g[0xfffffffa][0xffffff92][0xffffffa6]j.[0xffffffe9]bvb[0xffffffb7]U[0xffffffa8][0x9][0xffffffe1]m[0xffffffd0]d[0xffffffd4]Q[0xffffffea][0xffffffa4][0xffffff9f]>[0xffffffcb]m[0xffffff88][0x17][0xffffffc4]|4[0xffffffa6][0xffffff9c]i[[0xffffffaa]+[0xffffffd3][0xffffff8b][0xffffff88][0xffffff82]e[0xffffffa3][0xffffffb0]b]R)3[0xffffffaf][0xffffffef]x[0xffffffcc]W[0xffffff82]/[0xffffffdb][0xffffffd1][0x2][0xfffffff1][0xffffff9d]%,[0xffffffd7]([0xffffffde][0xfffffff1]v[0xffffff8f][0xffffffc7][0x15]${y[0xffffffcf]&[0xffffff93][0x2]7[0xfffffff0]3[0xffffffe3]}[0xb][0xffffffcd][0xffffffb2][0xffffff93][0xffffffad][0xf]>zO[0xffffffe8][0xffffffeb][0xfffffff7][0x1b][0xffffff8f][0xffffffb5]:rL[0xffffffba] '[0xfffffff8][0xfffffff9][0xffffffe6]a[0xffffff94]i[0xffffffab][0xffffff8d][0x6][0x1f][0xffffff94][0xffffff89]2[0xffffffc5]z)=n[0xffffff8a][0xffffff90][0x19][0xffffffb4][0x15][0xffffffd9]Q[0xffffffb6]q[0xe]E[0xffffffc5]Ml[0x16][0xffffffe7][0xffffffba][0xffffff9d]R[0xffffffb5]Z[0xffffffb1]h[0xffffffcf][0xffffffa1]C[0xffffff84]7[0xffffffea]O8-[0x1f]4:<71[0xffffffbd]7[0xffffffa5][0xfffffffa][0xffffffa6][0x10]F4[0xffffff8b]Y7[0xfffffffb]i[0x1e][0xffffff8c][0xffffffd6]t[0x7f]&[0xffffffd4][0xffffffd8][0xffffffa0]v[0xffffffb3][0xfffffffd]4[0xffffff98][0xffffffde][0xffffffbe][0xfffffff4]9[0xffffffa5][0xffffffeb]=+[0x11][0xffffffbe]g[0x13][0xffffff88]^j+[0xffffffbc]-[0xffffffb9]f[0xffffff84]x[0xffffff81]"7u[0xffffffc8]O3[0x6][0xffffffaa][0xffffffc6]"[0xffffffd3][0xffffff8e])[0x8]6[0xffffffb5]/i[0xffffffb9][0xffffffc5]*[0xfffffffd][0xffffffed][0x15][0xffffffaa][0xffffff8b][0xffffffa9]]nQ[0xffffffe8][0xffffffcf],TT5[0xffffffb0]i{[0x15][0xfffffffb][0xffffffa4], [0xffffffa1]$[0xffffffa0][0xffffffec][0xfffffffd][0x19][0xffffff8b]>[0xffffffe2][0xffffff9a]A[0xfffffffc][0xffffffa9](,[0xfffffff0][0xffffffb1]][0xffffff88][0x1e][0xffffffb4]I!B[0xffffffd1][0x3][0x1b][0xffffffcf]w[0xffffffbc]x[0xffffffc2][0xffffffdd][0xffffffdc]I[0xffffffc5][0x1a][0xffffffb3][0xffffffe5][0xc]{[0xffffffd4]h[0xffffffe8].[0xffffffa7][0x18][0xfffffff6]6[0xffffff8c]Q[0xc][0xffffffd3][0x1f]B[0x18]C%Z[0x3][0xffffffa3][0xffffffdf][0xffffff91]{[0xffffffe6]{e[0xffffffbc][0xfffffff8][0xffffff88]([0xffffffc0][0xffffffac]P[0xffffffa5]{i[0xffffffce]q[0xfffffff2][0xffffff91][0xffffff9a]|[0xffffffd3]_[0x1e][0xffffffea]x@[0xffffffd8][0xffffffee][0xffffff81][0xffffffa5][0xfffffff3]I[0xfffffff1][0xffffff96][0xffffffa8]Y[0x1f][0xffffffec][0xffffffdb]O[0xffffffc8]tE[0xffffff98]8[0xffffffa5][0xffffffaa][0x4]"[0xffffffeb][0x1b][0xfffffff7][0xffffff8a][0x18]52[0xffffff95][0x12]%*[0xffffffd4][0xffffff88][0xffffffb6])[0xffffff9e][0x2][0xffffffe5].c0[0xffffffd9][0xffffffef][0xffffff8f]:[0x7]m[0xffffffdc]r:uUD[0xffffff9b][0xffffffb6][0xfffffff6][0xffffffbd]z[0xffffff9f][0xe]b[0xfffffff9]8[0xffffffd9]][0xffffffb4]|E|[0xffffffc3][0xfffffffb][0xffffff8a][0x7]{3[0x12]}[0xffffff88][0xffffffc2]'Iz[0x19]Tc[0xfffffff3]V[0xffffffa0][0xffffff90][0x2][0x7][0xffffffce]4[0xffffffbb],[0xffffffa6][0xffffffef][0xb]a[0xffffffd5][0xffffffda]Qp[0xffffffdb]SQ[0xf][0xffffffab][0xffffffa0][0xf][0xffffffa6][0xffffffd3]([0xffffffe5]U[0xffffffd1][0xffffffdb][0xffffff98][0xffffff9f]Ck[0xffffffc8][0xe][0xffffff9a][0xffffff8b][0xffffffbc]B[0xffffffe0][0xffffffcb]LZj[0xffffff97]u[0xffffffb1][0xffffffa5]K[0xffffff83]`o[0xffffff89][0xffffff86][0xb][0x14]([0xffffffdd]CG[0xffffffe0][0xfffffff2][0xffffffb9][0xfffffff6][0xe]N?oLf[0xffffffc3][0xffffffd7][0xffffff91]tM[0x4]M[0xffffffdd]P[0xffffffa5][0xffffffee][0xffffffef][\r]v)![0xffffffc4][0xffffffc1]c[0xffffffec]`[0xffffffb9][0xffffffe5][0xffffff95][0x7f][0x1e][0xffffffdd][0x13][0xffffff88][0xffffff99][0xffffff88][0xffffffa9][0xffffffa4][0x1c][0xffffff85][0xffffffe4]Gc[0xffffff94][0xffffff9f][0xfffffff8]>f[0xffffffeb][0xffffffc3]yP[0xffffffdd][0xffffffb0]2:%Y[0xfffffffe][0xffffff90]_[0xffffffdc]m[0xffffff8b][0xffffffc6][0xffffffc2]C"3[0xffffff9b][0xffffffb5]2[0xffffffd5]n[0xffffffe0]}[0xffffffd3][0xffffffa3]=E&[0xffffffb2]u[0xffffffe1][0xffffffae]t[0xffffffd2]J[0x1c](.r1[0xfffffff5][0xffffffc1][0xffffffb0][0xffffff9b][0xffffff86][0xffffffd8][0x11][0xffffffe4][0x16][0xffffffeb][0xffffffc0][0xffffffa0]R[0xfffffffa][0x16][0xffffff89][0xffffff9c]4R[0xffffffda][0xffffffc1][0xfffffff9][0xffffffd9][0xffffff8d]Jaq[0xffffffd0][0xffffff86][0xffffffe4][0xfffffff3][0xffffffa4]d[0xffffff9f][0x10]C[0xffffffdc][0xffffffc5][0xffffffd1]B[0xffffff84][0xffffffbe]'l,[0x12][0xffffff81][0xffffffba]p[0xffffff82]$vFl[0xffffffbb][0xffffff99][0xffffffd3])[0xffffffb0][0xffffffa0]b[0xffffffe9][0xffffffad][0xffffffed][0xffffffc7][0xffffffd5][0xffffffef]Y[0xffffff8e][0x5]$s[0xffffffe5]W6@[0xffffffa9][0xffffffe4]=H[0xfffffff4]FY[0xffffffea][0xffffffda][0xffffffaf][0xffffff83]Q][0x17][0x1f][0xffffff87][0xffffffe0][0xe][0xffffffa7][0xffffffed][0xffffffb7][0xffffff9e][0xffffff95].S[0xffffff9c][0xffffff9d][0xfffffff6]~[0xffffffa5]H[0xffffff87][0xffffffdf]`T[0xffffffa1][0xffffffe4][0xffffffae][0xffffff9c][0xffffffd1]P[0xffffffc6]F&[0xffffff8a]I[0xf][0xfffffffa][0xfffffff4][0xffffffa9]h[0xffffffb5]a$[0xffffff8c][0xffffffd8][0xffffffa1][0xffffff8e][0xffffff98][0xffffff97]OB[0xfffffffc][0xffffff8a]4[0xffffffba]U[0xffffffc5]W[0xffffffba][0xffffff9d]Br6[0xffffffa1][0xffffffb1][0xffffff96]n[0xffffffbf][0xffffffcf][0x11][0x16]Y[0xffffff92][0x15]G9c[0xffffffd4][0x8][0x1f][0xfffffff2][0xffffff96][0xffffff8e][0xffffffc4][0xffffff8a]vWBK[0xffffffe3]6[0xffffffb6][0xffffffbe][0xffffff98][0xffffff8f][0xffffffc5][0xfffffff5][0x11][0xffffffe7][0xffffffa1]H>[0xffffffd6][0xffffffc0]kbM[0x4]d[0x1c][0x7]g[0x1d]n[0x13][0x19]:[0xffffffed][0xffffffcc][0xffffffa6][0xffffffcd]&[0xffffffbd][0xffffffc6]H[0xffffffb4][0xfffffffd]e[0x2]1[0xffffffe2][0xffffffb5][0xfffffffb]B+[0xfffffff8][0xffffffc7][0xfffffff1][0xffffffe1][0xffffffd5][0x8][0xfffffff6][0xffffffc7][0xffffff83]}'X[0xfffffff1]H[0xffffffb0][0xffffffd1][0xffffff9f]d[0xffffffd5]N[0xfffffff2]{H_YBqJ[0xffffffbe][0xffffffb2][0xffffff8b][)[0x7f][&)[0xffffff8f](/[0xffffffab][0x1c][0xffffffa0][0xffffffb3][0xffffffa4][0xffffffc1][0xffffffbf]d[0xffffffcb][0xffffffbc]O[0xffffffc7]M[\r][0xffffffef][0xffffffec]y[0xfffffffa][0xffffffc0]]-[0xffffffc5]S@[0xffffff88][0xffffffbd]Og[0xfffffff4][0xffffffe0]h[0xffffffc6][0xffffffa5][0xffffffcf][0xffffff97]rR[0xfffffffd]9hs[0x2][0xffffff8b][0xfffffffd][0xfffffff4][0xffffffdc][0xffffffc3][0xffffff86]h[0xffffffba][0xffffffe2]>[0xffffffdc][0xffffff97]}N[0xffffffae][0xfffffff7][F[0xc][0xffffffd8][0x3]F:}j[0xffffff80][0xffffffad][0x7][0xb]V[0xffffff9d][0xffffffae]=[0xffffffbd]mw[0xffffffa9][0xf][0xffffff8c]qr[0x1e][0xffffffda][0xffffff8a]@[0x17]4[0xffffffe5][0xffffffba]b[0xffffffd7]-OT[0xffffffad]Z[0xffffffbd][0xfffffffe]A[0xffffffa3][0xffffffc4]g[0xffffffbe][0xfffffff0]{6eC[0xffffffec]l5[0xffffff8b][0x7]n[0xfffffffa][0x2][0xffffffeb][0xffffffc6][0xfffffffd]g[0xffffffd2]m[0xffffffde]L#[0xffffff99]![0xffffffeb]:[0xffffffda][0xffffffe3]T[0xffffffa4][0xffffffeb]X[0xffffff8b]O[0xffffffb6]uv[0xffffffc5][0xffffff8c][0xffffff92][0xffffff94]E[0xffffffda][0xffffffa3]e[0xffffff8d][0xffffffc4][0xf]$[0xfffffff6][0xffffffb3]g][0x7][0xffffffaa][0xffffffc4][0x0][0xffffffd6]YaC[0xffffff83][0x5][0x1c][0xffffffd4][0xffffffa4][0xffffffc8][0xfffffffe][0xffffffc2]q:[0xffffffb1]$Y$[0xffffff9a][0xffffffd7][0xfffffffb]V[0xffffff89][0xfffffff4]$[0xfffffff6][0xfffffff7][0xffffffa5]>U~[0xffffffca][0x1b]ad[0xffffff8b]H[0x7]Y[0xfffffff3][0xfffffffa][0xffffffd0]Ny5[0xffffff89][0x1e]Y[0xc]$?[0xffffffb4]|^<[0xffffffa4][0xfffffff3][0xffffffe9][0xffffffc5][0xffffffb5][0xffffffa1]+[0xffffff96][0xffffffc8];w[0x9][0xffffffe0][0xffffffd6][0xffffffb1],[0xffffffeb]2[0xffffff8c][0xffffffae][0xfffffff9][0xffffffb1][0xffffffbe]A[0x7]$[0xffffffca]g[0xffffffbb][0xffffffa5][0xffffffd3][0x7][0xffffffc9][[0xffffffd6][0x17][0x0][0xffffffe0][0xffffffa5]~C[0xffffff8d][0xffffffc9];[0xffffffa8][0xfffffff1][[0x19][0xffffffeb][0xffffffa8]P[0xffffffb6][0xffffffbb][0xffffffe9][0xffffffb7][0xffffffef]<[0x10])[0xffffffce][0xffffffbe][0xffffffc0][0x1b][0xffffffcd][0x11]_PM][0xffffffdd][0xffffffb3][0xffffff89][0xffffffc6][0xffffffa2]mA[0xffffffe2][0xffffffe4]fY[0xfffffff1][0xfffffffb][0xffffff8c][0xffffff83][0xffffff97][0xffffff84][0xffffffb3][0xffffffd0]G[0x0][0xffffffd4][0x9][T[0xffffffbe][0x10]T[0xffffff92]([0x1a][0xffffff9f]<v-[0xffffff82][0xffffffe2][0x1f][0xffffffaf]K%z[0xffffffbe]W[0xffffffee][0xfffffffe]/[0xffffffd4][0xffffffb8][0xfffffff8]EU,[0x1e][0x0][0xffffff9d][0xffffffe8]G[0xffffffd4]`[0xfffffffe][0xffffffad][0xffffff8a]u(k[0xffffff83][0xfffffffb]o/n[0xfffffffd][0xfffffff7][0x15]6[0xfffffff1][0xffffffdb][0xffffffdd] [0x2][0xffffff80][0x15][0xffffff80].[0xfffffff0]#s[0x1b][0xfffffffd][0xffffffab]\[0xfffffff5][0xffffffbf]1[0xffffffe0][0x3][0xffffffcd]+[0x11][0xffffff9a][0x16][0xffffff9f][0x11][0xffffffe5][0x4][0x11][0xffffffe1][0xfffffff7]hw[0xfffffff6]B;v[0xffffff99][0xffffffe0] 9@[0x12][0x17][0x1e][0xffffffbd][0xffffffb8][0xffffff9e][0xffffffff][0xffffffd4][0xffffffc6][0xffffffe8][0xffffffeb],[0xffffffe5]Ay[0xffffffd8]1r[0xffffffd6][0xffffffaf][0x19]>[0x11][0xffffffa8][0xffffffce][0xffffffcf][0xffffffae][0xfffffff3][0xffffff8d]4[0x11][0x1]@[0x18]@[0xffffffd7][0xfffffffb][0x11][0xffffffcd][0xffffffb9][0xfffffffe][0xffffffbd][0xffffffb2][0xfffffff5][0xffffffe7][0xffffff8a]P[0xfffffff6]2[0xffffffd4]~[0xfffffff4][0xffffffce]KcKX&[0x1a][0xffffff86][0xffffff9f][0x7f][0xffffff9b][0x1e][0x7f][0x7f][0xffffffef]'[0xffffffba][0xffffffcf][0xffffff8f]J[0xffffffb3][0xffffffdc]-`[0xfffffffd][0xffffffb9][0xffffff82][0xffffff84]d[0xffffffa4][0xffffffee](du[0xffffffaa].[0xfffffffa][0xffffffe7]{?[0xffffffd1]s~[0xffffffc4]m[0xffffffa6][0xffffffbb][0xffffffd5][0xffffffaa][0x1f][0xffffffec]4[0xc][0xffffffde][0xffffffb1]CG[0xfffffffe][0xffffffdb][0x1b];[0xffffffb1]D[0x1][0xfffffff4][0xffffff8e][0x1f][0xffffffc8][0x1a][0xffffff8b][0xffffffe7][0xffffffcf][0xffffffc2][0x14][0xffffffe2]m[0xffffffac][0xffffffe8] QH[0xffffffdd][0xffffff9a][0xfffffff3][0xffffffd7][0x18][0xffffff99][0xe]H[0x9][0xfffffffd][0x8][0xffffffb4][0xffffffea][0xffffff8d][0xffffffd1]'}[0xffffffae]5[0xffffff8b][0xffffffa3][0xffffffd6][0xfffffff3][0xffffff8b][0xffffffee][0xffffffb9]n&[0x13]sU[0xffffffa1][0xffffff90]f[0xffffffcb][0xffffffc3]6:[0xffffff93][0xffffffc4][0xffffff8f][0xffffffd6][0xffffff93][0x4][0xffffffc6]A[0x19][0xfffffffd]}o[0x12][0xffffffe7][0xffffffba]8UB[0x5][0xb][0xffffffb9]&_ [0xffffff95][0xffffffd7][0xffffffca][0xffffffeb]y~T[0xffffffcc][0xc][0xffffffe2][0xffffffa2][0x1e]8[0xffffffcd][0xffffffce]l[0xffffff82]%[0xffffffb8]~9[0xffffffd5][0xffffff89][0xffffffcf][0x14][0x1c][0xffffff90][0xffffffe9][0xffffffe6][0x5];P([0x1f][0xfffffff8][0xffffffe2][0x13][0xffffff88][0xffffffca][0xffffffe7][0xffffffc1]X[0xfffffff9]U'[0xffffffce][0x5][0xffffffaa]'[0xffffffeb][0x17]'[0x16][0xe]_[0xffffff9b][0xffffff99]x[0xffffffd0][0xffffff98][0xffffffc1] [0xffffffb4][0xb]f[0xffffffc7]S:{[0xffffff8f]$N[0xffffffd5]^N2[0xffffffcc]|P[0xfffffff3]N[0xffffff87][0xf][0xffffffc1]ChL[0x11]I[0xfffffff3]w[0xffffffef][0x19][0xffffffdf][0x4][0xffffffc0][0xffffffcb]$[0xffffff85]{[0xfffffff5][0xffffffe8]Q[0xffffffb6][0xffffff80][0xffffffbe][0xffffffa4]c0[0xffffffaf]fI[0xffffff96]W{g'[0xffffff8f][0xffffffc4][0xffffffb9][0xfffffff6]pk(ei5[0xffffffe2][0xffffff85]c[0xffffffed][0xffffff9b][0xffffffa9]0[0xffffffee][0xffffffae][0xffffffda]_[0x7f]t[0xffffffe2]z@[~[0xfffffffd])[0xffffff92]z[0xffffffe8][0xffffffd1]![0xffffffe3][0xffffffe9][0xffffffaa].8[0xffffff85]:[\r]q[0xffffffc9]O[0xffffff81][0xffffff8f]L[0xffffff8c]9h[0xfffffffa][0x1c][0x1d][0xb][0xffffffa1]w[0xffffffd4]UG#o[0xffffffc7]MG[0xfffffffa]`[0xffffffa7]<[0xffffff8a][0xffffffde][0xf]I[0xffffff88][0xffffffb8][0xffffff88][0xffffff8f][0x0]Q[0xffffff96][0x1d]v [0xffffffef][0xffffffc4]R_o'k[0x7f][0xffffffa6][0x7];[0xffffffdc][0xffffffa7]U[0xffffffcd][0xffffff93][0x5]I[0xffffffe8])[0xffffffcc]k[0xffffffd4][0xfffffff8][0x3]T[0xffffff99][0x1a][0xffffff8a][0xffffffea][0xffffffd3][0xfffffff0][0xffffffb3][0xffffff89][0xffffffd8][0x13]S[0xfffffff7][0xffffff84][0xffffffe1][0xffffffe4]x[0xffffffdb][0xffffffe2][0xfffffff1]<[0xffffffd8][0x5][l[0xf]~[0xffffff94][0xffffffdd]w[0x12][0xffffffab][0xffffffc8][0xffffff88][0xffffffaf][0xffffffdf]-[0xffffff9b][0xffffffac][0xffffff8e][0xfffffff1][0xffffffab][0xffffff9e]dn6+[0xffffffd2][0xffffffeb][0x11][0xffffffa3][0xffffffa7]/[0xffffffb4][0xffffffa0][0xffffffef][0xffffffc9][0xfffffff6][0xffffffc6]"f[0x8]:[0xffffffbe][0xffffffd8]:[0xffffff90][0x16][0xfffffffd][0xffffffc4][0xffffffd7][0xffffffc4]s1h[0xffffffb3][0xffffffba]ZK[0x5][0xffffff8b]'[0xfffffffd].[0xffffffa9]}[0xffffffcb]G[0xc]6\[0xffffffd9][0xffffffba][0xffffff8a]z[0xffffffc2][0xffffffba][0xffffffe1][0xffffffbd]e[0xffffffb5][0xffffffd5]F[0xffffff89]Nj[0x15][0xffffffef][0xffffff88]F[0x1b]Y/[0xffffff82]]y[0xffffffac][0xffffffde][0xffffff97][0xffffffd6][0x12][0xffffffa6]V[0xffffffa2]/[0xffffff8d]|[0xffffffb0]F[0x5][0xffffffe5][0xffffff97][0xffffffbd]3[0x17][0xffffffef]{[0xffffffd1][0x2]=[0x11][0xffffff88][0xffffffd9][0x1d][0xffffffe9]'[0xffffff97]ejQ[0xffffffb4][0x6][0xffffff9c]v[0x13][0xffffff89][0xffffffe1][0xffffffc5][0x19][0xffffff86][0xffffffec]rZW[0xffffffba]d[0xfffffff2]|[0xffffffc8][0xffffffb2][0x1a][0x2][0xffffff94][0xffffffaf][0x6][0xffffffa9]X[0xffffff8c][0xffffffe3][0xffffffa6][\n]"
15:11:24.691 [main] DEBUG com.github.dockerjava.zerodep.shaded.org.apache.hc.client5.http.wire -- http-outgoing-3 << "[0x10]=[0xffffffa7][0xffffffd1]Vujr[0xffffffde][0xffffff80][0xffffffde][0x8][0xfffffff0][0xc]e[0x4][0xffffffac][0xffffffd7][0xffffffab][0xffffffad][0xffffffcb]^[0xffffff80]09[0xffffff9c][0x5][0xffffffe5][0xffffffac]}[0xffffff89][0x11][0x14]gU"[0xffffffae][0x19][0xfffffff3]r[0xffffffa5]]V[0xfffffff2][0x1e][0xffffffa5][0xffffffbe];C[0x7f][0xffffffc0][0xfffffffc][0x6]is[0xffffffa6][0xffffff90][0xffffffb9][0xffffffab][0xffffffff][0xffffff89]L:[0x10][0xffffff94]$[0xffffffdd][0xffffffd3][0x17]=uq1w[0xffffffa5][0xffffff8b][0xffffff8e].[0xffffffd1][0xfffffff2]l[0xffffffbf][0xffffffba][0xffffffc3][0xf][0x1c][0xffffffea][0xfffffff3][0x8][0xffffffcd][0xffffffbf]2MqA[0xfffffff3]~[0xffffff9d][0xffffff81][0xffffffba][0x18][0xffffffbb][0x8]'M[0xffffffa4][0xffffffb8].FMu[0xffffffcc]CG[0xffffff80][0xffffffba][0xffffff8e][0x10]NFgpm[0xffffffe7]B[0xffffff93]MI>[0xffffffc5][0xfffffffd][0x13][0xffffffeb][0xffffff95][0x11]^[0xffffffe5][0xffffffcc]l[0xffffff9b][0xffffffe7][0x1b][0x16][0x16]ja[0xffffffaf]W[0x6][0x1f][0xffffffe9]Q[0x15]`[0x14]?d.[0xffffff91][0xffffffea]J[0xffffffef][0xffffffd7][0xffffffc6][0xffffffc5]B[0xffffffb8][0xfffffff1]7P[0xfffffff2][0x1c]a[0xffffffa1][0xfffffffa][0x15][0xffffff99]oQ[0xffffff84][0x1e]*g[0xffffffbf][0xffffffcd][0xe][0xffffff8a][0xffffffb0][0xffffffbb]PiP}[0xffffffa8][0x15][0xffffffb5]Vw`|V[0xffffffa7][0xffffffdf]k$[0xffffffb9][0xffffff91]1[0x15][0xfffffff6]Xi[0x1e][0xffffffdf][0x9]k[0x10]!(5[0xffffffaf][0xffffff92]fMFa[0xffffffe3]M[0xffffffb9]/)[0xffffffbe]ue[0xfffffffe]y[0xffffffab][0xffffffd1][0xffffffc3][0xffffffd1]g[0xffffffbc][0xffffffb2][0xffffffba][0xffffffd0][0xffffffc1][0xfffffff0]S F[0xffffffff][0xffffffcc][0xffffff91][0xffffffe7]Z)B=[0xffffffc4][0xffffffd6][0xffffffa5][0xffffffaa][0x5][0xffffff9e][0xffffff9f][0xffffffef][0x15]x[0x18][0xffffff8d]q[0xfffffff7][0xffffffa1]9[0xfffffff3][f[0xe][0x6][0x1c][0xffffffd0][0xffffff8c][0xffffffcf][0xffffffa7].j[0xffffffd3][0xffffffb1][0xffffff85][0xffffffe3]p{[0x7][0xffffffa1][0xfffffffc][0x11]'h[0xffffffed][[0xffffffd1][0xfffffffe][0xfffffffe]^[0xfffffffd][0xffffffac][0xffffffb6][0xfffffff1]#o[0xffffffbe][0xffffffbe][0xffffffbb][0xffffffce][0xffffffda][0xfffffff3]X9[0xffffff8c][0xffffff9b]g[0xffffff93]#4[0xffffff9a]x[0x0]!u^[0xffffff97][0xffffffaf]W[0xffffffdb]/[0xffffffa0][0xffffffea]oJ[0xffffff9b]L[0xffffffb6][0xffffffa4][0xfffffff0]M[0xffffffbf]WP[0xffffffc7]hz[0xffffff93][0xffffffeb].8h*[0xffffffde][0xffffffc7][0xffffffcb][0xffffffb8]P^[0xffffffd5][0xffffffc8]{`[0x15]IH[0xffffffac]I=[0xfffffffd][0xffffff95]V[0xffffffe5],[0xffffffa0][0xffffffc4]^[0xffffff96][0xfffffff9]X<[0xe]C[0xffffff9c][0xffffffe7][0xffffffe5][0xffffffc6][0xffffff9b][0xffffff8e])&9[0x12][0xffffff99][0x17][0xffffffbc]g[0xffffffa3][0xffffffd9][0x9][0x8][0x1f][0xffffffd9]0[0xffffffe1][0x14]?[0x1c]'[0xffffff90][0xffffffea][0x7][0xffffff99][0x1e]G[0xffffffba]/[0xffffffce]][0xfffffff0][0xffffffee][0xffffffa7][0xffffffb6]+][0xffffff98][0xffffffee]k[0xffffffca]1[0xffffff95][0xffffffd3][0xffffffb8][0xffffffbd][0xffffffc4][0xffffffcf][0x10][0xffffff99]F4[0x15]t4[0xffffffd2][0xffffffa8]2!}t[0xffffffd8][0xffffffab][0xffffff85]up[0xfffffff8]x[0xe][0xffffff8d][0xffffffb3]/[0xfffffff4]l[0xffffff89][0xffffff87][0xffffffac]@[0xffffff87][0xffffffc8]][0xffffffe6][0xfffffff6]Lk[0xffffff8a][0xffffffb5]p[0xfffffff1]K9W~a[0x6][0xffffffaa][0xffffff84][0xffffffe8]'[0xffffffdf]ZR[0xffffff94][0xffffff9e][0xfffffff9][0xfffffff2][0x18]s[\r][0xffffffdb][0xfffffff7][0xffffffb1];[0xffffffa3][0xffffffee][0x1a]O9z7,[0xffffffdb]^^[0xffffffed][0xffffffc8]Rx([0xffffffc5][0xffffff8b][0x5][0x1c][0xffffffe2]N[0xffffffa0]y[0xffffffe5]zC[0xffffffa1]y[0xffffffc8][0x8][0xb]p[0x1c][0xffffffdd][0xffffffe8]3`[0xffffffbc]+O2[0xffffffe6][0xffffff9f]?I[0xffffffe9][0xffffffff][0x1c][0xffffffa0][0xffffffbe][0xffffffc1][0xffffff81]w[0xffffff91][0xffffffdd][0xffffffd9][0xffffffbd][0xfffffff8]0)[0x7f][0xffffffd1][0xffffff96])[0xffffffc4][0xffffff8b][0xffffff8f][0xffffffee][0xffffff99][\r][0xffffff9d]:[\r][0xffffffcf][0xffffffc2]pt[0xffffffde][0xffffff99]8[0xffffffd1][0xffffff81][0xffffff83][0x13][0x16]L8D[0xffffffd3][0xffffffc3][0xe][0xffffffe6]e[0xffffffc8][0xffffff88]"[0xffffffc6]k[0xffffffa4]Y[0xffffffe8]D[0xffffffa8][0xffffffed][0xffffffc7]k[0xffffffbb][0xffffffde]T{[0xfffffffd][0x6][0xffffffac][0xffffff8a]V[0x9]6[0xffffff99][0xffffff8d][0xffffffb8]7[0xffffff8d].[0xffffffad]K+/s[0xffffffc3]^[0xfffffff7]-[0x1e] [0xffffffa1]M[0xffffffc7][0xffffffeb]s][0xffffffe4][0x12][0xfffffff8][0xfffffff8]*7"[0xffffffb5][0xffffffd0][0xffffff99][0xffffff85][0xffffff87]d[0xffffffa8]E[0xffffffe8]/[0xffffff9e]A!:[0xffffffc6][0xffffffe5][0xffffffcb][0xffffffe7][0xffffffa9][0xffffff8d][0xffffffd7] `8L[0x1b][0xffffffca][0xb]Xdm[0xffffffa0][0x16][0xffffff8d][0xffffffd2] `[0xffffffc6][0xffffffaf]JD[jg@ [0xfffffffc]T[0xffffff82][0xfffffff3][0xffffffe9][0xffffffab][0xffffff8a][0xffffffb6];[0xffffffed][0xffffffe4][0xffffffc1][0xffffffd8][0xffffff85],[0xffffffbd][0xffffffde][[0xffffffa7]:[0xfffffffb]![0xffffffd6][0xffffffec]P[0x14][0x1a][0xffffffb7]p[0xffffffd3]b[0xffffffe9]|.W[0xffffffcf]0YCt[0xffffffd7][0xffffffda][0x1b][0x13]=[0xffffff98][0xffffff8b]q[0xfffffff7][0xffffffb8][0xf][0xffffffe6][0xffffff81][0xffffffab][0xffffff9b][0xffffffd2]+[0xffffffda][0xffffffb8][0xe]j[0xffffffde][0x1d]}[0xffffffaf][0xfffffff1]`[0x2][0xffffffcb]E[0xfffffffc]2[0xfffffffb]w9qJ[0xffffffab][0xffffffd8][0x6]2-[0xfffffff9]4o[0xffffffd3][0xffffff8e][0xffffffd1][0xffffffc4][0xffffffb0]2[0xffffff96][0xffffffe3]oC[0x6][0xffffffda][0xffffffed][0xffffffde][0xffffffb8][0xffffffba]VV[0xffffffbc][0xffffffcb]f0[0xffffff9d][0xfffffff1]"n[0xe]B[0xffffff9b][0xffffffc7][0xffffff8f][0xffffff96]I[0xffffffb4][0xffffffea][0xffffffa4][0xffffffa8]#d[0xffffffe3]/[0xffffff91][0xffffffb4][0xb]~[0xfffffff1])u[0xc][0xffffffdb]K?d[0xffffffb7][0xffffffad][0x17][0xffffff81][0xffffff82]~[0x16][0xffffffd5][0xffffffbb][0xffffffa5][0xffffffca][0xffffffb9]j[0xffffff81][0xffffffa4][0xf][0xffffffde],Y7%[0xffffffdb][0xffffffeb][0x14][0x1e][0xffffffee][0xffffffa2][0xffffffa8][0xfffffffa][0x18]$9[0xfffffffe]x"[0xe]#[0xffffffd9][0xffffff9f][0x14][0xffffffa9]H[0xffffff8f][0xffffffbe][0xffffff97][0xffffffee][0xffffffb5][0xffffffdc]y[0xffffff81]Zc;[0xffffffb6][0xffffff88][0xffffff82][0x6][0xffffff94]NLs[0xffffff87][0xffffff81][0xffffff8d][0xb][0xffffffaa]Z[0xffffff9f][0x1c][0xffffffcb][0xffffffa1][0xfffffff8][[0xffffffc3]"[0xfffffffb]E'[0xffffffec]![0xffffffc7]>[0x1][0xffffff8f][0xfffffff0]N[0xffffffd4]N[0xffffff92][0xffffff85]F[0x17]f[\n]"
15:11:24.692 [main] DEBUG com.github.dockerjava.zerodep.shaded.org.apache.hc.client5.http.wire -- http-outgoing-3 << "[0xffffffd1][0xffffff9a][0xffffffa5]=[0x19][0xffffffac][0x1c][0xffffffc2]I[0xffffffb1][0xffffffb8]\[0xffffffb4][0xffffff96]TqO[0xffffffbd]l[0xffffff96][0xffffffa9][0xffffffdd][0xffffff81]+_[0xffffffa7][0xffffffbc][0xffffff8a]k[0xffffff8c][0xffffffee]-[0xffffffe3][0xffffffac][0xffffffee][0xffffff97]b[0xb]CA[0x1]S>[0xffffffe9][0x16][0xffffff83][0xffffff8e]5W[0xffffff97][0xffffffb0][0xffffffad][0xffffff94][0xffffffa2]O)[0xffffff84]{R[0xffffffbc][0xffffffbc][0xffffff8b][0xffffffd9][0xffffffab][0xfffffffd][0xffffffaf][0xffffffb6][0xffffffea][0xffffffd4][0xffffffe3][0xffffffbe]V[0xffffffce][0xffffffd6][0xffffffea][0xffffffac]f[[0xffffffdf]b[0xffffffb5]D[0x17])[0xffffffbf]-\[0xffffffd4][0x0]F[0x3]1[0xfffffff8]UN[0xfffffffc]^[0xffffffec][0xffffff92][0xffffff9f]-&[0xffffffca][0xffffffab][0xffffffc3][0xffffffdb]U5[0xfffffff9][0xffffffa6]n[0xffffff8e]a[0xffffffd0]0k[0xffffffc7][0xffffffee]H[0xffffffa8][0xffffffe7][0xffffffed]w[0xffffff93][0xffffffbe]eo[0xffffffbd][0xffffff91][0x4]=c30[0xffffffa7][0x17][0xffffffce][0xffffff9d]dA[0xffffffe9]*.[0xffffffb0].@[0xfffffffd][0xffffffb0])[0xffffffbe]a[0x7][0xffffffd6][0xffffffa5]|TZ[0xffffffc4]C[0xfffffffc][0xffffffe5][0xc][0xffffffea][0xffffff99]J[0xffffffa4]/[0xffffffcc]^[0xffffffae]w[0xffffff9a][0x14][0x11][0xffffffcd][0xffffffc9][0xffffff9e]uE/[0x1b][0xffffffc6][0x7][0xffffffb5][0xffffffdb][0xffffff84][0xf][0x7]ZB_/%[0xfffffffc]-[0xffffffa9][0xffffff9d]Kh.[0xffffffe7][0x7][0xffffffe2]^[0x7f][0xffffffea]=[0x1a][0xffffffd3][0xffffffe6]@[0xffffffa5][0xffffffd8][0xffffffc2][0xffffff87][\r][0x8][0xffffffe4][0xffffffe6][0xffffffda](,y[0xffffff91][0xffffffdd],"[0xffffffdc]{[0xffffffc2][0xffffffcd][0xffffffb8][0xffffff92]+^\[\n]"
15:11:24.693 [main] DEBUG com.github.dockerjava.zerodep.shaded.org.apache.hc.client5.http.wire -- http-outgoing-3 << "[0xfffffff6]&[0xffffffc3]"SagB[0xffffffb5][0xffffffab]4H[0xf]=[0xffffffca][0xffffffef]%[0x17]8[0xffffffe5]lp]5[0xffffffb1][0x15][0x19][0xffffffa0]E5Ci[0xffffffc1][0xffffffd0][0xffffffea][0xffffffad]}[0xffffffc3][0xffffffbf][0xffffff98][0xffffffac][0xffffffd8][0xffffff93]x[0xffffffec]l[0xffffff88]v[0xffffffb4]$[0xffffffcf][0xffffffb1][0xffffffeb][0xffffffe4][0xffffffc6]x[0xffffffb8][0xfffffff8][0xfffffff8],\[0x14][0xffffff94][0xffffff90][0xffffffd2][0xffffff9b][0xffffffd4][0xffffffd8]3[0xffffffd1] h[0xffffffce]E1NR[0xfffffffe][0xffffff9a][0xffffffaa]M[0xffffff83][0xffffffb6].[0x8][0xffffff8b][0x7]f[0x11]m[0xffffffd7]bWfA[0xffffffab][0xffffffd5][0xffffff98]slF[0xffffffd8][0xfffffff0]D[0xffffffc4][0xfffffffc][0xffffffbc]j-[0xffffffd1][0xffffffa8][0xffffffb3][0xffffffa4][0xfffffff2][0xffffffc3]i[0xffffffa8]F[0xffffffc2]"!"w,f-]{M[0xffffffb4]@[0xffffff87][0xffffffa8][0x19]|B[0x2][0xffffffb6][0xffffff94][0xffffffe7]iC[0xfffffffc][0xfffffff2][0xffffffdb][0xffffffc1][0xfffffff3][0xffffffc5]-z[0xffffffb6][0xffffffea]'[0xf][0xffffff8b][0xffffff8c][0xffffffac][0xffffff8b][0xffffff99][0xfffffff9]w,[0xffffffe8][0xffffffdc][0xffffffda][0xffffffa5]E[0xffffffb4][0xffffffdf][\r][0xffffff8f][0xffffffb6][0xffffffdb]>K[0xffffffd0]>[0xffffffce][0xffffff8d][0xffffffdf][0xffffffa7][0x6][0xffffffbf][0xffffff91][0xffffffda]![0xfffffff6][0xffffff92][0xffffff8a][0xffffffe2]<[0xffffffe6]x[0x1c][0x6][0xffffffe5][0xffffff9a]f[0xfffffff9]@[0xfffffff8][0xffffffba][0xffffff95][0xffffffbf]_[0xffffff80][0xffffffcd][0xffffffbd]<[0xffffff9d]$~1[0xffffffd4][0xffffff87]X[0xffffffb7]4[0xffffff9d][0xffffff83][0xffffff93]M[0xffffffc6][0xffffffaf][0xfffffff0][0xffffff8c]N[0xffffffb9][0xffffff94][0xffffffea][0x4][0xffffff87]6[0xfffffff1][0xfffffffb][0x17][0xffffffb1][0xffffffd7][0xffffff8e][0xffffffed][0xffffffb8]dm[0xffffff98][0xffffffe6][0xffffff99]tt[0xffffffca][0xfffffff9]M[0xffffff91][0xffffffe7][0xffffffe7][0xffffffe1][0xffffffba][0xffffffa3]2[0xffffffb2]`[0xf][0xfffffff1][0xffffffd8][0xffffffe0][0xffffffaa]![0xffffff93][0xffffffae]T[0x16][0xfffffffc][0xffffffcc]4h[0xffffffdd]Z[0xffffffe4][0xffffffe7][0xffffffea][0xffffffad]og[0xffffff9a]cD>F[0xffffffbd]}[0xffffffca].[0xffffff8a]C>[0xffffff9d][0xffffffaf][0x1a]n[0x1d][0xffffffab][0x19][0x1c]}[0xffffffcc]d[0xffffffb3]x[0xffffffd2][0x1a][0xfffffffb]Y&[0xffffffaf][0xffffffb1][0xffffffa2]P[0xffffff9f]Y[0xffffffa2][0xffffff8f][0xffffffb6][0xffffffd7][0x1a]m[0xffffff86];[0xffffffb4]-[0xffffffbe][0xffffffea][0xffffffda]-=[0x11][0xffffffa9]tAO[0xffffffba][0xfffffffb][0xfffffff6]i4[0xffffffd5]PN[0xffffffe1];aT[0xffffffdf][0xffffff87][0xffffff91][0xfffffff5][0x0],[0x7f][0x1d]tY[0xffffffed]Su[0xffffffb9][0xffffff9e][0xffffffec][0xffffffd1]]&[0xffffffae][0xffffff93][0x17][0xffffffde][0xffffffb5][0xffffffd0][0xffffffea][0xffffffd7][0xffffffe7][0x1c][0xffffffe6][0x13][0x11][0xffffffb0][0xffffff9f][0xffffffb5]Wv[0xfffffffd]6[0xffffffe8][0x3][0x6][0xffffffab][0xffffffd2][0x1d]Q5[0xffffffa1]%[0xffffff8f][0xffffff8f]^P[0x1c]z[0x11]=[0x14]h[0xffffffdd]$[0xffffffd7][0xffffffa6]W[0xffffff80][0x1b][0xffffffa1][0x1f][0xffffffca]@[0xffffffa5][0xffffffe9][0xffffffcc][0xffffffc5]G[0xfffffffc][0xffffffb8][0xfffffffe]^[0x4][0xffffffd7][0xffffff9c][0xffffffcd][0xffffffd4][0xffffffde].[0xffffffc4]6[0xffffffa6]~[0xffffff88][0xffffffc6] [0xffffffd3][0x9][0xffffffe5][0xffffff98]p[0xffffffa0][0xffffffa4][0xffffff8a][0xfffffffc][0xffffff8a]S[0xffffffdd][0xffffff82]vx[0xffffffa4][0xffffff96][0xc][0xffffffe4] [0xc]<[0xfffffff3][0xffffff9d][0xffffffb7]-z[0x15]jn[0xffffffe2]ru[0xffffff8f][0xffffffe4]1[0xffffffbd][0xfffffffc]n[0xffffffc7]V[0xffffffb4][0xfffffff8]q9[0xffffff86][0xffffffdf][0xffffffec][[0xffffff8c][0xffffffee]GZ[0xffffffda]/'^[0xffffffb5]\c[0xffffffa9]CY[0xffffffb2][0xffffffa7][0xffffffbf][0xffffff85]{6[0xffffff80]&[0xffffffbe][&[0xffffff9f][0xffffffff][0xfffffffc][0xffffffdd]c[0xffffffe3]&e[0xc]hr[0x4][0xffffffd7][0xffffffa3][0xf],p[0xffffff95][0xffffffed]L4[0x1b][0xffffff92][0x17][0xffffffa3][0xffffffd2][0xffffff9d]l*H:Qh[0xffffffea]F[0xffffffab]v[0xffffffe7][0x16]4[0x9]J[0xffffff94][0xffffff92][0x13][0x2]-+[0x13]L[0xffffff87][0xf]X[0x17]>[0x17]d\[0xffffff84][0x6][0xffffffc9]Q[0xfffffff9]so[0xffffffb5]+[0x8][0xffffffc5][0xffffffab][0x1a][0xfffffff8]G[0x7f][0xffffff81]&[0xffffffa6][0xffffffc8][0xffffffd5][0xb][0x16]X[0xffffffaf][0xffffffa8][0xffffffea]"[0xffffff85]f[0xffffffc8][0xffffffea][0xffffffb0][0xffffffae][0xfffffff7]j9[0xffffffd6]@;dR,L[0xffffffe7][0xffffffd1][0x2]#<[0xffffff86][0xffffffda][0xffffffb5][0xffffffa4]o[0xffffff83][0xffffffff]x[0x12][0xffffff8e][0xffffffb5][0x7f]8~!'[0xffffffee][0x5][0xffffff9e][0xffffffcd][0xffffffe3]?[0xffffffa1]E[0x1]L][\r]B[0xffffffc3][0xffffffd5]q[0xffffff99][0xffffffd1]uJ[0xffffff95][0xffffffa3][0xffffffea][0x13][0xffffff9f][0xfffffffb][0xffffffe8][0x15]le[0xffffffd3]R[0xffffff8b]W[0xffffff97][0xffffff91][0xffffff94][0xffffffe1]e[0xffffffc2]zr[0xffffff9e][0xffffffa6]kz^[0xfffffffb][0x11]cy[0xfffffff6]K9[0xffffffe8][0xffffffcb][=B$[0xffffffed][0xffffffa7][0xffffffc8][0xffffffdb]w[0xb]e[0xffffffb2]K[0xffffffd9][0xffffffc9][0xffffffaf].][0x16][0xffffffd2][0xffffffda],[0xffffff92][0xffffffdc][0xffffff95]0[0xffffffae]v[0x15]_[0xffffffc0][0xffffff8c][0xffffffdf]g`3%[0xffffffb2][0x0][0xffffffaf][0x7][0xffffffd4]Y[0xffffff9b]R[0xffffffda][0xffffff85]Lx[0xffffffcf][0xffffff91]VF[0xffffffb9][0xffffff8b]N3[0xfffffff3][0x1f] jv[0xffffffe9][0xffffffa1][0xffffffb9][0xffffffba].[0x18][0xffffffec][0xffffffdb][0xffffffeb]v][0xe]d[0x1c][0xffffffbf]V[0xffffffbf][0xffffffde][0xffffff8e][0xffffffa4][0xffffffaf]DFxn[0xfffffff3]&[0xffffffeb]f[0x1a][0xffffffbb][0xffffffc0][0xffffffb0]][0x7f]B[0xc][0xffffffd6][0xffffffcb][0x9];KV[0xffffffd3][0xffffff87]<W!{[0xfffffff9][0xffffffec][0xffffff95][0x15][0xffffffca][0xffffffe9][0xffffffb1][0x7f][0xffffffe1][0xfffffff4][0xffffffa6]C[0xffffff9d][0x14]:[0xffffffa9][0xffffffb3][0xffffffff]R8[0xffffffb5][0x19]u[0xffffffcb][0xffffffa6][0xffffffb7][0xfffffff8]gP[0xfffffff7][0xfffffff6][0xffffff83][0x1b][0xffffffcc][0xffffffa9]([0xffffff9d].[0x15]0J6smS[0xffffff87][0x18]VI[0xfffffff7][0xffffffa0][0x3][0xffffffa7][0xffffffd5]B[0xffffffc4]GwY[0xffffff99][0xffffffae][0xffffffc9][0xffffff8b][0x14]J/[0x6].[0xc][0xffffffab][0xffffffb0][\r][0xffffffdc][0xfffffffb][0xffffffe5][0xfffffff2][0xfffffffc][0xfffffff9]H[0xffffff8d][0xffffffd7][0x15][0xffffffe9][0xffffffac][0xffffffa6]Do?<[0xffffffa8][0xffffffba][0xffffffe5][0x14]4)[0xc]6W~[0xffffff87]~HD68[0xffffffb5][0xffffffe7]qnb[\n]"
15:11:24.693 [main] DEBUG com.github.dockerjava.zerodep.shaded.org.apache.hc.client5.http.wire -- http-outgoing-3 << "[0xffffffe0][0xffffff8e][0xffffff85] [0xffffff9e][0xffffffe9]][0x14]q[0xffffff9c][0xffffff84]s][0xffffff86]|[0xffffffba]**[0xe]0/P`[0xffffffa6][0xffffffc1]x[0xffffffab][0xffffffc9]<[0xfffffffb][0xffffffff]#[0xffffffec][0xffffff9f][0xffffff83]k[0xffffffdb][0xffffff96][0xfffffff7]qx[0xffffffc5]6wl[0xffffffdb][0xffffffd9][0xffffffb1]m[0xffffffdb][0xffffffd9][0xffffffb1]m[0xffffffdb][0xffffffb6][0xffffff9d][0xffffffec][0xffffffd8][0xffffffde][0xffffffb1]m[0xffffffdb][0xffffffb6][0xfffffff3][0xffffffd6][0xfffffff7][0xffffff9e][0xf][0xffffffce]=[0xfffffff7][0xffffffad][0xffffffdf][0xffffffa7]j[0xfffffffd]5[0xffffffaa][0xffffffba]G[0xffffffaf]1[0xffffffc6][0xffffff9c][0xfffffffd][0xffffffcc][0xffffffa7][0xffffff9f][0xffffffd9][0x13][0x10]>[0xffffffdd][0x0]l_^[0x12][0xffffffd9][0xfffffff9]Y[0xffffff8d][0x7f][0xffffffa2][0xffffffbd]/g<E[0xffffffab]][0xffffff88][\n]"
15:11:24.693 [main] DEBUG com.github.dockerjava.zerodep.shaded.org.apache.hc.client5.http.wire -- http-outgoing-3 << "[0xffffffd2][0xfffffff6]}vN[0xffffff8b][0xffffffc3][0x17][0xfffffff9][0xfffffff6][0xffffff88][0xfffffff9][0x2][0x11][0xffffffeb],[0xffffffee][0xffffffb2][0xffffffa7]|5[0x11]W[0xffffff8d][0x0][0xffffff8d][0xfffffff8][0xffffff9e][0xffffffe4][0xffffff86]lx[0xffffffd1]w[0xffffffeb][0xfffffff3][0xfffffff4][0x8][0xffffffbd],y[0xffffffe4][0x1a][0x1b][0xffffffee]4[0x10]q[0xffffffe3];l[0x9]IA\<5[0xffffffc8][0xffffffc0][\r][0xffffffe9][0xfffffff3][0xfffffffb]K[0xffffffe9][0xffffffd1][[0x11][0xffffffd4]N[0xffffffb7][0xffffffc2]'[0x8]t[0xffffffc0][0xffffffff][0x9]?Wv,[0xffffffa0][0xfffffff3][0x4]a[0xfffffff3][0xffffff8f][0x7f][0xffffffe5][0xffffffd2]|[0xffffff88][0xfffffff8][0xffffff91][0xfffffff5]Q4`*[0xffffff95]?[0x1d][0xffffffff][0xffffffca][0xffffffb2][0xffffffe6][0xffffffbb]jZ[0xffffffe7][0xffffffd6]GM[0xffffff94][0xffffff82]R4[0xffffffa1][0xffffffc0][0xffffffee]3[0xffffffe3][0xffffffae]y~[0xffffffd7][0xfffffff3];[\n]"
15:11:24.693 [main] DEBUG com.github.dockerjava.zerodep.shaded.org.apache.hc.client5.http.wire -- http-outgoing-3 << "[0xffffffd8][0xffffffa5]+[0xffffffc3]a7[0xffffff9d]s[0xffffffd1]w[0xffffffaa]L[0xe][0xffffff93][0xfffffff1][0xfffffff3][0xffffff83]'[0xffffffe3]H[0xb][0xffffffc9][0xffffffc2]6[0xffffffc7][0xffffffca]Y*O[0xffffff9f][0xffffffc1]B;[0xffffff9f]@[0xffffff87][0xe][0x11][0xffffffe9][0x1a][0xffffffc8][0x16][0xfffffff2][0xffffffa4][0xfffffff4]a[0xffffff8e];[0xffffffb6][0xffffff91]B[0xffffffb8][0xffffffd4][0x3][0x13][0xffffffda]L[0xffffffaf]E9[0xffffff8c]!F[0x4][0xffffff9d]^\[0xffffff99][0xffffffd5]n[0xffffff92]:[0xffffff9b][0xffffffbf]Y[0x17]n[0xfffffffc]e[0x4]H[0xffffffdd][0xffffffa2][0xfffffff4][0xffffffe3][0xffffffcf]K[0x1a][0xffffffca][0xfffffff0][0x0]*}[0xfffffffe][0xffffffa7][0xffffffc2][0xffffff86][0xffffff82][0xffffffb1]5[0xfffffffc][0xffffff94]H[0xffffffcd][0x0]9aHk[0xffffffdd][0xffffffb7]*CQ[0xffffff93][0x2][0xffffffd1][0x14][0xffffff89][0xffffffc7][0xffffffa1][0xffffff8f]^[0xffffff98][0xffffffd8][0xffffffd4]W[0x1][0x1d][0xffffffd7][0xffffff92]_|[0xffffffca]3[0xffffffed]~pr[0xffffffcc][0xffffffac][0xffffff96][0xffffffb1][0xffffffc0][0x5][0xffffffba][0xffffffce][[0xfffffffb]QLA[0xb]3[0x6]eP[0xffffffab][0x10][0xffffffcb][0xfffffffd][0xffffffbb][0xffffffec][0xffffffb3]/B\53[0xffffffbe][0xc][0xffffffec][0xffffffde]Y[0x17]/F[0x8][0xffffffe1][0x1e][0xffffffc8][0xffffffeb][0xfffffffc]$k[0xffffffb1]u[0xffffff87][0xffffff9e]v[0xffffffa3][0xffffffd3]g[0xffffffab][0xfffffffd]'[0xffffffd0][0xffffffe9][0x5][0xffffffe4][0x18][0xffffffdd][0xffffffc4]n[0xffffffd6]$[0xffffffef]fjA[0xffffffc5][0xfffffff7]&eNE8>[0xffffff81][0xffffffa3][0xfffffff7][0xffffff9b]a[0xffffffe1]8}[0xffffff93][0x14][0x18]t[0xffffffc7][0xffffffbd]I[0xffffff9c][0xffffffb8]"Mf?[0x14]bwn[0xffffff83][0xffffffb8][0x1a][0xffffffb8][0xffffff99]{[0x1a]H7R[0xffffff9e][0xffffffae]JE[0xffffffba][0xffffffd4]u[\r][0xffffffae][0x4]_w)R[0xffffffca][0xffffff88][0xffffffd5][0xffffffaf][0xffffff89][0xffffff9b][0xffffff93]RZ[0xfffffff9][0xffffff94][0xffffff82][0xffffffdd][0xffffffd4];F[0xfffffff2]r<[0xffffff8a][0xfffffffc]>[0xffffffda][0xffffffdb]b[0xffffffb6][0xffffffc4][0xffffff9a][0xffffff82][0xffffff82][0xffffffd3]G[0xffffffb0]I[0xffffffe7][0xffffffa6][0xf][0xffffff82][0xffffffcc][0xffffffb3][0xffffffa9]/[0x0][0xffffff8b]@[0xffffffb0][0x1c]^[0xffffff93][0xfffffff2][0xffffff95]F[0x16][0x1]WiX[0xffffffa8]S[0xffffffb4][0x1d][0xfffffffa][0xffffffc7][0xfffffff0]*[0xffffffac][0xfffffff3][0xfffffffd][\r]D[0xffffffde]"R[0xffffffdf][0xffffffa0][0x1f][0xffffffab]Q8t[0xffffff8a][0xffffff95] [0x7f][0xffffff94][0xffffff80][0xffffffca][0xfffffff8][0xfffffffe]w[0xfffffff6][0xfffffffd]x[0xffffffc6][0xffffff99][0xffffffe6][0xffffffba][0xffffff83][\r][0xfffffff9]w[0x17]So[0xffffff8a]Ll,[0xfffffffd][0xffffffd6][0xffffffa9][0x0]0[0xffffffec][0xffffffd1]wdG[0xfffffff1][0xc][0xffffffd6][0x1c][0x1b][0xffffffff][0xffffff84]s"[0xffffffc9][0xffffffc5][0x8].I[0xffffff96][0xffffffc9][0xffffffa8][0xffffffc0] h[0xffffffb1]Z[0xffffffcb]x[0xffffffdf]c[0xffffffe8][0xffffffc5][0x17][0x13]E[0x8]![0xffffffc5]#[0x1e][0xfffffff6][0xffffffd2]qr[0xffffffaf][0xffffffd7][0xffffffed][0xfffffff9][0xffffffb6][0xfffffffd][0xffffffb9][0xffffffe1][\r][0xffffffc1][0x7]-r)cw}[0xffffffff][0xffffffc5][0xffffffe6][0xffffff83][0xffffff8a][0xffffffd2][0xffffffec][0xffffffb6]^[0xffffff91]_[0xffffffc0]{[0xffffffa7][0xffffff8e][0xffffffc2][0xc][0x1b][0xffffffe2]U[0xffffffbb][0xffffffd7]F[0xffffff87][0xffffffad]F~[0xffffffa8][0xffffff91][0xffffff94][0xffffffcc]s[0xffffffba]N[0xffffffab][0xffffff82]3-![0xffffffca][0xffffffe6][0xe][0xffffffbf][0xffffffa6]V[0xffffffcf]O[0xffffffb9][0xffffffc4][0xffffff89][0x19]i<[0xffffffdc][0xffffffe6]2[0xffffffaf]SC[0x3][0xffffffa0][0xfffffffb]S[0xffffffdf][0xffffffb4][0xffffffbb][0xffffffcf]>_5Eq[0xffffffbf]C[0xffffffea][0xffffffb0][0xffffffc3]$[0xffffff9e]m[0xfffffff9][0xffffffd0]NQc[0xffffffb9]GJT[0xffffff87][0x18][0xffffffa2][0xffffffa2][0x19][0xffffffc6]=[0x7f]x[0x1a][0xfffffff7][0xffffffca][0xfffffff8]j[0xffffff97][0xffffffc6][0xffffff92][0xffffff86]f[0x5][0xfffffffc][0xffffffe6][0xffffff9c][0xffffff97][0xffffffdc][0xffffff91]{[0xffffffee][0xffffffe2][0xffffffc4][0xffffff9f]`F[0xffffff85]P[0xffffffda][0xffffffee][0xffffffc3]<[0xffffffc8][0xfffffff1]}[0xffffff9d][0xffffffe1][0x1d]/[0xe][0xffffffe1]][0xffffffa9]w[0x1f]v[0x1a]x3[0x0]y[0xffffffee]QX'.QZ[0xc]qL[0xffffff88][0xffffffee][0xffffffcb][0xffffffa6][0xffffffb5][0xffffffa8]IY[0xffffffdf][0xffffffc0][0xffffffe3][0xe][0x14][0xffffffeb]OTK[0x18]![0xffffffd3][0xffffffea]r[0x1d][0xffffff8d];[0xf][0x1b][0x10][0xffffffbc]j[0x17]N[0x9]cm0[0xc]C[0xffffffd0][0xffffffe9]c[0xffffff8a][0xffffff8d]'[0x16][0xffffff9b]{[0xffffff94][0xfffffff5][0xffffffee]vS#[0xffffffdc][0xffffff8d][0xffffffe5][0x19]#j[0xfffffffd][0xfffffff8]\:!*[0x4][0xffffffb5][0xffffffca]U[0xfffffff6]*T[0xffffffee]Mv[0x1d][0xffffffe2][0x8][0xffffffbc][0xffffffb2]I[0xffffffa1][0xffffffc2]q[0xffffff8a]P[0xffffffc7][0xffffffa2][0xffffffc2]&P[0xffffffdc]'[0xb][0xffffff89]/[0xffffff9b][0xffffff9c]r[0xffffffa8][0xffffffa4]o[0xffffff92]`[0x1b][0xfffffff4][0x16][0xffffff9c][0xfffffffa]9[0xffffffe9][0xffffffdb][0x8][0x1d][0x2][0xffffffc6]t[0xffffffdb][0x14]-[0xffffffce]e[0x19][0xffffff82][0xffffffe5]y[0xffffffa8][0xffffff85]G#[0xffffff93][0x1c]P2[0x5]h8'c[0xffffffb0]{[0xffffffc5])[0xffffff91][0xffffffe2][0x9][0xffffffa7]3[0xffffffa6][0xffffff96][0xfffffff2]_[0xffffffb2][0x8]X1[0xffffffa8][0xffffff82][0x1][0xfffffff7][0xffffffe9][0x17][0xffffffd1]W[0xffffff89][0xffffffd2]j^[0xffffffa4]_[0x13][0xffffff96][0xffffff92][0xfffffff2][0xffffffcd]"[0xffffffe3]tI[0xffffffbc][0xffffff9f][0xffffff99][0x1a][0xffffff9a][0x1c][0xffffffee][0xffffffa0]/A[0xffffff95][0xffffff9e]q[0xffffffe2][0xffffffad]$[0x10]n[0xffffff95][0xffffffdd]w[0xffffffe4][0xffffff92]&[0xffffff82]n[0xffffff8d][0xe][0xffffff9a][0xffffffd6][0xffffffd6][0xffffffa2][0xffffffe4][0xffffffd5]![0xffffff8c]kn[0xffffffda][0xffffffae][\n]"
15:11:24.693 [main] DEBUG com.github.dockerjava.zerodep.shaded.org.apache.hc.client5.http.wire -- http-outgoing-3 << "[0xffffffb2][[0xffffff89]C[0x1b]$[0x19]$[0x11]0[0xffffffef][0xffffff89]<[0xffffffd0][0xffffffa2][0xffffffa5][0xffffffee]%[0xffffff8a][0xffffff87]|[0x9]@[0xffffffe0]m[0xffffffa7][0xffffffae][0xffffffa5][0xffffffa9][0xffffffe9][0xe]#[0xfffffffc]2[0xffffffdb][0xffffffb3][0xffffffcf]b.[0xffffff9c]h[0xffffffc3][0xffffffb4][0xffffffe7]?[0x1b][0x11][0xffffffde][0xffffffcc][0xffffff8d][0xffffffd2][0x7]W[0xfffffff8][0xffffff95][0xffffffc2][0xfffffff8][0xffffffbc][0xffffff83][0xfffffff1]Yqn??[0xffffffcc][0xffffffd3][0xffffffd5]m2[0xffffff86]e*[0xffffff83][0xffffffc0][0xffffff9f][0xfffffff3][0xffffffe6]\c[0xffffffed]5[0xffffff9b]=[0xffffffdc][0xffffffdd]&AhJ[0x9][0x17][0xffffffab][\n]"
15:11:24.693 [main] DEBUG com.github.dockerjava.zerodep.shaded.org.apache.hc.client5.http.wire -- http-outgoing-3 << "[0xffffff91][0xffffffeb][0xffffffd0]a[0xffffffb9]'[0xffffffdf]3iu[0xffffffe3][0xffffffe5][0xffffffde]u[0xffffffa6]wTw[0xffffffd7][0xffffffa2][0xffffffa4]4F[0xffffff8d][0xffffffb0]&[0x15][0xffffffb9][0xffffffe1][0xffffffbe][0xfffffff3][0xffffff9b][0xfffffff3][0x1a][0xffffff81]E=[0xffffff88][0xffffff90]~E[0xffffff81][0xfffffff0][0x0][0xffffffab]a{ec6[0x1f][0xffffff88][0xffffffc6]6[0xffffffad][0xffffff80][0xffffffa2][0xffffff9d][0xffffff9d][0xffffffd5]/[0xffffffc3][0xffffffee][0xffffff87][0xffffff8e][0x15][0xffffffc0][0x12]F[0xffffff99]M[0x1e][0xfffffff5][0xffffffeb]*C?Y[0xfffffff0][0xfffffffa][0x12]RPPZ[0xb][\r]S[0xffffffb5][0xfffffff5][0x7f][0xffffffe5][0xffffffeb][0x3][0xf][0xffffffe4]X[0xffffffaf][0x4][0xffffffe7][0xffffff9e]N[0xffffffa0]AX[0xffffff99][0xffffffc6][0xfffffffd][0xffffffcc][0xffffffe0]Q[0xffffffc9]9K[0xffffffb2][0xffffffdb]`@[0xfffffffc][0xffffffb3][0xffffffa1][0xffffffd6][0xffffffe1][0xffffffa3][0xffffffb6][0xffffffef][0x1]+[0xffffffe3][0xffffff83]C[0xffffffbf]U?[0xffffff9a][0xffffffbb][0x1d]Q[0xffffffbe][0xffffffc5][0xffffff94][0xffffffa0][0xffffffca][0xfffffff4][0xffffffb5][0xffffffd6][0xffffff80][0xffffffea][0xffffffac][0xffffffad]NmL[0xffffffb9]A[0xb][0xffffffa1]Y[0xffffffba]w0[0xffffffaa][0xffffff9a][0x10]T2o[0xffffffb0][0xffffff9d][0x17][0xffffff91][0xffffffea][0xffffff87][0xffffffa8]$[0xffffffc7][0xfffffff9]n$ttF[0x14][0xffffffec][0x2]<[0xffffffd2][0x9],[0xffffffad][0xffffffd3][0xffffffa6][0xffffffca],j[0xffffffe8][0xffffffdc]1[0xffffffd1]~)[0xffffffd0][0xffffffb7]Oa[0xffffff86]0`[0xffffffcd][0xfffffff7][0xffffffd3][0xffffffec][0xffffffed][0xffffffb8][0x4][0x1][0xffffffc0]X[0xffffffd3][0xffffffc1]c[0xffffff8b][0xffffffca][0xffffffb7],[0xfffffff5][0xffffffcb]6gS[0xffffffd8][0xffffffa1][0xffffff86]Hz)A[0x19][0xffffffcf][0xffffffa8][0xffffffa4][0xffffff82][0xc][0xffffffb7][0x1e][0xffffffef]S[0xfffffff9][0xffffffa6]u=[0xffffffa9][0x14][0xffffffb4]][0xffffffb8][0x16][0xffffff86]<[0xffffff90][0xffffffac][0xffffffb2][0xfffffffb]+[0xffffff94]Yc:*[0xfffffff6][0xffffffa2][0xffffff89]N[0xffffffda][0xffffff8a][0xffffff88][0xffffff9d][0x1b][0xfffffffb][0xffffffeb][0xffffffab]*|[0x1b]x[0xffffff95][0xffffff82]'[0xffffffa3][0xffffffa8][0xffffffc3][0xfffffff5][\r]A[0xffffff9c]*[0xfffffff8][0xffffffe6]^F [0xffffffce][0xffffff8f][0xffffff88][0xffffffa9][0xffffff88]ykv[0xfffffff2][0xffffffcd]f_{[0xffffff89]q[0xfffffff1]f[0xffffffa9][0x18][0xffffffd9][0x2][0xffffffd5][0xfffffff1][0x1d][0xffffff9e][0xffffffcf][0xffffff9f][0xffffff9a]5[0xffffffeb][0xffffffe8][0xffffffd4]j[0x17][0xffffff8e][0xfffffff1][0xfffffffc][0xffffff83][0xffffff95][0xfffffff3]`[0xfffffff2][0xffffff89][0xc][0x15][0xffffffb3][0xffffffc8]#[0x18][0xffffffa3][0xffffffca][0x0][0xffffffc0][0xffffffe9][0xffffffbc]h[0x12]@U[0x9]N[0xffffffcf][0xffffffed][0xffffffd5][0xffffffda][0xffffff9f]^[0xffffffad][0xfffffff9]@5[0xffffffe8][0xfffffff6][0x1b]=[0xffffffd2]1[0xffffffa9]1[0xfffffff8]a`[0xffffffe5][0x12][0x1a][0x8][0xffffffcd]&X[0xfffffffa][0xffffffe3]QhAM[0xffffffc6][0xffffff85]T[0xfffffff4][0x8]J[0xffffff9d]&![0xffffffbb][0xffffff87][0xfffffff4][0xffffffc6];[0xffffffa7]oU[0xffffffc3]s/[0xffffffb6][0xfffffff3]Q[0x17][0xffffffc8][0x6]x[0xb]~[0xffffffe4]r|[0xffffffe8]Q[0xffffffac][0x7]{[0x8][0xffffffc9][0x1d]J[0xffffff97][0xffffffbb][0xfffffff2]O[0xffffffaf]2}[0x19][0x9]h[0xffffff98][0x1e][\n]"
15:11:24.693 [main] DEBUG com.github.dockerjava.zerodep.shaded.org.apache.hc.client5.http.wire -- http-outgoing-3 << "[0xffffffba][0xffffffdc]$l[0xffffffd3][0x18][0xffffff9d][0xffffffa0][0xfffffff4]e[0x12][0xffffffc9]Z[0xffffff83]n'.[0xffffffea]M[0xffffffd4][0xffffff9c][0xfffffffd]@}[0xffffffdc][0xffffff92][0xffffffae]A[0xffffffdc]p[0x1a][0xffffffee][0xffffffa0]?[0xffffff85][0xffffffcb][0xffffff8d][0xffffffb1][0xffffffba][0xffffffe6]Io[0xffffffc8][0xffffff83]R[0xffffffac][0xffffffb0][0xffffff92][0xffffff88][0xffffff84][0x7f][0x1b][0xfffffff3][0xffffffe7][0xffffffa0]h[0x17][0xffffff8e][0xffffffd5][0xffffff8f][0xffffffd3]f[0x1a][0xfffffff5]G[0xffffffb2];|[0xffffffa0][0xffffffda][0xffffffd1]2[0x1b]>Q|[0xffffff92][0xffffffe3][0xffffffd0]M[0xffffff8b]@[0xffffffec][0xffffffc3][0xffffffea]c[0xffffff9a]&[0xffffffb4][0x1d][0xffffff88][0xffffffb9][0xffffffde][0xffffffa7][0xffffffb0][0x11]p[0xffffff99]l[0xfffffff9][0x1][0xffffffa9][0xfffffff4]l}8/[0xffffff8b]X[0x2][0xffffffca]I[0xffffffb6]Ja[0xffffffea]E3[0xffffffec][0x1][0xffffffd3][0x19]+-g[0xffffffa1]z= yJ`[0xffffffbc]<[0xffffffe9]Q[0xffffffb9][0xfffffff4][0xffffffd6][\r][0xffffffd2][0xffffff89]$[0xffffffd9][0x0][0x7][0xfffffff3][0xffffff92][0x1b][0xffffffa3][[0xffffffa5]rr[0x1b][0xffffffe2][0xffffffc7]/[0xffffff99]Zf[0xffffffb4][0x1a]n[0x1e]})|[0xffffffd7][0xffffff92]cm[0xffffff94][0xffffff97][0xffffffb1]][0xffffffb1][0xffffffbb][0xffffffa1][0x1c]\Lr[0xffffffd6]&[0xffffff8a][0xffffffd9][0xffffff81]A_7[0xfffffffc]<[0xffffffad][0xffffffd4][0x8][0x5]A[0xffffffdb]O[[0xffffffe0].[0xffffff8f][0xffffffdf][0x1b]T[0x7f][0xffffffd2][0xffffffcf][0xffffffbe][0xffffff81]ax[0xffffffca])[0xffffff83][0xffffff81][0xf][0x1b]L[0x1c][0xffffffca][0xe]l[0xffffffe7]{[0xffffffd0][0xffffffd3]I\G[0xffffff8e][0xffffffc2][0xffffffcd][0x1c]$[0x13][0xfffffffb]n[0xffffffd5][0x12]f>[0xffffffc3][0xffffffdd]~[0xffffff9e]+[0xffffffd5]O[0xffffffc2][0xffffffdd][0xffffffcb],<[0xffffffcc][0x7f][0xffffff87]$[0xffffff9a][0xffffffdc][0x19]R[0x1a]][0xffffff95][0xffffffb5][0xffffffc3]}$[0xffffff9d][0xffffffd9][0xffffffbd][\n]"
15:11:24.693 [main] DEBUG com.github.dockerjava.zerodep.shaded.org.apache.hc.client5.http.wire -- http-outgoing-3 << "%j#[0xffffffed][0xffffffb6]ij[0xffffffdd]7L$M[0xffffff9c]#[0xffffff92][0xffffffdb]:[0xffffffe8][0xffffffb3]&[0xffffff8a][0xffffff95]FJz[0xffffffeb][0xffffffb5]\7[0xffffffe5]'[0xffffff96][0xffffff9d]C[0xffffffa7][0xffffff98][0x17][0xffffff87]Jo[0xffffffa1][0xffffff9a][0xffffff96][0xffffffd9][0x7f][0xffffff99][0xffffffd7][xwm[0xffffffd4][0xffffffb0]R[0xfffffff4][0xffffff9f][0xffffffd1][0x15]][0xfffffffd]B[0xffffff91]/[0x7f]'[0x15]"[0xffffffc0][0xffffffcc][0xffffff8c][0xffffffc1],[0xffffff95][0x17][0xffffff9a][*[0x1d][0x1c][0xffffff96]}[0x18] +$[0xfffffff7][0xffffffc4]$[0xffffffb2][0xffffff8f][0xffffffe5][0xffffff8d]i[0xffffff88][0xffffffaa]%[0xffffff97]G[0xffffff98][0x6]Ff0d[0xffffff91][0xffffff8d][0xffffff8a][0x1a]B[0xfffffffa][0xffffffc5][0xffffffa5][0xffffff84][0xffffffa0]#_[0xffffffdc]d[0xffffff85][0xffffffff][0xffffffe7][0x1d][0xffffffe1]H=[0xffffffb0]?[0xffffffc6]U[0xffffffd8]6[0xfffffff5][0xffffffea][0xffffffd3]&[0xe]c[0xffffffe1][0xffffffb2][0xffffff96][0xffffffe4][0x1e][0xffffffb3]Og[0xe][0xfffffff5][0xffffff9b][0xffffffb1][0xffffffad]F[0xfffffffe]g[0x8][0x3][0x8][0xffffffe4][0xffffff8c]>[0xffffffbd][0xffffffbe][0xffffffdf][0xffffffc9]5[0x1d]g[0xffffffd5][0xffffff89][0xfffffffe][0xfffffff4]j[0xffffff8b][0xffffff9c]%[0xffffffe6][0xffffffb3]3[0x1][0xffffffec]oo0[0xffffffd2][0x1c]x^[0xffffffb1]~u[0xffffffa1][0xffffffe7][0xffffff95][0xffffff92][0xffffffe2][0x12]tq[0xffffffdc]g[6./t[0xffffffd0][0xb][0x19][0x18][0xffffffb6]<[0xffffff92]M[0xffffffd7]a[0xffffffd6][0xffffffe6][0xffffff9a][0xffffffcc];j[0xffffffab][0xffffffc5][0xe]s[0xffffff98][[0xffffffa0]?[0x12][0x1e][0xffffff88][0xffffff8e]2[0xffffffbd][0xffffffa6]c_[0xffffff97]-L[0xffffff8b][0xffffff9a][0xffffffbe][0xffffffb3]m![0x10]*[0x13]L[0xffffffd2][0xffffffb2][0xffffffaa][0xffffffd7]p[0xffffffac][0xffffffcc][0xffffffa0]d#[0xffffffe0][0xfffffff8][0xffffffce][0xffffff82]U[0xffffffdf][0xffffffdd][0xffffffa3][0xffffffac][0xfffffff6]6[\r]#[0xffffffac][0xffffffba]V&[0xffffffdc][0xffffffba][0xffffff98][0xffffffd5]w[0xffffff9e][0xe][0xffffffd3][0x1][0xffffffd0][0xffffffc7][0xffffffbb]"[0xffffffd3][0xffffffc8][0x9]w][0xffffffc6][0xffffff94][0xffffffd4]_j[0xffffff85][0xffffff93]X[0xffffff8a][0xffffffac]s[0x13][0xffffff92]H}Gf[0xffffffe5]i5[0xffffff89][0xfffffffc][0xffffffb3][0x19]L[0x6][0xffffff89][0x1f]G[0xffffffb6]JlV[0xffffffab][\r][0xffffffa6][0xffffff93][0xffffffd9]wk[0xffffffbd][0xffffffd4][0xffffffa4][0xfffffff7][0xffffffa8][0xffffff8a][0xffffffa0][0xffffffae]MT~[0xffffff98]s[0x1][0xffffffdd][0xffffffbe][0xe]L[0xffffffd6][0xffffffe2][0xffffff93][0xffffffca][0xffffffe9][0xffffffd1][0xfffffff1]PQ[0x10][0xffffffd1][0xffffff9b][0xffffffd7]NX[0xffffffc4]2[0xffffff8d][0xffffff82][0x10]E@[0xffffffcf][0x1b]>[0xffffffa2]c[0x19][0xffffff96][0xffffffab]{[0xffffffec]F\[0xffffffe0][0xffffff9a][0xffffffd4]W[0xffffffe8][0xffffffa4][0x16]Uf[0x1b][0xffffffde][0xffffff9b][0xffffffeb][0xffffffb2][0xffffff95][0xffffff87][0xffffffc6]H/[0xffffffd1]pr[0xffffffd5]-[0xffffff96][0x1f][0xffffffdc][0x7f]D[0xffffff86][0xffffffc0]qS[0xffffffbd][\n]"
15:11:24.694 [main] DEBUG com.github.dockerjava.zerodep.shaded.org.apache.hc.client5.http.wire -- http-outgoing-3 << "Xb:[0xffffffe2][0xffffffbe][0x7f]US[0xffffffc4][0xfffffff7]M[0xffffff84]x[0xffffffe6]|[0x1b][0xffffffb3]P[0xffffffc4][0xffffffb7][0xffffffe2]<[0xffffffcb][0xffffff89]%[0xffffff96][0xffffffbd].v[0x11][0xffffffd1][0xffffff8f]T[0xffffff9c][0xffffffb6]Jg[0x0]E[0xffffffbf]-[0xffffff81][0xffffff82]:[0xffffffb5]w[0xffffffd5][0xffffffb3]{G[0xffffff8a][0x4]Ft[0xffffffb9][0xffffffd3][0x2][0xffffff98]Z[0x10]j[0xffffffe6]\{[0xffffffa3][0xfffffff2]k[0x7][0xffffffd0][0xffffff95][0x7f]2[0xffffffed][0xffffffdd]gX[0xffffff95][0xffffff9e][0x19][0xffffffb8]L+[0xfffffffc][0x15]q&[0xffffffbb][0xffffffbd]i[0xffffffec][0xffffffbd]T[0xc][0xffffffd3]~le[0xffffffb6][0xffffffcd]wJy[\n]"
15:11:24.694 [main] DEBUG com.github.dockerjava.zerodep.shaded.org.apache.hc.client5.http.wire -- http-outgoing-3 << "[0xffffff80]h[0x1b]#[0xfffffff0]L[0xfffffff4][0xffffff9b]l*[0xffffffc0][0x15][0x0]@[0xffffff91][0xffffff86][0x2][0x0][0xffffffb8][0x0][0x8][0xfffffffb][0x7f]'l[0xffffff99][0xfffffffe]Rf[0xffffffd1][0x7f]?[0x0]4[0xffffff80]W[0xfffffffe][0xffffff83][0xffffff99][0xffffff9b][0xffffffc9]^[0xfffffffb][0xffffff87]X[0x0][0xffffff8d][0x11][0x0][0x0][0xffffff88][0xfffffffe][0xffffff8b][0xffffffdf]C[0x4][0x5][0xfffffffc][0xffffffdb]w}[0xfffffffe]![0xffffffbe][0xfffffffa][0xffffffff][0xffffffe2][0x9])[0x9][0xfffffffe][0xffffffeb][0xffffffbb]>[0x1c][0x0]D[0xffffffb2][0x7f][0xffffff90][0xffffffaf][0xffffffef][0x16][0xffffff82][0xffffffbe][0xffffff8f]O[0xffffffcd][0xffffff91][0xfffffffa][0xffffffff]7[0xfffffff9][\n]"
15:11:24.694 [main] DEBUG com.github.dockerjava.zerodep.shaded.org.apache.hc.client5.http.wire -- http-outgoing-3 << "<[0xfffffffe][0x17][0xfffffff9][\n]"
15:11:24.694 [main] DEBUG com.github.dockerjava.zerodep.shaded.org.apache.hc.client5.http.wire -- http-outgoing-3 << "[0xffffff96][0x4]@[0x14][0xfffffffb][0x1b][0xfffffff9][\n]"
15:11:24.694 [main] DEBUG com.github.dockerjava.zerodep.shaded.org.apache.hc.client5.http.wire -- http-outgoing-3 << "[0x16][0xfffffff9]?[0xffffff9a]*([0xffffffdf][0xffffff82][0xc]r+[0xffffffbf]|[0xffffffd7][0xffffffde]&[0xffffffb8]0w5[0x1a][0xffffffdb]F[0xffffffc7][0xffffff8c][0x16][0xffffffac][0xffffffc6]o[0xffffffb1][0xfffffff8][0xfffffff8][0x17]7N[0xffffff96][0xffffffb1][0xffffffe4].[0xffffff87]O[0x7f]U[0xffffffcb][0xffffffca] [0xffffff88][0x1f][0x12]=[0xffffffb3]3[0xfffffff9]V[0xffffffe8][0x7][0xffffffa2][0x4]:T6w[0xffffffeb][0xffffffb8]4NP[0xffffffa1][0xfffffff1][0xffffff89]NM? d[0x9][0xffffffa0]z[0xffffffe2][0x14][0xfffffffc] [0xffffff90][0xffffff87]tQ9t{7[0xffffffe6][0xfffffff7]C;[0x10][0xffffff93]1[0x12]D[0xffffffec]7 [0xfffffffa][0xffffffcf][0xffffffcf][0xffffff87][\n]"
15:11:24.694 [main] DEBUG com.github.dockerjava.zerodep.shaded.org.apache.hc.client5.http.wire -- http-outgoing-3 << "[0xffffff96][0xc][0x3]+[0x1][0xe]V[0xffffffe7][0xffffff9d][0x1e][0xffffffcd]_[0x19]^[0xc][0xffffff8f]Y[0xffffffdc][0x19][0xffffffd0][0xffffffb2]B[0xffffffdd][0xffffff9c].[0xffffffde][0xfffffff7][0xffffffdc][0xffffffe7][0xffffffd9]a[0xffffffa6][\r]C[0xffffffc1][0xfffffff8][0xffffff80][0xffffffe9]mCI[0xffffff92]"+XT[0xfffffff0]>E[0x1][0x18]h9[0xffffffa4][0xffffff9a][0xffffffae]R[\n]"
15:11:24.694 [main] DEBUG com.github.dockerjava.zerodep.shaded.org.apache.hc.client5.http.wire -- http-outgoing-3 << "P[0xffffff9b][0xffffff81]4[0xffffff9f][0xffffff9d]7]M[0x1b][0x9]c[0xfffffffa][0xffffffda][0xffffff93][0xffffff89][0xffffffad]>[0xffffff8e][0xffffffb5]:44[0x2][0xffffffb8]6[0xffffff8a][0xffffffed]x[0xffffffd7]G[0xffffffad][0xfffffff8][0xffffff87][0xfffffff1]#i[0xffffff94]{[0xfffffffa][0xffffffcb]}[0xfffffffa][0xffffffeb][0xffffffdf][0xffffff90]g[0xfffffffa][\r][0xfffffffc]~[0xffffffca][0xffffff99]1[0xffffffcc][0xffffffee][0xffffffc5][0x10][0xffffff84][0xffffffba][0xffffffb9][0xffffffe9][0x1d]~`Z[0xffffff8b]r[0xffffffeb][0xffffffce]@[0xffffff9f]$(t[0x1][0x0]M[0xffffffff][0xfffffff5][0xffffffef][0xffffff8c][0xffffffc4][0x1f][0xffffffa8][0x16]FY[0xf]O[0xe]fN[0xffffff92][0xffffff96]Lv[0xffffff89][0xffffff81][0xffffffd8][0xffffffc3][0xffffffc0][0xffffffb3]*[0x1f]#[\r][0xffffff8e][0xffffffdb][0xffffffd0][0xffffffbf].^;[0xffffffde]t[0xffffff8b][0xffffffca])H*[0xffffffde][0xfffffff7][0xffffff9f][0x18][0xf]3TB[0xffffff91][0xffffffed]<[0xffffffc9][0xffffff9d]@f[0xffffff82][0xffffffa7]5[0x7][0x1c][0xffffffb7][0xffffffe0][0xffffffc3][0xffffffe4][0xffffffb8]7[0xffffffd7][0xffffffcb][0x7f]e\%[0xfffffff5][0xffffffd9][0x7f]im[0xffffffe7]b[0xffffffba][0x7f][0x3][0xffffffc7][0xffffffb4][0x7][0xffffffdd],[0xffffffc5][0xffffffb9][0xffffffd0][0x16][0xffffff85][0xffffffe8][0xffffffde]hw[0xffffffbc][0xffffff92][0x1d][0xffffff83][0xffffffa0][0xfffffff8]XO[0xffffffd2][0xffffffee][0xffffff95]H[0xffffffb0]\c[0xffffff9c]v5[\r][0xffffff97][0xffffffc9][0xffffff99][0x12]O[0xffffff90]m[0xffffff99][0xffffffb9][0xffffffff][0xffffffdc]Zj[0xffffffc9]h[0xffffffd9][0xffffff80][0xffffffac][0xffffffed][0xfffffff0][0xfffffff0][0x18][0x0][0xffffffe8][0xfffffff0][0x16][0xffffffdd][0xffffff94][0x9][0xfffffffa][0xfffffff6][0xffffff97][0xffffff90][0xffffff88][0xc]J[0xffffffc2][[0xfffffff0]#[0xffffff86]Q[0xffffffcc][0xffffffa2]![0x1e][0xffffffe4][0xffffffcd]I[0xffffffb8]J[0xffffffb1]n[0x12][0xffffff94][0xffffff9e]D[0xffffffae][0x12][0xffffffeb][0x2]W[0xffffffd7][0xffffffcb][0xffffff97]Y[0xffffffeb][0xfffffff5]3[0x13]Ixq([0xffffff9d]_OG[0xfffffffd]@[0xffffff88][0xffffffb4][0xffffff8c][0xffffffaf][0x2]2[0xffffff80][0xfffffff4][0xffffffc1][0xffffff91][0xffffffd9]~[0x9][0xffffffbe]4[0xf]B[0xffffffdb][0xfffffff1][0xffffff93][0x1a]d[0xffffffdd]E[0xffffffb4]#[0xffffffbd]"_;[0x4][0xffffff95][0xffffff9e][0xffffffaf][0xffffffa2][0xffffffb2]p[0xffffffe1][0xffffff95][0x3][0xffffff9d]M[\n]"
15:11:24.694 [main] DEBUG com.github.dockerjava.zerodep.shaded.org.apache.hc.client5.http.wire -- http-outgoing-3 << "[0xffffffa3][0xfffffff6][0xffffffe7]P[0xffffffdc]<[0xffffff9a][0x14]"[0xffffffb0]$[0xffffffd5][0xffffff8c]p6i>r[0xffffffce][0xffffffa7]v[0x17][0xfffffff1](H![0xffffffbd]uF[0x1d](yLw7gz<p[0xffffffcd];[0xffffffaf][0xffffff9c]}[0xffffffb3][0xfffffffa][0xffffffb8][0xc][0xffffffee]v[0x13]Q[0x8][0xffffff94]"^V[0xfffffffe][0xffffffa5][0xffffffaa]S[0xffffffd5]AV[0xffffffef][0xffffffcf]D[0x1a][0xffffffc7][0xffffff92]A[0x11][0x2][0xffffffdc]M2[0x1]+[0xfffffffe][0xffffffc7]m[0x1f][0xffffffe9][0xfffffff4]([0xffffff94]x[\r][0xffffff80][0x14]d[0x13][0xffffff88]s/[0x16][0xffffffa2][0xfffffffb][0xffffffd6][0xffffffb1][0x1f][0xffffff9c][0xfffffffa]4[0xffffff84]tQ_[0xffffffd1][0xffffffdd]U[0xffffffd1][0xffffffdc]H[0xffffffe9][0xffffffb4][0xffffffdb]f[0xfffffff0]L[0x3]^[0xfffffff0][0xffffffae]]W?(t[0xffffffe7]X,[0xfffffff4]c[0xffffffb2][0xffffffa1][0xffffff95][0xfffffffd][0xffffffd5]I'[0xffffffd3][0xffffffd7]g[0xffffff92]P9[0x2][0xfffffff3][0xffffffd7]E[0xffffffee]\[0xffffff91]}o_[0xffffff88]M[0xffffffff][0xffffffb6][0xfffffff8][0xffffffd2][0xfffffff4][0xffffffd2][0xfffffffc][0xffffff8b][0x12]^[0xffffff9b][0xffffffe5][0xffffffba][0x1b][0x10]y[0xffffffc6][0xffffffe8]5]m[0x18][0x15][0xc]5R[0x10][0xffffffd1]~[0xffffffa5][0xffffffdd]][0xffffffa1]k[0xffffff85]C[0xffffffff]-\a[0xffffff85][0xffffffa3]e=t[0xffffffdf][0xffffff85]8[0xffffff9a][0xffffffdc]-5[0xffffffbd][0xffffffd1][0xffffff97][0xffffff89]W[0xffffffae][0xffffffd2][0xffffffe2]+[0xffffffa2][0xffffff94]i[0x3][\r][0xffffffc1]PS[0xffffff97]#[0xfffffff3][0xffffffc3][0x1d][0x0][0xffffffdf][0x0][0xffffffea][0x11][0x0]a[0xffffffb2][0xfffffff6][0xffffffe7][0x17][0xffffffa6][0xffffffea]noZjm[0x1e][0xffffffdb][0xfffffff2][0xffffffa0]-P[0xfffffffa][0xffffffef][0xffffff97]$EP9[0xffffffdb]8B[0xffffffef][0xffffffbe][0xffffff80]@[0xffffffc6][0xffffffb2][0xffffffc1][0xffffffdd][0xfffffff5]![0xffffffb5][0xffffffe9][0xffffffa5]d[0xfffffff9][0x7]x[0xffffffed][0xffffffca][0xffffffc1][0x5][0xffffffe7][0xffffffa7][0xffffffc5][0x19][0x11][0xffffffbf][0xffffff97][\n]"
15:11:24.695 [main] DEBUG com.github.dockerjava.zerodep.shaded.org.apache.hc.client5.http.wire -- http-outgoing-3 << "gR[0xffffffc9]w[0xffffffeb]^;[0xffffff87][0xffffffd0][0xffffffdb]O[0xffffff89]L|[0xffffffbe]A\[0xffffff9b]\[0xffffffb9][0xffffffc0][0x9][0xffffffb5]e[0xffffffe9]Nw[0xffffffb9]][0xffffffe3][0xffffffc6]"
15:11:24.696 [main] DEBUG com.github.dockerjava.zerodep.shaded.org.apache.hc.client5.http.wire -- http-outgoing-3 << "[0xfffffff8][0xffffffc6][0xffffffa3]7[0xffffff81][0xffffffb0][0xe]=[0xffffff83][0xffffffb6][0xffffffc1][0xffffffe4][0xffffff92][0xb]t[0xffffff86][0xffffffdb]IB[0xffffffa1][0xffffffbe]NEO[0xffffffd8]H[0xffffffba]N1[0xffffff95]?[0xffffffe5][0xffffffba][0xffffff86][0xffffffac][0xffffffb8][0xffffffce][0x12][0x1b][0xffffff8d][0xffffffc0][0xffffffe2][0x7]5<=[0xffffffed][0xfffffff2][0x13]r[0xffffffbf][0xffffffc7][0xffffff84]][0xffffff9e]%[0x4]z[0xffffff95][0xffffff8d][0xffffff8a][0xffffff97][0xffffffe4][\r][0xffffffd1]Rl[0xffffffab]A_[0xffffffb0][0xffffffa6][0x7][0xffffffea][0xffffffc4][0xffffffef][0xffffffc2][0xffffffa7][0xffffffdc][0xffffffbb][0x11][0xffffffc1][0xffffffc4]A[0xffffffa6]g[0xffffffdf]e[0xffffff95][0x3][0xfffffff0]5[0xffffffb1][0xffffff81]l~[0xffffff94][0xffffff99][0xffffff9a][0x1c][0x1e][0xfffffffe][0x1e][0x1a]p[0xffffffd6][0x15][0x8]/[0xffffffff][0xffffff9d]b[0xffffff81][][0xffffffd9][0xffffffe0]_[0xffffffe1]t[0xffffffba][0xffffffe4]3[0xffffff8e]a[0xffffffbf][0x1b][0xffffff83]Y[0xffffffd2][0xffffffc1][0x11]f[0xffffffa2][0xfffffff7][0xffffffee][0xffffffd1]-[0x8]m?[0xffffffbf]1[0x6][0xffffffe0][0x1a][0xffffff97]8[0xffffffd0][0xffffffb8]r[0xffffffab][0xffffffcc][0xc]K[0xf][0xffffff82][0xfffffffa][0xffffffe1][0xffffffec][0xffffff95][0xffffffa7]([0xffffffc2][0xffffffb8][0x17][0xfffffff8]ch[0xffffff9f][0xffffffe9][0xe]=[0xfffffff0](+[0xffffffaa][0xffffffc0][0xffffff9c][0x12]b[0xffffff83][0x1c]5[0xffffff90][0xffffffdd][[0x1e][0xffffffb9][0xffffffa6][0xffffffa9]|[0xffffffbd]J[0xffffffb5][0xfffffff1][0x17][0x17][0xffffffdb][0xffffffc4][0xffffffe2]k[0x9]G[0xffffffdf][0xffffffbb]X[0xffffffe4][0xffffff88][0xffffff82][0xffffffa8][0xfffffffc]y[0x16][0x5]n+p[0x17][0xffffffef][0xffffff99]W[0xffffffbd][0xffffffd2][0xffffff94]I[0xffffffad][0xffffffcf])l[\n]"
15:11:24.697 [main] DEBUG com.github.dockerjava.zerodep.shaded.org.apache.hc.client5.http.wire -- http-outgoing-3 << "[0xffffffb0][0xffffff89][0xffffffa4]k[0x1e][0xffffffb6][0xffffff9b][0x19][0xffffffb4]Xm)[0xffffffbc][0x6][0xffffffd5]N#T[0xfffffff0][0xffffffca][0x6]:[0xffffffe8][0xffffffbd][0xfffffff0][0x7][0xffffffdf]c9[0xffffff8c][0xfffffffa][0xe]VM[0xffffffbe][0xffffffb5][0x2][0xffffffa8]h[0xffffffc5]P[0xffffff9a]~%ML[0xffffffc9][0x1][0xffffffbc][0x16]SUD6[0xffffffe4][0xffffffb9][0xfffffff1]eH[0xffffffa0][0xffffff83][0xffffffc7][0xffffffd5][0x16][0xfffffff0][0xfffffff2]v[0xffffffbd][0x1][0x18]Z:[0xffffffdd]G}5[0xffffffaf]y5[0xffffff91]<[0xffffff95][0xc][0xffffffb3][]h[0xffffff84]& D[0xffffff82][0xffffffd7][0xf][0xffffff92][0xffffff90][0xffffffc5][0x11][0xfffffff5]i [0xffffff94][0xe][0xffffffea][0xfffffffb][0xffffff85]u[0x5]I[0xffffff9b]F[0xffffffaf][0xb][0xffffffad]p[0xffffffc7][0xfffffff2]][0xffffff9a][0xffffffcf][0xffffffc8][0xfffffffa]'[0xffffffa4][0xffffff9a][0x16]$Zc[0xffffffcb]"j1[0xffffffe1][0x7f]w[0x15][0x2][0xffffffb0][0xffffffec]^[0xffffff96][0xffffffef][0xfffffffe][0x1f]78[0xffffff90][0xffffffe8]1[0xffffffd0]M[0xffffffc6][0x11][0xb][0xffffff93][0xffffffcc]8k[0xfffffff1]`[0xffffff9c][0xfffffff6]8[0xffffffa2]g[0xffffffc6][0xffffffd1][0xffffffc9][0xffffffaf]?D*[0xffffff8b][0xffffffc7]6[0xffffffb3]S[0xffffff9b][0xffffffc4]tv[0xfffffff3][0xffffff8b][0xffffffee][0xfffffffb]z[0xffffffb6][0xffffffc7][0xfffffffb]y[0xffffff9a][0xffffffd7]u[0x4][0xffffffbc]i[0xffffffdf][0x14]%[0xffffffa1][0x7f]b[0xffffffee][0xffffff81]ks`R8[0xffffffa0][0xfffffff4]Pfj,[0xffffff9f]/"[0xffffffbf][0xffffffc0][0x13][0xffffff8c][0x18][0xffffff85]<[0xffffffd4][0xffffffb0]l[0xffffff8a]sq[0xffffffb4][0x1a]x[0xffffffdf][0xffffff84]T"[0x5][0xffffffad]N[0xffffffa8][0xfffffff8][0xfffffff7]tl[0xffffffd2]e8[0xf][0xffffff91][0xffffffe0]S?[0x4],[0xffffffca][0xffffffad][0xffffffa5]5[0x6][0xffffffc2];[0xfffffff5]Q<"[0xffffffee][0xffffff9f]44I[0xffffffbd][0xffffffc5]H[0x4]|[0xffffffcd][0xffffffbb][0xffffffd9][0xffffff99][0xfffffff8]u[0xffffffcc]3[0xffffffac][0xffffffa7][0xffffffc6][0x17][0xfffffff0][0xffffffe0][0xffffff9d]>%[0xffffffad]z[0xffffffa0][0xffffff8e][0x1][0xffffffed][0xffffff87]_[0xffffffc1][0xffffff81][0x13][0x16][0xffffffbd]l[0xfffffff6][0xffffffc8][0xffffffd7][0xffffffc6][0xffffff93]Q[0xffffffd9][0xe]:A[0xffffffd7][0xfffffff7][0x9][0xffffffc3]Fl[0xffffff87]z[0xffffffbd][0xffffffa9]Y[0xffffffe0][0xfffffff8][0xffffff8d][0xffffffb5][0xffffff80][0xffffffb0][0xffffffd9][0xffffffb2][0xffffffaf]0[0xffffffaf][0xffffffb3]][0x0][0x0],[0x17][\n]"
15:11:24.697 [main] DEBUG com.github.dockerjava.zerodep.shaded.org.apache.hc.client5.http.wire -- http-outgoing-3 << "[0x0]h[0x4] [0xffffff9a][0xfffffffd]=[0xfffffff3]T[0xfffffffe][0xffffffa5]SUk)[0xffffffa6][0xffffff92]K[0xffffffbc][0x2]Y[0xffffffd6]t[0xffffffb3]VK[0xffffffd4]T[0xffffffeb][0xffffffe9][0x0][0xffffffc7]%[0x7f]8[0xffffffe5]1E[0xffffffd8]e[0xfffffff1][0xffffffc0]w?[0xffffff8f]/[0x7f][0xffffffd7][0xffffff97]m[0xffffff90][0xffffff9e][0x1a][0xfffffff5][\n]"
15:11:24.697 [main] DEBUG com.github.dockerjava.zerodep.shaded.org.apache.hc.client5.http.wire -- http-outgoing-3 << "[0xffffffd5][0xffffff8a][0xfffffff4][0xffffffb5][0x1c][0xffffff84][0xffffffeb][0xfffffff2][0x13][0xffffffcc]@[0x10][0xfffffff6] 5K[0xffffffa3]/[0xffffffcf][0xffffffd8][0xffffffb4][0xffffffd8]'vE[0xffffffaf]J[0x5]Pf[0xffffffbe]l[0xffffffb8]sB[0xffffffa6][0x6][0xffffff9f][0xffffff8c]y'Km[0xfffffff8][0xfffffff0][0xffffff83]x[0xffffffc1][0x1d]ow[0xffffffdd][0xffffff87][0xffffff8b][0xffffffc2]V[0x3][0xffffff89][0xffffffa2][0xffffff8a]s[0xffffffe7]/[0xffffff8a][0xffffff99][0xffffffd5][0xffffff9f][0xffffff95][0xfffffff4][0x17][0xffffffd3][0xffffffb0]-R[0xfffffff9][0xfffffffd][0xffffffdb]"[0xffffffa3][0xffffffb6]_[0xfffffffe]s[0xffffffdd]q[0xffffffaa][0xffffffc8]Pj[0xffffff86][0xffffffd3]=[0x1b][0xffffff9b][0x18][0x16][0x1e]M[0x18][0x0][0x0]@[0xf][0x14][0x0][0x10][0x1]@[0xffffff8c][0xfffffff8]{[0xffffffca][0xfffffff3][0x7][0xffffffca][0xffffffe1]q[0x12][0xfffffff3][0xffffffed][0xffffffe5][0xffffffe0]-[0xffffffd0]5W[0xffffffb5][0xffffffa5][0xffffffb8][0x18]RU[0xffffffe9][0xffffffbc]@TT{H[0xffffff80]a[0x1a][0xffffffdf]P@t[0xffffffc8]W[0xffffff93][0xffffffbe]`[0xffffffc1][0xffffffd0]b]J[0xffffffb5][0xffffffe1][0xffffffa8]g[0xffffffd8][0xffffff94][0x10]Q[0xfffffff4]D[0xffffff9e][0xffffff9d][0xffffffb6]G[0xffffffaf][0xffffffc1]Hqa[0xffffffd1][0xf][0xffffffa1][0xffffff98][0xffffff8b][0x4][0xffffffd7][0xffffff91][0xffffffff]}[0xfffffff8][0xffffffa9][0xffffffcd]|[0xffffff90]"[0xffffffa0][0xffffff80][0xffffff9d]3\J[0xffffff92][0xb][0xffffffc0][0xffffffb5]+[0xfffffffe][0xffffffb7][0x0][0xffffff81][0xffffff90][0xfffffffe][0x19][0x1e]tFK&"[0xffffffc6]W[0xffffffd0][0x3][0x0][0x0]H[0xffffff86][0x2][0x0]D[0x0][0xffffff88][0xffffff95][0x7f][0xffffffcf][0xffffffa2][0xffffffdc]@9|[0x16]b[0xffffffbe]m[0xffffffad]>[0xffffffca][0x3]gv[0xfffffff8][0xffffffef][0xffffffa5][0xfffffffc][0x16][0xffffffc3][0xfffffff2]!87[0xffffffff][0xfffffff4][0xffffffc3]G[0xfffffffb][0xffffffcf][0x11]T[0x15]Z[0x0][0x0] [0xf][0x5][0x0][0xffffffb4][0x3][0x10]'[0xfffffffe]^[0xffffffcf][0xffffffac][0xfffffffb][0x1f][0xffffffe9],[0xffffff94]oZ[0xffffff9f][0x0]?t[0xfffffff0][0xfffffff6][0xffffffb1][0xffffffa4][0xfffffff6][0xffffffde]i[0xffffffb2][0xffffffc3][0xffffffc8][0xfffffff4][0xfffffff6][0xffffffa2][0x1]n9[0x4][0x14][0xffffffc4][0xffffffcf]i[0xffffff95]{}@[0xfffffff1][0xffffff85][0xffffff92][0x4];[0xffffffa3]j.[0xffffff98][0xffffffd7][0x19][0xffffffdf]b[0xffffff82][0xffffffa4]>|l[0xffffffcd][0xffffffb8][&[0x13][0x19]"[0xffffffb9][0xffffffdd][0x12]7[0xffffff90][0xfffffffd][0xffffffad][0x11][0xffffffd6][0xffffff87][0xffffffae]%A[0xffffff86][0xffffff8f]3he[0xffffffad][0xffffffe2][0xffffffda][0xffffff80]7[0xffffff81][0x0][0x1e][\n]"
15:11:24.697 [main] DEBUG com.github.dockerjava.zerodep.shaded.org.apache.hc.client5.http.wire -- http-outgoing-3 << "[0xffffff92][0xfffffff3][0xffffffe1]}[0x10]JD~[0xfffffff1]B~[0xb]r\[0xffffffa9][0xffffffa5][0xffffffac]0[0xffffffb7][0xffffffaa][0x1c][0xffffff88][[0xffffffa8][0x11][0xffffff94]H[0xfffffffe][0xffffffd6]R[0xffffffc3])[0xffffff8d][0xffffffcd][0x7f]w[0xffffffaa][0x2][\n]"
15:11:24.697 [main] DEBUG com.github.dockerjava.zerodep.shaded.org.apache.hc.client5.http.wire -- http-outgoing-3 << "[0x3]k*W[0xfffffffe][0xffffffbf][0xffffffb0]A[0xffffffcf][0x6]f[0x18][0x0][0x0][0x18][0xfffffffc]W[0xffffffef]*[0xffffffc4][0xffffffab][0xffffffbf][0xffffff97]G[0xfffffff5][0xfffffffe]R[0xffffffe8][0xffffffaa][0xfffffffd]&[0xffffff9c]u[0xe][0xffffffcc]>1~[0xffffffea][0x4]qyV[\n]"
15:11:24.697 [main] DEBUG com.github.dockerjava.zerodep.shaded.org.apache.hc.client5.http.wire -- http-outgoing-3 << ".[0x1b][0xffffffc4][0xffffff80]%[0x6][0x0]d[0xffffff8c]W[0xffffffa0][0xffffffc1][0x9][0xfffffffe]w[0xffffffed][0x11][0xffffffb1][0xffffffcd][0xffffffd6]D[0xfffffffe][0xffffffc2]B[0xffffffad]T[0xffffffb3])[0xffffffff]>K[0xffffffce][0x7f][0x8]Xk[0x1b][0x5][0xfffffffe][0xffffffab]w[0xffffff95][0x11][0x0][0x9][0xffffffe1][0xffffffef][0xffffff87]E[0x13]([0xffffffc7][0xffffffe0][0xffffffff][0x1d][0x16][0xffffff93][0x1e][0xffffffac]g[0x18][0xffffff8a][0xffffffa6][0xffffffaa][0x1e][0xffffff82][0xffffff89][0xffffff8d]z[0xffffffdf]*[0xffffff9c][0xffffffbf][0xc][0xffffff81]m[0xffffffa9]K[0xffffffca]S[0x0][0xffffff80][0xffffffcd][0xffffff9a][0x18]t,[0xffffffc9][0xffffffb0][0xffffff9b][0xffffffbf][0xffffffca][0xffffffc5]0@[0xffffff99][0x16]n[0xfffffffc][0xffffffff][0xffffffbe]A[0x4][0xffffffff][0xffffff9c][0x12]#[0xe][0x0][0x0][0xffffffd8]@[0x1][0x0]z[0x0]$[0xffffff86][0xffffffbf]W\U[0xffffff81]r[0xffffff8c],[0xffffffc4]|;[0xffffffdb][0xffffffe4][0x1a]-[0xffffffa1]H,[0xffffff9e][0xffffff98][0xffffffa0][0xfffffffe][0xffffffdb]([0xffffffe2][0x1b][0x1d]q[0xffffffae][0xc][0x0][0xffffffd8]g[0xfffffff3][0xffffff82][0xffffffce][0xfffffffe]:[0xffffffce]q[0xfffffffb][0xffffffd7]([0x1c][0x16][0xffffff97]&[0xffffffd3][0xffffffbf][0x3]5T[0xfffffff9][0xffffffff][0xffffff98]-[0x1e][0x0][0x0]X@[0x1][0x0][0xffffffba][0x0]$[0xffffffc5][0xffffffbf]k[0x1e]U[0xfffffffe]G[0xffffffda][0xb][0xfffffff3][0xffffffcd]].[0xffffffec][0xffffffb9]u[0xfffffffe][0x1d]|o[0x7f][0xffffff8e][0xffffffdf][0xffffff94][0x1b][0xffffffa3][0xf][0xffffff84][0xffffff84];UZ[0xffffffac][0xffffffce][0xffffff8f][0xffffffa1][\r][0xffffff94][0xffffffaf]G[0xffffffc5]C[0xfffffff5][0x7f][0xffffffed][0x1e][0xffffffed][0xffffff9d]`U[0xffffff95][0xffffffec]-+)'[0x0][0x0]0[0xffffff87][0x2][0x0][0xffffff94][0x1]H[0xffffff8e][0x7f][0xffffffbf]yH[0xfffffffd][0xffffffa5][0xfffffff6]U[0xffffffab]gs[0xffffffe7]5[0xffffff8a][0xffffff80][0xfffffffb]Q[0xffffffc4][\r]@[0xffffffd9][0xffffffda][0xffffffc1][0xffffff95][0xffffff9c][0xfffffffd]{[0xfffffff8][0xffffffa0][0xfffffff9][0xffffffba]k[0xffffffff][0xffffffd0][0xffffffba][0xffffff82][0xffffffa1][0xffffffdb][0xfffffffd]c2[0xffffffe0][0xffffff9a][0xffffffff]w$[0xfffffffe][0xffffff85][0xffffff8c][0xffffff91][0xffffff92][0xfffffffe][0xffffffbe]_L@9[0xffffffc5]Nb[0xffffffbe]0[0x10].{[0xffffffb1]y[0xffffffc0]}0[0xffffffda][0xffffffff]f[0x8]J[0xfffffff2][0x1f]A[0xffffffcb][0xb][0xfffffffc][0x17]2[0xffffffe6][0x2] 5[0xffffffff][0xfffffffd]jd[0x2][0xffffffca])[0xffffffb5][0x10][0xfffffff3][0xffffff85][0xffffff81]<-[0x19]q[0x1]p[0xffffffbb]nh[0xfffffffe][0xffffff9b]!+[0xffffffff][0x7f][0xffffffc0][0xffffffda][0xffffffa9][0xffffffbf]<A[0xfffffff4][0x1][0xffffff90][0xffffff96][0xffffffff].Tl[0xfffffffb][0x1f][0x1d]/[0xffffffc2]7[0xffffffbd][0xffffffe9]dk[0xffffffb2][0xfffffffa][0x2]0[0xffffff9e]oE:[0xffffffae][0xffffff96]g[0xffffffd4]u[0xffffffc9][0xffffffe1][0xfffffff0][0xfffffff9]ZX[0xffffff8e][0xffffffe5][0xffffff8f][0xffffffbe][0x14]q[0xffffffcd][0xfffffff2][0xffffffd3][0xffffffce][0xffffffed][0xffffffcd]ezi[0x13][0xffffffef][0xffffffa8][0xfffffffc].[0xffffffb0][0xffffffee]Y[0xffffffdf]>[0xffffffd7][[0xffffffef][0xffffffd5]S[0xffffffa1][0xffffff83][0xffffffa0][0xffffffcc][0x4][0xffffffda][0xffffff8f]s[0xffffff98][0x11]?n[0xb]\[0xffffff8b][0xffffffce][0xffffff81]h[0xfffffff4][0x1a]z}[0xffffffb6][0xffffffaa][0xffffffe0][0x11][0xffffffae]t[0xffffffb5][0xffffffcf][0xffffff8b][0xb][0xffffffd2][0xffffffe4][0xffffff9d][0x8][0xfffffff2][0x4]8v[0xffffffdb][0xffffffe6]L[0xffffffa4]3[0xffffffe3][0xffffff98])[0xffffffc8]t[0xf][0x2]J[0xffffffb5][0xffffff97]0b[0xffffffc1]SC[0xffffff83][0xffffffa2][0xfffffffa]U[0xffffffba]KB[0xffffffcc]y[0xffffff9f]Ite[0xffffff8c][0xf])[0xffffffc5][0x8][0xffffff80][0xfffffffb][0xffffffac][0x15][0xffffffb9][0xfffffff2]r8Q$[0xffffff83]=O3[\r][0xffffff89][0xffffffbf]~[0x4]"[0x10][0x4][0xffffffda]0[0xffffffab][0xfffffff6][0xffffffaa][0xffffff85]E[0xffffffeb][0xffffffea][\r][0xffffff80]JA[0xffffffb2][0xffffffec][0xfffffff4][0xffffff85]B[0xffffff94][0xffffffb1][0xffffff88][0x12]`[0xffffffe7][0xfffffff3]Fw[0x18][0xffffffba][0xffffffef][0xfffffff5]&`'@[0xfffffff8][\r]Q&{ Y[0xffffffe3][0x3]I[0xffffffa7][0xffffffd7]1[0xfffffff2]4[0xffffffbf][0x15][0xffffffe4]<#[0xffffffe0]:?)[0xffffffd8][0xfffffff6][0x1b][0xffffffba][0xffffffce][0xffffffd5][0xffffffbf][0xffffffaf]P[0x17]z|[0xffffff97][0xffffff90][0xffffffbe]E'[0xffffffc4]=[0xffffffc0][0xffffffa2]"[0xffffffdd][0xffffff9a]{[0xfffffff0][0xffffff8c][0xffffffc7]g[0xffffffa7][0xffffffab][0xffffff83][0xffffffb6][0xffffff8b][0x10][0x6]n[0xfffffff3]Z{[0xffffffe0][0xffffff83]{[0xffffffdd][0x4][0x6]9V[0x1d]O8%*[0xffffff9d][0xffffffdf]f[0xffffffc8][0xffffff8e][0xf]M[0xffffff83][0xffffffc5]Cv[0xffffffea][0xffffffa0][0x8][0x7f][0xffffffcb]\3[0xffffffc6][0xffffffe3]u[0x14][0xfffffff0][0xffffffb3]IF[0xffffffa0]F[0xffffffe3]qX[0xffffffba]x+[0xffffffcb][0xffffff9b]77[0xffffff88][0xffffffa7]5[\n]"
15:11:24.698 [main] DEBUG com.github.dockerjava.zerodep.shaded.org.apache.hc.client5.http.wire -- http-outgoing-3 << "XA[0xffffffa3][0xffffffac][0xffffff8e]g[0xffffff89]{[0xffffffb2]J[0xffffffbc][0xffffffda]u[0xffffffd5][0xffffff82][0xfffffff4]n[0xffffffea],B[0xffffff80] [0xffffffe7][0xffffffa1][0xffffffee]:k[0xffffffce]z[0xffffffea][0xffffffab]}[0xffffffe7][0xffffff8c](6[0xffffffec][0xffffffdd]0T[0xffffffa2][0xffffffa4]E[0xffffff8b][0xffffffd9][0xffffffe6][0xffffffa0][0xffffffc6]0g)[0x1e][0xfffffffc][0xffffffd3][0xffffff80][0xffffffaf][0x1][0xffffff8f][0xffffffbf][0xffffffa9][0x11][0xffffffda][0xffffffbf]U[0xffffff94]b$[0xffffffda]dd[0xffffffdf][0xffffffed]E^P[0xffffffdb][0xffffffa1][0x2][0xfffffff6]%4[0xffffff97][0xfffffff7]VI$[\r]Cm[0xffffffa3][0xffffff88]N[0xffffffb8]XI[0xffffffdb],Y[0xffffffea][0xffffff81][0xffffffd0]gy:[0xffffffbf][0xffffff84][0x10]^[0xffffffb6][0x4].[0xffffffc5][0xffffffeb]>[0x1c][0xfffffffe][0xfffffffe]3h&[0xffffffb3]hv[0xffffff94][0xffffff92][\n]"
15:11:24.698 [main] DEBUG com.github.dockerjava.zerodep.shaded.org.apache.hc.client5.http.wire -- http-outgoing-3 << "[0xffffffe5].L4[0xffffffa5][0xffffff8d][0xffffffb2]1[0xffffff9a][0xffffffff]`[0xffffffaa]c[0xffffffdc][0xffffffd3][0xffffff9c][0xffffffc3][0xfffffff2]^[0xffffff87]Pvz[0xfffffff9][0x10]rL[0xffffffbc][0x5][0x1f][0xffffffda]5R/[0xffffffad][0xfffffffb][0xffffffe1][0xffffffbc][\n]"
15:11:24.698 [main] DEBUG com.github.dockerjava.zerodep.shaded.org.apache.hc.client5.http.wire -- http-outgoing-3 << "[0xffffffff]=[0xffffffea]!K[0xffffff81][0xffffffeb][0xffffffe8]%x-[0xffffff81][0x6][0xfffffffa][0xffffffc3]_H[0x2]d[0x7][\r][0xffffffc1][0xffffffe1]g][0x18][0xffffff9b][0xffffff95][0xffffffd4]9N[0xffffffe0][0x9]g[0xffffffff]S[0xffffffb2][0xffffff84]p[0xffffffeb]q[0xffffffef][0xffffffe2][0xffffffb4]%[0xffffffa7]a[0xffffff93][0xffffffc2](8a[0xffffff98][0xffffffb7]Oi[0x2][0xffffffa9][0x19][0xffffffd4]:[0xffffff9c][0xffffff93]l[0xffffffe6][0xffffffbb]Q_[0xffffffd0]q([0x11]'a1T[0x10][0xfffffffc][0xffffffed]V[0xffffff9b][0x16][0xffffffcf][0xffffffb3][0x2][0xffffff9e][0xffffffa7]p[0xffffffc9]$[0xffffffdd][0xffffffb6][0xffffffff][0x3][0xffffff8f][0xffffffd0]JC[0xffffffab]=T[0xffffffa3]H[0xffffffc3][0xffffffee]R[0xffffffc8][0xfffffff1])[0xffffff86]8Z[0x7f]nhg[0xffffff90][0xffffffad][0x7][0xffffffb6]@[0xffffffc2][0xffffffc0][0xffffffee][0xffffffed][0xffffffdc][0xffffffda][0xffffffcf]L[0xffffff91]}[0xffffffde][0xffffff90]h98U)v/[[0xffffffdf][0xffffffda][0xffffff91]=[0xffffffce][0xffffffdd]_[0xffffffe5][0xffffff97][0xffffffcb];[0x5]7h[0xffffff97]2([\r][0xffffff90][0xffffffa6]/u[0xffffff97][0x7]Y[0x12][0xffffffaf]j@mw[0xffffffb9][0x7f][0xffffffe4][0xffffffba][0xffffff9e][0xfffffff4][0xffffffca][0xffffffb4]"[0xffffffc4][0xffffffd4]+[0xffffff94][0x1b][0xffffff92]l[0xffffff8c][0xfffffffd]G[0xffffffa9]Y![0xffffffa4][0xffffffba]$[0xffffffdd]uU-[0xc]A[0xffffffaf][0x9][0xffffffaf][\r]I{[0xffffffcb]e*[0xffffffc3][0x8][0xffffffba][0xffffffac]G[0xffffffe2][0xffffffe8]H[0xffffffe8][0xffffff88]to[0xffffffb9][0xb]\[0xffffffd5])[0xffffffae][0xffffff8f][0xffffffe7][0xffffff8a][0xffffffcc][0xfffffff1][0xffffffa6][0xffffff85][0xffffffbc][0xffffff9a]v[0xffffff8e][0xffffffe3][0xffffffd9][0xffffffb5]O[0xfffffffb][0xffffff81][0xffffffa8]c[0xffffffcc]l[0x6][0x15]i+[0xffffffcd][0xfffffffe][0xffffff84])[0xffffff9f][0xffffffb1]*[0xfffffffb][0x1d][0xffffff9e][0x6][0xffffffcc][0xffffffd3][0xffffff95][0xffffffed]]D[0xffffff8b]@[0xffffffd2][0xffffffcb]G"[0xb]L[0xffffff91]c[0x7f][0xffffffc8][0x16]*[0x5]a0[0xffffffd6][0xffffffc9][0xffffff88][0x12][0xffffff9a][0xfffffffd]<u[0xffffff95][0xffffff90]n[0xffffffeb]n[0xffffffa0][0x11][0xe][0xffffffdf]:[0xfffffff7][0xffffff8d][0xffffffd1]l6f[0xffffff9d]Y[0xffffffab]=[0xffffffdc]|[0xffffff9e][0xffffff82][0xffffff91]p5[0xffffffc1]b[0x14][0xffffffdf]![0xffffffad]0[0xffffff8a][0xffffffbb][0xffffffc8]&[0xffffff87][0xffffffa2]5[0xffffffcf]2[0x1d][0xffffffe0][0xfffffff1][0xc][0xf]{[0x11][0xffffff91]l8[0x5][\n]"
15:11:24.698 [main] DEBUG com.github.dockerjava.zerodep.shaded.org.apache.hc.client5.http.wire -- http-outgoing-3 << "[0xffffffc0][0xffffffc2][0xffffffac][0xffffffb9][0xffffffc2][0xffffffb3][0xffffffef][0xffffffb0]O9[0xffffff97]m[0xffffffa3]b[0x1b]x[0xfffffff2]M[0xffffffe0]A':G?n$[0x12][0xffffffdf]5$[0x10][0xffffffb9][0xffffffec][0xffffffa7][0xffffffc0]$[0x0][0xffffffc9][0x5][0xffffff99]UN[0xffffffe5][0xffffffe1][0x17]zb[0xffffffcd]h[0xffffffbb][0xfffffffd][0xffffffa9]_[0x1c]J[0xffffff9d]+[0xffffffe2];[0xffffffeb][0xffffffa4][0xffffffd2]<[0x13][0x1e][0xffffffe6][0x2][0xffffffa6][0xffffffff][0xffffff87][0xffffff91][0xffffffd0]6[0xffffff8e][0xffffff8b][0xffffff92][0x1b][0x1d][0xffffff91][0xffffffeb][0xffffff97][0xffffffd8]b1[0xffffffa5][0xffffffe1][0xffffffe3][0xffffffb9][0xffffffb3]%7[0xffffffb2][0xffffff81]z[0xfffffff0];[0xffffff98][0xffffffbb]a[0xffffff92][0xffffffb9][0x15][0xffffff9e][0xfffffff7]E[0xffffff88][0xc][0x3][\n]"
15:11:24.698 [main] DEBUG com.github.dockerjava.zerodep.shaded.org.apache.hc.client5.http.wire -- http-outgoing-3 << "[0x1][0xffffffa9]x[0x4][0x1d][0xffffffb7][0xffffff98]&[0xffffff84][0xfffffffc][0xffffffdd]/[0xffffff8e][0xffffffb8][0xffffffba][\n]"
15:11:24.698 [main] DEBUG com.github.dockerjava.zerodep.shaded.org.apache.hc.client5.http.wire -- http-outgoing-3 << ".[0x12][0xffffffe8]a[0xffffffa3][0xffffff95]Q[0xffffff9d][0xffffffbe][0xffffffb5][0xffffffab] [0xffffffc5]:,Q"}[0x19]ZE[0xffffff8d][0xffffffdf][0xfffffffa]P[0xffffffe0][0xffffffb0]s[0xffffffec],[0xffffffda][0xffffffd8]W7x[0xffffffa3][0xffffffd5]dpe[0xffffff99][0xfffffff7][0xfffffff2][0xf][0xffffffb6]`n[0x4][0x13][0xffffffc1][0xffffffdd][0xffffffc4][0x1e][0xffffff8c][0xffffffa6]=[0xfffffffb][0x9][0xfffffff7][0xffffff8f][0xffffffa3]4[0xffffffbc][0xffffffcd][0xffffffa8]?k[0x0]F[0xffffffc4][0xffffffe0]v[0x8][0xffffffbd]YD'T[0xffffffb1][0xffffff99]I[0xffffff99]q[0x12][0xffffff9d]zt[0xffffffa6][0xffffff81][0xffffffdc]N[0xffffffd8]*d}[0xffffff9a][0xffffffd7][0x14][0xffffffd0][0xffffff96][0xffffffb2][0x10][0x2]vhO}[\n]"
15:11:24.698 [main] DEBUG com.github.dockerjava.zerodep.shaded.org.apache.hc.client5.http.wire -- http-outgoing-3 << "[0x12][0xffffff90]p([0x2]f[0xffffffb9][0xffffffc7][0x1][0xffffffc8][0xffffffd7][0xffffffa0]B}>[0xffffffb2]e[0xffffffab][0xffffff9f]>[0xffffffa4][0x1b]B[0xffffffe0][0xffffffe9]]YZ][0xffffff8d][0xffffffc6]G[0xffffffb0]m[0xffffff9a]2[0x4][0xfffffffa][0xffffffcd][0xffffffec][0xe][0xffffff98][0xffffffd4][0xffffff8a][0xffffffe2][0xffffffcd][0xffffff8d][0xffffff87]G[0xfffffffb]{[0xfffffff1];[0xffffff8f]!Lo[0xffffffa2][0xfffffffb]/[0xfffffff9][0x7].[0x1e]F[0x10]C[0xffffffaf]vq[0xffffffbb]S[0x0][0xffffffc7][0xffffffef][0xffffffd2]:D[0xf][0xffffffe5][0xffffff97][0xffffff89][0xffffff8f][0xffffffe8][0xffffffd3][0xffffffeb][0xffffffa3]F[\r][0xffffff91][0x1f][0xffffffd2]]2)![0x1a][0x14]F[0xffffffc3]T%[0xffffff94][0xffffffc3][0xffffffa7][0xffffffd1][0xffffffc1][0xffffffa0]D[[0xffffff84][0x19][0x11][0xffffff86][0x3][0xffffffb9];M[0x4]^[0xffffff8f][0xfffffff3][0x2][0x4][0x6][0x2][0xffffffd5]DD[0x6][0xfffffff4][0x16][0xffffffe3]#[0xffffffa9][0xffffffec][0xfffffff9][0x1a][0xffffffe7][0xffffffed]^K[0xfffffffb]x[0xffffffd9]/[0xffffff96][0xffffffe8][0xffffffc7][0xffffffde]+[0xffffffc7]A[0xffffffc0][0xffffffde][0x1e]-[0xffffffc4]q[0xffffffcb]En[0xffffffd4][0xffffff88][0xffffffef]uCA[0xfffffffc][0x12][0xffffffae][0xffffffd9][0xffffffe8]k[0x10][0xfffffffd][0xffffffc1][0xffffffe5]#[0xffffff8d][0xfffffff3][0xffffffda][0xffffffe7]s[0xffffffdf][0xffffffa4]R[0xffffff98][0xffffff95][0xffffffb5][0xffffff96][0xfffffff0][0xffffffae][0xffffff8f]x[0xffffffe3][0xffffffac]j[0xffffffd7]A[0xf][0xffffffc1]tK\AQ[0xfffffff6][0xffffff96][0x1d]7[0xffffffa6][0xffffffda][0x1a][0xffffffaf]p[0xfffffffd][0xffffff96][0xffffffbb][0xffffffa4][0x7][0x1d][0xfffffff0][0xffffff83][0xfffffffb][0xffffffe7][0xffffffb6][0xfffffffc][0x1f][0x18][0xffffff98][0xffffffa0]~[0xffffffea][0xffffffa2][0xffffffdb][0xffffffba][0x8].[0x1b]a[0x1b][0xffffffca]h[0xffffff8a]4[0xffffff95][0x3]P[0x0]K[0xffffffcd][0x10][0xffffff8a]BF[0xfffffff4][0xffffffc8][0x18][0xf]vW[0xffffffce]I[0xffffffc4][0xffffffc9][0xffffffe9]\[0xfffffff1][0xffffffdf][0xfffffffc][0xffffffbd][\n]"
15:11:24.698 [main] DEBUG com.github.dockerjava.zerodep.shaded.org.apache.hc.client5.http.wire -- http-outgoing-3 << "a4[0x1]r[0x14][0xffffffa6][0xffffff9b][0xffffff84]&[0xffffffc3]][0xffffffbe][0x19][0xffffff83]Bp[0xffffff92]!|[0xffffffbd]t[0xffffff83][0xffffffc4]mq[0xffffffa6][0xffffff98][0xffffffeb][0xffffff9c]O[0xffffffad][0x7]6Mx[0xffffffb9][0x6][0x9]-[0xffffffb3]r[0xf]^1[0xffffffc2][0xffffff8b][0x7f][0xffffffd2][0x11]c[0xffffff88]O1m$Q4[0xffffff90][0xffffffc7][0xffffffaa]UY[0xffffffbe][0xffffffe2][0x7f][0xffffffe4]a.LS$[0xffffffcd][0x1e]N[0x1]fSCX[0x18]#[0xffffff86][0xffffffaf][0xffffffd7],[0xffffffd0][0xffffffb6][0x2][0xffffffcc][0xffffffd1][0xffffffcb][0xffffff9b]K5[0x1c][0x17]uo[0xffffffc3][0xffffffac][0xffffff8e][0xffffffe8][0x1f][0xffffff85][0x0] [0xffffffe0][0xffffffb8][0xffffffa0]Q`[0xffffffbc][0xffffffc6][0x12][0x10][0x8]+P[0xffffff90][0xfffffff1]O[0xffffffaf][0xffffffc0]rv[0xffffff8f]A[0xffffff9f][0x0][0xffffffe7][0xffffffd2];0P.4m[0xfffffff2][0xf][0xffffff93]Nb[0xffffffc5][0xffffffd9]v[0xfffffff5][0xffffffc8][0xffffffb0]:[0xffffff99][0xfffffff2]yz[0xffffffc5]9[0xffffffbf]JKk[0xffffffa1][0xffffffb4][0xffffffa5][0xfffffffc][0xfffffff1][0xffffffc4][\n]"
15:11:24.698 [main] DEBUG com.github.dockerjava.zerodep.shaded.org.apache.hc.client5.http.wire -- http-outgoing-3 << "[0xffffffdf]v[0xffffffd1]jh[0xffffff84][0xffffff90][0xffffffc4]TM[0xffffff8b][0xffffffef]n[0x9]f[0xffffff86][0xffffff9c][0xfffffffd]>f[0xfffffff1]inv)[0x5]S[0xffffffb8][0xfffffffc]+[0xffffffbd][0xffffffb0][0x17][0xffffff9f][0xffffffc1][0xffffffe3][0xffffffe3]1[0xffffffda]=[0x11][0x13][0xffffffe7]c[0xffffff8a][0x1b][0xffffffa7][0xffffffc4][0xffffffe9]8[0x5][0xffffffc0][0xffffffe0][0x11][0x1e]et[0xffffff85][0xffffffa1][0xffffff98][0xffffffce][0xfffffffa]w(D[0xffffffd9][0xffffffe2][0xffffff8a][0xffffff96]Y [0xffffffdd]I[0x0]4[0xfffffff7]:2LN[0xffffffe7]V[0xffffffd4]c[0xffffffcb][0xffffffed]^b[0xffffffc5]1[0xffffffa7][0xffffff84][0xffffffb8][0xffffffb9][0xffffffb3][0xffffff8b][0x17][0xffffff91][0xffffffa0][0xffffff81][0xffffffb2]/[0x19][0xffffffa5][0xfffffff4][0xffffffc5][0x2][0xffffffa1]_V]3[0xffffff87][0x18][0xfffffff6][0x16][0x1a][0xffffffa3][0xffffffbb][0xffffff99]U[0xffffffe1]sw[0xffffffcc][0xfffffff1][0xffffffbd][0xffffffc8][0xffffffbb][0xb][\r][0xfffffffe][0xb]en[0xffffffa1]`Vr[0xfffffff9][0xffffff90]KQ[0xffffffe5]oj[0xffffffca][0xffffff82][0xffffffc8][0xffffffc1][0xffffffd9][0xfffffff3][0xffffffdb][0x2]:[0x1d]T[0xffffffa2]"[0xffffff87]z&c=_[0xffffffce]bhD[0xffffffc6][0xffffffd1]s5x~[0xffffffd6]_i[0xfffffff0][0xffffffc3][0xffffff9c][0xffffffdb]k[0x6][0xffffffef][0xffffff83][0xffffffe4][0xffffffc1]L[0xffffffcc]>[0xffffffb1]<%[0xffffffae]G[0xffffffba]-[0xfffffffb][0x7][0x13][0xffffffed]R[0xffffffe5][0x7][0xffffff90]k[0x4]E[0xffffffca]7@[0xffffff86][0xffffff82][0xffffffe8][0xffffffbd][0x9]C[0xffffff88]KLUC[0x12][0xffffffe1][0xffffff9e][0xffffff94][0xffffffd6][0xf]:[0xfffffff4]([0x1e]6-[0xffffffb9]+[0xffffffa5]<[0xffffffe5][0xffffffe5][0xffffff91][0xffffffbc]n[0xfffffffa][0x3]>[0xffffff92]U[0xffffff84]=[0xffffffe7][0xffffff88][0xffffff94][0x8][0xffffff9c][0xffffff9a][0xffffff92][0xffffffeb][0xffffff95][0xffffffee]5[0xffffffd5]Ss[0xc][0xffffff96][0xffffff9e][0xffffffe8][0xffffff91]Z[0x1e][0xffffff9d][0xffffff97]x?mc[0xffffffb2] uy@[0x15]e[0xffffff84][0xf][0xffffff90]5,[0xffffffaa][0xfffffffa][0x6]3m[0xffffffd0][0xffffffa1][0xfffffff4][0xfffffff5][0x1][0x0]0[0xffffff89][0xffffffcb][0x4][0xffffff84]C[0xffffff81][0xfffffff5][0xffffffd0]W-[0xffffffb2][0xffffffab]Y[0xffffffbd]b[0xffffffd1]R[0xffffffa3][0xfffffffe][0xfffffff9][0xffffffb6][0xffffffec][0xffffffe2][0xffffffd0]E[0x6][0xffffffba][0xffffffc4]m%[0x3];lH[0xffffff9e][0xffffffcc][0xffffffff]a[0xffffffc7][0x1e][0xffffffb2][0x11][0xffffffb8][0xffffff89]Gv[0xffffffb1][0xffffff94][0xc]?[0xffffffcb][0xffffffee][0xffffff85]h[0xffffffc5]~[0xffffff9f]f3x[0xffffffa8][0xffffffd3][0x1e][0x4][0xffffff8e][0xffffffb0][0x1f]t[0xfffffff2]H[0x4][0xffffffa5][0xffffffc8]$[0xffffffe4][0x1c][0xffffffb4]KR[0xffffffd4][0x8][0xffffffbb]L[0xffffff9e][0xffffffe0]i[0xffffffcd][0xffffff96]c[0xffffffce][0xffffffef][0xffffffd6][0xffffffaf][0xffffffac][0xffffffbc][0xffffff95]<[\n]"
15:11:24.698 [main] DEBUG com.github.dockerjava.zerodep.shaded.org.apache.hc.client5.http.wire -- http-outgoing-3 << "[0xfffffffd][0xffffffa1]n[0xfffffff6][0x8]o0[0xffffff9d][0xffffffcc][0xffffffa1][0xffffff89]H[0xfffffffe][0xffffff8f]t[0xfffffffd][0xffffff8f][0xffffff9f]D[0x15][0x13][0xffffff8c][0xffffffff][0xfffffffc][0xffffff96][0xffffffbc][0xffffff91][0xffffffed]F[0xffffff87][0xffffffd6][0xffffff9a]m[0x12][0xffffffc7]\[0xfffffffc][0xffffff84][0x2][0x0][0x0]1[0xfffffff9][0xffffffaf]v[0xffffffa0]H/[0x7f][0xffffffc7]1J[0x7f][0xffffffbd]E[0xffffffa3][0xffffffd6]t[0xffffffef][0xffffffcf][0xffffffc6][0xffffffc0][0xffffffec][0xffffffe2][0xffffffab][0xfffffffe][0xffffffa5]F[0xffffff8e]:[0xfffffff1][0xfffffff4][0xffffff88][0xffffffd0][0xffffffac]@[0x0][0x12][0xffffff9c]w[0xffffffff][0xffffffdf][0xffffffa0][0x17][0xffffff80][0xffffffa8]NOn6[0xffffffc8]e[0xffffff91][0xffffffae][0xffffff8f][0xffffffe8][0xfffffff2]wH[0xffffff83],[0xfffffff3][0xf]f[\r]4[0xfffffffa][0xffffffbf][0xffffffda][0xffffff81][0xffffffca][0x0][0xffffff90][0xffffffb1][0xfffffffe][0xffffff8e]g[0xffffff84][0xffffff81]rN[0xffffff9d][0xffffffc4]|[0xffffff81]([0xffffffb5]r[0xffffffe9][0x16][0xffffffcc]![0xffffffc1][0x11][0xffffffba][0xffffff8a][0xffffffb7][0xfffffffe][0xffffffd7]Nx[0xffffffec][0xffffffb2][0xffffffc2][0xffffffe4][0xffffffdf][0x1f][0xffffff8b][0xffffffc8][0xfffffff2][0xfffffffe][0xfffffff9][0xffffffcf][0xfffffffe][0xffffffc5][0xffffffda][0xffffffa9]C[0x1][0x0][0x12][0x0]d[0xffffffae][0xffffffbf]#[0x1c]~[0xffffffa0][0xffffff9c][0xfffffff3][0x7f]=oT[0xffffff9e][0xffffff8c][0xfffffff3][0xffffffa4])[0xffffffff][0xffffffe4][0xffffff8d]#[0xffffffd9][0xffffffc6]\[0x9][0xffffffae][0xffffffec]P[0xffffffec][0x1c]u[0x4][0xfffffffa][0xffffffdc][0xfffffff9]7/TP~[0xffffffff]p[0xc][0x12][0x3][0x0][0x0][0xffffff94][0xffffffa1][0x0][0xffffffe8]s[0x0]d[0xffffffed][0xffffffbf][0xffffffe1][0x1d][0xfffffff4][0xffffffd1][0xffffffff]y[0xffffff8f][0x6][0xfffffffa][0xffffff9b]6[0xffffff8e]oO3N\@=[0xffffffd5]P^,[0xfffffff1]!.]m[0xffffff8c]6[0x1e][0xffffff8b]@[0xffffffb2][0xb][0xffffffec]E[0xffffff80]I@"[0xffffff82]a[0xffffffbc][0xfffffffd][0xffffffde][0x3][0xffffffe7][0xffffffe7]d[0xffffff96][U[0xffffffec][0xffffffda][0x1f][0xffffffbf][0xfffffff4][0xffffff8c]#[0xffffffcb][0xffffff96][0x13][0xffffffb1]K[0xffffffb8][0x1d]V[0xffffff9d][0x1][0xfffffffe]E.[0xffffffb6][0x10][0x16][0xf]p[0xffffffa9][0xfffffffc][0xffffffa2]q[0xfffffff9]&/[0xffffffad][0x1e][0xffffff86][0xffffffd7]_[0x14][0xffffffc5][0x9]V[0xffffffa8]`[0xffffff94][0xffffffb6][0x18] ([0xfffffffe][0xffffffd9][0xffffffe9]r[0xffffffb5]*pIBT[0xfffffffe][0x12][0xffffffbe][0xffffffd6]:[0xffffffd8][0xfffffffe][0x14][0xffffffd6][0xffffffc1][0xffffff9d]s)[0xffffffc8]2z[0xffffff93]c[0xffffff92][0xffffff8b]H[0xfffffff7][0xffffffa8]3k[0xffffff9e]5[0xffffffc2]xe[0xffffffa2]g(b[0xffffffec][0xffffffde][0xffffffe3]Z[0xffffff9c]"[0xffffffaf]AkpX[0xfffffff1][0x8]GqZ[0x8]_[0xffffffd1][0xffffffc2][0xffffffd0][0x1]@[0xffffffc6][0xffffff96][0xffffffa1]N[0xffffffa6][0xffffffd1]+3[0x10][0xfffffff6][0xffffffa4][0xffffffef][0xfffffff8]S[0x10]V$Rc[0xfffffffb][0xffffff8c]:[0xfffffff4][0xffffff87][0xffffffc8][0xffffffdc][0xffffff84][0xffffffb9][0x5][0xffffffbd]<[0xb][0xffffffec][\r][0xffffffb8][0xffffff97][0xfffffff4][0xffffff97][0xffffff92][0xffffffa0][0xffffffef]gpl[mtG[0xfffffffe][0xffffffea][0x7][0x17][0xffffffbe][0xffffffbf][0x1] [[0xffffffef][0xffffff9f][0xffffffc8][0xffffffab][0xffffff8c][0xffffff8e][0xffffff9e]b[0xfffffff8][0xffffff8f]L[0xffffff81][0xffffff97][0xffffffac]"[0xb][0xfffffff0]cg[0xffffffad][0x4]B[0xffffffb2][0xffffffb2][0x16]i7D}[0xc][0xffffffa9]Az[0xffffffbd][0xffffffa0]M[0xffffff83][0xfffffff1]![0x1c]f[0xffffffbf][0xffffff80][0xffffffbd][0xffffff86][0xffffff89][0xffffff92]O[0xffffff83];B[0x18][0xfffffff8][0xffffffeb][0xfffffff6][0xffffffc2][0x11][0x19][0xffffffca][0xffffffd8][0xffffffbe][0xfffffff4]M+<[0xffffffe8]1cs~[0xffffff9d]#4[0xffffffbf]{[[0x1a][0xffffffdb][0xffffffa9]E[0xffffffe6][0xffffffa8]8mBC5[0xfffffff8][0xffffffdf]P[0xfffffff6][0xffffff91][0xffffffde]x_[0xffffff80]P[0xffffffe3][0xffffffd6]H[0xffffff9e]{[0x4][0xffffffa0]Z[0xfffffff4][0xffffff9a]q[0xfffffff1]9[0x7f][0xffffffcf][0xffffffb3]#[0xfffffffe][0xfffffff1].[0x1e][0xffffffd9][0xffffffcb][0xffffff85][0xf]5[0xffffff86][0xffffffd4]3[0xb][0xffffff88]O[0xffffff82][0xffffffa0][0xffffff81][0xffffffe5][0xffffffa5]fq[0xffffffbe][0xffffffaa]LV]&[0xffffffa8]+[0xffffffda][0xffffff84]1[0xffffffca][0xf][0xffffff8b]4u[0xffffff86]L*[0xffffffb2]3[0xffffffe1]jy[0xffffffdf][0xffffffd1]_)>[0xffffff9c][0xffffffac][0xffffffe1]I[0xffffff95]y[0x2]j[0xffffffcc]}[0xffffffd3]Tc[0xffffffbe][0xffffffd8]r[0xffffffc1]E[0xffffffef][0xffffffb9]Zt[0x2][0xfffffff9][0xfffffff2][0x16]P[0xfffffff7]@[0x12][0xffffff80]Ln/[0xffffff9b][0xffffffee]F!JHq[0xffffffbe][0xe][0xfffffff4][0xffffffa1][0x9]E[0xffffffbe][0xffffffaf][0xffffffc4][0xffffffbb][0xffffffcc]w+[0xffffffa2][0xffffffb0][0xffffffe1]b[0xffffffca]$l<l[0xffffffb0][0xffffffd9][0xffffff84][0xffffffd0][0xffffffc0][0xffffffc4]+O[0xffffffb7]R^[0xffffffc9][0xffffffd4][0xfffffff0][0x15]?[0xffffffd3]G[0x1a][0xfffffff5][0xffffff96][0xffffffc9][0xffffffa1][0xffffff99]-[0x4][0xffffffb4][0xffffff8f]}[0xffffff9e][0xffffff90][0x8]:[0x14]@}[0xffffffd2]ZJ`J[0x11]y[0xffffffca][0xffffffcb][0xffffffe2][0xffffff85]i[0xffffffc5][0xffffffcf][0xffffffec][0xffffffd3][0xffffffb8][0xffffffed][0x7f]O[0xffffffb2]f[0xffffff9f]0[0xc][0xfffffff7][0x1d]A2:;M[0xffffff93]|[0xffffffd5][0xffffffe0][0x14]b)[0xfffffffc][0xffffffea][0xffffff9c][0xffffff89]L#[0x1f][0xffffff88][0xffffffb5]$H[0xffffffb5]Q@4[0xc]j[0xffffff9b][0xfffffffa][0xffffffaa][0xffffffc7]d)[0xffffffd2][0xffffffdd]'[0xffffffe7]c[0xffffffe9]/[0xffffffe9]LJ[0xffffffc1] [0xffffffd9][0xffffffcb][0x10]%[0xffffffa1]Y[0xffffff97][0x17]`[0xffffffe6]A[0xffffffb9][0xffffffb4][0xffffffec][0xffffff92]-[0xffffffee][0xffffffcf][0x2][0xffffffac][0xffffffa6][0xffffff89]Z[0xffffffe0][0xfffffffe][0xffffffc6][0x11][0x7][0xffffffeb][0xfffffff9][0x16]h[0x1d][0xffffffda][0xffffff88]H>[0xffffffb8][0xffffff9b][0x0]g[0xfffffffd]q[0xffffff95][0xffffffb8][0xffffffb2][0xffffffef]"[0xfffffff5]([0xffffffd6][0xfffffffb][0xffffff9e]7[0x1c]T[0xfffffffb][0xffffffd0][0x1a][0xffffffc4]*'HKk[0xfffffffd][0xffffff86][0x14]o[0xffffffdb][0xffffffe6][\r][0xffffffff][0xffffffee](9[0xffffff96][0xc][0xfffffff1][0xffffffa6]yI^[0x4][0xffffffc8][0x10][0xfffffff5];[0xffffffed]3[0xfffffff0][0xffffff89][0xffffff8a][0x14][0xffffff99][\r]jk[0x6][0xffffffbd][0xffffffe0][0xffffffff][0xc]'[0xffffffeb][0xffffff97][0x7f]w[0xffffff91]%[0xffffffc8]0[0xffffff90][0xffffff92][0xffffffb9]@[0xfffffff0][0x1e][0xffffffc3][0xffffffc1]y>\*[0xffffffb2][0xffffffe8][0xffffffd0]-N[0xffffff88][0xffffffad][0x6][0x13]Q[0xffffff8d][0xffffff87]wAd0Mr[0xffffffe4]H[0x1a][0xffffffb7][0xffffff90][0xffffffac][0xffffffba][0xb][0xfffffff4][0xffffffe4][0xfffffffa]Y[0xe]gp[0xffffffd4][0xffffffd9][0x15]3[0xffffffa1][0xffffffb5][0xffffffc3][0xffffffd5]z[0xffffffca][0xffffffbb]g[0x14][0xfffffff7][0xffffffc1][0xffffffe0]U`#l[0xffffffde]Zi[[0xffffffe2][0xffffffb7]a[0xffffff99][0xffffffbb][0xffffffda][0xffffffe4]l[0xffffffc0][0xffffff9e][0xffffff8a][0xffffff80]%A8[0xffffffa8][0xffffffe9]NV=[0xffffff89]B[0xffffffca][0xffffff82][0xffffffa5]pL[0xffffff94]&[0xffffffc6]G[0x12][0xffffffd8][0xffffff82]8[0x0][0xffffff95]J[0xffffffea][0xffffff97][0x6][0xffffffbb]:[0xffffff89][0x1a]e[0xffffff92][0x1c]*[0xf]2+[0x3][0xffffff9e][0xffffffe8][0xfffffff6][0x2][0x5][0x13]~v[0xffffffde]@F[0xffffff89][0xffffff85][0xffffff93][0xffffff85][0xfffffff9][0xffffff8d][0xffffffee][0xffffffcc][0xffffff8c][0xf]P[0xffffffdf][0x15][0xffffff87][0xffffffe9][0xffffffe9]-[0xffffff8c]=B[0xffffff8b][0xffffffc2])[0xffffff9b]&[0xffffffb6][0xffffffe5][0xffffffd8][0xe][[0xffffffe2]89[0xfffffff2] 9Wu"[0xffffffc4][0xffffff86]3[0xffffffc0]X[0xffffffaa][0x16]u[0xffffffe4][0xfffffff0][0xffffff8a]a[0xfffffff2][0xffffffd9][0xffffffbc]:[0x14]#Q[0xffffffff][0xe]U[0xffffffbb]'[0xb]b[0xffffff96][0xffffff92][0xffffffad][0x18]w[0x1][0xffffff91]i[0x17])[0x4][0x15]"[0xffffffe0]U[0x12][0xffffff86]6[0xffffff89][0xfffffff4][0xffffff91][0xffffffc7][0xffffffb9][0xffffffa1][0xffffffe8][0xffffff9b]6I.[0xfffffff7]y[0xffffffeb]C}[0xffffffdd]][0xffffffd7][0xffffffe5]3[0xffffff8d][0xffffff8d][0xffffffba][0xffffff85]"[0xffffffdf][0xffffff90]L[0x0][0xfffffff6]4[0xb]4K[0xffffffc3][0xffffffab]@[0xffffffb2][0xffffffb4][0xffffffaa]44i[0xffffffb0][0xfffffff4][0xffffffc2]?P[0xffffffbe][0x5]K^aIG[0xffffffd6][0xffffffd5][0xffffffd8]L[0xffffff97]N[0xffffff9b]\[0xffffffb9][0xffffff8b][0xfffffffb][0xfffffff7][0xffffffcb][0x1c]fM=n[0xffffffc9][0x0]^[0x1f][0xffffffc8]C=[0xffffff92]<[0xffffffc3][0xfffffffe][0xffffffe3]HBT[0xffffffed][0xffffffbc][0x1a]68U[0xffffffe7][0x8]}[0xffffffa2]A[0xffffffb5]s[0xffffffe2][0xffffff9d];[0xfffffffe]w[0xffffff97][0xffffffc0][0xffffff9f][0x1b][0x1f][0x0][0x0][0xfffffff4][0xffffffca][0xffffffd7]?[0xe][0x0][0xffffff9a][0xffffffe1]I[0xfffffffb][0xffffffc0]m[0x17][0x7][0xffffffeb]@[0xffffffca][0xf][0xffffffe0]|[0xffffffc5][0x1][0x0][0xffffffc4]6[0x1b]r3[0xffffffc6][0x17][0xfffffffe][0xffffffe5]/[0xfffffff5]2[0xffffff97][0xffffffaf]RY([0xffffffe3]y5`[0xffffffbc][0x1a][0xffffffa6]o;[0xffffff87][0x6][0xffffffff][0xffffffff][0xffffff8d][0xffffff93][0xffffffbc]c[0xffffffc9][0xffffff87]TvKJlXM[0xffffffe9][0xffffffeb][0xffffff87][0xffffffcd]z[0xfffffffe][0xfffffff8][0xffffffa1][0x16][0xffffff8d][0xffffffd0]<[0xffffff9a][0xffffffbf]+[0xffffffce]X^[0x5][0xffffff87]1<[0xffffffeb][0xffffffe1][0xffffffa6]~[0xf][0xfffffffe][0x5][0xfffffffd][0xffffffd0][0xffffffb2][0xffffffd4][0x18]+[0xffffff9d]s[0xffffffc5]Mhf[0xffffffcc][0xffffffae][0xffffffa7]e[0xffffffca]Fa[0x2][0xffffff84][0xffffffb7][0xffffffc6][0xfffffffd][0xffffffe7]7[0xffffffcb]>[0xffffff82]v[0x11][0xffffffe2][0xffffffec][0xffffffb8]N[0xffffffdf]XR[0xffffff9b][0xffffffd2] [0xffffffc4]&;[0xffffff97][0xffffffd8][0x1]k[0xfffffffa][0xffffff96][0x1d]Sp[0xffffff8c][0xffffff80][0xffffff98]SR[0xffffffe0][0xffffffd8][0xffffffcd][0xffffff8c][0x1f][0xffffffbc][0x4]+&[0xfffffff0][0xffffffb7]E[0xffffffd5][0xffffffdc][0xffffff97]?[0xffffffa2]{N[0x14][0xffffff9d]"[0xffffffa1]LX[0xffffffcf]O[0xffffffe7][0x5][0xffffffa0][0xffffffab]@a[0xfffffff9][0xfffffffa]e[0xffffffd8][0xffffffd1][0xb][0xffffffe8]r[0xffffffe4][0xb]c[0xffffffb6][0xffffff96][0xffffff9e][0xfffffff5][0xfffffff5]@[0xffffffe1]lG:[0x9][0xffffffed]'[0xffffffb5]lV[0xffffffaa]XX[0xffffffc3]\[0xffffffda][0xffffff80][0xffffff9d][0xffffffab][0xffffff95]2]4uY[0xffffff98]F [0xffffffb1][0xffffffb9]5B[0xf][0x11][0xffffffeb]8w[0x7f]t[0xffffffe7][0x11]O[0xffffffb0][0xffffff95][0xffffffa2][0xffffffb5][0xffffffcb][0xffffffaf](S[0xffffffb3][0xffffffe0]m<[0xffffffe8][0xffffff98][0xffffffb9][0x1d][0x0][0xe][0xffffffb9][0xffffffea]c[0xfffffffd]0[0x16][0x9][0xffffffa7]hn1[0xffffffa1][0xffffffed][0xffffffe1][0xffffff8e][0x1][0xffffff82]ZD[0xffffff8c][0xffffffb6][0xffffffcf][0x2]q#Z[0xffffffef]f[0x1b][0xffffffec]#[0xffffffca][0xffffffa0][0xfffffffb]w0|[0xffffffb0]=[0xffffffe5][0xffffffd3]N[0xffffffa8][0xffffffa2][0x10]6[0x18]q[0x5]p[J[0x6]N[0x9][0xfffffffe]+[0x7f][0xfffffffe]"f [0xffffffbd][0xffffff90][0xfffffff0][0xffffffa4][0xffffffb1][0xffffffe5][0x1a][0xffffffdd][0xffffffda][0x8][0xf][0xffffffb4]][0xffffff8a][0x7f][0xffffffdc][[0xffffffae][0xffffffed][0xffffffc8]v[[0xffffffbc]y^v[\r][0xffffffaa][0xffffffab][0xffffff97]{[0xffffffea]i[0x3][0x1e]Sz[0xffffffb7][\n]"
15:11:24.698 [main] DEBUG com.github.dockerjava.zerodep.shaded.org.apache.hc.client5.http.wire -- http-outgoing-3 << "[0xffffffe6]O[0xffffffc4][0xffffffcd][0xffffff98][0xfffffffa][0xffffff96][0xffffff85][0xffffffed][0xffffffbe][0xfffffff4]T[0xffffffdd][0xffffffd6][0xffffffb5][0xffffffbb][0xffffffa2][0xffffffee][0xffffffed]_R[0xffffffc3][0xffffffc3][0xffffffb5]K[0x1f][0xffffffc7][0xffffffc0][0xffffff9f][0xffffffed][0xffffff94][0xffffff8e][0xffffffbb][0xffffffb6]Y[0xe][0xffffffd1]j[0xf]X[0xffffff98]Z+GE+=[0xffffffb9][0xffffffc2]hsb[0xe]?[0xffffffac]J[0xffffff8f][0xffffffb0]%[0x15][0xf][0xffffff8d]d[0xffffff9e]{.[0xffffff96][0xffffffea][0xffffffd2][0xffffff98]Y.[0xffffffd3]&[0xf][0x1b]Ih[0xffffff89][0xffffff85]m[0xffffffd9]=[0xffffffa3]&%[0xffffff9f][0xffffff96]|[0xffffff9a][0xffffffc1][0xffffffef][0xffffff89]Yb[0xffffff95]wG[0x9][0xffffff96]e[0x16]V[0xffffffa2][0xffffffca]p[0xffffffd1]#[0x11][0xffffffa2][0xffffffc0][0xffffff83]/"[0xe][0x10]%+IB[0xffffff80]6 .l[0xffffff98][0xffffff8a][0x4][0xffffff9d]P[0xffffffdd][0xffffffc8][0xffffff81][0xffffffce][0xffffffec][0xffffffff][0xfffffff8][0xffffffab]z[0xfffffff2][0xffffffe7][0xffffff8f]M_=A[0xffffff8c][0xffffff98][0xfffffffb]z[0xffffff9f][0xffffff85][0xffffffab]2V[0xffffffa4]:R[0xffffffa5][0xfffffff9][0xffffffb3][0xfffffff5][0xffffffb5][0xffffffa8][0x1]/[0x5]/][0xffffffa8][0xffffffaf][0xffffffc4][0xfffffff3]p[0xfffffffb][0xffffffcb][0xffffffe0][0xffffff88][0xffffffd7][0xffffff9c][0xffffff9c][0xffffffa4][0xffffffa5][0x7f][0x4][0xfffffff8][0xffffffa7][0x10][0xfffffffa][0xffffffa8][0xffffffa8][0x16]}[0xffffff8a]J[0xffffffaa]&[0xffffffb1][0xffffffae][0xffffffd5][0xffffff83][0xfffffff0]mB%[0xffffffb2][0xffffffe8]g+[0xfffffff2][0x1a];U[0xffffffb9][0xfffffff8]]G7p[0xffffffd7][0xffffffc1],[0xffffffac]Q[0xffffffad][0xfffffff0][0x12][0xffffff80][0x3][0xc][0xfffffffd][0xffffff82]\[0xfffffff2]>[0xffffffee][0xffffffdd]([0xffffffe2]h[0xffffffb3]J[0xffffffb0]R3[0xffffff9d]c[0xffffff93]dH[0x8]][0xffffffd8][[\n]"
15:11:24.698 [main] DEBUG com.github.dockerjava.zerodep.shaded.org.apache.hc.client5.http.wire -- http-outgoing-3 << "[0xffffffee]m\[0x13][0xffffffe7]x[0xfffffff1][0xffffffa2]e0q[0xffffffa4][0xffffffe5][0xffffffde]`L7[0xfffffffa][0xfffffff6]v[0xffffffc5]r[0xffffff9c][0x7f],?[0xffffffb5]EJ[0xffffffc2]];[0xffffffa8][0xffffffbf][0xffffffee][0xffffffe8][0x12]H*W,a6^[0xffffffdd][0xffffffa9]WZFlS[0xfffffff7]W[0xffffffc7][0xffffffa8]nc[0xffffffe7]Fg[0xffffff85][0xffffffbc][0xfffffff4]l[0xfffffff9][0xffffffc1][0xffffff81]Z[0xffffffed]}:[0xffffffb9][0xfffffff1]M[0xffffffd3][0x13]W[0xfffffff7]D[0xffffffec]W[0xffffffb6]S[0xffffffaa]3[0xffffffac]Z[0xffffffb4][0xffffffe4][0xffffffc8][0xffffff9b][0xffffffb7]@E[0xffffffd4]^J#[0xffffff94][0xfffffff2][0x1f]}[0x16]#Y[0x16][0xffffffa6]J[0xffffffc4][0xfffffffa]^[0xffffffe8][0xffffffad]'[0xffffffcb][0x10]B[0xffffff8e][0xffffffa4][0xffffffc3][0xffffffcb][0xffffffed][0xffffff99][0x7][0xffffff9e]+[0xffffff8f][0x15][0xffffffd4][0xffffffe8][0xffffffa2][0xffffffc2][0xffffffa0]c[0xfffffff7]]^>[0xffffff83][0xffffff80][0xffffffde][0xffffffde]C[0xffffff87][0xffffffbd][0xffffffb6][0xffffffc3][0xffffffdc]o[0xffffffcc][0xffffff94]49[0xffffffee][0xffffffb5][0x19][0xffffffd0][0xffffffe2][0xfffffff1][0xffffffa9][0xffffff9f][0xffffffd4]E[0xc]e[0xfffffffd][0xffffffc0]Y3"[0xffffffe5][0xfffffff4];[0xffffffc7][0xffffffc9][0xfffffff0][0x7][0xffffffff][0xffffff99][0xffffffc4][0xffffffc3][0xffffffd5][0xffffffe3][0xfffffff5][0xffffffa9]7[0xffffffcc][\n]"
15:11:24.698 [main] DEBUG com.github.dockerjava.zerodep.shaded.org.apache.hc.client5.http.wire -- http-outgoing-3 << "~[0xffffffd0][0xfffffff3][0x7][0x5][0xffffffed]C5[0xffffffe7][0xffffffe9]Y[0xffffffe2][0xffffffc8][0xffffff9f][0x3][0xffffff96][0xffffff9e][0xffffff9d]S[0xffffffdb]/[0xffffff85][0xffffffc4][0xffffffe0][0x5][0xffffffa0][0xffffffe0][0x1a][0xffffffd0][0x13][0xffffffb8][0xffffffd8][0x14][0xfffffff0][0xffffff84][0x14]9[0xffffffe9][0xffffffd5]xn^[0xffffffeb][0xffffff8f]p[0xffffff99][0xffffff9c][0xffffffd9]][0xffffffc6][0xffffff98][0xffffffc4][0xfffffff1][0xffffffe6]\[0xffffffc1][0xffffffe1][0xfffffff6]@-[0xffffffc1]U4[0xfffffff1]@C[0xffffffc4]@z~)[0xffffffd0][0xffffffc8][0xffffffcf][0xffffff9c]pX:[0x10][0xffffffb2][0xffffffe5][0xffffffb0]F[0xffffffd5][0x6][0x4][0xffffffc5][0xffffffa6][0x1f][0x1f]][0xfffffff0][0xfffffff8]#[0xffffffe3][0xffffffa3][0x1][0xffffffce]2>M[[0x7]{[0xffffffb1][0xffffffae]^[0xffffffce][0x6]}[0xffffff9c][0xffffffe5]f[0xffffffab]f[0xffffff88][0xffffffe8][\r][0x4]2[0xffffffe1][0xffffffaa][0xfffffffa][0xffffffed]0@7[0xffffff84]/[0x4]~[0xffffffa5];z[0xffffff80]F$\[0xfffffffa][0xffffffca][0xffffffa0]8j;[0xffffffd6]3[0xffffffb4][0xe]{[0xffffffde][0xffffffcb]V[0xffffff83]h;[0xffffffb0]e[0xffffff99]2[0xffffffa8][o[0xffffffa5][0x16][0xffffffdc]-q-u[0x8]=Y[0xffffff87]/[0xffffff9d][0xffffffbb][0xfffffff7]uvF5[0xffffffe2][0xffffffb9][0x14][0xffffff97][0xffffffdc][0xb]L[0xfffffff6][0xffffffc3]Z![0xffffffa4][0x0]`[0xffffff88][0x0][0x8][0xffffff93][0xffffffb5]3[0xffffffdd][0xffffffbc]@[0xffffffaa][0xffffffcd]X&(j|bE[0xffffffe8]%[0xffffffec]I[0x9][0xffffff91][0xffffffd0][{[0x1e][0xffffff9b][0xffffffc2]R[0xffffffa7][0xc][0xffffffae][0xffffff89]R[0xffffffed]([0xffffffd9][0xfffffff7]\[0xffffffa3]>tl[0xffffffcf]4[0x12][0x18]Y[0xfffffff0]/=`[0xffffffeb][0x8]}[0xffffffa3][0xffffffab]Y\Fo[0xffffff91][0xffffff8b][0xffffffe5]~[0x1b]k[0x13]3g[0xffffffb3][0x1d][0xb][0x3][0xffffffa7][0xffffffde][0xfffffff9][0xffffffe5][0xfffffff3]fy[0xffffffbd]:[0x7f]![0xffffffda]-[[0xffffffaf][0xffffff85]%[0x12]/'[0xfffffff7][\r][0xffffff86]R[0xffffffd0][0x17][=[0xffffffe9][0xffffff95]u[0xfffffff0][0xffffffed][0xfffffff3]|[0xffffffad][0xffffffa8]t[\r][0xffffffd7][0xffffffd9]K[0x13]C[0xffffffa7][0xfffffff7]L[0xffffff91][\n]"
15:11:24.698 [main] DEBUG com.github.dockerjava.zerodep.shaded.org.apache.hc.client5.http.wire -- http-outgoing-3 << "[0xffffffea][0xffffffcc]5[0xffffff9c]3[0xffffffc1][0xfffffff9][0xffffff93][0xffffffb7][0xffffffbc][0xffffffba]h[0xfffffffb]hN[0xffffffa7]B[0xffffffad][0xffffffce][0x1]/[0x16]V[0xffffffa0][0xffffff99][0x9][0xffffffbf]n[0xffffffe5]|e}[0x15]Y[0x3][0x10][0x11]q[0xffffffc7]0mu[0xffffff9a][0xffffffe0]b[0xffffffc7][0x16][0xffffff86][0xffffffd9][0xffffff84]}[0xffffffa2][0xffffffa2][0xffffff85][0xffffff82]0[0xffffff86]E[0xffffff85][0xffffffdd]F[0xffffffee][0x11][0xffffff9d][0xfffffffb][0xffffffa6][0xffffffcc]R[0x9]u[0xffffffff][0xffffffe5][0xffffffd9][0xffffffd9][0xffffff91][0xffffffaa][0xffffffcb][0x1d][0xffffffe0][0xffffff91]h5[0xffffffa1][0x10][0xffffff93][0x1b][0xfffffffd]L[0xffffffa4][0xffffffa8]eO2[0x1e][0xffffffdc]|[0xffffffeb]J[0x9][0x1][0xfffffff2]@[0xffffffb6][0xffffffa3]*|s[0x1c]O[0xffffffa6][0xffffffeb]&[0xfffffff0][0xffffffa3][0xffffffbf][0xffffffb8][0x7f][0xffffffd0][[0xffffffa8][0xffffff87][0xfffffff0]R[0xffffff98][0xffffff80][0xffffffdf][0xffffffee]#[0xffffffb5][0xffffffd2]Q$[0xffffffd1]J[0xffffffac][0xffffffc5][0x1][0xb][\n]"
15:11:24.698 [main] DEBUG com.github.dockerjava.zerodep.shaded.org.apache.hc.client5.http.wire -- http-outgoing-3 << "[0xffffffd1].k[0xffffffb0][0xffffff97]?WS[0xffffffa6][0xffffffb6]H[0xffffff99]x{[0x14][0xffffffc2][0xffffffa2]![0xffffffa3][0xffffffdf][0xffffffd3]i[0xffffffbe][0xffffffd3]?[0x13]u2([0xffffffbc])+[0xffffffe0][0x7][0xffffffec][0xffffffc3][0x1e]t[0xffffffc2]J)l[0xffffff9c][0xffffff8c][0xffffffd4]{[0x1f][0x18][0xffffffa1]E[0xffffffed][0x0][0xffffffdd][0xffffffb1]y~u[0xffffffe7][0xffffff89]"6[0x1d][0xffffffb8][0xffffffd6]B[0xffffff86]![0xffffffb0][0xffffff85][0xffffff88][0x1e]y[0xffffff99][0xffffffc3][0xffffffbb][0xffffffe8][\r]aM[0xffffff99][0xffffffa9][0xfffffff4][0xffffffcf]q[0xffffffdd]O0[0xffffffde][0xfffffffc][0xffffffee][0xffffffd8][0xfffffff2]T[0xffffffee][0xffffffe8]T[0x6]i`[0x17][0xffffff94]k[0xffffffe7][0xffffff9e][0xffffffb4]8![0xffffff9b][0x14][0x18][0xffffffb8][0xffffffed][0x17][0xfffffff9][0xffffffac][0xffffff85]F[0x4]Rs[0x15]oG[0xffffffbf][0xffffff80]x[0xffffffcb][0xffffffc4][0xffffffd4][0x12]\bb[0xffffff82][0xffffffec]*[0xfffffffe][0x4]s[0xffffff9d][0x15][0xffffffd2][0xffffffb4]p[0xffffff8c]A[0xffffff8b][0xffffffe7]%iz[0xffffff88][0xffffffd8][0xffffff96]6[0xffffff97][0x1b][0x10][0xffffffa0]@b[0xffffff8f]%3[0xffffffe8]AgjYT[0xffffffef][0x9]X:[0xffffff9f][0xffffffb5]e[0xffffffe6][0xffffffc4][0x18][0xffffff93][0xe][0xffffffbc].[0xffffffff][0x1b][0xffffff8e][0xffffffa2][0x2]xh[0xffffff97]!~I[0xffffffee][0x1a][0xffffffb5]#[0xffffff82][0xffffff8a][0xfffffff1][0xffffffc6][0xffffff84]Z[0x4]w[0xffffffd2][0xffffff9f].[0xffffffe6]U[0xf][0xffffffd5][0xfffffffb]y[0x1b][0x4]<[0xffffffd5]4[0x8]O[0xffffffc0]Si[0xffffffa4][0xffffffb1]E[0xffffffb6][0xffffffdf][0x1f]Q[0x7][0xffffffdf]^[0xffffffc3][0xffffff85][0x0][0xffffff8d][0xffffffb7]ZIMJ[0x12][0xffffffc6][0xf][0xffffff97]u[0xffffff95][0xffffffbc][0xffffffea][0x12]h[0xffffffe3][0xffffffe5][0x1][0xffffffdd][0xfffffff2][0xffffffbe][0xffffffda][0xffffffef]&P[\r];l)[0x6]"[0xffffffe6][0xffffffd5][0x1d][0xffffffe7],3[0x1e][0xffffffc3][0x13][0xffffffbb]~a[0xffffffd4]=>[0xffffffbd]q[0x1a]g[0xffffff95]`f[0xffffffc8]R[0xffffffb5][0xffffffb0][0xffffffa2][0xffffffd0]O[0xffffffef][0xffffff9c]Y[0xffffffb9][0xffffffa3]`[0xffffff8b][0xffffffc5][0xffffff97][0xffffff91][0xffffffc6][0xffffffd2][0xffffffec][0x17]~[0xfffffffe]b([0xffffffcc][0xffffffac][0xffffffcf][0xffffffab]E[0xffffff9b]~[0x1d]+%[0xffffff9f][0xffffffeb][0xffffffcf][0xffffffed]w[0x1b]y[0x1c]HS[0xfffffff8][0xffffffd4][0xffffffcc][0xffffffe6][0xfffffffa][0xffffffe2]e[0xfffffff0][0xffffffb4][0xffffff87]J[0xffffffd7]e0[0xffffffe9][0xffffffda][0xffffff91]Rw[0xffffff89][0x0]G[0x6]G{B&[0xffffffc9]km[0xfffffffe][0xffffffbc][0xffffffce]#[0xffffffa8])[0xffffffaa][0xffffffe3][0x5]^[0xffffff9a][0xffffffa8][0xfffffffb]bD[0xffffffbd][0xffffffb6][0x4][0xffffff9e][0xffffffa5][0xffffffc1][0xffffffbe][0xfffffffb]qH)[0xffffffbf][0xffffff9c][0xffffff8b][0xffffff9b][0xffffff96]%/c[0xffffffb1]v[0x14]5[0xffffffba][0xffffffda][0xffffff9a][0xfffffffa]y[0xffffffca])c[0x17]P[0x12] [0xffffffd4][0xffffff85][0xffffff8d]K[0xffffffa3]-e[0xe]Y[0xffffffb3][0x1e][0x8]y[0xffffff89][0xfffffffc][0x1d][0x15][0xffffff9f][0xffffffd5]iae[0xffffffbb][0xffffffdf]urt[0xffffff90][0x1b]a[0xffffffa5][0x6][0x6]^![0x9][0xffffff93][0xffffffbd][0xe][0xffffffc7][0xc]^0[0xffffff92][0xffffffeb]^[0xfffffff2][0xffffff82][0x15],[0xffffff9c][0xffffffb0]DC[0xffffffde]X[0x1a][0xffffff9d]9+[0xf]vrlv[0xffffff91]|[0xffffffdd][0x10][0xffffffe6][0xffffff83][0x14][0xffffffb2][0x1f][0xfffffff8]eb[0xffffff8b]y[0x1e]5[0xffffff88][0x3][0xffffffe5][0xe][0xffffffc2]i[0x17][0x1b][0x18]b[0xffffff97][0xffffff87]([0xfffffff0]C[0xffffff93]_[0x13]j[0xffffffde]%5Q[0xfffffffa][0xffffffbb][0xffffff9e][0x19][0xfffffffb][0xffffffaf]=[0x6][0xffffff93][0xffffffdd][0xffffffa9][0xb][0xffffffc7]v6[0xffffffad]KY=[0xffffffb6][0xffffff81][0xffffffa6]s[0xfffffffa][0xfffffff5][0xffffffbb]!*[0x2][0xfffffffa][0xffffffba]&[0x17][0xffffffba]![0xffffff81][0x1f][0x6][\r][0x17][0xffffffb4]H[0x7]5[0x1b][0xffffff89][0xffffff94]J[0xffffffb3][0x7][0xffffff8e][0xffffffae][0xffffffe9]T[0xf]e[0xffffff85][0xffffff93][0xfffffff9]RO[0xffffff84][0xffffffb1][0xffffffd9][0xffffffc3][0x7]l [0x12]?[0xffffffd9]O[0x1f]\[0xffffffe5]\Z[0xffffffcc][0xffffffc4]q[0xffffffd2][[0xffffffc4][0xffffffc4][0xffffffce][0xffffffa3]3[0x19][0x18]&[0xffffff95][0xffffff87]ggi[0xffffffa4][0xffffffc7][0xffffffd7]p[0x2][0xfffffff4]l[\n]"
15:11:24.698 [main] DEBUG com.github.dockerjava.zerodep.shaded.org.apache.hc.client5.http.wire -- http-outgoing-3 << "[0xffffff95].[0xffffffd8][0xffffffd5]@[0xffffffd3]W}[0xffffffce][0xffffffe7][0xfffffffa][0xfffffff1][0xffffffeb][0xffffffec][0x7f][0xffffffbb][0xffffffc5][0xffffff89]5|`[0x10][0xffffffd9][0xffffffce]qO[0xffffffc1][0xfffffff6][0xffffffd3][0xffffffd4][0xffffffe9][0xffffffa1][0xfffffff9]=[0x15][0xffffff97][0xffffffdf][0xffffffd9][0xffffffde]B0>[0xffffffc3]F~[0x17]5[0xffffffe7][0xffffff8c][0xffffffe4][0xffffffaf][0xfffffffc][0x1c]5[0xffffffe6]u[0xffffff8c]}[0x16]~[0x5][0xffffffd9][0xffffffc3][0xffffffcb][0xffffffab]3/[0xf][0xffffffa8][0xffffffa4][0xffffffc0][0xffffff88]{[0xffffffff][\r][0x9]>.[0xffffffa3][0xffffffa8]0[0x6][0xfffffff7]([0x2]z[0xffffffdd]i[0xffffffb1])kZ3($>[0xffffff8b][0xffffffdb][0xffffff98]A[0xffffffac][0xffffffd5]F[0xffffffcb]D[0x11][0xffffff8c]][0xfffffff8][0xffffffae];;[0x1]im[0xffffff9f][0xffffffdb][0xffffffe8][0xffffffdf][0xffffff84]+[0xffffff9b][0x6][0xffffff96][0xffffffd5][0x6]L[0xffffff94][0xffffff8e][0xffffffcc][0x17]3E{[0xffffffcb][0xffffffdf]/[0xffffffe5][0xfffffff3]+[0xfffffffa][0xfffffff3][0xffffffd6][0xffffffb9][0x1b][0xffffffd9][0xffffffe6][0xffffffc9]k[0xffffff87][0x3][0xffffffed]"G[0xfffffffb][0x14])[0xffffffc2][0xffffff80]B[0xe]1[0xffffffb0]D[0x0][0xffffffc5][0xffffff9c]E[0xffffffe9][0xffffffca][0xffffffce][0xffffffe2][0xffffffa9][0xffffffee]z[0x1c][0xffffffa8][0xffffffb6][0x1]e[0xffffff80][0xffffff89][0xffffffe4]I[0xfffffffe][0xffffffd9].[0xffffffdd][0xffffff99][0xffffffc8]5[0xffffffc6]F[0xffffff91][0xffffffa8][0x2][0xffffffa9][0xffffffac][0xffffffd8][0xc][0xffffff89][0xffffff9a][0xffffffda][0xffffffff]))[0x8][0xffffffbc][0xf][0xffffffe1][0x4]6[0xffffffd0][0xffffffd2]()[0xffffffb6][0xffffffd6][0xffffffef]qgt;s;[0xffffffe8][0xffffff95]_[\n]"
15:11:24.698 [main] DEBUG com.github.dockerjava.zerodep.shaded.org.apache.hc.client5.http.wire -- http-outgoing-3 << "DA[0xffffff94]*[0xfffffff8][0xffffffeb][0xffffffad][0xfffffffc][0xffffff85]*[0xffffffdb][0xffffffe2][0xffffffb2]r[0xffffffa3][0x0]#|S[0x5]%[0xffffffbe][0xffffffea][0x11][0xffffff9c][0xffffffe8][0xffffffc8][0x13][0xffffffe1][0xffffff92]1[0x17]dV3[0xfffffff4];[0xffffffbc],[0xffffffe3][0xffffffaa][0x11][0xffffffc4][0xffffffe3][0xffffffba][0x9]*L[0xffffffb4][0x16][0xffffffb8][0xffffff9c][0xffffffaf]~J,[0xffffff87][0xffffffc7][0x1d][0x5][0x1c][0xffffff90][0xffffffc5].T[0xffffffbe][0xffffff82]_%[0xffffffb2][0xffffffd9][0xffffffea][0x4] [0xffffffe4][0xffffffa7][0xffffffd6][0x5][0x4]Qh][0xffffffc1]dl[0xffffffae][0xffffffcf]w[0x17]r[0xffffffca][0xffffffe9][0xfffffff2][0xffffffd3][0xffffff81][0xfffffffa][0xffffff89]~p[0x9][0xffffff8a]6[0xffffffbf][0xffffffb1][0xfffffff0]@[0xfffffffa][0xffffffe7][0xffffffb9][0xffffffeb]<[0xfffffff1][0xffffffbb]([0xffffff8e][0xffffffd6][0xffffffbf]"q[0xffffffad][0xffffffa6]n[0xffffffb3][0xffffffe3][0xffffff96]c[0xffffffa3][0x10][0xfffffff4][0xffffff83]>[0xffffffb8][0x19][0xffffffeb]Z[0xffffff9d][0xffffffd5]L![0xffffffc0][0xffffffe1][0xffffffa6]+NIX#[0xffffffbd][0x16]dQ[0xffffff87][0xffffffa0][0xffffffe9][0xffffffab][0xffffffa6][0xffffffe2].s[0xfffffffc][0xffffff86][0xfffffff7]b[0xffffffba][0xffffffa9]^}Z[0xffffffca]'#[0xffffffe5]`[0xfffffff6][0xffffffaa]T~[0xffffffd6][0x5][0xffffff9b][0xfffffffe][0xffffffb5][0xffffff9c][0xffffffc7][0x12][0xffffffa9][0xfffffffe]S[0xffffff9b][0xffffffd4]e[0xffffffec][0x7][0xffffff9b]nv[0xffffffcc][0xffffffcf][0xe][0xfffffffd][0xffffffea]C`[0xffffffd8][0x2][0xfffffff4]B[0xffffffce][0xffffffda][0xffffffd3][0xffffffb8][0xe]uJv[0xfffffff8][0xffffffdf][0xffffffbf]w[0x1c]G[0xffffffa0]>[0xffffffe9]8#r[0xffffffa3]\4[\r][0xfffffff7]a[0xffffffbe][0x8]%<[0xffffff8f][0x12]O[0xffffff83][0x1f][0xffffff93][0xffffffda][0xffffffe5]o[0xffffffc4]5z[0xffffff95]#[0xffffffe9][0xfffffffb][0xffffffb6][0xffffff8c]gve[0xffffffcf][0x14][0xffffff86].[0xffffffe4][0x11]TW[0xffffffd5][0xffffff92][0xffffffd9][0x2][0xffffffbf][0xffffff9a][0x11]<6_[0xffffff80]x[0xffffffef][0xfffffff0]/[0xffffff8d][0xffffff8f][0xfffffff3][0xffffffc2][0xffffffe6][0xffffffd6]:[0xffffffd7][0xffffff8f][0xfffffff1]qh[0xffffffb8][0x10]AY[0xfffffff3]H[0xffffffc5][0xffffffc3][0x1f]8[0xfffffffd][0xffffff91]T[0xffffff8a]%*[0xffffffe0][0xffffff8a][0xfffffffc][0xffffffa4][0xffffffef]h`F[0xffffffd3][0xffffff88][0xffffffbe][0xfffffffc]>![0xffffff82]iF[0xffffffa5][0xffffffcd]h[0x4][0xffffffef][0xffffffea],[0xfffffffd][0x10]_[0xfffffff6]:[0xffffffa7]H[0xc][0xfffffff4][0xffffffa0]U:[0x1d][0xffffffc8]4g[0xffffff97][0xfffffffa]J[0x12]n[0x7f]0[0xfffffff9]$.=[0xffffffe6]l+[0xffffff96]Bn\[0x2]P[0x8]Z+T[0xffffffef][0xffffffac][0xffffff8b][0xffffff91]G[0xffffffb6][0x5]lIk;[0x5][0xffffff9f]~[0xffffff94][0xffffffc8][0xffffff8a][0xffffff8b][0xffffffec]s[0xfffffffc][0x4][0xffffff81][0xffffff81][0xffffffd0]`TJ[0x17][0xffffffdd][0xffffffe5][0xffffffbd][0xffffff98][0xffffff9c][0xffffff89][0xffffffa1]G[0x1f][0xffffff9b][0xffffffbf][0xffffffab][0xffffffeb]p[0xffffff90][0xffffffad]D[0xffffffce]tB[0xffffffc5][0xffffffe9][0xfffffff5][0xffffffe1]\[0x7f][\r][0xffffffec]][0xffffffcf]6[0xffffffbd][0xffffffa1][0xffffffbe][0xffffffbe][0x10][0xf][0xffffffef][0x15][0xfffffff8][0xffffffe2][0xffffffc6][0xffffff98][0xffffff85]/[0xffffffd9][0xffffffe4][0xffffff96][0xffffffe9][0xffffffea][0xffffffca]p[0x15][0xffffffdb]sm[0xffffffff][0xffffff9e]I[0xffffff92][0xffffffc6][0xffffff93]6[0xfffffff9][0xffffffa8][0xffffffaf][0xffffffcf]SN7*'[0xffffffb2][0xffffffc5][0xf][0xffffffa3]w[0xffffffb2]4|[0xffffffad][0xffffffb4]\![0xfffffff5][0xffffffd4]/[0xffffffc8][0xffffffd8]m[0xffffffed]*[0x6][0xffffff93]f%k[0xffffff8d][\n]"
15:11:24.701 [main] DEBUG com.github.dockerjava.zerodep.shaded.org.apache.hc.client5.http.wire -- http-outgoing-3 << "[0xffffffbf][0xffffff84]Z-[0xffffff8e]7s[0x5][0xffffffaa]#[0xffffffac][0xffffff86][0xffffffbe]:[0xffffffa3];[0x1b][0xffffff97][0x8][0xfffffff2][0xffffffb6]h[0xffffffd3][0xffffffa2]R[0xfffffffc][0x1a]^[0xffffffc9][0xffffffc7]32[0xffffffc9][0xffffffb3][0x18];h$[0xfffffff0][Q)'_k[0xe]9[0x9][0x9]g[0xfffffffe]J[0xfffffff9][0xfffffffe]^[\r]H[0xfffffffd][0xffffffd8][0xffffffb8]GXg[0x1a][0xffffffa7][0xffffffe7][0xffffffb9][0xffffffb5][0xffffffa9][0xffffff97][0xffffffbd][0xffffffd7][0x10]h[0xfffffff0][0xffffffed][0x15]_6e[0xffffffac]D9[0xffffffa3]Q[0xffffffc4]/[0xf][0xfffffff7]@y[0xffffff9c]>x[0x1c]n`[0xfffffff7][0xffffff90][0xffffff89][0xffffff84][0xffffffa0][0xf][0xffffffe7]U[0x1a][0xffffffa7]0[0xfffffffb]a[0xffffff86][0xfffffffb][0xffffffa2][0xffffffa1][0xffffffcf]^V[0xffffff89][0xffffffd3][0xffffffe7][0xffffffd6][0xffffffba]u[0xffffffe8]n[0xffffff98]*Si[0xffffffd5]P[\n]"
15:11:24.702 [main] DEBUG com.github.dockerjava.zerodep.shaded.org.apache.hc.client5.http.wire -- http-outgoing-3 << "[0xffffffaf][0xffffffc4][0xffffffe3]h[0xffffff91][0x19]-[0xffffff85][0xffffffbe][0xfffffff0][0x11][0xffffffdd]u[0xffffff9e]z[0x1][0xfffffff3]"[0xffffffac]Y[0xffffffe4]Ba[0x11]SA[0xffffff9a]S[0xffffffb1][0xffffff8a][0xffffffda][0xffffffc3]91[0xffffffe4]R[0x18][0xffffffe6][0xffffff8c]xM[0xb][0xfffffff6][0x1b][0xffffffd8][0xffffffef][0xfffffff4][0x18]5[\r][0xffffffcf]+[0xffffffdc]TO([0xfffffff1][0xffffff8b][0xffffffed]Ua[0xffffff9b][0xffffffe2]}[0xffffffbd][0xffffffe6]S[0xffffffe9][0xfffffff1][0xfffffff2][0xffffff9e][0xfffffff1][0xffffff90][0xffffff96][0xffffffd7][0xffffffe7][0xffffff85]MS[0xffffff96]R4f[0x19][0xffffffc1]+V[0xffffffeb]|[0xffffffd0]b[0xffffffb4][0xffffffb0]5-9,[0xfffffffe][0xfffffffe][0xffffffc4][0x1b][0xffffffa1]>d[0xffffffbf][0x1c][0xffffffbe][0xffffff9e][0xffffffcd][0xffffff85][0xffffffbc][0x1e][0xffffffcf][0xffffff8c][0x7f][0xffffffa3][0xffffff81][0xffffffe4][0xffffff97][0xffffffd8][0xfffffffc][0xffffffc4]d[0xffffffb3]i[0xffffffff][0xffffff8e])[0xffffffd6][0x18][0xffffff99][0xfffffffc][0xffffff9f][0xffffffbb][0xffffffc3][0xffffffb3]r[0xffffff90][0xfffffff3]L[0xffffff9a][0xffffff9b][0xffffffcc][0xffffff99][0xffffffa2][0xffffffb4]/[0x1e][0xffffffed][0xffffffe1][0xffffffa6][0xffffff90][0xffffffb5]cI[0xffffffc9]d[0x12][0xfffffff9][0xffffffc2]d[0xffffffa1]2[0xfffffff6]/[0xffffffe4]o`Il[0xffffff88]C[0xc][0x12]5[0xffffff9c][0xe]M[0xffffffed]I[0xfffffff1][0x7][0xffffffdf]>v[0xffffffcf]x[0xffffff9f][0xffffffd3][0xffffffd0][0xffffffb6][0xffffff9a][0xffffff96]S[0x7][0xffffff89][0xf]H[0xffffff9a][0x16]+[0xffffffb1][0xffffff91][0xffffffc3][0xffffffe2][0xffffff9b][0xffffffdd][0xffffff86][0xffffffb3][0xffffffaf][0xffffffd8][\n]"
15:11:24.702 [main] DEBUG com.github.dockerjava.zerodep.shaded.org.apache.hc.client5.http.wire -- http-outgoing-3 << "[0xfffffffb][0xffffffcf]Rsg[0x1][0xf]5[0x10][0xffffff81]{,fMb[0xffffff85]L>[0xffffffc2]9[0xffffffca][0xffffffed][0xfffffffd]"3[0xffffff8d][0x15]v[0xffffffb1]{[0xffffffa9][0x1f][0xffffff9b]H7[0x1e]7[0xffffffdd][0xffffffeb][0xffffffb9][0xfffffff6]`9[0xffffffd1]3b<[0xffffff83][0xfffffff8][0xffffff92][0xffffffb2]P[0xffffffc6][0xffffffbb][0xffffffc0],[0xffffffc1][0xffffff83][0x18]L[0xfffffffe][0xffffffdd][0xffffffe7][0xffffffbc]=[0xffffff86][0x1d]bF[0xffffffbb][0xffffffaf][0xffffffd5]r[0xfffffff8]yz[0xffffff94]7[0xffffffa1]EvI[0xfffffff4]([0xffffffb5][0xffffffc3]2[0xffffffb6][0xffffffa4]7T[0xffffffbd][0x10]|[0xffffffbb]G[0x8][0xffffffd0][0xfffffffe][0xffffffe2]o5/[0x1b][0xffffffca]7[0xffffff89][0xffffffef][0xffffffbf][0xffffffc5]Q*[0x1d][0x2][0xfffffffb]w|[0x2]<[0xffffffa1]x[0x13][0xffffff81]_7[0xffffffcc]b[0xffffffe2]+\d[0xffffffb7]b[0xffffffd3][0x1d]][0xffffffd8]UH[0xffffff89][0x11]Ji0[0xffffff98]^[0xffffffab][0xffffffcd]7n[0xffffffeb][0xffffffff]|[0xffffffec]JE[0x10][0xffffffba][0xfffffffd][0xfffffff4]f[0xffffffae][0xffffffd7][0xffffffb8]e[0x1e]Y[0xc]#<[0xffffffd0]"[0xffffff8b][0xffffffb0]][0xffffff89][0xffffffb4]E[0xfffffff9][0x3]BC[0xffffffa9])[0xffffffe8][0xffffffd0][0xffffffea][0xfffffffe].[0x18]e[0xffffff9f]|[0xffffffc8][0x19][0xffffffef]c[0xffffffd6]g[0x5][0xffffff89][0x13][0xffffffc4][0xffffff81][0xffffffd8]s$~f[0xffffffdf]C[0xffffffbe][0xffffffdf]84[0xffffffb9][0x1d][0xffffffaa]>[0xffffff8a]'[0xffffff96][0xf][0x13][0xffffff9d][0xffffff8b][0xffffff91][0xffffff98]=[0xffffffeb][0xffffffc0][0xffffff88][0xffffffa0]m[0x1d][0xffffffbf]M[0xffffff90];[0xffffffae][0xffffffd5][0xffffffed][0xffffffbc][0xffffff91]K[0x7]fmO[0xfffffff9]1[0xffffffc6][>[0x1d][0xffffff9f][0x1b][0xffffffab][0xffffffaa][0xffffffa4][0xffffff83][0xfffffff1]3{f[0x17]^k[0x2][0xffffff89][0xffffffc2][0x1a][0xffffffd7][0xffffff98][0xffffffaf][0xffffffa3][0xffffffd1]%l[0xffffffc9][0xffffffc2]%[0xffffffe1]([0xffffffc5][0xffffffc8][0x7]wL[0x3](,|[0xffffffac]%_[0xffffff9a]{[0xffffffa7]1[0xffffffdb]M[0x2][0xffffff9d][0xffffffb7][0xffffffd2][0xffffff9f][0xffffff83][0xffffffc8][0xffffffc1][0x16][0xffffff8a][0xffffff9e][0xffffffc9]zqF[0xffffff91][0x1e]\X[0xffffffc1]l[0xffffffa1][0x1c]TA[0x16]%Lm[0x7f][0xfffffff2]k[0xffffff8f][0x1d]'[0xffffff87]iId[0xffffffa1]w=[0xfffffff9][0xffffff94][0x1e][0xfffffffa]zw[0x1d][0xfffffffb][0x1][0xffffffe2][0xffffff86][0xffffffe0][0x5][0xffffffdd][0xffffffb2][0xffffffcf][0x1][0x1c]xaR*[0xffffffc5]a[0xffffffd6][0x1c]8R'[0xffffffcf][0x4][[0xffffffb1][0xffffffc6][0x7][0xffffffb1][0x0][0xffffff81][0xffffffe5][0xffffffe0][0xffffffa3]l[0xffffffc5]e[0x2]#2[0xffffffc3]z[0xffffff8f][0xffffffe3][0xe][0xffffffed][0xffffffb3][0x1d]s[0xffffff8c]n/[0x1b][0xffffffaa][0xfffffff3][0xffffffdc][0xffffffc4][0x8][0xffffffbe]}8[0xffffffc2][0xffffff81][0x14][0xffffffb9][0xffffffde][0x1e][0x1f]8[0xffffff88][0xffffffb6]0[0xffffffad][0xffffffae][0xffffff95]dX[0xfffffff8]([0xffffffc5][0x19]l-[0xffffffe3][0xffffffd7]L[0x3][0xffffffe2][0x19]im][0xfffffffb][0x4]m[0xffffffc8]![0xfffffff1]e[0xffffff8f][0xffffffc1]U[0x11][0xffffffa2][0xffffff85][0x3]zW4oo[0xfffffff6][0xffffffe3][0xffffffc7][0xffffffdd][0x18]k[0x14][0xffffffb1][0xffffff9f][0xfffffffc][0xffffffed]M[0xffffffb4][0x3]-[0xffffffa7][0xffffffe6][0xffffffec][0x1]![0xffffffea][0x13][0xffffff82]$o[0xffffff98][0xffffffd3][0xffffffc4][0xffffffa1]n1[0xffffff90][0x5][0xffffffff][0xffffffdd]&[0xffffff8e]Z[0xffffff84][0xffffff91].[0xffffff9b]2w[0xffffffd4]C[0xfffffffe][0xffffff89][0xffffffef][0xfffffff0][0xffffffae][0xfffffff5][0x1d][0x1c][0x7f][0xffffff9e][0xffffffb7]B[0x16][0xffffffb0][0xffffffe3]m,f[0xffffffdd][0xffffffa0]R[0xffffff94]"[0xffffffa9][0xffffffc5]+p`[0xffffffb0][0xe][0xffffffa5][0xffffffa0]UD[0x7f][0x17][0xffffffcb]9[0xffffffad]?[0xffffff94]EeZ[0x12][0x1d][0x3][[0xffffff9a][0xffffff81][0xffffff87]S[0xffffffa0][0xffffffe5][0xffffffab][0x6][0xfffffffe]YI~[0xffffffee][0xffffffbd][0xffffffe4][0xffffffec]^x(f][0xfffffff5]y[0xffffffc1][0xffffffe8][0xffffffdc]p9[0xffffff8b]R[0x4]z[0xffffffd8]pR[0xffffffea])[0xffffffea][0x9]e[0x1c]a[0xffffff94]F[0x1a][0x19][0xffffff8c]E%[0xffffffe9]5[0xffffff82]C[0xffffff80][0xfffffff4][0x11][0xffffffe3]*[0xffffff98]%[0xffffffee][0xfffffffb][0xffffff84][0xffffffd1]z[0xfffffffd][0xffffff9d]$[0xffffffa1]Ff[0x1d][0xffffff9f]([0xffffff98]3['v[0xffffffba]|L"
15:11:24.705 [main] DEBUG com.github.dockerjava.zerodep.shaded.org.apache.hc.client5.http.wire -- http-outgoing-3 << "[0xffffffa4][0xffffffe0]'[0xfffffff7][0xffffffab]d1\[0xffffffbe][0xffffffe6][0xffffffe6][0xffffffd5][0xffffff88][0xffffff96][0xffffffef]A[0xffffffa8][0x12][0xffffffd3]J[0xffffff84][0x1e]WO0$[0xffffff97][0xffffff99]$E[0x9][0xffffffb6]C[0xffffffb9]Xi4I@[0xffffffd1]\[0xffffffa2][0x8][0xf][0xffffffd7]qF[0xfffffff3]>[0xffffffe7]i[0xffffffa0][0xffffffe7][0xffffffaf][0xffffffb3][0xfffffff3]{P'[0x0][0xffffffdb][0xffffffb7][0xffffffa0]/[0xffffff8e]W[0xffffffb2][0xffffff9c]~D[0x14][0x1][0xffffffcc][0xffffff98]vPo[0xffffffb0][0xffffffdd][0xffffffb2][0xffffff82]:n[0xffffffc3][0xffffffc1][0xffffff92]:h[0x10][0xffffffad][0xffffff9a][0xffffffa2][0xffffffe1]D[0xffffffc0][0xffffffd8][0xffffff92]12[0xffffffec]fq[0x18]r[0xffffff98]>[0xffffffb8][0xe][0xfffffff2]ix[0xffffffcc][0xffffffaf]^[0xffffffb9][0xffffffc3][0xffffff8b]H)X[0xfffffff8][0xffffffb9]([0xffffffaf][0xffffffa6]'[0xffffffc4][0xffffffd5]3Nz%[0xffffffaf][0x19][0x1c][0xffffffef][0xf]F[0x18]4[0xffffffcd][0x0][0xffffffd5]as[0x16][0xffffffe6][0x1f]q[0xffffffbf][0xffffffa4]3c[0x5]|[0xffffffcd][0xffffffff][0xffffffc8][0xffffffbf][0xffffffd0][0xffffffc6]@X[0xfffffff5]([0xffffffba][0xffffffaf][0xffffff8d][0xffffffe5][0xffffffc4]9[0x13][0xffffffda]0[0xfffffffc][0xffffff81][0xffffff98]lL[0xffffffaa]`[0xfffffff4][0xffffffb9][0xffffff96]6[0xfffffff8][0xffffffa3][0xc][0xffffffba]K[0xffffffd9][0x1][0xffffff92][0xffffff8f]E[0xffffffba][0x1][0xfffffff1][0xffffffcd][0xffffffcd][0xffffff8e]~[0xfffffff7]T[0xffffffe7][0xffffff93][0xf][0xffffffde]g[0xffffffc5]/[0x11][0x1d]}[0xffffffee][0xffffff98][0x7f]H[0xffffffe0]71[0xffffffc7]na[0xffffff8a][0xffffff99][\r]U[0xffffffa9]-[0xffffffd3]-[0xffffffb7][0xffffffe3][0x1d]#M[0xffffffbd]r[0xffffffcc]>[0xffffffc3][0xe][0xffffffd1][0xffffffa3],[0xffffff91][0xffffff98][0xffffff88]e[0xffffffc9][0xfffffffa]x[0xffffff98]x[0xffffff9e][0xffffffe4]1 _[0xffffffef][0xffffffb4][0xffffffb9][0xfffffffd][0xffffff8e][0xffffff80][0xfffffffa]5G[0x4][0xffffffba][0xffffffb0][0xfffffffa]T[0xfffffff8][0xffffffc1][0xffffffa0][0xffffffe7][0x7f][0xfffffff5]e[0x9]:eL[0xffffff9b][0xffffff9e][0xffffffdc][0x14]*[0xffffffc8]usj[0xffffffd1]%[0x1f]w2[0xffffffaa]m'[0xffffffb8]$[0xffffffb5]A[0xffffff98][0xffffffd6]Cs{[0xffffff81][0xffffffb5]lV[0xffffff87][0x4][0xffffff83][0xfffffff7]GR[0xfffffffe][0x6][0x14]n.4q[0xffffff96][0xffffff98]/aH[0x1e][0xffffffe6][0xffffffa4][0xffffff82][0xffffff8b][0xfffffff3]C[0xffffff96][0x0][0x7f][0xffffffd6][0xffffff95][0xffffffe4][0x1d][0xffffffc0][0xffffff88]5i[0xffffff82][0xffffffac]r[0xffffffa4]Pt[0x1b][0x15][0x7]i[0xffffffef]k7[0xc]E[0xffffffab][0xffffffc3]2[0xffffffc9]PZ[0xfffffffc][0xffffffa2][0xffffffdf][0xffffff82][0x5][0xffffff85][0xfffffffc].[0xffffff9a][0xffffffd8]p[0xffffffc9][0xffffffd2][0x10]U[0xfffffff8][\n]"
15:11:24.705 [main] DEBUG com.github.dockerjava.zerodep.shaded.org.apache.hc.client5.http.wire -- http-outgoing-3 << "[0xffffffd9][0x7]0[0xe][0xf][0xffffff91][0xffffffb3][0xffffffdf][0xfffffffe]f1[0xffffff8f]x[0xb][0x1e]&[0xffffffff]C[0xffffffed]!P~[0xffffffbf][0xffffff9e][0xffffff97][0xffffff98]|g[0xffffff9a]X[0xffffffba][0xffffffc0][0xffffffcf][0xffffffc4]"[0xffffffb5]j[0xffffff8e][0xffffff89]|[0xffffffcd][0xffffff94][0xffffff95]g[0xffffff8a][0x19][0xffffffc3]M[0xffffffce]>[0xffffffdf][0x5][0x8][0xffffffa5][\n]"
15:11:24.705 [main] DEBUG com.github.dockerjava.zerodep.shaded.org.apache.hc.client5.http.wire -- http-outgoing-3 << "\s[0xffffffbd][0xffffffcd]+[0xf][0xffffff9d]$ [0xffffffdd][0xffffffe7][0x13]E[0x1f][0xffffff89]([0xffffff8e]&[0xffffff98][0xffffffb6][0x16]o[0x3]p[0xffffffe5][0xffffffe0]z[0xc][0x12]-hrbq"[0xffffff92]~[0xffffffe2][0xffffffbd]`[0xffffff87][0xffffffab][0xffffffbe][0xfffffff8][0xffffff98][0xffffffe0][0xffffff96][0x17][0xffffff9a][0xb]Z[0xffffff97]Z?[0xfffffff1]l[0xffffffc0][0xffffffea]z[0xffffff97]b[0xffffffa3][0xffffff97][0xfffffff2][0x0],[0x3]L[0xffffffe0][0xffffff82][0xfffffff4][0xffffff8e]vw[0xffffffbd][0xffffffb1][0xffffffd2]d[0xffffff8e][0x16]i[0xffffffce][0xffffffa7][0xffffffe4]S[0xffffffa9]&s[0x17]%[0xfffffff9][0xffffffe2]|[0xfffffffc][0xffffffdf][0x16][0xffffff8c][0xfffffffc][0xffffffc3][0xffffffe4]gg[0xffffffc4][0xffffffcf][0xffffffd7][0xffffffd3]bcR[0x1e][0xffffffa7][0xffffffb0]&H[0xb][0xffffffe5][0xffffff9a][0xffffff86][0xffffffa2][0x1c]nq[0xffffff94][0x15][0xffffffda]U?[0xffffffae]6#[0xffffff99][0xffffffaa][0xffffff89]gHDpS,[0xffffffd3][0xffffffa9]"=[0xe][0xffffffef]2[0x19][0xffffff94][0xffffff89][0xffffffcb]/ZR|[0xffffffe5][0xffffffcb][0xffffff94]H^F[0x10][0x1e][0xffffffa4]s[0x1d]f[0xffffff94][0xffffffe4][0xfffffffc]yNkS*5e+"[0x1e][0x5][\n]"
15:11:24.705 [main] DEBUG com.github.dockerjava.zerodep.shaded.org.apache.hc.client5.http.wire -- http-outgoing-3 << "[0xffffffe8]/f[0xffffffae]C[0x15][0xffffffd0][0xffffff9f][0xffffffd0]5G [0xffffffbf][0xffffffc4][0xffffffc1]`[0xffffff97][0xffffffe9][0xffffffc8][0xffffffd2][0xffffffbc]amg[0xffffffb2][0xffffffe2][0xfffffff9]h*,F[0xffffffd7]=[0xffffffa7]W[0xffffffb5][0xffffff90][0xffffffa0][0xffffff9b][0xfffffffb][0xfffffff3]][0xb][0xfffffffb][0xffffff88][0xffffffc5][0xffffff86]t[0xffffff98]@[0xffffffc9][0xffffff9f]jq[0xffffffed][0x10]{w;[0xffffffcd][0xffffffed][0xffffffa0][0xffffffeb][0xffffff94]+[0x6]n[0xfffffff5]H[0x1c][0xfffffff3]4[0xffffffb0][0xffffffa6][0xffffffcc][0xffffff88]k[0xffffffab][0xffffffcc]![0xffffffe5][0xffffffa6]-@[0xfffffff1][0xffffffa2][0x0]<T[0xffffffc6][0xffffffc2][0xffffffcf][0xffffffcb][0xfffffff0]sY`^[0xfffffffd][0xffffffa7][0xffffffee][0xffffff98][0xffffffba][0x15][0x10][0xffffff93][0xffffffad][0x10]?[0xffffffef][0xffffffd9]`6[0xffffff9a]@[0xffffffaf][0xffffff8e][0xfffffff7][0xffffffac]xr[0xffffffb8]E[0xffffffde][0xffffffa4][0xfffffff9]=[0xffffffec][0xffffffe6][0xfffffff1]]![0xffffffce][0xfffffff2][0xffffffcb][0xffffff92][0xffffffcc]^$O[0xffffffc4]8[0xfffffffd][0xffffffe8][0xffffffc2]l7l[0xffffffd3][0xfffffff0][0x11][0x19]2 [0x1c]1/[0xffffffde] ^[0xffffff93]:[0x7f][0xffffff81][0xffffffbe][0xffffffc6].[0xffffffe5]Gh[0xffffffc1][0x10]f[0xffffffb6]g[0xffffffcd]t{.[0xffffffc4][0xffffffc9][0x1c]UV[0xffffffb5][0xffffffaa][0xfffffff0]j[0xffffff86][0x1b]wb[0xffffff9a][0xffffff8a]r[0xfffffff2][0x7]`[0xffffff8c][0xffffffb9]v[0xfffffffe]2[0xffffff85][0xf][0xffffffbf].[0x1f][0x1f][0xffffffc0][0xfffffff7][0x1d][0x7]P?[0xfffffffa][0xffffffce]L[0xffffffda][0xffffffbb][0x1b][0xffffffbc][0xffffff8e]G[0xffffffb4][0x18][0xffffff86]u[0xffffffb9]l[0xffffffda][0xe]"[0xffffff93][0xffffffc3]f[0xffffffac][0xffffffdc]J[0xffffff85][0xffffffe4][0xffffffe9][0x7][0xffffff9c][0xffffffef][0x11][0xffffffad][0xffffffba]v$[0x7]QD%|[0xffffff8c][0xffffffaa]QN[0xffffff88]x[0xffffffa2][0xffffff9e]![0xffffffd0][0xffffffa1][0xffffffae][0x0][0xffffffa3]][0xffffffcf][0xffffff9e]9[0xffffff85][0xffffffd3][0xffffffed][0xffffff90][0xffffffba][0x17][0xffffffc1]}!Z[0xffffffe8]BO[0xffffff9b][0x10][0xffffffd6][0xffffff8a][0xffffffd3][0xffffffc4]XW[0xffffffe1][0xffffffe6]/[0xfffffff6][0x2][0xffffff91]Vu;[0xffffffbe][0xffffff9e][0xffffffa1]&j[0xfffffffc][0xfffffff2][0xffffffd4]'[0xffffff98][0xffffffec][0xffffffcc][0xffffffd1][0x13]B[0xffffffcb][0xffffff90][0xfffffff0][0xffffffbd][0xffffffda][0xe][0xfffffff5][0xfffffff5][0xfffffffd]i[0xffffff82]/A[0xffffff95][0xffffffcb][0xffffffec][0xffffff9a] 0[0xfffffff7]p[0xffffff84][0xffffffdc]P[0xffffffde];[0xfffffffe][0xfffffffc]SY[0xfffffff8]f[0xffffffd9][0xffffffd0][0x0]mG[0xffffffea]z-#j[0xffffff83][0xffffffb7][0xffffffbe][0xffffffb6][0xffffffef][0xffffffc0][0xffffffe9][0xffffffbe][0xfffffffb][0xffffffae][0xfffffff4][0xffffffc3]c[0xffffff9f][0xffffffbd][0xffffffc0][0xffffffe3][0xffffff97]_[0xffffffcc][0x2][0xffffff85][0xffffffe7][0xffffff84][0xffffffcb]\P[0xffffff86]d[0xffffff8a][0xffffffaa][0xffffffc9][0x1c]~[0xffffffb6]/[0xffffffea]8[0xffffffee][0xffffffac][0xffffff94]@[0xffffff8b][0xfffffffc][0xffffffb1]N[0xf]01[0xc][0xffffffd9]U[0xffffffa4]4[0xffffffde][0x4][0xffffffa3]X|[0x1d]A[0x9]J[0x1e]L,[0xffffffa4][0xffffff8a][0xffffffb1][0xffffffb3][0xffffff88][0xffffff80]q[0x5][0xffffff98]X[0xffffffd9][0x4][0xfffffff3][0xffffffdc][0xffffffd7]G[0xffffffa5]p[0xffffff94]@Y[0xffffffde]-[0xffffff9f][0xffffffa8][0xffffffae][0xffffff84][0xffffffd7]=[0xffffffb2][0xffffffda][0xffffff88][0x17]j[0xffffff85][0xffffffcb][0x10]5[0xffffff81]|[0xffffffb4]o[0xc][0x1d][0x19][0xffffffa3]V[0xffffffeb][0xffffff90]7[\n]"
15:11:24.705 [main] DEBUG com.github.dockerjava.zerodep.shaded.org.apache.hc.client5.http.wire -- http-outgoing-3 << "b[0x15][0xb])[0xffffff8a][0xffffff99][0x13][0xffffff83][0xffffffaf][0x1e][0xffffff93][0xffffffec][0xffffffd8][0xffffffb6][0xffffffc4]R[\n]"
15:11:24.705 [main] DEBUG com.github.dockerjava.zerodep.shaded.org.apache.hc.client5.http.wire -- http-outgoing-3 << "5=\;[0xffffff87][0xffffffd2][0xffffff89][0xffffffb0]1>(}j[0xffffffe8]@i[0xffffffcd]"!Y[0xffffff8e][0xffffffa5][\n]"
15:11:24.705 [main] DEBUG com.github.dockerjava.zerodep.shaded.org.apache.hc.client5.http.wire -- http-outgoing-3 << "x[0xffffff87]l[0xffffffd4]!d[0xffffffd4]:[0xffffffe6]q[0xffffff99]yNs [0xffffffa5][0xffffff9a]R[0xffffffe7][0x15][0xffffffe6][0x6] b!P[0xffffff8c]+V[0xffffffa6][0x3][0xffffffe6]x[0xffffffdb][0xffffff8a][0x2][0xfffffffc][0x3]0h[0xffffff9b][0xffffff8b][0xffffff9c]K[0xfffffffc][0xffffff9d]*[0x6][0x7][0xffffffa5][0xffffffd3]`[0xffffffe2]M[0xffffffdc][0x1f][0xb]+[0xffffff99]hLk?7P[0x12][0x14][0xffffff84][0x11]#i[0xffffffbc][0xb][0x0][0xffffffa0]oB[0x1][0xffffff80][0x8][0x1][0xffffffc8]>[0x7f][0xffffffd3][0xffffffa2][0x0]a[0xfffffffe][0xffffffd5][0xffffff9a]I[0xffffffad][0xffffffa5][0xfffffff2][0xffffffa2][0xffffffec][0xffffff80][0xffffffb4][0xffffffe9]P[0x1c][0x1d][0xfffffffc]H8D[0xffffffe2]H q[0xfffffff2]3[0xffffff9f][0xffffffa8][0xffffff86][0xffffffc3][0xffffffed][0x6][0xffffff9a][0xfffffffe]e[0xffffffde][0xffffffa9][0x3][0xfffffff6]wq/[0x11][0xffffffda];u,[0xffffff85][0xffffffac][[0xffffff99][0xffffffb0]h&[0xffffffc4][0xfffffffd]=h[0xffffffa5]>[0xffffffcd]4[0xffffffe8][0xffffffe3]sq[0xfffffff9][0xffffff96][0xffffff82]D[0xffffff97]I[0xffffffdd]M[0xffffffe6][0x1d][0xffffffe7]_[0xffffff92][0xffffffd9][0xffffffcd]*[p[0xffffffb7][0xffffffe7]w7m[0xffffff9c][0xffffffbf]T$TG[0x8]7~\[0xffffffe7][0xffffffef]W[0xffffff9b][0xffffffac]e[0xffffffac][0x0][\r][0x0][0xffffffba]sE[0xffffffca][0xffffffba][0xffffff99][0xffffffb3][0xffffffe1]I[0xffffff8a]?[0xffffffa9][0xffffffc1]&$u[0xffffff80]H~][0xffffffb0][0xffffffa4]x[0xfffffff4][0xffffffaf][0x5][0xffffffae][0xffffffc6]^[0xffffffc7][0xfffffff8]4B[0x11][0xffffff9e]r[0xffffffc3]S[0xffffff95]H[0xffffff81]xmHAdC[0xfffffff7][0x4][0xfffffff9][0x16][0xffffffb2] N[0xffffff8d][0xffffffa9][0xffffff9a][0xffffffb9][0xffffff98]{[0xffffffe8][0xffffffe8][0xffffffbd]r[0xffffff87][0xb]i[0x3]3[0xffffffd9][0xffffff93]e[0x3]N;[0xffffff94]T{[0xffffffa4]Lf[0xfffffffc][0xffffffe8][0xffffffbb][0xffffff96][0x3][0xffffff9c]fb[0xffffff98][0xffffff83]X[0xffffffa1]#[0x14][0xffffff99][0xffffff86][0xfffffff4][0xffffffbd][0xffffffdc][0xffffffef][0xffffffbd]`[0xffffffc5][0xffffff8a]3A[0xffffffa2][0xffffff86][\r][0xffffff87][0xffffff80]/U[0xffffff9a][0xffffff93]m[0xfffffffc][0xfffffffc][0xffffff8d][0xffffff95]X[0xffffffb8][0xffffff95]u[0xffffff8f][0xc][0xffffff9d]<d [0xffffffcf][0xffffff80]ub[0x5]Z[0xffffffaa][0xffffffaa][0xffffffeb][0x14][0xb]+[0x13][0xffffffe3]j[0xffffffc6][0xffffffdb][0xffffffca][0xffffffe6][0xffffffd7]Y[0xffffff82][0xffffffbe][0xffffffee][0xffffffa9][0xffffffcd]G[0xffffff9a]l%&?[0x7f][0x0][0x0][0xffffff88][0x6][\n]"
15:11:24.705 [main] DEBUG com.github.dockerjava.zerodep.shaded.org.apache.hc.client5.http.wire -- http-outgoing-3 << "[0x0][0xffffff88][0x6] [0xffffffe7][0xfffffffe][0xffffffbd][0xffffff88][0x11][0x4][0xffffff94]K[0xffffffeb]$[0xffffffe6][[0xffffff8f]E[0xfffffff5][0xffffffa1]"[0xffffffb0][0x7][0x16]d[0xffffffa6]4|[0xffffffb2][0xffffffa8]*[0xffffff85][0xffffffa4][0xffffffc0][0xfffffff6]7[0xffffffa2][0xfffffff1]N-s[0xffffff8d][0xffffffe5][0x15][0x0][0xffffffc0][\r]8[0xffffff9c][0xffffff92][0xffffffe8]H[0xfffffff1]7H[0xffffff89]H[0xffffffb9]H5[0xffffffad]y[0xffffff95].r.[0xffffffd5][0xffffffbe][0xffffffb5][0xffffff8c][0xffffffa6][0xffffff8e][0xffffffcd][0xffffffd1][0x9][0xfffffff6][0xffffff91]{[0xfffffff1][0xffffffbb][0xfffffff5][0xffffffd4][0xffffffe6][0xffffff9d]K[0xffffff9b]X[0xffffffdd]O[0xffffffcc][0xffffffcb]n[0xffffff83][0xffffffda]C[0xffffffbd][0xffffffa5]4[0xffffff97][0xffffffdd]R[0xffffffa5][0xffffffda]eEks[0xffffffba]h2Y[0xfffffffe][0x13][0xffffffa2][0xfffffff1][0xb][0xfffffffb]N[0xffffffd3]@[0xffffff94]7[0xffffffb3]$[0xfffffffd]%%[0xffffff93][0xffffff8e][0xffffffe8][0xffffffae][0xffffff8a]S[0x0][0x0][0x0][0xffffffa4]A[0x1][0x0]V[0x0][0xffffffe4][0xffffffde][0xffffffbf][0xffffffcb]m[0xffffff8c][0xffffff80]r[0xffffffe9][0xffffffff]U[0x4][0xfffffff1][0xffffffaa][0xffffffb6]`[0xffffff96][0xffffffee][0x18][0xffffffc0]>[0xfffffff7][0xffffffb2][0xffffffe4][\r][0[0x13][0xffffffff][0xffffffaf][0xffffffb8][0xffffffce][0xffffffc0][0xfffffff5][0xffffffdd]nvYq~[0x14][0xffffffda][0xffffffff][0xffffffb5]O[0x8][0xffffff8c]z[0xffffffc7]O[0xffffff88][0x10][0x14]2m[0xffffff9f][0xffffffad]p[0xffffff80][0x6]E[0x0]Q?![0xffffffa6][0x8]M[0xffffff94][0xffffffa6][0xffffffcf][0xffffffff][0xffffffff][0xffffffc2][0x12]c[0xffffffc0][0x18][0x0][0x0]p[0xffffff85][0x2]0[0xffffff80][0x2][0xffffff90][0xfffffff7][0xfffffffe][0xffffffa6][0xffffffbd][0xffffffa1][0x7f][0xffffffff][0xffffffdf][0x6]V[0xffffffb1][0xffffffc2][0xffffff8b][0x15][0xffffffcc]9}[0xffffffd5][0xffffff9c]g2[0x1f][0xffffffb8][0xffffffbc][0xfffffff2][0xffffffa2][0x5][0xffffffcb][0xffffffdf][0xffffffb5]6[0xffffff89][0x1c]eS|[0xffffffd6][0xffffffea]>{`V$[0xffffffb8][0xffffffdd][0xfffffff5][0xffffff8e][0xffffffa3][0xffffffe4][0xffffffb0]N<[0xffffffb8][0xffffffb4]rlx[0x4]fc[0xffffff99][0x1e]L[0x1f])4[0xffffff94]3:[0xffffffbb]dEw[0xffffff88][0xffffff8f][0xffffffbf][0x11]q[0xf]0[0x1e]?7[0xffffffbf]T[0xfffffff6][0x0]~[0x16][0x7f]n[0x19]gD[0xffffff96]}[0x4][0x1e]z[0x19]u[0xffffffb5][0x11][0xffffffc9][0xffffff87]>[0xffffffdb][0xfffffff2][0x18];c[0x12][0xffffff82]e[0xffffffea][0xffffffbf][0xffffffb8][0xffffff8e]H[0xffffffe7][0xffffffb2][0xffffffdf][0x7f]p[0xffffff90]9@[0x2][0x0]}][0xffffff92][0xffffffb0][0xffffffd1]3[0xffffff9f][0xffffff81][0xffffff95][0xffffff8e][0xffffffec].[0xffffffa9][0xffffffd8]1q`r[0x17][0xffffffa4][0xfffffffa]p[0xffffffac]&r[0xffffffbd][0xffffffae][0xffffffad][0xffffff98][0xffffffc6];[0xffffffac][0xffffffd3]O][0xfffffff7]h[0xffffff8f][0x12][0xffffff85][0x17][0xffffff97][0xfffffff7][0x0][0x0][0xffffff96][0xffffffe3]:[0x11]x[0xffffffd6][0xffffffe5][0x1b][0x5]H*[0xffffffe6][0x1d][0xffffffc6][0xffffff86][0x3][0x13][0xc][0x1][0xffffffd8]F[0xffffffb5]![0xffffff86][0xffffffff]-[0xfffffffc][0x2][0xffffff9e][0xffffff81][0x7f]25[0xffffffaf]8[0x18]9[0xffffffc3][0xffffffe8][0xffffffa4][0xffffffb8][0x13]^A>[0xffffffe2][0xffffffc0][0xffffffaa]d;[0x1]k[0xfffffff3][\r][0x6][0xffffff88][0xfffffffa]5[0xffffff9c][0x0][0xffffffb7][0xffffffe1][0xffffffdc]asLv[0xffffffd2][0xfffffff8]'[0xffffffb9][0xffffffff][0xffffff9f]C[0xffffffe7][0xffffffd4]8[0xffffffb5][0xffffff97][0xffffffc3][0xffffffc0][0xfffffffc][0x19][0xffffffbd]Xz[0xffffffab][0xfffffff8]~[0xffffffa7][0xffffff9e]u[0xffffffe2]I[0x1][0xffffffa9][0xffffffac][0xffffff94][0xffffffc7][0xffffffcb][0x5]{_w[0xffffff90][0x10]5[0xf]yL[0xffffffc9][0xffffffc2]}[0xffffffab][0xffffffcb][0xffffff93][0xfffffff9][0xffffff8c]-[0xffffffc4][0x14]ez[0xffffffe7]j[0x7][0xffffff81]a[0x14][0x1a][0xffffffe9][0xffffffa0][0xffffffd3][0xffffffbe][0xfffffffe][0x0][0xffffffcc]Xn[0xffffff8c][0xffffff87]-*[0xffffffeb]-[0x18]3[0xffffffaf][0x9][0xfffffff6][0xffffff98][0x1d]I2i[0xffffffbc][0xffffffc2][0xfffffff3][0xffffffe0][0xffffffbb][0x1f][0xffffffb6]p[0xffffffb0]Q[0xffffffbd]c=Z-[0xffffffc4][0xffffff83][0xffffffe7][0xfffffffe][0xffffffbf]<S}[0xffffff9b][0x3][0xffffff8d][0xffffffe6][0x15]D4[0xffffffeb]>A[0xffffffc8]P[0x6][0xffffffea][0xffffffd5]+[0xffffffa5]8[0xffffff83][0xffffff8d]:[0xffffffbe][0xffffffa2]R[0x7]@g[0xffffffb3]`G[0xfffffff2]y[0xffffff9d][0x7f][0xffffffce]t8[0xffffffe5][0xffffffd0][0x18][0xffffffa8],-[0xffffffc8]5[0xffffff99][0xffffffe5]]+g[0xe],[0xffffffa9]6[0xffffff9f][0xffffffb7][0xc][0xfffffffd]@[0xffffffa0][0xffffffde][0x12]I[0xffffffe4]p[0xffffffff]N[0xffffffd0][0xffffffa6][0xffffffbc]AbQ[\n]"
15:11:24.705 [main] DEBUG com.github.dockerjava.zerodep.shaded.org.apache.hc.client5.http.wire -- http-outgoing-3 << "[0xffffffa4][0xffffffc5][0xffffff88]P[0xffffff84][0xffffffbe][0xffffff9e]J[0x2][0xfffffff3]{[0x0][0xffffffee]>6u[0xffffffe4]/W[0xffffffae]S[0xffffffd1]}[0xffffff94]T[0x2][0xfffffff6]&[0xffffffe3]GF[0x1d][0xffffffd8] [0xffffff98][0xffffffac]p*[0xffffffad][0xffffffca]r[0xffffff8d]G1[0xffffffeb][0x11]qp[0xfffffff4][0x13][0xffffff93][0x13][0xffffffa1][0xffffffba]t[0xffffffc2]~[0xffffff9b]G[0xffffff9a][0x7][0xffffffa1]6,[0xffffffa0]^[0x14][0xffffffb1]$[0x1a][0xffffffe3][0x12]SC?x[0xffffffbb][0xffffff9b][0xffffff8d][0xffffffc4][0xffffffe5][0xfffffff6]V[0xfffffff2][0xfffffffa][0xffffff98]L[0xc][0x16][0xffffffb5][0xffffff89][0xffffffec][0xffffffb8]<[0xffffff99][0xffffffa3]T[0xffffff9d]'[0xffffffb7][0xfffffffc][0xffffff84][0xffffff82][0xffffffe6]]4@[0xfffffffb][0xffffffd0]g[0xffffffe3][0xffffffd3][0xffffffcb][0xffffff82][0xffffffc3][0xffffffc9][0x10][0x5]%[0xffffffa3][0xffffffc1][0xffffff9b][0x14][0xfffffffb]Y[0xffffffe6]![0xffffff9b]5}[0xfffffffe][0xffffff9d][0xffffffc4]M[0xffffffc0]'[0xffffff9b](!U8[0xffffff9a][0xffffffad][0xffffffe1]o[0xffffffd3][0xfffffffd][0xffffffe2][0xffffffe1]5[0xffffff9a][0xffffffbb][0xffffffca][0x1d]55[0xffffffcd]l_[0xffffffdd][0xffffffd1]l[0xf][0xffffffcd][0xfffffff1],[0xffffff8e][0xffffffa0]A[0xffffffb5]Q[0xffffffb6][0xffffff9a]zB[0x13]\G[0xffffffca][0xffffffe3][0xffffffba]~[0xffffff8c]~6[0xffffffd7][0xffffffbb]?![0xffffffeb][0xffffffb7]pi[0x14][0xffffffbd]E[0xffffff87][0xffffffe9]t[0xffffffa2][0xffffff8c][0xffffffb8][0xfffffff2][0xffffff80],[0xffffff81][0x1d][0xffffffe4][0xffffffc7]8[0x14]Bx[0xffffff95]#[0xffffff89]{[0xffffffa9]#z[0xffffff9f][0xffffff8d][0x1c][0xffffffd1][0xfffffff2][0xffffffa8][0x13]j[0xffffffd7]g[0xffffff9c][0xffffff98]I[0xfffffffa][0xffffff82][0xffffffff]#e^[0x10][0xffffff9e]r[0x16][0xffffffa2][0xffffffc9]`[0xffffff9f]g[0xffffff92]BG[0xffffffd3]a[0x15]b[0xffffffd3][\n]"
15:11:24.705 [main] DEBUG com.github.dockerjava.zerodep.shaded.org.apache.hc.client5.http.wire -- http-outgoing-3 << "[0xffffff92][0xffffff8e]2S`[0xffffffd5]H[0xffffffce][0x7][0xffffffeb][0x7][0xffffffee]A[0xffffff82][0x12][0xffffffb9][0xffffffab][0xffffffde][0xffffffa8]?[0xffffffe5][0xffffff89][0xffffffd7][0xfffffff6][0xffffff90]J.[0x17]J[0xffffffa8][0xffffffbb][0x1b][0xffffffa1].[0xffffffd6][0xfffffff5]hg[0xfffffff9][0xffffff87][0xfffffff1]H[0xfffffffc][0xffffffa2]8q[0x17][0xfffffff5]")5[0xffffffbd][0xffffff9c][0x19][0xffffffb4][0x13]S{[0x1d][0xffffffce][0xffffffd0][0xffffffb4]A[0xffffff9d][0xffffffd3]-P[0xffffffc9][0xffffffc6][0xffffffb6]w&\[0xffffffcb][0xffffffd5][0xffffffa3]G[0xffffffa5][0xffffffed][0x4]MX[\r][0xffffff96]:[0xffffffd6][0xffffffc3]&[0xffffffbf]m[0xfffffffd][0xfffffffd][0xffffff80]f%[0xfffffff7][0xffffff81][0xffffffa5]H[0xffffff88]v[0x19][0xffffff89]t,[0xffffff82][0xffffffe0][0xffffffec][0xffffffe3]Z[0xffffff82]]1[\n]"
15:11:24.705 [main] DEBUG com.github.dockerjava.zerodep.shaded.org.apache.hc.client5.http.wire -- http-outgoing-3 << "[0xffffffbc][0xffffffaf]L![0xb][\n]"
15:11:24.705 [main] DEBUG com.github.dockerjava.zerodep.shaded.org.apache.hc.client5.http.wire -- http-outgoing-3 << "[0xffffffd0]B[0xffffffae][0xffffffc7]FRxA[0xffffffa5][0xffffffe3][0xffffffb7]u[0xffffffae][0xffffff82][0xffffffa3]6jB[0xfffffffe]\[0xffffff98][0xffffffe6][0xffffffef]EP[0xffffff8e]4,[0xffffffcc]d[0xffffffbd]f[0xffffffb0][0xffffffa0]d[0xffffff81]^[0xffffff93][0xffffffeb]k![0xfffffff9][0x9]ly[0xffffff98][0xffffffe6][0xfffffffb]A[0xffffff93][0xffffffb6]*2[0xfffffff7]`[0xffffffb0][0xb][0xffffffa7][0xffffff8a][0xffffffba]`D[0xffffff84][0xffffffe4]j>[0xffffffee][0xffffffb5][0xffffffd7][0xffffffce][0xffffff9f]|-[0xffffffd3][0x5][0xffffffe6][0xffffffbd][Ye[0x15][0xfffffff2]S+[0x9]J[0xffffff9a][0xffffffae][0xffffffd2][0xffffff97][0x19][0xffffff86][0xffffffd5][0xfffffff1][0x3]x[0xffffffba][0xfffffff4]@r07@[0xffffffc3]R[0xffffff87][0xffffffc5][0xffffffd4][0xfffffffb]h[0xffffff96]@[0xffffffaf][0xffffffd7]y[0xffffff82][0xffffffa8]:u[0xffffffc7]Y[0xffffff8e][0x1e][0x3]y_|[0xffffffeb]i[0xffffffcc][0xffffffa6][0xe][0xffffff98][0xffffffdb][0xffffffc9]0.[0xffffffc5][0x18][0xffffffb4][0xffffffaf][0xfffffff1]WW[0x13][0x1a][0xffffffef][0xffffffef][0xfffffff4][0xffffff8e]H[0xffffffba][0xffffff97]N3[0xffffffa0]X[0xffffffc0][0xffffff98]MfV[0xffffffab][0x1b]`[0x1]o[0xffffffaf][\n]"
15:11:24.706 [main] DEBUG com.github.dockerjava.zerodep.shaded.org.apache.hc.client5.http.wire -- http-outgoing-3 << "[0x3]N[0xffffffdb][0xffffffbe][0xffffffad][0x1c][0xffffffca]%CbY[0xffffff8c][0xffffffec][0xffffffba]Z[0xffffff8c][0xffffffef]9[0xffffffbb][0xffffffa4][0xffffffc7][0xffffff84]Z[0x1c]I[0xffffffde]K[0xffffffad][0xffffff89]M [0xfffffffb]u[0xffffffe9][0xffffffb1][0xffffff9a][0xffffffdd][0xffffffa2]3`[0xffffffbf][0xffffffb1][0xffffffb2]y[0xffffffff][0xffffff9c][0x1c]i[0xffffffbe][0xffffffce]6j[0xffffffe0]dni[0xffffffc6][0xffffffa5][0xfffffff0]M[0xffffff8f][0x1c]E[0xffffffc1]s[0x16]#z[0xffffff99][0xffffffba]$!%[0xffffffc3][0xffffffc6][0x12][0xffffffd2][0xffffffd5][0xffffffaa][0x7][0xffffffcc][0xffffff85][0xfffffff4][0xffffffa3][0xffffffee][0x12][0xffffffdb]s[0xffffffee][0xffffff9b]0[0xffffffd5]q[0xb][0x17][0x18][0xffffff8f][0xfffffffd]B[0xffffffeb][0xffffff97][0xffffffca][0xffffff95][0x1c][0xffffffa7][0xffffffd7]Q[0x7]1[0xffffffca][0xffffffa6][0xffffffa0]>+}[0xffffff87][0xffffffa0]Z[0xffffffc8][0xffffffdf][0xffffff86][0xffffffb1][0xffffffbf]zY[0xffffffd3][0xffffffb0][0x12][0xffffffe8]![0xffffffc9][0xffffffd9]S[0xffffffaa]z[0xffffffc8][0xffffffbe]#=[0xffffff87]d[0x14]dS[0xffffffe3]1[0xfffffff7][0xffffffb4][0xffffffc4],[0x8][0xffffffd6]H[0xffffffd9][0xffffffd2][0x13]X[0xffffffda][0xffffffb5][[0xfffffff1][0xffffffdb][0xffffff89]i[0xffffffe1][0x2][0xffffffec][0xffffffa1][0xffffffc2]W[0xffffff91][0xfffffff5][0xffffffce]K[0xffffffec][0xffffffd7][0xffffffda][0xfffffffa][0x14][0xffffffba][0xffffff93][0x19]?[0x2][0x5][0xffffff94]>[0x1a]BG[0xffffffd9][0xffffff9e]o[0xffffffb2][0xffffffab][0xffffffde][0x9][0xffffffbd]][0xe][0x2][0xffffffed]s[0xf]\[0xffffffe7]P[0xffffff8d]r[0xffffff8d][0xffffffae][0xffffffbc][0xffffffb1]dg[0x18][0xffffff95]p[0xffffffd0]j;a;[0xfffffff3][0xffffff83]Gx[0xfffffff2][0xffffff92][0xffffff8c][0xffffffda]$[0xffffffda][0xffffffec][0x0][0xffffff99])[0x11]1T[0xffffffe3]4[0xffffffee][\r]2[0xffffffec]t[0xffffffc4][0x11][0xffffffd8][0xffffffdf]$[0xfffffffb][0xffffff81]Kg[0xe][0xffffffca][0xffffffac][0xffffffa1][0xffffffba][0xe]j>[0xffffffc7][0xc][0xffffffc8][0xfffffffc]P_[0xffffffa0][0xfffffff3][0xfffffff9]x[0xffffff9d]5[0x11]M[0xffffffdc]X[0xffffff99]g[0xffffffa4][0xffffffd0]4[0xffffff8b]a[0xffffffbd][0x5][0xffffffc2]\Xt[0xffffffdb][0xffffffc8][0xfffffffd][0xffffffe5][0xffffff99]L[0xffffffe3][0xffffff81][0x1]\5Z[0xffffffe9]P*@[0xffffffa0][0x12][0xfffffff0]f[0x1b]B[0xffffff8e][0xfffffff4]>[0xffffffd0]EDG[0xfffffff4][0xe]S[0x7f]V[0xffffffbc]'[0xfffffff6][0xffffffeb][0xfffffffc]$[0xffffffb2][0xffffffda][0xfffffffe][0xffffffc0][0xffffffd6]="[0xffffffd8][0xffffffa4][0xffffff85]&&[0xffffffe3][0x13][0xffffffc8][0x0][0x5][0x0][0x16][0xffffffe5][0x8][0xffffff8c]9[0xffffffc5][0xffffffbd][0xfffffff0][0x6]ZK[0xffffff84][0xffffffb0][0x6]fga[0xfffffff4]1[0xffffffcc][0xffffffdd]IZ[0xffffff9f][0xfffffffd]vN&[0xffffff83][0xffffff94][0xffffffb0]8[0xffffffa1]d[0x16][\r][0xffffffda]n[0xffffffd3][0xffffffce]P[0x7f][0xffffffba][0xffffffc5][0xffffff80]J[0xffffff9d]PV[0xffffffe7][0xfffffff8][0xffffffe1]l[0xffffffa6]5[0xffffff80]%[0xfffffff7][0xffffff8e]W[0xfffffff9][0xffffff83][0x1b]IbA[0xffffffec][0xffffffa5]W[0xffffff91][0xffffffe6]&[\r][0x2] [0xfffffff2]H[0xffffff9d]kX=V.[0xf]Qt[0xe]k[0x11]>T[0xffffff8c]7[0xffffff97][0xffffffbc][0xffffffdf]nQl,[0xffffff8b].[0x14][0xfffffff1]~[0xffffffab][0x1d][0x1c][0x7f][0xffffffa8][0x6]u=[0xffffff98][0xffffffca][0xffffffc0]2[0x4][0xffffffb6][0xffffffcb][0xffffffb2][0xffffff89]e[0xffffffcf][0xfffffffa]4[0xffffffe6]u[0xfffffffe]"[0xffffffc8]w[0x15][0x8][0xffffff8d][0xffffffc2]'m[L\[0xffffff99][0xffffff9e][0xffffffaa][0xffffffbb][0x10][0xffffff97]3[0xffffffeb][0x19][0x1d][0xffffffa9]9[0xffffffce][0xffffffcf][0xffffff93][0xffffffcc][0xfffffff1][0xffffff99]Lq$[0x11][0xffffffc3][0xfffffffc][0xffffff81]D[0x1]NxE[0x2][0xffffffcd]N[0xffffff93][0xffffffcd][0xffffff80][[0xffffffb5][0x3][0xffffffe8][0xffffffd5]M[0xffffffeb][0xffffffd8]g[0xffffffd9][0xffffffaf][0xffffffd4][0xffffffde][0xffffffc0][0xffffffb7][0xffffff9c]o[\n]"
15:11:24.706 [main] DEBUG com.github.dockerjava.zerodep.shaded.org.apache.hc.client5.http.wire -- http-outgoing-3 << "+[0xffffffbc][0xffffffe8][0xfffffffc][0xffffffaa][0xffffffd6]I[0x14][0xffffffec][0xffffffb7][0xffffffcc][0xffffff9f][0xfffffff5]v3pc[0xfffffffc][0xfffffff1]KO[0xe][0x12][0xffffffa1]Y[0xffffffd5][0xffffff8c][0xfffffffc][0xffffffd7][0xffffffa0]:b<[0x14]f+"[0xffffffb9]x=Q[0xffffffb9][[\n]"
15:11:24.706 [main] DEBUG com.github.dockerjava.zerodep.shaded.org.apache.hc.client5.http.wire -- http-outgoing-3 << "[0xffffff98][0xffffffd8][0xffffff97]?[0xffffffcc]O[0xffffffae][0xfffffffc][0xffffffc7][0x4][0xffffffba][0xffffffe1][0xffffffe3][0xffffff9b]C[0xffffffaf][0xffffff82][0xfffffff0][0xfffffff6][0xffffffbd][0xffffffd8]<[0xffffffeb][0x1f][0xfffffffb][0xffffffc1][0xffffffbd]3?e[0xffffffcb][0xfffffff4][0x12]}7N[0xffffffcc][0x10][\n]"
15:11:24.706 [main] DEBUG com.github.dockerjava.zerodep.shaded.org.apache.hc.client5.http.wire -- http-outgoing-3 << "9[0xffffffdc]LU[0xffffffd7][0xffffffee][0xffffffab][0xffffffd5][0xffffffbf][0xffffffaf]v[0xffffffc6][0xffffff8d][0xffffffac]B[0xffffffc0]x[0xffffff88][0xfffffff1]1 [0xfffffff9][0xffffff8c]i[0xc][0x1b]1[0xffffffd6][0xfffffff8][0x18][0xffffffb7][0xffffff88]q[0xfffffff5]z[0x11][0x17]i|[0x5][0xffffff8d][0xffffffa2][0xffffffe1][0xffffffed][0xffffffcd]d[0xffffffed][0xfffffff1][0xffffff9d]w[0xffffff9a][0xffffffce][0xffffffe6][0xffffffc1][0x1f][0xffffff82][0xfffffff9][0xffffffe9][0xffffffb3][0xffffffb6]V[0xffffff8c][0xffffff91][0x14][0xffffffb2]Z[0xffffffb3][0xffffff92][0xffffffa8]%*'?[0xffffffdd][0xffffff8b][0xffffffc2]_s[0xffffffdb][0x2][0x7f][0xffffffce][0xffffffcc]<[0xffffffae]m[0xffffff9d]c[0x5])[0xffffffc0]m[0xffffffb2][0xffffffe3][0x1e][0x11]f[0xffffffb4][0xffffffaf][0xffffff9d][0xffffffcc][0xfffffff3][0xffffffa5][0xffffffac][0xffffff97][0x18]1[0xffffffae][0xffffffbb]o[0x7f][0xffffffa8][0xffffffe4];[0xffffffd6]>I[0xffffffd6]4[0xfffffff6]7[0xffffffed][0xffffffbe]I*<4[0xffffff94][0xffffffb7][0xffffffd0]p[0xffffffa2][0xffffff9d]L[0xffffffba][0xffffffab]?[0xffffffff]){[0xffffffc7][0xffffffe6]f[0xffffffe3][0xffffffe3][0xffffffb5])1[0xffffffc8][0x5][0xffffffc1][0xffffff99][0x11]w5[0xffffffd9][0x11][0xffffffd0][\n]"
15:11:24.706 [main] DEBUG com.github.dockerjava.zerodep.shaded.org.apache.hc.client5.http.wire -- http-outgoing-3 << "aj[0xffffff8a]a<{:F^a[0xffffff96][0xffffff80]E[0xfffffff0][0xfffffff7]O[0xffffffee]Z[0xfffffff6]{N[0x14][0xffffff87][0xfffffff4]I[0xfffffff7][0xffffffde]8[0xffffffc3][0xfffffff2]zB[0xffffffbc][0x1e][0xb](4[0xffffff85]O[0xffffffe3]j[0xffffffeb]1|W[0xffffffba][\r]A3[0xfffffff7][0xffffff86]M[0xffffffa9]z%[0xffffffd0][0xffffffd9][0xffffff82]7[0xfffffffc][0xffffff88][0xfffffffe][0xffffffa1][\r]s[0x0][0x1a]p[0xffffffb7][0xffffffcc][0xffffffb7][0xffffff89]v[0xfffffff4][0xffffff8c]n[0xffffffdf],9[0x15][0xffffffc4][0xffffffd8]&[0x0][0xffffff8a][0xffffff9d]w[0xffffff89]L[0x17][0xffffffd6][0xfffffff2][0xfffffffd][0xffffffb8][0xffffff82]Y[0xffffff8b]+[0xfffffffd][0xffffffb5][0xffffff85][0xffffffde][0xffffffa4]%9V[0xffffff98][0x7f][0xffffffe9]>[0xffffffb1][0xffffffeb][0x8][0xffffffa4][0xffffffa3][0xffffffcb][0x1c]l[0x8][0xffffffcb]X[0x14]g[0xffffff9f][0xffffffc6][0xffffffb9][0xffffffda][0xffffff9f][0xffffffd8][0xffffffee]c[0xffffffa9]G[0xffffffd5]w41[0xffffffac][0x13]G[0xffffffaa][0x17][0xffffffc0].'0[0xffffffc7].R|[0xffffffba][0xffffff95][0xfffffff2][0xffffff99][0xffffffc9]<[0x4][0xffffffdd][0xffffffbe][0xe][0xffffffb5][0xffffffc2]cL[0x5][0xb][0xffffffe4][0xffffffb6]+[0xfffffff6]~[0xffffff9d][0xffffff91]s[0x7f][0xffffffc3][0x14][0x7]Q}[0x16][0xfffffffb][kM[c[0xffffffb2][0x1b][0xffffffb6][0xffffffd7][0xffffff86]u[0xffffffaa]Y[0xfffffffd](UV[0xffffff82][0x17][0xe][0xfffffffa][0x1]w)mBUv[\n]"
15:11:24.706 [main] DEBUG com.github.dockerjava.zerodep.shaded.org.apache.hc.client5.http.wire -- http-outgoing-3 << "[0xffffffeb][0xffffff85]"[0xffffffb9][0xffffff9d]C][0x1a][0xffffff8f][0xffffffde][0xffffff92]"[0xffffffb3][0xffffffbe]Q+yn[0xfffffff3][0xfffffff8][0xffffff94][0xffffffbf][0xffffffa7][0xffffff8f]\1[0x12]L[[0xffffffc2][0x9]Z[0x10]?[0xffffff95][0xffffff9b][0xffffff93]R[0xffffffc4][0xffffffd4][\n]"
15:11:24.706 [main] DEBUG com.github.dockerjava.zerodep.shaded.org.apache.hc.client5.http.wire -- http-outgoing-3 << "[0xffffff8e][0xfffffffc]*[0xffffffb8][0xffffff81][0xffffffa5][0xfffffffc][0xfffffffb][0xb]w[0xffffffd0]f([0xffffffab][0xffffffe0][0xffffffce][0xffffff90][0x1a][0xffffffd7][0xffffffb2][0xb]L[0xffffffa2][0x13]i?U[0xffffffdd]L][0xffffffc4][0xffffff93]=[0xffffff9b]u[0x12]:[0xffffffbe]+[0xffffffef][0xfffffff2]O[0xfffffffd][\n]"
15:11:24.706 [main] DEBUG com.github.dockerjava.zerodep.shaded.org.apache.hc.client5.http.wire -- http-outgoing-3 << "[0xffffff91]!O[0x7f]HT[0xffffff90]c[0xffffff88]aX[0xfffffffd]JE@(k[0xffffff81]6[0xffffffc2][0xffffff9c][0x3][0xffffffe0]r[0x1a][0xffffffec]"[0xffffff88][0x13][0xffffff8d];[0xffffff96][0xffffffaa][0xffffff99]3[0xffffff95][0x9][0xffffffcd][0x16][0xffffffbe][0xffffff9e][0xffffffaf][0xffffff88][0xffffffa4]5[0xffffffff][0xffffff95][0xffffffe7][0xffffff80]$[0xffffff8a][0xffffffcc].[0xffffffec][0xe][[0xffffff9e][0xffffffe3][0xffffffa3][0x5][0xffffffd3][0xffffffc0][0xffffff98][0xffffffa5][0xffffffa4]*[0xffffffb5]RK[0xffffffb0][0xfffffffe]9[0xffffffc7].U[0xffffffb3][0xffffffb1][0xffffffba][0xffffffa6][0xffffffa7]B:[0xffffff85]3[0x17][0xffffff91]-r[0xffffffd6][0xfffffffa]7[0x19][0xffffff9a]][0xfffffff7][0xffffffa8][0xffffffb8][0xffffff81]c[0xfffffff7][0x1a][0xffffffc6][0xffffffe4]s}[0xffffff96][0xffffffb2][0xffffffbc][0xffffffcb][0x1a][0xffffff98]_[f[0x3]![0xffffff98][0x13][0x17][0xffffff90][0x1d]w[0xffffffe1]+Ic[0xfffffffd][0xffffff8f][0xffffff8b][0xffffffee][0x15][0xffffffb2][0xfffffff8]g[0xffffff86]\e8[0xffffff95][0xffffffde]+cF[0xffffffe9][0xfffffff6][0xffffff8d][0xffffffeb][0xffffffa3][0xffffffb7][0xffffff93][0xffffff90][0xffffff9d]q[0xffffff87][0xffffffe3][0xffffffc2][0xffffffe3]Eq[0xfffffff7]BHN>[0xffffffa3][0xffffffc5][0xffffffb1]B[0xffffffa2]S8@[0xffffffb1][0x14][0x7][0xffffffb6][0xfffffff6]`z[0xffffff9a][0xffffff9c][0xffffffe5][0xffffffbc][0x16][0xfffffffc]+[0xffffff9d][0xffffff8d][0xffffffa9]=l[0xffffffb9][0xfffffff6]8[0x9][0xfffffffc]<[0xffffffa9][0xffffffb6]=[0x1][0xffffff83]U[0xc][0xffffffba]K[0xffffffa6][0xffffffd0][0xffffff87][0x17][0xffffffc7][0x5][0xffffffc3][0x1f]A[0x10]EC[0xffffffa6][0xffffff89][0xffffffe3]/C[0xffffffe4]y[0xffffffe3]-G[0xffffff91][0xffffffcb]5[0xffffff98]][0xffffffaa][0xfffffff2][0xffffffad][0xfffffffb][0xffffff89][0x1f]([0xffffffe3][0xffffffd0]^\![0xffffffe6][0xffffffe2][0xffffffe9][0x1e][0xffffffd5]R?RLMk[0xffffff9a][0xffffffd5][0xffffffc9]f^[0xffffffc4]8[0xffffffde][0xffffffa7]' [0xffffff96][0xffffffbb][0x0]?RCC,[0x7f] [0xffffff8f]~[0xffffffe6]V[0x6]d[0xffffffc4]Y)N[0xfffffffc]1[0xffffff98]5[0xffffff99],[0xffffffef][0x1e]y[0xffffffea][0x15]h[0x10][0xffffffb8][0xfffffff7][0xfffffff7]tW[0xffffffcf]x[0x2]Go[\r][\n]"
15:11:24.706 [main] DEBUG com.github.dockerjava.zerodep.shaded.org.apache.hc.client5.http.wire -- http-outgoing-3 << "5b9b[\r][\n]"
15:11:24.706 [main] DEBUG com.github.dockerjava.zerodep.shaded.org.apache.hc.client5.http.wire -- http-outgoing-3 << "[0x1d][\r][0xffffff8e]K[0xffffffc4][0x1c][0xffffffef][0xfffffff1]e[0xffffffd7][0xffffffc3]Z[0x6][0xe]$C[0xffffff8e][0x1e][0xffffff93][0xffffffc0][0xffffffb1]6[0xffffffa6],[0xffffffe0]o[0x14][0x1c][0xffffffd2][0xffffffa0]a[0xffffffdb][0xffffffac][0xe][0xffffffd1][0xfffffff3][0xffffff98]LY[0xffffff8f][0xffffffbb]j[0xffffffda]mc[0x1e]k[0x3][0xffffffb1]d[0xfffffffd]m[0xffffffa3]Q[0x11]F[0xffffffbd][0x3][0xffffffec]&=[0xffffffbb][0xffffffc2][0xffffffea][0xffffffc8][0xffffff84][0xffffffa7]S[0x11].[0x7]-[0xffffff82][0xffffffdc][0xffffffd2]B[0xffffffa1][0xffffffeb][0xffffffec][0x7]I[0x11]C[0xffffff81][0xb][0xffffffdf][0xc][0xffffffff]Lh[0xffffffdd][0xffffffc5]5[0xfffffff7][0xffffff8e][0xffffff9a]P[0xffffff88][0x7][\r]l[0xffffffe1][0xfffffff9]\$[0xffffff81][0xffffffb7][0xffffff87][0xffffff82][0xffffff8a][0xffffffb8][0xfffffff2]Y[0xffffffdd]@X%[0xffffffc3]@[0xffffffdb]\[0x1b]R[0xffffffde]|[0xffffff90][0x14][0x1d][0xffffffc7][0x9][0xffffffd6][0xffffffd9])[0xffffff83][0xffffffa1][0xffffff8a]S[0xffffffcf]29[0xffffffd7][0xffffffb6][0xffffffbb]|[0xffffffae]R-[0x19]>[0xffffffa7][0x8][0xffffffcf][0xffffffa3]$7/[0xffffffb5]N[[0xf][0xfffffff0][0xffffffa0][0x14]0[0xffffff95][0xffffffc6][0xffffffd9]}`[0xffffff9a][0xffffffd8][0xffffffba]O[0xb][0xffffffd1]>b[0x3][0xffffffed](\[0xffffff90][0xffffffd1][0xffffffb1]J[0xffffffbb][0xffffffbc]f[0xffffffc0]o[0xffffffdc][0x8][0xffffffa6][0xffffff96][0xffffffdd]/[0xffffffa4]aN[0xffffffa6]O[0xffffffcf][0xfffffffa][0x12][0xffffffda][[0xffffffbe][0x1a],[0x2][0xe][0xffffffc6][0x9][0xffffff80][0xffffffb3][0xfffffffd][0xffffffc3][0xffffffa6][0x18][0xffffffaa][0xffffffe3]VL[0x1]s[0xffffffeb]>.[0xb][0x10][0xffffffe0][0xffffff96]/x[0x1c][0xffffffc0][0x14][0xffffffeb]0Yy[0xffffffdd][0xffffffe2]W6B[0x18]N.[0xffffff9c]xDCy[0xffffffab][0xffffffe0][0x6][0xfffffff7][0x14][0xffffff9b][0xffffffd2]![0xffffffaa]{y[0xffffff9b]D[0x13]gQ[0xffffff94][0xffffffac][0xfffffffc][0xffffff96][0x13][0xffffffce](/s[0xffffff8d]O[0xffffffca]D[0xffffff9f]0>[0xfffffff2][0xffffff80]I[0xfffffff2][0xffffffc8]e[0x1b][0xffffff87]e[0xffffffa0][0xfffffff3]][0xffffffda][0xfffffff0][0xffffff81][0xffffffc2][0xffffffc0],$[0xffffffd8][0xffffff81][0xffffffd7]A[0x1a]%[0xffffffe4]A[0xffffffa2][0xffffff9f]C5[0xffffffc6][0xffffffb9][0xffffffc4]k[0xffffffc9][0xffffffe9]$[0x13]1[0xfffffffb][0x1d][0xffffffde][0xffffffe3][0xffffffb1][0xffffffff]L[0xb][0xffffffaa][0xffffff96]^[0xffffffa7]F[0x15]eo[0xffffffa2][0x1a]Dc[0xffffffac][0x1f][0xffffffdf]q[0xffffffc2]<[0xffffffbf]2[0xffffffbd]E[0xffffff97]J[0xffffffb4][0xffffffc8][0xffffffb4]y[0xfffffff1][0xffffffe3][0xffffffcd][0xffffff95][0xffffff95][0xffffff8b][0xffffffbb]h\|v[0xffffffb1][0xffffffdf][0xffffffa9][\r][0xc]]dU[\n]"
15:11:24.706 [main] DEBUG com.github.dockerjava.zerodep.shaded.org.apache.hc.client5.http.wire -- http-outgoing-3 << "[0xffffffd5][0xffffff8f][0x1b]S[0xffffffb1][0xffffffd6][0xffffffe3][0xffffffe6]'d[gPPa[0xffffffdd]E[0xffffff89][0xffffffd8]4w%"[0x19][0xffffffe0][0xffffffae][0x7][0xffffffcb][0xffffffdf][0xffffffe7][0x5][0xfffffffe]k[0x10]:[0xffffffae][0xffffffdd][0xffffffaa]h[0xffffff8f]t0o:([0xffffffc0][0x18][0xfffffff3]A'[0xffffffc8][0x14]@[0xffffffdc]T;[0xffffffe5]J[0xffffffd9][0xffffffe8][0xffffff99]TdJn[0xffffff81][0x1a][0xffffffc9][0xffffffed]$RC[0xf][0xffffff8e]][0xffffffda]%[0xfffffff6][0xffffffa5][0x1f]T[0xffffffa2][0xffffffe5][0xffffffcc][0xffffffdc]=V7[0xffffffad][0xffffffca][0xffffffa5]q?,[0xffffffa1][0xfffffff3][0xfffffff8][0x1d]S[0x1f][0xffffffc8][0xffffffbf][0xffffffc4][0xffffff8f][0xffffffa0]$`[0xffffff86][0x5]~i[0xffffffad]_[0xffffffdd]C[0xffffffad][0xffffffa1]R[0xffffffdc][0xffffffdc]Ia[0xfffffffb][0xfffffffe][0xffffffa3]\[0x11]i[\n]"
15:11:24.706 [main] DEBUG com.github.dockerjava.zerodep.shaded.org.apache.hc.client5.http.wire -- http-outgoing-3 << "v*[0xfffffff2][0xffffffc9][0xffffffb6]5[0xffffff84][0xffffffb4]q[0x7][0xffffffa0][0xffffffce]m5[0xffffff97][0x17][0xffffffcb][0xffffffb9][0x8][0x10]1[0xfffffff5]~[0x19][0xffffffa1][S[0xfffffff0]| qu[0x0][0xffffffaa][0xfffffff5][0x1e][0x5]*'[0xffffffdb]*E[0xffffffdc][0x3]!B[\r][0xffffffd5]n[0xffffff9a][0x13][0x8])[0xffffffde][0xffffff80]X[0xffffffd0][0xfffffff6]W[0xffffffeb][0xffffffe3][0x16]R[0x7][0xffffff89][0x1e][0xffffffce][0xffffffb3][0xffffffe1][0xffffffd7]Wj[0x4]z[0xffffffbf][0xffffff9a]L[0xffffff96][0xffffffac][0xffffff9e][0xffffffc6][0xffffffb8][0xffffffc8]@+[0x1f][0xffffff88]R[0xffffff90][0xffffffe2]L[0xffffffe1][0xffffffda][0xc][0xfffffff1]<s[0xffffffbf]x[0xffffff89][0xffffffdc][0xffffffeb][0xffffff94][0xffffffcc][0xffffffdb][0xfffffffb][0x9][0xffffffdf][0xffffffba][0xffffffce]w[0xffffffc5]F\([0xffffffbd][0xffffff99][0x18][0xffffff89][0xffffff8d][0xffffffcf][0xffffffe8][0x5][[0xffffffa1]o,[0xfffffffa][0xffffffbd]]ZX[0xffffffe4]#9$L[0xffffff8b][0x12][0xffffffe9][0x7]0[0xffffff9a]wB[0xfffffff8][0x14][0xffffffef][0x1a]7[0xffffff8d][0xffffffee][0xfffffff2][0xffffff98]$Z[0x1])&[\n]"
15:11:24.706 [main] DEBUG com.github.dockerjava.zerodep.shaded.org.apache.hc.client5.http.wire -- http-outgoing-3 << "k[0xfffffff2][0xfffffffa][0xfffffffd][0xffffffce][0xffffffcf][0xffffffc5][0xffffffcc]2[0xffffff95]c[0xffffffe2][0xffffffea][0xffffff99]%[0x13]R[0xfffffff8][0xffffffcb]SX[0x1][0x18][0xffffffd8]N[0xffffffc4][0x1e][0xffffff9f][0xffffffac]O[0xfffffffb]gV[0xffffffef][\n]"
15:11:24.706 [main] DEBUG com.github.dockerjava.zerodep.shaded.org.apache.hc.client5.http.wire -- http-outgoing-3 << "[0xffffffa1][0xfffffff4]BA[0xffffffba][0xffffff83]e[0xffffff81][0x5]G[0xffffff92][0xffffff9d]`[0xffffffe4][0xffffffe3]K?n[0xffffffe2][0xffffff9e]{$[0xffffffa8]E[0xfffffff2][0xffffff96]ER[0x6][0x10][0xffffffd8][0xffffff8d][0xffffffb9][0x1b][0xffffff9f][0xffffffaf][0xffffff9b][0xffffffd6][0xffffffa7][0xffffff99][0x1e]4^|[0xffffffa2]j[\n]"
15:11:24.706 [main] DEBUG com.github.dockerjava.zerodep.shaded.org.apache.hc.client5.http.wire -- http-outgoing-3 << "[0xffffff91][0xffffffd6][0xfffffffd][0x19][0xffffffb0]I[0x2][0x1f]Ea[0x7][0xffffffba][0xffffffba][0xe]k[0xffffffac][0xf][0xffffffd2]ww[0x18]O[0xffffff80][0x8][\r][0xffffff83][0xffffff85]v[0xffffff9d][0xffffff80]@\4[0xf][0xffffffd6][0xfffffff1],[0xffffffab][0xffffffcb]u[0xfffffffa][0xffffff95][0xffffffe1]9"[0xffffffdc]@"[0xffffffbd][0xfffffff2][0xffffffe3][0xffffffaa]G[0xffffffca][0xffffffd9][0xffffff88][0xfffffff2][0x1d][0xffffffb0][0x13][0xffffffa5]3[0xffffffb4]y*[0xffffffa8][0xffffffbe]o-Dk[0xffffffe0][0xffffffea];[0xfffffff2][0xffffff93][0xffffff8e]bxG[0xffffff89]2[0xffffff8e][0xffffffac][0xffffffb0]V[\n]"
15:11:24.706 [main] DEBUG com.github.dockerjava.zerodep.shaded.org.apache.hc.client5.http.wire -- http-outgoing-3 << "[0x1b][0xffffff9c][0xffffffbf]D2oD[0xfffffff1][0xffffff95][0xffffffd4][0xf][0xffffffe6][0xffffffa4]U[0x4]61[0xffffffbf][0xffffffad][0xffffffd9]H[0xffffff9a][\n]"
15:11:24.706 [main] DEBUG com.github.dockerjava.zerodep.shaded.org.apache.hc.client5.http.wire -- http-outgoing-3 << "W[0xb][0x3][0xfffffff9][0xffffff9c]+[0xffffff96][0xffffff8b][0xfffffff1]M[0xffffffa0][0xfffffff4][0xffffff9f]N[0xffffffbf]Th[0xffffffc5];W4[0xffffffc6]y*[0xffffffab]|}7[\n]"
15:11:24.707 [main] DEBUG com.github.dockerjava.zerodep.shaded.org.apache.hc.client5.http.wire -- http-outgoing-3 << "[0xffffffc5]o[0xffffff9a][\r][0xffffffd5][0xffffffd0]c<[0xffffffbf]pH[0x7f]L[\r]j[0xffffffbb]8q;[0xffffffb6]XR$[0xffffff8c][\r][0x15][0xb][0xffffffa4][0xffffff94][0xffffffd3]p[0xffffffbe][0xffffffb6][0xffffffef]8[0xb][0xffffff90]F:[0x1c][0xffffffb3][0xffffff91]+q[0xffffff9a][0xffffff94]XNmAX[0xffffff98]2^[0xffffffb4][0x11][0xfffffff2]P[0xfffffffe][0xffffffd4]][0x15]o[0xffffff8b][0xffffffcc]/[0xffffffa6][0xffffffd0][0xffffff99]X[0x5][0xffffffe6][0xffffffcf][0xffffffc6][0xffffffb3][0xffffffa7][0xffffffe8][0xffffffa8]$[0xfffffff2][0xfffffff2]N*t[0xffffffd9]~[0xffffff8a]N[0xffffffc4]/dX'[0x10][0xffffffaf][0x0]~UO[0xffffffa2]I[0xffffffc6]-%[0xffffff96][0xffffffb6][0xfffffff6]tY[0xffffffa7][0xffffff92]}[0xffffffaa][0xffffffd7]p[0xffffffa3][0xfffffffb][0xffffffd5][0xffffffd8][0x15]9[0xffffffba][0xffffffe1][0xfffffffe]2M[0xffffff93][0xfffffffc][0xffffffd4][0xffffff9c]Gl[0xffffffb2]v[0xb][0x1][0xffffffd3][0xffffffde]v[0xffffff8b]aa[0xffffffe4][0xffffffa9][0xffffff82]x[0xffffffa1][0x1c]r[0x18]Y[0xffffff8d][0x8]-[0x1b][0xffffffa8][0xffffffff][0xffffffe2][0xffffffa8][0xffffffb6]z[0xffffffa6][0xffffff8c][0x0]=[0xffffffa4][0xffffffd3]KU[0xffffff87][0xffffffb3][0xffffffc3]:[0xffffff99]N[0xffffff95][0x3]A[0xffffffa1]HGds[0xffffffff]Ama&%N[0xfffffff2][0xffffffff]c[0xffffffeb][0xffffff9d]b|[0x1][0xffffff9e][0xfffffffc][0xffffffed][0xffffffef][0xffffffe0][0xffffff8c]m[0xffffffdb][0xffffffb6]m[0xffffffdb][0xffffffb6]m[0xffffffdb][0xffffffb6]m[0xfffffff3][0xffffff8c][0xffffffcf][0xffffffd8][0xffffffb6]m[0xffffffdb]~[0xffffffb3][0xffffffbb][0xfffffff9]'[0xffffffbf][0xffffffcd][0xffffffbb]}[0xffffffdb][0xffffff9d]t}Rw[0xffffff95]<O[0xffffff99]Z[0x6][0xffffffe0]W[0xffffffad][0x1]5[0xffffff85]0D[0x7f][0x6][0x7]s[0xffffffff][0x3]A[0xffffff8f][0x6][0x1a]'[0x11]PK:[0xffffffa9]<[0xffffffad]^^[[0xffffffcb]hH[0x1e][0x16]Xk7[0xffffffc5]ZIDW[0xffffffb7][0x7][0xffffff83]j[0xb][0xffffff81][0xffffff81][0xffffff8a][0x11][0xffffffa1][0xffffffb8][0xffffffe8]|[0xffffffe9][0x1c]9[0xffffffc8][0xffffffcb]FL[0x12]Ut*[0x18]r[0x18][0xb][0xffffffd5][0xffffff87][@l[0xffffffd0]A[0xffffff8b][0xffffff83][0xffffffad][0xffffffd4]U[0xfffffffe][0xffffffc8]([0xfffffff7][0xffffff90][0xffffff82][0xffffffcb][0xffffff9b][0xfffffff2][0xfffffff3][0xffffffc9]$I[0xffffffd6][0x3][0xffffffb6][0xffffff81][0xfffffff2][0xffffffa1]^[0xffffff94][0xffffffa1][0xffffffad];P7,@O[0x19]+e[0xffffffff][0x2]R~PU[0xffffffb3]C[0xffffff8e]-P[0x7f]$S[0xffffff9a])[0x1e][0x12]=[0x4][0xfffffff0]{[0xffffff81]q=B[0xffffffe8][0xfffffffc][0xffffff81][0xffffffe3]CB[0xffffff9d][0xffffff82][0xffffffd7][0x1b]([0xffffffe0]r[0xffffffe1][0xfffffff5]h{[0xffffffb0][0xfffffffc][0x10][0xffffff99][0xffffffd5][0x6]+E[0xffffffa0]d[0xfffffff7])![0xffffffcb]!Kj[0xffffffa9][0xffffffe4]NL[0xffffffae]z7>[0xffffffb6]>[0xffffff8e]q[0xc]e[0xffffffec][0xffffffea][0xffffffca][0xffffff89]W[0xffffffcd][0xffffffc6][0xfffffffa]`[0x10][0xffffff97][0xffffffed][0xffffffcc]ImJ[0xffffff87][0xffffffae]f[0xffffffda]0[0xfffffffe][0xffffffa4]v[0xffffff8a]I&[0x11][0xffffffd1][0xffffff96][0xffffff9a][0xffffffae]f~O[0xffffff82][0xffffffa2][0x4][0xffffffeb][0xffffffc9][0xffffff84]~[0xffffffef][0xffffffa1][0xffffffbe][0xffffffdf][0xffffffa5]b[0xfffffff6]#[0xffffff89][0xffffffa2][0xffffff97][0xffffff9b][0xffffff90][0xffffffb9] [0xffffffe3][0xffffff8f][0xffffffd0][0xffffff97]k[[0xffffff93][0xffffffa5] =[0xfffffff8][0xfffffffe][0xffffffb6][0xffffffa9]W[0xe][0xffffffc1][0xffffffe9][0xffffff92]k0[0xffffff8b]F&~G[0x13]R[0xffffffa6][0xffffffad][0xffffffd6][0xffffffd5]H[0xffffff99][0xffffff80] 8Z[0xffffffd5]X?[0xfffffff0][0xffffff91]N[0xffffffa8][0xffffff88][0xfffffff7][0x17]z[0xfffffff2]%k[0x5]5[0xffffffac][0xffffffb8]S[0xfffffff3]eeees.[0xffffff94][0xffffffef][0x4]Zuh[0xfffffffb][0xffffff85][0x10][0xfffffff4][0xffffff99][0xffffffc7]_F[0xffffffa5]Et[0xffffffc7][0xffffffd9][0xfffffffd][0xffffffb7][0xfffffff2]&F2s;[0x13][0xffffffd5]H8[0xfffffffc][0xffffff91][0xffffffba][0xfffffff9]o[0xfffffff9][0xfffffff3][0x17]T0W[0xffffffb6][0xffffffd5]U[0xffffff9d]r[0x2][0xfffffff3][0xffffffb4]%[\r]A[0xffffff85]B[0xffffff8d]t[0xffffffff][0x14]4Hk[0xffffff97][0xffffffff]Z='l[0x1e]<[0xffffffaf]"[0xffffff89][0x13]R[0x6][0x2][0xffffffc4][0xffffffb5][0x17][0xffffffe6][0xffffff92][0xffffff97][0xffffffba][0xffffffdc][0xe]#[0xffffffe5][0xffffffca],[0x1b][0xffffffad]+[0xffffff92][0xffffffea]s[0xffffff88]?[0xffffffeb]d[0xffffff80][0xf].+?[0xffffffc1][0xfffffffd][0xffffffee]_U[0xffffff82]R[0xffffffd0][0xffffff95]"[0xffffffeb][0x9][0xffffff81]:[0xffffffba][0xffffffd5][0xffffffcd][0xffffffc6][0xffffffea]u[0xffffffac][0x5][0xffffffc9][0x1b][0xffffff90]"[0xffffffbe][0xfffffffb]T[0xffffff96][0xffffffd1]J[[0xffffff9e][0xfffffff5][0xffffff97][0xffffffbd]^IB[0xfffffff7][0xfffffff9]e[0xffffffa9][0xffffffcf][0xffffff9b]D[0x2]M[0x1f]:3[0xffffffce][0xffffff9d]$[0x1d][0xffffffba]E[0x3][0xffffff99]W[0xffffffa6][0x7][0x4]eD[0xffffff9f]'Jq[0xffffffc3][0xffffff9c]z[0xffffff9e]Dr[0xffffffd3]Un[0xffffffb1][0xffffffc1][0xffffff8b][0xffffff96][0xffffffe2][0xf],[0xffffffe8]k[0x0][0x7]cV[0xffffffcc][0xffffffdb][0xffffffe0][0xffffffbc]f%G[0xfffffff0][0xffffffb8][0xffffff9b][0xffffff97]6TgY[0xffffffbc]M(W[0xffffffcf][0xffffff92][0x1f]9[0x2][0xffffffa1][0xfffffff5][0xfffffffa][0xffffffda][\r][0xffffff87][0xffffffed]@[0xffffffdf][0xffffff8f][0xffffffc8][0xfffffffb][0x1b]Dk[0xffffffed][0xfffffff9]![0xffffffc1]>[0xffffff85][0xffffffaf]0[0xffffffd4]{[0xfffffff3]_[0xffffffcd][0xffffffcc][0xffffffc3][0xffffff83]K^[0xffffffad][0xffffffe5][0xffffffe7][0xffffffe3][0xffffffc9]v[0xffffffe4][0xffffff87][0xffffffa4]%"[0xffffffbb][0xffffffa6]([0x1][0xffffffca]HN[0x8]c3[0xffffffe9]1],[0xffffff9a][0xffffffbc][0x15][0xf][0x12]%[0xffffff96][0xffffffb8][0x9]{][0xffffffd1][0xffffffd9][0xffffffce][0xffffffd2][0xffffffe4][0x0]:[0xffffffeb][0xffffffe0]w2[0xffffffdf][0xffffffcf][0x17]T1[0xffffffd6][0x11][0xffffff9b][0xffffffe4]DY'[0xffffffa8][0xffffffc8][0xfffffffc] K[0xffffff83][0xe]z[0x10]Z7~[0x7]<[0xffffffdb][0xffffffad][0xffffff98][0xffffff8b][0xffffffae][0xffffffa7][0xffffffb7][0xffffff83]qp[0xffffffda][\r]lv[0xffffffb2]/g[0xffffffdf][0xffffffaa][0x1c][0xffffffc9]~t[0xffffffb2]F[0xffffffff][0xffffff85][0xffffff9e][0xffffffe0][0xffffffe1][0xffffffc5].hri[0xffffff95]=[0xffffff97]B[0x4][0x4]Da[0xf][0xffffffd2]/[0xffffffdb][0xffffffe8][0x0]riv[7[0xffffffd5][0xffffffa5][0xffffffa5]7&[0xffffffc5][0xffffffd0][0xffffff86][0xfffffff8][0xffffff80][0xffffffd0][0xffffffa4][0x9]p+[0xc][0xffffff86][0xffffffbe][0xffffff82][0xfffffffe][0xfffffff8][0x2][0xfffffff9][0xfffffff2]L..[0xffffff89][0xffffffe8][0x1e][0xffffffb2]m[0x13]O[0xffffff82][0xffffffe5][0xffffffe6][0xffffffee][0xffffff8c][0xfffffffc][0xffffffcb][0xffffffc9][0xffffffa4][0xffffff96][0xffffffc1]S+b[0xfffffff7][0xffffffee]?[0xfffffffc][0xffffffc2][0x7]N3[0xfffffffc]Lh[0xffffffb0]'|,[0x0]2[0xffffffa6]+[0xffffffc4]@[0xffffffa8]"[0xffffffc6]@>[0xffffffa4]R[0x2][0xffffff97]|.[0x15][0x1f]<[0xffffffcc][0xffffffb8]G[0xffffff9b][0xffffff9b]cF[0xffffffcc][0xffffffa3][0xfffffffc][0xffffff90][0x16][0xffffff8f])CwC[0xffffff96]k%Qi[0xffffffb6][0xffffff9c][0xffffff80][0xffffffa8]a[0xffffffb3][0xfffffffe][0xffffff92][0xffffffba][0xc][0xffffffe5][0x1b][0x5][0x6]F[0xffffff83]C[0xffffffff][0xffffff80][0x11][0xffffff9e][0xffffff87]=[0x18]V[0xffffffeb][0xffffff99][0xffffffd6]Z9C[0xffffffee][0xffffffd9][0xffffffda][0xffffff8d][0xfffffffa][0xffffff84]B7[0x3][0xfffffff2][0xffffff98]C[0xffffffd6][0xffffffdf]:[\r]J[0xffffffae][0xffffffd4][0x13]h[0xffffffc5][0xffffffdc][0x9][0x17][0xf]{[0xffffffc6][0xffffff86]3[0xffffff96][0xffffff8b][0x4][0xffffffae][0xffffffa4][0xffffffc6][0x19]+Y&"[5[0xffffffb3][0xffffff9c][0xfffffff5][\r][0xffffff81][0xffffffbb][0xffffffd1]][0xffffffb3]Z[0x2][0x16][0xffffffb0][0xffffffac][0xffffffa3]z[0xffffff85]G[0xffffff86][0xffffffbb]a[0xffffffd7]s+[0xf][0xffffffbe]\[0xfffffff9]<[0xffffff84][0xffffffce][0xffffffde][0xffffff81]24n"[0xfffffffc][0xffffffab][0xffffffc0][0xffffff99]\1[0xffffffc4][0xffffffc2]e[0xffffff88]HS[0xfffffff2][0xffffff99][0xffffffa3]iX8[0xffffffad]l[0xffffffe2]y[0xffffffa3][0xfffffff1][0xffffffb0]I[0xffffff8b][0xffffffc2][0x7f][0xffffff87][0xffffffcd]j[0xffffffa3][0xffffffee][0xffffffbc][0xffffffb0]\[0xffffffeb]R[0xffffffc2][0x5][0xffffffc6][0xffffffc1][0xffffffaf]t[0xffffffa5][0xffffffa5][0xffffff9c][0x16][0x4][0xfffffff2]+urbt[0xffffffeb][0xffffffb2]<m[0xffffffdd][0xffffffe8][0xffffffdc][0x18]E[0xfffffff3][0x1a][0x1d][0xffffff98]@}[0xffffffbf][0xffffffb0]9v[0xffffff91][\n]"
15:11:24.708 [main] DEBUG com.github.dockerjava.zerodep.shaded.org.apache.hc.client5.http.wire -- http-outgoing-3 << "A;G[0xffffffdc]"[0x5]0[0xfffffff2]([0xffffff95][0xfffffff0][0xfffffff2]![0xfffffffe][0x1])[0xffffffb2]J.i[0xfffffff2][0xffffffad][0x1f][0xffffffb8][0x14]bRXy[0xffffffa7][0xfffffffb]M[0x13]y[0xffffffab][0xffffffe6][0xffffffb8]j[0xffffffda]C[0xffffff92][0xffffffab][0xffffff9d][0xffffffa4]%#[0xffffff99][0xffffffd0][0xffffffca][0x1a]m[0xffffffb6][0xffffffa1]+[0xb][0xffffffba][0xb]!c[0xffffffdf];[0xffffffb2][0xffffffce][0xffffffda][0xffffff90]^\[0xffffff83][0xffffffd6][0xffffffcf][0xffffffe7][0x4]} [0xffffff94]}[0x1][0xffffffea][0xffffff94][0xffffffe3][0xffffff93]xd6[0xffffff8f][0x3]x.[0xfffffffa]d[0xffffffde][0x18]bY12[\n]"
15:11:24.708 [main] DEBUG com.github.dockerjava.zerodep.shaded.org.apache.hc.client5.http.wire -- http-outgoing-3 << "[0xffffffc9]Y[0xffffffd6][0x13][0xffffffe6]T[0x6]J%[0xffffffc7][\n]"
15:11:24.708 [main] DEBUG com.github.dockerjava.zerodep.shaded.org.apache.hc.client5.http.wire -- http-outgoing-3 << "[0x12]([0xffffffbe][0xffffffb2]k[0xffffffe2]M[0xf][0x19]9([0xffffffac][0xffffffae]Q[0x9][0xfffffffb][0xffffffb8][0x6]7>%[0xffffffc4][0xffffff89]W}l[0xffffffeb]b[0xe][0xffffffdc]?6~[0xffffffc5][0xffffff8d]^[0x13][0x7f]}+k[0xffffffe2][0xfffffffd][0xffffffd2][0xffffffbd][0x3]:[0xffffffeb][0xffffffa9][0xffffffd0][0xffffff98][0xffffffab][0xffffff8f]8[0x19][0xffffffb6][0xffffffa1]n[0xffffffc7];[0xfffffff6][U[0xffffffa6]s[0xffffff88][0xffffffb3]D[0xf][0xffffffe4][0xffffffb4][0xfffffffa][0xffffff87][0x4][0xffffffed][0xffffffec]=M[0x10]o{[0xffffffb3][0xffffffc6][0xffffffa0][0xffffffa4][0xffffffd2][0xffffff95]6>[0x0]w[0xc][0xffffffbc][0xffffffd4][0xffffff9b][0xffffff9f][0xb]K[0xffffff82][0x10][0xffffff93]-i[0xffffffd2][0xffffffd6][0xffffffb8][0x1][0xffffffb1][0xffffff98][0xffffffbd][0xffffffb0][0xffffff9b][0xffffffe9]:E[0xfffffffd]d[0xffffffde][0xffffffcc][0x9]jlf[0x1][0xfffffff2]I}[0xffffff89][0xffffffdb][0xffffff94][0xffffffc3][0x10]bPc[0xffffffa6]q3[0xffffff81][0xffffffaa][0xffffffcc][0xffffffde][0xffffffda][0xffffffef]a0[0xfffffff9][0xffffff92]"[0xffffff97][0xffffff88]H[0xffffffb0][0xffffff8a][0xffffffff][0xffffffd2][0xffffff97]&;J[0xffffffee]&[0xffffffb7][\n]"
15:11:24.708 [main] DEBUG com.github.dockerjava.zerodep.shaded.org.apache.hc.client5.http.wire -- http-outgoing-3 << "*h[\n]"
15:11:24.708 [main] DEBUG com.github.dockerjava.zerodep.shaded.org.apache.hc.client5.http.wire -- http-outgoing-3 << "Du[0xffffffb0][0x10]g[0xffffff8f];6[0xffffffe7][0xffffff9c][0xffffff9d].[0xffffffb7][0xffffff97][0xfffffff6][0xfffffffa][0xffffffb7]p[0xffffff87][0xffffffc6][0xffffff8f][0xffffffa4]'I[0xffffff85]`[0xfffffff7][0xffffff87]48[0xffffffe2]/[0xffffffa3][0xfffffff7][0xffffffb5][0xffffffaf]@>[0xffffffc4]t.[0xffffff82][0x8][0xffffff8c][0xffffff8f][0xffffffb0][0xffffffcc][0xfffffffe][0xffffff99]{yX[0xffffff8e][0x0]?[0xffffffb6][0xf]$[0xfffffffc]6[0x1f][0xffffffe1]Q[0xffffffd6][0xffffff8d]>[0xffffffc5][0xffffffdd]`1z[0xffffffa9][0x3][0xffffff9b].[0xffffffef]uh[0xffffffea][0x1a][0xfffffffe][0xffffffc8][0xfffffff7][0xffffff82]S[0x7]n[0x4][0x12][0xffffffc2][0xffffffd5][0xffffffde][0xffffffe9]![0xffffffe3]q[0xffffffc1][0x1f]7b[0xffffffc0]ag[0xfffffffc][0xffffffdd]M[0x18]O[0xffffffe2][0xffffff9c]ZI[0x16][0xffffffee][0xfffffff1][\r][0xffffffa2][0xffffffc0]#[0xffffff87]{[0xffffffa6][0xffffffb3]i[0xfffffff1][0xffffffdd]n&[0xffffffc7][0xfffffffb][0xfffffffb]f0[0xffffffe6]Q[0xffffffd6][0xffffffaa][0xffffff88][0xffffff8a]Z"][0xffffff8c]2[0xffffffbc][0xffffffc4]![0xffffffdf][0xffffff9e][0xffffffaf][0xfffffff6]t[0xffffffb1][0xffffffc3][0xffffffd6][0x0]n[[0xffffff91][0xffffffbe][0xffffffae][0xffffff8b][0xffffffb6][0xffffffc1][0xffffffed]9[0xffffffd0][0xffffffc0][0xffffffe6][0xffffff99][0xffffffe8]p>iZ[0xb][0x7f].Blz[0xffffffd3][0xfffffff3]n[0xffffffc1]ZO[0x7f][0xffffffbb][0xfffffff8][0xffffffbb]6[0xffffffdd][\r][0xffffff8b][0xffffffa2]nW[0xffffffa9][0xffffffc4]Y[0xffffffd0][0xffffffe7][0x5][0xfffffff3]o[0xffffffae]LU][0xffffff86]Q[\r][0xffffffb1][0xffffffb5][0x11][0xffffff88][0xffffffb7]g[0xffffff82][0xffffffbc][0xffffffa3][0xffffffcf][0xffffffcf][[0xffffffa3][0xffffff90][0x9][0x7f]O[0x5]l[0xffffffb0][0xfffffff2]Y[0xffffffbd][0x15]=#[0xffffff92]/IH[0xffffffdf][0xffffff86][0x15]|'[0xffffffb5][0xffffffea][0x1a][0xffffffce]I[0xffffffd3][0xffffffc0][0xfffffff0][0xffffffdc][0x1][[0x17]r[0xffffffd4][0xffffff8a][0x9][0xffffff9c][0xfffffff0]p;[0xffffff8b]&[0xfffffff5][0xf]K[0x1][0xffffffb4][0xffffffb5]+[0xffffff8f][0xffffff99][0xfffffff4]l'x[0xffffffc7][0xffffffb3]F4[0xffffffd1]@[0xffffffd7][0xffffffdb]v[0xfffffff0]S[0xffffff9d][0xffffffae][0xffffffe0][0xffffffcc][0x1a]"[0xffffffaf][0xffffff9a]9[0xffffff8b][0xffffffc7]4[0xffffff99][0xffffff81][0xffffffd6]}}[0x1e][0x14][0x13]Y1F;[0xffffff91][0xffffffbb][\n]"
15:11:24.708 [main] DEBUG com.github.dockerjava.zerodep.shaded.org.apache.hc.client5.http.wire -- http-outgoing-3 << "[0xfffffff2]l[0xffffff93]$[0x1d][0xffffffb0][0x0]Ir[0x15][0xffffffe6][0xffffff87][0xc]l[0xffffffec][0xffffffcb][0xffffffa7][0x7f][0xffffffd5][0xffffffe5][0xffffffe1][0xffffffc5]D[0xfffffff6]-[0xffffffa7][0xffffff91][0xffffffb6][0xffffff9d]w[0xffffffde]@[0x1][0xffffffdb][0xffffffdc][0xffffffe2]<JQT[0xffffffb2]G[0xffffffe0][0xffffff94][0xffffff99];p[0xffffff97]N[0xfffffff4]A[0x16][0xffffff9b][0xfffffffc][\r]}[0xffffffa3]eX~[0xffffffbd][0xffffff92]p[0xffffffaa]L[0x7]$t[0xffffff85][0x12]M[0xffffffd0][0x16]N[0xffffffdd][0x14]*[0x15][0xffffff83][0xffffff88]X[0xffffff80][0xffffffb5]YkV[0xffffffbf]He[0xffffffff][0xffffffbc][0x3][0x8][0xffffff95][0x8]N[0xffffffc3][0xfffffff7]l[0x15][0xffffff9f]O[0xffffffd4][0xffffffc6][0xffffffe6]F[0xffffffa4][0xffffffc0]X}[0x1f][0xffffffa3][0xffffff8f]1>[0xffffffc6]g[0xffffff99][0xffffffa3]T[0xffffffa7]>H6[0xffffffea][0xffffffc9][0xffffff9c][0x1a][0x5],[0xffffffb8]3[0xffffffdb][0xffffff81][0xffffffc3][0xffffff92]/[0xffffffbb][0xffffff8e][0xffffffb1][0xffffffef][0xe]I[0xffffff84][0xffffffb9]!>[0x9][0xffffffa2][0xffffffcf][0xffffff96]+[0xffffffb2][0xffffffb8]|[0xffffffee][0xfffffff5]/r[0xffffffc1]{[0xffffffa4][0xffffffd0][0xffffff99][0xffffffeb][0xffffffb9][0xffffffdf])[0xffffffa6]~[0x16][0xffffffb6]N:[0xffffff8e]|[0xffffff8c])\[0xffffff9a][0xffffffe4]Lc[0xffffffd9]{h[0xffffffe0][0xffffffce][0xffffffd4][0xffffffe3][0xffffffc7]C[0xfffffff3][0x1c][0xffffffd7]U[0xffffffad]%[0xffffffe2]>[0xffffffe4]p[0xffffffd4][0xffffff93][0xffffffa0]q9[0xffffffc2][0xffffffb6][0xffffffef]|b[0xffffffe3][0xffffffce][0xffffff9c][0xffffffd3][0xffffffbb][0xffffffab]!w[0x8]t[0xffffffe8][0xffffff87][0xffffffba][0xffffffe4]w[0x7][0x1a][0xffffff92][0xffffffec]~[0x13][0xf][0xf][0x7][0xffffffba][0xffffffd7][0xffffffdc]@[0xffffffe4][0xffffffdb]a[0xffffffae][0xffffffe1]VW[0xffffff90][0xffffff88]5[0xffffffe4]7[0xffffffaf]<[0xffffffa4]P[0xffffffb7].GA[0x16]([0xffffffbf][0xffffff80][0xffffffe2][0xffffffe1]wO7H^[0xfffffff6][0xffffff9f]2[0xffffff86][0x5][0x2][0xffffffe7]D[0xffffffbb]n[0xfffffffb]O[0xe]e[0xffffff83][0xffffffd9][0xffffffb9][0xffffffd0]hI[0xffffffa5][0x1a].[0xffffffb3][0xffffffc0][0x7f][0xffffff82][0xffffffd4][0xffffff92][0xfffffffa][0xffffffc3][0xffffffd7][0x16]R[0xffffff96]z[0x10]@[0xffffffa3][0xffffff83][0xffffffe9]zY[0xffffffb9]u[0xffffff9c][0xffffff8d]a'[0xffffffd9][0xffffff8b]V[0xffffffe4][0xffffff94][0xffffffed]A[0xffffffa0][0xffffff99][0xfffffff6][0xffffffde][0xffffff95]|[0xffffffac][0xffffffc6][0xffffff9b]?[0xfffffffc][0xffffffe5][0xfffffff7]|N[0xffffff99][0x11][0xffffffca][0xffffffa3][0xffffffb4][0xffffffaa]@[0xfffffffa][0xffffff9c][0x7][0xffffff97][0x3][0xfffffff1][0xffffffb7]\[0xffffffde][0xffffffa6]|hJ[0xfffffff5]g<[0xfffffff7][\n]"
15:11:24.708 [main] DEBUG com.github.dockerjava.zerodep.shaded.org.apache.hc.client5.http.wire -- http-outgoing-3 << "[0xc][0xffffffe5][0xffffffb1]d[0xffffffc6]iX[0x1b]uWz[0xfffffffe][0xfffffff6][0x8]+>[0xffffff85][0xffffffcc]$&gSo[0xffffffb6]Eg4[0x8][0xffffff93]4F[0xb][0xffffff9a]I'[0xfffffff8][0xffffffb0][0xffffffc5][0xffffffd6][0xffffffa6]T1[0xffffffb9][0xffffff91]'[0xffffffca][0xf])u[0xffffff8f]s?D0[0xfffffff5]'[0xffffffd9][0xffffff81]l[0xffffffad][0xfffffff4][0xfffffffc][0xffffffbc][0xffffff81][0xffffffb4][0xffffffd7][0xffffffa3][0xffffffa3][0xffffffe1][0x11][0xffffffda]:[0xffffffdd][0xffffff87][0xffffffbd]j[0xfffffff8][0xffffff8a][0xffffffd3]w'[0xffffff81]j[0xffffffcd][\n]"
15:11:24.708 [main] DEBUG com.github.dockerjava.zerodep.shaded.org.apache.hc.client5.http.wire -- http-outgoing-3 << "T[0x7][0xffffffa9]%mE3[0xffffffb4]r[0xffffffc1][0xffffffa0].b[0x8][0xffffffbb][0xffffffd3][0xffffffc5][0xffffffb7]Di[0xffffffbf][0xe][0x1e][0xffffffc2][0x1d]=(w[0xfffffff3][0xffffffc9][0xffffff8f]A[0x0]Yo[0xffffff9b]XZZv[0xffffffd8][[0xffffffc0]t[0xffffff89][0xffffffe2]a[0xffffffc6]`[0xffffffb0][0xffffff8f][0xffffffa5]R[0xffffffd7]O[0xfffffff3][0x17][0xffffff89]s[0xffffffbf]o[0xffffffa4]8[0xffffff87]9T[0xffffffb6]X[0xffffff82][0x11][\n]"
15:11:24.708 [main] DEBUG com.github.dockerjava.zerodep.shaded.org.apache.hc.client5.http.wire -- http-outgoing-3 << "[0xffffffd6][0xffffffbd][0xffffffc7][0xffffff81][0xffffffd3]b[0x2][0xffffffe5][0x0][0xffffffec]^[0xffffffa0][0xffffffd1]r[0xffffff89]_[0xffffffb8]d[0xffffffbf][0xffffffa8][0x1b][0xffffff8d][0xffffffc5][0x1d][0xffffffdf][0xfffffffe]ui6\[0xffffff85][0xffffff9a][0xffffffdf][0xffffffcf]b[0xffffffea]X+`[0xffffffc5][0xffffffa6]N[0xffffffb1]"_ w[0xffffffeb][0xffffff86][0xffffff83]xBE[0xffffffbd][0xfffffff0][0xffffffc1][0xffffffd9][0xffffffe2][0x16][0xffffff91][0xffffff89][0xffffffc5][0xffffffcf][0x1]h[0xffffffb8][0xffffffaa][0xffffffbb][0x15][0xffffffae][0xffffff92][0x5][0xffffffae][0xffffffee]k[0x9][0x7]G[0xffffffef])^4^[0xffffffc7],B_q[0xffffffcf][0xffffff98],Y{YZJ[0xffffffff]l[0xffffffc1]_[0xffffffd0][0xffffffff][0xffffffe5][0xffffffad]H<[0xffffffff]N[0xe]p[0x16][0xffffffd6]k[0xffffff8b]0[0x10][0xfffffff9][0xffffffa6][0xffffffee][0xffffffbf][0xffffffbb][0xfffffff6]i9f-[0xffffffcb][0xffffffdc]W[0xc][0x6][0xffffffa4][0xfffffff6]2|[0xffffffcf]Cx[0x14][0xffffffbc][0xffffffed][0xffffff8f][0x12][0xffffffa0][0xffffff9e]I[0xffffffcd]hXa[0xffffffc6][0x1f]M<[0xffffffa7]6[0xffffffd9]h[0xfffffff4]3[0xffffffca]~[0xffffffbf][0xffffffe0][0x14]`[0xffffffdf][0x12][0xffffffdd][0xffffffd4]!-[0xffffff9a]7[0xffffff9b]w8[0x1e]![0xffffffdb][0xfffffff0]E[0x7f]U}[0xfffffffb];[0x16][0xffffffee][0xffffff93][0x1e];[0xffffffa2][0xffffff89]g[0xffffffc7]q[0xffffffa5][0xffffff86][0xfffffff9][0x10][0xffffffe7][0xffffffe3]+[0xb]K[0xffffff99][0xffffffa5][0xfffffffd][0xffffff80][0xc][0xffffffd2],P?[0xffffffa5]H4[0xffffff97][0xffffffce];][0xffffffe7][0xffffffd5][0xffffffbf][0x18]u[0xffffffaa][0xffffffb6][0xffffffa7]([0xffffffde][0xffffffed]R[0xffffffb4]IVbM[0xffffffa9][0x1][0xfffffff9][0xffffffc1][0xffffffd7]"[0xffffff8b][0xffffffb1][0xffffffd7][0xffffffd7]j[0x7f][0xffffffcb]=[0xffffffda]H[0xffffff86][0x1d][0xffffff8c][0xffffffbd]U$[0x1][0xffffffbf][0xfffffffd]|[0x14][0x15][0xffffff8e][0xffffff83][0xb][0xffffffaa][0xffffff99];[0xffffffa0]f[0x13][0xffffffef][0xffffffea]>[0xffffff84][0xffffffb0]%[0xfffffff2][0x14]<m[0xfffffffe]<[0xffffffed][0xffffff85][0xffffffaf][0xffffffc8][0xffffffa2]c[0xffffffd9][0xffffffa3][0x17][0xfffffff4]'[0xffffffde][0xffffffc5]xH[0xffffffde][0xffffff9d][0xffffffd7]0E[0xffffffc3][0xffffff90][0x7][0xffffffd4][0xb][0xffffffa4]-O[0xfffffff7]9&[0xffffff9e][0xffffffd3]n3[0xffffffd2][0xffffffb0][0xffffffc4]O[0xffffffe0][0xffffff9d][0xffffff93][0x8][0xffffff8a][0xffffff83][0xfffffffa][0xffffffdf]Q3[0x15]a[0xffffffe8]o[0xffffffea][0x5][0xffffff85][0xffffff9e][0xffffffbb]C}[0xffffff8e][0xffffffe8][0xffffffd9][0xffffff8c]r[0xffffffae][0xffffffff][0xfffffff8][0xffffffe1][0xffffffa1][0xe][0xffffff89]][0xffffff8d][0xffffffe4][0xffffff8a][0xffffff81][0x18][0xffffff91][0x11][0xffffffc8][0xffffff86][0xffffffc4][0xffffff8f][0xffffffc7]\P[0xffffffb5][0xffffffe5][0x14][0x1b][0xffffffbe]b[0x1e][0xffffffde]y[0x1b]c[0xfffffffc][0x1d][0x8]R,[\r][0x4][0xffffffa4][\n]"
15:11:24.708 [main] DEBUG com.github.dockerjava.zerodep.shaded.org.apache.hc.client5.http.wire -- http-outgoing-3 << "[0xffffffb0][0xfffffff7]|[0xffffffee][0xfffffff0][0xffffffa5][0xffffff85][0xffffff85]?[0xffffffdb]K[0xffffff95][0xffffffe8][0xffffffa7][0x1c][0xffffffde]1Km4=B*[0xffffffef][0xffffffc1]Ca[0x7f]Fmy[0xffffff93]([0xffffff9f][0xffffff8f][0xffffffd9][0xe][0xfffffff2][0xffffffc3])[0xffffff85][0xffffffa3]Q[0xffffffdb][0xfffffff3][0xffffff86]r[0xffffffe5]#[0xffffff8c][0xfffffff0]1[0xffffffcf][0xffffff9d]\u[0xffffffb6][0xffffffc4][0x3][0xffffffc9]P[0xffffffd0]kT[0xfffffff2][0xffffffc8][0xffffffb6][0xffffff90][0xffffffa3]9b[0xffffffda]No8[0xffffff86][0xfffffff7][0xffffffb4][0xc][0xffffffac][0xffffffda]rj[0xffffffbf][0xffffff98]%[0xffffffb0][0xffffffa0]I[0xffffff93][0xffffffc9][0xffffff86][0xfffffff2][0xffffffa9][0xffffffba][0xffffffad]N[0xffffffad][0xfffffff9]>[0xffffffbb]H[0xffffff83][0x9][0xffffffe7]G[0x18]lJ[0xffffffd0][0xffffffcd][0x1a]#[0xc][0xffffffa8][0xffffff93][0xffffffe3][0xffffffae]G[0x1d]m[0xffffff90]i[0xffffffa4][0x1][0xfffffffc]wm[0xffffffda][0xffffffb7]5[0xffffffa6][0xffffff9d]++,[0xffffffab][[0xffffffa5]t[0xffffffed][0xffffffee]6[0xffffffdc][0x1f]{[0x5][0xffffffa9]4.[0x7][0x8]L[0xffffffd7]-[0xffffffcf][0xffffffba][0xffffffb6][0xffffff92][0xfffffff6][0xffffffe0][0xffffff9a]Nk)[0xffffffa3][0xffffffb0]T[0xffffffb6][0x0][0x1a]`ldm-[0xffffff85][0xffffffa8][0xe]F[\r][0xffffffd0]"5[0xffffffaf][0xffffffd2]I[0xffffffe0][0x16]^[0x13][0x7f][0x6][0xffffffd4][0x8][0xffffffc8][0xfffffff1][0xc]-[0xffffffb6][0xffffff95][0xffffffba][0xffffff93][0xffffffc1][0xffffffca][0xffffff8d]I[0xffffff8b]>[0xffffffa7][0xffffff92][0xffffffae];[0xffffffaf][0xffffffa5]s[0xffffffe4][0xfffffffa]c[0x10][0xffffffcc]"[0xffffffa3][0xfffffffb][0xffffffae]g9P[0xffffff87]O[0xffffffa7][0xffffffe5]7$b[0xffffffe7][0xffffffb4]z[0x1b][0xffffffb1][0x13]u[0xfffffff3][0xfffffff3][0xffffffb6]-[0xffffffb8]{E[0x1c][0xffffff81][0xffffffc9]&[0xffffffb8]}[0xfffffffb]LkY[0xffffffe4][0xffffffda][0xffffffbb]f~[0xffffffd2][0xffffffbf][0x18][0xffffffc9]([0xffffffcc]4[0xffffffde]`[0xffffff8d][0xffffffa3]&@[0xffffff82][0xfffffffb]c3[0xffffff86][0xffffffca][0x1b][0xffffffb9][0xffffffaf]>E/[0xffffffa6][0xffffffc6][0xffffff9a][0x1e][0xffffffa1]j`[0xffffffa9]&o#[0xffffffbc][0xfffffffc]([0xffffffb3]vl[0xffffffd1]D[0xffffffbe][0xffffffa5]y[0x1f]e[0xffffff97]&^q&i9[0xffffffdd]b][0xffffffe5][0xffffffdb][0x2][0xffffff9e])[0x1]H[0xffffffed][0xffffff9d][0xffffffa7][0xffffff80][0xffffffe5][0xffffff89][0xffffffd1][0xffffff90][0xffffffdb][0xffffff86][0xffffff9b].[0x13][0xffffff85][0x1f][0xffffff90][0xffffffbb]@[0xffffff90][0xffffffb9][0x1a]_[0xb][0xffffffa1][0x1b]0[0xffffffb0][0xb][0xffffffb6][0x8][0xffffffb3]V,7[0xffffff8e]c[0x2][0xffffff81][0xffffffc0]ng[0x6][0x6]%;5[0xffffffcb][0x7][0xffffffaf][0xffffffb2][0xfffffff3][0xffffffbf].5[0x0][0xffffffb1][0xfffffff5]D-DY&[\n]"
15:11:24.708 [main] DEBUG com.github.dockerjava.zerodep.shaded.org.apache.hc.client5.http.wire -- http-outgoing-3 << "[0xffffffe3][0xffffffc6]E[0x1f][0xffffff9f][0xffffff94][0xffffffae][0xffffffc6][0xffffffde]#[0xffffff9d][0xfffffff3],a5A:q[0xffffff86][0xffffff9a][0x4]Je[0xffffffca][0xfffffffa]kp{[0xffffff85][0xffffffdd][0xffffffbe][0xfffffff7][0x17]k>H[0xffffffa3]p[0xffffff9c]$[0x1a][0xffffffb8]hJ{[0xffffffd4][0x7f][0xffffffee]Lmi'[0x9][0x13][0xffffff91][0xffffff9b]~&"
15:11:24.710 [main] DEBUG com.github.dockerjava.zerodep.shaded.org.apache.hc.client5.http.wire -- http-outgoing-3 << "![0xfffffff4][0xffffffd4][0xffffffc5][0x14][0xffffffee][0x3][0xfffffff3][0x19][0xe][0xffffff89][0xffffffc6]:y[0xffffffee]7[0x14][0xffffffe9]([0x4][0xffffffd8][0x1d]Bfk[0x5]B8,[0xfffffff7]][0xffffffb5][0xffffffb4][0x2][0xfffffffa]_[0xffffffa9][0xffffffbd][0xffffffd9]9RA[0xffffffc2][0xfffffff6][0xffffff90]([0xffffff83][0xffffffd6][0xffffff99][0xffffffbf][0xffffffaa][0xffffffb5]9M+[0xffffffbb][0x1c][0xffffffe2]99[0x1e]~][0xfffffffe]i[0xffffffbf][0xffffffd7]*[0xffffffd2]t8[0xfffffff8][0xffffffb9][0xffffff8d]8Z[0xffffffb6]Vj[0xfffffff3][0xffffffc4][0x2][0x1f][0xffffff97][0xffffffd3][0x11]K[0xffffff83][0xffffff8a]o[0xffffff9f]][0xffffffc5][0xffffffaf][0xffffff83][0xffffff93][0xffffff9b][0xffffff8a][0xfffffff4][0xffffffe6][0x9][0xffffffcf]C2Li[0xffffffe0]'[0xffffff81][0xc]y[0xffffffe0][0xffffffc0]0[0xffffffa9][0xffffffb4]M[0xffffffd3]EHE[0xffffff90][0x12]W[0xffffffca][0xffffffe1][0xffffff98][0xffffffef][0x7]T[0x1][0xffffffc2][0xffffff9c]1g[0xffffff9c][0x1f]v[0xfffffff1][0xffffff98]G2[0x10]`[0xffffff9e][0xffffffd1][0xffffff86][0xfffffff8]r[0x11][0xffffffa6]+p[0xffffffd1][0xffffffd1][0x1b][0xffffffe0]#9[0xffffffd6][0xffffffaf][0xffffff81]X9[0xffffffab][0xffffffa3][0x1b]B{}[0xfffffff4]!e[0xffffffd8]D[0xffffff9b][0xffffff93]C[0xffffff88][\r][0xffffffee]P[0xffffffa8]G[0xffffffdc][0x8]k[0xfffffff1][0xffffffad]b[0xffffffa2][0xffffffe1][0xffffffb3]D 6[0xffffffc6]j[0xfffffff8][0xffffff9f][0xffffffc8][0xfffffffe][0xfffffff0]D)DX~[0xffffffc7][0xffffff83][0x10][0xffffff81][0xffffff9b][0xffffffaf][0xffffffc8]Mb!+[0xffffffa4][0xffffffcf][0x13][0xffffffd7][0xffffffcb][0xffffffa2][0xffffffa0]k[0xffffff85]=T[0xffffffd1]P[0x1]&[0xffffffd3]mMR[0xffffffe1][0xffffffb4][0x18]M[0xffffffd8]=3,[0xffffff9c][0x14]6[0xfffffff6][0xe][0xffffffdf][0x3][0xffffffe3][0xffffffbe]R[0xffffffb5]j[0xffffffe3]B[0xffffffaf]4jR[0xffffffc0]TYe[0xffffffa9][0xffffffee][0xffffffec] [0xffffffca]=-[0xffffffc7][0xffffffb0][0xffffffbf]Y[0xffffffb5]|[0xffffff95][0xffffffe0][0xffffffbd][0xffffffd8][0xffffffc3]^[0x9][0xffffffed]C[0xffffffa9][0xffffff8d][0xffffffb3][0xffffffc7][0xffffffb7]z[0xffffffbe]5[0xffffff99][0xffffff8e][0xffffff9f][0xffffff9d][0xffffffb6]p[0xffffffc9]a;g[0xffffff9d];[0x18][0x11][0xffffff8a][0x1e][0xffffff94]=[0xffffffe8][0xffffffe4][0x1][0xffffff97]S[0xffffffc1][0xffffffcc][0x1e]e[0xffffffdd][0xffffffac][0xffffffdd][0xffffffce]Q[0xffffff92][0xffffffaf][0xfffffffa]Ch[0xffffffa0]%q[0xffffffd1]&=[0x8]xu[0xffffffd4]`[0xffffffbd]F[0xffffffeb]aPI[0xffffffe7][0xffffffef]0[0xffffffb2][0xffffffd1]q[0xffffffa1][0xffffffb2][0xffffff9e]X[0xfffffffb][0xffffff80][0xffffffd9]N[0xffffffca]k?yi[\r][0x15][0xffffff8d]A[0xffffffb3][0xffffffb9][0x6][0xffffffec][0xffffffb0],[0xfffffffa]t[0xffffff88][0xffffff81][0xfffffff9][0xffffffea][0xffffffbe]^[0xffffff91][0x1c][0xfffffffd]~[0x1d]B[0xffffffe9][0xffffffa4]0[0xffffff9a][0xffffff8a]o[0xffffffad][0xffffffdf][0xffffffed]ir>[0xffffffad]u[0xffffffac][0xffffffe7][0xffffffb8]d[0xffffff99]$[0xffffff9e][0x4]D[0xc][0xfffffff3][0xffffff92][0xffffffbf]B[0xffffffc2]u[0x17][0xffffff9f][0xfffffffc]8b[0xfffffff1][0xffffff8e]*@[0xffffff83][0xffffffb1][0xffffffba]N[0x14][0xfffffffb][0xffffffca]X[0xffffff97]![0xffffffc6]n[0x9]j=[0xfffffff7]v'[0xffffffde][0xb][0xffffff85][0xffffffb3][0xffffffdc]D[0xffffffce][0xffffff93]T[0xffffffdd][0xffffffa2],[0xffffffbc][0x1f]`{Q[0xffffffab][0xffffff89]Wo[0xfffffff7][0xffffff99][0xfffffff3]1[0xffffffcc]/[0xffffffa4].[0xffffffc0][0xffffff9d]D[0xffffffbd]Iy[0xffffff8c][0xffffff89][0xffffffdf][0xffffffe6][0x11][0xfffffff9][0xffffffea] [0xffffffa4]L;2&K[0xffffff8c]h[0xffffffb0][0xffffffd5][0xffffffb3][0xffffffd4]a[0xffffffb5])[0x14]6O[0xffffffe4]"ds[0xffffffc8]9Z[0xfffffff3][0x1e][0xffffff86]=*[0x17]}[0x1b]?[0x1d][0xf][0xffffff97][0xffffffe4][0xfffffff7][0xffffff8a]Ne[0xffffffa5][0x12]G[0xffffffec]}U[0xffffff95]0[0xfffffff6]6[0x6][0xffffffe0]8[0xffffffa4][0xb][0xffffff85]N[0xfffffffb][0xfffffff1][0xffffff9c][0x0][0x1b][0xffffff9f][0xffffff93][0xffffff9a][0xffffffc3];[0x12][0xffffffe1][0xffffffab][0xffffffd5]D[\n]"
15:11:24.710 [main] DEBUG com.github.dockerjava.zerodep.shaded.org.apache.hc.client5.http.wire -- http-outgoing-3 << "2[0xffffffba][0xffffffcc]\[0xffffffad][0xffffffb6]a[0xffffff8e][0xffffff86][0x2][0xffffff8a][0xffffffde]g[0xffffffd6][0xfffffffd][0xffffffaf][0xffffffec]63c)[0xffffffc7][0xffffff97][0xffffff8a]G[0x18][0xffffffbc][0xffffffba]32[0xffffffac][0xffffffdd][0xffffff99][0xffffff82][0xffffffc8]cB5[0xffffffbe][0xffffffef]I[0xfffffff2][0xffffff88][0xffffffcf][0xffffffc5][0xfffffff7][0xffffffc3][0xffffffef]uN[0xb][0xffffffa3][0xfffffff0][0xffffffee][0xfffffff8][0xffffff98][0xffffffa7][0xffffffba]9[0x1]6[0xffffffcc][0xffffffcd][0x9][0xffffffbd]c[0xffffff81][\r][0x12]a6a[0xffffffef]_[0xffffffe8]d[0xffffff9e][0x1d][0x1]M[0xfffffff7][0xffffffe9]@[0xffffffe6][0xffffffed][0xffffffdc][0xffffffe3][0xffffffa4]b[0xffffffb5]'Y[0xffffffb1]M[0xffffffed][0xfffffff4]BM[0xffffffc7][0xffffffd5]qk[0x7f][0xffffffcb]=0[0xffffffa9]#[0xffffff95][0xffffffe1][0xffffff9f][0x1d][0xffffffc7]&{[0xfffffffb]p[0xffffffe5][0xffffffe0]`uah[0xffffff8a][0xffffffe9]g[0x2][0x3]([0xfffffff3]oQBp3[0xffffffb3]1[0xffffffc4][0xffffffab][0xfffffff3][0xffffffa3][0xffffffa6][0xffffffc7][0xfffffffd][0x7][0xffffff9c][0x5]Y[0x11][0xffffffb4]w[0xffffffa0][0xffffffde]a[0xffffffa7][0xffffffd5][0x1c]xR[0xffffffba][0xffffff8f]]m=[0xffffffd5][0xffffffeb]4#\[0x8][0xffffffce][0xffffff9c][0xffffffe5][0xffffffc1][0xffffffaa]=[0xffffffff][0xffffffd2][0x11][0xffffffc1][0xffffffeb][0xffffff84][0xfffffff0][0xffffffc0][0xffffffc4][0xffffffdd][0x14]%0O[\n]"
15:11:24.710 [main] DEBUG com.github.dockerjava.zerodep.shaded.org.apache.hc.client5.http.wire -- http-outgoing-3 << "[0xffffffc7][0xffffff83][0xffffff9f]~Y[0xffffffcd]&(=[0xfffffffa][0xffffffec][0xffffffe7][0xffffffb1][0xffffffde][0xffffff87][0xffffffaa][0xffffffe8]y[0xe][0x1d][0xffffffae][0xffffffe3][0x8][[0xffffffd5]$^[0xffffff9a][0xffffffdc][0xffffff9d][0xfffffff7]Z[0xffffff88][0x7][0xffffffe0][0xffffff8f][0x1c][0xffffff97][0xffffffc7][0xffffff93][0xffffff8c]|[0xffffff80]06[0xffffffd2]E2\[0xfffffffe][0xffffff8f][0xffffffc0]j[0xffffff97][0xffffff9a][0xffffffa8]|[0x6]d{>[0xffffff93]L[0xffffffc9][0xffffffad][0xfffffffb][0xfffffff4][0xffffffa6][0xffffffee][0xffffffb6][0xffffff87]Q[0xffffffda][0xffffff88]!7[0xffffffcf]\P[0xffffffa4][0xffffff9b][0xffffffa5]f4[0xffffff94][0xffffffa5][0x11]"[0xffffffcb][0xffffffbf][0xfffffff2]l[0xffffffaf]$[0xffffff96][0xffffff9c][0xffffffc2][0x1a][0xffffffaa][0xffffff8b][0xb][0xffffff95]wl[0xffffffc1]6C[0xffffff85][0xffffffe0][0xffffffe0][0xfffffff3]`[0xffffffd4][0xffffffc0][0xffffffde][0xffffffef]&>[\n]"
15:11:24.710 [main] DEBUG com.github.dockerjava.zerodep.shaded.org.apache.hc.client5.http.wire -- http-outgoing-3 << "[0xffffff90]v[0xffffffb4][0xffffffc1][0xffffffb9][0xffffff96][0xffffffc5]9[0xffffffeb][0xffffffaf][0xffffffd4][0xffffffcd][0xffffffd3]{[0xffffffd4][0xffffffac]F[0xfffffffe]fj[0xffffffa3]HLCW`[0xffffffa6]m[0xffffffef][0xffffff83][0x7f][0xffffffd1]ZX[0xffffffb3]Mz[0xffffffbc]4[0xffffffb3][0xffffffb3]:JRz0[0xffffffd4][0xffffffaa]*?[0xffffffde][0xffffff9d][0xffffff8d][0xffffffe6][0xffffff95][0xffffffa7][0xffffff8a][0xffffffb5][0xfffffff4][0xffffff8f]u1[0xffffffd8][0x17],0[0xffffffb0]"[0xffffff80]_[0x2][0xffffff9d][0xffffff88]>[0xffffffcd][0xffffff9a]?[0xffffff87][0xffffff93]>A,[0xffffffe7][0xffffffb2]T~R[\n]"
15:11:24.710 [main] DEBUG com.github.dockerjava.zerodep.shaded.org.apache.hc.client5.http.wire -- http-outgoing-3 << "d[0xffffffc4]Hc=[0xffffff81][0xffffffa4][0xffffff8f]r[0xffffff92][0xffffff8a][0xffffffd5]aZ2][0xffffffa5][0xffffffe5][0xffffffe9][0x8][0xffffffc5][0xffffff99][0xffffffc9][0xffffffe3][0xffffffa8][\n]"
15:11:24.710 [main] DEBUG com.github.dockerjava.zerodep.shaded.org.apache.hc.client5.http.wire -- http-outgoing-3 << "@g[0xffffffdb]r`[0xffffffdc]@[0xffffffde][0xfffffff0][0xffffff9a][0xffffff8b][0xffffff82][0x1f][0xffffffa6]<D[0xffffffe5][[0x10]Y[0xffffff9a][0xffffff88][0x5][0xffffffba]{[0xffffffd1][0x1b]i[0xffffffdf][0xffffffd1][0xffffffac][0xffffff86][0xffffffae][0xffffff86]jTn[0xffffffb5]}7Ne[0xfffffff8][0xffffffa3][0xb][0x3][0xfffffffb][0x3][0xffffffed][0xffffffa3][0xffffffc2]\![0xffffffe3][0xffffff88]$[0xffffffb8]/[0xffffffdd]K[0xffffffc0]T[0xffffffb3][0xffffffd7][0xffffffd2][0xffffffe9]5[0xffffffa6]>[0x1c][0x1f][0x6][0xffffff99]r8[0xffffffe1]+[0xffffffe7][0xffffff99]q[0xfffffff1]\[0xffffffcb]>[0xffffffcf]@[0x1]TA[0xffffffe1]C[0x4][0x10][0x12]l[0xffffffaf]g[0x1b]U[0x19][0xffffffa3][0xffffff99][0xffffff9c]3[0xffffffa2]e2[0xffffffa0]H[0xffffff92]g#[0xffffffe1][0x5][0x17][0xffffffbe][0xffffffeb]GlL[0xffffffce][0xffffff83][0xffffffac]=]-y[0xffffffca]9c R[0xffffffe1][0xffffff9d][0xffffffb5][0xffffffc3][0xffffffb0][0xffffff97][0x11]z[0xffffffc7]|V6kq[0xffffffc2][0xe][0xffffffe2]8~#[0xffffffd5][0x2][0xffffffc1][0xffffffa6]x[0xffffffdc][0xffffffda][0x1b][0xffffffca][0xffffffc9][0xffffff99][0x18]~[0xffffffb5][0xffffffca]RR{[0x2][0xffffffdd][0xffffffc6][0xffffffda][0xffffffbf][0xfffffff8][0xfffffffe]\\[0xffffffd2]4rB[0xffffffc6]g\[0xfffffff8][0xffffffb4][0xffffffe9][0xc][0xffffffd4][0x1e]![0xffffff8e][0x14]x[0xffffffca] ([0xffffffa4][0xffffffb9]{[0xffffffe1][0xffffffc1][0xffffffb9]@J[0xffffffa6]7[0xffffff9c]z?-6:[0xffffffaf]/[0xffffff86][0xe][0xffffffec][0xffffffdf][0x7f][0xffffffd4][0xfffffff4]a[0xffffff97][0xffffff84]8PO:[0x1a]zw[0xffffff8b]pJ[0xffffffe3][0xffffffda][0x8][0x8][0xffffff92]cI[0xffffffb2][0xffffffd6]P[0xffffff9c][0xf]D[0xffffffd7][0xffffffea]iv[0x1a]N[0xffffffcf]p[0x11][0xffffff86][0xffffffbc][0xffffff82][0xffffff92]p[0xfffffff0][0xffffffcb][0xffffff90][0xffffffa4]?P[0xffffffe6][0x1e][0xffffffa0][0xffffffe9][0x0]:[0xffffffe4]M2[0x16][0xffffff82]X[0xffffff99][0xfffffff4]07[0xffffffc1]8.0[0xffffffd8][0xffffff87][0xffffffde]/[0xffffffce]2[0xffffffaa][0x17][0xffffffd1][0xffffffe5]I[0xffffffb8][0xfffffff5]92pQ[0xffffffc5]A[0xffffff8b]>[0xffffffcd][0xffffff8d][0xffffffb4]T[0xffffffb3][0xffffff89][0xfffffff2][0xffffff90][0xfffffff3]GW[0xffffffab][0xffffff8b]At[0xffffff80]d[0xffffffba][0xfffffffa][0xffffffa8]1K[0xffffff83][0xffffff93]w[0x1f]$+[0xffffffe6][0xffffffd3]A)[0xfffffffb][0x3][\n]"
15:11:24.710 [main] DEBUG com.github.dockerjava.zerodep.shaded.org.apache.hc.client5.http.wire -- http-outgoing-3 << "[0xfffffffc][0xffffffcf][0xffffffcd]A[0xffffff84][0x7][*[0xffffffab]g[0xfffffff6]YG[0xffffffc4]"[0xffffffb6][0xfffffff9][0x1][0xffffffb6][0xffffff88][0x2]36([0xfffffff8]i[0xffffff9f][0xffffff88][0x1b][0xffffffc2]'[0xffffff92]f[0x17]n3<Z[\r]2[0xffffff8e]<}Ay&[0xe]7[0xffffffe5][0xffffff9e]^[0xffffffb9][0x9][0xffffffb1][0x16][0x15][0xe]6[0x17]x[0xffffffaa]6[0xffffffea][0x7f][0xfffffffd][0xffffffe9][0xffffffc2][0x17][0xe][0xffffff8e]uo5[0xffffff9c]G[0x3][0x19][0x18][0xfffffff8][0xffffffba][0xffffff90]"[0x3]T[0xffffff86][0xfffffff3]J[0xffffffdb]f[0xffffffea]2?[0xffffff8a][0xffffff99][0xffffff8a][0x12][0xfffffff9][0xffffffea][0xfffffff6][0xffffffbb][0xffffff9d][0xffffffa4]e[0xffffffd8][0xffffffdd][0xfffffffb][0xffffffc7][0xffffff91][0x13][0x14]`[0xffffffee][0xffffff91]8[0xffffffa1][0xffffffc6][0xffffffa4][0xffffffd3][0xffffff85][0xffffffe2]"[0xfffffff0][0xffffff83][0xffffff99]9b[0xffffffa9]![0x1b]1j0"[0xffffffdf][0xffffff85]Y[0xffffffee][0xffffffb2][0x4]R[0xffffffd1][0xffffff85][0xffffff87][0xffffff98][0xffffffb7]tY[0xffffffa6][0xffffffda][0xffffffe0][0xffffffe1]6[0xfffffff0][0xffffffbe]&.[0xffffffb8][0x8][0xffffff9e]GN[0xffffffd8][0xfffffffd][0xffffffdf]<[0xffffffb3][0x14][0xffffffc9][0x1b][0xffffff92]p[0xffffffe3][0xffffffc5]/[\r]x[0xfffffffa][0x11]qe[0xffffffc4][0xffffffd2][0x12][0x11]3([0xffffff90]Jq[0xffffff98]s[0x15][0xffffffe8]*[0xffffff98][0xffffff93][0xffffffde][0xffffffdf][0xffffff8a][0x1a]Pw[0xffffffd2][0xffffffd1]V[0xfffffff7][0xffffffb0][0xffffffb6][0xffffff9f]#[0xffffff9e][0xffffffa8]D=*[0xfffffffa][0xfffffffa][0xffffffc2][0xffffff85][0xffffff92]?[0xffffffa6][0xffffffc8][0xffffffae]#[0x19][0xfffffff4][0xfffffff0][0xffffffef]R[0x7f]Pc[0xffffffde][0xffffff8b][0xffffffb4];{UrS[0xffffffde]h[0xffffff9e]@[0xffffffd3]o0[0xffffffde]Z[0xffffffbd]U[0xfffffffc]b![0xfffffffa][0xffffffb9]2B[0xb][0xfffffff8][0xffffffdc][0xffffffb8]/2UzE[0xffffff91]nG[0xffffffd3][0xffffffcd][0xffffffd5].RP[0xffffffd6][0xffffffa8][0xffffffc0][0x18];|Q3[0xffffffb9][0xffffffb5]3[0xffffffe4][0xffffffa6][0x14][0x1b][0xffffffc0][0xffffffa7][0xffffffb7]g[0xffffffe3]T[0x1b]EI[0x13],x[0xfffffff7]-[0xffffff86]YO[0xffffffa2][0xfffffffc][0xffffffec][0xffffffc0][0xffffffe8][0xffffffc8]a[0xffffffd0][0xffffffbd][0xffffffbd][0x10]Q[0xffffffe5][0x7][0xffffffe8][0xffffffac][0xffffffad][0xffffffcf][0xffffffa5][0xffffffc7][0xffffff82][0xffffffc3][0xffffff97]$[0xffffffcb]s[0xffffffbc][0xffffffa7][0xffffffc2]&[0x14][0xffffffbb][0xffffff9a]i[0xffffffc1][0xffffffa7]^[0xffffffb0]cQ[0xffffffa0][0xffffffe4][0xfffffffc]N[0xffffffe7];XU##[0xffffffd5][0xffffff81][0xffffffe4][0xffffffee]j[0xffffffd4][0xffffff91][0xffffffe7]7LE[0xffffffad]a[0xffffffd5][0xffffff82]([0xffffffed]K[0xffffff9c]H[0xffffff95][0xffffffe3][0xffffffa2][0xffffffdd][0x1a][0xfffffffa][0xffffffb2][0x1c][0xffffffdc][0xffffffcd][0xffffffbd][0xfffffff6][0xffffffa8][0xffffffb7]zs[0xffffffa0]j[0xffffffa5][0xfffffff6][0xffffff82]V[0xffffffda][0xffffffc1][0xffffffa1][0xffffffc9][0xffffffe7]^GH[0x1d][0xffffff81][0xfffffff7][0xffffffcf]9[0xffffff81]^[0xffffffe0][0xffffffe1][0xffffffc8][\n]"
15:11:24.710 [main] DEBUG com.github.dockerjava.zerodep.shaded.org.apache.hc.client5.http.wire -- http-outgoing-3 << "[0xffffffc4][0xf][0xffffff9c][0xffffffaa][0xfffffffb][0xffffffbf][0xffffffcd][0x9][0xffffff80]H[0xffffffe8][0xffffffdb]2[0xffffff8a][0xffffff8f][0xffffffaa]O[0xfffffff0][0xfffffffa][0xffffffc1][0xffffffce][0x8]5P[0xffffffe5]!*p[0xffffffb5][0xffffffc2]Xg&8[0xffffff90][0xffffff91][0xffffff9a]c[0xffffffff]<[0xffffff97]S[0xffffff9b][0xffffffed][0xffffffdf][0xffffff99][0xffffff81][0xe][0x6][0xffffffa6]z[0xffffff83][0xffffffcc][0xfffffffe][0xffffffc3]+[0xffffffc8]L[0xffffffe1][0xffffff88][0xffffff9c][0xffffffd7][0xfffffff9][\n]"
15:11:24.710 [main] DEBUG com.github.dockerjava.zerodep.shaded.org.apache.hc.client5.http.wire -- http-outgoing-3 << "&[0xffffffe5][0xffffffdc][0xffffff9a]c[0xffffff8d][0xffffff96][0x15]K[0xffffff99]IDp[0x9][0x13][0xffffffad]8[0xffffffa3]"a[0xffffff98][0xffffff84]@[0x1f]TV[0xffffffda]<[0xffffffd3]t[0xffffff9c]I([0xffffff8b]r[0xffffff8c]][0xffffff8b][0xfffffffa]9[0x7][0xffffffa3] [0xffffffe9][0x11]i[0xffffffe3][0x12]\[0xfffffff9][0xffffffbd]+3a[0xffffff83][0xffffffed][0xffffffd5][0x16][0x7f][[0xffffffd5]I[0x0][0xffffffd2][0xffffff98],[0xffffffb5][0xffffffc4][0xffffff86]([0xffffffb9]d=B([0xffffffca]}[0x1][0xe][0xffffffc6]7n[0xffffffbd]F^[0xffffff94][0xffffffcb]^[0xffffffb5][0xffffffad][0x1d][0xfffffffe]8[0xffffffb7] [0xffffffb7]Zg[0x1e]`[0xffffff8b]:[0xffffff8b][0x9][0xfffffff1][0xffffffb2]D[0xffffff88][0xffffff8c][0xffffffdb]7[0xffffffd0][0xffffffe3][0xf][0x12][0xffffffe1]S[0x5][0x2][0x1e][0xffffffe5][0xffffff94]Q[0x3][0xffffffd9][0x0][0xffffffae][0x1b][0xffffffb4][0xffffff93][0xffffff96]Y[0xffffffbd]u~[0xffffffcd]f%D[0xffffffbc][0xffffff81][0xffffffa7]zboR[0xffffffe8][0xffffffdd][0xffffffa0]>N0}[0xffffffc1][\r][0xffffffc2] 7[0xffffffcd][0xfffffff0][0x7][0xffffff8e]YW[0xfffffffa][0xffffffce][0x13][0x17]U[0xffffffc2][0xffffffa8]Pg[0xffffffc6][0x14]m[0x8]k[0xfffffff0]T[0xffffffb8]Q,[0xffffff84][0xffffffb8][0xffffffbc][0xffffffa0][0xffffffe0][0xffffffe2][0xffffffc0][0x14][0x16][0xffffffe7][0xffffffc4]+[0x1][0xffffff85]AO[0xffffffaa][0xffffffd5];h[0xfffffffd][0xffffffdb]|[0xfffffffd][0xffffffe3]k[0xffffff89][0xffffffab][0xffffffb7]<[0xffffffd1]&[0xffffffee]R[0x16][0x10][0xffffffe6][0xffffff97][0x1c][0xffffff9f][0xffffff8d]([0xffffffae][0xe][0xffffffb6]vL[0xfffffff4][0xffffffb5][0xffffffdf]M[0xfffffffe][0x11][0xffffffd4][0x3]c[0xfffffff1][0xffffffee][0xffffffd5][0xffffffb9][0xffffffd4][0xffffff87]Y[0xffffff94][0xffffffab][0xffffffeb][0xffffff86][\n]"
15:11:24.710 [main] DEBUG com.github.dockerjava.zerodep.shaded.org.apache.hc.client5.http.wire -- http-outgoing-3 << "[0xffffffaa][0xffffffab][0xffffff93]J[0xffffff82][0xffffffc6]+[0xffffffec][0x0][0x3][0xffffff9e][0xffffffe5][0xffffffa0][0xffffffcf][0xffffffcb]7g[0xffffff89][0xffffffc3]f[0x15][0x0]/][0xffffffe3][0xffffff87][0x1f]z%[0xffffff84][0xffffff94]4[0xffffff96][0xffffffab][0xffffffef]Gx[0xffffff9d][0x1b][0xffffff85]5[0xffffffb0][0xffffff94][0xffffff98][0xffffff8f]eR[0xfffffff5][0xffffffe1]T_([0xffffff95][0xffffffc1][0xffffffbe];[0xffffffd5]P[0xffffff8a][0x6][0xffffffcc][0xffffffef]"[0xffffffcf][0xfffffff0]=[0xffffffab]([0xffffff95]g"[0xffffffe9]YM[0xffffffc4][0xfffffff5]j[0xffffffa1][0xffffff89][0xffffffb3]/[0xffffff89][0xffffffb8][0xffffffc7][0xffffff8f][0xffffffd6]X[0xffffff8a][0xfffffff9][0xffffff85][0xffffffaa]z[0xffffffc2]wjz[0xffffff9f][0x19]l[0xfffffffb][0xffffffb7][0xffffffea][0xffffffda][0xffffffc9][0xffffffc2][0xffffff81][\r]%o&[0xffffffa1][0xffffffe0]ul[0xffffffe5][0xffffffc2]/=7[i[0xffffffaa][0xfffffff8][0xffffffe2]Q[0x18][0xffffffe5]Kl[\r][0x19][0xffffff8a][0xffffff87]Q[0xffffffbd]<[0xffffffb2][0xffffffeb]|[0xffffffa2][0xffffffb9][0xffffff8c][0xffffff9c]Y[0xffffffd2]V[0xffffffdb][0xc][0xffffffad]R[0xffffffda]O7[0xffffffaa][0xffffffe3][0xffffffad][0xffffffb1]g[0xffffffea].[0xffffffa9][0xffffffd8]g[0xffffffc7][0x1e][0xffffff84]n0[0xffffffaf]5[0xffffffc7].[0x3][0x1a][0xffffffb1]=w[0xffffffaf][0xfffffff0]p[0xffffffef][0xffffffe6]x[0xffffff82][0xffffff9d][0x11][0xffffffea][0x13][0xffffffa8][0xffffffba][0xffffffa1][0xffffffe9]S[0xffffffd0]8J!E[0xffffffa0][0xffffff9b]!z[0x15][0xfffffff1][0xffffffa6][0xffffffbb][0x2]Q[0x1a][0xfffffff0]m1Y[0x0][0xffffffe0][0x12][0xffffff9e][0x1f][0x1][0x1a][0x2][0xffffffa2]Y[0xffffffcf]J[0xffffffd7]Xa[0xffffffc5][0xffffff9b][0xffffffed]{O[0x1c]C*[0xffffffd0][0xffffff9f]*O_[0xffffffbe][0x7][0xffffffab][0xc]|[0xffffffcd];[0x13][0x1f][0xffffff9b][0xffffff9c][0xffffff95]0{[0xffffffe4][0x1a][0xffffffee]%[0xffffffe1]_c[0xffffff81]i[0xffffffa2]&[0xffffffe1][0x11].[0xffffffb6][0x2]V[0xffffffff][0xffffffb9][0xffffffef][0xffffffb0][0xffffffbc]=oc[0xffffffea][0xffffffdf][0x8]Wna[0xffffffb3][0xfffffff5][0xffffffae][0xffffffae][0xffffff9d][0xffffffef]zG[0xffffffd0][0xffffff80][0xffffffe0]Ypd[0x5]9[0xffffffe8][0xffffff94]wwZ[0xffffffc3]#[0xffffffe7][0xfffffff8][0x1b][0xffffffe3][0xffffff80]6+[0xffffff90]o[0xffffffae][0xffffffa4][0xffffffbf][0xffffff85][0x1f]T[0xffffffc0][0xffffffd4][0xffffff9e][0xffffff97][0xffffffef]T>u[0xffffff90]<U,[0xffffffa1][0x14][0xffffffd3][0x11][0xffffffff][0xffffffd7][0x3][0x1a][0xffffffa1]'[0xffffffb0][0xffffff9e][0xffffffc2][0xffffffa3][0xffffffa8]e[0xffffff81][0xffffffb9][0xffffffc1][0xffffffbe][0xffffffe6][0xffffff83][0xffffff94][0x1c][0x2][0xffffffc1][0x6][0xffffff9c][0x5]'[0xffffffc1]k[0xffffff90][0xffffffa0][0xffffffbc]T[0xffffffdf][0x1b]c[0xfffffffc]i[0xffffffd4][0xfffffffd]*[0xffffffa4][0xffffff9a][0xfffffffc]V[0x4]K[0xffffffaf]~[0xffffffe4][0xffffffd1][0xffffff8b]=mj>[0xffffff8f][0xffffffd8][0xffffffec][0xffffffc3][0x0][0x2]r[0xffffffce][0xfffffff4][0xffffffbc][0xffffffad][0xffffffea]z[0xffffffc0]w[0xffffffef][0xffffff83][0xffffff8d][0xffffff8d][0xffffffbb]D[0xffffffaa][0xffffffe6][0xffffff8d][0xfffffffa]^[0xffffffee]0&[0xfffffff7]t[0xffffffaf][0xffffffe0][0xffffffd9]Z [0xffffffc7][0xffffffe9][0xffffffd9];'m[0xffffffb4][0xffffffbd][0xfffffff8][0xffffffea]aNN[\r][0x15][0xffffffeb][0xfffffff3][0xffffff96]Wx[0xffffffb5][0xffffffae]b[0x16]-[0x15]*[0xffffffd6][0xffffffdc][0xffffffdd]#[0xffffffd6][0xfffffffb][0xffffffd6][0xfffffff0][0x1d][0xffffff9f][0x12]A[0xffffffd6][0xffffff87]B?v[0xfffffffc][0x6][0xffffff9a][0xffffff94][0xffffff81][0xfffffff8][0xffffffcb][0xffffffa0][0xffffff96][0xffffff8b]hE@[0x5][0xfffffffb]7[0xffffffaf][0xffffffa6]1[0x1d]V[0xfffffff6][0xffffffb0][0xffffffbd][0xffffffde][0xffffffb5][0xffffffd6][0x19][0xffffffbe]N[0x11][\r][0x17][0xffffffa7]sk[0xffffffda]<]K*[0xffffffef][0x15]![0xffffffd1][0x9][0xffffffcc][0xffffffd5][0xffffff8d]5[0xffffffcf]U'[0xffffffad][0xffffffe9]][0x3]8x[0xffffffdb][0x1e]E[0xffffffbb][0xffffff97][0xffffff9d][0x0][0xffffffd9][0xffffff91]]&2[0xffffff81][0xffffffe1][0xffffff8c]' .[0xffffff88]&[0xffffffbc]L[0x1][0xfffffff3][0xffffffd4][0xffffff96][0x19][0xfffffff2][0xffffff8c]Q[0xffffffb6][0xc][0xffffffe6][0xc][0xffffffee][0xffffffac][0xffffffa5][0xffffffa9][0xffffffb2][0xffffffdc]I[0xffffffdd]w[0xffffffab]s5Z[0xffffffd2][0xffffff82][0x3][0xffffffcc][0xffffff9f][\r][0x1c]h[0xffffffb5]p[0xffffffaf][0xffffff8f][0xffffffd5][0xffffffdd][0xffffff8d][0xffffffac])K[\r]XOw[0xffffffad])[0xffffffbf][0xffffffac][0xffffffea][0xffffffa8][0xffffffff][0xffffff82][0xffffffef]K[0x7f][0xffffff8c],cg[0xfffffff4][0xffffffb0][0xfffffff7][0xffffffc1][0xffffff94][\n]"
15:11:24.710 [main] DEBUG com.github.dockerjava.zerodep.shaded.org.apache.hc.client5.http.wire -- http-outgoing-3 << "t[0xffffff97][0xfffffff7][0x1d][\r][0x18][0x0][0xffffffa0][0xffffff9a][0xffffffda]B[0xffffffae][0xffffffcd][0xffffffff][0xffffffc2]=6[0xffffffc8]'[0xffffff9f][0xffffff88][0xffffffd6][0xffffff8a][0xffffffab][0xffffffeb]f[0xffffff9a][0xffffffc3][0xffffffa3]o[0x12][0xffffffcb][0xffffffed][0xffffffaa][0xffffff8e][0xffffffc4][0xffffffe4]?[0xffffffd5][0xffffff88][0xffffffb5][0xfffffff1][0x1]@3[0x10][0xffffffaf][0xffffff8c][0xffffffa6][0xfffffff5]P[0x12][0xffffffa6][0xffffffea]g[0xffffffe4]K[0xffffff8b][0xfffffffe][0xffffff80]6[0x14]_[0xffffffd7][0xf])[0xfffffffb][0xffffffc1][0xffffffae][0xffffff80].[0xffffff90]e[0x18][0x1d]u[0xffffffee][0xffffffbe]U[0xffffffa7][0xfffffffe]Bx[0xffffffeb]{m[0xffffffae][0xffffffbf]<Nb[0xffffffff][0xffffffd6][0xfffffffe]t9[0xffffff8d][0x15][0xffffffcf][0xffffffbe][0x1]3ba[0xffffffdd][0x7f][0x6][0x17][0xffffffdb]I[0xffffffdb][0xb]m[0xfffffffa][0xffffffaa][0xffffff95]g[0xf]ry[0xfffffffa]7[0xffffffd3]N,[0x14][0xffffffdc]6o[0xffffffc7]7[0x1d][0xffffffa5][0xffffffcb]F[0xffffffcd]7[0xffffffe8]m[0x6][0xffffffaa]/f[0xffffffb1]V[0xffffffcf]5[0xffffffb2][0x6][0x1a][0xffffffe7][0xffffffc7][0xffffffac]n[0xfffffff1][0xffffffab][0xffffffe6][0xffffffc0]_[0xffffffa9]h[0xffffffd0][0xffffffa0][0xffffffed][0xffffffaf][0xffffffd8]_[0xffffffa1][0xffffff98][0x3][0xffffffe9][0x1e][0xffffffd8]c^ m[0xffffff99]n@[0xffffffc9][0xc][0xffffffc8][0xffffff8a][0xffffff9f][0xffffffb8][0xffffff97]a[0xfffffff0]*[0xffffffa0][0xffffff99][0xffffffdc]yF[0xffffffc1][0xffffffda]G[0xffffffa3][0xffffffa4]z[0xffffffc8][0xffffffc3]\%f[0xffffffff][0xffffff9b][0xffffffbe][0xffffffc6][0xffffff9f]ag{[\r][0xffffffeb][0xffffff91].[0xffffff91][0xffffffc0]FbY7[0xffffff8e][0xffffffe0]R[0xffffffe5][0xffffffef][0xffffffe2][0xffffffc7][0xffffffe5]6Tu[0xffffff80][0xffffff96][0xffffffff][0xffffff9d]o[0xffffffe9][0xffffffd1][0x19][0x5][0xffffff91][0x1f][0xffffffad]:[0xffffff8b][0x1d][0xffffff8f][0xffffffb0]T*[0xffffffcb][0xffffff96]Y[0xfffffff1]A+[0xffffff83]f[0xffffff97][0x1e][0xfffffff6][0xffffff80][0xffffff91]*[0xffffffd8][0xfffffff8]ww[0xffffffd5]c[0xffffff92][0xffffffc0],;[0xffffffbb][0xffffffba]R[0xffffffec][0xffffffe7]V9;[0x7f][0xffffff9e]r[0xffffffeb]n[0x16][0xffffff87]J]+^[0xffffffef]3&W[0x1a]`A)P[0x7][0xffffffd6][0xffffffa0][0xffffff80]?[0xffffff88][0x16][0xe][0xffffffa3][0xffffffba][0xffffff80][0x1a][0xfffffff0]k[0xffffffc6][0x13][0xffffffe3][0xffffff85][0x1c][0xffffffd6][0xfffffffb]WQ[0xffffffbd][0xffffffa5][0xffffffd7][0xfffffffb]Q[0xffffffe2][0xffffff8c][0xffffffe0][0xffffffef][0xffffff92][0xc]J[0x9][0xffffffe2]:[0xffffffcd]QU[0xffffff87][0xffffffca]d/\[0xffffff86][\n]"
15:11:24.710 [main] DEBUG com.github.dockerjava.zerodep.shaded.org.apache.hc.client5.http.wire -- http-outgoing-3 << "[0xffffffd1]%][0xffffff9a][0xffffffa8][0xffffffd1]x[0x1e][0xffffffa1][0xffffffaf][0xf][0xffffff81][0x7f][0xffffff85][0x19][0xffffff8f]X[0xfffffffd][2-<[0x11]=$8S[0xffffffdd]n[0xffffffed][0xffffffe5]E'[0x5][0xffffff89][0xffffff87]0[0xffffff9f]339[0x6][0xffffff8f][0xffffff80][0xffffffb6]x[0xffffffc6]R\a[0xffffffd9][0xffffffa4]j[0xffffffb3]8[0x19][0xffffffcf];[0xffffffdc][0xffffffe9]yy[0xffffff88][0x13][0xffffffd3][0xfffffffd]!M2[0xffffffed]![0xffffff85]s[0xfffffff0]`[0xffffffcf]G[0xffffff8a][0xffffff8d][0xffffff83].[0xffffffe4][0xffffffab][0xffffffa4][0xb](9[0xc][0x6][0x12][0xffffff8d][0x7f]f|[0xffffffe6][0xffffff9b]hQ[0xfffffff4][0xffffffcc][0xffffffea][0xffffff98][0xffffff9b]o[0xffffffa9][0xffffffae][0xffffffb6][0x12]iZ[0xffffff8d]\[0xfffffff5][0xfffffff0][0xffffff80]M[0xffffffbb][0x9][0xffffffb1][0x5][0xffffff8a]>~[0xffffffbb]8[0x1c]>[0xffffff93][0xffffffda][0xffffffca]'[0xffffffb6][0xffffffaa][0xffffffda]e[0xffffff89][0xfffffff5]o[0x19][0x1f][0xffffffc2][0x1f][0xfffffff2][0xffffffe7]Ps[0xffffff82][0xffffffec][0x1c](?[0xffffffcc][0xffffffab]3[0xffffffa7]x[0x3]h`[0x1]S[0xffffffa8]N9[0xffffffb9][0xffffffea]1[0x18][0xffffffed][0xffffffb3]a[0xffffffe8]3[0x19][0xffffffcb][0xffffff90][0xfffffffd][0xffffffcc][0xffffff80]T[0xffffff90]ws[0xffffff80][0xffffffbb][0xffffffd2]N[0xb][0xffffffe9][0xffffff99][0xffffffcc][0xffffffe9][0xffffffd0]+[0xffffffd2][0xffffffc2]aw[0xffffffe1]p[0xffffffa7][0xffffffcc]'0g[0xffffffbc]q[0xffffffc7]e*[0x18]6[0xffffffa1]c[0xffffffcc][0xffffffe8][0xffffffc2][0xffffffa2][0xffffff8b]2P[0xffffffb0]zg[0xffffffe2]D[0xffffff81][0xffffffd0][0xffffffac][0xffffff84]_[0x19][0xffffffdf][0xffffff80][0xffffff98]"-*[0xffffffdc]AY~[0xffffffd0][0xffffffb2][0xfffffff0][0xffffff80]bQ[0xfffffffc][0xffffff92][0xffffffc9][0xffffffde]{[0xffffff87][0xffffff9c]&v[0xffffffc4]J[0xffffffde];d[0xffffffd0][0x8]~[0xffffff83][0x7f][0xffffff82][0xffffffcf]y7[0xffffffb7]q[0xe]n[0xfffffffe][0xffffffbd][0xffffffdf]ma[0x2]BO[0xffffffc6][0xffffff8d][0xfffffff7][0xfffffffa])[0xffffffe5]c{[0xffffffea][0xffffffe1]BB[0xffffffe9][0xffffff8d][0x7][0x15][0x18][0xffffffb0][[0x2][0xffffffb2]k[0xffffffe2][0x0]+[s[0x2][0xffffff8b][0xffffff8f][0xffffffeb][0xe]l[0xc][0xffffffab][0x19][0xffffffb6][0xffffffaf]V^OC[0xffffff93][0xffffffb7]"[0xffffffa9][0xffffff85][0xfffffff6][0xfffffff4][0xffffffd2]q[0xffffffd7][0x1a][0xffffffa6][0x15]g[0x7]*P[0x1a][0x11]?[0xffffff8a]7W[0xffffff8a]#a[0x1a]J[0xffffffee][0xffffffcb]9,[0xffffff87]f[\n]"
15:11:24.710 [main] DEBUG com.github.dockerjava.zerodep.shaded.org.apache.hc.client5.http.wire -- http-outgoing-3 << "[0xffffff96][0xffffff81][0xe]r[0xffffffd2]D}[0xffffff96]r[0xffffffb8][0x1d]0[0xfffffff6][0xffffffa7]=Eo@N:[\n]"
15:11:24.710 [main] DEBUG com.github.dockerjava.zerodep.shaded.org.apache.hc.client5.http.wire -- http-outgoing-3 << "[0xffffff8e][0xffffffe8]\[0xffffffda]{8[0xffffffff]vSD[0xfffffff0][0xfffffff2][0xffffffd3][0xffffffb0]f[0x11][0xffffffa4];*[0x7][0xfffffff1][0xffffffb7][0xffffffb6][0xfffffff4][0x4][0xffffffe2][0x19]KA[0xffffff8f][0xffffff98][0xb]l[0x17][\r][0xffffff8c][0xffffffbc][0xffffffd2][0xffffffe7]?[0xffffff83][0xffffff85])+[0xffffffb5]3[0xfffffff4][0xffffffca][0xffffffe7][0xffffffb6][0x6][0x18][0xfffffffd][0xffffffd7]P?Ui[0x16][0xfffffffe][0xffffff85][0xffffffd5][0xffffffe7][0xffffff84][0xffffffaa][0xffffff80]x[0xffffffea],[0xfffffffc][0xffffff8b]`[0xffffffcd][0xffffffa5]:[0xffffffaf][0xffffff86][0xffffffae][\r]:[0xffffffb6]zC[0x9]zjpl)[0xffffff97][0xfffffffb][0xffffffef]T[0xffffff9d][0xfffffffb][0x15]D?[0xffffffda][0xffffffbb]V[0xffffffdb]v&JN[0xffffff87][0xffffffb6][0xfffffff3]F&[0xffffffce]e[0xffffffa0]?[0xffffffc2]Q[0xffffffd3][0xfffffffc][0xf]!=[0xffffffe2]l[0xfffffffc][0xffffffcf]r[0xffffffaa][0xffffff96][0xffffffaf][0xf]"@[0xffffffe3][0xffffffb7]%"i[0xffffffe1][0x8]D2[0xffffffe6]-UyL%[0xffffffae]Z[0xffffff8d][0xffffffb6]K[0x1a][0xffffffe4][\n]"
15:11:24.710 [main] DEBUG com.github.dockerjava.zerodep.shaded.org.apache.hc.client5.http.wire -- http-outgoing-3 << "[0xfffffff4][0xffffffc0]1[0x8]$u[0xfffffff0];[0xfffffff2][0xffffffa2]J|'[0x2][0xffffffdf][0xffffff99][0xfffffffe][0xffffffde][0xffffffe7]>[0xfffffff2][0xffffffe1][0xffffff97][0xf][0xe][0x11]M[0x18][0xffffff86][0xfffffff8][0xffffffb0][0x18][0xffffffe4][0xffffffb6]L9[0xffffffa0][0xffffffe1][0xffffffd7][0xffffffca]x[0xfffffff0][\n]"
15:11:24.710 [main] DEBUG com.github.dockerjava.zerodep.shaded.org.apache.hc.client5.http.wire -- http-outgoing-3 << "w[0x15][0xffffffe1][0xffffff94][0x9][0xffffff85]>r[0xfffffff6][0xffffff94][0xffffff82][0xffffffbe]%y7[0xffffffbd]:[0xffffff80][0xffffff86][0x5]O[0xffffffc3][0x7][0xffffffb3]lF[0xffffffea][0xffffffce]X[0xffffffac][0xffffff8e][0xffffffaa][0xffffff9d]][0xffffffda][0xffffffb8][0xffffffbe][0xffffff81][0x3]^[0xffffffdb][0xffffffcc]q[0xffffffac][0xfffffff4]gy[0xffffffab]D[0xffffffd3][0xffffffc5]a[0xffffffd3][0x16] [0xffffffde][0xffffffc7]q[0xffffffae]/[0xffffff82][0x16]q|p*Dv:.[0x1d][0xffffffd8][0x1a][0xffffffd5][0xffffffd4][0xffffffab]wwj[0xffffffc6][0xffffffb8][0xfffffff0][0xffffff9c]J/[0xfffffffa][0xffffffa4]d[0x9][0xffffffe7][0xffffff9a]][0xfffffffa][0xffffffd3]y[0xffffffb0][0x8][0x7][0x11][0xffffffe0][0xffffffa2][0x6][0xfffffff2][0xffffffc0][0xffffffce][0xffffffe2][0x8][0x1b][0xffffffe2]O*cK[0xffffffe8][0xffffffdf]d[0xffffffdc][0xffffffb6]8[0xffffff9c][0xffffffbc][0xfffffffa][0xffffffe0][0xffffffa0]I+[0xffffffd6][0xffffffa0][0x18][0xffffff93][0xffffffd2][0xffffff80][0xffffffbe][0xffffffda]s\[0x10][0xffffffc9][0xffffffaa]*[0xffffff9a]W[0xfffffff0][0x1]u[0xffffffa7][\r][0xffffffa2]&[0x11][0xffffff8e][0xffffffba][0xffffffd5]d[0xffffffb7][0xffffff88][0x10]sV[0x3][0x13]QIgv[0x12][0xffffffe3]T,[0xffffffac][0xffffffb1][0xffffffb5][0xffffffc7]w;[0xffffffb4][0x5][0xfffffff9][0xffffff9d]N[-|<[0xffffffe8]CX[0xfffffff8][0xffffffbc]Z[0xffffffc9][0xffffffe0][0xffffff86]Q[0xffffffd6][0xffffffd3]Q[0x1b][0xffffffd9][0xffffffda][0xffffffd6][0xfffffff2]Y[0xffffff96][0xffffffc3]a[0x12][0xfffffff6]/h3[0x3][0xffffffae][0xffffff99][0x12][0x3][0xffffff8b][0xffffff90][0xffffff9d][0xffffffc7]`[0xffffffdb][0xffffffd9]4[0x1][0x13][0xffffffd7][0x14][0xfffffff4]o:u2[0xffffffbc][0xffffffe8][0xffffffd3]%[0xffffffe1][0x1a][0xffffffeb]B[0xffffffda]wC[0xffffffdb][0xffffffe6][0xc][0xffffffb2]A[0xffffffbd][0xffffffab][\r][0xffffffae][0xffffffca]``O[0xffffff88][0xfffffffc][0xffffffec][0xffffff84][0xffffff8e].4[0xfffffffd][0xb][0xffffff9a]"TC[0xffffffd9]\_R[0xffffffd2][0xffffffbf]L[0xffffffa0][0xffffffd8][0xfffffffd]M[0xffffffca][0xffffff92]2[0xffffffe9]C][0x1a][0xffffffd7]u[0x0]x[0xffffffb7][0xffffffd6]N[0xffffffd5][0xffffffda][0x15][0x14]9[\n]"
15:11:24.710 [main] DEBUG com.github.dockerjava.zerodep.shaded.org.apache.hc.client5.http.wire -- http-outgoing-3 << "[0x19]:[0xffffff94][0xffffff93][0x10][0xffffffd6][0xffffffdf][0xffffffc4][0xffffffd0][0xffffffbb][0x16][0xffffffc5][0xffffffb7][0xfffffffd][0xffffffc5]&[0xffffffbb][0xb][0x18][0xffffff86][0x1][0xffffff8d]n{=[0xfffffffc]j [0xffffffad][0xffffff9f][0x7f]}n[0xfffffff5]O[0xffffff96][0xffffffdf][0xffffffe8][0x14][0xfffffff5][0xffffffd3][0xfffffffc][0xffffff8f]r.h[0xffffffcd]'[0xffffffc5][0xffffffd6]@[0xffffffe5]x|6[0xffffff8b]D[0xffffff98]_I}b[0x10][0xffffffd7][0xffffffbc]60[0xffffff98][0xffffff9d][0xffffffa6][0xffffffc8][0xffffff8b][0xffffffd3]d[0xfffffff6][0xffffffc5]Q}[0xffffff90][0xffffffcd][0xffffffa9][0xffffffe2]<K[0xffffff95]_?[0xffffffb2]Z[0xffffff8c][0xffffff9a][0xffffffac][0xffffffc2][0x14][0xffffffef][0xffffff9c][0xffffffc3]9[0xffffffe9][0x7][0xffffff8d][0xffffffea][0xffffff8e][0x7f][0xffffffe9][0xffffff82]C[0xffffffc4][0xffffffa9][0xffffffaf][0x17]w[0xffffff87][0x15]'[0xb][0xffffffc3][0xfffffffa]GDe[0xffffffe0][0xffffffe8][0xffffffb1]h[0xf][0xffffffd4][0xffffffd5]8[0xffffff8b][0x1a][0xffffff8f]x[0xffffffe2][0x2]~^[0x1e][0xffffffea]Pf[0xffffff83][0x19][0xffffffde]BW?[0x1f]{[0xffffffde]x[0x1e]W[0xffffffed]0[0xffffffc0]O[0xffffff91][0xfffffff4]G[0xffffffa8][0xffffffe6]lHkdO[0xffffffad](R[0xffffffec]2~R[0x15][0xffffffcb][0xffffff87]c[0xffffff9c][0xffffffeb]s[0xffffffe1][0xffffffc8]f[0xffffffa7][0xfffffff4][0xffffffeb]Q[0xffffffaa]TKg[0xffffff8f][0xffffff8d]ao[0xfffffff6][0xffffffc0][0xffffffea][0xffffffaa][0xfffffff7]l[0xfffffffd][0x1b][0xffffff8e][0xffffffd3][0x1f]*[0xfffffff2][0xb][0xffffffc1][0xffffffb9]fio[0xffffff80][0xffffffa6][0xffffffef][0xffffff85][0xfffffffe]}m[0x10][0xffffffe2][0xffffff97][0xffffffe1]P{[0xffffff9a][0x1f][0x2][0x17][0x15][0xffffff95][0xffffff82][0x15][0xffffffe3][0xffffffb3]4[0xffffff80][0xfffffff0]0[0xffffffe9]I[0xffffffa2]pOH[0xffffffa6][0x14]a[0x5][0xffffff90]z~{[\r]@[0xffffffa7][0xffffffa1][0xfffffff8]M[0xfffffff2]X[0xffffffa4]>[0xffffffcf][0xffffff85][0xfffffff0][0xffffff96]Y[0xffffffad][0xffffffb5][0xffffffa1]&'[0xffffffd9][0xffffff92][0xfffffffa][0xffffffcc][0xffffffde][0xffffffc4]#[0xffffffcb][0xffffffc4][0xffffffa0][0xffffff98][0xffffffc2]Rp[0x14][0xffffffe6]7[0xffffffd1][0xffffffb0]`[0xffffffca][0xf][0xffffffff][0xffffffe1]O[0xffffff90][0x0][0xffffff8d][0xfffffff4][0xffffff9a][0xffffffd8][0xffffffba][0xffffffed][0xffffffa3][0x3]K[0xffffffb4] [0x1a]Y[0xffffffd6][0xffffffa3][0x2]k][0xfffffff6]6K[0xffffffa4][0xfffffff5]8{[0xfffffff9]I[0x1f]qb[\r][0xfffffff1] [0xffffff9b][0xffffffa4][0xffffffc2][0x19]-[0xfffffff8]9[0xffffffb7]CM[0xffffffb0]w[0xffffffee]Y[0xffffffdf][0xffffffa7][0x8][0x6]"[0xffffffd7][0xffffffed][0xffffffa9]`d[0xffffff90][0x8][0x7]w-[0xffffffc7][0x18][0xfffffff2][0xffffffd1][0x1a][0xffffffb3]G[0xfffffff4][0xffffffac]Z[0xffffff84]Ub[0xffffffa6][0xffffff92][0xfffffffd]1[0xfffffff3]~[0xffffffc2]][0xfffffff9][0xffffff90]n[0x4][0x1a]9K[0xffffffb0]v[0xffffffe0][0xffffffcc][0xffffffdf][0xffffffaa][0xffffffaa][0xffffff87][0xffffffeb][0xffffffa5]|[0xffffffd9][0xffffff9d]FO[0xffffff9a][0xb][0xfffffffd][0xffffffbc][0xffffffa2][0xffffffac]Z[0xffffffac][0xffffffd4][0x1a][0xffffffa8][0xffffffce][0x18]$[0xffffffeb][0xffffff81][0xffffff91]@G[0xffffffb3][0xffffffd5][0xffffffed][0xffffffcd]oJ[0xffffff98]A[0xffffffc4]m[0x7f]C[0xffffff88][0xffffff8c][0xffffffe3]A7[0xffffff83][0xffffff8e]t[0x10][0xffffffb3][0xffffffa9][0xffffffe9][0xffffffc8]B[0x0][0xfffffff1][0xfffffffb]a[0xffffffb0][0xfffffffd]\A[0xffffffac]}[0xffffffeb][0xffffffba] FZE[0x18],[0xffffff94]~[0xffffffcb][0xffffffe0][0x1c]v[0xffffffbd][0xffffffd4][0xffffffb7][0xfffffff7][0xffffff96][0xffffffe1][0xffffff87]GW[0xfffffff9][0xffffffa9]3>[0xffffffb8]V2N[0xffffffea][0xffffffe2][0xfffffffa]^[0xffffff8b][0xffffffb6][0xffffff8a]"H[0xffffffa1][0x1][0xe][0xffffff9f][0xfffffffe][0xffffff97][0xffffffdf][0xffffffd0][0xffffffd1][0xfffffffb][0xffffff98][0xffffffbf]}V[0xffffffdb][0xfffffff7][0xffffffe2]Y%[0xffffffd4][0xffffffc8][0xffffffb8][0xffffffda]9l[0xffffffc6][0xffffffd3][0xfffffff2];48[0xffffffe9][0xffffffbf][0xffffffbb][[0xffffffb3]6[0xffffffa5][0xfffffff6]p[0xffffff86][0xf][0x8][0xfffffff0][0xffffffe7][0x15][0xffffffda][0x1b]A[0xffffffc7][0xfffffffe][0xffffffee]uVgY[0xffffffa2][0xffffffa1][0xffffffc5][0x5][0xfffffff1]kN[0xffffff8d][0xffffffa8][0xfffffff1]_[0xffffff8d]%[0xffffffa8]/[0xfffffff1][0xffffffa2]w[0xffffffca][0xffffff9d][0xfffffffb][0xffffffe3]R[0x9][0xffffffde]r[0xffffffe4][0x1b]L[0xffffffa6]R}[0xfffffff3]C[0x6][0xc][0xffffffae][0x6][0xfffffffd][0xffffff8b][0x5][0x1a][0x8]-[0xffffffef]J2[0x19][0xfffffff6][0x8]RA[0xffffffa4]Jr`A[0x6][0xffffff82][0xffffff8e][0xffffff9a][0xffffffb9][0xf][0xfffffff7])[0xffffffd5][0xfffffff0][0x1c][0x0][0xffffffad]6[0xffffff8d][0xfffffff7][0xffffffb3]q[0xffffff83].(M[\n]"
15:11:24.710 [main] DEBUG com.github.dockerjava.zerodep.shaded.org.apache.hc.client5.http.wire -- http-outgoing-3 << "|[0xffffffc0]$^[\r][0xffffffb5][0x1f]+[0xffffff99]\V[0xffffffc5][0xffffff89][0xffffffad][0xffffff84]x[0x0][0xffffffa3][0xffffff95]T[0x15][0xffffffae][0xffffffb4][0xffffffd7]j[0xffffffdf]A[0xffffff87][0xffffffd1]e[0xffffffaf]w[0xfffffff0][0xffffffad][0x15][0x4]S[0xffffff89]0[0xffffffb3][0xffffffcd]=&D[0x7f][0xffffff84]?[0xffffffc7][0xfffffff8][0xffffff9a]x[0xffffffa6]SPH[0xffffffb0]:[0x1c][0xffffffaf][0xffffff8a][0xffffffbd]WN#[0x7f]|[0xffffff99][0xffffff88]xs[0xffffffc4][0xffffffa1][0x5][0x10]e3[0xffffff99]qmlb],[0x15]&[0xffffffc4]\[0xffffffc6][0xffffffa1]A[0xffffffc5]T[0x10]mjJ'P[0xffffff86]m[0xffffff99][0x7f][0x12][0xffffffaf][0xffffffba]DA[0xffffffd4][0xffffff9a]3<[0xfffffff5][0xffffff99]0[0xfffffff6][0xffffffcf]D,8[0xffffff88]Y[0xffffff9e][0xffffffe2][0xffffffc4][0xffffff97][0xffffffaf][0xffffff97]-[0xffffffda][0xffffff8c]k[0xffffff9c][0xffffffea][0xffffff9b]{[0xffffffff][0xfffffff1]x[0xffffff84]*V[0x1d][0xffffffa7][0xffffff99][0xffffffef][0xffffffd3][0x1f][0xffffff9c][0xffffff96][0xffffffd1][0xffffffaf][0xffffffd7]l[0xffffffa2][0x2][0xffffff95][0xffffffdc]!&[0xffffffe6][0xffffffe4][0xffffffdb]>6?[0xffffff80][0xffffffe8][0x8][0xffffff99][0xffffffe1])[0xffffffd1][0xffffff80]Y[0x17]M[\n]"
15:11:24.710 [main] DEBUG com.github.dockerjava.zerodep.shaded.org.apache.hc.client5.http.wire -- http-outgoing-3 << "ST[0xffffffed]e[0xfffffff4]6[0xffffffa4][0x11][0xffffff91][0x12][0xffffffeb],[0xfffffff6][0xffffffec][0xffffff8c][0xffffff8f]n;[0xffffffbd]A[0x7][0xfffffffb]9[0xffffffe4][0xffffffb6][0xffffffa4]][0xffffffba][\n]"
15:11:24.710 [main] DEBUG com.github.dockerjava.zerodep.shaded.org.apache.hc.client5.http.wire -- http-outgoing-3 << "[0xfffffff2]][0xffffffef][0xffffffeb][0xffffffa6][0x16][0xffffffd6][0xffffffe8]WT[0xffffffc7]#[0xfffffff8])[0xfffffff8]x[0xffffffd3][0xffffffbc][0xffffffc7][0xffffffa3]6[0xffffffdb]u>[0xffffff97]^z[0xffffff8b][0xffffffa6][0xffffffb0][0x4]5[0xffffffa5][0xffffff87][0xffffffbe][0xffffffd9])W[0x1b][0x1c]v3[\r][0xffffffab][0xffffffbf][0xfffffffe]8[0xfffffff4]|4[0xffffffce][0xffffffcb]i[0xffffffc0]P[0xffffffed]>[0xffffff8d]f[0xfffffffb][0x5]K[0x6][0xffffffde][0xfffffffb][0xffffff94][0x1b][0xffffff94]z[0xffffff91][\r][0x1e][0x0]?[0xfffffff8][0xfffffff8]n[0x3][0xfffffff0][0xffffffc8][0xffffff94][0xf][0xffffff8d]g|[0x17][0x8][0x9]=[0xffffffa9]r[0xffffffc1]![0xffffffa1][0xfffffff8]d[0x12][0xffffffb5][0xffffff97][0xffffff9a][0xffffff86][0xffffffd2]N[0xffffffc5]j[0xffffffd9][0xffffffcd]h[0xffffffca][0x9][0xffffffaf]<1$}xp[0xffffffd8]e[0xffffffbc]GI([0xffffff8d][0xffffffb6][0xffffff84]x[0x1e][0xffffffa4]/[0xffffffce][0xfffffffe]C[0xffffff91][0xffffff83][0xffffff80][0xffffffcf][0xfffffff5][0xffffffbd]v]P[0xffffff83][0xffffffcd]S[0x1e][0x2][0xffffffb3][0xffffff97]Yxo[0xffffff92][0x11][0xffffff92]U[0x17]80&Z[0xffffffff][0xfffffff3][0xffffffb7]w[0x16][0x1c][0xffffff82][0xffffffc2]T`[0xffffff82]~[\n]"
15:11:24.710 [main] DEBUG com.github.dockerjava.zerodep.shaded.org.apache.hc.client5.http.wire -- http-outgoing-3 << "iqxp[0xffffffc3][0xffffff90][0xfffffff6]'[0xffffffb8]T+[0xffffff9f][0xffffffd0]?M[0xffffffb1][0xffffffa8][0xffffffe2][0xffffffbd][0xffffff96]"[0xfffffffa]U[0xffffffd2]/[0xfffffff0][0xffffff8b]D[0xffffffa5][0xffffffb7][0xffffffb0]]][0xffffffa3]>t[0xffffffca][0x11][0xffffff84][0xfffffffe][0x8][0xffffff97][0xffffffe7][0xffffffc1]![0xffffffd8][\n]"
15:11:24.710 [main] DEBUG com.github.dockerjava.zerodep.shaded.org.apache.hc.client5.http.wire -- http-outgoing-3 << ""[0xffffff88][0xfffffffe][0xffffff9b]U[0xffffffe0][0xfffffff8]u[\n]"
15:11:24.710 [main] DEBUG com.github.dockerjava.zerodep.shaded.org.apache.hc.client5.http.wire -- http-outgoing-3 << "+[0xffffffc1]![0xffffffce]+][0xffffffaf][0xffffffc3]Y[0xffffff9c]([\r]4[0xffffff96][0xffffffd5][0xfffffffb]'Y[0xffffffe4][0x9]4[0xffffffd2][0xffffffd6][0xffffffd9]8[0xffffffe9][0xffffff80][0x2][0xffffffc5][0xffffffc5][0xffffffb0]aI[0x18]F![0xffffffdc]qy[0xffffffc7]0[0xffffffff][0x17][0xffffffab]1[0xffffffe5]W[0xffffffb8]y[0x1d])[0xffffffd3][0xffffff8e]"=[0xffffff8c]~[0xffffffae];"[0xffffffb1]i[0xffffffe4]m[0xffffffed][0xffffffb0]J[0xffffff8a]E[0xffffffe3][0xffffffba][0xffffff8f][0xffffffac]8[0xffffff89][0xffffffb3]:[0xffffffc5][0xffffff97][0xffffffd4]}[0xffffff98]~[0xffffff8e]i![0x8][0x16][0xffffffc8][0xffffffa0]m[0xfffffff9][0xffffffef]1[0x17][0xffffffd2]rL[0xffffff81][0xffffff82]{[0xffffffc8][0xffffffdf]1[0xffffffcd][0x2]$N[0xffffff90]N[0xffffffae][0xffffffc9][0xffffffdb][0xffffffc3][0xfffffffe]t[0xffffffbd][0x8])&[0xffffff90]h[0xc][0xffffffea][0xffffffe0]mk[0x18][0xffffffcf]-[0x10]4[0xffffffbe]P3[0xffffffa2][0xffffff9b][0xfffffff3]y'[0xffffff9a]w[0xffffff8d]C[0xffffffff]C[0xfffffff7][0x5][0xffffffb2][0xffffff8b]_Ux/[0xffffffb1]-[0xffffff83][0xffffffc5]#[0x1b][0xfffffff5][0xfffffff6][0x7f][0xffffffea][0xffffff90][0xffffffec][0xffffffe5][0x11][0xffffffd5][0xffffff9e][0xffffffe1]~H'[0xffffffc4]8[0xffffffd9][0xffffffd3]cU[0xffffffe8][0xffffffda][0xffffffe1]'[0x1d]8[0xffffff93][0xffffffe8][0xffffffc4]K[0xffffffe7]0[0xffffff9d][0xffffff82][0xf][0xffffffed]F[0xffffffe0][0x2]w[0x15][0x5][0xffffffc8][0xffffffd2][0xffffff84][0xfffffff1][0xffffffb1]~[0xffffffb9][0xffffff84][0xffffffe1][0xffffff81]"{[0xffffffae]2[0xfffffffd]v[0x1]*[0x12][0xffffff81]q[0x3]1[0xffffff86][0xffffffd9][0xffffff9e]yE[0xffffffed][0xffffffdd]X[0x14][0xffffffc8]"[0xffffffb8][0xffffffdd][0xffffffd0]P[0xffffffc1][0xffffffd0][0xffffffd3][0x16]|[0xfffffffb][0xffffff95]N[0xffffffbe]PO[0x8]$O[0xffffffce]pM[0x12][0xffffffb1]<C[0xffffff97][0xffffffe2][0xffffffb8][0xffffffd0]m>[0xffffffe0]S[0xfffffffa][0xfffffffb][0x16](z[0x2],[0xffffff88][0xffffffb5][0xffffff86]ON[0x1f]Af[0xffffffdc][0xffffff93][0xffffffa0][0xffffffb2]x[0xffffff90]@[0xffffffb5][0x3]d[0xfffffffb]z[0xffffffbd][0xffffffc9][0xffffff9b][0xffffffdd]O[0xffffff9f]D[0xffffffdb][0xffffffc5])f[0xffffffc7]0+QC[0xffffffd5][0xffffff99][0xffffffbf]R[0xffffffd1][0xffffff91][0xfffffff4][0xfffffff7][0xffffff96][0x2]v[0xffffffa0][\r][0xffffffa0][0x2]q+[0xffffffe6]gT[0xffffff93]%[0xffffffae][0x8][0xffffffe4]P[0x11][0xffffffab][0xffffffc4]*[0xffffffa2][0xffffffbc][0xfffffff7][0x12][0xffffffec][0xffffff82]}[0xffffffc9][0x14][0xffffffae]h[0x16]E[0x9]=[0xfffffffb][0xffffff81]-[0xe][0xffffffb4]U[0xfffffff6][0xffffffd2][0x7f][0xffffff8c]b[0xfffffffe]d[0xfffffff5]2[0xffffffe8]Dw [0xffffffb0]?[0xffffffc0][0xffffffb1]QD[0xffffff86]m[0x15][0xfffffff7][0xffffffa1][0xfffffffc]=#[0xffffff9e][0xffffff89][0xffffffd3][0xffffffb2][0xffffffba][0xffffffb8][0xffffff89][0xfffffff1][0xffffff8e]E[0xffffffc4]G[0xffffffe6]-r[0xfffffff6][0x12]v[0xffffffa1]D[0xffffffd5]_U[0xffffff91]!FW[0x1e]s([0xffffffea]<[0xffffffab][0x9][0xfffffffd][0xffffffd9][0xffffffba]Z[0xffffffa6]K[0xffffffb5]7[0xffffff87][0xffffffc1][0xffffff95][0xffffffc5][0xfffffff9][0xffffff95]Q7[0x0][0xffffffd4]@[0x3]2V[0xffffffd7][0x10][0xffffff80][0xffffffce]P[0xffffffc2][0xfffffff6][0xffffff9a][0xfffffffa][0xffffff92]#[0x9][0xffffffff][0x1d]j[0xffffff80][0xffffffb6].m[0x1a][0xffffffec]S3Y[0x1c][0xffffffde]c[0xffffffcc][0xfffffffd][0xffffffdd][0xffffffc1]e[0xfffffff0] '[0xffffff8c])[0xffffffef][0x1d][0xffffff8b][0xffffffa0][0xffffff9f]m[0xffffff89][0xffffffc7][0x19]@[0x10]-[0x8]W[0x5][0xffffff91][0xfffffffc][0xe][0xfffffffd][0xffffffb9]i:T[0xfffffff8][0xffffffbe]Vn[0xffffffb2]HR[0xffffff87][0xffffff9c][0xffffff87][0xffffffdd]QF[0xffffff9c][0xffffffa1]9[0xffffff9c]&[0xffffffc9][0xffffff87][0xffffffef]Ny[0x1e][0x12][0xffffffca]h[[0xffffffe5][0x10][0xffffffad]xj[0xffffffd5][0xffffffc5][0xffffff85][0xffffffa9]J[0xfffffffa][0xc][0xffffffc3][0xffffffac][0xffffff9a]g[0xffffff9a]~,[0xffffff97]I[0xffffffe2][0xffffffbd][0xffffffdb]X[0xffffffd9]lo[0xffffffe1][0xffffff83][0xffffffea]As[0xffffffe2][0xffffffb6][0x7][0xffffff80][0xffffff80][0xffffffe8]@gLY[0xffffffd9]P[0xffffffc2][0xffffffe4]?[0xffffffbd],-[0xc][0xffffffce][0xffffffbf][0xffffffd8]Mr[0xffffffa7][0xffffffab][0xffffffd6]s[0xffffffbb]n[0xffffffe3][0xffffff91][0xffffffa5]+[0x3][0xffffffc3]^[0xffffffe8][0xe][0xffffffa3][0xffffff98][0xffffffe7][0x13]P[0xe][0xffffffb4]`[0xfffffff7]$Y[0x1b][0x14][0xffffff9f]n&[\n]"
15:11:24.710 [main] DEBUG com.github.dockerjava.zerodep.shaded.org.apache.hc.client5.http.wire -- http-outgoing-3 << "[0xfffffff6]}[0xffffffdb]`[0xb][0xffffffcf][0xffffffb6][0xffffff9c][0xfffffff5][0xffffffdf][0xb][0xffffffa9][0xffffffb6]AXw[0x10][0xffffffb8]Q[0xffffffaf].[0xffffff9f][0xffffffbd][0xffffffbb][0xffffffbb][0xffffff97][0xfffffffd]!o)[0xffffffe4][0xffffffe6][0xffffffb5][0xffffff9b][0xffffffae]3[0xffffffec]]a [0xffffffc1][0x0][0xfffffff2]C.[0xfffffff6]h[0xffffffde]1[0xfffffff0][0xffffffe1]n[0xffffff81][0xffffffbf][0xffffffe7][0xffffffe3][0xffffffce][0x4]f[0xfffffff8][0xffffff81][0x7][0xffffffef][0x3][0x1b][0xffffffa6][0xffffff89][0xffffff92][0xffffffd2][0xffffffba][0xffffff9f][0xffffff97]OV[0x1d][0xffffff85]=[0xffffffb0][0x16]p[0xffffffc6][0xffffff94][0xffffff86][0x1e][0xffffffe3][0x15][0xffffffc2][0xffffff87]vk[0xffffffb5][0xffffff99][0xffffffb6]d[0xffffffda]I[0x7f][0xffffffbc]'>F[0xffffffec][0xffffffd0]qt`[0xfffffff6][0xffffffec][0xffffff9b][0xffffffd6][0xffffffab][0xffffffcd][0xfffffff8]p[0xffffffdb][0xffffffb3][0x8][0x0][0xffffffc2][0xffffffc0][0xffffffd2]q[0xffffffee][0xffffff9d][0x19]{[0xffffff96][0xffffffd3][0xffffffa2][0xffffffb3][0xffffffce][0x14]@[0xffffffd2][0xffffffac][0xffffffdb][0xffffff82]M[\r][0xffffff9e][0xfffffffd][0xffffffb8]2t~[0xffffffd8][0xfffffff2][0xffffffc0]2[0x4][0xffffffc4]T[0xf][0xffffff8d]B[0xffffffbe][0xffffff80]W[0xffffffec]8[0xffffffab]9/[0xffffffce]D[0xffffffec]*[0xffffffa5][0xffffffbf][0x5]&"[0xffffff9b][0xffffff8e]o!v[0x18][0xffffff81][0xffffffe6][0xffffffeb][0x10][0xffffff93][0xffffffb4][0xffffffb0][0x1f][0x9][0xffffff8b][0x0] [[0xffffffe1][0xffffffaf][0xffffffbe][0xffffffb4][0xffffffc4][0xfffffffb][0xffffffd6]9[0xffffffd2][0x19]=T[0xffffffde]%_.[0xffffffc5][0xffffff89][0xfffffff1][0xffffffb0][0xffffff8f]`[0xf][0xffffffac][0xffffffb5][0xffffff81][0xffffff88][0xffffff8c]+[0xffffff86]:(b[0xffffffa4]%[0x7f]K`S,[0xffffffb6]DSM[0xffffff90]([0x16][0xffffffca][0xe]W[0xffffff81]?[0xffffff8c][0xb]f[0xffffffcb][0x2]D[\r][0xffffffd2][0xffffff96][0xfffffff9]=[0xffffffee][0xffffff88][0xffffffce][0x0] f[0x0][0x0][0x3]<$[0x0][0xffffff90][0x7]@[0x6][0xfffffff9]O[0xffffffb3]T[0xffffffea][0xffffffff]l[0xffffffe2]To[0xffffffab][0xc]cQ[0x7][0x0][0xffffff99][0xffffff97][0xffffffb2][0x19][0xffffff9b][0xffffffd2]a*k[0xffffffdc][0xffffffd5]9[0xc]l{[0x1]I[0xffffffef][0x18][0xe]M4L[0xffffffe4]h[0xfffffff7][0xffffff9e]2afQ[0xffffffdf][0xffffffe0][0x2][0xffffffc0][0xffffffd6]([0xffffffa1][0xffffffca]"[0xffffff9f][0xffffff97]'#e[0xffffffad][0xffffffbf]dK?[0xffffffa3][0xffffffba][0x3][0x0][0xfffffff0]][0xffffffdb][0xffffff92][0xffffffb7][0xfffffff7][0xffffff90][0x15][0x2][0xffffff8d][\n]"
15:11:24.710 [main] DEBUG com.github.dockerjava.zerodep.shaded.org.apache.hc.client5.http.wire -- http-outgoing-3 << "[0xffffffce][0xffffffb9]Y[0xffffff86][0xffffffc5][0xffffffa6][0xffffffba][0xffffffcc][0xffffffc0]6[0xffffffe5][0xffffff80][0xffffff9e][0xfffffffa][0xffffffab][0xffffffff][0xffffffd1]h[0xffffffe2][0x1]i[0xffffffab]L[0x2]q[0xffffffa3]r[0xffffff85]{[0xffffff8d][0x17]z(i[0xfffffff7]_u[0xffffffa5][0xffffffda]z[0xffffffca][0xffffffad][0xffffffa9]X[0x4]p[0xffffffa5][0xffffffa9][0xffffffa7][0xffffffff][0xffffffaf][0xffffffa3][0xffffffe8][0xffffffea][0xffffffc3]h[0x8][0x0][0x0]*![0x1][0x0]%[0x0]2[0xffffffc9][0x7f]b[0x1d][0xffffff92]@[0xfffffff9][0xffffff8e][0xffffffff][0xffffff8d]u[0xffffffe0]Y[0x15][0xffffffc1][0xffffff86][0x0][0x0] [0xffffffc0][0xffffffe8][0xffffffe8][0xffffff81]Ek[0x18][0xffffffed][0xffffff8d]?[0xffffffb8][0xfffffff3][0xffffffac][0xffffffb9]}[0xffffff80]Lt[0x18][0xfffffff7][0xffffffb2][0xffffffa1]@[0xffffffdd]y[0xffffffef][0xffffffbc]`d[0xffffff86]o[0xffffff9a][0xffffffff][0x1b][0xffffff90] %[0xffffffd4][0x4][0x0][0x0][0xffffffba][0xffffff90][0x0]@ [0x0]Y[0xffffffec]?[0x5]U[0x1e]@[0xfffffff9][0xffffffce]V[0xffffffe2][0xfffffffe]M*[0xc]eGD[0xffffffff][0xfffffff5]4/[0xffffff84][0xffffffaf][0xffffffca][0x7][0x0]~V[0xffffffa7][0xffffffe9]$[0xffffffda] [0xffffff8b]- [0xffffff92]k[0xffffff9c][0xffffffea][0xfffffff4][0xffffffdf][0xffffffa1]j16[0xffffffca]4 7[0xffffffd3][0xffffffb2]v@[0xffffffd5][0xffffffc1][0xffffffa4][0x16]o[0xffffff8b][0xffffffc6]Y[0xffffffb6][0xffffffca][0xffffffb2][0xffffffbc][0xffffffd6]~m[0xfffffff0][0xffffff84][0xffffffc6]![0xffffffbb][\r]N[0xe]V[0xffffff90]$[0xffffffb5])[0xffffffbc]lrF["[0xffffffc0][[0xffffffab][0xffffffe2]HR[0xffffffb9][0xffffffc0]0I>[0xffffffaf][0xffffffcd][0xffffff8b][0xffffffac]v7U[0xffffff82][0xffffff80][0xffffffc6][0xffffffda][0xffffffb0]O[0x19][0xffffff90][0xffffffb5][0xffffffc5]N@=[0xffffff82][0xffffffc9][0x0][0x0]@[0xc]$[0x0][0xffffffd0][0xc]@6[0xffffffff][0x7f][0xfffffff5][0xffffff98][0x0][0x0][0xffffff80]*[0xffffffc1]l[0xffffffb7][0xffffffff][0x1]6Pd[0xffffffdc][0xffffffff]_[0x0]4[0xffffff9e]m[0x1]d>[0xfffffff1][0xffffffff][0xffffffd6]n][0xfffffffb][0xfffffff6]"[0x18][0xffffffe2] x\[0xc][0x1a][0xffffffa7][0xffffffb7]T[0x10][0xffffffb0][0xffffffc2]DGJ{[0xffffffc1]0[0xfffffffc][0xffffffa6]O[0xffffffee][0xc][0xffffff94][0xffffffac]d[0xf][0x4]f[0x8][0xffffffd2]d[0xffffff94][0xffffffee][0x7][0xfffffffd]Sac[0x14]y[0xffffffbe][0x1f][0x18]f[0xffffffc3][0xffffffda]r[0xffffffe8][0xfffffffc]"[0xffffffde]a"Z[0xffffffbf][0x5][0xffffffb8][0xffffff8a]k[0xffffffb5][0xffffffc3]?[0xfffffff6]\[0xffffffa6][0xffffffe6][0xffffff95][0xffffffcd][0xffffffcb][0xffffff91][0xffffffc5][0xffffffd8][0xffffffde][0xffffff81]9R[0xffffffc1][0xffffff84]N[0xffffffa7]sd[0xffffffcf][0xffffff9f][0xffffffe0][0x1][0x1e]?[0x11]7_[0xffffffe5][0xffffffc6][\n]"
15:11:24.710 [main] DEBUG com.github.dockerjava.zerodep.shaded.org.apache.hc.client5.http.wire -- http-outgoing-3 << "[0xffffffe8]@rQ[0xffffffe3]p>[0xffffff84]r[0xffffffcd]d[0xffffffe8][0xffffff82][0xffffff89]{[0x13][0xffffffab][0xffffff9f][0xffffff88][0x13]{_[0xfffffffa];[0x3][0x11][0xfffffffe][0xffffffab][0x3][0xffffffb2]C[0x7f]S[0x1a]-@[0x16][0x1][0x0]@[0xf]$[0x0][0xffffffe0][0x0]@[0xffffff8e][0xfffffff8]O[0xffffffda][0xffffffc5][0x1c](?[0xffffffd5]J[0xffffffdc][0x1f][0x8][0xfffffff3].*[0x0]f[0xffffffa7][0xffffffa8][0xffffffd5][0xfffffff0][0xffffffd1]S/[0x6][0x0][0xffffffc8]a[0xffffffd8][0xffffffdb]"2[0xe][0xffffffa0][0xffffff88][0x7][0xffffffac]l[0x19][0xffffffe8]OE[0xffffffb0][0xffffffcd][0xffffff99]8[0xfffffff4]M[0xffffffa5][0xffffffc3]g[0xffffffa7]B).%[0x18][0xffffffcf][0xffffff88]@F.V[0x19][0x0]6[0xffffffb8]DP#[0x1e]{[0xffffffa2][0x0]lO[0xffffffc2]1`;[0xb]"[0xffffff99][0xffffffdd]A[0xffffff97]O[0x17][0xffffffab][0xffffffb1][0x4][0xfffffff8][0x2][0x9][0xffffffd1][0xffffffd0][0x19]D[0xffffffb6][0x0]zp[0x18][0x4][0xffffff8b]![0x14][0x0][0x0][0xffffffe0][\r][0x9][0xffffffa0][0xe][0x7] W[0xfffffffd][0xffffffd7][0xfffffff7][0xffffffe8][0xffffffff][0x3]NQ[0xfffffffb][0xffffff99]F[0x4][0x1]@[0xfffffff9][0x7f]^[0xffffffa5]|&i[0x13]~~'[0xffffffcd][0x7f]G[0xfffffff0][0xffffffbf]h[0x7f]V[0xffffffbf][0xffffffb3][0x1e][0xffffffae]mv[0x8]C[0xffffffcd][0xffffff84][0xffffff80]+b[0xfffffffe][0x7f][0xffffffae]\XT[0xffffffbd];[0xfffffffd]M[0xfffffff8]T[0xffffffce][0xffffff98][0xffffffa1][0xffffffc4][0xffffff96][0xf]f[0x0][0xffffff82][0xffffffeb][0xffffffff][0xffffffba][0xffffffc6][0xffffff88])[0x0][0xffffff80]B[0xffffffae][0x1][0xffffff80]K[0x1a][0x0] /[0x0][0x0][0xc]&[0x0][0xffffffc0]^[0x1][0x0][0xffffff86][0x15][0x0][0xffffffa0][0x7][0x0][0xffffff80]l[0x0][0x0][0x2][0x16][0x0][0x8]i[0x0][0xffffffc0][0xffffffb2][0xf][0x0]5[0xfffffff7][0xffffffbf][0xffffff9d][0xffffffad][0xffffffcb]?[0xffffffdf][0xffffffd7][0xffffff9f]S[0xffffffa0][0xffffffeb]6[0xffffff9c][0xffffff87][0xffffffcb][0x10][0xfffffffa][0xffffffb7][0xffffff9d]S[0xfffffff5][0xffffff83]X[0x2][0xffffff83][0xfffffffc]_d[0x1][0xffffffbc][0xfffffff2][0xffffffe7][0xffffffc1]>[0xffffffbd][0xffffffcb][0xffffffe6][0xffffffbf][0xffffffe7]t[0xe][0xfffffffb]G*][0xffffffce][[0xffffffde]u"[0xffffffc5][0xffffffed]N[0x1][0xffffffec][0xffffffc3][0xffffffa7][0xffffffd0][0xffffffe7][0xffffff8e][0xfffffff0][0xffffffd9][0xffffffbf][0xffffffa5][0xffffff94]G[0x1a][0xffffff80][0xffffffcf][0xfffffff9][0xffffffd0][0xffffffb3][0xffffffd9][0xffffffff]v[0xffffffcb][0xfffffff6][0xffffffe5][0xffffffdf][0xfffffff7]2[0xfffffff8]_[0xffffff8a][0x0][0xffffff8f][0xffffffe9][0xffffffaf]1r[0xffffffb6][0xfffffff0][0xffffffa4][0xffffffcc][0xffffff8d][0x1b][0xffffffa0]*q3m#[0xfffffffd]&T[0xffffffd6][0xffffffcd]4[0xffffff91][0x14]*Oa[0xffffffb8]} [0xffffffaa]t[0x1d]Ok[0xffffffa2][0xffffff9f][0xffffff90]n[0x14]lF[0xffffffa5][0xffffffaa][0xffffffd8]SA[0xffffffbf][0x6][0xffffffa5][0xffffff9a]'[0xffffff9b][0x1c]@3N[0xffffff9f][0xfffffffa][0xffffffc2][0x19]O[0xffffff80][0xffffff8f][0xffffffd3][0xffffffd8][0xffffff8c][0xffffffe7][0xffffffcc][0xfffffffa][0x10]x[0x0][0x0]`y[0xffffff9f][0x10]h[0xffffffa1]5&[0xffffffe5]8[0xffffff9f][0xffffff95][0xfffffff6][\n]"
15:11:24.710 [main] DEBUG com.github.dockerjava.zerodep.shaded.org.apache.hc.client5.http.wire -- http-outgoing-3 << "[0xffffffa0][0xffffffe5][0xffffff83][0xffffff90][0x19][0xfffffff3][0xffffffd1][0xffffffb1][0xfffffff6]u[0xffffffb6]5N<[0xffffffd3][0x5][0x7][0xffffff82]W[0xffffff89]x[0xffffffbb][0x11][0xffffffee][0xffffffa8]8:[0xffffffdc][0xffffffed][0xffffffd3][0x11]{[0x16][0xffffff96]B[0xf]Hf[0xffffffe4][0xffffff8f][0xffffffa2][0xffffff87].z[0xffffff9a][0x0]?[0xffffffe6]0[0xffffffda][0xffffff87]7[0xffffffbc][0xffffffde].[0xffffffe1]T[0xffffffe6][0xffffff85][0xffffffce]\W[0xffffffa6][0xffffffb7]h[0xffffffdd][0xffffffb6][0xffffff84]F[0xc]JX([0xffffffdb][0xffffffc4][0x6][0xffffffad][0xffffff84][0xffffffb7][0xffffff86]C6[0xffffffc1][0xffffffe5][0x7f][0x7][0xffffff90]y.[0xffffffca][0xffffffa8][0xffffff92][0x17]A [0x1c][0x17]GE[0xffffffe7][0xffffffb4][0xffffff82]w[0xf][0x1][0x7f][0xffffffbd]e[0xfffffff0]CO[0xffffffb6]Z[0xffffffab][0xffffffa5]oT[0x9]h[0xffffffdd][0xffffffa2][0xffffffae][0xffffff88][0xfffffffa]DP[0xfffffff2][0xffffffca][0x1f][0xfffffff7] xL[0xffffffbe][0xffffffff]+,[0xffffffd8][0x14]<^[0xfffffff9][0x15][0xffffffb6]z[0xffffffec]}[\n]"
15:11:24.710 [main] DEBUG com.github.dockerjava.zerodep.shaded.org.apache.hc.client5.http.wire -- http-outgoing-3 << "[0xffffff88]C;[0xffffffcb][0xffffffec][0xffffff95][0xffffffd6][0xffffff9d]Ju[0xe]H[0xffffff90][0xffffffba]h[0xffffff80][0x7][0x11]b[0xffffffcd][0xffffff98][\r][0xffffff8e][0xfffffff8]w[0xffffff97][0x6][0xc]W[0xffffff9c][0xffffffd4]T[0xffffffd2][0xffffff9e][0xffffffb2][0xffffff91][0xffffff9f][0xffffffaa][0xfffffff7][0xffffffe7]NF[0xffffff90][0xffffffc5]Nv0[0xfffffffe][0x1e].[0xffffffd6][0xffffffd3][0x1b][0xffffffb9][\r]y=[0xffffff9b][0xffffff8c][0xffffff8b][0xffffffd0]^Rt[0xffffff83][0x4][0xffffff81][0x1][0xffffff9b][0xffffffe5],T[0xffffff89][0xffffffff][0xe]_[0xffffffa5]7)xV&[0xfffffffe]l[0xb][0xffffffa5][0xffffffc8]z[0xffffffcb]Z[0xffffffa4]([0xffffffe5] [0xf]nEs[0xffffffbf]{a[0xffffffd3][0xffffffb8][0x16][0xffffffe6][0x11][0xffffffad]#[0xffffffdc][0xffffffdc][0xffffffe6]g[0xffffffa1]+?[\r]q[0xffffff8d][0x15][0xffffffa8][0xffffffc2].Y\[0xfffffffe][0xffffffa3][0xfffffff4][0xffffffbc][0xe][0xffffffb4]X[0xffffffad]"VV(ZT[0xffffffd8][0xffffff8d][0xffffff85][0xffffffad][0xffffffc6][0xfffffff9][0x9][0xffffff89][0xffffffe5][0xffffff85][0xffffffef][0xffffff9f][0xffffffa5][0xffffffb5][0x1f][0xffffffaf]U[0xfffffff9][0xffffff82]2[0xfffffff4][0xffffffbd]HM[0xffffff87]|[0xfffffff0]yM[0x1e][0xffffff85]*[0xb][0x0]p[0xffffffda][0x14][0xffffffa9]5[0x19]9[0xfffffffd]_[0x4]0[0xffffff89][0xffffffd4]c[0xffffff8c][0xffffffef][0xfffffffc][0xffffff80][0xffffffb4]([\n]"
15:11:24.710 [main] DEBUG com.github.dockerjava.zerodep.shaded.org.apache.hc.client5.http.wire -- http-outgoing-3 << "a[0x2]3[0x16]4[0xfffffffb][[0xffffff90][0x1a]MU[0xffffffba][0xffffffcb][0x11]c'k[0xffffffd3]D[0xffffffa0][0xffffffc6]Uy[0xffffff91][0x15][0xffffff85][0xffffffbd][0xffffff91][0x3]/[0xffffffae][0xffffffd7][0xffffffc2][0xffffffea][0x4]5[0xffffffbe]=[0xffffffd5][\r])[0x3][0xc] [0xfffffff1][0xffffffc6][0xffffffc9][0xfffffff6][0xffffffa3][0x17][0xffffffc2][0x19][0xffffffa2][0xffffffb8]t[0xffffffa1]5[0xffffffef]_[0xffffffff][0xffffffa3][0xfffffff7][0x0]t[0xffffff8c]q[0xffffffc2]r[0xfffffffe][0xfffffffc]3[0xfffffffa]o[0xffffffba][0x11][0xffffffda][0xffffff9e][0xffffff9d][0xffffffa2]6[0xffffffef][0x4][0xfffffff1][0x0][0xfffffff4][0x8][0xffffffcf][0xffffffcd][0xffffffd2][0xffffffb4]?v[0xffffff85][0xffffffe8]xM[0xffffffdc]A_X"rv>[0xffffffb2]Zv`M[0xffffffc9][0x1b]F[0x8]2[0x6]$ [0x9][0x3]J:[\r][0x4][0xffffffaf][0xffffffba]![0x7][0xffffffd2][0xffffffea]c[0xffffffae][0xffffff96]*[0xffffffa9]W[0xffffffa9][0xffffffa1]?eF[0xffffffbf][0xffffffea][0x7f][0xfffffff5][0x16][0xffffffcf]4[0xffffffa6][0xffffff9c]r[0xffffff8c][0x10][0xffffffb5]f[0xffffffb1][0xffffffa2][0xffffffc2][0xffffffac];[0xffffff92][0xffffffbb][0xffffff94]^[0xffffffd7][0xffffffdc]g[0x2][0xe][0xffffffd9][0xffffffcf][0xe][0xb]0[0xffffffbf][0xffffffb4]W[0xffffff8d][0x9][0xffffffc6][0x1b][0xffffff9d]}[0xffffffd6]v[0xffffffb2]{[0xffffff87][0xb][0xffffffdb]T[0xfffffff1][0xffffffb5][0xffffffef]'[0xffffffdd]XGy[0xffffff8f][0xfffffff3][0xffffff8b]t8[0x3]lPL[0xffffff8b][0xffffffdc][0x6]@[0xffffffc8]C[0x1f][0xffffff9d]c[0x16][0xffffff94][0xffffffd2][0xffffffe3][0xffffff87]3[0x0][0x0]F[0xffffff8e][0xffffffc9]"[0xffffffc1][0xffffffd9]N[0xffffffc3][0xffffffb9][0xffffffbf]I0[0x18]z[0xffffff87][0xffffffe7]>[0xffffffb8][0xffffffd1][0xffffffd8][0xffffffc1][0xffffff9c][0xffffffdd][0xffffffb8][0xffffffd4][0xffffffbe][0x9][0xffffff89][0xffffffa5][0xffffff87][[\n]"
15:11:24.710 [main] DEBUG com.github.dockerjava.zerodep.shaded.org.apache.hc.client5.http.wire -- http-outgoing-3 << "[0xffffffde]>[0xffffffbd]Z[0xffffffd9]n[0xfffffffa][0x4]vuW[0xffffffe8][0xffffffd5][0xffffffee][0xffffffe1]zk[0xffffffd8][0xffffffa1][0xffffff93]\[0xffffffa5][0xffffffae][0x18]:[0xffffffd9][0xffffffff][0xffffffba]0[0xffffffcd]>t[0xffffff82]C[0xffffff8c][0xffffffba][0x15][0xffffffe2][0xffffffbb]!_xL[0xffffffa3][0xfffffff1][0xffffff82]Kd[0xffffffce][0xffffffb5]'=[0xffffffca]4[0xffffff81][0xffffffe9][0xffffffcf][0x1]_[0xffffff9d]pWdi%.[0xffffffcc]-[0x6][0xffffffdd][0xfffffffc][0xfffffffb][0x12][0x10][0x0][0x0]|[0xfffffffe][0x2]>[0xffffffc2]![0xffffffe7](}7|N[0x6]+b[0xffffffa1]5[0xffffffb3][0xffffffd1][0xffffffef][0xffffffa7][\n]"
15:11:24.710 [main] DEBUG com.github.dockerjava.zerodep.shaded.org.apache.hc.client5.http.wire -- http-outgoing-3 << "[0xffffffdc]3[0xffffffc8][0xffffffc5] [0x9][0xffffffcb][0xffffffa4]s[0x16][0x13]K[0xfffffff2]d[0xfffffff1][0xfffffffa]`[0xffffffea]WW2[\r][0xffffffbe]1[0xffffffe7][0xffffffa5][0xffffff9b]([0xffffffa8]>r[0xffffffdc]3[0xffffffe9][0xf]>[0xffffffa7][0xffffff9e]W[0xffffffd0]S[0xc]a[0xffffffa9][0x2]o[0x7f][0xfffffffc]q[0xffffffd9][0x17][0x14][0xffffff97]a[0x1d][0xffffffe7][0xfffffff9][0xffffffb0][0xffffffe1].J[0xffffff97]_[0xffffffe1][0xffffffc3][0xffffff82][0x9][0xffffffd9]5[0xffffffd3]V[0xffffffff][0xffffffa0][0xffffffb4][0xfffffff4][0xffffffe2][0xffffffcf][0xffffffc3]J[0xffffff8b]A[0xffffffd8],[0xffffff9c][0x1d][0xffffffd4][0xffffffdb]w1[0xffffffcf]9F[0x3][0x0][0x18][0xf]x9[0xfffffff6][0xf]B[0xffffff96]w0[0xffffffd6]f[0xffffffbe][0xffffffc6]&[0xffffffdf][0xffffff91][0xffffff81]"G[0xffffffc0]L[0xffffffb3][0x1c][0x6][0x14][0xffffff85][0xffffffc2]i[0xfffffffa]-{[0xffffffac]I[0x7f][0x1c]b78[0x1b]f[0xffffffbd]"[0xffffffb3][0xffffffca][0xffffff8d][0xffffffc0][0xffffff86][0xffffffa1]*[0xffffffc3][0xffffffc9]#[0xffffffa3][0xffffff85]E[0xffffffc5]Q[0xffffffab]}[0xffffffcd]R[0x7f][0xffffff92]n[0xffffffaa]{[0xffffffad][0x11]&U[0xffffffe7][0xffffff96][0x16][0xffffff8d][0xffffffd0][0xffffffc4][0x2]J[\r]AG[0xffffffd2]U[0xfffffff6][0xffffffb8][0x7f](5[0x1e][0xe][0xf][0xfffffff0][0xffffffe5][0xffffff80][0xffffffb3]D[0xffffffb6][0xffffffee]c[0xffffffef]Os[0xffffff88]-[0xffffff81][0xffffffe4][0xc][[0xfffffff9][0xfffffff1][0xffffffb6][0xffffffa1][0xffffffe9][0xfffffff8][0xffffff9c][0xffffff97][0xffffff9c]][0xffffff8a][0xffffffcb][0xffffffb0][0x9]`[0xffffffff]G[0xffffffe1]#[0xffffffbf][0x1d][0xffffffd3][0xffffffac][0xffffff98][0xffffffd6];[0xffffff90]w[0xffffff8e],`~[0x10][0xffffffb9][0xffffffda]][0x6]s[0xffffffc3].[0xffffffd3]+[0xffffffbe][0x1][0xffffffc4][0x8][0x1b]v[0xe][0xffffff99][0x7f][0xffffffdd][0xffffffc8][0xffffffb2][0xffffffcb]_H<[0xffffffb0][0xffffffa4][0x1d])[0xffffffb3][0xfffffff6][0xffffffd7][0x1e][0xffffffc6][0x8]-[0xffffffc8]u[0xffffffa2][0xffffff8b]R[0xffffffde][0xffffffb1][0xffffffb8][0xffffffe2][0xffffffd7]a=[0xffffff89][0xffffffe9]k[0x17][0xffffffbf]X#W][0xffffffe4][0xffffff98]Y[0xfffffff3][0xffffffd2]L[0xffffffeb]Bk.[0xffffff96]9[0xffffffa8]E[0xffffff95][0xe][0xffffffa3][0xffffffe2]_J[0x2][0xffffffed][0xffffff95]L[0xffffff81]Z[0xffffff8b]t[0xffffff80]w[0xffffffe5]H9'C[0xfffffff9][0xffffffc4][0xffffff96]U[0xffffff87][0xffffffba]D[0x5][0xffffffa8][0x1b][0xffffffa6]/[0xffffffae][0xffffff82][0xffffffc4][0xffffffd0].[0xffffffc9][0xffffff8b][0xffffffa4][0xffffffe3][0xffffff95][0x19][0x0][0xffffff80]NW+[0xffffffaa][0xfffffffe][0x16][0x3][0x1]+c[0xffffffe9]gJ[0x1e][0x13][0xffffffa4][\n]"
15:11:24.711 [main] DEBUG com.github.dockerjava.zerodep.shaded.org.apache.hc.client5.http.wire -- http-outgoing-3 << "L[0xffffff97][0xffffffb5][0xc]|ZQ#[0xffffffe6][0xffffffa8][0xffffff95]f[0xfffffff6]4[0xfffffffc]&3p[0xffffffb1]F[0xffffffd9][0xfffffffa][0xffffffa7][0xffffffc4][0xffffffdb][0xffffffae][0xfffffff4][0xffffffb2]=Q[0xfffffff1][0xffffff95][0xffffffae]M[0xffffff8f][0xfffffff0][0xffffffe4][\n]"
15:11:24.711 [main] DEBUG com.github.dockerjava.zerodep.shaded.org.apache.hc.client5.http.wire -- http-outgoing-3 << "J/_[0xffffffb4]{m%[0xffffffaf][0x18][0xfffffff9][0xffffffe9][0xffffff80][0xffffffb1][0xfffffffe][0x5]tK*[0x8]h/`[0xffffffde][0xffffffb6][0xffffffe0][0xffffff96][0xffffff86]A9[0xffffffe6]:[0xffffffff][0xffffff85][0x2][0xffffff82][0xffffffe5][0xffffffca][0xffffffb9][0xffffffb7]W[0x6][0x4][0x14]A[0xffffffcc]"Ot[0xffffffee][0xffffffa7][0xffffff87][0xffffffa8][0xffffffc7][0xffffffa3][0xffffff93]$[0xfffffff0][0xffffff8d]+[0xfffffff2]f[0xfffffff6][0x11][0xffffffd0][0x16][0xffffffac][0x1][0xffffff95]F}MI[0xffffffc7][0xffffffdb]8[0xffffffcc][0xffffffbd]O{c[0xffffffbe][0x11][0xfffffff1][0xffffffa0][0xffffff94]`[0xffffffe6]_D[0xffffffa4][0xffffffda][0xffffffa2].[0xffffffd2][0x7][0xfffffff8]s[0xffffffec][0xfffffff3][0xe][0xffffffe0][0xffffffb4][0xffffffc9][0x6]}n[0xfffffff9]M%[0xffffffc2][0x7f]V[0xffffffd2][0xf]u";[0xffffffb8]s[0xffffffa0]P[0xffffffb5]0`;[0xffffffde][0x4][0xffffffd3]/[0x1b][0xffffffaa][0x1a][0xffffffd5][0xb]dY[0xffffff80]~[0xffffffcb]B[0xffffffee][0xffffffd3][0xffffffa1][0xfffffff6][0x5][0xffffffe7]b[0xe][0x1a][0xffffffba][0xffffffad][0xffffff83][0xffffffcf][0xfffffffa][0xffffffdd][0xffffff93]Er[0xffffff8a][0xffffffa9][0xffffff93][\r][0xffffff87][0xfffffffe][0xffffffe0]a[0xffffffb3][0xfffffff0][0xffffffff][0xffffffdb]BQ'[0xffffffed]r[0xffffff8b]k[0xffffffff][0xffffffd9]K[0xffffffb4][0xffffffd6][0xffffffae]v[0xfffffff6][0xffffffd1][0x16]H[0xffffffc5][0x2]4[0xffffffc8][0xffffffee]5[0x1a]W4[0x8]][0xffffffbf]~[\n]"
15:11:24.711 [main] DEBUG com.github.dockerjava.zerodep.shaded.org.apache.hc.client5.http.wire -- http-outgoing-3 << "[0xffffffb3][\n]"
15:11:24.711 [main] DEBUG com.github.dockerjava.zerodep.shaded.org.apache.hc.client5.http.wire -- http-outgoing-3 << "n[0xffffffe4]J[0xffffffca][\r][0xffffffc2][0x1b]N[0xe][0xffffff96].[0xffffff9f][0xffffffea][0xffffffcf]G[0xf][0xffffffcc]`[0xffffffe7]_[0xfffffffb]w[0xfffffff6][0xffffffc5]fO&[0xffffffa7]:[0xffffff9d][0xffffffd7][0xffffffa7][0xffffffd0][0xffffffdc][0xffffffa2][0x14][0xffffffa5][0xffffffc1][0xffffffeb]J[0x1d][0xfffffff9][0xffffffb9][0xffffffff]huZn[0xc][0x17][0xffffffad][0xffffffb5][0xfffffffb]8[0x1c]"
15:11:24.712 [main] DEBUG com.github.dockerjava.zerodep.shaded.org.apache.hc.client5.http.wire -- http-outgoing-3 << "[0x1f][0xfffffff5][0xffffffa9][0xfffffffa]!9%[0xfffffffe][0xffffffd0][0x0]h[0xffffffa8][0xfffffffd][0xffffffe3][0xffffffa5][0x0]+[0xffffffad]TB[0x4][0xffffffad][0xffffff90][0xffffffa0]_[0xffffff99][0xffffffae] [0x18][0x5][0xffffffa1]qZ[0xffffffd2][0x19][0xffffffcf][0x3]p[0xffffff93][0xffffffe2][0xffffff97][0xffffffc3][0xffffff9c][0xfffffff3]J3[0xffffffbe][0xfffffff9][0xffffffeb][0xffffffdd][0xffffffe8]=[0xffffffed][0xffffffbf]I[0xffffff8a]$Ff[0x10][0xc][0xffffff86]p[0xffffff88][0xffffff96][0xffffffb1][0x12][0xffffffd6][0x1b][0xffffff88][0x16][0xffffffba][0xffffff97][0xffffffe9][0x12][0xffffffc6][0x1][0xffffffd7][0xffffffa5][0xffffffa1]3"@[0xffffffd8][0xffffff9c][0xfffffff7]P[0xffffff92]p[0xffffffbd][0xffffffac][0x7f]Z7[0xffffffd5]3[0xffffff90]>_[0xffffffd9][0x7f][0xffffffd5]E[0xffffffdc]?[0xffffffba]Q{[0xffffffa4][0xffffffe6][0xffffffcd][0xffffffa4]@[0xf][0xf][0xfffffff0][0xffffffd5]{L))<w[0xffffffba]K[0x1][0x0][0xffffffd1][0xf]([0xfffffff5][0xffffffcd]X[0x7][0xffffffc4]W[0xffffff91][0xffffffca][0x17][0xffffff96][0x6]{[0xffffffe3][0xffffffb5][0xffffffb0][0xffffff90][0xffffff9e][0x1d]Q[0xffffffe2],[0x1e][0xffffff97][0xffffffa0][0xfffffff9][0xffffffcb][0xffffffa1][0xfffffff4][0xffffffc0][0x8][0x1c]8[0xffffffa9]v[0x3][0xffffff82]#[\r][0xffffffe5][0xffffffe3]p[0xffffffc6][0x1b]e#~[0xffffffce][0xffffff90][0x12][0xfffffff9][0xffffffaf]78[0x6]d[[0xffffffc7][0xffffffa6][0xffffffa6][0xffffffca][0x19][0xffffffdf][0x18][0xffffffaf],,[0xffffff9f][0xffffffb8]jZ[0xffffffef][0xffffff93]>U[0x14][0xffffff99]4[0xffffffc5][0xffffffcc][0xffffffad]K[0xffffff9c][0xffffffdd]DU{s[0xffffff95]a[0xffffffe1]a[0xffffffcb][0x13]#7N8[0xc][0xffffffcc][0xffffffc5][0xfffffff7][0xffffffdb]N[0x10]zq0[0xffffffb4]Fr[0xffffff85][0xffffffaa]Zd0[0xffffffec][0xffffffcd]k[0x1a][0xffffffce][0xffffff9d][0xfffffffb][0xffffffea][0xfffffff7][0xffffff97][0xffffffba][0x1c][0xe][0x1b]~[\r][0xffffff90][0xffffffd5]6[0xfffffff3][0xffffffcf]$v[0xffffff92][0xffffff95][0xfffffff6][0xffffffa8][0xffffff9b]j[0xffffffb1][0xffffffb6][0xffffffd4][0x1e][0xfffffffe]|[0x15][0xffffff8d][0xffffff98][0x15]b[0xffffff86]^[0xffffffa4]d[0x16]"y[0xffffff9b]][0xffffff84][0xffffffc8][0xffffff9b][0xffffff97][0xfffffff5]{[0xffffffe0][0xffffff9d]%[0xffffffdf]X[0xffffffda][0xffffffed][0xffffff80][0xffffffaf]/[0x6]Oar[0xffffff94][0x1e][0xffffff99][0xffffff91][0xffffffb2]A[[0xffffffa5][0xffffff89][0xffffff88]&[0xffffffab][0x1d][0xffffff94]d[0xffffffcb][0xffffffba][0xffffff93][0x15]#[0xfffffff1][0xfffffff9][0x1][0x0][0x18][0xffffff8f].[0x16][0xffffffe8]v[0xffffffda][0xfffffffe]p[0xffffff84][0xffffffbd][0x1][0xffffffa3][0xffffff86][0xffffff8c][0xffffffb0][0xffffffb8][0xffffffcd][0xffffffbe][0xffffff81]t;7[0xffffff84][0xffffff88][0xffffffe3][0xffffffda][0xffffff9d]*[0xffffffda]wj[0xe]e[0xffffffed][0xffffff89]>[0xe][0xffffffa6][0xffffffaf][0xffffffbd][0xffffffe3][0xffffffab][0xffffffd1][0xfffffff2]a[0xffffffa1][0xf]!KR[0xffffffd6][0xe]&[0x8][0xffffff8d][0xffffffb3]W[0xffffff88][0xffffffb9][0xffffffe6]3[0xffffffe0]V[0xc],[0xfffffffb][0x1][0xffffffb8]7[0xffffffb3][0xffffffe8][0x7f][0xffffffce][0xffffffa4]C[0xffffffb0][0xffffff9e]f[0xfffffffd][0xffffffa2]l[0x15][0xffffffee][0xffffffbf][0xffffffd3][0xffffffe7][0xffffffbb][0xffffff9c]$[0x14]@[0xffffffd7][0xffffffa5]u[0x6][0xfffffffd][0xc]<[0x1d]n[0xfffffffe]dD[0xffffffb5]7nC[0xffffff96][0xffffff86][0x18]:[0xffffffb1][0xffffffbd]a[0xffffff8d][0xffffffde]h[0xfffffffb][0xb]OQ^[F[0x17][0xc]_[0xffffff9a][0xfffffff1]I[0xffffffcb][0xffffff8d][0xffffffec][0xffffffce][0x3]Y[0xffffff86][0xffffffaf]J[0xfffffffc][[0xffffffb4]j*[0xfffffff3]W[0xffffffe1][0xffffffe2][0xffffff90][\r][0xffffffb2]<d[0xffffff8c]vF[0xffffffa3]>[0xffffffb5][0xfffffff3]v[0xffffff90][0x3][0xffffffcd][0x14][0xfffffff6]5_[\n]"
15:11:24.712 [main] DEBUG com.github.dockerjava.zerodep.shaded.org.apache.hc.client5.http.wire -- http-outgoing-3 << "[0xffffffce][0xffffffed]"[0xffffff94]'QS[0x1c]F[0xffffff8e][0x1][0xffffff99][0xffffff91][0xf][0xffffffe4][0x19]x[0xffffffe2]"?q[0x8][0x7f]x[0xffffffee][0xfffffffa]2*:7[0xffffffea][[0xffffffc6][0xffffff9d]V[0xffffffff][0xffffff94]/![0xffffffa6][0xb][0xffffffd6][0x1][0x14][0xffffffaa]FW-@[0xffffffa2]V.i[0x1f][0xffffffbc]=[0xffffffad][0xffffffec][0xffffffa4]Qm[0xffffffa3][0xffffffe6][0xffffffab][0x4][0x10][0xffffffdc][0xffffffb8][0xffffff87][0x1d]d[0xffffff89]>[0xffffff8b]`[0xffffff9c][0xffffffff][0xffffffb4][0x7f]3[0xffffff8f]a[0x1c](E[0xffffffa7][0x12][0xffffffc0][0xffffffbf][0xffffffb6][0xffffffe8].[0xffffffb1]=7[0x16]Y[0xfffffff7][0xffffffb0])L[0xffffff92][0xffffffce]Q\[0xffffffad]=0EO[0xffffffa6]Q[0xffffffe5]j[0xffffffff][0xffffffad]-[0xffffffd3][0xfffffff0][0xffffffe5][0xffffffa4]yC[0xffffff83][0xffffffd6]fz[0xffffffe8]v[0xffffffc0][0xffffffd8][0xffffffff]+i[0x18]&y[0x1b][0x19][0xffffffc4]V[0xfffffff8]v[0xffffff82][0xffffff91][0xffffffae][0xffffff80]-[0x1c][0xffffffb2][0xffffffab][0xffffffab][0x1d][0xffffffc8][0xffffffbf][0xffffffd1][0xffffff80])[0xffffffd5]`[0x4][0xfffffff2][0xfffffff1][0xffffff84][0x13][0xffffffe4][0x0]8[0xffffffe5][0xffffff81][0xfffffffc][0xffffffdb][0xfffffff4][0xffffffda][0xffffffb8][0x6](F[0xffffffa1][0xffffffcc][0x0][0xffffffdf][0xffffffc0]9[0xfffffff4][0xfffffffd][0xffffffd6]`[0xffffffc8][0xffffffa0][0xffffffe4][0x16][0xffffffe1][0x1b]$wy5t[0x8][0xffffffed][0xfffffff1][0xffffffe9][0xffffffd1][0xffffffdc][0xffffffd4]q[0x6]j[0xfffffff4][0xffffffcc][0xffffffba]Fh2[0xffffff97][0xffffffb6]}[0xffffffd7][0xffffffee]<[0xffffffe4]d[0xffffffbd][0x9][0xffffffce][0xffffffbc][0xffffffe5][0x14][0xfffffffd][0xffffffbc][[0xffffffc2][0xffffff82]h[0xffffffd5][0xffffff9b]k[0xffffff88]ZZ4[0xffffff9f],[0xffffff86][0xffffffef][0xfffffff1][0x1c][0x10][\r][0x3]u[0xffffffe4]Z[0x8][0xffffff94][0xfffffffb][0x6][0xffffff8d] z[0xffffffae]1y][0xffffff82]nh[0xfffffffa]Gu[0xffffffa7]`M[0xffffffce][0xffffffef][0xffffffb0]i[0xffffff9a]6[0xfffffff8][0xe][0xffffffd9][0xffffffac][0xfffffffe][0x1e]K[0x11][\r]s[0xffffffdf]_ky[0xffffffa1][0x19][0xffffffce][0xffffffc7]U[0xffffffd9][0xffffff87][0xffffffb8][0xffffffd1]S.[0xffffffa9]w[0xffffffd6][0xfffffff0][[0x1e]T#[0xffffffe6]n[0xffffffe9][0xffffffad][0xffffff84][0xffffffdd]=`E[0xffffffd9](-[0xfffffff0][0xffffff89]/h[0xffffff9e][0xf]B[0x7]~LcL[0xffffff89][0xffffff98][0xffffff9b]][0xffffffea][0xffffff81][0xffffffe6][0xfffffffd]^[0xffffff8d]/t[0x19][0x17]{[0xffffffe1][0xffffff98][0xffffff94][0xffffffd1]j[0xffffffb1][0xffffffc4][0xfffffffe]+S\[0xffffffef]&K;[0xffffffac][0x4][0xffffffca]q[0xffffffc7]%[0xfffffff9][0xffffffdb]"[0xf][0xffffff9d]Y[0xffffffa3]3U[0xffffff8f][0xffffff81]O[0xffffff87]a[0xffffff84][0xffffffc6]E[0xffffffb7]l[0xffffffea][0xffffffac][0xffffffbc]E[0x9][0xffffffcb][0xffffffc5][0x7f][0xffffffa2][0x13][0xffffffbb]ZK[0xffffffd3][\n]"
15:11:24.712 [main] DEBUG com.github.dockerjava.zerodep.shaded.org.apache.hc.client5.http.wire -- http-outgoing-3 << "s[0xffffff95][0xffffffef][0x6][0xfffffff7]}C[0xfffffffb]B([0xffffffd0]~[0xffffff96][0xffffff8a][0x1d][0xfffffffe][0xffffffe4][0xffffffb6][0xffffffee][0xffffffd9]5[0x5]hcAS[0xfffffff7]p[0xffffffc3][0xffffffc9][[0xffffffe9][0xffffffe5][0xffffffbf]b[0xffffff97][0xfffffff7][0xffffffd0]*lU[0xffffffe5][0x1e]4[0xffffffd7][0xffffffb3]J[0xffffffab][0xe][0xffffffdf][0x8]@[0xffffffd1][0xffffffc5][0xfffffff3]*][0xffffffac][0xffffff8b][0xffffffd3]>R[0xffffff9a][0xffffff99][0xffffffbf][0x12])[0xffffffe9][0xffffff89][0xffffffb2]R@f[0xffffff91]$[0xffffffd7][\n]"
15:11:24.712 [main] DEBUG com.github.dockerjava.zerodep.shaded.org.apache.hc.client5.http.wire -- http-outgoing-3 << "[0x7f][0xffffffc0]A[0xffffffa1]pMza[0xffffffe4][0xffffffa8][0x1f][0xffffffe4]=[0x1][0xffffffa9][0xffffffba][0x13][0xffffffd3][0xffffffb5]b2[0xffffffe2][0xfffffffc][0xffffffa3][0x14]I[0xffffff9d]('[0xffffffb4][0x1d][0x18]`K_?[0xfffffff2][0xffffffab][0xffffffc8][0x1][0x0][0xfffffff2][0x12]f/[0xffffffbc][0xffffffcd][0xffffffe3][0xffffffeb][0xffffffb0][0xfffffffa]QhPj[0xffffffdb][0xfffffff2]}[0xffffffd3]4[0xffffffb4]?[0xffffff9e][0xffffffa5]1[0xffffffe9]~[0x11][0xffffffdd][0x16][0xffffffd6]naP[0xfffffff6][0xffffffb2][0xffffffde][0xffffff92][0x11][0x14]F[0xffffffbc][0x5]"[0xffffffc8][0xffffffd5][0xffffffb0][0x9]:([0xffffffbd][0xffffffbb][0xffffffd3]s[0x8]BB[0xffffffb3][0xc][0xfffffffa][0xffffffa2]r}$[0x10][0x1b]f[0xffffffde][0x4][0x17][0xffffffc4]#[0xfffffffc][0xffffffca]oYa[0x8]$f[0xffffffd2]m[0xffffffde][0xffffffda][0xffffff96][0xffffffd0][0xffffff9e][0xffffffc9][\r][0xffffffa8][0xffffffdc][0xffffffaf][0xffffffcf][0xffffffff][0xffffff91][0xfffffff4][0xffffffc5][0xffffffda][0xffffffe9]l[0xfffffff7];*|[0xffffffd3][0xfffffff6][0xffffffe7][0x1a]6[0xffffffc7][0xffffffb6]|[0x18][0xffffff9a][0xffffffda]F[0xffffff90][0xffffff9b]d[0xffffffa5]*[0xfffffffa][0xffffffd3]9![0xffffffb7][0xffffffa0][0xfffffff4][0xffffffbc]?[0xffffffd2][0xffffff95]Yy[0xffffffd3][0xffffffea][0xffffff86][0xffffff93][0xffffffcd][0xffffffa7][0x2][0xffffff90][0x7]e[0xfffffff5]8[0xffffffa6][0x5][0xffffffee][0xffffff94][0xfffffff4]k[0x9][0xffffffbb]|[0x9]v6[0xffffffba][0xffffff83][0xffffff98]|W([0xffffffeb]:[0xfffffffd][0xffffff9d][0xfffffff7][0xffffffe9][0xffffffb8]p[0xffffffb8][0xfffffff1][0x19]7m[0xffffff97][0x17][0xffffffe5][0xffffffed][0x1e][0xfffffffa][0xffffffe8][0xffffff9b]?[0xffffffe1][0xffffff93][0xffffffaf][0xffffffb1]5[0x1][0xffffffd4][0xffffffd0][0xffffff87][0xffffffad][0xffffff9b]+T0_[0xffffff95][0xfffffff7][0xffffffcc][0xffffffd4][0x6][0xffffff97][0xffffffea][0xffffffa7][0xffffffd9]/[0xffffffbc][0x17][0xffffffea][0xffffff9e]([0xffffffdd][0xffffffef]F[0xffffffb6]E[0xffffff8b]"{[0xfffffff7][0xffffffb4][0xffffff8f]G[0xffffffb2]%[0xffffffd4][0x13]ja[0xffffff9c]3X[0xffffff8e][[0xffffff99]2[0xffffffeb]{}[0xffffff81][0xffffffa8]3[0xffffffc3][0xffffff80]\G[0xffffff81][0x1e][0xffffff8a][0xffffff8b][0xffffffad]([0xffffffac][0xffffff83]R[0xffffffa6]9[0xffffffe2][0xffffffad][0xffffffa9][0xffffffa0][0x1a][0xffffffa9][0xffffff89][0x10]([0xffffffc5][0xffffffad][0xfffffff5]s&jP[0xffffffbb][0x1]U[0xffffff99]I[0xfffffff6]cz[0xfffffff1][0xffffffdf][0xffffffe1][0xffffff91]7W[0xffffffc7][0xffffffcf][0x6]8[0xffffff99][0xffffffb6][0x17]B@[0xffffffd8]B=`Z[0xffffffb9][0xffffff8a][[0xfffffffc]E8[0x8][0xffffffe1][0x1c][0xfffffff6][0xffffffe4]>[0xffffff99][0xffffffb6]ko[0xffffffd8][0xffffffc3][0xffffffdc][0xffffff87][0xffffffbf][0xffffffcf][0xffffffb8][0xffffffaa][0xffffffe1]j[0xffffff96][0xffffffa9]iR6[0xffffff88]{[0xffffffca][0x9][0x17]8[0xffffff9d][0xffffffde][0xfffffffe][0xffffff97][0xffffffad][0xffffff88]3[0xffffffc7][0xffffffce]X[0x1b]El[0x17][0x7]\[0xffffffa4]0$[0xffffffe6][0xffffff92][0xffffffc2][0xffffffb3][0xffffff81][0x1a][0xfffffff7][0xffffffd5][0xffffff94][0xffffff85][0xffffffb4]j[0xffffffd4]W[0x6]'[0xffffff8e][0xffffffca]q4[0xffffffdc][0xffffffd0][0xffffffc3]s[0xfffffff6]j[0xffffffcd][0xffffffa1]:[0x8][0xffffffe0][0x3]d?[0xffffffed][0xffffffee][0xffffffea][0xffffffe6][0xffffffb6]d6tJ[0x9][0xffffffe6][0xfffffff1][0xffffffa3]XFa[0x1e][0xffffffbb][0xffffffbb]ie|[0x1a][0xffffffed]1Xw[0xffffff8b]G[0xffffffc8][0xffffffe3][0x12]&[0xffffff9e][0xffffff9c]}5"Cr[0xffffffed][0x1a][0xffffffd2][0xffffffd4][0x18][0xffffffd8][0xffffff8d][0xffffffb4]6[0xffffffd7][\r][0xffffffd8][0xffffffb7][0xffffffb3][0xb]1[0xffffff8b][0xfffffff5][0xffffff8d]w[0xffffff85]A[0xffffffe3][0xfffffffb][0xffffffc3]U[0x0]9M[0xffffffba][0xffffff8f]m[0xffffff99][0xffffffb4][0xffffff89][0xffffffba][0xffffffcc][0xffffffd1]#[0xffffff87][0x17],[0x15]kU[[\r][0xffffff8c]~[0x1d]~[0xffffffb4][0x1e][0xffffff95][0xffffffe9][0x8][0x1d][0xfffffff8]Br[0xffffff9e][0xffffffbc][0xffffffcb]|$[0xffffffb5][0xffffff9a][0xffffff99][0xffffffb8][0xfffffff4][0xffffffc4]Kpg70G[0xffffffde][0xfffffff0][0xffffffba][0xffffff88][0xffffff80][0xffffff85][0xfffffff4][0xffffffac][0xffffff9c][0xfffffff1][[0xffffffd2]0[\[0xffffff8a]qq<[0xffffffd9][0x19]<[0xffffffd7]`u[0xffffffd8]._)[0xffffffae]Le2[0xfffffff2][0xffffff9c]*[0x16]:([0xffffff9f])[0x15][0xffffffca]Q"9[0xffffffbf][0xffffffd4][0xffffffb2][0x1e]f[0x1b][0xfffffff7][0xffffff90][0xffffffd4]h[0x15]X[0xffffffd6][0x7]E?[0xffffffb7][0x11][0xffffff8e]2[0xffffffd1][0xffffff85][0x13]z0[0xffffffec][0x1][0xffffffd1][0x14][0xffffffa0][0xffffffc0][0xfffffff4][0x16][0xffffff88]D[0xffffff8e][0xffffffc3][0xfffffff6][0xffffffcc]2[0xffffffb0]_[0xffffff84]w.[0xffffffc3][0xffffffe2][0xffffffb2]B[0xffffffd0]TB[0x7][0xffffffb4][0xfffffff0][0xffffffb1][0x6]q[0xffffffc2]OF[0xffffff85][0xfffffff9][0xffffff9a][0xfffffffa]L[0xfffffffd][0xffffffa9].[0xffffffa3][0xffffff8b][0xffffff85][0x0]A[0xffffff91][0xffffffa2][0xffffffe3][0xffffff9f][0xf][0xffffff94][0x1c][0xfffffff7][0xffffffc3]j[0xffffffeb][0xffffffd2]Y'[0xffffffab]"[0xfffffffd][0x14][0xffffffa4]2[0x7f]uk[0xffffffb9]![0xffffffc2][0xffffffa3][0xffffffe7][0xffffff9f][0xfffffff9][0xffffffe3][0x17][0xffffff88]@l[0xffffffb1][0xffffff83]g[0xffffff93]}Z.rM[\n]"
15:11:24.712 [main] DEBUG com.github.dockerjava.zerodep.shaded.org.apache.hc.client5.http.wire -- http-outgoing-3 << "[\r][0xffffff91][0xfffffffe]%[6[0xffffffd5][0xffffff93][0xffffffb3][0x11]k[0xffffffa3]W[0x1][0xffffffc8][0x1]F[0xffffffbd][0xffffff8e][0xffffffb5]R[0xffffffe1][0xffffffe0]w[0xffffff8d]{[0xffffffae][0xffffffed]>HC*r[0xffffffb3][0xffffffb9][0xffffffc0]:[0xfffffff9]J[0xffffff8a][0xffffff87][\n]"
15:11:24.712 [main] DEBUG com.github.dockerjava.zerodep.shaded.org.apache.hc.client5.http.wire -- http-outgoing-3 << "K[0xffffffcd][0xffffffe9][0xffffff91][0x1b][0xffffff98][0xffffffd4]y[0xffffffc7][0xffffffca]@[0xffffffce]{[0xffffffe5][0xffffffea][0xffffff86][0xffffffe5]5bi[0xffffff8f][\r][0xffffffed][0xffffff82][0xffffffae]Z[0xfffffff7][0xffffffe6][0xffffff8a][0xffffff82][0xffffff81][0xffffffaf]q[0xffffff99][0xfffffff3][0xffffffe5]"[0xffffffd7][0xffffffea][0x18][0xffffffb8]z[[0xffffff88][0xffffffd0]*[0xffffffe8]0[0xffffffbf]Z[0xffffffdb]h[0xffffffa4][0xffffffef][0xffffffc0][0xffffff80]p`[0xffffffe7]Tr[0xffffffb1][0xffffffdf]c@[0xffffffaf]Mek0L[0xffffffcc][0xffffff9a][0xffffffd8][0xffffffa9][0xfffffffe]a{[0xffffffa0][0xffffffbf]r[0xffffff85][0xfffffff8][0xffffffd5]>RE[0xffffff8b]ZV_[0xffffff95]}[0xffffff86],[0xffffffbc]Y[0xfffffffc][0xb][0x2][0xffffff97]*[T[0xfffffff0]H[0xffffffa3]N[0xffffff9f]k[0x10]&[0xffffffe6][0xffffffdd]t[0xffffffb5][0xffffffdb][0x1a][0xffffffec][0xffffffaf][0xffffffcb]1e[0xffffffe0][0x2][0xffffffee][0xffffffb6][0xffffffb4][0xffffffb4][0x19][0xffffff8e][0xffffffd7][0x14]3%q\[0xffffffce][0xffffffd0],[0xffffffa7]4[0x8]y*[0xffffffd2][0xffffff96][0xffffff8f][0xffffffbd]p[0xffffffaf][0xfffffff2][0xffffff90] [0x4][0xffffffbf][0xffffffd0]D[0x10][0xffffff95]]A[0xffffffa8][0xffffffd9];<qz [0xffffffda]1[0xffffffd7][0xffffffa2][0xffffff9e]fR.[0xffffff9f]:H[0xffffffad]c[0xffffffe8][0xffffffe3][0x1f][0xffffffa6][0xffffffd8]_r[0xffffffc6][0x1c][0xffffffe6]o_[0xffffffe0][0xffffff99][0xfffffff6]P[0x1a]/[0x7]{[0xffffffb0][0xffffffc0]`[0xffffffe9]#[0xffffffc6]i_[0x15][0xffffffe7]%[0x11][0xffffffc9]([0x18][0xffffffbf]fd[0xffffffd7]?*[0xffffff90]0M[0xffffffb9][0xffffffd3][0xffffffb4][0xffffff94]I[0x8]X[0x8][0x1][0xffffff83][0xffffffb0][0xffffffb7][0xffffff8a]v[0xffffff95]uY[0xffffffc5]-[0xffffffff][0xffffffa3]\)xE[0xffffff82]b[0xffffffdb][0x5]T[0xffffffe0]A[0xffffffc1][0xffffffb5][0xffffffe6][0xfffffff5]%!s[0xffffff96][0xffffffe8][0xffffffda]e[0xffffff92]oAg0[0xffffff82]az4[0xfffffff6]g[0xffffff99]_Q[0xffffffe8]%[0xf]*?[0xffffff83][0xffffff86][0xffffffb8]-t[0xffffffa7][0xffffffe2][0xffffff91][0xfffffff9]M[0xffffffd9][0xffffffa0]p[0xffffffc3];[0xffffffc0][0xffffffae][0x9][0xffffffa4]J[0xffffff8d][0xffffff98][0xf][0x7f][0xffffff9a][0xfffffff7][0xffffffe4]*[0xffffff8b]:[0xffffff8b][\n]"
15:11:24.712 [main] DEBUG com.github.dockerjava.zerodep.shaded.org.apache.hc.client5.http.wire -- http-outgoing-3 << "[0xffffff88][0xffffff86][0xffffffdd][0x12]2[0xffffff94][0xffffffbd][0xffffffdc]t1[0xffffffc0][0xffffffa9]1[0xffffffde][0xfffffffc]6[0xffffff9e][0x11][0xffffffe4][0xffffffae][\n]"
15:11:24.712 [main] DEBUG com.github.dockerjava.zerodep.shaded.org.apache.hc.client5.http.wire -- http-outgoing-3 << "[0xffffff96][0xfffffff6]=[0xffffff9b]`[0xffffffdd]L[0x2][0x8][0xffffff89]X[0xffffffe4]i[0x13]4py[0xfffffffd][0xffffffaa][0xffffffbb][0x1b]JfZ[0xffffffa4]c[0xffffffff][0xfffffffe][0xffffffd5][0xffffff81][0x7f]b[0xffffffd4][0xfffffff3][0xffffffab][0xffffff93][0x1d][0xffffffe0]M[0xffffff98][0xfffffffd]SC[0xffffff8e]KU[A[0xffffffc7]![0xffffff8d],[0x11][0xffffffd6]U[0xffffff80]T^Y^U[0xffffff8e][0xffffffdc][0xffffffed][0xffffffee][0xffffffa1][0xffffffe7][0xffffffb3]-6[0xffffffdc]U![0xfffffffe][0xffffff9d][0xffffffed][0xffffff95]n[0xffffff95]+[0xffffffce][0xffffff90]uJ[0xffffffca]{[0x15][0xffffffec]+9[0xffffffb0][0xffffff86][0xfffffffb]p[0x5]<[0xffffff9e][0xffffff85][0xffffffb1][0x9]f[0xffffffe9][0xffffffe6][0x1b][0xffffffdb][0xffffffb8][0xffffffb0][0xffffffff][0xffffffca][0xffffff9f][0xfffffffc][0xffffffeb][0xffffffb7][0xffffffe3][0xffffffb4][0xffffff8e]zV[0xffffffa4]VZ[0xffffffcc]OD[0xffffffed]f[0xffffffc4].H[0x15][0xfffffffc]Y[0xffffffa5]>\[0xffffff87][0xffffffaf][0xfffffff4][0xffffffb0][0xffffff87]/[0xffffffe1]?[0xffffffb6]Cd[0xffffffba][0x10][0x11][0xffffff9c][0xffffff95]7W@[0xffffff97]h[0xf]![0x6][0xffffffbe][0x1c][0xffffff8a][0xffffff95][0xffffff9b][0xffffffad][0xffffffc9][0xffffff86]D[0xffffff81][0xe][0x19][0x13][0xffffff9b][0xffffffa0],hTPj[0xffffffc4][0xffffff83]I[0xffffffb1][0xfffffff8][0xfffffff5][0xb][0x17][0xffffffb4][0xffffffaa]]C[0xffffff8f]>[0xffffff8b][0xffffffb2]e[0xfffffff0][0xffffffe9]@"[0xffffffe8][0x2]9[0xffffffc6][0xffffffb7][0xffffffd9]^[0xffffffea]#[0xffffff80]![0x10][0xffffffba]O[0xffffff98]N[0xffffffd0]`r[0xffffffb5][0xffffffaf]>4[0x12][0xffffffd0]k[0xffffffd9][0xffffffb8][0x4]/[0xffffffc4][0xffffffb5]s[0xffffffcb]B[0xffffff88]1Cr[0xffffffe0],[0xffffffe9][0xffffffec]c[0xffffffd1]0[0xfffffff7][0x9][0xffffff8e]@[0xffffffac]vC{[0x1f]`[0x6][0xffffff91]C[0xffffffb2]X[0xffffffa0][0xffffffc6][0x1e][0xffffffe5][0xfffffffd]o[0x14][0xfffffff4][0xffffff9e]@[0x1b][0xffffff94]([0xfffffff3]\:\[0xffffffeb]:[0x10][0x1b][0x18]REmx[0xffffffc4][0xfffffff3]h{[0xffffffdf][0xffffffbe][0xffffffc1][0xffffffe3][0x1a]F[0x7][0xffffffef][0xffffffc2][0xffffffdc][0xfffffffc]d([0xffffffee][0x6][0xffffffd7][0x3]o[0xffffffda][0xffffffdc][0xffffff85]h[0xffffffdb][0xffffff8b]+zU[0xffffffc0]b[0xffffff80][0xffffff91]e[[0xffffff8c]pN-[0xffffffa5][0xffffff9e]rkr[0x0]0[0xffffff92][0xffffffa9][0xffffff89][0xffffffaf]0[0xfffffffc][0xfffffffb][0xffffffc7]ZE[0xffffffe3][0xffffff8a]5[0xffffffd5][0xfffffff5][0xffffffad][0xffffff9e][0xffffffb5][0x18]dh[0xffffff86][0x10]f[0xffffff98][0xffffffb5] [0xffffff9c][0xfffffff9][0xffffffaf]f[0xfffffff3]?t[0xffffffe3]?[0xffffffa8][0xffffff99][0xffffffeb]_[0xffffffc1]}c[0xffffff8b]E`[0xffffff8d][0xffffff94][0x7f]<[0xffffff82][0xffffff8a][0xffffffa9]~[0xffffff8d][0x15][0x5]`?d[0xffffffa6][0xc][0xffffffa4]EP[0xffffffd4]6/[0x8][0xc][0xffffffcc][0xffffffd1][0xffffffa7]mi[0x5]sCri[0xe][0xfffffff7][0xffffffba][0xffffffe5][0x0]l[0xffffff80][0xfffffffb][0xffffffdf][0x1b]n/ZT[0xffffffc2][0xffffff80][0xffffff9a][0xfffffff9]`[0xffffffb6][0xffffffc1][0xfffffff8]l[0xffffffb9]N[0xffffffe0][0xffffffa8]IX[0xffffffae]&^[0xffffff9c]D[0xffffffb3]X[\r][0xffffffb7][0xffffffbc][0xffffff8c][0xffffffac][0x3]y[0x1a][0xffffffe9][0xfffffff4][0xffffffe3][0xfffffffc]j[0xffffffd7][0xffffffad][0xffffffa3]MM1[0xffffffc9]n[0xffffff90][0xffffffcf][0x18][0xffffffd3]F[0xffffffcf]LPy[0xffffffa8][0xffffff84][0xffffffd9][0xffffffb1][0xffffff8f][0xffffff85][0xffffffa2]&[0xfffffffb][0xffffffce][0xffffff95][0xffffffb7][0xffffffda][0xffffffda][0xffffffde][0xffffffdd][0xffffffeb][0xffffffda]FW[0x5]CK[0x7f][0xffffffcd][0xffffffad][0xffffffd4][0xffffffa7][0xffffffd0][0xffffffaa]%z[0xfffffff8][0x4][0xffffffa0]20:[0xfffffffe][0xffffffd2][0xffffffe3][0xffffffbf][0xffffffe2][0xffffffb9]O8[0xfffffff8][0xffffffcd][0xffffffd3][0xffffffce]`[0xffffffe2][0xffffffc7]][0xffffffc5][0xffffff98][0x1][0xffffffdc][0x1c]-[0xb][0xffffffa4][0x10]Yk"[0xffffffe0][0xffffffeb][0xc]$[0xfffffffc]\[0xffffffa6][0xffffffe7][0xffffffe0][0xb][0xfffffff8]P[0xffffff9a]E[0xffffffdd]3[0x17][0xffffffd7][0xffffff84][0xffffffda]W[0x14]-[0xffffff9f][0xe][0xffffff98][0xffffffb9][0xffffff86]<[0xffffff80][0xffffffc3]"[0xffffffd3][\n]"
15:11:24.712 [main] DEBUG com.github.dockerjava.zerodep.shaded.org.apache.hc.client5.http.wire -- http-outgoing-3 << "[0xffffffc5]Xx[0xfffffff9][0xffffffeb]u[0x13][0x18][0x19][0xffffff85]5[0xffffffe2]^t[0xffffffac][0xffffffe6]bX[0xffffffd9][\n]"
15:11:24.712 [main] DEBUG com.github.dockerjava.zerodep.shaded.org.apache.hc.client5.http.wire -- http-outgoing-3 << "Ope[\n]"
15:11:24.712 [main] DEBUG com.github.dockerjava.zerodep.shaded.org.apache.hc.client5.http.wire -- http-outgoing-3 << "[0xffffffa8][0xffffffaf][0xffffffb4][0xffffffb9]#i[0xffffffd7]?KQ[0xffffffb5][0xffffff85]+[0xffffffd2][0xffffffe7][0xffffffe1]m[0xfffffffa][0xffffffed]{[0x5][0xffffffdf][0xffffffd4][0xffffffa3][0xffffffbd][0xffffffe1][0xfffffffa]M[0xffffffd3][0xffffffe7][0xffffffbe][0xffffffb7][0x1c][0xe][0xffffffab]Y[0xffffffa3][0xffffffac][0x1d][0xffffff94][0xffffffb3][0xffffff8b][0xffffffc6][0x9][0xffffffe9]i[0xffffffdc]c^3[0xfffffff6][0xe]<l[0xffffffa6][0xc]O*[0xffffffd3]FY[0xfffffffa][0xfffffffe]E[{[0xffffffe4][0xffffffac]tDt[0xffffffe7]*[0xffffffb5][0xffffffd4][0xffffffd1][0xffffffaa][0xffffffec][0xffffffdd][0x7]~2[0xffffffd8][0xffffff82][0xffffffb1][0x16][0xffffffda][0xffffffee][0xffffffe1][0xfffffffb]sh"[0xffffffdf][0x15][0xffffffac][0xfffffff4][0xffffffd3][0x8][0xffffffa9]s[0xfffffffe][0xffffff9f][0x1e][0xffffff98]/!\[0x2]q[0xffffffb0][0xffffffaa][0x16]8[0x2][0xffffffe6][xw[0xffffff9f][0xffffffc5][0xffffff8f][0xffffffb9][0xffffffed][0xffffffbe])[0xffffff9d]*[0xffffffd0][0xffffffe5][0x9][0xffffffca][0xffffffd3](6y[0xffffffac]|[0xffffff8b][0xffffffd0][0xffffffdc][0xffffffe1][0xffffff9f][0xffffff9d][0xffffffa4][0xffffffaa]t[0x1b][0xfffffff8][0xffffff8b][0xfffffff3][0xffffffb2][0xfffffff9][0x18]I[0xffffffc0][0xffffffbc][0x14][0xffffffc2]S[0xffffffc1]%I[0x0][0xffffffd2][0xffffffc0]L[0x11][0xfffffffd][0xffffff8a][0xffffffa4]v8[0x9]7>[0x1][0xffffffb9]F[0xffffff9e]k[0x5][0xffffffd4]Sk[0xffffffda][0xffffffc8]F[0xfffffff9][0x3][0x12][0x1a][0xffffffa4]*[0x15][0xffffff9d][0xffffffce][\r][0xffffffea][0xfffffffa]/[0xffffff8d][0xffffffa3][0xffffffea][0xffffffda][0x3]&y[0xffffffa4][0xffffff9a][0xffffff84][0xffffffac][0xffffff92][0xfffffff6])O[0x10]=C[0xffffffb6][0xffffffbf][0xffffff8c]][0xffffffe6]g[0xffffffec])[0xffffff80][0xffffffc4]k[0xffffffb3][0xffffffbc][0xffffff81][0xfffffffd][0xffffffdb][0xfffffff8]][0xc]NXx[0xffffff8a][0x11]1[0xffffffec][0xffffff8e][0xffffffea][0xffffff9d][0xffffffc4][0x12][0xffffffcb][0xfffffffc][0xffffffb0][0xffffffaf][0xfffffff8][0xffffffe2]}ul8+[0xffffffbf][0xffffff92].1[0xffffffdc][0xffffffe1][0xffffffa5][0xffffffb5]TR~[0x2][0xffffffb2][0xffffff87][0xffffffec][0xffffff96][0xffffffc3][0xffffff84][0xffffffdf]Wq[0x10]ie[0xffffff9d][0xffffffb9]O7[0xffffffe6]'[0xffffffef][0xffffffe7]A_/[0xffffffa0][0xe][0x13][0xffffffed][[0xffffffe9]Cp8g[0x10]w[0xffffffb6][0xffffffbf][0xfffffff8][0xffffffd1][0x14][0x8]J[0xffffffc1]J[0x11][0xffffffc5][0xffffffcd]-4[0xffffffaf][0xffffffdd]TFV[0xffffffaf]K<[0xffffffd8]I~&[0x13][0xfffffffe]/[0x2][0xffffffc9][0xffffffe4]q.[0xffffffc3][0xffffffa3]=[0xffffff9b][0x8]g[0xffffff83]L[0x15][0xffffffb2]Yd[0xfffffff4]'Qq[0xffffffff][0xffffffcc] [0x6][0xfffffff4]k[0xffffffca][0xffffff95][0xffffffd2]i[0xffffffed][0xffffffde][0x1c][0xffffff93][0xffffff9f]i[0xffffffea]>[0x2]_[0xffffffe3]o[0xffffff84]<[0xffffffc4][0xffffffa6][0xffffffb9][0xfffffffd]y[0xffffffe9]_{h[0x16][0x11][0xffffffb1][0xffffff9d]d[0x19]K[0xffffff8e][0xffffffe9][0xffffff81][0xffffffc1][0x6][0x13][0x6]E{[0xffffff86][0xc][0xfffffff2]-G[0xffffffb7][0xfffffff4],[0x1a][0xffffffc1][0xffffff80][0xffffffc9][0xffffffec][0xffffffd8]&P[0xffffff80][0xfffffffb][0x11][0xffffffd2][0xffffff84]t[0xffffff93][0x5][0xffffffc3][0xffffff8b][0xffffffa9][0x7f][0x11][0x0]QP[0x6][0x0][0x0][0xffffffb3][0xffffffe3][0x13]h[0x19]pss[0xffffffa8][0xffffffc1]q[0xffffffd7][0xfffffffc][Iq[0xffffff9b][0xffffffc2][0xfffffffb][0xffffff94]c[0xffffffb6][0xffffffc2][0xfffffffc]p\[0xffffff95]HH[0xffffffc0]R[0xffffffef][0xfffffff9]E[0xffffffa6][0xffffffe5]0[0xffffff91]Z[0x11][0xe][0xf][0xffffffd8][0xffffffd6]?[0xffffffb7][0xffffff90]}[0xffffffaa]z[0xffffff99][0xffffffff]{[0x12][0xffffffca][0xffffffd0][0xffffffdd]+8R[0xffffffba]`[0xffffffbc][0xfffffff1]+}![0xffffff97][0x6]bYS[0xffffffe8][0xffffff8c][0xffffff8e][0xffffffa2]C[0x2]}[0x11][0xfffffffc]@[0xffffffe4][0xffffffd4]T[0xffffffd1]["[0xffffff8c][0x1d][0xffffffce][0x7f][0xffffffd6][0xfffffffb][0xffffffbd] 1[0xffffff9b][0xffffffc4]:[0x1f][0xffffffd7][0x19][0xffffffe1]a;[0x2]0[0xffffffd4]O[0xffffffbe]m[0xffffffc5][0xffffff8e]j[0xffffff9f]][\n]"
15:11:24.712 [main] DEBUG com.github.dockerjava.zerodep.shaded.org.apache.hc.client5.http.wire -- http-outgoing-3 << "[0xffffffe4][0xffffffa4][0x1e][0xfffffff6].[0xffffffd0][0xffffffb8][0xffffffb6][0xfffffff3]u[0xffffff84]([0xffffffb9][0xfffffffd]p[0xffffffef][0xf]N[0xffffffaf]p[0xffffffd5][0xffffffbb][0xfffffff8]kj[0xffffffa8][0xffffffeb]1\[0xffffffc0][0xffffffbc]R[0x1a][0xfffffff2]([0xffffffd9][0xffffffa7]y[0xffffff83]l[0xffffffbb]Q[0xffffffbc][0xb]h=[0x14][0xfffffff7]_[0x1d]M[0xffffff87][0x7f][0xffffffde]O[0xffffffa6][0xffffff80]&&1[0xffffffd3][0x1a][0xfffffff1]N[0xffffffbb][[0x9][0xffffffd9]#2D[0xffffffca][0xffffff88][0xffffffd3][0xffffff9c][0xffffff95][0xffffff82][0x1a]N[0xffffffe2][0x1f][0x17][0x1]#[0xffffff82][0xffffffac][0x18]2[0xfffffff0]O[0xffffff80][0xffffffa0][0xfffffff0][0xffffff9c]g[0xfffffffb][0xffffffca][0xffffffe6][0xfffffff5]9[0xffffff99][0xfffffff5][0xffffff9b][0x16]*r[0xffffffb0][0xffffffa4]F[0xffffffd5]6[0xffffffe6][0xffffffd6][0xffffffd0]"W[0xffffff90][0xffffff90][0xffffffa2]8L[0xffffffcb]H[0xffffff93][0x1][0xfffffff9][0xffffffe7][0xffffff89][0xffffffa7][0xffffff87][0xffffffba]}[0xffffff91]o[0xffffffdd][0xffffffe4]N[0x13]yk[0xffffff88][xF[0x2][0xffffffcb]H[0x1f][0xffffffb4]i[0x1b][0xffffff94]v[0xffffffa9][0xfffffff6]p;[0xffffff8c]O[0xffffff9c][0xffffffd4][0x10]n[0xffffff8d][0xffffff8d][0x8]a[0xffffff8f][0xffffff9a][0x10]b=[0xffffffa7][0xffffffae][0xffffff80]v<[0xffffffc7][0xffffffab][0xffffffac][0xffffffe9][0xfffffff2]3[0xffffffbd][0xffffffae][0xffffff93][0xffffffe4][0xffffffc6]E[0x2]$[0xffffffb7]D[0xffffffa6][0xfffffffc][0xffffffa3][0xffffffc6][0xffffffce][0xffffffeb][0xffffff8a][0xffffff9d][0xffffffff][0xffffffb9][0xffffff8e]8[0xffffffe3][0xffffffea]R[0xffffff88][0xfffffff8][0xffffff8f]r[0x1c]&[0xffffffa2][0xffffffcd][0xffffffcc][0xffffff8d][0xffffff9a][0xffffffa3]YF[0xffffffcb]~[0xf][0xffffffaf][0xffffffed][0xffffff9f][0xffffffe3][0xfffffff5][0xffffffdf]}[0xffffffeb][0xffffffd3][0xffffff9c][0x1b]$&M[0x13][0xffffff87][0xffffffed][0xffffffbe]=[0xffffff85][0xffffffba][0x1d][0x5][0x9]B[0x7f][0xffffffbf][0xffffffa1][0xffffffb2][0xffffffd1]1 [0xffffffc7][0x12][0xffffffed][0xffffffef]jna[0xffffffb8][0xc][0xffffffc8][0xffffff9f]q[0xfffffffb]J[0x1c][0xfffffff2]0[0xffffffa7][0x7f][0xfffffffd][0xffffffcf]p[0xffffff8a]6[0x14][0xffffffb8][0xffffffb7][0xfffffff0][0xffffffed]D[0x19]O[0x7f][0xffffffe0][0xffffffed][0xffffffa5]=[0xffffffbf]E[0xffffff9b][0xffffffc7][0x5]d[0x1f]p[0xfffffff6]P|[0xffffff88]Y[0xffffffb8][0xf][0xffffff94][0xffffff9d][0xffffffff][0xffffff81]z[0xffffff8d][0xffffffbe]i6[0xffffffe7]b[0x0][0xffffff84][0xffffffad]G[0xffffffdd]Zi[0xffffffba][0x10][0xffffff86][0xffffffad][0xffffffc7]~rM[0xffffffc9][0xffffffe1]tE[0xffffff97]_;[0xfffffff1][0xffffffc7]v[0xffffff95][0xffffffaf][0xffffffb2][0xffffff87][0xffffff97]"[0xffffff96]t[0x14]"[0xffffffd1]`X[0xffffffc8][0xffffffd7]vy[0xfffffffe]6[0xffffffcd][0xffffffef]$N[0xffffffc5][0x1d][0xffffffdb]7[0x1c][0x1f][\r]3?[0xffffffc1]p[0xffffff9e]^[0xfffffff2]ftK[0xffffffd1][0xffffff87][0xffffffb5][0x12][0x18]q/[0xffffff92][0xffffff9f][0xffffffa0]h[0xffffffc0]^gzX[0x17][0x0][0x0]p[0xffffff80][0xffffffa1]I4>>[0xfffffff7][0xffffffaf][0x1d]j[0xffffffae]![0xffffffae]10<[0xffffffc2]hT%Ql[0xffffff8c][0xffffffd1][0x1c][0xffffffcb][0xe][0xffffff92]=[0xffffffbe][0xffffffa4];a[0xffffff85]>[0xffffffd3][0xffffffa9]N[0xffffff8e][0x9][0x12][0xffffffb7][0x8][0xffffffd2]82G~[0xfffffff8]d[0x19]-[0x10][0xffffffbb][0xffffff94]8u[0xffffffd0][0x4][0xffffff8f][0x18][0xffffff9d][0xffffff96]^[0x19]4Q[0xfffffff2][0xfffffffa][0x13][0xffffff81]Q[0xf][0xffffffe9]_[0xffffffb6][0xfffffff2][0xffffffcd][0xfffffff8][0xffffffa8]EO[0xffffffd1]|[0xfffffff0]I9)[\r][0xffffffee][0xffffffca][0xffffff97]P[0xffffffb9][0xc]&S[0xffffffa2][0xffffffa0][0xffffffc8]v[0x6]{qM&[0x14]L[0xffffffc5]h[0x12]g[0xfffffff8][0xfffffff6][0xffffff8a][0x6]i[0xffffff9c][0x3][0xffffffbf][0xffffffea][0xfffffffa][0xffffff8b][0xffffffc0]&[0x1c][0x1]e^b[0xffffffb8][0xffffffc4][0xffffffc0]/#}u5&n[\n]"
15:11:24.713 [main] DEBUG com.github.dockerjava.zerodep.shaded.org.apache.hc.client5.http.wire -- http-outgoing-3 << "[0x1b][0xffffff97].[0xffffffd8]W[0xffffffc2]<![0xffffffdc][0xfffffff5]^A[0xfffffff3]{[0x4][0xffffffe6][0xffffffd3]:g[0xffffff8c][0xffffffcd][0xfffffff0][0xffffff9f][0xffffffa5][0xffffff8f]j[0xffffffd2][0xffffffe3]:|[0xffffffc1][0xfffffff1][0xffffffdd][0xffffff83][0x17][0xffffffbf][0xffffffd9][0xffffffbf][0xffffffb7][0xffffff82][0x9]a[0x7][0xffffff8a][0xffffffea]2[0xffffffe3]R{R[0xffffffe6][0xffffffcb]e7[0xffffff89][0xffffffbd][0xffffff8f][0xffffffde]0_[0xffffffbb][0xffffff83]3z[0xffffffbe]8[0x2][\r][0xffffffe4]O[0xfffffff5]6[0xffffffe9]h[0xffffffda]C[0xffffffe8][0xffffffbd]=[0xffffff9b][0xffffff8b][0xffffffb9]z[0xe][0xffffffd4]"aC[0xffffff97]r4[0xffffffe2]^[0x1f][0xfffffffd][0xfffffffc]Y.P[0x1][0xffffffce][0xfffffff2][0x14][0xffffffd5][0x1d][0xffffff88][0xffffffd3][0x12][0xffffff96][0xffffffac][0xffffffed][0xffffff81][0xffffffb0][0xffffffe9][0xffffff94][0xffffff9d]6z[0xffffffdd]L[0xffffffdb]_p%[0xffffffd4]R7[0xffffffbd][0xffffff95]Z[0xffffff9b][\r][0xffffffde]C[0xffffff97][0x7f][0xffffffb0][0x4][0xffffffcf][0xfffffff3][0xffffffc3]vRFAR[0x1d][0xffffffa3]Qef[0xffffffbb][0xffffff85]"|[0xffffffb5][0xffffffef][0x0][0xffffff92][\r][0xffffffab]<1a[0xffffffaa][0xffffff8a]lMv[0xffffffe6][0x3]q[0xc][0xf]f[0xffffff8f]#2[0xfffffff9][0xffffffae]~d[0x1d][0xffffffe1]|R2[0xfffffff9]M[0xffffffec][0xffffffbc][0xffffffcc][0xffffffad]`[0xffffffb2]wD[0xfffffff6][0xfffffff8] [0xffffffc3][0x1c]?[0xfffffff7]Ml[0xffffffca][0x18][0xe][0xffffffb5][0xffffffd8][0xffffffb5]p[0xffffffdd][0xfffffffb]y[0xffffff8a][0xffffff9f][0xffffff9f]L[0xffffffac][0x1c]t[0xffffff85]h[0xffffff9d]s[0xffffff8f]h[0xfffffff7][0xffffff9b][0xf][0xffffffc1][0xffffff98][0xffffffb5]K[0xc][0xffffffb4][0xffffffaf][0x11]xHf[0xfffffff0][0x16][0xffffff97]w2[0xffffffca][0xffffffed][0x8][0xffffffd5][0xffffff86][0xffffff80][0xfffffff6]Q:[0x1]h[0xffffffb2]p9[0xffffffd8][0xffffff94][0xfffffff0][0xffffff88]s[0xffffffdc][0xffffff82]S[0x1]\z[0xffffffdf][0xfffffff4][0x1b][0x17][0xffffffbf]Tau[0xfffffff6][0xffffff82][0xfffffffc][0xffffff9a]2`k[0xffffffdc]@5[0xffffffb6][0xffffffe6][0x8]LP[0xffffffb3]s[0xfffffffb]6[0xffffffbc][0xffffff82][0xfffffffd]~[0xffffffeb]D[0xfffffffd][0xffffffbb][0x1e][0xffffffcd]6[0xffffffc2][0xffffffdc]8[0xffffff96]u[0xffffffeb]fi^[0xffffffd6][0x7]2#[0xffffffe0]Y8[0xffffffc2][0x13][0xffffff90]:[0xffffff97]^![0xffffff9f][0xffffffb9][0x7][0xffffff97][0xffffff8c][0x13][0xffffffff][0x14][0x16][0xffffffb3][0xffffffac][0xffffffde]I[0xffffffea][0xffffffcc][0xffffffc1][0x7f][0xffffffe3][0xffffffe2]a[0xffffffbb]![0x16][0xffffff85][0xffffffdb][0xffffff92]:[0xffffffd6]s[0xffffffec][0xffffff8c]8[0xffffff88][0xffffffc6]GN[0xffffffb7][0xfffffff2]/[0xffffffa6]BO[0xfffffff6][0xffffffb8]}^[0xfffffff4][0xffffffb6][0xfffffff6][0xffffffd3][0xffffffbe][0x9][0xffffff84]#D[0xffffffa3]G[0xffffff9b]U[0x9][0xffffffbd]5}Y[0xffffff86][0x2][0x3][0xfffffff9]Q[0xffffff96]m[0xffffffab],^N[0xffffff94][0xffffff9b][0xffffff82][0x1b]2k[0x5][0xffffffdd]z[0xffffff9e][0xffffffe9]6[0xfffffff6][0x9][0x0][0x2][0xffffffe5]p[0xffffffb5][0xffffffb6]a6[0xf][0xffffffca]M[0xffffff9f][0xfffffff4]JK"[0xffffffa7][0xffffffd6]a[0xffffff83][0xffffff81][0xffffffde][0xffffffbf][0xffffffc6][0xffffff8e][0x8][0xffffffce]d[0xfffffff9]X[0xffffffa6],[0xffffff97][0xffffff96][0xffffff91][0xffffffc7][0xe]|[0xfffffff0];[0xfffffffb][0xffffffef] u[0x7f]h[0xffffffdb][0xffffffd0][0xffffffc9][0xffffffef][0xffffffac][0x2][0x15]+[0x16][0xffffffc6]nN[0xffffffd7][0xffffffa4]b[0xffffffe3][0xfffffffa][0xffffffad]\[\n]"
15:11:24.713 [main] DEBUG com.github.dockerjava.zerodep.shaded.org.apache.hc.client5.http.wire -- http-outgoing-3 << "P[0xffffff8e][0xffffffa3]$D-i^[0xffffffaa][0xfffffff2][0xffffffe1][0xffffffc0]4[0xffffff91][0xffffffcc]A[0xffffffa9][0xffffffe3]X[0xffffff8d][0xffffffb9][0xffffff85]o[0xffffffba][0xffffff80][0xffffff82] [0xffffffa8]QoT&_![0xffffffd9][0xffffffa3][0xffffffc9]~N[0xffffff8d][0xffffffa0][0xffffff83][0xfffffff6][0xfffffff6][0xffffffa4][0xffffffb4][0xfffffff7][0xffffff92][0xffffffae]p[0xffffffe4] [0xffffffac]v1\[0x3][0xffffffa7]r;e[0xffffffda][0x1a]Cd*u[0xffffff87]1[0xffffff8e][0x6][0x1c]%q([0xffffffac][0xffffffd1][0xfffffff0][0xffffff8a][0xfffffff8][0xffffffdf])3[0xffffffdc]#_TLgQ[0xffffff8c][0x12]f[0xffffffe3][0x10]U[0xffffffa3][0xffffffb9][0xffffff88][_[0xffffffc0][0xffffffad][0xffffff8c][0xffffff94]z[0xffffff91][0xffffffe6]2[0xffffffff][0x1c][0xffffff83][0xffffffd8][0xfffffffb]a9[0xffffffe9][0xffffffb0][0xffffffab]pc[0xffffff8b][0x7]Y[0xfffffff8][0xfffffff3][0xffffffc3]BT[0x13][0xffffff99]=[0xffffffad]8[0xffffffbc]Q[0xffffffb5][0xffffffa8][0xffffffca][0xfffffffa][0xffffffff]$a[0xffffffe1][0xffffffe6][0xffffffc6][0xffffffcb]I[0xfffffffc][0x1a]_[0xffffffc7].m[0xfffffff0]4[0xffffffa2][0x9][0xffffff98][0xffffffda][0xffffffa3][0xffffff87]Sl[0xffffffe0][0xffffff80]pD'[0xffffffa5],2[0xffffffcd]lE[0x14]Z"[0xffffffc0]$[0xffffffca][0xffffffd8][0xb]b[0xffffffe6][0xffffff9a]"s[0xffffffa4]OpW[0x6][0xffffffc5][0xffffff80]}cA+[0xfffffffe][0xffffff91][0xfffffffd][0x1b][0xfffffff9][0xffffffe8]Pf[0xffffffd0][0xffffffee] [0x10][0xffffffd7][0xfffffff3]>'7[0xffffffaf][0x12][0xffffffb5][\r][0xfffffff7][0xffffffb4][0x13][0xfffffff0][0xffffffe5][0xffffffe4],[0xfffffffa][0xfffffffe][0xffffff98][0xffffffea][0xffffffca][\r][0x15]o[0xffffffb6][0xffffffd3]:[0xffffffe1][0x13][0xffffff9d]S[\r]*[0xffffff92]][0xffffffcf]jB[0xffffffad][0xffffffd6]w[0xffffffff][0xffffffa8][0xffffff8c][0xffffffd7]d-j[0xc][[0xfffffffe]~[0xffffffb5][0x15][0xfffffffb]0[0xffffffcb][0x1f][0xffffff81]![0xffffff9c]Q[0xffffff96][0x9][0xffffffd2][0x1b][0xffffffc1][0xffffffd4]r([0xffffffae][0xffffff8f][0xffffffd3][0xfffffffe] [0xffffff86][0xfffffffa][0xfffffff8][0xffffffc9]B[0xffffff93]`,Bb[0xffffffd8]nq[0xfffffff5]h=[0xffffffd5]1_[0xffffffc5]8[0xffffffb9][0xfffffff0][0xffffffbd][0xffffffb3][0xfffffffd][0xffffff8e][0xffffffef]X[0xffffffbd]=[0xffffffe8][0xfffffff6][0xffffffab][0xffffff99][0xffffffea]@[0x7f]itX[0xffffffe1][0xffffffb0][0xfffffffc][0xffffff97][0xffffffac]d[0xffffff95][0xf][0xffffff81][0xffffff9a][0xffffffa1][0x15]Hr0[0x16][0x12][0xffffffcc] [0xffffffc7]u[0x17]B[0xffffffe3][0xfffffff4][0xffffff83][0xffffff9f][0xfffffff9][0xfffffff0][0x11][0x5][0xffffffe5]p3[0xffffff84]'d[0xffffffba]H&[0x8][0xffffffdc][0xffffffe2][0x5]"[0xffffffe4][0xffffffd3]L[0xffffffdf][0x16][0xfffffffd][0xffffff95][0x17]VI[0xffffff82][0x4][0xffffffeb]B^[0xffffff91][0xffffffb8][0xf]6[0xffffff8d][0xffffffc2][0xffffff8c][0xffffff88][0xffffffad][0xffffffa6][0xfffffff9]Gm[0xffffffb1]f[0x12]d[0xffffff96][0xb]t[0x12][0xffffffea][0xffffffef][0xffffffa6][0xffffff90][0xfffffff2]?4r[0xffffffa3]<[0xffffffcb][0xffffffac]o[0xffffffdd][0xffffffd7][0xfffffffc][0xffffffc3][0x10]d[0xffffff9d]q[0xffffffa7]2[0xffffffc6][0xfffffffa][0xffffffab][0xf][0xffffffe0]i[0xffffffa6][0xfffffff4][0xffffff83],[0x5]|[0xffffffba][[0x12]q[0xffffffe3][0x1e][0x13]h[0xffffff81]-[0xffffff90][0xffffffe1]$C[0xfffffffd][0xfffffffb][0xffffffdf]a[0x14]I[0xffffff97]Po&[0xffffff87]:/[0xf]d[0xffffff84][0xffffffb9][0xffffffb2][0xffffff9a][0xfffffff5]2][0xffffffa8]Y[0x3]4[0xffffffe4][0xffffffca][0xfffffff2]\[0xffffffc7][0xfffffff0][0x0][0x18][0xffffff9c][0x17]{[0x5][0xffffffc4]5[0xffffffdb][0xfffffff4][0x8][0xffffffbd][0xffffff97][0x0][0xffffffa3][0xffffffa9]![0xffffffd5][0xffffff9f][0xfffffff3][0xfffffff8]~"[0xffffffa6]1*)j[0xffffff9e][0xffffff84][0xffffffa4]B|[0xfffffffe][0xffffffb7][0x7f]8[0xffffffd3][0xffffffad][0xffffffa0][0xfffffffb][0xffffffcb][0xffffffac][0xffffffd5]Me[0xf][0xffffff85][0xffffff82][0xffffffef]5+[0xffffffbd][0x13][0xffffff98]S[0xfffffff9][0xffffffd6][0x4]X[0xffffffad]|sWv[0xffffffd8]v[0x1][0xffffff90][0xffffff86]'?[0xffffffdf][0xffffff90][0xe][0xffffffa6][0xfffffff1]Igv[0xffffffc0][0x7][0x8]b[0xffffffe9][0xffffffaa][0xfffffffb]h[0x1d][0xffffffd4][0xffffffef][0xffffff8c][0xffffffc6][0x1c][0xffffffe9][0xffffff99][0xffffffe6][0x17][0x1a][0xffffffde][0xffffffa4]`c[0x7f]Y[0x3][0xffffff8e]0[0xffffff84][0xffffff83]w[0xffffffc7][0xffffffaa][0xffffffba]rS[0xffffff88][0xfffffff2][0xffffffa1][0xffffffe2][0xffffff83]XH[0xfffffffe][0xffffff81][0xffffffd5]&+:?P[0xffffffd4][0xffffffec][0xffffff99][0xffffffa7][0xffffffe7]*([0xffffffdb]p[0xffffffaf][0xffffffc8][0xfffffffc]-[0xffffffeb][0xffffffe5]m[0xffffffbe][0xffffffa4][0xffffffec]1%[0xffffffeb][0xffffff88][0xffffffbe][0xffffff91][0xffffff9c][0xfffffff3][0xffffffb9][0xffffffb7][0xffffff9f]2[0xffffff92][0xffffffee]I[0xffffffee][0xffffffcb].[0xffffffe3]e[0xffffff91][0xffffff8e]][0xffffffba][0xffffffc3][0xffffff8d]l[0xffffff8f][0x7][0xfffffff6][0xffffffed][0xffffffd5][0xffffffdb][0x15][\r][0x8][0xffffffaa][0xfffffff4][0xffffffb9][0xfffffffa]>4[0xffffffb2][0xffffff88][0x16][0xffffffc3]n[0x1][0xffffffd2][0xffffffc0];1[0xffffff8e]J[0xffffff95][0xffffffd4][0xffffff89][0xffffff94][0x17]{uY[0xfffffff2][0xffffff99]h[0xffffff8a][0xffffff89]1%[0x18][0x2]<[0xffffffc5]~[0xffffff97][0xffffffb9][0x3][0xffffffd9][0xffffffd0]j`[0xffffffba][0x0][0xfffffffc]f[0xffffffb2]0[0xffffffff][0xffffffd4][0xffffff8d]>[0xffffff93][0xffffffab][0x7f][0xfffffffb][0xffffffe6]{[0xffffff93]c[0xffffff97][\n]"
15:11:24.713 [main] DEBUG com.github.dockerjava.zerodep.shaded.org.apache.hc.client5.http.wire -- http-outgoing-3 << "}[0x4][0x8][0xffffff97][0x2][0x7f]K[0xffffffb3][0xffffffd7]@Q[0xffffff95][0xffffffb8][0xffffffb7][0xffffffdd]AC>[0xffffff81][0xffffffa3]TY*[0x1c][0xffffffad]e[0xffffffe5]'[0xffffffa0][0xffffff98][[0xffffffb1][0xffffffb8][0x9]([0xffffffe5][0xffffffe2]&[0xffffffce][0xffffffa8][0xffffff96]B[0xffffffd3][0xffffffd3]>[0xfffffff6][0x10]W/\[0xffffffc7][0xffffffda]_#&[0xffffffeb][0xffffff8f][0xfffffff8][0xffffff86][0xffffffe3][0xfffffff2]c[0x1e][0xffffffc4][0xffffffba]<[0xffffff90]a[0xffffffec]w1[0x7f][0xffffffdd][0xffffffe8][0xffffff93]NI[0xffffffd7][0xffffffb4]6[0xffffffae][0x11]c[0xffffffa2]I5[0xffffffd0]p,d[0x2]l[0xffffff9d][0xffffff8e][0xfffffffe][0x15][0x9]X'B[0xffffffef])[0xffffff95][0x1e]k$[0x16]L[0x14]E=[0xffffffda][0xffffffad][0xffffff86]Y5:[0xffffff8b][0xffffffd7][0xffffffe2][0xffffffe2]k[n[0x15]=x[0xffffffb9]-Il[0xffffff9d][0xffffffca][0xffffffd5][0xffffff9b][0xffffff97][0x14][0xffffff87][0xffffffb2]gm[0x4]AIM[0xffffffbb][0xffffff8f][0xffffff90]>[0xffffff81][0xfffffff7][0xffffffd1][0xffffffe3][0xffffffdb][0xffffff81][0xffffff97][0x1d][0x4][0x3][0xffffffc5][0xffffffae][0x1b][0xffffff8a][0xffffffbc][0xffffffbd]N[0xffffffea][0x7f][0xffffffe0]0[0xfffffffb][0xffffff9b][0xc][0xffffffcf][0x18]S[0xffffff92]M[0x1f][0xffffffaf]'[0xfffffff0][0xfffffff3][0xf][0xffffffc5][0xffffffea][0xffffffe8][0xffffff9f]Y[0x8]TOY$K[0xffffff8f][0x7f]xf`7[0x15]r[0xffffffdc]v[0xffffff82]c[0xffffffb1][0xf]^][0xfffffff0][0xffffff85]Q[0xffffffb9][0xffffffac]t[0xffffffe7][0xffffffe7]Uu:y[0xffffff8e][0xffffff8f]{[0x7][0xfffffff7][0xb],<[0xffffffcc][0xffffffc6][0xffffff87][0xffffffbc]e[0xffffffd1]i[0xffffff93][0xffffff96]oV[0xffffff8b][0xf][0xffffffb0]`[\n]"
15:11:24.713 [main] DEBUG com.github.dockerjava.zerodep.shaded.org.apache.hc.client5.http.wire -- http-outgoing-3 << "[0xffffffbe]N[0xffffffbe][0x3]1[0xffffffd4][0x1c][0xffffffce][0xffffffed][0xfffffffe][0x7f][0xffffffec][0xffffff9d]gTSY[0xfffffffb][0xffffffb7][0xf][0x8][0xffffffd2]A)[0xffffffa1]&T[0xffffffa5][0xffffff88][0xffffffa2][0xffffff80]T[0x5][0xffffff82][0xffffff80]H[0xffffff97][0xffffffde]Q[0xffffff91]P[0xffffffa4][0xffffffa3][0xffffff88][0xffffff80][0x14][0xffffffa5][0xffffff83][0x14][0xffffffa5]#[0x10][0xffffffe9][0x1d][0xffffffa4][0xffffff83][0xffffffd4][0xffffff81][0x11][0xffffff90][0xffffff8e]4[0xffffffa5][0xffffff83][0xfffffff4]*[0x2][0x2][0x1][0xfffffff2][0xffffffae][0xffffff99][0xfffffff1]qb[0xffffff9e]w|4[0xffffffe6][0xffffffd3][0x7f][0xffffffcd]Y[0xffffffe7][0xffffff8b]Y+{e_[0xffffffe7]w[0xffffff9f][0xfffffffb]r[0xffffff9f][0xffffffc3][0xffffffda][0xffffffeb][0xffffffa5][0xffffff9b][\r][0xffffffe6][0xffffffd6][0xffffff96][0x11][0x7][0x1][0xffffffd5]"[0xfffffff6][\n]"
15:11:24.713 [main] DEBUG com.github.dockerjava.zerodep.shaded.org.apache.hc.client5.http.wire -- http-outgoing-3 << "[0xffffffc7]![0xffffff8d][0xfffffffc][0xffffffe3]v=[0xffffffc7][0xffffffeb][0xffffffe9]r[0xffffffb5][0xfffffffa]u[0xfffffffa][0xffffff86]H[0xffffffc4][0xffffffa8][0xfffffff6]Z[0xffffffb3]:[0x13][0xffffffc7]A[0xfffffff2][0xffffffe7] [0x2][0x3][0xffffffea]<[0xffffffeb][0xffffffa9]-[0xfffffff9][0xffffffe4]~[0xfffffff2]1[0xffffffce][0x1f][0xffffffee][0x4][0x4]k[0xffffffd4]k[0xfffffff4]J[0xffffff96][0xffffffb8]9[0xffffffba][0xfffffffa]M[0xffffffbe][0x1f];[0xffffffaa][0xfffffff1][0xffffffcf][0xffffff9c][0xfffffff2][0x1e]&[0xffffffa5]~Ht[0xffffffb1][0xffffffb5][0xffffffad][0xffffffc4]c[0xffffffbf][0xffffffc5][0xffffffdf][0xffffff8e]t5SvK\[0xffffffa6][0xffffffe0]r[0xffffffbc][0xffffffa2][[0xffffff8e][0xffffff83][0xffffffca]Hrw[0xffffffca]<U[0xffffff9c][0xffffffad]E[0xffffffc1][0xfffffff1][\n]"
15:11:24.713 [main] DEBUG com.github.dockerjava.zerodep.shaded.org.apache.hc.client5.http.wire -- http-outgoing-3 << "_[0xffffffa6]&[0xfffffffe][0xffffffa8][0xffffffac]BFS[0xfffffff9])[0xe][0xffffffcf][0xfffffffe]"[0xfffffffe][0xffffffd0]lD[0xffffffde]e[0xffffffa9]z-[0xffffffbd][0xffffffa3][0xffffffbc]M[0xffffff8d][0x5][0xffffffd9][0xffffff9b]d[0xffffffee][[0x1a][0xffffffdc][0xffffffeb][0x11][0x1][\r][0xffffffb0][0xffffff98]i[0xffffff85][0xffffffa6][0xffffffba][0xffffffe4][0x2][0x1a]f[0xffffff99][0xffffff8a][0x11]e[0xf][0xffffffd3][0xffffff9b],Ow[0xffffffcb][0xffffffaf][0xffffffbb][0xffffffcb][0xffffffe3] [0xffffff97]F[0xffffffa6][0xffffffbc][0xffffff8b]w[0xfffffff6][0xffffffe4][0xffffff94][0xffffffa2].mf[0xffffffb2]>[0xffffffea]T[0x0].(z][0xffffffe7]k[0xffffffcf][0x1a][0xffffffdd][0xffffffb0][0x1d]=C[0xffffffe8][0xffffffb0]j[0xffffffc6]-[0xffffffc8]'[0xffffffb6][0xffffffbb][0xffffff85][0xffffffe4][0xffffffa6]x[0xffffff9f][0xfffffffa][0xffffffc2]c[0xffffffd9][0xffffffe1][0xffffff9c][0xffffff8a][0xfffffff5][0xffffffa2][0xffffffd2][0xb]w[0x17]hu;[0xffffffe1][0xffffffba]m?[0xffffffb1][0xffffffe0]D[0xffffffec][0xffffffc8][0x8][0xffffffbb][0x19]E[0x7]%k[0xffffff9d]$[0xffffff9e]{[0x5][0x4]<8[0xffffffe6][0xffffffdf][0xffffffb8][0x0]f"[0xffffff95][0xffffffd8][0xffffff87][0xffffffd0][0xffffffe7]s[0xffffff8d]C[0xffffffe3][0xffffff9a][0xffffffdc][0xfffffffa]9[0xffffffcf][0x1f][0x8][0xffffffe4]8[0xffffffec]d4,N[0x18]_T[0xffffffbb][0xffffffde]p[0x17][0xffffffd7][0xfffffffc]>Q[0xffffffa6]r[0xffffffb7]a[0xffffffc2]P[0xffffff8e]rI[0xffffffce][0xffffff95]N[0xffffff81][0xffffff9b]-[0xc]05[0xffffffeb]OW[0xfffffff3]C<?[0xffffff9f][0x1e][0xffffffe1][0xffffffc7]cV[0xffffffa1]?y!#:ZD[0xffffff8e][0xffffffea]L[0xffffffb9][0xffffffb1]O[0xffffffb5][0xffffffed][k[0xffffff87]r[0xffffffab][0xffffffb4][0xffffffb3]bM[0xffffffca][0xfffffffe]<[0xffffff9b][0x9][0xffffffd3][0xb]d[0xfffffffa][0xffffff8d][0x11]E[0xffffffd5][0x19][0xffffffc2]t[0xffffffb4]^.[0xffffff86][0xffffffd2]S[0xfffffffe][0xffffffea][0xffffffd6][0x14]6a[0xffffffbc]8[0xffffffdd]6[0xffffffa0][0xffffffa4]'[0xffffff9a][0xffffffe6];e[0xffffff8e][0x1c]w[0xffffffd2][0xffffffe3]N[0x1f]o[0x18]Y[0xffffffc9]y[0xffffffcd][0xffffff9b]S[0x15]LZ[0xffffff86]oJ[0x19][0xffffff93]U[0xffffffe0]x[0xffffffa8]q[\r]OH>[0xffffffba][\r][0xffffffa6]Yo2!F[0xfffffff3]6[0xffffffe2]Te[0xffffffd8][0xffffffc0]r[0xffffffdb][0xffffffdd][0xffffffae]-9[0xffffffa3][0xffffffa6]0[0xffffffc4]![0xffffffa2][0xfffffffe][0xffffffac][0xfffffffd][0xffffffdd]0[0xfffffffd][0xfffffffd]G[0xffffffa2][0xffffff9f][0xffffffa0]4Jyv[0xffffffef][0xffffff9f],][0xfffffff5][0xffffffd3][0xffffff9a][0xffffffd5][0xffffff87]^[0xffffffd7]R[0xffffffe4]=[0xffffff9e][0xffffffc5][0xffffffad][0xfffffff6]v[0x18]6>[0xffffffb0][0x1e][0xffffff9c]%[0x12]n[0xffffffd2][0xffffffee]p[0x6][0xffffffa1]^[0x1e] ha[0xffffff9b]|[0xffffff8a]X][0xfffffff2][0xffffffa9][0xffffffa2][0xffffffb2]j:[0xffffff97][0xffffffbf][0xfffffff5]5>[0xffffff9b][0xc][0x8]G[0xffffffd4][0xffffffb2]9[0xffffff9e][0xfffffffa]:[0xfffffffb][0xffffff90][0xfffffff3]@[0xfffffffc]z[0xffffffee][0x6][0xffffffee][0xffffff88]T[0xfffffff3][0xffffffab]=6[0xffffff91]\?[0xffffffe7][0xffffff8f]:[0xffffff91][0x2][0xffffffa2]6[0xffffff96][0xffffff93]v[0xffffff87]0[0xffffff8e]Y[0xffffffa5]\[0xffffffbb][0xffffff95]H[0xffffff98][0xffffffd2][0x5]eq[0xffffff8a]+[0xffffffc7][0xffffffd8][0xffffffa9]G/[0x5]s[0xffffffc7][0xffffffdc][[0xffffffd6]}[0xffffffb8][0xffffffae][0x19]a[0xffffffa0]@[0xffffffff]pO9V[0x7][0xfffffff2][0xffffffe8].^[0xffffff92]~[0x7f][0xfffffff2]=}3R[0xb]U[0xffffff83][0xffffff80][0xffffffb3][0xfffffff8][0xffffffa7]S[0xfffffff8][0x10][0xfffffffc][0xffffffbb]yr*[0xffffffe6][0xffffffe1][0xffffffdb][0xffffffc4][0xffffffb6][0xfffffffb]b5[0xffffff99]j[0xffffff8e]Wt[0xffffffc0]3[0xffffffa6][0xffffffa0]r\#[\n]"
15:11:24.713 [main] DEBUG com.github.dockerjava.zerodep.shaded.org.apache.hc.client5.http.wire -- http-outgoing-3 << "[0xffffffa4][0xffffffa6]1}[0xffffff90][0xffffff84][0xffffffd5][0xffffffe7]9[0xffffffe3]Y[0x1c]R[0xffffff95][0xffffffd3]U[0xffffffa5][0x4][0xffffffbb]N[0xffffffef][0xffffffe7][0xffffffbc]g[0xffffffe9]Rg[0xffffffcc][0xffffffc5][0xffffffb9]-$7[0xffffffc2][0xffffff84]z[0xf][0xfffffff7][0xfffffff5]DTy+@W[0x16][0xffffffa3]l[0xffffff94]h[0xffffff82]:_=aq[0xffffffd0][0xffffffd3][0xffffffcd]2[\n]"
15:11:24.713 [main] DEBUG com.github.dockerjava.zerodep.shaded.org.apache.hc.client5.http.wire -- http-outgoing-3 << ";ptGd[0xffffff81][0x19][0xfffffffd][0xffffffd6]A[0xffffffa3][0xffffffde][0xffffff9c]{[0xffffffef],[0x1f]U[0x19][0xffffffac]$w[0xc][0xffffffbc][0xffffff8a][0xffffff87]7[0xffffff8c]6x[0xffffff90]T[0xffffffe7][0xffffffe7][0xffffffac][0xfffffff5][0xffffffe5][0xffffff93]U[0xffffffc8][0xffffffec]jh[0xb][0xffffffb8][0xffffffc3]m[0x17][0xffffffb3][0xffffffcd]M[0xffffffe1][0xffffffd5]'5[0xffffffb2][0x1e][0xf]g[0xffffffe2]O[0xffffff9c][\r][0xf]?[0xffffffa1][0xfffffff7]PL,6S[0x6][0xffffff87],-[0xffffffc8][0xffffffd1][0xffffffad]#L[0xffffffc3]83[0xffffffa5][0xfffffffd][0xffffff88][0x4][0xffffffd4][0xffffffde]HG)[0xffffffa6]n[0xffffffcc]mX[0xfffffffa][0xffffff89]a[0xffffffd4]B[0xffffffea][0xfffffff6]n[0xffffffca][0xffffff85]IO=[0x16][0xffffffc9][0xffffffde]`[0xffffffa5][0xffffffb0][0xfffffff6][0xffffff99][0xffffffc3]}[0xffffffd2]([0xffffffad][0xffffff9b]gX[0xffffff8f][0xfffffff7]F[0x1c]/Po[0xfffffff6][0xffffffb0]][0xfffffff1][0xffffffcf]\[0xfffffff3]7[0xffffff91][0xffffffaf]1[0xffffff88]m[0xffffffc6][0x9][0x1d]}y[0xffffffa3]G[0xffffffc3][0xffffffe9][0xffffffb1][0xffffffd4][0xffffffd5][0xb]\:[0x17][0x2][0xc]`]F[0xffffffc1]L[0xffffff8f][0xffffffa5]\kv[0xffffffe1][0xffffff9e][0xffffffe5][0xffffff97][0xffffffab][0xffffff84][0xffffffb7][0xffffff99][0xffffffde]([0xffffffcb]m[0xffffffbe][0xffffff91][0xffffffd3]:&f[0xffffffc5][0xffffffb9][0xffffff83][0xffffffc8][0xffffffd8][0x3][0xffffff88][0xffffffe6][0xffffff95]<[0xffffffd9][0xffffffe4][0xffffff9b]B[0xffffff8f][0xffffff88]}[0xffffffdf][0xffffffc2][0xfffffff4]s[0x1f]=?)[0xffffff91]D[0xffffffc6]^ g[0xffffffff]V[0xffffff82][0xfffffff9][0x14][0xffffffe7][0xffffffbd][0xffffffb9][0xffffffbc][0xffffffe2]+}[0xfffffffa][0xffffffef][0xffffffbd][0xffffffef]5?[0x14][0xffffffe9].8U[0xffffffbd]SV6j#_t[0xffffffea][0xffffffcc]JW[0xffffffcc][0xffffffc8][0xffffffa0]Q[0x12][0xfffffff4]\b[0x13]}EII[0xffffffc0][0xffffff91][0xffffffd6][0xffffffd6][0xffffffe5][0xffffff93][0x12][0xffffff96][0xffffffde][0xffffffb1]1[0xffffffa6]|R[\n]"
15:11:24.713 [main] DEBUG com.github.dockerjava.zerodep.shaded.org.apache.hc.client5.http.wire -- http-outgoing-3 << "[0xfffffff3])[0xffffffc1]o[0xffffffc9]_d[0xffffffc6][0xffffffcc][0xffffffe7]4Y[0xffffff8d]G/[0xffffffce]X[0xfffffffe][0xffffffe6]d[0xffffffb0]][0xffffffc8][0x14][0xffffff8f][0xffffffd8]}[0xffffffcd]j[0xffffff9e]i[0x1][0xffffffc1][0xffffff87][0xffffffcb][0xfffffff5][0xffffffbf][0xffffffe1][0xf][0xffffff80]-%[0x17]SN[0xffffffa5][0xb][0xb][0xffffff94][0xffffff9a][0x1d][0xffffffce][0xffffffba][0xffffffaf][0xffffffac][0xffffffb6][0x7][0xffffff8b]7[0xffffffe1][0x1d]>[0xffffffc9]&[0xffffffd8][0xffffff9b]][0xffffff9d]88:0[0xffffffec][0xffffffcb][0xfffffffe][0xfffffffc]l`xq[0xffffffde][0xffffff8f]'[0xffffff99].[0xffffff94];[0xfffffff4][0xffffffb6]:[0x9]^t[0x1c]NS4[0x1f][0x11]BXjQ[0xffffffec][0xffffff9e]\[0x1a]u^[[0xb][0xfffffff7][0xffffffad][0xffffffd6][0xffffffd9][0x18]z[0xffffffa3][0xffffffa4][0xfffffff4][0xffffffa0][0x17][0x9]%o[0xfffffff3]aqM![0xffffffb7][0xb][0xffffffd5][0xffffff84][0x1e]B[0xffffffe0][0x8][0xffffffd2]H:52[0x6]}[0xffffff85][0xffffffb3][0xffffffcb][0xc][0xffffffbe]"w[0xffffffa7][0x12][0xffffffa5][0xffffffde]y[0xfffffff4][0xffffff9d][0xffffffdf]z,>[0x1b][0xffffffa7](o[0x2]9[0xb][0xffffffcd][0xffffffd6]4[0xffffffa0]>bTw&$[0xffffff90][0xfffffff8]s[0xffffffb3][0xffffffb5][0xffffff88][0xffffffd6][0xffffffad][0xffffffe1]N[0xffffffaf][0xffffffcd][0xffffff80][0xffffffe1][0xffffffa9]$[0xfffffffb]b[0xffffff84][0xffffff89]SlI$q[0xffffffc0][0xfffffff5]4[0xffffffc6][0xfffffff0][0xffffffe0][0xffffffe9]2[0xffffffa4][0xffffffd3]!u[0xfffffffd][0xffffffce][0xffffff85]][0xffffffa8]y[0x1]C[0xffffff81][0x6]r[0xffffffd6][0xfffffff2][0xffffff95][0xffffffd6][0xfffffff8][0xffffffc0]T[0xffffff9b][0xffffffcf][0xffffffa7][0xffffffaa][0xffffff85][0xc][0xfffffffb]EB[0x1a]%[0xffffffb6][0xffffffbe]KK%[0x1f]a[0xffffff8f][0xffffffe9][0xffffff93]95[0xffffffdf]N[0xffffff8d][0xffffff8c]2zU:#U#[0x14]X[0x1d]ix[0xffffffc1]+[0xffffffb4][0xffffffb4]u[0xffffffe1]cN[0xffffff9c]V[0xffffffb2][0x1c][0xfffffff5][0xffffffeb]K[0xffffffb4][0xffffffc6][0xffffffc7]"rK[0x18][0xffffffa4]l[0xffffff99]o#[0xffffffba][0xffffffd6][0x10][0xfffffff3]f[0x13])[0xffffffa9][0xffffffdb]E]F[0xffffffcd]d[0xffffffda][0xffffffd0]N[0xffffffd7]r[0xffffffd2].jH[0xffffffcc][0xffffffad][0xffffff8d][0xffffffd0]k[0xffffffab][0x14]f[0xffffffb8]]t[0xffffffce]qC9<[0xffffff82][0xffffff83]P[0xffffff8b]H.[0xffffff8a]e[0xffffffcf][0x9][0xffffffc9]m[0x1b][0xffffff82]7T[\n]"
15:11:24.713 [main] DEBUG com.github.dockerjava.zerodep.shaded.org.apache.hc.client5.http.wire -- http-outgoing-3 << "[0xfffffff5][0xffffffc1][0xffffffd1][0xe][0xffffff9f][0xffffffa3][0x2]oE[0xffffffd4][0xfffffff5]6Qt[0xffffffb7][0x1e][0xffffff8a][0xfffffff9]r[0xffffffed][0xffffff82]e[0xffffff95]u2[0xffffffda][0xffffffb4][0xfffffffb][0xffffffed]$[0xffffff82]xfJ[0xffffffe6][0xffffff96]B[0xe][0xffffffb3]#[0xffffffe6][0x12][0xffffffe7][0xffffffdb][0xffffffcc][0xffffff85]z|[0xffffff9c]n[0xe][0xc][0xffffffd5][0xffffffd8]![0xffffffd5]<[0xffffffa6][0xffffffdf]J=y[0x1][0xffffffa2][0xffffff8a]>7[0xffffff9e][0xfffffff1]$;[0xffffff94] ~[0xffffffa1][0xffffffef][0xffffffc3][0x14]/2[0xffffffda][0xffffffa8][0xffffff82][0xffffffcc]u[0xffffffc3][0xffffffed]Pz[0xffffffcc]X.@[0xf][0x10][0xffffff9b][0xffffffd7]r2,[0xffffffbc][0xffffffa1][0xffffff99][0xc][0xffffffa2]>[0xffffff9a][0x19][0xffffffab][0xffffff93][0xe][0xffffffb8][0xffffff9a][0xffffff98][0xffffffd6]R[0xffffffbc][0xffffffe0]/[\n]"
15:11:24.713 [main] DEBUG com.github.dockerjava.zerodep.shaded.org.apache.hc.client5.http.wire -- http-outgoing-3 << "[0x7f]![0x12][0x2]1[0xffffff92]>/[0xb]Q[0x12][0xffffff85]I&[0xffffffad]x2z[0xffffffb6]{[0xffffffd2][0xffffff9b][0xffffffe3]Q[0xffffffed][0xffffff90][0xffffffdb][0xffffffc4][0xffffffc6]E[0xffffffea]$[0xffffff92][0xffffff98]^[0xffffffee][0x4][0xffffffde][0xffffffdc][0xffffffa0]b[\r]tn[0xffffffbf]]w[0xfffffffb][0x8]W[0xffffffe9][0xffffffbc]vR+[0xffffffd9][0xffffffb1][0xffffffe6][[0xffffffc3][0xfffffff9][0xffffffb2]Dlc[0xffffff8b]J[0xffffff86]o[0x1c][0xffffff89][0xffffffee][0xffffff9f][0xb]8[0xffffffda][0xffffffe6]2[0xffffffb5][0xffffff84][0xffffffc5]'[0xffffff9a]>[0xfffffff7]x[0xffffff94]Ra" [0xfffffff1][0xffffffa2][0xffffffd0]#AV[0xffffff83][0xffffffb5][0xffffff8f][0xffffffa0][0xffffff84][0xfffffffb]vP[0xffffffb8][0xffffffbf]B[0xffffffce][0xffffffc5]:[0xffffffce]Y[0xffffffb2][0xffffffe0][0xffffffdc][0xffffffb1][0xffffff93][0xffffffbb][0xffffffd4][0xffffffd7]}V[0xffffffca][0xffffffbc][0xffffffb7][0xffffffa2][0xffffffde][0xffffffe7][0x13]^O[0xffffffff][0x18][0xfffffff6][0x19]d[0xffffffea][[0xffffffc5]19[0xffffffa7][0xffffffad][0xffffffe3]I[0xffffffe6][0x7f]|[0xffffff8e][w[0xffffffc2][0xffffffcc][0xffffff95][0xffffff88][0xffffffb4][0xffffffbf][0xffffff84][0xffffffd0][0xffffff9c][0xffffffa9][0xffffffbd][0x9][0xffffffd4]E[0x12]o[0xffffffa2][0xffffffa0]`[0xffffffae][0xb]D&[0xffffffbf][0xffffffa3][0xffffffc4][0x11]7[0x1e][0xfffffff0][0xe]&Af)[0xffffffc8]j@[0xffffffda]z*[0x10][0xffffffec]#[0xffffffac][0xffffffbd]Y`\[\n]"
15:11:24.713 [main] DEBUG com.github.dockerjava.zerodep.shaded.org.apache.hc.client5.http.wire -- http-outgoing-3 << "[0xffffffc7]9[0xffffff8f]J[0xffffffb3][0xb].[0xffffff99]~*[0xffffffca][0x16][0xffffffe5][0xffffffb1][0xffffffca]I[0xffffffed]c[0xc][0xffffff9b]i&[0xb][0xffffff83][0xffffff84][0xffffffd2][0xfffffff2][0xffffff84][0xfffffff9][0xffffffaa]:[0xffffff9f][0xffffffa9][0x1][0xffffffa8]:[0x7f]-[0xffffffd8][0x4]I[0x1c]p[0xffffffbc]0[0xffffffea][0xffffffd8][0x1c][0xffffff85][0xffffffbd]TC[0x7f][\n]"
15:11:24.713 [main] DEBUG com.github.dockerjava.zerodep.shaded.org.apache.hc.client5.http.wire -- http-outgoing-3 << "[0xffffffc9][0xffffffe8]Z[0xffffffb9][0xffffff89][0xffffffda]2[0xb]X)[0xc][0xffffff8f]9_[0xffffffbf]\[0xffffffb0]-[0xffffffe3][0xfffffff5][0xffffffef]6Eq[\n]"
15:11:24.713 [main] DEBUG com.github.dockerjava.zerodep.shaded.org.apache.hc.client5.http.wire -- http-outgoing-3 << "[0xffffff85][0xffffff9c][0xffffff96]w[0xffffff98]Y[0xffffffaa][0xffffffcd][0x1f][0x17]:[0xffffffb2]y[0xffffffd7][0xffffff8a][0xffffffc6][0xffffffd0]n[0x18][0xffffffd5][0xffffffd7][0xffffffcd]H[0x3][0xffffffa9][\n]"
15:11:24.713 [main] DEBUG com.github.dockerjava.zerodep.shaded.org.apache.hc.client5.http.wire -- http-outgoing-3 << "[0xffffffc1].[0xffffffe1][0xffffffec]Bf[0xffffff9f][0x12][0x1c]%}[0x18]F[0xffffff96][0xfffffff4][0xb][0xffffffc3][0xffffffaf]V[0xffffffd1][0xffffffd0][0xffffff86][0xffffff85][0xffffff9c]){{a[0xffffffd8]p4[0xffffffd8][0xffffff8c]cr,[0xffffffb9]4[0xffffff9f][0xffffff87][0xb]|[0xffffff8d][0xffffffbe]Q[0xffffffcc][0xffffffd4]nhF)n[0xffffff9f]Rh[0xfffffff0]n[0xffffffd7][0xffffffd6]a[0xffffffc5][0x1]TuJ[0xffffffd1][0xffffffda][0xffffff83][0xffffffa8]V1[0xffffffee][0xffffffd3][0x15][0x9]Z[0xffffff8a]i[0xffffff93]([0xffffffda][0xffffffbb]aR=[0xffffffc7]C[0xffffffdd][0xffffffa5]s#9[0xffffffbd][0x1e]l[0xffffffac][0x9][0xffffffeb]UN-[0xffffffe7][0xffffffc2]%B)[0xfffffff9][0xffffff9e]2[0xffffff8a][0xffffffbc]RoP[0xffffffc3]QV[0xffffffbc]4X[0xfffffff8]*]]v^T[0xffffffaa]c:S[0xffffffdd]W[0xffffff98]VRu[0xffffffdf][0xfffffffe][0xffffffc1]rR[0xffffffb4][0x1b]]d[\n]"
15:11:24.713 [main] DEBUG com.github.dockerjava.zerodep.shaded.org.apache.hc.client5.http.wire -- http-outgoing-3 << "[0x18][0xffffffdf]u[0xffffffe0][0xffffffec][0x1b]9[0xffffffff]U[0xffffff8d]i[0xfffffff9][0xffffff97][0xffffffbe][0xffffffec][0xffffffec]2,|[0xffffffcb]v)[0xffffffae]2[0xffffffe6][0xffffffb9]tu[0xffffffbf][0x11]WX[0xffffffdd]*[0x18]`[0x17][0xffffffce]n[0x1c][0x12]:[0xffffff8d][0xffffffa7][0x1d][0xfffffff1]![0xffffffd3]U[0xffffffc3][0xffffffcf][0xffffffda][0xffffff82][0xfffffffa][0xffffff85][0xffffffc1][0xffffffe3][0xffffff87]E[0xffffff9a]n][0xffffff88][0xffffffa2]X[0xffffff84]][0x7][0xffffffc1][0xffffffb2][0xffffffdd]k[0xffffffff][0x0][0xffffffea]La[0xffffff86]([0xffffffee]D[0xffffff9f][0xffffffa5][0xffffffea][0xfffffff7][0x17][0xffffff87][0xffffffc8]vE<Y[0x1d][0x12][0xffffff84][0xffffffc7][0xffffff9b][0xffffffaf]A%o[0xffffffb5][0xffffffc7][0xffffffdc][0xffffffe9][0xffffff98][0x1b]1[0xfffffff1][0xffffffcb];iG[0x1d]%[0xffffffe1]o[0xffffffef][0xffffffad][0x1d][0xffffffeb][0xffffff9e]Rq5/[0xffffffa5][0xffffffaf][0xffffffcc][0xffffffa7]}[0xffffff9f][0xfffffff3][0xfffffff2]@[0xffffff88]3[0x1][0xffffff89]axt[0xffffffef][0xfffffffa][0xffffff9b][0x5][0xffffffd6][0xffffffd6][0xffffffa4]W[0x1f];[0x6][0x8]n[\n]"
15:11:24.713 [main] DEBUG com.github.dockerjava.zerodep.shaded.org.apache.hc.client5.http.wire -- http-outgoing-3 << "[0xffffffa6][0xffffffee][0x4][0x12]9;[0xffffffa6]7%[0xffffffed]jv8[0xc]1[0xffffffd0][0xffffff89][0xffffffeb][0xffffff86]x[0xffffffba][0xffffffcd]jI[0xffffffbf]=\[0x12][0xffffffbd][0xffffffb2]BP[0xffffffb9]f[0xffffff96][0x1c][0x6][0x7f][0xffffffd8][0xffffffc8]p[0x1b][0xffffffff][0xffffffc0][0xffffffab]'&b[0xffffff99][0xffffffef][0x5][0xffffffee][0xffffffd8][0xffffffa7]n[0xffffffed]k7[0xffffffcb][0xffffffa0]i[0x4][0xffffffed][0xffffffb5][[0xffffff8c][0xffffffad][0xffffff8b]E7[0xffffffcd]N[0xffffff94]_CrW%[0xffffffec]C[0x7f][0xffffffaf][0xb][0xffffff9f][0x7][0xffffffc1][0xffffffcf][0xffffffdd]_[0xfffffff7][0xffffffbc][0xffffff9b][0xffffff99][0xffffff9a]gQ[0xffffffb9][0xffffffa9][0xffffffc1][0xffffff87]_9[0xffffffb2][0xffffffd7][0xffffffd7]_[0xffffffc2]7[0xffffffdb]![0x14]c[0xfffffff9]1[0xffffff9a][0xffffffcc]VWf[0xc]1jer)1[0xffffffa8][0xfffffff5][0x8][0xffffffa2]h[0xfffffff8][0xffffffda]O[0x14][0xffffffea]0H[0xffffff9c]"[0xffffff9b]8[0x16][0x1e]_q[0xffffffb3][0xffffff8a][0xffffffa8]$[0xffffff99]a[0xffffff8e][0xffffff9b][0xffffffd4]([0xffffff9d][0xffffffff]7g[0xffffff87][0x1c][0xf]/#;[0xffffffb8][0xffffffaf][0xffffffa7][0xffffffe1][0xffffff8c][0xffffff8c]\[0xffffff82][0xffffffac]"[0xffffffc9]H[0xffffffd3])[0xffffffb7][0xffffffe7][0xffffffda][0xffffff8a][0xffffffcd][0xfffffff8][0x7]J'[0xffffffbc]<([0xffffffb7]F[0xffffffcc][0xffffffd2]i[0xffffff88][0xffffff8b]'+[0xffffffdb][0xffffffee]xp![0xffffffa6][0x10][0xffffffda]y[\r][0xfffffff5]ry:[0xffffffe1][0xffffff95]tm.[0xffffffdc][0x1e][0xfffffff2][0xfffffff6][0xffffff9d][0xffffffa5][0xffffffe9]q[0xffffffd6][0xffffffdb]f8Dk[0xffffff97]B[0x1][0xffffffd6];Ce[0xffffff9d]w[0x6]fn[0xffffffc5]J[0x8][0xffffffb2][0x8][0xffffff9f][0xffffffc2]m[0xffffff88][J[0xffffffd9]Kx[0xffffffcf]i[0xfffffffc]A[0xffffffac][0xffffffe1][0x7f][0xffffffec][0xfffffffb][0xfffffff8]?N[0x2][0xffffffd6][0xffffffc7][0xffffff8a][0xffffffd2][0xffffffcf][0xffffffa2][0xffffffea]$[0xffffffa7]i[0xffffff94][0xfffffff7];[0xffffff99]m[0xffffff92][0xffffffe1]0[0xffffff81][0xffffff8b][\n]"
15:11:24.713 [main] DEBUG com.github.dockerjava.zerodep.shaded.org.apache.hc.client5.http.wire -- http-outgoing-3 << "7[0xffffff88][0xffffff93][0xffffffd3][0x4]E[0xffffffe9][0xffffff81][0xffffff8f][0xffffffa7][0xffffffdf][0xffffffcd][0xffffffce][0xffffffaa][0x6][0xffffffe8][0xffffffd8][0xffffffed][0xffffffed]B[0xfffffff3][0xfffffff5]L+[0x1f][0xffffff9f]p[0xffffff94][0xffffffe9][0xffffff84][0xffffffc1][0xffffffc0]I[0xfffffff5]Y[0xffffffce][0xffffffa9]'E[0xffffffe4][0x1][0x6]uU[0xffffffe9][0xffffffcf][0xffffffad][0xffffffd6]`[0xffffff92]%b2-[0xffffffcf][0xffffff80]U[0xffffffaa]z_[0xffffffca]s[0xffffffea]El$|<z .uv[0xffffff9a][0xffffff86][0xfffffffa][0x7][0xffffffa0][0xffffffe6]h[0xffffffff][0x5]{[0xffffffe5][0xffffff93]:[0xffffff93][0xffffff9f]&C[0xffffffaf][0xffffffc7][0xffffff8c][0xffffffd5][0x16][0xffffffd7][0xffffff94][0xffffff89]/[0xffffffea]~8([0xffffffb5][0xffffffa1]-[0x10]5[0xffffffd6][0x1d][0xffffffe5]S[0xffffffe8]z[0xffffffa8][0xffffffad][0xffffffbb][0x4]_][0xffffffe3]Ss}[0xffffffbe]N[0xffffffe1]sR[0xffffff9e]`3R[0xffffffdb][0xffffffec]D[0xffffffd6]v[0xffffffb7]x,[0xffffffc9][0xffffff92][0xc][0xffffff83][0xffffffb0][0xffffffdb][0xffffffe4]=[0x13][0xffffff95]bp/[0xffffff9b]N[0xffffffb2]@[0x1f][0xffffff99]Z[0xffffffc8][0xe][0xffffffc8][0xffffff95][0xffffffd5]*[0xffffffbb][0xfffffff2][0x6]b<k#[0xffffff8d][0xffffff91][0xffffffa3]=[0xffffffd6][0xffffffbf][0xfffffff1].<[0xffffffaf][0x5][0xfffffffe].[0xffffffe1]t[0x0][0xfffffff9][0x8]8[0xffffff95]o[0xffffffe5]y[0xffffffc2][0xffffffa0][0xffffff97][0xffffffbf]PE[0xffffff87]e[0xffffffc3]aZ[0xffffffce][0xfffffff2][0xffffffb0]VM[0x1e][0xffffffce][0xffffff91][0xffffff96][0xffffffdf]f[0xffffffa5]i8K` a[0xfffffff2]o[0xffffff82]n[0xffffff89]kVdMJ[0xffffff8e][0x14][0x17][0xffffffb8][0xffffffa2][0xffffffc4][0xffffffc6][0xffffffe0][0xffffffaa][0x1][0xffffffba][0xffffffb4]![0xffffffe4][0x5]1[0xffffff84][0xfffffff2][0xffffffca][0xffffff89]d1[0xffffff8a]"~'>[0xffffffb1]d[0xffffff9f]V{[0xffffffdd][0xffffffe6]04-[0xffffffef][0xffffff89][0xffffffd8][0xffffffd6]QA[0xffffffac]=[0xffffff90][0xffffffa6]zA9[0xffffff81][0xffffffec][0x7][0xffffffd9][0xffffffeb][0xffffffae][0xfffffffa]\[0xffffffc8]jf[0xffffffd1][0xffffffb9]*[0xffffffbc][0xffffffd3][0xfffffffe][0xffffff89]H[0xfffffff8]v[0xffffffee][0x9][0x1a][0xffffff95][0xffffffac][0xffffffe1][0x1b]%-[0xffffffcc][0xffffff8f]m[0xffffffca][0xffffff8f]wg[0xffffffde]K[0x6][0xffffffbb][0x7f]P[0xffffff81][0xffffff95][0xfffffff6][0x10]x[0xffffff99][0xffffffd3][0xffffffa5][0xffffff9c][0x19][0xffffffab][0x15]I[0xffffffa5]w[0xffffffd2]2o[0xffffffbc][0xfffffff1][0xfffffff8][0xffffffa2]D[0xffffffd9][0xffffffab][0xffffffc0][0xffffffe0][0xffffffb3][0xffffffef]x[0xffffffa8]W|To[0xffffff92]/[0xffffffdc]s;[0xfffffffe][0xffffffb4][0xffffffcc][0xfffffffc][0xffffff80][0xffffffe4]V[0xffffffd6][0xffffffef][0xffffffe3]D[0xfffffff3][0xffffffa2][0x1d]N[0xffffffbf]o[0xffffffd0][0xffffff9d]1[0xffffff99][0x12][0xffffff86]y[0xffffffe6][0xffffffae][0xffffff89][0xffffffb8] [0xffffffa1]$[0xffffffb5][0x15]3[0xffffffae]F37H5x[0xffffffbc][0xffffffdb]>[0xffffff8c]P[0xffffffd5][0xfffffffb]K[0xffffffcd]H7V"
15:11:24.714 [main] DEBUG com.github.dockerjava.zerodep.shaded.org.apache.hc.client5.http.wire -- http-outgoing-3 << "[0xffffffb1]j[0xffffffd8][0xffffffa8]p[0x1c][0xffffffbe][0xffffffaf][0xffffff9f]([0x13][0xffffffe9][0xffffffbb]gbsV[0xffffffd3]+[0xffffffa3][0xffffffe4][0xffffffd5]ht[0xffffffe8][0xffffffb6][0xffffffbb][0xffffffe9][0xffffffcb]@_[0xffffffcd][0xffffff82][0xffffffd5][0xffffffa2]k1\[0xffffffc6][0x15][0xffffffdb]![0xffffffe2][0xffffffba]}a[0xfffffff6][0xffffffba][0xffffff93][0x14][0xffffffea][0xffffff82]m[0x5][0xffffffcf][0xffffff92][0xffffffdf]$[0xfffffff4]V[0xffffff8e][0xffffff83][0xffffff9a][0x6][0xffffffbb]"v[0xffffffbd][0xffffff84][0xffffffcf][0xffffffb9]2[0xffffffb9][0xffffffe3][0xffffffb9][0xffffffd2][0x1f][0xffffffd7][0xfffffff6][0xffffffeb]x[0xffffffed][0x19][0xfffffff4][0xffffff90][0xffffffeb][0x12][0xf][0xffffff85].-[0xffffffdb][0xffffffde][0x8][0xffffffac]sX[0xffffffc8][0xffffffdd][0xffffffd4][0x8][0xffffffe7][0xffffffcd]y[0xffffffd2][0xffffffe7][0x11][0xffffff82][[0xffffffe1][0xffffff89][0xffffffb5][0xffffffd6][0xffffffcf][0xffffffa7][\r]3U[n[0xffffff89][0xffffffba][0xffffffa4]9[0xffffff97][0xffffff9d][0x15][0xffffff8e]9v?[0xffffffe9]=[0xffffffe2][0xffffffc9][0xffffffb8]y[0xffffffe6][0xffffff80][0xfffffff4][0xffffffea][0xffffffc9][0xfffffff3]V[0xffffffa0][0xfffffff5][0xffffffa3]i[0xfffffff7][0x14]hE[0xffffffc6][0xffffffc0][\n]"
15:11:24.714 [main] DEBUG com.github.dockerjava.zerodep.shaded.org.apache.hc.client5.http.wire -- http-outgoing-3 << ">[0xffffffb7][0xffffffbb]T[0xffffffce]ks[0xffffffc2][0xffffffd7][0xffffff9e]5[0xfffffff5][0xffffffeb][0xffffffcf][0x15][0xffffff95]sg[0xffffffa6][0xffffff9d]2[0xb][0xffffff83]@[0xffffffbf][0xffffffef][0xfffffff2]rt6[0xffffffca][0xffffffb0]{[0xffffffd5]<D^3[0xffffff9c]O16zM[0xfffffffe][0xffffffe4][0xfffffffa][0xffffffd5]n[0xffffffd5]][0xffffff91][0xffffffd1]f[0xffffffa3][0x10][0x1d][0xffffffae]|p+K/[0x1c][0x0][0xffffffd2][0xffffff96][0xffffffee][0xffffffc6]H[0xffffffb8]P[0xffffffd0]G[0xffffffb2][0xffffffc6]+[0x11][0xffffffd0]z[0xffffffba][0x1e][0x1d][0xffffffb5][0xffffff9e]^[0xfffffff5][0x18][0xffffffc8]R[0xffffffd9][0xfffffffa][0xffffff9c][0xfffffffa][0xffffffd9][0xfffffff7][0xfffffff4]![0xffffffb1][0xfffffffb][0xffffffb1]^3^[0xffffffc2][0xfffffffe]2[0xfffffff9][0xf][0xffffffee][0xffffffe0]Q[0xffffffa9][0x1d]s[0xffffff9e][0xffffffa7]G[0xffffffbd][0xffffff97][0x2]o[0xffffffec][0xffffffae][0xffffffe7][0xffffff87][0xffffffe6][0x1b]6[0xffffff9b][0xffffffb7][0xffffffa5]]L[0x11][0xffffff96]I[0xffffff8a][0x1c][0xffffffe5][0xffffff81]Fj[0xffffffb0]m[0xffffffca]|[0xfffffff4][0xffffff8f]~[0xffffff94][0x16][0xffffffc7][0xffffffcd][0xffffffc8]G[0xffffffa6][0x5][0xffffff89][0xffffffe9][0xffffffa2][0xffffff92][0xffffffbf]Y[0xffffffa6][0xb][0xffffffaa]0[0xb][0xffffffcc][0xffffffb0][0xffffffd6]`[0xffffffce][0xffffff9d]fV[0xffffff98][0xffffffad]g[0xffffffba]B[0xffffff9f][0xffffffd7][0xffffffd7][\r]!.[0x2]>x[0xffffffda][0xffffffd1]P^[0xffffff83][\n]"
15:11:24.714 [main] DEBUG com.github.dockerjava.zerodep.shaded.org.apache.hc.client5.http.wire -- http-outgoing-3 << "[0xfffffff2][0xffffff8c]7h4[0xffffffb1][0xffffffb4][0x15][0x18][0xffffffb4]q={[0xffffff91]&O[0xffffffb8][0xffffffc9]C[0xffffffa9]n[0xffffffdb][0xffffffb7]][0xffffffcb]v[0xfffffff2][0xffffffd9][0xffffffef]w[0xf]I[0x17][0xffffffce][0xffffffd3][0xffffffd1][0x5][0x6][0xffffff8b][0x2]J[0xffffffe5]3T[0xffffff88][0xffffff8e][0xffffffa5]3[0xfffffff0][0xffffff87][0xffffff8a]-K[0xfffffffc]4[0xffffffbb][0xffffffe3]{>4[0xffffff86]Y[0xffffffb0][0x1d][0xffffff9a][0xffffffb7][0xffffffd1][0xffffff86][0xffffffb2][0xffffffcd][0xffffff93][0xffffffda][0xffffffa4]&[0xffffffe2]![0xffffffc2][0xffffffe5]i8}6[0xffffffad][0xffffffa7][0xffffffe0]S[0xffffffc4][0x1f][0xffffffe6][0xffffff92]j$[0xffffffe3][0xffffffa2]T\[0xffffff9e][0xfffffff8]K%Z[0xffffffc2][0xffffff9e][0xffffffef]D[0xffffffeb][0xffffffd5]E[0xffffffc3]iT[0xffffffaa][0xffffff9f][0x15][0xc][0xffffffb2]f[0x9]Z[0xffffffb6][0xffffffbc][\n]"
15:11:24.714 [main] DEBUG com.github.dockerjava.zerodep.shaded.org.apache.hc.client5.http.wire -- http-outgoing-3 << "[0x1c][0x1d][0xffffff8e][0x17]M)[0xffffffa5][0xf]I72Z[0x11][0xffffffa0]_[0xffffffec][0xffffffd6][0xfffffff0][0xffffffbf][0xffffff9d]u[0xffffff87][0x6][0xffffffc2]9[0xffffffaa]7K[0xffffffcc][0xffffffc6]?0[0xffffff94][0xffffffa0]'}[0xc][0x7f]L[0xffffffa1][0xffffffc0]kJ[0xffffffdb][0xfffffff8][0xffffff8e]~[0xffffff80]^9[0xffffff9d][0xffffff87]F[0xffffffe3][0x1d][0xffffffdd]F[0xffffff92]([0xffffffa5][0xffffffdd][0xffffffc1][0xffffff84]H[0xffffffe8][0xfffffff0][0x9][0x9]I[0xffffff96]E3[\n]"
15:11:24.714 [main] DEBUG com.github.dockerjava.zerodep.shaded.org.apache.hc.client5.http.wire -- http-outgoing-3 << "A[0xe][0xffffff97]{[0x19][0xffffffd5][0x13]*l[0xffffffd5]>[0xfffffff5]t[0x1f][0x9]v[0xffffff95][0xffffff92]sB[0xffffffa6][0xffffffea][0xffffffe0]qD[0xffffffec][0xffffffdb][0xffffffd4][0x1e]r[0xffffffc6][0xffffff82][0xffffff99][0xffffffc9][0xffffff88][0xfffffff2][0xffffffcf][0x1e]f[0xffffff8c][0xffffffb7][0xffffffab]KU'[0x12]+[0xffffffd8][0xffffffdf][0xffffff98]r[0xffffff98][0x1d][0xffffffa8][0xffffffc2][0xfffffff6][0xffffff84][0xffffffec][0xffffffc3][0xfffffff9]&[0x19][0xffffffe8][0xffffffa6][0xffffffd4][0xffffffbd][0xffffffc3][0xffffff95][0xffffffd2]m[0xffffffc3][0xffffffb2][0xffffffe9]k[0x11][0xffffffd5][0x1e]q"[0xffffff81][0xffffffd5][0xffffff82][0xffffffc3]mY];[0xffffffa5][0xffffffb8][0xffffffbe]$;[0xffffffd6][0xffffffe9][0xfffffff8][0xffffffa6][0xffffffe3][0xffffff9a][0xfffffffd][0x19]Oqq<+[0xffffffaf][0xffffffe2][0xffffffbd][0x1f][0xffffffbd][0x1a][0xffffff9e]I[0xffffffbc]o[0xffffffab][0xffffffe3]&[0xfffffff7]i||[0xffffffda][0xffffffde][0x8][0xffffffae]'[0xffffffb9][0xffffffac][0xffffffb2][0xffffff93]!*:[0xffffffb0][0xffffffca][0xffffffae][0xffffffe7][0xffffff9d]/[0xffffffcf][0xffffffbc][0x12][0xffffffaa][0xffffffd1][0x16][0xfffffff3][0xffffffa9][[0xffffffb0]?H[0xffffffe2][0xffffff86]<{xm[0x13][0xffffffce]p[0xffffffc8][0xffffffd9][0x3][0xffffffa1] y[0xffffffa5][0xffffff8c][0xffffff98][0xffffffeb][0xffffff9a]l\H[0xffffffab][0xffffffd5];[0xffffffcc][0xffffffa7][0xffffff93],[0xfffffff9][0xffffffaf][0x1c][0x19][0xffffffd0]O[0x4][0x13][0x1f]Q[0xffffffdc]b'k[0xffffffab][0xffffffc8][0xffffffb6]([0xffffffa2]8[0x10][0xffffffa8]su[0x11][0xffffffe0][0xfffffff5]R[0xffffffad][0x10]b[0xffffffad][0xffffffd1]Qr[0x13][0xffffff92]N[0xffffffa8]j1[0xffffffdc][0xffffffed][0xffffffd0][0xffffffac]]2[0xffffffdb]0[0xffffffbd][0xffffff93][0xfffffff4]f><[0xfffffff0]9([0xffffffaa][0xffffffd7][0xfffffffa]s[0xfffffff0][0xffffffee][0x16]'[0xffffff8c][0x11][0xffffffa9][0xfffffff8][0xffffffcc]X=[0xffffff88]~[0x1d]7[0xffffffc3][0xffffffe0][0xfffffffd][0x3][[0x7]E[0x17]<[0xffffffca][0xffffffcb][0xb]j[0x1a]]E[0xffffffce][0xffffffe7][0xffffffdf]M[0xffffffe8][0xffffff9e][\r][0xffffffb1][0xffffffce].w[0xffffffa1][0xffffffa1][0xc][0xffffff9f]d[0xffffffcb][0xffffffdb][0xffffffb6] oIl[0xffffffd2][0xffffffeb][0xffffffc9][0xffffff86]%R[0xffffff91]V#Aw[0xffffffe7][0x14][0xffffff8c][0xffffff85]y[0xffffff9f]T[0xfffffffb][0xffffffba]j[0xe][[0xffffffad][0xffffffed][0xfffffff0][0x15][0xffffffa4][0x1a][0xffffff85][0xffffffb3]$\[0xffffffb9]W3[0xffffff84]7[0xffffffe5][0xffffffd6][0xffffffca][0xffffffe8][0xffffff9a][0xfffffffb][0x1a][0x17][0xffffff82][0x1c][0x13][0x4]R[\n]"
15:11:24.715 [main] DEBUG com.github.dockerjava.zerodep.shaded.org.apache.hc.client5.http.wire -- http-outgoing-3 << "[0xffffffa6][0xfffffff6]7[0xffffff9e]-)[0xffffff9f][0xfffffff6][0xffffffc8][0xffffffb2][0xffffff8b]3fo[0x1a][0xffffffb1]Z[0xffffff85][0xffffffb5],u[0xfffffff3][0xffffffe0][0x14][0xffffff93][0xffffff8b][0xffffff89][[0x1d]Qn[0xffffffec]S[\r]w[0x17][0x15]v i[0xffffffd8]IxU[0xffffffae]C[0xffffffa5]S[0xffffffc7][0xffffffbd][0xffffffda][0xffffff81][0xffffff94][0xffffffe5]>%i7[0xffffffe7]8[0x1e][0x3]>[0xffffffc6][0xffffffaa]0=G[0xffffff81][0xffffff93][0xffffff86][0xffffff82]B[0xffffffa4]<O[0xffffffe7]b[0xffffffa1][0xffffff86]sO[0x3]N8[0xffffffb1]![0xffffffeb][0xffffffca][0xffffffc4]9[0xffffffab][0xffffffae]/[0xffffffcd][0xffffffc3][0xffffff95][0xffffff8d][0x1e][0xffffffbd]8[0xffffffd7]v3[0xffffff95]D[0xfffffffb]D=[0x5]][0x8]9wM[0xffffff8a]x"R[0xffffffd4][0xffffff8c][0xffffffb1]![0xffffffd3][0xffffffbc]@[0xffffffe3]A[0x8]U4[0xffffffcb]~[0xffffffdf]2N^i[0xffffff9c][0x1a]I[0xfffffff8];|[0xffffff89][0x1c][0xffffffd1][0xffffff86][0xffffffe2]0[0xffffff81]K[0x6][0xffffffe5]*[0xffffffd3][0xffffffb8]8d[0xfffffff2][0x1b][0xffffffce][0xffffffc2]c^[0xffffffed]/z[0xffffffdd][0xffffff83][0xffffffae][0xffffffca][0xffffffa6][0x14][0xffffff94][0xffffffb4][0xffffffab][[0xffffff9c][0xffffffe1]![0xffffff9c][0x1a]K[0xffffffb3][0xffffffe2]|[0xc][0xffffffb5][0xffffffd5][0xffffffed][0xffffffa0][0xffffffea]4[0xffffffcf]S[0xffffffbd][0xffffff89][0x18][0xffffff9a][0xfffffff6][0xffffffb6][0xffffffcc][0xffffffd8][0xffffffc8][0xffffffea]%[0xfffffff3]s7.[0xffffffae]m[0xffffffe8][0x9][0xffffffb8]K[0x7f]L[0xffffffab][0xffffff89][0xffffffbf][0xfffffff4]D[0xfffffffe]![0xffffffb8][0xfffffffd][0xfffffff4]e[0xffffffb9][0xffffffc0][0xffffffa3]c]=[\r]B[0xffffffb8][0xffffffda][0xffffffd2]a[0xffffffee][0xffffffb4][0xffffff89][0x13][0xfffffff8][0x12]V^[0xffffffbe][0xffffffcc]j[0xffffffdd][0xffffff92][0xffffffb1][0xffffff8c]*/G3ou[0xffffffdf][0xffffff80]Y[0xffffffa7][0xffffffa6][0xffffffc6][0xffffffd4][0xffffffff][0xffffffc6]o@[0xfffffffe][0xffffffb4][0xffffff9a][0xffffffd0][0x2]f_*[0xffffffb2][0xffffff98]][0xffffffb3][0xffffffa4][0xffffffdf]s[0xffffffab]nn[0xffffffe6]H[0xffffff9b][0xffffffec]Xi{1[0xfffffffc][0xffffffde][0xffffffc9][0xffffffa0]j[0xffffffd3][0xffffffcd]i[0xffffff9b]DM[0xffffff98][0xffffffa8][0xffffffe1]-";[0xffffffde][0xffffff97][0xffffffd2][0xffffff90]ki[0xb][0x1a][0xffffffa7]zZ[0x3][0xffffffa3][0xffffff80][0xfffffff2][0xffffffd0]%[0xffffffc6]![0xffffffae][0xffffffb9]:[0xffffff9c][0xffffff97][0xffffffdb]s[0xffffffd2][0xffffffdd][0xffffff94][0x6][0xffffff9e]=[0x1b][0xffffffbf][0x1]I[0x19][0xffffffaf]q[0xf][0xffffffd5]I[0x11][0xfffffff7][0xffffffdb][0xffffff95][0xffffffe2][0x19][0xffffffa8])[0x1a]A[0x3]k[0xffffffbd]g%[0xffffff83][0xffffff8d]"[0xffffffc2][0x6][0xffffffd9][0xffffff9e][0x19][0xffffffe7][0xffffffc2][0xffffff9b][0xffffffb3][0xffffffed][0x1c][0xffffffc2][0xffffffb3]&[0xffffff88][0xffffffda][0xffffffa5][0xffffff91][0x19][0xffffffcf][0xc].[0xffffffcb]*[0xfffffff0]}~-^[0x16]9[[0x0][0x7]X.[0xffffffb5]7[0x1][0xffffffc0][0xffffff99][0xffffffa7]D[0x0]`[0xb]P[0xffffffb5][0xffffffa3][0xffffffec][0xffffffd7][0xb][0xffffff98]A[0xffffffe3]9[0xffffffac][0xffffffaf]x[0x1e]e[0xfffffffa][0xfffffffc]w[0x7]<F[0xfffffff1][0xffffffd0][0x1e]gc[0xffffffe0]9|[0x0]i[0xffffffb1][0xfffffff0][0xffffffe7]G[0x1e][0xffffffef]f[0xffffffa7][0x16][0x1c][0xffffffc3][0xffffffc5][0xffffff93]9[0xffffffc8][0xffffffdd][0xfffffff4][0x5].[0xffffff80][0xfffffff5][0xffffffdd]34[0xffffffd6][0xffffffbd][0xffffffa0][0xffffffce]\[0xffffffaa][0xffffffd4]4[0x1a]k[0xffffffa1]z[0x1f][0x15][0xffffffb3]q[0xffffffdf][0xffffffd5][0xffffffe9]4[0xffffffff][0xffffffe7][\r][[0xffffffab][0xffffffe0][0xffffff9e]sR[0xffffffae][0xfffffffa][0xffffff96][0x0][0x0]< [0x2][0x0]1[0xffffff80]j[0x5][0xfffffff5][0xffffff8d][0xfffffff7][0xb][0xffffffd0]$i[0x17]_[0xffffffcf][0x7f][0xffffffee][0xffffffc0],[0xffffffc5])[0x10]>[0xffffffde][0xffffffd4][0xffffff8d]/[0xffffffff]&[0x10][0x4][0x0]@[0xffffff96][0x8][0x0]D[0x1]jr[0xffffffd4][0xffffffb7][0xffffffd1][0xffffffcf][0xffffffe3]$[0xffffffdd][0xffffffbc]+[0xfffffffd][0xffffff9d][0xffffff81][0xffffffce]p[0x13]J<B[0xfffffffe]gWc[0xfffffff2]?~[0xffffff90][0xc][0x11][0x0][0x8][0x3][0xffffffd4]|[0xffffffa8]/[0xffffff9d][0xffffff9f][0xffffffc3]I2[0xffffffb5][0xfffffffa][0xffffffde]8x[0x15][0xfffffff7][0xffffffc5][0xffffffbf][0xffffff8e]y[0x3][0x0][0x0]i[0xffffffa2]?[0xffffffa6]B[0xffffffad][0xffffff86][0xffffffca]T[0xc][0x1a]oq-[0xb]j[0x11][0xffffffa7]Dh[0xffffff87][0xfffffffc][0xffffffff][0xffffff92][0xfffffffd]:[0xffffffdc]=hK[0xffffffe9][0x7f]`[0xffffffb5][0x1c][0xffffffbf][0xffffff9a][0xb][0x0][0xffffff80][0xffffffca][0xffffff9f][0xffffffa0][0xffffffa8][0x1d]Q6[0xffffff9d][0xfffffff8][0x3][0xffffff94][0xffffff9f][0xffffffec]I[0xffffffde]3[0xffffffc8][0xffffffef][0xfffffff8][0xffffffca]189[0xfffffffc]?[0xffffffc2][0xffffffc3]1[0xfffffff5][0x5][0xffffff94]0@[0xfffffffd][0xc][0x15][0xffffffd4]9[0xffffff9c][0xffffffa4][0xfffffff4][0xffffffef][0xffffff82][0xffffffc2]+{[0xffffffc9][0xfffffff8]_[0x13][0x14][0x6][0xffffffa8]KQ[0xffffffdf]$?[0xffffff87][0xffffff93][0xffffff94][0xfffffff9]]L[0xffffffa8]g[0xffffffb0][0xffffffd7][0xffffff97]Q[0xffffffa4][0x0][0xffffffea]A[0xffffff94]-[0x10][0x0]ah|[0xffffffde][0xffffff97]-[0x10][0xfffffffe][0x7]&[0xffffffd4][0xfffffff3][0xffffffb1]7[0x0][0x0][0xffffff8a][0x7f]e[0xffffffe0]3j[0xffffff98][0xffffffce][0xffffffff][0xffffffb5]1[0xfffffff7]w[0x19][0xffffffa1][0xffffff9c][0xffffffd6][\r]_3@C[0xffffff87][0xffffff86]h[0xfffffff1][0xffffffbb][0xffffff88][0xffffffbe][0xffffff99][0xffffff9c][0xfffffff7]WD4bhIZ[0xffffffc6][0x4][0x11][0xffffff8d][0x1]j[0xffffff92][0xffffff84][0xffffffbf][0xffffffee][0xffffffa6][0xffffff8d]!"[0x1a][0xfffffff7]o[0x11][0xfffffffd][0xffffffb9]w[0xffffffc9][0xf]#j[0xfffffffc][0x1b]Q[0xffffffd2][0xffffffb7][0xffffff88][0xffffff92][0xffffffcf]b[0xffffff84][0xffffffa8][0xfffffffe][D[0xffffffc9]|?[0xffffff8e][0xffffffc8][0xfffffffb]oD[0xffffff93][0xffffffdf]"[0xfffffffa][0xffffffba][0xffffff91][0xffffffc6][0xffffffcf] [0xfffffff2][0xfffffffa][0xffffff8a][0x8][0xffffff84][0xffffff8b]Zi[0xffffffe7][0xffffffff][0xfffffffa]#[0x1c][0xc]R[0x4]bGC[0xffffffe4][0xffffff80][0x9]"[0xffffff90][0xffffffcc][0xffffffb7][0xffffff85][0xffffff96][0xffffffec][0xfffffff4][0xfffffff3])J[0x3]@0[0xffffffd4]BK[0xffffff80]&[0xffffffb8][0xfffffffc]4"&[0xffffffd3][0xffffff8a][0x1e][0xffffffe0][0xffffffae][0xc][0xffffffbf][0xffffffdc]ZP[0xffffffef][0xffffff8a][0xffffffff][0xffffff9e]z[0xffffffd0]e[0xffffffad]P[0xffffffe9]][0xffffffa7][0xffffff86]Wb9[0xffffff81]4[0xffffffac][0xffffffe1][0x15][0xffffff9b]G[0xffffffad][0xffffffbf][0xffffffc7][0x16][0xffffff8e]@[0x11][0xfffffffc]fU[0xfffffff1]m[0xffffffed][0xffffffad]:,[0xffffffbe]k[0xffffffcf][0x1e][0xffffffa5][0xffffff97][0xffffff8b]D[0xffffffe0][0xffffffe1]O@v[0xffffffb8][0x1b][0x7]G[0xffffffe4][0xffffffc3][0x5][0xffffffb3]n&[0xffffffe9][0xffffffe8][0xffffffd8][0xb][0xffffffe3]z:B[0xffffffaa][0xffffff9d]v\[0xfffffffd][0xffffffc8][0xffffff86][0xffffffc4][0xffffffa8]N[0xc][0xffffff92][0xfffffff2][0xffffff90][0xffffff9c][0x17]:[0xffffffe0][0xffffffa4]Q[0xffffffa8][0xfffffffb][0xffffffe3]'[0x17][0x12][0x1][0xffffffc0]%[0x0][0xffffffe4][0xffffff8f][0xffffff9a]T[0x1]hr[0xfffffff4][0xffffff8f]_[0x6]Z[0xffffffb9]>[0xffffffe8][0xffffffde])[0x0][0x0][0xffffffae][0xfffffffe]y[0xffffffef][0x4]e[0xffffffa1]^[0xffffff89][0xb]8[0xffffffc9]e?z%[0xffffffc0]UmO[[0xffffffa0]_[0xffffffef][0xffffff9d][0xffffffa0]7hy[0xffffffad][0xffffffc0]$[0xffffffaf][0xffffffa0]e[0xffffffb4][0xffffffbc][0xffffffd6][0xfffffffc]R^iI[0xffffffd1]J[0xfffffffa]=fy[0xffffffa5]=[0xffffff87][0xffffff96][0xffffffd7]=L[0xfffffff2]J[0xffffffab][0xffffff8a][0xffffff86][0x8][0xffffff81][0xffffffc9]][0xffffff8f][0xffffffd6][0x1e][\r][0xffffffd1][0xffffffe4][0xffffffaf]!z[0xfffffffa]mI'A0[0xffffffbb][0xffffffeb][0xffffffd1][0xffffff96][0xffffffa0]5[0xffffff86][0xffffffcb]?[0xffffff8e][0xffffffc8][0xffffffeb]oD[0xfffffffd]h[0xffffffbd]S[0x12][0xffffff93][0x14][0xffffffd1][0xffffffee][0xffffffa0][0xfffffff5]N[0xffffff8e]_j[0xc]t[0xffffffb4]h[0xffffffbd]S[0x1a][0xffffffb3][0x14][0xffffffd1][0xffffff89][0xffffffa0]![0xfffffffa][0xffffffbe][0xffffff87][0xfffffffd]C[0xffffff8a][0xffffffe8][0xfffffff4][0x7f][0xffffffca][0xffffffc2][0xfffffffe]!Etnh[0xffffffbd][0xffffffd3][0xffffffe2][0xffffffd7][0x10]=GC[0xffffffe4][0xffffff87]Y[0xffffff8a][0xffffffe8][0xffffffea]~[0xffffffca][0xffffffc0][0xfffffffe]!Et[0x13]h[0xffffff88]020z[0x0][\r][0xffffffd1][0xffffffaf][0x19][0x18]=[0x1b]Z[0xffffffa1]ah`[0xfffffff4]W[0xffffffb0]a`[0xfffffff4][0xffffffb7][0xffffffd1][\n]"
15:11:24.715 [main] DEBUG com.github.dockerjava.zerodep.shaded.org.apache.hc.client5.http.wire -- http-outgoing-3 << "[\r]#[0x3][0xffffffa3][0xfffffff7]C+[0xffffffb4]_30[0xfffffffa]L[0xffffffec][0x18][0x18]}+6[0xc][0xffffff8c]~[0x9][0x1b][0x6][0xffffffc6]@[0xffffff82]U[0x3]c[0xffffffe0]EC[0xffffff84][0xffffffa1][0xffffff81]1[0xffffffa8]`[0xffffffc3][0xffffffc0][0x18][0xffffffec][0xffffffd0][0x10]a``[0xf][0x0][0xffffff86]pTD[0xfffffff6][0x18][0x19][0xffffff98]R[0xffffffbb][0xf][0xffffff8e][0xffffff87]h@[0xffffffc6][0xffffff8e][0xffffffbe][0xffffff8f]Ba[0xffffffd4][0xfffffffa]=[0xffffff9e]P[0xffffffc9][0xffffff81][0xfffffff3]\[0x16]l[0xffffff84]>D[0x7][0xffffffac]r[0xffffffb7][0xffffffca][0xffffffd5][0xfffffff8]g*t[0xfffffff1][0xb][0xffffffae][0xffffffd6]B[0x6][0xfffffffc][0xffffff94]/Q[0xffffff86]([0xe][0x5][0xfffffffb][0xffffffe1]e[0xffffffef][0xffffffe6][0x10]-[0xfffffffd][0xfffffff1];|[0xffffff88][0x0][0xffffffe0]2[0xffffffc0]P[0xffffff8c]Z[0xffffffa1][0xffffff82]?[0xffffffa9]U[0xffffffe5]#[0xffffff83]N[0xffffffd9][0x0][0x0][0xffffffc8][0x13][0x1][0xffffff80]8[0xffffffc0][0xfffffff0][0x16][0xffffff95]/[0xffffffff]OyU[0xffffff85][0xffffffea][0xffffffb5]""[0x0][0x0][0xffffffe4][0xfffffffe]b[0xffffffbc][0xffffff85]f[0xffffffb9][0x18][0xffffff89][0x15]#[0xffffffe8][0xffffffdb]J[0xfffffffd]E[0xffffffb1]b[0x14][0xffffffc6][0xffffff8e]X1[0xffffffea]bC[0xffffffac][0x18]][0xffffffb1]!V[0xffffff8c][0x9]X[0x15]+[0xffffffc6][0x1a][0xffffffb4][0xffffff96][0xffffff88][0xffffffa1]X1[0xffffff8e]cC[0xffffffac][0x18][0xffffff91]h-[0x11]#[0xffffffb1]bbAk[0xffffff89][0xffffffbf]&VL[0xffffffd2]h-[0x11]C[0xffffffb1]b2[0xffffffc5][0xffffff86]X1[0xfffffff9][0xffffffa0][0xffffffb5]D[0xffffff8c][0xffffffc4][0xffffff8a])[0x3][0xffffffad]%[0xfffffffe][0xffffff9a]X1[0xffffffb5]`G[0xffffffac][0xffffff98][0x16][0xffffffb0]!V`bl[0xffffff88][0x15][0xfffffff8][0xc]V[0xffffffc5][\n]"
15:11:24.715 [main] DEBUG com.github.dockerjava.zerodep.shaded.org.apache.hc.client5.http.wire -- http-outgoing-3 << "[0xffffffac][0xffffff84][0xffffff9d][0xffffffa5]-[0xffffffb0]-6[0xffffffc4][\n]"
15:11:24.715 [main] DEBUG com.github.dockerjava.zerodep.shaded.org.apache.hc.client5.http.wire -- http-outgoing-3 << "[0x1c][0xffffff86][0xffffff8d][0xffffffa5]-p[0x11]V[0xffffff97][0xffffffb6][0xffffffc0]}h[0xffffffeb]6[0x18][0xffffff8a][0x15][0xfffffff8][0x13]6[0xffffffc4][\n]"
15:11:24.715 [main] DEBUG com.github.dockerjava.zerodep.shaded.org.apache.hc.client5.http.wire -- http-outgoing-3 << "B[0xffffff8d][0xffffffd6][0xffffffd1]0[0x10][0xffffffab]P[0x0]"[0xffffff84]Zh[0xffffffbe][0xffffff98][0xffffff88][0x15][0xffffffd3]%[0xffffffa3]<"[0xffffffa9]c/[0xffffffea]u[0x13][0xffffff9d][0xffffff93][\r][0xffffffba][0xffffff83][0x1][0xfffffff5][0x1a]BF[0xffffffda][0x15][0xffffff8e][0xfffffff0][0xffffffd3][0xfffffff8]j[0xffffffb5][0xffffffa2]+[0xffffffc4]~[0x1c]B-E[0xffffff96][0x2]p[0xffffffa1][0xffffff81][0xffffffde]D<[0xffffffdd][0xffffff8a][0xffffffcb]R{f[0xffffffd2][0xfffffff2][0xffffff95][0xffffffaa]#{-'[0xffffffee][0xffffff80][0xffffffd9]o[0xffffffcb][0xffffff9e][0xffffffa7]I[0xffffff8a][0x4]H[0x18][0x14][0xfffffff8][0xffffffc2][0xffffffb2]][0xffffffcc];{nl[0x0][0x0][0x10]G[0x4][0x0][0x12][0x0]D[0x7]5[0xffffff93][0x17][0x7f]J[0xffffffd3]h[0x15])[0xffffff9a](;[0x12][0xfffffffe][0x8][0xffffffc3][0xffffffb5][0xffffffbf]x[0xffffffb9][0xfffffffc][0xffffffba][0xffffffab][0xffffff89][0x3][0xffffff90]x[0xffffffd4]`[0xfffffff2][0xffffffff][0xffffff84][0xffffffab][0xffffff81][0xffffff8b][0xffffff8a][0xffffffaf][0xffffffd4][0x3],_[0xffffff8c]D[\n]"
15:11:24.715 [main] DEBUG com.github.dockerjava.zerodep.shaded.org.apache.hc.client5.http.wire -- http-outgoing-3 << "[0xffffff80][0xffffffbc]Bk[0xffffff94]?[0xffffffef]k[0xffffffa8][0xffffff8d][0x12]2[0xffffff8a][0xffffffe6][0x12]?[0xffffffa1]][0xffffffa8][0xffffffe1][0xffffff84][0x1c][0xffffffa1]a[0xfffffffa]a[0xffffffe5]B[\r]'336[0xffffffd6][0xffffffb1][0xffffff98][0xffffffa5][0xffffffb0][0xffffffba][0xffffff8e][0xffffffc5]|[0xb][0xffffffad]~1[0xffffffd4]-[0xffffffe6][0xffffffc7][0xffffffd8][0xffffffd0]-[0xffffffe6]4[0xffffffb4][0xfffffffa][0xffffffc5]H[0xffffffb7][0xffffff98]_[0xffffffa3][0x19][0xffffffe9][0xffffffaf][0xffffffe9][0x16][0xfffffff3]<vt[0xffffff8b][0xffffff85][0x10][0x1b][0xffffffba][0xffffffc5][0xffffffc2][0xffffff83][\r][0xffffffdd]bQ[0xffffffc4][0xffffffaa]n[0xffffffb1]Xcg[0x1d][0xffffff8b]%[0x14][0x1b][0xffffffba][0xffffffc5]R[0xffffff88][0xffffff8d]u,[0xffffff96][0x1e][0xffffffac][0xffffffae]c[0xffffffb1]l[0xffffffa2][0x19])[0xffffff86][0xffffffba][0xffffffc5]J[0xffffff85][\r][0xffffffdd]b[0x15][0x4][0xffffffb0][0xfffffff0]$[0xffffff91]U[0x1b][0xffffffc0][0xffffffe6][0xffffff93]D[0xffffffd6][0xfffffffb][0xffffffd8][0xffffffd1]-[0xffffffd6]Xl[0xffffffe8][0x16]k[0xfffffff5][0xffffffaf][0xffffffeb][0xffffff96]$[0xffffffc0]:[0xffffff82][0xffffff9a]"[0xffffffa1][0xffffffbf]u[0xffffffcb][0x1c]y[0xffffff94]t[0xffffffe2][0xffffff87][0xffffff86][0xffffffc3][0xfffffff9][0xffffffe3]?X[\n]"
15:11:24.715 [main] DEBUG com.github.dockerjava.zerodep.shaded.org.apache.hc.client5.http.wire -- http-outgoing-3 << "[0x7f][0x11]:[0xffffffc0][0xffffffce]2[0x16][0x1b][0x4][0x1b][0xffffffb6][0xffffffc5]&[0xfffffff9][0xffffffeb][0xffffffcb]X[0xfffffff7][0x1][0xffffffb6][0x1b][0xffffffa8][0xffffff84]l[0xffffffff][0xffffffb6]-[0x13][0xffffffe4]QH[0xffffffd1][0x7f][0x7f][0x19][0xffffffe7][0x11][0xffffffcd][0xffffff86];[0x1c][0xffffffb0]Q|[0xffffffa3]XK2[0x4]R#[0xffffff8f][0xffffffef][0xffffff9a][0xffffffdf][0xfffffff4][0xffffff8c][0x3][0xffffff81]2[0x12]W{p[0xffffff82][0xffffffc4][0xffffffe6][0xffffffae]_[0xffffffb4][0xffffffad][0xffffffcf][0xffffffc2]A[0xffffffff][0xffffffe2][0xffffffdb]O[0x1b]/[0xffffffe5][0xffffffe4]v[0xffffffd9]F[0x12][0xffffffc7][0xffffff98][0xffffffe9]Z[0xf][0xffffffee][0x7][0xffffffe3]q[0xffffff95][0xffffffbf]T[0x7][0x0][0xffffffe0][0xffffffd1][0xffffff9f][0xffffffd7][0xffffff89][0xffffffed][0x11]jy[\n]"
15:11:24.715 [main] DEBUG com.github.dockerjava.zerodep.shaded.org.apache.hc.client5.http.wire -- http-outgoing-3 << "}G[0xffffffab]T[0x13][0xffffffae][0x11]L[0xffffffcb][0x7f][0xfffffffb])[0xffffffa1][0xffffffe5][0xffffff93]y?[0xb][0xffffffa9]/[0xffffffd7]I[0x2]`KE[0xffffffe5]{[0xfffffff1][0x1f][0xffffffbd][\n]"
15:11:24.715 [main] DEBUG com.github.dockerjava.zerodep.shaded.org.apache.hc.client5.http.wire -- http-outgoing-3 << "vx[0xffffffc3][0xfffffff5]e4[0xffffffda][0xffffffa7][0xffffffb8][0x19][0xffffff9d]q[0xffffffbc][0xffffff8e][0xffffffac]_%[0xffffff8d][0xffffffad][0x19][0xfffffff8][0xffffffe5][0xffffff87][0xffffff91][0xffffff92][0x0][0xffffffdb][0xffffffdc][0x7f]F[0xfffffff1][0xfffffffd]s[0xffffff82][0x9][0xfffffff7][0xffffffbf]`VE[0x1e]~[0xfffffffc][0xffffffb1][0xffffffd1][0xffffffa8][0xffffffec][0xffffffbf]LP[0x1c]`'[0xfffffff8]F[0xfffffff9][0xffffffa0][0xffffffc9]Q?[0x1e]DP[0xfffffff1][0xffffffda][0xffffff95][0xffffffc5][0xffffffaf][0xffffff8b]P[0xffffffec]\h[0xffffffb3]+[0xffffffff][0xfffffff9][0x10][0xffffffe1][0x7f][0x19][0xffffff85][0x16][0xfffffff7]/[0xffffffe0]'[0xffffff80][0x7f][0xffffff8f][0x7f][0xffffff8f][0x7f][0xffffff8f][0x7f][0xffffff8f][0x7f][0xffffff8f][0xffffffff][0x3][0xffffffc7][0xffffffff][0xb][0x0][0x0][0xffffffff][0xffffffff]m[0x15][0xffffffe4][0xfffffff9][0x0]&[0x1][0x0][\r][\n]"
15:11:24.715 [main] DEBUG com.github.dockerjava.zerodep.shaded.org.apache.hc.client5.http.wire -- http-outgoing-3 << "0[\r][\n]"
15:11:24.715 [main] DEBUG com.github.dockerjava.zerodep.shaded.org.apache.hc.client5.http.wire -- http-outgoing-3 << "[\r][\n]"
15:11:24.716 [main] DEBUG com.github.dockerjava.zerodep.shaded.org.apache.hc.client5.http.impl.classic.InternalHttpClient -- ep-0000001F: releasing valid endpoint
15:11:24.716 [main] DEBUG com.github.dockerjava.zerodep.shaded.org.apache.hc.client5.http.impl.io.PoolingHttpClientConnectionManager -- ep-0000001F: releasing endpoint
15:11:24.716 [main] DEBUG com.github.dockerjava.zerodep.shaded.org.apache.hc.client5.http.impl.io.PoolingHttpClientConnectionManager -- ep-0000001F: connection http-outgoing-3 can be kept alive for 3 MINUTES
15:11:24.716 [main] DEBUG com.github.dockerjava.zerodep.shaded.org.apache.hc.client5.http.impl.io.PoolingHttpClientConnectionManager -- ep-0000001F: connection released [route: {}->npipe://localhost:2375][total available: 1; route allocated: 1 of 2147483647; total allocated: 1 of 2147483647]
15:11:24.798 [main] DEBUG org.testcontainers.shaded.com.github.dockerjava.core.command.AbstrDockerCmd -- Cmd: 71c6e7cca6ee26d9d9ad062dd642ede98f51ea685b9aed962ec0466bf66c2405,false
15:11:24.798 [main] DEBUG org.testcontainers.shaded.com.github.dockerjava.core.exec.InspectContainerCmdExec -- GET: DefaultWebTarget{path=[/containers/71c6e7cca6ee26d9d9ad062dd642ede98f51ea685b9aed962ec0466bf66c2405/json], queryParams={}}
15:11:24.800 [main] DEBUG com.github.dockerjava.zerodep.shaded.org.apache.hc.client5.http.impl.classic.InternalHttpClient -- ex-00000021: preparing request execution
15:11:24.800 [main] DEBUG com.github.dockerjava.zerodep.shaded.org.apache.hc.client5.http.protocol.RequestAddCookies -- Cookie spec selected: strict
15:11:24.800 [main] DEBUG com.github.dockerjava.zerodep.shaded.org.apache.hc.client5.http.protocol.RequestAuthCache -- Auth cache not set in the context
15:11:24.800 [main] DEBUG com.github.dockerjava.zerodep.shaded.org.apache.hc.client5.http.impl.classic.ProtocolExec -- ex-00000021: target auth state: UNCHALLENGED
15:11:24.800 [main] DEBUG com.github.dockerjava.zerodep.shaded.org.apache.hc.client5.http.impl.classic.ProtocolExec -- ex-00000021: proxy auth state: UNCHALLENGED
15:11:24.800 [main] DEBUG com.github.dockerjava.zerodep.shaded.org.apache.hc.client5.http.impl.classic.ConnectExec -- ex-00000021: acquiring connection with route {}->npipe://localhost:2375
15:11:24.800 [main] DEBUG com.github.dockerjava.zerodep.shaded.org.apache.hc.client5.http.impl.classic.InternalHttpClient -- ex-00000021: acquiring endpoint (3 MINUTES)
15:11:24.800 [main] DEBUG com.github.dockerjava.zerodep.shaded.org.apache.hc.client5.http.impl.io.PoolingHttpClientConnectionManager -- ex-00000021: endpoint lease request (3 MINUTES) [route: {}->npipe://localhost:2375][total available: 1; route allocated: 1 of 2147483647; total allocated: 1 of 2147483647]
15:11:24.800 [main] DEBUG com.github.dockerjava.zerodep.shaded.org.apache.hc.client5.http.impl.io.PoolingHttpClientConnectionManager -- ex-00000021: endpoint leased [route: {}->npipe://localhost:2375][total available: 0; route allocated: 1 of 2147483647; total allocated: 1 of 2147483647]
15:11:24.800 [main] DEBUG com.github.dockerjava.zerodep.shaded.org.apache.hc.client5.http.impl.io.PoolingHttpClientConnectionManager -- ex-00000021: acquired ep-00000020
15:11:24.800 [main] DEBUG com.github.dockerjava.zerodep.shaded.org.apache.hc.client5.http.impl.classic.InternalHttpClient -- ex-00000021: acquired endpoint ep-00000020
15:11:24.800 [main] DEBUG com.github.dockerjava.zerodep.shaded.org.apache.hc.client5.http.impl.classic.MainClientExec -- ex-00000021: executing GET /v1.32/containers/71c6e7cca6ee26d9d9ad062dd642ede98f51ea685b9aed962ec0466bf66c2405/json HTTP/1.1
15:11:24.800 [main] DEBUG com.github.dockerjava.zerodep.shaded.org.apache.hc.client5.http.impl.classic.InternalHttpClient -- ep-00000020: start execution ex-00000021
15:11:24.800 [main] DEBUG com.github.dockerjava.zerodep.shaded.org.apache.hc.client5.http.impl.io.PoolingHttpClientConnectionManager -- ep-00000020: executing exchange ex-00000021 over http-outgoing-3
15:11:24.800 [main] DEBUG com.github.dockerjava.zerodep.shaded.org.apache.hc.client5.http.headers -- http-outgoing-3 >> GET /v1.32/containers/71c6e7cca6ee26d9d9ad062dd642ede98f51ea685b9aed962ec0466bf66c2405/json HTTP/1.1
15:11:24.800 [main] DEBUG com.github.dockerjava.zerodep.shaded.org.apache.hc.client5.http.headers -- http-outgoing-3 >> accept: application/json
15:11:24.800 [main] DEBUG com.github.dockerjava.zerodep.shaded.org.apache.hc.client5.http.headers -- http-outgoing-3 >> x-tc-sid: 19636001-dfb0-4a92-a4d9-9b302f9285c4
15:11:24.800 [main] DEBUG com.github.dockerjava.zerodep.shaded.org.apache.hc.client5.http.headers -- http-outgoing-3 >> User-Agent: tc-java/1.19.3
15:11:24.800 [main] DEBUG com.github.dockerjava.zerodep.shaded.org.apache.hc.client5.http.headers -- http-outgoing-3 >> Accept-Encoding: gzip, x-gzip, deflate
15:11:24.800 [main] DEBUG com.github.dockerjava.zerodep.shaded.org.apache.hc.client5.http.headers -- http-outgoing-3 >> Host: localhost:2375
15:11:24.800 [main] DEBUG com.github.dockerjava.zerodep.shaded.org.apache.hc.client5.http.headers -- http-outgoing-3 >> Connection: keep-alive
15:11:24.800 [main] DEBUG com.github.dockerjava.zerodep.shaded.org.apache.hc.client5.http.wire -- http-outgoing-3 >> "GET /v1.32/containers/71c6e7cca6ee26d9d9ad062dd642ede98f51ea685b9aed962ec0466bf66c2405/json HTTP/1.1[\r][\n]"
15:11:24.800 [main] DEBUG com.github.dockerjava.zerodep.shaded.org.apache.hc.client5.http.wire -- http-outgoing-3 >> "accept: application/json[\r][\n]"
15:11:24.800 [main] DEBUG com.github.dockerjava.zerodep.shaded.org.apache.hc.client5.http.wire -- http-outgoing-3 >> "x-tc-sid: 19636001-dfb0-4a92-a4d9-9b302f9285c4[\r][\n]"
15:11:24.800 [main] DEBUG com.github.dockerjava.zerodep.shaded.org.apache.hc.client5.http.wire -- http-outgoing-3 >> "User-Agent: tc-java/1.19.3[\r][\n]"
15:11:24.800 [main] DEBUG com.github.dockerjava.zerodep.shaded.org.apache.hc.client5.http.wire -- http-outgoing-3 >> "Accept-Encoding: gzip, x-gzip, deflate[\r][\n]"
15:11:24.800 [main] DEBUG com.github.dockerjava.zerodep.shaded.org.apache.hc.client5.http.wire -- http-outgoing-3 >> "Host: localhost:2375[\r][\n]"
15:11:24.800 [main] DEBUG com.github.dockerjava.zerodep.shaded.org.apache.hc.client5.http.wire -- http-outgoing-3 >> "Connection: keep-alive[\r][\n]"
15:11:24.800 [main] DEBUG com.github.dockerjava.zerodep.shaded.org.apache.hc.client5.http.wire -- http-outgoing-3 >> "[\r][\n]"
15:11:24.845 [main] DEBUG com.github.dockerjava.zerodep.shaded.org.apache.hc.client5.http.wire -- http-outgoing-3 << "HTTP/1.1 200 OK[\r][\n]"
15:11:24.845 [main] DEBUG com.github.dockerjava.zerodep.shaded.org.apache.hc.client5.http.wire -- http-outgoing-3 << "Api-Version: 1.47[\r][\n]"
15:11:24.845 [main] DEBUG com.github.dockerjava.zerodep.shaded.org.apache.hc.client5.http.wire -- http-outgoing-3 << "Content-Type: application/json[\r][\n]"
15:11:24.845 [main] DEBUG com.github.dockerjava.zerodep.shaded.org.apache.hc.client5.http.wire -- http-outgoing-3 << "Date: Fri, 02 May 2025 13:11:24 GMT[\r][\n]"
15:11:24.845 [main] DEBUG com.github.dockerjava.zerodep.shaded.org.apache.hc.client5.http.wire -- http-outgoing-3 << "Docker-Experimental: false[\r][\n]"
15:11:24.845 [main] DEBUG com.github.dockerjava.zerodep.shaded.org.apache.hc.client5.http.wire -- http-outgoing-3 << "Ostype: linux[\r][\n]"
15:11:24.845 [main] DEBUG com.github.dockerjava.zerodep.shaded.org.apache.hc.client5.http.wire -- http-outgoing-3 << "Server: Docker/27.5.1 (linux)[\r][\n]"
15:11:24.845 [main] DEBUG com.github.dockerjava.zerodep.shaded.org.apache.hc.client5.http.wire -- http-outgoing-3 << "Transfer-Encoding: chunked[\r][\n]"
15:11:24.845 [main] DEBUG com.github.dockerjava.zerodep.shaded.org.apache.hc.client5.http.wire -- http-outgoing-3 << "[\r][\n]"
15:11:24.846 [main] DEBUG com.github.dockerjava.zerodep.shaded.org.apache.hc.client5.http.headers -- http-outgoing-3 << HTTP/1.1 200 OK
15:11:24.846 [main] DEBUG com.github.dockerjava.zerodep.shaded.org.apache.hc.client5.http.headers -- http-outgoing-3 << Api-Version: 1.47
15:11:24.846 [main] DEBUG com.github.dockerjava.zerodep.shaded.org.apache.hc.client5.http.headers -- http-outgoing-3 << Content-Type: application/json
15:11:24.846 [main] DEBUG com.github.dockerjava.zerodep.shaded.org.apache.hc.client5.http.headers -- http-outgoing-3 << Date: Fri, 02 May 2025 13:11:24 GMT
15:11:24.846 [main] DEBUG com.github.dockerjava.zerodep.shaded.org.apache.hc.client5.http.headers -- http-outgoing-3 << Docker-Experimental: false
15:11:24.846 [main] DEBUG com.github.dockerjava.zerodep.shaded.org.apache.hc.client5.http.headers -- http-outgoing-3 << Ostype: linux
15:11:24.846 [main] DEBUG com.github.dockerjava.zerodep.shaded.org.apache.hc.client5.http.headers -- http-outgoing-3 << Server: Docker/27.5.1 (linux)
15:11:24.846 [main] DEBUG com.github.dockerjava.zerodep.shaded.org.apache.hc.client5.http.headers -- http-outgoing-3 << Transfer-Encoding: chunked
15:11:24.846 [main] DEBUG com.github.dockerjava.zerodep.shaded.org.apache.hc.client5.http.impl.classic.MainClientExec -- ex-00000021: connection can be kept alive for 3 MINUTES
15:11:24.859 [main] DEBUG com.github.dockerjava.zerodep.shaded.org.apache.hc.client5.http.wire -- http-outgoing-3 << "1273[\r][\n]"
15:11:24.859 [main] DEBUG com.github.dockerjava.zerodep.shaded.org.apache.hc.client5.http.wire -- http-outgoing-3 << "{"Id":"71c6e7cca6ee26d9d9ad062dd642ede98f51ea685b9aed962ec0466bf66c2405","Created":"2025-05-02T13:11:14.450149469Z","Path":"/bin/sh","Args":["-c","echo 'c2VjcmV0' | base64 -d \u003e /vnc_password \u0026\u0026 flvrec.py -o /screen.flv -d -r 30 -P /vnc_password tc-M7Yg14ma 5900"],"State":{"Status":"running","Running":true,"Paused":false,"Restarting":false,"OOMKilled":false,"Dead":false,"Pid":26576,"ExitCode":0,"Error":"","StartedAt":"2025-05-02T13:11:14.770139751Z","FinishedAt":"0001-01-01T00:00:00Z"},"Image":"sha256:97fba4daa01bdb900a0716e48765e32c39e26d9357522a5b6004da7799f0822e","ResolvConfPath":"/var/lib/docker/containers/71c6e7cca6ee26d9d9ad062dd642ede98f51ea685b9aed962ec0466bf66c2405/resolv.conf","HostnamePath":"/var/lib/docker/containers/71c6e7cca6ee26d9d9ad062dd642ede98f51ea685b9aed962ec0466bf66c2405/hostname","HostsPath":"/var/lib/docker/containers/71c6e7cca6ee26d9d9ad062dd642ede98f51ea685b9aed962ec0466bf66c2405/hosts","LogPath":"/var/lib/docker/containers/71c6e7cca6ee26d9d9ad062dd642ede98f51ea685b9aed962ec0466bf66c2405/71c6e7cca6ee26d9d9ad062dd642ede98f51ea685b9aed962ec0466bf66c2405-json.log","Name":"/jovial_carson","RestartCount":0,"Driver":"overlayfs","Platform":"linux","MountLabel":"","ProcessLabel":"","AppArmorProfile":"","ExecIDs":null,"HostConfig":{"Binds":[],"ContainerIDFile":"","LogConfig":{"Type":"json-file","Config":{}},"NetworkMode":"f616b05dd96dd6b6e63724e496eb83a1d4e976e96a5b268a96925535349cd985","PortBindings":{},"RestartPolicy":{"Name":"no","MaximumRetryCount":0},"AutoRemove":false,"VolumeDriver":"","VolumesFrom":[],"ConsoleSize":[0,0],"CapAdd":null,"CapDrop":null,"CgroupnsMode":"host","Dns":null,"DnsOptions":null,"DnsSearch":null,"ExtraHosts":[],"GroupAdd":null,"IpcMode":"shareable","Cgroup":"","Links":null,"OomScoreAdj":0,"PidMode":"","Privileged":false,"PublishAllPorts":false,"ReadonlyRootfs":false,"SecurityOpt":null,"UTSMode":"","UsernsMode":"","ShmSize":67108864,"Runtime":"runc","Isolation":"","CpuShares":0,"Memory":0,"NanoCpus":0,"CgroupParent":"","BlkioWeight":0,"BlkioWeightDevice":null,"BlkioDeviceReadBps":null,"BlkioDeviceWriteBps":null,"BlkioDeviceReadIOps":null,"BlkioDeviceWriteIOps":null,"CpuPeriod":0,"CpuQuota":0,"CpuRealtimePeriod":0,"CpuRealtimeRuntime":0,"CpusetCpus":"","CpusetMems":"","Devices":null,"DeviceCgroupRules":null,"DeviceRequests":null,"MemoryReservation":0,"MemorySwap":0,"MemorySwappiness":null,"OomKillDisable":false,"PidsLimit":null,"Ulimits":null,"CpuCount":0,"CpuPercent":0,"IOMaximumIOps":0,"IOMaximumBandwidth":0,"MaskedPaths":["/proc/asound","/proc/acpi","/proc/kcore","/proc/keys","/proc/latency_stats","/proc/timer_list","/proc/timer_stats","/proc/sched_debug","/proc/scsi","/sys/firmware","/sys/devices/virtual/powercap"],"ReadonlyPaths":["/proc/bus","/proc/fs","/proc/irq","/proc/sys","/proc/sysrq-trigger"]},"GraphDriver":{"Data":null,"Name":"overlayfs"},"Mounts":[],"Config":{"Hostname":"71c6e7cca6ee","Domainname":"","User":"","AttachStdin":false,"AttachStdout":false,"AttachStderr":false,"Tty":false,"OpenStdin":false,"StdinOnce":false,"Env":["PATH=/usr/local/sbin:/usr/local/bin:/usr/sbin:/usr/bin:/sbin:/bin"],"Cmd":["-c","echo 'c2VjcmV0' | base64 -d \u003e /vnc_password \u0026\u0026 flvrec.py -o /screen.flv -d -r 30 -P /vnc_password tc-M7Yg14ma 5900"],"Image":"testcontainers/vnc-recorder:1.3.0","Volumes":null,"WorkingDir":"","Entrypoint":["/bin/sh"],"OnBuild":null,"Labels":{"Description":"This image can be used to create a sidekick container for recording videos of VNC sessions hosted in other containers","maintainer":"Richard North \u003crich.north@gmail.com\u003e","org.testcontainers":"true","org.testcontainers.lang":"java","org.testcontainers.sessionId":"19636001-dfb0-4a92-a4d9-9b302f9285c4","org.testcontainers.version":"1.19.3"}},"NetworkSettings":{"Bridge":"","SandboxID":"8a874b998878f512f7a97a37013166755a830adc8bed8a8dfbf9298adfd71015","SandboxKey":"/var/run/docker/netns/8a874b998878","Ports":{},"HairpinMode":false,"LinkLocalIPv6Address":"","LinkLocalIPv6PrefixLen":0,"SecondaryIPAddresses":null,"SecondaryIPv6Addresses":null,"EndpointID":"","Gateway":"","Gl"
15:11:24.860 [main] DEBUG com.github.dockerjava.zerodep.shaded.org.apache.hc.client5.http.wire -- http-outgoing-3 << "obalIPv6Address":"","GlobalIPv6PrefixLen":0,"IPAddress":"","IPPrefixLen":0,"IPv6Gateway":"","MacAddress":"","Networks":{"b469af70-f952-4995-a4ae-aaf8319c1e20":{"IPAMConfig":null,"Links":null,"Aliases":["tc-BfY5P7p9","71c6e7cca6ee"],"MacAddress":"02:42:ac:13:00:03","DriverOpts":null,"NetworkID":"f616b05dd96dd6b6e63724e496eb83a1d4e976e96a5b268a96925535349cd985","EndpointID":"ba29dcf75a4673e24306a69ce08099c88e710ae35f66e7af911a5391fdfdb227","Gateway":"172.19.0.1","IPAddress":"172.19.0.3","IPPrefixLen":16,"IPv6Gateway":"","GlobalIPv6Address":"","GlobalIPv6PrefixLen":0,"DNSNames":["jovial_carson","tc-BfY5P7p9","71c6e7cca6ee"]}}}}[\n]"
15:11:24.863 [main] DEBUG com.github.dockerjava.zerodep.shaded.org.apache.hc.client5.http.wire -- http-outgoing-3 << "[\r][\n]"
15:11:24.864 [main] DEBUG com.github.dockerjava.zerodep.shaded.org.apache.hc.client5.http.wire -- http-outgoing-3 << "0[\r][\n]"
15:11:24.864 [main] DEBUG com.github.dockerjava.zerodep.shaded.org.apache.hc.client5.http.wire -- http-outgoing-3 << "[\r][\n]"
15:11:24.864 [main] DEBUG com.github.dockerjava.zerodep.shaded.org.apache.hc.client5.http.impl.classic.InternalHttpClient -- ep-00000020: releasing valid endpoint
15:11:24.864 [main] DEBUG com.github.dockerjava.zerodep.shaded.org.apache.hc.client5.http.impl.io.PoolingHttpClientConnectionManager -- ep-00000020: releasing endpoint
15:11:24.864 [main] DEBUG com.github.dockerjava.zerodep.shaded.org.apache.hc.client5.http.impl.io.PoolingHttpClientConnectionManager -- ep-00000020: connection http-outgoing-3 can be kept alive for 3 MINUTES
15:11:24.865 [main] DEBUG com.github.dockerjava.zerodep.shaded.org.apache.hc.client5.http.impl.io.PoolingHttpClientConnectionManager -- ep-00000020: connection released [route: {}->npipe://localhost:2375][total available: 1; route allocated: 1 of 2147483647; total allocated: 1 of 2147483647]
15:11:24.871 [main] DEBUG org.testcontainers.shaded.com.github.dockerjava.core.command.AbstrDockerCmd -- Cmd: 71c6e7cca6ee26d9d9ad062dd642ede98f51ea685b9aed962ec0466bf66c2405,<null>
15:11:24.874 [main] DEBUG com.github.dockerjava.zerodep.shaded.org.apache.hc.client5.http.impl.classic.InternalHttpClient -- ex-00000022: preparing request execution
15:11:24.875 [main] DEBUG com.github.dockerjava.zerodep.shaded.org.apache.hc.client5.http.protocol.RequestAddCookies -- Cookie spec selected: strict
15:11:24.875 [main] DEBUG com.github.dockerjava.zerodep.shaded.org.apache.hc.client5.http.protocol.RequestAuthCache -- Auth cache not set in the context
15:11:24.875 [main] DEBUG com.github.dockerjava.zerodep.shaded.org.apache.hc.client5.http.impl.classic.ProtocolExec -- ex-00000022: target auth state: UNCHALLENGED
15:11:24.875 [main] DEBUG com.github.dockerjava.zerodep.shaded.org.apache.hc.client5.http.impl.classic.ProtocolExec -- ex-00000022: proxy auth state: UNCHALLENGED
15:11:24.875 [main] DEBUG com.github.dockerjava.zerodep.shaded.org.apache.hc.client5.http.impl.classic.ConnectExec -- ex-00000022: acquiring connection with route {}->npipe://localhost:2375
15:11:24.875 [main] DEBUG com.github.dockerjava.zerodep.shaded.org.apache.hc.client5.http.impl.classic.InternalHttpClient -- ex-00000022: acquiring endpoint (3 MINUTES)
15:11:24.875 [main] DEBUG com.github.dockerjava.zerodep.shaded.org.apache.hc.client5.http.impl.io.PoolingHttpClientConnectionManager -- ex-00000022: endpoint lease request (3 MINUTES) [route: {}->npipe://localhost:2375][total available: 1; route allocated: 1 of 2147483647; total allocated: 1 of 2147483647]
15:11:24.875 [main] DEBUG com.github.dockerjava.zerodep.shaded.org.apache.hc.client5.http.impl.io.PoolingHttpClientConnectionManager -- ex-00000022: endpoint leased [route: {}->npipe://localhost:2375][total available: 0; route allocated: 1 of 2147483647; total allocated: 1 of 2147483647]
15:11:24.875 [main] DEBUG com.github.dockerjava.zerodep.shaded.org.apache.hc.client5.http.impl.io.PoolingHttpClientConnectionManager -- ex-00000022: acquired ep-00000021
15:11:24.875 [main] DEBUG com.github.dockerjava.zerodep.shaded.org.apache.hc.client5.http.impl.classic.InternalHttpClient -- ex-00000022: acquired endpoint ep-00000021
15:11:24.875 [main] DEBUG com.github.dockerjava.zerodep.shaded.org.apache.hc.client5.http.impl.classic.MainClientExec -- ex-00000022: executing POST /v1.32/containers/71c6e7cca6ee26d9d9ad062dd642ede98f51ea685b9aed962ec0466bf66c2405/kill HTTP/1.1
15:11:24.875 [main] DEBUG com.github.dockerjava.zerodep.shaded.org.apache.hc.client5.http.impl.classic.InternalHttpClient -- ep-00000021: start execution ex-00000022
15:11:24.875 [main] DEBUG com.github.dockerjava.zerodep.shaded.org.apache.hc.client5.http.impl.io.PoolingHttpClientConnectionManager -- ep-00000021: executing exchange ex-00000022 over http-outgoing-3
15:11:24.875 [main] DEBUG com.github.dockerjava.zerodep.shaded.org.apache.hc.client5.http.headers -- http-outgoing-3 >> POST /v1.32/containers/71c6e7cca6ee26d9d9ad062dd642ede98f51ea685b9aed962ec0466bf66c2405/kill HTTP/1.1
15:11:24.875 [main] DEBUG com.github.dockerjava.zerodep.shaded.org.apache.hc.client5.http.headers -- http-outgoing-3 >> accept: application/json
15:11:24.875 [main] DEBUG com.github.dockerjava.zerodep.shaded.org.apache.hc.client5.http.headers -- http-outgoing-3 >> content-type: application/json
15:11:24.875 [main] DEBUG com.github.dockerjava.zerodep.shaded.org.apache.hc.client5.http.headers -- http-outgoing-3 >> x-tc-sid: 19636001-dfb0-4a92-a4d9-9b302f9285c4
15:11:24.875 [main] DEBUG com.github.dockerjava.zerodep.shaded.org.apache.hc.client5.http.headers -- http-outgoing-3 >> User-Agent: tc-java/1.19.3
15:11:24.875 [main] DEBUG com.github.dockerjava.zerodep.shaded.org.apache.hc.client5.http.headers -- http-outgoing-3 >> Accept-Encoding: gzip, x-gzip, deflate
15:11:24.875 [main] DEBUG com.github.dockerjava.zerodep.shaded.org.apache.hc.client5.http.headers -- http-outgoing-3 >> Host: localhost:2375
15:11:24.875 [main] DEBUG com.github.dockerjava.zerodep.shaded.org.apache.hc.client5.http.headers -- http-outgoing-3 >> Connection: keep-alive
15:11:24.875 [main] DEBUG com.github.dockerjava.zerodep.shaded.org.apache.hc.client5.http.wire -- http-outgoing-3 >> "POST /v1.32/containers/71c6e7cca6ee26d9d9ad062dd642ede98f51ea685b9aed962ec0466bf66c2405/kill HTTP/1.1[\r][\n]"
15:11:24.875 [main] DEBUG com.github.dockerjava.zerodep.shaded.org.apache.hc.client5.http.wire -- http-outgoing-3 >> "accept: application/json[\r][\n]"
15:11:24.875 [main] DEBUG com.github.dockerjava.zerodep.shaded.org.apache.hc.client5.http.wire -- http-outgoing-3 >> "content-type: application/json[\r][\n]"
15:11:24.875 [main] DEBUG com.github.dockerjava.zerodep.shaded.org.apache.hc.client5.http.wire -- http-outgoing-3 >> "x-tc-sid: 19636001-dfb0-4a92-a4d9-9b302f9285c4[\r][\n]"
15:11:24.875 [main] DEBUG com.github.dockerjava.zerodep.shaded.org.apache.hc.client5.http.wire -- http-outgoing-3 >> "User-Agent: tc-java/1.19.3[\r][\n]"
15:11:24.875 [main] DEBUG com.github.dockerjava.zerodep.shaded.org.apache.hc.client5.http.wire -- http-outgoing-3 >> "Accept-Encoding: gzip, x-gzip, deflate[\r][\n]"
15:11:24.875 [main] DEBUG com.github.dockerjava.zerodep.shaded.org.apache.hc.client5.http.wire -- http-outgoing-3 >> "Host: localhost:2375[\r][\n]"
15:11:24.875 [main] DEBUG com.github.dockerjava.zerodep.shaded.org.apache.hc.client5.http.wire -- http-outgoing-3 >> "Connection: keep-alive[\r][\n]"
15:11:24.875 [main] DEBUG com.github.dockerjava.zerodep.shaded.org.apache.hc.client5.http.wire -- http-outgoing-3 >> "[\r][\n]"
15:11:25.275 [main] DEBUG com.github.dockerjava.zerodep.shaded.org.apache.hc.client5.http.wire -- http-outgoing-3 << "HTTP/1.1 204 No Content[\r][\n]"
15:11:25.275 [main] DEBUG com.github.dockerjava.zerodep.shaded.org.apache.hc.client5.http.wire -- http-outgoing-3 << "Api-Version: 1.47[\r][\n]"
15:11:25.275 [main] DEBUG com.github.dockerjava.zerodep.shaded.org.apache.hc.client5.http.wire -- http-outgoing-3 << "Date: Fri, 02 May 2025 13:11:25 GMT[\r][\n]"
15:11:25.275 [main] DEBUG com.github.dockerjava.zerodep.shaded.org.apache.hc.client5.http.wire -- http-outgoing-3 << "Docker-Experimental: false[\r][\n]"
15:11:25.275 [main] DEBUG com.github.dockerjava.zerodep.shaded.org.apache.hc.client5.http.wire -- http-outgoing-3 << "Ostype: linux[\r][\n]"
15:11:25.275 [main] DEBUG com.github.dockerjava.zerodep.shaded.org.apache.hc.client5.http.wire -- http-outgoing-3 << "Server: Docker/27.5.1 (linux)[\r][\n]"
15:11:25.275 [main] DEBUG com.github.dockerjava.zerodep.shaded.org.apache.hc.client5.http.wire -- http-outgoing-3 << "[\r][\n]"
15:11:25.275 [main] DEBUG com.github.dockerjava.zerodep.shaded.org.apache.hc.client5.http.headers -- http-outgoing-3 << HTTP/1.1 204 No Content
15:11:25.275 [main] DEBUG com.github.dockerjava.zerodep.shaded.org.apache.hc.client5.http.headers -- http-outgoing-3 << Api-Version: 1.47
15:11:25.275 [main] DEBUG com.github.dockerjava.zerodep.shaded.org.apache.hc.client5.http.headers -- http-outgoing-3 << Date: Fri, 02 May 2025 13:11:25 GMT
15:11:25.275 [main] DEBUG com.github.dockerjava.zerodep.shaded.org.apache.hc.client5.http.headers -- http-outgoing-3 << Docker-Experimental: false
15:11:25.275 [main] DEBUG com.github.dockerjava.zerodep.shaded.org.apache.hc.client5.http.headers -- http-outgoing-3 << Ostype: linux
15:11:25.275 [main] DEBUG com.github.dockerjava.zerodep.shaded.org.apache.hc.client5.http.headers -- http-outgoing-3 << Server: Docker/27.5.1 (linux)
15:11:25.275 [main] DEBUG com.github.dockerjava.zerodep.shaded.org.apache.hc.client5.http.impl.classic.MainClientExec -- ex-00000022: connection can be kept alive for 3 MINUTES
15:11:25.275 [main] DEBUG com.github.dockerjava.zerodep.shaded.org.apache.hc.client5.http.impl.classic.InternalHttpClient -- ep-00000021: releasing valid endpoint
15:11:25.275 [main] DEBUG com.github.dockerjava.zerodep.shaded.org.apache.hc.client5.http.impl.io.PoolingHttpClientConnectionManager -- ep-00000021: releasing endpoint
15:11:25.275 [main] DEBUG com.github.dockerjava.zerodep.shaded.org.apache.hc.client5.http.impl.io.PoolingHttpClientConnectionManager -- ep-00000021: connection http-outgoing-3 can be kept alive for 3 MINUTES
15:11:25.275 [main] DEBUG com.github.dockerjava.zerodep.shaded.org.apache.hc.client5.http.impl.io.PoolingHttpClientConnectionManager -- ep-00000021: connection released [route: {}->npipe://localhost:2375][total available: 1; route allocated: 1 of 2147483647; total allocated: 1 of 2147483647]
15:11:25.275 [main] DEBUG org.testcontainers.shaded.com.github.dockerjava.core.command.AbstrDockerCmd -- Cmd: 71c6e7cca6ee26d9d9ad062dd642ede98f51ea685b9aed962ec0466bf66c2405,false
15:11:25.276 [main] DEBUG org.testcontainers.shaded.com.github.dockerjava.core.exec.InspectContainerCmdExec -- GET: DefaultWebTarget{path=[/containers/71c6e7cca6ee26d9d9ad062dd642ede98f51ea685b9aed962ec0466bf66c2405/json], queryParams={}}
15:11:25.276 [main] DEBUG com.github.dockerjava.zerodep.shaded.org.apache.hc.client5.http.impl.classic.InternalHttpClient -- ex-00000023: preparing request execution
15:11:25.277 [main] DEBUG com.github.dockerjava.zerodep.shaded.org.apache.hc.client5.http.protocol.RequestAddCookies -- Cookie spec selected: strict
15:11:25.277 [main] DEBUG com.github.dockerjava.zerodep.shaded.org.apache.hc.client5.http.protocol.RequestAuthCache -- Auth cache not set in the context
15:11:25.277 [main] DEBUG com.github.dockerjava.zerodep.shaded.org.apache.hc.client5.http.impl.classic.ProtocolExec -- ex-00000023: target auth state: UNCHALLENGED
15:11:25.277 [main] DEBUG com.github.dockerjava.zerodep.shaded.org.apache.hc.client5.http.impl.classic.ProtocolExec -- ex-00000023: proxy auth state: UNCHALLENGED
15:11:25.277 [main] DEBUG com.github.dockerjava.zerodep.shaded.org.apache.hc.client5.http.impl.classic.ConnectExec -- ex-00000023: acquiring connection with route {}->npipe://localhost:2375
15:11:25.277 [main] DEBUG com.github.dockerjava.zerodep.shaded.org.apache.hc.client5.http.impl.classic.InternalHttpClient -- ex-00000023: acquiring endpoint (3 MINUTES)
15:11:25.277 [main] DEBUG com.github.dockerjava.zerodep.shaded.org.apache.hc.client5.http.impl.io.PoolingHttpClientConnectionManager -- ex-00000023: endpoint lease request (3 MINUTES) [route: {}->npipe://localhost:2375][total available: 1; route allocated: 1 of 2147483647; total allocated: 1 of 2147483647]
15:11:25.277 [main] DEBUG com.github.dockerjava.zerodep.shaded.org.apache.hc.client5.http.impl.io.PoolingHttpClientConnectionManager -- ex-00000023: endpoint leased [route: {}->npipe://localhost:2375][total available: 0; route allocated: 1 of 2147483647; total allocated: 1 of 2147483647]
15:11:25.277 [main] DEBUG com.github.dockerjava.zerodep.shaded.org.apache.hc.client5.http.impl.io.PoolingHttpClientConnectionManager -- ex-00000023: acquired ep-00000022
15:11:25.277 [main] DEBUG com.github.dockerjava.zerodep.shaded.org.apache.hc.client5.http.impl.classic.InternalHttpClient -- ex-00000023: acquired endpoint ep-00000022
15:11:25.277 [main] DEBUG com.github.dockerjava.zerodep.shaded.org.apache.hc.client5.http.impl.classic.MainClientExec -- ex-00000023: executing GET /v1.32/containers/71c6e7cca6ee26d9d9ad062dd642ede98f51ea685b9aed962ec0466bf66c2405/json HTTP/1.1
15:11:25.277 [main] DEBUG com.github.dockerjava.zerodep.shaded.org.apache.hc.client5.http.impl.classic.InternalHttpClient -- ep-00000022: start execution ex-00000023
15:11:25.277 [main] DEBUG com.github.dockerjava.zerodep.shaded.org.apache.hc.client5.http.impl.io.PoolingHttpClientConnectionManager -- ep-00000022: executing exchange ex-00000023 over http-outgoing-3
15:11:25.277 [main] DEBUG com.github.dockerjava.zerodep.shaded.org.apache.hc.client5.http.headers -- http-outgoing-3 >> GET /v1.32/containers/71c6e7cca6ee26d9d9ad062dd642ede98f51ea685b9aed962ec0466bf66c2405/json HTTP/1.1
15:11:25.277 [main] DEBUG com.github.dockerjava.zerodep.shaded.org.apache.hc.client5.http.headers -- http-outgoing-3 >> accept: application/json
15:11:25.277 [main] DEBUG com.github.dockerjava.zerodep.shaded.org.apache.hc.client5.http.headers -- http-outgoing-3 >> x-tc-sid: 19636001-dfb0-4a92-a4d9-9b302f9285c4
15:11:25.277 [main] DEBUG com.github.dockerjava.zerodep.shaded.org.apache.hc.client5.http.headers -- http-outgoing-3 >> User-Agent: tc-java/1.19.3
15:11:25.277 [main] DEBUG com.github.dockerjava.zerodep.shaded.org.apache.hc.client5.http.headers -- http-outgoing-3 >> Accept-Encoding: gzip, x-gzip, deflate
15:11:25.277 [main] DEBUG com.github.dockerjava.zerodep.shaded.org.apache.hc.client5.http.headers -- http-outgoing-3 >> Host: localhost:2375
15:11:25.277 [main] DEBUG com.github.dockerjava.zerodep.shaded.org.apache.hc.client5.http.headers -- http-outgoing-3 >> Connection: keep-alive
15:11:25.277 [main] DEBUG com.github.dockerjava.zerodep.shaded.org.apache.hc.client5.http.wire -- http-outgoing-3 >> "GET /v1.32/containers/71c6e7cca6ee26d9d9ad062dd642ede98f51ea685b9aed962ec0466bf66c2405/json HTTP/1.1[\r][\n]"
15:11:25.277 [main] DEBUG com.github.dockerjava.zerodep.shaded.org.apache.hc.client5.http.wire -- http-outgoing-3 >> "accept: application/json[\r][\n]"
15:11:25.277 [main] DEBUG com.github.dockerjava.zerodep.shaded.org.apache.hc.client5.http.wire -- http-outgoing-3 >> "x-tc-sid: 19636001-dfb0-4a92-a4d9-9b302f9285c4[\r][\n]"
15:11:25.277 [main] DEBUG com.github.dockerjava.zerodep.shaded.org.apache.hc.client5.http.wire -- http-outgoing-3 >> "User-Agent: tc-java/1.19.3[\r][\n]"
15:11:25.277 [main] DEBUG com.github.dockerjava.zerodep.shaded.org.apache.hc.client5.http.wire -- http-outgoing-3 >> "Accept-Encoding: gzip, x-gzip, deflate[\r][\n]"
15:11:25.277 [main] DEBUG com.github.dockerjava.zerodep.shaded.org.apache.hc.client5.http.wire -- http-outgoing-3 >> "Host: localhost:2375[\r][\n]"
15:11:25.277 [main] DEBUG com.github.dockerjava.zerodep.shaded.org.apache.hc.client5.http.wire -- http-outgoing-3 >> "Connection: keep-alive[\r][\n]"
15:11:25.277 [main] DEBUG com.github.dockerjava.zerodep.shaded.org.apache.hc.client5.http.wire -- http-outgoing-3 >> "[\r][\n]"
15:11:25.282 [main] DEBUG com.github.dockerjava.zerodep.shaded.org.apache.hc.client5.http.wire -- http-outgoing-3 << "HTTP/1.1 200 OK[\r][\n]"
15:11:25.282 [main] DEBUG com.github.dockerjava.zerodep.shaded.org.apache.hc.client5.http.wire -- http-outgoing-3 << "Api-Version: 1.47[\r][\n]"
15:11:25.282 [main] DEBUG com.github.dockerjava.zerodep.shaded.org.apache.hc.client5.http.wire -- http-outgoing-3 << "Content-Type: application/json[\r][\n]"
15:11:25.282 [main] DEBUG com.github.dockerjava.zerodep.shaded.org.apache.hc.client5.http.wire -- http-outgoing-3 << "Date: Fri, 02 May 2025 13:11:25 GMT[\r][\n]"
15:11:25.282 [main] DEBUG com.github.dockerjava.zerodep.shaded.org.apache.hc.client5.http.wire -- http-outgoing-3 << "Docker-Experimental: false[\r][\n]"
15:11:25.282 [main] DEBUG com.github.dockerjava.zerodep.shaded.org.apache.hc.client5.http.wire -- http-outgoing-3 << "Ostype: linux[\r][\n]"
15:11:25.282 [main] DEBUG com.github.dockerjava.zerodep.shaded.org.apache.hc.client5.http.wire -- http-outgoing-3 << "Server: Docker/27.5.1 (linux)[\r][\n]"
15:11:25.282 [main] DEBUG com.github.dockerjava.zerodep.shaded.org.apache.hc.client5.http.wire -- http-outgoing-3 << "Transfer-Encoding: chunked[\r][\n]"
15:11:25.282 [main] DEBUG com.github.dockerjava.zerodep.shaded.org.apache.hc.client5.http.wire -- http-outgoing-3 << "[\r][\n]"
15:11:25.283 [main] DEBUG com.github.dockerjava.zerodep.shaded.org.apache.hc.client5.http.headers -- http-outgoing-3 << HTTP/1.1 200 OK
15:11:25.283 [main] DEBUG com.github.dockerjava.zerodep.shaded.org.apache.hc.client5.http.headers -- http-outgoing-3 << Api-Version: 1.47
15:11:25.283 [main] DEBUG com.github.dockerjava.zerodep.shaded.org.apache.hc.client5.http.headers -- http-outgoing-3 << Content-Type: application/json
15:11:25.283 [main] DEBUG com.github.dockerjava.zerodep.shaded.org.apache.hc.client5.http.headers -- http-outgoing-3 << Date: Fri, 02 May 2025 13:11:25 GMT
15:11:25.283 [main] DEBUG com.github.dockerjava.zerodep.shaded.org.apache.hc.client5.http.headers -- http-outgoing-3 << Docker-Experimental: false
15:11:25.283 [main] DEBUG com.github.dockerjava.zerodep.shaded.org.apache.hc.client5.http.headers -- http-outgoing-3 << Ostype: linux
15:11:25.283 [main] DEBUG com.github.dockerjava.zerodep.shaded.org.apache.hc.client5.http.headers -- http-outgoing-3 << Server: Docker/27.5.1 (linux)
15:11:25.283 [main] DEBUG com.github.dockerjava.zerodep.shaded.org.apache.hc.client5.http.headers -- http-outgoing-3 << Transfer-Encoding: chunked
15:11:25.284 [main] DEBUG com.github.dockerjava.zerodep.shaded.org.apache.hc.client5.http.impl.classic.MainClientExec -- ex-00000023: connection can be kept alive for 3 MINUTES
15:11:25.285 [main] DEBUG com.github.dockerjava.zerodep.shaded.org.apache.hc.client5.http.wire -- http-outgoing-3 << "11b3[\r][\n]"
15:11:25.285 [main] DEBUG com.github.dockerjava.zerodep.shaded.org.apache.hc.client5.http.wire -- http-outgoing-3 << "{"Id":"71c6e7cca6ee26d9d9ad062dd642ede98f51ea685b9aed962ec0466bf66c2405","Created":"2025-05-02T13:11:14.450149469Z","Path":"/bin/sh","Args":["-c","echo 'c2VjcmV0' | base64 -d \u003e /vnc_password \u0026\u0026 flvrec.py -o /screen.flv -d -r 30 -P /vnc_password tc-M7Yg14ma 5900"],"State":{"Status":"exited","Running":false,"Paused":false,"Restarting":false,"OOMKilled":false,"Dead":false,"Pid":0,"ExitCode":137,"Error":"","StartedAt":"2025-05-02T13:11:14.770139751Z","FinishedAt":"2025-05-02T13:11:24.928983149Z"},"Image":"sha256:97fba4daa01bdb900a0716e48765e32c39e26d9357522a5b6004da7799f0822e","ResolvConfPath":"/var/lib/docker/containers/71c6e7cca6ee26d9d9ad062dd642ede98f51ea685b9aed962ec0466bf66c2405/resolv.conf","HostnamePath":"/var/lib/docker/containers/71c6e7cca6ee26d9d9ad062dd642ede98f51ea685b9aed962ec0466bf66c2405/hostname","HostsPath":"/var/lib/docker/containers/71c6e7cca6ee26d9d9ad062dd642ede98f51ea685b9aed962ec0466bf66c2405/hosts","LogPath":"/var/lib/docker/containers/71c6e7cca6ee26d9d9ad062dd642ede98f51ea685b9aed962ec0466bf66c2405/71c6e7cca6ee26d9d9ad062dd642ede98f51ea685b9aed962ec0466bf66c2405-json.log","Name":"/jovial_carson","RestartCount":0,"Driver":"overlayfs","Platform":"linux","MountLabel":"","ProcessLabel":"","AppArmorProfile":"","ExecIDs":null,"HostConfig":{"Binds":[],"ContainerIDFile":"","LogConfig":{"Type":"json-file","Config":{}},"NetworkMode":"f616b05dd96dd6b6e63724e496eb83a1d4e976e96a5b268a96925535349cd985","PortBindings":{},"RestartPolicy":{"Name":"no","MaximumRetryCount":0},"AutoRemove":false,"VolumeDriver":"","VolumesFrom":[],"ConsoleSize":[0,0],"CapAdd":null,"CapDrop":null,"CgroupnsMode":"host","Dns":null,"DnsOptions":null,"DnsSearch":null,"ExtraHosts":[],"GroupAdd":null,"IpcMode":"shareable","Cgroup":"","Links":null,"OomScoreAdj":0,"PidMode":"","Privileged":false,"PublishAllPorts":false,"ReadonlyRootfs":false,"SecurityOpt":null,"UTSMode":"","UsernsMode":"","ShmSize":67108864,"Runtime":"runc","Isolation":"","CpuShares":0,"Memory":0,"NanoCpus":0,"CgroupParent":"","BlkioWeight":0,"BlkioWeightDevice":null,"BlkioDeviceReadBps":null,"BlkioDeviceWriteBps":null,"BlkioDeviceReadIOps":null,"BlkioDeviceWriteIOps":null,"CpuPeriod":0,"CpuQuota":0,"CpuRealtimePeriod":0,"CpuRealtimeRuntime":0,"CpusetCpus":"","CpusetMems":"","Devices":null,"DeviceCgroupRules":null,"DeviceRequests":null,"MemoryReservation":0,"MemorySwap":0,"MemorySwappiness":null,"OomKillDisable":false,"PidsLimit":null,"Ulimits":null,"CpuCount":0,"CpuPercent":0,"IOMaximumIOps":0,"IOMaximumBandwidth":0,"MaskedPaths":["/proc/asound","/proc/acpi","/proc/kcore","/proc/keys","/proc/latency_stats","/proc/timer_list","/proc/timer_stats","/proc/sched_debug","/proc/scsi","/sys/firmware","/sys/devices/virtual/powercap"],"ReadonlyPaths":["/proc/bus","/proc/fs","/proc/irq","/proc/sys","/proc/sysrq-trigger"]},"GraphDriver":{"Data":null,"Name":"overlayfs"},"Mounts":[],"Config":{"Hostname":"71c6e7cca6ee","Domainname":"","User":"","AttachStdin":false,"AttachStdout":false,"AttachStderr":false,"Tty":false,"OpenStdin":false,"StdinOnce":false,"Env":["PATH=/usr/local/sbin:/usr/local/bin:/usr/sbin:/usr/bin:/sbin:/bin"],"Cmd":["-c","echo 'c2VjcmV0' | base64 -d \u003e /vnc_password \u0026\u0026 flvrec.py -o /screen.flv -d -r 30 -P /vnc_password tc-M7Yg14ma 5900"],"Image":"testcontainers/vnc-recorder:1.3.0","Volumes":null,"WorkingDir":"","Entrypoint":["/bin/sh"],"OnBuild":null,"Labels":{"Description":"This image can be used to create a sidekick container for recording videos of VNC sessions hosted in other containers","maintainer":"Richard North \u003crich.north@gmail.com\u003e","org.testcontainers":"true","org.testcontainers.lang":"java","org.testcontainers.sessionId":"19636001-dfb0-4a92-a4d9-9b302f9285c4","org.testcontainers.version":"1.19.3"}},"NetworkSettings":{"Bridge":"","SandboxID":"","SandboxKey":"","Ports":{},"HairpinMode":false,"LinkLocalIPv6Address":"","LinkLocalIPv6PrefixLen":0,"SecondaryIPAddresses":null,"SecondaryIPv6Addresses":null,"EndpointID":"","Gateway":"","GlobalIPv6Address":"","GlobalIPv6PrefixLen":0,"IPAddress":"","IPPrefixLen":0,"IPv6Gateway":""
15:11:25.287 [main] DEBUG com.github.dockerjava.zerodep.shaded.org.apache.hc.client5.http.wire -- http-outgoing-3 << "","MacAddress":"","Networks":{"b469af70-f952-4995-a4ae-aaf8319c1e20":{"IPAMConfig":null,"Links":null,"Aliases":["tc-BfY5P7p9","71c6e7cca6ee"],"MacAddress":"","DriverOpts":null,"NetworkID":"f616b05dd96dd6b6e63724e496eb83a1d4e976e96a5b268a96925535349cd985","EndpointID":"","Gateway":"","IPAddress":"","IPPrefixLen":0,"IPv6Gateway":"","GlobalIPv6Address":"","GlobalIPv6PrefixLen":0,"DNSNames":["jovial_carson","tc-BfY5P7p9","71c6e7cca6ee"]}}}}[\n]"
15:11:25.287 [main] DEBUG com.github.dockerjava.zerodep.shaded.org.apache.hc.client5.http.wire -- http-outgoing-3 << "[\r][\n]"
15:11:25.287 [main] DEBUG com.github.dockerjava.zerodep.shaded.org.apache.hc.client5.http.wire -- http-outgoing-3 << "0[\r][\n]"
15:11:25.287 [main] DEBUG com.github.dockerjava.zerodep.shaded.org.apache.hc.client5.http.wire -- http-outgoing-3 << "[\r][\n]"
15:11:25.289 [main] DEBUG com.github.dockerjava.zerodep.shaded.org.apache.hc.client5.http.impl.classic.InternalHttpClient -- ep-00000022: releasing valid endpoint
15:11:25.290 [main] DEBUG com.github.dockerjava.zerodep.shaded.org.apache.hc.client5.http.impl.io.PoolingHttpClientConnectionManager -- ep-00000022: releasing endpoint
15:11:25.290 [main] DEBUG com.github.dockerjava.zerodep.shaded.org.apache.hc.client5.http.impl.io.PoolingHttpClientConnectionManager -- ep-00000022: connection http-outgoing-3 can be kept alive for 3 MINUTES
15:11:25.290 [main] DEBUG com.github.dockerjava.zerodep.shaded.org.apache.hc.client5.http.impl.io.PoolingHttpClientConnectionManager -- ep-00000022: connection released [route: {}->npipe://localhost:2375][total available: 1; route allocated: 1 of 2147483647; total allocated: 1 of 2147483647]
15:11:25.292 [main] DEBUG org.testcontainers.shaded.com.github.dockerjava.core.command.AbstrDockerCmd -- Cmd: 71c6e7cca6ee26d9d9ad062dd642ede98f51ea685b9aed962ec0466bf66c2405,true,true
15:11:25.293 [main] DEBUG com.github.dockerjava.zerodep.shaded.org.apache.hc.client5.http.impl.classic.InternalHttpClient -- ex-00000024: preparing request execution
15:11:25.293 [main] DEBUG com.github.dockerjava.zerodep.shaded.org.apache.hc.client5.http.protocol.RequestAddCookies -- Cookie spec selected: strict
15:11:25.293 [main] DEBUG com.github.dockerjava.zerodep.shaded.org.apache.hc.client5.http.protocol.RequestAuthCache -- Auth cache not set in the context
15:11:25.293 [main] DEBUG com.github.dockerjava.zerodep.shaded.org.apache.hc.client5.http.impl.classic.ProtocolExec -- ex-00000024: target auth state: UNCHALLENGED
15:11:25.293 [main] DEBUG com.github.dockerjava.zerodep.shaded.org.apache.hc.client5.http.impl.classic.ProtocolExec -- ex-00000024: proxy auth state: UNCHALLENGED
15:11:25.293 [main] DEBUG com.github.dockerjava.zerodep.shaded.org.apache.hc.client5.http.impl.classic.ConnectExec -- ex-00000024: acquiring connection with route {}->npipe://localhost:2375
15:11:25.293 [main] DEBUG com.github.dockerjava.zerodep.shaded.org.apache.hc.client5.http.impl.classic.InternalHttpClient -- ex-00000024: acquiring endpoint (3 MINUTES)
15:11:25.293 [main] DEBUG com.github.dockerjava.zerodep.shaded.org.apache.hc.client5.http.impl.io.PoolingHttpClientConnectionManager -- ex-00000024: endpoint lease request (3 MINUTES) [route: {}->npipe://localhost:2375][total available: 1; route allocated: 1 of 2147483647; total allocated: 1 of 2147483647]
15:11:25.294 [main] DEBUG com.github.dockerjava.zerodep.shaded.org.apache.hc.client5.http.impl.io.PoolingHttpClientConnectionManager -- ex-00000024: endpoint leased [route: {}->npipe://localhost:2375][total available: 0; route allocated: 1 of 2147483647; total allocated: 1 of 2147483647]
15:11:25.294 [main] DEBUG com.github.dockerjava.zerodep.shaded.org.apache.hc.client5.http.impl.io.PoolingHttpClientConnectionManager -- ex-00000024: acquired ep-00000023
15:11:25.294 [main] DEBUG com.github.dockerjava.zerodep.shaded.org.apache.hc.client5.http.impl.classic.InternalHttpClient -- ex-00000024: acquired endpoint ep-00000023
15:11:25.294 [main] DEBUG com.github.dockerjava.zerodep.shaded.org.apache.hc.client5.http.impl.classic.MainClientExec -- ex-00000024: executing DELETE /v1.32/containers/71c6e7cca6ee26d9d9ad062dd642ede98f51ea685b9aed962ec0466bf66c2405?v=true&force=true HTTP/1.1
15:11:25.294 [main] DEBUG com.github.dockerjava.zerodep.shaded.org.apache.hc.client5.http.impl.classic.InternalHttpClient -- ep-00000023: start execution ex-00000024
15:11:25.294 [main] DEBUG com.github.dockerjava.zerodep.shaded.org.apache.hc.client5.http.impl.io.PoolingHttpClientConnectionManager -- ep-00000023: executing exchange ex-00000024 over http-outgoing-3
15:11:25.294 [main] DEBUG com.github.dockerjava.zerodep.shaded.org.apache.hc.client5.http.headers -- http-outgoing-3 >> DELETE /v1.32/containers/71c6e7cca6ee26d9d9ad062dd642ede98f51ea685b9aed962ec0466bf66c2405?v=true&force=true HTTP/1.1
15:11:25.294 [main] DEBUG com.github.dockerjava.zerodep.shaded.org.apache.hc.client5.http.headers -- http-outgoing-3 >> accept: application/json
15:11:25.294 [main] DEBUG com.github.dockerjava.zerodep.shaded.org.apache.hc.client5.http.headers -- http-outgoing-3 >> x-tc-sid: 19636001-dfb0-4a92-a4d9-9b302f9285c4
15:11:25.294 [main] DEBUG com.github.dockerjava.zerodep.shaded.org.apache.hc.client5.http.headers -- http-outgoing-3 >> User-Agent: tc-java/1.19.3
15:11:25.294 [main] DEBUG com.github.dockerjava.zerodep.shaded.org.apache.hc.client5.http.headers -- http-outgoing-3 >> Accept-Encoding: gzip, x-gzip, deflate
15:11:25.294 [main] DEBUG com.github.dockerjava.zerodep.shaded.org.apache.hc.client5.http.headers -- http-outgoing-3 >> Host: localhost:2375
15:11:25.294 [main] DEBUG com.github.dockerjava.zerodep.shaded.org.apache.hc.client5.http.headers -- http-outgoing-3 >> Connection: keep-alive
15:11:25.294 [main] DEBUG com.github.dockerjava.zerodep.shaded.org.apache.hc.client5.http.wire -- http-outgoing-3 >> "DELETE /v1.32/containers/71c6e7cca6ee26d9d9ad062dd642ede98f51ea685b9aed962ec0466bf66c2405?v=true&force=true HTTP/1.1[\r][\n]"
15:11:25.294 [main] DEBUG com.github.dockerjava.zerodep.shaded.org.apache.hc.client5.http.wire -- http-outgoing-3 >> "accept: application/json[\r][\n]"
15:11:25.294 [main] DEBUG com.github.dockerjava.zerodep.shaded.org.apache.hc.client5.http.wire -- http-outgoing-3 >> "x-tc-sid: 19636001-dfb0-4a92-a4d9-9b302f9285c4[\r][\n]"
15:11:25.294 [main] DEBUG com.github.dockerjava.zerodep.shaded.org.apache.hc.client5.http.wire -- http-outgoing-3 >> "User-Agent: tc-java/1.19.3[\r][\n]"
15:11:25.294 [main] DEBUG com.github.dockerjava.zerodep.shaded.org.apache.hc.client5.http.wire -- http-outgoing-3 >> "Accept-Encoding: gzip, x-gzip, deflate[\r][\n]"
15:11:25.294 [main] DEBUG com.github.dockerjava.zerodep.shaded.org.apache.hc.client5.http.wire -- http-outgoing-3 >> "Host: localhost:2375[\r][\n]"
15:11:25.294 [main] DEBUG com.github.dockerjava.zerodep.shaded.org.apache.hc.client5.http.wire -- http-outgoing-3 >> "Connection: keep-alive[\r][\n]"
15:11:25.294 [main] DEBUG com.github.dockerjava.zerodep.shaded.org.apache.hc.client5.http.wire -- http-outgoing-3 >> "[\r][\n]"
15:11:25.329 [main] DEBUG com.github.dockerjava.zerodep.shaded.org.apache.hc.client5.http.wire -- http-outgoing-3 << "HTTP/1.1 204 No Content[\r][\n]"
15:11:25.329 [main] DEBUG com.github.dockerjava.zerodep.shaded.org.apache.hc.client5.http.wire -- http-outgoing-3 << "Api-Version: 1.47[\r][\n]"
15:11:25.329 [main] DEBUG com.github.dockerjava.zerodep.shaded.org.apache.hc.client5.http.wire -- http-outgoing-3 << "Date: Fri, 02 May 2025 13:11:25 GMT[\r][\n]"
15:11:25.329 [main] DEBUG com.github.dockerjava.zerodep.shaded.org.apache.hc.client5.http.wire -- http-outgoing-3 << "Docker-Experimental: false[\r][\n]"
15:11:25.329 [main] DEBUG com.github.dockerjava.zerodep.shaded.org.apache.hc.client5.http.wire -- http-outgoing-3 << "Ostype: linux[\r][\n]"
15:11:25.329 [main] DEBUG com.github.dockerjava.zerodep.shaded.org.apache.hc.client5.http.wire -- http-outgoing-3 << "Server: Docker/27.5.1 (linux)[\r][\n]"
15:11:25.329 [main] DEBUG com.github.dockerjava.zerodep.shaded.org.apache.hc.client5.http.wire -- http-outgoing-3 << "[\r][\n]"
15:11:25.330 [main] DEBUG com.github.dockerjava.zerodep.shaded.org.apache.hc.client5.http.headers -- http-outgoing-3 << HTTP/1.1 204 No Content
15:11:25.330 [main] DEBUG com.github.dockerjava.zerodep.shaded.org.apache.hc.client5.http.headers -- http-outgoing-3 << Api-Version: 1.47
15:11:25.330 [main] DEBUG com.github.dockerjava.zerodep.shaded.org.apache.hc.client5.http.headers -- http-outgoing-3 << Date: Fri, 02 May 2025 13:11:25 GMT
15:11:25.330 [main] DEBUG com.github.dockerjava.zerodep.shaded.org.apache.hc.client5.http.headers -- http-outgoing-3 << Docker-Experimental: false
15:11:25.330 [main] DEBUG com.github.dockerjava.zerodep.shaded.org.apache.hc.client5.http.headers -- http-outgoing-3 << Ostype: linux
15:11:25.330 [main] DEBUG com.github.dockerjava.zerodep.shaded.org.apache.hc.client5.http.headers -- http-outgoing-3 << Server: Docker/27.5.1 (linux)
15:11:25.330 [main] DEBUG com.github.dockerjava.zerodep.shaded.org.apache.hc.client5.http.impl.classic.MainClientExec -- ex-00000024: connection can be kept alive for 3 MINUTES
15:11:25.330 [main] DEBUG com.github.dockerjava.zerodep.shaded.org.apache.hc.client5.http.impl.classic.InternalHttpClient -- ep-00000023: releasing valid endpoint
15:11:25.330 [main] DEBUG com.github.dockerjava.zerodep.shaded.org.apache.hc.client5.http.impl.io.PoolingHttpClientConnectionManager -- ep-00000023: releasing endpoint
15:11:25.330 [main] DEBUG com.github.dockerjava.zerodep.shaded.org.apache.hc.client5.http.impl.io.PoolingHttpClientConnectionManager -- ep-00000023: connection http-outgoing-3 can be kept alive for 3 MINUTES
15:11:25.330 [main] DEBUG com.github.dockerjava.zerodep.shaded.org.apache.hc.client5.http.impl.io.PoolingHttpClientConnectionManager -- ep-00000023: connection released [route: {}->npipe://localhost:2375][total available: 1; route allocated: 1 of 2147483647; total allocated: 1 of 2147483647]
15:11:25.330 [main] DEBUG org.testcontainers.utility.ResourceReaper -- Removed container and associated volume(s): testcontainers/vnc-recorder:1.3.0
15:11:25.330 [main] DEBUG org.testcontainers.shaded.com.github.dockerjava.core.command.AbstrDockerCmd -- Cmd: af0c423b62dbf0dcc8cbb6c99b3a76141120cdd01e03e7ce9d8c641df2585cf1,false
15:11:25.330 [main] DEBUG org.testcontainers.shaded.com.github.dockerjava.core.exec.InspectContainerCmdExec -- GET: DefaultWebTarget{path=[/containers/af0c423b62dbf0dcc8cbb6c99b3a76141120cdd01e03e7ce9d8c641df2585cf1/json], queryParams={}}
15:11:25.331 [main] DEBUG com.github.dockerjava.zerodep.shaded.org.apache.hc.client5.http.impl.classic.InternalHttpClient -- ex-00000025: preparing request execution
15:11:25.331 [main] DEBUG com.github.dockerjava.zerodep.shaded.org.apache.hc.client5.http.protocol.RequestAddCookies -- Cookie spec selected: strict
15:11:25.331 [main] DEBUG com.github.dockerjava.zerodep.shaded.org.apache.hc.client5.http.protocol.RequestAuthCache -- Auth cache not set in the context
15:11:25.331 [main] DEBUG com.github.dockerjava.zerodep.shaded.org.apache.hc.client5.http.impl.classic.ProtocolExec -- ex-00000025: target auth state: UNCHALLENGED
15:11:25.331 [main] DEBUG com.github.dockerjava.zerodep.shaded.org.apache.hc.client5.http.impl.classic.ProtocolExec -- ex-00000025: proxy auth state: UNCHALLENGED
15:11:25.331 [main] DEBUG com.github.dockerjava.zerodep.shaded.org.apache.hc.client5.http.impl.classic.ConnectExec -- ex-00000025: acquiring connection with route {}->npipe://localhost:2375
15:11:25.331 [main] DEBUG com.github.dockerjava.zerodep.shaded.org.apache.hc.client5.http.impl.classic.InternalHttpClient -- ex-00000025: acquiring endpoint (3 MINUTES)
15:11:25.331 [main] DEBUG com.github.dockerjava.zerodep.shaded.org.apache.hc.client5.http.impl.io.PoolingHttpClientConnectionManager -- ex-00000025: endpoint lease request (3 MINUTES) [route: {}->npipe://localhost:2375][total available: 1; route allocated: 1 of 2147483647; total allocated: 1 of 2147483647]
15:11:25.331 [main] DEBUG com.github.dockerjava.zerodep.shaded.org.apache.hc.client5.http.impl.io.PoolingHttpClientConnectionManager -- ex-00000025: endpoint leased [route: {}->npipe://localhost:2375][total available: 0; route allocated: 1 of 2147483647; total allocated: 1 of 2147483647]
15:11:25.332 [main] DEBUG com.github.dockerjava.zerodep.shaded.org.apache.hc.client5.http.impl.io.PoolingHttpClientConnectionManager -- ex-00000025: acquired ep-00000024
15:11:25.332 [main] DEBUG com.github.dockerjava.zerodep.shaded.org.apache.hc.client5.http.impl.classic.InternalHttpClient -- ex-00000025: acquired endpoint ep-00000024
15:11:25.332 [main] DEBUG com.github.dockerjava.zerodep.shaded.org.apache.hc.client5.http.impl.classic.MainClientExec -- ex-00000025: executing GET /v1.32/containers/af0c423b62dbf0dcc8cbb6c99b3a76141120cdd01e03e7ce9d8c641df2585cf1/json HTTP/1.1
15:11:25.332 [main] DEBUG com.github.dockerjava.zerodep.shaded.org.apache.hc.client5.http.impl.classic.InternalHttpClient -- ep-00000024: start execution ex-00000025
15:11:25.332 [main] DEBUG com.github.dockerjava.zerodep.shaded.org.apache.hc.client5.http.impl.io.PoolingHttpClientConnectionManager -- ep-00000024: executing exchange ex-00000025 over http-outgoing-3
15:11:25.332 [main] DEBUG com.github.dockerjava.zerodep.shaded.org.apache.hc.client5.http.headers -- http-outgoing-3 >> GET /v1.32/containers/af0c423b62dbf0dcc8cbb6c99b3a76141120cdd01e03e7ce9d8c641df2585cf1/json HTTP/1.1
15:11:25.332 [main] DEBUG com.github.dockerjava.zerodep.shaded.org.apache.hc.client5.http.headers -- http-outgoing-3 >> accept: application/json
15:11:25.332 [main] DEBUG com.github.dockerjava.zerodep.shaded.org.apache.hc.client5.http.headers -- http-outgoing-3 >> x-tc-sid: 19636001-dfb0-4a92-a4d9-9b302f9285c4
15:11:25.332 [main] DEBUG com.github.dockerjava.zerodep.shaded.org.apache.hc.client5.http.headers -- http-outgoing-3 >> User-Agent: tc-java/1.19.3
15:11:25.332 [main] DEBUG com.github.dockerjava.zerodep.shaded.org.apache.hc.client5.http.headers -- http-outgoing-3 >> Accept-Encoding: gzip, x-gzip, deflate
15:11:25.332 [main] DEBUG com.github.dockerjava.zerodep.shaded.org.apache.hc.client5.http.headers -- http-outgoing-3 >> Host: localhost:2375
15:11:25.332 [main] DEBUG com.github.dockerjava.zerodep.shaded.org.apache.hc.client5.http.headers -- http-outgoing-3 >> Connection: keep-alive
15:11:25.332 [main] DEBUG com.github.dockerjava.zerodep.shaded.org.apache.hc.client5.http.wire -- http-outgoing-3 >> "GET /v1.32/containers/af0c423b62dbf0dcc8cbb6c99b3a76141120cdd01e03e7ce9d8c641df2585cf1/json HTTP/1.1[\r][\n]"
15:11:25.332 [main] DEBUG com.github.dockerjava.zerodep.shaded.org.apache.hc.client5.http.wire -- http-outgoing-3 >> "accept: application/json[\r][\n]"
15:11:25.332 [main] DEBUG com.github.dockerjava.zerodep.shaded.org.apache.hc.client5.http.wire -- http-outgoing-3 >> "x-tc-sid: 19636001-dfb0-4a92-a4d9-9b302f9285c4[\r][\n]"
15:11:25.332 [main] DEBUG com.github.dockerjava.zerodep.shaded.org.apache.hc.client5.http.wire -- http-outgoing-3 >> "User-Agent: tc-java/1.19.3[\r][\n]"
15:11:25.332 [main] DEBUG com.github.dockerjava.zerodep.shaded.org.apache.hc.client5.http.wire -- http-outgoing-3 >> "Accept-Encoding: gzip, x-gzip, deflate[\r][\n]"
15:11:25.332 [main] DEBUG com.github.dockerjava.zerodep.shaded.org.apache.hc.client5.http.wire -- http-outgoing-3 >> "Host: localhost:2375[\r][\n]"
15:11:25.332 [main] DEBUG com.github.dockerjava.zerodep.shaded.org.apache.hc.client5.http.wire -- http-outgoing-3 >> "Connection: keep-alive[\r][\n]"
15:11:25.332 [main] DEBUG com.github.dockerjava.zerodep.shaded.org.apache.hc.client5.http.wire -- http-outgoing-3 >> "[\r][\n]"
15:11:25.337 [main] DEBUG com.github.dockerjava.zerodep.shaded.org.apache.hc.client5.http.wire -- http-outgoing-3 << "HTTP/1.1 200 OK[\r][\n]"
15:11:25.338 [main] DEBUG com.github.dockerjava.zerodep.shaded.org.apache.hc.client5.http.wire -- http-outgoing-3 << "Api-Version: 1.47[\r][\n]"
15:11:25.338 [main] DEBUG com.github.dockerjava.zerodep.shaded.org.apache.hc.client5.http.wire -- http-outgoing-3 << "Content-Type: application/json[\r][\n]"
15:11:25.338 [main] DEBUG com.github.dockerjava.zerodep.shaded.org.apache.hc.client5.http.wire -- http-outgoing-3 << "Date: Fri, 02 May 2025 13:11:25 GMT[\r][\n]"
15:11:25.338 [main] DEBUG com.github.dockerjava.zerodep.shaded.org.apache.hc.client5.http.wire -- http-outgoing-3 << "Docker-Experimental: false[\r][\n]"
15:11:25.338 [main] DEBUG com.github.dockerjava.zerodep.shaded.org.apache.hc.client5.http.wire -- http-outgoing-3 << "Ostype: linux[\r][\n]"
15:11:25.338 [main] DEBUG com.github.dockerjava.zerodep.shaded.org.apache.hc.client5.http.wire -- http-outgoing-3 << "Server: Docker/27.5.1 (linux)[\r][\n]"
15:11:25.338 [main] DEBUG com.github.dockerjava.zerodep.shaded.org.apache.hc.client5.http.wire -- http-outgoing-3 << "Transfer-Encoding: chunked[\r][\n]"
15:11:25.338 [main] DEBUG com.github.dockerjava.zerodep.shaded.org.apache.hc.client5.http.wire -- http-outgoing-3 << "[\r][\n]"
15:11:25.339 [main] DEBUG com.github.dockerjava.zerodep.shaded.org.apache.hc.client5.http.headers -- http-outgoing-3 << HTTP/1.1 200 OK
15:11:25.339 [main] DEBUG com.github.dockerjava.zerodep.shaded.org.apache.hc.client5.http.headers -- http-outgoing-3 << Api-Version: 1.47
15:11:25.339 [main] DEBUG com.github.dockerjava.zerodep.shaded.org.apache.hc.client5.http.headers -- http-outgoing-3 << Content-Type: application/json
15:11:25.339 [main] DEBUG com.github.dockerjava.zerodep.shaded.org.apache.hc.client5.http.headers -- http-outgoing-3 << Date: Fri, 02 May 2025 13:11:25 GMT
15:11:25.339 [main] DEBUG com.github.dockerjava.zerodep.shaded.org.apache.hc.client5.http.headers -- http-outgoing-3 << Docker-Experimental: false
15:11:25.339 [main] DEBUG com.github.dockerjava.zerodep.shaded.org.apache.hc.client5.http.headers -- http-outgoing-3 << Ostype: linux
15:11:25.339 [main] DEBUG com.github.dockerjava.zerodep.shaded.org.apache.hc.client5.http.headers -- http-outgoing-3 << Server: Docker/27.5.1 (linux)
15:11:25.339 [main] DEBUG com.github.dockerjava.zerodep.shaded.org.apache.hc.client5.http.headers -- http-outgoing-3 << Transfer-Encoding: chunked
15:11:25.339 [main] DEBUG com.github.dockerjava.zerodep.shaded.org.apache.hc.client5.http.impl.classic.MainClientExec -- ex-00000025: connection can be kept alive for 3 MINUTES
15:11:25.342 [main] DEBUG com.github.dockerjava.zerodep.shaded.org.apache.hc.client5.http.wire -- http-outgoing-3 << "170a[\r][\n]"
15:11:25.342 [main] DEBUG com.github.dockerjava.zerodep.shaded.org.apache.hc.client5.http.wire -- http-outgoing-3 << "{"Id":"af0c423b62dbf0dcc8cbb6c99b3a76141120cdd01e03e7ce9d8c641df2585cf1","Created":"2025-05-02T13:11:07.988967359Z","Path":"/opt/bin/entry_point.sh","Args":[],"State":{"Status":"running","Running":true,"Paused":false,"Restarting":false,"OOMKilled":false,"Dead":false,"Pid":26338,"ExitCode":0,"Error":"","StartedAt":"2025-05-02T13:11:08.299204928Z","FinishedAt":"0001-01-01T00:00:00Z"},"Image":"sha256:98a4acf36526b42162e80e32b36ba7e5cd93e15cb0f2ca510d6fc3fe655edf92","ResolvConfPath":"/var/lib/docker/containers/af0c423b62dbf0dcc8cbb6c99b3a76141120cdd01e03e7ce9d8c641df2585cf1/resolv.conf","HostnamePath":"/var/lib/docker/containers/af0c423b62dbf0dcc8cbb6c99b3a76141120cdd01e03e7ce9d8c641df2585cf1/hostname","HostsPath":"/var/lib/docker/containers/af0c423b62dbf0dcc8cbb6c99b3a76141120cdd01e03e7ce9d8c641df2585cf1/hosts","LogPath":"/var/lib/docker/containers/af0c423b62dbf0dcc8cbb6c99b3a76141120cdd01e03e7ce9d8c641df2585cf1/af0c423b62dbf0dcc8cbb6c99b3a76141120cdd01e03e7ce9d8c641df2585cf1-json.log","Name":"/determined_cori","RestartCount":0,"Driver":"overlayfs","Platform":"linux","MountLabel":"","ProcessLabel":"","AppArmorProfile":"","ExecIDs":null,"HostConfig":{"Binds":[],"ContainerIDFile":"","LogConfig":{"Type":"json-file","Config":{}},"NetworkMode":"f616b05dd96dd6b6e63724e496eb83a1d4e976e96a5b268a96925535349cd985","PortBindings":{"4444/tcp":[{"HostIp":"0.0.0.0","HostPort":"0"}],"5900/tcp":[{"HostIp":"0.0.0.0","HostPort":"0"}]},"RestartPolicy":{"Name":"no","MaximumRetryCount":0},"AutoRemove":false,"VolumeDriver":"","VolumesFrom":[],"ConsoleSize":[0,0],"CapAdd":null,"CapDrop":null,"CgroupnsMode":"host","Dns":null,"DnsOptions":null,"DnsSearch":null,"ExtraHosts":[],"GroupAdd":null,"IpcMode":"shareable","Cgroup":"","Links":null,"OomScoreAdj":0,"PidMode":"","Privileged":false,"PublishAllPorts":false,"ReadonlyRootfs":false,"SecurityOpt":null,"UTSMode":"","UsernsMode":"","ShmSize":536870912,"Runtime":"runc","Isolation":"","CpuShares":0,"Memory":0,"NanoCpus":0,"CgroupParent":"","BlkioWeight":0,"BlkioWeightDevice":null,"BlkioDeviceReadBps":null,"BlkioDeviceWriteBps":null,"BlkioDeviceReadIOps":null,"BlkioDeviceWriteIOps":null,"CpuPeriod":0,"CpuQuota":0,"CpuRealtimePeriod":0,"CpuRealtimeRuntime":0,"CpusetCpus":"","CpusetMems":"","Devices":null,"DeviceCgroupRules":null,"DeviceRequests":null,"MemoryReservation":0,"MemorySwap":0,"MemorySwappiness":null,"OomKillDisable":false,"PidsLimit":null,"Ulimits":null,"CpuCount":0,"CpuPercent":0,"IOMaximumIOps":0,"IOMaximumBandwidth":0,"MaskedPaths":["/proc/asound","/proc/acpi","/proc/kcore","/proc/keys","/proc/latency_stats","/proc/timer_list","/proc/timer_stats","/proc/sched_debug","/proc/scsi","/sys/firmware","/sys/devices/virtual/powercap"],"ReadonlyPaths":["/proc/bus","/proc/fs","/proc/irq","/proc/sys","/proc/sysrq-trigger"]},"GraphDriver":{"Data":null,"Name":"overlayfs"},"Mounts":[],"Config":{"Hostname":"af0c423b62db","Domainname":"","User":"1200","AttachStdin":false,"AttachStdout":false,"AttachStderr":false,"ExposedPorts":{"4444/tcp":{},"5900/tcp":{}},"Tty":false,"OpenStdin":false,"StdinOnce":false,"Env":["no_proxy=localhost","TZ=Europe/Madrid","PATH=/usr/local/sbin:/usr/local/bin:/usr/sbin:/usr/bin:/sbin:/bin","DEBIAN_FRONTEND=noninteractive","DEBCONF_NONINTERACTIVE_SEEN=true","SEL_USER=seluser","SEL_UID=1200","SEL_GID=1201","HOME=/home/seluser","SEL_DOWNLOAD_DIR=/Downloads","SE_BIND_HOST=false","SE_REJECT_UNSUPPORTED_CAPS=false","SE_OTEL_JAVA_GLOBAL_AUTOCONFIGURE_ENABLED=true","SE_OTEL_TRACES_EXPORTER=otlp","LANG_WHICH=en","LANG_WHERE=US","ENCODING=UTF-8","LANGUAGE=en_US.UTF-8","LANG=","SE_ENABLE_BROWSER_LEFTOVERS_CLEANUP=false","SE_BROWSER_LEFTOVERS_INTERVAL_SECS=3600","SE_BROWSER_LEFTOVERS_PROCESSES_SECS=7200","SE_BROWSER_LEFTOVERS_TEMPFILES_DAYS=1","SE_DRAIN_AFTER_SESSION_COUNT=0","SE_NODE_MAX_SESSIONS=1","SE_NODE_SESSION_TIMEOUT=300","SE_NODE_OVERRIDE_MAX_SESSIONS=false","SE_NODE_HEARTBEAT_PERIOD=30","SE_OTEL_SERVICE_NAME=selenium-standalone","SE_OFFLINE=true","SE_SCREEN_WIDTH=1360","SE_SCREEN_HEIGHT=1020","SE_SCREEN_DEPTH=24","SE_SCREEN_DPI=96","SE_START_XVFB=true","SE_START_VNC=true","SE_S"
15:11:25.345 [main] DEBUG com.github.dockerjava.zerodep.shaded.org.apache.hc.client5.http.wire -- http-outgoing-3 << "TART_NO_VNC=true","SE_NO_VNC_PORT=7900","SE_VNC_PORT=5900","DISPLAY=:99.0","DISPLAY_NUM=99","CONFIG_FILE=/opt/selenium/config.toml","GENERATE_CONFIG=true","DBUS_SESSION_BUS_ADDRESS=/dev/null","SE_SESSION_REQUEST_TIMEOUT=300","SE_SESSION_RETRY_INTERVAL=15","SE_HEALTHCHECK_INTERVAL=120","SE_RELAX_CHECKS=true"],"Cmd":["/opt/bin/entry_point.sh"],"Image":"selenium/standalone-chrome:4.20.0","Volumes":null,"WorkingDir":"","Entrypoint":null,"OnBuild":null,"Labels":{"authors":"","org.opencontainers.image.ref.name":"ubuntu","org.opencontainers.image.version":"22.04","org.testcontainers":"true","org.testcontainers.lang":"java","org.testcontainers.sessionId":"19636001-dfb0-4a92-a4d9-9b302f9285c4","org.testcontainers.version":"1.19.3"}},"NetworkSettings":{"Bridge":"","SandboxID":"13f5a1e03c12027977c710db1a91a11ece471fe296b2f2f8a525910e256da982","SandboxKey":"/var/run/docker/netns/13f5a1e03c12","Ports":{"4444/tcp":[{"HostIp":"0.0.0.0","HostPort":"52053"}],"5900/tcp":[{"HostIp":"0.0.0.0","HostPort":"52054"}]},"HairpinMode":false,"LinkLocalIPv6Address":"","LinkLocalIPv6PrefixLen":0,"SecondaryIPAddresses":null,"SecondaryIPv6Addresses":null,"EndpointID":"","Gateway":"","GlobalIPv6Address":"","GlobalIPv6PrefixLen":0,"IPAddress":"","IPPrefixLen":0,"IPv6Gateway":"","MacAddress":"","Networks":{"b469af70-f952-4995-a4ae-aaf8319c1e20":{"IPAMConfig":null,"Links":null,"Aliases":["tc-M7Yg14ma","af0c423b62db"],"MacAddress":"02:42:ac:13:00:02","DriverOpts":null,"NetworkID":"f616b05dd96dd6b6e63724e496eb83a1d4e976e96a5b268a96925535349cd985","EndpointID":"c9ea2b0989ce110f488a13cd7f7a4131831fc98735e83cc0e1df82dd3e7ba069","Gateway":"172.19.0.1","IPAddress":"172.19.0.2","IPPrefixLen":16,"IPv6Gateway":"","GlobalIPv6Address":"","GlobalIPv6PrefixLen":0,"DNSNames":["determined_cori","tc-M7Yg14ma","af0c423b62db"]}}}}[\n]"
15:11:25.348 [main] DEBUG com.github.dockerjava.zerodep.shaded.org.apache.hc.client5.http.wire -- http-outgoing-3 << "[\r][\n]"
15:11:25.348 [main] DEBUG com.github.dockerjava.zerodep.shaded.org.apache.hc.client5.http.wire -- http-outgoing-3 << "0[\r][\n]"
15:11:25.348 [main] DEBUG com.github.dockerjava.zerodep.shaded.org.apache.hc.client5.http.wire -- http-outgoing-3 << "[\r][\n]"
15:11:25.348 [main] DEBUG com.github.dockerjava.zerodep.shaded.org.apache.hc.client5.http.impl.classic.InternalHttpClient -- ep-00000024: releasing valid endpoint
15:11:25.348 [main] DEBUG com.github.dockerjava.zerodep.shaded.org.apache.hc.client5.http.impl.io.PoolingHttpClientConnectionManager -- ep-00000024: releasing endpoint
15:11:25.348 [main] DEBUG com.github.dockerjava.zerodep.shaded.org.apache.hc.client5.http.impl.io.PoolingHttpClientConnectionManager -- ep-00000024: connection http-outgoing-3 can be kept alive for 3 MINUTES
15:11:25.348 [main] DEBUG com.github.dockerjava.zerodep.shaded.org.apache.hc.client5.http.impl.io.PoolingHttpClientConnectionManager -- ep-00000024: connection released [route: {}->npipe://localhost:2375][total available: 1; route allocated: 1 of 2147483647; total allocated: 1 of 2147483647]
15:11:25.348 [main] DEBUG org.testcontainers.shaded.com.github.dockerjava.core.command.AbstrDockerCmd -- Cmd: af0c423b62dbf0dcc8cbb6c99b3a76141120cdd01e03e7ce9d8c641df2585cf1,<null>
15:11:25.349 [main] DEBUG com.github.dockerjava.zerodep.shaded.org.apache.hc.client5.http.impl.classic.InternalHttpClient -- ex-00000026: preparing request execution
15:11:25.349 [main] DEBUG com.github.dockerjava.zerodep.shaded.org.apache.hc.client5.http.protocol.RequestAddCookies -- Cookie spec selected: strict
15:11:25.349 [main] DEBUG com.github.dockerjava.zerodep.shaded.org.apache.hc.client5.http.protocol.RequestAuthCache -- Auth cache not set in the context
15:11:25.349 [main] DEBUG com.github.dockerjava.zerodep.shaded.org.apache.hc.client5.http.impl.classic.ProtocolExec -- ex-00000026: target auth state: UNCHALLENGED
15:11:25.349 [main] DEBUG com.github.dockerjava.zerodep.shaded.org.apache.hc.client5.http.impl.classic.ProtocolExec -- ex-00000026: proxy auth state: UNCHALLENGED
15:11:25.349 [main] DEBUG com.github.dockerjava.zerodep.shaded.org.apache.hc.client5.http.impl.classic.ConnectExec -- ex-00000026: acquiring connection with route {}->npipe://localhost:2375
15:11:25.349 [main] DEBUG com.github.dockerjava.zerodep.shaded.org.apache.hc.client5.http.impl.classic.InternalHttpClient -- ex-00000026: acquiring endpoint (3 MINUTES)
15:11:25.349 [main] DEBUG com.github.dockerjava.zerodep.shaded.org.apache.hc.client5.http.impl.io.PoolingHttpClientConnectionManager -- ex-00000026: endpoint lease request (3 MINUTES) [route: {}->npipe://localhost:2375][total available: 1; route allocated: 1 of 2147483647; total allocated: 1 of 2147483647]
15:11:25.349 [main] DEBUG com.github.dockerjava.zerodep.shaded.org.apache.hc.client5.http.impl.io.PoolingHttpClientConnectionManager -- ex-00000026: endpoint leased [route: {}->npipe://localhost:2375][total available: 0; route allocated: 1 of 2147483647; total allocated: 1 of 2147483647]
15:11:25.349 [main] DEBUG com.github.dockerjava.zerodep.shaded.org.apache.hc.client5.http.impl.io.PoolingHttpClientConnectionManager -- ex-00000026: acquired ep-00000025
15:11:25.349 [main] DEBUG com.github.dockerjava.zerodep.shaded.org.apache.hc.client5.http.impl.classic.InternalHttpClient -- ex-00000026: acquired endpoint ep-00000025
15:11:25.349 [main] DEBUG com.github.dockerjava.zerodep.shaded.org.apache.hc.client5.http.impl.classic.MainClientExec -- ex-00000026: executing POST /v1.32/containers/af0c423b62dbf0dcc8cbb6c99b3a76141120cdd01e03e7ce9d8c641df2585cf1/kill HTTP/1.1
15:11:25.350 [main] DEBUG com.github.dockerjava.zerodep.shaded.org.apache.hc.client5.http.impl.classic.InternalHttpClient -- ep-00000025: start execution ex-00000026
15:11:25.350 [main] DEBUG com.github.dockerjava.zerodep.shaded.org.apache.hc.client5.http.impl.io.PoolingHttpClientConnectionManager -- ep-00000025: executing exchange ex-00000026 over http-outgoing-3
15:11:25.350 [main] DEBUG com.github.dockerjava.zerodep.shaded.org.apache.hc.client5.http.headers -- http-outgoing-3 >> POST /v1.32/containers/af0c423b62dbf0dcc8cbb6c99b3a76141120cdd01e03e7ce9d8c641df2585cf1/kill HTTP/1.1
15:11:25.350 [main] DEBUG com.github.dockerjava.zerodep.shaded.org.apache.hc.client5.http.headers -- http-outgoing-3 >> accept: application/json
15:11:25.350 [main] DEBUG com.github.dockerjava.zerodep.shaded.org.apache.hc.client5.http.headers -- http-outgoing-3 >> content-type: application/json
15:11:25.350 [main] DEBUG com.github.dockerjava.zerodep.shaded.org.apache.hc.client5.http.headers -- http-outgoing-3 >> x-tc-sid: 19636001-dfb0-4a92-a4d9-9b302f9285c4
15:11:25.350 [main] DEBUG com.github.dockerjava.zerodep.shaded.org.apache.hc.client5.http.headers -- http-outgoing-3 >> User-Agent: tc-java/1.19.3
15:11:25.350 [main] DEBUG com.github.dockerjava.zerodep.shaded.org.apache.hc.client5.http.headers -- http-outgoing-3 >> Accept-Encoding: gzip, x-gzip, deflate
15:11:25.350 [main] DEBUG com.github.dockerjava.zerodep.shaded.org.apache.hc.client5.http.headers -- http-outgoing-3 >> Host: localhost:2375
15:11:25.350 [main] DEBUG com.github.dockerjava.zerodep.shaded.org.apache.hc.client5.http.headers -- http-outgoing-3 >> Connection: keep-alive
15:11:25.350 [main] DEBUG com.github.dockerjava.zerodep.shaded.org.apache.hc.client5.http.wire -- http-outgoing-3 >> "POST /v1.32/containers/af0c423b62dbf0dcc8cbb6c99b3a76141120cdd01e03e7ce9d8c641df2585cf1/kill HTTP/1.1[\r][\n]"
15:11:25.350 [main] DEBUG com.github.dockerjava.zerodep.shaded.org.apache.hc.client5.http.wire -- http-outgoing-3 >> "accept: application/json[\r][\n]"
15:11:25.350 [main] DEBUG com.github.dockerjava.zerodep.shaded.org.apache.hc.client5.http.wire -- http-outgoing-3 >> "content-type: application/json[\r][\n]"
15:11:25.350 [main] DEBUG com.github.dockerjava.zerodep.shaded.org.apache.hc.client5.http.wire -- http-outgoing-3 >> "x-tc-sid: 19636001-dfb0-4a92-a4d9-9b302f9285c4[\r][\n]"
15:11:25.350 [main] DEBUG com.github.dockerjava.zerodep.shaded.org.apache.hc.client5.http.wire -- http-outgoing-3 >> "User-Agent: tc-java/1.19.3[\r][\n]"
15:11:25.350 [main] DEBUG com.github.dockerjava.zerodep.shaded.org.apache.hc.client5.http.wire -- http-outgoing-3 >> "Accept-Encoding: gzip, x-gzip, deflate[\r][\n]"
15:11:25.350 [main] DEBUG com.github.dockerjava.zerodep.shaded.org.apache.hc.client5.http.wire -- http-outgoing-3 >> "Host: localhost:2375[\r][\n]"
15:11:25.350 [main] DEBUG com.github.dockerjava.zerodep.shaded.org.apache.hc.client5.http.wire -- http-outgoing-3 >> "Connection: keep-alive[\r][\n]"
15:11:25.350 [main] DEBUG com.github.dockerjava.zerodep.shaded.org.apache.hc.client5.http.wire -- http-outgoing-3 >> "[\r][\n]"
15:11:26.187 [main] DEBUG com.github.dockerjava.zerodep.shaded.org.apache.hc.client5.http.wire -- http-outgoing-3 << "HTTP/1.1 204 No Content[\r][\n]"
15:11:26.187 [main] DEBUG com.github.dockerjava.zerodep.shaded.org.apache.hc.client5.http.wire -- http-outgoing-3 << "Api-Version: 1.47[\r][\n]"
15:11:26.187 [main] DEBUG com.github.dockerjava.zerodep.shaded.org.apache.hc.client5.http.wire -- http-outgoing-3 << "Date: Fri, 02 May 2025 13:11:26 GMT[\r][\n]"
15:11:26.187 [main] DEBUG com.github.dockerjava.zerodep.shaded.org.apache.hc.client5.http.wire -- http-outgoing-3 << "Docker-Experimental: false[\r][\n]"
15:11:26.187 [main] DEBUG com.github.dockerjava.zerodep.shaded.org.apache.hc.client5.http.wire -- http-outgoing-3 << "Ostype: linux[\r][\n]"
15:11:26.187 [main] DEBUG com.github.dockerjava.zerodep.shaded.org.apache.hc.client5.http.wire -- http-outgoing-3 << "Server: Docker/27.5.1 (linux)[\r][\n]"
15:11:26.187 [main] DEBUG com.github.dockerjava.zerodep.shaded.org.apache.hc.client5.http.wire -- http-outgoing-3 << "[\r][\n]"
15:11:26.188 [main] DEBUG com.github.dockerjava.zerodep.shaded.org.apache.hc.client5.http.headers -- http-outgoing-3 << HTTP/1.1 204 No Content
15:11:26.188 [main] DEBUG com.github.dockerjava.zerodep.shaded.org.apache.hc.client5.http.headers -- http-outgoing-3 << Api-Version: 1.47
15:11:26.188 [main] DEBUG com.github.dockerjava.zerodep.shaded.org.apache.hc.client5.http.headers -- http-outgoing-3 << Date: Fri, 02 May 2025 13:11:26 GMT
15:11:26.188 [main] DEBUG com.github.dockerjava.zerodep.shaded.org.apache.hc.client5.http.headers -- http-outgoing-3 << Docker-Experimental: false
15:11:26.188 [main] DEBUG com.github.dockerjava.zerodep.shaded.org.apache.hc.client5.http.headers -- http-outgoing-3 << Ostype: linux
15:11:26.188 [main] DEBUG com.github.dockerjava.zerodep.shaded.org.apache.hc.client5.http.headers -- http-outgoing-3 << Server: Docker/27.5.1 (linux)
15:11:26.189 [main] DEBUG com.github.dockerjava.zerodep.shaded.org.apache.hc.client5.http.impl.classic.MainClientExec -- ex-00000026: connection can be kept alive for 3 MINUTES
15:11:26.189 [main] DEBUG com.github.dockerjava.zerodep.shaded.org.apache.hc.client5.http.impl.classic.InternalHttpClient -- ep-00000025: releasing valid endpoint
15:11:26.189 [main] DEBUG com.github.dockerjava.zerodep.shaded.org.apache.hc.client5.http.impl.io.PoolingHttpClientConnectionManager -- ep-00000025: releasing endpoint
15:11:26.189 [main] DEBUG com.github.dockerjava.zerodep.shaded.org.apache.hc.client5.http.impl.io.PoolingHttpClientConnectionManager -- ep-00000025: connection http-outgoing-3 can be kept alive for 3 MINUTES
15:11:26.189 [main] DEBUG com.github.dockerjava.zerodep.shaded.org.apache.hc.client5.http.impl.io.PoolingHttpClientConnectionManager -- ep-00000025: connection released [route: {}->npipe://localhost:2375][total available: 1; route allocated: 1 of 2147483647; total allocated: 1 of 2147483647]
15:11:26.190 [main] DEBUG org.testcontainers.shaded.com.github.dockerjava.core.command.AbstrDockerCmd -- Cmd: af0c423b62dbf0dcc8cbb6c99b3a76141120cdd01e03e7ce9d8c641df2585cf1,false
15:11:26.191 [main] DEBUG org.testcontainers.shaded.com.github.dockerjava.core.exec.InspectContainerCmdExec -- GET: DefaultWebTarget{path=[/containers/af0c423b62dbf0dcc8cbb6c99b3a76141120cdd01e03e7ce9d8c641df2585cf1/json], queryParams={}}
15:11:26.192 [main] DEBUG com.github.dockerjava.zerodep.shaded.org.apache.hc.client5.http.impl.classic.InternalHttpClient -- ex-00000027: preparing request execution
15:11:26.192 [main] DEBUG com.github.dockerjava.zerodep.shaded.org.apache.hc.client5.http.protocol.RequestAddCookies -- Cookie spec selected: strict
15:11:26.193 [main] DEBUG com.github.dockerjava.zerodep.shaded.org.apache.hc.client5.http.protocol.RequestAuthCache -- Auth cache not set in the context
15:11:26.193 [main] DEBUG com.github.dockerjava.zerodep.shaded.org.apache.hc.client5.http.impl.classic.ProtocolExec -- ex-00000027: target auth state: UNCHALLENGED
15:11:26.193 [main] DEBUG com.github.dockerjava.zerodep.shaded.org.apache.hc.client5.http.impl.classic.ProtocolExec -- ex-00000027: proxy auth state: UNCHALLENGED
15:11:26.193 [main] DEBUG com.github.dockerjava.zerodep.shaded.org.apache.hc.client5.http.impl.classic.ConnectExec -- ex-00000027: acquiring connection with route {}->npipe://localhost:2375
15:11:26.193 [main] DEBUG com.github.dockerjava.zerodep.shaded.org.apache.hc.client5.http.impl.classic.InternalHttpClient -- ex-00000027: acquiring endpoint (3 MINUTES)
15:11:26.193 [main] DEBUG com.github.dockerjava.zerodep.shaded.org.apache.hc.client5.http.impl.io.PoolingHttpClientConnectionManager -- ex-00000027: endpoint lease request (3 MINUTES) [route: {}->npipe://localhost:2375][total available: 1; route allocated: 1 of 2147483647; total allocated: 1 of 2147483647]
15:11:26.193 [main] DEBUG com.github.dockerjava.zerodep.shaded.org.apache.hc.client5.http.impl.io.PoolingHttpClientConnectionManager -- ex-00000027: endpoint leased [route: {}->npipe://localhost:2375][total available: 0; route allocated: 1 of 2147483647; total allocated: 1 of 2147483647]
15:11:26.193 [main] DEBUG com.github.dockerjava.zerodep.shaded.org.apache.hc.client5.http.impl.io.PoolingHttpClientConnectionManager -- ex-00000027: acquired ep-00000026
15:11:26.193 [main] DEBUG com.github.dockerjava.zerodep.shaded.org.apache.hc.client5.http.impl.classic.InternalHttpClient -- ex-00000027: acquired endpoint ep-00000026
15:11:26.193 [main] DEBUG com.github.dockerjava.zerodep.shaded.org.apache.hc.client5.http.impl.classic.MainClientExec -- ex-00000027: executing GET /v1.32/containers/af0c423b62dbf0dcc8cbb6c99b3a76141120cdd01e03e7ce9d8c641df2585cf1/json HTTP/1.1
15:11:26.193 [main] DEBUG com.github.dockerjava.zerodep.shaded.org.apache.hc.client5.http.impl.classic.InternalHttpClient -- ep-00000026: start execution ex-00000027
15:11:26.193 [main] DEBUG com.github.dockerjava.zerodep.shaded.org.apache.hc.client5.http.impl.io.PoolingHttpClientConnectionManager -- ep-00000026: executing exchange ex-00000027 over http-outgoing-3
15:11:26.193 [main] DEBUG com.github.dockerjava.zerodep.shaded.org.apache.hc.client5.http.headers -- http-outgoing-3 >> GET /v1.32/containers/af0c423b62dbf0dcc8cbb6c99b3a76141120cdd01e03e7ce9d8c641df2585cf1/json HTTP/1.1
15:11:26.194 [main] DEBUG com.github.dockerjava.zerodep.shaded.org.apache.hc.client5.http.headers -- http-outgoing-3 >> accept: application/json
15:11:26.194 [main] DEBUG com.github.dockerjava.zerodep.shaded.org.apache.hc.client5.http.headers -- http-outgoing-3 >> x-tc-sid: 19636001-dfb0-4a92-a4d9-9b302f9285c4
15:11:26.194 [main] DEBUG com.github.dockerjava.zerodep.shaded.org.apache.hc.client5.http.headers -- http-outgoing-3 >> User-Agent: tc-java/1.19.3
15:11:26.194 [main] DEBUG com.github.dockerjava.zerodep.shaded.org.apache.hc.client5.http.headers -- http-outgoing-3 >> Accept-Encoding: gzip, x-gzip, deflate
15:11:26.194 [main] DEBUG com.github.dockerjava.zerodep.shaded.org.apache.hc.client5.http.headers -- http-outgoing-3 >> Host: localhost:2375
15:11:26.194 [main] DEBUG com.github.dockerjava.zerodep.shaded.org.apache.hc.client5.http.headers -- http-outgoing-3 >> Connection: keep-alive
15:11:26.194 [main] DEBUG com.github.dockerjava.zerodep.shaded.org.apache.hc.client5.http.wire -- http-outgoing-3 >> "GET /v1.32/containers/af0c423b62dbf0dcc8cbb6c99b3a76141120cdd01e03e7ce9d8c641df2585cf1/json HTTP/1.1[\r][\n]"
15:11:26.194 [main] DEBUG com.github.dockerjava.zerodep.shaded.org.apache.hc.client5.http.wire -- http-outgoing-3 >> "accept: application/json[\r][\n]"
15:11:26.194 [main] DEBUG com.github.dockerjava.zerodep.shaded.org.apache.hc.client5.http.wire -- http-outgoing-3 >> "x-tc-sid: 19636001-dfb0-4a92-a4d9-9b302f9285c4[\r][\n]"
15:11:26.194 [main] DEBUG com.github.dockerjava.zerodep.shaded.org.apache.hc.client5.http.wire -- http-outgoing-3 >> "User-Agent: tc-java/1.19.3[\r][\n]"
15:11:26.194 [main] DEBUG com.github.dockerjava.zerodep.shaded.org.apache.hc.client5.http.wire -- http-outgoing-3 >> "Accept-Encoding: gzip, x-gzip, deflate[\r][\n]"
15:11:26.194 [main] DEBUG com.github.dockerjava.zerodep.shaded.org.apache.hc.client5.http.wire -- http-outgoing-3 >> "Host: localhost:2375[\r][\n]"
15:11:26.194 [main] DEBUG com.github.dockerjava.zerodep.shaded.org.apache.hc.client5.http.wire -- http-outgoing-3 >> "Connection: keep-alive[\r][\n]"
15:11:26.194 [main] DEBUG com.github.dockerjava.zerodep.shaded.org.apache.hc.client5.http.wire -- http-outgoing-3 >> "[\r][\n]"
15:11:26.213 [main] DEBUG com.github.dockerjava.zerodep.shaded.org.apache.hc.client5.http.wire -- http-outgoing-3 << "HTTP/1.1 200 OK[\r][\n]"
15:11:26.213 [main] DEBUG com.github.dockerjava.zerodep.shaded.org.apache.hc.client5.http.wire -- http-outgoing-3 << "Api-Version: 1.47[\r][\n]"
15:11:26.213 [main] DEBUG com.github.dockerjava.zerodep.shaded.org.apache.hc.client5.http.wire -- http-outgoing-3 << "Content-Type: application/json[\r][\n]"
15:11:26.213 [main] DEBUG com.github.dockerjava.zerodep.shaded.org.apache.hc.client5.http.wire -- http-outgoing-3 << "Date: Fri, 02 May 2025 13:11:26 GMT[\r][\n]"
15:11:26.213 [main] DEBUG com.github.dockerjava.zerodep.shaded.org.apache.hc.client5.http.wire -- http-outgoing-3 << "Docker-Experimental: false[\r][\n]"
15:11:26.213 [main] DEBUG com.github.dockerjava.zerodep.shaded.org.apache.hc.client5.http.wire -- http-outgoing-3 << "Ostype: linux[\r][\n]"
15:11:26.213 [main] DEBUG com.github.dockerjava.zerodep.shaded.org.apache.hc.client5.http.wire -- http-outgoing-3 << "Server: Docker/27.5.1 (linux)[\r][\n]"
15:11:26.213 [main] DEBUG com.github.dockerjava.zerodep.shaded.org.apache.hc.client5.http.wire -- http-outgoing-3 << "Transfer-Encoding: chunked[\r][\n]"
15:11:26.213 [main] DEBUG com.github.dockerjava.zerodep.shaded.org.apache.hc.client5.http.wire -- http-outgoing-3 << "[\r][\n]"
15:11:26.214 [main] DEBUG com.github.dockerjava.zerodep.shaded.org.apache.hc.client5.http.headers -- http-outgoing-3 << HTTP/1.1 200 OK
15:11:26.214 [main] DEBUG com.github.dockerjava.zerodep.shaded.org.apache.hc.client5.http.headers -- http-outgoing-3 << Api-Version: 1.47
15:11:26.214 [main] DEBUG com.github.dockerjava.zerodep.shaded.org.apache.hc.client5.http.headers -- http-outgoing-3 << Content-Type: application/json
15:11:26.214 [main] DEBUG com.github.dockerjava.zerodep.shaded.org.apache.hc.client5.http.headers -- http-outgoing-3 << Date: Fri, 02 May 2025 13:11:26 GMT
15:11:26.214 [main] DEBUG com.github.dockerjava.zerodep.shaded.org.apache.hc.client5.http.headers -- http-outgoing-3 << Docker-Experimental: false
15:11:26.214 [main] DEBUG com.github.dockerjava.zerodep.shaded.org.apache.hc.client5.http.headers -- http-outgoing-3 << Ostype: linux
15:11:26.214 [main] DEBUG com.github.dockerjava.zerodep.shaded.org.apache.hc.client5.http.headers -- http-outgoing-3 << Server: Docker/27.5.1 (linux)
15:11:26.214 [main] DEBUG com.github.dockerjava.zerodep.shaded.org.apache.hc.client5.http.headers -- http-outgoing-3 << Transfer-Encoding: chunked
15:11:26.214 [main] DEBUG com.github.dockerjava.zerodep.shaded.org.apache.hc.client5.http.impl.classic.MainClientExec -- ex-00000027: connection can be kept alive for 3 MINUTES
15:11:26.216 [main] DEBUG com.github.dockerjava.zerodep.shaded.org.apache.hc.client5.http.wire -- http-outgoing-3 << "15e1[\r][\n]"
15:11:26.216 [main] DEBUG com.github.dockerjava.zerodep.shaded.org.apache.hc.client5.http.wire -- http-outgoing-3 << "{"Id":"af0c423b62dbf0dcc8cbb6c99b3a76141120cdd01e03e7ce9d8c641df2585cf1","Created":"2025-05-02T13:11:07.988967359Z","Path":"/opt/bin/entry_point.sh","Args":[],"State":{"Status":"exited","Running":false,"Paused":false,"Restarting":false,"OOMKilled":false,"Dead":false,"Pid":0,"ExitCode":137,"Error":"","StartedAt":"2025-05-02T13:11:08.299204928Z","FinishedAt":"2025-05-02T13:11:25.424234217Z"},"Image":"sha256:98a4acf36526b42162e80e32b36ba7e5cd93e15cb0f2ca510d6fc3fe655edf92","ResolvConfPath":"/var/lib/docker/containers/af0c423b62dbf0dcc8cbb6c99b3a76141120cdd01e03e7ce9d8c641df2585cf1/resolv.conf","HostnamePath":"/var/lib/docker/containers/af0c423b62dbf0dcc8cbb6c99b3a76141120cdd01e03e7ce9d8c641df2585cf1/hostname","HostsPath":"/var/lib/docker/containers/af0c423b62dbf0dcc8cbb6c99b3a76141120cdd01e03e7ce9d8c641df2585cf1/hosts","LogPath":"/var/lib/docker/containers/af0c423b62dbf0dcc8cbb6c99b3a76141120cdd01e03e7ce9d8c641df2585cf1/af0c423b62dbf0dcc8cbb6c99b3a76141120cdd01e03e7ce9d8c641df2585cf1-json.log","Name":"/determined_cori","RestartCount":0,"Driver":"overlayfs","Platform":"linux","MountLabel":"","ProcessLabel":"","AppArmorProfile":"","ExecIDs":null,"HostConfig":{"Binds":[],"ContainerIDFile":"","LogConfig":{"Type":"json-file","Config":{}},"NetworkMode":"f616b05dd96dd6b6e63724e496eb83a1d4e976e96a5b268a96925535349cd985","PortBindings":{"4444/tcp":[{"HostIp":"0.0.0.0","HostPort":"0"}],"5900/tcp":[{"HostIp":"0.0.0.0","HostPort":"0"}]},"RestartPolicy":{"Name":"no","MaximumRetryCount":0},"AutoRemove":false,"VolumeDriver":"","VolumesFrom":[],"ConsoleSize":[0,0],"CapAdd":null,"CapDrop":null,"CgroupnsMode":"host","Dns":null,"DnsOptions":null,"DnsSearch":null,"ExtraHosts":[],"GroupAdd":null,"IpcMode":"shareable","Cgroup":"","Links":null,"OomScoreAdj":0,"PidMode":"","Privileged":false,"PublishAllPorts":false,"ReadonlyRootfs":false,"SecurityOpt":null,"UTSMode":"","UsernsMode":"","ShmSize":536870912,"Runtime":"runc","Isolation":"","CpuShares":0,"Memory":0,"NanoCpus":0,"CgroupParent":"","BlkioWeight":0,"BlkioWeightDevice":null,"BlkioDeviceReadBps":null,"BlkioDeviceWriteBps":null,"BlkioDeviceReadIOps":null,"BlkioDeviceWriteIOps":null,"CpuPeriod":0,"CpuQuota":0,"CpuRealtimePeriod":0,"CpuRealtimeRuntime":0,"CpusetCpus":"","CpusetMems":"","Devices":null,"DeviceCgroupRules":null,"DeviceRequests":null,"MemoryReservation":0,"MemorySwap":0,"MemorySwappiness":null,"OomKillDisable":false,"PidsLimit":null,"Ulimits":null,"CpuCount":0,"CpuPercent":0,"IOMaximumIOps":0,"IOMaximumBandwidth":0,"MaskedPaths":["/proc/asound","/proc/acpi","/proc/kcore","/proc/keys","/proc/latency_stats","/proc/timer_list","/proc/timer_stats","/proc/sched_debug","/proc/scsi","/sys/firmware","/sys/devices/virtual/powercap"],"ReadonlyPaths":["/proc/bus","/proc/fs","/proc/irq","/proc/sys","/proc/sysrq-trigger"]},"GraphDriver":{"Data":null,"Name":"overlayfs"},"Mounts":[],"Config":{"Hostname":"af0c423b62db","Domainname":"","User":"1200","AttachStdin":false,"AttachStdout":false,"AttachStderr":false,"ExposedPorts":{"4444/tcp":{},"5900/tcp":{}},"Tty":false,"OpenStdin":false,"StdinOnce":false,"Env":["no_proxy=localhost","TZ=Europe/Madrid","PATH=/usr/local/sbin:/usr/local/bin:/usr/sbin:/usr/bin:/sbin:/bin","DEBIAN_FRONTEND=noninteractive","DEBCONF_NONINTERACTIVE_SEEN=true","SEL_USER=seluser","SEL_UID=1200","SEL_GID=1201","HOME=/home/seluser","SEL_DOWNLOAD_DIR=/Downloads","SE_BIND_HOST=false","SE_REJECT_UNSUPPORTED_CAPS=false","SE_OTEL_JAVA_GLOBAL_AUTOCONFIGURE_ENABLED=true","SE_OTEL_TRACES_EXPORTER=otlp","LANG_WHICH=en","LANG_WHERE=US","ENCODING=UTF-8","LANGUAGE=en_US.UTF-8","LANG=","SE_ENABLE_BROWSER_LEFTOVERS_CLEANUP=false","SE_BROWSER_LEFTOVERS_INTERVAL_SECS=3600","SE_BROWSER_LEFTOVERS_PROCESSES_SECS=7200","SE_BROWSER_LEFTOVERS_TEMPFILES_DAYS=1","SE_DRAIN_AFTER_SESSION_COUNT=0","SE_NODE_MAX_SESSIONS=1","SE_NODE_SESSION_TIMEOUT=300","SE_NODE_OVERRIDE_MAX_SESSIONS=false","SE_NODE_HEARTBEAT_PERIOD=30","SE_OTEL_SERVICE_NAME=selenium-standalone","SE_OFFLINE=true","SE_SCREEN_WIDTH=1360","SE_SCREEN_HEIGHT=1020","SE_SCREEN_DEPTH=24","SE_SCREEN_DPI=96","SE_START_XVFB=true","SE_START_VNC=tru"
15:11:26.218 [main] DEBUG com.github.dockerjava.zerodep.shaded.org.apache.hc.client5.http.wire -- http-outgoing-3 << "e","SE_START_NO_VNC=true","SE_NO_VNC_PORT=7900","SE_VNC_PORT=5900","DISPLAY=:99.0","DISPLAY_NUM=99","CONFIG_FILE=/opt/selenium/config.toml","GENERATE_CONFIG=true","DBUS_SESSION_BUS_ADDRESS=/dev/null","SE_SESSION_REQUEST_TIMEOUT=300","SE_SESSION_RETRY_INTERVAL=15","SE_HEALTHCHECK_INTERVAL=120","SE_RELAX_CHECKS=true"],"Cmd":["/opt/bin/entry_point.sh"],"Image":"selenium/standalone-chrome:4.20.0","Volumes":null,"WorkingDir":"","Entrypoint":null,"OnBuild":null,"Labels":{"authors":"","org.opencontainers.image.ref.name":"ubuntu","org.opencontainers.image.version":"22.04","org.testcontainers":"true","org.testcontainers.lang":"java","org.testcontainers.sessionId":"19636001-dfb0-4a92-a4d9-9b302f9285c4","org.testcontainers.version":"1.19.3"}},"NetworkSettings":{"Bridge":"","SandboxID":"","SandboxKey":"","Ports":{},"HairpinMode":false,"LinkLocalIPv6Address":"","LinkLocalIPv6PrefixLen":0,"SecondaryIPAddresses":null,"SecondaryIPv6Addresses":null,"EndpointID":"","Gateway":"","GlobalIPv6Address":"","GlobalIPv6PrefixLen":0,"IPAddress":"","IPPrefixLen":0,"IPv6Gateway":"","MacAddress":"","Networks":{"b469af70-f952-4995-a4ae-aaf8319c1e20":{"IPAMConfig":null,"Links":null,"Aliases":["tc-M7Yg14ma","af0c423b62db"],"MacAddress":"","DriverOpts":null,"NetworkID":"f616b05dd96dd6b6e63724e496eb83a1d4e976e96a5b268a96925535349cd985","EndpointID":"","Gateway":"","IPAddress":"","IPPrefixLen":0,"IPv6Gateway":"","GlobalIPv6Address":"","GlobalIPv6PrefixLen":0,"DNSNames":["determined_cori","tc-M7Yg14ma","af0c423b62db"]}}}}[\n]"
15:11:26.221 [main] DEBUG com.github.dockerjava.zerodep.shaded.org.apache.hc.client5.http.wire -- http-outgoing-3 << "[\r][\n]"
15:11:26.221 [main] DEBUG com.github.dockerjava.zerodep.shaded.org.apache.hc.client5.http.wire -- http-outgoing-3 << "0[\r][\n]"
15:11:26.221 [main] DEBUG com.github.dockerjava.zerodep.shaded.org.apache.hc.client5.http.wire -- http-outgoing-3 << "[\r][\n]"
15:11:26.221 [main] DEBUG com.github.dockerjava.zerodep.shaded.org.apache.hc.client5.http.impl.classic.InternalHttpClient -- ep-00000026: releasing valid endpoint
15:11:26.221 [main] DEBUG com.github.dockerjava.zerodep.shaded.org.apache.hc.client5.http.impl.io.PoolingHttpClientConnectionManager -- ep-00000026: releasing endpoint
15:11:26.221 [main] DEBUG com.github.dockerjava.zerodep.shaded.org.apache.hc.client5.http.impl.io.PoolingHttpClientConnectionManager -- ep-00000026: connection http-outgoing-3 can be kept alive for 3 MINUTES
15:11:26.221 [main] DEBUG com.github.dockerjava.zerodep.shaded.org.apache.hc.client5.http.impl.io.PoolingHttpClientConnectionManager -- ep-00000026: connection released [route: {}->npipe://localhost:2375][total available: 1; route allocated: 1 of 2147483647; total allocated: 1 of 2147483647]
15:11:26.221 [main] DEBUG org.testcontainers.shaded.com.github.dockerjava.core.command.AbstrDockerCmd -- Cmd: af0c423b62dbf0dcc8cbb6c99b3a76141120cdd01e03e7ce9d8c641df2585cf1,true,true
15:11:26.224 [main] DEBUG com.github.dockerjava.zerodep.shaded.org.apache.hc.client5.http.impl.classic.InternalHttpClient -- ex-00000028: preparing request execution
15:11:26.224 [main] DEBUG com.github.dockerjava.zerodep.shaded.org.apache.hc.client5.http.protocol.RequestAddCookies -- Cookie spec selected: strict
15:11:26.224 [main] DEBUG com.github.dockerjava.zerodep.shaded.org.apache.hc.client5.http.protocol.RequestAuthCache -- Auth cache not set in the context
15:11:26.224 [main] DEBUG com.github.dockerjava.zerodep.shaded.org.apache.hc.client5.http.impl.classic.ProtocolExec -- ex-00000028: target auth state: UNCHALLENGED
15:11:26.224 [main] DEBUG com.github.dockerjava.zerodep.shaded.org.apache.hc.client5.http.impl.classic.ProtocolExec -- ex-00000028: proxy auth state: UNCHALLENGED
15:11:26.224 [main] DEBUG com.github.dockerjava.zerodep.shaded.org.apache.hc.client5.http.impl.classic.ConnectExec -- ex-00000028: acquiring connection with route {}->npipe://localhost:2375
15:11:26.224 [main] DEBUG com.github.dockerjava.zerodep.shaded.org.apache.hc.client5.http.impl.classic.InternalHttpClient -- ex-00000028: acquiring endpoint (3 MINUTES)
15:11:26.224 [main] DEBUG com.github.dockerjava.zerodep.shaded.org.apache.hc.client5.http.impl.io.PoolingHttpClientConnectionManager -- ex-00000028: endpoint lease request (3 MINUTES) [route: {}->npipe://localhost:2375][total available: 1; route allocated: 1 of 2147483647; total allocated: 1 of 2147483647]
15:11:26.225 [main] DEBUG com.github.dockerjava.zerodep.shaded.org.apache.hc.client5.http.impl.io.PoolingHttpClientConnectionManager -- ex-00000028: endpoint leased [route: {}->npipe://localhost:2375][total available: 0; route allocated: 1 of 2147483647; total allocated: 1 of 2147483647]
15:11:26.225 [main] DEBUG com.github.dockerjava.zerodep.shaded.org.apache.hc.client5.http.impl.io.PoolingHttpClientConnectionManager -- ex-00000028: acquired ep-00000027
15:11:26.225 [main] DEBUG com.github.dockerjava.zerodep.shaded.org.apache.hc.client5.http.impl.classic.InternalHttpClient -- ex-00000028: acquired endpoint ep-00000027
15:11:26.225 [main] DEBUG com.github.dockerjava.zerodep.shaded.org.apache.hc.client5.http.impl.classic.MainClientExec -- ex-00000028: executing DELETE /v1.32/containers/af0c423b62dbf0dcc8cbb6c99b3a76141120cdd01e03e7ce9d8c641df2585cf1?v=true&force=true HTTP/1.1
15:11:26.225 [main] DEBUG com.github.dockerjava.zerodep.shaded.org.apache.hc.client5.http.impl.classic.InternalHttpClient -- ep-00000027: start execution ex-00000028
15:11:26.225 [main] DEBUG com.github.dockerjava.zerodep.shaded.org.apache.hc.client5.http.impl.io.PoolingHttpClientConnectionManager -- ep-00000027: executing exchange ex-00000028 over http-outgoing-3
15:11:26.225 [main] DEBUG com.github.dockerjava.zerodep.shaded.org.apache.hc.client5.http.headers -- http-outgoing-3 >> DELETE /v1.32/containers/af0c423b62dbf0dcc8cbb6c99b3a76141120cdd01e03e7ce9d8c641df2585cf1?v=true&force=true HTTP/1.1
15:11:26.225 [main] DEBUG com.github.dockerjava.zerodep.shaded.org.apache.hc.client5.http.headers -- http-outgoing-3 >> accept: application/json
15:11:26.225 [main] DEBUG com.github.dockerjava.zerodep.shaded.org.apache.hc.client5.http.headers -- http-outgoing-3 >> x-tc-sid: 19636001-dfb0-4a92-a4d9-9b302f9285c4
15:11:26.225 [main] DEBUG com.github.dockerjava.zerodep.shaded.org.apache.hc.client5.http.headers -- http-outgoing-3 >> User-Agent: tc-java/1.19.3
15:11:26.225 [main] DEBUG com.github.dockerjava.zerodep.shaded.org.apache.hc.client5.http.headers -- http-outgoing-3 >> Accept-Encoding: gzip, x-gzip, deflate
15:11:26.225 [main] DEBUG com.github.dockerjava.zerodep.shaded.org.apache.hc.client5.http.headers -- http-outgoing-3 >> Host: localhost:2375
15:11:26.225 [main] DEBUG com.github.dockerjava.zerodep.shaded.org.apache.hc.client5.http.headers -- http-outgoing-3 >> Connection: keep-alive
15:11:26.225 [main] DEBUG com.github.dockerjava.zerodep.shaded.org.apache.hc.client5.http.wire -- http-outgoing-3 >> "DELETE /v1.32/containers/af0c423b62dbf0dcc8cbb6c99b3a76141120cdd01e03e7ce9d8c641df2585cf1?v=true&force=true HTTP/1.1[\r][\n]"
15:11:26.225 [main] DEBUG com.github.dockerjava.zerodep.shaded.org.apache.hc.client5.http.wire -- http-outgoing-3 >> "accept: application/json[\r][\n]"
15:11:26.225 [main] DEBUG com.github.dockerjava.zerodep.shaded.org.apache.hc.client5.http.wire -- http-outgoing-3 >> "x-tc-sid: 19636001-dfb0-4a92-a4d9-9b302f9285c4[\r][\n]"
15:11:26.225 [main] DEBUG com.github.dockerjava.zerodep.shaded.org.apache.hc.client5.http.wire -- http-outgoing-3 >> "User-Agent: tc-java/1.19.3[\r][\n]"
15:11:26.225 [main] DEBUG com.github.dockerjava.zerodep.shaded.org.apache.hc.client5.http.wire -- http-outgoing-3 >> "Accept-Encoding: gzip, x-gzip, deflate[\r][\n]"
15:11:26.225 [main] DEBUG com.github.dockerjava.zerodep.shaded.org.apache.hc.client5.http.wire -- http-outgoing-3 >> "Host: localhost:2375[\r][\n]"
15:11:26.225 [main] DEBUG com.github.dockerjava.zerodep.shaded.org.apache.hc.client5.http.wire -- http-outgoing-3 >> "Connection: keep-alive[\r][\n]"
15:11:26.225 [main] DEBUG com.github.dockerjava.zerodep.shaded.org.apache.hc.client5.http.wire -- http-outgoing-3 >> "[\r][\n]"
15:11:26.300 [main] DEBUG com.github.dockerjava.zerodep.shaded.org.apache.hc.client5.http.wire -- http-outgoing-3 << "HTTP/1.1 204 No Content[\r][\n]"
15:11:26.300 [main] DEBUG com.github.dockerjava.zerodep.shaded.org.apache.hc.client5.http.wire -- http-outgoing-3 << "Api-Version: 1.47[\r][\n]"
15:11:26.300 [main] DEBUG com.github.dockerjava.zerodep.shaded.org.apache.hc.client5.http.wire -- http-outgoing-3 << "Date: Fri, 02 May 2025 13:11:26 GMT[\r][\n]"
15:11:26.300 [main] DEBUG com.github.dockerjava.zerodep.shaded.org.apache.hc.client5.http.wire -- http-outgoing-3 << "Docker-Experimental: false[\r][\n]"
15:11:26.300 [main] DEBUG com.github.dockerjava.zerodep.shaded.org.apache.hc.client5.http.wire -- http-outgoing-3 << "Ostype: linux[\r][\n]"
15:11:26.300 [main] DEBUG com.github.dockerjava.zerodep.shaded.org.apache.hc.client5.http.wire -- http-outgoing-3 << "Server: Docker/27.5.1 (linux)[\r][\n]"
15:11:26.300 [main] DEBUG com.github.dockerjava.zerodep.shaded.org.apache.hc.client5.http.wire -- http-outgoing-3 << "[\r][\n]"
15:11:26.300 [main] DEBUG com.github.dockerjava.zerodep.shaded.org.apache.hc.client5.http.headers -- http-outgoing-3 << HTTP/1.1 204 No Content
15:11:26.300 [main] DEBUG com.github.dockerjava.zerodep.shaded.org.apache.hc.client5.http.headers -- http-outgoing-3 << Api-Version: 1.47
15:11:26.300 [main] DEBUG com.github.dockerjava.zerodep.shaded.org.apache.hc.client5.http.headers -- http-outgoing-3 << Date: Fri, 02 May 2025 13:11:26 GMT
15:11:26.300 [main] DEBUG com.github.dockerjava.zerodep.shaded.org.apache.hc.client5.http.headers -- http-outgoing-3 << Docker-Experimental: false
15:11:26.300 [main] DEBUG com.github.dockerjava.zerodep.shaded.org.apache.hc.client5.http.headers -- http-outgoing-3 << Ostype: linux
15:11:26.300 [main] DEBUG com.github.dockerjava.zerodep.shaded.org.apache.hc.client5.http.headers -- http-outgoing-3 << Server: Docker/27.5.1 (linux)
15:11:26.301 [main] DEBUG com.github.dockerjava.zerodep.shaded.org.apache.hc.client5.http.impl.classic.MainClientExec -- ex-00000028: connection can be kept alive for 3 MINUTES
15:11:26.301 [main] DEBUG com.github.dockerjava.zerodep.shaded.org.apache.hc.client5.http.impl.classic.InternalHttpClient -- ep-00000027: releasing valid endpoint
15:11:26.301 [main] DEBUG com.github.dockerjava.zerodep.shaded.org.apache.hc.client5.http.impl.io.PoolingHttpClientConnectionManager -- ep-00000027: releasing endpoint
15:11:26.302 [main] DEBUG com.github.dockerjava.zerodep.shaded.org.apache.hc.client5.http.impl.io.PoolingHttpClientConnectionManager -- ep-00000027: connection http-outgoing-3 can be kept alive for 3 MINUTES
15:11:26.302 [main] DEBUG com.github.dockerjava.zerodep.shaded.org.apache.hc.client5.http.impl.io.PoolingHttpClientConnectionManager -- ep-00000027: connection released [route: {}->npipe://localhost:2375][total available: 1; route allocated: 1 of 2147483647; total allocated: 1 of 2147483647]
15:11:26.302 [main] DEBUG org.testcontainers.utility.ResourceReaper -- Removed container and associated volume(s): selenium/standalone-chrome:4.20.0
]]></system-out>
    <system-err><![CDATA[may 02, 2025 3:11:15 P. M. org.openqa.selenium.remote.tracing.opentelemetry.OpenTelemetryTracer createTracer
INFORMACIÓN: Using OpenTelemetry for tracing
]]></system-err>
  </testcase>
</testsuite>