<?xml version="1.0" encoding="UTF-8"?>
<testsuite xmlns:xsi="http://www.w3.org/2001/XMLSchema-instance" xsi:noNamespaceSchemaLocation="https://maven.apache.org/surefire/maven-surefire-plugin/xsd/surefire-test-report-3.0.xsd" version="3.0" name="TestContainersBrowserTest" time="16.302" tests="1" errors="0" skipped="0" failures="0">
  <properties>
    <property name="java.specification.version" value="21"/>
    <property name="sun.cpu.isalist" value="amd64"/>
    <property name="sun.jnu.encoding" value="Cp1252"/>
    <property name="java.class.path" value="C:\Users\Elena\OneDrive\Escritorio\testcontainers-browser\target\test-classes;C:\Users\Elena\OneDrive\Escritorio\testcontainers-browser\target\classes;C:\Users\Elena\.m2\repository\org\junit\jupiter\junit-jupiter-api\5.10.0\junit-jupiter-api-5.10.0.jar;C:\Users\Elena\.m2\repository\org\opentest4j\opentest4j\1.3.0\opentest4j-1.3.0.jar;C:\Users\Elena\.m2\repository\org\junit\platform\junit-platform-commons\1.10.0\junit-platform-commons-1.10.0.jar;C:\Users\Elena\.m2\repository\org\apiguardian\apiguardian-api\1.1.2\apiguardian-api-1.1.2.jar;C:\Users\Elena\.m2\repository\org\junit\jupiter\junit-jupiter-engine\5.10.0\junit-jupiter-engine-5.10.0.jar;C:\Users\Elena\.m2\repository\org\junit\platform\junit-platform-engine\1.10.0\junit-platform-engine-1.10.0.jar;C:\Users\Elena\.m2\repository\ch\qos\logback\logback-classic\1.4.14\logback-classic-1.4.14.jar;C:\Users\Elena\.m2\repository\ch\qos\logback\logback-core\1.4.14\logback-core-1.4.14.jar;C:\Users\Elena\.m2\repository\org\slf4j\slf4j-api\2.0.7\slf4j-api-2.0.7.jar;C:\Users\Elena\.m2\repository\org\seleniumhq\selenium\selenium-java\4.20.0\selenium-java-4.20.0.jar;C:\Users\Elena\.m2\repository\org\seleniumhq\selenium\selenium-api\4.20.0\selenium-api-4.20.0.jar;C:\Users\Elena\.m2\repository\org\seleniumhq\selenium\selenium-chrome-driver\4.20.0\selenium-chrome-driver-4.20.0.jar;C:\Users\Elena\.m2\repository\org\seleniumhq\selenium\selenium-chromium-driver\4.20.0\selenium-chromium-driver-4.20.0.jar;C:\Users\Elena\.m2\repository\org\seleniumhq\selenium\selenium-devtools-v122\4.20.0\selenium-devtools-v122-4.20.0.jar;C:\Users\Elena\.m2\repository\org\seleniumhq\selenium\selenium-devtools-v123\4.20.0\selenium-devtools-v123-4.20.0.jar;C:\Users\Elena\.m2\repository\org\seleniumhq\selenium\selenium-devtools-v124\4.20.0\selenium-devtools-v124-4.20.0.jar;C:\Users\Elena\.m2\repository\org\seleniumhq\selenium\selenium-devtools-v85\4.20.0\selenium-devtools-v85-4.20.0.jar;C:\Users\Elena\.m2\repository\org\seleniumhq\selenium\selenium-edge-driver\4.20.0\selenium-edge-driver-4.20.0.jar;C:\Users\Elena\.m2\repository\org\seleniumhq\selenium\selenium-firefox-driver\4.20.0\selenium-firefox-driver-4.20.0.jar;C:\Users\Elena\.m2\repository\org\seleniumhq\selenium\selenium-ie-driver\4.20.0\selenium-ie-driver-4.20.0.jar;C:\Users\Elena\.m2\repository\org\seleniumhq\selenium\selenium-safari-driver\4.20.0\selenium-safari-driver-4.20.0.jar;C:\Users\Elena\.m2\repository\org\seleniumhq\selenium\selenium-support\4.20.0\selenium-support-4.20.0.jar;C:\Users\Elena\.m2\repository\org\seleniumhq\selenium\selenium-remote-driver\4.20.0\selenium-remote-driver-4.20.0.jar;C:\Users\Elena\.m2\repository\com\google\auto\service\auto-service-annotations\1.1.1\auto-service-annotations-1.1.1.jar;C:\Users\Elena\.m2\repository\com\google\guava\guava\33.1.0-jre\guava-33.1.0-jre.jar;C:\Users\Elena\.m2\repository\com\google\guava\failureaccess\1.0.2\failureaccess-1.0.2.jar;C:\Users\Elena\.m2\repository\com\google\guava\listenablefuture\9999.0-empty-to-avoid-conflict-with-guava\listenablefuture-9999.0-empty-to-avoid-conflict-with-guava.jar;C:\Users\Elena\.m2\repository\com\google\code\findbugs\jsr305\3.0.2\jsr305-3.0.2.jar;C:\Users\Elena\.m2\repository\org\checkerframework\checker-qual\3.42.0\checker-qual-3.42.0.jar;C:\Users\Elena\.m2\repository\com\google\errorprone\error_prone_annotations\2.26.1\error_prone_annotations-2.26.1.jar;C:\Users\Elena\.m2\repository\com\google\j2objc\j2objc-annotations\3.0.0\j2objc-annotations-3.0.0.jar;C:\Users\Elena\.m2\repository\io\opentelemetry\semconv\opentelemetry-semconv\1.25.0-alpha\opentelemetry-semconv-1.25.0-alpha.jar;C:\Users\Elena\.m2\repository\io\opentelemetry\opentelemetry-api\1.37.0\opentelemetry-api-1.37.0.jar;C:\Users\Elena\.m2\repository\io\opentelemetry\opentelemetry-context\1.37.0\opentelemetry-context-1.37.0.jar;C:\Users\Elena\.m2\repository\io\opentelemetry\opentelemetry-exporter-logging\1.37.0\opentelemetry-exporter-logging-1.37.0.jar;C:\Users\Elena\.m2\repository\io\opentelemetry\opentelemetry-sdk-common\1.37.0\opentelemetry-sdk-common-1.37.0.jar;C:\Users\Elena\.m2\repository\io\opentelemetry\opentelemetry-sdk-extension-autoconfigure-spi\1.37.0\opentelemetry-sdk-extension-autoconfigure-spi-1.37.0.jar;C:\Users\Elena\.m2\repository\io\opentelemetry\opentelemetry-sdk-extension-autoconfigure\1.37.0\opentelemetry-sdk-extension-autoconfigure-1.37.0.jar;C:\Users\Elena\.m2\repository\io\opentelemetry\opentelemetry-api-incubator\1.37.0-alpha\opentelemetry-api-incubator-1.37.0-alpha.jar;C:\Users\Elena\.m2\repository\io\opentelemetry\opentelemetry-sdk-trace\1.37.0\opentelemetry-sdk-trace-1.37.0.jar;C:\Users\Elena\.m2\repository\io\opentelemetry\opentelemetry-sdk\1.37.0\opentelemetry-sdk-1.37.0.jar;C:\Users\Elena\.m2\repository\io\opentelemetry\opentelemetry-sdk-metrics\1.37.0\opentelemetry-sdk-metrics-1.37.0.jar;C:\Users\Elena\.m2\repository\io\opentelemetry\opentelemetry-sdk-logs\1.37.0\opentelemetry-sdk-logs-1.37.0.jar;C:\Users\Elena\.m2\repository\net\bytebuddy\byte-buddy\1.14.14\byte-buddy-1.14.14.jar;C:\Users\Elena\.m2\repository\org\seleniumhq\selenium\selenium-http\4.20.0\selenium-http-4.20.0.jar;C:\Users\Elena\.m2\repository\dev\failsafe\failsafe\3.3.2\failsafe-3.3.2.jar;C:\Users\Elena\.m2\repository\org\seleniumhq\selenium\selenium-json\4.20.0\selenium-json-4.20.0.jar;C:\Users\Elena\.m2\repository\org\seleniumhq\selenium\selenium-manager\4.20.0\selenium-manager-4.20.0.jar;C:\Users\Elena\.m2\repository\org\seleniumhq\selenium\selenium-os\4.20.0\selenium-os-4.20.0.jar;C:\Users\Elena\.m2\repository\org\apache\commons\commons-exec\1.4.0\commons-exec-1.4.0.jar;C:\Users\Elena\.m2\repository\org\testcontainers\junit-jupiter\1.19.3\junit-jupiter-1.19.3.jar;C:\Users\Elena\.m2\repository\org\testcontainers\testcontainers\1.19.3\testcontainers-1.19.3.jar;C:\Users\Elena\.m2\repository\junit\junit\4.13.2\junit-4.13.2.jar;C:\Users\Elena\.m2\repository\org\hamcrest\hamcrest-core\1.3\hamcrest-core-1.3.jar;C:\Users\Elena\.m2\repository\org\apache\commons\commons-compress\1.24.0\commons-compress-1.24.0.jar;C:\Users\Elena\.m2\repository\org\rnorth\duct-tape\duct-tape\1.0.8\duct-tape-1.0.8.jar;C:\Users\Elena\.m2\repository\org\jetbrains\annotations\17.0.0\annotations-17.0.0.jar;C:\Users\Elena\.m2\repository\com\github\docker-java\docker-java-api\3.3.4\docker-java-api-3.3.4.jar;C:\Users\Elena\.m2\repository\com\fasterxml\jackson\core\jackson-annotations\2.10.3\jackson-annotations-2.10.3.jar;C:\Users\Elena\.m2\repository\com\github\docker-java\docker-java-transport-zerodep\3.3.4\docker-java-transport-zerodep-3.3.4.jar;C:\Users\Elena\.m2\repository\com\github\docker-java\docker-java-transport\3.3.4\docker-java-transport-3.3.4.jar;C:\Users\Elena\.m2\repository\net\java\dev\jna\jna\5.13.0\jna-5.13.0.jar;C:\Users\Elena\.m2\repository\org\testcontainers\selenium\1.19.3\selenium-1.19.3.jar;"/>
    <property name="java.vm.vendor" value="Eclipse Adoptium"/>
    <property name="sun.arch.data.model" value="64"/>
    <property name="user.variant" value=""/>
    <property name="java.vendor.url" value="https://adoptium.net/"/>
    <property name="user.timezone" value="Europe/Madrid"/>
    <property name="os.name" value="Windows 11"/>
    <property name="java.vm.specification.version" value="21"/>
    <property name="sun.java.launcher" value="SUN_STANDARD"/>
    <property name="user.country" value="ES"/>
    <property name="sun.boot.library.path" value="C:\Users\Elena\AppData\Roaming\Code\User\globalStorage\pleiades.java-extension-pack-jdk\java\21\bin"/>
    <property name="sun.java.command" value="C:\Users\Elena\AppData\Local\Temp\surefire9530542119148294368\surefirebooter-20250502080447541_3.jar C:\Users\Elena\AppData\Local\Temp\surefire9530542119148294368 2025-05-02T08-04-47_388-jvmRun1 surefire-20250502080447541_1tmp surefire_0-20250502080447541_2tmp"/>
    <property name="jdk.debug" value="release"/>
    <property name="test" value="TestContainersBrowserTest"/>
    <property name="surefire.test.class.path" value="C:\Users\Elena\OneDrive\Escritorio\testcontainers-browser\target\test-classes;C:\Users\Elena\OneDrive\Escritorio\testcontainers-browser\target\classes;C:\Users\Elena\.m2\repository\org\junit\jupiter\junit-jupiter-api\5.10.0\junit-jupiter-api-5.10.0.jar;C:\Users\Elena\.m2\repository\org\opentest4j\opentest4j\1.3.0\opentest4j-1.3.0.jar;C:\Users\Elena\.m2\repository\org\junit\platform\junit-platform-commons\1.10.0\junit-platform-commons-1.10.0.jar;C:\Users\Elena\.m2\repository\org\apiguardian\apiguardian-api\1.1.2\apiguardian-api-1.1.2.jar;C:\Users\Elena\.m2\repository\org\junit\jupiter\junit-jupiter-engine\5.10.0\junit-jupiter-engine-5.10.0.jar;C:\Users\Elena\.m2\repository\org\junit\platform\junit-platform-engine\1.10.0\junit-platform-engine-1.10.0.jar;C:\Users\Elena\.m2\repository\ch\qos\logback\logback-classic\1.4.14\logback-classic-1.4.14.jar;C:\Users\Elena\.m2\repository\ch\qos\logback\logback-core\1.4.14\logback-core-1.4.14.jar;C:\Users\Elena\.m2\repository\org\slf4j\slf4j-api\2.0.7\slf4j-api-2.0.7.jar;C:\Users\Elena\.m2\repository\org\seleniumhq\selenium\selenium-java\4.20.0\selenium-java-4.20.0.jar;C:\Users\Elena\.m2\repository\org\seleniumhq\selenium\selenium-api\4.20.0\selenium-api-4.20.0.jar;C:\Users\Elena\.m2\repository\org\seleniumhq\selenium\selenium-chrome-driver\4.20.0\selenium-chrome-driver-4.20.0.jar;C:\Users\Elena\.m2\repository\org\seleniumhq\selenium\selenium-chromium-driver\4.20.0\selenium-chromium-driver-4.20.0.jar;C:\Users\Elena\.m2\repository\org\seleniumhq\selenium\selenium-devtools-v122\4.20.0\selenium-devtools-v122-4.20.0.jar;C:\Users\Elena\.m2\repository\org\seleniumhq\selenium\selenium-devtools-v123\4.20.0\selenium-devtools-v123-4.20.0.jar;C:\Users\Elena\.m2\repository\org\seleniumhq\selenium\selenium-devtools-v124\4.20.0\selenium-devtools-v124-4.20.0.jar;C:\Users\Elena\.m2\repository\org\seleniumhq\selenium\selenium-devtools-v85\4.20.0\selenium-devtools-v85-4.20.0.jar;C:\Users\Elena\.m2\repository\org\seleniumhq\selenium\selenium-edge-driver\4.20.0\selenium-edge-driver-4.20.0.jar;C:\Users\Elena\.m2\repository\org\seleniumhq\selenium\selenium-firefox-driver\4.20.0\selenium-firefox-driver-4.20.0.jar;C:\Users\Elena\.m2\repository\org\seleniumhq\selenium\selenium-ie-driver\4.20.0\selenium-ie-driver-4.20.0.jar;C:\Users\Elena\.m2\repository\org\seleniumhq\selenium\selenium-safari-driver\4.20.0\selenium-safari-driver-4.20.0.jar;C:\Users\Elena\.m2\repository\org\seleniumhq\selenium\selenium-support\4.20.0\selenium-support-4.20.0.jar;C:\Users\Elena\.m2\repository\org\seleniumhq\selenium\selenium-remote-driver\4.20.0\selenium-remote-driver-4.20.0.jar;C:\Users\Elena\.m2\repository\com\google\auto\service\auto-service-annotations\1.1.1\auto-service-annotations-1.1.1.jar;C:\Users\Elena\.m2\repository\com\google\guava\guava\33.1.0-jre\guava-33.1.0-jre.jar;C:\Users\Elena\.m2\repository\com\google\guava\failureaccess\1.0.2\failureaccess-1.0.2.jar;C:\Users\Elena\.m2\repository\com\google\guava\listenablefuture\9999.0-empty-to-avoid-conflict-with-guava\listenablefuture-9999.0-empty-to-avoid-conflict-with-guava.jar;C:\Users\Elena\.m2\repository\com\google\code\findbugs\jsr305\3.0.2\jsr305-3.0.2.jar;C:\Users\Elena\.m2\repository\org\checkerframework\checker-qual\3.42.0\checker-qual-3.42.0.jar;C:\Users\Elena\.m2\repository\com\google\errorprone\error_prone_annotations\2.26.1\error_prone_annotations-2.26.1.jar;C:\Users\Elena\.m2\repository\com\google\j2objc\j2objc-annotations\3.0.0\j2objc-annotations-3.0.0.jar;C:\Users\Elena\.m2\repository\io\opentelemetry\semconv\opentelemetry-semconv\1.25.0-alpha\opentelemetry-semconv-1.25.0-alpha.jar;C:\Users\Elena\.m2\repository\io\opentelemetry\opentelemetry-api\1.37.0\opentelemetry-api-1.37.0.jar;C:\Users\Elena\.m2\repository\io\opentelemetry\opentelemetry-context\1.37.0\opentelemetry-context-1.37.0.jar;C:\Users\Elena\.m2\repository\io\opentelemetry\opentelemetry-exporter-logging\1.37.0\opentelemetry-exporter-logging-1.37.0.jar;C:\Users\Elena\.m2\repository\io\opentelemetry\opentelemetry-sdk-common\1.37.0\opentelemetry-sdk-common-1.37.0.jar;C:\Users\Elena\.m2\repository\io\opentelemetry\opentelemetry-sdk-extension-autoconfigure-spi\1.37.0\opentelemetry-sdk-extension-autoconfigure-spi-1.37.0.jar;C:\Users\Elena\.m2\repository\io\opentelemetry\opentelemetry-sdk-extension-autoconfigure\1.37.0\opentelemetry-sdk-extension-autoconfigure-1.37.0.jar;C:\Users\Elena\.m2\repository\io\opentelemetry\opentelemetry-api-incubator\1.37.0-alpha\opentelemetry-api-incubator-1.37.0-alpha.jar;C:\Users\Elena\.m2\repository\io\opentelemetry\opentelemetry-sdk-trace\1.37.0\opentelemetry-sdk-trace-1.37.0.jar;C:\Users\Elena\.m2\repository\io\opentelemetry\opentelemetry-sdk\1.37.0\opentelemetry-sdk-1.37.0.jar;C:\Users\Elena\.m2\repository\io\opentelemetry\opentelemetry-sdk-metrics\1.37.0\opentelemetry-sdk-metrics-1.37.0.jar;C:\Users\Elena\.m2\repository\io\opentelemetry\opentelemetry-sdk-logs\1.37.0\opentelemetry-sdk-logs-1.37.0.jar;C:\Users\Elena\.m2\repository\net\bytebuddy\byte-buddy\1.14.14\byte-buddy-1.14.14.jar;C:\Users\Elena\.m2\repository\org\seleniumhq\selenium\selenium-http\4.20.0\selenium-http-4.20.0.jar;C:\Users\Elena\.m2\repository\dev\failsafe\failsafe\3.3.2\failsafe-3.3.2.jar;C:\Users\Elena\.m2\repository\org\seleniumhq\selenium\selenium-json\4.20.0\selenium-json-4.20.0.jar;C:\Users\Elena\.m2\repository\org\seleniumhq\selenium\selenium-manager\4.20.0\selenium-manager-4.20.0.jar;C:\Users\Elena\.m2\repository\org\seleniumhq\selenium\selenium-os\4.20.0\selenium-os-4.20.0.jar;C:\Users\Elena\.m2\repository\org\apache\commons\commons-exec\1.4.0\commons-exec-1.4.0.jar;C:\Users\Elena\.m2\repository\org\testcontainers\junit-jupiter\1.19.3\junit-jupiter-1.19.3.jar;C:\Users\Elena\.m2\repository\org\testcontainers\testcontainers\1.19.3\testcontainers-1.19.3.jar;C:\Users\Elena\.m2\repository\junit\junit\4.13.2\junit-4.13.2.jar;C:\Users\Elena\.m2\repository\org\hamcrest\hamcrest-core\1.3\hamcrest-core-1.3.jar;C:\Users\Elena\.m2\repository\org\apache\commons\commons-compress\1.24.0\commons-compress-1.24.0.jar;C:\Users\Elena\.m2\repository\org\rnorth\duct-tape\duct-tape\1.0.8\duct-tape-1.0.8.jar;C:\Users\Elena\.m2\repository\org\jetbrains\annotations\17.0.0\annotations-17.0.0.jar;C:\Users\Elena\.m2\repository\com\github\docker-java\docker-java-api\3.3.4\docker-java-api-3.3.4.jar;C:\Users\Elena\.m2\repository\com\fasterxml\jackson\core\jackson-annotations\2.10.3\jackson-annotations-2.10.3.jar;C:\Users\Elena\.m2\repository\com\github\docker-java\docker-java-transport-zerodep\3.3.4\docker-java-transport-zerodep-3.3.4.jar;C:\Users\Elena\.m2\repository\com\github\docker-java\docker-java-transport\3.3.4\docker-java-transport-3.3.4.jar;C:\Users\Elena\.m2\repository\net\java\dev\jna\jna\5.13.0\jna-5.13.0.jar;C:\Users\Elena\.m2\repository\org\testcontainers\selenium\1.19.3\selenium-1.19.3.jar;"/>
    <property name="sun.cpu.endian" value="little"/>
    <property name="user.home" value="C:\Users\Elena"/>
    <property name="user.language" value="es"/>
    <property name="java.specification.vendor" value="Oracle Corporation"/>
    <property name="java.version.date" value="2025-01-21"/>
    <property name="java.home" value="C:\Users\Elena\AppData\Roaming\Code\User\globalStorage\pleiades.java-extension-pack-jdk\java\21"/>
    <property name="file.separator" value="\"/>
    <property name="basedir" value="C:\Users\Elena\OneDrive\Escritorio\testcontainers-browser"/>
    <property name="java.vm.compressedOopsMode" value="Zero based"/>
    <property name="line.separator" value="&#10;"/>
    <property name="java.vm.specification.vendor" value="Oracle Corporation"/>
    <property name="java.specification.name" value="Java Platform API Specification"/>
    <property name="java.awt.headless" value="true"/>
    <property name="surefire.real.class.path" value="C:\Users\Elena\AppData\Local\Temp\surefire9530542119148294368\surefirebooter-20250502080447541_3.jar"/>
    <property name="user.script" value=""/>
    <property name="sun.management.compiler" value="HotSpot 64-Bit Tiered Compilers"/>
    <property name="java.runtime.version" value="21.0.6+7-LTS"/>
    <property name="user.name" value="Elena"/>
    <property name="stdout.encoding" value="UTF-8"/>
    <property name="path.separator" value=";"/>
    <property name="otel.metrics.exporter" value="none"/>
    <property name="os.version" value="10.0"/>
    <property name="java.runtime.name" value="OpenJDK Runtime Environment"/>
    <property name="otel.traces.exporter" value="none"/>
    <property name="file.encoding" value="UTF-8"/>
    <property name="java.vm.name" value="OpenJDK 64-Bit Server VM"/>
    <property name="java.vendor.version" value="Temurin-21.0.6+7"/>
    <property name="localRepository" value="C:\Users\Elena\.m2\repository"/>
    <property name="java.vendor.url.bug" value="https://github.com/adoptium/adoptium-support/issues"/>
    <property name="otel.logs.exporter" value="none"/>
    <property name="java.io.tmpdir" value="C:\Users\Elena\AppData\Local\Temp\"/>
    <property name="java.version" value="21.0.6"/>
    <property name="user.dir" value="C:\Users\Elena\OneDrive\Escritorio\testcontainers-browser"/>
    <property name="os.arch" value="amd64"/>
    <property name="java.vm.specification.name" value="Java Virtual Machine Specification"/>
    <property name="sun.os.patch.level" value=""/>
    <property name="native.encoding" value="Cp1252"/>
    <property name="java.library.path" value="C:\Users\Elena\AppData\Roaming\Code\User\globalStorage\pleiades.java-extension-pack-jdk\java\21\bin;C:\WINDOWS\Sun\Java\bin;C:\WINDOWS\system32;C:\WINDOWS;C:\Users\Elena\AppData\Roaming\Code\User\globalStorage\pleiades.java-extension-pack-jdk\java\21\bin;C:\Users\Elena\OneDrive\Escritorio\php-8.4.5-Win32-vs17-x64;C:\Program Files\Java\jdk-23\bin;C:\Program Files\MySQL Server 9.2\bin;C:\WINDOWS\system32;C:\WINDOWS;C:\WINDOWS\System32\Wbem;C:\Program Files\Zulu\zulu-22\bin\;C:\WINDOWS\System32\WindowsPowerShell\v1.0\;C:\WINDOWS\System32\OpenSSH\;C:\Program Files\Java\jdk-21\\bin;C:\Program Files\Git\cmd;C:\FPC\3.2.2\bin\i386-Win32;C:\Program Files\MySQL\MySQL Server 9.2\bin;C:\Program Files\Docker\Docker\resources\bin;%NVM_HOME%;%NVM_SYMLINK%;C:\Users\Elena\OneDrive\apache-maven-3.9.9\bin;C:\Users\Elena\AppData\Local\Programs\Microsoft VS Code\bin;C:\Users\Elena\AppData\Roaming\npm;C:\Users\Elena\AppData\Local\Programs\mongosh\;C:\Users\Elena\.fly\bin;C:\Program Files\heroku\bin;C:\Users\Elena\AppData\Local\Microsoft\WindowsApps;C:\Users\Elena\AppData\Local\nvm;C:\nvm4w\nodejs;."/>
    <property name="java.vm.info" value="mixed mode, sharing"/>
    <property name="stderr.encoding" value="UTF-8"/>
    <property name="java.vendor" value="Eclipse Adoptium"/>
    <property name="java.vm.version" value="21.0.6+7-LTS"/>
    <property name="sun.io.unicode.encoding" value="UnicodeLittle"/>
    <property name="java.class.version" value="65.0"/>
  </properties>
  <testcase name="testHttpCat404Direct" classname="TestContainersBrowserTest" time="15.979">
    <system-out><![CDATA[08:04:48.970 [main] DEBUG org.testcontainers.utility.TestcontainersConfiguration -- Testcontainers configuration overrides will be loaded from file:/C:/Users/Elena/.testcontainers.properties
08:04:48.996 [main] INFO org.testcontainers.images.PullPolicy -- Image pull policy will be performed by: DefaultPullPolicy()
08:04:48.998 [main] INFO org.testcontainers.utility.ImageNameSubstitutor -- Image name substitution will be performed by: DefaultImageNameSubstitutor (composite of 'ConfigurationFileImageNameSubstitutor' and 'PrefixingImageNameSubstitutor')
08:04:49.463 [main] INFO org.testcontainers.dockerclient.DockerClientProviderStrategy -- Loaded org.testcontainers.dockerclient.NpipeSocketClientProviderStrategy from ~/.testcontainers.properties, will try it first
08:04:49.466 [main] DEBUG org.testcontainers.dockerclient.DockerClientProviderStrategy -- Trying out strategy: NpipeSocketClientProviderStrategy
08:04:49.584 [main] DEBUG org.testcontainers.shaded.com.github.dockerjava.core.command.AbstrDockerCmd -- Cmd: 
08:04:49.609 [main] DEBUG com.github.dockerjava.zerodep.shaded.org.apache.hc.client5.http.impl.classic.InternalHttpClient -- ex-00000001: preparing request execution
08:04:49.613 [main] DEBUG com.github.dockerjava.zerodep.shaded.org.apache.hc.client5.http.protocol.RequestAddCookies -- Cookie spec selected: strict
08:04:49.619 [main] DEBUG com.github.dockerjava.zerodep.shaded.org.apache.hc.client5.http.protocol.RequestAuthCache -- Auth cache not set in the context
08:04:49.619 [main] DEBUG com.github.dockerjava.zerodep.shaded.org.apache.hc.client5.http.impl.classic.ProtocolExec -- ex-00000001: target auth state: UNCHALLENGED
08:04:49.621 [main] DEBUG com.github.dockerjava.zerodep.shaded.org.apache.hc.client5.http.impl.classic.ProtocolExec -- ex-00000001: proxy auth state: UNCHALLENGED
08:04:49.621 [main] DEBUG com.github.dockerjava.zerodep.shaded.org.apache.hc.client5.http.impl.classic.ConnectExec -- ex-00000001: acquiring connection with route {}->npipe://localhost:2375
08:04:49.621 [main] DEBUG com.github.dockerjava.zerodep.shaded.org.apache.hc.client5.http.impl.classic.InternalHttpClient -- ex-00000001: acquiring endpoint (3 MINUTES)
08:04:49.622 [main] DEBUG com.github.dockerjava.zerodep.shaded.org.apache.hc.client5.http.impl.io.PoolingHttpClientConnectionManager -- ex-00000001: endpoint lease request (3 MINUTES) [route: {}->npipe://localhost:2375][total available: 0; route allocated: 0 of 2147483647; total allocated: 0 of 2147483647]
08:04:49.625 [main] DEBUG com.github.dockerjava.zerodep.shaded.org.apache.hc.client5.http.impl.io.PoolingHttpClientConnectionManager -- ex-00000001: endpoint leased [route: {}->npipe://localhost:2375][total available: 0; route allocated: 1 of 2147483647; total allocated: 1 of 2147483647]
08:04:49.632 [main] DEBUG com.github.dockerjava.zerodep.shaded.org.apache.hc.client5.http.impl.io.PoolingHttpClientConnectionManager -- ex-00000001: acquired ep-00000000
08:04:49.632 [main] DEBUG com.github.dockerjava.zerodep.shaded.org.apache.hc.client5.http.impl.classic.InternalHttpClient -- ex-00000001: acquired endpoint ep-00000000
08:04:49.632 [main] DEBUG com.github.dockerjava.zerodep.shaded.org.apache.hc.client5.http.impl.classic.ConnectExec -- ex-00000001: opening connection {}->npipe://localhost:2375
08:04:49.633 [main] DEBUG com.github.dockerjava.zerodep.shaded.org.apache.hc.client5.http.impl.classic.InternalHttpClient -- ep-00000000: connecting endpoint (3 MINUTES)
08:04:49.633 [main] DEBUG com.github.dockerjava.zerodep.shaded.org.apache.hc.client5.http.impl.io.PoolingHttpClientConnectionManager -- ep-00000000: connecting endpoint to npipe://localhost:2375 (3 MINUTES)
08:04:49.638 [main] DEBUG com.github.dockerjava.zerodep.shaded.org.apache.hc.client5.http.impl.io.DefaultHttpClientConnectionOperator -- http-outgoing-0: connecting to localhost/127.0.0.1:2375
08:04:49.639 [main] DEBUG com.github.dockerjava.zerodep.shaded.org.apache.hc.client5.http.impl.io.DefaultHttpClientConnectionOperator -- http-outgoing-0: connection established 
08:04:49.640 [main] DEBUG com.github.dockerjava.zerodep.shaded.org.apache.hc.client5.http.impl.io.PoolingHttpClientConnectionManager -- ep-00000000: connected http-outgoing-0
08:04:49.640 [main] DEBUG com.github.dockerjava.zerodep.shaded.org.apache.hc.client5.http.impl.classic.InternalHttpClient -- ep-00000000: endpoint connected
08:04:49.640 [main] DEBUG com.github.dockerjava.zerodep.shaded.org.apache.hc.client5.http.impl.classic.MainClientExec -- ex-00000001: executing GET /v1.32/info HTTP/1.1
08:04:49.641 [main] DEBUG com.github.dockerjava.zerodep.shaded.org.apache.hc.client5.http.impl.classic.InternalHttpClient -- ep-00000000: start execution ex-00000001
08:04:49.641 [main] DEBUG com.github.dockerjava.zerodep.shaded.org.apache.hc.client5.http.impl.io.PoolingHttpClientConnectionManager -- ep-00000000: executing exchange ex-00000001 over http-outgoing-0
08:04:49.641 [main] DEBUG com.github.dockerjava.zerodep.shaded.org.apache.hc.client5.http.headers -- http-outgoing-0 >> GET /v1.32/info HTTP/1.1
08:04:49.642 [main] DEBUG com.github.dockerjava.zerodep.shaded.org.apache.hc.client5.http.headers -- http-outgoing-0 >> x-tc-sid: 3e81ff38-c5d8-46ef-80ba-8fe8bfdd672a
08:04:49.642 [main] DEBUG com.github.dockerjava.zerodep.shaded.org.apache.hc.client5.http.headers -- http-outgoing-0 >> User-Agent: tc-java/1.19.3
08:04:49.642 [main] DEBUG com.github.dockerjava.zerodep.shaded.org.apache.hc.client5.http.headers -- http-outgoing-0 >> Accept-Encoding: gzip, x-gzip, deflate
08:04:49.642 [main] DEBUG com.github.dockerjava.zerodep.shaded.org.apache.hc.client5.http.headers -- http-outgoing-0 >> Host: localhost:2375
08:04:49.642 [main] DEBUG com.github.dockerjava.zerodep.shaded.org.apache.hc.client5.http.headers -- http-outgoing-0 >> Connection: keep-alive
08:04:49.642 [main] DEBUG com.github.dockerjava.zerodep.shaded.org.apache.hc.client5.http.wire -- http-outgoing-0 >> "GET /v1.32/info HTTP/1.1[\r][\n]"
08:04:49.642 [main] DEBUG com.github.dockerjava.zerodep.shaded.org.apache.hc.client5.http.wire -- http-outgoing-0 >> "x-tc-sid: 3e81ff38-c5d8-46ef-80ba-8fe8bfdd672a[\r][\n]"
08:04:49.642 [main] DEBUG com.github.dockerjava.zerodep.shaded.org.apache.hc.client5.http.wire -- http-outgoing-0 >> "User-Agent: tc-java/1.19.3[\r][\n]"
08:04:49.642 [main] DEBUG com.github.dockerjava.zerodep.shaded.org.apache.hc.client5.http.wire -- http-outgoing-0 >> "Accept-Encoding: gzip, x-gzip, deflate[\r][\n]"
08:04:49.642 [main] DEBUG com.github.dockerjava.zerodep.shaded.org.apache.hc.client5.http.wire -- http-outgoing-0 >> "Host: localhost:2375[\r][\n]"
08:04:49.643 [main] DEBUG com.github.dockerjava.zerodep.shaded.org.apache.hc.client5.http.wire -- http-outgoing-0 >> "Connection: keep-alive[\r][\n]"
08:04:49.643 [main] DEBUG com.github.dockerjava.zerodep.shaded.org.apache.hc.client5.http.wire -- http-outgoing-0 >> "[\r][\n]"
08:04:49.672 [main] DEBUG com.github.dockerjava.zerodep.shaded.org.apache.hc.client5.http.wire -- http-outgoing-0 << "HTTP/1.1 200 OK[\r][\n]"
08:04:49.672 [main] DEBUG com.github.dockerjava.zerodep.shaded.org.apache.hc.client5.http.wire -- http-outgoing-0 << "Api-Version: 1.47[\r][\n]"
08:04:49.672 [main] DEBUG com.github.dockerjava.zerodep.shaded.org.apache.hc.client5.http.wire -- http-outgoing-0 << "Content-Type: application/json[\r][\n]"
08:04:49.672 [main] DEBUG com.github.dockerjava.zerodep.shaded.org.apache.hc.client5.http.wire -- http-outgoing-0 << "Date: Fri, 02 May 2025 06:04:49 GMT[\r][\n]"
08:04:49.672 [main] DEBUG com.github.dockerjava.zerodep.shaded.org.apache.hc.client5.http.wire -- http-outgoing-0 << "Docker-Experimental: false[\r][\n]"
08:04:49.672 [main] DEBUG com.github.dockerjava.zerodep.shaded.org.apache.hc.client5.http.wire -- http-outgoing-0 << "Ostype: linux[\r][\n]"
08:04:49.672 [main] DEBUG com.github.dockerjava.zerodep.shaded.org.apache.hc.client5.http.wire -- http-outgoing-0 << "Server: Docker/27.5.1 (linux)[\r][\n]"
08:04:49.672 [main] DEBUG com.github.dockerjava.zerodep.shaded.org.apache.hc.client5.http.wire -- http-outgoing-0 << "Transfer-Encoding: chunked[\r][\n]"
08:04:49.673 [main] DEBUG com.github.dockerjava.zerodep.shaded.org.apache.hc.client5.http.wire -- http-outgoing-0 << "[\r][\n]"
08:04:49.675 [main] DEBUG com.github.dockerjava.zerodep.shaded.org.apache.hc.client5.http.headers -- http-outgoing-0 << HTTP/1.1 200 OK
08:04:49.675 [main] DEBUG com.github.dockerjava.zerodep.shaded.org.apache.hc.client5.http.headers -- http-outgoing-0 << Api-Version: 1.47
08:04:49.675 [main] DEBUG com.github.dockerjava.zerodep.shaded.org.apache.hc.client5.http.headers -- http-outgoing-0 << Content-Type: application/json
08:04:49.675 [main] DEBUG com.github.dockerjava.zerodep.shaded.org.apache.hc.client5.http.headers -- http-outgoing-0 << Date: Fri, 02 May 2025 06:04:49 GMT
08:04:49.675 [main] DEBUG com.github.dockerjava.zerodep.shaded.org.apache.hc.client5.http.headers -- http-outgoing-0 << Docker-Experimental: false
08:04:49.675 [main] DEBUG com.github.dockerjava.zerodep.shaded.org.apache.hc.client5.http.headers -- http-outgoing-0 << Ostype: linux
08:04:49.675 [main] DEBUG com.github.dockerjava.zerodep.shaded.org.apache.hc.client5.http.headers -- http-outgoing-0 << Server: Docker/27.5.1 (linux)
08:04:49.675 [main] DEBUG com.github.dockerjava.zerodep.shaded.org.apache.hc.client5.http.headers -- http-outgoing-0 << Transfer-Encoding: chunked
08:04:49.678 [main] DEBUG com.github.dockerjava.zerodep.shaded.org.apache.hc.client5.http.impl.classic.MainClientExec -- ex-00000001: connection can be kept alive for 3 MINUTES
08:04:49.680 [main] DEBUG com.github.dockerjava.zerodep.shaded.org.apache.hc.client5.http.wire -- http-outgoing-0 << "acd[\r][\n]"
08:04:49.680 [main] DEBUG com.github.dockerjava.zerodep.shaded.org.apache.hc.client5.http.wire -- http-outgoing-0 << "{"ID":"7723e164-43b6-4a01-b297-f325e35cecd5","Containers":2,"ContainersRunning":2,"ContainersPaused":0,"ContainersStopped":0,"Images":6,"Driver":"overlayfs","DriverStatus":[["driver-type","io.containerd.snapshotter.v1"]],"Plugins":{"Volume":["local"],"Network":["bridge","host","ipvlan","macvlan","null","overlay"],"Authorization":null,"Log":["awslogs","fluentd","gcplogs","gelf","journald","json-file","local","splunk","syslog"]},"MemoryLimit":true,"SwapLimit":true,"KernelMemory":true,"KernelMemoryTCP":true,"CpuCfsPeriod":true,"CpuCfsQuota":true,"CPUShares":true,"CPUSet":true,"PidsLimit":true,"IPv4Forwarding":true,"BridgeNfIptables":true,"BridgeNfIp6tables":true,"Debug":false,"NFd":76,"OomKillDisable":true,"NGoroutines":104,"SystemTime":"2025-05-02T06:04:49.647772772Z","LoggingDriver":"json-file","CgroupDriver":"cgroupfs","CgroupVersion":"1","NEventsListener":17,"KernelVersion":"5.15.167.4-microsoft-standard-WSL2","OperatingSystem":"Docker Desktop","OSVersion":"","OSType":"linux","Architecture":"x86_64","IndexServerAddress":"https://index.docker.io/v1/","RegistryConfig":{"AllowNondistributableArtifactsCIDRs":null,"AllowNondistributableArtifactsHostnames":null,"InsecureRegistryCIDRs":["127.0.0.0/8"],"IndexConfigs":{"docker.io":{"Name":"docker.io","Mirrors":[],"Secure":true,"Official":true},"hubproxy.docker.internal:5555":{"Name":"hubproxy.docker.internal:5555","Mirrors":[],"Secure":false,"Official":false}},"Mirrors":null},"NCPU":8,"MemTotal":8170528768,"GenericResources":null,"DockerRootDir":"/var/lib/docker","HttpProxy":"http.docker.internal:3128","HttpsProxy":"http.docker.internal:3128","NoProxy":"hubproxy.docker.internal","Name":"docker-desktop","Labels":["com.docker.desktop.address=npipe://\\\\.\\pipe\\docker_cli"],"ExperimentalBuild":false,"ServerVersion":"27.5.1","Runtimes":{"io.containerd.runc.v2":{"path":"runc"},"nvidia":{"path":"nvidia-container-runtime"},"runc":{"path":"runc"}},"DefaultRuntime":"runc","Swarm":{"NodeID":"","NodeAddr":"","LocalNodeState":"inactive","ControlAvailable":false,"Error":"","RemoteManagers":null},"LiveRestoreEnabled":false,"Isolation":"","InitBinary":"docker-init","ContainerdCommit":{"ID":"bcc810d6b9066471b0b6fa75f557a15a1cbf31bb","Expected":"bcc810d6b9066471b0b6fa75f557a15a1cbf31bb"},"RuncCommit":{"ID":"v1.1.12-0-g51d5e946","Expected":"v1.1.12-0-g51d5e946"},"InitCommit":{"ID":"de40ad0","Expected":"de40ad0"},"SecurityOptions":["name=seccomp,profile=unconfined"],"CDISpecDirs":["/etc/cdi","/var/run/cdi"],"Warnings":["WARNING: No blkio throttle.read_bps_device support","WARNING: No blkio throttle.write_bps_device support","WARNING: No blkio throttle.read_iops_device support","WARNING: No blkio throttle.write_iops_device support","WARNING: daemon is not using the default seccomp profile"]}[\r][\n]"
08:04:49.680 [main] DEBUG com.github.dockerjava.zerodep.shaded.org.apache.hc.client5.http.wire -- http-outgoing-0 << "0[\r][\n]"
08:04:49.681 [main] DEBUG com.github.dockerjava.zerodep.shaded.org.apache.hc.client5.http.wire -- http-outgoing-0 << "[\r][\n]"
08:04:49.733 [main] DEBUG com.github.dockerjava.zerodep.shaded.org.apache.hc.client5.http.impl.classic.InternalHttpClient -- ep-00000000: releasing valid endpoint
08:04:49.736 [main] DEBUG com.github.dockerjava.zerodep.shaded.org.apache.hc.client5.http.impl.io.PoolingHttpClientConnectionManager -- ep-00000000: releasing endpoint
08:04:49.736 [main] DEBUG com.github.dockerjava.zerodep.shaded.org.apache.hc.client5.http.impl.io.PoolingHttpClientConnectionManager -- ep-00000000: connection http-outgoing-0 can be kept alive for 3 MINUTES
08:04:49.737 [main] DEBUG com.github.dockerjava.zerodep.shaded.org.apache.hc.client5.http.impl.io.PoolingHttpClientConnectionManager -- ep-00000000: connection released [route: {}->npipe://localhost:2375][total available: 1; route allocated: 1 of 2147483647; total allocated: 1 of 2147483647]
08:04:49.737 [main] INFO org.testcontainers.dockerclient.DockerClientProviderStrategy -- Found Docker environment with local Npipe socket (npipe:////./pipe/docker_engine)
08:04:49.738 [main] DEBUG org.testcontainers.dockerclient.DockerClientProviderStrategy -- Transport type: 'httpclient5', Docker host: 'npipe:////./pipe/docker_engine'
08:04:49.738 [main] DEBUG org.testcontainers.dockerclient.DockerClientProviderStrategy -- Checking Docker OS type for local Npipe socket (npipe:////./pipe/docker_engine)
08:04:49.739 [main] INFO org.testcontainers.DockerClientFactory -- Docker host IP address is localhost
08:04:49.739 [main] DEBUG org.testcontainers.DockerClientFactory -- Docker info: {CDISpecDirs=[/etc/cdi, /var/run/cdi], NGoroutines=104, Name=docker-desktop, Swarm={NodeID=, NodeAddr=, LocalNodeState=inactive, ControlAvailable=false, Error=, RemoteManagers=null}, RuncCommit={ID=v1.1.12-0-g51d5e946, Expected=v1.1.12-0-g51d5e946}, OSVersion=, Runtimes={io.containerd.runc.v2={path=runc}, nvidia={path=nvidia-container-runtime}, runc={path=runc}}, ID=7723e164-43b6-4a01-b297-f325e35cecd5, DriverStatus=[[driver-type, io.containerd.snapshotter.v1]], BridgeNfIptables=true, LiveRestoreEnabled=false, SystemTime=2025-05-02T06:04:49.647772772Z, NoProxy=hubproxy.docker.internal, Architecture=x86_64, NEventsListener=17, HttpsProxy=http.docker.internal:3128, Images=6, ContainersRunning=2, Labels=[com.docker.desktop.address=npipe://\\.\pipe\docker_cli], InitCommit={ID=de40ad0, Expected=de40ad0}, NFd=76, KernelVersion=5.15.167.4-microsoft-standard-WSL2, LoggingDriver=json-file, OSType=linux, SecurityOptions=[name=seccomp,profile=unconfined], ContainerdCommit={ID=bcc810d6b9066471b0b6fa75f557a15a1cbf31bb, Expected=bcc810d6b9066471b0b6fa75f557a15a1cbf31bb}, GenericResources=null, KernelMemory=true, OperatingSystem=Docker Desktop, RegistryConfig={AllowNondistributableArtifactsCIDRs=null, AllowNondistributableArtifactsHostnames=null, InsecureRegistryCIDRs=[127.0.0.0/8], IndexConfigs={docker.io={Name=docker.io, Mirrors=[], Secure=true, Official=true}, hubproxy.docker.internal:5555={Name=hubproxy.docker.internal:5555, Mirrors=[], Secure=false, Official=false}}, Mirrors=null}, ServerVersion=27.5.1, OomKillDisable=true, CpuCfsQuota=true, Containers=2, Driver=overlayfs, KernelMemoryTCP=true, IPv4Forwarding=true, ExperimentalBuild=false, DockerRootDir=/var/lib/docker, CPUSet=true, CpuCfsPeriod=true, DefaultRuntime=runc, CPUShares=true, Debug=false, NCPU=8, Plugins={Volume=[local], Network=[bridge, host, ipvlan, macvlan, null, overlay], Authorization=null, Log=[awslogs, fluentd, gcplogs, gelf, journald, json-file, local, splunk, syslog]}, SwapLimit=true, CgroupDriver=cgroupfs, ContainersPaused=0, MemTotal=8170528768, IndexServerAddress=https://index.docker.io/v1/, MemoryLimit=true, HttpProxy=http.docker.internal:3128, InitBinary=docker-init, CgroupVersion=1, PidsLimit=true, Isolation=, BridgeNfIp6tables=true, Warnings=[WARNING: No blkio throttle.read_bps_device support, WARNING: No blkio throttle.write_bps_device support, WARNING: No blkio throttle.read_iops_device support, WARNING: No blkio throttle.write_iops_device support, WARNING: daemon is not using the default seccomp profile], ContainersStopped=0}
08:04:49.741 [main] DEBUG org.testcontainers.shaded.com.github.dockerjava.core.command.AbstrDockerCmd -- Cmd: 
08:04:49.742 [main] DEBUG com.github.dockerjava.zerodep.shaded.org.apache.hc.client5.http.impl.classic.InternalHttpClient -- ex-00000002: preparing request execution
08:04:49.742 [main] DEBUG com.github.dockerjava.zerodep.shaded.org.apache.hc.client5.http.protocol.RequestAddCookies -- Cookie spec selected: strict
08:04:49.742 [main] DEBUG com.github.dockerjava.zerodep.shaded.org.apache.hc.client5.http.protocol.RequestAuthCache -- Auth cache not set in the context
08:04:49.742 [main] DEBUG com.github.dockerjava.zerodep.shaded.org.apache.hc.client5.http.impl.classic.ProtocolExec -- ex-00000002: target auth state: UNCHALLENGED
08:04:49.742 [main] DEBUG com.github.dockerjava.zerodep.shaded.org.apache.hc.client5.http.impl.classic.ProtocolExec -- ex-00000002: proxy auth state: UNCHALLENGED
08:04:49.742 [main] DEBUG com.github.dockerjava.zerodep.shaded.org.apache.hc.client5.http.impl.classic.ConnectExec -- ex-00000002: acquiring connection with route {}->npipe://localhost:2375
08:04:49.742 [main] DEBUG com.github.dockerjava.zerodep.shaded.org.apache.hc.client5.http.impl.classic.InternalHttpClient -- ex-00000002: acquiring endpoint (3 MINUTES)
08:04:49.742 [main] DEBUG com.github.dockerjava.zerodep.shaded.org.apache.hc.client5.http.impl.io.PoolingHttpClientConnectionManager -- ex-00000002: endpoint lease request (3 MINUTES) [route: {}->npipe://localhost:2375][total available: 1; route allocated: 1 of 2147483647; total allocated: 1 of 2147483647]
08:04:49.743 [main] DEBUG com.github.dockerjava.zerodep.shaded.org.apache.hc.client5.http.impl.io.PoolingHttpClientConnectionManager -- ex-00000002: endpoint leased [route: {}->npipe://localhost:2375][total available: 0; route allocated: 1 of 2147483647; total allocated: 1 of 2147483647]
08:04:49.743 [main] DEBUG com.github.dockerjava.zerodep.shaded.org.apache.hc.client5.http.impl.io.PoolingHttpClientConnectionManager -- ex-00000002: acquired ep-00000001
08:04:49.743 [main] DEBUG com.github.dockerjava.zerodep.shaded.org.apache.hc.client5.http.impl.classic.InternalHttpClient -- ex-00000002: acquired endpoint ep-00000001
08:04:49.743 [main] DEBUG com.github.dockerjava.zerodep.shaded.org.apache.hc.client5.http.impl.classic.MainClientExec -- ex-00000002: executing GET /v1.32/version HTTP/1.1
08:04:49.743 [main] DEBUG com.github.dockerjava.zerodep.shaded.org.apache.hc.client5.http.impl.classic.InternalHttpClient -- ep-00000001: start execution ex-00000002
08:04:49.743 [main] DEBUG com.github.dockerjava.zerodep.shaded.org.apache.hc.client5.http.impl.io.PoolingHttpClientConnectionManager -- ep-00000001: executing exchange ex-00000002 over http-outgoing-0
08:04:49.743 [main] DEBUG com.github.dockerjava.zerodep.shaded.org.apache.hc.client5.http.headers -- http-outgoing-0 >> GET /v1.32/version HTTP/1.1
08:04:49.743 [main] DEBUG com.github.dockerjava.zerodep.shaded.org.apache.hc.client5.http.headers -- http-outgoing-0 >> accept: application/json
08:04:49.743 [main] DEBUG com.github.dockerjava.zerodep.shaded.org.apache.hc.client5.http.headers -- http-outgoing-0 >> x-tc-sid: 3e81ff38-c5d8-46ef-80ba-8fe8bfdd672a
08:04:49.743 [main] DEBUG com.github.dockerjava.zerodep.shaded.org.apache.hc.client5.http.headers -- http-outgoing-0 >> User-Agent: tc-java/1.19.3
08:04:49.744 [main] DEBUG com.github.dockerjava.zerodep.shaded.org.apache.hc.client5.http.headers -- http-outgoing-0 >> Accept-Encoding: gzip, x-gzip, deflate
08:04:49.744 [main] DEBUG com.github.dockerjava.zerodep.shaded.org.apache.hc.client5.http.headers -- http-outgoing-0 >> Host: localhost:2375
08:04:49.744 [main] DEBUG com.github.dockerjava.zerodep.shaded.org.apache.hc.client5.http.headers -- http-outgoing-0 >> Connection: keep-alive
08:04:49.744 [main] DEBUG com.github.dockerjava.zerodep.shaded.org.apache.hc.client5.http.wire -- http-outgoing-0 >> "GET /v1.32/version HTTP/1.1[\r][\n]"
08:04:49.744 [main] DEBUG com.github.dockerjava.zerodep.shaded.org.apache.hc.client5.http.wire -- http-outgoing-0 >> "accept: application/json[\r][\n]"
08:04:49.744 [main] DEBUG com.github.dockerjava.zerodep.shaded.org.apache.hc.client5.http.wire -- http-outgoing-0 >> "x-tc-sid: 3e81ff38-c5d8-46ef-80ba-8fe8bfdd672a[\r][\n]"
08:04:49.744 [main] DEBUG com.github.dockerjava.zerodep.shaded.org.apache.hc.client5.http.wire -- http-outgoing-0 >> "User-Agent: tc-java/1.19.3[\r][\n]"
08:04:49.744 [main] DEBUG com.github.dockerjava.zerodep.shaded.org.apache.hc.client5.http.wire -- http-outgoing-0 >> "Accept-Encoding: gzip, x-gzip, deflate[\r][\n]"
08:04:49.744 [main] DEBUG com.github.dockerjava.zerodep.shaded.org.apache.hc.client5.http.wire -- http-outgoing-0 >> "Host: localhost:2375[\r][\n]"
08:04:49.744 [main] DEBUG com.github.dockerjava.zerodep.shaded.org.apache.hc.client5.http.wire -- http-outgoing-0 >> "Connection: keep-alive[\r][\n]"
08:04:49.744 [main] DEBUG com.github.dockerjava.zerodep.shaded.org.apache.hc.client5.http.wire -- http-outgoing-0 >> "[\r][\n]"
08:04:49.759 [main] DEBUG com.github.dockerjava.zerodep.shaded.org.apache.hc.client5.http.wire -- http-outgoing-0 << "HTTP/1.1 200 OK[\r][\n]"
08:04:49.759 [main] DEBUG com.github.dockerjava.zerodep.shaded.org.apache.hc.client5.http.wire -- http-outgoing-0 << "Api-Version: 1.47[\r][\n]"
08:04:49.760 [main] DEBUG com.github.dockerjava.zerodep.shaded.org.apache.hc.client5.http.wire -- http-outgoing-0 << "Content-Type: application/json[\r][\n]"
08:04:49.760 [main] DEBUG com.github.dockerjava.zerodep.shaded.org.apache.hc.client5.http.wire -- http-outgoing-0 << "Date: Fri, 02 May 2025 06:04:49 GMT[\r][\n]"
08:04:49.760 [main] DEBUG com.github.dockerjava.zerodep.shaded.org.apache.hc.client5.http.wire -- http-outgoing-0 << "Docker-Experimental: false[\r][\n]"
08:04:49.760 [main] DEBUG com.github.dockerjava.zerodep.shaded.org.apache.hc.client5.http.wire -- http-outgoing-0 << "Ostype: linux[\r][\n]"
08:04:49.760 [main] DEBUG com.github.dockerjava.zerodep.shaded.org.apache.hc.client5.http.wire -- http-outgoing-0 << "Server: Docker/27.5.1 (linux)[\r][\n]"
08:04:49.760 [main] DEBUG com.github.dockerjava.zerodep.shaded.org.apache.hc.client5.http.wire -- http-outgoing-0 << "Transfer-Encoding: chunked[\r][\n]"
08:04:49.760 [main] DEBUG com.github.dockerjava.zerodep.shaded.org.apache.hc.client5.http.wire -- http-outgoing-0 << "[\r][\n]"
08:04:49.761 [main] DEBUG com.github.dockerjava.zerodep.shaded.org.apache.hc.client5.http.headers -- http-outgoing-0 << HTTP/1.1 200 OK
08:04:49.761 [main] DEBUG com.github.dockerjava.zerodep.shaded.org.apache.hc.client5.http.headers -- http-outgoing-0 << Api-Version: 1.47
08:04:49.761 [main] DEBUG com.github.dockerjava.zerodep.shaded.org.apache.hc.client5.http.headers -- http-outgoing-0 << Content-Type: application/json
08:04:49.761 [main] DEBUG com.github.dockerjava.zerodep.shaded.org.apache.hc.client5.http.headers -- http-outgoing-0 << Date: Fri, 02 May 2025 06:04:49 GMT
08:04:49.761 [main] DEBUG com.github.dockerjava.zerodep.shaded.org.apache.hc.client5.http.headers -- http-outgoing-0 << Docker-Experimental: false
08:04:49.762 [main] DEBUG com.github.dockerjava.zerodep.shaded.org.apache.hc.client5.http.headers -- http-outgoing-0 << Ostype: linux
08:04:49.762 [main] DEBUG com.github.dockerjava.zerodep.shaded.org.apache.hc.client5.http.headers -- http-outgoing-0 << Server: Docker/27.5.1 (linux)
08:04:49.762 [main] DEBUG com.github.dockerjava.zerodep.shaded.org.apache.hc.client5.http.headers -- http-outgoing-0 << Transfer-Encoding: chunked
08:04:49.762 [main] DEBUG com.github.dockerjava.zerodep.shaded.org.apache.hc.client5.http.impl.classic.MainClientExec -- ex-00000002: connection can be kept alive for 3 MINUTES
08:04:49.763 [main] DEBUG com.github.dockerjava.zerodep.shaded.org.apache.hc.client5.http.wire -- http-outgoing-0 << "362[\r][\n]"
08:04:49.763 [main] DEBUG com.github.dockerjava.zerodep.shaded.org.apache.hc.client5.http.wire -- http-outgoing-0 << "{"Platform":{"Name":"Docker Desktop 4.38.0 (181591)"},"Components":[{"Name":"Engine","Version":"27.5.1","Details":{"ApiVersion":"1.47","Arch":"amd64","BuildTime":"2025-01-22T13:41:17.000000000+00:00","Experimental":"false","GitCommit":"4c9b3b0","GoVersion":"go1.22.11","KernelVersion":"5.15.167.4-microsoft-standard-WSL2","MinAPIVersion":"1.24","Os":"linux"}},{"Name":"containerd","Version":"1.7.25","Details":{"GitCommit":"bcc810d6b9066471b0b6fa75f557a15a1cbf31bb"}},{"Name":"runc","Version":"1.1.12","Details":{"GitCommit":"v1.1.12-0-g51d5e946"}},{"Name":"docker-init","Version":"0.19.0","Details":{"GitCommit":"de40ad0"}}],"Version":"27.5.1","ApiVersion":"1.47","MinAPIVersion":"1.24","GitCommit":"4c9b3b0","GoVersion":"go1.22.11","Os":"linux","Arch":"amd64","KernelVersion":"5.15.167.4-microsoft-standard-WSL2","BuildTime":"2025-01-22T13:41:17.000000000+00:00"}[\n]"
08:04:49.763 [main] DEBUG com.github.dockerjava.zerodep.shaded.org.apache.hc.client5.http.wire -- http-outgoing-0 << "[\r][\n]"
08:04:49.763 [main] DEBUG com.github.dockerjava.zerodep.shaded.org.apache.hc.client5.http.wire -- http-outgoing-0 << "0[\r][\n]"
08:04:49.763 [main] DEBUG com.github.dockerjava.zerodep.shaded.org.apache.hc.client5.http.wire -- http-outgoing-0 << "[\r][\n]"
08:04:49.777 [main] DEBUG com.github.dockerjava.zerodep.shaded.org.apache.hc.client5.http.impl.classic.InternalHttpClient -- ep-00000001: releasing valid endpoint
08:04:49.778 [main] DEBUG com.github.dockerjava.zerodep.shaded.org.apache.hc.client5.http.impl.io.PoolingHttpClientConnectionManager -- ep-00000001: releasing endpoint
08:04:49.778 [main] DEBUG com.github.dockerjava.zerodep.shaded.org.apache.hc.client5.http.impl.io.PoolingHttpClientConnectionManager -- ep-00000001: connection http-outgoing-0 can be kept alive for 3 MINUTES
08:04:49.778 [main] DEBUG com.github.dockerjava.zerodep.shaded.org.apache.hc.client5.http.impl.io.PoolingHttpClientConnectionManager -- ep-00000001: connection released [route: {}->npipe://localhost:2375][total available: 1; route allocated: 1 of 2147483647; total allocated: 1 of 2147483647]
08:04:49.778 [main] DEBUG org.testcontainers.DockerClientFactory -- Docker version: {Components=[{Name=Engine, Version=27.5.1, Details={ApiVersion=1.47, Arch=amd64, BuildTime=2025-01-22T13:41:17.000000000+00:00, Experimental=false, GitCommit=4c9b3b0, GoVersion=go1.22.11, KernelVersion=5.15.167.4-microsoft-standard-WSL2, MinAPIVersion=1.24, Os=linux}}, {Name=containerd, Version=1.7.25, Details={GitCommit=bcc810d6b9066471b0b6fa75f557a15a1cbf31bb}}, {Name=runc, Version=1.1.12, Details={GitCommit=v1.1.12-0-g51d5e946}}, {Name=docker-init, Version=0.19.0, Details={GitCommit=de40ad0}}], KernelVersion=5.15.167.4-microsoft-standard-WSL2, ApiVersion=1.47, Platform={Name=Docker Desktop 4.38.0 (181591)}, GitCommit=4c9b3b0, Os=linux, Version=27.5.1, MinAPIVersion=1.24, Arch=amd64, GoVersion=go1.22.11, BuildTime=2025-01-22T13:41:17.000000000+00:00}
08:04:49.778 [main] INFO org.testcontainers.DockerClientFactory -- Connected to docker: 
  Server Version: 27.5.1
  API Version: 1.47
  Operating System: Docker Desktop
  Total Memory: 7792 MB
08:04:49.792 [main] DEBUG org.testcontainers.utility.RyukResourceReaper -- Ryuk is enabled
08:04:49.793 [main] DEBUG org.testcontainers.utility.PrefixingImageNameSubstitutor -- No prefix is configured
08:04:49.793 [main] DEBUG org.testcontainers.utility.ImageNameSubstitutor -- Did not find a substitute image for testcontainers/ryuk:0.5.1 (using image substitutor: DefaultImageNameSubstitutor (composite of 'ConfigurationFileImageNameSubstitutor' and 'PrefixingImageNameSubstitutor'))
08:04:49.796 [main] DEBUG org.testcontainers.shaded.com.github.dockerjava.core.command.AbstrDockerCmd -- Cmd: ListImagesCmdImpl[filters=org.testcontainers.shaded.com.github.dockerjava.core.util.FiltersBuilder@0,imageNameFilter=<null>,showAll=false]
08:04:49.802 [main] DEBUG com.github.dockerjava.zerodep.shaded.org.apache.hc.client5.http.impl.classic.InternalHttpClient -- ex-00000003: preparing request execution
08:04:49.802 [main] DEBUG com.github.dockerjava.zerodep.shaded.org.apache.hc.client5.http.protocol.RequestAddCookies -- Cookie spec selected: strict
08:04:49.803 [main] DEBUG com.github.dockerjava.zerodep.shaded.org.apache.hc.client5.http.protocol.RequestAuthCache -- Auth cache not set in the context
08:04:49.803 [main] DEBUG com.github.dockerjava.zerodep.shaded.org.apache.hc.client5.http.impl.classic.ProtocolExec -- ex-00000003: target auth state: UNCHALLENGED
08:04:49.803 [main] DEBUG com.github.dockerjava.zerodep.shaded.org.apache.hc.client5.http.impl.classic.ProtocolExec -- ex-00000003: proxy auth state: UNCHALLENGED
08:04:49.803 [main] DEBUG com.github.dockerjava.zerodep.shaded.org.apache.hc.client5.http.impl.classic.ConnectExec -- ex-00000003: acquiring connection with route {}->npipe://localhost:2375
08:04:49.803 [main] DEBUG com.github.dockerjava.zerodep.shaded.org.apache.hc.client5.http.impl.classic.InternalHttpClient -- ex-00000003: acquiring endpoint (3 MINUTES)
08:04:49.803 [main] DEBUG com.github.dockerjava.zerodep.shaded.org.apache.hc.client5.http.impl.io.PoolingHttpClientConnectionManager -- ex-00000003: endpoint lease request (3 MINUTES) [route: {}->npipe://localhost:2375][total available: 1; route allocated: 1 of 2147483647; total allocated: 1 of 2147483647]
08:04:49.804 [main] DEBUG com.github.dockerjava.zerodep.shaded.org.apache.hc.client5.http.impl.io.PoolingHttpClientConnectionManager -- ex-00000003: endpoint leased [route: {}->npipe://localhost:2375][total available: 0; route allocated: 1 of 2147483647; total allocated: 1 of 2147483647]
08:04:49.805 [main] DEBUG com.github.dockerjava.zerodep.shaded.org.apache.hc.client5.http.impl.io.PoolingHttpClientConnectionManager -- ex-00000003: acquired ep-00000002
08:04:49.808 [main] DEBUG com.github.dockerjava.zerodep.shaded.org.apache.hc.client5.http.impl.classic.InternalHttpClient -- ex-00000003: acquired endpoint ep-00000002
08:04:49.842 [main] DEBUG com.github.dockerjava.zerodep.shaded.org.apache.hc.client5.http.impl.classic.MainClientExec -- ex-00000003: executing GET /v1.32/images/json HTTP/1.1
08:04:49.856 [main] DEBUG com.github.dockerjava.zerodep.shaded.org.apache.hc.client5.http.impl.classic.InternalHttpClient -- ep-00000002: start execution ex-00000003
08:04:49.857 [main] DEBUG com.github.dockerjava.zerodep.shaded.org.apache.hc.client5.http.impl.io.PoolingHttpClientConnectionManager -- ep-00000002: executing exchange ex-00000003 over http-outgoing-0
08:04:49.857 [main] DEBUG com.github.dockerjava.zerodep.shaded.org.apache.hc.client5.http.headers -- http-outgoing-0 >> GET /v1.32/images/json HTTP/1.1
08:04:49.857 [main] DEBUG com.github.dockerjava.zerodep.shaded.org.apache.hc.client5.http.headers -- http-outgoing-0 >> accept: application/json
08:04:49.857 [main] DEBUG com.github.dockerjava.zerodep.shaded.org.apache.hc.client5.http.headers -- http-outgoing-0 >> x-tc-sid: 3e81ff38-c5d8-46ef-80ba-8fe8bfdd672a
08:04:49.857 [main] DEBUG com.github.dockerjava.zerodep.shaded.org.apache.hc.client5.http.headers -- http-outgoing-0 >> User-Agent: tc-java/1.19.3
08:04:49.857 [main] DEBUG com.github.dockerjava.zerodep.shaded.org.apache.hc.client5.http.headers -- http-outgoing-0 >> Accept-Encoding: gzip, x-gzip, deflate
08:04:49.857 [main] DEBUG com.github.dockerjava.zerodep.shaded.org.apache.hc.client5.http.headers -- http-outgoing-0 >> Host: localhost:2375
08:04:49.857 [main] DEBUG com.github.dockerjava.zerodep.shaded.org.apache.hc.client5.http.headers -- http-outgoing-0 >> Connection: keep-alive
08:04:49.857 [main] DEBUG com.github.dockerjava.zerodep.shaded.org.apache.hc.client5.http.wire -- http-outgoing-0 >> "GET /v1.32/images/json HTTP/1.1[\r][\n]"
08:04:49.857 [main] DEBUG com.github.dockerjava.zerodep.shaded.org.apache.hc.client5.http.wire -- http-outgoing-0 >> "accept: application/json[\r][\n]"
08:04:49.857 [main] DEBUG com.github.dockerjava.zerodep.shaded.org.apache.hc.client5.http.wire -- http-outgoing-0 >> "x-tc-sid: 3e81ff38-c5d8-46ef-80ba-8fe8bfdd672a[\r][\n]"
08:04:49.858 [main] DEBUG com.github.dockerjava.zerodep.shaded.org.apache.hc.client5.http.wire -- http-outgoing-0 >> "User-Agent: tc-java/1.19.3[\r][\n]"
08:04:49.858 [main] DEBUG com.github.dockerjava.zerodep.shaded.org.apache.hc.client5.http.wire -- http-outgoing-0 >> "Accept-Encoding: gzip, x-gzip, deflate[\r][\n]"
08:04:49.858 [main] DEBUG com.github.dockerjava.zerodep.shaded.org.apache.hc.client5.http.wire -- http-outgoing-0 >> "Host: localhost:2375[\r][\n]"
08:04:49.858 [main] DEBUG com.github.dockerjava.zerodep.shaded.org.apache.hc.client5.http.wire -- http-outgoing-0 >> "Connection: keep-alive[\r][\n]"
08:04:49.858 [main] DEBUG com.github.dockerjava.zerodep.shaded.org.apache.hc.client5.http.wire -- http-outgoing-0 >> "[\r][\n]"
08:04:49.939 [main] DEBUG com.github.dockerjava.zerodep.shaded.org.apache.hc.client5.http.wire -- http-outgoing-0 << "HTTP/1.1 200 OK[\r][\n]"
08:04:49.939 [main] DEBUG com.github.dockerjava.zerodep.shaded.org.apache.hc.client5.http.wire -- http-outgoing-0 << "Api-Version: 1.47[\r][\n]"
08:04:49.939 [main] DEBUG com.github.dockerjava.zerodep.shaded.org.apache.hc.client5.http.wire -- http-outgoing-0 << "Content-Type: application/json[\r][\n]"
08:04:49.939 [main] DEBUG com.github.dockerjava.zerodep.shaded.org.apache.hc.client5.http.wire -- http-outgoing-0 << "Date: Fri, 02 May 2025 06:04:49 GMT[\r][\n]"
08:04:49.939 [main] DEBUG com.github.dockerjava.zerodep.shaded.org.apache.hc.client5.http.wire -- http-outgoing-0 << "Docker-Experimental: false[\r][\n]"
08:04:49.939 [main] DEBUG com.github.dockerjava.zerodep.shaded.org.apache.hc.client5.http.wire -- http-outgoing-0 << "Ostype: linux[\r][\n]"
08:04:49.939 [main] DEBUG com.github.dockerjava.zerodep.shaded.org.apache.hc.client5.http.wire -- http-outgoing-0 << "Server: Docker/27.5.1 (linux)[\r][\n]"
08:04:49.939 [main] DEBUG com.github.dockerjava.zerodep.shaded.org.apache.hc.client5.http.wire -- http-outgoing-0 << "Transfer-Encoding: chunked[\r][\n]"
08:04:49.939 [main] DEBUG com.github.dockerjava.zerodep.shaded.org.apache.hc.client5.http.wire -- http-outgoing-0 << "[\r][\n]"
08:04:49.940 [main] DEBUG com.github.dockerjava.zerodep.shaded.org.apache.hc.client5.http.headers -- http-outgoing-0 << HTTP/1.1 200 OK
08:04:49.940 [main] DEBUG com.github.dockerjava.zerodep.shaded.org.apache.hc.client5.http.headers -- http-outgoing-0 << Api-Version: 1.47
08:04:49.940 [main] DEBUG com.github.dockerjava.zerodep.shaded.org.apache.hc.client5.http.headers -- http-outgoing-0 << Content-Type: application/json
08:04:49.940 [main] DEBUG com.github.dockerjava.zerodep.shaded.org.apache.hc.client5.http.headers -- http-outgoing-0 << Date: Fri, 02 May 2025 06:04:49 GMT
08:04:49.940 [main] DEBUG com.github.dockerjava.zerodep.shaded.org.apache.hc.client5.http.headers -- http-outgoing-0 << Docker-Experimental: false
08:04:49.940 [main] DEBUG com.github.dockerjava.zerodep.shaded.org.apache.hc.client5.http.headers -- http-outgoing-0 << Ostype: linux
08:04:49.940 [main] DEBUG com.github.dockerjava.zerodep.shaded.org.apache.hc.client5.http.headers -- http-outgoing-0 << Server: Docker/27.5.1 (linux)
08:04:49.940 [main] DEBUG com.github.dockerjava.zerodep.shaded.org.apache.hc.client5.http.headers -- http-outgoing-0 << Transfer-Encoding: chunked
08:04:49.940 [main] DEBUG com.github.dockerjava.zerodep.shaded.org.apache.hc.client5.http.impl.classic.MainClientExec -- ex-00000003: connection can be kept alive for 3 MINUTES
08:04:49.940 [main] DEBUG com.github.dockerjava.zerodep.shaded.org.apache.hc.client5.http.wire -- http-outgoing-0 << "95f[\r][\n]"
08:04:49.941 [main] DEBUG com.github.dockerjava.zerodep.shaded.org.apache.hc.client5.http.wire -- http-outgoing-0 << "[{"Containers":-1,"Created":1744725854,"Id":"sha256:1f7571f033006f8a6e474fa5b5c5e3a3f523fb738ef85330fecafcdc19fd9c26","Labels":{"org.opencontainers.image.ref.name":"ubuntu","org.opencontainers.image.version":"24.04"},"ParentId":"","RepoDigests":["elenacabe/dreamlife@sha256:1f7571f033006f8a6e474fa5b5c5e3a3f523fb738ef85330fecafcdc19fd9c26"],"RepoTags":["elenacabe/dreamlife:latest"],"SharedSize":-1,"Size":814725558,"VirtualSize":814725558},{"Containers":-1,"Created":1684336262,"Id":"sha256:533abc56c07b52a26c955d1e7ae428d810582ab01c156384ae79960eb5fa0775","Labels":{"org.testcontainers.ryuk":"true"},"ParentId":"","RepoDigests":["testcontainers/ryuk@sha256:533abc56c07b52a26c955d1e7ae428d810582ab01c156384ae79960eb5fa0775"],"RepoTags":["testcontainers/ryuk:0.5.1"],"SharedSize":-1,"Size":20121218,"VirtualSize":20121218},{"Containers":-1,"Created":1669211008,"Id":"sha256:97fba4daa01bdb900a0716e48765e32c39e26d9357522a5b6004da7799f0822e","Labels":{"Description":"This image can be used to create a sidekick container for recording videos of VNC sessions hosted in other containers","maintainer":"Richard North \u003crich.north@gmail.com\u003e"},"ParentId":"","RepoDigests":["testcontainers/vnc-recorder@sha256:97fba4daa01bdb900a0716e48765e32c39e26d9357522a5b6004da7799f0822e"],"RepoTags":["testcontainers/vnc-recorder:1.3.0"],"SharedSize":-1,"Size":994785423,"VirtualSize":994785423},{"Containers":-1,"Created":1654903374,"Id":"sha256:7d6fdd0bd7e64229c9cf9feabc394a6d0a7fc15a671e84993d86fd91ed52422e","Labels":null,"ParentId":"","RepoDigests":["testcontainers/sshd@sha256:7d6fdd0bd7e64229c9cf9feabc394a6d0a7fc15a671e84993d86fd91ed52422e"],"RepoTags":["testcontainers/sshd:1.1.0"],"SharedSize":-1,"Size":18078780,"VirtualSize":18078780},{"Containers":-1,"Created":1610446310,"Id":"sha256:0fd2898dc1c946b34dceaccc3b80d38b1049285c1dab70df7480de62265d6213","Labels":null,"ParentId":"","RepoDigests":["mysql@sha256:0fd2898dc1c946b34dceaccc3b80d38b1049285c1dab70df7480de62265d6213"],"RepoTags":["mysql:8.0.22"],"SharedSize":-1,"Size":721468812,"VirtualSize":721468812},{"Containers":-1,"Created":0,"Id":"sha256:98a4acf36526b42162e80e32b36ba7e5cd93e15cb0f2ca510d6fc3fe655edf92","Labels":null,"ParentId":"","RepoDigests":["sha256:98a4acf36526b42162e80e32b36ba7e5cd93e15cb0f2ca510d6fc3fe655edf92"],"RepoTags":["selenium/standalone-chrome:4.20.0"],"SharedSize":-1,"Size":486731910,"VirtualSize":486731910}][\n]"
08:04:49.941 [main] DEBUG com.github.dockerjava.zerodep.shaded.org.apache.hc.client5.http.wire -- http-outgoing-0 << "[\r][\n]"
08:04:49.941 [main] DEBUG com.github.dockerjava.zerodep.shaded.org.apache.hc.client5.http.wire -- http-outgoing-0 << "0[\r][\n]"
08:04:49.941 [main] DEBUG com.github.dockerjava.zerodep.shaded.org.apache.hc.client5.http.wire -- http-outgoing-0 << "[\r][\n]"
08:04:49.945 [main] DEBUG com.github.dockerjava.zerodep.shaded.org.apache.hc.client5.http.impl.classic.InternalHttpClient -- ep-00000002: releasing valid endpoint
08:04:49.946 [main] DEBUG com.github.dockerjava.zerodep.shaded.org.apache.hc.client5.http.impl.io.PoolingHttpClientConnectionManager -- ep-00000002: releasing endpoint
08:04:49.946 [main] DEBUG com.github.dockerjava.zerodep.shaded.org.apache.hc.client5.http.impl.io.PoolingHttpClientConnectionManager -- ep-00000002: connection http-outgoing-0 can be kept alive for 3 MINUTES
08:04:49.946 [main] DEBUG com.github.dockerjava.zerodep.shaded.org.apache.hc.client5.http.impl.io.PoolingHttpClientConnectionManager -- ep-00000002: connection released [route: {}->npipe://localhost:2375][total available: 1; route allocated: 1 of 2147483647; total allocated: 1 of 2147483647]
08:04:49.950 [main] DEBUG org.testcontainers.images.AbstractImagePullPolicy -- Using locally available and not pulling image: testcontainers/ryuk:0.5.1
08:04:49.950 [main] DEBUG tc.testcontainers/ryuk:0.5.1 -- Starting container: testcontainers/ryuk:0.5.1
08:04:49.951 [main] DEBUG tc.testcontainers/ryuk:0.5.1 -- Trying to start container: testcontainers/ryuk:0.5.1 (attempt 1/1)
08:04:49.952 [main] DEBUG tc.testcontainers/ryuk:0.5.1 -- Starting container: testcontainers/ryuk:0.5.1
08:04:49.952 [main] INFO tc.testcontainers/ryuk:0.5.1 -- Creating container for image: testcontainers/ryuk:0.5.1
08:04:49.956 [main] DEBUG org.testcontainers.utility.RegistryAuthLocator -- Looking up auth config for image: testcontainers/ryuk:0.5.1 at registry: https://index.docker.io/v1/
08:04:49.957 [main] DEBUG org.testcontainers.utility.RegistryAuthLocator -- RegistryAuthLocator has configFile: C:\Users\Elena\.docker\config.json (exists) configEnv: DOCKER_AUTH_CONFIG (does not exist) and commandPathPrefix: 
08:04:49.957 [main] DEBUG org.testcontainers.utility.RegistryAuthLocator -- RegistryAuthLocator reading from configFile: C:\Users\Elena\.docker\config.json
08:04:49.958 [main] DEBUG org.testcontainers.utility.RegistryAuthLocator -- registryName [https://index.docker.io/v1/] for dockerImageName [testcontainers/ryuk:0.5.1]
08:04:49.958 [main] DEBUG org.testcontainers.utility.RegistryAuthLocator -- Executing docker credential provider: docker-credential-desktop to locate auth config for: https://index.docker.io/v1/
08:04:49.963 [main] DEBUG org.testcontainers.shaded.org.zeroturnaround.exec.ProcessExecutor -- Executing [cmd, /c, docker-credential-desktop, get].
08:04:49.983 [main] DEBUG org.testcontainers.shaded.org.zeroturnaround.exec.ProcessExecutor -- Started Process[pid=1396, exitValue="not exited"]
08:04:50.084 [WaitForProcess-Process[pid=1396, exitValue="not exited"]] DEBUG org.testcontainers.shaded.org.zeroturnaround.exec.WaitForProcess -- Process[pid=1396, exitValue=0] stopped with exit code 0
08:04:50.087 [main] DEBUG org.testcontainers.utility.RegistryAuthLocator -- Credential helper/store provided auth config for: https://index.docker.io/v1/
08:04:50.090 [main] DEBUG org.testcontainers.utility.RegistryAuthLocator -- found creds store auth config [AuthConfig{username=elenacabe, password=hidden non-blank value, auth=blank, email=null, registryAddress=https://index.docker.io/v1/, registryToken=blank}]
08:04:50.090 [main] DEBUG org.testcontainers.utility.RegistryAuthLocator -- Cached auth found: [AuthConfig{username=elenacabe, password=hidden non-blank value, auth=blank, email=null, registryAddress=https://index.docker.io/v1/, registryToken=blank}]
08:04:50.090 [main] DEBUG org.testcontainers.dockerclient.AuthDelegatingDockerClientConfig -- Effective auth config [AuthConfig{username=elenacabe, password=hidden non-blank value, auth=blank, email=null, registryAddress=https://index.docker.io/v1/, registryToken=blank}]
08:04:50.104 [main] DEBUG org.testcontainers.shaded.com.github.dockerjava.core.command.AbstrDockerCmd -- Cmd: org.testcontainers.shaded.com.github.dockerjava.core.command.CreateContainerCmdImpl@5215cd9a[aliases=<null>,argsEscaped=<null>,attachStderr=<null>,attachStdin=<null>,attachStdout=<null>,authConfig=AuthConfig(username=elenacabe, email=null, registryAddress=https://index.docker.io/v1/, stackOrchestrator=null),cmd={},domainName=<null>,entrypoint=<null>,env={},exposedPorts=ExposedPorts(exposedPorts=[8080/tcp]),healthcheck=<null>,hostConfig=HostConfig(binds=[//var/run/docker.sock:/var/run/docker.sock:rw], blkioWeight=null, blkioWeightDevice=null, blkioDeviceReadBps=null, blkioDeviceWriteBps=null, blkioDeviceReadIOps=null, blkioDeviceWriteIOps=null, memorySwappiness=null, nanoCPUs=null, capAdd=null, capDrop=null, containerIDFile=null, cpuPeriod=null, cpuRealtimePeriod=null, cpuRealtimeRuntime=null, cpuShares=null, cpuQuota=null, cpusetCpus=null, cpusetMems=null, devices=null, deviceCgroupRules=null, deviceRequests=null, diskQuota=null, dns=null, dnsOptions=null, dnsSearch=null, extraHosts=[], groupAdd=null, ipcMode=null, cgroup=null, links=[], logConfig=LogConfig(type=null, config=null), lxcConf=null, memory=null, memorySwap=null, memoryReservation=null, kernelMemory=null, networkMode=null, oomKillDisable=null, init=null, autoRemove=true, oomScoreAdj=null, portBindings={8080/tcp=[Lcom.github.dockerjava.api.model.Ports$Binding;@38d5b107}, privileged=true, publishAllPorts=null, readonlyRootfs=null, restartPolicy=null, ulimits=null, cpuCount=null, cpuPercent=null, ioMaximumIOps=null, ioMaximumBandwidth=null, volumesFrom=[], mounts=null, pidMode=null, isolation=null, securityOpts=null, storageOpt=null, cgroupParent=null, volumeDriver=null, shmSize=null, pidsLimit=null, runtime=null, tmpFs=null, utSMode=null, usernsMode=null, sysctls=null, consoleSize=null, cgroupnsMode=null),hostName=<null>,image=testcontainers/ryuk:0.5.1,ipv4Address=<null>,ipv6Address=<null>,labels={org.testcontainers=true, org.testcontainers.lang=java, org.testcontainers.version=1.19.3},macAddress=<null>,name=testcontainers-ryuk-3e81ff38-c5d8-46ef-80ba-8fe8bfdd672a,networkDisabled=<null>,networkingConfig=<null>,onBuild=<null>,platform=<null>,portSpecs=<null>,shell=<null>,stdInOnce=<null>,stdinOpen=<null>,stopSignal=<null>,stopTimeout=<null>,tty=<null>,user=<null>,volumes=Volumes(volumes=[]),workingDir=<null>]
08:04:50.180 [main] DEBUG com.github.dockerjava.zerodep.shaded.org.apache.hc.client5.http.impl.classic.InternalHttpClient -- ex-00000004: preparing request execution
08:04:50.180 [main] DEBUG com.github.dockerjava.zerodep.shaded.org.apache.hc.client5.http.protocol.RequestAddCookies -- Cookie spec selected: strict
08:04:50.180 [main] DEBUG com.github.dockerjava.zerodep.shaded.org.apache.hc.client5.http.protocol.RequestAuthCache -- Auth cache not set in the context
08:04:50.180 [main] DEBUG com.github.dockerjava.zerodep.shaded.org.apache.hc.client5.http.impl.classic.ProtocolExec -- ex-00000004: target auth state: UNCHALLENGED
08:04:50.180 [main] DEBUG com.github.dockerjava.zerodep.shaded.org.apache.hc.client5.http.impl.classic.ProtocolExec -- ex-00000004: proxy auth state: UNCHALLENGED
08:04:50.180 [main] DEBUG com.github.dockerjava.zerodep.shaded.org.apache.hc.client5.http.impl.classic.ConnectExec -- ex-00000004: acquiring connection with route {}->npipe://localhost:2375
08:04:50.180 [main] DEBUG com.github.dockerjava.zerodep.shaded.org.apache.hc.client5.http.impl.classic.InternalHttpClient -- ex-00000004: acquiring endpoint (3 MINUTES)
08:04:50.180 [main] DEBUG com.github.dockerjava.zerodep.shaded.org.apache.hc.client5.http.impl.io.PoolingHttpClientConnectionManager -- ex-00000004: endpoint lease request (3 MINUTES) [route: {}->npipe://localhost:2375][total available: 1; route allocated: 1 of 2147483647; total allocated: 1 of 2147483647]
08:04:50.180 [main] DEBUG com.github.dockerjava.zerodep.shaded.org.apache.hc.client5.http.impl.io.PoolingHttpClientConnectionManager -- ex-00000004: endpoint leased [route: {}->npipe://localhost:2375][total available: 0; route allocated: 1 of 2147483647; total allocated: 1 of 2147483647]
08:04:50.180 [main] DEBUG com.github.dockerjava.zerodep.shaded.org.apache.hc.client5.http.impl.io.PoolingHttpClientConnectionManager -- ex-00000004: acquired ep-00000003
08:04:50.180 [main] DEBUG com.github.dockerjava.zerodep.shaded.org.apache.hc.client5.http.impl.classic.InternalHttpClient -- ex-00000004: acquired endpoint ep-00000003
08:04:50.180 [main] DEBUG com.github.dockerjava.zerodep.shaded.org.apache.hc.client5.http.impl.classic.MainClientExec -- ex-00000004: executing POST /v1.32/containers/create?name=testcontainers-ryuk-3e81ff38-c5d8-46ef-80ba-8fe8bfdd672a HTTP/1.1
08:04:50.181 [main] DEBUG com.github.dockerjava.zerodep.shaded.org.apache.hc.client5.http.impl.classic.InternalHttpClient -- ep-00000003: start execution ex-00000004
08:04:50.181 [main] DEBUG com.github.dockerjava.zerodep.shaded.org.apache.hc.client5.http.impl.io.PoolingHttpClientConnectionManager -- ep-00000003: executing exchange ex-00000004 over http-outgoing-0
08:04:50.181 [main] DEBUG com.github.dockerjava.zerodep.shaded.org.apache.hc.client5.http.headers -- http-outgoing-0 >> POST /v1.32/containers/create?name=testcontainers-ryuk-3e81ff38-c5d8-46ef-80ba-8fe8bfdd672a HTTP/1.1
08:04:50.181 [main] DEBUG com.github.dockerjava.zerodep.shaded.org.apache.hc.client5.http.headers -- http-outgoing-0 >> X-Registry-Auth: eyJ1c2VybmFtZSI6ImVsZW5hY2FiZSIsInBhc3N3b3JkIjoiZGNrcl9wYXRfTFNweVg2VU02ekszeDNEYzlzNW5QWWNmeVE0IiwiZW1haWwiOm51bGwsInNlcnZlcmFkZHJlc3MiOiJodHRwczovL2luZGV4LmRvY2tlci5pby92MS8iLCJhdXRoIjpudWxsLCJyZWdpc3RyeXRva2VuIjpudWxsLCJpZGVudGl0eXRva2VuIjpudWxsLCJzdGFja09yY2hlc3RyYXRvciI6bnVsbH0=
08:04:50.181 [main] DEBUG com.github.dockerjava.zerodep.shaded.org.apache.hc.client5.http.headers -- http-outgoing-0 >> accept: application/json
08:04:50.181 [main] DEBUG com.github.dockerjava.zerodep.shaded.org.apache.hc.client5.http.headers -- http-outgoing-0 >> content-type: application/json
08:04:50.181 [main] DEBUG com.github.dockerjava.zerodep.shaded.org.apache.hc.client5.http.headers -- http-outgoing-0 >> x-tc-sid: 3e81ff38-c5d8-46ef-80ba-8fe8bfdd672a
08:04:50.181 [main] DEBUG com.github.dockerjava.zerodep.shaded.org.apache.hc.client5.http.headers -- http-outgoing-0 >> User-Agent: tc-java/1.19.3
08:04:50.181 [main] DEBUG com.github.dockerjava.zerodep.shaded.org.apache.hc.client5.http.headers -- http-outgoing-0 >> Accept-Encoding: gzip, x-gzip, deflate
08:04:50.181 [main] DEBUG com.github.dockerjava.zerodep.shaded.org.apache.hc.client5.http.headers -- http-outgoing-0 >> Content-Length: 1955
08:04:50.181 [main] DEBUG com.github.dockerjava.zerodep.shaded.org.apache.hc.client5.http.headers -- http-outgoing-0 >> Host: localhost:2375
08:04:50.181 [main] DEBUG com.github.dockerjava.zerodep.shaded.org.apache.hc.client5.http.headers -- http-outgoing-0 >> Connection: keep-alive
08:04:50.182 [main] DEBUG com.github.dockerjava.zerodep.shaded.org.apache.hc.client5.http.wire -- http-outgoing-0 >> "POST /v1.32/containers/create?name=testcontainers-ryuk-3e81ff38-c5d8-46ef-80ba-8fe8bfdd672a HTTP/1.1[\r][\n]"
08:04:50.182 [main] DEBUG com.github.dockerjava.zerodep.shaded.org.apache.hc.client5.http.wire -- http-outgoing-0 >> "X-Registry-Auth: eyJ1c2VybmFtZSI6ImVsZW5hY2FiZSIsInBhc3N3b3JkIjoiZGNrcl9wYXRfTFNweVg2VU02ekszeDNEYzlzNW5QWWNmeVE0IiwiZW1haWwiOm51bGwsInNlcnZlcmFkZHJlc3MiOiJodHRwczovL2luZGV4LmRvY2tlci5pby92MS8iLCJhdXRoIjpudWxsLCJyZWdpc3RyeXRva2VuIjpudWxsLCJpZGVudGl0eXRva2VuIjpudWxsLCJzdGFja09yY2hlc3RyYXRvciI6bnVsbH0=[\r][\n]"
08:04:50.182 [main] DEBUG com.github.dockerjava.zerodep.shaded.org.apache.hc.client5.http.wire -- http-outgoing-0 >> "accept: application/json[\r][\n]"
08:04:50.182 [main] DEBUG com.github.dockerjava.zerodep.shaded.org.apache.hc.client5.http.wire -- http-outgoing-0 >> "content-type: application/json[\r][\n]"
08:04:50.182 [main] DEBUG com.github.dockerjava.zerodep.shaded.org.apache.hc.client5.http.wire -- http-outgoing-0 >> "x-tc-sid: 3e81ff38-c5d8-46ef-80ba-8fe8bfdd672a[\r][\n]"
08:04:50.182 [main] DEBUG com.github.dockerjava.zerodep.shaded.org.apache.hc.client5.http.wire -- http-outgoing-0 >> "User-Agent: tc-java/1.19.3[\r][\n]"
08:04:50.182 [main] DEBUG com.github.dockerjava.zerodep.shaded.org.apache.hc.client5.http.wire -- http-outgoing-0 >> "Accept-Encoding: gzip, x-gzip, deflate[\r][\n]"
08:04:50.182 [main] DEBUG com.github.dockerjava.zerodep.shaded.org.apache.hc.client5.http.wire -- http-outgoing-0 >> "Content-Length: 1955[\r][\n]"
08:04:50.182 [main] DEBUG com.github.dockerjava.zerodep.shaded.org.apache.hc.client5.http.wire -- http-outgoing-0 >> "Host: localhost:2375[\r][\n]"
08:04:50.182 [main] DEBUG com.github.dockerjava.zerodep.shaded.org.apache.hc.client5.http.wire -- http-outgoing-0 >> "Connection: keep-alive[\r][\n]"
08:04:50.182 [main] DEBUG com.github.dockerjava.zerodep.shaded.org.apache.hc.client5.http.wire -- http-outgoing-0 >> "[\r][\n]"
08:04:50.182 [main] DEBUG com.github.dockerjava.zerodep.shaded.org.apache.hc.client5.http.wire -- http-outgoing-0 >> "{"Hostname":null,"Domainname":null,"User":null,"AttachStdin":null,"AttachStdout":null,"AttachStderr":null,"PortSpecs":null,"Tty":null,"OpenStdin":null,"StdinOnce":null,"Env":[],"Cmd":[],"Healthcheck":null,"ArgsEscaped":null,"Entrypoint":null,"Image":"testcontainers/ryuk:0.5.1","Volumes":{},"WorkingDir":null,"MacAddress":null,"OnBuild":null,"NetworkDisabled":null,"ExposedPorts":{"8080/tcp":{}},"StopSignal":null,"StopTimeout":null,"HostConfig":{"Binds":["//var/run/docker.sock:/var/run/docker.sock:rw"],"BlkioWeight":null,"BlkioWeightDevice":null,"BlkioDeviceReadBps":null,"BlkioDeviceWriteBps":null,"BlkioDeviceReadIOps":null,"BlkioDeviceWriteIOps":null,"MemorySwappiness":null,"NanoCpus":null,"CapAdd":null,"CapDrop":null,"ContainerIDFile":null,"CpuPeriod":null,"CpuRealtimePeriod":null,"CpuRealtimeRuntime":null,"CpuShares":null,"CpuQuota":null,"CpusetCpus":null,"CpusetMems":null,"Devices":null,"DeviceCgroupRules":null,"DeviceRequests":null,"DiskQuota":null,"Dns":null,"DnsOptions":null,"DnsSearch":null,"ExtraHosts":[],"GroupAdd":null,"IpcMode":null,"Cgroup":null,"Links":[],"LogConfig":null,"LxcConf":null,"Memory":null,"MemorySwap":null,"MemoryReservation":null,"KernelMemory":null,"NetworkMode":null,"OomKillDisable":null,"Init":null,"AutoRemove":true,"OomScoreAdj":null,"PortBindings":{"8080/tcp":[{"HostIp":"","HostPort":""}]},"Privileged":true,"PublishAllPorts":null,"ReadonlyRootfs":null,"RestartPolicy":null,"Ulimits":null,"CpuCount":null,"CpuPercent":null,"IOMaximumIOps":null,"IOMaximumBandwidth":null,"VolumesFrom":[],"Mounts":null,"PidMode":null,"Isolation":null,"SecurityOpt":null,"StorageOpt":null,"CgroupParent":null,"VolumeDriver":null,"ShmSize":null,"PidsLimit":null,"Runtime":null,"Tmpfs":null,"UTSMode":null,"UsernsMode":null,"Sysctls":null,"ConsoleSize":null,"CgroupnsMode":null},"Labels":{"org.testcontainers":"true","org.testcontainers.lang":"java","org.testcontainers.version":"1.19.3"},"Shell":null,"NetworkingConfig":null}"
08:04:50.287 [main] DEBUG com.github.dockerjava.zerodep.shaded.org.apache.hc.client5.http.wire -- http-outgoing-0 << "HTTP/1.1 201 Created[\r][\n]"
08:04:50.288 [main] DEBUG com.github.dockerjava.zerodep.shaded.org.apache.hc.client5.http.wire -- http-outgoing-0 << "Api-Version: 1.47[\r][\n]"
08:04:50.289 [main] DEBUG com.github.dockerjava.zerodep.shaded.org.apache.hc.client5.http.wire -- http-outgoing-0 << "Content-Type: application/json[\r][\n]"
08:04:50.289 [main] DEBUG com.github.dockerjava.zerodep.shaded.org.apache.hc.client5.http.wire -- http-outgoing-0 << "Date: Fri, 02 May 2025 06:04:50 GMT[\r][\n]"
08:04:50.289 [main] DEBUG com.github.dockerjava.zerodep.shaded.org.apache.hc.client5.http.wire -- http-outgoing-0 << "Docker-Experimental: false[\r][\n]"
08:04:50.289 [main] DEBUG com.github.dockerjava.zerodep.shaded.org.apache.hc.client5.http.wire -- http-outgoing-0 << "Ostype: linux[\r][\n]"
08:04:50.289 [main] DEBUG com.github.dockerjava.zerodep.shaded.org.apache.hc.client5.http.wire -- http-outgoing-0 << "Server: Docker/27.5.1 (linux)[\r][\n]"
08:04:50.289 [main] DEBUG com.github.dockerjava.zerodep.shaded.org.apache.hc.client5.http.wire -- http-outgoing-0 << "Transfer-Encoding: chunked[\r][\n]"
08:04:50.290 [main] DEBUG com.github.dockerjava.zerodep.shaded.org.apache.hc.client5.http.wire -- http-outgoing-0 << "[\r][\n]"
08:04:50.290 [main] DEBUG com.github.dockerjava.zerodep.shaded.org.apache.hc.client5.http.headers -- http-outgoing-0 << HTTP/1.1 201 Created
08:04:50.290 [main] DEBUG com.github.dockerjava.zerodep.shaded.org.apache.hc.client5.http.headers -- http-outgoing-0 << Api-Version: 1.47
08:04:50.290 [main] DEBUG com.github.dockerjava.zerodep.shaded.org.apache.hc.client5.http.headers -- http-outgoing-0 << Content-Type: application/json
08:04:50.290 [main] DEBUG com.github.dockerjava.zerodep.shaded.org.apache.hc.client5.http.headers -- http-outgoing-0 << Date: Fri, 02 May 2025 06:04:50 GMT
08:04:50.291 [main] DEBUG com.github.dockerjava.zerodep.shaded.org.apache.hc.client5.http.headers -- http-outgoing-0 << Docker-Experimental: false
08:04:50.291 [main] DEBUG com.github.dockerjava.zerodep.shaded.org.apache.hc.client5.http.headers -- http-outgoing-0 << Ostype: linux
08:04:50.291 [main] DEBUG com.github.dockerjava.zerodep.shaded.org.apache.hc.client5.http.headers -- http-outgoing-0 << Server: Docker/27.5.1 (linux)
08:04:50.291 [main] DEBUG com.github.dockerjava.zerodep.shaded.org.apache.hc.client5.http.headers -- http-outgoing-0 << Transfer-Encoding: chunked
08:04:50.292 [main] DEBUG com.github.dockerjava.zerodep.shaded.org.apache.hc.client5.http.impl.classic.MainClientExec -- ex-00000004: connection can be kept alive for 3 MINUTES
08:04:50.292 [main] DEBUG com.github.dockerjava.zerodep.shaded.org.apache.hc.client5.http.wire -- http-outgoing-0 << "58[\r][\n]"
08:04:50.293 [main] DEBUG com.github.dockerjava.zerodep.shaded.org.apache.hc.client5.http.wire -- http-outgoing-0 << "{"Id":"a23179a1c26d3c6ce46ef625c43a2ff37e5db47423e82620ac2377ec7cd334d6","Warnings":[]}[\n]"
08:04:50.294 [main] DEBUG com.github.dockerjava.zerodep.shaded.org.apache.hc.client5.http.wire -- http-outgoing-0 << "[\r][\n]"
08:04:50.294 [main] DEBUG com.github.dockerjava.zerodep.shaded.org.apache.hc.client5.http.wire -- http-outgoing-0 << "0[\r][\n]"
08:04:50.294 [main] DEBUG com.github.dockerjava.zerodep.shaded.org.apache.hc.client5.http.wire -- http-outgoing-0 << "[\r][\n]"
08:04:50.307 [main] DEBUG com.github.dockerjava.zerodep.shaded.org.apache.hc.client5.http.impl.classic.InternalHttpClient -- ep-00000003: releasing valid endpoint
08:04:50.308 [main] DEBUG com.github.dockerjava.zerodep.shaded.org.apache.hc.client5.http.impl.io.PoolingHttpClientConnectionManager -- ep-00000003: releasing endpoint
08:04:50.309 [main] DEBUG com.github.dockerjava.zerodep.shaded.org.apache.hc.client5.http.impl.io.PoolingHttpClientConnectionManager -- ep-00000003: connection http-outgoing-0 can be kept alive for 3 MINUTES
08:04:50.309 [main] DEBUG com.github.dockerjava.zerodep.shaded.org.apache.hc.client5.http.impl.io.PoolingHttpClientConnectionManager -- ep-00000003: connection released [route: {}->npipe://localhost:2375][total available: 1; route allocated: 1 of 2147483647; total allocated: 1 of 2147483647]
08:04:50.323 [main] INFO tc.testcontainers/ryuk:0.5.1 -- Container testcontainers/ryuk:0.5.1 is starting: a23179a1c26d3c6ce46ef625c43a2ff37e5db47423e82620ac2377ec7cd334d6
08:04:50.329 [main] DEBUG org.testcontainers.shaded.com.github.dockerjava.core.command.AbstrDockerCmd -- Cmd: a23179a1c26d3c6ce46ef625c43a2ff37e5db47423e82620ac2377ec7cd334d6
08:04:50.333 [main] DEBUG com.github.dockerjava.zerodep.shaded.org.apache.hc.client5.http.impl.classic.InternalHttpClient -- ex-00000005: preparing request execution
08:04:50.333 [main] DEBUG com.github.dockerjava.zerodep.shaded.org.apache.hc.client5.http.protocol.RequestAddCookies -- Cookie spec selected: strict
08:04:50.333 [main] DEBUG com.github.dockerjava.zerodep.shaded.org.apache.hc.client5.http.protocol.RequestAuthCache -- Auth cache not set in the context
08:04:50.333 [main] DEBUG com.github.dockerjava.zerodep.shaded.org.apache.hc.client5.http.impl.classic.ProtocolExec -- ex-00000005: target auth state: UNCHALLENGED
08:04:50.333 [main] DEBUG com.github.dockerjava.zerodep.shaded.org.apache.hc.client5.http.impl.classic.ProtocolExec -- ex-00000005: proxy auth state: UNCHALLENGED
08:04:50.334 [main] DEBUG com.github.dockerjava.zerodep.shaded.org.apache.hc.client5.http.impl.classic.ConnectExec -- ex-00000005: acquiring connection with route {}->npipe://localhost:2375
08:04:50.334 [main] DEBUG com.github.dockerjava.zerodep.shaded.org.apache.hc.client5.http.impl.classic.InternalHttpClient -- ex-00000005: acquiring endpoint (3 MINUTES)
08:04:50.335 [main] DEBUG com.github.dockerjava.zerodep.shaded.org.apache.hc.client5.http.impl.io.PoolingHttpClientConnectionManager -- ex-00000005: endpoint lease request (3 MINUTES) [route: {}->npipe://localhost:2375][total available: 1; route allocated: 1 of 2147483647; total allocated: 1 of 2147483647]
08:04:50.335 [main] DEBUG com.github.dockerjava.zerodep.shaded.org.apache.hc.client5.http.impl.io.PoolingHttpClientConnectionManager -- ex-00000005: endpoint leased [route: {}->npipe://localhost:2375][total available: 0; route allocated: 1 of 2147483647; total allocated: 1 of 2147483647]
08:04:50.336 [main] DEBUG com.github.dockerjava.zerodep.shaded.org.apache.hc.client5.http.impl.io.PoolingHttpClientConnectionManager -- ex-00000005: acquired ep-00000004
08:04:50.336 [main] DEBUG com.github.dockerjava.zerodep.shaded.org.apache.hc.client5.http.impl.classic.InternalHttpClient -- ex-00000005: acquired endpoint ep-00000004
08:04:50.336 [main] DEBUG com.github.dockerjava.zerodep.shaded.org.apache.hc.client5.http.impl.classic.MainClientExec -- ex-00000005: executing POST /v1.32/containers/a23179a1c26d3c6ce46ef625c43a2ff37e5db47423e82620ac2377ec7cd334d6/start HTTP/1.1
08:04:50.336 [main] DEBUG com.github.dockerjava.zerodep.shaded.org.apache.hc.client5.http.impl.classic.InternalHttpClient -- ep-00000004: start execution ex-00000005
08:04:50.336 [main] DEBUG com.github.dockerjava.zerodep.shaded.org.apache.hc.client5.http.impl.io.PoolingHttpClientConnectionManager -- ep-00000004: executing exchange ex-00000005 over http-outgoing-0
08:04:50.336 [main] DEBUG com.github.dockerjava.zerodep.shaded.org.apache.hc.client5.http.headers -- http-outgoing-0 >> POST /v1.32/containers/a23179a1c26d3c6ce46ef625c43a2ff37e5db47423e82620ac2377ec7cd334d6/start HTTP/1.1
08:04:50.336 [main] DEBUG com.github.dockerjava.zerodep.shaded.org.apache.hc.client5.http.headers -- http-outgoing-0 >> accept: application/json
08:04:50.336 [main] DEBUG com.github.dockerjava.zerodep.shaded.org.apache.hc.client5.http.headers -- http-outgoing-0 >> content-type: application/json
08:04:50.336 [main] DEBUG com.github.dockerjava.zerodep.shaded.org.apache.hc.client5.http.headers -- http-outgoing-0 >> x-tc-sid: 3e81ff38-c5d8-46ef-80ba-8fe8bfdd672a
08:04:50.336 [main] DEBUG com.github.dockerjava.zerodep.shaded.org.apache.hc.client5.http.headers -- http-outgoing-0 >> User-Agent: tc-java/1.19.3
08:04:50.336 [main] DEBUG com.github.dockerjava.zerodep.shaded.org.apache.hc.client5.http.headers -- http-outgoing-0 >> Accept-Encoding: gzip, x-gzip, deflate
08:04:50.336 [main] DEBUG com.github.dockerjava.zerodep.shaded.org.apache.hc.client5.http.headers -- http-outgoing-0 >> Host: localhost:2375
08:04:50.336 [main] DEBUG com.github.dockerjava.zerodep.shaded.org.apache.hc.client5.http.headers -- http-outgoing-0 >> Connection: keep-alive
08:04:50.336 [main] DEBUG com.github.dockerjava.zerodep.shaded.org.apache.hc.client5.http.wire -- http-outgoing-0 >> "POST /v1.32/containers/a23179a1c26d3c6ce46ef625c43a2ff37e5db47423e82620ac2377ec7cd334d6/start HTTP/1.1[\r][\n]"
08:04:50.336 [main] DEBUG com.github.dockerjava.zerodep.shaded.org.apache.hc.client5.http.wire -- http-outgoing-0 >> "accept: application/json[\r][\n]"
08:04:50.336 [main] DEBUG com.github.dockerjava.zerodep.shaded.org.apache.hc.client5.http.wire -- http-outgoing-0 >> "content-type: application/json[\r][\n]"
08:04:50.336 [main] DEBUG com.github.dockerjava.zerodep.shaded.org.apache.hc.client5.http.wire -- http-outgoing-0 >> "x-tc-sid: 3e81ff38-c5d8-46ef-80ba-8fe8bfdd672a[\r][\n]"
08:04:50.337 [main] DEBUG com.github.dockerjava.zerodep.shaded.org.apache.hc.client5.http.wire -- http-outgoing-0 >> "User-Agent: tc-java/1.19.3[\r][\n]"
08:04:50.337 [main] DEBUG com.github.dockerjava.zerodep.shaded.org.apache.hc.client5.http.wire -- http-outgoing-0 >> "Accept-Encoding: gzip, x-gzip, deflate[\r][\n]"
08:04:50.337 [main] DEBUG com.github.dockerjava.zerodep.shaded.org.apache.hc.client5.http.wire -- http-outgoing-0 >> "Host: localhost:2375[\r][\n]"
08:04:50.337 [main] DEBUG com.github.dockerjava.zerodep.shaded.org.apache.hc.client5.http.wire -- http-outgoing-0 >> "Connection: keep-alive[\r][\n]"
08:04:50.337 [main] DEBUG com.github.dockerjava.zerodep.shaded.org.apache.hc.client5.http.wire -- http-outgoing-0 >> "[\r][\n]"
08:04:50.918 [main] DEBUG com.github.dockerjava.zerodep.shaded.org.apache.hc.client5.http.wire -- http-outgoing-0 << "HTTP/1.1 204 No Content[\r][\n]"
08:04:50.918 [main] DEBUG com.github.dockerjava.zerodep.shaded.org.apache.hc.client5.http.wire -- http-outgoing-0 << "Api-Version: 1.47[\r][\n]"
08:04:50.918 [main] DEBUG com.github.dockerjava.zerodep.shaded.org.apache.hc.client5.http.wire -- http-outgoing-0 << "Date: Fri, 02 May 2025 06:04:50 GMT[\r][\n]"
08:04:50.918 [main] DEBUG com.github.dockerjava.zerodep.shaded.org.apache.hc.client5.http.wire -- http-outgoing-0 << "Docker-Experimental: false[\r][\n]"
08:04:50.919 [main] DEBUG com.github.dockerjava.zerodep.shaded.org.apache.hc.client5.http.wire -- http-outgoing-0 << "Ostype: linux[\r][\n]"
08:04:50.919 [main] DEBUG com.github.dockerjava.zerodep.shaded.org.apache.hc.client5.http.wire -- http-outgoing-0 << "Server: Docker/27.5.1 (linux)[\r][\n]"
08:04:50.919 [main] DEBUG com.github.dockerjava.zerodep.shaded.org.apache.hc.client5.http.wire -- http-outgoing-0 << "[\r][\n]"
08:04:50.920 [main] DEBUG com.github.dockerjava.zerodep.shaded.org.apache.hc.client5.http.headers -- http-outgoing-0 << HTTP/1.1 204 No Content
08:04:50.920 [main] DEBUG com.github.dockerjava.zerodep.shaded.org.apache.hc.client5.http.headers -- http-outgoing-0 << Api-Version: 1.47
08:04:50.920 [main] DEBUG com.github.dockerjava.zerodep.shaded.org.apache.hc.client5.http.headers -- http-outgoing-0 << Date: Fri, 02 May 2025 06:04:50 GMT
08:04:50.920 [main] DEBUG com.github.dockerjava.zerodep.shaded.org.apache.hc.client5.http.headers -- http-outgoing-0 << Docker-Experimental: false
08:04:50.920 [main] DEBUG com.github.dockerjava.zerodep.shaded.org.apache.hc.client5.http.headers -- http-outgoing-0 << Ostype: linux
08:04:50.920 [main] DEBUG com.github.dockerjava.zerodep.shaded.org.apache.hc.client5.http.headers -- http-outgoing-0 << Server: Docker/27.5.1 (linux)
08:04:50.922 [main] DEBUG com.github.dockerjava.zerodep.shaded.org.apache.hc.client5.http.impl.classic.MainClientExec -- ex-00000005: connection can be kept alive for 3 MINUTES
08:04:50.922 [main] DEBUG com.github.dockerjava.zerodep.shaded.org.apache.hc.client5.http.impl.classic.InternalHttpClient -- ep-00000004: releasing valid endpoint
08:04:50.922 [main] DEBUG com.github.dockerjava.zerodep.shaded.org.apache.hc.client5.http.impl.io.PoolingHttpClientConnectionManager -- ep-00000004: releasing endpoint
08:04:50.923 [main] DEBUG com.github.dockerjava.zerodep.shaded.org.apache.hc.client5.http.impl.io.PoolingHttpClientConnectionManager -- ep-00000004: connection http-outgoing-0 can be kept alive for 3 MINUTES
08:04:50.923 [main] DEBUG com.github.dockerjava.zerodep.shaded.org.apache.hc.client5.http.impl.io.PoolingHttpClientConnectionManager -- ep-00000004: connection released [route: {}->npipe://localhost:2375][total available: 1; route allocated: 1 of 2147483647; total allocated: 1 of 2147483647]
08:04:50.942 [main] DEBUG org.testcontainers.shaded.com.github.dockerjava.core.command.AbstrDockerCmd -- Cmd: a23179a1c26d3c6ce46ef625c43a2ff37e5db47423e82620ac2377ec7cd334d6,false
08:04:50.945 [main] DEBUG org.testcontainers.shaded.com.github.dockerjava.core.exec.InspectContainerCmdExec -- GET: DefaultWebTarget{path=[/containers/a23179a1c26d3c6ce46ef625c43a2ff37e5db47423e82620ac2377ec7cd334d6/json], queryParams={}}
08:04:50.947 [main] DEBUG com.github.dockerjava.zerodep.shaded.org.apache.hc.client5.http.impl.classic.InternalHttpClient -- ex-00000006: preparing request execution
08:04:50.947 [main] DEBUG com.github.dockerjava.zerodep.shaded.org.apache.hc.client5.http.protocol.RequestAddCookies -- Cookie spec selected: strict
08:04:50.947 [main] DEBUG com.github.dockerjava.zerodep.shaded.org.apache.hc.client5.http.protocol.RequestAuthCache -- Auth cache not set in the context
08:04:50.947 [main] DEBUG com.github.dockerjava.zerodep.shaded.org.apache.hc.client5.http.impl.classic.ProtocolExec -- ex-00000006: target auth state: UNCHALLENGED
08:04:50.948 [main] DEBUG com.github.dockerjava.zerodep.shaded.org.apache.hc.client5.http.impl.classic.ProtocolExec -- ex-00000006: proxy auth state: UNCHALLENGED
08:04:50.948 [main] DEBUG com.github.dockerjava.zerodep.shaded.org.apache.hc.client5.http.impl.classic.ConnectExec -- ex-00000006: acquiring connection with route {}->npipe://localhost:2375
08:04:50.948 [main] DEBUG com.github.dockerjava.zerodep.shaded.org.apache.hc.client5.http.impl.classic.InternalHttpClient -- ex-00000006: acquiring endpoint (3 MINUTES)
08:04:50.949 [main] DEBUG com.github.dockerjava.zerodep.shaded.org.apache.hc.client5.http.impl.io.PoolingHttpClientConnectionManager -- ex-00000006: endpoint lease request (3 MINUTES) [route: {}->npipe://localhost:2375][total available: 1; route allocated: 1 of 2147483647; total allocated: 1 of 2147483647]
08:04:50.949 [main] DEBUG com.github.dockerjava.zerodep.shaded.org.apache.hc.client5.http.impl.io.PoolingHttpClientConnectionManager -- ex-00000006: endpoint leased [route: {}->npipe://localhost:2375][total available: 0; route allocated: 1 of 2147483647; total allocated: 1 of 2147483647]
08:04:50.949 [main] DEBUG com.github.dockerjava.zerodep.shaded.org.apache.hc.client5.http.impl.io.PoolingHttpClientConnectionManager -- ex-00000006: acquired ep-00000005
08:04:50.949 [main] DEBUG com.github.dockerjava.zerodep.shaded.org.apache.hc.client5.http.impl.classic.InternalHttpClient -- ex-00000006: acquired endpoint ep-00000005
08:04:50.950 [main] DEBUG com.github.dockerjava.zerodep.shaded.org.apache.hc.client5.http.impl.classic.MainClientExec -- ex-00000006: executing GET /v1.32/containers/a23179a1c26d3c6ce46ef625c43a2ff37e5db47423e82620ac2377ec7cd334d6/json HTTP/1.1
08:04:50.950 [main] DEBUG com.github.dockerjava.zerodep.shaded.org.apache.hc.client5.http.impl.classic.InternalHttpClient -- ep-00000005: start execution ex-00000006
08:04:50.950 [main] DEBUG com.github.dockerjava.zerodep.shaded.org.apache.hc.client5.http.impl.io.PoolingHttpClientConnectionManager -- ep-00000005: executing exchange ex-00000006 over http-outgoing-0
08:04:50.951 [main] DEBUG com.github.dockerjava.zerodep.shaded.org.apache.hc.client5.http.headers -- http-outgoing-0 >> GET /v1.32/containers/a23179a1c26d3c6ce46ef625c43a2ff37e5db47423e82620ac2377ec7cd334d6/json HTTP/1.1
08:04:50.952 [main] DEBUG com.github.dockerjava.zerodep.shaded.org.apache.hc.client5.http.headers -- http-outgoing-0 >> accept: application/json
08:04:50.952 [main] DEBUG com.github.dockerjava.zerodep.shaded.org.apache.hc.client5.http.headers -- http-outgoing-0 >> x-tc-sid: 3e81ff38-c5d8-46ef-80ba-8fe8bfdd672a
08:04:50.952 [main] DEBUG com.github.dockerjava.zerodep.shaded.org.apache.hc.client5.http.headers -- http-outgoing-0 >> User-Agent: tc-java/1.19.3
08:04:50.952 [main] DEBUG com.github.dockerjava.zerodep.shaded.org.apache.hc.client5.http.headers -- http-outgoing-0 >> Accept-Encoding: gzip, x-gzip, deflate
08:04:50.952 [main] DEBUG com.github.dockerjava.zerodep.shaded.org.apache.hc.client5.http.headers -- http-outgoing-0 >> Host: localhost:2375
08:04:50.952 [main] DEBUG com.github.dockerjava.zerodep.shaded.org.apache.hc.client5.http.headers -- http-outgoing-0 >> Connection: keep-alive
08:04:50.952 [main] DEBUG com.github.dockerjava.zerodep.shaded.org.apache.hc.client5.http.wire -- http-outgoing-0 >> "GET /v1.32/containers/a23179a1c26d3c6ce46ef625c43a2ff37e5db47423e82620ac2377ec7cd334d6/json HTTP/1.1[\r][\n]"
08:04:50.953 [main] DEBUG com.github.dockerjava.zerodep.shaded.org.apache.hc.client5.http.wire -- http-outgoing-0 >> "accept: application/json[\r][\n]"
08:04:50.953 [main] DEBUG com.github.dockerjava.zerodep.shaded.org.apache.hc.client5.http.wire -- http-outgoing-0 >> "x-tc-sid: 3e81ff38-c5d8-46ef-80ba-8fe8bfdd672a[\r][\n]"
08:04:50.953 [main] DEBUG com.github.dockerjava.zerodep.shaded.org.apache.hc.client5.http.wire -- http-outgoing-0 >> "User-Agent: tc-java/1.19.3[\r][\n]"
08:04:50.953 [main] DEBUG com.github.dockerjava.zerodep.shaded.org.apache.hc.client5.http.wire -- http-outgoing-0 >> "Accept-Encoding: gzip, x-gzip, deflate[\r][\n]"
08:04:50.953 [main] DEBUG com.github.dockerjava.zerodep.shaded.org.apache.hc.client5.http.wire -- http-outgoing-0 >> "Host: localhost:2375[\r][\n]"
08:04:50.953 [main] DEBUG com.github.dockerjava.zerodep.shaded.org.apache.hc.client5.http.wire -- http-outgoing-0 >> "Connection: keep-alive[\r][\n]"
08:04:50.953 [main] DEBUG com.github.dockerjava.zerodep.shaded.org.apache.hc.client5.http.wire -- http-outgoing-0 >> "[\r][\n]"
08:04:50.962 [main] DEBUG com.github.dockerjava.zerodep.shaded.org.apache.hc.client5.http.wire -- http-outgoing-0 << "HTTP/1.1 200 OK[\r][\n]"
08:04:50.963 [main] DEBUG com.github.dockerjava.zerodep.shaded.org.apache.hc.client5.http.wire -- http-outgoing-0 << "Api-Version: 1.47[\r][\n]"
08:04:50.963 [main] DEBUG com.github.dockerjava.zerodep.shaded.org.apache.hc.client5.http.wire -- http-outgoing-0 << "Content-Type: application/json[\r][\n]"
08:04:50.963 [main] DEBUG com.github.dockerjava.zerodep.shaded.org.apache.hc.client5.http.wire -- http-outgoing-0 << "Date: Fri, 02 May 2025 06:04:50 GMT[\r][\n]"
08:04:50.963 [main] DEBUG com.github.dockerjava.zerodep.shaded.org.apache.hc.client5.http.wire -- http-outgoing-0 << "Docker-Experimental: false[\r][\n]"
08:04:50.963 [main] DEBUG com.github.dockerjava.zerodep.shaded.org.apache.hc.client5.http.wire -- http-outgoing-0 << "Ostype: linux[\r][\n]"
08:04:50.964 [main] DEBUG com.github.dockerjava.zerodep.shaded.org.apache.hc.client5.http.wire -- http-outgoing-0 << "Server: Docker/27.5.1 (linux)[\r][\n]"
08:04:50.964 [main] DEBUG com.github.dockerjava.zerodep.shaded.org.apache.hc.client5.http.wire -- http-outgoing-0 << "Transfer-Encoding: chunked[\r][\n]"
08:04:50.964 [main] DEBUG com.github.dockerjava.zerodep.shaded.org.apache.hc.client5.http.wire -- http-outgoing-0 << "[\r][\n]"
08:04:50.964 [main] DEBUG com.github.dockerjava.zerodep.shaded.org.apache.hc.client5.http.headers -- http-outgoing-0 << HTTP/1.1 200 OK
08:04:50.964 [main] DEBUG com.github.dockerjava.zerodep.shaded.org.apache.hc.client5.http.headers -- http-outgoing-0 << Api-Version: 1.47
08:04:50.965 [main] DEBUG com.github.dockerjava.zerodep.shaded.org.apache.hc.client5.http.headers -- http-outgoing-0 << Content-Type: application/json
08:04:50.965 [main] DEBUG com.github.dockerjava.zerodep.shaded.org.apache.hc.client5.http.headers -- http-outgoing-0 << Date: Fri, 02 May 2025 06:04:50 GMT
08:04:50.965 [main] DEBUG com.github.dockerjava.zerodep.shaded.org.apache.hc.client5.http.headers -- http-outgoing-0 << Docker-Experimental: false
08:04:50.965 [main] DEBUG com.github.dockerjava.zerodep.shaded.org.apache.hc.client5.http.headers -- http-outgoing-0 << Ostype: linux
08:04:50.965 [main] DEBUG com.github.dockerjava.zerodep.shaded.org.apache.hc.client5.http.headers -- http-outgoing-0 << Server: Docker/27.5.1 (linux)
08:04:50.965 [main] DEBUG com.github.dockerjava.zerodep.shaded.org.apache.hc.client5.http.headers -- http-outgoing-0 << Transfer-Encoding: chunked
08:04:50.965 [main] DEBUG com.github.dockerjava.zerodep.shaded.org.apache.hc.client5.http.impl.classic.MainClientExec -- ex-00000006: connection can be kept alive for 3 MINUTES
08:04:50.966 [main] DEBUG com.github.dockerjava.zerodep.shaded.org.apache.hc.client5.http.wire -- http-outgoing-0 << "10aa[\r][\n]"
08:04:50.966 [main] DEBUG com.github.dockerjava.zerodep.shaded.org.apache.hc.client5.http.wire -- http-outgoing-0 << "{"Id":"a23179a1c26d3c6ce46ef625c43a2ff37e5db47423e82620ac2377ec7cd334d6","Created":"2025-05-02T06:04:50.214070246Z","Path":"/bin/ryuk","Args":[],"State":{"Status":"running","Running":true,"Paused":false,"Restarting":false,"OOMKilled":false,"Dead":false,"Pid":17643,"ExitCode":0,"Error":"","StartedAt":"2025-05-02T06:04:50.501667516Z","FinishedAt":"0001-01-01T00:00:00Z"},"Image":"sha256:533abc56c07b52a26c955d1e7ae428d810582ab01c156384ae79960eb5fa0775","ResolvConfPath":"/var/lib/docker/containers/a23179a1c26d3c6ce46ef625c43a2ff37e5db47423e82620ac2377ec7cd334d6/resolv.conf","HostnamePath":"/var/lib/docker/containers/a23179a1c26d3c6ce46ef625c43a2ff37e5db47423e82620ac2377ec7cd334d6/hostname","HostsPath":"/var/lib/docker/containers/a23179a1c26d3c6ce46ef625c43a2ff37e5db47423e82620ac2377ec7cd334d6/hosts","LogPath":"/var/lib/docker/containers/a23179a1c26d3c6ce46ef625c43a2ff37e5db47423e82620ac2377ec7cd334d6/a23179a1c26d3c6ce46ef625c43a2ff37e5db47423e82620ac2377ec7cd334d6-json.log","Name":"/testcontainers-ryuk-3e81ff38-c5d8-46ef-80ba-8fe8bfdd672a","RestartCount":0,"Driver":"overlayfs","Platform":"linux","MountLabel":"","ProcessLabel":"","AppArmorProfile":"","ExecIDs":null,"HostConfig":{"Binds":["//var/run/docker.sock:/var/run/docker.sock:rw"],"ContainerIDFile":"","LogConfig":{"Type":"json-file","Config":{}},"NetworkMode":"bridge","PortBindings":{"8080/tcp":[{"HostIp":"0.0.0.0","HostPort":"0"}]},"RestartPolicy":{"Name":"no","MaximumRetryCount":0},"AutoRemove":true,"VolumeDriver":"","VolumesFrom":[],"ConsoleSize":[0,0],"CapAdd":null,"CapDrop":null,"CgroupnsMode":"host","Dns":null,"DnsOptions":null,"DnsSearch":null,"ExtraHosts":[],"GroupAdd":null,"IpcMode":"shareable","Cgroup":"","Links":null,"OomScoreAdj":0,"PidMode":"","Privileged":true,"PublishAllPorts":false,"ReadonlyRootfs":false,"SecurityOpt":["label=disable"],"UTSMode":"","UsernsMode":"","ShmSize":67108864,"Runtime":"runc","Isolation":"","CpuShares":0,"Memory":0,"NanoCpus":0,"CgroupParent":"","BlkioWeight":0,"BlkioWeightDevice":null,"BlkioDeviceReadBps":null,"BlkioDeviceWriteBps":null,"BlkioDeviceReadIOps":null,"BlkioDeviceWriteIOps":null,"CpuPeriod":0,"CpuQuota":0,"CpuRealtimePeriod":0,"CpuRealtimeRuntime":0,"CpusetCpus":"","CpusetMems":"","Devices":null,"DeviceCgroupRules":null,"DeviceRequests":null,"MemoryReservation":0,"MemorySwap":0,"MemorySwappiness":null,"OomKillDisable":false,"PidsLimit":null,"Ulimits":null,"CpuCount":0,"CpuPercent":0,"IOMaximumIOps":0,"IOMaximumBandwidth":0,"MaskedPaths":null,"ReadonlyPaths":null},"GraphDriver":{"Data":null,"Name":"overlayfs"},"Mounts":[{"Type":"bind","Source":"//var/run/docker.sock","Destination":"/var/run/docker.sock","Mode":"rw","RW":true,"Propagation":"rprivate"}],"Config":{"Hostname":"a23179a1c26d","Domainname":"","User":"","AttachStdin":false,"AttachStdout":false,"AttachStderr":false,"ExposedPorts":{"8080/tcp":{}},"Tty":false,"OpenStdin":false,"StdinOnce":false,"Env":["PATH=/usr/local/sbin:/usr/local/bin:/usr/sbin:/usr/bin:/sbin:/bin"],"Cmd":["/bin/ryuk"],"Image":"testcontainers/ryuk:0.5.1","Volumes":null,"WorkingDir":"","Entrypoint":null,"OnBuild":null,"Labels":{"org.testcontainers":"true","org.testcontainers.lang":"java","org.testcontainers.ryuk":"true","org.testcontainers.version":"1.19.3"}},"NetworkSettings":{"Bridge":"","SandboxID":"c3911413f851c94daec904598348b42094333cc77a6b82f1aa30349be484766c","SandboxKey":"/var/run/docker/netns/c3911413f851","Ports":{"8080/tcp":[{"HostIp":"0.0.0.0","HostPort":"60276"}]},"HairpinMode":false,"LinkLocalIPv6Address":"","LinkLocalIPv6PrefixLen":0,"SecondaryIPAddresses":null,"SecondaryIPv6Addresses":null,"EndpointID":"ef7b7dff9ba15abfb6bf350f1746da48efaf058cf588aec984643be74e38e481","Gateway":"172.17.0.1","GlobalIPv6Address":"","GlobalIPv6PrefixLen":0,"IPAddress":"172.17.0.2","IPPrefixLen":16,"IPv6Gateway":"","MacAddress":"02:42:ac:11:00:02","Networks":{"bridge":{"IPAMConfig":null,"Links":null,"Aliases":null,"MacAddress":"02:42:ac:11:00:02","DriverOpts":null,"NetworkID":"89e707fbd0b1d4022ac819612d06620bf315f4973f7b027aed52ff20550be23d","EndpointID":"ef7b7dff9ba15abfb6bf350f1746da48efaf058cf588aec984643be74e38e481","Gateway":"172.17.0.1","IPAddress":"172.17.0.2","IPPrefixLen":16,"IPv6Gateway":"","GlobalIPv6Address":"","GlobalIPv6PrefixLen":0,"DNSNames":null}}}}[\n]"
08:04:50.967 [main] DEBUG com.github.dockerjava.zerodep.shaded.org.apache.hc.client5.http.wire -- http-outgoing-0 << "[\r][\n]"
08:04:50.967 [main] DEBUG com.github.dockerjava.zerodep.shaded.org.apache.hc.client5.http.wire -- http-outgoing-0 << "0[\r][\n]"
08:04:50.967 [main] DEBUG com.github.dockerjava.zerodep.shaded.org.apache.hc.client5.http.wire -- http-outgoing-0 << "[\r][\n]"
08:04:51.062 [main] DEBUG com.github.dockerjava.zerodep.shaded.org.apache.hc.client5.http.impl.classic.InternalHttpClient -- ep-00000005: releasing valid endpoint
08:04:51.062 [main] DEBUG com.github.dockerjava.zerodep.shaded.org.apache.hc.client5.http.impl.io.PoolingHttpClientConnectionManager -- ep-00000005: releasing endpoint
08:04:51.062 [main] DEBUG com.github.dockerjava.zerodep.shaded.org.apache.hc.client5.http.impl.io.PoolingHttpClientConnectionManager -- ep-00000005: connection http-outgoing-0 can be kept alive for 3 MINUTES
08:04:51.062 [main] DEBUG com.github.dockerjava.zerodep.shaded.org.apache.hc.client5.http.impl.io.PoolingHttpClientConnectionManager -- ep-00000005: connection released [route: {}->npipe://localhost:2375][total available: 1; route allocated: 1 of 2147483647; total allocated: 1 of 2147483647]
08:04:51.067 [main] DEBUG org.testcontainers.shaded.com.github.dockerjava.core.command.AbstrDockerCmd -- Cmd: sha256:533abc56c07b52a26c955d1e7ae428d810582ab01c156384ae79960eb5fa0775
08:04:51.070 [main] DEBUG com.github.dockerjava.zerodep.shaded.org.apache.hc.client5.http.impl.classic.InternalHttpClient -- ex-00000007: preparing request execution
08:04:51.071 [main] DEBUG com.github.dockerjava.zerodep.shaded.org.apache.hc.client5.http.protocol.RequestAddCookies -- Cookie spec selected: strict
08:04:51.071 [main] DEBUG com.github.dockerjava.zerodep.shaded.org.apache.hc.client5.http.protocol.RequestAuthCache -- Auth cache not set in the context
08:04:51.071 [main] DEBUG com.github.dockerjava.zerodep.shaded.org.apache.hc.client5.http.impl.classic.ProtocolExec -- ex-00000007: target auth state: UNCHALLENGED
08:04:51.071 [main] DEBUG com.github.dockerjava.zerodep.shaded.org.apache.hc.client5.http.impl.classic.ProtocolExec -- ex-00000007: proxy auth state: UNCHALLENGED
08:04:51.071 [main] DEBUG com.github.dockerjava.zerodep.shaded.org.apache.hc.client5.http.impl.classic.ConnectExec -- ex-00000007: acquiring connection with route {}->npipe://localhost:2375
08:04:51.071 [main] DEBUG com.github.dockerjava.zerodep.shaded.org.apache.hc.client5.http.impl.classic.InternalHttpClient -- ex-00000007: acquiring endpoint (3 MINUTES)
08:04:51.071 [main] DEBUG com.github.dockerjava.zerodep.shaded.org.apache.hc.client5.http.impl.io.PoolingHttpClientConnectionManager -- ex-00000007: endpoint lease request (3 MINUTES) [route: {}->npipe://localhost:2375][total available: 1; route allocated: 1 of 2147483647; total allocated: 1 of 2147483647]
08:04:51.071 [main] DEBUG com.github.dockerjava.zerodep.shaded.org.apache.hc.client5.http.impl.io.PoolingHttpClientConnectionManager -- ex-00000007: endpoint leased [route: {}->npipe://localhost:2375][total available: 0; route allocated: 1 of 2147483647; total allocated: 1 of 2147483647]
08:04:51.071 [main] DEBUG com.github.dockerjava.zerodep.shaded.org.apache.hc.client5.http.impl.io.PoolingHttpClientConnectionManager -- ex-00000007: acquired ep-00000006
08:04:51.071 [main] DEBUG com.github.dockerjava.zerodep.shaded.org.apache.hc.client5.http.impl.classic.InternalHttpClient -- ex-00000007: acquired endpoint ep-00000006
08:04:51.071 [main] DEBUG com.github.dockerjava.zerodep.shaded.org.apache.hc.client5.http.impl.classic.MainClientExec -- ex-00000007: executing GET /v1.32/images/sha256:533abc56c07b52a26c955d1e7ae428d810582ab01c156384ae79960eb5fa0775/json HTTP/1.1
08:04:51.071 [main] DEBUG com.github.dockerjava.zerodep.shaded.org.apache.hc.client5.http.impl.classic.InternalHttpClient -- ep-00000006: start execution ex-00000007
08:04:51.071 [main] DEBUG com.github.dockerjava.zerodep.shaded.org.apache.hc.client5.http.impl.io.PoolingHttpClientConnectionManager -- ep-00000006: executing exchange ex-00000007 over http-outgoing-0
08:04:51.072 [main] DEBUG com.github.dockerjava.zerodep.shaded.org.apache.hc.client5.http.headers -- http-outgoing-0 >> GET /v1.32/images/sha256:533abc56c07b52a26c955d1e7ae428d810582ab01c156384ae79960eb5fa0775/json HTTP/1.1
08:04:51.072 [main] DEBUG com.github.dockerjava.zerodep.shaded.org.apache.hc.client5.http.headers -- http-outgoing-0 >> accept: application/json
08:04:51.072 [main] DEBUG com.github.dockerjava.zerodep.shaded.org.apache.hc.client5.http.headers -- http-outgoing-0 >> x-tc-sid: 3e81ff38-c5d8-46ef-80ba-8fe8bfdd672a
08:04:51.072 [main] DEBUG com.github.dockerjava.zerodep.shaded.org.apache.hc.client5.http.headers -- http-outgoing-0 >> User-Agent: tc-java/1.19.3
08:04:51.072 [main] DEBUG com.github.dockerjava.zerodep.shaded.org.apache.hc.client5.http.headers -- http-outgoing-0 >> Accept-Encoding: gzip, x-gzip, deflate
08:04:51.072 [main] DEBUG com.github.dockerjava.zerodep.shaded.org.apache.hc.client5.http.headers -- http-outgoing-0 >> Host: localhost:2375
08:04:51.072 [main] DEBUG com.github.dockerjava.zerodep.shaded.org.apache.hc.client5.http.headers -- http-outgoing-0 >> Connection: keep-alive
08:04:51.072 [main] DEBUG com.github.dockerjava.zerodep.shaded.org.apache.hc.client5.http.wire -- http-outgoing-0 >> "GET /v1.32/images/sha256:533abc56c07b52a26c955d1e7ae428d810582ab01c156384ae79960eb5fa0775/json HTTP/1.1[\r][\n]"
08:04:51.072 [main] DEBUG com.github.dockerjava.zerodep.shaded.org.apache.hc.client5.http.wire -- http-outgoing-0 >> "accept: application/json[\r][\n]"
08:04:51.072 [main] DEBUG com.github.dockerjava.zerodep.shaded.org.apache.hc.client5.http.wire -- http-outgoing-0 >> "x-tc-sid: 3e81ff38-c5d8-46ef-80ba-8fe8bfdd672a[\r][\n]"
08:04:51.072 [main] DEBUG com.github.dockerjava.zerodep.shaded.org.apache.hc.client5.http.wire -- http-outgoing-0 >> "User-Agent: tc-java/1.19.3[\r][\n]"
08:04:51.072 [main] DEBUG com.github.dockerjava.zerodep.shaded.org.apache.hc.client5.http.wire -- http-outgoing-0 >> "Accept-Encoding: gzip, x-gzip, deflate[\r][\n]"
08:04:51.072 [main] DEBUG com.github.dockerjava.zerodep.shaded.org.apache.hc.client5.http.wire -- http-outgoing-0 >> "Host: localhost:2375[\r][\n]"
08:04:51.072 [main] DEBUG com.github.dockerjava.zerodep.shaded.org.apache.hc.client5.http.wire -- http-outgoing-0 >> "Connection: keep-alive[\r][\n]"
08:04:51.072 [main] DEBUG com.github.dockerjava.zerodep.shaded.org.apache.hc.client5.http.wire -- http-outgoing-0 >> "[\r][\n]"
08:04:51.090 [main] DEBUG com.github.dockerjava.zerodep.shaded.org.apache.hc.client5.http.wire -- http-outgoing-0 << "HTTP/1.1 200 OK[\r][\n]"
08:04:51.090 [main] DEBUG com.github.dockerjava.zerodep.shaded.org.apache.hc.client5.http.wire -- http-outgoing-0 << "Api-Version: 1.47[\r][\n]"
08:04:51.091 [main] DEBUG com.github.dockerjava.zerodep.shaded.org.apache.hc.client5.http.wire -- http-outgoing-0 << "Content-Type: application/json[\r][\n]"
08:04:51.091 [main] DEBUG com.github.dockerjava.zerodep.shaded.org.apache.hc.client5.http.wire -- http-outgoing-0 << "Date: Fri, 02 May 2025 06:04:51 GMT[\r][\n]"
08:04:51.091 [main] DEBUG com.github.dockerjava.zerodep.shaded.org.apache.hc.client5.http.wire -- http-outgoing-0 << "Docker-Experimental: false[\r][\n]"
08:04:51.091 [main] DEBUG com.github.dockerjava.zerodep.shaded.org.apache.hc.client5.http.wire -- http-outgoing-0 << "Ostype: linux[\r][\n]"
08:04:51.091 [main] DEBUG com.github.dockerjava.zerodep.shaded.org.apache.hc.client5.http.wire -- http-outgoing-0 << "Server: Docker/27.5.1 (linux)[\r][\n]"
08:04:51.091 [main] DEBUG com.github.dockerjava.zerodep.shaded.org.apache.hc.client5.http.wire -- http-outgoing-0 << "Transfer-Encoding: chunked[\r][\n]"
08:04:51.091 [main] DEBUG com.github.dockerjava.zerodep.shaded.org.apache.hc.client5.http.wire -- http-outgoing-0 << "[\r][\n]"
08:04:51.091 [main] DEBUG com.github.dockerjava.zerodep.shaded.org.apache.hc.client5.http.headers -- http-outgoing-0 << HTTP/1.1 200 OK
08:04:51.091 [main] DEBUG com.github.dockerjava.zerodep.shaded.org.apache.hc.client5.http.headers -- http-outgoing-0 << Api-Version: 1.47
08:04:51.091 [main] DEBUG com.github.dockerjava.zerodep.shaded.org.apache.hc.client5.http.headers -- http-outgoing-0 << Content-Type: application/json
08:04:51.091 [main] DEBUG com.github.dockerjava.zerodep.shaded.org.apache.hc.client5.http.headers -- http-outgoing-0 << Date: Fri, 02 May 2025 06:04:51 GMT
08:04:51.091 [main] DEBUG com.github.dockerjava.zerodep.shaded.org.apache.hc.client5.http.headers -- http-outgoing-0 << Docker-Experimental: false
08:04:51.091 [main] DEBUG com.github.dockerjava.zerodep.shaded.org.apache.hc.client5.http.headers -- http-outgoing-0 << Ostype: linux
08:04:51.091 [main] DEBUG com.github.dockerjava.zerodep.shaded.org.apache.hc.client5.http.headers -- http-outgoing-0 << Server: Docker/27.5.1 (linux)
08:04:51.091 [main] DEBUG com.github.dockerjava.zerodep.shaded.org.apache.hc.client5.http.headers -- http-outgoing-0 << Transfer-Encoding: chunked
08:04:51.091 [main] DEBUG com.github.dockerjava.zerodep.shaded.org.apache.hc.client5.http.impl.classic.MainClientExec -- ex-00000007: connection can be kept alive for 3 MINUTES
08:04:51.092 [main] DEBUG com.github.dockerjava.zerodep.shaded.org.apache.hc.client5.http.wire -- http-outgoing-0 << "5c3[\r][\n]"
08:04:51.092 [main] DEBUG com.github.dockerjava.zerodep.shaded.org.apache.hc.client5.http.wire -- http-outgoing-0 << "{"Id":"sha256:533abc56c07b52a26c955d1e7ae428d810582ab01c156384ae79960eb5fa0775","RepoTags":["testcontainers/ryuk:0.5.1"],"RepoDigests":["testcontainers/ryuk@sha256:533abc56c07b52a26c955d1e7ae428d810582ab01c156384ae79960eb5fa0775"],"Parent":"","Comment":"buildkit.dockerfile.v0","Created":"2023-05-17T15:11:02.784684507Z","ContainerConfig":{"Hostname":"","Domainname":"","User":"","AttachStdin":false,"AttachStdout":false,"AttachStderr":false,"Tty":false,"OpenStdin":false,"StdinOnce":false,"Env":null,"Cmd":null,"Image":"","Volumes":null,"WorkingDir":"","Entrypoint":null,"OnBuild":null,"Labels":null},"DockerVersion":"27.5.1","Author":"","Config":{"Hostname":"","Domainname":"","User":"","AttachStdin":false,"AttachStdout":false,"AttachStderr":false,"Tty":false,"OpenStdin":false,"StdinOnce":false,"Env":["PATH=/usr/local/sbin:/usr/local/bin:/usr/sbin:/usr/bin:/sbin:/bin"],"Cmd":["/bin/ryuk"],"ArgsEscaped":true,"Image":"","Volumes":null,"WorkingDir":"","Entrypoint":null,"OnBuild":null,"Labels":{"org.testcontainers.ryuk":"true"}},"Architecture":"amd64","Os":"linux","Size":5872785,"VirtualSize":5872785,"GraphDriver":{"Data":null,"Name":"overlayfs"},"RootFS":{"Type":"layers","Layers":["sha256:5bc340f6d4f5a3bc999dfbc790a0bdf0920b9103ef794645034de4260ee4e9c8","sha256:399f3aa1fc62064e0be857829b8e7284408be4b60db81996e105a78e2059e5c9","sha256:2ad1a08beb0cf8625d0ffd3d2847150709df6fdb34c6a2ef514106ad08c5d785"]},"Metadata":{"LastTagTime":"2025-05-01T17:42:37.328430936Z"}}[\n]"
08:04:51.092 [main] DEBUG com.github.dockerjava.zerodep.shaded.org.apache.hc.client5.http.wire -- http-outgoing-0 << "[\r][\n]"
08:04:51.092 [main] DEBUG com.github.dockerjava.zerodep.shaded.org.apache.hc.client5.http.wire -- http-outgoing-0 << "0[\r][\n]"
08:04:51.092 [main] DEBUG com.github.dockerjava.zerodep.shaded.org.apache.hc.client5.http.wire -- http-outgoing-0 << "[\r][\n]"
08:04:51.105 [main] DEBUG com.github.dockerjava.zerodep.shaded.org.apache.hc.client5.http.impl.classic.InternalHttpClient -- ep-00000006: releasing valid endpoint
08:04:51.105 [main] DEBUG com.github.dockerjava.zerodep.shaded.org.apache.hc.client5.http.impl.io.PoolingHttpClientConnectionManager -- ep-00000006: releasing endpoint
08:04:51.105 [main] DEBUG com.github.dockerjava.zerodep.shaded.org.apache.hc.client5.http.impl.io.PoolingHttpClientConnectionManager -- ep-00000006: connection http-outgoing-0 can be kept alive for 3 MINUTES
08:04:51.105 [main] DEBUG com.github.dockerjava.zerodep.shaded.org.apache.hc.client5.http.impl.io.PoolingHttpClientConnectionManager -- ep-00000006: connection released [route: {}->npipe://localhost:2375][total available: 1; route allocated: 1 of 2147483647; total allocated: 1 of 2147483647]
08:04:51.106 [main] DEBUG org.testcontainers.shaded.com.github.dockerjava.core.command.AbstrDockerCmd -- Cmd: 
08:04:51.106 [main] DEBUG com.github.dockerjava.zerodep.shaded.org.apache.hc.client5.http.impl.classic.InternalHttpClient -- ex-00000008: preparing request execution
08:04:51.106 [main] DEBUG com.github.dockerjava.zerodep.shaded.org.apache.hc.client5.http.protocol.RequestAddCookies -- Cookie spec selected: strict
08:04:51.106 [main] DEBUG com.github.dockerjava.zerodep.shaded.org.apache.hc.client5.http.protocol.RequestAuthCache -- Auth cache not set in the context
08:04:51.106 [main] DEBUG com.github.dockerjava.zerodep.shaded.org.apache.hc.client5.http.impl.classic.ProtocolExec -- ex-00000008: target auth state: UNCHALLENGED
08:04:51.106 [main] DEBUG com.github.dockerjava.zerodep.shaded.org.apache.hc.client5.http.impl.classic.ProtocolExec -- ex-00000008: proxy auth state: UNCHALLENGED
08:04:51.106 [main] DEBUG com.github.dockerjava.zerodep.shaded.org.apache.hc.client5.http.impl.classic.ConnectExec -- ex-00000008: acquiring connection with route {}->npipe://localhost:2375
08:04:51.106 [main] DEBUG com.github.dockerjava.zerodep.shaded.org.apache.hc.client5.http.impl.classic.InternalHttpClient -- ex-00000008: acquiring endpoint (3 MINUTES)
08:04:51.106 [main] DEBUG com.github.dockerjava.zerodep.shaded.org.apache.hc.client5.http.impl.io.PoolingHttpClientConnectionManager -- ex-00000008: endpoint lease request (3 MINUTES) [route: {}->npipe://localhost:2375][total available: 1; route allocated: 1 of 2147483647; total allocated: 1 of 2147483647]
08:04:51.107 [main] DEBUG com.github.dockerjava.zerodep.shaded.org.apache.hc.client5.http.impl.io.PoolingHttpClientConnectionManager -- ex-00000008: endpoint leased [route: {}->npipe://localhost:2375][total available: 0; route allocated: 1 of 2147483647; total allocated: 1 of 2147483647]
08:04:51.107 [main] DEBUG com.github.dockerjava.zerodep.shaded.org.apache.hc.client5.http.impl.io.PoolingHttpClientConnectionManager -- ex-00000008: acquired ep-00000007
08:04:51.107 [main] DEBUG com.github.dockerjava.zerodep.shaded.org.apache.hc.client5.http.impl.classic.InternalHttpClient -- ex-00000008: acquired endpoint ep-00000007
08:04:51.107 [main] DEBUG com.github.dockerjava.zerodep.shaded.org.apache.hc.client5.http.impl.classic.MainClientExec -- ex-00000008: executing GET /v1.32/version HTTP/1.1
08:04:51.107 [main] DEBUG com.github.dockerjava.zerodep.shaded.org.apache.hc.client5.http.impl.classic.InternalHttpClient -- ep-00000007: start execution ex-00000008
08:04:51.107 [main] DEBUG com.github.dockerjava.zerodep.shaded.org.apache.hc.client5.http.impl.io.PoolingHttpClientConnectionManager -- ep-00000007: executing exchange ex-00000008 over http-outgoing-0
08:04:51.107 [main] DEBUG com.github.dockerjava.zerodep.shaded.org.apache.hc.client5.http.headers -- http-outgoing-0 >> GET /v1.32/version HTTP/1.1
08:04:51.107 [main] DEBUG com.github.dockerjava.zerodep.shaded.org.apache.hc.client5.http.headers -- http-outgoing-0 >> accept: application/json
08:04:51.107 [main] DEBUG com.github.dockerjava.zerodep.shaded.org.apache.hc.client5.http.headers -- http-outgoing-0 >> x-tc-sid: 3e81ff38-c5d8-46ef-80ba-8fe8bfdd672a
08:04:51.107 [main] DEBUG com.github.dockerjava.zerodep.shaded.org.apache.hc.client5.http.headers -- http-outgoing-0 >> User-Agent: tc-java/1.19.3
08:04:51.107 [main] DEBUG com.github.dockerjava.zerodep.shaded.org.apache.hc.client5.http.headers -- http-outgoing-0 >> Accept-Encoding: gzip, x-gzip, deflate
08:04:51.107 [main] DEBUG com.github.dockerjava.zerodep.shaded.org.apache.hc.client5.http.headers -- http-outgoing-0 >> Host: localhost:2375
08:04:51.107 [main] DEBUG com.github.dockerjava.zerodep.shaded.org.apache.hc.client5.http.headers -- http-outgoing-0 >> Connection: keep-alive
08:04:51.107 [main] DEBUG com.github.dockerjava.zerodep.shaded.org.apache.hc.client5.http.wire -- http-outgoing-0 >> "GET /v1.32/version HTTP/1.1[\r][\n]"
08:04:51.107 [main] DEBUG com.github.dockerjava.zerodep.shaded.org.apache.hc.client5.http.wire -- http-outgoing-0 >> "accept: application/json[\r][\n]"
08:04:51.107 [main] DEBUG com.github.dockerjava.zerodep.shaded.org.apache.hc.client5.http.wire -- http-outgoing-0 >> "x-tc-sid: 3e81ff38-c5d8-46ef-80ba-8fe8bfdd672a[\r][\n]"
08:04:51.107 [main] DEBUG com.github.dockerjava.zerodep.shaded.org.apache.hc.client5.http.wire -- http-outgoing-0 >> "User-Agent: tc-java/1.19.3[\r][\n]"
08:04:51.107 [main] DEBUG com.github.dockerjava.zerodep.shaded.org.apache.hc.client5.http.wire -- http-outgoing-0 >> "Accept-Encoding: gzip, x-gzip, deflate[\r][\n]"
08:04:51.107 [main] DEBUG com.github.dockerjava.zerodep.shaded.org.apache.hc.client5.http.wire -- http-outgoing-0 >> "Host: localhost:2375[\r][\n]"
08:04:51.107 [main] DEBUG com.github.dockerjava.zerodep.shaded.org.apache.hc.client5.http.wire -- http-outgoing-0 >> "Connection: keep-alive[\r][\n]"
08:04:51.107 [main] DEBUG com.github.dockerjava.zerodep.shaded.org.apache.hc.client5.http.wire -- http-outgoing-0 >> "[\r][\n]"
08:04:51.121 [main] DEBUG com.github.dockerjava.zerodep.shaded.org.apache.hc.client5.http.wire -- http-outgoing-0 << "HTTP/1.1 200 OK[\r][\n]"
08:04:51.121 [main] DEBUG com.github.dockerjava.zerodep.shaded.org.apache.hc.client5.http.wire -- http-outgoing-0 << "Api-Version: 1.47[\r][\n]"
08:04:51.121 [main] DEBUG com.github.dockerjava.zerodep.shaded.org.apache.hc.client5.http.wire -- http-outgoing-0 << "Content-Type: application/json[\r][\n]"
08:04:51.121 [main] DEBUG com.github.dockerjava.zerodep.shaded.org.apache.hc.client5.http.wire -- http-outgoing-0 << "Date: Fri, 02 May 2025 06:04:51 GMT[\r][\n]"
08:04:51.121 [main] DEBUG com.github.dockerjava.zerodep.shaded.org.apache.hc.client5.http.wire -- http-outgoing-0 << "Docker-Experimental: false[\r][\n]"
08:04:51.121 [main] DEBUG com.github.dockerjava.zerodep.shaded.org.apache.hc.client5.http.wire -- http-outgoing-0 << "Ostype: linux[\r][\n]"
08:04:51.121 [main] DEBUG com.github.dockerjava.zerodep.shaded.org.apache.hc.client5.http.wire -- http-outgoing-0 << "Server: Docker/27.5.1 (linux)[\r][\n]"
08:04:51.121 [main] DEBUG com.github.dockerjava.zerodep.shaded.org.apache.hc.client5.http.wire -- http-outgoing-0 << "Transfer-Encoding: chunked[\r][\n]"
08:04:51.121 [main] DEBUG com.github.dockerjava.zerodep.shaded.org.apache.hc.client5.http.wire -- http-outgoing-0 << "[\r][\n]"
08:04:51.121 [main] DEBUG com.github.dockerjava.zerodep.shaded.org.apache.hc.client5.http.headers -- http-outgoing-0 << HTTP/1.1 200 OK
08:04:51.121 [main] DEBUG com.github.dockerjava.zerodep.shaded.org.apache.hc.client5.http.headers -- http-outgoing-0 << Api-Version: 1.47
08:04:51.121 [main] DEBUG com.github.dockerjava.zerodep.shaded.org.apache.hc.client5.http.headers -- http-outgoing-0 << Content-Type: application/json
08:04:51.121 [main] DEBUG com.github.dockerjava.zerodep.shaded.org.apache.hc.client5.http.headers -- http-outgoing-0 << Date: Fri, 02 May 2025 06:04:51 GMT
08:04:51.121 [main] DEBUG com.github.dockerjava.zerodep.shaded.org.apache.hc.client5.http.headers -- http-outgoing-0 << Docker-Experimental: false
08:04:51.121 [main] DEBUG com.github.dockerjava.zerodep.shaded.org.apache.hc.client5.http.headers -- http-outgoing-0 << Ostype: linux
08:04:51.121 [main] DEBUG com.github.dockerjava.zerodep.shaded.org.apache.hc.client5.http.headers -- http-outgoing-0 << Server: Docker/27.5.1 (linux)
08:04:51.121 [main] DEBUG com.github.dockerjava.zerodep.shaded.org.apache.hc.client5.http.headers -- http-outgoing-0 << Transfer-Encoding: chunked
08:04:51.122 [main] DEBUG com.github.dockerjava.zerodep.shaded.org.apache.hc.client5.http.impl.classic.MainClientExec -- ex-00000008: connection can be kept alive for 3 MINUTES
08:04:51.122 [main] DEBUG com.github.dockerjava.zerodep.shaded.org.apache.hc.client5.http.wire -- http-outgoing-0 << "362[\r][\n]"
08:04:51.122 [main] DEBUG com.github.dockerjava.zerodep.shaded.org.apache.hc.client5.http.wire -- http-outgoing-0 << "{"Platform":{"Name":"Docker Desktop 4.38.0 (181591)"},"Components":[{"Name":"Engine","Version":"27.5.1","Details":{"ApiVersion":"1.47","Arch":"amd64","BuildTime":"2025-01-22T13:41:17.000000000+00:00","Experimental":"false","GitCommit":"4c9b3b0","GoVersion":"go1.22.11","KernelVersion":"5.15.167.4-microsoft-standard-WSL2","MinAPIVersion":"1.24","Os":"linux"}},{"Name":"containerd","Version":"1.7.25","Details":{"GitCommit":"bcc810d6b9066471b0b6fa75f557a15a1cbf31bb"}},{"Name":"runc","Version":"1.1.12","Details":{"GitCommit":"v1.1.12-0-g51d5e946"}},{"Name":"docker-init","Version":"0.19.0","Details":{"GitCommit":"de40ad0"}}],"Version":"27.5.1","ApiVersion":"1.47","MinAPIVersion":"1.24","GitCommit":"4c9b3b0","GoVersion":"go1.22.11","Os":"linux","Arch":"amd64","KernelVersion":"5.15.167.4-microsoft-standard-WSL2","BuildTime":"2025-01-22T13:41:17.000000000+00:00"}[\n]"
08:04:51.122 [main] DEBUG com.github.dockerjava.zerodep.shaded.org.apache.hc.client5.http.wire -- http-outgoing-0 << "[\r][\n]"
08:04:51.122 [main] DEBUG com.github.dockerjava.zerodep.shaded.org.apache.hc.client5.http.wire -- http-outgoing-0 << "0[\r][\n]"
08:04:51.122 [main] DEBUG com.github.dockerjava.zerodep.shaded.org.apache.hc.client5.http.wire -- http-outgoing-0 << "[\r][\n]"
08:04:51.123 [main] DEBUG com.github.dockerjava.zerodep.shaded.org.apache.hc.client5.http.impl.classic.InternalHttpClient -- ep-00000007: releasing valid endpoint
08:04:51.123 [main] DEBUG com.github.dockerjava.zerodep.shaded.org.apache.hc.client5.http.impl.io.PoolingHttpClientConnectionManager -- ep-00000007: releasing endpoint
08:04:51.123 [main] DEBUG com.github.dockerjava.zerodep.shaded.org.apache.hc.client5.http.impl.io.PoolingHttpClientConnectionManager -- ep-00000007: connection http-outgoing-0 can be kept alive for 3 MINUTES
08:04:51.123 [main] DEBUG com.github.dockerjava.zerodep.shaded.org.apache.hc.client5.http.impl.io.PoolingHttpClientConnectionManager -- ep-00000007: connection released [route: {}->npipe://localhost:2375][total available: 1; route allocated: 1 of 2147483647; total allocated: 1 of 2147483647]
08:04:51.132 [docker-java-stream-1483103946] DEBUG com.github.dockerjava.zerodep.shaded.org.apache.hc.client5.http.impl.classic.InternalHttpClient -- ex-00000009: preparing request execution
08:04:51.133 [docker-java-stream-1483103946] DEBUG com.github.dockerjava.zerodep.shaded.org.apache.hc.client5.http.protocol.RequestAddCookies -- Cookie spec selected: strict
08:04:51.133 [docker-java-stream-1483103946] DEBUG com.github.dockerjava.zerodep.shaded.org.apache.hc.client5.http.protocol.RequestAuthCache -- Auth cache not set in the context
08:04:51.133 [docker-java-stream-1483103946] DEBUG com.github.dockerjava.zerodep.shaded.org.apache.hc.client5.http.impl.classic.ProtocolExec -- ex-00000009: target auth state: UNCHALLENGED
08:04:51.133 [docker-java-stream-1483103946] DEBUG com.github.dockerjava.zerodep.shaded.org.apache.hc.client5.http.impl.classic.ProtocolExec -- ex-00000009: proxy auth state: UNCHALLENGED
08:04:51.133 [docker-java-stream-1483103946] DEBUG com.github.dockerjava.zerodep.shaded.org.apache.hc.client5.http.impl.classic.ConnectExec -- ex-00000009: acquiring connection with route {}->npipe://localhost:2375
08:04:51.133 [docker-java-stream-1483103946] DEBUG com.github.dockerjava.zerodep.shaded.org.apache.hc.client5.http.impl.classic.InternalHttpClient -- ex-00000009: acquiring endpoint (3 MINUTES)
08:04:51.133 [docker-java-stream-1483103946] DEBUG com.github.dockerjava.zerodep.shaded.org.apache.hc.client5.http.impl.io.PoolingHttpClientConnectionManager -- ex-00000009: endpoint lease request (3 MINUTES) [route: {}->npipe://localhost:2375][total available: 1; route allocated: 1 of 2147483647; total allocated: 1 of 2147483647]
08:04:51.133 [docker-java-stream-1483103946] DEBUG com.github.dockerjava.zerodep.shaded.org.apache.hc.client5.http.impl.io.PoolingHttpClientConnectionManager -- ex-00000009: endpoint leased [route: {}->npipe://localhost:2375][total available: 0; route allocated: 1 of 2147483647; total allocated: 1 of 2147483647]
08:04:51.134 [docker-java-stream-1483103946] DEBUG com.github.dockerjava.zerodep.shaded.org.apache.hc.client5.http.impl.io.PoolingHttpClientConnectionManager -- ex-00000009: acquired ep-00000008
08:04:51.134 [docker-java-stream-1483103946] DEBUG com.github.dockerjava.zerodep.shaded.org.apache.hc.client5.http.impl.classic.InternalHttpClient -- ex-00000009: acquired endpoint ep-00000008
08:04:51.134 [docker-java-stream-1483103946] DEBUG com.github.dockerjava.zerodep.shaded.org.apache.hc.client5.http.impl.classic.MainClientExec -- ex-00000009: executing GET /v1.32/containers/a23179a1c26d3c6ce46ef625c43a2ff37e5db47423e82620ac2377ec7cd334d6/logs?stdout=true&stderr=true&follow=true&since=0 HTTP/1.1
08:04:51.134 [docker-java-stream-1483103946] DEBUG com.github.dockerjava.zerodep.shaded.org.apache.hc.client5.http.impl.classic.InternalHttpClient -- ep-00000008: start execution ex-00000009
08:04:51.134 [docker-java-stream-1483103946] DEBUG com.github.dockerjava.zerodep.shaded.org.apache.hc.client5.http.impl.io.PoolingHttpClientConnectionManager -- ep-00000008: executing exchange ex-00000009 over http-outgoing-0
08:04:51.134 [docker-java-stream-1483103946] DEBUG com.github.dockerjava.zerodep.shaded.org.apache.hc.client5.http.headers -- http-outgoing-0 >> GET /v1.32/containers/a23179a1c26d3c6ce46ef625c43a2ff37e5db47423e82620ac2377ec7cd334d6/logs?stdout=true&stderr=true&follow=true&since=0 HTTP/1.1
08:04:51.134 [docker-java-stream-1483103946] DEBUG com.github.dockerjava.zerodep.shaded.org.apache.hc.client5.http.headers -- http-outgoing-0 >> x-tc-sid: 3e81ff38-c5d8-46ef-80ba-8fe8bfdd672a
08:04:51.135 [docker-java-stream-1483103946] DEBUG com.github.dockerjava.zerodep.shaded.org.apache.hc.client5.http.headers -- http-outgoing-0 >> User-Agent: tc-java/1.19.3
08:04:51.135 [docker-java-stream-1483103946] DEBUG com.github.dockerjava.zerodep.shaded.org.apache.hc.client5.http.headers -- http-outgoing-0 >> Accept-Encoding: gzip, x-gzip, deflate
08:04:51.135 [docker-java-stream-1483103946] DEBUG com.github.dockerjava.zerodep.shaded.org.apache.hc.client5.http.headers -- http-outgoing-0 >> Host: localhost:2375
08:04:51.135 [docker-java-stream-1483103946] DEBUG com.github.dockerjava.zerodep.shaded.org.apache.hc.client5.http.headers -- http-outgoing-0 >> Connection: keep-alive
08:04:51.135 [docker-java-stream-1483103946] DEBUG com.github.dockerjava.zerodep.shaded.org.apache.hc.client5.http.wire -- http-outgoing-0 >> "GET /v1.32/containers/a23179a1c26d3c6ce46ef625c43a2ff37e5db47423e82620ac2377ec7cd334d6/logs?stdout=true&stderr=true&follow=true&since=0 HTTP/1.1[\r][\n]"
08:04:51.135 [docker-java-stream-1483103946] DEBUG com.github.dockerjava.zerodep.shaded.org.apache.hc.client5.http.wire -- http-outgoing-0 >> "x-tc-sid: 3e81ff38-c5d8-46ef-80ba-8fe8bfdd672a[\r][\n]"
08:04:51.135 [docker-java-stream-1483103946] DEBUG com.github.dockerjava.zerodep.shaded.org.apache.hc.client5.http.wire -- http-outgoing-0 >> "User-Agent: tc-java/1.19.3[\r][\n]"
08:04:51.135 [docker-java-stream-1483103946] DEBUG com.github.dockerjava.zerodep.shaded.org.apache.hc.client5.http.wire -- http-outgoing-0 >> "Accept-Encoding: gzip, x-gzip, deflate[\r][\n]"
08:04:51.135 [docker-java-stream-1483103946] DEBUG com.github.dockerjava.zerodep.shaded.org.apache.hc.client5.http.wire -- http-outgoing-0 >> "Host: localhost:2375[\r][\n]"
08:04:51.135 [docker-java-stream-1483103946] DEBUG com.github.dockerjava.zerodep.shaded.org.apache.hc.client5.http.wire -- http-outgoing-0 >> "Connection: keep-alive[\r][\n]"
08:04:51.135 [docker-java-stream-1483103946] DEBUG com.github.dockerjava.zerodep.shaded.org.apache.hc.client5.http.wire -- http-outgoing-0 >> "[\r][\n]"
08:04:51.139 [docker-java-stream-1483103946] DEBUG com.github.dockerjava.zerodep.shaded.org.apache.hc.client5.http.wire -- http-outgoing-0 << "HTTP/1.1 200 OK[\r][\n]"
08:04:51.139 [docker-java-stream-1483103946] DEBUG com.github.dockerjava.zerodep.shaded.org.apache.hc.client5.http.wire -- http-outgoing-0 << "Api-Version: 1.47[\r][\n]"
08:04:51.139 [docker-java-stream-1483103946] DEBUG com.github.dockerjava.zerodep.shaded.org.apache.hc.client5.http.wire -- http-outgoing-0 << "Content-Type: application/vnd.docker.raw-stream[\r][\n]"
08:04:51.140 [docker-java-stream-1483103946] DEBUG com.github.dockerjava.zerodep.shaded.org.apache.hc.client5.http.wire -- http-outgoing-0 << "Date: Fri, 02 May 2025 06:04:51 GMT[\r][\n]"
08:04:51.140 [docker-java-stream-1483103946] DEBUG com.github.dockerjava.zerodep.shaded.org.apache.hc.client5.http.wire -- http-outgoing-0 << "Docker-Experimental: false[\r][\n]"
08:04:51.140 [docker-java-stream-1483103946] DEBUG com.github.dockerjava.zerodep.shaded.org.apache.hc.client5.http.wire -- http-outgoing-0 << "Ostype: linux[\r][\n]"
08:04:51.140 [docker-java-stream-1483103946] DEBUG com.github.dockerjava.zerodep.shaded.org.apache.hc.client5.http.wire -- http-outgoing-0 << "Server: Docker/27.5.1 (linux)[\r][\n]"
08:04:51.140 [docker-java-stream-1483103946] DEBUG com.github.dockerjava.zerodep.shaded.org.apache.hc.client5.http.wire -- http-outgoing-0 << "Transfer-Encoding: chunked[\r][\n]"
08:04:51.140 [docker-java-stream-1483103946] DEBUG com.github.dockerjava.zerodep.shaded.org.apache.hc.client5.http.wire -- http-outgoing-0 << "[\r][\n]"
08:04:51.140 [docker-java-stream-1483103946] DEBUG com.github.dockerjava.zerodep.shaded.org.apache.hc.client5.http.headers -- http-outgoing-0 << HTTP/1.1 200 OK
08:04:51.140 [docker-java-stream-1483103946] DEBUG com.github.dockerjava.zerodep.shaded.org.apache.hc.client5.http.headers -- http-outgoing-0 << Api-Version: 1.47
08:04:51.140 [docker-java-stream-1483103946] DEBUG com.github.dockerjava.zerodep.shaded.org.apache.hc.client5.http.headers -- http-outgoing-0 << Content-Type: application/vnd.docker.raw-stream
08:04:51.140 [docker-java-stream-1483103946] DEBUG com.github.dockerjava.zerodep.shaded.org.apache.hc.client5.http.headers -- http-outgoing-0 << Date: Fri, 02 May 2025 06:04:51 GMT
08:04:51.140 [docker-java-stream-1483103946] DEBUG com.github.dockerjava.zerodep.shaded.org.apache.hc.client5.http.headers -- http-outgoing-0 << Docker-Experimental: false
08:04:51.140 [docker-java-stream-1483103946] DEBUG com.github.dockerjava.zerodep.shaded.org.apache.hc.client5.http.headers -- http-outgoing-0 << Ostype: linux
08:04:51.140 [docker-java-stream-1483103946] DEBUG com.github.dockerjava.zerodep.shaded.org.apache.hc.client5.http.headers -- http-outgoing-0 << Server: Docker/27.5.1 (linux)
08:04:51.140 [docker-java-stream-1483103946] DEBUG com.github.dockerjava.zerodep.shaded.org.apache.hc.client5.http.headers -- http-outgoing-0 << Transfer-Encoding: chunked
08:04:51.140 [docker-java-stream-1483103946] DEBUG com.github.dockerjava.zerodep.shaded.org.apache.hc.client5.http.impl.classic.MainClientExec -- ex-00000009: connection can be kept alive for 3 MINUTES
08:04:51.141 [docker-java-stream-1483103946] DEBUG com.github.dockerjava.zerodep.shaded.org.apache.hc.client5.http.wire -- http-outgoing-0 << "c0[\r][\n]"
08:04:51.141 [docker-java-stream-1483103946] DEBUG com.github.dockerjava.zerodep.shaded.org.apache.hc.client5.http.wire -- http-outgoing-0 << "[0x2][0x0][0x0][0x0][0x0][0x0][0x0]&2025/05/02 06:04:50 Pinging Docker...[\n]"
08:04:51.141 [docker-java-stream-1483103946] DEBUG com.github.dockerjava.zerodep.shaded.org.apache.hc.client5.http.wire -- http-outgoing-0 << "[0x2][0x0][0x0][0x0][0x0][0x0][0x0]02025/05/02 06:04:50 Docker daemon is available![\n]"
08:04:51.141 [docker-java-stream-1483103946] DEBUG com.github.dockerjava.zerodep.shaded.org.apache.hc.client5.http.wire -- http-outgoing-0 << "[0x2][0x0][0x0][0x0][0x0][0x0][0x0]-2025/05/02 06:04:50 Starting on port 8080...[\n]"
08:04:51.141 [docker-java-stream-1483103946] DEBUG com.github.dockerjava.zerodep.shaded.org.apache.hc.client5.http.wire -- http-outgoing-0 << "[0x2][0x0][0x0][0x0][0x0][0x0][0x0][0x1d]2025/05/02 06:04:50 Started![\n]"
08:04:51.141 [docker-java-stream-1483103946] DEBUG com.github.dockerjava.zerodep.shaded.org.apache.hc.client5.http.wire -- http-outgoing-0 << "[\r][\n]"
08:04:51.142 [main] DEBUG org.testcontainers.containers.output.WaitingConsumer -- STDERR: 2025/05/02 06:04:50 Docker daemon is available!
08:04:51.143 [main] DEBUG org.testcontainers.containers.output.WaitingConsumer -- STDERR: 2025/05/02 06:04:50 Started!
08:04:51.144 [main] DEBUG com.github.dockerjava.zerodep.shaded.org.apache.hc.client5.http.impl.classic.InternalHttpClient -- ep-00000008: cancel
08:04:51.145 [main] DEBUG com.github.dockerjava.zerodep.shaded.org.apache.hc.client5.http.impl.io.DefaultManagedHttpClientConnection -- http-outgoing-0: close connection IMMEDIATE
08:04:51.145 [main] DEBUG com.github.dockerjava.zerodep.shaded.org.apache.hc.client5.http.impl.classic.InternalHttpClient -- ep-00000008: endpoint closed
08:04:51.145 [main] DEBUG com.github.dockerjava.zerodep.shaded.org.apache.hc.client5.http.impl.classic.InternalHttpClient -- ep-00000008: discarding endpoint
08:04:51.145 [main] DEBUG com.github.dockerjava.zerodep.shaded.org.apache.hc.client5.http.impl.io.PoolingHttpClientConnectionManager -- ep-00000008: releasing endpoint
08:04:51.145 [main] DEBUG com.github.dockerjava.zerodep.shaded.org.apache.hc.client5.http.impl.io.PoolingHttpClientConnectionManager -- ep-00000008: connection is not kept alive
08:04:51.146 [main] DEBUG com.github.dockerjava.zerodep.shaded.org.apache.hc.client5.http.impl.io.PoolingHttpClientConnectionManager -- ep-00000008: connection released [route: {}->npipe://localhost:2375][total available: 0; route allocated: 0 of 2147483647; total allocated: 0 of 2147483647]
08:04:51.146 [docker-java-stream-1483103946] DEBUG com.github.dockerjava.zerodep.shaded.org.apache.hc.client5.http.wire -- http-outgoing-0 << "end of stream"
08:04:51.147 [main] DEBUG com.github.dockerjava.zerodep.shaded.org.apache.hc.client5.http.wire -- http-outgoing-0 << "[read] I/O error: java.nio.channels.ClosedChannelException"
08:04:51.147 [docker-java-stream-1483103946] DEBUG com.github.dockerjava.zerodep.shaded.org.apache.hc.client5.http.wire -- http-outgoing-0 << "[read] I/O error: java.nio.channels.ClosedChannelException"
08:04:51.147 [docker-java-stream-1483103946] DEBUG com.github.dockerjava.zerodep.ApacheDockerHttpClientImpl$ApacheResponse -- Failed to close the response
java.io.IOException: java.nio.channels.ClosedChannelException
	at java.base/java.nio.channels.Channels$1.read(Channels.java:166)
	at com.github.dockerjava.zerodep.shaded.org.apache.hc.client5.http.impl.io.LoggingInputStream.read(LoggingInputStream.java:81)
	at com.github.dockerjava.zerodep.shaded.org.apache.hc.core5.http.impl.io.SessionInputBufferImpl.fillBuffer(SessionInputBufferImpl.java:149)
	at com.github.dockerjava.zerodep.shaded.org.apache.hc.core5.http.impl.io.SessionInputBufferImpl.readLine(SessionInputBufferImpl.java:280)
	at com.github.dockerjava.zerodep.shaded.org.apache.hc.core5.http.impl.io.ChunkedInputStream.getChunkSize(ChunkedInputStream.java:261)
	at com.github.dockerjava.zerodep.shaded.org.apache.hc.core5.http.impl.io.ChunkedInputStream.nextChunk(ChunkedInputStream.java:222)
	at com.github.dockerjava.zerodep.shaded.org.apache.hc.core5.http.impl.io.ChunkedInputStream.read(ChunkedInputStream.java:147)
	at com.github.dockerjava.zerodep.shaded.org.apache.hc.core5.http.impl.io.ChunkedInputStream.close(ChunkedInputStream.java:314)
	at com.github.dockerjava.zerodep.shaded.org.apache.hc.core5.io.Closer.close(Closer.java:48)
	at com.github.dockerjava.zerodep.shaded.org.apache.hc.core5.http.impl.io.IncomingHttpEntity.close(IncomingHttpEntity.java:111)
	at com.github.dockerjava.zerodep.shaded.org.apache.hc.core5.http.io.entity.HttpEntityWrapper.close(HttpEntityWrapper.java:120)
	at com.github.dockerjava.zerodep.shaded.org.apache.hc.core5.io.Closer.close(Closer.java:48)
	at com.github.dockerjava.zerodep.shaded.org.apache.hc.core5.http.message.BasicClassicHttpResponse.close(BasicClassicHttpResponse.java:93)
	at com.github.dockerjava.zerodep.shaded.org.apache.hc.client5.http.impl.classic.CloseableHttpResponse.close(CloseableHttpResponse.java:200)
	at com.github.dockerjava.zerodep.ApacheDockerHttpClientImpl$ApacheResponse.close(ApacheDockerHttpClientImpl.java:256)
	at org.testcontainers.shaded.com.github.dockerjava.core.DefaultInvocationBuilder.lambda$executeAndStream$1(DefaultInvocationBuilder.java:277)
	at java.base/java.lang.Thread.run(Thread.java:1583)
Caused by: java.nio.channels.ClosedChannelException: null
	at java.base/sun.nio.ch.WindowsAsynchronousFileChannelImpl.implRead(WindowsAsynchronousFileChannelImpl.java:521)
	at java.base/sun.nio.ch.AsynchronousFileChannelImpl.read(AsynchronousFileChannelImpl.java:229)
	at com.github.dockerjava.transport.NamedPipeSocket$AsynchronousFileByteChannel.read(NamedPipeSocket.java:117)
	at java.base/java.nio.channels.Channels$1.read(Channels.java:164)
	... 16 common frames omitted
08:04:51.147 [main] DEBUG com.github.dockerjava.zerodep.ApacheDockerHttpClientImpl$ApacheResponse -- Failed to close the response
java.io.IOException: java.nio.channels.ClosedChannelException
	at java.base/java.nio.channels.Channels$1.read(Channels.java:166)
	at com.github.dockerjava.zerodep.shaded.org.apache.hc.client5.http.impl.io.LoggingInputStream.read(LoggingInputStream.java:81)
	at com.github.dockerjava.zerodep.shaded.org.apache.hc.core5.http.impl.io.SessionInputBufferImpl.fillBuffer(SessionInputBufferImpl.java:149)
	at com.github.dockerjava.zerodep.shaded.org.apache.hc.core5.http.impl.io.SessionInputBufferImpl.readLine(SessionInputBufferImpl.java:280)
	at com.github.dockerjava.zerodep.shaded.org.apache.hc.core5.http.impl.io.ChunkedInputStream.getChunkSize(ChunkedInputStream.java:261)
	at com.github.dockerjava.zerodep.shaded.org.apache.hc.core5.http.impl.io.ChunkedInputStream.nextChunk(ChunkedInputStream.java:222)
	at com.github.dockerjava.zerodep.shaded.org.apache.hc.core5.http.impl.io.ChunkedInputStream.read(ChunkedInputStream.java:147)
	at com.github.dockerjava.zerodep.shaded.org.apache.hc.core5.http.impl.io.ChunkedInputStream.close(ChunkedInputStream.java:314)
	at com.github.dockerjava.zerodep.shaded.org.apache.hc.core5.io.Closer.close(Closer.java:48)
	at com.github.dockerjava.zerodep.shaded.org.apache.hc.core5.http.impl.io.IncomingHttpEntity.close(IncomingHttpEntity.java:111)
	at com.github.dockerjava.zerodep.shaded.org.apache.hc.core5.http.io.entity.HttpEntityWrapper.close(HttpEntityWrapper.java:120)
	at com.github.dockerjava.zerodep.shaded.org.apache.hc.core5.io.Closer.close(Closer.java:48)
	at com.github.dockerjava.zerodep.shaded.org.apache.hc.core5.http.message.BasicClassicHttpResponse.close(BasicClassicHttpResponse.java:93)
	at com.github.dockerjava.zerodep.shaded.org.apache.hc.client5.http.impl.classic.CloseableHttpResponse.close(CloseableHttpResponse.java:200)
	at com.github.dockerjava.zerodep.ApacheDockerHttpClientImpl$ApacheResponse.close(ApacheDockerHttpClientImpl.java:256)
	at org.testcontainers.shaded.com.github.dockerjava.core.DefaultInvocationBuilder.lambda$null$0(DefaultInvocationBuilder.java:272)
	at com.github.dockerjava.api.async.ResultCallbackTemplate.close(ResultCallbackTemplate.java:77)
	at org.testcontainers.containers.output.FrameConsumerResultCallback.close(FrameConsumerResultCallback.java:69)
	at org.testcontainers.containers.wait.strategy.LogMessageWaitStrategy.waitUntilReady(LogMessageWaitStrategy.java:49)
	at org.testcontainers.containers.wait.strategy.AbstractWaitStrategy.waitUntilReady(AbstractWaitStrategy.java:52)
	at org.testcontainers.containers.GenericContainer.waitUntilContainerStarted(GenericContainer.java:912)
	at org.testcontainers.containers.GenericContainer.tryStart(GenericContainer.java:503)
	at org.testcontainers.containers.GenericContainer.lambda$doStart$0(GenericContainer.java:357)
	at org.rnorth.ducttape.unreliables.Unreliables.retryUntilSuccess(Unreliables.java:81)
	at org.testcontainers.containers.GenericContainer.doStart(GenericContainer.java:347)
	at org.testcontainers.containers.GenericContainer.start(GenericContainer.java:333)
	at org.testcontainers.utility.RyukResourceReaper.maybeStart(RyukResourceReaper.java:78)
	at org.testcontainers.utility.RyukResourceReaper.init(RyukResourceReaper.java:42)
	at org.testcontainers.DockerClientFactory.client(DockerClientFactory.java:232)
	at org.testcontainers.DockerClientFactory$1.getDockerClient(DockerClientFactory.java:106)
	at com.github.dockerjava.api.DockerClientDelegate.authConfig(DockerClientDelegate.java:109)
	at org.testcontainers.containers.GenericContainer.start(GenericContainer.java:332)
	at org.testcontainers.junit.jupiter.TestcontainersExtension$StoreAdapter.start(TestcontainersExtension.java:280)
	at org.testcontainers.junit.jupiter.TestcontainersExtension$StoreAdapter.access$200(TestcontainersExtension.java:267)
	at org.testcontainers.junit.jupiter.TestcontainersExtension.lambda$null$4(TestcontainersExtension.java:82)
	at org.junit.platform.engine.support.store.NamespacedHierarchicalStore.lambda$getOrComputeIfAbsent$5(NamespacedHierarchicalStore.java:147)
	at org.junit.platform.engine.support.store.NamespacedHierarchicalStore$MemoizingSupplier.computeValue(NamespacedHierarchicalStore.java:372)
	at org.junit.platform.engine.support.store.NamespacedHierarchicalStore$MemoizingSupplier.get(NamespacedHierarchicalStore.java:361)
	at org.junit.platform.engine.support.store.NamespacedHierarchicalStore$StoredValue.evaluate(NamespacedHierarchicalStore.java:308)
	at org.junit.platform.engine.support.store.NamespacedHierarchicalStore$StoredValue.access$200(NamespacedHierarchicalStore.java:287)
	at org.junit.platform.engine.support.store.NamespacedHierarchicalStore.getOrComputeIfAbsent(NamespacedHierarchicalStore.java:149)
	at org.junit.jupiter.engine.execution.NamespaceAwareStore.lambda$getOrComputeIfAbsent$2(NamespaceAwareStore.java:57)
	at org.junit.jupiter.engine.execution.NamespaceAwareStore.accessStore(NamespaceAwareStore.java:90)
	at org.junit.jupiter.engine.execution.NamespaceAwareStore.getOrComputeIfAbsent(NamespaceAwareStore.java:57)
	at org.testcontainers.junit.jupiter.TestcontainersExtension.lambda$startContainers$5(TestcontainersExtension.java:82)
	at java.base/java.util.ArrayList.forEach(ArrayList.java:1596)
	at org.testcontainers.junit.jupiter.TestcontainersExtension.startContainers(TestcontainersExtension.java:82)
	at org.testcontainers.junit.jupiter.TestcontainersExtension.findTestLifecycleAwareContainers(TestcontainersExtension.java:115)
	at org.testcontainers.junit.jupiter.TestcontainersExtension.beforeEach(TestcontainersExtension.java:100)
	at org.junit.jupiter.engine.descriptor.TestMethodTestDescriptor.lambda$invokeBeforeEachCallbacks$2(TestMethodTestDescriptor.java:167)
	at org.junit.jupiter.engine.descriptor.TestMethodTestDescriptor.lambda$invokeBeforeMethodsOrCallbacksUntilExceptionOccurs$6(TestMethodTestDescriptor.java:203)
	at org.junit.platform.engine.support.hierarchical.ThrowableCollector.execute(ThrowableCollector.java:73)
	at org.junit.jupiter.engine.descriptor.TestMethodTestDescriptor.invokeBeforeMethodsOrCallbacksUntilExceptionOccurs(TestMethodTestDescriptor.java:203)
	at org.junit.jupiter.engine.descriptor.TestMethodTestDescriptor.invokeBeforeEachCallbacks(TestMethodTestDescriptor.java:166)
	at org.junit.jupiter.engine.descriptor.TestMethodTestDescriptor.execute(TestMethodTestDescriptor.java:133)
	at org.junit.jupiter.engine.descriptor.TestMethodTestDescriptor.execute(TestMethodTestDescriptor.java:69)
	at org.junit.platform.engine.support.hierarchical.NodeTestTask.lambda$executeRecursively$6(NodeTestTask.java:151)
	at org.junit.platform.engine.support.hierarchical.ThrowableCollector.execute(ThrowableCollector.java:73)
	at org.junit.platform.engine.support.hierarchical.NodeTestTask.lambda$executeRecursively$8(NodeTestTask.java:141)
	at org.junit.platform.engine.support.hierarchical.Node.around(Node.java:137)
	at org.junit.platform.engine.support.hierarchical.NodeTestTask.lambda$executeRecursively$9(NodeTestTask.java:139)
	at org.junit.platform.engine.support.hierarchical.ThrowableCollector.execute(ThrowableCollector.java:73)
	at org.junit.platform.engine.support.hierarchical.NodeTestTask.executeRecursively(NodeTestTask.java:138)
	at org.junit.platform.engine.support.hierarchical.NodeTestTask.execute(NodeTestTask.java:95)
	at java.base/java.util.ArrayList.forEach(ArrayList.java:1596)
	at org.junit.platform.engine.support.hierarchical.SameThreadHierarchicalTestExecutorService.invokeAll(SameThreadHierarchicalTestExecutorService.java:41)
	at org.junit.platform.engine.support.hierarchical.NodeTestTask.lambda$executeRecursively$6(NodeTestTask.java:155)
	at org.junit.platform.engine.support.hierarchical.ThrowableCollector.execute(ThrowableCollector.java:73)
	at org.junit.platform.engine.support.hierarchical.NodeTestTask.lambda$executeRecursively$8(NodeTestTask.java:141)
	at org.junit.platform.engine.support.hierarchical.Node.around(Node.java:137)
	at org.junit.platform.engine.support.hierarchical.NodeTestTask.lambda$executeRecursively$9(NodeTestTask.java:139)
	at org.junit.platform.engine.support.hierarchical.ThrowableCollector.execute(ThrowableCollector.java:73)
	at org.junit.platform.engine.support.hierarchical.NodeTestTask.executeRecursively(NodeTestTask.java:138)
	at org.junit.platform.engine.support.hierarchical.NodeTestTask.execute(NodeTestTask.java:95)
	at java.base/java.util.ArrayList.forEach(ArrayList.java:1596)
	at org.junit.platform.engine.support.hierarchical.SameThreadHierarchicalTestExecutorService.invokeAll(SameThreadHierarchicalTestExecutorService.java:41)
	at org.junit.platform.engine.support.hierarchical.NodeTestTask.lambda$executeRecursively$6(NodeTestTask.java:155)
	at org.junit.platform.engine.support.hierarchical.ThrowableCollector.execute(ThrowableCollector.java:73)
	at org.junit.platform.engine.support.hierarchical.NodeTestTask.lambda$executeRecursively$8(NodeTestTask.java:141)
	at org.junit.platform.engine.support.hierarchical.Node.around(Node.java:137)
	at org.junit.platform.engine.support.hierarchical.NodeTestTask.lambda$executeRecursively$9(NodeTestTask.java:139)
	at org.junit.platform.engine.support.hierarchical.ThrowableCollector.execute(ThrowableCollector.java:73)
	at org.junit.platform.engine.support.hierarchical.NodeTestTask.executeRecursively(NodeTestTask.java:138)
	at org.junit.platform.engine.support.hierarchical.NodeTestTask.execute(NodeTestTask.java:95)
	at org.junit.platform.engine.support.hierarchical.SameThreadHierarchicalTestExecutorService.submit(SameThreadHierarchicalTestExecutorService.java:35)
	at org.junit.platform.engine.support.hierarchical.HierarchicalTestExecutor.execute(HierarchicalTestExecutor.java:57)
	at org.junit.platform.engine.support.hierarchical.HierarchicalTestEngine.execute(HierarchicalTestEngine.java:54)
	at org.junit.platform.launcher.core.EngineExecutionOrchestrator.execute(EngineExecutionOrchestrator.java:198)
	at org.junit.platform.launcher.core.EngineExecutionOrchestrator.execute(EngineExecutionOrchestrator.java:169)
	at org.junit.platform.launcher.core.EngineExecutionOrchestrator.execute(EngineExecutionOrchestrator.java:93)
	at org.junit.platform.launcher.core.EngineExecutionOrchestrator.lambda$execute$0(EngineExecutionOrchestrator.java:58)
	at org.junit.platform.launcher.core.EngineExecutionOrchestrator.withInterceptedStreams(EngineExecutionOrchestrator.java:141)
	at org.junit.platform.launcher.core.EngineExecutionOrchestrator.execute(EngineExecutionOrchestrator.java:57)
	at org.junit.platform.launcher.core.DefaultLauncher.execute(DefaultLauncher.java:103)
	at org.junit.platform.launcher.core.DefaultLauncher.execute(DefaultLauncher.java:85)
	at org.junit.platform.launcher.core.DelegatingLauncher.execute(DelegatingLauncher.java:47)
	at org.apache.maven.surefire.junitplatform.LazyLauncher.execute(LazyLauncher.java:50)
	at org.apache.maven.surefire.junitplatform.JUnitPlatformProvider.execute(JUnitPlatformProvider.java:184)
	at org.apache.maven.surefire.junitplatform.JUnitPlatformProvider.invokeAllTests(JUnitPlatformProvider.java:148)
	at org.apache.maven.surefire.junitplatform.JUnitPlatformProvider.invoke(JUnitPlatformProvider.java:122)
	at org.apache.maven.surefire.booter.ForkedBooter.runSuitesInProcess(ForkedBooter.java:385)
	at org.apache.maven.surefire.booter.ForkedBooter.execute(ForkedBooter.java:162)
	at org.apache.maven.surefire.booter.ForkedBooter.run(ForkedBooter.java:507)
	at org.apache.maven.surefire.booter.ForkedBooter.main(ForkedBooter.java:495)
Caused by: java.nio.channels.ClosedChannelException: null
	at java.base/sun.nio.ch.WindowsAsynchronousFileChannelImpl.implRead(WindowsAsynchronousFileChannelImpl.java:521)
	at java.base/sun.nio.ch.AsynchronousFileChannelImpl.read(AsynchronousFileChannelImpl.java:229)
	at com.github.dockerjava.transport.NamedPipeSocket$AsynchronousFileByteChannel.read(NamedPipeSocket.java:117)
	at java.base/java.nio.channels.Channels$1.read(Channels.java:164)
	... 103 common frames omitted
08:04:51.150 [main] INFO tc.testcontainers/ryuk:0.5.1 -- Container testcontainers/ryuk:0.5.1 started in PT1.197945S
08:04:51.158 [testcontainers-ryuk] DEBUG org.testcontainers.utility.ResourceReaper -- Sending 'label=org.testcontainers%3Dtrue&label=org.testcontainers.lang%3Djava&label=org.testcontainers.version%3D1.19.3&label=org.testcontainers.sessionId%3D3e81ff38-c5d8-46ef-80ba-8fe8bfdd672a' to Ryuk
08:04:51.161 [testcontainers-ryuk] DEBUG org.testcontainers.utility.RyukResourceReaper -- Received 'ACK' from Ryuk
08:04:51.161 [main] INFO org.testcontainers.utility.RyukResourceReaper -- Ryuk started - will monitor and terminate Testcontainers containers on JVM exit
08:04:51.161 [main] DEBUG org.testcontainers.DockerClientFactory -- Checks are enabled
08:04:51.161 [main] INFO org.testcontainers.DockerClientFactory -- Checking the system...
08:04:51.162 [main] INFO org.testcontainers.DockerClientFactory -- ✔︎ Docker server version should be at least 1.6.0
08:04:51.170 [main] INFO org.testcontainers.containers.SeleniumUtils -- Selenium API version 4.20.0 detected on classpath
08:04:51.189 [main] DEBUG org.testcontainers.utility.PrefixingImageNameSubstitutor -- No prefix is configured
08:04:51.189 [main] DEBUG org.testcontainers.utility.ImageNameSubstitutor -- Did not find a substitute image for selenium/standalone-chrome:4.20.0 (using image substitutor: DefaultImageNameSubstitutor (composite of 'ConfigurationFileImageNameSubstitutor' and 'PrefixingImageNameSubstitutor'))
08:04:51.189 [main] DEBUG org.testcontainers.images.AbstractImagePullPolicy -- Using locally available and not pulling image: selenium/standalone-chrome:4.20.0
08:04:51.189 [main] DEBUG tc.selenium/standalone-chrome:4.20.0 -- Starting container: selenium/standalone-chrome:4.20.0
08:04:51.189 [main] DEBUG tc.selenium/standalone-chrome:4.20.0 -- Trying to start container: selenium/standalone-chrome:4.20.0 (attempt 1/3)
08:04:51.189 [main] DEBUG tc.selenium/standalone-chrome:4.20.0 -- Starting container: selenium/standalone-chrome:4.20.0
08:04:51.190 [main] INFO tc.selenium/standalone-chrome:4.20.0 -- Creating container for image: selenium/standalone-chrome:4.20.0
08:04:51.190 [main] DEBUG org.testcontainers.utility.RegistryAuthLocator -- Looking up auth config for image: selenium/standalone-chrome:4.20.0 at registry: https://index.docker.io/v1/
08:04:51.190 [main] DEBUG org.testcontainers.utility.RegistryAuthLocator -- Cached auth found: [AuthConfig{username=elenacabe, password=hidden non-blank value, auth=blank, email=null, registryAddress=https://index.docker.io/v1/, registryToken=blank}]
08:04:51.191 [main] DEBUG org.testcontainers.dockerclient.AuthDelegatingDockerClientConfig -- Effective auth config [AuthConfig{username=elenacabe, password=hidden non-blank value, auth=blank, email=null, registryAddress=https://index.docker.io/v1/, registryToken=blank}]
08:04:51.196 [main] DEBUG org.testcontainers.shaded.com.github.dockerjava.core.command.AbstrDockerCmd -- Cmd: <null>,true,<null>,false,<null>,<null>,{org.testcontainers=true, org.testcontainers.lang=java, org.testcontainers.version=1.19.3, org.testcontainers.sessionId=3e81ff38-c5d8-46ef-80ba-8fe8bfdd672a},dd79b24f-5dea-4620-b1e4-b05cb2db2118,{}
08:04:51.210 [main] DEBUG com.github.dockerjava.zerodep.shaded.org.apache.hc.client5.http.impl.classic.InternalHttpClient -- ex-0000000A: preparing request execution
08:04:51.210 [main] DEBUG com.github.dockerjava.zerodep.shaded.org.apache.hc.client5.http.protocol.RequestAddCookies -- Cookie spec selected: strict
08:04:51.211 [main] DEBUG com.github.dockerjava.zerodep.shaded.org.apache.hc.client5.http.protocol.RequestAuthCache -- Auth cache not set in the context
08:04:51.211 [main] DEBUG com.github.dockerjava.zerodep.shaded.org.apache.hc.client5.http.impl.classic.ProtocolExec -- ex-0000000A: target auth state: UNCHALLENGED
08:04:51.211 [main] DEBUG com.github.dockerjava.zerodep.shaded.org.apache.hc.client5.http.impl.classic.ProtocolExec -- ex-0000000A: proxy auth state: UNCHALLENGED
08:04:51.211 [main] DEBUG com.github.dockerjava.zerodep.shaded.org.apache.hc.client5.http.impl.classic.ConnectExec -- ex-0000000A: acquiring connection with route {}->npipe://localhost:2375
08:04:51.211 [main] DEBUG com.github.dockerjava.zerodep.shaded.org.apache.hc.client5.http.impl.classic.InternalHttpClient -- ex-0000000A: acquiring endpoint (3 MINUTES)
08:04:51.211 [main] DEBUG com.github.dockerjava.zerodep.shaded.org.apache.hc.client5.http.impl.io.PoolingHttpClientConnectionManager -- ex-0000000A: endpoint lease request (3 MINUTES) [route: {}->npipe://localhost:2375][total available: 0; route allocated: 0 of 2147483647; total allocated: 0 of 2147483647]
08:04:51.211 [main] DEBUG com.github.dockerjava.zerodep.shaded.org.apache.hc.client5.http.impl.io.PoolingHttpClientConnectionManager -- ex-0000000A: endpoint leased [route: {}->npipe://localhost:2375][total available: 0; route allocated: 1 of 2147483647; total allocated: 1 of 2147483647]
08:04:51.212 [main] DEBUG com.github.dockerjava.zerodep.shaded.org.apache.hc.client5.http.impl.io.PoolingHttpClientConnectionManager -- ex-0000000A: acquired ep-00000009
08:04:51.212 [main] DEBUG com.github.dockerjava.zerodep.shaded.org.apache.hc.client5.http.impl.classic.InternalHttpClient -- ex-0000000A: acquired endpoint ep-00000009
08:04:51.212 [main] DEBUG com.github.dockerjava.zerodep.shaded.org.apache.hc.client5.http.impl.classic.ConnectExec -- ex-0000000A: opening connection {}->npipe://localhost:2375
08:04:51.212 [main] DEBUG com.github.dockerjava.zerodep.shaded.org.apache.hc.client5.http.impl.classic.InternalHttpClient -- ep-00000009: connecting endpoint (3 MINUTES)
08:04:51.212 [main] DEBUG com.github.dockerjava.zerodep.shaded.org.apache.hc.client5.http.impl.io.PoolingHttpClientConnectionManager -- ep-00000009: connecting endpoint to npipe://localhost:2375 (3 MINUTES)
08:04:51.212 [main] DEBUG com.github.dockerjava.zerodep.shaded.org.apache.hc.client5.http.impl.io.DefaultHttpClientConnectionOperator -- http-outgoing-1: connecting to localhost/127.0.0.1:2375
08:04:51.213 [main] DEBUG com.github.dockerjava.zerodep.shaded.org.apache.hc.client5.http.impl.io.DefaultHttpClientConnectionOperator -- http-outgoing-1: connection established 
08:04:51.213 [main] DEBUG com.github.dockerjava.zerodep.shaded.org.apache.hc.client5.http.impl.io.PoolingHttpClientConnectionManager -- ep-00000009: connected http-outgoing-1
08:04:51.213 [main] DEBUG com.github.dockerjava.zerodep.shaded.org.apache.hc.client5.http.impl.classic.InternalHttpClient -- ep-00000009: endpoint connected
08:04:51.213 [main] DEBUG com.github.dockerjava.zerodep.shaded.org.apache.hc.client5.http.impl.classic.MainClientExec -- ex-0000000A: executing POST /v1.32/networks/create HTTP/1.1
08:04:51.213 [main] DEBUG com.github.dockerjava.zerodep.shaded.org.apache.hc.client5.http.impl.classic.InternalHttpClient -- ep-00000009: start execution ex-0000000A
08:04:51.213 [main] DEBUG com.github.dockerjava.zerodep.shaded.org.apache.hc.client5.http.impl.io.PoolingHttpClientConnectionManager -- ep-00000009: executing exchange ex-0000000A over http-outgoing-1
08:04:51.213 [main] DEBUG com.github.dockerjava.zerodep.shaded.org.apache.hc.client5.http.headers -- http-outgoing-1 >> POST /v1.32/networks/create HTTP/1.1
08:04:51.213 [main] DEBUG com.github.dockerjava.zerodep.shaded.org.apache.hc.client5.http.headers -- http-outgoing-1 >> accept: application/json
08:04:51.213 [main] DEBUG com.github.dockerjava.zerodep.shaded.org.apache.hc.client5.http.headers -- http-outgoing-1 >> content-type: application/json
08:04:51.213 [main] DEBUG com.github.dockerjava.zerodep.shaded.org.apache.hc.client5.http.headers -- http-outgoing-1 >> x-tc-sid: 3e81ff38-c5d8-46ef-80ba-8fe8bfdd672a
08:04:51.213 [main] DEBUG com.github.dockerjava.zerodep.shaded.org.apache.hc.client5.http.headers -- http-outgoing-1 >> User-Agent: tc-java/1.19.3
08:04:51.213 [main] DEBUG com.github.dockerjava.zerodep.shaded.org.apache.hc.client5.http.headers -- http-outgoing-1 >> Accept-Encoding: gzip, x-gzip, deflate
08:04:51.213 [main] DEBUG com.github.dockerjava.zerodep.shaded.org.apache.hc.client5.http.headers -- http-outgoing-1 >> Content-Length: 360
08:04:51.213 [main] DEBUG com.github.dockerjava.zerodep.shaded.org.apache.hc.client5.http.headers -- http-outgoing-1 >> Host: localhost:2375
08:04:51.213 [main] DEBUG com.github.dockerjava.zerodep.shaded.org.apache.hc.client5.http.headers -- http-outgoing-1 >> Connection: keep-alive
08:04:51.213 [main] DEBUG com.github.dockerjava.zerodep.shaded.org.apache.hc.client5.http.wire -- http-outgoing-1 >> "POST /v1.32/networks/create HTTP/1.1[\r][\n]"
08:04:51.213 [main] DEBUG com.github.dockerjava.zerodep.shaded.org.apache.hc.client5.http.wire -- http-outgoing-1 >> "accept: application/json[\r][\n]"
08:04:51.213 [main] DEBUG com.github.dockerjava.zerodep.shaded.org.apache.hc.client5.http.wire -- http-outgoing-1 >> "content-type: application/json[\r][\n]"
08:04:51.213 [main] DEBUG com.github.dockerjava.zerodep.shaded.org.apache.hc.client5.http.wire -- http-outgoing-1 >> "x-tc-sid: 3e81ff38-c5d8-46ef-80ba-8fe8bfdd672a[\r][\n]"
08:04:51.213 [main] DEBUG com.github.dockerjava.zerodep.shaded.org.apache.hc.client5.http.wire -- http-outgoing-1 >> "User-Agent: tc-java/1.19.3[\r][\n]"
08:04:51.213 [main] DEBUG com.github.dockerjava.zerodep.shaded.org.apache.hc.client5.http.wire -- http-outgoing-1 >> "Accept-Encoding: gzip, x-gzip, deflate[\r][\n]"
08:04:51.214 [main] DEBUG com.github.dockerjava.zerodep.shaded.org.apache.hc.client5.http.wire -- http-outgoing-1 >> "Content-Length: 360[\r][\n]"
08:04:51.214 [main] DEBUG com.github.dockerjava.zerodep.shaded.org.apache.hc.client5.http.wire -- http-outgoing-1 >> "Host: localhost:2375[\r][\n]"
08:04:51.214 [main] DEBUG com.github.dockerjava.zerodep.shaded.org.apache.hc.client5.http.wire -- http-outgoing-1 >> "Connection: keep-alive[\r][\n]"
08:04:51.214 [main] DEBUG com.github.dockerjava.zerodep.shaded.org.apache.hc.client5.http.wire -- http-outgoing-1 >> "[\r][\n]"
08:04:51.214 [main] DEBUG com.github.dockerjava.zerodep.shaded.org.apache.hc.client5.http.wire -- http-outgoing-1 >> "{"enableIPv6":false,"Name":"dd79b24f-5dea-4620-b1e4-b05cb2db2118","Driver":null,"IPAM":null,"Options":{},"CheckDuplicate":true,"Internal":null,"EnableIPv6":false,"Attachable":null,"Labels":{"org.testcontainers":"true","org.testcontainers.lang":"java","org.testcontainers.version":"1.19.3","org.testcontainers.sessionId":"3e81ff38-c5d8-46ef-80ba-8fe8bfdd672a"}}"
08:04:51.461 [main] DEBUG com.github.dockerjava.zerodep.shaded.org.apache.hc.client5.http.wire -- http-outgoing-1 << "HTTP/1.1 201 Created[\r][\n]"
08:04:51.461 [main] DEBUG com.github.dockerjava.zerodep.shaded.org.apache.hc.client5.http.wire -- http-outgoing-1 << "Api-Version: 1.47[\r][\n]"
08:04:51.462 [main] DEBUG com.github.dockerjava.zerodep.shaded.org.apache.hc.client5.http.wire -- http-outgoing-1 << "Content-Type: application/json[\r][\n]"
08:04:51.462 [main] DEBUG com.github.dockerjava.zerodep.shaded.org.apache.hc.client5.http.wire -- http-outgoing-1 << "Date: Fri, 02 May 2025 06:04:51 GMT[\r][\n]"
08:04:51.462 [main] DEBUG com.github.dockerjava.zerodep.shaded.org.apache.hc.client5.http.wire -- http-outgoing-1 << "Docker-Experimental: false[\r][\n]"
08:04:51.462 [main] DEBUG com.github.dockerjava.zerodep.shaded.org.apache.hc.client5.http.wire -- http-outgoing-1 << "Ostype: linux[\r][\n]"
08:04:51.462 [main] DEBUG com.github.dockerjava.zerodep.shaded.org.apache.hc.client5.http.wire -- http-outgoing-1 << "Server: Docker/27.5.1 (linux)[\r][\n]"
08:04:51.462 [main] DEBUG com.github.dockerjava.zerodep.shaded.org.apache.hc.client5.http.wire -- http-outgoing-1 << "Transfer-Encoding: chunked[\r][\n]"
08:04:51.463 [main] DEBUG com.github.dockerjava.zerodep.shaded.org.apache.hc.client5.http.wire -- http-outgoing-1 << "[\r][\n]"
08:04:51.463 [main] DEBUG com.github.dockerjava.zerodep.shaded.org.apache.hc.client5.http.headers -- http-outgoing-1 << HTTP/1.1 201 Created
08:04:51.463 [main] DEBUG com.github.dockerjava.zerodep.shaded.org.apache.hc.client5.http.headers -- http-outgoing-1 << Api-Version: 1.47
08:04:51.463 [main] DEBUG com.github.dockerjava.zerodep.shaded.org.apache.hc.client5.http.headers -- http-outgoing-1 << Content-Type: application/json
08:04:51.463 [main] DEBUG com.github.dockerjava.zerodep.shaded.org.apache.hc.client5.http.headers -- http-outgoing-1 << Date: Fri, 02 May 2025 06:04:51 GMT
08:04:51.464 [main] DEBUG com.github.dockerjava.zerodep.shaded.org.apache.hc.client5.http.headers -- http-outgoing-1 << Docker-Experimental: false
08:04:51.464 [main] DEBUG com.github.dockerjava.zerodep.shaded.org.apache.hc.client5.http.headers -- http-outgoing-1 << Ostype: linux
08:04:51.464 [main] DEBUG com.github.dockerjava.zerodep.shaded.org.apache.hc.client5.http.headers -- http-outgoing-1 << Server: Docker/27.5.1 (linux)
08:04:51.464 [main] DEBUG com.github.dockerjava.zerodep.shaded.org.apache.hc.client5.http.headers -- http-outgoing-1 << Transfer-Encoding: chunked
08:04:51.465 [main] DEBUG com.github.dockerjava.zerodep.shaded.org.apache.hc.client5.http.impl.classic.MainClientExec -- ex-0000000A: connection can be kept alive for 3 MINUTES
08:04:51.466 [main] DEBUG com.github.dockerjava.zerodep.shaded.org.apache.hc.client5.http.wire -- http-outgoing-1 << "57[\r][\n]"
08:04:51.467 [main] DEBUG com.github.dockerjava.zerodep.shaded.org.apache.hc.client5.http.wire -- http-outgoing-1 << "{"Id":"b704b6e8f8077f8578449cf0c6e98e04e9e3eea75c6ef53aba4dbe1e0b306329","Warning":""}[\n]"
08:04:51.467 [main] DEBUG com.github.dockerjava.zerodep.shaded.org.apache.hc.client5.http.wire -- http-outgoing-1 << "[\r][\n]"
08:04:51.468 [main] DEBUG com.github.dockerjava.zerodep.shaded.org.apache.hc.client5.http.wire -- http-outgoing-1 << "0[\r][\n]"
08:04:51.468 [main] DEBUG com.github.dockerjava.zerodep.shaded.org.apache.hc.client5.http.wire -- http-outgoing-1 << "[\r][\n]"
08:04:51.472 [main] DEBUG com.github.dockerjava.zerodep.shaded.org.apache.hc.client5.http.impl.classic.InternalHttpClient -- ep-00000009: releasing valid endpoint
08:04:51.472 [main] DEBUG com.github.dockerjava.zerodep.shaded.org.apache.hc.client5.http.impl.io.PoolingHttpClientConnectionManager -- ep-00000009: releasing endpoint
08:04:51.474 [main] DEBUG com.github.dockerjava.zerodep.shaded.org.apache.hc.client5.http.impl.io.PoolingHttpClientConnectionManager -- ep-00000009: connection http-outgoing-1 can be kept alive for 3 MINUTES
08:04:51.474 [main] DEBUG com.github.dockerjava.zerodep.shaded.org.apache.hc.client5.http.impl.io.PoolingHttpClientConnectionManager -- ep-00000009: connection released [route: {}->npipe://localhost:2375][total available: 1; route allocated: 1 of 2147483647; total allocated: 1 of 2147483647]
08:04:51.478 [main] DEBUG org.testcontainers.shaded.com.github.dockerjava.core.command.AbstrDockerCmd -- Cmd: org.testcontainers.shaded.com.github.dockerjava.core.command.CreateContainerCmdImpl@21ab988f[aliases=[tc-oMUVLb15],argsEscaped=<null>,attachStderr=<null>,attachStdin=<null>,attachStdout=<null>,authConfig=AuthConfig(username=elenacabe, email=null, registryAddress=https://index.docker.io/v1/, stackOrchestrator=null),cmd={/opt/bin/entry_point.sh},domainName=<null>,entrypoint=<null>,env={no_proxy=localhost,TZ=Europe/Madrid},exposedPorts=ExposedPorts(exposedPorts=[4444/tcp, 5900/tcp]),healthcheck=<null>,hostConfig=HostConfig(binds=[], blkioWeight=null, blkioWeightDevice=null, blkioDeviceReadBps=null, blkioDeviceWriteBps=null, blkioDeviceReadIOps=null, blkioDeviceWriteIOps=null, memorySwappiness=null, nanoCPUs=null, capAdd=null, capDrop=null, containerIDFile=null, cpuPeriod=null, cpuRealtimePeriod=null, cpuRealtimeRuntime=null, cpuShares=null, cpuQuota=null, cpusetCpus=null, cpusetMems=null, devices=null, deviceCgroupRules=null, deviceRequests=null, diskQuota=null, dns=null, dnsOptions=null, dnsSearch=null, extraHosts=[], groupAdd=null, ipcMode=null, cgroup=null, links=[], logConfig=LogConfig(type=null, config=null), lxcConf=null, memory=null, memorySwap=null, memoryReservation=null, kernelMemory=null, networkMode=b704b6e8f8077f8578449cf0c6e98e04e9e3eea75c6ef53aba4dbe1e0b306329, oomKillDisable=null, init=null, autoRemove=null, oomScoreAdj=null, portBindings={4444/tcp=[Lcom.github.dockerjava.api.model.Ports$Binding;@a50ae65, 5900/tcp=[Lcom.github.dockerjava.api.model.Ports$Binding;@1280851e}, privileged=null, publishAllPorts=null, readonlyRootfs=null, restartPolicy=null, ulimits=null, cpuCount=null, cpuPercent=null, ioMaximumIOps=null, ioMaximumBandwidth=null, volumesFrom=[], mounts=null, pidMode=null, isolation=null, securityOpts=null, storageOpt=null, cgroupParent=null, volumeDriver=null, shmSize=536870912, pidsLimit=null, runtime=null, tmpFs=null, utSMode=null, usernsMode=null, sysctls=null, consoleSize=null, cgroupnsMode=null),hostName=<null>,image=selenium/standalone-chrome:4.20.0,ipv4Address=<null>,ipv6Address=<null>,labels={org.testcontainers=true, org.testcontainers.lang=java, org.testcontainers.version=1.19.3, org.testcontainers.sessionId=3e81ff38-c5d8-46ef-80ba-8fe8bfdd672a},macAddress=<null>,name=<null>,networkDisabled=<null>,networkingConfig=org.testcontainers.shaded.com.github.dockerjava.core.command.CreateContainerCmdImpl$NetworkingConfig@35f8a9d3,onBuild=<null>,platform=<null>,portSpecs=<null>,shell=<null>,stdInOnce=<null>,stdinOpen=<null>,stopSignal=<null>,stopTimeout=<null>,tty=<null>,user=<null>,volumes=Volumes(volumes=[]),workingDir=<null>]
08:04:51.505 [main] DEBUG com.github.dockerjava.zerodep.shaded.org.apache.hc.client5.http.impl.classic.InternalHttpClient -- ex-0000000B: preparing request execution
08:04:51.506 [main] DEBUG com.github.dockerjava.zerodep.shaded.org.apache.hc.client5.http.protocol.RequestAddCookies -- Cookie spec selected: strict
08:04:51.506 [main] DEBUG com.github.dockerjava.zerodep.shaded.org.apache.hc.client5.http.protocol.RequestAuthCache -- Auth cache not set in the context
08:04:51.506 [main] DEBUG com.github.dockerjava.zerodep.shaded.org.apache.hc.client5.http.impl.classic.ProtocolExec -- ex-0000000B: target auth state: UNCHALLENGED
08:04:51.506 [main] DEBUG com.github.dockerjava.zerodep.shaded.org.apache.hc.client5.http.impl.classic.ProtocolExec -- ex-0000000B: proxy auth state: UNCHALLENGED
08:04:51.506 [main] DEBUG com.github.dockerjava.zerodep.shaded.org.apache.hc.client5.http.impl.classic.ConnectExec -- ex-0000000B: acquiring connection with route {}->npipe://localhost:2375
08:04:51.507 [main] DEBUG com.github.dockerjava.zerodep.shaded.org.apache.hc.client5.http.impl.classic.InternalHttpClient -- ex-0000000B: acquiring endpoint (3 MINUTES)
08:04:51.507 [main] DEBUG com.github.dockerjava.zerodep.shaded.org.apache.hc.client5.http.impl.io.PoolingHttpClientConnectionManager -- ex-0000000B: endpoint lease request (3 MINUTES) [route: {}->npipe://localhost:2375][total available: 1; route allocated: 1 of 2147483647; total allocated: 1 of 2147483647]
08:04:51.507 [main] DEBUG com.github.dockerjava.zerodep.shaded.org.apache.hc.client5.http.impl.io.PoolingHttpClientConnectionManager -- ex-0000000B: endpoint leased [route: {}->npipe://localhost:2375][total available: 0; route allocated: 1 of 2147483647; total allocated: 1 of 2147483647]
08:04:51.507 [main] DEBUG com.github.dockerjava.zerodep.shaded.org.apache.hc.client5.http.impl.io.PoolingHttpClientConnectionManager -- ex-0000000B: acquired ep-0000000A
08:04:51.507 [main] DEBUG com.github.dockerjava.zerodep.shaded.org.apache.hc.client5.http.impl.classic.InternalHttpClient -- ex-0000000B: acquired endpoint ep-0000000A
08:04:51.507 [main] DEBUG com.github.dockerjava.zerodep.shaded.org.apache.hc.client5.http.impl.classic.MainClientExec -- ex-0000000B: executing POST /v1.32/containers/create HTTP/1.1
08:04:51.507 [main] DEBUG com.github.dockerjava.zerodep.shaded.org.apache.hc.client5.http.impl.classic.InternalHttpClient -- ep-0000000A: start execution ex-0000000B
08:04:51.507 [main] DEBUG com.github.dockerjava.zerodep.shaded.org.apache.hc.client5.http.impl.io.PoolingHttpClientConnectionManager -- ep-0000000A: executing exchange ex-0000000B over http-outgoing-1
08:04:51.508 [main] DEBUG com.github.dockerjava.zerodep.shaded.org.apache.hc.client5.http.headers -- http-outgoing-1 >> POST /v1.32/containers/create HTTP/1.1
08:04:51.508 [main] DEBUG com.github.dockerjava.zerodep.shaded.org.apache.hc.client5.http.headers -- http-outgoing-1 >> X-Registry-Auth: eyJ1c2VybmFtZSI6ImVsZW5hY2FiZSIsInBhc3N3b3JkIjoiZGNrcl9wYXRfTFNweVg2VU02ekszeDNEYzlzNW5QWWNmeVE0IiwiZW1haWwiOm51bGwsInNlcnZlcmFkZHJlc3MiOiJodHRwczovL2luZGV4LmRvY2tlci5pby92MS8iLCJhdXRoIjpudWxsLCJyZWdpc3RyeXRva2VuIjpudWxsLCJpZGVudGl0eXRva2VuIjpudWxsLCJzdGFja09yY2hlc3RyYXRvciI6bnVsbH0=
08:04:51.508 [main] DEBUG com.github.dockerjava.zerodep.shaded.org.apache.hc.client5.http.headers -- http-outgoing-1 >> accept: application/json
08:04:51.508 [main] DEBUG com.github.dockerjava.zerodep.shaded.org.apache.hc.client5.http.headers -- http-outgoing-1 >> content-type: application/json
08:04:51.508 [main] DEBUG com.github.dockerjava.zerodep.shaded.org.apache.hc.client5.http.headers -- http-outgoing-1 >> x-tc-sid: 3e81ff38-c5d8-46ef-80ba-8fe8bfdd672a
08:04:51.508 [main] DEBUG com.github.dockerjava.zerodep.shaded.org.apache.hc.client5.http.headers -- http-outgoing-1 >> User-Agent: tc-java/1.19.3
08:04:51.508 [main] DEBUG com.github.dockerjava.zerodep.shaded.org.apache.hc.client5.http.headers -- http-outgoing-1 >> Accept-Encoding: gzip, x-gzip, deflate
08:04:51.508 [main] DEBUG com.github.dockerjava.zerodep.shaded.org.apache.hc.client5.http.headers -- http-outgoing-1 >> Content-Length: 2490
08:04:51.508 [main] DEBUG com.github.dockerjava.zerodep.shaded.org.apache.hc.client5.http.headers -- http-outgoing-1 >> Host: localhost:2375
08:04:51.508 [main] DEBUG com.github.dockerjava.zerodep.shaded.org.apache.hc.client5.http.headers -- http-outgoing-1 >> Connection: keep-alive
08:04:51.508 [main] DEBUG com.github.dockerjava.zerodep.shaded.org.apache.hc.client5.http.wire -- http-outgoing-1 >> "POST /v1.32/containers/create HTTP/1.1[\r][\n]"
08:04:51.508 [main] DEBUG com.github.dockerjava.zerodep.shaded.org.apache.hc.client5.http.wire -- http-outgoing-1 >> "X-Registry-Auth: eyJ1c2VybmFtZSI6ImVsZW5hY2FiZSIsInBhc3N3b3JkIjoiZGNrcl9wYXRfTFNweVg2VU02ekszeDNEYzlzNW5QWWNmeVE0IiwiZW1haWwiOm51bGwsInNlcnZlcmFkZHJlc3MiOiJodHRwczovL2luZGV4LmRvY2tlci5pby92MS8iLCJhdXRoIjpudWxsLCJyZWdpc3RyeXRva2VuIjpudWxsLCJpZGVudGl0eXRva2VuIjpudWxsLCJzdGFja09yY2hlc3RyYXRvciI6bnVsbH0=[\r][\n]"
08:04:51.508 [main] DEBUG com.github.dockerjava.zerodep.shaded.org.apache.hc.client5.http.wire -- http-outgoing-1 >> "accept: application/json[\r][\n]"
08:04:51.508 [main] DEBUG com.github.dockerjava.zerodep.shaded.org.apache.hc.client5.http.wire -- http-outgoing-1 >> "content-type: application/json[\r][\n]"
08:04:51.508 [main] DEBUG com.github.dockerjava.zerodep.shaded.org.apache.hc.client5.http.wire -- http-outgoing-1 >> "x-tc-sid: 3e81ff38-c5d8-46ef-80ba-8fe8bfdd672a[\r][\n]"
08:04:51.508 [main] DEBUG com.github.dockerjava.zerodep.shaded.org.apache.hc.client5.http.wire -- http-outgoing-1 >> "User-Agent: tc-java/1.19.3[\r][\n]"
08:04:51.508 [main] DEBUG com.github.dockerjava.zerodep.shaded.org.apache.hc.client5.http.wire -- http-outgoing-1 >> "Accept-Encoding: gzip, x-gzip, deflate[\r][\n]"
08:04:51.508 [main] DEBUG com.github.dockerjava.zerodep.shaded.org.apache.hc.client5.http.wire -- http-outgoing-1 >> "Content-Length: 2490[\r][\n]"
08:04:51.508 [main] DEBUG com.github.dockerjava.zerodep.shaded.org.apache.hc.client5.http.wire -- http-outgoing-1 >> "Host: localhost:2375[\r][\n]"
08:04:51.508 [main] DEBUG com.github.dockerjava.zerodep.shaded.org.apache.hc.client5.http.wire -- http-outgoing-1 >> "Connection: keep-alive[\r][\n]"
08:04:51.508 [main] DEBUG com.github.dockerjava.zerodep.shaded.org.apache.hc.client5.http.wire -- http-outgoing-1 >> "[\r][\n]"
08:04:51.509 [main] DEBUG com.github.dockerjava.zerodep.shaded.org.apache.hc.client5.http.wire -- http-outgoing-1 >> "{"Hostname":null,"Domainname":null,"User":null,"AttachStdin":null,"AttachStdout":null,"AttachStderr":null,"PortSpecs":null,"Tty":null,"OpenStdin":null,"StdinOnce":null,"Env":["no_proxy=localhost","TZ=Europe/Madrid"],"Cmd":["/opt/bin/entry_point.sh"],"Healthcheck":null,"ArgsEscaped":null,"Entrypoint":null,"Image":"selenium/standalone-chrome:4.20.0","Volumes":{},"WorkingDir":null,"MacAddress":null,"OnBuild":null,"NetworkDisabled":null,"ExposedPorts":{"5900/tcp":{},"4444/tcp":{}},"StopSignal":null,"StopTimeout":null,"HostConfig":{"Binds":[],"BlkioWeight":null,"BlkioWeightDevice":null,"BlkioDeviceReadBps":null,"BlkioDeviceWriteBps":null,"BlkioDeviceReadIOps":null,"BlkioDeviceWriteIOps":null,"MemorySwappiness":null,"NanoCpus":null,"CapAdd":null,"CapDrop":null,"ContainerIDFile":null,"CpuPeriod":null,"CpuRealtimePeriod":null,"CpuRealtimeRuntime":null,"CpuShares":null,"CpuQuota":null,"CpusetCpus":null,"CpusetMems":null,"Devices":null,"DeviceCgroupRules":null,"DeviceRequests":null,"DiskQuota":null,"Dns":null,"DnsOptions":null,"DnsSearch":null,"ExtraHosts":[],"GroupAdd":null,"IpcMode":null,"Cgroup":null,"Links":[],"LogConfig":null,"LxcConf":null,"Memory":null,"MemorySwap":null,"MemoryReservation":null,"KernelMemory":null,"NetworkMode":"b704b6e8f8077f8578449cf0c6e98e04e9e3eea75c6ef53aba4dbe1e0b306329","OomKillDisable":null,"Init":null,"AutoRemove":null,"OomScoreAdj":null,"PortBindings":{"4444/tcp":[{"HostIp":"","HostPort":""}],"5900/tcp":[{"HostIp":"","HostPort":""}]},"Privileged":null,"PublishAllPorts":null,"ReadonlyRootfs":null,"RestartPolicy":null,"Ulimits":null,"CpuCount":null,"CpuPercent":null,"IOMaximumIOps":null,"IOMaximumBandwidth":null,"VolumesFrom":[],"Mounts":null,"PidMode":null,"Isolation":null,"SecurityOpt":null,"StorageOpt":null,"CgroupParent":null,"VolumeDriver":null,"ShmSize":536870912,"PidsLimit":null,"Runtime":null,"Tmpfs":null,"UTSMode":null,"UsernsMode":null,"Sysctls":null,"ConsoleSize":null,"CgroupnsMode":null},"Labels":{"org.testcontainers":"true","org.testcontainers.lang":"java","org.testcontainers.version":"1.19.3","org.testcontainers.sessionId":"3e81ff38-c5d8-46ef-80ba-8fe8bfdd672a"},"Shell":null,"NetworkingConfig":{"EndpointsConfig":{"b704b6e8f8077f8578449cf0c6e98e04e9e3eea75c6ef53aba4dbe1e0b306329":{"IPAMConfig":null,"Links":null,"Aliases":["tc-oMUVLb15"],"NetworkID":null,"EndpointID":null,"Gateway":null,"IPAddress":null,"IPPrefixLen":null,"IPv6Gateway":null,"GlobalIPv6Address":null,"GlobalIPv6PrefixLen":null,"MacAddress":null}}}}"
08:04:51.633 [main] DEBUG com.github.dockerjava.zerodep.shaded.org.apache.hc.client5.http.wire -- http-outgoing-1 << "HTTP/1.1 201 Created[\r][\n]"
08:04:51.633 [main] DEBUG com.github.dockerjava.zerodep.shaded.org.apache.hc.client5.http.wire -- http-outgoing-1 << "Api-Version: 1.47[\r][\n]"
08:04:51.633 [main] DEBUG com.github.dockerjava.zerodep.shaded.org.apache.hc.client5.http.wire -- http-outgoing-1 << "Content-Type: application/json[\r][\n]"
08:04:51.633 [main] DEBUG com.github.dockerjava.zerodep.shaded.org.apache.hc.client5.http.wire -- http-outgoing-1 << "Date: Fri, 02 May 2025 06:04:51 GMT[\r][\n]"
08:04:51.634 [main] DEBUG com.github.dockerjava.zerodep.shaded.org.apache.hc.client5.http.wire -- http-outgoing-1 << "Docker-Experimental: false[\r][\n]"
08:04:51.634 [main] DEBUG com.github.dockerjava.zerodep.shaded.org.apache.hc.client5.http.wire -- http-outgoing-1 << "Ostype: linux[\r][\n]"
08:04:51.634 [main] DEBUG com.github.dockerjava.zerodep.shaded.org.apache.hc.client5.http.wire -- http-outgoing-1 << "Server: Docker/27.5.1 (linux)[\r][\n]"
08:04:51.634 [main] DEBUG com.github.dockerjava.zerodep.shaded.org.apache.hc.client5.http.wire -- http-outgoing-1 << "Transfer-Encoding: chunked[\r][\n]"
08:04:51.634 [main] DEBUG com.github.dockerjava.zerodep.shaded.org.apache.hc.client5.http.wire -- http-outgoing-1 << "[\r][\n]"
08:04:51.634 [main] DEBUG com.github.dockerjava.zerodep.shaded.org.apache.hc.client5.http.headers -- http-outgoing-1 << HTTP/1.1 201 Created
08:04:51.634 [main] DEBUG com.github.dockerjava.zerodep.shaded.org.apache.hc.client5.http.headers -- http-outgoing-1 << Api-Version: 1.47
08:04:51.634 [main] DEBUG com.github.dockerjava.zerodep.shaded.org.apache.hc.client5.http.headers -- http-outgoing-1 << Content-Type: application/json
08:04:51.634 [main] DEBUG com.github.dockerjava.zerodep.shaded.org.apache.hc.client5.http.headers -- http-outgoing-1 << Date: Fri, 02 May 2025 06:04:51 GMT
08:04:51.634 [main] DEBUG com.github.dockerjava.zerodep.shaded.org.apache.hc.client5.http.headers -- http-outgoing-1 << Docker-Experimental: false
08:04:51.634 [main] DEBUG com.github.dockerjava.zerodep.shaded.org.apache.hc.client5.http.headers -- http-outgoing-1 << Ostype: linux
08:04:51.635 [main] DEBUG com.github.dockerjava.zerodep.shaded.org.apache.hc.client5.http.headers -- http-outgoing-1 << Server: Docker/27.5.1 (linux)
08:04:51.635 [main] DEBUG com.github.dockerjava.zerodep.shaded.org.apache.hc.client5.http.headers -- http-outgoing-1 << Transfer-Encoding: chunked
08:04:51.635 [main] DEBUG com.github.dockerjava.zerodep.shaded.org.apache.hc.client5.http.impl.classic.MainClientExec -- ex-0000000B: connection can be kept alive for 3 MINUTES
08:04:51.636 [main] DEBUG com.github.dockerjava.zerodep.shaded.org.apache.hc.client5.http.wire -- http-outgoing-1 << "58[\r][\n]"
08:04:51.636 [main] DEBUG com.github.dockerjava.zerodep.shaded.org.apache.hc.client5.http.wire -- http-outgoing-1 << "{"Id":"4944d1765067cb0ca03b2131d0388d58396ad796fed138475d832c253e9872dd","Warnings":[]}[\n]"
08:04:51.636 [main] DEBUG com.github.dockerjava.zerodep.shaded.org.apache.hc.client5.http.wire -- http-outgoing-1 << "[\r][\n]"
08:04:51.636 [main] DEBUG com.github.dockerjava.zerodep.shaded.org.apache.hc.client5.http.wire -- http-outgoing-1 << "0[\r][\n]"
08:04:51.636 [main] DEBUG com.github.dockerjava.zerodep.shaded.org.apache.hc.client5.http.wire -- http-outgoing-1 << "[\r][\n]"
08:04:51.637 [main] DEBUG com.github.dockerjava.zerodep.shaded.org.apache.hc.client5.http.impl.classic.InternalHttpClient -- ep-0000000A: releasing valid endpoint
08:04:51.637 [main] DEBUG com.github.dockerjava.zerodep.shaded.org.apache.hc.client5.http.impl.io.PoolingHttpClientConnectionManager -- ep-0000000A: releasing endpoint
08:04:51.639 [main] DEBUG com.github.dockerjava.zerodep.shaded.org.apache.hc.client5.http.impl.io.PoolingHttpClientConnectionManager -- ep-0000000A: connection http-outgoing-1 can be kept alive for 3 MINUTES
08:04:51.639 [main] DEBUG com.github.dockerjava.zerodep.shaded.org.apache.hc.client5.http.impl.io.PoolingHttpClientConnectionManager -- ep-0000000A: connection released [route: {}->npipe://localhost:2375][total available: 1; route allocated: 1 of 2147483647; total allocated: 1 of 2147483647]
08:04:51.639 [main] INFO tc.selenium/standalone-chrome:4.20.0 -- Container selenium/standalone-chrome:4.20.0 is starting: 4944d1765067cb0ca03b2131d0388d58396ad796fed138475d832c253e9872dd
08:04:51.640 [main] DEBUG org.testcontainers.shaded.com.github.dockerjava.core.command.AbstrDockerCmd -- Cmd: 4944d1765067cb0ca03b2131d0388d58396ad796fed138475d832c253e9872dd
08:04:51.642 [main] DEBUG com.github.dockerjava.zerodep.shaded.org.apache.hc.client5.http.impl.classic.InternalHttpClient -- ex-0000000C: preparing request execution
08:04:51.642 [main] DEBUG com.github.dockerjava.zerodep.shaded.org.apache.hc.client5.http.protocol.RequestAddCookies -- Cookie spec selected: strict
08:04:51.642 [main] DEBUG com.github.dockerjava.zerodep.shaded.org.apache.hc.client5.http.protocol.RequestAuthCache -- Auth cache not set in the context
08:04:51.642 [main] DEBUG com.github.dockerjava.zerodep.shaded.org.apache.hc.client5.http.impl.classic.ProtocolExec -- ex-0000000C: target auth state: UNCHALLENGED
08:04:51.642 [main] DEBUG com.github.dockerjava.zerodep.shaded.org.apache.hc.client5.http.impl.classic.ProtocolExec -- ex-0000000C: proxy auth state: UNCHALLENGED
08:04:51.642 [main] DEBUG com.github.dockerjava.zerodep.shaded.org.apache.hc.client5.http.impl.classic.ConnectExec -- ex-0000000C: acquiring connection with route {}->npipe://localhost:2375
08:04:51.642 [main] DEBUG com.github.dockerjava.zerodep.shaded.org.apache.hc.client5.http.impl.classic.InternalHttpClient -- ex-0000000C: acquiring endpoint (3 MINUTES)
08:04:51.643 [main] DEBUG com.github.dockerjava.zerodep.shaded.org.apache.hc.client5.http.impl.io.PoolingHttpClientConnectionManager -- ex-0000000C: endpoint lease request (3 MINUTES) [route: {}->npipe://localhost:2375][total available: 1; route allocated: 1 of 2147483647; total allocated: 1 of 2147483647]
08:04:51.643 [main] DEBUG com.github.dockerjava.zerodep.shaded.org.apache.hc.client5.http.impl.io.PoolingHttpClientConnectionManager -- ex-0000000C: endpoint leased [route: {}->npipe://localhost:2375][total available: 0; route allocated: 1 of 2147483647; total allocated: 1 of 2147483647]
08:04:51.644 [main] DEBUG com.github.dockerjava.zerodep.shaded.org.apache.hc.client5.http.impl.io.PoolingHttpClientConnectionManager -- ex-0000000C: acquired ep-0000000B
08:04:51.644 [main] DEBUG com.github.dockerjava.zerodep.shaded.org.apache.hc.client5.http.impl.classic.InternalHttpClient -- ex-0000000C: acquired endpoint ep-0000000B
08:04:51.644 [main] DEBUG com.github.dockerjava.zerodep.shaded.org.apache.hc.client5.http.impl.classic.MainClientExec -- ex-0000000C: executing POST /v1.32/containers/4944d1765067cb0ca03b2131d0388d58396ad796fed138475d832c253e9872dd/start HTTP/1.1
08:04:51.644 [main] DEBUG com.github.dockerjava.zerodep.shaded.org.apache.hc.client5.http.impl.classic.InternalHttpClient -- ep-0000000B: start execution ex-0000000C
08:04:51.644 [main] DEBUG com.github.dockerjava.zerodep.shaded.org.apache.hc.client5.http.impl.io.PoolingHttpClientConnectionManager -- ep-0000000B: executing exchange ex-0000000C over http-outgoing-1
08:04:51.644 [main] DEBUG com.github.dockerjava.zerodep.shaded.org.apache.hc.client5.http.headers -- http-outgoing-1 >> POST /v1.32/containers/4944d1765067cb0ca03b2131d0388d58396ad796fed138475d832c253e9872dd/start HTTP/1.1
08:04:51.644 [main] DEBUG com.github.dockerjava.zerodep.shaded.org.apache.hc.client5.http.headers -- http-outgoing-1 >> accept: application/json
08:04:51.644 [main] DEBUG com.github.dockerjava.zerodep.shaded.org.apache.hc.client5.http.headers -- http-outgoing-1 >> content-type: application/json
08:04:51.644 [main] DEBUG com.github.dockerjava.zerodep.shaded.org.apache.hc.client5.http.headers -- http-outgoing-1 >> x-tc-sid: 3e81ff38-c5d8-46ef-80ba-8fe8bfdd672a
08:04:51.644 [main] DEBUG com.github.dockerjava.zerodep.shaded.org.apache.hc.client5.http.headers -- http-outgoing-1 >> User-Agent: tc-java/1.19.3
08:04:51.645 [main] DEBUG com.github.dockerjava.zerodep.shaded.org.apache.hc.client5.http.headers -- http-outgoing-1 >> Accept-Encoding: gzip, x-gzip, deflate
08:04:51.645 [main] DEBUG com.github.dockerjava.zerodep.shaded.org.apache.hc.client5.http.headers -- http-outgoing-1 >> Host: localhost:2375
08:04:51.645 [main] DEBUG com.github.dockerjava.zerodep.shaded.org.apache.hc.client5.http.headers -- http-outgoing-1 >> Connection: keep-alive
08:04:51.645 [main] DEBUG com.github.dockerjava.zerodep.shaded.org.apache.hc.client5.http.wire -- http-outgoing-1 >> "POST /v1.32/containers/4944d1765067cb0ca03b2131d0388d58396ad796fed138475d832c253e9872dd/start HTTP/1.1[\r][\n]"
08:04:51.645 [main] DEBUG com.github.dockerjava.zerodep.shaded.org.apache.hc.client5.http.wire -- http-outgoing-1 >> "accept: application/json[\r][\n]"
08:04:51.645 [main] DEBUG com.github.dockerjava.zerodep.shaded.org.apache.hc.client5.http.wire -- http-outgoing-1 >> "content-type: application/json[\r][\n]"
08:04:51.645 [main] DEBUG com.github.dockerjava.zerodep.shaded.org.apache.hc.client5.http.wire -- http-outgoing-1 >> "x-tc-sid: 3e81ff38-c5d8-46ef-80ba-8fe8bfdd672a[\r][\n]"
08:04:51.645 [main] DEBUG com.github.dockerjava.zerodep.shaded.org.apache.hc.client5.http.wire -- http-outgoing-1 >> "User-Agent: tc-java/1.19.3[\r][\n]"
08:04:51.645 [main] DEBUG com.github.dockerjava.zerodep.shaded.org.apache.hc.client5.http.wire -- http-outgoing-1 >> "Accept-Encoding: gzip, x-gzip, deflate[\r][\n]"
08:04:51.645 [main] DEBUG com.github.dockerjava.zerodep.shaded.org.apache.hc.client5.http.wire -- http-outgoing-1 >> "Host: localhost:2375[\r][\n]"
08:04:51.645 [main] DEBUG com.github.dockerjava.zerodep.shaded.org.apache.hc.client5.http.wire -- http-outgoing-1 >> "Connection: keep-alive[\r][\n]"
08:04:51.646 [main] DEBUG com.github.dockerjava.zerodep.shaded.org.apache.hc.client5.http.wire -- http-outgoing-1 >> "[\r][\n]"
08:04:52.090 [main] DEBUG com.github.dockerjava.zerodep.shaded.org.apache.hc.client5.http.wire -- http-outgoing-1 << "HTTP/1.1 204 No Content[\r][\n]"
08:04:52.090 [main] DEBUG com.github.dockerjava.zerodep.shaded.org.apache.hc.client5.http.wire -- http-outgoing-1 << "Api-Version: 1.47[\r][\n]"
08:04:52.090 [main] DEBUG com.github.dockerjava.zerodep.shaded.org.apache.hc.client5.http.wire -- http-outgoing-1 << "Date: Fri, 02 May 2025 06:04:52 GMT[\r][\n]"
08:04:52.090 [main] DEBUG com.github.dockerjava.zerodep.shaded.org.apache.hc.client5.http.wire -- http-outgoing-1 << "Docker-Experimental: false[\r][\n]"
08:04:52.090 [main] DEBUG com.github.dockerjava.zerodep.shaded.org.apache.hc.client5.http.wire -- http-outgoing-1 << "Ostype: linux[\r][\n]"
08:04:52.090 [main] DEBUG com.github.dockerjava.zerodep.shaded.org.apache.hc.client5.http.wire -- http-outgoing-1 << "Server: Docker/27.5.1 (linux)[\r][\n]"
08:04:52.090 [main] DEBUG com.github.dockerjava.zerodep.shaded.org.apache.hc.client5.http.wire -- http-outgoing-1 << "[\r][\n]"
08:04:52.090 [main] DEBUG com.github.dockerjava.zerodep.shaded.org.apache.hc.client5.http.headers -- http-outgoing-1 << HTTP/1.1 204 No Content
08:04:52.090 [main] DEBUG com.github.dockerjava.zerodep.shaded.org.apache.hc.client5.http.headers -- http-outgoing-1 << Api-Version: 1.47
08:04:52.090 [main] DEBUG com.github.dockerjava.zerodep.shaded.org.apache.hc.client5.http.headers -- http-outgoing-1 << Date: Fri, 02 May 2025 06:04:52 GMT
08:04:52.090 [main] DEBUG com.github.dockerjava.zerodep.shaded.org.apache.hc.client5.http.headers -- http-outgoing-1 << Docker-Experimental: false
08:04:52.091 [main] DEBUG com.github.dockerjava.zerodep.shaded.org.apache.hc.client5.http.headers -- http-outgoing-1 << Ostype: linux
08:04:52.091 [main] DEBUG com.github.dockerjava.zerodep.shaded.org.apache.hc.client5.http.headers -- http-outgoing-1 << Server: Docker/27.5.1 (linux)
08:04:52.091 [main] DEBUG com.github.dockerjava.zerodep.shaded.org.apache.hc.client5.http.impl.classic.MainClientExec -- ex-0000000C: connection can be kept alive for 3 MINUTES
08:04:52.092 [main] DEBUG com.github.dockerjava.zerodep.shaded.org.apache.hc.client5.http.impl.classic.InternalHttpClient -- ep-0000000B: releasing valid endpoint
08:04:52.092 [main] DEBUG com.github.dockerjava.zerodep.shaded.org.apache.hc.client5.http.impl.io.PoolingHttpClientConnectionManager -- ep-0000000B: releasing endpoint
08:04:52.092 [main] DEBUG com.github.dockerjava.zerodep.shaded.org.apache.hc.client5.http.impl.io.PoolingHttpClientConnectionManager -- ep-0000000B: connection http-outgoing-1 can be kept alive for 3 MINUTES
08:04:52.092 [main] DEBUG com.github.dockerjava.zerodep.shaded.org.apache.hc.client5.http.impl.io.PoolingHttpClientConnectionManager -- ep-0000000B: connection released [route: {}->npipe://localhost:2375][total available: 1; route allocated: 1 of 2147483647; total allocated: 1 of 2147483647]
08:04:52.092 [main] DEBUG org.testcontainers.shaded.com.github.dockerjava.core.command.AbstrDockerCmd -- Cmd: 4944d1765067cb0ca03b2131d0388d58396ad796fed138475d832c253e9872dd,false
08:04:52.093 [main] DEBUG org.testcontainers.shaded.com.github.dockerjava.core.exec.InspectContainerCmdExec -- GET: DefaultWebTarget{path=[/containers/4944d1765067cb0ca03b2131d0388d58396ad796fed138475d832c253e9872dd/json], queryParams={}}
08:04:52.093 [main] DEBUG com.github.dockerjava.zerodep.shaded.org.apache.hc.client5.http.impl.classic.InternalHttpClient -- ex-0000000D: preparing request execution
08:04:52.094 [main] DEBUG com.github.dockerjava.zerodep.shaded.org.apache.hc.client5.http.protocol.RequestAddCookies -- Cookie spec selected: strict
08:04:52.094 [main] DEBUG com.github.dockerjava.zerodep.shaded.org.apache.hc.client5.http.protocol.RequestAuthCache -- Auth cache not set in the context
08:04:52.094 [main] DEBUG com.github.dockerjava.zerodep.shaded.org.apache.hc.client5.http.impl.classic.ProtocolExec -- ex-0000000D: target auth state: UNCHALLENGED
08:04:52.094 [main] DEBUG com.github.dockerjava.zerodep.shaded.org.apache.hc.client5.http.impl.classic.ProtocolExec -- ex-0000000D: proxy auth state: UNCHALLENGED
08:04:52.094 [main] DEBUG com.github.dockerjava.zerodep.shaded.org.apache.hc.client5.http.impl.classic.ConnectExec -- ex-0000000D: acquiring connection with route {}->npipe://localhost:2375
08:04:52.094 [main] DEBUG com.github.dockerjava.zerodep.shaded.org.apache.hc.client5.http.impl.classic.InternalHttpClient -- ex-0000000D: acquiring endpoint (3 MINUTES)
08:04:52.094 [main] DEBUG com.github.dockerjava.zerodep.shaded.org.apache.hc.client5.http.impl.io.PoolingHttpClientConnectionManager -- ex-0000000D: endpoint lease request (3 MINUTES) [route: {}->npipe://localhost:2375][total available: 1; route allocated: 1 of 2147483647; total allocated: 1 of 2147483647]
08:04:52.094 [main] DEBUG com.github.dockerjava.zerodep.shaded.org.apache.hc.client5.http.impl.io.PoolingHttpClientConnectionManager -- ex-0000000D: endpoint leased [route: {}->npipe://localhost:2375][total available: 0; route allocated: 1 of 2147483647; total allocated: 1 of 2147483647]
08:04:52.095 [main] DEBUG com.github.dockerjava.zerodep.shaded.org.apache.hc.client5.http.impl.io.PoolingHttpClientConnectionManager -- ex-0000000D: acquired ep-0000000C
08:04:52.095 [main] DEBUG com.github.dockerjava.zerodep.shaded.org.apache.hc.client5.http.impl.classic.InternalHttpClient -- ex-0000000D: acquired endpoint ep-0000000C
08:04:52.095 [main] DEBUG com.github.dockerjava.zerodep.shaded.org.apache.hc.client5.http.impl.classic.MainClientExec -- ex-0000000D: executing GET /v1.32/containers/4944d1765067cb0ca03b2131d0388d58396ad796fed138475d832c253e9872dd/json HTTP/1.1
08:04:52.095 [main] DEBUG com.github.dockerjava.zerodep.shaded.org.apache.hc.client5.http.impl.classic.InternalHttpClient -- ep-0000000C: start execution ex-0000000D
08:04:52.095 [main] DEBUG com.github.dockerjava.zerodep.shaded.org.apache.hc.client5.http.impl.io.PoolingHttpClientConnectionManager -- ep-0000000C: executing exchange ex-0000000D over http-outgoing-1
08:04:52.095 [main] DEBUG com.github.dockerjava.zerodep.shaded.org.apache.hc.client5.http.headers -- http-outgoing-1 >> GET /v1.32/containers/4944d1765067cb0ca03b2131d0388d58396ad796fed138475d832c253e9872dd/json HTTP/1.1
08:04:52.095 [main] DEBUG com.github.dockerjava.zerodep.shaded.org.apache.hc.client5.http.headers -- http-outgoing-1 >> accept: application/json
08:04:52.095 [main] DEBUG com.github.dockerjava.zerodep.shaded.org.apache.hc.client5.http.headers -- http-outgoing-1 >> x-tc-sid: 3e81ff38-c5d8-46ef-80ba-8fe8bfdd672a
08:04:52.095 [main] DEBUG com.github.dockerjava.zerodep.shaded.org.apache.hc.client5.http.headers -- http-outgoing-1 >> User-Agent: tc-java/1.19.3
08:04:52.095 [main] DEBUG com.github.dockerjava.zerodep.shaded.org.apache.hc.client5.http.headers -- http-outgoing-1 >> Accept-Encoding: gzip, x-gzip, deflate
08:04:52.095 [main] DEBUG com.github.dockerjava.zerodep.shaded.org.apache.hc.client5.http.headers -- http-outgoing-1 >> Host: localhost:2375
08:04:52.095 [main] DEBUG com.github.dockerjava.zerodep.shaded.org.apache.hc.client5.http.headers -- http-outgoing-1 >> Connection: keep-alive
08:04:52.095 [main] DEBUG com.github.dockerjava.zerodep.shaded.org.apache.hc.client5.http.wire -- http-outgoing-1 >> "GET /v1.32/containers/4944d1765067cb0ca03b2131d0388d58396ad796fed138475d832c253e9872dd/json HTTP/1.1[\r][\n]"
08:04:52.095 [main] DEBUG com.github.dockerjava.zerodep.shaded.org.apache.hc.client5.http.wire -- http-outgoing-1 >> "accept: application/json[\r][\n]"
08:04:52.095 [main] DEBUG com.github.dockerjava.zerodep.shaded.org.apache.hc.client5.http.wire -- http-outgoing-1 >> "x-tc-sid: 3e81ff38-c5d8-46ef-80ba-8fe8bfdd672a[\r][\n]"
08:04:52.095 [main] DEBUG com.github.dockerjava.zerodep.shaded.org.apache.hc.client5.http.wire -- http-outgoing-1 >> "User-Agent: tc-java/1.19.3[\r][\n]"
08:04:52.095 [main] DEBUG com.github.dockerjava.zerodep.shaded.org.apache.hc.client5.http.wire -- http-outgoing-1 >> "Accept-Encoding: gzip, x-gzip, deflate[\r][\n]"
08:04:52.095 [main] DEBUG com.github.dockerjava.zerodep.shaded.org.apache.hc.client5.http.wire -- http-outgoing-1 >> "Host: localhost:2375[\r][\n]"
08:04:52.095 [main] DEBUG com.github.dockerjava.zerodep.shaded.org.apache.hc.client5.http.wire -- http-outgoing-1 >> "Connection: keep-alive[\r][\n]"
08:04:52.095 [main] DEBUG com.github.dockerjava.zerodep.shaded.org.apache.hc.client5.http.wire -- http-outgoing-1 >> "[\r][\n]"
08:04:52.103 [main] DEBUG com.github.dockerjava.zerodep.shaded.org.apache.hc.client5.http.wire -- http-outgoing-1 << "HTTP/1.1 200 OK[\r][\n]"
08:04:52.103 [main] DEBUG com.github.dockerjava.zerodep.shaded.org.apache.hc.client5.http.wire -- http-outgoing-1 << "Api-Version: 1.47[\r][\n]"
08:04:52.103 [main] DEBUG com.github.dockerjava.zerodep.shaded.org.apache.hc.client5.http.wire -- http-outgoing-1 << "Content-Type: application/json[\r][\n]"
08:04:52.103 [main] DEBUG com.github.dockerjava.zerodep.shaded.org.apache.hc.client5.http.wire -- http-outgoing-1 << "Date: Fri, 02 May 2025 06:04:52 GMT[\r][\n]"
08:04:52.103 [main] DEBUG com.github.dockerjava.zerodep.shaded.org.apache.hc.client5.http.wire -- http-outgoing-1 << "Docker-Experimental: false[\r][\n]"
08:04:52.103 [main] DEBUG com.github.dockerjava.zerodep.shaded.org.apache.hc.client5.http.wire -- http-outgoing-1 << "Ostype: linux[\r][\n]"
08:04:52.104 [main] DEBUG com.github.dockerjava.zerodep.shaded.org.apache.hc.client5.http.wire -- http-outgoing-1 << "Server: Docker/27.5.1 (linux)[\r][\n]"
08:04:52.104 [main] DEBUG com.github.dockerjava.zerodep.shaded.org.apache.hc.client5.http.wire -- http-outgoing-1 << "Transfer-Encoding: chunked[\r][\n]"
08:04:52.104 [main] DEBUG com.github.dockerjava.zerodep.shaded.org.apache.hc.client5.http.wire -- http-outgoing-1 << "[\r][\n]"
08:04:52.104 [main] DEBUG com.github.dockerjava.zerodep.shaded.org.apache.hc.client5.http.headers -- http-outgoing-1 << HTTP/1.1 200 OK
08:04:52.104 [main] DEBUG com.github.dockerjava.zerodep.shaded.org.apache.hc.client5.http.headers -- http-outgoing-1 << Api-Version: 1.47
08:04:52.104 [main] DEBUG com.github.dockerjava.zerodep.shaded.org.apache.hc.client5.http.headers -- http-outgoing-1 << Content-Type: application/json
08:04:52.104 [main] DEBUG com.github.dockerjava.zerodep.shaded.org.apache.hc.client5.http.headers -- http-outgoing-1 << Date: Fri, 02 May 2025 06:04:52 GMT
08:04:52.104 [main] DEBUG com.github.dockerjava.zerodep.shaded.org.apache.hc.client5.http.headers -- http-outgoing-1 << Docker-Experimental: false
08:04:52.104 [main] DEBUG com.github.dockerjava.zerodep.shaded.org.apache.hc.client5.http.headers -- http-outgoing-1 << Ostype: linux
08:04:52.104 [main] DEBUG com.github.dockerjava.zerodep.shaded.org.apache.hc.client5.http.headers -- http-outgoing-1 << Server: Docker/27.5.1 (linux)
08:04:52.104 [main] DEBUG com.github.dockerjava.zerodep.shaded.org.apache.hc.client5.http.headers -- http-outgoing-1 << Transfer-Encoding: chunked
08:04:52.104 [main] DEBUG com.github.dockerjava.zerodep.shaded.org.apache.hc.client5.http.impl.classic.MainClientExec -- ex-0000000D: connection can be kept alive for 3 MINUTES
08:04:52.105 [main] DEBUG com.github.dockerjava.zerodep.shaded.org.apache.hc.client5.http.wire -- http-outgoing-1 << "16be[\r][\n]"
08:04:52.106 [main] DEBUG com.github.dockerjava.zerodep.shaded.org.apache.hc.client5.http.wire -- http-outgoing-1 << "{"Id":"4944d1765067cb0ca03b2131d0388d58396ad796fed138475d832c253e9872dd","Created":"2025-05-02T06:04:51.554608195Z","Path":"/opt/bin/entry_point.sh","Args":[],"State":{"Status":"running","Running":true,"Paused":false,"Restarting":false,"OOMKilled":false,"Dead":false,"Pid":17761,"ExitCode":0,"Error":"","StartedAt":"2025-05-02T06:04:51.774024085Z","FinishedAt":"0001-01-01T00:00:00Z"},"Image":"sha256:98a4acf36526b42162e80e32b36ba7e5cd93e15cb0f2ca510d6fc3fe655edf92","ResolvConfPath":"/var/lib/docker/containers/4944d1765067cb0ca03b2131d0388d58396ad796fed138475d832c253e9872dd/resolv.conf","HostnamePath":"/var/lib/docker/containers/4944d1765067cb0ca03b2131d0388d58396ad796fed138475d832c253e9872dd/hostname","HostsPath":"/var/lib/docker/containers/4944d1765067cb0ca03b2131d0388d58396ad796fed138475d832c253e9872dd/hosts","LogPath":"/var/lib/docker/containers/4944d1765067cb0ca03b2131d0388d58396ad796fed138475d832c253e9872dd/4944d1765067cb0ca03b2131d0388d58396ad796fed138475d832c253e9872dd-json.log","Name":"/inspiring_newton","RestartCount":0,"Driver":"overlayfs","Platform":"linux","MountLabel":"","ProcessLabel":"","AppArmorProfile":"","ExecIDs":null,"HostConfig":{"Binds":[],"ContainerIDFile":"","LogConfig":{"Type":"json-file","Config":{}},"NetworkMode":"b704b6e8f8077f8578449cf0c6e98e04e9e3eea75c6ef53aba4dbe1e0b306329","PortBindings":{"4444/tcp":[{"HostIp":"0.0.0.0","HostPort":"0"}],"5900/tcp":[{"HostIp":"0.0.0.0","HostPort":"0"}]},"RestartPolicy":{"Name":"no","MaximumRetryCount":0},"AutoRemove":false,"VolumeDriver":"","VolumesFrom":[],"ConsoleSize":[0,0],"CapAdd":null,"CapDrop":null,"CgroupnsMode":"host","Dns":null,"DnsOptions":null,"DnsSearch":null,"ExtraHosts":[],"GroupAdd":null,"IpcMode":"shareable","Cgroup":"","Links":null,"OomScoreAdj":0,"PidMode":"","Privileged":false,"PublishAllPorts":false,"ReadonlyRootfs":false,"SecurityOpt":null,"UTSMode":"","UsernsMode":"","ShmSize":536870912,"Runtime":"runc","Isolation":"","CpuShares":0,"Memory":0,"NanoCpus":0,"CgroupParent":"","BlkioWeight":0,"BlkioWeightDevice":null,"BlkioDeviceReadBps":null,"BlkioDeviceWriteBps":null,"BlkioDeviceReadIOps":null,"BlkioDeviceWriteIOps":null,"CpuPeriod":0,"CpuQuota":0,"CpuRealtimePeriod":0,"CpuRealtimeRuntime":0,"CpusetCpus":"","CpusetMems":"","Devices":null,"DeviceCgroupRules":null,"DeviceRequests":null,"MemoryReservation":0,"MemorySwap":0,"MemorySwappiness":null,"OomKillDisable":false,"PidsLimit":null,"Ulimits":null,"CpuCount":0,"CpuPercent":0,"IOMaximumIOps":0,"IOMaximumBandwidth":0,"MaskedPaths":["/proc/asound","/proc/acpi","/proc/kcore","/proc/keys","/proc/latency_stats","/proc/timer_list","/proc/timer_stats","/proc/sched_debug","/proc/scsi","/sys/firmware","/sys/devices/virtual/powercap"],"ReadonlyPaths":["/proc/bus","/proc/fs","/proc/irq","/proc/sys","/proc/sysrq-trigger"]},"GraphDriver":{"Data":null,"Name":"overlayfs"},"Mounts":[],"Config":{"Hostname":"4944d1765067","Domainname":"","User":"1200","AttachStdin":false,"AttachStdout":false,"AttachStderr":false,"ExposedPorts":{"4444/tcp":{},"5900/tcp":{}},"Tty":false,"OpenStdin":false,"StdinOnce":false,"Env":["no_proxy=localhost","TZ=Europe/Madrid","PATH=/usr/local/sbin:/usr/local/bin:/usr/sbin:/usr/bin:/sbin:/bin","DEBIAN_FRONTEND=noninteractive","DEBCONF_NONINTERACTIVE_SEEN=true","SEL_USER=seluser","SEL_UID=1200","SEL_GID=1201","HOME=/home/seluser","SEL_DOWNLOAD_DIR=/Downloads","SE_BIND_HOST=false","SE_REJECT_UNSUPPORTED_CAPS=false","SE_OTEL_JAVA_GLOBAL_AUTOCONFIGURE_ENABLED=true","SE_OTEL_TRACES_EXPORTER=otlp","LANG_WHICH=en","LANG_WHERE=US","ENCODING=UTF-8","LANGUAGE=en_US.UTF-8","LANG=","SE_ENABLE_BROWSER_LEFTOVERS_CLEANUP=false","SE_BROWSER_LEFTOVERS_INTERVAL_SECS=3600","SE_BROWSER_LEFTOVERS_PROCESSES_SECS=7200","SE_BROWSER_LEFTOVERS_TEMPFILES_DAYS=1","SE_DRAIN_AFTER_SESSION_COUNT=0","SE_NODE_MAX_SESSIONS=1","SE_NODE_SESSION_TIMEOUT=300","SE_NODE_OVERRIDE_MAX_SESSIONS=false","SE_NODE_HEARTBEAT_PERIOD=30","SE_OTEL_SERVICE_NAME=selenium-standalone","SE_OFFLINE=true","SE_SCREEN_WIDTH=1360","SE_SCREEN_HEIGHT=1020","SE_SCREEN_DEPTH=24","SE_SCREEN_DPI=96","SE_START_XVFB=true","SE_START_VNC=true","SE_"
08:04:52.108 [main] DEBUG com.github.dockerjava.zerodep.shaded.org.apache.hc.client5.http.wire -- http-outgoing-1 << "START_NO_VNC=true","SE_NO_VNC_PORT=7900","SE_VNC_PORT=5900","DISPLAY=:99.0","DISPLAY_NUM=99","CONFIG_FILE=/opt/selenium/config.toml","GENERATE_CONFIG=true","DBUS_SESSION_BUS_ADDRESS=/dev/null","SE_SESSION_REQUEST_TIMEOUT=300","SE_SESSION_RETRY_INTERVAL=15","SE_HEALTHCHECK_INTERVAL=120","SE_RELAX_CHECKS=true"],"Cmd":["/opt/bin/entry_point.sh"],"Image":"selenium/standalone-chrome:4.20.0","Volumes":null,"WorkingDir":"","Entrypoint":null,"OnBuild":null,"Labels":{"authors":"","org.opencontainers.image.ref.name":"ubuntu","org.opencontainers.image.version":"22.04","org.testcontainers":"true","org.testcontainers.lang":"java","org.testcontainers.sessionId":"3e81ff38-c5d8-46ef-80ba-8fe8bfdd672a","org.testcontainers.version":"1.19.3"}},"NetworkSettings":{"Bridge":"","SandboxID":"b5789a38b7437e7d2996be2434696e4301025e73bb870dd6105a39d11326b58e","SandboxKey":"/var/run/docker/netns/b5789a38b743","Ports":{"4444/tcp":[],"5900/tcp":[]},"HairpinMode":false,"LinkLocalIPv6Address":"","LinkLocalIPv6PrefixLen":0,"SecondaryIPAddresses":null,"SecondaryIPv6Addresses":null,"EndpointID":"","Gateway":"","GlobalIPv6Address":"","GlobalIPv6PrefixLen":0,"IPAddress":"","IPPrefixLen":0,"IPv6Gateway":"","MacAddress":"","Networks":{"dd79b24f-5dea-4620-b1e4-b05cb2db2118":{"IPAMConfig":null,"Links":null,"Aliases":["tc-oMUVLb15","4944d1765067"],"MacAddress":"02:42:ac:13:00:02","DriverOpts":null,"NetworkID":"b704b6e8f8077f8578449cf0c6e98e04e9e3eea75c6ef53aba4dbe1e0b306329","EndpointID":"f3bb68c7db3e01c970087e1cb8bf5d2528e6556387ce5789dd626a80300af06e","Gateway":"172.19.0.1","IPAddress":"172.19.0.2","IPPrefixLen":16,"IPv6Gateway":"","GlobalIPv6Address":"","GlobalIPv6PrefixLen":0,"DNSNames":["inspiring_newton","tc-oMUVLb15","4944d1765067"]}}}}[\n]"
08:04:52.112 [main] DEBUG com.github.dockerjava.zerodep.shaded.org.apache.hc.client5.http.wire -- http-outgoing-1 << "[\r][\n]"
08:04:52.113 [main] DEBUG com.github.dockerjava.zerodep.shaded.org.apache.hc.client5.http.wire -- http-outgoing-1 << "0[\r][\n]"
08:04:52.113 [main] DEBUG com.github.dockerjava.zerodep.shaded.org.apache.hc.client5.http.wire -- http-outgoing-1 << "[\r][\n]"
08:04:52.113 [main] DEBUG com.github.dockerjava.zerodep.shaded.org.apache.hc.client5.http.impl.classic.InternalHttpClient -- ep-0000000C: releasing valid endpoint
08:04:52.113 [main] DEBUG com.github.dockerjava.zerodep.shaded.org.apache.hc.client5.http.impl.io.PoolingHttpClientConnectionManager -- ep-0000000C: releasing endpoint
08:04:52.113 [main] DEBUG com.github.dockerjava.zerodep.shaded.org.apache.hc.client5.http.impl.io.PoolingHttpClientConnectionManager -- ep-0000000C: connection http-outgoing-1 can be kept alive for 3 MINUTES
08:04:52.113 [main] DEBUG com.github.dockerjava.zerodep.shaded.org.apache.hc.client5.http.impl.io.PoolingHttpClientConnectionManager -- ep-0000000C: connection released [route: {}->npipe://localhost:2375][total available: 1; route allocated: 1 of 2147483647; total allocated: 1 of 2147483647]
08:04:52.144 [main] DEBUG org.testcontainers.shaded.com.github.dockerjava.core.command.AbstrDockerCmd -- Cmd: 4944d1765067cb0ca03b2131d0388d58396ad796fed138475d832c253e9872dd,false
08:04:52.144 [main] DEBUG org.testcontainers.shaded.com.github.dockerjava.core.exec.InspectContainerCmdExec -- GET: DefaultWebTarget{path=[/containers/4944d1765067cb0ca03b2131d0388d58396ad796fed138475d832c253e9872dd/json], queryParams={}}
08:04:52.145 [main] DEBUG com.github.dockerjava.zerodep.shaded.org.apache.hc.client5.http.impl.classic.InternalHttpClient -- ex-0000000E: preparing request execution
08:04:52.146 [main] DEBUG com.github.dockerjava.zerodep.shaded.org.apache.hc.client5.http.protocol.RequestAddCookies -- Cookie spec selected: strict
08:04:52.146 [main] DEBUG com.github.dockerjava.zerodep.shaded.org.apache.hc.client5.http.protocol.RequestAuthCache -- Auth cache not set in the context
08:04:52.146 [main] DEBUG com.github.dockerjava.zerodep.shaded.org.apache.hc.client5.http.impl.classic.ProtocolExec -- ex-0000000E: target auth state: UNCHALLENGED
08:04:52.146 [main] DEBUG com.github.dockerjava.zerodep.shaded.org.apache.hc.client5.http.impl.classic.ProtocolExec -- ex-0000000E: proxy auth state: UNCHALLENGED
08:04:52.146 [main] DEBUG com.github.dockerjava.zerodep.shaded.org.apache.hc.client5.http.impl.classic.ConnectExec -- ex-0000000E: acquiring connection with route {}->npipe://localhost:2375
08:04:52.146 [main] DEBUG com.github.dockerjava.zerodep.shaded.org.apache.hc.client5.http.impl.classic.InternalHttpClient -- ex-0000000E: acquiring endpoint (3 MINUTES)
08:04:52.146 [main] DEBUG com.github.dockerjava.zerodep.shaded.org.apache.hc.client5.http.impl.io.PoolingHttpClientConnectionManager -- ex-0000000E: endpoint lease request (3 MINUTES) [route: {}->npipe://localhost:2375][total available: 1; route allocated: 1 of 2147483647; total allocated: 1 of 2147483647]
08:04:52.146 [main] DEBUG com.github.dockerjava.zerodep.shaded.org.apache.hc.client5.http.impl.io.PoolingHttpClientConnectionManager -- ex-0000000E: endpoint leased [route: {}->npipe://localhost:2375][total available: 0; route allocated: 1 of 2147483647; total allocated: 1 of 2147483647]
08:04:52.147 [main] DEBUG com.github.dockerjava.zerodep.shaded.org.apache.hc.client5.http.impl.io.PoolingHttpClientConnectionManager -- ex-0000000E: acquired ep-0000000D
08:04:52.147 [main] DEBUG com.github.dockerjava.zerodep.shaded.org.apache.hc.client5.http.impl.classic.InternalHttpClient -- ex-0000000E: acquired endpoint ep-0000000D
08:04:52.147 [main] DEBUG com.github.dockerjava.zerodep.shaded.org.apache.hc.client5.http.impl.classic.MainClientExec -- ex-0000000E: executing GET /v1.32/containers/4944d1765067cb0ca03b2131d0388d58396ad796fed138475d832c253e9872dd/json HTTP/1.1
08:04:52.147 [main] DEBUG com.github.dockerjava.zerodep.shaded.org.apache.hc.client5.http.impl.classic.InternalHttpClient -- ep-0000000D: start execution ex-0000000E
08:04:52.147 [main] DEBUG com.github.dockerjava.zerodep.shaded.org.apache.hc.client5.http.impl.io.PoolingHttpClientConnectionManager -- ep-0000000D: executing exchange ex-0000000E over http-outgoing-1
08:04:52.147 [main] DEBUG com.github.dockerjava.zerodep.shaded.org.apache.hc.client5.http.headers -- http-outgoing-1 >> GET /v1.32/containers/4944d1765067cb0ca03b2131d0388d58396ad796fed138475d832c253e9872dd/json HTTP/1.1
08:04:52.147 [main] DEBUG com.github.dockerjava.zerodep.shaded.org.apache.hc.client5.http.headers -- http-outgoing-1 >> accept: application/json
08:04:52.147 [main] DEBUG com.github.dockerjava.zerodep.shaded.org.apache.hc.client5.http.headers -- http-outgoing-1 >> x-tc-sid: 3e81ff38-c5d8-46ef-80ba-8fe8bfdd672a
08:04:52.147 [main] DEBUG com.github.dockerjava.zerodep.shaded.org.apache.hc.client5.http.headers -- http-outgoing-1 >> User-Agent: tc-java/1.19.3
08:04:52.147 [main] DEBUG com.github.dockerjava.zerodep.shaded.org.apache.hc.client5.http.headers -- http-outgoing-1 >> Accept-Encoding: gzip, x-gzip, deflate
08:04:52.147 [main] DEBUG com.github.dockerjava.zerodep.shaded.org.apache.hc.client5.http.headers -- http-outgoing-1 >> Host: localhost:2375
08:04:52.147 [main] DEBUG com.github.dockerjava.zerodep.shaded.org.apache.hc.client5.http.headers -- http-outgoing-1 >> Connection: keep-alive
08:04:52.147 [main] DEBUG com.github.dockerjava.zerodep.shaded.org.apache.hc.client5.http.wire -- http-outgoing-1 >> "GET /v1.32/containers/4944d1765067cb0ca03b2131d0388d58396ad796fed138475d832c253e9872dd/json HTTP/1.1[\r][\n]"
08:04:52.147 [main] DEBUG com.github.dockerjava.zerodep.shaded.org.apache.hc.client5.http.wire -- http-outgoing-1 >> "accept: application/json[\r][\n]"
08:04:52.147 [main] DEBUG com.github.dockerjava.zerodep.shaded.org.apache.hc.client5.http.wire -- http-outgoing-1 >> "x-tc-sid: 3e81ff38-c5d8-46ef-80ba-8fe8bfdd672a[\r][\n]"
08:04:52.147 [main] DEBUG com.github.dockerjava.zerodep.shaded.org.apache.hc.client5.http.wire -- http-outgoing-1 >> "User-Agent: tc-java/1.19.3[\r][\n]"
08:04:52.147 [main] DEBUG com.github.dockerjava.zerodep.shaded.org.apache.hc.client5.http.wire -- http-outgoing-1 >> "Accept-Encoding: gzip, x-gzip, deflate[\r][\n]"
08:04:52.147 [main] DEBUG com.github.dockerjava.zerodep.shaded.org.apache.hc.client5.http.wire -- http-outgoing-1 >> "Host: localhost:2375[\r][\n]"
08:04:52.147 [main] DEBUG com.github.dockerjava.zerodep.shaded.org.apache.hc.client5.http.wire -- http-outgoing-1 >> "Connection: keep-alive[\r][\n]"
08:04:52.147 [main] DEBUG com.github.dockerjava.zerodep.shaded.org.apache.hc.client5.http.wire -- http-outgoing-1 >> "[\r][\n]"
08:04:52.153 [main] DEBUG com.github.dockerjava.zerodep.shaded.org.apache.hc.client5.http.wire -- http-outgoing-1 << "HTTP/1.1 200 OK[\r][\n]"
08:04:52.153 [main] DEBUG com.github.dockerjava.zerodep.shaded.org.apache.hc.client5.http.wire -- http-outgoing-1 << "Api-Version: 1.47[\r][\n]"
08:04:52.153 [main] DEBUG com.github.dockerjava.zerodep.shaded.org.apache.hc.client5.http.wire -- http-outgoing-1 << "Content-Type: application/json[\r][\n]"
08:04:52.153 [main] DEBUG com.github.dockerjava.zerodep.shaded.org.apache.hc.client5.http.wire -- http-outgoing-1 << "Date: Fri, 02 May 2025 06:04:52 GMT[\r][\n]"
08:04:52.154 [main] DEBUG com.github.dockerjava.zerodep.shaded.org.apache.hc.client5.http.wire -- http-outgoing-1 << "Docker-Experimental: false[\r][\n]"
08:04:52.154 [main] DEBUG com.github.dockerjava.zerodep.shaded.org.apache.hc.client5.http.wire -- http-outgoing-1 << "Ostype: linux[\r][\n]"
08:04:52.154 [main] DEBUG com.github.dockerjava.zerodep.shaded.org.apache.hc.client5.http.wire -- http-outgoing-1 << "Server: Docker/27.5.1 (linux)[\r][\n]"
08:04:52.154 [main] DEBUG com.github.dockerjava.zerodep.shaded.org.apache.hc.client5.http.wire -- http-outgoing-1 << "Transfer-Encoding: chunked[\r][\n]"
08:04:52.154 [main] DEBUG com.github.dockerjava.zerodep.shaded.org.apache.hc.client5.http.wire -- http-outgoing-1 << "[\r][\n]"
08:04:52.154 [main] DEBUG com.github.dockerjava.zerodep.shaded.org.apache.hc.client5.http.headers -- http-outgoing-1 << HTTP/1.1 200 OK
08:04:52.154 [main] DEBUG com.github.dockerjava.zerodep.shaded.org.apache.hc.client5.http.headers -- http-outgoing-1 << Api-Version: 1.47
08:04:52.154 [main] DEBUG com.github.dockerjava.zerodep.shaded.org.apache.hc.client5.http.headers -- http-outgoing-1 << Content-Type: application/json
08:04:52.154 [main] DEBUG com.github.dockerjava.zerodep.shaded.org.apache.hc.client5.http.headers -- http-outgoing-1 << Date: Fri, 02 May 2025 06:04:52 GMT
08:04:52.154 [main] DEBUG com.github.dockerjava.zerodep.shaded.org.apache.hc.client5.http.headers -- http-outgoing-1 << Docker-Experimental: false
08:04:52.154 [main] DEBUG com.github.dockerjava.zerodep.shaded.org.apache.hc.client5.http.headers -- http-outgoing-1 << Ostype: linux
08:04:52.154 [main] DEBUG com.github.dockerjava.zerodep.shaded.org.apache.hc.client5.http.headers -- http-outgoing-1 << Server: Docker/27.5.1 (linux)
08:04:52.154 [main] DEBUG com.github.dockerjava.zerodep.shaded.org.apache.hc.client5.http.headers -- http-outgoing-1 << Transfer-Encoding: chunked
08:04:52.154 [main] DEBUG com.github.dockerjava.zerodep.shaded.org.apache.hc.client5.http.impl.classic.MainClientExec -- ex-0000000E: connection can be kept alive for 3 MINUTES
08:04:52.155 [main] DEBUG com.github.dockerjava.zerodep.shaded.org.apache.hc.client5.http.wire -- http-outgoing-1 << "170c[\r][\n]"
08:04:52.155 [main] DEBUG com.github.dockerjava.zerodep.shaded.org.apache.hc.client5.http.wire -- http-outgoing-1 << "{"Id":"4944d1765067cb0ca03b2131d0388d58396ad796fed138475d832c253e9872dd","Created":"2025-05-02T06:04:51.554608195Z","Path":"/opt/bin/entry_point.sh","Args":[],"State":{"Status":"running","Running":true,"Paused":false,"Restarting":false,"OOMKilled":false,"Dead":false,"Pid":17761,"ExitCode":0,"Error":"","StartedAt":"2025-05-02T06:04:51.774024085Z","FinishedAt":"0001-01-01T00:00:00Z"},"Image":"sha256:98a4acf36526b42162e80e32b36ba7e5cd93e15cb0f2ca510d6fc3fe655edf92","ResolvConfPath":"/var/lib/docker/containers/4944d1765067cb0ca03b2131d0388d58396ad796fed138475d832c253e9872dd/resolv.conf","HostnamePath":"/var/lib/docker/containers/4944d1765067cb0ca03b2131d0388d58396ad796fed138475d832c253e9872dd/hostname","HostsPath":"/var/lib/docker/containers/4944d1765067cb0ca03b2131d0388d58396ad796fed138475d832c253e9872dd/hosts","LogPath":"/var/lib/docker/containers/4944d1765067cb0ca03b2131d0388d58396ad796fed138475d832c253e9872dd/4944d1765067cb0ca03b2131d0388d58396ad796fed138475d832c253e9872dd-json.log","Name":"/inspiring_newton","RestartCount":0,"Driver":"overlayfs","Platform":"linux","MountLabel":"","ProcessLabel":"","AppArmorProfile":"","ExecIDs":null,"HostConfig":{"Binds":[],"ContainerIDFile":"","LogConfig":{"Type":"json-file","Config":{}},"NetworkMode":"b704b6e8f8077f8578449cf0c6e98e04e9e3eea75c6ef53aba4dbe1e0b306329","PortBindings":{"4444/tcp":[{"HostIp":"0.0.0.0","HostPort":"0"}],"5900/tcp":[{"HostIp":"0.0.0.0","HostPort":"0"}]},"RestartPolicy":{"Name":"no","MaximumRetryCount":0},"AutoRemove":false,"VolumeDriver":"","VolumesFrom":[],"ConsoleSize":[0,0],"CapAdd":null,"CapDrop":null,"CgroupnsMode":"host","Dns":null,"DnsOptions":null,"DnsSearch":null,"ExtraHosts":[],"GroupAdd":null,"IpcMode":"shareable","Cgroup":"","Links":null,"OomScoreAdj":0,"PidMode":"","Privileged":false,"PublishAllPorts":false,"ReadonlyRootfs":false,"SecurityOpt":null,"UTSMode":"","UsernsMode":"","ShmSize":536870912,"Runtime":"runc","Isolation":"","CpuShares":0,"Memory":0,"NanoCpus":0,"CgroupParent":"","BlkioWeight":0,"BlkioWeightDevice":null,"BlkioDeviceReadBps":null,"BlkioDeviceWriteBps":null,"BlkioDeviceReadIOps":null,"BlkioDeviceWriteIOps":null,"CpuPeriod":0,"CpuQuota":0,"CpuRealtimePeriod":0,"CpuRealtimeRuntime":0,"CpusetCpus":"","CpusetMems":"","Devices":null,"DeviceCgroupRules":null,"DeviceRequests":null,"MemoryReservation":0,"MemorySwap":0,"MemorySwappiness":null,"OomKillDisable":false,"PidsLimit":null,"Ulimits":null,"CpuCount":0,"CpuPercent":0,"IOMaximumIOps":0,"IOMaximumBandwidth":0,"MaskedPaths":["/proc/asound","/proc/acpi","/proc/kcore","/proc/keys","/proc/latency_stats","/proc/timer_list","/proc/timer_stats","/proc/sched_debug","/proc/scsi","/sys/firmware","/sys/devices/virtual/powercap"],"ReadonlyPaths":["/proc/bus","/proc/fs","/proc/irq","/proc/sys","/proc/sysrq-trigger"]},"GraphDriver":{"Data":null,"Name":"overlayfs"},"Mounts":[],"Config":{"Hostname":"4944d1765067","Domainname":"","User":"1200","AttachStdin":false,"AttachStdout":false,"AttachStderr":false,"ExposedPorts":{"4444/tcp":{},"5900/tcp":{}},"Tty":false,"OpenStdin":false,"StdinOnce":false,"Env":["no_proxy=localhost","TZ=Europe/Madrid","PATH=/usr/local/sbin:/usr/local/bin:/usr/sbin:/usr/bin:/sbin:/bin","DEBIAN_FRONTEND=noninteractive","DEBCONF_NONINTERACTIVE_SEEN=true","SEL_USER=seluser","SEL_UID=1200","SEL_GID=1201","HOME=/home/seluser","SEL_DOWNLOAD_DIR=/Downloads","SE_BIND_HOST=false","SE_REJECT_UNSUPPORTED_CAPS=false","SE_OTEL_JAVA_GLOBAL_AUTOCONFIGURE_ENABLED=true","SE_OTEL_TRACES_EXPORTER=otlp","LANG_WHICH=en","LANG_WHERE=US","ENCODING=UTF-8","LANGUAGE=en_US.UTF-8","LANG=","SE_ENABLE_BROWSER_LEFTOVERS_CLEANUP=false","SE_BROWSER_LEFTOVERS_INTERVAL_SECS=3600","SE_BROWSER_LEFTOVERS_PROCESSES_SECS=7200","SE_BROWSER_LEFTOVERS_TEMPFILES_DAYS=1","SE_DRAIN_AFTER_SESSION_COUNT=0","SE_NODE_MAX_SESSIONS=1","SE_NODE_SESSION_TIMEOUT=300","SE_NODE_OVERRIDE_MAX_SESSIONS=false","SE_NODE_HEARTBEAT_PERIOD=30","SE_OTEL_SERVICE_NAME=selenium-standalone","SE_OFFLINE=true","SE_SCREEN_WIDTH=1360","SE_SCREEN_HEIGHT=1020","SE_SCREEN_DEPTH=24","SE_SCREEN_DPI=96","SE_START_XVFB=true","SE_START_VNC=true","SE_"
08:04:52.156 [main] DEBUG com.github.dockerjava.zerodep.shaded.org.apache.hc.client5.http.wire -- http-outgoing-1 << "START_NO_VNC=true","SE_NO_VNC_PORT=7900","SE_VNC_PORT=5900","DISPLAY=:99.0","DISPLAY_NUM=99","CONFIG_FILE=/opt/selenium/config.toml","GENERATE_CONFIG=true","DBUS_SESSION_BUS_ADDRESS=/dev/null","SE_SESSION_REQUEST_TIMEOUT=300","SE_SESSION_RETRY_INTERVAL=15","SE_HEALTHCHECK_INTERVAL=120","SE_RELAX_CHECKS=true"],"Cmd":["/opt/bin/entry_point.sh"],"Image":"selenium/standalone-chrome:4.20.0","Volumes":null,"WorkingDir":"","Entrypoint":null,"OnBuild":null,"Labels":{"authors":"","org.opencontainers.image.ref.name":"ubuntu","org.opencontainers.image.version":"22.04","org.testcontainers":"true","org.testcontainers.lang":"java","org.testcontainers.sessionId":"3e81ff38-c5d8-46ef-80ba-8fe8bfdd672a","org.testcontainers.version":"1.19.3"}},"NetworkSettings":{"Bridge":"","SandboxID":"b5789a38b7437e7d2996be2434696e4301025e73bb870dd6105a39d11326b58e","SandboxKey":"/var/run/docker/netns/b5789a38b743","Ports":{"4444/tcp":[{"HostIp":"0.0.0.0","HostPort":"60279"}],"5900/tcp":[{"HostIp":"0.0.0.0","HostPort":"60280"}]},"HairpinMode":false,"LinkLocalIPv6Address":"","LinkLocalIPv6PrefixLen":0,"SecondaryIPAddresses":null,"SecondaryIPv6Addresses":null,"EndpointID":"","Gateway":"","GlobalIPv6Address":"","GlobalIPv6PrefixLen":0,"IPAddress":"","IPPrefixLen":0,"IPv6Gateway":"","MacAddress":"","Networks":{"dd79b24f-5dea-4620-b1e4-b05cb2db2118":{"IPAMConfig":null,"Links":null,"Aliases":["tc-oMUVLb15","4944d1765067"],"MacAddress":"02:42:ac:13:00:02","DriverOpts":null,"NetworkID":"b704b6e8f8077f8578449cf0c6e98e04e9e3eea75c6ef53aba4dbe1e0b306329","EndpointID":"f3bb68c7db3e01c970087e1cb8bf5d2528e6556387ce5789dd626a80300af06e","Gateway":"172.19.0.1","IPAddress":"172.19.0.2","IPPrefixLen":16,"IPv6Gateway":"","GlobalIPv6Address":"","GlobalIPv6PrefixLen":0,"DNSNames":["inspiring_newton","tc-oMUVLb15","4944d1765067"]}}}}[\n]"
08:04:52.158 [main] DEBUG com.github.dockerjava.zerodep.shaded.org.apache.hc.client5.http.wire -- http-outgoing-1 << "[\r][\n]"
08:04:52.158 [main] DEBUG com.github.dockerjava.zerodep.shaded.org.apache.hc.client5.http.wire -- http-outgoing-1 << "0[\r][\n]"
08:04:52.158 [main] DEBUG com.github.dockerjava.zerodep.shaded.org.apache.hc.client5.http.wire -- http-outgoing-1 << "[\r][\n]"
08:04:52.158 [main] DEBUG com.github.dockerjava.zerodep.shaded.org.apache.hc.client5.http.impl.classic.InternalHttpClient -- ep-0000000D: releasing valid endpoint
08:04:52.158 [main] DEBUG com.github.dockerjava.zerodep.shaded.org.apache.hc.client5.http.impl.io.PoolingHttpClientConnectionManager -- ep-0000000D: releasing endpoint
08:04:52.158 [main] DEBUG com.github.dockerjava.zerodep.shaded.org.apache.hc.client5.http.impl.io.PoolingHttpClientConnectionManager -- ep-0000000D: connection http-outgoing-1 can be kept alive for 3 MINUTES
08:04:52.158 [main] DEBUG com.github.dockerjava.zerodep.shaded.org.apache.hc.client5.http.impl.io.PoolingHttpClientConnectionManager -- ep-0000000D: connection released [route: {}->npipe://localhost:2375][total available: 1; route allocated: 1 of 2147483647; total allocated: 1 of 2147483647]
08:04:52.158 [main] DEBUG org.testcontainers.shaded.com.github.dockerjava.core.command.AbstrDockerCmd -- Cmd: sha256:98a4acf36526b42162e80e32b36ba7e5cd93e15cb0f2ca510d6fc3fe655edf92
08:04:52.159 [main] DEBUG com.github.dockerjava.zerodep.shaded.org.apache.hc.client5.http.impl.classic.InternalHttpClient -- ex-0000000F: preparing request execution
08:04:52.159 [main] DEBUG com.github.dockerjava.zerodep.shaded.org.apache.hc.client5.http.protocol.RequestAddCookies -- Cookie spec selected: strict
08:04:52.160 [main] DEBUG com.github.dockerjava.zerodep.shaded.org.apache.hc.client5.http.protocol.RequestAuthCache -- Auth cache not set in the context
08:04:52.160 [main] DEBUG com.github.dockerjava.zerodep.shaded.org.apache.hc.client5.http.impl.classic.ProtocolExec -- ex-0000000F: target auth state: UNCHALLENGED
08:04:52.160 [main] DEBUG com.github.dockerjava.zerodep.shaded.org.apache.hc.client5.http.impl.classic.ProtocolExec -- ex-0000000F: proxy auth state: UNCHALLENGED
08:04:52.160 [main] DEBUG com.github.dockerjava.zerodep.shaded.org.apache.hc.client5.http.impl.classic.ConnectExec -- ex-0000000F: acquiring connection with route {}->npipe://localhost:2375
08:04:52.160 [main] DEBUG com.github.dockerjava.zerodep.shaded.org.apache.hc.client5.http.impl.classic.InternalHttpClient -- ex-0000000F: acquiring endpoint (3 MINUTES)
08:04:52.160 [main] DEBUG com.github.dockerjava.zerodep.shaded.org.apache.hc.client5.http.impl.io.PoolingHttpClientConnectionManager -- ex-0000000F: endpoint lease request (3 MINUTES) [route: {}->npipe://localhost:2375][total available: 1; route allocated: 1 of 2147483647; total allocated: 1 of 2147483647]
08:04:52.160 [main] DEBUG com.github.dockerjava.zerodep.shaded.org.apache.hc.client5.http.impl.io.PoolingHttpClientConnectionManager -- ex-0000000F: endpoint leased [route: {}->npipe://localhost:2375][total available: 0; route allocated: 1 of 2147483647; total allocated: 1 of 2147483647]
08:04:52.160 [main] DEBUG com.github.dockerjava.zerodep.shaded.org.apache.hc.client5.http.impl.io.PoolingHttpClientConnectionManager -- ex-0000000F: acquired ep-0000000E
08:04:52.160 [main] DEBUG com.github.dockerjava.zerodep.shaded.org.apache.hc.client5.http.impl.classic.InternalHttpClient -- ex-0000000F: acquired endpoint ep-0000000E
08:04:52.160 [main] DEBUG com.github.dockerjava.zerodep.shaded.org.apache.hc.client5.http.impl.classic.MainClientExec -- ex-0000000F: executing GET /v1.32/images/sha256:98a4acf36526b42162e80e32b36ba7e5cd93e15cb0f2ca510d6fc3fe655edf92/json HTTP/1.1
08:04:52.160 [main] DEBUG com.github.dockerjava.zerodep.shaded.org.apache.hc.client5.http.impl.classic.InternalHttpClient -- ep-0000000E: start execution ex-0000000F
08:04:52.160 [main] DEBUG com.github.dockerjava.zerodep.shaded.org.apache.hc.client5.http.impl.io.PoolingHttpClientConnectionManager -- ep-0000000E: executing exchange ex-0000000F over http-outgoing-1
08:04:52.160 [main] DEBUG com.github.dockerjava.zerodep.shaded.org.apache.hc.client5.http.headers -- http-outgoing-1 >> GET /v1.32/images/sha256:98a4acf36526b42162e80e32b36ba7e5cd93e15cb0f2ca510d6fc3fe655edf92/json HTTP/1.1
08:04:52.160 [main] DEBUG com.github.dockerjava.zerodep.shaded.org.apache.hc.client5.http.headers -- http-outgoing-1 >> accept: application/json
08:04:52.160 [main] DEBUG com.github.dockerjava.zerodep.shaded.org.apache.hc.client5.http.headers -- http-outgoing-1 >> x-tc-sid: 3e81ff38-c5d8-46ef-80ba-8fe8bfdd672a
08:04:52.160 [main] DEBUG com.github.dockerjava.zerodep.shaded.org.apache.hc.client5.http.headers -- http-outgoing-1 >> User-Agent: tc-java/1.19.3
08:04:52.160 [main] DEBUG com.github.dockerjava.zerodep.shaded.org.apache.hc.client5.http.headers -- http-outgoing-1 >> Accept-Encoding: gzip, x-gzip, deflate
08:04:52.160 [main] DEBUG com.github.dockerjava.zerodep.shaded.org.apache.hc.client5.http.headers -- http-outgoing-1 >> Host: localhost:2375
08:04:52.160 [main] DEBUG com.github.dockerjava.zerodep.shaded.org.apache.hc.client5.http.headers -- http-outgoing-1 >> Connection: keep-alive
08:04:52.160 [main] DEBUG com.github.dockerjava.zerodep.shaded.org.apache.hc.client5.http.wire -- http-outgoing-1 >> "GET /v1.32/images/sha256:98a4acf36526b42162e80e32b36ba7e5cd93e15cb0f2ca510d6fc3fe655edf92/json HTTP/1.1[\r][\n]"
08:04:52.160 [main] DEBUG com.github.dockerjava.zerodep.shaded.org.apache.hc.client5.http.wire -- http-outgoing-1 >> "accept: application/json[\r][\n]"
08:04:52.160 [main] DEBUG com.github.dockerjava.zerodep.shaded.org.apache.hc.client5.http.wire -- http-outgoing-1 >> "x-tc-sid: 3e81ff38-c5d8-46ef-80ba-8fe8bfdd672a[\r][\n]"
08:04:52.160 [main] DEBUG com.github.dockerjava.zerodep.shaded.org.apache.hc.client5.http.wire -- http-outgoing-1 >> "User-Agent: tc-java/1.19.3[\r][\n]"
08:04:52.160 [main] DEBUG com.github.dockerjava.zerodep.shaded.org.apache.hc.client5.http.wire -- http-outgoing-1 >> "Accept-Encoding: gzip, x-gzip, deflate[\r][\n]"
08:04:52.160 [main] DEBUG com.github.dockerjava.zerodep.shaded.org.apache.hc.client5.http.wire -- http-outgoing-1 >> "Host: localhost:2375[\r][\n]"
08:04:52.160 [main] DEBUG com.github.dockerjava.zerodep.shaded.org.apache.hc.client5.http.wire -- http-outgoing-1 >> "Connection: keep-alive[\r][\n]"
08:04:52.160 [main] DEBUG com.github.dockerjava.zerodep.shaded.org.apache.hc.client5.http.wire -- http-outgoing-1 >> "[\r][\n]"
08:04:52.171 [main] DEBUG com.github.dockerjava.zerodep.shaded.org.apache.hc.client5.http.wire -- http-outgoing-1 << "HTTP/1.1 200 OK[\r][\n]"
08:04:52.171 [main] DEBUG com.github.dockerjava.zerodep.shaded.org.apache.hc.client5.http.wire -- http-outgoing-1 << "Api-Version: 1.47[\r][\n]"
08:04:52.171 [main] DEBUG com.github.dockerjava.zerodep.shaded.org.apache.hc.client5.http.wire -- http-outgoing-1 << "Content-Type: application/json[\r][\n]"
08:04:52.171 [main] DEBUG com.github.dockerjava.zerodep.shaded.org.apache.hc.client5.http.wire -- http-outgoing-1 << "Date: Fri, 02 May 2025 06:04:52 GMT[\r][\n]"
08:04:52.171 [main] DEBUG com.github.dockerjava.zerodep.shaded.org.apache.hc.client5.http.wire -- http-outgoing-1 << "Docker-Experimental: false[\r][\n]"
08:04:52.171 [main] DEBUG com.github.dockerjava.zerodep.shaded.org.apache.hc.client5.http.wire -- http-outgoing-1 << "Ostype: linux[\r][\n]"
08:04:52.171 [main] DEBUG com.github.dockerjava.zerodep.shaded.org.apache.hc.client5.http.wire -- http-outgoing-1 << "Server: Docker/27.5.1 (linux)[\r][\n]"
08:04:52.171 [main] DEBUG com.github.dockerjava.zerodep.shaded.org.apache.hc.client5.http.wire -- http-outgoing-1 << "Transfer-Encoding: chunked[\r][\n]"
08:04:52.171 [main] DEBUG com.github.dockerjava.zerodep.shaded.org.apache.hc.client5.http.wire -- http-outgoing-1 << "[\r][\n]"
08:04:52.171 [main] DEBUG com.github.dockerjava.zerodep.shaded.org.apache.hc.client5.http.headers -- http-outgoing-1 << HTTP/1.1 200 OK
08:04:52.171 [main] DEBUG com.github.dockerjava.zerodep.shaded.org.apache.hc.client5.http.headers -- http-outgoing-1 << Api-Version: 1.47
08:04:52.172 [main] DEBUG com.github.dockerjava.zerodep.shaded.org.apache.hc.client5.http.headers -- http-outgoing-1 << Content-Type: application/json
08:04:52.172 [main] DEBUG com.github.dockerjava.zerodep.shaded.org.apache.hc.client5.http.headers -- http-outgoing-1 << Date: Fri, 02 May 2025 06:04:52 GMT
08:04:52.172 [main] DEBUG com.github.dockerjava.zerodep.shaded.org.apache.hc.client5.http.headers -- http-outgoing-1 << Docker-Experimental: false
08:04:52.172 [main] DEBUG com.github.dockerjava.zerodep.shaded.org.apache.hc.client5.http.headers -- http-outgoing-1 << Ostype: linux
08:04:52.172 [main] DEBUG com.github.dockerjava.zerodep.shaded.org.apache.hc.client5.http.headers -- http-outgoing-1 << Server: Docker/27.5.1 (linux)
08:04:52.172 [main] DEBUG com.github.dockerjava.zerodep.shaded.org.apache.hc.client5.http.headers -- http-outgoing-1 << Transfer-Encoding: chunked
08:04:52.172 [main] DEBUG com.github.dockerjava.zerodep.shaded.org.apache.hc.client5.http.impl.classic.MainClientExec -- ex-0000000F: connection can be kept alive for 3 MINUTES
08:04:52.172 [main] DEBUG com.github.dockerjava.zerodep.shaded.org.apache.hc.client5.http.wire -- http-outgoing-1 << "1008[\r][\n]"
08:04:52.173 [main] DEBUG com.github.dockerjava.zerodep.shaded.org.apache.hc.client5.http.wire -- http-outgoing-1 << "{"Id":"sha256:98a4acf36526b42162e80e32b36ba7e5cd93e15cb0f2ca510d6fc3fe655edf92","RepoTags":["selenium/standalone-chrome:4.20.0"],"RepoDigests":["selenium/standalone-chrome@sha256:98a4acf36526b42162e80e32b36ba7e5cd93e15cb0f2ca510d6fc3fe655edf92"],"Parent":"","Comment":"buildkit.dockerfile.v0","Created":"2024-05-05T16:13:12.316890032Z","ContainerConfig":{"Hostname":"","Domainname":"","User":"","AttachStdin":false,"AttachStdout":false,"AttachStderr":false,"Tty":false,"OpenStdin":false,"StdinOnce":false,"Env":null,"Cmd":null,"Image":"","Volumes":null,"WorkingDir":"","Entrypoint":null,"OnBuild":null,"Labels":null},"DockerVersion":"27.5.1","Author":"","Config":{"Hostname":"","Domainname":"","User":"1200","AttachStdin":false,"AttachStdout":false,"AttachStderr":false,"ExposedPorts":{"4444/tcp":{},"5900/tcp":{}},"Tty":false,"OpenStdin":false,"StdinOnce":false,"Env":["PATH=/usr/local/sbin:/usr/local/bin:/usr/sbin:/usr/bin:/sbin:/bin","DEBIAN_FRONTEND=noninteractive","DEBCONF_NONINTERACTIVE_SEEN=true","SEL_USER=seluser","SEL_UID=1200","SEL_GID=1201","HOME=/home/seluser","TZ=UTC","SEL_DOWNLOAD_DIR=/Downloads","SE_BIND_HOST=false","SE_REJECT_UNSUPPORTED_CAPS=false","SE_OTEL_JAVA_GLOBAL_AUTOCONFIGURE_ENABLED=true","SE_OTEL_TRACES_EXPORTER=otlp","LANG_WHICH=en","LANG_WHERE=US","ENCODING=UTF-8","LANGUAGE=en_US.UTF-8","LANG=","SE_ENABLE_BROWSER_LEFTOVERS_CLEANUP=false","SE_BROWSER_LEFTOVERS_INTERVAL_SECS=3600","SE_BROWSER_LEFTOVERS_PROCESSES_SECS=7200","SE_BROWSER_LEFTOVERS_TEMPFILES_DAYS=1","SE_DRAIN_AFTER_SESSION_COUNT=0","SE_NODE_MAX_SESSIONS=1","SE_NODE_SESSION_TIMEOUT=300","SE_NODE_OVERRIDE_MAX_SESSIONS=false","SE_NODE_HEARTBEAT_PERIOD=30","SE_OTEL_SERVICE_NAME=selenium-standalone","SE_OFFLINE=true","SE_SCREEN_WIDTH=1360","SE_SCREEN_HEIGHT=1020","SE_SCREEN_DEPTH=24","SE_SCREEN_DPI=96","SE_START_XVFB=true","SE_START_VNC=true","SE_START_NO_VNC=true","SE_NO_VNC_PORT=7900","SE_VNC_PORT=5900","DISPLAY=:99.0","DISPLAY_NUM=99","CONFIG_FILE=/opt/selenium/config.toml","GENERATE_CONFIG=true","DBUS_SESSION_BUS_ADDRESS=/dev/null","SE_SESSION_REQUEST_TIMEOUT=300","SE_SESSION_RETRY_INTERVAL=15","SE_HEALTHCHECK_INTERVAL=120","SE_RELAX_CHECKS=true"],"Cmd":["/opt/bin/entry_point.sh"],"ArgsEscaped":true,"Image":"","Volumes":null,"WorkingDir":"","Entrypoint":null,"OnBuild":null,"Labels":{"authors":"","org.opencontainers.image.ref.name":"ubuntu","org.opencontainers.image.version":"22.04"}},"Architecture":"amd64","Os":"linux","Size":486731910,"VirtualSize":486731910,"GraphDriver":{"Data":null,"Name":"overlayfs"},"RootFS":{"Type":"layers","Layers":["sha256:629ca62fb7c791374ce57626d6b8b62c76378be091a0daf1a60d32700b49add7","sha256:a25242d5070a760747f23e99a8c86546066dda565543af51976443ed9ec793cf","sha256:8b3b521e4c157f2233c7fe04fa5565dd696379d9a23a07af6ec3aa35f9653ae0","sha256:ca3542aa1d5ba3542b4eea19f2f9e2507fa5dad0e6c53f82048dbddba5fcebee","sha256:e20b882a1af372bda62a35e1f8dad857fa3ff1046966502299ea306de717aec4","sha256:e79f0fc9542f8195579e9673964e7767fae95d4051a40c0d39c5138a60c9b2b0","sha256:9e15a6ed5565a3a1c78289a0699684db5f7e574ed1c18a1d2f6401d926352190","sha256:26fc035b79c9c0cdeed70556055cfb5a85ce02ec3d52f0b6b01256917943780e","sha256:16941824af824f10499f517fc3e992d9d22f02d9be03035b96277e9f468f337e","sha256:0dc5b6d291cd7a9cc456f38d1c959a7636ab8f6464df3ae6e00b0b134b69dc2a","sha256:274c90e5be014fca102f5762f477211ab485db199dbe02c9f009a7237000b9d3","sha256:76859307447b2fdfe5848c864d9832d42d3bd74bd343482650747d6eebbfb6e6","sha256:a3780efe0f3097328f4efa1fcdf0da2b73538d630f3020282dea6fda13264d96","sha256:ece5443c2fa8b1a60bf3de857c5e8c0f97298c23794a603dd3c14072f49334f2","sha256:b65512a72b111f35daeed09292cb9b37f206c8341f76e06d3b402ac7bf6d5837","sha256:ea39e5fb7be218aea5cd80ec2066a0f7e5480bfaa515061d46cc45d0f067790b","sha256:662334cc38d52b187b451460ab405d1f2539019458ea224bdbfa014b6feb4e31","sha256:90cf5d8b7fd5f45f5805158b8e7d72231f6c89a3b2a4dc8e72fae205e832abc7","sha256:5e95dc8e9d3019cc4694fe1b8082b9b96c4ecaf3e9a916491fea624734743cdb","sha256:76cb11ac99c4123765ca714e247f6f87b4f32543bfff51d6efb8b5564b256574"]},"Metadata":{"LastTagTime":"2025-05-01T17:44:01.461349581Z"}}[\n]"
08:04:52.173 [main] DEBUG com.github.dockerjava.zerodep.shaded.org.apache.hc.client5.http.wire -- http-outgoing-1 << "[\r][\n]"
08:04:52.173 [main] DEBUG com.github.dockerjava.zerodep.shaded.org.apache.hc.client5.http.wire -- http-outgoing-1 << "0[\r][\n]"
08:04:52.173 [main] DEBUG com.github.dockerjava.zerodep.shaded.org.apache.hc.client5.http.wire -- http-outgoing-1 << "[\r][\n]"
08:04:52.174 [main] DEBUG com.github.dockerjava.zerodep.shaded.org.apache.hc.client5.http.impl.classic.InternalHttpClient -- ep-0000000E: releasing valid endpoint
08:04:52.174 [main] DEBUG com.github.dockerjava.zerodep.shaded.org.apache.hc.client5.http.impl.io.PoolingHttpClientConnectionManager -- ep-0000000E: releasing endpoint
08:04:52.174 [main] DEBUG com.github.dockerjava.zerodep.shaded.org.apache.hc.client5.http.impl.io.PoolingHttpClientConnectionManager -- ep-0000000E: connection http-outgoing-1 can be kept alive for 3 MINUTES
08:04:52.174 [main] DEBUG com.github.dockerjava.zerodep.shaded.org.apache.hc.client5.http.impl.io.PoolingHttpClientConnectionManager -- ep-0000000E: connection released [route: {}->npipe://localhost:2375][total available: 1; route allocated: 1 of 2147483647; total allocated: 1 of 2147483647]
08:04:52.174 [main] DEBUG org.testcontainers.shaded.com.github.dockerjava.core.command.AbstrDockerCmd -- Cmd: 
08:04:52.175 [main] DEBUG com.github.dockerjava.zerodep.shaded.org.apache.hc.client5.http.impl.classic.InternalHttpClient -- ex-00000010: preparing request execution
08:04:52.175 [main] DEBUG com.github.dockerjava.zerodep.shaded.org.apache.hc.client5.http.protocol.RequestAddCookies -- Cookie spec selected: strict
08:04:52.175 [main] DEBUG com.github.dockerjava.zerodep.shaded.org.apache.hc.client5.http.protocol.RequestAuthCache -- Auth cache not set in the context
08:04:52.175 [main] DEBUG com.github.dockerjava.zerodep.shaded.org.apache.hc.client5.http.impl.classic.ProtocolExec -- ex-00000010: target auth state: UNCHALLENGED
08:04:52.175 [main] DEBUG com.github.dockerjava.zerodep.shaded.org.apache.hc.client5.http.impl.classic.ProtocolExec -- ex-00000010: proxy auth state: UNCHALLENGED
08:04:52.175 [main] DEBUG com.github.dockerjava.zerodep.shaded.org.apache.hc.client5.http.impl.classic.ConnectExec -- ex-00000010: acquiring connection with route {}->npipe://localhost:2375
08:04:52.175 [main] DEBUG com.github.dockerjava.zerodep.shaded.org.apache.hc.client5.http.impl.classic.InternalHttpClient -- ex-00000010: acquiring endpoint (3 MINUTES)
08:04:52.175 [main] DEBUG com.github.dockerjava.zerodep.shaded.org.apache.hc.client5.http.impl.io.PoolingHttpClientConnectionManager -- ex-00000010: endpoint lease request (3 MINUTES) [route: {}->npipe://localhost:2375][total available: 1; route allocated: 1 of 2147483647; total allocated: 1 of 2147483647]
08:04:52.175 [main] DEBUG com.github.dockerjava.zerodep.shaded.org.apache.hc.client5.http.impl.io.PoolingHttpClientConnectionManager -- ex-00000010: endpoint leased [route: {}->npipe://localhost:2375][total available: 0; route allocated: 1 of 2147483647; total allocated: 1 of 2147483647]
08:04:52.175 [main] DEBUG com.github.dockerjava.zerodep.shaded.org.apache.hc.client5.http.impl.io.PoolingHttpClientConnectionManager -- ex-00000010: acquired ep-0000000F
08:04:52.175 [main] DEBUG com.github.dockerjava.zerodep.shaded.org.apache.hc.client5.http.impl.classic.InternalHttpClient -- ex-00000010: acquired endpoint ep-0000000F
08:04:52.175 [main] DEBUG com.github.dockerjava.zerodep.shaded.org.apache.hc.client5.http.impl.classic.MainClientExec -- ex-00000010: executing GET /v1.32/version HTTP/1.1
08:04:52.175 [main] DEBUG com.github.dockerjava.zerodep.shaded.org.apache.hc.client5.http.impl.classic.InternalHttpClient -- ep-0000000F: start execution ex-00000010
08:04:52.175 [main] DEBUG com.github.dockerjava.zerodep.shaded.org.apache.hc.client5.http.impl.io.PoolingHttpClientConnectionManager -- ep-0000000F: executing exchange ex-00000010 over http-outgoing-1
08:04:52.175 [main] DEBUG com.github.dockerjava.zerodep.shaded.org.apache.hc.client5.http.headers -- http-outgoing-1 >> GET /v1.32/version HTTP/1.1
08:04:52.175 [main] DEBUG com.github.dockerjava.zerodep.shaded.org.apache.hc.client5.http.headers -- http-outgoing-1 >> accept: application/json
08:04:52.175 [main] DEBUG com.github.dockerjava.zerodep.shaded.org.apache.hc.client5.http.headers -- http-outgoing-1 >> x-tc-sid: 3e81ff38-c5d8-46ef-80ba-8fe8bfdd672a
08:04:52.175 [main] DEBUG com.github.dockerjava.zerodep.shaded.org.apache.hc.client5.http.headers -- http-outgoing-1 >> User-Agent: tc-java/1.19.3
08:04:52.175 [main] DEBUG com.github.dockerjava.zerodep.shaded.org.apache.hc.client5.http.headers -- http-outgoing-1 >> Accept-Encoding: gzip, x-gzip, deflate
08:04:52.175 [main] DEBUG com.github.dockerjava.zerodep.shaded.org.apache.hc.client5.http.headers -- http-outgoing-1 >> Host: localhost:2375
08:04:52.175 [main] DEBUG com.github.dockerjava.zerodep.shaded.org.apache.hc.client5.http.headers -- http-outgoing-1 >> Connection: keep-alive
08:04:52.175 [main] DEBUG com.github.dockerjava.zerodep.shaded.org.apache.hc.client5.http.wire -- http-outgoing-1 >> "GET /v1.32/version HTTP/1.1[\r][\n]"
08:04:52.175 [main] DEBUG com.github.dockerjava.zerodep.shaded.org.apache.hc.client5.http.wire -- http-outgoing-1 >> "accept: application/json[\r][\n]"
08:04:52.175 [main] DEBUG com.github.dockerjava.zerodep.shaded.org.apache.hc.client5.http.wire -- http-outgoing-1 >> "x-tc-sid: 3e81ff38-c5d8-46ef-80ba-8fe8bfdd672a[\r][\n]"
08:04:52.175 [main] DEBUG com.github.dockerjava.zerodep.shaded.org.apache.hc.client5.http.wire -- http-outgoing-1 >> "User-Agent: tc-java/1.19.3[\r][\n]"
08:04:52.175 [main] DEBUG com.github.dockerjava.zerodep.shaded.org.apache.hc.client5.http.wire -- http-outgoing-1 >> "Accept-Encoding: gzip, x-gzip, deflate[\r][\n]"
08:04:52.175 [main] DEBUG com.github.dockerjava.zerodep.shaded.org.apache.hc.client5.http.wire -- http-outgoing-1 >> "Host: localhost:2375[\r][\n]"
08:04:52.175 [main] DEBUG com.github.dockerjava.zerodep.shaded.org.apache.hc.client5.http.wire -- http-outgoing-1 >> "Connection: keep-alive[\r][\n]"
08:04:52.175 [main] DEBUG com.github.dockerjava.zerodep.shaded.org.apache.hc.client5.http.wire -- http-outgoing-1 >> "[\r][\n]"
08:04:52.189 [main] DEBUG com.github.dockerjava.zerodep.shaded.org.apache.hc.client5.http.wire -- http-outgoing-1 << "HTTP/1.1 200 OK[\r][\n]"
08:04:52.189 [main] DEBUG com.github.dockerjava.zerodep.shaded.org.apache.hc.client5.http.wire -- http-outgoing-1 << "Api-Version: 1.47[\r][\n]"
08:04:52.189 [main] DEBUG com.github.dockerjava.zerodep.shaded.org.apache.hc.client5.http.wire -- http-outgoing-1 << "Content-Type: application/json[\r][\n]"
08:04:52.189 [main] DEBUG com.github.dockerjava.zerodep.shaded.org.apache.hc.client5.http.wire -- http-outgoing-1 << "Date: Fri, 02 May 2025 06:04:52 GMT[\r][\n]"
08:04:52.189 [main] DEBUG com.github.dockerjava.zerodep.shaded.org.apache.hc.client5.http.wire -- http-outgoing-1 << "Docker-Experimental: false[\r][\n]"
08:04:52.189 [main] DEBUG com.github.dockerjava.zerodep.shaded.org.apache.hc.client5.http.wire -- http-outgoing-1 << "Ostype: linux[\r][\n]"
08:04:52.189 [main] DEBUG com.github.dockerjava.zerodep.shaded.org.apache.hc.client5.http.wire -- http-outgoing-1 << "Server: Docker/27.5.1 (linux)[\r][\n]"
08:04:52.189 [main] DEBUG com.github.dockerjava.zerodep.shaded.org.apache.hc.client5.http.wire -- http-outgoing-1 << "Transfer-Encoding: chunked[\r][\n]"
08:04:52.189 [main] DEBUG com.github.dockerjava.zerodep.shaded.org.apache.hc.client5.http.wire -- http-outgoing-1 << "[\r][\n]"
08:04:52.190 [main] DEBUG com.github.dockerjava.zerodep.shaded.org.apache.hc.client5.http.headers -- http-outgoing-1 << HTTP/1.1 200 OK
08:04:52.190 [main] DEBUG com.github.dockerjava.zerodep.shaded.org.apache.hc.client5.http.headers -- http-outgoing-1 << Api-Version: 1.47
08:04:52.190 [main] DEBUG com.github.dockerjava.zerodep.shaded.org.apache.hc.client5.http.headers -- http-outgoing-1 << Content-Type: application/json
08:04:52.190 [main] DEBUG com.github.dockerjava.zerodep.shaded.org.apache.hc.client5.http.headers -- http-outgoing-1 << Date: Fri, 02 May 2025 06:04:52 GMT
08:04:52.190 [main] DEBUG com.github.dockerjava.zerodep.shaded.org.apache.hc.client5.http.headers -- http-outgoing-1 << Docker-Experimental: false
08:04:52.190 [main] DEBUG com.github.dockerjava.zerodep.shaded.org.apache.hc.client5.http.headers -- http-outgoing-1 << Ostype: linux
08:04:52.190 [main] DEBUG com.github.dockerjava.zerodep.shaded.org.apache.hc.client5.http.headers -- http-outgoing-1 << Server: Docker/27.5.1 (linux)
08:04:52.190 [main] DEBUG com.github.dockerjava.zerodep.shaded.org.apache.hc.client5.http.headers -- http-outgoing-1 << Transfer-Encoding: chunked
08:04:52.190 [main] DEBUG com.github.dockerjava.zerodep.shaded.org.apache.hc.client5.http.impl.classic.MainClientExec -- ex-00000010: connection can be kept alive for 3 MINUTES
08:04:52.190 [main] DEBUG com.github.dockerjava.zerodep.shaded.org.apache.hc.client5.http.wire -- http-outgoing-1 << "362[\r][\n]"
08:04:52.190 [main] DEBUG com.github.dockerjava.zerodep.shaded.org.apache.hc.client5.http.wire -- http-outgoing-1 << "{"Platform":{"Name":"Docker Desktop 4.38.0 (181591)"},"Components":[{"Name":"Engine","Version":"27.5.1","Details":{"ApiVersion":"1.47","Arch":"amd64","BuildTime":"2025-01-22T13:41:17.000000000+00:00","Experimental":"false","GitCommit":"4c9b3b0","GoVersion":"go1.22.11","KernelVersion":"5.15.167.4-microsoft-standard-WSL2","MinAPIVersion":"1.24","Os":"linux"}},{"Name":"containerd","Version":"1.7.25","Details":{"GitCommit":"bcc810d6b9066471b0b6fa75f557a15a1cbf31bb"}},{"Name":"runc","Version":"1.1.12","Details":{"GitCommit":"v1.1.12-0-g51d5e946"}},{"Name":"docker-init","Version":"0.19.0","Details":{"GitCommit":"de40ad0"}}],"Version":"27.5.1","ApiVersion":"1.47","MinAPIVersion":"1.24","GitCommit":"4c9b3b0","GoVersion":"go1.22.11","Os":"linux","Arch":"amd64","KernelVersion":"5.15.167.4-microsoft-standard-WSL2","BuildTime":"2025-01-22T13:41:17.000000000+00:00"}[\n]"
08:04:52.190 [main] DEBUG com.github.dockerjava.zerodep.shaded.org.apache.hc.client5.http.wire -- http-outgoing-1 << "[\r][\n]"
08:04:52.190 [main] DEBUG com.github.dockerjava.zerodep.shaded.org.apache.hc.client5.http.wire -- http-outgoing-1 << "0[\r][\n]"
08:04:52.190 [main] DEBUG com.github.dockerjava.zerodep.shaded.org.apache.hc.client5.http.wire -- http-outgoing-1 << "[\r][\n]"
08:04:52.191 [main] DEBUG com.github.dockerjava.zerodep.shaded.org.apache.hc.client5.http.impl.classic.InternalHttpClient -- ep-0000000F: releasing valid endpoint
08:04:52.191 [main] DEBUG com.github.dockerjava.zerodep.shaded.org.apache.hc.client5.http.impl.io.PoolingHttpClientConnectionManager -- ep-0000000F: releasing endpoint
08:04:52.191 [main] DEBUG com.github.dockerjava.zerodep.shaded.org.apache.hc.client5.http.impl.io.PoolingHttpClientConnectionManager -- ep-0000000F: connection http-outgoing-1 can be kept alive for 3 MINUTES
08:04:52.191 [main] DEBUG com.github.dockerjava.zerodep.shaded.org.apache.hc.client5.http.impl.io.PoolingHttpClientConnectionManager -- ep-0000000F: connection released [route: {}->npipe://localhost:2375][total available: 1; route allocated: 1 of 2147483647; total allocated: 1 of 2147483647]
08:04:52.195 [docker-java-stream--1966993810] DEBUG com.github.dockerjava.zerodep.shaded.org.apache.hc.client5.http.impl.classic.InternalHttpClient -- ex-00000011: preparing request execution
08:04:52.195 [docker-java-stream--1966993810] DEBUG com.github.dockerjava.zerodep.shaded.org.apache.hc.client5.http.protocol.RequestAddCookies -- Cookie spec selected: strict
08:04:52.195 [docker-java-stream--1966993810] DEBUG com.github.dockerjava.zerodep.shaded.org.apache.hc.client5.http.protocol.RequestAuthCache -- Auth cache not set in the context
08:04:52.195 [docker-java-stream--1966993810] DEBUG com.github.dockerjava.zerodep.shaded.org.apache.hc.client5.http.impl.classic.ProtocolExec -- ex-00000011: target auth state: UNCHALLENGED
08:04:52.195 [docker-java-stream--1966993810] DEBUG com.github.dockerjava.zerodep.shaded.org.apache.hc.client5.http.impl.classic.ProtocolExec -- ex-00000011: proxy auth state: UNCHALLENGED
08:04:52.195 [docker-java-stream--1966993810] DEBUG com.github.dockerjava.zerodep.shaded.org.apache.hc.client5.http.impl.classic.ConnectExec -- ex-00000011: acquiring connection with route {}->npipe://localhost:2375
08:04:52.195 [docker-java-stream--1966993810] DEBUG com.github.dockerjava.zerodep.shaded.org.apache.hc.client5.http.impl.classic.InternalHttpClient -- ex-00000011: acquiring endpoint (3 MINUTES)
08:04:52.195 [docker-java-stream--1966993810] DEBUG com.github.dockerjava.zerodep.shaded.org.apache.hc.client5.http.impl.io.PoolingHttpClientConnectionManager -- ex-00000011: endpoint lease request (3 MINUTES) [route: {}->npipe://localhost:2375][total available: 1; route allocated: 1 of 2147483647; total allocated: 1 of 2147483647]
08:04:52.196 [docker-java-stream--1966993810] DEBUG com.github.dockerjava.zerodep.shaded.org.apache.hc.client5.http.impl.io.PoolingHttpClientConnectionManager -- ex-00000011: endpoint leased [route: {}->npipe://localhost:2375][total available: 0; route allocated: 1 of 2147483647; total allocated: 1 of 2147483647]
08:04:52.196 [docker-java-stream--1966993810] DEBUG com.github.dockerjava.zerodep.shaded.org.apache.hc.client5.http.impl.io.PoolingHttpClientConnectionManager -- ex-00000011: acquired ep-00000010
08:04:52.196 [docker-java-stream--1966993810] DEBUG com.github.dockerjava.zerodep.shaded.org.apache.hc.client5.http.impl.classic.InternalHttpClient -- ex-00000011: acquired endpoint ep-00000010
08:04:52.196 [docker-java-stream--1966993810] DEBUG com.github.dockerjava.zerodep.shaded.org.apache.hc.client5.http.impl.classic.MainClientExec -- ex-00000011: executing GET /v1.32/containers/4944d1765067cb0ca03b2131d0388d58396ad796fed138475d832c253e9872dd/logs?stdout=true&stderr=true&follow=true&since=0 HTTP/1.1
08:04:52.196 [docker-java-stream--1966993810] DEBUG com.github.dockerjava.zerodep.shaded.org.apache.hc.client5.http.impl.classic.InternalHttpClient -- ep-00000010: start execution ex-00000011
08:04:52.196 [docker-java-stream--1966993810] DEBUG com.github.dockerjava.zerodep.shaded.org.apache.hc.client5.http.impl.io.PoolingHttpClientConnectionManager -- ep-00000010: executing exchange ex-00000011 over http-outgoing-1
08:04:52.196 [docker-java-stream--1966993810] DEBUG com.github.dockerjava.zerodep.shaded.org.apache.hc.client5.http.headers -- http-outgoing-1 >> GET /v1.32/containers/4944d1765067cb0ca03b2131d0388d58396ad796fed138475d832c253e9872dd/logs?stdout=true&stderr=true&follow=true&since=0 HTTP/1.1
08:04:52.196 [docker-java-stream--1966993810] DEBUG com.github.dockerjava.zerodep.shaded.org.apache.hc.client5.http.headers -- http-outgoing-1 >> x-tc-sid: 3e81ff38-c5d8-46ef-80ba-8fe8bfdd672a
08:04:52.196 [docker-java-stream--1966993810] DEBUG com.github.dockerjava.zerodep.shaded.org.apache.hc.client5.http.headers -- http-outgoing-1 >> User-Agent: tc-java/1.19.3
08:04:52.196 [docker-java-stream--1966993810] DEBUG com.github.dockerjava.zerodep.shaded.org.apache.hc.client5.http.headers -- http-outgoing-1 >> Accept-Encoding: gzip, x-gzip, deflate
08:04:52.196 [docker-java-stream--1966993810] DEBUG com.github.dockerjava.zerodep.shaded.org.apache.hc.client5.http.headers -- http-outgoing-1 >> Host: localhost:2375
08:04:52.196 [docker-java-stream--1966993810] DEBUG com.github.dockerjava.zerodep.shaded.org.apache.hc.client5.http.headers -- http-outgoing-1 >> Connection: keep-alive
08:04:52.196 [docker-java-stream--1966993810] DEBUG com.github.dockerjava.zerodep.shaded.org.apache.hc.client5.http.wire -- http-outgoing-1 >> "GET /v1.32/containers/4944d1765067cb0ca03b2131d0388d58396ad796fed138475d832c253e9872dd/logs?stdout=true&stderr=true&follow=true&since=0 HTTP/1.1[\r][\n]"
08:04:52.196 [docker-java-stream--1966993810] DEBUG com.github.dockerjava.zerodep.shaded.org.apache.hc.client5.http.wire -- http-outgoing-1 >> "x-tc-sid: 3e81ff38-c5d8-46ef-80ba-8fe8bfdd672a[\r][\n]"
08:04:52.196 [docker-java-stream--1966993810] DEBUG com.github.dockerjava.zerodep.shaded.org.apache.hc.client5.http.wire -- http-outgoing-1 >> "User-Agent: tc-java/1.19.3[\r][\n]"
08:04:52.196 [docker-java-stream--1966993810] DEBUG com.github.dockerjava.zerodep.shaded.org.apache.hc.client5.http.wire -- http-outgoing-1 >> "Accept-Encoding: gzip, x-gzip, deflate[\r][\n]"
08:04:52.196 [docker-java-stream--1966993810] DEBUG com.github.dockerjava.zerodep.shaded.org.apache.hc.client5.http.wire -- http-outgoing-1 >> "Host: localhost:2375[\r][\n]"
08:04:52.196 [docker-java-stream--1966993810] DEBUG com.github.dockerjava.zerodep.shaded.org.apache.hc.client5.http.wire -- http-outgoing-1 >> "Connection: keep-alive[\r][\n]"
08:04:52.196 [docker-java-stream--1966993810] DEBUG com.github.dockerjava.zerodep.shaded.org.apache.hc.client5.http.wire -- http-outgoing-1 >> "[\r][\n]"
08:04:52.202 [docker-java-stream--1966993810] DEBUG com.github.dockerjava.zerodep.shaded.org.apache.hc.client5.http.wire -- http-outgoing-1 << "HTTP/1.1 200 OK[\r][\n]"
08:04:52.202 [docker-java-stream--1966993810] DEBUG com.github.dockerjava.zerodep.shaded.org.apache.hc.client5.http.wire -- http-outgoing-1 << "Api-Version: 1.47[\r][\n]"
08:04:52.202 [docker-java-stream--1966993810] DEBUG com.github.dockerjava.zerodep.shaded.org.apache.hc.client5.http.wire -- http-outgoing-1 << "Content-Type: application/vnd.docker.raw-stream[\r][\n]"
08:04:52.202 [docker-java-stream--1966993810] DEBUG com.github.dockerjava.zerodep.shaded.org.apache.hc.client5.http.wire -- http-outgoing-1 << "Date: Fri, 02 May 2025 06:04:52 GMT[\r][\n]"
08:04:52.202 [docker-java-stream--1966993810] DEBUG com.github.dockerjava.zerodep.shaded.org.apache.hc.client5.http.wire -- http-outgoing-1 << "Docker-Experimental: false[\r][\n]"
08:04:52.202 [docker-java-stream--1966993810] DEBUG com.github.dockerjava.zerodep.shaded.org.apache.hc.client5.http.wire -- http-outgoing-1 << "Ostype: linux[\r][\n]"
08:04:52.202 [docker-java-stream--1966993810] DEBUG com.github.dockerjava.zerodep.shaded.org.apache.hc.client5.http.wire -- http-outgoing-1 << "Server: Docker/27.5.1 (linux)[\r][\n]"
08:04:52.202 [docker-java-stream--1966993810] DEBUG com.github.dockerjava.zerodep.shaded.org.apache.hc.client5.http.wire -- http-outgoing-1 << "Transfer-Encoding: chunked[\r][\n]"
08:04:52.202 [docker-java-stream--1966993810] DEBUG com.github.dockerjava.zerodep.shaded.org.apache.hc.client5.http.wire -- http-outgoing-1 << "[\r][\n]"
08:04:52.202 [docker-java-stream--1966993810] DEBUG com.github.dockerjava.zerodep.shaded.org.apache.hc.client5.http.headers -- http-outgoing-1 << HTTP/1.1 200 OK
08:04:52.202 [docker-java-stream--1966993810] DEBUG com.github.dockerjava.zerodep.shaded.org.apache.hc.client5.http.headers -- http-outgoing-1 << Api-Version: 1.47
08:04:52.202 [docker-java-stream--1966993810] DEBUG com.github.dockerjava.zerodep.shaded.org.apache.hc.client5.http.headers -- http-outgoing-1 << Content-Type: application/vnd.docker.raw-stream
08:04:52.202 [docker-java-stream--1966993810] DEBUG com.github.dockerjava.zerodep.shaded.org.apache.hc.client5.http.headers -- http-outgoing-1 << Date: Fri, 02 May 2025 06:04:52 GMT
08:04:52.202 [docker-java-stream--1966993810] DEBUG com.github.dockerjava.zerodep.shaded.org.apache.hc.client5.http.headers -- http-outgoing-1 << Docker-Experimental: false
08:04:52.202 [docker-java-stream--1966993810] DEBUG com.github.dockerjava.zerodep.shaded.org.apache.hc.client5.http.headers -- http-outgoing-1 << Ostype: linux
08:04:52.202 [docker-java-stream--1966993810] DEBUG com.github.dockerjava.zerodep.shaded.org.apache.hc.client5.http.headers -- http-outgoing-1 << Server: Docker/27.5.1 (linux)
08:04:52.202 [docker-java-stream--1966993810] DEBUG com.github.dockerjava.zerodep.shaded.org.apache.hc.client5.http.headers -- http-outgoing-1 << Transfer-Encoding: chunked
08:04:52.202 [docker-java-stream--1966993810] DEBUG com.github.dockerjava.zerodep.shaded.org.apache.hc.client5.http.impl.classic.MainClientExec -- ex-00000011: connection can be kept alive for 3 MINUTES
08:04:52.539 [docker-java-stream--1966993810] DEBUG com.github.dockerjava.zerodep.shaded.org.apache.hc.client5.http.wire -- http-outgoing-1 << "e4[\r][\n]"
08:04:52.539 [docker-java-stream--1966993810] DEBUG com.github.dockerjava.zerodep.shaded.org.apache.hc.client5.http.wire -- http-outgoing-1 << "[0x1][0x0][0x0][0x0][0x0][0x0][0x0]m2025-05-02 08:04:52,536 INFO Included extra file "/etc/supervisor/conf.d/chrome-cleanup.conf" during parsing[\n]"
08:04:52.539 [docker-java-stream--1966993810] DEBUG com.github.dockerjava.zerodep.shaded.org.apache.hc.client5.http.wire -- http-outgoing-1 << "[0x1][0x0][0x0][0x0][0x0][0x0][0x0]g2025-05-02 08:04:52,537 INFO Included extra file "/etc/supervisor/conf.d/selenium.conf" during parsing[\n]"
08:04:52.539 [docker-java-stream--1966993810] DEBUG com.github.dockerjava.zerodep.shaded.org.apache.hc.client5.http.wire -- http-outgoing-1 << "[\r][\n]"
08:04:52.540 [ducttape-0] DEBUG org.testcontainers.containers.output.WaitingConsumer -- STDOUT: 2025-05-02 08:04:52,536 INFO Included extra file "/etc/supervisor/conf.d/chrome-cleanup.conf" during parsing
08:04:52.541 [ducttape-0] DEBUG org.testcontainers.containers.output.WaitingConsumer -- STDOUT: 2025-05-02 08:04:52,537 INFO Included extra file "/etc/supervisor/conf.d/selenium.conf" during parsing
08:04:52.551 [docker-java-stream--1966993810] DEBUG com.github.dockerjava.zerodep.shaded.org.apache.hc.client5.http.wire -- http-outgoing-1 << "bc[\r][\n]"
08:04:52.551 [docker-java-stream--1966993810] DEBUG com.github.dockerjava.zerodep.shaded.org.apache.hc.client5.http.wire -- http-outgoing-1 << "[0x1][0x0][0x0][0x0][0x0][0x0][0x0]D2025-05-02 08:04:52,548 INFO RPC interface 'supervisor' initialized[\n]"
08:04:52.551 [docker-java-stream--1966993810] DEBUG com.github.dockerjava.zerodep.shaded.org.apache.hc.client5.http.wire -- http-outgoing-1 << "[0x1][0x0][0x0][0x0][0x0][0x0][0x0]h2025-05-02 08:04:52,548 CRIT Server 'unix_http_server' running without any HTTP authentication checking[\n]"
08:04:52.551 [docker-java-stream--1966993810] DEBUG com.github.dockerjava.zerodep.shaded.org.apache.hc.client5.http.wire -- http-outgoing-1 << "[\r][\n]"
08:04:52.553 [docker-java-stream--1966993810] DEBUG com.github.dockerjava.zerodep.shaded.org.apache.hc.client5.http.wire -- http-outgoing-1 << "44[\r][\n]"
08:04:52.554 [docker-java-stream--1966993810] DEBUG com.github.dockerjava.zerodep.shaded.org.apache.hc.client5.http.wire -- http-outgoing-1 << "[0x1][0x0][0x0][0x0][0x0][0x0][0x0]<2025-05-02 08:04:52,552 INFO supervisord started with pid 8[\n]"
08:04:52.554 [docker-java-stream--1966993810] DEBUG com.github.dockerjava.zerodep.shaded.org.apache.hc.client5.http.wire -- http-outgoing-1 << "[\r][\n]"
08:04:52.567 [ducttape-0] DEBUG org.testcontainers.containers.output.WaitingConsumer -- STDOUT: 2025-05-02 08:04:52,552 INFO supervisord started with pid 8
08:04:52.568 [ducttape-0] DEBUG org.testcontainers.containers.output.WaitingConsumer -- STDOUT: 2025-05-02 08:04:52,548 CRIT Server 'unix_http_server' running without any HTTP authentication checking
08:04:52.569 [ducttape-0] DEBUG org.testcontainers.containers.output.WaitingConsumer -- STDOUT: 2025-05-02 08:04:52,548 INFO RPC interface 'supervisor' initialized
08:04:53.560 [docker-java-stream--1966993810] DEBUG com.github.dockerjava.zerodep.shaded.org.apache.hc.client5.http.wire -- http-outgoing-1 << "40[\r][\n]"
08:04:53.560 [docker-java-stream--1966993810] DEBUG com.github.dockerjava.zerodep.shaded.org.apache.hc.client5.http.wire -- http-outgoing-1 << "[0x1][0x0][0x0][0x0][0x0][0x0][0x0]82025-05-02 08:04:53,557 INFO spawned: 'xvfb' with pid 9[\n]"
08:04:53.560 [docker-java-stream--1966993810] DEBUG com.github.dockerjava.zerodep.shaded.org.apache.hc.client5.http.wire -- http-outgoing-1 << "[\r][\n]"
08:04:53.561 [ducttape-0] DEBUG org.testcontainers.containers.output.WaitingConsumer -- STDOUT: 2025-05-02 08:04:53,557 INFO spawned: 'xvfb' with pid 9
08:04:53.567 [docker-java-stream--1966993810] DEBUG com.github.dockerjava.zerodep.shaded.org.apache.hc.client5.http.wire -- http-outgoing-1 << "40[\r][\n]"
08:04:53.568 [docker-java-stream--1966993810] DEBUG com.github.dockerjava.zerodep.shaded.org.apache.hc.client5.http.wire -- http-outgoing-1 << "[0x1][0x0][0x0][0x0][0x0][0x0][0x0]82025-05-02 08:04:53,564 INFO spawned: 'vnc' with pid 10[\n]"
08:04:53.568 [docker-java-stream--1966993810] DEBUG com.github.dockerjava.zerodep.shaded.org.apache.hc.client5.http.wire -- http-outgoing-1 << "[\r][\n]"
08:04:53.576 [docker-java-stream--1966993810] DEBUG com.github.dockerjava.zerodep.shaded.org.apache.hc.client5.http.wire -- http-outgoing-1 << "42[\r][\n]"
08:04:53.576 [docker-java-stream--1966993810] DEBUG com.github.dockerjava.zerodep.shaded.org.apache.hc.client5.http.wire -- http-outgoing-1 << "[0x1][0x0][0x0][0x0][0x0][0x0][0x0]:2025-05-02 08:04:53,573 INFO spawned: 'novnc' with pid 11[\n]"
08:04:53.576 [docker-java-stream--1966993810] DEBUG com.github.dockerjava.zerodep.shaded.org.apache.hc.client5.http.wire -- http-outgoing-1 << "[\r][\n]"
08:04:53.580 [ducttape-0] DEBUG org.testcontainers.containers.output.WaitingConsumer -- STDOUT: 2025-05-02 08:04:53,573 INFO spawned: 'novnc' with pid 11
08:04:53.580 [ducttape-0] DEBUG org.testcontainers.containers.output.WaitingConsumer -- STDOUT: 2025-05-02 08:04:53,564 INFO spawned: 'vnc' with pid 10
08:04:53.585 [docker-java-stream--1966993810] DEBUG com.github.dockerjava.zerodep.shaded.org.apache.hc.client5.http.wire -- http-outgoing-1 << "50[\r][\n]"
08:04:53.585 [docker-java-stream--1966993810] DEBUG com.github.dockerjava.zerodep.shaded.org.apache.hc.client5.http.wire -- http-outgoing-1 << "[0x1][0x0][0x0][0x0][0x0][0x0][0x0]H2025-05-02 08:04:53,582 INFO spawned: 'selenium-standalone' with pid 14[\n]"
08:04:53.585 [docker-java-stream--1966993810] DEBUG com.github.dockerjava.zerodep.shaded.org.apache.hc.client5.http.wire -- http-outgoing-1 << "[\r][\n]"
08:04:53.594 [docker-java-stream--1966993810] DEBUG com.github.dockerjava.zerodep.shaded.org.apache.hc.client5.http.wire -- http-outgoing-1 << "101[\r][\n]"
08:04:53.594 [docker-java-stream--1966993810] DEBUG com.github.dockerjava.zerodep.shaded.org.apache.hc.client5.http.wire -- http-outgoing-1 << "[0x1][0x0][0x0][0x0][0x0][0x0][0x0]y2025-05-02 08:04:53,592 INFO success: xvfb entered RUNNING state, process has stayed up for > than 0 seconds (startsecs)[\n]"
08:04:53.594 [docker-java-stream--1966993810] DEBUG com.github.dockerjava.zerodep.shaded.org.apache.hc.client5.http.wire -- http-outgoing-1 << "[0x1][0x0][0x0][0x0][0x0][0x0][0x0]x2025-05-02 08:04:53,592 INFO success: vnc entered RUNNING state, process has stayed up for > than 0 seconds (startsecs)[\n]"
08:04:53.594 [docker-java-stream--1966993810] DEBUG com.github.dockerjava.zerodep.shaded.org.apache.hc.client5.http.wire -- http-outgoing-1 << "[\r][\n]"
08:04:53.594 [docker-java-stream--1966993810] DEBUG com.github.dockerjava.zerodep.shaded.org.apache.hc.client5.http.wire -- http-outgoing-1 << "112[\r][\n]"
08:04:53.594 [docker-java-stream--1966993810] DEBUG com.github.dockerjava.zerodep.shaded.org.apache.hc.client5.http.wire -- http-outgoing-1 << "[0x1][0x0][0x0][0x0][0x0][0x0][0x0]z2025-05-02 08:04:53,592 INFO success: novnc entered RUNNING state, process has stayed up for > than 0 seconds (startsecs)[\n]"
08:04:53.594 [docker-java-stream--1966993810] DEBUG com.github.dockerjava.zerodep.shaded.org.apache.hc.client5.http.wire -- http-outgoing-1 << "[0x1][0x0][0x0][0x0][0x0][0x0][0x0][0xffffff88]2025-05-02 08:04:53,592 INFO success: selenium-standalone entered RUNNING state, process has stayed up for > than 0 seconds (startsecs)[\n]"
08:04:53.594 [docker-java-stream--1966993810] DEBUG com.github.dockerjava.zerodep.shaded.org.apache.hc.client5.http.wire -- http-outgoing-1 << "[\r][\n]"
08:04:53.595 [ducttape-0] DEBUG org.testcontainers.containers.output.WaitingConsumer -- STDOUT: 2025-05-02 08:04:53,592 INFO success: selenium-standalone entered RUNNING state, process has stayed up for > than 0 seconds (startsecs)
08:04:53.595 [ducttape-0] DEBUG org.testcontainers.containers.output.WaitingConsumer -- STDOUT: 2025-05-02 08:04:53,592 INFO success: novnc entered RUNNING state, process has stayed up for > than 0 seconds (startsecs)
08:04:53.596 [ducttape-0] DEBUG org.testcontainers.containers.output.WaitingConsumer -- STDOUT: 2025-05-02 08:04:53,592 INFO success: vnc entered RUNNING state, process has stayed up for > than 0 seconds (startsecs)
08:04:53.596 [ducttape-0] DEBUG org.testcontainers.containers.output.WaitingConsumer -- STDOUT: 2025-05-02 08:04:53,592 INFO success: xvfb entered RUNNING state, process has stayed up for > than 0 seconds (startsecs)
08:04:53.596 [ducttape-0] DEBUG org.testcontainers.containers.output.WaitingConsumer -- STDOUT: 2025-05-02 08:04:53,582 INFO spawned: 'selenium-standalone' with pid 14
08:04:54.117 [docker-java-stream--1966993810] DEBUG com.github.dockerjava.zerodep.shaded.org.apache.hc.client5.http.wire -- http-outgoing-1 << "7e[\r][\n]"
08:04:54.118 [docker-java-stream--1966993810] DEBUG com.github.dockerjava.zerodep.shaded.org.apache.hc.client5.http.wire -- http-outgoing-1 << "[0x1][0x0][0x0][0x0][0x0][0x0][0x0]2Appending Selenium options: --heartbeat-period 30[\n]"
08:04:54.118 [docker-java-stream--1966993810] DEBUG com.github.dockerjava.zerodep.shaded.org.apache.hc.client5.http.wire -- http-outgoing-1 << "[0x1][0x0][0x0][0x0][0x0][0x0][0x0]<Appending Selenium options: --reject-unsupported-caps false[\n]"
08:04:54.118 [docker-java-stream--1966993810] DEBUG com.github.dockerjava.zerodep.shaded.org.apache.hc.client5.http.wire -- http-outgoing-1 << "[\r][\n]"
08:04:54.118 [ducttape-0] DEBUG org.testcontainers.containers.output.WaitingConsumer -- STDOUT: Appending Selenium options: --reject-unsupported-caps false
08:04:54.118 [ducttape-0] DEBUG org.testcontainers.containers.output.WaitingConsumer -- STDOUT: Appending Selenium options: --heartbeat-period 30
08:04:54.122 [docker-java-stream--1966993810] DEBUG com.github.dockerjava.zerodep.shaded.org.apache.hc.client5.http.wire -- http-outgoing-1 << "27[\r][\n]"
08:04:54.123 [docker-java-stream--1966993810] DEBUG com.github.dockerjava.zerodep.shaded.org.apache.hc.client5.http.wire -- http-outgoing-1 << "[0x1][0x0][0x0][0x0][0x0][0x0][0x0][0x1f]Setting up SE_NODE_GRID_URL...[\n]"
08:04:54.123 [docker-java-stream--1966993810] DEBUG com.github.dockerjava.zerodep.shaded.org.apache.hc.client5.http.wire -- http-outgoing-1 << "[\r][\n]"
08:04:54.133 [docker-java-stream--1966993810] DEBUG com.github.dockerjava.zerodep.shaded.org.apache.hc.client5.http.wire -- http-outgoing-1 << "31[\r][\n]"
08:04:54.133 [docker-java-stream--1966993810] DEBUG com.github.dockerjava.zerodep.shaded.org.apache.hc.client5.http.wire -- http-outgoing-1 << "[0x1][0x0][0x0][0x0][0x0][0x0][0x0])Selenium Grid Standalone configuration: [\n]"
08:04:54.133 [docker-java-stream--1966993810] DEBUG com.github.dockerjava.zerodep.shaded.org.apache.hc.client5.http.wire -- http-outgoing-1 << "[\r][\n]"
08:04:54.134 [docker-java-stream--1966993810] DEBUG com.github.dockerjava.zerodep.shaded.org.apache.hc.client5.http.wire -- http-outgoing-1 << "245[\r][\n]"
08:04:54.134 [docker-java-stream--1966993810] DEBUG com.github.dockerjava.zerodep.shaded.org.apache.hc.client5.http.wire -- http-outgoing-1 << "[0x1][0x0][0x0][0x0][0x0][0x0][0x0][\n]"
08:04:54.134 [docker-java-stream--1966993810] DEBUG com.github.dockerjava.zerodep.shaded.org.apache.hc.client5.http.wire -- http-outgoing-1 << "[network][\n]"
08:04:54.134 [docker-java-stream--1966993810] DEBUG com.github.dockerjava.zerodep.shaded.org.apache.hc.client5.http.wire -- http-outgoing-1 << "[0x1][0x0][0x0][0x0][0x0][0x0][0x0][0x14]relax-checks = true[\n]"
08:04:54.134 [docker-java-stream--1966993810] DEBUG com.github.dockerjava.zerodep.shaded.org.apache.hc.client5.http.wire -- http-outgoing-1 << "[0x1][0x0][0x0][0x0][0x0][0x0][0x0][0x1][\n]"
08:04:54.134 [docker-java-stream--1966993810] DEBUG com.github.dockerjava.zerodep.shaded.org.apache.hc.client5.http.wire -- http-outgoing-1 << "[0x1][0x0][0x0][0x0][0x0][0x0][0x0][0x7][node][\n]"
08:04:54.134 [docker-java-stream--1966993810] DEBUG com.github.dockerjava.zerodep.shaded.org.apache.hc.client5.http.wire -- http-outgoing-1 << "[0x1][0x0][0x0][0x0][0x0][0x0][0x0][0x18]session-timeout = "300"[\n]"
08:04:54.134 [docker-java-stream--1966993810] DEBUG com.github.dockerjava.zerodep.shaded.org.apache.hc.client5.http.wire -- http-outgoing-1 << "[0x1][0x0][0x0][0x0][0x0][0x0][0x0][0x1e]override-max-sessions = false[\n]"
08:04:54.134 [docker-java-stream--1966993810] DEBUG com.github.dockerjava.zerodep.shaded.org.apache.hc.client5.http.wire -- http-outgoing-1 << "[0x1][0x0][0x0][0x0][0x0][0x0][0x0][0x17]detect-drivers = false[\n]"
08:04:54.134 [docker-java-stream--1966993810] DEBUG com.github.dockerjava.zerodep.shaded.org.apache.hc.client5.http.wire -- http-outgoing-1 << "[0x1][0x0][0x0][0x0][0x0][0x0][0x0][0x1e]drain-after-session-count = 0[\n]"
08:04:54.134 [docker-java-stream--1966993810] DEBUG com.github.dockerjava.zerodep.shaded.org.apache.hc.client5.http.wire -- http-outgoing-1 << "[0x1][0x0][0x0][0x0][0x0][0x0][0x0][0x11]max-sessions = 1[\n]"
08:04:54.134 [docker-java-stream--1966993810] DEBUG com.github.dockerjava.zerodep.shaded.org.apache.hc.client5.http.wire -- http-outgoing-1 << "[0x1][0x0][0x0][0x0][0x0][0x0][0x0][0x1][\n]"
08:04:54.134 [docker-java-stream--1966993810] DEBUG com.github.dockerjava.zerodep.shaded.org.apache.hc.client5.http.wire -- http-outgoing-1 << "[0x1][0x0][0x0][0x0][0x0][0x0][0x0][0x1e][[node.driver-configuration]][\n]"
08:04:54.134 [docker-java-stream--1966993810] DEBUG com.github.dockerjava.zerodep.shaded.org.apache.hc.client5.http.wire -- http-outgoing-1 << "[0x1][0x0][0x0][0x0][0x0][0x0][0x0][0x18]display-name = "chrome"[\n]"
08:04:54.134 [docker-java-stream--1966993810] DEBUG com.github.dockerjava.zerodep.shaded.org.apache.hc.client5.http.wire -- http-outgoing-1 << "[0x1][0x0][0x0][0x0][0x0][0x0][0x0][0xffffff99]stereotype = '{"browserName": "chrome", "browserVersion": "124.0", "platformName": "Linux", "goog:chromeOptions": {"binary": "/usr/bin/google-chrome"}}'[\n]"
08:04:54.134 [docker-java-stream--1966993810] DEBUG com.github.dockerjava.zerodep.shaded.org.apache.hc.client5.http.wire -- http-outgoing-1 << "[0x1][0x0][0x0][0x0][0x0][0x0][0x0][0x11]max-sessions = 1[\n]"
08:04:54.134 [docker-java-stream--1966993810] DEBUG com.github.dockerjava.zerodep.shaded.org.apache.hc.client5.http.wire -- http-outgoing-1 << "[0x1][0x0][0x0][0x0][0x0][0x0][0x0][0x1][\n]"
08:04:54.134 [docker-java-stream--1966993810] DEBUG com.github.dockerjava.zerodep.shaded.org.apache.hc.client5.http.wire -- http-outgoing-1 << "[0x1][0x0][0x0][0x0][0x0][0x0][0x0]%Starting Selenium Grid Standalone...[\n]"
08:04:54.134 [docker-java-stream--1966993810] DEBUG com.github.dockerjava.zerodep.shaded.org.apache.hc.client5.http.wire -- http-outgoing-1 << "[0x1][0x0][0x0][0x0][0x0][0x0][0x0][0x14]Tracing is disabled[\n]"
08:04:54.134 [docker-java-stream--1966993810] DEBUG com.github.dockerjava.zerodep.shaded.org.apache.hc.client5.http.wire -- http-outgoing-1 << "[\r][\n]"
08:04:54.139 [ducttape-0] DEBUG org.testcontainers.containers.output.WaitingConsumer -- STDOUT: Tracing is disabled
08:04:54.139 [ducttape-0] DEBUG org.testcontainers.containers.output.WaitingConsumer -- STDOUT: Starting Selenium Grid Standalone...
08:04:54.139 [ducttape-0] DEBUG org.testcontainers.containers.output.WaitingConsumer -- STDOUT: 
08:04:54.140 [ducttape-0] DEBUG org.testcontainers.containers.output.WaitingConsumer -- STDOUT: max-sessions = 1
08:04:54.140 [ducttape-0] DEBUG org.testcontainers.containers.output.WaitingConsumer -- STDOUT: stereotype = '{"browserName": "chrome", "browserVersion": "124.0", "platformName": "Linux", "goog:chromeOptions": {"binary": "/usr/bin/google-chrome"}}'
08:04:54.140 [ducttape-0] DEBUG org.testcontainers.containers.output.WaitingConsumer -- STDOUT: display-name = "chrome"
08:04:54.141 [ducttape-0] DEBUG org.testcontainers.containers.output.WaitingConsumer -- STDOUT: [[node.driver-configuration]]
08:04:54.141 [ducttape-0] DEBUG org.testcontainers.containers.output.WaitingConsumer -- STDOUT: 
08:04:54.141 [ducttape-0] DEBUG org.testcontainers.containers.output.WaitingConsumer -- STDOUT: max-sessions = 1
08:04:54.141 [ducttape-0] DEBUG org.testcontainers.containers.output.WaitingConsumer -- STDOUT: drain-after-session-count = 0
08:04:54.141 [ducttape-0] DEBUG org.testcontainers.containers.output.WaitingConsumer -- STDOUT: detect-drivers = false
08:04:54.141 [ducttape-0] DEBUG org.testcontainers.containers.output.WaitingConsumer -- STDOUT: override-max-sessions = false
08:04:54.141 [ducttape-0] DEBUG org.testcontainers.containers.output.WaitingConsumer -- STDOUT: session-timeout = "300"
08:04:54.141 [ducttape-0] DEBUG org.testcontainers.containers.output.WaitingConsumer -- STDOUT: [node]
08:04:54.141 [ducttape-0] DEBUG org.testcontainers.containers.output.WaitingConsumer -- STDOUT: 
08:04:54.141 [ducttape-0] DEBUG org.testcontainers.containers.output.WaitingConsumer -- STDOUT: relax-checks = true
08:04:54.142 [ducttape-0] DEBUG org.testcontainers.containers.output.WaitingConsumer -- STDOUT: [network]
08:04:54.142 [ducttape-0] DEBUG org.testcontainers.containers.output.WaitingConsumer -- STDOUT: Selenium Grid Standalone configuration: 
08:04:54.142 [ducttape-0] DEBUG org.testcontainers.containers.output.WaitingConsumer -- STDOUT: Setting up SE_NODE_GRID_URL...
08:04:54.920 [docker-java-stream--1966993810] DEBUG com.github.dockerjava.zerodep.shaded.org.apache.hc.client5.http.wire -- http-outgoing-1 << "64[\r][\n]"
08:04:54.920 [docker-java-stream--1966993810] DEBUG com.github.dockerjava.zerodep.shaded.org.apache.hc.client5.http.wire -- http-outgoing-1 << "[0x1][0x0][0x0][0x0][0x0][0x0][0x0]\08:04:54.914 INFO [LoggingOptions.configureLogEncoding] - Using the system default encoding[\n]"
08:04:54.920 [docker-java-stream--1966993810] DEBUG com.github.dockerjava.zerodep.shaded.org.apache.hc.client5.http.wire -- http-outgoing-1 << "[\r][\n]"
08:04:54.920 [ducttape-0] DEBUG org.testcontainers.containers.output.WaitingConsumer -- STDOUT: 08:04:54.914 INFO [LoggingOptions.configureLogEncoding] - Using the system default encoding
08:04:54.925 [docker-java-stream--1966993810] DEBUG com.github.dockerjava.zerodep.shaded.org.apache.hc.client5.http.wire -- http-outgoing-1 << "5f[\r][\n]"
08:04:54.926 [docker-java-stream--1966993810] DEBUG com.github.dockerjava.zerodep.shaded.org.apache.hc.client5.http.wire -- http-outgoing-1 << "[0x1][0x0][0x0][0x0][0x0][0x0][0x0]W08:04:54.924 INFO [OpenTelemetryTracer.createTracer] - Using OpenTelemetry for tracing[\n]"
08:04:54.926 [docker-java-stream--1966993810] DEBUG com.github.dockerjava.zerodep.shaded.org.apache.hc.client5.http.wire -- http-outgoing-1 << "[\r][\n]"
08:04:54.937 [ducttape-0] DEBUG org.testcontainers.containers.output.WaitingConsumer -- STDOUT: 08:04:54.924 INFO [OpenTelemetryTracer.createTracer] - Using OpenTelemetry for tracing
08:04:55.681 [docker-java-stream--1966993810] DEBUG com.github.dockerjava.zerodep.shaded.org.apache.hc.client5.http.wire -- http-outgoing-1 << "5e[\r][\n]"
08:04:55.681 [docker-java-stream--1966993810] DEBUG com.github.dockerjava.zerodep.shaded.org.apache.hc.client5.http.wire -- http-outgoing-1 << "[0x1][0x0][0x0][0x0][0x0][0x0][0x0]V08:04:55.678 INFO [NodeOptions.getSessionFactories] - Detected 8 available processors[\n]"
08:04:55.681 [docker-java-stream--1966993810] DEBUG com.github.dockerjava.zerodep.shaded.org.apache.hc.client5.http.wire -- http-outgoing-1 << "[\r][\n]"
08:04:55.681 [ducttape-0] DEBUG org.testcontainers.containers.output.WaitingConsumer -- STDOUT: 08:04:55.678 INFO [NodeOptions.getSessionFactories] - Detected 8 available processors
08:04:55.733 [docker-java-stream--1966993810] DEBUG com.github.dockerjava.zerodep.shaded.org.apache.hc.client5.http.wire -- http-outgoing-1 << "10c[\r][\n]"
08:04:55.733 [docker-java-stream--1966993810] DEBUG com.github.dockerjava.zerodep.shaded.org.apache.hc.client5.http.wire -- http-outgoing-1 << "[0x1][0x0][0x0][0x0][0x0][0x0][0x1][0x4]08:04:55.732 INFO [NodeOptions.report] - Adding chrome for {"browserName": "chrome","browserVersion": "124.0","goog:chromeOptions": {"binary": "\u002fusr\u002fbin\u002fgoogle-chrome"},"platformName": "linux","se:noVncPort": 7900,"se:vncEnabled": true} 1 times[\n]"
08:04:55.733 [docker-java-stream--1966993810] DEBUG com.github.dockerjava.zerodep.shaded.org.apache.hc.client5.http.wire -- http-outgoing-1 << "[\r][\n]"
08:04:55.733 [ducttape-0] DEBUG org.testcontainers.containers.output.WaitingConsumer -- STDOUT: 08:04:55.732 INFO [NodeOptions.report] - Adding chrome for {"browserName": "chrome","browserVersion": "124.0","goog:chromeOptions": {"binary": "\u002fusr\u002fbin\u002fgoogle-chrome"},"platformName": "linux","se:noVncPort": 7900,"se:vncEnabled": true} 1 times
08:04:55.770 [docker-java-stream--1966993810] DEBUG com.github.dockerjava.zerodep.shaded.org.apache.hc.client5.http.wire -- http-outgoing-1 << "5a[\r][\n]"
08:04:55.770 [docker-java-stream--1966993810] DEBUG com.github.dockerjava.zerodep.shaded.org.apache.hc.client5.http.wire -- http-outgoing-1 << "[0x1][0x0][0x0][0x0][0x0][0x0][0x0]R08:04:55.768 INFO [Node.<init>] - Binding additional locator mechanisms: relative[\n]"
08:04:55.770 [docker-java-stream--1966993810] DEBUG com.github.dockerjava.zerodep.shaded.org.apache.hc.client5.http.wire -- http-outgoing-1 << "[\r][\n]"
08:04:55.770 [ducttape-0] DEBUG org.testcontainers.containers.output.WaitingConsumer -- STDOUT: 08:04:55.768 INFO [Node.<init>] - Binding additional locator mechanisms: relative
08:04:55.794 [docker-java-stream--1966993810] DEBUG com.github.dockerjava.zerodep.shaded.org.apache.hc.client5.http.wire -- http-outgoing-1 << "130[\r][\n]"
08:04:55.794 [docker-java-stream--1966993810] DEBUG com.github.dockerjava.zerodep.shaded.org.apache.hc.client5.http.wire -- http-outgoing-1 << "[0x1][0x0][0x0][0x0][0x0][0x0][0x0][0xffffff92]08:04:55.792 INFO [GridModel.setAvailability] - Switching Node 93ad95f5-b79b-4f76-b4c7-de1f84ccfc7f (uri: http://172.19.0.2:4444) from DOWN to UP[\n]"
08:04:55.794 [docker-java-stream--1966993810] DEBUG com.github.dockerjava.zerodep.shaded.org.apache.hc.client5.http.wire -- http-outgoing-1 << "[0x1][0x0][0x0][0x0][0x0][0x0][0x0][0xffffff8e]08:04:55.792 INFO [LocalDistributor.add] - Added node 93ad95f5-b79b-4f76-b4c7-de1f84ccfc7f at http://172.19.0.2:4444. Health check every 120s[\n]"
08:04:55.794 [docker-java-stream--1966993810] DEBUG com.github.dockerjava.zerodep.shaded.org.apache.hc.client5.http.wire -- http-outgoing-1 << "[\r][\n]"
08:04:55.794 [ducttape-0] DEBUG org.testcontainers.containers.output.WaitingConsumer -- STDOUT: 08:04:55.792 INFO [LocalDistributor.add] - Added node 93ad95f5-b79b-4f76-b4c7-de1f84ccfc7f at http://172.19.0.2:4444. Health check every 120s
08:04:55.794 [ducttape-0] DEBUG org.testcontainers.containers.output.WaitingConsumer -- STDOUT: 08:04:55.792 INFO [GridModel.setAvailability] - Switching Node 93ad95f5-b79b-4f76-b4c7-de1f84ccfc7f (uri: http://172.19.0.2:4444) from DOWN to UP
08:04:56.133 [docker-java-stream--1966993810] DEBUG com.github.dockerjava.zerodep.shaded.org.apache.hc.client5.http.wire -- http-outgoing-1 << "82[\r][\n]"
08:04:56.133 [docker-java-stream--1966993810] DEBUG com.github.dockerjava.zerodep.shaded.org.apache.hc.client5.http.wire -- http-outgoing-1 << "[0x1][0x0][0x0][0x0][0x0][0x0][0x0]z08:04:56.124 INFO [Standalone.execute] - Started Selenium Standalone 4.20.0 (revision 866c76ca80): http://172.19.0.2:4444[\n]"
08:04:56.134 [docker-java-stream--1966993810] DEBUG com.github.dockerjava.zerodep.shaded.org.apache.hc.client5.http.wire -- http-outgoing-1 << "[\r][\n]"
08:04:56.134 [ducttape-0] DEBUG org.testcontainers.containers.output.WaitingConsumer -- STDOUT: 08:04:56.124 INFO [Standalone.execute] - Started Selenium Standalone 4.20.0 (revision 866c76ca80): http://172.19.0.2:4444
08:04:56.135 [ducttape-0] DEBUG com.github.dockerjava.zerodep.shaded.org.apache.hc.client5.http.impl.classic.InternalHttpClient -- ep-00000010: cancel
08:04:56.135 [ducttape-0] DEBUG com.github.dockerjava.zerodep.shaded.org.apache.hc.client5.http.impl.io.DefaultManagedHttpClientConnection -- http-outgoing-1: close connection IMMEDIATE
08:04:56.135 [ducttape-0] DEBUG com.github.dockerjava.zerodep.shaded.org.apache.hc.client5.http.impl.classic.InternalHttpClient -- ep-00000010: endpoint closed
08:04:56.135 [ducttape-0] DEBUG com.github.dockerjava.zerodep.shaded.org.apache.hc.client5.http.impl.classic.InternalHttpClient -- ep-00000010: discarding endpoint
08:04:56.136 [ducttape-0] DEBUG com.github.dockerjava.zerodep.shaded.org.apache.hc.client5.http.impl.io.PoolingHttpClientConnectionManager -- ep-00000010: releasing endpoint
08:04:56.136 [docker-java-stream--1966993810] DEBUG com.github.dockerjava.zerodep.shaded.org.apache.hc.client5.http.wire -- http-outgoing-1 << "end of stream"
08:04:56.136 [ducttape-0] DEBUG com.github.dockerjava.zerodep.shaded.org.apache.hc.client5.http.impl.io.PoolingHttpClientConnectionManager -- ep-00000010: connection is not kept alive
08:04:56.136 [ducttape-0] DEBUG com.github.dockerjava.zerodep.shaded.org.apache.hc.client5.http.impl.io.PoolingHttpClientConnectionManager -- ep-00000010: connection released [route: {}->npipe://localhost:2375][total available: 0; route allocated: 0 of 2147483647; total allocated: 0 of 2147483647]
08:04:56.136 [docker-java-stream--1966993810] DEBUG com.github.dockerjava.zerodep.shaded.org.apache.hc.client5.http.wire -- http-outgoing-1 << "[read] I/O error: java.nio.channels.ClosedChannelException"
08:04:56.137 [ducttape-0] DEBUG com.github.dockerjava.zerodep.shaded.org.apache.hc.client5.http.wire -- http-outgoing-1 << "[read] I/O error: java.nio.channels.ClosedChannelException"
08:04:56.136 [docker-java-stream--1966993810] DEBUG com.github.dockerjava.zerodep.ApacheDockerHttpClientImpl$ApacheResponse -- Failed to close the response
java.io.IOException: java.nio.channels.ClosedChannelException
	at java.base/java.nio.channels.Channels$1.read(Channels.java:166)
	at com.github.dockerjava.zerodep.shaded.org.apache.hc.client5.http.impl.io.LoggingInputStream.read(LoggingInputStream.java:81)
	at com.github.dockerjava.zerodep.shaded.org.apache.hc.core5.http.impl.io.SessionInputBufferImpl.fillBuffer(SessionInputBufferImpl.java:149)
	at com.github.dockerjava.zerodep.shaded.org.apache.hc.core5.http.impl.io.SessionInputBufferImpl.readLine(SessionInputBufferImpl.java:280)
	at com.github.dockerjava.zerodep.shaded.org.apache.hc.core5.http.impl.io.ChunkedInputStream.getChunkSize(ChunkedInputStream.java:261)
	at com.github.dockerjava.zerodep.shaded.org.apache.hc.core5.http.impl.io.ChunkedInputStream.nextChunk(ChunkedInputStream.java:222)
	at com.github.dockerjava.zerodep.shaded.org.apache.hc.core5.http.impl.io.ChunkedInputStream.read(ChunkedInputStream.java:147)
	at com.github.dockerjava.zerodep.shaded.org.apache.hc.core5.http.impl.io.ChunkedInputStream.close(ChunkedInputStream.java:314)
	at com.github.dockerjava.zerodep.shaded.org.apache.hc.core5.io.Closer.close(Closer.java:48)
	at com.github.dockerjava.zerodep.shaded.org.apache.hc.core5.http.impl.io.IncomingHttpEntity.close(IncomingHttpEntity.java:111)
	at com.github.dockerjava.zerodep.shaded.org.apache.hc.core5.http.io.entity.HttpEntityWrapper.close(HttpEntityWrapper.java:120)
	at com.github.dockerjava.zerodep.shaded.org.apache.hc.core5.io.Closer.close(Closer.java:48)
	at com.github.dockerjava.zerodep.shaded.org.apache.hc.core5.http.message.BasicClassicHttpResponse.close(BasicClassicHttpResponse.java:93)
	at com.github.dockerjava.zerodep.shaded.org.apache.hc.client5.http.impl.classic.CloseableHttpResponse.close(CloseableHttpResponse.java:200)
	at com.github.dockerjava.zerodep.ApacheDockerHttpClientImpl$ApacheResponse.close(ApacheDockerHttpClientImpl.java:256)
	at org.testcontainers.shaded.com.github.dockerjava.core.DefaultInvocationBuilder.lambda$executeAndStream$1(DefaultInvocationBuilder.java:277)
	at java.base/java.lang.Thread.run(Thread.java:1583)
Caused by: java.nio.channels.ClosedChannelException: null
	at java.base/sun.nio.ch.WindowsAsynchronousFileChannelImpl.implRead(WindowsAsynchronousFileChannelImpl.java:521)
	at java.base/sun.nio.ch.AsynchronousFileChannelImpl.read(AsynchronousFileChannelImpl.java:229)
	at com.github.dockerjava.transport.NamedPipeSocket$AsynchronousFileByteChannel.read(NamedPipeSocket.java:117)
	at java.base/java.nio.channels.Channels$1.read(Channels.java:164)
	... 16 common frames omitted
08:04:56.137 [ducttape-0] DEBUG com.github.dockerjava.zerodep.ApacheDockerHttpClientImpl$ApacheResponse -- Failed to close the response
java.io.IOException: java.nio.channels.ClosedChannelException
	at java.base/java.nio.channels.Channels$1.read(Channels.java:166)
	at com.github.dockerjava.zerodep.shaded.org.apache.hc.client5.http.impl.io.LoggingInputStream.read(LoggingInputStream.java:81)
	at com.github.dockerjava.zerodep.shaded.org.apache.hc.core5.http.impl.io.SessionInputBufferImpl.fillBuffer(SessionInputBufferImpl.java:149)
	at com.github.dockerjava.zerodep.shaded.org.apache.hc.core5.http.impl.io.SessionInputBufferImpl.readLine(SessionInputBufferImpl.java:280)
	at com.github.dockerjava.zerodep.shaded.org.apache.hc.core5.http.impl.io.ChunkedInputStream.getChunkSize(ChunkedInputStream.java:261)
	at com.github.dockerjava.zerodep.shaded.org.apache.hc.core5.http.impl.io.ChunkedInputStream.nextChunk(ChunkedInputStream.java:222)
	at com.github.dockerjava.zerodep.shaded.org.apache.hc.core5.http.impl.io.ChunkedInputStream.read(ChunkedInputStream.java:147)
	at com.github.dockerjava.zerodep.shaded.org.apache.hc.core5.http.impl.io.ChunkedInputStream.close(ChunkedInputStream.java:314)
	at com.github.dockerjava.zerodep.shaded.org.apache.hc.core5.io.Closer.close(Closer.java:48)
	at com.github.dockerjava.zerodep.shaded.org.apache.hc.core5.http.impl.io.IncomingHttpEntity.close(IncomingHttpEntity.java:111)
	at com.github.dockerjava.zerodep.shaded.org.apache.hc.core5.http.io.entity.HttpEntityWrapper.close(HttpEntityWrapper.java:120)
	at com.github.dockerjava.zerodep.shaded.org.apache.hc.core5.io.Closer.close(Closer.java:48)
	at com.github.dockerjava.zerodep.shaded.org.apache.hc.core5.http.message.BasicClassicHttpResponse.close(BasicClassicHttpResponse.java:93)
	at com.github.dockerjava.zerodep.shaded.org.apache.hc.client5.http.impl.classic.CloseableHttpResponse.close(CloseableHttpResponse.java:200)
	at com.github.dockerjava.zerodep.ApacheDockerHttpClientImpl$ApacheResponse.close(ApacheDockerHttpClientImpl.java:256)
	at org.testcontainers.shaded.com.github.dockerjava.core.DefaultInvocationBuilder.lambda$null$0(DefaultInvocationBuilder.java:272)
	at com.github.dockerjava.api.async.ResultCallbackTemplate.close(ResultCallbackTemplate.java:77)
	at org.testcontainers.containers.output.FrameConsumerResultCallback.close(FrameConsumerResultCallback.java:69)
	at org.testcontainers.containers.wait.strategy.LogMessageWaitStrategy.waitUntilReady(LogMessageWaitStrategy.java:49)
	at org.testcontainers.containers.wait.strategy.AbstractWaitStrategy.waitUntilReady(AbstractWaitStrategy.java:52)
	at org.testcontainers.containers.wait.strategy.WaitAllStrategy.waitUntilNestedStrategiesAreReady(WaitAllStrategy.java:66)
	at org.testcontainers.containers.wait.strategy.WaitAllStrategy.lambda$waitUntilReady$0(WaitAllStrategy.java:58)
	at java.base/java.util.concurrent.Executors$RunnableAdapter.call(Executors.java:572)
	at java.base/java.util.concurrent.FutureTask.run(FutureTask.java:317)
	at java.base/java.util.concurrent.ThreadPoolExecutor.runWorker(ThreadPoolExecutor.java:1144)
	at java.base/java.util.concurrent.ThreadPoolExecutor$Worker.run(ThreadPoolExecutor.java:642)
	at java.base/java.lang.Thread.run(Thread.java:1583)
Caused by: java.nio.channels.ClosedChannelException: null
	at java.base/sun.nio.ch.WindowsAsynchronousFileChannelImpl.implRead(WindowsAsynchronousFileChannelImpl.java:521)
	at java.base/sun.nio.ch.AsynchronousFileChannelImpl.read(AsynchronousFileChannelImpl.java:229)
	at com.github.dockerjava.transport.NamedPipeSocket$AsynchronousFileByteChannel.read(NamedPipeSocket.java:117)
	at java.base/java.nio.channels.Channels$1.read(Channels.java:164)
	... 26 common frames omitted
08:04:56.149 [testcontainers-wait-0] DEBUG org.testcontainers.containers.ExecInContainerPattern -- /inspiring_newton: Running "exec" command: /bin/sh -c while true; do ( true  &&  (grep -i ':0*115c' /proc/net/tcp* || nc -vz -w 1 localhost 4444 || /bin/bash -c '</dev/tcp/localhost/4444') &&  (grep -i ':0*170c' /proc/net/tcp* || nc -vz -w 1 localhost 5900 || /bin/bash -c '</dev/tcp/localhost/5900') ) && exit 0 || sleep 0.1; done
08:04:56.150 [testcontainers-wait-1] DEBUG org.testcontainers.shaded.com.github.dockerjava.core.command.AbstrDockerCmd -- Cmd: 4944d1765067cb0ca03b2131d0388d58396ad796fed138475d832c253e9872dd,false
08:04:56.151 [testcontainers-wait-1] DEBUG org.testcontainers.shaded.com.github.dockerjava.core.exec.InspectContainerCmdExec -- GET: DefaultWebTarget{path=[/containers/4944d1765067cb0ca03b2131d0388d58396ad796fed138475d832c253e9872dd/json], queryParams={}}
08:04:56.151 [testcontainers-wait-1] DEBUG com.github.dockerjava.zerodep.shaded.org.apache.hc.client5.http.impl.classic.InternalHttpClient -- ex-00000012: preparing request execution
08:04:56.151 [testcontainers-wait-1] DEBUG com.github.dockerjava.zerodep.shaded.org.apache.hc.client5.http.protocol.RequestAddCookies -- Cookie spec selected: strict
08:04:56.152 [testcontainers-wait-1] DEBUG com.github.dockerjava.zerodep.shaded.org.apache.hc.client5.http.protocol.RequestAuthCache -- Auth cache not set in the context
08:04:56.152 [testcontainers-wait-1] DEBUG com.github.dockerjava.zerodep.shaded.org.apache.hc.client5.http.impl.classic.ProtocolExec -- ex-00000012: target auth state: UNCHALLENGED
08:04:56.152 [testcontainers-wait-1] DEBUG com.github.dockerjava.zerodep.shaded.org.apache.hc.client5.http.impl.classic.ProtocolExec -- ex-00000012: proxy auth state: UNCHALLENGED
08:04:56.152 [testcontainers-wait-1] DEBUG com.github.dockerjava.zerodep.shaded.org.apache.hc.client5.http.impl.classic.ConnectExec -- ex-00000012: acquiring connection with route {}->npipe://localhost:2375
08:04:56.152 [testcontainers-wait-1] DEBUG com.github.dockerjava.zerodep.shaded.org.apache.hc.client5.http.impl.classic.InternalHttpClient -- ex-00000012: acquiring endpoint (3 MINUTES)
08:04:56.152 [testcontainers-wait-1] DEBUG com.github.dockerjava.zerodep.shaded.org.apache.hc.client5.http.impl.io.PoolingHttpClientConnectionManager -- ex-00000012: endpoint lease request (3 MINUTES) [route: {}->npipe://localhost:2375][total available: 0; route allocated: 0 of 2147483647; total allocated: 0 of 2147483647]
08:04:56.152 [testcontainers-wait-1] DEBUG com.github.dockerjava.zerodep.shaded.org.apache.hc.client5.http.impl.io.PoolingHttpClientConnectionManager -- ex-00000012: endpoint leased [route: {}->npipe://localhost:2375][total available: 0; route allocated: 1 of 2147483647; total allocated: 1 of 2147483647]
08:04:56.153 [testcontainers-wait-1] DEBUG com.github.dockerjava.zerodep.shaded.org.apache.hc.client5.http.impl.io.PoolingHttpClientConnectionManager -- ex-00000012: acquired ep-00000011
08:04:56.153 [testcontainers-wait-1] DEBUG com.github.dockerjava.zerodep.shaded.org.apache.hc.client5.http.impl.classic.InternalHttpClient -- ex-00000012: acquired endpoint ep-00000011
08:04:56.153 [testcontainers-wait-1] DEBUG com.github.dockerjava.zerodep.shaded.org.apache.hc.client5.http.impl.classic.ConnectExec -- ex-00000012: opening connection {}->npipe://localhost:2375
08:04:56.153 [testcontainers-wait-1] DEBUG com.github.dockerjava.zerodep.shaded.org.apache.hc.client5.http.impl.classic.InternalHttpClient -- ep-00000011: connecting endpoint (3 MINUTES)
08:04:56.153 [testcontainers-wait-1] DEBUG com.github.dockerjava.zerodep.shaded.org.apache.hc.client5.http.impl.io.PoolingHttpClientConnectionManager -- ep-00000011: connecting endpoint to npipe://localhost:2375 (3 MINUTES)
08:04:56.153 [testcontainers-wait-1] DEBUG com.github.dockerjava.zerodep.shaded.org.apache.hc.client5.http.impl.io.DefaultHttpClientConnectionOperator -- http-outgoing-2: connecting to localhost/127.0.0.1:2375
08:04:56.154 [testcontainers-wait-1] DEBUG com.github.dockerjava.zerodep.shaded.org.apache.hc.client5.http.impl.io.DefaultHttpClientConnectionOperator -- http-outgoing-2: connection established 
08:04:56.154 [testcontainers-wait-1] DEBUG com.github.dockerjava.zerodep.shaded.org.apache.hc.client5.http.impl.io.PoolingHttpClientConnectionManager -- ep-00000011: connected http-outgoing-2
08:04:56.154 [testcontainers-wait-1] DEBUG com.github.dockerjava.zerodep.shaded.org.apache.hc.client5.http.impl.classic.InternalHttpClient -- ep-00000011: endpoint connected
08:04:56.154 [testcontainers-wait-1] DEBUG com.github.dockerjava.zerodep.shaded.org.apache.hc.client5.http.impl.classic.MainClientExec -- ex-00000012: executing GET /v1.32/containers/4944d1765067cb0ca03b2131d0388d58396ad796fed138475d832c253e9872dd/json HTTP/1.1
08:04:56.154 [testcontainers-wait-1] DEBUG com.github.dockerjava.zerodep.shaded.org.apache.hc.client5.http.impl.classic.InternalHttpClient -- ep-00000011: start execution ex-00000012
08:04:56.154 [testcontainers-wait-1] DEBUG com.github.dockerjava.zerodep.shaded.org.apache.hc.client5.http.impl.io.PoolingHttpClientConnectionManager -- ep-00000011: executing exchange ex-00000012 over http-outgoing-2
08:04:56.152 [testcontainers-wait-0] DEBUG org.testcontainers.shaded.com.github.dockerjava.core.command.AbstrDockerCmd -- Cmd: true,<null>,true,{/bin/sh,-c,while true; do ( true  &&  (grep -i ':0*115c' /proc/net/tcp* || nc -vz -w 1 localhost 4444 || /bin/bash -c '</dev/tcp/localhost/4444') &&  (grep -i ':0*170c' /proc/net/tcp* || nc -vz -w 1 localhost 5900 || /bin/bash -c '</dev/tcp/localhost/5900') ) && exit 0 || sleep 0.1; done},4944d1765067cb0ca03b2131d0388d58396ad796fed138475d832c253e9872dd,<null>,<null>,<null>,<null>,<null>
08:04:56.154 [testcontainers-wait-1] DEBUG com.github.dockerjava.zerodep.shaded.org.apache.hc.client5.http.headers -- http-outgoing-2 >> GET /v1.32/containers/4944d1765067cb0ca03b2131d0388d58396ad796fed138475d832c253e9872dd/json HTTP/1.1
08:04:56.154 [testcontainers-wait-1] DEBUG com.github.dockerjava.zerodep.shaded.org.apache.hc.client5.http.headers -- http-outgoing-2 >> accept: application/json
08:04:56.154 [testcontainers-wait-1] DEBUG com.github.dockerjava.zerodep.shaded.org.apache.hc.client5.http.headers -- http-outgoing-2 >> x-tc-sid: 3e81ff38-c5d8-46ef-80ba-8fe8bfdd672a
08:04:56.154 [testcontainers-wait-1] DEBUG com.github.dockerjava.zerodep.shaded.org.apache.hc.client5.http.headers -- http-outgoing-2 >> User-Agent: tc-java/1.19.3
08:04:56.154 [testcontainers-wait-1] DEBUG com.github.dockerjava.zerodep.shaded.org.apache.hc.client5.http.headers -- http-outgoing-2 >> Accept-Encoding: gzip, x-gzip, deflate
08:04:56.154 [testcontainers-wait-1] DEBUG com.github.dockerjava.zerodep.shaded.org.apache.hc.client5.http.headers -- http-outgoing-2 >> Host: localhost:2375
08:04:56.154 [testcontainers-wait-1] DEBUG com.github.dockerjava.zerodep.shaded.org.apache.hc.client5.http.headers -- http-outgoing-2 >> Connection: keep-alive
08:04:56.154 [testcontainers-wait-1] DEBUG com.github.dockerjava.zerodep.shaded.org.apache.hc.client5.http.wire -- http-outgoing-2 >> "GET /v1.32/containers/4944d1765067cb0ca03b2131d0388d58396ad796fed138475d832c253e9872dd/json HTTP/1.1[\r][\n]"
08:04:56.154 [testcontainers-wait-1] DEBUG com.github.dockerjava.zerodep.shaded.org.apache.hc.client5.http.wire -- http-outgoing-2 >> "accept: application/json[\r][\n]"
08:04:56.154 [testcontainers-wait-1] DEBUG com.github.dockerjava.zerodep.shaded.org.apache.hc.client5.http.wire -- http-outgoing-2 >> "x-tc-sid: 3e81ff38-c5d8-46ef-80ba-8fe8bfdd672a[\r][\n]"
08:04:56.154 [testcontainers-wait-1] DEBUG com.github.dockerjava.zerodep.shaded.org.apache.hc.client5.http.wire -- http-outgoing-2 >> "User-Agent: tc-java/1.19.3[\r][\n]"
08:04:56.154 [testcontainers-wait-1] DEBUG com.github.dockerjava.zerodep.shaded.org.apache.hc.client5.http.wire -- http-outgoing-2 >> "Accept-Encoding: gzip, x-gzip, deflate[\r][\n]"
08:04:56.154 [testcontainers-wait-1] DEBUG com.github.dockerjava.zerodep.shaded.org.apache.hc.client5.http.wire -- http-outgoing-2 >> "Host: localhost:2375[\r][\n]"
08:04:56.154 [testcontainers-wait-1] DEBUG com.github.dockerjava.zerodep.shaded.org.apache.hc.client5.http.wire -- http-outgoing-2 >> "Connection: keep-alive[\r][\n]"
08:04:56.154 [testcontainers-wait-1] DEBUG com.github.dockerjava.zerodep.shaded.org.apache.hc.client5.http.wire -- http-outgoing-2 >> "[\r][\n]"
08:04:56.160 [testcontainers-wait-0] DEBUG com.github.dockerjava.zerodep.shaded.org.apache.hc.client5.http.impl.classic.InternalHttpClient -- ex-00000013: preparing request execution
08:04:56.160 [testcontainers-wait-0] DEBUG com.github.dockerjava.zerodep.shaded.org.apache.hc.client5.http.protocol.RequestAddCookies -- Cookie spec selected: strict
08:04:56.160 [testcontainers-wait-0] DEBUG com.github.dockerjava.zerodep.shaded.org.apache.hc.client5.http.protocol.RequestAuthCache -- Auth cache not set in the context
08:04:56.160 [testcontainers-wait-0] DEBUG com.github.dockerjava.zerodep.shaded.org.apache.hc.client5.http.impl.classic.ProtocolExec -- ex-00000013: target auth state: UNCHALLENGED
08:04:56.160 [testcontainers-wait-0] DEBUG com.github.dockerjava.zerodep.shaded.org.apache.hc.client5.http.impl.classic.ProtocolExec -- ex-00000013: proxy auth state: UNCHALLENGED
08:04:56.160 [testcontainers-wait-0] DEBUG com.github.dockerjava.zerodep.shaded.org.apache.hc.client5.http.impl.classic.ConnectExec -- ex-00000013: acquiring connection with route {}->npipe://localhost:2375
08:04:56.160 [testcontainers-wait-0] DEBUG com.github.dockerjava.zerodep.shaded.org.apache.hc.client5.http.impl.classic.InternalHttpClient -- ex-00000013: acquiring endpoint (3 MINUTES)
08:04:56.160 [testcontainers-wait-0] DEBUG com.github.dockerjava.zerodep.shaded.org.apache.hc.client5.http.impl.io.PoolingHttpClientConnectionManager -- ex-00000013: endpoint lease request (3 MINUTES) [route: {}->npipe://localhost:2375][total available: 0; route allocated: 1 of 2147483647; total allocated: 1 of 2147483647]
08:04:56.161 [testcontainers-wait-0] DEBUG com.github.dockerjava.zerodep.shaded.org.apache.hc.client5.http.impl.io.PoolingHttpClientConnectionManager -- ex-00000013: endpoint leased [route: {}->npipe://localhost:2375][total available: 0; route allocated: 2 of 2147483647; total allocated: 2 of 2147483647]
08:04:56.162 [testcontainers-wait-1] DEBUG com.github.dockerjava.zerodep.shaded.org.apache.hc.client5.http.wire -- http-outgoing-2 << "HTTP/1.1 200 OK[\r][\n]"
08:04:56.162 [testcontainers-wait-1] DEBUG com.github.dockerjava.zerodep.shaded.org.apache.hc.client5.http.wire -- http-outgoing-2 << "Api-Version: 1.47[\r][\n]"
08:04:56.162 [testcontainers-wait-0] DEBUG com.github.dockerjava.zerodep.shaded.org.apache.hc.client5.http.impl.io.PoolingHttpClientConnectionManager -- ex-00000013: acquired ep-00000012
08:04:56.162 [testcontainers-wait-0] DEBUG com.github.dockerjava.zerodep.shaded.org.apache.hc.client5.http.impl.classic.InternalHttpClient -- ex-00000013: acquired endpoint ep-00000012
08:04:56.162 [testcontainers-wait-0] DEBUG com.github.dockerjava.zerodep.shaded.org.apache.hc.client5.http.impl.classic.ConnectExec -- ex-00000013: opening connection {}->npipe://localhost:2375
08:04:56.162 [testcontainers-wait-1] DEBUG com.github.dockerjava.zerodep.shaded.org.apache.hc.client5.http.wire -- http-outgoing-2 << "Content-Type: application/json[\r][\n]"
08:04:56.162 [testcontainers-wait-1] DEBUG com.github.dockerjava.zerodep.shaded.org.apache.hc.client5.http.wire -- http-outgoing-2 << "Date: Fri, 02 May 2025 06:04:56 GMT[\r][\n]"
08:04:56.162 [testcontainers-wait-1] DEBUG com.github.dockerjava.zerodep.shaded.org.apache.hc.client5.http.wire -- http-outgoing-2 << "Docker-Experimental: false[\r][\n]"
08:04:56.162 [testcontainers-wait-0] DEBUG com.github.dockerjava.zerodep.shaded.org.apache.hc.client5.http.impl.classic.InternalHttpClient -- ep-00000012: connecting endpoint (3 MINUTES)
08:04:56.162 [testcontainers-wait-1] DEBUG com.github.dockerjava.zerodep.shaded.org.apache.hc.client5.http.wire -- http-outgoing-2 << "Ostype: linux[\r][\n]"
08:04:56.162 [testcontainers-wait-1] DEBUG com.github.dockerjava.zerodep.shaded.org.apache.hc.client5.http.wire -- http-outgoing-2 << "Server: Docker/27.5.1 (linux)[\r][\n]"
08:04:56.162 [testcontainers-wait-0] DEBUG com.github.dockerjava.zerodep.shaded.org.apache.hc.client5.http.impl.io.PoolingHttpClientConnectionManager -- ep-00000012: connecting endpoint to npipe://localhost:2375 (3 MINUTES)
08:04:56.162 [testcontainers-wait-1] DEBUG com.github.dockerjava.zerodep.shaded.org.apache.hc.client5.http.wire -- http-outgoing-2 << "Transfer-Encoding: chunked[\r][\n]"
08:04:56.162 [testcontainers-wait-1] DEBUG com.github.dockerjava.zerodep.shaded.org.apache.hc.client5.http.wire -- http-outgoing-2 << "[\r][\n]"
08:04:56.162 [testcontainers-wait-1] DEBUG com.github.dockerjava.zerodep.shaded.org.apache.hc.client5.http.headers -- http-outgoing-2 << HTTP/1.1 200 OK
08:04:56.162 [testcontainers-wait-1] DEBUG com.github.dockerjava.zerodep.shaded.org.apache.hc.client5.http.headers -- http-outgoing-2 << Api-Version: 1.47
08:04:56.162 [testcontainers-wait-0] DEBUG com.github.dockerjava.zerodep.shaded.org.apache.hc.client5.http.impl.io.DefaultHttpClientConnectionOperator -- http-outgoing-3: connecting to localhost/127.0.0.1:2375
08:04:56.162 [testcontainers-wait-1] DEBUG com.github.dockerjava.zerodep.shaded.org.apache.hc.client5.http.headers -- http-outgoing-2 << Content-Type: application/json
08:04:56.163 [testcontainers-wait-1] DEBUG com.github.dockerjava.zerodep.shaded.org.apache.hc.client5.http.headers -- http-outgoing-2 << Date: Fri, 02 May 2025 06:04:56 GMT
08:04:56.163 [testcontainers-wait-1] DEBUG com.github.dockerjava.zerodep.shaded.org.apache.hc.client5.http.headers -- http-outgoing-2 << Docker-Experimental: false
08:04:56.163 [testcontainers-wait-1] DEBUG com.github.dockerjava.zerodep.shaded.org.apache.hc.client5.http.headers -- http-outgoing-2 << Ostype: linux
08:04:56.163 [testcontainers-wait-1] DEBUG com.github.dockerjava.zerodep.shaded.org.apache.hc.client5.http.headers -- http-outgoing-2 << Server: Docker/27.5.1 (linux)
08:04:56.163 [testcontainers-wait-1] DEBUG com.github.dockerjava.zerodep.shaded.org.apache.hc.client5.http.headers -- http-outgoing-2 << Transfer-Encoding: chunked
08:04:56.163 [testcontainers-wait-0] DEBUG com.github.dockerjava.zerodep.shaded.org.apache.hc.client5.http.impl.io.DefaultHttpClientConnectionOperator -- http-outgoing-3: connection established 
08:04:56.163 [testcontainers-wait-1] DEBUG com.github.dockerjava.zerodep.shaded.org.apache.hc.client5.http.impl.classic.MainClientExec -- ex-00000012: connection can be kept alive for 3 MINUTES
08:04:56.164 [testcontainers-wait-0] DEBUG com.github.dockerjava.zerodep.shaded.org.apache.hc.client5.http.impl.io.PoolingHttpClientConnectionManager -- ep-00000012: connected http-outgoing-3
08:04:56.164 [testcontainers-wait-0] DEBUG com.github.dockerjava.zerodep.shaded.org.apache.hc.client5.http.impl.classic.InternalHttpClient -- ep-00000012: endpoint connected
08:04:56.164 [testcontainers-wait-0] DEBUG com.github.dockerjava.zerodep.shaded.org.apache.hc.client5.http.impl.classic.MainClientExec -- ex-00000013: executing POST /v1.32/containers/4944d1765067cb0ca03b2131d0388d58396ad796fed138475d832c253e9872dd/exec HTTP/1.1
08:04:56.164 [testcontainers-wait-0] DEBUG com.github.dockerjava.zerodep.shaded.org.apache.hc.client5.http.impl.classic.InternalHttpClient -- ep-00000012: start execution ex-00000013
08:04:56.164 [testcontainers-wait-0] DEBUG com.github.dockerjava.zerodep.shaded.org.apache.hc.client5.http.impl.io.PoolingHttpClientConnectionManager -- ep-00000012: executing exchange ex-00000013 over http-outgoing-3
08:04:56.164 [testcontainers-wait-0] DEBUG com.github.dockerjava.zerodep.shaded.org.apache.hc.client5.http.headers -- http-outgoing-3 >> POST /v1.32/containers/4944d1765067cb0ca03b2131d0388d58396ad796fed138475d832c253e9872dd/exec HTTP/1.1
08:04:56.164 [testcontainers-wait-0] DEBUG com.github.dockerjava.zerodep.shaded.org.apache.hc.client5.http.headers -- http-outgoing-3 >> accept: application/json
08:04:56.164 [testcontainers-wait-0] DEBUG com.github.dockerjava.zerodep.shaded.org.apache.hc.client5.http.headers -- http-outgoing-3 >> content-type: application/json
08:04:56.164 [testcontainers-wait-0] DEBUG com.github.dockerjava.zerodep.shaded.org.apache.hc.client5.http.headers -- http-outgoing-3 >> x-tc-sid: 3e81ff38-c5d8-46ef-80ba-8fe8bfdd672a
08:04:56.164 [testcontainers-wait-0] DEBUG com.github.dockerjava.zerodep.shaded.org.apache.hc.client5.http.headers -- http-outgoing-3 >> User-Agent: tc-java/1.19.3
08:04:56.164 [testcontainers-wait-0] DEBUG com.github.dockerjava.zerodep.shaded.org.apache.hc.client5.http.headers -- http-outgoing-3 >> Accept-Encoding: gzip, x-gzip, deflate
08:04:56.164 [testcontainers-wait-0] DEBUG com.github.dockerjava.zerodep.shaded.org.apache.hc.client5.http.headers -- http-outgoing-3 >> Content-Length: 514
08:04:56.164 [testcontainers-wait-0] DEBUG com.github.dockerjava.zerodep.shaded.org.apache.hc.client5.http.headers -- http-outgoing-3 >> Host: localhost:2375
08:04:56.164 [testcontainers-wait-0] DEBUG com.github.dockerjava.zerodep.shaded.org.apache.hc.client5.http.headers -- http-outgoing-3 >> Connection: keep-alive
08:04:56.164 [testcontainers-wait-0] DEBUG com.github.dockerjava.zerodep.shaded.org.apache.hc.client5.http.wire -- http-outgoing-3 >> "POST /v1.32/containers/4944d1765067cb0ca03b2131d0388d58396ad796fed138475d832c253e9872dd/exec HTTP/1.1[\r][\n]"
08:04:56.164 [testcontainers-wait-0] DEBUG com.github.dockerjava.zerodep.shaded.org.apache.hc.client5.http.wire -- http-outgoing-3 >> "accept: application/json[\r][\n]"
08:04:56.164 [testcontainers-wait-0] DEBUG com.github.dockerjava.zerodep.shaded.org.apache.hc.client5.http.wire -- http-outgoing-3 >> "content-type: application/json[\r][\n]"
08:04:56.164 [testcontainers-wait-0] DEBUG com.github.dockerjava.zerodep.shaded.org.apache.hc.client5.http.wire -- http-outgoing-3 >> "x-tc-sid: 3e81ff38-c5d8-46ef-80ba-8fe8bfdd672a[\r][\n]"
08:04:56.164 [testcontainers-wait-0] DEBUG com.github.dockerjava.zerodep.shaded.org.apache.hc.client5.http.wire -- http-outgoing-3 >> "User-Agent: tc-java/1.19.3[\r][\n]"
08:04:56.164 [testcontainers-wait-0] DEBUG com.github.dockerjava.zerodep.shaded.org.apache.hc.client5.http.wire -- http-outgoing-3 >> "Accept-Encoding: gzip, x-gzip, deflate[\r][\n]"
08:04:56.164 [testcontainers-wait-0] DEBUG com.github.dockerjava.zerodep.shaded.org.apache.hc.client5.http.wire -- http-outgoing-3 >> "Content-Length: 514[\r][\n]"
08:04:56.164 [testcontainers-wait-0] DEBUG com.github.dockerjava.zerodep.shaded.org.apache.hc.client5.http.wire -- http-outgoing-3 >> "Host: localhost:2375[\r][\n]"
08:04:56.164 [testcontainers-wait-0] DEBUG com.github.dockerjava.zerodep.shaded.org.apache.hc.client5.http.wire -- http-outgoing-3 >> "Connection: keep-alive[\r][\n]"
08:04:56.164 [testcontainers-wait-0] DEBUG com.github.dockerjava.zerodep.shaded.org.apache.hc.client5.http.wire -- http-outgoing-3 >> "[\r][\n]"
08:04:56.165 [testcontainers-wait-0] DEBUG com.github.dockerjava.zerodep.shaded.org.apache.hc.client5.http.wire -- http-outgoing-3 >> "{"containerId":"4944d1765067cb0ca03b2131d0388d58396ad796fed138475d832c253e9872dd","AttachStdin":null,"AttachStdout":true,"AttachStderr":true,"Tty":null,"Privileged":null,"User":null,"Cmd":["/bin/sh","-c","while true; do ( true  &&  (grep -i ':0*115c' /proc/net/tcp* || nc -vz -w 1 localhost 4444 || /bin/bash -c '</dev/tcp/localhost/4444') &&  (grep -i ':0*170c' /proc/net/tcp* || nc -vz -w 1 localhost 5900 || /bin/bash -c '</dev/tcp/localhost/5900') ) && exit 0 || sleep 0.1; done"],"Env":null,"WorkingDir":null}"
08:04:56.166 [testcontainers-wait-1] DEBUG com.github.dockerjava.zerodep.shaded.org.apache.hc.client5.http.wire -- http-outgoing-2 << "170c[\r][\n]"
08:04:56.167 [testcontainers-wait-1] DEBUG com.github.dockerjava.zerodep.shaded.org.apache.hc.client5.http.wire -- http-outgoing-2 << "{"Id":"4944d1765067cb0ca03b2131d0388d58396ad796fed138475d832c253e9872dd","Created":"2025-05-02T06:04:51.554608195Z","Path":"/opt/bin/entry_point.sh","Args":[],"State":{"Status":"running","Running":true,"Paused":false,"Restarting":false,"OOMKilled":false,"Dead":false,"Pid":17761,"ExitCode":0,"Error":"","StartedAt":"2025-05-02T06:04:51.774024085Z","FinishedAt":"0001-01-01T00:00:00Z"},"Image":"sha256:98a4acf36526b42162e80e32b36ba7e5cd93e15cb0f2ca510d6fc3fe655edf92","ResolvConfPath":"/var/lib/docker/containers/4944d1765067cb0ca03b2131d0388d58396ad796fed138475d832c253e9872dd/resolv.conf","HostnamePath":"/var/lib/docker/containers/4944d1765067cb0ca03b2131d0388d58396ad796fed138475d832c253e9872dd/hostname","HostsPath":"/var/lib/docker/containers/4944d1765067cb0ca03b2131d0388d58396ad796fed138475d832c253e9872dd/hosts","LogPath":"/var/lib/docker/containers/4944d1765067cb0ca03b2131d0388d58396ad796fed138475d832c253e9872dd/4944d1765067cb0ca03b2131d0388d58396ad796fed138475d832c253e9872dd-json.log","Name":"/inspiring_newton","RestartCount":0,"Driver":"overlayfs","Platform":"linux","MountLabel":"","ProcessLabel":"","AppArmorProfile":"","ExecIDs":null,"HostConfig":{"Binds":[],"ContainerIDFile":"","LogConfig":{"Type":"json-file","Config":{}},"NetworkMode":"b704b6e8f8077f8578449cf0c6e98e04e9e3eea75c6ef53aba4dbe1e0b306329","PortBindings":{"4444/tcp":[{"HostIp":"0.0.0.0","HostPort":"0"}],"5900/tcp":[{"HostIp":"0.0.0.0","HostPort":"0"}]},"RestartPolicy":{"Name":"no","MaximumRetryCount":0},"AutoRemove":false,"VolumeDriver":"","VolumesFrom":[],"ConsoleSize":[0,0],"CapAdd":null,"CapDrop":null,"CgroupnsMode":"host","Dns":null,"DnsOptions":null,"DnsSearch":null,"ExtraHosts":[],"GroupAdd":null,"IpcMode":"shareable","Cgroup":"","Links":null,"OomScoreAdj":0,"PidMode":"","Privileged":false,"PublishAllPorts":false,"ReadonlyRootfs":false,"SecurityOpt":null,"UTSMode":"","UsernsMode":"","ShmSize":536870912,"Runtime":"runc","Isolation":"","CpuShares":0,"Memory":0,"NanoCpus":0,"CgroupParent":"","BlkioWeight":0,"BlkioWeightDevice":null,"BlkioDeviceReadBps":null,"BlkioDeviceWriteBps":null,"BlkioDeviceReadIOps":null,"BlkioDeviceWriteIOps":null,"CpuPeriod":0,"CpuQuota":0,"CpuRealtimePeriod":0,"CpuRealtimeRuntime":0,"CpusetCpus":"","CpusetMems":"","Devices":null,"DeviceCgroupRules":null,"DeviceRequests":null,"MemoryReservation":0,"MemorySwap":0,"MemorySwappiness":null,"OomKillDisable":false,"PidsLimit":null,"Ulimits":null,"CpuCount":0,"CpuPercent":0,"IOMaximumIOps":0,"IOMaximumBandwidth":0,"MaskedPaths":["/proc/asound","/proc/acpi","/proc/kcore","/proc/keys","/proc/latency_stats","/proc/timer_list","/proc/timer_stats","/proc/sched_debug","/proc/scsi","/sys/firmware","/sys/devices/virtual/powercap"],"ReadonlyPaths":["/proc/bus","/proc/fs","/proc/irq","/proc/sys","/proc/sysrq-trigger"]},"GraphDriver":{"Data":null,"Name":"overlayfs"},"Mounts":[],"Config":{"Hostname":"4944d1765067","Domainname":"","User":"1200","AttachStdin":false,"AttachStdout":false,"AttachStderr":false,"ExposedPorts":{"4444/tcp":{},"5900/tcp":{}},"Tty":false,"OpenStdin":false,"StdinOnce":false,"Env":["no_proxy=localhost","TZ=Europe/Madrid","PATH=/usr/local/sbin:/usr/local/bin:/usr/sbin:/usr/bin:/sbin:/bin","DEBIAN_FRONTEND=noninteractive","DEBCONF_NONINTERACTIVE_SEEN=true","SEL_USER=seluser","SEL_UID=1200","SEL_GID=1201","HOME=/home/seluser","SEL_DOWNLOAD_DIR=/Downloads","SE_BIND_HOST=false","SE_REJECT_UNSUPPORTED_CAPS=false","SE_OTEL_JAVA_GLOBAL_AUTOCONFIGURE_ENABLED=true","SE_OTEL_TRACES_EXPORTER=otlp","LANG_WHICH=en","LANG_WHERE=US","ENCODING=UTF-8","LANGUAGE=en_US.UTF-8","LANG=","SE_ENABLE_BROWSER_LEFTOVERS_CLEANUP=false","SE_BROWSER_LEFTOVERS_INTERVAL_SECS=3600","SE_BROWSER_LEFTOVERS_PROCESSES_SECS=7200","SE_BROWSER_LEFTOVERS_TEMPFILES_DAYS=1","SE_DRAIN_AFTER_SESSION_COUNT=0","SE_NODE_MAX_SESSIONS=1","SE_NODE_SESSION_TIMEOUT=300","SE_NODE_OVERRIDE_MAX_SESSIONS=false","SE_NODE_HEARTBEAT_PERIOD=30","SE_OTEL_SERVICE_NAME=selenium-standalone","SE_OFFLINE=true","SE_SCREEN_WIDTH=1360","SE_SCREEN_HEIGHT=1020","SE_SCREEN_DEPTH=24","SE_SCREEN_DPI=96","SE_START_XVFB=true","SE_START_VNC=true","SE_"
08:04:56.169 [testcontainers-wait-1] DEBUG com.github.dockerjava.zerodep.shaded.org.apache.hc.client5.http.wire -- http-outgoing-2 << "START_NO_VNC=true","SE_NO_VNC_PORT=7900","SE_VNC_PORT=5900","DISPLAY=:99.0","DISPLAY_NUM=99","CONFIG_FILE=/opt/selenium/config.toml","GENERATE_CONFIG=true","DBUS_SESSION_BUS_ADDRESS=/dev/null","SE_SESSION_REQUEST_TIMEOUT=300","SE_SESSION_RETRY_INTERVAL=15","SE_HEALTHCHECK_INTERVAL=120","SE_RELAX_CHECKS=true"],"Cmd":["/opt/bin/entry_point.sh"],"Image":"selenium/standalone-chrome:4.20.0","Volumes":null,"WorkingDir":"","Entrypoint":null,"OnBuild":null,"Labels":{"authors":"","org.opencontainers.image.ref.name":"ubuntu","org.opencontainers.image.version":"22.04","org.testcontainers":"true","org.testcontainers.lang":"java","org.testcontainers.sessionId":"3e81ff38-c5d8-46ef-80ba-8fe8bfdd672a","org.testcontainers.version":"1.19.3"}},"NetworkSettings":{"Bridge":"","SandboxID":"b5789a38b7437e7d2996be2434696e4301025e73bb870dd6105a39d11326b58e","SandboxKey":"/var/run/docker/netns/b5789a38b743","Ports":{"4444/tcp":[{"HostIp":"0.0.0.0","HostPort":"60279"}],"5900/tcp":[{"HostIp":"0.0.0.0","HostPort":"60280"}]},"HairpinMode":false,"LinkLocalIPv6Address":"","LinkLocalIPv6PrefixLen":0,"SecondaryIPAddresses":null,"SecondaryIPv6Addresses":null,"EndpointID":"","Gateway":"","GlobalIPv6Address":"","GlobalIPv6PrefixLen":0,"IPAddress":"","IPPrefixLen":0,"IPv6Gateway":"","MacAddress":"","Networks":{"dd79b24f-5dea-4620-b1e4-b05cb2db2118":{"IPAMConfig":null,"Links":null,"Aliases":["tc-oMUVLb15","4944d1765067"],"MacAddress":"02:42:ac:13:00:02","DriverOpts":null,"NetworkID":"b704b6e8f8077f8578449cf0c6e98e04e9e3eea75c6ef53aba4dbe1e0b306329","EndpointID":"f3bb68c7db3e01c970087e1cb8bf5d2528e6556387ce5789dd626a80300af06e","Gateway":"172.19.0.1","IPAddress":"172.19.0.2","IPPrefixLen":16,"IPv6Gateway":"","GlobalIPv6Address":"","GlobalIPv6PrefixLen":0,"DNSNames":["inspiring_newton","tc-oMUVLb15","4944d1765067"]}}}}[\n]"
08:04:56.176 [testcontainers-wait-1] DEBUG com.github.dockerjava.zerodep.shaded.org.apache.hc.client5.http.wire -- http-outgoing-2 << "[\r][\n]"
08:04:56.176 [testcontainers-wait-1] DEBUG com.github.dockerjava.zerodep.shaded.org.apache.hc.client5.http.wire -- http-outgoing-2 << "0[\r][\n]"
08:04:56.176 [testcontainers-wait-1] DEBUG com.github.dockerjava.zerodep.shaded.org.apache.hc.client5.http.wire -- http-outgoing-2 << "[\r][\n]"
08:04:56.177 [testcontainers-wait-1] DEBUG com.github.dockerjava.zerodep.shaded.org.apache.hc.client5.http.impl.classic.InternalHttpClient -- ep-00000011: releasing valid endpoint
08:04:56.177 [testcontainers-wait-1] DEBUG com.github.dockerjava.zerodep.shaded.org.apache.hc.client5.http.impl.io.PoolingHttpClientConnectionManager -- ep-00000011: releasing endpoint
08:04:56.177 [testcontainers-wait-1] DEBUG com.github.dockerjava.zerodep.shaded.org.apache.hc.client5.http.impl.io.PoolingHttpClientConnectionManager -- ep-00000011: connection http-outgoing-2 can be kept alive for 3 MINUTES
08:04:56.177 [testcontainers-wait-0] DEBUG com.github.dockerjava.zerodep.shaded.org.apache.hc.client5.http.wire -- http-outgoing-3 << "HTTP/1.1 201 Created[\r][\n]"
08:04:56.177 [testcontainers-wait-0] DEBUG com.github.dockerjava.zerodep.shaded.org.apache.hc.client5.http.wire -- http-outgoing-3 << "Api-Version: 1.47[\r][\n]"
08:04:56.177 [testcontainers-wait-1] DEBUG com.github.dockerjava.zerodep.shaded.org.apache.hc.client5.http.impl.io.PoolingHttpClientConnectionManager -- ep-00000011: connection released [route: {}->npipe://localhost:2375][total available: 1; route allocated: 2 of 2147483647; total allocated: 2 of 2147483647]
08:04:56.178 [testcontainers-wait-0] DEBUG com.github.dockerjava.zerodep.shaded.org.apache.hc.client5.http.wire -- http-outgoing-3 << "Content-Type: application/json[\r][\n]"
08:04:56.178 [testcontainers-wait-0] DEBUG com.github.dockerjava.zerodep.shaded.org.apache.hc.client5.http.wire -- http-outgoing-3 << "Date: Fri, 02 May 2025 06:04:56 GMT[\r][\n]"
08:04:56.178 [testcontainers-wait-0] DEBUG com.github.dockerjava.zerodep.shaded.org.apache.hc.client5.http.wire -- http-outgoing-3 << "Docker-Experimental: false[\r][\n]"
08:04:56.178 [testcontainers-wait-0] DEBUG com.github.dockerjava.zerodep.shaded.org.apache.hc.client5.http.wire -- http-outgoing-3 << "Ostype: linux[\r][\n]"
08:04:56.178 [testcontainers-wait-0] DEBUG com.github.dockerjava.zerodep.shaded.org.apache.hc.client5.http.wire -- http-outgoing-3 << "Server: Docker/27.5.1 (linux)[\r][\n]"
08:04:56.178 [testcontainers-wait-0] DEBUG com.github.dockerjava.zerodep.shaded.org.apache.hc.client5.http.wire -- http-outgoing-3 << "Transfer-Encoding: chunked[\r][\n]"
08:04:56.178 [testcontainers-wait-0] DEBUG com.github.dockerjava.zerodep.shaded.org.apache.hc.client5.http.wire -- http-outgoing-3 << "[\r][\n]"
08:04:56.178 [testcontainers-wait-0] DEBUG com.github.dockerjava.zerodep.shaded.org.apache.hc.client5.http.headers -- http-outgoing-3 << HTTP/1.1 201 Created
08:04:56.178 [testcontainers-wait-0] DEBUG com.github.dockerjava.zerodep.shaded.org.apache.hc.client5.http.headers -- http-outgoing-3 << Api-Version: 1.47
08:04:56.178 [testcontainers-wait-0] DEBUG com.github.dockerjava.zerodep.shaded.org.apache.hc.client5.http.headers -- http-outgoing-3 << Content-Type: application/json
08:04:56.178 [testcontainers-wait-0] DEBUG com.github.dockerjava.zerodep.shaded.org.apache.hc.client5.http.headers -- http-outgoing-3 << Date: Fri, 02 May 2025 06:04:56 GMT
08:04:56.178 [testcontainers-wait-0] DEBUG com.github.dockerjava.zerodep.shaded.org.apache.hc.client5.http.headers -- http-outgoing-3 << Docker-Experimental: false
08:04:56.178 [testcontainers-wait-0] DEBUG com.github.dockerjava.zerodep.shaded.org.apache.hc.client5.http.headers -- http-outgoing-3 << Ostype: linux
08:04:56.178 [testcontainers-wait-0] DEBUG com.github.dockerjava.zerodep.shaded.org.apache.hc.client5.http.headers -- http-outgoing-3 << Server: Docker/27.5.1 (linux)
08:04:56.178 [testcontainers-wait-0] DEBUG com.github.dockerjava.zerodep.shaded.org.apache.hc.client5.http.headers -- http-outgoing-3 << Transfer-Encoding: chunked
08:04:56.179 [testcontainers-wait-0] DEBUG com.github.dockerjava.zerodep.shaded.org.apache.hc.client5.http.impl.classic.MainClientExec -- ex-00000013: connection can be kept alive for 3 MINUTES
08:04:56.179 [testcontainers-wait-0] DEBUG com.github.dockerjava.zerodep.shaded.org.apache.hc.client5.http.wire -- http-outgoing-3 << "4a[\r][\n]"
08:04:56.179 [testcontainers-wait-0] DEBUG com.github.dockerjava.zerodep.shaded.org.apache.hc.client5.http.wire -- http-outgoing-3 << "{"Id":"3a592e4528b46b951e8d789b732b47865a590718e52808e797b2f1e3e43cc404"}[\n]"
08:04:56.179 [testcontainers-wait-0] DEBUG com.github.dockerjava.zerodep.shaded.org.apache.hc.client5.http.wire -- http-outgoing-3 << "[\r][\n]"
08:04:56.179 [testcontainers-wait-0] DEBUG com.github.dockerjava.zerodep.shaded.org.apache.hc.client5.http.wire -- http-outgoing-3 << "0[\r][\n]"
08:04:56.179 [testcontainers-wait-0] DEBUG com.github.dockerjava.zerodep.shaded.org.apache.hc.client5.http.wire -- http-outgoing-3 << "[\r][\n]"
08:04:56.184 [testcontainers-wait-0] DEBUG com.github.dockerjava.zerodep.shaded.org.apache.hc.client5.http.impl.classic.InternalHttpClient -- ep-00000012: releasing valid endpoint
08:04:56.184 [testcontainers-wait-0] DEBUG com.github.dockerjava.zerodep.shaded.org.apache.hc.client5.http.impl.io.PoolingHttpClientConnectionManager -- ep-00000012: releasing endpoint
08:04:56.184 [testcontainers-wait-0] DEBUG com.github.dockerjava.zerodep.shaded.org.apache.hc.client5.http.impl.io.PoolingHttpClientConnectionManager -- ep-00000012: connection http-outgoing-3 can be kept alive for 3 MINUTES
08:04:56.184 [testcontainers-wait-0] DEBUG com.github.dockerjava.zerodep.shaded.org.apache.hc.client5.http.impl.io.PoolingHttpClientConnectionManager -- ep-00000012: connection released [route: {}->npipe://localhost:2375][total available: 2; route allocated: 2 of 2147483647; total allocated: 2 of 2147483647]
08:04:56.187 [testcontainers-wait-1] DEBUG org.testcontainers.containers.wait.strategy.HostPortWaitStrategy -- External port check passed for [4444, 5900] mapped as [60279, 60280] in PT0.0400199S
08:04:56.195 [docker-java-stream-1804189574] DEBUG com.github.dockerjava.zerodep.shaded.org.apache.hc.client5.http.impl.classic.InternalHttpClient -- ex-00000014: preparing request execution
08:04:56.197 [docker-java-stream-1804189574] DEBUG com.github.dockerjava.zerodep.shaded.org.apache.hc.client5.http.protocol.RequestAddCookies -- Cookie spec selected: strict
08:04:56.198 [docker-java-stream-1804189574] DEBUG com.github.dockerjava.zerodep.shaded.org.apache.hc.client5.http.protocol.RequestAuthCache -- Auth cache not set in the context
08:04:56.198 [docker-java-stream-1804189574] DEBUG com.github.dockerjava.zerodep.shaded.org.apache.hc.client5.http.impl.classic.ProtocolExec -- ex-00000014: target auth state: UNCHALLENGED
08:04:56.198 [docker-java-stream-1804189574] DEBUG com.github.dockerjava.zerodep.shaded.org.apache.hc.client5.http.impl.classic.ProtocolExec -- ex-00000014: proxy auth state: UNCHALLENGED
08:04:56.198 [docker-java-stream-1804189574] DEBUG com.github.dockerjava.zerodep.shaded.org.apache.hc.client5.http.impl.classic.ConnectExec -- ex-00000014: acquiring connection with route {}->npipe://localhost:2375
08:04:56.198 [docker-java-stream-1804189574] DEBUG com.github.dockerjava.zerodep.shaded.org.apache.hc.client5.http.impl.classic.InternalHttpClient -- ex-00000014: acquiring endpoint (3 MINUTES)
08:04:56.199 [docker-java-stream-1804189574] DEBUG com.github.dockerjava.zerodep.shaded.org.apache.hc.client5.http.impl.io.PoolingHttpClientConnectionManager -- ex-00000014: endpoint lease request (3 MINUTES) [route: {}->npipe://localhost:2375][total available: 2; route allocated: 2 of 2147483647; total allocated: 2 of 2147483647]
08:04:56.201 [docker-java-stream-1804189574] DEBUG com.github.dockerjava.zerodep.shaded.org.apache.hc.client5.http.impl.io.PoolingHttpClientConnectionManager -- ex-00000014: endpoint leased [route: {}->npipe://localhost:2375][total available: 1; route allocated: 2 of 2147483647; total allocated: 2 of 2147483647]
08:04:56.201 [docker-java-stream-1804189574] DEBUG com.github.dockerjava.zerodep.shaded.org.apache.hc.client5.http.impl.io.PoolingHttpClientConnectionManager -- ex-00000014: acquired ep-00000013
08:04:56.202 [docker-java-stream-1804189574] DEBUG com.github.dockerjava.zerodep.shaded.org.apache.hc.client5.http.impl.classic.InternalHttpClient -- ex-00000014: acquired endpoint ep-00000013
08:04:56.202 [docker-java-stream-1804189574] DEBUG com.github.dockerjava.zerodep.shaded.org.apache.hc.client5.http.impl.classic.MainClientExec -- ex-00000014: executing POST /v1.32/exec/3a592e4528b46b951e8d789b732b47865a590718e52808e797b2f1e3e43cc404/start HTTP/1.1
08:04:56.202 [docker-java-stream-1804189574] DEBUG com.github.dockerjava.zerodep.shaded.org.apache.hc.client5.http.impl.classic.InternalHttpClient -- ep-00000013: start execution ex-00000014
08:04:56.202 [docker-java-stream-1804189574] DEBUG com.github.dockerjava.zerodep.shaded.org.apache.hc.client5.http.impl.io.PoolingHttpClientConnectionManager -- ep-00000013: executing exchange ex-00000014 over http-outgoing-3
08:04:56.202 [docker-java-stream-1804189574] DEBUG com.github.dockerjava.zerodep.shaded.org.apache.hc.client5.http.headers -- http-outgoing-3 >> POST /v1.32/exec/3a592e4528b46b951e8d789b732b47865a590718e52808e797b2f1e3e43cc404/start HTTP/1.1
08:04:56.202 [docker-java-stream-1804189574] DEBUG com.github.dockerjava.zerodep.shaded.org.apache.hc.client5.http.headers -- http-outgoing-3 >> accept: application/json
08:04:56.202 [docker-java-stream-1804189574] DEBUG com.github.dockerjava.zerodep.shaded.org.apache.hc.client5.http.headers -- http-outgoing-3 >> content-type: application/json
08:04:56.202 [docker-java-stream-1804189574] DEBUG com.github.dockerjava.zerodep.shaded.org.apache.hc.client5.http.headers -- http-outgoing-3 >> x-tc-sid: 3e81ff38-c5d8-46ef-80ba-8fe8bfdd672a
08:04:56.202 [docker-java-stream-1804189574] DEBUG com.github.dockerjava.zerodep.shaded.org.apache.hc.client5.http.headers -- http-outgoing-3 >> User-Agent: tc-java/1.19.3
08:04:56.202 [docker-java-stream-1804189574] DEBUG com.github.dockerjava.zerodep.shaded.org.apache.hc.client5.http.headers -- http-outgoing-3 >> Accept-Encoding: gzip, x-gzip, deflate
08:04:56.202 [docker-java-stream-1804189574] DEBUG com.github.dockerjava.zerodep.shaded.org.apache.hc.client5.http.headers -- http-outgoing-3 >> Content-Length: 26
08:04:56.202 [docker-java-stream-1804189574] DEBUG com.github.dockerjava.zerodep.shaded.org.apache.hc.client5.http.headers -- http-outgoing-3 >> Host: localhost:2375
08:04:56.202 [docker-java-stream-1804189574] DEBUG com.github.dockerjava.zerodep.shaded.org.apache.hc.client5.http.headers -- http-outgoing-3 >> Connection: keep-alive
08:04:56.202 [docker-java-stream-1804189574] DEBUG com.github.dockerjava.zerodep.shaded.org.apache.hc.client5.http.wire -- http-outgoing-3 >> "POST /v1.32/exec/3a592e4528b46b951e8d789b732b47865a590718e52808e797b2f1e3e43cc404/start HTTP/1.1[\r][\n]"
08:04:56.202 [docker-java-stream-1804189574] DEBUG com.github.dockerjava.zerodep.shaded.org.apache.hc.client5.http.wire -- http-outgoing-3 >> "accept: application/json[\r][\n]"
08:04:56.202 [docker-java-stream-1804189574] DEBUG com.github.dockerjava.zerodep.shaded.org.apache.hc.client5.http.wire -- http-outgoing-3 >> "content-type: application/json[\r][\n]"
08:04:56.202 [docker-java-stream-1804189574] DEBUG com.github.dockerjava.zerodep.shaded.org.apache.hc.client5.http.wire -- http-outgoing-3 >> "x-tc-sid: 3e81ff38-c5d8-46ef-80ba-8fe8bfdd672a[\r][\n]"
08:04:56.202 [docker-java-stream-1804189574] DEBUG com.github.dockerjava.zerodep.shaded.org.apache.hc.client5.http.wire -- http-outgoing-3 >> "User-Agent: tc-java/1.19.3[\r][\n]"
08:04:56.202 [docker-java-stream-1804189574] DEBUG com.github.dockerjava.zerodep.shaded.org.apache.hc.client5.http.wire -- http-outgoing-3 >> "Accept-Encoding: gzip, x-gzip, deflate[\r][\n]"
08:04:56.202 [docker-java-stream-1804189574] DEBUG com.github.dockerjava.zerodep.shaded.org.apache.hc.client5.http.wire -- http-outgoing-3 >> "Content-Length: 26[\r][\n]"
08:04:56.203 [docker-java-stream-1804189574] DEBUG com.github.dockerjava.zerodep.shaded.org.apache.hc.client5.http.wire -- http-outgoing-3 >> "Host: localhost:2375[\r][\n]"
08:04:56.203 [docker-java-stream-1804189574] DEBUG com.github.dockerjava.zerodep.shaded.org.apache.hc.client5.http.wire -- http-outgoing-3 >> "Connection: keep-alive[\r][\n]"
08:04:56.203 [docker-java-stream-1804189574] DEBUG com.github.dockerjava.zerodep.shaded.org.apache.hc.client5.http.wire -- http-outgoing-3 >> "[\r][\n]"
08:04:56.203 [docker-java-stream-1804189574] DEBUG com.github.dockerjava.zerodep.shaded.org.apache.hc.client5.http.wire -- http-outgoing-3 >> "{"Detach":null,"Tty":null}"
08:04:56.209 [docker-java-stream-1804189574] DEBUG com.github.dockerjava.zerodep.shaded.org.apache.hc.client5.http.wire -- http-outgoing-3 << "HTTP/1.1 200 OK[\r][\n]"
08:04:56.210 [docker-java-stream-1804189574] DEBUG com.github.dockerjava.zerodep.shaded.org.apache.hc.client5.http.wire -- http-outgoing-3 << "Api-Version: 1.47[\r][\n]"
08:04:56.210 [docker-java-stream-1804189574] DEBUG com.github.dockerjava.zerodep.shaded.org.apache.hc.client5.http.wire -- http-outgoing-3 << "Content-Type: application/vnd.docker.raw-stream[\r][\n]"
08:04:56.210 [docker-java-stream-1804189574] DEBUG com.github.dockerjava.zerodep.shaded.org.apache.hc.client5.http.wire -- http-outgoing-3 << "Date: Fri, 02 May 2025 06:04:56 GMT[\r][\n]"
08:04:56.210 [docker-java-stream-1804189574] DEBUG com.github.dockerjava.zerodep.shaded.org.apache.hc.client5.http.wire -- http-outgoing-3 << "Docker-Experimental: false[\r][\n]"
08:04:56.210 [docker-java-stream-1804189574] DEBUG com.github.dockerjava.zerodep.shaded.org.apache.hc.client5.http.wire -- http-outgoing-3 << "Ostype: linux[\r][\n]"
08:04:56.211 [docker-java-stream-1804189574] DEBUG com.github.dockerjava.zerodep.shaded.org.apache.hc.client5.http.wire -- http-outgoing-3 << "Server: Docker/27.5.1 (linux)[\r][\n]"
08:04:56.211 [docker-java-stream-1804189574] DEBUG com.github.dockerjava.zerodep.shaded.org.apache.hc.client5.http.wire -- http-outgoing-3 << "Transfer-Encoding: chunked[\r][\n]"
08:04:56.212 [docker-java-stream-1804189574] DEBUG com.github.dockerjava.zerodep.shaded.org.apache.hc.client5.http.wire -- http-outgoing-3 << "[\r][\n]"
08:04:56.212 [docker-java-stream-1804189574] DEBUG com.github.dockerjava.zerodep.shaded.org.apache.hc.client5.http.headers -- http-outgoing-3 << HTTP/1.1 200 OK
08:04:56.212 [docker-java-stream-1804189574] DEBUG com.github.dockerjava.zerodep.shaded.org.apache.hc.client5.http.headers -- http-outgoing-3 << Api-Version: 1.47
08:04:56.212 [docker-java-stream-1804189574] DEBUG com.github.dockerjava.zerodep.shaded.org.apache.hc.client5.http.headers -- http-outgoing-3 << Content-Type: application/vnd.docker.raw-stream
08:04:56.212 [docker-java-stream-1804189574] DEBUG com.github.dockerjava.zerodep.shaded.org.apache.hc.client5.http.headers -- http-outgoing-3 << Date: Fri, 02 May 2025 06:04:56 GMT
08:04:56.212 [docker-java-stream-1804189574] DEBUG com.github.dockerjava.zerodep.shaded.org.apache.hc.client5.http.headers -- http-outgoing-3 << Docker-Experimental: false
08:04:56.213 [docker-java-stream-1804189574] DEBUG com.github.dockerjava.zerodep.shaded.org.apache.hc.client5.http.headers -- http-outgoing-3 << Ostype: linux
08:04:56.213 [docker-java-stream-1804189574] DEBUG com.github.dockerjava.zerodep.shaded.org.apache.hc.client5.http.headers -- http-outgoing-3 << Server: Docker/27.5.1 (linux)
08:04:56.213 [docker-java-stream-1804189574] DEBUG com.github.dockerjava.zerodep.shaded.org.apache.hc.client5.http.headers -- http-outgoing-3 << Transfer-Encoding: chunked
08:04:56.213 [docker-java-stream-1804189574] DEBUG com.github.dockerjava.zerodep.shaded.org.apache.hc.client5.http.impl.classic.MainClientExec -- ex-00000014: connection can be kept alive for 3 MINUTES
08:04:56.248 [docker-java-stream-1804189574] DEBUG com.github.dockerjava.zerodep.shaded.org.apache.hc.client5.http.wire -- http-outgoing-3 << "18a[\r][\n]"
08:04:56.249 [docker-java-stream-1804189574] DEBUG com.github.dockerjava.zerodep.shaded.org.apache.hc.client5.http.wire -- http-outgoing-3 << "[0x1][0x0][0x0][0x0][0x0][0x0][0x1][0xffffff82]/proc/net/tcp6:   2: 00000000000000000000000000000000:115C 00000000000000000000000000000000:0000 0A 00000000:00000000 00:00000000 00000000  1200        0 149594 1 0000000000000000 100 0 0 10 0[\n]"
08:04:56.249 [docker-java-stream-1804189574] DEBUG com.github.dockerjava.zerodep.shaded.org.apache.hc.client5.http.wire -- http-outgoing-3 << "/proc/net/tcp6:   3: 0000000000000000FFFF0000020013AC:115C 0000000000000000FFFF0000010013AC:DF5C 08 00000000:00000001 00:00000000 00000000  1200        0 145075 1 0000000000000000 21 4 0 10 -1[\n]"
08:04:56.249 [docker-java-stream-1804189574] DEBUG com.github.dockerjava.zerodep.shaded.org.apache.hc.client5.http.wire -- http-outgoing-3 << "[\r][\n]"
08:04:56.250 [docker-java-stream-1804189574] DEBUG com.github.dockerjava.zerodep.shaded.org.apache.hc.client5.http.wire -- http-outgoing-3 << "16d[\r][\n]"
08:04:56.250 [docker-java-stream-1804189574] DEBUG com.github.dockerjava.zerodep.shaded.org.apache.hc.client5.http.wire -- http-outgoing-3 << "[0x1][0x0][0x0][0x0][0x0][0x0][0x1]e/proc/net/tcp:   1: 00000000:170C 00000000:0000 0A 00000000:00000000 00:00000000 00000000  1200        0 148610 1 0000000000000000 100 0 0 10 0                    [\n]"
08:04:56.250 [docker-java-stream-1804189574] DEBUG com.github.dockerjava.zerodep.shaded.org.apache.hc.client5.http.wire -- http-outgoing-3 << "/proc/net/tcp6:   1: 00000000000000000000000000000000:170C 00000000000000000000000000000000:0000 0A 00000000:00000000 00:00000000 00000000  1200        0 148611 1 0000000000000000 100 0 0 10 0[\n]"
08:04:56.250 [docker-java-stream-1804189574] DEBUG com.github.dockerjava.zerodep.shaded.org.apache.hc.client5.http.wire -- http-outgoing-3 << "[\r][\n]"
08:04:56.253 [docker-java-stream-1804189574] DEBUG com.github.dockerjava.zerodep.shaded.org.apache.hc.client5.http.wire -- http-outgoing-3 << "0[\r][\n]"
08:04:56.253 [docker-java-stream-1804189574] DEBUG com.github.dockerjava.zerodep.shaded.org.apache.hc.client5.http.wire -- http-outgoing-3 << "[\r][\n]"
08:04:56.253 [docker-java-stream-1804189574] DEBUG com.github.dockerjava.zerodep.shaded.org.apache.hc.client5.http.impl.classic.InternalHttpClient -- ep-00000013: releasing valid endpoint
08:04:56.253 [docker-java-stream-1804189574] DEBUG com.github.dockerjava.zerodep.shaded.org.apache.hc.client5.http.impl.io.PoolingHttpClientConnectionManager -- ep-00000013: releasing endpoint
08:04:56.253 [docker-java-stream-1804189574] DEBUG com.github.dockerjava.zerodep.shaded.org.apache.hc.client5.http.impl.io.PoolingHttpClientConnectionManager -- ep-00000013: connection http-outgoing-3 can be kept alive for 3 MINUTES
08:04:56.253 [docker-java-stream-1804189574] DEBUG com.github.dockerjava.zerodep.shaded.org.apache.hc.client5.http.impl.io.PoolingHttpClientConnectionManager -- ep-00000013: connection released [route: {}->npipe://localhost:2375][total available: 2; route allocated: 2 of 2147483647; total allocated: 2 of 2147483647]
08:04:56.256 [testcontainers-wait-0] DEBUG org.testcontainers.shaded.com.github.dockerjava.core.command.AbstrDockerCmd -- Cmd: 3a592e4528b46b951e8d789b732b47865a590718e52808e797b2f1e3e43cc404
08:04:56.256 [testcontainers-wait-0] DEBUG org.testcontainers.shaded.com.github.dockerjava.core.exec.InspectExecCmdExec -- GET: DefaultWebTarget{path=[/exec/3a592e4528b46b951e8d789b732b47865a590718e52808e797b2f1e3e43cc404/json], queryParams={}}
08:04:56.257 [testcontainers-wait-0] DEBUG com.github.dockerjava.zerodep.shaded.org.apache.hc.client5.http.impl.classic.InternalHttpClient -- ex-00000015: preparing request execution
08:04:56.257 [testcontainers-wait-0] DEBUG com.github.dockerjava.zerodep.shaded.org.apache.hc.client5.http.protocol.RequestAddCookies -- Cookie spec selected: strict
08:04:56.257 [testcontainers-wait-0] DEBUG com.github.dockerjava.zerodep.shaded.org.apache.hc.client5.http.protocol.RequestAuthCache -- Auth cache not set in the context
08:04:56.257 [testcontainers-wait-0] DEBUG com.github.dockerjava.zerodep.shaded.org.apache.hc.client5.http.impl.classic.ProtocolExec -- ex-00000015: target auth state: UNCHALLENGED
08:04:56.257 [testcontainers-wait-0] DEBUG com.github.dockerjava.zerodep.shaded.org.apache.hc.client5.http.impl.classic.ProtocolExec -- ex-00000015: proxy auth state: UNCHALLENGED
08:04:56.257 [testcontainers-wait-0] DEBUG com.github.dockerjava.zerodep.shaded.org.apache.hc.client5.http.impl.classic.ConnectExec -- ex-00000015: acquiring connection with route {}->npipe://localhost:2375
08:04:56.257 [testcontainers-wait-0] DEBUG com.github.dockerjava.zerodep.shaded.org.apache.hc.client5.http.impl.classic.InternalHttpClient -- ex-00000015: acquiring endpoint (3 MINUTES)
08:04:56.258 [testcontainers-wait-0] DEBUG com.github.dockerjava.zerodep.shaded.org.apache.hc.client5.http.impl.io.PoolingHttpClientConnectionManager -- ex-00000015: endpoint lease request (3 MINUTES) [route: {}->npipe://localhost:2375][total available: 2; route allocated: 2 of 2147483647; total allocated: 2 of 2147483647]
08:04:56.258 [testcontainers-wait-0] DEBUG com.github.dockerjava.zerodep.shaded.org.apache.hc.client5.http.impl.io.PoolingHttpClientConnectionManager -- ex-00000015: endpoint leased [route: {}->npipe://localhost:2375][total available: 1; route allocated: 2 of 2147483647; total allocated: 2 of 2147483647]
08:04:56.258 [testcontainers-wait-0] DEBUG com.github.dockerjava.zerodep.shaded.org.apache.hc.client5.http.impl.io.PoolingHttpClientConnectionManager -- ex-00000015: acquired ep-00000014
08:04:56.258 [testcontainers-wait-0] DEBUG com.github.dockerjava.zerodep.shaded.org.apache.hc.client5.http.impl.classic.InternalHttpClient -- ex-00000015: acquired endpoint ep-00000014
08:04:56.258 [testcontainers-wait-0] DEBUG com.github.dockerjava.zerodep.shaded.org.apache.hc.client5.http.impl.classic.MainClientExec -- ex-00000015: executing GET /v1.32/exec/3a592e4528b46b951e8d789b732b47865a590718e52808e797b2f1e3e43cc404/json HTTP/1.1
08:04:56.258 [testcontainers-wait-0] DEBUG com.github.dockerjava.zerodep.shaded.org.apache.hc.client5.http.impl.classic.InternalHttpClient -- ep-00000014: start execution ex-00000015
08:04:56.258 [testcontainers-wait-0] DEBUG com.github.dockerjava.zerodep.shaded.org.apache.hc.client5.http.impl.io.PoolingHttpClientConnectionManager -- ep-00000014: executing exchange ex-00000015 over http-outgoing-3
08:04:56.258 [testcontainers-wait-0] DEBUG com.github.dockerjava.zerodep.shaded.org.apache.hc.client5.http.headers -- http-outgoing-3 >> GET /v1.32/exec/3a592e4528b46b951e8d789b732b47865a590718e52808e797b2f1e3e43cc404/json HTTP/1.1
08:04:56.258 [testcontainers-wait-0] DEBUG com.github.dockerjava.zerodep.shaded.org.apache.hc.client5.http.headers -- http-outgoing-3 >> accept: application/json
08:04:56.258 [testcontainers-wait-0] DEBUG com.github.dockerjava.zerodep.shaded.org.apache.hc.client5.http.headers -- http-outgoing-3 >> x-tc-sid: 3e81ff38-c5d8-46ef-80ba-8fe8bfdd672a
08:04:56.258 [testcontainers-wait-0] DEBUG com.github.dockerjava.zerodep.shaded.org.apache.hc.client5.http.headers -- http-outgoing-3 >> User-Agent: tc-java/1.19.3
08:04:56.258 [testcontainers-wait-0] DEBUG com.github.dockerjava.zerodep.shaded.org.apache.hc.client5.http.headers -- http-outgoing-3 >> Accept-Encoding: gzip, x-gzip, deflate
08:04:56.258 [testcontainers-wait-0] DEBUG com.github.dockerjava.zerodep.shaded.org.apache.hc.client5.http.headers -- http-outgoing-3 >> Host: localhost:2375
08:04:56.258 [testcontainers-wait-0] DEBUG com.github.dockerjava.zerodep.shaded.org.apache.hc.client5.http.headers -- http-outgoing-3 >> Connection: keep-alive
08:04:56.258 [testcontainers-wait-0] DEBUG com.github.dockerjava.zerodep.shaded.org.apache.hc.client5.http.wire -- http-outgoing-3 >> "GET /v1.32/exec/3a592e4528b46b951e8d789b732b47865a590718e52808e797b2f1e3e43cc404/json HTTP/1.1[\r][\n]"
08:04:56.258 [testcontainers-wait-0] DEBUG com.github.dockerjava.zerodep.shaded.org.apache.hc.client5.http.wire -- http-outgoing-3 >> "accept: application/json[\r][\n]"
08:04:56.258 [testcontainers-wait-0] DEBUG com.github.dockerjava.zerodep.shaded.org.apache.hc.client5.http.wire -- http-outgoing-3 >> "x-tc-sid: 3e81ff38-c5d8-46ef-80ba-8fe8bfdd672a[\r][\n]"
08:04:56.258 [testcontainers-wait-0] DEBUG com.github.dockerjava.zerodep.shaded.org.apache.hc.client5.http.wire -- http-outgoing-3 >> "User-Agent: tc-java/1.19.3[\r][\n]"
08:04:56.258 [testcontainers-wait-0] DEBUG com.github.dockerjava.zerodep.shaded.org.apache.hc.client5.http.wire -- http-outgoing-3 >> "Accept-Encoding: gzip, x-gzip, deflate[\r][\n]"
08:04:56.258 [testcontainers-wait-0] DEBUG com.github.dockerjava.zerodep.shaded.org.apache.hc.client5.http.wire -- http-outgoing-3 >> "Host: localhost:2375[\r][\n]"
08:04:56.258 [testcontainers-wait-0] DEBUG com.github.dockerjava.zerodep.shaded.org.apache.hc.client5.http.wire -- http-outgoing-3 >> "Connection: keep-alive[\r][\n]"
08:04:56.258 [testcontainers-wait-0] DEBUG com.github.dockerjava.zerodep.shaded.org.apache.hc.client5.http.wire -- http-outgoing-3 >> "[\r][\n]"
08:04:56.261 [testcontainers-wait-0] DEBUG com.github.dockerjava.zerodep.shaded.org.apache.hc.client5.http.wire -- http-outgoing-3 << "HTTP/1.1 200 OK[\r][\n]"
08:04:56.261 [testcontainers-wait-0] DEBUG com.github.dockerjava.zerodep.shaded.org.apache.hc.client5.http.wire -- http-outgoing-3 << "Api-Version: 1.47[\r][\n]"
08:04:56.261 [testcontainers-wait-0] DEBUG com.github.dockerjava.zerodep.shaded.org.apache.hc.client5.http.wire -- http-outgoing-3 << "Content-Type: application/json[\r][\n]"
08:04:56.262 [testcontainers-wait-0] DEBUG com.github.dockerjava.zerodep.shaded.org.apache.hc.client5.http.wire -- http-outgoing-3 << "Date: Fri, 02 May 2025 06:04:56 GMT[\r][\n]"
08:04:56.262 [testcontainers-wait-0] DEBUG com.github.dockerjava.zerodep.shaded.org.apache.hc.client5.http.wire -- http-outgoing-3 << "Docker-Experimental: false[\r][\n]"
08:04:56.262 [testcontainers-wait-0] DEBUG com.github.dockerjava.zerodep.shaded.org.apache.hc.client5.http.wire -- http-outgoing-3 << "Ostype: linux[\r][\n]"
08:04:56.262 [testcontainers-wait-0] DEBUG com.github.dockerjava.zerodep.shaded.org.apache.hc.client5.http.wire -- http-outgoing-3 << "Server: Docker/27.5.1 (linux)[\r][\n]"
08:04:56.262 [testcontainers-wait-0] DEBUG com.github.dockerjava.zerodep.shaded.org.apache.hc.client5.http.wire -- http-outgoing-3 << "Transfer-Encoding: chunked[\r][\n]"
08:04:56.262 [testcontainers-wait-0] DEBUG com.github.dockerjava.zerodep.shaded.org.apache.hc.client5.http.wire -- http-outgoing-3 << "[\r][\n]"
08:04:56.262 [testcontainers-wait-0] DEBUG com.github.dockerjava.zerodep.shaded.org.apache.hc.client5.http.headers -- http-outgoing-3 << HTTP/1.1 200 OK
08:04:56.262 [testcontainers-wait-0] DEBUG com.github.dockerjava.zerodep.shaded.org.apache.hc.client5.http.headers -- http-outgoing-3 << Api-Version: 1.47
08:04:56.262 [testcontainers-wait-0] DEBUG com.github.dockerjava.zerodep.shaded.org.apache.hc.client5.http.headers -- http-outgoing-3 << Content-Type: application/json
08:04:56.262 [testcontainers-wait-0] DEBUG com.github.dockerjava.zerodep.shaded.org.apache.hc.client5.http.headers -- http-outgoing-3 << Date: Fri, 02 May 2025 06:04:56 GMT
08:04:56.262 [testcontainers-wait-0] DEBUG com.github.dockerjava.zerodep.shaded.org.apache.hc.client5.http.headers -- http-outgoing-3 << Docker-Experimental: false
08:04:56.262 [testcontainers-wait-0] DEBUG com.github.dockerjava.zerodep.shaded.org.apache.hc.client5.http.headers -- http-outgoing-3 << Ostype: linux
08:04:56.262 [testcontainers-wait-0] DEBUG com.github.dockerjava.zerodep.shaded.org.apache.hc.client5.http.headers -- http-outgoing-3 << Server: Docker/27.5.1 (linux)
08:04:56.262 [testcontainers-wait-0] DEBUG com.github.dockerjava.zerodep.shaded.org.apache.hc.client5.http.headers -- http-outgoing-3 << Transfer-Encoding: chunked
08:04:56.262 [testcontainers-wait-0] DEBUG com.github.dockerjava.zerodep.shaded.org.apache.hc.client5.http.impl.classic.MainClientExec -- ex-00000015: connection can be kept alive for 3 MINUTES
08:04:56.262 [testcontainers-wait-0] DEBUG com.github.dockerjava.zerodep.shaded.org.apache.hc.client5.http.wire -- http-outgoing-3 << "29d[\r][\n]"
08:04:56.262 [testcontainers-wait-0] DEBUG com.github.dockerjava.zerodep.shaded.org.apache.hc.client5.http.wire -- http-outgoing-3 << "{"ID":"3a592e4528b46b951e8d789b732b47865a590718e52808e797b2f1e3e43cc404","Running":false,"ExitCode":0,"ProcessConfig":{"tty":false,"entrypoint":"/bin/sh","arguments":["-c","while true; do ( true  &&  (grep -i ':0*115c' /proc/net/tcp* || nc -vz -w 1 localhost 4444 || /bin/bash -c '</dev/tcp/localhost/4444') &&  (grep -i ':0*170c' /proc/net/tcp* || nc -vz -w 1 localhost 5900 || /bin/bash -c '</dev/tcp/localhost/5900') ) && exit 0 || sleep 0.1; done"],"privileged":false,"user":"1200"},"OpenStdin":false,"OpenStderr":true,"OpenStdout":true,"CanRemove":false,"ContainerID":"4944d1765067cb0ca03b2131d0388d58396ad796fed138475d832c253e9872dd","DetachKeys":"","Pid":17961}[\n]"
08:04:56.262 [testcontainers-wait-0] DEBUG com.github.dockerjava.zerodep.shaded.org.apache.hc.client5.http.wire -- http-outgoing-3 << "[\r][\n]"
08:04:56.262 [testcontainers-wait-0] DEBUG com.github.dockerjava.zerodep.shaded.org.apache.hc.client5.http.wire -- http-outgoing-3 << "0[\r][\n]"
08:04:56.262 [testcontainers-wait-0] DEBUG com.github.dockerjava.zerodep.shaded.org.apache.hc.client5.http.wire -- http-outgoing-3 << "[\r][\n]"
08:04:56.268 [testcontainers-wait-0] DEBUG com.github.dockerjava.zerodep.shaded.org.apache.hc.client5.http.impl.classic.InternalHttpClient -- ep-00000014: releasing valid endpoint
08:04:56.268 [testcontainers-wait-0] DEBUG com.github.dockerjava.zerodep.shaded.org.apache.hc.client5.http.impl.io.PoolingHttpClientConnectionManager -- ep-00000014: releasing endpoint
08:04:56.268 [testcontainers-wait-0] DEBUG com.github.dockerjava.zerodep.shaded.org.apache.hc.client5.http.impl.io.PoolingHttpClientConnectionManager -- ep-00000014: connection http-outgoing-3 can be kept alive for 3 MINUTES
08:04:56.268 [testcontainers-wait-0] DEBUG com.github.dockerjava.zerodep.shaded.org.apache.hc.client5.http.impl.io.PoolingHttpClientConnectionManager -- ep-00000014: connection released [route: {}->npipe://localhost:2375][total available: 2; route allocated: 2 of 2147483647; total allocated: 2 of 2147483647]
08:04:56.269 [testcontainers-wait-0] DEBUG org.testcontainers.containers.wait.strategy.HostPortWaitStrategy -- Internal port check passed for [4444, 5900] in PT0.1227372S
08:04:56.269 [main] INFO tc.selenium/standalone-chrome:4.20.0 -- Container selenium/standalone-chrome:4.20.0 started in PT5.0793944S
08:04:56.269 [main] DEBUG org.testcontainers.containers.BrowserWebDriverContainer -- Starting VNC recording
08:04:56.270 [main] DEBUG org.testcontainers.utility.PrefixingImageNameSubstitutor -- No prefix is configured
08:04:56.270 [main] DEBUG org.testcontainers.utility.ImageNameSubstitutor -- Did not find a substitute image for testcontainers/vnc-recorder:1.3.0 (using image substitutor: DefaultImageNameSubstitutor (composite of 'ConfigurationFileImageNameSubstitutor' and 'PrefixingImageNameSubstitutor'))
08:04:56.270 [main] DEBUG org.testcontainers.images.AbstractImagePullPolicy -- Using locally available and not pulling image: testcontainers/vnc-recorder:1.3.0
08:04:56.270 [main] DEBUG tc.testcontainers/vnc-recorder:1.3.0 -- Starting container: testcontainers/vnc-recorder:1.3.0
08:04:56.270 [main] DEBUG tc.testcontainers/vnc-recorder:1.3.0 -- Trying to start container: testcontainers/vnc-recorder:1.3.0 (attempt 1/1)
08:04:56.270 [main] DEBUG tc.testcontainers/vnc-recorder:1.3.0 -- Starting container: testcontainers/vnc-recorder:1.3.0
08:04:56.270 [main] INFO tc.testcontainers/vnc-recorder:1.3.0 -- Creating container for image: testcontainers/vnc-recorder:1.3.0
08:04:56.270 [main] DEBUG org.testcontainers.utility.RegistryAuthLocator -- Looking up auth config for image: testcontainers/vnc-recorder:1.3.0 at registry: https://index.docker.io/v1/
08:04:56.271 [main] DEBUG org.testcontainers.utility.RegistryAuthLocator -- Cached auth found: [AuthConfig{username=elenacabe, password=hidden non-blank value, auth=blank, email=null, registryAddress=https://index.docker.io/v1/, registryToken=blank}]
08:04:56.271 [main] DEBUG org.testcontainers.dockerclient.AuthDelegatingDockerClientConfig -- Effective auth config [AuthConfig{username=elenacabe, password=hidden non-blank value, auth=blank, email=null, registryAddress=https://index.docker.io/v1/, registryToken=blank}]
08:04:56.271 [main] DEBUG org.testcontainers.shaded.com.github.dockerjava.core.command.AbstrDockerCmd -- Cmd: org.testcontainers.shaded.com.github.dockerjava.core.command.CreateContainerCmdImpl@4bdc8b5d[aliases=[tc-wKrHECQZ],argsEscaped=<null>,attachStderr=<null>,attachStdin=<null>,attachStdout=<null>,authConfig=AuthConfig(username=elenacabe, email=null, registryAddress=https://index.docker.io/v1/, stackOrchestrator=null),cmd={-c,echo 'c2VjcmV0' | base64 -d > /vnc_password && flvrec.py -o /screen.flv -d -r 30 -P /vnc_password tc-oMUVLb15 5900},domainName=<null>,entrypoint={/bin/sh},env={},exposedPorts=ExposedPorts(exposedPorts=[]),healthcheck=<null>,hostConfig=HostConfig(binds=[], blkioWeight=null, blkioWeightDevice=null, blkioDeviceReadBps=null, blkioDeviceWriteBps=null, blkioDeviceReadIOps=null, blkioDeviceWriteIOps=null, memorySwappiness=null, nanoCPUs=null, capAdd=null, capDrop=null, containerIDFile=null, cpuPeriod=null, cpuRealtimePeriod=null, cpuRealtimeRuntime=null, cpuShares=null, cpuQuota=null, cpusetCpus=null, cpusetMems=null, devices=null, deviceCgroupRules=null, deviceRequests=null, diskQuota=null, dns=null, dnsOptions=null, dnsSearch=null, extraHosts=[], groupAdd=null, ipcMode=null, cgroup=null, links=[], logConfig=LogConfig(type=null, config=null), lxcConf=null, memory=null, memorySwap=null, memoryReservation=null, kernelMemory=null, networkMode=b704b6e8f8077f8578449cf0c6e98e04e9e3eea75c6ef53aba4dbe1e0b306329, oomKillDisable=null, init=null, autoRemove=null, oomScoreAdj=null, portBindings={}, privileged=null, publishAllPorts=null, readonlyRootfs=null, restartPolicy=null, ulimits=null, cpuCount=null, cpuPercent=null, ioMaximumIOps=null, ioMaximumBandwidth=null, volumesFrom=[], mounts=null, pidMode=null, isolation=null, securityOpts=null, storageOpt=null, cgroupParent=null, volumeDriver=null, shmSize=null, pidsLimit=null, runtime=null, tmpFs=null, utSMode=null, usernsMode=null, sysctls=null, consoleSize=null, cgroupnsMode=null),hostName=<null>,image=testcontainers/vnc-recorder:1.3.0,ipv4Address=<null>,ipv6Address=<null>,labels={org.testcontainers=true, org.testcontainers.lang=java, org.testcontainers.version=1.19.3, org.testcontainers.sessionId=3e81ff38-c5d8-46ef-80ba-8fe8bfdd672a},macAddress=<null>,name=<null>,networkDisabled=<null>,networkingConfig=org.testcontainers.shaded.com.github.dockerjava.core.command.CreateContainerCmdImpl$NetworkingConfig@726a17c4,onBuild=<null>,platform=<null>,portSpecs=<null>,shell=<null>,stdInOnce=<null>,stdinOpen=<null>,stopSignal=<null>,stopTimeout=<null>,tty=<null>,user=<null>,volumes=Volumes(volumes=[]),workingDir=<null>]
08:04:56.274 [main] DEBUG com.github.dockerjava.zerodep.shaded.org.apache.hc.client5.http.impl.classic.InternalHttpClient -- ex-00000016: preparing request execution
08:04:56.274 [main] DEBUG com.github.dockerjava.zerodep.shaded.org.apache.hc.client5.http.protocol.RequestAddCookies -- Cookie spec selected: strict
08:04:56.274 [main] DEBUG com.github.dockerjava.zerodep.shaded.org.apache.hc.client5.http.protocol.RequestAuthCache -- Auth cache not set in the context
08:04:56.274 [main] DEBUG com.github.dockerjava.zerodep.shaded.org.apache.hc.client5.http.impl.classic.ProtocolExec -- ex-00000016: target auth state: UNCHALLENGED
08:04:56.274 [main] DEBUG com.github.dockerjava.zerodep.shaded.org.apache.hc.client5.http.impl.classic.ProtocolExec -- ex-00000016: proxy auth state: UNCHALLENGED
08:04:56.274 [main] DEBUG com.github.dockerjava.zerodep.shaded.org.apache.hc.client5.http.impl.classic.ConnectExec -- ex-00000016: acquiring connection with route {}->npipe://localhost:2375
08:04:56.274 [main] DEBUG com.github.dockerjava.zerodep.shaded.org.apache.hc.client5.http.impl.classic.InternalHttpClient -- ex-00000016: acquiring endpoint (3 MINUTES)
08:04:56.274 [main] DEBUG com.github.dockerjava.zerodep.shaded.org.apache.hc.client5.http.impl.io.PoolingHttpClientConnectionManager -- ex-00000016: endpoint lease request (3 MINUTES) [route: {}->npipe://localhost:2375][total available: 2; route allocated: 2 of 2147483647; total allocated: 2 of 2147483647]
08:04:56.274 [main] DEBUG com.github.dockerjava.zerodep.shaded.org.apache.hc.client5.http.impl.io.PoolingHttpClientConnectionManager -- ex-00000016: endpoint leased [route: {}->npipe://localhost:2375][total available: 1; route allocated: 2 of 2147483647; total allocated: 2 of 2147483647]
08:04:56.274 [main] DEBUG com.github.dockerjava.zerodep.shaded.org.apache.hc.client5.http.impl.io.PoolingHttpClientConnectionManager -- ex-00000016: acquired ep-00000015
08:04:56.274 [main] DEBUG com.github.dockerjava.zerodep.shaded.org.apache.hc.client5.http.impl.classic.InternalHttpClient -- ex-00000016: acquired endpoint ep-00000015
08:04:56.274 [main] DEBUG com.github.dockerjava.zerodep.shaded.org.apache.hc.client5.http.impl.classic.MainClientExec -- ex-00000016: executing POST /v1.32/containers/create HTTP/1.1
08:04:56.274 [main] DEBUG com.github.dockerjava.zerodep.shaded.org.apache.hc.client5.http.impl.classic.InternalHttpClient -- ep-00000015: start execution ex-00000016
08:04:56.274 [main] DEBUG com.github.dockerjava.zerodep.shaded.org.apache.hc.client5.http.impl.io.PoolingHttpClientConnectionManager -- ep-00000015: executing exchange ex-00000016 over http-outgoing-3
08:04:56.274 [main] DEBUG com.github.dockerjava.zerodep.shaded.org.apache.hc.client5.http.headers -- http-outgoing-3 >> POST /v1.32/containers/create HTTP/1.1
08:04:56.274 [main] DEBUG com.github.dockerjava.zerodep.shaded.org.apache.hc.client5.http.headers -- http-outgoing-3 >> X-Registry-Auth: eyJ1c2VybmFtZSI6ImVsZW5hY2FiZSIsInBhc3N3b3JkIjoiZGNrcl9wYXRfTFNweVg2VU02ekszeDNEYzlzNW5QWWNmeVE0IiwiZW1haWwiOm51bGwsInNlcnZlcmFkZHJlc3MiOiJodHRwczovL2luZGV4LmRvY2tlci5pby92MS8iLCJhdXRoIjpudWxsLCJyZWdpc3RyeXRva2VuIjpudWxsLCJpZGVudGl0eXRva2VuIjpudWxsLCJzdGFja09yY2hlc3RyYXRvciI6bnVsbH0=
08:04:56.274 [main] DEBUG com.github.dockerjava.zerodep.shaded.org.apache.hc.client5.http.headers -- http-outgoing-3 >> accept: application/json
08:04:56.274 [main] DEBUG com.github.dockerjava.zerodep.shaded.org.apache.hc.client5.http.headers -- http-outgoing-3 >> content-type: application/json
08:04:56.274 [main] DEBUG com.github.dockerjava.zerodep.shaded.org.apache.hc.client5.http.headers -- http-outgoing-3 >> x-tc-sid: 3e81ff38-c5d8-46ef-80ba-8fe8bfdd672a
08:04:56.274 [main] DEBUG com.github.dockerjava.zerodep.shaded.org.apache.hc.client5.http.headers -- http-outgoing-3 >> User-Agent: tc-java/1.19.3
08:04:56.274 [main] DEBUG com.github.dockerjava.zerodep.shaded.org.apache.hc.client5.http.headers -- http-outgoing-3 >> Accept-Encoding: gzip, x-gzip, deflate
08:04:56.274 [main] DEBUG com.github.dockerjava.zerodep.shaded.org.apache.hc.client5.http.headers -- http-outgoing-3 >> Content-Length: 2441
08:04:56.274 [main] DEBUG com.github.dockerjava.zerodep.shaded.org.apache.hc.client5.http.headers -- http-outgoing-3 >> Host: localhost:2375
08:04:56.274 [main] DEBUG com.github.dockerjava.zerodep.shaded.org.apache.hc.client5.http.headers -- http-outgoing-3 >> Connection: keep-alive
08:04:56.274 [main] DEBUG com.github.dockerjava.zerodep.shaded.org.apache.hc.client5.http.wire -- http-outgoing-3 >> "POST /v1.32/containers/create HTTP/1.1[\r][\n]"
08:04:56.274 [main] DEBUG com.github.dockerjava.zerodep.shaded.org.apache.hc.client5.http.wire -- http-outgoing-3 >> "X-Registry-Auth: eyJ1c2VybmFtZSI6ImVsZW5hY2FiZSIsInBhc3N3b3JkIjoiZGNrcl9wYXRfTFNweVg2VU02ekszeDNEYzlzNW5QWWNmeVE0IiwiZW1haWwiOm51bGwsInNlcnZlcmFkZHJlc3MiOiJodHRwczovL2luZGV4LmRvY2tlci5pby92MS8iLCJhdXRoIjpudWxsLCJyZWdpc3RyeXRva2VuIjpudWxsLCJpZGVudGl0eXRva2VuIjpudWxsLCJzdGFja09yY2hlc3RyYXRvciI6bnVsbH0=[\r][\n]"
08:04:56.274 [main] DEBUG com.github.dockerjava.zerodep.shaded.org.apache.hc.client5.http.wire -- http-outgoing-3 >> "accept: application/json[\r][\n]"
08:04:56.274 [main] DEBUG com.github.dockerjava.zerodep.shaded.org.apache.hc.client5.http.wire -- http-outgoing-3 >> "content-type: application/json[\r][\n]"
08:04:56.274 [main] DEBUG com.github.dockerjava.zerodep.shaded.org.apache.hc.client5.http.wire -- http-outgoing-3 >> "x-tc-sid: 3e81ff38-c5d8-46ef-80ba-8fe8bfdd672a[\r][\n]"
08:04:56.275 [main] DEBUG com.github.dockerjava.zerodep.shaded.org.apache.hc.client5.http.wire -- http-outgoing-3 >> "User-Agent: tc-java/1.19.3[\r][\n]"
08:04:56.275 [main] DEBUG com.github.dockerjava.zerodep.shaded.org.apache.hc.client5.http.wire -- http-outgoing-3 >> "Accept-Encoding: gzip, x-gzip, deflate[\r][\n]"
08:04:56.275 [main] DEBUG com.github.dockerjava.zerodep.shaded.org.apache.hc.client5.http.wire -- http-outgoing-3 >> "Content-Length: 2441[\r][\n]"
08:04:56.275 [main] DEBUG com.github.dockerjava.zerodep.shaded.org.apache.hc.client5.http.wire -- http-outgoing-3 >> "Host: localhost:2375[\r][\n]"
08:04:56.275 [main] DEBUG com.github.dockerjava.zerodep.shaded.org.apache.hc.client5.http.wire -- http-outgoing-3 >> "Connection: keep-alive[\r][\n]"
08:04:56.275 [main] DEBUG com.github.dockerjava.zerodep.shaded.org.apache.hc.client5.http.wire -- http-outgoing-3 >> "[\r][\n]"
08:04:56.275 [main] DEBUG com.github.dockerjava.zerodep.shaded.org.apache.hc.client5.http.wire -- http-outgoing-3 >> "{"Hostname":null,"Domainname":null,"User":null,"AttachStdin":null,"AttachStdout":null,"AttachStderr":null,"PortSpecs":null,"Tty":null,"OpenStdin":null,"StdinOnce":null,"Env":[],"Cmd":["-c","echo 'c2VjcmV0' | base64 -d > /vnc_password && flvrec.py -o /screen.flv -d -r 30 -P /vnc_password tc-oMUVLb15 5900"],"Healthcheck":null,"ArgsEscaped":null,"Entrypoint":["/bin/sh"],"Image":"testcontainers/vnc-recorder:1.3.0","Volumes":{},"WorkingDir":null,"MacAddress":null,"OnBuild":null,"NetworkDisabled":null,"ExposedPorts":{},"StopSignal":null,"StopTimeout":null,"HostConfig":{"Binds":[],"BlkioWeight":null,"BlkioWeightDevice":null,"BlkioDeviceReadBps":null,"BlkioDeviceWriteBps":null,"BlkioDeviceReadIOps":null,"BlkioDeviceWriteIOps":null,"MemorySwappiness":null,"NanoCpus":null,"CapAdd":null,"CapDrop":null,"ContainerIDFile":null,"CpuPeriod":null,"CpuRealtimePeriod":null,"CpuRealtimeRuntime":null,"CpuShares":null,"CpuQuota":null,"CpusetCpus":null,"CpusetMems":null,"Devices":null,"DeviceCgroupRules":null,"DeviceRequests":null,"DiskQuota":null,"Dns":null,"DnsOptions":null,"DnsSearch":null,"ExtraHosts":[],"GroupAdd":null,"IpcMode":null,"Cgroup":null,"Links":[],"LogConfig":null,"LxcConf":null,"Memory":null,"MemorySwap":null,"MemoryReservation":null,"KernelMemory":null,"NetworkMode":"b704b6e8f8077f8578449cf0c6e98e04e9e3eea75c6ef53aba4dbe1e0b306329","OomKillDisable":null,"Init":null,"AutoRemove":null,"OomScoreAdj":null,"PortBindings":{},"Privileged":null,"PublishAllPorts":null,"ReadonlyRootfs":null,"RestartPolicy":null,"Ulimits":null,"CpuCount":null,"CpuPercent":null,"IOMaximumIOps":null,"IOMaximumBandwidth":null,"VolumesFrom":[],"Mounts":null,"PidMode":null,"Isolation":null,"SecurityOpt":null,"StorageOpt":null,"CgroupParent":null,"VolumeDriver":null,"ShmSize":null,"PidsLimit":null,"Runtime":null,"Tmpfs":null,"UTSMode":null,"UsernsMode":null,"Sysctls":null,"ConsoleSize":null,"CgroupnsMode":null},"Labels":{"org.testcontainers":"true","org.testcontainers.lang":"java","org.testcontainers.version":"1.19.3","org.testcontainers.sessionId":"3e81ff38-c5d8-46ef-80ba-8fe8bfdd672a"},"Shell":null,"NetworkingConfig":{"EndpointsConfig":{"b704b6e8f8077f8578449cf0c6e98e04e9e3eea75c6ef53aba4dbe1e0b306329":{"IPAMConfig":null,"Links":null,"Aliases":["tc-wKrHECQZ"],"NetworkID":null,"EndpointID":null,"Gateway":null,"IPAddress":null,"IPPrefixLen":null,"IPv6Gateway":null,"GlobalIPv6Address":null,"GlobalIPv6PrefixLen":null,"MacAddress":null}}}}"
08:04:56.365 [main] DEBUG com.github.dockerjava.zerodep.shaded.org.apache.hc.client5.http.wire -- http-outgoing-3 << "HTTP/1.1 201 Created[\r][\n]"
08:04:56.365 [main] DEBUG com.github.dockerjava.zerodep.shaded.org.apache.hc.client5.http.wire -- http-outgoing-3 << "Api-Version: 1.47[\r][\n]"
08:04:56.365 [main] DEBUG com.github.dockerjava.zerodep.shaded.org.apache.hc.client5.http.wire -- http-outgoing-3 << "Content-Type: application/json[\r][\n]"
08:04:56.365 [main] DEBUG com.github.dockerjava.zerodep.shaded.org.apache.hc.client5.http.wire -- http-outgoing-3 << "Date: Fri, 02 May 2025 06:04:56 GMT[\r][\n]"
08:04:56.365 [main] DEBUG com.github.dockerjava.zerodep.shaded.org.apache.hc.client5.http.wire -- http-outgoing-3 << "Docker-Experimental: false[\r][\n]"
08:04:56.365 [main] DEBUG com.github.dockerjava.zerodep.shaded.org.apache.hc.client5.http.wire -- http-outgoing-3 << "Ostype: linux[\r][\n]"
08:04:56.365 [main] DEBUG com.github.dockerjava.zerodep.shaded.org.apache.hc.client5.http.wire -- http-outgoing-3 << "Server: Docker/27.5.1 (linux)[\r][\n]"
08:04:56.365 [main] DEBUG com.github.dockerjava.zerodep.shaded.org.apache.hc.client5.http.wire -- http-outgoing-3 << "Transfer-Encoding: chunked[\r][\n]"
08:04:56.365 [main] DEBUG com.github.dockerjava.zerodep.shaded.org.apache.hc.client5.http.wire -- http-outgoing-3 << "[\r][\n]"
08:04:56.365 [main] DEBUG com.github.dockerjava.zerodep.shaded.org.apache.hc.client5.http.headers -- http-outgoing-3 << HTTP/1.1 201 Created
08:04:56.365 [main] DEBUG com.github.dockerjava.zerodep.shaded.org.apache.hc.client5.http.headers -- http-outgoing-3 << Api-Version: 1.47
08:04:56.365 [main] DEBUG com.github.dockerjava.zerodep.shaded.org.apache.hc.client5.http.headers -- http-outgoing-3 << Content-Type: application/json
08:04:56.365 [main] DEBUG com.github.dockerjava.zerodep.shaded.org.apache.hc.client5.http.headers -- http-outgoing-3 << Date: Fri, 02 May 2025 06:04:56 GMT
08:04:56.365 [main] DEBUG com.github.dockerjava.zerodep.shaded.org.apache.hc.client5.http.headers -- http-outgoing-3 << Docker-Experimental: false
08:04:56.365 [main] DEBUG com.github.dockerjava.zerodep.shaded.org.apache.hc.client5.http.headers -- http-outgoing-3 << Ostype: linux
08:04:56.365 [main] DEBUG com.github.dockerjava.zerodep.shaded.org.apache.hc.client5.http.headers -- http-outgoing-3 << Server: Docker/27.5.1 (linux)
08:04:56.365 [main] DEBUG com.github.dockerjava.zerodep.shaded.org.apache.hc.client5.http.headers -- http-outgoing-3 << Transfer-Encoding: chunked
08:04:56.365 [main] DEBUG com.github.dockerjava.zerodep.shaded.org.apache.hc.client5.http.impl.classic.MainClientExec -- ex-00000016: connection can be kept alive for 3 MINUTES
08:04:56.365 [main] DEBUG com.github.dockerjava.zerodep.shaded.org.apache.hc.client5.http.wire -- http-outgoing-3 << "58[\r][\n]"
08:04:56.366 [main] DEBUG com.github.dockerjava.zerodep.shaded.org.apache.hc.client5.http.wire -- http-outgoing-3 << "{"Id":"3aabc60e6494b6354e6bbe95b9fc51055c9e9c6ef5bb0292a702406b6c2c92a6","Warnings":[]}[\n]"
08:04:56.366 [main] DEBUG com.github.dockerjava.zerodep.shaded.org.apache.hc.client5.http.wire -- http-outgoing-3 << "[\r][\n]"
08:04:56.366 [main] DEBUG com.github.dockerjava.zerodep.shaded.org.apache.hc.client5.http.wire -- http-outgoing-3 << "0[\r][\n]"
08:04:56.366 [main] DEBUG com.github.dockerjava.zerodep.shaded.org.apache.hc.client5.http.wire -- http-outgoing-3 << "[\r][\n]"
08:04:56.366 [main] DEBUG com.github.dockerjava.zerodep.shaded.org.apache.hc.client5.http.impl.classic.InternalHttpClient -- ep-00000015: releasing valid endpoint
08:04:56.366 [main] DEBUG com.github.dockerjava.zerodep.shaded.org.apache.hc.client5.http.impl.io.PoolingHttpClientConnectionManager -- ep-00000015: releasing endpoint
08:04:56.366 [main] DEBUG com.github.dockerjava.zerodep.shaded.org.apache.hc.client5.http.impl.io.PoolingHttpClientConnectionManager -- ep-00000015: connection http-outgoing-3 can be kept alive for 3 MINUTES
08:04:56.367 [main] DEBUG com.github.dockerjava.zerodep.shaded.org.apache.hc.client5.http.impl.io.PoolingHttpClientConnectionManager -- ep-00000015: connection released [route: {}->npipe://localhost:2375][total available: 2; route allocated: 2 of 2147483647; total allocated: 2 of 2147483647]
08:04:56.367 [main] INFO tc.testcontainers/vnc-recorder:1.3.0 -- Container testcontainers/vnc-recorder:1.3.0 is starting: 3aabc60e6494b6354e6bbe95b9fc51055c9e9c6ef5bb0292a702406b6c2c92a6
08:04:56.367 [main] DEBUG org.testcontainers.shaded.com.github.dockerjava.core.command.AbstrDockerCmd -- Cmd: 3aabc60e6494b6354e6bbe95b9fc51055c9e9c6ef5bb0292a702406b6c2c92a6
08:04:56.368 [main] DEBUG com.github.dockerjava.zerodep.shaded.org.apache.hc.client5.http.impl.classic.InternalHttpClient -- ex-00000017: preparing request execution
08:04:56.368 [main] DEBUG com.github.dockerjava.zerodep.shaded.org.apache.hc.client5.http.protocol.RequestAddCookies -- Cookie spec selected: strict
08:04:56.368 [main] DEBUG com.github.dockerjava.zerodep.shaded.org.apache.hc.client5.http.protocol.RequestAuthCache -- Auth cache not set in the context
08:04:56.368 [main] DEBUG com.github.dockerjava.zerodep.shaded.org.apache.hc.client5.http.impl.classic.ProtocolExec -- ex-00000017: target auth state: UNCHALLENGED
08:04:56.368 [main] DEBUG com.github.dockerjava.zerodep.shaded.org.apache.hc.client5.http.impl.classic.ProtocolExec -- ex-00000017: proxy auth state: UNCHALLENGED
08:04:56.368 [main] DEBUG com.github.dockerjava.zerodep.shaded.org.apache.hc.client5.http.impl.classic.ConnectExec -- ex-00000017: acquiring connection with route {}->npipe://localhost:2375
08:04:56.368 [main] DEBUG com.github.dockerjava.zerodep.shaded.org.apache.hc.client5.http.impl.classic.InternalHttpClient -- ex-00000017: acquiring endpoint (3 MINUTES)
08:04:56.368 [main] DEBUG com.github.dockerjava.zerodep.shaded.org.apache.hc.client5.http.impl.io.PoolingHttpClientConnectionManager -- ex-00000017: endpoint lease request (3 MINUTES) [route: {}->npipe://localhost:2375][total available: 2; route allocated: 2 of 2147483647; total allocated: 2 of 2147483647]
08:04:56.368 [main] DEBUG com.github.dockerjava.zerodep.shaded.org.apache.hc.client5.http.impl.io.PoolingHttpClientConnectionManager -- ex-00000017: endpoint leased [route: {}->npipe://localhost:2375][total available: 1; route allocated: 2 of 2147483647; total allocated: 2 of 2147483647]
08:04:56.369 [main] DEBUG com.github.dockerjava.zerodep.shaded.org.apache.hc.client5.http.impl.io.PoolingHttpClientConnectionManager -- ex-00000017: acquired ep-00000016
08:04:56.369 [main] DEBUG com.github.dockerjava.zerodep.shaded.org.apache.hc.client5.http.impl.classic.InternalHttpClient -- ex-00000017: acquired endpoint ep-00000016
08:04:56.369 [main] DEBUG com.github.dockerjava.zerodep.shaded.org.apache.hc.client5.http.impl.classic.MainClientExec -- ex-00000017: executing POST /v1.32/containers/3aabc60e6494b6354e6bbe95b9fc51055c9e9c6ef5bb0292a702406b6c2c92a6/start HTTP/1.1
08:04:56.369 [main] DEBUG com.github.dockerjava.zerodep.shaded.org.apache.hc.client5.http.impl.classic.InternalHttpClient -- ep-00000016: start execution ex-00000017
08:04:56.369 [main] DEBUG com.github.dockerjava.zerodep.shaded.org.apache.hc.client5.http.impl.io.PoolingHttpClientConnectionManager -- ep-00000016: executing exchange ex-00000017 over http-outgoing-3
08:04:56.369 [main] DEBUG com.github.dockerjava.zerodep.shaded.org.apache.hc.client5.http.headers -- http-outgoing-3 >> POST /v1.32/containers/3aabc60e6494b6354e6bbe95b9fc51055c9e9c6ef5bb0292a702406b6c2c92a6/start HTTP/1.1
08:04:56.369 [main] DEBUG com.github.dockerjava.zerodep.shaded.org.apache.hc.client5.http.headers -- http-outgoing-3 >> accept: application/json
08:04:56.369 [main] DEBUG com.github.dockerjava.zerodep.shaded.org.apache.hc.client5.http.headers -- http-outgoing-3 >> content-type: application/json
08:04:56.369 [main] DEBUG com.github.dockerjava.zerodep.shaded.org.apache.hc.client5.http.headers -- http-outgoing-3 >> x-tc-sid: 3e81ff38-c5d8-46ef-80ba-8fe8bfdd672a
08:04:56.369 [main] DEBUG com.github.dockerjava.zerodep.shaded.org.apache.hc.client5.http.headers -- http-outgoing-3 >> User-Agent: tc-java/1.19.3
08:04:56.369 [main] DEBUG com.github.dockerjava.zerodep.shaded.org.apache.hc.client5.http.headers -- http-outgoing-3 >> Accept-Encoding: gzip, x-gzip, deflate
08:04:56.369 [main] DEBUG com.github.dockerjava.zerodep.shaded.org.apache.hc.client5.http.headers -- http-outgoing-3 >> Host: localhost:2375
08:04:56.369 [main] DEBUG com.github.dockerjava.zerodep.shaded.org.apache.hc.client5.http.headers -- http-outgoing-3 >> Connection: keep-alive
08:04:56.369 [main] DEBUG com.github.dockerjava.zerodep.shaded.org.apache.hc.client5.http.wire -- http-outgoing-3 >> "POST /v1.32/containers/3aabc60e6494b6354e6bbe95b9fc51055c9e9c6ef5bb0292a702406b6c2c92a6/start HTTP/1.1[\r][\n]"
08:04:56.369 [main] DEBUG com.github.dockerjava.zerodep.shaded.org.apache.hc.client5.http.wire -- http-outgoing-3 >> "accept: application/json[\r][\n]"
08:04:56.369 [main] DEBUG com.github.dockerjava.zerodep.shaded.org.apache.hc.client5.http.wire -- http-outgoing-3 >> "content-type: application/json[\r][\n]"
08:04:56.369 [main] DEBUG com.github.dockerjava.zerodep.shaded.org.apache.hc.client5.http.wire -- http-outgoing-3 >> "x-tc-sid: 3e81ff38-c5d8-46ef-80ba-8fe8bfdd672a[\r][\n]"
08:04:56.369 [main] DEBUG com.github.dockerjava.zerodep.shaded.org.apache.hc.client5.http.wire -- http-outgoing-3 >> "User-Agent: tc-java/1.19.3[\r][\n]"
08:04:56.369 [main] DEBUG com.github.dockerjava.zerodep.shaded.org.apache.hc.client5.http.wire -- http-outgoing-3 >> "Accept-Encoding: gzip, x-gzip, deflate[\r][\n]"
08:04:56.369 [main] DEBUG com.github.dockerjava.zerodep.shaded.org.apache.hc.client5.http.wire -- http-outgoing-3 >> "Host: localhost:2375[\r][\n]"
08:04:56.370 [main] DEBUG com.github.dockerjava.zerodep.shaded.org.apache.hc.client5.http.wire -- http-outgoing-3 >> "Connection: keep-alive[\r][\n]"
08:04:56.370 [main] DEBUG com.github.dockerjava.zerodep.shaded.org.apache.hc.client5.http.wire -- http-outgoing-3 >> "[\r][\n]"
08:04:56.802 [main] DEBUG com.github.dockerjava.zerodep.shaded.org.apache.hc.client5.http.wire -- http-outgoing-3 << "HTTP/1.1 204 No Content[\r][\n]"
08:04:56.802 [main] DEBUG com.github.dockerjava.zerodep.shaded.org.apache.hc.client5.http.wire -- http-outgoing-3 << "Api-Version: 1.47[\r][\n]"
08:04:56.802 [main] DEBUG com.github.dockerjava.zerodep.shaded.org.apache.hc.client5.http.wire -- http-outgoing-3 << "Date: Fri, 02 May 2025 06:04:56 GMT[\r][\n]"
08:04:56.802 [main] DEBUG com.github.dockerjava.zerodep.shaded.org.apache.hc.client5.http.wire -- http-outgoing-3 << "Docker-Experimental: false[\r][\n]"
08:04:56.803 [main] DEBUG com.github.dockerjava.zerodep.shaded.org.apache.hc.client5.http.wire -- http-outgoing-3 << "Ostype: linux[\r][\n]"
08:04:56.803 [main] DEBUG com.github.dockerjava.zerodep.shaded.org.apache.hc.client5.http.wire -- http-outgoing-3 << "Server: Docker/27.5.1 (linux)[\r][\n]"
08:04:56.803 [main] DEBUG com.github.dockerjava.zerodep.shaded.org.apache.hc.client5.http.wire -- http-outgoing-3 << "[\r][\n]"
08:04:56.803 [main] DEBUG com.github.dockerjava.zerodep.shaded.org.apache.hc.client5.http.headers -- http-outgoing-3 << HTTP/1.1 204 No Content
08:04:56.803 [main] DEBUG com.github.dockerjava.zerodep.shaded.org.apache.hc.client5.http.headers -- http-outgoing-3 << Api-Version: 1.47
08:04:56.803 [main] DEBUG com.github.dockerjava.zerodep.shaded.org.apache.hc.client5.http.headers -- http-outgoing-3 << Date: Fri, 02 May 2025 06:04:56 GMT
08:04:56.803 [main] DEBUG com.github.dockerjava.zerodep.shaded.org.apache.hc.client5.http.headers -- http-outgoing-3 << Docker-Experimental: false
08:04:56.803 [main] DEBUG com.github.dockerjava.zerodep.shaded.org.apache.hc.client5.http.headers -- http-outgoing-3 << Ostype: linux
08:04:56.803 [main] DEBUG com.github.dockerjava.zerodep.shaded.org.apache.hc.client5.http.headers -- http-outgoing-3 << Server: Docker/27.5.1 (linux)
08:04:56.803 [main] DEBUG com.github.dockerjava.zerodep.shaded.org.apache.hc.client5.http.impl.classic.MainClientExec -- ex-00000017: connection can be kept alive for 3 MINUTES
08:04:56.803 [main] DEBUG com.github.dockerjava.zerodep.shaded.org.apache.hc.client5.http.impl.classic.InternalHttpClient -- ep-00000016: releasing valid endpoint
08:04:56.803 [main] DEBUG com.github.dockerjava.zerodep.shaded.org.apache.hc.client5.http.impl.io.PoolingHttpClientConnectionManager -- ep-00000016: releasing endpoint
08:04:56.803 [main] DEBUG com.github.dockerjava.zerodep.shaded.org.apache.hc.client5.http.impl.io.PoolingHttpClientConnectionManager -- ep-00000016: connection http-outgoing-3 can be kept alive for 3 MINUTES
08:04:56.803 [main] DEBUG com.github.dockerjava.zerodep.shaded.org.apache.hc.client5.http.impl.io.PoolingHttpClientConnectionManager -- ep-00000016: connection released [route: {}->npipe://localhost:2375][total available: 2; route allocated: 2 of 2147483647; total allocated: 2 of 2147483647]
08:04:56.803 [main] DEBUG org.testcontainers.shaded.com.github.dockerjava.core.command.AbstrDockerCmd -- Cmd: 3aabc60e6494b6354e6bbe95b9fc51055c9e9c6ef5bb0292a702406b6c2c92a6,false
08:04:56.804 [main] DEBUG org.testcontainers.shaded.com.github.dockerjava.core.exec.InspectContainerCmdExec -- GET: DefaultWebTarget{path=[/containers/3aabc60e6494b6354e6bbe95b9fc51055c9e9c6ef5bb0292a702406b6c2c92a6/json], queryParams={}}
08:04:56.804 [main] DEBUG com.github.dockerjava.zerodep.shaded.org.apache.hc.client5.http.impl.classic.InternalHttpClient -- ex-00000018: preparing request execution
08:04:56.804 [main] DEBUG com.github.dockerjava.zerodep.shaded.org.apache.hc.client5.http.protocol.RequestAddCookies -- Cookie spec selected: strict
08:04:56.804 [main] DEBUG com.github.dockerjava.zerodep.shaded.org.apache.hc.client5.http.protocol.RequestAuthCache -- Auth cache not set in the context
08:04:56.804 [main] DEBUG com.github.dockerjava.zerodep.shaded.org.apache.hc.client5.http.impl.classic.ProtocolExec -- ex-00000018: target auth state: UNCHALLENGED
08:04:56.804 [main] DEBUG com.github.dockerjava.zerodep.shaded.org.apache.hc.client5.http.impl.classic.ProtocolExec -- ex-00000018: proxy auth state: UNCHALLENGED
08:04:56.804 [main] DEBUG com.github.dockerjava.zerodep.shaded.org.apache.hc.client5.http.impl.classic.ConnectExec -- ex-00000018: acquiring connection with route {}->npipe://localhost:2375
08:04:56.804 [main] DEBUG com.github.dockerjava.zerodep.shaded.org.apache.hc.client5.http.impl.classic.InternalHttpClient -- ex-00000018: acquiring endpoint (3 MINUTES)
08:04:56.805 [main] DEBUG com.github.dockerjava.zerodep.shaded.org.apache.hc.client5.http.impl.io.PoolingHttpClientConnectionManager -- ex-00000018: endpoint lease request (3 MINUTES) [route: {}->npipe://localhost:2375][total available: 2; route allocated: 2 of 2147483647; total allocated: 2 of 2147483647]
08:04:56.805 [main] DEBUG com.github.dockerjava.zerodep.shaded.org.apache.hc.client5.http.impl.io.PoolingHttpClientConnectionManager -- ex-00000018: endpoint leased [route: {}->npipe://localhost:2375][total available: 1; route allocated: 2 of 2147483647; total allocated: 2 of 2147483647]
08:04:56.805 [main] DEBUG com.github.dockerjava.zerodep.shaded.org.apache.hc.client5.http.impl.io.PoolingHttpClientConnectionManager -- ex-00000018: acquired ep-00000017
08:04:56.805 [main] DEBUG com.github.dockerjava.zerodep.shaded.org.apache.hc.client5.http.impl.classic.InternalHttpClient -- ex-00000018: acquired endpoint ep-00000017
08:04:56.805 [main] DEBUG com.github.dockerjava.zerodep.shaded.org.apache.hc.client5.http.impl.classic.MainClientExec -- ex-00000018: executing GET /v1.32/containers/3aabc60e6494b6354e6bbe95b9fc51055c9e9c6ef5bb0292a702406b6c2c92a6/json HTTP/1.1
08:04:56.805 [main] DEBUG com.github.dockerjava.zerodep.shaded.org.apache.hc.client5.http.impl.classic.InternalHttpClient -- ep-00000017: start execution ex-00000018
08:04:56.805 [main] DEBUG com.github.dockerjava.zerodep.shaded.org.apache.hc.client5.http.impl.io.PoolingHttpClientConnectionManager -- ep-00000017: executing exchange ex-00000018 over http-outgoing-3
08:04:56.805 [main] DEBUG com.github.dockerjava.zerodep.shaded.org.apache.hc.client5.http.headers -- http-outgoing-3 >> GET /v1.32/containers/3aabc60e6494b6354e6bbe95b9fc51055c9e9c6ef5bb0292a702406b6c2c92a6/json HTTP/1.1
08:04:56.805 [main] DEBUG com.github.dockerjava.zerodep.shaded.org.apache.hc.client5.http.headers -- http-outgoing-3 >> accept: application/json
08:04:56.805 [main] DEBUG com.github.dockerjava.zerodep.shaded.org.apache.hc.client5.http.headers -- http-outgoing-3 >> x-tc-sid: 3e81ff38-c5d8-46ef-80ba-8fe8bfdd672a
08:04:56.805 [main] DEBUG com.github.dockerjava.zerodep.shaded.org.apache.hc.client5.http.headers -- http-outgoing-3 >> User-Agent: tc-java/1.19.3
08:04:56.805 [main] DEBUG com.github.dockerjava.zerodep.shaded.org.apache.hc.client5.http.headers -- http-outgoing-3 >> Accept-Encoding: gzip, x-gzip, deflate
08:04:56.805 [main] DEBUG com.github.dockerjava.zerodep.shaded.org.apache.hc.client5.http.headers -- http-outgoing-3 >> Host: localhost:2375
08:04:56.805 [main] DEBUG com.github.dockerjava.zerodep.shaded.org.apache.hc.client5.http.headers -- http-outgoing-3 >> Connection: keep-alive
08:04:56.805 [main] DEBUG com.github.dockerjava.zerodep.shaded.org.apache.hc.client5.http.wire -- http-outgoing-3 >> "GET /v1.32/containers/3aabc60e6494b6354e6bbe95b9fc51055c9e9c6ef5bb0292a702406b6c2c92a6/json HTTP/1.1[\r][\n]"
08:04:56.805 [main] DEBUG com.github.dockerjava.zerodep.shaded.org.apache.hc.client5.http.wire -- http-outgoing-3 >> "accept: application/json[\r][\n]"
08:04:56.805 [main] DEBUG com.github.dockerjava.zerodep.shaded.org.apache.hc.client5.http.wire -- http-outgoing-3 >> "x-tc-sid: 3e81ff38-c5d8-46ef-80ba-8fe8bfdd672a[\r][\n]"
08:04:56.805 [main] DEBUG com.github.dockerjava.zerodep.shaded.org.apache.hc.client5.http.wire -- http-outgoing-3 >> "User-Agent: tc-java/1.19.3[\r][\n]"
08:04:56.805 [main] DEBUG com.github.dockerjava.zerodep.shaded.org.apache.hc.client5.http.wire -- http-outgoing-3 >> "Accept-Encoding: gzip, x-gzip, deflate[\r][\n]"
08:04:56.805 [main] DEBUG com.github.dockerjava.zerodep.shaded.org.apache.hc.client5.http.wire -- http-outgoing-3 >> "Host: localhost:2375[\r][\n]"
08:04:56.805 [main] DEBUG com.github.dockerjava.zerodep.shaded.org.apache.hc.client5.http.wire -- http-outgoing-3 >> "Connection: keep-alive[\r][\n]"
08:04:56.805 [main] DEBUG com.github.dockerjava.zerodep.shaded.org.apache.hc.client5.http.wire -- http-outgoing-3 >> "[\r][\n]"
08:04:56.808 [main] DEBUG com.github.dockerjava.zerodep.shaded.org.apache.hc.client5.http.wire -- http-outgoing-3 << "HTTP/1.1 200 OK[\r][\n]"
08:04:56.808 [main] DEBUG com.github.dockerjava.zerodep.shaded.org.apache.hc.client5.http.wire -- http-outgoing-3 << "Api-Version: 1.47[\r][\n]"
08:04:56.809 [main] DEBUG com.github.dockerjava.zerodep.shaded.org.apache.hc.client5.http.wire -- http-outgoing-3 << "Content-Type: application/json[\r][\n]"
08:04:56.809 [main] DEBUG com.github.dockerjava.zerodep.shaded.org.apache.hc.client5.http.wire -- http-outgoing-3 << "Date: Fri, 02 May 2025 06:04:56 GMT[\r][\n]"
08:04:56.809 [main] DEBUG com.github.dockerjava.zerodep.shaded.org.apache.hc.client5.http.wire -- http-outgoing-3 << "Docker-Experimental: false[\r][\n]"
08:04:56.809 [main] DEBUG com.github.dockerjava.zerodep.shaded.org.apache.hc.client5.http.wire -- http-outgoing-3 << "Ostype: linux[\r][\n]"
08:04:56.809 [main] DEBUG com.github.dockerjava.zerodep.shaded.org.apache.hc.client5.http.wire -- http-outgoing-3 << "Server: Docker/27.5.1 (linux)[\r][\n]"
08:04:56.809 [main] DEBUG com.github.dockerjava.zerodep.shaded.org.apache.hc.client5.http.wire -- http-outgoing-3 << "Transfer-Encoding: chunked[\r][\n]"
08:04:56.809 [main] DEBUG com.github.dockerjava.zerodep.shaded.org.apache.hc.client5.http.wire -- http-outgoing-3 << "[\r][\n]"
08:04:56.809 [main] DEBUG com.github.dockerjava.zerodep.shaded.org.apache.hc.client5.http.headers -- http-outgoing-3 << HTTP/1.1 200 OK
08:04:56.809 [main] DEBUG com.github.dockerjava.zerodep.shaded.org.apache.hc.client5.http.headers -- http-outgoing-3 << Api-Version: 1.47
08:04:56.809 [main] DEBUG com.github.dockerjava.zerodep.shaded.org.apache.hc.client5.http.headers -- http-outgoing-3 << Content-Type: application/json
08:04:56.809 [main] DEBUG com.github.dockerjava.zerodep.shaded.org.apache.hc.client5.http.headers -- http-outgoing-3 << Date: Fri, 02 May 2025 06:04:56 GMT
08:04:56.809 [main] DEBUG com.github.dockerjava.zerodep.shaded.org.apache.hc.client5.http.headers -- http-outgoing-3 << Docker-Experimental: false
08:04:56.809 [main] DEBUG com.github.dockerjava.zerodep.shaded.org.apache.hc.client5.http.headers -- http-outgoing-3 << Ostype: linux
08:04:56.809 [main] DEBUG com.github.dockerjava.zerodep.shaded.org.apache.hc.client5.http.headers -- http-outgoing-3 << Server: Docker/27.5.1 (linux)
08:04:56.809 [main] DEBUG com.github.dockerjava.zerodep.shaded.org.apache.hc.client5.http.headers -- http-outgoing-3 << Transfer-Encoding: chunked
08:04:56.809 [main] DEBUG com.github.dockerjava.zerodep.shaded.org.apache.hc.client5.http.impl.classic.MainClientExec -- ex-00000018: connection can be kept alive for 3 MINUTES
08:04:56.811 [main] DEBUG com.github.dockerjava.zerodep.shaded.org.apache.hc.client5.http.wire -- http-outgoing-3 << "1275[\r][\n]"
08:04:56.811 [main] DEBUG com.github.dockerjava.zerodep.shaded.org.apache.hc.client5.http.wire -- http-outgoing-3 << "{"Id":"3aabc60e6494b6354e6bbe95b9fc51055c9e9c6ef5bb0292a702406b6c2c92a6","Created":"2025-05-02T06:04:56.311459068Z","Path":"/bin/sh","Args":["-c","echo 'c2VjcmV0' | base64 -d \u003e /vnc_password \u0026\u0026 flvrec.py -o /screen.flv -d -r 30 -P /vnc_password tc-oMUVLb15 5900"],"State":{"Status":"running","Running":true,"Paused":false,"Restarting":false,"OOMKilled":false,"Dead":false,"Pid":18000,"ExitCode":0,"Error":"","StartedAt":"2025-05-02T06:04:56.470660993Z","FinishedAt":"0001-01-01T00:00:00Z"},"Image":"sha256:97fba4daa01bdb900a0716e48765e32c39e26d9357522a5b6004da7799f0822e","ResolvConfPath":"/var/lib/docker/containers/3aabc60e6494b6354e6bbe95b9fc51055c9e9c6ef5bb0292a702406b6c2c92a6/resolv.conf","HostnamePath":"/var/lib/docker/containers/3aabc60e6494b6354e6bbe95b9fc51055c9e9c6ef5bb0292a702406b6c2c92a6/hostname","HostsPath":"/var/lib/docker/containers/3aabc60e6494b6354e6bbe95b9fc51055c9e9c6ef5bb0292a702406b6c2c92a6/hosts","LogPath":"/var/lib/docker/containers/3aabc60e6494b6354e6bbe95b9fc51055c9e9c6ef5bb0292a702406b6c2c92a6/3aabc60e6494b6354e6bbe95b9fc51055c9e9c6ef5bb0292a702406b6c2c92a6-json.log","Name":"/amazing_carson","RestartCount":0,"Driver":"overlayfs","Platform":"linux","MountLabel":"","ProcessLabel":"","AppArmorProfile":"","ExecIDs":null,"HostConfig":{"Binds":[],"ContainerIDFile":"","LogConfig":{"Type":"json-file","Config":{}},"NetworkMode":"b704b6e8f8077f8578449cf0c6e98e04e9e3eea75c6ef53aba4dbe1e0b306329","PortBindings":{},"RestartPolicy":{"Name":"no","MaximumRetryCount":0},"AutoRemove":false,"VolumeDriver":"","VolumesFrom":[],"ConsoleSize":[0,0],"CapAdd":null,"CapDrop":null,"CgroupnsMode":"host","Dns":null,"DnsOptions":null,"DnsSearch":null,"ExtraHosts":[],"GroupAdd":null,"IpcMode":"shareable","Cgroup":"","Links":null,"OomScoreAdj":0,"PidMode":"","Privileged":false,"PublishAllPorts":false,"ReadonlyRootfs":false,"SecurityOpt":null,"UTSMode":"","UsernsMode":"","ShmSize":67108864,"Runtime":"runc","Isolation":"","CpuShares":0,"Memory":0,"NanoCpus":0,"CgroupParent":"","BlkioWeight":0,"BlkioWeightDevice":null,"BlkioDeviceReadBps":null,"BlkioDeviceWriteBps":null,"BlkioDeviceReadIOps":null,"BlkioDeviceWriteIOps":null,"CpuPeriod":0,"CpuQuota":0,"CpuRealtimePeriod":0,"CpuRealtimeRuntime":0,"CpusetCpus":"","CpusetMems":"","Devices":null,"DeviceCgroupRules":null,"DeviceRequests":null,"MemoryReservation":0,"MemorySwap":0,"MemorySwappiness":null,"OomKillDisable":false,"PidsLimit":null,"Ulimits":null,"CpuCount":0,"CpuPercent":0,"IOMaximumIOps":0,"IOMaximumBandwidth":0,"MaskedPaths":["/proc/asound","/proc/acpi","/proc/kcore","/proc/keys","/proc/latency_stats","/proc/timer_list","/proc/timer_stats","/proc/sched_debug","/proc/scsi","/sys/firmware","/sys/devices/virtual/powercap"],"ReadonlyPaths":["/proc/bus","/proc/fs","/proc/irq","/proc/sys","/proc/sysrq-trigger"]},"GraphDriver":{"Data":null,"Name":"overlayfs"},"Mounts":[],"Config":{"Hostname":"3aabc60e6494","Domainname":"","User":"","AttachStdin":false,"AttachStdout":false,"AttachStderr":false,"Tty":false,"OpenStdin":false,"StdinOnce":false,"Env":["PATH=/usr/local/sbin:/usr/local/bin:/usr/sbin:/usr/bin:/sbin:/bin"],"Cmd":["-c","echo 'c2VjcmV0' | base64 -d \u003e /vnc_password \u0026\u0026 flvrec.py -o /screen.flv -d -r 30 -P /vnc_password tc-oMUVLb15 5900"],"Image":"testcontainers/vnc-recorder:1.3.0","Volumes":null,"WorkingDir":"","Entrypoint":["/bin/sh"],"OnBuild":null,"Labels":{"Description":"This image can be used to create a sidekick container for recording videos of VNC sessions hosted in other containers","maintainer":"Richard North \u003crich.north@gmail.com\u003e","org.testcontainers":"true","org.testcontainers.lang":"java","org.testcontainers.sessionId":"3e81ff38-c5d8-46ef-80ba-8fe8bfdd672a","org.testcontainers.version":"1.19.3"}},"NetworkSettings":{"Bridge":"","SandboxID":"b73e07b38b710a8838630b2064370756d45cc26f2545d44771d28a66ea4462fd","SandboxKey":"/var/run/docker/netns/b73e07b38b71","Ports":{},"HairpinMode":false,"LinkLocalIPv6Address":"","LinkLocalIPv6PrefixLen":0,"SecondaryIPAddresses":null,"SecondaryIPv6Addresses":null,"EndpointID":"","Gateway":"","G"
08:04:56.812 [main] DEBUG com.github.dockerjava.zerodep.shaded.org.apache.hc.client5.http.wire -- http-outgoing-3 << "lobalIPv6Address":"","GlobalIPv6PrefixLen":0,"IPAddress":"","IPPrefixLen":0,"IPv6Gateway":"","MacAddress":"","Networks":{"dd79b24f-5dea-4620-b1e4-b05cb2db2118":{"IPAMConfig":null,"Links":null,"Aliases":["tc-wKrHECQZ","3aabc60e6494"],"MacAddress":"02:42:ac:13:00:03","DriverOpts":null,"NetworkID":"b704b6e8f8077f8578449cf0c6e98e04e9e3eea75c6ef53aba4dbe1e0b306329","EndpointID":"48b3cf176b2098724fc01ba2bb74dd1606339067eb422ca3bc649ec432d9e312","Gateway":"172.19.0.1","IPAddress":"172.19.0.3","IPPrefixLen":16,"IPv6Gateway":"","GlobalIPv6Address":"","GlobalIPv6PrefixLen":0,"DNSNames":["amazing_carson","tc-wKrHECQZ","3aabc60e6494"]}}}}[\n]"
08:04:56.813 [main] DEBUG com.github.dockerjava.zerodep.shaded.org.apache.hc.client5.http.wire -- http-outgoing-3 << "[\r][\n]"
08:04:56.814 [main] DEBUG com.github.dockerjava.zerodep.shaded.org.apache.hc.client5.http.wire -- http-outgoing-3 << "0[\r][\n]"
08:04:56.814 [main] DEBUG com.github.dockerjava.zerodep.shaded.org.apache.hc.client5.http.wire -- http-outgoing-3 << "[\r][\n]"
08:04:56.814 [main] DEBUG com.github.dockerjava.zerodep.shaded.org.apache.hc.client5.http.impl.classic.InternalHttpClient -- ep-00000017: releasing valid endpoint
08:04:56.814 [main] DEBUG com.github.dockerjava.zerodep.shaded.org.apache.hc.client5.http.impl.io.PoolingHttpClientConnectionManager -- ep-00000017: releasing endpoint
08:04:56.814 [main] DEBUG com.github.dockerjava.zerodep.shaded.org.apache.hc.client5.http.impl.io.PoolingHttpClientConnectionManager -- ep-00000017: connection http-outgoing-3 can be kept alive for 3 MINUTES
08:04:56.814 [main] DEBUG com.github.dockerjava.zerodep.shaded.org.apache.hc.client5.http.impl.io.PoolingHttpClientConnectionManager -- ep-00000017: connection released [route: {}->npipe://localhost:2375][total available: 2; route allocated: 2 of 2147483647; total allocated: 2 of 2147483647]
08:04:56.814 [main] DEBUG org.testcontainers.shaded.com.github.dockerjava.core.command.AbstrDockerCmd -- Cmd: sha256:97fba4daa01bdb900a0716e48765e32c39e26d9357522a5b6004da7799f0822e
08:04:56.815 [main] DEBUG com.github.dockerjava.zerodep.shaded.org.apache.hc.client5.http.impl.classic.InternalHttpClient -- ex-00000019: preparing request execution
08:04:56.815 [main] DEBUG com.github.dockerjava.zerodep.shaded.org.apache.hc.client5.http.protocol.RequestAddCookies -- Cookie spec selected: strict
08:04:56.815 [main] DEBUG com.github.dockerjava.zerodep.shaded.org.apache.hc.client5.http.protocol.RequestAuthCache -- Auth cache not set in the context
08:04:56.815 [main] DEBUG com.github.dockerjava.zerodep.shaded.org.apache.hc.client5.http.impl.classic.ProtocolExec -- ex-00000019: target auth state: UNCHALLENGED
08:04:56.815 [main] DEBUG com.github.dockerjava.zerodep.shaded.org.apache.hc.client5.http.impl.classic.ProtocolExec -- ex-00000019: proxy auth state: UNCHALLENGED
08:04:56.815 [main] DEBUG com.github.dockerjava.zerodep.shaded.org.apache.hc.client5.http.impl.classic.ConnectExec -- ex-00000019: acquiring connection with route {}->npipe://localhost:2375
08:04:56.815 [main] DEBUG com.github.dockerjava.zerodep.shaded.org.apache.hc.client5.http.impl.classic.InternalHttpClient -- ex-00000019: acquiring endpoint (3 MINUTES)
08:04:56.815 [main] DEBUG com.github.dockerjava.zerodep.shaded.org.apache.hc.client5.http.impl.io.PoolingHttpClientConnectionManager -- ex-00000019: endpoint lease request (3 MINUTES) [route: {}->npipe://localhost:2375][total available: 2; route allocated: 2 of 2147483647; total allocated: 2 of 2147483647]
08:04:56.816 [main] DEBUG com.github.dockerjava.zerodep.shaded.org.apache.hc.client5.http.impl.io.PoolingHttpClientConnectionManager -- ex-00000019: endpoint leased [route: {}->npipe://localhost:2375][total available: 1; route allocated: 2 of 2147483647; total allocated: 2 of 2147483647]
08:04:56.816 [main] DEBUG com.github.dockerjava.zerodep.shaded.org.apache.hc.client5.http.impl.io.PoolingHttpClientConnectionManager -- ex-00000019: acquired ep-00000018
08:04:56.816 [main] DEBUG com.github.dockerjava.zerodep.shaded.org.apache.hc.client5.http.impl.classic.InternalHttpClient -- ex-00000019: acquired endpoint ep-00000018
08:04:56.816 [main] DEBUG com.github.dockerjava.zerodep.shaded.org.apache.hc.client5.http.impl.classic.MainClientExec -- ex-00000019: executing GET /v1.32/images/sha256:97fba4daa01bdb900a0716e48765e32c39e26d9357522a5b6004da7799f0822e/json HTTP/1.1
08:04:56.816 [main] DEBUG com.github.dockerjava.zerodep.shaded.org.apache.hc.client5.http.impl.classic.InternalHttpClient -- ep-00000018: start execution ex-00000019
08:04:56.816 [main] DEBUG com.github.dockerjava.zerodep.shaded.org.apache.hc.client5.http.impl.io.PoolingHttpClientConnectionManager -- ep-00000018: executing exchange ex-00000019 over http-outgoing-3
08:04:56.816 [main] DEBUG com.github.dockerjava.zerodep.shaded.org.apache.hc.client5.http.headers -- http-outgoing-3 >> GET /v1.32/images/sha256:97fba4daa01bdb900a0716e48765e32c39e26d9357522a5b6004da7799f0822e/json HTTP/1.1
08:04:56.816 [main] DEBUG com.github.dockerjava.zerodep.shaded.org.apache.hc.client5.http.headers -- http-outgoing-3 >> accept: application/json
08:04:56.816 [main] DEBUG com.github.dockerjava.zerodep.shaded.org.apache.hc.client5.http.headers -- http-outgoing-3 >> x-tc-sid: 3e81ff38-c5d8-46ef-80ba-8fe8bfdd672a
08:04:56.816 [main] DEBUG com.github.dockerjava.zerodep.shaded.org.apache.hc.client5.http.headers -- http-outgoing-3 >> User-Agent: tc-java/1.19.3
08:04:56.816 [main] DEBUG com.github.dockerjava.zerodep.shaded.org.apache.hc.client5.http.headers -- http-outgoing-3 >> Accept-Encoding: gzip, x-gzip, deflate
08:04:56.816 [main] DEBUG com.github.dockerjava.zerodep.shaded.org.apache.hc.client5.http.headers -- http-outgoing-3 >> Host: localhost:2375
08:04:56.816 [main] DEBUG com.github.dockerjava.zerodep.shaded.org.apache.hc.client5.http.headers -- http-outgoing-3 >> Connection: keep-alive
08:04:56.816 [main] DEBUG com.github.dockerjava.zerodep.shaded.org.apache.hc.client5.http.wire -- http-outgoing-3 >> "GET /v1.32/images/sha256:97fba4daa01bdb900a0716e48765e32c39e26d9357522a5b6004da7799f0822e/json HTTP/1.1[\r][\n]"
08:04:56.816 [main] DEBUG com.github.dockerjava.zerodep.shaded.org.apache.hc.client5.http.wire -- http-outgoing-3 >> "accept: application/json[\r][\n]"
08:04:56.816 [main] DEBUG com.github.dockerjava.zerodep.shaded.org.apache.hc.client5.http.wire -- http-outgoing-3 >> "x-tc-sid: 3e81ff38-c5d8-46ef-80ba-8fe8bfdd672a[\r][\n]"
08:04:56.816 [main] DEBUG com.github.dockerjava.zerodep.shaded.org.apache.hc.client5.http.wire -- http-outgoing-3 >> "User-Agent: tc-java/1.19.3[\r][\n]"
08:04:56.816 [main] DEBUG com.github.dockerjava.zerodep.shaded.org.apache.hc.client5.http.wire -- http-outgoing-3 >> "Accept-Encoding: gzip, x-gzip, deflate[\r][\n]"
08:04:56.816 [main] DEBUG com.github.dockerjava.zerodep.shaded.org.apache.hc.client5.http.wire -- http-outgoing-3 >> "Host: localhost:2375[\r][\n]"
08:04:56.816 [main] DEBUG com.github.dockerjava.zerodep.shaded.org.apache.hc.client5.http.wire -- http-outgoing-3 >> "Connection: keep-alive[\r][\n]"
08:04:56.816 [main] DEBUG com.github.dockerjava.zerodep.shaded.org.apache.hc.client5.http.wire -- http-outgoing-3 >> "[\r][\n]"
08:04:56.836 [main] DEBUG com.github.dockerjava.zerodep.shaded.org.apache.hc.client5.http.wire -- http-outgoing-3 << "HTTP/1.1 200 OK[\r][\n]"
08:04:56.836 [main] DEBUG com.github.dockerjava.zerodep.shaded.org.apache.hc.client5.http.wire -- http-outgoing-3 << "Api-Version: 1.47[\r][\n]"
08:04:56.836 [main] DEBUG com.github.dockerjava.zerodep.shaded.org.apache.hc.client5.http.wire -- http-outgoing-3 << "Content-Type: application/json[\r][\n]"
08:04:56.836 [main] DEBUG com.github.dockerjava.zerodep.shaded.org.apache.hc.client5.http.wire -- http-outgoing-3 << "Date: Fri, 02 May 2025 06:04:56 GMT[\r][\n]"
08:04:56.836 [main] DEBUG com.github.dockerjava.zerodep.shaded.org.apache.hc.client5.http.wire -- http-outgoing-3 << "Docker-Experimental: false[\r][\n]"
08:04:56.836 [main] DEBUG com.github.dockerjava.zerodep.shaded.org.apache.hc.client5.http.wire -- http-outgoing-3 << "Ostype: linux[\r][\n]"
08:04:56.836 [main] DEBUG com.github.dockerjava.zerodep.shaded.org.apache.hc.client5.http.wire -- http-outgoing-3 << "Server: Docker/27.5.1 (linux)[\r][\n]"
08:04:56.836 [main] DEBUG com.github.dockerjava.zerodep.shaded.org.apache.hc.client5.http.wire -- http-outgoing-3 << "Transfer-Encoding: chunked[\r][\n]"
08:04:56.836 [main] DEBUG com.github.dockerjava.zerodep.shaded.org.apache.hc.client5.http.wire -- http-outgoing-3 << "[\r][\n]"
08:04:56.837 [main] DEBUG com.github.dockerjava.zerodep.shaded.org.apache.hc.client5.http.headers -- http-outgoing-3 << HTTP/1.1 200 OK
08:04:56.837 [main] DEBUG com.github.dockerjava.zerodep.shaded.org.apache.hc.client5.http.headers -- http-outgoing-3 << Api-Version: 1.47
08:04:56.837 [main] DEBUG com.github.dockerjava.zerodep.shaded.org.apache.hc.client5.http.headers -- http-outgoing-3 << Content-Type: application/json
08:04:56.837 [main] DEBUG com.github.dockerjava.zerodep.shaded.org.apache.hc.client5.http.headers -- http-outgoing-3 << Date: Fri, 02 May 2025 06:04:56 GMT
08:04:56.837 [main] DEBUG com.github.dockerjava.zerodep.shaded.org.apache.hc.client5.http.headers -- http-outgoing-3 << Docker-Experimental: false
08:04:56.837 [main] DEBUG com.github.dockerjava.zerodep.shaded.org.apache.hc.client5.http.headers -- http-outgoing-3 << Ostype: linux
08:04:56.837 [main] DEBUG com.github.dockerjava.zerodep.shaded.org.apache.hc.client5.http.headers -- http-outgoing-3 << Server: Docker/27.5.1 (linux)
08:04:56.837 [main] DEBUG com.github.dockerjava.zerodep.shaded.org.apache.hc.client5.http.headers -- http-outgoing-3 << Transfer-Encoding: chunked
08:04:56.837 [main] DEBUG com.github.dockerjava.zerodep.shaded.org.apache.hc.client5.http.impl.classic.MainClientExec -- ex-00000019: connection can be kept alive for 3 MINUTES
08:04:56.837 [main] DEBUG com.github.dockerjava.zerodep.shaded.org.apache.hc.client5.http.wire -- http-outgoing-3 << "62c[\r][\n]"
08:04:56.837 [main] DEBUG com.github.dockerjava.zerodep.shaded.org.apache.hc.client5.http.wire -- http-outgoing-3 << "{"Id":"sha256:97fba4daa01bdb900a0716e48765e32c39e26d9357522a5b6004da7799f0822e","RepoTags":["testcontainers/vnc-recorder:1.3.0"],"RepoDigests":["testcontainers/vnc-recorder@sha256:97fba4daa01bdb900a0716e48765e32c39e26d9357522a5b6004da7799f0822e"],"Parent":"","Comment":"buildkit.dockerfile.v0","Created":"2022-11-23T13:43:28.996024796Z","ContainerConfig":{"Hostname":"","Domainname":"","User":"","AttachStdin":false,"AttachStdout":false,"AttachStderr":false,"Tty":false,"OpenStdin":false,"StdinOnce":false,"Env":null,"Cmd":null,"Image":"","Volumes":null,"WorkingDir":"","Entrypoint":null,"OnBuild":null,"Labels":null},"DockerVersion":"27.5.1","Author":"","Config":{"Hostname":"","Domainname":"","User":"","AttachStdin":false,"AttachStdout":false,"AttachStderr":false,"Tty":false,"OpenStdin":false,"StdinOnce":false,"Env":["PATH=/usr/local/sbin:/usr/local/bin:/usr/sbin:/usr/bin:/sbin:/bin"],"Cmd":["--help"],"ArgsEscaped":true,"Image":"","Volumes":null,"WorkingDir":"","Entrypoint":["flvrec.py"],"OnBuild":null,"Labels":{"Description":"This image can be used to create a sidekick container for recording videos of VNC sessions hosted in other containers","maintainer":"Richard North <rich.north@gmail.com>"}},"Architecture":"amd64","Os":"linux","Size":266546989,"VirtualSize":266546989,"GraphDriver":{"Data":null,"Name":"overlayfs"},"RootFS":{"Type":"layers","Layers":["sha256:07cab433985205f29909739f511777a810f4a9aff486355b71308bb654cdc868","sha256:6ff66b407081b5472634abfe9f44925eea53e23873c8e7ce81870c1d1e50ee3c"]},"Metadata":{"LastTagTime":"2025-05-01T17:44:31.817576144Z"}}[\n]"
08:04:56.837 [main] DEBUG com.github.dockerjava.zerodep.shaded.org.apache.hc.client5.http.wire -- http-outgoing-3 << "[\r][\n]"
08:04:56.837 [main] DEBUG com.github.dockerjava.zerodep.shaded.org.apache.hc.client5.http.wire -- http-outgoing-3 << "0[\r][\n]"
08:04:56.837 [main] DEBUG com.github.dockerjava.zerodep.shaded.org.apache.hc.client5.http.wire -- http-outgoing-3 << "[\r][\n]"
08:04:56.838 [main] DEBUG com.github.dockerjava.zerodep.shaded.org.apache.hc.client5.http.impl.classic.InternalHttpClient -- ep-00000018: releasing valid endpoint
08:04:56.838 [main] DEBUG com.github.dockerjava.zerodep.shaded.org.apache.hc.client5.http.impl.io.PoolingHttpClientConnectionManager -- ep-00000018: releasing endpoint
08:04:56.838 [main] DEBUG com.github.dockerjava.zerodep.shaded.org.apache.hc.client5.http.impl.io.PoolingHttpClientConnectionManager -- ep-00000018: connection http-outgoing-3 can be kept alive for 3 MINUTES
08:04:56.838 [main] DEBUG com.github.dockerjava.zerodep.shaded.org.apache.hc.client5.http.impl.io.PoolingHttpClientConnectionManager -- ep-00000018: connection released [route: {}->npipe://localhost:2375][total available: 2; route allocated: 2 of 2147483647; total allocated: 2 of 2147483647]
08:04:56.838 [main] DEBUG org.testcontainers.shaded.com.github.dockerjava.core.command.AbstrDockerCmd -- Cmd: 
08:04:56.839 [main] DEBUG com.github.dockerjava.zerodep.shaded.org.apache.hc.client5.http.impl.classic.InternalHttpClient -- ex-0000001A: preparing request execution
08:04:56.839 [main] DEBUG com.github.dockerjava.zerodep.shaded.org.apache.hc.client5.http.protocol.RequestAddCookies -- Cookie spec selected: strict
08:04:56.839 [main] DEBUG com.github.dockerjava.zerodep.shaded.org.apache.hc.client5.http.protocol.RequestAuthCache -- Auth cache not set in the context
08:04:56.839 [main] DEBUG com.github.dockerjava.zerodep.shaded.org.apache.hc.client5.http.impl.classic.ProtocolExec -- ex-0000001A: target auth state: UNCHALLENGED
08:04:56.839 [main] DEBUG com.github.dockerjava.zerodep.shaded.org.apache.hc.client5.http.impl.classic.ProtocolExec -- ex-0000001A: proxy auth state: UNCHALLENGED
08:04:56.839 [main] DEBUG com.github.dockerjava.zerodep.shaded.org.apache.hc.client5.http.impl.classic.ConnectExec -- ex-0000001A: acquiring connection with route {}->npipe://localhost:2375
08:04:56.839 [main] DEBUG com.github.dockerjava.zerodep.shaded.org.apache.hc.client5.http.impl.classic.InternalHttpClient -- ex-0000001A: acquiring endpoint (3 MINUTES)
08:04:56.839 [main] DEBUG com.github.dockerjava.zerodep.shaded.org.apache.hc.client5.http.impl.io.PoolingHttpClientConnectionManager -- ex-0000001A: endpoint lease request (3 MINUTES) [route: {}->npipe://localhost:2375][total available: 2; route allocated: 2 of 2147483647; total allocated: 2 of 2147483647]
08:04:56.839 [main] DEBUG com.github.dockerjava.zerodep.shaded.org.apache.hc.client5.http.impl.io.PoolingHttpClientConnectionManager -- ex-0000001A: endpoint leased [route: {}->npipe://localhost:2375][total available: 1; route allocated: 2 of 2147483647; total allocated: 2 of 2147483647]
08:04:56.839 [main] DEBUG com.github.dockerjava.zerodep.shaded.org.apache.hc.client5.http.impl.io.PoolingHttpClientConnectionManager -- ex-0000001A: acquired ep-00000019
08:04:56.839 [main] DEBUG com.github.dockerjava.zerodep.shaded.org.apache.hc.client5.http.impl.classic.InternalHttpClient -- ex-0000001A: acquired endpoint ep-00000019
08:04:56.839 [main] DEBUG com.github.dockerjava.zerodep.shaded.org.apache.hc.client5.http.impl.classic.MainClientExec -- ex-0000001A: executing GET /v1.32/version HTTP/1.1
08:04:56.839 [main] DEBUG com.github.dockerjava.zerodep.shaded.org.apache.hc.client5.http.impl.classic.InternalHttpClient -- ep-00000019: start execution ex-0000001A
08:04:56.839 [main] DEBUG com.github.dockerjava.zerodep.shaded.org.apache.hc.client5.http.impl.io.PoolingHttpClientConnectionManager -- ep-00000019: executing exchange ex-0000001A over http-outgoing-3
08:04:56.839 [main] DEBUG com.github.dockerjava.zerodep.shaded.org.apache.hc.client5.http.headers -- http-outgoing-3 >> GET /v1.32/version HTTP/1.1
08:04:56.839 [main] DEBUG com.github.dockerjava.zerodep.shaded.org.apache.hc.client5.http.headers -- http-outgoing-3 >> accept: application/json
08:04:56.839 [main] DEBUG com.github.dockerjava.zerodep.shaded.org.apache.hc.client5.http.headers -- http-outgoing-3 >> x-tc-sid: 3e81ff38-c5d8-46ef-80ba-8fe8bfdd672a
08:04:56.839 [main] DEBUG com.github.dockerjava.zerodep.shaded.org.apache.hc.client5.http.headers -- http-outgoing-3 >> User-Agent: tc-java/1.19.3
08:04:56.839 [main] DEBUG com.github.dockerjava.zerodep.shaded.org.apache.hc.client5.http.headers -- http-outgoing-3 >> Accept-Encoding: gzip, x-gzip, deflate
08:04:56.839 [main] DEBUG com.github.dockerjava.zerodep.shaded.org.apache.hc.client5.http.headers -- http-outgoing-3 >> Host: localhost:2375
08:04:56.839 [main] DEBUG com.github.dockerjava.zerodep.shaded.org.apache.hc.client5.http.headers -- http-outgoing-3 >> Connection: keep-alive
08:04:56.839 [main] DEBUG com.github.dockerjava.zerodep.shaded.org.apache.hc.client5.http.wire -- http-outgoing-3 >> "GET /v1.32/version HTTP/1.1[\r][\n]"
08:04:56.839 [main] DEBUG com.github.dockerjava.zerodep.shaded.org.apache.hc.client5.http.wire -- http-outgoing-3 >> "accept: application/json[\r][\n]"
08:04:56.839 [main] DEBUG com.github.dockerjava.zerodep.shaded.org.apache.hc.client5.http.wire -- http-outgoing-3 >> "x-tc-sid: 3e81ff38-c5d8-46ef-80ba-8fe8bfdd672a[\r][\n]"
08:04:56.839 [main] DEBUG com.github.dockerjava.zerodep.shaded.org.apache.hc.client5.http.wire -- http-outgoing-3 >> "User-Agent: tc-java/1.19.3[\r][\n]"
08:04:56.839 [main] DEBUG com.github.dockerjava.zerodep.shaded.org.apache.hc.client5.http.wire -- http-outgoing-3 >> "Accept-Encoding: gzip, x-gzip, deflate[\r][\n]"
08:04:56.839 [main] DEBUG com.github.dockerjava.zerodep.shaded.org.apache.hc.client5.http.wire -- http-outgoing-3 >> "Host: localhost:2375[\r][\n]"
08:04:56.839 [main] DEBUG com.github.dockerjava.zerodep.shaded.org.apache.hc.client5.http.wire -- http-outgoing-3 >> "Connection: keep-alive[\r][\n]"
08:04:56.839 [main] DEBUG com.github.dockerjava.zerodep.shaded.org.apache.hc.client5.http.wire -- http-outgoing-3 >> "[\r][\n]"
08:04:56.850 [main] DEBUG com.github.dockerjava.zerodep.shaded.org.apache.hc.client5.http.wire -- http-outgoing-3 << "HTTP/1.1 200 OK[\r][\n]"
08:04:56.850 [main] DEBUG com.github.dockerjava.zerodep.shaded.org.apache.hc.client5.http.wire -- http-outgoing-3 << "Api-Version: 1.47[\r][\n]"
08:04:56.850 [main] DEBUG com.github.dockerjava.zerodep.shaded.org.apache.hc.client5.http.wire -- http-outgoing-3 << "Content-Type: application/json[\r][\n]"
08:04:56.850 [main] DEBUG com.github.dockerjava.zerodep.shaded.org.apache.hc.client5.http.wire -- http-outgoing-3 << "Date: Fri, 02 May 2025 06:04:56 GMT[\r][\n]"
08:04:56.850 [main] DEBUG com.github.dockerjava.zerodep.shaded.org.apache.hc.client5.http.wire -- http-outgoing-3 << "Docker-Experimental: false[\r][\n]"
08:04:56.850 [main] DEBUG com.github.dockerjava.zerodep.shaded.org.apache.hc.client5.http.wire -- http-outgoing-3 << "Ostype: linux[\r][\n]"
08:04:56.850 [main] DEBUG com.github.dockerjava.zerodep.shaded.org.apache.hc.client5.http.wire -- http-outgoing-3 << "Server: Docker/27.5.1 (linux)[\r][\n]"
08:04:56.850 [main] DEBUG com.github.dockerjava.zerodep.shaded.org.apache.hc.client5.http.wire -- http-outgoing-3 << "Transfer-Encoding: chunked[\r][\n]"
08:04:56.850 [main] DEBUG com.github.dockerjava.zerodep.shaded.org.apache.hc.client5.http.wire -- http-outgoing-3 << "[\r][\n]"
08:04:56.851 [main] DEBUG com.github.dockerjava.zerodep.shaded.org.apache.hc.client5.http.headers -- http-outgoing-3 << HTTP/1.1 200 OK
08:04:56.851 [main] DEBUG com.github.dockerjava.zerodep.shaded.org.apache.hc.client5.http.headers -- http-outgoing-3 << Api-Version: 1.47
08:04:56.851 [main] DEBUG com.github.dockerjava.zerodep.shaded.org.apache.hc.client5.http.headers -- http-outgoing-3 << Content-Type: application/json
08:04:56.851 [main] DEBUG com.github.dockerjava.zerodep.shaded.org.apache.hc.client5.http.headers -- http-outgoing-3 << Date: Fri, 02 May 2025 06:04:56 GMT
08:04:56.851 [main] DEBUG com.github.dockerjava.zerodep.shaded.org.apache.hc.client5.http.headers -- http-outgoing-3 << Docker-Experimental: false
08:04:56.851 [main] DEBUG com.github.dockerjava.zerodep.shaded.org.apache.hc.client5.http.headers -- http-outgoing-3 << Ostype: linux
08:04:56.851 [main] DEBUG com.github.dockerjava.zerodep.shaded.org.apache.hc.client5.http.headers -- http-outgoing-3 << Server: Docker/27.5.1 (linux)
08:04:56.851 [main] DEBUG com.github.dockerjava.zerodep.shaded.org.apache.hc.client5.http.headers -- http-outgoing-3 << Transfer-Encoding: chunked
08:04:56.851 [main] DEBUG com.github.dockerjava.zerodep.shaded.org.apache.hc.client5.http.impl.classic.MainClientExec -- ex-0000001A: connection can be kept alive for 3 MINUTES
08:04:56.851 [main] DEBUG com.github.dockerjava.zerodep.shaded.org.apache.hc.client5.http.wire -- http-outgoing-3 << "362[\r][\n]"
08:04:56.851 [main] DEBUG com.github.dockerjava.zerodep.shaded.org.apache.hc.client5.http.wire -- http-outgoing-3 << "{"Platform":{"Name":"Docker Desktop 4.38.0 (181591)"},"Components":[{"Name":"Engine","Version":"27.5.1","Details":{"ApiVersion":"1.47","Arch":"amd64","BuildTime":"2025-01-22T13:41:17.000000000+00:00","Experimental":"false","GitCommit":"4c9b3b0","GoVersion":"go1.22.11","KernelVersion":"5.15.167.4-microsoft-standard-WSL2","MinAPIVersion":"1.24","Os":"linux"}},{"Name":"containerd","Version":"1.7.25","Details":{"GitCommit":"bcc810d6b9066471b0b6fa75f557a15a1cbf31bb"}},{"Name":"runc","Version":"1.1.12","Details":{"GitCommit":"v1.1.12-0-g51d5e946"}},{"Name":"docker-init","Version":"0.19.0","Details":{"GitCommit":"de40ad0"}}],"Version":"27.5.1","ApiVersion":"1.47","MinAPIVersion":"1.24","GitCommit":"4c9b3b0","GoVersion":"go1.22.11","Os":"linux","Arch":"amd64","KernelVersion":"5.15.167.4-microsoft-standard-WSL2","BuildTime":"2025-01-22T13:41:17.000000000+00:00"}[\n]"
08:04:56.851 [main] DEBUG com.github.dockerjava.zerodep.shaded.org.apache.hc.client5.http.wire -- http-outgoing-3 << "[\r][\n]"
08:04:56.851 [main] DEBUG com.github.dockerjava.zerodep.shaded.org.apache.hc.client5.http.wire -- http-outgoing-3 << "0[\r][\n]"
08:04:56.851 [main] DEBUG com.github.dockerjava.zerodep.shaded.org.apache.hc.client5.http.wire -- http-outgoing-3 << "[\r][\n]"
08:04:56.852 [main] DEBUG com.github.dockerjava.zerodep.shaded.org.apache.hc.client5.http.impl.classic.InternalHttpClient -- ep-00000019: releasing valid endpoint
08:04:56.852 [main] DEBUG com.github.dockerjava.zerodep.shaded.org.apache.hc.client5.http.impl.io.PoolingHttpClientConnectionManager -- ep-00000019: releasing endpoint
08:04:56.852 [main] DEBUG com.github.dockerjava.zerodep.shaded.org.apache.hc.client5.http.impl.io.PoolingHttpClientConnectionManager -- ep-00000019: connection http-outgoing-3 can be kept alive for 3 MINUTES
08:04:56.852 [main] DEBUG com.github.dockerjava.zerodep.shaded.org.apache.hc.client5.http.impl.io.PoolingHttpClientConnectionManager -- ep-00000019: connection released [route: {}->npipe://localhost:2375][total available: 2; route allocated: 2 of 2147483647; total allocated: 2 of 2147483647]
08:04:56.854 [docker-java-stream-1384130215] DEBUG com.github.dockerjava.zerodep.shaded.org.apache.hc.client5.http.impl.classic.InternalHttpClient -- ex-0000001B: preparing request execution
08:04:56.854 [docker-java-stream-1384130215] DEBUG com.github.dockerjava.zerodep.shaded.org.apache.hc.client5.http.protocol.RequestAddCookies -- Cookie spec selected: strict
08:04:56.854 [docker-java-stream-1384130215] DEBUG com.github.dockerjava.zerodep.shaded.org.apache.hc.client5.http.protocol.RequestAuthCache -- Auth cache not set in the context
08:04:56.854 [docker-java-stream-1384130215] DEBUG com.github.dockerjava.zerodep.shaded.org.apache.hc.client5.http.impl.classic.ProtocolExec -- ex-0000001B: target auth state: UNCHALLENGED
08:04:56.854 [docker-java-stream-1384130215] DEBUG com.github.dockerjava.zerodep.shaded.org.apache.hc.client5.http.impl.classic.ProtocolExec -- ex-0000001B: proxy auth state: UNCHALLENGED
08:04:56.854 [docker-java-stream-1384130215] DEBUG com.github.dockerjava.zerodep.shaded.org.apache.hc.client5.http.impl.classic.ConnectExec -- ex-0000001B: acquiring connection with route {}->npipe://localhost:2375
08:04:56.854 [docker-java-stream-1384130215] DEBUG com.github.dockerjava.zerodep.shaded.org.apache.hc.client5.http.impl.classic.InternalHttpClient -- ex-0000001B: acquiring endpoint (3 MINUTES)
08:04:56.854 [docker-java-stream-1384130215] DEBUG com.github.dockerjava.zerodep.shaded.org.apache.hc.client5.http.impl.io.PoolingHttpClientConnectionManager -- ex-0000001B: endpoint lease request (3 MINUTES) [route: {}->npipe://localhost:2375][total available: 2; route allocated: 2 of 2147483647; total allocated: 2 of 2147483647]
08:04:56.854 [docker-java-stream-1384130215] DEBUG com.github.dockerjava.zerodep.shaded.org.apache.hc.client5.http.impl.io.PoolingHttpClientConnectionManager -- ex-0000001B: endpoint leased [route: {}->npipe://localhost:2375][total available: 1; route allocated: 2 of 2147483647; total allocated: 2 of 2147483647]
08:04:56.854 [docker-java-stream-1384130215] DEBUG com.github.dockerjava.zerodep.shaded.org.apache.hc.client5.http.impl.io.PoolingHttpClientConnectionManager -- ex-0000001B: acquired ep-0000001A
08:04:56.854 [docker-java-stream-1384130215] DEBUG com.github.dockerjava.zerodep.shaded.org.apache.hc.client5.http.impl.classic.InternalHttpClient -- ex-0000001B: acquired endpoint ep-0000001A
08:04:56.854 [docker-java-stream-1384130215] DEBUG com.github.dockerjava.zerodep.shaded.org.apache.hc.client5.http.impl.classic.MainClientExec -- ex-0000001B: executing GET /v1.32/containers/3aabc60e6494b6354e6bbe95b9fc51055c9e9c6ef5bb0292a702406b6c2c92a6/logs?stdout=true&stderr=true&follow=true&since=0 HTTP/1.1
08:04:56.854 [docker-java-stream-1384130215] DEBUG com.github.dockerjava.zerodep.shaded.org.apache.hc.client5.http.impl.classic.InternalHttpClient -- ep-0000001A: start execution ex-0000001B
08:04:56.854 [docker-java-stream-1384130215] DEBUG com.github.dockerjava.zerodep.shaded.org.apache.hc.client5.http.impl.io.PoolingHttpClientConnectionManager -- ep-0000001A: executing exchange ex-0000001B over http-outgoing-3
08:04:56.854 [docker-java-stream-1384130215] DEBUG com.github.dockerjava.zerodep.shaded.org.apache.hc.client5.http.headers -- http-outgoing-3 >> GET /v1.32/containers/3aabc60e6494b6354e6bbe95b9fc51055c9e9c6ef5bb0292a702406b6c2c92a6/logs?stdout=true&stderr=true&follow=true&since=0 HTTP/1.1
08:04:56.854 [docker-java-stream-1384130215] DEBUG com.github.dockerjava.zerodep.shaded.org.apache.hc.client5.http.headers -- http-outgoing-3 >> x-tc-sid: 3e81ff38-c5d8-46ef-80ba-8fe8bfdd672a
08:04:56.854 [docker-java-stream-1384130215] DEBUG com.github.dockerjava.zerodep.shaded.org.apache.hc.client5.http.headers -- http-outgoing-3 >> User-Agent: tc-java/1.19.3
08:04:56.854 [docker-java-stream-1384130215] DEBUG com.github.dockerjava.zerodep.shaded.org.apache.hc.client5.http.headers -- http-outgoing-3 >> Accept-Encoding: gzip, x-gzip, deflate
08:04:56.854 [docker-java-stream-1384130215] DEBUG com.github.dockerjava.zerodep.shaded.org.apache.hc.client5.http.headers -- http-outgoing-3 >> Host: localhost:2375
08:04:56.854 [docker-java-stream-1384130215] DEBUG com.github.dockerjava.zerodep.shaded.org.apache.hc.client5.http.headers -- http-outgoing-3 >> Connection: keep-alive
08:04:56.854 [docker-java-stream-1384130215] DEBUG com.github.dockerjava.zerodep.shaded.org.apache.hc.client5.http.wire -- http-outgoing-3 >> "GET /v1.32/containers/3aabc60e6494b6354e6bbe95b9fc51055c9e9c6ef5bb0292a702406b6c2c92a6/logs?stdout=true&stderr=true&follow=true&since=0 HTTP/1.1[\r][\n]"
08:04:56.854 [docker-java-stream-1384130215] DEBUG com.github.dockerjava.zerodep.shaded.org.apache.hc.client5.http.wire -- http-outgoing-3 >> "x-tc-sid: 3e81ff38-c5d8-46ef-80ba-8fe8bfdd672a[\r][\n]"
08:04:56.854 [docker-java-stream-1384130215] DEBUG com.github.dockerjava.zerodep.shaded.org.apache.hc.client5.http.wire -- http-outgoing-3 >> "User-Agent: tc-java/1.19.3[\r][\n]"
08:04:56.854 [docker-java-stream-1384130215] DEBUG com.github.dockerjava.zerodep.shaded.org.apache.hc.client5.http.wire -- http-outgoing-3 >> "Accept-Encoding: gzip, x-gzip, deflate[\r][\n]"
08:04:56.854 [docker-java-stream-1384130215] DEBUG com.github.dockerjava.zerodep.shaded.org.apache.hc.client5.http.wire -- http-outgoing-3 >> "Host: localhost:2375[\r][\n]"
08:04:56.854 [docker-java-stream-1384130215] DEBUG com.github.dockerjava.zerodep.shaded.org.apache.hc.client5.http.wire -- http-outgoing-3 >> "Connection: keep-alive[\r][\n]"
08:04:56.854 [docker-java-stream-1384130215] DEBUG com.github.dockerjava.zerodep.shaded.org.apache.hc.client5.http.wire -- http-outgoing-3 >> "[\r][\n]"
08:04:56.857 [docker-java-stream-1384130215] DEBUG com.github.dockerjava.zerodep.shaded.org.apache.hc.client5.http.wire -- http-outgoing-3 << "HTTP/1.1 200 OK[\r][\n]"
08:04:56.857 [docker-java-stream-1384130215] DEBUG com.github.dockerjava.zerodep.shaded.org.apache.hc.client5.http.wire -- http-outgoing-3 << "Api-Version: 1.47[\r][\n]"
08:04:56.857 [docker-java-stream-1384130215] DEBUG com.github.dockerjava.zerodep.shaded.org.apache.hc.client5.http.wire -- http-outgoing-3 << "Content-Type: application/vnd.docker.raw-stream[\r][\n]"
08:04:56.857 [docker-java-stream-1384130215] DEBUG com.github.dockerjava.zerodep.shaded.org.apache.hc.client5.http.wire -- http-outgoing-3 << "Date: Fri, 02 May 2025 06:04:56 GMT[\r][\n]"
08:04:56.858 [docker-java-stream-1384130215] DEBUG com.github.dockerjava.zerodep.shaded.org.apache.hc.client5.http.wire -- http-outgoing-3 << "Docker-Experimental: false[\r][\n]"
08:04:56.858 [docker-java-stream-1384130215] DEBUG com.github.dockerjava.zerodep.shaded.org.apache.hc.client5.http.wire -- http-outgoing-3 << "Ostype: linux[\r][\n]"
08:04:56.858 [docker-java-stream-1384130215] DEBUG com.github.dockerjava.zerodep.shaded.org.apache.hc.client5.http.wire -- http-outgoing-3 << "Server: Docker/27.5.1 (linux)[\r][\n]"
08:04:56.858 [docker-java-stream-1384130215] DEBUG com.github.dockerjava.zerodep.shaded.org.apache.hc.client5.http.wire -- http-outgoing-3 << "Transfer-Encoding: chunked[\r][\n]"
08:04:56.858 [docker-java-stream-1384130215] DEBUG com.github.dockerjava.zerodep.shaded.org.apache.hc.client5.http.wire -- http-outgoing-3 << "[\r][\n]"
08:04:56.858 [docker-java-stream-1384130215] DEBUG com.github.dockerjava.zerodep.shaded.org.apache.hc.client5.http.headers -- http-outgoing-3 << HTTP/1.1 200 OK
08:04:56.858 [docker-java-stream-1384130215] DEBUG com.github.dockerjava.zerodep.shaded.org.apache.hc.client5.http.headers -- http-outgoing-3 << Api-Version: 1.47
08:04:56.858 [docker-java-stream-1384130215] DEBUG com.github.dockerjava.zerodep.shaded.org.apache.hc.client5.http.headers -- http-outgoing-3 << Content-Type: application/vnd.docker.raw-stream
08:04:56.858 [docker-java-stream-1384130215] DEBUG com.github.dockerjava.zerodep.shaded.org.apache.hc.client5.http.headers -- http-outgoing-3 << Date: Fri, 02 May 2025 06:04:56 GMT
08:04:56.858 [docker-java-stream-1384130215] DEBUG com.github.dockerjava.zerodep.shaded.org.apache.hc.client5.http.headers -- http-outgoing-3 << Docker-Experimental: false
08:04:56.858 [docker-java-stream-1384130215] DEBUG com.github.dockerjava.zerodep.shaded.org.apache.hc.client5.http.headers -- http-outgoing-3 << Ostype: linux
08:04:56.858 [docker-java-stream-1384130215] DEBUG com.github.dockerjava.zerodep.shaded.org.apache.hc.client5.http.headers -- http-outgoing-3 << Server: Docker/27.5.1 (linux)
08:04:56.858 [docker-java-stream-1384130215] DEBUG com.github.dockerjava.zerodep.shaded.org.apache.hc.client5.http.headers -- http-outgoing-3 << Transfer-Encoding: chunked
08:04:56.858 [docker-java-stream-1384130215] DEBUG com.github.dockerjava.zerodep.shaded.org.apache.hc.client5.http.impl.classic.MainClientExec -- ex-0000001B: connection can be kept alive for 3 MINUTES
08:04:56.885 [docker-java-stream-1384130215] DEBUG com.github.dockerjava.zerodep.shaded.org.apache.hc.client5.http.wire -- http-outgoing-3 << "3d[\r][\n]"
08:04:56.885 [docker-java-stream-1384130215] DEBUG com.github.dockerjava.zerodep.shaded.org.apache.hc.client5.http.wire -- http-outgoing-3 << "[0x2][0x0][0x0][0x0][0x0][0x0][0x0]5write_header: flv_version=1, audio=False, video=True[\n]"
08:04:56.885 [docker-java-stream-1384130215] DEBUG com.github.dockerjava.zerodep.shaded.org.apache.hc.client5.http.wire -- http-outgoing-3 << "[\r][\n]"
08:04:56.886 [main] DEBUG org.testcontainers.containers.output.WaitingConsumer -- STDERR: write_header: flv_version=1, audio=False, video=True
08:04:56.886 [docker-java-stream-1384130215] DEBUG com.github.dockerjava.zerodep.shaded.org.apache.hc.client5.http.wire -- http-outgoing-3 << "65[\r][\n]"
08:04:56.886 [docker-java-stream-1384130215] DEBUG com.github.dockerjava.zerodep.shaded.org.apache.hc.client5.http.wire -- http-outgoing-3 << "[0x2][0x0][0x0][0x0][0x0][0x0][0x0]]write_metadata: {'duration': 0, 'width': 0, 'framerate': 30, 'videocodecid': 3, 'height': 0}[\n]"
08:04:56.886 [docker-java-stream-1384130215] DEBUG com.github.dockerjava.zerodep.shaded.org.apache.hc.client5.http.wire -- http-outgoing-3 << "[\r][\n]"
08:04:56.886 [docker-java-stream-1384130215] DEBUG com.github.dockerjava.zerodep.shaded.org.apache.hc.client5.http.wire -- http-outgoing-3 << "18[\r][\n]"
08:04:56.886 [docker-java-stream-1384130215] DEBUG com.github.dockerjava.zerodep.shaded.org.apache.hc.client5.http.wire -- http-outgoing-3 << "[0x2][0x0][0x0][0x0][0x0][0x0][0x0][0x10]start recording[\n]"
08:04:56.886 [docker-java-stream-1384130215] DEBUG com.github.dockerjava.zerodep.shaded.org.apache.hc.client5.http.wire -- http-outgoing-3 << "[\r][\n]"
08:04:56.893 [docker-java-stream-1384130215] DEBUG com.github.dockerjava.zerodep.shaded.org.apache.hc.client5.http.wire -- http-outgoing-3 << "24[\r][\n]"
08:04:56.893 [docker-java-stream-1384130215] DEBUG com.github.dockerjava.zerodep.shaded.org.apache.hc.client5.http.wire -- http-outgoing-3 << "[0x2][0x0][0x0][0x0][0x0][0x0][0x0][0x1c]Connected: tc-oMUVLb15:5900[\n]"
08:04:56.894 [docker-java-stream-1384130215] DEBUG com.github.dockerjava.zerodep.shaded.org.apache.hc.client5.http.wire -- http-outgoing-3 << "[\r][\n]"
08:04:56.907 [main] DEBUG org.testcontainers.containers.output.WaitingConsumer -- STDERR: Connected: tc-oMUVLb15:5900
08:04:56.908 [main] DEBUG com.github.dockerjava.zerodep.shaded.org.apache.hc.client5.http.impl.classic.InternalHttpClient -- ep-0000001A: cancel
08:04:56.908 [main] DEBUG com.github.dockerjava.zerodep.shaded.org.apache.hc.client5.http.impl.io.DefaultManagedHttpClientConnection -- http-outgoing-3: close connection IMMEDIATE
08:04:56.909 [main] DEBUG com.github.dockerjava.zerodep.shaded.org.apache.hc.client5.http.impl.classic.InternalHttpClient -- ep-0000001A: endpoint closed
08:04:56.909 [main] DEBUG com.github.dockerjava.zerodep.shaded.org.apache.hc.client5.http.impl.classic.InternalHttpClient -- ep-0000001A: discarding endpoint
08:04:56.909 [main] DEBUG com.github.dockerjava.zerodep.shaded.org.apache.hc.client5.http.impl.io.PoolingHttpClientConnectionManager -- ep-0000001A: releasing endpoint
08:04:56.909 [main] DEBUG com.github.dockerjava.zerodep.shaded.org.apache.hc.client5.http.impl.io.PoolingHttpClientConnectionManager -- ep-0000001A: connection is not kept alive
08:04:56.909 [docker-java-stream-1384130215] DEBUG com.github.dockerjava.zerodep.shaded.org.apache.hc.client5.http.wire -- http-outgoing-3 << "end of stream"
08:04:56.909 [main] DEBUG com.github.dockerjava.zerodep.shaded.org.apache.hc.client5.http.impl.io.PoolingHttpClientConnectionManager -- ep-0000001A: connection released [route: {}->npipe://localhost:2375][total available: 1; route allocated: 1 of 2147483647; total allocated: 1 of 2147483647]
08:04:56.910 [main] DEBUG com.github.dockerjava.zerodep.shaded.org.apache.hc.client5.http.wire -- http-outgoing-3 << "[read] I/O error: java.nio.channels.ClosedChannelException"
08:04:56.911 [docker-java-stream-1384130215] DEBUG com.github.dockerjava.zerodep.shaded.org.apache.hc.client5.http.wire -- http-outgoing-3 << "[read] I/O error: java.nio.channels.ClosedChannelException"
08:04:56.911 [docker-java-stream-1384130215] DEBUG com.github.dockerjava.zerodep.ApacheDockerHttpClientImpl$ApacheResponse -- Failed to close the response
java.io.IOException: java.nio.channels.ClosedChannelException
	at java.base/java.nio.channels.Channels$1.read(Channels.java:166)
	at com.github.dockerjava.zerodep.shaded.org.apache.hc.client5.http.impl.io.LoggingInputStream.read(LoggingInputStream.java:81)
	at com.github.dockerjava.zerodep.shaded.org.apache.hc.core5.http.impl.io.SessionInputBufferImpl.fillBuffer(SessionInputBufferImpl.java:149)
	at com.github.dockerjava.zerodep.shaded.org.apache.hc.core5.http.impl.io.SessionInputBufferImpl.readLine(SessionInputBufferImpl.java:280)
	at com.github.dockerjava.zerodep.shaded.org.apache.hc.core5.http.impl.io.ChunkedInputStream.getChunkSize(ChunkedInputStream.java:261)
	at com.github.dockerjava.zerodep.shaded.org.apache.hc.core5.http.impl.io.ChunkedInputStream.nextChunk(ChunkedInputStream.java:222)
	at com.github.dockerjava.zerodep.shaded.org.apache.hc.core5.http.impl.io.ChunkedInputStream.read(ChunkedInputStream.java:147)
	at com.github.dockerjava.zerodep.shaded.org.apache.hc.core5.http.impl.io.ChunkedInputStream.close(ChunkedInputStream.java:314)
	at com.github.dockerjava.zerodep.shaded.org.apache.hc.core5.io.Closer.close(Closer.java:48)
	at com.github.dockerjava.zerodep.shaded.org.apache.hc.core5.http.impl.io.IncomingHttpEntity.close(IncomingHttpEntity.java:111)
	at com.github.dockerjava.zerodep.shaded.org.apache.hc.core5.http.io.entity.HttpEntityWrapper.close(HttpEntityWrapper.java:120)
	at com.github.dockerjava.zerodep.shaded.org.apache.hc.core5.io.Closer.close(Closer.java:48)
	at com.github.dockerjava.zerodep.shaded.org.apache.hc.core5.http.message.BasicClassicHttpResponse.close(BasicClassicHttpResponse.java:93)
	at com.github.dockerjava.zerodep.shaded.org.apache.hc.client5.http.impl.classic.CloseableHttpResponse.close(CloseableHttpResponse.java:200)
	at com.github.dockerjava.zerodep.ApacheDockerHttpClientImpl$ApacheResponse.close(ApacheDockerHttpClientImpl.java:256)
	at org.testcontainers.shaded.com.github.dockerjava.core.DefaultInvocationBuilder.lambda$executeAndStream$1(DefaultInvocationBuilder.java:277)
	at java.base/java.lang.Thread.run(Thread.java:1583)
Caused by: java.nio.channels.ClosedChannelException: null
	at java.base/sun.nio.ch.WindowsAsynchronousFileChannelImpl.implRead(WindowsAsynchronousFileChannelImpl.java:521)
	at java.base/sun.nio.ch.AsynchronousFileChannelImpl.read(AsynchronousFileChannelImpl.java:229)
	at com.github.dockerjava.transport.NamedPipeSocket$AsynchronousFileByteChannel.read(NamedPipeSocket.java:117)
	at java.base/java.nio.channels.Channels$1.read(Channels.java:164)
	... 16 common frames omitted
08:04:56.910 [main] DEBUG com.github.dockerjava.zerodep.ApacheDockerHttpClientImpl$ApacheResponse -- Failed to close the response
java.io.IOException: java.nio.channels.ClosedChannelException
	at java.base/java.nio.channels.Channels$1.read(Channels.java:166)
	at com.github.dockerjava.zerodep.shaded.org.apache.hc.client5.http.impl.io.LoggingInputStream.read(LoggingInputStream.java:81)
	at com.github.dockerjava.zerodep.shaded.org.apache.hc.core5.http.impl.io.SessionInputBufferImpl.fillBuffer(SessionInputBufferImpl.java:149)
	at com.github.dockerjava.zerodep.shaded.org.apache.hc.core5.http.impl.io.SessionInputBufferImpl.readLine(SessionInputBufferImpl.java:280)
	at com.github.dockerjava.zerodep.shaded.org.apache.hc.core5.http.impl.io.ChunkedInputStream.getChunkSize(ChunkedInputStream.java:261)
	at com.github.dockerjava.zerodep.shaded.org.apache.hc.core5.http.impl.io.ChunkedInputStream.nextChunk(ChunkedInputStream.java:222)
	at com.github.dockerjava.zerodep.shaded.org.apache.hc.core5.http.impl.io.ChunkedInputStream.read(ChunkedInputStream.java:147)
	at com.github.dockerjava.zerodep.shaded.org.apache.hc.core5.http.impl.io.ChunkedInputStream.close(ChunkedInputStream.java:314)
	at com.github.dockerjava.zerodep.shaded.org.apache.hc.core5.io.Closer.close(Closer.java:48)
	at com.github.dockerjava.zerodep.shaded.org.apache.hc.core5.http.impl.io.IncomingHttpEntity.close(IncomingHttpEntity.java:111)
	at com.github.dockerjava.zerodep.shaded.org.apache.hc.core5.http.io.entity.HttpEntityWrapper.close(HttpEntityWrapper.java:120)
	at com.github.dockerjava.zerodep.shaded.org.apache.hc.core5.io.Closer.close(Closer.java:48)
	at com.github.dockerjava.zerodep.shaded.org.apache.hc.core5.http.message.BasicClassicHttpResponse.close(BasicClassicHttpResponse.java:93)
	at com.github.dockerjava.zerodep.shaded.org.apache.hc.client5.http.impl.classic.CloseableHttpResponse.close(CloseableHttpResponse.java:200)
	at com.github.dockerjava.zerodep.ApacheDockerHttpClientImpl$ApacheResponse.close(ApacheDockerHttpClientImpl.java:256)
	at org.testcontainers.shaded.com.github.dockerjava.core.DefaultInvocationBuilder.lambda$null$0(DefaultInvocationBuilder.java:272)
	at com.github.dockerjava.api.async.ResultCallbackTemplate.close(ResultCallbackTemplate.java:77)
	at org.testcontainers.containers.output.FrameConsumerResultCallback.close(FrameConsumerResultCallback.java:69)
	at org.testcontainers.containers.wait.strategy.LogMessageWaitStrategy.waitUntilReady(LogMessageWaitStrategy.java:49)
	at org.testcontainers.containers.wait.strategy.AbstractWaitStrategy.waitUntilReady(AbstractWaitStrategy.java:52)
	at org.testcontainers.containers.GenericContainer.waitUntilContainerStarted(GenericContainer.java:912)
	at org.testcontainers.containers.GenericContainer.tryStart(GenericContainer.java:503)
	at org.testcontainers.containers.GenericContainer.lambda$doStart$0(GenericContainer.java:357)
	at org.rnorth.ducttape.unreliables.Unreliables.retryUntilSuccess(Unreliables.java:81)
	at org.testcontainers.containers.GenericContainer.doStart(GenericContainer.java:347)
	at org.testcontainers.containers.GenericContainer.start(GenericContainer.java:333)
	at org.testcontainers.containers.BrowserWebDriverContainer.containerIsStarted(BrowserWebDriverContainer.java:323)
	at org.testcontainers.containers.GenericContainer.containerIsStarted(GenericContainer.java:724)
	at org.testcontainers.containers.GenericContainer.tryStart(GenericContainer.java:545)
	at org.testcontainers.containers.GenericContainer.lambda$doStart$0(GenericContainer.java:357)
	at org.rnorth.ducttape.unreliables.Unreliables.retryUntilSuccess(Unreliables.java:81)
	at org.testcontainers.containers.GenericContainer.doStart(GenericContainer.java:347)
	at org.testcontainers.containers.GenericContainer.start(GenericContainer.java:333)
	at org.testcontainers.junit.jupiter.TestcontainersExtension$StoreAdapter.start(TestcontainersExtension.java:280)
	at org.testcontainers.junit.jupiter.TestcontainersExtension$StoreAdapter.access$200(TestcontainersExtension.java:267)
	at org.testcontainers.junit.jupiter.TestcontainersExtension.lambda$null$4(TestcontainersExtension.java:82)
	at org.junit.platform.engine.support.store.NamespacedHierarchicalStore.lambda$getOrComputeIfAbsent$5(NamespacedHierarchicalStore.java:147)
	at org.junit.platform.engine.support.store.NamespacedHierarchicalStore$MemoizingSupplier.computeValue(NamespacedHierarchicalStore.java:372)
	at org.junit.platform.engine.support.store.NamespacedHierarchicalStore$MemoizingSupplier.get(NamespacedHierarchicalStore.java:361)
	at org.junit.platform.engine.support.store.NamespacedHierarchicalStore$StoredValue.evaluate(NamespacedHierarchicalStore.java:308)
	at org.junit.platform.engine.support.store.NamespacedHierarchicalStore$StoredValue.access$200(NamespacedHierarchicalStore.java:287)
	at org.junit.platform.engine.support.store.NamespacedHierarchicalStore.getOrComputeIfAbsent(NamespacedHierarchicalStore.java:149)
	at org.junit.jupiter.engine.execution.NamespaceAwareStore.lambda$getOrComputeIfAbsent$2(NamespaceAwareStore.java:57)
	at org.junit.jupiter.engine.execution.NamespaceAwareStore.accessStore(NamespaceAwareStore.java:90)
	at org.junit.jupiter.engine.execution.NamespaceAwareStore.getOrComputeIfAbsent(NamespaceAwareStore.java:57)
	at org.testcontainers.junit.jupiter.TestcontainersExtension.lambda$startContainers$5(TestcontainersExtension.java:82)
	at java.base/java.util.ArrayList.forEach(ArrayList.java:1596)
	at org.testcontainers.junit.jupiter.TestcontainersExtension.startContainers(TestcontainersExtension.java:82)
	at org.testcontainers.junit.jupiter.TestcontainersExtension.findTestLifecycleAwareContainers(TestcontainersExtension.java:115)
	at org.testcontainers.junit.jupiter.TestcontainersExtension.beforeEach(TestcontainersExtension.java:100)
	at org.junit.jupiter.engine.descriptor.TestMethodTestDescriptor.lambda$invokeBeforeEachCallbacks$2(TestMethodTestDescriptor.java:167)
	at org.junit.jupiter.engine.descriptor.TestMethodTestDescriptor.lambda$invokeBeforeMethodsOrCallbacksUntilExceptionOccurs$6(TestMethodTestDescriptor.java:203)
	at org.junit.platform.engine.support.hierarchical.ThrowableCollector.execute(ThrowableCollector.java:73)
	at org.junit.jupiter.engine.descriptor.TestMethodTestDescriptor.invokeBeforeMethodsOrCallbacksUntilExceptionOccurs(TestMethodTestDescriptor.java:203)
	at org.junit.jupiter.engine.descriptor.TestMethodTestDescriptor.invokeBeforeEachCallbacks(TestMethodTestDescriptor.java:166)
	at org.junit.jupiter.engine.descriptor.TestMethodTestDescriptor.execute(TestMethodTestDescriptor.java:133)
	at org.junit.jupiter.engine.descriptor.TestMethodTestDescriptor.execute(TestMethodTestDescriptor.java:69)
	at org.junit.platform.engine.support.hierarchical.NodeTestTask.lambda$executeRecursively$6(NodeTestTask.java:151)
	at org.junit.platform.engine.support.hierarchical.ThrowableCollector.execute(ThrowableCollector.java:73)
	at org.junit.platform.engine.support.hierarchical.NodeTestTask.lambda$executeRecursively$8(NodeTestTask.java:141)
	at org.junit.platform.engine.support.hierarchical.Node.around(Node.java:137)
	at org.junit.platform.engine.support.hierarchical.NodeTestTask.lambda$executeRecursively$9(NodeTestTask.java:139)
	at org.junit.platform.engine.support.hierarchical.ThrowableCollector.execute(ThrowableCollector.java:73)
	at org.junit.platform.engine.support.hierarchical.NodeTestTask.executeRecursively(NodeTestTask.java:138)
	at org.junit.platform.engine.support.hierarchical.NodeTestTask.execute(NodeTestTask.java:95)
	at java.base/java.util.ArrayList.forEach(ArrayList.java:1596)
	at org.junit.platform.engine.support.hierarchical.SameThreadHierarchicalTestExecutorService.invokeAll(SameThreadHierarchicalTestExecutorService.java:41)
	at org.junit.platform.engine.support.hierarchical.NodeTestTask.lambda$executeRecursively$6(NodeTestTask.java:155)
	at org.junit.platform.engine.support.hierarchical.ThrowableCollector.execute(ThrowableCollector.java:73)
	at org.junit.platform.engine.support.hierarchical.NodeTestTask.lambda$executeRecursively$8(NodeTestTask.java:141)
	at org.junit.platform.engine.support.hierarchical.Node.around(Node.java:137)
	at org.junit.platform.engine.support.hierarchical.NodeTestTask.lambda$executeRecursively$9(NodeTestTask.java:139)
	at org.junit.platform.engine.support.hierarchical.ThrowableCollector.execute(ThrowableCollector.java:73)
	at org.junit.platform.engine.support.hierarchical.NodeTestTask.executeRecursively(NodeTestTask.java:138)
	at org.junit.platform.engine.support.hierarchical.NodeTestTask.execute(NodeTestTask.java:95)
	at java.base/java.util.ArrayList.forEach(ArrayList.java:1596)
	at org.junit.platform.engine.support.hierarchical.SameThreadHierarchicalTestExecutorService.invokeAll(SameThreadHierarchicalTestExecutorService.java:41)
	at org.junit.platform.engine.support.hierarchical.NodeTestTask.lambda$executeRecursively$6(NodeTestTask.java:155)
	at org.junit.platform.engine.support.hierarchical.ThrowableCollector.execute(ThrowableCollector.java:73)
	at org.junit.platform.engine.support.hierarchical.NodeTestTask.lambda$executeRecursively$8(NodeTestTask.java:141)
	at org.junit.platform.engine.support.hierarchical.Node.around(Node.java:137)
	at org.junit.platform.engine.support.hierarchical.NodeTestTask.lambda$executeRecursively$9(NodeTestTask.java:139)
	at org.junit.platform.engine.support.hierarchical.ThrowableCollector.execute(ThrowableCollector.java:73)
	at org.junit.platform.engine.support.hierarchical.NodeTestTask.executeRecursively(NodeTestTask.java:138)
	at org.junit.platform.engine.support.hierarchical.NodeTestTask.execute(NodeTestTask.java:95)
	at org.junit.platform.engine.support.hierarchical.SameThreadHierarchicalTestExecutorService.submit(SameThreadHierarchicalTestExecutorService.java:35)
	at org.junit.platform.engine.support.hierarchical.HierarchicalTestExecutor.execute(HierarchicalTestExecutor.java:57)
	at org.junit.platform.engine.support.hierarchical.HierarchicalTestEngine.execute(HierarchicalTestEngine.java:54)
	at org.junit.platform.launcher.core.EngineExecutionOrchestrator.execute(EngineExecutionOrchestrator.java:198)
	at org.junit.platform.launcher.core.EngineExecutionOrchestrator.execute(EngineExecutionOrchestrator.java:169)
	at org.junit.platform.launcher.core.EngineExecutionOrchestrator.execute(EngineExecutionOrchestrator.java:93)
	at org.junit.platform.launcher.core.EngineExecutionOrchestrator.lambda$execute$0(EngineExecutionOrchestrator.java:58)
	at org.junit.platform.launcher.core.EngineExecutionOrchestrator.withInterceptedStreams(EngineExecutionOrchestrator.java:141)
	at org.junit.platform.launcher.core.EngineExecutionOrchestrator.execute(EngineExecutionOrchestrator.java:57)
	at org.junit.platform.launcher.core.DefaultLauncher.execute(DefaultLauncher.java:103)
	at org.junit.platform.launcher.core.DefaultLauncher.execute(DefaultLauncher.java:85)
	at org.junit.platform.launcher.core.DelegatingLauncher.execute(DelegatingLauncher.java:47)
	at org.apache.maven.surefire.junitplatform.LazyLauncher.execute(LazyLauncher.java:50)
	at org.apache.maven.surefire.junitplatform.JUnitPlatformProvider.execute(JUnitPlatformProvider.java:184)
	at org.apache.maven.surefire.junitplatform.JUnitPlatformProvider.invokeAllTests(JUnitPlatformProvider.java:148)
	at org.apache.maven.surefire.junitplatform.JUnitPlatformProvider.invoke(JUnitPlatformProvider.java:122)
	at org.apache.maven.surefire.booter.ForkedBooter.runSuitesInProcess(ForkedBooter.java:385)
	at org.apache.maven.surefire.booter.ForkedBooter.execute(ForkedBooter.java:162)
	at org.apache.maven.surefire.booter.ForkedBooter.run(ForkedBooter.java:507)
	at org.apache.maven.surefire.booter.ForkedBooter.main(ForkedBooter.java:495)
Caused by: java.nio.channels.ClosedChannelException: null
	at java.base/sun.nio.ch.WindowsAsynchronousFileChannelImpl.implRead(WindowsAsynchronousFileChannelImpl.java:521)
	at java.base/sun.nio.ch.AsynchronousFileChannelImpl.read(AsynchronousFileChannelImpl.java:229)
	at com.github.dockerjava.transport.NamedPipeSocket$AsynchronousFileByteChannel.read(NamedPipeSocket.java:117)
	at java.base/java.nio.channels.Channels$1.read(Channels.java:164)
	... 104 common frames omitted
08:04:56.915 [main] INFO tc.testcontainers/vnc-recorder:1.3.0 -- Container testcontainers/vnc-recorder:1.3.0 started in PT0.6443278S
08:05:00.790 [main] INFO org.testcontainers.containers.BrowserWebDriverContainer -- Screen recordings for test %5Bengine%3Ajunit-jupiter%5D%2F%5Bclass%3ATestContainersBrowserTest%5D%2F%5Bmethod%3AtestHttpCat404Direct%28%29%5D will be stored at: target\videos\PASSED-%5Bengine%3Ajunit-jupiter%5D%2F%5Bclass%3ATestContainersBrowserTest%5D%2F%5Bmethod%3AtestHttpCat404Direct%28%29%5D-20250502-080500.flv
08:05:00.791 [main] DEBUG org.testcontainers.containers.ExecInContainerPattern -- /amazing_carson: Running "exec" command: ffmpeg -i /screen.flv -vcodec libx264 /newScreen.flv
08:05:00.791 [main] DEBUG org.testcontainers.shaded.com.github.dockerjava.core.command.AbstrDockerCmd -- Cmd: true,<null>,true,{ffmpeg,-i,/screen.flv,-vcodec,libx264,/newScreen.flv},3aabc60e6494b6354e6bbe95b9fc51055c9e9c6ef5bb0292a702406b6c2c92a6,<null>,<null>,<null>,<null>,<null>
08:05:00.793 [main] DEBUG com.github.dockerjava.zerodep.shaded.org.apache.hc.client5.http.impl.classic.InternalHttpClient -- ex-0000001C: preparing request execution
08:05:00.794 [main] DEBUG com.github.dockerjava.zerodep.shaded.org.apache.hc.client5.http.protocol.RequestAddCookies -- Cookie spec selected: strict
08:05:00.794 [main] DEBUG com.github.dockerjava.zerodep.shaded.org.apache.hc.client5.http.protocol.RequestAuthCache -- Auth cache not set in the context
08:05:00.794 [main] DEBUG com.github.dockerjava.zerodep.shaded.org.apache.hc.client5.http.impl.classic.ProtocolExec -- ex-0000001C: target auth state: UNCHALLENGED
08:05:00.794 [main] DEBUG com.github.dockerjava.zerodep.shaded.org.apache.hc.client5.http.impl.classic.ProtocolExec -- ex-0000001C: proxy auth state: UNCHALLENGED
08:05:00.794 [main] DEBUG com.github.dockerjava.zerodep.shaded.org.apache.hc.client5.http.impl.classic.ConnectExec -- ex-0000001C: acquiring connection with route {}->npipe://localhost:2375
08:05:00.795 [main] DEBUG com.github.dockerjava.zerodep.shaded.org.apache.hc.client5.http.impl.classic.InternalHttpClient -- ex-0000001C: acquiring endpoint (3 MINUTES)
08:05:00.795 [main] DEBUG com.github.dockerjava.zerodep.shaded.org.apache.hc.client5.http.impl.io.PoolingHttpClientConnectionManager -- ex-0000001C: endpoint lease request (3 MINUTES) [route: {}->npipe://localhost:2375][total available: 1; route allocated: 1 of 2147483647; total allocated: 1 of 2147483647]
08:05:00.795 [main] DEBUG com.github.dockerjava.zerodep.shaded.org.apache.hc.client5.http.impl.io.PoolingHttpClientConnectionManager -- ex-0000001C: endpoint leased [route: {}->npipe://localhost:2375][total available: 0; route allocated: 1 of 2147483647; total allocated: 1 of 2147483647]
08:05:00.796 [main] DEBUG com.github.dockerjava.zerodep.shaded.org.apache.hc.client5.http.impl.io.PoolingHttpClientConnectionManager -- ex-0000001C: acquired ep-0000001B
08:05:00.796 [main] DEBUG com.github.dockerjava.zerodep.shaded.org.apache.hc.client5.http.impl.classic.InternalHttpClient -- ex-0000001C: acquired endpoint ep-0000001B
08:05:00.796 [main] DEBUG com.github.dockerjava.zerodep.shaded.org.apache.hc.client5.http.impl.classic.MainClientExec -- ex-0000001C: executing POST /v1.32/containers/3aabc60e6494b6354e6bbe95b9fc51055c9e9c6ef5bb0292a702406b6c2c92a6/exec HTTP/1.1
08:05:00.796 [main] DEBUG com.github.dockerjava.zerodep.shaded.org.apache.hc.client5.http.impl.classic.InternalHttpClient -- ep-0000001B: start execution ex-0000001C
08:05:00.796 [main] DEBUG com.github.dockerjava.zerodep.shaded.org.apache.hc.client5.http.impl.io.PoolingHttpClientConnectionManager -- ep-0000001B: executing exchange ex-0000001C over http-outgoing-2
08:05:00.796 [main] DEBUG com.github.dockerjava.zerodep.shaded.org.apache.hc.client5.http.headers -- http-outgoing-2 >> POST /v1.32/containers/3aabc60e6494b6354e6bbe95b9fc51055c9e9c6ef5bb0292a702406b6c2c92a6/exec HTTP/1.1
08:05:00.796 [main] DEBUG com.github.dockerjava.zerodep.shaded.org.apache.hc.client5.http.headers -- http-outgoing-2 >> accept: application/json
08:05:00.796 [main] DEBUG com.github.dockerjava.zerodep.shaded.org.apache.hc.client5.http.headers -- http-outgoing-2 >> content-type: application/json
08:05:00.796 [main] DEBUG com.github.dockerjava.zerodep.shaded.org.apache.hc.client5.http.headers -- http-outgoing-2 >> x-tc-sid: 3e81ff38-c5d8-46ef-80ba-8fe8bfdd672a
08:05:00.796 [main] DEBUG com.github.dockerjava.zerodep.shaded.org.apache.hc.client5.http.headers -- http-outgoing-2 >> User-Agent: tc-java/1.19.3
08:05:00.797 [main] DEBUG com.github.dockerjava.zerodep.shaded.org.apache.hc.client5.http.headers -- http-outgoing-2 >> Accept-Encoding: gzip, x-gzip, deflate
08:05:00.797 [main] DEBUG com.github.dockerjava.zerodep.shaded.org.apache.hc.client5.http.headers -- http-outgoing-2 >> Content-Length: 284
08:05:00.797 [main] DEBUG com.github.dockerjava.zerodep.shaded.org.apache.hc.client5.http.headers -- http-outgoing-2 >> Host: localhost:2375
08:05:00.797 [main] DEBUG com.github.dockerjava.zerodep.shaded.org.apache.hc.client5.http.headers -- http-outgoing-2 >> Connection: keep-alive
08:05:00.797 [main] DEBUG com.github.dockerjava.zerodep.shaded.org.apache.hc.client5.http.wire -- http-outgoing-2 >> "POST /v1.32/containers/3aabc60e6494b6354e6bbe95b9fc51055c9e9c6ef5bb0292a702406b6c2c92a6/exec HTTP/1.1[\r][\n]"
08:05:00.797 [main] DEBUG com.github.dockerjava.zerodep.shaded.org.apache.hc.client5.http.wire -- http-outgoing-2 >> "accept: application/json[\r][\n]"
08:05:00.797 [main] DEBUG com.github.dockerjava.zerodep.shaded.org.apache.hc.client5.http.wire -- http-outgoing-2 >> "content-type: application/json[\r][\n]"
08:05:00.797 [main] DEBUG com.github.dockerjava.zerodep.shaded.org.apache.hc.client5.http.wire -- http-outgoing-2 >> "x-tc-sid: 3e81ff38-c5d8-46ef-80ba-8fe8bfdd672a[\r][\n]"
08:05:00.797 [main] DEBUG com.github.dockerjava.zerodep.shaded.org.apache.hc.client5.http.wire -- http-outgoing-2 >> "User-Agent: tc-java/1.19.3[\r][\n]"
08:05:00.797 [main] DEBUG com.github.dockerjava.zerodep.shaded.org.apache.hc.client5.http.wire -- http-outgoing-2 >> "Accept-Encoding: gzip, x-gzip, deflate[\r][\n]"
08:05:00.797 [main] DEBUG com.github.dockerjava.zerodep.shaded.org.apache.hc.client5.http.wire -- http-outgoing-2 >> "Content-Length: 284[\r][\n]"
08:05:00.797 [main] DEBUG com.github.dockerjava.zerodep.shaded.org.apache.hc.client5.http.wire -- http-outgoing-2 >> "Host: localhost:2375[\r][\n]"
08:05:00.798 [main] DEBUG com.github.dockerjava.zerodep.shaded.org.apache.hc.client5.http.wire -- http-outgoing-2 >> "Connection: keep-alive[\r][\n]"
08:05:00.798 [main] DEBUG com.github.dockerjava.zerodep.shaded.org.apache.hc.client5.http.wire -- http-outgoing-2 >> "[\r][\n]"
08:05:00.798 [main] DEBUG com.github.dockerjava.zerodep.shaded.org.apache.hc.client5.http.wire -- http-outgoing-2 >> "{"containerId":"3aabc60e6494b6354e6bbe95b9fc51055c9e9c6ef5bb0292a702406b6c2c92a6","AttachStdin":null,"AttachStdout":true,"AttachStderr":true,"Tty":null,"Privileged":null,"User":null,"Cmd":["ffmpeg","-i","/screen.flv","-vcodec","libx264","/newScreen.flv"],"Env":null,"WorkingDir":null}"
08:05:00.811 [main] DEBUG com.github.dockerjava.zerodep.shaded.org.apache.hc.client5.http.wire -- http-outgoing-2 << "HTTP/1.1 201 Created[\r][\n]"
08:05:00.811 [main] DEBUG com.github.dockerjava.zerodep.shaded.org.apache.hc.client5.http.wire -- http-outgoing-2 << "Api-Version: 1.47[\r][\n]"
08:05:00.811 [main] DEBUG com.github.dockerjava.zerodep.shaded.org.apache.hc.client5.http.wire -- http-outgoing-2 << "Content-Type: application/json[\r][\n]"
08:05:00.811 [main] DEBUG com.github.dockerjava.zerodep.shaded.org.apache.hc.client5.http.wire -- http-outgoing-2 << "Date: Fri, 02 May 2025 06:05:00 GMT[\r][\n]"
08:05:00.811 [main] DEBUG com.github.dockerjava.zerodep.shaded.org.apache.hc.client5.http.wire -- http-outgoing-2 << "Docker-Experimental: false[\r][\n]"
08:05:00.811 [main] DEBUG com.github.dockerjava.zerodep.shaded.org.apache.hc.client5.http.wire -- http-outgoing-2 << "Ostype: linux[\r][\n]"
08:05:00.811 [main] DEBUG com.github.dockerjava.zerodep.shaded.org.apache.hc.client5.http.wire -- http-outgoing-2 << "Server: Docker/27.5.1 (linux)[\r][\n]"
08:05:00.811 [main] DEBUG com.github.dockerjava.zerodep.shaded.org.apache.hc.client5.http.wire -- http-outgoing-2 << "Transfer-Encoding: chunked[\r][\n]"
08:05:00.811 [main] DEBUG com.github.dockerjava.zerodep.shaded.org.apache.hc.client5.http.wire -- http-outgoing-2 << "[\r][\n]"
08:05:00.812 [main] DEBUG com.github.dockerjava.zerodep.shaded.org.apache.hc.client5.http.headers -- http-outgoing-2 << HTTP/1.1 201 Created
08:05:00.812 [main] DEBUG com.github.dockerjava.zerodep.shaded.org.apache.hc.client5.http.headers -- http-outgoing-2 << Api-Version: 1.47
08:05:00.812 [main] DEBUG com.github.dockerjava.zerodep.shaded.org.apache.hc.client5.http.headers -- http-outgoing-2 << Content-Type: application/json
08:05:00.812 [main] DEBUG com.github.dockerjava.zerodep.shaded.org.apache.hc.client5.http.headers -- http-outgoing-2 << Date: Fri, 02 May 2025 06:05:00 GMT
08:05:00.812 [main] DEBUG com.github.dockerjava.zerodep.shaded.org.apache.hc.client5.http.headers -- http-outgoing-2 << Docker-Experimental: false
08:05:00.812 [main] DEBUG com.github.dockerjava.zerodep.shaded.org.apache.hc.client5.http.headers -- http-outgoing-2 << Ostype: linux
08:05:00.812 [main] DEBUG com.github.dockerjava.zerodep.shaded.org.apache.hc.client5.http.headers -- http-outgoing-2 << Server: Docker/27.5.1 (linux)
08:05:00.812 [main] DEBUG com.github.dockerjava.zerodep.shaded.org.apache.hc.client5.http.headers -- http-outgoing-2 << Transfer-Encoding: chunked
08:05:00.813 [main] DEBUG com.github.dockerjava.zerodep.shaded.org.apache.hc.client5.http.impl.classic.MainClientExec -- ex-0000001C: connection can be kept alive for 3 MINUTES
08:05:00.814 [main] DEBUG com.github.dockerjava.zerodep.shaded.org.apache.hc.client5.http.wire -- http-outgoing-2 << "4a[\r][\n]"
08:05:00.814 [main] DEBUG com.github.dockerjava.zerodep.shaded.org.apache.hc.client5.http.wire -- http-outgoing-2 << "{"Id":"e5076bc2b445c558988e9abc30857f1a87bb0e93e49e32d615e4f454947a8ac2"}[\n]"
08:05:00.814 [main] DEBUG com.github.dockerjava.zerodep.shaded.org.apache.hc.client5.http.wire -- http-outgoing-2 << "[\r][\n]"
08:05:00.814 [main] DEBUG com.github.dockerjava.zerodep.shaded.org.apache.hc.client5.http.wire -- http-outgoing-2 << "0[\r][\n]"
08:05:00.814 [main] DEBUG com.github.dockerjava.zerodep.shaded.org.apache.hc.client5.http.wire -- http-outgoing-2 << "[\r][\n]"
08:05:00.815 [main] DEBUG com.github.dockerjava.zerodep.shaded.org.apache.hc.client5.http.impl.classic.InternalHttpClient -- ep-0000001B: releasing valid endpoint
08:05:00.816 [main] DEBUG com.github.dockerjava.zerodep.shaded.org.apache.hc.client5.http.impl.io.PoolingHttpClientConnectionManager -- ep-0000001B: releasing endpoint
08:05:00.816 [main] DEBUG com.github.dockerjava.zerodep.shaded.org.apache.hc.client5.http.impl.io.PoolingHttpClientConnectionManager -- ep-0000001B: connection http-outgoing-2 can be kept alive for 3 MINUTES
08:05:00.816 [main] DEBUG com.github.dockerjava.zerodep.shaded.org.apache.hc.client5.http.impl.io.PoolingHttpClientConnectionManager -- ep-0000001B: connection released [route: {}->npipe://localhost:2375][total available: 1; route allocated: 1 of 2147483647; total allocated: 1 of 2147483647]
08:05:00.818 [docker-java-stream-1173072367] DEBUG com.github.dockerjava.zerodep.shaded.org.apache.hc.client5.http.impl.classic.InternalHttpClient -- ex-0000001D: preparing request execution
08:05:00.818 [docker-java-stream-1173072367] DEBUG com.github.dockerjava.zerodep.shaded.org.apache.hc.client5.http.protocol.RequestAddCookies -- Cookie spec selected: strict
08:05:00.818 [docker-java-stream-1173072367] DEBUG com.github.dockerjava.zerodep.shaded.org.apache.hc.client5.http.protocol.RequestAuthCache -- Auth cache not set in the context
08:05:00.819 [docker-java-stream-1173072367] DEBUG com.github.dockerjava.zerodep.shaded.org.apache.hc.client5.http.impl.classic.ProtocolExec -- ex-0000001D: target auth state: UNCHALLENGED
08:05:00.819 [docker-java-stream-1173072367] DEBUG com.github.dockerjava.zerodep.shaded.org.apache.hc.client5.http.impl.classic.ProtocolExec -- ex-0000001D: proxy auth state: UNCHALLENGED
08:05:00.820 [docker-java-stream-1173072367] DEBUG com.github.dockerjava.zerodep.shaded.org.apache.hc.client5.http.impl.classic.ConnectExec -- ex-0000001D: acquiring connection with route {}->npipe://localhost:2375
08:05:00.820 [docker-java-stream-1173072367] DEBUG com.github.dockerjava.zerodep.shaded.org.apache.hc.client5.http.impl.classic.InternalHttpClient -- ex-0000001D: acquiring endpoint (3 MINUTES)
08:05:00.820 [docker-java-stream-1173072367] DEBUG com.github.dockerjava.zerodep.shaded.org.apache.hc.client5.http.impl.io.PoolingHttpClientConnectionManager -- ex-0000001D: endpoint lease request (3 MINUTES) [route: {}->npipe://localhost:2375][total available: 1; route allocated: 1 of 2147483647; total allocated: 1 of 2147483647]
08:05:00.821 [docker-java-stream-1173072367] DEBUG com.github.dockerjava.zerodep.shaded.org.apache.hc.client5.http.impl.io.PoolingHttpClientConnectionManager -- ex-0000001D: endpoint leased [route: {}->npipe://localhost:2375][total available: 0; route allocated: 1 of 2147483647; total allocated: 1 of 2147483647]
08:05:00.821 [docker-java-stream-1173072367] DEBUG com.github.dockerjava.zerodep.shaded.org.apache.hc.client5.http.impl.io.PoolingHttpClientConnectionManager -- ex-0000001D: acquired ep-0000001C
08:05:00.821 [docker-java-stream-1173072367] DEBUG com.github.dockerjava.zerodep.shaded.org.apache.hc.client5.http.impl.classic.InternalHttpClient -- ex-0000001D: acquired endpoint ep-0000001C
08:05:00.821 [docker-java-stream-1173072367] DEBUG com.github.dockerjava.zerodep.shaded.org.apache.hc.client5.http.impl.classic.MainClientExec -- ex-0000001D: executing POST /v1.32/exec/e5076bc2b445c558988e9abc30857f1a87bb0e93e49e32d615e4f454947a8ac2/start HTTP/1.1
08:05:00.821 [docker-java-stream-1173072367] DEBUG com.github.dockerjava.zerodep.shaded.org.apache.hc.client5.http.impl.classic.InternalHttpClient -- ep-0000001C: start execution ex-0000001D
08:05:00.821 [docker-java-stream-1173072367] DEBUG com.github.dockerjava.zerodep.shaded.org.apache.hc.client5.http.impl.io.PoolingHttpClientConnectionManager -- ep-0000001C: executing exchange ex-0000001D over http-outgoing-2
08:05:00.821 [docker-java-stream-1173072367] DEBUG com.github.dockerjava.zerodep.shaded.org.apache.hc.client5.http.headers -- http-outgoing-2 >> POST /v1.32/exec/e5076bc2b445c558988e9abc30857f1a87bb0e93e49e32d615e4f454947a8ac2/start HTTP/1.1
08:05:00.821 [docker-java-stream-1173072367] DEBUG com.github.dockerjava.zerodep.shaded.org.apache.hc.client5.http.headers -- http-outgoing-2 >> accept: application/json
08:05:00.821 [docker-java-stream-1173072367] DEBUG com.github.dockerjava.zerodep.shaded.org.apache.hc.client5.http.headers -- http-outgoing-2 >> content-type: application/json
08:05:00.822 [docker-java-stream-1173072367] DEBUG com.github.dockerjava.zerodep.shaded.org.apache.hc.client5.http.headers -- http-outgoing-2 >> x-tc-sid: 3e81ff38-c5d8-46ef-80ba-8fe8bfdd672a
08:05:00.822 [docker-java-stream-1173072367] DEBUG com.github.dockerjava.zerodep.shaded.org.apache.hc.client5.http.headers -- http-outgoing-2 >> User-Agent: tc-java/1.19.3
08:05:00.822 [docker-java-stream-1173072367] DEBUG com.github.dockerjava.zerodep.shaded.org.apache.hc.client5.http.headers -- http-outgoing-2 >> Accept-Encoding: gzip, x-gzip, deflate
08:05:00.822 [docker-java-stream-1173072367] DEBUG com.github.dockerjava.zerodep.shaded.org.apache.hc.client5.http.headers -- http-outgoing-2 >> Content-Length: 26
08:05:00.822 [docker-java-stream-1173072367] DEBUG com.github.dockerjava.zerodep.shaded.org.apache.hc.client5.http.headers -- http-outgoing-2 >> Host: localhost:2375
08:05:00.822 [docker-java-stream-1173072367] DEBUG com.github.dockerjava.zerodep.shaded.org.apache.hc.client5.http.headers -- http-outgoing-2 >> Connection: keep-alive
08:05:00.822 [docker-java-stream-1173072367] DEBUG com.github.dockerjava.zerodep.shaded.org.apache.hc.client5.http.wire -- http-outgoing-2 >> "POST /v1.32/exec/e5076bc2b445c558988e9abc30857f1a87bb0e93e49e32d615e4f454947a8ac2/start HTTP/1.1[\r][\n]"
08:05:00.822 [docker-java-stream-1173072367] DEBUG com.github.dockerjava.zerodep.shaded.org.apache.hc.client5.http.wire -- http-outgoing-2 >> "accept: application/json[\r][\n]"
08:05:00.822 [docker-java-stream-1173072367] DEBUG com.github.dockerjava.zerodep.shaded.org.apache.hc.client5.http.wire -- http-outgoing-2 >> "content-type: application/json[\r][\n]"
08:05:00.822 [docker-java-stream-1173072367] DEBUG com.github.dockerjava.zerodep.shaded.org.apache.hc.client5.http.wire -- http-outgoing-2 >> "x-tc-sid: 3e81ff38-c5d8-46ef-80ba-8fe8bfdd672a[\r][\n]"
08:05:00.822 [docker-java-stream-1173072367] DEBUG com.github.dockerjava.zerodep.shaded.org.apache.hc.client5.http.wire -- http-outgoing-2 >> "User-Agent: tc-java/1.19.3[\r][\n]"
08:05:00.822 [docker-java-stream-1173072367] DEBUG com.github.dockerjava.zerodep.shaded.org.apache.hc.client5.http.wire -- http-outgoing-2 >> "Accept-Encoding: gzip, x-gzip, deflate[\r][\n]"
08:05:00.822 [docker-java-stream-1173072367] DEBUG com.github.dockerjava.zerodep.shaded.org.apache.hc.client5.http.wire -- http-outgoing-2 >> "Content-Length: 26[\r][\n]"
08:05:00.822 [docker-java-stream-1173072367] DEBUG com.github.dockerjava.zerodep.shaded.org.apache.hc.client5.http.wire -- http-outgoing-2 >> "Host: localhost:2375[\r][\n]"
08:05:00.822 [docker-java-stream-1173072367] DEBUG com.github.dockerjava.zerodep.shaded.org.apache.hc.client5.http.wire -- http-outgoing-2 >> "Connection: keep-alive[\r][\n]"
08:05:00.822 [docker-java-stream-1173072367] DEBUG com.github.dockerjava.zerodep.shaded.org.apache.hc.client5.http.wire -- http-outgoing-2 >> "[\r][\n]"
08:05:00.822 [docker-java-stream-1173072367] DEBUG com.github.dockerjava.zerodep.shaded.org.apache.hc.client5.http.wire -- http-outgoing-2 >> "{"Detach":null,"Tty":null}"
08:05:00.829 [docker-java-stream-1173072367] DEBUG com.github.dockerjava.zerodep.shaded.org.apache.hc.client5.http.wire -- http-outgoing-2 << "HTTP/1.1 200 OK[\r][\n]"
08:05:00.829 [docker-java-stream-1173072367] DEBUG com.github.dockerjava.zerodep.shaded.org.apache.hc.client5.http.wire -- http-outgoing-2 << "Api-Version: 1.47[\r][\n]"
08:05:00.829 [docker-java-stream-1173072367] DEBUG com.github.dockerjava.zerodep.shaded.org.apache.hc.client5.http.wire -- http-outgoing-2 << "Content-Type: application/vnd.docker.raw-stream[\r][\n]"
08:05:00.829 [docker-java-stream-1173072367] DEBUG com.github.dockerjava.zerodep.shaded.org.apache.hc.client5.http.wire -- http-outgoing-2 << "Date: Fri, 02 May 2025 06:05:00 GMT[\r][\n]"
08:05:00.829 [docker-java-stream-1173072367] DEBUG com.github.dockerjava.zerodep.shaded.org.apache.hc.client5.http.wire -- http-outgoing-2 << "Docker-Experimental: false[\r][\n]"
08:05:00.829 [docker-java-stream-1173072367] DEBUG com.github.dockerjava.zerodep.shaded.org.apache.hc.client5.http.wire -- http-outgoing-2 << "Ostype: linux[\r][\n]"
08:05:00.829 [docker-java-stream-1173072367] DEBUG com.github.dockerjava.zerodep.shaded.org.apache.hc.client5.http.wire -- http-outgoing-2 << "Server: Docker/27.5.1 (linux)[\r][\n]"
08:05:00.829 [docker-java-stream-1173072367] DEBUG com.github.dockerjava.zerodep.shaded.org.apache.hc.client5.http.wire -- http-outgoing-2 << "Transfer-Encoding: chunked[\r][\n]"
08:05:00.829 [docker-java-stream-1173072367] DEBUG com.github.dockerjava.zerodep.shaded.org.apache.hc.client5.http.wire -- http-outgoing-2 << "[\r][\n]"
08:05:00.830 [docker-java-stream-1173072367] DEBUG com.github.dockerjava.zerodep.shaded.org.apache.hc.client5.http.headers -- http-outgoing-2 << HTTP/1.1 200 OK
08:05:00.830 [docker-java-stream-1173072367] DEBUG com.github.dockerjava.zerodep.shaded.org.apache.hc.client5.http.headers -- http-outgoing-2 << Api-Version: 1.47
08:05:00.830 [docker-java-stream-1173072367] DEBUG com.github.dockerjava.zerodep.shaded.org.apache.hc.client5.http.headers -- http-outgoing-2 << Content-Type: application/vnd.docker.raw-stream
08:05:00.830 [docker-java-stream-1173072367] DEBUG com.github.dockerjava.zerodep.shaded.org.apache.hc.client5.http.headers -- http-outgoing-2 << Date: Fri, 02 May 2025 06:05:00 GMT
08:05:00.830 [docker-java-stream-1173072367] DEBUG com.github.dockerjava.zerodep.shaded.org.apache.hc.client5.http.headers -- http-outgoing-2 << Docker-Experimental: false
08:05:00.830 [docker-java-stream-1173072367] DEBUG com.github.dockerjava.zerodep.shaded.org.apache.hc.client5.http.headers -- http-outgoing-2 << Ostype: linux
08:05:00.830 [docker-java-stream-1173072367] DEBUG com.github.dockerjava.zerodep.shaded.org.apache.hc.client5.http.headers -- http-outgoing-2 << Server: Docker/27.5.1 (linux)
08:05:00.831 [docker-java-stream-1173072367] DEBUG com.github.dockerjava.zerodep.shaded.org.apache.hc.client5.http.headers -- http-outgoing-2 << Transfer-Encoding: chunked
08:05:00.831 [docker-java-stream-1173072367] DEBUG com.github.dockerjava.zerodep.shaded.org.apache.hc.client5.http.impl.classic.MainClientExec -- ex-0000001D: connection can be kept alive for 3 MINUTES
08:05:01.196 [docker-java-stream-1173072367] DEBUG com.github.dockerjava.zerodep.shaded.org.apache.hc.client5.http.wire -- http-outgoing-2 << "52c[\r][\n]"
08:05:01.196 [docker-java-stream-1173072367] DEBUG com.github.dockerjava.zerodep.shaded.org.apache.hc.client5.http.wire -- http-outgoing-2 << "[0x2][0x0][0x0][0x0][0x0][0x0][0x5]$ffmpeg version 4.1.10-0+deb10u1 Copyright (c) 2000-2022 the FFmpeg developers[\n]"
08:05:01.196 [docker-java-stream-1173072367] DEBUG com.github.dockerjava.zerodep.shaded.org.apache.hc.client5.http.wire -- http-outgoing-2 << "  built with gcc 8 (Debian 8.3.0-6)[\n]"
08:05:01.196 [docker-java-stream-1173072367] DEBUG com.github.dockerjava.zerodep.shaded.org.apache.hc.client5.http.wire -- http-outgoing-2 << "  configuration: --prefix=/usr --extra-version=0+deb10u1 --toolchain=hardened --libdir=/usr/lib/x86_64-linux-gnu --incdir=/usr/include/x86_64-linux-gnu --arch=amd64 --enable-gpl --disable-stripping --enable-avresample --disable-filter=resample --enable-avisynth --enable-gnutls --enable-ladspa --enable-libaom --enable-libass --enable-libbluray --enable-libbs2b --enable-libcaca --enable-libcdio --enable-libcodec2 --enable-libflite --enable-libfontconfig --enable-libfreetype --enable-libfribidi --enable-libgme --enable-libgsm --enable-libjack --enable-libmp3lame --enable-libmysofa --enable-libopenjpeg --enable-libopenmpt --enable-libopus --enable-libpulse --enable-librsvg --enable-librubberband --enable-libshine --enable-libsnappy --enable-libsoxr --enable-libspeex --enable-libssh --enable-libtheora --enable-libtwolame --enable-libvidstab --enable-libvorbis --enable-libvpx --enable-libwavpack --enable-libwebp --enable-libx265 --enable-libxml2 --enable-libxvid --enable-libzmq --enable-libzvbi --enable-lv2 --enable-omx --enable-openal --enable-opengl --enable-sdl2 --enable-libdc1394 --enable-libdrm --enable-libiec61883 --enable-chromaprint --enable-frei0r --enable-libx264 --enable-shared[\n]"
08:05:01.196 [docker-java-stream-1173072367] DEBUG com.github.dockerjava.zerodep.shaded.org.apache.hc.client5.http.wire -- http-outgoing-2 << "[\r][\n]"
08:05:01.198 [docker-java-stream-1173072367] DEBUG com.github.dockerjava.zerodep.shaded.org.apache.hc.client5.http.wire -- http-outgoing-2 << "179[\r][\n]"
08:05:01.198 [docker-java-stream-1173072367] DEBUG com.github.dockerjava.zerodep.shaded.org.apache.hc.client5.http.wire -- http-outgoing-2 << "[0x2][0x0][0x0][0x0][0x0][0x0][0x1]q  libavutil      56. 22.100 / 56. 22.100[\n]"
08:05:01.198 [docker-java-stream-1173072367] DEBUG com.github.dockerjava.zerodep.shaded.org.apache.hc.client5.http.wire -- http-outgoing-2 << "  libavcodec     58. 35.100 / 58. 35.100[\n]"
08:05:01.198 [docker-java-stream-1173072367] DEBUG com.github.dockerjava.zerodep.shaded.org.apache.hc.client5.http.wire -- http-outgoing-2 << "  libavformat    58. 20.100 / 58. 20.100[\n]"
08:05:01.199 [docker-java-stream-1173072367] DEBUG com.github.dockerjava.zerodep.shaded.org.apache.hc.client5.http.wire -- http-outgoing-2 << "  libavdevice    58.  5.100 / 58.  5.100[\n]"
08:05:01.199 [docker-java-stream-1173072367] DEBUG com.github.dockerjava.zerodep.shaded.org.apache.hc.client5.http.wire -- http-outgoing-2 << "  libavfilter     7. 40.101 /  7. 40.101[\n]"
08:05:01.199 [docker-java-stream-1173072367] DEBUG com.github.dockerjava.zerodep.shaded.org.apache.hc.client5.http.wire -- http-outgoing-2 << "  libavresample   4.  0.  0 /  4.  0.  0[\n]"
08:05:01.199 [docker-java-stream-1173072367] DEBUG com.github.dockerjava.zerodep.shaded.org.apache.hc.client5.http.wire -- http-outgoing-2 << "  libswscale      5.  3.100 /  5.  3.100[\n]"
08:05:01.199 [docker-java-stream-1173072367] DEBUG com.github.dockerjava.zerodep.shaded.org.apache.hc.client5.http.wire -- http-outgoing-2 << "  libswresample   3.  3.100 /  3.  3.100[\n]"
08:05:01.199 [docker-java-stream-1173072367] DEBUG com.github.dockerjava.zerodep.shaded.org.apache.hc.client5.http.wire -- http-outgoing-2 << "  libpostproc    55.  3.100 / 55.  3.100[\n]"
08:05:01.199 [docker-java-stream-1173072367] DEBUG com.github.dockerjava.zerodep.shaded.org.apache.hc.client5.http.wire -- http-outgoing-2 << "[\r][\n]"
08:05:01.249 [docker-java-stream-1173072367] DEBUG com.github.dockerjava.zerodep.shaded.org.apache.hc.client5.http.wire -- http-outgoing-2 << "b4[\r][\n]"
08:05:01.249 [docker-java-stream-1173072367] DEBUG com.github.dockerjava.zerodep.shaded.org.apache.hc.client5.http.wire -- http-outgoing-2 << "[0x2][0x0][0x0][0x0][0x0][0x0][0x0]ZInput #0, flv, from '/screen.flv':[\n]"
08:05:01.249 [docker-java-stream-1173072367] DEBUG com.github.dockerjava.zerodep.shaded.org.apache.hc.client5.http.wire -- http-outgoing-2 << "  Duration: 00:00:00.00, start: 0.000000, bitrate: N/A[\n]"
08:05:01.249 [docker-java-stream-1173072367] DEBUG com.github.dockerjava.zerodep.shaded.org.apache.hc.client5.http.wire -- http-outgoing-2 << "[0x2][0x0][0x0][0x0][0x0][0x0][0x0]J    Stream #0:0: Video: flashsv, bgr24, 1376x1024, 30 fps, 30 tbr, 1k tbn[\n]"
08:05:01.249 [docker-java-stream-1173072367] DEBUG com.github.dockerjava.zerodep.shaded.org.apache.hc.client5.http.wire -- http-outgoing-2 << "[\r][\n]"
08:05:01.250 [docker-java-stream-1173072367] DEBUG com.github.dockerjava.zerodep.shaded.org.apache.hc.client5.http.wire -- http-outgoing-2 << "73[\r][\n]"
08:05:01.250 [docker-java-stream-1173072367] DEBUG com.github.dockerjava.zerodep.shaded.org.apache.hc.client5.http.wire -- http-outgoing-2 << "[0x2][0x0][0x0][0x0][0x0][0x0][0x0]kStream mapping:[\n]"
08:05:01.250 [docker-java-stream-1173072367] DEBUG com.github.dockerjava.zerodep.shaded.org.apache.hc.client5.http.wire -- http-outgoing-2 << "  Stream #0:0 -> #0:0 (flashsv (native) -> h264 (libx264))[\n]"
08:05:01.250 [docker-java-stream-1173072367] DEBUG com.github.dockerjava.zerodep.shaded.org.apache.hc.client5.http.wire -- http-outgoing-2 << "Press [q] to stop, [?] for help[\n]"
08:05:01.250 [docker-java-stream-1173072367] DEBUG com.github.dockerjava.zerodep.shaded.org.apache.hc.client5.http.wire -- http-outgoing-2 << "[\r][\n]"
08:05:01.283 [docker-java-stream-1173072367] DEBUG com.github.dockerjava.zerodep.shaded.org.apache.hc.client5.http.wire -- http-outgoing-2 << "70[\r][\n]"
08:05:01.283 [docker-java-stream-1173072367] DEBUG com.github.dockerjava.zerodep.shaded.org.apache.hc.client5.http.wire -- http-outgoing-2 << "[0x2][0x0][0x0][0x0][0x0][0x0][0x0]h[libx264 @ 0x55b8a1db2580] using cpu capabilities: MMX2 SSE2Fast SSSE3 SSE4.2 AVX FMA3 BMI2 AVX2 AVX512[\n]"
08:05:01.283 [docker-java-stream-1173072367] DEBUG com.github.dockerjava.zerodep.shaded.org.apache.hc.client5.http.wire -- http-outgoing-2 << "[\r][\n]"
08:05:01.307 [docker-java-stream-1173072367] DEBUG com.github.dockerjava.zerodep.shaded.org.apache.hc.client5.http.wire -- http-outgoing-2 << "59[\r][\n]"
08:05:01.308 [docker-java-stream-1173072367] DEBUG com.github.dockerjava.zerodep.shaded.org.apache.hc.client5.http.wire -- http-outgoing-2 << "[0x2][0x0][0x0][0x0][0x0][0x0][0x0]Q[libx264 @ 0x55b8a1db2580] profile High 4:4:4 Predictive, level 4.0, 4:4:4 8-bit[\n]"
08:05:01.308 [docker-java-stream-1173072367] DEBUG com.github.dockerjava.zerodep.shaded.org.apache.hc.client5.http.wire -- http-outgoing-2 << "[\r][\n]"
08:05:01.309 [docker-java-stream-1173072367] DEBUG com.github.dockerjava.zerodep.shaded.org.apache.hc.client5.http.wire -- http-outgoing-2 << "411[\r][\n]"
08:05:01.309 [docker-java-stream-1173072367] DEBUG com.github.dockerjava.zerodep.shaded.org.apache.hc.client5.http.wire -- http-outgoing-2 << "[0x2][0x0][0x0][0x0][0x0][0x0][0x4][0x9][libx264 @ 0x55b8a1db2580] 264 - core 155 r2917 0a84d98 - H.264/MPEG-4 AVC codec - Copyleft 2003-2018 - http://www.videolan.org/x264.html - options: cabac=1 ref=3 deblock=1:0:0 analyse=0x1:0x111 me=hex subme=7 psy=1 psy_rd=1.00:0.00 mixed_ref=1 me_range=16 chroma_me=1 trellis=1 8x8dct=0 cqm=0 deadzone=21,11 fast_pskip=1 chroma_qp_offset=4 threads=12 lookahead_threads=2 sliced_threads=0 nr=0 decimate=1 interlaced=0 bluray_compat=0 constrained_intra=0 bframes=3 b_pyramid=2 b_adapt=1 b_bias=0 direct=1 weightb=1 open_gop=0 weightp=2 keyint=250 keyint_min=25 scenecut=40 intra_refresh=0 rc_lookahead=40 rc=crf mbtree=1 crf=23.0 qcomp=0.60 qpmin=0 qpmax=69 qpstep=4 ip_ratio=1.40 aq=1:1.00[\n]"
08:05:01.309 [docker-java-stream-1173072367] DEBUG com.github.dockerjava.zerodep.shaded.org.apache.hc.client5.http.wire -- http-outgoing-2 << "Output #0, flv, to '/newScreen.flv':[\n]"
08:05:01.309 [docker-java-stream-1173072367] DEBUG com.github.dockerjava.zerodep.shaded.org.apache.hc.client5.http.wire -- http-outgoing-2 << "  Metadata:[\n]"
08:05:01.309 [docker-java-stream-1173072367] DEBUG com.github.dockerjava.zerodep.shaded.org.apache.hc.client5.http.wire -- http-outgoing-2 << "    encoder         : Lavf58.20.100[\n]"
08:05:01.309 [docker-java-stream-1173072367] DEBUG com.github.dockerjava.zerodep.shaded.org.apache.hc.client5.http.wire -- http-outgoing-2 << "    Stream #0:0: Video: h264 (libx264) ([7][0][0][0] / 0x0007), yuv444p, 1376x1024, q=-1--1, 30 fps, 1k tbn, 30 tbc[\n]"
08:05:01.309 [docker-java-stream-1173072367] DEBUG com.github.dockerjava.zerodep.shaded.org.apache.hc.client5.http.wire -- http-outgoing-2 << "    Metadata:[\n]"
08:05:01.309 [docker-java-stream-1173072367] DEBUG com.github.dockerjava.zerodep.shaded.org.apache.hc.client5.http.wire -- http-outgoing-2 << "      encoder         : Lavc58.35.100 libx264[\n]"
08:05:01.309 [docker-java-stream-1173072367] DEBUG com.github.dockerjava.zerodep.shaded.org.apache.hc.client5.http.wire -- http-outgoing-2 << "    Side data:[\n]"
08:05:01.309 [docker-java-stream-1173072367] DEBUG com.github.dockerjava.zerodep.shaded.org.apache.hc.client5.http.wire -- http-outgoing-2 << "      cpb: bitrate max/min/avg: 0/0/0 buffer size: 0 vbv_delay: -1[\n]"
08:05:01.309 [docker-java-stream-1173072367] DEBUG com.github.dockerjava.zerodep.shaded.org.apache.hc.client5.http.wire -- http-outgoing-2 << "[\r][\n]"
08:05:01.770 [docker-java-stream-1173072367] DEBUG com.github.dockerjava.zerodep.shaded.org.apache.hc.client5.http.wire -- http-outgoing-2 << "5f[\r][\n]"
08:05:01.770 [docker-java-stream-1173072367] DEBUG com.github.dockerjava.zerodep.shaded.org.apache.hc.client5.http.wire -- http-outgoing-2 << "[0x2][0x0][0x0][0x0][0x0][0x0][0x0]Wframe=   41 fps=0.0 q=0.0 size=       0kB time=00:00:00.00 bitrate=N/A speed=   0x    [\r][\r][\n]"
08:05:02.269 [docker-java-stream-1173072367] DEBUG com.github.dockerjava.zerodep.shaded.org.apache.hc.client5.http.wire -- http-outgoing-2 << "6b[\r][\n]"
08:05:02.269 [docker-java-stream-1173072367] DEBUG com.github.dockerjava.zerodep.shaded.org.apache.hc.client5.http.wire -- http-outgoing-2 << "[0x2][0x0][0x0][0x0][0x0][0x0][0x0]cframe=   75 fps= 74 q=29.0 size=      12kB time=00:00:00.53 bitrate= 179.6kbits/s speed=0.529x    [\r][\r][\n]"
08:05:02.770 [docker-java-stream-1173072367] DEBUG com.github.dockerjava.zerodep.shaded.org.apache.hc.client5.http.wire -- http-outgoing-2 << "6a[\r][\n]"
08:05:02.771 [docker-java-stream-1173072367] DEBUG com.github.dockerjava.zerodep.shaded.org.apache.hc.client5.http.wire -- http-outgoing-2 << "[0x2][0x0][0x0][0x0][0x0][0x0][0x0]bframe=  128 fps= 85 q=29.0 size=      17kB time=00:00:02.30 bitrate=  59.2kbits/s speed=1.52x    [\r][\r][\n]"
08:05:02.787 [docker-java-stream-1173072367] DEBUG com.github.dockerjava.zerodep.shaded.org.apache.hc.client5.http.wire -- http-outgoing-2 << "b5[\r][\n]"
08:05:02.787 [docker-java-stream-1173072367] DEBUG com.github.dockerjava.zerodep.shaded.org.apache.hc.client5.http.wire -- http-outgoing-2 << "[0x2][0x0][0x0][0x0][0x0][0x0][0x0][0xffffffad]/screen.flv: corrupt input packet in stream 0[\n]"
08:05:02.787 [docker-java-stream-1173072367] DEBUG com.github.dockerjava.zerodep.shaded.org.apache.hc.client5.http.wire -- http-outgoing-2 << "Error while decoding stream #0:0: Invalid data found when processing input[\n]"
08:05:02.787 [docker-java-stream-1173072367] DEBUG com.github.dockerjava.zerodep.shaded.org.apache.hc.client5.http.wire -- http-outgoing-2 << "[flv @ 0x55b8a1dad7c0] Packet mismatch 0 11 1238619[\n]"
08:05:02.787 [docker-java-stream-1173072367] DEBUG com.github.dockerjava.zerodep.shaded.org.apache.hc.client5.http.wire -- http-outgoing-2 << "[\r][\n]"
08:05:03.274 [docker-java-stream-1173072367] DEBUG com.github.dockerjava.zerodep.shaded.org.apache.hc.client5.http.wire -- http-outgoing-2 << "6a[\r][\n]"
08:05:03.274 [docker-java-stream-1173072367] DEBUG com.github.dockerjava.zerodep.shaded.org.apache.hc.client5.http.wire -- http-outgoing-2 << "[0x2][0x0][0x0][0x0][0x0][0x0][0x0]bframe=  185 fps= 92 q=29.0 size=      79kB time=00:00:04.20 bitrate= 154.3kbits/s speed=2.08x    [\r][\r][\n]"
08:05:03.342 [docker-java-stream-1173072367] DEBUG com.github.dockerjava.zerodep.shaded.org.apache.hc.client5.http.wire -- http-outgoing-2 << "81[\r][\n]"
08:05:03.342 [docker-java-stream-1173072367] DEBUG com.github.dockerjava.zerodep.shaded.org.apache.hc.client5.http.wire -- http-outgoing-2 << "[0x2][0x0][0x0][0x0][0x0][0x0][0x0]y/screen.flv: corrupt input packet in stream 0[\n]"
08:05:03.342 [docker-java-stream-1173072367] DEBUG com.github.dockerjava.zerodep.shaded.org.apache.hc.client5.http.wire -- http-outgoing-2 << "Error while decoding stream #0:0: Invalid data found when processing input[\n]"
08:05:03.342 [docker-java-stream-1173072367] DEBUG com.github.dockerjava.zerodep.shaded.org.apache.hc.client5.http.wire -- http-outgoing-2 << "[\r][\n]"
08:05:03.497 [docker-java-stream-1173072367] DEBUG com.github.dockerjava.zerodep.shaded.org.apache.hc.client5.http.wire -- http-outgoing-2 << "cd[\r][\n]"
08:05:03.497 [docker-java-stream-1173072367] DEBUG com.github.dockerjava.zerodep.shaded.org.apache.hc.client5.http.wire -- http-outgoing-2 << "[0x2][0x0][0x0][0x0][0x0][0x0][0x0][0xffffffc5]frame=  192 fps= 85 q=-1.0 Lsize=      84kB time=00:00:06.33 bitrate= 108.3kbits/s speed=2.82x    [\n]"
08:05:03.497 [docker-java-stream-1173072367] DEBUG com.github.dockerjava.zerodep.shaded.org.apache.hc.client5.http.wire -- http-outgoing-2 << "video:80kB audio:0kB subtitle:0kB other streams:0kB global headers:0kB muxing overhead: 5.064268%[\n]"
08:05:03.497 [docker-java-stream-1173072367] DEBUG com.github.dockerjava.zerodep.shaded.org.apache.hc.client5.http.wire -- http-outgoing-2 << "[\r][\n]"
08:05:03.499 [docker-java-stream-1173072367] DEBUG com.github.dockerjava.zerodep.shaded.org.apache.hc.client5.http.wire -- http-outgoing-2 << "444[\r][\n]"
08:05:03.499 [docker-java-stream-1173072367] DEBUG com.github.dockerjava.zerodep.shaded.org.apache.hc.client5.http.wire -- http-outgoing-2 << "[0x2][0x0][0x0][0x0][0x0][0x0][0x4]<[libx264 @ 0x55b8a1db2580] frame I:2     Avg QP: 6.24  size:  5760[\n]"
08:05:03.499 [docker-java-stream-1173072367] DEBUG com.github.dockerjava.zerodep.shaded.org.apache.hc.client5.http.wire -- http-outgoing-2 << "[libx264 @ 0x55b8a1db2580] frame P:49    Avg QP:12.50  size:  1204[\n]"
08:05:03.499 [docker-java-stream-1173072367] DEBUG com.github.dockerjava.zerodep.shaded.org.apache.hc.client5.http.wire -- http-outgoing-2 << "[libx264 @ 0x55b8a1db2580] frame B:141   Avg QP:15.74  size:    74[\n]"
08:05:03.499 [docker-java-stream-1173072367] DEBUG com.github.dockerjava.zerodep.shaded.org.apache.hc.client5.http.wire -- http-outgoing-2 << "[libx264 @ 0x55b8a1db2580] consecutive B-frames:  1.6%  1.0%  1.6% 95.8%[\n]"
08:05:03.499 [docker-java-stream-1173072367] DEBUG com.github.dockerjava.zerodep.shaded.org.apache.hc.client5.http.wire -- http-outgoing-2 << "[libx264 @ 0x55b8a1db2580] mb I  I16..4: 97.2%  0.0%  2.8%[\n]"
08:05:03.499 [docker-java-stream-1173072367] DEBUG com.github.dockerjava.zerodep.shaded.org.apache.hc.client5.http.wire -- http-outgoing-2 << "[libx264 @ 0x55b8a1db2580] mb P  I16..4:  2.7%  0.0%  0.7%  P16..4:  0.1%  0.0%  0.0%  0.0%  0.0%    skip:96.5%[\n]"
08:05:03.499 [docker-java-stream-1173072367] DEBUG com.github.dockerjava.zerodep.shaded.org.apache.hc.client5.http.wire -- http-outgoing-2 << "[libx264 @ 0x55b8a1db2580] mb B  I16..4:  0.0%  0.0%  0.0%  B16..8:  0.5%  0.0%  0.0%  direct: 0.0%  skip:99.5%  L0:49.9% L1:50.0% BI: 0.1%[\n]"
08:05:03.499 [docker-java-stream-1173072367] DEBUG com.github.dockerjava.zerodep.shaded.org.apache.hc.client5.http.wire -- http-outgoing-2 << "[libx264 @ 0x55b8a1db2580] coded y,u,v intra: 7.5% 2.7% 1.3% inter: 0.0% 0.0% 0.0%[\n]"
08:05:03.499 [docker-java-stream-1173072367] DEBUG com.github.dockerjava.zerodep.shaded.org.apache.hc.client5.http.wire -- http-outgoing-2 << "[libx264 @ 0x55b8a1db2580] i16 v,h,dc,p: 87% 11%  2%  1%[\n]"
08:05:03.499 [docker-java-stream-1173072367] DEBUG com.github.dockerjava.zerodep.shaded.org.apache.hc.client5.http.wire -- http-outgoing-2 << "[libx264 @ 0x55b8a1db2580] i4 v,h,dc,ddl,ddr,vr,hd,vl,hu: 23% 24% 21%  6%  6%  5%  6%  4%  6%[\n]"
08:05:03.499 [docker-java-stream-1173072367] DEBUG com.github.dockerjava.zerodep.shaded.org.apache.hc.client5.http.wire -- http-outgoing-2 << "[libx264 @ 0x55b8a1db2580] Weighted P-Frames: Y:0.0% UV:0.0%[\n]"
08:05:03.499 [docker-java-stream-1173072367] DEBUG com.github.dockerjava.zerodep.shaded.org.apache.hc.client5.http.wire -- http-outgoing-2 << "[libx264 @ 0x55b8a1db2580] ref P L0: 48.4% 12.5% 38.1%  1.0%[\n]"
08:05:03.499 [docker-java-stream-1173072367] DEBUG com.github.dockerjava.zerodep.shaded.org.apache.hc.client5.http.wire -- http-outgoing-2 << "[libx264 @ 0x55b8a1db2580] ref B L0: 67.3% 32.3%  0.4%[\n]"
08:05:03.499 [docker-java-stream-1173072367] DEBUG com.github.dockerjava.zerodep.shaded.org.apache.hc.client5.http.wire -- http-outgoing-2 << "[libx264 @ 0x55b8a1db2580] ref B L1: 98.3%  1.7%[\n]"
08:05:03.499 [docker-java-stream-1173072367] DEBUG com.github.dockerjava.zerodep.shaded.org.apache.hc.client5.http.wire -- http-outgoing-2 << "[libx264 @ 0x55b8a1db2580] kb/s:100.63[\n]"
08:05:03.499 [docker-java-stream-1173072367] DEBUG com.github.dockerjava.zerodep.shaded.org.apache.hc.client5.http.wire -- http-outgoing-2 << "[\r][\n]"
08:05:03.530 [docker-java-stream-1173072367] DEBUG com.github.dockerjava.zerodep.shaded.org.apache.hc.client5.http.wire -- http-outgoing-2 << "0[\r][\n]"
08:05:03.530 [docker-java-stream-1173072367] DEBUG com.github.dockerjava.zerodep.shaded.org.apache.hc.client5.http.wire -- http-outgoing-2 << "[\r][\n]"
08:05:03.530 [docker-java-stream-1173072367] DEBUG com.github.dockerjava.zerodep.shaded.org.apache.hc.client5.http.impl.classic.InternalHttpClient -- ep-0000001C: releasing valid endpoint
08:05:03.530 [docker-java-stream-1173072367] DEBUG com.github.dockerjava.zerodep.shaded.org.apache.hc.client5.http.impl.io.PoolingHttpClientConnectionManager -- ep-0000001C: releasing endpoint
08:05:03.530 [docker-java-stream-1173072367] DEBUG com.github.dockerjava.zerodep.shaded.org.apache.hc.client5.http.impl.io.PoolingHttpClientConnectionManager -- ep-0000001C: connection http-outgoing-2 can be kept alive for 3 MINUTES
08:05:03.530 [docker-java-stream-1173072367] DEBUG com.github.dockerjava.zerodep.shaded.org.apache.hc.client5.http.impl.io.PoolingHttpClientConnectionManager -- ep-0000001C: connection released [route: {}->npipe://localhost:2375][total available: 1; route allocated: 1 of 2147483647; total allocated: 1 of 2147483647]
08:05:03.530 [main] DEBUG org.testcontainers.shaded.com.github.dockerjava.core.command.AbstrDockerCmd -- Cmd: e5076bc2b445c558988e9abc30857f1a87bb0e93e49e32d615e4f454947a8ac2
08:05:03.531 [main] DEBUG org.testcontainers.shaded.com.github.dockerjava.core.exec.InspectExecCmdExec -- GET: DefaultWebTarget{path=[/exec/e5076bc2b445c558988e9abc30857f1a87bb0e93e49e32d615e4f454947a8ac2/json], queryParams={}}
08:05:03.531 [main] DEBUG com.github.dockerjava.zerodep.shaded.org.apache.hc.client5.http.impl.classic.InternalHttpClient -- ex-0000001E: preparing request execution
08:05:03.531 [main] DEBUG com.github.dockerjava.zerodep.shaded.org.apache.hc.client5.http.protocol.RequestAddCookies -- Cookie spec selected: strict
08:05:03.531 [main] DEBUG com.github.dockerjava.zerodep.shaded.org.apache.hc.client5.http.protocol.RequestAuthCache -- Auth cache not set in the context
08:05:03.532 [main] DEBUG com.github.dockerjava.zerodep.shaded.org.apache.hc.client5.http.impl.classic.ProtocolExec -- ex-0000001E: target auth state: UNCHALLENGED
08:05:03.532 [main] DEBUG com.github.dockerjava.zerodep.shaded.org.apache.hc.client5.http.impl.classic.ProtocolExec -- ex-0000001E: proxy auth state: UNCHALLENGED
08:05:03.532 [main] DEBUG com.github.dockerjava.zerodep.shaded.org.apache.hc.client5.http.impl.classic.ConnectExec -- ex-0000001E: acquiring connection with route {}->npipe://localhost:2375
08:05:03.532 [main] DEBUG com.github.dockerjava.zerodep.shaded.org.apache.hc.client5.http.impl.classic.InternalHttpClient -- ex-0000001E: acquiring endpoint (3 MINUTES)
08:05:03.532 [main] DEBUG com.github.dockerjava.zerodep.shaded.org.apache.hc.client5.http.impl.io.PoolingHttpClientConnectionManager -- ex-0000001E: endpoint lease request (3 MINUTES) [route: {}->npipe://localhost:2375][total available: 1; route allocated: 1 of 2147483647; total allocated: 1 of 2147483647]
08:05:03.532 [main] DEBUG com.github.dockerjava.zerodep.shaded.org.apache.hc.client5.http.impl.io.PoolingHttpClientConnectionManager -- ex-0000001E: endpoint leased [route: {}->npipe://localhost:2375][total available: 0; route allocated: 1 of 2147483647; total allocated: 1 of 2147483647]
08:05:03.532 [main] DEBUG com.github.dockerjava.zerodep.shaded.org.apache.hc.client5.http.impl.io.PoolingHttpClientConnectionManager -- ex-0000001E: acquired ep-0000001D
08:05:03.532 [main] DEBUG com.github.dockerjava.zerodep.shaded.org.apache.hc.client5.http.impl.classic.InternalHttpClient -- ex-0000001E: acquired endpoint ep-0000001D
08:05:03.532 [main] DEBUG com.github.dockerjava.zerodep.shaded.org.apache.hc.client5.http.impl.classic.MainClientExec -- ex-0000001E: executing GET /v1.32/exec/e5076bc2b445c558988e9abc30857f1a87bb0e93e49e32d615e4f454947a8ac2/json HTTP/1.1
08:05:03.532 [main] DEBUG com.github.dockerjava.zerodep.shaded.org.apache.hc.client5.http.impl.classic.InternalHttpClient -- ep-0000001D: start execution ex-0000001E
08:05:03.532 [main] DEBUG com.github.dockerjava.zerodep.shaded.org.apache.hc.client5.http.impl.io.PoolingHttpClientConnectionManager -- ep-0000001D: executing exchange ex-0000001E over http-outgoing-2
08:05:03.532 [main] DEBUG com.github.dockerjava.zerodep.shaded.org.apache.hc.client5.http.headers -- http-outgoing-2 >> GET /v1.32/exec/e5076bc2b445c558988e9abc30857f1a87bb0e93e49e32d615e4f454947a8ac2/json HTTP/1.1
08:05:03.532 [main] DEBUG com.github.dockerjava.zerodep.shaded.org.apache.hc.client5.http.headers -- http-outgoing-2 >> accept: application/json
08:05:03.532 [main] DEBUG com.github.dockerjava.zerodep.shaded.org.apache.hc.client5.http.headers -- http-outgoing-2 >> x-tc-sid: 3e81ff38-c5d8-46ef-80ba-8fe8bfdd672a
08:05:03.532 [main] DEBUG com.github.dockerjava.zerodep.shaded.org.apache.hc.client5.http.headers -- http-outgoing-2 >> User-Agent: tc-java/1.19.3
08:05:03.532 [main] DEBUG com.github.dockerjava.zerodep.shaded.org.apache.hc.client5.http.headers -- http-outgoing-2 >> Accept-Encoding: gzip, x-gzip, deflate
08:05:03.532 [main] DEBUG com.github.dockerjava.zerodep.shaded.org.apache.hc.client5.http.headers -- http-outgoing-2 >> Host: localhost:2375
08:05:03.533 [main] DEBUG com.github.dockerjava.zerodep.shaded.org.apache.hc.client5.http.headers -- http-outgoing-2 >> Connection: keep-alive
08:05:03.533 [main] DEBUG com.github.dockerjava.zerodep.shaded.org.apache.hc.client5.http.wire -- http-outgoing-2 >> "GET /v1.32/exec/e5076bc2b445c558988e9abc30857f1a87bb0e93e49e32d615e4f454947a8ac2/json HTTP/1.1[\r][\n]"
08:05:03.533 [main] DEBUG com.github.dockerjava.zerodep.shaded.org.apache.hc.client5.http.wire -- http-outgoing-2 >> "accept: application/json[\r][\n]"
08:05:03.533 [main] DEBUG com.github.dockerjava.zerodep.shaded.org.apache.hc.client5.http.wire -- http-outgoing-2 >> "x-tc-sid: 3e81ff38-c5d8-46ef-80ba-8fe8bfdd672a[\r][\n]"
08:05:03.533 [main] DEBUG com.github.dockerjava.zerodep.shaded.org.apache.hc.client5.http.wire -- http-outgoing-2 >> "User-Agent: tc-java/1.19.3[\r][\n]"
08:05:03.533 [main] DEBUG com.github.dockerjava.zerodep.shaded.org.apache.hc.client5.http.wire -- http-outgoing-2 >> "Accept-Encoding: gzip, x-gzip, deflate[\r][\n]"
08:05:03.533 [main] DEBUG com.github.dockerjava.zerodep.shaded.org.apache.hc.client5.http.wire -- http-outgoing-2 >> "Host: localhost:2375[\r][\n]"
08:05:03.533 [main] DEBUG com.github.dockerjava.zerodep.shaded.org.apache.hc.client5.http.wire -- http-outgoing-2 >> "Connection: keep-alive[\r][\n]"
08:05:03.533 [main] DEBUG com.github.dockerjava.zerodep.shaded.org.apache.hc.client5.http.wire -- http-outgoing-2 >> "[\r][\n]"
08:05:03.537 [main] DEBUG com.github.dockerjava.zerodep.shaded.org.apache.hc.client5.http.wire -- http-outgoing-2 << "HTTP/1.1 200 OK[\r][\n]"
08:05:03.537 [main] DEBUG com.github.dockerjava.zerodep.shaded.org.apache.hc.client5.http.wire -- http-outgoing-2 << "Api-Version: 1.47[\r][\n]"
08:05:03.537 [main] DEBUG com.github.dockerjava.zerodep.shaded.org.apache.hc.client5.http.wire -- http-outgoing-2 << "Content-Type: application/json[\r][\n]"
08:05:03.537 [main] DEBUG com.github.dockerjava.zerodep.shaded.org.apache.hc.client5.http.wire -- http-outgoing-2 << "Date: Fri, 02 May 2025 06:05:03 GMT[\r][\n]"
08:05:03.537 [main] DEBUG com.github.dockerjava.zerodep.shaded.org.apache.hc.client5.http.wire -- http-outgoing-2 << "Docker-Experimental: false[\r][\n]"
08:05:03.537 [main] DEBUG com.github.dockerjava.zerodep.shaded.org.apache.hc.client5.http.wire -- http-outgoing-2 << "Ostype: linux[\r][\n]"
08:05:03.537 [main] DEBUG com.github.dockerjava.zerodep.shaded.org.apache.hc.client5.http.wire -- http-outgoing-2 << "Server: Docker/27.5.1 (linux)[\r][\n]"
08:05:03.537 [main] DEBUG com.github.dockerjava.zerodep.shaded.org.apache.hc.client5.http.wire -- http-outgoing-2 << "Transfer-Encoding: chunked[\r][\n]"
08:05:03.537 [main] DEBUG com.github.dockerjava.zerodep.shaded.org.apache.hc.client5.http.wire -- http-outgoing-2 << "[\r][\n]"
08:05:03.537 [main] DEBUG com.github.dockerjava.zerodep.shaded.org.apache.hc.client5.http.headers -- http-outgoing-2 << HTTP/1.1 200 OK
08:05:03.537 [main] DEBUG com.github.dockerjava.zerodep.shaded.org.apache.hc.client5.http.headers -- http-outgoing-2 << Api-Version: 1.47
08:05:03.537 [main] DEBUG com.github.dockerjava.zerodep.shaded.org.apache.hc.client5.http.headers -- http-outgoing-2 << Content-Type: application/json
08:05:03.537 [main] DEBUG com.github.dockerjava.zerodep.shaded.org.apache.hc.client5.http.headers -- http-outgoing-2 << Date: Fri, 02 May 2025 06:05:03 GMT
08:05:03.537 [main] DEBUG com.github.dockerjava.zerodep.shaded.org.apache.hc.client5.http.headers -- http-outgoing-2 << Docker-Experimental: false
08:05:03.537 [main] DEBUG com.github.dockerjava.zerodep.shaded.org.apache.hc.client5.http.headers -- http-outgoing-2 << Ostype: linux
08:05:03.537 [main] DEBUG com.github.dockerjava.zerodep.shaded.org.apache.hc.client5.http.headers -- http-outgoing-2 << Server: Docker/27.5.1 (linux)
08:05:03.537 [main] DEBUG com.github.dockerjava.zerodep.shaded.org.apache.hc.client5.http.headers -- http-outgoing-2 << Transfer-Encoding: chunked
08:05:03.537 [main] DEBUG com.github.dockerjava.zerodep.shaded.org.apache.hc.client5.http.impl.classic.MainClientExec -- ex-0000001E: connection can be kept alive for 3 MINUTES
08:05:03.537 [main] DEBUG com.github.dockerjava.zerodep.shaded.org.apache.hc.client5.http.wire -- http-outgoing-2 << "1a9[\r][\n]"
08:05:03.537 [main] DEBUG com.github.dockerjava.zerodep.shaded.org.apache.hc.client5.http.wire -- http-outgoing-2 << "{"ID":"e5076bc2b445c558988e9abc30857f1a87bb0e93e49e32d615e4f454947a8ac2","Running":false,"ExitCode":0,"ProcessConfig":{"tty":false,"entrypoint":"ffmpeg","arguments":["-i","/screen.flv","-vcodec","libx264","/newScreen.flv"],"privileged":false},"OpenStdin":false,"OpenStderr":true,"OpenStdout":true,"CanRemove":false,"ContainerID":"3aabc60e6494b6354e6bbe95b9fc51055c9e9c6ef5bb0292a702406b6c2c92a6","DetachKeys":"","Pid":18244}[\n]"
08:05:03.537 [main] DEBUG com.github.dockerjava.zerodep.shaded.org.apache.hc.client5.http.wire -- http-outgoing-2 << "[\r][\n]"
08:05:03.537 [main] DEBUG com.github.dockerjava.zerodep.shaded.org.apache.hc.client5.http.wire -- http-outgoing-2 << "0[\r][\n]"
08:05:03.537 [main] DEBUG com.github.dockerjava.zerodep.shaded.org.apache.hc.client5.http.wire -- http-outgoing-2 << "[\r][\n]"
08:05:03.539 [main] DEBUG com.github.dockerjava.zerodep.shaded.org.apache.hc.client5.http.impl.classic.InternalHttpClient -- ep-0000001D: releasing valid endpoint
08:05:03.539 [main] DEBUG com.github.dockerjava.zerodep.shaded.org.apache.hc.client5.http.impl.io.PoolingHttpClientConnectionManager -- ep-0000001D: releasing endpoint
08:05:03.539 [main] DEBUG com.github.dockerjava.zerodep.shaded.org.apache.hc.client5.http.impl.io.PoolingHttpClientConnectionManager -- ep-0000001D: connection http-outgoing-2 can be kept alive for 3 MINUTES
08:05:03.539 [main] DEBUG com.github.dockerjava.zerodep.shaded.org.apache.hc.client5.http.impl.io.PoolingHttpClientConnectionManager -- ep-0000001D: connection released [route: {}->npipe://localhost:2375][total available: 1; route allocated: 1 of 2147483647; total allocated: 1 of 2147483647]
08:05:03.541 [main] DEBUG org.testcontainers.shaded.com.github.dockerjava.core.command.AbstrDockerCmd -- Cmd: 3aabc60e6494b6354e6bbe95b9fc51055c9e9c6ef5bb0292a702406b6c2c92a6,.,/newScreen.flv
08:05:03.542 [main] DEBUG com.github.dockerjava.zerodep.shaded.org.apache.hc.client5.http.impl.classic.InternalHttpClient -- ex-0000001F: preparing request execution
08:05:03.542 [main] DEBUG com.github.dockerjava.zerodep.shaded.org.apache.hc.client5.http.protocol.RequestAddCookies -- Cookie spec selected: strict
08:05:03.542 [main] DEBUG com.github.dockerjava.zerodep.shaded.org.apache.hc.client5.http.protocol.RequestAuthCache -- Auth cache not set in the context
08:05:03.542 [main] DEBUG com.github.dockerjava.zerodep.shaded.org.apache.hc.client5.http.impl.classic.ProtocolExec -- ex-0000001F: target auth state: UNCHALLENGED
08:05:03.542 [main] DEBUG com.github.dockerjava.zerodep.shaded.org.apache.hc.client5.http.impl.classic.ProtocolExec -- ex-0000001F: proxy auth state: UNCHALLENGED
08:05:03.542 [main] DEBUG com.github.dockerjava.zerodep.shaded.org.apache.hc.client5.http.impl.classic.ConnectExec -- ex-0000001F: acquiring connection with route {}->npipe://localhost:2375
08:05:03.542 [main] DEBUG com.github.dockerjava.zerodep.shaded.org.apache.hc.client5.http.impl.classic.InternalHttpClient -- ex-0000001F: acquiring endpoint (3 MINUTES)
08:05:03.542 [main] DEBUG com.github.dockerjava.zerodep.shaded.org.apache.hc.client5.http.impl.io.PoolingHttpClientConnectionManager -- ex-0000001F: endpoint lease request (3 MINUTES) [route: {}->npipe://localhost:2375][total available: 1; route allocated: 1 of 2147483647; total allocated: 1 of 2147483647]
08:05:03.542 [main] DEBUG com.github.dockerjava.zerodep.shaded.org.apache.hc.client5.http.impl.io.PoolingHttpClientConnectionManager -- ex-0000001F: endpoint leased [route: {}->npipe://localhost:2375][total available: 0; route allocated: 1 of 2147483647; total allocated: 1 of 2147483647]
08:05:03.542 [main] DEBUG com.github.dockerjava.zerodep.shaded.org.apache.hc.client5.http.impl.io.PoolingHttpClientConnectionManager -- ex-0000001F: acquired ep-0000001E
08:05:03.542 [main] DEBUG com.github.dockerjava.zerodep.shaded.org.apache.hc.client5.http.impl.classic.InternalHttpClient -- ex-0000001F: acquired endpoint ep-0000001E
08:05:03.542 [main] DEBUG com.github.dockerjava.zerodep.shaded.org.apache.hc.client5.http.impl.classic.MainClientExec -- ex-0000001F: executing GET /v1.32/containers/3aabc60e6494b6354e6bbe95b9fc51055c9e9c6ef5bb0292a702406b6c2c92a6/archive?path=%2FnewScreen.flv HTTP/1.1
08:05:03.542 [main] DEBUG com.github.dockerjava.zerodep.shaded.org.apache.hc.client5.http.impl.classic.InternalHttpClient -- ep-0000001E: start execution ex-0000001F
08:05:03.542 [main] DEBUG com.github.dockerjava.zerodep.shaded.org.apache.hc.client5.http.impl.io.PoolingHttpClientConnectionManager -- ep-0000001E: executing exchange ex-0000001F over http-outgoing-2
08:05:03.542 [main] DEBUG com.github.dockerjava.zerodep.shaded.org.apache.hc.client5.http.headers -- http-outgoing-2 >> GET /v1.32/containers/3aabc60e6494b6354e6bbe95b9fc51055c9e9c6ef5bb0292a702406b6c2c92a6/archive?path=%2FnewScreen.flv HTTP/1.1
08:05:03.542 [main] DEBUG com.github.dockerjava.zerodep.shaded.org.apache.hc.client5.http.headers -- http-outgoing-2 >> accept: application/x-tar
08:05:03.542 [main] DEBUG com.github.dockerjava.zerodep.shaded.org.apache.hc.client5.http.headers -- http-outgoing-2 >> x-tc-sid: 3e81ff38-c5d8-46ef-80ba-8fe8bfdd672a
08:05:03.542 [main] DEBUG com.github.dockerjava.zerodep.shaded.org.apache.hc.client5.http.headers -- http-outgoing-2 >> User-Agent: tc-java/1.19.3
08:05:03.542 [main] DEBUG com.github.dockerjava.zerodep.shaded.org.apache.hc.client5.http.headers -- http-outgoing-2 >> Accept-Encoding: gzip, x-gzip, deflate
08:05:03.542 [main] DEBUG com.github.dockerjava.zerodep.shaded.org.apache.hc.client5.http.headers -- http-outgoing-2 >> Host: localhost:2375
08:05:03.542 [main] DEBUG com.github.dockerjava.zerodep.shaded.org.apache.hc.client5.http.headers -- http-outgoing-2 >> Connection: keep-alive
08:05:03.542 [main] DEBUG com.github.dockerjava.zerodep.shaded.org.apache.hc.client5.http.wire -- http-outgoing-2 >> "GET /v1.32/containers/3aabc60e6494b6354e6bbe95b9fc51055c9e9c6ef5bb0292a702406b6c2c92a6/archive?path=%2FnewScreen.flv HTTP/1.1[\r][\n]"
08:05:03.542 [main] DEBUG com.github.dockerjava.zerodep.shaded.org.apache.hc.client5.http.wire -- http-outgoing-2 >> "accept: application/x-tar[\r][\n]"
08:05:03.543 [main] DEBUG com.github.dockerjava.zerodep.shaded.org.apache.hc.client5.http.wire -- http-outgoing-2 >> "x-tc-sid: 3e81ff38-c5d8-46ef-80ba-8fe8bfdd672a[\r][\n]"
08:05:03.543 [main] DEBUG com.github.dockerjava.zerodep.shaded.org.apache.hc.client5.http.wire -- http-outgoing-2 >> "User-Agent: tc-java/1.19.3[\r][\n]"
08:05:03.543 [main] DEBUG com.github.dockerjava.zerodep.shaded.org.apache.hc.client5.http.wire -- http-outgoing-2 >> "Accept-Encoding: gzip, x-gzip, deflate[\r][\n]"
08:05:03.543 [main] DEBUG com.github.dockerjava.zerodep.shaded.org.apache.hc.client5.http.wire -- http-outgoing-2 >> "Host: localhost:2375[\r][\n]"
08:05:03.543 [main] DEBUG com.github.dockerjava.zerodep.shaded.org.apache.hc.client5.http.wire -- http-outgoing-2 >> "Connection: keep-alive[\r][\n]"
08:05:03.543 [main] DEBUG com.github.dockerjava.zerodep.shaded.org.apache.hc.client5.http.wire -- http-outgoing-2 >> "[\r][\n]"
08:05:03.555 [main] DEBUG com.github.dockerjava.zerodep.shaded.org.apache.hc.client5.http.wire -- http-outgoing-2 << "HTTP/1.1 200 OK[\r][\n]"
08:05:03.555 [main] DEBUG com.github.dockerjava.zerodep.shaded.org.apache.hc.client5.http.wire -- http-outgoing-2 << "Api-Version: 1.47[\r][\n]"
08:05:03.555 [main] DEBUG com.github.dockerjava.zerodep.shaded.org.apache.hc.client5.http.wire -- http-outgoing-2 << "Content-Encoding: gzip[\r][\n]"
08:05:03.555 [main] DEBUG com.github.dockerjava.zerodep.shaded.org.apache.hc.client5.http.wire -- http-outgoing-2 << "Content-Type: application/x-tar[\r][\n]"
08:05:03.555 [main] DEBUG com.github.dockerjava.zerodep.shaded.org.apache.hc.client5.http.wire -- http-outgoing-2 << "Date: Fri, 02 May 2025 06:05:03 GMT[\r][\n]"
08:05:03.555 [main] DEBUG com.github.dockerjava.zerodep.shaded.org.apache.hc.client5.http.wire -- http-outgoing-2 << "Docker-Experimental: false[\r][\n]"
08:05:03.555 [main] DEBUG com.github.dockerjava.zerodep.shaded.org.apache.hc.client5.http.wire -- http-outgoing-2 << "Ostype: linux[\r][\n]"
08:05:03.555 [main] DEBUG com.github.dockerjava.zerodep.shaded.org.apache.hc.client5.http.wire -- http-outgoing-2 << "Server: Docker/27.5.1 (linux)[\r][\n]"
08:05:03.555 [main] DEBUG com.github.dockerjava.zerodep.shaded.org.apache.hc.client5.http.wire -- http-outgoing-2 << "X-Docker-Container-Path-Stat: eyJuYW1lIjoibmV3U2NyZWVuLmZsdiIsInNpemUiOjg1NzQ0LCJtb2RlIjo0MjAsIm10aW1lIjoiMjAyNS0wNS0wMlQwNjowNTowMy40OTEyOTY5OTVaIiwibGlua1RhcmdldCI6IiJ9[\r][\n]"
08:05:03.555 [main] DEBUG com.github.dockerjava.zerodep.shaded.org.apache.hc.client5.http.wire -- http-outgoing-2 << "Transfer-Encoding: chunked[\r][\n]"
08:05:03.555 [main] DEBUG com.github.dockerjava.zerodep.shaded.org.apache.hc.client5.http.wire -- http-outgoing-2 << "[\r][\n]"
08:05:03.556 [main] DEBUG com.github.dockerjava.zerodep.shaded.org.apache.hc.client5.http.headers -- http-outgoing-2 << HTTP/1.1 200 OK
08:05:03.556 [main] DEBUG com.github.dockerjava.zerodep.shaded.org.apache.hc.client5.http.headers -- http-outgoing-2 << Api-Version: 1.47
08:05:03.556 [main] DEBUG com.github.dockerjava.zerodep.shaded.org.apache.hc.client5.http.headers -- http-outgoing-2 << Content-Encoding: gzip
08:05:03.556 [main] DEBUG com.github.dockerjava.zerodep.shaded.org.apache.hc.client5.http.headers -- http-outgoing-2 << Content-Type: application/x-tar
08:05:03.556 [main] DEBUG com.github.dockerjava.zerodep.shaded.org.apache.hc.client5.http.headers -- http-outgoing-2 << Date: Fri, 02 May 2025 06:05:03 GMT
08:05:03.556 [main] DEBUG com.github.dockerjava.zerodep.shaded.org.apache.hc.client5.http.headers -- http-outgoing-2 << Docker-Experimental: false
08:05:03.556 [main] DEBUG com.github.dockerjava.zerodep.shaded.org.apache.hc.client5.http.headers -- http-outgoing-2 << Ostype: linux
08:05:03.556 [main] DEBUG com.github.dockerjava.zerodep.shaded.org.apache.hc.client5.http.headers -- http-outgoing-2 << Server: Docker/27.5.1 (linux)
08:05:03.556 [main] DEBUG com.github.dockerjava.zerodep.shaded.org.apache.hc.client5.http.headers -- http-outgoing-2 << X-Docker-Container-Path-Stat: eyJuYW1lIjoibmV3U2NyZWVuLmZsdiIsInNpemUiOjg1NzQ0LCJtb2RlIjo0MjAsIm10aW1lIjoiMjAyNS0wNS0wMlQwNjowNTowMy40OTEyOTY5OTVaIiwibGlua1RhcmdldCI6IiJ9
08:05:03.556 [main] DEBUG com.github.dockerjava.zerodep.shaded.org.apache.hc.client5.http.headers -- http-outgoing-2 << Transfer-Encoding: chunked
08:05:03.556 [main] DEBUG com.github.dockerjava.zerodep.shaded.org.apache.hc.client5.http.impl.classic.MainClientExec -- ex-0000001F: connection can be kept alive for 3 MINUTES
08:05:03.563 [main] DEBUG com.github.dockerjava.zerodep.shaded.org.apache.hc.client5.http.wire -- http-outgoing-2 << "8000[\r][\n]"
08:05:03.564 [main] DEBUG com.github.dockerjava.zerodep.shaded.org.apache.hc.client5.http.wire -- http-outgoing-2 << "[0x1f][0xffffff8b][0x8][0x0][0x0][0x0][0x0][0x0][0x0][0xffffffff][0xffffffd4][0xfffffffc][0x5]T[0x1c][0xffffffd9][0xffffffb6]?[0xffffff8e][0x17][0xffffffee]n[0xffffffc1];X[0xffffff82][0xffffffd3][0xffffffb8]5[0xffffffee][0xffffffee][0x16][0x1c][0x1a]w[0xffffff87][0x4][0xffffff87]`[0x9][0x10][0xffffffdc]5[0x4][\r][0x4][0xb][0x10] h[0xffffff82][0x4][0xb][0xffffffee][0xffffffae][0xffffffc1][0xffffffdd][0xffffffe1][0xffffffbf][0xffffff92];so&[0xffffffef][0xfffffffb][0xffffffde][0xffffff9b][0xfffffffb][0xffffffee][0xffffffcc]Z[0xffffffff]_[0xffffffaf]Zt[0xfffffff7][0xffffffa9]s[0xfffffff6]9[0xffffffe7][0xffffffb3][0xffffffa5]>[0xffffffb5]{S[0xe]POu3[0x17]([0xffffffd4][0xffffff81][0xffffffc5][0xffffffc2][0xffffffce][0x3][0xfffffff8]{^llll[0xffffffdc][0xffffff9c][0xffffff9c]?[0xffffffde][0xffffffd9][0xffffffd8][0xffffffd8][0xfffffffe][0xfffffff8][0xffffffce][0xffffffce][0xffffffc9][0xffffffc3][0xffffffc1][0xffffffcd][0x6][0xffffff80][0xffffffb9][0xffffffd8][0xffffffd8][0xffffffb8][0xffffffd8][0xffffffb8][0xffffffd9][0xffffffd8][0xffffffc1]<[0x0][0x1b][0x18][0xffffffcc][0x3][0xffffffe6][0x6]@l[0x7f][0xffffffd3]z[0xfffffffe][0xfffffff0]rwu3q[0x1][0xffffffd8][0xfffffffe][0xffffffe3][0xffffffb9]~[0xffffffdd][0xffffffdc][0xffffffff]G^R[\n]"
08:05:03.564 [main] DEBUG com.github.dockerjava.zerodep.shaded.org.apache.hc.client5.http.wire -- http-outgoing-2 << "Z00[0x0][0x0][0xffffffa0]|[0xffffffff][0xffffff82][0xb][0x0][0xfffffff5][0xffffffbf][0xffffffb5][0xffffffc3][0x2][0xffffffa8][0xffffff8e][0xe][0xffffff8a]P7[0x13][0x9][0x13]7[0x13]d[0x0][0x0][0xffffff90][0x1]dsw[0x17][0x13]7kG[0x7]@[0xffffff84][0xffffffe4][0xffffffb7]^[0x8][0xffffff9e][0xffffffd6][0xffffffe6]nV[0xffffff80]Hb[0xffffffc0]?[0xffffffbe]#ZA[0xffffffad]-[0xffffffad][0xffffffdc][0x0][0xffffff91][0xffffffd8][0xffffffdf]:`xX[0xffffff9b]C[0x1d][0xffffffcd]M[0xffffffdc]L\L[0xffffffdc][0xffffffa0][0xffffffff][0xffffff9a][0x16][0xffffffc5][0xffffffc2][0xffffffc5][0xffffffc4][0x1e][0xfffffffa][0xffffffa3]MD[0xffffffe8][0xffffffb7]6[0xfffffff4][0x1f]}[0xffffffcd][0x1c][0xffffffcd][0xffffffa1]f[0xffffffd6][0xffffffe6][0xffffff80][0x8][0xffffffd9]o[0xffffffcd]HP[0xffffff87][0xffffffef]m.[0xffffffb0][0x0][0xffffff86][0xffffff82][0xffffff89][0xffffff87][0x5][0x17]/[0xb];[0x1b][0xb][0xffffff98][0xffffff8d][\r]@[0xffffffb6][0xffffffb0][0xffffffb6][0xffffff83][0xffffffba]Z[0xfffffffb]@[0x1][0xffffff91][0xffffff93][0xfffffffd][0xffffffdf][0xffffffe5][0x2][0x0][0xffffffd0][0xffffff81][0x2][0x0][0xffffffcc][0xffffffbf]}'[0xfffffffa][0xfffffffe][0x7][0xffffffe6][0x4]x|[0xffffffbf][0x4]<[0xffffffb0]<[0x1][0x1e][0xffffffbf]J[0x7f][0xffffff8c][0xffffffda]*2[0x14][0x0][0x0]p@[0x0][0x0]P [0xffffffbd]x[0xfffffff0][0x5][0x6]@[0xffffffb0][0xffffffda]^[0xffffffe9][0xffffff94][0x1][0x0][0xffffff80][0x17][0x5][0xffffff80][0xffffffa7][0xfffffffa]},[0xc][0x0][0xffffff88][0x3][0x0]l9"[0xffffffc2][0xfffffffd]}[0xffffffc9][0xffffffac][0xffffffe4]V[0xfffffff3][0xfffffffa][0xffffff94]L][0x12][0xffffffd3]$h[0xffffff8a]zo[0xffffffdf][0xffffff8b][0xffffff9d][0xffffff9b][0x13][0xffffffc4][0xc]2st[0xffffff81][0xffffff82][0xffffffc0]\\ [0x17]v>0[0xf][0xffffff88][0xffffffcd][0xffffff84][0xffffff97][0xffffffd3][0xffffff9c][0xffffff8f][0x17][0xffffffc4][0xc][0xffffff92]aa[0xffffffe7][0xffffffe6]dUT[0xffffff91][0xffffff94]f[0xffffffe6][0x4][0xffffff89]j[0xffffff89][0xffffff83]~l[0xc][0xffffffc4][0xc][0x12]wt[0xfffffff2][0xffffffb6][0xffffff83]Z[0xffffffb8][0xffffff81][0xffffffd8][0xffffffd9][0xffffffd8]8[0xffffff98][0xffffffd9][0xffffffd9][0xffffffc0][0xffffffdf]{[[0xffffffb9][0xffffffb9]9[0xfffffff1][0xffffffb3][0xffffffb2]zzz[0xffffffb2][0xfffffffc]@[0xffffffc1][0xffffffce][0xffffffc4][0xffffff81][0xffffffc5][0xffffffd1][0xffffffc5][0xffffff92][0xfffffff5][0xfffffffb],,Vn[0xfffffff6]v f[0xffffff90][0xffffffa3][0xffffffd3]w[0xfffffff0]][0xfffffff9]Af&[0xffffffa6]&f[0x10]0[0xffffffc8][0x5]j[0x1][0xffffffe1][0x0][0xffffff99]CM[0xffffffed][0x1c][0xffffffcd]l!`~6~6[0xffffff90][0xffffff89][0xffffff83][0xffffff89][0xffffff9d][0xffffffb7]+[0x14][0xffffffc2][0xffffffe6][0x5][0xffffffe6]g[0xfffffff3][0x2][0xffffff83][0xffffffc1] {([0xffffffc4][\n]"
08:05:03.564 [main] DEBUG com.github.dockerjava.zerodep.shaded.org.apache.hc.client5.http.wire -- http-outgoing-2 << "[0xffffffea][0x5]ru7[0xffffffb5][0xffffff87]Bx@N[0xffffffae][0xffffffde][0x10][0xfffffff0][0xfffffff7][0xffffffbf]F.[0xffffffe6][0x10]0[0xb][0x1b][0x1b]?[0x1b][0xb][0x1b][0x1b][0xffffffc8][0xffffffde][0xffffffda][0xb]jn[0xfffffff4]][0xffffffe2][0xfffffff7][0x11]F.&[0xe][0xffffff96]P[0x8][0xffffff98][0x1b]df[0xffffffe5][0xffffffe2]hobd[0xf][0xffffff85][0xffffff80]An.P;;kW[0x8][0x18][0xffffffc4][0xffffffeb][0xffffffc5]kn[0xffffffe6][0x6]a[0x3][0xffffff99]9[0xffffffdb]C[0xffffffd8]@[0xffffffe6]P[0x13]s[0x1f]G[0x7]([0xffffff84][0x1d][0xffffffcc][0x4][0x6][0xffffff83],L\[0xffffffdd][0xffffff8c][0xffffff9c]\m[0xffffffad][0xffffff9d] [0xffffffe0][0xffffffdf][0x5]8;[0x19]9ZX[0xffffffb8]B[0xffffffdd] [0xffffff9c] 7+[0x17][0xffffffa8][0xffffff89][0xffffffb9]+[0x4][0xffffffcc][0xe][0xffffffb2]st[0xffffffb4]5[0xffffffb1][0xffffff82][0xffffff9a][0xffffff98][0x1b][0xfffffffd][0xffffffde][0xffffffc8][0xe]r[0xffffffb5][0xffffffb3]6[0xffffff83][0xfffffffe][0xffffffab][0xffffff81][\r][0xffffffe4][0xffffffe0][0xfffffff2]c[0xe]3k{[0x13][0xffffffb7][0xffffffef][0xffffffeb][0xffffffb0]vp[0xffffff83][0xffffffba][0xffffffd8][0xffffff99][0xffffff98]A[0xffffffcd]!l S;w[0x17][0x13]o#3G{'[0xffffff93][0x1f]+rtpus1[0xffffffb1]v[0xffffff80][0xffffff9a][0x1b]Y;[0xffffffb8][0xffffffb9][0xffffff98]|[0xffffffef][0xfffffff3][0xffffffc3][0xffffffda]\![0x1c] S#'o[0x17][0x13]{ks[0x8];[0xffffffc8][0xffffffd4][0xffffffc8][0xffffffc4][0xffffffdc][0xffffffc4][0xffffffc9][\r][0x2][0x6][0xffffff99][0x1a][0xffffff99]Z[0xffffff9b]|[0xffffff9f][0xffffffc9][0xffffffdc][0xffffffda][0x5]j[0xfffffff6][0xffffffbd][0xffffffc5][0xfffffff3][0xffffff87][0x1d][0xffffff9b]B[0xffffffc0] G'[0xffffffa8][0xffffff83][0xffffff91][0xffffffa5][0xffffffa3][0x13][0xffffff84][0xffffffed][0xffffffb7]F'[0x8];[0xffffffc8][0x16][0xffffffea]m[0xffffffed][0xffffffe0][0x6]a[0xffffffe7]b[0xfffffffb][0xffffffed][0xffffffa3][0xffffff91][0xffffffbd][0xffffffb5][0x3][0xffffff84][0xffffff9d][0xb][0xffffffe4]j[0x6]u[0xffffff80][0xffffff9a][0xffffffb9][0xffffffbb]A8[0xffffffd9]@?f[0xffffffff][0xe][0xffffffa9][0xb][0xffffffd4][0xffffffd5][\n]"
08:05:03.564 [main] DEBUG com.github.dockerjava.zerodep.shaded.org.apache.hc.client5.http.wire -- http-outgoing-2 << "[0xffffffc2][0x6]r13[0xfffffffa][0xffffffe7]v[0xffffffbf][0xffffff9f]w1[0xffffff83][0xffffff98][0xffffffb9]X[0xffffff80][0xffffffec]M[0xffffffdd]\[0xffffffa0][0xffffffdf][0xffffffb7]e[0xffffffe6]b[0x1]a[0xffffffe7]`a[0x3]9[0x7f][0xffffffdf][0xc][0xffffff84][0xffffff8d][0xffffff85][0xffffff9b][\r][0xffffffe4][0xffffffec][0xfffffff4]][0xfffffff0][0xffffff8f]w[0x13]/[0x8]7[0x1f][0xffffffc8][0xffffffd9][0xffffffc9][0xffffffd5][\r][0xffffffea][0x4][0xffffffe1][0x4]Y;[0x19][0xfffffffd][0xfffffff0]F[0x8][0xffffff98][0xffffff85][0xffffff93][\r]d[0xffffffe2][0xc][0x1][0xfffffff3][0x7f][0xffffffd7][0xffffffe6]w[0xffffffa3][0xffffff86][0xffffffb1][0xffffff84][0xffffff86][0xffffff87][0x0]<[0xfffffff7]wga[0x17][0xfffffff8]S:xw[0xffffffba]-[0xffffffb7][0x18][0xfffffffe][0xffffffb3]131e[0xffffffb7][0xffffffce]f[0xf][0xffffffe1][0x17][0xfffffff4]*[0x1e]n[0xffffffb6]~[0xfffffff7][0xffffff80][0xffffff9f][0xf][0xfffffff8][0x16],[0x1f][0xffffffd6]U[0xffffffca]T[0xffffff9f][0xffffffe1][0x16]s[0xffffff86][0xffffffd5][0xffffffed][0xffffff97][0x9][0xffffffef]~>[\r][0xffffffc7][0x18][0xe][0x0]I[0xc][0x0]`u[0x6][0x0][0xffffff85][0x7][0x0]l[0xffffff90][0x8][0xffffff80][0xfffffff1][\r][0x0][0xffffff82]U[0x0][0xffffff84]E[0x0]x[0x2][0x0][0xffffffc8][0x18][0x0][0xffffffd0]c[0xc][0xffffff90]8[0x1][0xffffffb0]5[0xffffffbf][0xffffffca][0xfffffffe][0xffffffe7][0x11]\[0xffffffd5][0xfffffff7][0xffffffdf][0xffffff9e][0x3][0xffffffa4][0xffffffe4]6[0xffffffff][0xfffffffb][0xffffff93][0xffffffff][0xffffffff]w[0xffffffa0][0xfffffff0][0x1][0x0]<3[\n]"
08:05:03.564 [main] DEBUG com.github.dockerjava.zerodep.shaded.org.apache.hc.client5.http.wire -- http-outgoing-2 << "[0x0][0xfffffff0][0x3][0xffffffc0][0xffffff8f][0xffffff98][0xfffffff1][0x8][0x6][0x0][0xffffffde][0x0][0x0][0x0][0x16]M[0xffffffa3][0xffffffb1][0x13][0xfffffff7][0xffffffbf]+[0xc][0xfffffff9]s[0xffffffa2][0xffffff82][0xffffffbf]GOI[0x14][0x0][0xffffffe0][0xfffffff9][0x11]p[0xfffffffe]![0xffffffe8][0xfffffffb][0x7][0x16][0xffffffd1],1[0xffffffaf]P[0xffffffff]?'[0xffffffc5][0xffffffae][\r][0x0][0x0][0xffffffb1][0x7f]H1[0xffffffff]][0xffffffca][0xfffffff7][0x17][0xb]L[0xffffff96][0xffffff89][0xffffff9b][0xffffffd8][0xffffff9f][0xffffff94][0x12][0x15][0xfffffff0]/)[0xffffffcf][0x7f][0xffffff97][0xfffffff2][0xfffffff0][0x1f]R[0xffffffcc]l[0xfffffffe][0xffffffb4][0xffffff94][0xffffffc0][0xffffffdf][0xffffffa4][0xffffff88][0x0]@[0xffffffe1][0xffffffef]R[0xffffffbe][0x7f][0xffffffe0][0x11]M[0xffffffb3][0xffffff92]-[0x12][0xffffffb5]JU@v[0xffffffbc][0xffffffff][0xfffffff3][0x0]}[0x17]'[0xffffff8f][0x2][0x0]|[0x0][0xffffffd0][0xfffffffd]3@l[0xffffffa2]Y[0xffffffcf]%q[0xffffff98][0x18][0xffffffef][0xffffffff][\r][0xffffff88]$[0xfffffffe][0xffffffb1][0xffffffb9]o[0xffffffbf]@T[0xfffffff0][0xffffffe7]![\n]"
08:05:03.564 [main] DEBUG com.github.dockerjava.zerodep.shaded.org.apache.hc.client5.http.wire -- http-outgoing-2 << "[0xfffffffc]'D0h[0xffffffbf]@T[0xfffffff8][0xffffffe7]![0xfffffffa][\r]h[0xffffffaa]![0x0][0xffffff86][0xffffffe9]'[0xffffff88][0xffffffa8][0xffffffba]D[0xffffffd3][0xffffffca]d[0xffffff8b]D[0xffffffed][0xfffffffe]+Dh[0xfffffff7]([0x1d][0xffffffc1][0xc][0x0]>D[0xffffff96]/ z[0xffffffbe][0xffffffca][0x1]|,[0xffffffe8][0xfffffff8][0xffffffa4]Q[0x5][0xffffffc0][0xffffffe6]<[0xffffffb1][0xffffffd4][0xffffffa8][0xffffff8a]][0xffffff98][0xffffff98][0xffffffdf][0xffffffb2][n[0xffffffa0][0xfffffff3][0xffffffd4][0xffffffbe]W[0xffffffcb][0xffffffac]8[0x8]z[0x8][0x17][0xfffffff3][0xffffffdc][0xffffffe3][0x15];[0xffffffd3][0x14][0xffffffe1][0xfffffffc][0xffffff8a]1[0xffffff9f][0xffffffaa]Y2[0xffffff9a][0x1d];[0xfffffff1]$[0x2][0xffffff8c][0xffffffe6]|[0xffffffad][0xfffffff6][0xffffffa3][0xffffffa4]'K[0xffffff8b][0x8]+[0xffffffed]a1m[0xffffffb9][0x1b][0xffffffaf][0xffffffff]![0x1f][0xffffffe6][0xffffffa1]T[0xfffffff3][0xffffffe0][0xfffffff6][0x8]WE[0x15][0xffffffff]7[0xffffffa1]Q[0xffffff98][0xffffff99]m[0xffffffe5]+"[0xffffffba][0xfffffff6][0x1a]3[0xffffffaa][0xffffff8d][0xffffffa1][0xffffff82][0xffffff89][0xffffffae][0xffffffb7]fpW[0x6][0xfffffff6][0xfffffffc][0xffffffcf][0xfffffff7]<[0xffffff93]^[0xffffffc3][0x18]b[0xffffffcd][0xffffffaa][0xfffffff7][0xffffffc3][0x8]'[0xffffff87][0x17][0x1a]gV[0xffffffd4]\[0xfffffff4]V[0xffffffd4]DP[0xffffffda][0xffffff95][0xffffffaa][0xffffffbd]V[0x1][0xffffffae][0x17]Y[0xffffffe6][0xffffffef][0x8][0x6]WW[0xffffffd4]M[0xfffffff3][0xffffffea]^3*[0xffffffc7][0x1][0xb][0x2]@[0xffffff82]y[0xffffffff]::[0xffffffd1][0xc]>[0xffffff83]U[0xffffff87][0x1b][0xffffff85]j[0xffffffee][0x1][0xffffffce]f3x[0x18]-[0x2][0xffffffa7][0xffffffa3][0xffffffeb][0xffffffe3][0xffffff97][0xfffffffd][0xffffffd1][0xf][0xffffffb3][0xffffffcd][0xffffffda]V#[0xffffffc4][0xffffff97][0xffffffb9]Nvu[0xffffffa6][0x6][0xffffffd2]M\[0xffffffed][0xffffffc6][0x17]y[0xffffffb7][0xffffff83]is[0xb][0x17][0x15][0xffffffe4][0xffffffb1][0x19]^[0xfffffff3]#[0xffffffc7]7[0xfffffff8][0xfffffff2]9/[0xffffff88][0x18]9[0xffffffc4][0x1b][0xffffff9e]-S[0xffffff84][0xffffffd3][0xffffffcc]([0xffffff82][0xffffffd6][0xfffffff4]X4[0xffffffc1][0xffffff81][0xffffffdf]t[0xffffffb7][0xffffffa6]]H[0x6][0xffffffd9][0xffffffa5][0xffffffef][0xffffffce][0x18]5[0xffffff9e]D[0xffffffbe][0x3][0xffffffc4][0xffffffa4][0x19][0xffffff9f][[0xffffff98][0xffffffe5][0xffffffda][0xffffffb1]9B[0xfffffff8][0xffffffa7]O[0x2][0xffffffdb]>[0xffffffa1][0xffffffb2][0x7]p[0xffffffdf][0x18][0xffffffe9][0xffffffce]6[0xffffff95][0xffffffc1]J[0xffffffd5]p[0xffffffac]x[0x11][0xffffffc7][0xffffffc2][0xffffffbf]|[0xffffffa6][0xffffff80]D[0xffffffb1]j[0x6][0xffffffc5][0x9][0xffffffb9]%|e[0xffffffd9][0xffffffe7]r[0xffffffad]Y[0x1d][0xffffffa1][0xffffff83][0xffffffec]W[0xffffff8c][0x18][0xffffffc1][0xffffff89][0xffffffc0]DE[0xffffffe1][0xffffffbf][0xffffffc3][0xfffffffa][0xffffff9c][0xffffffbd][0xffffff9f][0xfffffffa][0xffffffa2]p[0xffffffd3][0xffffffe2][0xffffffe9][0xffffffb8]e*9[0xffffffb9]p@[0xffffff94]/E[0x6][0xfffffffe][0x5]-n[0xf]Ae[0xfffffffa][0xffffff86][0xffffffe3][0xffffffb6][0xfffffff1]{[0xffffff8e]+[0xffffff97][0xffffffd2][0xffffff96][0xffffffaf]w6[0xffffff88]A[0xffffffc9][0xfffffffa][0xffffffe7][0xffffffab][0xffffffc9][0xffffffea][0xffffffd6]e[0xffffffcd]_[0xffffffde]?[0xffffffad][0xffffff84][0xffffffbb]u0H[0xffffff99]`3 v~[0xffffffc8][0xffffffeb][0xffffffd6][0xffffffef][0xffffffe2]{W2M[0xffffff8d][0xffffffaf][0xffffffc4][0xffffffca][0xfffffff4][0x18][0xffffffdf][0xffffffb6][0xffffffab][0xffffff9f]p$[0xffffff96]c[0xffffffd1][0xc]Y[0xffffffce][0xffffffd8][0xfffffff7][0xffffff99]_[0xffffffef]}[0xffffffb5][0xffffffac]xHs[0xffffffb7][0xffffffab][0xfffffff5][0xffffffb3][0xffffffe8]'&[0xfffffff0][0xffffffdd]d[0xffffffb0]R[0x11]II[0xffffff88]H[0xffffffd1]OP[0x6][0xffffffc5]6-[0xffffffaa][0xffffffe0][0xfffffff0]%Ji"S{n[0x14][0xffffff84]][0xffffffe8]Y5[0xffffffea][0xffffff99][0xffffffb4][0xffffffe5][0xffffff83][0xffffffa5]b[0xffffffbc][0xfffffff2][0x7][0xffffffd4]h[0xffffffc7][0xfffffffc][0xfffffff8][0xffffffea][0xffffffae][0xffffffe6]8.[0x13][0x4][0xffffffc2][0xffffffea][0x1b][0x1f][0xffffffed](@[0xffffffcd][0xfffffff8][0xffffffdb][0xffffffdf]f[0xffffff93]_[0xffffff9c][0x17][0xffffffc2]J}[0xffffffb5][0xffffffd1]T![0xffffffe1]m[0xffffffa3]tyC[0xffffffda][0x7f]e[0xffffff98][0xe][0xffffffa2],[0xfffffff4][0xfffffff3]nG[0x17][0xffffffb6][0xffffff8e][0xffffffca]'[0xffffffd6][0xffffffbc]]5[0xffffff9c][0xffffff81][0x7f]\[0xffffffc7][0xffffff88][0xffffffbc][0xfffffff3][0xffffffa2]Kr[0x1][0xffffffbd][0xffffff96][0xffffffaa][0xffffffde][0xffffff89][0xffffffc0]+[0xffffffb7]([0xffffffd9][0xffffffc6][0xffffffaf][0xffffff94][0xb][0x8][0xffffffa3][0x1]E[0xffffffc5][0xffffffdb][0xb][0xffffff9d][0x1d][0xffffff93][0xc]}[0x14][0xffffffdb];[0x2][0xffffff87]M[0x13][0xffffffa1]5[0xffffffbf][0xffffffa8][0x3][0xe][0xffffffba][0xffffff99]`skPd[0xffffffec]}f[0xffffff9a][0xffffffdd][0x9]b#[0xffffffb9][0xffffffbf]Z[0xffffffba]t[0x1][0x1][0xfffffff4][0xffffffa2][0xffffffd8][0xffffffcb][0xffffff8b][0x19]m/[0xffffffdd]e[0xffffffb1][0xfffffff0][0x1d][0xffffff90]H[0xffffffba][0xffffffb0]n [0xffffffec]w ][0xffffffa9]2[0x4]A[0xffffffda][0x7][0xffffffcb][0xffffff9b][0xffffffcb]p[0xb]:[0xffffffa9][0x13][0xffffffb2][0xffffff94][0xffffff91][0xffffff9a][0xfffffffc][0xffffffb0][0xffffff82]\[0x8][0xffffffaf]>b5[0xffffffc1][0xfffffff2]KC[0x11][0xffffffaf]+[0x11]l[FHv[E[0xe][0xffffffdd][0xffffff89][0xffffffb4][0x18][0x4][0xffffff88][0xffffff82]K[0xffffffbe]N[0xffffff8d][0xfffffff9],[0xfffffff6][0xfffffffb][0xffffff8e];ev[0xffffff93][0xffffffc4]#/$[0x6]G[0xfffffff0][\n]"
08:05:03.564 [main] DEBUG com.github.dockerjava.zerodep.shaded.org.apache.hc.client5.http.wire -- http-outgoing-2 << "0[0xc][0xffffffbd][0xffffffe7][0xffffff86]s[0xffffffef]cL[0x1b]~[0xffffffba]*[0x13]@[0xfffffffa][0xffffffd4][0xffffffed]\[0xffffffd3][0xfffffff1][0xc]O8[0xfffffffc][0xffffffdd]^l[0xffffffb6]5{[0xffffffda][0xffffff94][0xfffffff2]([0xffffffe6][0x1][0xffffffad][0xffffffbe]G[0xffffffd9]W[0xffffffc7]l[0xffffffb3][0xffffffab][0xfffffffa][0xffffffaa][0xffffffa2]=[0xffffffea][0xffffffde][0xffffffe7][0x1b][0xffffff88]FfiZ[\r]/I[0xffffffa9]Q[0xffffffde][0xffffffe2][0x1a][0xffffffa8]'F[0xffffffa7]s[0xffffff93]y[0xffffffc9]<[0xffffff87]M[0xffffffef][0xffffff97]Ql[0xffffffd8][0xffffff9a]jNT[0xffffffb7][0xffffffa8]n[0xffffff8a][0xffffff96][0xffffff82]iB:[0x11][0xffffffc6][0xffffff99][0xffffffb0][0xffffffed]qC[o`[0xfffffff2][0xffffffe7]W[0xffffffcb]/[0xffffffa1][0xffffff95]C[0xffffff98]"#[0x1c]2[0xffffffc3][0xffffff95]&[0xffffffdd]^[0xffffff9d][0xffffffbb]|[0xfffffff9][0xffffffcd]V[0xffffffc2][0xffffffdb][0xffffff92][0xffffffa0]!`[0xffffffe7]C[0xffffffe5][0xffffffd4][\r][0xffffff93][0xffffffc4]5[0xffffffd1]u[0x5]y[0xffffffcb][0xb][0x3][0xffffffff]U[[0xffffffbc][0xffffffe9][0xffffff8c][0xffffffa5]uO[0xffffffbc]E[0x4][0xffffffbd][0xfffffff6][0x4][0xffffffa7][0xffffff95][0x18][0xffffff9a]{[0x15][0x4]E1v[0xfffffffb]L[\n]"
08:05:03.564 [main] DEBUG com.github.dockerjava.zerodep.shaded.org.apache.hc.client5.http.wire -- http-outgoing-2 << "[0xffffffba]W[0xfffffffd][0xffffffa3][0xffffffd8]DD[0x5][0xfffffff7][\n]"
08:05:03.564 [main] DEBUG com.github.dockerjava.zerodep.shaded.org.apache.hc.client5.http.wire -- http-outgoing-2 << "U[0xffffff9e]6~[0xfffffff1][0xfffffffe][0xffffffd7][0x15][0x1b]R[0xffffffd5]ETU[0xffffff9f][0xffffffe7][0xffffff8b][0xffffffc2]qQ\[0xffffffc7][0xfffffff5][0xffffffbf][0xffffff96][0xffffffd5][0xffffff86][0xffffffb0]=P[0xffffffae][0xffffffff][0x0]S[0xffffff90]e[0xffffffc0]JM[0xffffffdf][0xfffffffc][0xffffffd0]~[0xffffffb6]5[0xffffff83]8[0xffffffab]1[0xffffffdc]`[0xfffffffc][0xffffffa2]{[0xfffffff2]1[0xffffff82][\r]X[0xfffffffa][0xffffff85][0xffffffe3][0xffffffc9][0x12]c/\[0x19][0xffffffd1]APr[0xb][0xffffffba][0xffffffd4][0xffffffc2][0xffffffa2]Og[0xffffff85][0xffffffb6][0xffffff92][0xffffffa9][0xffffff82]E[0xffffffa2]q[0xffffff97][0xfffffffa][0xffffffbd][0xffffffbc][0xffffffb2]*"[0xffffffff][0xffffffe1][0xfffffff2](E[0xffffffef][0xffffff86][0xfffffff0]c[0xffffffaa][0xffffffce][0x1c]5[0x1b]F[0x10][0xffffffc2][0xffffff98][0xfffffff3][0xffffffc6][0x1b][0x1][0xfffffffe]R![0x1e]i[0xffffffa3]g[0xfffffffd][0xffffffee][0xfffffff8][0xffffff97][0x16][0xffffffd0]w[0xffffffdc][0xffffffc8][0xffffff86][0xffffff9c][0xffffffe8]Z[0xffffffc6]F[0xffffffea]*B[0xffffff92]{b[0xfffffff1]&[0x18][0xffffffb5][0xffffffa1][0xffffff93]]l[0xffffffb9]1[0xfffffff5][0xffffffc2][0xffffffb2][0xffffffd8][0xffffffb2]^[0xffffffcb][0xffffffef][0x18][0xe][0x6]R[0xffffffb2][0xffffff89][0xffffff9b][0xfffffff7][0xffffffa9][0xffffffda]|[0xffffff94]o[0xffffffcd][0xffffffaf][0xffffffe3][0xffffffeb]:[0xffffffba][0xffffffa2][\n]"
08:05:03.564 [main] DEBUG com.github.dockerjava.zerodep.shaded.org.apache.hc.client5.http.wire -- http-outgoing-2 << "[0x4]d5[0xffffffb7]z[0xffffffaa][0xffffffe2] p_!6[0xffffff86][0xffffffdd][0xfffffff7][0x1e][0xffffff9d][0xffffffb8][0xffffffed]$[0xffffffd7]L[0xffffffa7][0xffffffa7][0xffffffa8][0xffffff9f]V[0xffffffe8][0xffffffa2]X`[0xffffffb5]f}Ip[0xffffff92][0xffffffd4][0xffffffcf].[0xffffffae]^[0xffffffb0])[0xffffffa0]{[0x19][0xffffffe4][0xffffffdc][0xffffffac]i[0xffffffbc][0x7],[0xffffffd0]K[0x1c][0xffffffae][0xffffffc0]"[0xffffffd8]bE[0xffffffab][0xfffffff2][0x8][0xffffffa2]Q[0xffffffdf][0xffffff82][0xffffffe9]T[0xffffff94]Y[0x2]$c%[0xffffff85]|-[0xffffffa0][0xffffffde][0xffffffd9][\r][0xffffff83]iN[0xffffffc3][0xf][p[0xffffffb6][0xfffffff0][0xffffffb5]q[0x5][0xffffffa3]c[0xffffffa6]H[0xffffff97][0xffffffa1][0xf][0xffffffae][0xffffff9f][0x9]p[0x1e][0xffffffd6][0xffffffc4]qm[0xffffffd9]'[0xffffffa1][0xffffffaf][0xfffffff1][0xffffff80][0xffffff83][0x15]'[0x6][0xffffff8a][0x14]f[0xffffff9b][0xffffffae]A[0xffffffe5]%Z[0xffffffec][0x1a]vA[0xffffffa7][0xffffffd4][0x5]@[0xffffffba]l[0xffffffb4][0xfffffffd][0x19][0xffffffc3]CV[0xfffffffe][0xffffff8f][0xffffff89][0xffffffb8][0xffffffaa][0xffffff8d](`;[0xffffffca][0xf]r[0xfffffff0][0xffffff8f][0x7][0x14]#[0xffffff90][0xffffffb7]b;[0x12][0xffffff9e]`[0xffffffbd][0xffffff8c][0xffffffa6][0x2][0xffffff89][0xffffffa1][0xffffffa3][[0xffffffdd]ht[0xffffff8e][0xfffffff9]%[0xffffffcf][0xffffff8d]3[0xfffffff1][0xffffffba][0x1c]H[0xffffffa9][0xffffffa1][0xffffffcb][0xffffffea]\6\[0xffffffe2][0xffffff81]Lc[0xc]r42[0xffffffbc][0xffffffd4]<[0xffffffd3][0xffffffa6]f$[0xffffffc6][\n]"
08:05:03.564 [main] DEBUG com.github.dockerjava.zerodep.shaded.org.apache.hc.client5.http.wire -- http-outgoing-2 << "[0xffffffcc]o[0xfffffffd][0xffffffcf][0xffffffe3][0xfffffff0][\r][0xfffffff7]r[0xffffffde][0xffffffd7][0x1c]J[0xffffffbf][0xffffffbb][0xffffffd3][0xffffffc9][0xfffffff7][0xffffffca]![0xffffffec][0xffffffc1]_uvH2[0xffffffc1][0xffffff91]L[0xffffff90][0xffffffd4][0xffffffe0])[0x1f][0xffffffe2][0x9]y[0xffffffe4][0xffffff8d][0xffffff90][0xffffffb4]8[0xffffffda][0xfffffff1]>[0xffffff8b][0xffffffc6]Yd[0xffffffba]NiPX%[0x1f][0xffffff91][0xffffffbb][0xffffff9a]{[0xffffffc8][0xffffff9b][0xffffffd9][0x10][\r][0xffffffea][0xffffffda][0xffffffbd][0xffffffc3][0xe][0x8][0x7f]"<M[0xffffff81]9[0xffffffbf][0xffffffe5][0xfffffff4][0xffffff8a][0xffffff8e]$G$[0xffffffd5][0x1d][[0xffffffb7][0x17]LW[0xffffffa8]#![0xffffffc7][0xffffffb9][0xffffffa6][0xffffffbb][0xffffff8b][0x7f][0x13][0xe]R[0xffffffe7][0xfffffff7][0xffffffc0]Y[0x3][0x13][0xffffff8d][0xe]E<[0xffffff92](SO[0xf][0xffffffff][0xffffffb4][0xffffff8a][0xffffffef][0xffffffe4][0xffffffe2][0x1][0xffffff8c][0xffffffba][0xffffff9b]a[0xffffff9e]9[0xffffffbb]7.[0xffffffbd][0xffffffd6][0xfffffff0][0xfffffff4]kBz[0xffffff80][0xffffffdc]8[0x1d][0xffffffe1][0xffffffcf][0xffffff92][0xffffffb5]}h6[0xffffff82]z[0xffffffec][0xffffffc5]C[0xffffffcd]oI[0xffffffb6][0x1a]][0xffffffb5]<w[0xffffffd6][0x7f][0xffffff94][0xffffff95]3[0xffffffd8][0xffffffd9][0xffffffe9][0xfffffffa]^Ab}Z[0xffffffb9][0xffffffd5][0xffffff96]e[0xffffffb9][0xffffffc7][0xffffffe5][0xffffffdb]n[0xffffffa1][0xffffff9d][0xffffff8b]A[0xffffff8b][0xffffffa6][0x1a][0xffffffcf][0xfffffffa]lh[0xffffffd5][0xffffffc7][0xc][0xffffffc4][0xffffff87][0xffffffdf][0x8]?[0x12][0xffffffef][0xffffff9e]T9p[0xffffffcc][0xffffffd9]g[0x9]?[0xfffffff8][0xffffffe4][0xffffffa3][0xffffffb2][0xffffffdc]qo[0xffffffd3][0xfffffff2]Q[0xffffffe5]3[0xffffffac][0xffffffff][0xffffffae]:"%[\n]"
08:05:03.564 [main] DEBUG com.github.dockerjava.zerodep.shaded.org.apache.hc.client5.http.wire -- http-outgoing-2 << "[0xffffffe1]H[0xfffffff4][0xffffff95]L[0xffffffab][0xfffffff1][0xffffff80][0xffffffac][0xfffffff2][0xb][0xffffffbd][0xffffffae][kXz[0xffffff9c][0xffffff85][0x1a][0xffffff9d]DO[0xffffffd9][0xffffffb4][0xffffffe2][0xffffffc9][0xffffffc1]6)[0xffffffbb][0xfffffffb]P[0xffffff95][0xffffffe1][0xffffffa5]VK[0x7f][0xffffffec]@[0xffffffae]gJw[0xffffffe0][0xffffff99][0xffffffad][0xffffffbb][0xffffff8e][0xffffffc6]{[0xffffffbc]][0xffffffd0][0x7][0x18]_[0xffffffaf]J$E[0xffffff85]R[0xffffffbe][0xffffffa0];[0x1a][0xffffffa1][0xffffffa6]I[0xffffff93]&[0xffffff8b]y[0xf]~[0xffffffbb][0xffffffc2][0x18][0xffffffde][0x4][0xffffffa1]w[0xffffff89]y#-[0xffffff96][0x1d][0xffffffb0]a[0xfffffff4][0xffffffc7][0xffffff91][0xffffff92]/[0xffffffc2][0xffffffab]'[0xffffffe1][0xffffffaf][0xffffffcf][0xffffff9c]y[0xffffff88][0x13],[0xffffffe8]R.[0x18][0xffffffdc][0xffffffcb]N[0x15]Wk[0x6][0xfffffffc][0x5]lB-[0xffffffad][0xffffff91][0xffffffa7][0xffffffb0]6[\r]".[0xffffffa7]&\[0xffffffdf]k[0xffffffa0][0xffffffaa]u%oJ[0xffffffe2]d[0xffffff9b]\a[0xffffffec][0xffffffbc]a>%!k[0x15]r[0xfffffff8]j[0xffffff93][0xffffff91][0xfffffff7][0xfffffff9][0xffffffed]fXC[0xffffffa4][0xfffffff1][0xffffffa6]0][0xffffffff]E[0xffffffc0][0xffffff93]*[0xfffffffd][0xffffff96][0xffffffb7][0xfffffff3] NA[0x1d][0xffffffc9][0xffffffb0][0xfffffffe][0xffffffa7][0xffffffab][0xfffffff6]}[0x1d][0xffffff99][0xffffffe1]p[0xfffffffc]S#[0x19]cCu[0x19][0x1e]q[0xffffff93][0xffffff81][0x2][0xffffff86]k[0xffffff93]A[0xfffffff3][0xffffffba]o[0xffffff93]zi[0xfffffff1][0xe]6<?H[0xffffff92][0xffffff86]9[0x13]4c[0xe]ty [0xffffffd0][0x12]-,][0xffffffa6][0xffffffd2]][0xfffffff1]~[0xffffffea]Hh[0xffffffe2]R#w[0xffffffdc]d;[0xffffff8c]}[0xffffff93][0xffffffc8][0xffffffd3][0x1a][0xfffffffa][0x12].WL+/[0xffffff80]u[0xffffffcd][0xc][0xffffffcf][\n]"
08:05:03.564 [main] DEBUG com.github.dockerjava.zerodep.shaded.org.apache.hc.client5.http.wire -- http-outgoing-2 << "}r#[0xffffffe0][0xffffffcb][0xb][0xffffffc6][0xffffffe2]~[0xffffffe8]")[0xffffffa4][0xffffffc6][0xffffffd4][0xfffffff3]}[0xfffffff5][0xfffffff0][0xffffff80][0xffffffb6][0xfffffffc][0xffffff8b]W[0xffffffac])9_[0xffffff8b]{[0xffffffab][0xffffff9f][0xffffffab]^a][0xffffffce][0xfffffff2]?[0xffffff81][0xfffffffd]J[0xffffffdd][0xffffffaa][0xffffffb3][0xffffffb5]E\[0xffffffc7][0x11]R[0xffffffd1]"[0xfffffff8][0xffffffba][0xffffff80][0xffffffe8]Y[0xffffff87]<Z[0xb][0xffffffde][0xffffff87]4[0xffffffa4][0x16]3[0x5]GU[0xffffffd7]\[0x18]]~[[0xffffff9e]+[0xffffffa9][0xffffffe8][0xffffffb8][0xffffffa0][0xffffffa2]i[0xffffffa5][0xffffffba]hk[0xffffff86][\n]"
08:05:03.564 [main] DEBUG com.github.dockerjava.zerodep.shaded.org.apache.hc.client5.http.wire -- http-outgoing-2 << "[0xffffffcf][0x19]p[0xffffff9c][0xffffffb0][0xffffff94][0xffffffb6][0xfffffffb]f]/2[0xffffffa3][0xffffff91][0xfffffffa]Z[0xffffff8b]@l/[0xffffff91][0xffffffb3]mKxU[\r][0xffffffd1]H[0xc]a6n[0xffffffbb][0xe]*[0xffffffb8]>[0x10][0xfffffffc][0xffffffec]V[0xffffffe5][0x15]6[0x19]OE[0xffffffed][0xffffffb9]bv[0x16]~[0xffffffee]z;tV[0xffffffb0]y%wC[0xffffffeb][0xffffffd1][0xffffffd7]7[0xffffffa5]f[0xffffff83]Og[0xfffffffd][0xffffffe2][0xffffffee]B)[0xffffffb1][0xffffffc3]r[0xffffff93]{[0xffffffbe][0xffffffe6]2[0xffffffe7]?[0xffffffad][0xffffff9e]S[0xf][0xffffff81][0xffffffe0][0xffffff80][0x12]\e[0xffffffc7]E[0xffffff96][0xffffffa2]&[0xfffffffa]J[0x18][0xb]EMr[0xffffffaf][\n]"
08:05:03.564 [main] DEBUG com.github.dockerjava.zerodep.shaded.org.apache.hc.client5.http.wire -- http-outgoing-2 << "[0xffffff87][0xffffffd6][0xfffffff5][0x4][0xfffffff4]qdi[0x1c]Z[0xffffff98][0xffffffcc][0xffffff8a][0xb][0xfffffff9][0x16][/[0xffffffd3]|[0xffffffd2][0xffffff9d][0x1f]E|j[0xffffffe1]q/[0x1f][\r]rI[0xffffff87][0xffffff84]0[0xffffffb7][0xfffffff0][0xffffffb2][0xffffffbe]y6O[0xffffffbd]5J[0x13]Y[0xffffffeb]*[0xffffff8a]i[0xffffff9b][0x15][0xe][0x4],YZ[0xffffffd5][0xffffffd6]&[0xffffffb4]<[0xffffffd2][0xffffffa5]k[0xffffff97][0x8]{[\r]%=[0x7f][0xfffffff9][0x11][0xffffff90][0xfffffff8][0xffffffbc][0xffffffef]_[0xffffffa9][0xffffffd7][0xffffffa2][0xffffffb8][0xffffffe3][0xffffffda][0xffffff99][0xffffffd9]_I[0xffffffaf][0xfffffff8][0xffffff88]ZL[0xffffffc2][0xffffffe2]u[0xffffffd8][0xfffffff2][0xffffffe3][0xffffffe0][0xffffffa3]`O[0xffffffac][0xffffffa7]"[0x11][0xffffffd4][0xffffffbc][0x5][0xffffffd8][0xfffffff8][0xffffffeb][0x14][0xffffffec]Q[0xffffffb6]{[0xffffffe5][0xffffffd9][0xffffff9b][0x12]d[0xfffffff5]z[0xfffffff1][0xffffff9d]S'[0xffffffbb]j[0xffffffaa][0xffffffbb][0xffffffe4][0xb][0xffffffbb][0xffffffcd][0xffffffd2][0xffffffda] O[0xffffffaf][0xfffffff3][0xfffffff1][0xffffff89][0xffffff87][0xffffffa2][0xfffffffb][0x4]"[0xffffffd9][0x3][0x8][0xffffff8d]Y[0xffffffc7]w[0xffffff82][0xf][0x1e][0xffffffe8][0xffffffe6][0xffffffb3][0xffffffe2]1C[0xffffffbe][\r][0xffffffc4];[0x1c][0xffffffb8][0xffffff85]L[0x11]Q[0xffffffaf][0xffffffb5][0xfffffff3][0xffffff89][0x7][0x5] [0xffffffbc][0xfffffff0][0xffffffe7][0xffffffd0][0x10]8?[0xffffff87][0xffffff97]?[0x9][0xffffffb2]z[0x11][0xffffff80][0x12][0xffffffd2][0xffffffd7][0xffffffd1]4[0x17][0xffffffc0][0x10][0xffffffc5]m<y[0xffffffe8][0xffffffd7]L[0xffffffe1][0xffffffdb]a[0xffffffda][0x2]B[0xffffffde][0xffffffff][0xffffffc0][0xffffffbb][0xffffffe1]6D[0xffffffd8][0xffffffe0]x_[0xffffffc8][0x7f][0xffffffa0]Bh[0xfffffff3][0x12][0xffffffe0]}[0xffffffc5]Y[0xffffffe5][0xffffff87]|c-[0xffffff93][0xb]k[0xffffffd6]V[0xffffffc5][0xffffff96][0xffffffde][0xffffffb2][0xffffffeb][0xffffff82][0xffffffe0][0xffffffe9] [0xffffffa7]S@"[0xffffffc8][0xffffffd1][0xffffffc4][0xffffffb9][0xffffffc0][0xffffffc5][0xffffffb1]_[0x1]oM[0xffffffd1][0xfffffffc][0xffffff8e][0xffffffd0][0x10][0xffffffe1]v5[0xffffffc8]L[0xffffffef]X:[0x5]-K[0xffffff83][0xffffff93][0xffffffe6][0xffffff8b][0xffffffc3][0xffffffe3][0x9][0xffffff88][0xffffff97]Y[0xffffffd4]+[0xffffffa4][0xffffffb8][0xffffff95][0xffffff97][0xfffffff4][0xc][0xffffffd8][0x1d]b[0x17][0xffffffb7][0xffffffb5][0xffffff8b][0xffffff93][0xffffff83][0x1c][0xffffffa3][0xffffff82]j[0xffffffe0][0xffffffd4][0xffffff85][0x1][0xffffffc3][0xffffffd2][0x13]y[0xffffffb7][0xfffffff2][0xffffffb5]T8[0xffffffad][0xe][0xfffffff9][0xffffffc5][0xfffffff0][0xffffffe1][0xffffffb4][0xffffff84]2[0xffffffbd]Az.:[0xffffffba]Z[0xffffffef][0x12][0x1d][0xffffffa7][0xffffffcd]qQ[0xffffff9e]L[0xffffffa6][0xffffffbc][0xffffffd7][0xffffff93][0xffffffe4]N;i_[0xffffffb2][0xffffffb4]f[0xffffffae][0xffffff89][0xffffffbb][0xfffffff2]L[0xffffffa7]WM[0x10][0xffffffde][0xe]v[0xffffff94][0xfffffffb][0xe][0xffffffc4][0xffffffd6][0xffffffdb][0x8][0xffffffdb][0xf]8"?[0xffffff91][0xffffffdc][0xfffffff4][0xffffffb6][0xffffffd8]%[0xffffffcf][0xffffffa5]v[0x1e]wX"x[0xffffffff][0xc][0xffffff91]A$:[0xffffffd7][0x14][0xffffffb3][\r]YZ[0x9][0xffffff8d][0xffffffaf][0x18][0x19]a[0x17][0xffffffa3]8?0r[0xffffffcf][0xffffffd6][0xffffffd0]X[0x1a]#[0xffffffb3]][0xffffffa8]\[0xffffffd0][0xffffff8c][0x1d][0xffffffe3][\r][0xffffffba]l[0xffffff9f][0x0][0xffffffe8][0x10][0xffffffa6][0xffffffe7][0xfffffff3][0xffffffab][0xffffff86][0xffffff96]W[0xffffffb3][0xffffff91][0xffffff94][0xffffff83],[0xffffffa9][0xffffffd5]([0xffffff81]7G[0xffffffda]7[0xffffffbc][0xffffff8a][0x1c][0xfffffff2]*I[0xffffffd2][0xffffffc8]J{[0xffffffef][0xffffffe8][0xffffffd3][0xffffffeb][0xffffffd7][0x4]8[0x8][0xffffffa2]Z[0xffffffe1];[0xffffff9c]o[0x8][0xffffff8f][0xffffff85][0xffffffbd]RU[0xffffffea]+i{[0xffffffb9][0xffffffdb]QO9[0xffffffd8][0xffffff8f][0xffffffe9][0xffffffb8]q[0xffffffed][0xffffff81][0xffffffbb][0xffffffc3][0xffffff8c][0xffffffcd]0[0xffffffcb]>G'[0xffffffc2][0xffffff96][0xffffffb5]hi+[0xffffffbc][0xffffffad]/>[0xfffffff5][0xffffffc2][0xffffff81][0xffffffd5][0xffffff8b][0xffffffc1][0x4][0x1a]:[0xf][0xfffffffc][0xffffffbc][0xffffffd0][0xffffffb0]2[0xffffff9b][0xffffff92][0xb]?[0x1f][0xffffff95]ZP[0xffffff89][0xffffffdd]STdVgG{V[0xffffff90].;[0xffffffc8][0xffffffce][0xffffff86]"[0x11][0xffffffbd][0xffffff9f][0xfffffff6][0xffffffb5][0xffffff9e]Ic[0xffffffd3][0xffffffe4][0xffffff9c][0xffffff99][0xffffff8a]5[0xffffffb4][0xffffff95]B[0xffffffed]$[0xffffffb5][0xfffffffc][0xfffffff0][0x1e]([0xffffffd8][0xffffffb6][0xffffffa6][0xfffffffa][0x1c][0xffffffd7]?[0xffffff93][0xffffff8e][0xffffff94]}[0xffffffee][0xffffffa3];[0xffffffac][0xffffff8b]:[0x12][0xfffffff4][0xffffffc6][0xfffffff6][qG[0xffffffb9][0xffffffb4]G[0xffffffbe][0xffffff96]q[0xffffffef][0xffffffac][0xffffff8a]D([0xffffffd0]R[0xffffffdb]`s[0xffffffcb][0xffffff8d]U=[0xffffffd2][0xffffffd9][0x10][0xffffff80][0xffffff9d]B#vH[0xffffffcc][0xffffffa6][0xffffffb9]`[0xffffffb1][0xffffffd2][0xffffff8b]<[0x1e]8[0xfffffff4][0xfffffff0]u[0xffffffdb][0xffffffb9]O[0xffffff85][0x12][0xffffffe3][0xffffffab]L[0xffffffea]j-[0xffffff8b][0xffffff83]Yo[\n]"
08:05:03.565 [main] DEBUG com.github.dockerjava.zerodep.shaded.org.apache.hc.client5.http.wire -- http-outgoing-2 << "[0xfffffff1][0xffffffad]1_.[0xfffffff2][0x7]\[0x1d]4>J[0xffffffea][0xffffff92][0xffffff8c][0xffffff81][0x11][0x18][0xffffffe0][0x10][0xffffffbe][0x1d][0xffffffaa][0xffffffdc]B[0xffffffc5][0xffffffde][0x4][0xe][0xffffffee][0x19]O[0xffffff9d]GT[0xffffffb3]'j[[0xffffffb8][0xffffffdc][0xb]:q[0xffffff89][0xffffff86][0xfffffff8]U[0xffffffc9]&[0xfffffff0][0xffffffb9]![0x6]LH[0xffffffce][0xffffffcb][0xffffff92][\r][\n]"
08:05:03.565 [main] DEBUG com.github.dockerjava.zerodep.shaded.org.apache.hc.client5.http.wire -- http-outgoing-2 << "[0x12]Ix[0x13][0xffffffa0][0xffffffcf][0xffffff8b]X[0xffffffbb]g[0x4][0x12][0x7][0xffffffef]R[0xffffffaa][0xffffff82]fj[0xffffff97][0xffffffe0][0xffffffe3][0xffffffe6][0x19][0xffffffa3]l[0xffffffef]'[0xfffffff2][0x6]X[0x0][0xffffffe5][0xffffffa1][0xffffff8a]H-[0xffffffc1]Z[0xffffff85][0x19][0xfffffffd])[0xffffffea][0x1a][0xffffff86][0xffffffb5][0xffffffbb](4b[0xffffffcc][0xfffffff6][0xffffffcd]'[0xb][0xffffffef][0xffffffba]([0xffffff94][0xffffff8e][0x2][0xffffff9e][0xffffffee][0xffffffe0]vE|[0xffffffb9][0x11][0x19]}[0xffffff8e]e:[0xffffffab]k[0xffffffc3][0xfffffffa][0xfffffff2][0xffffffcb][0xffffffec]3[\r];([0xffffffe7][0xffffffd8]l[0xffffff9a][0xffffff92][0xffffffe2][0xffffffb2]H*[0xffffff95][0xffffffde][0x7]![0xffffff93]`[0xffffffa4][0xffffffc2][0xffffffe4]I[0xffffffe5][0xffffff97][0xffffffbc][0x15][0xfffffff1][0xffffff9f][0x2]a[0xc][0x1e][0xffffffed]B[0xffffffe4][0xf]G[0xffffffb5]j[0xffffffb7]D[0xffffff9c][0xffffff89][0xffffffa4]X[0xffffffba]!$}[0xffffffdb][0xffffff94][0x2][0xffffff9e][0xffffffbd][0xfffffff0]u[0x7][0xffffffb5][0x1][0xffffffa8][0xffffffa6][0xffffffdb][0xb][0x17][0xffffff82][0xffffff93][0xffffff83][0xffffffaf][0xffffff9a][0xffffff9e][0xc][0xffffffe7][0xfffffffb][0xfffffff4][0xc][0x1e][0xffffffe8]~[0xfffffff3][0xffffffdb][0xffffffe1][0xffffffe8][0xfffffffa][0xfffffff2][0xffffffc9][0xffffffb9]?[0xffffffb1][0xffffffa2]4[0xfffffff9][0xffffffd2]*[0x1b][0xffffffe8][0xffffff88]-Q[0xffffffdd]@[0xffffffd3][0xffffff80][0xffffff9f]x[0xffffff84]'[0xffffffc7]RlA[0xfffffffa][0xffffff9d]Io[0xffffff96]Pq&Rn[[0xffffff8a]aw[0xffffffa7]"`[0xfffffff0][0xffffffa8][0xffffffb0][0xffffffbf][0x15]<=v)H=$.[0x1e][0xffffffe9][0xffffffdf][0x1a]#[0xffffffa4][0xffffffdc]n[0xfffffffd]z,[0xfffffffb][0xffffff82][0x18][0xffffff9e]z[0xffffffdc]\[0x11]S[0xffffffcc][0xffffffa2]T[0xffffffd6][0xfffffff8][0xffffff84]J[0xffffffc8][0xffffffdb][0xffffffec][0xffffffac][0x2]O[0xffffffd8] R[0xffffff94][0x13][0xffffffd2]$SK[0x10][0x2][0x17]%[0xffffffde][0xffffffa5][0xfffffff6][0xffffffce][0xffffffb8][0xffffffa1][0xfffffff3][0xffffffe8]M/[0xffffffe4]b[0xffffff84][0xffffff8a][0x1d][0xffffff99]V[0xfffffff6][0xffffff86]?O[0x15][0xffffff97]>[0xffffffa2]'5[0xffffffb0][0x12]S[0xffffff8b][0x1][0xffffffda][0xfffffff3][0xffffffed][0xffffff8c]Bv[0xc]O[0xffffffce][0x9].[0xffffffc9]_[0xffffffb5]{[0xffffffe0][0xffffffeb][0xffffffd3]'-[0xffffff8c][0xffffff99]%[0xffffff8c][0xffffffc8][0xffffffee][0xffffffc3]&[0x15][0xffffffb3][0xffffffc6][0xffffffc2][0xffffffd7]9[0xffffffd6][0xffffffc1];[0xffffffbd][0xfffffff5]^[0xffffffe2][0xffffffc8]_C([0xffffffce]X[0xffffffe9][0xffffffa1]V[0xffffffd1][0xffffff80][0xffffff9a]![0xffffffd2][0xfffffffe].[0xffffffc9]12[0xffffffb5]A[0xfffffff3])*[0xffffff87]E9[0xffffffc4][0xffffffce][0xffffff8e]gD[0xffffffd3]S[0xffffffc1]Z[0xffffffb9][0xffffff81][0xffffffc6]P[0x18][0xffffff94][0xffffffc9][0x11]![0xffffffde]<[0xffffffd3][0xffffff91]|\[0xffffffc9]1[0xffffffe7][0xffffffbb]q.[0xffffffd8][0xffffffd9][0xffffffe1][0xffffffb2][0xffffffaf][0xffffffca]:[0xe]SD[0xffffffc1][0xffffff86][0xffffffef][0xffffff96][0xffffffed]t[0xffffffad]Y[0xfffffffe][0xffffffbe][0xffffffd1]4&5[0xfffffff4][0xffffffd5]HGm[0xffffff82][0xffffff84][0xffffffa7]Nj[0x14][0xfffffffc][0xffffffe0][0xffffff83][0xffffffe0][0xffffffbc][0xffffffdd]vzp#%^[0x17][0xffffff8b]}[0x13]w[0xffffffbb][0xffffff84]1E[0xffffff9c]M[0xffffffea]3[0x13]8J*BzN9[0xffffffde][0xffffff8f]t[0x1b][0xffffff8c]T[0xffffffd7][0xffffff8f][0xffffff8b][0xffffffae]L[0x13][0xffffffaf]8[0xffffffc7][0xffffff97]M[0xffffff89][0x19][0x3][0xffffffa6][0xffffffb4][0xfffffff0][0xffffffb8][0x1e]@[0xffffffc9][0xb]i[0xfffffff5][0xffffffc3][0xffffffec][0x1e]G[0xffffffb2][0xffffffeb][0xffffffaa][0xffffffb5]MG[0xfffffff8][0x19][0xffffffdb][0xffffffdb][0xffffffc2][0xffffffe3]1[0xfffffff5][0xffffffba][0xffffffbd][0xffffffa2][0x16][0xffffff97][0xffffffb2][0xffffffeb][0xffffffac]`[0xffffffe1][0xffffffe8][0xffffff9d][0xffffff8b]L[0xffffff95][0x18][0xffffffaa][0x11]Tf^[0xfffffffa][0xffffffbc]c&[0xffffffeb][0xffffffce])[0xffffff8f]h[0xffffffe9]<o[0xffffffce][0xfffffff1][0xffffffd9]/[0xfffffff0]|[0xffffff83][0xffffff84][0xffffffc7]IH#r[0xffffff9c][0x4]_[0xffffff88]m[0xffffffb9][0xffffffaf][0xffffffb5][0xffffff81]*={[0xffffffb1]*[0xffffffff][0xb][0xffffffdf][0xffffffd7][0xffffffc4][0xffffffb4][0x1a][0xffffffd4][0xffffffb8][0xffffff88][0xffffffc0][0xffffffc6]}[0xffffffc6][0xffffffec]}[0xffffff93][0xffffff96]7l*[0x9]c[0xffffffa6]`)[0xffffff96])[0xffffffce]"[0xfffffff3][0x8][0xffffffc0]?[0xffffff84][0xfffffffe]B[0xffffffbf][0xffffffa1][0xe][0xffffff85]q[0xffffffc9]][0xffffffe8][\n]"
08:05:03.565 [main] DEBUG com.github.dockerjava.zerodep.shaded.org.apache.hc.client5.http.wire -- http-outgoing-2 << "[0xffffffcf]0M[0xffffff93]/y`[0x0][0xfffffff1]k[0x14]:!3[0xffffffde][0xffffffd9][0x1b][0xffffffc0][0xffffffdb]u[0xfffffffb][0xffffffa8][0xffffffe7]c[0xffffffbf]L[0xffffffce][0xffffffc3][\r]j[0xffffffc5]b[0xffffffa4][0xffffffb4][0xffffffca][0xfffffff9][0xffffffde][0xffffffc8][0xffffffdb][0xffffff87]i[0xffffffaa][0xffffffe8][0xfffffff8]k[0xfffffffd]0n[0xffffffdc][0xffffffb9][0xffffffe4][0xffffff96][0xffffff8e];[0xffffffb3][0xffffff83][0xfffffffa]l[0xfffffff5][0xffffff96]03Z[0xffffffd6][0x1][0xffffffd2][0xfffffffb][0xffffffc7][0xffffffa1]][0xffffffb5][0xffffffac][0xffffffcb][0xfffffffe][0xffffffc3][0xffffff94][0xffffffee][0xffffff97][0xfffffffe][0x3][0xf]?&[0xffffffbd][0xffffffa5]~[0xfffffff4][0x1c]w?[0xfffffff9][0xe]6c[[0xffffff80][0xffffff90][0xffffffcc]!D([0xffffff89][0xffffff8e]W[0xffffffa3][0xffffff84][0xffffff90]4[0x17]g[0xffffffc5][0xffffff9b][0xffffffea][0x9][0xffffffbe][0xffffffe6][0x8][0xffffffda]P[0xffffffa8][0xffffffd7][0xffffffa1][0xffffffca]m[0xffffff99]i[0xffffffd2]R-:_"[0xe][0xffffffa0][0xffffff8c][0xffffffe5][0xffffff8d][0xffffff87]<l[0xffffffa7][0xffffffdb]N/I[0x1][0xffffff87][0xffffffdb][0x12][0xffffff8b]G[0xffffff8f][0xffffffdb]:[0xffffffb3][0x11]5[0xffffffe7][0xffffff87][0xffffff95]_[0x1e][0xffffffc3][0xffffffba][0x3][0xffffffaf]0g[0xffffffee][0xffffffd1]T[0xffffffb2]K[0xffffffae]n[0xffffffad][0xffffff9b][0xffffff89]Y[0xffffffa2][0xffffff9c][0x12][0xffffff9f][0xfffffff9]F`[0xffffffb4][0xffffffe2][0xffffff8c][0xfffffffd]d[0xffffffb0][0xffffffbf][0xffffff83]v[0xffffffdb][0xffffffa4]U[0xffffff99]&[0xffffffc2]~[0xffffffe1][0xffffff94][0x2][0x3][0xffffffc9]/[0xffffffb7][0xffffffa7][0xffffff9e]DR[0xffffffa6][0xffffffff][0xffffffcc][0xffffffe7][0xffffff9d]]J[0xffffffc3][0xffffffb1][0xffffffc7][0xffffffec]'[0xfffffffb][0xffffffb8]$[0xffffff8a][0xffffff9b][0xffffffde][0xffffff97][0xffffffca][0xfffffffb]W*[0xffffffda][0xffffffc8]L[0xf][0xffffffa5][0xffffffc4][0xffffffe5]N[0xffffffe5]_[0xffffffec][0xffffffd9][0xffffff91]~[0xffffff88]#}f[0xffffffcc][0xffffffc4][0xffffff84]0mE[0xfffffff1][0xffffffa6]o"m[0xffffffea]yF[0xffffffa5][0xffffffb9]"[0xffffffc1]S][0xffffffde]>[0x1][0xffffff92]W[0xffffffe3]>m[0x1f][0xffffffaf][0xffffffe7]lk[0xffffffba]s[0xffffffeb]v[0xffffffaa]D@[0x7][0xfffffff0][0xffffffd3]a[0xb][0xffffff8c][0xffffff86][0xffffff85][0xffffffd1]PyY[0xffffffde]N\:[0xffffffb9][0xfffffffd][0xffffffaf]3[0x3]$[0x9][0xffffff98]d[0xffffffd4]|[0x1c]O[0xfffffff9][0xffffff98][0xffffffba]>uF[0xffffffc8][0xf][0x19]5_[0xffffffa1][0xffffff9c][0xffffffac][0xffffff9b][0xe][0x1e][0xffffff8b][0xffffffea]c#[0xffffff92][0xffffff97][0xffffffd8][0xffffffc9]DX[0xffffffdf][0x1d]1[0xffffffa1][0xffffffbc]k*NN-[0xffffffa0].b'[0x15][0x1e]/q[0xffffffcc]i[0x5]`)[0x15][0x6]S[0xffffffd4][0xffffffcc])P[0xffffffe2]q[0xfffffffb]t[0xffffffc5][0xffffffcd][0xffffff92]l[0xffffffe1][0xffffffb7][0xfffffff9][0xffffffdd][0xfffffff4][0xffffffa3]YPC[0x6]"Z[K[0xffffffb1][0x3][0x8][0xffffff88][0xffffff90][0xffffffba]=[0xffffffc0]C[0x0]z[0xfffffff2][0xffffff93]S[0xffffff8c][\r][0xffffffd5][0xffffffea][0xffffffb3][0x18][0xffffffd3]*[0xffffff9e][0xffffff8d][0xffffffab][0xffffffca]9[0xffffffc7]gi[0xffffffc4]A>[0xfffffff9]I[0xffffffc7]Y'feT[0xffffffce][0xffffffa2][0xffffff84]/[0xb][0xffffff97][0xffffffec]h[0x3][0xffffffb0][0xffffffed]\[0xffffff94]6c[0xffffffd6]A/t[0xffffffc7]0Q[0xffffffd9][0xffffffdc][0xffffffae][0xffffffce][0xffffff96]*[0xffffffe2][0xffffffb9][0x17][0xfffffff6]}[0xfffffff8].[0xffffffaa][0xfffffff8]E[0xffffffba]>[0xffffffae]Tr[0xffffff97]05[0xffffffd6][0x7f][0xffffff86]/2O[0xffffffa6][0x11][0xffffff93]oT[0xffffffb8][0xffffff96][0x1c][0x5][0xffffffda]j[0xffffff94]/[0xffffffd5]P[0xffffff9c]Q[0xffffffa2][0x16]nw_J[0xfffffff1][0xffffffb9]R[0xfffffffa][0xffffffa0]Gik[0xffffffaa]n;[0xffffffe5]m&n[0xffffffc6][0x16][0x7][0xffffffc9]2w[0xffffffd5]|[0xfffffff8][0xffffffd4],[0xffffffe5]x[0xffffffdb][0xfffffff0][0xffffff86][0xffffffdd][0xffffffd0][0xffffffce][0xffffff8b][0xfffffff4][0xffffff93][0xfffffff8][0xfffffffd][0xffffff90][0x4]UB_[0xffffffd4]E[0xffffffea]@[0xffffffc5][\r][0xffffffaa]t[0xffffffa1][0xffffff9a][0xffffff86]c[0x19]&[0xffffffda]L[0x18][0xffffffb1][0xffffff9f]I[0xffffffcf]s[\n]"
08:05:03.565 [main] DEBUG com.github.dockerjava.zerodep.shaded.org.apache.hc.client5.http.wire -- http-outgoing-2 << "[0xffffffa7][0xffffffc7]3[0xffffffab],[0xffffff8f][0xffffffdd][0xffffffdc][0xffffffe1][0xffffffe5][0x11]R8`4[0x1]d[0xffffff9f][0xfffffff6][0xffffffe3][0xffffffb8][0xffffffda][0x16][0x1a][0xffffffea][0x7][0xffffffeb][0xffffffc1]M[0xffffffce][0x19]D[0xffffffb2][0xfffffff8][0x1b]O1[0xffffffda][0xc][0xffffffb5]\i8[0xffffffee][0xffffffd6][0xc][0xffffff86][0xffffff92]w[0xffffff9e][0xffffff97][0xffffff91][0xffffffa5]5[0xffffffab][0xffffff89][0x10][0xffffffba]Z[0xb][0x6][0xffffffc5][0xffffffbd][\r]u[0xffffff94]+[0xffffffed][0xfffffff9][0xffffffb2]lj+[0xffffffb9][0xffffffbc]#[0xffffffc9][0xffffffc8]K[0xffffff85][0xffffffbe]t>[0x1d]@[0xffffffcc][0x17]>]+[0xffffffd2]w[0xfffffffa][0x15][0xffffffac][0x12][0xffffff84][0xffffffb5]D[0xfffffff4][0x16]s[0xffffffdd]k[0xfffffff2][0xffffffad][0x1c][0xffffffed]D[0xffffffe0][0x11]c]q%[0xffffffd6][0xffffffa2]y[0xffffffbd].-[0x1c]U[0xffffffb5]U[0xffffffd8][0xffffffd1]g[0xffffffcf][0xffffffeb]|+q*[0xffffff9a][0xffffffd1]kU[0xffffff84]!T|5DS[0xffffff86][0xffffff90]q[0x16][0xfffffff4][0xffffffbb][0xffffffd4]/[0xfffffff0][0xfffffff6]o19[0x1b][0xffffffe7][0xffffff9a]<[0xffffff8c][0xffffffc4][0xffffffe3][0xffffffc9]X[0xffffffd6][0xffffffe9]>[0xffffff85][0xffffffc5][0xfffffff5][0xffffff87][0xffffffb1][0xfffffff6].[0xffffffd0][0x1d]K[0xffffffbf][0xffffff90][0xffffffc8][0x3][0xffffffe5][0xfffffff4])I[0x15][0xfffffff6][0xffffffd8]>s[0xffffff93][0xffffffb9]<[0xffffffd8][0xffffffaa][0x1d][0xffffffcd][0xffffffbc][0xffffffe3]2Bo[0xffffffd6][0xffffffca][0xffffffa6]t][0xffffff88][0xffffffa5][0xffffff94][0x2]O[0xffffff86][\n]"
08:05:03.565 [main] DEBUG com.github.dockerjava.zerodep.shaded.org.apache.hc.client5.http.wire -- http-outgoing-2 << "e[0x6][0xffffffcd][0xffffffdf][0x19]b[0xffffffa5]][0xffffff95][0xffffffe5][0xffffffdf]rt-[0xffffffba][0xffffff9b][0xffffffbe][0xfffffff5]y[0xfffffff8][0xffffff80][0xffffff85]@[0xffffff99][\r][0xffffffad][0xffffffae][0xffffff9a]f[0xffffffbc][0xffffff81][0xffffff9d]n[0xffffff95]h[0xfffffff7]v[0xffffff90]m`[0xffffffa8].H[0x1e]z+[0xffffffd1]5[0xfffffff0][0xffffff86][0xffffffd3][0xffffffd2];f[0xffffff8b][0xffffff89]V[0xffffffd7][0xffffff91][0xfffffff7][0xffffffad][0xffffffaa][0xffffffac])V[0xffffffcc][0xffffff9b][0xffffff91][0xffffffaf][0xffffffef][0xffffff9e]~[0xffffff9c][0xffffff96]{[0xffffffe6]iT[0x8][0xffffffb8]p[0xffffffeb][0xffffff98]#[0x6][0xfffffff7]IB[0xb]P9[0x6][0xffffffd3]v[0xffffffce][0xffffffaf][0xffffffa5][0xffffff81]+[0xffffffa9][0xffffffe4]}W<[0xffffffcd]T[0xffffffbc]l[0xffffffb6][0x7]xw[0xffffffd5][0xfffffff3][0xffffffae][0xffffff92][0xfffffff9]+[0xffffff99][0xffffff97][0xffffff95]7<\[0xffffffc8]c[0xffffffed]T)#z1[0xffffffcf]I[0xffffffaf][0xffffffcb][0xffffff84][0xfffffffb][0x13]'[0xffffffd6][0xffffff8e]Y[0x1a][0xffffff8c][0x11][[0xffffff8e][0xffffffc4][0x1f][0xffffff9c]r[0xffffffb4][0xffffffe6]W[0xffffffe5][0xffffffce]x[0x11][0x8][0xffffff8f]B[0xfffffff4][0xffffff84]+[0xffffffba]F[0xfffffff4]bb[0xffffff94]Pt[0x14][0xffffffc9][0xffffffd4][0xffffffc7]V[0xffffff9f][0xffffff92]3Q[0xffffff9e]T[0x6]2e[0x1e][0xffffffc7][0xfffffff0]-U[0xffffffaa][0xf][0xffffffb4][0x1f][0xfffffff7][0xffffff8c]6[0x14][0xffffffdd][0xffffffd8][0xffffffea][0xffffffeb][0xffffffe6][0xffffffb1][0xffffffd3][0x9][0xffffff9b][0xffffff9b][0xffffff94][0xffffffeb][0xffffffdd]zz&[0x12][0xffffffa8][0x4][0xffffffc0][0x7f],[0xffffffdd][0x19][0xffffffad][0xffffffed]f[0xffffff95][0xffffffa5]:[0xffffff93]N[0xffffff9c]6[0xffffffc9][0xffffff99][0x17]`[0xffffffb8]I[0xffffffe8]S[0xffffffc2]; [0xffffffef][0xffffffde].[0xffffff94][0xffffff8b][0x1]E't[0xffffffef]<i[0xffffffa0]lz&[0x16]Y[0xffffff96][0xffffffc7][0x1f][0xfffffff1])[0xffffff92][0xfffffff9][0xffffff80][0xffffffbe][0xffffffe4][0xffffff8a][0x12].j[0xffffffe3][0xffffff88]M[0xffffffb7][0xffffff97]T'[0xffffff85]K[0xffffffb2]%[0xffffff8c][0xffffff8c][0xffffffb3]s[0x19]An[0xffffffa1][0x13]';V[0xffffffc0][0xffffffc5]N66[0xb]]n[0xffffffb3]([0xffffff91][0xfffffff0][0xffffffe1]`l[0xffffffdd]%<[0xffffff89][0xffffff8b][0x12][0xffffff91]s[0x18][0xffffff86]eki[0xffffffad]/[0xffffff89]TD[0xffffffc9]u[0xffffff9a]Mh[0xfffffff0]SLK[0xffffffa2][0xffffffb8].[0xffffff92]N[0xffffffb1][0x1b][0xffffffd4]pIU[0xffffffef][0xffffffc6][0xffffffde][0xffffffe8]~[0xfffffff3][0xffffff9e][0xfffffff5][0xffffff9d]y3[0x1b][0xffffffd4]Y[\r]b[0xffffffa5]u^[0xffffff96][0xffffff80][0x1]q[0xffffffe6][\n]"
08:05:03.565 [main] DEBUG com.github.dockerjava.zerodep.shaded.org.apache.hc.client5.http.wire -- http-outgoing-2 << "x[0xffffff80][0xffffffda][0xffffffeb][0xfffffff2][0xffffffe3][0xffffffb7]j[0xfffffff5]"[0xffffff82][0xffffff96]J][0xffffffa6]S[0x1a]G[0xffffffa2][0xffffffcf][0x2][0xffffffe3]J[0xffffffe7]db&h2[0xffffffc7]V|[0x9][0xffffffb3]>j[0xffffffd9][0xffffffca][0xffffffc7][0xffffffd2][0xffffffa5][0xffffffb3]E#[0x7][0xffffffc5].[0xffffff9c]iI%#mcF[0x1f]q[0xffffffcd][0xffffffcb][0x10]&x[0xffffff84][0xffffff98][0xffffff82][0x8][0xffffffd8][0xfffffff3][0x13]i[0xffffffe0][0xfffffffb][0xffffffce][0xffffffa7]`[0xffffff8e];M[0x1f]}Q[0xffffffac][0xffffffc9][0xfffffffd][0xffffffd0]h9[0xffffff8f]V[0xffffffd8]\[0xffffffc8])[0x18][0xffffff97][0xfffffff7][0xffffffcc][0xffffffce][0xffffff8c][0xffffffda][0xffffffdd]:[0xffffffdb]AW[0xffffffea][0xffffffa6]R[0x8][0xffffffda][0xffffff8f]x;[0xffffffdc][0xffffffdc][0xffffffea]s['[0x17][0xffffff94][0xffffff92][0xfffffff2]J[0xffffff8e][0xffffff8a][0xffffff83][0xffffffb2]'[0xffffff81]W[0xffffffb0]N[0xffffff82]U[0x5]g[0xffffffb4]X[0xffffffd8][0xffffffdc][0x1][0x1e]Q[0xffffff98][0xffffff8d][0x12][0xfffffffd]`q' 7[0xffffffee][0x11][0xfffffff5]4a1[0xffffffd9][oj[0xfffffff7][0xffffff80]#[0x1c][0x19][0xffffffb5][0xffffffe9][0xffffffb7][0xffffff97][0xfffffff2][0xffffffd2]p[0xfffffff5]$[0xffffff80][0xffffffee]i[0xffffffeb][0xffffff86][0xffffffd0][0xfffffffc]@x[0xffffffe2][0xffffffa9][0x1a][0xffffffd1][0xffffffbc][0xffffffb0]R[0xffffffb9][0xffffffc6]s[0xfffffff1]y[0xffffffcc]N[0xfffffff3][0xffffff88][0xffffff83][0xffffffad]Z[0xffffffc4]I[0xffffffe6][0xffffff97]/[0xffffffa2]P[0xffffffde][0xffffffb0][0x6]-[0xffffffb1][0xffffffcd]T[\n]"
08:05:03.566 [main] DEBUG com.github.dockerjava.zerodep.shaded.org.apache.hc.client5.http.wire -- http-outgoing-2 << "[0xfffffff5][0xfffffffa][0xffffffb7][0xffffffe9][0xffffffb4]i[0xf]W[0xffffffbe][0x1c][0xffffff9d]![0xf]=[0xffffffa6][0xffffffd9]V[0xffffffe6][0xffffffab][0xffffff9e][0x7f]j[0xfffffffb][0xffffffda]?3[0xffffffe3]NfP[0xffffffb1][0xffffffee]e[0xffffff81][0xffffffb5][0xffffffdd][0x1][0xffffffcd][0xffffff98][0x1c][0xffffffa6]xXS[0x17][0xffffffa1][0xffffff9c]Q[0xfffffff4]'Da[0xffffffdd][0x12][0xffffffb7]Wo[0xffffff97][0x1f]~[0xffffff9a][0xffffffb0][0xffffffcf]ir[0xffffffe5]2[0xffffffb7][0xffffff83][0xffffffa4][0xffffffd9][0xffffff8e]?/[0x1])P[0xffffff8f]s^Ko[0xfffffff5]B[0xffffff88]z[0xffffffb2]F[0xffffffb8][0xffffffaa][0xffffffb4]0[0x1]j[0x1a]\b[0xc][0xfffffffe]n[0xffffff93][0xffffffbd][0xffffff8f]4[0xffffff90]=[0xffffffa6][0xffffffd0][0xffffff87][0xffffffa2]I[0xffffffe1]A[0xffffffcc][0x1][0xffffffb6][0xffffffd3]F[0x8][0xffffffdc][0xffffffcb]gO[0x8][0xffffffd8]&[0xffffffc4][0xffffffea]7[0x6]T[0x1c][0xffffffb6]fwz[0xffffffd8][0xffffffd1][0xffffff8a][0xffffff97][0x16][0xffffff88][0xffffffbd]v[0xffffffce]_j[0xffffff99][0xffffffbc][0xffffffd9][0xffffffb8]|[0xffffff91][0xffffff9f][0xfffffff1][0xffffffc0][0xffffffe0]3[0xffffffc8][0xffffff9d]P[0xffffffe2][0x1]LE[0xffffffec][0xffffff91][0x18][0xffffffb5]'Qq[0xffffffeb]XQuN[0xffffffbf][0xffffff93][0xffffffbb][0xffffffb9][0xfffffff1][0xffffffd6][0xffffffbb][0xc][0xffffff96]5[0xffffffb1][0xffffff98]w[0xffffffcd]d[0xffffffea][0xffffffd6][0xffffffd3][\r][0xffffffb0][0x1c][0xffffff87]/[0xffffffe9]MRz[0xe]a[0x6][0x18]n[0x17]z[0xffffffc8]O[0xffffffb1][0xffffffb2][0xffffffcc][0xfffffff9][0xffffffc4][0x4]5[0xffffff92][0xffffffcb][0xffffff98][0xffffffa5]8[0xfffffffa][0x2][0xffffffea][0x1e]q[0xffffff99][0xffffffef][0xffffffc7][0xffffff86][0xffffffec][0xffffff93][0xffffff87][0x13][0xffffff96]F[0xffffffb5][0xffffffc8];[0xffffffd5]!D[0x1c][0xffffffef][0xffffffe6][0x1a][0xffffffb6][0xffffff91][0xffffffce]?[0xffffff9f][0xffffffad][0xffffffdc][0xffffffb3]sO[0xffffffa8];3[0xffffffb3][0xffffff9f]M/[0xffffff81]?M[0xffffffab]O[0xffffffde]c[0xffffffea][0xffffffc4][0xffffff83][0x13]Uu[0xffffffb2]6V[0xffffffa2][0xffffff8b][0xffffffb1][0x1f][0xffffffa6]QS[0x8][0xe][0xffffffcc][0xffffffdb]t[0xfffffff4]![0x17][0xffffffef]8[0xffffffe5][0xffffffc8][0xffffffcb][0x1a]\[0xffffffba]H[0xffffffc5][0xffffffae][0x14](;L[0xffffffc1]&OBM[0xffffffa1][0xfffffffc]p"[0xffffffaa][0xffffffed][0xfffffffc][0xffffffa1][0xffffff9b][0xffffffb0][0xfffffff4]d[0xffffffb8][0xffffff9e][0xffffffec][0xffffffd6][0xffffffff][0xfffffffe][0xfffffff8]![0xffffffc9]>VtOI[0xfffffffb][0xffffff9a][0xffffffec]jG[0xfffffffc]H,[0xffffffea][0xfffffff3][0xffffffae][0xffffffa9][0xffffffe0]#[0xffffffbb][0xffffffc9];[0xffffffd6][[0x3][0xffffff85]![0xffffffdb][0xffffffa6]=[0xffffff9a]'[0xffffffd4][0xffffffb4]f7G[0xc][0xffffffb4]u[0x1][0xffffff81][0xffffffd2]Q[0x7][\n]"
08:05:03.566 [main] DEBUG com.github.dockerjava.zerodep.shaded.org.apache.hc.client5.http.wire -- http-outgoing-2 << "[0xffffffdc][0x3]V[0xc][0xffffffab][0xffffffeb][0xfffffff6][0xffffffab][0x14][0xffffff88]X;[0xffffffb3][0xffffff96]=[0xffffffe8][0xffffffe6][0x1d][0xffffffb9][0xffffffa0][0xfffffff7][0xffffffb9][0xffffffe5][0xffffffb5]r[0xfffffffe][0xffffff80][0xffffff90][0xffffffa9][0xffffff97][0xffffffe7][0xffffffa4][0xfffffff2]k[0xffffff93]T[0xffffffee][\n]"
08:05:03.566 [main] DEBUG com.github.dockerjava.zerodep.shaded.org.apache.hc.client5.http.wire -- http-outgoing-2 << "[0xffffffc1][0xffffffb3]'[0xe]a2[0xffffffa2][0x1d][0xffffffe0]K[0x7f][0xffffffcd]P[0x11][0x4][0xffffffde][0xffffff83][0xfffffff1][0xffffff86]:[0xffffffed]~[0xffffffed]:-)[0xffffff81][0xffffff9e][0x5]+[0xffffffc8][0xfffffff9][0xffffffc1]#9[0xffffffd1][0xf]q[0xffffffb5][0xffffffac][0xe][0xf]P_[0xffffffcc][0xffffffef][0xffffffd6][0x6][0xffffffc3]\[0xffffffcb][0xffffffbd]O-6wQ[0xffffffd0][0xffffffb3]@[0xfffffff3][0x11]'[0xffffff92]k[0xffffffb9]QM[0xfffffff5]|[0xffffffdd]Es[0xffffffe5][0xffffffd4][0xffffff9f][0xffffffe2][0x9]B[0x10][0xb]$[0x9];C[0xffffff80]5[0xb]Y[0xffffffd3]8[0xb][0x1b][0x9][0xffffffef]7^NS[0xffffff98][0xffffffb7][0x12][0xffffffc3]-K[0xffffffbb][0xffffff87][\r]f?[0x1f],[0xffffffdb]0[0xffffffd8][0xffffff97]yU{[0x19][0xffffffc7]3Y[0xffffffff]0[0x13][0xfffffffb]d[0x11][0xfffffff6][0xffffffb9][0xffffffe0][0xfffffff1][0xffffffa5][0xffffffdf][0xffffffa9]h[0xffffffac][0xffffff9f]][0x7f][0xffffffc8]:g[0xffffff92]g[0xffffffbb]"[0xfffffff7][0xffffffed](O[0xffffffda][0xffffff9a][0xffffffce]9[0xffffffe2][0xffffffc3]U[0xffffffea]N[0xffffffc6][0xffffffa5][0xffffff92][0xffffff9b][0xffffff81]b[0xffffffac][0xffffffd8]"v[0xfffffff5]U[0xffffff82][0xffffffce][0xffffffc7][0xffffff81][0xfffffff7]-[0xffffffd9]'[0xfffffff3][0xfffffff2][0xfffffff5][0xffffffcd][0xffffff83][0xffffffe0]zH@[0xffffff9d][0xffffffc6][0xffffffbd]H[0xffffffe8][0xfffffffa]|Y[0xfffffffb][0xffffffa0][0xffffffe5][0xffffff85][0xffffffaa][\r][0xffffff86][0xffffffc9]c[0x14][0xffffffe6]F[0xffffff8d]![0xffffffea][0xffffff95]/#[0xfffffffc][0xffffffee][0xffffffa0][0xffffffd8][0xffffffc7][0xffffffb4]tn)[0xffffff9b][0xffffffbb][0xb]nI\e[0xe]fy[0xffffffd1][\r]%[0xffffff9c][0xffffffef][0xffffffc5][0xffffff99][0xffffffde][0xffffff8c] [0xffffffed][0xffffff89][0xffffff8e][0xffffffa7]q[0xffffffd2][0xffffffbe][0xffffffae][0xffffffa1][0x1b][0xfffffff6][0xffffffb3][0x1d][0xffffff87][0xffffffcb][0xffffffb0][0xffffff88]oeaHz[0xffffff8a]?[0xffffffc8]Q[0xffffffaa][0xffffffa5]d^[0xffffff9a]e/[0x14][0xffffffe7][0xffffffd1][0xffffff9f][0xffffff92]0v[0xfffffff0][0xffffffe0][0xffffffd6][0xffffffc9][0xffffffbc][0xffffff98][0x1f]J[0x3]x[0xffffffee][0xfffffff9][0xffffffdb][0xffffffa8]E[\r]x[0xffffff9c][0x1e][0xffffffcf][0xffffffe3][0xffffff96]."[0xffffff87]5Wa[0xffffffe8][0x9]([0xffffffbb][0x4][0xffffffe9]VXd[0xffffffe6]5[0xffffff9d][0xffffffc7][0xffffffb3][0xffffff8e][0xfffffff9][0x1a][0xfffffff4][0xfffffff9]l[0xffffffbd][0x18][0xfffffff1][0xffffff85][0xffffffd3][0xffffffd0][0xffffffe9]{Ag#[0xffffffcb]-[0xffffff87][0xffffffd4][0xffffffeb]T[0xffffff81]W[0xfffffff6]p[0xffffff98][0xffffff8e][0xffffffec][0xffffff8e][0x1a][0xffffffad]X[0xfffffffe][0x18]VcX[0xffffffa8][0xfffffff7][0xffffff8d][0xffffffa3][0xffffffc7][0xffffff9a][0xffffff8a]s[0xffffffb5])W+[0xffffff94]-UB[0xfffffff1]H[0xffffffdc]q[0xffffff93][0xffffff8b]@r[0xffffffcf]*^[0xffffffe5][0xffffffe5]z[0xffffff87][\r][0xffffffd9][0xffffffd7]e[0xffffffeb]q[0xffffff97]}j[0xfffffff6]Ep@[0xffffffac][0xfffffff7][0x1][0xfffffff7][0xffffff8e]h[0x18][0xffffffea][0xffffffad]Z9S[0xffffff98][0xffffffdd][0xffffffc6]7#;[0xffffff82]W[0xffffffec][0xffffff94][0xfffffff8][0xffffff8f][0xffffffb2][0xffffffa6][0xffffffc6][0xffffffe7]<[0xfffffff4][0xffffff8f][0xfffffff8][0xffffffb1]Eh[0xfffffffb]/u[0xffffff84][0x1c]6D2+T[0xffffffd4][0xe][0xffffffd3][0xfffffffc][0xffffff82]S[0xffffffa1]9[0xfffffff4][0xffffff9c][0xffffffef]x[0x11]G[0x1e][0xfffffff0]V:;[0xffffffdc][0x1d][0xffffffa4]B[0x3]?[0xffffffdb][0xffffffb7]ER[0xffffffba][0xf][0xffffffbe]Gv[0xffffffcc]QE[0x1b][0xffffffc9][0xffffffb2][0xffffffc5][0xffffffb6][0xffffffac][0xc][0xffffff9a][0x16][0xffffffb6][0xffffff9e][0xffffff88][0xffffffb5]AD5[0xffffff89]![0xffffff8d][0xffffff83]6[0xffffffc6][0xffffffa5][0xffffffd6]6k[0xffffff96][0xe][0xffffffe2][0xffffffaf]a[6#[0xffffffd9]M*[0x17]/E[0xffffff9d]P[0xffffffaf][0xffffffa4]g&[}[0xffffffe9]VA[0xfffffff1][0xffffffb3][0x7f][0xffffff93]Y4L[0x1]"fo[0xffffffc3][0xffffffac]6A[0xffffffce]\gU[0xb][0xb][0xffffffce][0xffffffd8]u[0x7f]&[0xffffff82]I[0xffffffd5][0xfffffffd][0xc]!G[0xffffffb0][0xffffffbe]-bT[0xffffffa7]5[0xfffffffe]>[0xfffffffc]\[0xffffffea]Kg[0xffffff89][0xffffffc5][0xffffffa8][0xffffff8d]C[0xffffffa0][0xffffffe8][0xffffffb5]%[0x14]s[0xffffffdb][0xfffffff1][0x16][0xffffffd6][0xffffffbf][0xffffffc7][0xffffff9c][0xffffffb3][0x2]Mjl[0xffffffa5][0xffffffba][0x1c][0xffffffff][0x5][0xffffffb9][0xffffffb7][0xfffffff5][0x7][0xf][0xffffffe9]y9[0xfffffffd]'[0x15]_[0xffffff96][0xffffffa6]x[0xffffffe3]6,+[0xffffffa4][0xffffff9d][\n]"
08:05:03.566 [main] DEBUG com.github.dockerjava.zerodep.shaded.org.apache.hc.client5.http.wire -- http-outgoing-2 << "[0xffffffe9][0xffffffa0][0xffffffdc][0xffffffa7][0x19][0xffffff85][0xffffffad][0xffffffb8][0xfffffffd][0xffffff9e][0xf][0x4][0xfffffff2][0xfffffff4][0xffffffa7][0xffffffa5][0xffffffdb][0xffffffd2][0xfffffff8]1[0xffffff97][0x7](,Z0[0xffffffd6]!*C[0xffffffcf][0xffffffab]X[0xffffffe7][0xffffffdb][0x6][0xffffffb4]r[0xffffffbb][0xffffff8f][0xffffffc5]`7h[0xffffffe7][0xffffffd7][0xffffffeb][0xffffffde][0xffffffc6]X8#A[0xffffff94]2[0xffffffa2]DH[0xffffff97][0xffffffe0][0xffffffcb][0xffffffd7]:T[0x0][0xfffffffd][0xffffffbb]>&[0xffffffe3][0x7][0x2]vW[0xffffffd7][0xffffffa7][0xffffffbe][0xffffff86][0xffffff9c]J[0xffffffe8][0xffffff9f]C;-[0xffffffc8][0xffffff98][0x10]m[0xffffff99][0xffffffab]%P[0xffffffce]0[0xffffffcd][0x4]h[0xffffffc3]E[0xffffffc7]|[0x18][\n]"
08:05:03.566 [main] DEBUG com.github.dockerjava.zerodep.shaded.org.apache.hc.client5.http.wire -- http-outgoing-2 << "D?`1[0xffffffd2]rg[0xffffff9c][0xffffffa4]6[0xffffffbe][0xffffffeb][0xffffffa7][0xffffffef]_uB^A.[0xffffffd4][0xffffffc8][0xffffffc2][0xffffffed][0xffffff80][0xffffffe2]W[0xffffffab][0xffffffbb][0xffffff8c]#[0xffffff8e][0xffffffba][0xfffffff1][0xffffffd8]][0xffffff93][0xffffffb5][0xffffffb7]^[0x11]? [0xffffff97]1[0xffffff96]=[0x8][0xffffff8e]T[0xffffffe5]C[0xffffffb1]l[0xffffffbe]([0x1c][0xc]/[0xffffff91][0xffffffa4]_?[0xffffffb3]![0xffffffbc]:[\n]"
08:05:03.566 [main] DEBUG com.github.dockerjava.zerodep.shaded.org.apache.hc.client5.http.wire -- http-outgoing-2 << "@|[0xffffff80]([0xffffffb9],.[0xffffffb3][0xffffffde][0xffffffa9]7[0xffffffcb]#[0xffffffd8][0xffffffac]I[0xfffffffd][0xffffff85][0xffffff8e][0xffffffd5][0xffffffa0]M[0x1a][0x1]MT[0xffffffca]J[0x3][0xffffffb3]N[[0xffffffcc][0xffffffc9]`[0x11][0xfffffffd]x[0xffffff8b]s[0xffffffa9][0xfffffff3][0xffffff96]R[0xffffffc0]a4[\r][0x18][0xffffffc8][0x14]n[0xfffffff4][0x3]#[0xffffffc1][0xffffffda][0x5]"[0xffffffe9][0x19][0xffffffbd]K*w[0xffffffb4][0xffffffe1][0xffffffff][0xffffff94][0xffffff85]9[0x12][0xffffff99][0xffffffe6][0x1d][0xffffffd5]r[0xffffffee][0xc][0xffffffce]s[0xffffff9c]J,[0xffffffbe][0xffffffde]VHB>[0xffffffe5][0xffffff84][0xffffffd2]a[0xffffff98][\n]"
08:05:03.566 [main] DEBUG com.github.dockerjava.zerodep.shaded.org.apache.hc.client5.http.wire -- http-outgoing-2 << "[0xffffffe3]a[0xfffffff2][0xffffffa5]'[0xffffffc0][0xffffffcf][0xffffffa1][0xffffff9f]_Yc[0xffffffbc][0xffffff94][0xffffff89][0x9][0xffffffac][0x1c]w[0xffffffd8]xx<[0xffffffab]Woh<K[0xffffff97][0xffffffaa][0xffffff95]d[0x1d][0xfffffffa][0xffffffd2][0xffffffe1][0xffffffa4]7m[0xffffffb2][0xffffffe4][0x1b][0xffffffd5][0xfffffff5]yp Y[0xffffffbf][0xfffffff7][0xffffff89]zZC[0xfffffff4][0xffffffe4][0xffffff8a][0xffffff9b]p[0xffffffa5][0xffffff98]b[0xffffffcd]s[0xffffff99]0[0xffffffa4][0xb]'[0xffffff8e][0xffffffcb][0xf][0xffffffa1][0xffffffb2][0x9][0xffffffe1]o2[0xffffffd1]q[0xffffffc3]"[0xffffffaa][0xffffffdb][0xffffff8f][0x1f]NW!@$5[0xffffffa3]g[0xffffff93][0xfffffff3][0xffffffe4]tO[0xffffffd2][0xffffffe9][0xffffff96][0xffffffc9]_Y[0xffffffdd][0xffffffe0][0xffffffc9][0xffffffdb][0xffffffae]<[0xffffff85]Y[0x18][0xffffffc5][0xffffff82][0x14]Q[0xffffff88][0x10][0xc][0xffffffe8][0xffffffa6][0x1f][0xffffffcf][0xffffffdc][0xffffff84][0xffffffd5][0xffffffe1][0xffffffd8][0xffffff93]f[0xffffff92][0xffffffd2]4[0xffffffcb]1[0xffffffa2]P,[0xffffffa8]vu6V2 [0xffffffe9][0xffffffb7][0xfffffff3]~[0xffffffb0][0xffffffc8]|[0x2][0xffffff9e][0x5][0x9][0xffffffb0]^.Z[0xffffffde][0xffffff9f]B[0xffffffd8][0xffffff85]}[0xffffffeb]1o.[0xffffffbf][0xffffffd0]r[0x1c]f[0xfffffff5]4[0xffffffd9][0xffffffa7][0xe][0xffffffe3]q[0xffffffb2]S[0xffffffd3][0x17]a[0xffffff9f][0xffffffa3][0xffffffdb]2[0xffffff88][0xffffffc7]q[0xffffff90][0xffffffae][0x1d]{[0xffffffc6][0x17]W[0xffffffe8]N[0xffffffe6][0xffffffa5][0xffffffa6]~l[0xffffffec][0xffffff99]=[0xffffffba]Gk[0xffffffbf][0xffffff8d][0xffffffa3][0xffffff9b][0x3][0xffffffa5][0xffffffb9]2I[0xffffff90]O[0xffffff9b][0xffffffbb][0xffffffbd]DJL[0x11]$[0x14][0xffffff89]o<[0xffffffa2]~[0xffffff98]e[0xffffff83][0xfffffff1][0xfffffff1]:[0xffffffa9][0xffffff85][0xffffffb2]c6[0xfffffff9][0xffffffd0][0xffffff93][0xffffffc5]'[[0xffffff93]q[0xffffffa9]6[0xffffffdb][0xffffffe8]a [0xffffffa0][0xfffffff3])[0x6][0xffffffcd][0xffffffa9]=[0xffffff8a]k([0xffffffc3]dK[0xffffffa8]\&\u%[0xffffffa7][0x0][0xffffffb4]~[0xffffffcd][0xffffff9e];([0xffffff97]WeLv[0xffffffff](e2][0xffffffd5][0xffffffb3][0xffffffc8][0xffffffbf][0xffffff88][0xffffff9b]t[0xffffff8f]J[0xffffff93]d[0xffffff81][0xfffffff5][0xffffffb4]6sZ:([0xfffffff9][0xfffffff4]l[0xffffffa7][0x6]j[0xfffffff5][0xffffffc8][0xfffffff9]q[0xffffffb3]E[0xffffff99]U[0xffffffc1]p[0xffffff8f]$[0xffffff96][0xffffffcb]y4[\r][0xffffffdd]Z[0xffffffce][0x1d][0x17]][0xffffffe9]}[0x7f]1E[0xffffffa3][0xffffffdd][0xffffffe7][0xffffffcc][0xfffffffb]N[0xffffff8c][0xffffffb5][0xffffff99][0xffffffa7]U[0xffffffed]n[0xffffffae]f[0xffffffa6][0xb][0xffffff80][0xffffffba][0xfffffff4][0x10]k[0xfffffffa][0xb][0xffffffc6]M>K[0x11][0x2][0xfffffffc][0xffffffd3]$=[0xffffffa5][0xffffffb6][0xffffff95][0xffffffb0]@[0xffffffde]v[0xffffff98][0xfffffffe]m[0xffffff8c][0xffffffaa][0x11]B[0xfffffffb]|K1[0xfffffffa];[0xffffffe4][0xffffffbb]$[0xffffffe6][0xfffffff1]H[0x19]o3[0xffffffa6][0xfffffff9]c[0xfffffffd]fEQ[0xffffffb9]![0xffffffb9][0xffffffab]l[0x1d]c[0xffffff89][0xffffffb9][0xffffffc3][0xffffffcd]o[0xffffffb0][0x5][0xffffffab]w[0xffffffa1]E[0xffffff90][0xffffffc8]OL[0xffffffb5]vS[0xffffffed]6Ap[0xffffffdf][0xffffffbe][0xffffff85][0xffffff95][0xffffffd3][0x12]Tx[0xffffffb7][0xffffffe8][0xffffff8f][0xffffff9d][0xfffffffa][0xffffffbe][0xffffff89]a[0xffffff82]|.[0xffffffa9][0xffffffd5][0xffffffd7][0xfffffff5]%[0xffffffad][0xffffffcb]yJ[0xfffffff6]*E[0x0]1[0xffffffe0]3[0xffffffd8]=2[0xf][0xffffff8e][0xffffffdf]Y[0xffffffe0][0xffffff8a][0xffffff98]*[0xffffffb7][0xffffffd0][0xfffffffc][0xffffffc2][0xf]K[0xffffffaf]Ti[0xffffffc8]?8[0x2]/C[0xffffffcc][0xffffffad]0v[0xfffffff4][0xffffffe9][0xffffffad]7[0xffffffdf]g[0xfffffffa]([0xffffffab]-B[0x18][0xfffffffc][0xffffff87][0xffffffaa][0xffffff96][0xffffffb6][0xffffffe7][0xb][\n]"
08:05:03.576 [main] DEBUG com.github.dockerjava.zerodep.shaded.org.apache.hc.client5.http.wire -- http-outgoing-2 << "/b+<[0xffffffdb][0xffffffda]h[0xffffffdc]Z[0xffffff84][0xffffff83][0xfffffff8]9[0x10][0xffffff99][0xffffffe3][0xffffffc6][0xffffffea])[\n]"
08:05:03.576 [main] DEBUG com.github.dockerjava.zerodep.shaded.org.apache.hc.client5.http.wire -- http-outgoing-2 << "[[0xffffffb7][0xffffffee]{[0xffffff8d][0xffffff9f][0xffffff81][0xfffffff4][0xffffffe2][0xffffffc7]V[0x18][0xfffffffc][0xfffffffc][0xffffffa1]][0xffffffa1][0xfffffffc][0xffffffc5][0xffffffa4][0xffffffaf][0xffffff8a]s[0xfffffff0][0xffffffda][0xffffffef][0xffffffa7]V%n[0xffffffc8][0xffffffbd][0xffffffd4] [0xffffff84]]CX[0xfffffffd][\n]"
08:05:03.576 [main] DEBUG com.github.dockerjava.zerodep.shaded.org.apache.hc.client5.http.wire -- http-outgoing-2 << "D[0xffffff97]0wc[0x18][0xffffffab][0xffffffaa][0x1c][0x13][0x19][0xffffffec][0xffffffb8][0xfffffffa][0xffffffa4][0xffffff9b][0xffffffe8]\[0xffffffa9][0x9][0xffffffae][0xffffff8a][0xffffff8f]2[0xe][0xffffffee][0x2][0xffffff94][0xffffffca]F*[0xffffff8f][0xfffffff5][0xffffff97][0xffffffa8]}[0x10][0xffffffcd]/[0xffffffef][0xffffffbe][0xffffff94]N[0xffffffa1]4[0x14]${&[0xffffffae][0x5][0x17][0xffffffbe]z[0xfffffffa][0xffffffd9][0xffffff87][0xffffffa2][0xffffffcc][0xffffffe4]hw[0xfffffff9][0x5]U[0x8]B[0x8][0x12]*[0xffffff81][0xffffff9b][0xffffffa5][0xffffffcd][0xfffffff0][[0xffffff9e]y[0xb][0x11][0xfffffff5][0x0]G[0xffffffba][0x17][0xffffffc1]zZ[0xffffffb3]7c[0xffffff8c]'gk[0xffffffee][0xffffffa4]d[0xffffffc8]@[0xffffff99][0xffffff9a][0xffffffb8][0xffffffe4]8~[0xfffffffe])[0xffffffd9][0xffffff8b][0x7][0xffffffd6]^bX[0x9][0x12],3[0xffffffa8][0xffffffd8]u&[0xffffffcd][0xffffff87][0xffffffb8][0xfffffff8][0x9][0xffffff8c])wK0'+[0xffffffda]T[0xffffff9d][0xffffffc5][0xfffffff4]nD[0xffffffdf]l"
08:05:03.589 [main] DEBUG com.github.dockerjava.zerodep.shaded.org.apache.hc.client5.http.wire -- http-outgoing-2 << "[0xffffff8f]t[0xffffffef][0xffffff90][0xc][0xfffffff7]-[0xffffffe9][0xffffff83][0xffffffd7][0xffffff82]h[0xffffffbe][0xffffffd9][[0xffffff98]~[0xffffffb9]+m[0xffffffc3]h[0xffffffe4][0xffffff8c]&I:[0xffffffcd]rrO[0xffffff9a][0xffffffcd][0xffffffaf]R[0xffffff90]_[0xffffff9f]D'[0xffffff94]O[0xffffff99][0xffffffea][0xffffff98][0xffffff9a][0xfffffff6][0xffffff83]m[0xffffffb5][0xffffffad] [0xffffff90]{i[0xffffffc6][0x0][0xe]:@[0xffffffa7][0xfffffff8][0xffffffea][0x1][0xfffffff9]V[0xffffffa9][0xffffffc5][0xffffffc9][0xfffffff5]Zb[0xfffffff4]E>[0xffffff8c]wE5[0xffffffcc]`[0xffffffc3][0xffffffe3][0xffffffbc]F[0xffffff8f][0xffffffc2]'[\r][0x1b]"[0xfffffffd][0xffffffde][0xffffffd3][0xffffff86][0xffffffc9][0xffffffef][0xf][0xffffff8a]y[0xffffff97].[0xffffff98][0xffffffc6][0xffffff82]m[0xffffffe3][0x17][0xffffffc9][0xffffffd2][0xffffffd4]B[0x5]>s[0xffffffc5][0xffffffcf][0xffffffc3][0xffffffc2][0xffffff80]V[0xfffffff4][0xffffff98][0xffffffa4][0xffffff9f][0x14][0xffffffda][0xffffff96][0xfffffffa][0xffffff88][0xffffffbf][0xffffffbe]-b[0xfffffff1]"[0xffffffd2][0xffffff81][0xffffffb9][0xffffffdd][0xffffffa1][0xfffffffe][0xffffffd2][0xfffffff4]H[0xffffffa5][0xffffffe0][0xffffffa6][0xffffffce]^{[0xffffffbf][0x9]z[0xffffffe2]Q[0xffffffa2]=C8[0xffffffef]f[0xffffffbf][0xffffff84][0x3]KL[0xffffffc3]t[0x10]e[0xffffff88][0xffffff93]V[0xffffffb9][0x11][0xffffff8d]Z[0xffffff91][0x1d]R/l9&[0xffffffec][0xffffffe3][0xffffffdb][\r]+9[0xffffff81]j%[0xffffff88][0xe][0xffffffdf][0xfffffff3]iw[0xfffffff6][0xffffffa1][0x10][0xffffffc3]M1[0xffffffae]4[0x13][0xffffffce][0xffffffeb][0xffffff99]X[0x1c][0x1f][0xffffff91]8[0xffffff90][0xffffff85][0xffffffc2][0xffffff8b][0xffffff82][0xffffffd4][0xffffffa4][0x1d][0xffffffa1][0xffffffd6]$:[0xfffffff3][0xffffffda],[0xffffffb1]WT[0xffffffd9][0xffffffe7][0xffffffb3]X[0xffffffd1]*[0x4]n%u[0xffffffda]Tp[0xffffff8f]I[0xffffffae][0xffffff96][0xffffffbb][0xffffffc8][0x1b][0xffffff84]8s.[0xffffffcf][0x7][0xffffffb5]lQ;[0x10][0xffffffea]p[0xffffffae][0xffffffb7][0xffffff9f]p[0xffffff9a]lg[0x7]4[0xffffff90][0xffffff8e]O[0xffffffbb]R6[0xffffffd6][0xffffff97][0xffffffe7].a{SVo[0xfffffff4][0xffffff87][0xffffff92]g[0x12]F[0x5][0x1d][\n]"
08:05:03.589 [main] DEBUG com.github.dockerjava.zerodep.shaded.org.apache.hc.client5.http.wire -- http-outgoing-2 << "[0xffffffed][0xfffffff3]yE[0xffffff88][0xffffff96][0xffffffd8][\r]X[0xffffff9c]n[0xffffffbe][0xffffff9e][0xffffffb9][0xffffffe3][0xfffffffd][0x2]K[0xffffffb8][0xffffffaf]t[0xfffffff6][0x11]eG[0xffffffb0]J[0x14]-[0x6][0xffffffd4]s$[0xffffffe4][0xffffffcb][0xfffffff7](aI'[0xffffff9f]6/q[0xffffffe6]I[0xffffffa4]P},*;[0xffffffdf])S[0xfffffffd][0xffffff91]O[0xffffffec][0xfffffff8]q[0xffffffde][0xffffff90][\r]$[0x8][0xffffffc3]zZ[0xffffffa4])j[0xffffff8f][0x9]G[0xffffffe5]8[0xffffffbb][0xffffffe7][0xffffffba][0xffffff82][0xffffffbf][0xffffff8d][0xffffff88][0x5][0xfffffff4][0xfffffffb]O[0xffffff8b][0x7][0xffffffcc][0xffffffc4][0xffffff98][0xffffffcb][0xb]}Wu[0xffffffbd][0xffffffa0][0xffffff94]Y[0xffffff9a][0x8]~[0xffffffd6][0xffffff81][0xffffffb3][0xffffffaa][0xfffffff0][0xffffffda]Fw[0xfffffff3][l~[0xffffffb9]F[0xffffffb7]t[0x19]+|[0xffffffbf]y%[0xffffff8d]WV[0xffffffec][0xffffff86][0xfffffffa]L1[0x1f][0xfffffffc][0xffffffbb][0xffffffde]ck[0xffffff88]sSmW`[0xffffffdb][0xffffffa4][0xffffffe5]CY[0xffffff86][0x8]j[0xffffffb2][0xfffffffa][0xb]yO[0xffffff88][0xffffffdc][0xffffffdd][0x3]q[I[0xffffffa8][0x1a][0xfffffff0]2KM[0xffffffe1]\J[0x3][0xffffffd1]m|[0xffffffcb][0x4][0xffffffb7]?[0xffffffb9]Ho[0x6](:[0xffffffc6][0xffffffb7][0x15]|e[0xffffffcc]r[0xfffffff5][0xffffffdd][0xffffffe7][0xfffffff4]-[0xffffff99]i[0xffffff8c][0x1b][0x18])]-[0xffffffa3][0xffffffbb][0x10]W[0xffffff91][0xffffffdb][0xffffffc4][0xffffffdd][0xffffffe7]OiI[0xffffffb5][0xffffffff]2"[0xffffffb9]l [0x9]75[0xffffffd0][0xffffffb1]h[0xffffffd6][0xffffffcd][0xffffff8f]([0x11][0xfffffff6]%x<[0xffffffee][0xfffffff6][0xffffffa4][0xffffffe6][0x1]IyC^[0xffffffb9]B[0xfffffff2]xR[0xffffffc4]WA[0xffffffea]~[0xffffffc6][0xffffffec][0xfffffff5][0xffffffb8][0xffffffe4][0xffffffc8][0x18][0xffffffbd][0xffffff91][0x14]9ym[0xffffff8b]jK[0xfffffffc][0x1d]y[0xffffffb1][0xffffffd6]CG[0xffffffa2][0xffffffc2][0xffffffc5]U[0xffffffcd][0xffffffb0]^[0xc][0xffffff8e]k@`[0xffffff8e]X:PmT[0xffffff97] [0xffffffa3][0xfffffff9]H[0xffffff88][0x18]Q[0x2]n:[0x16]Y[0x14]U[0xffffffe8][0xffffff90]D[0xffffffd1]v[0xffffffbf][0xffffffa6][0x1c]t[0xffffffc2][0xffffffe4][0xffffffd7]v^[0xfffffff9]i[0xffffffe7]uyh[0xffffff92][0xffffffe5]B[0xfffffffd][0xffffffa4][0xffffffd6][0xffffff96]Yw[0xffffffe4][0xffffff9e][0x7],d[0xffffffd5][0xffffff85]=[0xf][0xffffff8d][0xffffffd0][0xffffffcf][0xffffffca],A[0x19]E[0xffffffdf][0xffffffe9][0xffffffe0][0xffffff89]e[0xfffffffd]V[0xffffffe4]![0x9]fF[0xffffff82]1[0xffffffea][0xffffffa0][0xffffffc8][0xffffffe2][0xffffffc4][0xffffffb5]e:II[0xffffffc9]ZT[0xffffffd1]J^[0xffffffd6]r[0xffffffc0][0x1d]][0xffffffaf][0xffffffbb][0x19][0x1a][0xffffffbf]@[0xffffffea][0x1a][0xffffffbe][0xffffffed][0xfffffffc]*[0x12][0xffffffe9][0xffffffa4]G}[0xffffffa6]&[0xf]%I*[0x15][0xffffffdd]9k[0xffffffa7]tt[0xffffff8f][0xffffffde]Wh[[0xffffffec][\n]"
08:05:03.589 [main] DEBUG com.github.dockerjava.zerodep.shaded.org.apache.hc.client5.http.wire -- http-outgoing-2 << "[0xffffffde] [0x3][0xffffff89][0xffffffa1][0xffffffb8]![0xffffffc4]I[0xfffffff1]^[0xffffffb0][0xffffffdd]x^[0xffffffa4][0xffffffa2][0xffffff9a][0xffffffd4]X:[0xffffffde][0xffffffff]\&[0xffffffc8]X[0xffffffef]Pd[0xfffffffe][0x10]<mK$N[0xffffff94][0xffffffaf][0xfffffff3][0xc]7[0xffffffb2][\r][0xffffff81][0xffffffd5][0xffffffb1][0x1f][0xffffffaa][0xfffffff7][0xffffffd5][0xffffffb9]D[0xffffffc5]][0xffffff97][0xffffff96];[0xffffff9e][0x17]l[0x16][0xffffffb2][0xffffffb0][0x1b][0xffffffe6][0xffffffe8][0x10][0xffffffdb]3[0xffffff88][0xffffff82][0xffffffa4][0xffffffa7][0xc][0xfffffff3][0xffffff85][0xffffffb9]P[0xf][0xffffffc3]U[0x18]i[0xffffffc3][0xffffff85][0xffffff9e][0xffffffdf][0xffffffaf][0xffffffe8][0xffffffc3][0xfffffff5][0xffffff8a][0xffffff93]3~keN[0xfffffffd]][0xffffff93][0xffffffb0][0xffffffd2][0xffffffb8][0xffffffc8][0xffffffa7][0x3][0xc]v[0xffffffaf][0x4][0x7][0xffffff9d][0xfffffffb]Wmm&[0xffffff89]`[0xffffffd8][0xffffffdb]F[0x4]1[0xffffffdb][0xfffffff7][0xfffffffb]Z[0x19][0xfffffff8][0x19][0xffffffd5]c[0xffffffbc]o"hm[0xffffff8e][0xffffffc6]8"[0xffffffaa][0x9][0xfffffff0][0xffffff9d][0xb][0xffffff89]u[0xffffffbb][0xffffffe6][0x10]"{[0x17]>[0x1a]7[0xffffffdc][0xffffff8f]{e[0xffffffb6][0x10] <[0xffffffbe][0xfffffffd]Vq[0xffffffec][0xffffffdf]<[0xffffffb5][0xffffff91]=6]M[0x11][0xffffffec][0x1c]r074[0xffffffe7][0xffffff98][0xffffffa9][0x1c]5}[0xffffff8e]wii6)[0xffffff87]s[0xffffffe7]\n[0xffffffda]a/om/f[0xffffffc0][0xffffffa0]][0xfffffff9][0xffffffc8]R:m[0xffffffc7]p?[0x16][0xffffffc3][0xffffffa7][0xfffffffe][0xffffffa2]Lf+j[0xffffff93]P[0xfffffffa][0xffffffcc][0xffffffdf][0xe][0xffffffdd][0xffffffab][0xffffff96]V[0xffffffbb]><[0xffffffbd][0xfffffffb][0xffffff86][0xffffffeb][0xffffffb6][0xffffffb1][0xfffffffc]+5[0xffffffc9][0xffffffcd][0x19][0xffffffa3]J[0xffffffbf]d%c[0xffffffbe][0xffffff92][0xffffff94][0xffffff81]+[0xffffff8d][0xffffff98][0xffffff80][0xffffffa5]3[0x16][0xffffff87][0xffffff8f][0xffffff8c][0xffffff82][0xffffffd6]^^[0xffffffa0][0xfffffff3][0x1c][0xffffffd3][0xffffffab]S[0xffffffb4][0x11][0x4][0xffffffab][0xffffffe3]A[0xffffffaf][0xffffffca]X[0xfffffffb][0xffffffa4]T[0xffffffea]]I[0x15][0xffffffa3][0xfffffff7][0xffffffe5][0x8][0xe][0xffffff94][0xffffff9e][0xffffff91][0xfffffff5]#[0xffffffec]([0xffffffef]X[0xfffffff9]#f[0xffffffbb][0xffffff8c]z[0xfffffff4][0xffffff83][0xffffffb2][0xffffffb1][0xffffff8d][0xfffffff4]k[0xffffffad][0xffffffac]H[0xffffff99][0xffffffc5][0x1a][0xffffffa7][0xffffff91][0x18]w[0x2][0xffffffb9]([0x8][0xffffffad][0xffffff99][0xffffff8d]ou[0x1e]E[0xffffffae]5[0x16]o!l'[0xffffffe1]v"[0xfffffff2][0xffffffce]a[0xffffffe0]~[0x12]PY[0xffffffe9][0xffffffbd][0xffffffc7][0xffffffc1]:i[0xffffffd2]l[\r]$[0xffffff80]6%:[0xffffffdf][0xffffffe3][0xffffffbf][0xffffffca][0xc][0xffffffde][0xffffffe9][0xffffffaf][0xffffffbd][0x10][0xffffffc9]fy[0xffffff97]f[0x1b][0xffffffc3][0xffffffd4][0xfffffff1][0xffffffa1][0xffffffe6]Rg[0xffffff98]2[0xffffffc2][0xffffff98]#[0xffffff91][0xffffff98]/([0xffffffaf][\n]"
08:05:03.590 [main] DEBUG com.github.dockerjava.zerodep.shaded.org.apache.hc.client5.http.wire -- http-outgoing-2 << "WtyD[0xfffffff1][0xffffffec]r[0xffffffda]V[0xffffffe4][0xffffffdb][0xffffff9c]p[0xffffffc1][0xb]jN[0xffffffeb][0xffffff83][0xffffff96][0xffffffc6][0x7]M<;[0xffffffb0]T8[0xfffffffd]V[0xffffff8a][0xffffff89][0xffffff9b][0xffffff8a]6[0xffffffd9][0xffffff99][0xffffffb5]o[0xffffffe8][0xffffff80]G[0xffffff88][0xffffffba][0xffffffe3][0xfffffff4][0x0]|O|[0xffffff97]1[0xffffffce]&[0xffffff8b]'[0xffffffdd][0x12][0xfffffff4][0xffffffdb][0xffffffb5][0xffffff8c]>[0xf]b[0xffffffd7][0xffffffa7][0xf][0xffffffcf][0xffffffaa][0xffffffe2][0xffffff92][0xffffffad][0xffffffa8][0xfffffff9][0xffffffe2][0xffffffd9]"[0xe]X[0x12][0x1d][0xffffff95]h[0xffffffe7][0xffffffa8][0xffffffaf][0xffffffee][0xffffffa8]_[0xffffffc1]P[0xffffffe6][0xffffffca][0x9][0xffffffda][0xffffffe9][0xffffffc0]5[0x1c][0xffffffaf][0xffffff91][0xffffffb7][0xffffffa7][0xffffffef][0xffffffda][0xfffffff4]K[0x9][0xffffff89]S;[0xffffffb2]q[0xffffffa7][0x1c][0xffffffad]=[0x10][0xffffffa3][0xffffffcb]o[0xffffffc3][0x3]{[0xffffffbf][0xfffffff2][G[0x9]{#[0xffffff8d][0xffffff8b][0xffffffd7]=[0xffffff8e][0xffffffcb][0xffffff9e])K[0xffffffab]%[0xffffffcd][0x18]q{[0xffffffa6][0xffffff92]S[0x7][0x19]F[0xffffffdc][0xfffffff3][0xfffffff5][0xffffffe4]O[0xfffffffb][0xfffffff6]4[0xffffff8e]g[0xffffffa7]![!d*[0xffffffa8]+[0xffffffc3][0xffffffba]W[0x19][0xffffffd9][0xffffffeb][0xffffffd5]3V[0xc][0x6][0x8][0xfffffff1]~[0xffffff9e])<[0x16][0xffffffcd]S[0x12][0xffffffda][0xffffff9c]w[0xffffffd5][0xf]K[0xffffffed]e[0xffffff9a][0xffffffdf][0xffffff91][0xffffff88]$[0xffffffe7][0xffffffc9][0xfffffff4]~tQ[0xffffff97]M[0xffffff97])[0x1c][0xffffffdd][0xfffffffa]l[0xffffff99][0xffffffae]u[0xffffff95][0xffffffdf][0xffffffc3][0xffffffe4][0x7][0xffffffd2][0xffffffd8][0xffffffea]*[0xfffffff5][0x3]7A[0xffffffb6][0xffffffdf][0xffffffa9][0x15]|[0xffffffcc]e3bL[0x10]yR[0xffffffb2]?[0xffffff97][0xfffffff4][0xffffffad]][0xffffffa2][0xffffffc0][0x18][0xffffff8b],[0xffffffcc][0x10][0xffffffe5],[0xffffffbc][0xffffffc9]-L[0x4]|7.[0xffffffbf][0x18]4[0xe][0xffffffe7][0xffffffaf][0xffffffd2][0xffffffb2]vx[0xffffffa2].E}[0xffffffd5][0xffffffda][0x1f][0xffffffec][0x1e][0xffffffc1][0xffffffd7][0xffffffa9][0xffffffd1][0xffffff82][0xffffff90]W[0xffffffe0][0xffffffd5][0xffffff85][0xffffffdc]2[0xffffffe9]x[0x1c]i"[0xffffffd0][0xffffffc6][0xfffffff1]`[0xffffff9f][\n]"
08:05:03.590 [main] DEBUG com.github.dockerjava.zerodep.shaded.org.apache.hc.client5.http.wire -- http-outgoing-2 << "[0xffffffb1][0x6][0xffffff93]g[0xffffffca][0xffffffb0][0xfffffffc][0xfffffff1]c[0xffffffdb]G[0xffffff9c][0x2][0xffffffcf][0xffffffa8][0xffffffee][0xfffffff3][0xfffffffd][0xffffffcf][0xfffffff9]^^f[0xffffffa6][0xffffffaa][0xffffff8b]x7[0x9])[0x16][0xfffffff8][0x1b]}Li[0xffffffaa][0xffffffa4][0xffffffbc]a[0xffffffe1][0xffffffd0][0x18][0xffffffe3][0xffffff9b]([0xffffffd6]z[0x1d][0xfffffff1][0x19]^[0xffffffab]![0xffffffbd]w[0xffffffeb]"[0xfffffff1][0xffffffec][0xffffffeb][0xffffffa4][0xffffffbb]4[0xffffffd2][0xffffffec].[0x3][0x18];sZ[0xb]|[0xfffffff2][0xffffffe4][0xffffffd8][0xffffff8d]p8[\n]"
08:05:03.590 [main] DEBUG com.github.dockerjava.zerodep.shaded.org.apache.hc.client5.http.wire -- http-outgoing-2 << "u![0xffffff8f]sg[0xffffffa1]gP[0xffffff8b][0xfffffff3][0xffffff9d][0x1f]YN[0xffffffd7]H[X[0xffffff98][0xffffff81]f[0xffffffe6][0xffffff98]V[0xffffffc1]M[0xffffffa4][0xffffff80]0[0xfffffff0][0xffffff95][0xffffffe4][0xffffff92][0xffffffbf][0xffffffe3][0xfffffff2]Ak[0xffffffff][0xffffff96][0xffffffb4][0xffffff8f]+@[0xffffffa8][0xffffffad][0xffffff9a]e[0xffffffc8][0xffffffb3][0xffffffcb][0xffffff8b]q[0xffffff90][0xffffffa5][0xffffffd8][0x5][0xffffff9f]`[0xfffffff1]~[0xc]u&}n[0xffffffc4]^[0x15][0xffffffe6][0xffffffc3]7Y[\n]"
08:05:03.590 [main] DEBUG com.github.dockerjava.zerodep.shaded.org.apache.hc.client5.http.wire -- http-outgoing-2 << "[0xffffffa9][0xfffffff2]C#[0xffffff9c][0xffffffab][0xffffffb5][0xfffffff5]rN[0xffffffd2][0x0][0x1b]x>[0xffffffdf]V[0x1f][0xffffffd9]}[0xffffff82][0xffffffe7][0x10][0xffffffc4][0xffffffa7][0xffffffde]$[0xfffffff4][0xffffffb2][0xffffffa5][0xffffffd6][0xffffffbe][0xfffffff4][0xffffffc1][0xffffff9c]2[0xffffff9e][0xffffffdd][0xffffffa2][0xffffff83][0xffffffea][0xfffffff5][0xffffffc1][0x6][0xfffffffd][0xffffff96]MLRZftw[0xffffffa9][0xffffffe1]Ir[0xffffffc8][0xffffffe5]_[0xffffffcb][0xffffff9e][0xffffffd3]\Q[0x1d]}+`w[0xffffffee]w[0xffffffb5][0x2]w[0xffffffbd][0xffffffd1][0xffffffe8]%+wHx$[0xfffffff7]5IrH[0xffffffeb]nt[0xffffffd6]y[0xffffffad]E[0xffffff9c][0xffffffef][0x8]7[0xffffffd4][0xffffff9b][0xffffffaa]w[0xffffffe2][0xffffffad][0xffffffc0]SS[\r][0x12][0x4][0xffffffdc][0xffffff98][0xffffffe7][0xffffff90].u[0xfffffff4]6V[0x1][0x1d][0xffffffa4]D[0xffffffe5][0xffffffd3][0xffffffdb][0xffffffe9][0x19][0xffffffb9][0xffffff85][[0xffffffdc]Y[0xffffffc3]J[0xffffffcb][0xffffffd5][0xffffffc3][0xffffffd5][0xffffffad][0xffffffa8][0xffffffa1][0xffffffb6][0x1e][0xffffffee][0xffffffc7][0x4][0xffffff8e][0xffffffa2][0xffffffc6][0xffffffd4][0xffffff96][0xffffffc6]9[0xffffffa8][\r][0xffffffa7]X[0xffffff92][0xffffffeb]B[0xffffffb7]"6[0xffffffa6][0x1][0xffffff87],[0xffffffb3]CcU[0xffffffa1][0xffffffd2][0x7]j[0xffffffd9][0x19]eq[0xffffffc1]DK[0xffffffdb][0xffffffc4]9l[0xffffffdb]W[0xffffffe5][0xffffffdb][0xffffffd7][0xffffffc1]O[0xffffffbf][0xffffffe4][0xffffffe3]1I8[0xfffffffb][0x18][0xfffffff5][0xffffffa5]"[0x8]x[0xfffffff2][0x1c][0xffffff80]-[0x16]&[0xffffffd3]r[0xffffffe2]S5[0xfffffff1][0xffffff9f][0xffffff96][0xc][0xffffffb1][0x1f][0xfffffff7]<[0xffffffa0][0xffffffc3]m[0xffffffe8]Q[0xffffffad][0xffffffa0]i[0xffffffa0][0xffffffbe][0xffffffb5][0x15][0xffffffd7][0xffffff81][0xb]#A[0xffffffa9][0x7]q[0xffffffa2][0xffffffa8]d[\n]"
08:05:03.590 [main] DEBUG com.github.dockerjava.zerodep.shaded.org.apache.hc.client5.http.wire -- http-outgoing-2 << "[0xffffffce]>[0xffffffb0][0xfffffff5][0x9]7[0xffffffc4]y[0xfffffff2].[0xffffff9b][0xffffffd4]G[0xffffff81][0xffffffe9]3<Y[0xfffffff1][0xffffffe7]([0xffffff9a][0x1e]#{A{>[0xffffffd9][0xffffff9e][0xffffff9e][0xffffff87]L[0xffffffa2][0xffffff98][0xffffff86]S[0xffffff84][0x9]O[0xffffffe7][0xffffffc0][0x16]T[0xffffffb7]z[0xfffffff2][0xffffffd4][0xffffffd5][0xffffffc1][0xfffffffb][0xffffff96][0x12][0xffffffe7][0x14]n~[0xffffffa3][0xffffffad]D[0x1e]^[0xffffffd1]e[0xffffff83][0x7][0xfffffffe][0xffffff99][0xffffffaf]([0xffffff84][0xffffffda][0xffffffb5][0xffffffa1],[0xffffff96][0xffffff84][0xffffffb7][0x1f]'[0xffffffe2]L[0xffffffd4]C[0xffffffe0]`3I[0x14][0xfffffff6]w[0xffffff8d][0xffffff96]C[0xffffffbe]|[0xffffffde]{[0xffffffc3]XJ[0xffffffec][0xffffffff][0xffffff89][0xffffffad][0xfffffff8]I[0xffffffcd]&u[0xffffffac]t[0xffffffc1][0xfffffff3]]P[0xffffff91]0Au[0xffffffe3][0xffffffa2][0xffffffc7][0x1c][0xffffffa1][0xffffff92][\r][0x19][0xffffff8e][0x7f]|+~~[0xfffffffb]}[0x9]P( ya[0xffffffb9][0xfffffff9][0xc][0x0][0xffffffa8]fP[0x0][0xffffffc0][\r][0xffffff80]Q[0xfffffffa][0xffffffbd][0xffffffbc]E[0xc][0x0][0x0][[0xffffffd1][0xffffffac]^I[0xffffff82]?[0xffffff94][0xffffffec][0xffffffe8][0xffffff94][0xffffff99][0x7f][0xffffffc1][0xffffffba]?[0x1c][0xffffffeb]R[0x0][0x0]8[0xffffff98][0xffffffd1][0xffffff8e]Z[0xffffff85].[0xffffffa6][0xffffff8e][0xfffffff7][0xfffffff9][0xffffffb3][0x10]D[0xfffffffe][0xfffffff8][0xffffffd4][0xffffffba]#[0xffffffeb] [0xffffffc2][0xffffffa9][0xffffffde][0xffffffbc]]+[0xffffffe6]Xx[0xfffffff6][0x8][0xffffff97]R[0xffffffab][0xffffff9e][0xffffff81][0x1e][0xffffffb7][0xffffffd4][0xffffffb7]n[0xffffffaf]>[0xfffffff9][0x11]M[0x10][0xffffff9e][0xffffffc0]Y[0x18][0xffffffd0][0xfffffffc]&[0x7][0xffffff99][0xffffffe5][0xffffff8b][0xffffffe8][0xffffff8f][0xffffffc2]Nz[0xffffffbf]][0x1b]M[0xffffff80]\[0x15][0x0][0x0][0xffffffff][0x7f][0xffffffd4][0xffffffe9]8[0xfffffffe]R[0xffffffed][0xffffffb3][0xfffffff5][0xffffffef][0x17]De[0x0]0[0xffffffb1][0xffffffbf]K[0xffffffa1][0x2][0x0] [0x1e]&k[0xfffffffb][0xf][0xffffffd5]>[0xffffffce][0xffffff86][0xffffffef][0xfffffff2][0xffffffbf]yq[0xffffffe0][0xffffff94][0x0][0xffffffc0][0xffffffab]'[0xffffffdb]jo[0xffffff87]W[0xffffffc9][0xffffffb3][0xffffffca]W[0x1a][0xffffff8e][0xffffff9a][0xffffff85][0x7][0xffffffeb][0x1a][0xffffffb2]f*f:.G[0x9][0xffffffbf][0x1e][0xb][0xffffff8c][0xffffff94][0x4][0xc][0xffffffa9][0xffffffda][0xffffffd5]Me?[0xf][0xf]?[0xffffffea][0xffffffa6][0xfffffff5][0xffffffd3]Zpm18[0xffffff82][0xffffffd9]cRo_[0x13][0xffffffc1][0xffffffc5][0xffffff96])"{[0x16]&H[0xf][0xb]9[0x3]8[0xfffffff0]:[0xffffffb9][0xffffffa8][0xffffffde]x[0xfffffff3][0x8][0xffffffc4]@[0xffffffd2]'[0x17][\n]"
08:05:03.590 [main] DEBUG com.github.dockerjava.zerodep.shaded.org.apache.hc.client5.http.wire -- http-outgoing-2 << "[0xffffffe1][0x1d][0xffffffde][0xffffff84][0x4][0xffffffec][0xffffffc3]#h[0xffffffff][0xffffffd8]$@[0xffffffcd][0xffffff80][0xffffffd1][0xfffffffd][0xffffffe3][0x3]%[0xffffffe4][0xffffffe9][0xfffffffb][0xffffffe2]$[0xffffffc0]G[0xffffffe2][0xfffffffb]R[0xb]Q[0x0]`[0x1d][0xffffff80][0xffffffa9][0xfffffffa][0xffffffb9] mN4[0xffffffed][0xffffffe0][0xffffffbf]))[0xffffffca]b[0xffffff94][0xffffffa1][0xffffffd3]/P[\n]"
08:05:03.590 [main] DEBUG com.github.dockerjava.zerodep.shaded.org.apache.hc.client5.http.wire -- http-outgoing-2 << "[0x10][0x3][0xffffff97]2%[0xffffffed][0xffffffe1][0xfffffff6]y[0xffffff93]f[0xffffffc4]58[0xfffffff6]_[0xfffffff7][0xffffff96][0xffffff88]S[0xffffffbe][0x6][0xffffff9c]a[0xffffffcd][0xffffffe9][0xffffffe5][0xffffffde][0xfffffff2][0x9][0xffffffbd][0xffffffa2]=eaM[0x7f][0xffffff89][0x12][0xffffffd5]XV[0xffffff81]k/[0x14][0x7f]v[\n]"
08:05:03.590 [main] DEBUG com.github.dockerjava.zerodep.shaded.org.apache.hc.client5.http.wire -- http-outgoing-2 << "[0xffffffc0][0xffffffc0][0xfffffff7]h[0xffffffee]#[0xffffffce][0xffffffc3][0x1a][\n]"
08:05:03.590 [main] DEBUG com.github.dockerjava.zerodep.shaded.org.apache.hc.client5.http.wire -- http-outgoing-2 << "[0xffffffc4][0xffffffb0]|[0x1b][0xffffffbe][0xffffff8d][0xfffffff6]kA[0xfffffff7]mt[0xffffffaf]7[0xffffff80][0xb]iO[0xffffff98][0xffffffdd];<d[0xffffffa2][0xffffff96]l[0xffffffea][0xffffff82]:[0x10][0x8]7[0xffffff9a][0x7f][0xffffff9f]h[0xfffffff6][0xffffffa1][0xffffffac][0xffffffd8][0xffffffcc]^[0xffffffa3][0xffffffc8][0xffffffaa][0xffffffc3][0xffffffb3][0x17]h[0xffffffa9][0xfffffff5][0xffffffe8][0xffffffdf][0xffffffa6][0xffffffdc]G[0xffffffe0][0xffffffea]+[0xffffffe8]<4[0xfffffffd][0xffffff9e]:[0x12][0xffffffc7][0xffffffc2][0x3][0xfffffffb]I$[0xffffff92][0x16]k[0xffffff97][0xffffffdd]+N[0xffffffe2]Or[0xffffffef][0xffffffe4]O[0xffffffb2]B[0x2][0xfffffff4][0xffffffdc][0xffffffda]o[0xffffffdc][0xffffffa2][0xffffff96]j[0xffffffea]1[0xffffffcf][0xffffffad][0x7f][0xffffffaf][0xc][0xffffff84][0x9][0xffffffa5]<>[0xffffff9b][0xffffffaf][0x1b]![0x2]:1[0xffffffdb]1Q[0xffffffc7]^[0xffffff96][0xffffffea][0x2][0x0]p[0xffffff88][0x2][0x0]V[0x0][0xffffffcc][0xffffffc8][0xffffffcf][0xffffffb5]aF[0xffffffa2][0xffffffd9][0xffffff98][0xffffffbf][0x1a]Z[0xffffff83][0xffffffda][0xffffff8b]#[0xfffffff1][0xffffffc9][0xffffff91]X$[0xffffffea]Q[0xffffffc8]y[0xffffffc8]*-8tQ4>[0xffffffa7][0xfffffff4]C[0xffffffb7]e[0xffffffea][0x10][0xffffffd7][0xffffff88]3[0xffffff92][0xffffff8d]K[0xffffffcb][0xfffffff7]~[0xffffffae][0xffffffa1]y[0xfffffffe][0xffffffb6][\n]"
08:05:03.590 [main] DEBUG com.github.dockerjava.zerodep.shaded.org.apache.hc.client5.http.wire -- http-outgoing-2 << "RW[0xfffffff6])i[0x14]u[0xffffffd8]tI[0xffffff81]c[0xf]KJ[0xfffffffe][0xffffff85][0x1a][0xffffff8c]q[0xfffffff1]mE[0x1b][0x0][0x0][0xffffffae]([0x0][0xffffffa0][\r][0xffffffc0][0xffffff9c][0xfffffffc]l\J0[0xffffffd9][0xffffffcc][0x7f]0.g[0x1e]A[0xffffffcb]`[0xffffffe2][0xffffff8b]+[0xffffffa0][0xffffffb0][0x1e][0xffffff8e][0xffffffa6]I[0xffffffe4][0xffffffe1][0x7][0xffffff82][0xffffffb8]X&[0x1d][0xffffff82]p[0x4][0xffffffdc]M[0xffffffc9][0x18][0xffffffe5][0xffffffb0]V[0x0]x[0xffffffc4][0xf]Cs[0xfffffff3][0xffffffe1][0xffffffba][0xfffffff0][0xfffffff6]1,l[0xffffffe5][0xffffff85]q[0xffffffc0]o[0x3][0xffffffc5][0xffffffa2][0xffffffa9][0xffffffd6][0xffffffbe][0xffffffcf]b[0xffffff8a][0x2][0x0][0xfffffff2][0x0],[0xffffffe1][0xffffffcf][0xffffffa5]fb0[0xffffffd9][0xffffffac][0xffffffbf][0x18]_e-E[0xffffffe6] [0x0][0xffffffcb][0xfffffff8][0xffffffb2][0xffffffc9][0x4][0xffffffcc][0xffffffac][0xffffff9a][0xffffff81]Q[0xfffffffb][0x5]7[0xffffffaf]K[0xffffffaf][0x15][0x0][0xffffffe0][0xffffffe0][0xe]N[0xffffffe5][QP[0xffffffb2]P7[0xffffffcb][0x7f][0xffffff97]MG5[0x0][0x0][0xffffff80][0x16][\n]"
08:05:03.590 [main] DEBUG com.github.dockerjava.zerodep.shaded.org.apache.hc.client5.http.wire -- http-outgoing-2 << "[0x0][0xffffffe8][0x3][0xffffffb0]<?W[0xffffffe8][0xffffffa9][0xffffff8b][0xffffffa6]s[0xfffffffe][0xffffffbf]m[0xffffffe5]_[0x7]<[0xffffffe7]P[0xe][0xffffffcc][0xffffff96][0xffffffb3][0xe][0xffffffe3][0xfffffffd]yjGW[0xffffffc4]l+[0xfffffffd][0x8][0xffffffc8][0x18]`[0xffffffa7][0xffffffe7][0xffffffaf][0xffffffd4][0xffffffc6][0xffffffcf]l [0xfffffff6]y[0xffffffa9][0xffffffc7][0xffffffba]\[0xffffffdb][0xfffffffd]{o[0xffffffe4][0x14][0x0][0x0],Q[0x0]@[0xf][0xffffff80][0xffffffd5][0xfffffff9]YC[0xffffffaa][0xffffffa2][0xffffffd9]j[0xffffffff]UC![0xffffff84]x[0xffffff94][0xffffff8b][0xffffffc0][0xffffffe3][0xffffffbb][0xffffffe6][0xffffffd7][0xffffff91]-[0xffffffd1]n*[0x1e]x[0xb][0xffffffe1]CJ[0xffffffcf][0xffffff87]([0xffffffa8][0xffffffbc][0xffffffaa][0xfffffff9]03[0xffffffde][0x1][0xffffff88][0x1][0xffffffea]C[0xffffffae]R[0x4][0xffffffe2]3kh[0x9][0xffffff83][0xffffffd4]s[0xffffffe8]:[0xffffffbf][\r][0xffffff85]+W[0x10][0x5][0x0][0x0][0xffffff8a][0x2][0x0]J[0x0][0xffffffac][0xffffffcf][0xffffffcf]:[0xffffff91][0xffffff84][0xffffffc9]v[0xfffffffe]U'[0xffffffa0][0x12]3:[0x0][0xffffffce][0xffffff97][0xffffffac][0x1c][0xfffffff5][0xffffffb4]wT[0x1a]%"[0xffffff86][0xfffffff7][0xffffffb2][0xffffffa7][0xffffff8d][0xffffffd4][0x18]r[0x11][0x0][0x0][0xffffff9f][0xffffffe5][0xffffffb2][0x3][0xffffff93][0xffffffe0]%[0xffffffb5]p[0xf][0x17]~[0x1f][0xfffffff3][0xe]w[0x8][0x0][0x0]][0x14][0x0]P[0x0]`[0xffffffd3][0x7f]V[0xffffff85]8L[0xffffffb6][0xffffffeb][0x7f][0xffffffab][\n]"
08:05:03.590 [main] DEBUG com.github.dockerjava.zerodep.shaded.org.apache.hc.client5.http.wire -- http-outgoing-2 << "3^[0xffffffbf][m[0x13][0xffffffa6][0xffffffe1][0xffffffb9][0xffffff86][0xffffff8c][0xffffff98]0[0xffffffc2][0xffffffef][0xffffffb6][0xffffffe3]el0[0x4][0xffffffbf]F[0xffffff8a][0xffffff9a][0xffffffd3][0xfffffff4][0xfffffffb][0x8].[0xfffffff1]a[0x0][0x0][0xffffffb4][0x7f]TK[0xffffffc2]6[0xfffffffd][0xffffffb1]Z2[0xffffffdd][0xffffffeb][0x7f][0xffffffd3][0xffffffc5][0xffffffff]P-[0xffffffa9][0x9][0xffffffc0][0xffffffce][0xffffffff][0x1c]z[0x15]D[0xffffffb3][0xffffff93][0xfffffffe]G[0xffffffbc][0xf][0xffffffe1]-[0xffffffd1][0xffffffa6]a#[0xffffff9f][0x7][0xffffffbd]x[0xffffffac][0xffffff86][0xffffff99][0xffffff97]O[0x5][0x0]XE[0xffffffd5] [0xffffff9a]U [0xfffffff7]a[0x12][0xffffff8d]]][0xffffff91][0xffffffe8][0xffffffef][0x3][0x9]M[0xfffffffa][0x1][0x0]0[0xfffffffe][0xffffff87]a[0xffffffde][0xffffffff][0xc][0xffffffb5][0x18]Lv[0xffffffed][0xffffff9f][0xffffff83]Z[0x4][0x0][0xffffffa8][0x18]C[0x14][0xffffff80]o,[0xffffffa2][0x9][0xffffffe4][0x7][0xffffffbf][0xfffffff5]F[0x1a][0xffffff8d][\r][0xfffffffc][0xffffffcd]0[0x15][0x0]8[0xffffffd0][0xffffffcf][0xfffffff1]V[0x1c]&[0xffffffbb][0xffffffee]?[0xffffffc4]y[0xffffffe4]7[0xffffff9c][0xffffffc3][0x1]8[0xffffffb1][0xffffff9f][0xffffffe3][0xffffffa3][0xffffffbf]hz[0xffffffd3][0xffffffbf][0xffffff8d]3[0xffffff99][0xffffffa2][0xffffff90][0x8]@[0xffffff8e][0xffffffb5]m[0xffffffce][0xffffffbd]"{z[0xffffffaa][0xffffffb4][0xfffffffe]b[0xffffff9b][0xffffff95][0xffffffcc][0xfffffff6][0xffffffe3][0xffffffad]-[0xffffffe7][0xffffffb1][0x15]I[0xffffffbb][0xffffff9b]HF[0xffffffce]h[0xffffffd5][0xffffff93]7>[0xfffffffc])[0x7][0x11]G[0xffffffcc][0x13]A[0xffffffb0][0xffffffb0][0xffffff8f]7[0xffffffc4][0xfffffffd][0xffffffe1][0xffffffe9][0x19][0xffffffe1][0xffffffa9][0xffffff87][0xffffffcc]6_[0xffffff9c][0xffffffbc][0xffffff82]b[0x9][0xfffffff7]t[0xfffffff2][0xffffff86]'\[0xfffffffa]D|[0xf][0xffffffdb][0xfffffff1]([0x0][0xffffffa0][0x3][0xffffffc0][0xffffff99][0xfffffffd][0xffffffec][0x1f][0xffffffca][0xffffffa2][0xffffffd9][0xffffffd3][0x7f][0xffffff8d][0xffffffbe][0x2]o.[0xffffffc8][0xffffffe6]z[0x0][0x0]0[0xfffffffb][0xffffffa1]2[0xffffffb8][0xffffff90]_Tv[0xfffffff9][0xffffff9f][0xffffffa9],[0xffffffe0]7[0xffffff95])[0x3]po~v[\r])[0xffffff98][0xffffffec][0xffffffeb][0xffffffff]De0[0xfffffffc]q[0xb][0xffffffa7][0x19][0xffffffdf][\r]B[0xffffffef][0xffffff87]w[0xffffffc0]u[0xfffffffd][0xffffffe2][0x1d][0xffffff8b][0xffffffff][0xffffff91]w[0xffffffc0]m[0xfffffffe][0xffffff8c][0xffffffb6][0xffffff82]h[0x16][0xffffffc5]_[0xffffffef][0x1d][0xfffffff0][0xffffffa8][0x7f][0xffffff84]:[0xb][0xfffffff2][0xffffffd7]@[0xffffffad][0x0][0xffffffc0]3[0xfffffffe]1[\n]"
08:05:03.590 [main] DEBUG com.github.dockerjava.zerodep.shaded.org.apache.hc.client5.http.wire -- http-outgoing-2 << "e[0x9][0xffffffff]E[0xffffffde][0x11][0x2][0xffffffc0]+[0xfffffffc][0xffffff8c][0xfffffff3]S[0xffffffd1]4[0xffffff9a][0x7f][0xffffffdf];[0xffffffcc][0xfffffff6]E[0xffffff80][0xffffffcd]l[0xffffffbb][0xffffffa1][0x1b][0xfffffff9][0x16][0xffffffb4]Hu[0x4]kY[0xffffffb0]c[0xffffff90][0xffffff94][0xffffffde][0xffffffeb]/w[0xffffffeb]Y[0x1][0xffffff9c]}[0xffffffe1][0xffffffd8][0x6]H[0xffffffd2][\n]"
08:05:03.591 [main] DEBUG com.github.dockerjava.zerodep.shaded.org.apache.hc.client5.http.wire -- http-outgoing-2 << "[0xffffffd0]8[0xffffffb8]V[%9[0xffffffad][0xffffffeb][0xffffffb9][0xfffffff0][0xffffffa9]k[0xffffff8b][0xfffffffb]'z[0xffffff9a]Z[0xffffffe1]3[0xffffffb3]!.[0xffffff8a][0xffffffaf]8tBt[0xffffffd8]pe[0xffffffe8][0x0][0x0][0xffffff88][0xfffffff9][0xffffffe1][0x19][0xfffffff0][0xe]?G2e[0xffffffd1],[0xffffffb1][0xffffffbf]FWA[0xffffffc2][0xffffffd1][0x15][0xffffff84]([0xffffffff][0xfffffff4][0xc][0xfffffff8][0xffffff98]_[0xffffffd4]e[0xfffffff2]Wy[0x6][0xfffffffc][0xffffffbb][0xffffff9f][0xffffff83][0xffffff99][0xffffffd4][0xffffffaf][0xffffffd5][0xfffffff4][0xffffffff][0xffffffae]g@@R[0xffffff97][0xffffffa7][0xffffffea][0xffffffff][0xfffffff4][0xc][0xfffffff8][0xffffffe1][0xffffff9f][0xffffffe3][0xffffffd9]oU[0xfffffff6][0xffffffff]w[0xffffffcf][0xffffff80]?[0xfffffffe][0xffffffc5]3[0xffffff9e][0xffffffff][0xfffffff5][0xffffff9e][0xffffff81][0xffffff80][0xffffffff][0xb][0xffffffd4][0x5][0x7f][0xffffffd5]u[0x3][0xffffff81][0xfffffffb][0x17][0xffffffcf]([0xfffffffc][0xffffffcb][0xffffffae][0xffffffcf][0x8][0xffffffda][0xffffffbf][0xfffffffc]7[0xffffffc3][0x7f]S[0xffffffaa][0xffffffff]?[0xffffffe2][0x1c][0xfffffff0]O[0xffffff9c][0x11][0xffffffbc]~[0xffffffc1][0xfffffff9][0xffffffbf][0xffffffdc][0x1a][0xfffffffd][0x5]8[0xffffffa7][0xfffffffd][0xffffff82][0xfffffff3][0xffffffd6]_[0x15][0xffffff81][0x10][0x1a][0x7f][0xffffffc1][0xfffffff9][0xffffffd7][0xfffffffb][0xffffffa1][0xffffffff][0x0][0xffffffe7][0xffffffd9]_p[0xfffffffe]o[0xffffffee]_[0xfffffffe][0xffffffa4]=#[0xffffffdc][0xfffffffd][0xffffffc2][0xffffff83][0xfffffffe][0x1f]w[0x6][0xffffffff])[0xffffffce][0xffffff88][0xffffff94][0xffffffbf]\T[0xffffffff][0xffffffcb]m[0xffffffc0][0xffffffff][0xffffffd5][0xffffff9e][0x11]E~[0xffffffe1]A[0xffffffff]=[0xfffffff5][0xffffffff]wqF4[0xfffffffd]c[0xffffffdc][0xfffffff8][0xffffffdf][0xffffffb9][0xffffffff][0xffffffff]h[0xffffffcf][0xffffff88][0xffffffc1][0x7f][0xffffffb4][0xffffffe7][0xffffffff][0xffffff85][0xffffffdf][0xffffffff][0xffffffdf]p~[0xfffffffd][0xb][0xffffffce][0x7f][0xffffff92][0xffffffda][0xffffffff][0xffffffef][0xfffffff6][0xffffff8c][0xfffffff8][0xfffffff9]o[0xffffffe3][0xfffffff5][0xffffff88][0x1b][0x7f])[0xffffffaf]GB[0xfffffffe][0x5][0xffffffe7][0xffffffbf][0xffffff81][0xffffffd7]#1[0xfffffffc]][0xffffffbc][0x1e]I[0xfffffffe][0x17][0xffffff9c][0xffffffff]*^/[0x2] [0xffffffd9][0xfffffffd][0xffffff82][0xfffffff3][0xffffffbf][0xffffffcf][0xffffffeb][0x7f][0xffffffb6]g[0xffffffa4][0xffffffe8]_[0xffffffe2][0xffffffc6]_[0xffffffc4][0xffffffc7][0xffffffff][0xffffff80]s[0xffffffc5][0xffffffdf]C[0xffffffc6][0x15][0x0][0xffffffa4][0xffffffa1]_[0xffffffe2][0xffffffc6][0x7f]D[0xffffffc6][0xffffffff][0xffffff88][0xfffffff3][0xffffffd1]/q[0xffffffe3]?c[0xffffffe2][0xffffffc8]x[0x7f]?[0x13]G[0xffffffe6][0xfffffffc][0xffffffbb][0xffffff98]8[0xffffffb2][0xffffffd6][0xffffffdf][0xffffffc4][0xffffffc4]K[0x1]d[0xffffffcf][0xffffff9f][0xffffffed]9[0xffffffef][0xffffffff][0xffffffc4][0xffffffc4][0x15][0xffffff9f]$[0x0]|[0xffffffd7][0x11][0xffffffc9][0xffffffa9][0xffffff98][0x12]F[0xffffff8f][0xffffffb6][0xffffffde][0x13][0xffffffb1][0xffffffbc]x[0xffffff99][0xffffffb1]p[0xffffffcf]W[0xffffff9e][0x17][0xffffff8f][0xffffffa6]rY[0xffffffd4][0xffffffd3][0xfffffff7][0xfffffff4][0xffffff89][0xffffffd6][0xffffffda]~N[0xffffffe7][0x8][0xfffffffe][0xffffff97][0xffffffa3][0xb]|[0xffffffed][0xffffff93][0xffffffd6][0xffffffa5][0xffffffaf]*[0xffffffa9]J-[0x1e][0xffffff88][0xffffffd0][0xffffffb2][0xffffffd3][0xffffffae]7""[0xffffff9d][0xffffff87][0xffffff9b]+{/![0x18][0xffffff89][0x1d]X[0x1][0x18]G[0xffffffe9][0xffffff8d]$[0xffffffc8]{kK[0xffffffe4].[\n]"
08:05:03.591 [main] DEBUG com.github.dockerjava.zerodep.shaded.org.apache.hc.client5.http.wire -- http-outgoing-2 << "\g[0x17][0x16][0xfffffff3]ZL[0xffffff83]7[0xffffffc7][0xfffffffa][0xffffff9e][0xffffff80]#}7[0xffffffeb][0xffffffdd]b[0xffffffcc]~+[0x0][0x0][0xffffffef][0x7f][0xffffffa4]z~d}~J[0xfffffff5][0xfffffffc]e[0xffffff84]=[0xffffff8b]Y,[0xffffffad]!)[0xfffffff0][0xffffff9f][0xffffffa9][0x1e][0xffffffe4][0xf][0x7f]L[0xfffffff5][0xfffffffc]G[0xffffff94][0xffffff9d]5[0xffffffa5][0xffffffda][0x13]-[0x17][0xfffffff4][0xffffffcf]T[0xf][0xfffffff2][0xffffffcc]/[0xffffffaa][0xfffffffd][0xffffff8f]X[0xfffffffb]O[0xffffffaa][0xffffff95][0x6][0xffffff90]o~V[0xffffffad][0xffffffd0][0xffffffff][0xffffff85][0xffffffb2][0xffffffc3]v[0xffffffd4][0xffffff85][0xffffffe4][0xffffffdc][0xffffff97][0xffffff92][0xffffff8c][0xffffff90][0x3][0x0][0xffffffa0][0xfffffff6][0xffffffc3][0xffffff93]P([0xfffffffe][0x18][0xffffffb1][0xfffffffe][0xe][0xffffffe6][0xffffff8e]"[0xfffffffc]w1w[0x14][0xffffffe3]?F[0xffffffac][0xffffffbf][0xffffff8c][0xffffffb9][0xffffffcb][0x3](A?G,[0xffffffb1][0x7f]1w[0xffffffcb][0xfffffffb][0xffffffbb],[0xffffffec]?[0x5]7[0xffffffea]g[0xffffffb5][0x16][0xffffff9a][0x19]I7[0xffffffd4][0xffffffd2][0xffffffbc][0xffffff9b]|[0xffffff91][0xffffffdf][0x16][0xffffffad][0x9][0xffffffa0][0xffffffe4][0xffffffff][0xfffffffd]$[0x1e][0xffffffa5][0xfffffff3][0xffffffef]"[0xfffffff1]([0xffffffeb][0x7f][0x13][0xffffff89][0xffffffd7][0x4]P[0xffffff91]~[0xffffffb6]p[0xffffff85][0x7f][0xffffff91]x[0xffffffe5][0xfffffffb][0xffffffdb][0xffffffc3]?w[0xffffff8d][0xffffffb0][0xffffff98][0xffffff82]Q[0xffffff8e][0xffffffb7][0xffffffa2][0x17][0xffffffcc]6[0x15]h[0xffffffb8][0xfffffff7][0xffffffbc]-z`a<[0xffffffbf][0xffffffb1]s[0x1e][0xfffffff5][0x1b]0[0xffffff9a][0x0][0xffffffea][0xffffffe3]_[0xffffff98][0xffffffd0][0xffffffdf][0xffffffc0][0xffffffec]Q[0xffffffe5][0xfffffffe].f[0xffffff8f]j[0xfffffffb][0xb][0x13][0xfffffffa][0xffffff8b][0xffffff98]=[0x12][0xb][0xffffff80][0xfffffffa][0xffffffe2]'[0xfffffff0][0xffffff91]h[0xffffffff][0xffffffc5][0xffffffec]-[0xffffffef][0xffffffbb]t[0x6][0x10][0xffffffb8]ns<[0xffffffc3][0xffffff84][0xffffffb6]X[0xffffffa5][0xffffffd1]<Y[0xfffffff3][0xffffffcb][0xffffffbe]r[0xffffffed]HY[0x16]b^[0xffffffbb][0xffffffed][0xffffffa4][0xffffffc9][0xfffffff3][0xffffffce][0xc]$F[0xffffffac][0xffffffdd][0xffffffe8]A[0xf][0xffffffd9][0x1e];[0xffffffd7][0xffffffa8]R[0xffffff8e][0xffffffcc][0xffffffaa][0xffffffc7][0xb][0xffffffc1][0xffffffd2][0xffffffdc]e[0xffffffb9]a[0x7][0xffffffc0][0xffffffb6]<[0xffffffbf]Og[0xffffffb3]#[0xffffffe7][0xffffffb9][0xffffffbf][0xffffffdf]/[0xffffffd1]|pa[0xffffffc4]#+Hu[0xffffff81][[0xffffffa1][0xffffffbf] [0xfffffff2][0xfffffffb][0x1a][0x10]oy[0xffffffdc]C[0xfffffff4][0xffffff91][0xffffff8e][0x1][0x0][0xe].5[0x18][0xffffff80]!T[0x6]`[0xffffff89][0x1a]F[0x16][0x1][0xffffff82]D[0x11]@[0xb][0x7][0xffffff80][0xffffffa5][0x1b][0x2]p[0x14]E[0xffffff80]2[0x11][0x0])[0xb][0x0][0x1c]E[0x0][0xffffffe4]M[0x0]H[0x7][0x0]l6[0x0]&[0x4][0x0][0xffffffe8]@?2[0x3][0xffffffdd][0x0]@[0xffffffd4][\n]"
08:05:03.591 [main] DEBUG com.github.dockerjava.zerodep.shaded.org.apache.hc.client5.http.wire -- http-outgoing-2 << "[0xffffffc0]?[0x3][0xffffff80][0xb][0x0][0xffffffa0][0xffffffff][0xfffffff1]#[0x2]L[0x19][0x0]X[0x4][0x0]d[0x1][0x0]b[0xe][0x0]3[0x0][0x0]1[0x1][0x0][0xffffff87][0x8][0xffffffbe][0xffffffb1]l{[0xfffffffe]P"[0xffffffbb]r[0xffffffd5][0xffffffc6][0xfffffff3][0xfffffffb][0xffffff87][0xffffffbd][0x3]9[\r][0xffffffef]Ly)[0xffffffbf][0xffffffd6][0xffffffa3]`[0xffffffc3][0xf]/w[0xffffffcd][0xffffffd5],[0xffffffd2][0xfffffff8]j[0xffffffc9][0xffffffb6]kE[0xfffffff6]0[0xb][0x17][0xffffffec]9O[0xffffffcd][0xffffffbe][0xffffff82][0xffffffa0][0xffffffdb][0xfffffff4][0xffffffb8]+[0xffffff8c][0xffffffbe]z[0xffffffd8]^,[0x10]W[0xffffffee][0xffffffcd]ZXL[0x18]B[0x1]El[0xe][0xffffffeb][0xffffffbc][0xffffff9e][0xffffffcd][0xfffffff3][0xffffffc4][0xffffffe5][0xffffffed][0x7f][0xffffffbf]([0xffffffdb][0xffffffe4][0xffffffe1]r[0xffffffe7]u[0xfffffffb][0xffffffea][0xffffffd4][0xffffffc9][0xfffffff7][0xffffff99]H[0x0]-[0xffffffde][0xffffffec][0xffffffd1]g`u1[0xffffffcf]"x[0x1f][0xffffff8b]:sj[0x13][0xffffff9a][0xffffffd7][0xffffffc8]1[0xffffff9c][0xfffffff8][0xffffffd6][0x18][0xffffff93][\r]!G[0x5][\n]"
08:05:03.591 [main] DEBUG com.github.dockerjava.zerodep.shaded.org.apache.hc.client5.http.wire -- http-outgoing-2 << "[0x0]d[0xffffff8b][0x0]*[0x8][0xffffff80][0xffffffdb][0xfffffff9][0xffffffb1][0xfffffffe][0xffffffc0][0x0][0xffffff80]5[0x0][0xffffffc0][0x17][0xfffffff9][0xffffffbe]b8[0x15][0x0][0xffffffc6][0xb][0x0][0x12][0x0]@Z[0xffffffe4][0xfffffffb][0xffffffba][0xffffffd1][0x16][0x1][0xffffffc4][0xffffffc7][0x0][0xffffffdc][0x3][0x0]&[0x5][0x0][0xfffffffa][0x0][0xffffffc0][0x6][0x0][0xffffffb8][0x0][0xffffff80]$[0x0][0xffffffc0][0x10][0xfffffff9][0xffffffbe][0xffffffa7][0xffffffef][0xffffffdd][0xffffffbb][0x1]`[0x14][0x0]^[0x2]Y[0x13]v[0xffffff93][0xffffff8f][0xffffffb1]D[0x3][0xffffffce][0xfffffff2]F)[0xffffffd9]Mu[0xffffffcf][0xffffffcd][0x17]>[0xffffffd1][0xfffffff5][0xffffffa7]s[0xffffffdb]MU[[0xfffffff4][0xffffffa7][0xfffffff3]x[0xffffffc4][0xffffffc1][0xffffffcd][0x5]G[0xffffff8d]=U[0xfffffff3][0xffffffa7][0xffffffda]('[0xe][0xffffffd0][0xffffff84]%![0xffffffd6][0xffffff92][0xffffffe9]p[0x10][0xffffffb4][0x7f][0x6][0x7][0xffffffbf]A[0xffffffd0][<[0xffffff8b]y[Ge[0xffffffac][0xffffff98][0xffffffe4][0xffffff82][0xffffffd4][0x5][0xffffffc6]E[0xffffff82][0xffffffb1]lx[0xffffffdb][0xffffffd4]n[0xffffff97][0xffffffc6]6q[0x16]X[0xffffffcb][0xffffff9d][0xfffffffe][0xfffffff9][0xffffffee][0xffffff9c][0xffffffd2][0xfffffff9]"[0xfffffffc]n[0xffffffc8]/7[0xffffff9d][0xffffffc2]i9[0xffffffa5][0xffffffc9][0xffffffdd][0x5]I![0xffffffbd].X[0xffffffc9]BfO{[0x3]i[0xffffffaf][0xfffffffe][0xffffffae]m[0xffffff83]r[p[0x1e][0xfffffff4]~[0xffffffd3]h[0xfffffffb][0xffffff96][0xffffff89][0xffffffde][0x14][0x3][0xffffffdc][0xffffff9e]&x`[0xffffff8a][0xffffffb5][0xffffffdc][0xfffffff0][0xffffff91]![0xffffffd2][0xffffffd9]<[0xffffff8b]`/[0xffffffa5]H;[0xffffffba]@=N[0xffffffd5][0xffffffca]G[0xffffffc3]_[0xffffffe5][0xffffffd3][0x4][0x1a][0x8][0xffffffc6][0xfffffff8][0xffffffba]c[0x7f]F4q[0x9][0xfffffff6][0xffffffc9]<[0xffffff99][0xffffffe7]C[0xffffff9e][0xffffffae][0xffffffa3][0x8]R[0x7f][0xffffffa1]/[0xffffffb8][0x8][0x16][0xffffffea][0xffffffaa]S[0xffffffb4][0xffffff8f][0xffffff92].[0xfffffff2][0x14][0xffffffb3]T[0xffffffa6]2[0xffffffeb][0xfffffff8][0x14]Z[0xffffffb5][0xffffffc4]CX[0xe][0xffffffbd][0xffffffdd][0xfffffff0]0[0xffffffe1]-[0xffffff95]7K&[0xffffffa8]R[0xffffff85][0x12]t[0xffffffb9]EL[0xffffffbb]\cW[0xffffffb5][0x3][0xffffffe9][0xffffffe1][0xc][0xffffffee]^3F4[0xffffffab][0xffffff8f]`[0xfffffffa][0xffffff88][0x15][0xffffff9b][0xffffff99]H0[0xffffff85][0xffffffa3][0xffffff85][0xffffff8e]>[0xfffffff5][0xffffffb2][0xffffff83]Mu[0xffffffe1]p;[0x11][0xffffffe5][0xc]Gx[0xffffffb7][0xffffff8a]\[0xffffffa4]);[0xffffffd0]($[0xffffffe6]a?[0xfffffffd]d[0xffffffe4][0xfffffff8]EE[0xffffffea][0xffffff97][0xffffffe9][0xffffffb5]w[0xffffffdc]S[0xffffff85][0x1f][0xffffffd6][0x13]h[0xffffff83][0xffffffb9]g^_[0xffffffa5]z[0xffffff98]:[0xffffffb3][0x1c][0xffffff98]L2!Fk[0xffffffa4][0x1e][0xfffffff9]H[0xffffffca]g[0xffffffba]6[0xffffff97][0xffffffac][0xb][0xffffffd0][0xffffffbf]H[\n]"
08:05:03.591 [main] DEBUG com.github.dockerjava.zerodep.shaded.org.apache.hc.client5.http.wire -- http-outgoing-2 << "[0xffffffd8]UkF[0xffffff82].[0x1e][0xffffffd5][0xffffffe1][0xffffff9b][0xffffffbc][0xffffff82][0xffffff9f]*O[0x1][0xfffffff4][0xffffffdf][0xffffffc2]f[0xfffffff9]6R[0xffffff93][0xffffffcb][0xffffff97]g[0xffffffdb][0xffffffd9]o[0xffffffb1]r[0x1d][0xffffffb0][0xffffff8b]D[0xffffffa1]4H[0xffffffb5][0xffffffbe][0x1c][0xffffffd6][0x7][0xffffffb4][0xffffff9e][0xffffffae][]mr[0xffffffbe][0x7f]A[0xffffffb8][0xffffffef][0xffffff93][0xffffffe0][0xfffffffe][0xffffffa6]p[0xffffff97].[0xffffffcd][0xffffffb5][0xfffffff4]L[0xfffffffb](s[0x8]R8[0xffffffb6][0xffffffa6]Iyt#"[0xffffff96] [0xffffff84]>[0x1f][0xffffffbd][0xffffffa9][0x1c]Z[0x13]l[0xffffffbd][0xffffff92][0xffffffce]p({[0xffffffa8][0xffffffda][0xffffffe0][0xfffffffa][0xffffffce]b[0xffffffde][0xffffffff]q[0xffffffde][0xfffffff3][0xffffff9a]T[[0xffffffb1][0xffffff8e][0xffffffd0][0xffffff82]G[0xffffff88]{[0xfffffff1][0x1]h[0xffffff9e][0xffffffb5][0x5][0xffffffe1]'Z[0xffffffb2][0xffffffa1][0xffffffea]/k[0xffffff9f][0xffffffb9][0x17]5[0xffffffc5][0xffffffcb]^[0xffffffa8][0xffffffcc]a0[0x10][0x16]_o[0xfffffff9][0xffffffd3][0x15]no[0xffffffd1][0xffffffa8]BD[0xffffffd5][0xffffffb9]l[0xffffffe3][0xffffff9f][0xffffffe3][0x4][\r]i[0xffffffaf][0xffffffe4][0xffffffe3][0xffffffed]q[0xffffffe0][0xffffffbd][0xffffff90][0xffffffdd][0xffffffc9][0xfffffff0]c'[0xffffffc9]R[0xe]:[0xffffffdb][0xffffffb5][0x8]<[0xffffffa3]a#N[0xffffffcf]%[0x9][0xffffffb7]y[0xffffff92][0xffffff84][0x12][0x16][0xfffffffd]@^[0xfffffff7]-+[0xffffffbc][0x7]^[0xffffffd6][0xfffffffc][0x1b][0xffffffe5][0xffffffd0][0xffffffaa]a[0xfffffffb][0x1][0xffffffce]g[0xfffffff3][0xffffff83][0xffffffe7][0xffffffa3]-c[0x17]o[0x2][0xffffffd4][0xffffffdf].[0xffffff8d][0xffffffbd]%[0xffffff99][0xffffff9f]$[0xffffffc7],[0xffffffe1][0xffffffc2]e[0xffffffc2][0xffffffd6][0xfffffff5]}[0xffffffcf].[0xffffffd7]y[0xfffffff7]1m[0x2]1[0xffffffd9][0xffffffa5]^Y[0xffffffb9]xx[0xffffff99][0xffffff86]x[0xffffff8f][0xffffffbd]0[0x2][0xffffffb2][0xffffffd6][0xfffffff2][0xfffffffe]}[0xffffffce]AR[0xffffff86][0xffffffa9][0xffffffd4][0xffffff8e][0xffffffbb][0x1a]Ub^[0xffffff81]gv%[0x1c][0x11][0xffffff97]F[0xffffff90][0xffffffec][0xffffffc8][0xffffffc7]g[0x18][0xffffff90][0x1a]Y[0x19][0xffffff9f]o[0xffffffa7]7D%[0xffffffdb][0x2][0xffffffbd]i[0xffffff99][0xffffff90][0xffffff92][0xffffffa7][0xffffffd8][0xffffffba]G[0xffffffa2][0xe][0xffffffb5][0xffffffed][0xffffffbd][0xffffffd6][0xffffff9d][0xffffffa1]6[0xffffffa3][0xffffffcf]U[0xfffffff8]}B[0xffffffac][0xffffffbf]hn[0xffffffa8][0x17][0xffffffe0]0[0xffffff8e]~[0xffffffbe][0xffffff96][0xffffffc9][0xc]`4p[0xffffff87]ytt[0xffffffcb]v[0xffffff9c]n[0xfffffff8][0xffffff98]m[0x2][0x1f][0xffffffdb][0x11]|"[0xffffffff][0x1]/O[0xffffffa6][0xffffff92]R[0xffffffa3]&sqIX[0xffffffd7][0xffffffe1]LO[0xffffff98][0xffffffb2][0xffffff82]6pWS[0xffffffe8][0xffffffb4][0xffffffb2]$[0xffffffcb][0x5][0xffffffbf]gz[0xffffff93][0xffffff83][0xfffffff3][0xffffffd6][0xffffffdc]O[0xfffffff9][0xfffffff1]X[0xffffffb2][0xfffffff0]kn[0xffffffb8]*[0xffffffb4][0x11]}[0x16]3[0xffffffee]![0xffffffa8]}[0xffffff82][0xffffffa7]U[0xffffffd2][0xffffff8e]d[0xffffffce]}[0xffffffe2][0xffffffae][0xffffffc0]*/[0xffffffc4][0xffffff8c][0xfffffff6][0xfffffff4][0xffffffed][0xffffffa2][0xffffff96]n8[\n]"
08:05:03.591 [main] DEBUG com.github.dockerjava.zerodep.shaded.org.apache.hc.client5.http.wire -- http-outgoing-2 << "[0xffffffe3][0xffffffd3][0x0]em[0xffffff99]%[0xffffffbb][0xffffffb3][0xfffffff5][0x19][0xffffff8d][0xffffff99][0xffffffcc]a[0xffffffaf][0xffffff8a][0xffffff87][0xffffffb2][0xffffff92][0xffffff9a][0xffffffbe][0xffffffcd]v[0xffffffec]"[0xffffffb7][0xffffff89][0xe]O[0x9][0x1e][0xfffffff7]Y[0x10][0xffffffaa]K[0xf][0xffffffca][0xffffffef][0xfffffff2][0xffffff99][0xffffffbe]K''[0xffffffd2][0xffffffa8][0xffffffe2][0xffffffac][0xffffff8d][0xffffffea][0xffffffc2]}[0xffffffbb][0xffffffa3][0xffffff83][0x3][0xffffffe5]! 6[0x1f]K[\r]00[0xfffffff2]2c][0xffffffc4][0xffffffd5][0xffffff94][0xffffffa0]>[0xfffffff2][0xffffffc7][0xffffffac]>[0xffffffd4][0xffffffa2]ds[0xffffffc0]^v}[0xffffff94]D[0x14]6[0xffffffa0][0x1d][0xfffffff0][0xe][0xffffffac][0xffffff8d]p[0xffffff85][0xfffffff5][0x1];I[0xffffff9b]JA[0xffffff95][0xffffffa9]a![0xffffff97][0xffffff93][0xffffffb3][0xffffff86][0xffffff8e]H[0x1c].[0xffffffff]m$s[0xffffff9f][0xffffffc1][0xffffffd6][0xffffffdb]x[\n]"
08:05:03.591 [main] DEBUG com.github.dockerjava.zerodep.shaded.org.apache.hc.client5.http.wire -- http-outgoing-2 << "[0xffffff8c][0x6][0xffffff9a][0xffffffd3]K2-[0xffffffc6][0xffffffb7][0xffffff8e][0xffffffa3]!F[0xffffff95][0xffffff85]_[0xffffff91][0xffffffa4][0xffffffb3]sl[0xffffffb0][0xffffffb4]j[0xfffffff7]2^[0xffffffae][0xc][0xffffffab][[0xffffff85]V[0x1a][\r][0xfffffff1]{<[0xffffffa8][0xffffffbd][0xffffffe2][0xffffffbb][0xffffffa5][0xffffffff][0xffffffb4][0xffffff9a][0xffffffdf][0xffffffde][0xffffff9a][0xfffffffc][0x1c]{[0xfffffffc]][0x7][0xffffffaf][0xffffffc4]s[0xffffff8b][0x1a][\n]"
08:05:03.591 [main] DEBUG com.github.dockerjava.zerodep.shaded.org.apache.hc.client5.http.wire -- http-outgoing-2 << "[0xffffff84][0xffffffc4]=[0xffffff94][0x2][0xffffffcd]'[0x1d]4%[0xffffffac][0xffffffbb][0x1e][0xffffffc9][0xffffffd2][0xffffffe1][0xffffffb4][0x14][0xffffffbe][0xfffffff6][0xffffffab][\r][0xffffff89],G[0xffffffe5][0xffffffec][0xffffff92][0xffffffce][0xffffffd2][0xffffffbd]^[0xffffffd4]3[0xffffffa4][0x7][0x12]1[\r]4[0xffffffcd][0xffffffac][0xffffffce][0xffffff9b][0xfffffff7][0xfffffff5][\n]"
08:05:03.591 [main] DEBUG com.github.dockerjava.zerodep.shaded.org.apache.hc.client5.http.wire -- http-outgoing-2 << "[0xffffff9b]\[0xffffffda][0xffffffe6]B\[0xffffffef][\n]"
08:05:03.591 [main] DEBUG com.github.dockerjava.zerodep.shaded.org.apache.hc.client5.http.wire -- http-outgoing-2 << "h([0xffffff8f][0xffffffbc]c[0xfffffffa][0x4][0x0][0x1e]Vu[0xffffffe3]Z[0xffffffb1][0xffffffa4][0xffffffb0][0x19][0x19]5[0x1b][0xffffff9d][0xffffff9c][0xffffffcd][0xffffffd9][0xffffffad][0xffffffb1][0x1d][0xffffffaa][0x12][0xfffffffa][0xffffffaf][0xffffff9b]Gu[0xffffffbc]t[0xffffff95][0xffffff80][0xb][0xffffff8f][0xffffffc2][0xffffff8d];&[0xffffffb4][0xffffff8f][0xffffffcc][0x11]/[0xffffff8a][0xffffffbb][0xffffffb1][0x17]OFI[0x2][0x3][0xb][0x1d][0xffffffed][0xfffffffc]Y0[0xffffffc1]'[0x16]=[0xffffff84]m3Z[0xffffff93][0xffffff8d][0xffffffdc]T[0xffffffe6][0xffffff8c]=_[0xffffffe7][0xffffffca]E[0xffffffa3][\n]"
08:05:03.591 [main] DEBUG com.github.dockerjava.zerodep.shaded.org.apache.hc.client5.http.wire -- http-outgoing-2 << "[0xffffffbf][0xffffff82][0xffffff8e][0xfffffffc][0xffffff8a]w[0x19][0xffffffb1][0xffffffaa][0xffffff8e][0xffffffb1][0xffffff8d][0xffffffed]~7[0xfffffffc]c[0x18][0xffffffca][0xffffffc9][0x17]'[0xffffff9f][0xffffff85]Wy^Nxn[0xffffffb5][0x3][0xfffffffb][0x12],[0xffffffca][0xffffffd6]mQ[0xffffffa0][0xffffffaa]8[0xffffffd3][0x1d][0x1d]R[0xffffff8d][0xffffff89][0xffffffd2][0xffffffa0][0xffffffc7][0xfffffffe]xc-/50[0xffffffc9][0xfffffff0]OO[0x13]n}[0xffffffbf][0xffffffd0][0x1][0xffffff99][0xffffffaa][0xfffffff3][0xffffffd4];[0xffffff9f][0xffffffd1][0x11][0xffffff83]Z)[0xffffff92]B>[0xffffffa4][0xffffffef][0xfffffff5][0xffffffce][0xffffffaa]D8[0xffffffd9]cy[0xfffffffb][0xffffffdd][0xffffffe9][0xffffffe8]7\m[0x5]`/o~[0xffffffe2]rxl1[0xffffffc5][0x16]*[0xffffff97]}N?[0xffffffc9]D@4[0xfffffff2][0xffffffb6]$[0xffffffc0];V[0xffffffd4][0xffffffeb][0xffffffa5][0xffffffcf][0xffffff84]D[0x18][0xffffffbe][0xffffff91][0xffffff89][0x1f][0xffffffd4][0xffffff8a]m[0xffffffd2][0xffffff8b]D[0xf]z[0xffffff96]*[0xf][0xffffffdb]q[0x8][0xffffffe0][0xffffffbf]x][0xffffffcd]}[0xffffffce]_<[0xffffffd9][0xffffffd6][0xffffffe6][0xffffffcc]&[0xfffffff1][0xffffff84]CO[0x13]f>[0xffffffe6][0xffffffe4][0x1e][0xffffffb7]EL[0xffffff8e][0xffffffe2][0xffffffc6]O'[0xffffffaf][0x12]Z/[0xffffffec][0xffffffae][0xffffff8d][0x1d][0xffffff85]`C[0x10][0xffffff99][0xffffffe3][0xffffffdf][0xffffffd7][0xffffff84][0xffffffd3]G[0xffffffe1]a[0xffffffc9][0xfffffffb]-E[0x14]?[0xffffffd3][0x1f][0xffffffbb]Ry;N[0xffffffd5]#[0xffffffde]Q[0xffffff9d]Q[0x6]mC9[0x1a][0xffffffcc]g[0xffffff8d]#[0x12][0xffffffef][0xfffffff6][0xffffffa1][0xffffffc9]u[0xffffffb2]m[0xffffffca][0xffffff83][0xfffffffc]|[0xffffffb1][0xffffffe6]5[0xffffffb1][0xffffffb0][0xffffff92]G[0xffffffd7][0xffffffc6][0x3][0xffffffc2]roX[0xffffffed][0xffffff91] [0xffffff89][0xffffffb8][0xffffffe3]/8[0xffffffe3]J5[0xffffffbb]y/C[0xfffffffb]#*0[0x17][0xfffffff8]U[0x1][0x0][0xffffff89][0xf][0x5][0x0][0xc][0x1][0xffffffd4][0xfffffff2][0xffffff9f]Y[0xffffffb4][0xffffffe6]?[0xfffffff2]X[0xffffffac][0xfffffff7]GlU[0x18][0x1d]`Y:[0xffffff8b][0xfffffffd]Y[0xffffffb3][0xffffffc0][0xffffff8a][0xffffffac]{[0xf][0xc][0xffffffd4][0xfffffff2][0xffffffed][0xffffffd6][0xffffffa1][0x5][0x6][0xffffff9d][0xffffffd0]O[0xffffffae][0x1c][0x1d][0xffffffdd]d[0xffffffb6].y[0xffffffb9][0xffffffda][0xffffffd4]T[0xffffffab][0xfffffff2][0xffffffd8]B[0x18]L[0xffffffb4][0xffffffcd][0xffffff88]v[0xfffffffa][0xffffffc4][0xffffff9f][0xffffffbd][0xffffffd3][0xffffffed]X[0xffffffb3]\[0x1][0xffffff9c][0xffffff98][0xffffff87]^"[0xffffff88]IX$uQ[0xfffffff7][0xfffffff4][0xffffffcc][0xffffffc4][0xffffffee][0xffffffce][0x0][0x0]X[0xffffffa3][0x0][0x0]/[0xffffff80]:[0xfffffff8]3[0xffffffbd]`[0xfffffffd]GB[0xffffffeb][0xffffffb0][0xffffffef]}[0xffffff94][0xfffffff1][0xffffff9f][0xffffffb8][0x3][0xffffffe8][0xfffffffd][0xffffffce][0x1b][0xfffffffe]![0xffffffe6][0xffffffe0]g[0xffffffee][0xffffffcc][0xfffffffa][0xffffff8f][0xffffffec][0x15][0xffffff8c]kg[0xffffff88][0xffffffdb][0xffffffff].[0x6][0xffffffc1][0xffffffee]71*[0x0][0x1a][0xffffffee][0xffffffcf]<Y[0xfffffffa]_[0xffffff99][0xffffffaa][0x1f][0xffffffa4][0xffffff8d][0x13][0xffffffb6][0xffffffe0][0x1e][0xfffffff4][0xffffffcb]h[0x18][0xfffffff4]Kc[0xffffff98][0xffffffba][0x4]9<^[0xffffff9f]Gu7[0xffffffbf][0xffffff9c][0xffffff84]%y[0x1e][0xffffff8c]z[0xffffffa4][0x9][0x0][0xffffffc0][0x13][0x14][0x0][0x10][0x0][0xffffffd0]8~[0xffffffe6]k[0xffffffec][0xffffffbf]g[0xffffffae]`([0xffffff8a]2[0x16][0xffffffa6]r[0xfffffffe]8[0xffffff98][0xffffff9a][0xfffffff1]u[0xffffffc0]/[0xffffffe2][0xffffffe0][0x18][0x0][0x0][0xffffff90][0xfffffffa][0xfffffff1][0xffffffcc]%4[0xffffff8d][0xffffff9f]a[0x3][0xffffffff]#?[0x5][0xffffffe3][0xffffffaa]n[0xfffffffe]_[0xfffffff6][0xffffffeb][0xffffffe0]1[0xffffffc1][0xfffffff6][0xffffffc7]6,[0xffffff98][0xffffffac][0xfffffffb][0x7f]>s[0x9][0xffffffcd][0x3][0xfffffff8][0xffffffc3]C|~IG[0xfffffffd]O[0xffffffc7][0xffffffef][0xffffff8f][0x2]"[0xffffffd8][0x7][0xffffffd0][0xffffff92][0x7f][0xffffffe2][[0x4][0xffffffeb][0xffffffff][0xffffffcc]<[0xffffffa1][0xfffffff8][0xffffff87][0xffffff88][0xe][0xffffff90][0xffffff86][0xffffffbd]?t[0x6]2k[0xffffff93]+4[0xffffffb9]|[0xffffff84]S[0xffffffd2]:H[0xffffffbe][0xffffff9e]G[0x1f]q[0xfffffff9][0x1e]f[0xffffffc7][0xffffffdf][0xffffffad]U[0xffffffdb][0xffffffc1]N[0xffffffbb][0xffffffbd][0x10]yn[0xffffffc2][0xfffffffb]rdN[0x1c][0xfffffff5][0xffffff8d][0xffffffd8]3p[0xffffffc5][0x1b][0x9][0xfffffffc][0xffffff90][0xffffff8d]P[0xffffff82];E[0xffffffde][0xf]B8[0xffffffd3]V[0xffffffc1][0xffffffb5]s%[0x1b][0xffffff83]d[0xc]X[0xffffffc9][0xffffff81][0xffffffde][0x3])[0xffffff8d]L[0xfffffffa]"[0xffffffa6][0x11][0x1e][0xffffff86][0x17]+[0xffffffe1]Us[0xffffffc6][0xffffffd9]+b[0xffffffc6],j4C[0x18],[0xffffffd4][0xffffffc3][0xffffffbe][0xfffffff1][0xffffff9f][0x9] [0x2][0xffffff86][0xffffff8c]%[0x8]e[0xffffffc3][0xffffffc8]:[0x1d][0xffffffb7]W[0xffffffbe][0xffffffee]<[0x5][0xffffffef]j[0xc][0xffffffb8]V%[0xffffffd0][0xffffff98][0xffffffa3][0xffffffbc]1[0xffffffdd]d[0x19]<[0xfffffff7]5[0xffffffcf][0xffffffda][0xffffffd1][0xffffff94][0xffffffd3][0x13][0xffffffed]#[0xffffffa6][0xffffffb9]W[0xfffffff8]ks[0xffffffa5][0xffffffbf][0xfffffff6]p[0xffffffd9][0xffffffed][0xffffffd8]ydSF[0xffffffc3][0xffffffd2]n/[0x1b][0xffffffbd]I[0xfffffff2][0x3][0xffffffd7][0xc][0xffffffec]XL[0xffffff8a][0xffffffa3]c[0xffffff9b][[0xffffffc1][0xffffffc5][0xffffffb4]#[0xffffffcb][0xffffff95]h[0xffffffe5][0xffffff88]7c[0xffffffdc][0xffffffbd]/[0xfffffff8]h7[0xffffffff][0xfffffff9][0xffffffb5]:[0xffffffc3][0xffffffe0][0x12]Q[0xffffffe0][0x1c]}vljB[0x12]u[0xffffffbe]"[0xffffffac]HVZ[0xffffffcc][0xfffffff4]C[0xffffff8e][0xffffff8a][\n]"
08:05:03.591 [main] DEBUG com.github.dockerjava.zerodep.shaded.org.apache.hc.client5.http.wire -- http-outgoing-2 << "%[0xffffffb3][0x1][0x1a][0xffffffb1][0xffffffca][0x1b][0xffffffa9]w[0xffffffea][0x2][0xffffff9a] [0xffffff9b][0xffffffae][0xffffffd2]|[0xffffff8d][0xffffffd4][0xffffffea][0x13][0xffffff8e][0xffffffc8][0xffffffcf]}[0x1e][0x1d][0xffffffd2][0xffffffb9][0xffffff83][0x18][0xfffffff0][0xffffffe8][0xfffffff3][0xffffffba][0xffffffd7]~[0xffffff9f]H[0x19]@[0xffffffa3][0xfffffff5]M[0xffffffc5][0xffffff85]L[0xfffffff5]$[0xfffffffb]L[0x13]+`6[0xffffffd2][0xffffffe9]1#O[0xffffff98][0xfffffff2][0xffffff97][0xffffffb5][0xffffffb9],[0xffffffbd][0xffffff9e][0x13]|y4[0xfffffffa][0xffffff8f][0xffffff8f][0xffffffb0][0xffffffb7]X[0xffffffe7][0xffffffe0]y[0xffffffbc][0x1f][0x7][0x18][0xfffffff4]BV[0xffffffc1][0xfffffff8][\r]*m[0xffffff90][0xffffff95][0xffffffd2][0xffffffdb][0xffffffe3]b[0xffffffd5][0xffffff96]F[0x1e][0xfffffff0][0xfffffffb]uc[0x12][0xffffff85]Kg"[0xfffffff5]e[0xffffffda]([0xffffff99][0xffffffe5][0x3][0xffffff96][0xffffffa1][0xffffffd0]\[0xffffff9d][0xfffffff8]b:Sg6\[0xffffffe1][0x7][[0xffffff8a][0xffffffe4]N[0xffffffb0]"[0xffffff9b][0xffffffc7][0xffffffd1][0xfffffff2]P.:[0xffffff8c]ezS[0xfffffff6][0xffffffb3][0xffffffe3]Qe[0xfffffffe]&[0xfffffffc][0xffffffa1][0xffffffd0]s[0xfffffff0][0xffffffb7]g[0xffffffe9][0xffffff8c]F'[0xffffffec][0xffffffd3]N[0xffffffbb][0xffffff8b][0x1][0xffffffb9]S[0xffffffcd]{l[0x1a]q[0x1]A[0xffffffe0][0xffffffa7][0xffffffcf]cL5B[0x1e][0xffffffa1]-[0xffffffe7]Z[0xffffffde][0xffffffe4][0x11][0xfffffffa][0xffffff8f][0xffffff9f][0xffffffb6][0x4]5[0xfffffffa][0xffffffea][0xffffffb4][0xffffffa9][0xffffffb3][0xffffffee][/[0xffffffcf]-[0xfffffffa][0xffffffbd][0xffffffa6][0xffffffaa][0xffffff99][0xffffff8f][0xffffff9b][0xb][0xffffffe9][0xffffffc3][0xf][0xffffff9a])[0xffffff91][0xffffff9f][0xffffff93][0xffffff99][0xffffffcb][0xb][0xffffff8e]r/[0xffffff92]7[0x10][0xffffffce][0x8][0xfffffff3][0xffffff95][0x1e]8E[0xffffff97][0xffffffb7]Nz[0xffffffcc]n[0xfffffff2][0xffffffec][0xfffffff6][0xffffffc1][0xffffffa4]`S%[0xffffffb8]*[0xffffff94]q[0xffffffee][0xffffffc1][0xffffff95][0xffffffd5][0x18][0xffffffe3]yid[0xfffffff0][0xfffffffb][0x16][0xffffff82][0xffffffe3][0xffffffca]g[0xffffffd5][0xfffffff9]hG[0xfffffffd][0xffffffec][0xffffffbd][0x1][0xffffffc6][0xffffff9c]4$[0xffffffc1][0xffffff89] [0xffffffc1]l[0x1e] [0xffffffbc]([0xffffffa4][0xffffff95]F_[0xffffffe2][0xffffffed][0x9][0xffffffc9]HW[0xffffffa5][0xffffffc8][0xffffffc9]<[0xffffff9d][0x15][0xffffff91][0xc]`[0xf]7\M6[0xffffffc8]9[0xffffffe1]9``X[0xffffff97])[0xffffff94][0xffffff8d]t[0xfffffff3][0xffffff8e][0xffffff9c][0xffffffaf]QY[0xfffffff3].[0xffffffcb][0xfffffff9]e[0xffffffe2][0xfffffff2]1|0[0xffffffb5]0%[0xffffffc3])7[0xffffffbb][0xffffffc3][0xffffffc7]Wc[0xffffffa4][0xffffffd6])[0xffffff8e][0xffffffe2][0x1f][0xfffffff8][0xffffffbf]Z?[0xffffffa9][0x15][0xc]c[0xffffff96][0xfffffff3]Z6?$[0xfffffff6][0xffffffd9][0xffffffe8][0xffffff8d][0xffffffe3](p[0xffffff98]A3([0xffffffe5][0xffffffb8][0xfffffff6]#{[0xffffffef][0xffffffe4][0xffffffb3][0xffffffd2]TY[0xffffff86]#[0xffffffb8]3[0xffffff98][0xffffffbd]O[0xffffffe8][0xffffff98]$[0xffffff8c][0xffffffeb][0xffffffca][0xffffffee]m[0xffffffd3]=$[0xffffffcd][0x19][0xffffffe0][0xffffffca]g[0x1b][0xffffffcc][0x1c][0xffffffee][0xffffffc6][0x16]K[0xffffffc8][0xffffffdc][0xffffffd2][0xffffff94][0xffffffbd]5[0xffffffd6][0xffffffe5][0xffffffc0][0xffffff87][0xffffffc7][0x1b][0xffffffc3]g[0xffffffa5]oj[0xffffff86][0xffffffc9][0xfffffff9][0xffffffa6][0xffffffde]^c[0xffffffad]sL[0xffffffe3][0x15]wD[0x6]Yv[0xfffffff9][0xffffffa5][0x1c][0xffffffa7][0xffffffc3][0xffffffc3][0xffffffaf][0xffffffd8][0xffffff91]y[0xffffffab]+[0x13][0xffffffd0][0xffffffc8][0xffffff91][0xffffffdd]V[0xffffff8c]1[0xffffff9e][0xffffff91][0xfffffff0][0x11][0xffffffb9]>[0xfffffff9]nT[0xfffffffe][0x7]4]}[0xffffffc1][0xffffffeb]/E[0x14]F[0xffffffbd][0xffffff9c]|[0xffffffde][0xffffffec][0xffffff91]R[0x7]~6<[0xffffffcc][\r][0xffffff9f]g[0x3][0xfffffff2][0xfffffff1]s1[0xffffffc2][0x14][0xffffff92]Q4[0xffffffc8][0x1d]][0x12][0x7f][0xfffffff7][0x17][0xffffffcc]][0x5][0xffffffdf][0xffffffa2])[0xfffffffd][0xfffffffe][0xffffffac][0xffffffd5]B[0x16]E[0x1d][0xffffffc4][0xffffffb4][0x9][0xffffffb9]N[0xfffffff5][0xffffff84][0x2]|[0x18][0xfffffff8]"=O[0x1d]J[0xffffff9b][0xffffffd2][0xffffffc2]Xz}[0xfffffff4][0xffffffab][0xfffffff3][0xffffffdd][0xffffff9a][0xffffffe0][0x19][0xffffffbe][0xffffffb7][0x16][0xffffffe6][0xffffffa3][0xfffffff1][0x1e][0xffffffd3]hz[0xfffffff9][0x1e][0xffffffc5]W+Z^/U[0xffffffba][0x2][0xffffffae][0xffffff89]i[0xffffffba][0xffffffb4][0xffffffbe][0xffffffe4][0xffffffeb][0x1b][0xf]}[0xfffffffb][0xffffffe0]*[0xffffffb5][0x1c][0x14][0xffffffd6]I[0xffffffae]v[0x4][0xf]6.#][0xffffffc4][0xffffffa3][0xffffffc5][0x14][0xfffffff5][0xffffff89]d][0xffffffb4][0xffffffb9][0xffffffa8][0xffffffef][0xffffffc6][0xffffffb4][0x19][0x15][0xfffffffe][0x14]1Tl[0xffffff8e][0xffffffcc]-Y[0xffffffb8]f[0xffffffb3][0xfffffffe]J[0xffffffa5][0xffffff95]{P[0xffffffc7][0xffffffa1][\n]"
08:05:03.591 [main] DEBUG com.github.dockerjava.zerodep.shaded.org.apache.hc.client5.http.wire -- http-outgoing-2 << "[0xffffffd6]7?[0x1c]+[0x7f]U[0x7]4[0xffffff90]o[0xffffff94]81"[0xffffff8c]~[0xfffffffe]M[0xffffffde]8[0xffffffc2]B[0x14]-JO[0xfffffff0][0xffffff96]B[0xffffffe3]TL.[0xffffffb4][0xffffff84][0xffffffb0]cid[0x1f][0xffffffdf][0xffffffc7]b[0xffffff98][0xffffff86][>A[0xffffff8a][0x1a][0xffffffe6][0xffffffde][0xffffffb9]?[0x12][0xffffffe4][0xffffff9c][0xffffff9c]1c[0xffffffa4][0xffffffed][0xffffffdd][0x7][0xffffffd0]H[0x19][0xffffffe2]?[0x16](K[0xffffff83][0x13][0xffffffce][0xffffffb7][0xffffffde]4[0xffffffb4]9[0x1c]|}?C5]1[0x7f]*[0x19][0xffffffa6][0xffffff80][0xffffffff][0xfffffff6][0xffffff8c]R[0xffffffe2][0xffffffa2][\n]"
08:05:03.591 [main] DEBUG com.github.dockerjava.zerodep.shaded.org.apache.hc.client5.http.wire -- http-outgoing-2 << "[0xfffffff6][0xffffffeb]'x[0xffffffb4][0x16]{[0xffffffe2]R[0xffffffd0][0xffffffc7][0xffffffa5]|f#iL~[0x18][0xe][0xffffffc5][0x9]i[0xffffffb3]D[0xffffffed][0xffffff82][0xfffffffe].T[0xffffffeb][0xffffffed]f[0xffffffab][0x16][0xffffffb8]#_v[0xffffff8a][0x1d][0xffffff8b][0xffffff90][0xffffffdb][0xfffffff1])[0xffffffe1]ER[0xffffffa4][0xffffffac][0xffffffe2][0xffffffb4][0xb][0x1e][0xffffffdc]4[0x3][0xffffffed]I)o]P[0x1f][\r][0xffffffbb][0xffffffad][0xffffff99]OT[0xffffff8b][0xffffffef][0x16])[0xffffffed][0xc]|v[0xffffff9b][0xffffffe8][0xfffffff4][0x1d][0xfffffffc][0xffffffdc][\n]"
08:05:03.591 [main] DEBUG com.github.dockerjava.zerodep.shaded.org.apache.hc.client5.http.wire -- http-outgoing-2 << "[0xffffffbd][0x3][0xffffff88]{Bf[0xffffffe5][\n]"
08:05:03.591 [main] DEBUG com.github.dockerjava.zerodep.shaded.org.apache.hc.client5.http.wire -- http-outgoing-2 << "=2([0xffffffa2][0xffffffbd][0xffffff99]7[0xffffffe1][0xffffffe0][\n]"
08:05:03.591 [main] DEBUG com.github.dockerjava.zerodep.shaded.org.apache.hc.client5.http.wire -- http-outgoing-2 << "A[0xffffff95]9[0xffffff88][0xffffffd7]h[0xffffffbc][0xffffffb4][0xfffffffa][0xfffffff5]1nU7[0xffffffdb]%H[0xffffffa2][0xb]]\[0xffffffed][0x1][0xf][0xfffffffd][0xffffffcd][0x17][0xffffffff])[0xffffffbc][0x8][0xffffffdf][0xfffffff2]7([0x4]|[0x1f])[0xffffffaf][0xffffffb8])[0x3][0xffffffb0]g?[0xffffff88][0xfffffff0][0xffffffd6][0xffffff96][0xffffffdc][0xffffffc3][0xffffffaa]*_e[0xffffffd1][0xffffff84][0xffffffcf]9[0xffffffbd][0xffffff9b]_[0xffffff8b][0xffffffdb]?4[0xffffff88][0xfffffffb][0xffffff92][0xffffff92][0xffffffb2][0xfffffff3]A[0xffffffb7][0xffffffa6][0xffffff98][0xffffffc9]Y[0xffffff8b]K[0xffffff91][0xfffffff6][0xffffffd3][0xffffffc7][0xffffff92][0x5]f[0xffffff87][0xffffffdc]a[0xffffffa7][0xfffffff5]>r[0xffffffd2]o[0xffffff84]'([0xffffff86]X[0xfffffff9][0x1b][0xffffff9b][0xffffffd8]'[0xffffffed][0xffffffed][0xffffff9f][0xffffffea][0xffffff92]#[0x1e]n[0xffffffdd]{[0xffffffe6][0x1e][0xffffff81][0xffffffa7]=9[0x16][[0xffffffd1][0xfffffff8][0x13][0x10][0x9]]m{[0xffffff89]>[0x7][0xffffff8a] m[0xffffffdd][0x16][0xffffffe9][0xffffff81]l[0xffffffd7][0xffffffc9]Z[0x1c][0xffffffb4][0xfffffff8][0xf][0xffffffdb][0xffffffc8][0xffffff90][0xffffffd0]z[0x1d][0xffffffc9][0x1f][0xffffffcc][0xffffff91][0xffffffea][0xffffff81]vl[0xffffffb1]h[0x1f]S[0xffffffdc][0xffffffdb]-a[0xffffff98][0xffffffba][0xffffff9d]I[0xffffffc2][0xffffff8f][0xffffffe4][0x6][0xffffffa0][0xffffffc7]Q}X[0xffffff9d][0xffffffb5][0xffffffe1][0xffffffe0]$[0x15][0xffffffeb][0xffffffd8][0xffffff9c][0xffffffff]*[0x14]@0[0xffffff8a]I\p[0xffffffd7].[0xfffffffc][0xffffff94]yn#[0x19][0xffffff83]R[0xffffffe2]r[0xffffffe6]I[0xffffffee][0x8]b,[0x7f]7[0xffffff9f][0xfffffff7]X[0x1b]k[0xffffffa2]b[0xffffffa1]-[0xffffffa2]+[0xffffff8e]Y[0xffffffb9][0xffffffb6][0xffffff8b][0xffffffd7][0xffffff9a]'[0xffffff9c][0xffffffb4][0x16]r[0x2]3[0xffffff90]N[0xffffffe4]$>S&[0xc]cJ[0xffffff96][0xffffffe0][0xffffff88][0xffffffd1][0xffffffa9]j[0xffffff97][0xffffffbc][0x1f][0xffffff8b][0xffffffcc][0xffffff93]W[0xffffffe0]f[0xffffffed]H[0xfffffff5]nv[0xffffff95][0xffffffa7][0xfffffff9]z]#=[0xfffffff6][0xffffffbe]_}[0xffffffc7][0xffffffa8][0xffffffa9]Z#\[0xffffffa8][0xffffffc7][0xffffff91][0x0][0xffffffab]j[0xffffffea][0xffffff8c]"[0xffffffb8][0xffffff9b][0xffffffb7][0x5][0xffffffca][0xffffffa1]UA[0xffffff95][0xffffffab]?Z[0xffffffe3][0xffffffcb]j[0xffffffa5][0xfffffff4][0xfffffff5][0xffffff84]`[0xffffffc7]G[0xffffff9d][0xffffffae][0xffffff80][0xffffffc1]Ai[0xffffffdc][0x19]L[0xfffffffc])[0xffffffd1][0xfffffffc]Q[0x1][0xffffffe5][0x0][0x17][0xffffffe1][0xffffff9e][0xffffff82]o[0xffffff86][0xffffffd9]&-[0xffffff9a][0xffffff8a][0xffffffc2][0xffffffb0][0xffffffd6]H[0xffffffdb][0xffffffb3][\r][0x1d]F[0x5][0xffffff81][0xffffff95][0xffffffac]m[0xffffffec][0xfffffff1]m[0xffffffed]F[0x13]>[0xffffffd1][0xffffffce]s[0xffffffe3][0xffffffb4]2[0xffffff8d][0xffffff9b][0xffffffa2][0xffffffd5][0xffffffd2]jQ[0xffffff92]![0xffffffc5][0xffffff8f][0xffffffcf][0xffffffb6][0xffffff87][0xffffffcf][0xffffffbf]9[0xffffff81][0xffffffe5]"[0xffffffdb]&^[0xffffffcd][0xffffffdd][0xffffffcd][0xf][0xffffffef][0xffffffeb][0xffffffb6][0xffffffc2]1[0xffffff83][0xfffffff9]62h[0xffffffeb]SqR[0xffffffd5][0xffffffb6][0xffffffb3]+[0xffffff9f][0xffffffaa]QUJ`[0xffffffa4]^)[\n]"
08:05:03.591 [main] DEBUG com.github.dockerjava.zerodep.shaded.org.apache.hc.client5.http.wire -- http-outgoing-2 << "-0d[0xffffffb9][0xffffffab][0xffffff8d][0x15][0xffffffcb][0xffffffb7]Y![0xffffff8b]z[0x1b]xU?[0xffffff9e]Y[0xffffffd9][0xfffffff6][0xffffffca][0xffffffcd][0x9][0xffffffb3][0x1a]Q[0xffffffc7][0x2]b[0xffffffce][0xffffffa4]e[0xffffffdf][0x17][0xfffffff4]y4F5[0xffffff95][0x1f][0xffffff8d][0xb][0xffffffb0][0xffffffc5]])[0xffffffaf][0x8]>[0xffffff9e]5[0xffffffee]D!a[0xffffffe0][0xffffffdd]M>[0xffffffb8]Z[0xfffffffc]`ld[0xffffffcc][0xffffff95]Z[0xffffffb1]d4[0xffffffc8][0xffffffaf][0xffffffae][0xffffffbd][0xffffffe9][0x15][0x14][0xffffffb8]a[0xffffff96][0xfffffffc][0xffffff85][0x15]>[\r]0[0x16][0x15][0xffffff85][0xffffffa5]Iz[0xffffffef]j`y[0xffffff87]H[0xfffffff8]b[0xffffff86][0xffffffdc][0x19][0xffffffbb][0xffffffb6][0xffffffe6][0xffffffbd]@/[0x2][0x8]#sh[0xffffff9e][0xffffffe6]:[0xffffffb5][0xfffffffa][0xffffff99]e[0xffffffb5]B[0x12][0xffffffde][0xffffffc8][0x6][0xffffffa6]d[0xffffffa6]l1[0xffffffad][0xffffffcd][0xffffffb0]1[0xffffffdd]T[0xffffffb8]Y[0xffffffae]~[0xffffffbf][0xffffffea]4[0x1a][0xfffffff9]:[0xffffffca]b[0xffffffcc][0xfffffff0]#>[0xffffff93][0xffffffa1]u[0xffffff94]CY[0xffffffbb][0xffffffa9]zX\p#[0xffffffad][0xffffffc1][0xffffffa7]j[0xffffffef][0xffffffae]G[0x1c]1f[0xffffffe5][0xffffffa0]@[0x16]4=[0xffffffcd]"#[0xffffff8e]v[0xffffff8e]4[0xffffffc5][0x8][0xffffff9e][0xfffffffa][0xffffffea]tb[0xffffff94]^[0xffffffaa],[0xb][0xffffff9c][0xfffffffc][0xffffffd3]afK>*L[0xffffff8e][0xffffffb1][\n]"
08:05:03.591 [main] DEBUG com.github.dockerjava.zerodep.shaded.org.apache.hc.client5.http.wire -- http-outgoing-2 << "[0xffffff94][0xffffffbd][0xfffffff7][0xffffffd7][0xffffffe0]n[\r][0xffffff87][0xffffff87]mv8}[0xfffffff9][0xffffffb3][0xffffffc9][0xffffffbb][0xffffff93][0xffffffb4][0xffffffa1]R[0xffffffe5]v[0xffffffbb][0xffffffe0][0xffffffd1][0xffffffa2]l.[0xffffff83]F?[0xffffffba]^LS[0xffffffb1]Xh[0xffffffc9]4[0xffffffa5][0xffffffcc][0xffffffdb][0xffffffcd][0xffffff93][0xfffffff5][0xffffff88][0xffffffb9][0xffffffaa][0xffffffb8]([0x1c][0xffffffd9][0xffffffa0][0xffffff8e]"[0x16]sGf[0xffffffb5][0xffffff9d][0xffffffcf][0xffffff98][0xffffffad]M[0xffffffe9][0xffffff83]Q[0x11]+]Q[0xffffffc3][0xffffff90]#[0x14][0xffffff89][0xffffffe2][0x1c][0xffffff93][0xffffff82]W[0xffffffd5]Y[0xffffffc6][0xfffffffb]KQx[0x1b][0xffffffb0]b[0xffffffd2][0x3]~a[0x7]xtW[0xfffffffb][0x1][0xffffff8f]*[0xffffffb1]UP[0x2]0qNdx[0xf][@[0xffffffa1][0xffffff89][0xffffffb1][0xffffff87][0xffffffac][0xffffff9f]6YH[0xc][0xffffffe5]jw{Y<a[0x1d]Z[0xffffffa5][0xffffff9f]2nLa[0xffffffc6][0xffffff8a][0xffffffe5]`[[0xffffffa2][0xffffff9d]4:[0xffffffbd]Vam[0xffffff99]GNj[0xffffffe9][0x11][0xffffffcd]z[0xffffffdf]M[0xffffffc8][0xb][0xffffff89][0xffffffae]{[0xffffffaf][0xffffffc1]0[0xffffffb3]L[0xffffff90][0xffffffb6]3[0xffffff8c][0xfffffff5][0xffffffa6]-%[0xc]^[0xfffffff8][0x11][0xfffffff4][0xffffffa0]-E[0xffffffa0][0xffffffc4]Rp[0xffffff9b]:[0xffffffe9]I[0xffffffbb][0xffffff9e]C[0xffffffd3][0xffffffa1]5[0xffffffcd][0xffffff9a]Z{-PJ[0xffffff88]kL&[0xfffffff6][0xffffff92][0x6][0xffffff8f]8[0xffffffb3][0xffffffa6][0x7f][0xffffff86][0xffffffe3]=[0xfffffff6]d[0xffffffdd]Qx[0xffffffc0][0xffffff9e][0xffffffc1][0xffffffce]T[0xffffff9d][0xffffffda]7[0xffffffda][0xffffff84][0xffffffab];[0xffffffb1][0xffffffd3][0xffffffba][0x1][0xfffffff4]\[0xffffff89][0x0][0xffffff92][0xffffff88][0xffffffa8]&[0xfffffffd]&[0xffffff9e]$[0x1a]^o[0xffffff8b][0xffffffa2][0xffffffde]O[0xffffffa6]D[0xfffffff4]s5[0x11][0xffffff94][0xffffff9e]7[0xffffffbb][0x1f]q"
08:05:03.592 [main] DEBUG com.github.dockerjava.zerodep.shaded.org.apache.hc.client5.http.wire -- http-outgoing-2 << "[0x9]kX[0xffffffa2][0x17][0xffffffa2][0xffffffb2][0xffffffb8][0xfffffffc][0xffffff89]b"5[0xffffffce]%:s[0xfffffff4]T[0x19][0xffffffa5][0xffffffb8][0x1e][0xffffffd9][0xffffffb7][0xfffffff7]Z[0xffffff89]`[0xfffffff4][0x19]w([0x10]2[0xffffff9e]wx[0xffffffdf][0xffffffd2]$[0xffffffb2]c<[0xffffff87][0xffffffa5]QI[0x17][0xffffffbf][0xffffffad] 8[0xffffff9c][0xffffffb1]8[0xffffff8a][0xffffff83])[0xffffffa4]"tt[0xffffff9b][0x17]B[0xffffff86][0xffffffaf][0xffffffd1][0xffffffb7][0xffffffbb][0xffffffb8][0xffffffa6][0xffffff88][0xffffff80][0x17][0x9][0xffffffdd][0x17]jj?[0x12]x'[0xffffffed]D[0x16][0xffffff95]}#[0xffffffa9]5%[0xf][0xfffffff7]N[0x1][0xffffffd9])[0xffffffde][\n]"
08:05:03.592 [main] DEBUG com.github.dockerjava.zerodep.shaded.org.apache.hc.client5.http.wire -- http-outgoing-2 << "i[0xffffff85][0xffffff85][0x16][0xffffffc9]/[0xfffffff8][0xffffffd1][0xfffffffb][0xffffffe5]![0xfffffffe][0xffffff8e]oi>[0xb][0xfffffffe]F[0xffffffe5][0xfffffff3][0x15][0xffffffb1]A[0x19]QP[0xfffffffa]Q[0xffffffe7][0xfffffffc][0xffffffae]P[0xffffff9f]k[0xffffffc5][0x18]_)[0xffffffe9]rX[0xffffffa9][0xffffffe9][0x18][0xffffffcf][0xffffffcf]S[0x6][0xffffffd2][0x9][0xfffffffd].'[0xffffff8c][0xffffff9a][0x1f][0xffffffbe][0xffffffad][0x16][0xfffffff6]~[0xffffffd9]C[0xffffffd6]5[0xffffffaf][0xffffffc2][0xffffffec]6[\n]"
08:05:03.592 [main] DEBUG com.github.dockerjava.zerodep.shaded.org.apache.hc.client5.http.wire -- http-outgoing-2 << "[0xffffff99][0x11]0[0xe]1Dq[0xfffffffc][0xffffffe8][0xffffffe2]Ta[0xffffffde][0xc]A4z[0x16]}D[0xffffff9a][0xffffffcb][0x7f][0xfffffff0][0xffffffbc]vw[0xfffffff1]q[0xffffffd6]3[0xffffff94][0xffffffa1][0xfffffffa]L6[0x19]D[0xffffffae]G[0xfffffff6]([0xffffff99]`Y[0xffffff82][0xffffffa1]P[0xffffffed][0x17][0xfffffffa][0xffffffaf][0xffffffb1][0xffffff95]V[0xffffffa6][0xffffffa9]S[0xffffffc2][0xffffff86][0xffffffb3]uR[0xffffffbb][0xffffffd8]/[0xffffffb9];B[0x15][0xffffffba][0xffffff92][0xffffffcb]Z[0x1e][0xffffff85][0xffffffbd][0xffffff82][0xffffff97]*[0xfffffff9][0xffffff9c]\[0xffffff93][0xfffffff8][0xffffffe4][0xffffffa2]+[0xffffff96][0xffffffaf][0xffffffca][0xffffffbb][0xffffffa3]>z[0xffffffba]s}[0xffffff97][0xffffffcf]{[0xffffffe2]^[0xffffffc6][0xffffffcd]=[0xffffffd3][0xffffff85][0xffffffe6]Z[0xffffffd7]h5e[0x3][0xffffffeb][0xffffffd3]pm[0xfffffff5][0xffffff9c][0xffffffe1][0xffffffc6][0xfffffffa][0xffffff9a]Us[0xfffffffb][0xffffffe1]x[0xffffffb6]Z[0xfffffffe]&[0x10]dRv[\n]"
08:05:03.592 [main] DEBUG com.github.dockerjava.zerodep.shaded.org.apache.hc.client5.http.wire -- http-outgoing-2 << "d[0xffffffda][0xffffff8f][0x13][0x19][0xffffffa6][0xffffffae]&{{[0x1f]$[0xfffffff9][0xffffff8e][0x8][0xc][0xffffff8e][0xffffffa4][0x1][0x0]Z:*[0xffffffb6][0xffffffdf]ZB[0x4][0xfffffff1]-[0xffffffe5]Q[0xffffffbe][0xffffffe8][0x16][0xffffff96]S[0xffffff8b],[0x13][0xffffffd4][0xffffffce][0xffffffce]yr[0x10]*[0xffffffa5]v[\r]A[0xffffffe6],r[0xffffffcd]*[0xffffffe8]AC[0xffffff8a]:^BX[0x9][0x19]`[0xffffffd0]c[0xffffffd3][0xffffffe9][0xffffff87]W[0xffffffef][0xe]/[0xffffffe1][0x1b][0xffffffa7];[0xffffffca][0x16][0x10][0xffffffdc][0xffffffc7][0xffffffe6][0xfffffff3][0xfffffff7][0x16]T[0xffffffd1][0xffffff88]d[0xffffff9a][\n]"
08:05:03.592 [main] DEBUG com.github.dockerjava.zerodep.shaded.org.apache.hc.client5.http.wire -- http-outgoing-2 << "[0xffffff91]R[0xffffffe5][0x14][0x11][0xffffff88][0xffffffb5]T[0xffffffb1]}3[[0x17][0xffffffed]N[0xffffffe2]G$x[0x19]][0xffffffd2]'S[0xffffffda][0x6][0xffffffab]p[0xfffffffb][0xfffffff1][0xffffffc4][0xffffffd4][0xffffffcd][0xfffffff7][0xffffffe5][0xffffffcc]M[0x10][0xfffffff2]([0xfffffffe][0x3][0x13][0xffffffaf][0xffffffb6][0xffffffa5][0xffffffc8]3[0xffffff9d][0x15][0xfffffffc]}[0xfffffff5][0xffffff8d]1;[0xffffffd7][0xfffffff8]Xf[0xffffffad]M[0xffffffeb][0xffffff84][0xfffffff6][0xffffffb4]YAVNK[0xfffffffb][0xfffffff8][0xffffffde]t[0x1d][0xffffff97][0xffffffa0][0xffffffac][0xffffff9d]0[0x12][0xffffffd8][0xffffffad]&;[0xffffffa2][0x19][0xffffffc2][0xfffffffc]D[0xffffffff][0xffffffcf]][0xffffff9b]&W[0x11][0x9][0xffffffc1]%JF[0xffffffec]3C[0xfffffff9]b[0xffffffe5][0xffffffb7][0xffffffea][0xffffffdd][0x17][0xffffffd4][0xffffff96][0x11][0xe]c[0xffffffd1][0xffffffa6][0xffffff8f][0xffffff9b][0x5]>[0xffffffde][0xffffffda][0xffffffeb][0xffffffd0]g[0x10][0x7][0xffffffc6]k[0xffffffe8][0xffffffa8]f7[0xfffffffa][0xb]d[0xfffffff1]qXDbJ[0xffffff81][0xfffffff8][0xffffffa3][0x17]V[0xffffffe0]]l[0xffffff8d]g*T_Dg[0xffffffdc]#~YZ[0xffffffa8][0xffffffe8]?'[0xffffffec][0xffffffa7][0xffffffa5][0x17][0xffffffbf]C[0xffffffe0]Wux[0xffffff8c][0xfffffff0][0xffffffe4][\n]"
08:05:03.592 [main] DEBUG com.github.dockerjava.zerodep.shaded.org.apache.hc.client5.http.wire -- http-outgoing-2 << "A[0xffffffd9][0xffffffbb][0xffffffce]S[0xffffffa4][0xffffffa5]![0xffffffbd]9t[0xffffffc1][0xffffffa0][0x2]#^[0xffffff8b][0xffffffee]-[0xffffff83]l[0xffffffb7]0[0xffffffb6][0xffffff94]kV[0xfffffff1]3[0x17]v[0xfffffff5]a[0xffffffa4]7d[0xffffffcf][0xffffff9e][0xffffffca]][0xfffffff3]Z[0xffffffb5][0xffffff81][0xffffffee][0xffffffc8][0x1e]=[0xffffff98][0xffffffa3]8[0xfffffff6][0x16][0xffffffc7][0xffffff9e][0xffffff86][0xffffffe2][0xffffffb9][0xffffffc7][0xffffffb0]6[0xfffffff0]}i[0xffffffea]}[0xffffffe1]?[0xffffffb1][0xffffffe9][0xffffffa9]c[0xffffffba][0xffffff9b]o;[0xffffffc1]q[0xffffffd7]G@[0xffffffb9][0xffffff80]0{>n[0xffffffeb][0xf]e[0xffffffc0][0xfffffffa][0xfffffff0][0xffffffff]#[0xffffffe4][0xffffff9d][0xffffff83]#[0xffffff8d][0xffffffb6][0xffffffc5][0xffffffed]7[0xffffff9e][0xffffffd8][0xffffffb6]m[0xffffffdb][0xffffffc6][0xffffffc4][0xffffffb6]mMl[0xffffffdb][0xffffffb6]=[0xffffffb1]9[0xffffffd1][0xffffffc4][0xffffffb6][0xffffff9d]L0[0xfffffff1][0xffffff84]_[0xffffff9d]{[0xffffffce][0xffffffbd][0xffffffdf][0xffffff9c][[0xffffffbf]:[0xffffffb7][0xffffffab][0xffffffff][0xffffffd8]][0xffffffd5][0xffffffbd][0xfffffff6][0xffffffda]kW[0xfffffff5][[0xffffffb5][0xffffff9e]g[0xffffffef]U#[0xffffffb0][0xffffff8a]qQo[0xffffff8f][0xffffffdc]Fo[0xffffffe8][0xffffffc6][0xffffffdf][0xffffffb7][0xffffffaf]{[0xffffff94][0xffffffea][0xffffffb7]n[0xffffffcb]8[0xffffffb6]{fZg*[0xffffffc7][0xffffffb1][0x15]u[0x1a][0x16][0x6][0xffffffaa][0x1b][0xffffffc7][0xffffffdb][0xfffffff3][0xffffffb9][0xffffffc2] FGZ[0xffffffbd][0x16][0xffffffcc][0xffffffb5]\[0xffffff8c][0x14][0xffffffa7];[0xffffffeb][0x1f][0xffffffca][\r][0xffffffcd]N[0xfffffff3]t[0xffffff9f][0xffffffe8]>[0xfffffffb][0xffffffca]j[0xffffff8d][0xffffff8c][0xffffffe9]:[0xffffffda][0xffffffce]6[0xffffffab][0xffffffc8]=[0xfffffff6][0xffffffef][0xfffffff7]j[0xffffffca][0xffffff89][0xffffffe2][0xffffffdd][0xffffffab][0xffffffc6][0xfffffffb][0xffffffd7]&[0xffffffe6]T[0xffffffd5][0xffffffca]l[0xffffff97][0xffffffaa][\n]"
08:05:03.592 [main] DEBUG com.github.dockerjava.zerodep.shaded.org.apache.hc.client5.http.wire -- http-outgoing-2 << "[0xffffffda][0xffffff91]L[0xffffffba][0xfffffffc][0xffffffe8][0xffffff9e]O[0xffffffc3][0xffffffda][0xffffffa6][0xffffffae][0x1a].[0xffffffcb]n>Z$[0x19][0xffffffd6]s[0xffffffde]sX'i[0xfffffffb][0xffffffcd][0xffffff8f]V[0xfffffff3][0x9][0xffffff99];[0xffffffd3]8R<[0xffffff86][0xffffff97][0x1b][0xffffffd8][0x13][0xffffffd7][0xffffffe1][0xffffffcb]~[0xffffffdb][0x4][0xffffffdf]c[0xffffffbf][0xffffff89] [0xfffffff6]z[0x1c][0xffffffa2]|[0xffffffbf]r[\n]"
08:05:03.593 [main] DEBUG com.github.dockerjava.zerodep.shaded.org.apache.hc.client5.http.wire -- http-outgoing-2 << ")[0x15][0xffffffb6][0xffffffa1]j6[0xe]>kh_[0xffffff8f][0xffffffe0][0x18]Yqt[0xffffffd7]y[0xffffffd8][0xb][0xffffffb6][0x18][0x15][0xffffffdb][0xffffffdb][0xffffffa5][0xc][0xffffff82]b[0xffffffaa][0xffffffc3][0xc]@QK[\r][0xfffffffc][0xfffffff4]L[0xfffffff7][0xffffff82]G|[0xfffffff0][0xffffff9c]x@[0xffffff9c]N[0xffffffb6]p[0xffffffb1][0xffffffad][\r][0xffffffc7][0xffffff8f][0xffffffc5]V[\n]"
08:05:03.593 [main] DEBUG com.github.dockerjava.zerodep.shaded.org.apache.hc.client5.http.wire -- http-outgoing-2 << "[0x1e][0xffffffcd]%j[0xffffff9b][0xffffffea][0xffffffb7][0xffffffd9][0xffffffd7][0xe][0xffffffd1]%V[0x19][0xffffffce][0xffffffba][0xffffffb9]r[0xffffffd0][0xffffffca]IT[0xffffffab]%[0xfffffff7][0xffffffab]aL_[0xffffffdf]6"[0xfffffffe]RGs[0xffffff99][0xffffff9b][0xffffffd5]r#>s[0xfffffff6][0xffffffed][0xffffffe6][0xffffffa1][0xffffff96][0xffffff84][0xffffffe2][0xfffffff2][0x9]^[0xffffff82][0xfffffff5]3V[0xfffffff1]'[0xffffff9b]X[0xffffffc0][0xe]KW[0xffffffa6]*[0xffffffcd]%[0xffffffd7]:9\5:[0xffffffb9][0x7f]V^[0xffffffa3][0xffffff8a]([0x1b][0xffffffe5][0x5][0xffffffaf][0xffffffcf][0xffffffc8][0xffffffe8]][0xffffffab][0xf]A[0xffffffaf][0x16]v[0xffffff90][0xffffff8f]M[0xffffffad][0xfffffff4][0xffffffb3][0xfffffffe]K[0xffffffd9].hk[0x7f][0xffffff95]![0xffffffa1][0xfffffff7][0xffffffc2][0xffffffdb]U[\n]"
08:05:03.593 [main] DEBUG com.github.dockerjava.zerodep.shaded.org.apache.hc.client5.http.wire -- http-outgoing-2 << "i[0xb]8d[0xc]RGf[0xffffffd9][0xffffffe5][0x10][0xffffff96]^L[0xffffffe5][0xffffffd4]Om[0xffffff87][0x1b][0xffffff92]O[0xffffff91][0x13][0x1c]o[\n]"
08:05:03.593 [main] DEBUG com.github.dockerjava.zerodep.shaded.org.apache.hc.client5.http.wire -- http-outgoing-2 << "[0xffffff8f]p[0xffffffce][0x8]n[0xffffff86]&[0xffffffae][0xffffffc7]M&[0xffffffef]?[0xffffffe0]c[0xffffff9f]R[0xf][0xfffffff9]aG[0xffffff85][0xffffffbb][0xffffff89][0xffffffd9][0xfffffff0][0xffffffc9]-Ra[0x19]F[0xffffffec][0xffffffec][0xffffffe8][0xffffffd1]'[0xfffffff4][0xffffffdd]R.f[0xffffffeb][0xffffffb4][0xffffffeb][0xffffffd4][0xfffffff3][0xffffffc2][0xf][0xffffff92][0xffffff8c][0xffffffcb][0x14]Z[0xffffffec][0xffffff9f]K?[0x9][0xfffffff8]]a/[0xffffffe4][0x1f][0xffffffd9][0xffffff85][0xffffffe0][0x2]z[0xffffff8a][0xffffffaf]o[0x19][0xffffffe4][0xffffffdb]^K[0xffffffee][0xffffffc2][0x7f][0xfffffff1]KyQB`G[0x1e]#5[0x14]?[0xffffffd5]<qN,[0xffffff9f]+[0xffffffe4][0xffffffed][0xffffffed][0xffffffa5][0xffffffb0][0xffffff81][0xfffffff1][0xffffffe8][0xffffff81][0xffffff9a][0x6]*Aj[0xffffffdf][0xffffffe3][0xfffffffd][0x8][0xffffffdd][\r][0xffffffd9][0xffffffb2][0xffffff86][0xffffff8e][0xffffffcc][0xffffff8a][0x0]y[0x14]7[0x10]xCK[0xffffffff][0xffffffd8]f[0x2][0xffffffbf][0xfffffff4]f;[0x1a]bq[0xffffffa9][0xfffffffa] [0xffffff9e][0xffffff95]j[0xffffffcc][0xffffff9b][0xffffff8a][0xfffffff7][0xffffffe6][0xfffffffc]t[0xffffffa6]X[0xffffffdc][0xffffffe1][=[0xffffff8f][0xffffffac][0xffffff9b][0xffffffb3][0x11]r[0xffffffab]Aj7[0x15][0xffffff92][0xffffffec][0xffffff86][0xffffffe8]&-[0xffffffca]_[0xffffff90][0xffffffba][0xffffff8f]k[0x15][0xffffffee][0xffffff99]:5[0xffffffa4][0x9][0xffffff96][0xffffffa3]Q&[0x1a][0xffffffe4]F3`e[0xfffffff2][0xffffffb4][0xffffffde][0xffffffcb][0xffffffd2][0x10][0x1a]a[0x14]!$[0xffffffce][0xffffffc1]N[0xffffffdc][0xffffffe1]WY[0xffffffcb][0xffffffa7]'[0xffffff8e]W[0xffffffe7][0xffffff9a][0xffffffa6][0xffffffbf][0xffffffff][0xffffff96][0xe][0xffffff97][0xffffffa5]:(}[0xffffffc0][0xffffffe7][0xffffffaf][0xffffffda][0xffffffe2]-[0x19][0xfffffff3][0xfffffff8]YM[0xffffffe0][0xffffffcb]S[0xffffff91]h[0xffffff81][0xffffffc2][0xffffffef][0xffffffdc][0xffffffc7](Na.X[0x11][0x1d][0xfffffff7]p[0xffffff90]D[0x1f]5[0xffffffad][0xffffff99][0xffffffb2][0xffffffb9][0xffffffe4][0xffffffaa][0xffffffbe][0xffffff86][0xffffffe4][\r][0xffffff91][0xffffffee][0xffffff97][0xffffffd3][0x15][0xffffffe7]3[0xffffff82]:[0xfffffff5][0xffffffd3][0xffffff88][0x1]i[0xffffff8a][0xffffffef][0xffffffe3]0[0x9]t[0x12][0xffffff83]6ftA[0xffffff8a]xK[0xffffffa3]|[0xfffffff0][0xffffffe6][0x7][0xffffff9f]h[0x18]mh8[0xffffffab]p[0xffffffb6][0xffffffda][0xffffffc3][0xffffff84][0xffffffe4][0xffffffd7][0xffffff8d]p[0xffffffc2]Y[0xffffff82]D[0xffffffc7][0xffffffc8][0xffffffa2]_[0xffffffd3][0xffffffd8][0xffffff93][0xb]Wk[0xffffffdd][0xe]8[0x1f]gr[0xf][0xffffffaa][0xffffffd2][0xffffffe0]x8[0xffffffa8][0x3][0xffffffe4][0xffffffce][0xffffffe4]kxHGU[0xffffffef]N[0xffffffbf][0xffffff82]D[0x12]M[0xffffffb7][0xffffffd9][0xffffff82][0xffffffe0]7[0x19][0xffffffc5]rV[0xfffffffd][\r][0xffffffe9][0xfffffffa][0xfffffff1]obAo[0xffffffeb][0xffffffd4]d[0xc]|=[0xffffffcf][0xffffffa5][0xffffffdf]'[0xffffffda]cZEM[0x4],[0xffffffc2][0xffffffc5][0xffffffb9][0xffffffad][0xffffffc3]~[0xffffffbb][0xffffffe2][0xfffffff5][0x6]<z%[0xe][0xffffffc2][0xffffffe0][0xffffff91][0xffffffec][0xffffffe0][0xffffffa8]X[0xfffffff1][0xffffffbc]P([0xffffffe4]+[0xffffffea][0xffffffae][0xffffffe8][0x18][0xc][0xffffffe6][0xffffffda][0xffffffd7]\[0xffffffef][0xffffff82][0xffffff89]a[0xffffffa9][0xfffffffe][0xffffffbe]P[0xffffffd3])M[0xe][0xffffff81]r[0xfffffffd][0xffffff8d][0xffffffa2][0xffffffcc]\[0x7][0xffffffba][0xffffff93][0xfffffff1]J[0xffffffa2][0xffffffda][0xffffffeb][0x7][0xffffffdc][0xffffffe3][0x14]qi[0xffffffc1][0xffffffdd][0xfffffff5]_4V[0xffffffc2][0xffffffb0][0xffffff99]&}[0xffffffc1][0xffffffa9][0xffffffa6][0xffffff8c]t[0x12][0xffffff89]|[0xffffffd1][0xffffffd3]X[0xffffffe3][0xffffffcb][0xffffff8e][0xfffffffc][0xffffffbc]f[0xffffffe9][0xf][0xffffffc5][0xf][0xffffffa2]I[0xfffffff2]--z[0x1b][0xffffffb6]P[0xfffffff2][0xffffffa5][0xffffffba]3[0x12][0xffffffe8][0xffffffbc]}[0xffffffeb][0xffffff86]_1[0xffffffb5]m[0xffffffcb][0xffffffc4]@=[0x1a][0x1b][0xffffffa1][0xffffff86][0x3]1[0xffffff97]`;[0xffffff99][0xffffffe4][0xffffff95][0xfffffff5][0xffffffc7]e[0xffffff92][0xffffffe4]R2[0xffffffbb]v[0xffffffe6][0xfffffff7][0xffffffff]]$aj[0x1d][0xe][0xffffffc7]o[0xffffffab]wH[0x18]<[0xffffffa0]w[0xffffffcc][0xffffffb9][0xffffffac][0xffffffe9]l@M[0xffffffae][0xffffffc6][0xffffff8f][0xffffffff][0xfffffff0]"[0xfffffff5][0xffffff85][0xffffffc5][0x8][0xffffff85]2[0xffffffd7]_[0xffffffa5][0xfffffffd][0xffffffa2][0xffffff82][0xffffffdc][0xffffffa6][0xfffffff5][0xffffffa1]@[0xffffffa9][0xffffffdb]'V[0xfffffff8]X[0xffffffe7][0xffffffa7]=[0xffffffbd][0xffffffac][0xffffff94][0xffffffd8]S[0x1a]:[0x5]:[0xffffffe1]t[0xffffff8a][0xffffff9c][0x5][0x1b]*T[0xffffffb8]]Ue[0xfffffffe]2[0xffffff96][0xffffff90][0xffffffcf][0xffffffa9][0xfffffff4]c[0xffffff85]K;[0xffffffdc]sP[0x12][0x11][0xffffffb7][0xfffffff2] [0xffffffb7][0x19][0xffffffa2][0xffffffc7]"[0x9][0xffffffc3][0xffffff9f]6e[0xffffff8f][0xffffffe3]`j[0xffffffb0][0xffffff88]J68[0xffffffcf][0x2]1[0xffffffca]<[0xffffffd0]p[0xffffffeb][0xffffffdb]T[0xffffff8f][0xffffff9d]7"[0xffffff99]Z[0xffffffb0][0x1d][0xffffffd4]?t[0xffffff81]a[0x1b][0x18][0xffffff81][0xffffff9a][0xffffffa7][0x3][0xffffff9c][0xffffffb3][0xffffffcc]3b%[0xffffff8e][0xfffffff5]$[0xb]c[0xffffffd8][0xffffffe0][0xffffffdb][0x13][0x7f][0x1c][0xffffffb9][0xffffffe8][0xffffffe2]-[0x1]*[0x2][0xffffffd3]0[0xffffff99][0xffffffdc]o[0xffffffea][0xffffffca]c&[0xffffffc1][0xffffff88][0xffffffad][0xffffffd6][0x15][0xffffff82]*>[\r]|[0xffffffd3][0x4]Mv[0xffffffef]h6p`[0xffffffe6]u[0xffffff95]zZ[0xffffffb7]^[0xfffffff6]`$[0xffffffc7],[0x19][0xffffff84]([0xffffff88][0xffffffad][0xffffff9b][0x19][0xfffffffd][0xffffffce][0xffffffa9]`&[0x12][0xffffffd7]L[0xfffffff7]u[0xffffffa0]N[0xffffffb0];'"[0xffffffc0][0xfffffffe][0xffffffc8]:[0xffffffa9][0xffffff89][:[0xffffffd7][0xffffffcc]O[0xfffffff3]n<[0x10][0xffffffe1][0xffffffb6][0xffffffaf][0xfffffff2]+[0xffffffd2]`[0xf][0x1b]*[0xfffffffd][0xffffffb6][0xffffffd8]60p[0x9])[0xffffffee][0x5][0xffffffc1]}v[0xffffffd2][0xffffff82]S[0xb]K[0xffffffc4],[0xfffffffb]![0x9][0xffffffb5][0xffffff83][0xffffffcb][0x7][0xffffffd5][0xffffffed][0xffffffc9]|[0xffffffc6][0x19][0xffffffb0]f[0xffffffe6][0x15][0xffffffdf]:[0x10][0xffffffdc][0xffffff96]A[0xffffffa0][0xc][0xffffffa3][0xffffffdc][0xfffffff8]5[0xffffffd7],[0xffffffab][0xffffffce]RD[0xffffff82]b_[0xb][0xfffffff9][0xffffff84][0xffffffb8][0xffffffd2][0xffffffdb][0xffffffec][0xffffffa6][0xffffffad][0x5][0xffffffb0][0xffffff8b]f[0xfffffff8][0xffffff88][0xffffffef][0xffffffa3]L[0xfffffff3][0x8]n[0xe][0xffffffe5]H[0xffffffa5][0xffffffa1]2[0x1b]$g[0xffffffde][0x1])[0xffffffcd]l[0x19][0xffffffcc]&q[0xffffffaf][0xffffff82][0xffffffce][0xffffff83][0xffffff86])[0xffffffa1]*[0xffffff9e][0xffffffa3][0xffffffb8]j[0xffffff89]`[0xffffffc8]r[0xffffff95][0xffffffaf][0xffffffa7]]\[0xffffff96][0xffffff82][0xfffffffc][0x1]7[0xffffffaf][0xffffff83][0xffffff83][0xffffffc1]/lvM+R[0xffffffae][0xffffffc8][0x10]8[0x1d]f[0xffffffb9][0xffffffbf].[0x1c][0xffffffd6][0xffffff8e][0xfffffffa]+[0xffffffca][0xffffffc7][0xffffff95]=S[0xfffffffc][0xffffffe3]*[0xffffff84]QB[0x10][0xffffffd7][0xffffffa1][0xffffffba][0xffffff95]T[0xfffffff3][0xffffffe5]T[0xffffffbf][0xffffff95][0xffffff8f][0xffffffa4]ia_pll/[0xffffff91][0xfffffff4][0xffffffee][0xffffffd8][0xffffffd9][0xf][0xffffffd6][0xfffffffb]s[0xffffffd0][0xffffffc3][0xffffffc2][0xffffffff][0xffffffc8][0xffffffb7][0xfffffff8][0xffffffcc][0xffffffd3][0xffffffd6]<Yndh[0x1a]Ys[0xffffffd9][0xffffffe8][0xffffffa0]Ur>[0xffffffb7]G7[0xffffffff][0xffffffe4][0x13][0xffffffe9][0xffffff82][0xffffffa7]N[0xffffffed][0xffffffa3][0xffffffc7]d[0xffffffa8]N[0xffffff98][0xffffff92]h[0xffffff9d][0xffffffa0]{&[0xffffffa8]G[0xffffffdc][0x19][0xffffffd0][0xffffffc9][0xffffffef][0xffffffaa]a[0xffffffcf]A4[0xffffffd6][0xfffffff2][0xfffffff3]XsN+L[0xffffff85][0x14][0xffffffd3][0xffffff99][0x1a][0x1c][0xffffff9b][0xfffffffd],[0xffffffac]~[0xffffff97][0xffffff82][0xfffffff5]j[0xffffff97][0xffffffd2]&[0xffffffd6] [0x19][0x9][0xffffff87][0xffffffdd][0xffffffb0]>[0xffffffb2][0xffffffbb]=[0xffffffa4][0xfffffff1]m[0x2][0xb]q[0xffffffcb][0xffffffe4][0xffffffab][0xfffffff8]q8[0xffffffdf]k^[0xffffff8a][0xffffffc5][0xffffffeb]Cv[0xffffffa8][0xffffffba][0xffffffbd]7[0xffffff91][0xffffffc5]R[0xffffffa0][0xffffffd1]-[0xffffffae]xm[0xffffffac][0xffffffa8]h[0xffffffdd][0xffffffe9][0xffffff8f]Wu[0xffffff82][0xfffffff8][0x12][0x1a][0x0]'[0xffffffab][0xfffffff2][0x19]o[0xffffffbd] t[0xffffffff]J[0xffffffc7][0x4]*tn[0xfffffff9][0xffffffa0][0x9]V67[0xffffffe4][0xffffffd8]OC[0xffffffaa][0xffffffeb][0xffffff90][0xfffffffd]"[0xffffffb2][0xffffff95][0x5][0xffffff9b]K[0xffffff8a][0xffffffba][0xffffffc7][0xffffff9b][0xffffffe4]y:[0xfffffff5][0xffffff8a]]u[0xfffffff6][0xffffffdd][0xffffff92][0xffffff89][0xffffffc4]u[0xffffffc9][0x14][0xffffffac][0xffffff89]Og[0xffffffaf][0xffffffe5][0xffffff96][0xffffffe4][0xffffff8e][0xfffffffd][0xffffffeb][0xffffffc4][0xfffffff1]Hi[0x13]"[0xffffffd9][0xffffffe2][0xffffff9c]Z[0xffffffca][0xffffffe9][0xffffff8f][0x7][0xffffff82]w[0xffffffd9][0xffffffa3][0xffffff8c][0xfffffff2][0x4][0xffffffea][0x1d][0xffffffbf]w[0x2]6[0xffffffb1][0xffffff83][0xffffff8d][0xffffff85][0xffffff82]_][0xfffffff9][0xffffff8f][0xffffff91][0x14][0xffffff85]g[0xffffffd4][0xffffffc4]-P[0xffffffb0]1[0xffffff85]E[0xffffffb3]e[0xffffff91],f[0xffffffde][0xffffffe4][0xe]u[0xffffffbd][0x13][0xffffffb0][0xffffff81]4?U[0xffffffad][0xffffffd1][0xffffff8f][0xffffff81]={1[0x19][0xffffffaa][0xffffffc4][0x9][0xffffffee]]g[0x6][\r][0xffffffc6]D}p[0x1f]^S[0xfffffffe][0xffffff97][0xffffffea]?[0xffffffef][0xffffffd2][0xffffffd4][\n]"
08:05:03.593 [main] DEBUG com.github.dockerjava.zerodep.shaded.org.apache.hc.client5.http.wire -- http-outgoing-2 << "[0xffffffd0][0xffffffae]E".[0xfffffff2]#Ta[0xfffffff6][0x1f][0xffffffe1][0xffffffac]Z3[0xffffffd1][0xffffffe0][0xffffff87][0xffffffdd][0xffffffc9][0xffffffd5][0xffffff82][0xffffff96]T[0x3][0xfffffff6][0xfffffffe][0xfffffffe][0xffffffea]r[0xffffffa5][0xffffffee][0xfffffffc]5[0xffffffb9][0xffffffac][0xffffff9d][0xffffffb4][0xfffffffa][0xffffff8d]O>'[0xffffffc9]1[0xfffffff1][0xffffffb9][0xffffffb6][0xffffffa3][0x5][0xffffffc8]Xb[0xffffffdd][0xffffffd2][0xffffffb9][0xffffffad][0x1][0xffffffb4][0xffffff9e][0xffffffd6]6X[0xffffffe7][0xffffffef]V[0xffffffe6]s[0xffffffec]0[0xffffff9c]O[0xffffffe1][0xffffff84][0xfffffffd][0xffffffa9]I[0xffffffb5][0xffffffec]M[0xffffffca][0x17][0xffffff9e][0xfffffff7][0xf][0xffffff9f][0xffffff98][0x6][0xffffffaf][0xffffffe6][0xffffffaf][0xffffffa8]0[0xffffffa0][0xffffff89][0xffffff81]0[0xffffff8c]6ko[0xffffffe5][0xffffffaa][0xffffffe7][0xffffff8d][0x3]Nj[0xffffffc1][0xffffff98]y[0x2][0xffffffba]Y[0xffffff94])[0xffffffb5]^[0xffffffe8][0xffffffc6][0xffffffdd][0xffffffea][0xffffffd1][0xffffffe2][0xffffffcf][0xffffffee]Bf[0xffffffb5][0xffffff89][0xffffffde][0xfffffff0][0xffffffbf]D[*h_[0x5]~V[0xffffffea][0xffffffcc][0xffffffbc]T[0xffffffd0][0x1f]`[0x7][0xffffffa9][0xffffffc3][0xffffff92]U[0xffffffea][0xffffff8d][0xfffffffb][0x10]Z4[0xffffffb4][0xffffffaa][0xffffff9d]1K0[0xffffff83]U[0xffffffb9][0x4][0xffffff9c][0xffffffb1][0xffffff94][0xffffffc5][0xffffffbf]n[0x11].`[0xffffffec][0xffffffc4].[0xfffffff8]w[0xffffff87][0xffffffd4][0x13][0xffffffa8][0xffffffed][0xffffffee][0xffffffd2]`.[0xffffffa2][0xffffffb2][0xffffff88]1F^U[0xffffffbe][0xffffffbb]e%[0xffffffb4][0xffffffa6]S[0xffffffb8][0xffffffff]D[0xffffffb9][0xffffffd4][0xffffffaa][0xffffffd7]G[0xffffff88][0xfffffff2][0xffffff94][0xffffffb0]R[0xffffff8f]iLX[0xffffffd6]7J[0x18][0xffffffcd][0x10]gwL[0xffffffe1][0xfffffff5]d[0xffffffa1][0xffffffa3]wU[0x14][0xfffffff5][0xffffffa2][0x1e]-[0xffffffa2].J[0xffffffe9][0xffffffdf][0xffffffcc][0xfffffffc][0xffffffd8]/[0xffffffd6][0xffffff8f][0xffffffe3][0xffffffc0][0xffffffba]_[0xffffffdb][0xffffffa6][0xfffffff3]J[0x1e][0xffffff80][0xffffff85][0xffffff9a][0xfffffffd][0xffffffb1][0xffffffc8]=[0xffffff9d][0x13][0xffffff9f][0xffffffe4]2t[0xffffffd5]:[0x10]{[0xffffffbb][0xffffffe2][0xffffff92][0xffffffa6][0x1d][0xfffffff5]0[0xffffffe0][0xf][0xffffffe3][0xffffffe9][0xffffff86][\r][0xffffff8c]7UaE&[0xffffffb2][0x16][0x5][0xffffffd6][0xffffffc7][\n]"
08:05:03.593 [main] DEBUG com.github.dockerjava.zerodep.shaded.org.apache.hc.client5.http.wire -- http-outgoing-2 << "[0xffffff81][0xffffffa9]xi[0xffffffb4]X[0xffffff86]z[0xffffffd5][0xffffff82]y[0xffffffc6][0xffffffac][0xffffffc3]G[0xffffffdb]W[0xffffffb8][0xffffffe7][0xffffffef][0xffffffd2]@[0x10][0xffffff89]."[0xffffffaa]H7e[0xffffffd3][0x9]}[0x7f]^cm[0xffffff9b][0xffffffed][0xfffffff9][0xfffffff9][0xffffff9c]G[0xffffff93]C[0xffffff96][0xffffffaa]h3[0xffffff9d][0xffffff8c][0x2]i[0xffffffdc]r[0x12]^[0x3]mru[0xffffffbf]yQ)[0xffffffa4]|[0xffffff96][0x15][0xffffffa5])[0xffffffda][0xffffff86][0x9]~[0xffffffdc]Z[0xffffff8a][0xffffffc3][0xffffffff]q[0xfffffffc][0xffffffe2][0xffffff8e][0xfffffff0]r[0xfffffffb][[0xffffff86][0xe][0xfffffffe][0xffffffb3]vW[0xffffffa3]^[0xffffffad]kY[0xfffffff8]1[0xffffff90][0xffffffa5][0xfffffffc]$=S\[0xffffffbf]J[0xffffff9d][0xfffffff9][0x15]~[0xffffffc5]}[0x15][0xffffffa2]AP|[0xffffffec][0xffffffa0]Yu[0xffffff8e][0x1e]AZ[0xffffffb9]][0xffffff9f][0xffffffe6]V[0xffffff9b][0xfffffff0];S[0xffffffb9][0xffffff9e][0xffffffb5][0xffffffbb]Va[0xffffffaf]U7[0xffffffed][0xffffffba][0xffffffff][0xffffffcd][0xffffffbc]m[0xffffffaf][0xffffff9c]8[0xffffff9d][0xffffffef][0x12]f[0xfffffff4][0xffffff90][0xffffffcf][0xffffffb1][0xffffff95][0xffffff87]%[0x1e]g7[0xffffffaa][0xffffffb0][0xffffff8b][0xffffffed][0xffffffb6][0xfffffffb][0xffffffb7][0xffffffa4][0xffffffcc][0xfffffffc][0xffffffc8]v[0xffffff96][0xffffffee]vx[0xffffffd3][0xffffffb9][0xffffffad][0xfffffffd][0xfffffff9]|[0xffffff8d][0xffffffcb][0xffffffd7]KK[0xffffffd3]s[0xffffff9e][0xffffffc1][0xffffffd2],+[0xffffffa3][0xfffffff9]a|[0xffffffec]*<[0xffffffff],;[0xffffffeb]|[0x7][0xf][0xffffffda])[0x19]f[0xffffff9e][0xffffffe8]J[0xffffffde][0xffffffcc][0x1f][0xffffff8b]4~[0xffffffe3][0xffffff8a]c[0xffffff90][0x12][0x7]a[0xffffffd4][0xffffff8b]H[0xfffffff7]-[0xffffff95][0xffffffcc]N[0xb]=[0xffffffcc][0xffffffd0][0x15][0xffffffe3][0xffffffdb]#T9&3[0xffffffc5]5[0x7]t[0xffffffe3][0xffffff8b]`w[0xfffffffd]!1X[0xffffffb1][0xfffffff8]9[0xffffff97][0xffffffab]U[0xfffffffa][0xffffff81][0xffffff95][0xffffffe1][0x14][0x15][0xffffffca][0xffffffeb][0xffffffdd][0xffffff88][0xffffffbb][0xffffffef][0xffffffe1]wt"*[0xffffffa3][0xffffffbc]E[0xffffff9c][0x13]O~mRp[0xffffffda]q[0xffffffdb][0xffffffda][0xffffffbf]h[0xffffff97][0xe][0xfffffff2]f[0xffffff9f][0xffffff98];[0xffffffea][0x15]y"[0x1d][0xffffffc1][0xffffffbe][0xffffffcc][0x1a]2[0x1a][0xffffff86][0xffffffbb][0x1a]2[0xffffffba][0xffffffc0][0x5]O[0xffffffcf][0xffffffac][0xffffffb5]}[0xffffffb5][0xffffffc1]zr[0xffffffe3]-[0xffffffb5][0xfffffff3]e7[0xffffffcb][0xffffffa5][0xfffffff0][0xffffffe4][0xffffffaf][0xfffffff4][0xffffff91]|Z-+-[0xffffffc3][0xffffff90]"@t[0xffffffe0][0xffffffe0][0xfffffff5][0xffffffc1][0x0][0xffffffff][0xffffffa5][0x4][0xffffffcb]Q@[0xffffffb6][0xffffffe5]1[0xffffffca][0xffffffdd]Z[0xffffff9f]}Kk[0xffffffbb][0xffffffd4]e[0xffffffc5][0x1][0x6]2 [0xffffffed][0xffffff85][0xffffffe4]"[0xffffffdf][0xffffffdf][0xffffffef]([0x1b]2[0xffffffeb][jH[0xffffffb8][0xffffffcb][0xffffff8b])[0xffffffda]![0x1e]E[0x7f][0x2][0xfffffff2][0xffffff9b][0xffffff8b])[0xfffffff8][0xffffffdd][0xffffffc6](|K[0xffffffb1]Z[0xfffffff0][0xffffffba]Q^W[0xffffffa7][0xffffffe6][0x16]^#[0x1b][0xfffffffb]+f[0x18]mw[0xffffffde]f[0xffffffd3]nP[0xffffffc7][0xffffff8d][0xffffff96][0xffffffdc][0xffffffd0][0xffffffa5]o[0xfffffff8][0xffffffd0][0xffffffed][0xffffffd2]l[0xffffffa3]WY[0xffffffa6]:[0xffffffee][0xffffffe3][0x7][0x14]q[0xffffffab]Q[0xffffff9b][0xffffffb8][0xffffffdc][0x8]^[0x16]d[0xffffffcc]\2\[0xfffffffe][0x9][0xffffffab]Wf[0xffffff93][0xfffffff9]T6[0xffffff87][0xffffffed]u[0xffffffda]2Hzy[0x6]K[0xffffffe1][0xffffffc7]K[0xffffff99]&[0x18][0xffffff8e]b[0x0]([0xffffff98]QB[0xffffff9c][0xffffffaa]I[0xfffffff6][0xffffffc2][0xffffffed]y[0x3][0xffffffc8]I[0xffffff87]{[0xffffffe3][0xffffffab]8[0xffffffcc][0x1e][0xffffff97]6[0xfffffff5]7W[0x1b][0xffffffcc][0x12][0xffffffc8][0xffffff9a][0xffffffb4][0x4][0x5][0xe]y[0xfffffff3][0xffffffc0][0x9]*n[0x1f][0xffffffca]t[0xffffffef][0xfffffff0][0xe][0x2][0x1a]o[0xffffffee]Ib[0x9]W[0xffffff89][0xffffff8b][0xfffffff6][0xf][0x11][0xffffffc9][0xffffffb3][0xffffffaa][0xffffff89]I[0xfffffffb]W[0xffffff86]?b[0xffffff96][0xffffffc7][0x1c][0xffffffa3][0x1f]:[0xfffffff6]~)8[0x17]p[0x1e][0xffffffe9][0x3]R[0xffffff96]J[0xffffffa4][0xffffff8e][0xffffffdc]Wy[0xfffffff1][0xffffff94]Jw[0xffffffd5]^b[0x6][0xffffff89]j[0xb][0xffffff8e][0xffffff99]l`[0xffffffb8][0xf][0xfffffff9]ne[0xffffffd4]G[0xfffffff1][0xffffff9d]y[0x8][0xc][0xffffffa7][0x17][0xffffff8f][0xffffffaf][0xffffffd7]c&>[0xffffff89]s[0xffffff93][0xffffff8b][0xffffffad][0xffffffa7]v[0xffffffcc][0xffffffde]&[0xffffffaa][0x12]n[0xffffffa7]_[0xffffffb9][0xffffffba][0xffffff8f][0xffffffb3][0xffffffa9]_2[0xfffffff4][0xffffff9a][0x16][0xffffffe5][0xffffffff][0xffffff85]*7[0xffffff8d][0x16]O4[0xffffffb9][0x9][0xfffffffc][0xffffffa0][0xffffff8f]j\^[0xffffff86][0xffffffbc]U'@[0xffffffb0][0xffffffe0]3o[0xffffffc4][0xffffffce][0xe][0xffffffa5]4[0xb][0xc])[0xffffffe1];6_e[\r]5[0xffffffd9][0xffffffaf][0xffffffe1][0xffffffae][0x2]PR[0xffffff9b][0xfffffff8][0xffffff8f][\n]"
08:05:03.594 [main] DEBUG com.github.dockerjava.zerodep.shaded.org.apache.hc.client5.http.wire -- http-outgoing-2 << "\[0xfffffff1]e'[0xffffffb8][0xffffffce][0x12]Pi[0xffffffdc][0xffffff98]nkz[0xffffffab][0x5][0xb]"[0xfffffffe]P[0xffffffcf]Sj=[0xffffffb4]+[0xffffffa8][0x18]L[0xffffffb4]aL[0xffffffe0]oNa[0x1a]Dd[\r][0x1e][0xffffffb5],[0xffffffd2]~[0xffffff81][0xffffff80][0xffffffa4][0x13][0xffffff93][0xe][0xffffffb2]X[\n]"
08:05:03.594 [main] DEBUG com.github.dockerjava.zerodep.shaded.org.apache.hc.client5.http.wire -- http-outgoing-2 << "[0x17][\r][\n]"
08:05:03.594 [main] DEBUG com.github.dockerjava.zerodep.shaded.org.apache.hc.client5.http.wire -- http-outgoing-2 << "[0xfffffff4]q[0xffffffaf][0xffffff86][0xffffffc3][0xffffff90][0xffffffc0][0xffffffdf][0xffffffd3][0xfffffffb][0x4][0xffffffff][0xffffffe9][0xfffffff5][0xffffffee][0xffffffaa][0xffffffe5]Pd[0xffffffaa][0xffffffa6]?[0xffffffb5][0xffffffa3][0x3][0xffffffc5][0x1e]k?[0xffffffee][0xffffffe2]y[0xc][0xffffff8f][0xffffff89][0xffffffdf][0xfffffff6][\n]"
08:05:03.594 [main] DEBUG com.github.dockerjava.zerodep.shaded.org.apache.hc.client5.http.wire -- http-outgoing-2 << "[0x2]F[0xffffffef][0xffffff92][0xffffffd1]f[0xffffff82]$IZ[0x12]C[0xffffffa8][0xffffff81][0xfffffff9][0xffffff93][0x1c][0xffffffa8][0xffffffaf][0xffffffd4][0xffffffa1][0x3]+[0xfffffff5]ToE[0x10]~M[0x1a][0xffffff8f][0xffffffd8][0xb]@,[0xffffffa0]2[0xffffffb9]3[0xfffffff3][0xffffffde][0xffffffc9][0xffffffa9][0x1a][0xffffffdb]i~>[0x1e]9[0xffffffbd][0xffffffc9][0xffffff95][0xffffff99][0xffffff89][0xffffffd8][0x13][0xffffff98][0xffffffe8][0x9][0xffffffc2][0xffffffe6]q[0xffffff8c]M 7N.<[0xffffffbe][0xfffffff2][0xffffffd1]<j2[0xfffffffb]v[0xffffffd7][0xf][0x0][0xffffffe8]/[0xffffffd0][0x0][0xfffffff0][0x4][0xffffffc0][0xffffffb6][0xffffffff][0xffffffdd][0xffffffd6][0xffffffbe][0xfffffffa][0xffffffa7]((yFuj[0xfffffff2][0xffffffd6][0x16]=[0xffffffd1]8[0xffffffb8][0x14][0xffffff8e]V[0xffffffcb]%[0xb][0xffffff87][0x1f][0xffffff9a][0xffffff9a]][0xffffff8c][0x6][0x9][0xffffffba]4[0xfffffff6]UT[0xb][0xffffffcc]Z[0xfffffff2][0xffffffaa]s[\n]"
08:05:03.594 [main] DEBUG com.github.dockerjava.zerodep.shaded.org.apache.hc.client5.http.wire -- http-outgoing-2 << "[0x1e][0xffffff8a]w[0xffffffad][0x0][0x1e]f[0xffffffe0][0xffffffe5][[0xffffff8d]T+[0x12]-![0xffffffbc]A[0x11][\n]"
08:05:03.594 [main] DEBUG com.github.dockerjava.zerodep.shaded.org.apache.hc.client5.http.wire -- http-outgoing-2 << "[0xffffffd0]A[0xffffffe9][0xffffff9b]g6t[0xffffffba][0x0][0xfffffff5]g[0x1b][0xc]u6[0xffffffcf][0xffffff9d]/w[0xffffffbe]<[0xffffffa8]`[0xffffff8f]y[0xffffffe4][0xfffffff1][0x10]![0x3][0xffffffb4]F*vp6[0xffffffbe][0xffffff93]2[I[0xffffffb7]I~[0xffffffbc][0x6]b%[0x1e][0xffffffa4]|z[0xffffffa7][0xffffffa1][0xffffffc4][0xffffff9a]5[0xffffffc6][0xffffffe1][0xfffffff0]x[0xfffffffa][0xffffffb8][0xffffffbd][0xffffffba][0x1][0xffffff80]O[0xffffffc0][0xffffff98][0xffffff87][0xffffffd3][0xffffffa5][0xffffffe7]{3[0xffffffc1]n{[0xfffffff6]`[0xffffffc9]7iI[0x9][0xe][0xfffffffe]p.<[0x16]U[0xffffffb9]/~[0x19][0xffffffe1]K[0x19]Mf[0xffffffc6]W8j[0xffffff91])[0xffffff80]\W[0xffffffb7][0xfffffffa][0xffffffdc][0xfffffff5][0xfffffffd]M[0xffffffe9][0xffffff87]f[0xfffffffb];bt[0xffffff9e][0xffffffa3]~+[0xfffffff6][0xffffffd4]Wm[0xffffffc8]-[0x7][0xffffffdf]v[0x7f]h$Bf[0xffffffe2][0xffffffbd][0xffffffc1]0q[0xffffffc8]$[0x10][0xe][0xffffffdf]7[0xffffff9f]QP[0xfffffff0][0xffffffab][0xffffff81][0xffffff81][0xffffff81][0xffffff83][0xffffff83][0xffffffff]?^T[0xffffffa0][0xffffff84][0xffffffb0][0xffffffe7][0xffffffb5][0xffffff81][0x0][0x0][0x2][\n]"
08:05:03.594 [main] DEBUG com.github.dockerjava.zerodep.shaded.org.apache.hc.client5.http.wire -- http-outgoing-2 << "[\r][0xffffff80]P[0x3][0xffffffb0][0xffffffeb][0x7f][0xffffffb5][0xffffffe4]A[0xffffff88]@[0xfffffff2][0xffffffff][0xffffffb8]J[0xfffffffa]_[0xffffff98]L[0xf]R[0xffffff82][0xffffffb3][0xffffff84][0xffffff9b][0x1f][0xffffffc9][0xffffffdd][0xffffffe7]ia[0xffffff98]z[0xffffff93][0xffffffea][0xffffff99][0xffffffad]n)V[0xffffffa1]/T[0x17][0xffffff93][0xe][0xffffff85][0xffffffa6][0xffffff8a][0xffffffc7]9[0xffffffcd][0xffffff8c][0xfffffffd][0xffffffea][0xffffffeb][0xffffffd6][0xfffffffb][0xffffff91];1[0xffffffcd][0xffffffe9][0x19]g[0xfffffff6]Tf[0xffffff97]c[0xffffffce]m[0xffffffe3][0xfffffff2][0xffffffe1]%~.[0xffffffe4][0xffffffa7][0x16]y/[0x8]_[0xffffffd5][0xffffffb5]8[0xffffffd6][[0xf][0xffffff94]=[0xffffffde]$[0x1d][0xfffffff9][0xffffffe1][0xffffffdd]_[0xfffffff3][0xfffffff6]8[0xffffffb1][0x12][0xffffffa7][0x17]0[0xffffff9d]N[0xffffffbb][0xffffffbe][0x18]$[0xfffffff8][0xfffffff9][\r][0xffffffbf][0xfffffff4]V]x( [0x1e]f}:[0xffffffc2][0xffffff80][0xfffffffa][0xffffffac]N[0xffffff82]{c[0xb][0xffffff9a][0xfffffffb][0xffffffdc]r[0xfffffff0]S[0xfffffff6]b[0xffffff99][0xffffff99][0xffffff95]2[0x19][0xffffffdc][0x19]"5y[0x5][0xffffffa5][0xffffff88][0xfffffff7][0xffffffce][0xffffffad]W[0xffffff84][0x1f][0xffffffbd][0xffffff96]|J[0x16][0xffffffd3][0xfffffff8]M[0xffffffa4][0x9][0xfffffffb][0xffffffa0][0x3]i[0xffffffc4][0xffffffda]W|1[0xffffffc3]sS[0xffffff93][0xffffff9b][0xffffffc2]o[0xffffffe8][0x8]*[0x19][0xffffffc2]o[0xffffffac]O`5[0xffffffbe][0xffffffd9][0xfffffff7][0xffffff99][0xffffffd2]_[0xffffff8f][0xffffffbe][0xffffff84][0xfffffffd]j*[0xfffffff1][0x1a][0xffffffb8]+[0xffffffd7][0x10]([0x15][0xffffff8a][0xfffffff6][0xffffffc2]w}[0x6]7[0xffffff9c]<P[0xffffff9c]B[0xe][0x1d][0xfffffff4]c[0xffffff9f][0xf][0x14][0xfffffff4]A][0x14] [0xffffffb8][0xffffffcf][0xffffffba]?W[0xffffffd1][0xffffff87][0x1d]n"[0xffffff8d][0xffffffec]E[0xffffff84]0f[0xffffffaf][0xffffffdc][0xffffffaa][0xffffffa8][0xfffffff8][0xffffffbf][0xffffffd8][0x1][0xffffff9c]&[0x0][0xffffff80][0xffffffb0]A[0x3][0xffffff80]?[0x0][0xfffffffb][0xfffffffa]7[0xffffff81]p[0x7][0xffffffc9][0x7f][0xffffffb5][0xffffff96][0xfffffff4][0xffffffef]wf[0xffffff97][0xffffffcc]3[0xffffffed][0xffffffe1][0xffffffa8][0xf]v[0xffffffa1][0xffffffa8][0xfffffff0]U[0xffffffb8]>[0xffffff98]W[0xffffffdb]O[0x1b][0xffffffc8]R[0x13][0xffffffe3]A[0xffffffe1]F[0xc][0xffffffc8]<[0xffffffcd][0xffffffac]!E[0x12][0xffffff98][0xffffffa8]5[0xffffffe9]{/[0xb][0xffffff9a][0xffffffab][0xffffffcc][0xffffff99][0xffffffa4])/[0xffffffab]Q[0xffffff9e][0x6][0xffffffb3]a[0xffffffdd][0xfffffffa]'F[0xffffff81]h[0xffffffe9][0xffffffd5][0xffffffce]C[0xffffff82]4[0xffffffed]f[0xffffffb1][0x10][0x19][0xffffffc3]7[0xffffffd8]c[0xffffffee][0x3][0xffffff88][0xffffffc0][0xffffff81][0x0]$P@[0xffffffe8][0xb][0xffffffc8][0xffffffbf][\r][0xffffffc9][0xffffffdf][0xffffffc7][0xffffffb0][0xffffff98][0xffffff95][0x0][0x0][0xffffff88][0xffffff82][0x6]@,[0x1]8[0xffffffbc][0xffffffbf]H[0x6][0xffffff88][0xffffffc1][0xffffffff][0xffffffb8][0xffffff9d][0xffffffd0][0xfffffffe][0x19][0xfffffffd]"([0xffffffd5]_[0xffffffc2][0xffffffae][0xffffffd3][0xffffffb6]I[0x7f]A[0xffffff82][0x17][0xffffffdb][0xffffffe2]@[0xffffffa1][0xffffffc8][0x7f][0xffffff9d][0xfffffff8][0xffffffb6][0xffffffb1][0x7f][0xffffffbd][0x17][0xffffff9c]}[0xffffffbf][0xffffffe3]o[\n]"
08:05:03.594 [main] DEBUG com.github.dockerjava.zerodep.shaded.org.apache.hc.client5.http.wire -- http-outgoing-2 << "[0x1c][0xffffffb7]>[0xffffffab][0xffffffc4][0xffffffbd]d[0x18]>T[0xffffff94][0xffffffd2][0xffffffb1][0xffffffd5][0x2]t[0xffffffb9][0xffffff97]=![0xffffffa4][0xffffffb5][0x4][0xfffffff6][0xffffff89][0x5][l7[\n]"
08:05:03.594 [main] DEBUG com.github.dockerjava.zerodep.shaded.org.apache.hc.client5.http.wire -- http-outgoing-2 << "[0xffffff83][0xffffffa5][0x16]][0xffffffd6]G[0xffffffba]<V[0xffffffc2][0xfffffffc]HF[0xffffffae]Z[0xffffffd2]II[0xffffffba]\[0x1][0x1f][0xffffffc6] S[0xffffffb1]HI[0xfffffff8]0[0xffffff8e][0xffffff92]1[0x1b]Tb[0xffffffde]e[0x1e][0x1c]A[0xffffffeb][0xffffffed]5[0xffffff9d][0xfffffff2][0x1c][0xffffffdd]}@,/_~Mv8.[0xffffffbf][0xffffffc3][0xffffffc9][0xffffffce]5[0xffffffee]~[0xffffffc5][0xfffffff2][0x6]{M[0xffffffe5][0x12][0xffffffde][0x17]Wo[0xffffff99][0xffffffd4]F<[0x12]d[0xffffffda][0x6][0xb][0x1][0x12][0xffffffdd][0xffffffe1][0xffffffc6]q&[0xffffffc9][0xfffffff5]rn!_i[0xffffffe7]N[0x1c][0xffffff88][0xffffffca][0xffffff96][0xffffffaa][0xffffffca]]l3V[0xffffffb6][0xffffffe6]*([0x1d][0xffffff91]0[0xffffffef][0xffffff84][0xffffffe7][0xffffffe6][0xffffff94][0xfffffff0][0xffffffae]ZD[0x1b][0xffffffd3]/[0xc]?[0xffffffee][0x19][0xffffff97][0x4][0xffffff97]D^A[0xffffffa9]q[0xfffffff3][0xfffffffd][0xffffffb5][0xffffffd6]:[0xffffffdd][0xffffff98]v[0xffffffd8][0xffffff90][0x10][0xffffffb4]O{[0xffffff88][0xffffff96][0xfffffffe]m{$[0xffffff97]U5[0xffffffac]S[0xffffff85][0xffffffe0][\r]&g8[0x1b][0xffffffe9]N[0xffffffd0]V[0xffffffa6].b[0xfffffff7][0xffffffba][0xffffffc0]j^[0xffffffee][0x17][0xffffffaf]i[0xffffff96]m[0xffffffdd][0xffffffef]*_[0x1][0xffffffe6]K[0xffffffae]$R[0xffffff91]5JS[0xffffffd7][0xffffffa0]b[\n]"
08:05:03.594 [main] DEBUG com.github.dockerjava.zerodep.shaded.org.apache.hc.client5.http.wire -- http-outgoing-2 << "e[0xffffffba]v[0xfffffff5][0xffffffb7]a[0xffffffd4][0xffffffa3];"8[0xffffffbb]&[0xffffffe3][0x5]tA[0xffffffca]M[0xffffffc5][0xffffffc7][0x17][0x9][0xffffff9a][0xffffff83][0x1b][0xffffffbe][0xffffff84][0xffffffcc][0xffffff84][0xffffffce]:[0xffffff9c][\r][0xffffffde]y[0xfffffffc][0xffffffb9][0xffffffd9]2[0xffffff94][0x11]C[0xffffff8f]3[0xffffffc6][0xfffffffb]89[0xffffffa4][0xffffffaa]&[0xffffff9f]Zph[0x0][0x0]q[0xffffff81][0x6][0x0]k[0x0]N[0xffffffe0]o[0xffffffe6]h[0xfffffff4]O[0x7]V[0xffffffa3][0xffffffc3]`,[0x11][0xffffffd7][0x1c][0x11]a[0xfffffff9][0xffffffbb][0xffffffa4]4B[0xffffffb4][0xffffffd4]u[0xffffffc7]7[0xffffffcb]hTyE[&[0x16]yS=J[0xffffffc2]$[0xffffff85][0x7f][0xffffffe5][0xffffffcb][0xc][0x13][0xffffffb5][0xffffffc4][0xffffffd2][0xffffff8f][0xffffffb5]O[0x13]_[0xffffffff]S[0xfffffff9]^^@[0xffffff94][0x1a][0xffffff9e][0xffffffb8][0xffffff84]-,a[0x1e]GT[0xffffffca][0xffffffea][0xffffffdf][0xffffff86]e[0x1][0xffffff92][0xffffff8d][0xffffffbd][0xffffffbd][0xffffffac][0xffffffda][0x0][0x0][0xffffffb8][0xfffffffd][0xffffff97]B[0x5]g[0xfffffff0]7H[0xffffff93][0x3][0xffffffc9][0xffffffe3]w[0xffffff95][0xfffffff4][0xffffffef][0xffffffdb][0xffffffa3][0xffffff92][0x11][0xf][0xffffffc5][0xffffffb4][0x15][0xffffffa7][0xe]3[0x1a][0xffffff85]p7[0xffffffeb][0xffffff80]+[0xffffffe4][0x12][0xffffff8c]GaD[0xffffffb0]'-%`[0xffffff8d],[0x1c]&,*[0xffffffd3]9tE[0xffffff8b][0xffffffea][0xffffffc6][0x18][0xffffffc7]Z[0xffffffd5][0xffffff8e][0xffffff8d][0xffffffc1]V[0x9]C>~=[0xffffffd2][0xffffffbb][0xffffff9e][0xfffffff6][0xffffff99]I[0xffffffda][0x5][0xffffffef][0xffffffa4][0xffffffbc]Q[0x14][0xffffffeb][0xffffffff][0xffffff97]B[0xffffffa5][0xe][0xffffffc0][0x5][0xfffffffc][\r]'[0xffffffe5]A[0xfffffff2][0x4][0xffffffad]%[0xfffffffd][0xffffffdb][0x1b][0xffffffa6]E[0xffffffa8]As[0xffffffb2][0xffffff8b][0xffffffa5][0xffffffa2][0xffffffc5][0xffffffa6][0xffffffbb]6[0xffffffd8][0x1]a[0xfffffff8]G[0xffffffa9][0xffffffdb][0xffffffe8][0x7f][0xffffffaa]D[0x17][0x1b][0xffffffad][0xffffffff][0xffffffa7][0x5][0xffffffa9]L[0xffffffc1][0xffffffab][0x17][0xffffffb8][0xfffffff5][0xffffff8f]jA[0x3][0xffffff80][0x1d][0x0]W[0xfffffff4]7[0xffffffba]4[0xfffffffd][0x1f]Y[0x16][0xfffffff6][0xffffff93][0xffffff80]5N/[0xffffffe0][0xffffffec][0x1b][0xffffffda]|[0x5][0xffffffe8][0x1a]C[0xffffff80][\n]"
08:05:03.594 [main] DEBUG com.github.dockerjava.zerodep.shaded.org.apache.hc.client5.http.wire -- http-outgoing-2 << "*[0xffffffef]%[0x9]_[0xffffff8a])`[0xffffff9c]i[0xffffff87]Y[0xffffffd5][0xffffff9d]a[0xffffffe4]u[\r][0xffffff97][0xffffff84]s[0x11][0xffffffb5][0xffffffdb][0xffffffe4]q[0xffffffc2]ox[0xfffffffa]j[0xffffffcb])'[0xffffffdf]/[0xffffff9d][0xffffff80][0xffffff93][0xfffffffe][0xffffffbf][0xffffffe9][0xffffffe3][0xffffffbf][0xffffffbd]A[0xfffffff2][0xffffffac]@[0xffffffcc][0x1][0x0][0xfffffff0][0xfffffffc]/[0xffffffdd][0x15]n[0xffffffe8][0xffffffff][0xffffffa1][0xffffffbb]j[0xffffffd4][0xffffff94][0x10]e[0xffffffaa]f[0xffffffe7]d[0xffffff8a][0xffffffd2][0x0][0x7f]Bn[0xffffffd0][0xffffff97]ci[0xffffffa7][0xfffffffb][0xffffff94][0xfffffffe][0xffffff8a]B[0xffffffec][0xffffffc4][0xfffffff1][0x13][0xffffffbe][0xffffffca][0xffffffec]?[0xffffffce][0x3][0xffffff80][0xffffff81][0xffffffe0]Qp[0xfffffffe]Kw[0xffffffe5][0x3][0xffffffe0][0xe][0xffffffff][0xffffffde]-V[0xffffff90]<#WI[0x7f](&3[0x15]96[0xffffffd0][0x8][0xffffffe8]/h[0x5][0xffffffff]1[0x16]8[0x19][0xffffffc8][0x7][0x0][0x0][0xffffff92][0xffffffff]E[0xffffff8c][0xffffffe1]![0xffffffff][0xfffffffe][0xffffffdb]a[0x4][0xffffffc9]3[0xffffffb1][0xffffff96][0xfffffff4][0xffffff87][0xffffffa2][0xffffffe8]h[0x0]$[0xffffffa1][0xffffff94][0xfffffffe]S[0x18][0xffffffb0][0xffffffac]S[0xfffffff5][0xffffff81][0x7f][0x11]c][0x0][0xffffff9e][0x12][0xfffffff8][0xffffffb7][0xfffffff3][0xffffffe3][0xffffffff]-[0xffffffb2][0xffffffc2]~[0x2][0x1a][0x17]0o%[0xffffffe6]i[0xffffffb8]][0xffffff98]r[0xffffffde]t[0xfffffff6][0xffffffda]x[0xffffffaa]4cU[0x15]<[0xffffff96][0xffffffff]'[0xffffffd8][0x6][0xffffffaf][0xffffffea][0xffffff89][0xffffff9c][0xffffffc4]6h\[0xffffffbd][0xffffffdd][0xffffffba]K[0xfffffffb][0x8][0xfffffffc][0xffffffd7][0xfffffff9]qe[0x0]^[0xffffffea][0xffffffef]*K[0xffffffff][0xffffffd3]n[0xffffffd5][0xffffff80][0xffffffb6]1[0xffffffed][0x0][0xffffff9d][0x5]w[\r]fA[0xfffffffb][0xffffffb7]0P[0xffffffbe]o:[0xffffffd6][0xffffff99][0xffffffff][0xffffffd7]dT[0xffffff9d][0xffffffd3][0xffffffff]X[0xffffff8b][0xffffffde]?Kb[0xfffffffd][0xffffffef],>[0xffffffaf][0xffffffd4]U[0xffffffd2][0x1f][0xffffffe6][0xffffff8d][0xffffffc1][0x16][0xffffff80][0x1d][0x5][0xffffff8d][0xfffffff8]Oa[0xfffffff0][0x12] [0xffffffc8][0xffffffff][0xffffff87][0xffffffc5][0xffffffc3]G[0xffffffff][0xffffffaf][0xffffffca][0xffffff96][K[0xfffffffe][0x17]R[0x6]G[0xffffff81]b[0xfffffffd]OQ[0xffffffc0][0xffffffe3]I4[0x2][0xfffffffe][0x19][0x6]'[0x7][0xffffff80][0xffffffaf][0xfffffff9][0xffffffab][0xffffffb2]8[0xffffffc9][0xffffffff][0xffffffe3][0xffffffac]"~R[0xffffffe2]g:k[0xffffffa8][0x1a][0xffffffa2][0xffffffba][0x7f][0xffffffe4][0xffffff8a]b+[0xffffff97][0x19][0xffffffa2][0xffffffb1][0xffffffe7][0xffffff9f][0xfffffff6][0xfffffff0][0xffffff85][\r]E[0xffffffa4][0xffffffbc]~[0xffffff9d]j[0xffffffbf][0xffffff96][0x9][0xffffff9f]`[0xffffffe4][0xffffff8b]$[0xffffffea][0xffffffde]_[0xffffffc8]k[0xffffff84]O[0xffffffcf]j[0xffffffac][0xffffffc0]8[\n]"
08:05:03.594 [main] DEBUG com.github.dockerjava.zerodep.shaded.org.apache.hc.client5.http.wire -- http-outgoing-2 << "&[0xffffffb6][0xfffffff4][0xffffff91]E[0xffffffd1][0x13][0xffffffaf][0xffffffec][[0xffffffa8][0xffffffb5][0xffffffd5][\n]"
08:05:03.594 [main] DEBUG com.github.dockerjava.zerodep.shaded.org.apache.hc.client5.http.wire -- http-outgoing-2 << "[0xffffff93]VVZcj{[0xc][0x11]F[0xffffffa4][0xffffffb2][0x1c][0xffffffd6][0xffffff91][0xffffffb2]/[0xffffffb0]?[0xffffffdc][0xffffff9e][0xffffffe0]5E[0x6][0xfffffff8][0xffffffbd][[0xffffffa0][0xffffffbe][0xfffffff2]|[0xffffff9d][0x7f][0xfffffff8][0xffffff83][0xfffffff2][0xffffff8c][0xfffffff2][0xffffff94] [0xffffffd4][0xffffffa8]kU&Q[0xffffff96]U[0x17]3[0xffffffe8][0xffffffca]^?[0xffffff9d][0xfffffffd][0xffffffad][0x0][0xffffffc3][0xffffffab]6[0x18][0x6][0x19][0xffffffba][0xffffff85]R[0xffffffc8]*0`[0x6]Q-([0xffffffaa][0xffffff92]^7[0xffffffd6]6[0xffffffd4][0xffffffc8][0xffffffd2]Z[0xffffffa6][0xf][0xffffffdc][0x19]73n[0x10][0x1a]>[0x5][0xffffffe5][0x8][0xffffffd3][0xffffffc4][0xffffffdd][0x3][0xffffff8f]7 [0xffffffea][0xffffff95]^[0xffffffee]^up[0xffffffce]F[0xffffffb8]n[0xffffff92]k[0xfffffffd][0xfffffff7]S|[0x6]-O[0x0][0x1b][0xc][0xffffffc7][\n]"
08:05:03.594 [main] DEBUG com.github.dockerjava.zerodep.shaded.org.apache.hc.client5.http.wire -- http-outgoing-2 << "z[0xffffff9c]:[0xffffffb1][0x7][0xffffffcd]"[0xffffffa9]L[0x1]8/[0xfffffffb]p[0xffffff82]4[0x16][0xffffff82][0xffffffe2][0xffffffb7][0xffffff80][\r]2[e[0xffffffcb]{[0xffffffe9]F[0x0]/[\r][0xc][0xffffffc8][0xffffff98][0xffffffc8][0xffffff9b][0xffffffa3][0xffffffab][0xffffffad]J[0xffffff80][0x13][0xffffff98][0xffffffa2][0xe][0xffffffdd][0xffffffce][0xffffff9b][0xffffffd8]Nd`[0xffffffc3][0xffffffee][0xfffffff6]t[0xffffff80][0xffffff9e][0xfffffffe][0xffffffed][0xffffffee][0xffffff9f][0xffffff83][0xffffffeb]:[0xffffffe4][0xffffffba][0xffffffc1]2[0xffffffd9][0xffffff8a][0xffffff9d]u[0xfffffff7])[0xffffffe8][0x1e]k[0xffffffbc][0xffffff93][0x12][0x1a][0x1d]${[0xffffffd0][0xffffffa1][0xffffffb9][0xffffffc6][0xffffffb8][0xffffffa4][0xffffff89][0xffffffbd]~3o[0xffffffe6][0x1][0xffffffc6][0x1d],^[0x7][0xffffffc7][0xffffff85][0xffffffad][0xffffffce][0xffffffbc][0xffffffbf][0xffffffc0][0x6]N6h[0xffffff80]S[0xffffffae][0xffffff87]+[0xffffff8f]e[0xffffffdf][0x16]O[0x6][0xffffffa2][0x17][0xfffffffd]s[0xffffffdc][0xffffffab]"[0xfffffff3][0xf][0xffffffdf]*[0xffffffce]{NO+7[0xffffffa9][0xffffffce][0xffffffd3]O0[0xffffff9e][0x6]6n-}[0xffffffc9][0xffffff80][0xffffffad]>[0xffffffd6][0xffffffd7][0xffffffc5][0xffffff97]3[0xffffffeb]*[0xffffffe6][0xffffffbe]Ctt|[0xffffffd2][0xffffff8f]~/[0xfffffff1][0x1][0xffffff91]MW~=[0xffffff8a]{[0xffffffc3]R[0xfffffffc][0x18][0xffffffc5][[0xffffffc5][0x1d][0xfffffff4][0xe][0xffffff86][0xffffff9e][0xffffffc6][0x6][0xffffffaa][0xfffffff0][0xffffff9b]~4[0x3][0x1c]W[0x4][0x12][0xfffffffe]fc[0x3][0xffffffbc].~[0xffffffa9][0xffffffed][0xfffffffb][0xffffff92][0x0]J"[0xffffffa1]0o[0xffffff9f],H[0x1d][0xffffffa5][0xffffff96][0xffffffba]O[0xffffff98]R[0x3][0xffffff92][0xffffff81][0xffffff98][0xffffffd9]SmS}[0xfffffff3][0xffffff9c][0xffffffbb]K*Y"rO[0xf][0xffffffb2]H[0x2]'[0xffffffea][0x1e][0xffffffec][0xffffffc4][0xffffffbd]%&[0xffffffb8][0xc]jc[0xffffffe6][0xffffffea][0xffffffc5][0xffffffe8]/[0xffffffc2][0xffffff8f]`[0xffffffb0][0xffffffcd]X[0xffffffdc]![0xffffffc4]6[0x0][0xffffffb8]j[0xffffffd3][0xffffffc4][0xffffff94][0xffffff97][0xffffff81][0xffffffc3][0xffffffbb][0xffffffe3][0xffffffb5][0xffffffd6][0x11][0x15][0xffffff92]t[0xffffffd5][0x17][0xfffffffd][0xffffffb0]Z[0xffffffcf][0xffffff84]>P[0xffffffc8]y[0xffffff99]{[0x18]k?[0xffffffa8]"t[0x1c]L[0xffffff87][0xffffffac]Tt[0xffffff91][0xffffffb7][0xffffffbd][0x10]{[0xfffffffd]V[0xffffffb6][0x14]b=?[0xffffffb2][0xffffff92][0x14][0x15][0x11][0xffffffe6]op[0xffffffe3][0xffffff83][0xffffffd1] [0xffffffbe]f]*[0xffffffbb]oI[0xffffffe4][0xffffffe7][0x1c][0xffffff89][0xffffff90]c[0xc][0xffffff95],[0xffffff89][0x6]9[0x1f][0xfffffff8]V[0xffffff8d]2[0xffffffa6][0xffffffd2][0xffffffa9]q[0x8][0xffffffd2]k[0x5][0xffffff8b][0x19]=3-[0xffffffcf]*$[0xffffffb5]Y[0x13][0xffffffb3][0xfffffffc][0xffffffe0][0xffffff96][0xffffff8e][0x5][0xfffffff2][0xffffff98]z[0xffffff81][\r]x[0xffffffe1]~[0xffffffe5]6B[0xffffffb2]Fw[0xffffffc3]'[0xfffffff4]s[0xffffffa6][0xffffff87][0x1]][0xfffffff1][0xffffffc6][0xffffff99][0xffffffc7][0xffffffca]O[0xffffffe9]h[0xffffffc7][0xffffffe0])~5[0xffffffe0][0xffffffc7][0xffffffb0]C[0xffffff84][0xffffffdb][0xffffff83][0x12]v[0xffffff96]]}a!t8[0xffffffbb][0xffffffe8][0x1a].[0xfffffff6][0xffffffef]q[0xffffffd8]>[0xffffffe6]T[0xfffffff2]?bM^E-d![0xffffff9b][0xffffffaf][0xffffffb5]g[0xffffffc5][0xffffffc6][0xffffffcc]z%[0xffffffd6][0xffffff95][0xffffffd1]f5[0xffffff86][0xffffffab][0xffffffe1]m[0x8][0xffffffbb]H[0xffffff84][0xffffff90][0xffffffc8][0xffffffc9]~x!N[0xffffffc1][0xffffff93]9<[0x16])!0hq[0x1d][0xffffffec]r[0xffffffa2][0xffffffcf][0xfffffffb][0xffffffb3][0xc][0x13]/[0xffffffa1]a[0xffffffd4][0xffffff9c]d[0xffffffab][0xffffff97][0xffffff8e][0x9]\[0xfffffff0][0xffffffbd][0xffffff8c][0xffffffcd][0x1e]=?[0xffffffcb])[0xffffffef]f[0xffffff9f][0xffffff87][0xffffffc2][0xffffff90]pg[0xffffffb4][0xffffffef][0xffffff8c][0xffffffa5][0xffffffe9][0x1e][0xffffffa1][0xffffffe2]c[0xffffffd2][0x13]V[0xfffffffc]r[0xffffff94]N[0xfffffffe]-[[0xffffff84][0xffffffdc]0[0xffffffaa][0x6]R[0xffffff87][0xffffff9f]V&[0xffffffb7][0xffffffb2][0xffffffe8][0xffffff88][0xfffffff4]$3'[0x1b][0xffffffc7][0xffffff8c]}[0xffffffa1]z'[0xffffff94][0xffffffc0][\r][0x17][0xffffff91]f[0xffffffc3],}=[0xffffff9c][0xffffff83]K[0xfffffffc][0x1e]J[0xffffffa9]R.[0xffffff82][0xffffff84][0xfffffff4][0x1e]k[0x3]=X[0xffffffab][0xf]^#[0xffffffa1][0xffffffe2]u[0xffffffeb][0xffffffd3][0xfffffff0]L7ytJ3[0xffffff96]9t[0xffffffe6][0xffffffb2][0xfffffffd][0xffffffae][0xffffffd3][0xffffffed][0xffffffdc][0xffffffbe][0x0][0xffffffc9][0xfffffff6][0xffffffe5]K[0xffffffac][0xffffffeb][0xffffffef][0xffffff9e][0xffffffa9][0x1c][0x14]#M3[0xffffffa3][0x14][0xfffffffa][0xffffffda]V[0xffffffa3]i[0xf]1[0xfffffff2]s[0xffffffdd][0xffffff81][0xffffff9d][0xffffffd3]/[0x3][0xffffffb3]o[0xffffff9e][0xffffffe6]J[0x16]9[0xffffffa7]{#{[0xffffffea]U;[0xffffffe9]7[0xffffffb5][0xffffffc2]N[0xffffff97][0xffffffec]y[0xffffffdf][0xffffffe1][0xffffffc9][0xffffff8e]J[0xffffff98][0xc]j[0xc][0xffffffa8]I%m[0xffffffd4]A56[0x18][0xffffffbd][0xffffffe4][0x5]O[0xffffffa0][0xffffffa5][0xffffffd3][0xfffffffc][0xfffffff2][0x4][0xffffffdd][0xffffffbc]{Z[0xffffffde]Y%n4 [0xffffff87];[0xffffffe8][0xffffffc7][0xffffff9e]xpX[0xe][0x3]u!T[0x1d][0xffffffac][0xffffff9b][0xffffffed][0xffffffeb]/P][0xffffffc7][0x6][0x1a]_[0xc][0x11][0xffffffea]R[0xffffffd3][0xffffffc4]b[0xffffffd7][0xffffffed][0xfffffffc][0xffffffbb][0xffffff8b]9[0xfffffffd]O[0xffffffce][0xffffffb2]E[0x1d][0xffffff91]zn>[0xffffff89][0xffffffed][0xffffff89]][0xffffffe7][0xffffffca]Y[0xffffffbb][0xffffff81]CR[C&[0xffffffc8][0xffffffc4][0xffffffca][0x6][0xffffff93][0xfffffff7][0xffffffd6][0xffffff83][0xffffffd6]h[0xffffffbc][0xffffffda][0xffffffa3][0xffffffc3][0xfffffff3][0xffffffd8][0xfffffffc][0xffffff95]}[0xffffff87][0x9][0xffffffc7]~[0xffffffa8]"[0xffffff83][0x19];lB[0xffffff9c][0xfffffffa]a[0xfffffff3][0xffffffc8]Y[0xffffffd9][0xffffffd3][0xffffffe8][0xffffffb6]F/[0x15]i[0xfffffff8]W:[0xffffffcc]x[0xffffffbd][0xffffffe2][0xffffffe6][0xffffffa3][0xfffffffe][0xffffffb3][0xffffffd3][0xffffffbb][0x3][0xffffff99][0xf][0xffffffbf]![0xffffff85][0xffffffd8][0x1d]B[0xffffffaa][0xffffffe1][0xffffff84][0xffffffba]-[0xffffffa2][0xffffff83][0xffffff8f][0xffffffbc][0x1f][0xffffffa2]v[0x1][0xffffffa1]q[0xffffffa3][0x7f][0xffffffb2][0xf],[0xffffffa3][0xffffffcd][0xffffff96]hQ3[0xffffffa8][0xffffffb4][0xffffffb4][0xffffffe7][0xfffffff9]\[\n]"
08:05:03.594 [main] DEBUG com.github.dockerjava.zerodep.shaded.org.apache.hc.client5.http.wire -- http-outgoing-2 << "r%[0xffffffc8][0xffffff9f][0xffffffd2]8[0xffffffd0][0xffffff90][0xffffffc2][0x19]{5?[0xffffff95][0xffffffe5]1Bj[0xffffffd0][0x1a]pv[0xffffff91][0xffffffaf]an\T(0[0xffffffc9][0xffffffdf];[0xffffff88]G[0xffffffbd]~[0xffffff84]i[0xffffffb5]M[0xffffffd9]3[0xffffff9f][0xffffffbb][0xffffff95] C[0xffffff87][0xfffffffb][0xffffffc8]?[0x16][0xffffffe4][0xffffffeb][0xffffffd7]6}Us[0xffffffe4][0xffffff8d][0xffffffa5][0xffffffbd][0xffffff92][0xffffffe3][0xffffff9b]j[0xffffff93]f[0xffffffb8]+Z+xl[0xffffff8d][0xffffffc8][0xffffffa4][0xffffffeb][0xffffffdc]i[0xffffffef][0x1d]L[0xffffff90][0xffffffb4]x[0xffffff95][0xffffffcb][0xffffffc9][0xffffff9d][0xfffffffe](9[0xffffff86]t[0xe][0xfffffffa][0xfffffff9][0xffffff8e][0x12]b*[0xffffffe7][0xfffffffa][[0xffffff95]S[0xffffff94][0xffffff98][[0xfffffff4][0xffffff97]T[0xffffffae][0xffffffe4][0xfffffff5][0xffffffb9]d[0xfffffff0][0xffffff8e][0xffffff96][0xffffffb3][0xffffffa5][0xffffffa7]mm[0xffffffcd][0xffffffaa][0xffffffbb][0xffffff94][0xffffff98][0xffffffb0]K[0xffffff9d]&#[0xffffffff][0xfffffffd]g[0xffffffbb](t[0xffffff8f][0xfffffffa][0x1e][0x1a]B[0xffffffef][0xffffffd6][0xffffff9e][0xfffffffd][0xffffffd2]4[0x7][0x5]/J@6"3[0xffffffc2]Td[0xffffffef]d[0xffffff95]3Lt[0xffffffc7][0x1a][0x16][0xffffff99][0xffffffe0];[0xffffffd8]ezq[0x11][\r][0x7f][0xffffffb7],;3[0xffffffb1][0x8][\n]"
08:05:03.594 [main] DEBUG com.github.dockerjava.zerodep.shaded.org.apache.hc.client5.http.wire -- http-outgoing-2 << "-F[0x2][0xffffffd1][0x9][0xffffffe3][0xffffffad][0xffffffd5][0xffffffaf][0xffffffe6][0xffffffc3][0xffffffc2]s[0xffffff9a][0x2][0xffffffcd][0xffffffd7][0xffffffb6][0x2]Q[0xffffffda][0xffffff8e][0xffffffc4][0xffffffa2][0xfffffff6][0x17][0x12] [0xffffffbb][0xffffffd4][0xffffff95][0xffffff82][0xffffff89][0xffffffea][0x17][0xffffffcb][\n]"
08:05:03.594 [main] DEBUG com.github.dockerjava.zerodep.shaded.org.apache.hc.client5.http.wire -- http-outgoing-2 << "[0xffffffa4][0x7f][0xffffffa3][0xfffffffc][0xffffff9d]W+[0xffffffc9][0xffffffb9][0xfffffffe][0x11][0xffffffe5]N2j[0xffffffb2][0xffffffb4]A[0xc][0x17]\,|K[0xffffffff],[0xffffffc1][0xffffffc4][0xffffffbd])~[0xffffffd9][0x1f][0xfffffffe][0xfffffffc]j[0x1d][0xffffffde][0xffffff9d]|[0x1]2Yv[0x14][0xffffffee][0xffffffeb][0xffffffc2][0x9][0xffffff84][0xffffffd6][0xffffffd8]3[0xffffffa7][0xffffff96][0xffffff89]d[0xffffff8c][0xffffff80]W[0xffffff85]T[0xffffff80]c[0xffffff87][0xffffffdc][0x7f][0xffffff9e]DM[0xffffffdd][0xffffffdb]C[0xffffffff][0x1a][0xffffffe7][0xffffffb4]6[0xffffffd6]y[0xffffff87][0xffffffd7][0xffffffad][0xffffff9e][0xffffffc2]y@[0xffffff9f]M[0xffffffba][0xffffffad]a[0xfffffff7]K|[0x6]14[0xc]OL[0xfffffffa][0xffffff97][0xffffffeb][0xfffffff1]X[0x17][0xffffffac][0xffffff95][0xffffffa9][0xffffffd7]DP[0xf][0xffffff96][0xffffff83][0xffffffb5]{[0xffffffa4][0xe][0x19]1[0xffffffd5]8[0xffffffc9][0x16][\r][0xffffffc6][0xfffffffa][0xffffffaa][\r]b[0xffffffb7][0x7][0x19]'[0xffffffcb];D[0x8][0xffffffbc][0xffffffa5][0xffffff98][0xffffffee][0xffffffd7]QS[0x4]jl20[0xffffff83][0xffffffdb]N[0x4][0x1][0xffffffae][0xffffffcd][0x1f]xD[0xffffffcc]r[0x9][0xffffffc9][0xffffff86][0xffffff85][0xffffffd6]D[0xffffffd0][0xffffff81]H[0xc][0xffffffe9][0xffffff95][0xfffffffb]#[0xffffffe7][0xffffffbc][0xffffff81][0xffffff86][0xffffff9e]U[0xffffffc9]E[0xffffffc0][0xffffffde]qp/[0xffffffa3][0xffffffd2]Q[0x4]I[0x19][0xffffffb2]*[0xffffffb5]&_F[0xffffff9f][0xffffffaf][0x8]V[0xffffffba][0xffffffe7][0xffffffa3][0xffffffd0][0xfffffff7]A[0xffffffae][0xffffffad]2[0xffffff9c]%[0xffffff94][0x18][0xffffffe1][0xffffffe4][0xffffff80]}[0xe][0xf][0xffffffbf][0x4][0xffffffd4][0xffffffa4][0xffffffba][0xfffffff3]|[0xffffffea]|[0xffffff95][0xffffff9e]H[0xffffffd3]=[0x4],[0xffffffe6][0xffffffb8][0xffffffbb]8[0xffffffaa][0xffffff95]i[0xffffffbf][0xffffffcd][\r][0xffffffcf][0x5]Ki=[0xfffffffe]7[0xffffffc1]@[0xffffffbc]?[0xffffff96]Z[0x1b]q[0xffffffe8][0xffffff95][0xffffffbb][0xffffffe2][0xffffff9c][0xffffffcf][0xfffffff0][0xffffffc8][0xffffffc3]p;[0xffffff88]A[0xffffffcc][0xffffffe4][0xffffffce]nf[0xffffff96]C[0xffffffef][0xffffffbb]*VG[0xffffffc7][0xffffff82][0xfffffffd][0xffffffef][0x5][0xffffffc4][0xffffffd4]mS[0xfffffff7][0xffffff99]I[0xf]>pN\[0xffffffc2]E/wFM[0xffffffbf][0x1f][0xffffff82][0xffffffce][0xffffffad]^[0xffffffbf][0x1e][0xffffffd9][0xfffffff3][0xffffff8a][0xffffff8f][0xfffffff9][0xffffff9d][0xffffff90][0xffffffe2]E[0xffffffd3][0xffffff98][0xffffffea][0xffffffb9]Z[0xffffff97][0xffffffbd][0xffffff9f][0xfffffffd][0xffffffcb]A[0xffffffe6][0xffffffb0]][0xffffffdb][0xffffff9c][0xffffffc0]X[0x11]o/[0xffffffc5]F[0xffffff89][0xffffffa9][0xfffffff6][0xfffffffa][0xffffffc7][0xffffffc3][0xffffffcb]s[0xffffff90]p[0xffffffd8]>4o[0xfffffffa][0xffffffa3][[0xffffff9e][0xffffffa4][0xffffffbf]j[0x17][0xffffffec][0xfffffff5][0xffffff93][0xffffffee]#t[0xffffffd3][0xffffff8b]O;[0xffffff8e][0xffffffe9]^[0xffffffad][0xffffffb2][0xffffffed]W!FW[0xffffff9f][0xb]g[0xffffffed]?[[0x3]K[0xfffffff7][0xfffffff2]o[0x5]v[0x1f]Z9&[0xffffffb9][0xffffffb1]6u[\r][0xffffffc1][0x18];[0xffffffb4][0xffffffa3]v>e[0xffffffc2][0xffffffed]C[0xffffff9e]z+[0x1e]Xe;$[0xffffffc8][0xffffffdf][0xfffffffa][0xffffff82][0xffffff94]F[0xffffff89][0x7]x[0xffffffb6][0xffffffc3]nV[0xffffffd7]ZXL2C[0xffffffb9][0xffffffe9][0xffffffe5][0xffffffb9]h[0xfffffff3][0xffffffd4]~[0xf][0xffffffea][0xffffff8f][0xfffffff7]/[0xffffffff]#[0xffffff87][0xffffffad]E[0xffffffcb]N[0xffffffb1][0xffffffd1][0xfffffffd]7[0xffffffaa][0x1d][0xffffffd2]88[0xffffff8b][0xffffff8d][0xffffffbc][0xffffffeb][0xffffffa0][0xffffffb3]`[0xffffffab][0xffffffac][0xffffffc9]bV[0xfffffff9]d79[0xffffffea][0xffffffd1][0xffffff98][0x17]"[0xffffffbf]n1|[0xffffff88][0xffffff97][0xffffffa7][0x14][0xffffffd4]A[0xffffffb7][0xffffff96]R[0xffffffc0]95[0xffffffe6]1[0x0][0xffffffac](A[0xffffffe3][0xffffffbb][0xffffff9a][0x11]E[0x17][0xffffffd5]N[0xfffffff7][0xffffffb3][0xb].[0xffffff94][0xffffffb9]2[0x16][0xffffffda]m[0xffffffbb][0xffffff8d][0xffffffef]Df[0xffffff9b][0x1f]bo[0xffffffaf]:J[0xffffff8e]O[0x1a][0xffffffc6]U.[0xffffffba][0xffffffb7][0x7f][0xffffffb7][0x17][0xffffffba]NZ1[0xffffff91][0x6]1[0x1]f@[0xffffffcd]0[0xfffffff7][0xffffffc2][0xffffffcb][0xfffffffc]K[0xffffffce][0xffffffba][0xffffffd2][0xfffffffd]$dWRO[0x1c]? [0xffffff9c][0x4][0x1b][0xfffffff2][0xffffffc0][0x1c]h^.fS[0xffffffd7][0xffffffc6]HS[0xffffffda]g[0xffffff8f]h[0xffffffe1][0xffffffca][0xffffffcd][0xfffffff0][0x1c]o[0xffffffaf][0x15][0x13]*[0x5][0xffffffa3]z=[0xffffffde]`[0xffffffca][0xf]Yi[0xffffff8a]S[0x1f]_[0xffffff98]d[0xffffff9f][0xfffffff0]2q[\n]"
08:05:03.594 [main] DEBUG com.github.dockerjava.zerodep.shaded.org.apache.hc.client5.http.wire -- http-outgoing-2 << "[\r][0xffffffe2][0x17][0xfffffffb][0xfffffff3][0xffffffb8][0xffffffdc][0xffffff9e][0xffffffe6]-[0x1e][0xffffffd6][0xffffffce][0xffffffef][0x17]\]U0:*[0xffffffc7][0xffffff9e]5d[0xffffffe7][0xffffff88]?[0xffffffb9][0x15][0xffffffae]S[0xffffff9f][0x16]f[0x1d][0xffffff80][0xffffff80]Jh2<[0x1]G[0xffffffc0]c[0x3][0xffffff8d][0xffffffa8][0x1e][0xffffff9c]Y<8[0xffffffd0]\[0x1f][0x1][0xffffffb5][0x13]a[0xffffffa7]T[0xffffffec]j[0xffffff88][0x15][0xffffffa7]![0xffffffdb][0xffffffa0]L[0xffffffb6]Oz*[0xffffff91][0x13]f[0xffffffa9][0xffffffac][0x1f][0xffffffb7]V[0x16]B&[0xffffff82][0xffffff95][0xffffffbd][0xffffff9b]+[0x1d][0xffffffed].![0xffffffc4]w-[0xffffff94]t[0x15][0x9]g[0xffffffa0]t[0xffffff83][0xffffff9b][0xffffffd1]l][0x18]b%x[0xffffffca][0xffffffd4][0xfffffffd][0xffffffa3]:,[0xffffffda][0xffffffa5]Q[0xffffffcc]N$[0xffffffff][0xffffff95][0xffffffa4]3[0xffffffd4][0xffffff89][0xffffffe3]v[0x16]OmQ[0xffffff97];[0xffffffab]]o[0xfffffff6]p[0xffffffc7][0xffffffa3][0xffffffec]J[0xffffffe2][0xffffffc5][0xffffffd2][0xffffffc6][\r][0x1b][0xffffffab][0xffffffba]$[0xffffffba]B[0xfffffff5]S[0xffffff9a]U6[0xffffffed][0xffffff8e][0xfffffff8][0xffffffb7]7[0xffffffa4][0xffffff94][0xffffffb6]S[0xffffffa0][0xfffffff4][0xffffff8d]u[0xffffffba][0xffffff97]Mg[0x13][0xffffffbe][0xffffffa7][0xffffffba][0xffffffea]qQ[0x1f](;[0xffffffd4][0xffffff80]w[0xfffffff9]`[0xfffffff4]oi[0xffffffbf][0xffffff9e]GD{c[0xffffffbd][0xffffff89][\n]"
08:05:03.594 [main] DEBUG com.github.dockerjava.zerodep.shaded.org.apache.hc.client5.http.wire -- http-outgoing-2 << "[0xffffff9d][k[0xffffffa2][0xffffffea]1v*c[0x18]n[0xb]f[0x9][0xffffffe6][0x2][0x1b][0x1c][0xffffff88]p[0xffffffd3][0xffffff81][0xffffffa0][0xffffffc7][0xffffffdd][0xffffff91][0xffffff92][0xffffffd2]D[0xffffffe6][0xffffff8e],[0xffffffca][0xffffffce]ij?[[0xfffffff3][0xffffffe9][0xfffffff0][0x1c][0x7][0xffffff9e][0xffffffdb][0x1d]M[0xffffffc2][0xffffffef][0x10][0xffffffb5]b[0xffffff8d]<=[0xffffffe9][0xffffff8a]4[0xc][0xffffffe7][0xffffffbf][0xfffffff1];[0x1a][0xffffff93]L[0xffffffee][0xffffff94][0xffffffd6][0x13][0xffffff98]6[0xffffffc2][0x8][0xffffffd0]*[0xffffffa2]xT_=;[0xffffffab]*[0xffffffc4]L:F>[0xffffffe3]![0xfffffff1]|[0xffffffc2][0xffffffbf][0x1d][0xffffff8a][0xffffffdc][0xffffffab][0xffffffcf]h^[Q[0xffffffce]US[0xffffffbf][0xfffffff6][0x8][0xffffffde]\[0x1d][0xffffffcf][0xf][0xffffffbd][0x11]/[0xffffffcd][0xffffff96][0xffffffea]Fs[0x1a][0xffffff97][0xffffffcf][0x7f][0x11]l`[0xffffff84][0xffffffd9][0xffffff8f][0x1]H[0x18][0xffffffed]n>[0xffffff98]6[0xffffffed][\r]a[0xffffffc4][0x1e][0xf][0xffffffea][\n]"
08:05:03.595 [main] DEBUG com.github.dockerjava.zerodep.shaded.org.apache.hc.client5.http.wire -- http-outgoing-2 << "[0xffffffcd]>[0x13][0xffffff9f]}[0xffffff8e]s}L[0xffffffab]R[0xffffff83][0x1f]@;[0xffffff9b]>[0xffffffe9]'[0x6][0xffffffc7]R[0xffffffbe][0xffffffa0][0xffffffa1]([0xffffffa6][0xffffff92][0x13]^B[0xffffffba]p[0xffffff99][0xffffffaa]q[0xfffffff8][0x1d][0xffffffa1][0xffffffe3][0x16][0xffffff8f]$[0xffffff94]"B[0xfffffff5][0xffffffc8][0xffffffa3][0xffffff98]n[0x4][0xffffff95]O[\r][0xffffff94]G[0xffffff9b],y[0xffffffc6]Y[0x16][0x7][0xffffffdc][0xffffffad][0xffffffbd]~[0xffffff87]T[0xffffff98]/[0xfffffffa]S,_[0x1]"[0xfffffff8]S[0x11]c[0xffffffe8]J[0xffffff89][0xffffffd4][0xffffffa0][0x4][0xffffffdb][0xffffffa3][0xfffffff2][0xc][0xffffff9d]w[0xffffff86][0xffffffc4][0xffffffac][0xffffffe6][0xffffffe0][0xffffffa8]J.[0xc][0xffffffec][0xffffffd6]d[0xffffffc2][0xffffff89][0x1e][0xffffff81][0xffffff8c][0xffffffdb][0xffffffac][0xffffffd4][0xffffff81]t~[0xffffffa5][0xffffff9a]>[0xffffff9e][0xfffffff4]K[0xffffffaf][0xffffffd4][0x7][0xffffffb9][0x15][0xffffffa9]:|[0xffffffa9][0xffffffc0][0xffffff81][0xe][0xffffff89][0xffffff8e]Wi[0x5][0xffffffff]![0xffffffb8]dBm#u9[0xffffff84]M[0xffffffc7][0xffffffac][0xfffffff8][0xfffffff7][0xffffffe3]s[0xfffffffe][0xffffffc3]*J[[0xffffffc8][0xffffff9d]$[0xffffffac][0xfffffff4][0xffffffb9][0xffffffb2]g[0xffffffc9][0xffffffb5][0xffffffb3][0xfffffff5]=[0xffffff98]Z[0xffffff98]J[0xffffffbf][0xffffffd9]f[0xffffff98][0x1d][0xffffffb6][0xffffffee][0xffffff97][0xffffffc1][0xffffffc2]T[0xffffffa9][0x14][0xffffff94][0xf][0xfffffff2][0xffffff9a][0x1e]:y[0xfffffff8]F[0xffffff85][0xffffffcb][0x1a][0xffffffd7][0xffffffcc]h[0xffffff9f]E[0xe][0x4][0xffffffa3][0xffffffe0][0x3][0xfffffffb][0xffffffc7]CaL[0x10][0x14][0xfffffffb][0xfffffffa]3[0xffffffd3][0x12][0x1b][0xffffffcd]Bh[0xffffffb3][0xffffffbb][0x5][0x8]n8[0xffffffc4][0x10][0x6][0xffffffbb][0xffffffcb][0xfffffff5][0xffffffe4]Ne[0xffffffc9][0xfffffffa][0xffffff8e][0xffffffab]~[0x10][0x19]KO[0xffffffc1][0x19][0xffffff9d][0x6][0x1]{[0x7f][0x1d]V[0xffffffa1][0xffffffe4]W8[0xfffffffa][0xffffffa0][0xffffffeb][0xffffff82][0xffffff97]S[0xffffffee]jM[0xb][0xfffffff8]}[0xffffff95]WiA[0xffffffab]m[\r][0xfffffff6]LH;[0xffffffbd][0xffffffc9][0xffffff83][0xffffff97]j[0xffffffe9]o[0xffffffc1]#J[0xffffffef][0xffffffe1]n[0xe]{P[0xffffffb2][0xffffffa2]N[0x19][0xffffffba]B[0xffffffca][0xffffffb6][0xffffffcd][0xffffffe8][0xffffff8c][0xffffffa0][0xffffffb9]Vy}[0xffffff83][0xffffffcb][0xffffffaf]T[0xfffffff7]";$[0x4][0xffffffe2]^[0xffffff9a]^[0x1a][0xffffff85]F[0xffffff9a][0x7][0xffffffcb][0xffffffc5]"o[0xffffff9f][0xffffff81][0xffffffe6][0xffffffa7][0xffffffc9]0[$[0xffffff81][0xffffffa9][0xfffffff0][0xffffff93][0xffffffb7]"'Ncw.[0xffffffb4][0xfffffff9]"~[0xffffffc4][0xffffffe3][0xffffffe6]3[0xffffffd6][0xb][0xffffff98][0xffffff8a]k[0xfffffff5][0xfffffffe]\[0xffffffc7]"[0xffffffcb][0xffffffec][0xffffffbe][0xf][0xffffffb5][0xffffffde]1[0xffffffed]51[0xffffffa9][0xfffffffa]D[0xffffffae][0xc]=[0xffffffad]:[0xffffffd4]|[0xffffff9b][0xffffffb7][0x11][0xb][0xffffffed][0xffffffaa]7[0xffffffef][0xffffff90][0xffffff90][0xffffffb2][0xffffffcc]i?J[0xffffffdb][0xffffffd8]B[0x1a]6[0xffffffcb][0xffffffe5][0xffffffdc]<_7[0xffffffcf]y_[0xfffffff3]U[0xfffffffa]8[0xffffffc1][0xffffffda][0xffffffdb][0xffffffd1][0x1a]-[0x8][0xffffffd9][0xffffffd7][0xffffffce][0x4][0xb]M*[0xffffffff][0x8]R[0x9]@*[0xffffffed][0xffffff85][0xffffffcb]b[0xffffffcc][\r][6[0xffffffa9][0xffffff84][0xffffff8c]@wI[0xffffff85][0xffffffc5][0x1d]E[0xffffff8b][0xffffffbb][0xfffffff8][0xffffff9c][0x1a][0xffffffd3]y|K[0x6]-;z[0xffffffb8]:[0xffffffc5]1[0xfffffffa][0xffffffc5][0xffffffa1]o[0xffffffac][0xffffffd6][0xffffff9c][0xffffffce]_[0x18][0xffffff9e][0xffffffee]$[0xffffffcb][0xffffffbe][0xffffffc5]V[0xffffffe9][0xffffff8a]*8[0xffffffd9][0x11]7S[0xffffffde][0xffffff89]7[0xffffffdb][0x10][0xffffff82][0xffffffbc][0xfffffffa][0xffffffdb]e[0xffffffac][0x13][0xfffffff4][0xffffff9a][0xffffffca][0x1e][0xffffffc5]F=[0xffffffc1]x[0xffffff9a][0xffffff81][0xffffffb4][0xffffffeb][0x1b][0xffffffa3]($'\[0xffffffe1]d[0xffffff92][0xffffffae]=[0xffffff86][0xffffffdb][0xffffffe8][0xffffffc0][0xffffff8f][0xffffff94][0xffffff9f],"[0xffffffa5][0xfffffff8]Cq[0xffffffa9]8z[0xffffff8b]8d[0xffffff88]g[0xffffffde]F[0xffffffa8][0xffffffee])[0xffffffd2][0xffffff82][0xfffffff0][0xffffffa3][0xffffff92]$[0x2][0xffffffb9][0x5][0xffffffdf]X\[0xffffff8c][0xffffffa5]z[0xffffff9f][0x1f]?[0xfffffff2]G[0xffffff86]}[0xffffffc2][0x11]_[0xffffffb9]B)^pu[0xf][0xffffffe9][0xffffff97]z[0xe]=[0xfffffffd][0xffffffce]l[0x7f][0xffffffc3][0x13][0x1f][0xffffffc9][0xfffffff9]W+[0xffffffbc][0xffffffc7]3[0xffffffd3]5[0xffffffcb][0xffffff8c]S[0xffffffe9][0xffffff89][0xffffffab]"
08:05:03.596 [main] DEBUG com.github.dockerjava.zerodep.shaded.org.apache.hc.client5.http.wire -- http-outgoing-2 << "[0xffffffbd][0xfffffff4][0xffffffd1][0xffffffa2][0xffffffd3][0xffffffbb]J[0xffffffd7]^[0xffffffa6]GO[0xffffffd6]GA[0xffffffd1]S[0xffffffc4][0xfffffff2][0xffffffe9]U[0xffffffe1][0xffffff98]![0xffffffcd][0x17][0xffffffa6][0xffffffe4][0xffffffd7]Y[0xffffffc3]q[0xe][0x1b]Z[0xffffffb8]I[0xffffffc4][0xffffffe6]5R [0xffffffbb]:&u[0xffffffc7][0x14][0xffffff96][0xffffffa2])[0xffffffb5]f[0xffffffc5]m{|[0xffffff83]M[0x7f][0xffffff98]@g[0xffffffdf][0xffffffb3][0xfffffff1]@j[0xffffff87]3[0xffffff95]V[0xffffffab][0xffffffc9][0xffffffea]W[0xffffffb1][0xffffffcf][0xffffff9f];[0xffffff8a],[0xffffffde][0xffffff84][0xffffffbc][0xffffffa7]H[0xffffffd4][\r]YU[0x1e][0xffffff8b][0xffffff9b]fY[0xfffffff1][a=[0xffffffef][0xffffff86]0[0xffffffe3]?[0x12]\Km[0xffffffc0][0xffffffa8][0xffffffa2]3[0xffffffe1][0xffffffb5]4[0xffffffda][0xffffffb7]$[0xb]{m[0xffffffa8][0xffffffce]_V+X[0xffffffa9][0xf][0xc]yb[0xf]O[0xffffffa3]z[0xffffffbd][0x15][0xffffffdc][0xffffffe4][0xfffffff1][0xffffff8e][0x7f][0xffffff9f][0xffffff9d]"`[0xffffff86][0x2][0x19]4z[0xffffff81]\[0xffffffc3][0xfffffff6][0xffffffd1]i<T[0xffffffb8]s>[0xffffffd7]K{[0xffffffa0][0xffffff9d][0xffffffd2][0x12][0xffffff91]}[0xffffff82][0x7f][0x2][0xffffffad][0xffffffe5][0x8][0xffffffe7][0xffffffe4][0xffffffce]8[0x17]05{[0xffffffea][0xffffff87][0xffffffde][0xfffffff4][0xffffff99]L[0xffffffde][0xffffff83][0x1c][0xffffff8a]([0xffffffdc][0xffffffff][0xffffffea][0xffffffd9][0xffffffd0][0xb]u[0xfffffff7]y[0xffffffe5][0xffffffb3][0x1e]K[0xffffff98][0xffffffab][0x1b][0xffffffa1]=hM[0xffffffa5][0xffffff89]q"[0x1a][0xfffffff8][0xffffff8c][0xffffff89][0xffffffb0][0xfffffff2][0xfffffff4][0xffffffbd]_[0xffffffd0]V[0xffffffc3][0xffffff98]&i7[0xffffff8f]]*[0xffffff93][0x14][0xffffffc3][0xffffffc9][0x7f].[0xfffffffd][0xffffffa7][0x1f][0xffffffff][0xffffffcc]&:[0x1f][E.z[0xffffffcd]u[0xffffffc8][0xffffffe5][0xffffff83]C[0xffffffe2][0xffffffdb][0xffffffde][0xffffffc1]t-[0x1]`.[0xffffffed],[0xfffffffe]p[0xfffffff5]^I8S[0xffffff9a]MH[0x2][0x1f]{[0xffffffc6][0xffffff96]Q[0xffffffe5]H[0xffffffff]@[0xffffffe5]7<MUS4[0xffffffd9][0xffffffac][0xffffffef][0xffffffaf][0xffffffe3][0x13][\n]"
08:05:03.596 [main] DEBUG com.github.dockerjava.zerodep.shaded.org.apache.hc.client5.http.wire -- http-outgoing-2 << "[0xffffffc2][0xffffff96]9[0xffffffaa]%[0xffffffd2]=[0xffffff88],+[0xfffffff2][0xffffff9b][0xffffffe9][0xfffffffb][0xffffffac][0xffffff9e]!H[0xfffffff4][0x7][0xffffff9b][0xffffff9f]D[0xffffffd8]Aw[0xffffffe0]G[0xffffff90][0xffffffce][0xffffffa9]n[0xffffff86][[0xffffffc5][0x6][0xffffff81][0xffffffec]W[0xffffff85]V[0xffffffa1][0xffffff83][0xffffffef]Q[0xffffffd5][0xffffffa4][0xffffffe1][0xffffffb8][0xffffffd5][0xffffffeb][0xffffffe7][0xffffffc1][0xffffff82][0xffffffc9][0xffffffa8][0x1c]A[0xffffffaf][0xffffff8a]h[0xffffff94][0x1f](Z[0xffffffae]N[0xffffff97]/-?[0xffffffaf]Y[0x5][0xffffffbc]/[0xffffffbe][0xffffffd7][0xfffffffb][0xffffff99]z[0xfffffffc][0xffffffb6][0xffffff9f][0x14]S[0xffffff94]6[0xffffffe4][0xffffffd2]a[0xffffff80][0xffffffcc]gN[0xfffffff1][0xffffffae][0xffffffe3][0xffffffbe][0xe]S8A[0xffffffc6][0xffffffbb][0xffffffb0][0xffffffc0]3c[0xffffffeb][0xffffff9c][0xffffff80][0xffffff9e][0xffffffa3][0xffffff9e]1[0xffffffda][0xffffffd1]4[0xffffffc3][0x4][0xffffff9d]M[0x1c][0xffffffee]L[0x7f][0x5][0xffffffbe][0xffffffbe]U[0x10][0xffffff99]t[0xfffffff2][0xffffffed]A[0xfffffff9]X[0x1a][0xfffffffa][0xffffffc8]+[0x14]k[0xffffff9c]PS[0xfffffff1]#[0xffffffc8][0xffffff86]#[0x14][0xffffffa5][0xffffffbc]J[0xffffffd8][0xfffffff2][0xffffffba]{K[0xfffffffb][0xffffff8e][0xffffffc3][0x1a]`[0x10][0xffffffcb]o[0xffffffa4][0xffffffa8][0xffffffd6]<2[0xffffffa5][0x4]z[0x1b]y[0xfffffff1][0xffffff99]Gy[0xc]O[0xffffffd8][0xffffffda][0xffffffb3][0xffffffe3]S[0x15][0xffffff96][0xffffffe0][0xffffffb8][0xffffffc9][0xffffffef]mV[0xffffff96]W[0xffffffdd]2u[0x19][0x7][0xffffffff]y[0xffffffb6][0xffffff98][0xffffffac][0xffffffad]Q[0xfffffff5]_[0xffffffa2]k9[0x4][0xffffffb7]~[0xffffffef]e[0xffffffb0]qpG[0xffffffd1]no[0x9][0xffffff93][0xffffff93][0x1][0xffffffde][0xffffffa0][0xfffffffb]<[0xffffffe3]B[0xffffffa5][0xffffffb7][0x10][0xffffff98]lB[0xffffffe4][0xffffff8f][0xffffff90][0xffffffa2][0xffffffe0]][0xffffff8e]|[0xffffffc7][0xffffffd8]$[0xffffff8f][0xffffffc1]dt)[0xffffffd1][0xffffffb3]U[0xffffff8a][0xfffffff6][0xffffffe0]0s_+[0xffffffdc][0xffffffa3][0xffffff93][0xfffffffe]`2A&[0xffffff85][0xffffffc7][0xffffffaa]_3[\r]m[0xffffffe7]:[0xffffffbc][0xffffffab][0xffffffa1][0xffffffee][0xffffffac]}[0xffffff88]!x[0xffffffb4]<RxE[0xffffff94]s[0xffffffe6][0xffffffa6][0xffffffb8]Iq[0xffffff9d][0xffffffb5]x:Fv[0xffffffb5]Mz s[0xffffff9f][0xffffffbf][0x4][0xffffffa9][0xffffff9b][0xffffffa8]h[0xffffffe3][0xffffffb4][0xffffffaa][\n]"
08:05:03.596 [main] DEBUG com.github.dockerjava.zerodep.shaded.org.apache.hc.client5.http.wire -- http-outgoing-2 << "6[0x1e][0xffffff92][0xffffffd5][0xffffffd9]+[0x17][0xffffffed][0xffffff9a][0xffffffb7]-[0x1c]A[0xffffffc1][0xffffffb2]1[0xffffff96][0xffffff94][0xffffffb0]3g[0x7f][0xffffff94][0xffffff9f]s[0xffffffe1][0x6]I[0xfffffff5]c|S[0xffffff9c][0xffffff9b]/[0xffffffe7][0xffffff97][0xffffffbb][0xffffff96][0xffffffcd][0xfffffffb][0x11][0xffffffca][0xffffffee][0xffffffd6]l*>b[0xffffffe7][0xffffffaa][0xffffffb8][0x8]ARV[0xfffffffe][0xffffffb6]DK[0xffffffab][0xffffffbf]%i[0xfffffff3][0xffffffca][0xffffffdc][0x2][0xffffff9f]8K[0xffffffe3][0xffffffa4][0xffffff92][0xffffffa9]T |)[0xffffffb1][0xfffffff3][0x14][0xffffff85]n[0xffffffaa]'[0xffffffef][0xffffff8a][0xffffffe0][0xffffffce][0xffffffdd][0x5]C0[0xffffffb5][0xffffff83][0x18]<3[0x10][0xffffffa7]2w`[0xffffffc0]HB[0xffffffb3][0x3]GO[0xffffffbd]K[0xffffffed][0xffffffa7]&[0xffffff9b](X[0xffffff8f]:[0xffffffea]:[0xffffffa1][0xffffffda]R&[0xf]X>[0xffffff9e]=[0xffffffe7][0xfffffffa][0x11]/iKuTbt[0xffffffe3][0x7f][0xffffffc9]>[0xf][0xffffff83])[0xffffff9e][0xffffffc3][0xffffffa4][\[0xffffff8f][0xffffffd2][0xffffffb7][0xfffffffc][0xffffff92][0xfffffff9][0xffffffa5]S[0x15][0x17][0xffffffb1][0xffffff9d][0xffffffd8][0xffffffb0][0xffffffc4][8[0xffffffd3][0xffffffe7][0x1a]k%[0xffffffc9][0x0][0xffffffff][0xffffffad][0xffffffcd][[0xffffffd4][0xfffffffa][0x7][0xffffff89]+T[0xffffff88][0xffffff96]$[0xffffffd7][0xffffffb4][0xffffffba]=[0xffffff9a][0xffffffe8][0xffffff9d][0xffffffdc][0x1c]G[\n]"
08:05:03.596 [main] DEBUG com.github.dockerjava.zerodep.shaded.org.apache.hc.client5.http.wire -- http-outgoing-2 << "[0xffffffb6][0xffffffea]Fm[0xffffffdc][0xfffffff0]Mm[0xffffffe3][0xffffffa2][0xc][0xffffffc8][0xffffffad]*\[0x7]}[0xffffffbc][0x19]?[0x3][0xfffffff2]G|%[0x1f].H[0xffffff9a][0x1d]1[0xffffff89][0xffffff8f][0x8][0x1c][0xfffffffe][0x1d]<8[0x11][0xffffffc6][0xffffffa7][0xfffffff1]n,s[0x1e][0xffffffef]$r9[0xffffff9b][0xffffff8e][0xffffffb4][0xffffffe7]gB[0xffffffa4][0xffffff81]dmU[0xb]el[0xffffffd9][0xffffffe7][0xffffffac]G'h[0xffffff9f][0xffffffb7][0xffffffab]3r[0x1][0x3]^[0xffffffee][0xffffffaf];[0xffffffc3]X[0xffffffa4][0x7][0x1a][0xffffffa6]a[0xffffffe9][0xffffffd4][0xfffffff8]z[0xffffffe5][0xfffffff3][0xffffffea][0xffffffa1][0xffffff80][0xfffffff0][0xffffffef][0xffffffab][0xc][0xffffffaf]s[0xffffffd7]c'{[0xffffff8c]o[0x10]]_[0xffffffa3][0xb]L3[0xfffffffa][0xffffff95][0xffffffb2])Y[0x1a][0xffffff8a][0xffffffd7]s[0xfffffffa][0xffffffc7][0xffffffba]<[0xffffffa1][0xffffffb7][0xffffff81]Y[0xfffffff9][0xffffffa4]?[0xffffffc1]R}[0x14]`[0xffffff92]$[0x19]l[0xffffffd6]b[0xffffffca][0xffffffb0][0xffffffc0][0xffffffcb][0xffffffaf][0xffffff8f][0xffffffa7][0xffffffad]ygY~[0xfffffff1]2[0xffffffdd]3L[0x1a][0xffffffd0][0xffffff83][0xffffffa3]#[0xffffffb4][0xffffffbe]l|[0x9][0xffffffb2][0xffffffc8]~"{[0xffffffb6]/[0xffffff9c][0xffffffdb][0xffffffb4][0xffffffcf][0x7f][0xffffffc0][0xffffff94]A[0xffffff9b][0xffffff96][0x1c][0x6][0xffffffe6][0xffffff9b][0xffffffd0][0xffffffca]?csJS[0xffffff8e][0xffffffb2][0xffffffd1]-[0xffffff9f][0xffffff9c]=a[0xffffff8c]R[0xffffff8a][0xffffff93][0xfffffffb]u[0xffffffcf][0xffffffd1]M[0x16][0x18]*[0xffffffc2][0xffffffba][0xb][0xffffff82]Vg[0xfffffff6]'[0xffffffdd][0x9]/b$[0xffffff91][0xffffffd8][0xffffff91][0x7f]2[0xfffffff7][0x1f][0xffffffea][0xffffffbf][0xffffff95][0xffffffda][0xfffffff9][0xb][0xffffff8e][0x1b]F[0xffffff80][0xffffffe2]}m[0xffffffea][0x1b][0xffffff99][0x10]f8[0xffffff97]b[\r]-[0xffffffa8][0x1e]i[0xffffffc2][0xf][0xb]`;[0xffffffd0][0xffffffc9];[0xffffffc7]|2[0xffffffb1][0xffffff9a]/[0xffffff94]1[0xffffffec][0xffffff88][0xffffffe7][0x15][0xffffffbf][0xffffffda][0x2][0xffffff86]{#it[0xffffffa0][0x7f][0x1c]BW[0xffffffeb]Dg[0xfffffff0][0x14][0xfffffffb]*&7Nd[\n]"
08:05:03.596 [main] DEBUG com.github.dockerjava.zerodep.shaded.org.apache.hc.client5.http.wire -- http-outgoing-2 << "[0xffffff83]zm[0xffffffea]`{[0x1a]v[0xffffffcd][0x15][0xffffff90]"[0xffffff87][0xb][0xffffff86]^[0xffffffb7][0x9]c^[0xffffffbf][0x17]s*~5[0xfffffff8]~o[0xffffffb9][0xffffffbd][0xffffffb4]&[0xffffffc7][0xffffff8e][0xffffffa6]%[0xffffff88]}[0xffffffc4][0xffffffc5][0xffffffea]S[0xfffffffd]U[0x13][0xffffffdc][0xffffffe9][0xffffffc0]b[0x6][0xffffff93][0xffffffad] y?pE[0xffffffab][0xffffffba]Jo[\n]"
08:05:03.596 [main] DEBUG com.github.dockerjava.zerodep.shaded.org.apache.hc.client5.http.wire -- http-outgoing-2 << "[0xffffffb7][0xffffff95][0xffffffaa]|[0xffffffc0][0xffffff87][0xffffffd9][[0xffffffff][0xffffffe5]u[0x1e][0xc]([0xffffff99]|5T[0xffffffb6][0xffffffc7]7[0xffffffdd][0xffffffe5][0x16][0xffffffd4][0xffffffb3][0xffffffd1][0xffffffd8][0xfffffff4]'[0xffffffd0][0xffffff90][0xffffffb1][0xffffffc6][0xffffffaf]'[0xffffffaa][0x7f][0xe]%[0xffffffbf]N[0xffffffd7][0xffffffdd][0xffffff83][0xffffffb0]-[0xffffff9d][0xf][0xf][0x12]i*[0xffffff89][0xffffffa0][0xffffffe0]}[0xffffffb5]c[0xffffffe3]R[0xffffffe9]LqtLJ[0xffffffbf][0xffffffcf]T[0xffffffa1][0xfffffff5][0xffffffea]P[0xffffffbb][0xffffff86][0x3][0xffffffc3][0xffffffc8][0x7]|*>[0xffffffee][0xffffff91][0xffffffcf]a[0xffffff99][0xffffffce][0xffffffa0]w[0xffffffe1][0xffffff96][0xffffffc3]|[0xfffffff6][0xffffff8e]C[0x9][0xffffffed]s[0xffffffca][0xffffff99][0xffffffc0]>\[\r]X[0xfffffff7]i[0xc]C[0xfffffff4]/[0xffffff85]G[0xffffff9f][0xffffffd0]([0xffffffe8][0xffffffdc][0xffffffe8][0xfffffff6]<ia6V[0x17][0x10][0xffffffa0]9[\r][0xffffff93][0xfffffff1][0xffffffee][0xffffff8d][0xffffffc6][0x10][0xffffffce][0xffffffa0][0xffffff87]e[0xffffffb9][0xb].[0x1][0xffffffd1]i[0xffffffd9][0xfffffff2]&[0xffffffaa]m[0x1b][0x7f][0xffffffd0][0xffffff9e][0xffffff9f][0xfffffffc]f[0xffffffa4][0xffffffed][0xffffffa7]u"5[0xffffffae][0xffffffbf]w[0x7][0xffffffbf]t-t[0xffffff9e]i$[0xffffffd3]>[0x5][0x15][0xffffffe5][0xfffffff5][0xffffffdd][0xffffffbd][0xfffffff0][0xffffff9d][0xffffffb4]h[0xfffffffb][0xffffffa1][0xffffffd2][0x8][0xffffffc6][0x8][0xc][0xffffffd8][0xffffffc8][0xfffffff9]g[0xffffffec]&[0xffffff87]=v[0xffffffdc][0xffffff92][0x7]j[0xffffffa4][0x19][0xe][0xffffffb4]u[0xffffffc3][0xffffffbf][0xffffffab][0xf][0xffffffc6][0x14]!F9mb<[0xffffff90][0xffffffed][0x1c][0xfffffff9]oc[0xffffffea][0xffffffbb][0x11][0x1d][0xffffff96][0xffffffe7]K[0xffffffab][0xffffffaf][0xffffffdc]2[0xffffffd3][0xffffffa2]|[0xffffffef][0xffffffdb][0xffffffce]&[0xffffffe7][0xffffffd5]H[0xfffffff8]^[0xffffffba][0xffffffc8]N[0x1][0xffffffdd]ZF[0xffffff85][0xffffffd4]*P[0xffffffbb][0xffffffbf][0xffffffeb]M4d[0xffffffe5][0xffffffce][0xffffff9d][0xffffffe2][0xffffff91][0xffffffcd]^[0x19][0xffffff9d][0xffffffc2][0xffffffc1]8d[0xfffffffb][0xffffffbb]R[0x8]~[0xffffffb8]G[0xffffffc6]R;n[0x8]c[0xffffffce]C[0xffffffdc][0xffffffe6][0xfffffffe]lcX[0xffffffa0][0xffffffc5][0xe][0xfffffff4][0xffffff9e]o[0xffffffe5]8[0xffffffb9][0xffffff9a]C[0xffffffad]p[0x13][0xfffffff2]G$L[0xe]{.[0xffffff83]b[0xffffffcb]L[0xffffff9e][0xffffffc2][0xffffffc6][0xffffff92][0xffffffd3][0x0][\r]c~:[0x1d]E[0xffffffb0][0xffffffc5][0xffffffa5]2^t[0xffffffe7] [0xffffffa1][0xffffff9c]5[0xffffffc8]a[0xffffffd5]O[0xffffffe3][0xfffffff3]C[0xffffffce]N3[0xffffffe1]Wt[0xffffff8b][0x8]4[0xfffffffa]p[0xffffffb5]<[0xffffffe6][0xffffff87][0xffffffac][0xffffffc6][0xffffff89][0xc]b[0xffffffeb][0xffffff8d]o[0xffffff81][0xf]k[0xffffffd0][0x6];[0x1f] [0xfffffff0][0xffffffd8][0xffffffaa]&[0xffffffea][0xffffff94]G[0xffffffd2][0xffffffdd];%[0xffffff83][0xffffffc5][0xffffffc3]d}u[0xffffffee][0xfffffff3][0xffffffe9][0x7f][0xffffffbe])[0xffffffc4][0xffffffee]L[0xffffff8f][0xfffffff4]2q[0xffffffea]uk0n/=E[0x1b][0xffffffd6]z[0xffffffe9]x[0xffffffa6][0xffffffc4]C[0xffffffd1][0xffffffc0]F5[0xffffffbd][0xfffffff5][0xffffffe2][0xffffffaa][0xffffff98][0x10][0xffffffd9][0x2][0xffffffaf][0xffffff9b] [0xb][0xffffff90][0xffffffc4]FK[0xffffffea]H3[0xffffffba]!YY[0xfffffffe]?[0xffffffec]37p[0xffffffbd][0xffffffc5][0xffffffb1][0xffffffa6][0xffffffe5];[0xffffffc3][0x15][0xfffffff5][0xffffff90]O[0xfffffffa][0xffffffe2]!H[0xe][0xffffffcb][0xffffffeb][0xe]Kxf[0x7][0xffffffcd][0xfffffff5]:[0xe][0x1b][0xffffff93][0x1d]`,[0x13]Fdj=1"[0xffffffba][0xffffffc8][0xffffffea]cN[0xffffff94][0xffffffe9][0xffffff96][0xffffffc4][0xffffffb6][0xffffffac][0xffffff92]h[0xffffff8d][0xc][0xffffffd5][0xffffffaf][0xffffffe2][0xffffffc4]"[0xfffffff2][0xffffff84][0xfffffffe][0xfffffff4]l]k[0xffffffd2]j[0x16][0xffffffe6][0xffffffad][0xffffffee]p@[0xffffff97][0xfffffff9][0xffffffb0][\n]"
08:05:03.596 [main] DEBUG com.github.dockerjava.zerodep.shaded.org.apache.hc.client5.http.wire -- http-outgoing-2 << "c[0xfffffff2][0xffffffc5][0xffffffdc][0x19][0x18][0xffffff83][0xffffffe6]+[0xffffffbb]^D[0xffffffa2]5[0xffffffbf]=I[0xffffffc2][0xffffffe6][0xffffffc9][0xfffffffb]<[0x6]%D[0xffffffe0][0x6][0xffffff8e][0xffffff8f]"[0xffffff8d][0xffffff9c]q[0xffffffd0]][0xffffff9f][0xb][0xffffffd7][0xfffffff3]ez55}[0x1d][0xffffff99][0xffffffda][0xffffffcc][0xffffff8a][0x14][0xffffff93]1[0xffffffe7][0xffffffaa][0xffffffc5]u[0x1d]>c[0xffffffc6]([0xffffffee]Y]o#"#[0x1b]j[0xffffffc5][0x1f]<tm=[0xffffffd7][0xffffff95][0xffffffb2]5[0xffffffe4][0xfffffff1][0xffffff97]+Q[0xfffffffc][0xffffffe1][0xfffffffb][0xfffffff2][0xffffff85][0xf][0xffffff8b][0xf][0x3][0x5]R[0x17]g"[0xffffffef][0xffffffbd]s;E[0xffffffff]b%*;KW;[0xffffffcd]b[0xffffffd0][0xffffffa2][0x15])Gt[0xffffffcf]o~[0xc]^66[0xffffffec][0xfffffffc][0xffffff93]8i[0xffffffa2][0xffffffb3][0xfffffff3][0xffffffb6]I[0xffffffb9][0xffffff9f]g[0xffffff90]b[0xffffffee]B[0xfffffff1]wS[0xffffffb2][0xffffffd6]4[0xffffff9b][0xffffffdb][0xc]~[0xffffffdb][0x1e][0xc]C[0xffffff98][0xfffffff8]4[0xffffffd5][0xffffffde][0xffffffa6][0xffffffc8][0xffffffb7]4[0xffffffe5][0xffffffb4][0xffffff8e]5A[0x7][0xffffff9b]m[0xffffffd0][0xffffffb2]n[0xffffff93]D[0xffffffdd]**[0x1d]sT$[0xfffffff1][0xffffffe6][0xfffffff9]7pz[0x7][0xffffff98]La[0xffffff83][0xffffffda]U[0xffffffd4]6[0xffffffa1][0xffffffd3][0xffffffb6][0xffffff8d][0x7][0xffffffa1][0xffffffe3][0xffffffe8]t[0xffffffb2][0xffffff82][0xffffffd4][0xffffffac][0xffffffe7]7[0xfffffffe]N[0xffffffdb]O[0x11][0xffffffef]'[0xffffffe8][0x17]r=[0xfffffff6][0xffffffe8][0xffffffa1][0xffffff9b][0x15]C[0xffffffda][0x11][0xb][0xffffff8f][0xffffff99][0x2]Q[0xffffffa1][0xfffffff0][0xffffffcb][0xffffffa5]w[0xffffffc7]yk[0xffffffdc][0xffffffd4]>MK1[0xb]Qw^[0xffffffdd]X[0xffffff97] [0xffffffed][0xffffff9c][0xfffffff2]$[0xffffff83]s[0x17][0xffffffdf][0xffffffa9]s[0x0][0xffffffb9][0xffffffb5][0xffffffe5][0x7]"[0xffffffd3]&[0x4][0xb][0xffffffa2][0x0][0xffffffdf][0xfffffffb][0xfffffff3][0xffffffbe][0xffffffbb][0xfffffffc][0xffffff9e][0xffffffb5][0xffffffb3][0xffffffee]=[0xffffffd3][0xffffff9f]x_[0x7]k[0xffffff9c][0xffffff96][0xffffffef]Pj[0xf][0xfffffffc][0x3]~#B1[0xfffffff2](N=[0xffffffa4]/[0x11][0xffffffc5]Qiy[0xffffffa6]I[0xffffff83][0xffffffef][0xfffffffe]u[0xffffffe3][0xffffffd3]c[0xf]C[0xfffffff3]`[0xffffffa5][0xffffffed][0xffffffc1]R[0xffffffdf][0xffffffe5]=[0xffffffce][0xfffffff4][0xffffffb2][0xffffff89]J[0xffffff89]_Z[0xffffffdb][0xffffff9e][0xffffffff][0x14]<k[0xffffffd4][0xffffffe4][0xffffffb1][0xffffffec][0xffffff82][0xffffffb6]bcgx[0xffffffcf]z[0xffffffd2][0xffffff85]3[0xffffffdc][\r][0xffffffda]V[0xffffff9d][0xfffffff0]ZM[0xffffffb4][0x5][\n]"
08:05:03.596 [main] DEBUG com.github.dockerjava.zerodep.shaded.org.apache.hc.client5.http.wire -- http-outgoing-2 << "l[0xffffffb9]s[0xffffffb8][0xffffffcb][0xffffffd7][0xffffffa8][0xffffffad][0xfffffff6][0xffffffa0][0xffffff89][0xffffffa2][0xffffff8c][0xfffffff0][0xffffffe5][0xffffff8c][0xffffffda]($[0xffffffaa][0xffffffc6]5s[0xfffffff9][0xffffffcd]GJ[0xffffff8a][0xffffffee];[0xffffff99]u[0xffffff9f]Q[0xffffffc7]e[0xfffffff3][0xffffff9d]Y}c[0xffffffd3]][0xffffffa4][0xffffffd5][0x8][0xffffffcb]:[0xffffffd8][0xffffffc2]K[0x7]n|[0xfffffff4][0xfffffffc]'][0xffffff8d][0xffffffde][0xffffffb8]S[0x1e]*[0xffffffdf][0xffffffe6]B[0x3]BQ[0xffffffb8].[0xffffff9e]1K[0x10]([0xfffffffc]I[0xffffff85][0xffffffdc]:[0xffffffba][0xffffffb9][0xffffffcd][0xffffffc8][0xffffff82][0xffffff9d][0xffffffe7]][0xffffff8b][0xffffffad][0xffffff9e][0xffffffc7]<z[0x17][0xffffff87][0xffffffda][0xffffff93][0xffffff98][0xffffffa1]n[0xffffffe0][0xffffffbf][0x7f][0xfffffff3][0xffffffd1][0xffffffbe][0xffffffc0]l[0xffffffe8][0xffffffa6][0xffffff84]b[0xffffffe7]10[0x4][0xffffffd1][0xffffffd9][0xffffffef][0x13]g2[0xffffff84]fU[0x8][0xffffffe5]p[0xffffff83][0xffffffa4][0xffffffb4][0xffffffd8][0xffffffdf]'[0x1a][0xffffffe6]y[0xffffffa2]N[0x1e]<[0xffffffa0] [0xffffffd3]nj[0xffffffdc][0xffffffc6][0xffffffd4]kWT[0x0]I[0xffffffd9];.[0xffffffd0]c[0x14][0xffffffb4]([0xffffffa1]3[0xffffff99][0xffffffbe]=[0xffffff88][0xffffffd0]JE[0xffffffc9][0xffffffbc][0xffffff88][0xffffffe5][0xfffffff2]R[0xffffffde][0xffffffd7][0xffffffb1][0xffffffa3]~[0xffffffa0][0xffffffa9]B][0xffffff80][0x1b]I:[0xffffff93]b[0xffffffba]yt[0xffffff9f][0x15][0xffffffc4][0xffffffed]I[0xffffffd0][0xffffffae][0xffffff90]*[0xffffffd6][0xffffffa1][0xffffffc6][0xffffff83]g[0xffffffc0]0$[0xfffffffa][0xffffffb5][0xffffff9c]W[0xffffffda]{[0xffffffb4][0x10][0xffffffc9][0xffffff99]S[0xffffffa6]jR[0x14][0xffffffb7]}m[0xffffff82][0xffffffb6]&[0xfffffffa]|[0xffffff93][0xffffffff][0xffffff83][\r][0xffffffe7]dC[0xffffffa0]>j{[0xffffffec][0xffffffdd][0xffffffcb][0xffffffdb][0xffffffd5][0x15][0xffffffc4][0x10][0xffffffb9]n^[0xfffffff3]V.zr[0xffffffc2][0xffffffcd][0xffffffa5]L [0xffffffc3][0xffffffea][0xffffffb5][0xffffffbb][0xffffff86]V[0xffffffbb][0xffffff84][0xffffff80][0xfffffffc][0xffffffd3][0xffffffd2]?[0xfffffffa]w[0xffffffc3]4[0xffffff92][0xffffff83]dg"?[0x14][0xffffffd2] [0xf][0xffffff93]][0x14][0xffffff83]@[0x10][0xffffffd8][0xffffffb1]=![|[0xffffffee]![0x15][0xffffff98][0xffffffdc][0xffffffaf]<X[0x1e][0xffffffa0]l[0x9][0xffffffc5];[0x14][0x1d][0xfffffffb][0xffffff90][0x1f][0xffffffed]`[0xffffff9c][\n]"
08:05:03.596 [main] DEBUG com.github.dockerjava.zerodep.shaded.org.apache.hc.client5.http.wire -- http-outgoing-2 << "/[0x1]6[0xffffffa5][0xfffffff6][0xffffff9d][0xffffff9a][0xffffffb4][0x1c]\[0xfffffffe][0x16][0xffffffed][0xffffffbb]{U[0xfffffff8][0xfffffffb][0xffffff85][0xffffffbd][0xffffffcd][0xfffffffc][0xffffffda][0xffffffc5][0xffffffa0]W[0xfffffff9][0xfffffff6]Y[0xffffffc9]j[0x17][0xfffffff5][0xffffffd7][0xffffff86]({Gy[0xfffffff1]t[0xffffff85]a{[0xffffffbd]0l[0x1c][0xfffffff9][0xffffff8e]E[0xfffffffd][0xffffffe6][0xffffff86][0xffffff82]z[0xffffffe7]K[0xffffffb3][0xfffffffb][0xffffffa8][0xffffffa4][0xffffff9b][0xffffff84][0xffffff85][0x16][0xfffffffc][b[0xffffff9c]H[0xffffff84]0[0xffffffc2][0xffffffd8]_[0xffffffa2]f[0xfffffffc]h e1YF[0xffffff98][0xffffffc5]4m[0xffffffb3][0xffffffc6]u[0x16][0xffffffa3]7[0xffffffe3]}[0x5][0x1a][0xffffffb5](d[0xffffffc8][0xffffffb2]yZ[0xffffffda][0x10][0xffffffc3][0xffffffaa][0xffffffcf][0x8][0xfffffff6]Y[0x18]_[0x15]/[0xffffff8b][0xffffffe7][0xffffffef][0xffffffda][0xffffff85]7[0xffffffc2][0xffffffce][0xffffffeb]*[0xffffffe6][0xffffffc0][0xfffffff9][0xffffff97][0xffffff95][0xffffff83][0x1f][0xfffffffd][0xffffff88]([0xffffffa5][0xffffffeb][0xffffffd9][0xffffffcf][0xffffffb6]"[0xffffffd9]\[0x7f][0xffffffbc][0x7][0xffffff96]6o[0xffffffba][0xffffffc0][0xffffffac][0xffffff9c][0xffffffa5][0xffffffc9]][0xffffffcd][0xffffffc3][0xffffff97][0xffffff85][0x2]B$[0xffffff8b][0x0][0xfffffff2][0xffffffb0][0xffffffb0][0xffffffde]X[0xffffffe1][0x12][0xffffffa5][0xffffff9c]Uj1B-[0xffffffcb][0x1e]E [0xf]6[0xffffffa8][0xffffffcb][0xfffffffc];[0x1][0xfffffffb][0xffffff8c]"[0xffffffcb]Hb[0xffffffe7][0xffffffd7]Q[0xffffffb1](:eFl][0xffffff99][0x19][0xffffffa5][0xffffffef][0xffffffcc][0xffffffaf]H[0xffffffd2]tjA<Fq5"[0x11][0x19][0xc]^[0xffffffaf][0x7][0xffffffcf]d[0xffffffc9][0xffffffa9][0xffffffc5][0xffffffdc][0xffffffc4][0xffffffdd][0xffffffd0][0x4][0xfffffffd]w1I[0xffffffc4]2[0xffffffc1]x"[0x10][0xffffff80][0xffffff82]a\[0xffffffd4][0x17][0x11][0xffffffc7]O[0xffffff99][0x1b][0xffffffaa][0xffffffbb]4[0x1d][0xffffffcf][0xfffffff3][0xffffffcb]f^<[0x17][0xffffffe3][0x12][0xfffffffc]z[0xffffff9b]t[0xffffffd9]r0[0xffffffbd][0xffffff98][0xffffffb5][0x16]s=[0x4]*F[0x10][0x0][0xffffffe4]aJ[0x11][0xffffffce]P[0xffffff99][0x14]I[0xffffffc6][0x10][0xffffffad]M[0xffffffca][0x4]77[0xfffffff4]Ol>[0xfffffff4][0xffffff89][0xffffffd4][0xffffff95]W[0xffffffad]/[0xffffff94]d[0xffffffc9][0x12]y[0xffffffc1][0xffffff95]l[0x3][0xfffffff4][0xffffff92][0xffffffd4]8[0xfffffffd][0x11][0xffffff99]kC[0xffffff94]^n[0xffffffed][0xffffff92][0xffffff85]\Ib[0xffffff92]u[0xffffff90]0G[0x15]A[0xffffffaa][0xffffffe4][0xfffffff2][0xffffffad][0x9]J[0xffffffc5][0xffffffec][0xffffffc8][0xffffffa2][0xffffff90][0xffffffe4][0xfffffff6])[0xffffff86]G[0xfffffffa]J[0xffffffa5]s&[0x1a]iJ[\n]"
08:05:03.596 [main] DEBUG com.github.dockerjava.zerodep.shaded.org.apache.hc.client5.http.wire -- http-outgoing-2 << "[0xffffff86][0xffffffcd][0x1c][0x17]d[0xffffffdd]vdG)[0xffffff8b][0xffffffa0]kl[0xffffff81][0x13]B[[0x13]a[0x9]qR/[0xffffffa2][0x15][0xc][0x4]c[0xffffffcd]5q[0xfffffff5][0xffffffdb][0xffffffa3][0xffffffc6][\r][0xffffffc4][0xffffff8f]#[0xffffffd4]![0xffffffb6]O[0xffffff97][\n]"
08:05:03.596 [main] DEBUG com.github.dockerjava.zerodep.shaded.org.apache.hc.client5.http.wire -- http-outgoing-2 << "<[0x2][0xffffffb1]H"[0xffffff9d]F[0xffffff94]d[0xffffffa1][0x1a][0x1b][0xffffff9d][0xffffff9d]q[0xffffff9d][0x15]i)[0xffffffc0][0xffffffa9]O1[0xffffffb7]Q[0xffffffe1][0xffffff89]]77j[0xffffffe2]I[0xffffff92]@[0xfffffffe]z[0xffffffbd][0xffffff84]r[0xffffffb5]<[0x12][0xffffff8a][0xfffffffd]E[0xffffffa1][0xffffffe7]|[0xffffffb7][0xffffffa1][0xffffffb2][0xffffffc5][0xffffff9f]>8[0x7f][0xffffffd2]&0[0xfffffffd][0x7]J[0xffffff85][0x18][0x16][0xffffffb6]Ty7U[0xffffff9f][0xffffffa2][0xffffff8b]j[0xb][0xffffffdf][0x6][0x7][0xffffffe8][0x1a][0xffffffcc][0xffffff8f]?[0xffffffce][0xffffffef],[0xffffffb8]w.[0x11]x[0x11][0xffffffe1][0x8][0xffffffca][0xfffffff4]z[0xffffff99][0xffffff82][0x1e][0x8][0xffffffdc][0xffffffa2]o[0xffffffe6]Eo[0xffffffc5][0xffffffe3][0x7f]x3[0xffffffc4][0xffffffd0][0xfffffffd][0xffffffbe][0xffffffb6]1[0xffffff84][0xffffff97][0xffffff86]<[0xfffffffb][0xffffff9c](h[0x18]O[0xffffffd1][0xffffffe5][0xffffff9d][0xffffffe4][0xffffffe3][0xfffffffc][0xfffffff8]q[0xffffffe7][0xffffffba]R[0x17][0xffffffd7]5[0xffffff96][0xf]S*[0xffffffab][0xffffff9b]#F[+[0xffffffb5][0xffffffac][0xffffff84][0x17][0x3][0xffffffa5][0xffffffdb][0xffffffa8]Yv[0xfffffff4][0xffffffb2][0xffffff8b]R[0xfffffff8][0xffffffe1][0xffffffc2]2[0xffffff86][0xffffffb6][0xffffffb4][0xffffffc3]^[0xffffffd4][0x1c][0xffffffe6]L[0x17][0xffffffe7]6[0xe][0xffffffdc]/dR[0xffffffc5][0xffffffe4]y [0xffffffd6][0xffffffa9][0xffffffac][0xffffffa2][0xffffff86][0xffffffef][0xffffffdf][0xffffffe2]([0xffffffaf][0xffffffef][0x1a]Z[0xffffffea][0xffffffd9][0x8][0xffffffde]G[0xfffffffe][0xffffffc6][0xffffffb1][0xfffffff5][0xffffffac]oR[0x15][0xfffffffb][\r][0xffffff83]$s[0xffffffa1][0xffffffb9][0xffffffd5][0xffffff98][0xffffff95][0x9][0x12][0xffffff92]w#rQ[0x19][0xffffffe4][0xffffff96][0xffffffc6]*[0xffffffb7][0xffffff9c][0xfffffff3][0xffffffbd][0xffffffa3]Qqb[0x0][0xfffffff7][0xffffffaa]a[0xffffff9e].[0xfffffff7]*[0xffffffa8][0xffffffa3][0xffffffc2][0xffffffe4][0xffffffd2][0xffffffe9][0xffffff8d][0x10][0xffffff98][0x1c][0xffffffd2][0xffffffbf][0xffffffa5][0xffffffec]3[0xffffffd7][0x16]a[0x8][0xffffffe9]p[0xfffffffb]R[0xffffffab][0x14][0xffffff80][0x3][0xffffffed][0x10][0xffffffc6][0xffffffd5][0xffffff9c]<[0xffffffeb][0xffffff89][0xffffff82]kr[0xffffffed][\r]2'D_[0xffffffda]][0xffffffbe][0xfffffffc]![0x1f][0xfffffffc][0xffffffb8][0xffffffb0][0xffffffc8]M[0xffffff96][0xffffffff][0xffffffcb].[0xffffffa5][0x9][0xffffffad]=[0x16][0xffffffdd][0xffffffdc]s[0x6][0xffffff8b][0xffffffd7][0xffffffd5]R[0x16][0x16]kW[0xffffffa6]0M[0xffffffff][0xfffffffd][0xffffff8b][0xfffffff8][0x19][0xffffffce]P~[0xffffffd7]>[0x18]Q[0x6][0xfffffffc]@m[0xffffff93]!dS[0xffffffa8][0xffffffad]d[0x3][0xffffffca][0xffffff93][0xffffff93][0xffffffa6]f[0xffffffb1]k_[0xffffffe7][0xffffffb0][0x4]'H5Dd[0x9][0xffffffaa][0xffffff87][0xffffffde]0)[0x19][0xffffffde]e^[0x19][0xfffffff7][0xfffffff1][0x17]<[0xffffffe1][[0xffffff8b]c[0xffffff8e][0x1a][0xffffffc2]-[[0xffffff8d][0xffffff9b][0x0][0x16]Bt[0xffffff9a][0xffffff94][0xffffffa7]0[0xffffffcc]_[0xffffffe3]?[0xffffffeb][0xffffffe9][0xffffffbc][\n]"
08:05:03.597 [main] DEBUG com.github.dockerjava.zerodep.shaded.org.apache.hc.client5.http.wire -- http-outgoing-2 << "[0xffffffde][0xffffffeb][0xffffffe6][0xffffffb2][0xfffffff1][0xffffffcc][0xffffff86][0xffffffa7][0xffffffc8]_[0xffffffc8][0xffffffb8][0xffffffe2][0xffffffca]w"st[0xffffffd1][0xffffff8d]p[0xffffffc2]t[0x14]s[0x15][0xffffffad][0xffffff9f]x_h[0x15][0xffffffb9][0xffffff99][0x3]6[0x11][0x13][0xfffffff0][0xffffff8e][0x19]V[0xffffffb7]8R[0xffffffdc][0xffffffc9]qB[0x11][0xffffff9d][0xffffffe6][0xffffffbf][0x13][0xffffff83][0xffffff9e][0xfffffff9][0xffffffba]>A[0xffffffee][0xfffffff4][0xffffffd1][0xffffffc3] [0x14][0xffffff9d]M[0xffffffd1]o[0xf]>;{[0xffffff8f][0xffffffaf][0xffffff87],[0xffffffeb]C*[0xb]([0xffffffee][0xffffffb4][\r][0x0][0xffffffb0][0xffffffb8]vt!D[0xffffff9b] X[0xffffffc4][0xffffffa5]X[0xffffffdf][0xffffffaa][0xffffffa9][0xffffff9e]+[0xffffffbe],[0xffffffdf][0x0]h[0xffffff81][0xfffffff7][0xffffffbe]8r7[0xffffffa1]J[0xffffffe4]a[0xffffff8f][0xffffffa0][0xfffffff6][0xffffff91][0x7]_[0xffffffaf][0xffffffe1]Y[0xffffffd6]?.f[0xffffff9a][0xffffff91]d[0xffffffd5][0xfffffffb][0xffffffdb]"jK{[0x13][0xffffff9b][0xfffffffa][0xfffffff7]i[0xffffffd2][0x15][0x16]^[0xffffff9a]A[0xffffffb5]%E[0xffffffeb][0xfffffff6][0xffffffa8][0xffffffac][0xffffffce]g[0xffffff98][0xffffffde][0xffffff84][0xffffffc5][0xffffffc8][0xfffffff1][0xffffff87][0xffffffd6],[0xffffff95][\r],.[0xfffffff7][0xffffffd4][0xfffffff0];0{q[0x13][0xffffffa1][0xffffff95][0xffffffcd]_[0x13][0xffffffda]E[0xffffffdc]C[0xffffffa9]E[0xffffffee]7[0xffffffe1][0xf][0x10][0x0][0x1a][0xffffffbc][0xffffffb3][0x10][0xffffff8e][0xffffffcb][0xffffffdb][0xffffff8d]s[0xffffff84][0xffffffc5]n5[0xffffffab][0xffffffc1][0xfffffff0]_[0xffffffa1][0xffffffc4][0x12]rf[0x9]|[0x1a][0x8],[0x12]aT[0xffffff9b][0xffffffca],a{F"1i[0xffffffca]u[0xffffffa6][0xffffffd7]|[0xffffff88][0xffffffdf]R[0xffffffe9]C[0xffffffa8]T[0xffffff9a][0x1][0x7f]/[0xffffff8b][0xffffffa2]N[0xffffffdd]M[0xffffffaf][0xffffffdd][0x4]i[0xffffffb3]vN[0xffffffdc][0xffffffe8][0xffffff86][0x3]L[0x8]P[0xffffffc2][0xfffffff7][0xffffffe3]8[0x1b][0xffffffd9][0xffffffe2][0xffffff86][0xffffffd4]CL[0x19][0xffffffaf][0xffffff92][0xffffff89]u[0x10][0xffffffa0][0xffffffb7][0xffffffcc][0xffffffc3][0xffffffb4]I[0xffffff9a][0xffffffdc][0xfffffff8][0xffffffb7][0xffffffde][0xffffffbd]6[0xfffffff6][0xffffffe4][0xffffffef][0xffffffc3]Z[0x8]P[0x1e][0xffffff82](\[0x1f]{[0xffffff86][0x2];[0xffffffe5][0x2][0x19][0xffffffa2][0xfffffffe][0xffffff96]ry[0xffffff97]h[0xfffffff8][0xffffff8f][0x1e]e[0xffffff98]|[0x5][0xffffff98]([0xffffffdd][0x15][0xffffff84][0xffffffb7]8[0xffffffc5]R[0xffffff9c];<[0xffffff96][0xffffffca][0xffffff94]&[0xffffffa6][0xffffffb6]OOrF[0xffffffaf]2R[0xffffffd5]bM[0xffffffcd]ku[0xfffffffe][0xffffffea]o[0xffffffb8]`VqMT[0xffffffc5]%[0xffffffcc][0xffffffed][0xffffffc8][0xffffff8d][0xffffffbd][0x8]y[0xffffff8d][0x1b]![0xffffffa1][0xffffff9d]p[0xffffffad]Vr+[0x19]k3[0xffffff86][0xfffffff2]++8R[0xffffffb0]@y[0xffffffa8][0xffffff82][0xffffff9f][0x17][0xffffffe6][0xffffff9f]8wj[0xffffffca],/[0xffffffef]h[0x10]|[0xffffffad][0xffffffde]M[0x6][0x9][0xffffffcd][0xffffff8f][0xffffffd2][0x14]YI[0xffffffac][0x1f]/[0xffffffd6][0xffffff93]Z[0xfffffffe]][0xffffffa1]Z[0xffffffb8][0xffffffda][0xffffffcd][0xffffffd1][0xffffff8e]T[0x17]ax[0xffffff9c][0xffffffbb]~[0xffffff8f]'[0xffffffa3]<[0xffffffd9]_[0xffffffb5]%[0xffffffc4][0xffffffea][0xffffff91]ln[0xffffffad]}[0xffffffdf][0xffffffaa][0xffffffbf][0xffffff93][0xffffffe5].h8[0xffffffc0][0xffffff9b]ZL[0x1e]![0xffffff99][0xffffffd0][0xffffffbc]9C[0xffffffc1][0xffffffbb][0xffffff90][0x10]r.[0xfffffffa][0xffffffc4][0x0][0x0]N94[0x0]x[0x0][0xfffffff0][0xffffffd3][0x7f][0xffffffd3]k[0xfffffffb][0x7f]^[0xffffff82][0xffffffa2][0xffffffd1][0xffffffc4]G[0x1b]F[0xffffff91]g b&R[0xffffffd9]P[0xffffffbc][0xfffffff7][0xffffffb3]1[0xffffff82]9[0xffffffdd]o[0xffffff82][0xffffffb6]v 9[0x0]p[0xffffffaa]x[0xffffffde][\n]"
08:05:03.597 [main] DEBUG com.github.dockerjava.zerodep.shaded.org.apache.hc.client5.http.wire -- http-outgoing-2 << ")[0xfffffff8]/[0xffffffd6][0xffffffab][0xffffff87][0xffffff84]'[0xffffff91]j9[0x1][0xe]f=K[0xffffffa4]u">Z[0xffffff90][0xffffffa7]<[0x0][0xb] I[0xffffffe8]9[0xffffffd7][0xffffffa5]n[0xffffffbf][0xffffff9d]L[0xfffffffe][0xffffffc9]/[0xffffffed][0xffffffff]_[0xffffffca][0x2]8[0xfffffff0][0xfffffff4][0xffffff95]Zh[0xffffffa4][0x0][0x1c]2[0xffffff96][0x6]'[0x18][0x0][0xffffff80] h[0x0][0xffffffe0][0x6][0xffffffe0][0xffffffaf][0xffffffff][0xffffffc6]wL yg[0xffffffae][0xffffff92][0xfffffffe]AjDh[0xffffff86]u[0xffffffa1]*[0xffffffff][0xffffff99][0xffffff8c]"V[0xffffff80][0xffffff81][0x2][0x0] [0x6][\r][0x0]C[0x0][0x2][0xffffffd2][0xffffffdf][0xffffffb8][0xffffffba][0x13]$[0xffffffef][0xffffffc2]Z[0xffffffd2][0xffffffbf][0xffffffb1][0xffffffa2][0xffffff8e]=[0x8]/o[0x5][0xffffffe2]*[0x0] R>[0xfffffffc][0xffffffd8][0xffffffde][0x9][0x1f][0xffffffa9][0x15][0xffffffc2][0xfffffffa][0xffffffc7][0xffffffaf][0xffffff93][0xffffffa2]+C[0xffffff95][0xffffffa7]5Yv[0xffffffff][0xfffffff1][0xffffffc1][0xffffffc5][0xffffff81][0x5]!oPJ[0xffffff88][0xffffff86][0xffffffb9]b[0x1e][0x1f]S[0xffffff9d][0xffffff98][0xffffffbf][0x4][0xffffffb4]K0#V[\r][0xffffffb7][0xffffffef][0xffffffd9][0xffffffdd][0x13][0xffffffe2][0xfffffff3][0xffffff91][0xffffffc2]E[0xffffffea]T[0xffffff93][0xffffffce][0xffffffd3])[0xffffffca][0x12][0xffffff8f]^e9[0xffffffc4]2[0x1][0x11]?W[0x15][0xf][0x4][0xffffffff]V[\r][0xffffff9e]2[0x13]9|W![0xfffffffa][0xffffffe6]7[0xffffff9c]uG[0xffffff86][0xffffffea][0xfffffff4] [0xffffffc3][0xffffffbe][0x1f][0xfffffff8][0xfffffff6]z[0xffffffa3]{[0xffffffe6]-[0xffffffd7][0xffffffb4][0xffffff8d][0xffffffb6]Q6[0xffffffb9][0x17][0xffffff86]K[0xffffff9c][0x1][0xffffffff]'[0xffffffd7]u[0xffffff93]L[0xffffffed][0x2][0xffffffb3][0xffffffc9][0x18][0xffffffe9][0xffffffba]6x[0xffffffeb][[0xffffff91][0xffffffdd][0xffffffd1][0xfffffff4][0xffffffb3]>5[0xfffffff6][0xffffffb6]%[0xffffffdb][0xffffffe0][0xffffffd8][0xffffffcf][0x5][0xffffffe5]*A[0xffffffa5][0xffffff8f][0xffffffbc][0xffffffa8][0xffffff85]n[0xffffffc3]+[0x0][0x0][0xffffffa6][0xffffffa1][0x1]$z[0x0][0xffffff81][0xffffffe5][0xffffffbf]W[0x14][\n]"
08:05:03.597 [main] DEBUG com.github.dockerjava.zerodep.shaded.org.apache.hc.client5.http.wire -- http-outgoing-2 << "[0x0]Hd[0xffffffc2]Y[0xffffffd7][0xffffffff][0xffffff92]:[0x4][0xffffffb9][0xffffffa1]a[0xffffffc0]|c'[0xffffff8d][0x4]8:[0xffffffee][0x8][0xffffffdd][0x6]6[0xffffffb6][0xffffff93]1[0xfffffff6][0xfffffffc][0xffffffa8][0xffffffcf]&l[0x11][0x11][0xffffffbe]W[0x7]k[0xffffffec][0xffffffdb][0xffffffd2][0xffffffc9][0xffffffff]T[0xffffffd6][0xffffff85][[0xffffff95][0xfffffff1]Tpm[0xfffffffa]3[0xfffffff7][0xffffffa7][0xffffffb6]r[0xffffffb9]*2[0xffffff9a]0[0xffffffa3][0xffffffae],w0B[0xffffffe3]-[0xffffffd7]p [0xffffff9a]B[0xffffff98][0xffffff97],[0xfffffffb][0x3][0xffffffd2]D[0xffffffa8]@b[0xffffffa9][0xfffffff3]#Z%[0xffffff94][0xffffffce][0xffffffb9][0xffffffda][0xffffffeb][0xffffffe4]z[0xffffffe6][0xfffffff3][0xffffffe2][0xffffff82]H! [0x3][0xffffffed][0xffffffd7]ji|(ENI[0xfffffffe]X[0xffffffbb][0x1b][0xffffffa2][0xffffff85][0xffffffcb][0x1a][0xffffff8f]X[0xffffffe4][0xffffffd3][0xffffffeb][0xffffff9c][0x11]Xuv[0xffffff87]"[0xffffff91][0x2][0xffffffd6][0x19][0xffffff97][0xffffffed][0xffffffdb]:[0xffffffa2][0xffffffcf][0x1a][0xffffffd1]\aN[0xffffff8c][0xffffffe8][0x16][0xffffff84][0xffffffd4][0xfffffffa][0xffffff8b]UnT6[0xfffffffd][0xffffffae][0xffffffe9]vn[0xffffff83]}[0xffffffb6]i[0xffffffeb]Ct[0xfffffff6][0x4]3J`[0xffffffd2]w[0xffffffb6][0xffffff8a][0xffffffea]h[0xffffffcc][0xffffffb2]l[0xffffffb5][0x12][0xffffffd7][0xffffffa3]<j[0x5][0x6][0xffffffbb][0xffffff9a][0xffffffaf][0x19][0x6][0x1b]a[0xffffffe0][0xffffffe5][0xffffff8a][0xffffffb3]|[0xfffffff5]5[0xffffffaf]ox[0xffffff80][0xfffffff7]O[0xffffff99][0x1e][0xffffffca][0x7][0xfffffff4]z[0xffffffa3][0xffffff89][0xffffffa9][0x16]W[0x10][0xffffffb5][0xffffffe4]`j[0xffffffb6][0x7]p[0xffffff88]QS[0xffffffed]o[0xfffffff4][0x7f][0x1e]g[0xffffffe9][0xffffffcd]F[0x7f][0xffffffe9]M[0x7f][0xffffffcc][0xffffffbf]af[0xffffffc6]Y[\n]"
08:05:03.597 [main] DEBUG com.github.dockerjava.zerodep.shaded.org.apache.hc.client5.http.wire -- http-outgoing-2 << "[0xe][0xffffff9f]r[0xffffffce][0x14][0xffffff80]/f[0xffffff8c][0xffffffab][0xffffffcc]R[0x19]0[0x11][0xffffff82]q[0xffffffa7][0xffffffb6][0xffffff88][0xffffffcb][0xffffffb6]3[0xffffffec][0xffffffe5][0xffffff8c]>[0xffffffad][0xffffff81][0xffffffc5][0xffffff85][0xffffff9d][\r][0xffffffdd][0xffffffa4]UK[0xffffffec][0xffffff8f][0xffffff83][0xffffff9f][0x19][0xffffffc7][0xffffffcb][0xffffffd4]vE[0xffffffd8][0xffffffdc][0xffffffd5][0xffffffc6][0xffffffed][0xffffff9f]:~A[0xffffffe4]A[0xffffffc2][0xffffffbe][0xfffffffc]9[0x1b][0x16][0x7]wCd<y[0xffffff90]O[0xffffff86][0xffffff8d]*[0xffffffce]Y[0xffffff80]c[0xffffffe6][0xffffffde][\r][0xffffffca]i[0x1e][0xffffff93]][0xffffffe9][0xffffff82]mV[0xffffffed][0xffffffff][0xffffff84]?&[0x15]1[0xffffff88][0xffffffe5][0xffffffe5][0xffffffd4]A[0xffffffc5]~=a([0xffffffea][0xffffff84][0xffffffa6]Y[0xffffff98]+cO}[0x18][0xffffffd7][0x4]v[\r][0xffffffcd]b^[0xffffffd7][0xffffffda][0x15]US[0xffffffaf][0xfffffff6][0xffffff89][0xffffffb2]^[0xffffffa8]4[0xffffffe1][0xffffff90][0xffffffca][0xffffffb2][0xffffff91]W[0xffffff83][0x7f][0xffffff94][0xffffff89][0xfffffff2][0xe]F( [0xffffffad][0x13]~[0xffffff95][0xffffffe5][\r]u[0xffffffb6]R[0xffffffff][0x3][0xffffffe5]j[0xffffffa2][\r][0xffffff90][0xffffffc4]+[0xffffffc6][0xffffffbe][0xffffff8b][0xffffffe8][0xffffff88][0x2][0xffffff9d]2 [0xffffffdd][0x11][0xf][0x1c][0xffffffa1]][0xffffffd8]wE[0xffffffd4][0xe]i[0xc][0xffffffa3]_[0xfffffffa][0x11][0xffffffcc]5[0xffffffee][0xe][0xffffffea]A?[0x7][0xffffff9a][0xffffffa1]c[0x1b][0xffffff91]G[0xffffffde]Z:j[0xffffffd3][0xffffffd4][0xffffffb3][0xffffff84][0xffffff81]p[0xffffff92][0x1][0x7f]5d[0xffffffb0][0xffffffcf][0xffffffda][0xffffffa1][0xffffffd3][0x12]R[0xffffffce]Fh[0x18]=[0xffffffc3][0xfffffff5]a[0xffffffc1][0xfffffff8]g5[0xffffffff][0xffffff87]M[0xffffffa5]2P[0x5][0xffffffff]+[0xffffffba][0xffffffe8]F|64[0xffffffdc][0xffffffb8][0xffffff9a][0xffffffa0][0xffffffbd][0xffffffb5]b[0xffffffaf]^[0xffffff96][0xfffffffc]qhKOU[0xffffffdb][0xffffffe6][0xffffffa3]{ 2[0xffffff9f]u[0xfffffff3]e[0xffffffca]~[0xffffffa2][0xffffffe5][0xffffffab][0xffffffb7]Yd\[0xffffffcd][0xffffffe1][0xffffff94][0xfffffff2]LN[0xfffffff6][0xf][0xffffffee]N)[0xffffffc3]P[0xffffffb4][0xfffffff5]A[0xffffffa4][0x18][0xffffffd0][0xffffff90]60V[0xffffff97][[0xffffffcf][0xffffff84]a[0xf][0x8]u[0xffffff83][0xffffffd4][0x12]}[0x14][0xffffff91][0xffffffda][0xffffffcd] ^[0xffffffde][0x1a][0xffffff8c][0xffffffa3][0xfffffffc][0xffffff8d][0xfffffff9][0xffffffe9][0xffffffef][0xffffffbe][0xffffff9c][0xffffff8f][0xb]I[0x3][0xfffffff9][0xffffff9a][0xffffffaf][0xffffffed][0xffffffc5][0x16]G[0xffffff84][\r][0xffffffb2][0xfffffffb]}[0x1c][0xffffffac][0x13]3[0xffffffbb][0xffffff8a][0xffffffbe]N[0xffffff91][0xffffff9a][0x8][0xffffff83][0xffffffd5]&[0xffffffe3]+[0xfffffff0][0xffffffdb];[0xffffff8d]`[0xffffffb4]sd|[0xffffffc7][0xfffffffb]N}S[0xffffffa9][0xfffffff5][0xffffffed][0x1f][0xffffff9f][0xfffffff3][0xffffff8e]1[0xffffffc9][0xffffffe1]`I[0xffffffad][0xffffffb7]4IG[0xffffff95]a[0xffffffeb][0xb][0xffffffed][0xffffffbd][0xffffff95][0xffffffda][0xffffffdf][0xffffffa0][0xffffffcf]W[0xffffffbf][0xffffffd6]-[0xffffffc2]V[0xffffff8d][0xffffff96]S[0xffffffd1][0xffffff83][0xfffffff6][0xe]R~[0xffffffc3]lk[0xf][0xfffffff0],u[0xfffffff3]&[0xffffffee][0xfffffffb]m[0xffffffe0]F[0x4][0xffffff89]k#[0xffffffbe]b;Q\u[0xffffffb6]l[0xffffffee]\[0xffffffb5][0xe]rN}0[0xffffffb5][0x1f][0xffffffeb][0xffffff8a][0xffffffaf]v[0x7][0xffffffd4][0xc][0xffffff93]/[0xffffffb4][0xffffffb5]x"[0xffffffdf][[0x19][0xffffffbb]s[0xffffffc7][0x9][0xffffff80][0xfffffff8]k[0xffffffcb][0xffffffb4][0x1b]3[0xffffff9b][0x13][0xffffffd5][0xffffffcd]1l[0xffffffc3][0xffffffcb][0x1e][0xffffffa0]^5O[0x1a][0xffffffcb][0xffffffb7];[0xf]][0xffffff94]C[0xffffff98]K[0xffffffd2][0xffffffc4][0xffffffc1]"[0xffffff83]t_[0xffffffb2][0x7][0xfffffff8]>O[0xffffffcc][0xffffffaa]E[0xffffffca][0xffffff8b]N[0x7][0xffffff97]@VQ[0x12]R[0xffffffa6][\n]"
08:05:03.597 [main] DEBUG com.github.dockerjava.zerodep.shaded.org.apache.hc.client5.http.wire -- http-outgoing-2 << "t[0xffffffe7][0xb][0xffffff82][0xffffffa4][0xffffff9b][0xffffff8b][0xffffffab][0xfffffff0][0xffffffff]V[0xffffffe5][0xffffffaa]=a[0x7]X[0xffffff8d][0x4]M' [0xffffffa8][0xffffffa4][0xffffffab][0x1a]x[0x1a][0xffffffbd][0xffffffb6]Q[\n]"
08:05:03.597 [main] DEBUG com.github.dockerjava.zerodep.shaded.org.apache.hc.client5.http.wire -- http-outgoing-2 << "sT~q[0xffffffad] 5[0xffffffb4]|R[0xffffffc7][0xffffff86]Pq[0x1d][0x7f]I[0xf][0xffffffe2][0xffffffb0]jG[0xffffff8e][0x17][|[0xffffffc0][0xffffffc2][0xfffffff2][0x1][0xffffffa9][0xffffff81][\n]"
08:05:03.597 [main] DEBUG com.github.dockerjava.zerodep.shaded.org.apache.hc.client5.http.wire -- http-outgoing-2 << ";a[0xffffff9f]<_[0xffffffac][0x1d]4[0xffffffd8]][0xffffffcd][0xfffffffb][0xffffff8c][0xffffffde][0xffffffa3]X[0xfffffff2][0xffffff9d]0[0xfffffffd]h[0xfffffff2]][0xffffffed][0xffffffaa][0xfffffff7]%[0xffffff9f][0xfffffffc][0xffffffb6]iU[0xe]oR[0xffffffe2][0xffffffa3][0x6][0xffffffd6]L[0xffffffd7][0xffffffdf]r[0xffffffb1]s[0xffffffbf][0xffffffde][0xffffffe1]h[0xffffff9b][0xffffffb5][0xfffffff8][0xffffffc5]&u[0xffffff8a][0x10]x[0xffffffd9]|[0xe]"[0x17][0xffffffc3][0x19]B[0xffffff9d][0x15][0xffffffdc][0xffffffd9]k[0xfffffff1][0x1b])[0x12][0x7f]([0xffffff97][0xfffffff1]bN[0xffffffb6]B[0xfffffffe]w[0x9][0x5][0xffffffc3][0xffffffc4][0xffffff92][0xffffffa5]s[0xffffffc3][0xffffff81][0xffffffa8][0xffffff83]}[0xffffff9c][0xffffff83][\n]"
08:05:03.597 [main] DEBUG com.github.dockerjava.zerodep.shaded.org.apache.hc.client5.http.wire -- http-outgoing-2 << "uA[0x8][0xfffffff3]'T[0xffffffab][0xffffff8c]=d[0xffffffab]m[0xffffffdd][0xffffffe2]S[0xfffffff9]\[0xffffffc5][0xffffff9e][\n]"
08:05:03.597 [main] DEBUG com.github.dockerjava.zerodep.shaded.org.apache.hc.client5.http.wire -- http-outgoing-2 << "V[0xf][0xffffffa7]>[0xffffffad]![0x0][0x8]L[0xfffffff4][0xffffff88][0x2][0xffffff80][0xffffff9a][0xffffffe0][0xffffffdd][0xfffffffb]NA?H[0xffffffc2][0xffffff86];[0x0][0xffffffca]uj$[0xffffffeb][0xffffffee][0xffffffc5][0xffffffac]:[0xffffff80][0xffffff9c]z[0xffffffb2][0xffffffe1][0xffffffb1][0xffffff9e][0xffffff87][0xffffffa1][0xffffffe7][0xffffff91][0xffffffa1][0xffffffc3]a'[0xffffffbe]Y[0xffffffb7][0xfffffff3][0xffffff80]cdmQ[0xffffffc1][0xffffffbf]D[0xffffffe7]v[Jy[0xffffff94]I[\n]"
08:05:03.598 [main] DEBUG com.github.dockerjava.zerodep.shaded.org.apache.hc.client5.http.wire -- http-outgoing-2 << "f[0xfffffffd][0xffffffac]j[0xffffff89]7ua[0xfffffffe]h[0x10][0xfffffff5][0xfffffff9][0xffffffbc][0xffffffc7][0xffffffe8]x[0xfffffff4]{[0xf][0xffffffa0][0xffffffc9]ed}[0xffffff97][0xffffffe6][0xffffffb1][0xffffff83][0xffffffbe]Eo[0x1b][0xffffffc5][0xffffff84][0xffffff87][0xffffffcd][0xffffff8e][0xfffffffa]dU[0x8][0xffffffda][0xffffffc3][\r][0xffffffe8]tU[0xffffffb5][0xffffffea][0xffffffa0]O0[0xfffffffe][0xffffffa9][0xffffffc5][0x1e]h[0xffffffc6][0xfffffffa][0xffffffde](*[0xffffffcf][0xffffffd1][0xfffffff9][0xffffffd8][0xffffffb7][0xffffff96]7[0xffffffed][0xffffffad][0x14][0x18]g[0xffffffbd]![0x10]5[0xffffff83][0xffffffd4][0xffffff9e][0xffffffa2][0xffffffab]w[0xfffffff0][0xffffffbd]Y[0xfffffffc]x[0xffffff9b]'[0xfffffff7]z[0x18][0xc][0xffffff9d]q[0xffffffe2][0x16][0xffffffbf][0xffffffe4]Z4[0xffffffa4][0xffffff9c][0xfffffff7][0xffffff90]U$8[0xffffffa0][0x1f]$[0xffffff97][0xffffff89][0x8]9[0xffffffef][0xffffffc8]e[0xffffffeb][0xffffff88][0xffffffcc][0xffffff9b]]8[0xffffffac]9[0xffffffdd]<[0xffffffd7][0xffffff8b]bB[0x1c][0xffffffd2][0xfffffff8][0xffffffa9][0xffffffe5]kQ[0xffffffbe][0x1b]q[0x12][0xffffff9d][0xffffff98][0xffffff8f][0xffffffdc]k5[0xffffffa3][0x1b][0xffffffbd][0xffffffb4][0xfffffff7]X[0xffffffe0]c^[0xffffffd1][0xfffffffb]aQ"X[0xfffffffc][0xffffffa7]ZjX[0xffffffc7]@[0xffffff87]CE[0xffffffc7][0xffffffca][0xffffffdd][0xf][0xffffffe7]c[0xfffffffa][0xffffffde][0xffffffdf]}~[0xffffffd7][0x1a][0xffffffd3][0x6][0xffffffdb]h[0xffffffcd][0xffffffc1][0xffffffc6][0xffffffec][0xffffffe9][0xffffff96]A[0xffffff94][0x17][0xffffffcf][0xffffffb8]%w[0xffffffd8])[0xffffff89][0xffffffdf][0xffffffa7][0xffffffa3][0x1c]>no[0xffffff9c][0xffffff97]_Z[0xfffffff0][0xc][0xf][0xffffff8a][[0xffffffd9][0xffffffa0][0xffffffdd][0xfffffffd]0g[0xffffff9a][0xffffffbb]gQP[0xffffff81][0xffffff8a][0xffffffa7][0xffffffd7]~[0x1d]j[0xffffffd8][0xffffffab][0xfffffff8]{[0xffffffeb][0xffffff80][0x1e][0xffffffce]D[0xffffffb5][0x5][0xffffffe7][0xffffffb1][0xffffff9d][0xfffffff6][0xffffffd2][0xffffffd7][0xffffffd5][0xffffffee]&r[0xffffffb8]9[[0xffffff9b][0xfffffffe][0xffffffaf][0xb][0xffffff86]b[0xffffff90][0xffffffa7]?[0xffffffbc][0x8][0x1c]4g[0xffffffad]:dF[0xffffffcb][0xfffffff0][0xffffffa9][0xffffffec][0xffffff85]0/[0xffffffcb]f[0xffffffb3]u>[0xffffff95]`[0xffffff86][0xffffffe0]p[0xffffffa9]P[0xffffff93]f.[0x16][0xffffffd2][0x15]i[0xffffff87][0xffffffb5][0xffffffd7][0xffffffa9][0xffffff91][\r]~J[0x6][0xffffffc8][0xffffffe5]s[0xffffff8a][0x1f][0xffffff85]B[0xffffffd4][0xfffffff9][0xffffff80][0xffffffce][0xf][0xffffff90][0xffffffe2][0xfffffff1]nx[0xfffffff7][0x11]H[0xffffff91]^[0xffffffd6]Y([0xffffffad][0xffffffee]k[0xffffffd7][0xffffffb8];[0xffffffe4]]{%[0xffffffe5]R[0xffffffcc][0x10][0xffffffd8]C[0xffffffcb][0xffffff80]^[0xfffffffd]l#[0xffffff85][0xffffffd8][0x18]][0xffffffa6]>[0x10][0xffffff9b]2o[0xffffffe5]N:[0x17][0xfffffff0][0x13]4[0xffffffff][0xfffffff3][0xffffff95][\r]*[0xffffffe0][0x18]vM[0xffffff9e][0x12][0xffffffdc][0xffffffd2][0xffffffa4]][0x1a]u[0xfffffff4]d[0xffffffb8][0xfffffffa][0x15][0xffffffcb][0xffffffac][0xfffffff4]j5[0xfffffffe]B[0xffffffa5][0xfffffff2][0xffffffa0][0xffffff84][0xfffffff1][0xffffff80][0xffffffc9][0xffffffb4]G[0xffffff89][0xffffff8a][0xffffffc3]+[0xffffffe0][0xffffff87][0xffffffa8]mQ[0xffffffd2][0x1f]yL[0x10][0xffffffc6][0xffffff81]=[0x1d]Otk[0xfffffff8][0xffffffa5][0xffffffd9][0x1e]M7=ac[0xffffffe7]?[0xfffffffd]Y[0xffffffa5][0xffffffe2]vv%[0xb][0xffffffa8][0xffffffc2][0xffffff91]dL[0xffffffe9][0xffffffb7][0xc][0xffffff8f]l?]][0xffffffac]Am~[\r][0xffffff9f]kWs'[0xffffffe0][0xffffff9c][0xffffffab]\tl9$u![0xffffffed]z[0xffffff98]W[0xffffffcd][0xffffff80][0xffffff85][0xffffffaf][0xffffffc7]~[0xfffffff6]m[0xffffffaa][0x1c][0x16][0xffffffe1][0xffffffa8][0x7][0xffffffb8][0xffffffaa][0xffffffea]r:Z[0xffffffc2]B'[0xffffffe1]0[0xfffffffc][0xffffffc4][0xffffffd9][0x1e]O[0x0][0xffffffcc][0xffffffec][0xffffff8f][0xffffff93]p[0xffffff82][0xffffffa8][\r]_[0xfffffff9][0xffffffb3]g[0xffffffb2][0xffffff97][0xffffffd5][0xffffffd8][0xffffff9e][0xffffffb6][0xffffffd6]4![0xffffff96]`[0x1d][0xffffffc4][0xffffffc8]b[0xffffffd1][0xffffffe8][0x7][0xfffffffb][0xffffffaf]55[0xffffffbc][0xffffffd4][0x1]1[0xffffffc4])Q[0x1a],[0xffffffd7]q_[0xffffff8c]x[0xffffff9f][0xb]KY)[0xffffff92][0xffffff80]^mi[0xffffff8b]=[0xffffffd2]C[0xffffffe0]4[0x16][0xffffffad][0xffffffa3][0x1f]<[0xf][0x19][0x9][0xfffffffb][0xfffffffe]wD[0xffffffd7]w[0xffffffaa][0x17][0xfffffff9]-[0xffffff8b][0x1e][0xffffffaf][0xffffffee]"[0xffffffdc][0xffffff9a]D[0xffffff93][0xffffffce][0xffffff88][0xffffffd6]c+[0xfffffff4][0xffffffb9]RG[0xfffffffd][0xffffffd0][0x1d][0xffffffd0];3g[0xffffffa2][0xffffff88]/-[0x18][0xffffff85][0xffffffc1][0xffffffa2][0xffffff8f][0xffffffdf][0xffffff92][0xe]1[0xffffffe7]<s[0x8][0xf][0xffffff8f]?[0x1b][0xffffffea][0xffffffc5] Nv[0xffffffcc]7[0xffffffd8]S![0x15]E[0xffffffcd][0xffffffc5][0xffffffc2][0xffffffcf][0xfffffff0][0xffffffef][0xffffff89]p[0xfffffff4][0xfffffff8][0xb][0xffffffe0][0xffffffd3][0xffffffa4][\r][0x8]`[0xffffffca][0xffffffa7][0xffffffe8]~[0xffffffed]NX[0xffffffeb][0x13][0xffffffd1][0xfffffff2]#?[0xffffffcb][0xffffffdd]6[0xffffff8c][0x18]-[0xffffffa4][0x4]E[0xffffff9c]~[0x1d][0xffffffa2]\[0xffffffdd] [0xfffffff6][0xffffffd5][0xfffffffa][0xffffffbe][0xe][0xffffffc9][0xffffff9e][0xffffffe3]j[0xffffff88][0x9][0xffffffc2][0xffffffd8]7Q5UB[0x11][0x1f]z0[0x1e][0xffffff8a][0xffffffaa][0xffffffb9]8[0xffffffe0][0xffffffb9][0xffffffc2][0xffffffbf][0xfffffff1]{[0xffffff99]f[0xffffff85]B*_3ry|X[0xffffff8d]^[0xffffffe5])>[0xfffffff0][0xfffffff8][0xffffffe6]AA[0xffffff83][0xffffff82][0xffffff80]R[0xc]?[0x0]Y~[0xffffff90][0xffffffd3]H[0xffffffeb][0xffffffc1]M[0xffffff99][0x14]e[0xffffffe4][0xffffffa9][0xffffffdc]kT[0x17][0xffffffb6][0xfffffffe]d[0xffffffcf][0xffffffe2]U[0xfffffff2]M`[0xffffffc2][0xffffffc3][0x0][0xfffffffd][0x7]A[0xffffff95][0xfffffffe][Y[0xffffff8d])[0xffffffee][0xffffffc5][0xffffff9c][0xffffffaf][0xffffff9e][0xffffff8c][0xffffff8e][0xffffff80][0xfffffffb][0xffffff97]I[0x3][0xffffff96][0xffffffdd]'Z[0x1a][0xe]c[0xffffffd5][0x2][0x1f][0xffffffe6][0xfffffffc][0x1][0xffffffda][0xfffffffe][0xffffffbc][0xffffffbb][0xffffffb0]_[0xffffffb6]Q+[0x1c])~[0xffffff92][0xfffffffc][0xffffffe3]Cy[0xffffff94]uP[0x1c][0xffffffaa][0xf][0x18]![0x14][0xffffffeb]U[0xffffffd3],[0xffffffe1][0xffffff9a]6[0xffffffd7]Kr[0xffffffc4][0xffffffd6][0xffffffe9][0xffffffc9]BJL[0xffffffc9][0xffffffeb]H[0xffffff93]UT[0xffffffc0][0xffffffd2][0xffffff8f][0xc][\r][0xffffffde][0xffffffaa]`[0xffffffae]1GW[0xffffffae][0xffffffba]3[0xffffffcd][0x1b][0xffffffed][0xffffff94]*BTb[0x1b][0xffffffb0]j[0xfffffff0]X.[0xfffffffa][0xffffffe3][0xffffff9a]I[0xffffffca][0xffffffc2]0[0xffffffab][0xc]I[0x18][0xffffff85]$[0xffffffcf][0xffffffdc][0xffffffd9]s[0xffffff89]3o1[0xffffffc5][0xffffffd2][0xfffffff1][0xffffff90][0xffffff83]fl[0xffffffd3][[0xffffff8d][0xffffff82]L[0xffffffe2]z[0xffffffaa]SzQOe[0xffffffd3]l[0xffffffe4]K[0x1b]W[0xffffff84]+[0x1c][0x17]}2,[0xffffff94][0xfffffffc][0x3][0x14][0xffffffc2][0xffffffa8][0xfffffff9][0xffffffab][0xffffffad]/[0xffffffed][0xffffff9c]L[0xb][0xffffffaf][0xffffffb6][0xffffffbb][0xffffff89][0x1a][0xffffffe1]z[0xffffffcf][0xffffffd1]5[0xffffffe1][0xfffffff6][0xffffff9f][0xffffff8a][0xffffffa8]z[0xffffff8b]1B[0x7][0x17][0xffffffad][0xffffffe7]?8@[0xffffffc1][0xfffffffe][0xffffffc8][0xffffffa8][0x11][0xffffffc6][0x4][0xffffffa7]N[0xfffffffa][0xffffffe2][0x1d][0xfffffffe][0xffffff86][0xffffffa9][0xffffffc9][0xffffffe2]I%[0xffffffed][0xffffff93][0x7f]$[0x10])0[0xffffffdf]E[0xffffffcd]#[0xffffff82][0xffffffcb][0xffffffa9][0xffffff8a]WI?Dso$[0xffffffd2][0xffffffe9][0xfffffff8]V[0x1d][0xffffffe9][0xffffff8a]r[0x9][0xfffffffe]@[0xffffffea][0xffffffbd][0xffffff8d]p=v[\r]C[0xffffffef]c[0xffffffcc]b[0xffffffd9]Q[0xffffffac][0xfffffff0][0xffffffac][0xffffffaf][0xffffffb7][0xffffffe2]4[0xffffffa6]fA[0xffffff9f][0xfffffff6]i[0xfffffff5][0xb][0x16][0xffffff9b]n[0xffffff95]i[0xffffffb4][0xffffffaa]}[0xffffffd0][0x6][0x1e][0xffffffd6][0xffffff9b][0xffffffba]@[0x1b][0x2]G![0xffffff93][0xffffffad][0xffffffee]W[0xffffffbc][0xffffff82][0xffffffe3]1[0xffffff89]b=e[0xffffffb3][0xffffff95]U[0xffffffd9]J[0xffffffe8][0xffffffcd][0xffffffc4][0xfffffff2][0x2]~[0xffffffd8]Z[0x12]3[0xffffffa3][0xffffffb0][0xffffffcd]~[0xffffffab][0x1][0x11]1[0xffffff8b]+C[0xfffffff7][0xffffffbc][0xffffffe9]g[0xffffffa0]%[0x1c][0xfffffffd][0xb][0xffffffb1][0xffffffc1][0xfffffffa]x|[0xffffffde][0xffffff84][0x1b][0xffffffcd][0xffffffe9]N[0xffffff96]{0[0xffffffca]Q[0xffffffc9][0xffffffc3][0xffffff8b][0xfffffff0][0x11]f[0xffffffcf][0xffffffb5][0xffffffa9]J[0xffffff9a][0xffffff81][0xffffffea][0xffffffb8][0xfffffffe][0x2][0xfffffffa][0x7][0xffffffb6][0xffffff81][0xffffffd9][0xffffffdc]qA[0x2]9[0x3]|[0xffffffd1]e%[0xffffffcc]w]HD[0xffffffd7]qeq[0x16][0xffffff91][0x10][0x1][0xffffffc6]6&b{[0xffffffa1][0xfffffff5]L[#%Dj[0x14]j>[0xffffffaf][0x13]=[0xffffffa4][0xffffffd3][0xffffffb2]f[0xffffffd3][0xffffff9d]tUf[0xfffffff3]od[0xffffffc4][0xfffffff1][0xffffff81][0xffffff8d]S[0xffffffc9]}[0xffffffa1][0xffffffd9][0xffffffee][0xffffff93]![0xffffffae][0xffffffa9]-C[0x15][0xffffffa0]s[0xfffffff5]3[0xffffffce][0xfffffffb]A[0xfffffff0]<[0xffffffa1]{[0xe][0x10]R4[0xffffffdc][0xffffffa9][0xffffff90][0xffffffaf][0x18]k[0xffffffe4][0xf][0xffffffe8][0xffffffa6][0xffffff97][0xffffff99][0xffffff8f]*[0xfffffff7]v[0xffffffa4][0x1e][0xffffff88]e[0xffffff99][0xfffffff4]bfA[\n]"
08:05:03.598 [main] DEBUG com.github.dockerjava.zerodep.shaded.org.apache.hc.client5.http.wire -- http-outgoing-2 << "[0xffffffbf][0xffffffeb][0xfffffffd][0xffffffdf][0xffffff83][0xffffff89][0x0][0xfffffff9]`[0xffffffa3][0xffffffac]Y[0xffffffc7][0xffffffbb][0xffffffc7][0xffffffdb][0x15]+[0x12]sr[0xffffff95][0xffffff8c][0xffffffc7][0xffffff8e][0xffffffad]i[0xffffff92]_[0xffffff97][0x14]q[0xffffffe4])[0xffffffe4][0x1e]_[0xfffffffa]Y[0xffffffb1]m[0xffffffaf]=[0xffffffc5][0xffffffec][0xffffffc1]([0xffffffcb][0xffffff9b]u[0xffffff90][0xffffffc9][0x5][0xffffff9e][0xffffff8a][0xffffffe7]~[0xffffff92]=[0x18][0xffffffd3]_[0xffffff85]:[0xffffffb5][0xffffffa7]Xd[0xffffffda]u?Ze[0xffffffd0][0xffffffb0]?[0xffffffc5];8[0xffffff98][0xfffffff9][0x1c]o[0x12]b[0xffffffa4]J[0xffffffb9]3[0xffffffc7]{[0x13][0xffffffbc]9[0xffffffda][0xffffffde][0x7f]b[0xffffffa5]6[0xffffffd1]q[0xffffffca]Iq[0x7]X[0xffffffa0]([0xfffffff4]pC0[0x5]/7g[0xffffffb4][0xe]F'[0xffffff8e]([0xffffffbc]'Xv[0xffffff92]Od][0xffffffb7][0xffffffee][0xffffffc1]2p[0xfffffff1][0xffffff95]d[0xffffff87][0xffffffc9]Q8[0xffffffd9][0xffffffb3][0xffffffbc][0xffffff94][0xffffff81][0x19](w[0xffffffda][0x17][0x1b][0xffffffbc][0xffffff93][0xffffff98]R[0xffffffbd][0xfffffffd][0xffffff80][0xfffffff6]X[0xffffffb0]+[0xffffffce][0xffffff88]y[0xffffffbf][0xffffffe0]~e[0xffffffa9]7[0xffffff9a]q[0x1c][0xffffffd2]H[0xe]8B[0xfffffffa]n>[0xffffff9f][0x12]}[0x1d][0xffffff8d][0xffffffe3]B1h[0xffffffaa]\[0x1b][0xfffffffd][0xffffff87]*'*[0xffffffc5][0xffffff9e][0xffffffa9][0xffffffcd][0x1e]![0xfffffff2]a[0xffffff82][0xffffff92]kJ[0xffffff80]w9S[0xffffffa9]v[0xffffff96][0xc]#[0xffffffde][0xffffff90][0xffffffe4][0xfffffffb][0xffffffd7]1[0xffffff8d][0xffffffd1]F[0xffffffdd][0xffffffce][0xffffff96][0xffffffe9][0x17]\[0xffffffde][0xfffffff6][0xffffff9e][0xffffff8a][0xffffffc1]B[0xffffffa9][0xffffffe4][0xffffffd5]Kwu[0x13][0xffffff97]TCe[0xffffffc7][0xfffffff5][0xffffff9e][0x1a][\n]"
08:05:03.598 [main] DEBUG com.github.dockerjava.zerodep.shaded.org.apache.hc.client5.http.wire -- http-outgoing-2 << "[0xffffff9c][0xffffffb8]f.[0xffffff94]>[0xffffff83][0xffffff86]ea3[0xffffffd1]a\tC[0xffffffc4][0xffffffac][0xffffffab]6h[0xffffffb1].[0x7]$[0xffffffca]~[0xffffff83][0xffffffb0][0xffffff91]+Z[[0xffffff9e]%[0xffffffd5]q[0xffffffe4]I[0xffffffad]=[P[0xffffff89]h[0xfffffffb]B[0xffffffb7]X[0xffffff84][0xffffff9f][0x11]U[0xffffff84][0xffffffd3]\d[0x4]S[0xffffff8a][0xffffff89][0xffffffae][0xffffff8d]V[0x6][0x2][0xfffffff5][0xfffffffc][0xffffffb1]NR[0xffffffac]V[0xffffffa0][0xffffffa6][[0x10][0x13][0xffffffad][0x1a]G.Z[0xfffffff5][0xffffffe3][0xffffffba][0x4]o[\n]"
08:05:03.598 [main] DEBUG com.github.dockerjava.zerodep.shaded.org.apache.hc.client5.http.wire -- http-outgoing-2 << "[0xffffff9c](Rb[0xffffffab];[0x6]N[0x3][0x5][0xfffffffe]n[0xffffffcd]b[0xffffffcd]|c[0xffffffc3][0xffffffe2][0xffffffc9][0xffffffed]ic[0xffffffad]n[0xffffffc2]L[0xffffffd7]nf[0xffffffce][0xffffffb1]0[0xffffff88][0xffffffa0][0xffffffbe][0xc][0xffffff9e][0xffffffdf][0xffffff96][0xffffff8e][0xffffffc5][0xffffff91]Q[0xffffffaf][0xffffff90][0x1f] [0xf][0xffffffa7][0xffffffad]?[0xffffffd9]&[0xffffffa6]Z[0xffffffdf][0x16]%WBG[0xffffffac]b[0xffffffb5][0xffffffe6][0xfffffff3]w)qEG[0xffffffb2]*[0x18]T[0x11][0xe][0xffffffa2][0xffffffe4]J][0xf][0xffffffd3]&D[0xffffffe0][0xffffffa7][0xffffff88]m[0xffffffec]A[0x6]J\[0xffffff96]+[0xffffff93][0x1e]q\lQ40}=[0xfffffff6][0xffffffd5]fv[0xffffffad][0xffffff9c][0xffffff9b][0x17][0xffffff9c][0xffffff85][0xffffffd5]w[0xffffff9b]Z[0xffffffc8][0xffffffb2][0xffffff85][0xffffffac][0xffffffd7]t[0xffffffec]/[0xfffffff4][0x17]JY[0xffffff88][0xffffffda]r[0xfffffff1]dY[0xfffffffd][0xfffffff5][0xffffffe0]N/*P[0xffffffbc][0xffffffb6]AT=[0xffffffa3][0xffffff89][0xffffff80][0x8][0xfffffff7][0xffffffec][0xffffffe1][0xffffffec][0xffffffa0][0xffffffb3]3q[0xffffff89][0xffffffaa]~[0xffffff9e]_[0x15]T[0xffffff8a][0xffffffd6][0xffffffc6][0xffffff84]I[0x18][\r][0xffffffe5]y[0x3]8[0xffffffbe]*[0xffffffbf][0xffffff90][0xffffffa7][0xffffffaf]\ibz;[0xfffffff8][0xffffff9b]W[0xffffff94][0xffffff8e][0xffffffdd][0x9]n[0x15]V%[0xffffffc6]z[0xffffffdb][0xb][0xfffffff6][0xffffff82]hD[0xffffff89][0xffffffbe]T[0xffffffeb]!g[0xe]In[0xffffffc1][0xffffffac]i[0xffffffa3][0xffffffe9]N@P[0xffffffac][0xffffffbd][\n]"
08:05:03.598 [main] DEBUG com.github.dockerjava.zerodep.shaded.org.apache.hc.client5.http.wire -- http-outgoing-2 << "[0xffffffb1][0xffffffdd][0xffffff91][0xffffffc8][0xffffffb7][0xffffffdf]xY[0xffffff8d]E[0xffffffd9]-([0xffffff9d][0xffffffe3][0xffffffc4]6[0xffffffe3][0xfffffffe]Z[0xffffffc4][0xfffffff3][0xffffffd8][0xffffffda][0xffffffb1][0x9][0xffffffed][0xfffffffd]Y[0xffffffb8][0xffffffdf][0xfffffffb]+8Z[0xfffffff8]8[0xfffffff6][0xffffffb1]i[0x11][0xffffffb7][0xb][0xfffffff4]1p[0xc][0xfffffff9][0xfffffffb],$f[0xfffffff3][0xffffff95][0xffffffb2][0x18]9[0xffffff80]q[0xffffffe9][0xffffffb7][0x16][0xffffffbe]h[0xffffff84][0x13]x[0x0][0xffffffd5]C[0xffffffe0][0xffffffc9][0x17][0xffffffbf]G[0xffffffb4]M[0x5]&[0xffffff97]["[0x7f][0x6][0xffffffae][0xffffffa9][0xffffffcd][0xffffff91][0xfffffff8]5[0xffffff81][0xffffffbd][0xffffffbc][0xffffffe6][0xffffffde][0xffffffba]L[0x1a][0xffffffb7][0x14]Z[0xfffffff2][0xffffffb4]h[0x1][0xffffffee][0xffffffdc]6[0xffffff9b][0xffffff9b]8[0xffffff98]2[0xfffffff5][0xffffffb0][0xffffffa8]Gr[0xffffffad][0xffffffdf][0xffffffc8][0xffffff8e][0xffffffce]%&[0xffffffc0]A:[0xffffffb7][0xffffffd5][0xffffffe2][0xe][0xffffffef]F[0xffffffec]l[0xffffffe3][0xffffffbb]f[0x3]:[0xffffffa1]4&z[0xffffffbd]Mk<[0xc]8[0xffffff9f]md[0x8][0xffffffac][0xffffffec]o[0xfffffff9][0xffffffa9]%[0xffffff98]q[0xffffffce][\n]"
08:05:03.598 [main] DEBUG com.github.dockerjava.zerodep.shaded.org.apache.hc.client5.http.wire -- http-outgoing-2 << "[0xffffffee][0xffffff9c][0xffffffb3]1[0xffffff86][0xffffffb3][0xffffffd4][0x12][0xffffffef][0xffffffae][0xfffffff6][0xffffffae]e2B[0xfffffff1][0xffffffee][0xffffffd6]x[0xffffffaa]E[0xfffffffe][0xffffffc1]A'0[0x1c]"`y%s''[0xffffffd9][0x1][0xffffffd2].,$[0xfffffff4]qtU[0xffffffe9][0xffffff90]=fR[0xffffffda][0xffffff9a]g#[0xffffffff][0xffffffe3][0xffffffb9][0xffffffe0][0xffffffcb][0xffffff81][0xffffffe3][0xffffffb3]MlS[0x3]1*[0xffffffb7]Ud[0x16][0x1d][0xfffffffb]A3|[0xfffffff0]Y'\[0xffffffb5][0xffffffe3]C[0x9]6M[0xffffffaa][0xffffffb4][0xffffffeb] [0xfffffff6][0xffffffc5][0xffffff8b]y(V}[0xffffffe8]8[0xffffffe4][0xffffffab][0xfffffff3][0xffffffb0][0xffffff93]I[0x7f][0xffffff8e][0xffffffa5][0x4][0xffffff97]ab_[0xffffffc5][0xffffffed][0xffffff9d][0xffffffd4][0xffffffc8][0xffffff95][0xffffffa9][0xffffff83][0xffffffad][0xffffffb2][0xffffffe9][0xffffffec]85[0x11]$L[0xffffff82][0xffffffaf][0xfffffff8][0x17][0xffffffb4][0xffffff85][0xffffffdc]#8j[0xffffffea][0xffffffd7]E[0x18]C[0xffffffd3][0xffffff93][0xffffffd0]8[0xffffffd6]+7-D[0xffffffc2][0xfffffffd][0xffffffda][0x19]X[0xffffffb0]&[0xffffffe5][0x15]%y[0xffffffb7]s[0xffffffba]`[0xffffffd8][0xffffff8c]o[0xffffffa4][0x4]2[0x3][0x1b][0xffffff98]\[0x8]i[0xffffffc1][0x18]p[0xe][0xffffffb8]U[0xffffff99][0xffffffbc]U[0x5][0xffffffcf]|[0xffffff9f]22+[0xffffffaf]G[0xffffffc6][0xfffffffc]1c6EL[0xffffff87]lL[0xffffffd9][0xffffffc4][0xffffff8e][0xffffffe0][0xffffffa4]h[0xffffffe7][0x7][0xffffffd4]u[0x6][0xffffffa0][0xffffffdc]B[0xffffffca]FJ[0x1c][0x12]Z'jV1[0x16]M#0,tkO[0x4][0xffffffe2]O[0xffffffe3]V[0xfffffff4]^[0xffffffa2][0xffffffe5]2[0xffffffe2]F[0xffffffc2][0x1f]I[0x1a],o[0xffffffa8]([0xffffff9b][0xffffffe7]m[0x15][0x0][0x1][0xffffffaf][0x13][0xfffffffe]{^'[0xffffff8e][0xffffffc3][0x1f][0xffffff92][0xffffffd2][0xfffffff1][0xffffffad][0xfffffff6][0xffffff9c][0xffffffeb][0xfffffff3][0xffffffb1][0xffffff87][0xffffffaa][0xffffffea]4[0xfffffff2][0xffffff97]:NGM[0xfffffff4][0xffffffac][0xfffffffa][0xffffffa8]v@[0xffffffe9][0xffffffab][0xffffff90][0xffffffc0][0xffffffc8][0xffffff8c][0xffffffa8][0x9]=&[0xffffff96]A[0xffffffc4]8[0x2]H[0xffffffab]zC[0xffffffe3]w[0xffffff97][0xffffff8d]3X[0xffffff81][0xffffffe8]z[0x18][0xffffffad][i[0x5][0xffffffd5]\q|[0x1d]U[0xffffffda][0xffffff8d]a[0xffffffe4]t[0xffffffcf][0xffffffcb]n[0xb][0xffffff8e][0xffffffe8]_[0xffffffd6][0xffffffba][0xffffff93]W[0xfffffff5][0xffffffd5][0xffffffe3]}U"[0xffffffe5][0xffffffc7][0xffffffcd][0xffffffa1]x[0xffffffcc][[0xfffffffd][S[0xffffff96][0xc]J[0xffffff8b]![0xffffffad][0x18][0xffffffe4][0xffffffa6][0xffffffba][0xffffffae][0x12]\[0xffffffdb][0x7][0xffffff8e][0xffffffd5].[0xfffffff6]?[0xffffffc1]3M[0xffffffa2]3[0xffffff91][0x4][0xffffffe7][0xffffff8e][0xffffffcd][0xffffff8a]h=[0x1b][0xffffffe7][0xfffffff6][0x1f][0xffffffd4][0xffffffab][0xffffffa2][0xffffffc9][0xffffff94][0xc]$r[0xffffffb7]U]z[0xffffffbf]\ [0xffffffbe][0xffffff95]m[\r][0xffffffe9][0xfffffffa]P[0xffffffc0][0xffffff8c][0xffffffc9][0xffffffe7][0xffffff98][0xffffffd0][0xffffff9f][0xffffffb1][0xffffffee]7a[0xffffffff]l)k[0xffffffa1]7[0xffffffc7][0xfffffff9][0xffffffd9][0xf]][0xfffffff4]gD[0x1e][0xffffffab][0xffffffec][\r]Z^[0xffffffbe]w[0xffffff85][0xffffffe8]N[0xffffffa5][0xfffffff0]s[0xffffffb7][0x7][0xffffff89]\[0xffffffe8][0xc]a[0xffffffd4][0xfffffff6]8[0xfffffff8][0xffffffc4][0xffffffed]PC[0xffffffe0][0xffffffb9][0xffffffa0]][0xffffff91][0xffffffd8]D[0x13][0xffffffc9]DX[0xfffffff0]F[0xffffffd8]K[0xffffffdb][0xffffffe4]w[0x6][0xffffffb3][0xfffffffa]-?[0xfffffff3]yy[0xffffffb4][0xffffffd5][0xffffff85][0xffffffc3][0xffffffb5]9M[0xffffffe0][0xffffffb7]m[0xffffffbd][0xffffffcb][0xffffff98]k[0x11]|[0x1f][0xffffffa7]Q[0xffffff84]m[0xffffffa1][0xffffffdd]][0xffffffbf][0xffffffde][0x9]T[0xffffffe9][0x1f][0xffffff8e]7[0x2]m[0xffffffb0]b[0xffffffc7]_C[0xffffffe8]qGS[0xfffffff3][0xfffffff8][0xffffffd7]i[0xfffffff0][0xffffffbe][0xffffffcf][0xffffff9b][0xffffffad]B%$[0x8][0x12][0xffffffae]$[0xffffff95][0xffffffee]k[0xffffffcf][0xffffffeb][0xffffffa0][0xfffffffb]l,[0xe][0xffffffe2][0xffffff92][0xffffffdc][0xffffffc2]9[0xfffffff8]?`[0xffffff92][0xffffffa2]w[0x1e][0xffffff9b][0xffffff85]|[0xf]T[0xffffffb7]9EH[0xffffff9d])['[0xffffffa2][0xffffffa3][0xffffffb2][0xffffffaf][0xffffff8a]p)[0xffffffdb][0x5][0xffffffcd]0[0xffffffc9][0x15][0xffffffeb]d[0xffffffc7]3~X[0xffffffb3][0x19][0xffffffee][0x1a][0x7][0x6][0xffffffd5]z[0xffffff92][0xffffffdc]l[0xffffffea][0xfffffff6]sj[0xffffffb2]J?1=[\r]\@[0xffffffec]%e[0xffffffdf][0x15][0xffffffb8][0xffffff8d][0xfffffff1]:[0xffffffe7]p[0x1c][0xffffffcf] [0xffffffb9]7*mUX[0xffffffd4][0x19][0xffffff90][0xffffffaf]a[0xc][0xffffffbf]8[0xffffffca][0xffffffc2][0xfffffff2][0x0][0xfffffff9][0xffffffc7][0xffffffa5]mL[0xffffffba][0xfffffff6][0xffffff87]C[0xffffffb8][0xffffffae][0xffffffab]p[0xffffffaf][0x6]aw[0x15]H[0xffffffe1]#[0xfffffff6]?T*[0xffffffb2]<\[0xffffffd6][0xffffffd5]2[0xffffffd2][0xffffffa4]C[0xffffffa4];[0xffffffa5][0xffffff85][0xffffffed][0xffffffdc][0x15][0xffffffa7]~[0xffffff9e]G#[0xffffffc4][0xffffffb5]m2[0xffffffa7][0xffffff89][0xffffffb9][0x1][0xffffff85][0xffffffec]c[0xffffffd7]^#[0xffffffe5][0x1e][0xffffffe7]gLZ[0x17]]I[0xffffffdb][0x1a][0xffffffdf][0xffffff85][0xffffffc6][0xffffffd7]:[0xffffff81][0xfffffff6]6[0xfffffffb][0x9]p[0x1a][0xffffff91]UK[0xffffffc8][0xfffffffe][0xffffff81][0xffffffd7][0xfffffff5][0xffffff80]l[0xffffff95]}[0xffffff9b]Z[0xffffffbe][0xffffffb8]G[0xffffffd4][0xfffffff7]m[0xfffffff2][0xffffffe9][0xffffffe1]z[0xffffff95]hDFW[0xffffffb2]TW[0x17]a[0xffffffd2][0xffffff87][0xffffffae][0xffffffeb][0xffffffa9][0xfffffff1]J'[0xffffff84][0x1c]L[0xffffffba]*[0x11]3[0x1a]c[0xffffffa8]7[0x4]2[0xffffffe7][0xffffffe4]jr[0xffffff8a][0xffffffd4]/[0xffffff99][0x11]N[0x14]7[0xffffff96][0xffffffc6]s[0x18][0xfffffff4][0xffffffbb][0xffffffc6][0xfffffffd][0xe][0xffffffe2]?p[0x15]tP[0xffffffa2][0xffffffdc]>[0xffffffd6][0xffffffd2][0xffffffda][0xffffffa6][0x7f]M[0xffffffd8]}_)wl[\n]"
08:05:03.598 [main] DEBUG com.github.dockerjava.zerodep.shaded.org.apache.hc.client5.http.wire -- http-outgoing-2 << "[0xf][0xffffffd9]b8-[0xffffffa1][0xffffffe0]s[0xffffffe2]i [0xfffffffa][0xffffff89]v[0xe][0xffffff9b][0xffffffd9][0xffffffd9]J[0x6][0xffffffcb]v[0x7f][0xffffffc2]r:[0xffffffbe]*[0xffffff9b][0xffffffdd]x[0xc][0xfffffff1]"
08:05:03.601 [main] DEBUG com.github.dockerjava.zerodep.shaded.org.apache.hc.client5.http.wire -- http-outgoing-2 << "[0xffffffbe][0xffffffb8]m[0xffffffc2][0xffffffa3][0xffffffdc][\r][\n]"
08:05:03.601 [main] DEBUG com.github.dockerjava.zerodep.shaded.org.apache.hc.client5.http.wire -- http-outgoing-2 << "4398[\r][\n]"
08:05:03.601 [main] DEBUG com.github.dockerjava.zerodep.shaded.org.apache.hc.client5.http.wire -- http-outgoing-2 << "W[0xffffff8a][0x7]zj[0x1]C[0xffffffba][0xffffffda]-S[0xffffffb3][0x1d][0x1b][0xffffffc9][0xffffffd3]T[0x10][0x19]@z[0x9][0xffffffa0]([0xffffff8d][0xffffffa1]][0xffffff86]<[0xffffffcd]XQ`[0xffffff80][0xffffffea][0xffffffa9][0xffffff8d][0x8][0xffffff92]%1[\r];[0xffffffd5][0xffffffcd]|c[0xffffffce][0x3][0xffffffa9]u[0x17][0xffffffe3][0xfffffff2]MV[0xffffffaa][0x1d][0xffffffb4][0xffffff88]*;[0xffffffc1][0x3]i[0xffffffda][0xffffffc0][0xffffffdd][0xfffffff5][0xffffffa5]t[0xfffffffa]|[0xffffff99][0xffffffd4][0xffffffd0][0xffffffd4]9[0xffffff93][0xffffffdd][0x7f][0xffffff95][0xffffff84][0x19]a[0xffffffdf][0x7f]h[0xfffffff8]w[0xffffffb3][0xffffffbb][0x3][0xffffffb2]o[0xffffff90]SO[0xffffffe8][0xffffffec][0xffffffb5][0xf][0x1f][0x0][0xffffff90][0xffffffb8][0xffffffa0][0x1][0xffffffa0][\r]@P[0xfffffff9][0xffffffdb]f[0xffffffae][0x13][0xffffffce][0xffffff87][0x17]G[0xffffffa7][0xffffffb3][0xffffffe8][0xfffffffa][0xffffffc5]q[0xffffffc4][0x7][0x15][0xc][0x12][0xffffff88]%[0xffffffa2]0[0xe][0xffffffa6]p)[0xffffffc1][0xffffffb7][0xffffffa2][0xffffffbf]i[0xffffffa9][\r] [0x7f][0x3][0x13]%^[0x14][0x1f][0x14].nP[0xffffffcf][0x11][0xffffff8c][0xffffffcc][0xffffffec]Zr@[0xffffffaa]%i[0xffffff80]xs[0xffffffdc][0xfffffffb][0xffffffa7][0xffffffd9][0xffffffcf] [0x10][0xffffffcc][0xfffffffe][0xffffffb8]^[0xffffffaa][0xffffffc8][0xffffff96]0[0xffffffba][0xf]D?[0xffffffd3][0xffffffd5]4Y[0xffffff92]_O[0xffffffd3]C[0xffffffe9]o+[0xffffff8a],[0xffffffc7][0xffffffe7]0m[0xfffffff5]J[0xffffffc5][0xffffffd3][0xffffff92]^[0xffffffd6][0x1e][0x2] [0xffffffa6][0xffffffb1][0xffffff9d][0xffffffb6][0x6][0xffffffe7]M[0xffffffba][0x17][0xfffffff1][0xffffff85]H[0xffffff8a][0xffffffa9]e[0xffffff97][0xffffffab]?[0xffffffaf][0xffffffa3][0xffffffc7][0xffffffd6][0xffffffdc][0xffffffff][0xffffffdb][0xffffff97][0x17] q[0xffffffab]T[0x5]uGqB[0xffffffb8][0xffffffbb][0xffffffa4][0xffffffb9][0xffffffb7][0xffffffe4]IOO[0xffffffd7]M[0xfffffff8]k=[0xb][0xffffff8d][0xffffff90][0xf][0x0][0x0][0xc]B[0x3][0xffffff80][0x1b][0xffffff80][0xffffffe0][0xfffffffa]wO[0xffffffc7][0x16]$[0xffffff9f][0xffffffc1]Z[0xffffffd2][0xffffffbf][0xffffffa3][0xfffffffd][0x1b][0xffffff80][0xffffffb9][0xf][0xffffffae][0x7f][0x15][0xfffffff6][0xffffffdf]W[0x0][0xffffffab][0x4][0xffffffa7]c[0xffffffa5]6[0xffffff82][0xffffffa5][0xffffff80]P[0x3]F[0xffffff8e][0xffffffad][0xffffffc5][0xffffffaa]d[0xffffffe7][0xffffff99][0x15][0x0][0xffffffa5][0xffffffaa]p[0xffffffbc]2[0xffffff8a][0xffffffc3][0xffffff8a][0xb][0xffffff8f][0xffffffd3][0xffffffbc]>[0xffffffb2]G[0x0][0x8]y[0xfffffffd][0xffffffec][\n]"
08:05:03.601 [main] DEBUG com.github.dockerjava.zerodep.shaded.org.apache.hc.client5.http.wire -- http-outgoing-2 << "[0xfffffffd][0xffffffaf][0x7f]|[0x1f]T[0xffffffe0][0xffffffc2]:[0xffffffd3][0xffffff90][0xffffffd2][0xffffff9a]n[0xfffffffc][0xffffffb7][0xf][0xffffffa2]/C[0xfffffff6][0xffffffd1][0xffffffd1][0xffffffd1][\n]"
08:05:03.602 [main] DEBUG com.github.dockerjava.zerodep.shaded.org.apache.hc.client5.http.wire -- http-outgoing-2 << "[0xffffffd9]_9[0xffffffb0][0x1][0x16][0x3][0x0][0x0][0x4]@[0x3][0xffffffb6][0xffffffae][0x0]B[0xffffffda]_'[0x14]lm[0xffffff84][0xffffffb3]Y[0xffffffff]u[0xffffffb9]Z[0xffffffbd][0xffffff96][0xffffff88]G.[0x17][0xffffffa7][0xffffffa2][0xffffffaf][0xffffffe4][0xffffffcf][0x4][0xffffff90][0xffffffbe][0x19][0xffffff96]5S0Z[0x1b]YZ[0xffffff82]I[0xffffffc8][0x4][0xffffff8f]=[0xffffffad][0xffffffed]=[0xffffffbc][0xffffffc5]2K[0xfffffff6][0x10][0x19][0xfffffff6][0xffffff99][0x6][0xffffffe0][0xb][0xffffffdd]4R[0xffffffa1]%4[0xffffffdf][0xffffffe5][0xffffffc4]t[0xffffffab][0xffffff82][0xffffffb1][0xffffff82][0xfffffff5][0xc][0xffffffd0][0xffffffef][0xffffff84] [0x4][0x0][0xfffffff9][0xffffffd7][0x19]l[0xffffff91]\[0xb][0xffffffbe][0x1b]B[0xffffff88]{T[0x1]p[0x19][0xffffffbe]*[0x7f][0xffffff8e]l[0xffffffb4][Zs[0x0][0xffffffd0][0xffffffc9]-&[0xffffff83][0xffffff9a][0xffffffd2]?[0xfffffff6][0xffffffed][0xffffffcc][0xffffffdf][0xffffffdd][0xffffffcc][0xffffff9d]jYdB[0xffffffee][0xffffffd7][0xffffff82][0xffffffcd]P[0x4][0xffffffc6][0xffffff82][0xffffff8d][0xffffffbf][0xffffff9e][0xffffff87]g[0xffffffc0][0xffffff83]U[0x9]![0xb][0x1d][0x1d][0xffffff97]Z[0xffffff80][0xffffffff][0xffffffff][0xffffff89][0xffffff8f]([0xb][0xffffffb0][0xb]I[\r][0xffffff80]y[0x13]P[0xfffffff6][0xffffffe2][0xffffff91][0xfffffff8][0x14][0xffffffaa][0xffffffa9][0xffffff81]C[0xffffffda]_xp[0xffffffab][0xffffffae]|k[0xffffffd4][0xffffffa2][0x16][0x17][0xffffffb8]7[0xffffffcf][0xe][0xffffffd6][0xffffffea][0xf]y[0xffffffee]#[0xffffff81][0xffffffb9][0xffffff9a][0xffffffe3][0xffffff94]#[0x1a][0xffffff8b][0xf][0xffffff95][0xfffffff1][0xffffffd6]p[\r][0xfffffff8][0x8][0x13]7[0xffffff92][0x7f][0xffffffb7][0x1a][0xffffff93]d[0xfffffffd][0xffffffbd][0x1][0x1f]*[0xffffff95][0x15]L[0xffffffb6][0xffffffc2][0xffffffe3]^[0xffffffb2][0xffffffd7]#[0x1]>[0xffffffc2][0xffffffa7][0xffffffa3][0xffffffa5][0xffffffd9]1[0xb][0xffffffa8]o[0xf] [0x18][0xffffff83][0xffffffd6]LG`X[[0xffffffdd]?Q[0xffffffb3][0xffffffa6][0x17][0xfffffffe][0xffffffb1][0xffffffd6][0xffffffba][0xffffffeb][0x1d][0xffffffe4][0xffffffbe][0xffffff9e][0xffffff92]D[0xffffff85][0xffffffe1][0xffffffe8]&[0xffffffb7]![0xffffffda]k[0xffffff89][0x7f][0x17][0x14][0xffffff86]k[0x17][0xffffffa7][0x6][0xfffffff2]'0[0xffffffb5][0xffffffe3]5h[0xffffff9e]kj/[0xffffff84][0xffffff99][0xffffffbf][0xffffffa0][0xffffff94]:9[0xffffff80]%[0xffffffcb]([0xffffff8c][0xffffffd0]u[0xffffff84][0xffffffa2]x6;[0xffffffb1][0xffffffff][0x1][0x4][0x1b][0xffffffbd][0xffffff8c][\r]{[0xffffffd4][0xffffffac][0xfffffff6]O<[0xffffff84]oy[0x17][0xffffff82]<[0x18][0xffffffb1]^[0xffffffc8][0xffffff8d][0xffffff86]w[0xffffffcb]][0xffffffe2][0xfffffffa][0xffffffbf]G[0xffffffac][0xffffff81]LZ[0xffffffa1][0xffffffc8]v[0x1c][0xffffffca][0xffffffd5][0xffffffd2]][\r]c[0xffffff94][0xffffffd6][0xffffff9f][0x1d][0xffffff81][0xffffff8e][0xffffff81][0xffffffa2]U([0xfffffffd][0xffffff81]{}[0xfffffffb][0xffffffe6].[0xffffffdf]i[0xffffffb8][0xffffffbf]z[0x7f]:}y[0xffffffac][0xffffffc7]x}t[0xffffffcb]:$x[0x1][0xffffff9a][0xffffffad][0xffffff87][0xffffffea]A[0xffffffc7][0xffffff8a][0xc][0x9]M[0xffffff85][0xfffffff6][0xffffffd2]W[0xffffffb6][0xffffff80]$[0xffffff92][0x1][0x2]U[0xffffff90][0xffffff93][0x7f]{[0xffffff96][0xffffff9c]/[0xfffffffd]D1[0xffffffa7]>[0xffffff8a][0xffffffee][0xffffffdd]&[0xffffff98]>[0xffffffd9] [0x6][0xffffffe6][0xffffffbd][0xfffffffd][0xffffffc7][0xffffffc2][0xfffffff8][0xffffff90][0xffffffe4][0xffffff85][0xffffffca][0xffffffc0][0xffffffea]*[0xffffffbe][0xe]9C[0x3]<[0xffffff94][0xffffff9c]2[0xfffffffa][0xffffffd2][0xffffffc8]j[0xffffffcb][0xffffffc6][0xffffffca][0xffffff97]\[0xffffffa3][0xffffffc1][0xfffffffc][0xffffffb7][0x16][0xffffffe4]E[0x13][0xffffffcb][0xffffff90]6W[0xffffffbd][0xfffffff5][0xffffffd8]\[0xffffffcf]`[0x19][0xffffffdc][0xffffff82][0x3][0xffffffc9][0xffffffc5]%l[0xffffffae][0xffffffc2]q[0xffffffe1][0x17][0xffffff87]&[0xffffffd2][0xffffffb1][0x17][0xfffffffb][0xffffffb1][0xffffffa8][0x1c]q[0xfffffffe][0xffffffc4][0xffffff8e]f\:fxQ[0xffffffdd][0xffffffff][0xf][0x0]@[0xffffffff][0xffffffbf]>[0xffffffb0]ZE[0xffffffa4]"`[0xffffffb6][0xffffff88]c[0xffffff9c][0x18]f[0xffffffd7]'[0xffffffd3][0xfffffffa]7[0xffffffa8]m[0xffffffd3]WUO[0xffffff9f][0xffffff9c][0xf][0xffffffcc][0xffffff9d][0xffffffaf][0xffffffa1][0xffffffa2][\n]"
08:05:03.602 [main] DEBUG com.github.dockerjava.zerodep.shaded.org.apache.hc.client5.http.wire -- http-outgoing-2 << "P[0xffffffce][0x1d]"D[0x2][0xffffffb5]x[0xffffffbf]20[0xffffff8c]9[0x11][0xffffff91]M[0xffffff90][0xffffffad][0x7f][0xffffffb4]r[0x1d][0xffffffa3][0x8][0xffffffc0][0xffffffc8]@[0xffffff9c][0xfffffff5][0xffffffc1][0xffffffbd]$oO[0xe][0xffffffae][0xffffffe1][0xffffff8a]gfc[0x1a]G[0xfffffff1]Q"w+6[0xffffff86][0x6][0xffffff98][0x12]7[0xffffffe6]8A[0xffffff8b][0xffffffbb][0xfffffff9][0x3][0xffffffab][0xffffffaa]<[0x0]bba[0x12][0xffffffb5][0xffffffe7]3I}[0xfffffff4][0xffffffbe]44lT[0xffffffe1][0xffffffff]@[0xffffffab][0xffffff9a][0x1]+6[0xb]s[0xffffffd3][0x1b][0xfffffff1][0xf][0xfffffff6][0x15]([0xfffffffe][0x15]X[0xfffffff8][0x15][\n]"
08:05:03.602 [main] DEBUG com.github.dockerjava.zerodep.shaded.org.apache.hc.client5.http.wire -- http-outgoing-2 << "v[0xffffffa8][0xfffffff1]w[0xffffffb0][0xffffffbd][0xe][0xffffff9b]~[0xfffffff1][0xffffffd4][0xffffffe5][0xffffffd0][0xffffffe3][0xfffffffe][0xffffffff][0xffffff8d]~c/%[0xffffff9e]%x[0xf][0xffffffff][0xffffffc8]5m[0xfffffffa][0xf][0xffffffdd][0xffffffc7]S[0xffffff98]i[0xffffff9a][0xffffffaf]s[0xffffffcb]Z[0xffffff98][0x2][0xffffffdb]}[0xffffff86][0xffffffcc]$[0xffffffa6][0xffffff89][0xffffffe4]&@[0xffffffae][0xffffffdc]X[0xffffffc0][0xffffffd7][0xffffffd1][0xffffffd3][0xffffffec][0x1d][0x4][0xfffffffc][0xffffffdb]E%[0xffffffdc]+>/[0xffffffb2][0x1e][0xffffff8e][0x3][0x11][0xffffffdd][0xffffffb8][0xffffff80]p6DF[0xc]k[0xffffffaa]K[0xfffffff5]%[0xffffff84]'[0xffffff9c][0xffffff98][0xffffff93][0xffffffba]X8[0xffffffaa]Hp[0xffffffbb]3%][0xffffffd7][0xfffffffc][0xfffffff9]F[0xffffffa1]#t[0xffffffc7][0x10]F[0x17][0xffffffcc]CY[0xffffffa2][0xffffffa1][\n]"
08:05:03.602 [main] DEBUG com.github.dockerjava.zerodep.shaded.org.apache.hc.client5.http.wire -- http-outgoing-2 << "[0xffffff9b][0xffffff8d]9[0xffffffb2][0xffffffb1][0xffffffde]?[0xffffffbd]*[0xffffffb5][0xffffffb5][0x6]o[0xffffffe2][0x1c]$[0xfffffff3][0xfffffff8][0xffffffe5]e[0xffffffe6][0xffffff93][0x13][0xffffff88]D[0xffffff8a][0xe][0xffffffea][0xffffff96][0x13][0xffffffa4][0xffffffda][0xfffffff7][0xffffffe4][0xffffffa1]4F[0x1f]S[0xfffffff4]%[0xffffffcb][0xffffffbb][0xffffffea]J?[0x15][0xffffffdd][0xffffff9e][0xffffffa2]^s[0xffffffb0]D-[0x0]:s[0xffffff85]-[0xffffffa4][0xffffffb6][0xffffffea]y[0xfffffff0]:HB[0xffffffc2][0x17])[0xf]n[0x1d]c[0xffffffda]R[0xffffffce][0xffffffd6][0xffffff96]V[0xffffffb3][0xffffff98])[0xfffffff3]4[0xffffffc7][0x7]U[0xffffffbd]0[0xffffffd1][0xffffffaf]M4f[0xffffffe7][0xffffff91][0xffffffde][0xffffffd6][0xffffffed]g[0xffffff92][0xffffff83][0xfffffffa][0xfffffff7]y:\[0xfffffff8][0xffffffdc][0xffffffd1]'[0xffffffe2][0x1a]iQ[0xffffffe9][0xfffffff3][0xffffffb2]#0p[0xffffff88]/[0xffffffb6][0xffffffb0]K[0x13]Nu[0xffffffd4][0xffffff90]L[0xffffff84][0xffffff9a][[0xffffffab][0x9]k[0xffffffac][0xffffffd4]<[[0xffffffd3][0xffffff81][\r][0xffffffdc][0xfffffff0][0xffffff9a][0xffffffad][0xffffffd1][0xffffffc1]7[0xffffffd3][0x13][0x7][[0xffffff91]N>O[0xffffff95][0xffffffaa]8E[0xffffffba][0xffffffa7]eV[0x11][0xffffffa5][0x12][0x1d][0xffffff89],[0xffffff9e][0xfffffff4]!N_[0xffffffc3][0xffffffa8][0xffffffe2][0xffffffe6][0xffffffb3][0xfffffff1][Fz[0xffffffbd]F[0xffffffb6]/[0xffffffbc]D[0xffffff9e][[0xffffff9c]%[0xffffff92][0xffffffd6][0xfffffff5]`[0x1d]w[0xfffffffd][0xffffffb0][0xfffffff1]]Y[0xffffffeb][0xffffff9b][0xffffffa0][0xffffffb1][0xffffffc5][0xffffffd4]9[0xffffffe4][0xffffffde][0xffffff91][0xffffffe7]R[0xffffffe1][0xffffffdf][0xfffffff6]U5[0xffffffc3]D[0xfffffffe] _9[0xffffff9a][0xffffffbc][0xffffffc4][0x8]zx-_[0xffffffff]iY2[0xf][0xffffff90][0xfffffff3][0xffffffdf]K[0xffffff92]]m[0xffffffde]<[0xffffffd6]l[0x0]:[0xffffffc0]L[0xffffffae][0xffffffb8][0xfffffff6]?Iq[0xffffffaa][0xffffffa4][0xffffffd5]I[0xffffff91][0xffffff9a]A[0xffffffc5]l[0x11][0xffffff85]td[0xffffffd9][0xffffff8a]&[0xffffffba][0xffffffaa][0xffffff8c]d[0xffffff8f]m3[0x1c][0xf][\r][0xffffffca][0xffffff86][0x1a][0x2]|>[0xffffffed]a[0xffffffaa][0xffffffb1]Q[0xffffff8d][0xf][0x18][0xffffff94][0x0]:[0xffffffa5][0x1c]}>m'P[0xffffffa9]S}[0xffffffd6]K[0xffffffa2][0xfffffffe][\r][0xffffffc6]W[0xffffffd1][0xffffff98][0xffffff92][0xffffff90][0xffffffb8][0x1a]P[0xffffffae][0xffffffb5]@[0xffffffe6][0xffffffc4][0xffffffd8][0x9][0xffffffa3]9[0xffffffec][0xffffff8d]y[0xffffff81][0xffffffcd][0xffffff81][0xffffffc9][0xffffffd5][0xffffffaa][0x16]8[0x6][0xffffff87][0x10][0x18]k[0xffffffa2]t[0xffffffaa]5[0x14][0xfffffff8][0xffffffdb][0xffffff9f][0xffffff8e]Y[0xfffffffa]EW[0xfffffff0][0xffffffe0]+E[0xffffffd7]*[0xffffff9d][0xe]s;Ax[0x0]N[0xffffffe4]h[0xffffffd6]_[0x1a][0xffffffa1][0xffffffc7][0xffffffd4][0x6]g[0xffffff97][0xffffff8f][0xffffffb2][0xffffffb9]v[0xffffffea][[0xfffffffd]/jM[0xffffffe8]|[0xffffffe5]y[0xffffff80][0xffffff8f][0xfffffff1][0xffffffe8]>0p[0xffffffb7]P[0xfffffff3].[0xfffffffd][0xffffffbd][0xffffffe1]A|[0x1b][0xffffffab][0xb]gHD[0xffffffd1][0xffffffcb]}[0xffffff90][0xb]P[0xffffffb5][0x1a][\n]"
08:05:03.602 [main] DEBUG com.github.dockerjava.zerodep.shaded.org.apache.hc.client5.http.wire -- http-outgoing-2 << "[0xffffffee] [0x9][0xffffffd1]n[0xffffffc2]R[0xffffffbc][\n]"
08:05:03.602 [main] DEBUG com.github.dockerjava.zerodep.shaded.org.apache.hc.client5.http.wire -- http-outgoing-2 << "[0xffffff96][0xffffff94][0xffffffbb][0xffffffb5]Z[0xc]^[0xffffffcd][0xffffff8a][0xffffffc7]L[0xffffffb7]i[0xffffffcb][0xffffff86][0x0][0xfffffffc][0xffffffd3][0x1e][0xffffffc3]O[0xffffffb3][0xffffff89][0xffffffad]S[0xffffffbf][0xffffff8c][0xffffffb8]$w[0xffffffff][0xffffff9a][0x7]p[0xffffff98]6LH[0xffffffee]yB[0x5][0x1e]gc[0xffffff99]l[0xffffffa3][0xffffffbd][0xffffffa4][0xe]_[0xffffffc0][0xffffff90]j-%[0x0][0xffffffae]g'[0x12]n[0xffffff84][0xffffff82]:5j[0xffffffe2]&[0xffffffa3]$[0xffffffb9][0xffffffc7][0xffffff97][0xfffffff6][0xfffffff6][0xffffffd9][0x17][0x18][0xffffffb6]][0xffffffef]9t[0xffffff94][0xffffffca]@YFn^[0xffffffd2]k[0xffffff82][0xffffffee])[0xffffff8f][0xffffffdc]@fN[0x18][0xfffffffa]6[0xffffffa3][0xffffffaa]*0T[0xffffffe8]+[0xffffff91] [\r]71x[0xffffffcf]18[0xffffffa0][0xffffffb3]\[0xffffffc9]$[0xffffffa3]p[0xffffff85]Xp|[[0xffffff8f]1[0xfffffff5][0xffffffe2][0xffffffa3]![0xfffffff7][0xffffffe1][0xfffffff7][0xffffff89][\n]"
08:05:03.602 [main] DEBUG com.github.dockerjava.zerodep.shaded.org.apache.hc.client5.http.wire -- http-outgoing-2 << "W-[0x15][0xffffffc3][0xfffffffb][0xffffffe0][0xffffff98][0xffffffc3]5[0x16][0xffffffea]}[0xffffffa8]_[0xffffffd3][0xffffffa9]([0x0][0xffffffca][0xffffffe0][0xffffff88]I}_{P[0x9]o[0xffffffab][0xffffffcf][0x0][0x1e][0x8][0x16][0xffffff94][0xffffffe5][0xffffffb8]46(^[0xffffff97][0x3][0xffffff88][0xffffffa2][0xffffff8d]r[0xfffffffd]}#W;[0xffffffd4][0xffffff99][0xffffffed][0xfffffffa][0xffffffe5][0xffffffd0]?[0xffffff81][0x7]B[0x5][0xffffffd0][0xffffffa3][0xe][0xffffff92][0xffffffc6][0xffffffa8][0xffffffab]+{[0xffffffbc]5"~v[0xffffffcf][0xffffff89][0x4][0x1f][0x7]X;m[0x7f][0xffffffb9]:d[0xffffffeb]w[0xffffffa2][0xffffffd1][0xfffffffe][0xffffff8e]jA[0xc][0x1a][0xffffffa8][0xffffffb7][0xffffffdd][0xffffffa8][\n]"
08:05:03.602 [main] DEBUG com.github.dockerjava.zerodep.shaded.org.apache.hc.client5.http.wire -- http-outgoing-2 << "fp[0xffffffdf][0xffffffbe][0x7f]Q[0xffffffc5][0xffffffd4]m[0xfffffffd];[0xffffff89][0xfffffff7]w[0xffffffd8]7l[0xfffffff2][0xffffffd5]"[0x12]xL[0xffffff9b][0x1][[0x14]`![0x4]uh[0xffffffbb][0x8].[0xfffffff4][0xffffffa2][0xffffffbe]^[0xffffffd5]{![0xc][0x1e][\n]"
08:05:03.602 [main] DEBUG com.github.dockerjava.zerodep.shaded.org.apache.hc.client5.http.wire -- http-outgoing-2 << "[0xffffff95]_[0xffffffeb][0xffffffa2][0x2][0xffffffa1][0xfffffff5].[0xfffffffd][0xffffffa7][0xffffff82][0xffffffe3][0xffffffae][0xffffffc7]M[0xffffffef][0xfffffff6][0xffffffc7][0x3]i[0xffffff8c][[0xffffffe3]N[0x19][0xfffffffc][0xffffffcd][0x9][0xe][0xffffffd3][0xffffff97]m[0xffffffa6][0xfffffff5]&[0xfffffffb][0xffffffe2]&.+[\r][0xffffffa6][0xffffffed][0xffffffb6]@[0xffffffb7][[0xffffffe4][0xfffffff6][0xffffffb3][0xfffffff5][0xffffffeb][0xffffffa5][0xffffffcb][0xfffffff3]]{[0x1c][0xffffffc5]s[0x12][0xffffff85][0xffffffe3]^[0xffffff8e][0xfffffff9]6%[0xffffffb3][0xffffff96][0xffffffd7]5[0xffffffb9][0x4][0xffffffc6][0xffffffc7][0xffffff88]7[0xffffffa2][0xffffffbc]{[0xffffffd2]b[0xfffffff0],[0xffffffb9][0xffffffde]p[0xffffff9a][0xfffffffa][0xffffffc2]![0x3]\[0xe][0xffffffe6]<[0x4][0xffffffca][0xffffffe5][0xffffffe2]{)[0xffffffcb]8[0xffffff80][0x1e][0xffffffe4][0xffffffe1]m[0xffffffd5][0x15]m"[0xffffffac][0xffffffb7]j$L]W)F[0xfffffff0]zN[0xffffffb3]2[0xffffffcd]`[0xffffffbe][0xffffffbd][0xffffff8a][0x10][0xffffffba][0xffffffb2]0[0xffffffdd]E[0xffffffc1][0xffffffc9][0x6][0x16]jDf{[0x14][0xffffff83]E>[0xffffffea][0xffffff9f]#[0xffffffc8][0xffffffc9][0x1f][0x18][0xffffff92][0xffffffa7][0xffffffe3][0xffffffc0][0xffffff89][0xffffffa7][0xffffffd1]s[0x16][0x11][0xffffffec][0xffffffa9]t[0x9]#[0xffffffdd]m[0x2]7[0xffffffd2][0xffffffeb][0xffffffd5]Ai[0xffffffd0]kr*[0xffffffef][0xfffffffe][0xffffffc9]q[0xfffffffc][0xffffffea][0xffffff8e][0x10][0xffffffba]p_[0xffffff9b][0xffffffc9][0x7f][0xffffffe7][0xfffffff4][0xffffffe2]mdl[0xffffffea][0xffffffb7][0xffffffec][0xffffffcb],[0xffffffc0]<[0xfffffff1][0xffffffdb]&[0xffffff94]7RU[0xffffffaf]e@3[0xffffff97][\n]"
08:05:03.602 [main] DEBUG com.github.dockerjava.zerodep.shaded.org.apache.hc.client5.http.wire -- http-outgoing-2 << "[0x1c][0xffffff87][0xffffffe2][0xffffffa1][0xffffffd5][0xffffffe4]I[0xffffffa0][0xffffff8f][0xffffffa3][0x8][0xffffffde][0x6][0x1][0xffffff8c]Cx[0xffffffbf]@[0xffffffeb],[0xffffffd6]![0xfffffff2]7[0xb]l>[0xffffffca]u[0xffffffe9]4[0xffffffdc][0xffffffda][0xc]c[0xffffffdd][0xffffffdc][0xffffffc5]F[0xffffffe3][0xfffffff3]ncv[0x2][0x9][0xffffffe1]%[0xffffffcb]b81u>[0xffffffe0][0xffffffbd]z[0xffffffe7][0xffffffb4][0x4][0xffffffec]'[0xffffff9a][0x6][0xffffffc5]r[0xffffffb0],z[0x7][0xfffffff1][0xffffff8e][0xffffffb2][0xffffffc4]h[0xffffffc5][0xffffffc0]S[0xffffffba]g[0x1e][0xffffffd8][0xffffffe3][0xfffffff5][0xffffffbb][0xffffffca][0xffffffaf][0xffffff98][0xffffff8f][0x1d]*[0xffffff92]P[\n]"
08:05:03.602 [main] DEBUG com.github.dockerjava.zerodep.shaded.org.apache.hc.client5.http.wire -- http-outgoing-2 << "[0xffffffa9][0xffffff92][0x1e][0xffffffb4]EV[0xffffffd5][0xffffffa6][0x15]IJC[0xffffffbb][0xffffffa8]>u[0xffffffca][0xffffff89]gkf[0xffffff93]J[0xffffffa2]rE[0xffffffda][0xffffffe1][0xffffff9f][0xffffffeb][0x9][0xffffffff][0xffffff92][0xffffffb8][0xffffffa9][0xffffffa8]#[0xffffffbd][0xffffffa9][0x15][0xffffffff][0xffffffbe]C[0xffffff82]:b[0xffffffe9]p[0xffffff8f][0x1b][0xfffffff5][0xffffffba]'m9i[0x17][0x1a]{`keu*[0x10][0x1][0xffffff92]I[0x1a][0xffffffb2][0xffffff88][0xfffffffe][0xffffff9b][0x15][0xffffff9e]d[0x10][0xffffffff]e[0xffffff8b][0x15]D[0xffffffdd]/[0xffffffa6]k[0xffffffc6]X[0xffffffec]|[0xffffff8d][0xffffff99][0xffffffd7][0xffffffa6]-%[0x1e][0xffffffed][0xffffffb4][0xffffffcc][0xffffffea][0xffffffbf][0xffffffb0]kI:[0xffffffac][0xffffffc0]K8[0xffffffcf]C[0x19]W[0xffffffb1][0xffffffee][0xffffffd9]?r[0xffffff8f]K[0xffffff91][0x1f][0xffffffe9][0xffffffd7][0xfffffffd][0xffffff90]=Lh[0xffffffb3]y[0xfffffff0][0x16][0xffffff9c][0xffffffcf]N[0xffffffa4][0x13][0xffffffe5]2Yxu[0xffffffea][0xfffffff8][0xffffff9c][0xfffffff8]][0xffffffd1]ubEU[0xffffffbb][0xffffffcf][0x4][0xb][0xffffffc2]Pn/[0x1b]tK2Z[0xffffff8e][0xffffffdc][0x16][0x10][0xffffffc3]t[0xffffff86][0xffffff99][0x6][0x6][0xffffffe5]g[0xffffffb4][0xffffff9a]*[0x5][0xffffffd5][0x1f]\[0xffffffd2][0xffffffec][0xffffffe8][0x7][0xffffff9e][0xffffff91][\r][0xffffffa2][0xfffffff2][0xfffffff3],[0xffffffe6][0xffffffeb]H[0xffffffc6][0xfffffff1]u[0xffffff88]-1[0xffffffab]<6[0xffffff89][0x14]$[0xffffffca][0xfffffffe]{[0xffffffec][0xffffffa8][0xffffff9c]W[0x1c][0xffffff9b]O[0xffffffc7][0xffffffeb][0xfffffff9][0xffffffa6][0x9][0xffffff87][0xffffffb7][0x1e]^M[0xffffffcf]y[0xffffffc6]L[\r][0xffffffc0]K[0xffffffa5]<[0x1]Md[0xffffffc8][0xffffffc7][0xffffffb1]"[0xffffffc4][0xffffff82][0xffffffe9]i[0xffffffe2][0xffffffc6][0xffffff99]&$[0xffffffd6][0xffffffd5][0xffffffaa][0x4][0xfffffff2][0x1d]+[0xffffffbd]YQ[0xffffff99]kS?DJ[0x7f][0x1c][0xf][0xfffffff4][0xb][0xffffffb2]}[0xffffffe3]w[0xffffffd9][0xffffffdd]E[0x12][0xffffffa3][0xffffffde]g[0xfffffff8] [0xfffffffd][0x19]p[0xffffffca]>[0xffffff94]L[0xffffffa0][0x15]hQZCT[0xffffffc3]%{[0xffffffb1][0xffffffb1][0xffffffea][0x7f][0xffffffc4][0x1a][0xffffffdd][0xffffffb9]?O[0xffffffef][0xffffffdc][0xffffffc7][0xfffffffc][0xffffffd7][0x1c][0xffffffe0][0xffffffbb][0xffffffd2]-[0xffffffb4][0x3]E[0xffffffd9]?[0xffffffc0]MGb@hk[0xffffffb4][0xffffffed](T[0xffffffe2]R1[0xffffff87][0xfffffffc][0xffffffa7][\n]"
08:05:03.602 [main] DEBUG com.github.dockerjava.zerodep.shaded.org.apache.hc.client5.http.wire -- http-outgoing-2 << "s|hC[0xffffffc6]b0[0xffffffaa][0xffffffdd][0x13][0xffffffb0][0xb][0xffffffa9][0xffffff82][0xffffffaf])j[0xffffff8a][0xffffff83][0xffffffb2][0xffffffa2]r;[0xffffffb7][0xffffffe5][0xffffffcf]$[0xffffffee]r[0xffffffe7][0xffffff8b]K=[0xffffffc3]U\[\n]"
08:05:03.602 [main] DEBUG com.github.dockerjava.zerodep.shaded.org.apache.hc.client5.http.wire -- http-outgoing-2 << "[0xffffff9a]U[0xfffffff1][0x15][0xf][0xffffffd4]h[0xffffffbb][0xffffffb5]7[0x8]H[0xffffff88]U[0xffffffe2][0xffffffbc][\r]i@X7[0xfffffff7][0xffffffd5][0xffffff82]j[0xffffffcb][0xc]G[0xffffff9c]t9[0xffffffba]-[0xffffff85]c[0xffffffb7][0xfffffff5]][0xfffffff6][0xffffffe6]$W[0xfffffff9][0xffffffc7][0xffffffad][0x1][0x1][0xffffff9e]~A[0xffffffe8][0xffffff8e]![0x2][0xffffffdc]Q[0x7f][0xffffffdf][0xffffff8f][0x9]&[0xffffffda]z[0xffffffa9][0xffffff8d]GR[0x12]Y[0xfffffff5][0xffffffbf]Tx[0xfffffff4][0xffffffa1]([0xfffffffc][0xffffffbb][0xffffffab][0x1c][0xffffffc9]mV[0xffffff85][0xffffffcb][0xffffff92]2$[0xffffffa4],[0x10]k[0xffffff9d][0xffffffe5],[0xffffff82][0xffffffec][0x7f][0xffffff8f][0xffffffbc][0xffffff91][0x5][0x18][0xffffff9a][0x8][0xffffff99][0xffffff94][0xffffff99][0xfffffff2]0[0xf][0xffffffe5]1[0x1b][0xffffffaf][0xffffffd4]S[0xffffff94][0xffffff9a][0x7][0xffffffb9][0x7f][0xffffff86]J[0xffffffbd][0xb]}6,[0xffffffc6][0xffffff91][0xffffffdc]~[\n]"
08:05:03.602 [main] DEBUG com.github.dockerjava.zerodep.shaded.org.apache.hc.client5.http.wire -- http-outgoing-2 << "[0xffffff98]Y[0xffffff83]60[0x7f][0xfffffff5]i]:A[0xffffffd1][0xffffffca][0xffffffc5]L[0xffffffb6][0xfffffffd][0xffffffe8][0xfffffff2][0xfffffff3]|[0xffffffeb][0x3][0x11]Q[0xffffffd3][0xffffffac][0xffffffd8];[0xffffffdd][0x17][0xfffffff4][0x8]1[0x1][0xffffff96][0xffffff8c][0xffffff94]*[0xffffff82][0xfffffff7][0x9][0xffffffe8][0xffffffa0][0xfffffff5]qo8[0xffffff92][0xffffffd3]<[0xffffffbe]uy[0xffffffd0][0xffffffc1][0xffffffdd]v[0xffffffe3]M[0xffffffcd][0xffffffed][0xffffffd2][0xffffff82][0x7f][0xffffffc8]A[0xffffffc2][0xffffffed]9[0xffffffbd][0xffffffd2]W[0x8][0xffffffa1][0xffffff92][0xffffff93][0xffffffe6][0x17]w[0x17][0xffffffd5][0x1b][0xffffff80]$=[0xffffffc4]3RP#1[0xfffffffe]ob[0x1]Lv[0xffffffe8][0xffffffc5]}[0xffffffe0][0xffffffd0]i[0xffffff9b]o[0xffffff96]a[0x1a]+:[0xffffffe3][0xffffffc2]6xB[0xffffffb4][0xffffffe8][0x14]\'[0xffffffab][0xffffff9d][0x17]\[0x12]7[0x0]>Q[0xffffffe6]>?y[0xffffffcf]O;[0x0][0xfffffff6]V`[0xffffffff][0xffffffc8][0xffffffa2]>f[0x6][0xffffffd5][0xffffffe0][0xffffffa4]<+[0xfffffff2]x[0xffffffdb][0xffffffd0][0xffffff8f][0xffffff85]-[0xffffff9b]y[0xffffffaa][0xffffffd5][0xffffffbc]r[0xffffff83][0x11][0xffffff8b]+[0xfffffffc][0xffffff8c][0xffffffa9][0x1][0xffffffde][0xffffffcb]EF[0xffffffa6]|[0x17]O[0x13][0xffffff9e][0xffffffcb]y[0xffffffe6][0x15][0xffffffb6][0xffffffcb][0xffffffe8][0xffffffdb][0xffffffc8]{[0xffffff88][0xffffffe3][0xffffffde]a[0xffffff8f][0xffffff87][0xffffff85]9[0xffffffcd][0xfffffffe][0xffffffc3]Y[0xffffffcb]o[0xffffffed]!i[0xffffffd1][0x8][0x7][0xfffffff9][0xffffffd7]A[0x18][0x11][0xfffffff2][0xffffffa9]V[0xffffffb6][0x14][0xffffffb9][0xffffffab][0x1f][0xffffffe0][0x7f][0xffffffc2][0xffffffff]|[0x11]*[0xffffff97]_[0xfffffff3]J[0xffffffbb]E[0xffffffd7]6[0xc][0xffffff83]a[0xffffffdc][0xffffffc5][0x15][0xffffffa7][0xffffffa9]I[0xffffffb6][0x3],[0xffffffb5]#d\>w[0xffffff91][0x1d][0xffffff86][0xffffffd2]f[0xffffff91][0x1b]"%[0x17]M[0x13][0xffffffd1]$[0x17]t[0xffffffd8]<[0xffffff9f]<!/[0xffffff85]V[0xffffffad][0xffffff9c]O[0xffffffc6][0x17][0xfffffffa][0xffffffb6][0xffffffeb][0x18][0xffffff99][0xffffff8d][0xffffffb3]~[0xffffff86]g[0xffffffc1]B[0xffffffbe][0xffffffa4]&[0xe][0xffffffd2]4[0xffffffef]D[0xffffff83][0xffffff90][0xffffffc8][0xffffffcf]A[0x11][0xffffffef]h[0xffffffde]+[0xffffff97][0xffffffff][0xffffff8c]![0xffffffcd][0xffffffba]=L[0xffffff95]8[0xfffffffa][0xffffff80]H[0xf][0x15][0xfffffff9][0xffffff81][0xffffffc9][0xffffffd7][0xffffffd1][0xffffffcb][0xffffff91][0xffffffe6][[0xffffff8d][0xffffffae][0xffffff99]Fj[0x6]n[0x13][0xffffff88]/[0xffffffd4][0x19]!Ka[0xffffff8d]7[0xffffffe9](@[0x16]m[0xffffffd3]&[0xfffffff6]C[0xf][0xffffffb7]w[0xffffffce]Yy04a[0xffffffed][0xffffffdc][0xffffffb0]S[0xfffffff2]z[\r][0xffffffd9][0x16][0xffffffc8][0xffffffb6][0xffffff97][0xffffffef][0xffffffa6]g[0xffffffd3][0xffffffef][0xffffff97][0xffffffc3][0xffffffa7][0xffffff82][0xffffffd0]_[0xfffffffc][0xfffffff0][0xffffff9e]X,{[0x1f][0xffffffd8][0xffffff97][0x11][0xffffffab]$;[0xffffffbc][0xfffffffe]JI[0xffffffc4][0xffffffa4][[0xb][0xffffff87][0x14]\[0x15]|[0xffffff9a][0xffffffeb]([0xb][0x10][0xffffff9f]r[0xffffffde][0xffffffda]&r[0xfffffff3][0xffffffea][\r][0xffffff96]D[0xfffffff3][0xfffffff8][0x17][0xffffffd1][0xffffffb7][\r][0x19][0x15]~y1_[0xffffff84]D[0xffffffe9]@[0xffffffad][0xffffffe2][0xffffffd7][0xffffffc3]D#[0x4][0x2].[0xffffffdf][0xfffffffc][0xffffffdc][0x19][0xffffff98][[0xffffffc9][0xc][0xffffffb5][0xffffff85][0xe]K[0xffffffd4]h[0xffffffdd][0xffffffbb];[0xc][0x11][0x4][0xffffff9e][0xfffffff8][0xfffffffb]5l3h[0xffffff86][0xfffffffb]y[0xffffff93]*[0xfffffffb][0xfffffff4][0xffffffef][0x6][0xffffff8c]U{w[0xffffffbc][0xffffffb7]L[0xffffffd0][0xffffffec][0xffffffcd]U[0xffffffb3]8,70[0x17] [0xffffffb4][0xffffff93][0xffffff82][0xffffffbd][0xffffff89][0x10][0x1b][0x7][0xffffffec]XTG[0xffffffd0]$[0x1d][0xffffffb2]n[0xffffffd4][0xfffffff4][0xffffffab][0xffffffd1][0xffffffbf][0xffffffe2]PW[0xffffffa5]):F[0xffffffb8][0xffffffea][0xffffffbe][0xffffffb8]e K[0xffffffcb][0xffffffb6]6[0x17][0xffffffa2]8[0xffffff9a][0xfffffff5][0x0]Y[0xffffffde][0xffffffdf]!l[0xfffffffc]?[0xffffffcd]![0x7f]}[0xffffffda][0xffffffed]H[0x9][0xffffffce][0xffffffc1][0xffffffb1][0xffffffdb]h[0xffffffb9][0xffffff94]d[0xffffffd4][0xfffffff1]s4x[0xffffffb1][0xffffffc9][0x8][0xffffffe8][0xffffffb9]2)[0xffffffb2][0xc]Hfc[0xffffffaf]S[0x1c][0x7][0x18]L[0xffffffc9][0xffffffab][0xffffff99][0xffffff82]5[0xffffffbd]6[\r][0xffffff93]-[0x11][0xffffffbd][0xffffff89]"[0xffffffc5][0xffffff92][0x19][0xffffffb0][0xffffffe3]N^"7[0xffffffdc][0xffffffa5][0xffffffae][0xffffffd2][0x18][\n]"
08:05:03.602 [main] DEBUG com.github.dockerjava.zerodep.shaded.org.apache.hc.client5.http.wire -- http-outgoing-2 << "V[0xf]t[0xffffffe0][0xffffffb9]{[0x4][0xffffffa7]<[0xffffffe0]C[0x4][0xffffffd0]?qv[0xffffffda][0x4][0xffffffc3][0xffffffb1]F[0xfffffff9][0x10][0x7][0xffffff96]6[0x1d]D[\r]Q?[0xffffffc0][0xfffffffe][0xffffffb8][0x1a][0x7f][0xffffff81])N[0xfffffff1]`P<[0x18]PY[0xffffffb4][0xffffff98][0x12][0x6][0xffffff81][0x10][0xffffffc6][0xffffff83]_E[\r]G#F[0xffffffa0]3[0x17][0xffffffa7][0xffffffa1]s[0xffffffb7]oNPD[0xffffffcb]p7;[0xfffffff9]\[0xffffffa6]/[0xf][0xffffff9b][0xffffffba]q[0xffffffe2][0xffffff82][0x8]e#[0xffffffb5][0x1a][0xffffffe7][0xffffffdb][0xffffff84]z[0xffffffd0],[0xffffff95][0xffffff8f][0xffffff91][0xffffffd9]V[0xffffffa8][0xffffffb0]W[0xffffff9a] [0xffffffa6][0xffffffdb][0xfffffffd]0k[0xffffffbc][0xffffffe9][0xffffffec][0xffffff88][0xfffffffc][0x18][0xffffffa1][0xffffffe6]R[0x12][0xffffff8d][0xffffff81][0xffffff8f] [0xffffffc1][0xffffffd8][0xffffffa7][0x6]E[0xffffff90][0xffffffb0]V[0xffffffb7][0xffffffc9][0xffffff9e][0xffffffac][0x1f]n[0x10]}[0xffffffbd][0xffffff96][0xffffffd8][0xffffffd6][0xfffffff5][0xffffffa3][0xffffffff][0x0][0xffffffb3][0x6][0x1d][0xffffffbf][0xffffffc3]A[0xffffffc3][0xfffffffc]A[0x1][0xffffffa0]l+[0xffffff8a]t[0x14]&:[0x18]e[0xffffffd6]s[0xffffffc4]_[0xc]a&[0xffffffe4][0x4][0xffffffca][0xffffffb3]a\[0x7]UV[0xffffffcd]_[0xffffffcc][0xffffff91][0xffffffcd][0xffffffda][0xffffffb5][0xffffffb3][0xffffff8d][0xffffff91]CP[0xffffffee][0xfffffff7]u;[0xffffffd5][0xffffffa4][0xffffff9f]f[0x10]Q[0xffffffb8][0xffffffd7]q?[0xfffffff2][0xffffff92][0x16][0xffffffc7]D[0x7f][0xffffffa6][0xffffff9a]I[0xffffff8e][0xffffff9f]W[0xffffffb6][0xffffff94][0xffffffdc][0x1f]>[0xffffffb5][0x1e][0x19][0xffffffc9][0xffffff90]#[0xffffff94][0x1a][0xffffff80]Q[0xffffffc2][0x15][0xffffffc1][0xfffffffd][0x15][0x6][0xffffffe1]%[0xffffffc6][0xffffffde][0xffffffcd][0xfffffff1]?[0xf]?[0xffffffb4][0xffffffd3]<[0xffffffd9][Pw[0xfffffffd][0xffffff94][0x10]k[0xffffffe6][0xffffffbd][0xffffffd2][0xfffffff5]E[0xffffffa5][0xffffffb7][0xffffffaf]\+[0xffffff86][0x1]P[0xffffffae][0x5]1I[0xffffffda][0xffffff88][0xffffffd5][0xffffffce][0x16]u[0xffffffe7][0xffffffcf]b>[0x1]T[0xffffff9f][0x11],i[0xffffffa3][0xffffffe8][0xffffffa6][0xffffffeb]q[0xffffff84]S[0xffffffc6](t/[0x16][0xffffffc3]l[0xffffffd2][0xffffffdb]f[0xffffff83][0xffffffda][0xfffffff2]y[0xffffffd8]r[0x17]knO[0xffffffc4]D[0x1c][0x1b]HR[0xffffffc0][0xfffffff2][0xffffffe9][0xffffff95][0xfffffff0][0x7]/8[0xffffffd0][0x13][0xffffffdb][0xffffffe6][0xffffff96][0xffffffaf][0xffffffd2][0xffffffb8][0xffffffbb][0xffffffc9]F[0xffffffb7][0xffffff92][0xfffffff3][0xffffff8e][0xffffffd2][0x6][0xfffffff4][0xffffffcf]DX[0xffffff9b][0xffffff99][0xffffffa4]E][0xffffffc7]-[0xffffffd8][0xffffff97][0xffffff8a]M[0xfffffff3][0xffffffc5] g[0x4][\r]1K[0xffffff96][0xfffffff5][0xffffff89][0xffffffa1]m[0x7][0xffffffaa]{6zB[0xffffffc1][0xffffffaf]b[0x9]Hd[0xffffffdd]m[0xffffffcb]g[0xffffffdb]*B[0xffffffa5]|J[0xffffffb9]4[0xffffff90][0x1a][0xffffff8e][0xffffff99][0x19]w[0xffffffbe][0xfffffffe]5[0xffffff98][0xffffffc3]X[0xffffff90][0xffffff84][0xffffffd3][0xc][0xffffff8a]@<[0x14][0xffffff9c][0xfffffffd][0xffffffa1][0xffffffa8][0xffffffc9]}[0xffffffea][0x1f][0x17]~k[0x10][0x1f][0x2]z[/[0xffffff8e][0xffffffe4]u{h[0xffffffe1][0xffffffc7]7,Dr[0x19][0xffffff8e][0xffffffc3][0xffffffa8]"[0xffffff82]t[0xffffff98][0xffffff96][0xffffffb2][0xffffffca][0x1b][0xffffffe4]t[0xffffff9a][0xffffff9e][0xffffff85][0xffffffcb]R[0x4][0x16][0xffffffa4][0xffffffbe][0xb]Da[0xffffffeb][0xffffffac][0xffffffdd]`[0x1e][0xffffffb4]AU[0xffffff88][0x13][0xffffff8d][0x1e]'I[0xfffffffa][0xffffffaf][0xffffff93][0x1][0x9]2[0xffffffe9][0xffffffd0][0xffffffdf]lf[0xfffffff5][0xffffffd3]$X+[0xffffffe9]S0[0x6]s[0xffffff90]Uz+[0xfffffff5][0xffffff9e][0xffffffc6][0xffffffb3][0xffffff8f][0xffffffd5][0xfffffff9]B[0xffffffff]NAJc[0x7f][0x3][0xffffff81]b[0xffffffe2][0x1a][0xffffffe0][0xffffffe5]v9[0xffffffc2]/[0xffffff8b]C[0xffffffc4]P[0xffffff94]t[0xffffffa0]q[0x16]|[0x8][0xffffffc5][0xffffffa4][0x1f]?$[0xffffffa0][0x1e][0x14]s[0xffffff99]9Q[0xf][0xffffffb1],[0xffffffd3][0xffffffc1]9[0xffffffd1][0xffffff9e][0x1f]v[0xffffffe8]B[0xffffffe1]=[0xfffffff7][0x2],[0xffffffe7]@[0x1a][0xffffffb0]j[0xfffffff4]ta[0x18][0xffffffba][\r]*[0xffffffef][0xffffff98][0xffffff8f][0xffffffe9][0x7][0x7f][0xb]/[0xffffff85]7[0xffffffa8]Q$[0x1d][0xfffffff3]g[0xffffff86][0xffffffbc][0xf][0xffffffb8]\[0xffffffc8]oV[0xffffffcc]U[0xffffffd9][0x19][0xfffffff4]A[0xffffffb0]*5=[0xffffffb2][0xffffff98][0xffffffe7]}[0xffffffb7][0xffffffc5][0xfffffffc]Y[0x2][0x10]Un[0xffffff80][0xffffffd3][0x1f][0xfffffff4]}JV[0xffffff95][0x17][0xfffffffa]>[0xffffffd1][0x9]/[0x5][0x2][0xffffffa7]B[0xffffff99][0x11]F,.[0xffffffd4]O[0xffffffd1][0x19];[0x12][0xffffffbc][0xffffff85][0xffffffa0][\n]"
08:05:03.603 [main] DEBUG com.github.dockerjava.zerodep.shaded.org.apache.hc.client5.http.wire -- http-outgoing-2 << "[0x3]n8[0xffffff83][0xffffff9b]8[0xffffff8c]X6n[0x19][0xffffffdc][0xffffff98][0xffffffc4][0xffffffb8]<[0xffffffe7][0xffffffae][0xffffffcb][0xffffffc0][0x1f]/[0xffffffea][0x8]![0xffffffb8][0xffffffe4][0xffffffb4][0xffffffbc][0xfffffffd]2L[0xffffffb0]4-[0xfffffff6]^?[0xb]n[0xffffff9a][0xffffffa0]4[0xfffffffc][0xfffffff8]k[0xffffffc4][0xffffffa6]oO[0xffffffba]S[0xfffffff1][0xffffffde]D!][0xffffff87][0xffffffaa][0xffffffa6][0xffffffcd]>|@W[0xffffffb8][0xffffff94]d[0xffffffb2]X[0xffffffca][0xffffffef][0xffffffe4]T[0xffffffc7][0x8][0xffffffc2][0xffffffdd][0xffffffa0]![0xffffff81]5[0xffffffd9][0xffffff8e]n[0x1c]j[0xffffffb9][0xffffffa9][0xffffffc4]%[0x11]-O[0xffffff87][0xffffffc2][0x7][0xffffffe4][0x15][0xffffffc3][0xffffff90][0x12][0xfffffffe]A-[0xffffffc3][0xffffffbf][0xffffffb2]j[0xffffffb2]{][0xffffffca]X[0xffffff97][0xffffff94][0xffffffdb][0xffffffd4][0xffffffa1][\r][0xffffffd3][0xffffff9a][0xffffff84]<[0xffffffa0][0x7][0xffffffd6][0xe][0xffffffa6][0xffffffb1]n[0xfffffffd]Vf[0xffffff92]r8[0xffffffa6][0xffffffff][0xffffffd7]o[0x17]T[0x1d][0xffffffa5][0xffffffe6][0xffffff95]dC[0xffffffd4][0xfffffff7][0xffffffe6][0xffffffcd]\t[0xfffffff0]J[0x1f][0xffffffd5]&b[0x0][0xffffff8e][0xb][0xffffff8a]){[0xffffffc2][0xffffff85][0xffffffa9][0xffffffb6]D*[0xffffff91][0xffffffa4][0xffffff80][0x19]0U[0x10][0xffffff98][0xffffff94]Y[0xffffffcb][0x14]*[0xffffffa4][0xffffffba][0x6][0x1c][0xffffffdc][0xffffffea]x[0xffffff8c][0xffffffbb][0xffffffc3][0xfffffffe]W[0xffffff9b]_n[0x5][0xfffffff4][0xffffff9b]~[0xffffffb3]MKp[0xffffffda][0xffffffcd][0xfffffff1][0xffffffae]e[0xffffffd7][0xffffffd7][0xffffffa3][0xffffffd1][0xfffffff7]VT|[0xffffffd2][0xffffff97][0x5][0xfffffff0]$[0xffffffd4][0xffffff89][0xffffffa9][0x15][0xffffffb5][0x1c][0xffffffd2][0x4][0xffffff81][0xffffffd8]7[0xffffffd1]ST[0x1f][0xffffffa7][0x1d]P[0xffffffc0][0x17]$[0x1b][0xfffffffa][0x7f][0xffffff99]gS[0xffffffdd]F[0xfffffff4]:[0x1b][0xfffffffd][0xfffffff9]ek$l[0xffffffba][0xffffffd9]S[0xffffffa5]9~[0xffffffe8][0x7][0xffffffd4][0xffffffd5][0x10][0xffffffee][\n]"
08:05:03.603 [main] DEBUG com.github.dockerjava.zerodep.shaded.org.apache.hc.client5.http.wire -- http-outgoing-2 << "[0xffffff81][0xffffff8d][0xfffffff2][0xffffffa3][0xfffffff8][0xffffffd1][0xffffff8d][0xc]|[0xfffffffc][0xffffffea][0xfffffff0][0x0]y[0xffffff96][0xffffff93]r+j[0x10][0xffffffe5][0xffffffa7]5N[0xfffffffb][0xffffffc7][0xffffffb9][0xffffffdf]s7[0xffffff89]@[0xffffff8e]u+[0xffffffbb][0x7f][0xffffffbe][0xffffff8e][0xffffff8e][0xffffff97]!F*b[0xffffffa4][0xffffffaa][0xffffff80]|[\r][0xffffffb3][0xffffffe9][0x10][0x15][0xffffffd4]5[0xffffffc8]E[0xffffffbe]e![0xfffffff5][0xffffffec][0xffffffc4][0xffffffa9][0xffffff8a][0xffffff8d][0xffffff92]n[0xffffffc6]E[0xffffffcb][0xffffffe3][0xfffffff3][0x1c][0xffffffe0][0xffffffa4][0xb][0xffffffa0][0xfffffff8][0x5][0xffffffd8]D[0xffffffab][0xffffff83][0xffffffe8][0x3]1[0xfffffff5][0xffffffd8][0xffffff99][0xf][0xffffff99][0xffffff9b][0xffffff96][0xffffffbd][0xffffff8e][0xffffffd2][0xffffff9c][0xffffffb0]W[0xfffffff0][0xffffffd0][0xffffffe2]r[0x15]R[0x13][0xffffffb3]Q[0xffffffa9]S[0xffffffe4][\n]"
08:05:03.603 [main] DEBUG com.github.dockerjava.zerodep.shaded.org.apache.hc.client5.http.wire -- http-outgoing-2 << "v[0xffffffe0][0xffffffad])?[0xffffff91]i=C)[0xfffffff7]l[0xffffffb7][0xfffffffa][0xffffffe2][0xffffffb7]6[0xffffffef]iwvj[0xffffffc3][0xffffff96][0xffffffc2][0xffffffca][0xffffffad][0xffffffc0][0x19][0x19][0xffffffbe][0xffffffc0]H[0xffffffc7][0xfffffffa][0x10][0xfffffff8][0x1b][0xffffff9f]c4[0xffffff98]7[0xffffffae][0xffffffbf][0x1e]<[0xffffffd1]d[0xffffffa2][0x15][0xffffffa1][0x12][0x14][0xffffff8e][0xffffff82]_[\n]"
08:05:03.603 [main] DEBUG com.github.dockerjava.zerodep.shaded.org.apache.hc.client5.http.wire -- http-outgoing-2 << "[0xffffffc5][0xffffff8e][0xffffffeb][0x11][0xfffffffc]k[0xffffffc1][0xffffff88][0xfffffff2][0xffffffac][0xffffffd6]^z[0xffffffca][0xffffff8a][0xffffffbd]p*[0xffffffd6][0xffffffb5]IS2[0xffffffa1]5C[0xffffff89][0xffffffd4][0xffffffc0][0xfffffff9]s-[0xffffffdc][0xffffffde][0xffffffe4][0xffffff95][0xffffffc8][0x17]n[0x1e][0xffffff97][0xffffff9d][0x0][0xffffffe0]A/V[0xffffffc5]sdF[0xfffffff5]Mw[0xfffffffc]Hk$[0xffffffd7][0x18]'[0xffffff88]4[0xffffff93][0xffffff9b]M[0xffffffa4]~k[0xfffffffa][0xffffffb2]\p[0xffffffe4]n[0xffffffd4][0x14]<[0xffffffee][0xffffffa1]P[0xffffffd6]([0xffffffa6]m[0xffffffce][0xffffffa2][0xffffff9e][0xfffffff3][0xffffff8a][0xffffff80]I[0x12][0xffffffc6][0xffffffde][0xffffffe2]$[0xffffffd0][0xffffff9c][0xffffffac][0xffffffa2][0xffffffca][0x2]1[0xffffffab][0xffffffb5]N:[0xffffffb3][0xffffffde][0xfffffff1][0xffffffc0]-[[0x7f]c[0xffffffe6][0x19][0xffffffec][0x1d][0xffffffcc][0xffffffd7][0xffffffa8][0xffffffb3][0x1b].7[0xfffffff4]?[0xffffffaa]k[0xffffffa3]![0xffffffa4]sRM[0xffffffb0][0xffffffc1][0xffffff99][0x14][0xf][0xfffffffb][0x15]^~[0xffffffbc][0xffffffc8][0xffffffa2]Y[0xffffff91][0xfffffffb]7[0xffffffa4][0xffffffec][0xffffffd3]Xq4@[0xffffffdc][0xffffff86][0xffffff85]Z[0x1][0xffffffaa])[0xffffffb6][0xffffffa2][0xfffffff4]"[0xffffffab]aT9[0xffffff93]D[0xffffff91][0x14][0xffffffcc]q[0xfffffff0][0xffffff8c]3b[0xffffffda][0xffffffb2]c[0x12][0xffffffe2]jP[0xffffff89]r;[0xffffffae][0xffffff9b]@[0x11][0xffffffef][0xffffff85][0xffffffb6]3f[0x5]d[0x18]=[0x10][0xfffffffb][0xffffffa4]+[0xffffff85][0x1f][0xffffffe1]O>[0xffffffc7][0xffffff83][0x1e]r[0xffffff92][0x16][0xffffffe4]yH[0x18]t;[0xfffffff8]L|>[0x15][0x12],[\r][0xf][0xffffffb0][0xffffff82]X[0xffffffed][0xffffffa7][0xffffffa1][0xffffffd0][0xffffffd7][0xffffffd4]VV[0xffffff9c]kD[0xffffff83][0xfffffff0][0xffffffff][0xfffffff7]d[0xffffffff]Q&dL[0xffffff99][0xffffffbf][0xf][0xffffffd3][0xfffffff4][0xffffffa4][0xfffffffa][0xffffffde]_jFX[0xffffffcf][0x19][0xffffffe8][0xfffffff4]H[0xffffff97]b[0xffffffd3][0xffffffa3][0xffffffc3]1[0xfffffff9][0xffffffce]W[0x1][0xffffffd8]b+[0xffffffed]x[0xffffffa6][0xffffffbc]K[0xffffff9f][0xffffffb0][0xffffff8c])-~aw[0xffffff97]I[0x0]%[0xb].[0xffffffcf][\n]"
08:05:03.603 [main] DEBUG com.github.dockerjava.zerodep.shaded.org.apache.hc.client5.http.wire -- http-outgoing-2 << "[0xffffff84]([0xffffff80][0x12][0xffffffb2]In[0xffffff88][0xffffffe5]I[0xffffffd3][0xffffffd0]r[0x7f][0xffffffc1]M[0x7][0xffffffee]I[0xffffffba]'[0xffffffb4][0xffffff95]K,[0xffffffb0][0xffffffab][0x14][0xffffffb5][0xffffffc2][0xffffff84][0xffffffcf][0xffffffa2][0xffffffd1][0xffffffcf][0xffffffb0]e[0xffffffd2][0xffffffe7][0xffffffb7]V[0xffffffee]9?[0xffffffd0][0xffffffd0]p[0xffffffd9][0xffffffa9][0xffffffd5][0xffffff97]q[0xffffffdc][0xffffffd4][0xfffffffb][0xffffff80][0xffffffad][0xffffff84][0xffffffa2][0x10],a[0xffffffa0]g[0xffffffc9][0xf][0xffffffdf],[0xfffffff7]v[0xffffff8f]~[0xffffff81][0x1d][0xffffffdd][0xffffffc6][0xffffffc3][0xffffffa6][0x7][0xffffffff][0xffffffa0][0xffffffa6]Al[0xffffffa0][0xffffffcf]M,[0xffffffbd][0xffffff86][0xffffffdc][0xffffffcf][0xffffff9d][0xffffffda][0xffffffdc][0xffffffba][0xffffffa2][0x1f][0xffffff96][0xffffffd6]F|V[EU[0xffffff89][0xffffff96][0xfffffff1])Z[0xffffffcf][0xffffff9b][0x15]i[0xfffffff9][0xfffffff1][0xffffffbc],}[0xffffff87][0xffffffcf]>3[0xffffffdd][0x1a][0xffffffe4]-[0xffffffad][0xffffff9e][0xffffff94][0x3][0xffffffe2]P>[0xffffffa9]X1[0x7f][0xffffff8a][\r]y-[0xffffffcd][0xffffff9f][0xffffff95]+[0xffffffa5][0xffffffda][0x4][0xffffffce]=[0xffffffb2][0xffffffef][0xffffffa3][0xffffff82][0xffffffac]U![0xffffffa9][0xffffffb7][0x18]-&[0x1c]/[\r]R[0xffffffca]VN?[0xfffffff8][0xffffffba][0x13][0xffffffde][0x15]+/eeP[0xfffffff9][0xfffffff2][0xffffff96][0xffffff95][0xc]_[0xffffffb9][0xffffffb6][0xffffffc9]:[\r][0xffffffdd]L[0x0]S[0xffffff83][0xb]G[0xffffffcb]8[0xffffff9e]3[0xffffffa2]F[0x8]b[0xffffffbf]|c[0xffffff83][0x14][0xffffffa2][0xffffff9d][0xffffff8e][0xfffffff6][0xffffffe4][0xffffffa5]q[0x7][0xffffffa7][0xffffffbf][0xffffffd2][0x6] [0xffffffb3]*![0xfffffffa]#/[0xffffff83]@[0x8]y[0xffffffad]I[0xffffff8a][0xffffffaa]N[0x12][0xffffff9f][0x1c][0xffffff8d]e[0xfffffff1][0xc][0xfffffff9]P[0xffffffe6][0xffffffa7][0xffffffef][0x6][0xffffffcc]$[0xb]U?[0x14][0xffffffec]Y[0xfffffff6][0xffffffaf]Mn[0x0][0xffffffd4][0xffffffb8][0xffffffba]P[0xffffffb7][0xfffffff0]j[0xffffff91]e[0x9];*[0xfffffff6][0xffffffc1]Di[0xffffffed][0xfffffff6][0xffffffc5]Z[0xffffffbb][0xffffff92]3[0xfffffff0][0x1b][0xffffff95][0xf][0xffffffba][0xffffffde][0xffffffa5]q[0xffffffaf][0xffffffd5][0xffffff81][0xffffffe8][0xffffffc8]@PmbM[0xc]k[0xffffffb7][0xffffff95]}[0xfffffff5][0x8][0x1e]I[0x11][0xffffff94]x[\n]"
08:05:03.603 [main] DEBUG com.github.dockerjava.zerodep.shaded.org.apache.hc.client5.http.wire -- http-outgoing-2 << "[0xffffffe4] S[0xffffffca][0xffffffd0][0xffffff8a][0xffffff9e]7[0xffffffac]6[0xffffff99];[0xffffffb7][0xffffffa1][0xffffffe3][0x4]W[0xffffff9b]n[0xffffff9b][0xffffff9a][0xc]X[0xffffff98][0xffffffe3][0xffffff99][0xffffffb5]P9[0xffffffb2][0xffffffb1]_[0x2][0xffffffaf][0xffffffd4][0xffffffdb][0xffffffbf][0x6][0x18][0xffffffba][0xffffffc7][0x14][0xffffff8e][0xffffff97][0xffffff86][0x1b][0xffffff90][0xffffffc7].[0xffffff88]Y[0xffffff9d]4[0xffffff87][0xffffff8e]d[0x1b]kw[0xffffffb8]n[0xffffffaf]-[0xffffffb5][0xffffffcf][0xffffffd4][0x1e][0xffffffde][0xffffffa8],B([0xffffff84][0xfffffff8]xdBLqa[0x8]|[0xffffff9f]2N[0xfffffff0][0xffffffa8][0x12][0xffffff98][0xffffffd9][0xffffffa9]L[0xfffffffe][0x1c][0xffffffaa]U[0xffffffd6][0xfffffff2][0xfffffffb][0xffffffee][0xfffffffb][0xffffffe2][0xffffffd3][0x1e]hOt$@s[0xffffffaf]7[0xe]|:[0xffffffb1][0xffffff8d][0xffffff8c]X[0xffffffb2]9[0x3][0xffffffc3]ZH[0x1c][0xffffffbc][0x17][0xffffffa2][0xffffff8b][0xffffffb1]^[0xffffffd6][0xffffffec][0xffffffbe][0xffffffa6][0xffffff85]m[0x4][0xffffffb9]! a5[0xfffffffd][0xffffffe4][0x3][0xffffff9e]=[0xffffffe4][0xffffff9a][0xffffffd7][0xfffffff4][0xffffffdd]t[0xffffffc2][0xffffffba][0xffffffc3][0xffffffa7][0xffffff86][0xffffff94][0xffffffdb][0xffffff82][0xffffffec][0xffffffc9]O[0xffffffcc][0xffffffe0]g[0xffffffc0][0xffffffcb][0xffffffb7][0x19][0xfffffff3][0xffffff93][0xffffffd4]<~[0xffffffdd][0xfffffffe][0xc][C[0xffffffe9]2[0xffffffea]W[0x1][0xffffffd4][0xffffffd3]N[0xfffffff9]o[0xffffffb9]'[0xffffff9b] 8e[0xffffff94][0xfffffff6][0xffffffa6][0xfffffffc]mp[0xffffffbb][0xffffffda][0xffffff83][0x4][0xffffffaa][0x8]LW[0xfffffffa][0xfffffffe][0xffffff99]U[0xffffff85][0xffffff9a]z[0x16][0xffffffe6])[0xffffffbb][0xffffffdf][0xfffffffc]T[0x11][0xfffffff2][0xffffffb2][0xffffff81][0xffffffe8][0xffffffb9][0xffffffdb][0xffffffd6],[0xffffffc4][0xffffffa1]Vz[0xffffffc7][0x12][0xffffffde]z[0xffffffa2][0xffffffce][0xffffffea][0xffffff99]X[0xffffff8c][0xffffff93][0x6][0xffffff81][0x0][0xe][0xffffff84]#[0xffffff85][0xfffffffd]R[0xffffff97][0x5][0xffffffc6][0xffffffd3]R[0x3][0xffffffac][0xffffff9d]ro[0xffffff84]Z[0xffffffe3]8o[0xffffffbb][0xffffff9a][0xffffffca][0xffffffa8][0xffffffa8][0xffffffc4][0xffffffc1][0xfffffffa]b[0xffffffa9][0xfffffff6]7[0xffffff9b][0xffffffcf][0xffffffea][0xfffffff2]@[0xffffffbc]>[0xffffffb7]^3c=M[0x1b][0xffffff96][0x6][0xfffffffb]$[0xffffff99][0x7f]:Yr[0xffffff85][0xfffffffc][0xffffffdd][0xffffff97][0xffffff82]P9][0x10][0xffffffc7][0xffffffb2][0xffffffdf]d[0x1a]+[0xffffffdf][0xffffffe7]+E[0x17]4[0xffffff94]Y[0x3][0xffffffc5][0xffffffe8]p[0xffffffbe]Z[0xffffffcb][0x1f][0xffffff8a]!F[0xffffff83][0x1a][0xffffff98][0xffffffa7][0xffffffd3][0xffffffb4][0x11][0xffffff98][0xffffff9b]a[0xffffffcc][0xffffff8c]b?/~[0xffffffc7][0xffffff9a][0x1]|[0xffffffa1]B[0xffffff93]0U[0xffffff92][0xffffff93]d[0xffffff84][0xffffffa5][0x0]4h[0xffffff95][0xffffff89];[0xf][0xffffffc7][0xffffffd0]n}[0xffffffce][0xffffffab]][0xfffffff4][0xffffffc8]''[0xffffffd3]?[0xffffffde]~[0x2]o[0xffffffb1]@[0xffffff95]V[0xffffffaa][0xffffffa7][0xfffffffb]u&[0xffffffc6]DnYA[0xffffff81][0xffffffa3]o:X[0xffffffe5]X[0xfffffff8]C[0x1a][0xffffffc5][0xffffffc7][0xffffff91][0xffffff94])J[0xfffffffd][0xffffffa4][0x11][0xffffffdc][0xffffff89]M*[0xffffff9d][0xffffffca][0xfffffff2][0xffffff93]^C[0x5]D[0xffffffb9][0xffffffd2]S[0xffffffe1][0xffffffd4];[0xffffffb6][0x15][0xffffffd7][0xfffffff1]P][0xffffff9f][0xffffffe8][0xffffffa6][0xffffffae][0xffffffe4]0[0xffffffe0][0xffffffd7][0xffffffa9]k[0x16]K[0xffffffc2][0xffffffe0][0xffffffe3]A]Ql[0xffffffc9]t[0xffffffaf][0xffffffd5] [0xffffffcd]k[0x1b][0x1]P[0xffffffde][0xffffffc4].[0xffffffcf]@[0xffffffad]S:[0xffffff95][0xffffff91]D[0xffffffd3]*[0xffffff84]lU[0xffffffcd][0x1a][0xffffffbb][0xffffffba][0x7][0xffffffb8]n [0xffffffb6]S[0xfffffffc]V[0x12][0xffffff82][0xffffff92][0xffffff82][0xfffffff7]u@y[0xfffffff7][0xffffffd0][0xffffffd8][0x9][0xffffffd8][0xffffffed][0xfffffff9]a[0x13]}8BZ[0xffffffed]C[0xffffffc1][0xfffffffe][0xffffff9f][0xffffffbb][0xffffffd4]-[0xffffffb1][0xffffff8c][0xffffff9a]Y[0xffffffe0]z[0xffffff82]xK9[0xffffff91]vf[0x8]_[0xffffff87][0xffffffe4][0x2]0[0xffffffe1][0xffffffc6]C[0x10][0xffffffed]/z$[0x4][0x1d][0xffffff9b]u\[0xffffffd9]C[0xffffffe4][0xffffff87]![0xffffff8f]([0x6][0xffffffa5][0xffffffe5][0xffffffa7]X[0xffffffbd]@[0xffffff81][0xffffff9e][0xffffffa2][0xffffffb7][0xffffffdf][0xffffff90][0xffffffdf][0x14]o[0xffffffe8][0x7][0xffffff84]s]ty[0x3][0xffffffd2][0xffffffda][0xffffffd7]W S[0xffffffaf][0xffffffbf][0xffffffac]D-[0xffffff95][0xffffffbf][0xfffffff7][0xffffff86]N6[0xffffff9e]{&[0x3]JP}[0x7][0xffffffb3]Vcp[0xffffffae][0xffffffbb][0xffffffa6][0xffffff92]B[0xffffffff]y[[0xffffffb9][0xffffffa2][0xffffff81][0xffffff85][0xfffffffb][0xffffff85]6i;/[0xffffffac][0xffffffc2][0xc][0xffffff9d][0xe][0xffffff8a]8[0xffffffe1]*#[0xffffffda][0xffffffc7][0xffffff8b][0x12]JTF[0xffffff83][0xe][0xffffffaf][0xfffffffe][0xffffffdf][0x16][0xffffffba]mu[0x1][0xffffffcf][0xffffff9d][0x1]`8[0x19][0xffffffce]y[0xffffffe1][0xffffffb2][0xffffff95]0[0xffffffbf][0xffffff82][0xffffffd0][0xffffff83][0xffffffca][0x7f]J[0xfffffffb]'[0x7f][0x8][0xffffff84][0xffffffde]=[0xfffffffc]I6[0x3],[0xffffffd5][0x1d][0xffffffff][0x6][0xffffffde][0xffffff9f][0xffffff9a]V[0xffffffc1]JRC&[0xffffffa6]7[0xffffffe8][0x16][0xffffff98][0xffffffe2]J;[0xffffff96][0x9][0xffffffa5]9[0x16][0x9][0xfffffff2][0xffffffa0][0xffffffe2]"[0xffffffb0]>[0xffffffd2][0xffffffbb]t[0xffffffb1]Y[0xffffffcf]o[0xffffffbd]a[0xfffffffc][0xffffffdb][0xffffff9c][0x19]G[0xffffff87][0xffffff84][0xffffffb3][0xffffffc8][0x12][0xffffffa8][0xffffffb9]B[0xffffff86][0xffffffc9][0xffffffce][0xffffffb1][0xffffffe7]K[0x7]f[0xffffffcf][0x3][0x8][0xffffffd7][0xffffff8c]Fh[0xffffff90][0xb])O[0xffffffeb][0x19][0xffffffc5][0xffffffcc]o[0xffffffa7][0xffffffad][0xffffffaa][0xffffff9a]:pjy[0xffffffa4][0xffffff96][0xffffff9e][0xffffffd6][0xffffffc9][0xffffffa1]|t[0xfffffffd][0xffffff8e][0xffffff87][0xffffff97]d;[0xffffff9a][0xffffffe9]V[0xffffffb3][0xffffff8f][0xfffffffb]I[0xffffffbd][0xfffffff4][0xffffffff][0xffffffcd][0xffffff95][[0xffffffd0][0xffffff99][0xffffff95]!N[0x1][0xffffff85](`[0xffffffa9]{[0xffffff8b]h[0xffffffd0]N[0xffffffd6]#[0xffffff98][0xffffff80][0xffffffcc]GZ[0xffffff92][0xffffffc5]yXh[0xffffffe8][0xfffffff5][0xffffffac][0xffffffe2][0xffffffe4]%[0x8][0x2][0xfffffff0][0xffffff87][0xffffffe6][0x8]P[0xffffff90][0xffffff9b][0xffffff8a][0xffffffb2][0xffffffdf][0xffffffa3]:[0xffffffc6][0x12]][0x1b][0xffffffe6][0xffffffcd][0xffffffa8][0x1b][0xffffff95][0xffffffaf][0xffffff89][0x12]c^[0xffffffbe][0xffffff96]:[0xffffff8f][0xffffffc6][0xffffffdb]BB[0xffffffb2]R\[0x1d][0xf][0xffffffe5] |![0xffffffb2]}!`h[0xffffff84][0xffffffd4][0xffffff9b]@[0xffffff9e][\n]"
08:05:03.603 [main] DEBUG com.github.dockerjava.zerodep.shaded.org.apache.hc.client5.http.wire -- http-outgoing-2 << "[0xffffffcc][0xffffffd9]C'(P[0xffffff90][0xffffff9c]<w<I[0xffffffaf][0xffffff83][0xffffff99][0xffffffc3]X[0xffffffb4][0xffffffa3][0xfffffff0][0xffffffe4][0xffffffd6][0xffffffe8][0xb][0x19]]yW[0xfffffff4]b[0xfffffffd][0xffffffe9]zh[0xffffffab]3<[0xffffffd3][0xfffffffc][0xffffffeb][0xffffffe6][0xffffff80][0xffffffa1][0x6]r[0xffffffe9][0xffffffaf]~H[0xffffffc2][0xfffffff0]M[0xffffff84]6[0xc][0xffffffb8][0x1][0x7][0xffffffec][0xffffffde][0xffffffb9][0xffffffcb]Zo![0xffffffe0][0xffffff87]pt[0xffffffda][0xffffffa5]f[0xffffffbd][0xffffff9e][0xffffff9d][0xffffffe2][0xffffffd8][0x19]7y[0xffffffb2][[0x11]:Tz[0xfffffff5][0xffffff9d]R[0xffffffbc]s[0x11][0xfffffff8]$[0xffffff97][0x13]8[0xfffffff5][0xffffffb7][0xffffff8f][0xffffffa8][0xffffffb1][0xfffffff7][0xffffffbc]\[0xffffffa0]x[0xf][0xffffffd6][0xffffffda][0x17] 3F[0xffffff9e][0xffffffc7]0[0xffffffc8][0xffffffc2][0xffffff87]R[0xffffffe7][0xffffffdf][0xffffff95][0xfffffff6][0xffffffee]W[0xffffffa7][0xffffff83][0xffffffc0][0xffffffeb]f5M[0xffffff98][0x4][0x7][0xffffffff][0x9].[0xffffffbf][0xffffffc4][0xffffffe8][0xffffffeb][0xffffffea]#[0xffffffc2][0x13][0xffffffb4]q[0xffffffbd][0xffffffc4][0xffffffaa][0xffffff8a][0xe]i[0x7f]#[0xffffffa0]Bi[0xffffff8b][0xffffffb8]r[0x18][0xffffffc1]A[0x3][0xffffff9a][0xffffffae]~[0x1][0x1d]qh[0x15][0xfffffff1]C[0xffffffe2][0x1f]D[0xfffffffd][0xffffffeb][0xffffff9b]k[0xffffffb4][0xffffffc1][0xffffffa8][0xffffffbf][0xfffffff3][0xffffff80][0xffffffc5][0xffffffc6][0xffffffe2]H[0xffffff98][0xffffffc0][0xfffffff3][0xffffff84][0xffffff8d][0xffffff8d][0x17][0xffffffd3][0x1e][0xffffff82]*[0xfffffff6][0x4]A[0xffffff8e]=[0xffffff81]u[0xffffff89][0xffffffdb]/[0xffffffd0]m7[0xffffffcc][0xffffffe1][0xffffffdd][0xffffffd7][0x0][0xffffffa8][0xfffffffe]tC[0xffffffbe]H[0xffffffe4][[0x7f][0xffffffe8][0xffffff84][0xffffffcb][0xffffffc1][0xffffffb3][0xfffffff9][0xe]R[0xffffffd9][0xffffff8a]N[0xe][0xffffff8f]{[0xfffffff6]w"[0xfffffff1]2[0x3][0xffffffa7][0xffffff87]o[0xffffffc2][0xffffffb0]q|[0x9][0xffffffe2][0xffffffc4][0x15][0xffffffde].[0x6]-[0xffffffcd]X[0xfffffff3]1[0xffffffb8]M":Wm[0xfffffffe]@![0xffffffca][0xffffffd1][0xffffffea][0xfffffffa][0xffffffe2][0xe][0xffffffe1][0xffffffb1][0xb]x ZB[0xffffffb2]jr[0xffffffa3]OGN[0xffffff9d][0xffffffcc][0xffffffdb][0xffffffe7][0xffffffc2][0x9]f)YQ[0x7f]D"[0xffffffc1][0xffffff9f]T[0xffffff88][0xffffffef][0xfffffff7]d[0x1][0x6]q[0xffffff90]v[0xffffffff][0xfffffff5]qe[0xffffff9a][0xfffffff5][0xffffffe4]3u[0xffffffdc][0xffffff8b]c[0xfffffff6]t>[0xffffffca]3A[0xffffffcd][0xffffff81][0xffffffab][0xffffffe6] [0xfffffffa][0xffffffec][0xfffffffb][0xffffffde][0xfffffffb][0x1b]y)[0xffffff9d][0xffffffb0][0xffffffc6]%s[0xffffffff][0xffffff87][0xfffffffb]a[0xffffffc9]`nW[0x19]xV[0xffffffc9]L[0xffffff8e][0xffffffc7]L[0xffffffa2]gr[0xffffffd6]3[0xffffffb8][0xfffffffb]u[0xffffffc9][0xffffff8f][0xffffffdb][0xfffffffc]*[0xffffff81]a7[0xffffffed]'[0xffffff94][0xffffff9d][0xffffff92][0xfffffff2]=[0xffffffc4] [0xffffff86]x[0xffffff91][0xffffffd9].[0xffffff99]I.j[0xffffffea][0xffffffad][0x3][0x4][0xfffffffd]*[0xfffffff3][0xffffffc6][0xfffffff8][0xfffffff5]s[0xfffffff9][0xffffffe6][0xffffffb9]c`[0xffffffce]r[0xffffffdf]J[0x15][0xffffff89]2o*[0xffffffa3][0xffffffba]NE[0x12]pV[0xffffffd5] [0xffffffae]9[0xffffff91]H[0x14][0xffffff87][0x1a]<[0xffffffea]A[0xffffffeb][0xffffff95]m1[0xffffffd0][0xffffffc1][0xffffffe4]4qJ[0xffffffc0][0xffffff8b]HXZ[0x9]x[0xffffff82][0x13]'[0xffffff94][0x14]J<k[0xffffffb2]}[0xfffffffa][0xffffffcf][0x7])[0x6]&p[0x1][0xffffffa3][0xffffff80][0xf]r&}[0xffffffec]8}[0xb][0xffffffd3][0xffffffe5][0x10][0xffffff86]U#[0x9][0xffffffb1][0xffffffa5]1[0xffffffd6][0xffffffad].T[0x10][0xfffffff3][0xfffffff9]:[0xfffffff2][0xffffffb4][0x4][0xffffffe1][0xffffff93][0xffffffa8][0xffffffc2][0xffffffca]d3[0xffffffce][0xfffffff3][0xffffff96]M[0xffffffe9]H[0xffffffa8][0xffffffe3][0xfffffff4][0xffffff9a][0xffffff9d][0x11][0x1f]U[0xffffffb1][0xffffffc7]~[0xffffffc0][0xffffff88]R[0x0][0xffffff83][0xffffff84]d[0xffffffc6]V[0xffffff90][0xffffffb3][0xffffffe1]pL[0xffffff8c]Wc[0x13][0xffffff93][0xffffffef][0xffffffa0][0x4][0x1c][0xfffffff9]CHYs[0x15][0x4]([0xffffffb3]1IT,[0xffffff83][0xfffffff3]#6[0xffffffdc][0xf][0xffffff8c][0xffffffd2]<[0x16]l[0xffffffcb]k[0xffffff8b][0xfffffff7][0xffffffcf]Gz[0xffffffc3]8t[0xffffff91]0[0xffffffd8][0xffffffc5][0x10])WT(td[0xfffffff7]][0xffffffc2][0xffffffd7]yQ[0xffffffa9]w$[0xffffffb1][0xe][0xffffffff]Ce[0xe][0xc][0x16][0xffffffc5]#'[0xffffff93][0xffffffff][0xffffffc5][0xffffff80][0xfffffff6][0xffffff98]$[0xffffffea][0xffffffaa][0xfffffff9][0x1f][0xfffffff7][0xffffff99][0xffffffd2][0xffffff90][0xffffffe4]1[0xfffffffe][0xffffffac][0xffffffdc]O[0xffffffe3][0xffffff98]>r=[0xffffffe1][0xffffffb0][0xb]a[0xffffffc0][0xfffffff0]\[0xffffff91][0xffffffc9]+A[0xffffff80][0x13]ix[0xffffff88]lr[0xffffffbe][0xffffffe1][0xffffff9c][0x6][0xffffff9f][0xffffff98];I[0x12][0x15]m[0x17][0xfffffff1]*[0xffffffff][0xffffffdc]x[0xffffff85][0xffffff9a][0xffffffaf]9[0x5][0xffffffdf]H[0x7f][0xffffffd9][0xffffff8d][0xffffffbd][0xffffff94]|[0x0]FP[0xffffffcb]m[0xffffff95]X[0xffffffcb][0x1a]S[0xffffffbd][0x1e]D[0xffffffdc][0xffffffd4][0x11][0xffffffe3]qo [0x14][0xffffffd2][0xfffffff7][0xffffffaf][0xffffff9f][0xffffff9b][0xfffffffd][0xffffff9f][0xffffff91][0x18][0xffffff92]6[0xffffff98][0xffffffa5]w[0xffffff90][0x1e][\r][0xffffffbb]e.[0xffffffce][0xffffffac][0xffffffb2][0xffffff97]\[0xffffffd7]gsp[0xffffffa3]V>[0x1a]H[0xfffffffd][0x1b]fSxI4[0xffffffcf][0xffffff9c][0xffffffa2][0xffffff95][0xfffffff3][0xfffffffe] 0[W}[0xffffffb1][0xffffff9e][0xffffff9d]&[0xffffff9a][0xffffffc8][0xffffffd2]9[0xfffffff7][0x1f][0xffffffc3][0xffffff83][0xffffffd6]N[0xffffffdb][0xffffff97][0x7f][0xffffffa5][0xffffffeb]Z&[0xffffffcf][0xffffff9a][0x1b][0xffffffe0]P[0xffffff92]n[0x9]Q9w?[0x18]0[0xffffffae][0xffffffdd]{[0xffffffa1][0x8][0xffffff9f][0x18][0xfffffff4]X[0xffffffb1][0xffffffd1]9]7K[0xfffffff7][0xffffff87]S[0xfffffff9]D[0xfffffff7][0xffffffb8][0xffffffff]gS[0xffffff8d][0x18].[0xc][0xffffffbf][0xffffffc7][0xffffff92].=[0x2][0xffffffaf][0xffffffa7]qB [0xffffffd3][0x1e][0xffffffe8][0xffffffb6]{h[0x16][\n]"
08:05:03.603 [main] DEBUG com.github.dockerjava.zerodep.shaded.org.apache.hc.client5.http.wire -- http-outgoing-2 << "v[0xffffffd2][0x1d]y[0xfffffff7][0xffffff91]#[0x1d] [0xffffffc2][0xffffffde][0xffffffe1][0xffffffa0]e3[0xffffffe2]7|eb5l[0x2]eY([0xffffff97][0xffffffc0][0xffffffc0][0x11][0xffffffa3][0xffffffcf]e[0xfffffffc]N[0x1a][0x7f]"[0xffffffbe][0x1f][0xfffffffe][0xffffffee]|NG[0xffffff96].[0xffffffbe][0xffffffdf],[0xfffffff3][0xffffffd4]TQ[0xffffffdb]'[0xffffff8d]Zp[0xffffffed][0xffffffb0][0xffffff98][0xfffffffc][0x15]$[0xffffffcc]b[0xffffffe4]0[0xffffffde][0xffffffe5][0x19][0x19]{[0xffffffc4]t[0xffffffc4]<[0xffffffe1][\r][0xfffffff2]P4[0xffffff89][0x3][0xffffffac][0xffffffd9]s[0xffffffb3]s[0xfffffffd]V[0xffffffe5][0xffffffa9][0xffffff9d][0xfffffff6][0xffffffe3]3j[0xffffff87][0xffffff83]d+8[0xffffffc8]@:[0x7f]l[0xffffffc1][0xffffffce][0xffffffa7]7[0xffffffd0][0xffffffe3]u[0xffffff86][0xffffff99][0xffffffdf][0xffffffe8][0xffffff94][0xffffffd1]R[0xffffffcc]\k[0xffffff86][0xffffffab]2[0xffffff8d][0xffffffc2][0xffffff90]s[0x1e][0xffffffc1]i[0xffffff8d][0xffffffe8][0xffffffcb][0xffffffcc]wS[0x16]t[0xfffffff1]32[0xffffffec]5[0x9]~[0xffffffa9][0xffffffe1][0xffffffe6][0xffffffe1]B*[0xffffffda]u[0xffffffd8]G[0xffffff95][0xffffffca];[0x1d]![0xffffff9f]4[0xffffffd9]NS[0xffffff96]3*[0xffffffae][0xffffffa5]V[0xffffff8a]n[0xffffffd4][0xffffffe8][0xffffff86]~[0xffffff84][0xffffff99][0x1f][0xffffffbb]qGz%[0xffffffb2][0xffffffd0][0xffffff9e][0xfffffff8][0xfffffff6][0xffffff92][0x16][0xffffffbe]J[0xffffffef][0xffffffd4]*d[0xffffffeb][0x2][0xfffffff9]o[0xffffffe0][0xffffffed][\n]"
08:05:03.603 [main] DEBUG com.github.dockerjava.zerodep.shaded.org.apache.hc.client5.http.wire -- http-outgoing-2 << "|[0xffffffdd]][0xffffff92][0xffffffc8][0x1d][0xfffffff2]R2[0xffffffde][0xfffffffc]T[0x14][0xffffff8c]-[0xffffffdd][0xffffffc0][0xffffffa8]U[0x14]:>[0xfffffffa][0xffffffa1]ungqJ[0x1b][0xffffff97][0xffffffb0][0xffffff98][0xffffffd9][0xffffffbb][0xb]*[0xfffffff7][0xffffff81]O[0xffffffc9][0xffffff82][0xffffff84]C[0x8][0xffffffa4][0xffffffa8][0x1d]_[0x7f][0xffffffc2]y[0xffffffed]6[0xffffffca][0xffffffb0][0xffffff97]9a=>[0xffffff88][0x10][0xffffffac][0xc]v[0xfffffffa][0x1b]}[0xffffffd8][0xffffffeb][0xffffffab][0xffffff8b]G[0xffffffb7]V[0x1d]p[0xffffffb4]t[0xffffff9d]r[0xffffffa3][0xffffffdb][0xffffff9e][0xffffff9b][0xffffffaa][0xffffff81][0x2][0xffffff8b][0xffffff9f][0xffffffc3][0xffffff8a]Rn4[0x5]/[0x7f][\n]"
08:05:03.603 [main] DEBUG com.github.dockerjava.zerodep.shaded.org.apache.hc.client5.http.wire -- http-outgoing-2 << "[0xfffffff6]v[0xffffffeb][0xffffffcd][0xffffffa5][0x12][0xffffffda][0xffffffff][0xffffffd5][0x16]$[0xffffff82])[0xffffffa1][0xffffffb8][0xffffffe2][0xffffffd7][0xfffffffe]%t[0xffffffa5][0xfffffff0][0xfffffff1]U[0x7f][0xffffffcc]![0xffffffee][0xffffffdb][0xffffffd8][0xfffffff9]8[\r][0xffffff96][0xffffffba][0x13][0xffffff88][0xffffffe6][0xffffffc7][0xffffff96]:[0xfffffff4][0xffffff87][0x11]z[0xffffffe0][0xfffffff6]@[0xffffffb4]{[0xffffffb3]aG[0xffffffc7][0xffffff9e][0xffffff89][0xb][0xb][0xffffffbb][0xffffffb9][0x7f][0xffffffcb]B[0xffffff92]Y[0xffffffd8][0xffffff91][0x1b][0xffffffd6]A[0xffffffc0][0xffffffef][0xffffff8e][0xffffffb2]\4[0xffffffec]6[0xffffffa6][0x12]F[0xffffffdb][0x14][0x14]C1[0xfffffff5]Hq[0xffffffb2][0xffffffbb]eA3 [0xffffffb0][0xffffffd6][0xffffffbc][0xffffffb8][0xffffffe4][0xffffffb0]d[0xffffffbb]0[0xffffff9b][0xffffffd7]Q[0xffffffee]k[0xffffffc8][0xffffff84][0xffffff8f]AOC[0xffffffaf][0x1e]lSc`[0xffffffe9]n[0xffffffd5]I[0xb][0xffffffcd]t[0xfffffff2][0xffffff83][0xb][0xffffffda][0xffffffa9][0x14][0x18][0xffffffbb][0xe]B{ux[0x8][0x10]f[0xffffff8d]Z[0xffffffe2][0xffffffe9];[0xfffffff7]H[0xffffff99][0xffffffec][0xffffffb4][0xffffffbb][0x4][0xffffffc5]ONI[0xffffffe7]c[0xffffffb3][0xffffffd3]G`[0x7]#[0x1b][0xffffffd7][0xffffffe3]M:[0xffffffe1][0xfffffff0]W[0xffffffe7][0xfffffff4][0xffffffd1]t@[0x1e][0xfffffff6]=G)}Y[0xffffff9e][0xffffffc7]&I[0xffffffbb]v[[0xffffff9b][\n]"
08:05:03.603 [main] DEBUG com.github.dockerjava.zerodep.shaded.org.apache.hc.client5.http.wire -- http-outgoing-2 << "K[0xffffffaa][0xffffff83]H[0xffffffd4][0xfffffffc][0xffffffe2][0xe][0xffffffdd][0xffffffe2][0xffffffb8][0xffffff86][\r]T-_[0xffffff8f][0xfffffff5][0xffffffd9][0xffffffa1][0xffffffb5]lpEwRZ8T0[0xffffff89]nl([0xffffff83](Fx[0xffffffbe]F[0xffffffa8]7[0xffffffe1]^[0xffffff84][0x3][0xffffffe2][0xffffff80][0x4][0x1e][0x7][0xffffff91]C[0xffffff8e]6y[0xffffffdf]E[0xffffffbd]?29[0x2][0xffffffb9][0xffffff93]y[0xffffffbf]?[0xffffffba][0x1f][0xffffffb7][0xffffff86]T[0xffffffcb]#[0xffffff8c][0xffffff9e][0xffffffe6][0xffffffb5][0x19][0xffffffe3]0hf[0xfffffff2]wd[0xffffff99]i[0xffffff9f][0xffffff8b][0xffffffc7][0xffffffee]y[0xffffffaa]v[0xffffffa1][0xffffff87]-[0xffffffdb][0xffffffc1][0xffffff92][0xffffffd7]}[0x18][0x1d][0xffffffe8][0xffffffd8][0xffffffb9]Dc[0xffffffd1]jP[0xffffffa8][0x3]5[0xfffffff5],p[0x14][0xffffffe5][0xfffffff4][0xffffffee][0xfffffff2][0x1f][0xfffffffa]lp[0xffffffe2]Fn[0xffffffe0][0xffffffcc]Y"[0xffffffca][0xffffffcc][0xfffffff2][0xfffffff7]C[0xfffffff9]\[0xfffffff0][0xffffff98]2UAC[0xffffffe3][0xffffffcd][0xffffff9e][0xffffffb6][0x12][0xffffff9a][0xffffffe6][0xc]tdo[0xffffff9e][0xffffffab]Qt[0xffffffef]2[0x7f][0xffffffe1]9[0xfffffff5][0xffffffcd][0xffffffa7]7`a[0xffffffb4][0xffffffbc]s[0x1c][0xffffffaa][0xffffff9f]t[0xffffffbc][0xffffff98][0x2]M[0xffffffb2][0xfffffffa]\[0xffffff8c][0xffffffea]6F[0xffffffbc]AK[0x1d][0xc]9[0xffffff93][0xffffffc5][0xffffffe1][0xffffffbe][0xffffff97]9[0xffffffb1][0x3]U~[0xfffffff1][0x13]Q[0x7f][0xffffffc4]6[0xffffffa1][0xffffffb5][0xfffffff5][0xffffff80][0xffffffcc][0xfffffffb][0xffffffe8]'[0xffffff98][0xffffffe4][0xffffffd8][0xffffff8b][0xffffffd9][0x10][0xffffffb3][0x1b]Q[0xffffffb0]a[0x1d][0xffffffbd]*[0xffffff8a][0xffffffa0][0x18]1[0xffffff8c][0xffffffa4][0xffffffbb][0x1]"[0x0]c[0xffffffe7][0xffffffe3][0xfffffff1][0xffffffea]Qh[0xffffffc4][0xffffffe8][0xfffffffa]|r[0xffffff89][0xffffffb1][0xffffffa8][0xffffff94]mz[0xffffff83]c[0xffffffd8][0xffffffc8][0xc]2[0xffffffe9]R[0xffffff92][[0xffffffbd][0xfffffff3][0xfffffffd][0xffffffbf][0xe][0xffffffb1][0xffffffeb][0x1a][0xffffff9a][0xffffffbf][0xffffffcf][0xfffffff5]J[0xffffffaa][0xffffffe7]q[0xffffffd2][0x1a][0x9]y[0xffffff88][0xffffffd4]8L[0xffffff86][0xfffffff7][0xffffff98][0xffffff84][0xffffff96][0xffffffbf][0xc][0xffffff9a]v[0xffffffd2]:[0xffffffef]\_[0xffffff85][0xffffffdb][0xffffffa8][0x19][0x0][0xffffffa1]Qu[0xffffffa7][0xfffffff9]%[0xffffffa9]YH[0xffffffe6][0x9]S[0x1f][0xffffffaf][0xffffffc8][\r]zL[0xffffffec][0xffffffad][0xfffffffa][0xffffffcc][0xffffffe2].l>[0x1b][0xffffffe4]C[0xffffffb2][0x13][0xffffffd9][0xffffffaf]1\[0xffffffe4]~'[0xffffffb0]u[0xffffff8e]{[0x7]B *O[0xffffffaf][0xffffffc2]y[0xffffff91]i[0xffffffc6]D[0xfffffff4][0xffffffc4][0xffffff9b][0xffffffe2][0xffffffa7]f[0xffffffef][0xffffff94]Rq[0xffffffb5][0xffffff8d][0xffffffd9]5?[0xffffff8b][0xffffffcd][0xffffffc2]f[0x2][0x4][0x5].`[0xffffffdd][0xe][0xffffffc4][0xffffffb7][0xffffffa5]OA#[0xffffffff]4D[0xfffffff1]D[0xffffffc6][0xfffffff2]G[0xffffffbe][0xffffffea]>RpQ.j[0xfffffff4]7[0xffffffda]g&[0x15]$[[0x17][0xffffffa4] [0xffffffff][0xffffffe9][\r][0xffffff99][\r][0xffffffea]U:[0xffffffe8][0xffffffcb]$)B[0xfffffff1]x([0x2][0xffffff90]d[0x14][0xffffffe0]F[0xffffff9a][0xffffffd6]5[0x6]y[0xfffffffa][0xffffff9a][0xfffffff7]P[0xffffff9e][0x13]6[0xffffffd8][0xe][0x7][0xffffff98][0xffffffa2]?/[0xffffffe4]|[0x6][0x7]4[0x16]s[0xffffffdd]Tx[0x1]N[\r][0xffffff93]z[0xffffffe3][0x9][0x1]<Mh7[0xffffff83][0xffffffc1][0x0]9[0xfffffffe]<[0xffffff9e][0xfffffffe]eA[0xffffffb2][0xffffffa4][0xffffffdd]%[0xffffffb1][0xffffff82][0xffffffd5]"9F[0xffffffe2]v[0xffffffbc]/[0xffffffdb][0xffffffab][0xffffffcc]![0xffffffa7][0x8][0x17][0x18][0x16]E[0x1b]>|[0xffffff8c][0x1d]B[0xffffffc0][0xffffffd0][0xffffffd1]gW[0xffffffeb]ZS[0xffffffdf][0xfffffff9][0xffffffe4],[0xffffff83][0xffffffc4]C[0xffffff88][0xffffffd3]~[0xffffffa3][0xffffffe5]*[0xfffffff3]?[0xffffffbf]wF[0xffffff96][0xf]1[0xffffffd3][0xffffffee][0xffffffea] [0xfffffff1][0xfffffffb][0xffffffcf][0xffffffeb][0x1f][0xffffff91]>q[0x1a][0x0][0xffffff82][0x2][0xffffffd6][0xffffffc6][0xffffff9f]0[0x1c]S[0xffffffa4]+[0x15][0xffffff9b][0xffffff98][0xffffffe3][0xffffff85][0xffffff81][0xffffffae]"[0xffffff85][0xffffffb7]*2vtv\[0xffffffc2][0xffffff8b]s3R[0x3][0xffffffed]Bn[0xffffffcd][0xffffff99][0xffffffde]\[0xffffffdc]L[0xffffff99]mut[0xffffff89][0xffffff9c][0xffffff92][0xffffffaa][0xffffffa2][0x1d]N[0xffffffe9]T[0xffffffad][0xfffffff1]X[0xffffff8b]r[0xffffffa3][0xffffff86][0xffffffbb][0xffffffd4]2T[0xfffffff8]t[0xffffffa3][0xfffffffa][0xfffffff5][0xffffff96][0xffffff8c][0xffffffc4][0xffffffca][0xffffffd3]x+S[0xffffffc4]=[0xffffff96][0xffffff80]F?[0xffffffaf][0xffffff80]^[0xfffffffa][0xffffffde]o+O=W[0x1f][0xffffffc1][0xffffff9b]^E[0xffffffe4][0xffffffd0][0xffffff8f][0xffffff8d][0xffffff99]S[0xe][0xffffff89][0xffffffe6]1[0xffffffc5]5[0xffffffb4]{j@6[0x1f]8[0xffffff89]M)[0xffffffd9][0xffffffd8][0x1c][0x18]p[0xffffffdd][0xffffff92]C[0xffffff82][0xffffffe0]b[0xffffffe2][0xffffffe9][0xffffffb2]ExI[0xffffff92][0xffffff98][0xfffffffb]3[0xfffffff2][0xffffff81]1[0xffffffe0]8[0xfffffff4]'[0xffffffbc][0xffffffbd]"
08:05:03.605 [main] DEBUG com.github.dockerjava.zerodep.shaded.org.apache.hc.client5.http.wire -- http-outgoing-2 << "[0xffffff9f][0xffffff91]zF[0xffffffd6]>[0xffffff95][0xffffffaf][0xffffffed]$[0xffffffe8][0xffffffca][0xffffffa1]e[0xffffffc7][0xffffff95][0xffffff8d]y6[0x6][0xffffffb2]f([0xfffffffa][0xffffffb8][0xffffffbb][0xffffffe6]^[0xffffffa9][0xffffffe0][0xffffffa3][0xffffffe3][0xffffffa3][0xffffffdb][0xffffffdd][0xffffffd2][0xffffff98][0xf][0xfffffff9][0xffffffe0][0x13][0xffffff92]Tef&[0x16][0xfffffff7][0x1d]3M[0xffffffbd]i[0xffffffda][0xffffffe9][0x14]`[0xffffff8b][0xffffffec][0xffffff9b][0xffffffae]V[0x1f][0xffffff89][0xfffffff0]l)[0x5][0xffffff88][0xffffffa5][0xffffffb3]z[0xffffffde]KW2[0x6]~F[\r]r[0xffffffaf][0xffffff8c]y[0xffffffca]4[0xffffff8e][0xffffffc9]\[0xffffff8b]@[0xffffffdb][0xffffffb6][0xffffffd5]J[0xffffff8d][0x1d][0xffffffb1][0x1d][0xffffffde]q[0xffffffae][0x7f]P[0xffffffe6][0x18]G[0xffffff81]+[0xffffff82][[0xffffffe9]$[0xf]F[0xffffff9b])]bE1[0xffffffd9][0xffffffd8][0xffffff8f][0x4][0x1][0xffffffd7][0xffffffa5]4H[0xffffff90]x[0xffffffd5][0xfffffff2][0xfffffff2][0xffffffb5][0xffffff9c][0x1c][0xffffff9a][0xfffffff7]YHwhI[0x12]*=[0xfffffff1][0xffffffac]k[0x12]X[0xffffff92]_[0xfffffffd][0x1b]1[0x17][0x1d]f[0xffffffa0]j[0x12][0xffffffda][0xffffff99][0xffffffa5]@E[0xfffffff9][0xfffffff1][0x2]A[0x10][0x8][0xfffffff9]"c[0xffffff8e][0xffffffe4]j[0x9][0xffffffcb][0xb][0x8][0xffffff97][0xffffffc3][0x14]&v0[0xffffffaf][0xffffff9c][0xffffff83]_[0xe]:[0xffffff95][0x1d][0xffffffd6]n[0xffffff9e];:[0xffffffea]![0xfffffffd][0xffffffde][0xffffff82][0xffffffb4][0xffffffd6][0x1a][0x1a][0xffffff95][0x2][0xffffffc9][0xffffffa2][0x11][0x16][0xffffffbf]}[0xffffffcc] [0x6][0xffffff8e][0x11][0xffffffad]p[0xffffffc4][0x7f][0xffffff8c][0xffffffb9]1[0xffffffda][0xfffffff6]`m[0xfffffff6][0xfffffff1][0xffffffdc]#`[0xffffffa3][0x0]6[0xfffffff0][0xffffff89][0x1a]4[0xffffff9b]S[0x2][0xffffffd8][0xffffffc1][0x15][0xffffffd0]+[0xffffffca][0xffffff80][0xffffffc2][0xffffffda][0xffffffd4][0x19]x[0xffffffc6][0xffffffe6][0xffffffda]-[0xffffffbd][0xffffffef][0xffffff9b]G[0xffffffd1][0xffffff91]|[0xffffff84][0xffffffb1][0xfffffff4][0x18][0xffffffec][0xffffffd8]CD[0x11][0x6]|[0xffffffb7]wDl[0x17]M;[0xffffffdd][0xffffffea]he[0xfffffffc]6:[0xffffff8a]bcd[0x17][0xffffffae][0xffffffaa][0xffffffea][0xffffff93]d[0x2][0xffffffb7])[0xfffffffd][0xffffff82]s[0xfffffffa][0xffffffd3]D[0xffffff96][0xfffffff8][0x1][0xffffffea][0xffffffe2]d[0xffffffcf][0xffffffd8]z[0xffffffa0]c[0xfffffffe][0xffffffef][0xffffff97][0xffffffff][0xf]G9[0xffffffcd][0xffffffa3][0xffffffdd][0xffffffdc][0xfffffff9]q[0xffffffe3]t0[0xffffffe3]AO[0x9][0xfffffff1][0x14]88l`[0xffffffdc][0xffffffd2][0xffffff98][0xffffffed].[0xffffffa9][0xffffffed]D|[0xfffffff0][0xffffffcd][0xffffffe8]?[0xffffffab][0xffffff8f]0>[0xffffff85][0xffffff9d][0xffffffbb][0xffffffae][0x7f][0xffffffd6][0xffffffd7]n[0xffffff88]V[0xffffffe8][0xffffffb0][0xffffffdc]j[0xffffffba][0xffffffdf]~[0xffffffc3][0x17][0xffffffef][0xffffff83][0xffffffe3][0x7][0x18][0xffffffba][0xfffffff8]o[\r][0x1a]D[0xffffffc8]X[0x12]3m[[0xffffff98][0xffffffef][0xfffffffa][0xffffffe5]A[0xffffffd1]#[0xffffffd3]3[0xfffffffd][0xffffffc3][0xfffffff2]9qV[0xffffffb6][\r][0x1][0xfffffff6][0xffffff80][0xfffffffb]I}:[0xffffff9a][0xfffffff5]q[0x1a].'[0xffffffe7]|A[0x15]Dw\[0xffffffea]O[0xffffffce][0x15][0xffffffd5]-"u[0x7f]f[0xffffffa4][0x19]q[0x18][0xffffff9e][0xffffff8a]C[0xffffff92][0xfffffff7]K[0xffffff9b]:[0xffffffc0][0xffffff8e]t[0xe]L[0xffffff9b][0xfffffff3][0xffffff9f][0xffffffb6][0xffffff8c]'][0xffffff97][0xffffffe4][0xffffffb7][0xffffffa9][0xffffffc9][0xffffff9a][0xffffffb3][0xffffff89][0x3]g_[0xffffffb9][0xffffffaa][0xffffffd0]r[0xffffffe6][0xffffffc7]r[0xffffffb9][0xffffffd9][0xffffffa4][0xfffffff6][0xffffff8e]5[0xffffffc9],8( [0xffffffcd][0xfffffffb][0xfffffff9][0xffffff9b]*8H, '[0xffffff90]2[0xffffffcd]w[0xffffffc5][0xffffffb2][0xffffff9d][0xffffff81]s[0xfffffffd][0xffffffbf][0xffffffa9]un[0xffffffdc][0xffffffef]s[0xfffffff8]_{i[0xffffffb9][0xffffffc9][0xffffff97]K[0xffffffaa]7[0xffffffd6][0xffffff9c]U{[0xffffffa7][0xfffffff0]H[0x17][0xffffffc8][0xffffffa3][0xffffffcc][0x1b]-[0xffffff86][0xffffffdb]&[0xffffffad][0xffffff86]D[0xffffffe6]o[0xffffff97]+1[0xffffff94][0xffffffd2]3[0x4][0xffffffd6][0xffffffec][0xffffffab]0[0xffffffec]}[\r]P[0xffffffb1][0xffffff94][0xffffff87]{[0xffffffb5][0xffffffe4]$"[0x18][0xffffffb0][0xffffffdd][0xffffffe0][0x14]9X[0xfffffffd][0xffffffa4][0xffffff83]PI[0xffffffd1][0xffffff84]_Zo[0xffffffaf],~[0xffffffaf][0xfffffff0][0xfffffffe][0xffffffa6][0xffffff92]4*[0xfffffff6]3[0xffffffa6][0xffffff94][0xffffffc1][0xffffffad][0xf][0xffffffac]M[0x19][0x13][0x1e][0xffffff94][0xffffffa0]3(("[0xffffffac]v[0xffffff96]iG[0xffffff8a][0xffffffb4][0xffffff81][0xffffffc8][0x19]W[0xfffffff8]f[0xffffffaf][0xffffff9d][0xffffffeb]8[0xffffff88]Y[0xfffffff6][\n]"
08:05:03.606 [main] DEBUG com.github.dockerjava.zerodep.shaded.org.apache.hc.client5.http.wire -- http-outgoing-2 << "@R=[0xfffffff1][0xffffffbb][0xffffff97][0x3][0x1a].G[0xffffffac][0xffffffe4][0xfffffff3][0xffffffad]8[0xffffffda][0xffffffff][0x7f][0xffffff9e][0xffffffe8]\[0xfffffff3][0xffffffea][0xffffffa7]A[)P[0xffffff99]8[0xb][0x12][0xffffffe3]o=[0xffffff9a]L6[0xffffffee][0xfffffff8]P[0x16][0xffffffbe][0xfffffffe][0xffffff9f][0xffffffe8]B7[0x1c][0xffffff82][0xfffffff0]tL[0x9][0xffffff94][0xffffffa3]hF[0xfffffff8]mjV[0xffffffbf][0xffffffa0][0xffffffbe]e[0xffffffce][0xfffffffb][0xffffff91]@[0x9][0xffffffb0][0x1b][0xfffffff9][0xffffffe2][0xfffffff4][0xffffffa9]g[0xffffffeb][0xffffffa4][0xffffffe7]=[0xf][0xffffffe8][0xffffff90]})j[0xffffff80][0xffffffdf][0xffffffb5]xr[0xffffffdb][0xffffffcd][0xffffff91]u[0xffffffb1]#5[0xffffffb9][0xfffffffb]p[0xffffffb1][0xffffff95]>[0xffffff87]o[0xffffff87][0xffffffbd]j[0xffffff80]Z2[0xffffff8d][0xffffffa3]E[0xffffff80]:F[0xffffffef][0xffffffc7][0xfffffffe][0xffffff85]KbU[0xffffffb1]<8)K[0xc][0xffffffcc]X[0xffffff82][0xe],[0xffffffe2]]8I[0xffffffdb]J[0xffffff94][0xfffffff6][0xfffffffc]nR[0x15][0xfffffffd]|0[0xffffffd9][0xffffff80]53[0xffffffcc]2[0xffffffdb][0xffffff92]"O[0x1c][0xfffffffe][0x1c]V[0xfffffff6]S>[0xfffffffa][0xffffff82]6[0xffffffbf][0xfffffff7][0xffffffb2]N8[0xffffffb3]i[0xffffffa6][0xffffffc8][0x12]*[0xffffffd3][0xffffff86][0x9][0xffffff88][0xffffffb2][0xffffff88][0xffffffc6][0xfffffff8]4[0xffffff8b][0xffffff94][0x9][0xffffffb0][0xffffffec]v[0xfffffff2]y[0xffffff9b][0xffffff98][0xffffffaa][0xffffffef][0xffffffc2]*L^[0xffffff9f][0x1a]E[0xffffff8d]|[0x10][0x4]'[0xffffff89]'[0xffffffe7]7[0xffffffb7]/.[0xffffff83]2E[0xfffffffc](i[0xffffffe9][0xffffff90]!7[0x1f][0xffffff80][0xffffffe1]@[0xffffffb4][0xffffffa4][0xffffff90]#[0xffffffc5]9[0xffffff9b][0xfffffff8][0xffffffeb]b[0xffffff82][0xfffffffb]O[0xffffffe7]7S[0xffffffbc][\r]j[0x2][0xffffffd6]J[0xfffffff9][0xffffffed]tu4[0xb][0xffffffb2]-`[[0xffffffe0][\n]"
08:05:03.606 [main] DEBUG com.github.dockerjava.zerodep.shaded.org.apache.hc.client5.http.wire -- http-outgoing-2 << "[0xffffff87][0xffffff9d][\n]"
08:05:03.606 [main] DEBUG com.github.dockerjava.zerodep.shaded.org.apache.hc.client5.http.wire -- http-outgoing-2 << "[0x1][0xffffffba][0xffffffe8][0xffffff9e]wj.[0xffffff84][0xffffffbb][0xffffffab][0xffffffd0][0xffffff91][0xffffffc5]s[0xffffff8f][0xfffffffa]{}[0xffffffae][0xffffffe4][0x2]i3[0xffffff81]K[0xffffffdd][0xffffffde]it[0xffffffa9]lC[0xffffffcf]I[0xffffff94]7[0xffffffac]=[0xffffffbb]P[0xffffffbd]+[0xffffffcc]'[0xffffffa7][0x1b][0xffffffb7][0x1]O[0xffffffc5]_'[0xffffffd6]zRL[0xffffffd6][0xffffff88][0xffffffe9][0x1b][0xffffffb7][0xffffff95])H[0xffffff8b]P[0xffffff82][0xffffffa3][0xffffffbb]L[0xfffffff2]}[0xffffffbe]M[0xffffffa6]y[0xffffff91][0xe][0xfffffff1][s!pS[0x18][0xfffffff0]V6[0xffffff81]3[0xffffff98][0xffffffe3][0xffffff80]K[0xfffffff7][0xffffffd8][0xffffffb1][0xffffffa0][0xffffff94]m[0x11]4[0xffffffe7][0xffffffa4]03[0xffffffd6]2[0xffffffa1][0xffffffdf][0xffffffe8][0xffffffa3]S[0xffffffb4][0xffffff82][0xffffffbf]6d[0xffffffe6][0xffffffba][0xffffff86]y[0x3]j[0xffffff80]5"[0xfffffff7]=[0xffffffeb]."[0xffffffbf][0xffffff89][0xffffffdd][0xfffffff0][0xffffffe7]&V[0xffffffb2][0xffffffcc]H[0x15][0xc][$[0xffffffa7][0xffffffe9]Ky[0xffffff98][0x5]y[0xffffffe0][0xffffffbe]F[0x6]^[0x1a][0xfffffff9][0xffffff8c][0xffffffe9][0xffffffcc]D[0x1e]"[0xffffffdc][0x6][0xffffff82]d[0xffffffc3][0xffffffaa][0xffffffcc][0xffffffbd][0xffffffca][0xffffff91][0xffffff9e]to[0xffffffd2][0x1b][0xfffffffc]^y^V[0xffffffe5][0xfffffff9][0xffffffc7]sA[0xffffff86]j[0xffffffe2][0x16]&[0xffffffd8][0xffffff9f]5{[0x15](VLAy[0xffffffa2][0x11][0xfffffff0][0x1]J[0xffffff9f][0xffffffd8][0x4][0x1][0xffffff80][0xfffffff5]wo[0xfffffffc][0xffffffff]Fb.[0xffffffde][0xfffffff3],[0xffffffbe]6[0x1c][0xffffffd2][0xc]ny[0xffffffc6][0x18][0xffffffa9]B[0x3][0xffffff80]$[0xffffffb9][0xffffff82][0xfffffff5]?[0xfffffff7][0x10][0xffffffc0][0xffffffe3]YN[0xffffffd3][0xffffffbf][0xffffffea][0x1b][0xffffffdc]h[0xfffffffb][0xffffffd9][0xffffffd2]5[0xffffff96][0xffffffcd][0x19][0xf]E[0xffffffad]7\[0xffffffb5][0xffffff93]b[0xfffffffe][0xffffffde][0xb]bA[0x1a][0x1e]][0x0]K[0xffffffd9]D`k[0xffffff8c][0xffffffdd][0xfffffffd][0xffffffd0][0xffffffe5][0xffffff84][\n]"
08:05:03.606 [main] DEBUG com.github.dockerjava.zerodep.shaded.org.apache.hc.client5.http.wire -- http-outgoing-2 << "[0xffffff8e][0xffffff96][0xffffff91]K[0xfffffffa][0xffffff98][0xe][0xffffffd7][0xffffff8a][0xffffffd3]Y[0xffffff98][0xfffffffe][0xffffffcf][0xffffff84][0xffffffa3][0xffffffbd][0xffffffda]4[0xffffffeb]([0xffffffc8][0x2]9[0xffffffe3][0xffffff9c]j[0x12][0xffffffd5][0xffffffef][0xffffffe4][0xffffffea][0xffffffc5][0xffffff8f][0xffffff93]t[0x1a]f[0xfffffff5]m[0xffffffb5]vO=2/V'[0x11]&"n[0xffffffae]E|[0xffffffd1][0x11]<[0xffffffde][0xffffffad][0xffffff93]|[0xffffff94][0x6]6[0xffffffc0][0xffffffe6]!~=f[\n]"
08:05:03.606 [main] DEBUG com.github.dockerjava.zerodep.shaded.org.apache.hc.client5.http.wire -- http-outgoing-2 << "[0x1a][0xffffffda]bQ[0xffffffa8][0xffffffa1]3H[0xffffff9d][0xffffffa0][0xffffffac]8[0xffffffc7][0x1b]el[0xffffffee]H[0xfffffff4][0xffffffb7]9*[0xffffff97]-[0xffffff8b][0xfffffff2][0xffffffa3][0xffffff85][0xffffffa1][0xffffffdc]~[0xffffffe7][0xffffffe7][0xffffffb3][0xffffffbd]!uq[0x6]S[0xffffffc4][0xfffffffd][0xfffffffd][0xffffffad]d*@E[0xffffffcc]:[0xffffff8e][0xffffffd6][0x11][0xffffffa3]V=[0xfffffff9]K[0x1f][0x1a][0x3]vk[0xffffffe2]n[0x2]>[0x1d][0xffffffb4]8[0xfffffff3][0xffffffb8][0xffffffc8][0xffffffb6][0xffffffa3][0xffffffd3];n[0xfffffff6]w(V[0xfffffff4][0xffffffc6][0xffffff9b][0xfffffff2]][0xffffff81]Z[0xffffffd5][0xffffff89][0xffffffcf]k[0x17]%[0xffffffac]6[0xffffffcf][0xffffff90]}[0xffffffde][0xffffffa5]([0xffffff89]`,[0xffffffc0][0xffffffd1]l[0xffffffe3][0xffffffcc]{[0xffffffce]}[0xffffff99][0xffffffd4][0xffffffc6][0xffffffb7][0xffffffc2]`[0x9][0x1b]@=[0xffffffda]b{NB[0xffffff80]K[0xfffffff3]lz]<[0xffffffd7][0x1e]'[0xffffffa0]s[0xffffffb7][0x1b][0xffffffc0][\n]"
08:05:03.606 [main] DEBUG com.github.dockerjava.zerodep.shaded.org.apache.hc.client5.http.wire -- http-outgoing-2 << "[0xffffff93][0xffffffef][0xffffffce]\[0xffffffb6][0xffffffff][0xffffff9e][0x0][0xffffffac][0xffffffe0]Bs[0xffffffbd]'[0x1a]Cy[0xfffffff1][0xffffffca]W[0xfffffff6][0xffffffc9][0xffffffda][0xffffff9a]L[0xffffffda][0xffffff9b][0xffffff97]i2K{[0x7f]q[0xffffffd2][0xffffffb6][0xffffffba] r[0xfffffffd]J[0x16][[0xffffffba][0xffffffea]u[0xffffffdf]([0x19][0x0][0xffffff83]8[0xffffffbc][0xffffffc4]=[0xffffffe0][0x2]H[0xffffffd1][0xffffffae][0xffffff91]oK[0xfffffff8][0xffffff85][0xfffffff6]E[0xffffff8b][0xffffffcf][0xb]_[0xffffffa4]8DsI[0xffffff80]Z7vNC[0xffffff86]Z[0x1]6[0xffffffb0][0xffffffce]%[0xfffffff4](H[0xffffffae][0xfffffff9][0xffffffa9]Nq[0xffffffa3][0xffffffc3][0xffffff83][0xffffff9f][0xffffffc8]S[0xffffffcf][0xffffff80][0xffffffd8][0x12]F[0xffffffff][0xffffff8e]BY[0xffffffb3][0xffffffd4][0xffffffe2]?[0xffffff90][0xffffff8d][0xffffff93][0xffffffa5][0xffffffc5][0xffffffea]R[0xffffffc4][0xffffffb5][0xffffffcc]W[0x6][0xffffffb8][0x0][0xfffffff3][0xffffffc5]([0xffffff87]4L[0xffffffa4][0x1b]N[\n]"
08:05:03.606 [main] DEBUG com.github.dockerjava.zerodep.shaded.org.apache.hc.client5.http.wire -- http-outgoing-2 << "[0xffffffe0]le[0xffffff98]G+@,[0x6][\r][0xffffffed]?B[0xffffffb6][0xffffffae][0xffffffaf]#[0xfffffffe][0xffffff93]n^q[0xffffffc8]=MOR[0xffffffa2][0x13][0xffffff89]e[0xc][0xffffffc8][0xffffffac][0xffffffe1]{7[0xffffffae][0x1e][0x16]%jMM[0xffffffe2][0xffffffca][0xffffffae][0xffffffac]g}[0xffffffdb][0xffffff80][0xffffffd6][0x15][0xfffffff9][0xffffff8a]GDN[0x4][0xffffffd8][0xffffff94][0x4][0xffffffbd]([0xffffffe7][0xffffffb7]d[0xffffff84]H[0xffffffdf][0x4][0xc][0xffffffcc]A[0xffffffe5][0xffffff89][0xfffffff6]n2[0xfffffff9][0xffffffb0][0xffffffd6][0xffffffca][0xffffffbd][0xffffffcf][0xffffffa3][0x1b]*-S[0xffffffff]G[0xffffffd9]4[0xffffff80]I[0xffffffe1]^[0x15]&[0xfffffff4][0xffffffc2][0x8][0xfffffffd][0xffffffd9][0xffffffae][0xffffffaf]ft*-[0xffffff99][\n]"
08:05:03.606 [main] DEBUG com.github.dockerjava.zerodep.shaded.org.apache.hc.client5.http.wire -- http-outgoing-2 << "[0xffffffb0]pvN>-k[0xffffffee][0xffffffc6][0xffffffea]R@[0xffffffa5][0xffffff83]q[0x0]-[0xffffffae][0xfffffff2][0xffffff96][0xffffff8b].[0xffffffcf][0xffffff8b][0xffffff95][0xffffffc4][0xffffffad][0x18]<[0xffffff9c][0xffffff8c][0xffffff9d]J[0xffffffc7]P[0xffffffd9]s8[0xffffffeb][0xffffff87][0xffffffb5][0xe]|[0xffffffca]V9[0xfffffffc][0xffffffd9]@[0xffffffaa][0xffffffd5][0xffffffba][0xffffffe8][0xffffffe0]~31[0xffffffff][0xffffffd1]z[0xffffff98][0xffffffe3][0xffffffb5][0xffffffb9]7[0xffffffb1]H?[0xffffffd3][0x1][0xffffff87][0xffffffb2][0xffffffcf][0x1a][0xffffffb5][0xffffffed][0xffffffd1][0xffffff85][0x7][0xf][0xfffffff7][0xffffffc7][0xffffffd5][0x15].[0xffffffae]iGy[0x6]H[0x1e]UX[0xffffffc5]9[0xffffffc9]v{[0xffffff99][0xffffffa3][0xffffffbe]@[0xfffffff4]T[0xffffffba]w`[0xffffffc0][0xffffff8c][0xffffffc7][0xffffffd2]k[0xffffff81][0xffffff86]}[0xffffffa1]o4[0xffffffd9]x8[0xffffff97]Ndu[0xfffffff2][0x11][0xffffffde][0xffffffbb][0x0][0xffffff94][0xffffffca][0xffffffec]a)[0x1][0x3][0xffffff89][0xffffffee]I[0x6][0x15][0xffffffc8][0xffffffe4][0xffffffe4][0xffffffce]x[0xfffffffc]`(,[0xffffffdd]+k[0xffffffb3][0x18]01[0x12][0x1a]*&zg[0xffffff96][0xffffffab]O+[0xffffffa1][0xffffffc4][0xffffffb4]Eyf![0xffffff9b]#[0x3]r[0xe]y[0xffffff87][0xffffff9f][0xffffffd0]^*[0xffffffb3][0xffffffd0][0x4][0x7f][0xffffffaa][0xffffffda][0xffffffff]:[0x2][0xffffff84]JA[0x7][0xffffff82][0xffffffa4]]:O[0xffffffe9]HSQ[0xfffffff8][0xffffff8f]*U[0xffffffdf][0xffffffe5][0x1f]h[0xffffffa9][0xffffffcb][0xffffffb8]FaX[0xffffffe2][0xfffffff7][0xffffffbf][0xffffff83]|i[0xffffffe3][0xffffffdd]W[0xffffffe0][0xffffff84][0x7]32[0xffffffa3]}[0xffffffd9]l[0xffffffd4][0xffffffe7][0xffffffb8][0xffffffcd][0xffffffde]E[0x18][0xffffff8e]q7c[0xfffffff5]W[0x10][0xffffffe1][0x1][0xffffff8a][0xffffffce][0xfffffff6] [0x0][0xffffffe9][0xffffff80]~=[0xfffffffd]Q[0xffffffaa]@[0xffffffae][0xffffff8a][0xfffffff3]Y[0xffffff84]6.Um[0xe][0xffffff99]@[0xffffff8d][0x10]n[0xffffffa9][0xffffffe2][0xffffffdf][0xfffffff2][0xffffffe5][0xffffff99][\r][0xffffffcf][0xffffffcd][0xe][0xffffffcd][0xffffff92][0xffffffc5][0xfffffff0][0x1c]w[0xffffffde][0xffffffbe][0xffffffaf]B[0xffffffbd][0xffffff90][0xfffffff4]Q[0xffffffdf][0xffffffe4]=[0xffffffa6]0[0x18][0x17][0xffffffed][0xffffff94][0xffffffb6][0xffffffe8]'[0xffffffad]X[0xffffff9f]K[0x16][0xfffffff7][0xffffffaf]o[0xffffffeb][[0xffffff8b][0xffffffef][0x15]2[0xffffffab]"[0xffffff99][\r][0xffffff98][0xffffffed]0[0x1c]9[0xffffffdf][0xffffffc4][0xffffffb8][0x15]!"2[0xffffffa9]$[0xffffffd3][0x11][0xffffffe9]d,[0xffffffd4]B[0xfffffff9][0xffffffad][0xffffffbc]2[0xffffffc4])[0x5]{b3[0xffffffb8]1[0xffffffe5][0xffffff87]v[0xffffffa5]+[0xffffffa4][0x1]i[0xffffffca][0xffffffe3]?5[0xffffffbe][0xffffffca]"[0xffffffba]K[0xffffffbe]r[0x4][0xffffffe6][0xffffffc9]Z[0xffffffae][0x10][0xffffff8c]1k[0xffffff8e][0xffffffe9][0xffffffe7][0x19][0xffffffe9][0x15][0xffffff8d][\r][0xffffffc8][0xffffffb2]Io[0xffffffd0][0xffffffac][0x11]b[0xffffff83][0xffffffa5]IR[0xffffffba])<[0xffffffab][0xfffffffb][0xffffffe6]w[0xfffffff0][0xffffffaf][0xffffffa0][0xffffffd3][0xffffffe3][0xffffffd8][0xffffff9b][0xffffffeb][0xffffffb8]V|[0x9][0xffffffaa]dG4[0xffffffbf][0xffffffd4][0xffffffb9]%[0xffffff9c][0xffffff81]{[0xffffff9e][0xe][0xffffffb3][0x1e]<[0xffffff80][0xffffff8d][0xffffff92][0xffffffc9][0xffffffec]QO[0xffffff88]@[0xffffffb7][0x16][0xffffffab]z[0xffffff9e]:[0xffffffe4][0xffffffa1][0xffffffe4][0xffffff99][0xffffff85][0x1d][0xffffffed][0xfffffff8]A[0xffffffeb][0xffffff99][0xffffff9b][0xc][0x18][0xffffffa7][0xffffffe1]P[0xffffffd6][0xffffff8e]Lt][0xffffff89][0xe]~[0xfffffff1]2[0xffffffc6][0x17]}[0xffffffe1]u[0xffffffce][0xffffffc3][0x1b][0xffffff86][0x6][0xffffffd8]O$S[0xf][0xffffffca][0xffffffc0][0xffffff8a][0xffffffe2][0xffffffd4][0xffffffca]U[0xffffffaa][0xffffffa9][0xffffff90][0xfffffff0][0xffffffc7]i[0x16][0xffffff86][0xffffff90]1[0xffffffbb][0xffffffb1][0xffffffe2]0[0xffffff9c][0xfffffff8]L[0xe]1[0x1][0xffffffff]<[0xfffffff8][0xffffffb1][0xffffffd8]%[0xffffff80][0xfffffff8][0xffffffc2][0xffffffb1][0xffffff85][0xfffffff3]>J[0x10][0xfffffff4][0xffffffc6]z[0xffffff83][0xffffff9d][0xffffff8b][0xffffffe3][0xffffffa9]D^'[0xe][0xffffff8e][0xffffffc3]F[0xffffffea]jY3[0xfffffff9]/[0xffffffe4][0x12][0x13][0xffffff92][0xffffff8a][0xffffffec][0xffffffdc][0xfffffff9][0x12][0xc]![0xffffffd5]_[0xffffffc8][0xffffff9d]]y8[0xffffff92][0xffffffbc][0xfffffff4]/][0xffffffaa][0xffffffc1][0xffffffa3]([0xffffffc6]M[0xffffffd4]G+[0xffffff81]$&p[0xffffffe4][0xffffffa7][0xffffffab][0xffffffba][0xffffffad][0xffffffd0]O[0xffffff92][0xffffff8f][0xffffffe1]^[0xffffffb3][0xffffffa6][0x19]j[0x1f][0xffffffc4]@[0xfffffff9]v[0xffffffbd]7^[0xffffff94]^[0xffffff91]"&[0xe]C[0xffffffb1]E:[0xffffffe6]tg[0xffffffe8][0xb][0xffffffc2][0xffffff82][0x15][0xffffffd9][0xffffffc1]Y[0xffffffdd][0xffffff8b]ClC[0x2][0xf][0xffffff92]u[0xffffff8a]z6[0xffffffb0][0xffffffde][0xffffffde]4?[0xffffffc1][0xffffffdd][0xfffffff1]f[0xffffffa2][0x1c][0xffffffb1][0xffffffdd]V[0xffffff85][0xffffffc8]*j[0xffffffee][0xffffffa9]e8[0xffffff86][0xffffffd2]+[0xffffffc6][0xffffffcc]8[0xffffffcc][0xffffffad][0xffffffdb][0xffffffa6][0xc][0xfffffff5][0xffffffe0][0xffffffb0]f[0xffffffbb][0xffffffb4]b[0xffffffb4][0xfffffffe];&[0x7]u[0xffffffe1]J[0xffffffc9]2[0x4][0xffffffcf][0xffffffa4][0xffffffd6][0xfffffffc][0xffffff91]N[0xffffffb6][0xffffffef][0x1e]"U!V[0xffffffd9][0xffffff90]%_[0xb][0xffffff80][0xffffffee][0xffffff92]9[0xffffff84][0xffffffd3][0xffffffc5]%[0xf][0xffffffe0][0x1e][0xffffff84][0x19][0x1][0xffffffc5][0xffffffaa][0xffffffe0][0xffffffa8][0xffffffe5][0xffffffe7][0xffffffe0][0xffffff80]B[0xffffffd4][0xffffff98][0xffffff8b][0xfffffff3][0xfffffffc]J[0xb] [0x1][0xffffff8d][0xffffffca][0xffffffd1][0xffffffe5][0xffffffb0][0xfffffff9][0xffffff95][0xffffffb6][0xffffffd1]/[0xffffff9a][\n]"
08:05:03.606 [main] DEBUG com.github.dockerjava.zerodep.shaded.org.apache.hc.client5.http.wire -- http-outgoing-2 << "[0xffffffc8]"k54[0xffffff9f]D\=[0xffffff80][0x0][0xffffffff]p[0xffffff9a][0xffffffc9][0xffffff96][0xffffff9f][0xffffffa6][0x1f][0xffffffcd][0xffffff8e][0xfffffff0]^_6s[0xfffffff1][0x7f][0xf][0xfffffffc][0xffffffaf][0xffffffec][0xffffffc0][0xffffffc7][0xffffffa9]o 2[0xffffffb6][0xffffff85][0xffffffc7]H[0xffffffe6][0xffffffe3]M[0xffffffdb][0xffffffef][0x18][0xffffffb4][0x4][0xfffffff8]\&[0xe][0xffffff8d]_[0xffffffac][0xffffffda][0xffffff81][0xffffff96][0xc]s=Dv[0xe][0xfffffff2][0xffffffb6]muLk[0xffffffbd][0xffffff88][0x10]&[0xfffffff1][0xffffffb9][0xffffffd1]6[0xfffffffc]j[0xffffff96][0xffffff9d]Y[0xffffffe6][0xffffffd1][0xffffffcf][0xffffffd3][0x19][0x1]gg[0xffffffdd]X[0xffffffb6][0xffffffc5][0x1d][0xffffffbc]a@G[0xffffffaf][0xffffffa0]I_[0xfffffff4]:[0x1d]H[0x15][0xffffffc1][0xffffffdf]e[0xffffffb8]iA[0xfffffffb]N[0xffffffb5][0xffffff97][0xffffff95][0x7f][0xffffffa0][0xffffffa5]A[0xffffffbb]I[0xfffffffc]:Jq[0xffffffa8][0xffffff87][0xfffffff8][0xffffffee][0xffffffd3][0xffffff88][0xffffffea]`[0xffffffa9][m[0xffffff89][0xffffffad][0xffffffa9][0xffffffdd][0xffffffd3]]?L"C[0xffffffc6][0xffffffd5]<c[0xffffffec][0xffffff9a],[0xffffffa9][0xffffffc0]Zr3[0xffffffce]~[0xffffffae][0xffffffd4][0x1a]R[0xffffff80][0xffffff9a][0x1c]G[0x12][0xfffffffe]!B[0x19][0xffffffe6]7 lTN[0x17][0xffffff85][0xffffffaf][0xffffff85][0xffffffcb][0xffffffe9][0xffffffee][0xffffffc0][0xffffffef][0xffffffaf][0xe]`[0xffffffd0][0xffffffe1][0xffffffcf][0x7]{eL[0xffffff8f][0xffffffa3]S-g[0xffffffc6]V[0xfffffff5][0xffffff9e]T[0xfffffff0][0xffffffbb][0xffffff94][0xffffffc5][0xffffffb9]#[0xffffffa8][0xffffffe6]X[0xffffffc5]m[0xffffffdd]s[0xffffff99][0xffffffd1]N[0xffffffa9][0xffffff9d][0xffffffa0][0xf]k[0xffffffce]8[0xffffffda]ast[0xffffffff][0xfffffff4][0xffffffa5]LI[0xffffffb6][0xffffffa1][0xffffffe5][0x6][0xffffff8b][0xffffffb8]b[0x0][0x5][0xffffffed][0xffffffcd]+[0xffffff82][0x13][0xffffffd8]Hk[0xffffffd7][0xffffff9b]c[0xffffffce][0xffffffa1]P[0xffffff9b][0xffffffbb]![0xffffff87][0xffffffe0][0xb][0xffffffc7][0xffffffc9][0xffffffdd][0x1e][0xffffffe9]op[0xffffffa1]j[0x12][0xffffff82]]}[0xffffffcf][0xffffffd3].[0xffffff94][0xffffff86][[0x16]Pf[0xfffffff9][0xffffffcf]D[0x18][0xfffffff3]:c[0xffffff8b]~y[0xffffffd5][0xfffffffe][0xffffffb5]-[0x5]I[0xffffffba][0xffffffca][\n]"
08:05:03.606 [main] DEBUG com.github.dockerjava.zerodep.shaded.org.apache.hc.client5.http.wire -- http-outgoing-2 << "[0xffffffdb][0xffffffde]-[0xffffffea]][0xffffffc7]#[0xffffffa0]}[0x16]$[0xffffffba][0xffffffdd]J[0xc][0xb][0xffffff8d][0x18])[0x2][0xffffffe0]1[0xffffffae][0xffffff9a][0xfffffff0]<[0xffffffe4]H[0x1e][0x12][0xffffffe0][0xffffffe9]b[0xfffffffd][0xfffffff5][0xffffffa6]P^\[0xffffffe3][0xffffffa3][0xffffffe2][0xffffffbd][0x1f][0xe][0xfffffff4]][0xffffff8a][0xffffffbb][0xffffffae]=P[0x2]G[0xffffff9c]Qb!0[0xffffff84]U&:[0xffffffa5][0xffffffb4][0xffffffbc]\[0xffffffa4][0x1c]3u=T[0xffffffbd]e[\n]"
08:05:03.606 [main] DEBUG com.github.dockerjava.zerodep.shaded.org.apache.hc.client5.http.wire -- http-outgoing-2 << "0HV1&q[0x6][0xffffffbc][0xffffffcf][[0x19]C.@[0xf]m[0xffffffa2][0xffffffb1]Fu[0xffffffc1][0xffffffd7]i0l[0xffffff93][0xffffffac][0xfffffff0]K;=[0x14][0xffffff8e][0xffffffb7]M[0xffffff88]d[0xffffffe6]D`[0x0][0xffffffad]y[0x1b])[0xffffffba][0xffffff90]5[0xffffffde][0xffffffe8][0xffffffc3]N[0xffffffd3][0xffffffdf]/[0xffffffb7][0xffffffc3][0x0][\r]/X[0xffffff94][0xfffffffe][0x1c][0xfffffff7][0xffffffd6][\n]"
08:05:03.606 [main] DEBUG com.github.dockerjava.zerodep.shaded.org.apache.hc.client5.http.wire -- http-outgoing-2 << "[0x0][0xffffffc2][0xffffff9c][0xffffffb6]{[0xffffff94][0xfffffff5]D[0xffffffe9]*[0x10][0xffffffc0][0x13]QH[0xffffff88][0xffffffaf][0x12]~9[0xffffff9b]Gv[0x7]9[0xffffff8c]v[0xffffffb3][\r][0xffffffdf][0xffffffb7]k[0x1d][0x14][0xffffff86]~[0xffffffc7]C[0xffffffe2]|%[0xffffffc3][0xffffffc8][0x1e][0xffffffd1][0xffffff91][0xffffffa7]N[0xfffffffc]h[0xffffff83][0xffffffba][0xffffffa5][0x7f][0xffffffbf]E[0xffffffab]7[0xffffffb3][0x15][0xffffff9d][0x1a][0xffffffc5][0xffffff88][0x18][0xb][0xffffff8f]G[0xffffffd2]^[0xffffffcf][0xffffffc0]qNj[0xffffff9c][0xffffff91]UI[0xfffffff1]h[0xffffffe4][0x2]A[0xfffffff4]l @[0xffffffe8][0xffffffd4][0xffffffa8][0xffffffc7][0xffffffe8][0x10]=[0xfffffff5][0xffffffdb][0xffffff85]-m[0xffffffd3][0xfffffff5]R[0x1b][0xffffff98][0xffffffd0][0xffffff8a]>[0xc][0x7f][0xffffffa5]+?[0xffffffd3][0xffffffce][0xffffffb1][0xffffff97]=[0x4][0xffffffb6][0xffffffef]Ah[0xffffff8f][0xffffffe0][0xffffffb6]Y[0x10]_{[0xfffffff0]3[0xffffffe7]3[0x0]e[0xffffff8b][0xffffffe6]!$[0x9][0xffffffaa]3[0xffffffdc][0xffffffc3][0xffffffa3])L[0xffffffcc]R[0xffffff88][0x0]N[0xffffff8b][0x14][0xffffffe0]d[0xfffffff4]w[0xffffffe0][0xffffffe5]l[0xffffffcc][0xffffffb1][0xffffff80][0x8][0xffffff99][0xffffffb4][0x5][0xffffffd8][0xffffffac][0xffffff9b][0x1b][0xffffffa1][0xffffff84][0xffffffcd][0xffffffbe][0x6][0xffffff9d][0xffffff96]r[0xffffffa4]l[0xffffff83][0xffffffa1][0xffffff82]+[0xffffffd4]=[0x1e]yh[0x1b][0x1b][0xffffffdf][0xffffff84]![0x1b][0x11][0xffffffdb][0x7][\n]"
08:05:03.606 [main] DEBUG com.github.dockerjava.zerodep.shaded.org.apache.hc.client5.http.wire -- http-outgoing-2 << "[0xffffff9d]?)[0xffffffeb]&[0xffffffdd][0xffffffd6],[0xffffff97]W[0xffffffa8]Y[0xffffffbe][0xffffffde]p[0xfffffffa][0xffffffa8][0xe][0xffffff96][0xffffffe7][0xfffffff5][0xffffffdf][0xffffff86][0xffffff97]6iW[0xffffffca][0xffffff88]>[0xfffffff6]p`b([0xfffffff0][0xffffffb5]j[0xffffffe5][0xffffffea]4[\n]"
08:05:03.606 [main] DEBUG com.github.dockerjava.zerodep.shaded.org.apache.hc.client5.http.wire -- http-outgoing-2 << "[[0xffffffe4]CH[0x6][0x7][0xffffffef]{[0xffffff84][\r]B5s"[0xffffffde][0xffffffdf][0xffffffb0]f9[0xffffffc4][0xffffffb5]o[0xfffffff6][0xffffff88][0xffffffed]+[0xffffffa5][0xffffffce]}[0xfffffff1]M[0xffffffb1]J[0xffffffa6][0xffffffa3]p[0xffffff95][0xffffffc4][0x18]n[0xffffffc2]^[0xffffff84][0xffffffcf][0xf]O[0x7]k[0xffffffbc]t[0xffffffd5][0xffffffc1][0xffffff89][0xffffffc1]um:[0x14][0xffffffa7][0xe][0xffffffa8][0xffffff90].D~[0xffffffb6]J<[0xffffffa6]Q[0xffffffbe][0xffffffe3][0xffffffb8]J[0xffffffd5][0xffffffbc][0xffffffa5]z\([0x8]sk[0xffffffe5][0xffffffa3]w[0xffffff8b][0x1a][0xffffffec][0x13]i[0xfffffffa]02[0x3][0xffffffc1]*[0x1d][0xffffffae][0xfffffffc][0xffffffc9]"J-p#[0xffffffa6][0xffffffe1][0xfffffffc][0xffffffd6][0xffffffec][0xffffff94][0xffffffa4]5kD-[0xffffff86](i[0xffffffec]d8[0xffffffb8]^Y[0xfffffff7][0x1a]N[0xffffffc0][0xfffffff4][0xffffffc9][0xffffffae][0x10]?[0x19][0xffffffd4][0xfffffff5][0xffffffeb][0x2][0xffffffd1][0xffffffe0][0xffffffab]O[0xffffffa5][0xffffffbe][0xffffff96][0x1c]Gb[0xffffffef]##[0xffffffb4]bk[0xffffffdc]c@D[0xb][0xffffffe6][0xffffffa9][0x8]{[0xffffffab]~[0xffffffcf][0xffffff92][0xffffffaf]:[0xffffffe3][0x1e][0xfffffff0]m[0xffffffef]x[0xffffffe1][0xffffffb8]_[0xffffffb6]~[0xffffff87][0x16][0xffffffd8][0xffffffcc]2_*=[0xffffffa4]d[0xffffffd8]p[0x12][0xffffffd1][0xffffffc6]=[0xffffff83]}[0xffffff95][0xffffffd1]_U[0xffffffb3][0xfffffff2][0xffffffc5][0xffffffb1][0xffffffd0]w/.[0xffffffec][0xffffffb2][0xffffff9d][0xffffff9e]5u[0xffffffd8]s[0xffffffb6][0xffffffaf]M[0xffffffba]=[0xfffffffd][0xffffff8d][0xffffff95]cm[0xffffffd6]E[0xffffffc5]dR[0x1e][0xffffffcb][0xffffffa0][0xffffffd4]V[0xffffffb6]G[0xffffff9a][0xffffff9c][0xffffffc8][0xffffffd2]sf[0xffffff93][0xffffff94]q[0xffffffa0][0xffffffb1]5'\m[0x17][0xffffffee][0xffffffad][0xfffffff9][0xffffff97][0xffffffc9]bq0[0xffffff88]%Vo[0xffffffd4][0xffffffe6][0xffffffc5][0xf]([0xfffffff4][0xffffffca][0xffffffc6][0xffffffb0][0xffffffcc][\r][0x1f]"[0xffffffb0]V[0xffffff93]s[0xfffffff0]W[0xffffff99][0xffffffb2]k[0xffffffdb][0xfffffff8]b[0xffffff9f][0xffffffc1][0xffffff95][0xffffffaa][0xffffffdc]J[0xffffffb9][0xffffffbc][0xffffffa9][0xffffff94][0xffffffb9]([0xffffffb7][0xffffffdc]{520[0x19]m[0xffffffec]v[0xffffffeb][0xffffffeb]a@[0x19][0xffffff8d]TC04[0xffffff9f][0xfffffff3]m[0xffffffb1]4[0xffffffbd].[0xffffff83][0xfffffff7]Z[0xffffffa4][0xf][0xffffff92])p[0xffffff85]g[0xffffffe2][0xffffffc7]|[0xffffffff][0xb][0xffffff97]%[0x1d][0xffffffa0]=[0xfffffff0]M[0xffffffb4]b[0xffffff91]J<[0xffffffc7][0xffffffc0][0xffffffe0]=[0xffffff9e]<[0xffffffb3][0xffffffbf]8[0xffffffe4][0xffffff92][0xffffffaf]0[0xffffffc1][0xffffffd1]jT[0x1e][0x9]&0[0x18][0xffffffda]N[0xffffffe9]W5)[0xfffffff6][0xffffffe7][0x1b][0xfffffff1]k/[0xffffff82][0xffffffde]A#R[0xffffffe0][\r][[0xffffff89][0xffffffc2][0xfffffff5][0xffffffb1]|w[0xffffffc2]![0x1c]3[0x19][0xfffffff8][0xffffffc4][0x16][0xffffffcd][0xfffffff5][0xfffffffd][0xffffffa9]u^[0xffffff90]d[0xfffffff9][0xffffffb2][0xffffff88]s[0xfffffff1][0xffffffe7][0xffffff87][0x1e][0xffffff8f][0x9]m[0xffffffe1]'[0x1d]}[0xe][0xffffffbd]Xa[0xfffffff7][0xffffffaa]v6[0xffffffae]T[0xffffffd3][0xffffffb1](x[0xe][0xffffffac]c8{[0xfffffffc][0xffffffbf]t[0xffffffe1][0xffffffc6][0xffffffdb][0xffffff89]#$[0xffffffe4];[0xffffffd8][0xffffffda][0xffffff86]1[0xffffff96][0x15]][0xffffffaa][0xffffffd9][0xffffff9f][0xffffff8a][0xffffffbb][0xffffffc0];[0x1f]5dr[0xffffffb5][0x8] [0xffffffcd]{e[0xffffff90][0xffffffb7]q[0xffffff88][0xffffff91]0r[0xffffffb0][0x12]<q_N[0xffffff8b][0xffffffaf][0xffffff81][0x1b][0xffffffbb]#[0xffffffb3][0xffffff8b][0xffffff8a]>[0x1a]/[0x12]`[0xfffffff7][0xffffff9f][0xffffffd7].[0xffffff86][0xffffff9b][0x12][0xffffff98]g^[0x7]4Zj[0xfffffff5][0xfffffff1][0xffffffbe][0x1c][0xffffffe3]0[0xffffff9f]|[0xffffffff][0xffffffde]^t[0xffffffec][0xffffffdb][0xffffffe2]0[0xffffff97][0xffffff8d][0xffffffb3]y[0xffffffbb][0xffffffff]n[0xffffffcf][0xffffffbb][0x7f]R[0xffffff9d]b(`4[0xffffffaa][0xffffffa5][0xffffffa9][0xffffff9d][0x12]C[0xffffffad][0x9][0xffffffc7]mG[0xffffffc6][0x18][0xfffffffc][0xffffff9c]Y[0xffffff98][0xffffffb0][0xffffff82][0xfffffffd][0x0][0xffffffa3]e[0xffffffee][0xffffffe5]5[0xffffffb2][0xffffffae][0xffffffd1][0xffffffb8]]s[0x15]{[0xe]~[0xffffffb2][0xffffffe7][0xffffffdc][0xffffffa3][0xffffffcf][0x10][0xffffff8d][0xffffffdb][0xffffffd2]l[0xffffffd7][0xffffffc4][0xffffffae][0xffffffc3]Z[2[0xffffffe4]P[0xffffffa6][0xffffffaa][0xffffffbb][0xffffffaa][0xffffffe6][0xffffffbc]}[0x1d]>[0x3]e[0x9]8[0xffffffb0][0xffffff8d]c:[0xffffffce]+n6[0xffffff9e]B[0x3]1[0xffffffa3][0xffffff92],[0xffffffdb]e[0xffffff96][0xffffffd3][0xffffffcc][0x2][0xffffffc1][0x16][0xffffffbe][0xfffffffe][0xffffffe7][0xffffffce]Mhj([0xffffffe5][\r][0x3][0xc][0xb][0xc]0[0x2]$[[0xfffffff1][0xffffffd2]H[0xffffffdb][0xffffffe0][0x1a]0[0xffffffdd]chv[0xffffffe4]V[0xffffff97][0xffffffcb][0xffffffa1][0xffffffe3][0xffffffbf][0xfffffff4]<[0xffffffca]}[0xffffffc9]p[0xffffffeb][0xffffff9c][0xe]f[0xffffff8e][0x2]P0[0xffffffd7][0xffffffe0][0xffffffb0][0xc][0x4][0xffffffcd]K[0x16][0x1][0xffffff86][0xffffffeb][0x1]'{[0xffffffda][0xfffffffd][0xffffff8d][0xffffff9e]rJ[0xffffffca];[0x1]r[0x1e];[0xffffffe3]D[0xffffffab]H[0xe][0xffffffdf][0x1c]n[0xffffff99][0xffffff96]:p[0xffffff9e][0xffffffc0][0xffffffb2]]IG4Z[0xffffff81][0xffffffa2][0xffffff89]ul6[0x14][0xffffff96]6[0xffffffb6] u[0x1f][0xffffffd1][0xfffffff4][0xffffffb1]u9(NT[0xffffffcc][0x1e]q[0xffffff83][0xffffffbc][0xffffff8f]k[0xffffff81][0xffffff92] [0xffffff89][0xffffff8b]9 [0xffffffeb]K[0x7f]*[0xffffffc7][0xfffffffd][0xffffffab][0xffffffab]"bPy:[0xc][0xffffff86][0xffffffd7]U[0xfffffff2][0xffffffa1]@_[0xffffff86][0x4][0xffffffcd]~[0xffffffb2][0xffffff8e]![0xe][0xffffffcb][0xffffffd2][0xffffffc5]]}[0xffffffb5]2V[0xffffffb7]j[0xffffffcd]ZF[0x1b][0xffffffbe][0xffffffd7][0xffffffce][0xffffffa6][0xffffffec])<[0xffffffe9][0xfffffff1][0xffffffd2]}[0xffffffdc][0xffffffcf]@[0xffffff8e][0xffffffdf][0xffffff8d]*[0xffffffe2][0xffffffc9]zk[0xfffffff0][0xffffffea][0xffffffd0][0xffffff96],[0xffffffbb][0xffffffc6]=:[0xffffffc7][0xffffff9e][0xffffff99][0xffffff9a][0xffffff8a]t<[0x7f]*[0x1e][0xffffffa8][0xffffffde][0xffffffd2][0xfffffff5]>[0xfffffff3][0xffffff9e][0xffffffa8][0xffffffb4][0xfffffff6]Eh<[0xffffffad][0xffffff95][0xffffff97]N[0xffffffac][0xffffffb7][0xfffffff0][0x18]&[0xffffff93][0xffffffc6]o[0xfffffff0][0xffffff8a][0xffffff8a][0x1]Y[0xffffff8c]^[0xffffff95]U[0xffffffe7]{&V[0xffffff88]O [0x1f][0x1][0xffffffc5][0xffffffff][0x1a][0x10]U;\[0xffffffa3][\n]"
08:05:03.606 [main] DEBUG com.github.dockerjava.zerodep.shaded.org.apache.hc.client5.http.wire -- http-outgoing-2 << "*[0x1a][0xffffffc3].[0xffffffeb][0xffffffae]r?[0xffffffc0][0xffffffcc]T[0xffffffcf][0xffffffda][0xffffff82]%[0xffffffad][0xfffffff2][0x8][0xfffffffd][0xffffffec][0x18][0xfffffff7][0xfffffff0]~[0xffffffb1][0xffffff82]}[0xffffffb3][0xffffff80][0xffffffab]F[0xffffff83][0xffffffc8]+[0x7]:[0xffffffb8][0xffffffcb]g[0xffffffe8][0xffffffbe]$[0xffffffdb][0x9]q[\r][0xfffffff0][0x0]_h[0xffffffb9]>E[0xffffffc3][0x18][0xffffff89]![0xffffffce][0x1a][0xb]@[0xffffffd3][0xffffff9f][0xffffffec][0xffffffcd][0xffffffc9]Q$z&;[0xffffff8f]/[0x18][0xffffff85][0xffffffe7]u[0x13]z[0xffffffa4]f$[0xffffffe2][0xffffffc6][0xffffffd6][0xfffffff4][0xffffffd0]Z[0xffffffda][0x3]$[0x1]T[0xffffffa6]ToR[0xffffffcc][0xffffffbc][0xffffffd4]`[0xffffff97][\n]"
08:05:03.606 [main] DEBUG com.github.dockerjava.zerodep.shaded.org.apache.hc.client5.http.wire -- http-outgoing-2 << "][0xffffffd2]8[0xffffffc6]'[0xfffffffe][0x15]#[0xffffffb5][0xffffffb5][0xffffffdc][0xfffffffb]u[0x1d]+[0xffffffa3][0xffffffe8]~[0xffffffb8][0xffffffa9]([0xfffffff6][0x4][0xffffff9e][0xffffffde][0xffffff86][0xffffffe0][0xffffffad][0x7][0xffffffcd]sN[0xffffffdf][0xffffffab]/[0xffffffbc]CG[0xf]P|[0xffffffd5][0xffffff8e][0xffffffde][0x8][0xfffffffd][0xffffffef][0xffffff92][0xffffff83]([0xffffffda][0xffffffa6][0xffffff86][0xfffffff4][0x5]2@\[0xffffffe9][0xffffffb9][0xfffffff0]fqPp[0xffffffd9][0xffffff9e]l[0xffffffad][0xffffff88][0xffffffb8]T[0xffffffdc][0xffffffd2][0xffffff96][0xffffffad][0xffffffed][0x2]h[0x1e][0xffffffd2]`_m[0xffffff9d]V\[0xffffffb1][0xffffffda][0xffffffa3][0xffffffbd]`R<x[0xc][0xffffffa6]P[\n]"
08:05:03.606 [main] DEBUG com.github.dockerjava.zerodep.shaded.org.apache.hc.client5.http.wire -- http-outgoing-2 << "[0xffffffba][\r][0xffffff95][0x1e]2[0xffffffb3][0xffffffec][0x7f][0xffffff87]4[0xffffff89][0xffffffe5]s%[0xffffff9b][0xffffffdf]z[0xffffff8e][0xffffffe8]m[0x1d]`"[0xffffffda][0xffffffe7]K[0xffffff90]'[0xe]nxW8[0xffffffe6]O[0xffffffc7][0xffffffe3]m[0xffffff8c][0xffffffdf][0xffffff85][0xfffffff2]px`o[0xffffffe1][0xffffffce][0xffffffd6][0xffffffe8]3>[0x15]o[0xffffffa9][0xffffffd2]{[0x9][0xffffffb4][0xffffffd4][0x10][0xffffff88][0xfffffff7][0xffffffc7][0xffffff8d][0xffffffe2][0xb]e[0xffffffe8][\n]"
08:05:03.606 [main] DEBUG com.github.dockerjava.zerodep.shaded.org.apache.hc.client5.http.wire -- http-outgoing-2 << ")[0xffffffcf]h[0xffffff99]&[0xfffffffb][0xffffffae]ia[0xffffff90][0xffffffe5]{jV1[0xfffffff1]W[0xffffffb6][0xfffffffa][0xffffff88][0xffffff8c][0xffffffb2][0x19][0xffffffe6]#r[0xfffffff3]t[0x5][0xffffff87][0xfffffff1][0xffffff8e][0x11][0xffffffc4][0xffffffeb][0xffffffb1]/[0xffffff9e][0xffffffcf][0xfffffffa][0x1b][0xffffffa9][0xffffffcd]H[0xffffff9e]Q#[\r]f[0xffffffba][0xf]j[0x18]([0xffffff8d]:[0xffffffa7][0xffffff9b][0xffffffb3][0xfffffff3][0xffffffa9]P[0xfffffff9][0xffffffe7][0x12]x[0x11][0xffffffa1]"[0xffffffa7]>@:Y[0xffffffb8]yw[0xffffffb4]_[0xffffff93][0x9][0xffffffc4][0xffffffb9][0xfffffff7]m[0xffffffe4]g[0xb][0x7f][0xffffff95]/B[0xffffffb5]j[0xffffffab][0x1f] .w[0xffffffe2][0xffffff8a][0xffffffdb][0xffffffdd][\r][0x4][0xffffffd6][0x8]u^7[0xffffffb4]%I[0xffffffbd][0xffffffc5][0x1b][0xffffffd2][0xffffffca]E[0xffffffb6][0xffffffc7]|[0xffffffba][0xfffffff8]^[0xffffffef][0xffffff97][0xffffffdc]j[0xffffffdf][0xffffff92]9[0xffffffa8]1T[0x1e]5[0xffffff87]<8[0xfffffffd]g[0xffffffcc][0x9][0xffffffa6];[0xffffffd6]_3a[0x1c][0xffffffd0]]Kw[0x12][0xffffffef]3[0x6][0xfffffffb][0xfffffffb]}[0x10][0xffffff82][0xffffffdc]Rw[0xffffff99][0xffffffc0][0xffffffe3][0xffffffd9]T[0xffffffc3][0xffffffc5][0xfffffff3][0xffffff98][0xffffff95]U[0xffffffae]![0xfffffff3][0xffffffad][0xffffffdf][0xffffff9c]_[0xfffffff9]6Ph"y[0xffffff90][0xffffffe8]8\E][0xffffff81][0xc]][0xfffffff9]([0xffffff82][0xffffffc4][0xffffffd0][0xffffffd5]Y[0xffffffb2]rT[0xffffffd7]#[0xffffffec][0xffffffe7]\bM[0x19][0xffffffe9]V[0xffffffb7]($[0xffffff82]D'OXUH[[0xffffff89]lCD[0xfffffff6]`*[0xffffffcb]s[0xffffffc0]0[0xffffffdf]m[0x1c]g[0xffffffdb]_[0xffffffbf][0xfffffff3]e[0x5]0[0xffffffab][0x12][0xffffffa7][0xffffffa1][0xffffffdd][0x0]g[0xffffffca][0xffffffe0][0xffffff93][0xffffffe0][0xffffffce][0x3]xfM[0xfffffffc][0x7f][0xffffffcd][0xffffffb4][0xffffffaf][0xffffffc5]e[0xffffffc6][0xffffffae]i[0xffffffd6]M*i[0xfffffffe][0xffffffa0][0xffffffbb][0xffffffb9]_`[0xffffffaa][0xffffffd4][0xfffffffb]?IQl[0xffffff9f][0xffffffea][0x3][0xffffffb7][0xffffffda][0xffffff82][0xffffff89]{Y[[0xb]e*[0xffffffa3][[0xf][0xffffffe8][0xffffff9b]\[0xfffffff1]2[0xffffff82]g[0xffffffb9][0xffffffc0][0xffffffdf]7[0xffffffff]E[0xffffffa7][0xffffffc6]<e[0xfffffffc];[0xffffffb1][0xffffffdb][0xffffff91]O{,[0xffffffc3]0[0xffffffec][0xffffff81][0xffffffe3][0x1c]S_[0xffffffe2][0xffffff8e]nnE[0xffffffa4]`[0xfffffff0][0xfffffffe][0xffffffea]9X[0xffffffc8][0x14][0xffffffd3][0xffffffc4][0x1c][0xffffffb8]h[0xffffffb7][0xffffffbc]\@[0x18][0xffffff8c][0xfffffff3][0xffffffcd][0xffffff92][0xffffffcc][0xffffffb8][0x10][0xffffff9a][0xffffffd9][0x8][0xffffff84][0xffffffa3][0xffffffb8][0x13][0xffffffa2][0xffffffcb][0xfffffff0][0xffffff88][0xfffffffd]X7sS[0xfffffffc][0xffffffb7]uUM[0xfffffff7][0xfffffff5][0xffffff83][0xffffffbf][0xffffff82][0xc][0xffffffbc]s[0xffffffcb][0xffffff83]0[0x1b]|$H[0xffffffed]$[0xb][0xffffffa6][0xffffffec][0xffffffd6]~[\n]"
08:05:03.606 [main] DEBUG com.github.dockerjava.zerodep.shaded.org.apache.hc.client5.http.wire -- http-outgoing-2 << "[0xffffffa2][0xffffffa0]w[0xfffffff7]`[0xffffffbb][0x7][0xffffff8c]T[0xffffffdd][0xffffff85])[0xffffffbc][0x1b]d[0xffffffda][0xf]f[0xffffff8b]5[0xffffffb8][0x1][0x17][0xfffffff4][0x13][0xffffffe6][0xffffffbc][0xffffff8a]*[0xffffffe2][0xffffffd5]=l[0xfffffff6])_[0xffffff99][0xffffffbc]`[0xffffffb8][0xffffffae]H[0xffffffcf]u[0xffffffc4][0xffffff98]Jc[0xffffffba]6[0xffffffdf]aZdX[0xffffffe2][0xffffffd2][0xffffffe3]"q[0xffffffd6][0x12][0x7][0xffffff9b][0xffffff91][0xffffffb9]].[0xffffff97][0xffffffbb][0xffffff90][0xffffff98]l[0xffffffcd][0xffffff94]}[0xffffffdd][0x18]|[0xffffffbc]g[0xffffffa6][0xffffffff],@>[0xffffffd0][0xffffffa5][0xffffff9e][0xffffff86][0xffffffd4][0xffffff8a][0x1c][0xffffffb0] [0xffffffe1][0xffffffc6][0xffffff89]Jo[0xffffff8d]B\[0xffffffb9]@2[0xfffffff2]%[0xfffffff1][0xffffffb5][0xffffff93][0xffffffb2][0xffffff9a]4GPh[0xffffffa0][0xfffffffe][0xffffffd2][[0xb]?[0xffffffc7][0xffffff8b][0x12][0xffffffc8][0x14]S[0xffffff92][0xfffffff4][0xffffff81]=[0xffffffad];[0xffffffa8],[0xffffff82][0x4][0xffffffb1][0x0]q[[0xffffffbd][0xffffffa0][0x0][0xffffffdf][0xffffffd4]l[0xffffff99][0x6][0x11][0xffffffaa][0xffffffa2]b[0xffffff92][0xffffff99][0xffffff9d][0xfffffffe][0xfffffff9]C?[0xffffffe0][0xffffffbb][0xffffff8d][0xffffffec][0xffffffac]x?''u[0x18]x[0xffffffc1][0xffffffcb]O[0xffffffcc][0x7][0xffffffc4]E[0xffffff8d][0xffffffca]W[0xffffffc2]He[0xffffffc9]R[0xffffffa9][0xffffffe9][0xffffff87]js[0xffffff87][0x16][0x9][0x6]am+[0xffffffb2][0xffffffa7][0xffffffe3]R[0xffffffad]hf[0xffffffb1]u[0xffffffdf]_[0xffffffb7]\[0xffffffec][0xffffff8b][0xfffffff5]d0yr[0xffffff9f]y[0xe][0x7f]>[0xffffffc5]/[0xfffffff0]0[0xffffffde]q[0xffffffb8][0xffffff95][0xffffffed]^[0xfffffffb][0xffffffc1]HJP[0xffffffa1][0x15][0x15][0xffffffd0][0xffffffbf]6u[0xffffff8a][0x1d][0xffffffbc][0xffffffb9][0xffffffeb]`[0x14][0xffffff8d][0xffffffdd][0xffffff9e][0x5][0xffffffd5][0xfffffffd][0x18][0x7f][0xffffffca][0x0][0xffffffe8]AZ[0xffffffdb][0xffffffbc]\[0xffffff9d][0xffffffcb][0xffffff97]&[0xfffffff6][0x7f][0xffffffa2][0xffffffe4][0xffffffe9][0xffffffed][0x0]2[0xffffffe3]P[0xffffffd1][0xffffffa6])[0xffffff8f]Jm[0xfffffffe][0xffffffec]_[0xfffffff5][0xffffffa7]A[0xffffffb6][0xffffff9c][0xffffff9d][0xffffff96]W[0xffffff85][0xffffffe9][0xffffffbf][0xfffffffc][0xffffff85][0x6]0[0xffffffc5][0xffffffa9])J[0xffffffcc]M[0xffffffc3][0xfffffff7][0xffffffb1][0xfffffffb][0x1c] [0xfffffff6]{[0xffffffb0][0xfffffff8][0xffffffd7]c/[0xfffffff0][H[0xffffffea][0xffffff98][0xffffffc8][0x7][0xffffffe2][0xffffffb4]&[0xfffffff5][0x2]9ld[0xffffffa3]j[0xffffffc9]u[0xffffffbc][0xffffffc0][0x1b][0xfffffff0]7[0xffffff8e][0xffffff9c][0x4][0xffffff8b][0xffffff96][0xffffffae][0xffffffa3][0xffffff92]R[0x8]7[0xffffffb0]e[0x0][0x7f]b[0xfffffff3][0xffffffa9]c~[0xffffffd7]l[0xffffffbf][0xffffffd5]H[0xffffff94][0xffffffe8].[0x12]"h@[0x1b]*[0xffffff87]P[0xffffffdd][0xffffffe9][0xffffff8d][0xffffffa7][0xffffffd5][0xffffff8a]j[0xffffffe4]j[0x14]j[0xffffffb9][0xffffff90][0x4]x@[0xffffffd9][0xfffffff4][0xffffff9a][0xffffff9f][0xffffffeb]<[0xffffffa1][0xffffffc6][0xffffffad]i[0xffffffb2]m[0xffffffc2]:[0x16]vwPrj[0xffffffbb]R[0x10][0xb]K~[0xffffffe8]nR\~o[0xffffffad][0xffffff94][0xffffff92][\n]"
08:05:03.606 [main] DEBUG com.github.dockerjava.zerodep.shaded.org.apache.hc.client5.http.wire -- http-outgoing-2 << "x[0xffffffd2]6[0xffffffa1][0xffffff97][0xffffff9b]F[0xffffffcb][0xffffffac]e[0xfffffffa]ZDF[\r]U[0xffffffc5][0xffffffbb][0x1f]{x8[0xfffffff7]'[0x7f][0xffffff8a]tU[0xfffffffc][0xffffffdb]r[0xffffffc8][0xfffffffd][0xffffff8b][0xfffffffa][0xfffffff7]_[0x7][0xffffff87][0xffffffda]?[0xfffffff6][0xffffffa7][0xffffffd6][0x1e]1R[0xffffffa0][0xffffff9c][0xffffffc2]4[0xffffffcd][0xffffffbb]Qs[0xffffffda][0xb][0xffffff9e][0xffffffaf]F[0xffffff8c]w[0x18]&3[0xffffffd8][0xffffffe4][0xffffff88][0xffffffb5][0x12][0xffffffaf][0x14]k[0xffffffd4]f[0xffffffc6][0xffffffb9][0xffffffa6]-[0xffffff87][0xfffffffc](P_[0xe]@:[0xffffffd7].T[0x1d]a[0xffffffb9][0xffffff99][0x8]u[0xffffffb1][0xffffffb1][0xffffff88][0xffffffb4][0xffffffb7][0xffffffef]?F`@h[0xffffffc7]j[0xffffffa0][0xffffffe4][0xffffffdc]X[0x11]b([0xffffff8c]0j:[0x9][0xffffffa4]'[0x5][0xffffff86]1[0xe]NV[0xffffff9f][0xffffffc8][0x15][0x4][0xffffff93][0x1e]#[0xffffffdb][0xffffffdf][0xffffffee][0xffffffe2][0xffffff92]5[0xffffffb3][0xfffffff5][0xffffff8c][0xffffff82])j<[0xffffff91]w[\n]"
08:05:03.606 [main] DEBUG com.github.dockerjava.zerodep.shaded.org.apache.hc.client5.http.wire -- http-outgoing-2 << "[0xffffffc2][0xffffffa1][0xffffff8d][0x19]V[0x12][0xfffffffe][0xffffffe1][0xffffffee]J[0xffffffde]%[0x8][0xffffffb7][0xffffffef][0xffffffc1][0xffffffa6][0xffffffee][0xfffffff9][0x1c][0xffffff81][0xffffff8d];[0xffffffaf]=gG[0xffffffc5]P[0xfffffffc]G[0xffffffa2]\[0xffffff9e][0xffffffe0]~o[0xffffffec][0xfffffff7][0xffffff92]l)[0xffffffba]J[0xffffffe3]\?bb[\n]"
08:05:03.606 [main] DEBUG com.github.dockerjava.zerodep.shaded.org.apache.hc.client5.http.wire -- http-outgoing-2 << "[0xfffffff7][0xffffffc4]F[0xffffffb9]/[0xffffffb0][0xffffff84]N[0x15][0xb]"([0xffffffe7][0xffffffa9][0xffffffd0]T[0xffffff9a]S7[0xfffffff9]&[0xffffff9a][0x10]s[0xffffff8f][0xffffffac][0xffffff8c][0xfffffff9][0xffffffd8]gV[0xfffffff0]v[0xffffffb2][0xffffffc0][0xffffffcd][0x13][0xffffffd3][0x1][0xffffff93]rd[0xffffffe4][0xffffff9f][0xffffffce][0x7][0xffffffff]=[0xffffffc0][0xffffffb4][\r];[0xffffff87]!L[0xffffffba]V[0xffffffa1]HPzkd[[0xffffffb2][0xffffff81][0xffffff8c][0xffffffce],[0xffffffed][0xffffffa0][0xffffff90][0xffffff8a][0x7]p[0xffffff80][0xffffffae]'[0xffffffc5]R5[0x7][0xffffff97][0x7]o&6[0x1c]PmIm6,[0xffffff91][0x0][0xfffffffd][0xfffffffc][0xffffffca][0x18][0xffffffaa][0xfffffff1][0xffffff99][0xffffffa0]Z@5!,D[0xffffffaf][0xfffffffc][0xffffff88][0x1b][0xfffffff8][0xc]Q[0xffffffe0][0xfffffff5]@[0xffffffc7][0xffffff99][0xffffffdc][0xffffffc3].[0xffffffaf][0xffffff83][0xc][0xffffffef]4[0xfffffff6][0xffffff9e]@[0xffffffdd][0x7][0xffffffa3][0xffffffe0][0xffffffeb]?[0xffffffe5]@[0xffffffdb][0x5][0xffffffa0][0xffffffff][0xffffffe3][0xffffffbb]][0x12][0xffffffcd]*[0xfffffffd][0xfffffff6]m[0xffffff8f][0xffffffd5][0xfffffffa][0xffffffe5]%TE&~[0x18]w[0xffffff95]U[0xffffff9f]u[0xffffffe7][0xffffff82]E\,[0xffffffd0]8Aq [0x7]~[0xffffffa9][0xfffffff2][0xfffffffa][0xffffffd0][0xffffff86][0xffffffc4][0xffffffd1]e[0xffffffd4][0xffffffc4][0xffffffaa][0xffffffd4][0xffffff89]ae[0x6]u[0xffffffef]"[0x5]4w[0xc][0xffffff82][0xffffffc5][0xffffff81][0xffffffce][0xfffffff6][0xfffffff0][0x4];[0xffffffa1][0xffffffd1][0x10]C6&P[0xffffffb0][0xffffff9d]}[0xfffffff6][0xffffff82][0xffffff90][0x11]Szb[0xffffffc9][0xffffff8d][0xfffffffe][0xffffff86][0xfffffff3];T[0x1f][0xffffffb7][0xffffff83]F?[0xffffffce][0x1e][0xffffff8d][0xffffffce]W[0xffffffe9][0x5]2J[0x15][0xc][0xffffff99][0xffffffd3]pk[0xffffff8c][0x1d][0xffffffb8][0xffffffca]3[0xfffffff8][0xffffffc2][0xffffffc0][0xffffff83][0x4]p)[0xffffffb7][0xffffffdc]a8[[0xffffffe3]:[0xffffffbc][0xffffffec][0xffffffb6][0xffffff8d]#[0xffffff9b]R[0xffffffba]^[0xffffffcc][0xffffffd3][0xffffffde][0xffffff88]a[0xffffffe0][0x16][0xffffff81]u[0xffffff8e]D[0xffffffd5][\n]"
08:05:03.607 [main] DEBUG com.github.dockerjava.zerodep.shaded.org.apache.hc.client5.http.wire -- http-outgoing-2 << "[0x8][0xffffffc2][0x19]'[0xf]`[0xffffffe4]Tm[0xffffffd4]O![0xffffff81]M[0xffffffc6]up[0xffffff8b]18[0xffffffd5][0xffffffb6]Dy[0xffffff9d]I[0xffffffcf][0xffffffc9]3[0xffffffb0]nc[0xffffffc3][0xffffffa2]N[0xffffffc0][0xfffffff3]6l5[0xffffffe9]m[0xffffffaf] d[0xffffff9c]'{[0xffffffb8])[0xffffffe2][0xffffffd2][0xffffff96][0xffffff8a][0xffffffef][0xffffff9d][0xffffffd0]1[0xffffffb3][0xfffffffd][0xffffff93][0xffffff9c]^k[0xffffffc2][0xffffffcc]m-"[0xffffffb1][0xffffffac][0xffffffda]h[0xffffff83][0xffffffbf]5[0xffffffa7]{[0xffffff9e]_[0x13]o[0xffffffff][0x1]j[0xffffff8b][0xffffff8c][0xffffffca]t{[0xffffffda][0xffffff9c][0x1a][0xffffffd2][0x12][0xffffffc1][0xffffffab]D[0xffffffec]$[0xffffffcc][0xffffffc1][0xffffff9a][0xffffff98][0xffffffab][0xffffff8f]Z[0xffffffb3][0xffffffdc]A@[0xffffffab][0xffffffe5][0xffffffd6][0xffffff84][0xffffffa9][0xffffffbd][0xffffff85][0xffffffa3][0xffffff85]I)[0xffffff99][0xffffffdc][0xffffffa5]f[0xffffffb2][0x1e][0xffffffa7][0xffffff8b]]M[0xffffff87][0xffffffd5]xo^[0x1c][0xffffffe3]/wJ[0xffffffa2]V[0xffffffac][0xffffffe6]Y[0x2][0xffffff8a][0xffffffa1]P[0xffffffe0][0xffffff9e]BI[0xfffffffb][0xffffffdf][0x0][0xffffff9f]Bh[0xffffffa3]:[0xffffffb9][0xffffffb3]p[\r][0xffffffe3]b8S[0xffffffdd][0x9][0xffffff9c][0xffffff90][0xffffffb1][0xffffffcb],j[0xffffffe4]2-[0xffffffe8][0xffffffa7][0xffffffd9][0x1c]+p[0xffffffe9][0x16];[0xffffff89][0xffffff9e][0xffffffd0][0xffffffe3][0x1e][0xffffffbf]5[0xffffffca])[0xffffff86][0xffffffb4]*y[0x18][0xffffffe4][0xffffffe7]]D2[0xffffffee]][0xffffffb0]F[0xffffffa0][0xffffffca]&[0xffffffbb][0xffffffda]h[0xffffffb6][0xffffff9e][0xffffffe9][0xfffffff4]i[0xffffffa1][\n]"
08:05:03.607 [main] DEBUG com.github.dockerjava.zerodep.shaded.org.apache.hc.client5.http.wire -- http-outgoing-2 << "3[0xffffffc8][0x17][0xffffff93]l[0xffffffec][0x1b]c[0xffffffaa]d[0xffffff9a]g{[0xffffff82][0xffffff83][0x18]o[0x4](y[0x12]2j[0xffffff96]R[0xffffffea]0[0xffffffe1][0xffffff87][0x2][0xffffffd1]H=[0xffffffce][0x11][0xffffffbf][0x15]r[0xffffffa1][0x1b]U[0xffffffef][0xffffffae][0x1d][0xffffff88][0xffffffae]Z[0xffffff93]?x[0xffffff9b][0xffffffac]8[0xffffffb0]q[0xfffffffc][0xffffffa9][0xffffff9c][0xffffffc1][0xfffffff1]+[0xffffffb2]qy[0xffffffea][0x0]|}[0xffffff8c][0x13][0xffffffa6][0x5]Q[0xffffffc7][0xffffff84][0x1f]Vh[0xffffffd3]c[0xffffffa0][0xffffffb7][0xffffffb1][0xffffff8c][0xffffffc5][\r][0xffffffcd][0x0]ZM[0xffffff9c][0xffffff8a][0xffffffae][0xffffff89][0xffffffe7]e3[0xfffffff2][0xffffffb3][0xffffffb5][0x7f][0xfffffff9]7K53[0xffffffca][0xffffffe0][0xffffffe5][0xffffffd9][0xffffffe0][\n]"
08:05:03.607 [main] DEBUG com.github.dockerjava.zerodep.shaded.org.apache.hc.client5.http.wire -- http-outgoing-2 << "+[0xffffffee][0xffffffc4][0xffffffe7][0xb]1[0x1][0xffffffe1][0xffffffae]*[0xffffffc3][0xffffffbc]@=[0xfffffff2][0xffffffba][0xffffff86][0x1f][0x17]1cx[0xffffff9f][[0x2][0xffffff82][0xffffffb3][0xffffff8a]i[0x1a]w[0xffffffe1][0xffffff97] [0xffffffac][0xffffffbf]Z[0xffffffce][0xffffffdd][0xffffffb3][0xffffffe2][\r][\n]"
08:05:03.607 [main] DEBUG com.github.dockerjava.zerodep.shaded.org.apache.hc.client5.http.wire -- http-outgoing-2 << "^[0xe][0xffffff8e]x[0x12]'[0xffffffce]hs[0xfffffff0]KyL[0xfffffff3][0xffffffe7][0xfffffff4]6.[0xffffff89]VB[0x2][0xffffffb0])[0xffffffab][0xffffffbf][0xffffffb6][0xfffffff3][0xffffffab][0x3]c[0xffffffb3][0xffffffee][0xb][0xffffffec][0xffffffa0]d[0xffffffa1]%[0xffffff86]?t[0xffffffe4][0x12][0x1f][0xffffffa4][0x7]h3x[0xffffffeb][0xffffff86]Rq[0xffffff9a][0xffffffd8]3[0x7]x[0xffffffbf][0xfffffff9][0xffffffb0][0x7]"[0xffffffe0][0xffffff9f]<[0xffffffca][0xffffffdc]+[0xffffffe9]y[0xffffffe8][0x1a][0xfffffffa]*[0xfffffff4][0x16][0xffffff8a].[0xfffffff2]EzY[0xffffff97][0xffffffe0]w[0xfffffff4][0xfffffffb]U[0xffffffac][0xffffffb0]S[0x5][0xffffffd0]w"[0xffffffaa]*[0x10]>[0xfffffff3][0xffffffa8][0xffffff9b][0x15][0xffffff86][0xffffff9d]![0xffffffa9]s'JJ[0xfffffff8][0xf][0xffffffa2][0xfffffff6][0x17][0xffffff93]3%V[0xffffffea]f[0xfffffff9][0xffffffe6][0xffffff8c][[0xffffff9c][0xffffff9c]+[0xffffffb7]D[0xffffffcf][0xffffff89][0x7]1s[0xffffffce][0xfffffff7][0xffffff88][[0xffffffd0]8[0xfffffffe][0xffffffa2][0xffffffb4][0xf][0xffffffa2][0xffffffc4][0xffffffcb]u[0xffffffdd]k[0xffffffed]T[0xffffff9d][0xfffffff7][0xffffffd7][0xffffffbc]][0x19]m[0xb][0xffffffb7][m[0xffffff97][0xffffffa6][0xffffff98][0xffffffbf][0xffffffaf][0xffffffc4][0xffffffad]m[0xffffffe0][0x1d][0xffffffdf][0xffffffa3]n[0x2][0xffffffeb][0xffffffc6]hJB[[0x8][0xffffffb3][0xffffffa5][0xffffffbe][0xffffffcc]I[0xffffffa7][0xffffffbe]Qgam[0xffffffdd]3[0xffffffb8][0xffffff8d][0x1d]t[0xffffffee][0xffffff90]Y[0x19]o[0xffffffde][0x6][0x17][0xffffffa1][0xffffffe9][0x7][0xffffff93]5[0xfffffff1][0xffffffd0][0xffffffd2]b[0xffffff9d]Q[0xffffff83][0xffffffd7][0xffffffea][0xffffffb5][0xffffffd4].C[0x1a][0xffffffc9]&[0xffffffc4][0xffffffbb][0xffffffdd][0xffffffb8][0xffffffb0][0xffffffa1]B[0xffffffb5][0xffffffe6][0x1f]e$[0xffffffc4]D[0xffffffb7]Y<(5[0xffffffae]EY;[0xffffff90][0x11][0xffffff83][0xffffffbd]N[0xffffffb5][0xffffffbb]RK[0xffffffd7]y@[0xffffffdf]MfC4h[0x1e][0xffffffe8][0x3]q[0x12]7[0xffffff94]0[0xffffff81][0xfffffffa].[0xffffffff][0xffffffd8][0x10][0x13]R[0xffffffa3]2n[0xffffffbb][0xfffffff5][0x18][0xffffffd4][0x1e]ya[0x12][0x18][0xffffff9a]{[0xffffffdd][0xffffffdc]{\Q[0xffffffbb][0xffffff87]^[0xffffff96]T[0x6][[0xffffffa2][0xfffffff2][0xffffff9f]w[0xffffff85][0xffffff9a][0x2][0x12][0xffffffb1]W[0xffffffa3][0xffffff80][0xffffff88][#V[0xf][0xffffff81][0xffffffee][0xffffffaa][0xb][0xffffffbe]'%JN[0xffffff81][0x16]s[0xffffffc0][0xffffffac][0xffffffe6][0xffffffcc][0xffffffbf][0xfffffff2][0xffffffc4][0xfffffff8][0x3]fSg [0x18][0xfffffff2][0xffffff92][0xffffffef][0xffffffc4][0xffffffb8]JH[0xfffffff7][0xf]CE[0xffffffaf][0x1e]e[0xffffffa1]A[0xffffff8a][0xffffffc4]@#[0xffffffa1][0xffffff92][0xffffffbd]vF[\r]:[0xb]AA[0xffffffb9][0x10][0xffffff8f][0xffffffb2]T(ai[0xffffffe3][0xffffffee]"A2[0x17][0xffffffe7][0x1]7[0xffffff87][0xf][0xfffffffb]b[0xffffffb6]@[0xffffffe1][0xffffffac][0xfffffff5]s[0xffffffd6][0xffffffcb]0?29[0xffffff80]Y[0xffffffe1]i[0x4]GK~[0xffffffd1]y[0xffffffe8][0xffffffe8][0x14][0xffffffea][0xffffff93][0xffffff99][0xffffffc8][0x2]-[0x13][0xffffffd3]O([0xffffffb4]| 2Q[0xffffff9c][0xffffffd3]*[0xffffffe9][0xffffff87][0xffffffa4][0xfffffff2][0xffffff9d]L[0xfffffff7][0xffffffeb][0xffffff8f]9[0xffffffc4][0xfffffff0][0xffffff8f][0x15]+[0xffffffde]B3[0xffffffe6][0x6][0x15][0xffffffd5][0xffffffe5][0xfffffffd][0xffffffc5]mc6[0xffffff8f][0xffffffeb][0xffffffaa][0xffffffa6][0x2][0xffffff8c][0xffffffc3][0xffffff8e][0xffffffdf][0xffffff9e][0xffffffeb]!Ly[0xffffffcd][0xffffff87][0xffffffce][0xffffff93][0xffffffba][0x16][0xffffff9c]P[0xffffffd8][0xfffffff0][0xffffffe3][0xffffffa4]][0xffffff8a][0xffffff91]#5[0xffffff9c][0xffffffd3][0xffffffaf]+[0xffffff85][0xffffffdf][0xffffffa9][0xffffffec]1[0xffffffd3][0xffffffe7]?[0xffffffe6][0xfffffffd][0xffffff84].[0xffffffd1]z[0x1c] [0xffffffaa][0xffffffe4]%c[0xffffffcd]gl^[0xffffffe1][0xfffffff8]i[0xfffffff1][0xffffffa2][0xffffff9b][0xffffffee][0xf][0xffffffc8][0xffffff8a][0x8][0xffffffb1]o[0xffffffd3][0xffffff80]<[0xffffffef]|[0xffffffb7][0xffffffad]a}[0xffffff8e][0xffffffcf]A[0xffffffa8][0xffffffa6][0xffffff97][0xffffffbc];[0xffffffc6].[0xffffffe0]"[0xfffffffc][0xffffffc0][0xc]di[0xffffff91][0xfffffff9][0xffffffa7][0xffffffc5]Y7[0xffffff8c]`[0xffffffb9][0xffffff97][0xffffff9b][0xf][0xffffffa1]U[0xffffffd7][0xffffffac]GC[0xffffffe9]|[0xffffffc6]![0xffffffc9]8>[0xffffff8b][0x12][0xffffffc8]k[0xffffff87][0x3][0xffffffb5]c[0xffffffbd][0x6][0x15][0xfffffffc][0x1e][0xffffff83][0xffffffc0]E[0xffffffaa][F[0xffffffda][0x0][0xffffffe7][0xffffff99]4[0xffffffb6][0x17][0x0][0xffffff8b]rN[0xffffffce]=[0xffffffdd]6[0xffffffd4][0xffffffd4][0xffffffa4]49[0xffffffd5]0d1[0xffffffaa][0xffffff8c][[0xffffff81][0xffffff9e]|[0xffffff98][0xffffffa5][0xffffffb5](7B[0xffffffa9][L/[0xffffffa3][0xffffffe2]g[0xffffffa6]f[0xffffffbe]EK[0x15][0xfffffff0]W[0xffffffbe][0xfffffff5]fq=[0xffffffbd]{[0xffffffa1][0xffffff9e]*[0xffffffcf]&[0x19][0x1f][0xffffffee][0xffffffb4][0xffffffb5][0xffffffd3][0xfffffff9]N[0xffffffab]W[0xffffff8d][0x19][0xffffff9e][0xffffffec]H3c[0x7][0xffffffdb]8rPP41[0xffffffff][0xffffff83][0xffffffd2]j[0xffffff91]F[0xffffff8a][0xffffffca]B[0xffffff98][0xffffffeb]>[0xffffffdc][0xffffff98]Y<[0xfffffffb][0xffffffec]+[0xffffffe7][0xffffffc6]v[0xffffffa7][0xffffff95]^7][0xffffffcd]M[0x1a][0xffffff8b][0x10][0x10]|T[0xffffffab][0x15]u[0xffffffc0]b[0xffffffc9]k[0x15][0xffffffe4][0xffffffb6][0xffffff9a][0xffffffb8]p[0x7f][0xffffffc4][0xffffffb4][0xffffffe6]J[0xfffffffa]"a[0xffffffdf] [0xffffffc0][0xffffffcf][0xffffffc4][0xffffffdf]#[0xffffffdc]K[0xffffffa4][0xfffffffc][0xffffffe8]([0x7][0xffffffcc][0x9][0xffffffe6]4[0xfffffff0][0xffffff96][0xffffffdb][0xffffffc1][0xffffffc3][0x1b]m[0xffffffcd][0xffffffa1]=[0xffffffd7][0xffffffab].[0xffffffed][0xffffffcd][0xffffffb2]+[0xffffffd4][0xfffffff1][0xffffffa7][0xffffffd6]A[0x19]ul[0xffffff9e][0xffffffed][0xffffffbd][0xffffff93]|[0xffffffa2]*[0xffffffea]iZ;[0xffffffc4][0xffffffea][0xffffff9c][0xffffffe5]]i1[0xffffffec]F[0xffffffac][0xfffffff8][0xffffffaf][0x14][0xffffff85]5Wm[0x3][0x14][0xffffffe7][0x10][0xffffffcd]x(&?##[0x4][0x12][0xffffffa3][0xfffffff3][0xffffffbd][0xffffffc4]H[0xffffff9b][0xfffffffe][0xfffffff4][0xffffffa7][0xffffffe0][0xffffffdf])[0x18]q[0xffffffa0]O7n[0xffffff9f]xG[0xffffffd3]Lq[0xffffffbe][0x1c]([0xffffff88]j[0xffffff9d][0xffffffee][0xffffffbe]9x[0xffffffee][0x10]$[0xffffffea]||[0x7f][0xffffffd8][0xfffffff2][0xffffff95][0xffffff84]u[0xffffffa0][0xffffffc2],x[0xffffffd6]p[0xffffffdb][0xffffffef][0xffffffa1]3cy[0x13]q[0xfffffffc]K[0xffffffba]#`#[0xffffffa1]wS[0xfffffff5][0xffffffdb]8[0x4][0xffffffcb]g0c[0xffffffcc]v*H[0xffffffe1][\r]7[0xffffff92][0xffffffdc]/[0xfffffffa][0xffffffaf][0x10][0xffffff9f]/[0x1a]>[0xffffff9d][0x5]*[0xffffffac][0xffffffd9][0xffffffb2]L[0xffffffed][0xffffffd3]7b[0xffffffde][0xffffffe0][0xffffff84][0x7][0xffffffda][0x11]![0xffffff9c][0x6][0xffffff8a][0x1a][0xfffffffb]R[0xffffff91][0xffffffe2]Yn[0x5][0xffffff93][0xffffffbc][0xffffffbd]B[0xffffff84]5T[0xffffff84][0xffffffac]o[0xffffff85]iL[0xffffffa6]/([0x1e][0xffffffad][0xffffffac][0xffffffe9]bD[0xfffffffa]D[0xffffffd9][0xfffffff9]WT0[0xffffffaf][0xb]V[0xffffff91]<[\n]"
08:05:03.607 [main] DEBUG com.github.dockerjava.zerodep.shaded.org.apache.hc.client5.http.wire -- http-outgoing-2 << "t+[0xc]G[0xffffffdb][0xffffffed][0x1f][0xffffffd5][0xffffffc4][0xffffffa0][0x19]5dO[0xffffffa6]C7u-[0xffffff85][0xffffffa2]J[0xffffffec][0xffffffb1][0xffffff9c][0xffffffc9][0xffffffac]X:[0xffffff80]b[0xffffff9e]3[0xffffffba][0xffffffe3][0xfffffffe][0xffffffd6]1[0xffffffcc][0xfffffffb][0x9]?[0xffffffa8][0xffffff9c]O[0xfffffffe][0xffffffa3][0x1a]9F[0xffffff95]b[0xffffffee]/[0xffffffd1]>&[0x10][0xfffffff5]W[0xfffffff5][0xffffffca]up[0xffffffee]8uj[0xffffffa8]:[0x8]1[0xffffff81]pw=[0xfffffffa][0xffffff93][0xffffffe4]u[0xffffffc0]AS2[0xffffffb8]([0xffffffe3]@'[0x16]\[0xffffffc3][0xffffffe4]$[0xffffffe2][0xfffffff2]B'[0xffffff89][0xffffffe0][0xffffffa3]W[0xffffffb7][0xfffffffc]/[0xffffff96][0xffffffd2][0xffffffa7][0xffffffad][0xf][0xffffffff][0xffffffe3][0x5]7s[0xffffff94][0xffffffde][0xffffff9b][0xffffffc4]x[0xffffffaf][0xffffffe9][0xffffffed][0xffffffb2]$j[0xffffff95]88>[0xffffffeb]9[0xffffffc4][0xffffffdb]][0xffffffe2][0xffffffa6][0xb][0x19][0x2][0xffffff80][0xfffffff0][0xffffffbd]d[0x7f][0x1c][0xffffffdf]$[0xffffffa6]bf[0xffffffb9]v[0xffffff88][\n]"
08:05:03.607 [main] DEBUG com.github.dockerjava.zerodep.shaded.org.apache.hc.client5.http.wire -- http-outgoing-2 << "[0x7f][0xffffff9d]kT[0x7f]*[0x4][0xffffffd8][0xffffffa1]h[0xffffff85][0xffffff84]b[0xfffffff3][0xffffffff][0xffffffd0][0xf][0xfffffffa]ZGhv[0x1c]5[0xffffffd9][0x10][0x7][0xffffffaa][0xffffffee][0x1b][0xffffffaf]M[0xffffffa4][0xffffffd2][0xffffffa4]![0xffffff8e]#$[0xffffff95][0xffffff8c]*v[0x19]Z[0x17][0xffffffa4]SQpC[0xfffffffd]8[0xffffffd0][0xffffffc1][0xffffffe8]W[0xffffffaa]?^@[0xffffffc3][0xffffff94]Z7[0xffffffd0][0xffffffca]e3[0x19].![0xffffffbc]9[0xffffffff][0xffffff95][0xffffffd3][0xffffff88][0xffffffac][0xffffff86][0xffffffbe]x[0xffffff84][0xffffffdd]_[0xffffff8a][0xffffffc1]?K[0xffffff98]J~uT[0xffffffd5][0xfffffff3]C[0xffffff9c]}[0x2][0xffffffb0][0xffffff98][0xfffffff2]z:[0xffffffb6]H[0x1b]:[0x3]@[0xf][0xffffffb1]4[0x12][0xffffffcc][0xffffffe1]?8[0xffffffcf][0xffffffd7][0xffffff84]R[0xffffff95]4[0xffffffc2][0xffffff82][0xe][0xffffffbb][0xffffffdc]O[0xffffffcf][0xffffffad]|D7[0xffffffa3]q:[0xffffffdc]@[0x1e][0xc][0xffffff8e][0xfffffffc][0xfffffffa][0xffffffde][0xffffff8b][0xffffffdd][0xffffff9e][0x2][0xffffffd0][0xffffffe5][0x1][0xffffffad][0xffffffd6][0xffffffae][0xffffffec][0xffffff86][0xffffffcd][0xfffffffd][0xffffffdc][0xffffffa7][0xffffff86]{[0x1d]T[0xffffffdf][0xffffffd5]m[0xffffffd2][0xffffffb0][0xfffffffe]^7[0xffffffd2]$[0xffffffd6][0xffffffc6][0xffffff8a]%[0xfffffffe][0xffffffff]Q[0xffffff85][0xffffff80]R[0xfffffff2][0xffffffb2][0xffffffbb]d[0xffffffe7]p[0x18][0xfffffff5][0xffffff93][0xffffffe2][0xffffffcd][0xffffffb2][0xffffffda][0xffffffbc][[0xffffff92][0xffffffb2][0xfffffffa][0x17][0xffffff93][0xfffffffe][0xffffff9f]:[0xffffffb3][0xfffffff5]t[0x4][0xffffffaf][0x12][0xffffffe0]&[0xffffff96][0xffffffbc][0xffffff95]2U[0xffffff9a][0xffffffa1][0xfffffffe][0xffffff8b]$[0xffffffeb][0xffffffa0]X[0x1d]79e[0xfffffff9][0xffffffe7][0xfffffff6][0xffffffe7][0xffffff9d][0xffffffa6][0xffffffaf]x[0xffffff84]St[0xffffff98][0xffffffea][0x2][0xffffff92]+e[0xfffffffe]-[0xffffffbe][0xffffffb6][0xffffffa6][0xffffff86][0xffffff85]J[0xffffff80]c[0x5]0=Q![0x1e][0xffffffa5][0xffffffd5][0xffffffec][0xffffffad][0xfffffffb]kFf[0xffffff9c][0xffffffa1]g[0xffffffcc][0xffffffb3][0xffffffb7] [0xffffff9f][0xffffffe2][0xffffffeb]X[0xfffffffb][0xffffffcd][0xffffff8c]C%[0xffffffe9][0xffffff96][0xffffff87]R}[0xffffffb4][0x1c]f[0xffffff99]'[0xffffffe4]}![0xffffffd2]E[0xffffffa4]&2)[0xffffffb7][0xffffffb0][0xffffff8f][0xffffffb8]/[0xffffff81][0x2][0xffffffce][0x13][0xfffffff1][0xffffffc4][0xffffff9d]yt[0xffffffdb][0xffffffe8][0xffffffac][0xffffffef][0xfffffffd][0xffffff9a][0xffffffb9][0x16][0xffffffdc][0xffffffb1][0xffffffe3]s][0xffffffe0][0xffffffb1][0xffffffc0][0xffffffd3][0x17][0xffffffbc][0xffffffa2]X[0x8][0xffffffa7]\[0xffffffdf][0xffffffb3][0xfffffff7][0xffffff8d]JV3OMv[0x1a][0xfffffff6][0xffffffcf][0x15][0xffffffc6][0xffffffee]V[0x15][0xffffffe8][0x11]!0'[0xffffffcd][0xffffffd1]K[0x14][0xffffff82])[0xffffffd5][0xffffffde][0xffffffb3]r~T7[0xffffffc7][0xffffffff][0xffffffee][0xffffffc4]g[0xffffffc5][0x10]#[0x6]O[0xffffffe6]+[0xffffffa9][0xffffffa6][0xffffff94][0xffffffa4]QGf[0xffffffe3]o[0xc]L[0xffffffdf][0xb][0xffffffe0][0xffffff8a]][0x1][0xffffff8d][0xffffffe0][0xc][0xfffffffa]^q[0x14][0xfffffff6][0xffffffc9]@9[0xffffffeb][0x12][0xffffff91]UXz[0xe][0xffffffcf]S[0xffffffcd][0xffffffc2][0xf][0xfffffffe][0xfffffff9],[0xffffffdd]4[0xffffffc8]8{[0xffffffac][0xc][0xffffffaa][0xffffff81]/O[0xffffff8f][0x16][0xffffffe4][0xffffffb1][0xffffff81][0xffffffe4]6[0x15][0xffffffea]8[0xffffffb0][0xffffffa1]i&[0xffffff83]J[0xffffffbc][0xffffff92]E[0xffffffd8][0xfffffffb]>[0xffffffba][0xffffffc0][0xffffffa3][0xffffff9a][0xffffff95][0x0]w[0x7f]d:[0xffffff83][0xffffff88]M[0x6][0xffffff91][0x12][0x1a][0x12]R[0xffffffa0][0x13]9,%V[0xffffff83]25n[0xffffff99][0xffffffe6].rt[0x12]5v[0xffffff87]A.<{Y[0xffffff9d][0xffffffe0][0xc][0xffffffbe]0[0xffffffcf][0xffffffff]/[0xffffffe0][0xffffffdb][0x17][0xffffff8e][0xffffffd9]x[0xffffffec][0xffffff99][0xffffffba][0x1a][0xffffffc9][0x7]A[0x1b][0xffffffe4][0xfffffff2] [0xffffffd2]Q8V[0xffffffd4]l[0xfffffffc]B[0xffffffdd][0x1f]?6[0x1f][0xffffffb0][0xffffff85][0xffffffb7]jp[0xffffff85][t[0x9][0xffffffad]ce,w:d[0xffffffda]~[0xffffffa5][0x18][0xffffffb3]|[0xffffff90][0xfffffff7][0xffffffee][0xffffffc4]Sf[0xffffff94]D[0xffffffe9]i[0xffffff89][0xffffffd2]#t5[0xffffff8a]})i[0xffffff8b]~[0xffffffa8][0xffffffb4][0xffffffa2]Z[0xffffffb5][0xffffffa0]H[0xffffff9e][0xffffffa9]22[0xffffff87][0xffffff84][0xffffff9f]v[[\n]"
08:05:03.607 [main] DEBUG com.github.dockerjava.zerodep.shaded.org.apache.hc.client5.http.wire -- http-outgoing-2 << "[0xffffffd0]tDt[0xffffffdd]XC9O[0xffffff86]C[0xfffffff4][0xffffffb3]B[0xffffffee]5k[0xffffffa1][0xffffff8d];[0xffffffd1][0xffffffcb]E[0xfffffff9][0xffffffc8]6[0xffffffd7]D[0xfffffff2][0xb][0x11]jk[0x17][0xffffff8e][0xffffffb1]'b`[0xffffffb9][0xffffff88]E[0xffffff81][0xffffffd6][0xffffff8c]a[0xfffffff5][0x16][0xffffffa2][0x2][0xffffffe8][0xfffffffb][0x11][0xe]"Z[0xffffffde][0xffffff96][0xffffffb5][0xffffffae]`[0xffffffc5]7Wb[0x1a][0xf][0xffffffe3][0xffffffa8]a"[0xffffffe6]o[0xfffffffb]g[0xffffffc3][0xffffffa4]'#[0xffffff8d][0xffffff9f][0x12][0xffffffcc]m[0xffffffc0]/[0xffffffaa][0xffffffaa][0xffffffea][0xffffff9a][0xffffffb1][0x3][0x5][0xffffffe7]O[\r][0xffffffc9]'[0x9][0x1f]}[0xffffffe1]xw[0xb]zbG`[0xfffffff2][0xffffffb3][0xffffffe1][0x1d]m[0xfffffff6]@[0xc][0xfffffffd][0xfffffffe][0xffffffc5]@7[0xffffffcc]o[0xfffffffb][0x0][0xfffffff9][0xffffffb5][0x1b]z_[0x1d][0xffffffe2][0xffffffc9]}p[0xffffffa8]-[0xffffffb1][0x1d][0xffffffe1][0xffffff9a][0xffffff83]4[0xffffffd4][0xffffffed][0xffffff9a]![0x18][0xfffffffd][0xffffffa2]n[0xffffffbd][0xffffff83][0xffffffb7]Y.[0xffffffad][0xffffffe2][0xffffff82][0xffffff83][0x12][0xffffff91]}[0xffffffe8]ns8[0xffffffac][2[0xc][0xffffff9c][0xffffffd1]J[0xffffff89][0xffffffe7]sfFl|[0xffffffc8]([0xffffffa1])[0xffffff95][0xffffff89][0xfffffff4]N[0xffffff89][0xffffffe5][0xffffffbc][0x13][0xffffffbc]e[0xffffffcb][0xffffffe9][0xffffff82]k1[0xffffff97]m[0xffffffe2]u[0xffffffc1]FB<[0xfffffffb][0xffffffa7][0xffffffe4][0xffffff9d]S[0xffffffb4][0xffffff83][0xffffffc2][0xffffffcc][0xffffffa2][0xffffffc1]o$T?[0x1c][0xffffffff][0xfffffffe]M[0xfffffff5][0x1a][0xffffffd9][\n]"
08:05:03.607 [main] DEBUG com.github.dockerjava.zerodep.shaded.org.apache.hc.client5.http.wire -- http-outgoing-2 << "[0xffffffcd][0xffffffa1]$[0xffffffac]d/]P[0xffffff8d][0xffffff88][0xffffffaf]6[0xffffff94][0xffffffbe][0xffffff80]P[0xffffffcd]!z[0xffffffce][0xffffffe3][0xffffff9f]1[0x19][0xffffffb3][0xfffffff6]\u{H^C[0xffffffb7][0xffffffb7][0x0]Z)u[0xffffffd4][0xf][0xe][0xffffffda][0xfffffffd][0xffffffc2][0xffffffd4][0xffffffc7][0xffffffc3][0xfffffff2]`PY[0xffffffc7][0xffffffef][0xfffffffe]ob[0xffffff87][0xffffff8d][0xffffffe9][0xffffffe0][0x7f][0xffffffc5][0x19][0xffffffbc]"
08:05:03.608 [main] DEBUG com.github.dockerjava.zerodep.shaded.org.apache.hc.client5.http.wire -- http-outgoing-2 << "^[0xfffffffd][0xfffffff7][0xfffffff6][0xffffffeb][0xffffff9c][0xffffff97]{ni[0x10][0xfffffffe]mM[0xffffffae]x[0xffffffc6][0xffffffe7][0xffffffd1][0xffffffbd][0xffffff91][0xffffff87][\n]"
08:05:03.608 [main] DEBUG com.github.dockerjava.zerodep.shaded.org.apache.hc.client5.http.wire -- http-outgoing-2 << "[0xffffffc0][0xffffffd4][0x10]/[0xffffffc4]b(<[0xffffff99][0xffffffd7][0x1e][0xffffffec][0xffffff91][0xffffff9a] `[0x7][0xffffffe8][0xffffffa4][0xffffff8d][0xffffffcf][0xffffffc8]![0xffffffb5][0xffffff89][0xffffffe5][0xffffffe4][0xffffff90]/[0xffffffdf][0xffffffa3]7[0xe][0xffffffb9]g[0xffffff96]g[0xfffffff2]g[0xffffffad][0xffffff94]K[0xffffffb9]Mw[0xffffffb9][0xffffffdb][0xffffff86][0xffffff94][0xffffff99]'[0x1f]J[0xffffff81][0x7][0xfffffffc][0xffffffb5][0xfffffff0]>Zi[0xffffffb2][\n]"
08:05:03.608 [main] DEBUG com.github.dockerjava.zerodep.shaded.org.apache.hc.client5.http.wire -- http-outgoing-2 << "&[0xffffff96][\n]"
08:05:03.608 [main] DEBUG com.github.dockerjava.zerodep.shaded.org.apache.hc.client5.http.wire -- http-outgoing-2 << "[0x18][0xffffffef][0xffffff88]w'[0xffffffc7]s[0xffffffd8][0xffffffb4]<K[0xffffffe7]([0xffffffe5][0xffffffa7][0xffffffef][0xc]9W[0xffffff8a]}[0xffffffcc][0xffffff92][0x1][0xffffff98][0x1d][0xffffffd6][0xffffff8e][0xffffffbe][0x0][0x17][0xfffffff3][0xfffffff0]U[0xffffffb0][0xffffffa4][0xffffffe2][0xffffff99]=[0xffffffb0][0xffffff89]b[\r][\n]"
08:05:03.608 [main] DEBUG com.github.dockerjava.zerodep.shaded.org.apache.hc.client5.http.wire -- http-outgoing-2 << "[0xffffffa2][0xffffffaf][0xffffffe4][0xffffffc9]g0[0xffffff82][0xffffffef][0xffffffb8]y[0xffffffae]K4[0xffffffac][0x9][0xffffff8f][0xffffff96][0x18]Gvc[0xffffff8e][0xffffffaf][0xffffff91][0xffffff90][0x18]g[0xffffffd6][0xffffffd9][0xffffffcb]L[0xffffffbc][0xffffff99]`[0xf][0xffffffa7][0xffffffde][0xffffffea]&5[0xffffffd9][0xffffffcb][0xffffffba][0xffffff9a]8[0xffffffd0][0xffffffb2]R[0xffffffa6][0x14][0xffffffd2][0xffffffc2][0xffffff9a]b[0xffffffbc][0xfffffffa][0xfffffff5][0xffffffdf][0xffffffc5][0xffffffc9][0xfffffffe][0xfffffff4][0xffffff9a]K%[0xffffff95]i[0xffffffc7][0xfffffffc][0x4][0xffffffb8][0xfffffff1]Q[0x4]&'[0xffffffa9][0x10][0xffffff93][0xffffffe2]R[0xffffffce]xr[0xffffffe9]+[0xffffffb7][0x13][0xffffffbf][0xfffffff9]e[0xffffffa0][0xffffffc3]d[[0xfffffffe][0xffffffff][0xffffff93][0xffffffed][0xffffff87][0xffffffde][0xb][0xffffffe2]*0.r!+[0x9]_"[0xffffffc2][0x6]N[0xffffffa1]CCZU[0xffffffff][0xffffffa2][0xffffffd8]J[0xffffffd0][0x16][0xffffff9e]![[0x1d][0xffffffb0].[0x4][0xffffffbc][0xffffffa8]M[0xffffff8e][0xffffffe9][0xffffffb7][0xffffffcf]*[0xffffffb7][0xffffffe6][0xffffffad]4[0xfffffff3][0xffffff90]oG|N}[0xffffffa6][0xffffffcf][0xffffff9f][0xffffffb5]U[0xffffffa7][0xfffffff8][0xffffffa3][0xffffff8d]gu[0xffffffaf][0x7f][0xfffffff2][0xfffffff9]p[0xffffffca]"[0xffffffc5][0xffffffc8]d][0xffffffa0]P[0xffffff91]T[0x12][0x13][0xffffffe3]Rm>[0xffffffe8]r.[0xffffffbb][0xffffffae]f+[0xffffff89]j[0xfffffff0]H[0xffffff9d][0x1f]2P[0xffffffdf]_o[0xffffff9a][0xffffff84]S[0x10]`E[0xffffffcf]lD[0x13][0xffffffbd]mL[0xffffff87][0xfffffff5]R[0x1b][0xffffffd7]&[0x1f][0xfffffff4]Lc[0xffffffc3]Q[[0xffffffd5][0x10]D@6[0xffffffc9][0xe][0xffffffbc][0xffffffe6][0xffffffe8][0xffffff96]E[0x1e][0x19]I[0x7]oZ[0x19][0xffffff92])[0xffffff90][0xffffff80][0xffffffd2][0xc]f+[0xfffffffa][0xffffff8f]oz[0xffffffbf]7[0x7]Y[0xffffff87]LT[0xffffff9f]|+[0xfffffff1]H[0xffffffb3][0xffffffa1][0xfffffff9]1O[0xffffffcc][0xffffff85][0xffffff9c][0xffffffdb][0x1e]?[0xffffffcc][0xffffffcc][0xffffff9d][0xffffffdf][0x0]7[0xffffffc9];Dow[0xffffffb0][0xffffffa0][0xffffffea][0x1a][0xffffff95]6q[0x17]o[0x1c][0x11]i[0xffffffe7]1[0x4][0x1f]t[0x7][0xffffffce][0xfffffff7][0xffffffa8][0xffffffc3][0xffffff9f][0xfffffff7]nu[0xffffffe1][0xffffffed][0x1e][0xfffffff0][0xffffff8e]|[0xffffffdc][0xffffffa5][0xffffff8e][0xfffffff8][0x1][0xffffffb1]mX[0xfffffffd]jC[0xffffffca][0xffffffcb][0xffffffd4][0xe]([0xffffff94][0xffffffa0][0xffffff83][0xffffffa6][0xfffffff5]d[0xffffffef]S[0xffffff99][0xffffff90]Dn[0xffffffc0]m[0xffffffad][0xffffffc1][0xffffffb9][0xffffffe5][0xe]([0xffffffba][0xffffff85][0xffffffe6][0x3][0xffffffaf][0x3]>R[0x3] [0xffffffb8][0xffffffd8]I[0xfffffff5]6[0xe][0xffffff86][0xffffffc7][0xffffffa4][0xffffff98][0x1a][0xffffffb9][0xffffffe8]v, f[0x1e][0xffffff8a][0xffffff99][0xffffff80](Bh[0xffffff88]Y)[0xffffffd0][0x12]I[0xffffffc3][0x1d]C[0xffffffcf][0xffffffbd][0xffffffce]^*=[0xffffffb1]T[0x7][0x3][0x6]|[0xffffff8e][0x16][0x19]X\6[0x7][0xffffff88][\n]"
08:05:03.608 [main] DEBUG com.github.dockerjava.zerodep.shaded.org.apache.hc.client5.http.wire -- http-outgoing-2 << "[0xffffff84][0x8]Z[0xfffffff9][0xffffffb9]K[0xffffffe8][0x17][0xffffff86][0xe][0xffffffa0][0xffffffc4]=[0xffffffb6][0xc][0xffffffba][0xffffffa4][0xffffffae]X}X[0xffffff87][0xffffffe3][0xf],[0xfffffff5]$[0xffffff8e]mq[0xffffff85][0xffffffab][0xffffffae]&[0x16][0xffffff99][0xffffffb6][0xffffff86][0xffffff8b][0xfffffff8][0xffffffc1][0xffffff9d][0xffffff94][0x9]([0x1][0xffffffe8]Q6[0x11]r[0xffffff9f][0xffffff8c][0xffffffe0][0x1c][0xffffffcc][0x6][0xffffff82][0xffffffb6][0xffffffbe][0xffffffcf][0xffffff87][0x2]u[0xf]k[0xffffff81]02[0xffffffba]@8[0xffffffa4]:?[0xffffffe3][0x1f][0xffffffe0]sS[0xffffffff][0xffffff94]4+[0xffffffdb][0xffffffda]?i[0xffffffb0]mz[0xffffffe3][0xffffff99][0xffffff83][0xffffffe5]<[0x1d][0x13][0x11][0xffffffa9][0xffffff93][0xffffffbc][0xfffffff7]K[0x1d]"-[0xffffffd7][0x1e][0xffffffaf]|[0xffffffaa][0xfffffffc])[0xfffffff2]$[0xffffffca][0xffffffa9][0xffffffe5]![0xffffff93][0xffffff83][0xffffff85]sd\[0xe][0xffffffef][0xffffffd7][0xffffff9c][0xffffffdf]W[0xffffffd1][0x17][0xffffffda][0xffffffbc][0xffffff8e][0x2]B[0xffffffa0][0x15]Y[0xfffffffa][0x19][0xffffffca][0xf][0xffffff8c][0xffffffca][0xffffffd1]'A[0xffffffea]uG[0xffffffd8]R[0x8][0x0][0x7]u[0x13]Y[0xfffffffb][0xffffff9f]6[0xfffffffc][0xffffffaa]r[0xffffff8c][0xffffffd2][0xffffffbf]4W[0xffffff9b][0xfffffffc][0xffffffd5][0xffffff9d][0xffffffff][0x6][0xfffffff0]9r_[0xffffffd0][0xffffff89] [0xffffffb0][0x1]9[0xfffffff0]#)@+[0xffffffd2]Dqn[0xffffffd9][0xfffffff1][0xffffffaf][0xffffffd0][0xffffffa2]f[0x16][0xffffff88][0xffffff9d]3a[0xc][0xffffff81]bS[0xffffff92]v[0xffffffcd][0xffffffe3][0xfffffff9][0xffffffbb]"n`[0xfffffffc]e!:[0xffffff89]N[0x15][0xfffffff6]H[0xffffffe4][0xffffffe3]#[0xffffffab][0xe][0xffffffda][0xffffff93][0xffffff8a][0xffffffd7][0xfffffffa]6[0xffffff96][0x2][0xffffff93][0x4][0xffffff82][0xffffffe7]([0xffffffe1][0x12][0x0][0xffffffbd][0xffffffc2]?[0xffffffd0][0xffffff8a]l%[0xffffffa6]V[0x7f][0xffffffb4][0x10]\ 8j[0xffffffe5][0xffffffbf][0xffffffac][0xffffffaa]'[0xffffffeb][0xffffffe9][0xffffffc5][0xffffffd3][0xffffff97][0xc])[}C[0x1f][0xffffff8e]O[0xffffffbc][0xffffffa8][0xffffffbe]D[0x7][0xffffffdb]&& [0xffffffc5][0xffffffa2][0x11][0x8]Y+:h[0xffffffcb][0x3]H[0xffffffaf]N[0x14][0xffffffee][0xffffff8a][0xffffff97]o[0xffffffb1][0xffffffc5]tN[0xffffffae]94I[0xc]D[0xffffff8e][0xffffff92][0xffffffbd][0xffffffa2]j[0xffffffb0]0tD[0xffffffc8][0x7][0xffffff88]Y[0xffffffab][0xffffffec][0xffffffb3]~c[0xffffffd1][0xffffffdb][\r][0xe][0xffffffa0]ukh[0xf][0xfffffffe][0xffffff9b][0xffffff89]dw[0x19][0xfffffffe]zqa[0xfffffff0][0xffffff96][0xffffffea][0xfffffff9][0xffffffdb][0xe][0x3][0x1f][0xffffff96]Wdj[0xfffffff9][0x12][0x18]C[\r][\n]"
08:05:03.608 [main] DEBUG com.github.dockerjava.zerodep.shaded.org.apache.hc.client5.http.wire -- http-outgoing-2 << "6064[\r][\n]"
08:05:03.608 [main] DEBUG com.github.dockerjava.zerodep.shaded.org.apache.hc.client5.http.wire -- http-outgoing-2 << "T[0xffffffbd]S[0xffffff8c].[0xc][0xffffffb0][0xffffffb4][0xfffffffb][0xffffff8e]mc[0xffffff8d]m[0xffffffdb][0xffffffb6]m[0xffffffdb][0xffffffb6]g[0xffffffd6][0xffffffd8][0xffffffb6]m[0xffffffac][0xffffffb1]m[0xffffffdb][0xffffffb6][0xffffffed][0xffffff93]/[0xffffffe7][0xffffffdf][0xffffffc9][0xffffffde]}[0xffffffdb][0xffffffe9]J*]u[0xfffffffd]$[0xffffff9d][0xffffffc9][0xffffffa2][0x10][0xffffffeb][0xfffffff0]QH[0x4][0xffffffcd][0xffffffb6]a[0xffffffc3][\n]"
08:05:03.608 [main] DEBUG com.github.dockerjava.zerodep.shaded.org.apache.hc.client5.http.wire -- http-outgoing-2 << "T[0xffffff8b][0xffffffdf]S}[0xffffffa4][0xffffff89][0xffffffda][0xffffffb9][0xfffffff0][0xffffffe4]T[0xffffffc2]hb7[0xffffffe2]7D4KQ[0xffffff9a]8Zp[0xffffffc2][0xfffffff8]%[Y[0xfffffff3]7[0xfffffff8]Zw[0xffffff92][0x8][0xfffffff0][0x1a][0xffffffad][0xffffffb5][0xffffffb4][0x0]W[0xffffff8e][0xffffffb5]./r"[0xffffffa6][0xffffffaa][0xffffffb0][0xffffffc0]U[0xffffff94][0xffffffa6][0xffffffe7]a[0xffffffd7].[0xffffffa5][0xffffffe2][0x2][0xfffffff8][0xffffff92]vP[0x1e][0xffffff85][0xffffff85][0x6][0xffffff92][0xffffffd9]/[0xb]r[0xffffffdc][0xffffffee][0xffffffd4][0xfffffff0][0x1d][0xffffffa3][0xffffff88][0xffffffeb][0xffffffe4]SH[0xffffff91] [0x10][0x19]J[0xffffff87]K[0xffffffe0][0x3]Q[0xffffffc9][0xffffff89][0xffffffd6]g[0xffffffce][0xffffffb5][0xffffffb4][0xffffffcf]V[0x7f][0xffffffbb][0xfffffff9] [0xffffff9a][0xffffff9a][0xffffffe1][0xffffffd0]q[0x1][0xffffff94]H[0x1][0xfffffffb][0x4][0xfffffff1][0xffffffec]&[0xffffffbb][0xffffffa2]p[0xffffff9e][0xfffffffe][0x7]|_8[0xffffffa2][0xffffffcc][0xffffff84][0xffffffb6][0xfffffffc]eG[0xffffffc7][0xffffff8b]:[0x1]Fl[0xf][0xffffffc6]a9A[0xffffffb4]J$[0xffffffcb][\r]*[0xffffffee][0xffffffcc]o[0xffffff81][0xffffff93][0xffffffa4][0x7f][0xffffffc3] [0xffffff87][0x4]m[0xffffffa7][0xffffffd2][0xffffffb3]6[0x12][0xfffffff5]Z[0xffffffb0]4lsOE{[0xffffffe5]B[0xffffffc8][0xffffffe5],[0xffffffc9][0xffffffb4]K[0x5][0x17][0xffffff93][0xffffff99][0xffffffa9][0xffffffa7][0xffffffee][0xffffffa5][0xfffffffd]pZ4[0xffffffe4]q[0xffffffa1]e@[0xfffffff4]^[0xffffffcc][0x15][0xffffff9c][0xffffffc2][0x5]R[0xffffffb7]!r[0xffffffc7][0xffffffaf]m[0xffffffea][0x5][0x6]Q[0xffffffa1]H[0xffffff8f][0xffffffec]2[0xffffffd8]_[0xffffffd1]o[0xffffffa6][0xffffffa8][0xffffff9a][0x0][0xffffffaa][0xfffffff3][0xffffffaf]g[0xffffffce][0xffffffc8][0xfffffff9]D"*[0xffffffe3]v[0xfffffff8]u[0xffffffab][0xffffffad]R[0xffffff81][0x1d]Z[0x14][0xffffffed][0xffffffad][0x12][0xffffff9d]O[0xffffff87]Z[0xb]U[0xffffffc0][0xffffffbf][0xffffffb7][\r]z[0xffffffc7][0xffffffff]l[0xffffffcc][0xc]T[0xffffffb5]:[0xffffffb1]W[0xffffffc2][0x7f][0xffffffbb][0x8]CO[0xffffffb7][0xffffffe1][0xffffffdb]2o [0xffffff94]{[0x6][0xfffffff4][0xffffffa6][0x11][0xffffffb1][0x11][0x7][0xffffffb2][0xffffffa7]6F[0xffffffd1]}[0x19][0x16][0x13][0xffffffb0][0x5]z[0xfffffff3]Sm[0xffffffb8][0xffffff9e][0xfffffff8][0xffffffcc]?/[0xb][0xffffff95]?[0xffffffa2]C[0xffffffe0][0xffffff9c]`[0xffffffb8][\r]C[0xffffffdf]![0xffffffe9]"m[0xffffffbf]SH[0x1e][0xffffff9b][0xffffffb4][0xffffffd0][0xffffffcb]K[0xffffffa6][0xffffffcb]J*_a[0xffffffaf]aJq[0xfffffff9]=[0xffffffe6][0xffffffe1]%[0xffffff9b]]|<W[0xffffffdc][0x1c]w[0xffffffef][0xfffffff9]ZOQ[0xffffffd7]+[0xffffff9e][0xffffffa3][\n]"
08:05:03.608 [main] DEBUG com.github.dockerjava.zerodep.shaded.org.apache.hc.client5.http.wire -- http-outgoing-2 << "[0xffffffbe],,[0xfffffffa]|[0x1d][0xfffffff6][0xffffffb2]:[0xffffff82]1A[0x1a]mV[0x12]@[0xffffffb7]?[0xffffff9f]W[0xffffffd1]?r[0xffffffe2]37VL[0xffffffbb]S[0xffffffc4] [0xffffffb2]v[0xffffff95][0xffffffd4]'[0xffffff8e][0xffffff9d][0xffffffba]v[0xffffffb7][0xffffffc1]%'[0xffffff9d]%[0xffffffb2]Q[0xffffff96]_=c) [0xfffffff0][0x16]N[0xffffffc1][0xffffffb6][0xffffff80]i[0xffffffe1][0xffffffcf]S[0xf][0x8][0x1f]T,N[0x1c][0xffffff81][0x10]n[0xffffffd8])[\n]"
08:05:03.608 [main] DEBUG com.github.dockerjava.zerodep.shaded.org.apache.hc.client5.http.wire -- http-outgoing-2 << "[0x7][0x13][0xffffffb1]9!``m[0xfffffff9][0xffffffa4][0xffffffc2]+6F~i[0xffffffee][0xffffffc1]WW[0x1a] [\n]"
08:05:03.608 [main] DEBUG com.github.dockerjava.zerodep.shaded.org.apache.hc.client5.http.wire -- http-outgoing-2 << "[0xffffff95][0x17][0xffffffc0][0x1a][0xffffff9e][0xe]P[0xffffff95]V[0x1f][0x12]-~[0xffffffd5][0xffffffe8][0xfffffffb][0xffffffe5][0xffffffc0]a[0xffffff82]l[0xfffffffb][0xffffff80][0xffffff8a][0xffffff81]oD[0xffffffa2]-_[0x7f][0xfffffff7][0xffffffa2][0xffffffea]_W[0xffffffe3][0xffffffbb][0xffffffc3][0xffffffca]'[0xffffffd1][0xffffff80][0x1f][0xf][0xffffffb3][0xffffffb5].[0xffffffd5][0x15][0xffffffde][0xffffffe2]<[0xffffff96]H[0xffffff9a]K[0xffffffa1][0xffffffe7]K:~[0x1e][0xffffffd8][0xfffffff2][0xffffffd9][0xffffff83]a[0xfffffffe][0xffffffb9]V[0xfffffff4][0xffffff94][0xffffffde][0xffffffb3]^2E[0xffffffab][0xffffffa4]([0xffffffd1][0xfffffffb][0xffffffd4][0xffffffe3]7[0xffffffe5]YK[0xffffffe9]D[0xffffffcd][0x0][0xfffffff7][0xffffffc8]D[0xfffffffa][0xffffffb8][0xffffff87][0xffffffc5][0xffffffe6]3A[0xffffffb1]&[0xffffff8b][0xffffffee][0xffffffe5][0xffffffe4][0xffffffb3][0xffffffdf][0x1d][0x1a],[0xffffffba][0xfffffffe][0xfffffffc][0x8][0xffffffef]y6[0xffffffdc][0xffffffa2]CL[0xffffffe1][0xffffffc1]r[0xffffffa4]*[0xfffffffd]![0xffffffd6]e[0xffffffd7][0xffffffbc](y[0xffffffdb]5[0xffffffce]-ktxwh)[0xfffffff0]4\W[0xf]L[0xffffffbe][0xffffffc0][0xffffffaf][0xffffffeb]#[0x19][0xffffffd1][0xffffffe3]M[0xffffffbe][0xffffff85]05[0xffffffc1][0xffffffaf][0xffffffde][0x10][0xffffffd0][[0x1b][0xffffffb3]{[0xe][0xffffffb8]t[0xffffffb2]3_[\r][0xffffff9a][0xfffffff5]?[0x15][0xffffffa5][0xffffff8f])+~AG[0x1d][0x7f]8s,B[0xffffffe5][0xffffffcb][0xffffffed][0xfffffffc][0xfffffff0][0x10][0x10]t[0x2][0xffffffa5][0x17]B@[0xffffffa7][0xffffffca],}[\n]"
08:05:03.608 [main] DEBUG com.github.dockerjava.zerodep.shaded.org.apache.hc.client5.http.wire -- http-outgoing-2 << "[0xffffff9c][0xb]h"[0xf]l[0xffffffd4][0xffffffa3][0xfffffff7][0xffffffe8][0x1e][0xffffffc3]\[0xffffffe3]BP[0xffffff89]9[0xffffffc4][0x12][0xffffffef][0xffffffe3],X![0xffffff97][0xffffff95][0xffffff8e]h[0x11][0xe][0xffffffd3][0xfffffff0][0xffffffde]Hk[0xffffffde][0xffffff9e]e[0xffffff86][0xffffffff][0xffffffe8][0xffffff88]![0xffffffd8][0xffffff84][0xffffffc4][0xfffffffe]}5[0xffffffb6][0xfffffff1]q[0xfffffffb]h{[0xffffffd9][0x10][0xffffffc3]hc7[0xffffffc1][0xffffffd3][0xffffff9e][0xffffff95][0xffffffad][0xffffffaf][\r][0x1f][0xffffff8b][0xffffffc1]@r1[0xffffffeb]h(g[0x6]6r0[0xffffffc0][0xffffff9d][0xfffffff8]2![0xffffff99][0xffffffbc][0xffffffb7]ITA[0xffffffc3][0xffffffa3]\~[0x1c][0xffffff9c]H[0xfffffff5][0xffffffc9]gN[0xffffffdd][0xffffffe3]c[0xffffff86][0xffffffb6][\n]"
08:05:03.608 [main] DEBUG com.github.dockerjava.zerodep.shaded.org.apache.hc.client5.http.wire -- http-outgoing-2 << "&h[0xffffff8d]H[0xffffff85][0xffffffe6][0xfffffff2]][0x1f]([0xffffffec][0xffffff9f]][0xffffff80]F[0x19][0xffffffe5]+[0xffffff80]0[0x7]2n[0xffffffbe]N[0xfffffffa][0xffffffd1]N-([0xffffffbb][0xffffff8e]ga[0xffffff97]8[0xffffffa0][0xfffffff7]%M[0xffffff82][0xffffff84][0xffffffdd][0xffffffad][0x1a]`[0xffffff80] [0xffffffa7][0xffffffec][0xffffff8d][0x13][0xfffffff8][0xfffffff7]T34>CeP:[0xffffffd9][0xffffff8d][0xffffffd1][0xffffffcf]J[0xffffff8b][0x0][0xfffffff5][0xffffffe4][0xfffffffc][0xffffffd3][0xffffff97]A[0xffffffd4]O[0xffffffc8][0xffffffb8]SC[0xffffffb1]'[0xffffffd2][0x3][0xffffffe7];S[0x1a]A[0xffffff95][0xffffff9c][0xffffffd8][0xffffffc1]D[0xffffffe5][0x3][0xffffffa6][0xffffffb3][0x13]I[0xffffffef][0xffffffd6][0xfffffffb][0xffffffe1]}[0xffffffe0][0xfffffff7]v[0xffffffb8]p[0xffffff8d]l[0xffffff9d]@[0xfffffff4]arZ[0xffffffa9]aO[0x1d]{[0xffffffe5][0xffffff8f][0xffffff8c]-[0xfffffffe][0xffffffd7]gRxgS[0xfffffff9][0xfffffff8]^[0xffffffaf]+[0xffffffbf][0x1d][0xffffff9c]h[0xc]Y[0xffffffdd][0xfffffff0]Tf[0x16]m4[0xffffff96][0xffffff99][0x3]TB4[0xffffff87][0xffffffe6][0x10][0x9]k[0xffffffd7][0xffffffd7]j[0xffffffcf]P[0xffffffbb][0xffffffc2][0xffffffb3][0xffffffc5][0xffffff94][0xffffffef][0xffffffdb]o[0xffffffeb][0xf][0xffffffe0][0xffffffa8][0x7][0xffffffaf]X[0xffffffa6]Dt[0xffffffc7][0xffffff84]`[0x6][0x7][0xffffffa6]k[0xfffffffe][0xfffffff4][0xfffffffe]z8[0xffffff8a][0xfffffffd]S[0xffffff9b]}[0xffffffcb].$k[0xffffffa1][0xffffffe6][0xffffffa4][0xffffffc9][0xffffffa7][0x6][0xffffffc5][0xffffffd1][0xfffffff4][0xffffff82][0xffffffe2][0x13]Wo@"[0xffffffbf][0xffffff84][0x1e][0xffffffe5][0xffffff92]o%[0xffffffe0][0xffffff93][0xffffffca][0xfffffffb]~[0xfffffff4]o[0xfffffff1][0xfffffffe][0x1d][0x2][0xfffffff1][0xffffff8f]H[0xffffffb3]cs[0x1d],[0xffffffc8][0xffffffdb]0[0xffffffc4][0xffffffd3][0xffffffb4].[0x11][0xffffff87][0xffffff92]a[0xffffffda]T[0xffffff9d]N?(%[0xffffffbe]/[0xffffffd7]Jo@r[0xffffffe7][0xffffffc8][0xffffff9a][0xffffff97][0xffffff81][0xffffff8b]l[0xffffff90][0xfffffffd]o[0xfffffffb][\n]"
08:05:03.608 [main] DEBUG com.github.dockerjava.zerodep.shaded.org.apache.hc.client5.http.wire -- http-outgoing-2 << "[0xffffff95]%`[0xffffff87][0xffffffbe]F[0xffffff83][0xffffffae][0xffffff86] [0xffffffae][0xffffffee][0xffffffaa][0xffffffdf]~[0xffffffd1][0xc]Q[0xffffffe8]D[0xffffffd0]?[0xffffffff][0xffffff84][0x8]{6[0xffffff8a][0xffffffd8]Y[0xffffffa2][0xffffffef][0xfffffffd][0xffffffe9][0x9]L[0xffffffbd]"L;[0xffffffc9]S5l[0xffffffc6][0xffffffad]R[0xffffff8e][0xffffffe7][0x12]Tol[0xf]H[0xffffffbc][0xffffffc7]j[0xffffff93]Y[0xffffff83]=`[0x11][0xfffffff5][0xffffffb7]H[0x1b][0xffffff82][0x7][0xfffffffe][0xfffffffc]m0r[0xffffffab]6L[0xffffff9f][0xffffffb7][0xffffffdb][0x7f][0xffffff87][0xfffffffe][0x17][0x1b][0xffffffd4][0x7f][0xffffffe7]zp[0x4][0xffffffc1][0x18][0xffffffec]VDq<[0xffffffcd]`[0xffffff99][0x1d]<[0xffffffe0][0xffffff82][0xffffff87][0xffffffc9][0xffffff9e]>rK[0xfffffffb][0xffffffcf]][0xfffffff6][\r][0xffffffc7][0xffffffc1]N[0xffffffdf][0xffffffdf][0xffffff9c]b[0x7f]#Z[0xfffffff7][0x10][0xffffffd5][0xffffffd4]z[0xffffff82][0xffffffd6][0xffffff95]B%[0x13]6[0xffffffa6][0x19]L[0xffffffd0][0x8]g*(x7[0x3]d[0xfffffff1]8^[0xfffffffe]([0xffffff85][0xffffffb1][0xffffff87]"M[0xffffffb7][0xffffffbf][0x11]G[0xf][0xffffffbf][0xffffff89][0xffffff8a][0x14]3[0xffffff8f][0x10]yv[0x1d]9[0xffffffc4][0xffffff8a][0x9][0x1e][0xffffffcd][0xffffffaf][0xffffffff][0xffffffec][0xffffffac][0xffffffa6][0xffffff97][0xffffffb6][0xffffffc9] [0xffffffea][0xffffffb6][0xffffffa8]eU[0xffffffb0][0xffffffa1][0xffffff8b][0xffffffc1]Srb[0xffffffa2][0xffffff82][0x12]a[0x1e][0xffffffac]$[0xffffffd2][0xfffffff0]Z[0xffffff8a];[0xffffffcb][0xfffffff3][0xffffffb4]P[0xfffffffb][0x4][0x4][0xffffff8c](K[0xffffffdd][0xffffffb7]:Y[0xffffff9e][0xffffff9b][\n]"
08:05:03.608 [main] DEBUG com.github.dockerjava.zerodep.shaded.org.apache.hc.client5.http.wire -- http-outgoing-2 << "[0xffffffe5]-LR[0xffffff9c]9A_k[0xffffff81]o[0xffffffd6][0xffffffaf][0xffffffda][0x6][0xffffffb3][0xffffffef][0xfffffffb]BZ[0xffffff8b][0x14][0xffffffb0][0xffffffed]]D.[0xffffff91][0xfffffff0]~vy[0x19]~[0xfffffffb][0xffffffc5][0xffffffea][0xfffffff6][0x6]^g:[0x2]qI7J[0xffffffc6][0xffffffc9][0xfffffffc][0x7][0xffffffa2]AC[0xffffffaa][0xffffffb5][0xffffffc7]=#&[0xfffffff8][0xffffffb8][0x1f][0xffffffb1][0x1a]'[0xffffffba][0x13]2[0xffffffef][0xffffffe0][0xffffffe4][0x13][0xffffffe3]M=[0xffffffea]U[0xffffff82]Q[0xffffffa4][0xffffffde][0xffffff8d][0xffffffe8][0xffffffab]O[0xffffffb2]zs[0x0][0xffffff89][0x19]}([0x2][0xffffffe2]Y.[0xffffffb3][0xffffffb0][0xffffff83]U[0xffffffcc][0xffffffe2]t[0xffffffa9][0x9][0xffffffcc][0xffffffbf])[0xffffff89][0xfffffff7][0xffffffbb][0xffffffd4][0xffffffaa][0xffffff8d][0xfffffff3][0xffffffc4]+~[0xffffff97][0xffffffdf][0xffffff9e][0xffffffa5][0xffffffbd]M[0xffffff8d]c97[\r][0x16][0xffffffcd][0xfffffff7]W[0xffffff8e][0xffffffc2]f"[0xffffff85][0x15][0xffffffa2][0x4]CG[0xffffffa6]8[0xffffffa1]IA[0xffffffa7][0xffffff99]vz[0xffffff9e](03[0xfffffffb][0xf][0xffffffe6][0xffffffb2]U[0xffffffcc][0xfffffff2][0xffffff82][0xffffffaf][0xffffffa9]-[0xfffffff3]N\6[0xffffffda][0xffffff94][0xffffffbc]m[0xffffffca][0xffffffa8][0xffffff9a]_[0xffffffcc][0xffffffb7]/[0xffffffd4][0xffffffa2][0xffffffac][0xffffffa8][0xffffffac]r[0x1][0xffffff88]Lp6[0x7f]e[0xffffff86]0[0xffffffba][0xffffffb5]v[0xffffff93]m[0x3]l[0xffffff85]ZF[0xffffffca]b[0xffffffdc][0xffffffa4]Z[-[a[0xffffffcc]v[0xfffffff3][0x12][0xffffffea]m[0xffffffe8][0xffffffd6][\n]"
08:05:03.608 [main] DEBUG com.github.dockerjava.zerodep.shaded.org.apache.hc.client5.http.wire -- http-outgoing-2 << "[0xffffffdd][0xffffff8e][0xffffffe7][0xffffff80][\n]"
08:05:03.608 [main] DEBUG com.github.dockerjava.zerodep.shaded.org.apache.hc.client5.http.wire -- http-outgoing-2 << "[0xffffff9d][0xfffffff1]K[0xffffff9d])DUP[0xffffffc7][0xfffffff4][0xffffffe3]{[0xffffffc6][0xffffff8d][0xffffffbc]@)[0xfffffff2]1/[0xffffffaf][0xffffffd5]][0x1f][0xffffff92][0x1c][0xffffff89][0xe]4[0xffffff9e][0xffffff96])[0xfffffff2][0xffffffc0][0xffffffe8]wU[0xffffffa1][0xffffffe3]w&[0xffffffa0]1[0xffffffb8][\n]"
08:05:03.608 [main] DEBUG com.github.dockerjava.zerodep.shaded.org.apache.hc.client5.http.wire -- http-outgoing-2 << "[0xffffffb2]k[0xffffffe4]K[0xffffffeb][0xffffffd6]6*[0xffffff8a]1D[0x13][0xfffffff6]Q[0x8][0xffffffd2]U[0xffffff89][0xffffffc1][0x8][0xfffffff5][0xffffffa5][0xffffff99]q[0xffffff95]f[0xffffff98][0xffffffb9]=C[0xffffffd0][0xffffff8c][0xffffffe9][0xffffffb7][0xffffffd2][0xffffff81][0xffffffad][0xffffffbd]OU[0x2][0x1b]~h[0xfffffff5][0xffffffbe][0xffffffd6][0xffffffed][0xffffffd2][0xffffffaa][0xffffffb0]O[\n]"
08:05:03.608 [main] DEBUG com.github.dockerjava.zerodep.shaded.org.apache.hc.client5.http.wire -- http-outgoing-2 << "[0xffffffc3][0x11]g[0xffffffca]-o[0xffffff82][0xffffffd4][0x5]^O[0xfffffffa]9[\r]V[0xfffffff1][0xffffff84][0xffffffda][0xffffffb0][0xffffffc6]{}U[0x6][0xffffffe1][0xfffffff1][0xffffffc6][0xffffffd7][0xffffffad]aEx0x9F([0xfffffff2]t[0xfffffff6][0xffffffc8]W[0x9][[0xffffffdd];[0x1][0xffffffbd][0xffffff98][0xffffffaa][0x13][0xffffffce][0xfffffff0][0xffffff91][0x4][0xfffffff1][0xffffffb1][0xffffff81]D[0x17][0xffffff83][0xffffff99]j%[0x18][0xffffffb5][0xfffffffc][0xffffffd5]Q[0x17][0xffffffcb][0xffffff99];[0xffffffff].2[0xfffffff7][0xffffffb1]b8[0x8]T[0xffffffd0][0xffffffc1][0xffffffa0][0xffffff8c][0xffffff8b][0xffffffb8][0xffffffe2][0x1f]M[0xfffffff5]"4~[0xffffffc5]XV7w2[0xffffffd9]P[0xfffffff0][0xffffff8e][0xffffff95][0xffffffed]F{[0xffffffe4][0xffffffcf]6P+[0xffffffc9]A[0x3][0xffffffd9][0xffffffe7]#[0x11][0xffffffbf] I[0xffffffc4][0xffffffd7][0xffffffe4][0xffffffe6]$[0xfffffffb][0xffffffc6][0xfffffff8]h[0xffffff9f]=}[0x9]~TW[0xffffff8d][0xffffff9e][0xffffffed]>[0xffffffe7]e[0xffffff8c][0xffffffe5]/^[0x11][0xffffffc3];*u$[0xffffffc1][0x18]L[0xfffffff5][0xffffffb1][0xffffffda][0xffffffd1][0xffffffdf] hw[0xffffffe0][0xffffff9a][0xffffffd9][0xffffffd3][0xffffffb0][0xfffffff8][0xfffffff1][0xffffffa1]5B[0x1b]mw[0xfffffff5]u[0x13][0xffffffdb]|[0xffffff97][0xfffffff4]rW[0xfffffffb][0xffffffee]N[0xffffff97][0x0]f=[0xffffffcd][0xffffff8a][0xffffffad]o[0xffffff9f][0x17]D[0xffffff85]5[0xffffffdf]Ov[0xffffffc3][0xffffffdd]O[0xffffffad]b[0xffffffcf][0xffffff9b][0xffffff89][0xffffffcf]0[0x3]y[0xffffff9d][0xffffff81]*[0x9]O[0xffffffeb][0xffffff9b]a[0xffffff97][0xffffffb8][0xffffffcd][\r]+[0xffffffa5]L[0x7f]\C[0xffffff8a][0xffffffa0]j*[0xffffffc3][0xffffffff]i[0x14]FAGr^[\n]"
08:05:03.608 [main] DEBUG com.github.dockerjava.zerodep.shaded.org.apache.hc.client5.http.wire -- http-outgoing-2 << ")[0xffffff84])[0xffffff86]j[0xffffffa2][0x19][0xffffffe7][\r][0xffffff86][0xffffffc9][0xffffff96]>[0xffffffb8][0xffffff98]![0xffffffb9][0xffffffd3]0:7[0xffffff8f][0xffffffee]bgk[0xffffffcb]A[0x6]([0xffffffdc]m[0xfffffffd]K2[0xffffff87]~|[0xffffffe7]/![0xffffffcb]/[0xffffff8c][0x1e]BNB[0xffffffb1]l[0xffffff99]x[0xffffffb5][0x7][0xffffffac][0xffffffcc][0x17][0xfffffffb]b+[0x0][0xffffffac]Qs[0xffffffc7][0x13][0xffffffbf]d[0xffffffc0]=;[0xffffffa8][0xffffffe2][0xffffffa0]g[0xffffffa3][0xe]})8P[0xffffffa8][0xffffffdf][0x3]?[0xffffffa9][0xffffffb9][0xffffffa0][0xb][0xfffffffc]H[0x16][0xffffffad]X[0xfffffff9][0x18][0xffffff8a][0xffffffa4][0x1e]Y'5[0xffffffcb]l[0xfffffff5][0xffffffad]b3.Z,}[0xffffff95][0xffffff9d][0xffffff94]+j[0xffffff9f][0xffffff9e]v>[0xffffffcd][0xffffff85][0xffffffe5][0xffffff92][0xffffffcd][0xffffffd3][0xfffffff0]$[0x16][0xffffffc2]Ff[0xffffffe9][0xfffffffb][0xffffffa3][0xffffff8e]e[0xffffff80][0xffffffa3]+Y}[0xffffff90][0xffffff90][0xffffffc0][0xffffff91]^[0xffffffac]*[0xffffffec][0x12][0x1e]4[0xffffffb4][0xffffffb4]Z[0x10]MRd<[0x1f][0xffffffab]11[0xffffffe6][0x14][0xffffffa6];[0xf]1[0xffffffb8]%[0xffffffd0][0xffffff94][0xffffffc2]?[0xffffffcb]V[0xffffffa9]h]e[0xffffff9f][0xffffffc0][0xffffff8f].[0xffffffa4][0xffffffaa]=[0xffffffa0][0xffffff83]i[0xffffff8d][0xffffff99][0x1a]f[0xffffffd4]d[0xfffffffb][0xffffff97]B*o[0xffffffa9]O[0xffffffa2]]3[0xffffffcf][0xffffffd9]2[0xffffff86][0xffffff85][0x10][0x1d][0xffffffce]F[0xffffffcc][0xffffffc4][[0xffffff81][\n]"
08:05:03.608 [main] DEBUG com.github.dockerjava.zerodep.shaded.org.apache.hc.client5.http.wire -- http-outgoing-2 << "[0xffffffe3][0xffffffc2][0xffffffe1][0xffffff9c]+[0xffffffda][0xffffffcc][0xffffff94][0xffffffd5][0xffffffdf]w[0xffffffab][0xffffffb8][\n]"
08:05:03.608 [main] DEBUG com.github.dockerjava.zerodep.shaded.org.apache.hc.client5.http.wire -- http-outgoing-2 << "[0xffffffac]a2[0xffffffa9][0xe]|[0xffffff84][0x0][0xffffff8a][0x1][0xffffffb2]o[\n]"
08:05:03.608 [main] DEBUG com.github.dockerjava.zerodep.shaded.org.apache.hc.client5.http.wire -- http-outgoing-2 << "[0xffffffc3][0xffffffaa][0xffffffc6][0x1f][0xfffffffd][0xfffffff4]s\N[0xfffffff3][0xffffffcd][0xffffffff][0xffffffb2]6[0xffffffcb][0xffffffff]1[0xffffffec]~K[0x1a][0xffffffdb][0xffffff8b]p[0xffffffe3]!ksko*h[0xffffffc8][0xffffffc9][0xffffffe4]?^[0xffffff9b][0xffffffa8][0xffffffd0][0xffffffe9]![0xffffffb8][0xffffff8f][0xffffffa1][0xfffffff6]4[0xffffffde]j[0xfffffff4][0xffffffe6][0xe][0xffffffad]2Wf[0xffffffd5][0xffffffd9][0xffffffa7]J[0xfffffff2][0xffffffce][0xffffff85][0xffffff98]J[0xffffffdc][0xffffff85][0xffffffcd];f;[0xffffffca][0xffffffde]L[0xffffffe3][0x0][0x1e][0xffffff91]u[0xffffff8f][0xfffffff5][0xffffff8a][0xffffffeb]6[0xffffffe4][0xffffffb8]q[0xffffff8b][0xffffff88]h[0xffffffd1]L[[0xfffffff0]px7i[0xffffffa8][0xffffff86][0xffffffd1][0x2]._[0xffffffae]1[[0xfffffffc][0xffffff8a][0xffffffb4]3[0xffffff82][0xb][0xffffffa0][0xffffff94][0xffffffcc][0xffffffcb]l[0xffffffca][0xffffff97]T[0xffffff8f][0xffffffe8][0xffffffd4][0xffffff97][0xffffffba][0xffffff86]?4TI[0xb];[0xffffffdc]L[0x17][0xffffff91][0xffffffc7][0xffffffe0]\[0xffffff83][0xffffffd5]0L[0x4][0x2][0xffffffa9]Vw[0xc][0xffffff84][0xffffffbc][0xffffff9a]N)[0xffffffcc]C[0xffffff99][0xffffff92][0xffffffab][0xffffffb5]O[0xffffffbd];[0xffffff9e][0xffffffc7][0xffffffd1][0xffffffc3]^L[0xf][0xffffffbe]D[0xffffffd8]C1[0xffffffea]^[0xffffffdd][0xffffffe6]\Z`[0xc][0xffffffd0][0xffffffa4][0xffffffe9][0xf]&[0xfffffff3][0x14][0xffffffcd]X5od{[0xffffffbe][0xffffffd2][0xfffffff0][0xffffff82][0xffffffba][0xffffffff]m[0xb][0xfffffff8][0xffffffb9]uJ[g%[0xffffffe4][0xffffffed][0xffffff8e][0x10][0xfffffffd][0xffffff8e]B[0x1e][\r][0xffffffae][0xffffffeb][0x6][0xffffff9f]_!&[0xffffffba][0xffffff85])|7[0xffffff99][0x17][0xc][0xffffffe8][0xffffff9c][0xffffff81]~[0xffffffdf]w[0xffffff9d]w[0xffffffaa]P[0xffffffba][0xffffffa9][0xffffff82][0x1e]1xO[0xffffffda]rr6K[0xffffffe4]Y[0xfffffff3][0xffffffbd]T[0xffffffd9][0xffffffaa]F[0xffffffd6][0xffffff93]/[0xffffffe1][0xffffff9e][0xffffffad][0xffffffdf]2[0x19][\r]sc[0xffffffdf][0x12][0xffffffa0]j[0xffffffcd]@dTZ[0xffffffb8]L[0x4](I[0xfffffff8]p[0xffffffc6][0xffffffde][0xffffffd6][0xffffffb1][0xffffffda][0xffffff8c][0xffffff97]K[0xffffffbb],%[0xffffffd2][0xffffffa4]"[0xffffffda][0xffffffb7][0xffffffef][0xffffffe3][0xffffffd1][0xffffffb4][0xfffffff7][0xe][0xffffffdb][0xc]AQ|[0x7f]R[0x5]3[0xffffffb2][0xffffffe0][0xfffffffe]y[0x14]wh[0xffffffd5][0xffffffdd][0xffffffdf][0xffffffc2]d[0xffffffbf]=&a[0xffffffbd]D[0xfffffffc][0x5][0xffffffe5][0xffffffd6]N[0xffffffa6]o[0xffffffa7][0xffffffc1][0xffffffff][0xffffff86][0xffffffe9][0xffffffa4][0xffffff8e][0xffffffbf][0xffffff94][0xffffffb4][0xffffffc8][0xffffffc2][0xffffffb4][0xffffffe9][0xffffffac][0x13]A[0xffffff93]FW[0xfffffff3][0xffffffcd][0xffffff9f]0|[0xfffffff8][0x2][0xffffffb1][0xfffffff3][0xffffffd9][0xffffffc8][0xffffffdc]rt[0x14][0xffffffc1][0xffffffe8]_[0xffffffed]c[0x1][0xffffffd1][0xffffffaa];I[0x6][0xffffffcc]T[0x19]/[0xffffff89][\n]"
08:05:03.609 [main] DEBUG com.github.dockerjava.zerodep.shaded.org.apache.hc.client5.http.wire -- http-outgoing-2 << "[0xffffffd9]M[0xffffffda][0xffffffe9][0xffffff94]@QF:w[0xffffff86][0x17][0xffffff87][0xffffffb2]?A[0x0]Q~[0x18]=[0xfffffffc][0x1a][0xe][0xffffffc7][0xffffffa6][0xffffffc8][0xffffff94]<[0xffffff92][0x1][0xffffff95][0xffffffda]3[0xffffffde][0xffffffdb][0xffffffc0][0xffffffc7][0xfffffff7]F[0xffffffab]{3[0xffffffd5]3[0xffffff95][0xe][0xffffff9d]&[0xfffffff3][0xffffffdf]t[0xfffffff3]v[0xffffffd5]O[0xffffff9a][0xffffff93][0xffffffcf][0xffffff82][0xffffff9d][0xffffff8f][0x7f]h[0x1f][0xffffffb2]0-[0xffffffc9][0xffffffe9][0xffffffdc]q[0xffffff99][0xffffffc1]-[0xffffffd2]?,[0xffffff8d]$`[0xffffff91][0xffffffbb][0xffffff93][0xffffffbf][0xffffffe2]Zc[0xfffffff1]I[0xfffffff2][0xffffff86]sY$[0xffffffec][0xfffffff5]*[0xffffff8e]qC[0xffffffea]L[0xffffffff][0xffffffd6]Q[0xffffffb2]PS[0xffffffe9][0x14][0xffffffde],:[0x1b]f[0xffffffb9][0x1e]D[0xfffffff4][0xffffffa2]Z[0xffffffcc]1[[0xffffffab]X[0xffffffed]`wQ[0xffffff85][0xffffff8a][0xffffffaa]H [0xffffff9e][0xfffffff4]Q[0xffffffd5]aQ[0x0][0xffffffcd][0xffffffc0] [0xffffffd8][0xffffff94]([0xffffffef][0xfffffffb][0xfffffff6][0xfffffff0][0xffffffac][0xffffffb0][0xffffffb8]2[0xffffff80]tK[0xffffff99][0xffffffaa][0xffffffb4]"Z[0xffffffda][0x12][0xfffffff4][0xffffffbc]*[\n]"
08:05:03.609 [main] DEBUG com.github.dockerjava.zerodep.shaded.org.apache.hc.client5.http.wire -- http-outgoing-2 << "[0xffffffa4]P<YHi[0x19][0x12][0x7f][0xffffffd6]2B~[0xffffff91][0xffffffca]I[0xffffffa7]48A[0xffffff96][0x8][0xb]p[0xffffff91][0x8]![0xffffffe5][0xffffffc0][0x5][0xffffffc3][0xffffffeb][0xffffffe1][0xffffffc1][0xffffffc0][0xffffffb2][0xffffffc0][0xffffffb7][0xffffffd6]qs[0xffffff84][0x13][0xffffffcd][0xffffffdc][0x8][0xffffff98]fw[0xffffffa4]:Vz[0xffffffc3]e[0x1a][0xffffffa1][0xffffffd5]<[0xfffffff9]SB[0xffffffe0][0x1c][0xffffffa4]I[0x1]JW[0x1e]NX[0xffffff85]I[0xffffffac][0xffffffb3].mF[0xffffffa5][0xffffffd8][0xfffffff4][0x19]\[0xffffff99]^[0xffffff99]3[0xffffffe1][0x2]v[0x1a]ke[0xffffff87][0xffffff95][0x2][0xffffffd0][0x16][0xffffffbe][0xffffffcd][0xffffffcd][0x13][0xffffffdb]j[0x3][0xffffffcd][0xffffffe2][0xfffffffe][0x10][0xffffff94]u[0x1e][0xffffffa4]8eFx[0xffffff99]XhD [0xffffffe9]a[0x1a][0xffffffe6]U[0xffffffe5][0xffffffa4][0xffffffb9][0x14][0x11][0xffffffcf][0xffffffe0]d[0xffffffb0]W[0xffffffcb]<[0x12]W[0xffffffc3][0xffffffdc]f[0xffffffd9][0x1d]b[0xffffff82]2[0xffffffe8][0xffffff8c])rj[0xffffffed]}[0x7][0xffffff83][0xffffffc2][0x5]g: A[0x14][0xffffffda][0xffffffaa][0xffffff83]<80[0xe]p[0x16][0x1c][0xfffffffc]!a?[0xffffffb4]?[0xffffffe9][0xfffffff9][0xffffffe4]8[0xffffffab][0xffffffe9][0xffffffdd]"@8[0xfffffffb][0xfffffffc]V([0xffffffe9]P[0xffffffe9][0x10]v%[0x18][0xfffffff0][0x11][0xb][0xffffff8d]bs[0xffffffe6][0xffffff8c][0xffffff95][0xffffff97][0x14]t[0xffffffc9][0xffffffd6][0xffffffdd][0xffffffff]3[0xffffffb3][0xffffff9d][0xffffff86][0xfffffff4]1[0xfffffff2]}y10[0xffffffe0][0xffffffb8][0xffffffad]{[0xffffff8b][0x7f][0xffffff86][0xffffffc6][0x4],[0xffffffd3][0xb]a[0xffffffc6][0xffffff9f][0xffffff96][0xc][0xffffffd2]sw[0xfffffff9]"x[0xffffffa1][0xffffff97],[0xffffff83]][0xfffffffc]][0xffffffe9][0xffffffac]5z"g[0xffffffea][0xffffffd9]GU[0xffffffc8][0xffffff90]I[0xffffff9e][0xffffffb4]mq`[0xffffff9d][0xffffffd9]|Y[0xffffffe4][0xffffffe4]\[0xffffffa1][0xffffffab]HM0[0x1d]T[0xffffff9b]b[0xfffffffc][0xfffffffd]m[0xffffffed]M:[0xffffff94][0xffffffd3][0xffffffc5]8[0xfffffff1][0xfffffff3]X[0x15]yr7[0xffffff8f][0xffffffae][0xffffffe7][0x13]3[0xfffffffd]e[0xffffffcd]{[0xffffff93]*[0xffffffdf][0xffffffa7]_][0x1a]n[0x3][0xfffffffe][0x7][0xffffffd4]n;'[0xffffffe7][0xffffff94]mf[0xffffff85]m[0xffffffd5][0xffffffe2]hc[0xfffffffb]o[0xffffffd2]"`{[0xffffffbc][0x12][0xffffff86][0xffffffc5][0xffffffb3]c[0xffffffed][0xfffffff3][0xffffffc3][0xffffffb9][0xffffffdd][0xfffffff7][0xffffffd1][0xffffffe7]4[0xffffff9b][0xffffff99][0xffffffa3]C)[0xffffffac][0xffffffee][0xffffffcc][0xffffffe1]-m[0x8][0xffffffac][0xffffff81][0xffffff87][0xffffffcc][0x1b][0x12][0xffffff9a][0xffffff80][0xffffff87][0xffffffb8][0xffffff94]S[0xffffffa1][0xffffff8e]$[0xfffffff9]&JE[0xffffffd9][0xffffff80]5C[0xffffffd8]-[0xffffffd1][0xffffffd7][0xffffffbf]kR~![0xffffffe4][0xfffffff6][0xffffff9b][0xffffffe4][0x7]2oA[0xffffff97][0xffffffa6][0xffffff9b][0xfffffff1][0xfffffffa][\r][0xfffffff8][0xffffffda][0xffffffb4][0xffffffd9]s/[0xffffffae][0x10][0xffffffd3][0x19]P[0x12][0xf][0xfffffff8][0xfffffffc][0xfffffff9][0xffffffca][0xfffffff9][0xffffffe2]l[0xffffffa5][0xffffff83][0xffffffab]z[0xffffffbc]F([0xfffffff0][0xfffffffc][[0xfffffff8][0x9]J>[0xffffff82][0x1e][0xffffff8b][0xffffff81];([0x13][0xffffff9b][0x1d]\[0xffffffb0]6[0x10][0xffffff99][0xffffff9e][0x6][0xffffffa6]s0[0xffffff90][0xffffffd0]@4[0xffffffb6][0x4][0xffffff92][0xffffff86][0xffffffc2][0x1e]-[0xfffffffd][0xffffffb9][0xffffffc7][0xffffffd0]:[0xffffff82][0xffffffb0].[0x1d][0xffffffd4][0xffffffb6][0xffffffe5]r[0xffffffce][0x1b][0x6]\[\n]"
08:05:03.609 [main] DEBUG com.github.dockerjava.zerodep.shaded.org.apache.hc.client5.http.wire -- http-outgoing-2 << "[0x1e][0xffffffab]P[0xffffffd8][0xffffffcf],[0xfffffff4][0xffffffe7][0xffffffed]M[0xffffff84][0xffffffd1][0xffffffbd][0x16]/[0xfffffffa][0xffffffef][0xffffffbb][0xffffff98][0xffffffa7][0x12][0x15]x[0xffffff92][0xffffffcf][0xffffffbe][0xffffffe4]([0xffffff95][0x15]w[0xffffffbc][0x4][0xf]P[0xffffff9d][0xffffff9d][0xffffff92][0xffffff8e][0xffffffea]y[0xffffffad][0xffffff9f]x<[0x7]][0xffffff91]|t^[0xffffffeb]<QN[0xffffffbc][0xffffffb1]<[0xffffffc4]K[0xffffffd3]>.[0xffffffb8][0x13]-4[0xffffff8e][0xffffffc8]n[0xffffffd8][0x18][0xffffff97][0xffffff84][0xffffff87]}MV#[0xffffffec]#e%5[0xfffffff5][0x11]y[0xfffffff7][0x15][0xffffffb4]6q[0xffffff81][0xfffffff3]K4[0xffffffbd]^[0xffffffaf][0xfffffff5][0x14][0xffffff9f]F?[0xe][0x9]%[0x14][0xffffff89][0xfffffff1]#[0xffffffc2][0x18]<'[0xffffff89]N[0xffffff91]b:W[0x1c]aS>g[0x1c][0xffffffe1] 6[0xfffffffd]7[0xffffff89]D"[0x19]x^N=2[0xffffffe1]GEjj[0xffffff8a]3[0xffffff81][0xffffff9d][0xfffffff6][0xfffffff1]h+[0xffffffe1][0xffffff88][0xfffffff4][0xffffff92][0x1c]\M[0x14][0xffffff8f]R[0xffffffab][0xffffffeb] |[0xffffff96]K[0xffffffc7][0xfffffffc][0xffffff9d][0xffffff91][0x11][0xffffffc4][0xffffffd5][0xffffffd2][0xffffffa0][0xffffff85]p[0x18][0xffffffa8][0xffffffc9][0xffffffab][0xffffffe0]q+[0xffffffed][0xffffff9f][0xffffffd4][0xffffffa3][0xffffffd6][0xffffff8d][0xffffffd4]%;[0xffffffab]M[0xfffffffa][0xffffffde]\[0xffffff93]F[0xffffffba]b[0xffffffd7]y[0xffffff91]K[\r]$[0xffffff9b]r[0xffffffe2][0xffffff86][0xffffff89][0x12][0xffffffa0]W?[0xfffffffd][0xffffff9b][0x7f][0xfffffff0]2[0xffffffd1][0xffffffc2][0xfffffffc]*P[0xffffffd7]+[0xffffffbb][0xffffff8a]f[0xffffff89]:8[0xffffff86][0xffffffe9][0xfffffffd])[0xffffffce][0x1b]s[0xffffff9d][0xffffff88][0x12]z[0xffffffa1][0xffffffc6][0xffffffac][0xffffff8c].[0x1a][0xffffffe2]K2[0xffffffd9][0x12][0xffffff94][0xffffffbd]]'[0xffffffbe][0xffffff87]Py[0xffffffc4]ia[0xfffffffb]@[0xffffff93]d[0xffffffa8][0xffffffbf]D[0xffffffe0][0x6]lGO[0xffffffef]3V[0x1],[0xffffffa7](m[0xffffffbd][0xffffffa9][0xffffffef]D[0xfffffff9]%[0xc]P[0xffffff82][\r][0xffffffb2]O[0xffffff88]q[0x7][0xffffffed]O[0xffffff92][0xffffffec][0xffffffc4][0xffffff8c][0xffffffe4][0x4]e[0xfffffffa][0x11][0xffffffcd]?h[0xffffffa1][0x11][0xffffff92][0xffffffc7][0xffffffcb][0xffffffec] [0xffffffe1][0xffffffa3]G[0xffffff97][0xffffffa7][0xffffffa2][0xffffff97]4K[0xffffffa5][0xfffffffb][0xffffffc1]k?[0x6]I[0xffffffb1][0x1d][0xffffff9d]aW6N[0x5][0xffffffd9][\r][0xe][0xffffffb4],[0xffffffbc][0xffffffda][0xffffff8b][0xffffffcd][0xffffffee][0xffffffd4][0xffffffdf][0xffffff88][0x9][`[0x10]*k[0xffffffbc][0xfffffffc]g[0xffffffb5][0xfffffffc][0xe][0xffffffac]2+[0xffffff86]f[0xffffffb6][0xffffffcf]L[0x4][\r]E[0xffffff8b]][0x7][0x1e][0xffffffda]t1E[0xffffffd2][0xffffff9c][0xffffffeb][0xffffffa2]M[0xfffffff9][0xffffffef]Lq[0xffffffe0][0xffffffca]|^[0xffffff84][0xffffff8c]k[0xffffffc0][0xffffff98][0xffffffde][0xfffffffc]EK[0xffffffa0][0x0]z[[0xffffff8b][0xffffffcc][0xffffff95][0x6][0xffffffc1][0xfffffff7]uU[0xffffffc6][0xffffffde]8[0x15]cv[0xffffff94][0x11][0xffffffe6][0xffffff80][0xffffff97]LN5M[0xffffff93][0xffffffb3][\r]U[0xffffffa7]P[0x14][\r][0x14][0xffffffa4]&,d[0xfffffff8]+e[0xffffffe5][0xffffffe5][0x3]I[0xfffffffe]3[0xffffffe8]([0x16][0xffffff92][0xffffffcf][0xffffffb5]|[0xffffffe6][0xffffffeb][0xffffffcc]R]g]=[0x19][0xffffffbb][0xffffff9e][0xffffff9c][0xffffffb8]^[0xffffff90][\r][0x8][0xffffff8d]W[0xffffffc2][0xffffffde][0xfffffffd][0xffffffbc][0xfffffff3][0xffffff9e]&@.][0x1][0xffffffa1][0xffffffd8]Dv[0xffffffe5]~}y[0xffffffa8]U[0xffffffe9][0xffffffe7]xH^[0xffffffb0]Sn[0xf]":^[0xffffffd4] [0x7]ys[0x2][0xffffffa8][0xffffff9b][0xffffffe1]X<[0xffffffcc][0xffffffe1][0xffffff8c]FkGa[0xffffffc0][0xffffffc3][0xfffffffc][0xffffff86]g^[0xffffffe8][0xb]U[0xffffff92]"[0xfffffff3]zR[0xffffff96][0x1c][0xfffffff7][0xffffffa3][0xffffff9f]W[0xffffffae][0xffffffb7]I[0xffffff8b][0xffffff82]'[0xffffffa3][0xffffffd0][0xffffffbe][0x4]\7[0xffffffd7][0xffffff84][0xfffffff5][0xffffffe1][0x9]%[0xc][0xffffffe2][0x14][0x6]*q[0x13][0xffffffda][[0xffffffae][0xfffffff0][0xfffffff5]~[0xffffffe3][0xffffff97][0xffffff93][0x15][0xffffffac]uv:[0xffffffb6][0xfffffffd]8[0xffffff96][0x9]1[0xffffffc8][0xffffffa2][0xffffff84][0xffffffb1]kW[0xffffffc9][0xffffff88]eI1[0x1][0xffffff8d][0xffffffed]_[0xfffffff9]R[0xffffffa5][0xffffffcb][0xffffff99]c[0xffffffff][0x1d][0x9][0xffffffe8][0xffffffbd]S9[0xffffffc9][0xfffffffb][0xffffffc9][0xffffffcc][0xffffffe0][0xfffffff8][0xffffff8d][0xffffffcf][0xffffffee][0xffffffad]][0xffffffd4]E[0xffffff9d]@U[0xffffff8f][0xfffffff5]%[0x19][0xffffffb4]=L[0xffffffb5][0xfffffff9][0x14]zU[0xffffffe5][0x16]7/[0xfffffff6][0xffffff96][0xffffff84][0x17][0xffffff82][0xffffffde]U[0xfffffff2]>[0xfffffffd][0x7]]i0[0xffffffd0])z[0xffffffdf][0xffffffc5]-TX[0x14]H[0x16]j}[0xffffffe5]+[0xffffffde]E[0xffffffb3]b[0xfffffff7][0xffffffd0][0xffffff8b]*/[0xfffffff9][0x17][0xfffffffb]Ap[0xffffffcb][\n]"
08:05:03.609 [main] DEBUG com.github.dockerjava.zerodep.shaded.org.apache.hc.client5.http.wire -- http-outgoing-2 << "[[0xfffffff2][0xfffffff2][0xffffffd7]D:r/![0xffffff83][0xffffffd4]hd[0xffffff8d][0xffffffe5][0xffffffe6][0xffffffb3][0xffffffbf][0xffffffb7][0xffffffaa][0xffffffa0]7[0xffffffa9][0xffffff9e][0xffffffa8][0xffffffd0]dB[0xffffffce][0xffffff90][0xfffffff5]8[0xfffffff1][0xffffffd4][0xffffffa0][0x3][\n]"
08:05:03.609 [main] DEBUG com.github.dockerjava.zerodep.shaded.org.apache.hc.client5.http.wire -- http-outgoing-2 << "b|F[0xffffffb6][0xfffffff5])[0x6][0xffffffa5][0xffffff9d][0xffffffec][0xffffffc3][0xffffffed][0xffffffb9][0xffffffa6]U[0xffffff8f]T&[0xffffffaa][0xffffff93][0xffffffca][0xffffff8a][0xffffffeb]Mw[0xffffff86]{.[0xffffff8e][0xffffffa9][0xfffffff7][0xffffffa3][0xffffffad]f[0xffffffc2]B[0xffffffda]f[0xffffffa4][0xffffffff][0xffffffa2][0xffffffd3]9[0xffffffa3]7so[0xffffff86]:[0xffffff9c][0xfffffff2]O|[0x1b][0x1c][0x9]O[0x14]}[0xffffffdf]%,I[0xffffffa0]s[0xffffffed]<{[0xfffffff6][0xffffffc7][0x16]C[0xffffffe0][0xffffff80]:~[0xffffffd1]9>[0xffffffa4]o[0xffffffe4][0xffffffe4][0xffffffb6]0[0xffffffae][0xffffff9e][0xffffffbe][0xffffffd5][0x17][0xffffffa2][0xffffffe5][0xfffffff6][0xffffffaa][0xffffffcd]=$[0x19][0xffffffaa][0xffffffe2][0xffffffba][0xffffffb9]O[0x13][0xffffffe2]pA[0xffffff8b]1[0x10][0xffffffb9][0xffffffdf][0x3]4L[0xffffffff][0xffffffc9]z[0x6][0x14]Y[0xffffffb6][0xffffffe4]#%[0xfffffff4][0xffffff96][0xffffffa0]'[0xffffffb5][0xffffffbb]-I$3[0xffffffcc])[0xffffffac]x^[0xffffffd2]>[0xffffffdb]|[0xffffffe8][0xffffffba][0xffffff88]-$}L[0xffffffef][0xfffffffc][0xffffffa3]zW[0xfffffffc][0xffffffc7][0xffffffd8][0xfffffff2]D[0xffffffa1][0x10][0xffffffa5][0xfffffff3][0xffffffd7]`[0xffffffba][\n]"
08:05:03.609 [main] DEBUG com.github.dockerjava.zerodep.shaded.org.apache.hc.client5.http.wire -- http-outgoing-2 << "[0xffffff96]#H[\r][0xe][0x5]lT[0x7f]B[0xffffff8d]P[0xffffffb3][0xffffffba][0xffffff8a]J[0xffffff92][0xffffffec][0x14]([0xfffffff4][0x0][0xffffffa4][0xffffffeb]Q[0xffffffb5][0xffffff9f][0xffffffa7]$<K[0xffffffc6][0xffffff8e]cn#[0xffffffee][0xffffffda][0xffffffb7][0xffffffc9].[0xffffffc2]gh|3[0xffffff9b]G[0xffffffa0](6[0xffffffed]S[0xffffffae][0xffffffb2]K)[\r]F[0xfffffff9][0xfffffff6][0xfffffff2][0xffffffcf][0xffffffb9]8[0xffffff96][0xffffffa4]u[0xffffffa7][0xffffffb9][0xfffffff5][0xffffffae]C[0xffffffa9]Y[0x1d][0x9]S@[0xffffffdb][0x9][0x12][0xffffff9a]cI[0xffffffc1][0xfffffffb]Z%[0xfffffff0]&![0xffffffb3][0xfffffffc]}1[0xffffffd4][[0xffffffc6][0xffffffe2][[0xffffffd2]6D[0xffffff85]dq5K[0xfffffffc]D[0xffffffed][0xffffffa4]@[0xffffffe9][0xfffffff4]2[0xffffff93][0x1d][0xffffffbd]2[0xfffffff7][0xffffffce][0xffffffbf][0x8][0xffffff86][0xffffffee][0xffffffde][0xffffffbc][0xffffffae][0xffffffec]FvVE[0x5]`[0xffffff8c][0xffffffc0]~f[0xffffffd4][0xffffffc6][0xffffffe8]gp[0x1][0xffffffd5][0xffffffcb][0xffffffcb][0xfffffff7][0xffffffd3][0xffffff8f]%\[0xffffffbc]z[0x15][0xffffffba][0xffffffe7]1[0xffffffa3][0xffffffc4]z?[0xffffffe2][0xffffff88]q*he[0xffffffbc]a7[0xffffffc8][0xffffffe5][0xffffffd7][0xc][0xffffffca][0xffffffe9][0xffffffe9][0xfffffff1][0xffffffa1][0xffffffd7]$[0xffffffe3][0xffffffc4][0xffffff94][0xffffffcb][\r][0xffffff94]{[0xffffffa7])2S[0xffffffa7][0xffffffb5][0x13][0xffffffbb][0xffffffb5]r[0xffffff9c][0xffffffd1][0x5]W[0xffffff8c][0x1c][0xffffffd7][0x7]d[0xffffffe8]4[0xffffffde][0xffffffe8]Y[0x5]`[0xffffff82]Q7[0xffffffa7]G[0x4]4{[0x10]K[0xffffff84][0xffffffbe][0x1b]A[0xffffffe3][0xffffff95][0xffffffd7][0xffffff93][0xffffffd4]&[0xfffffff8][0xffffffdd][0xffffff80][0xffffffeb][0xffffffdd]c[0xffffffee]5[0x17]z;[0xffffff97][0xfffffffc][0xffffffd0][0x10][0x7]8[0xffffff9a][0x1]r:[0xffffffcf] [0xffffff8f]{[0x14][0x3]{[0xffffffdc]J7[0x3]b[0xffffffee][0x1e]=[0xffffff9f][0xffffffa6][0xffffff90][0xffffffc6][0xc]{z[0xfffffff5]`[0xffffff89]e0[0xffffffbb][0xffffffa3][0xffffffeb][0xffffffe1][0xffffffdb][0xffffffc1][0xffffffca][0xffffffba]E[0x5][0x1c][0xffffffed]Y[0xffffff9b][0xffffffa2]1[0xffffffa7]W[0xffffffaf]6[0xc][0xffffffe4][0xffffffcc][0x13]p[0xffffff94]RS[0xffffffa9][0x3]sB[0xffffff93][0xffffffc0][0x8][0xffffffb0][0x0][0xfffffff3]%%[0xfffffffc][0xffffffc1]P[0xffffffdf][0xffffffab] [0x7]_[0x10]jw:c*[0xffffffe2]Z{[0xffffffe3][0xffffffcc]?[0xffffffff][0xffffff8e](X[0xffffff8b][0xffffffc8][0xffffffe7][0xffffffcf][0xffffffd2]c.[0xffffffa7][0x1f][0xffffff8e][0xffffffe8][0xffffff83]Ds[0xffffff8d]Y[0xffffffa7]a6[0xffffffc1][0xffffff92][0xffffffa5][0xffffff8d][0xffffffe0][0xfffffff5]/b[0xffffffc9][0xffffff85][0xffffffe5][0xfffffff0][\r][0x8][0xffffff89][0xffffffa6]%[0xfffffff6]s$[0x4][0xffffff91]R.cmX|;c[0xffffffe4][0xffffff81][0xffffffdf][0xffffffce][0xe][0xffffffb2]Z[0xfffffff3]61S[0xffffff83].[0xffffff98]U[0xffffffa1][0xffffffa7]`[0xffffff84]P[0xffffffaf][0x1a]C$\[0xffffffc3][0xffffffc7]Z7[0xf][0xffffffbc][0xfffffff3]$v[0xffffff8e][0x17][0xffffffb4]C}[0xffffffda]{[0xffffffa4]>~[0xffffffa4][0x14]J[0xffffffd0][0x7f][0xffffffd1]D/q[0x1d];[0x13][0xffffffcd][0xffffff80]O[0xffffffc5]X[0xffffffcf]X[0xffffffe0]e[0xffffffee][0xb]h#Z[0xffffff84][0x12]*+[0xfffffff6]x[0xffffff88][0xffffffd4][0xffffffd1][0xffffffdd][0xffffffc0])[0x19][0xffffffe5][0xffffff86]R[0xffffff8e][0xffffff94][0xffffff9d] [0xffffffaa][0xffffffe6][0xffffffe6][0xffffffef]K*[0x3][0xffffff9c][0xffffffd4][0x3][0xffffffc2]o2[0xffffffed][0xfffffffa][0xffffffaa]I[0x1a]-x[0xffffff93] [0xffffffeb]sEb[0xffffffc2]w[0xffffffed][0xffffffd1]K[0xffffffcd][0x1f][0x1f][0x2][0xffffffe4][0xffffffbd][0xffffffc3]L'[0xe][0xffffffa0]a6[0xffffffdc]C[0xffffffae][0xe][0xffffffb3]^[0xffffffe3],G\[0xffffffe6][0xffffffb8][0xfffffffc][0xffffffc4][0xffffffe0][0xfffffffa][0x11]:[0x1f][0xffffffd6],[0xc][0xffffffe2][0x19][0xffffffa1][0xffffffdb]xu[0xffffffbf]3[0x2][0xffffffca]7[0xffffff9f]R2 %[0xffffff86][0x7f][0xffffffd3][0xffffff99][0xe][0xfffffff3][0xffffff83]J[0xc]ga[0x14]z[0xffffffe4]Xb[0xffffff85][0x3]r[0xffffff82][0xffffff98][0xffffffe3]y[0x7]T[0xffffffd3]Q[0xffffffde]S|[0xffffff9d][0x2]1[0xffffffb8][0x8]<[0xffffffb4][0xffffffec][0xffffffa0]=/9kB[0xffffff8c][0x9][0xffffffff].[0xfffffff0]`[0xffffff99]k[0x10][0xffffff85]_1[0xffffff82]0z[0xffffffbd][0xfffffffd][0x1][0xffffffc5][0xfffffff5][0xffffffbc]HY[0xffffffb3][0xffffffb8][0x7f]N[0x8];[0xffffffe0][0xffffff93]|[0xffffffdc][0xffffffd6]7z[0xffffffab].V~hz;[0xffffffc1][0xffffffc0][0xffffffdf]E[0xffffffd7][0xffffff86][0x0]z[0xfffffff3][0xffffff8a]D[0xfffffff0].[0x1b][0xffffff94]>[0xc][0xffffffe9][0xffffffca]lDg&[0xffffffaf][0xffffffdc]Q[0xffffff87][0x6]2[0xe].g[0x7f]Pb[0xffffffbc]a[0x16][0xffffffc9]p[0xffffffb6][0xfffffff9][0xffffff87]z[0xffffff8b]}[0xffffffaa][0x0][0xffffffe1][0xffffffce]b8[0xffffffd3][0xffffffb6][0xffffffc2][0xffffffa3][0xffffff90][0xffffffb4]p[0xffffffb8] [0xffffffee][0x14][0xffffff82])[0xffffff85][0xfffffff6][0xffffff99][0xffffffe9][0xffffffbb][0xfffffff8][0xffffffb9][0xffffff90][0xffffff8b][0xffffff91][0xffffffaa][0xffffff89][0x1b][0xffffffdc]:[0xfffffff0]<[0xffffffee][0xffffffd2][0xffffffbd][0xffffffd3][0xffffffaf]l[0xffffff9f]}V[0xffffffd8]T+[0xffffffb6]O[0xffffffcc][0xffffffcc][0xffffffc5][0xffffffb1]($K[0xf][0xffffff83]d[0xffffff87][0xffffffeb][0xffffffdf][0x13][0xffffffff]C#[0xffffffed][0x1e]~[0x7]t[0xffffff89][0x12]8[0xffffffe4]G`[0xffffffe9][0xffffff81]~@-[0x0][0xffffff96]2f[\n]"
08:05:03.609 [main] DEBUG com.github.dockerjava.zerodep.shaded.org.apache.hc.client5.http.wire -- http-outgoing-2 << "[0xffffff91]<[0xffffffc0][0xffffffff]i[0xffffffe6]R#[0xffffffab][0xffffff9e][0xffffffbf][0xffffffbb]_[0x1a][0xffffffc3][0xffffff99][0xffffffa1]][0xffffffb6][0xffffff95][0xffffffaf]y6{[0xc]@[0xffffffd2]w[0x1b][0xffffffb9][0xfffffffb][0xfffffff0]?I[0x1]\[0xfffffff3][0xfffffff7])n[0x5]6b[0x11]1[0x18]g[0xffffffc4]n[0xffffffdb][0x8][0xffffffde][0xffffffe1][0xffffffd2][0xfffffff7]Z[0xffffffdd][0xffffff98]v[0x4]y[0xffffffcc]fn[0xffffffc2][0x1d][0xffffffa6][0xffffffc6][0xffffff9a][0xfffffffb][0xffffffe1]@[0xffffffed][0xffffff93]'=}[0xffffffde]|[0xfffffff2]GQ[0x8][0xffffffde][0xffffffe8][0x8][0xffffffec][0xffffff97][0xffffffe9]N[0xffffff85]M1d[0x1f][0xffffffe8][0xffffffb1]|\c[0xffffffa2][0xfffffff0][0xffffffbe][0xffffffed][0xffffffea]][0xffffffa8][0x7]b[0x1e][0x1e]|VZ[\r][0x11]J[0x1c][0xffffffbc])[0xffffffa3]jV[0xffffffff][0xffffff9d][0xc]m[0xffffffa7]I[0xffffff9c]I=6eU[0xffffffa8][0xffffffbc][0xffffff99][0xffffff92][0xfffffff1][0xfffffffb]X[0xffffffb4][0xffffffc8]U[0xffffffd4][0xffffff8e][0xffffffbe]8fC[0x13][0x10][0x1f][0xffffffa1]!@e#[0x7f][0xffffffc9]d'[0xffffffe4][0xffffffee][0xffffff96]W[0xffffff85][0xffffffe0]|9[0x1b][0xfffffff9][0xb][0xffffffa4]{[0xffffff80][0xffffffb1]{[0xfffffff2]8[0xffffffc2]}[0xffffff8d].[0xffffffe5]sq+.[0xffffffc4][0xffffffcd]u[0xffffffab],[0xffffffcb][0xffffffbf][0xffffff8f][0x4]U[0x12][0xffffffbc][0x2]m[0xffffff8e][0xffffffa9]v[0x3][0xffffffe7][0x1a][0xffffffd1][0x1b][0xffffffa4]![0xfffffff9]cn1[0xffffff89][0xffffffbf][0xffffffcf][0xffffffb1]fA[0xffffffad][0xffffffd7][0xffffffbc]8?G'[0x14][0xffffff9b][0xffffffe2][0xffffffa1][0xffffffd0]([0xffffffad]<[0xffffff90]p[0xffffffa4][0xffffff98][0xffffffa3]1sJY[0xffffffc1][0xffffff90][0xf][0xfffffff4]P[0xffffffe4][0xffffffa4][0xffffffee]!s6)[0x1e][0xffffff8e][0xffffffa0]F@[0xffffff86]\[0xffffffe6][0x1e][0xffffffb5]+[0xffffff98] [0xffffffb3]1[0x1b]%[0x18][0xffffffd4][0xffffffcc][0xffffff98][0xffffffbd][0x2][\n]"
08:05:03.609 [main] DEBUG com.github.dockerjava.zerodep.shaded.org.apache.hc.client5.http.wire -- http-outgoing-2 << "V[0xffffffb9][0xffffff8d]Q[0x1b][0xffffffb5][0xffffff8a][0xffffffd2][0x1][0xffffff97]R[0xffffffc9]-}C-[0xffffff9e]:[0xfffffff9]H[0xffffffc9][0xffffff8f][0xffffff91]j[0xffffffa9][0xf]m[0x19]OD[0xffffffef][0xfffffff7][0xffffff82][0xffffffe1][0xffffffd5]j[0x10]Z[0xffffffb3][0xffffff99][0xfffffff5][0xffffffe0][0xffffffe7][0xffffff8c]&[0xffffffa3]B[0x19][0xffffffec][0xffffffbf][0xffffffef]VV[0xffffff8a]a[0xffffffb4])[0xffffffad]q8gM[0x1f][0xfffffff7][0xffffffc8][0xc][0xffffffa7]hp[0xffffff8c][0xffffffa0][0xffffffbd][0xffffffcd][0xfffffff1][0x10][0xffffffc5]W[0xffffffd6]F)[0xffffffe3][0x1b]:2[0xffffffd0]^[0xffffff84]w[0xffffffc3][0xfffffff0][0xffffffd2]y4=j[0xffffffaf][0x13][0xffffff8a][0xffffffa2][0xfffffff0][0xffffffdd][0xffffff9e][0xfffffffe]jV[0xffffffde][0x16][0xffffff8d][0xffffffee]D[0xffffffe3]-[0xffffffad]7U[0xffffffae][0xffffffd1][0xffffff82]I/[0x1][0xffffffcf]x[0xffffff9b]-[0xffffff9f][0xfffffff7]f03~9 [0xffffffcc][0x1a]^&[0x19]0[0xffffff80][0xffffffe5]<[0x9]tt[0xffffffa5]C&[0xffffffee]y[0xffffffd5][0xffffff84][0xffffff94]~[0xffffffa9]][0xffffffa6]Nv[0xffffffe2][0xfffffffa][0xffffff9d][\r][0xffffff9f][0xffffffa0].>[0xffffff92]u[0xfffffff5][0xffffffd7]r[0xffffff9a]-[0x18][0xffffff9a][0xffffffac][0xffffffce][0xffffffe3][0xf]X{[0xffffff92]>[0xffffffd5][0xffffff95][0xffffff8d]GV[0x0][0xffffffc5][0x5][0x2][0xffffffef][0xfffffff0]'[0xffffffe9]aV[0xffffff9e][0x6][0xffffff9a]9)[0xffffff87]e'N[0xffffff97]}[0x6]d[0xffffffca][0x18])[0xffffffb1][0xfffffff7][0xffffffbf][0xffffffdc][0xfffffff3][0x17][0xffffff8f][0xffffffd1]Z[0xffffffac]u[0xffffff8d][0xffffffaa]^[0xffffffd1]v[0x4]9[0xffffffe8][0x19][0xffffffec]R[0x10]B[0xffffffdc]D[0xffffffc6]9[0x1][0xffffffcf][0xffffff8d]S}[0xffffffc9][\r][0xffffff8a].[0x7f]K[0xc][0xffffffe6]t[0xffffffb0]@-[0xffffff8d][0xffffff93][0xffffffa6][0xffffffce][0x1a]?[0xffffffa7]4[0xffffffca][0xffffffa2][0xb][0xffffffde][0xffffffbf][0xffffffaf]=[0xffffffbf][0xffffffac][0xffffffe0]n[0xffffff87][0x1f]m[0xfffffff0]z/A[0xffffff95][0xffffff87][0xffffffda]'[0xffffff8a][\n]"
08:05:03.609 [main] DEBUG com.github.dockerjava.zerodep.shaded.org.apache.hc.client5.http.wire -- http-outgoing-2 << "k[0xffffff9e][0xffffffba][0x9]vW[0xffffffcd][0xfffffffb][0xffffffcd][0xffffffec][0xffffffd7]`3n[0x12][0xffffffa4][0xffffffa6][0xfffffff5][0xfffffff2]M[0xfffffff2][0xffffff96]PH[0xffffffe7]"[0xfffffff1],X[0xffffff9d]<[0xffffff91][0xffffffef][0xffffffbf][0xffffffea][0xffffffb6][0x0][0xffffffd8][0xffffffe5]eN(B[0x5][0xffffffd7]qAp[0xffffffaa][0xfffffff1]F^[0xffffffa4]T[0x13]d[0xffffff9b]U<[0xffffff9f][0xffffffc7][0xfffffff0]wV([0xffffffd2][0x6]"[0xffffffa2]f[0xffffff89][0x10]-7u[0xffffffc1]X_[0xffffffca][0xffffffc0][0xfffffff1][0xfffffffe][0x1f]Au[0xc]K?&j[0xffffffa2]i[0xffffffcb]{[0xffffff96][0xffffffa6]1[0xffffffbc]&g[0xffffff97]3[0x15][0xffffffaf][0xffffffbc][0xffffffe5]T9g[0x14]_[0xffffffa7][0xfffffff5]J[0x1b]_VL[0xfffffff3]{[0xffffffbb][0x13][0xffffffa5][0xffffffed]T[0xffffff9a][0xffffffd7][0xffffff9e][0xffffffc7][0xffffffce]v[0xffffff9b][0xfffffff0][0xffffffb7]u[0xfffffff1][0xffffffea][0xffffffc1][0xffffffb0][Cc[0xffffffef][0xfffffff5]n[0xffffffd7]{[0xffffffbd][0xffffffdc][0xffffffe2][0xffffffa0][0x9][0xffffffb8][0x1f][0xffffff98][0x11]R[0xffffffbb][0xffffff9d]u[0xffffff8e]$TdT[0xffffffec][0xffffffd6],[0xffffffae]R[0x1][0xffffff87]}[0xffffffdf][0xffffffa4][0xffffff96][0xffffffee][0x1d][0xffffffa0]S[0xffffffbd]X[0xffffffe1][0x18]q{[0xffffffff]0[0x1c]k[0xffffff8e]N[0xffffffa6][0x1c][0xfffffff6][0xfffffffa][0x15][0xffffff88][0xfffffff7][0xffffffcb][0xffffff8e][0xffffffa2][0xffffffc5]_[0xfffffff0]Z[0xffffff88][0xffffffd0]H[0xffffffc6]z[0xffffff9a]'[0xffffffe6][0xffffffa8][0x9][0xffffffd9][0xffffffb1][0xffffffd6][0xffffff99][\r]>[0x13][0x1a][0xffffff94]{[0xffffffb2][0xffffffdf]'o[0x9]U[0xffffffa5]|[0xffffffdf]dR[0x7f][0xffffffec][0xffffffde]~#[0xffffffac]-[0xffffffb3]$R[0xffffffc2][[0xffffff84]\[0xffffffc8][0xffffff91]z[0xffffffbf][\r]+f[0xffffff8b][\n]"
08:05:03.609 [main] DEBUG com.github.dockerjava.zerodep.shaded.org.apache.hc.client5.http.wire -- http-outgoing-2 << "[0xffffffc7][0xffffff8d][0xffffffd1][0x1c][0xfffffffc]3[0xffffffad]>~[0xffffffba]<[0xffffffe1].TQ.[0xffffffde])[0x7f]o[0xffffffd8]4[0x1a]D[0xc][0xffffffa2]+T[0xfffffffc][0x11][0xffffff88]O[0xfffffff6][0xfffffff7]([0xffffff85]#[0xfffffff8]S[0x8][0xfffffff1][0xffffffe8][0xffffffb5][0xffffffb3][0xfffffff0][0xffffffb5][0xffffffcf]%[0xffffffd6][0xfffffffd]>[0xffffff96]WY[0xffffffd4][0xffffff81][0xffffffdd][0xffffffc5][0xfffffff1][[0xffffff9e][0xffffff8d][0xffffffbc]0[0xffffffc6]-[0x7][0xffffffb3][0xffffffd8]#H[0xffffffcd][0x3][0xffffffd7][0xffffffdf][0x7f][\r][0xffffffbd]u[0xffffff92]Z[0x1b][0xffffffcf]9[0xffffffee][0xffffffe1][0xffffffc7]q[0x1e][0x14]/[0x7f][0xffffff9d][0xffffff9d]A[0xffffff98][\r][0xffffff87][0xffffff9c][0x15]UG[0xffffff89][0xffffffdd][0xffffffc2][0xffffff88][0xfffffffc]n[0xffffffbf][0xffffff97]X<[0xffffff90][0x13][0xffffffb4]w1F[0xffffffd3][0xffffffc0]X[0xfffffff9][0xfffffff4][0xffffff9a]M[0x17][0xffffffe3]O[0xffffffda]#+[0xfffffffa][0x1e]Q[0xffffffe1][0x17][0xffffff90]h[0xffffffd6][0x19][0xffffff9c]U[0xffffffd4][0xffffffb6][0xffffffc0]6[0x1c]j[0xffffffd6][0xffffffa1]+[0xfffffff7][0xffffffb3][0xffffffa2][0xffffff8e][0xffffff98]?[0xe][0xffffff8e][0xb]`I[0x17][0x1d][\r]n[0xffffff9b],[0xffffffd2]][0xffffff85][0xffffffa3][0xffffffb1]N[0x15]s[0x1][0xffffff83]:[0xffffffc4][0xffffffda]'(T[0xffffffff][0xffffff8a]Qv[0xfffffffa][0xffffffc6][0xffffffba][0xffffffa1]b[0xffffffd2]S[`[0xffffffb4][0xfffffff9]t[0xffffffd4]<[0xffffff88][0xffffffb7]_[0xffffff88][0xffffffc5][0x15]@[\n]"
08:05:03.609 [main] DEBUG com.github.dockerjava.zerodep.shaded.org.apache.hc.client5.http.wire -- http-outgoing-2 << "Qn0R[0xffffff9b]Ha[0xfffffff6][0xffffffea][0xffffffea]]G[0xffffffa0][0xffffff81]'[0x13]^h[0x12][0xffffffcd][0xffffff80]2B[0xffffffbb][0xffffff93][0xfffffff9]Ul[0xffffff87][0xffffffa9][0xffffffe3]v[0xffffff9c][0xffffffdf]y+[0xffffffce][0xffffff80][0xffffff91][0xe][0xfffffff5]R[0x1a]^[0xffffff91][0xffffffe7][0xfffffff6][0xffffffba][0xffffffbd][0xffffffb0][0x18][0xffffffd0]~[0xffffffd7]NJK[0x1c]K[0xffffffa6][0xffffffcd][0x18]j[0xffffffce][0x11]|[0xffffffae][0xffffffdf][0xffffffe0][0xfffffff8][0xfffffff9]eH[0xffffffaa]][0xffffffdf][0xfffffff0]4[\n]"
08:05:03.609 [main] DEBUG com.github.dockerjava.zerodep.shaded.org.apache.hc.client5.http.wire -- http-outgoing-2 << "Bu[0xffffffc5][0xe][0xffffffcb][0xffffffc6][0xc]b[0xffffffe4][0xffffffa5][0xffffffdb][0xffffff8b]b[0xffffffa7]"#[0xffffffa3]^[0xffffff9d][0xffffffda]I9[0xfffffffd][0xffffff85][0x10][0xffffffb9][0xffffff93]k[0xffffffd7]3[0xffffff91][0xffffff92][0xffffff83]g/J[0xffffffb0][0xc][0xffffffc7][0xffffff89]+|[0x19]P[0xffffff89][0xffffffd1][0xffffff99]r[0xfffffff0]n;[0xffffffe0][0x19][0xffffffb0][0xfffffff1][0xffffffc0][0xfffffffd][0xfffffff7]3fj[[0x13][0xffffffa7]c[0xffffffa7][0xffffffc8]0[0xffffffbe]E[0xffffffec][0xffffff91][0xfffffff6]nG[0xffffff98][0x1e][0xfffffffd][0x18][0xffffffd2]?R[0xffffffed][0xffffffe4]'[0xffffffa9][0xffffffb2][0xffffffd1]T [0x19][0xffffff87][0xffffff92]w[0xffffffdb][0xffffffc9]'~![0xffffffba]3R4[0xffffff8d]r[0xffffffed]k[0xffffffe2][0x12]h[0xffffffa9][0xffffffb1][0xffffffe4]O[0xffffffc4]s[0x13][0xffffffd5][0xfffffffc]<[0xffffffe1][0x10][0xffffffa1][0x7][0xffffffee][0xffffffab]l[0xffffff89][0xffffffa6][0xfffffff6]zY[0xffffffb3][0x7]:i[\r][0xffffffc7][0xfffffffd][0x7][0xffffffcd][0xffffffa8]([0xffffffcf]-W[0xffffffc2][0x15][0xffffff87][0xffffff9c][0xffffff8d][0x16]@[0xffffffe1][0xffffff8f][0xffffffa6][0x7]zV=[0xffffffdd][0xf][0x1e][0xffffffa8][0xffffffe7][0xffffffd6][0x1f][0xffffffaf][0xfffffff8][0xffffff8a][0xffffffd7][0x9]c[0xffffffa6][0x4][0xffffffe1][0xffffffb6][0xffffff9c]@Tn[0xfffffffd][0xfffffff4][0x15][0x0]<[0xffffffcf][0xfffffff5][0xffffff97]"E[0xffffffdc]A[0xfffffffd]JJ5<F[0xffffffa2][0xffffffc1][0xffffffb9]n%[0xfffffff2]@a[0xffffffa3]!%[0xe]N[0xffffffe8]\[0xffffffce][0x1]^[0xffffff83]\n[0xfffffffa]&[0xfffffff9]+[0xffffffe5]c{b{6[0xffffffee][0xffffff9e]L[0xffffffdc]@[0xffffffb4][0xffffffb0][0xb][0xfffffff9][0xffffffdd]s[0xffffff8e][0xffffffe2]^[0xffffffa3][0x1c][\n]"
08:05:03.609 [main] DEBUG com.github.dockerjava.zerodep.shaded.org.apache.hc.client5.http.wire -- http-outgoing-2 << "[0xffffff90]/[0xffffff82][0x1f][0xffffffea][0xffffff8d]Kkt[0xfffffff8][0xffffff91][0xffffffbe][0xffffff99][0x1a]I[0x17]-[0xffffffd9][0xffffffd4]n[0xffffffa1][0xffffff8e][0xffffffb5][0xffffffb6][0xffffffa8][0xffffffb8][0xfffffffb][0xffffffd5][0xffffffaf][0xffffffaf][0xffffffd5][0xffffff86]6[0xffffffb9][0xfffffff5][0xffffffb6]<'[0xffffff94][0xffffff9d]{[0xffffffa4][0xffffffc7]R[0xffffffc3][0xffffffb8][0x9]2[0xfffffff8][0xffffffbc]cSd[0xffffffb0]8[0x7f][0xffffff8c]7[0xffffffc7]gG[0xffffffca][0xfffffffd]"@E[0x6]T.[0xffffff80]z[0xffffffed][0xffffffde][0xffffff82]f[0xffffffc0]H?[0xffffffcc][0xffffff8c]]"[0xffffffba]n[0xfffffff4]5,%![0xffffff8c][0xfffffff4][0xffffff86][0xffffffe5][0xffffffee][0xffffffb0][0xffffffc9]2[0xffffffae][0xffffffde][0xfffffffe]4 [0xffffff89][0xfffffffe]E0[0xffffffda][0xffffffa2][0xffffff81]pc[0xffffffe7][0xffffffbb][0xffffffd8]P [0x1d][0xffffff82][0x13][0xfffffff3][0xffffffea][0x1][0xffffffea][0x0]o[0x11][0xffffffbf][0xffffffda]i;E[0xffffffe8]g[0xffffffd5]?[0xffffffd7][0xffffffe1]!>e[0xffffffbd][0xffffffc4][0xffffffb9][0xffffffad][0xffffff8e][0xffffffce]xp,N[0x5]V[0xffffffc5]W[0xffffffdf][0xffffffac]}[0xffffff86][0xffffff8a][0xffffff9b]Cfs[0xffffff8f][0xffffffe8][0xffffff80][0xffffffe8]uR[0xffffff8c][0xffffff81][0xffffffac]u)[0x10][0xffffff9a]b[0xffffffec]x[0xc][0xffffffca][0xffffffcc]O[0xffffff8f]6#[0xfffffff0][0x7f][0xffffffca][0xffffffca][0xffffffb1][0x1e][0xffffff9c]a[0xffffffaa],[0xffffff86]M[0xf]\)[0xffffffbe]l[0xffffffb9]![0xffffffda]q[0xffffffd7]FQ[0x15]Ib[0xffffffe1][\n]"
08:05:03.609 [main] DEBUG com.github.dockerjava.zerodep.shaded.org.apache.hc.client5.http.wire -- http-outgoing-2 << "[0xffffffb3];%[0xfffffff4][0xffffffd3][0xffffffdc][0xffffffb9]&P[\r]{[0xffffffd8]l[0xffffff96]/[0xffffffd0]o$[0xffffffb6][0x18][0xffffff91][0xe][0x1b][0xffffffc1][0xffffffd0][0x2]y[\r]4[0xffffffd2]J{[0xffffffbb]U[0xffffff87][0xffffffe0]l[0x16][0xffffffac][0xffffffb0][0xffffff9c][0xffffffba][0x5]F[0xffffffa2]];[0xffffff96][0xffffffbd][0xffffffcb]}[0xffffff97][0xffffffe9]~;EFQ[0xffffff93][0xffffff9a][0xc][0xffffffb6][0xffffff92][0x6]6B[0xffffffbc][0xffffffca][0xffffffe4] [0xffffffbd]-1[0xffffff9d]xW"xQ[0x10][0x1c][0xffffffdf][0xffffff81][0xffffffae]g[0xc]Tj[0xffffffbe]][0xffffffe7]K[0xffffffce][0xffffffe3][0x1a][0xffffffee]r[0xffffffa9]R[0x19]b[0xffffffc2]a[0xffffffc4]I7[0xffffff8c][0x9];[0xfffffff8][0x3][0x6][0x13][0xffffffb6] [0x1c][0x1c][0xffffffde][0xfffffff5][0xffffff8f]|[0xffffffae][\n]"
08:05:03.609 [main] DEBUG com.github.dockerjava.zerodep.shaded.org.apache.hc.client5.http.wire -- http-outgoing-2 << "[0xffffffb0][0xffffffb3]xz[0xffffffa8][0xffffff89][0xb]aSR[0xfffffff8]k[0xc][0xffffff96][0xffffffd1][0xffffffab]#[0xfffffffe][0xffffffc6][0xffffffc8][0xffffffcf][0xffffffa0][0xffffffff][0x6]o!&=[0xffffffcf][0xffffff9c];[\r]4B[0x9]&[0xffffffaa]y[0xffffffd4]:E[0xe][0xffffffc7]KHM[0x1d][0xffffff99][0xffffffa6][0x17][0xffffff9f])[0x1e]V2[0x17] a[0xffffff8e][0xfffffff6]v[0xfffffffe]m[0xffffff87][0xffffff87][0xffffffe7]ErUQ[0x4]};[0xffffff85][0xffffffab][0xffffffe3]g[0xffffffb6][0xffffffc7]B{[0xffffffae][\n]"
08:05:03.609 [main] DEBUG com.github.dockerjava.zerodep.shaded.org.apache.hc.client5.http.wire -- http-outgoing-2 << "[0xffffff93][0xffffffe5]b[0xffffff94][0xffffffb0][0xffffffac][0xffffffde][0xffffffa8]u[0x11]-sT[0xffffff81]:[0xffffff99][0xffffffd5][0x9][0xffffffb5]e[0xb]J [0xffffffc1]6[0xffffff9d][0xffffffa4]Uo[0xffffffe8]'[0x0]RR3[0xffffffbd][0xffffff99]@[0xffffffe8][0xffffffe2][0xffffffca][0x1][0xffffffe5]P[0xffffffdf]_&[0xffffffa2]MV[0xfffffff6]$[0xffffff8d]f%[0xffffffb0][0x19][0xffffff8f][0xffffff88][0xfffffffe][0xffffffce][0xffffffdd][0xffffffd7]{[0xffffff9c]h[0xffffffef][0xffffffa1][0xffffffe9]>[0x13][0xffffffd4][0xfffffff2][0xffffff9b][0xffffff8e]<[0xfffffff9]e[0xffffffef][0x1f][0xffffffb2][0xffffff86][0xffffffc5]h[0x1c]tBPF76f[0xffffffb5][0xffffff8e]>Ze[\n]"
08:05:03.609 [main] DEBUG com.github.dockerjava.zerodep.shaded.org.apache.hc.client5.http.wire -- http-outgoing-2 << "[0x1c]-[0x1b][0xffffffd5][0xffffffb0][0xffffff91]93&=[0xfffffffd][0xffffffb0][0xffffffc4][0xfffffff3]6[0x0][0xffffffe1][0xffffffe4]U[0x18][\n]"
08:05:03.609 [main] DEBUG com.github.dockerjava.zerodep.shaded.org.apache.hc.client5.http.wire -- http-outgoing-2 << "[0xffffffd9][0xffffffa0][0xffffff99][0xffffff91][0x7f][0x4]T[0xffffffaf][0xffffffc2][0xffffff9a][0xffffffd3]%[0x1e][0xffffffdc][0xffffff83][0xffffffd4]7[0xfffffff7][0xffffffd6][0xffffff92]y[0xffffffc0][0xffffff88][0xffffff98][0x3][0xffffffe1][0xffffffe8]&[0xffffffa1].[0xffffff80][0xffffff99][0xffffffa1][0xffffffa8]E[0xb]S [0xb]cB[0xffffffa6][0xffffffcb][0xffffff86][0xffffff8a]O[0xffffff87]g[0xffffffe6][0xffffffde][0x0][0xffffffd6][0xffffffce][0x10][0xffffffe7][0x2][0xffffffcf][0xffffffba]{[0x0]p[0xe][0xffffffb9]f:x[0xffffffe2][0xffffffb1][0xffffffb3]&[0xffffffb3][0xffffff87]9!Z[0x1f][0x2][0x19][0xffffff9d] [0xffffff87]5~[0xffffffab][0xffffff98][0xffffff90]\E?[0xffffffa2]X[0x10][0xffffff93]{[0x1e][0x1a]q[0xffffff94][0xffffff97]J![0x1a]&[0xffffffdd]}[0xffffffb9][\r][0xffffffc1][0xffffffe5][0x15][0xffffffd5][0xffffffc3][0xffffffef][0xffffffdf];[0xffffffdc][0x11][\n]"
08:05:03.609 [main] DEBUG com.github.dockerjava.zerodep.shaded.org.apache.hc.client5.http.wire -- http-outgoing-2 << "[0xffffffda][0xffffff86][0x16][0xffffff9e][0x15][0xfffffff4][0x11][0x7][0xffffffb6][0xffffff86][0xffffffa4][0xf][0xffffffef];/$[0xffffffa9]X[0x1a][[0xffffffeb][[0xffffff86][0xffffff93][0xffffffc0][0x12][0x18]^[0xfffffffe][0xffffffb9][0xffffffd6][0xffffff85][0xffffffaa]{~[0xffffffd2][0xffffffc3][0xffffffa4][0x2][0xffffff8e][0x14][0xffffffa5]w7Q[0x3][0xffffff81]d[0xffffffec][0xffffff94][0x18]F5[0xffffffda][0xffffff8d][0xfffffff0][0xffffffff][\r][0x13][0xffffff8d]%[0xffffffca][0xffffffd4]B[0xffffffb1]#[0xffffffea][0xf]Kc[0xffffff81][0xffffffa9][0xffffff8a]4B,[0x1][0xffffffc3][0xffffff8b][0xfffffff6][0x13][0x1b][0xffffffcc][0xffffffb2]`[0xffffffe5]Xcc[0xffffffa9]&kIE[0xffffffe3][0xffffffd1][)[0x1e]p"[0xffffffbb][0xffffffac][0xffffff9a]u[0xffffff8e]B[0xe][0xffffffcd][0xffffffaf][0xffffff84][0xb]04[0xffffffbb][0xffffffb2][0xffffffa6]t[0xffffff93][0x11];[0xffffff81]9[0xffffffc2]U[0xffffffe8][0xffffff8d][0xffffffa4][0xffffff81][0xffffff87][0x17][0xffffff91][0xffffffab][0xffffffea][0xffffffb2][0xb]9D[0xffffffa4][0xffffff8b][0xffffffe2][0xffffffc2]v[0xffffff97]8[0xffffffe1][0xffffff93][0xffffffee]a[0x1a][[0x9]vM[0xffffffd4][0xffffffd5]b[0xffffff8c][0xffffffd6]t[0xffffffe4][0xffffff84][0x15][0xffffffbf][0xffffffe7]I{[0xffffffa1][0xffffff86]m'[0xffffff9f][0xffffffb4]X[0x1][0x12][0x1f]e?[0xffffffa5]]9[0xffffff82]L[0xffffffba]8)O[0xfffffff4][0xffffffe0][0xffffffcb][0x3]W[0xffffffdb][0xffffff91][0xe][0xffffffd2]Ik[0xffffffdd][0x1f]"
08:05:03.610 [main] DEBUG com.github.dockerjava.zerodep.shaded.org.apache.hc.client5.http.wire -- http-outgoing-2 << "~[0x11]{[0xffffff91][0xffffffe6]dN6e[0x1c]R[0xffffffdf]\[0xffffffb7][0xffffffaa][0xffffff9a][0xffffff93][0x12][0xffffffc3][0xfffffffc][0xffffff9b]Q[0xffffffe4][0xfffffffa][0xffffffe7]l[0xffffffab]9[0xffffffe5]A)[0xffffffc1][0xffffffb2][0xffffffc7]F[0xffffffa3]+[0xffffffd5][0xffffffed]'[0xffffff86][0xfffffff7][0xffffffa9][0xffffff80]ti[0xffffffe1][0xffffff90][0xb][0xffffffbd][0xffffff84]l[0xffffffea]>[0xf][0xffffffa9][0xffffff9e][0xffffffaa]sq[0x13][0x7][0xffffffb5][0xffffffd3][0xffffff8b][0x14][0xffffffaf][\r]DY[0xffffffb3][0xffffffc3]-l[0xffffffbc]E[0xffffffad][0xffffffa2][0xffffffef][0xffffffc4][0x4]mV[0xffffffd3]S[0xffffffe4][0xffffffa4]L[0xffffff9d]_w[0xffffff83][0x1a][0xffffffbb][0xffffff96][0xffffffec][0xffffff98][0xffffffdb][0xffffffa4]X{[0xffffffb7][0xffffffe8][0xffffffd2]L[0xffffffb8][0x5][0x6]{[0x11][0xffffffb8][0xffffffb2][0x3][0x1]i[0xffffffaa][0xffffffcf][0xffffff88]@[0xfffffff0][0xffffff9f][0x1e][0xffffffa6][0xfffffffc][0x1e][0x7f]C[0xffffffd7][0x12][0x11][0x18][0xc][0xffffffcc]{N5[0xffffffa7]%[0xffffffda]Y[0xffffff95]7[0xfffffff0]I[0xb][0xb][0xffffff96][0x19][0x1d][0xffffff86][0xffffffb9]D[0xffffffb2][0xffffffd3][0xffffffa0]#J[0xffffffaa][0xffffffc5]h[0xffffff9e][0xffffff85]R[0xfffffff6][0xffffffd8][0xffffffa3][0xffffff92][0xffffff94]5[0xffffffe6]7[0x10]}[0xffffffea].[0xffffffcc]][0xffffffb2]c[0xfffffff5]C[0xffffff88]v[0xffffffef][0xffffffbb][0xffffffb1]4[0xffffffa0]z`[0xffffffc3]4j[0xffffff99]pl,[0xffffffd1][0xfffffffd][0xfffffff6][0xfffffff1][0xffffffee][0xffffff8e][0xffffffc7][0xffffff90]qp[0x19][0xffffffaa]s[0xfffffffa][0xffffffe4]n[0x1c][0xffffffea][0xffffffb4]G[0xffffff90][0xffffffae]\p[0xffffff85][[0x1][0xffffff99][0xfffffff5]o![0xffffffd4][0x1d][0xffffffc5][0x11][0xffffffcc][0xffffffa6][0xffffffb3]j[0xffffffd4]U[0x12]<[0xffffffbe][0x17]t [0xffffff9a][0x17]J[0xffffff9a]3[0xffffff9d][0xffffff83]F)[0xfffffff5][0xffffffbf][0xffffffd3][0xffffff9a][0xffffffda]'[0xffffffff]q[0xfffffff6][0xffffff81]dK[0xffffffc5][0x18][0xffffffba][0xffffff99][0xffffffda]`[0xfffffffc][0xfffffff3]8[0xffffffcf]4s[0xfffffffb][0xffffffd4]n[0xffffff81][0xffffff87][0xffffff89][0xffffffae][0xffffffe9]9qTC[0x1c]![0xffffffcd][0xffffffca][0xffffffbf]%[0xffffff93][0x18][0x7]?[0xfffffff8][0xffffffb1][0xffffff97][0xfffffff8]}`.[0xfffffff7][0x1b][0x5]3[0x6][0xffffffcb][0x1]7F[0xffffffc3]B#Q[0x15][0x1b][0xffffffa5]D[0xfffffff8][0xffffffa8][0xffffff83]y[0xffffff9e]g[0xffffffdb][0x1d][0xffffffbb]A[0xfffffff0][0xffffffd0][0xffffff9c][0xfffffff1][\r]C[0xffffffb4][0xffffffbe],[0x12][0xffffffd8][0xffffffac][0xffffffd1]LB[0xffffffa6][0xffffffba][0xffffffa2][0xffffffb3][0xffffff8c][0xffffffcc][0xffffffae][0xffffff94]NG[0x1c][0xffffffde]^[0xffffffc0][0xc][0xffffffbc][0x16]D!b@[0xffffffad][0xffffff88][0xffffffa2]\\[0xffffffc2]#[0xffffffa0][0x1b]C0[0xffffff96][0xffffffda][0xffffff9c][0xffffffc9][0x3]d[0xffffffb9][0xffffffa5]3S[0xffffff9b][0x1a][0xffffff86][0x1b]zi3U[0xffffff96][0xffffff96]/^[0xffffffe3]x[0xffffffa5][0xfffffffa][0xffffffe4][0xffffffdd][0xffffff83]%[0xffffffa2][0xffffffc2]LU[0x5][0x1][0xffffff87][0xffffff80][0xffffff80]9[0xffffffeb][0xffffffe9][0xffffffe6][0xffffff98]^'d[0xffffffb7][0xc][0xfffffff5][0xffffff85][0xffffff81][0xffffffc1][0xffffffcb][0xffffff91]yMjV[0x3][0xffffffea][\r][0xffffffbd]3}[0xffffffb3][0xffffff91]R[\r][0xfffffff2][0xfffffffe][0xffffffc2][0x5][0xffffffc1]([0xffffffd8][0x7]o[0xffffffe7][0xffffffec][0x17][0xffffffe2]d[0x15][0xfffffffa][0xffffffd4]o[0xffffff8e][0xffffffd5][0x7]%iu[0xfffffffb][0xffffffeb][0xffffffcb]([0xffffff91][0xffffff9d][0x14][0xfffffff7][0xffffff9e][0xffffffbd][0xffffffad][0xffffffc1][0xffffffb6][0xffffffa1]S[0x6][0xffffffdd][0xffffff9d][0xffffffbd][0xffffff82][0xffffffa8][0xfffffff8]A[0xffffffdc][0x10]`&[0x1e]~[0xb][0xffffffe4][0xffffff8b][0xffffff90]E8M2[0xffffffc3][0xffffff9d][0xffffff88]~A[0xffffff9b][0xffffffc3][0xfffffff4]K[0xffffff89][0xffffffd7][0xffffff9a][0x4][0xffffffa7][0xffffffb5][0x18][0xffffffa9][0xffffff81][0xffffffd4][0xfffffffe][0xffffffea]E[0xffffffa6][0x1f][0xffffff88][0xfffffff7]:[0x13][0xffffffaf][0xffffffac][0x16][0xffffff99][0xffffffc6][\n]"
08:05:03.610 [main] DEBUG com.github.dockerjava.zerodep.shaded.org.apache.hc.client5.http.wire -- http-outgoing-2 << "[0xffffffd3][0xffffffbe]A[0x17][0xffffffac]=[0xffffffd0]D[0xffffffb1][0xffffffc9][0xffffffc1][0xffffffc5][0xffffffb7]@[0xfffffff1][0xffffff86][0xffffffe3]z[0xffffffbb][0xffffff81][0xfffffffd]R[0xffffffb1][0xffffff86]h[0xfffffff0]A[0xffffffbf][0x2][0xffffffb7]P[0xffffffdd]O[0xffffffa1]u[0xffffffef][0x8][0xffffffe8]si1[0x6]N[0xfffffff6][0xffffffe2]2[0xffffffd3][0xffffffe4]H[0xffffffa3]N[0x1f][0xffffffa5][0xffffff91][0xffffffb6][0xffffffbc][0xffffff97]n[0xffffffa6]C[0x5][0xffffffe2]gU[0xffffffb5][0xffffffd1][0x1f][0xffffff95]x[0xffffffd9][0x1f][0xffffff8f]+[0xffffffeb][0xffffff94][0xc]sY[0x9][0xfffffff0])[0xffffff8b][0xffffffc7][0xffffffd3]?[0xffffffca]Y[0xffffffbb][0xffffffb7][0xffffff89][0xffffffd5]TN[0xffffffa0]$zSA[0xffffff97][0xffffffcb]l[0x1][0xfffffff3]T[0xffffff85][0xffffffbe],[0xffffff81][0xffffff89][0xffffff93]R[0x1e][0xffffffd6][0xffffffa4][0xfffffff7][0xf][0x17][0x8][0xc][0xfffffff6][0x2]3U92[0xffffffc7][0x1a][0xfffffff6][0xffffffca]>N[0xffffff96]][0xffffffb5][0xffffffaa][0xffffffba][0xffffffe2][0xffffffd4][0xb]Ei'[0xffffffd2]7[0xffffff8e]Y"[0xffffffd0]2J[0x1]zEb]wk9[0xffffffef]v[0xffffffb7]-=[\r][0xffffffe8][0xffffffcd][0xc])[0xffffffa0][0xffffff8d][0xffffffa3][0xffffffcf][0xffffffaf][0xffffffcf][0xffffffc3][0xffffffa3]GDCz[0xffffff97][0x5][0xffffffb6]u%9[0x4][0xffffffc5][0xffffffcc][0xffffff80][0x2][0xffffffba][0xffffffd9][0xffffffd8][0xffffff9f]kH[0xffffffcb][0xffffffba][0xe][0xffffffe0][0xffffffa0]([0xffffff9c][0xffffff9b][0xffffffde]<[0xffffffb4]v~[0xffffffaf][0xffffffa3]_[0x4][0xffffffe9][0xffffffd7]*4[0xffffffa0]2([0xffffffd1][0x0]q[0xffffffa0][0xffffffd9][0xffffffb4][0xffffffd3][0xc][0xfffffffe][0x8]E[0xffffffec][0x7f]AQTY|"[0x15][0xffffffa7]7>[0xfffffff7][0x5][0xffffff89][0xffffff97][0xffffff8c]b[0xffffffcf]Gz[0xffffffc5]F[0x18][0xffffffba][0xffffffce][0xffffffe7][0xffffff99][0xffffffa1]'[0xffffff8c][0xfffffff4][0xffffffee]=x-87%/[0x5][0xffffffc9][0xffffff8a]7[0x2][0x8][0xffffffa8]GV[0xfffffff6][0xffffffcc][0xffffffa5][0xffffffbf]J[0xffffffb8][0xffffffd3][0xffffffbe][0xffffffc2]j[0xffffff9d]9[0xfffffff1][0xffffffac][0xffffff8b][0xfffffff6][0xfffffff8][0xffffffe6]w[0xffffff9d][0x13]![0x1][0xffffffbc][0xffffffe2]%Ad[0xffffff86][\r][0x6]B[0xfffffff2][0xffffffbc][0xffffffd4][0xffffffc1][0xffffff90][0xffffff95][0xffffffb3]w9[0xffffffc0][0xffffffbe]Be[0xfffffff4][0x7f][0xc]o-j[0xffffff95]\d+[0xffffffe0][0xffffffa8][0x12][0xffffffcc][0xffffffa2][0xfffffff8][0xffffff8b][0xffffffd7][0xfffffffa][0x9]vF1[0x19]R[0xffffff9f]Y[0xffffffc2][0x4][0x9][0xffffffde][0x7f][0xffffffa3][0xffffffc3]z[0xffffffd4][0xffffffe7][0xffffff93]u[0xffffff8b]?TRz[0xffffff8d]G[0xffffffdc]b[0xffffffbb][0xffffffd3][0xffffffc2][0xffffff9a]%[0xffffffee]/[0xffffffcf]ZX[0xfffffff7]<[0xffffffbf][0xffffffc2]32[0xffffffd1][0xfffffff4][0xc][0xffffffc4]o[0xffffffed][0xffffffa2]-[0xffffff83]t[0xffffffca][0xffffffe9]S[0xfffffffc][\r][0xffffffe3][0x16][0xffffffff][0xffffffc1][0xffffff81][0xffffffcf]sWG[0xfffffffc]I[0xffffffdc][0xffffffea][0xfffffff0][0xffffffbc][0xffffffcd][0xffffffe0][0xffffffd3]i5N[0xffffff8c][0xffffffde]sd[0xffffff87]#1[0xffffffb1]][0xffffff9c][0x16][0xffffffee].[0xffffffcc]}[0x7f][0x18]`[0xffffff99][0xffffff96]LY[0xffffff93][0xffffffde][0xffffffc9]}[0xc][0xffffffaf];tm[0xffffffea][0xffffffb0][0xffffffbf][0xffffffb5]U[0xffffffee]/<[0xf][0xffffffa3]t[0xffffff97]X[\n]"
08:05:03.610 [main] DEBUG com.github.dockerjava.zerodep.shaded.org.apache.hc.client5.http.wire -- http-outgoing-2 << "2|[0xffffffdc][0xffffffcc][0xffffff84]m[0xffffffc2][0xffffffd3][0xffffffa5][0xffffff8e]%[0xffffffe9]MC[0xffffff80]iy[0x17]3Yp[0xffffffe1]H[0x8][0xffffffdc][0x12][0xffffffcd]c[0xffffffea]IW[0xffffffdc][0xfffffff3]<[0xffffff85][0x1a]^[0x1b]S[0xffffffb5];B[0xffffffb2][0xffffffeb][0xffffffc3][0x18]y[0x8][0xffffffc1][0xffffffc2][0xffffffe0][0xffffffa7][0xffffffac][0x18][0xffffff80]||[0x11][0xffffffca]o[0xffffff8c][0xffffffdc]{M[0xffffff89][0xffffffb4][0xffffff9c][0xffffffe9][0x1e][0xffffffab][0x12]j[0xffffffc7]m9[0xfffffff6][0x1e]Y6nd[0xffffffd6]P[0xffffff8d][0xffffffc6]Z;h[0xffffffda]t[0xffffffd7][0x1b][0xfffffffd][0xffffff88]y[0xffffffd8][0x1c]Q[0xffffff8c]\[0xffffff87][0xffffffc9]+[0xffffff8d]p[0xffffffe8]4;[0xffffffed]L[0xffffff9c]Q[0xffffffd5][0xffffffdc][0x1d][0x1f][0x7]k[0xffffff95][0xffffffee][0xffffff81][0xffffffe4][0xffffff9e][0xffffff8a]w[0xfffffff6][0xffffffe3][0xffffffc6][0xffffffbd][0xfffffff2][F<[0xffffffd0]}[0xffffffea]n[0xffffffeb].[0x1c][0xffffff87]2[0xffffffef]P[0xfffffffb][0x1d]5y[0xffffff81]Xk[0xffffffd6][0xffffffd3]_[0xffffffec][x:[0xffffffaf][0x7f][0xffffffa0]&[\n]"
08:05:03.610 [main] DEBUG com.github.dockerjava.zerodep.shaded.org.apache.hc.client5.http.wire -- http-outgoing-2 << "[0xffffff88][0xffffffe0][0xffffffe4]{KZ[0xfffffff5]=j[0xfffffff3][0x6][0xffffffd6]h0e!%[0xffffffe7][0xffffffab]dQ[0x15][0x4][0xfffffffb][0xffffffd2][0xffffffb2][0xfffffffc][0xfffffffe])[0xffffff98][0xfffffffe]x[0x14]vv[0xffffffea][0xffffffcb]D[0xffffffe9][0xfffffff8][0xffffffae][0xffffff8b][0xffffff9f]K[0xffffffa4][0xffffffe6][0x13][0xffffffbb][0xffffff9a]O~[0xfffffff3]J[0xfffffff2]M[0xffffff80]@|[0xffffff96][0x1b][0x9][0xffffffb9]e[0xffffffdc][0xffffff89]Y[0xffffffec][0xc][0xffffffe6][0xc][0xffffff96][0x7f]S[0xffffffc1][0xffffffd9][0xffffffb1][0xffffffc0][0xffffffeb][0xffffff9d][0xffffffd6]G[0xffffffde][0x8]^[0xffffffcf][0xfffffffe][0x6][0xffffffe5][0xfffffff2][0xffffffb9][0xffffffc9][0xffffffdc][0x15]>[0xfffffff3][0xffffffbe][0xffffff8b][0xffffffec][0xffffffd0][0xffffff9d][0x1a][0xffffffa1]aI[0xe][0xffffffad][0x12][0xffffff8b][0x4][0xffffff84]k[0xffffff8d][0xffffffe2][0x3][0xffffffc3][0xffffffdc][0x19][0xffffffb3];[0xffffffe0][0xffffffe9],[0xfffffff9][0xfffffffc][0xffffffc6]0[0x14][0xffffff92][0xfffffffe]*0E[0xffffffac]{[0x9][0xffffffb6]B[0xffffffb8][0xfffffffd][0x6]ZG[0xffffffcf]6[0xffffffa4][0xffffffce]o[0xffffff80][0xfffffffd][0xfffffff6][0xffffffdf][0xffffffb0][0xffffffb5]ta[0xffffffd7][0xffffffd0]?T[0xffffffa1][0xffffffb0][0xffffffb6][0xffffff9a][0x11][0xffffffa6]^e[0xffffff98]l[0xffffff8a][0xffffffe8][0xffffff99]\[0x9][0xffffffc6]3[0xffffff8a]6 [0xffffffbc][0xffffffde]p &[0xffffffc4][0xffffff85]>e7z[0xffffffec]I[[0xffffffb5]6[0xffffffb4][0xffffffb3][0xffffffaf][0xffffffac][0xffffffbf]m[0xffffffb8]p[0x10][0xffffffb8][0xffffffb1],[0xfffffff7][0xffffffed][0xffffff9e]j[0xffffffe7][0xffffff81]4h[0xffffffb0][0xffffffe1]U(S[0xffffffcd][0xffffff84]E[0xffffff9c][0x0][0xffffffaa][0xffffffdf]2[0xffffffe9]F[0x1a][0xf][0xffffffb9]l#[0xffffffae][0xfffffff1]V_[0x12][0x15]i[0xffffffab][0xffffffc1][0xb]J[0xffffff94]"u=[0x15][0xf][0xffffffd6][0xffffffa7][0xffffff8b][0xe][0xffffffc4]H|[0xffffffb0]Cf[0xffffffa3][0xffffffed][0xffffffdc]z [0xffffffd2][0xffffff8a]5D[0xffffffe7][0xffffffdd][0xffffffda][0xffffffff]i#4[0x13]qlQ[0xffffffbd][0xffffffd0]Z[0x18]u[0xffffff99][0x14][0xf]>I[0xffffffd2][0xffffffd7][0xffffffca][0xfffffffc][0xffffffbc][0xffffffa6][0xffffffc9][0xe][0xffffffe7][0xffffff98],J[0xffffff82]F&[0xffffffd4]$[0x1a][0xffffff94][0xffffff82]7[0x2][0x9][0xffffff8b]P[0xffffff93][\n]"
08:05:03.610 [main] DEBUG com.github.dockerjava.zerodep.shaded.org.apache.hc.client5.http.wire -- http-outgoing-2 << "[0xffffffb6][0xffffffc3][[0xffffff95][0xffffffb8][0xfffffffc][0xffffffa4][0xffffff86][0xfffffff8][0xffffff99]x[0xffffffad]2[0xffffffe3]Eq;m[0xffffffcd][0xffffffea][0x9]Bq[0x1b][0xffffff89][0xffffffa8][0xffffffe0]2[0xffffff87]f[0xffffffb3][0xfffffff3]s[0xffffff9d][0xffffff87][0xfffffffc][0x1a]c[0xc]v[0x12][0xffffffef][0xffffffa6]p[0xfffffff6][0xffffff98][0xffffff8b][0x7]<[0xffffffae]\[0xffffff91][0xfffffff1][0xffffffe3]u[0xffffffdb]e[0xfffffffa][0xfffffff9][0xffffffc4]~Hl[0x14][0xfffffff8][0xfffffffb]{[0xffffffcb]v6[0xffffffcc]j[0xffffffd7][0xffffffcb]5[0xffffff8c][0xffffffff][0xfffffff3][0xffffff82][0xffffff8d]7[0xffffff9d]`[\n]"
08:05:03.610 [main] DEBUG com.github.dockerjava.zerodep.shaded.org.apache.hc.client5.http.wire -- http-outgoing-2 << "[0xc][0xffffffd5][0xffffffa2]$[0xffffffa3][0x5][0xffffffe1]`[0xffffffff][0x3][0xffffffac][0x9]m[0xffffffbb][0xffffff8d][0xe][0xffffffe9][0xffffffe9][0x9][0x1a]N%;[0xffffffd8][0xffffff8c][0xffffffa9][0x7][0xffffff94]tz[0xffffffe8].x_m[0xffffffd0][0xffffffea][0xffffff94][0x11][0x1]&[0x1b][0xffffffee][0xffffffef][0xffffffd8][0xfffffffe][0xffffffd4]{2[0x17][0xffffffff]9",[0xffffffb5][0xffffffb1]U[0xffffff93][0xffffff93][0x10]y[0xffffffb1]m[0x5][0xffffffc7][0xffffffb2]O[0x9][0xffffff9e][0x19][0xfffffffc][0x9]N[0xffffff81][0xffffffec]}[0xffffff90][0xffffffcc][0xffffffd2][0xffffffb6][0xfffffffc]7[0xffffffa7][0xfffffffb][0xffffffb3]![0xfffffff7]C[0xffffffaf][0xffffffde][0x17]%[0xffffff97]O[0x1][0x10]6H[0xffffffcc][0xffffffac]|3[0xffffffcb][0xffffff8e][0xffffffa2]][0x8].JR[0xffffffbf][0xffffffbf][0xf][0x7f]|[0x1a][0xffffffd1][0xfffffff0][0xffffffcf][0xffffff89],[0xffffffa0]%))[0x1d][0xffffff93][0xffffffcd]>q[0x1a]!VAk[0xffffff97] [0xffffffee]q[0xffffffe9][0x1b][0xfffffff9][0xffffffa2][0x3][0xffffffd7][0xffffffc2][0xfffffff8][0xffffffef]y`~[0xffffffb9][0x7]kk[0x18][0xffffff9e][0xffffffb8][0xffffffcf][0xfffffffe][0xffffffb7][0xfffffff4][0x1];a[0xffffffe1]v[0xfffffff0][0xffffffdd]K[0xffffffce][0xffffffed]+[0xffffff97][0xffffffb6]Tl[0xfffffff2][0xffffff8c]*[0xffffffe2]![0x2][0xffffffff]['e[0xfffffff0][0xffffffe9][0xffffffa8][0x8][0xffffffc7][0xffffffa4][0xffffff88]=aX[0xffffffc7]t[0xffffffdc][0x8]+[0x1][0xffffffad][0x10]b[0xffffffd1]c[0x14][0xffffff9e]=[0x12][0xffffff83][0xffffff97]*[0xffffffab][0xfffffff2][0xffffffd5][0xffffffab][0x1c][0xffffff9d][0xffffffc6][0x12][0xffffff81][0xffffff99]&[0xffffff96]L][0xffffffe7][0xffffffc3][0xffffffa1][0xffffff84][0x1f][\r][0xffffff80]U[0xffffffb1][0x0][0xffffffe8]'[\r][0x4]\@[0x1][0xfffffffc][0xffffffb7][0xffffff95][0xe]$[0xfffffffe][0xffffffeb][0xffffffd5][0x1b][0xfffffffd][0xffffffd1][0xffffffb9][0xffffffaa]S[0xffffff99][0xffffffeb]P[0x8][0xffffffaf]o[0xffffffd8][0xffffffb1][0xffffff8e][0xffffffc6]i[0xffffffca][0xffffffbe][0xffffffce]5P[\n]"
08:05:03.610 [main] DEBUG com.github.dockerjava.zerodep.shaded.org.apache.hc.client5.http.wire -- http-outgoing-2 << "[0xffffffbb][0xffffff85][0xffffffad][0xffffffc8][0x1c]F[0x18][0xffffffd2]UE[0xffffffe1]As[0xfffffff6][0xffffffcc][0xffffffbc];R[0x1d]>"m[0x17].[0xffffffed]|[0xfffffff2][0xffffffeb][0xffffff9c][0xffffffb0][0xfffffff1][0x1f][0xffffffbe]A[0xffffff9a][0xffffffeb][0xffffff84][0xffffffae][0xffffffdf][0xffffff94]P91[0xffffffd8][0xffffffea][0xf][\r]z%[0xffffffca][0xffffffde][0xffffff8f][0xffffffb9]l[0xfffffff3][0xffffffac]H[0xffffffa8][0xffffff98][0xffffffbe][0xffffffe3][0xffffffdd][0xffffffe6][0x16]A[0xffffff8c][0xffffff91]$[0xffffffe6]2[0x7f]H[0xfffffff7]u[0x5][0xfffffff8][0xe][0xffffffe9][0xfffffff6][0xfffffff5][0xffffffdd][0xffffffcf][0x9][0xffffff83][0xffffffa7],[0xffffffdc][0x4][0xffffffb1][0xffffffa2][0xffffffd7]w%[0xffffffe3][0xffffffd8]( n[0x17][0xfffffff3][0xffffffb3]Zy[0xffffffd0][0xffffffe4][0xffffffa0]F[0xffffffef][0x1]i[0xffffffd0][0xffffffba]q[0xffffffe5]*[0xffffff84]I;[0xffffffdb][0xffffffaf]L<2[0xffffffb4][0xffffffe7]^[0xffffff96][0x19][0xffffffba][0xffffffce]k[0xffffffa3][0xffffffe1]S[0xffffffc1]s[0xffffffce][0xffffffa1][0xffffff84][0xffffffeb])|[0x17]_S[0x1f][0xffffffc6][0xffffffe8]c[0xffffffc9]/[0xffffffa4]|[0xffffffce][0xffffff93][0xffffffd3]8:a6~[0xfffffff2][0xffffffad]5u<u[[0xffffffd0]Z[0xffffffc8][0xffffffa6][0xffffffb3]%[0xffffffbf]U[0xffffff8d][0xffffffb5][0x2][0xffffffef]6[0x8][0x19][0x16][0xffffff9a][0xffffffe5][0x14][0xffffffc7][0xffffffa8]4[0xffffff8f][0xffffffb7][0xfffffffb]"u[0xffffff9a][0x1f]S.[0xffffffec][0xffffffd6][0xffffffb9][0xffffff9d][0xffffffc9][0xfffffff2]p`F`[0xffffff9a][0xffffffec]h[0xfffffff4][0xffffffa3][0x17][0xffffffe1][0x11][0xffffffec]9Hc[0x8][0xffffffb3][0xffffff86][0xffffffdd][0x7][0xffffffd2]9r{[0x0][0xffffff95]K2*[0xfffffff0][0xffffffc2]B[0xffffffc2][0xfffffff2][0xffffffef][0xfffffffe]A[0xffffffc7][0xfffffffd];l[0xffffffc8]JF[0xffffffcf][0xffffffa5]9p[0xffffffaa][0x1f]H&_[0xfffffff3]o5[0xffffffbc][\n]"
08:05:03.610 [main] DEBUG com.github.dockerjava.zerodep.shaded.org.apache.hc.client5.http.wire -- http-outgoing-2 << "[0xffffffc1][0x9][0xfffffff4][0xfffffff1]8[0xffffffd8][0xffffffdd][0xffffffa9][0xc][0xffffff84]G[0xffffffa5][0xffffff9e][0xffffffc6]*[0xffffffcc][0xfffffff0][0xffffffd6][0xffffffdb][0xffffffe9][0x19]8Np[0xc][0xffffffde][0xffffffd9]eim[0xffffffcb][0xffffffa3][0xffffffde][0xfffffffa][0xffffffa1]^[0x18][0xffffffcc][0xffffffdd][0xffffffda]~[0xffffff95][0xffffffce]f[0xffffff89][0x5][0x0][\n]"
08:05:03.610 [main] DEBUG com.github.dockerjava.zerodep.shaded.org.apache.hc.client5.http.wire -- http-outgoing-2 << "t_[0xffffffbe][0x17][0xffffffaf][0xffffffed][0xffffffbe]m[0xffffffc9][0x18]e[0xffffffe5]N[0xffffffe6][0xffffffba][0xffffffbd][0xffffffe3][0xb][0xffffff96][0xffffffce]\4[0xffffffdf][0xfffffffb]`r[0xe]8/<t"9[0xffffffa0][0x10][0xfffffffb][0xffffff9a][0xffffff85][0xffffff82][0x8]'c[0xffffffe2]jYy[0x11][0xffffff8a][0xffffffcd][0xffffffa7][0xffffffaf][0xffffffda][0xffffffcb][0xffffff97][0x14][0xc][0xc][0xffffffeb][0xffffff94][0xfffffffb][0xffffffd8][0x9]l[0x5][0xffffff80]F[0xffffffda],[0xffffffa2]W[0x1][0x4][0xffffffe6]r[0xb][0xffffff84][0xffffffda][0x18][0xffffffa6][0xffffffb9]62[0xffffffad][0xffffffd2][0xffffffef][0xfffffff3][0x16][0xffffffa2][0x1e]F[0xffffff98][0xffffffaa] ^\[0x8][0xffffffbd]{[0xffffffb1][0x6][0xffffffa4][0x1];%[0xffffff8b].[0xffffffe3][0xffffff9b][0xffffff95]WJ[0xfffffff5][0xffffffa7][0x7][0xffffff8f][0xffffffc4][0xffffffca][0xffffffab][0xffffff9c][0xffffffd4][0xffffffc9]D[0x1a][0x8][0xffffff8c][0xffffff81]9[0xffffffc4][0xffffffa6][0xffffffd8]{2[0xffffffdc]S[0xffffffef]/[0xffffff8a][0xffffffc0]m[0xfffffffb]E[0xffffffbd]E.[0xffffffc6][0xffffffce]AC![0x18]n[0xffffffa6][0xffffffd0][0xffffffce][0xffffff83]f^KZ[0xfffffff0][0x1d]ha[0xffffffae][0xe]uB[0xffffffef],[0xffffff9c][0x11][0xffffffd6][0xffffffd0]+[0xffffff85][0xffffffd3][0xffffff94][0x1a][0xffffffaf]`[0x7f]9[0xffffffb6][\n]"
08:05:03.610 [main] DEBUG com.github.dockerjava.zerodep.shaded.org.apache.hc.client5.http.wire -- http-outgoing-2 << "[0x0][0x19][0xffffff92][0xfffffff3]g[0xffffffb1][0xffffff81]=M[0xffffffc2][0xffffffdc][0xffffffe1][0xffffff9a][0xffffffc8][0xffffffec][0x1][0xffffff93][0x14]][0xffffff91]V[0xffffffb2]69NM[0xffffffc1][0x1e]v*[0xffffffdd][0xffffff9b][0x17][0xffffffc7]dP'(}?[0xffffffa1][0xfffffff7][0xffffffc5][0x5][0xffffffb9][0xffffff84][0xffffffde][0x16]%[0xffffff94][0xffffffae][0xfffffff6]:n[0xffffff9a]>a[[0xffffffdb][0xffffffe3]3[0xffffffac]z[0xffffffa0]?[0xfffffffc][0xffffff95][0xffffff8a][0x11][0xfffffff9]-[0xffffffed]9f[0xffffff80][0xffffffc4][0xffffffa3][0xffffffed][0xfffffff5][0xfffffff4][0x11][0xffffffcd]=[0xffffff9f]M`[0xffffffaa][0xffffffc1][0xffffffbd][0xffffffa0][0xffffffff][0xffffff87][0xffffffd2]d[0x12][0xffffffaf][0x11][0xfffffffd]{+[0xfffffffc][0xffffffa2]x[0xffffff86][0xffffff8f][0xffffffbe]W[0xffffff8f][0xb]1d[0xffffff89]\[0x1d]D.[0xffffffff][0x6]VN[0xffffffd4][0xffffff92]"q[0xfffffffa][0x18][0xffffffe8][0x1e][0xffffff87][0x11][0x1d][0xffffff99]>z[0xffffffe7]es[0xffffffea][0xffffffae][0xffffffe0]$[0xffffffa2][0xffffff82][0xffffff82])[0x1f]5[0xffffffa5][0x6][0xffffffb1][0xffffffc8][0xffffffd7][0xffffffa9]m[0xffffff82][0x19],pY[0xffffffd1];[0xffffffb9][0xffffff9b][0xffffffc8][0xffffffbe][0xffffff93]U[0xffffffee]g[0x10]P[0xffffffbc][0xffffffb0][0xffffff91][0xffffff93]G[0xffffffc1]o[[0xffffff88][0x11][0xf]f[0xffffffbb]{_[0xffffffdb][0x7f][0xffffff94]i [0x10][0xffffffec][0xffffffc7]j[0xffffff9e][0xb][0xfffffff7][0xb]U[0xffffff8c]?>?[0xffffffc8].[0xffffffdb]e[0xffffffb6]k)g7[0xffffffe0][0xffffffef][0x1b]g[0xffffffe6][0xffffffd4][0xe][0x1e]C[0xffffffa1]g[0xffffffe2]Gdo(f[0xffffff82]B[0xffffff96][0x1][0xffffffaf][0xffffffa2][\n]"
08:05:03.610 [main] DEBUG com.github.dockerjava.zerodep.shaded.org.apache.hc.client5.http.wire -- http-outgoing-2 << "[0x16]m[0xffffffd9]{[0xffffffad][0xffffffeb]O[0xffffffbf][0xffffffec]X[0xffffffa5]?[0x13][0xffffffc4]$rz[0xfffffff4][0xffffffe6]lK@[0xe]:[0x12]C[0xe][0xffffffd1]0[0x1e][0xffffff87][0xffffffa1]G4[0xffffff9f][0xffffffa7][0xffffffbd][0xffffff9f]*D[0xffffffb0][0xffffffb1]AhA[0xffffffd0][0xffffff9b]~t6iz[0xffffffbb][0xffffffa7][0xffffff9f][[0xffffffa0][0xffffffcc][0xfffffffe]oO[0xffffff9d][0xffffffec]y[0xffffffc7]d\[0xffffffee][0xffffffd1]?[0xffffffc4][0xffffff94]+[0xfffffff7][0x5].[0xffffffa9][0xffffffba]i[0xfffffff9]L`e r[0xffffffdc],[0x10][0xfffffffc][0xffffffc0]n^7[0x6][0xffffffcf]AF[0xfffffff1][0xffffffe6][0xf][0xffffffe8][0xffffffd7]@L[0x2]V[0xffffffa0]%[0x13]K[0xffffffab][0xffffffd1][0xffffffcb]([0xffffff8c][0xffffff9b][0xffffffaa][0xfffffff1][0xfffffffd][0xffffffa5]"[0x1d][0xffffff94]@[0xffffffd8]2e_&[0xffffffb6][0xffffff84]j[0xffffffef][0x1d][0xc]P[0xffffff96][0xffffffa9]Bp[0xffffff99][0xffffffd5][0xffffffdb][0xffffffe6][0xfffffff4][0x1c][0xffffffdb][0xffffff8a]0y[0xffffffbb][0x5][0x5][0xffffffd9][0xffffffb4]G[0xfffffffc]x[0xffffffdf]E[0xffffffb3][0xffffff85]y[0xffffffc8][0x14]Dg&[0x3]P7@[0xffffffb7][0x7f][0xffffffc7]9[0xfffffffd][0xffffffa7]0[0x15]9[0xffffffcb][0xffffffef][0xfffffff4][0xffffff80][0xffffff86]i[0x3]_[0xffffffdf]FC[0x8]Oq[0xfffffffd]@'[0xffffff9a]^[0xffffffad][0xffffffe4][0xffffffe2]p[0xffffffec][0xffffffb7][0xffffff96][0xffffff97][0x1d][0xffffffdd][0xffffffd8]UIU[0xffffffe7][0xffffffe8]Gol[0xffffff9a][0xffffffba]n[0xffffffef].)L-N-[0xffffffc5]#[0xffffffb9][0xffffffe7]9[0x11][0xffffffeb]Q[0x19][0xffffffb7]S[0xffffffe0][0xffffff93][0xffffffcd]2A[0xffffffd0][0xffffffce]E[0xfffffff9]#%.[0xffffffe8][0xffffff94]'[0xfffffff3][0xffffffee][0xffffff84][0xffffffc8]$[0xffffff86],^[0xfffffff7][0xffffff9f][0x0][0xfffffff0][0xffffffb9][0xffffff99]i[0xfffffff0]^[0xffffffb9]3[0xffffff9e][0xffffffa6][0xfffffff7][0xffffffb2][0xffffffbc][0x2][0xffffff9c]x[0xffffffb1][0xffffffcd]&x[0xffffffcb][0x1f]g[0xffffffdc][0xffffff86][0xffffff8f][0xffffffb0]H [0xe][0xffffffa0]B[0xffffffcb][0xfffffffd][0xffffffcb][0xffffffee][0xffffffad]X~%[0xffffffae][0x1d]944F[0xffffffc5][0xfffffff4]s[0xffffffa5]y[0xffffffe0][0xffffffbb]V[0xffffffd5][0xffffffeb][0xffffffc7][0x10]+[0xfffffffc][0x18]Md[0x19]%;[0xffffffa6]b][0xffffffb5][0x12]`[0xffffffe6][0xffffff92]![0xffffffb0]L[0xffffffbe][0x16][0xffffffd6][0xffffffef][0xffffffb4][0x8]o[0xffffffe5][0xffffffdf]}[0xffffffee][0x11][0xffffff93]}[0xfffffffb][0xfffffffd][0xffffff90][0xffffffe1][0xe][0xc]SbV[0xffffffb5][0x4][0xffffffff]4_[0xffffffaa][0x0][0xffffffe1]a[0xffffffde][0xffffffb6][0x1d][0xffffff92][0xffffffee][0xffffffe1][0x1d][0xffffff9b][0xffffffa1][0xffffffc2]U[0xffffffcb] [0xffffffaf],n[0x4][0xffffffed][0xffffffa1]-9[0xffffffa1]W[0xffffff9c][0xfffffff9]c{[0xffffff85]Z[0xffffffa0][0xffffff84][0x3]l9S[0xffffffc6][0xffffffa2] [0xffffff8e]u[0xffffffc5]kfq"o[0xffffffb9]9[0xffffffd9][0x7f]?[0xffffffa3]%[0xffffffca][0xffffffc9]/jLY[0xffffff92][0x12]q?1[0xffffffc7][0x1c][0xffffffa2][0xffffffa4]FT[0xffffffbb]dFc[0xffffff8c]a[0xffffff99][0xffffffbc]w[0xffffffe3]a[0xffffffec][0x1b]S[0xffffffe2]-[0x13][0xffffffd2]g[0xffffff98][0x1e][0xffffffde][0x1d][0xffffffca][0xfffffffe]d[0xffffff93]a[0xffffffcd]J[0x7f]:[0xffffffd4]J[0xffffffd6]#[0xffffffb8][0xffffff8d]Xe[0x18]u5[0xffffffa9][0xfffffff9]9[0xffffff91]5[0xffffffda]:[0xfffffff4]d[0xffffffe7]2[0xffffffd7][0x4][0xffffff85]([0xffffffa8][0xffffffda][0xffffff9f],[0xffffffe2]0}[0x16]&D[0xffffffa7][0xffffffd3][0xffffffd0][0xffffffe3]k0[0xffffffd5][0xffffff83][0xfffffffc]LO[0xb]~[0xfffffff5][0x7][0xffffff80][0x5]'[0xffffff84]T`qR[0xffffffd3][0xffffffbe][0x2]W[0xffffffa0]v[0xffffff8c]t[0xffffff94]R[0x6]He[0xffffff89][0x19]OU][0xffffffff][0xffffff98][0xffffffc3][0xffffffe1]s[0xffffff8c][0xffffffa4][0xffffffe7][0xffffffee]E[0xffffffdd][0xffffffed]#[0xffffffdf]6[0xffffffd4]z%O"[0xffffffca]'H~Wk[0xffffff92][0xffffffde] [0x19]~EW1[0x18]~-[0xffffffe4][0xfffffff0]h)[0xffffffc4][0xffffffb4][0xffffffba][0xffffffd7][0xffffff9f]}[0xffffffb1][0xffffffee],[0xffffffe6]9J[0x1e][0xffffffb0][0xffffff82][0xffffffaf][0xb][0x6]![0xfffffffa][0xffffffa9][0xffffff95]=[0xffffffc6][0xffffffa7]gj[0xfffffff1][0xffffffc9][\n]"
08:05:03.610 [main] DEBUG com.github.dockerjava.zerodep.shaded.org.apache.hc.client5.http.wire -- http-outgoing-2 << "[0x16][0xffffffdc][0xffffffba]a[0xffffffb2][0xffffff8f][0xfffffff5] H[0xffffffb4][0xffffff9e][0xffffffbd]]+[0xfffffff9][0xfffffff3][0xffffffb6][0xfffffff5][0xfffffff1]c[0x1e][0xffffffcb][0xffffff8f][0xffffffbd]e)[0xffffffcf][0xffffffb5][0x9]oPv[0x5]'[0xffffff80]a[0xfffffff6][0xffffffc2][0xffffffd3][0x7f][0xffffffdd][0xffffffc7][0xffffffda]J[0xffffffbe]T[0xffffff95]9[0xffffffd7][0x5]q+[0xffffffdc][0xffffffba][0xfffffffd][0xffffffc9][0x19]%[0xffffffe9]RK[0x0][0xffffff81]4[0xffffffa8][0xfffffff0][0xffffff86][0xffffffcf][0x12][0xffffff9e][0xffffff86]4[0xfffffffd][0xffffff99]\[0x6]_=[0xffffff84][0xffffffe3][0xffffffb8][0xffffffd7][0xfffffffc][0xffffffa7][0xffffffff]d[0xffffffb8][0x3][0xffffffa5][0xffffffbf]<T[0xffffffab]-[0xffffffc2][0x1][0x3]?>h#[0xffffffa8][0xffffffe1]^[0xffffffd8][0xffffffef][0xffffff90][0x2][0xffffffa1][0xffffffcc][0xfffffffd][0xffffff88]g[0x1]SV[0xffffffa7][0xffffff91][0xfffffffe][0xffffff9a][0x7][0xffffffe3]us[0x0][0xffffff9e][0xffffffe1][0xffffffd9]j[0xffffffb3]y[0xffffffa4][0xfffffff3][0xffffffd4][0x13][0xffffffbd][0x6][0xffffffb8][0xffffffcb][0xfffffff4][0xffffff8f]7n[0xffffff90][0x9][0xffffffea]T[0x9][0xfffffff8][0xffffffca][0xfffffffb];l7]Z[0xffffffab][0xffffffb2]i[0x6]3[0x13][0xffffffe4][0xffffff81][0xfffffffb]N[0xffffffa3],R[0xffffffc7]iR[0xffffffde][0xffffffe3][0xffffffff])[0xffffff89]"[0xffffffe1][0xffffffc2][0xfffffff4][0xfffffffb]^[0xffffffc4][0xfffffff9][0xffffffe2]i3[0xffffff8b][0xfffffff1][0x11]7*[0xffffffaf][0xffffffca][0xffffffdf][0xffffff8e][0xffffff80][0xffffffdc][0xffffff86][0xffffffdc],9[0xffffffb8]Hg[0xffffffe4]&[0xffffffd9][0xffffffba][0xffffffc1]a[0xffffffd4][0xe][0xffffffea]#[0xffffffc0]J[0xffffffaa][0xffffff99]o[0xf]~[0xffffffdc][0xffffffb5]gX'f[0xffffffff][0xffffffe2]:[0xffffffcb][0xffffffc1][0xf][0xe]^G[0xffffffb3][\n]"
08:05:03.610 [main] DEBUG com.github.dockerjava.zerodep.shaded.org.apache.hc.client5.http.wire -- http-outgoing-2 << "[0xffffff84][0xffffffa3][0xffffffff]%[0x15]{[0xffffffda]K[0xffffffe0][0xffffffe3][0xffffffdf][0xffffff9c]z[0xffffff8f]^1[0xffffffd5]{][0xffffffd8][0xfffffffd][0xffffff96][0xffffff9d][0xffffffb0][0xffffff97][0xffffffe3][0x1b][0xffffffd5]+[0xffffffef][0xffffff9d]0[0xffffffd1][0xffffffb5]6[\n]"
08:05:03.610 [main] DEBUG com.github.dockerjava.zerodep.shaded.org.apache.hc.client5.http.wire -- http-outgoing-2 << "[0xffffffd8][0xffffffd1][0xffffffbd][0xffffffb7]*x[\r]@[0xfffffff3][0xf][0xffffffe3][0xffffff96][0xffffffe3]L[0xffffffe6]4c[0x1a][0xffffffa9]+2[0x16][0x1b][0xffffffc5]E[0x15][0xffffffeb][0xffffff98][0xffffff84][0x2][0xffffffb7]S[0xffffffc2][0xffffffc6][0xffffffc9][0xffffffb9][0x7][0xffffffd8]=mg[0xffffffbf].[0xf]&[0xffffff95][0xffffffd2][0xffffffe8]G[0x12][0xffffffb2][0xffffffc4][0xffffffc9]r[0xffffffe9]k[0xffffff9a]J:}QN[0xffffff9b][0xffffffd1]r,[0xfffffffe][0xffffff85][0x9][\r]L[0xffffffa0]P[0xffffffe2]+[0xfffffffe]T[0xffffffd2][0xfffffff5][0xffffffcd][0xffffffeb]O[0x1][0xffffffa8][0xffffffc8];[0xffffff9b]=[0xffffffb7]x[0xffffffb7][0x1b][0xffffff81][0xffffffca][0xffffff83][0xffffffcf][0xffffffa5][0xffffff81]N[0x1b][0xffffff8f]C[0xffffff87][0xffffff8d][0xffffffa6][0xffffffb8][0xffffff90]&[0xffffffd8]'[0xffffffbc]r[0xffffffff][0xffffffeb]FA>[0xffffffd7]n#4[0xffffffdb][0xffffffbe][0xffffffe2][0xffffff93][0xffffffd3],[0xffffffa7][0xffffffd5][0xffffffc0][0xffffff9e]+#[0xffffff90]Z[0xffffffdd][0xffffff88][0xffffffe6][0x1f][0xffffff8c][0xffffffc7][0x13][0xffffff9b][0xffffff9f][0xfffffff5][0xfffffffc][0xffffff9b][0x1a][0x0][0x10][0xffffffee][0x3][0x0]l[0xfffffffc][0xffffffa1][0x0][0xffffffc0]V[0x0][0xfffffff8][0xffffffd6][0xffffffff]A[0xffffff90][0x9][0x3][0x0][0xffffffc0][0xffffff86][0xffffff82]y[0xffffff8a][0xffffffa2]h4[0xffffffea][0xffffffd5]ED[0xfffffff8][0xffffffb6]X[0xffffffb3][0x2][0xffffffe2][0x0]r9[0x2]t:m}[0xfffffff5][0x18]_$[0x1][0x10]j[0xffffffa5]I[0xfffffffe][0xffffff99])[0x0]`[0xffffffdf][0xffffffa2][0xffffffd4][0xffffff8a][0xffffffeb][0xffffff84][0xffffffcb]K[0x6]h[0x3][0xffffffd8][0xffffffa8][0xffffff97]T[0xfffffff4][0xffffffb0][0x1c][0xffffffcc][0x11][0xffffffe9][0xfffffff9]Bt[0xffffffa9]9=q[0xffffffe2][0xffffffd6][0x7f][0xffffff93][0xffffff97]D[0xffffffae][0xffffffd7][0xffffff90])%Y[0xffffffb5][0xffffffdd][0xffffffaa]wd24[\n]"
08:05:03.610 [main] DEBUG com.github.dockerjava.zerodep.shaded.org.apache.hc.client5.http.wire -- http-outgoing-2 << "Ac[0x1d]g[0x1c][0xffffffaf]r^[0x5]2ow[0x6][0xffffffdc][0xffffff93][0xffffffbb][0xffffffc1]tF[0xffffffb7][0xffffffa3][0xffffff9a]-[0x13][0xfffffff8]#[0xffffffba][0xffffff9d][0xffffff9b][0x4][0xffffff93][0xe]#K[0xffffffac][0x1d][0xffffffb5][0xffffff91]r[0xffffffc9][0xffffff8c][0xffffff94][0xffffff95][\r][0xffffffba][0xffffffca][0xffffff8c][0xffffffa1]*Y[0xffffffa9][0xffffff80][0xfffffffe]R{[0xffffffcc][0xffffffda][0xffffffeb][0xffffffb3]k[0xffffff96]*[\n]"
08:05:03.610 [main] DEBUG com.github.dockerjava.zerodep.shaded.org.apache.hc.client5.http.wire -- http-outgoing-2 << "[0xffffffae]~[0xfffffff5]BW[0x17][0x13][0xffffff9d]v[0xffffffda]Y5[0xffffffde][0x1][0xffffff86][0xffffffb1]Kf[0xffffffc0][0xffffffae][0xffffff85][0xffffff8f]r3m[0xffffffd8][0x7][0xffffffa8][0xffffffba][0x1a]-[0xffffff94][0x2][0x0][0xffffffb3][0xffffffd6][0xffffff8e]Q[0x2],O[0xffffffdf][0xffffff9e][0xffffffe9]K*[0xffffffc8][0x1f][0xffffffe6][\r]1[0xfffffffa]}[0x0][0xffffffee][0xffffffe1]b[0xffffffde][0xffffffd7][0x1a])[0x7f]U[0xffffff80] `:[0xffffffb3]<R?[0xffffff90][0xffffff98][0x7][0xffffffbc][0xffffffc9]^G[0xffffffee]X[0xffffffa6]Z"[0x4][0xffffffd0][0xffffffe8][0xffffffaf]7[0xffffffcd][0xffffffdd][0xfffffff3][0x16]#[0xffffffb5][0xffffff97][0xffffffca][0xffffffb2][0xfffffff8]3[0xffffff8b][0xffffff90]r[0x5][0xffffffe4]U[0xb]Ax[0xfffffff3]k[0xffffff93]/A[0x17][0xffffffa8]$[0xffffffdb][0xffffffec]V1[\r][0x6]ndyZ[0xffffff94]2jT[0xffffffa9][0xffffffa6][0xffffffdc]Q[0x7f][0x19][0x6][0xffffffc3]x[0xffffffcb]^h[0xffffffdd][0xffffffe3][0xffffff92][0xffffffbf]+pfC[0xffffffe2][0xfffffff3][0xffffffaf][0x18][0xffffffe7][0xffffffbe][0xffffffa0][0xffffffec][0xffffffd7]*[0xffffffc5]:R#k[0xffffffb0][0xffffffd6][0xffffff8b][0xffffff81][0xffffffa6][0xffffffac][0x10]'[0xffffffc6][0xffffffd6][0xffffffc6]Z[0xffffffe4][0xffffffd1]g[0x1a]o[0xffffff8f][0xffffffe2][0xffffffa1][0x12]W;[0xffffffdc][0xffffffe9][0xffffffdd][0xffffff8c]^[0xffffffd9][0xfffffff1][0xffffffe5][0xffffffdb][0xffffffa6]e[0xffffffec]@[0xffffff85][0xffffffb4][0xffffff8f][0xffffffd1]`=L[0xfffffffa][0xffffffcb]7[0xfffffff8]y_[0xffffff85][0xffffffe4][0xfffffff5][0xffffff8c][0xffffffb4][0x16]_;v[0xffffffd9][0xffffff97][0xffffffe6][0xffffffa7][0xffffff85],[0xf]h[0xffffffc1][0xffffffa1]![0x7f][0xffffffd4][0xffffff89]q[0xffffffda][0xffffffc9]=[0xffffffa1]s|[0xffffff93][0xfffffff0][0xffffffc6]8[0xffffff90]ji[0xffffffd1][0xffffffca][0xffffffde][0xffffffd2][0xffffffe1][0xffffffb7][0xffffff8d]\`[0xffffff8f][0x18].[0xffffff97][0xffffffb9][0xffffff8b][0xffffffc8][0x1f][0xffffff9a][0xffffff88]`[0x12]_[0xffffffb4][0xffffffd8]?[0xffffffab]"6[0xe][0xffffff92][0xffffff93]>[0xffffff97][0xffffffa1]d[0xffffffb4]V[\n]"
08:05:03.610 [main] DEBUG com.github.dockerjava.zerodep.shaded.org.apache.hc.client5.http.wire -- http-outgoing-2 << "j[0xffffffee][0xfffffffa];[0xffffff89][0xfffffffc][0xffffffd5][0x7f][0xffffff88]LQ[0xffffff9d]Y^[0x8][0xffffffd6][0xffffffdc][0xffffff87]RT[0xffffffb6]][0x11][0xffffffe7]{[0xffffff9f][0xffffffde][0xffffffef][0xffffffdc][0xfffffff2]=o/[0xffffffdf]c[0xfffffff2]w[0xffffffbb]U[0xffffff84][0xffffff86][0x1d][0xffffffef][0xffffffcb]53[0x7f][\n]"
08:05:03.610 [main] DEBUG com.github.dockerjava.zerodep.shaded.org.apache.hc.client5.http.wire -- http-outgoing-2 << "Gr]^B[0xffffff8d][0x19]y[0xffffffaf]EX_[0xffffffc8][0xffffff98][0xffffffa2][0xffffffe1][0xffffffee]!`t[0x3][0xfffffffa][0xffffffe0][0xffffffc5]nF[0x1c][0xffffffde]|[0xffffffdf]3[0xffffffa8][0xffffffa8][0xffffffd6][0xffffffa4][0xffffffd7][0xffffffb4][0xffffff9c][0xffffff91][\r][0xffffffae][0x1d]@[0x17][0xffffffcb][0x1b][0xb][0x14]L[0xfffffff4][0xffffff9c][0xffffff8a][0x7f][0x13][0xffffffa0][0xffffff90]zIr~[0xffffffe4][0xffffff86][0xffffffd8]v[0xfffffffa][0xfffffffe][0xffffffe5][0xffffffbe][0xffffffcc][0xffffffa3]'[0x17][\n]"
08:05:03.610 [main] DEBUG com.github.dockerjava.zerodep.shaded.org.apache.hc.client5.http.wire -- http-outgoing-2 << "5G#:^[0x8]c[0xffffffdb][0xfffffff6]9[0xffffffd5][0xffffff8f][0xffffff99]B/[0xffffff92][0xffffffac][0xffffffed][0xffffffc5]8F[0xfffffff9][0xffffffc3]][0xffffff85]n5T[0xfffffff3][0xffffffb0][0xffffffba]B[0xfffffff3][0xffffffe6][0xffffff9a]+[0xffffffcb][0xffffff82][0xffffff85][0xfffffff2]u[0xffffffcb]_[0xfffffff8][0xffffffdc]G[0x10][0xffffff96][0xffffffb1][\r][0x0][0x0][0xffffffbb]B[0x1][0x0][0xffffffb1][0x0][0xfffffff8][0xffffffb5][0xffffffff][0x9][0xffffffde][0x7f][0x13][\n]"
08:05:03.610 [main] DEBUG com.github.dockerjava.zerodep.shaded.org.apache.hc.client5.http.wire -- http-outgoing-2 << "[0xffffff94][0xffffffe7][0xffffffe0]"[0xffffffee][0xffffffdf][0xffffff88][0xffffffdd][0xffffffce][0x17]i[0xfffffff3][0x6][0x0]`[0x3]L<d[0xffffffe5]*[0x19][0x1][0x0],'[0xffffffd6][0xffffffa9][0xffffffed][0x0][0x0]8[0x17][0xffffffde][0xffffff9f]x[0x0][0x0][0x4]([0xf]^W[0xffffffa9][0xffffff9c]`9)[0xfffffff5][0x1f][0xffffffaf]o@[0xfffffff8][0xffffff83][0xffffffff]{[0x8][0xffffff80][0x1c]n@[0xffffff99][0xffffff9b]#[0x3][0xffffffd7][0xffffff83][0xffffffb9][0xfffffff6]L[0xffffff82]c%[0xffffffb8][\n]"
08:05:03.610 [main] DEBUG com.github.dockerjava.zerodep.shaded.org.apache.hc.client5.http.wire -- http-outgoing-2 << "[0xffffffad]O[0xffffff8e][0xffffff9f][0xffffffc4][0xffffff84]gC[0xffffffa5][0xfffffff8]^[0xfffffff8]cu[0xffffffaf]`[0xffffff97][0xffffffd7]}[0x10]=[0xfffffff2]B[0xffffffed][0xffffff97][0xffffffe8]M[0xffffff94]F[0xffffffd9]h4T[0x1c][0xffffffe8][0xffffff9d][0xfffffff7])[0xffffffe4][0x18]8[0xffffffea][0xffffff80][0xfffffff6]U&[0xffffff9d][0x2][0x5][0xffffff81][0xffffffaf]e!@[0xffffffba][0x1f][0x0][0x0]d@[0x1][0x0][0xffffffc9][0x0][0xfffffff8][0xffffff8f][0xffffffff][0xffffff8d]8[0xffffff8c][0x2][0xffffffca]s[0xffffffb2][0x12][0xfffffff7][0x7][0xffffffc2][0xffffff95][0xffffffce][0x2][0x0]@[0x0]=[0x4][0xffffffe4][0xffffffdd][0xffffff8b]D[0xffffffd2][0x1][0x0][0xffffffd0]S[0x19][0x1][0x0]P[0xffffff9a][0xffffffc2]1[0xfffffffd][0xffffff80]n[0x0][0xffffffb0]u[0xffffffe6]B[0xffffffb9]4U&b[0xfffffff6][0xfffffff7][0xfffffffe][0xffffffdf][0xffffff87][0x2]([0xffffffb8]T[0xffffffd6][0x16][0x1c][0xffffffe6]=M[0xffffff86][0xffffffd3][0xfffffffd]8[0x17]G[0xffffffd9] [0xffffff9a][0xffffffad][0x6][0xffffff9e][0xffffffb4][0x8][0x9][0xffffff92][0xffffffa3][0xffffffab][0x6]8aeR[0xffffffac]#aE[\r][0xffffffce]7[0xffffffd0][0xfffffff4][0xffffffbc];[0x1d][0xffffff85]B#[0x1b][0xffffffbf][0xffffffa7][0xffffff82][0xffffffbd]^H[0x5].e[0xfffffffc][0xffffff9e]w[0xffffff84]6[0xffffff9d][0xffffffbb][0xffffffa8][0x18][0xffffffdc][0xffffffaf][0xffffff99][0xffffffd3]j$[0xffffffd9][0x1][0x6]&[0x1e]e[0x1f]-[0xffffffa0][0xffffffa0]6[0x8][0xffffff92]g[0xffffffe0][\r][0x0][0x0][0xffffff90][0x7][0x5][0x0]\[0x0][0x10]p[0xfffffffe]Wq[0x1][0xfffffffb][0xffffff82]Y.[0xffffffff][0xffffff8f][0x1d]x[0xb][0xffffff80][0xfffffffc]W@[0x0][0xfffffff1]j[0xffffff94][0xf][0x0][0xffffff80][0x0][0xffffff93]g[0xffffff81][0x6][0x0][0x0][0xffffffa0]#r_[0xffffff9f][0xffffffac][0xffffffa2]"[0xffffffb7][0xffffffe2]q<[0x1d][0xffffffef]?[0xfffffffc][0xffffffda][0xfffffff1][0x11]3}[0xffffffa5][0xffffffcf][0xffffffdc][0x7f][0xffffffed]K[0x10]I[0xffffffa0][0xffffffac]R[0xffffff84]p[0xffffffa9]E;][0x1b]y[0xffffffb5][0xffffffb9]U[0x11]|aZ[0xffffffa4]N[0xfffffff1][0xffffffb8][0x1b][0xfffffffe][0xffffff98][0xffffffa3][0xffffffae]{>\[0xfffffff6][0x15]X[0xffffffd6][0xffffffc6][0x3]pi[0xffffff90][0xfffffff1][0xffffff99][0xffffff91]{[0xffffff90][0xffffff8d][0xfffffff4][0xffffffa8][0x7]zw[0xffffff8c][0xfffffff1][0xffffff9d][0xffffffd0]Be6[0xffffffb7][0xffffff9f]~[0xffffff81]n!#[0xffffffb1]l[0xffffffbc][0xffffff87][0xffffff9a][0xffffff80][0xfffffffe][0xffffffb1]X[\r][0x16])[0xffffffd6]d[0xfffffff4][0xffffffad]Rx[0x16][0xe][0xfffffff3][0xfffffff4]PH [0x1f][0xffffffc6]V[0x10]{w:[0x10][0x18]w[0xffffffb9][0xffffffe9]t[0xffffffc8][0xffffff9b]=[0xffffffff]"[0xffffff8b]yf[0xb]a[0xffffffa3][0xfffffff1][0xffffff84]%6[0xffffff91]`[0xffffffde][0x1d]![0xffffff9b][0xffffffe1]O[0xffffffb8][0xffffffa2][0xffffff8e]/[0xffffff9f]Q[0xffffffb8]x4[0xffffff8d][0x0][0x8][0xffffffda]&[0xffffffa7][0xffffff93]K[0xffffffac],[0xffffff84][0xffffffd2][0xffffff87]~[0xffffffe4][0xffffffc2][0xffffffc7]&j[0xffffffaa][0xffffffee][0xffffff85][0xffffffa4][0xffffffa9][0xffffffd0][0xffffff90]?[0xfffffffe]{[0xffffffbb]#[0x0][0x0]x[0xffffff86][0x2]Pg[0x1][0x10]x[0xfffffffe]3[0xffffff8e][0xfffffff1][0xffffffff][0x1b][0xffffffa7]N4[\r][0xf][0x2][0xffffff80][0xfffffff2][0xffffffff][0xffffffbc]J[0xfffffff9]L[0xffffffd2][0xffffffc6][0xffffffff][0xfffffffc]N[0xffffff9a][0xffffffff][0xffffff8e][0xffffffe0][0x7f][0xffffffd1][0xfffffffe][0xffffffac]~g>\[0xffffffdb][0xffffffec][0x10][0xffffff86][0xffffff9a][0x9][0x1][0xffffff97]G[0x13][0xfffffffc][0x1f][0xffffffaa]%[0x0][0x4][0x0][0xffffff87][0xffffffa6]w[0xffffffa7][0xffffffbf][0xffffff89][0xffffff90][0xffffffc2][0x19]=[0xffffff94][0xffffffd0][0xfffffff2][0xffffffc1][0xc]@t[0xfffffffd]?k[0xffffffcc][0xffffffe8]|[0x0]([0xffffffd4][0x1a][0x0][0xffffffb8][0xffffffb8][0x1e][0x0][0xfffffff2][0x2][0x0][0xffffffc0]b[0x1][0x0][0xffffffec][0xffffffe5][0x0]`8[0x1][0x0]F[0x0][0x0][0xffffffc8][0x6][0x0] `[0x1][0xffffff80][0xffffff90][0x6][0x0],[0xfffffffb][0x0][0xffffffd0]s[0xffffffff][0xffffffe7][0x14]x[0xfffffff9][0xffffffe7][0xfffffffb][0xfffffffa]s[\n]"
08:05:03.612 [main] DEBUG com.github.dockerjava.zerodep.shaded.org.apache.hc.client5.http.wire -- http-outgoing-2 << "t[0xffffffdd][0xffffff86][0xfffffff3]p[0x19]R[0xffffffff][0xffffffb6]c[0xffffffaa]n[0x10][`[0xffffff90][0xffffffff][0xffffff8b],[0xffffff80]W[0xfffffffe]<[0xffffffd8][0xffffffa7]w[0xffffffd9][0xfffffffc][0xfffffff7][0xffffff9c][0xffffffce]a[0xffffffff]H[0xffffffa5][0xffffffd3]y[0xffffffcb][0xffffffbb]V[0xffffffa4][0xffffffa8][0xffffffcd])[0xffffff80]}[0xfffffff8][0x14][0xffffffe6][0xffffffdc][0x11]![0xffffffeb][0xffffffb7][0xffffff84][0xfffffff2]H[0x3][0xfffffff0]9[0x1f]z6[0xfffffffb][0xffffff9f][0x14]h_[0xffffffde]}/[0xffffff83][0xffffffff][0xffffffa5][0x8][0xfffffff0][0xffffff98][0xfffffffe][0x1a]#g[0xb]O[0xfffffff2][0xffffffdc][0xffffffb8][0x1][0xffffff9a][0x12]7[0xffffffd3]6[0xfffffff2]o|E[0xffffffed]L#I[0xffffff81][0xfffffff2][0x14][0xffffffa6][0xffffffdb][0x7][0xffffff92]J[0xffffffe7][0xfffffff1][0xffffffb4]&[0xffffffc6][0x9][0xffffffe9]F[0xfffffffe]fd[0xffffff8a][0xffffff8a]=[0x15][0xffffffcc]kP[0xffffff8a]y[0xffffff92][0xffffffc9][0x1][0xc][0xffffffe3][0xfffffff4][0xffffffa9]/[0xffffffbc][0xfffffff1][0x4][0xffffff84]([0xffffff9c][0xffffffcd][0xffffffec]M[0xffffff89]l[0x8][0xffffffd7][0x7f][0xffffffb2][0x13][0xffffffbb][0xffffff86][0xffffffc0][0xffffff98][0x7f][0xffffffa2][0xffffff93][0xf][0xfffffff3]\i/[0x0][0xffffffc9]o[0xffffff86][0xffffffcc][0xffffffd8][0xffffff8c][0xffffff8e]5[0xffffffcf][0xffffffd3]-[0xffffffb1][0xffffffe2][0x19][0xffffffcd][0xffffffb8][0x12][0xffffffbc][0xffffff89][0xffffffc4][0xffffff9b][0xfffffff7][0xfffffff0][0x7]EQ[0x7f][0xffffffdd][0xffffffb1][0x1a]p[0xffffffe1][0xffffffe0]([0xfffffff4][0xffffff84]d[0xffffff86]~,[0xffffffba][0xffffffec][0xffffffa2]&[0x9][0x10]F[0x1c][0xffffff86]{[0xfffffff4]AV_-[0xffffff9c]J[0xffffffbd][0xffffffd4][0xffffff95]kK[0xfffffff5][0xffffff91][0xffffffac][0xffffffff]=[0xffffffa0][0x13][0xffffff83][0x11][0x16][0xffffffc8]6[0xffffffb2][0xffffffc1]([0xffffffe1][0xffffffa3][0xffffffe3][0xffffff9a][0xffffff8d]q[0xffffffb5]f[0xb]2[0xffffffcf]D[0x1a]U[0xfffffff0]*[0x8][0xffffff98][0xffffffff][0xffffffd1]I[0xffffffd6]%-[0xffffffe7][0xffffffc3]S@[0xffffff8f][0xffffffb3][0xc][0xffffffbe][0xffffffeb][0xffffffda]L][0xffffffb6][0xfffffff4][0xffffff9d]([0x6][0xffffffab][0xffffff9d][0xffffffd7][\r][0xffffffd1][0xffffff80][0xc]JZ[0xfffffffa][0xfffffff1][0x1][0xffffff82][0xffffff88][0xffffffce][0xfffffffb]/[0xffffffaa][0xffffff80][0xfffffff5][0xffffffc0][0xffffffc3][0xffffffa5][0xffffffef]`[0xffffffab][0xfffffffb][0x1e][0xffffffa6][0x0];[0xc][0xfffffff0][0xffffff8c][0xffffffef](=[0xffffffe8][0x14][0xffffffe7][0x0][0x7][0xffffffa9][0xffffffb3]z[0x4]P![0xffffffd6][0xc][0xffffffb8][0xffffffe0][0xfffffff0][0xffffffdf]Vk[0xffffffa0][0xffffffbf][0xffffff8a][0xffffffe3][0xffffff9a][0xffffff89]:[0xffffffd0]6[0xfffffff2][0x13]u[0xfffffffe][0xffffffde][0xffffff8b][0xffffff88][0xffffffb2]8[0xffffff8b][0xe][0xffffffc6]_ Ezy[0xffffffa0][0xffffffd7]![0xffffffcf]'[0xffffffe3][0xffffffb1][0xffffffe1]:[0xffffffc8][0xffffff8a]nP[0xffffffa0][0xffffffb0][0xffffffe0][0xffffffd3][0xffffff9c][0xfffffffb]*q[0xffffff9f][0xffffffa3][0xffffffcb][0xfffffff4]&[0xfffffff9][0xffffff8f][0xffffffca][0xffffffc4][0xffffffef]/%[0x14]Yl[0xffffff9d]H[0x14]%[0x1c][0xffffffe6][0xffffffc1]-[0xffffffe8][0x1e]tOl[0xffffff9a][0xffffffd4][0xffffffc2]<[0xffffffa1][0xffffffb5][0xffffff84][0x1b]8[0xfffffffe].te[0xffffffc7]![0xffffffae]1[0x2][0xffffff91]8G[0xfffffff3][0xffffff8b]?[0xffffff96]^[0xffffffd4][0xffffff81][0x16][0xffffffcb][0xffffff95][0xffffffc4][0xffffffca][\n]"
08:05:03.612 [main] DEBUG com.github.dockerjava.zerodep.shaded.org.apache.hc.client5.http.wire -- http-outgoing-2 << "[0xffffff85][0xfffffff3][\n]"
08:05:03.612 [main] DEBUG com.github.dockerjava.zerodep.shaded.org.apache.hc.client5.http.wire -- http-outgoing-2 << "[0xffffffdb][0xffffffd3]pU[0x7f]x[0xffffff86]bx[0xffffffe5][0xfffffff3];[0xffffffb2][0xfffffff0]g[0xffffffb5][0xffffffce][0xffffff9f]P[0x7][0xffffffbe][0xffffff90][0xffffffa8][0xffffffe9]P[0xfffffff6]>[0xffffffa8][0xffffffc9]#[0xffffffd1]d[0x1][0x0][0xffffffa5][0xfffffff5][0xffffff90][0x1a][0xffffffb3]H,[0xffffffdc][0xffffff8b][0xffffffd7]~F[0xffffffad][0xffffff90][0xfffffff4][0xffffffdc][0xe][0xfffffffb][0x17][0xffffffa1][0xffffffb9][0xfffffffd][0xe][0x12][0xe] [0xfffffffe][0xffffffa1][0xffffffeb][0xffffffb8]uU[0xfffffffc][0xffffffe6][0xffffffc4]a[0xffffffe7]d[0xffffff8d]v[0xf]}[0xfffffff6][0xffffffdb][0xffffffc5][0xffffffc4][0x7f]z[0xffffffe7][0xffffff89][0xffffffe3]&P[0x4]S3[0xfffffff8][0xffffffac]@*[0xfffffff6][0xffffff95][0xffffffa6][0xfffffff5][0xffffffb0][gw[0xffffffbb][0xffffffeb]&[0xffffffb9][0xffffffc9][0xffffffad][0xfffffffd]K~[0xffffff92][0x7][0xffffffd3]Q[0x4][0xffffffa2]x[0xffffffa2][0xffffffec][0xffffffa9]4[0xffffffe4][0xfffffffc][0xffffffa1][0xfffffff0]d4[0xffffff89][0x14][0xffffffd0]6G[0x1f][0xffffffc3]7p[0xffffffe4][0xffffffbd][0xffffff9c][0x13]4'[0xffffffb6]`[0xffffffa9][0x3][0xfffffff3]6 [\r][0x1e];![0xffffffed][0xfffffffc]K[0xffffff89]|[0xffffff94][0xffffffd5][0xffffffc5]|[0x4][0xffffffec][0xffffff9b][0xffffffad][\n]"
08:05:03.612 [main] DEBUG com.github.dockerjava.zerodep.shaded.org.apache.hc.client5.http.wire -- http-outgoing-2 << "[0x4]G,@[0xffffff8a]+[0x16]b[0xffffffd9][0xffffff98][0xf][0x1][0xffffff9d]G\[0xfffffff6][\r][0xc]Pk`[0xfffffffe][0xffffffa2]^[0xffffffac]r.[0xffffffa2][0xffffffb8][0xffffffbd])e?[\n]"
08:05:03.612 [main] DEBUG com.github.dockerjava.zerodep.shaded.org.apache.hc.client5.http.wire -- http-outgoing-2 << "[0xffffff84][0xffffffaa]D[0xffffffe1][0xffffffa2].[0xffffffaf][0xffffff9b]h![0x5][0xffffff9d]A[0xffffffbe][0xffffffbb][0xfffffff4]-[0xffffffa9][\r]E<0bw4[0xffffffa8][0xfffffffe][0xffffff98]H[0xfffffffb][0x1b]t[0xffffff81]'ZX[0x16][0xffffffcf]([0xffffff97]3[0xffffffd4][0xffffff89]{[0xffffffb7][0xffffffeb]cLu[0xffffffbf][0x18][0xffffffda][0x13][0xffffffd9][0xffffff88]\Cn[0xfffffffb][0x16][0xffffffd9][0xffffff8c][0x1e][0xfffffff2][\n]"
08:05:03.612 [main] DEBUG com.github.dockerjava.zerodep.shaded.org.apache.hc.client5.http.wire -- http-outgoing-2 << "[0xffffffed][0x10][0xffffffe9].[0xffffff9d][0x18]g[0xfffffff9][0x0]`h[0x7]A[0xffffff94]J[0xffffffab][0xffffff9e][0xfffffff7]&[0xffffffac]t[0xffffffe0]Y[0xffffffaa]~h[0xffffff8b]$[0x10][0xffffffa9][0xffffffe4][0xffffff92]m[0xfffffffe]{[0xffffffc0]b*[0xffffffde]R[0xffffff9a][0xfffffff1][0xffffff8d]9[0xffffffb1][0xfffffff1]q`5[0xffffff83][0xffffffd7]2[0xffffffe3][0xffffffdc][0x15][0xffffffef].[0xffffffdb][0xffffffe6][0xffffffed][0xffffffef]~[0xffffff92][0xffffffa5][0x19][0xffffffed][0xffffffc5][0x1f]T[\n]"
08:05:03.612 [main] DEBUG com.github.dockerjava.zerodep.shaded.org.apache.hc.client5.http.wire -- http-outgoing-2 << "G-5[0xffffffaa][0xffffff85][0xfffffff4]X[0xffffffe9][0x4][0xfffffffa][0xffffffdd][0xffffffa6][0x8][0xffffffaa][0xffffffce][0x1a]y`[0xffffff8d]1$[0xffffff84][0xffffffe3]s[0xffffffe2][0xffffffe0]Z[0xffffffaf][0xffffffa6][0xffffff98]J[0xffffff9c][0xffffffb4]J'![0xffffffe7]\[0xfffffffa][0xfffffffc](k[0xffffff92][0xfffffffc][0xffffffe9][0x19][0xffffffca]RF3[0x0][0x0][0xffffffbc]b[0xffffffa8][0xffffffee][0xffffffdb][0xffffffcc]V;2[0xffffff83]^,[0xffffffe1][0xffffff9a]V[0x18]+[0x1a]P[0xfffffffc][0xffffffde][0xfffffffb]E|i[0xffffffb7][0xffffff9f][0xffffff88][0xffffffad]m[0x7f]l4~r[0x2][0xffffffa2][0xffffffb3][0xffffffb1][0xffffffdf][0xffffffd1][0xffffff92][0xffffffa5]s[0xffffff95][0x15]fb[0xffffff97][0xffffff85]>[0xffffffae]1[0xfffffffd]$+[0xffffffb7]@[0xfffffffa][0xffffffeb][0xffffffb8][0xffffffbc][0xffffffd8][0xffffff8f][0xffffffb8]V^[0xfffffff1][0xffffff96][0xffffffbb][0xffffff84]6][0xffffffe2][0x9][0xffffffcc][0xffffffeb][0x1b][0xffffffbf][\r]Z\[0x1]I?[0xffffffaf][0xffffffd9][[0xffffffdc]q[0xffffffeb]n[0xffffffa8][0xffffff9c][0xffffffda][0xffffff9e][0x1b]@n[0xffffff8e][0xffffffdf][0xffffffc7][0xb]Q[0xffffffb7]P[0x16]KvL[0x2][0x0],[0xffffffa9][0x15][0xffffffc8][0xffffffe3][0x1c][0xffffff91]F[0xffffffb9][0xffffffaa][0xffffffe9]/ns[0xfffffff9][0xffffff9c]t!T'=4~/[0x18][0xffffffbb][0xffffffa1]y_[0xffffffe2]CK[0xffffffb4][0xfffffff3]Vs[0x4][0xfffffff7][0xffffffa8][0xffffff89]:w[0xffffffd7][0x8][0xffffff9c][0xffffffdd][0xffffffad]CV[0xffffffbd][0xffffffa4][0x1b][0xffffff81][0xffffffe1]R[0xffffff94][0xffffffd4]z[0xffffffc0][0xffffff95]=^[0xffffffed][0xfffffff7][0x19]z,Lv[0xffffffb6]{[0xffffff8d][0xffffffab]NE[0xffffff9e][0xffffffff]bP0[0x14][\r]/%cc*([0xffffffa1][0xfffffffe]P~e[0xb][0xffffffe2][0xffffffc9]C[0xffffff9d][0xffffffc2][0xffffff9c]{[0xffffffb2][0xfffffff6]^[0x4]6[0xffffffe0][0xffffffed][0xffffff84]C@[0x14][0xffffffed][0xffffff8b]Vm8[0x14][0x14]H[0xffffffe5][0xffffff9a][0xffffffce]f[0xfffffff3]O[0xffffffe0]+[0x7f]([0xffffffea][0xffffffcd]@[0x1b][0xffffff91][0xffffffa2]X[0xffffff8f][0xffffffb7][0xffffffb1][0xffffff99]a[0xffffffe6]hw[0x18][0xffffffd0]-[0xffffffba]zK4[0xffffffd3][0xf][0xffffff84][0xffffffe8][0xffffffe4][0xffffffe7][0xffffffdc][0xffffff95][0xffffff82][\r][0xffffffcb]n[0xfffffff6][0x1c]^[0x11][0xffffffd8][0xffffff89][0xffffff97]FR[0xffffffba]H[0xffffffbe])bM/[0x10][0xffffff94]0[0xffffff8c][0xffffff82][0xe][0xffffffb5][0x10][0xffffffb9][0xffffffa7][0xffffffcd]"^[0xffffffa7][0xffffffbe][0xfffffff8]2[\n]"
08:05:03.612 [main] DEBUG com.github.dockerjava.zerodep.shaded.org.apache.hc.client5.http.wire -- http-outgoing-2 << "[0xffffffbd][0xffffffa7][0xffffff8b][0xffffff98][0xffffffd0]HVa[\n]"
08:05:03.612 [main] DEBUG com.github.dockerjava.zerodep.shaded.org.apache.hc.client5.http.wire -- http-outgoing-2 << "[0xffffffea]P[0xffffffff][0xffffffd0]t[0xffffff94]0[0xffffffe5]Te[0xffffff8d][0xfffffffb][0xffffffaf][0xfffffffd][0xffffff94]&[0x1c]u[0xffffffa2]P[0xffffffb6][0xfffffff5][0xffffffe3]u[0x13][0x18][0xffffffed][0xffffffe1]rO[0x1c]O[0xf][0xffffffa1];[0xffffffb1]I[0xffffff93][0xfffffff2]v[0x1a][0xffffffc8]p[0x7]{[0xffffffd2][0xfffffffc]s[0xffffff82][0xfffffffa][0xffffffcb]([0xfffffff9][0x7][0x17][0x0][0xffffff80]r[0xffffffda][0x14][0xfffffff4]3%[0xffffff8f][0xffffffde][0xffffffaa][0x15]'-[0xffffffbb]<[0xffffff86][0xffffff85][0xffffffcc]e[0xffffff86]u[0x19][0x1c][0xffffffb4][0x1a]Pe[0xffffff98]X{_[0xc][0xffffffe7][0xffffffb8][0x7f][0xffffffef]NE[0xffffff8e]-[0xffffffbf][0xffffffb9][0xffffffd4][0xffffffcb][0xffffff86][0xffffff99][0xffffff86][0xffffffbd][0xfffffff7]R[0xfffffff7]9q[0x0][0xfffffff7]n-[0xffffffd9]U]?Sw[0xffffffdc][0x4][0xffffffa1]=[0x2][0xffffffb9][0xffffff94]n[0xffffff94][0xffffff93][0xffffffd9][0xffffffaa][0x1f][0xffffffa4]o<[0xffffffd7]n>2#[0xfffffffa]c[0xffffffe7]p[0xffffffc4]|[0x1e][0xffffffa0]o[0xfffffff1][0xffffffce][0x14]&[0xffffffc6][0xffffffc9][0xfffffff0]%[0xffffff89][0xffffff9e][0xfffffffa][0xffffffee]"[0xffffffe6][0x16]p15n[0xffffffdd][0xfffffff4][0xffffffd5][0xffffffc7][0xffffffe8]?T,[0xffffffa9][0xffffffd3][0xffffffe6][0xffffffe3]7[0xffffffbd]|[0xffffffba]{|[0xffffffee][0xffffffc8][0x11][0xffffff81][0xffffffe8][0xffffffeb]'[0xffffffda][0xffffffaf][0xfffffff2][0xffffff89][0xffffffe5][0x7]i[0xffffff98][0x1e][0x0]@+[0xffffffae]:Id[0xffffffed][0xffffffbf][0xffffffac][0xffffffc6][0xffffffd9]<[0x3][0x3]f[0xffffffa0]a[0xffffff96][0xffffffc9]<[0xffffff92][0x1d][0xffffffde][0xffffff9e]"a[0xffffffb2]i[0xffffffa5]m[0xffffff9f][0xffffffee][0xffffffd2][0xffffffaa]E[0xffffffa2][0xffffffcf][0xffffffd7]MUS[0xffffffc8][0xffffffcf]Z47[0xffffffb4]S[0xffffffd2]c[0xe],[0xffffffbe][0xffffffb7][0xffffffa9][0x1]f[0xffffff85][0xffffffcd]p[0xffffffe1]N[0xffffffee][0x16][0xffffff8a]M[0xffffff89]9[0xffffffd2]9[0x1a]%$[0xffffff80][0x10][0xffffffd3][0x2][0xffffffc7][0x9][0xffffffbc]T[0xffffffaf][0xffffff94][0xffffff83][0x8]j[0x1d][0xffffffc3]Nt8[0xfffffff4][0xffffffc1]%f[0x1a]Y[0xffffffb7][0xffffffb8]rx[0xffffffb5][0xffffffa5][0xffffff93]~[0xffffff94][0xffffffcc](u(=[0xffffff8c][0xc][0xffffffb9];[0xffffffda])[0xffffffb8]A[0xfffffff4]a[0xffffffbc]w[0x17]l[0xffffffc3][0x9]I-[0xffffffe2][0xffffffd9]{~[0xffffffea]h[0xffffffaf]Xk[0xffffffcd]}1[0xffffffab][0xffffff90][0xffffff86]Pg%[0xffffffa0][0xffffffa4])[0xffffffc8]x[0xffffffde][0xfffffff0][0xfffffff6]@8[0xfffffff0][0xb][0xffffffbc]T8[0xffffffe8][0xffffffd1][0x1f]c&[0xfffffffe]~[0xffffff9b][0xffffffeb]0A[0x13]m[0xffffffa8][0xffffff87][0x4]2X@[0x2]+[0xffffff97][0xffffff90][0xffffffba][0xffffffb0][0xffffffc2][0xffffffc8][0xffffff8d]u[0xffffff96]A[0x1e][0xffffffd1][0x19][0xffffffcd][0x5]px[0xc][0xffffff9f][0xffffff81][0xfffffff9][0xffffffef]5![0xffffffef][0x1c][0x1e][0xf][0xb]=[0xffffffea][0xffffffdf]j\x[0xffffffa9][0xffffffb9][0xffffffa6][0xffffffa8][0xffffff9d]_z[0xffffff88]=[0x17][0xffffffd4][0xffffffed][0xffffff89][0x16]xP[0xffffffbf][0xffffffc1][0x5][0xffffffd4]q[0xffffffa1]a[0xffffffb9][0xffffffde][0xffffffc5])[0x7f][0xffffffa4]d[0xffffffd1][0xffffffc5][0xfffffff7][0xffffffcc][0xffffffbe][0x4][0xffffffc6][0x10]X[0xffffff95]t[0x5]v[0xffffffb0][0xffffffcc][0xffffffdc][\r]s[0xffffffbe][0xffffffa9]HGZ[0xffffff99]K[0xffffff98][0xffffffe9][0xfffffff3]lq[0xffffffb0][0xfffffff1][0x6]![0xffffffe2]B[0xe][0xffffffa2][0x11][0x0]@[0xffffffa0][0xffffff81][0xc][0xffffffac]Tv[0x1e]e[0x1d][0xffffffbd]I[0xffffffb3][0xffffff98]M[0xffffffc4][0xffffffa6]&,[0xffffffa4][0xffffffe7][0xffffffc7][0x14][0xffffff8b][0xffffffb1][0xffffffd2][0xffffffa6]h~[0xffffffb2])}0[0x3][0xffffffa5]L[0xffffffaa]<[0x7f]e[0xffffff99][0xffffff8c][0xffffffde][0xffffffd7][0xe][0xffffff97][0xffffffc5]][0xffffffed]paO%[0xfffffff2][0xffffffae]/[0xffffff9a][0xffffffe6][0xffffffc9]6M[0xffffffcc][0xffffffcc][0xffffff94][0xffffffd3]?[0xffffffe5][0xffffffae][0xffffffc5][0xffffff81][0xffffffbf][0xffffffe1]+woaJ[0xffffffea]d[0xffffff8b][0xfffffff8][0xffffff80]![0xffffffba][0xffffffe9][0xffffffa7][0xffffffb2][0xffffffe1]b[0xffffff9e][0xffffffa3]7[0xffffffa4]c[0xffffffc9]u[0xffffffe9]y[0xfffffff7][0xffffffb4][0xffffffbb][0xffffff96][0xffffff98][0x3][0xffffffff]9$[0xffffffc2][0xffffffe7][0xffffffed]>Tr[0xfffffff8][0xffffffc7]W[0xffffffd6][0xffffff98][0xffffffde][0xffffff9d]0[0xffffffaf]h[0xffffffb8][0xffffffb8][0xffffffd8][0xffffffe0][0xffffffd7]_[0xfffffff0][0xffffffb6]9[0xffffffae][0xffffffe9][0xffffffd7]CU[0xffffffd9][0xffffffce]>[0x17][0xffffffe3]KV8[0xffffffa0][0xffffffad][0xffffffab][0xffffffc5]6[0xfffffffc]M[0xffffff95]:[0x19][0xffffff91][0xffffff88]#X[0xfffffff8],[0xffffffe1]C[0xffffff9d][0xffffff8b][0xffffffe0]m[0xffffff8a][0xffffffae][0x19][0xffffffea][0xffffff87][0xffffffaa][0xffffffd7][0xffffff83]h&[0xfffffff8][0xffffffc8][0xffffffd6]n[\r]|1[0xffffffc6][0xffffffc4]9[0xffffff96][0xffffffe8].dF[0xffffffce][0x2]k[0xffffff91][0xffffff9a]A[0x14]h[0xffffffc5]s[0xffffffdd]tL[0xffffff99][0x17]-r[0xb][0xe][0x0]@[0xffffffae][0xffffff84]`[0xffffff8f][0xffffffb6][0xffffffd2][0xfffffff6]Z[0xffffffd1]([0xffffffad]F@[0xffffffe9][0xffffff85]5C[0xffffffe4][0xfffffff6]a[0xffffffd8][0xffffffbb]#[0xffffff86][0x1f][0x15][0xffffff9a][0xffffff9d][0xfffffff2][0x7f][0xffffffa1]eS[0xffffffd6][0xffffffb2][0xffffff9e][0xffffffc8][0xffffffcd][0x5]C[0x15][0xfffffffe]B [0xffffff83][0xffffffd6]c[0xffffffc3]+|[0x16]*[0xffffffc3][0xffffffec][0xffffff86]i[0xffffffdc][0xffffffba][0xffffffc5][0xffffffae][0xffffffbf][0xffffffc4]^[0x1b][0x1c]@P[0x1e][0xffffff9f][0xffffffaf][0xffffffb1][0xffffffd4][0xffffff85][0xffffffec][0xffffff82]N[0x14][0xffffffee]~[0xffffffef][0xffffffa3][0xffffffe7][0xffffffb1]i[0xffffffd5][0xffffff97][0xffffffca][[0x1d][0xffffffdb][0xffffffa8]r[0xffffffde]$t[0xffffffe9]l[0xffffff9a]Y[0xffffffba][0x11][0xffffffd4][0xffffffb0][0xffffffe8]P[0x8][0xffffffe7]&[0xfffffffa]t[0xffffffd8]H[0xffffff89][0xffffffc6][0xffffffc5]Lm[0x16]I[0x8][0xffffffce]"l[0xffffffbd]OJ[0xffffffee][0xffffff83][0xffffff98][0xffffffec]5NQO[0xffffffbb][0xffffffce][0xffffffb5][0x13]m-i3[0xffffffb2]uB%[0xffffffd7]g[0xffffff9f][0xfffffff8][0x11]<[0xffffffa0][0xfffffff2][0xffffffbf]c[0xffffffdf][0x8][0xffffffe8]C[0xffffff9a][0xffffffdb]n'[0xffffff8a][0xffffffc3]T[0xffffff89]%[0xffffffd7][0xffffffdb][\n]"
08:05:03.612 [main] DEBUG com.github.dockerjava.zerodep.shaded.org.apache.hc.client5.http.wire -- http-outgoing-2 << "5[0xffffffb5][0xffffffd9]*[0xffffffe4][0xffffffd0][0x8][0x1c]G[0xffffff94][0xffffffba]Y[0x8][0xffffff85][0xffffffb3][0xffffff9b][0x1c]_P[0xe][0xffffff9c][0xffffffd0]>[0xffffff8c][0x15][0xfffffff9][0xffffffa2]j[0xffffffb7][0xffffffa1]j[0xfffffff1][0xffffffdf][0xffffffdc]^wH[0xfffffffe][0xc][0xe]9O[0xffffffe2]/Wz[0xfffffffe]9[0xffffff82]f[0xffffff82]p[0x1d][0x3][0xffffffcc]-[0xfffffffe][0xffffffe5]gJ&gc[0xffffffc6][0xe][y[0xffffff94]nUe[0xffffffe8][0xffffffaf]/[0xfffffff7]y N[0xffffffc3][0xffffffda][0x1b][0x5]S[0xffffffd1][0xffffffdd]b[0x16][0xfffffff5][0x1]2[0xffffffc0][0xffffff8b]Q:[0xffffffa7][0xffffff8d]n[0xffffffb6][0xfffffff0][0xffffffc1][0x1c][0xffffff90]%[0xffffffb4][0x11]+[0xffffffdc][0xf][0xffffffb0][0xffffffa2][0xffffff9a][0xffffff89]`[0xfffffff6][0xffffff84][0xffffff95]}[0xffffffb3][0xffffffe5]32[0xffffffff][0xffffffab][0xffffff8c][0xffffffb2][0xffffffac]-[0xffffffb2]}[0xfffffff4]D}[0xffffffc1][0xffffffd1][0xffffffcc](h[0xe][0xffffff8c][0xffffffbe][0xffffffb2][0xfffffff6]k[0xffffffd1]#[0xffffff94][\r]%a[0xffffffa3]M#V[0xffffffa8][0x4]B[0x1b][0x12]j[0xffffff89][0xffffffdc][0xffffff95]b[0xffffffb9]K[0xffffffce]:$[0xffffffef][0x1f]s[0x5][0xffffff8c][0xffffffa9]P[0xffffffaa][0xffffff95][0xffffffcd]}[0xffffffe0][0xffffffac][0xffffff96]/[0xffffff8c][0xffffffc2]_[0xffffffb7]O[0xffffffcd][0xffffffdb][0xffffffd0]^[0xffffffe5][0xffffffb4][0xffffffb7][0x1a]Y[0xffffffea]L[0xffffffab][0x7f][0xffffffb9][0xffffffbf][0xffffffc8]YLZ[0xffffffb6][0xffffffe2]r[0xffffffee][0xffffffa1][0xf][0xffffff91][0xffffffd2][0x9]vy2[0xffffffa6][0xffffffcf][0xffffffb9][0x1b]J[0xffffffce]VAs[0xffffff8f][0xffffffd0][0xffffff8e][0x17][0xffffff87]\[0xffffff96]b[0xfffffff3]Nk[0xffffff87][\r][0xfffffff3][0xffffff83]eaq[0xffffff8a]d[0xffffff98][0xffffff94]'[0xffffff80][0xffffffd6]*[0xffffffb9][0xffffff91][\n]"
08:05:03.612 [main] DEBUG com.github.dockerjava.zerodep.shaded.org.apache.hc.client5.http.wire -- http-outgoing-2 << "[0xffffffe7][0xffffffef])v[0xffffffab]9[0xffffffc7][0xfffffff6][0xffffff8f][0xffffffbc][0xfffffff5][0xffffff93][0xffffffa1][0xffffffcd]'xd7N[0xffffff85][0xffffff82]{z[0xffffff87][0xfffffffa][0xffffffe9][0xffffffaf]v[0xffffffb5][0xffffffe9][0xffffffe7][0xffffffdf]Q>[0xffffff98][0xffffffab][0xffffffa1]A[0xffffffdf][0xffffffbe][0xfffffff8][0xffffffb5][0xffffffee]J4[0xffffffce]4[0xffffffcd]K2[0xfffffff3]?_[0xffffffaa][0xffffff88][0xffffffa1][0xe]*[0x1d][0xfffffffa][0xffffffb4][0xffffffdc][0xffffffe7][0xffffffb6][0x1d][0x1f][0xffffffa0][0xffffffd7][0xffffffbb]K[0xfffffff8][0xffffffc4][0xffffffb5]q5[0xffffffcb]E[0x8][0x17][0x1a][\n]"
08:05:03.612 [main] DEBUG com.github.dockerjava.zerodep.shaded.org.apache.hc.client5.http.wire -- http-outgoing-2 << "[0xffffffbb][0xffffffb6][0xffffffc2]"[0xfffffffd][0xffffffa6][0xffffffec][0xffffffbc]d[0xffffffaf][0xffffffbd][0xffffff8b][0xffffffbb]%[0xffffff93][0xffffffec]4[0x8][0xffffffe5][0xffffff91]}[0xffffff92][0xffffffe8]O[0x6][0xc][0xffffffe7]\[0xfffffff2][0x19]d*[0xffffff8f]V[0xffffffe2][0xffffffe8]n[0xfffffff9][0xffffffed]E[0xfffffffa][0xffffffb6][0xffffffa0][0x8][0xffffffc4][0xffffffd7][0xffffff87]T[0xfffffff0][0xffffff93]z[0x4]LZ[0x7f][0xffffffbc][0xffffff91][0xe][0xfffffff6]J)K[0xffffffe2][0xffffffab]^[0x12]x[0xffffffeb]'GE[0xffffffb2]2u[0xffffff8a][0xffffffc2][0xffffffeb][0x8][0xffffffe4][0xffffffd7][0xffffff90][0xffffffd9][0xffffffee]<Ze[0xffffffa1][\n]"
08:05:03.612 [main] DEBUG com.github.dockerjava.zerodep.shaded.org.apache.hc.client5.http.wire -- http-outgoing-2 << "L[0xfffffff9][0xffffffc7][0x7f][0x5][0xffffffac][0xffffffbb]]h[0xffffff91]2[0xffffffc3][0xffffffb1][0xffffffd4][0xffffffa1]j[0xfffffffe][0xfffffffa]{G=[0xfffffff0][0xffffff95],r[0xffffffe6]u[0xffffffb9]\[0x16][0xffffff99][0xffffff9d][0xffffff99][0xffffffc4]8sG[0xffffffb9][0x1d][0xffffffdf][0xffffffc0][0xffffff93]![\r][0xfffffff2][0xffffffa7][0xffffffde][0xffffff93]?[0xffffffef]J[0xffffffd7][0xffffffc4]pe[0x1d]Z[0xffffffed][0xffffffa5][0xffffffed]E[0x0][0xffffffaa][0xffffff91][0xffffffdb].Z[0xf][0x1c] 2[0xffffffa7][0x10]X[0xfffffff0]b@[0xffffffab]bk[0xffffffa5]i[0xffffffda][0xffffff8b][0xffffff8d][0xffffffe1][0x17][0x2][0xffffff80]4(Q|oseq[0x19][0x1]y[0xffffff92][0xfffffff1][0xffffffc3][0xffffffa7]n[0xffffffe4]W[0x6][0xfffffff8]M4<[0xfffffff4][0xffffff84][0x1a][0x15][0xffffff8c][0xffffffe5][0xc][0xffffffc4][0xffffffe4][0xffffff8b]:J[0xffffffba][0xfffffff3][0xfffffffa][0xffffff8f][0xffffffc2][0xffffff94][0xffffffd0]a[0xffffffe4][0xffffffa8]b[0xffffff90][0xffffffec]/[0xffffff93]^xl[0xffffffd0][0xffffffaf]-e2+^C[0xffffffae]k[0xffffffb1][0xfffffff7][0xffffffd4]2[0xffffffa6]6[0xffffffa6]L[0x12][0xffffffc1][0xfffffff6],[0xffffff96][0xffffff93][0x9][0xffffffee][0x2][0xffffffc1][0xffffffe7][0xffffffef][0xffffffbe][0x6][0x19][0xffffff9b][0xffffffbe]@[0xffffffca][0xffffff83][0xfffffffa][0xffffffdc][0xffffffae][0xffffffd5][0xffffff91][0xffffffd3][0xffffffef]?[0xffffffa4][0x1d]H-UJ_[0xffffffe7]k[0xffffffed][0xffffffc1][0xfffffff2][0xffffffa9]p[0x18][0xffffffa3]K1=[0xffffffc0][0xffffffd4]K#:[0xfffffff0][0xffffff89][0x11][0xffffffae][0xfffffff2][0xffffffbc][0xffffffc5][0xfffffff7]i[0xffffffa5]?k[0xffffff88]0u/U[0x14][0xffffffc1][0xffffffdb][0xffffff88][0xffffffe0][0x13][0xffffffe6][0xffffff90]tH[0xffffff8d][0xffffffa8][0x12][0xffffffc1][0x11][0x13][0xffffffb1][0xffffffac][\n]"
08:05:03.612 [main] DEBUG com.github.dockerjava.zerodep.shaded.org.apache.hc.client5.http.wire -- http-outgoing-2 << "[0xffffff9a]i[0xf]#f[0x1e][0xfffffff4]>[0xffffffe1]/7[0xffffffdb]Q@>[\r]Z[0xffffff99][0xffffffe4][0xffffffc5][0xffffffa6][0xffffffbf]F[0x11][0x1][0x16][0xffffff8f][0xffffffc4]q[0xffffffa6]k[0xffffffb0][0xc][\n]"
08:05:03.612 [main] DEBUG com.github.dockerjava.zerodep.shaded.org.apache.hc.client5.http.wire -- http-outgoing-2 << "[0xfffffff4]a[0xffffffeb][0xffffffee]K[0xffffffe5][0xffffffa0][0xffffff84][0xfffffff3]f[0xffffffb4]u[0xffffffde]m[0xfffffff4].[0xffffffdb]%\[0xffffff85]{[0xffffff9d]S[0xffffffcd]([0xffffffe7][0xfffffff1]1'A[0xffffffa5][0xfffffff6]J[0xffffffc6][0xffffffa3]z[0xffffff94]Hd[0xffffffc1][0x7f][0xffffffb2][0x1e][0xc][0x16][0x13][0xffffff97]&[0xffffffcc][0xffffffc7][0xffffffe0][0xffffffb5]Y[0xffffffb3]C[0xffffffbd][0x1c]V[0x10];<[0xffffffb7][0xffffffd9][0xfffffff0][0xffffff93][0xfffffffc][0x4][0xffffffa1]M[0xffffff83][0xffffffd2][0xffffff83][0xffffffb4]X$R[0x12] A[0xffffffcb]W[0x18][0xffffffe4]LT'v[0x1][0xffffffe1][0xfffffff0][0xffffff89][0xe]b:*[0xffffffc5][0xffffffb4]Y[0xffffffdd][0xffffffb2]t[0xf]ht[0xffffffa6][0xffffffad][0xffffffc1]R[0x1d][0xffffffd7][0xffffffd0][0xf]XV0[0xffffffe2][0x16][0xffffffcd][0xffffff88][0xffffff87]<[0xfffffffd][0xffffffbe]4[0xffffff9a]#[0xffffffef]"[0xc][0xfffffff2][0xffffff97][0x1c][\n]"
08:05:03.612 [main] DEBUG com.github.dockerjava.zerodep.shaded.org.apache.hc.client5.http.wire -- http-outgoing-2 << "[0x6]%[0xffffffa2]4[0xffffffd1]"[0xffffff82]&[0xffffff87]IX[0xffffff94],xmD0O[0xffffffa6]#P-H[0xffffffd3][0xffffffd0][0xffffffbc][0xffffffb4]|[0xffffff90][0xffffffb6][0xfffffff3][0x11][0xffffffdf][0x17]9)[0xfffffff9][0xffffff9d]g[0x9][0xffffffa5][0x1a][0xffffffb0]I[0xffffffd9]"7[0xffffffb7]ga[0xfffffff9][0xffffffb3][0xffffffe0][0xffffffc5][0xffffffa1][0xfffffff5][0xffffffae][0xffffffcb][0xffffffa7]e[0xffffffa2][0xfffffffa][0xffffffc9][0xffffffd8],[0xffffff80][0x1f][0xffffffe0]:}[0xffffffd4]8[0xffffffaf][0x1f]U)[0xffffffe6]:[0xffffffa1]:[0x7f][0xffffffb1][0xffffffe0][0x9]/F[0xffffffa3][0xe]Y`1[0xffffff8b]~[0xffffff97])XB[0xffffff87]C[0xffffffd8]\[0xffffff93][0xffffffc0][0xffffffa6][0xffffffb9][0xffffffaf][0xffffffaa]eoo[0xffffffc4][0xffffffad]W[0xffffff95]F[0xffffffbb][0xffffff91]&[0xffffffed][0xffffffd2][0xffffffb6][0x2]g[0x18][0xffffffcc][0xfffffff1][0x7f]Y[0xffffffb4][0xffffffa6]9O[\n]"
08:05:03.612 [main] DEBUG com.github.dockerjava.zerodep.shaded.org.apache.hc.client5.http.wire -- http-outgoing-2 << "[0xffffffae]Er[0xffffff8b][0xffffffe2]d[0xffffff8d]3[0xffffffd4]9[0xfffffff7]E[0x8][0xffffffe7]4[0xffffffc5][0xffffff8b] k$:[0xffffffcf]4>[0xffffffa1]}!e4~[0xffffff99][0xffffff93][0x19][0xffffff94][0xffffffc8]siI[0xffffff91]BJ)[0xffffffc5][0xffffffc2][0xffffffbd][0xffffff9f]s[0xffffffbb][0xffffffd9][0xffffff9c]/@z[0xffffffe4][0xffffffad][0xfffffff3][0xffffffe2]U}[0xfffffffd][0xffffffbe][0xffffffb5][0xffffffca][0x2][0xffffff9c][0x2][0xffffffeb]EP[0xffffff98][0x13][0xffffffb9]H[0xffffffed][0x7f][0xffffffc1]o[0xffffffc6][0x12]j[0x18][0x1c]<]![0xffffff88]C[0xffffffd8](FZQ[0xffffffbf]<l[0xfffffffa][0x14][0xffffffdc][0xffffffb0][0xffffff9c][0xffffff8a][\n]"
08:05:03.612 [main] DEBUG com.github.dockerjava.zerodep.shaded.org.apache.hc.client5.http.wire -- http-outgoing-2 << "[0x10][0xffffffd1][0xffffffb7][0xffffffe5][0xffffffd9][0xfffffff8][0xffffff86]+[0xffffffbd][0xffffff9f][0xc][0xffffffa5]B[0xffffffa0][0xffffffa5]TFD[0xffffffa7]N` k[0x1][0xffffffe8]n[0xffffff81][0x2][0xffffff93][0x1f][0xffffffa0][0xffffff8e][0xffffffd1][0xffffffbf][0xffffffb2]+R=[0xfffffffc][0xffffffee][0xffffffc9][0xffffff98][0xffffffa9]_[0xffffffa2]E[0xffffffcd][0xffffffe9][0xffffffc0]{[0xffffffc4][0xfffffff5]F[0xffffffe1]>~[0xc][0xffffffdb]o[0xfffffff1]b[0xb][0x1f][0x15][0xffffffff]>u2_[0x1d][0xffffffbe][\n]"
08:05:03.612 [main] DEBUG com.github.dockerjava.zerodep.shaded.org.apache.hc.client5.http.wire -- http-outgoing-2 << ":y[0xffffffe5]Q[0x12][0xffffff9d]0[0xffffffc2]jjf[0xffffffd9]$a[0xffffff8b][0xffffff80][0xffffff84]~[0xffffffb3]\[\n]"
08:05:03.612 [main] DEBUG com.github.dockerjava.zerodep.shaded.org.apache.hc.client5.http.wire -- http-outgoing-2 << "[0xffffffc3][0xffffffea][0xffffffef]][0xfffffff2]S8[0xffffffcf][0xfffffff8][0xfffffffa]V[0xfffffff6][0xffffffc6][0x12]+[0x14][0xffffffc7][0xffffffee]|[0xffffffcf][0x8]n[0xffffffb7]B@S5[0xffffffdb][0xffffffaf]_>[0xffffffb0]J[0x14][0x0][0x1]@[0xffffffea]ta[0x4]2[0xfffffff8]Z"
08:05:03.613 [main] DEBUG com.github.dockerjava.zerodep.shaded.org.apache.hc.client5.http.wire -- http-outgoing-2 << "[0x3][0xffffffe2]^+;[0xfffffff7][0xffffffda][0x1e].[0xffffffdb]N[0x1d][0xffffffa1]{7}E[0x3][0x5][0xffffffc5][0xffffff86][0xfffffff6]I[0xfffffff5][0xffffffe5][0xffffffea]|:9[0xffffff95][0xffffffd8]L^}>[0xffffffaa][0xffffffa9][0xffffffee][0xffffffaf][0xffffff82][0xffffff80][0xffffffc8]k/[0xffffff83]G[0xffffff81][0xffffffee]t<[0x1e][0xffffffb0][0x14][0xfffffff5][0xfffffff8][0xffffffe9]/V[0xffffffe7][0xffffffd0][0xffffffa9][0xffffff94]b1[0xffffffca][0xffffffe1][0xffffffdf]K:,[0xffffffdb]VY[0xffffffbf][0xffffff83]L[0xffffff8f][0xffffffd5]X[0xffffffd6][0xffffffa1][0xffffffb3]][0xffffff9b][0xffffffa9][0x17]7[0xffffff95][0xffffff8d][0xfffffffe]0[0xffffffb1][0x18][0xffffff93]$J$[0x16]s[0xffffffa5]b[0xffffffa0]M[0xffffff92][0xfffffff5][0xffffffd1][0xffffffc5]h[0xe]e[0xfffffff6][0xffffffe1]1r[0x13][0x6][0xfffffff7][0xffffff9d]|[0xffffff8c]+[0xc]3[0xffffff95][0xffffff94]{[0xffffffb6][0xffffff92][0x1d][0x12][0xffffffad]D[0xffffffda][0xffffffb6][0xffffffdc][0xffffffa2][0xffffffeb][0xfffffffc][0xffffffdd][0xffffffd5][0x1b]>[0xffffffbe][0xffffff8a][0x4][0xffffffde][0xffffffc9]AxBF[0xffffffd0][0xffffffa4][0xffffffc7]NB[0x14][0x16][0x10][0xffffff92]t.u[0xffffffa9][0xb][0xffffffa1][0x1d][0x1f][0xffffffeb];[0xffffff9b][0xffffffc5][0x9]AH~[0xffffffa9][0xffffffb1] *[0x17][0xffffff8b]P[0xffffffc3][0xffffff98][0xf][0xffffffe0]8[0xffffffd7][0xffffff86][0xffffff98][0xffffff86][0xffffff9f][0x1][0xffffffc9]M[0xffffff94]@p[0xfffffff1][0xffffffcb]lC:[0xfffffffe]A[0xffffff8a][0xfffffffd]rG[0xffffffc5][0xffffffd5][0xfffffff3]=T[0xffffffce][0xffffffb2])#[0xfffffff6][0xfffffffe]*Gy[0x1e]ni[0xffffffc2]$[0x1d][0xffffffe4][0xfffffffb]![0xffffffac]U_g[0x10][0x1][0xffffffe3][0xffffff88][0xffffff9e][0xffffff99][0xffffffcb][0x5][0x3][0xffffffe8][0xffffff99][0xffffffc9][0x16],[0xfffffff3]{[0x17][0x1c]3[0xffffffeb]C[0xffffffd3]tP[0xffffffcc][0x1f]w|[0xffffffed][0xffffffd5][0xffffffb0][0xffffffc2]D[0xffffffa2]0=[0xffffffb7][0xffffff91][0xfffffffe][0xffffff9b][0xffffffe2][0xffffff8c][0xffffff99][0x1][0xffffffdd][0xffffffaf][0xffffff93]/[0xffffffba]([0xffffff94][0xffffff84][0xffffffa3]a[0xffffffc9][0xffffffd6][0xffffffdc][0xffffff87][0x2][0xffffffd6]2[0xffffff90][0x13][0xfffffff8]b[0xffffff85]~[0xffffffab]#=[0xffffff9d][0x1c][0xffffffce][0xffffff98]}[0xfffffff7]J[0xffffffa1]g[0xffffffa0]{[0xffffffa6][0xffffffc1][0x17][0xffffff8f][0xfffffff1][0xfffffffc][0xffffff96]9[0xffffffd9][0xffffffd6][0xffffff88]0Mw[0xffffffad]t[0x1][0xffffff99][0xffffffbc]{[0x16][0x15]`[\r]{%[0xc][0xffffffd8]A[0x3][0xffffffa0][0xffffff81]o[0xffffffbf]:|y[0xfffffffe][0x17][0xffffffd6]X[0xffffffc2]$[0xffffffd4]s[0xffffff8c][0x14][0xffffffed][0xffffffcf]y2=*i[0xffffff91][0xffffffa7][0xffffff8d][0xfffffffc]U[0xfffffff4][0xffffffb2][0x11][0xffffffee][0xffffffd4]P2c[0xffffffb6]@[0xffffff86][0xffffffb7][0xffffffcf]6[0xfffffffc][0xfffffff3][0xffffffc7][0xffffff87][0xffffff83]wY[0xffffff8c][0xffffffd4]1s[0xffffffc0][0xffffffe1]8[0xffffff84]2[0xffffffe9][0xfffffffc][0xffffff84][0xffffffe6][0xffffff80]F[0xffffffa6][0x8][0xffffffb7][0xffffffe2][0xffffffda][0xffffffa4][0xb][0xffffffcb][0xffffffb3]3[0x1b][0xffffffe4][0xfffffff7][0x12][0xffffffcc]l[\n]"
08:05:03.614 [main] DEBUG com.github.dockerjava.zerodep.shaded.org.apache.hc.client5.http.wire -- http-outgoing-2 << "[0xffffffd8][0xffffff87][0xffffffdd][0x5][0xffffffd2][0xffffffaf][0xffffffe5][0x1c][0xffffffbb][0x19][0xffffffe4]%[0x1a][0xb][0xffffffe7])[0xffffffa9][0xffffffb8]R[0x10][0xffffff87]:#q[0xffffffda][0xffffffb1][0xffffffb8][0xffffff84]g&[0xffffffe6]&[0xffffff98][0x19][\n]"
08:05:03.614 [main] DEBUG com.github.dockerjava.zerodep.shaded.org.apache.hc.client5.http.wire -- http-outgoing-2 << "[0x3]E[0xffffff8c][0xffffffe9][0xffffffd5][0xffffff94]4[0xffffff94][0xffffffec][0xfffffff2]V[0xffffffc1][0xffffffd4][0xffffffac][0xffffffd8]JI[0xffffffb6][0x9][Z'#([0xffffff8b][0xffffffb6][0xffffffc7][0xffffffcf]E[\n]"
08:05:03.614 [main] DEBUG com.github.dockerjava.zerodep.shaded.org.apache.hc.client5.http.wire -- http-outgoing-2 << "[0xffffffa3]c[0xffffffc3][\n]"
08:05:03.614 [main] DEBUG com.github.dockerjava.zerodep.shaded.org.apache.hc.client5.http.wire -- http-outgoing-2 << "[\r]4|+xVq[0x1d][0x1a][0xffffffd6][0xfffffff1]Bxpa [0xffffffc2][0xffffffc8]h~[0xffffffc8][0xffffffb0][0xffffffea][0x4],T[0xf][0xffffffbf][0xfffffffe][0xffffffdd][0xffffffe8][0xffffffd8][0x17][0xffffff9a][0xffffffbc][0xffffff80][0xffffffe6]k[0xfffffffc][0x7]3[0xffffff84][0xffffffea][0xffffff9a][0xffffffce]_[0x5]q[0xffffff87][0xffffffdf]y[0xffffffa3]$[0xffffff92]%u1[0xffffffef][0x17][0xffffff9c][0xffffffbe][0xffffffbe]P[0xffffff83][0xfffffff2]0.T[\n]"
08:05:03.614 [main] DEBUG com.github.dockerjava.zerodep.shaded.org.apache.hc.client5.http.wire -- http-outgoing-2 << "}[0xffffffdb]][0xfffffff5][0x1e][0xffffff98][0xffffffe1]<[0xffffffa4][0xfffffff5][0xfffffffa][0xffffffe1]^[0xffffffde][0xffffff88][0xffffffa0][0xffffff97][0xffffff9c]nC[0x1b][0xffffffd5]{[0x1e]`(tx[0xffffffe1][0x15];[0x15]m[0xfffffffa][0xffffffc5][0xffffff88]iZ[0xffffffc9][0xffffff8b]l'[0x2]?Ufw[0xffffff9f][0xffffff9e][0xffffffec][0xffffff9b][0xffffff92]A[0xffffffb9][0x5][0xfffffff4][0xffffff94][0xfffffffc][0xffffffdf][0xffffffdb][0xffffffb0][0xffffff89]C[0xffffffbb][0x10][0xffffff96][0xffffffb7]ef[0xfffffff2][0xffffffb6][0xffffffac][0xffffff8a][0xffffffd8]aozy[0xffffffdf][0x1]([0x19]G5[0xffffffd1][0xffffffc3]H{g[0xfffffffb][0xffffffc4][0xffffffad][0xffffffef][0xfffffffa][0xffffffb8]):$v[0x14][0xffffffeb][0x12][0xffffffba][\n]"
08:05:03.614 [main] DEBUG com.github.dockerjava.zerodep.shaded.org.apache.hc.client5.http.wire -- http-outgoing-2 << "{[0xffffff9c][0x13]$XR[0x9],[0xffffffd1][0xffffffa8]r[0x3][0x17][0xe][0xe]I'Y[0xffffffdb]m-[0xffffffa5][0xffffffae][0xffffffc0][0xffffffd0]s%[0xffffff88]=[0x9]s[0xfffffff9][0xffffffe2]M[0xffffff87][0xffffffec][0x1a][0xffffffa6][0xf][0xffffffa1][0xffffff85][0x3][0xffffffd8][f[0xffffffd5][0xffffffbc];[0xfffffff5][0xffffff90][0x1e]9\-Hg6[0xffffff8e]jlv[0xffffff87][0xfffffff7][0xfffffff9][0xffffffb7][0xffffffcc][0xffffff98]d"[0xe]g[0xffffffce][0xffffff80][0x15]R[0xffffffbc][0xffffffd1]\"[0xffffffc9][0x17][0xffffff9d][0xe]4o[0x9]T0(![0xffffff90][0xffffffce]y[0xffffff98]SE[0xffffffe0]W[0x3]f[0xffffffff][0xf]SH[0x1b][0xffffffdd][0xffffffc5][0xffffffdd][0x0][0xffffffad][0xffffffcd][0x0][0xffffffb8][0x0]![0xffffffff][0xffffffcf][0xffffffd8][0xfffffffd][\n]"
08:05:03.614 [main] DEBUG com.github.dockerjava.zerodep.shaded.org.apache.hc.client5.http.wire -- http-outgoing-2 << "[0xffffffa7][0x10]=[0xffffff94]t[0xffffffe3][0x11][0x9][0xffffff84][0xffffffe2][0xffffffe4]U[0x1]E[0xb]![0xfffffff3]a[0xffffffca]:|[0xffffffce]"g[0xffffffb0]W[0x5]<<[0xffffff8c]?+*[0xffffff80]v[0xffffffa1][0xffffff89][0xc]5d[0xffffff9a][0xffffff97]J[0xffffffcb][0xffffff80][0xffffff9f][0xfffffffb][0xffffffaa][0x2]~[0xffffff82][0xffffffea][0xffffffaf][0xffffffb9]?[0xffffffec][0xffffffa9][0xffffffeb][0x1f]*jR|M&[0xffffffd8]|[0xffffffc3][0xfffffffd]X[0xfffffff5][0xc][0xffffffdf][0xfffffff9][0xffffffc4][0xffffffce][0x1f][0xffffffcb][0xffffff99]E[0xffffffeb]<[0xffffffa9]z[0xfffffff4][0xffffffd1]F [A[0xffffff9c][0xffffffaf][0x8][0xffffffb2][0xfffffffb][0xffffff97][0xffffffec]XL[0xffffffb0][0xffffffd7][0xffffff89]C~[0xffffffab]P[0xffffffe5]J[0x13][0xffffffdb][0x5]\[0xffffff81][0x6]'[0xffffff88][0xffffffa5]4C[0x0][0xffffffe9]Ro[0xffffff9d]8[0xfffffff1]L[0xffffffd1][0xffffffd3][0xffffffcb][0x11]3[0xffffffbb]+l[0xffffffc3]_[0xffffffb8][0xffffff86][0xffffff9f][0xffffffbd][0xffffff8d][0xffffff8d]c[0xffffffc3]N[0xffffff81]'[0xfffffff1][0xfffffffd][0xfffffffe][0xffffffd5][0xffffffeb]J[0xffffffe1]p\An[0xffffffe1]fB[0xfffffff8][0xffffff9f]8[0xffffffd9][0xffffffd3][0xffffffdc][0x1d]VDG[0xffffffd5]V[0xffffffaf]d[0xfffffff9][0xffffffc1][0xffffffdc][0xffffff85][0x2];[0x4]DU[0xffffff8a][0xffffffee][0xfffffff0][0xffffffba][0xffffff83]Te[0xffffff94][\r]V[0xffffffca][0xfffffff0][0xffffffa8][0x13]1[0xffffffbe][0xffffffef][0xffffffeb][0xffffffa6][0xffffffd5]}[0xfffffff7][0x18]1][0xffffff8e]+[0xffffff84][0x1f][0xffffffc8]*[0xffffffac]j[0xffffffd8][0xffffffff][0xffffff8f]][0xffffffb7][0xe][0xffffffca]r[0xffffffdb][0xffffffff][0xffffffbf]/[0x1a][0xffffff94][0xffffffe6][0xffffffa6][0xffffffbb][0xffffffbb][:[0xffffffa4]D[0x1a]i[0xffffff90]N[0xffffffe9][0xe]AAB[0xffffffe9]R[0xffffffba][0xffffffbb][0xffffffbb][0xfffffff3][0xffffffa6][0x11][0x10][0xffffffe9][0xffffffee][0xe]i[0xffffffa4][0xffffff9f]9{[0xffffffbb][0xffffffcf]qs[0xfffffff6][0xffffffef][0xfffffffb][0xffffffa8]{[0xffffffff]y[0xffffffd6][0xffffffdc]30[0x17]3[0xffffff9f][0xffffffb9][0xffffffaf][0xffffffd7][0xffffffe7][0xffffffbd][0xffffffd6]z[0xffffffb1]f-[0xffffffe6][0xffffffa5]P4oi[0xffffffa6][0xffffff8c]HC[0xffffff8d]y[0xffffff9a]k8T[0xffffffa4]M[0xffffffc1][0xffffffd5]N0[0xffffffcb]][0xffffffcb]d[0xffffff85][0xffffffef]c[0xffffff9c]-[0xffffffe5]v[0xffffff81][0xffffff8d]Dc\[0x1a]^{[0xfffffff0]Q[0xfffffff2][0xffffffc7][0xffffffd0]d[0xffffffce][0xfffffff8][0x1d]$[0xffffffc3][0x1e][0xffffff87]q[0xffffffc3][0xffffffba]HS$[0xffffffb8]9[0xffffffb3]F[0xffffff8e]"[0xffffffbd]h[0xffffffdd]vV`[0xfffffff7]]4[0xffffffbc][0x2]3 K[0xffffffdf][0xffffffe5][0xffffff93][0xfffffff7][0xffffffbc]+[0xffffffe7]9[0x1a]!E[0x11][0x12][0x1f]K*o[0x1d][0x11]Tb;[0x7f][0xffffff81]r[0x1e]Yj[0xffffffd6]Ea[0x5][0xffffffc1][0x16]u[0xffffff8d][0xffffffcd][0xfffffff2]a[0x14][0xffffffc0] [0xffffffa9].[0xffffffd3][0x1b][0xffffffa5]Um[0x16][0xffffff8a][0xffffffea]',x[0xffffff9a]x[0xffffffb4]R0[0xffffffe3][0xffffff9c][0xfffffffb][0xffffffbe][0xffffffec][0x19][0xffffffdf]f[0x19]^#[0x17][0xffffff9d][0x13][0xffffffdb][0xffffffcb][0x18][0xffffffe9]aa--[0x14][0x9]X[0x6]^C[0xfffffff6][0xffffffec][0xffffff89][0xffffffab]Oz[0xffffff9f]E[0xffffffd7]1[0x2][0x12].i[0xffffffb8][0xffffffaa][0xffffff9c]7f<tWz[0xffffffdf][0xffffff95][0xffffff8a][0xffffffc4][0xffffffd0][0xffffffca][0xffffffe9][0xffffffb8][0xffffffb7]n[0xffffffe3][0xffffffaa]3[0xffffffa5][0xffffffc9][0xffffffcf]M[0xfffffff2]Wz[0x1e][0x14][0xffffff84]R[0xffffffe7][0xffffffcb][0xffffffc0][0xffffff9e][0xffffffad][0x19][\n]"
08:05:03.614 [main] DEBUG com.github.dockerjava.zerodep.shaded.org.apache.hc.client5.http.wire -- http-outgoing-2 << "[0xffffffec][0xffffffc4][0xffffffba][0xffffffc3]S?<Z[0xffffff9d]W[0xffffff8e]x[0xffffffc1][0xffffff8b][0xffffff9d][0x5][0x5][0xffffff87][0x5][0x7][0x1b]b{[0xffffff8a]7[0xffffffaf]r[0xffffffb1]w[0x14][0xffffff85][\r]i[0xffffff99],[0xfffffffb]\[0xfffffffd],n{[0xffffffb1]bxv[0x1c][0xfffffffc]Io[0x1][0xffffffb1]5[0xffffffc7]~[0xffffff86]n[0xffffff94][0xffffffbd]g[0xffffffed][0x11]_K[0xffffffde][0xffffff87][0x1b][0x4][0xffffffa3]e|6p[0xfffffff6][0xffffffc7][0xf]S1y[0xffffffa3][0xffffffbd][0x1d]K[0xffffffc7]2[0xffffffdb][0x13][0xffffff9c]J[0x7][0xfffffffc]VuW[0xffffffb8][0xffffffc1][0xffffffda][0xffffffb7][0xffffffc3]zs[0xffffffef]Y[0xffffff8c]p[0xffffff92]a`[0xfffffff2][0xffffff9f][0xffffffcd][0x10]:H[0xffffffc0][0xffffffbe][0xffffffe2]#[0xffffff9f]Y[0xfffffff4]b8[0xffffffc0]q[0x1b]`[0xfffffff1][0xffffffa5][0xffffffe3][0xffffffe9]xm[0xffffffed][0xffffffde][0xffffff8f][0xfffffffe]`[0xffffffba]([0xffffffee]\41[0xffffff80]w[0xffffffb5][0xffffffef]*`[0xffffffe0]Yi[0xffffffcf][0xffffffad][0xffffffa4]U[0x3]H[0xffffffb9][0xffffff93][0x14];[0xffffffdc]F5[0xffffff81][0xffffff99][0xffffffd2][0x0]x`[0xffffffbb][0x0][0x0]PP[0xffffffe9][0xffffff8d]'1[0xffffff9a][0xffffffb4][0xffffffa4][0xffffffc4][0xffffffb0][0xffffff9f]R[0xffffffc6][0xf][0xffffffd8][0xffffff9d][0xffffffac][0xffffff87][0x18]f[0xffffff96][0x17][0xffffffbd][0x17][0xffffffa2][0xffffffde][0xfffffffa][0xffffff8c][0xffffffd2]I[0xffffff9c][0xffffffb9][0xf]-zp[0xffffff9d]\}\[0x1d]U[0xf][0xffffffa6][0xffffff80]\?[0xfffffff2][0xffffffb9][0x7f][0xffffffa8][0xfffffff5][0xfffffffb]G[0xffffffbb][0xfffffffa]&[0xffffffc9]:^[0xffffffa5][0xffffffbe][0xffffffe2][0xffffffa4]q[0xffffffa7]=[0xfffffff0]X[0xffffffa5][0x11]![0xffffff80]i[0xffffffbb][0xffffffd3][0xffffff8a][0xffffff92][0x8][0xffffff9a][0xffffff81][0xffffffa5][0xffffffae]-P;r[0xffffffc8][0xffffffac][0x1a][0xfffffff1][0xffffffeb][0xffffff92]M*[0xffffff87][0xffffffcf][0xffffffd1]{{[0x13][0x1c]$E[0xffffffdb][0xffffffd7]E[0xfffffff4][0x19][0xffffffdc][0x4][0xffffff8f][0xffffff9d]:[0xfffffff5][0x0][0xffffffb4]3[0xffffff8e][0xffffffa7]0W[0xffffffc3][0xffffffa1]p/2{|[0xffffff9a][0xffffff99]5[0xffffffb1]Tb[0xffffffec]d[0xffffffe2][0xffffff9e]|[0x19]*S[0xffffff9b][0xffffffb4][0xffffffa0][0xffffff87][0xffffff90][0xffffffe9][0xffffffe4];[0xffffff8f][0x7f][0xffffff92][0xffffffd9][0xffffffad]2Ui[0x11][\r]Pj[0xffffffd7][0x8]I[0xffffffb8][0x1b]![0xffffffd5]eV#![0xfffffff0][0x7f]n[0xffffff82][0x19][0xffffffd4][0xffffffe0][0xffffffbc][0xffffffdd][0x1][0xffffffbd]{[0xffffff87][0xffffffbb][0xffffffec][0xffffff86]1[0x12]C[0xffffff98]"[0xffffffc4]@[0xffffffd2]UI[0xffffffb2]+[0xffffff8e][0xffffffa1][0x18][0xfffffff8]I[0xffffff8c][0xffffffd3]4[0xffffff8c]b4B[0xffffff9b][0xfffffff9][0xffffff85]QF'[0xffffffa2][\r]NH[0xffffffb8]5e[0xffffff81]`[0x17][0xffffff84]w[0x1][0xffffffc4][0xfffffffc]x[0xffffffd5][0xfffffffc]8[0xffffffab][0xffffffca][0x11][0x7f]#}+[0xffffffe2][0xffffffe4][0xffffffc7]9[0xffffffa2][0x9][0xfffffff3][0xffffffed][0xfffffff9]k!h[0x15][0xffffffc4][0xffffff83][0xffffffcd][0xffffff83][0xffffffb1][0xffffffb5][0xffffffd4][0xffffffac][0xffffffba]:[0xffffff8d]g[0xffffffaa][0xffffffe1]N[0xffffff9c]!][0xffffffcd]G[0x14][\r]m[0xffffff9e][0xffffffa1][0xffffff8e]YI0N[0x10][0xffffff8e]![0xffffffe7][0xfffffffc]3>[0xfffffff6]D[0xffffffd1][0xffffffa0]~[0xffffff84][0x15]VLD[0xffffffb6]F[0xffffffe4]D9[0xffffffa7][0xffffffb7]l&[0xffffff9e][0xffffffde]M[0xffffffd1]FU[0xfffffffb][0xffffffdd][0xffffffc4][0xffffff82]%[0xffffff83]I[0xffffffe1]E_[0x7];M[0xffffffb1][0xffffffcc][0xffffffdf][0xffffffee]9B}[0xffffffa5][0xffffffa9][0xffffff9c][0xffffff86][0xfffffffe][0xfffffff0]l[0x10]F[0xffffffd9]]b[0xffffffcd]}'[0xfffffff2]"[0xfffffffd]fa[0x5][0xffffffcf][0x1c][0xffffffda]M?n@[0xffffff8d][0xffffff93][0xffffff86][0xffffff82][0xffffffb3][0xffffff9a]dp[0xffffffa8][0xffffff9e][0x9]O[0xffffffc0]3[0xffffff81][0x14]W [0xffffffd0]h;i[0xffffff82][0x5][0xffffffff][0xffffffc0]}N[0xffffffd7][\n]"
08:05:03.614 [main] DEBUG com.github.dockerjava.zerodep.shaded.org.apache.hc.client5.http.wire -- http-outgoing-2 << "O[0xffffffbe][0xffffffb1][0xfffffff9][0xffffffeb][0xffffffc9][0xffffffb1]M[0xffffffee][0xffffffa0]ke[0xffffff83][0xffffffcd][0xfffffff4]@[0xffffffce]9[0xffffffdf][0xffffffdc][0xffffffb0]@[0xffffff98][0xffffffb9]gN[0xffffff90]N}[0xffffffb0][0xffffffdc][0xffffffee]:[0xc][0xffffffb8][0xffffffee][0xffffffd3]e3L/[0xffffffdb]xY5[0xffffffd5][0x7]qV[0xffffffcd]#[0xffffffa9][0xffffffa0][0xb][0xffffffef][0x18]D}V[0xffffffce][0xfffffffd][0xffffff80]c[0xfffffff3][0xffffffc3][0xfffffffc][0xffffffb1][0xfffffff7]U[0xfffffff8][0xffffff9d]p [0xffffffd2][0xffffffaf]R![0xffffffc5]'[0xffffffbd][0xffffff92]u[0xfffffff2]-[0x4]M[0x13]M}[0xffffff8b][0xffffff9c]'[0xffffffad]%5[0xffffffaf][0xffffff8b]}?:[0xffffffe0]V=[0xffffff86][0xffffffdc][0x4]ml[0xffffffd8]f[0xffffffbc][0xffffff8f]hGH[0xffffff98]m[0xffffffe2][0xfffffffb]WCs[0xffffff8c][0xffffffc8]Y[\r][0xffffffb3]6[0xc][0x17][0x11][0x5]n[0xffffffa3]wH[0xffffff9e][0xffffff9a][0xffffffc3]u[0xffffff80][0xffffffa0][0xffffffb7][0x13][\r][0xffffff89][0xffffffec][0xffffffb2]W[0xffffffa3]|[0xffffff8e][0x5][0xffffff90][0xfffffffc],[0xfffffff2]^r,[0x10][0xffffffcc][0xb][0x2][0xffffffa9]%:W[0xffffffc7][0xffffffa1][0xffffffa4][0xffffff9b][0xffffffb5][0xffffff95][0xffffffb0][0xfffffff3]x[0x1f][0xfffffff1]{[0xffffffc5]6c[0xffffffa5][0xffffff94]m[0xfffffff6]![0xffffffb5][0xffffff86][0xfffffff4][0xfffffffa][0xffffffbc][0xffffff9f][0xffffffb9]0_O[0xffffffa7]X[0xb][0xffffffd2]?][0xffffff83]H[0xffffff82]8[0xffffffb4]#[0xffffffdc]0[0xffffff8d][0xffffffda][0xffffffd4][0xffffffec][0xffffffb3][0x1f][0xffffffff][0xffffffe0]Dc[0xffffffa8]6D?[0xffffffe8][0xffffff9b][0xffffffcd][0xffffff9e][0xffffffbf]L[0x6]E)k[0xffffff86][0xffffffde][0xffffffcd][0xffffff93][0xffffff92][0xffffffbf]m[0xffffff91]o[0x14][0xffffff80][\n]"
08:05:03.614 [main] DEBUG com.github.dockerjava.zerodep.shaded.org.apache.hc.client5.http.wire -- http-outgoing-2 << "[0x1a]2e[0xfffffffd]Jy$p[0x14][0xfffffffc]:Ris[0xffffff81]|[0xffffffc0][0x1c][0xffffffc2][0xffffffa4]g[0xffffffb5]W[0xffffffe6][0xffffff8e][0xffffffc2][0xfffffff2][0xfffffff8]QIJ[0xc]kP[0xffffffdd][0x3][0xffffffd3][0xb]Vh[0xffffff96][0xffffffb8][\n]"
08:05:03.614 [main] DEBUG com.github.dockerjava.zerodep.shaded.org.apache.hc.client5.http.wire -- http-outgoing-2 << "[0xffffff86][0xffffffa4][0xffffffd3]![0xffffff82][0xffffffd6][0xffffff85]|[0x4]t[0xffffff91]p[0xffffffff][0xffffff83][0xfffffff2]s.Z[0xffffff99]E[0xffffffe9][0xffffffbd]1[0x1e][0xffffff8e][0xffffff9b][0xe][0x10][0xffffffe8]S[0x8]O[0xffffffe6][0xffffffd2][\r]1[0xffffffe8][0xffffffd5]s[0xfffffff9][0xfffffffd][0xffffffdb]8&[0xffffff86][0xffffff9a][0xffffffd4][0x12]o[0xffffffaf][0xffffff9a][0x1c][0xffffff9e]^h[0x1e]6[0xffffffb2][0xffffffdb]S[0x5][0xfffffff2][0xffffffdc]9[0xffffffd6]p=}hEzEI[0xffffff86][0xffffff82]sR8[0xffffffda][0x7][0xffffff97][0xffffffb3][0xffffffc2][0xfffffffe][0xfffffffd][0xffffffd1][0x17][0xffffffd6]h[0xffffff9a]q[0xffffffd6][0xffffffb7]pJX[0xffffffd0][0xffffffb3]k[0xfffffff3][0xffffffaa]6[0xfffffff6]P[0xf][0xffffff8b][0xffffff94][0xffffffdb][0x1b] [0xffffff94]}f[0xffffff90][0xffffffc6][0xffffffe9][0xffffff83][0xffffffd5][0xfffffff3]MZ[0x6][0xffffffa1]X>[0xffffff8d][0x3][0x10][0x1b]Vno[0xffffffd9]pU[0x3]^[0xffffff91]r[0xffffff9e] [0xffffff9a][0x13][0xffffffe8]/{[0x15]34[0xffffffef]Oc][0x7])k[0xffffffbe][0xffffff95]M)[0xffffffe7][0x16][0xffffffc8][0xffffffcd]L[0xffffffe0][0xffffff97].[0x11][0xffffffae][0xffffffe3]E1[0xfffffff0]n[0xffffff97][0xffffffd3][0xffffffb6][0xffffffcc][0xffffffa6]P[0xffffffdd][0xffffffeb][0x3][0xfffffff5][0xf][0xffffffea](_n[0xffffff89]A[0xffffffc6][0xffffff97][0xffffff94]l[0xfffffff7]N[0xffffff87][0xffffffeb][0x9][0xffffffc1][0xffffff98][0xffffff98]s">[0xfffffff4]Z[0xffffff86][0xfffffff3][0xffffff8b][0xfffffff3]!c[0xffffffb8][0xffffffc6][0x0][0x1d][0xfffffff0]?[0xffffff9a][0x14]fb[0xffffffed][0xf][0x7][0xffffffd6][0xffffffd3]F|[0xffffff8d]yJ[/z[0xffffff85]K[0x8]v[0x19][0xffffffa9]V[0xffffff85] [0xffffffb8][0xfffffffb]u[0xffffff90]m$[0xffffff85]7[0xffffffda]N[0xffffffc6][0x1f][0x1d][0x17][0xffffffbe]0E>[0xffffff82][0x1f][0xfffffff8][0xffffffbc][0xffffffe0]  [0x2]~=A[0xffffffd5][0xffffffcb]OgG[0x3][0xffffffcf][0x11]n[0xffffff81][0xffffff87][0xffffff95][0xffffff88]:[0x3]^[0xffffff95][0xffffffed][0xffffff80]E<[0xffffff9e]C[0xffffffc0][0xfffffffe][0xffffffec][0xffffffd8][0xffffffc2]N[0x17][0xffffffbe]+[0xfffffff8]a[0xffffffdd];[0xffffff9a][0xffffffc3]$[0xffffff81][0xffffffb8][0xffffff97]>[0xe][0xffffffbc][0xffffffd9][0xffffff97][0xffffffe3][0xffffffbf][0xffffffe0]g[0xffffff96]6'[0xffffffad]eoim[0xffffffc0]C[0xffffffd6][0xffffffdd][0xffffffb3][0xffffffb6][0xfffffff0][0xfffffff8]c[0xffffffeb][0xffffffd0][0xfffffff1][0xffffffed]D[0xffffff9e][0xffffffa2][0x5][0xffffffb6][0x14]Y[0x8][0xffffff9a]+5[0xffffffa8][0x11][0xffffffb2]g[0xffffffa4][0xffffffe8]#B6[0x8][0xffffff91][0xffffffce][0x11]>[0xffffffb5][0xffffffe0]nj[0xffffffa8][0xfffffff7][0xffffffd3][0xffffff94]x[0x19][0xffffffbb][0xffffffc1][0xffffffeb]S[0xffffffb7]u[0xffffffef][0x2][0xffffffdc][0xffffff9d][0x7][0xffffffd8][0xffffff8c]yU6o[0xffffffad][0xe][0xffffff94]+.[0xffffff98]I[0x3]`5L[0xffffff99][0xffffffd0]F[0xffffffbc]&[\r][0xffffffed]P[0x1d][0xffffffa8]R[0xffffff85]i[0x14][0xffffffb4]20[0xfffffffa]V@[0xffffffc4]M[0xffffffe0]#8[0xffffffed][0x7][0xffffffda]B[0xffffff83]|[0xfffffff5][0xffffff9f][0x1e][0xffffffd4][0xfffffff5][0xffffffdc][0xffffffb2]fq[0xffffffa4][0xffffffd1]q[0xfffffff1]![0xffffffe5]}[0xfffffff6]Q[0xffffffce]1Mod[0xffffffd5]?[0xffffffec][0xffffff85]K}A[0xffffffd0][0xffffffa0][0xffffffcc][0xffffff99]b^[0xffffff80];M[0xffffffec]4[0xffffff89][0xffffffc8][0xffffffa2]Y[0xffffffa1][0xffffffba]&[0xfffffffb][0xffffffd9][0xffffff88][0xffffffe8][0xc][0xffffffdd]f[0xffffffdf]9[0xffffffb5]6[0x1f][0x1d]B([0xffffffb4][0xffffffbf][0xe]*[0xffffffaa][0xffffff8e][0xffffffeb][0xffffff9d][0xffffffa7][0xfffffffe]8[0xffffff9c][0xffffff92][0xfffffff3][0x16][0xffffffdb][0xffffff82][0xffffffb3][0xffffffba]R[0xffffff96][0xb][0xffffffc8][0xfffffff0][0xffffffc3]2[0xfffffffe]cIyh[0xffffffb6]=[0xfffffff8][0xffffffbb][0xffffffd5]l[0xfffffffd][0xfffffff9]t[0x1c][0xffffffb6][0xfffffff5][0xffffffbe]S(<O([0xe][0xffffffe9][0xffffff8a]t>[0xffffffeb]E[0xffffffe7]lJ[0xfffffffa]CF[0xffffff84]p]%[0xffffffe9][0xffffffa5][0xffffff9a][0x1c][0xffffffca].'[0xffffffb1][0xffffffb2]JW[0x11]z[0xc][0xffffff81][0xffffff8f][0xfffffff3][0x3]^[0xffffffc9]~#[0x1]m[0xffffffaa][0xfffffff9][0xfffffff9][0xffffff96]w'[0xffffffe1][0xffffff83][0xffffffbb][0xffffffbb][0xffffffee][0xfffffff6][0xfffffffa][0x13][0xffffffb4]e[0xffffff83][0xffffffd9][0xffffffc3][0xffffff9c][0xffffffa3][0xffffff8e].|[0xffffffae][0xffffff8d]|[0xffffff9f][0xffffffca]ov[0xffffff97][0xffffff99]d[0xffffff94]e[0xfffffffb][0xfffffff9][0xffffffec][0xffffffc9][0xfffffffc]2[0xffffff85][0xffffffd9][0xffffffc4]"[0xfffffff4][0xffffffa2][0xfffffffc][0xffffffb4][0xffffff8f][0xffffffe2]:[0xffffff9a][0x15]w[0xffffffed][0xfffffff0][0xffffffe3][0xffffff98][0xfffffff5]P[0x4][0xffffffc4]1[0xffffffb9][0xffffffca][0xffffffcf][0x7][0xffffffda][0xffffffe3]^/[0xffffffb5]A>[0xffffffba][0xffffffda][0x10][0xffffffe1]{L:[0x11]8?[0xffffffb9]U[0xffffff8e]v[0xffffffc7]@[0xffffff8a]=[0x4][0xffffffb5][0xffffffed][0xffffff8c]I4[0xffffffd0][0xffffffa4]C[0xffffffcf][0x8][0x15][0xffffffe5]x[0x1b]J[0xfffffff2]${*[0xffffffbc]*5y[0xffffff84]T[0x2][0xfffffffa][0xffffffb1]!R[0xffffffce]%[0xffffffff]l[0xffffffc8][0xffffff91][0xffffffa1][\n]"
08:05:03.615 [main] DEBUG com.github.dockerjava.zerodep.shaded.org.apache.hc.client5.http.wire -- http-outgoing-2 << "[0xffffffca]K[0xffffffce]9[0xffffff88][0xffffffb1][0x7][0xffffffad][0xffffffee]`[0xffffffcf][0xffffffc8]<[0xffffffe7]}m[0xffffffd8]NK[0xfffffff6][\n]"
08:05:03.615 [main] DEBUG com.github.dockerjava.zerodep.shaded.org.apache.hc.client5.http.wire -- http-outgoing-2 << "[0xffffffd1]^X[0xe][0x11][0xffffffa9][\r][0xffffff87]O[0xffffff83]c[0xffffffbc][0xffffffbe][0xffffffe8][0xffffffd7][0x18]6[0xffffffd5][0xffffffdd][0xffffffe7][0x1e].[0xffffffab]o$j[0xffffffa9]E5|]z[0xffffffc3][0xffffff90]c[0xffffff8b][0x15][0x1b][0xfffffff0][0xffffff8a][0xffffffc5]-B[0xffffffa2]8[0xffffffd1][0xffffffd8]*e[0xffffffb9]Y[0xfffffff1]#[0xffffffbd][0xffffff94][0xfffffff2][0xffffffc9][0xffffffed] [0xffffffb0][0xffffff87][0x12][0xffffffd0].[0xffffffd2][0x16][0xffffffc3]Ss[0xffffff88]fIW[0xffffffa9]^[0xffffffb0][0x18][0xffffffa1][0xfffffff2]I[0xffffff96][0xffffff8a]S[0xfffffff7][0xffffffb3]][0xffffff99][0xffffffb5][0xffffffd4]mZD[0xffffffa4][0xffffff91]L([0xffffffb9][0x7][0x11]=[0xffffff94]a[0xffffff8b][0xffffffb6]P[0xffffffa5]F[0xffffff87][0xffffff89]=[0xffffff8b][0xffffffc4][0xffffff83]C+[0xffffffdc][0xffffffc4][0xffffffa0]a2u>[0xffffffea][0x18][0xffffffb5]r[0xffffffa6]][0xffffff8f]+[0x19][p[0xffffffbb]}[0x11][0xffffffc7][0xfffffffd] [0xfffffffc][\r][0x15][0xffffffde][0xffffffed]P*[0xffffffc3][0x8][0xffffffed]K[0xffffffcc]fz[0xffffffde][0xffffffe7][0xffffffa0][0xffffffcd][0xffffff86][0x1e][0xffffff98][0x10][0x12][0xffffffff][0xffffff85][0xffffffd6]3[0xffffffb7][0x1d][0xffffff9b][0xffffffda][0xffffff91][0xffffffd1][0xffffffd0][0xffffffd9][0xffffffcc][0xffffffcb]ZLE[0xffffffff]%b[0x9][0xffffffb9]f[0xffffffd4][0xffffffbe][0xffffffaf][0xffffffcd][0xffffffde]vF[0x2]C[0xffffffb6][0xc],[0x5][0xffffff9d]O9[0xffffff84][0xfffffff8][0xffffffd7][0x17]P[0x6][0xffffffd5][0xffffffbb]?:[0xffffffa6]+[0xffffff93][0xffffffbe]~1[0xfffffff7]L[0xffffffb0][0xffffff93][0xffffff90]1[0x7f].x=[0xffffffdc][0xffffffd8][0xffffffc2]\[0xffffffbb]0[0xffffffe8][0xffffffd0][0xffffff95]7I[0xffffff97][0xffffffe6][0xffffffa4][0x1e])[0xffffffb2][0xffffffd8]wz[0xfffffff5][0x1][0xffffffa9][0xffffffcd][0xffffffb8][\r][0xffffffba][0xfffffff3][0xffffffb8][0x7]:[0xf][0xffffffd2];R[0xffffffbb][0xffffff98]vj[0xffffff9b]aQ[0x0][0xffffffd3][0x8][0xffffffe6][0xffffffe6][0x12]}1odnqDCm[0xffffff8a][0xffffffe8][0xb][0xffffffab]z{[0xffffffcc][0x17]sS#k_T[0xffffff94][0xffffffb8][0x12][0xffffff96]v[0xffffffd6][0xffffffaf]U[0xffffffa9]@[0xf]K[0x0]\K[0x4]k[0xffffffc5]Fsh[0xffffffb5][0xffffffef][0xffffffe6]k[0xffffffab][0xffffffae]F[0xffffffd8]I[0xffffffce][0xfffffffe][0xffffff81][0x7][0xfffffffa]#[0xffffffcb]2[0xffffff9d]~[0xffffff84][0xffffffd8][0xffffffa1][0xffffffb2][0xe][0xffffff8d][0xffffff95][0xffffffd9]m][0xf]wh[0xffffff9b][0xffffff8d]Y[0xffffffd0]-[0xfffffff7][0xffffffa5]?y[0xffffffb1]S[0xffffffcb][0x1e][0xffffffc7][0xffffffb6][0x1e]s[0xffffffe0][0x1e][0xfffffff4][0xffffffb1][0xffffff92][0xffffff8e][0xfffffff8][0xffffffd1][0xffffffca][0x6][0xffffffb4][0xffffff82][0xffffffa4][0xffffff84]j[0xffffff86][0xfffffff5]$[0xfffffff3][0xffffff8a][0xffffff9d]_[0x1e][0xffffff96]qH[0xffffff80]1[0xffffffaf][0xffffff84][0xffffff93][0xffffffa5][0xffffffc4]X;e2[0xffffff8b][0xffffffc5]s[0xfffffff9][0xffffff89][0xffffffda][0xffffffbb]s[0xffffffc8]2[0xffffffc4][0xffffffed][0xffffff84]\=F[0xffffff86][0xffffff8a][0xffffffce]e[0xfffffff7][0xffffff96][0xffffff84][0xfffffffd][\r][0xffffff8e]6[0xffffff81][0xffffff9b]<[0xffffff8b][0xffffff8f][0x1f]I[0xffffffa2][0xffffffd5][0xffffffde][0xffffffab][0xffffffd4]y[0xffffffa5]xP[0xffffffe3]g[0xffffff89][0xffffffe2][0xfffffff9][0xffffff88][0xffffffc5][0x7]eX[0xffffffb3][0xffffffdb][0xffffffe5][0xffffffc5][0xffffffd3]V[0xffffffb2]al[0xffffffbc][0xffffffdc][0xffffffa8][0xffffffcd]R[0xffffff96][0x9][0xffffffa0][0xffffffea][0x18][0xffffffe3][0x10][0xffffffcf][0xffffffe0]S[0xffffffcc]([0x17][0xffffffc4]J[0xffffff95][0xffffffc2][0xffffffa5][0x1e][0xffffff8d][0xffffffe6]r#[0xffffff8f][0xffffffa2][0xffffffca][0xffffffd8][0xffffff81][0xffffffac][0xffffffec]Ue[0xfffffff1]o[0xffffffe9];*[0xffffffbb][0xffffffe8]t[0xffffffab]s|W[0xffffff96][0xffffff86][0x15][[0xb][0xffffffe9][0xffffff9d][0xffffffd4][0xfffffffd]L[0xffffff8e]-[0xffffff84][0xffffffc0]^2H][0x13][0xb]la[0xffffffb7][0xffffffa9][0xffffffcc][0xffffff83]T[0xffffffac]}H[0xffffffda][0xffffff95]}[0xffffffa8][0xffffffcd]ED[0xffffffd1]f[0xffffff89][0xffffffc6][0xffffff81][0xffffffab][0xffffffa2][0xffffffa8][0xffffffeb][0xffffffc0]v0[0xfffffff0][0xffffff8c][0xffffffc9][0xffffffdc]EQ[0xffffff9f]c~[0xffffff87][0x6]U)[0xffffff81][0xffffff87][0xffffffc2][0xffffffb4]6g[0xffffffa2]!R[0xffffffb1]=a[0xffffffc0][0xffffffc2][0x1c][0xffffff93]D[0xffffffa2]a[0x5][0xfffffffd][0xffffffca]w[0xb];[0xffffffac]jE[0xffffffa4]o?c[0xffffff9e]0[0xfffffffd]([0xffffffd3]c[0xffffffad][0xffffffe4][0x6][0x19][0xffffffbf]3*[0xe][0xfffffffc][0xffffffa1][0xffffff8f]:=[0xffffffd6][\r]d[0x8][0x1]_w[0xffffffa2][0xffffffb1][0xffffff8f][0xffffff87]Jw[0xffffff8c]G1[0xffffffca]}2)C[0xfffffffa]!{[0xffffff97][0xffffffd1][0xffffffba][0xffffffd3][0xffffff81]\[0x16][0xffffff98]u3[0xe][0xffffffbb][0xe][0xffffffc9]x[0x5]B[0xffffffcb][0x2]w3[0x1d]+[0xffffff80]][0xffffffbf][0xffffff9e][0xffffffaa][0xffffffb7][0x10]#[0x1c]Rm[0xffffffbd][0xffffffa6][0xffffffd8][0xffffffdd]Bw[0xffffffea][0xffffff91][0xffffffe6]u[0x17],[0xffffffc0]!C[0xffffff81][0xffffffcb][0xffffffee][0xffffffbe][0xffffffc5]e[0xffffff94][0xfffffff2][0xffffffe0]3[0xffffff94][\r][}[0xffffffbc][0xffffff85][0xffffff89][0xffffffc9][0xffffffb3]N[0xffffffb5][0x15]n[0xffffff9c][0xffffffa4][0xffffff82][0xffffffdc][0xffffffa9]Y[0xffffff9c][0xffffffde][0xffffff88][0xb][0xffffffe1]2{ [0xffffffad][0x19][0xffffffdb]g[0xffffffa6]T.Nr[0xffffff98][0xffffff9c][0x1f][0xfffffff1]l[0xffffff8e]H[0xffffffe0][0xffffffb9]#[0xffffffbb][0xffffffac][0x7][0xffffff90][0xffffffd3]#[0xffffffae]YDO[0xfffffff4][0x16][0x17][0xffffffc6][0xffffffff]L[0xffffff83]K|Q[0xffffffae]M[0xffffff8b][0xffffffd2]mue[0xffffffd8]*[0xffffffd9]+[0xffffffea][0x13]b[0xffffffc4][0x16][0xfffffff3][0xffffffc2]u[0xffffffee][0xffffff88]8[0xffffff8e]j[0xffffffac]P[0xffffffdf][0xffffffcd][0x11][0xffffffae][0x7f]h[0x18]{K|%g[0xffffff84]v1[0x3][0xffffffa7].>[0xffffffd6][0xffffffb0][0x18][0xffffffeb]s[0xffffffb9]R<r[0xffffffc1][0xffffffd0]S[0xffffffb2]CvCzJ=[0xfffffff0][0xfffffff4][0xfffffff0]d[0x1a][0xffffffba][0xffffffbb][0xffffff80]7b[0xffffff96][0xffffffa2][0xffffff9b]l[0xffffffaf]j[0xffffff9d][0xffffffe1][0xffffff95]\a[0xffffff8d][0xffffffcc][0xffffffdc][0x1d]([0xffffffd3][0xffffffd7][0x1a][0xffffffa6]6[0xffffff89][0x1f]a[0xfffffffb]8[0xffffffc8]=[0xffffffbc][0xffffff8a][0xffffff83][0xffffffaa]_m[0xffffffa1]TR[0xffffffb2]K[0xffffffa7]V[0xffffffe8][0xffffffc6]V[0xffffffd0][0xffffffe9][0xfffffffc][0xffffffb9][0xf]~[0xffffffa3][0xffffffd6][0xffffffab][0xffffffb7]Zd:.[0xffffffae][0xffffff8a][0xffffffab]+[0xffffffad]tBK[0xffffffd4][0xffffffb8]&[0xffffff95];V4X[0xffffffd7][0xffffffd9][0xffffffaa][0xffffffc8][0xfffffffe][0xffffffe4][0xffffffd6][0xffffff91]k[0xffffffbd]#o[0xffffffc6][0xffffffa5]C[0xfffffff5][0xffffff9d]a/[0x4][0xffffffb4][0xffffffcb][0xffffffd9][0xe]d5Z[0xffffffed]0[0xffffffa5][0xffffffec]8![0xffffff83][0xffffff83][0xffffffcc][0xffffffec][0xfffffff9][0xffffffa6]4[0xffffffe4][0xffffffdf]n[0xffffffba]{[0xffffffc4]\[0xffffff9c]H[0xffffff83][0xfffffffa][0xffffffb3][0xffffffd2]f[0x5]Q[0xffffff84]w`:<[0xffffffcd]|O@2[0x16][0xffffffb2][0xffffffb8][0xffffffbb]w[0xfffffffc][0xffffff89][0xb][0xffffffae][0xffffffcc][\n]"
08:05:03.615 [main] DEBUG com.github.dockerjava.zerodep.shaded.org.apache.hc.client5.http.wire -- http-outgoing-2 << "$8[0xffffff88][0xfffffff6]y[0xffffffaf][0x19][0xfffffff7][0xffffffba][0xffffff9b][0xffffffde]o[0x13][0xffffffbe][0xffffff92][0xffffff84][0xffffffb0]{[0xffffffd9]@j[0xffffffb6][0xffffff81]+a[0xfffffff3][0xffffffd2]~}[0xffffffb9][0xffffffcd][0xfffffff8]5[0xffffffcb][0x1c]C[0xffffffd4][0xffffffa4][0xffffff90][0xffffff82]T[0xffffffbb]:[\r][0xffffffaa][0xffffffea][0xfffffff9][0xffffff83][0xffffffd5][0xffffff84][0xffffff97]c[0xffffffdc]=[0xffffffe6]Y[0x11][0xffffffb0]j[0xfffffff3][0xffffff89][0x19][0xffffffd1]\[0xffffffcb][0xffffffac][0xffffffe5][0xffffffeb][0xffffffeb]f[0xffffffe7][0xfffffff0][0xfffffff5][0x5][0xfffffffd][0xffffffe9][0xffffffd9][0xffffffcc][0xffffff8e]^[0xffffff99]!/kq;[0xffffffee]<I[0x4]%[0xfffffff6]q[0xffffffec][0xffffffb9][0x8][\n]"
08:05:03.615 [main] DEBUG com.github.dockerjava.zerodep.shaded.org.apache.hc.client5.http.wire -- http-outgoing-2 << "[0xffffffc8][0xffffffe0]S[0xffffff90][0xffffffb6][0xffffffcb]G>[0xfffffff3][0xffffffce]n%[0xffffff9b][0xffffff97][0x1a]0]k[0xffffffd5][0xffffffc6][0xffffffe0]i[0x13][0xffffffdf][0xffffffb6][0xffffffe8]kw[0xffffffe9]p[0xffffff85][0xffffffab][0xffffffe3][0xffffffa5]+[0xffffffcc][0xffffffde]]OX/[0xffffffcd][0x1e][0xffffffa2][0xf][0xfffffff9]x[0xffffffe3][0xf][0xffffff92][0xffffff99][0x15][[0xffffff8f][0xffffff90]5AF[0xffffffec][0xffffffe2][0xffffff8f][0xffffffe7]1[0xffffffc4][0xffffffe9][0xffffff80][0xffffffc3][0xffffffae]n[0xffffffbe]B[0xfffffffa][0x5][0xffffffca]3y[0xffffffcc][0x6][0xffffffad]<an[0xffffffe2]([0xffffffb4][0xffffff99][0xe][0xffffffd9][0xffffff96][0xfffffff4]W[0xffffff9d][0xfffffff1][0xffffff84][0xffffffd4]2Y[0xffffff97]BRPJ[0xffffffcb]b>[0xffffff9d]+X[0xffffffc0][0xffffffba][0xffffffa4][0xffffffce][0xffffffe4]4[0xffffffad] Fq[0xffffff9d]L[0xffffffc1][0xffffffe0][0xffffffe5]b[0xfffffff6]G[0xffffffc4][0xffffff83][\n]"
08:05:03.615 [main] DEBUG com.github.dockerjava.zerodep.shaded.org.apache.hc.client5.http.wire -- http-outgoing-2 << "[0x7f][0xffffffc2]Xy[0xffffffae]@[0xfffffffe]"[0xffffff88]r[0xffffffaf]R[0x15][0xffffffab][0xffffffde]}[0xffffffaa][\r][0xffffffd4][0xffffffac][0xffffffe5]1We[0xffffffd2][0xffffffb0]uU[0x19](L[0xfffffff1][0xfffffff8][0xfffffff2]k([0xffffffcb][0x6]\[\n]"
08:05:03.615 [main] DEBUG com.github.dockerjava.zerodep.shaded.org.apache.hc.client5.http.wire -- http-outgoing-2 << "[0xffffffcc][0x1a][0xffffffe2][0xffffffa0][0xffffff96]5B^[0xffffff8b]F[0x10][0xffffffaf]2[0xffffffdd][0x3];d[0xffffffe3][0x2][0xffffffc4][0xffffffe7]vo>[0xffffffb5][0xfffffff6]tX[0xffffffc0][0xffffffa7][0xfffffff7][0x19]Or[0xffffffa1][0xffffffd2][0xffffffc3][0xffffffee])[0x11][0xffffff8a]?[0xffffff88][0x15][0xffffff80]g[0xfffffff8][0xffffff8c]`[0xe]r~[0xfffffff7]1[0xffffffc1]I[0xffffffd3][0x18][0xffffffd1]L^+P[0xffffff8c][0xffffff93]*[0xffffff9d][0xfffffff9][0xffffff8a][0x6][0xfffffff7]A?[0x1f]'[0xffffffd2][0xffffffca]I[0x6]1v*:[0x1c][0x5][0xffffffa7][0xffffffdd]tPx[0xffffff84][0xf][0xffffffd4][0xffffffe9][0xffffffc7][0x1d]4d[0xffffffbc][0xffffffa7][0xc][0xffffffe6]S[0xffffffbe][0x2]}[0xffffff90]8[0xffffff89]O7[0x13]Q[0xe]6m[0x9].[\r][[0xffffffa4]x[0xffffff91][0xffffffd9]b}[0xffffffef][0xffffffe0][0xffffff8f]%V<[\n]"
08:05:03.615 [main] DEBUG com.github.dockerjava.zerodep.shaded.org.apache.hc.client5.http.wire -- http-outgoing-2 << "[0xffffffa2][0xfffffffc][0xffffff8e][0xfffffffa][0xffffffed][0xffffff8c][0x4]E[0xffffffd4][0xffffffec][0xffffff9d]q[\n]"
08:05:03.615 [main] DEBUG com.github.dockerjava.zerodep.shaded.org.apache.hc.client5.http.wire -- http-outgoing-2 << "gj?[0xffffffc3][0xffffffe6]5[0xffffff8d][0xffffffe5][0xffffff92]av[0xffffff81][0xffffffb9][0x1e]Yd[0xffffff9a]Ub[0xffffffc1]V[0xffffff85][0xffffff8c][0xfffffff3]s[0xffffff99][0xffffffd5][0xffffffd0]{)_'[0xffffffa5]${Y[0xffffffe3][0xffffffbf][0xffffffbf]$9W[0xffffffad][0xffffffd2][0xffffff99]Vu[0x14]U>[0xffffffb5]S[0x13][0xffffff81][\n]"
08:05:03.615 [main] DEBUG com.github.dockerjava.zerodep.shaded.org.apache.hc.client5.http.wire -- http-outgoing-2 << "[0xffffff9b][0x13][0xffffff95][0xffffffe7]<k[0xffffff8f][0xffffff90]c'4[0x18]sZ[0xffffffc0]*[0xb]G[0xffffffd5][0xfffffff0]z[0xfffffff4]([0xffffffbb][0xffffffe2]|>$[0xfffffff3][0xffffff95][0xffffffbe][0xffffffa4][0x3][0xffffffe8]]g[0xffffffec][0xffffffb8]~i[0xffffffea][0xffffffe0][0x19][0x11][0xffffffde][0xffffff9b][0xffffffec]s[0xffffffab][0xffffffaf][0x17][0xffffff89]]5x[0xffffffa8][0xffffff98][0x2]R[0xffffffc1][0xffffffae][0xffffffc4][0xffffffe3]R('j[0xffffffc3][0xffffffc3][\n]"
08:05:03.615 [main] DEBUG com.github.dockerjava.zerodep.shaded.org.apache.hc.client5.http.wire -- http-outgoing-2 << "2]%Hz[0xffffffd1][0xffffff98]`t8[0xffffffd1][0x13]+[0xffffffa7][0xffffffcf]e[0xffffff84][0x5][\r][0xffffffa4][W7[0xfffffff5]5G2D[0x12][0xffffff80][0xffffffb3][0xffffffb5]a[0x10]<m][*[0xfffffff9][0xffffff87][0xfffffff8]`b-K][0xfffffffb]a[0x1e][0xffffff81][0xffffffb6]E[0x1]]O[0xffffffbc][0xffffff95][0x19][0xffffffa2][0xffffffd9][0xffffff84]K[0xf]c[0xffffffba][0xc][0xffffff97][0xffffff91]a[0x14][0x1a]<|C[0xffffff87][0xffffffbc][0xffffffc3]j[0xffffffd6]m[0xffffff96]t[0xffffff88]![0xfffffff5][0x8][0xffffffc6]k[0xffffffe2]@[0xffffffde]P[0x1e][0xffffffa2][0xffffffbb][0xffffffbd][0xfffffff1][0xfffffff2]AK1[0xffffffc8][0xfffffffa][0xffffffaa][0xffffff84][0x1c]=[0xfffffffd]&[0xffffffc1][0x6]:!AP[0xffffffc9][0xffffffca]u[0xffffffc5]C[0xffffffd6][0xffffffe9]C[0xffffffca][0xffffffb2][0x11][0x7f][0xffffffe8][0xffffffd0]rU[0x9][0xfffffff5]f[0xffffffb6]"[0xffffffb9][0xffffff8d][0xffffffa8][0x8][0xffffff84]9A[0xffffffa2][0xffffffb8][0xffffff96]>*0n[0xffffff8d][0x13]%_[0xfffffff0]u[0x1][0x1c]W[0xffffffb4][0xffffff91][0xffffffba][0xffffffeb]{Cf6[0xffffff96][0xffffff9b][0xfffffff4][0xffffffb0][0x1e][0xffffff97][0xffffffd5][0xffffffc2]i,}[0x3][0x1a][0x12]R[0xfffffffe]F[0xffffffd0][0xffffff91][0xffffffc3][0xb]1[0xfffffff1][0xffffff89][0xffffff85].V[0xfffffff8][0xffffffde]J}Ld][0xffffffb8][0xffffff91]s[0xffffffc1]+[0xffffff8d][0xfffffffc]7[0xffffff91][0x1a][0x12][0xffffffcd]o[0xffffff9a]d3[0x18][0xffffffd3]s'j[0xffffff98][0xffffffe8]H[0xffffff82]1[0xffffffce][0xffffffb8]rA&9[0xfffffff8]-[0xffffffa9]yG[0xfffffffb]P[0xffffffd4]2)j[0xffffff86]9I[0xffffffa5]e[0xffffffe5]#[0x19]o%i[0xfffffffd][0x6][0xfffffff8][0x1b]T[0xffffffcd]f[0x13][0xffffffd1][0xffffffc2]9w[0xffffffd1]ul[0xffffff8a][0xfffffffd][0xffffff93][0xffffffa0]U'd[0x13][0xffffffdd]\[0xffffffc3]zI[0xffffffe6][0x1b][0xffffff8e]4[0xfffffff9][0xffffffb2]/[0xfffffff9]"/[0xffffffcc]G [0xffffffe0][0x1b])[0xffffffbc][0xffffffa9][0x1b][0x1a][0x1a][0xffffffa1]('H[0xffffffcb]}ms[0xffffffb5]b[0xffffffa5]{[0xffffffd4][0x1e][0xffffffee][0x4][0xffffff8f]>[0xfffffffb][0xffffffcc][0xffffff81][0x9]5d'tq[0x16]3[0x12]o-q[0xffffffd4][0xffffffb6][0xffffff86][0xffffff83][0xfffffffa][0xffffff94][0xfffffffe]9[0xffffffc7][0xffffffb4][0xffffffd4]o[0xffffffff][0xffffffc3]$[0xffffffe1][0xffffffb5]JX[0xffffffe7][0xfffffff7][0xffffffb1][0xffffffc9][0xffffffb0]6e)[0xffffffd5]<[0xffffff92][0xffffffaa][0xffffffec][0xffffffde][0x15][0x16]C[0x14]z[0xffffff9c][0xe]oP7[0xfffffff3][0xffffffea]V[0xffffffa1][0xfffffff1][0xffffffe4][0xffffffae]9[0xffffffb0][C[0xffffffec][0xffffffd3]e@[0xffffff82][0xffffffba][0x0][0xc][0xffffffc5]R[0xfffffffc][0xffffffd5][0xfffffffc]gO[0xffffffce]4[0xfffffff5][0xffffffa6][0xfffffff8][0x14][0xffffffd2][0xffffff8d][0xffffff84][0x2][0xffffffbf]"[0x14][0xffffffef]7[0xffffff87][0xffffffa7]O[0xffffff9f]!k[0xfffffff9][0xffffffe0]{[0xffffffab][0xffffffcf]-[0xffffffa2][0xffffffbf]}\[0x17])+[0xffffffbf][0xffffffac][0xffffffb3][0xffffffe4]%d[0xffffffbd][0xffffffad][0xffffffc5]iPF[0xffffffaf]y\pT,[0x15][0xffffff9e]o[0xffffff99][0xffffffc4][0x1f][0xffffffae][0xffffff9d][0xfffffff5][0xffffffd1][0xfffffff6][0xfffffffa])c#[0xffffffee]t[0xffffffd8]h[0xffffff92][0xffffffb4][0xb]*[0xffffffa7]h[0xfffffff4][0xffffffa6][0xffffffba][0xffffffbd]w[0xffffffa8][0xffffff96][0x17]S[0xffffffdb][0x12]Ar[0xffffffc5][0xffffffed][0xffffffc4]Z"+[0xffffffe0][0xffffffb5].D[0xffffffa5][0xffffffed]5[0xffffffcd][0xffffffa5][0x4]M[0xffffffd8][0xfffffff9]D[0xffffffac][0xffffffeb]@[0xe]%[0xffffff92][0xffffffd2][0xffffffdc][0xffffffae],[0xffffffbf]([0xffffffa2][0x0][0xffffffbd][0xffffff93][0xffffffdc]snm[0xffffff9e][0xffffffee][0xffffff95][0xfffffff9]([0xffffffad]d[0xffffffeb]6[0xffffffdf][0xffffffb6][0xffffffd6]T[0xffffff9a][0xffffff96]b[0xffffffe3]%M[0xfffffffa][0xffffffce]4[0xffffffa1]L[0xffffff95]'.[0xfffffff9][0x0][0xffffffdf][0xffffff84]u[0xffffffb9]W[0x1a][0xfffffffc]t[0xffffffa6]u[0xffffff91][0xffffffc4][0xffffff97];#[0xffffff85][0xffffffe4][0x17]:2)[0xfffffff0]r5[0xffffff98]7[0xffffffae][0xfffffff3]o[0xffffff8d]K`[0xffffffc9][0xffffffb7]":W_[0xffffffe1][0x5][0xffffff96][0xffffffef][0xffffffd5][0xffffffbe][0xffffff9d][0xfffffff0]][0xffffffd8][0xffffffc6][0xffffff86]8[0xffffffe2][0x10][0xffffffed][0xffffff81]hzT[0x10][0xffffff9f][0xffffffe4][0x1][0xffffff99][0x5][0x15][0xffffff9d]sN[0xffffffb4]g[0xffffffef]"[0xffffffad][0xffffff92]w[0xfffffffc][0xfffffff0][0xffffffb3][0xffffffd1]@[0xffffff8c][0xffffff82][0xffffffcf];[0x9][0x14][0xffffffc6][0xffffff91]+r[0xffffffba]3Q[0xffffffe2];[0xffffff8c][0xc][0xffffffd6][0x1c][0xffffffac]][0xffffffb0][0xffffffcd][0xffffff85][0xffffffcd][\n]"
08:05:03.616 [main] DEBUG com.github.dockerjava.zerodep.shaded.org.apache.hc.client5.http.wire -- http-outgoing-2 << "9[0xffffffe9][0xfffffff8][0xffffffc1][0xffffffc6][0xffffff82][0xffffff89][0xffffff81]k[0xffffff95],[0xffffff92][0xffffffe2][0xffffffb6]H<Dtk[0x12][0xfffffff6][0xfffffff8][0x6][0xfffffff8][0xffffffcd][0xffffffb0][0xffffffb9][0xffffffc7]0[0xffffffbc][0xffffffa1][0xffffffbe]Vp[0xffffffaa][0xffffff8e][0xffffffed][0xffffff92][0xffffffff][0x8]I[0xffffffeb]:F'3[0xfffffff7]a[0x1f]:W[0x12][0xffffffb6][0xffffffba][0xffffffba][0x18][0xffffff8e][0xfffffff1][0xffffffa8][0x2]#%[0xffffffc1]6[0xffffffe7][0xffffffc8][0xfffffffe][0xffffffc2][0xffffffe1][0x1d][0x1e][0xffffffcf]c[0xfffffffa][0xffffffd1]z[0xffffffbf][0x5][0xfffffff6][0xffffffcc][0xffffffd9][0x1d][0xffffffab][0xffffff81][0xffffffb2][0xffffffcf]|[0xffffffd5][0xffffffa4];[0x1c][0xfffffff2]A[0xe][0xfffffffa][0xffffff83]w[0xffffffd7]q[0xb][0xffffffad][0xffffffd5].S[0xffffffe7][0xffffffb6][0xffffffaa]om[0xfffffff1][0xffffffbe][0xffffffa4][0xffffffda][0x7f]b[0xffffff88]*JfO[0xffffffb4][0xffffff87]NDN[0xffffffa1][0x18][0x13][0xffffff8d][0xffffffde][0xffffff95][0xffffffdb]k[0xffffff9f][0xffffff8e][0xffffffe5][0x2][0x7][0xffffffe2][0xffffffb0]/d[0x1f][0x14][0xffffffba][0xffffff9f][0xffffffb4][0xffffff8d]V[0xfffffffa][0xffffffc0][0xffffffc9][0xffffff80][0xffffffd7][0xffffff89][0xffffffbc][0xffffffaa][0xfffffff6][0xffffff84][0xffffffa9][0xffffffad][0xffffffaa]O[0xffffffde]l\[0xffffffb0][0xffffffef][0x19][0xffffffe8]`F[0x16][0xffffffdd][0xfffffff6][0xffffff9c][0xfffffff5][0xffffffe4]yl[0xfffffff6][0xfffffff0]UW[0xffffffc8][0xffffffb2]}[0x8][0xffffffb7][0xffffffcc][0xffffff97]{jV[0xfffffffd][0xffffffa1][0xffffffdc]E[0xffffffe3][0x1d][0x19][0xffffff9d]`[0xffffff87][0xffffffd4]8[0xffffffbc][0xffffffa8][0x14][0xfffffffc][0xe]Y@[0xffffffcf]"[0xfffffff0]:o[0xfffffff6][0xffffffe1][0xffffff91]*[0xffffffae]G[0xffffff95][0xfffffffa]L[0xfffffff7]CY[0xffffffe2][0xffffff85]96]4[0xffffffea][0xffffff8c][0x1b]S[0x5]LrU[0xffffffc8][0xffffffca][0xffffffc6][0x9]]e[0xffffff97]RmDj[0xffffff8d]M[0xffffffcd][0xfffffffa].A[0x7][0xfffffffe][0xffffffdb][0xffffffcf][0xffffff93]a\'[0xffffffec][0xffffffce][0xffffffe3][0xfffffff5][0xffffffc1][0xffffffcb][0xffffffd9] [0xffffffea]Z[0xffffffdf]O[0xffffff81][0xfffffffe]+][0xffffffdd]7G[0xffffffa2][0xffffff8e]4{[0xffffffba][0xffffffca][0xffffffb6]Y[0xfffffffc][0x18]'[0xffffffa9][0xffffffe1][0xffffffd0]V[0x0]T}s[0xfffffff0]n\[0xffffff94][0xffffffaa]p[0x7f][0x11][0xfffffff5][0x16][0xffffffa1]/YR4A[0xffffff96][0xfffffffb][0xffffffb2][0xc]:[0xffffffe4][0xfffffffb][0xffffffdb][0xffffffb4]:[0xffffffec][0xffffffd9][0xffffffc7]f[0xfffffff1][0xffffffe1]}[0xffffffd2]2\[0x15][0xffffff96][0xffffffba][0xffffff95][0xffffffda][0xffffffb9][0x6]7f[0x1d][0xffffff8d][0x3][0x8]EA[0xfffffff8][0xffffffef][0xffffffa5]F[0xffffff9e][0x11][0xffffffc0]u[0xfffffff3][0xffffffe0][0xfffffff6]b[0xffffffe4][0xffffff9c][0xffffff9d][0xfffffff3]H]-[0xffffffb4][0xffffff97]<[0xffffffdd]B[0xffffffd4]\[0xffffffbe][0xffffff8b]u[0x9]$[0xffffffae][0xffffff8b][0xffffff8e][0xffffffa4]M[0xffffffe5][0xffffffe3][0xffffffe8]_,[0xffffffc1][0xffffff8b]u+.}[0x1f][0xffffffa8][0xffffff92]d|N[0xffffffca]s[0xffffff91]$z\[0xffffff83]-[0xffffffa4][0xffffffa0]r[0x5][0x19]Q[0xffffffa4]0[0xffffffda][0x11][0xffffff9d][0xffffffae][0xffffffd8][0xffffff8b][0xffffff9e][0xffffff97]n_m[0xfffffff3][0xffffffa8]&0[\r][0xffffff83]Q'[0xfffffffc]`N[0xffffffc0][0xffffff84]0[0xffffffaf][0xffffffdb][0x1c][0xffffffd1][0xffffff89][0xffffffc8][0xffffff99][0xffffff9f][0xffffffd1][0xffffffb6][0xffffffd4]^[0xffffffd1][0xffffffb6]t[0xc]E[0x17][0xffffffe6][0xffffffc0][0xffffff88][0xffffffc3][0xffffffed][0xffffff98][0xffffff99][0xffffffe6]%T8L[0x0][0xffffffe2][0xffffffb3][0xffffffe6][0xffffffd3][0xffffffd4][0xffffff8f][0xffffffaa][0xffffffe7][0xffffffe2][0xfffffffb]+[0xffffffb9][0x16]T4[0xfffffff9][0xffffffa3][0xffffffd6][0xffffffa6][0xffffffb7]w[0xc][0xfffffff4]#[0xffffff9e][0xffffffb0]}[0xfffffff8]V[0xffffffb8][0xffffffb7][0xffffffa1]1|[0xb][0x9]/[0xfffffff6];L[0xffffffee][\n]"
08:05:03.616 [main] DEBUG com.github.dockerjava.zerodep.shaded.org.apache.hc.client5.http.wire -- http-outgoing-2 << "[0x1f][0xffffffa2]tX[0xffffffe7][0xfffffff8][0xffffffb5]\[0xffffff82][0xffffffdf][0xffffffc9][0xffffffd3])2[0xffffff87][0xffffff8d]#82[0xffffff9d][0xffffffc4]K[0xffffffb1]zU[0xffffffc1][0xfffffff2]$[0x17][0xffffffe5][0xffffffc1][0xffffffaf][\r][0x9][0xffffffde][0xffffffbe]J[0xffffffe1][0x12]Z[0xffffffe6][0xffffff99]e/[0xffffffc0][0xffffffe4]%[0xffffffb8][0xffffffbc][0x11]Y/[0xfffffff2]3[0xffffff9e][0x18][0xffffffad][0xffffffc0][0xffffff99]sv[0xffffff97][0xffffff98]a,[0xffffff8b]u[0xffffffe9][0x15][0xffffffc9]#65@[0xffffffdd][0x1c][0xffffffc2]J[0xfffffff1][0xfffffff1][0xffffff95]OS[0xffffff94]|[0xffffffae][0xffffffb2]"[0xffffffe9][0xffffffad]L[0xffffffef][0xffffffec][0xffffffa0]D[Lk[0xffffff8e][0xffffffe2][0xffffffef]'[0xffffffb4][0xffffffa1][0xffffffb5]@[0xffffffb5][0xffffffd1].[0xffffffa2]t[0xffffffb3][0x9][0xffffffa9][0x1f]0[0xffffff8c]yk[0xffffff8c][0x7f]:[0xffffffd5][0x9].[0xfffffff3][0x15][0xfffffff6][0xb][0xffffffe9]jW[0xffffffca][0xffffffb4][0xffffffc8][0x14][0xffffffdf]"[0xffffffb5][0xffffffa9][0x1b]M;n[0xffffffaa][\r][0xfffffff7][0xffffffa2][0xfffffff5]E[0xfffffff3][0xffffffc7][0xffffffef]z[0xffffffae]O[0xffffffbc][0xffffff86];[0x15][0xffffffed]p[0xffffffb1]E[0xfffffff4]B[0xffffffbe][0xfffffffb][0xffffffa8][\r]&[0xffffffea][0xffffffc9][0xffffff9b][0xffffffe9]F-[0xfffffff7][0x1d][0xffffffc5]2[0xffffffff][0xffffffc9])[0xffffff86][0xffffffa5][0x2][0xffffffb9][0xffffffed][0xffffffb4][0xffffffba][0xffffffe3][0xffffffee][0xffffffd2]b[0x6][0x13]"a[0xffffff89][0xffffff82][0xffffffe8]H[0xffffffac][0xffffffd7][0xfffffffc]Njc[0xffffffde]uQiD[0xffffff90][0xfffffff3][0xffffffe0][0xffffff9a]'pS[0xffffffc3][0xffffffcf]5#N[0xffffffab][0xffffffe4][0xffffffbf][0x14][0xffffffa9]J[0xffffffd1]kb{[0xffffffbf][0xffffffbd][0xffffffe8][0xffffff86]'[0xfffffffb][0xffffffa0]7d"[0xffffff95][0xffffffcb][0x13]j[0xffffffa7][0xffffffc1]$l[0xffffffdf][0xffffffa9][0xffffffa6] [0xffffff9b]P[0xffffff8b]T[0x16]%R[0xfffffff1]p[0xffffffff][0xffffffe1][0xffffffbb]@[0xffffffcb][0xffffffc5][0xffffffa1][0x5][0xffffff94][0xffffffe9]*[0xffffffa8][0xffffffed][0xffffffc3])o[0xffffff98][0x13][0xffffffb6][0xffffffa5] [0xffffffbb][0xffffffa8][0xffffff94]r[0xfffffffc]NJB[0xffffffd2][0xffffffcb][0xffffffc2][0xffffffd0]N[0x16][0xffffff83]A[0xffffff80]'[\n]"
08:05:03.616 [main] DEBUG com.github.dockerjava.zerodep.shaded.org.apache.hc.client5.http.wire -- http-outgoing-2 << "[0x7]*[0xffffffbd]U[0xffffff90]1[0xffffffa4]s[0x7f]Q[0xffffffc2]C[0xffffffa3][0xffffff94]o[0xffffffed]2[0xffffffb6][0xffffffa7]x[0xfffffff1][0xffffffaf]OY~[0xfffffff8][0x3][0xffffffd1]@2[0xffffffd0][0xffffffb2][0xffffffdd]o[0xffffff84]S[0xffffffd2][0xffffffe6]>[0x13]U0[0xc][0xffffff97][0xffffffb7][0xffffffe0]h-[0xffffff91][0x1e][0xffffff83][0xffffffb7][0x10][0xffffffc2][0xffffffda][0xffffff9a]([0xffffffe2][0xffffffe4]Ae[0xffffffcd]f[0x1c]+[0xffffff98]?[0xffffffc8]t[0xffffff94][0x14][0xffffffe7][0xffffffb9]=f[0x7][0xffffffde][0xffffffe0][0xffffff96][0xffffffac]x[0xffffffeb]LW[0xffffffe7]P[0xffffffaa]\[0xffffffa1][0xffffffbd][0xffffffcd][0xffffffc2][0x10][0xffffffa2][0xffffffa7][0xffffff9d][0xfffffffc][0xfffffff4]9[0xffffffdd]@[0xffffffb2][0xffffffe4]H[0xffffffed][0xffffffa3][0xffffffa1][0xffffffa5][0xffffffb4][0xffffffa1][0xffffffb6][0xffffff87]~[0xfffffff9]^[0xfffffff8]s$j[0xffffffc5]\[0xffffffc9][0xffffffec][0xffffffbd][0xfffffff2]8[0xffffffc7][0x13][0x5]l\[0xffffffcf]A[0x4][0xffffffc3][0x1e]+N[0xffffffa2][0xffffffb5]F[0xffffffaa])*[0xffffff92]dZ[0x12]%r[0xffffff93]"[0xffffffd4]5[0xf][0xffffff8f][0x1b][0xffffffea]^<[0xffffffd5][0xffffffa6][0x1a][0x12][0xffffff89]]5[0xffffffeb][0xffffffb5][0xffffffe1]f7w)&[0xffffffc9][0xb]Z$[0xffffffad]&[0xffffffa0][0xffffffa5][0xffffffef][0xffffffd3]r[0xffffffd2]bY[0xffffffec][0x1a][0xffffffa2][0xffffffb5] M[0xfffffff6],[0x17][0x7f]F,[0xfffffffc][0xffffffa1][0xffffffa8][0xffffff83]~[0xffffffd9][0xffffffba]N8[0x5]A[0xffffffab]([0xffffffdc]4[0xffffffc8][0xffffffe2][0x11]7[0xffffffc1][0xffffffe3][0xffffffdc]P\[0xffffffbd][0xffffff83]k[0xffffffc6];[0x3]}[0xffffff87][0xffffffd2]fb[0xffffff92]V9[0x1e]V[0xffffffb5][0xffffffc0]z[0xffffffff][0xffffffc5]1[0x1c][0xffffff97]L[0xffffff90][0xffffffa9][0xffffffe1][0x1b][0xffffffe4][0x10]%d[0xffffffe5][0xffffffc2]-[0xffffffb4][0xffffff9b]P[0xfffffffd][0xffffffb8][0xffffff80]b[0x16]f[0xffffffe3][0xffffff9b]2$[0xfffffff9]F[0x3][0x5][0x1a][0xffffff97][0xffffff85][0xffffffd2][0xffffff9a][0xfffffff6][0xffffffcd][0xffffffc1]([0xffffffba][0xfffffffe]<^}[0xffffffee],s&L^[0x7]j[0xb][0xffffffcf][0xffffffd3][0xffffffe1][0xffffffb4]d?A%[0xfffffff1][0xffffffcf][0xffffffc6][0x1]n[0xffffffd3][0xffffff81][0xffffff9f][0xffffffd1][0xffffffa9][0xffffff83][0xffffffc4][0xffffffba][0xffffffe6]^b[0xffffffa5][0xfffffff5][0xffffff9c][0xffffff82];r.[0xffffffbd]o}/[0xffffffa0][0x3]S[0xffffffa1][0x4][0xffffffb5][0xffffffa1]#[0xffffff9b][0xffffffaa][0xfffffff3]_9/QE[0xffffffd9][0xffffffe9]4 [0xffffff8e][0xffffff8c]=[0xffffffcb]B[0xffffff90]L[0xffffffc4][0xffffff8b][0xffffff8b]T[0xffffffc0]i[0xffffffd1][0xffffffcd][0xffffffa6][0xffffff95][0xffffffb0][0xffffffd0][0xffffffc7][0x16]4[0xffffff8e][0xffffff89][0xffffff8b]P[0x15][0xffffffba][0xffffffe1][0xffffff9e]W;[0xffffff88][0xffffffae][0xffffffc1][0xf][0xffffffbf][0xffffff95][0x11]Z[0xffffffaf][C[0xffffffd1][0xffffff82][0xffffff88][0xffffffad]g+w[0x13][0xffffffcb]MU[0xffffffc8][0xffffff8c][0xffffff8d][0xffffffdc][0xfffffff8][0xffffffd2][0xffffff80]+[0xffffff82][0xfffffffd]T[0xfffffff8][0xffffff99][0x1f][0x18]eF[0xfffffff5][0xffffffc3]G[0xfffffffa][0x10]S[0xffffff8e][0xffffffad](7E[0xffffffa8][0xffffffab][0x17]}[0xffffffe0]'[0xffffffa2]v[0xffffffdb][0xffffff85][0xffffffd7]f[0xffffff90]XiJ[0xffffffb7][0xffffff8e][0xffffffe9]J[0xffffffa8][0xffffffac]3[0xffffff96][0xffffff8a][0xffffffb6][0xffffff85]:[0xffffffab][0xffffffe1][0xffffff87][0xfffffff5][0x10][0xffffffb7][0xffffff8d][0xffffff9e][0xffffffbb];[0x10]dp[0xffffffc3]d[0xffffff8e]o[0xffffffa7][0x6][0x3][0x11]O[0x16]Q)z58([0xe][0x18]H[0xffffffd0][0xffffffaa][0xffffffa0][0xfffffffb][0xffffffe7][0xffffff82][0xffffffce][0xffffffe1]<[0xffffffa4][0xffffffb2][0xffffffbc][0xffffffb4][0xb][0xffffff9c][0xffffffbb]x[0xffffff86]?!`[0xffffff8c][0xfffffff1][0xffffffeb]S[0xffffff95][0xffffffad]3[0x16][0xffffffe6][0x6][0xffffffd3][0xffffffec][0xffffff87][0xfffffff1][0x3][0xffffffb7][0xffffffd8][0xffffffad][0x3][0x8]H[0xf]).[0xffffffbb][0x1f]:[0xffffffca][0xffffffe4][0xffffffc9][0xffffffb7][0xffffff8c][0xffffff87]]Y[0xffffffae][0xffffffe6][0xffffffbc]t[0xffffff89][0xffffffd9][0xffffffe5]rV[0xffffffab][0xffffff87][0xffffffce][0xffffffb0][0xffffff84][0xffffffa2][0xffffffc1][0xffffffea][0xffffffab][0xffffffd2][0x13]~[0xffffff92][0xffffffe2]n[0xffffff80][0xffffffaa]}[0x1d]*9K[0xffffffb7]xRxZ[0xffffffc5]*IJqD[0xffffffce][0xffffffb5][0x4][0xffffff91][0xffffff8a][0xffffffd1]i[0x1a][0xffffffe0]o[0xffffffbe][\r]n[0xffffffad][0xffffffa1][0x12][0xfffffffe]d[0xffffffe3][0xffffff8c][0xffffffa9][0xffffff88][0x14][0xffffffd7][0xffffffb8][0xffffff82][0xffffffd4][0xffffffec]$[0xffffff8d][0xfffffff9]"[0x8]u[0xffffffe4]HQ[0xffffffb1]M[0xffffffc0][0xf]~n?[0xfffffff1][0xffffffdd][0xffffffa6][0xffffffe9][0xffffffcd][0xffffffaa]a[0xfffffffb][0xffffffc8][0xffffff9a]CtO\[0xffffff9d][0x15]Q[0xffffffd8][0x13][0x3][0xffffffcb][0xffffff80][0xffffffb7]E[0x9][0xffffff95][0xffffffe2][0xffffffd9][0xffffff8a]j[0xfffffffc][0xffffffdb][0x10][0x2][0xffffffb3][0xffffffc7]LdS[0xffffffcd][0xffffffcc]:[0xffffffc4][0xfffffff1]Mz[\n]"
08:05:03.616 [main] DEBUG com.github.dockerjava.zerodep.shaded.org.apache.hc.client5.http.wire -- http-outgoing-2 << "[0x1]L6kV[\r][0xfffffff2]7[0xffffffd5]4[0xffffffe1][0xffffffca]![0xffffff99][0xffffff8f][0xffffff9e][0xffffff83][0xffffffc5][0xfffffff2][0xffffffed]+[0xffffff85][0xffffffdc]R[0x1][0xffffffa0]U[0xf]e[0xffffffef]K)[0xffffffe1]&[0xffffffaa]x[0xffffffc2]C[\n]"
08:05:03.616 [main] DEBUG com.github.dockerjava.zerodep.shaded.org.apache.hc.client5.http.wire -- http-outgoing-2 << "[0xffffffd1]j'`[0xffffffbf]WM[0x12][0xffffffd6][0xffffffe4][0xb][0xfffffffb][0x4][0xffffffee][0xffffff9e][0xffffffa3]!;[0xfffffffc][0xffffffe8]1[0xffffffb5][0xffffff8f][0xffffff8f][0xffffffc4]5[0xfffffffb]{_[0xffffffb9][0xffffffca][0xffffffa3][0x1e][0xffffffa4]Z[0xffffffe7]72[0xfffffff5]dv8k[0xffffffd2][0xffffffae]k[0xffffffc9]F[0xfffffff3][0xffffffd3][0xffffffac][0xffffffd9]_9[0xffffffd3]RC:[0xffffffd6]u[0xffffffb2]0[0xfffffff7][0x14]+[0xffffff8d]S[0xffffffec][0xffffffab]2d[0xffffff9d][0xffffffa4][0xffffffaa][\n]"
08:05:03.616 [main] DEBUG com.github.dockerjava.zerodep.shaded.org.apache.hc.client5.http.wire -- http-outgoing-2 << "[0x8]z[0xfffffffd][0xffffff8a]3[0xffffff9f]&[0xffffff8a][0xffffff8f]*:![0xffffffe4][0x10][0x8][0xffffffd5][0xfffffff7]yg[0xffffffd7][0xffffffe4][0xffffffd9][0xfffffff0][0xffffffce][0xffffff86][0xffffff89][0xfffffff8][0xffffff89]z[0xfffffff6][0xffffff9a][0xffffffc5]?d[0xffffff9c]GD[0xffffffc4][0xffffffcc]~[0xffffff89]Iv [0xffffffc2][0xffffffe3]<3L7[0xffffffdf]qL[0xffffffb7][0x1][0xe][0xffffffeb]`[0xffffffe7][0xfffffffe][0xffffffe2][0xffffffda][0xffffff93][0xffffffe5]e[0xffffffce][0xfffffff1]:[0xffffffc8][0xfffffffc][0xffffff9d][0xffffffa5][0xffffff87][0x7][0xffffff91][0xffffffbb][0xffffffec][0xffffffb8][0xffffffb5][0xffffffb6]|[0xc]Jr[0xffffffc7][0xffffff9b][0x16][0xffffff95]5z[0xffffff91]3E"[0xffffffa1]I;[0x1c][0xffffffca][0x14][0xffffff92][0xffffff89][0xffffffad][5[0xffffffed]4"[0xffffffa3]+[0xffffffda][0x1b][0xffffff87][0x1c][0xffffff9d][0xffffffb4];[0xffffffd6][0xffffff97]X'KH[0xffffffcd][0xffffff8c][0xffffffe6][0x1b]U[0xffffffca][0xffffffab][0xffffff85]P"[0xffffffe2]|[0xffffff8f][0xffffffe0][0xffffff8e][0xffffff99][0xffffff92][0xffffffec][0xffffffb8][0x1e]~[0xffffffd6][0xffffff92]p[0xffffff9a][0x2][0x7][0xffffff97][0xffffffcd][0xffffffaf]m[0xfffffff1][0xffffff80][0xffffffcd]q[0xffffffe9]$[0xfffffffc]l[0x12][0xffffffc7][0xffffffa2][0xffffffb7]h3$[0xffffffb2][0xffffffe6]oQ[0xffffffca][0x7][0xffffffae][0xffffffba][0xffffff9d]<W[0x4][0x1f][0xfffffff4][0xffffffa9][0x1c][0x17][0xffffff91][0xffffffaa][0x5][0xffffffdd][0x4][0xffffffb5]HP[0x12]OS[0xffffff8d]s[0xffffffe6][0xfffffff2][0xffffffcf][0x7]acJTF[0xffffffe1][0xffffffda]<[0xffffff89]l4[0xffffffad][0x3];?[0xffffffe3][0x1f][0xfffffff3][0xffffffb6]][0xffffffe7][0xfffffffd][0x4][0x1e][0xffffffc0]F[0xffffffd3][0x13][0xffffffdd][0x13][0x11]p`[0xffffffb1]G[0xffffffc3] [0xffffffdd]1[0x16]\[>[0xffffffd1]E[0xffffffa9]4[0xfffffffe][0xffffffda][0x1d]([0xffffffd4]n$8W1wJ[0xffffffd7][0xe][0x5][0xffffff90][0xffffffc3]%%Xc[0xffffffb6][0xffffffcd][0x11]"[0xffffffe2][0xfffffff7][0xffffffac][0x18]8[0xffffffec][0xfffffff4]H[0xffffffae][0xffffff8c]5*[0xffffffdf][0xffffffea]j[0xb]w[0xffffffcf][0xffffffa8][\r]?3[0x8]k[0xfffffffa][0xffffffe0]cf[0xfffffff8]F[0xffffffa6] [0xffffff86]`{[0xffffff8e]X[0x1][0xffffffc7][0xffffffb1][0xffffff9c]*o&0[0xffffff88][0xffffffde][0xffffffa1][0xffffffed][0xffffffdc]Ny[0xffffffca][0xfffffffa]:[0xffffffd4]1m[0xffffff81][0x13]E[0xffffffe0][0xffffff95][0x1c]Cs[0xffffff90]m[0x1]*Y [0xffffffc8][0xffffffa7][0xffffffd4][0xffffffa0][0xffffff89][0xffffff8c][0xffffffac]62[0x1f][0xffffffbb]_35[0xffffff85][0x12]TucB [0xffffff9e]+[0xffffff8a]UN'9[0xfffffffe]2[0x1d][0xffffffb6]s[0xffffffe5][0xffffff89][0xffffffbe][0xfffffff5][0xffffff99][0xffffffe2]G[0xffffff8d][\n]"
08:05:03.616 [main] DEBUG com.github.dockerjava.zerodep.shaded.org.apache.hc.client5.http.wire -- http-outgoing-2 << "[0xffffffd1]@[0xe]E9[0x17][0xfffffffd][0xffffff82][0xffffff8e]Y)[0xffffffb1][0xffffffdd]Nz[0xffffffc9][0xfffffff3]s[0x15]x[0xffffffbf][0xffffff98][\r]9[0xffffffb8]2[0xffffffb4][0xffffff86]*[0xffffffe4][0xffffffcf][0xffffffb8]T[0xffffffd3]T[0xffffff86][0x19],p![0xffffffb7][0x1f][0xffffffbe]D[0xffffff84][0xfffffff5][0xffffff96][0xffffffdb]u[0xffffffab][0xffffff91][0xffffff9e]Q'[0xffffffe7][0xffffffbd]>[0xffffffaf][0xffffffb9][0xffffffba][0xfffffff0]9[\r][0xffffff96][0x1f][0x1b]w[0xffffffd5][0xffffffde][0xffffffe9][0xffffffcd]-[0xffffffbe][0xfffffff5][0xffffffb9][0xffffff83][0x1f]|Y}[0xffffffd9][0xffffff8c][0xffffffa7]=0[0xffffff99][0xffffffce]K#T[0x7][0xffffffd1][[0xe]E[0xffffff85][0xffffffec]'k[0xffffff82][0xffffffdd]9M[0xffffff8d][0xffffffbb]@[0xffffff85].T<[0xffffffe9][0xffffffac]v[0xfffffff0][0xfffffff5][0xffffffe4][0xffffffdd][0xfffffffe][0xffffffa0][0xffffffe0][0xffffff89][0xf][0xffffff9e][0xffffffb3][0xffffffc5]W;j[0xffffffdd][0xffffff91][0xffffff8c][0xffffffbe][0xffffffb0][0xffffffd9][0xffffff85]$[0xfffffffb][0xffffff93][0xffffffbc]p[0xffffffb7][0xfffffff8][0xffffff96][0x1c]8W:[0xffffffb9][0x1b]:[0xffffff88]&D[0x10][0xffffffb9][0xfffffff8][0x16][0xffffff92][0xffffffcd][0xffffffc5][0xffffff94]M[0xffffff94][0xffffff95][0xffffffb5][0xffffffaf][0xffffffd7][0xffffffa1][0x1c]%I[0xffffffd7][0xffffffae][0x10]*[0xffffffc5][0xffffffd2][0xffffffdb][0xffffffc1][0xffffffa9]jK[0xffffff95][0xffffffba][0xffffffc3][0xffffff91]C[0xffffffac][0xb]([0x17]U[0xffffffd7]6;+[0xffffffe4][0xffffffe8][0xffffffc9][0xffffffe3]O5[0xffffffac]r[0xffffffe3]mA`|[0xffffffcc][0x16][0xffffffa6][0xffffffee][0xffffffc9][0xffffff9b]p[0xffffffc1]%7"jm[0xffffff9c]`[0x15][0x1f]/[0x17]=x[0xffffffb0]!t[0xffffffae][0xffffffd8][0xffffffd0]`[0xffffffd5][0x3].[0xffffffe9]/H[0xffffffcf][0xffffffad]plw[0xffffffeb][0xffffff9b][0xffffffbf][0xfffffff8][0xffffffd6][0xc][0xffffff86][\r][0xffffff80][0xffffffb0]{[0xffffffdd]#y[0xffffffea][0xffffff8a][0xffffffba][0xffffffa7][0xfffffff9]C[0xffffffba]h[0xffffff96]kL[0x18][0xfffffffa]m[0xffffff8d][0xffffffb6]L[0xffffffc2][0xffffffa4]c2[0xffffffe6][0x16][0xffffffb3]N[0xffffffc1][0xffffff80]b[0xffffffd9]>[0xffffff9e]J?[0xfffffffd]#[0xc][0xffffff98][0xffffffcd][0xe][0xffffffd8][0xffffffd2][0xffffffa3][0xffffff8f][0xffffffa6]u<gDV[0xffffff99][0xffffffb5][0xffffffde][0xffffffac]QrR[0xffffffd1][0xffffffee][0xffffffe0]g[0xffffffa6]_[0xffffffde][0x11]Y[0xfffffffa]D[0xfffffff6][0xffffffe9][0xffffff8f][0xffffffb3][0xc])[0xffffff9c]S[0xffffffc4][0xffffff85][0xffffffcb]-[\n]"
08:05:03.616 [main] DEBUG com.github.dockerjava.zerodep.shaded.org.apache.hc.client5.http.wire -- http-outgoing-2 << "c^[0xfffffff1][0xffffff8e][0xfffffff4][0xffffffc5][0xffffffad][0xffffffc5][0xffffff85][0xffffff91][0x4]o%Y[0xffffff8a][0xffffffb4][0xffffff96]j[0x1c][0xffffffd5][0xffffff8f]i[0xffffffb8][0xffffffac][0x7f][0xfffffff1][0xffffffd9]p[0xffffffa3]![0x0]+[0xffffffb6][0xfffffff6][0xffffff9b]C[0x3][\r] K[0xfffffffc][0x13]x[0xfffffff6]'[0xffffffa5][0xffffffaf][0xfffffff0][0x1f][0x1c][0xffffffa0][0x4]W[0xffffffd2][0xffffffd0][0xffffffdb]t[0xffffffaa]J[0x5][0xffffffbf][0x10][0x1d]X[0x15]*[0xffffffd1][0xffffff8d][0xffffff89]Y[0xffffff82][0xffffffad][0xffffff90][0xffffffe0][0xffffffdd]8[0xffffffb1][0xffffffd4][0xffffffbc]M[0xffffffb9][0xfffffffc][0xfffffff2][0xffffffe1][0xffffffba][0xfffffff2]Jc%[0xffffff91]}{DT88[0xffffffb3][0x6]z[0xffffffb5]tOt[0xffffffd4][0xffffffc7][0xfffffffb][0xffffffec][0xffffffa2][0xfffffffa]rd"[0x11][0xffffffb0][0x12][0xffffff88][0xfffffff0]O[0x17][0xffffff89]s=V[0xffffffcd][0xffffff8c][0xffffffad][0xffffff9e][0xffffffd2][0xffffff86][0xffffffab][0xffffffe3]7M[0xffffffe9]V[0x10][0xffffff89]-D;[0xfffffff4][0xffffff9f][0xffffff9b][0xffffffae][0x11]U[0xffffffb8][0x14]A[0xffffffa8][0xffffffbc][0xfffffff2][0xffffff99][0x1c]&[0xffffffde]'@[0x16]:[0xfffffff5]`[0xffffffad][0xffffffcf])[0xffffffde][0x1][0xffffffa1][0xffffffba][0xffffffe5][0xffffffb8][0xffffffcc][0xffffffec][0xffffffba])[0x1]>[0xffffff89][0xffffff98][0x18][0x6]`[0xfffffff6][0xffffffa8][0x14][0xffffffb7][0xffffffaf]^z[0xffffff94][0xffffffc8]D[0xffffffac]h[0xffffffd5]I[0xffffffb7][0xffffff8f][\r]T[0xffffffe1]g[0xffffff8e][0xffffff9b][0x8];[0xfffffff8]+MT[0xffffff81]f[0xffffffbd][0xffffffd9][0xffffff89][0xffffffac][0xffffffdd][0xffffffdd][0xffffffa7][0xffffffec][0x0][0xffffff83][0xffffffeb][0xffffffe0][\n]"
08:05:03.616 [main] DEBUG com.github.dockerjava.zerodep.shaded.org.apache.hc.client5.http.wire -- http-outgoing-2 << "i[0xffffffd5][0xffffffb4]_[0xffffff9b]4o^^C[0xffffff80][0xffffffd4][0xffffff97][0xf]s[0xffffffd7]oz[0xffffffc7][0xffffffda]):[0xffffff83]8[0xffffffee][0xffffff82][0x1e]K[0xffffffa1][0x18][0xffffffd3][0xffffffd9]f[0xffffffc5][0xffffffcc]B$[0x7])W[0xffffffae][0xffffff99][0xffffffe7][\n]"
08:05:03.616 [main] DEBUG com.github.dockerjava.zerodep.shaded.org.apache.hc.client5.http.wire -- http-outgoing-2 << "[0xffffff9c]+N[0xffffffa4][0x2][0x10]p[0xffffffcb]oh[0x1][0xffffff80]>[0xfffffffb][0xffffffb7]+[0xffffffde]([0xffffffba][0x7f]\Q[0xffffffce][0x6][0x0][0xffffffe0][0xffffff8d]H<[0xffffff85][0xffffff95]X[0xffffffcb]m^[0xffffffec][0xffffff9f]wH[0xffffffe4][0x1d][0xfffffff5]Mx[0xffffffc4]\[0xffffffc6][0xffffff89];W[0x0][0x0]/@[0xffffffac]r[0x1f][0xffffffd4]M[0xffffffa7][0xffffffdf][0xffffff90][\r][0xfffffffb][0xf]MR[0x18][0xffffffce][0x7]d-[0xffffffb2][0xffffffbf]b6[0xffffff88][0xffffffb7][0xffffffef][0x1][0x0]l[0xfffffff6][0xffffff82][0xffffffe7]2[0xffffffbb][0xffffffaa][0x3]l[0xffffffc4]][0xffffff8b]'k([\n]"
08:05:03.616 [main] DEBUG com.github.dockerjava.zerodep.shaded.org.apache.hc.client5.http.wire -- http-outgoing-2 << "[0xffffffbe];}[0xffffffe7][0x3][0x7f]l[0xffffffd0]9[0xfffffff6][0xffffffbd]KP)[0xffffff93],[0xffffff8c]\[0x1f][0xffffffa8]n[0x1a][0xffffff82]k[0xffffff86][0xffffffcc][0xfffffff8]0'u[\r][0xffffffa2][0xffffffe6]ZJ[0xffffffb2]#[0xffffffd5][0xffffffdc]^[0xffffff92]){~[0xffffff81]g[0xfffffff9]v[0xffffffc5][0xffffff9b][0x1f]@[0xfffffff1][0xfffffffe][0xfffffffe][0xfffffffe]4[0xffffffbb]H[0xffffffb2][0xffffffa8][0xffffffeb][0x1b][0xffffffef][0xffffffbf][0xffffffd8][0xffffffc1][0xffffffe1][0xb][0xfffffff3]T[0xffffffff][0xfffffff5][0xffffffd3][0xffffffb9]a$;[0xffffffef][0xffffff8f][0xffffffc7][0xffffffbc][0xffffffcb][0xf][0xffffffe0][0xfffffff5][0x1][0x0][0xffffff90]D[0x0][0xffffff80]G[0x0]J[0xffffffea][0xfffffff7]W[0xffffffd9]Y![0xffffff92][0xfffffff5][0x1d]E[0xffffffff][0xffffffaa][0xffffffd4]CMQ[0xffffffae]??[0xffffff83][0xffffffdd][0xffffffb0]K)H[0x3][0x0][0xffffffe0]1[0x2][0x0]p[0x3]([0xffffffed][0xffffffdf]_;g[0xffffff82]H6[0xffffffb4][0xfffffff8][0xffffffcb]B[0x7f][0xfffffff1]y[0xffffffe7][0x3][0x0][0xffffff80]([0x2][0x0][0xffffffac][0x1](+[0x7f]T[0xffffffc9][0x1][0x0]`V$[0xffffffde]L:W[0xffffffc4],N[0x16][0xffffffde][0xffffffe5][0xffffffee][0xffffffbf][0xffffffe0][0xffffffff]YU[0xffffffb4][0xffffffd6]O[0x0][0xffffffea][0xffffffc2][0xffffffd9][0xffffffa1][0xffffffaa][0xffffffbb]$[0xffffffab]oOyW[0xffffffb8]r[0xffffffb6][0x11][0xffffffb4][0xffffffde]8[0xffffffd5]F[0x7][0xfffffff2][0xffffffb7]&[0x14][0xffffff96]\[0xfffffff7]"[0xffffffa5][0xfffffff8]uB,[0xffffffc6][0xffffff98][0xffffffd9][0x1e][0xffffffad]vU[0xffffffbc]S}$[0x3]et[0xffffff9a]O[0xffffffa0][0x2][0xfffffff1][0xffffffe2]\[0xffffff84]o[0xffffffb5]NG[0xffffff8d][0x14][0xffffffbe][0xffffffb4]m[0xffffff84][0x16]tJ[0xffffffd2]f[0xfffffffa]e[0xffffffa7][0xfffffff2][0xffffffe8][0x5]^[0x1a]5[0xffffff92][0xffffffb0][0xffffffaa]\[0xfffffff7]L[0xffffffaf][0xffffffeb]]l[0x1d][0xffffffbf]~3[0xffffff85][0xffffffc5][0xffffffa6][0xffffffed][0xffffff82]9*1[0xffffffbd][0xffffffa8]D^RK[0xffffff90][0xffffffdb]4[0xfffffff1][0xffffff99][0xffffffd6][0xffffffb3][0xffffff8b]4[0xffffffc2]:[0xffffff9f][0xfffffff1],i[0xffffffde][0xffffffe5]C[0xffffff8e]p[0xffffffae]eF[0xffffffff],-[0xe][0xffffffbc]W[0xfffffff3]k{[0xfffffffa][0xffffffba];*"
08:05:03.620 [main] DEBUG com.github.dockerjava.zerodep.shaded.org.apache.hc.client5.http.wire -- http-outgoing-2 << "[0xffffffb4][0xffffffd6][0xffffffc4][0xffffffee][0x1c]\[0xffffff87][0xffffffef][0x17][0xffffffbe][0xffffffc4]\[0xffffffb9]-zf=[0x1d][0xffffffa7][0xffffff90][0xe][0x13][0xffffffa7]n[0x3][0x0][0xffffffe0][0x0][0x1][0x0][0x4][0x1]T[0xffffffe8][0xffffffef][0xffffffbb][0xffffffc9])[0xffffff92][0xffffffec][0xffffffff][0x18][0xffffff8d][0xffffff81][0xfffffffe][0xffffffee][0xffffff87][0xffffffd8]aoh[0xffffff81][0xffffffd1]{ E[0x1][0x0][0xffffff90][0xfffffffe][0xffffffad][\r][0xffffffa8]T[0xffffffdf][0xfffffff7][0xffffff93][0x9]"9[0xffffffeb][0xffffffaf][0xfffffffb][0xfffffff9]Wmx[0xfffffff5][0xffffffad][\r][0xfffffffc][0x0][0xffffffaa][0xffffffe4][0xfffffff7][0xffffffcd]d[0xffffff87]H[0xffffffce][0xfffffff9][0xffffffd1]f[0x12][0xffffff99][0xffffffa6][0xffffffea][0xffffffc4]B[0xffffff88][0xffffff82][0xffffffbf][0x5]L[0x1c]@5[0xfffffffb][0xffffffbe][0xffffffa3]|"[0xfffffff1][0xffffff85][0xffffffdf][0xffffffee][0xfffffffa][0xffffffff]?:[\n]"
08:05:03.620 [main] DEBUG com.github.dockerjava.zerodep.shaded.org.apache.hc.client5.http.wire -- http-outgoing-2 << "[0x11][0xfffffffb][0xffffffc4][0xffffffc2][0xffffffe5][0xffffffb7];[0xffffffd5][0xffffff90][0xffffff9c][0xffffff87][0x1b][0xffffffad][0xffffff81][0x7f][0xfffffffc][0xffffff81][0xffffffc0][0x16][0x0][0x0]y[0x4][0x0][0xffffffe0][0x5]P[0xffffffdf][0xfffffffe]Q[0xfffffff2]_[0xffffffef][0xffffffcd]"[0xffffff92][0xffffffdc][0xfffffff7][0x18][0xffffff93][0xffffff81][0xfffffff9][0xffffffff][0x0][0xffffff86][0x19][0xfffffffb][0xffffff84][0xffffffff][0xffffffdf][0xffffffbf][0xffffff97][0x2][0x0] [0xfffffffe];[0xffffffab][0xffffff82]{[0xffffffac][0xffffffb6][0x1c]E[~[0xffffff8c][0xffffff95]U[0xffffffdb]7V[0xffffffdc][0x0][0xffffffea][0xffffffc7]?[0xffffffaa][0xffffff90][0xfffffffd]^e[0xffffffc7]B[0xfffffff4][0xffffffc7][0xffffff9a][0x7]([0x8][0x7f][0xffffffab]"[0xc][0xffffffa0][0xffffffee][0xffffffff]Q[0xffffffa5][0x7][0x0][0x0]n[0xffffff91][0xfffffff8][0xffffff83]o[0xffffff98]l[0xffffffee]ns[0xfffffffc]~[0xffffffac][0xffffff9c][0xffffffef][0xffffffbf][0x1a][0xfffffff8][0xffffffe4]7Dh([0x7f][0xffffff94]3[0xfffffffa][\r]Q[\n]"
08:05:03.620 [main] DEBUG com.github.dockerjava.zerodep.shaded.org.apache.hc.client5.http.wire -- http-outgoing-2 << "[0xfffffff2][0xffffffff][0xf][0xffffffa2][0xffffffff][0xfffffffa]Z[0xffffffbf]#BS[0xfffffffa]3[0xffffffa2][0x14]F[0xffffffc7][0x1f]~9[0xffffff91][0x7f]#Bs[0xfffffff8][0xfffffff3][0xffffffda][0xffffff90][0xffffffc2]l[0xfffffff1][0xffffffd3][0xffffffa0][0xffffff85][0x1][0xffffffb4][0xffffffe8][0xffffffef][0xffffff93][0xffffffc4]-[0xffffff92][0xffffffc0][0xfffffff1][0xfffffff7][0x10]U[0xffffffff]9E)J[0xffffff8f]1[0x7f]t[0xffffffda][0xfffffffd][0xfffffffe][0xffffffb5][0xffffffbe]![0xffffff9a][0xffffffb8][0xffffff87][0xffffffc8][0xffffffee][0xffffffc7]g[0xffffff9c][0xffffffcf][0x7f][0x10]}[0xfffffffd]s[0xffffff8a]R[0x1c]~~[0xfffffff9][0x14][0x6][0xffffffd0][0xfffffff1][0xffffffbe][0xffffffdf][0xffffffb5][0xffffffb8]E[0x12]\[0xffffffff][0x16]"t[0xffffffbe][0xffffffef]W&[0x16][0xffffff91][0xffffff94][0xffffffd8][0xffffff9f]A[0xffffffd4][0xfffffffa]oD[0xffffffe8][0xffffffda][0xfffffff7][0x10]U[0xfffffffd][\n]"
08:05:03.620 [main] DEBUG com.github.dockerjava.zerodep.shaded.org.apache.hc.client5.http.wire -- http-outgoing-2 << ""[0xfffffff4][0xffffff97][0xfffffff7]RT[0xfffffff3][0xffffffe3][0xffffff88]^[0xfffffffd][0x7]Q[0xffffffca][0xffffffbd][0x14]5[0xfffffffe]=D[0xffffffad][0xfffffff7][0x10]M[0xffffffff]Z[0xffffff8a][0xffffffd0][0xffffff97][0xffffffef]![0xffffffba][0xfffffff8][0x15]D[0x18]P[0xfffffff7][0x10]][0xfffffffd]J[0xffffff8a]0([0xffffffee]!Z[0xfffffffc][[0xffffff88]0$[0xffffffee]-[0xffffffd7]D[0xffffffbf][0xffffff96]"[0xc][0xffffffd3]{[0xffffffcb][0xffffffb5][0xffffffc0]/![\n]"
08:05:03.620 [main] DEBUG com.github.dockerjava.zerodep.shaded.org.apache.hc.client5.http.wire -- http-outgoing-2 << "[0xffffffbc][0xffffffb7]\[0xb][0xfffffffd]J[0xffffff8a]0[0xfffffff2][0xffffffff]<[0xffffffd1][0xffffffe2])~[0x1][0xffffff91][0xffffffcf][0x7f][0x10][0xfffffff5][0xffffffff]9E[0xffffffc9][0xffffffa2][0xffffffbf][0xffffff96]"[0xffffff8c][0xffffffdd]{[0xffffff88][0xfffffffe][0x1f]6[0xfffffff7][0x7f][0xffffffbd][0x1c]7[0x0]B[0xfffffffe][0xfffffffb]*[0xffffffe7][0x6][0xffffff80][0xffffff98][0xffffffbf]O[0xffffff91][0xffffffed][0xffffffef]*[0xfffffff7]s[0xffffff88][0x8]d[0xfffffffb][0xfffffffd] [0xffffffbc][0x12]Y$Z[0xffffffc6][0x2][0xffffffd5]j[0xffffffe1][0xffffffce][0xffffffca]_[0xffffffbe][0xfffffff7]^fO[0xffffffc2][0x13][0xffffff8f]B[0xffffff86]S[0xffffffe5]gM?[0xfffffff5]C[\r][0xffffff96][0xffffffde][0xffffffb2][0xffffffc7][0xfffffff2][0x7f][0xffffffa4]h[0xffffff88][0x1a]\[0xffffffcc][0xffffff89]X[0xffffff83][0xffffff85][0xffffff85][0xffffff9c])K[0x18][0xffffffa1][0xffffffb4]-[0x0][0x0][0xffffff80][0x1f][0x2][0x0][0x8][0x0] [0xffffff85][0xffffffef][0xffffffd9]r[0xfffffffc]K[0xffffffaf]~[0xffffff98]-[0xffffffb6]D[0xfffffff5][0xffffffcc][0xffffffb8]C.[0x0][0x0]R[0x8][0x0][0xffffffc0][0x7][0xffffff80][0xffffffec][0xffffffbf][0xffffffe7][0xffffffcb][0xfffffff6][0x13]vEXW#/][0xffffff8a][0x0][0x0][0xffffff80][0xffffffc4][0xffffffef][0xffffff8c][0xffffffa3][0xffffffee]1[0xfffffffe]a[0xffffffc3][0xfffffffa]>[0xffffff86][0xffffffa0][0xffffffca]?[0xffffffcf][0xffffffd4][0x7f][0xffffffcb][0xffffffd5][0xffffffaf][0xffffffc5][0x10]4[0xfffffffe][0x17]b[0xfffffff5][0xb]3[0x15]t[0xfffffffe][0xffffffdf]b[0xfffffff5][0xfffffff3]1[0xffffffc4][0xffffffc4][0xfffffff9]o[0xffffffb1][0xfffffffa][0xfffffff9][0xffffffc5][0xc][0xfffffff3][0xffffffd1][0xffffffbd][0xffffff99][0xfffffffa][0xfffffff7][0xffffffc4][\n]"
08:05:03.620 [main] DEBUG com.github.dockerjava.zerodep.shaded.org.apache.hc.client5.http.wire -- http-outgoing-2 << "S[0xffffffeb][0xffffffde]z[0xffffff8f][0xfffffffc]k[0xffffff88]0=[0xffffffff][[0xffffffac]~[0x1]Q[0xfffffff2][0x7f][0xffffff8b][0xffffffd5][0xffffffcf][0xffffffa7][0x8][0xffffffb3][0xffffffe5][0x1f][0x15]+[0xffffffcc][0xffffffc5]{[0xffffff88]~Q[0xffffffac][0xffffffb0] [0xffffffff][0x9][0xffffffb1][0xffffffc2]"[0xffffffbf][0xffffff87][0xffffffe8][0xffffff97][0xffffffc4][\n]"
08:05:03.620 [main] DEBUG com.github.dockerjava.zerodep.shaded.org.apache.hc.client5.http.wire -- http-outgoing-2 << "K[0xfffffffc][0x1e][0xffffffa2][0xffffffbf]'VX&[0xfffffff7][0xffffffdc][0xfffffff3][0x17][0xffffffc5][\n]"
08:05:03.620 [main] DEBUG com.github.dockerjava.zerodep.shaded.org.apache.hc.client5.http.wire -- http-outgoing-2 << "+[0xffffffe0][0xffffff9f][0x10]+[0xffffffac][0xffffffdc]{[0xffffffee][0xfffffff9]Kb[0xffffff85][0xffffffd5]w[0xffffffcf]=[0xffffffff][0xffffff9e]Xa[0xffffffed][0xfffffffc]3b[0xffffff85][0xffffff8d][0xfffffff8]O[0xffffff88][0x15]6[0xffffffd3]?!V[0xffffffd8][0xfffffff2][0xffffffff][0xffffffa8]Xa[0xffffffdb][0xffffffde][0xffffffb3][0xffffff86]_[0x14]+[0xffffffec][0xffffffc8][0x7f]B[0xffffffac][0xffffffb0]+[0xffffffee][0xffffffed]h[0xffffffbf] V[0xffffffae][0x0][0xfffffff6][0xffffffe8][0xfffffff7][0xffffff88]l[0xfffffffe]#V[0xffffffa6]w[0xffffffb7][0xffffffc9][0xffffffa8]?T[0xffffffce][0xfffffffa][0xffffffb1]G[0x7][0x1c][0x0][0x15][0xffffffb2]ck[0xffffffa9][0x16]>[0xffffff8c][0x7f][0xffffff97][0xffffffc7][0xffffffd2][0xffffffbb]Q[0xfffffff8][0xfffffffc]9[0xffffff87][0xffffff82][0xffffffd3][0xffffffb6]w[0x14]_d[0xffffff90][0xffffffa2]X[0xffffff8c][0xfffffff3][0xffffffe4]8[0x3]#[0xffffffdf]S[0xffffff84][0xffffffaa]'[0xffffff93][0xffffffc9]__[0xffffffe1][0xffffffb8][0xffffffda]X[0xffffff85]k[0xffffffcd][0xffffff94][0xffffffae][0xffffffa8][0x0][0x0][0xffffffe0][0xfffffffb][0xffffffdb][0xffffff99][0xc][0xfffffff6][0xffffffd9][0xfffffff7][0x13][0xffffff94][0xfffffff3][0xffffffa7][0xffffff84][0xc][0xfffffffb][0x9][\n]"
08:05:03.620 [main] DEBUG com.github.dockerjava.zerodep.shaded.org.apache.hc.client5.http.wire -- http-outgoing-2 << "[0x18][0xfffffffd]c[0xffffffc2][0xffffffab][0x7f][0xffffff9f][0xffffffc9][0xffffffe0]`[0xffffffff]}+[0xffffffe3][0x7]px[0xffffffbe][0xffffff9f][0xffffffa5][0xffffffec]?ae[0xffffff84]5[0xffffffa9]:[0xffffffb1][0xffffffb0][0xfffffff9]>[0xffffffdf][0xffffffce]d[0xffffff84][0x0][0x1c][0xffffffcd][0xffffffef][0xffffffa7]*[0xffffffd7][0x7f][0xffffffd4]L[0xffffffef][0xffffffee]6[0xffffffb8][0xfffffff4][0xffffff87]jB[0xffffffc2][0x1][0x0] [0xfffffff3][[0xc]q<[0xffffffee][0xffffffc5][0xfffffff0]'[0x4][0xffffffeb][0xfffffffb][0x18][0xffffffe2]$[0xfffffffe][0xfffffffd][0xffffffa3]+n[0x0][0xffffffa7][0xfffffff9][0xffffff9f][0x10]+[0xffffff9c][0xffffff85][0xffffffef][0xffffffcf]O[0xffffffb8]E[0xffffffe2][0xfffffff3][0x7f]'[0x4][0xffffff92][0xffffffa5][0xffffffbe][0xffffffbb]9[0xfffffffc][0xffffffb1]r[0x18][0xffffffb6][0xffffffdf]f*7[0xffffff80][0xb][0xffffffdc]S[0xffffff99][0xffffffde][0xffffff9f]_>`[0xffffffbe]U[0xffffffc1][0xffffff86][0xfffffffc][0x1d][0x10]*[0xfffffff0][0xffffffbf][0xfffffff1][0xffffffbf][0xfffffff1][0xffffffbf][0xfffffff1][0xffffffbf][0xfffffff1][0xffffffbf][0xfffffff1][0xffffffdb][0xfffffff8][0xffffffff][0x2][0x0][0x0][0xffffffff][0xffffffff][0x16]Mr[0xffffffe4][0x0]V[0x1][0x0][\r][\n]"
08:05:03.620 [main] DEBUG com.github.dockerjava.zerodep.shaded.org.apache.hc.client5.http.wire -- http-outgoing-2 << "0[\r][\n]"
08:05:03.620 [main] DEBUG com.github.dockerjava.zerodep.shaded.org.apache.hc.client5.http.wire -- http-outgoing-2 << "[\r][\n]"
08:05:03.621 [main] DEBUG com.github.dockerjava.zerodep.shaded.org.apache.hc.client5.http.impl.classic.InternalHttpClient -- ep-0000001E: releasing valid endpoint
08:05:03.621 [main] DEBUG com.github.dockerjava.zerodep.shaded.org.apache.hc.client5.http.impl.io.PoolingHttpClientConnectionManager -- ep-0000001E: releasing endpoint
08:05:03.621 [main] DEBUG com.github.dockerjava.zerodep.shaded.org.apache.hc.client5.http.impl.io.PoolingHttpClientConnectionManager -- ep-0000001E: connection http-outgoing-2 can be kept alive for 3 MINUTES
08:05:03.621 [main] DEBUG com.github.dockerjava.zerodep.shaded.org.apache.hc.client5.http.impl.io.PoolingHttpClientConnectionManager -- ep-0000001E: connection released [route: {}->npipe://localhost:2375][total available: 1; route allocated: 1 of 2147483647; total allocated: 1 of 2147483647]
08:05:03.628 [main] DEBUG org.testcontainers.shaded.com.github.dockerjava.core.command.AbstrDockerCmd -- Cmd: 3aabc60e6494b6354e6bbe95b9fc51055c9e9c6ef5bb0292a702406b6c2c92a6,false
08:05:03.629 [main] DEBUG org.testcontainers.shaded.com.github.dockerjava.core.exec.InspectContainerCmdExec -- GET: DefaultWebTarget{path=[/containers/3aabc60e6494b6354e6bbe95b9fc51055c9e9c6ef5bb0292a702406b6c2c92a6/json], queryParams={}}
08:05:03.629 [main] DEBUG com.github.dockerjava.zerodep.shaded.org.apache.hc.client5.http.impl.classic.InternalHttpClient -- ex-00000020: preparing request execution
08:05:03.629 [main] DEBUG com.github.dockerjava.zerodep.shaded.org.apache.hc.client5.http.protocol.RequestAddCookies -- Cookie spec selected: strict
08:05:03.629 [main] DEBUG com.github.dockerjava.zerodep.shaded.org.apache.hc.client5.http.protocol.RequestAuthCache -- Auth cache not set in the context
08:05:03.629 [main] DEBUG com.github.dockerjava.zerodep.shaded.org.apache.hc.client5.http.impl.classic.ProtocolExec -- ex-00000020: target auth state: UNCHALLENGED
08:05:03.629 [main] DEBUG com.github.dockerjava.zerodep.shaded.org.apache.hc.client5.http.impl.classic.ProtocolExec -- ex-00000020: proxy auth state: UNCHALLENGED
08:05:03.629 [main] DEBUG com.github.dockerjava.zerodep.shaded.org.apache.hc.client5.http.impl.classic.ConnectExec -- ex-00000020: acquiring connection with route {}->npipe://localhost:2375
08:05:03.629 [main] DEBUG com.github.dockerjava.zerodep.shaded.org.apache.hc.client5.http.impl.classic.InternalHttpClient -- ex-00000020: acquiring endpoint (3 MINUTES)
08:05:03.629 [main] DEBUG com.github.dockerjava.zerodep.shaded.org.apache.hc.client5.http.impl.io.PoolingHttpClientConnectionManager -- ex-00000020: endpoint lease request (3 MINUTES) [route: {}->npipe://localhost:2375][total available: 1; route allocated: 1 of 2147483647; total allocated: 1 of 2147483647]
08:05:03.629 [main] DEBUG com.github.dockerjava.zerodep.shaded.org.apache.hc.client5.http.impl.io.PoolingHttpClientConnectionManager -- ex-00000020: endpoint leased [route: {}->npipe://localhost:2375][total available: 0; route allocated: 1 of 2147483647; total allocated: 1 of 2147483647]
08:05:03.630 [main] DEBUG com.github.dockerjava.zerodep.shaded.org.apache.hc.client5.http.impl.io.PoolingHttpClientConnectionManager -- ex-00000020: acquired ep-0000001F
08:05:03.630 [main] DEBUG com.github.dockerjava.zerodep.shaded.org.apache.hc.client5.http.impl.classic.InternalHttpClient -- ex-00000020: acquired endpoint ep-0000001F
08:05:03.630 [main] DEBUG com.github.dockerjava.zerodep.shaded.org.apache.hc.client5.http.impl.classic.MainClientExec -- ex-00000020: executing GET /v1.32/containers/3aabc60e6494b6354e6bbe95b9fc51055c9e9c6ef5bb0292a702406b6c2c92a6/json HTTP/1.1
08:05:03.630 [main] DEBUG com.github.dockerjava.zerodep.shaded.org.apache.hc.client5.http.impl.classic.InternalHttpClient -- ep-0000001F: start execution ex-00000020
08:05:03.630 [main] DEBUG com.github.dockerjava.zerodep.shaded.org.apache.hc.client5.http.impl.io.PoolingHttpClientConnectionManager -- ep-0000001F: executing exchange ex-00000020 over http-outgoing-2
08:05:03.630 [main] DEBUG com.github.dockerjava.zerodep.shaded.org.apache.hc.client5.http.headers -- http-outgoing-2 >> GET /v1.32/containers/3aabc60e6494b6354e6bbe95b9fc51055c9e9c6ef5bb0292a702406b6c2c92a6/json HTTP/1.1
08:05:03.630 [main] DEBUG com.github.dockerjava.zerodep.shaded.org.apache.hc.client5.http.headers -- http-outgoing-2 >> accept: application/json
08:05:03.630 [main] DEBUG com.github.dockerjava.zerodep.shaded.org.apache.hc.client5.http.headers -- http-outgoing-2 >> x-tc-sid: 3e81ff38-c5d8-46ef-80ba-8fe8bfdd672a
08:05:03.630 [main] DEBUG com.github.dockerjava.zerodep.shaded.org.apache.hc.client5.http.headers -- http-outgoing-2 >> User-Agent: tc-java/1.19.3
08:05:03.630 [main] DEBUG com.github.dockerjava.zerodep.shaded.org.apache.hc.client5.http.headers -- http-outgoing-2 >> Accept-Encoding: gzip, x-gzip, deflate
08:05:03.630 [main] DEBUG com.github.dockerjava.zerodep.shaded.org.apache.hc.client5.http.headers -- http-outgoing-2 >> Host: localhost:2375
08:05:03.630 [main] DEBUG com.github.dockerjava.zerodep.shaded.org.apache.hc.client5.http.headers -- http-outgoing-2 >> Connection: keep-alive
08:05:03.630 [main] DEBUG com.github.dockerjava.zerodep.shaded.org.apache.hc.client5.http.wire -- http-outgoing-2 >> "GET /v1.32/containers/3aabc60e6494b6354e6bbe95b9fc51055c9e9c6ef5bb0292a702406b6c2c92a6/json HTTP/1.1[\r][\n]"
08:05:03.630 [main] DEBUG com.github.dockerjava.zerodep.shaded.org.apache.hc.client5.http.wire -- http-outgoing-2 >> "accept: application/json[\r][\n]"
08:05:03.630 [main] DEBUG com.github.dockerjava.zerodep.shaded.org.apache.hc.client5.http.wire -- http-outgoing-2 >> "x-tc-sid: 3e81ff38-c5d8-46ef-80ba-8fe8bfdd672a[\r][\n]"
08:05:03.630 [main] DEBUG com.github.dockerjava.zerodep.shaded.org.apache.hc.client5.http.wire -- http-outgoing-2 >> "User-Agent: tc-java/1.19.3[\r][\n]"
08:05:03.630 [main] DEBUG com.github.dockerjava.zerodep.shaded.org.apache.hc.client5.http.wire -- http-outgoing-2 >> "Accept-Encoding: gzip, x-gzip, deflate[\r][\n]"
08:05:03.630 [main] DEBUG com.github.dockerjava.zerodep.shaded.org.apache.hc.client5.http.wire -- http-outgoing-2 >> "Host: localhost:2375[\r][\n]"
08:05:03.630 [main] DEBUG com.github.dockerjava.zerodep.shaded.org.apache.hc.client5.http.wire -- http-outgoing-2 >> "Connection: keep-alive[\r][\n]"
08:05:03.630 [main] DEBUG com.github.dockerjava.zerodep.shaded.org.apache.hc.client5.http.wire -- http-outgoing-2 >> "[\r][\n]"
08:05:03.639 [main] DEBUG com.github.dockerjava.zerodep.shaded.org.apache.hc.client5.http.wire -- http-outgoing-2 << "HTTP/1.1 200 OK[\r][\n]"
08:05:03.639 [main] DEBUG com.github.dockerjava.zerodep.shaded.org.apache.hc.client5.http.wire -- http-outgoing-2 << "Api-Version: 1.47[\r][\n]"
08:05:03.639 [main] DEBUG com.github.dockerjava.zerodep.shaded.org.apache.hc.client5.http.wire -- http-outgoing-2 << "Content-Type: application/json[\r][\n]"
08:05:03.639 [main] DEBUG com.github.dockerjava.zerodep.shaded.org.apache.hc.client5.http.wire -- http-outgoing-2 << "Date: Fri, 02 May 2025 06:05:03 GMT[\r][\n]"
08:05:03.639 [main] DEBUG com.github.dockerjava.zerodep.shaded.org.apache.hc.client5.http.wire -- http-outgoing-2 << "Docker-Experimental: false[\r][\n]"
08:05:03.639 [main] DEBUG com.github.dockerjava.zerodep.shaded.org.apache.hc.client5.http.wire -- http-outgoing-2 << "Ostype: linux[\r][\n]"
08:05:03.639 [main] DEBUG com.github.dockerjava.zerodep.shaded.org.apache.hc.client5.http.wire -- http-outgoing-2 << "Server: Docker/27.5.1 (linux)[\r][\n]"
08:05:03.639 [main] DEBUG com.github.dockerjava.zerodep.shaded.org.apache.hc.client5.http.wire -- http-outgoing-2 << "Transfer-Encoding: chunked[\r][\n]"
08:05:03.639 [main] DEBUG com.github.dockerjava.zerodep.shaded.org.apache.hc.client5.http.wire -- http-outgoing-2 << "[\r][\n]"
08:05:03.639 [main] DEBUG com.github.dockerjava.zerodep.shaded.org.apache.hc.client5.http.headers -- http-outgoing-2 << HTTP/1.1 200 OK
08:05:03.639 [main] DEBUG com.github.dockerjava.zerodep.shaded.org.apache.hc.client5.http.headers -- http-outgoing-2 << Api-Version: 1.47
08:05:03.639 [main] DEBUG com.github.dockerjava.zerodep.shaded.org.apache.hc.client5.http.headers -- http-outgoing-2 << Content-Type: application/json
08:05:03.639 [main] DEBUG com.github.dockerjava.zerodep.shaded.org.apache.hc.client5.http.headers -- http-outgoing-2 << Date: Fri, 02 May 2025 06:05:03 GMT
08:05:03.639 [main] DEBUG com.github.dockerjava.zerodep.shaded.org.apache.hc.client5.http.headers -- http-outgoing-2 << Docker-Experimental: false
08:05:03.639 [main] DEBUG com.github.dockerjava.zerodep.shaded.org.apache.hc.client5.http.headers -- http-outgoing-2 << Ostype: linux
08:05:03.639 [main] DEBUG com.github.dockerjava.zerodep.shaded.org.apache.hc.client5.http.headers -- http-outgoing-2 << Server: Docker/27.5.1 (linux)
08:05:03.639 [main] DEBUG com.github.dockerjava.zerodep.shaded.org.apache.hc.client5.http.headers -- http-outgoing-2 << Transfer-Encoding: chunked
08:05:03.639 [main] DEBUG com.github.dockerjava.zerodep.shaded.org.apache.hc.client5.http.impl.classic.MainClientExec -- ex-00000020: connection can be kept alive for 3 MINUTES
08:05:03.640 [main] DEBUG com.github.dockerjava.zerodep.shaded.org.apache.hc.client5.http.wire -- http-outgoing-2 << "1275[\r][\n]"
08:05:03.640 [main] DEBUG com.github.dockerjava.zerodep.shaded.org.apache.hc.client5.http.wire -- http-outgoing-2 << "{"Id":"3aabc60e6494b6354e6bbe95b9fc51055c9e9c6ef5bb0292a702406b6c2c92a6","Created":"2025-05-02T06:04:56.311459068Z","Path":"/bin/sh","Args":["-c","echo 'c2VjcmV0' | base64 -d \u003e /vnc_password \u0026\u0026 flvrec.py -o /screen.flv -d -r 30 -P /vnc_password tc-oMUVLb15 5900"],"State":{"Status":"running","Running":true,"Paused":false,"Restarting":false,"OOMKilled":false,"Dead":false,"Pid":18000,"ExitCode":0,"Error":"","StartedAt":"2025-05-02T06:04:56.470660993Z","FinishedAt":"0001-01-01T00:00:00Z"},"Image":"sha256:97fba4daa01bdb900a0716e48765e32c39e26d9357522a5b6004da7799f0822e","ResolvConfPath":"/var/lib/docker/containers/3aabc60e6494b6354e6bbe95b9fc51055c9e9c6ef5bb0292a702406b6c2c92a6/resolv.conf","HostnamePath":"/var/lib/docker/containers/3aabc60e6494b6354e6bbe95b9fc51055c9e9c6ef5bb0292a702406b6c2c92a6/hostname","HostsPath":"/var/lib/docker/containers/3aabc60e6494b6354e6bbe95b9fc51055c9e9c6ef5bb0292a702406b6c2c92a6/hosts","LogPath":"/var/lib/docker/containers/3aabc60e6494b6354e6bbe95b9fc51055c9e9c6ef5bb0292a702406b6c2c92a6/3aabc60e6494b6354e6bbe95b9fc51055c9e9c6ef5bb0292a702406b6c2c92a6-json.log","Name":"/amazing_carson","RestartCount":0,"Driver":"overlayfs","Platform":"linux","MountLabel":"","ProcessLabel":"","AppArmorProfile":"","ExecIDs":null,"HostConfig":{"Binds":[],"ContainerIDFile":"","LogConfig":{"Type":"json-file","Config":{}},"NetworkMode":"b704b6e8f8077f8578449cf0c6e98e04e9e3eea75c6ef53aba4dbe1e0b306329","PortBindings":{},"RestartPolicy":{"Name":"no","MaximumRetryCount":0},"AutoRemove":false,"VolumeDriver":"","VolumesFrom":[],"ConsoleSize":[0,0],"CapAdd":null,"CapDrop":null,"CgroupnsMode":"host","Dns":null,"DnsOptions":null,"DnsSearch":null,"ExtraHosts":[],"GroupAdd":null,"IpcMode":"shareable","Cgroup":"","Links":null,"OomScoreAdj":0,"PidMode":"","Privileged":false,"PublishAllPorts":false,"ReadonlyRootfs":false,"SecurityOpt":null,"UTSMode":"","UsernsMode":"","ShmSize":67108864,"Runtime":"runc","Isolation":"","CpuShares":0,"Memory":0,"NanoCpus":0,"CgroupParent":"","BlkioWeight":0,"BlkioWeightDevice":null,"BlkioDeviceReadBps":null,"BlkioDeviceWriteBps":null,"BlkioDeviceReadIOps":null,"BlkioDeviceWriteIOps":null,"CpuPeriod":0,"CpuQuota":0,"CpuRealtimePeriod":0,"CpuRealtimeRuntime":0,"CpusetCpus":"","CpusetMems":"","Devices":null,"DeviceCgroupRules":null,"DeviceRequests":null,"MemoryReservation":0,"MemorySwap":0,"MemorySwappiness":null,"OomKillDisable":false,"PidsLimit":null,"Ulimits":null,"CpuCount":0,"CpuPercent":0,"IOMaximumIOps":0,"IOMaximumBandwidth":0,"MaskedPaths":["/proc/asound","/proc/acpi","/proc/kcore","/proc/keys","/proc/latency_stats","/proc/timer_list","/proc/timer_stats","/proc/sched_debug","/proc/scsi","/sys/firmware","/sys/devices/virtual/powercap"],"ReadonlyPaths":["/proc/bus","/proc/fs","/proc/irq","/proc/sys","/proc/sysrq-trigger"]},"GraphDriver":{"Data":null,"Name":"overlayfs"},"Mounts":[],"Config":{"Hostname":"3aabc60e6494","Domainname":"","User":"","AttachStdin":false,"AttachStdout":false,"AttachStderr":false,"Tty":false,"OpenStdin":false,"StdinOnce":false,"Env":["PATH=/usr/local/sbin:/usr/local/bin:/usr/sbin:/usr/bin:/sbin:/bin"],"Cmd":["-c","echo 'c2VjcmV0' | base64 -d \u003e /vnc_password \u0026\u0026 flvrec.py -o /screen.flv -d -r 30 -P /vnc_password tc-oMUVLb15 5900"],"Image":"testcontainers/vnc-recorder:1.3.0","Volumes":null,"WorkingDir":"","Entrypoint":["/bin/sh"],"OnBuild":null,"Labels":{"Description":"This image can be used to create a sidekick container for recording videos of VNC sessions hosted in other containers","maintainer":"Richard North \u003crich.north@gmail.com\u003e","org.testcontainers":"true","org.testcontainers.lang":"java","org.testcontainers.sessionId":"3e81ff38-c5d8-46ef-80ba-8fe8bfdd672a","org.testcontainers.version":"1.19.3"}},"NetworkSettings":{"Bridge":"","SandboxID":"b73e07b38b710a8838630b2064370756d45cc26f2545d44771d28a66ea4462fd","SandboxKey":"/var/run/docker/netns/b73e07b38b71","Ports":{},"HairpinMode":false,"LinkLocalIPv6Address":"","LinkLocalIPv6PrefixLen":0,"SecondaryIPAddresses":null,"SecondaryIPv6Addresses":null,"EndpointID":"","Gateway":"","G"
08:05:03.642 [main] DEBUG com.github.dockerjava.zerodep.shaded.org.apache.hc.client5.http.wire -- http-outgoing-2 << "lobalIPv6Address":"","GlobalIPv6PrefixLen":0,"IPAddress":"","IPPrefixLen":0,"IPv6Gateway":"","MacAddress":"","Networks":{"dd79b24f-5dea-4620-b1e4-b05cb2db2118":{"IPAMConfig":null,"Links":null,"Aliases":["tc-wKrHECQZ","3aabc60e6494"],"MacAddress":"02:42:ac:13:00:03","DriverOpts":null,"NetworkID":"b704b6e8f8077f8578449cf0c6e98e04e9e3eea75c6ef53aba4dbe1e0b306329","EndpointID":"48b3cf176b2098724fc01ba2bb74dd1606339067eb422ca3bc649ec432d9e312","Gateway":"172.19.0.1","IPAddress":"172.19.0.3","IPPrefixLen":16,"IPv6Gateway":"","GlobalIPv6Address":"","GlobalIPv6PrefixLen":0,"DNSNames":["amazing_carson","tc-wKrHECQZ","3aabc60e6494"]}}}}[\n]"
08:05:03.643 [main] DEBUG com.github.dockerjava.zerodep.shaded.org.apache.hc.client5.http.wire -- http-outgoing-2 << "[\r][\n]"
08:05:03.643 [main] DEBUG com.github.dockerjava.zerodep.shaded.org.apache.hc.client5.http.wire -- http-outgoing-2 << "0[\r][\n]"
08:05:03.643 [main] DEBUG com.github.dockerjava.zerodep.shaded.org.apache.hc.client5.http.wire -- http-outgoing-2 << "[\r][\n]"
08:05:03.643 [main] DEBUG com.github.dockerjava.zerodep.shaded.org.apache.hc.client5.http.impl.classic.InternalHttpClient -- ep-0000001F: releasing valid endpoint
08:05:03.643 [main] DEBUG com.github.dockerjava.zerodep.shaded.org.apache.hc.client5.http.impl.io.PoolingHttpClientConnectionManager -- ep-0000001F: releasing endpoint
08:05:03.644 [main] DEBUG com.github.dockerjava.zerodep.shaded.org.apache.hc.client5.http.impl.io.PoolingHttpClientConnectionManager -- ep-0000001F: connection http-outgoing-2 can be kept alive for 3 MINUTES
08:05:03.644 [main] DEBUG com.github.dockerjava.zerodep.shaded.org.apache.hc.client5.http.impl.io.PoolingHttpClientConnectionManager -- ep-0000001F: connection released [route: {}->npipe://localhost:2375][total available: 1; route allocated: 1 of 2147483647; total allocated: 1 of 2147483647]
08:05:03.645 [main] DEBUG org.testcontainers.shaded.com.github.dockerjava.core.command.AbstrDockerCmd -- Cmd: 3aabc60e6494b6354e6bbe95b9fc51055c9e9c6ef5bb0292a702406b6c2c92a6,<null>
08:05:03.646 [main] DEBUG com.github.dockerjava.zerodep.shaded.org.apache.hc.client5.http.impl.classic.InternalHttpClient -- ex-00000021: preparing request execution
08:05:03.646 [main] DEBUG com.github.dockerjava.zerodep.shaded.org.apache.hc.client5.http.protocol.RequestAddCookies -- Cookie spec selected: strict
08:05:03.646 [main] DEBUG com.github.dockerjava.zerodep.shaded.org.apache.hc.client5.http.protocol.RequestAuthCache -- Auth cache not set in the context
08:05:03.646 [main] DEBUG com.github.dockerjava.zerodep.shaded.org.apache.hc.client5.http.impl.classic.ProtocolExec -- ex-00000021: target auth state: UNCHALLENGED
08:05:03.646 [main] DEBUG com.github.dockerjava.zerodep.shaded.org.apache.hc.client5.http.impl.classic.ProtocolExec -- ex-00000021: proxy auth state: UNCHALLENGED
08:05:03.646 [main] DEBUG com.github.dockerjava.zerodep.shaded.org.apache.hc.client5.http.impl.classic.ConnectExec -- ex-00000021: acquiring connection with route {}->npipe://localhost:2375
08:05:03.646 [main] DEBUG com.github.dockerjava.zerodep.shaded.org.apache.hc.client5.http.impl.classic.InternalHttpClient -- ex-00000021: acquiring endpoint (3 MINUTES)
08:05:03.647 [main] DEBUG com.github.dockerjava.zerodep.shaded.org.apache.hc.client5.http.impl.io.PoolingHttpClientConnectionManager -- ex-00000021: endpoint lease request (3 MINUTES) [route: {}->npipe://localhost:2375][total available: 1; route allocated: 1 of 2147483647; total allocated: 1 of 2147483647]
08:05:03.647 [main] DEBUG com.github.dockerjava.zerodep.shaded.org.apache.hc.client5.http.impl.io.PoolingHttpClientConnectionManager -- ex-00000021: endpoint leased [route: {}->npipe://localhost:2375][total available: 0; route allocated: 1 of 2147483647; total allocated: 1 of 2147483647]
08:05:03.647 [main] DEBUG com.github.dockerjava.zerodep.shaded.org.apache.hc.client5.http.impl.io.PoolingHttpClientConnectionManager -- ex-00000021: acquired ep-00000020
08:05:03.647 [main] DEBUG com.github.dockerjava.zerodep.shaded.org.apache.hc.client5.http.impl.classic.InternalHttpClient -- ex-00000021: acquired endpoint ep-00000020
08:05:03.648 [main] DEBUG com.github.dockerjava.zerodep.shaded.org.apache.hc.client5.http.impl.classic.MainClientExec -- ex-00000021: executing POST /v1.32/containers/3aabc60e6494b6354e6bbe95b9fc51055c9e9c6ef5bb0292a702406b6c2c92a6/kill HTTP/1.1
08:05:03.648 [main] DEBUG com.github.dockerjava.zerodep.shaded.org.apache.hc.client5.http.impl.classic.InternalHttpClient -- ep-00000020: start execution ex-00000021
08:05:03.648 [main] DEBUG com.github.dockerjava.zerodep.shaded.org.apache.hc.client5.http.impl.io.PoolingHttpClientConnectionManager -- ep-00000020: executing exchange ex-00000021 over http-outgoing-2
08:05:03.648 [main] DEBUG com.github.dockerjava.zerodep.shaded.org.apache.hc.client5.http.headers -- http-outgoing-2 >> POST /v1.32/containers/3aabc60e6494b6354e6bbe95b9fc51055c9e9c6ef5bb0292a702406b6c2c92a6/kill HTTP/1.1
08:05:03.648 [main] DEBUG com.github.dockerjava.zerodep.shaded.org.apache.hc.client5.http.headers -- http-outgoing-2 >> accept: application/json
08:05:03.648 [main] DEBUG com.github.dockerjava.zerodep.shaded.org.apache.hc.client5.http.headers -- http-outgoing-2 >> content-type: application/json
08:05:03.648 [main] DEBUG com.github.dockerjava.zerodep.shaded.org.apache.hc.client5.http.headers -- http-outgoing-2 >> x-tc-sid: 3e81ff38-c5d8-46ef-80ba-8fe8bfdd672a
08:05:03.648 [main] DEBUG com.github.dockerjava.zerodep.shaded.org.apache.hc.client5.http.headers -- http-outgoing-2 >> User-Agent: tc-java/1.19.3
08:05:03.648 [main] DEBUG com.github.dockerjava.zerodep.shaded.org.apache.hc.client5.http.headers -- http-outgoing-2 >> Accept-Encoding: gzip, x-gzip, deflate
08:05:03.648 [main] DEBUG com.github.dockerjava.zerodep.shaded.org.apache.hc.client5.http.headers -- http-outgoing-2 >> Host: localhost:2375
08:05:03.648 [main] DEBUG com.github.dockerjava.zerodep.shaded.org.apache.hc.client5.http.headers -- http-outgoing-2 >> Connection: keep-alive
08:05:03.648 [main] DEBUG com.github.dockerjava.zerodep.shaded.org.apache.hc.client5.http.wire -- http-outgoing-2 >> "POST /v1.32/containers/3aabc60e6494b6354e6bbe95b9fc51055c9e9c6ef5bb0292a702406b6c2c92a6/kill HTTP/1.1[\r][\n]"
08:05:03.648 [main] DEBUG com.github.dockerjava.zerodep.shaded.org.apache.hc.client5.http.wire -- http-outgoing-2 >> "accept: application/json[\r][\n]"
08:05:03.648 [main] DEBUG com.github.dockerjava.zerodep.shaded.org.apache.hc.client5.http.wire -- http-outgoing-2 >> "content-type: application/json[\r][\n]"
08:05:03.648 [main] DEBUG com.github.dockerjava.zerodep.shaded.org.apache.hc.client5.http.wire -- http-outgoing-2 >> "x-tc-sid: 3e81ff38-c5d8-46ef-80ba-8fe8bfdd672a[\r][\n]"
08:05:03.648 [main] DEBUG com.github.dockerjava.zerodep.shaded.org.apache.hc.client5.http.wire -- http-outgoing-2 >> "User-Agent: tc-java/1.19.3[\r][\n]"
08:05:03.648 [main] DEBUG com.github.dockerjava.zerodep.shaded.org.apache.hc.client5.http.wire -- http-outgoing-2 >> "Accept-Encoding: gzip, x-gzip, deflate[\r][\n]"
08:05:03.648 [main] DEBUG com.github.dockerjava.zerodep.shaded.org.apache.hc.client5.http.wire -- http-outgoing-2 >> "Host: localhost:2375[\r][\n]"
08:05:03.648 [main] DEBUG com.github.dockerjava.zerodep.shaded.org.apache.hc.client5.http.wire -- http-outgoing-2 >> "Connection: keep-alive[\r][\n]"
08:05:03.648 [main] DEBUG com.github.dockerjava.zerodep.shaded.org.apache.hc.client5.http.wire -- http-outgoing-2 >> "[\r][\n]"
08:05:04.082 [main] DEBUG com.github.dockerjava.zerodep.shaded.org.apache.hc.client5.http.wire -- http-outgoing-2 << "HTTP/1.1 204 No Content[\r][\n]"
08:05:04.082 [main] DEBUG com.github.dockerjava.zerodep.shaded.org.apache.hc.client5.http.wire -- http-outgoing-2 << "Api-Version: 1.47[\r][\n]"
08:05:04.082 [main] DEBUG com.github.dockerjava.zerodep.shaded.org.apache.hc.client5.http.wire -- http-outgoing-2 << "Date: Fri, 02 May 2025 06:05:04 GMT[\r][\n]"
08:05:04.082 [main] DEBUG com.github.dockerjava.zerodep.shaded.org.apache.hc.client5.http.wire -- http-outgoing-2 << "Docker-Experimental: false[\r][\n]"
08:05:04.082 [main] DEBUG com.github.dockerjava.zerodep.shaded.org.apache.hc.client5.http.wire -- http-outgoing-2 << "Ostype: linux[\r][\n]"
08:05:04.082 [main] DEBUG com.github.dockerjava.zerodep.shaded.org.apache.hc.client5.http.wire -- http-outgoing-2 << "Server: Docker/27.5.1 (linux)[\r][\n]"
08:05:04.082 [main] DEBUG com.github.dockerjava.zerodep.shaded.org.apache.hc.client5.http.wire -- http-outgoing-2 << "[\r][\n]"
08:05:04.082 [main] DEBUG com.github.dockerjava.zerodep.shaded.org.apache.hc.client5.http.headers -- http-outgoing-2 << HTTP/1.1 204 No Content
08:05:04.082 [main] DEBUG com.github.dockerjava.zerodep.shaded.org.apache.hc.client5.http.headers -- http-outgoing-2 << Api-Version: 1.47
08:05:04.083 [main] DEBUG com.github.dockerjava.zerodep.shaded.org.apache.hc.client5.http.headers -- http-outgoing-2 << Date: Fri, 02 May 2025 06:05:04 GMT
08:05:04.083 [main] DEBUG com.github.dockerjava.zerodep.shaded.org.apache.hc.client5.http.headers -- http-outgoing-2 << Docker-Experimental: false
08:05:04.083 [main] DEBUG com.github.dockerjava.zerodep.shaded.org.apache.hc.client5.http.headers -- http-outgoing-2 << Ostype: linux
08:05:04.083 [main] DEBUG com.github.dockerjava.zerodep.shaded.org.apache.hc.client5.http.headers -- http-outgoing-2 << Server: Docker/27.5.1 (linux)
08:05:04.083 [main] DEBUG com.github.dockerjava.zerodep.shaded.org.apache.hc.client5.http.impl.classic.MainClientExec -- ex-00000021: connection can be kept alive for 3 MINUTES
08:05:04.083 [main] DEBUG com.github.dockerjava.zerodep.shaded.org.apache.hc.client5.http.impl.classic.InternalHttpClient -- ep-00000020: releasing valid endpoint
08:05:04.083 [main] DEBUG com.github.dockerjava.zerodep.shaded.org.apache.hc.client5.http.impl.io.PoolingHttpClientConnectionManager -- ep-00000020: releasing endpoint
08:05:04.083 [main] DEBUG com.github.dockerjava.zerodep.shaded.org.apache.hc.client5.http.impl.io.PoolingHttpClientConnectionManager -- ep-00000020: connection http-outgoing-2 can be kept alive for 3 MINUTES
08:05:04.083 [main] DEBUG com.github.dockerjava.zerodep.shaded.org.apache.hc.client5.http.impl.io.PoolingHttpClientConnectionManager -- ep-00000020: connection released [route: {}->npipe://localhost:2375][total available: 1; route allocated: 1 of 2147483647; total allocated: 1 of 2147483647]
08:05:04.083 [main] DEBUG org.testcontainers.shaded.com.github.dockerjava.core.command.AbstrDockerCmd -- Cmd: 3aabc60e6494b6354e6bbe95b9fc51055c9e9c6ef5bb0292a702406b6c2c92a6,false
08:05:04.083 [main] DEBUG org.testcontainers.shaded.com.github.dockerjava.core.exec.InspectContainerCmdExec -- GET: DefaultWebTarget{path=[/containers/3aabc60e6494b6354e6bbe95b9fc51055c9e9c6ef5bb0292a702406b6c2c92a6/json], queryParams={}}
08:05:04.084 [main] DEBUG com.github.dockerjava.zerodep.shaded.org.apache.hc.client5.http.impl.classic.InternalHttpClient -- ex-00000022: preparing request execution
08:05:04.084 [main] DEBUG com.github.dockerjava.zerodep.shaded.org.apache.hc.client5.http.protocol.RequestAddCookies -- Cookie spec selected: strict
08:05:04.084 [main] DEBUG com.github.dockerjava.zerodep.shaded.org.apache.hc.client5.http.protocol.RequestAuthCache -- Auth cache not set in the context
08:05:04.084 [main] DEBUG com.github.dockerjava.zerodep.shaded.org.apache.hc.client5.http.impl.classic.ProtocolExec -- ex-00000022: target auth state: UNCHALLENGED
08:05:04.084 [main] DEBUG com.github.dockerjava.zerodep.shaded.org.apache.hc.client5.http.impl.classic.ProtocolExec -- ex-00000022: proxy auth state: UNCHALLENGED
08:05:04.084 [main] DEBUG com.github.dockerjava.zerodep.shaded.org.apache.hc.client5.http.impl.classic.ConnectExec -- ex-00000022: acquiring connection with route {}->npipe://localhost:2375
08:05:04.084 [main] DEBUG com.github.dockerjava.zerodep.shaded.org.apache.hc.client5.http.impl.classic.InternalHttpClient -- ex-00000022: acquiring endpoint (3 MINUTES)
08:05:04.084 [main] DEBUG com.github.dockerjava.zerodep.shaded.org.apache.hc.client5.http.impl.io.PoolingHttpClientConnectionManager -- ex-00000022: endpoint lease request (3 MINUTES) [route: {}->npipe://localhost:2375][total available: 1; route allocated: 1 of 2147483647; total allocated: 1 of 2147483647]
08:05:04.084 [main] DEBUG com.github.dockerjava.zerodep.shaded.org.apache.hc.client5.http.impl.io.PoolingHttpClientConnectionManager -- ex-00000022: endpoint leased [route: {}->npipe://localhost:2375][total available: 0; route allocated: 1 of 2147483647; total allocated: 1 of 2147483647]
08:05:04.084 [main] DEBUG com.github.dockerjava.zerodep.shaded.org.apache.hc.client5.http.impl.io.PoolingHttpClientConnectionManager -- ex-00000022: acquired ep-00000021
08:05:04.084 [main] DEBUG com.github.dockerjava.zerodep.shaded.org.apache.hc.client5.http.impl.classic.InternalHttpClient -- ex-00000022: acquired endpoint ep-00000021
08:05:04.084 [main] DEBUG com.github.dockerjava.zerodep.shaded.org.apache.hc.client5.http.impl.classic.MainClientExec -- ex-00000022: executing GET /v1.32/containers/3aabc60e6494b6354e6bbe95b9fc51055c9e9c6ef5bb0292a702406b6c2c92a6/json HTTP/1.1
08:05:04.084 [main] DEBUG com.github.dockerjava.zerodep.shaded.org.apache.hc.client5.http.impl.classic.InternalHttpClient -- ep-00000021: start execution ex-00000022
08:05:04.084 [main] DEBUG com.github.dockerjava.zerodep.shaded.org.apache.hc.client5.http.impl.io.PoolingHttpClientConnectionManager -- ep-00000021: executing exchange ex-00000022 over http-outgoing-2
08:05:04.084 [main] DEBUG com.github.dockerjava.zerodep.shaded.org.apache.hc.client5.http.headers -- http-outgoing-2 >> GET /v1.32/containers/3aabc60e6494b6354e6bbe95b9fc51055c9e9c6ef5bb0292a702406b6c2c92a6/json HTTP/1.1
08:05:04.084 [main] DEBUG com.github.dockerjava.zerodep.shaded.org.apache.hc.client5.http.headers -- http-outgoing-2 >> accept: application/json
08:05:04.084 [main] DEBUG com.github.dockerjava.zerodep.shaded.org.apache.hc.client5.http.headers -- http-outgoing-2 >> x-tc-sid: 3e81ff38-c5d8-46ef-80ba-8fe8bfdd672a
08:05:04.084 [main] DEBUG com.github.dockerjava.zerodep.shaded.org.apache.hc.client5.http.headers -- http-outgoing-2 >> User-Agent: tc-java/1.19.3
08:05:04.084 [main] DEBUG com.github.dockerjava.zerodep.shaded.org.apache.hc.client5.http.headers -- http-outgoing-2 >> Accept-Encoding: gzip, x-gzip, deflate
08:05:04.084 [main] DEBUG com.github.dockerjava.zerodep.shaded.org.apache.hc.client5.http.headers -- http-outgoing-2 >> Host: localhost:2375
08:05:04.084 [main] DEBUG com.github.dockerjava.zerodep.shaded.org.apache.hc.client5.http.headers -- http-outgoing-2 >> Connection: keep-alive
08:05:04.084 [main] DEBUG com.github.dockerjava.zerodep.shaded.org.apache.hc.client5.http.wire -- http-outgoing-2 >> "GET /v1.32/containers/3aabc60e6494b6354e6bbe95b9fc51055c9e9c6ef5bb0292a702406b6c2c92a6/json HTTP/1.1[\r][\n]"
08:05:04.084 [main] DEBUG com.github.dockerjava.zerodep.shaded.org.apache.hc.client5.http.wire -- http-outgoing-2 >> "accept: application/json[\r][\n]"
08:05:04.084 [main] DEBUG com.github.dockerjava.zerodep.shaded.org.apache.hc.client5.http.wire -- http-outgoing-2 >> "x-tc-sid: 3e81ff38-c5d8-46ef-80ba-8fe8bfdd672a[\r][\n]"
08:05:04.084 [main] DEBUG com.github.dockerjava.zerodep.shaded.org.apache.hc.client5.http.wire -- http-outgoing-2 >> "User-Agent: tc-java/1.19.3[\r][\n]"
08:05:04.084 [main] DEBUG com.github.dockerjava.zerodep.shaded.org.apache.hc.client5.http.wire -- http-outgoing-2 >> "Accept-Encoding: gzip, x-gzip, deflate[\r][\n]"
08:05:04.084 [main] DEBUG com.github.dockerjava.zerodep.shaded.org.apache.hc.client5.http.wire -- http-outgoing-2 >> "Host: localhost:2375[\r][\n]"
08:05:04.084 [main] DEBUG com.github.dockerjava.zerodep.shaded.org.apache.hc.client5.http.wire -- http-outgoing-2 >> "Connection: keep-alive[\r][\n]"
08:05:04.084 [main] DEBUG com.github.dockerjava.zerodep.shaded.org.apache.hc.client5.http.wire -- http-outgoing-2 >> "[\r][\n]"
08:05:04.090 [main] DEBUG com.github.dockerjava.zerodep.shaded.org.apache.hc.client5.http.wire -- http-outgoing-2 << "HTTP/1.1 200 OK[\r][\n]"
08:05:04.090 [main] DEBUG com.github.dockerjava.zerodep.shaded.org.apache.hc.client5.http.wire -- http-outgoing-2 << "Api-Version: 1.47[\r][\n]"
08:05:04.090 [main] DEBUG com.github.dockerjava.zerodep.shaded.org.apache.hc.client5.http.wire -- http-outgoing-2 << "Content-Type: application/json[\r][\n]"
08:05:04.090 [main] DEBUG com.github.dockerjava.zerodep.shaded.org.apache.hc.client5.http.wire -- http-outgoing-2 << "Date: Fri, 02 May 2025 06:05:04 GMT[\r][\n]"
08:05:04.090 [main] DEBUG com.github.dockerjava.zerodep.shaded.org.apache.hc.client5.http.wire -- http-outgoing-2 << "Docker-Experimental: false[\r][\n]"
08:05:04.090 [main] DEBUG com.github.dockerjava.zerodep.shaded.org.apache.hc.client5.http.wire -- http-outgoing-2 << "Ostype: linux[\r][\n]"
08:05:04.090 [main] DEBUG com.github.dockerjava.zerodep.shaded.org.apache.hc.client5.http.wire -- http-outgoing-2 << "Server: Docker/27.5.1 (linux)[\r][\n]"
08:05:04.090 [main] DEBUG com.github.dockerjava.zerodep.shaded.org.apache.hc.client5.http.wire -- http-outgoing-2 << "Transfer-Encoding: chunked[\r][\n]"
08:05:04.090 [main] DEBUG com.github.dockerjava.zerodep.shaded.org.apache.hc.client5.http.wire -- http-outgoing-2 << "[\r][\n]"
08:05:04.091 [main] DEBUG com.github.dockerjava.zerodep.shaded.org.apache.hc.client5.http.headers -- http-outgoing-2 << HTTP/1.1 200 OK
08:05:04.091 [main] DEBUG com.github.dockerjava.zerodep.shaded.org.apache.hc.client5.http.headers -- http-outgoing-2 << Api-Version: 1.47
08:05:04.091 [main] DEBUG com.github.dockerjava.zerodep.shaded.org.apache.hc.client5.http.headers -- http-outgoing-2 << Content-Type: application/json
08:05:04.091 [main] DEBUG com.github.dockerjava.zerodep.shaded.org.apache.hc.client5.http.headers -- http-outgoing-2 << Date: Fri, 02 May 2025 06:05:04 GMT
08:05:04.091 [main] DEBUG com.github.dockerjava.zerodep.shaded.org.apache.hc.client5.http.headers -- http-outgoing-2 << Docker-Experimental: false
08:05:04.091 [main] DEBUG com.github.dockerjava.zerodep.shaded.org.apache.hc.client5.http.headers -- http-outgoing-2 << Ostype: linux
08:05:04.091 [main] DEBUG com.github.dockerjava.zerodep.shaded.org.apache.hc.client5.http.headers -- http-outgoing-2 << Server: Docker/27.5.1 (linux)
08:05:04.091 [main] DEBUG com.github.dockerjava.zerodep.shaded.org.apache.hc.client5.http.headers -- http-outgoing-2 << Transfer-Encoding: chunked
08:05:04.091 [main] DEBUG com.github.dockerjava.zerodep.shaded.org.apache.hc.client5.http.impl.classic.MainClientExec -- ex-00000022: connection can be kept alive for 3 MINUTES
08:05:04.092 [main] DEBUG com.github.dockerjava.zerodep.shaded.org.apache.hc.client5.http.wire -- http-outgoing-2 << "11b5[\r][\n]"
08:05:04.092 [main] DEBUG com.github.dockerjava.zerodep.shaded.org.apache.hc.client5.http.wire -- http-outgoing-2 << "{"Id":"3aabc60e6494b6354e6bbe95b9fc51055c9e9c6ef5bb0292a702406b6c2c92a6","Created":"2025-05-02T06:04:56.311459068Z","Path":"/bin/sh","Args":["-c","echo 'c2VjcmV0' | base64 -d \u003e /vnc_password \u0026\u0026 flvrec.py -o /screen.flv -d -r 30 -P /vnc_password tc-oMUVLb15 5900"],"State":{"Status":"exited","Running":false,"Paused":false,"Restarting":false,"OOMKilled":false,"Dead":false,"Pid":0,"ExitCode":137,"Error":"","StartedAt":"2025-05-02T06:04:56.470660993Z","FinishedAt":"2025-05-02T06:05:03.689040499Z"},"Image":"sha256:97fba4daa01bdb900a0716e48765e32c39e26d9357522a5b6004da7799f0822e","ResolvConfPath":"/var/lib/docker/containers/3aabc60e6494b6354e6bbe95b9fc51055c9e9c6ef5bb0292a702406b6c2c92a6/resolv.conf","HostnamePath":"/var/lib/docker/containers/3aabc60e6494b6354e6bbe95b9fc51055c9e9c6ef5bb0292a702406b6c2c92a6/hostname","HostsPath":"/var/lib/docker/containers/3aabc60e6494b6354e6bbe95b9fc51055c9e9c6ef5bb0292a702406b6c2c92a6/hosts","LogPath":"/var/lib/docker/containers/3aabc60e6494b6354e6bbe95b9fc51055c9e9c6ef5bb0292a702406b6c2c92a6/3aabc60e6494b6354e6bbe95b9fc51055c9e9c6ef5bb0292a702406b6c2c92a6-json.log","Name":"/amazing_carson","RestartCount":0,"Driver":"overlayfs","Platform":"linux","MountLabel":"","ProcessLabel":"","AppArmorProfile":"","ExecIDs":null,"HostConfig":{"Binds":[],"ContainerIDFile":"","LogConfig":{"Type":"json-file","Config":{}},"NetworkMode":"b704b6e8f8077f8578449cf0c6e98e04e9e3eea75c6ef53aba4dbe1e0b306329","PortBindings":{},"RestartPolicy":{"Name":"no","MaximumRetryCount":0},"AutoRemove":false,"VolumeDriver":"","VolumesFrom":[],"ConsoleSize":[0,0],"CapAdd":null,"CapDrop":null,"CgroupnsMode":"host","Dns":null,"DnsOptions":null,"DnsSearch":null,"ExtraHosts":[],"GroupAdd":null,"IpcMode":"shareable","Cgroup":"","Links":null,"OomScoreAdj":0,"PidMode":"","Privileged":false,"PublishAllPorts":false,"ReadonlyRootfs":false,"SecurityOpt":null,"UTSMode":"","UsernsMode":"","ShmSize":67108864,"Runtime":"runc","Isolation":"","CpuShares":0,"Memory":0,"NanoCpus":0,"CgroupParent":"","BlkioWeight":0,"BlkioWeightDevice":null,"BlkioDeviceReadBps":null,"BlkioDeviceWriteBps":null,"BlkioDeviceReadIOps":null,"BlkioDeviceWriteIOps":null,"CpuPeriod":0,"CpuQuota":0,"CpuRealtimePeriod":0,"CpuRealtimeRuntime":0,"CpusetCpus":"","CpusetMems":"","Devices":null,"DeviceCgroupRules":null,"DeviceRequests":null,"MemoryReservation":0,"MemorySwap":0,"MemorySwappiness":null,"OomKillDisable":false,"PidsLimit":null,"Ulimits":null,"CpuCount":0,"CpuPercent":0,"IOMaximumIOps":0,"IOMaximumBandwidth":0,"MaskedPaths":["/proc/asound","/proc/acpi","/proc/kcore","/proc/keys","/proc/latency_stats","/proc/timer_list","/proc/timer_stats","/proc/sched_debug","/proc/scsi","/sys/firmware","/sys/devices/virtual/powercap"],"ReadonlyPaths":["/proc/bus","/proc/fs","/proc/irq","/proc/sys","/proc/sysrq-trigger"]},"GraphDriver":{"Data":null,"Name":"overlayfs"},"Mounts":[],"Config":{"Hostname":"3aabc60e6494","Domainname":"","User":"","AttachStdin":false,"AttachStdout":false,"AttachStderr":false,"Tty":false,"OpenStdin":false,"StdinOnce":false,"Env":["PATH=/usr/local/sbin:/usr/local/bin:/usr/sbin:/usr/bin:/sbin:/bin"],"Cmd":["-c","echo 'c2VjcmV0' | base64 -d \u003e /vnc_password \u0026\u0026 flvrec.py -o /screen.flv -d -r 30 -P /vnc_password tc-oMUVLb15 5900"],"Image":"testcontainers/vnc-recorder:1.3.0","Volumes":null,"WorkingDir":"","Entrypoint":["/bin/sh"],"OnBuild":null,"Labels":{"Description":"This image can be used to create a sidekick container for recording videos of VNC sessions hosted in other containers","maintainer":"Richard North \u003crich.north@gmail.com\u003e","org.testcontainers":"true","org.testcontainers.lang":"java","org.testcontainers.sessionId":"3e81ff38-c5d8-46ef-80ba-8fe8bfdd672a","org.testcontainers.version":"1.19.3"}},"NetworkSettings":{"Bridge":"","SandboxID":"","SandboxKey":"","Ports":{},"HairpinMode":false,"LinkLocalIPv6Address":"","LinkLocalIPv6PrefixLen":0,"SecondaryIPAddresses":null,"SecondaryIPv6Addresses":null,"EndpointID":"","Gateway":"","GlobalIPv6Address":"","GlobalIPv6PrefixLen":0,"IPAddress":"","IPPrefixLen":0,"IPv6Gateway":"
08:05:04.093 [main] DEBUG com.github.dockerjava.zerodep.shaded.org.apache.hc.client5.http.wire -- http-outgoing-2 << ""","MacAddress":"","Networks":{"dd79b24f-5dea-4620-b1e4-b05cb2db2118":{"IPAMConfig":null,"Links":null,"Aliases":["tc-wKrHECQZ","3aabc60e6494"],"MacAddress":"","DriverOpts":null,"NetworkID":"b704b6e8f8077f8578449cf0c6e98e04e9e3eea75c6ef53aba4dbe1e0b306329","EndpointID":"","Gateway":"","IPAddress":"","IPPrefixLen":0,"IPv6Gateway":"","GlobalIPv6Address":"","GlobalIPv6PrefixLen":0,"DNSNames":["amazing_carson","tc-wKrHECQZ","3aabc60e6494"]}}}}[\n]"
08:05:04.093 [main] DEBUG com.github.dockerjava.zerodep.shaded.org.apache.hc.client5.http.wire -- http-outgoing-2 << "[\r][\n]"
08:05:04.093 [main] DEBUG com.github.dockerjava.zerodep.shaded.org.apache.hc.client5.http.wire -- http-outgoing-2 << "0[\r][\n]"
08:05:04.093 [main] DEBUG com.github.dockerjava.zerodep.shaded.org.apache.hc.client5.http.wire -- http-outgoing-2 << "[\r][\n]"
08:05:04.094 [main] DEBUG com.github.dockerjava.zerodep.shaded.org.apache.hc.client5.http.impl.classic.InternalHttpClient -- ep-00000021: releasing valid endpoint
08:05:04.094 [main] DEBUG com.github.dockerjava.zerodep.shaded.org.apache.hc.client5.http.impl.io.PoolingHttpClientConnectionManager -- ep-00000021: releasing endpoint
08:05:04.094 [main] DEBUG com.github.dockerjava.zerodep.shaded.org.apache.hc.client5.http.impl.io.PoolingHttpClientConnectionManager -- ep-00000021: connection http-outgoing-2 can be kept alive for 3 MINUTES
08:05:04.094 [main] DEBUG com.github.dockerjava.zerodep.shaded.org.apache.hc.client5.http.impl.io.PoolingHttpClientConnectionManager -- ep-00000021: connection released [route: {}->npipe://localhost:2375][total available: 1; route allocated: 1 of 2147483647; total allocated: 1 of 2147483647]
08:05:04.096 [main] DEBUG org.testcontainers.shaded.com.github.dockerjava.core.command.AbstrDockerCmd -- Cmd: 3aabc60e6494b6354e6bbe95b9fc51055c9e9c6ef5bb0292a702406b6c2c92a6,true,true
08:05:04.097 [main] DEBUG com.github.dockerjava.zerodep.shaded.org.apache.hc.client5.http.impl.classic.InternalHttpClient -- ex-00000023: preparing request execution
08:05:04.097 [main] DEBUG com.github.dockerjava.zerodep.shaded.org.apache.hc.client5.http.protocol.RequestAddCookies -- Cookie spec selected: strict
08:05:04.097 [main] DEBUG com.github.dockerjava.zerodep.shaded.org.apache.hc.client5.http.protocol.RequestAuthCache -- Auth cache not set in the context
08:05:04.097 [main] DEBUG com.github.dockerjava.zerodep.shaded.org.apache.hc.client5.http.impl.classic.ProtocolExec -- ex-00000023: target auth state: UNCHALLENGED
08:05:04.097 [main] DEBUG com.github.dockerjava.zerodep.shaded.org.apache.hc.client5.http.impl.classic.ProtocolExec -- ex-00000023: proxy auth state: UNCHALLENGED
08:05:04.097 [main] DEBUG com.github.dockerjava.zerodep.shaded.org.apache.hc.client5.http.impl.classic.ConnectExec -- ex-00000023: acquiring connection with route {}->npipe://localhost:2375
08:05:04.097 [main] DEBUG com.github.dockerjava.zerodep.shaded.org.apache.hc.client5.http.impl.classic.InternalHttpClient -- ex-00000023: acquiring endpoint (3 MINUTES)
08:05:04.097 [main] DEBUG com.github.dockerjava.zerodep.shaded.org.apache.hc.client5.http.impl.io.PoolingHttpClientConnectionManager -- ex-00000023: endpoint lease request (3 MINUTES) [route: {}->npipe://localhost:2375][total available: 1; route allocated: 1 of 2147483647; total allocated: 1 of 2147483647]
08:05:04.097 [main] DEBUG com.github.dockerjava.zerodep.shaded.org.apache.hc.client5.http.impl.io.PoolingHttpClientConnectionManager -- ex-00000023: endpoint leased [route: {}->npipe://localhost:2375][total available: 0; route allocated: 1 of 2147483647; total allocated: 1 of 2147483647]
08:05:04.097 [main] DEBUG com.github.dockerjava.zerodep.shaded.org.apache.hc.client5.http.impl.io.PoolingHttpClientConnectionManager -- ex-00000023: acquired ep-00000022
08:05:04.097 [main] DEBUG com.github.dockerjava.zerodep.shaded.org.apache.hc.client5.http.impl.classic.InternalHttpClient -- ex-00000023: acquired endpoint ep-00000022
08:05:04.097 [main] DEBUG com.github.dockerjava.zerodep.shaded.org.apache.hc.client5.http.impl.classic.MainClientExec -- ex-00000023: executing DELETE /v1.32/containers/3aabc60e6494b6354e6bbe95b9fc51055c9e9c6ef5bb0292a702406b6c2c92a6?v=true&force=true HTTP/1.1
08:05:04.097 [main] DEBUG com.github.dockerjava.zerodep.shaded.org.apache.hc.client5.http.impl.classic.InternalHttpClient -- ep-00000022: start execution ex-00000023
08:05:04.097 [main] DEBUG com.github.dockerjava.zerodep.shaded.org.apache.hc.client5.http.impl.io.PoolingHttpClientConnectionManager -- ep-00000022: executing exchange ex-00000023 over http-outgoing-2
08:05:04.097 [main] DEBUG com.github.dockerjava.zerodep.shaded.org.apache.hc.client5.http.headers -- http-outgoing-2 >> DELETE /v1.32/containers/3aabc60e6494b6354e6bbe95b9fc51055c9e9c6ef5bb0292a702406b6c2c92a6?v=true&force=true HTTP/1.1
08:05:04.098 [main] DEBUG com.github.dockerjava.zerodep.shaded.org.apache.hc.client5.http.headers -- http-outgoing-2 >> accept: application/json
08:05:04.098 [main] DEBUG com.github.dockerjava.zerodep.shaded.org.apache.hc.client5.http.headers -- http-outgoing-2 >> x-tc-sid: 3e81ff38-c5d8-46ef-80ba-8fe8bfdd672a
08:05:04.098 [main] DEBUG com.github.dockerjava.zerodep.shaded.org.apache.hc.client5.http.headers -- http-outgoing-2 >> User-Agent: tc-java/1.19.3
08:05:04.098 [main] DEBUG com.github.dockerjava.zerodep.shaded.org.apache.hc.client5.http.headers -- http-outgoing-2 >> Accept-Encoding: gzip, x-gzip, deflate
08:05:04.098 [main] DEBUG com.github.dockerjava.zerodep.shaded.org.apache.hc.client5.http.headers -- http-outgoing-2 >> Host: localhost:2375
08:05:04.098 [main] DEBUG com.github.dockerjava.zerodep.shaded.org.apache.hc.client5.http.headers -- http-outgoing-2 >> Connection: keep-alive
08:05:04.098 [main] DEBUG com.github.dockerjava.zerodep.shaded.org.apache.hc.client5.http.wire -- http-outgoing-2 >> "DELETE /v1.32/containers/3aabc60e6494b6354e6bbe95b9fc51055c9e9c6ef5bb0292a702406b6c2c92a6?v=true&force=true HTTP/1.1[\r][\n]"
08:05:04.098 [main] DEBUG com.github.dockerjava.zerodep.shaded.org.apache.hc.client5.http.wire -- http-outgoing-2 >> "accept: application/json[\r][\n]"
08:05:04.098 [main] DEBUG com.github.dockerjava.zerodep.shaded.org.apache.hc.client5.http.wire -- http-outgoing-2 >> "x-tc-sid: 3e81ff38-c5d8-46ef-80ba-8fe8bfdd672a[\r][\n]"
08:05:04.098 [main] DEBUG com.github.dockerjava.zerodep.shaded.org.apache.hc.client5.http.wire -- http-outgoing-2 >> "User-Agent: tc-java/1.19.3[\r][\n]"
08:05:04.098 [main] DEBUG com.github.dockerjava.zerodep.shaded.org.apache.hc.client5.http.wire -- http-outgoing-2 >> "Accept-Encoding: gzip, x-gzip, deflate[\r][\n]"
08:05:04.098 [main] DEBUG com.github.dockerjava.zerodep.shaded.org.apache.hc.client5.http.wire -- http-outgoing-2 >> "Host: localhost:2375[\r][\n]"
08:05:04.098 [main] DEBUG com.github.dockerjava.zerodep.shaded.org.apache.hc.client5.http.wire -- http-outgoing-2 >> "Connection: keep-alive[\r][\n]"
08:05:04.098 [main] DEBUG com.github.dockerjava.zerodep.shaded.org.apache.hc.client5.http.wire -- http-outgoing-2 >> "[\r][\n]"
08:05:04.139 [main] DEBUG com.github.dockerjava.zerodep.shaded.org.apache.hc.client5.http.wire -- http-outgoing-2 << "HTTP/1.1 204 No Content[\r][\n]"
08:05:04.139 [main] DEBUG com.github.dockerjava.zerodep.shaded.org.apache.hc.client5.http.wire -- http-outgoing-2 << "Api-Version: 1.47[\r][\n]"
08:05:04.139 [main] DEBUG com.github.dockerjava.zerodep.shaded.org.apache.hc.client5.http.wire -- http-outgoing-2 << "Date: Fri, 02 May 2025 06:05:04 GMT[\r][\n]"
08:05:04.139 [main] DEBUG com.github.dockerjava.zerodep.shaded.org.apache.hc.client5.http.wire -- http-outgoing-2 << "Docker-Experimental: false[\r][\n]"
08:05:04.139 [main] DEBUG com.github.dockerjava.zerodep.shaded.org.apache.hc.client5.http.wire -- http-outgoing-2 << "Ostype: linux[\r][\n]"
08:05:04.139 [main] DEBUG com.github.dockerjava.zerodep.shaded.org.apache.hc.client5.http.wire -- http-outgoing-2 << "Server: Docker/27.5.1 (linux)[\r][\n]"
08:05:04.139 [main] DEBUG com.github.dockerjava.zerodep.shaded.org.apache.hc.client5.http.wire -- http-outgoing-2 << "[\r][\n]"
08:05:04.139 [main] DEBUG com.github.dockerjava.zerodep.shaded.org.apache.hc.client5.http.headers -- http-outgoing-2 << HTTP/1.1 204 No Content
08:05:04.139 [main] DEBUG com.github.dockerjava.zerodep.shaded.org.apache.hc.client5.http.headers -- http-outgoing-2 << Api-Version: 1.47
08:05:04.139 [main] DEBUG com.github.dockerjava.zerodep.shaded.org.apache.hc.client5.http.headers -- http-outgoing-2 << Date: Fri, 02 May 2025 06:05:04 GMT
08:05:04.139 [main] DEBUG com.github.dockerjava.zerodep.shaded.org.apache.hc.client5.http.headers -- http-outgoing-2 << Docker-Experimental: false
08:05:04.139 [main] DEBUG com.github.dockerjava.zerodep.shaded.org.apache.hc.client5.http.headers -- http-outgoing-2 << Ostype: linux
08:05:04.139 [main] DEBUG com.github.dockerjava.zerodep.shaded.org.apache.hc.client5.http.headers -- http-outgoing-2 << Server: Docker/27.5.1 (linux)
08:05:04.139 [main] DEBUG com.github.dockerjava.zerodep.shaded.org.apache.hc.client5.http.impl.classic.MainClientExec -- ex-00000023: connection can be kept alive for 3 MINUTES
08:05:04.139 [main] DEBUG com.github.dockerjava.zerodep.shaded.org.apache.hc.client5.http.impl.classic.InternalHttpClient -- ep-00000022: releasing valid endpoint
08:05:04.139 [main] DEBUG com.github.dockerjava.zerodep.shaded.org.apache.hc.client5.http.impl.io.PoolingHttpClientConnectionManager -- ep-00000022: releasing endpoint
08:05:04.139 [main] DEBUG com.github.dockerjava.zerodep.shaded.org.apache.hc.client5.http.impl.io.PoolingHttpClientConnectionManager -- ep-00000022: connection http-outgoing-2 can be kept alive for 3 MINUTES
08:05:04.139 [main] DEBUG com.github.dockerjava.zerodep.shaded.org.apache.hc.client5.http.impl.io.PoolingHttpClientConnectionManager -- ep-00000022: connection released [route: {}->npipe://localhost:2375][total available: 1; route allocated: 1 of 2147483647; total allocated: 1 of 2147483647]
08:05:04.139 [main] DEBUG org.testcontainers.utility.ResourceReaper -- Removed container and associated volume(s): testcontainers/vnc-recorder:1.3.0
08:05:04.139 [main] DEBUG org.testcontainers.shaded.com.github.dockerjava.core.command.AbstrDockerCmd -- Cmd: 4944d1765067cb0ca03b2131d0388d58396ad796fed138475d832c253e9872dd,false
08:05:04.139 [main] DEBUG org.testcontainers.shaded.com.github.dockerjava.core.exec.InspectContainerCmdExec -- GET: DefaultWebTarget{path=[/containers/4944d1765067cb0ca03b2131d0388d58396ad796fed138475d832c253e9872dd/json], queryParams={}}
08:05:04.140 [main] DEBUG com.github.dockerjava.zerodep.shaded.org.apache.hc.client5.http.impl.classic.InternalHttpClient -- ex-00000024: preparing request execution
08:05:04.140 [main] DEBUG com.github.dockerjava.zerodep.shaded.org.apache.hc.client5.http.protocol.RequestAddCookies -- Cookie spec selected: strict
08:05:04.140 [main] DEBUG com.github.dockerjava.zerodep.shaded.org.apache.hc.client5.http.protocol.RequestAuthCache -- Auth cache not set in the context
08:05:04.140 [main] DEBUG com.github.dockerjava.zerodep.shaded.org.apache.hc.client5.http.impl.classic.ProtocolExec -- ex-00000024: target auth state: UNCHALLENGED
08:05:04.140 [main] DEBUG com.github.dockerjava.zerodep.shaded.org.apache.hc.client5.http.impl.classic.ProtocolExec -- ex-00000024: proxy auth state: UNCHALLENGED
08:05:04.140 [main] DEBUG com.github.dockerjava.zerodep.shaded.org.apache.hc.client5.http.impl.classic.ConnectExec -- ex-00000024: acquiring connection with route {}->npipe://localhost:2375
08:05:04.140 [main] DEBUG com.github.dockerjava.zerodep.shaded.org.apache.hc.client5.http.impl.classic.InternalHttpClient -- ex-00000024: acquiring endpoint (3 MINUTES)
08:05:04.140 [main] DEBUG com.github.dockerjava.zerodep.shaded.org.apache.hc.client5.http.impl.io.PoolingHttpClientConnectionManager -- ex-00000024: endpoint lease request (3 MINUTES) [route: {}->npipe://localhost:2375][total available: 1; route allocated: 1 of 2147483647; total allocated: 1 of 2147483647]
08:05:04.140 [main] DEBUG com.github.dockerjava.zerodep.shaded.org.apache.hc.client5.http.impl.io.PoolingHttpClientConnectionManager -- ex-00000024: endpoint leased [route: {}->npipe://localhost:2375][total available: 0; route allocated: 1 of 2147483647; total allocated: 1 of 2147483647]
08:05:04.140 [main] DEBUG com.github.dockerjava.zerodep.shaded.org.apache.hc.client5.http.impl.io.PoolingHttpClientConnectionManager -- ex-00000024: acquired ep-00000023
08:05:04.140 [main] DEBUG com.github.dockerjava.zerodep.shaded.org.apache.hc.client5.http.impl.classic.InternalHttpClient -- ex-00000024: acquired endpoint ep-00000023
08:05:04.140 [main] DEBUG com.github.dockerjava.zerodep.shaded.org.apache.hc.client5.http.impl.classic.MainClientExec -- ex-00000024: executing GET /v1.32/containers/4944d1765067cb0ca03b2131d0388d58396ad796fed138475d832c253e9872dd/json HTTP/1.1
08:05:04.140 [main] DEBUG com.github.dockerjava.zerodep.shaded.org.apache.hc.client5.http.impl.classic.InternalHttpClient -- ep-00000023: start execution ex-00000024
08:05:04.140 [main] DEBUG com.github.dockerjava.zerodep.shaded.org.apache.hc.client5.http.impl.io.PoolingHttpClientConnectionManager -- ep-00000023: executing exchange ex-00000024 over http-outgoing-2
08:05:04.140 [main] DEBUG com.github.dockerjava.zerodep.shaded.org.apache.hc.client5.http.headers -- http-outgoing-2 >> GET /v1.32/containers/4944d1765067cb0ca03b2131d0388d58396ad796fed138475d832c253e9872dd/json HTTP/1.1
08:05:04.140 [main] DEBUG com.github.dockerjava.zerodep.shaded.org.apache.hc.client5.http.headers -- http-outgoing-2 >> accept: application/json
08:05:04.140 [main] DEBUG com.github.dockerjava.zerodep.shaded.org.apache.hc.client5.http.headers -- http-outgoing-2 >> x-tc-sid: 3e81ff38-c5d8-46ef-80ba-8fe8bfdd672a
08:05:04.140 [main] DEBUG com.github.dockerjava.zerodep.shaded.org.apache.hc.client5.http.headers -- http-outgoing-2 >> User-Agent: tc-java/1.19.3
08:05:04.140 [main] DEBUG com.github.dockerjava.zerodep.shaded.org.apache.hc.client5.http.headers -- http-outgoing-2 >> Accept-Encoding: gzip, x-gzip, deflate
08:05:04.140 [main] DEBUG com.github.dockerjava.zerodep.shaded.org.apache.hc.client5.http.headers -- http-outgoing-2 >> Host: localhost:2375
08:05:04.140 [main] DEBUG com.github.dockerjava.zerodep.shaded.org.apache.hc.client5.http.headers -- http-outgoing-2 >> Connection: keep-alive
08:05:04.140 [main] DEBUG com.github.dockerjava.zerodep.shaded.org.apache.hc.client5.http.wire -- http-outgoing-2 >> "GET /v1.32/containers/4944d1765067cb0ca03b2131d0388d58396ad796fed138475d832c253e9872dd/json HTTP/1.1[\r][\n]"
08:05:04.140 [main] DEBUG com.github.dockerjava.zerodep.shaded.org.apache.hc.client5.http.wire -- http-outgoing-2 >> "accept: application/json[\r][\n]"
08:05:04.140 [main] DEBUG com.github.dockerjava.zerodep.shaded.org.apache.hc.client5.http.wire -- http-outgoing-2 >> "x-tc-sid: 3e81ff38-c5d8-46ef-80ba-8fe8bfdd672a[\r][\n]"
08:05:04.140 [main] DEBUG com.github.dockerjava.zerodep.shaded.org.apache.hc.client5.http.wire -- http-outgoing-2 >> "User-Agent: tc-java/1.19.3[\r][\n]"
08:05:04.140 [main] DEBUG com.github.dockerjava.zerodep.shaded.org.apache.hc.client5.http.wire -- http-outgoing-2 >> "Accept-Encoding: gzip, x-gzip, deflate[\r][\n]"
08:05:04.140 [main] DEBUG com.github.dockerjava.zerodep.shaded.org.apache.hc.client5.http.wire -- http-outgoing-2 >> "Host: localhost:2375[\r][\n]"
08:05:04.140 [main] DEBUG com.github.dockerjava.zerodep.shaded.org.apache.hc.client5.http.wire -- http-outgoing-2 >> "Connection: keep-alive[\r][\n]"
08:05:04.140 [main] DEBUG com.github.dockerjava.zerodep.shaded.org.apache.hc.client5.http.wire -- http-outgoing-2 >> "[\r][\n]"
08:05:04.144 [main] DEBUG com.github.dockerjava.zerodep.shaded.org.apache.hc.client5.http.wire -- http-outgoing-2 << "HTTP/1.1 200 OK[\r][\n]"
08:05:04.144 [main] DEBUG com.github.dockerjava.zerodep.shaded.org.apache.hc.client5.http.wire -- http-outgoing-2 << "Api-Version: 1.47[\r][\n]"
08:05:04.144 [main] DEBUG com.github.dockerjava.zerodep.shaded.org.apache.hc.client5.http.wire -- http-outgoing-2 << "Content-Type: application/json[\r][\n]"
08:05:04.144 [main] DEBUG com.github.dockerjava.zerodep.shaded.org.apache.hc.client5.http.wire -- http-outgoing-2 << "Date: Fri, 02 May 2025 06:05:04 GMT[\r][\n]"
08:05:04.144 [main] DEBUG com.github.dockerjava.zerodep.shaded.org.apache.hc.client5.http.wire -- http-outgoing-2 << "Docker-Experimental: false[\r][\n]"
08:05:04.144 [main] DEBUG com.github.dockerjava.zerodep.shaded.org.apache.hc.client5.http.wire -- http-outgoing-2 << "Ostype: linux[\r][\n]"
08:05:04.144 [main] DEBUG com.github.dockerjava.zerodep.shaded.org.apache.hc.client5.http.wire -- http-outgoing-2 << "Server: Docker/27.5.1 (linux)[\r][\n]"
08:05:04.144 [main] DEBUG com.github.dockerjava.zerodep.shaded.org.apache.hc.client5.http.wire -- http-outgoing-2 << "Transfer-Encoding: chunked[\r][\n]"
08:05:04.144 [main] DEBUG com.github.dockerjava.zerodep.shaded.org.apache.hc.client5.http.wire -- http-outgoing-2 << "[\r][\n]"
08:05:04.144 [main] DEBUG com.github.dockerjava.zerodep.shaded.org.apache.hc.client5.http.headers -- http-outgoing-2 << HTTP/1.1 200 OK
08:05:04.144 [main] DEBUG com.github.dockerjava.zerodep.shaded.org.apache.hc.client5.http.headers -- http-outgoing-2 << Api-Version: 1.47
08:05:04.144 [main] DEBUG com.github.dockerjava.zerodep.shaded.org.apache.hc.client5.http.headers -- http-outgoing-2 << Content-Type: application/json
08:05:04.144 [main] DEBUG com.github.dockerjava.zerodep.shaded.org.apache.hc.client5.http.headers -- http-outgoing-2 << Date: Fri, 02 May 2025 06:05:04 GMT
08:05:04.144 [main] DEBUG com.github.dockerjava.zerodep.shaded.org.apache.hc.client5.http.headers -- http-outgoing-2 << Docker-Experimental: false
08:05:04.144 [main] DEBUG com.github.dockerjava.zerodep.shaded.org.apache.hc.client5.http.headers -- http-outgoing-2 << Ostype: linux
08:05:04.144 [main] DEBUG com.github.dockerjava.zerodep.shaded.org.apache.hc.client5.http.headers -- http-outgoing-2 << Server: Docker/27.5.1 (linux)
08:05:04.144 [main] DEBUG com.github.dockerjava.zerodep.shaded.org.apache.hc.client5.http.headers -- http-outgoing-2 << Transfer-Encoding: chunked
08:05:04.144 [main] DEBUG com.github.dockerjava.zerodep.shaded.org.apache.hc.client5.http.impl.classic.MainClientExec -- ex-00000024: connection can be kept alive for 3 MINUTES
08:05:04.146 [main] DEBUG com.github.dockerjava.zerodep.shaded.org.apache.hc.client5.http.wire -- http-outgoing-2 << "170c[\r][\n]"
08:05:04.146 [main] DEBUG com.github.dockerjava.zerodep.shaded.org.apache.hc.client5.http.wire -- http-outgoing-2 << "{"Id":"4944d1765067cb0ca03b2131d0388d58396ad796fed138475d832c253e9872dd","Created":"2025-05-02T06:04:51.554608195Z","Path":"/opt/bin/entry_point.sh","Args":[],"State":{"Status":"running","Running":true,"Paused":false,"Restarting":false,"OOMKilled":false,"Dead":false,"Pid":17761,"ExitCode":0,"Error":"","StartedAt":"2025-05-02T06:04:51.774024085Z","FinishedAt":"0001-01-01T00:00:00Z"},"Image":"sha256:98a4acf36526b42162e80e32b36ba7e5cd93e15cb0f2ca510d6fc3fe655edf92","ResolvConfPath":"/var/lib/docker/containers/4944d1765067cb0ca03b2131d0388d58396ad796fed138475d832c253e9872dd/resolv.conf","HostnamePath":"/var/lib/docker/containers/4944d1765067cb0ca03b2131d0388d58396ad796fed138475d832c253e9872dd/hostname","HostsPath":"/var/lib/docker/containers/4944d1765067cb0ca03b2131d0388d58396ad796fed138475d832c253e9872dd/hosts","LogPath":"/var/lib/docker/containers/4944d1765067cb0ca03b2131d0388d58396ad796fed138475d832c253e9872dd/4944d1765067cb0ca03b2131d0388d58396ad796fed138475d832c253e9872dd-json.log","Name":"/inspiring_newton","RestartCount":0,"Driver":"overlayfs","Platform":"linux","MountLabel":"","ProcessLabel":"","AppArmorProfile":"","ExecIDs":null,"HostConfig":{"Binds":[],"ContainerIDFile":"","LogConfig":{"Type":"json-file","Config":{}},"NetworkMode":"b704b6e8f8077f8578449cf0c6e98e04e9e3eea75c6ef53aba4dbe1e0b306329","PortBindings":{"4444/tcp":[{"HostIp":"0.0.0.0","HostPort":"0"}],"5900/tcp":[{"HostIp":"0.0.0.0","HostPort":"0"}]},"RestartPolicy":{"Name":"no","MaximumRetryCount":0},"AutoRemove":false,"VolumeDriver":"","VolumesFrom":[],"ConsoleSize":[0,0],"CapAdd":null,"CapDrop":null,"CgroupnsMode":"host","Dns":null,"DnsOptions":null,"DnsSearch":null,"ExtraHosts":[],"GroupAdd":null,"IpcMode":"shareable","Cgroup":"","Links":null,"OomScoreAdj":0,"PidMode":"","Privileged":false,"PublishAllPorts":false,"ReadonlyRootfs":false,"SecurityOpt":null,"UTSMode":"","UsernsMode":"","ShmSize":536870912,"Runtime":"runc","Isolation":"","CpuShares":0,"Memory":0,"NanoCpus":0,"CgroupParent":"","BlkioWeight":0,"BlkioWeightDevice":null,"BlkioDeviceReadBps":null,"BlkioDeviceWriteBps":null,"BlkioDeviceReadIOps":null,"BlkioDeviceWriteIOps":null,"CpuPeriod":0,"CpuQuota":0,"CpuRealtimePeriod":0,"CpuRealtimeRuntime":0,"CpusetCpus":"","CpusetMems":"","Devices":null,"DeviceCgroupRules":null,"DeviceRequests":null,"MemoryReservation":0,"MemorySwap":0,"MemorySwappiness":null,"OomKillDisable":false,"PidsLimit":null,"Ulimits":null,"CpuCount":0,"CpuPercent":0,"IOMaximumIOps":0,"IOMaximumBandwidth":0,"MaskedPaths":["/proc/asound","/proc/acpi","/proc/kcore","/proc/keys","/proc/latency_stats","/proc/timer_list","/proc/timer_stats","/proc/sched_debug","/proc/scsi","/sys/firmware","/sys/devices/virtual/powercap"],"ReadonlyPaths":["/proc/bus","/proc/fs","/proc/irq","/proc/sys","/proc/sysrq-trigger"]},"GraphDriver":{"Data":null,"Name":"overlayfs"},"Mounts":[],"Config":{"Hostname":"4944d1765067","Domainname":"","User":"1200","AttachStdin":false,"AttachStdout":false,"AttachStderr":false,"ExposedPorts":{"4444/tcp":{},"5900/tcp":{}},"Tty":false,"OpenStdin":false,"StdinOnce":false,"Env":["no_proxy=localhost","TZ=Europe/Madrid","PATH=/usr/local/sbin:/usr/local/bin:/usr/sbin:/usr/bin:/sbin:/bin","DEBIAN_FRONTEND=noninteractive","DEBCONF_NONINTERACTIVE_SEEN=true","SEL_USER=seluser","SEL_UID=1200","SEL_GID=1201","HOME=/home/seluser","SEL_DOWNLOAD_DIR=/Downloads","SE_BIND_HOST=false","SE_REJECT_UNSUPPORTED_CAPS=false","SE_OTEL_JAVA_GLOBAL_AUTOCONFIGURE_ENABLED=true","SE_OTEL_TRACES_EXPORTER=otlp","LANG_WHICH=en","LANG_WHERE=US","ENCODING=UTF-8","LANGUAGE=en_US.UTF-8","LANG=","SE_ENABLE_BROWSER_LEFTOVERS_CLEANUP=false","SE_BROWSER_LEFTOVERS_INTERVAL_SECS=3600","SE_BROWSER_LEFTOVERS_PROCESSES_SECS=7200","SE_BROWSER_LEFTOVERS_TEMPFILES_DAYS=1","SE_DRAIN_AFTER_SESSION_COUNT=0","SE_NODE_MAX_SESSIONS=1","SE_NODE_SESSION_TIMEOUT=300","SE_NODE_OVERRIDE_MAX_SESSIONS=false","SE_NODE_HEARTBEAT_PERIOD=30","SE_OTEL_SERVICE_NAME=selenium-standalone","SE_OFFLINE=true","SE_SCREEN_WIDTH=1360","SE_SCREEN_HEIGHT=1020","SE_SCREEN_DEPTH=24","SE_SCREEN_DPI=96","SE_START_XVFB=true","SE_START_VNC=true","SE_"
08:05:04.148 [main] DEBUG com.github.dockerjava.zerodep.shaded.org.apache.hc.client5.http.wire -- http-outgoing-2 << "START_NO_VNC=true","SE_NO_VNC_PORT=7900","SE_VNC_PORT=5900","DISPLAY=:99.0","DISPLAY_NUM=99","CONFIG_FILE=/opt/selenium/config.toml","GENERATE_CONFIG=true","DBUS_SESSION_BUS_ADDRESS=/dev/null","SE_SESSION_REQUEST_TIMEOUT=300","SE_SESSION_RETRY_INTERVAL=15","SE_HEALTHCHECK_INTERVAL=120","SE_RELAX_CHECKS=true"],"Cmd":["/opt/bin/entry_point.sh"],"Image":"selenium/standalone-chrome:4.20.0","Volumes":null,"WorkingDir":"","Entrypoint":null,"OnBuild":null,"Labels":{"authors":"","org.opencontainers.image.ref.name":"ubuntu","org.opencontainers.image.version":"22.04","org.testcontainers":"true","org.testcontainers.lang":"java","org.testcontainers.sessionId":"3e81ff38-c5d8-46ef-80ba-8fe8bfdd672a","org.testcontainers.version":"1.19.3"}},"NetworkSettings":{"Bridge":"","SandboxID":"b5789a38b7437e7d2996be2434696e4301025e73bb870dd6105a39d11326b58e","SandboxKey":"/var/run/docker/netns/b5789a38b743","Ports":{"4444/tcp":[{"HostIp":"0.0.0.0","HostPort":"60279"}],"5900/tcp":[{"HostIp":"0.0.0.0","HostPort":"60280"}]},"HairpinMode":false,"LinkLocalIPv6Address":"","LinkLocalIPv6PrefixLen":0,"SecondaryIPAddresses":null,"SecondaryIPv6Addresses":null,"EndpointID":"","Gateway":"","GlobalIPv6Address":"","GlobalIPv6PrefixLen":0,"IPAddress":"","IPPrefixLen":0,"IPv6Gateway":"","MacAddress":"","Networks":{"dd79b24f-5dea-4620-b1e4-b05cb2db2118":{"IPAMConfig":null,"Links":null,"Aliases":["tc-oMUVLb15","4944d1765067"],"MacAddress":"02:42:ac:13:00:02","DriverOpts":null,"NetworkID":"b704b6e8f8077f8578449cf0c6e98e04e9e3eea75c6ef53aba4dbe1e0b306329","EndpointID":"f3bb68c7db3e01c970087e1cb8bf5d2528e6556387ce5789dd626a80300af06e","Gateway":"172.19.0.1","IPAddress":"172.19.0.2","IPPrefixLen":16,"IPv6Gateway":"","GlobalIPv6Address":"","GlobalIPv6PrefixLen":0,"DNSNames":["inspiring_newton","tc-oMUVLb15","4944d1765067"]}}}}[\n]"
08:05:04.150 [main] DEBUG com.github.dockerjava.zerodep.shaded.org.apache.hc.client5.http.wire -- http-outgoing-2 << "[\r][\n]"
08:05:04.150 [main] DEBUG com.github.dockerjava.zerodep.shaded.org.apache.hc.client5.http.wire -- http-outgoing-2 << "0[\r][\n]"
08:05:04.150 [main] DEBUG com.github.dockerjava.zerodep.shaded.org.apache.hc.client5.http.wire -- http-outgoing-2 << "[\r][\n]"
08:05:04.150 [main] DEBUG com.github.dockerjava.zerodep.shaded.org.apache.hc.client5.http.impl.classic.InternalHttpClient -- ep-00000023: releasing valid endpoint
08:05:04.150 [main] DEBUG com.github.dockerjava.zerodep.shaded.org.apache.hc.client5.http.impl.io.PoolingHttpClientConnectionManager -- ep-00000023: releasing endpoint
08:05:04.151 [main] DEBUG com.github.dockerjava.zerodep.shaded.org.apache.hc.client5.http.impl.io.PoolingHttpClientConnectionManager -- ep-00000023: connection http-outgoing-2 can be kept alive for 3 MINUTES
08:05:04.151 [main] DEBUG com.github.dockerjava.zerodep.shaded.org.apache.hc.client5.http.impl.io.PoolingHttpClientConnectionManager -- ep-00000023: connection released [route: {}->npipe://localhost:2375][total available: 1; route allocated: 1 of 2147483647; total allocated: 1 of 2147483647]
08:05:04.151 [main] DEBUG org.testcontainers.shaded.com.github.dockerjava.core.command.AbstrDockerCmd -- Cmd: 4944d1765067cb0ca03b2131d0388d58396ad796fed138475d832c253e9872dd,<null>
08:05:04.152 [main] DEBUG com.github.dockerjava.zerodep.shaded.org.apache.hc.client5.http.impl.classic.InternalHttpClient -- ex-00000025: preparing request execution
08:05:04.152 [main] DEBUG com.github.dockerjava.zerodep.shaded.org.apache.hc.client5.http.protocol.RequestAddCookies -- Cookie spec selected: strict
08:05:04.152 [main] DEBUG com.github.dockerjava.zerodep.shaded.org.apache.hc.client5.http.protocol.RequestAuthCache -- Auth cache not set in the context
08:05:04.152 [main] DEBUG com.github.dockerjava.zerodep.shaded.org.apache.hc.client5.http.impl.classic.ProtocolExec -- ex-00000025: target auth state: UNCHALLENGED
08:05:04.152 [main] DEBUG com.github.dockerjava.zerodep.shaded.org.apache.hc.client5.http.impl.classic.ProtocolExec -- ex-00000025: proxy auth state: UNCHALLENGED
08:05:04.152 [main] DEBUG com.github.dockerjava.zerodep.shaded.org.apache.hc.client5.http.impl.classic.ConnectExec -- ex-00000025: acquiring connection with route {}->npipe://localhost:2375
08:05:04.152 [main] DEBUG com.github.dockerjava.zerodep.shaded.org.apache.hc.client5.http.impl.classic.InternalHttpClient -- ex-00000025: acquiring endpoint (3 MINUTES)
08:05:04.152 [main] DEBUG com.github.dockerjava.zerodep.shaded.org.apache.hc.client5.http.impl.io.PoolingHttpClientConnectionManager -- ex-00000025: endpoint lease request (3 MINUTES) [route: {}->npipe://localhost:2375][total available: 1; route allocated: 1 of 2147483647; total allocated: 1 of 2147483647]
08:05:04.152 [main] DEBUG com.github.dockerjava.zerodep.shaded.org.apache.hc.client5.http.impl.io.PoolingHttpClientConnectionManager -- ex-00000025: endpoint leased [route: {}->npipe://localhost:2375][total available: 0; route allocated: 1 of 2147483647; total allocated: 1 of 2147483647]
08:05:04.152 [main] DEBUG com.github.dockerjava.zerodep.shaded.org.apache.hc.client5.http.impl.io.PoolingHttpClientConnectionManager -- ex-00000025: acquired ep-00000024
08:05:04.152 [main] DEBUG com.github.dockerjava.zerodep.shaded.org.apache.hc.client5.http.impl.classic.InternalHttpClient -- ex-00000025: acquired endpoint ep-00000024
08:05:04.152 [main] DEBUG com.github.dockerjava.zerodep.shaded.org.apache.hc.client5.http.impl.classic.MainClientExec -- ex-00000025: executing POST /v1.32/containers/4944d1765067cb0ca03b2131d0388d58396ad796fed138475d832c253e9872dd/kill HTTP/1.1
08:05:04.152 [main] DEBUG com.github.dockerjava.zerodep.shaded.org.apache.hc.client5.http.impl.classic.InternalHttpClient -- ep-00000024: start execution ex-00000025
08:05:04.152 [main] DEBUG com.github.dockerjava.zerodep.shaded.org.apache.hc.client5.http.impl.io.PoolingHttpClientConnectionManager -- ep-00000024: executing exchange ex-00000025 over http-outgoing-2
08:05:04.152 [main] DEBUG com.github.dockerjava.zerodep.shaded.org.apache.hc.client5.http.headers -- http-outgoing-2 >> POST /v1.32/containers/4944d1765067cb0ca03b2131d0388d58396ad796fed138475d832c253e9872dd/kill HTTP/1.1
08:05:04.152 [main] DEBUG com.github.dockerjava.zerodep.shaded.org.apache.hc.client5.http.headers -- http-outgoing-2 >> accept: application/json
08:05:04.152 [main] DEBUG com.github.dockerjava.zerodep.shaded.org.apache.hc.client5.http.headers -- http-outgoing-2 >> content-type: application/json
08:05:04.152 [main] DEBUG com.github.dockerjava.zerodep.shaded.org.apache.hc.client5.http.headers -- http-outgoing-2 >> x-tc-sid: 3e81ff38-c5d8-46ef-80ba-8fe8bfdd672a
08:05:04.152 [main] DEBUG com.github.dockerjava.zerodep.shaded.org.apache.hc.client5.http.headers -- http-outgoing-2 >> User-Agent: tc-java/1.19.3
08:05:04.152 [main] DEBUG com.github.dockerjava.zerodep.shaded.org.apache.hc.client5.http.headers -- http-outgoing-2 >> Accept-Encoding: gzip, x-gzip, deflate
08:05:04.152 [main] DEBUG com.github.dockerjava.zerodep.shaded.org.apache.hc.client5.http.headers -- http-outgoing-2 >> Host: localhost:2375
08:05:04.152 [main] DEBUG com.github.dockerjava.zerodep.shaded.org.apache.hc.client5.http.headers -- http-outgoing-2 >> Connection: keep-alive
08:05:04.152 [main] DEBUG com.github.dockerjava.zerodep.shaded.org.apache.hc.client5.http.wire -- http-outgoing-2 >> "POST /v1.32/containers/4944d1765067cb0ca03b2131d0388d58396ad796fed138475d832c253e9872dd/kill HTTP/1.1[\r][\n]"
08:05:04.152 [main] DEBUG com.github.dockerjava.zerodep.shaded.org.apache.hc.client5.http.wire -- http-outgoing-2 >> "accept: application/json[\r][\n]"
08:05:04.152 [main] DEBUG com.github.dockerjava.zerodep.shaded.org.apache.hc.client5.http.wire -- http-outgoing-2 >> "content-type: application/json[\r][\n]"
08:05:04.152 [main] DEBUG com.github.dockerjava.zerodep.shaded.org.apache.hc.client5.http.wire -- http-outgoing-2 >> "x-tc-sid: 3e81ff38-c5d8-46ef-80ba-8fe8bfdd672a[\r][\n]"
08:05:04.152 [main] DEBUG com.github.dockerjava.zerodep.shaded.org.apache.hc.client5.http.wire -- http-outgoing-2 >> "User-Agent: tc-java/1.19.3[\r][\n]"
08:05:04.152 [main] DEBUG com.github.dockerjava.zerodep.shaded.org.apache.hc.client5.http.wire -- http-outgoing-2 >> "Accept-Encoding: gzip, x-gzip, deflate[\r][\n]"
08:05:04.152 [main] DEBUG com.github.dockerjava.zerodep.shaded.org.apache.hc.client5.http.wire -- http-outgoing-2 >> "Host: localhost:2375[\r][\n]"
08:05:04.152 [main] DEBUG com.github.dockerjava.zerodep.shaded.org.apache.hc.client5.http.wire -- http-outgoing-2 >> "Connection: keep-alive[\r][\n]"
08:05:04.152 [main] DEBUG com.github.dockerjava.zerodep.shaded.org.apache.hc.client5.http.wire -- http-outgoing-2 >> "[\r][\n]"
08:05:04.950 [main] DEBUG com.github.dockerjava.zerodep.shaded.org.apache.hc.client5.http.wire -- http-outgoing-2 << "HTTP/1.1 204 No Content[\r][\n]"
08:05:04.950 [main] DEBUG com.github.dockerjava.zerodep.shaded.org.apache.hc.client5.http.wire -- http-outgoing-2 << "Api-Version: 1.47[\r][\n]"
08:05:04.950 [main] DEBUG com.github.dockerjava.zerodep.shaded.org.apache.hc.client5.http.wire -- http-outgoing-2 << "Date: Fri, 02 May 2025 06:05:04 GMT[\r][\n]"
08:05:04.950 [main] DEBUG com.github.dockerjava.zerodep.shaded.org.apache.hc.client5.http.wire -- http-outgoing-2 << "Docker-Experimental: false[\r][\n]"
08:05:04.950 [main] DEBUG com.github.dockerjava.zerodep.shaded.org.apache.hc.client5.http.wire -- http-outgoing-2 << "Ostype: linux[\r][\n]"
08:05:04.950 [main] DEBUG com.github.dockerjava.zerodep.shaded.org.apache.hc.client5.http.wire -- http-outgoing-2 << "Server: Docker/27.5.1 (linux)[\r][\n]"
08:05:04.950 [main] DEBUG com.github.dockerjava.zerodep.shaded.org.apache.hc.client5.http.wire -- http-outgoing-2 << "[\r][\n]"
08:05:04.951 [main] DEBUG com.github.dockerjava.zerodep.shaded.org.apache.hc.client5.http.headers -- http-outgoing-2 << HTTP/1.1 204 No Content
08:05:04.951 [main] DEBUG com.github.dockerjava.zerodep.shaded.org.apache.hc.client5.http.headers -- http-outgoing-2 << Api-Version: 1.47
08:05:04.951 [main] DEBUG com.github.dockerjava.zerodep.shaded.org.apache.hc.client5.http.headers -- http-outgoing-2 << Date: Fri, 02 May 2025 06:05:04 GMT
08:05:04.951 [main] DEBUG com.github.dockerjava.zerodep.shaded.org.apache.hc.client5.http.headers -- http-outgoing-2 << Docker-Experimental: false
08:05:04.951 [main] DEBUG com.github.dockerjava.zerodep.shaded.org.apache.hc.client5.http.headers -- http-outgoing-2 << Ostype: linux
08:05:04.951 [main] DEBUG com.github.dockerjava.zerodep.shaded.org.apache.hc.client5.http.headers -- http-outgoing-2 << Server: Docker/27.5.1 (linux)
08:05:04.951 [main] DEBUG com.github.dockerjava.zerodep.shaded.org.apache.hc.client5.http.impl.classic.MainClientExec -- ex-00000025: connection can be kept alive for 3 MINUTES
08:05:04.951 [main] DEBUG com.github.dockerjava.zerodep.shaded.org.apache.hc.client5.http.impl.classic.InternalHttpClient -- ep-00000024: releasing valid endpoint
08:05:04.951 [main] DEBUG com.github.dockerjava.zerodep.shaded.org.apache.hc.client5.http.impl.io.PoolingHttpClientConnectionManager -- ep-00000024: releasing endpoint
08:05:04.951 [main] DEBUG com.github.dockerjava.zerodep.shaded.org.apache.hc.client5.http.impl.io.PoolingHttpClientConnectionManager -- ep-00000024: connection http-outgoing-2 can be kept alive for 3 MINUTES
08:05:04.951 [main] DEBUG com.github.dockerjava.zerodep.shaded.org.apache.hc.client5.http.impl.io.PoolingHttpClientConnectionManager -- ep-00000024: connection released [route: {}->npipe://localhost:2375][total available: 1; route allocated: 1 of 2147483647; total allocated: 1 of 2147483647]
08:05:04.952 [main] DEBUG org.testcontainers.shaded.com.github.dockerjava.core.command.AbstrDockerCmd -- Cmd: 4944d1765067cb0ca03b2131d0388d58396ad796fed138475d832c253e9872dd,false
08:05:04.953 [main] DEBUG org.testcontainers.shaded.com.github.dockerjava.core.exec.InspectContainerCmdExec -- GET: DefaultWebTarget{path=[/containers/4944d1765067cb0ca03b2131d0388d58396ad796fed138475d832c253e9872dd/json], queryParams={}}
08:05:04.953 [main] DEBUG com.github.dockerjava.zerodep.shaded.org.apache.hc.client5.http.impl.classic.InternalHttpClient -- ex-00000026: preparing request execution
08:05:04.953 [main] DEBUG com.github.dockerjava.zerodep.shaded.org.apache.hc.client5.http.protocol.RequestAddCookies -- Cookie spec selected: strict
08:05:04.953 [main] DEBUG com.github.dockerjava.zerodep.shaded.org.apache.hc.client5.http.protocol.RequestAuthCache -- Auth cache not set in the context
08:05:04.953 [main] DEBUG com.github.dockerjava.zerodep.shaded.org.apache.hc.client5.http.impl.classic.ProtocolExec -- ex-00000026: target auth state: UNCHALLENGED
08:05:04.953 [main] DEBUG com.github.dockerjava.zerodep.shaded.org.apache.hc.client5.http.impl.classic.ProtocolExec -- ex-00000026: proxy auth state: UNCHALLENGED
08:05:04.953 [main] DEBUG com.github.dockerjava.zerodep.shaded.org.apache.hc.client5.http.impl.classic.ConnectExec -- ex-00000026: acquiring connection with route {}->npipe://localhost:2375
08:05:04.954 [main] DEBUG com.github.dockerjava.zerodep.shaded.org.apache.hc.client5.http.impl.classic.InternalHttpClient -- ex-00000026: acquiring endpoint (3 MINUTES)
08:05:04.954 [main] DEBUG com.github.dockerjava.zerodep.shaded.org.apache.hc.client5.http.impl.io.PoolingHttpClientConnectionManager -- ex-00000026: endpoint lease request (3 MINUTES) [route: {}->npipe://localhost:2375][total available: 1; route allocated: 1 of 2147483647; total allocated: 1 of 2147483647]
08:05:04.954 [main] DEBUG com.github.dockerjava.zerodep.shaded.org.apache.hc.client5.http.impl.io.PoolingHttpClientConnectionManager -- ex-00000026: endpoint leased [route: {}->npipe://localhost:2375][total available: 0; route allocated: 1 of 2147483647; total allocated: 1 of 2147483647]
08:05:04.954 [main] DEBUG com.github.dockerjava.zerodep.shaded.org.apache.hc.client5.http.impl.io.PoolingHttpClientConnectionManager -- ex-00000026: acquired ep-00000025
08:05:04.954 [main] DEBUG com.github.dockerjava.zerodep.shaded.org.apache.hc.client5.http.impl.classic.InternalHttpClient -- ex-00000026: acquired endpoint ep-00000025
08:05:04.954 [main] DEBUG com.github.dockerjava.zerodep.shaded.org.apache.hc.client5.http.impl.classic.MainClientExec -- ex-00000026: executing GET /v1.32/containers/4944d1765067cb0ca03b2131d0388d58396ad796fed138475d832c253e9872dd/json HTTP/1.1
08:05:04.954 [main] DEBUG com.github.dockerjava.zerodep.shaded.org.apache.hc.client5.http.impl.classic.InternalHttpClient -- ep-00000025: start execution ex-00000026
08:05:04.954 [main] DEBUG com.github.dockerjava.zerodep.shaded.org.apache.hc.client5.http.impl.io.PoolingHttpClientConnectionManager -- ep-00000025: executing exchange ex-00000026 over http-outgoing-2
08:05:04.954 [main] DEBUG com.github.dockerjava.zerodep.shaded.org.apache.hc.client5.http.headers -- http-outgoing-2 >> GET /v1.32/containers/4944d1765067cb0ca03b2131d0388d58396ad796fed138475d832c253e9872dd/json HTTP/1.1
08:05:04.954 [main] DEBUG com.github.dockerjava.zerodep.shaded.org.apache.hc.client5.http.headers -- http-outgoing-2 >> accept: application/json
08:05:04.954 [main] DEBUG com.github.dockerjava.zerodep.shaded.org.apache.hc.client5.http.headers -- http-outgoing-2 >> x-tc-sid: 3e81ff38-c5d8-46ef-80ba-8fe8bfdd672a
08:05:04.954 [main] DEBUG com.github.dockerjava.zerodep.shaded.org.apache.hc.client5.http.headers -- http-outgoing-2 >> User-Agent: tc-java/1.19.3
08:05:04.954 [main] DEBUG com.github.dockerjava.zerodep.shaded.org.apache.hc.client5.http.headers -- http-outgoing-2 >> Accept-Encoding: gzip, x-gzip, deflate
08:05:04.954 [main] DEBUG com.github.dockerjava.zerodep.shaded.org.apache.hc.client5.http.headers -- http-outgoing-2 >> Host: localhost:2375
08:05:04.954 [main] DEBUG com.github.dockerjava.zerodep.shaded.org.apache.hc.client5.http.headers -- http-outgoing-2 >> Connection: keep-alive
08:05:04.954 [main] DEBUG com.github.dockerjava.zerodep.shaded.org.apache.hc.client5.http.wire -- http-outgoing-2 >> "GET /v1.32/containers/4944d1765067cb0ca03b2131d0388d58396ad796fed138475d832c253e9872dd/json HTTP/1.1[\r][\n]"
08:05:04.954 [main] DEBUG com.github.dockerjava.zerodep.shaded.org.apache.hc.client5.http.wire -- http-outgoing-2 >> "accept: application/json[\r][\n]"
08:05:04.954 [main] DEBUG com.github.dockerjava.zerodep.shaded.org.apache.hc.client5.http.wire -- http-outgoing-2 >> "x-tc-sid: 3e81ff38-c5d8-46ef-80ba-8fe8bfdd672a[\r][\n]"
08:05:04.954 [main] DEBUG com.github.dockerjava.zerodep.shaded.org.apache.hc.client5.http.wire -- http-outgoing-2 >> "User-Agent: tc-java/1.19.3[\r][\n]"
08:05:04.954 [main] DEBUG com.github.dockerjava.zerodep.shaded.org.apache.hc.client5.http.wire -- http-outgoing-2 >> "Accept-Encoding: gzip, x-gzip, deflate[\r][\n]"
08:05:04.954 [main] DEBUG com.github.dockerjava.zerodep.shaded.org.apache.hc.client5.http.wire -- http-outgoing-2 >> "Host: localhost:2375[\r][\n]"
08:05:04.954 [main] DEBUG com.github.dockerjava.zerodep.shaded.org.apache.hc.client5.http.wire -- http-outgoing-2 >> "Connection: keep-alive[\r][\n]"
08:05:04.954 [main] DEBUG com.github.dockerjava.zerodep.shaded.org.apache.hc.client5.http.wire -- http-outgoing-2 >> "[\r][\n]"
08:05:04.965 [main] DEBUG com.github.dockerjava.zerodep.shaded.org.apache.hc.client5.http.wire -- http-outgoing-2 << "HTTP/1.1 200 OK[\r][\n]"
08:05:04.965 [main] DEBUG com.github.dockerjava.zerodep.shaded.org.apache.hc.client5.http.wire -- http-outgoing-2 << "Api-Version: 1.47[\r][\n]"
08:05:04.965 [main] DEBUG com.github.dockerjava.zerodep.shaded.org.apache.hc.client5.http.wire -- http-outgoing-2 << "Content-Type: application/json[\r][\n]"
08:05:04.965 [main] DEBUG com.github.dockerjava.zerodep.shaded.org.apache.hc.client5.http.wire -- http-outgoing-2 << "Date: Fri, 02 May 2025 06:05:04 GMT[\r][\n]"
08:05:04.965 [main] DEBUG com.github.dockerjava.zerodep.shaded.org.apache.hc.client5.http.wire -- http-outgoing-2 << "Docker-Experimental: false[\r][\n]"
08:05:04.965 [main] DEBUG com.github.dockerjava.zerodep.shaded.org.apache.hc.client5.http.wire -- http-outgoing-2 << "Ostype: linux[\r][\n]"
08:05:04.965 [main] DEBUG com.github.dockerjava.zerodep.shaded.org.apache.hc.client5.http.wire -- http-outgoing-2 << "Server: Docker/27.5.1 (linux)[\r][\n]"
08:05:04.965 [main] DEBUG com.github.dockerjava.zerodep.shaded.org.apache.hc.client5.http.wire -- http-outgoing-2 << "Transfer-Encoding: chunked[\r][\n]"
08:05:04.965 [main] DEBUG com.github.dockerjava.zerodep.shaded.org.apache.hc.client5.http.wire -- http-outgoing-2 << "[\r][\n]"
08:05:04.966 [main] DEBUG com.github.dockerjava.zerodep.shaded.org.apache.hc.client5.http.headers -- http-outgoing-2 << HTTP/1.1 200 OK
08:05:04.966 [main] DEBUG com.github.dockerjava.zerodep.shaded.org.apache.hc.client5.http.headers -- http-outgoing-2 << Api-Version: 1.47
08:05:04.966 [main] DEBUG com.github.dockerjava.zerodep.shaded.org.apache.hc.client5.http.headers -- http-outgoing-2 << Content-Type: application/json
08:05:04.966 [main] DEBUG com.github.dockerjava.zerodep.shaded.org.apache.hc.client5.http.headers -- http-outgoing-2 << Date: Fri, 02 May 2025 06:05:04 GMT
08:05:04.966 [main] DEBUG com.github.dockerjava.zerodep.shaded.org.apache.hc.client5.http.headers -- http-outgoing-2 << Docker-Experimental: false
08:05:04.966 [main] DEBUG com.github.dockerjava.zerodep.shaded.org.apache.hc.client5.http.headers -- http-outgoing-2 << Ostype: linux
08:05:04.966 [main] DEBUG com.github.dockerjava.zerodep.shaded.org.apache.hc.client5.http.headers -- http-outgoing-2 << Server: Docker/27.5.1 (linux)
08:05:04.966 [main] DEBUG com.github.dockerjava.zerodep.shaded.org.apache.hc.client5.http.headers -- http-outgoing-2 << Transfer-Encoding: chunked
08:05:04.967 [main] DEBUG com.github.dockerjava.zerodep.shaded.org.apache.hc.client5.http.impl.classic.MainClientExec -- ex-00000026: connection can be kept alive for 3 MINUTES
08:05:04.971 [main] DEBUG com.github.dockerjava.zerodep.shaded.org.apache.hc.client5.http.wire -- http-outgoing-2 << "15e3[\r][\n]"
08:05:04.971 [main] DEBUG com.github.dockerjava.zerodep.shaded.org.apache.hc.client5.http.wire -- http-outgoing-2 << "{"Id":"4944d1765067cb0ca03b2131d0388d58396ad796fed138475d832c253e9872dd","Created":"2025-05-02T06:04:51.554608195Z","Path":"/opt/bin/entry_point.sh","Args":[],"State":{"Status":"exited","Running":false,"Paused":false,"Restarting":false,"OOMKilled":false,"Dead":false,"Pid":0,"ExitCode":137,"Error":"","StartedAt":"2025-05-02T06:04:51.774024085Z","FinishedAt":"2025-05-02T06:05:04.290000839Z"},"Image":"sha256:98a4acf36526b42162e80e32b36ba7e5cd93e15cb0f2ca510d6fc3fe655edf92","ResolvConfPath":"/var/lib/docker/containers/4944d1765067cb0ca03b2131d0388d58396ad796fed138475d832c253e9872dd/resolv.conf","HostnamePath":"/var/lib/docker/containers/4944d1765067cb0ca03b2131d0388d58396ad796fed138475d832c253e9872dd/hostname","HostsPath":"/var/lib/docker/containers/4944d1765067cb0ca03b2131d0388d58396ad796fed138475d832c253e9872dd/hosts","LogPath":"/var/lib/docker/containers/4944d1765067cb0ca03b2131d0388d58396ad796fed138475d832c253e9872dd/4944d1765067cb0ca03b2131d0388d58396ad796fed138475d832c253e9872dd-json.log","Name":"/inspiring_newton","RestartCount":0,"Driver":"overlayfs","Platform":"linux","MountLabel":"","ProcessLabel":"","AppArmorProfile":"","ExecIDs":null,"HostConfig":{"Binds":[],"ContainerIDFile":"","LogConfig":{"Type":"json-file","Config":{}},"NetworkMode":"b704b6e8f8077f8578449cf0c6e98e04e9e3eea75c6ef53aba4dbe1e0b306329","PortBindings":{"4444/tcp":[{"HostIp":"0.0.0.0","HostPort":"0"}],"5900/tcp":[{"HostIp":"0.0.0.0","HostPort":"0"}]},"RestartPolicy":{"Name":"no","MaximumRetryCount":0},"AutoRemove":false,"VolumeDriver":"","VolumesFrom":[],"ConsoleSize":[0,0],"CapAdd":null,"CapDrop":null,"CgroupnsMode":"host","Dns":null,"DnsOptions":null,"DnsSearch":null,"ExtraHosts":[],"GroupAdd":null,"IpcMode":"shareable","Cgroup":"","Links":null,"OomScoreAdj":0,"PidMode":"","Privileged":false,"PublishAllPorts":false,"ReadonlyRootfs":false,"SecurityOpt":null,"UTSMode":"","UsernsMode":"","ShmSize":536870912,"Runtime":"runc","Isolation":"","CpuShares":0,"Memory":0,"NanoCpus":0,"CgroupParent":"","BlkioWeight":0,"BlkioWeightDevice":null,"BlkioDeviceReadBps":null,"BlkioDeviceWriteBps":null,"BlkioDeviceReadIOps":null,"BlkioDeviceWriteIOps":null,"CpuPeriod":0,"CpuQuota":0,"CpuRealtimePeriod":0,"CpuRealtimeRuntime":0,"CpusetCpus":"","CpusetMems":"","Devices":null,"DeviceCgroupRules":null,"DeviceRequests":null,"MemoryReservation":0,"MemorySwap":0,"MemorySwappiness":null,"OomKillDisable":false,"PidsLimit":null,"Ulimits":null,"CpuCount":0,"CpuPercent":0,"IOMaximumIOps":0,"IOMaximumBandwidth":0,"MaskedPaths":["/proc/asound","/proc/acpi","/proc/kcore","/proc/keys","/proc/latency_stats","/proc/timer_list","/proc/timer_stats","/proc/sched_debug","/proc/scsi","/sys/firmware","/sys/devices/virtual/powercap"],"ReadonlyPaths":["/proc/bus","/proc/fs","/proc/irq","/proc/sys","/proc/sysrq-trigger"]},"GraphDriver":{"Data":null,"Name":"overlayfs"},"Mounts":[],"Config":{"Hostname":"4944d1765067","Domainname":"","User":"1200","AttachStdin":false,"AttachStdout":false,"AttachStderr":false,"ExposedPorts":{"4444/tcp":{},"5900/tcp":{}},"Tty":false,"OpenStdin":false,"StdinOnce":false,"Env":["no_proxy=localhost","TZ=Europe/Madrid","PATH=/usr/local/sbin:/usr/local/bin:/usr/sbin:/usr/bin:/sbin:/bin","DEBIAN_FRONTEND=noninteractive","DEBCONF_NONINTERACTIVE_SEEN=true","SEL_USER=seluser","SEL_UID=1200","SEL_GID=1201","HOME=/home/seluser","SEL_DOWNLOAD_DIR=/Downloads","SE_BIND_HOST=false","SE_REJECT_UNSUPPORTED_CAPS=false","SE_OTEL_JAVA_GLOBAL_AUTOCONFIGURE_ENABLED=true","SE_OTEL_TRACES_EXPORTER=otlp","LANG_WHICH=en","LANG_WHERE=US","ENCODING=UTF-8","LANGUAGE=en_US.UTF-8","LANG=","SE_ENABLE_BROWSER_LEFTOVERS_CLEANUP=false","SE_BROWSER_LEFTOVERS_INTERVAL_SECS=3600","SE_BROWSER_LEFTOVERS_PROCESSES_SECS=7200","SE_BROWSER_LEFTOVERS_TEMPFILES_DAYS=1","SE_DRAIN_AFTER_SESSION_COUNT=0","SE_NODE_MAX_SESSIONS=1","SE_NODE_SESSION_TIMEOUT=300","SE_NODE_OVERRIDE_MAX_SESSIONS=false","SE_NODE_HEARTBEAT_PERIOD=30","SE_OTEL_SERVICE_NAME=selenium-standalone","SE_OFFLINE=true","SE_SCREEN_WIDTH=1360","SE_SCREEN_HEIGHT=1020","SE_SCREEN_DEPTH=24","SE_SCREEN_DPI=96","SE_START_XVFB=true","SE_START_VNC=tr"
08:05:04.973 [main] DEBUG com.github.dockerjava.zerodep.shaded.org.apache.hc.client5.http.wire -- http-outgoing-2 << "ue","SE_START_NO_VNC=true","SE_NO_VNC_PORT=7900","SE_VNC_PORT=5900","DISPLAY=:99.0","DISPLAY_NUM=99","CONFIG_FILE=/opt/selenium/config.toml","GENERATE_CONFIG=true","DBUS_SESSION_BUS_ADDRESS=/dev/null","SE_SESSION_REQUEST_TIMEOUT=300","SE_SESSION_RETRY_INTERVAL=15","SE_HEALTHCHECK_INTERVAL=120","SE_RELAX_CHECKS=true"],"Cmd":["/opt/bin/entry_point.sh"],"Image":"selenium/standalone-chrome:4.20.0","Volumes":null,"WorkingDir":"","Entrypoint":null,"OnBuild":null,"Labels":{"authors":"","org.opencontainers.image.ref.name":"ubuntu","org.opencontainers.image.version":"22.04","org.testcontainers":"true","org.testcontainers.lang":"java","org.testcontainers.sessionId":"3e81ff38-c5d8-46ef-80ba-8fe8bfdd672a","org.testcontainers.version":"1.19.3"}},"NetworkSettings":{"Bridge":"","SandboxID":"","SandboxKey":"","Ports":{},"HairpinMode":false,"LinkLocalIPv6Address":"","LinkLocalIPv6PrefixLen":0,"SecondaryIPAddresses":null,"SecondaryIPv6Addresses":null,"EndpointID":"","Gateway":"","GlobalIPv6Address":"","GlobalIPv6PrefixLen":0,"IPAddress":"","IPPrefixLen":0,"IPv6Gateway":"","MacAddress":"","Networks":{"dd79b24f-5dea-4620-b1e4-b05cb2db2118":{"IPAMConfig":null,"Links":null,"Aliases":["tc-oMUVLb15","4944d1765067"],"MacAddress":"","DriverOpts":null,"NetworkID":"b704b6e8f8077f8578449cf0c6e98e04e9e3eea75c6ef53aba4dbe1e0b306329","EndpointID":"","Gateway":"","IPAddress":"","IPPrefixLen":0,"IPv6Gateway":"","GlobalIPv6Address":"","GlobalIPv6PrefixLen":0,"DNSNames":["inspiring_newton","tc-oMUVLb15","4944d1765067"]}}}}[\n]"
08:05:04.980 [main] DEBUG com.github.dockerjava.zerodep.shaded.org.apache.hc.client5.http.wire -- http-outgoing-2 << "[\r][\n]"
08:05:04.980 [main] DEBUG com.github.dockerjava.zerodep.shaded.org.apache.hc.client5.http.wire -- http-outgoing-2 << "0[\r][\n]"
08:05:04.980 [main] DEBUG com.github.dockerjava.zerodep.shaded.org.apache.hc.client5.http.wire -- http-outgoing-2 << "[\r][\n]"
08:05:04.980 [main] DEBUG com.github.dockerjava.zerodep.shaded.org.apache.hc.client5.http.impl.classic.InternalHttpClient -- ep-00000025: releasing valid endpoint
08:05:04.980 [main] DEBUG com.github.dockerjava.zerodep.shaded.org.apache.hc.client5.http.impl.io.PoolingHttpClientConnectionManager -- ep-00000025: releasing endpoint
08:05:04.980 [main] DEBUG com.github.dockerjava.zerodep.shaded.org.apache.hc.client5.http.impl.io.PoolingHttpClientConnectionManager -- ep-00000025: connection http-outgoing-2 can be kept alive for 3 MINUTES
08:05:04.980 [main] DEBUG com.github.dockerjava.zerodep.shaded.org.apache.hc.client5.http.impl.io.PoolingHttpClientConnectionManager -- ep-00000025: connection released [route: {}->npipe://localhost:2375][total available: 1; route allocated: 1 of 2147483647; total allocated: 1 of 2147483647]
08:05:04.981 [main] DEBUG org.testcontainers.shaded.com.github.dockerjava.core.command.AbstrDockerCmd -- Cmd: 4944d1765067cb0ca03b2131d0388d58396ad796fed138475d832c253e9872dd,true,true
08:05:04.982 [main] DEBUG com.github.dockerjava.zerodep.shaded.org.apache.hc.client5.http.impl.classic.InternalHttpClient -- ex-00000027: preparing request execution
08:05:04.982 [main] DEBUG com.github.dockerjava.zerodep.shaded.org.apache.hc.client5.http.protocol.RequestAddCookies -- Cookie spec selected: strict
08:05:04.982 [main] DEBUG com.github.dockerjava.zerodep.shaded.org.apache.hc.client5.http.protocol.RequestAuthCache -- Auth cache not set in the context
08:05:04.982 [main] DEBUG com.github.dockerjava.zerodep.shaded.org.apache.hc.client5.http.impl.classic.ProtocolExec -- ex-00000027: target auth state: UNCHALLENGED
08:05:04.982 [main] DEBUG com.github.dockerjava.zerodep.shaded.org.apache.hc.client5.http.impl.classic.ProtocolExec -- ex-00000027: proxy auth state: UNCHALLENGED
08:05:04.982 [main] DEBUG com.github.dockerjava.zerodep.shaded.org.apache.hc.client5.http.impl.classic.ConnectExec -- ex-00000027: acquiring connection with route {}->npipe://localhost:2375
08:05:04.982 [main] DEBUG com.github.dockerjava.zerodep.shaded.org.apache.hc.client5.http.impl.classic.InternalHttpClient -- ex-00000027: acquiring endpoint (3 MINUTES)
08:05:04.982 [main] DEBUG com.github.dockerjava.zerodep.shaded.org.apache.hc.client5.http.impl.io.PoolingHttpClientConnectionManager -- ex-00000027: endpoint lease request (3 MINUTES) [route: {}->npipe://localhost:2375][total available: 1; route allocated: 1 of 2147483647; total allocated: 1 of 2147483647]
08:05:04.982 [main] DEBUG com.github.dockerjava.zerodep.shaded.org.apache.hc.client5.http.impl.io.PoolingHttpClientConnectionManager -- ex-00000027: endpoint leased [route: {}->npipe://localhost:2375][total available: 0; route allocated: 1 of 2147483647; total allocated: 1 of 2147483647]
08:05:04.983 [main] DEBUG com.github.dockerjava.zerodep.shaded.org.apache.hc.client5.http.impl.io.PoolingHttpClientConnectionManager -- ex-00000027: acquired ep-00000026
08:05:04.983 [main] DEBUG com.github.dockerjava.zerodep.shaded.org.apache.hc.client5.http.impl.classic.InternalHttpClient -- ex-00000027: acquired endpoint ep-00000026
08:05:04.983 [main] DEBUG com.github.dockerjava.zerodep.shaded.org.apache.hc.client5.http.impl.classic.MainClientExec -- ex-00000027: executing DELETE /v1.32/containers/4944d1765067cb0ca03b2131d0388d58396ad796fed138475d832c253e9872dd?v=true&force=true HTTP/1.1
08:05:04.983 [main] DEBUG com.github.dockerjava.zerodep.shaded.org.apache.hc.client5.http.impl.classic.InternalHttpClient -- ep-00000026: start execution ex-00000027
08:05:04.983 [main] DEBUG com.github.dockerjava.zerodep.shaded.org.apache.hc.client5.http.impl.io.PoolingHttpClientConnectionManager -- ep-00000026: executing exchange ex-00000027 over http-outgoing-2
08:05:04.983 [main] DEBUG com.github.dockerjava.zerodep.shaded.org.apache.hc.client5.http.headers -- http-outgoing-2 >> DELETE /v1.32/containers/4944d1765067cb0ca03b2131d0388d58396ad796fed138475d832c253e9872dd?v=true&force=true HTTP/1.1
08:05:04.983 [main] DEBUG com.github.dockerjava.zerodep.shaded.org.apache.hc.client5.http.headers -- http-outgoing-2 >> accept: application/json
08:05:04.983 [main] DEBUG com.github.dockerjava.zerodep.shaded.org.apache.hc.client5.http.headers -- http-outgoing-2 >> x-tc-sid: 3e81ff38-c5d8-46ef-80ba-8fe8bfdd672a
08:05:04.983 [main] DEBUG com.github.dockerjava.zerodep.shaded.org.apache.hc.client5.http.headers -- http-outgoing-2 >> User-Agent: tc-java/1.19.3
08:05:04.983 [main] DEBUG com.github.dockerjava.zerodep.shaded.org.apache.hc.client5.http.headers -- http-outgoing-2 >> Accept-Encoding: gzip, x-gzip, deflate
08:05:04.983 [main] DEBUG com.github.dockerjava.zerodep.shaded.org.apache.hc.client5.http.headers -- http-outgoing-2 >> Host: localhost:2375
08:05:04.983 [main] DEBUG com.github.dockerjava.zerodep.shaded.org.apache.hc.client5.http.headers -- http-outgoing-2 >> Connection: keep-alive
08:05:04.983 [main] DEBUG com.github.dockerjava.zerodep.shaded.org.apache.hc.client5.http.wire -- http-outgoing-2 >> "DELETE /v1.32/containers/4944d1765067cb0ca03b2131d0388d58396ad796fed138475d832c253e9872dd?v=true&force=true HTTP/1.1[\r][\n]"
08:05:04.984 [main] DEBUG com.github.dockerjava.zerodep.shaded.org.apache.hc.client5.http.wire -- http-outgoing-2 >> "accept: application/json[\r][\n]"
08:05:04.984 [main] DEBUG com.github.dockerjava.zerodep.shaded.org.apache.hc.client5.http.wire -- http-outgoing-2 >> "x-tc-sid: 3e81ff38-c5d8-46ef-80ba-8fe8bfdd672a[\r][\n]"
08:05:04.984 [main] DEBUG com.github.dockerjava.zerodep.shaded.org.apache.hc.client5.http.wire -- http-outgoing-2 >> "User-Agent: tc-java/1.19.3[\r][\n]"
08:05:04.984 [main] DEBUG com.github.dockerjava.zerodep.shaded.org.apache.hc.client5.http.wire -- http-outgoing-2 >> "Accept-Encoding: gzip, x-gzip, deflate[\r][\n]"
08:05:04.984 [main] DEBUG com.github.dockerjava.zerodep.shaded.org.apache.hc.client5.http.wire -- http-outgoing-2 >> "Host: localhost:2375[\r][\n]"
08:05:04.984 [main] DEBUG com.github.dockerjava.zerodep.shaded.org.apache.hc.client5.http.wire -- http-outgoing-2 >> "Connection: keep-alive[\r][\n]"
08:05:04.984 [main] DEBUG com.github.dockerjava.zerodep.shaded.org.apache.hc.client5.http.wire -- http-outgoing-2 >> "[\r][\n]"
08:05:05.049 [main] DEBUG com.github.dockerjava.zerodep.shaded.org.apache.hc.client5.http.wire -- http-outgoing-2 << "HTTP/1.1 204 No Content[\r][\n]"
08:05:05.050 [main] DEBUG com.github.dockerjava.zerodep.shaded.org.apache.hc.client5.http.wire -- http-outgoing-2 << "Api-Version: 1.47[\r][\n]"
08:05:05.051 [main] DEBUG com.github.dockerjava.zerodep.shaded.org.apache.hc.client5.http.wire -- http-outgoing-2 << "Date: Fri, 02 May 2025 06:05:05 GMT[\r][\n]"
08:05:05.051 [main] DEBUG com.github.dockerjava.zerodep.shaded.org.apache.hc.client5.http.wire -- http-outgoing-2 << "Docker-Experimental: false[\r][\n]"
08:05:05.051 [main] DEBUG com.github.dockerjava.zerodep.shaded.org.apache.hc.client5.http.wire -- http-outgoing-2 << "Ostype: linux[\r][\n]"
08:05:05.051 [main] DEBUG com.github.dockerjava.zerodep.shaded.org.apache.hc.client5.http.wire -- http-outgoing-2 << "Server: Docker/27.5.1 (linux)[\r][\n]"
08:05:05.051 [main] DEBUG com.github.dockerjava.zerodep.shaded.org.apache.hc.client5.http.wire -- http-outgoing-2 << "[\r][\n]"
08:05:05.051 [main] DEBUG com.github.dockerjava.zerodep.shaded.org.apache.hc.client5.http.headers -- http-outgoing-2 << HTTP/1.1 204 No Content
08:05:05.051 [main] DEBUG com.github.dockerjava.zerodep.shaded.org.apache.hc.client5.http.headers -- http-outgoing-2 << Api-Version: 1.47
08:05:05.051 [main] DEBUG com.github.dockerjava.zerodep.shaded.org.apache.hc.client5.http.headers -- http-outgoing-2 << Date: Fri, 02 May 2025 06:05:05 GMT
08:05:05.051 [main] DEBUG com.github.dockerjava.zerodep.shaded.org.apache.hc.client5.http.headers -- http-outgoing-2 << Docker-Experimental: false
08:05:05.051 [main] DEBUG com.github.dockerjava.zerodep.shaded.org.apache.hc.client5.http.headers -- http-outgoing-2 << Ostype: linux
08:05:05.051 [main] DEBUG com.github.dockerjava.zerodep.shaded.org.apache.hc.client5.http.headers -- http-outgoing-2 << Server: Docker/27.5.1 (linux)
08:05:05.051 [main] DEBUG com.github.dockerjava.zerodep.shaded.org.apache.hc.client5.http.impl.classic.MainClientExec -- ex-00000027: connection can be kept alive for 3 MINUTES
08:05:05.051 [main] DEBUG com.github.dockerjava.zerodep.shaded.org.apache.hc.client5.http.impl.classic.InternalHttpClient -- ep-00000026: releasing valid endpoint
08:05:05.051 [main] DEBUG com.github.dockerjava.zerodep.shaded.org.apache.hc.client5.http.impl.io.PoolingHttpClientConnectionManager -- ep-00000026: releasing endpoint
08:05:05.051 [main] DEBUG com.github.dockerjava.zerodep.shaded.org.apache.hc.client5.http.impl.io.PoolingHttpClientConnectionManager -- ep-00000026: connection http-outgoing-2 can be kept alive for 3 MINUTES
08:05:05.052 [main] DEBUG com.github.dockerjava.zerodep.shaded.org.apache.hc.client5.http.impl.io.PoolingHttpClientConnectionManager -- ep-00000026: connection released [route: {}->npipe://localhost:2375][total available: 1; route allocated: 1 of 2147483647; total allocated: 1 of 2147483647]
08:05:05.052 [main] DEBUG org.testcontainers.utility.ResourceReaper -- Removed container and associated volume(s): selenium/standalone-chrome:4.20.0
]]></system-out>
    <system-err><![CDATA[may 02, 2025 8:04:56 A. M. org.openqa.selenium.remote.tracing.opentelemetry.OpenTelemetryTracer createTracer
INFORMACIÓN: Using OpenTelemetry for tracing
]]></system-err>
  </testcase>
</testsuite>